<?xml version="1.0" encoding="UTF-8" ?>
<testsuite errors="0" failures="0" hostname="travis-job-ac1b6965-ae57-4686-a1b6-a29fef3b2846" name="ptolemy.domains.de.test.junit.JUnitTclTest" skipped="0" tests="101" time="125.112" timestamp="2018-12-26T03:07:47">
  <properties>
[...]
</properties>
  <testcase classname="ptolemy.util.test.junit.TclTests" name="[0] /home/travis/build/icyphy/ptII/ptolemy/domains/de/test/DependencyLoop.tcl (RunTclFile)" time="0.668" />
  <testcase classname="ptolemy.util.test.junit.TclTests" name="[1] /home/travis/build/icyphy/ptII/ptolemy/domains/de/test/RunDETestsAsQSS.tcl (RunTclFile)" time="85.672" />
  <testcase classname="ptolemy.util.test.junit.AutoKnownFailedTests" name="[0] /home/travis/build/icyphy/ptII/ptolemy/domains/de/test/auto/knownFailedTests/DESDFClockTest.xml (RunModel)" time="2.038" />
  <testcase classname="ptolemy.util.test.junit.AutoKnownFailedTests" name="[1] /home/travis/build/icyphy/ptII/ptolemy/domains/de/test/auto/knownFailedTests/DirectFeedback.xml (RunModel)" time="0.009" />
  <testcase classname="ptolemy.util.test.junit.AutoKnownFailedTests" name="[2] /home/travis/build/icyphy/ptII/ptolemy/domains/de/test/auto/knownFailedTests/FSMSource.xml (RunModel)" time="0.015" />
  <testcase classname="ptolemy.util.test.junit.AutoKnownFailedTests" name="[3] /home/travis/build/icyphy/ptII/ptolemy/domains/de/test/auto/knownFailedTests/HierarchicalModel.xml (RunModel)" time="0.044" />
  <testcase classname="ptolemy.util.test.junit.AutoKnownFailedTests" name="[4] /home/travis/build/icyphy/ptII/ptolemy/domains/de/test/auto/knownFailedTests/dependencyLoop.xml (RunModel)" time="0.034" />
  <testcase classname="ptolemy.util.test.junit.AutoKnownFailedTests" name="[5] /home/travis/build/icyphy/ptII/ptolemy/domains/de/test/auto/knownFailedTests/dependencyLoop2.xml (RunModel)" time="0.039" />
  <testcase classname="ptolemy.util.test.junit.AutoNameArchTests" name="[0] ThereAreNoAutoArchTests (RunModel)" time="0.0" />
  <testcase classname="ptolemy.util.test.junit.AutoTests" name="[0] /home/travis/build/icyphy/ptII/ptolemy/domains/de/test/auto/ActorDepthCalculation_actorWithoutPorts.xml (RunModel)" time="0.017" />
  <testcase classname="ptolemy.util.test.junit.AutoTests" name="[1] /home/travis/build/icyphy/ptII/ptolemy/domains/de/test/auto/AssemblyLine.xml (RunModel)" time="0.02" />
  <testcase classname="ptolemy.util.test.junit.AutoTests" name="[2] /home/travis/build/icyphy/ptII/ptolemy/domains/de/test/auto/CQBug1.xml (RunModel)" time="0.015" />
  <testcase classname="ptolemy.util.test.junit.AutoTests" name="[3] /home/travis/build/icyphy/ptII/ptolemy/domains/de/test/auto/CancelFireAt.xml (RunModel)" time="0.019" />
  <testcase classname="ptolemy.util.test.junit.AutoTests" name="[4] /home/travis/build/icyphy/ptII/ptolemy/domains/de/test/auto/CausalityAndComposabilityAnalysis.xml (RunModel)" time="0.017" />
  <testcase classname="ptolemy.util.test.junit.AutoTests" name="[5] /home/travis/build/icyphy/ptII/ptolemy/domains/de/test/auto/CausalityInterface1.xml (RunModel)" time="0.011" />
  <testcase classname="ptolemy.util.test.junit.AutoTests" name="[6] /home/travis/build/icyphy/ptII/ptolemy/domains/de/test/auto/CausalityInterface15.xml (RunModel)" time="0.011" />
  <testcase classname="ptolemy.util.test.junit.AutoTests" name="[7] /home/travis/build/icyphy/ptII/ptolemy/domains/de/test/auto/CausalityInterface2.xml (RunModel)" time="0.012" />
  <testcase classname="ptolemy.util.test.junit.AutoTests" name="[8] /home/travis/build/icyphy/ptII/ptolemy/domains/de/test/auto/CausalityInterface3.xml (RunModel)" time="0.01" />
  <testcase classname="ptolemy.util.test.junit.AutoTests" name="[9] /home/travis/build/icyphy/ptII/ptolemy/domains/de/test/auto/ClockDrift.xml (RunModel)" time="0.058" />
  <testcase classname="ptolemy.util.test.junit.AutoTests" name="[10] /home/travis/build/icyphy/ptII/ptolemy/domains/de/test/auto/ClockDriftAndValueChange.xml (RunModel)" time="0.035" />
  <testcase classname="ptolemy.util.test.junit.AutoTests" name="[11] /home/travis/build/icyphy/ptII/ptolemy/domains/de/test/auto/ClockDriftChange.xml (RunModel)" time="0.033" />
  <testcase classname="ptolemy.util.test.junit.AutoTests" name="[12] /home/travis/build/icyphy/ptII/ptolemy/domains/de/test/auto/ComposableCausalityAnalysis.xml (RunModel)" time="0.022" />
  <testcase classname="ptolemy.util.test.junit.AutoTests" name="[13] /home/travis/build/icyphy/ptII/ptolemy/domains/de/test/auto/DEFixedPointLimitation.xml (RunModel)" time="0.011" />
  <testcase classname="ptolemy.util.test.junit.AutoTests" name="[14] /home/travis/build/icyphy/ptII/ptolemy/domains/de/test/auto/DEScheduleTest.xml (RunModel)" time="0.038" />
  <testcase classname="ptolemy.util.test.junit.AutoTests" name="[15] /home/travis/build/icyphy/ptII/ptolemy/domains/de/test/auto/DEinDEwithStartTimes.xml (RunModel)" time="0.016" />
  <testcase classname="ptolemy.util.test.junit.AutoTests" name="[16] /home/travis/build/icyphy/ptII/ptolemy/domains/de/test/auto/DEinDEwithStartTimes2.xml (RunModel)" time="0.014" />
  <testcase classname="ptolemy.util.test.junit.AutoTests" name="[17] /home/travis/build/icyphy/ptII/ptolemy/domains/de/test/auto/DateDemo.xml (RunModel)" time="0.03" />
  <testcase classname="ptolemy.util.test.junit.AutoTests" name="[18] /home/travis/build/icyphy/ptII/ptolemy/domains/de/test/auto/DateToEvent.xml (RunModel)" time="2.043" />
  <testcase classname="ptolemy.util.test.junit.AutoTests" name="[19] /home/travis/build/icyphy/ptII/ptolemy/domains/de/test/auto/DepthTest1.xml (RunModel)" time="0.008" />
  <testcase classname="ptolemy.util.test.junit.AutoTests" name="[20] /home/travis/build/icyphy/ptII/ptolemy/domains/de/test/auto/DepthTest2.xml (RunModel)" time="0.018" />
  <testcase classname="ptolemy.util.test.junit.AutoTests" name="[21] /home/travis/build/icyphy/ptII/ptolemy/domains/de/test/auto/DepthTest3.xml (RunModel)" time="0.009" />
  <testcase classname="ptolemy.util.test.junit.AutoTests" name="[22] /home/travis/build/icyphy/ptII/ptolemy/domains/de/test/auto/DepthTest4.xml (RunModel)" time="0.014" />
  <testcase classname="ptolemy.util.test.junit.AutoTests" name="[23] /home/travis/build/icyphy/ptII/ptolemy/domains/de/test/auto/DepthTest5.xml (RunModel)" time="0.024" />
  <testcase classname="ptolemy.util.test.junit.AutoTests" name="[24] /home/travis/build/icyphy/ptII/ptolemy/domains/de/test/auto/DepthTest6.xml (RunModel)" time="0.016" />
  <testcase classname="ptolemy.util.test.junit.AutoTests" name="[25] /home/travis/build/icyphy/ptII/ptolemy/domains/de/test/auto/DepthTest7.xml (RunModel)" time="0.018" />
  <testcase classname="ptolemy.util.test.junit.AutoTests" name="[26] /home/travis/build/icyphy/ptII/ptolemy/domains/de/test/auto/EventToDate.xml (RunModel)" time="3.041" />
  <testcase classname="ptolemy.util.test.junit.AutoTests" name="[27] /home/travis/build/icyphy/ptII/ptolemy/domains/de/test/auto/FSM1.xml (RunModel)" time="0.037" />
  <testcase classname="ptolemy.util.test.junit.AutoTests" name="[28] /home/travis/build/icyphy/ptII/ptolemy/domains/de/test/auto/FSM7.xml (RunModel)" time="0.031" />
  <testcase classname="ptolemy.util.test.junit.AutoTests" name="[29] /home/travis/build/icyphy/ptII/ptolemy/domains/de/test/auto/Inspection.xml (RunModel)" time="0.039" />
  <testcase classname="ptolemy.util.test.junit.AutoTests" name="[30] /home/travis/build/icyphy/ptII/ptolemy/domains/de/test/auto/Iteration.xml (RunModel)" time="0.02" />
  <testcase classname="ptolemy.util.test.junit.AutoTests" name="[31] /home/travis/build/icyphy/ptII/ptolemy/domains/de/test/auto/LineFault.xml (RunModel)" time="0.448" />
  <testcase classname="ptolemy.util.test.junit.AutoTests" name="[32] /home/travis/build/icyphy/ptII/ptolemy/domains/de/test/auto/MergeModel1Add.xml (RunModel)" time="0.034" />
  <testcase classname="ptolemy.util.test.junit.AutoTests" name="[33] /home/travis/build/icyphy/ptII/ptolemy/domains/de/test/auto/MergeModel2Add.xml (RunModel)" time="0.028" />
  <testcase classname="ptolemy.util.test.junit.AutoTests" name="[34] /home/travis/build/icyphy/ptII/ptolemy/domains/de/test/auto/MergeModel3Add.xml (RunModel)" time="0.028" />
  <testcase classname="ptolemy.util.test.junit.AutoTests" name="[35] /home/travis/build/icyphy/ptII/ptolemy/domains/de/test/auto/MergeWithoutDiscard.xml (RunModel)" time="0.008" />
  <testcase classname="ptolemy.util.test.junit.AutoTests" name="[36] /home/travis/build/icyphy/ptII/ptolemy/domains/de/test/auto/Modal1.xml (RunModel)" time="0.022" />
  <testcase classname="ptolemy.util.test.junit.AutoTests" name="[37] /home/travis/build/icyphy/ptII/ptolemy/domains/de/test/auto/Modal2.xml (RunModel)" time="0.023" />
  <testcase classname="ptolemy.util.test.junit.AutoTests" name="[38] /home/travis/build/icyphy/ptII/ptolemy/domains/de/test/auto/Modal3.xml (RunModel)" time="0.023" />
  <testcase classname="ptolemy.util.test.junit.AutoTests" name="[39] /home/travis/build/icyphy/ptII/ptolemy/domains/de/test/auto/Modal4.xml (RunModel)" time="0.027" />
  <testcase classname="ptolemy.util.test.junit.AutoTests" name="[40] /home/travis/build/icyphy/ptII/ptolemy/domains/de/test/auto/Modal5.xml (RunModel)" time="0.022" />
  <testcase classname="ptolemy.util.test.junit.AutoTests" name="[41] /home/travis/build/icyphy/ptII/ptolemy/domains/de/test/auto/Modal6.xml (RunModel)" time="0.027" />
  <testcase classname="ptolemy.util.test.junit.AutoTests" name="[42] /home/travis/build/icyphy/ptII/ptolemy/domains/de/test/auto/Modal7.xml (RunModel)" time="0.023" />
  <testcase classname="ptolemy.util.test.junit.AutoTests" name="[43] /home/travis/build/icyphy/ptII/ptolemy/domains/de/test/auto/ModalModel.xml (RunModel)" time="0.12" />
  <testcase classname="ptolemy.util.test.junit.AutoTests" name="[44] /home/travis/build/icyphy/ptII/ptolemy/domains/de/test/auto/ModalSource.xml (RunModel)" time="0.015" />
  <testcase classname="ptolemy.util.test.junit.AutoTests" name="[45] /home/travis/build/icyphy/ptII/ptolemy/domains/de/test/auto/NonInterruptibleTimerZeroDelay.xml (RunModel)" time="0.009" />
  <testcase classname="ptolemy.util.test.junit.AutoTests" name="[46] /home/travis/build/icyphy/ptII/ptolemy/domains/de/test/auto/OpenQueueingNetwork.xml (RunModel)" time="1.903" />
  <testcase classname="ptolemy.util.test.junit.AutoTests" name="[47] /home/travis/build/icyphy/ptII/ptolemy/domains/de/test/auto/OpenQueuingNetwork.xml (RunModel)" time="0.262" />
  <testcase classname="ptolemy.util.test.junit.AutoTests" name="[48] /home/travis/build/icyphy/ptII/ptolemy/domains/de/test/auto/PeriodicSampler.xml (RunModel)" time="0.007" />
  <testcase classname="ptolemy.util.test.junit.AutoTests" name="[49] /home/travis/build/icyphy/ptII/ptolemy/domains/de/test/auto/PersistentIO.xml (RunModel)" time="0.016" />
  <testcase classname="ptolemy.util.test.junit.AutoTests" name="[50] /home/travis/build/icyphy/ptII/ptolemy/domains/de/test/auto/PortParameterResetOnInitialize.xml (RunModel)" time="0.008" />
  <testcase classname="ptolemy.util.test.junit.AutoTests" name="[51] /home/travis/build/icyphy/ptII/ptolemy/domains/de/test/auto/PortParameterUpdates.xml (RunModel)" time="0.012" />
  <testcase classname="ptolemy.util.test.junit.AutoTests" name="[52] /home/travis/build/icyphy/ptII/ptolemy/domains/de/test/auto/QueueAndServer.xml (RunModel)" time="0.017" />
  <testcase classname="ptolemy.util.test.junit.AutoTests" name="[53] /home/travis/build/icyphy/ptII/ptolemy/domains/de/test/auto/Records.xml (RunModel)" time="0.02" />
  <testcase classname="ptolemy.util.test.junit.AutoTests" name="[54] /home/travis/build/icyphy/ptII/ptolemy/domains/de/test/auto/ResetTransitionWithStartTime1.xml (RunModel)" time="0.016" />
  <testcase classname="ptolemy.util.test.junit.AutoTests" name="[55] /home/travis/build/icyphy/ptII/ptolemy/domains/de/test/auto/ResetTransitionWithStartTime2.xml (RunModel)" time="0.016" />
  <testcase classname="ptolemy.util.test.junit.AutoTests" name="[56] /home/travis/build/icyphy/ptII/ptolemy/domains/de/test/auto/ResetTransitionWithStartTime3.xml (RunModel)" time="0.018" />
  <testcase classname="ptolemy.util.test.junit.AutoTests" name="[57] /home/travis/build/icyphy/ptII/ptolemy/domains/de/test/auto/ResetTransitionWithStartTime4.xml (RunModel)" time="0.018" />
  <testcase classname="ptolemy.util.test.junit.AutoTests" name="[58] /home/travis/build/icyphy/ptII/ptolemy/domains/de/test/auto/ResettableTimer1.xml (RunModel)" time="0.009" />
  <testcase classname="ptolemy.util.test.junit.AutoTests" name="[59] /home/travis/build/icyphy/ptII/ptolemy/domains/de/test/auto/ResettableTimer2.xml (RunModel)" time="0.008" />
  <testcase classname="ptolemy.util.test.junit.AutoTests" name="[60] /home/travis/build/icyphy/ptII/ptolemy/domains/de/test/auto/ResettableTimer3.xml (RunModel)" time="0.008" />
  <testcase classname="ptolemy.util.test.junit.AutoTests" name="[61] /home/travis/build/icyphy/ptII/ptolemy/domains/de/test/auto/ResettableTimer4.xml (RunModel)" time="0.009" />
  <testcase classname="ptolemy.util.test.junit.AutoTests" name="[62] /home/travis/build/icyphy/ptII/ptolemy/domains/de/test/auto/ResettableTimer5.xml (RunModel)" time="0.008" />
  <testcase classname="ptolemy.util.test.junit.AutoTests" name="[63] /home/travis/build/icyphy/ptII/ptolemy/domains/de/test/auto/ResettableTimer6.xml (RunModel)" time="0.017" />
  <testcase classname="ptolemy.util.test.junit.AutoTests" name="[64] /home/travis/build/icyphy/ptII/ptolemy/domains/de/test/auto/ServerZeroDelay.xml (RunModel)" time="0.011" />
  <testcase classname="ptolemy.util.test.junit.AutoTests" name="[65] /home/travis/build/icyphy/ptII/ptolemy/domains/de/test/auto/SmartSender.xml (RunModel)" time="3.01" />
  <testcase classname="ptolemy.util.test.junit.AutoTests" name="[66] /home/travis/build/icyphy/ptII/ptolemy/domains/de/test/auto/ThreadedComposite.xml (RunModel)" time="0.32" />
  <testcase classname="ptolemy.util.test.junit.AutoTests" name="[67] /home/travis/build/icyphy/ptII/ptolemy/domains/de/test/auto/Time.xml (RunModel)" time="0.418" />
  <testcase classname="ptolemy.util.test.junit.AutoTests" name="[68] /home/travis/build/icyphy/ptII/ptolemy/domains/de/test/auto/TimeDelayZeroDelay.xml (RunModel)" time="0.014" />
  <testcase classname="ptolemy.util.test.junit.AutoTests" name="[69] /home/travis/build/icyphy/ptII/ptolemy/domains/de/test/auto/TimerZeroDelay.xml (RunModel)" time="0.009" />
  <testcase classname="ptolemy.util.test.junit.AutoTests" name="[70] /home/travis/build/icyphy/ptII/ptolemy/domains/de/test/auto/TimingParadox.xml (RunModel)" time="0.322" />
  <testcase classname="ptolemy.util.test.junit.AutoTests" name="[71] /home/travis/build/icyphy/ptII/ptolemy/domains/de/test/auto/TransferInputs.xml (RunModel)" time="0.009" />
  <testcase classname="ptolemy.util.test.junit.AutoTests" name="[72] /home/travis/build/icyphy/ptII/ptolemy/domains/de/test/auto/TransferOutputs2.xml (RunModel)" time="0.024" />
  <testcase classname="ptolemy.util.test.junit.AutoTests" name="[73] /home/travis/build/icyphy/ptII/ptolemy/domains/de/test/auto/Trilateration.xml (RunModel)" time="11.051" />
  <testcase classname="ptolemy.util.test.junit.AutoTests" name="[74] /home/travis/build/icyphy/ptII/ptolemy/domains/de/test/auto/TwoSigmaDelta.xml (RunModel)" time="1.988" />
  <testcase classname="ptolemy.util.test.junit.AutoTests" name="[75] /home/travis/build/icyphy/ptII/ptolemy/domains/de/test/auto/VariableDelay.xml (RunModel)" time="0.008" />
  <testcase classname="ptolemy.util.test.junit.AutoTests" name="[76] /home/travis/build/icyphy/ptII/ptolemy/domains/de/test/auto/VariableDelay2.xml (RunModel)" time="0.006" />
  <testcase classname="ptolemy.util.test.junit.AutoTests" name="[77] /home/travis/build/icyphy/ptII/ptolemy/domains/de/test/auto/VariableDelayZeroDelay.xml (RunModel)" time="0.009" />
  <testcase classname="ptolemy.util.test.junit.AutoTests" name="[78] /home/travis/build/icyphy/ptII/ptolemy/domains/de/test/auto/VariableDelayZeroDelay2.xml (RunModel)" time="0.016" />
  <testcase classname="ptolemy.util.test.junit.AutoTests" name="[79] /home/travis/build/icyphy/ptII/ptolemy/domains/de/test/auto/deInCt.xml (RunModel)" time="0.018" />
  <testcase classname="ptolemy.util.test.junit.AutoTests" name="[80] /home/travis/build/icyphy/ptII/ptolemy/domains/de/test/auto/deInCt2.xml (RunModel)" time="0.018" />
  <testcase classname="ptolemy.util.test.junit.AutoTests" name="[81] /home/travis/build/icyphy/ptII/ptolemy/domains/de/test/auto/dynamicCausalityInterface1.xml (RunModel)" time="0.016" />
  <testcase classname="ptolemy.util.test.junit.AutoTests" name="[82] /home/travis/build/icyphy/ptII/ptolemy/domains/de/test/auto/fsm_de_test.xml (RunModel)" time="0.019" />
  <testcase classname="ptolemy.util.test.junit.AutoTests" name="[83] /home/travis/build/icyphy/ptII/ptolemy/domains/de/test/auto/functionDependencyReconstruction.xml (RunModel)" time="0.028" />
  <testcase classname="ptolemy.util.test.junit.AutoTests" name="[84] /home/travis/build/icyphy/ptII/ptolemy/domains/de/test/auto/multirate.xml (RunModel)" time="0.017" />
  <testcase classname="ptolemy.util.test.junit.AutoTests" name="[85] /home/travis/build/icyphy/ptII/ptolemy/domains/de/test/auto/multirate2.xml (RunModel)" time="0.013" />
  <testcase classname="ptolemy.util.test.junit.AutoTests" name="[86] /home/travis/build/icyphy/ptII/ptolemy/domains/de/test/auto/realtime.xml (RunModel)" time="10.009" />
  <testcase classname="ptolemy.util.test.junit.AutoTests" name="[87] /home/travis/build/icyphy/ptII/ptolemy/domains/de/test/auto/relationGroup.xml (RunModel)" time="0.009" />
  <testcase classname="ptolemy.util.test.junit.AutoTests" name="[88] /home/travis/build/icyphy/ptII/ptolemy/domains/de/test/auto/relationGroup2.xml (RunModel)" time="0.007" />
  <testcase classname="ptolemy.util.test.junit.AutoTests" name="[89] /home/travis/build/icyphy/ptII/ptolemy/domains/de/test/auto/sortWithOpaquePorts.xml (RunModel)" time="0.009" />
  <testcase classname="ptolemy.util.test.junit.AutoTests" name="[90] /home/travis/build/icyphy/ptII/ptolemy/domains/de/test/auto/transferInputsandOutputs.xml (RunModel)" time="0.014" />
  <testcase classname="ptolemy.util.test.junit.AutoTests" name="[91] /home/travis/build/icyphy/ptII/ptolemy/domains/de/test/auto/triggerType.xml (RunModel)" time="0.01" />
  <system-out><![CDATA[/home/travis/build/icyphy/ptII/ptolemy/domains/de/test/DependencyLoop.tcl
testDefs.tcl: setting time out to 9000 seconds at Wed Dec 26 03:07:47 UTC 2018
13 ms. Memory: 116224K Free: 93400K (80%)
6 ms. Memory: 146944K Free: 135455K (92%)
/home/travis/build/icyphy/ptII/ptolemy/domains/de/test/RunDETestsAsQSS.tcl
Run the DE tests using ptolemy.domains.qss.test.QSSDirectorTest, which extends QSSDirector and prints a message in the constructors.
------------------ testing $PTII/ptolemy/domains/de/test/auto/knownFailedTests/dependencyLoop.xml (Known Failure) 
14 ms. Memory: 146944K Free: 132343K (90%)


==== $PTIIhome/travis/build/icyphy/ptII/ptolemy/domains/de/test/../../../../: Auto Automatic test in file $PTII/ptolemy/domains/de/test/auto/knownFailedTests/dependencyLoop.xml
==== Contents of test case:

	    # FIXME: we should use $relativeFilename here, but it
	    # might have backslashes under Windows, which causes no end
	    # of trouble.
	    createAndExecute $file
	    list {}
	
.... Test generated KNOWN error:
    while executing
ptolemy.kernel.util.IllegalActionException: Found a zero delay loop containing .dependencyLoop.original
  in .dependencyLoop and .dependencyLoop.original
	at ptolemy.actor.util.CausalityInterfaceForComposites._computeOutputPortDepth(CausalityInterfaceForComposites.java:759)
	at ptolemy.actor.util.CausalityInterfaceForComposites._computeInputDepth(CausalityInterfaceForComposites.java:696)
	at ptolemy.actor.util.CausalityInterfaceForComposites._computeOutputPortDepth(CausalityInterfaceForComposites.java:765)
	at ptolemy.actor.util.CausalityInterfaceForComposites._computeInputDepth(CausalityInterfaceForComposites.java:696)
	at ptolemy.actor.util.CausalityInterfaceForComposites._computeOutputPortDepth(CausalityInterfaceForComposites.java:765)
	at ptolemy.actor.util.CausalityInterfaceForComposites._computeInputDepth(CausalityInterfaceForComposites.java:696)
	at ptolemy.actor.util.CausalityInterfaceForComposites._computeActorDepth(CausalityInterfaceForComposites.java:532)
	at ptolemy.actor.util.CausalityInterfaceForComposites.checkForCycles(CausalityInterfaceForComposites.java:96)
	at ptolemy.domains.de.kernel.DEDirector.preinitialize(DEDirector.java:1338)
	at ptolemy.actor.CompositeActor.preinitialize(CompositeActor.java:1828)
	at ptolemy.actor.Manager.preinitializeAndResolveTypes(Manager.java:1040)
	at ptolemy.actor.Manager.initialize(Manager.java:710)
	at ptolemy.actor.Manager.execute(Manager.java:356)
	at ptolemy.actor.Manager.run(Manager.java:1263)
	at ptolemy.actor.Manager$PtolemyRunThread.run(Manager.java:1915)

    while executing
ptolemy.kernel.util.IllegalActionException: Found a zero delay loop containing .dependencyLoop.original
  in .dependencyLoop and .dependencyLoop.original
    while executing
"java::new ptolemy.moml.MoMLSimpleApplication $file
"
    (procedure "createAndExecute" line 2)
    invoked from within
"createAndExecute $file"
    ("uplevel" body line 5)
    invoked from within
"uplevel $contents_of_test"
------------------ testing $PTII/ptolemy/domains/de/test/auto/knownFailedTests/DESDFClockTest.xml (Known Failure) 
2054 ms. Memory: 146944K Free: 116555K (79%)


==== $PTIIhome/travis/build/icyphy/ptII/ptolemy/domains/de/test/../../../../: Auto Automatic test in file $PTII/ptolemy/domains/de/test/auto/knownFailedTests/DESDFClockTest.xml
==== Contents of test case:

	    # FIXME: we should use $relativeFilename here, but it
	    # might have backslashes under Windows, which causes no end
	    # of trouble.
	    createAndExecute $file
	    list {}
	
.... Test generated KNOWN error:
    while executing
ptolemy.kernel.util.IllegalActionException: Actor is not ready to fire.  Perhaps UpSample.prefire() returned false? Try debugging the actor by selecting "Listen to Actor".  Also, for SDF check moml for tokenConsumptionRate on input.
  in .DESDFClockTest.Play Bell.Copy1:SDF Director and .DESDFClockTest.Play Bell.UpSample
	at ptolemy.actor.sched.StaticSchedulingDirector.fire(StaticSchedulingDirector.java:227)
	at ptolemy.domains.sdf.kernel.SDFDirector.fire(SDFDirector.java:500)
	at ptolemy.actor.CompositeActor.fire(CompositeActor.java:455)
	at ptolemy.domains.de.kernel.DEDirector._fire(DEDirector.java:1949)
	at ptolemy.domains.de.kernel.DEDirector.fire(DEDirector.java:502)
	at ptolemy.actor.CompositeActor.fire(CompositeActor.java:455)
	at ptolemy.actor.Manager.iterate(Manager.java:851)
	at ptolemy.actor.Manager.execute(Manager.java:369)
	at ptolemy.actor.Manager.run(Manager.java:1263)
	at ptolemy.actor.Manager$PtolemyRunThread.run(Manager.java:1915)

    while executing
ptolemy.kernel.util.IllegalActionException: Actor is not ready to fire.  Perhaps UpSample.prefire() returned false? Try debugging the actor by selecting "Listen to Actor".  Also, for SDF check moml for tokenConsumptionRate on input.
  in .DESDFClockTest.Play Bell.Copy1:SDF Director and .DESDFClockTest.Play Bell.UpSample
    while executing
"java::new ptolemy.moml.MoMLSimpleApplication $file
"
    (procedure "createAndExecute" line 2)
    invoked from within
"createAndExecute $file"
    ("uplevel" body line 5)
    invoked from within
"uplevel $contents_of_test"
------------------ testing $PTII/ptolemy/domains/de/test/auto/knownFailedTests/FSMSource.xml (Known Failure) 
23 ms. Memory: 146944K Free: 107570K (73%)
!!!! Auto was marked as failing, but now passes
------------------ testing $PTII/ptolemy/domains/de/test/auto/knownFailedTests/dependencyLoop2.xml (Known Failure) 
5 ms. Memory: 146944K Free: 105687K (72%)


==== $PTIIhome/travis/build/icyphy/ptII/ptolemy/domains/de/test/../../../../: Auto Automatic test in file $PTII/ptolemy/domains/de/test/auto/knownFailedTests/dependencyLoop2.xml
==== Contents of test case:

	    # FIXME: we should use $relativeFilename here, but it
	    # might have backslashes under Windows, which causes no end
	    # of trouble.
	    createAndExecute $file
	    list {}
	
.... Test generated KNOWN error:
    while executing
ptolemy.kernel.util.IllegalActionException: Found a zero delay loop containing .dependencyLoop2.original
  in .dependencyLoop2 and .dependencyLoop2.original
	at ptolemy.actor.util.CausalityInterfaceForComposites._computeOutputPortDepth(CausalityInterfaceForComposites.java:759)
	at ptolemy.actor.util.CausalityInterfaceForComposites._computeInputDepth(CausalityInterfaceForComposites.java:696)
	at ptolemy.actor.util.CausalityInterfaceForComposites._computeOutputPortDepth(CausalityInterfaceForComposites.java:765)
	at ptolemy.actor.util.CausalityInterfaceForComposites._computeInputDepth(CausalityInterfaceForComposites.java:696)
	at ptolemy.actor.util.CausalityInterfaceForComposites._computeOutputPortDepth(CausalityInterfaceForComposites.java:765)
	at ptolemy.actor.util.CausalityInterfaceForComposites._computeInputDepth(CausalityInterfaceForComposites.java:696)
	at ptolemy.actor.util.CausalityInterfaceForComposites._computeActorDepth(CausalityInterfaceForComposites.java:532)
	at ptolemy.actor.util.CausalityInterfaceForComposites.checkForCycles(CausalityInterfaceForComposites.java:96)
	at ptolemy.domains.de.kernel.DEDirector.preinitialize(DEDirector.java:1338)
	at ptolemy.actor.CompositeActor.preinitialize(CompositeActor.java:1828)
	at ptolemy.actor.Manager.preinitializeAndResolveTypes(Manager.java:1040)
	at ptolemy.actor.Manager.initialize(Manager.java:710)
	at ptolemy.actor.Manager.execute(Manager.java:356)
	at ptolemy.actor.Manager.run(Manager.java:1263)
	at ptolemy.actor.Manager$PtolemyRunThread.run(Manager.java:1915)

    while executing
ptolemy.kernel.util.IllegalActionException: Found a zero delay loop containing .dependencyLoop2.original
  in .dependencyLoop2 and .dependencyLoop2.original
    while executing
"java::new ptolemy.moml.MoMLSimpleApplication $file
"
    (procedure "createAndExecute" line 2)
    invoked from within
"createAndExecute $file"
    ("uplevel" body line 5)
    invoked from within
"uplevel $contents_of_test"
------------------ testing $PTII/ptolemy/domains/de/test/auto/knownFailedTests/HierarchicalModel.xml (Known Failure) 
13 ms. Memory: 146944K Free: 85093K (58%)


==== $PTIIhome/travis/build/icyphy/ptII/ptolemy/domains/de/test/../../../../: Auto Automatic test in file $PTII/ptolemy/domains/de/test/auto/knownFailedTests/HierarchicalModel.xml
==== Contents of test case:

	    # FIXME: we should use $relativeFilename here, but it
	    # might have backslashes under Windows, which causes no end
	    # of trouble.
	    createAndExecute $file
	    list {}
	
.... Test generated KNOWN error:
    while executing
ptolemy.kernel.util.IllegalActionException: Found a zero delay loop containing .HierarchicalModel.A
  in .HierarchicalModel and .HierarchicalModel.A
	at ptolemy.actor.util.CausalityInterfaceForComposites._computeOutputPortDepth(CausalityInterfaceForComposites.java:759)
	at ptolemy.actor.util.CausalityInterfaceForComposites._computeInputDepth(CausalityInterfaceForComposites.java:696)
	at ptolemy.actor.util.CausalityInterfaceForComposites._computeOutputPortDepth(CausalityInterfaceForComposites.java:765)
	at ptolemy.actor.util.CausalityInterfaceForComposites._computeInputDepth(CausalityInterfaceForComposites.java:696)
	at ptolemy.actor.util.CausalityInterfaceForComposites._computeOutputPortDepth(CausalityInterfaceForComposites.java:765)
	at ptolemy.actor.util.CausalityInterfaceForComposites._computeInputDepth(CausalityInterfaceForComposites.java:696)
	at ptolemy.actor.util.CausalityInterfaceForComposites._computeActorDepth(CausalityInterfaceForComposites.java:532)
	at ptolemy.actor.util.CausalityInterfaceForComposites.checkForCycles(CausalityInterfaceForComposites.java:96)
	at ptolemy.domains.de.kernel.DEDirector.preinitialize(DEDirector.java:1338)
	at ptolemy.actor.CompositeActor.preinitialize(CompositeActor.java:1828)
	at ptolemy.actor.Manager.preinitializeAndResolveTypes(Manager.java:1040)
	at ptolemy.actor.Manager.initialize(Manager.java:710)
	at ptolemy.actor.Manager.execute(Manager.java:356)
	at ptolemy.actor.Manager.run(Manager.java:1263)
	at ptolemy.actor.Manager$PtolemyRunThread.run(Manager.java:1915)

    while executing
ptolemy.kernel.util.IllegalActionException: Found a zero delay loop containing .HierarchicalModel.A
  in .HierarchicalModel and .HierarchicalModel.A
    while executing
"java::new ptolemy.moml.MoMLSimpleApplication $file
"
    (procedure "createAndExecute" line 2)
    invoked from within
"createAndExecute $file"
    ("uplevel" body line 5)
    invoked from within
"uplevel $contents_of_test"
------------------ testing $PTII/ptolemy/domains/de/test/auto/knownFailedTests/DirectFeedback.xml (Known Failure) 
7 ms. Memory: 146944K Free: 141390K (96%)


==== $PTIIhome/travis/build/icyphy/ptII/ptolemy/domains/de/test/../../../../: Auto Automatic test in file $PTII/ptolemy/domains/de/test/auto/knownFailedTests/DirectFeedback.xml
==== Contents of test case:

	    # FIXME: we should use $relativeFilename here, but it
	    # might have backslashes under Windows, which causes no end
	    # of trouble.
	    createAndExecute $file
	    list {}
	
.... Test generated KNOWN error:
    while executing
ptolemy.kernel.util.IllegalActionException: Test fails in iteration 1.
Value was: 1.0. Should have been: 2.0
  in .DirectFeedback.Test
	at ptolemy.actor.lib.Test.fire(Test.java:268)
	at ptolemy.domains.de.kernel.DEDirector._fire(DEDirector.java:1949)
	at ptolemy.domains.de.kernel.DEDirector.fire(DEDirector.java:502)
	at ptolemy.actor.CompositeActor.fire(CompositeActor.java:455)
	at ptolemy.actor.Manager.iterate(Manager.java:851)
	at ptolemy.actor.Manager.execute(Manager.java:369)
	at ptolemy.actor.Manager.run(Manager.java:1263)
	at ptolemy.actor.Manager$PtolemyRunThread.run(Manager.java:1915)

    while executing
ptolemy.kernel.util.IllegalActionException: Test fails in iteration 1.
Value was: 1.0. Should have been: 2.0
  in .DirectFeedback.Test
    while executing
"java::new ptolemy.moml.MoMLSimpleApplication $file
"
    (procedure "createAndExecute" line 2)
    invoked from within
"createAndExecute $file"
    ("uplevel" body line 5)
    invoked from within
"uplevel $contents_of_test"
------------------ testing $PTII/ptolemy/domains/de/test/auto/ActorDepthCalculation_actorWithoutPorts.xml
auto.tcl: Setting watchdog for 200 seconds at Wed Dec 26 03:07:50 UTC 2018
5 ms. Memory: 146944K Free: 132450K (90%)
ptolemy.util.test.WatchDog.cancel(): canceling Wed Dec 26 03:07:50 UTC 2018
auto.tcl: Setting watchdog for 200 seconds at Wed Dec 26 03:07:50 UTC 2018
4 ms. Memory: 146944K Free: 131412K (89%)
ptolemy.util.test.WatchDog.cancel(): canceling Wed Dec 26 03:07:50 UTC 2018
------------------ testing $PTII/ptolemy/domains/de/test/auto/AssemblyLine.xml
auto.tcl: Setting watchdog for 200 seconds at Wed Dec 26 03:07:51 UTC 2018
15 ms. Memory: 208384K Free: 186372K (89%)
ptolemy.util.test.WatchDog.cancel(): canceling Wed Dec 26 03:07:51 UTC 2018
auto.tcl: Setting watchdog for 200 seconds at Wed Dec 26 03:07:51 UTC 2018
6 ms. Memory: 208384K Free: 186372K (89%)
ptolemy.util.test.WatchDog.cancel(): canceling Wed Dec 26 03:07:51 UTC 2018
------------------ testing $PTII/ptolemy/domains/de/test/auto/CQBug1.xml
auto.tcl: Setting watchdog for 200 seconds at Wed Dec 26 03:07:51 UTC 2018
3 ms. Memory: 208384K Free: 197733K (95%)
ptolemy.util.test.WatchDog.cancel(): canceling Wed Dec 26 03:07:51 UTC 2018
auto.tcl: Setting watchdog for 200 seconds at Wed Dec 26 03:07:51 UTC 2018
2 ms. Memory: 208384K Free: 197733K (95%)
ptolemy.util.test.WatchDog.cancel(): canceling Wed Dec 26 03:07:51 UTC 2018
------------------ testing $PTII/ptolemy/domains/de/test/auto/CancelFireAt.xml
auto.tcl: Setting watchdog for 200 seconds at Wed Dec 26 03:07:51 UTC 2018
3 ms. Memory: 208384K Free: 201439K (97%)
ptolemy.util.test.WatchDog.cancel(): canceling Wed Dec 26 03:07:51 UTC 2018
auto.tcl: Setting watchdog for 200 seconds at Wed Dec 26 03:07:51 UTC 2018
5 ms. Memory: 208384K Free: 199353K (96%)
ptolemy.util.test.WatchDog.cancel(): canceling Wed Dec 26 03:07:51 UTC 2018
------------------ testing $PTII/ptolemy/domains/de/test/auto/CausalityAndComposabilityAnalysis.xml
auto.tcl: Setting watchdog for 200 seconds at Wed Dec 26 03:07:51 UTC 2018
8 ms. Memory: 208384K Free: 196867K (94%)
ptolemy.util.test.WatchDog.cancel(): canceling Wed Dec 26 03:07:51 UTC 2018
auto.tcl: Setting watchdog for 200 seconds at Wed Dec 26 03:07:51 UTC 2018
10 ms. Memory: 208384K Free: 196867K (94%)
ptolemy.util.test.WatchDog.cancel(): canceling Wed Dec 26 03:07:51 UTC 2018
------------------ testing $PTII/ptolemy/domains/de/test/auto/CausalityInterface1.xml
auto.tcl: Setting watchdog for 200 seconds at Wed Dec 26 03:07:51 UTC 2018
23 ms. Memory: 208384K Free: 196467K (94%)
ptolemy.util.test.WatchDog.cancel(): canceling Wed Dec 26 03:07:51 UTC 2018
auto.tcl: Setting watchdog for 200 seconds at Wed Dec 26 03:07:51 UTC 2018
4 ms. Memory: 208384K Free: 196467K (94%)
ptolemy.util.test.WatchDog.cancel(): canceling Wed Dec 26 03:07:51 UTC 2018
------------------ testing $PTII/ptolemy/domains/de/test/auto/CausalityInterface15.xml
auto.tcl: Setting watchdog for 200 seconds at Wed Dec 26 03:07:51 UTC 2018
14 ms. Memory: 208384K Free: 196459K (94%)
ptolemy.util.test.WatchDog.cancel(): canceling Wed Dec 26 03:07:51 UTC 2018
auto.tcl: Setting watchdog for 200 seconds at Wed Dec 26 03:07:51 UTC 2018
8 ms. Memory: 208384K Free: 194373K (93%)
ptolemy.util.test.WatchDog.cancel(): canceling Wed Dec 26 03:07:51 UTC 2018
------------------ testing $PTII/ptolemy/domains/de/test/auto/CausalityInterface2.xml
auto.tcl: Setting watchdog for 200 seconds at Wed Dec 26 03:07:51 UTC 2018
3 ms. Memory: 208384K Free: 196442K (94%)
ptolemy.util.test.WatchDog.cancel(): canceling Wed Dec 26 03:07:51 UTC 2018
auto.tcl: Setting watchdog for 200 seconds at Wed Dec 26 03:07:51 UTC 2018
7 ms. Memory: 208384K Free: 196442K (94%)
ptolemy.util.test.WatchDog.cancel(): canceling Wed Dec 26 03:07:51 UTC 2018
------------------ testing $PTII/ptolemy/domains/de/test/auto/CausalityInterface3.xml
auto.tcl: Setting watchdog for 200 seconds at Wed Dec 26 03:07:51 UTC 2018
7 ms. Memory: 208384K Free: 196455K (94%)
ptolemy.util.test.WatchDog.cancel(): canceling Wed Dec 26 03:07:52 UTC 2018
auto.tcl: Setting watchdog for 200 seconds at Wed Dec 26 03:07:52 UTC 2018
4 ms. Memory: 208384K Free: 196455K (94%)
ptolemy.util.test.WatchDog.cancel(): canceling Wed Dec 26 03:07:52 UTC 2018
------------------ testing $PTII/ptolemy/domains/de/test/auto/ClockDrift.xml
auto.tcl: Setting watchdog for 200 seconds at Wed Dec 26 03:07:52 UTC 2018
91 ms. Memory: 208384K Free: 187731K (90%)
ptolemy.util.test.WatchDog.cancel(): canceling Wed Dec 26 03:07:52 UTC 2018
auto.tcl: Setting watchdog for 200 seconds at Wed Dec 26 03:07:52 UTC 2018
49 ms. Memory: 208384K Free: 185646K (89%)
ptolemy.util.test.WatchDog.cancel(): canceling Wed Dec 26 03:07:52 UTC 2018
------------------ testing $PTII/ptolemy/domains/de/test/auto/ClockDriftAndValueChange.xml
auto.tcl: Setting watchdog for 200 seconds at Wed Dec 26 03:07:52 UTC 2018
55 ms. Memory: 208384K Free: 187566K (90%)
ptolemy.util.test.WatchDog.cancel(): canceling Wed Dec 26 03:07:52 UTC 2018
auto.tcl: Setting watchdog for 200 seconds at Wed Dec 26 03:07:52 UTC 2018
31 ms. Memory: 208384K Free: 185480K (89%)
ptolemy.util.test.WatchDog.cancel(): canceling Wed Dec 26 03:07:52 UTC 2018
------------------ testing $PTII/ptolemy/domains/de/test/auto/ClockDriftChange.xml
auto.tcl: Setting watchdog for 200 seconds at Wed Dec 26 03:07:52 UTC 2018
44 ms. Memory: 208384K Free: 190872K (92%)
ptolemy.util.test.WatchDog.cancel(): canceling Wed Dec 26 03:07:52 UTC 2018
auto.tcl: Setting watchdog for 200 seconds at Wed Dec 26 03:07:52 UTC 2018
26 ms. Memory: 208384K Free: 188787K (91%)
ptolemy.util.test.WatchDog.cancel(): canceling Wed Dec 26 03:07:52 UTC 2018
------------------ testing $PTII/ptolemy/domains/de/test/auto/ComposableCausalityAnalysis.xml
auto.tcl: Setting watchdog for 200 seconds at Wed Dec 26 03:07:52 UTC 2018
2 ms. Memory: 208384K Free: 196308K (94%)
ptolemy.util.test.WatchDog.cancel(): canceling Wed Dec 26 03:07:52 UTC 2018
auto.tcl: Setting watchdog for 200 seconds at Wed Dec 26 03:07:52 UTC 2018
2 ms. Memory: 208384K Free: 194223K (93%)
ptolemy.util.test.WatchDog.cancel(): canceling Wed Dec 26 03:07:52 UTC 2018
------------------ testing $PTII/ptolemy/domains/de/test/auto/DEFixedPointLimitation.xml
auto.tcl: Setting watchdog for 200 seconds at Wed Dec 26 03:07:52 UTC 2018
1 ms. Memory: 208384K Free: 196389K (94%)
ptolemy.util.test.WatchDog.cancel(): canceling Wed Dec 26 03:07:52 UTC 2018
auto.tcl: Setting watchdog for 200 seconds at Wed Dec 26 03:07:52 UTC 2018
1 ms. Memory: 208384K Free: 196389K (94%)
ptolemy.util.test.WatchDog.cancel(): canceling Wed Dec 26 03:07:52 UTC 2018
------------------ testing $PTII/ptolemy/domains/de/test/auto/DEScheduleTest.xml
auto.tcl: Setting watchdog for 200 seconds at Wed Dec 26 03:07:52 UTC 2018
3 ms. Memory: 208384K Free: 198509K (95%)
ptolemy.util.test.WatchDog.cancel(): canceling Wed Dec 26 03:07:52 UTC 2018
auto.tcl: Setting watchdog for 200 seconds at Wed Dec 26 03:07:52 UTC 2018
4 ms. Memory: 208384K Free: 196424K (94%)
ptolemy.util.test.WatchDog.cancel(): canceling Wed Dec 26 03:07:52 UTC 2018
------------------ testing $PTII/ptolemy/domains/de/test/auto/DEinDEwithStartTimes.xml
auto.tcl: Setting watchdog for 200 seconds at Wed Dec 26 03:07:52 UTC 2018
3 ms. Memory: 208384K Free: 196394K (94%)
ptolemy.util.test.WatchDog.cancel(): canceling Wed Dec 26 03:07:52 UTC 2018
auto.tcl: Setting watchdog for 200 seconds at Wed Dec 26 03:07:52 UTC 2018
3 ms. Memory: 208384K Free: 194309K (93%)
ptolemy.util.test.WatchDog.cancel(): canceling Wed Dec 26 03:07:52 UTC 2018
------------------ testing $PTII/ptolemy/domains/de/test/auto/DEinDEwithStartTimes2.xml
auto.tcl: Setting watchdog for 200 seconds at Wed Dec 26 03:07:53 UTC 2018
4 ms. Memory: 208384K Free: 196373K (94%)
ptolemy.util.test.WatchDog.cancel(): canceling Wed Dec 26 03:07:53 UTC 2018
auto.tcl: Setting watchdog for 200 seconds at Wed Dec 26 03:07:53 UTC 2018
5 ms. Memory: 208384K Free: 194288K (93%)
ptolemy.util.test.WatchDog.cancel(): canceling Wed Dec 26 03:07:53 UTC 2018
------------------ testing $PTII/ptolemy/domains/de/test/auto/DateDemo.xml
auto.tcl: Setting watchdog for 200 seconds at Wed Dec 26 03:07:53 UTC 2018
9 ms. Memory: 208384K Free: 188855K (91%)
ptolemy.util.test.WatchDog.cancel(): canceling Wed Dec 26 03:07:53 UTC 2018
auto.tcl: Setting watchdog for 200 seconds at Wed Dec 26 03:07:53 UTC 2018
8 ms. Memory: 208384K Free: 186770K (90%)
ptolemy.util.test.WatchDog.cancel(): canceling Wed Dec 26 03:07:53 UTC 2018
------------------ testing $PTII/ptolemy/domains/de/test/auto/DateToEvent.xml
auto.tcl: Setting watchdog for 200 seconds at Wed Dec 26 03:07:53 UTC 2018
2009 ms. Memory: 208384K Free: 183623K (88%)
ptolemy.util.test.WatchDog.cancel(): canceling Wed Dec 26 03:07:55 UTC 2018
auto.tcl: Setting watchdog for 200 seconds at Wed Dec 26 03:07:55 UTC 2018
2006 ms. Memory: 208384K Free: 181165K (87%)
ptolemy.util.test.WatchDog.cancel(): canceling Wed Dec 26 03:07:57 UTC 2018
------------------ testing $PTII/ptolemy/domains/de/test/auto/DepthTest1.xml
auto.tcl: Setting watchdog for 200 seconds at Wed Dec 26 03:07:57 UTC 2018
2 ms. Memory: 208384K Free: 198035K (95%)
ptolemy.util.test.WatchDog.cancel(): canceling Wed Dec 26 03:07:57 UTC 2018
auto.tcl: Setting watchdog for 200 seconds at Wed Dec 26 03:07:57 UTC 2018
1 ms. Memory: 208384K Free: 198035K (95%)
ptolemy.util.test.WatchDog.cancel(): canceling Wed Dec 26 03:07:57 UTC 2018
------------------ testing $PTII/ptolemy/domains/de/test/auto/DepthTest2.xml
auto.tcl: Setting watchdog for 200 seconds at Wed Dec 26 03:07:57 UTC 2018
3 ms. Memory: 208384K Free: 194267K (93%)
ptolemy.util.test.WatchDog.cancel(): canceling Wed Dec 26 03:07:57 UTC 2018
auto.tcl: Setting watchdog for 200 seconds at Wed Dec 26 03:07:57 UTC 2018
3 ms. Memory: 208384K Free: 194267K (93%)
ptolemy.util.test.WatchDog.cancel(): canceling Wed Dec 26 03:07:57 UTC 2018
------------------ testing $PTII/ptolemy/domains/de/test/auto/DepthTest3.xml
auto.tcl: Setting watchdog for 200 seconds at Wed Dec 26 03:07:57 UTC 2018
5 ms. Memory: 208384K Free: 198370K (95%)
ptolemy.util.test.WatchDog.cancel(): canceling Wed Dec 26 03:07:57 UTC 2018
auto.tcl: Setting watchdog for 200 seconds at Wed Dec 26 03:07:57 UTC 2018
2 ms. Memory: 208384K Free: 198370K (95%)
ptolemy.util.test.WatchDog.cancel(): canceling Wed Dec 26 03:07:57 UTC 2018
------------------ testing $PTII/ptolemy/domains/de/test/auto/DepthTest4.xml
auto.tcl: Setting watchdog for 200 seconds at Wed Dec 26 03:07:57 UTC 2018
5 ms. Memory: 208384K Free: 196372K (94%)
ptolemy.util.test.WatchDog.cancel(): canceling Wed Dec 26 03:07:57 UTC 2018
auto.tcl: Setting watchdog for 200 seconds at Wed Dec 26 03:07:57 UTC 2018
2 ms. Memory: 208384K Free: 196372K (94%)
ptolemy.util.test.WatchDog.cancel(): canceling Wed Dec 26 03:07:57 UTC 2018
------------------ testing $PTII/ptolemy/domains/de/test/auto/DepthTest5.xml
auto.tcl: Setting watchdog for 200 seconds at Wed Dec 26 03:07:57 UTC 2018
4 ms. Memory: 208384K Free: 196657K (94%)
ptolemy.util.test.WatchDog.cancel(): canceling Wed Dec 26 03:07:57 UTC 2018
auto.tcl: Setting watchdog for 200 seconds at Wed Dec 26 03:07:57 UTC 2018
2 ms. Memory: 208384K Free: 196657K (94%)
ptolemy.util.test.WatchDog.cancel(): canceling Wed Dec 26 03:07:57 UTC 2018
------------------ testing $PTII/ptolemy/domains/de/test/auto/DepthTest6.xml
auto.tcl: Setting watchdog for 200 seconds at Wed Dec 26 03:07:57 UTC 2018
5 ms. Memory: 208384K Free: 196295K (94%)
ptolemy.util.test.WatchDog.cancel(): canceling Wed Dec 26 03:07:57 UTC 2018
auto.tcl: Setting watchdog for 200 seconds at Wed Dec 26 03:07:57 UTC 2018
2 ms. Memory: 208384K Free: 196295K (94%)
ptolemy.util.test.WatchDog.cancel(): canceling Wed Dec 26 03:07:57 UTC 2018
------------------ testing $PTII/ptolemy/domains/de/test/auto/DepthTest7.xml
auto.tcl: Setting watchdog for 200 seconds at Wed Dec 26 03:07:57 UTC 2018
3 ms. Memory: 208384K Free: 196276K (94%)
ptolemy.util.test.WatchDog.cancel(): canceling Wed Dec 26 03:07:57 UTC 2018
auto.tcl: Setting watchdog for 200 seconds at Wed Dec 26 03:07:57 UTC 2018
2 ms. Memory: 208384K Free: 196276K (94%)
ptolemy.util.test.WatchDog.cancel(): canceling Wed Dec 26 03:07:57 UTC 2018
------------------ testing $PTII/ptolemy/domains/de/test/auto/EventToDate.xml
auto.tcl: Setting watchdog for 200 seconds at Wed Dec 26 03:07:57 UTC 2018
3008 ms. Memory: 208384K Free: 185871K (89%)
ptolemy.util.test.WatchDog.cancel(): canceling Wed Dec 26 03:08:00 UTC 2018
auto.tcl: Setting watchdog for 200 seconds at Wed Dec 26 03:08:00 UTC 2018
3005 ms. Memory: 208384K Free: 185871K (89%)
ptolemy.util.test.WatchDog.cancel(): canceling Wed Dec 26 03:08:03 UTC 2018
------------------ testing $PTII/ptolemy/domains/de/test/auto/FSM1.xml
auto.tcl: Setting watchdog for 200 seconds at Wed Dec 26 03:08:03 UTC 2018
37 ms. Memory: 208384K Free: 187273K (90%)
ptolemy.util.test.WatchDog.cancel(): canceling Wed Dec 26 03:08:03 UTC 2018
auto.tcl: Setting watchdog for 200 seconds at Wed Dec 26 03:08:03 UTC 2018
19 ms. Memory: 208384K Free: 185188K (89%)
ptolemy.util.test.WatchDog.cancel(): canceling Wed Dec 26 03:08:03 UTC 2018
------------------ testing $PTII/ptolemy/domains/de/test/auto/FSM7.xml
auto.tcl: Setting watchdog for 200 seconds at Wed Dec 26 03:08:04 UTC 2018
12 ms. Memory: 208384K Free: 187476K (90%)
ptolemy.util.test.WatchDog.cancel(): canceling Wed Dec 26 03:08:04 UTC 2018
auto.tcl: Setting watchdog for 200 seconds at Wed Dec 26 03:08:04 UTC 2018
18 ms. Memory: 208384K Free: 185391K (89%)
ptolemy.util.test.WatchDog.cancel(): canceling Wed Dec 26 03:08:04 UTC 2018
------------------ testing $PTII/ptolemy/domains/de/test/auto/Inspection.xml
auto.tcl: Setting watchdog for 200 seconds at Wed Dec 26 03:08:04 UTC 2018
38 ms. Memory: 208384K Free: 189028K (91%)
ptolemy.util.test.WatchDog.cancel(): canceling Wed Dec 26 03:08:04 UTC 2018
auto.tcl: Setting watchdog for 200 seconds at Wed Dec 26 03:08:04 UTC 2018
30 ms. Memory: 208384K Free: 186943K (90%)
ptolemy.util.test.WatchDog.cancel(): canceling Wed Dec 26 03:08:04 UTC 2018
------------------ testing $PTII/ptolemy/domains/de/test/auto/Iteration.xml
auto.tcl: Setting watchdog for 200 seconds at Wed Dec 26 03:08:04 UTC 2018
7 ms. Memory: 208384K Free: 196421K (94%)
ptolemy.util.test.WatchDog.cancel(): canceling Wed Dec 26 03:08:04 UTC 2018
auto.tcl: Setting watchdog for 200 seconds at Wed Dec 26 03:08:04 UTC 2018
7 ms. Memory: 208384K Free: 193998K (93%)
ptolemy.util.test.WatchDog.cancel(): canceling Wed Dec 26 03:08:04 UTC 2018
------------------ testing $PTII/ptolemy/domains/de/test/auto/LineFault.xml
auto.tcl: Setting watchdog for 200 seconds at Wed Dec 26 03:08:04 UTC 2018
733 ms. Memory: 208384K Free: 196204K (94%)
ptolemy.util.test.WatchDog.cancel(): canceling Wed Dec 26 03:08:05 UTC 2018
auto.tcl: Setting watchdog for 200 seconds at Wed Dec 26 03:08:05 UTC 2018
604 ms. Memory: 208384K Free: 139277K (67%)
ptolemy.util.test.WatchDog.cancel(): canceling Wed Dec 26 03:08:05 UTC 2018
------------------ testing $PTII/ptolemy/domains/de/test/auto/MergeModel1Add.xml
auto.tcl: Setting watchdog for 200 seconds at Wed Dec 26 03:08:05 UTC 2018
25 ms. Memory: 331264K Free: 298877K (90%)
ptolemy.util.test.WatchDog.cancel(): canceling Wed Dec 26 03:08:06 UTC 2018
auto.tcl: Setting watchdog for 200 seconds at Wed Dec 26 03:08:06 UTC 2018
12 ms. Memory: 331264K Free: 298877K (90%)
ptolemy.util.test.WatchDog.cancel(): canceling Wed Dec 26 03:08:06 UTC 2018
------------------ testing $PTII/ptolemy/domains/de/test/auto/MergeModel2Add.xml
auto.tcl: Setting watchdog for 200 seconds at Wed Dec 26 03:08:06 UTC 2018
8 ms. Memory: 331264K Free: 304159K (92%)
ptolemy.util.test.WatchDog.cancel(): canceling Wed Dec 26 03:08:06 UTC 2018
auto.tcl: Setting watchdog for 200 seconds at Wed Dec 26 03:08:06 UTC 2018
7 ms. Memory: 331264K Free: 300215K (91%)
ptolemy.util.test.WatchDog.cancel(): canceling Wed Dec 26 03:08:06 UTC 2018
------------------ testing $PTII/ptolemy/domains/de/test/auto/MergeModel3Add.xml
auto.tcl: Setting watchdog for 200 seconds at Wed Dec 26 03:08:06 UTC 2018
10 ms. Memory: 331264K Free: 304170K (92%)
ptolemy.util.test.WatchDog.cancel(): canceling Wed Dec 26 03:08:06 UTC 2018
auto.tcl: Setting watchdog for 200 seconds at Wed Dec 26 03:08:06 UTC 2018
9 ms. Memory: 331264K Free: 300226K (91%)
ptolemy.util.test.WatchDog.cancel(): canceling Wed Dec 26 03:08:06 UTC 2018
------------------ testing $PTII/ptolemy/domains/de/test/auto/MergeWithoutDiscard.xml
auto.tcl: Setting watchdog for 200 seconds at Wed Dec 26 03:08:06 UTC 2018
3 ms. Memory: 331264K Free: 319940K (97%)
ptolemy.util.test.WatchDog.cancel(): canceling Wed Dec 26 03:08:06 UTC 2018
auto.tcl: Setting watchdog for 200 seconds at Wed Dec 26 03:08:06 UTC 2018
1 ms. Memory: 331264K Free: 315997K (95%)
ptolemy.util.test.WatchDog.cancel(): canceling Wed Dec 26 03:08:06 UTC 2018
------------------ testing $PTII/ptolemy/domains/de/test/auto/Modal1.xml
auto.tcl: Setting watchdog for 200 seconds at Wed Dec 26 03:08:06 UTC 2018
12 ms. Memory: 331264K Free: 309893K (94%)
ptolemy.util.test.WatchDog.cancel(): canceling Wed Dec 26 03:08:06 UTC 2018
auto.tcl: Setting watchdog for 200 seconds at Wed Dec 26 03:08:06 UTC 2018
12 ms. Memory: 331264K Free: 305949K (92%)
ptolemy.util.test.WatchDog.cancel(): canceling Wed Dec 26 03:08:06 UTC 2018
------------------ testing $PTII/ptolemy/domains/de/test/auto/Modal2.xml
auto.tcl: Setting watchdog for 200 seconds at Wed Dec 26 03:08:06 UTC 2018
16 ms. Memory: 331264K Free: 309776K (94%)
ptolemy.util.test.WatchDog.cancel(): canceling Wed Dec 26 03:08:06 UTC 2018
auto.tcl: Setting watchdog for 200 seconds at Wed Dec 26 03:08:06 UTC 2018
15 ms. Memory: 331264K Free: 305832K (92%)
ptolemy.util.test.WatchDog.cancel(): canceling Wed Dec 26 03:08:06 UTC 2018
------------------ testing $PTII/ptolemy/domains/de/test/auto/Modal3.xml
auto.tcl: Setting watchdog for 200 seconds at Wed Dec 26 03:08:06 UTC 2018
16 ms. Memory: 331264K Free: 309766K (94%)
ptolemy.util.test.WatchDog.cancel(): canceling Wed Dec 26 03:08:06 UTC 2018
auto.tcl: Setting watchdog for 200 seconds at Wed Dec 26 03:08:06 UTC 2018
15 ms. Memory: 331264K Free: 305823K (92%)
ptolemy.util.test.WatchDog.cancel(): canceling Wed Dec 26 03:08:06 UTC 2018
------------------ testing $PTII/ptolemy/domains/de/test/auto/Modal4.xml
auto.tcl: Setting watchdog for 200 seconds at Wed Dec 26 03:08:06 UTC 2018
31 ms. Memory: 331264K Free: 304864K (92%)
ptolemy.util.test.WatchDog.cancel(): canceling Wed Dec 26 03:08:06 UTC 2018
auto.tcl: Setting watchdog for 200 seconds at Wed Dec 26 03:08:06 UTC 2018
23 ms. Memory: 331264K Free: 300921K (91%)
ptolemy.util.test.WatchDog.cancel(): canceling Wed Dec 26 03:08:06 UTC 2018
------------------ testing $PTII/ptolemy/domains/de/test/auto/Modal5.xml
auto.tcl: Setting watchdog for 200 seconds at Wed Dec 26 03:08:06 UTC 2018
22 ms. Memory: 331264K Free: 309766K (94%)
ptolemy.util.test.WatchDog.cancel(): canceling Wed Dec 26 03:08:06 UTC 2018
auto.tcl: Setting watchdog for 200 seconds at Wed Dec 26 03:08:06 UTC 2018
14 ms. Memory: 331264K Free: 305822K (92%)
ptolemy.util.test.WatchDog.cancel(): canceling Wed Dec 26 03:08:07 UTC 2018
------------------ testing $PTII/ptolemy/domains/de/test/auto/Modal6.xml
auto.tcl: Setting watchdog for 200 seconds at Wed Dec 26 03:08:07 UTC 2018
14 ms. Memory: 331264K Free: 310049K (94%)
ptolemy.util.test.WatchDog.cancel(): canceling Wed Dec 26 03:08:07 UTC 2018
auto.tcl: Setting watchdog for 200 seconds at Wed Dec 26 03:08:07 UTC 2018
14 ms. Memory: 331264K Free: 306106K (92%)
ptolemy.util.test.WatchDog.cancel(): canceling Wed Dec 26 03:08:07 UTC 2018
------------------ testing $PTII/ptolemy/domains/de/test/auto/Modal7.xml
auto.tcl: Setting watchdog for 200 seconds at Wed Dec 26 03:08:07 UTC 2018
10 ms. Memory: 331264K Free: 309764K (94%)
ptolemy.util.test.WatchDog.cancel(): canceling Wed Dec 26 03:08:07 UTC 2018
auto.tcl: Setting watchdog for 200 seconds at Wed Dec 26 03:08:07 UTC 2018
13 ms. Memory: 331264K Free: 305820K (92%)
ptolemy.util.test.WatchDog.cancel(): canceling Wed Dec 26 03:08:07 UTC 2018
------------------ testing $PTII/ptolemy/domains/de/test/auto/ModalModel.xml
auto.tcl: Setting watchdog for 200 seconds at Wed Dec 26 03:08:07 UTC 2018
216 ms. Memory: 331264K Free: 246291K (74%)
ptolemy.util.test.WatchDog.cancel(): canceling Wed Dec 26 03:08:07 UTC 2018
auto.tcl: Setting watchdog for 200 seconds at Wed Dec 26 03:08:07 UTC 2018
197 ms. Memory: 331264K Free: 191081K (58%)
ptolemy.util.test.WatchDog.cancel(): canceling Wed Dec 26 03:08:07 UTC 2018
------------------ testing $PTII/ptolemy/domains/de/test/auto/ModalSource.xml
auto.tcl: Setting watchdog for 200 seconds at Wed Dec 26 03:08:07 UTC 2018
10 ms. Memory: 331264K Free: 316544K (96%)
ptolemy.util.test.WatchDog.cancel(): canceling Wed Dec 26 03:08:07 UTC 2018
auto.tcl: Setting watchdog for 200 seconds at Wed Dec 26 03:08:07 UTC 2018
5 ms. Memory: 331264K Free: 313031K (94%)
ptolemy.util.test.WatchDog.cancel(): canceling Wed Dec 26 03:08:07 UTC 2018
------------------ testing $PTII/ptolemy/domains/de/test/auto/NonInterruptibleTimerZeroDelay.xml
auto.tcl: Setting watchdog for 200 seconds at Wed Dec 26 03:08:07 UTC 2018
4 ms. Memory: 331264K Free: 320893K (97%)
ptolemy.util.test.WatchDog.cancel(): canceling Wed Dec 26 03:08:07 UTC 2018
auto.tcl: Setting watchdog for 200 seconds at Wed Dec 26 03:08:07 UTC 2018
3 ms. Memory: 331264K Free: 317381K (96%)
ptolemy.util.test.WatchDog.cancel(): canceling Wed Dec 26 03:08:07 UTC 2018
------------------ testing $PTII/ptolemy/domains/de/test/auto/OpenQueueingNetwork.xml
auto.tcl: Setting watchdog for 200 seconds at Wed Dec 26 03:08:07 UTC 2018
2935 ms. Memory: 317952K Free: 157457K (50%)
ptolemy.util.test.WatchDog.cancel(): canceling Wed Dec 26 03:08:11 UTC 2018
auto.tcl: Setting watchdog for 200 seconds at Wed Dec 26 03:08:11 UTC 2018
2131 ms. Memory: 287232K Free: 242894K (85%)
ptolemy.util.test.WatchDog.cancel(): canceling Wed Dec 26 03:08:13 UTC 2018
------------------ testing $PTII/ptolemy/domains/de/test/auto/OpenQueuingNetwork.xml
auto.tcl: Setting watchdog for 200 seconds at Wed Dec 26 03:08:13 UTC 2018
245 ms. Memory: 287232K Free: 187580K (65%)
ptolemy.util.test.WatchDog.cancel(): canceling Wed Dec 26 03:08:13 UTC 2018
auto.tcl: Setting watchdog for 200 seconds at Wed Dec 26 03:08:13 UTC 2018
238 ms. Memory: 287232K Free: 127274K (44%)
ptolemy.util.test.WatchDog.cancel(): canceling Wed Dec 26 03:08:13 UTC 2018
------------------ testing $PTII/ptolemy/domains/de/test/auto/PeriodicSampler.xml
auto.tcl: Setting watchdog for 200 seconds at Wed Dec 26 03:08:13 UTC 2018
4 ms. Memory: 289792K Free: 274851K (95%)
ptolemy.util.test.WatchDog.cancel(): canceling Wed Dec 26 03:08:13 UTC 2018
auto.tcl: Setting watchdog for 200 seconds at Wed Dec 26 03:08:13 UTC 2018
1 ms. Memory: 289792K Free: 274851K (95%)
ptolemy.util.test.WatchDog.cancel(): canceling Wed Dec 26 03:08:13 UTC 2018
------------------ testing $PTII/ptolemy/domains/de/test/auto/PersistentIO.xml
auto.tcl: Setting watchdog for 200 seconds at Wed Dec 26 03:08:13 UTC 2018
5 ms. Memory: 287232K Free: 267099K (93%)
ptolemy.util.test.WatchDog.cancel(): canceling Wed Dec 26 03:08:13 UTC 2018
auto.tcl: Setting watchdog for 200 seconds at Wed Dec 26 03:08:13 UTC 2018
4 ms. Memory: 287232K Free: 267099K (93%)
ptolemy.util.test.WatchDog.cancel(): canceling Wed Dec 26 03:08:13 UTC 2018
------------------ testing $PTII/ptolemy/domains/de/test/auto/PortParameterResetOnInitialize.xml
auto.tcl: Setting watchdog for 200 seconds at Wed Dec 26 03:08:14 UTC 2018
1 ms. Memory: 289280K Free: 274707K (95%)
ptolemy.util.test.WatchDog.cancel(): canceling Wed Dec 26 03:08:14 UTC 2018
auto.tcl: Setting watchdog for 200 seconds at Wed Dec 26 03:08:14 UTC 2018
1 ms. Memory: 289280K Free: 274707K (95%)
ptolemy.util.test.WatchDog.cancel(): canceling Wed Dec 26 03:08:14 UTC 2018
------------------ testing $PTII/ptolemy/domains/de/test/auto/PortParameterUpdates.xml
auto.tcl: Setting watchdog for 200 seconds at Wed Dec 26 03:08:14 UTC 2018
3 ms. Memory: 287232K Free: 272893K (95%)
ptolemy.util.test.WatchDog.cancel(): canceling Wed Dec 26 03:08:14 UTC 2018
auto.tcl: Setting watchdog for 200 seconds at Wed Dec 26 03:08:14 UTC 2018
4 ms. Memory: 287232K Free: 269998K (94%)
ptolemy.util.test.WatchDog.cancel(): canceling Wed Dec 26 03:08:14 UTC 2018
------------------ testing $PTII/ptolemy/domains/de/test/auto/QueueAndServer.xml
auto.tcl: Setting watchdog for 200 seconds at Wed Dec 26 03:08:14 UTC 2018
12 ms. Memory: 289280K Free: 273942K (95%)
ptolemy.util.test.WatchDog.cancel(): canceling Wed Dec 26 03:08:14 UTC 2018
auto.tcl: Setting watchdog for 200 seconds at Wed Dec 26 03:08:14 UTC 2018
6 ms. Memory: 289280K Free: 273942K (95%)
ptolemy.util.test.WatchDog.cancel(): canceling Wed Dec 26 03:08:14 UTC 2018
------------------ testing $PTII/ptolemy/domains/de/test/auto/Records.xml
auto.tcl: Setting watchdog for 200 seconds at Wed Dec 26 03:08:14 UTC 2018
7 ms. Memory: 287232K Free: 274764K (96%)
ptolemy.util.test.WatchDog.cancel(): canceling Wed Dec 26 03:08:14 UTC 2018
auto.tcl: Setting watchdog for 200 seconds at Wed Dec 26 03:08:14 UTC 2018
2 ms. Memory: 287232K Free: 274764K (96%)
ptolemy.util.test.WatchDog.cancel(): canceling Wed Dec 26 03:08:14 UTC 2018
------------------ testing $PTII/ptolemy/domains/de/test/auto/ResetTransitionWithStartTime1.xml
auto.tcl: Setting watchdog for 200 seconds at Wed Dec 26 03:08:14 UTC 2018
13 ms. Memory: 288768K Free: 273515K (95%)
ptolemy.util.test.WatchDog.cancel(): canceling Wed Dec 26 03:08:14 UTC 2018
auto.tcl: Setting watchdog for 200 seconds at Wed Dec 26 03:08:14 UTC 2018
9 ms. Memory: 288768K Free: 270502K (94%)
ptolemy.util.test.WatchDog.cancel(): canceling Wed Dec 26 03:08:14 UTC 2018
------------------ testing $PTII/ptolemy/domains/de/test/auto/ResetTransitionWithStartTime2.xml
auto.tcl: Setting watchdog for 200 seconds at Wed Dec 26 03:08:14 UTC 2018
12 ms. Memory: 287232K Free: 271970K (95%)
ptolemy.util.test.WatchDog.cancel(): canceling Wed Dec 26 03:08:14 UTC 2018
auto.tcl: Setting watchdog for 200 seconds at Wed Dec 26 03:08:14 UTC 2018
5 ms. Memory: 287232K Free: 269058K (94%)
ptolemy.util.test.WatchDog.cancel(): canceling Wed Dec 26 03:08:14 UTC 2018
------------------ testing $PTII/ptolemy/domains/de/test/auto/ResetTransitionWithStartTime3.xml
auto.tcl: Setting watchdog for 200 seconds at Wed Dec 26 03:08:14 UTC 2018
7 ms. Memory: 288768K Free: 273404K (95%)
ptolemy.util.test.WatchDog.cancel(): canceling Wed Dec 26 03:08:14 UTC 2018
auto.tcl: Setting watchdog for 200 seconds at Wed Dec 26 03:08:14 UTC 2018
8 ms. Memory: 288768K Free: 270508K (94%)
ptolemy.util.test.WatchDog.cancel(): canceling Wed Dec 26 03:08:14 UTC 2018
------------------ testing $PTII/ptolemy/domains/de/test/auto/ResetTransitionWithStartTime4.xml
auto.tcl: Setting watchdog for 200 seconds at Wed Dec 26 03:08:14 UTC 2018
4 ms. Memory: 287232K Free: 271881K (95%)
ptolemy.util.test.WatchDog.cancel(): canceling Wed Dec 26 03:08:14 UTC 2018
auto.tcl: Setting watchdog for 200 seconds at Wed Dec 26 03:08:14 UTC 2018
4 ms. Memory: 287232K Free: 271881K (95%)
ptolemy.util.test.WatchDog.cancel(): canceling Wed Dec 26 03:08:14 UTC 2018
------------------ testing $PTII/ptolemy/domains/de/test/auto/ResettableTimer1.xml
auto.tcl: Setting watchdog for 200 seconds at Wed Dec 26 03:08:14 UTC 2018
4 ms. Memory: 288768K Free: 276308K (96%)
ptolemy.util.test.WatchDog.cancel(): canceling Wed Dec 26 03:08:14 UTC 2018
auto.tcl: Setting watchdog for 200 seconds at Wed Dec 26 03:08:14 UTC 2018
2 ms. Memory: 288768K Free: 276308K (96%)
ptolemy.util.test.WatchDog.cancel(): canceling Wed Dec 26 03:08:14 UTC 2018
------------------ testing $PTII/ptolemy/domains/de/test/auto/ResettableTimer2.xml
auto.tcl: Setting watchdog for 200 seconds at Wed Dec 26 03:08:14 UTC 2018
4 ms. Memory: 287232K Free: 274916K (96%)
ptolemy.util.test.WatchDog.cancel(): canceling Wed Dec 26 03:08:14 UTC 2018
auto.tcl: Setting watchdog for 200 seconds at Wed Dec 26 03:08:14 UTC 2018
2 ms. Memory: 287232K Free: 274916K (96%)
ptolemy.util.test.WatchDog.cancel(): canceling Wed Dec 26 03:08:14 UTC 2018
------------------ testing $PTII/ptolemy/domains/de/test/auto/ResettableTimer3.xml
auto.tcl: Setting watchdog for 200 seconds at Wed Dec 26 03:08:14 UTC 2018
1 ms. Memory: 288256K Free: 275846K (96%)
ptolemy.util.test.WatchDog.cancel(): canceling Wed Dec 26 03:08:14 UTC 2018
auto.tcl: Setting watchdog for 200 seconds at Wed Dec 26 03:08:14 UTC 2018
2 ms. Memory: 288256K Free: 275846K (96%)
ptolemy.util.test.WatchDog.cancel(): canceling Wed Dec 26 03:08:14 UTC 2018
------------------ testing $PTII/ptolemy/domains/de/test/auto/ResettableTimer4.xml
auto.tcl: Setting watchdog for 200 seconds at Wed Dec 26 03:08:14 UTC 2018
2 ms. Memory: 287232K Free: 274928K (96%)
ptolemy.util.test.WatchDog.cancel(): canceling Wed Dec 26 03:08:14 UTC 2018
auto.tcl: Setting watchdog for 200 seconds at Wed Dec 26 03:08:14 UTC 2018
1 ms. Memory: 287232K Free: 274928K (96%)
ptolemy.util.test.WatchDog.cancel(): canceling Wed Dec 26 03:08:14 UTC 2018
------------------ testing $PTII/ptolemy/domains/de/test/auto/ResettableTimer5.xml
auto.tcl: Setting watchdog for 200 seconds at Wed Dec 26 03:08:14 UTC 2018
1 ms. Memory: 288256K Free: 273892K (95%)
ptolemy.util.test.WatchDog.cancel(): canceling Wed Dec 26 03:08:14 UTC 2018
auto.tcl: Setting watchdog for 200 seconds at Wed Dec 26 03:08:14 UTC 2018
1 ms. Memory: 288256K Free: 273892K (95%)
ptolemy.util.test.WatchDog.cancel(): canceling Wed Dec 26 03:08:14 UTC 2018
------------------ testing $PTII/ptolemy/domains/de/test/auto/ResettableTimer6.xml
auto.tcl: Setting watchdog for 200 seconds at Wed Dec 26 03:08:14 UTC 2018
1 ms. Memory: 287232K Free: 272724K (95%)
ptolemy.util.test.WatchDog.cancel(): canceling Wed Dec 26 03:08:14 UTC 2018
auto.tcl: Setting watchdog for 200 seconds at Wed Dec 26 03:08:14 UTC 2018
1 ms. Memory: 287232K Free: 272724K (95%)
ptolemy.util.test.WatchDog.cancel(): canceling Wed Dec 26 03:08:14 UTC 2018
------------------ testing $PTII/ptolemy/domains/de/test/auto/ServerZeroDelay.xml
auto.tcl: Setting watchdog for 200 seconds at Wed Dec 26 03:08:14 UTC 2018
5 ms. Memory: 288256K Free: 275890K (96%)
ptolemy.util.test.WatchDog.cancel(): canceling Wed Dec 26 03:08:14 UTC 2018
auto.tcl: Setting watchdog for 200 seconds at Wed Dec 26 03:08:14 UTC 2018
2 ms. Memory: 288256K Free: 275890K (96%)
ptolemy.util.test.WatchDog.cancel(): canceling Wed Dec 26 03:08:14 UTC 2018
------------------ testing $PTII/ptolemy/domains/de/test/auto/SmartSender.xml
auto.tcl: Setting watchdog for 200 seconds at Wed Dec 26 03:08:15 UTC 2018
3006 ms. Memory: 287232K Free: 272803K (95%)
ptolemy.util.test.WatchDog.cancel(): canceling Wed Dec 26 03:08:18 UTC 2018
auto.tcl: Setting watchdog for 200 seconds at Wed Dec 26 03:08:18 UTC 2018
3001 ms. Memory: 287232K Free: 272803K (95%)
ptolemy.util.test.WatchDog.cancel(): canceling Wed Dec 26 03:08:21 UTC 2018
------------------ testing $PTII/ptolemy/domains/de/test/auto/ThreadedComposite.xml
auto.tcl: Setting watchdog for 200 seconds at Wed Dec 26 03:08:21 UTC 2018
256 ms. Memory: 288256K Free: 252672K (88%)
ptolemy.util.test.WatchDog.cancel(): canceling Wed Dec 26 03:08:21 UTC 2018
auto.tcl: Setting watchdog for 200 seconds at Wed Dec 26 03:08:21 UTC 2018
166 ms. Memory: 288256K Free: 234532K (81%)
ptolemy.util.test.WatchDog.cancel(): canceling Wed Dec 26 03:08:21 UTC 2018
------------------ testing $PTII/ptolemy/domains/de/test/auto/Time.xml
auto.tcl: Setting watchdog for 200 seconds at Wed Dec 26 03:08:21 UTC 2018
540 ms. Memory: 287232K Free: 220970K (77%)
ptolemy.util.test.WatchDog.cancel(): canceling Wed Dec 26 03:08:22 UTC 2018
auto.tcl: Setting watchdog for 200 seconds at Wed Dec 26 03:08:22 UTC 2018
525 ms. Memory: 287232K Free: 165957K (58%)
ptolemy.util.test.WatchDog.cancel(): canceling Wed Dec 26 03:08:22 UTC 2018
------------------ testing $PTII/ptolemy/domains/de/test/auto/TimeDelayZeroDelay.xml
auto.tcl: Setting watchdog for 200 seconds at Wed Dec 26 03:08:22 UTC 2018
2 ms. Memory: 287744K Free: 275824K (96%)
ptolemy.util.test.WatchDog.cancel(): canceling Wed Dec 26 03:08:22 UTC 2018
auto.tcl: Setting watchdog for 200 seconds at Wed Dec 26 03:08:22 UTC 2018
2 ms. Memory: 287744K Free: 275824K (96%)
ptolemy.util.test.WatchDog.cancel(): canceling Wed Dec 26 03:08:22 UTC 2018
------------------ testing $PTII/ptolemy/domains/de/test/auto/TimerZeroDelay.xml
auto.tcl: Setting watchdog for 200 seconds at Wed Dec 26 03:08:22 UTC 2018
2 ms. Memory: 287232K Free: 275437K (96%)
ptolemy.util.test.WatchDog.cancel(): canceling Wed Dec 26 03:08:22 UTC 2018
auto.tcl: Setting watchdog for 200 seconds at Wed Dec 26 03:08:22 UTC 2018
2 ms. Memory: 287232K Free: 275437K (96%)
ptolemy.util.test.WatchDog.cancel(): canceling Wed Dec 26 03:08:22 UTC 2018
------------------ testing $PTII/ptolemy/domains/de/test/auto/TimingParadox.xml
auto.tcl: Setting watchdog for 200 seconds at Wed Dec 26 03:08:22 UTC 2018
356 ms. Memory: 287744K Free: 209627K (73%)
ptolemy.util.test.WatchDog.cancel(): canceling Wed Dec 26 03:08:23 UTC 2018
auto.tcl: Setting watchdog for 200 seconds at Wed Dec 26 03:08:23 UTC 2018
327 ms. Memory: 287744K Free: 173243K (60%)
ptolemy.util.test.WatchDog.cancel(): canceling Wed Dec 26 03:08:23 UTC 2018
------------------ testing $PTII/ptolemy/domains/de/test/auto/TransferInputs.xml
auto.tcl: Setting watchdog for 200 seconds at Wed Dec 26 03:08:23 UTC 2018
2 ms. Memory: 287744K Free: 274817K (96%)
ptolemy.util.test.WatchDog.cancel(): canceling Wed Dec 26 03:08:23 UTC 2018
auto.tcl: Setting watchdog for 200 seconds at Wed Dec 26 03:08:23 UTC 2018
1 ms. Memory: 287744K Free: 274817K (96%)
ptolemy.util.test.WatchDog.cancel(): canceling Wed Dec 26 03:08:23 UTC 2018
------------------ testing $PTII/ptolemy/domains/de/test/auto/TransferOutputs2.xml
auto.tcl: Setting watchdog for 200 seconds at Wed Dec 26 03:08:23 UTC 2018
3 ms. Memory: 287232K Free: 270740K (94%)
ptolemy.util.test.WatchDog.cancel(): canceling Wed Dec 26 03:08:23 UTC 2018
auto.tcl: Setting watchdog for 200 seconds at Wed Dec 26 03:08:23 UTC 2018
3 ms. Memory: 287232K Free: 268116K (93%)
ptolemy.util.test.WatchDog.cancel(): canceling Wed Dec 26 03:08:23 UTC 2018
------------------ testing $PTII/ptolemy/domains/de/test/auto/Trilateration.xml
auto.tcl: Setting watchdog for 200 seconds at Wed Dec 26 03:08:23 UTC 2018
12588 ms. Memory: 759296K Free: 705182K (93%)
ptolemy.util.test.WatchDog.cancel(): canceling Wed Dec 26 03:08:37 UTC 2018
auto.tcl: Setting watchdog for 200 seconds at Wed Dec 26 03:08:37 UTC 2018
10570 ms. Memory: 639488K Free: 516879K (81%)
ptolemy.util.test.WatchDog.cancel(): canceling Wed Dec 26 03:08:48 UTC 2018
------------------ testing $PTII/ptolemy/domains/de/test/auto/TwoSigmaDelta.xml
auto.tcl: Setting watchdog for 200 seconds at Wed Dec 26 03:08:48 UTC 2018
2612 ms. Memory: 643072K Free: 338267K (53%)
ptolemy.util.test.WatchDog.cancel(): canceling Wed Dec 26 03:08:50 UTC 2018
auto.tcl: Setting watchdog for 200 seconds at Wed Dec 26 03:08:50 UTC 2018
1964 ms. Memory: 643072K Free: 118007K (18%)
ptolemy.util.test.WatchDog.cancel(): canceling Wed Dec 26 03:08:52 UTC 2018
------------------ testing $PTII/ptolemy/domains/de/test/auto/VariableDelay.xml
auto.tcl: Setting watchdog for 200 seconds at Wed Dec 26 03:08:52 UTC 2018
2 ms. Memory: 640000K Free: 620653K (97%)
ptolemy.util.test.WatchDog.cancel(): canceling Wed Dec 26 03:08:52 UTC 2018
auto.tcl: Setting watchdog for 200 seconds at Wed Dec 26 03:08:52 UTC 2018
2 ms. Memory: 640000K Free: 620653K (97%)
ptolemy.util.test.WatchDog.cancel(): canceling Wed Dec 26 03:08:52 UTC 2018
------------------ testing $PTII/ptolemy/domains/de/test/auto/VariableDelay2.xml
auto.tcl: Setting watchdog for 200 seconds at Wed Dec 26 03:08:52 UTC 2018
7 ms. Memory: 639488K Free: 620563K (97%)
ptolemy.util.test.WatchDog.cancel(): canceling Wed Dec 26 03:08:52 UTC 2018
auto.tcl: Setting watchdog for 200 seconds at Wed Dec 26 03:08:52 UTC 2018
2 ms. Memory: 639488K Free: 620563K (97%)
ptolemy.util.test.WatchDog.cancel(): canceling Wed Dec 26 03:08:52 UTC 2018
------------------ testing $PTII/ptolemy/domains/de/test/auto/VariableDelayZeroDelay.xml
auto.tcl: Setting watchdog for 200 seconds at Wed Dec 26 03:08:53 UTC 2018
2 ms. Memory: 639488K Free: 614982K (96%)
ptolemy.util.test.WatchDog.cancel(): canceling Wed Dec 26 03:08:53 UTC 2018
auto.tcl: Setting watchdog for 200 seconds at Wed Dec 26 03:08:53 UTC 2018
2 ms. Memory: 639488K Free: 614982K (96%)
ptolemy.util.test.WatchDog.cancel(): canceling Wed Dec 26 03:08:53 UTC 2018
------------------ testing $PTII/ptolemy/domains/de/test/auto/VariableDelayZeroDelay2.xml
auto.tcl: Setting watchdog for 200 seconds at Wed Dec 26 03:08:53 UTC 2018
2 ms. Memory: 642048K Free: 617540K (96%)
ptolemy.util.test.WatchDog.cancel(): canceling Wed Dec 26 03:08:53 UTC 2018
auto.tcl: Setting watchdog for 200 seconds at Wed Dec 26 03:08:53 UTC 2018
2 ms. Memory: 642048K Free: 617540K (96%)
ptolemy.util.test.WatchDog.cancel(): canceling Wed Dec 26 03:08:53 UTC 2018
------------------ testing $PTII/ptolemy/domains/de/test/auto/deInCt.xml
auto.tcl: Setting watchdog for 200 seconds at Wed Dec 26 03:08:53 UTC 2018
0
1
1
1
0
0
0
1
1
1
0
0
0
0
0
1
1
0
0
0
1
1
1
1
1
1
0
0
0
0
0
16 ms. Memory: 639488K Free: 614969K (96%)
ptolemy.util.test.WatchDog.cancel(): canceling Wed Dec 26 03:08:53 UTC 2018
auto.tcl: Setting watchdog for 200 seconds at Wed Dec 26 03:08:53 UTC 2018
0
1
1
1
0
0
1
1
0
0
0
1
1
0
0
0
1
1
1
1
0
0
0
0
1
1
1
0
0
0
0
1
1
1
1
0
0
0
1
1
1
1
10 ms. Memory: 639488K Free: 614969K (96%)
ptolemy.util.test.WatchDog.cancel(): canceling Wed Dec 26 03:08:53 UTC 2018
------------------ testing $PTII/ptolemy/domains/de/test/auto/deInCt2.xml
auto.tcl: Setting watchdog for 200 seconds at Wed Dec 26 03:08:53 UTC 2018
0
1
1
1
0
0
1
1
1
0
0
1
1
1
0
0
1
1
1
0
0
1
1
1
0
0
1
1
1
0
0
1
1
1
0
0
1
1
1
0
0
0
9 ms. Memory: 642048K Free: 617529K (96%)
ptolemy.util.test.WatchDog.cancel(): canceling Wed Dec 26 03:08:53 UTC 2018
auto.tcl: Setting watchdog for 200 seconds at Wed Dec 26 03:08:53 UTC 2018
0
1
1
1
0
0
1
1
1
0
0
1
1
1
0
0
1
1
1
0
0
1
1
1
0
0
1
1
1
0
0
1
1
1
0
0
1
1
1
0
0
0
5 ms. Memory: 642048K Free: 617529K (96%)
ptolemy.util.test.WatchDog.cancel(): canceling Wed Dec 26 03:08:53 UTC 2018
------------------ testing $PTII/ptolemy/domains/de/test/auto/dynamicCausalityInterface1.xml
auto.tcl: Setting watchdog for 200 seconds at Wed Dec 26 03:08:53 UTC 2018
1 ms. Memory: 639488K Free: 611867K (96%)
ptolemy.util.test.WatchDog.cancel(): canceling Wed Dec 26 03:08:53 UTC 2018
auto.tcl: Setting watchdog for 200 seconds at Wed Dec 26 03:08:53 UTC 2018
1 ms. Memory: 639488K Free: 611867K (96%)
ptolemy.util.test.WatchDog.cancel(): canceling Wed Dec 26 03:08:53 UTC 2018
------------------ testing $PTII/ptolemy/domains/de/test/auto/fsm_de_test.xml
auto.tcl: Setting watchdog for 200 seconds at Wed Dec 26 03:08:53 UTC 2018
6 ms. Memory: 641536K Free: 616916K (96%)
ptolemy.util.test.WatchDog.cancel(): canceling Wed Dec 26 03:08:53 UTC 2018
auto.tcl: Setting watchdog for 200 seconds at Wed Dec 26 03:08:53 UTC 2018
5 ms. Memory: 641536K Free: 608229K (95%)
ptolemy.util.test.WatchDog.cancel(): canceling Wed Dec 26 03:08:53 UTC 2018
------------------ testing $PTII/ptolemy/domains/de/test/auto/functionDependencyReconstruction.xml
auto.tcl: Setting watchdog for 200 seconds at Wed Dec 26 03:08:53 UTC 2018
3 ms. Memory: 639488K Free: 606172K (95%)
ptolemy.util.test.WatchDog.cancel(): canceling Wed Dec 26 03:08:53 UTC 2018
auto.tcl: Setting watchdog for 200 seconds at Wed Dec 26 03:08:53 UTC 2018
3 ms. Memory: 639488K Free: 606172K (95%)
ptolemy.util.test.WatchDog.cancel(): canceling Wed Dec 26 03:08:53 UTC 2018
------------------ testing $PTII/ptolemy/domains/de/test/auto/multirate.xml
auto.tcl: Setting watchdog for 200 seconds at Wed Dec 26 03:08:53 UTC 2018
3 ms. Memory: 641536K Free: 616783K (96%)
ptolemy.util.test.WatchDog.cancel(): canceling Wed Dec 26 03:08:53 UTC 2018
auto.tcl: Setting watchdog for 200 seconds at Wed Dec 26 03:08:53 UTC 2018
3 ms. Memory: 641536K Free: 616774K (96%)
ptolemy.util.test.WatchDog.cancel(): canceling Wed Dec 26 03:08:53 UTC 2018
------------------ testing $PTII/ptolemy/domains/de/test/auto/multirate2.xml
auto.tcl: Setting watchdog for 200 seconds at Wed Dec 26 03:08:53 UTC 2018
4 ms. Memory: 639488K Free: 614923K (96%)
ptolemy.util.test.WatchDog.cancel(): canceling Wed Dec 26 03:08:53 UTC 2018
auto.tcl: Setting watchdog for 200 seconds at Wed Dec 26 03:08:53 UTC 2018
3 ms. Memory: 639488K Free: 614923K (96%)
ptolemy.util.test.WatchDog.cancel(): canceling Wed Dec 26 03:08:53 UTC 2018
------------------ testing $PTII/ptolemy/domains/de/test/auto/realtime.xml
auto.tcl: Setting watchdog for 200 seconds at Wed Dec 26 03:08:53 UTC 2018
10002 ms. Memory: 641024K Free: 616448K (96%)
ptolemy.util.test.WatchDog.cancel(): canceling Wed Dec 26 03:09:03 UTC 2018
auto.tcl: Setting watchdog for 200 seconds at Wed Dec 26 03:09:03 UTC 2018
10001 ms. Memory: 641024K Free: 616448K (96%)
ptolemy.util.test.WatchDog.cancel(): canceling Wed Dec 26 03:09:13 UTC 2018
------------------ testing $PTII/ptolemy/domains/de/test/auto/relationGroup.xml
auto.tcl: Setting watchdog for 200 seconds at Wed Dec 26 03:09:13 UTC 2018
2 ms. Memory: 639488K Free: 620528K (97%)
ptolemy.util.test.WatchDog.cancel(): canceling Wed Dec 26 03:09:13 UTC 2018
auto.tcl: Setting watchdog for 200 seconds at Wed Dec 26 03:09:13 UTC 2018
1 ms. Memory: 639488K Free: 620528K (97%)
ptolemy.util.test.WatchDog.cancel(): canceling Wed Dec 26 03:09:13 UTC 2018
------------------ testing $PTII/ptolemy/domains/de/test/auto/relationGroup2.xml
auto.tcl: Setting watchdog for 200 seconds at Wed Dec 26 03:09:13 UTC 2018
1 ms. Memory: 641024K Free: 616510K (96%)
ptolemy.util.test.WatchDog.cancel(): canceling Wed Dec 26 03:09:13 UTC 2018
auto.tcl: Setting watchdog for 200 seconds at Wed Dec 26 03:09:13 UTC 2018
1 ms. Memory: 641024K Free: 616510K (96%)
ptolemy.util.test.WatchDog.cancel(): canceling Wed Dec 26 03:09:13 UTC 2018
------------------ testing $PTII/ptolemy/domains/de/test/auto/sortWithOpaquePorts.xml
auto.tcl: Setting watchdog for 200 seconds at Wed Dec 26 03:09:13 UTC 2018
2 ms. Memory: 639488K Free: 614975K (96%)
ptolemy.util.test.WatchDog.cancel(): canceling Wed Dec 26 03:09:13 UTC 2018
auto.tcl: Setting watchdog for 200 seconds at Wed Dec 26 03:09:13 UTC 2018
2 ms. Memory: 639488K Free: 614975K (96%)
ptolemy.util.test.WatchDog.cancel(): canceling Wed Dec 26 03:09:13 UTC 2018
------------------ testing $PTII/ptolemy/domains/de/test/auto/transferInputsandOutputs.xml
auto.tcl: Setting watchdog for 200 seconds at Wed Dec 26 03:09:13 UTC 2018
2 ms. Memory: 640512K Free: 615987K (96%)
ptolemy.util.test.WatchDog.cancel(): canceling Wed Dec 26 03:09:13 UTC 2018
auto.tcl: Setting watchdog for 200 seconds at Wed Dec 26 03:09:13 UTC 2018
2 ms. Memory: 640512K Free: 615987K (96%)
ptolemy.util.test.WatchDog.cancel(): canceling Wed Dec 26 03:09:13 UTC 2018
------------------ testing $PTII/ptolemy/domains/de/test/auto/triggerType.xml
auto.tcl: Setting watchdog for 200 seconds at Wed Dec 26 03:09:13 UTC 2018
1 ms. Memory: 639488K Free: 614913K (96%)
ptolemy.util.test.WatchDog.cancel(): canceling Wed Dec 26 03:09:13 UTC 2018
auto.tcl: Setting watchdog for 200 seconds at Wed Dec 26 03:09:13 UTC 2018
1 ms. Memory: 639488K Free: 614913K (96%)
ptolemy.util.test.WatchDog.cancel(): canceling Wed Dec 26 03:09:13 UTC 2018
12/26/18 03:09:13
Failed: 0  Total Tests: 192  ((Passed: 187, Newly Passed: 1)  Known Failed: 5) /home/travis/build/icyphy/ptII/ptolemy/domains/de/test
12/26/18 03:09:13
Failed: 0  Total Tests: 192  ((Passed: 187, Newly Passed: 1)  Known Failed: 5) /home/travis/build/icyphy/ptII/ptolemy/domains/de/test
----------------- testing (KnownFailure) /home/travis/build/icyphy/ptII/ptolemy/domains/de/test/auto/knownFailedTests/DESDFClockTest.xml
2014 ms. Memory: 640512K Free: 604820K (94%)
Known Failure: java.lang.reflect.InvocationTargetException
----------------- testing (KnownFailure) /home/travis/build/icyphy/ptII/ptolemy/domains/de/test/auto/knownFailedTests/DirectFeedback.xml
2 ms. Memory: 640512K Free: 560173K (87%)
Known Failure: java.lang.reflect.InvocationTargetException
----------------- testing (KnownFailure) /home/travis/build/icyphy/ptII/ptolemy/domains/de/test/auto/knownFailedTests/FSMSource.xml
4 ms. Memory: 640512K Free: 515527K (80%)
----------------- testing (KnownFailure) /home/travis/build/icyphy/ptII/ptolemy/domains/de/test/auto/knownFailedTests/HierarchicalModel.xml
2 ms. Memory: 640512K Free: 482026K (75%)
Known Failure: java.lang.reflect.InvocationTargetException
----------------- testing (KnownFailure) /home/travis/build/icyphy/ptII/ptolemy/domains/de/test/auto/knownFailedTests/dependencyLoop.xml
2 ms. Memory: 640512K Free: 426210K (67%)
Known Failure: java.lang.reflect.InvocationTargetException
----------------- testing (KnownFailure) /home/travis/build/icyphy/ptII/ptolemy/domains/de/test/auto/knownFailedTests/dependencyLoop2.xml
3 ms. Memory: 640512K Free: 370385K (58%)
Known Failure: java.lang.reflect.InvocationTargetException
No auto/linux-amd64/*.xml tests in /home/travis/build/icyphy/ptII/ptolemy/domains/de/test
AutoTests.java: About to close Vertx.
AutoTests.java: Vertx closed.

===========================================================================================
----------------- testing Wed Dec 26 03:09:16 UTC 2018 /home/travis/build/icyphy/ptII/ptolemy/domains/de/test/auto/ActorDepthCalculation_actorWithoutPorts.xml
----------------- Instantiating /home/travis/build/icyphy/ptII/ptolemy/domains/de/test/auto/ActorDepthCalculation_actorWithoutPorts.xml
1 ms. Memory: 640512K Free: 314577K (49%)
----------------- Invoking toplevel() on ptolemy.moml.MoMLSimpleApplication@501351b9
----------------- Done invoking toplevel() on ptolemy.moml.MoMLSimpleApplication@501351b9
reloadAllAccessors: .ActorDepthCalculation_actorWithoutPorts

===========================================================================================
----------------- testing Wed Dec 26 03:09:16 UTC 2018 /home/travis/build/icyphy/ptII/ptolemy/domains/de/test/auto/AssemblyLine.xml
----------------- Instantiating /home/travis/build/icyphy/ptII/ptolemy/domains/de/test/auto/AssemblyLine.xml
4 ms. Memory: 640512K Free: 292254K (46%)
----------------- Invoking toplevel() on ptolemy.moml.MoMLSimpleApplication@949e2e3
----------------- Done invoking toplevel() on ptolemy.moml.MoMLSimpleApplication@949e2e3
reloadAllAccessors: .AssemblyLine

===========================================================================================
----------------- testing Wed Dec 26 03:09:16 UTC 2018 /home/travis/build/icyphy/ptII/ptolemy/domains/de/test/auto/CQBug1.xml
----------------- Instantiating /home/travis/build/icyphy/ptII/ptolemy/domains/de/test/auto/CQBug1.xml
1 ms. Memory: 640512K Free: 269931K (42%)
----------------- Invoking toplevel() on ptolemy.moml.MoMLSimpleApplication@5fc2729a
----------------- Done invoking toplevel() on ptolemy.moml.MoMLSimpleApplication@5fc2729a
reloadAllAccessors: .CQBug1

===========================================================================================
----------------- testing Wed Dec 26 03:09:16 UTC 2018 /home/travis/build/icyphy/ptII/ptolemy/domains/de/test/auto/CancelFireAt.xml
----------------- Instantiating /home/travis/build/icyphy/ptII/ptolemy/domains/de/test/auto/CancelFireAt.xml
5 ms. Memory: 640512K Free: 247607K (39%)
----------------- Invoking toplevel() on ptolemy.moml.MoMLSimpleApplication@78eaaf79
----------------- Done invoking toplevel() on ptolemy.moml.MoMLSimpleApplication@78eaaf79
reloadAllAccessors: .CancelFireAt

===========================================================================================
----------------- testing Wed Dec 26 03:09:16 UTC 2018 /home/travis/build/icyphy/ptII/ptolemy/domains/de/test/auto/CausalityAndComposabilityAnalysis.xml
----------------- Instantiating /home/travis/build/icyphy/ptII/ptolemy/domains/de/test/auto/CausalityAndComposabilityAnalysis.xml
1 ms. Memory: 640512K Free: 225284K (35%)
----------------- Invoking toplevel() on ptolemy.moml.MoMLSimpleApplication@1b10345
----------------- Done invoking toplevel() on ptolemy.moml.MoMLSimpleApplication@1b10345
reloadAllAccessors: .CausalityAndComposabilityAnalysis

===========================================================================================
----------------- testing Wed Dec 26 03:09:16 UTC 2018 /home/travis/build/icyphy/ptII/ptolemy/domains/de/test/auto/CausalityInterface1.xml
----------------- Instantiating /home/travis/build/icyphy/ptII/ptolemy/domains/de/test/auto/CausalityInterface1.xml
4 ms. Memory: 640512K Free: 202961K (32%)
----------------- Invoking toplevel() on ptolemy.moml.MoMLSimpleApplication@1fa7f428
----------------- Done invoking toplevel() on ptolemy.moml.MoMLSimpleApplication@1fa7f428
reloadAllAccessors: .CausalityInterface1

===========================================================================================
----------------- testing Wed Dec 26 03:09:16 UTC 2018 /home/travis/build/icyphy/ptII/ptolemy/domains/de/test/auto/CausalityInterface15.xml
----------------- Instantiating /home/travis/build/icyphy/ptII/ptolemy/domains/de/test/auto/CausalityInterface15.xml
2 ms. Memory: 640512K Free: 180638K (28%)
----------------- Invoking toplevel() on ptolemy.moml.MoMLSimpleApplication@6def98f8
----------------- Done invoking toplevel() on ptolemy.moml.MoMLSimpleApplication@6def98f8
reloadAllAccessors: .CausalityInterface15

[...]
java.lang.RuntimeException: Execution failed
	at ptolemy.moml.MoMLSimpleApplication$UnloadThread.run(MoMLSimpleApplication.java:402)
Caused by: ptolemy.kernel.util.IllegalActionException: Test fails in iteration 1.
Value was: 1.0. Should have been: 2.0
  in .DirectFeedback.Test
	at ptolemy.actor.lib.Test.fire(Test.java:268)
	at ptolemy.domains.de.kernel.DEDirector._fire(DEDirector.java:1949)
	at ptolemy.domains.de.kernel.DEDirector.fire(DEDirector.java:502)
	at ptolemy.actor.CompositeActor.fire(CompositeActor.java:455)
	at ptolemy.actor.Manager.iterate(Manager.java:851)
	at ptolemy.actor.Manager.execute(Manager.java:369)
	at ptolemy.actor.Manager.run(Manager.java:1263)
	at ptolemy.actor.Manager$PtolemyRunThread.run(Manager.java:1915)
java.lang.RuntimeException: Execution failed
	at ptolemy.moml.MoMLSimpleApplication$UnloadThread.run(MoMLSimpleApplication.java:402)
Caused by: ptolemy.kernel.util.IllegalActionException: Actor is not ready to fire.  Perhaps UpSample.prefire() returned false? Try debugging the actor by selecting "Listen to Actor".  Also, for SDF check moml for tokenConsumptionRate on input.
  in .DESDFClockTest.Play Bell.Copy1:SDF Director and .DESDFClockTest.Play Bell.UpSample
	at ptolemy.actor.sched.StaticSchedulingDirector.fire(StaticSchedulingDirector.java:227)
	at ptolemy.domains.sdf.kernel.SDFDirector.fire(SDFDirector.java:500)
	at ptolemy.actor.CompositeActor.fire(CompositeActor.java:455)
	at ptolemy.domains.de.kernel.DEDirector._fire(DEDirector.java:1949)
	at ptolemy.domains.de.kernel.DEDirector.fire(DEDirector.java:502)
	at ptolemy.actor.CompositeActor.fire(CompositeActor.java:455)
	at ptolemy.actor.Manager.iterate(Manager.java:851)
	at ptolemy.actor.Manager.execute(Manager.java:369)
	at ptolemy.actor.Manager.run(Manager.java:1263)
	at ptolemy.actor.Manager$PtolemyRunThread.run(Manager.java:1915)
java.lang.reflect.InvocationTargetException
	at sun.reflect.NativeConstructorAccessorImpl.newInstance0(Native Method)
	at sun.reflect.NativeConstructorAccessorImpl.newInstance(NativeConstructorAccessorImpl.java:62)
	at sun.reflect.DelegatingConstructorAccessorImpl.newInstance(DelegatingConstructorAccessorImpl.java:45)
	at java.lang.reflect.Constructor.newInstance(Constructor.java:423)
	at ptolemy.util.test.junit.AutoKnownFailedTests.RunModel(AutoKnownFailedTests.java:105)
	at sun.reflect.NativeMethodAccessorImpl.invoke0(Native Method)
	at sun.reflect.NativeMethodAccessorImpl.invoke(NativeMethodAccessorImpl.java:62)
	at sun.reflect.DelegatingMethodAccessorImpl.invoke(DelegatingMethodAccessorImpl.java:43)
	at java.lang.reflect.Method.invoke(Method.java:498)
	at org.junit.runners.model.FrameworkMethod$1.runReflectiveCall(FrameworkMethod.java:44)
	at org.junit.internal.runners.model.ReflectiveCallable.run(ReflectiveCallable.java:15)
	at org.junit.runners.model.FrameworkMethod.invokeExplosively(FrameworkMethod.java:41)
	at junitparams.internal.InvokeParameterisedMethod.evaluate(InvokeParameterisedMethod.java:102)
	at org.junit.internal.runners.statements.FailOnTimeout$1.run(FailOnTimeout.java:28)
Caused by: ptolemy.kernel.util.IllegalActionException: Actor is not ready to fire.  Perhaps UpSample.prefire() returned false? Try debugging the actor by selecting "Listen to Actor".  Also, for SDF check moml for tokenConsumptionRate on input.
  in .DESDFClockTest.Play Bell.Copy1:SDF Director and .DESDFClockTest.Play Bell.UpSample
	at ptolemy.actor.sched.StaticSchedulingDirector.fire(StaticSchedulingDirector.java:227)
	at ptolemy.domains.sdf.kernel.SDFDirector.fire(SDFDirector.java:500)
	at ptolemy.actor.CompositeActor.fire(CompositeActor.java:455)
	at ptolemy.domains.de.kernel.DEDirector._fire(DEDirector.java:1949)
	at ptolemy.domains.de.kernel.DEDirector.fire(DEDirector.java:502)
	at ptolemy.actor.CompositeActor.fire(CompositeActor.java:455)
	at ptolemy.actor.Manager.iterate(Manager.java:851)
	at ptolemy.actor.Manager.execute(Manager.java:369)
	at ptolemy.actor.Manager.run(Manager.java:1263)
	at ptolemy.actor.Manager$PtolemyRunThread.run(Manager.java:1915)
java.lang.RuntimeException: Execution failed
	at ptolemy.moml.MoMLSimpleApplication$UnloadThread.run(MoMLSimpleApplication.java:402)
Caused by: ptolemy.kernel.util.IllegalActionException: Test fails in iteration 1.
Value was: 1.0. Should have been: 2.0
  in .DirectFeedback.Test
	at ptolemy.actor.lib.Test.fire(Test.java:268)
	at ptolemy.domains.de.kernel.DEDirector._fire(DEDirector.java:1949)
	at ptolemy.domains.de.kernel.DEDirector.fire(DEDirector.java:502)
	at ptolemy.actor.CompositeActor.fire(CompositeActor.java:455)
	at ptolemy.actor.Manager.iterate(Manager.java:851)
	at ptolemy.actor.Manager.execute(Manager.java:369)
	at ptolemy.actor.Manager.run(Manager.java:1263)
	at ptolemy.actor.Manager$PtolemyRunThread.run(Manager.java:1915)
java.lang.reflect.InvocationTargetException
	at sun.reflect.NativeConstructorAccessorImpl.newInstance0(Native Method)
	at sun.reflect.NativeConstructorAccessorImpl.newInstance(NativeConstructorAccessorImpl.java:62)
	at sun.reflect.DelegatingConstructorAccessorImpl.newInstance(DelegatingConstructorAccessorImpl.java:45)
	at java.lang.reflect.Constructor.newInstance(Constructor.java:423)
	at ptolemy.util.test.junit.AutoKnownFailedTests.RunModel(AutoKnownFailedTests.java:105)
	at sun.reflect.NativeMethodAccessorImpl.invoke0(Native Method)
	at sun.reflect.NativeMethodAccessorImpl.invoke(NativeMethodAccessorImpl.java:62)
	at sun.reflect.DelegatingMethodAccessorImpl.invoke(DelegatingMethodAccessorImpl.java:43)
	at java.lang.reflect.Method.invoke(Method.java:498)
	at org.junit.runners.model.FrameworkMethod$1.runReflectiveCall(FrameworkMethod.java:44)
	at org.junit.internal.runners.model.ReflectiveCallable.run(ReflectiveCallable.java:15)
	at org.junit.runners.model.FrameworkMethod.invokeExplosively(FrameworkMethod.java:41)
	at junitparams.internal.InvokeParameterisedMethod.evaluate(InvokeParameterisedMethod.java:102)
	at org.junit.internal.runners.statements.FailOnTimeout$1.run(FailOnTimeout.java:28)
Caused by: ptolemy.kernel.util.IllegalActionException: Test fails in iteration 1.
Value was: 1.0. Should have been: 2.0
  in .DirectFeedback.Test
	at ptolemy.actor.lib.Test.fire(Test.java:268)
	at ptolemy.domains.de.kernel.DEDirector._fire(DEDirector.java:1949)
	at ptolemy.domains.de.kernel.DEDirector.fire(DEDirector.java:502)
	at ptolemy.actor.CompositeActor.fire(CompositeActor.java:455)
	at ptolemy.actor.Manager.iterate(Manager.java:851)
	at ptolemy.actor.Manager.execute(Manager.java:369)
	at ptolemy.actor.Manager.run(Manager.java:1263)
	at ptolemy.actor.Manager$PtolemyRunThread.run(Manager.java:1915)
java.lang.RuntimeException: Execution failed
	at ptolemy.moml.MoMLSimpleApplication$UnloadThread.run(MoMLSimpleApplication.java:402)
Caused by: ptolemy.kernel.util.IllegalActionException: Found a zero delay loop containing .HierarchicalModel.A
  in .HierarchicalModel and .HierarchicalModel.A
	at ptolemy.actor.util.CausalityInterfaceForComposites._computeOutputPortDepth(CausalityInterfaceForComposites.java:759)
	at ptolemy.actor.util.CausalityInterfaceForComposites._computeInputDepth(CausalityInterfaceForComposites.java:696)
	at ptolemy.actor.util.CausalityInterfaceForComposites._computeOutputPortDepth(CausalityInterfaceForComposites.java:765)
	at ptolemy.actor.util.CausalityInterfaceForComposites._computeInputDepth(CausalityInterfaceForComposites.java:696)
	at ptolemy.actor.util.CausalityInterfaceForComposites._computeOutputPortDepth(CausalityInterfaceForComposites.java:765)
	at ptolemy.actor.util.CausalityInterfaceForComposites._computeInputDepth(CausalityInterfaceForComposites.java:696)
	at ptolemy.actor.util.CausalityInterfaceForComposites._computeActorDepth(CausalityInterfaceForComposites.java:532)
	at ptolemy.actor.util.CausalityInterfaceForComposites.checkForCycles(CausalityInterfaceForComposites.java:96)
	at ptolemy.domains.de.kernel.DEDirector.preinitialize(DEDirector.java:1338)
	at ptolemy.actor.CompositeActor.preinitialize(CompositeActor.java:1828)
	at ptolemy.actor.Manager.preinitializeAndResolveTypes(Manager.java:1040)
	at ptolemy.actor.Manager.initialize(Manager.java:710)
	at ptolemy.actor.Manager.execute(Manager.java:356)
	at ptolemy.actor.Manager.run(Manager.java:1263)
	at ptolemy.actor.Manager$PtolemyRunThread.run(Manager.java:1915)
java.lang.reflect.InvocationTargetException
	at sun.reflect.NativeConstructorAccessorImpl.newInstance0(Native Method)
	at sun.reflect.NativeConstructorAccessorImpl.newInstance(NativeConstructorAccessorImpl.java:62)
	at sun.reflect.DelegatingConstructorAccessorImpl.newInstance(DelegatingConstructorAccessorImpl.java:45)
	at java.lang.reflect.Constructor.newInstance(Constructor.java:423)
	at ptolemy.util.test.junit.AutoKnownFailedTests.RunModel(AutoKnownFailedTests.java:105)
	at sun.reflect.NativeMethodAccessorImpl.invoke0(Native Method)
	at sun.reflect.NativeMethodAccessorImpl.invoke(NativeMethodAccessorImpl.java:62)
	at sun.reflect.DelegatingMethodAccessorImpl.invoke(DelegatingMethodAccessorImpl.java:43)
	at java.lang.reflect.Method.invoke(Method.java:498)
	at org.junit.runners.model.FrameworkMethod$1.runReflectiveCall(FrameworkMethod.java:44)
	at org.junit.internal.runners.model.ReflectiveCallable.run(ReflectiveCallable.java:15)
	at org.junit.runners.model.FrameworkMethod.invokeExplosively(FrameworkMethod.java:41)
	at junitparams.internal.InvokeParameterisedMethod.evaluate(InvokeParameterisedMethod.java:102)
	at org.junit.internal.runners.statements.FailOnTimeout$1.run(FailOnTimeout.java:28)
Caused by: ptolemy.kernel.util.IllegalActionException: Found a zero delay loop containing .HierarchicalModel.A
  in .HierarchicalModel and .HierarchicalModel.A
	at ptolemy.actor.util.CausalityInterfaceForComposites._computeOutputPortDepth(CausalityInterfaceForComposites.java:759)
	at ptolemy.actor.util.CausalityInterfaceForComposites._computeInputDepth(CausalityInterfaceForComposites.java:696)
	at ptolemy.actor.util.CausalityInterfaceForComposites._computeOutputPortDepth(CausalityInterfaceForComposites.java:765)
	at ptolemy.actor.util.CausalityInterfaceForComposites._computeInputDepth(CausalityInterfaceForComposites.java:696)
	at ptolemy.actor.util.CausalityInterfaceForComposites._computeOutputPortDepth(CausalityInterfaceForComposites.java:765)
	at ptolemy.actor.util.CausalityInterfaceForComposites._computeInputDepth(CausalityInterfaceForComposites.java:696)
	at ptolemy.actor.util.CausalityInterfaceForComposites._computeActorDepth(CausalityInterfaceForComposites.java:532)
	at ptolemy.actor.util.CausalityInterfaceForComposites.checkForCycles(CausalityInterfaceForComposites.java:96)
	at ptolemy.domains.de.kernel.DEDirector.preinitialize(DEDirector.java:1338)
	at ptolemy.actor.CompositeActor.preinitialize(CompositeActor.java:1828)
	at ptolemy.actor.Manager.preinitializeAndResolveTypes(Manager.java:1040)
	at ptolemy.actor.Manager.initialize(Manager.java:710)
	at ptolemy.actor.Manager.execute(Manager.java:356)
	at ptolemy.actor.Manager.run(Manager.java:1263)
	at ptolemy.actor.Manager$PtolemyRunThread.run(Manager.java:1915)
java.lang.RuntimeException: Execution failed
	at ptolemy.moml.MoMLSimpleApplication$UnloadThread.run(MoMLSimpleApplication.java:402)
Caused by: ptolemy.kernel.util.IllegalActionException: Found a zero delay loop containing .dependencyLoop.original
  in .dependencyLoop and .dependencyLoop.original
	at ptolemy.actor.util.CausalityInterfaceForComposites._computeOutputPortDepth(CausalityInterfaceForComposites.java:759)
	at ptolemy.actor.util.CausalityInterfaceForComposites._computeInputDepth(CausalityInterfaceForComposites.java:696)
	at ptolemy.actor.util.CausalityInterfaceForComposites._computeOutputPortDepth(CausalityInterfaceForComposites.java:765)
	at ptolemy.actor.util.CausalityInterfaceForComposites._computeInputDepth(CausalityInterfaceForComposites.java:696)
	at ptolemy.actor.util.CausalityInterfaceForComposites._computeOutputPortDepth(CausalityInterfaceForComposites.java:765)
	at ptolemy.actor.util.CausalityInterfaceForComposites._computeInputDepth(CausalityInterfaceForComposites.java:696)
	at ptolemy.actor.util.CausalityInterfaceForComposites._computeActorDepth(CausalityInterfaceForComposites.java:532)
	at ptolemy.actor.util.CausalityInterfaceForComposites.checkForCycles(CausalityInterfaceForComposites.java:96)
	at ptolemy.domains.de.kernel.DEDirector.preinitialize(DEDirector.java:1338)
	at ptolemy.actor.CompositeActor.preinitialize(CompositeActor.java:1828)
	at ptolemy.actor.Manager.preinitializeAndResolveTypes(Manager.java:1040)
	at ptolemy.actor.Manager.initialize(Manager.java:710)
	at ptolemy.actor.Manager.execute(Manager.java:356)
	at ptolemy.actor.Manager.run(Manager.java:1263)
	at ptolemy.actor.Manager$PtolemyRunThread.run(Manager.java:1915)
java.lang.reflect.InvocationTargetException
	at sun.reflect.NativeConstructorAccessorImpl.newInstance0(Native Method)
	at sun.reflect.NativeConstructorAccessorImpl.newInstance(NativeConstructorAccessorImpl.java:62)
	at sun.reflect.DelegatingConstructorAccessorImpl.newInstance(DelegatingConstructorAccessorImpl.java:45)
	at java.lang.reflect.Constructor.newInstance(Constructor.java:423)
	at ptolemy.util.test.junit.AutoKnownFailedTests.RunModel(AutoKnownFailedTests.java:105)
	at sun.reflect.NativeMethodAccessorImpl.invoke0(Native Method)
	at sun.reflect.NativeMethodAccessorImpl.invoke(NativeMethodAccessorImpl.java:62)
	at sun.reflect.DelegatingMethodAccessorImpl.invoke(DelegatingMethodAccessorImpl.java:43)
	at java.lang.reflect.Method.invoke(Method.java:498)
	at org.junit.runners.model.FrameworkMethod$1.runReflectiveCall(FrameworkMethod.java:44)
	at org.junit.internal.runners.model.ReflectiveCallable.run(ReflectiveCallable.java:15)
	at org.junit.runners.model.FrameworkMethod.invokeExplosively(FrameworkMethod.java:41)
	at junitparams.internal.InvokeParameterisedMethod.evaluate(InvokeParameterisedMethod.java:102)
	at org.junit.internal.runners.statements.FailOnTimeout$1.run(FailOnTimeout.java:28)
Caused by: ptolemy.kernel.util.IllegalActionException: Found a zero delay loop containing .dependencyLoop.original
  in .dependencyLoop and .dependencyLoop.original
	at ptolemy.actor.util.CausalityInterfaceForComposites._computeOutputPortDepth(CausalityInterfaceForComposites.java:759)
	at ptolemy.actor.util.CausalityInterfaceForComposites._computeInputDepth(CausalityInterfaceForComposites.java:696)
	at ptolemy.actor.util.CausalityInterfaceForComposites._computeOutputPortDepth(CausalityInterfaceForComposites.java:765)
	at ptolemy.actor.util.CausalityInterfaceForComposites._computeInputDepth(CausalityInterfaceForComposites.java:696)
	at ptolemy.actor.util.CausalityInterfaceForComposites._computeOutputPortDepth(CausalityInterfaceForComposites.java:765)
	at ptolemy.actor.util.CausalityInterfaceForComposites._computeInputDepth(CausalityInterfaceForComposites.java:696)
	at ptolemy.actor.util.CausalityInterfaceForComposites._computeActorDepth(CausalityInterfaceForComposites.java:532)
	at ptolemy.actor.util.CausalityInterfaceForComposites.checkForCycles(CausalityInterfaceForComposites.java:96)
	at ptolemy.domains.de.kernel.DEDirector.preinitialize(DEDirector.java:1338)
	at ptolemy.actor.CompositeActor.preinitialize(CompositeActor.java:1828)
	at ptolemy.actor.Manager.preinitializeAndResolveTypes(Manager.java:1040)
	at ptolemy.actor.Manager.initialize(Manager.java:710)
	at ptolemy.actor.Manager.execute(Manager.java:356)
	at ptolemy.actor.Manager.run(Manager.java:1263)
	at ptolemy.actor.Manager$PtolemyRunThread.run(Manager.java:1915)
java.lang.RuntimeException: Execution failed
	at ptolemy.moml.MoMLSimpleApplication$UnloadThread.run(MoMLSimpleApplication.java:402)
Caused by: ptolemy.kernel.util.IllegalActionException: Found a zero delay loop containing .dependencyLoop2.original
  in .dependencyLoop2 and .dependencyLoop2.original
	at ptolemy.actor.util.CausalityInterfaceForComposites._computeOutputPortDepth(CausalityInterfaceForComposites.java:759)
	at ptolemy.actor.util.CausalityInterfaceForComposites._computeInputDepth(CausalityInterfaceForComposites.java:696)
	at ptolemy.actor.util.CausalityInterfaceForComposites._computeOutputPortDepth(CausalityInterfaceForComposites.java:765)
	at ptolemy.actor.util.CausalityInterfaceForComposites._computeInputDepth(CausalityInterfaceForComposites.java:696)
	at ptolemy.actor.util.CausalityInterfaceForComposites._computeOutputPortDepth(CausalityInterfaceForComposites.java:765)
	at ptolemy.actor.util.CausalityInterfaceForComposites._computeInputDepth(CausalityInterfaceForComposites.java:696)
	at ptolemy.actor.util.CausalityInterfaceForComposites._computeActorDepth(CausalityInterfaceForComposites.java:532)
	at ptolemy.actor.util.CausalityInterfaceForComposites.checkForCycles(CausalityInterfaceForComposites.java:96)
	at ptolemy.domains.de.kernel.DEDirector.preinitialize(DEDirector.java:1338)
	at ptolemy.actor.CompositeActor.preinitialize(CompositeActor.java:1828)
	at ptolemy.actor.Manager.preinitializeAndResolveTypes(Manager.java:1040)
	at ptolemy.actor.Manager.initialize(Manager.java:710)
	at ptolemy.actor.Manager.execute(Manager.java:356)
	at ptolemy.actor.Manager.run(Manager.java:1263)
	at ptolemy.actor.Manager$PtolemyRunThread.run(Manager.java:1915)
java.lang.reflect.InvocationTargetException
	at sun.reflect.NativeConstructorAccessorImpl.newInstance0(Native Method)
	at sun.reflect.NativeConstructorAccessorImpl.newInstance(NativeConstructorAccessorImpl.java:62)
	at sun.reflect.DelegatingConstructorAccessorImpl.newInstance(DelegatingConstructorAccessorImpl.java:45)
	at java.lang.reflect.Constructor.newInstance(Constructor.java:423)
	at ptolemy.util.test.junit.AutoKnownFailedTests.RunModel(AutoKnownFailedTests.java:105)
	at sun.reflect.NativeMethodAccessorImpl.invoke0(Native Method)
	at sun.reflect.NativeMethodAccessorImpl.invoke(NativeMethodAccessorImpl.java:62)
	at sun.reflect.DelegatingMethodAccessorImpl.invoke(DelegatingMethodAccessorImpl.java:43)
	at java.lang.reflect.Method.invoke(Method.java:498)
	at org.junit.runners.model.FrameworkMethod$1.runReflectiveCall(FrameworkMethod.java:44)
	at org.junit.internal.runners.model.ReflectiveCallable.run(ReflectiveCallable.java:15)
	at org.junit.runners.model.FrameworkMethod.invokeExplosively(FrameworkMethod.java:41)
	at junitparams.internal.InvokeParameterisedMethod.evaluate(InvokeParameterisedMethod.java:102)
	at org.junit.internal.runners.statements.FailOnTimeout$1.run(FailOnTimeout.java:28)
Caused by: ptolemy.kernel.util.IllegalActionException: Found a zero delay loop containing .dependencyLoop2.original
  in .dependencyLoop2 and .dependencyLoop2.original
	at ptolemy.actor.util.CausalityInterfaceForComposites._computeOutputPortDepth(CausalityInterfaceForComposites.java:759)
	at ptolemy.actor.util.CausalityInterfaceForComposites._computeInputDepth(CausalityInterfaceForComposites.java:696)
	at ptolemy.actor.util.CausalityInterfaceForComposites._computeOutputPortDepth(CausalityInterfaceForComposites.java:765)
	at ptolemy.actor.util.CausalityInterfaceForComposites._computeInputDepth(CausalityInterfaceForComposites.java:696)
	at ptolemy.actor.util.CausalityInterfaceForComposites._computeOutputPortDepth(CausalityInterfaceForComposites.java:765)
	at ptolemy.actor.util.CausalityInterfaceForComposites._computeInputDepth(CausalityInterfaceForComposites.java:696)
	at ptolemy.actor.util.CausalityInterfaceForComposites._computeActorDepth(CausalityInterfaceForComposites.java:532)
	at ptolemy.actor.util.CausalityInterfaceForComposites.checkForCycles(CausalityInterfaceForComposites.java:96)
	at ptolemy.domains.de.kernel.DEDirector.preinitialize(DEDirector.java:1338)
	at ptolemy.actor.CompositeActor.preinitialize(CompositeActor.java:1828)
	at ptolemy.actor.Manager.preinitializeAndResolveTypes(Manager.java:1040)
	at ptolemy.actor.Manager.initialize(Manager.java:710)
	at ptolemy.actor.Manager.execute(Manager.java:356)
	at ptolemy.actor.Manager.run(Manager.java:1263)
	at ptolemy.actor.Manager$PtolemyRunThread.run(Manager.java:1915)
]]></system-err>
</testsuite>
