<?xml version="1.0" encoding="UTF-8" ?>
<testsuite errors="0" failures="0" hostname="travis-job-f5e563b6-f127-48e4-b8d1-9151c33ae1b2" name="ptolemy.domains.de.test.junit.JUnitTclTest" skipped="0" tests="101" time="123.686" timestamp="2018-06-08T20:33:28">
  <properties>
[...]
</properties>
  <testcase classname="ptolemy.util.test.junit.TclTests" name="[0] /home/travis/build/icyphy/ptII/ptolemy/domains/de/test/DependencyLoop.tcl (RunTclFile)" time="0.736" />
  <testcase classname="ptolemy.util.test.junit.TclTests" name="[1] /home/travis/build/icyphy/ptII/ptolemy/domains/de/test/RunDETestsAsQSS.tcl (RunTclFile)" time="84.725" />
  <testcase classname="ptolemy.util.test.junit.AutoKnownFailedTests" name="[0] /home/travis/build/icyphy/ptII/ptolemy/domains/de/test/auto/knownFailedTests/DESDFClockTest.xml (RunModel)" time="2.022" />
  <testcase classname="ptolemy.util.test.junit.AutoKnownFailedTests" name="[1] /home/travis/build/icyphy/ptII/ptolemy/domains/de/test/auto/knownFailedTests/DirectFeedback.xml (RunModel)" time="0.01" />
  <testcase classname="ptolemy.util.test.junit.AutoKnownFailedTests" name="[2] /home/travis/build/icyphy/ptII/ptolemy/domains/de/test/auto/knownFailedTests/FSMSource.xml (RunModel)" time="0.011" />
  <testcase classname="ptolemy.util.test.junit.AutoKnownFailedTests" name="[3] /home/travis/build/icyphy/ptII/ptolemy/domains/de/test/auto/knownFailedTests/HierarchicalModel.xml (RunModel)" time="0.026" />
  <testcase classname="ptolemy.util.test.junit.AutoKnownFailedTests" name="[4] /home/travis/build/icyphy/ptII/ptolemy/domains/de/test/auto/knownFailedTests/dependencyLoop.xml (RunModel)" time="0.021" />
  <testcase classname="ptolemy.util.test.junit.AutoKnownFailedTests" name="[5] /home/travis/build/icyphy/ptII/ptolemy/domains/de/test/auto/knownFailedTests/dependencyLoop2.xml (RunModel)" time="0.034" />
  <testcase classname="ptolemy.util.test.junit.AutoNameArchTests" name="[0] ThereAreNoAutoArchTests (RunModel)" time="0.0" />
  <testcase classname="ptolemy.util.test.junit.AutoTests" name="[0] /home/travis/build/icyphy/ptII/ptolemy/domains/de/test/auto/ActorDepthCalculation_actorWithoutPorts.xml (RunModel)" time="0.02" />
  <testcase classname="ptolemy.util.test.junit.AutoTests" name="[1] /home/travis/build/icyphy/ptII/ptolemy/domains/de/test/auto/AssemblyLine.xml (RunModel)" time="0.017" />
  <testcase classname="ptolemy.util.test.junit.AutoTests" name="[2] /home/travis/build/icyphy/ptII/ptolemy/domains/de/test/auto/CQBug1.xml (RunModel)" time="0.006" />
  <testcase classname="ptolemy.util.test.junit.AutoTests" name="[3] /home/travis/build/icyphy/ptII/ptolemy/domains/de/test/auto/CancelFireAt.xml (RunModel)" time="0.005" />
  <testcase classname="ptolemy.util.test.junit.AutoTests" name="[4] /home/travis/build/icyphy/ptII/ptolemy/domains/de/test/auto/CausalityAndComposabilityAnalysis.xml (RunModel)" time="0.012" />
  <testcase classname="ptolemy.util.test.junit.AutoTests" name="[5] /home/travis/build/icyphy/ptII/ptolemy/domains/de/test/auto/CausalityInterface1.xml (RunModel)" time="0.01" />
  <testcase classname="ptolemy.util.test.junit.AutoTests" name="[6] /home/travis/build/icyphy/ptII/ptolemy/domains/de/test/auto/CausalityInterface15.xml (RunModel)" time="0.008" />
  <testcase classname="ptolemy.util.test.junit.AutoTests" name="[7] /home/travis/build/icyphy/ptII/ptolemy/domains/de/test/auto/CausalityInterface2.xml (RunModel)" time="0.009" />
  <testcase classname="ptolemy.util.test.junit.AutoTests" name="[8] /home/travis/build/icyphy/ptII/ptolemy/domains/de/test/auto/CausalityInterface3.xml (RunModel)" time="0.008" />
  <testcase classname="ptolemy.util.test.junit.AutoTests" name="[9] /home/travis/build/icyphy/ptII/ptolemy/domains/de/test/auto/ClockDrift.xml (RunModel)" time="0.022" />
  <testcase classname="ptolemy.util.test.junit.AutoTests" name="[10] /home/travis/build/icyphy/ptII/ptolemy/domains/de/test/auto/ClockDriftAndValueChange.xml (RunModel)" time="0.02" />
  <testcase classname="ptolemy.util.test.junit.AutoTests" name="[11] /home/travis/build/icyphy/ptII/ptolemy/domains/de/test/auto/ClockDriftChange.xml (RunModel)" time="0.018" />
  <testcase classname="ptolemy.util.test.junit.AutoTests" name="[12] /home/travis/build/icyphy/ptII/ptolemy/domains/de/test/auto/ComposableCausalityAnalysis.xml (RunModel)" time="0.012" />
  <testcase classname="ptolemy.util.test.junit.AutoTests" name="[13] /home/travis/build/icyphy/ptII/ptolemy/domains/de/test/auto/DEFixedPointLimitation.xml (RunModel)" time="0.013" />
  <testcase classname="ptolemy.util.test.junit.AutoTests" name="[14] /home/travis/build/icyphy/ptII/ptolemy/domains/de/test/auto/DEScheduleTest.xml (RunModel)" time="0.007" />
  <testcase classname="ptolemy.util.test.junit.AutoTests" name="[15] /home/travis/build/icyphy/ptII/ptolemy/domains/de/test/auto/DEinDEwithStartTimes.xml (RunModel)" time="0.009" />
  <testcase classname="ptolemy.util.test.junit.AutoTests" name="[16] /home/travis/build/icyphy/ptII/ptolemy/domains/de/test/auto/DEinDEwithStartTimes2.xml (RunModel)" time="0.012" />
  <testcase classname="ptolemy.util.test.junit.AutoTests" name="[17] /home/travis/build/icyphy/ptII/ptolemy/domains/de/test/auto/DateDemo.xml (RunModel)" time="0.021" />
  <testcase classname="ptolemy.util.test.junit.AutoTests" name="[18] /home/travis/build/icyphy/ptII/ptolemy/domains/de/test/auto/DateToEvent.xml (RunModel)" time="2.028" />
  <testcase classname="ptolemy.util.test.junit.AutoTests" name="[19] /home/travis/build/icyphy/ptII/ptolemy/domains/de/test/auto/DepthTest1.xml (RunModel)" time="0.009" />
  <testcase classname="ptolemy.util.test.junit.AutoTests" name="[20] /home/travis/build/icyphy/ptII/ptolemy/domains/de/test/auto/DepthTest2.xml (RunModel)" time="0.013" />
  <testcase classname="ptolemy.util.test.junit.AutoTests" name="[21] /home/travis/build/icyphy/ptII/ptolemy/domains/de/test/auto/DepthTest3.xml (RunModel)" time="0.006" />
  <testcase classname="ptolemy.util.test.junit.AutoTests" name="[22] /home/travis/build/icyphy/ptII/ptolemy/domains/de/test/auto/DepthTest4.xml (RunModel)" time="0.008" />
  <testcase classname="ptolemy.util.test.junit.AutoTests" name="[23] /home/travis/build/icyphy/ptII/ptolemy/domains/de/test/auto/DepthTest5.xml (RunModel)" time="0.009" />
  <testcase classname="ptolemy.util.test.junit.AutoTests" name="[24] /home/travis/build/icyphy/ptII/ptolemy/domains/de/test/auto/DepthTest6.xml (RunModel)" time="0.011" />
  <testcase classname="ptolemy.util.test.junit.AutoTests" name="[25] /home/travis/build/icyphy/ptII/ptolemy/domains/de/test/auto/DepthTest7.xml (RunModel)" time="0.015" />
  <testcase classname="ptolemy.util.test.junit.AutoTests" name="[26] /home/travis/build/icyphy/ptII/ptolemy/domains/de/test/auto/EventToDate.xml (RunModel)" time="3.032" />
  <testcase classname="ptolemy.util.test.junit.AutoTests" name="[27] /home/travis/build/icyphy/ptII/ptolemy/domains/de/test/auto/FSM1.xml (RunModel)" time="0.04" />
  <testcase classname="ptolemy.util.test.junit.AutoTests" name="[28] /home/travis/build/icyphy/ptII/ptolemy/domains/de/test/auto/FSM7.xml (RunModel)" time="0.026" />
  <testcase classname="ptolemy.util.test.junit.AutoTests" name="[29] /home/travis/build/icyphy/ptII/ptolemy/domains/de/test/auto/Inspection.xml (RunModel)" time="0.024" />
  <testcase classname="ptolemy.util.test.junit.AutoTests" name="[30] /home/travis/build/icyphy/ptII/ptolemy/domains/de/test/auto/Iteration.xml (RunModel)" time="0.012" />
  <testcase classname="ptolemy.util.test.junit.AutoTests" name="[31] /home/travis/build/icyphy/ptII/ptolemy/domains/de/test/auto/LineFault.xml (RunModel)" time="0.37" />
  <testcase classname="ptolemy.util.test.junit.AutoTests" name="[32] /home/travis/build/icyphy/ptII/ptolemy/domains/de/test/auto/MergeModel1Add.xml (RunModel)" time="0.035" />
  <testcase classname="ptolemy.util.test.junit.AutoTests" name="[33] /home/travis/build/icyphy/ptII/ptolemy/domains/de/test/auto/MergeModel2Add.xml (RunModel)" time="0.031" />
  <testcase classname="ptolemy.util.test.junit.AutoTests" name="[34] /home/travis/build/icyphy/ptII/ptolemy/domains/de/test/auto/MergeModel3Add.xml (RunModel)" time="0.028" />
  <testcase classname="ptolemy.util.test.junit.AutoTests" name="[35] /home/travis/build/icyphy/ptII/ptolemy/domains/de/test/auto/MergeWithoutDiscard.xml (RunModel)" time="0.007" />
  <testcase classname="ptolemy.util.test.junit.AutoTests" name="[36] /home/travis/build/icyphy/ptII/ptolemy/domains/de/test/auto/Modal1.xml (RunModel)" time="0.021" />
  <testcase classname="ptolemy.util.test.junit.AutoTests" name="[37] /home/travis/build/icyphy/ptII/ptolemy/domains/de/test/auto/Modal2.xml (RunModel)" time="0.024" />
  <testcase classname="ptolemy.util.test.junit.AutoTests" name="[38] /home/travis/build/icyphy/ptII/ptolemy/domains/de/test/auto/Modal3.xml (RunModel)" time="0.022" />
  <testcase classname="ptolemy.util.test.junit.AutoTests" name="[39] /home/travis/build/icyphy/ptII/ptolemy/domains/de/test/auto/Modal4.xml (RunModel)" time="0.031" />
  <testcase classname="ptolemy.util.test.junit.AutoTests" name="[40] /home/travis/build/icyphy/ptII/ptolemy/domains/de/test/auto/Modal5.xml (RunModel)" time="0.024" />
  <testcase classname="ptolemy.util.test.junit.AutoTests" name="[41] /home/travis/build/icyphy/ptII/ptolemy/domains/de/test/auto/Modal6.xml (RunModel)" time="0.021" />
  <testcase classname="ptolemy.util.test.junit.AutoTests" name="[42] /home/travis/build/icyphy/ptII/ptolemy/domains/de/test/auto/Modal7.xml (RunModel)" time="0.023" />
  <testcase classname="ptolemy.util.test.junit.AutoTests" name="[43] /home/travis/build/icyphy/ptII/ptolemy/domains/de/test/auto/ModalModel.xml (RunModel)" time="0.16" />
  <testcase classname="ptolemy.util.test.junit.AutoTests" name="[44] /home/travis/build/icyphy/ptII/ptolemy/domains/de/test/auto/ModalSource.xml (RunModel)" time="0.012" />
  <testcase classname="ptolemy.util.test.junit.AutoTests" name="[45] /home/travis/build/icyphy/ptII/ptolemy/domains/de/test/auto/NonInterruptibleTimerZeroDelay.xml (RunModel)" time="0.007" />
  <testcase classname="ptolemy.util.test.junit.AutoTests" name="[46] /home/travis/build/icyphy/ptII/ptolemy/domains/de/test/auto/OpenQueueingNetwork.xml (RunModel)" time="2.009" />
  <testcase classname="ptolemy.util.test.junit.AutoTests" name="[47] /home/travis/build/icyphy/ptII/ptolemy/domains/de/test/auto/OpenQueuingNetwork.xml (RunModel)" time="0.278" />
  <testcase classname="ptolemy.util.test.junit.AutoTests" name="[48] /home/travis/build/icyphy/ptII/ptolemy/domains/de/test/auto/PeriodicSampler.xml (RunModel)" time="0.011" />
  <testcase classname="ptolemy.util.test.junit.AutoTests" name="[49] /home/travis/build/icyphy/ptII/ptolemy/domains/de/test/auto/PersistentIO.xml (RunModel)" time="0.019" />
  <testcase classname="ptolemy.util.test.junit.AutoTests" name="[50] /home/travis/build/icyphy/ptII/ptolemy/domains/de/test/auto/PortParameterResetOnInitialize.xml (RunModel)" time="0.008" />
  <testcase classname="ptolemy.util.test.junit.AutoTests" name="[51] /home/travis/build/icyphy/ptII/ptolemy/domains/de/test/auto/PortParameterUpdates.xml (RunModel)" time="0.016" />
  <testcase classname="ptolemy.util.test.junit.AutoTests" name="[52] /home/travis/build/icyphy/ptII/ptolemy/domains/de/test/auto/QueueAndServer.xml (RunModel)" time="0.02" />
  <testcase classname="ptolemy.util.test.junit.AutoTests" name="[53] /home/travis/build/icyphy/ptII/ptolemy/domains/de/test/auto/Records.xml (RunModel)" time="0.014" />
  <testcase classname="ptolemy.util.test.junit.AutoTests" name="[54] /home/travis/build/icyphy/ptII/ptolemy/domains/de/test/auto/ResetTransitionWithStartTime1.xml (RunModel)" time="0.02" />
  <testcase classname="ptolemy.util.test.junit.AutoTests" name="[55] /home/travis/build/icyphy/ptII/ptolemy/domains/de/test/auto/ResetTransitionWithStartTime2.xml (RunModel)" time="0.018" />
  <testcase classname="ptolemy.util.test.junit.AutoTests" name="[56] /home/travis/build/icyphy/ptII/ptolemy/domains/de/test/auto/ResetTransitionWithStartTime3.xml (RunModel)" time="0.021" />
  <testcase classname="ptolemy.util.test.junit.AutoTests" name="[57] /home/travis/build/icyphy/ptII/ptolemy/domains/de/test/auto/ResetTransitionWithStartTime4.xml (RunModel)" time="0.02" />
  <testcase classname="ptolemy.util.test.junit.AutoTests" name="[58] /home/travis/build/icyphy/ptII/ptolemy/domains/de/test/auto/ResettableTimer1.xml (RunModel)" time="0.01" />
  <testcase classname="ptolemy.util.test.junit.AutoTests" name="[59] /home/travis/build/icyphy/ptII/ptolemy/domains/de/test/auto/ResettableTimer2.xml (RunModel)" time="0.009" />
  <testcase classname="ptolemy.util.test.junit.AutoTests" name="[60] /home/travis/build/icyphy/ptII/ptolemy/domains/de/test/auto/ResettableTimer3.xml (RunModel)" time="0.01" />
  <testcase classname="ptolemy.util.test.junit.AutoTests" name="[61] /home/travis/build/icyphy/ptII/ptolemy/domains/de/test/auto/ResettableTimer4.xml (RunModel)" time="0.01" />
  <testcase classname="ptolemy.util.test.junit.AutoTests" name="[62] /home/travis/build/icyphy/ptII/ptolemy/domains/de/test/auto/ResettableTimer5.xml (RunModel)" time="0.009" />
  <testcase classname="ptolemy.util.test.junit.AutoTests" name="[63] /home/travis/build/icyphy/ptII/ptolemy/domains/de/test/auto/ResettableTimer6.xml (RunModel)" time="0.017" />
  <testcase classname="ptolemy.util.test.junit.AutoTests" name="[64] /home/travis/build/icyphy/ptII/ptolemy/domains/de/test/auto/ServerZeroDelay.xml (RunModel)" time="0.01" />
  <testcase classname="ptolemy.util.test.junit.AutoTests" name="[65] /home/travis/build/icyphy/ptII/ptolemy/domains/de/test/auto/SmartSender.xml (RunModel)" time="3.009" />
  <testcase classname="ptolemy.util.test.junit.AutoTests" name="[66] /home/travis/build/icyphy/ptII/ptolemy/domains/de/test/auto/ThreadedComposite.xml (RunModel)" time="0.144" />
  <testcase classname="ptolemy.util.test.junit.AutoTests" name="[67] /home/travis/build/icyphy/ptII/ptolemy/domains/de/test/auto/Time.xml (RunModel)" time="0.451" />
  <testcase classname="ptolemy.util.test.junit.AutoTests" name="[68] /home/travis/build/icyphy/ptII/ptolemy/domains/de/test/auto/TimeDelayZeroDelay.xml (RunModel)" time="0.012" />
  <testcase classname="ptolemy.util.test.junit.AutoTests" name="[69] /home/travis/build/icyphy/ptII/ptolemy/domains/de/test/auto/TimerZeroDelay.xml (RunModel)" time="0.011" />
  <testcase classname="ptolemy.util.test.junit.AutoTests" name="[70] /home/travis/build/icyphy/ptII/ptolemy/domains/de/test/auto/TimingParadox.xml (RunModel)" time="0.342" />
  <testcase classname="ptolemy.util.test.junit.AutoTests" name="[71] /home/travis/build/icyphy/ptII/ptolemy/domains/de/test/auto/TransferInputs.xml (RunModel)" time="0.009" />
  <testcase classname="ptolemy.util.test.junit.AutoTests" name="[72] /home/travis/build/icyphy/ptII/ptolemy/domains/de/test/auto/TransferOutputs2.xml (RunModel)" time="0.016" />
  <testcase classname="ptolemy.util.test.junit.AutoTests" name="[73] /home/travis/build/icyphy/ptII/ptolemy/domains/de/test/auto/Trilateration.xml (RunModel)" time="10.863" />
  <testcase classname="ptolemy.util.test.junit.AutoTests" name="[74] /home/travis/build/icyphy/ptII/ptolemy/domains/de/test/auto/TwoSigmaDelta.xml (RunModel)" time="1.939" />
  <testcase classname="ptolemy.util.test.junit.AutoTests" name="[75] /home/travis/build/icyphy/ptII/ptolemy/domains/de/test/auto/VariableDelay.xml (RunModel)" time="0.014" />
  <testcase classname="ptolemy.util.test.junit.AutoTests" name="[76] /home/travis/build/icyphy/ptII/ptolemy/domains/de/test/auto/VariableDelay2.xml (RunModel)" time="0.007" />
  <testcase classname="ptolemy.util.test.junit.AutoTests" name="[77] /home/travis/build/icyphy/ptII/ptolemy/domains/de/test/auto/VariableDelayZeroDelay.xml (RunModel)" time="0.01" />
  <testcase classname="ptolemy.util.test.junit.AutoTests" name="[78] /home/travis/build/icyphy/ptII/ptolemy/domains/de/test/auto/VariableDelayZeroDelay2.xml (RunModel)" time="0.009" />
  <testcase classname="ptolemy.util.test.junit.AutoTests" name="[79] /home/travis/build/icyphy/ptII/ptolemy/domains/de/test/auto/deInCt.xml (RunModel)" time="0.017" />
  <testcase classname="ptolemy.util.test.junit.AutoTests" name="[80] /home/travis/build/icyphy/ptII/ptolemy/domains/de/test/auto/deInCt2.xml (RunModel)" time="0.019" />
  <testcase classname="ptolemy.util.test.junit.AutoTests" name="[81] /home/travis/build/icyphy/ptII/ptolemy/domains/de/test/auto/dynamicCausalityInterface1.xml (RunModel)" time="0.023" />
  <testcase classname="ptolemy.util.test.junit.AutoTests" name="[82] /home/travis/build/icyphy/ptII/ptolemy/domains/de/test/auto/fsm_de_test.xml (RunModel)" time="0.034" />
  <testcase classname="ptolemy.util.test.junit.AutoTests" name="[83] /home/travis/build/icyphy/ptII/ptolemy/domains/de/test/auto/functionDependencyReconstruction.xml (RunModel)" time="0.036" />
  <testcase classname="ptolemy.util.test.junit.AutoTests" name="[84] /home/travis/build/icyphy/ptII/ptolemy/domains/de/test/auto/multirate.xml (RunModel)" time="0.016" />
  <testcase classname="ptolemy.util.test.junit.AutoTests" name="[85] /home/travis/build/icyphy/ptII/ptolemy/domains/de/test/auto/multirate2.xml (RunModel)" time="0.018" />
  <testcase classname="ptolemy.util.test.junit.AutoTests" name="[86] /home/travis/build/icyphy/ptII/ptolemy/domains/de/test/auto/realtime.xml (RunModel)" time="10.009" />
  <testcase classname="ptolemy.util.test.junit.AutoTests" name="[87] /home/travis/build/icyphy/ptII/ptolemy/domains/de/test/auto/relationGroup.xml (RunModel)" time="0.007" />
  <testcase classname="ptolemy.util.test.junit.AutoTests" name="[88] /home/travis/build/icyphy/ptII/ptolemy/domains/de/test/auto/relationGroup2.xml (RunModel)" time="0.01" />
  <testcase classname="ptolemy.util.test.junit.AutoTests" name="[89] /home/travis/build/icyphy/ptII/ptolemy/domains/de/test/auto/sortWithOpaquePorts.xml (RunModel)" time="0.007" />
  <testcase classname="ptolemy.util.test.junit.AutoTests" name="[90] /home/travis/build/icyphy/ptII/ptolemy/domains/de/test/auto/transferInputsandOutputs.xml (RunModel)" time="0.017" />
  <testcase classname="ptolemy.util.test.junit.AutoTests" name="[91] /home/travis/build/icyphy/ptII/ptolemy/domains/de/test/auto/triggerType.xml (RunModel)" time="0.008" />
  <system-out><![CDATA[/home/travis/build/icyphy/ptII/ptolemy/domains/de/test/DependencyLoop.tcl
testDefs.tcl: setting time out to 9000 seconds at Fri Jun 08 20:33:28 UTC 2018
17 ms. Memory: 116224K Free: 95037K (82%)
7 ms. Memory: 146944K Free: 137814K (94%)
/home/travis/build/icyphy/ptII/ptolemy/domains/de/test/RunDETestsAsQSS.tcl
Run the DE tests using ptolemy.domains.qss.test.QSSDirectorTest, which extends QSSDirector and prints a message in the constructors.
------------------ testing $PTII/ptolemy/domains/de/test/auto/knownFailedTests/dependencyLoop.xml (Known Failure) 
7 ms. Memory: 146944K Free: 133540K (91%)


==== $PTIIhome/travis/build/icyphy/ptII/ptolemy/domains/de/test/../../../../: Auto Automatic test in file $PTII/ptolemy/domains/de/test/auto/knownFailedTests/dependencyLoop.xml
==== Contents of test case:

	    # FIXME: we should use $relativeFilename here, but it
	    # might have backslashes under Windows, which causes no end
	    # of trouble.
	    createAndExecute $file
	    list {}
	
.... Test generated KNOWN error:
    while executing
ptolemy.kernel.util.IllegalActionException: Found a zero delay loop containing .dependencyLoop.original
  in .dependencyLoop and .dependencyLoop.original
	at ptolemy.actor.util.CausalityInterfaceForComposites._computeOutputPortDepth(CausalityInterfaceForComposites.java:759)
	at ptolemy.actor.util.CausalityInterfaceForComposites._computeInputDepth(CausalityInterfaceForComposites.java:696)
	at ptolemy.actor.util.CausalityInterfaceForComposites._computeOutputPortDepth(CausalityInterfaceForComposites.java:765)
	at ptolemy.actor.util.CausalityInterfaceForComposites._computeInputDepth(CausalityInterfaceForComposites.java:696)
	at ptolemy.actor.util.CausalityInterfaceForComposites._computeOutputPortDepth(CausalityInterfaceForComposites.java:765)
	at ptolemy.actor.util.CausalityInterfaceForComposites._computeInputDepth(CausalityInterfaceForComposites.java:696)
	at ptolemy.actor.util.CausalityInterfaceForComposites._computeActorDepth(CausalityInterfaceForComposites.java:532)
	at ptolemy.actor.util.CausalityInterfaceForComposites.checkForCycles(CausalityInterfaceForComposites.java:96)
	at ptolemy.domains.de.kernel.DEDirector.preinitialize(DEDirector.java:1337)
	at ptolemy.actor.CompositeActor.preinitialize(CompositeActor.java:1828)
	at ptolemy.actor.Manager.preinitializeAndResolveTypes(Manager.java:1040)
	at ptolemy.actor.Manager.initialize(Manager.java:710)
	at ptolemy.actor.Manager.execute(Manager.java:356)
	at ptolemy.actor.Manager.run(Manager.java:1263)
	at ptolemy.actor.Manager$PtolemyRunThread.run(Manager.java:1915)

    while executing
ptolemy.kernel.util.IllegalActionException: Found a zero delay loop containing .dependencyLoop.original
  in .dependencyLoop and .dependencyLoop.original
    while executing
"java::new ptolemy.moml.MoMLSimpleApplication $file
"
    (procedure "createAndExecute" line 2)
    invoked from within
"createAndExecute $file"
    ("uplevel" body line 5)
    invoked from within
"uplevel $contents_of_test"
------------------ testing $PTII/ptolemy/domains/de/test/auto/knownFailedTests/DESDFClockTest.xml (Known Failure) 
2076 ms. Memory: 146944K Free: 117729K (80%)


==== $PTIIhome/travis/build/icyphy/ptII/ptolemy/domains/de/test/../../../../: Auto Automatic test in file $PTII/ptolemy/domains/de/test/auto/knownFailedTests/DESDFClockTest.xml
==== Contents of test case:

	    # FIXME: we should use $relativeFilename here, but it
	    # might have backslashes under Windows, which causes no end
	    # of trouble.
	    createAndExecute $file
	    list {}
	
.... Test generated KNOWN error:
    while executing
ptolemy.kernel.util.IllegalActionException: Actor is not ready to fire.  Perhaps UpSample.prefire() returned false? Try debugging the actor by selecting "Listen to Actor".  Also, for SDF check moml for tokenConsumptionRate on input.
  in .DESDFClockTest.Play Bell.Copy1:SDF Director and .DESDFClockTest.Play Bell.UpSample
	at ptolemy.actor.sched.StaticSchedulingDirector.fire(StaticSchedulingDirector.java:227)
	at ptolemy.domains.sdf.kernel.SDFDirector.fire(SDFDirector.java:500)
	at ptolemy.actor.CompositeActor.fire(CompositeActor.java:455)
	at ptolemy.domains.de.kernel.DEDirector._fire(DEDirector.java:1948)
	at ptolemy.domains.de.kernel.DEDirector.fire(DEDirector.java:502)
	at ptolemy.actor.CompositeActor.fire(CompositeActor.java:455)
	at ptolemy.actor.Manager.iterate(Manager.java:851)
	at ptolemy.actor.Manager.execute(Manager.java:369)
	at ptolemy.actor.Manager.run(Manager.java:1263)
	at ptolemy.actor.Manager$PtolemyRunThread.run(Manager.java:1915)

    while executing
ptolemy.kernel.util.IllegalActionException: Actor is not ready to fire.  Perhaps UpSample.prefire() returned false? Try debugging the actor by selecting "Listen to Actor".  Also, for SDF check moml for tokenConsumptionRate on input.
  in .DESDFClockTest.Play Bell.Copy1:SDF Director and .DESDFClockTest.Play Bell.UpSample
    while executing
"java::new ptolemy.moml.MoMLSimpleApplication $file
"
    (procedure "createAndExecute" line 2)
    invoked from within
"createAndExecute $file"
    ("uplevel" body line 5)
    invoked from within
"uplevel $contents_of_test"
------------------ testing $PTII/ptolemy/domains/de/test/auto/knownFailedTests/FSMSource.xml (Known Failure) 
30 ms. Memory: 146944K Free: 108716K (74%)
!!!! Auto was marked as failing, but now passes
------------------ testing $PTII/ptolemy/domains/de/test/auto/knownFailedTests/dependencyLoop2.xml (Known Failure) 
6 ms. Memory: 146944K Free: 106833K (73%)


==== $PTIIhome/travis/build/icyphy/ptII/ptolemy/domains/de/test/../../../../: Auto Automatic test in file $PTII/ptolemy/domains/de/test/auto/knownFailedTests/dependencyLoop2.xml
==== Contents of test case:

	    # FIXME: we should use $relativeFilename here, but it
	    # might have backslashes under Windows, which causes no end
	    # of trouble.
	    createAndExecute $file
	    list {}
	
.... Test generated KNOWN error:
    while executing
ptolemy.kernel.util.IllegalActionException: Found a zero delay loop containing .dependencyLoop2.original
  in .dependencyLoop2 and .dependencyLoop2.original
	at ptolemy.actor.util.CausalityInterfaceForComposites._computeOutputPortDepth(CausalityInterfaceForComposites.java:759)
	at ptolemy.actor.util.CausalityInterfaceForComposites._computeInputDepth(CausalityInterfaceForComposites.java:696)
	at ptolemy.actor.util.CausalityInterfaceForComposites._computeOutputPortDepth(CausalityInterfaceForComposites.java:765)
	at ptolemy.actor.util.CausalityInterfaceForComposites._computeInputDepth(CausalityInterfaceForComposites.java:696)
	at ptolemy.actor.util.CausalityInterfaceForComposites._computeOutputPortDepth(CausalityInterfaceForComposites.java:765)
	at ptolemy.actor.util.CausalityInterfaceForComposites._computeInputDepth(CausalityInterfaceForComposites.java:696)
	at ptolemy.actor.util.CausalityInterfaceForComposites._computeActorDepth(CausalityInterfaceForComposites.java:532)
	at ptolemy.actor.util.CausalityInterfaceForComposites.checkForCycles(CausalityInterfaceForComposites.java:96)
	at ptolemy.domains.de.kernel.DEDirector.preinitialize(DEDirector.java:1337)
	at ptolemy.actor.CompositeActor.preinitialize(CompositeActor.java:1828)
	at ptolemy.actor.Manager.preinitializeAndResolveTypes(Manager.java:1040)
	at ptolemy.actor.Manager.initialize(Manager.java:710)
	at ptolemy.actor.Manager.execute(Manager.java:356)
	at ptolemy.actor.Manager.run(Manager.java:1263)
	at ptolemy.actor.Manager$PtolemyRunThread.run(Manager.java:1915)

    while executing
ptolemy.kernel.util.IllegalActionException: Found a zero delay loop containing .dependencyLoop2.original
  in .dependencyLoop2 and .dependencyLoop2.original
    while executing
"java::new ptolemy.moml.MoMLSimpleApplication $file
"
    (procedure "createAndExecute" line 2)
    invoked from within
"createAndExecute $file"
    ("uplevel" body line 5)
    invoked from within
"uplevel $contents_of_test"
------------------ testing $PTII/ptolemy/domains/de/test/auto/knownFailedTests/HierarchicalModel.xml (Known Failure) 
14 ms. Memory: 146944K Free: 86316K (59%)


==== $PTIIhome/travis/build/icyphy/ptII/ptolemy/domains/de/test/../../../../: Auto Automatic test in file $PTII/ptolemy/domains/de/test/auto/knownFailedTests/HierarchicalModel.xml
==== Contents of test case:

	    # FIXME: we should use $relativeFilename here, but it
	    # might have backslashes under Windows, which causes no end
	    # of trouble.
	    createAndExecute $file
	    list {}
	
.... Test generated KNOWN error:
    while executing
ptolemy.kernel.util.IllegalActionException: Found a zero delay loop containing .HierarchicalModel.A
  in .HierarchicalModel and .HierarchicalModel.A
	at ptolemy.actor.util.CausalityInterfaceForComposites._computeOutputPortDepth(CausalityInterfaceForComposites.java:759)
	at ptolemy.actor.util.CausalityInterfaceForComposites._computeInputDepth(CausalityInterfaceForComposites.java:696)
	at ptolemy.actor.util.CausalityInterfaceForComposites._computeOutputPortDepth(CausalityInterfaceForComposites.java:765)
	at ptolemy.actor.util.CausalityInterfaceForComposites._computeInputDepth(CausalityInterfaceForComposites.java:696)
	at ptolemy.actor.util.CausalityInterfaceForComposites._computeOutputPortDepth(CausalityInterfaceForComposites.java:765)
	at ptolemy.actor.util.CausalityInterfaceForComposites._computeInputDepth(CausalityInterfaceForComposites.java:696)
	at ptolemy.actor.util.CausalityInterfaceForComposites._computeActorDepth(CausalityInterfaceForComposites.java:532)
	at ptolemy.actor.util.CausalityInterfaceForComposites.checkForCycles(CausalityInterfaceForComposites.java:96)
	at ptolemy.domains.de.kernel.DEDirector.preinitialize(DEDirector.java:1337)
	at ptolemy.actor.CompositeActor.preinitialize(CompositeActor.java:1828)
	at ptolemy.actor.Manager.preinitializeAndResolveTypes(Manager.java:1040)
	at ptolemy.actor.Manager.initialize(Manager.java:710)
	at ptolemy.actor.Manager.execute(Manager.java:356)
	at ptolemy.actor.Manager.run(Manager.java:1263)
	at ptolemy.actor.Manager$PtolemyRunThread.run(Manager.java:1915)

    while executing
ptolemy.kernel.util.IllegalActionException: Found a zero delay loop containing .HierarchicalModel.A
  in .HierarchicalModel and .HierarchicalModel.A
    while executing
"java::new ptolemy.moml.MoMLSimpleApplication $file
"
    (procedure "createAndExecute" line 2)
    invoked from within
"createAndExecute $file"
    ("uplevel" body line 5)
    invoked from within
"uplevel $contents_of_test"
------------------ testing $PTII/ptolemy/domains/de/test/auto/knownFailedTests/DirectFeedback.xml (Known Failure) 
17 ms. Memory: 146944K Free: 142572K (97%)


==== $PTIIhome/travis/build/icyphy/ptII/ptolemy/domains/de/test/../../../../: Auto Automatic test in file $PTII/ptolemy/domains/de/test/auto/knownFailedTests/DirectFeedback.xml
==== Contents of test case:

	    # FIXME: we should use $relativeFilename here, but it
	    # might have backslashes under Windows, which causes no end
	    # of trouble.
	    createAndExecute $file
	    list {}
	
.... Test generated KNOWN error:
    while executing
ptolemy.kernel.util.IllegalActionException: Test fails in iteration 1.
Value was: 1.0. Should have been: 2.0
  in .DirectFeedback.Test
	at ptolemy.actor.lib.Test.fire(Test.java:268)
	at ptolemy.domains.de.kernel.DEDirector._fire(DEDirector.java:1948)
	at ptolemy.domains.de.kernel.DEDirector.fire(DEDirector.java:502)
	at ptolemy.actor.CompositeActor.fire(CompositeActor.java:455)
	at ptolemy.actor.Manager.iterate(Manager.java:851)
	at ptolemy.actor.Manager.execute(Manager.java:369)
	at ptolemy.actor.Manager.run(Manager.java:1263)
	at ptolemy.actor.Manager$PtolemyRunThread.run(Manager.java:1915)

    while executing
ptolemy.kernel.util.IllegalActionException: Test fails in iteration 1.
Value was: 1.0. Should have been: 2.0
  in .DirectFeedback.Test
    while executing
"java::new ptolemy.moml.MoMLSimpleApplication $file
"
    (procedure "createAndExecute" line 2)
    invoked from within
"createAndExecute $file"
    ("uplevel" body line 5)
    invoked from within
"uplevel $contents_of_test"
------------------ testing $PTII/ptolemy/domains/de/test/auto/ActorDepthCalculation_actorWithoutPorts.xml
auto.tcl: Setting watchdog for 200 seconds at Fri Jun 08 20:33:31 UTC 2018
7 ms. Memory: 146944K Free: 133602K (91%)
ptolemy.util.test.WatchDog.cancel(): canceling Fri Jun 08 20:33:31 UTC 2018
auto.tcl: Setting watchdog for 200 seconds at Fri Jun 08 20:33:31 UTC 2018
4 ms. Memory: 146944K Free: 132563K (90%)
ptolemy.util.test.WatchDog.cancel(): canceling Fri Jun 08 20:33:31 UTC 2018
------------------ testing $PTII/ptolemy/domains/de/test/auto/AssemblyLine.xml
auto.tcl: Setting watchdog for 200 seconds at Fri Jun 08 20:33:32 UTC 2018
14 ms. Memory: 208384K Free: 182821K (88%)
ptolemy.util.test.WatchDog.cancel(): canceling Fri Jun 08 20:33:32 UTC 2018
auto.tcl: Setting watchdog for 200 seconds at Fri Jun 08 20:33:32 UTC 2018
8 ms. Memory: 208384K Free: 182821K (88%)
ptolemy.util.test.WatchDog.cancel(): canceling Fri Jun 08 20:33:32 UTC 2018
------------------ testing $PTII/ptolemy/domains/de/test/auto/CQBug1.xml
auto.tcl: Setting watchdog for 200 seconds at Fri Jun 08 20:33:32 UTC 2018
4 ms. Memory: 208384K Free: 197709K (95%)
ptolemy.util.test.WatchDog.cancel(): canceling Fri Jun 08 20:33:32 UTC 2018
auto.tcl: Setting watchdog for 200 seconds at Fri Jun 08 20:33:32 UTC 2018
2 ms. Memory: 208384K Free: 197709K (95%)
ptolemy.util.test.WatchDog.cancel(): canceling Fri Jun 08 20:33:32 UTC 2018
------------------ testing $PTII/ptolemy/domains/de/test/auto/CancelFireAt.xml
auto.tcl: Setting watchdog for 200 seconds at Fri Jun 08 20:33:32 UTC 2018
4 ms. Memory: 208384K Free: 201436K (97%)
ptolemy.util.test.WatchDog.cancel(): canceling Fri Jun 08 20:33:32 UTC 2018
auto.tcl: Setting watchdog for 200 seconds at Fri Jun 08 20:33:32 UTC 2018
4 ms. Memory: 208384K Free: 199329K (96%)
ptolemy.util.test.WatchDog.cancel(): canceling Fri Jun 08 20:33:32 UTC 2018
------------------ testing $PTII/ptolemy/domains/de/test/auto/CausalityAndComposabilityAnalysis.xml
auto.tcl: Setting watchdog for 200 seconds at Fri Jun 08 20:33:32 UTC 2018
12 ms. Memory: 208384K Free: 196482K (94%)
ptolemy.util.test.WatchDog.cancel(): canceling Fri Jun 08 20:33:32 UTC 2018
auto.tcl: Setting watchdog for 200 seconds at Fri Jun 08 20:33:32 UTC 2018
10 ms. Memory: 208384K Free: 196482K (94%)
ptolemy.util.test.WatchDog.cancel(): canceling Fri Jun 08 20:33:32 UTC 2018
------------------ testing $PTII/ptolemy/domains/de/test/auto/CausalityInterface1.xml
auto.tcl: Setting watchdog for 200 seconds at Fri Jun 08 20:33:32 UTC 2018
9 ms. Memory: 208384K Free: 196420K (94%)
ptolemy.util.test.WatchDog.cancel(): canceling Fri Jun 08 20:33:32 UTC 2018
auto.tcl: Setting watchdog for 200 seconds at Fri Jun 08 20:33:32 UTC 2018
4 ms. Memory: 208384K Free: 196420K (94%)
ptolemy.util.test.WatchDog.cancel(): canceling Fri Jun 08 20:33:32 UTC 2018
------------------ testing $PTII/ptolemy/domains/de/test/auto/CausalityInterface15.xml
auto.tcl: Setting watchdog for 200 seconds at Fri Jun 08 20:33:32 UTC 2018
5 ms. Memory: 208384K Free: 196411K (94%)
ptolemy.util.test.WatchDog.cancel(): canceling Fri Jun 08 20:33:32 UTC 2018
auto.tcl: Setting watchdog for 200 seconds at Fri Jun 08 20:33:32 UTC 2018
11 ms. Memory: 208384K Free: 196411K (94%)
ptolemy.util.test.WatchDog.cancel(): canceling Fri Jun 08 20:33:32 UTC 2018
------------------ testing $PTII/ptolemy/domains/de/test/auto/CausalityInterface2.xml
auto.tcl: Setting watchdog for 200 seconds at Fri Jun 08 20:33:32 UTC 2018
7 ms. Memory: 208384K Free: 196395K (94%)
ptolemy.util.test.WatchDog.cancel(): canceling Fri Jun 08 20:33:33 UTC 2018
auto.tcl: Setting watchdog for 200 seconds at Fri Jun 08 20:33:33 UTC 2018
3 ms. Memory: 208384K Free: 196395K (94%)
ptolemy.util.test.WatchDog.cancel(): canceling Fri Jun 08 20:33:33 UTC 2018
------------------ testing $PTII/ptolemy/domains/de/test/auto/CausalityInterface3.xml
auto.tcl: Setting watchdog for 200 seconds at Fri Jun 08 20:33:33 UTC 2018
4 ms. Memory: 208384K Free: 196407K (94%)
ptolemy.util.test.WatchDog.cancel(): canceling Fri Jun 08 20:33:33 UTC 2018
auto.tcl: Setting watchdog for 200 seconds at Fri Jun 08 20:33:33 UTC 2018
3 ms. Memory: 208384K Free: 196407K (94%)
ptolemy.util.test.WatchDog.cancel(): canceling Fri Jun 08 20:33:33 UTC 2018
------------------ testing $PTII/ptolemy/domains/de/test/auto/ClockDrift.xml
auto.tcl: Setting watchdog for 200 seconds at Fri Jun 08 20:33:33 UTC 2018
99 ms. Memory: 208384K Free: 187618K (90%)
ptolemy.util.test.WatchDog.cancel(): canceling Fri Jun 08 20:33:33 UTC 2018
auto.tcl: Setting watchdog for 200 seconds at Fri Jun 08 20:33:33 UTC 2018
40 ms. Memory: 208384K Free: 185511K (89%)
ptolemy.util.test.WatchDog.cancel(): canceling Fri Jun 08 20:33:33 UTC 2018
------------------ testing $PTII/ptolemy/domains/de/test/auto/ClockDriftAndValueChange.xml
auto.tcl: Setting watchdog for 200 seconds at Fri Jun 08 20:33:33 UTC 2018
29 ms. Memory: 208384K Free: 187454K (90%)
ptolemy.util.test.WatchDog.cancel(): canceling Fri Jun 08 20:33:33 UTC 2018
auto.tcl: Setting watchdog for 200 seconds at Fri Jun 08 20:33:33 UTC 2018
38 ms. Memory: 208384K Free: 185347K (89%)
ptolemy.util.test.WatchDog.cancel(): canceling Fri Jun 08 20:33:33 UTC 2018
------------------ testing $PTII/ptolemy/domains/de/test/auto/ClockDriftChange.xml
auto.tcl: Setting watchdog for 200 seconds at Fri Jun 08 20:33:33 UTC 2018
32 ms. Memory: 208384K Free: 190784K (92%)
ptolemy.util.test.WatchDog.cancel(): canceling Fri Jun 08 20:33:33 UTC 2018
auto.tcl: Setting watchdog for 200 seconds at Fri Jun 08 20:33:33 UTC 2018
26 ms. Memory: 208384K Free: 188676K (91%)
ptolemy.util.test.WatchDog.cancel(): canceling Fri Jun 08 20:33:33 UTC 2018
------------------ testing $PTII/ptolemy/domains/de/test/auto/ComposableCausalityAnalysis.xml
auto.tcl: Setting watchdog for 200 seconds at Fri Jun 08 20:33:33 UTC 2018
1 ms. Memory: 208384K Free: 196263K (94%)
ptolemy.util.test.WatchDog.cancel(): canceling Fri Jun 08 20:33:33 UTC 2018
auto.tcl: Setting watchdog for 200 seconds at Fri Jun 08 20:33:33 UTC 2018
2 ms. Memory: 208384K Free: 194156K (93%)
ptolemy.util.test.WatchDog.cancel(): canceling Fri Jun 08 20:33:33 UTC 2018
------------------ testing $PTII/ptolemy/domains/de/test/auto/DEFixedPointLimitation.xml
auto.tcl: Setting watchdog for 200 seconds at Fri Jun 08 20:33:33 UTC 2018
2 ms. Memory: 208384K Free: 196343K (94%)
ptolemy.util.test.WatchDog.cancel(): canceling Fri Jun 08 20:33:33 UTC 2018
auto.tcl: Setting watchdog for 200 seconds at Fri Jun 08 20:33:33 UTC 2018
2 ms. Memory: 208384K Free: 196343K (94%)
ptolemy.util.test.WatchDog.cancel(): canceling Fri Jun 08 20:33:33 UTC 2018
------------------ testing $PTII/ptolemy/domains/de/test/auto/DEScheduleTest.xml
auto.tcl: Setting watchdog for 200 seconds at Fri Jun 08 20:33:33 UTC 2018
4 ms. Memory: 208384K Free: 198486K (95%)
ptolemy.util.test.WatchDog.cancel(): canceling Fri Jun 08 20:33:33 UTC 2018
auto.tcl: Setting watchdog for 200 seconds at Fri Jun 08 20:33:33 UTC 2018
5 ms. Memory: 208384K Free: 196379K (94%)
ptolemy.util.test.WatchDog.cancel(): canceling Fri Jun 08 20:33:33 UTC 2018
------------------ testing $PTII/ptolemy/domains/de/test/auto/DEinDEwithStartTimes.xml
auto.tcl: Setting watchdog for 200 seconds at Fri Jun 08 20:33:33 UTC 2018
4 ms. Memory: 208384K Free: 196348K (94%)
ptolemy.util.test.WatchDog.cancel(): canceling Fri Jun 08 20:33:33 UTC 2018
auto.tcl: Setting watchdog for 200 seconds at Fri Jun 08 20:33:33 UTC 2018
4 ms. Memory: 208384K Free: 194241K (93%)
ptolemy.util.test.WatchDog.cancel(): canceling Fri Jun 08 20:33:33 UTC 2018
------------------ testing $PTII/ptolemy/domains/de/test/auto/DEinDEwithStartTimes2.xml
auto.tcl: Setting watchdog for 200 seconds at Fri Jun 08 20:33:34 UTC 2018
5 ms. Memory: 208384K Free: 196328K (94%)
ptolemy.util.test.WatchDog.cancel(): canceling Fri Jun 08 20:33:34 UTC 2018
auto.tcl: Setting watchdog for 200 seconds at Fri Jun 08 20:33:34 UTC 2018
4 ms. Memory: 208384K Free: 194221K (93%)
ptolemy.util.test.WatchDog.cancel(): canceling Fri Jun 08 20:33:34 UTC 2018
------------------ testing $PTII/ptolemy/domains/de/test/auto/DateDemo.xml
auto.tcl: Setting watchdog for 200 seconds at Fri Jun 08 20:33:34 UTC 2018
16 ms. Memory: 208384K Free: 188736K (91%)
ptolemy.util.test.WatchDog.cancel(): canceling Fri Jun 08 20:33:34 UTC 2018
auto.tcl: Setting watchdog for 200 seconds at Fri Jun 08 20:33:34 UTC 2018
8 ms. Memory: 208384K Free: 186629K (90%)
ptolemy.util.test.WatchDog.cancel(): canceling Fri Jun 08 20:33:34 UTC 2018
------------------ testing $PTII/ptolemy/domains/de/test/auto/DateToEvent.xml
auto.tcl: Setting watchdog for 200 seconds at Fri Jun 08 20:33:34 UTC 2018
2009 ms. Memory: 208384K Free: 183422K (88%)
ptolemy.util.test.WatchDog.cancel(): canceling Fri Jun 08 20:33:36 UTC 2018
auto.tcl: Setting watchdog for 200 seconds at Fri Jun 08 20:33:36 UTC 2018
2006 ms. Memory: 208384K Free: 180964K (87%)
ptolemy.util.test.WatchDog.cancel(): canceling Fri Jun 08 20:33:38 UTC 2018
------------------ testing $PTII/ptolemy/domains/de/test/auto/DepthTest1.xml
auto.tcl: Setting watchdog for 200 seconds at Fri Jun 08 20:33:38 UTC 2018
3 ms. Memory: 208384K Free: 198352K (95%)
ptolemy.util.test.WatchDog.cancel(): canceling Fri Jun 08 20:33:38 UTC 2018
auto.tcl: Setting watchdog for 200 seconds at Fri Jun 08 20:33:38 UTC 2018
4 ms. Memory: 208384K Free: 198352K (95%)
ptolemy.util.test.WatchDog.cancel(): canceling Fri Jun 08 20:33:38 UTC 2018
------------------ testing $PTII/ptolemy/domains/de/test/auto/DepthTest2.xml
auto.tcl: Setting watchdog for 200 seconds at Fri Jun 08 20:33:38 UTC 2018
4 ms. Memory: 208384K Free: 194201K (93%)
ptolemy.util.test.WatchDog.cancel(): canceling Fri Jun 08 20:33:38 UTC 2018
auto.tcl: Setting watchdog for 200 seconds at Fri Jun 08 20:33:38 UTC 2018
6 ms. Memory: 208384K Free: 194201K (93%)
ptolemy.util.test.WatchDog.cancel(): canceling Fri Jun 08 20:33:38 UTC 2018
------------------ testing $PTII/ptolemy/domains/de/test/auto/DepthTest3.xml
auto.tcl: Setting watchdog for 200 seconds at Fri Jun 08 20:33:38 UTC 2018
2 ms. Memory: 208384K Free: 198685K (95%)
ptolemy.util.test.WatchDog.cancel(): canceling Fri Jun 08 20:33:38 UTC 2018
auto.tcl: Setting watchdog for 200 seconds at Fri Jun 08 20:33:38 UTC 2018
2 ms. Memory: 208384K Free: 198685K (95%)
ptolemy.util.test.WatchDog.cancel(): canceling Fri Jun 08 20:33:38 UTC 2018
------------------ testing $PTII/ptolemy/domains/de/test/auto/DepthTest4.xml
auto.tcl: Setting watchdog for 200 seconds at Fri Jun 08 20:33:38 UTC 2018
4 ms. Memory: 208384K Free: 196327K (94%)
ptolemy.util.test.WatchDog.cancel(): canceling Fri Jun 08 20:33:38 UTC 2018
auto.tcl: Setting watchdog for 200 seconds at Fri Jun 08 20:33:38 UTC 2018
2 ms. Memory: 208384K Free: 196327K (94%)
ptolemy.util.test.WatchDog.cancel(): canceling Fri Jun 08 20:33:38 UTC 2018
------------------ testing $PTII/ptolemy/domains/de/test/auto/DepthTest5.xml
auto.tcl: Setting watchdog for 200 seconds at Fri Jun 08 20:33:38 UTC 2018
3 ms. Memory: 208384K Free: 196612K (94%)
ptolemy.util.test.WatchDog.cancel(): canceling Fri Jun 08 20:33:38 UTC 2018
auto.tcl: Setting watchdog for 200 seconds at Fri Jun 08 20:33:38 UTC 2018
3 ms. Memory: 208384K Free: 196612K (94%)
ptolemy.util.test.WatchDog.cancel(): canceling Fri Jun 08 20:33:38 UTC 2018
------------------ testing $PTII/ptolemy/domains/de/test/auto/DepthTest6.xml
auto.tcl: Setting watchdog for 200 seconds at Fri Jun 08 20:33:38 UTC 2018
13 ms. Memory: 208384K Free: 196243K (94%)
ptolemy.util.test.WatchDog.cancel(): canceling Fri Jun 08 20:33:38 UTC 2018
auto.tcl: Setting watchdog for 200 seconds at Fri Jun 08 20:33:38 UTC 2018
3 ms. Memory: 208384K Free: 196243K (94%)
ptolemy.util.test.WatchDog.cancel(): canceling Fri Jun 08 20:33:38 UTC 2018
------------------ testing $PTII/ptolemy/domains/de/test/auto/DepthTest7.xml
auto.tcl: Setting watchdog for 200 seconds at Fri Jun 08 20:33:38 UTC 2018
3 ms. Memory: 208384K Free: 196231K (94%)
ptolemy.util.test.WatchDog.cancel(): canceling Fri Jun 08 20:33:38 UTC 2018
auto.tcl: Setting watchdog for 200 seconds at Fri Jun 08 20:33:38 UTC 2018
2 ms. Memory: 208384K Free: 196231K (94%)
ptolemy.util.test.WatchDog.cancel(): canceling Fri Jun 08 20:33:38 UTC 2018
------------------ testing $PTII/ptolemy/domains/de/test/auto/EventToDate.xml
auto.tcl: Setting watchdog for 200 seconds at Fri Jun 08 20:33:38 UTC 2018
3007 ms. Memory: 208384K Free: 185718K (89%)
ptolemy.util.test.WatchDog.cancel(): canceling Fri Jun 08 20:33:41 UTC 2018
auto.tcl: Setting watchdog for 200 seconds at Fri Jun 08 20:33:41 UTC 2018
3005 ms. Memory: 208384K Free: 185718K (89%)
ptolemy.util.test.WatchDog.cancel(): canceling Fri Jun 08 20:33:44 UTC 2018
------------------ testing $PTII/ptolemy/domains/de/test/auto/FSM1.xml
auto.tcl: Setting watchdog for 200 seconds at Fri Jun 08 20:33:44 UTC 2018
22 ms. Memory: 208384K Free: 189268K (91%)
ptolemy.util.test.WatchDog.cancel(): canceling Fri Jun 08 20:33:45 UTC 2018
auto.tcl: Setting watchdog for 200 seconds at Fri Jun 08 20:33:45 UTC 2018
17 ms. Memory: 208384K Free: 185054K (89%)
ptolemy.util.test.WatchDog.cancel(): canceling Fri Jun 08 20:33:45 UTC 2018
------------------ testing $PTII/ptolemy/domains/de/test/auto/FSM7.xml
auto.tcl: Setting watchdog for 200 seconds at Fri Jun 08 20:33:45 UTC 2018
31 ms. Memory: 208384K Free: 187365K (90%)
ptolemy.util.test.WatchDog.cancel(): canceling Fri Jun 08 20:33:45 UTC 2018
auto.tcl: Setting watchdog for 200 seconds at Fri Jun 08 20:33:45 UTC 2018
22 ms. Memory: 208384K Free: 185258K (89%)
ptolemy.util.test.WatchDog.cancel(): canceling Fri Jun 08 20:33:45 UTC 2018
------------------ testing $PTII/ptolemy/domains/de/test/auto/Inspection.xml
auto.tcl: Setting watchdog for 200 seconds at Fri Jun 08 20:33:45 UTC 2018
41 ms. Memory: 208384K Free: 188915K (91%)
ptolemy.util.test.WatchDog.cancel(): canceling Fri Jun 08 20:33:45 UTC 2018
auto.tcl: Setting watchdog for 200 seconds at Fri Jun 08 20:33:45 UTC 2018
32 ms. Memory: 208384K Free: 186807K (90%)
ptolemy.util.test.WatchDog.cancel(): canceling Fri Jun 08 20:33:45 UTC 2018
------------------ testing $PTII/ptolemy/domains/de/test/auto/Iteration.xml
auto.tcl: Setting watchdog for 200 seconds at Fri Jun 08 20:33:45 UTC 2018
12 ms. Memory: 208384K Free: 194266K (93%)
ptolemy.util.test.WatchDog.cancel(): canceling Fri Jun 08 20:33:45 UTC 2018
auto.tcl: Setting watchdog for 200 seconds at Fri Jun 08 20:33:45 UTC 2018
11 ms. Memory: 208384K Free: 194266K (93%)
ptolemy.util.test.WatchDog.cancel(): canceling Fri Jun 08 20:33:45 UTC 2018
------------------ testing $PTII/ptolemy/domains/de/test/auto/LineFault.xml
auto.tcl: Setting watchdog for 200 seconds at Fri Jun 08 20:33:45 UTC 2018
762 ms. Memory: 208384K Free: 194790K (93%)
ptolemy.util.test.WatchDog.cancel(): canceling Fri Jun 08 20:33:46 UTC 2018
auto.tcl: Setting watchdog for 200 seconds at Fri Jun 08 20:33:46 UTC 2018
611 ms. Memory: 208384K Free: 137242K (66%)
ptolemy.util.test.WatchDog.cancel(): canceling Fri Jun 08 20:33:47 UTC 2018
------------------ testing $PTII/ptolemy/domains/de/test/auto/MergeModel1Add.xml
auto.tcl: Setting watchdog for 200 seconds at Fri Jun 08 20:33:47 UTC 2018
18 ms. Memory: 208384K Free: 180065K (86%)
ptolemy.util.test.WatchDog.cancel(): canceling Fri Jun 08 20:33:47 UTC 2018
auto.tcl: Setting watchdog for 200 seconds at Fri Jun 08 20:33:47 UTC 2018
11 ms. Memory: 208384K Free: 178085K (85%)
ptolemy.util.test.WatchDog.cancel(): canceling Fri Jun 08 20:33:47 UTC 2018
------------------ testing $PTII/ptolemy/domains/de/test/auto/MergeModel2Add.xml
auto.tcl: Setting watchdog for 200 seconds at Fri Jun 08 20:33:47 UTC 2018
15 ms. Memory: 208384K Free: 181404K (87%)
ptolemy.util.test.WatchDog.cancel(): canceling Fri Jun 08 20:33:47 UTC 2018
auto.tcl: Setting watchdog for 200 seconds at Fri Jun 08 20:33:47 UTC 2018
11 ms. Memory: 208384K Free: 179440K (86%)
ptolemy.util.test.WatchDog.cancel(): canceling Fri Jun 08 20:33:47 UTC 2018
------------------ testing $PTII/ptolemy/domains/de/test/auto/MergeModel3Add.xml
auto.tcl: Setting watchdog for 200 seconds at Fri Jun 08 20:33:47 UTC 2018
10 ms. Memory: 208384K Free: 181406K (87%)
ptolemy.util.test.WatchDog.cancel(): canceling Fri Jun 08 20:33:47 UTC 2018
auto.tcl: Setting watchdog for 200 seconds at Fri Jun 08 20:33:47 UTC 2018
10 ms. Memory: 208384K Free: 179441K (86%)
ptolemy.util.test.WatchDog.cancel(): canceling Fri Jun 08 20:33:47 UTC 2018
------------------ testing $PTII/ptolemy/domains/de/test/auto/MergeWithoutDiscard.xml
auto.tcl: Setting watchdog for 200 seconds at Fri Jun 08 20:33:47 UTC 2018
6 ms. Memory: 208384K Free: 196624K (94%)
ptolemy.util.test.WatchDog.cancel(): canceling Fri Jun 08 20:33:47 UTC 2018
auto.tcl: Setting watchdog for 200 seconds at Fri Jun 08 20:33:47 UTC 2018
2 ms. Memory: 208384K Free: 196624K (94%)
ptolemy.util.test.WatchDog.cancel(): canceling Fri Jun 08 20:33:47 UTC 2018
------------------ testing $PTII/ptolemy/domains/de/test/auto/Modal1.xml
auto.tcl: Setting watchdog for 200 seconds at Fri Jun 08 20:33:47 UTC 2018
17 ms. Memory: 208384K Free: 185946K (89%)
ptolemy.util.test.WatchDog.cancel(): canceling Fri Jun 08 20:33:47 UTC 2018
auto.tcl: Setting watchdog for 200 seconds at Fri Jun 08 20:33:47 UTC 2018
20 ms. Memory: 208384K Free: 183981K (88%)
ptolemy.util.test.WatchDog.cancel(): canceling Fri Jun 08 20:33:47 UTC 2018
------------------ testing $PTII/ptolemy/domains/de/test/auto/Modal2.xml
auto.tcl: Setting watchdog for 200 seconds at Fri Jun 08 20:33:47 UTC 2018
17 ms. Memory: 208384K Free: 188277K (90%)
ptolemy.util.test.WatchDog.cancel(): canceling Fri Jun 08 20:33:47 UTC 2018
auto.tcl: Setting watchdog for 200 seconds at Fri Jun 08 20:33:47 UTC 2018
16 ms. Memory: 208384K Free: 186312K (89%)
ptolemy.util.test.WatchDog.cancel(): canceling Fri Jun 08 20:33:47 UTC 2018
------------------ testing $PTII/ptolemy/domains/de/test/auto/Modal3.xml
auto.tcl: Setting watchdog for 200 seconds at Fri Jun 08 20:33:47 UTC 2018
15 ms. Memory: 208384K Free: 188426K (90%)
ptolemy.util.test.WatchDog.cancel(): canceling Fri Jun 08 20:33:48 UTC 2018
auto.tcl: Setting watchdog for 200 seconds at Fri Jun 08 20:33:48 UTC 2018
9 ms. Memory: 208384K Free: 184337K (88%)
ptolemy.util.test.WatchDog.cancel(): canceling Fri Jun 08 20:33:48 UTC 2018
------------------ testing $PTII/ptolemy/domains/de/test/auto/Modal4.xml
auto.tcl: Setting watchdog for 200 seconds at Fri Jun 08 20:33:48 UTC 2018
12 ms. Memory: 208384K Free: 187060K (90%)
ptolemy.util.test.WatchDog.cancel(): canceling Fri Jun 08 20:33:48 UTC 2018
auto.tcl: Setting watchdog for 200 seconds at Fri Jun 08 20:33:48 UTC 2018
14 ms. Memory: 208384K Free: 183114K (88%)
ptolemy.util.test.WatchDog.cancel(): canceling Fri Jun 08 20:33:48 UTC 2018
------------------ testing $PTII/ptolemy/domains/de/test/auto/Modal5.xml
auto.tcl: Setting watchdog for 200 seconds at Fri Jun 08 20:33:48 UTC 2018
17 ms. Memory: 208384K Free: 187039K (90%)
ptolemy.util.test.WatchDog.cancel(): canceling Fri Jun 08 20:33:48 UTC 2018
auto.tcl: Setting watchdog for 200 seconds at Fri Jun 08 20:33:48 UTC 2018
13 ms. Memory: 208384K Free: 183101K (88%)
ptolemy.util.test.WatchDog.cancel(): canceling Fri Jun 08 20:33:48 UTC 2018
------------------ testing $PTII/ptolemy/domains/de/test/auto/Modal6.xml
auto.tcl: Setting watchdog for 200 seconds at Fri Jun 08 20:33:48 UTC 2018
15 ms. Memory: 208384K Free: 187163K (90%)
ptolemy.util.test.WatchDog.cancel(): canceling Fri Jun 08 20:33:48 UTC 2018
auto.tcl: Setting watchdog for 200 seconds at Fri Jun 08 20:33:48 UTC 2018
15 ms. Memory: 208384K Free: 183232K (88%)
ptolemy.util.test.WatchDog.cancel(): canceling Fri Jun 08 20:33:48 UTC 2018
------------------ testing $PTII/ptolemy/domains/de/test/auto/Modal7.xml
auto.tcl: Setting watchdog for 200 seconds at Fri Jun 08 20:33:48 UTC 2018
9 ms. Memory: 208384K Free: 188249K (90%)
ptolemy.util.test.WatchDog.cancel(): canceling Fri Jun 08 20:33:48 UTC 2018
auto.tcl: Setting watchdog for 200 seconds at Fri Jun 08 20:33:48 UTC 2018
11 ms. Memory: 208384K Free: 184303K (88%)
ptolemy.util.test.WatchDog.cancel(): canceling Fri Jun 08 20:33:48 UTC 2018
------------------ testing $PTII/ptolemy/domains/de/test/auto/ModalModel.xml
auto.tcl: Setting watchdog for 200 seconds at Fri Jun 08 20:33:48 UTC 2018
223 ms. Memory: 208384K Free: 127584K (61%)
ptolemy.util.test.WatchDog.cancel(): canceling Fri Jun 08 20:33:48 UTC 2018
auto.tcl: Setting watchdog for 200 seconds at Fri Jun 08 20:33:48 UTC 2018
209 ms. Memory: 200192K Free: 184387K (92%)
ptolemy.util.test.WatchDog.cancel(): canceling Fri Jun 08 20:33:49 UTC 2018
------------------ testing $PTII/ptolemy/domains/de/test/auto/ModalSource.xml
auto.tcl: Setting watchdog for 200 seconds at Fri Jun 08 20:33:49 UTC 2018
6 ms. Memory: 200192K Free: 185799K (93%)
ptolemy.util.test.WatchDog.cancel(): canceling Fri Jun 08 20:33:49 UTC 2018
auto.tcl: Setting watchdog for 200 seconds at Fri Jun 08 20:33:49 UTC 2018
6 ms. Memory: 200192K Free: 182396K (91%)
ptolemy.util.test.WatchDog.cancel(): canceling Fri Jun 08 20:33:49 UTC 2018
------------------ testing $PTII/ptolemy/domains/de/test/auto/NonInterruptibleTimerZeroDelay.xml
auto.tcl: Setting watchdog for 200 seconds at Fri Jun 08 20:33:49 UTC 2018
3 ms. Memory: 199680K Free: 189324K (95%)
ptolemy.util.test.WatchDog.cancel(): canceling Fri Jun 08 20:33:49 UTC 2018
auto.tcl: Setting watchdog for 200 seconds at Fri Jun 08 20:33:49 UTC 2018
2 ms. Memory: 199680K Free: 187634K (94%)
ptolemy.util.test.WatchDog.cancel(): canceling Fri Jun 08 20:33:49 UTC 2018
------------------ testing $PTII/ptolemy/domains/de/test/auto/OpenQueueingNetwork.xml
auto.tcl: Setting watchdog for 200 seconds at Fri Jun 08 20:33:49 UTC 2018
3109 ms. Memory: 191488K Free: 157261K (82%)
ptolemy.util.test.WatchDog.cancel(): canceling Fri Jun 08 20:33:52 UTC 2018
auto.tcl: Setting watchdog for 200 seconds at Fri Jun 08 20:33:52 UTC 2018
2048 ms. Memory: 174592K Free: 99385K (57%)
ptolemy.util.test.WatchDog.cancel(): canceling Fri Jun 08 20:33:54 UTC 2018
------------------ testing $PTII/ptolemy/domains/de/test/auto/OpenQueuingNetwork.xml
auto.tcl: Setting watchdog for 200 seconds at Fri Jun 08 20:33:54 UTC 2018
249 ms. Memory: 173056K Free: 76554K (44%)
ptolemy.util.test.WatchDog.cancel(): canceling Fri Jun 08 20:33:54 UTC 2018
auto.tcl: Setting watchdog for 200 seconds at Fri Jun 08 20:33:54 UTC 2018
176 ms. Memory: 170496K Free: 106076K (62%)
ptolemy.util.test.WatchDog.cancel(): canceling Fri Jun 08 20:33:55 UTC 2018
------------------ testing $PTII/ptolemy/domains/de/test/auto/PeriodicSampler.xml
auto.tcl: Setting watchdog for 200 seconds at Fri Jun 08 20:33:55 UTC 2018
2 ms. Memory: 169984K Free: 158613K (93%)
ptolemy.util.test.WatchDog.cancel(): canceling Fri Jun 08 20:33:55 UTC 2018
auto.tcl: Setting watchdog for 200 seconds at Fri Jun 08 20:33:55 UTC 2018
2 ms. Memory: 169984K Free: 158613K (93%)
ptolemy.util.test.WatchDog.cancel(): canceling Fri Jun 08 20:33:55 UTC 2018
------------------ testing $PTII/ptolemy/domains/de/test/auto/PersistentIO.xml
auto.tcl: Setting watchdog for 200 seconds at Fri Jun 08 20:33:55 UTC 2018
5 ms. Memory: 171008K Free: 154396K (90%)
ptolemy.util.test.WatchDog.cancel(): canceling Fri Jun 08 20:33:55 UTC 2018
auto.tcl: Setting watchdog for 200 seconds at Fri Jun 08 20:33:55 UTC 2018
4 ms. Memory: 171008K Free: 154396K (90%)
ptolemy.util.test.WatchDog.cancel(): canceling Fri Jun 08 20:33:55 UTC 2018
------------------ testing $PTII/ptolemy/domains/de/test/auto/PortParameterResetOnInitialize.xml
auto.tcl: Setting watchdog for 200 seconds at Fri Jun 08 20:33:55 UTC 2018
2 ms. Memory: 169984K Free: 159077K (94%)
ptolemy.util.test.WatchDog.cancel(): canceling Fri Jun 08 20:33:55 UTC 2018
auto.tcl: Setting watchdog for 200 seconds at Fri Jun 08 20:33:55 UTC 2018
2 ms. Memory: 169984K Free: 159077K (94%)
ptolemy.util.test.WatchDog.cancel(): canceling Fri Jun 08 20:33:55 UTC 2018
------------------ testing $PTII/ptolemy/domains/de/test/auto/PortParameterUpdates.xml
auto.tcl: Setting watchdog for 200 seconds at Fri Jun 08 20:33:55 UTC 2018
3 ms. Memory: 171008K Free: 158773K (93%)
ptolemy.util.test.WatchDog.cancel(): canceling Fri Jun 08 20:33:55 UTC 2018
auto.tcl: Setting watchdog for 200 seconds at Fri Jun 08 20:33:55 UTC 2018
4 ms. Memory: 171008K Free: 157320K (92%)
ptolemy.util.test.WatchDog.cancel(): canceling Fri Jun 08 20:33:55 UTC 2018
------------------ testing $PTII/ptolemy/domains/de/test/auto/QueueAndServer.xml
auto.tcl: Setting watchdog for 200 seconds at Fri Jun 08 20:33:55 UTC 2018
15 ms. Memory: 169984K Free: 156193K (92%)
ptolemy.util.test.WatchDog.cancel(): canceling Fri Jun 08 20:33:55 UTC 2018
auto.tcl: Setting watchdog for 200 seconds at Fri Jun 08 20:33:55 UTC 2018
7 ms. Memory: 169984K Free: 154723K (91%)
ptolemy.util.test.WatchDog.cancel(): canceling Fri Jun 08 20:33:55 UTC 2018
------------------ testing $PTII/ptolemy/domains/de/test/auto/Records.xml
auto.tcl: Setting watchdog for 200 seconds at Fri Jun 08 20:33:55 UTC 2018
7 ms. Memory: 171008K Free: 158686K (93%)
ptolemy.util.test.WatchDog.cancel(): canceling Fri Jun 08 20:33:55 UTC 2018
auto.tcl: Setting watchdog for 200 seconds at Fri Jun 08 20:33:55 UTC 2018
2 ms. Memory: 171008K Free: 158642K (93%)
ptolemy.util.test.WatchDog.cancel(): canceling Fri Jun 08 20:33:55 UTC 2018
------------------ testing $PTII/ptolemy/domains/de/test/auto/ResetTransitionWithStartTime1.xml
auto.tcl: Setting watchdog for 200 seconds at Fri Jun 08 20:33:55 UTC 2018
7 ms. Memory: 169984K Free: 155301K (91%)
ptolemy.util.test.WatchDog.cancel(): canceling Fri Jun 08 20:33:55 UTC 2018
auto.tcl: Setting watchdog for 200 seconds at Fri Jun 08 20:33:55 UTC 2018
7 ms. Memory: 169984K Free: 153831K (90%)
ptolemy.util.test.WatchDog.cancel(): canceling Fri Jun 08 20:33:55 UTC 2018
------------------ testing $PTII/ptolemy/domains/de/test/auto/ResetTransitionWithStartTime2.xml
auto.tcl: Setting watchdog for 200 seconds at Fri Jun 08 20:33:55 UTC 2018
5 ms. Memory: 170496K Free: 154907K (91%)
ptolemy.util.test.WatchDog.cancel(): canceling Fri Jun 08 20:33:55 UTC 2018
auto.tcl: Setting watchdog for 200 seconds at Fri Jun 08 20:33:55 UTC 2018
6 ms. Memory: 170496K Free: 151977K (89%)
ptolemy.util.test.WatchDog.cancel(): canceling Fri Jun 08 20:33:55 UTC 2018
------------------ testing $PTII/ptolemy/domains/de/test/auto/ResetTransitionWithStartTime3.xml
auto.tcl: Setting watchdog for 200 seconds at Fri Jun 08 20:33:55 UTC 2018
5 ms. Memory: 169984K Free: 155299K (91%)
ptolemy.util.test.WatchDog.cancel(): canceling Fri Jun 08 20:33:55 UTC 2018
auto.tcl: Setting watchdog for 200 seconds at Fri Jun 08 20:33:55 UTC 2018
6 ms. Memory: 169984K Free: 152317K (90%)
ptolemy.util.test.WatchDog.cancel(): canceling Fri Jun 08 20:33:55 UTC 2018
------------------ testing $PTII/ptolemy/domains/de/test/auto/ResetTransitionWithStartTime4.xml
auto.tcl: Setting watchdog for 200 seconds at Fri Jun 08 20:33:55 UTC 2018
4 ms. Memory: 170496K Free: 156682K (92%)
ptolemy.util.test.WatchDog.cancel(): canceling Fri Jun 08 20:33:55 UTC 2018
auto.tcl: Setting watchdog for 200 seconds at Fri Jun 08 20:33:55 UTC 2018
3 ms. Memory: 170496K Free: 155213K (91%)
ptolemy.util.test.WatchDog.cancel(): canceling Fri Jun 08 20:33:55 UTC 2018
------------------ testing $PTII/ptolemy/domains/de/test/auto/ResettableTimer1.xml
auto.tcl: Setting watchdog for 200 seconds at Fri Jun 08 20:33:55 UTC 2018
3 ms. Memory: 169984K Free: 159967K (94%)
ptolemy.util.test.WatchDog.cancel(): canceling Fri Jun 08 20:33:55 UTC 2018
auto.tcl: Setting watchdog for 200 seconds at Fri Jun 08 20:33:55 UTC 2018
2 ms. Memory: 169984K Free: 159967K (94%)
ptolemy.util.test.WatchDog.cancel(): canceling Fri Jun 08 20:33:55 UTC 2018
------------------ testing $PTII/ptolemy/domains/de/test/auto/ResettableTimer2.xml
auto.tcl: Setting watchdog for 200 seconds at Fri Jun 08 20:33:55 UTC 2018
3 ms. Memory: 170496K Free: 160580K (94%)
ptolemy.util.test.WatchDog.cancel(): canceling Fri Jun 08 20:33:55 UTC 2018
auto.tcl: Setting watchdog for 200 seconds at Fri Jun 08 20:33:55 UTC 2018
2 ms. Memory: 170496K Free: 160580K (94%)
ptolemy.util.test.WatchDog.cancel(): canceling Fri Jun 08 20:33:55 UTC 2018
------------------ testing $PTII/ptolemy/domains/de/test/auto/ResettableTimer3.xml
auto.tcl: Setting watchdog for 200 seconds at Fri Jun 08 20:33:55 UTC 2018
1 ms. Memory: 169984K Free: 160024K (94%)
ptolemy.util.test.WatchDog.cancel(): canceling Fri Jun 08 20:33:55 UTC 2018
auto.tcl: Setting watchdog for 200 seconds at Fri Jun 08 20:33:55 UTC 2018
1 ms. Memory: 169984K Free: 160024K (94%)
ptolemy.util.test.WatchDog.cancel(): canceling Fri Jun 08 20:33:55 UTC 2018
------------------ testing $PTII/ptolemy/domains/de/test/auto/ResettableTimer4.xml
auto.tcl: Setting watchdog for 200 seconds at Fri Jun 08 20:33:55 UTC 2018
1 ms. Memory: 170496K Free: 160593K (94%)
ptolemy.util.test.WatchDog.cancel(): canceling Fri Jun 08 20:33:56 UTC 2018
auto.tcl: Setting watchdog for 200 seconds at Fri Jun 08 20:33:56 UTC 2018
1 ms. Memory: 170496K Free: 160593K (94%)
ptolemy.util.test.WatchDog.cancel(): canceling Fri Jun 08 20:33:56 UTC 2018
------------------ testing $PTII/ptolemy/domains/de/test/auto/ResettableTimer5.xml
auto.tcl: Setting watchdog for 200 seconds at Fri Jun 08 20:33:56 UTC 2018
2 ms. Memory: 169984K Free: 159209K (94%)
ptolemy.util.test.WatchDog.cancel(): canceling Fri Jun 08 20:33:56 UTC 2018
auto.tcl: Setting watchdog for 200 seconds at Fri Jun 08 20:33:56 UTC 2018
1 ms. Memory: 169984K Free: 157740K (93%)
ptolemy.util.test.WatchDog.cancel(): canceling Fri Jun 08 20:33:56 UTC 2018
------------------ testing $PTII/ptolemy/domains/de/test/auto/ResettableTimer6.xml
auto.tcl: Setting watchdog for 200 seconds at Fri Jun 08 20:33:56 UTC 2018
2 ms. Memory: 170496K Free: 158158K (93%)
ptolemy.util.test.WatchDog.cancel(): canceling Fri Jun 08 20:33:56 UTC 2018
auto.tcl: Setting watchdog for 200 seconds at Fri Jun 08 20:33:56 UTC 2018
1 ms. Memory: 170496K Free: 158158K (93%)
ptolemy.util.test.WatchDog.cancel(): canceling Fri Jun 08 20:33:56 UTC 2018
------------------ testing $PTII/ptolemy/domains/de/test/auto/ServerZeroDelay.xml
auto.tcl: Setting watchdog for 200 seconds at Fri Jun 08 20:33:56 UTC 2018
5 ms. Memory: 169984K Free: 158263K (93%)
ptolemy.util.test.WatchDog.cancel(): canceling Fri Jun 08 20:33:56 UTC 2018
auto.tcl: Setting watchdog for 200 seconds at Fri Jun 08 20:33:56 UTC 2018
2 ms. Memory: 169984K Free: 158263K (93%)
ptolemy.util.test.WatchDog.cancel(): canceling Fri Jun 08 20:33:56 UTC 2018
------------------ testing $PTII/ptolemy/domains/de/test/auto/SmartSender.xml
auto.tcl: Setting watchdog for 200 seconds at Fri Jun 08 20:33:56 UTC 2018
3001 ms. Memory: 170496K Free: 160541K (94%)
ptolemy.util.test.WatchDog.cancel(): canceling Fri Jun 08 20:33:59 UTC 2018
auto.tcl: Setting watchdog for 200 seconds at Fri Jun 08 20:33:59 UTC 2018
3000 ms. Memory: 170496K Free: 160541K (94%)
ptolemy.util.test.WatchDog.cancel(): canceling Fri Jun 08 20:34:02 UTC 2018
------------------ testing $PTII/ptolemy/domains/de/test/auto/ThreadedComposite.xml
auto.tcl: Setting watchdog for 200 seconds at Fri Jun 08 20:34:02 UTC 2018
238 ms. Memory: 169984K Free: 137939K (81%)
ptolemy.util.test.WatchDog.cancel(): canceling Fri Jun 08 20:34:02 UTC 2018
auto.tcl: Setting watchdog for 200 seconds at Fri Jun 08 20:34:02 UTC 2018
181 ms. Memory: 169984K Free: 124721K (73%)
ptolemy.util.test.WatchDog.cancel(): canceling Fri Jun 08 20:34:02 UTC 2018
------------------ testing $PTII/ptolemy/domains/de/test/auto/Time.xml
auto.tcl: Setting watchdog for 200 seconds at Fri Jun 08 20:34:02 UTC 2018
563 ms. Memory: 170496K Free: 107930K (63%)
ptolemy.util.test.WatchDog.cancel(): canceling Fri Jun 08 20:34:03 UTC 2018
auto.tcl: Setting watchdog for 200 seconds at Fri Jun 08 20:34:03 UTC 2018
481 ms. Memory: 166912K Free: 140982K (84%)
ptolemy.util.test.WatchDog.cancel(): canceling Fri Jun 08 20:34:03 UTC 2018
------------------ testing $PTII/ptolemy/domains/de/test/auto/TimeDelayZeroDelay.xml
auto.tcl: Setting watchdog for 200 seconds at Fri Jun 08 20:34:03 UTC 2018
2 ms. Memory: 167424K Free: 158225K (95%)
ptolemy.util.test.WatchDog.cancel(): canceling Fri Jun 08 20:34:03 UTC 2018
auto.tcl: Setting watchdog for 200 seconds at Fri Jun 08 20:34:03 UTC 2018
2 ms. Memory: 167424K Free: 157058K (94%)
ptolemy.util.test.WatchDog.cancel(): canceling Fri Jun 08 20:34:03 UTC 2018
------------------ testing $PTII/ptolemy/domains/de/test/auto/TimerZeroDelay.xml
auto.tcl: Setting watchdog for 200 seconds at Fri Jun 08 20:34:03 UTC 2018
2 ms. Memory: 166912K Free: 157847K (95%)
ptolemy.util.test.WatchDog.cancel(): canceling Fri Jun 08 20:34:04 UTC 2018
auto.tcl: Setting watchdog for 200 seconds at Fri Jun 08 20:34:04 UTC 2018
2 ms. Memory: 166912K Free: 156680K (94%)
ptolemy.util.test.WatchDog.cancel(): canceling Fri Jun 08 20:34:04 UTC 2018
------------------ testing $PTII/ptolemy/domains/de/test/auto/TimingParadox.xml
auto.tcl: Setting watchdog for 200 seconds at Fri Jun 08 20:34:04 UTC 2018
317 ms. Memory: 167424K Free: 91658K (55%)
ptolemy.util.test.WatchDog.cancel(): canceling Fri Jun 08 20:34:04 UTC 2018
auto.tcl: Setting watchdog for 200 seconds at Fri Jun 08 20:34:04 UTC 2018
313 ms. Memory: 163840K Free: 138782K (85%)
ptolemy.util.test.WatchDog.cancel(): canceling Fri Jun 08 20:34:04 UTC 2018
------------------ testing $PTII/ptolemy/domains/de/test/auto/TransferInputs.xml
auto.tcl: Setting watchdog for 200 seconds at Fri Jun 08 20:34:04 UTC 2018
2 ms. Memory: 164352K Free: 152618K (93%)
ptolemy.util.test.WatchDog.cancel(): canceling Fri Jun 08 20:34:04 UTC 2018
auto.tcl: Setting watchdog for 200 seconds at Fri Jun 08 20:34:04 UTC 2018
1 ms. Memory: 164352K Free: 151542K (92%)
ptolemy.util.test.WatchDog.cancel(): canceling Fri Jun 08 20:34:04 UTC 2018
------------------ testing $PTII/ptolemy/domains/de/test/auto/TransferOutputs2.xml
auto.tcl: Setting watchdog for 200 seconds at Fri Jun 08 20:34:04 UTC 2018
4 ms. Memory: 163840K Free: 149999K (92%)
ptolemy.util.test.WatchDog.cancel(): canceling Fri Jun 08 20:34:04 UTC 2018
auto.tcl: Setting watchdog for 200 seconds at Fri Jun 08 20:34:04 UTC 2018
3 ms. Memory: 163840K Free: 147861K (90%)
ptolemy.util.test.WatchDog.cancel(): canceling Fri Jun 08 20:34:04 UTC 2018
------------------ testing $PTII/ptolemy/domains/de/test/auto/Trilateration.xml
auto.tcl: Setting watchdog for 200 seconds at Fri Jun 08 20:34:05 UTC 2018
11903 ms. Memory: 325632K Free: 221078K (68%)
ptolemy.util.test.WatchDog.cancel(): canceling Fri Jun 08 20:34:18 UTC 2018
auto.tcl: Setting watchdog for 200 seconds at Fri Jun 08 20:34:18 UTC 2018
9568 ms. Memory: 216064K Free: 125452K (58%)
ptolemy.util.test.WatchDog.cancel(): canceling Fri Jun 08 20:34:27 UTC 2018
------------------ testing $PTII/ptolemy/domains/de/test/auto/TwoSigmaDelta.xml
auto.tcl: Setting watchdog for 200 seconds at Fri Jun 08 20:34:27 UTC 2018
2873 ms. Memory: 204800K Free: 168653K (82%)
ptolemy.util.test.WatchDog.cancel(): canceling Fri Jun 08 20:34:30 UTC 2018
auto.tcl: Setting watchdog for 200 seconds at Fri Jun 08 20:34:30 UTC 2018
2079 ms. Memory: 195584K Free: 174304K (89%)
ptolemy.util.test.WatchDog.cancel(): canceling Fri Jun 08 20:34:32 UTC 2018
------------------ testing $PTII/ptolemy/domains/de/test/auto/VariableDelay.xml
auto.tcl: Setting watchdog for 200 seconds at Fri Jun 08 20:34:32 UTC 2018
3 ms. Memory: 196096K Free: 184692K (94%)
ptolemy.util.test.WatchDog.cancel(): canceling Fri Jun 08 20:34:32 UTC 2018
auto.tcl: Setting watchdog for 200 seconds at Fri Jun 08 20:34:32 UTC 2018
2 ms. Memory: 196096K Free: 182765K (93%)
ptolemy.util.test.WatchDog.cancel(): canceling Fri Jun 08 20:34:32 UTC 2018
------------------ testing $PTII/ptolemy/domains/de/test/auto/VariableDelay2.xml
auto.tcl: Setting watchdog for 200 seconds at Fri Jun 08 20:34:32 UTC 2018
1 ms. Memory: 195584K Free: 184588K (94%)
ptolemy.util.test.WatchDog.cancel(): canceling Fri Jun 08 20:34:32 UTC 2018
auto.tcl: Setting watchdog for 200 seconds at Fri Jun 08 20:34:32 UTC 2018
2 ms. Memory: 195584K Free: 182661K (93%)
ptolemy.util.test.WatchDog.cancel(): canceling Fri Jun 08 20:34:32 UTC 2018
------------------ testing $PTII/ptolemy/domains/de/test/auto/VariableDelayZeroDelay.xml
auto.tcl: Setting watchdog for 200 seconds at Fri Jun 08 20:34:33 UTC 2018
2 ms. Memory: 196096K Free: 185099K (94%)
ptolemy.util.test.WatchDog.cancel(): canceling Fri Jun 08 20:34:33 UTC 2018
auto.tcl: Setting watchdog for 200 seconds at Fri Jun 08 20:34:33 UTC 2018
2 ms. Memory: 196096K Free: 183170K (93%)
ptolemy.util.test.WatchDog.cancel(): canceling Fri Jun 08 20:34:33 UTC 2018
------------------ testing $PTII/ptolemy/domains/de/test/auto/VariableDelayZeroDelay2.xml
auto.tcl: Setting watchdog for 200 seconds at Fri Jun 08 20:34:33 UTC 2018
2 ms. Memory: 195584K Free: 185743K (95%)
ptolemy.util.test.WatchDog.cancel(): canceling Fri Jun 08 20:34:33 UTC 2018
auto.tcl: Setting watchdog for 200 seconds at Fri Jun 08 20:34:33 UTC 2018
2 ms. Memory: 195584K Free: 183816K (94%)
ptolemy.util.test.WatchDog.cancel(): canceling Fri Jun 08 20:34:33 UTC 2018
------------------ testing $PTII/ptolemy/domains/de/test/auto/deInCt.xml
auto.tcl: Setting watchdog for 200 seconds at Fri Jun 08 20:34:33 UTC 2018
0
1
1
1
1
0
0
0
1
1
1
0
0
1
1
1
0
0
0
0
0
1
1
1
0
0
1
1
1
0
0
0
1
1
1
0
0
0
1
1
1
1
16 ms. Memory: 196096K Free: 183166K (93%)
ptolemy.util.test.WatchDog.cancel(): canceling Fri Jun 08 20:34:33 UTC 2018
auto.tcl: Setting watchdog for 200 seconds at Fri Jun 08 20:34:33 UTC 2018
0
1
1
1
1
0
0
0
1
1
1
1
0
0
0
1
1
0
0
0
0
1
1
1
1
0
0
0
1
1
1
0
0
0
0
1
1
1
1
7 ms. Memory: 196096K Free: 183166K (93%)
ptolemy.util.test.WatchDog.cancel(): canceling Fri Jun 08 20:34:33 UTC 2018
------------------ testing $PTII/ptolemy/domains/de/test/auto/deInCt2.xml
auto.tcl: Setting watchdog for 200 seconds at Fri Jun 08 20:34:33 UTC 2018
0
1
1
1
0
0
1
1
1
0
0
1
1
1
0
0
1
1
1
0
0
1
1
1
0
0
1
1
1
0
0
1
1
1
0
0
1
1
1
0
0
0
10 ms. Memory: 195584K Free: 182638K (93%)
ptolemy.util.test.WatchDog.cancel(): canceling Fri Jun 08 20:34:33 UTC 2018
auto.tcl: Setting watchdog for 200 seconds at Fri Jun 08 20:34:33 UTC 2018
0
1
1
1
0
0
1
1
1
0
0
1
1
1
0
0
1
1
1
0
0
1
1
1
0
0
1
1
1
0
0
1
1
1
0
0
1
1
1
0
0
0
9 ms. Memory: 195584K Free: 182638K (93%)
ptolemy.util.test.WatchDog.cancel(): canceling Fri Jun 08 20:34:33 UTC 2018
------------------ testing $PTII/ptolemy/domains/de/test/auto/dynamicCausalityInterface1.xml
auto.tcl: Setting watchdog for 200 seconds at Fri Jun 08 20:34:33 UTC 2018
1 ms. Memory: 196096K Free: 180499K (92%)
ptolemy.util.test.WatchDog.cancel(): canceling Fri Jun 08 20:34:33 UTC 2018
auto.tcl: Setting watchdog for 200 seconds at Fri Jun 08 20:34:33 UTC 2018
1 ms. Memory: 196096K Free: 178584K (91%)
ptolemy.util.test.WatchDog.cancel(): canceling Fri Jun 08 20:34:33 UTC 2018
------------------ testing $PTII/ptolemy/domains/de/test/auto/fsm_de_test.xml
auto.tcl: Setting watchdog for 200 seconds at Fri Jun 08 20:34:33 UTC 2018
6 ms. Memory: 195584K Free: 178724K (91%)
ptolemy.util.test.WatchDog.cancel(): canceling Fri Jun 08 20:34:33 UTC 2018
auto.tcl: Setting watchdog for 200 seconds at Fri Jun 08 20:34:33 UTC 2018
5 ms. Memory: 195584K Free: 176813K (90%)
ptolemy.util.test.WatchDog.cancel(): canceling Fri Jun 08 20:34:33 UTC 2018
------------------ testing $PTII/ptolemy/domains/de/test/auto/functionDependencyReconstruction.xml
auto.tcl: Setting watchdog for 200 seconds at Fri Jun 08 20:34:33 UTC 2018
2 ms. Memory: 196096K Free: 171564K (87%)
ptolemy.util.test.WatchDog.cancel(): canceling Fri Jun 08 20:34:33 UTC 2018
auto.tcl: Setting watchdog for 200 seconds at Fri Jun 08 20:34:33 UTC 2018
3 ms. Memory: 196096K Free: 169653K (87%)
ptolemy.util.test.WatchDog.cancel(): canceling Fri Jun 08 20:34:33 UTC 2018
------------------ testing $PTII/ptolemy/domains/de/test/auto/multirate.xml
auto.tcl: Setting watchdog for 200 seconds at Fri Jun 08 20:34:33 UTC 2018
7 ms. Memory: 195584K Free: 182429K (93%)
ptolemy.util.test.WatchDog.cancel(): canceling Fri Jun 08 20:34:33 UTC 2018
auto.tcl: Setting watchdog for 200 seconds at Fri Jun 08 20:34:33 UTC 2018
3 ms. Memory: 195584K Free: 180518K (92%)
ptolemy.util.test.WatchDog.cancel(): canceling Fri Jun 08 20:34:33 UTC 2018
------------------ testing $PTII/ptolemy/domains/de/test/auto/multirate2.xml
auto.tcl: Setting watchdog for 200 seconds at Fri Jun 08 20:34:33 UTC 2018
2 ms. Memory: 196096K Free: 183127K (93%)
ptolemy.util.test.WatchDog.cancel(): canceling Fri Jun 08 20:34:33 UTC 2018
auto.tcl: Setting watchdog for 200 seconds at Fri Jun 08 20:34:33 UTC 2018
3 ms. Memory: 196096K Free: 181216K (92%)
ptolemy.util.test.WatchDog.cancel(): canceling Fri Jun 08 20:34:33 UTC 2018
------------------ testing $PTII/ptolemy/domains/de/test/auto/realtime.xml
auto.tcl: Setting watchdog for 200 seconds at Fri Jun 08 20:34:33 UTC 2018
10001 ms. Memory: 195584K Free: 183756K (94%)
ptolemy.util.test.WatchDog.cancel(): canceling Fri Jun 08 20:34:43 UTC 2018
auto.tcl: Setting watchdog for 200 seconds at Fri Jun 08 20:34:43 UTC 2018
10001 ms. Memory: 195584K Free: 183756K (94%)
ptolemy.util.test.WatchDog.cancel(): canceling Fri Jun 08 20:34:53 UTC 2018
------------------ testing $PTII/ptolemy/domains/de/test/auto/relationGroup.xml
auto.tcl: Setting watchdog for 200 seconds at Fri Jun 08 20:34:53 UTC 2018
2 ms. Memory: 196096K Free: 186207K (95%)
ptolemy.util.test.WatchDog.cancel(): canceling Fri Jun 08 20:34:53 UTC 2018
auto.tcl: Setting watchdog for 200 seconds at Fri Jun 08 20:34:53 UTC 2018
1 ms. Memory: 196096K Free: 186207K (95%)
ptolemy.util.test.WatchDog.cancel(): canceling Fri Jun 08 20:34:53 UTC 2018
------------------ testing $PTII/ptolemy/domains/de/test/auto/relationGroup2.xml
auto.tcl: Setting watchdog for 200 seconds at Fri Jun 08 20:34:53 UTC 2018
1 ms. Memory: 195584K Free: 184579K (94%)
ptolemy.util.test.WatchDog.cancel(): canceling Fri Jun 08 20:34:53 UTC 2018
auto.tcl: Setting watchdog for 200 seconds at Fri Jun 08 20:34:53 UTC 2018
1 ms. Memory: 195584K Free: 184579K (94%)
ptolemy.util.test.WatchDog.cancel(): canceling Fri Jun 08 20:34:53 UTC 2018
------------------ testing $PTII/ptolemy/domains/de/test/auto/sortWithOpaquePorts.xml
auto.tcl: Setting watchdog for 200 seconds at Fri Jun 08 20:34:53 UTC 2018
1 ms. Memory: 195584K Free: 184587K (94%)
ptolemy.util.test.WatchDog.cancel(): canceling Fri Jun 08 20:34:53 UTC 2018
auto.tcl: Setting watchdog for 200 seconds at Fri Jun 08 20:34:53 UTC 2018
1 ms. Memory: 195584K Free: 182676K (93%)
ptolemy.util.test.WatchDog.cancel(): canceling Fri Jun 08 20:34:53 UTC 2018
------------------ testing $PTII/ptolemy/domains/de/test/auto/transferInputsandOutputs.xml
auto.tcl: Setting watchdog for 200 seconds at Fri Jun 08 20:34:53 UTC 2018
2 ms. Memory: 195584K Free: 180760K (92%)
ptolemy.util.test.WatchDog.cancel(): canceling Fri Jun 08 20:34:53 UTC 2018
auto.tcl: Setting watchdog for 200 seconds at Fri Jun 08 20:34:53 UTC 2018
2 ms. Memory: 195584K Free: 180760K (92%)
ptolemy.util.test.WatchDog.cancel(): canceling Fri Jun 08 20:34:53 UTC 2018
------------------ testing $PTII/ptolemy/domains/de/test/auto/triggerType.xml
auto.tcl: Setting watchdog for 200 seconds at Fri Jun 08 20:34:53 UTC 2018
1 ms. Memory: 195584K Free: 184517K (94%)
ptolemy.util.test.WatchDog.cancel(): canceling Fri Jun 08 20:34:53 UTC 2018
auto.tcl: Setting watchdog for 200 seconds at Fri Jun 08 20:34:53 UTC 2018
1 ms. Memory: 195584K Free: 182590K (93%)
ptolemy.util.test.WatchDog.cancel(): canceling Fri Jun 08 20:34:53 UTC 2018
06/08/18 08:34:54
Failed: 0  Total Tests: 192  ((Passed: 187, Newly Passed: 1)  Known Failed: 5) /home/travis/build/icyphy/ptII/ptolemy/domains/de/test
06/08/18 08:34:54
Failed: 0  Total Tests: 192  ((Passed: 187, Newly Passed: 1)  Known Failed: 5) /home/travis/build/icyphy/ptII/ptolemy/domains/de/test
----------------- testing (KnownFailure) /home/travis/build/icyphy/ptII/ptolemy/domains/de/test/auto/knownFailedTests/DESDFClockTest.xml
2008 ms. Memory: 195584K Free: 175064K (90%)
Known Failure: java.lang.reflect.InvocationTargetException
----------------- testing (KnownFailure) /home/travis/build/icyphy/ptII/ptolemy/domains/de/test/auto/knownFailedTests/DirectFeedback.xml
1 ms. Memory: 195584K Free: 163626K (84%)
Known Failure: java.lang.reflect.InvocationTargetException
----------------- testing (KnownFailure) /home/travis/build/icyphy/ptII/ptolemy/domains/de/test/auto/knownFailedTests/FSMSource.xml
4 ms. Memory: 195584K Free: 149892K (77%)
----------------- testing (KnownFailure) /home/travis/build/icyphy/ptII/ptolemy/domains/de/test/auto/knownFailedTests/HierarchicalModel.xml
1 ms. Memory: 195584K Free: 129276K (66%)
Known Failure: java.lang.reflect.InvocationTargetException
----------------- testing (KnownFailure) /home/travis/build/icyphy/ptII/ptolemy/domains/de/test/auto/knownFailedTests/dependencyLoop.xml
1 ms. Memory: 195584K Free: 106408K (54%)
Known Failure: java.lang.reflect.InvocationTargetException
----------------- testing (KnownFailure) /home/travis/build/icyphy/ptII/ptolemy/domains/de/test/auto/knownFailedTests/dependencyLoop2.xml
1 ms. Memory: 195584K Free: 83548K (43%)
Known Failure: java.lang.reflect.InvocationTargetException
No auto/linux-amd64/*.xml tests in /home/travis/build/icyphy/ptII/ptolemy/domains/de/test
AutoTests.java: About to close Vertx.
AutoTests.java: Vertx closed.

===========================================================================================
----------------- testing Fri Jun 08 20:34:56 UTC 2018 /home/travis/build/icyphy/ptII/ptolemy/domains/de/test/auto/ActorDepthCalculation_actorWithoutPorts.xml
----------------- Instantiating /home/travis/build/icyphy/ptII/ptolemy/domains/de/test/auto/ActorDepthCalculation_actorWithoutPorts.xml
1 ms. Memory: 191488K Free: 179615K (94%)
----------------- Invoking toplevel() on ptolemy.moml.MoMLSimpleApplication@3e3c719
----------------- Done invoking toplevel() on ptolemy.moml.MoMLSimpleApplication@3e3c719
reloadAllAccessors: .ActorDepthCalculation_actorWithoutPorts

===========================================================================================
----------------- testing Fri Jun 08 20:34:56 UTC 2018 /home/travis/build/icyphy/ptII/ptolemy/domains/de/test/auto/AssemblyLine.xml
----------------- Instantiating /home/travis/build/icyphy/ptII/ptolemy/domains/de/test/auto/AssemblyLine.xml
3 ms. Memory: 191488K Free: 170672K (89%)
----------------- Invoking toplevel() on ptolemy.moml.MoMLSimpleApplication@51a1a5d1
----------------- Done invoking toplevel() on ptolemy.moml.MoMLSimpleApplication@51a1a5d1
reloadAllAccessors: .AssemblyLine

===========================================================================================
----------------- testing Fri Jun 08 20:34:56 UTC 2018 /home/travis/build/icyphy/ptII/ptolemy/domains/de/test/auto/CQBug1.xml
----------------- Instantiating /home/travis/build/icyphy/ptII/ptolemy/domains/de/test/auto/CQBug1.xml
0 ms. Memory: 191488K Free: 166252K (87%)
----------------- Invoking toplevel() on ptolemy.moml.MoMLSimpleApplication@4db3075b
----------------- Done invoking toplevel() on ptolemy.moml.MoMLSimpleApplication@4db3075b
reloadAllAccessors: .CQBug1

===========================================================================================
----------------- testing Fri Jun 08 20:34:56 UTC 2018 /home/travis/build/icyphy/ptII/ptolemy/domains/de/test/auto/CancelFireAt.xml
----------------- Instantiating /home/travis/build/icyphy/ptII/ptolemy/domains/de/test/auto/CancelFireAt.xml
1 ms. Memory: 191488K Free: 161736K (84%)
----------------- Invoking toplevel() on ptolemy.moml.MoMLSimpleApplication@7823463a
----------------- Done invoking toplevel() on ptolemy.moml.MoMLSimpleApplication@7823463a
reloadAllAccessors: .CancelFireAt

===========================================================================================
----------------- testing Fri Jun 08 20:34:56 UTC 2018 /home/travis/build/icyphy/ptII/ptolemy/domains/de/test/auto/CausalityAndComposabilityAnalysis.xml
----------------- Instantiating /home/travis/build/icyphy/ptII/ptolemy/domains/de/test/auto/CausalityAndComposabilityAnalysis.xml
1 ms. Memory: 191488K Free: 156200K (82%)
----------------- Invoking toplevel() on ptolemy.moml.MoMLSimpleApplication@2ca9ed0a
----------------- Done invoking toplevel() on ptolemy.moml.MoMLSimpleApplication@2ca9ed0a
reloadAllAccessors: .CausalityAndComposabilityAnalysis

===========================================================================================
----------------- testing Fri Jun 08 20:34:56 UTC 2018 /home/travis/build/icyphy/ptII/ptolemy/domains/de/test/auto/CausalityInterface1.xml
----------------- Instantiating /home/travis/build/icyphy/ptII/ptolemy/domains/de/test/auto/CausalityInterface1.xml
3 ms. Memory: 191488K Free: 150680K (79%)
----------------- Invoking toplevel() on ptolemy.moml.MoMLSimpleApplication@5dda638a
----------------- Done invoking toplevel() on ptolemy.moml.MoMLSimpleApplication@5dda638a
reloadAllAccessors: .CausalityInterface1

===========================================================================================
----------------- testing Fri Jun 08 20:34:56 UTC 2018 /home/travis/build/icyphy/ptII/ptolemy/domains/de/test/auto/CausalityInterface15.xml
----------------- Instantiating /home/travis/build/icyphy/ptII/ptolemy/domains/de/test/auto/CausalityInterface15.xml
1 ms. Memory: 191488K Free: 142861K (75%)
----------------- Invoking toplevel() on ptolemy.moml.MoMLSimpleApplication@6b196f0c
----------------- Done invoking toplevel() on ptolemy.moml.MoMLSimpleApplication@6b196f0c
reloadAllAccessors: .CausalityInterface15

[...]
java.lang.RuntimeException: Execution failed
	at ptolemy.moml.MoMLSimpleApplication$UnloadThread.run(MoMLSimpleApplication.java:402)
Caused by: ptolemy.kernel.util.IllegalActionException: Test fails in iteration 1.
Value was: 1.0. Should have been: 2.0
  in .DirectFeedback.Test
	at ptolemy.actor.lib.Test.fire(Test.java:268)
	at ptolemy.domains.de.kernel.DEDirector._fire(DEDirector.java:1948)
	at ptolemy.domains.de.kernel.DEDirector.fire(DEDirector.java:502)
	at ptolemy.actor.CompositeActor.fire(CompositeActor.java:455)
	at ptolemy.actor.Manager.iterate(Manager.java:851)
	at ptolemy.actor.Manager.execute(Manager.java:369)
	at ptolemy.actor.Manager.run(Manager.java:1263)
	at ptolemy.actor.Manager$PtolemyRunThread.run(Manager.java:1915)
java.lang.RuntimeException: Execution failed
	at ptolemy.moml.MoMLSimpleApplication$UnloadThread.run(MoMLSimpleApplication.java:402)
Caused by: ptolemy.kernel.util.IllegalActionException: Actor is not ready to fire.  Perhaps UpSample.prefire() returned false? Try debugging the actor by selecting "Listen to Actor".  Also, for SDF check moml for tokenConsumptionRate on input.
  in .DESDFClockTest.Play Bell.Copy1:SDF Director and .DESDFClockTest.Play Bell.UpSample
	at ptolemy.actor.sched.StaticSchedulingDirector.fire(StaticSchedulingDirector.java:227)
	at ptolemy.domains.sdf.kernel.SDFDirector.fire(SDFDirector.java:500)
	at ptolemy.actor.CompositeActor.fire(CompositeActor.java:455)
	at ptolemy.domains.de.kernel.DEDirector._fire(DEDirector.java:1948)
	at ptolemy.domains.de.kernel.DEDirector.fire(DEDirector.java:502)
	at ptolemy.actor.CompositeActor.fire(CompositeActor.java:455)
	at ptolemy.actor.Manager.iterate(Manager.java:851)
	at ptolemy.actor.Manager.execute(Manager.java:369)
	at ptolemy.actor.Manager.run(Manager.java:1263)
	at ptolemy.actor.Manager$PtolemyRunThread.run(Manager.java:1915)
java.lang.reflect.InvocationTargetException
	at sun.reflect.NativeConstructorAccessorImpl.newInstance0(Native Method)
	at sun.reflect.NativeConstructorAccessorImpl.newInstance(NativeConstructorAccessorImpl.java:62)
	at sun.reflect.DelegatingConstructorAccessorImpl.newInstance(DelegatingConstructorAccessorImpl.java:45)
	at java.lang.reflect.Constructor.newInstance(Constructor.java:423)
	at ptolemy.util.test.junit.AutoKnownFailedTests.RunModel(AutoKnownFailedTests.java:107)
	at sun.reflect.NativeMethodAccessorImpl.invoke0(Native Method)
	at sun.reflect.NativeMethodAccessorImpl.invoke(NativeMethodAccessorImpl.java:62)
	at sun.reflect.DelegatingMethodAccessorImpl.invoke(DelegatingMethodAccessorImpl.java:43)
	at java.lang.reflect.Method.invoke(Method.java:498)
	at org.junit.runners.model.FrameworkMethod$1.runReflectiveCall(FrameworkMethod.java:44)
	at org.junit.internal.runners.model.ReflectiveCallable.run(ReflectiveCallable.java:15)
	at org.junit.runners.model.FrameworkMethod.invokeExplosively(FrameworkMethod.java:41)
	at junitparams.internal.InvokeParameterisedMethod.evaluate(InvokeParameterisedMethod.java:102)
	at org.junit.internal.runners.statements.FailOnTimeout$1.run(FailOnTimeout.java:28)
Caused by: ptolemy.kernel.util.IllegalActionException: Actor is not ready to fire.  Perhaps UpSample.prefire() returned false? Try debugging the actor by selecting "Listen to Actor".  Also, for SDF check moml for tokenConsumptionRate on input.
  in .DESDFClockTest.Play Bell.Copy1:SDF Director and .DESDFClockTest.Play Bell.UpSample
	at ptolemy.actor.sched.StaticSchedulingDirector.fire(StaticSchedulingDirector.java:227)
	at ptolemy.domains.sdf.kernel.SDFDirector.fire(SDFDirector.java:500)
	at ptolemy.actor.CompositeActor.fire(CompositeActor.java:455)
	at ptolemy.domains.de.kernel.DEDirector._fire(DEDirector.java:1948)
	at ptolemy.domains.de.kernel.DEDirector.fire(DEDirector.java:502)
	at ptolemy.actor.CompositeActor.fire(CompositeActor.java:455)
	at ptolemy.actor.Manager.iterate(Manager.java:851)
	at ptolemy.actor.Manager.execute(Manager.java:369)
	at ptolemy.actor.Manager.run(Manager.java:1263)
	at ptolemy.actor.Manager$PtolemyRunThread.run(Manager.java:1915)
java.lang.RuntimeException: Execution failed
	at ptolemy.moml.MoMLSimpleApplication$UnloadThread.run(MoMLSimpleApplication.java:402)
Caused by: ptolemy.kernel.util.IllegalActionException: Test fails in iteration 1.
Value was: 1.0. Should have been: 2.0
  in .DirectFeedback.Test
	at ptolemy.actor.lib.Test.fire(Test.java:268)
	at ptolemy.domains.de.kernel.DEDirector._fire(DEDirector.java:1948)
	at ptolemy.domains.de.kernel.DEDirector.fire(DEDirector.java:502)
	at ptolemy.actor.CompositeActor.fire(CompositeActor.java:455)
	at ptolemy.actor.Manager.iterate(Manager.java:851)
	at ptolemy.actor.Manager.execute(Manager.java:369)
	at ptolemy.actor.Manager.run(Manager.java:1263)
	at ptolemy.actor.Manager$PtolemyRunThread.run(Manager.java:1915)
java.lang.reflect.InvocationTargetException
	at sun.reflect.NativeConstructorAccessorImpl.newInstance0(Native Method)
	at sun.reflect.NativeConstructorAccessorImpl.newInstance(NativeConstructorAccessorImpl.java:62)
	at sun.reflect.DelegatingConstructorAccessorImpl.newInstance(DelegatingConstructorAccessorImpl.java:45)
	at java.lang.reflect.Constructor.newInstance(Constructor.java:423)
	at ptolemy.util.test.junit.AutoKnownFailedTests.RunModel(AutoKnownFailedTests.java:107)
	at sun.reflect.NativeMethodAccessorImpl.invoke0(Native Method)
	at sun.reflect.NativeMethodAccessorImpl.invoke(NativeMethodAccessorImpl.java:62)
	at sun.reflect.DelegatingMethodAccessorImpl.invoke(DelegatingMethodAccessorImpl.java:43)
	at java.lang.reflect.Method.invoke(Method.java:498)
	at org.junit.runners.model.FrameworkMethod$1.runReflectiveCall(FrameworkMethod.java:44)
	at org.junit.internal.runners.model.ReflectiveCallable.run(ReflectiveCallable.java:15)
	at org.junit.runners.model.FrameworkMethod.invokeExplosively(FrameworkMethod.java:41)
	at junitparams.internal.InvokeParameterisedMethod.evaluate(InvokeParameterisedMethod.java:102)
	at org.junit.internal.runners.statements.FailOnTimeout$1.run(FailOnTimeout.java:28)
Caused by: ptolemy.kernel.util.IllegalActionException: Test fails in iteration 1.
Value was: 1.0. Should have been: 2.0
  in .DirectFeedback.Test
	at ptolemy.actor.lib.Test.fire(Test.java:268)
	at ptolemy.domains.de.kernel.DEDirector._fire(DEDirector.java:1948)
	at ptolemy.domains.de.kernel.DEDirector.fire(DEDirector.java:502)
	at ptolemy.actor.CompositeActor.fire(CompositeActor.java:455)
	at ptolemy.actor.Manager.iterate(Manager.java:851)
	at ptolemy.actor.Manager.execute(Manager.java:369)
	at ptolemy.actor.Manager.run(Manager.java:1263)
	at ptolemy.actor.Manager$PtolemyRunThread.run(Manager.java:1915)
java.lang.RuntimeException: Execution failed
	at ptolemy.moml.MoMLSimpleApplication$UnloadThread.run(MoMLSimpleApplication.java:402)
Caused by: ptolemy.kernel.util.IllegalActionException: Found a zero delay loop containing .HierarchicalModel.A
  in .HierarchicalModel and .HierarchicalModel.A
	at ptolemy.actor.util.CausalityInterfaceForComposites._computeOutputPortDepth(CausalityInterfaceForComposites.java:759)
	at ptolemy.actor.util.CausalityInterfaceForComposites._computeInputDepth(CausalityInterfaceForComposites.java:696)
	at ptolemy.actor.util.CausalityInterfaceForComposites._computeOutputPortDepth(CausalityInterfaceForComposites.java:765)
	at ptolemy.actor.util.CausalityInterfaceForComposites._computeInputDepth(CausalityInterfaceForComposites.java:696)
	at ptolemy.actor.util.CausalityInterfaceForComposites._computeOutputPortDepth(CausalityInterfaceForComposites.java:765)
	at ptolemy.actor.util.CausalityInterfaceForComposites._computeInputDepth(CausalityInterfaceForComposites.java:696)
	at ptolemy.actor.util.CausalityInterfaceForComposites._computeActorDepth(CausalityInterfaceForComposites.java:532)
	at ptolemy.actor.util.CausalityInterfaceForComposites.checkForCycles(CausalityInterfaceForComposites.java:96)
	at ptolemy.domains.de.kernel.DEDirector.preinitialize(DEDirector.java:1337)
	at ptolemy.actor.CompositeActor.preinitialize(CompositeActor.java:1828)
	at ptolemy.actor.Manager.preinitializeAndResolveTypes(Manager.java:1040)
	at ptolemy.actor.Manager.initialize(Manager.java:710)
	at ptolemy.actor.Manager.execute(Manager.java:356)
	at ptolemy.actor.Manager.run(Manager.java:1263)
	at ptolemy.actor.Manager$PtolemyRunThread.run(Manager.java:1915)
java.lang.reflect.InvocationTargetException
	at sun.reflect.NativeConstructorAccessorImpl.newInstance0(Native Method)
	at sun.reflect.NativeConstructorAccessorImpl.newInstance(NativeConstructorAccessorImpl.java:62)
	at sun.reflect.DelegatingConstructorAccessorImpl.newInstance(DelegatingConstructorAccessorImpl.java:45)
	at java.lang.reflect.Constructor.newInstance(Constructor.java:423)
	at ptolemy.util.test.junit.AutoKnownFailedTests.RunModel(AutoKnownFailedTests.java:107)
	at sun.reflect.NativeMethodAccessorImpl.invoke0(Native Method)
	at sun.reflect.NativeMethodAccessorImpl.invoke(NativeMethodAccessorImpl.java:62)
	at sun.reflect.DelegatingMethodAccessorImpl.invoke(DelegatingMethodAccessorImpl.java:43)
	at java.lang.reflect.Method.invoke(Method.java:498)
	at org.junit.runners.model.FrameworkMethod$1.runReflectiveCall(FrameworkMethod.java:44)
	at org.junit.internal.runners.model.ReflectiveCallable.run(ReflectiveCallable.java:15)
	at org.junit.runners.model.FrameworkMethod.invokeExplosively(FrameworkMethod.java:41)
	at junitparams.internal.InvokeParameterisedMethod.evaluate(InvokeParameterisedMethod.java:102)
	at org.junit.internal.runners.statements.FailOnTimeout$1.run(FailOnTimeout.java:28)
Caused by: ptolemy.kernel.util.IllegalActionException: Found a zero delay loop containing .HierarchicalModel.A
  in .HierarchicalModel and .HierarchicalModel.A
	at ptolemy.actor.util.CausalityInterfaceForComposites._computeOutputPortDepth(CausalityInterfaceForComposites.java:759)
	at ptolemy.actor.util.CausalityInterfaceForComposites._computeInputDepth(CausalityInterfaceForComposites.java:696)
	at ptolemy.actor.util.CausalityInterfaceForComposites._computeOutputPortDepth(CausalityInterfaceForComposites.java:765)
	at ptolemy.actor.util.CausalityInterfaceForComposites._computeInputDepth(CausalityInterfaceForComposites.java:696)
	at ptolemy.actor.util.CausalityInterfaceForComposites._computeOutputPortDepth(CausalityInterfaceForComposites.java:765)
	at ptolemy.actor.util.CausalityInterfaceForComposites._computeInputDepth(CausalityInterfaceForComposites.java:696)
	at ptolemy.actor.util.CausalityInterfaceForComposites._computeActorDepth(CausalityInterfaceForComposites.java:532)
	at ptolemy.actor.util.CausalityInterfaceForComposites.checkForCycles(CausalityInterfaceForComposites.java:96)
	at ptolemy.domains.de.kernel.DEDirector.preinitialize(DEDirector.java:1337)
	at ptolemy.actor.CompositeActor.preinitialize(CompositeActor.java:1828)
	at ptolemy.actor.Manager.preinitializeAndResolveTypes(Manager.java:1040)
	at ptolemy.actor.Manager.initialize(Manager.java:710)
	at ptolemy.actor.Manager.execute(Manager.java:356)
	at ptolemy.actor.Manager.run(Manager.java:1263)
	at ptolemy.actor.Manager$PtolemyRunThread.run(Manager.java:1915)
java.lang.RuntimeException: Execution failed
	at ptolemy.moml.MoMLSimpleApplication$UnloadThread.run(MoMLSimpleApplication.java:402)
Caused by: ptolemy.kernel.util.IllegalActionException: Found a zero delay loop containing .dependencyLoop.original
  in .dependencyLoop and .dependencyLoop.original
	at ptolemy.actor.util.CausalityInterfaceForComposites._computeOutputPortDepth(CausalityInterfaceForComposites.java:759)
	at ptolemy.actor.util.CausalityInterfaceForComposites._computeInputDepth(CausalityInterfaceForComposites.java:696)
	at ptolemy.actor.util.CausalityInterfaceForComposites._computeOutputPortDepth(CausalityInterfaceForComposites.java:765)
	at ptolemy.actor.util.CausalityInterfaceForComposites._computeInputDepth(CausalityInterfaceForComposites.java:696)
	at ptolemy.actor.util.CausalityInterfaceForComposites._computeOutputPortDepth(CausalityInterfaceForComposites.java:765)
	at ptolemy.actor.util.CausalityInterfaceForComposites._computeInputDepth(CausalityInterfaceForComposites.java:696)
	at ptolemy.actor.util.CausalityInterfaceForComposites._computeActorDepth(CausalityInterfaceForComposites.java:532)
	at ptolemy.actor.util.CausalityInterfaceForComposites.checkForCycles(CausalityInterfaceForComposites.java:96)
	at ptolemy.domains.de.kernel.DEDirector.preinitialize(DEDirector.java:1337)
	at ptolemy.actor.CompositeActor.preinitialize(CompositeActor.java:1828)
	at ptolemy.actor.Manager.preinitializeAndResolveTypes(Manager.java:1040)
	at ptolemy.actor.Manager.initialize(Manager.java:710)
	at ptolemy.actor.Manager.execute(Manager.java:356)
	at ptolemy.actor.Manager.run(Manager.java:1263)
	at ptolemy.actor.Manager$PtolemyRunThread.run(Manager.java:1915)
java.lang.reflect.InvocationTargetException
	at sun.reflect.NativeConstructorAccessorImpl.newInstance0(Native Method)
	at sun.reflect.NativeConstructorAccessorImpl.newInstance(NativeConstructorAccessorImpl.java:62)
	at sun.reflect.DelegatingConstructorAccessorImpl.newInstance(DelegatingConstructorAccessorImpl.java:45)
	at java.lang.reflect.Constructor.newInstance(Constructor.java:423)
	at ptolemy.util.test.junit.AutoKnownFailedTests.RunModel(AutoKnownFailedTests.java:107)
	at sun.reflect.NativeMethodAccessorImpl.invoke0(Native Method)
	at sun.reflect.NativeMethodAccessorImpl.invoke(NativeMethodAccessorImpl.java:62)
	at sun.reflect.DelegatingMethodAccessorImpl.invoke(DelegatingMethodAccessorImpl.java:43)
	at java.lang.reflect.Method.invoke(Method.java:498)
	at org.junit.runners.model.FrameworkMethod$1.runReflectiveCall(FrameworkMethod.java:44)
	at org.junit.internal.runners.model.ReflectiveCallable.run(ReflectiveCallable.java:15)
	at org.junit.runners.model.FrameworkMethod.invokeExplosively(FrameworkMethod.java:41)
	at junitparams.internal.InvokeParameterisedMethod.evaluate(InvokeParameterisedMethod.java:102)
	at org.junit.internal.runners.statements.FailOnTimeout$1.run(FailOnTimeout.java:28)
Caused by: ptolemy.kernel.util.IllegalActionException: Found a zero delay loop containing .dependencyLoop.original
  in .dependencyLoop and .dependencyLoop.original
	at ptolemy.actor.util.CausalityInterfaceForComposites._computeOutputPortDepth(CausalityInterfaceForComposites.java:759)
	at ptolemy.actor.util.CausalityInterfaceForComposites._computeInputDepth(CausalityInterfaceForComposites.java:696)
	at ptolemy.actor.util.CausalityInterfaceForComposites._computeOutputPortDepth(CausalityInterfaceForComposites.java:765)
	at ptolemy.actor.util.CausalityInterfaceForComposites._computeInputDepth(CausalityInterfaceForComposites.java:696)
	at ptolemy.actor.util.CausalityInterfaceForComposites._computeOutputPortDepth(CausalityInterfaceForComposites.java:765)
	at ptolemy.actor.util.CausalityInterfaceForComposites._computeInputDepth(CausalityInterfaceForComposites.java:696)
	at ptolemy.actor.util.CausalityInterfaceForComposites._computeActorDepth(CausalityInterfaceForComposites.java:532)
	at ptolemy.actor.util.CausalityInterfaceForComposites.checkForCycles(CausalityInterfaceForComposites.java:96)
	at ptolemy.domains.de.kernel.DEDirector.preinitialize(DEDirector.java:1337)
	at ptolemy.actor.CompositeActor.preinitialize(CompositeActor.java:1828)
	at ptolemy.actor.Manager.preinitializeAndResolveTypes(Manager.java:1040)
	at ptolemy.actor.Manager.initialize(Manager.java:710)
	at ptolemy.actor.Manager.execute(Manager.java:356)
	at ptolemy.actor.Manager.run(Manager.java:1263)
	at ptolemy.actor.Manager$PtolemyRunThread.run(Manager.java:1915)
java.lang.RuntimeException: Execution failed
	at ptolemy.moml.MoMLSimpleApplication$UnloadThread.run(MoMLSimpleApplication.java:402)
Caused by: ptolemy.kernel.util.IllegalActionException: Found a zero delay loop containing .dependencyLoop2.original
  in .dependencyLoop2 and .dependencyLoop2.original
	at ptolemy.actor.util.CausalityInterfaceForComposites._computeOutputPortDepth(CausalityInterfaceForComposites.java:759)
	at ptolemy.actor.util.CausalityInterfaceForComposites._computeInputDepth(CausalityInterfaceForComposites.java:696)
	at ptolemy.actor.util.CausalityInterfaceForComposites._computeOutputPortDepth(CausalityInterfaceForComposites.java:765)
	at ptolemy.actor.util.CausalityInterfaceForComposites._computeInputDepth(CausalityInterfaceForComposites.java:696)
	at ptolemy.actor.util.CausalityInterfaceForComposites._computeOutputPortDepth(CausalityInterfaceForComposites.java:765)
	at ptolemy.actor.util.CausalityInterfaceForComposites._computeInputDepth(CausalityInterfaceForComposites.java:696)
	at ptolemy.actor.util.CausalityInterfaceForComposites._computeActorDepth(CausalityInterfaceForComposites.java:532)
	at ptolemy.actor.util.CausalityInterfaceForComposites.checkForCycles(CausalityInterfaceForComposites.java:96)
	at ptolemy.domains.de.kernel.DEDirector.preinitialize(DEDirector.java:1337)
	at ptolemy.actor.CompositeActor.preinitialize(CompositeActor.java:1828)
	at ptolemy.actor.Manager.preinitializeAndResolveTypes(Manager.java:1040)
	at ptolemy.actor.Manager.initialize(Manager.java:710)
	at ptolemy.actor.Manager.execute(Manager.java:356)
	at ptolemy.actor.Manager.run(Manager.java:1263)
	at ptolemy.actor.Manager$PtolemyRunThread.run(Manager.java:1915)
java.lang.reflect.InvocationTargetException
	at sun.reflect.NativeConstructorAccessorImpl.newInstance0(Native Method)
	at sun.reflect.NativeConstructorAccessorImpl.newInstance(NativeConstructorAccessorImpl.java:62)
	at sun.reflect.DelegatingConstructorAccessorImpl.newInstance(DelegatingConstructorAccessorImpl.java:45)
	at java.lang.reflect.Constructor.newInstance(Constructor.java:423)
	at ptolemy.util.test.junit.AutoKnownFailedTests.RunModel(AutoKnownFailedTests.java:107)
	at sun.reflect.NativeMethodAccessorImpl.invoke0(Native Method)
	at sun.reflect.NativeMethodAccessorImpl.invoke(NativeMethodAccessorImpl.java:62)
	at sun.reflect.DelegatingMethodAccessorImpl.invoke(DelegatingMethodAccessorImpl.java:43)
	at java.lang.reflect.Method.invoke(Method.java:498)
	at org.junit.runners.model.FrameworkMethod$1.runReflectiveCall(FrameworkMethod.java:44)
	at org.junit.internal.runners.model.ReflectiveCallable.run(ReflectiveCallable.java:15)
	at org.junit.runners.model.FrameworkMethod.invokeExplosively(FrameworkMethod.java:41)
	at junitparams.internal.InvokeParameterisedMethod.evaluate(InvokeParameterisedMethod.java:102)
	at org.junit.internal.runners.statements.FailOnTimeout$1.run(FailOnTimeout.java:28)
Caused by: ptolemy.kernel.util.IllegalActionException: Found a zero delay loop containing .dependencyLoop2.original
  in .dependencyLoop2 and .dependencyLoop2.original
	at ptolemy.actor.util.CausalityInterfaceForComposites._computeOutputPortDepth(CausalityInterfaceForComposites.java:759)
	at ptolemy.actor.util.CausalityInterfaceForComposites._computeInputDepth(CausalityInterfaceForComposites.java:696)
	at ptolemy.actor.util.CausalityInterfaceForComposites._computeOutputPortDepth(CausalityInterfaceForComposites.java:765)
	at ptolemy.actor.util.CausalityInterfaceForComposites._computeInputDepth(CausalityInterfaceForComposites.java:696)
	at ptolemy.actor.util.CausalityInterfaceForComposites._computeOutputPortDepth(CausalityInterfaceForComposites.java:765)
	at ptolemy.actor.util.CausalityInterfaceForComposites._computeInputDepth(CausalityInterfaceForComposites.java:696)
	at ptolemy.actor.util.CausalityInterfaceForComposites._computeActorDepth(CausalityInterfaceForComposites.java:532)
	at ptolemy.actor.util.CausalityInterfaceForComposites.checkForCycles(CausalityInterfaceForComposites.java:96)
	at ptolemy.domains.de.kernel.DEDirector.preinitialize(DEDirector.java:1337)
	at ptolemy.actor.CompositeActor.preinitialize(CompositeActor.java:1828)
	at ptolemy.actor.Manager.preinitializeAndResolveTypes(Manager.java:1040)
	at ptolemy.actor.Manager.initialize(Manager.java:710)
	at ptolemy.actor.Manager.execute(Manager.java:356)
	at ptolemy.actor.Manager.run(Manager.java:1263)
	at ptolemy.actor.Manager$PtolemyRunThread.run(Manager.java:1915)
]]></system-err>
</testsuite>
