<?xml version="1.0" encoding="UTF-8" ?>
<testsuite errors="0" failures="0" hostname="travis-job-1ab238d3-37d9-44dd-b013-5084e003e5cc" name="ptolemy.domains.continuous.test.junit.JUnitTclTest" skipped="0" tests="156" time="80.14" timestamp="2019-07-06T06:32:10">
  <properties>
[...]
</properties>
  <testcase classname="ptolemy.util.test.junit.TclTests" name="[0] ThereAreNoTclTests (RunTclFile)" time="0.008" />
  <testcase classname="ptolemy.util.test.junit.AutoKnownFailedTests" name="[0] ThereAreNoKnowFailedTests (RunModel)" time="0.003" />
  <testcase classname="ptolemy.util.test.junit.AutoNameArchTests" name="[0] ThereAreNoAutoArchTests (RunModel)" time="0.022" />
  <testcase classname="ptolemy.util.test.junit.AutoTests" name="[0] /home/travis/build/icyphy/ptII/ptolemy/domains/continuous/test/auto/BouncingBall.xml (RunModel)" time="3.221" />
  <testcase classname="ptolemy.util.test.junit.AutoTests" name="[1] /home/travis/build/icyphy/ptII/ptolemy/domains/continuous/test/auto/BouncingBallWithoutGR.xml (RunModel)" time="0.95" />
  <testcase classname="ptolemy.util.test.junit.AutoTests" name="[2] /home/travis/build/icyphy/ptII/ptolemy/domains/continuous/test/auto/Brownian.xml (RunModel)" time="0.16" />
  <testcase classname="ptolemy.util.test.junit.AutoTests" name="[3] /home/travis/build/icyphy/ptII/ptolemy/domains/continuous/test/auto/CarTracking.xml (RunModel)" time="4.736" />
  <testcase classname="ptolemy.util.test.junit.AutoTests" name="[4] /home/travis/build/icyphy/ptII/ptolemy/domains/continuous/test/auto/CartPendulum.xml (RunModel)" time="0.57" />
  <testcase classname="ptolemy.util.test.junit.AutoTests" name="[5] /home/travis/build/icyphy/ptII/ptolemy/domains/continuous/test/auto/CausalityInterface10.xml (RunModel)" time="0.041" />
  <testcase classname="ptolemy.util.test.junit.AutoTests" name="[6] /home/travis/build/icyphy/ptII/ptolemy/domains/continuous/test/auto/CausalityInterface11.xml (RunModel)" time="0.026" />
  <testcase classname="ptolemy.util.test.junit.AutoTests" name="[7] /home/travis/build/icyphy/ptII/ptolemy/domains/continuous/test/auto/CausalityInterface12.xml (RunModel)" time="0.045" />
  <testcase classname="ptolemy.util.test.junit.AutoTests" name="[8] /home/travis/build/icyphy/ptII/ptolemy/domains/continuous/test/auto/CausalityInterface13.xml (RunModel)" time="0.042" />
  <testcase classname="ptolemy.util.test.junit.AutoTests" name="[9] /home/travis/build/icyphy/ptII/ptolemy/domains/continuous/test/auto/CausalityInterface14.xml (RunModel)" time="0.025" />
  <testcase classname="ptolemy.util.test.junit.AutoTests" name="[10] /home/travis/build/icyphy/ptII/ptolemy/domains/continuous/test/auto/CausalityInterface4.xml (RunModel)" time="0.025" />
  <testcase classname="ptolemy.util.test.junit.AutoTests" name="[11] /home/travis/build/icyphy/ptII/ptolemy/domains/continuous/test/auto/CausalityInterface5.xml (RunModel)" time="0.026" />
  <testcase classname="ptolemy.util.test.junit.AutoTests" name="[12] /home/travis/build/icyphy/ptII/ptolemy/domains/continuous/test/auto/CausalityInterface6.xml (RunModel)" time="0.017" />
  <testcase classname="ptolemy.util.test.junit.AutoTests" name="[13] /home/travis/build/icyphy/ptII/ptolemy/domains/continuous/test/auto/CausalityInterface7.xml (RunModel)" time="0.031" />
  <testcase classname="ptolemy.util.test.junit.AutoTests" name="[14] /home/travis/build/icyphy/ptII/ptolemy/domains/continuous/test/auto/CausalityInterface8.xml (RunModel)" time="0.04" />
  <testcase classname="ptolemy.util.test.junit.AutoTests" name="[15] /home/travis/build/icyphy/ptII/ptolemy/domains/continuous/test/auto/CausalityInterface9.xml (RunModel)" time="0.047" />
  <testcase classname="ptolemy.util.test.junit.AutoTests" name="[16] /home/travis/build/icyphy/ptII/ptolemy/domains/continuous/test/auto/CausalityInterfaceFeedback1.xml (RunModel)" time="0.029" />
  <testcase classname="ptolemy.util.test.junit.AutoTests" name="[17] /home/travis/build/icyphy/ptII/ptolemy/domains/continuous/test/auto/CausalityInterfaceFeedback2.xml (RunModel)" time="0.038" />
  <testcase classname="ptolemy.util.test.junit.AutoTests" name="[18] /home/travis/build/icyphy/ptII/ptolemy/domains/continuous/test/auto/CompareWithCurrentTime.xml (RunModel)" time="0.024" />
  <testcase classname="ptolemy.util.test.junit.AutoTests" name="[19] /home/travis/build/icyphy/ptII/ptolemy/domains/continuous/test/auto/ComparedClocks.xml (RunModel)" time="0.067" />
  <testcase classname="ptolemy.util.test.junit.AutoTests" name="[20] /home/travis/build/icyphy/ptII/ptolemy/domains/continuous/test/auto/ContinuousAOCClone.xml (RunModel)" time="2.807" />
  <testcase classname="ptolemy.util.test.junit.AutoTests" name="[21] /home/travis/build/icyphy/ptII/ptolemy/domains/continuous/test/auto/ContinuousClock.xml (RunModel)" time="0.116" />
  <testcase classname="ptolemy.util.test.junit.AutoTests" name="[22] /home/travis/build/icyphy/ptII/ptolemy/domains/continuous/test/auto/ContinuousInContinuous.xml (RunModel)" time="0.076" />
  <testcase classname="ptolemy.util.test.junit.AutoTests" name="[23] /home/travis/build/icyphy/ptII/ptolemy/domains/continuous/test/auto/ContinuousInContinuousInContinuous.xml (RunModel)" time="0.022" />
  <testcase classname="ptolemy.util.test.junit.AutoTests" name="[24] /home/travis/build/icyphy/ptII/ptolemy/domains/continuous/test/auto/ContinuousInDE.xml (RunModel)" time="0.124" />
  <testcase classname="ptolemy.util.test.junit.AutoTests" name="[25] /home/travis/build/icyphy/ptII/ptolemy/domains/continuous/test/auto/ContinuousInDE2.xml (RunModel)" time="0.057" />
  <testcase classname="ptolemy.util.test.junit.AutoTests" name="[26] /home/travis/build/icyphy/ptII/ptolemy/domains/continuous/test/auto/ContinuousInDE3.xml (RunModel)" time="0.045" />
  <testcase classname="ptolemy.util.test.junit.AutoTests" name="[27] /home/travis/build/icyphy/ptII/ptolemy/domains/continuous/test/auto/ContinuousInDE4.xml (RunModel)" time="0.031" />
  <testcase classname="ptolemy.util.test.junit.AutoTests" name="[28] /home/travis/build/icyphy/ptII/ptolemy/domains/continuous/test/auto/ContinuousInDEDifferentRefinements.xml (RunModel)" time="0.105" />
  <testcase classname="ptolemy.util.test.junit.AutoTests" name="[29] /home/travis/build/icyphy/ptII/ptolemy/domains/continuous/test/auto/ContinuousInDEDifferentRefinementsPreemptive.xml (RunModel)" time="0.084" />
  <testcase classname="ptolemy.util.test.junit.AutoTests" name="[30] /home/travis/build/icyphy/ptII/ptolemy/domains/continuous/test/auto/ContinuousInDEInContinuous2.xml (RunModel)" time="0.053" />
  <testcase classname="ptolemy.util.test.junit.AutoTests" name="[31] /home/travis/build/icyphy/ptII/ptolemy/domains/continuous/test/auto/ContinuousInDEInContinuous3.xml (RunModel)" time="0.059" />
  <testcase classname="ptolemy.util.test.junit.AutoTests" name="[32] /home/travis/build/icyphy/ptII/ptolemy/domains/continuous/test/auto/ContinuousInDEInput.xml (RunModel)" time="0.034" />
  <testcase classname="ptolemy.util.test.junit.AutoTests" name="[33] /home/travis/build/icyphy/ptII/ptolemy/domains/continuous/test/auto/ContinuousInDEInput2.xml (RunModel)" time="0.038" />
  <testcase classname="ptolemy.util.test.junit.AutoTests" name="[34] /home/travis/build/icyphy/ptII/ptolemy/domains/continuous/test/auto/ContinuousInDEInput3.xml (RunModel)" time="0.037" />
  <testcase classname="ptolemy.util.test.junit.AutoTests" name="[35] /home/travis/build/icyphy/ptII/ptolemy/domains/continuous/test/auto/ContinuousInDESharingRefinement.xml (RunModel)" time="0.193" />
  <testcase classname="ptolemy.util.test.junit.AutoTests" name="[36] /home/travis/build/icyphy/ptII/ptolemy/domains/continuous/test/auto/ContinuousInDEwithNoPorts.xml (RunModel)" time="0.017" />
  <testcase classname="ptolemy.util.test.junit.AutoTests" name="[37] /home/travis/build/icyphy/ptII/ptolemy/domains/continuous/test/auto/ContinuousInsideDE.xml (RunModel)" time="0.083" />
  <testcase classname="ptolemy.util.test.junit.AutoTests" name="[38] /home/travis/build/icyphy/ptII/ptolemy/domains/continuous/test/auto/ContinuousMerge1.xml (RunModel)" time="0.018" />
  <testcase classname="ptolemy.util.test.junit.AutoTests" name="[39] /home/travis/build/icyphy/ptII/ptolemy/domains/continuous/test/auto/ContinuousMerge2.xml (RunModel)" time="0.048" />
  <testcase classname="ptolemy.util.test.junit.AutoTests" name="[40] /home/travis/build/icyphy/ptII/ptolemy/domains/continuous/test/auto/ContinuousMerge3.xml (RunModel)" time="0.066" />
  <testcase classname="ptolemy.util.test.junit.AutoTests" name="[41] /home/travis/build/icyphy/ptII/ptolemy/domains/continuous/test/auto/ContinuousWithinContinuous.xml (RunModel)" time="0.061" />
  <testcase classname="ptolemy.util.test.junit.AutoTests" name="[42] /home/travis/build/icyphy/ptII/ptolemy/domains/continuous/test/auto/ContinuousWithinContinuous2.xml (RunModel)" time="0.093" />
  <testcase classname="ptolemy.util.test.junit.AutoTests" name="[43] /home/travis/build/icyphy/ptII/ptolemy/domains/continuous/test/auto/ContinuousWithinContinuous3.xml (RunModel)" time="0.033" />
  <testcase classname="ptolemy.util.test.junit.AutoTests" name="[44] /home/travis/build/icyphy/ptII/ptolemy/domains/continuous/test/auto/ContinuousWithinContinuous4.xml (RunModel)" time="0.09" />
  <testcase classname="ptolemy.util.test.junit.AutoTests" name="[45] /home/travis/build/icyphy/ptII/ptolemy/domains/continuous/test/auto/ContinuousWithinContinuous5.xml (RunModel)" time="0.032" />
  <testcase classname="ptolemy.util.test.junit.AutoTests" name="[46] /home/travis/build/icyphy/ptII/ptolemy/domains/continuous/test/auto/ContinuousWithinContinuous6.xml (RunModel)" time="0.032" />
  <testcase classname="ptolemy.util.test.junit.AutoTests" name="[47] /home/travis/build/icyphy/ptII/ptolemy/domains/continuous/test/auto/ContinuousWithinContinuous7.xml (RunModel)" time="0.067" />
  <testcase classname="ptolemy.util.test.junit.AutoTests" name="[48] /home/travis/build/icyphy/ptII/ptolemy/domains/continuous/test/auto/DCMotor.xml (RunModel)" time="13.622" />
  <testcase classname="ptolemy.util.test.junit.AutoTests" name="[49] /home/travis/build/icyphy/ptII/ptolemy/domains/continuous/test/auto/DEInContinuous.xml (RunModel)" time="0.034" />
  <testcase classname="ptolemy.util.test.junit.AutoTests" name="[50] /home/travis/build/icyphy/ptII/ptolemy/domains/continuous/test/auto/DEinContinuous2.xml (RunModel)" time="0.034" />
  <testcase classname="ptolemy.util.test.junit.AutoTests" name="[51] /home/travis/build/icyphy/ptII/ptolemy/domains/continuous/test/auto/Derivative.xml (RunModel)" time="0.197" />
  <testcase classname="ptolemy.util.test.junit.AutoTests" name="[52] /home/travis/build/icyphy/ptII/ptolemy/domains/continuous/test/auto/Derivative1.xml (RunModel)" time="0.038" />
  <testcase classname="ptolemy.util.test.junit.AutoTests" name="[53] /home/travis/build/icyphy/ptII/ptolemy/domains/continuous/test/auto/DiscreteClock.xml (RunModel)" time="0.011" />
  <testcase classname="ptolemy.util.test.junit.AutoTests" name="[54] /home/travis/build/icyphy/ptII/ptolemy/domains/continuous/test/auto/EfficiencyCurve.xml (RunModel)" time="0.089" />
  <testcase classname="ptolemy.util.test.junit.AutoTests" name="[55] /home/travis/build/icyphy/ptII/ptolemy/domains/continuous/test/auto/ExponentialResponse.xml (RunModel)" time="0.119" />
  <testcase classname="ptolemy.util.test.junit.AutoTests" name="[56] /home/travis/build/icyphy/ptII/ptolemy/domains/continuous/test/auto/ExponentialResponseRK45.xml (RunModel)" time="0.033" />
  <testcase classname="ptolemy.util.test.junit.AutoTests" name="[57] /home/travis/build/icyphy/ptII/ptolemy/domains/continuous/test/auto/Friction.xml (RunModel)" time="1.638" />
  <testcase classname="ptolemy.util.test.junit.AutoTests" name="[58] /home/travis/build/icyphy/ptII/ptolemy/domains/continuous/test/auto/FurutaPendulum.xml (RunModel)" time="3.78" />
  <testcase classname="ptolemy.util.test.junit.AutoTests" name="[59] /home/travis/build/icyphy/ptII/ptolemy/domains/continuous/test/auto/HierarchicalExecution.xml (RunModel)" time="2.886" />
  <testcase classname="ptolemy.util.test.junit.AutoTests" name="[60] /home/travis/build/icyphy/ptII/ptolemy/domains/continuous/test/auto/HybridPlant.xml (RunModel)" time="0.626" />
  <testcase classname="ptolemy.util.test.junit.AutoTests" name="[61] /home/travis/build/icyphy/ptII/ptolemy/domains/continuous/test/auto/Hysteresis.xml (RunModel)" time="0.231" />
  <testcase classname="ptolemy.util.test.junit.AutoTests" name="[62] /home/travis/build/icyphy/ptII/ptolemy/domains/continuous/test/auto/HysteresisWithRandomDelay.xml (RunModel)" time="0.262" />
  <testcase classname="ptolemy.util.test.junit.AutoTests" name="[63] /home/travis/build/icyphy/ptII/ptolemy/domains/continuous/test/auto/HysteresisWithRandomLosses.xml (RunModel)" time="2.636" />
  <testcase classname="ptolemy.util.test.junit.AutoTests" name="[64] /home/travis/build/icyphy/ptII/ptolemy/domains/continuous/test/auto/ImmediateTransitions.xml (RunModel)" time="0.036" />
  <testcase classname="ptolemy.util.test.junit.AutoTests" name="[65] /home/travis/build/icyphy/ptII/ptolemy/domains/continuous/test/auto/ImpulseFeedback.xml (RunModel)" time="0.025" />
  <testcase classname="ptolemy.util.test.junit.AutoTests" name="[66] /home/travis/build/icyphy/ptII/ptolemy/domains/continuous/test/auto/ImpulseFeedback2.xml (RunModel)" time="0.019" />
  <testcase classname="ptolemy.util.test.junit.AutoTests" name="[67] /home/travis/build/icyphy/ptII/ptolemy/domains/continuous/test/auto/IncreasingRatePoisson.xml (RunModel)" time="0.745" />
  <testcase classname="ptolemy.util.test.junit.AutoTests" name="[68] /home/travis/build/icyphy/ptII/ptolemy/domains/continuous/test/auto/InitialStateFeedback.xml (RunModel)" time="0.02" />
  <testcase classname="ptolemy.util.test.junit.AutoTests" name="[69] /home/travis/build/icyphy/ptII/ptolemy/domains/continuous/test/auto/Integration.xml (RunModel)" time="0.009" />
  <testcase classname="ptolemy.util.test.junit.AutoTests" name="[70] /home/travis/build/icyphy/ptII/ptolemy/domains/continuous/test/auto/Integration2.xml (RunModel)" time="0.099" />
  <testcase classname="ptolemy.util.test.junit.AutoTests" name="[71] /home/travis/build/icyphy/ptII/ptolemy/domains/continuous/test/auto/Integration3.xml (RunModel)" time="0.021" />
  <testcase classname="ptolemy.util.test.junit.AutoTests" name="[72] /home/travis/build/icyphy/ptII/ptolemy/domains/continuous/test/auto/Integration5.xml (RunModel)" time="0.012" />
  <testcase classname="ptolemy.util.test.junit.AutoTests" name="[73] /home/travis/build/icyphy/ptII/ptolemy/domains/continuous/test/auto/IntegratorImpulse.xml (RunModel)" time="0.01" />
  <testcase classname="ptolemy.util.test.junit.AutoTests" name="[74] /home/travis/build/icyphy/ptII/ptolemy/domains/continuous/test/auto/IntegratorImpulse2.xml (RunModel)" time="0.012" />
  <testcase classname="ptolemy.util.test.junit.AutoTests" name="[75] /home/travis/build/icyphy/ptII/ptolemy/domains/continuous/test/auto/LevelCrossing1.xml (RunModel)" time="0.017" />
  <testcase classname="ptolemy.util.test.junit.AutoTests" name="[76] /home/travis/build/icyphy/ptII/ptolemy/domains/continuous/test/auto/LevelCrossing2.xml (RunModel)" time="0.021" />
  <testcase classname="ptolemy.util.test.junit.AutoTests" name="[77] /home/travis/build/icyphy/ptII/ptolemy/domains/continuous/test/auto/LevelCrossing3.xml (RunModel)" time="0.012" />
  <testcase classname="ptolemy.util.test.junit.AutoTests" name="[78] /home/travis/build/icyphy/ptII/ptolemy/domains/continuous/test/auto/LevelCrossing4.xml (RunModel)" time="0.013" />
  <testcase classname="ptolemy.util.test.junit.AutoTests" name="[79] /home/travis/build/icyphy/ptII/ptolemy/domains/continuous/test/auto/LevelCrossing5.xml (RunModel)" time="0.013" />
  <testcase classname="ptolemy.util.test.junit.AutoTests" name="[80] /home/travis/build/icyphy/ptII/ptolemy/domains/continuous/test/auto/LevelCrossing6.xml (RunModel)" time="0.014" />
  <testcase classname="ptolemy.util.test.junit.AutoTests" name="[81] /home/travis/build/icyphy/ptII/ptolemy/domains/continuous/test/auto/LevelCrossingDetector.xml (RunModel)" time="0.036" />
  <testcase classname="ptolemy.util.test.junit.AutoTests" name="[82] /home/travis/build/icyphy/ptII/ptolemy/domains/continuous/test/auto/LevelCrossingDetectorDetectingDirections.xml (RunModel)" time="0.093" />
  <testcase classname="ptolemy.util.test.junit.AutoTests" name="[83] /home/travis/build/icyphy/ptII/ptolemy/domains/continuous/test/auto/LevelCrossingDetectorDetectsGlitches.xml (RunModel)" time="0.062" />
  <testcase classname="ptolemy.util.test.junit.AutoTests" name="[84] /home/travis/build/icyphy/ptII/ptolemy/domains/continuous/test/auto/LevelCrossingNoInitialOuput.xml (RunModel)" time="0.015" />
  <testcase classname="ptolemy.util.test.junit.AutoTests" name="[85] /home/travis/build/icyphy/ptII/ptolemy/domains/continuous/test/auto/LinearStateSpaceExample.xml (RunModel)" time="0.073" />
  <testcase classname="ptolemy.util.test.junit.AutoTests" name="[86] /home/travis/build/icyphy/ptII/ptolemy/domains/continuous/test/auto/Lorenz.xml (RunModel)" time="4.201" />
  <testcase classname="ptolemy.util.test.junit.AutoTests" name="[87] /home/travis/build/icyphy/ptII/ptolemy/domains/continuous/test/auto/LorenzDifferentialSystem.xml (RunModel)" time="1.178" />
  <testcase classname="ptolemy.util.test.junit.AutoTests" name="[88] /home/travis/build/icyphy/ptII/ptolemy/domains/continuous/test/auto/LorenzDifferentialSystemWithInput.xml (RunModel)" time="1.512" />
  <testcase classname="ptolemy.util.test.junit.AutoTests" name="[89] /home/travis/build/icyphy/ptII/ptolemy/domains/continuous/test/auto/LorenzDifferentialSystemWithTime.xml (RunModel)" time="0.858" />
  <testcase classname="ptolemy.util.test.junit.AutoTests" name="[90] /home/travis/build/icyphy/ptII/ptolemy/domains/continuous/test/auto/Microsteps.xml (RunModel)" time="0.027" />
  <testcase classname="ptolemy.util.test.junit.AutoTests" name="[91] /home/travis/build/icyphy/ptII/ptolemy/domains/continuous/test/auto/Modal1.xml (RunModel)" time="0.046" />
  <testcase classname="ptolemy.util.test.junit.AutoTests" name="[92] /home/travis/build/icyphy/ptII/ptolemy/domains/continuous/test/auto/Modal2.xml (RunModel)" time="0.05" />
  <testcase classname="ptolemy.util.test.junit.AutoTests" name="[93] /home/travis/build/icyphy/ptII/ptolemy/domains/continuous/test/auto/ModalTransitionGuardWithReset.xml (RunModel)" time="0.03" />
  <testcase classname="ptolemy.util.test.junit.AutoTests" name="[94] /home/travis/build/icyphy/ptII/ptolemy/domains/continuous/test/auto/ModalTransitionGuardWithResetUsingPreemptiveTransition.xml (RunModel)" time="0.031" />
  <testcase classname="ptolemy.util.test.junit.AutoTests" name="[95] /home/travis/build/icyphy/ptII/ptolemy/domains/continuous/test/auto/ModalTransitionGuardWithResetUsingPreemptiveTransition2.xml (RunModel)" time="0.026" />
  <testcase classname="ptolemy.util.test.junit.AutoTests" name="[96] /home/travis/build/icyphy/ptII/ptolemy/domains/continuous/test/auto/ModalTransitionGuardWithResetUsingPreemptiveTransition3.xml (RunModel)" time="0.027" />
  <testcase classname="ptolemy.util.test.junit.AutoTests" name="[97] /home/travis/build/icyphy/ptII/ptolemy/domains/continuous/test/auto/NewtonsCradle.xml (RunModel)" time="0.822" />
  <testcase classname="ptolemy.util.test.junit.AutoTests" name="[98] /home/travis/build/icyphy/ptII/ptolemy/domains/continuous/test/auto/NewtonsCradleAnimated.xml (RunModel)" time="1.399" />
  <testcase classname="ptolemy.util.test.junit.AutoTests" name="[99] /home/travis/build/icyphy/ptII/ptolemy/domains/continuous/test/auto/NewtonsCradleComplicated.xml (RunModel)" time="1.021" />
  <testcase classname="ptolemy.util.test.junit.AutoTests" name="[100] /home/travis/build/icyphy/ptII/ptolemy/domains/continuous/test/auto/NewtonsCradleNondeterministic.xml (RunModel)" time="0.813" />
  <testcase classname="ptolemy.util.test.junit.AutoTests" name="[101] /home/travis/build/icyphy/ptII/ptolemy/domains/continuous/test/auto/NewtonsCradlePerfectlyInelastic1.xml (RunModel)" time="1.356" />
  <testcase classname="ptolemy.util.test.junit.AutoTests" name="[102] /home/travis/build/icyphy/ptII/ptolemy/domains/continuous/test/auto/Noise.xml (RunModel)" time="0.192" />
  <testcase classname="ptolemy.util.test.junit.AutoTests" name="[103] /home/travis/build/icyphy/ptII/ptolemy/domains/continuous/test/auto/NoiseSpectrum.xml (RunModel)" time="0.862" />
  <testcase classname="ptolemy.util.test.junit.AutoTests" name="[104] /home/travis/build/icyphy/ptII/ptolemy/domains/continuous/test/auto/ParameterizedNewtonsCradleAnimated.xml (RunModel)" time="0.388" />
  <testcase classname="ptolemy.util.test.junit.AutoTests" name="[105] /home/travis/build/icyphy/ptII/ptolemy/domains/continuous/test/auto/ParameterizedNewtonsCradleAnimatedNondeterministic.xml (RunModel)" time="1.215" />
  <testcase classname="ptolemy.util.test.junit.AutoTests" name="[106] /home/travis/build/icyphy/ptII/ptolemy/domains/continuous/test/auto/Pendulum3D.xml (RunModel)" time="0.192" />
  <testcase classname="ptolemy.util.test.junit.AutoTests" name="[107] /home/travis/build/icyphy/ptII/ptolemy/domains/continuous/test/auto/PeriodicSampler.xml (RunModel)" time="0.009" />
  <testcase classname="ptolemy.util.test.junit.AutoTests" name="[108] /home/travis/build/icyphy/ptII/ptolemy/domains/continuous/test/auto/PeriodicSampler1.xml (RunModel)" time="0.051" />
  <testcase classname="ptolemy.util.test.junit.AutoTests" name="[109] /home/travis/build/icyphy/ptII/ptolemy/domains/continuous/test/auto/PeriodicSampler2.xml (RunModel)" time="0.093" />
  <testcase classname="ptolemy.util.test.junit.AutoTests" name="[110] /home/travis/build/icyphy/ptII/ptolemy/domains/continuous/test/auto/Poisson.xml (RunModel)" time="0.471" />
  <testcase classname="ptolemy.util.test.junit.AutoTests" name="[111] /home/travis/build/icyphy/ptII/ptolemy/domains/continuous/test/auto/PoissonClock.xml (RunModel)" time="0.012" />
  <testcase classname="ptolemy.util.test.junit.AutoTests" name="[112] /home/travis/build/icyphy/ptII/ptolemy/domains/continuous/test/auto/PoissonClock2.xml (RunModel)" time="0.012" />
  <testcase classname="ptolemy.util.test.junit.AutoTests" name="[113] /home/travis/build/icyphy/ptII/ptolemy/domains/continuous/test/auto/PortParameterHierarchy.xml (RunModel)" time="0.022" />
  <testcase classname="ptolemy.util.test.junit.AutoTests" name="[114] /home/travis/build/icyphy/ptII/ptolemy/domains/continuous/test/auto/RandomHybridPlant.xml (RunModel)" time="0.548" />
  <testcase classname="ptolemy.util.test.junit.AutoTests" name="[115] /home/travis/build/icyphy/ptII/ptolemy/domains/continuous/test/auto/ResetTransitionWithStartTime1.xml (RunModel)" time="0.026" />
  <testcase classname="ptolemy.util.test.junit.AutoTests" name="[116] /home/travis/build/icyphy/ptII/ptolemy/domains/continuous/test/auto/ResetTransitionWithStartTime2.xml (RunModel)" time="0.043" />
  <testcase classname="ptolemy.util.test.junit.AutoTests" name="[117] /home/travis/build/icyphy/ptII/ptolemy/domains/continuous/test/auto/ResetTransitionWithStartTime3.xml (RunModel)" time="0.033" />
  <testcase classname="ptolemy.util.test.junit.AutoTests" name="[118] /home/travis/build/icyphy/ptII/ptolemy/domains/continuous/test/auto/ResetTransitionWithStartTime4.xml (RunModel)" time="0.028" />
  <testcase classname="ptolemy.util.test.junit.AutoTests" name="[119] /home/travis/build/icyphy/ptII/ptolemy/domains/continuous/test/auto/ResetTransitionWithStartTime5.xml (RunModel)" time="0.037" />
  <testcase classname="ptolemy.util.test.junit.AutoTests" name="[120] /home/travis/build/icyphy/ptII/ptolemy/domains/continuous/test/auto/ResetTransitionWithStartTime6.xml (RunModel)" time="0.022" />
  <testcase classname="ptolemy.util.test.junit.AutoTests" name="[121] /home/travis/build/icyphy/ptII/ptolemy/domains/continuous/test/auto/SRinContinuous.xml (RunModel)" time="0.024" />
  <testcase classname="ptolemy.util.test.junit.AutoTests" name="[122] /home/travis/build/icyphy/ptII/ptolemy/domains/continuous/test/auto/SampledClocks.xml (RunModel)" time="0.03" />
  <testcase classname="ptolemy.util.test.junit.AutoTests" name="[123] /home/travis/build/icyphy/ptII/ptolemy/domains/continuous/test/auto/Satellite.xml (RunModel)" time="1.013" />
  <testcase classname="ptolemy.util.test.junit.AutoTests" name="[124] /home/travis/build/icyphy/ptII/ptolemy/domains/continuous/test/auto/SigmaDelta.xml (RunModel)" time="2.659" />
  <testcase classname="ptolemy.util.test.junit.AutoTests" name="[125] /home/travis/build/icyphy/ptII/ptolemy/domains/continuous/test/auto/SingleRefinement.xml (RunModel)" time="0.595" />
  <testcase classname="ptolemy.util.test.junit.AutoTests" name="[126] /home/travis/build/icyphy/ptII/ptolemy/domains/continuous/test/auto/SinuBouncingBall.xml (RunModel)" time="0.911" />
  <testcase classname="ptolemy.util.test.junit.AutoTests" name="[127] /home/travis/build/icyphy/ptII/ptolemy/domains/continuous/test/auto/Sinusoid.xml (RunModel)" time="0.019" />
  <testcase classname="ptolemy.util.test.junit.AutoTests" name="[128] /home/travis/build/icyphy/ptII/ptolemy/domains/continuous/test/auto/SinusoidInNoise.xml (RunModel)" time="1.007" />
  <testcase classname="ptolemy.util.test.junit.AutoTests" name="[129] /home/travis/build/icyphy/ptII/ptolemy/domains/continuous/test/auto/SinusoidRK45.xml (RunModel)" time="0.012" />
  <testcase classname="ptolemy.util.test.junit.AutoTests" name="[130] /home/travis/build/icyphy/ptII/ptolemy/domains/continuous/test/auto/SinusoidWithMultipleImpulses.xml (RunModel)" time="0.017" />
  <testcase classname="ptolemy.util.test.junit.AutoTests" name="[131] /home/travis/build/icyphy/ptII/ptolemy/domains/continuous/test/auto/SquareWave.xml (RunModel)" time="0.225" />
  <testcase classname="ptolemy.util.test.junit.AutoTests" name="[132] /home/travis/build/icyphy/ptII/ptolemy/domains/continuous/test/auto/Starmac.xml (RunModel)" time="3.387" />
  <testcase classname="ptolemy.util.test.junit.AutoTests" name="[133] /home/travis/build/icyphy/ptII/ptolemy/domains/continuous/test/auto/StaticUnits.xml (RunModel)" time="3.063" />
  <testcase classname="ptolemy.util.test.junit.AutoTests" name="[134] /home/travis/build/icyphy/ptII/ptolemy/domains/continuous/test/auto/StickyMasses.xml (RunModel)" time="0.211" />
  <testcase classname="ptolemy.util.test.junit.AutoTests" name="[135] /home/travis/build/icyphy/ptII/ptolemy/domains/continuous/test/auto/StopTime.xml (RunModel)" time="0.061" />
  <testcase classname="ptolemy.util.test.junit.AutoTests" name="[136] /home/travis/build/icyphy/ptII/ptolemy/domains/continuous/test/auto/StopTime2.xml (RunModel)" time="0.057" />
  <testcase classname="ptolemy.util.test.junit.AutoTests" name="[137] /home/travis/build/icyphy/ptII/ptolemy/domains/continuous/test/auto/Switch.xml (RunModel)" time="0.059" />
  <testcase classname="ptolemy.util.test.junit.AutoTests" name="[138] /home/travis/build/icyphy/ptII/ptolemy/domains/continuous/test/auto/Thermostat.xml (RunModel)" time="0.208" />
  <testcase classname="ptolemy.util.test.junit.AutoTests" name="[139] /home/travis/build/icyphy/ptII/ptolemy/domains/continuous/test/auto/TimeDelay.xml (RunModel)" time="0.014" />
  <testcase classname="ptolemy.util.test.junit.AutoTests" name="[140] /home/travis/build/icyphy/ptII/ptolemy/domains/continuous/test/auto/TimeDelay2.xml (RunModel)" time="0.03" />
  <testcase classname="ptolemy.util.test.junit.AutoTests" name="[141] /home/travis/build/icyphy/ptII/ptolemy/domains/continuous/test/auto/TimeDelay3.xml (RunModel)" time="0.012" />
  <testcase classname="ptolemy.util.test.junit.AutoTests" name="[142] /home/travis/build/icyphy/ptII/ptolemy/domains/continuous/test/auto/TransferAbsentToInside.xml (RunModel)" time="0.111" />
  <testcase classname="ptolemy.util.test.junit.AutoTests" name="[143] /home/travis/build/icyphy/ptII/ptolemy/domains/continuous/test/auto/Transmission.xml (RunModel)" time="0.866" />
  <testcase classname="ptolemy.util.test.junit.AutoTests" name="[144] /home/travis/build/icyphy/ptII/ptolemy/domains/continuous/test/auto/TriggeredContinuousClock.xml (RunModel)" time="0.064" />
  <testcase classname="ptolemy.util.test.junit.AutoTests" name="[145] /home/travis/build/icyphy/ptII/ptolemy/domains/continuous/test/auto/TwoMachineInfiniteBusControl.xml (RunModel)" time="3.202" />
  <testcase classname="ptolemy.util.test.junit.AutoTests" name="[146] /home/travis/build/icyphy/ptII/ptolemy/domains/continuous/test/auto/V2V.xml (RunModel)" time="0.952" />
  <testcase classname="ptolemy.util.test.junit.AutoTests" name="[147] /home/travis/build/icyphy/ptII/ptolemy/domains/continuous/test/auto/hierarchicalModalModel.xml (RunModel)" time="0.041" />
  <testcase classname="ptolemy.util.test.junit.AutoTests" name="[148] /home/travis/build/icyphy/ptII/ptolemy/domains/continuous/test/auto/hierarchicalModalModel1.xml (RunModel)" time="0.041" />
  <testcase classname="ptolemy.util.test.junit.AutoTests" name="[149] /home/travis/build/icyphy/ptII/ptolemy/domains/continuous/test/auto/hierarchicalModalModel2.xml (RunModel)" time="0.032" />
  <testcase classname="ptolemy.util.test.junit.AutoTests" name="[150] /home/travis/build/icyphy/ptII/ptolemy/domains/continuous/test/auto/hierarchicalModalModel3.xml (RunModel)" time="0.026" />
  <testcase classname="ptolemy.util.test.junit.AutoTests" name="[151] /home/travis/build/icyphy/ptII/ptolemy/domains/continuous/test/auto/hierarchicalModalModel4.xml (RunModel)" time="0.028" />
  <testcase classname="ptolemy.util.test.junit.AutoTests" name="[152] /home/travis/build/icyphy/ptII/ptolemy/domains/continuous/test/auto/junk.xml (RunModel)" time="0.164" />
  <system-out><![CDATA[No tcl tests in /home/travis/build/icyphy/ptII/ptolemy/domains/continuous/test
No auto/knownFailedTests/*.xml tests in /home/travis/build/icyphy/ptII/ptolemy/domains/continuous/test
No auto/linux-amd64/*.xml tests in /home/travis/build/icyphy/ptII/ptolemy/domains/continuous/test
AutoTests.java: About to close Vertx.
AutoTests.java: Vertx closed.

===========================================================================================
----------------- testing Sat Jul 06 06:32:10 UTC 2019 /home/travis/build/icyphy/ptII/ptolemy/domains/continuous/test/auto/BouncingBall.xml
----------------- Instantiating /home/travis/build/icyphy/ptII/ptolemy/domains/continuous/test/auto/BouncingBall.xml
2487 ms. Memory: 206848K Free: 188082K (91%)
----------------- Invoking toplevel() on ptolemy.moml.MoMLSimpleApplication@76297fee
----------------- Done invoking toplevel() on ptolemy.moml.MoMLSimpleApplication@76297fee
reloadAllAccessors: .BouncingBall

===========================================================================================
----------------- testing Sat Jul 06 06:32:13 UTC 2019 /home/travis/build/icyphy/ptII/ptolemy/domains/continuous/test/auto/BouncingBallWithoutGR.xml
----------------- Instantiating /home/travis/build/icyphy/ptII/ptolemy/domains/continuous/test/auto/BouncingBallWithoutGR.xml
808 ms. Memory: 206848K Free: 127068K (61%)
----------------- Invoking toplevel() on ptolemy.moml.MoMLSimpleApplication@4c0355d2
----------------- Done invoking toplevel() on ptolemy.moml.MoMLSimpleApplication@4c0355d2
reloadAllAccessors: .BouncingBallWithoutGR

===========================================================================================
----------------- testing Sat Jul 06 06:32:14 UTC 2019 /home/travis/build/icyphy/ptII/ptolemy/domains/continuous/test/auto/Brownian.xml
----------------- Instantiating /home/travis/build/icyphy/ptII/ptolemy/domains/continuous/test/auto/Brownian.xml
42 ms. Memory: 206848K Free: 118362K (57%)
----------------- Invoking toplevel() on ptolemy.moml.MoMLSimpleApplication@3bd377a4
----------------- Done invoking toplevel() on ptolemy.moml.MoMLSimpleApplication@3bd377a4
reloadAllAccessors: .Brownian

===========================================================================================
----------------- testing Sat Jul 06 06:32:15 UTC 2019 /home/travis/build/icyphy/ptII/ptolemy/domains/continuous/test/auto/CarTracking.xml
----------------- Instantiating /home/travis/build/icyphy/ptII/ptolemy/domains/continuous/test/auto/CarTracking.xml
4183 ms. Memory: 303104K Free: 191877K (63%)
----------------- Invoking toplevel() on ptolemy.moml.MoMLSimpleApplication@5976a061
----------------- Done invoking toplevel() on ptolemy.moml.MoMLSimpleApplication@5976a061
reloadAllAccessors: .CarTracking

===========================================================================================
----------------- testing Sat Jul 06 06:32:19 UTC 2019 /home/travis/build/icyphy/ptII/ptolemy/domains/continuous/test/auto/CartPendulum.xml
----------------- Instantiating /home/travis/build/icyphy/ptII/ptolemy/domains/continuous/test/auto/CartPendulum.xml
428 ms. Memory: 303104K Free: 277887K (92%)
----------------- Invoking toplevel() on ptolemy.moml.MoMLSimpleApplication@6f844fb1
----------------- Done invoking toplevel() on ptolemy.moml.MoMLSimpleApplication@6f844fb1
reloadAllAccessors: .CartPendulum

===========================================================================================
----------------- testing Sat Jul 06 06:32:20 UTC 2019 /home/travis/build/icyphy/ptII/ptolemy/domains/continuous/test/auto/CausalityInterface10.xml
----------------- Instantiating /home/travis/build/icyphy/ptII/ptolemy/domains/continuous/test/auto/CausalityInterface10.xml
6 ms. Memory: 303104K Free: 267133K (88%)
----------------- Invoking toplevel() on ptolemy.moml.MoMLSimpleApplication@182f463c
----------------- Done invoking toplevel() on ptolemy.moml.MoMLSimpleApplication@182f463c
reloadAllAccessors: .CausalityInterface10

===========================================================================================
----------------- testing Sat Jul 06 06:32:20 UTC 2019 /home/travis/build/icyphy/ptII/ptolemy/domains/continuous/test/auto/CausalityInterface11.xml
----------------- Instantiating /home/travis/build/icyphy/ptII/ptolemy/domains/continuous/test/auto/CausalityInterface11.xml
8 ms. Memory: 303104K Free: 260975K (86%)
----------------- Invoking toplevel() on ptolemy.moml.MoMLSimpleApplication@146a5b81
----------------- Done invoking toplevel() on ptolemy.moml.MoMLSimpleApplication@146a5b81
reloadAllAccessors: .CausalityInterface11

===========================================================================================
----------------- testing Sat Jul 06 06:32:20 UTC 2019 /home/travis/build/icyphy/ptII/ptolemy/domains/continuous/test/auto/CausalityInterface12.xml
----------------- Instantiating /home/travis/build/icyphy/ptII/ptolemy/domains/continuous/test/auto/CausalityInterface12.xml
11 ms. Memory: 303104K Free: 254845K (84%)
----------------- Invoking toplevel() on ptolemy.moml.MoMLSimpleApplication@5b42d887
----------------- Done invoking toplevel() on ptolemy.moml.MoMLSimpleApplication@5b42d887
reloadAllAccessors: .CausalityInterface12

===========================================================================================
----------------- testing Sat Jul 06 06:32:20 UTC 2019 /home/travis/build/icyphy/ptII/ptolemy/domains/continuous/test/auto/CausalityInterface13.xml
----------------- Instantiating /home/travis/build/icyphy/ptII/ptolemy/domains/continuous/test/auto/CausalityInterface13.xml
7 ms. Memory: 303104K Free: 248701K (82%)
----------------- Invoking toplevel() on ptolemy.moml.MoMLSimpleApplication@564a706a
----------------- Done invoking toplevel() on ptolemy.moml.MoMLSimpleApplication@564a706a
reloadAllAccessors: .CausalityInterface13

===========================================================================================
----------------- testing Sat Jul 06 06:32:20 UTC 2019 /home/travis/build/icyphy/ptII/ptolemy/domains/continuous/test/auto/CausalityInterface14.xml
----------------- Instantiating /home/travis/build/icyphy/ptII/ptolemy/domains/continuous/test/auto/CausalityInterface14.xml
2 ms. Memory: 303104K Free: 243071K (80%)
----------------- Invoking toplevel() on ptolemy.moml.MoMLSimpleApplication@8ae78b3
----------------- Done invoking toplevel() on ptolemy.moml.MoMLSimpleApplication@8ae78b3
reloadAllAccessors: .CausalityInterface14

===========================================================================================
----------------- testing Sat Jul 06 06:32:20 UTC 2019 /home/travis/build/icyphy/ptII/ptolemy/domains/continuous/test/auto/CausalityInterface4.xml
----------------- Instantiating /home/travis/build/icyphy/ptII/ptolemy/domains/continuous/test/auto/CausalityInterface4.xml
5 ms. Memory: 303104K Free: 236413K (78%)
----------------- Invoking toplevel() on ptolemy.moml.MoMLSimpleApplication@352b41ee
----------------- Done invoking toplevel() on ptolemy.moml.MoMLSimpleApplication@352b41ee
reloadAllAccessors: .CausalityInterface4

===========================================================================================
----------------- testing Sat Jul 06 06:32:20 UTC 2019 /home/travis/build/icyphy/ptII/ptolemy/domains/continuous/test/auto/CausalityInterface5.xml
----------------- Instantiating /home/travis/build/icyphy/ptII/ptolemy/domains/continuous/test/auto/CausalityInterface5.xml
4 ms. Memory: 303104K Free: 228221K (75%)
----------------- Invoking toplevel() on ptolemy.moml.MoMLSimpleApplication@1926e293
----------------- Done invoking toplevel() on ptolemy.moml.MoMLSimpleApplication@1926e293
reloadAllAccessors: .CausalityInterface5

===========================================================================================
----------------- testing Sat Jul 06 06:32:20 UTC 2019 /home/travis/build/icyphy/ptII/ptolemy/domains/continuous/test/auto/CausalityInterface6.xml
----------------- Instantiating /home/travis/build/icyphy/ptII/ptolemy/domains/continuous/test/auto/CausalityInterface6.xml
4 ms. Memory: 303104K Free: 223087K (74%)
----------------- Invoking toplevel() on ptolemy.moml.MoMLSimpleApplication@5729c988
----------------- Done invoking toplevel() on ptolemy.moml.MoMLSimpleApplication@5729c988
reloadAllAccessors: .CausalityInterface6

===========================================================================================
----------------- testing Sat Jul 06 06:32:20 UTC 2019 /home/travis/build/icyphy/ptII/ptolemy/domains/continuous/test/auto/CausalityInterface7.xml
----------------- Instantiating /home/travis/build/icyphy/ptII/ptolemy/domains/continuous/test/auto/CausalityInterface7.xml
6 ms. Memory: 303104K Free: 214399K (71%)
----------------- Invoking toplevel() on ptolemy.moml.MoMLSimpleApplication@48b8077b
----------------- Done invoking toplevel() on ptolemy.moml.MoMLSimpleApplication@48b8077b
reloadAllAccessors: .CausalityInterface7

===========================================================================================
----------------- testing Sat Jul 06 06:32:20 UTC 2019 /home/travis/build/icyphy/ptII/ptolemy/domains/continuous/test/auto/CausalityInterface8.xml
----------------- Instantiating /home/travis/build/icyphy/ptII/ptolemy/domains/continuous/test/auto/CausalityInterface8.xml
4 ms. Memory: 303104K Free: 205183K (68%)
----------------- Invoking toplevel() on ptolemy.moml.MoMLSimpleApplication@4f086a3f
----------------- Done invoking toplevel() on ptolemy.moml.MoMLSimpleApplication@4f086a3f
reloadAllAccessors: .CausalityInterface8

===========================================================================================
----------------- testing Sat Jul 06 06:32:20 UTC 2019 /home/travis/build/icyphy/ptII/ptolemy/domains/continuous/test/auto/CausalityInterface9.xml
----------------- Instantiating /home/travis/build/icyphy/ptII/ptolemy/domains/continuous/test/auto/CausalityInterface9.xml
9 ms. Memory: 303104K Free: 194429K (64%)
----------------- Invoking toplevel() on ptolemy.moml.MoMLSimpleApplication@48a9c921
----------------- Done invoking toplevel() on ptolemy.moml.MoMLSimpleApplication@48a9c921
reloadAllAccessors: .CausalityInterface9

===========================================================================================
----------------- testing Sat Jul 06 06:32:20 UTC 2019 /home/travis/build/icyphy/ptII/ptolemy/domains/continuous/test/auto/CausalityInterfaceFeedback1.xml
----------------- Instantiating /home/travis/build/icyphy/ptII/ptolemy/domains/continuous/test/auto/CausalityInterfaceFeedback1.xml
5 ms. Memory: 303104K Free: 187775K (62%)
----------------- Invoking toplevel() on ptolemy.moml.MoMLSimpleApplication@7133ec1f
----------------- Done invoking toplevel() on ptolemy.moml.MoMLSimpleApplication@7133ec1f
reloadAllAccessors: .CausalityInterfaceFeedback1

===========================================================================================
----------------- testing Sat Jul 06 06:32:20 UTC 2019 /home/travis/build/icyphy/ptII/ptolemy/domains/continuous/test/auto/CausalityInterfaceFeedback2.xml
----------------- Instantiating /home/travis/build/icyphy/ptII/ptolemy/domains/continuous/test/auto/CausalityInterfaceFeedback2.xml
6 ms. Memory: 303104K Free: 181103K (60%)
----------------- Invoking toplevel() on ptolemy.moml.MoMLSimpleApplication@307bdcf5
----------------- Done invoking toplevel() on ptolemy.moml.MoMLSimpleApplication@307bdcf5
reloadAllAccessors: .CausalityInterfaceFeedback2

===========================================================================================
----------------- testing Sat Jul 06 06:32:20 UTC 2019 /home/travis/build/icyphy/ptII/ptolemy/domains/continuous/test/auto/CompareWithCurrentTime.xml
----------------- Instantiating /home/travis/build/icyphy/ptII/ptolemy/domains/continuous/test/auto/CompareWithCurrentTime.xml
3 ms. Memory: 303104K Free: 177021K (58%)
----------------- Invoking toplevel() on ptolemy.moml.MoMLSimpleApplication@569286c8
----------------- Done invoking toplevel() on ptolemy.moml.MoMLSimpleApplication@569286c8
reloadAllAccessors: .CompareWithCurrentTime

===========================================================================================
----------------- testing Sat Jul 06 06:32:20 UTC 2019 /home/travis/build/icyphy/ptII/ptolemy/domains/continuous/test/auto/ComparedClocks.xml
----------------- Instantiating /home/travis/build/icyphy/ptII/ptolemy/domains/continuous/test/auto/ComparedClocks.xml
7 ms. Memory: 303104K Free: 161647K (53%)
----------------- Invoking toplevel() on ptolemy.moml.MoMLSimpleApplication@5f48ac31
----------------- Done invoking toplevel() on ptolemy.moml.MoMLSimpleApplication@5f48ac31
reloadAllAccessors: .ComparedClocks

===========================================================================================
----------------- testing Sat Jul 06 06:32:20 UTC 2019 /home/travis/build/icyphy/ptII/ptolemy/domains/continuous/test/auto/ContinuousAOCClone.xml
----------------- Instantiating /home/travis/build/icyphy/ptII/ptolemy/domains/continuous/test/auto/ContinuousAOCClone.xml
2574 ms. Memory: 364544K Free: 239351K (66%)
----------------- Invoking toplevel() on ptolemy.moml.MoMLSimpleApplication@6d4cd800
----------------- Done invoking toplevel() on ptolemy.moml.MoMLSimpleApplication@6d4cd800
reloadAllAccessors: .ContinuousAOCClone

===========================================================================================
----------------- testing Sat Jul 06 06:32:23 UTC 2019 /home/travis/build/icyphy/ptII/ptolemy/domains/continuous/test/auto/ContinuousClock.xml
----------------- Instantiating /home/travis/build/icyphy/ptII/ptolemy/domains/continuous/test/auto/ContinuousClock.xml
30 ms. Memory: 364544K Free: 217847K (60%)
----------------- Invoking toplevel() on ptolemy.moml.MoMLSimpleApplication@2dbeecb6
----------------- Done invoking toplevel() on ptolemy.moml.MoMLSimpleApplication@2dbeecb6
reloadAllAccessors: .ContinuousClock

===========================================================================================
----------------- testing Sat Jul 06 06:32:23 UTC 2019 /home/travis/build/icyphy/ptII/ptolemy/domains/continuous/test/auto/ContinuousInContinuous.xml
----------------- Instantiating /home/travis/build/icyphy/ptII/ptolemy/domains/continuous/test/auto/ContinuousInContinuous.xml
40 ms. Memory: 364544K Free: 193767K (53%)
----------------- Invoking toplevel() on ptolemy.moml.MoMLSimpleApplication@4661722a
----------------- Done invoking toplevel() on ptolemy.moml.MoMLSimpleApplication@4661722a
reloadAllAccessors: .ContinuousInContinuous

===========================================================================================
----------------- testing Sat Jul 06 06:32:23 UTC 2019 /home/travis/build/icyphy/ptII/ptolemy/domains/continuous/test/auto/ContinuousInContinuousInContinuous.xml
----------------- Instantiating /home/travis/build/icyphy/ptII/ptolemy/domains/continuous/test/auto/ContinuousInContinuousInContinuous.xml
5 ms. Memory: 364544K Free: 185589K (51%)
----------------- Invoking toplevel() on ptolemy.moml.MoMLSimpleApplication@2d3e9fc0
----------------- Done invoking toplevel() on ptolemy.moml.MoMLSimpleApplication@2d3e9fc0
reloadAllAccessors: .ContinuousInContinuousInContinuous

===========================================================================================
----------------- testing Sat Jul 06 06:32:23 UTC 2019 /home/travis/build/icyphy/ptII/ptolemy/domains/continuous/test/auto/ContinuousInDE.xml
----------------- Instantiating /home/travis/build/icyphy/ptII/ptolemy/domains/continuous/test/auto/ContinuousInDE.xml
101 ms. Memory: 364544K Free: 174839K (48%)
----------------- Invoking toplevel() on ptolemy.moml.MoMLSimpleApplication@23b05bcc
----------------- Done invoking toplevel() on ptolemy.moml.MoMLSimpleApplication@23b05bcc
reloadAllAccessors: .ContinuousInDE

===========================================================================================
----------------- testing Sat Jul 06 06:32:24 UTC 2019 /home/travis/build/icyphy/ptII/ptolemy/domains/continuous/test/auto/ContinuousInDE2.xml
----------------- Instantiating /home/travis/build/icyphy/ptII/ptolemy/domains/continuous/test/auto/ContinuousInDE2.xml
38 ms. Memory: 364544K Free: 165109K (45%)
----------------- Invoking toplevel() on ptolemy.moml.MoMLSimpleApplication@2bd310ef
----------------- Done invoking toplevel() on ptolemy.moml.MoMLSimpleApplication@2bd310ef
reloadAllAccessors: .ContinuousInDE2

===========================================================================================
----------------- testing Sat Jul 06 06:32:24 UTC 2019 /home/travis/build/icyphy/ptII/ptolemy/domains/continuous/test/auto/ContinuousInDE3.xml
----------------- Instantiating /home/travis/build/icyphy/ptII/ptolemy/domains/continuous/test/auto/ContinuousInDE3.xml
34 ms. Memory: 364544K Free: 155383K (43%)
----------------- Invoking toplevel() on ptolemy.moml.MoMLSimpleApplication@76dfe48d
----------------- Done invoking toplevel() on ptolemy.moml.MoMLSimpleApplication@76dfe48d
reloadAllAccessors: .ContinuousInDE3

===========================================================================================
----------------- testing Sat Jul 06 06:32:24 UTC 2019 /home/travis/build/icyphy/ptII/ptolemy/domains/continuous/test/auto/ContinuousInDE4.xml
----------------- Instantiating /home/travis/build/icyphy/ptII/ptolemy/domains/continuous/test/auto/ContinuousInDE4.xml
18 ms. Memory: 364544K Free: 149239K (41%)
----------------- Invoking toplevel() on ptolemy.moml.MoMLSimpleApplication@7923fa90
----------------- Done invoking toplevel() on ptolemy.moml.MoMLSimpleApplication@7923fa90
reloadAllAccessors: .ContinuousInDE4

===========================================================================================
----------------- testing Sat Jul 06 06:32:24 UTC 2019 /home/travis/build/icyphy/ptII/ptolemy/domains/continuous/test/auto/ContinuousInDEDifferentRefinements.xml
----------------- Instantiating /home/travis/build/icyphy/ptII/ptolemy/domains/continuous/test/auto/ContinuousInDEDifferentRefinements.xml
68 ms. Memory: 364544K Free: 335129K (92%)
----------------- Invoking toplevel() on ptolemy.moml.MoMLSimpleApplication@90962ca
----------------- Done invoking toplevel() on ptolemy.moml.MoMLSimpleApplication@90962ca
reloadAllAccessors: .ContinuousInDEDifferentRefinements

===========================================================================================
----------------- testing Sat Jul 06 06:32:24 UTC 2019 /home/travis/build/icyphy/ptII/ptolemy/domains/continuous/test/auto/ContinuousInDEDifferentRefinementsPreemptive.xml
----------------- Instantiating /home/travis/build/icyphy/ptII/ptolemy/domains/continuous/test/auto/ContinuousInDEDifferentRefinementsPreemptive.xml
46 ms. Memory: 364544K Free: 304806K (84%)
----------------- Invoking toplevel() on ptolemy.moml.MoMLSimpleApplication@6c5ad92b
----------------- Done invoking toplevel() on ptolemy.moml.MoMLSimpleApplication@6c5ad92b
reloadAllAccessors: .ContinuousInDEDifferentRefinementsPreemptive

===========================================================================================
----------------- testing Sat Jul 06 06:32:24 UTC 2019 /home/travis/build/icyphy/ptII/ptolemy/domains/continuous/test/auto/ContinuousInDEInContinuous2.xml
----------------- Instantiating /home/travis/build/icyphy/ptII/ptolemy/domains/continuous/test/auto/ContinuousInDEInContinuous2.xml
33 ms. Memory: 364544K Free: 293542K (81%)
----------------- Invoking toplevel() on ptolemy.moml.MoMLSimpleApplication@689066b9
----------------- Done invoking toplevel() on ptolemy.moml.MoMLSimpleApplication@689066b9
reloadAllAccessors: .ContinuousInDEInContinuous2

===========================================================================================
----------------- testing Sat Jul 06 06:32:24 UTC 2019 /home/travis/build/icyphy/ptII/ptolemy/domains/continuous/test/auto/ContinuousInDEInContinuous3.xml
----------------- Instantiating /home/travis/build/icyphy/ptII/ptolemy/domains/continuous/test/auto/ContinuousInDEInContinuous3.xml
36 ms. Memory: 364544K Free: 281254K (77%)
----------------- Invoking toplevel() on ptolemy.moml.MoMLSimpleApplication@53b65b01
----------------- Done invoking toplevel() on ptolemy.moml.MoMLSimpleApplication@53b65b01
reloadAllAccessors: .ContinuousInDEInContinuous3

===========================================================================================
----------------- testing Sat Jul 06 06:32:24 UTC 2019 /home/travis/build/icyphy/ptII/ptolemy/domains/continuous/test/auto/ContinuousInDEInput.xml
----------------- Instantiating /home/travis/build/icyphy/ptII/ptolemy/domains/continuous/test/auto/ContinuousInDEInput.xml
16 ms. Memory: 364544K Free: 274086K (75%)
----------------- Invoking toplevel() on ptolemy.moml.MoMLSimpleApplication@4e0953ca
----------------- Done invoking toplevel() on ptolemy.moml.MoMLSimpleApplication@4e0953ca
reloadAllAccessors: .ContinuousInDEInput

===========================================================================================
----------------- testing Sat Jul 06 06:32:24 UTC 2019 /home/travis/build/icyphy/ptII/ptolemy/domains/continuous/test/auto/ContinuousInDEInput2.xml
----------------- Instantiating /home/travis/build/icyphy/ptII/ptolemy/domains/continuous/test/auto/ContinuousInDEInput2.xml
15 ms. Memory: 364544K Free: 266918K (73%)
----------------- Invoking toplevel() on ptolemy.moml.MoMLSimpleApplication@1070b891
----------------- Done invoking toplevel() on ptolemy.moml.MoMLSimpleApplication@1070b891
reloadAllAccessors: .ContinuousInDEInput2

===========================================================================================
----------------- testing Sat Jul 06 06:32:24 UTC 2019 /home/travis/build/icyphy/ptII/ptolemy/domains/continuous/test/auto/ContinuousInDEInput3.xml
----------------- Instantiating /home/travis/build/icyphy/ptII/ptolemy/domains/continuous/test/auto/ContinuousInDEInput3.xml
15 ms. Memory: 364544K Free: 259750K (71%)
----------------- Invoking toplevel() on ptolemy.moml.MoMLSimpleApplication@2e1e887d
----------------- Done invoking toplevel() on ptolemy.moml.MoMLSimpleApplication@2e1e887d
reloadAllAccessors: .ContinuousInDEInput3

===========================================================================================
----------------- testing Sat Jul 06 06:32:24 UTC 2019 /home/travis/build/icyphy/ptII/ptolemy/domains/continuous/test/auto/ContinuousInDESharingRefinement.xml
----------------- Instantiating /home/travis/build/icyphy/ptII/ptolemy/domains/continuous/test/auto/ContinuousInDESharingRefinement.xml
162 ms. Memory: 364544K Free: 165032K (45%)
----------------- Invoking toplevel() on ptolemy.moml.MoMLSimpleApplication@38d38ccb
----------------- Done invoking toplevel() on ptolemy.moml.MoMLSimpleApplication@38d38ccb
reloadAllAccessors: .ContinuousInDESharingRefinement

===========================================================================================
----------------- testing Sat Jul 06 06:32:24 UTC 2019 /home/travis/build/icyphy/ptII/ptolemy/domains/continuous/test/auto/ContinuousInDEwithNoPorts.xml
----------------- Instantiating /home/travis/build/icyphy/ptII/ptolemy/domains/continuous/test/auto/ContinuousInDEwithNoPorts.xml
3 ms. Memory: 364544K Free: 160936K (44%)
----------------- Invoking toplevel() on ptolemy.moml.MoMLSimpleApplication@6c4cadac
----------------- Done invoking toplevel() on ptolemy.moml.MoMLSimpleApplication@6c4cadac
reloadAllAccessors: .ContinuousInDEwithNoPorts

===========================================================================================
----------------- testing Sat Jul 06 06:32:24 UTC 2019 /home/travis/build/icyphy/ptII/ptolemy/domains/continuous/test/auto/ContinuousInsideDE.xml
----------------- Instantiating /home/travis/build/icyphy/ptII/ptolemy/domains/continuous/test/auto/ContinuousInsideDE.xml
32 ms. Memory: 364544K Free: 149158K (41%)
----------------- Invoking toplevel() on ptolemy.moml.MoMLSimpleApplication@74d86be8
----------------- Done invoking toplevel() on ptolemy.moml.MoMLSimpleApplication@74d86be8
reloadAllAccessors: .ContinuousInsideDE

===========================================================================================
----------------- testing Sat Jul 06 06:32:24 UTC 2019 /home/travis/build/icyphy/ptII/ptolemy/domains/continuous/test/auto/ContinuousMerge1.xml
----------------- Instantiating /home/travis/build/icyphy/ptII/ptolemy/domains/continuous/test/auto/ContinuousMerge1.xml
2 ms. Memory: 364544K Free: 144552K (40%)
----------------- Invoking toplevel() on ptolemy.moml.MoMLSimpleApplication@364c514f
----------------- Done invoking toplevel() on ptolemy.moml.MoMLSimpleApplication@364c514f
reloadAllAccessors: .ContinuousMerge1

===========================================================================================
----------------- testing Sat Jul 06 06:32:24 UTC 2019 /home/travis/build/icyphy/ptII/ptolemy/domains/continuous/test/auto/ContinuousMerge2.xml
----------------- Instantiating /home/travis/build/icyphy/ptII/ptolemy/domains/continuous/test/auto/ContinuousMerge2.xml
16 ms. Memory: 364544K Free: 134312K (37%)
----------------- Invoking toplevel() on ptolemy.moml.MoMLSimpleApplication@32dbf093
----------------- Done invoking toplevel() on ptolemy.moml.MoMLSimpleApplication@32dbf093
reloadAllAccessors: .ContinuousMerge2

===========================================================================================
----------------- testing Sat Jul 06 06:32:25 UTC 2019 /home/travis/build/icyphy/ptII/ptolemy/domains/continuous/test/auto/ContinuousMerge3.xml
----------------- Instantiating /home/travis/build/icyphy/ptII/ptolemy/domains/continuous/test/auto/ContinuousMerge3.xml
40 ms. Memory: 364544K Free: 340114K (93%)
----------------- Invoking toplevel() on ptolemy.moml.MoMLSimpleApplication@3532032c
----------------- Done invoking toplevel() on ptolemy.moml.MoMLSimpleApplication@3532032c
reloadAllAccessors: .ContinuousMerge3

===========================================================================================
----------------- testing Sat Jul 06 06:32:25 UTC 2019 /home/travis/build/icyphy/ptII/ptolemy/domains/continuous/test/auto/ContinuousWithinContinuous.xml
----------------- Instantiating /home/travis/build/icyphy/ptII/ptolemy/domains/continuous/test/auto/ContinuousWithinContinuous.xml
36 ms. Memory: 364544K Free: 330898K (91%)
----------------- Invoking toplevel() on ptolemy.moml.MoMLSimpleApplication@35317577
----------------- Done invoking toplevel() on ptolemy.moml.MoMLSimpleApplication@35317577
reloadAllAccessors: .ContinuousWithinContinuous

===========================================================================================
----------------- testing Sat Jul 06 06:32:25 UTC 2019 /home/travis/build/icyphy/ptII/ptolemy/domains/continuous/test/auto/ContinuousWithinContinuous2.xml
----------------- Instantiating /home/travis/build/icyphy/ptII/ptolemy/domains/continuous/test/auto/ContinuousWithinContinuous2.xml
68 ms. Memory: 364544K Free: 319634K (88%)
----------------- Invoking toplevel() on ptolemy.moml.MoMLSimpleApplication@7f9f9d3d
----------------- Done invoking toplevel() on ptolemy.moml.MoMLSimpleApplication@7f9f9d3d
reloadAllAccessors: .ContinuousWithinContinuous2

===========================================================================================
----------------- testing Sat Jul 06 06:32:25 UTC 2019 /home/travis/build/icyphy/ptII/ptolemy/domains/continuous/test/auto/ContinuousWithinContinuous3.xml
----------------- Instantiating /home/travis/build/icyphy/ptII/ptolemy/domains/continuous/test/auto/ContinuousWithinContinuous3.xml
12 ms. Memory: 364544K Free: 312980K (86%)
----------------- Invoking toplevel() on ptolemy.moml.MoMLSimpleApplication@4fb354a8
----------------- Done invoking toplevel() on ptolemy.moml.MoMLSimpleApplication@4fb354a8
reloadAllAccessors: .ContinuousWithinContinuous3

===========================================================================================
----------------- testing Sat Jul 06 06:32:25 UTC 2019 /home/travis/build/icyphy/ptII/ptolemy/domains/continuous/test/auto/ContinuousWithinContinuous4.xml
----------------- Instantiating /home/travis/build/icyphy/ptII/ptolemy/domains/continuous/test/auto/ContinuousWithinContinuous4.xml
65 ms. Memory: 364544K Free: 300178K (82%)
----------------- Invoking toplevel() on ptolemy.moml.MoMLSimpleApplication@4e3482ae
----------------- Done invoking toplevel() on ptolemy.moml.MoMLSimpleApplication@4e3482ae
reloadAllAccessors: .ContinuousWithinContinuous4

===========================================================================================
----------------- testing Sat Jul 06 06:32:25 UTC 2019 /home/travis/build/icyphy/ptII/ptolemy/domains/continuous/test/auto/ContinuousWithinContinuous5.xml
----------------- Instantiating /home/travis/build/icyphy/ptII/ptolemy/domains/continuous/test/auto/ContinuousWithinContinuous5.xml
13 ms. Memory: 364544K Free: 292500K (80%)
----------------- Invoking toplevel() on ptolemy.moml.MoMLSimpleApplication@765bf893
----------------- Done invoking toplevel() on ptolemy.moml.MoMLSimpleApplication@765bf893
reloadAllAccessors: .ContinuousWithinContinuous5

===========================================================================================
----------------- testing Sat Jul 06 06:32:25 UTC 2019 /home/travis/build/icyphy/ptII/ptolemy/domains/continuous/test/auto/ContinuousWithinContinuous6.xml
----------------- Instantiating /home/travis/build/icyphy/ptII/ptolemy/domains/continuous/test/auto/ContinuousWithinContinuous6.xml
10 ms. Memory: 364544K Free: 285842K (78%)
----------------- Invoking toplevel() on ptolemy.moml.MoMLSimpleApplication@29319013
----------------- Done invoking toplevel() on ptolemy.moml.MoMLSimpleApplication@29319013
reloadAllAccessors: .ContinuousWithinContinuous6

===========================================================================================
----------------- testing Sat Jul 06 06:32:25 UTC 2019 /home/travis/build/icyphy/ptII/ptolemy/domains/continuous/test/auto/ContinuousWithinContinuous7.xml
----------------- Instantiating /home/travis/build/icyphy/ptII/ptolemy/domains/continuous/test/auto/ContinuousWithinContinuous7.xml
54 ms. Memory: 364544K Free: 274578K (75%)
----------------- Invoking toplevel() on ptolemy.moml.MoMLSimpleApplication@5d1e86e5
----------------- Done invoking toplevel() on ptolemy.moml.MoMLSimpleApplication@5d1e86e5
reloadAllAccessors: .ContinuousWithinContinuous7

===========================================================================================
----------------- testing Sat Jul 06 06:32:25 UTC 2019 /home/travis/build/icyphy/ptII/ptolemy/domains/continuous/test/auto/DCMotor.xml
----------------- Instantiating /home/travis/build/icyphy/ptII/ptolemy/domains/continuous/test/auto/DCMotor.xml
13529 ms. Memory: 364544K Free: 274713K (75%)
----------------- Invoking toplevel() on ptolemy.moml.MoMLSimpleApplication@16c54429
----------------- Done invoking toplevel() on ptolemy.moml.MoMLSimpleApplication@16c54429
reloadAllAccessors: .DCMotor

===========================================================================================
----------------- testing Sat Jul 06 06:32:39 UTC 2019 /home/travis/build/icyphy/ptII/ptolemy/domains/continuous/test/auto/DEInContinuous.xml
----------------- Instantiating /home/travis/build/icyphy/ptII/ptolemy/domains/continuous/test/auto/DEInContinuous.xml
18 ms. Memory: 364544K Free: 268569K (74%)
----------------- Invoking toplevel() on ptolemy.moml.MoMLSimpleApplication@4a8765c1
----------------- Done invoking toplevel() on ptolemy.moml.MoMLSimpleApplication@4a8765c1
reloadAllAccessors: .DEInContinuous

===========================================================================================
----------------- testing Sat Jul 06 06:32:39 UTC 2019 /home/travis/build/icyphy/ptII/ptolemy/domains/continuous/test/auto/DEinContinuous2.xml
----------------- Instantiating /home/travis/build/icyphy/ptII/ptolemy/domains/continuous/test/auto/DEinContinuous2.xml
9 ms. Memory: 364544K Free: 260873K (72%)
----------------- Invoking toplevel() on ptolemy.moml.MoMLSimpleApplication@19eb19ff
----------------- Done invoking toplevel() on ptolemy.moml.MoMLSimpleApplication@19eb19ff
reloadAllAccessors: .DEinContinuous2

===========================================================================================
----------------- testing Sat Jul 06 06:32:39 UTC 2019 /home/travis/build/icyphy/ptII/ptolemy/domains/continuous/test/auto/Derivative.xml
----------------- Instantiating /home/travis/build/icyphy/ptII/ptolemy/domains/continuous/test/auto/Derivative.xml
148 ms. Memory: 364544K Free: 231705K (64%)
----------------- Invoking toplevel() on ptolemy.moml.MoMLSimpleApplication@aa7bb67
----------------- Done invoking toplevel() on ptolemy.moml.MoMLSimpleApplication@aa7bb67
reloadAllAccessors: .Derivative2

===========================================================================================
----------------- testing Sat Jul 06 06:32:39 UTC 2019 /home/travis/build/icyphy/ptII/ptolemy/domains/continuous/test/auto/Derivative1.xml
----------------- Instantiating /home/travis/build/icyphy/ptII/ptolemy/domains/continuous/test/auto/Derivative1.xml
16 ms. Memory: 364544K Free: 217369K (60%)
----------------- Invoking toplevel() on ptolemy.moml.MoMLSimpleApplication@3315c8f
----------------- Done invoking toplevel() on ptolemy.moml.MoMLSimpleApplication@3315c8f
reloadAllAccessors: .Derivative1

===========================================================================================
----------------- testing Sat Jul 06 06:32:39 UTC 2019 /home/travis/build/icyphy/ptII/ptolemy/domains/continuous/test/auto/DiscreteClock.xml
----------------- Instantiating /home/travis/build/icyphy/ptII/ptolemy/domains/continuous/test/auto/DiscreteClock.xml
4 ms. Memory: 364544K Free: 212249K (58%)
----------------- Invoking toplevel() on ptolemy.moml.MoMLSimpleApplication@1e746c79
----------------- Done invoking toplevel() on ptolemy.moml.MoMLSimpleApplication@1e746c79
reloadAllAccessors: .DiscreteClock

===========================================================================================
----------------- testing Sat Jul 06 06:32:39 UTC 2019 /home/travis/build/icyphy/ptII/ptolemy/domains/continuous/test/auto/EfficiencyCurve.xml
----------------- Instantiating /home/travis/build/icyphy/ptII/ptolemy/domains/continuous/test/auto/EfficiencyCurve.xml
67 ms. Memory: 364544K Free: 203543K (56%)
----------------- Invoking toplevel() on ptolemy.moml.MoMLSimpleApplication@68818d05
----------------- Done invoking toplevel() on ptolemy.moml.MoMLSimpleApplication@68818d05
reloadAllAccessors: .EfficiencyCurve

===========================================================================================
----------------- testing Sat Jul 06 06:32:39 UTC 2019 /home/travis/build/icyphy/ptII/ptolemy/domains/continuous/test/auto/ExponentialResponse.xml
----------------- Instantiating /home/travis/build/icyphy/ptII/ptolemy/domains/continuous/test/auto/ExponentialResponse.xml
102 ms. Memory: 364544K Free: 187673K (51%)
----------------- Invoking toplevel() on ptolemy.moml.MoMLSimpleApplication@e2702b
----------------- Done invoking toplevel() on ptolemy.moml.MoMLSimpleApplication@e2702b
reloadAllAccessors: .ExponentialResponse

===========================================================================================
----------------- testing Sat Jul 06 06:32:39 UTC 2019 /home/travis/build/icyphy/ptII/ptolemy/domains/continuous/test/auto/ExponentialResponseRK45.xml
----------------- Instantiating /home/travis/build/icyphy/ptII/ptolemy/domains/continuous/test/auto/ExponentialResponseRK45.xml
25 ms. Memory: 364544K Free: 181015K (50%)
----------------- Invoking toplevel() on ptolemy.moml.MoMLSimpleApplication@176cfcff
----------------- Done invoking toplevel() on ptolemy.moml.MoMLSimpleApplication@176cfcff
reloadAllAccessors: .ExponentialResponseRK45

===========================================================================================
----------------- testing Sat Jul 06 06:32:39 UTC 2019 /home/travis/build/icyphy/ptII/ptolemy/domains/continuous/test/auto/Friction.xml
----------------- Instantiating /home/travis/build/icyphy/ptII/ptolemy/domains/continuous/test/auto/Friction.xml
1531 ms. Memory: 364544K Free: 189113K (52%)
----------------- Invoking toplevel() on ptolemy.moml.MoMLSimpleApplication@4911a3a1
----------------- Done invoking toplevel() on ptolemy.moml.MoMLSimpleApplication@4911a3a1
reloadAllAccessors: .Friction

===========================================================================================
----------------- testing Sat Jul 06 06:32:41 UTC 2019 /home/travis/build/icyphy/ptII/ptolemy/domains/continuous/test/auto/FurutaPendulum.xml
----------------- Instantiating /home/travis/build/icyphy/ptII/ptolemy/domains/continuous/test/auto/FurutaPendulum.xml
3613 ms. Memory: 364544K Free: 322770K (89%)
----------------- Invoking toplevel() on ptolemy.moml.MoMLSimpleApplication@7acf4ec8
----------------- Done invoking toplevel() on ptolemy.moml.MoMLSimpleApplication@7acf4ec8
reloadAllAccessors: .FurutaPendulum

===========================================================================================
----------------- testing Sat Jul 06 06:32:45 UTC 2019 /home/travis/build/icyphy/ptII/ptolemy/domains/continuous/test/auto/HierarchicalExecution.xml
----------------- Instantiating /home/travis/build/icyphy/ptII/ptolemy/domains/continuous/test/auto/HierarchicalExecution.xml
2225 ms. Memory: 364544K Free: 248010K (68%)
----------------- Invoking toplevel() on ptolemy.moml.MoMLSimpleApplication@5a39e20f
----------------- Done invoking toplevel() on ptolemy.moml.MoMLSimpleApplication@5a39e20f
reloadAllAccessors: .HierarchicalExecution

===========================================================================================
----------------- testing Sat Jul 06 06:32:48 UTC 2019 /home/travis/build/icyphy/ptII/ptolemy/domains/continuous/test/auto/HybridPlant.xml
----------------- Instantiating /home/travis/build/icyphy/ptII/ptolemy/domains/continuous/test/auto/HybridPlant.xml
560 ms. Memory: 364544K Free: 200050K (55%)
----------------- Invoking toplevel() on ptolemy.moml.MoMLSimpleApplication@36174901
----------------- Done invoking toplevel() on ptolemy.moml.MoMLSimpleApplication@36174901
reloadAllAccessors: .HybridPlant

===========================================================================================
----------------- testing Sat Jul 06 06:32:48 UTC 2019 /home/travis/build/icyphy/ptII/ptolemy/domains/continuous/test/auto/Hysteresis.xml
----------------- Instantiating /home/travis/build/icyphy/ptII/ptolemy/domains/continuous/test/auto/Hysteresis.xml
172 ms. Memory: 364544K Free: 137586K (38%)
----------------- Invoking toplevel() on ptolemy.moml.MoMLSimpleApplication@375f03ee
----------------- Done invoking toplevel() on ptolemy.moml.MoMLSimpleApplication@375f03ee
reloadAllAccessors: .Hysteresis

===========================================================================================
----------------- testing Sat Jul 06 06:32:48 UTC 2019 /home/travis/build/icyphy/ptII/ptolemy/domains/continuous/test/auto/HysteresisWithRandomDelay.xml
----------------- Instantiating /home/travis/build/icyphy/ptII/ptolemy/domains/continuous/test/auto/HysteresisWithRandomDelay.xml
207 ms. Memory: 364544K Free: 283075K (78%)
----------------- Invoking toplevel() on ptolemy.moml.MoMLSimpleApplication@64da1440
----------------- Done invoking toplevel() on ptolemy.moml.MoMLSimpleApplication@64da1440
reloadAllAccessors: .HysteresisWithRandomDelay

===========================================================================================
----------------- testing Sat Jul 06 06:32:49 UTC 2019 /home/travis/build/icyphy/ptII/ptolemy/domains/continuous/test/auto/HysteresisWithRandomLosses.xml
----------------- Instantiating /home/travis/build/icyphy/ptII/ptolemy/domains/continuous/test/auto/HysteresisWithRandomLosses.xml
2551 ms. Memory: 364544K Free: 192236K (53%)
----------------- Invoking toplevel() on ptolemy.moml.MoMLSimpleApplication@40f767e4
----------------- Done invoking toplevel() on ptolemy.moml.MoMLSimpleApplication@40f767e4
reloadAllAccessors: .HysteresisWithRandomLosses

===========================================================================================
----------------- testing Sat Jul 06 06:32:51 UTC 2019 /home/travis/build/icyphy/ptII/ptolemy/domains/continuous/test/auto/ImmediateTransitions.xml
----------------- Instantiating /home/travis/build/icyphy/ptII/ptolemy/domains/continuous/test/auto/ImmediateTransitions.xml
9 ms. Memory: 364544K Free: 180972K (50%)
----------------- Invoking toplevel() on ptolemy.moml.MoMLSimpleApplication@2272fb3a
----------------- Done invoking toplevel() on ptolemy.moml.MoMLSimpleApplication@2272fb3a
reloadAllAccessors: .ImmediateTransitions

===========================================================================================
----------------- testing Sat Jul 06 06:32:51 UTC 2019 /home/travis/build/icyphy/ptII/ptolemy/domains/continuous/test/auto/ImpulseFeedback.xml
----------------- Instantiating /home/travis/build/icyphy/ptII/ptolemy/domains/continuous/test/auto/ImpulseFeedback.xml
12 ms. Memory: 364544K Free: 175338K (48%)
----------------- Invoking toplevel() on ptolemy.moml.MoMLSimpleApplication@42e20674
----------------- Done invoking toplevel() on ptolemy.moml.MoMLSimpleApplication@42e20674
reloadAllAccessors: .ImpulseFeedback

===========================================================================================
----------------- testing Sat Jul 06 06:32:51 UTC 2019 /home/travis/build/icyphy/ptII/ptolemy/domains/continuous/test/auto/ImpulseFeedback2.xml
----------------- Instantiating /home/travis/build/icyphy/ptII/ptolemy/domains/continuous/test/auto/ImpulseFeedback2.xml
6 ms. Memory: 364544K Free: 169708K (47%)
----------------- Invoking toplevel() on ptolemy.moml.MoMLSimpleApplication@3455e808
----------------- Done invoking toplevel() on ptolemy.moml.MoMLSimpleApplication@3455e808
reloadAllAccessors: .ImpulseFeedback2

===========================================================================================
----------------- testing Sat Jul 06 06:32:51 UTC 2019 /home/travis/build/icyphy/ptII/ptolemy/domains/continuous/test/auto/IncreasingRatePoisson.xml
----------------- Instantiating /home/travis/build/icyphy/ptII/ptolemy/domains/continuous/test/auto/IncreasingRatePoisson.xml
722 ms. Memory: 364544K Free: 307420K (84%)
----------------- Invoking toplevel() on ptolemy.moml.MoMLSimpleApplication@19b66245
----------------- Done invoking toplevel() on ptolemy.moml.MoMLSimpleApplication@19b66245
reloadAllAccessors: .IncreasingRatePoisson

===========================================================================================
----------------- testing Sat Jul 06 06:32:52 UTC 2019 /home/travis/build/icyphy/ptII/ptolemy/domains/continuous/test/auto/InitialStateFeedback.xml
----------------- Instantiating /home/travis/build/icyphy/ptII/ptolemy/domains/continuous/test/auto/InitialStateFeedback.xml
4 ms. Memory: 364544K Free: 302820K (83%)
----------------- Invoking toplevel() on ptolemy.moml.MoMLSimpleApplication@1c7a5442
----------------- Done invoking toplevel() on ptolemy.moml.MoMLSimpleApplication@1c7a5442
reloadAllAccessors: .InitialStateFeedback

===========================================================================================
----------------- testing Sat Jul 06 06:32:52 UTC 2019 /home/travis/build/icyphy/ptII/ptolemy/domains/continuous/test/auto/Integration.xml
----------------- Instantiating /home/travis/build/icyphy/ptII/ptolemy/domains/continuous/test/auto/Integration.xml
2 ms. Memory: 364544K Free: 298724K (82%)
----------------- Invoking toplevel() on ptolemy.moml.MoMLSimpleApplication@79afe747
----------------- Done invoking toplevel() on ptolemy.moml.MoMLSimpleApplication@79afe747
reloadAllAccessors: .Integration

===========================================================================================
----------------- testing Sat Jul 06 06:32:52 UTC 2019 /home/travis/build/icyphy/ptII/ptolemy/domains/continuous/test/auto/Integration2.xml
----------------- Instantiating /home/travis/build/icyphy/ptII/ptolemy/domains/continuous/test/auto/Integration2.xml
84 ms. Memory: 364544K Free: 284388K (78%)
----------------- Invoking toplevel() on ptolemy.moml.MoMLSimpleApplication@1431885b
----------------- Done invoking toplevel() on ptolemy.moml.MoMLSimpleApplication@1431885b
reloadAllAccessors: .Integration2

===========================================================================================
----------------- testing Sat Jul 06 06:32:52 UTC 2019 /home/travis/build/icyphy/ptII/ptolemy/domains/continuous/test/auto/Integration3.xml
----------------- Instantiating /home/travis/build/icyphy/ptII/ptolemy/domains/continuous/test/auto/Integration3.xml
2 ms. Memory: 364544K Free: 279778K (77%)
----------------- Invoking toplevel() on ptolemy.moml.MoMLSimpleApplication@a5b6036
----------------- Done invoking toplevel() on ptolemy.moml.MoMLSimpleApplication@a5b6036
reloadAllAccessors: .Integration3

===========================================================================================
----------------- testing Sat Jul 06 06:32:52 UTC 2019 /home/travis/build/icyphy/ptII/ptolemy/domains/continuous/test/auto/Integration5.xml
----------------- Instantiating /home/travis/build/icyphy/ptII/ptolemy/domains/continuous/test/auto/Integration5.xml
2 ms. Memory: 364544K Free: 275682K (76%)
----------------- Invoking toplevel() on ptolemy.moml.MoMLSimpleApplication@26930d11
----------------- Done invoking toplevel() on ptolemy.moml.MoMLSimpleApplication@26930d11
reloadAllAccessors: .Integration5

===========================================================================================
----------------- testing Sat Jul 06 06:32:52 UTC 2019 /home/travis/build/icyphy/ptII/ptolemy/domains/continuous/test/auto/IntegratorImpulse.xml
----------------- Instantiating /home/travis/build/icyphy/ptII/ptolemy/domains/continuous/test/auto/IntegratorImpulse.xml
2 ms. Memory: 364544K Free: 271580K (74%)
----------------- Invoking toplevel() on ptolemy.moml.MoMLSimpleApplication@34ca59fd
----------------- Done invoking toplevel() on ptolemy.moml.MoMLSimpleApplication@34ca59fd
reloadAllAccessors: .IntegratorImpulse

===========================================================================================
----------------- testing Sat Jul 06 06:32:52 UTC 2019 /home/travis/build/icyphy/ptII/ptolemy/domains/continuous/test/auto/IntegratorImpulse2.xml
----------------- Instantiating /home/travis/build/icyphy/ptII/ptolemy/domains/continuous/test/auto/IntegratorImpulse2.xml
3 ms. Memory: 364544K Free: 266980K (73%)
----------------- Invoking toplevel() on ptolemy.moml.MoMLSimpleApplication@8aa803a
----------------- Done invoking toplevel() on ptolemy.moml.MoMLSimpleApplication@8aa803a
reloadAllAccessors: .IntegratorImpulse2

===========================================================================================
----------------- testing Sat Jul 06 06:32:52 UTC 2019 /home/travis/build/icyphy/ptII/ptolemy/domains/continuous/test/auto/LevelCrossing1.xml
----------------- Instantiating /home/travis/build/icyphy/ptII/ptolemy/domains/continuous/test/auto/LevelCrossing1.xml
2 ms. Memory: 364544K Free: 261860K (72%)
----------------- Invoking toplevel() on ptolemy.moml.MoMLSimpleApplication@7ba965cc
----------------- Done invoking toplevel() on ptolemy.moml.MoMLSimpleApplication@7ba965cc
reloadAllAccessors: .LevelCrossing1

===========================================================================================
----------------- testing Sat Jul 06 06:32:52 UTC 2019 /home/travis/build/icyphy/ptII/ptolemy/domains/continuous/test/auto/LevelCrossing2.xml
----------------- Instantiating /home/travis/build/icyphy/ptII/ptolemy/domains/continuous/test/auto/LevelCrossing2.xml
8 ms. Memory: 364544K Free: 256740K (70%)
----------------- Invoking toplevel() on ptolemy.moml.MoMLSimpleApplication@6b08cabf
----------------- Done invoking toplevel() on ptolemy.moml.MoMLSimpleApplication@6b08cabf
reloadAllAccessors: .LevelCrossing2

===========================================================================================
----------------- testing Sat Jul 06 06:32:52 UTC 2019 /home/travis/build/icyphy/ptII/ptolemy/domains/continuous/test/auto/LevelCrossing3.xml
----------------- Instantiating /home/travis/build/icyphy/ptII/ptolemy/domains/continuous/test/auto/LevelCrossing3.xml
2 ms. Memory: 364544K Free: 251620K (69%)
----------------- Invoking toplevel() on ptolemy.moml.MoMLSimpleApplication@6ee2057c
----------------- Done invoking toplevel() on ptolemy.moml.MoMLSimpleApplication@6ee2057c
reloadAllAccessors: .LevelCrossing3

===========================================================================================
----------------- testing Sat Jul 06 06:32:52 UTC 2019 /home/travis/build/icyphy/ptII/ptolemy/domains/continuous/test/auto/LevelCrossing4.xml
----------------- Instantiating /home/travis/build/icyphy/ptII/ptolemy/domains/continuous/test/auto/LevelCrossing4.xml
3 ms. Memory: 364544K Free: 246500K (68%)
----------------- Invoking toplevel() on ptolemy.moml.MoMLSimpleApplication@22b94023
----------------- Done invoking toplevel() on ptolemy.moml.MoMLSimpleApplication@22b94023
reloadAllAccessors: .LevelCrossing4

===========================================================================================
----------------- testing Sat Jul 06 06:32:52 UTC 2019 /home/travis/build/icyphy/ptII/ptolemy/domains/continuous/test/auto/LevelCrossing5.xml
----------------- Instantiating /home/travis/build/icyphy/ptII/ptolemy/domains/continuous/test/auto/LevelCrossing5.xml
3 ms. Memory: 364544K Free: 241380K (66%)
----------------- Invoking toplevel() on ptolemy.moml.MoMLSimpleApplication@6ae04e12
----------------- Done invoking toplevel() on ptolemy.moml.MoMLSimpleApplication@6ae04e12
reloadAllAccessors: .LevelCrossing5

===========================================================================================
[...]
----------------- testing Sat Jul 06 06:33:10 UTC 2019 /home/travis/build/icyphy/ptII/ptolemy/domains/continuous/test/auto/SRinContinuous.xml
----------------- Instantiating /home/travis/build/icyphy/ptII/ptolemy/domains/continuous/test/auto/SRinContinuous.xml
5 ms. Memory: 438272K Free: 362207K (83%)
----------------- Invoking toplevel() on ptolemy.moml.MoMLSimpleApplication@5f654e42
----------------- Done invoking toplevel() on ptolemy.moml.MoMLSimpleApplication@5f654e42
reloadAllAccessors: .SRinContinuous

===========================================================================================
----------------- testing Sat Jul 06 06:33:10 UTC 2019 /home/travis/build/icyphy/ptII/ptolemy/domains/continuous/test/auto/SampledClocks.xml
----------------- Instantiating /home/travis/build/icyphy/ptII/ptolemy/domains/continuous/test/auto/SampledClocks.xml
7 ms. Memory: 438272K Free: 349409K (80%)
----------------- Invoking toplevel() on ptolemy.moml.MoMLSimpleApplication@1e0a954e
----------------- Done invoking toplevel() on ptolemy.moml.MoMLSimpleApplication@1e0a954e
reloadAllAccessors: .SampledClocks

===========================================================================================
----------------- testing Sat Jul 06 06:33:11 UTC 2019 /home/travis/build/icyphy/ptII/ptolemy/domains/continuous/test/auto/Satellite.xml
----------------- Instantiating /home/travis/build/icyphy/ptII/ptolemy/domains/continuous/test/auto/Satellite.xml
995 ms. Memory: 438272K Free: 418302K (95%)
----------------- Invoking toplevel() on ptolemy.moml.MoMLSimpleApplication@3ae60f03
----------------- Done invoking toplevel() on ptolemy.moml.MoMLSimpleApplication@3ae60f03
reloadAllAccessors: .Satellite

===========================================================================================
----------------- testing Sat Jul 06 06:33:12 UTC 2019 /home/travis/build/icyphy/ptII/ptolemy/domains/continuous/test/auto/SigmaDelta.xml
----------------- Instantiating /home/travis/build/icyphy/ptII/ptolemy/domains/continuous/test/auto/SigmaDelta.xml
2514 ms. Memory: 438272K Free: 414785K (95%)
----------------- Invoking toplevel() on ptolemy.moml.MoMLSimpleApplication@3a4dee6d
----------------- Done invoking toplevel() on ptolemy.moml.MoMLSimpleApplication@3a4dee6d
reloadAllAccessors: .SigmaDelta

===========================================================================================
----------------- testing Sat Jul 06 06:33:14 UTC 2019 /home/travis/build/icyphy/ptII/ptolemy/domains/continuous/test/auto/SingleRefinement.xml
----------------- Instantiating /home/travis/build/icyphy/ptII/ptolemy/domains/continuous/test/auto/SingleRefinement.xml
368 ms. Memory: 438272K Free: 230979K (53%)
----------------- Invoking toplevel() on ptolemy.moml.MoMLSimpleApplication@2d22c9b5
----------------- Done invoking toplevel() on ptolemy.moml.MoMLSimpleApplication@2d22c9b5
reloadAllAccessors: .SingleRefinement

===========================================================================================
----------------- testing Sat Jul 06 06:33:15 UTC 2019 /home/travis/build/icyphy/ptII/ptolemy/domains/continuous/test/auto/SinuBouncingBall.xml
----------------- Instantiating /home/travis/build/icyphy/ptII/ptolemy/domains/continuous/test/auto/SinuBouncingBall.xml
833 ms. Memory: 438272K Free: 273138K (62%)
----------------- Invoking toplevel() on ptolemy.moml.MoMLSimpleApplication@671fdd99
----------------- Done invoking toplevel() on ptolemy.moml.MoMLSimpleApplication@671fdd99
reloadAllAccessors: .SinuBouncingBall

===========================================================================================
----------------- testing Sat Jul 06 06:33:16 UTC 2019 /home/travis/build/icyphy/ptII/ptolemy/domains/continuous/test/auto/Sinusoid.xml
----------------- Instantiating /home/travis/build/icyphy/ptII/ptolemy/domains/continuous/test/auto/Sinusoid.xml
4 ms. Memory: 438272K Free: 268514K (61%)
----------------- Invoking toplevel() on ptolemy.moml.MoMLSimpleApplication@1b90a51c
----------------- Done invoking toplevel() on ptolemy.moml.MoMLSimpleApplication@1b90a51c
reloadAllAccessors: .Sinusoid

===========================================================================================
----------------- testing Sat Jul 06 06:33:16 UTC 2019 /home/travis/build/icyphy/ptII/ptolemy/domains/continuous/test/auto/SinusoidInNoise.xml
----------------- Instantiating /home/travis/build/icyphy/ptII/ptolemy/domains/continuous/test/auto/SinusoidInNoise.xml
967 ms. Memory: 438272K Free: 392673K (90%)
----------------- Invoking toplevel() on ptolemy.moml.MoMLSimpleApplication@2151abbb
----------------- Done invoking toplevel() on ptolemy.moml.MoMLSimpleApplication@2151abbb
reloadAllAccessors: .SinusoidInNoise

===========================================================================================
----------------- testing Sat Jul 06 06:33:17 UTC 2019 /home/travis/build/icyphy/ptII/ptolemy/domains/continuous/test/auto/SinusoidRK45.xml
----------------- Instantiating /home/travis/build/icyphy/ptII/ptolemy/domains/continuous/test/auto/SinusoidRK45.xml
2 ms. Memory: 438272K Free: 388049K (89%)
----------------- Invoking toplevel() on ptolemy.moml.MoMLSimpleApplication@48e2352b
----------------- Done invoking toplevel() on ptolemy.moml.MoMLSimpleApplication@48e2352b
reloadAllAccessors: .SinusoidRK45

===========================================================================================
----------------- testing Sat Jul 06 06:33:17 UTC 2019 /home/travis/build/icyphy/ptII/ptolemy/domains/continuous/test/auto/SinusoidWithMultipleImpulses.xml
----------------- Instantiating /home/travis/build/icyphy/ptII/ptolemy/domains/continuous/test/auto/SinusoidWithMultipleImpulses.xml
3 ms. Memory: 438272K Free: 383457K (87%)
----------------- Invoking toplevel() on ptolemy.moml.MoMLSimpleApplication@18d962ad
----------------- Done invoking toplevel() on ptolemy.moml.MoMLSimpleApplication@18d962ad
reloadAllAccessors: .SinusoidWithMultipleImpulses

===========================================================================================
----------------- testing Sat Jul 06 06:33:17 UTC 2019 /home/travis/build/icyphy/ptII/ptolemy/domains/continuous/test/auto/SquareWave.xml
----------------- Instantiating /home/travis/build/icyphy/ptII/ptolemy/domains/continuous/test/auto/SquareWave.xml
173 ms. Memory: 438272K Free: 356319K (81%)
----------------- Invoking toplevel() on ptolemy.moml.MoMLSimpleApplication@26632b4e
----------------- Done invoking toplevel() on ptolemy.moml.MoMLSimpleApplication@26632b4e
reloadAllAccessors: .SquareWave

===========================================================================================
----------------- testing Sat Jul 06 06:33:17 UTC 2019 /home/travis/build/icyphy/ptII/ptolemy/domains/continuous/test/auto/Starmac.xml
----------------- Instantiating /home/travis/build/icyphy/ptII/ptolemy/domains/continuous/test/auto/Starmac.xml
3080 ms. Memory: 438272K Free: 309130K (71%)
----------------- Invoking toplevel() on ptolemy.moml.MoMLSimpleApplication@13125b29
----------------- Done invoking toplevel() on ptolemy.moml.MoMLSimpleApplication@13125b29
reloadAllAccessors: .Starmac

===========================================================================================
----------------- testing Sat Jul 06 06:33:20 UTC 2019 /home/travis/build/icyphy/ptII/ptolemy/domains/continuous/test/auto/StaticUnits.xml
----------------- Instantiating /home/travis/build/icyphy/ptII/ptolemy/domains/continuous/test/auto/StaticUnits.xml
2329 ms. Memory: 438272K Free: 382489K (87%)
----------------- Invoking toplevel() on ptolemy.moml.MoMLSimpleApplication@15e4eb8b
----------------- Done invoking toplevel() on ptolemy.moml.MoMLSimpleApplication@15e4eb8b
reloadAllAccessors: .StaticUnits

===========================================================================================
----------------- testing Sat Jul 06 06:33:23 UTC 2019 /home/travis/build/icyphy/ptII/ptolemy/domains/continuous/test/auto/StickyMasses.xml
----------------- Instantiating /home/travis/build/icyphy/ptII/ptolemy/domains/continuous/test/auto/StickyMasses.xml
164 ms. Memory: 438272K Free: 333337K (76%)
----------------- Invoking toplevel() on ptolemy.moml.MoMLSimpleApplication@6653fc4d
----------------- Done invoking toplevel() on ptolemy.moml.MoMLSimpleApplication@6653fc4d
reloadAllAccessors: .StickyMasses

===========================================================================================
----------------- testing Sat Jul 06 06:33:24 UTC 2019 /home/travis/build/icyphy/ptII/ptolemy/domains/continuous/test/auto/StopTime.xml
----------------- Instantiating /home/travis/build/icyphy/ptII/ptolemy/domains/continuous/test/auto/StopTime.xml
41 ms. Memory: 438272K Free: 308761K (70%)
----------------- Invoking toplevel() on ptolemy.moml.MoMLSimpleApplication@703772c1
----------------- Done invoking toplevel() on ptolemy.moml.MoMLSimpleApplication@703772c1
reloadAllAccessors: .StopTime

===========================================================================================
----------------- testing Sat Jul 06 06:33:24 UTC 2019 /home/travis/build/icyphy/ptII/ptolemy/domains/continuous/test/auto/StopTime2.xml
----------------- Instantiating /home/travis/build/icyphy/ptII/ptolemy/domains/continuous/test/auto/StopTime2.xml
36 ms. Memory: 438272K Free: 286729K (65%)
----------------- Invoking toplevel() on ptolemy.moml.MoMLSimpleApplication@7c019803
----------------- Done invoking toplevel() on ptolemy.moml.MoMLSimpleApplication@7c019803
reloadAllAccessors: .StopTime2

===========================================================================================
----------------- testing Sat Jul 06 06:33:24 UTC 2019 /home/travis/build/icyphy/ptII/ptolemy/domains/continuous/test/auto/Switch.xml
----------------- Instantiating /home/travis/build/icyphy/ptII/ptolemy/domains/continuous/test/auto/Switch.xml
38 ms. Memory: 438272K Free: 262137K (60%)
----------------- Invoking toplevel() on ptolemy.moml.MoMLSimpleApplication@1c1cf667
----------------- Done invoking toplevel() on ptolemy.moml.MoMLSimpleApplication@1c1cf667
reloadAllAccessors: .Switch

===========================================================================================
----------------- testing Sat Jul 06 06:33:24 UTC 2019 /home/travis/build/icyphy/ptII/ptolemy/domains/continuous/test/auto/Thermostat.xml
----------------- Instantiating /home/travis/build/icyphy/ptII/ptolemy/domains/continuous/test/auto/Thermostat.xml
183 ms. Memory: 438272K Free: 189977K (43%)
----------------- Invoking toplevel() on ptolemy.moml.MoMLSimpleApplication@6b1ec3b
----------------- Done invoking toplevel() on ptolemy.moml.MoMLSimpleApplication@6b1ec3b
reloadAllAccessors: .Thermostat

===========================================================================================
----------------- testing Sat Jul 06 06:33:24 UTC 2019 /home/travis/build/icyphy/ptII/ptolemy/domains/continuous/test/auto/TimeDelay.xml
----------------- Instantiating /home/travis/build/icyphy/ptII/ptolemy/domains/continuous/test/auto/TimeDelay.xml
6 ms. Memory: 438272K Free: 185367K (42%)
----------------- Invoking toplevel() on ptolemy.moml.MoMLSimpleApplication@17c32b0a
----------------- Done invoking toplevel() on ptolemy.moml.MoMLSimpleApplication@17c32b0a
reloadAllAccessors: .TimeDelay

===========================================================================================
----------------- testing Sat Jul 06 06:33:24 UTC 2019 /home/travis/build/icyphy/ptII/ptolemy/domains/continuous/test/auto/TimeDelay2.xml
----------------- Instantiating /home/travis/build/icyphy/ptII/ptolemy/domains/continuous/test/auto/TimeDelay2.xml
11 ms. Memory: 438272K Free: 175641K (40%)
----------------- Invoking toplevel() on ptolemy.moml.MoMLSimpleApplication@3b9b71cf
----------------- Done invoking toplevel() on ptolemy.moml.MoMLSimpleApplication@3b9b71cf
reloadAllAccessors: .TimeDelay2

===========================================================================================
----------------- testing Sat Jul 06 06:33:24 UTC 2019 /home/travis/build/icyphy/ptII/ptolemy/domains/continuous/test/auto/TimeDelay3.xml
----------------- Instantiating /home/travis/build/icyphy/ptII/ptolemy/domains/continuous/test/auto/TimeDelay3.xml
4 ms. Memory: 438272K Free: 171017K (39%)
----------------- Invoking toplevel() on ptolemy.moml.MoMLSimpleApplication@4acd1989
----------------- Done invoking toplevel() on ptolemy.moml.MoMLSimpleApplication@4acd1989
reloadAllAccessors: .TimeDelay3

===========================================================================================
----------------- testing Sat Jul 06 06:33:24 UTC 2019 /home/travis/build/icyphy/ptII/ptolemy/domains/continuous/test/auto/TransferAbsentToInside.xml
----------------- Instantiating /home/travis/build/icyphy/ptII/ptolemy/domains/continuous/test/auto/TransferAbsentToInside.xml
30 ms. Memory: 438272K Free: 373421K (85%)
----------------- Invoking toplevel() on ptolemy.moml.MoMLSimpleApplication@249f6a5b
----------------- Done invoking toplevel() on ptolemy.moml.MoMLSimpleApplication@249f6a5b
reloadAllAccessors: .TransferAbsentToInside

===========================================================================================
----------------- testing Sat Jul 06 06:33:24 UTC 2019 /home/travis/build/icyphy/ptII/ptolemy/domains/continuous/test/auto/Transmission.xml
----------------- Instantiating /home/travis/build/icyphy/ptII/ptolemy/domains/continuous/test/auto/Transmission.xml
836 ms. Memory: 438272K Free: 400039K (91%)
----------------- Invoking toplevel() on ptolemy.moml.MoMLSimpleApplication@492dbbe7
----------------- Done invoking toplevel() on ptolemy.moml.MoMLSimpleApplication@492dbbe7
reloadAllAccessors: .Transmission

===========================================================================================
----------------- testing Sat Jul 06 06:33:25 UTC 2019 /home/travis/build/icyphy/ptII/ptolemy/domains/continuous/test/auto/TriggeredContinuousClock.xml
----------------- Instantiating /home/travis/build/icyphy/ptII/ptolemy/domains/continuous/test/auto/TriggeredContinuousClock.xml
37 ms. Memory: 438272K Free: 370312K (84%)
----------------- Invoking toplevel() on ptolemy.moml.MoMLSimpleApplication@62c32622
----------------- Done invoking toplevel() on ptolemy.moml.MoMLSimpleApplication@62c32622
reloadAllAccessors: .TriggeredContinuousClock

===========================================================================================
----------------- testing Sat Jul 06 06:33:25 UTC 2019 /home/travis/build/icyphy/ptII/ptolemy/domains/continuous/test/auto/TwoMachineInfiniteBusControl.xml
----------------- Instantiating /home/travis/build/icyphy/ptII/ptolemy/domains/continuous/test/auto/TwoMachineInfiniteBusControl.xml
3083 ms. Memory: 438272K Free: 295493K (67%)
----------------- Invoking toplevel() on ptolemy.moml.MoMLSimpleApplication@2c657da5
----------------- Done invoking toplevel() on ptolemy.moml.MoMLSimpleApplication@2c657da5
reloadAllAccessors: .TwoMachineInfiniteBusControl

===========================================================================================
----------------- testing Sat Jul 06 06:33:28 UTC 2019 /home/travis/build/icyphy/ptII/ptolemy/domains/continuous/test/auto/V2V.xml
----------------- Instantiating /home/travis/build/icyphy/ptII/ptolemy/domains/continuous/test/auto/V2V.xml
876 ms. Memory: 526336K Free: 451143K (86%)
----------------- Invoking toplevel() on ptolemy.moml.MoMLSimpleApplication@427d109c
----------------- Done invoking toplevel() on ptolemy.moml.MoMLSimpleApplication@427d109c
reloadAllAccessors: .V2V

===========================================================================================
----------------- testing Sat Jul 06 06:33:29 UTC 2019 /home/travis/build/icyphy/ptII/ptolemy/domains/continuous/test/auto/hierarchicalModalModel.xml
----------------- Instantiating /home/travis/build/icyphy/ptII/ptolemy/domains/continuous/test/auto/hierarchicalModalModel.xml
10 ms. Memory: 526336K Free: 436807K (83%)
----------------- Invoking toplevel() on ptolemy.moml.MoMLSimpleApplication@4b2cc1e0
----------------- Done invoking toplevel() on ptolemy.moml.MoMLSimpleApplication@4b2cc1e0
reloadAllAccessors: .hierarchicalModalModel

===========================================================================================
----------------- testing Sat Jul 06 06:33:29 UTC 2019 /home/travis/build/icyphy/ptII/ptolemy/domains/continuous/test/auto/hierarchicalModalModel1.xml
----------------- Instantiating /home/travis/build/icyphy/ptII/ptolemy/domains/continuous/test/auto/hierarchicalModalModel1.xml
11 ms. Memory: 526336K Free: 422478K (80%)
----------------- Invoking toplevel() on ptolemy.moml.MoMLSimpleApplication@a9a8b0f
----------------- Done invoking toplevel() on ptolemy.moml.MoMLSimpleApplication@a9a8b0f
reloadAllAccessors: .hierarchicalModalModel1

===========================================================================================
----------------- testing Sat Jul 06 06:33:29 UTC 2019 /home/travis/build/icyphy/ptII/ptolemy/domains/continuous/test/auto/hierarchicalModalModel2.xml
----------------- Instantiating /home/travis/build/icyphy/ptII/ptolemy/domains/continuous/test/auto/hierarchicalModalModel2.xml
6 ms. Memory: 526336K Free: 410175K (78%)
----------------- Invoking toplevel() on ptolemy.moml.MoMLSimpleApplication@1704de8a
----------------- Done invoking toplevel() on ptolemy.moml.MoMLSimpleApplication@1704de8a
reloadAllAccessors: .hierarchicalModalModel2

===========================================================================================
----------------- testing Sat Jul 06 06:33:29 UTC 2019 /home/travis/build/icyphy/ptII/ptolemy/domains/continuous/test/auto/hierarchicalModalModel3.xml
----------------- Instantiating /home/travis/build/icyphy/ptII/ptolemy/domains/continuous/test/auto/hierarchicalModalModel3.xml
11 ms. Memory: 526336K Free: 399440K (76%)
----------------- Invoking toplevel() on ptolemy.moml.MoMLSimpleApplication@3e58e755
----------------- Done invoking toplevel() on ptolemy.moml.MoMLSimpleApplication@3e58e755
reloadAllAccessors: .hierarchicalModalModel3

===========================================================================================
----------------- testing Sat Jul 06 06:33:29 UTC 2019 /home/travis/build/icyphy/ptII/ptolemy/domains/continuous/test/auto/hierarchicalModalModel4.xml
----------------- Instantiating /home/travis/build/icyphy/ptII/ptolemy/domains/continuous/test/auto/hierarchicalModalModel4.xml
5 ms. Memory: 526336K Free: 387662K (74%)
----------------- Invoking toplevel() on ptolemy.moml.MoMLSimpleApplication@51bac9bc
----------------- Done invoking toplevel() on ptolemy.moml.MoMLSimpleApplication@51bac9bc
reloadAllAccessors: .hierarchicalModalModel4

===========================================================================================
----------------- testing Sat Jul 06 06:33:29 UTC 2019 /home/travis/build/icyphy/ptII/ptolemy/domains/continuous/test/auto/junk.xml
----------------- Instantiating /home/travis/build/icyphy/ptII/ptolemy/domains/continuous/test/auto/junk.xml
149 ms. Memory: 526336K Free: 362576K (69%)
----------------- Invoking toplevel() on ptolemy.moml.MoMLSimpleApplication@637cd5e3
----------------- Done invoking toplevel() on ptolemy.moml.MoMLSimpleApplication@637cd5e3
reloadAllAccessors: .junk
AutoTests.java: About to close Vertx.
AutoTests.java: Vertx closed.
]]></system-out>
  <system-err><![CDATA[Warning: '.HysteresisWithRandomDelay.NonStrictTest3' The test produced only 21 tokens, yet the correctValues parameter was expecting 30 tokens.
Warning: '.IncreasingRatePoisson.NonStrictTest' The test produced only 381 tokens, yet the correctValues parameter was expecting 402 tokens.
Warning: '.Poisson.NonStrictTest' The test produced only 395 tokens, yet the correctValues parameter was expecting 430 tokens.
]]></system-err>
</testsuite>
