<?xml version="1.0" encoding="UTF-8" ?>
<testsuite errors="0" failures="0" hostname="travis-job-156b9ee3-7ff8-4da0-9201-1fc5cd37fa9b" name="ptolemy.domains.de.test.junit.JUnitTclTest" skipped="0" tests="101" time="133.043" timestamp="2019-07-18T13:35:08">
  <properties>
[...]
</properties>
  <testcase classname="ptolemy.util.test.junit.TclTests" name="[0] /home/travis/build/icyphy/ptII/ptolemy/domains/de/test/DependencyLoop.tcl (RunTclFile)" time="1.079" />
  <testcase classname="ptolemy.util.test.junit.TclTests" name="[1] /home/travis/build/icyphy/ptII/ptolemy/domains/de/test/RunDETestsAsQSS.tcl (RunTclFile)" time="90.026" />
  <testcase classname="ptolemy.util.test.junit.AutoKnownFailedTests" name="[0] /home/travis/build/icyphy/ptII/ptolemy/domains/de/test/auto/knownFailedTests/DESDFClockTest.xml (RunModel)" time="2.034" />
  <testcase classname="ptolemy.util.test.junit.AutoKnownFailedTests" name="[1] /home/travis/build/icyphy/ptII/ptolemy/domains/de/test/auto/knownFailedTests/DirectFeedback.xml (RunModel)" time="0.03" />
  <testcase classname="ptolemy.util.test.junit.AutoKnownFailedTests" name="[2] /home/travis/build/icyphy/ptII/ptolemy/domains/de/test/auto/knownFailedTests/FSMSource.xml (RunModel)" time="0.019" />
  <testcase classname="ptolemy.util.test.junit.AutoKnownFailedTests" name="[3] /home/travis/build/icyphy/ptII/ptolemy/domains/de/test/auto/knownFailedTests/HierarchicalModel.xml (RunModel)" time="0.035" />
  <testcase classname="ptolemy.util.test.junit.AutoKnownFailedTests" name="[4] /home/travis/build/icyphy/ptII/ptolemy/domains/de/test/auto/knownFailedTests/dependencyLoop.xml (RunModel)" time="0.046" />
  <testcase classname="ptolemy.util.test.junit.AutoKnownFailedTests" name="[5] /home/travis/build/icyphy/ptII/ptolemy/domains/de/test/auto/knownFailedTests/dependencyLoop2.xml (RunModel)" time="0.038" />
  <testcase classname="ptolemy.util.test.junit.AutoNameArchTests" name="[0] ThereAreNoAutoArchTests (RunModel)" time="0.001" />
  <testcase classname="ptolemy.util.test.junit.AutoTests" name="[0] /home/travis/build/icyphy/ptII/ptolemy/domains/de/test/auto/ActorDepthCalculation_actorWithoutPorts.xml (RunModel)" time="0.035" />
  <testcase classname="ptolemy.util.test.junit.AutoTests" name="[1] /home/travis/build/icyphy/ptII/ptolemy/domains/de/test/auto/AssemblyLine.xml (RunModel)" time="0.018" />
  <testcase classname="ptolemy.util.test.junit.AutoTests" name="[2] /home/travis/build/icyphy/ptII/ptolemy/domains/de/test/auto/CQBug1.xml (RunModel)" time="0.009" />
  <testcase classname="ptolemy.util.test.junit.AutoTests" name="[3] /home/travis/build/icyphy/ptII/ptolemy/domains/de/test/auto/CancelFireAt.xml (RunModel)" time="0.017" />
  <testcase classname="ptolemy.util.test.junit.AutoTests" name="[4] /home/travis/build/icyphy/ptII/ptolemy/domains/de/test/auto/CausalityAndComposabilityAnalysis.xml (RunModel)" time="0.015" />
  <testcase classname="ptolemy.util.test.junit.AutoTests" name="[5] /home/travis/build/icyphy/ptII/ptolemy/domains/de/test/auto/CausalityInterface1.xml (RunModel)" time="0.014" />
  <testcase classname="ptolemy.util.test.junit.AutoTests" name="[6] /home/travis/build/icyphy/ptII/ptolemy/domains/de/test/auto/CausalityInterface15.xml (RunModel)" time="0.02" />
  <testcase classname="ptolemy.util.test.junit.AutoTests" name="[7] /home/travis/build/icyphy/ptII/ptolemy/domains/de/test/auto/CausalityInterface2.xml (RunModel)" time="0.014" />
  <testcase classname="ptolemy.util.test.junit.AutoTests" name="[8] /home/travis/build/icyphy/ptII/ptolemy/domains/de/test/auto/CausalityInterface3.xml (RunModel)" time="0.011" />
  <testcase classname="ptolemy.util.test.junit.AutoTests" name="[9] /home/travis/build/icyphy/ptII/ptolemy/domains/de/test/auto/ClockDrift.xml (RunModel)" time="0.032" />
  <testcase classname="ptolemy.util.test.junit.AutoTests" name="[10] /home/travis/build/icyphy/ptII/ptolemy/domains/de/test/auto/ClockDriftAndValueChange.xml (RunModel)" time="0.029" />
  <testcase classname="ptolemy.util.test.junit.AutoTests" name="[11] /home/travis/build/icyphy/ptII/ptolemy/domains/de/test/auto/ClockDriftChange.xml (RunModel)" time="0.026" />
  <testcase classname="ptolemy.util.test.junit.AutoTests" name="[12] /home/travis/build/icyphy/ptII/ptolemy/domains/de/test/auto/ComposableCausalityAnalysis.xml (RunModel)" time="0.015" />
  <testcase classname="ptolemy.util.test.junit.AutoTests" name="[13] /home/travis/build/icyphy/ptII/ptolemy/domains/de/test/auto/DEFixedPointLimitation.xml (RunModel)" time="0.01" />
  <testcase classname="ptolemy.util.test.junit.AutoTests" name="[14] /home/travis/build/icyphy/ptII/ptolemy/domains/de/test/auto/DEScheduleTest.xml (RunModel)" time="0.011" />
  <testcase classname="ptolemy.util.test.junit.AutoTests" name="[15] /home/travis/build/icyphy/ptII/ptolemy/domains/de/test/auto/DEinDEwithStartTimes.xml (RunModel)" time="0.012" />
  <testcase classname="ptolemy.util.test.junit.AutoTests" name="[16] /home/travis/build/icyphy/ptII/ptolemy/domains/de/test/auto/DEinDEwithStartTimes2.xml (RunModel)" time="0.013" />
  <testcase classname="ptolemy.util.test.junit.AutoTests" name="[17] /home/travis/build/icyphy/ptII/ptolemy/domains/de/test/auto/DateDemo.xml (RunModel)" time="0.041" />
  <testcase classname="ptolemy.util.test.junit.AutoTests" name="[18] /home/travis/build/icyphy/ptII/ptolemy/domains/de/test/auto/DateToEvent.xml (RunModel)" time="2.036" />
  <testcase classname="ptolemy.util.test.junit.AutoTests" name="[19] /home/travis/build/icyphy/ptII/ptolemy/domains/de/test/auto/DepthTest1.xml (RunModel)" time="0.007" />
  <testcase classname="ptolemy.util.test.junit.AutoTests" name="[20] /home/travis/build/icyphy/ptII/ptolemy/domains/de/test/auto/DepthTest2.xml (RunModel)" time="0.026" />
  <testcase classname="ptolemy.util.test.junit.AutoTests" name="[21] /home/travis/build/icyphy/ptII/ptolemy/domains/de/test/auto/DepthTest3.xml (RunModel)" time="0.011" />
  <testcase classname="ptolemy.util.test.junit.AutoTests" name="[22] /home/travis/build/icyphy/ptII/ptolemy/domains/de/test/auto/DepthTest4.xml (RunModel)" time="0.02" />
  <testcase classname="ptolemy.util.test.junit.AutoTests" name="[23] /home/travis/build/icyphy/ptII/ptolemy/domains/de/test/auto/DepthTest5.xml (RunModel)" time="0.016" />
  <testcase classname="ptolemy.util.test.junit.AutoTests" name="[24] /home/travis/build/icyphy/ptII/ptolemy/domains/de/test/auto/DepthTest6.xml (RunModel)" time="0.012" />
  <testcase classname="ptolemy.util.test.junit.AutoTests" name="[25] /home/travis/build/icyphy/ptII/ptolemy/domains/de/test/auto/DepthTest7.xml (RunModel)" time="0.018" />
  <testcase classname="ptolemy.util.test.junit.AutoTests" name="[26] /home/travis/build/icyphy/ptII/ptolemy/domains/de/test/auto/EventToDate.xml (RunModel)" time="3.036" />
  <testcase classname="ptolemy.util.test.junit.AutoTests" name="[27] /home/travis/build/icyphy/ptII/ptolemy/domains/de/test/auto/FSM1.xml (RunModel)" time="0.046" />
  <testcase classname="ptolemy.util.test.junit.AutoTests" name="[28] /home/travis/build/icyphy/ptII/ptolemy/domains/de/test/auto/FSM7.xml (RunModel)" time="0.036" />
  <testcase classname="ptolemy.util.test.junit.AutoTests" name="[29] /home/travis/build/icyphy/ptII/ptolemy/domains/de/test/auto/Inspection.xml (RunModel)" time="0.041" />
  <testcase classname="ptolemy.util.test.junit.AutoTests" name="[30] /home/travis/build/icyphy/ptII/ptolemy/domains/de/test/auto/Iteration.xml (RunModel)" time="0.031" />
  <testcase classname="ptolemy.util.test.junit.AutoTests" name="[31] /home/travis/build/icyphy/ptII/ptolemy/domains/de/test/auto/LineFault.xml (RunModel)" time="0.621" />
  <testcase classname="ptolemy.util.test.junit.AutoTests" name="[32] /home/travis/build/icyphy/ptII/ptolemy/domains/de/test/auto/MergeModel1Add.xml (RunModel)" time="0.054" />
  <testcase classname="ptolemy.util.test.junit.AutoTests" name="[33] /home/travis/build/icyphy/ptII/ptolemy/domains/de/test/auto/MergeModel2Add.xml (RunModel)" time="0.042" />
  <testcase classname="ptolemy.util.test.junit.AutoTests" name="[34] /home/travis/build/icyphy/ptII/ptolemy/domains/de/test/auto/MergeModel3Add.xml (RunModel)" time="0.041" />
  <testcase classname="ptolemy.util.test.junit.AutoTests" name="[35] /home/travis/build/icyphy/ptII/ptolemy/domains/de/test/auto/MergeWithoutDiscard.xml (RunModel)" time="0.012" />
  <testcase classname="ptolemy.util.test.junit.AutoTests" name="[36] /home/travis/build/icyphy/ptII/ptolemy/domains/de/test/auto/Modal1.xml (RunModel)" time="0.03" />
  <testcase classname="ptolemy.util.test.junit.AutoTests" name="[37] /home/travis/build/icyphy/ptII/ptolemy/domains/de/test/auto/Modal2.xml (RunModel)" time="0.037" />
  <testcase classname="ptolemy.util.test.junit.AutoTests" name="[38] /home/travis/build/icyphy/ptII/ptolemy/domains/de/test/auto/Modal3.xml (RunModel)" time="0.025" />
  <testcase classname="ptolemy.util.test.junit.AutoTests" name="[39] /home/travis/build/icyphy/ptII/ptolemy/domains/de/test/auto/Modal4.xml (RunModel)" time="0.032" />
  <testcase classname="ptolemy.util.test.junit.AutoTests" name="[40] /home/travis/build/icyphy/ptII/ptolemy/domains/de/test/auto/Modal5.xml (RunModel)" time="0.046" />
  <testcase classname="ptolemy.util.test.junit.AutoTests" name="[41] /home/travis/build/icyphy/ptII/ptolemy/domains/de/test/auto/Modal6.xml (RunModel)" time="0.026" />
  <testcase classname="ptolemy.util.test.junit.AutoTests" name="[42] /home/travis/build/icyphy/ptII/ptolemy/domains/de/test/auto/Modal7.xml (RunModel)" time="0.037" />
  <testcase classname="ptolemy.util.test.junit.AutoTests" name="[43] /home/travis/build/icyphy/ptII/ptolemy/domains/de/test/auto/ModalModel.xml (RunModel)" time="0.192" />
  <testcase classname="ptolemy.util.test.junit.AutoTests" name="[44] /home/travis/build/icyphy/ptII/ptolemy/domains/de/test/auto/ModalSource.xml (RunModel)" time="0.019" />
  <testcase classname="ptolemy.util.test.junit.AutoTests" name="[45] /home/travis/build/icyphy/ptII/ptolemy/domains/de/test/auto/NonInterruptibleTimerZeroDelay.xml (RunModel)" time="0.015" />
  <testcase classname="ptolemy.util.test.junit.AutoTests" name="[46] /home/travis/build/icyphy/ptII/ptolemy/domains/de/test/auto/OpenQueueingNetwork.xml (RunModel)" time="2.642" />
  <testcase classname="ptolemy.util.test.junit.AutoTests" name="[47] /home/travis/build/icyphy/ptII/ptolemy/domains/de/test/auto/OpenQueuingNetwork.xml (RunModel)" time="0.288" />
  <testcase classname="ptolemy.util.test.junit.AutoTests" name="[48] /home/travis/build/icyphy/ptII/ptolemy/domains/de/test/auto/PeriodicSampler.xml (RunModel)" time="0.011" />
  <testcase classname="ptolemy.util.test.junit.AutoTests" name="[49] /home/travis/build/icyphy/ptII/ptolemy/domains/de/test/auto/PersistentIO.xml (RunModel)" time="0.021" />
  <testcase classname="ptolemy.util.test.junit.AutoTests" name="[50] /home/travis/build/icyphy/ptII/ptolemy/domains/de/test/auto/PortParameterResetOnInitialize.xml (RunModel)" time="0.015" />
  <testcase classname="ptolemy.util.test.junit.AutoTests" name="[51] /home/travis/build/icyphy/ptII/ptolemy/domains/de/test/auto/PortParameterUpdates.xml (RunModel)" time="0.02" />
  <testcase classname="ptolemy.util.test.junit.AutoTests" name="[52] /home/travis/build/icyphy/ptII/ptolemy/domains/de/test/auto/QueueAndServer.xml (RunModel)" time="0.022" />
  <testcase classname="ptolemy.util.test.junit.AutoTests" name="[53] /home/travis/build/icyphy/ptII/ptolemy/domains/de/test/auto/Records.xml (RunModel)" time="0.018" />
  <testcase classname="ptolemy.util.test.junit.AutoTests" name="[54] /home/travis/build/icyphy/ptII/ptolemy/domains/de/test/auto/ResetTransitionWithStartTime1.xml (RunModel)" time="0.018" />
  <testcase classname="ptolemy.util.test.junit.AutoTests" name="[55] /home/travis/build/icyphy/ptII/ptolemy/domains/de/test/auto/ResetTransitionWithStartTime2.xml (RunModel)" time="0.018" />
  <testcase classname="ptolemy.util.test.junit.AutoTests" name="[56] /home/travis/build/icyphy/ptII/ptolemy/domains/de/test/auto/ResetTransitionWithStartTime3.xml (RunModel)" time="0.016" />
  <testcase classname="ptolemy.util.test.junit.AutoTests" name="[57] /home/travis/build/icyphy/ptII/ptolemy/domains/de/test/auto/ResetTransitionWithStartTime4.xml (RunModel)" time="0.017" />
  <testcase classname="ptolemy.util.test.junit.AutoTests" name="[58] /home/travis/build/icyphy/ptII/ptolemy/domains/de/test/auto/ResettableTimer1.xml (RunModel)" time="0.015" />
  <testcase classname="ptolemy.util.test.junit.AutoTests" name="[59] /home/travis/build/icyphy/ptII/ptolemy/domains/de/test/auto/ResettableTimer2.xml (RunModel)" time="0.009" />
  <testcase classname="ptolemy.util.test.junit.AutoTests" name="[60] /home/travis/build/icyphy/ptII/ptolemy/domains/de/test/auto/ResettableTimer3.xml (RunModel)" time="0.009" />
  <testcase classname="ptolemy.util.test.junit.AutoTests" name="[61] /home/travis/build/icyphy/ptII/ptolemy/domains/de/test/auto/ResettableTimer4.xml (RunModel)" time="0.01" />
  <testcase classname="ptolemy.util.test.junit.AutoTests" name="[62] /home/travis/build/icyphy/ptII/ptolemy/domains/de/test/auto/ResettableTimer5.xml (RunModel)" time="0.008" />
  <testcase classname="ptolemy.util.test.junit.AutoTests" name="[63] /home/travis/build/icyphy/ptII/ptolemy/domains/de/test/auto/ResettableTimer6.xml (RunModel)" time="0.015" />
  <testcase classname="ptolemy.util.test.junit.AutoTests" name="[64] /home/travis/build/icyphy/ptII/ptolemy/domains/de/test/auto/ServerZeroDelay.xml (RunModel)" time="0.009" />
  <testcase classname="ptolemy.util.test.junit.AutoTests" name="[65] /home/travis/build/icyphy/ptII/ptolemy/domains/de/test/auto/SmartSender.xml (RunModel)" time="3.01" />
  <testcase classname="ptolemy.util.test.junit.AutoTests" name="[66] /home/travis/build/icyphy/ptII/ptolemy/domains/de/test/auto/ThreadedComposite.xml (RunModel)" time="0.377" />
  <testcase classname="ptolemy.util.test.junit.AutoTests" name="[67] /home/travis/build/icyphy/ptII/ptolemy/domains/de/test/auto/Time.xml (RunModel)" time="0.431" />
  <testcase classname="ptolemy.util.test.junit.AutoTests" name="[68] /home/travis/build/icyphy/ptII/ptolemy/domains/de/test/auto/TimeDelayZeroDelay.xml (RunModel)" time="0.013" />
  <testcase classname="ptolemy.util.test.junit.AutoTests" name="[69] /home/travis/build/icyphy/ptII/ptolemy/domains/de/test/auto/TimerZeroDelay.xml (RunModel)" time="0.012" />
  <testcase classname="ptolemy.util.test.junit.AutoTests" name="[70] /home/travis/build/icyphy/ptII/ptolemy/domains/de/test/auto/TimingParadox.xml (RunModel)" time="0.374" />
  <testcase classname="ptolemy.util.test.junit.AutoTests" name="[71] /home/travis/build/icyphy/ptII/ptolemy/domains/de/test/auto/TransferInputs.xml (RunModel)" time="0.01" />
  <testcase classname="ptolemy.util.test.junit.AutoTests" name="[72] /home/travis/build/icyphy/ptII/ptolemy/domains/de/test/auto/TransferOutputs2.xml (RunModel)" time="0.016" />
  <testcase classname="ptolemy.util.test.junit.AutoTests" name="[73] /home/travis/build/icyphy/ptII/ptolemy/domains/de/test/auto/Trilateration.xml (RunModel)" time="12.729" />
  <testcase classname="ptolemy.util.test.junit.AutoTests" name="[74] /home/travis/build/icyphy/ptII/ptolemy/domains/de/test/auto/TwoSigmaDelta.xml (RunModel)" time="1.981" />
  <testcase classname="ptolemy.util.test.junit.AutoTests" name="[75] /home/travis/build/icyphy/ptII/ptolemy/domains/de/test/auto/VariableDelay.xml (RunModel)" time="0.018" />
  <testcase classname="ptolemy.util.test.junit.AutoTests" name="[76] /home/travis/build/icyphy/ptII/ptolemy/domains/de/test/auto/VariableDelay2.xml (RunModel)" time="0.01" />
  <testcase classname="ptolemy.util.test.junit.AutoTests" name="[77] /home/travis/build/icyphy/ptII/ptolemy/domains/de/test/auto/VariableDelayZeroDelay.xml (RunModel)" time="0.012" />
  <testcase classname="ptolemy.util.test.junit.AutoTests" name="[78] /home/travis/build/icyphy/ptII/ptolemy/domains/de/test/auto/VariableDelayZeroDelay2.xml (RunModel)" time="0.015" />
  <testcase classname="ptolemy.util.test.junit.AutoTests" name="[79] /home/travis/build/icyphy/ptII/ptolemy/domains/de/test/auto/deInCt.xml (RunModel)" time="0.04" />
  <testcase classname="ptolemy.util.test.junit.AutoTests" name="[80] /home/travis/build/icyphy/ptII/ptolemy/domains/de/test/auto/deInCt2.xml (RunModel)" time="0.028" />
  <testcase classname="ptolemy.util.test.junit.AutoTests" name="[81] /home/travis/build/icyphy/ptII/ptolemy/domains/de/test/auto/dynamicCausalityInterface1.xml (RunModel)" time="0.038" />
  <testcase classname="ptolemy.util.test.junit.AutoTests" name="[82] /home/travis/build/icyphy/ptII/ptolemy/domains/de/test/auto/fsm_de_test.xml (RunModel)" time="0.038" />
  <testcase classname="ptolemy.util.test.junit.AutoTests" name="[83] /home/travis/build/icyphy/ptII/ptolemy/domains/de/test/auto/functionDependencyReconstruction.xml (RunModel)" time="0.032" />
  <testcase classname="ptolemy.util.test.junit.AutoTests" name="[84] /home/travis/build/icyphy/ptII/ptolemy/domains/de/test/auto/multirate.xml (RunModel)" time="0.038" />
  <testcase classname="ptolemy.util.test.junit.AutoTests" name="[85] /home/travis/build/icyphy/ptII/ptolemy/domains/de/test/auto/multirate2.xml (RunModel)" time="0.026" />
  <testcase classname="ptolemy.util.test.junit.AutoTests" name="[86] /home/travis/build/icyphy/ptII/ptolemy/domains/de/test/auto/realtime.xml (RunModel)" time="10.011" />
  <testcase classname="ptolemy.util.test.junit.AutoTests" name="[87] /home/travis/build/icyphy/ptII/ptolemy/domains/de/test/auto/relationGroup.xml (RunModel)" time="0.009" />
  <testcase classname="ptolemy.util.test.junit.AutoTests" name="[88] /home/travis/build/icyphy/ptII/ptolemy/domains/de/test/auto/relationGroup2.xml (RunModel)" time="0.009" />
  <testcase classname="ptolemy.util.test.junit.AutoTests" name="[89] /home/travis/build/icyphy/ptII/ptolemy/domains/de/test/auto/sortWithOpaquePorts.xml (RunModel)" time="0.009" />
  <testcase classname="ptolemy.util.test.junit.AutoTests" name="[90] /home/travis/build/icyphy/ptII/ptolemy/domains/de/test/auto/transferInputsandOutputs.xml (RunModel)" time="0.025" />
  <testcase classname="ptolemy.util.test.junit.AutoTests" name="[91] /home/travis/build/icyphy/ptII/ptolemy/domains/de/test/auto/triggerType.xml (RunModel)" time="0.01" />
  <system-out><![CDATA[/home/travis/build/icyphy/ptII/ptolemy/domains/de/test/DependencyLoop.tcl
testDefs.tcl: setting time out to 9000 seconds at Thu Jul 18 13:35:08 UTC 2019
92 ms. Memory: 120832K Free: 72130K (60%)
26 ms. Memory: 120832K Free: 54715K (45%)
/home/travis/build/icyphy/ptII/ptolemy/domains/de/test/RunDETestsAsQSS.tcl
Run the DE tests using ptolemy.domains.qss.test.QSSDirectorTest, which extends QSSDirector and prints a message in the constructors.
------------------ testing $PTII/ptolemy/domains/de/test/auto/knownFailedTests/DirectFeedback.xml (Known Failure) 
66 ms. Memory: 120832K Free: 48578K (40%)


==== $PTIIhome/travis/build/icyphy/ptII/ptolemy/domains/de/test/../../../../: Auto Automatic test in file $PTII/ptolemy/domains/de/test/auto/knownFailedTests/DirectFeedback.xml
==== Contents of test case:

	    # FIXME: we should use $relativeFilename here, but it
	    # might have backslashes under Windows, which causes no end
	    # of trouble.
	    createAndExecute $file
	    list {}
	
.... Test generated KNOWN error:
    while executing
ptolemy.kernel.util.IllegalActionException: Test fails in iteration 1.
Value was: 1.0. Should have been: 2.0
  in .DirectFeedback.Test
	at ptolemy.actor.lib.Test.fire(Test.java:268)
	at ptolemy.domains.de.kernel.DEDirector._fire(DEDirector.java:1949)
	at ptolemy.domains.de.kernel.DEDirector.fire(DEDirector.java:502)
	at ptolemy.actor.CompositeActor.fire(CompositeActor.java:455)
	at ptolemy.actor.Manager.iterate(Manager.java:851)
	at ptolemy.actor.Manager.execute(Manager.java:369)
	at ptolemy.actor.Manager.run(Manager.java:1263)
	at ptolemy.actor.Manager$PtolemyRunThread.run(Manager.java:1933)

    while executing
ptolemy.kernel.util.IllegalActionException: Test fails in iteration 1.
Value was: 1.0. Should have been: 2.0
  in .DirectFeedback.Test
    while executing
"java::new ptolemy.moml.MoMLSimpleApplication $file
"
    (procedure "createAndExecute" line 2)
    invoked from within
"createAndExecute $file"
    ("uplevel" body line 5)
    invoked from within
"uplevel $contents_of_test"
------------------ testing $PTII/ptolemy/domains/de/test/auto/knownFailedTests/dependencyLoop.xml (Known Failure) 
36 ms. Memory: 120832K Free: 108316K (90%)


==== $PTIIhome/travis/build/icyphy/ptII/ptolemy/domains/de/test/../../../../: Auto Automatic test in file $PTII/ptolemy/domains/de/test/auto/knownFailedTests/dependencyLoop.xml
==== Contents of test case:

	    # FIXME: we should use $relativeFilename here, but it
	    # might have backslashes under Windows, which causes no end
	    # of trouble.
	    createAndExecute $file
	    list {}
	
.... Test generated KNOWN error:
    while executing
ptolemy.kernel.util.IllegalActionException: Found a zero delay loop containing .dependencyLoop.original
  in .dependencyLoop and .dependencyLoop.original
	at ptolemy.actor.util.CausalityInterfaceForComposites._computeOutputPortDepth(CausalityInterfaceForComposites.java:759)
	at ptolemy.actor.util.CausalityInterfaceForComposites._computeInputDepth(CausalityInterfaceForComposites.java:696)
	at ptolemy.actor.util.CausalityInterfaceForComposites._computeOutputPortDepth(CausalityInterfaceForComposites.java:765)
	at ptolemy.actor.util.CausalityInterfaceForComposites._computeInputDepth(CausalityInterfaceForComposites.java:696)
	at ptolemy.actor.util.CausalityInterfaceForComposites._computeOutputPortDepth(CausalityInterfaceForComposites.java:765)
	at ptolemy.actor.util.CausalityInterfaceForComposites._computeInputDepth(CausalityInterfaceForComposites.java:696)
	at ptolemy.actor.util.CausalityInterfaceForComposites._computeActorDepth(CausalityInterfaceForComposites.java:532)
	at ptolemy.actor.util.CausalityInterfaceForComposites.checkForCycles(CausalityInterfaceForComposites.java:96)
	at ptolemy.domains.de.kernel.DEDirector.preinitialize(DEDirector.java:1338)
	at ptolemy.actor.CompositeActor.preinitialize(CompositeActor.java:1828)
	at ptolemy.actor.Manager.preinitializeAndResolveTypes(Manager.java:1040)
	at ptolemy.actor.Manager.initialize(Manager.java:710)
	at ptolemy.actor.Manager.execute(Manager.java:356)
	at ptolemy.actor.Manager.run(Manager.java:1263)
	at ptolemy.actor.Manager$PtolemyRunThread.run(Manager.java:1933)

    while executing
ptolemy.kernel.util.IllegalActionException: Found a zero delay loop containing .dependencyLoop.original
  in .dependencyLoop and .dependencyLoop.original
    while executing
"java::new ptolemy.moml.MoMLSimpleApplication $file
"
    (procedure "createAndExecute" line 2)
    invoked from within
"createAndExecute $file"
    ("uplevel" body line 5)
    invoked from within
"uplevel $contents_of_test"
------------------ testing $PTII/ptolemy/domains/de/test/auto/knownFailedTests/FSMSource.xml (Known Failure) 
42 ms. Memory: 120832K Free: 99161K (82%)
!!!! Auto was marked as failing, but now passes
------------------ testing $PTII/ptolemy/domains/de/test/auto/knownFailedTests/HierarchicalModel.xml (Known Failure) 
8 ms. Memory: 120832K Free: 81753K (68%)


==== $PTIIhome/travis/build/icyphy/ptII/ptolemy/domains/de/test/../../../../: Auto Automatic test in file $PTII/ptolemy/domains/de/test/auto/knownFailedTests/HierarchicalModel.xml
==== Contents of test case:

	    # FIXME: we should use $relativeFilename here, but it
	    # might have backslashes under Windows, which causes no end
	    # of trouble.
	    createAndExecute $file
	    list {}
	
.... Test generated KNOWN error:
    while executing
ptolemy.kernel.util.IllegalActionException: Found a zero delay loop containing .HierarchicalModel.A
  in .HierarchicalModel and .HierarchicalModel.A
	at ptolemy.actor.util.CausalityInterfaceForComposites._computeOutputPortDepth(CausalityInterfaceForComposites.java:759)
	at ptolemy.actor.util.CausalityInterfaceForComposites._computeInputDepth(CausalityInterfaceForComposites.java:696)
	at ptolemy.actor.util.CausalityInterfaceForComposites._computeOutputPortDepth(CausalityInterfaceForComposites.java:765)
	at ptolemy.actor.util.CausalityInterfaceForComposites._computeInputDepth(CausalityInterfaceForComposites.java:696)
	at ptolemy.actor.util.CausalityInterfaceForComposites._computeOutputPortDepth(CausalityInterfaceForComposites.java:765)
	at ptolemy.actor.util.CausalityInterfaceForComposites._computeInputDepth(CausalityInterfaceForComposites.java:696)
	at ptolemy.actor.util.CausalityInterfaceForComposites._computeActorDepth(CausalityInterfaceForComposites.java:532)
	at ptolemy.actor.util.CausalityInterfaceForComposites.checkForCycles(CausalityInterfaceForComposites.java:96)
	at ptolemy.domains.de.kernel.DEDirector.preinitialize(DEDirector.java:1338)
	at ptolemy.actor.CompositeActor.preinitialize(CompositeActor.java:1828)
	at ptolemy.actor.Manager.preinitializeAndResolveTypes(Manager.java:1040)
	at ptolemy.actor.Manager.initialize(Manager.java:710)
	at ptolemy.actor.Manager.execute(Manager.java:356)
	at ptolemy.actor.Manager.run(Manager.java:1263)
	at ptolemy.actor.Manager$PtolemyRunThread.run(Manager.java:1933)

    while executing
ptolemy.kernel.util.IllegalActionException: Found a zero delay loop containing .HierarchicalModel.A
  in .HierarchicalModel and .HierarchicalModel.A
    while executing
"java::new ptolemy.moml.MoMLSimpleApplication $file
"
    (procedure "createAndExecute" line 2)
    invoked from within
"createAndExecute $file"
    ("uplevel" body line 5)
    invoked from within
"uplevel $contents_of_test"
------------------ testing $PTII/ptolemy/domains/de/test/auto/knownFailedTests/dependencyLoop2.xml (Known Failure) 
30 ms. Memory: 120832K Free: 106537K (88%)


==== $PTIIhome/travis/build/icyphy/ptII/ptolemy/domains/de/test/../../../../: Auto Automatic test in file $PTII/ptolemy/domains/de/test/auto/knownFailedTests/dependencyLoop2.xml
==== Contents of test case:

	    # FIXME: we should use $relativeFilename here, but it
	    # might have backslashes under Windows, which causes no end
	    # of trouble.
	    createAndExecute $file
	    list {}
	
.... Test generated KNOWN error:
    while executing
ptolemy.kernel.util.IllegalActionException: Found a zero delay loop containing .dependencyLoop2.original
  in .dependencyLoop2 and .dependencyLoop2.original
	at ptolemy.actor.util.CausalityInterfaceForComposites._computeOutputPortDepth(CausalityInterfaceForComposites.java:759)
	at ptolemy.actor.util.CausalityInterfaceForComposites._computeInputDepth(CausalityInterfaceForComposites.java:696)
	at ptolemy.actor.util.CausalityInterfaceForComposites._computeOutputPortDepth(CausalityInterfaceForComposites.java:765)
	at ptolemy.actor.util.CausalityInterfaceForComposites._computeInputDepth(CausalityInterfaceForComposites.java:696)
	at ptolemy.actor.util.CausalityInterfaceForComposites._computeOutputPortDepth(CausalityInterfaceForComposites.java:765)
	at ptolemy.actor.util.CausalityInterfaceForComposites._computeInputDepth(CausalityInterfaceForComposites.java:696)
	at ptolemy.actor.util.CausalityInterfaceForComposites._computeActorDepth(CausalityInterfaceForComposites.java:532)
	at ptolemy.actor.util.CausalityInterfaceForComposites.checkForCycles(CausalityInterfaceForComposites.java:96)
	at ptolemy.domains.de.kernel.DEDirector.preinitialize(DEDirector.java:1338)
	at ptolemy.actor.CompositeActor.preinitialize(CompositeActor.java:1828)
	at ptolemy.actor.Manager.preinitializeAndResolveTypes(Manager.java:1040)
	at ptolemy.actor.Manager.initialize(Manager.java:710)
	at ptolemy.actor.Manager.execute(Manager.java:356)
	at ptolemy.actor.Manager.run(Manager.java:1263)
	at ptolemy.actor.Manager$PtolemyRunThread.run(Manager.java:1933)

    while executing
ptolemy.kernel.util.IllegalActionException: Found a zero delay loop containing .dependencyLoop2.original
  in .dependencyLoop2 and .dependencyLoop2.original
    while executing
"java::new ptolemy.moml.MoMLSimpleApplication $file
"
    (procedure "createAndExecute" line 2)
    invoked from within
"createAndExecute $file"
    ("uplevel" body line 5)
    invoked from within
"uplevel $contents_of_test"
------------------ testing $PTII/ptolemy/domains/de/test/auto/knownFailedTests/DESDFClockTest.xml (Known Failure) 
2055 ms. Memory: 120832K Free: 93169K (77%)


==== $PTIIhome/travis/build/icyphy/ptII/ptolemy/domains/de/test/../../../../: Auto Automatic test in file $PTII/ptolemy/domains/de/test/auto/knownFailedTests/DESDFClockTest.xml
==== Contents of test case:

	    # FIXME: we should use $relativeFilename here, but it
	    # might have backslashes under Windows, which causes no end
	    # of trouble.
	    createAndExecute $file
	    list {}
	
.... Test generated KNOWN error:
    while executing
ptolemy.kernel.util.IllegalActionException: Actor is not ready to fire.  Perhaps UpSample.prefire() returned false? Try debugging the actor by selecting "Listen to Actor".  Also, for SDF check moml for tokenConsumptionRate on input.
  in .DESDFClockTest.Play Bell.Copy1:SDF Director and .DESDFClockTest.Play Bell.UpSample
	at ptolemy.actor.sched.StaticSchedulingDirector.fire(StaticSchedulingDirector.java:227)
	at ptolemy.domains.sdf.kernel.SDFDirector.fire(SDFDirector.java:500)
	at ptolemy.actor.CompositeActor.fire(CompositeActor.java:455)
	at ptolemy.domains.de.kernel.DEDirector._fire(DEDirector.java:1949)
	at ptolemy.domains.de.kernel.DEDirector.fire(DEDirector.java:502)
	at ptolemy.actor.CompositeActor.fire(CompositeActor.java:455)
	at ptolemy.actor.Manager.iterate(Manager.java:851)
	at ptolemy.actor.Manager.execute(Manager.java:369)
	at ptolemy.actor.Manager.run(Manager.java:1263)
	at ptolemy.actor.Manager$PtolemyRunThread.run(Manager.java:1933)

    while executing
ptolemy.kernel.util.IllegalActionException: Actor is not ready to fire.  Perhaps UpSample.prefire() returned false? Try debugging the actor by selecting "Listen to Actor".  Also, for SDF check moml for tokenConsumptionRate on input.
  in .DESDFClockTest.Play Bell.Copy1:SDF Director and .DESDFClockTest.Play Bell.UpSample
    while executing
"java::new ptolemy.moml.MoMLSimpleApplication $file
"
    (procedure "createAndExecute" line 2)
    invoked from within
"createAndExecute $file"
    ("uplevel" body line 5)
    invoked from within
"uplevel $contents_of_test"
------------------ testing $PTII/ptolemy/domains/de/test/auto/ActorDepthCalculation_actorWithoutPorts.xml
auto.tcl: Setting watchdog for 200 seconds at Thu Jul 18 13:35:12 UTC 2019
4 ms. Memory: 120832K Free: 86331K (71%)
ptolemy.util.test.WatchDog.cancel(): canceling Thu Jul 18 13:35:12 UTC 2019
auto.tcl: Setting watchdog for 200 seconds at Thu Jul 18 13:35:12 UTC 2019
5 ms. Memory: 120832K Free: 84693K (70%)
ptolemy.util.test.WatchDog.cancel(): canceling Thu Jul 18 13:35:12 UTC 2019
------------------ testing $PTII/ptolemy/domains/de/test/auto/AssemblyLine.xml
auto.tcl: Setting watchdog for 200 seconds at Thu Jul 18 13:35:13 UTC 2019
17 ms. Memory: 48128K Free: 25508K (53%)
ptolemy.util.test.WatchDog.cancel(): canceling Thu Jul 18 13:35:13 UTC 2019
auto.tcl: Setting watchdog for 200 seconds at Thu Jul 18 13:35:13 UTC 2019
7 ms. Memory: 48128K Free: 25078K (52%)
ptolemy.util.test.WatchDog.cancel(): canceling Thu Jul 18 13:35:13 UTC 2019
------------------ testing $PTII/ptolemy/domains/de/test/auto/CQBug1.xml
auto.tcl: Setting watchdog for 200 seconds at Thu Jul 18 13:35:13 UTC 2019
2 ms. Memory: 48128K Free: 31486K (65%)
ptolemy.util.test.WatchDog.cancel(): canceling Thu Jul 18 13:35:13 UTC 2019
auto.tcl: Setting watchdog for 200 seconds at Thu Jul 18 13:35:13 UTC 2019
3 ms. Memory: 48128K Free: 31056K (65%)
ptolemy.util.test.WatchDog.cancel(): canceling Thu Jul 18 13:35:13 UTC 2019
------------------ testing $PTII/ptolemy/domains/de/test/auto/CancelFireAt.xml
auto.tcl: Setting watchdog for 200 seconds at Thu Jul 18 13:35:13 UTC 2019
3 ms. Memory: 45056K Free: 29690K (66%)
ptolemy.util.test.WatchDog.cancel(): canceling Thu Jul 18 13:35:13 UTC 2019
auto.tcl: Setting watchdog for 200 seconds at Thu Jul 18 13:35:13 UTC 2019
2 ms. Memory: 45056K Free: 29138K (65%)
ptolemy.util.test.WatchDog.cancel(): canceling Thu Jul 18 13:35:13 UTC 2019
------------------ testing $PTII/ptolemy/domains/de/test/auto/CausalityAndComposabilityAnalysis.xml
auto.tcl: Setting watchdog for 200 seconds at Thu Jul 18 13:35:13 UTC 2019
20 ms. Memory: 45056K Free: 27657K (61%)
ptolemy.util.test.WatchDog.cancel(): canceling Thu Jul 18 13:35:13 UTC 2019
auto.tcl: Setting watchdog for 200 seconds at Thu Jul 18 13:35:13 UTC 2019
5 ms. Memory: 45056K Free: 26901K (60%)
ptolemy.util.test.WatchDog.cancel(): canceling Thu Jul 18 13:35:13 UTC 2019
------------------ testing $PTII/ptolemy/domains/de/test/auto/CausalityInterface1.xml
auto.tcl: Setting watchdog for 200 seconds at Thu Jul 18 13:35:13 UTC 2019
33 ms. Memory: 45056K Free: 26367K (59%)
ptolemy.util.test.WatchDog.cancel(): canceling Thu Jul 18 13:35:13 UTC 2019
auto.tcl: Setting watchdog for 200 seconds at Thu Jul 18 13:35:13 UTC 2019
4 ms. Memory: 45056K Free: 25402K (56%)
ptolemy.util.test.WatchDog.cancel(): canceling Thu Jul 18 13:35:13 UTC 2019
------------------ testing $PTII/ptolemy/domains/de/test/auto/CausalityInterface15.xml
auto.tcl: Setting watchdog for 200 seconds at Thu Jul 18 13:35:13 UTC 2019
12 ms. Memory: 45056K Free: 26057K (58%)
ptolemy.util.test.WatchDog.cancel(): canceling Thu Jul 18 13:35:13 UTC 2019
auto.tcl: Setting watchdog for 200 seconds at Thu Jul 18 13:35:13 UTC 2019
4 ms. Memory: 45056K Free: 25347K (56%)
ptolemy.util.test.WatchDog.cancel(): canceling Thu Jul 18 13:35:13 UTC 2019
------------------ testing $PTII/ptolemy/domains/de/test/auto/CausalityInterface2.xml
auto.tcl: Setting watchdog for 200 seconds at Thu Jul 18 13:35:13 UTC 2019
8 ms. Memory: 45056K Free: 27097K (60%)
ptolemy.util.test.WatchDog.cancel(): canceling Thu Jul 18 13:35:13 UTC 2019
auto.tcl: Setting watchdog for 200 seconds at Thu Jul 18 13:35:13 UTC 2019
3 ms. Memory: 45056K Free: 26341K (58%)
ptolemy.util.test.WatchDog.cancel(): canceling Thu Jul 18 13:35:13 UTC 2019
------------------ testing $PTII/ptolemy/domains/de/test/auto/CausalityInterface3.xml
auto.tcl: Setting watchdog for 200 seconds at Thu Jul 18 13:35:14 UTC 2019
4 ms. Memory: 45056K Free: 26549K (59%)
ptolemy.util.test.WatchDog.cancel(): canceling Thu Jul 18 13:35:14 UTC 2019
auto.tcl: Setting watchdog for 200 seconds at Thu Jul 18 13:35:14 UTC 2019
2 ms. Memory: 45056K Free: 25762K (57%)
ptolemy.util.test.WatchDog.cancel(): canceling Thu Jul 18 13:35:14 UTC 2019
------------------ testing $PTII/ptolemy/domains/de/test/auto/ClockDrift.xml
auto.tcl: Setting watchdog for 200 seconds at Thu Jul 18 13:35:14 UTC 2019
102 ms. Memory: 45056K Free: 19154K (43%)
ptolemy.util.test.WatchDog.cancel(): canceling Thu Jul 18 13:35:14 UTC 2019
auto.tcl: Setting watchdog for 200 seconds at Thu Jul 18 13:35:14 UTC 2019
60 ms. Memory: 45056K Free: 16138K (36%)
ptolemy.util.test.WatchDog.cancel(): canceling Thu Jul 18 13:35:14 UTC 2019
------------------ testing $PTII/ptolemy/domains/de/test/auto/ClockDriftAndValueChange.xml
auto.tcl: Setting watchdog for 200 seconds at Thu Jul 18 13:35:14 UTC 2019
37 ms. Memory: 45056K Free: 19217K (43%)
ptolemy.util.test.WatchDog.cancel(): canceling Thu Jul 18 13:35:14 UTC 2019
auto.tcl: Setting watchdog for 200 seconds at Thu Jul 18 13:35:14 UTC 2019
33 ms. Memory: 45056K Free: 16372K (36%)
ptolemy.util.test.WatchDog.cancel(): canceling Thu Jul 18 13:35:14 UTC 2019
------------------ testing $PTII/ptolemy/domains/de/test/auto/ClockDriftChange.xml
auto.tcl: Setting watchdog for 200 seconds at Thu Jul 18 13:35:14 UTC 2019
26 ms. Memory: 45056K Free: 21266K (47%)
ptolemy.util.test.WatchDog.cancel(): canceling Thu Jul 18 13:35:14 UTC 2019
auto.tcl: Setting watchdog for 200 seconds at Thu Jul 18 13:35:14 UTC 2019
20 ms. Memory: 45056K Free: 18711K (42%)
ptolemy.util.test.WatchDog.cancel(): canceling Thu Jul 18 13:35:14 UTC 2019
------------------ testing $PTII/ptolemy/domains/de/test/auto/ComposableCausalityAnalysis.xml
auto.tcl: Setting watchdog for 200 seconds at Thu Jul 18 13:35:14 UTC 2019
2 ms. Memory: 45056K Free: 25927K (58%)
ptolemy.util.test.WatchDog.cancel(): canceling Thu Jul 18 13:35:14 UTC 2019
auto.tcl: Setting watchdog for 200 seconds at Thu Jul 18 13:35:14 UTC 2019
5 ms. Memory: 45056K Free: 24854K (55%)
ptolemy.util.test.WatchDog.cancel(): canceling Thu Jul 18 13:35:14 UTC 2019
------------------ testing $PTII/ptolemy/domains/de/test/auto/DEFixedPointLimitation.xml
auto.tcl: Setting watchdog for 200 seconds at Thu Jul 18 13:35:14 UTC 2019
4 ms. Memory: 45056K Free: 27240K (60%)
ptolemy.util.test.WatchDog.cancel(): canceling Thu Jul 18 13:35:14 UTC 2019
auto.tcl: Setting watchdog for 200 seconds at Thu Jul 18 13:35:14 UTC 2019
1 ms. Memory: 45056K Free: 26358K (59%)
ptolemy.util.test.WatchDog.cancel(): canceling Thu Jul 18 13:35:14 UTC 2019
------------------ testing $PTII/ptolemy/domains/de/test/auto/DEScheduleTest.xml
auto.tcl: Setting watchdog for 200 seconds at Thu Jul 18 13:35:14 UTC 2019
6 ms. Memory: 45056K Free: 27530K (61%)
ptolemy.util.test.WatchDog.cancel(): canceling Thu Jul 18 13:35:14 UTC 2019
auto.tcl: Setting watchdog for 200 seconds at Thu Jul 18 13:35:14 UTC 2019
2 ms. Memory: 45056K Free: 26765K (59%)
ptolemy.util.test.WatchDog.cancel(): canceling Thu Jul 18 13:35:14 UTC 2019
------------------ testing $PTII/ptolemy/domains/de/test/auto/DEinDEwithStartTimes.xml
auto.tcl: Setting watchdog for 200 seconds at Thu Jul 18 13:35:14 UTC 2019
5 ms. Memory: 45056K Free: 25711K (57%)
ptolemy.util.test.WatchDog.cancel(): canceling Thu Jul 18 13:35:14 UTC 2019
auto.tcl: Setting watchdog for 200 seconds at Thu Jul 18 13:35:14 UTC 2019
4 ms. Memory: 45056K Free: 24304K (54%)
ptolemy.util.test.WatchDog.cancel(): canceling Thu Jul 18 13:35:15 UTC 2019
------------------ testing $PTII/ptolemy/domains/de/test/auto/DEinDEwithStartTimes2.xml
auto.tcl: Setting watchdog for 200 seconds at Thu Jul 18 13:35:15 UTC 2019
5 ms. Memory: 45056K Free: 24955K (55%)
ptolemy.util.test.WatchDog.cancel(): canceling Thu Jul 18 13:35:15 UTC 2019
auto.tcl: Setting watchdog for 200 seconds at Thu Jul 18 13:35:15 UTC 2019
4 ms. Memory: 45056K Free: 23623K (52%)
ptolemy.util.test.WatchDog.cancel(): canceling Thu Jul 18 13:35:15 UTC 2019
------------------ testing $PTII/ptolemy/domains/de/test/auto/DateDemo.xml
auto.tcl: Setting watchdog for 200 seconds at Thu Jul 18 13:35:15 UTC 2019
22 ms. Memory: 45056K Free: 19276K (43%)
ptolemy.util.test.WatchDog.cancel(): canceling Thu Jul 18 13:35:15 UTC 2019
auto.tcl: Setting watchdog for 200 seconds at Thu Jul 18 13:35:15 UTC 2019
7 ms. Memory: 45056K Free: 17698K (39%)
ptolemy.util.test.WatchDog.cancel(): canceling Thu Jul 18 13:35:15 UTC 2019
------------------ testing $PTII/ptolemy/domains/de/test/auto/DateToEvent.xml
auto.tcl: Setting watchdog for 200 seconds at Thu Jul 18 13:35:15 UTC 2019
2009 ms. Memory: 45056K Free: 15187K (34%)
ptolemy.util.test.WatchDog.cancel(): canceling Thu Jul 18 13:35:17 UTC 2019
auto.tcl: Setting watchdog for 200 seconds at Thu Jul 18 13:35:17 UTC 2019
2006 ms. Memory: 45056K Free: 14443K (32%)
ptolemy.util.test.WatchDog.cancel(): canceling Thu Jul 18 13:35:19 UTC 2019
------------------ testing $PTII/ptolemy/domains/de/test/auto/DepthTest1.xml
auto.tcl: Setting watchdog for 200 seconds at Thu Jul 18 13:35:19 UTC 2019
6 ms. Memory: 45056K Free: 28055K (62%)
ptolemy.util.test.WatchDog.cancel(): canceling Thu Jul 18 13:35:19 UTC 2019
auto.tcl: Setting watchdog for 200 seconds at Thu Jul 18 13:35:19 UTC 2019
2 ms. Memory: 45056K Free: 27669K (61%)
ptolemy.util.test.WatchDog.cancel(): canceling Thu Jul 18 13:35:19 UTC 2019
------------------ testing $PTII/ptolemy/domains/de/test/auto/DepthTest2.xml
auto.tcl: Setting watchdog for 200 seconds at Thu Jul 18 13:35:19 UTC 2019
12 ms. Memory: 45056K Free: 25109K (56%)
ptolemy.util.test.WatchDog.cancel(): canceling Thu Jul 18 13:35:19 UTC 2019
auto.tcl: Setting watchdog for 200 seconds at Thu Jul 18 13:35:19 UTC 2019
2 ms. Memory: 45056K Free: 24662K (55%)
ptolemy.util.test.WatchDog.cancel(): canceling Thu Jul 18 13:35:19 UTC 2019
------------------ testing $PTII/ptolemy/domains/de/test/auto/DepthTest3.xml
auto.tcl: Setting watchdog for 200 seconds at Thu Jul 18 13:35:19 UTC 2019
5 ms. Memory: 45056K Free: 28804K (64%)
ptolemy.util.test.WatchDog.cancel(): canceling Thu Jul 18 13:35:19 UTC 2019
auto.tcl: Setting watchdog for 200 seconds at Thu Jul 18 13:35:19 UTC 2019
1 ms. Memory: 45056K Free: 28255K (63%)
ptolemy.util.test.WatchDog.cancel(): canceling Thu Jul 18 13:35:19 UTC 2019
------------------ testing $PTII/ptolemy/domains/de/test/auto/DepthTest4.xml
auto.tcl: Setting watchdog for 200 seconds at Thu Jul 18 13:35:19 UTC 2019
3 ms. Memory: 45056K Free: 27028K (60%)
ptolemy.util.test.WatchDog.cancel(): canceling Thu Jul 18 13:35:19 UTC 2019
auto.tcl: Setting watchdog for 200 seconds at Thu Jul 18 13:35:19 UTC 2019
2 ms. Memory: 45056K Free: 26314K (58%)
ptolemy.util.test.WatchDog.cancel(): canceling Thu Jul 18 13:35:19 UTC 2019
------------------ testing $PTII/ptolemy/domains/de/test/auto/DepthTest5.xml
auto.tcl: Setting watchdog for 200 seconds at Thu Jul 18 13:35:19 UTC 2019
4 ms. Memory: 45056K Free: 26422K (59%)
ptolemy.util.test.WatchDog.cancel(): canceling Thu Jul 18 13:35:19 UTC 2019
auto.tcl: Setting watchdog for 200 seconds at Thu Jul 18 13:35:19 UTC 2019
2 ms. Memory: 45056K Free: 25625K (57%)
ptolemy.util.test.WatchDog.cancel(): canceling Thu Jul 18 13:35:19 UTC 2019
------------------ testing $PTII/ptolemy/domains/de/test/auto/DepthTest6.xml
auto.tcl: Setting watchdog for 200 seconds at Thu Jul 18 13:35:19 UTC 2019
5 ms. Memory: 45056K Free: 26109K (58%)
ptolemy.util.test.WatchDog.cancel(): canceling Thu Jul 18 13:35:19 UTC 2019
auto.tcl: Setting watchdog for 200 seconds at Thu Jul 18 13:35:19 UTC 2019
2 ms. Memory: 45056K Free: 25603K (57%)
ptolemy.util.test.WatchDog.cancel(): canceling Thu Jul 18 13:35:19 UTC 2019
------------------ testing $PTII/ptolemy/domains/de/test/auto/DepthTest7.xml
auto.tcl: Setting watchdog for 200 seconds at Thu Jul 18 13:35:19 UTC 2019
4 ms. Memory: 45056K Free: 26946K (60%)
ptolemy.util.test.WatchDog.cancel(): canceling Thu Jul 18 13:35:19 UTC 2019
auto.tcl: Setting watchdog for 200 seconds at Thu Jul 18 13:35:19 UTC 2019
2 ms. Memory: 45056K Free: 26235K (58%)
ptolemy.util.test.WatchDog.cancel(): canceling Thu Jul 18 13:35:19 UTC 2019
------------------ testing $PTII/ptolemy/domains/de/test/auto/EventToDate.xml
auto.tcl: Setting watchdog for 200 seconds at Thu Jul 18 13:35:19 UTC 2019
3010 ms. Memory: 45056K Free: 17753K (39%)
ptolemy.util.test.WatchDog.cancel(): canceling Thu Jul 18 13:35:22 UTC 2019
auto.tcl: Setting watchdog for 200 seconds at Thu Jul 18 13:35:22 UTC 2019
3004 ms. Memory: 45056K Free: 17040K (38%)
ptolemy.util.test.WatchDog.cancel(): canceling Thu Jul 18 13:35:25 UTC 2019
------------------ testing $PTII/ptolemy/domains/de/test/auto/FSM1.xml
auto.tcl: Setting watchdog for 200 seconds at Thu Jul 18 13:35:26 UTC 2019
25 ms. Memory: 45056K Free: 18951K (42%)
ptolemy.util.test.WatchDog.cancel(): canceling Thu Jul 18 13:35:26 UTC 2019
auto.tcl: Setting watchdog for 200 seconds at Thu Jul 18 13:35:26 UTC 2019
20 ms. Memory: 45056K Free: 15718K (35%)
ptolemy.util.test.WatchDog.cancel(): canceling Thu Jul 18 13:35:26 UTC 2019
------------------ testing $PTII/ptolemy/domains/de/test/auto/FSM7.xml
auto.tcl: Setting watchdog for 200 seconds at Thu Jul 18 13:35:26 UTC 2019
27 ms. Memory: 45056K Free: 18630K (41%)
ptolemy.util.test.WatchDog.cancel(): canceling Thu Jul 18 13:35:26 UTC 2019
auto.tcl: Setting watchdog for 200 seconds at Thu Jul 18 13:35:26 UTC 2019
14 ms. Memory: 45056K Free: 15528K (34%)
ptolemy.util.test.WatchDog.cancel(): canceling Thu Jul 18 13:35:26 UTC 2019
------------------ testing $PTII/ptolemy/domains/de/test/auto/Inspection.xml
auto.tcl: Setting watchdog for 200 seconds at Thu Jul 18 13:35:26 UTC 2019
29 ms. Memory: 45056K Free: 18709K (42%)
ptolemy.util.test.WatchDog.cancel(): canceling Thu Jul 18 13:35:26 UTC 2019
auto.tcl: Setting watchdog for 200 seconds at Thu Jul 18 13:35:26 UTC 2019
19 ms. Memory: 45056K Free: 16956K (38%)
ptolemy.util.test.WatchDog.cancel(): canceling Thu Jul 18 13:35:26 UTC 2019
------------------ testing $PTII/ptolemy/domains/de/test/auto/Iteration.xml
auto.tcl: Setting watchdog for 200 seconds at Thu Jul 18 13:35:26 UTC 2019
10 ms. Memory: 45056K Free: 24434K (54%)
ptolemy.util.test.WatchDog.cancel(): canceling Thu Jul 18 13:35:26 UTC 2019
auto.tcl: Setting watchdog for 200 seconds at Thu Jul 18 13:35:26 UTC 2019
7 ms. Memory: 45056K Free: 23012K (51%)
ptolemy.util.test.WatchDog.cancel(): canceling Thu Jul 18 13:35:26 UTC 2019
------------------ testing $PTII/ptolemy/domains/de/test/auto/LineFault.xml
auto.tcl: Setting watchdog for 200 seconds at Thu Jul 18 13:35:26 UTC 2019
680 ms. Memory: 54272K Free: 15484K (29%)
ptolemy.util.test.WatchDog.cancel(): canceling Thu Jul 18 13:35:27 UTC 2019
auto.tcl: Setting watchdog for 200 seconds at Thu Jul 18 13:35:27 UTC 2019
602 ms. Memory: 54272K Free: 38110K (70%)
ptolemy.util.test.WatchDog.cancel(): canceling Thu Jul 18 13:35:28 UTC 2019
------------------ testing $PTII/ptolemy/domains/de/test/auto/MergeModel1Add.xml
auto.tcl: Setting watchdog for 200 seconds at Thu Jul 18 13:35:28 UTC 2019
31 ms. Memory: 51200K Free: 16512K (32%)
ptolemy.util.test.WatchDog.cancel(): canceling Thu Jul 18 13:35:28 UTC 2019
auto.tcl: Setting watchdog for 200 seconds at Thu Jul 18 13:35:28 UTC 2019
12 ms. Memory: 51200K Free: 14876K (29%)
ptolemy.util.test.WatchDog.cancel(): canceling Thu Jul 18 13:35:28 UTC 2019
------------------ testing $PTII/ptolemy/domains/de/test/auto/MergeModel2Add.xml
auto.tcl: Setting watchdog for 200 seconds at Thu Jul 18 13:35:28 UTC 2019
10 ms. Memory: 51200K Free: 18533K (36%)
ptolemy.util.test.WatchDog.cancel(): canceling Thu Jul 18 13:35:28 UTC 2019
auto.tcl: Setting watchdog for 200 seconds at Thu Jul 18 13:35:28 UTC 2019
10 ms. Memory: 51200K Free: 16592K (32%)
ptolemy.util.test.WatchDog.cancel(): canceling Thu Jul 18 13:35:28 UTC 2019
------------------ testing $PTII/ptolemy/domains/de/test/auto/MergeModel3Add.xml
auto.tcl: Setting watchdog for 200 seconds at Thu Jul 18 13:35:28 UTC 2019
10 ms. Memory: 51200K Free: 18564K (36%)
ptolemy.util.test.WatchDog.cancel(): canceling Thu Jul 18 13:35:28 UTC 2019
auto.tcl: Setting watchdog for 200 seconds at Thu Jul 18 13:35:28 UTC 2019
10 ms. Memory: 51200K Free: 17100K (33%)
ptolemy.util.test.WatchDog.cancel(): canceling Thu Jul 18 13:35:28 UTC 2019
------------------ testing $PTII/ptolemy/domains/de/test/auto/MergeWithoutDiscard.xml
auto.tcl: Setting watchdog for 200 seconds at Thu Jul 18 13:35:28 UTC 2019
1 ms. Memory: 51200K Free: 33440K (65%)
ptolemy.util.test.WatchDog.cancel(): canceling Thu Jul 18 13:35:28 UTC 2019
auto.tcl: Setting watchdog for 200 seconds at Thu Jul 18 13:35:28 UTC 2019
2 ms. Memory: 51200K Free: 32974K (64%)
ptolemy.util.test.WatchDog.cancel(): canceling Thu Jul 18 13:35:28 UTC 2019
------------------ testing $PTII/ptolemy/domains/de/test/auto/Modal1.xml
auto.tcl: Setting watchdog for 200 seconds at Thu Jul 18 13:35:28 UTC 2019
11 ms. Memory: 48128K Free: 22228K (46%)
ptolemy.util.test.WatchDog.cancel(): canceling Thu Jul 18 13:35:28 UTC 2019
auto.tcl: Setting watchdog for 200 seconds at Thu Jul 18 13:35:28 UTC 2019
12 ms. Memory: 48128K Free: 18965K (39%)
ptolemy.util.test.WatchDog.cancel(): canceling Thu Jul 18 13:35:28 UTC 2019
------------------ testing $PTII/ptolemy/domains/de/test/auto/Modal2.xml
auto.tcl: Setting watchdog for 200 seconds at Thu Jul 18 13:35:28 UTC 2019
17 ms. Memory: 48128K Free: 22364K (46%)
ptolemy.util.test.WatchDog.cancel(): canceling Thu Jul 18 13:35:28 UTC 2019
auto.tcl: Setting watchdog for 200 seconds at Thu Jul 18 13:35:28 UTC 2019
22 ms. Memory: 48128K Free: 18862K (39%)
ptolemy.util.test.WatchDog.cancel(): canceling Thu Jul 18 13:35:28 UTC 2019
------------------ testing $PTII/ptolemy/domains/de/test/auto/Modal3.xml
auto.tcl: Setting watchdog for 200 seconds at Thu Jul 18 13:35:28 UTC 2019
10 ms. Memory: 48128K Free: 21338K (44%)
ptolemy.util.test.WatchDog.cancel(): canceling Thu Jul 18 13:35:28 UTC 2019
auto.tcl: Setting watchdog for 200 seconds at Thu Jul 18 13:35:28 UTC 2019
11 ms. Memory: 48128K Free: 18413K (38%)
ptolemy.util.test.WatchDog.cancel(): canceling Thu Jul 18 13:35:28 UTC 2019
------------------ testing $PTII/ptolemy/domains/de/test/auto/Modal4.xml
auto.tcl: Setting watchdog for 200 seconds at Thu Jul 18 13:35:29 UTC 2019
12 ms. Memory: 48128K Free: 21055K (44%)
ptolemy.util.test.WatchDog.cancel(): canceling Thu Jul 18 13:35:29 UTC 2019
auto.tcl: Setting watchdog for 200 seconds at Thu Jul 18 13:35:29 UTC 2019
14 ms. Memory: 48128K Free: 17239K (36%)
ptolemy.util.test.WatchDog.cancel(): canceling Thu Jul 18 13:35:29 UTC 2019
------------------ testing $PTII/ptolemy/domains/de/test/auto/Modal5.xml
auto.tcl: Setting watchdog for 200 seconds at Thu Jul 18 13:35:29 UTC 2019
12 ms. Memory: 48128K Free: 21049K (44%)
ptolemy.util.test.WatchDog.cancel(): canceling Thu Jul 18 13:35:29 UTC 2019
auto.tcl: Setting watchdog for 200 seconds at Thu Jul 18 13:35:29 UTC 2019
14 ms. Memory: 48128K Free: 17225K (36%)
ptolemy.util.test.WatchDog.cancel(): canceling Thu Jul 18 13:35:29 UTC 2019
------------------ testing $PTII/ptolemy/domains/de/test/auto/Modal6.xml
auto.tcl: Setting watchdog for 200 seconds at Thu Jul 18 13:35:29 UTC 2019
12 ms. Memory: 48128K Free: 21791K (45%)
ptolemy.util.test.WatchDog.cancel(): canceling Thu Jul 18 13:35:29 UTC 2019
auto.tcl: Setting watchdog for 200 seconds at Thu Jul 18 13:35:29 UTC 2019
13 ms. Memory: 48128K Free: 17847K (37%)
ptolemy.util.test.WatchDog.cancel(): canceling Thu Jul 18 13:35:29 UTC 2019
------------------ testing $PTII/ptolemy/domains/de/test/auto/Modal7.xml
auto.tcl: Setting watchdog for 200 seconds at Thu Jul 18 13:35:29 UTC 2019
14 ms. Memory: 48128K Free: 20807K (43%)
ptolemy.util.test.WatchDog.cancel(): canceling Thu Jul 18 13:35:29 UTC 2019
auto.tcl: Setting watchdog for 200 seconds at Thu Jul 18 13:35:29 UTC 2019
12 ms. Memory: 48128K Free: 17428K (36%)
ptolemy.util.test.WatchDog.cancel(): canceling Thu Jul 18 13:35:29 UTC 2019
------------------ testing $PTII/ptolemy/domains/de/test/auto/ModalModel.xml
auto.tcl: Setting watchdog for 200 seconds at Thu Jul 18 13:35:29 UTC 2019
201 ms. Memory: 63488K Free: 29677K (47%)
ptolemy.util.test.WatchDog.cancel(): canceling Thu Jul 18 13:35:29 UTC 2019
auto.tcl: Setting watchdog for 200 seconds at Thu Jul 18 13:35:29 UTC 2019
182 ms. Memory: 63488K Free: 32206K (51%)
ptolemy.util.test.WatchDog.cancel(): canceling Thu Jul 18 13:35:29 UTC 2019
------------------ testing $PTII/ptolemy/domains/de/test/auto/ModalSource.xml
auto.tcl: Setting watchdog for 200 seconds at Thu Jul 18 13:35:29 UTC 2019
6 ms. Memory: 48128K Free: 25899K (54%)
ptolemy.util.test.WatchDog.cancel(): canceling Thu Jul 18 13:35:29 UTC 2019
auto.tcl: Setting watchdog for 200 seconds at Thu Jul 18 13:35:29 UTC 2019
6 ms. Memory: 48128K Free: 23851K (50%)
ptolemy.util.test.WatchDog.cancel(): canceling Thu Jul 18 13:35:29 UTC 2019
------------------ testing $PTII/ptolemy/domains/de/test/auto/NonInterruptibleTimerZeroDelay.xml
auto.tcl: Setting watchdog for 200 seconds at Thu Jul 18 13:35:29 UTC 2019
4 ms. Memory: 48128K Free: 30833K (64%)
ptolemy.util.test.WatchDog.cancel(): canceling Thu Jul 18 13:35:30 UTC 2019
auto.tcl: Setting watchdog for 200 seconds at Thu Jul 18 13:35:30 UTC 2019
2 ms. Memory: 48128K Free: 30182K (63%)
ptolemy.util.test.WatchDog.cancel(): canceling Thu Jul 18 13:35:30 UTC 2019
------------------ testing $PTII/ptolemy/domains/de/test/auto/OpenQueueingNetwork.xml
auto.tcl: Setting watchdog for 200 seconds at Thu Jul 18 13:35:30 UTC 2019
3006 ms. Memory: 109568K Free: 80074K (73%)
ptolemy.util.test.WatchDog.cancel(): canceling Thu Jul 18 13:35:33 UTC 2019
auto.tcl: Setting watchdog for 200 seconds at Thu Jul 18 13:35:33 UTC 2019
2432 ms. Memory: 132096K Free: 104650K (79%)
ptolemy.util.test.WatchDog.cancel(): canceling Thu Jul 18 13:35:35 UTC 2019
------------------ testing $PTII/ptolemy/domains/de/test/auto/OpenQueuingNetwork.xml
auto.tcl: Setting watchdog for 200 seconds at Thu Jul 18 13:35:35 UTC 2019
287 ms. Memory: 55296K Free: 25971K (47%)
ptolemy.util.test.WatchDog.cancel(): canceling Thu Jul 18 13:35:36 UTC 2019
auto.tcl: Setting watchdog for 200 seconds at Thu Jul 18 13:35:36 UTC 2019
272 ms. Memory: 55296K Free: 35059K (63%)
ptolemy.util.test.WatchDog.cancel(): canceling Thu Jul 18 13:35:36 UTC 2019
------------------ testing $PTII/ptolemy/domains/de/test/auto/PeriodicSampler.xml
auto.tcl: Setting watchdog for 200 seconds at Thu Jul 18 13:35:36 UTC 2019
3 ms. Memory: 48128K Free: 30029K (62%)
ptolemy.util.test.WatchDog.cancel(): canceling Thu Jul 18 13:35:36 UTC 2019
auto.tcl: Setting watchdog for 200 seconds at Thu Jul 18 13:35:36 UTC 2019
1 ms. Memory: 48128K Free: 29538K (61%)
ptolemy.util.test.WatchDog.cancel(): canceling Thu Jul 18 13:35:36 UTC 2019
------------------ testing $PTII/ptolemy/domains/de/test/auto/PersistentIO.xml
auto.tcl: Setting watchdog for 200 seconds at Thu Jul 18 13:35:36 UTC 2019
19 ms. Memory: 48128K Free: 24953K (52%)
ptolemy.util.test.WatchDog.cancel(): canceling Thu Jul 18 13:35:36 UTC 2019
auto.tcl: Setting watchdog for 200 seconds at Thu Jul 18 13:35:36 UTC 2019
5 ms. Memory: 48128K Free: 23498K (49%)
ptolemy.util.test.WatchDog.cancel(): canceling Thu Jul 18 13:35:36 UTC 2019
------------------ testing $PTII/ptolemy/domains/de/test/auto/PortParameterResetOnInitialize.xml
auto.tcl: Setting watchdog for 200 seconds at Thu Jul 18 13:35:36 UTC 2019
3 ms. Memory: 48128K Free: 29922K (62%)
ptolemy.util.test.WatchDog.cancel(): canceling Thu Jul 18 13:35:36 UTC 2019
auto.tcl: Setting watchdog for 200 seconds at Thu Jul 18 13:35:36 UTC 2019
2 ms. Memory: 48128K Free: 29449K (61%)
ptolemy.util.test.WatchDog.cancel(): canceling Thu Jul 18 13:35:36 UTC 2019
------------------ testing $PTII/ptolemy/domains/de/test/auto/PortParameterUpdates.xml
auto.tcl: Setting watchdog for 200 seconds at Thu Jul 18 13:35:36 UTC 2019
4 ms. Memory: 48128K Free: 28006K (58%)
ptolemy.util.test.WatchDog.cancel(): canceling Thu Jul 18 13:35:36 UTC 2019
auto.tcl: Setting watchdog for 200 seconds at Thu Jul 18 13:35:36 UTC 2019
4 ms. Memory: 48128K Free: 26560K (55%)
ptolemy.util.test.WatchDog.cancel(): canceling Thu Jul 18 13:35:36 UTC 2019
------------------ testing $PTII/ptolemy/domains/de/test/auto/QueueAndServer.xml
auto.tcl: Setting watchdog for 200 seconds at Thu Jul 18 13:35:36 UTC 2019
6 ms. Memory: 48128K Free: 26976K (56%)
ptolemy.util.test.WatchDog.cancel(): canceling Thu Jul 18 13:35:36 UTC 2019
auto.tcl: Setting watchdog for 200 seconds at Thu Jul 18 13:35:36 UTC 2019
6 ms. Memory: 48128K Free: 25485K (53%)
ptolemy.util.test.WatchDog.cancel(): canceling Thu Jul 18 13:35:36 UTC 2019
------------------ testing $PTII/ptolemy/domains/de/test/auto/Records.xml
auto.tcl: Setting watchdog for 200 seconds at Thu Jul 18 13:35:36 UTC 2019
4 ms. Memory: 48128K Free: 29481K (61%)
ptolemy.util.test.WatchDog.cancel(): canceling Thu Jul 18 13:35:36 UTC 2019
auto.tcl: Setting watchdog for 200 seconds at Thu Jul 18 13:35:36 UTC 2019
2 ms. Memory: 48128K Free: 29006K (60%)
ptolemy.util.test.WatchDog.cancel(): canceling Thu Jul 18 13:35:36 UTC 2019
------------------ testing $PTII/ptolemy/domains/de/test/auto/ResetTransitionWithStartTime1.xml
auto.tcl: Setting watchdog for 200 seconds at Thu Jul 18 13:35:36 UTC 2019
8 ms. Memory: 48128K Free: 26438K (55%)
ptolemy.util.test.WatchDog.cancel(): canceling Thu Jul 18 13:35:36 UTC 2019
auto.tcl: Setting watchdog for 200 seconds at Thu Jul 18 13:35:36 UTC 2019
6 ms. Memory: 48128K Free: 23917K (50%)
ptolemy.util.test.WatchDog.cancel(): canceling Thu Jul 18 13:35:36 UTC 2019
------------------ testing $PTII/ptolemy/domains/de/test/auto/ResetTransitionWithStartTime2.xml
auto.tcl: Setting watchdog for 200 seconds at Thu Jul 18 13:35:36 UTC 2019
6 ms. Memory: 48128K Free: 26393K (55%)
ptolemy.util.test.WatchDog.cancel(): canceling Thu Jul 18 13:35:36 UTC 2019
auto.tcl: Setting watchdog for 200 seconds at Thu Jul 18 13:35:36 UTC 2019
6 ms. Memory: 48128K Free: 23872K (50%)
ptolemy.util.test.WatchDog.cancel(): canceling Thu Jul 18 13:35:36 UTC 2019
------------------ testing $PTII/ptolemy/domains/de/test/auto/ResetTransitionWithStartTime3.xml
auto.tcl: Setting watchdog for 200 seconds at Thu Jul 18 13:35:37 UTC 2019
10 ms. Memory: 48128K Free: 26392K (55%)
ptolemy.util.test.WatchDog.cancel(): canceling Thu Jul 18 13:35:37 UTC 2019
auto.tcl: Setting watchdog for 200 seconds at Thu Jul 18 13:35:37 UTC 2019
7 ms. Memory: 48128K Free: 24344K (51%)
ptolemy.util.test.WatchDog.cancel(): canceling Thu Jul 18 13:35:37 UTC 2019
------------------ testing $PTII/ptolemy/domains/de/test/auto/ResetTransitionWithStartTime4.xml
auto.tcl: Setting watchdog for 200 seconds at Thu Jul 18 13:35:37 UTC 2019
10 ms. Memory: 48128K Free: 27066K (56%)
ptolemy.util.test.WatchDog.cancel(): canceling Thu Jul 18 13:35:37 UTC 2019
auto.tcl: Setting watchdog for 200 seconds at Thu Jul 18 13:35:37 UTC 2019
3 ms. Memory: 48128K Free: 25407K (53%)
ptolemy.util.test.WatchDog.cancel(): canceling Thu Jul 18 13:35:37 UTC 2019
------------------ testing $PTII/ptolemy/domains/de/test/auto/ResettableTimer1.xml
auto.tcl: Setting watchdog for 200 seconds at Thu Jul 18 13:35:37 UTC 2019
2 ms. Memory: 48128K Free: 30872K (64%)
ptolemy.util.test.WatchDog.cancel(): canceling Thu Jul 18 13:35:37 UTC 2019
auto.tcl: Setting watchdog for 200 seconds at Thu Jul 18 13:35:37 UTC 2019
2 ms. Memory: 48128K Free: 30002K (62%)
ptolemy.util.test.WatchDog.cancel(): canceling Thu Jul 18 13:35:37 UTC 2019
------------------ testing $PTII/ptolemy/domains/de/test/auto/ResettableTimer2.xml
auto.tcl: Setting watchdog for 200 seconds at Thu Jul 18 13:35:37 UTC 2019
3 ms. Memory: 48128K Free: 30525K (63%)
ptolemy.util.test.WatchDog.cancel(): canceling Thu Jul 18 13:35:37 UTC 2019
auto.tcl: Setting watchdog for 200 seconds at Thu Jul 18 13:35:37 UTC 2019
2 ms. Memory: 48128K Free: 29571K (61%)
ptolemy.util.test.WatchDog.cancel(): canceling Thu Jul 18 13:35:37 UTC 2019
------------------ testing $PTII/ptolemy/domains/de/test/auto/ResettableTimer3.xml
auto.tcl: Setting watchdog for 200 seconds at Thu Jul 18 13:35:37 UTC 2019
1 ms. Memory: 48128K Free: 30563K (64%)
ptolemy.util.test.WatchDog.cancel(): canceling Thu Jul 18 13:35:37 UTC 2019
auto.tcl: Setting watchdog for 200 seconds at Thu Jul 18 13:35:37 UTC 2019
1 ms. Memory: 48128K Free: 30524K (63%)
ptolemy.util.test.WatchDog.cancel(): canceling Thu Jul 18 13:35:37 UTC 2019
------------------ testing $PTII/ptolemy/domains/de/test/auto/ResettableTimer4.xml
auto.tcl: Setting watchdog for 200 seconds at Thu Jul 18 13:35:37 UTC 2019
2 ms. Memory: 48128K Free: 30559K (63%)
ptolemy.util.test.WatchDog.cancel(): canceling Thu Jul 18 13:35:37 UTC 2019
auto.tcl: Setting watchdog for 200 seconds at Thu Jul 18 13:35:37 UTC 2019
1 ms. Memory: 48128K Free: 30061K (62%)
ptolemy.util.test.WatchDog.cancel(): canceling Thu Jul 18 13:35:37 UTC 2019
------------------ testing $PTII/ptolemy/domains/de/test/auto/ResettableTimer5.xml
auto.tcl: Setting watchdog for 200 seconds at Thu Jul 18 13:35:37 UTC 2019
2 ms. Memory: 48128K Free: 30008K (62%)
ptolemy.util.test.WatchDog.cancel(): canceling Thu Jul 18 13:35:37 UTC 2019
auto.tcl: Setting watchdog for 200 seconds at Thu Jul 18 13:35:37 UTC 2019
2 ms. Memory: 48128K Free: 29517K (61%)
ptolemy.util.test.WatchDog.cancel(): canceling Thu Jul 18 13:35:37 UTC 2019
------------------ testing $PTII/ptolemy/domains/de/test/auto/ResettableTimer6.xml
auto.tcl: Setting watchdog for 200 seconds at Thu Jul 18 13:35:37 UTC 2019
1 ms. Memory: 48128K Free: 30012K (62%)
ptolemy.util.test.WatchDog.cancel(): canceling Thu Jul 18 13:35:37 UTC 2019
auto.tcl: Setting watchdog for 200 seconds at Thu Jul 18 13:35:37 UTC 2019
2 ms. Memory: 48128K Free: 29523K (61%)
ptolemy.util.test.WatchDog.cancel(): canceling Thu Jul 18 13:35:37 UTC 2019
------------------ testing $PTII/ptolemy/domains/de/test/auto/ServerZeroDelay.xml
auto.tcl: Setting watchdog for 200 seconds at Thu Jul 18 13:35:37 UTC 2019
2 ms. Memory: 48128K Free: 30518K (63%)
ptolemy.util.test.WatchDog.cancel(): canceling Thu Jul 18 13:35:37 UTC 2019
auto.tcl: Setting watchdog for 200 seconds at Thu Jul 18 13:35:37 UTC 2019
3 ms. Memory: 48128K Free: 29572K (61%)
ptolemy.util.test.WatchDog.cancel(): canceling Thu Jul 18 13:35:37 UTC 2019
------------------ testing $PTII/ptolemy/domains/de/test/auto/SmartSender.xml
auto.tcl: Setting watchdog for 200 seconds at Thu Jul 18 13:35:37 UTC 2019
3001 ms. Memory: 48128K Free: 30551K (63%)
ptolemy.util.test.WatchDog.cancel(): canceling Thu Jul 18 13:35:40 UTC 2019
auto.tcl: Setting watchdog for 200 seconds at Thu Jul 18 13:35:40 UTC 2019
3002 ms. Memory: 48128K Free: 30053K (62%)
ptolemy.util.test.WatchDog.cancel(): canceling Thu Jul 18 13:35:43 UTC 2019
------------------ testing $PTII/ptolemy/domains/de/test/auto/ThreadedComposite.xml
auto.tcl: Setting watchdog for 200 seconds at Thu Jul 18 13:35:43 UTC 2019
242 ms. Memory: 48128K Free: 9532K (20%)
ptolemy.util.test.WatchDog.cancel(): canceling Thu Jul 18 13:35:43 UTC 2019
auto.tcl: Setting watchdog for 200 seconds at Thu Jul 18 13:35:43 UTC 2019
194 ms. Memory: 58368K Free: 29033K (50%)
ptolemy.util.test.WatchDog.cancel(): canceling Thu Jul 18 13:35:44 UTC 2019
------------------ testing $PTII/ptolemy/domains/de/test/auto/Time.xml
auto.tcl: Setting watchdog for 200 seconds at Thu Jul 18 13:35:44 UTC 2019
578 ms. Memory: 48128K Free: 30708K (64%)
ptolemy.util.test.WatchDog.cancel(): canceling Thu Jul 18 13:35:44 UTC 2019
auto.tcl: Setting watchdog for 200 seconds at Thu Jul 18 13:35:44 UTC 2019
558 ms. Memory: 48128K Free: 31117K (65%)
ptolemy.util.test.WatchDog.cancel(): canceling Thu Jul 18 13:35:45 UTC 2019
------------------ testing $PTII/ptolemy/domains/de/test/auto/TimeDelayZeroDelay.xml
auto.tcl: Setting watchdog for 200 seconds at Thu Jul 18 13:35:45 UTC 2019
2 ms. Memory: 48128K Free: 30939K (64%)
ptolemy.util.test.WatchDog.cancel(): canceling Thu Jul 18 13:35:45 UTC 2019
auto.tcl: Setting watchdog for 200 seconds at Thu Jul 18 13:35:45 UTC 2019
2 ms. Memory: 48128K Free: 30055K (62%)
ptolemy.util.test.WatchDog.cancel(): canceling Thu Jul 18 13:35:45 UTC 2019
------------------ testing $PTII/ptolemy/domains/de/test/auto/TimerZeroDelay.xml
auto.tcl: Setting watchdog for 200 seconds at Thu Jul 18 13:35:45 UTC 2019
3 ms. Memory: 48128K Free: 30486K (63%)
ptolemy.util.test.WatchDog.cancel(): canceling Thu Jul 18 13:35:45 UTC 2019
auto.tcl: Setting watchdog for 200 seconds at Thu Jul 18 13:35:45 UTC 2019
2 ms. Memory: 48128K Free: 29652K (62%)
ptolemy.util.test.WatchDog.cancel(): canceling Thu Jul 18 13:35:45 UTC 2019
------------------ testing $PTII/ptolemy/domains/de/test/auto/TimingParadox.xml
auto.tcl: Setting watchdog for 200 seconds at Thu Jul 18 13:35:45 UTC 2019
388 ms. Memory: 48128K Free: 15144K (31%)
ptolemy.util.test.WatchDog.cancel(): canceling Thu Jul 18 13:35:46 UTC 2019
auto.tcl: Setting watchdog for 200 seconds at Thu Jul 18 13:35:46 UTC 2019
365 ms. Memory: 48128K Free: 28257K (59%)
ptolemy.util.test.WatchDog.cancel(): canceling Thu Jul 18 13:35:46 UTC 2019
------------------ testing $PTII/ptolemy/domains/de/test/auto/TransferInputs.xml
auto.tcl: Setting watchdog for 200 seconds at Thu Jul 18 13:35:46 UTC 2019
2 ms. Memory: 48128K Free: 28938K (60%)
ptolemy.util.test.WatchDog.cancel(): canceling Thu Jul 18 13:35:46 UTC 2019
auto.tcl: Setting watchdog for 200 seconds at Thu Jul 18 13:35:46 UTC 2019
2 ms. Memory: 48128K Free: 28075K (58%)
ptolemy.util.test.WatchDog.cancel(): canceling Thu Jul 18 13:35:46 UTC 2019
------------------ testing $PTII/ptolemy/domains/de/test/auto/TransferOutputs2.xml
auto.tcl: Setting watchdog for 200 seconds at Thu Jul 18 13:35:46 UTC 2019
3 ms. Memory: 48128K Free: 26396K (55%)
ptolemy.util.test.WatchDog.cancel(): canceling Thu Jul 18 13:35:46 UTC 2019
auto.tcl: Setting watchdog for 200 seconds at Thu Jul 18 13:35:46 UTC 2019
3 ms. Memory: 48128K Free: 24999K (52%)
ptolemy.util.test.WatchDog.cancel(): canceling Thu Jul 18 13:35:46 UTC 2019
------------------ testing $PTII/ptolemy/domains/de/test/auto/Trilateration.xml
auto.tcl: Setting watchdog for 200 seconds at Thu Jul 18 13:35:46 UTC 2019
14685 ms. Memory: 540672K Free: 352151K (65%)
ptolemy.util.test.WatchDog.cancel(): canceling Thu Jul 18 13:36:02 UTC 2019
auto.tcl: Setting watchdog for 200 seconds at Thu Jul 18 13:36:02 UTC 2019
11063 ms. Memory: 540672K Free: 252116K (47%)
ptolemy.util.test.WatchDog.cancel(): canceling Thu Jul 18 13:36:13 UTC 2019
------------------ testing $PTII/ptolemy/domains/de/test/auto/TwoSigmaDelta.xml
auto.tcl: Setting watchdog for 200 seconds at Thu Jul 18 13:36:13 UTC 2019
2695 ms. Memory: 86016K Free: 18878K (22%)
ptolemy.util.test.WatchDog.cancel(): canceling Thu Jul 18 13:36:16 UTC 2019
auto.tcl: Setting watchdog for 200 seconds at Thu Jul 18 13:36:16 UTC 2019
2099 ms. Memory: 86016K Free: 55768K (65%)
ptolemy.util.test.WatchDog.cancel(): canceling Thu Jul 18 13:36:18 UTC 2019
------------------ testing $PTII/ptolemy/domains/de/test/auto/VariableDelay.xml
auto.tcl: Setting watchdog for 200 seconds at Thu Jul 18 13:36:18 UTC 2019
2 ms. Memory: 51200K Free: 32500K (63%)
ptolemy.util.test.WatchDog.cancel(): canceling Thu Jul 18 13:36:18 UTC 2019
auto.tcl: Setting watchdog for 200 seconds at Thu Jul 18 13:36:18 UTC 2019
2 ms. Memory: 51200K Free: 31506K (62%)
ptolemy.util.test.WatchDog.cancel(): canceling Thu Jul 18 13:36:18 UTC 2019
------------------ testing $PTII/ptolemy/domains/de/test/auto/VariableDelay2.xml
auto.tcl: Setting watchdog for 200 seconds at Thu Jul 18 13:36:18 UTC 2019
2 ms. Memory: 51200K Free: 32440K (63%)
ptolemy.util.test.WatchDog.cancel(): canceling Thu Jul 18 13:36:18 UTC 2019
auto.tcl: Setting watchdog for 200 seconds at Thu Jul 18 13:36:18 UTC 2019
2 ms. Memory: 51200K Free: 31942K (62%)
ptolemy.util.test.WatchDog.cancel(): canceling Thu Jul 18 13:36:18 UTC 2019
------------------ testing $PTII/ptolemy/domains/de/test/auto/VariableDelayZeroDelay.xml
auto.tcl: Setting watchdog for 200 seconds at Thu Jul 18 13:36:18 UTC 2019
2 ms. Memory: 51200K Free: 32966K (64%)
ptolemy.util.test.WatchDog.cancel(): canceling Thu Jul 18 13:36:18 UTC 2019
auto.tcl: Setting watchdog for 200 seconds at Thu Jul 18 13:36:18 UTC 2019
2 ms. Memory: 51200K Free: 32422K (63%)
ptolemy.util.test.WatchDog.cancel(): canceling Thu Jul 18 13:36:18 UTC 2019
------------------ testing $PTII/ptolemy/domains/de/test/auto/VariableDelayZeroDelay2.xml
auto.tcl: Setting watchdog for 200 seconds at Thu Jul 18 13:36:18 UTC 2019
1 ms. Memory: 51200K Free: 32965K (64%)
ptolemy.util.test.WatchDog.cancel(): canceling Thu Jul 18 13:36:18 UTC 2019
auto.tcl: Setting watchdog for 200 seconds at Thu Jul 18 13:36:18 UTC 2019
2 ms. Memory: 51200K Free: 31941K (62%)
ptolemy.util.test.WatchDog.cancel(): canceling Thu Jul 18 13:36:18 UTC 2019
------------------ testing $PTII/ptolemy/domains/de/test/auto/deInCt.xml
auto.tcl: Setting watchdog for 200 seconds at Thu Jul 18 13:36:18 UTC 2019
0
1
1
1
0
0
0
1
1
1
0
0
0
0
1
1
1
0
0
0
1
1
1
0
0
0
0
1
1
1
0
0
0
1
1
1
0
0
0
1
1
1
0
0
0
0
0
0
10 ms. Memory: 51200K Free: 31938K (62%)
ptolemy.util.test.WatchDog.cancel(): canceling Thu Jul 18 13:36:18 UTC 2019
auto.tcl: Setting watchdog for 200 seconds at Thu Jul 18 13:36:18 UTC 2019
0
1
1
1
1
0
0
0
1
1
1
1
1
0
0
0
1
1
1
1
0
0
0
1
1
1
1
0
0
0
0
1
1
1
0
0
0
1
1
0
0
0
0
5 ms. Memory: 51200K Free: 30400K (59%)
ptolemy.util.test.WatchDog.cancel(): canceling Thu Jul 18 13:36:18 UTC 2019
------------------ testing $PTII/ptolemy/domains/de/test/auto/deInCt2.xml
auto.tcl: Setting watchdog for 200 seconds at Thu Jul 18 13:36:19 UTC 2019
0
1
1
1
0
0
1
1
1
0
0
1
1
1
0
0
1
1
1
0
0
1
1
1
0
0
1
1
1
0
0
1
1
1
0
0
1
1
1
0
0
0
7 ms. Memory: 51200K Free: 31941K (62%)
ptolemy.util.test.WatchDog.cancel(): canceling Thu Jul 18 13:36:19 UTC 2019
auto.tcl: Setting watchdog for 200 seconds at Thu Jul 18 13:36:19 UTC 2019
0
1
1
1
0
0
1
1
1
0
0
1
1
1
0
0
1
1
1
0
0
1
1
1
0
0
1
1
1
0
0
1
1
1
0
0
1
1
1
0
0
0
5 ms. Memory: 51200K Free: 30389K (59%)
ptolemy.util.test.WatchDog.cancel(): canceling Thu Jul 18 13:36:19 UTC 2019
------------------ testing $PTII/ptolemy/domains/de/test/auto/dynamicCausalityInterface1.xml
auto.tcl: Setting watchdog for 200 seconds at Thu Jul 18 13:36:19 UTC 2019
5 ms. Memory: 51200K Free: 27839K (54%)
ptolemy.util.test.WatchDog.cancel(): canceling Thu Jul 18 13:36:19 UTC 2019
auto.tcl: Setting watchdog for 200 seconds at Thu Jul 18 13:36:19 UTC 2019
1 ms. Memory: 51200K Free: 27325K (53%)
ptolemy.util.test.WatchDog.cancel(): canceling Thu Jul 18 13:36:19 UTC 2019
------------------ testing $PTII/ptolemy/domains/de/test/auto/fsm_de_test.xml
auto.tcl: Setting watchdog for 200 seconds at Thu Jul 18 13:36:19 UTC 2019
10 ms. Memory: 51200K Free: 27738K (54%)
ptolemy.util.test.WatchDog.cancel(): canceling Thu Jul 18 13:36:19 UTC 2019
auto.tcl: Setting watchdog for 200 seconds at Thu Jul 18 13:36:19 UTC 2019
6 ms. Memory: 51200K Free: 25690K (50%)
ptolemy.util.test.WatchDog.cancel(): canceling Thu Jul 18 13:36:19 UTC 2019
------------------ testing $PTII/ptolemy/domains/de/test/auto/functionDependencyReconstruction.xml
auto.tcl: Setting watchdog for 200 seconds at Thu Jul 18 13:36:19 UTC 2019
3 ms. Memory: 51200K Free: 21583K (42%)
ptolemy.util.test.WatchDog.cancel(): canceling Thu Jul 18 13:36:19 UTC 2019
auto.tcl: Setting watchdog for 200 seconds at Thu Jul 18 13:36:19 UTC 2019
3 ms. Memory: 51200K Free: 19535K (38%)
ptolemy.util.test.WatchDog.cancel(): canceling Thu Jul 18 13:36:19 UTC 2019
------------------ testing $PTII/ptolemy/domains/de/test/auto/multirate.xml
auto.tcl: Setting watchdog for 200 seconds at Thu Jul 18 13:36:19 UTC 2019
3 ms. Memory: 51200K Free: 30154K (59%)
ptolemy.util.test.WatchDog.cancel(): canceling Thu Jul 18 13:36:19 UTC 2019
auto.tcl: Setting watchdog for 200 seconds at Thu Jul 18 13:36:19 UTC 2019
2 ms. Memory: 51200K Free: 28634K (56%)
ptolemy.util.test.WatchDog.cancel(): canceling Thu Jul 18 13:36:19 UTC 2019
------------------ testing $PTII/ptolemy/domains/de/test/auto/multirate2.xml
auto.tcl: Setting watchdog for 200 seconds at Thu Jul 18 13:36:19 UTC 2019
3 ms. Memory: 51200K Free: 30335K (59%)
ptolemy.util.test.WatchDog.cancel(): canceling Thu Jul 18 13:36:19 UTC 2019
auto.tcl: Setting watchdog for 200 seconds at Thu Jul 18 13:36:19 UTC 2019
3 ms. Memory: 51200K Free: 28815K (56%)
ptolemy.util.test.WatchDog.cancel(): canceling Thu Jul 18 13:36:19 UTC 2019
------------------ testing $PTII/ptolemy/domains/de/test/auto/realtime.xml
auto.tcl: Setting watchdog for 200 seconds at Thu Jul 18 13:36:19 UTC 2019
10001 ms. Memory: 48128K Free: 29529K (61%)
ptolemy.util.test.WatchDog.cancel(): canceling Thu Jul 18 13:36:29 UTC 2019
auto.tcl: Setting watchdog for 200 seconds at Thu Jul 18 13:36:29 UTC 2019
10002 ms. Memory: 48128K Free: 28813K (60%)
ptolemy.util.test.WatchDog.cancel(): canceling Thu Jul 18 13:36:39 UTC 2019
------------------ testing $PTII/ptolemy/domains/de/test/auto/relationGroup.xml
auto.tcl: Setting watchdog for 200 seconds at Thu Jul 18 13:36:39 UTC 2019
1 ms. Memory: 48128K Free: 30604K (64%)
ptolemy.util.test.WatchDog.cancel(): canceling Thu Jul 18 13:36:39 UTC 2019
auto.tcl: Setting watchdog for 200 seconds at Thu Jul 18 13:36:39 UTC 2019
1 ms. Memory: 48128K Free: 29894K (62%)
ptolemy.util.test.WatchDog.cancel(): canceling Thu Jul 18 13:36:39 UTC 2019
------------------ testing $PTII/ptolemy/domains/de/test/auto/relationGroup2.xml
auto.tcl: Setting watchdog for 200 seconds at Thu Jul 18 13:36:39 UTC 2019
1 ms. Memory: 48128K Free: 30424K (63%)
ptolemy.util.test.WatchDog.cancel(): canceling Thu Jul 18 13:36:39 UTC 2019
auto.tcl: Setting watchdog for 200 seconds at Thu Jul 18 13:36:39 UTC 2019
1 ms. Memory: 48128K Free: 29920K (62%)
ptolemy.util.test.WatchDog.cancel(): canceling Thu Jul 18 13:36:39 UTC 2019
------------------ testing $PTII/ptolemy/domains/de/test/auto/sortWithOpaquePorts.xml
auto.tcl: Setting watchdog for 200 seconds at Thu Jul 18 13:36:39 UTC 2019
1 ms. Memory: 48128K Free: 29393K (61%)
ptolemy.util.test.WatchDog.cancel(): canceling Thu Jul 18 13:36:39 UTC 2019
auto.tcl: Setting watchdog for 200 seconds at Thu Jul 18 13:36:39 UTC 2019
2 ms. Memory: 48128K Free: 28412K (59%)
ptolemy.util.test.WatchDog.cancel(): canceling Thu Jul 18 13:36:39 UTC 2019
------------------ testing $PTII/ptolemy/domains/de/test/auto/transferInputsandOutputs.xml
auto.tcl: Setting watchdog for 200 seconds at Thu Jul 18 13:36:39 UTC 2019
2 ms. Memory: 48128K Free: 26836K (56%)
ptolemy.util.test.WatchDog.cancel(): canceling Thu Jul 18 13:36:39 UTC 2019
auto.tcl: Setting watchdog for 200 seconds at Thu Jul 18 13:36:39 UTC 2019
1 ms. Memory: 48128K Free: 25881K (54%)
ptolemy.util.test.WatchDog.cancel(): canceling Thu Jul 18 13:36:39 UTC 2019
------------------ testing $PTII/ptolemy/domains/de/test/auto/triggerType.xml
auto.tcl: Setting watchdog for 200 seconds at Thu Jul 18 13:36:39 UTC 2019
1 ms. Memory: 48128K Free: 29862K (62%)
ptolemy.util.test.WatchDog.cancel(): canceling Thu Jul 18 13:36:39 UTC 2019
auto.tcl: Setting watchdog for 200 seconds at Thu Jul 18 13:36:39 UTC 2019
1 ms. Memory: 48128K Free: 28906K (60%)
ptolemy.util.test.WatchDog.cancel(): canceling Thu Jul 18 13:36:39 UTC 2019
07/18/19 01:36:39
Failed: 0  Total Tests: 192  ((Passed: 187, Newly Passed: 1)  Known Failed: 5) /home/travis/build/icyphy/ptII/ptolemy/domains/de/test
07/18/19 01:36:39
Failed: 0  Total Tests: 192  ((Passed: 187, Newly Passed: 1)  Known Failed: 5) /home/travis/build/icyphy/ptII/ptolemy/domains/de/test
----------------- testing (KnownFailure) /home/travis/build/icyphy/ptII/ptolemy/domains/de/test/auto/knownFailedTests/DESDFClockTest.xml
2009 ms. Memory: 48128K Free: 23257K (48%)
Known Failure: java.lang.reflect.InvocationTargetException
----------------- testing (KnownFailure) /home/travis/build/icyphy/ptII/ptolemy/domains/de/test/auto/knownFailedTests/DirectFeedback.xml
1 ms. Memory: 48128K Free: 19675K (41%)
Known Failure: java.lang.reflect.InvocationTargetException
----------------- testing (KnownFailure) /home/travis/build/icyphy/ptII/ptolemy/domains/de/test/auto/knownFailedTests/FSMSource.xml
8 ms. Memory: 48128K Free: 11963K (25%)
----------------- testing (KnownFailure) /home/travis/build/icyphy/ptII/ptolemy/domains/de/test/auto/knownFailedTests/HierarchicalModel.xml
2 ms. Memory: 48128K Free: 21754K (45%)
Known Failure: java.lang.reflect.InvocationTargetException
----------------- testing (KnownFailure) /home/travis/build/icyphy/ptII/ptolemy/domains/de/test/auto/knownFailedTests/dependencyLoop.xml
6 ms. Memory: 48128K Free: 31601K (66%)
Known Failure: java.lang.reflect.InvocationTargetException
----------------- testing (KnownFailure) /home/travis/build/icyphy/ptII/ptolemy/domains/de/test/auto/knownFailedTests/dependencyLoop2.xml
7 ms. Memory: 48128K Free: 15983K (33%)
Known Failure: java.lang.reflect.InvocationTargetException
No auto/linux-amd64/*.xml tests in /home/travis/build/icyphy/ptII/ptolemy/domains/de/test
AutoTests.java: About to close Vertx.
AutoTests.java: Vertx closed.

===========================================================================================
----------------- testing Thu Jul 18 13:36:42 UTC 2019 /home/travis/build/icyphy/ptII/ptolemy/domains/de/test/auto/ActorDepthCalculation_actorWithoutPorts.xml
----------------- Instantiating /home/travis/build/icyphy/ptII/ptolemy/domains/de/test/auto/ActorDepthCalculation_actorWithoutPorts.xml
2 ms. Memory: 48128K Free: 9480K (20%)
----------------- Invoking toplevel() on ptolemy.moml.MoMLSimpleApplication@7378ea47
----------------- Done invoking toplevel() on ptolemy.moml.MoMLSimpleApplication@7378ea47
reloadAllAccessors: .ActorDepthCalculation_actorWithoutPorts

===========================================================================================
----------------- testing Thu Jul 18 13:36:42 UTC 2019 /home/travis/build/icyphy/ptII/ptolemy/domains/de/test/auto/AssemblyLine.xml
----------------- Instantiating /home/travis/build/icyphy/ptII/ptolemy/domains/de/test/auto/AssemblyLine.xml
2 ms. Memory: 48128K Free: 27969K (58%)
----------------- Invoking toplevel() on ptolemy.moml.MoMLSimpleApplication@4107fd67
----------------- Done invoking toplevel() on ptolemy.moml.MoMLSimpleApplication@4107fd67
reloadAllAccessors: .AssemblyLine

===========================================================================================
----------------- testing Thu Jul 18 13:36:42 UTC 2019 /home/travis/build/icyphy/ptII/ptolemy/domains/de/test/auto/CQBug1.xml
----------------- Instantiating /home/travis/build/icyphy/ptII/ptolemy/domains/de/test/auto/CQBug1.xml
0 ms. Memory: 48128K Free: 25201K (52%)
----------------- Invoking toplevel() on ptolemy.moml.MoMLSimpleApplication@4829b29d
----------------- Done invoking toplevel() on ptolemy.moml.MoMLSimpleApplication@4829b29d
reloadAllAccessors: .CQBug1

===========================================================================================
----------------- testing Thu Jul 18 13:36:42 UTC 2019 /home/travis/build/icyphy/ptII/ptolemy/domains/de/test/auto/CancelFireAt.xml
----------------- Instantiating /home/travis/build/icyphy/ptII/ptolemy/domains/de/test/auto/CancelFireAt.xml
9 ms. Memory: 48128K Free: 22409K (47%)
----------------- Invoking toplevel() on ptolemy.moml.MoMLSimpleApplication@4ae22fe5
----------------- Done invoking toplevel() on ptolemy.moml.MoMLSimpleApplication@4ae22fe5
reloadAllAccessors: .CancelFireAt

===========================================================================================
----------------- testing Thu Jul 18 13:36:42 UTC 2019 /home/travis/build/icyphy/ptII/ptolemy/domains/de/test/auto/CausalityAndComposabilityAnalysis.xml
----------------- Instantiating /home/travis/build/icyphy/ptII/ptolemy/domains/de/test/auto/CausalityAndComposabilityAnalysis.xml
2 ms. Memory: 48128K Free: 18041K (37%)
----------------- Invoking toplevel() on ptolemy.moml.MoMLSimpleApplication@324afe40
----------------- Done invoking toplevel() on ptolemy.moml.MoMLSimpleApplication@324afe40
reloadAllAccessors: .CausalityAndComposabilityAnalysis

===========================================================================================
----------------- testing Thu Jul 18 13:36:42 UTC 2019 /home/travis/build/icyphy/ptII/ptolemy/domains/de/test/auto/CausalityInterface1.xml
----------------- Instantiating /home/travis/build/icyphy/ptII/ptolemy/domains/de/test/auto/CausalityInterface1.xml
4 ms. Memory: 48128K Free: 12935K (27%)
----------------- Invoking toplevel() on ptolemy.moml.MoMLSimpleApplication@370b5aee
----------------- Done invoking toplevel() on ptolemy.moml.MoMLSimpleApplication@370b5aee
reloadAllAccessors: .CausalityInterface1

===========================================================================================
----------------- testing Thu Jul 18 13:36:42 UTC 2019 /home/travis/build/icyphy/ptII/ptolemy/domains/de/test/auto/CausalityInterface15.xml
----------------- Instantiating /home/travis/build/icyphy/ptII/ptolemy/domains/de/test/auto/CausalityInterface15.xml
6 ms. Memory: 48128K Free: 33312K (69%)
----------------- Invoking toplevel() on ptolemy.moml.MoMLSimpleApplication@13e927b
----------------- Done invoking toplevel() on ptolemy.moml.MoMLSimpleApplication@13e927b
reloadAllAccessors: .CausalityInterface15

===========================================================================================
----------------- testing Thu Jul 18 13:36:42 UTC 2019 /home/travis/build/icyphy/ptII/ptolemy/domains/de/test/auto/CausalityInterface2.xml
----------------- Instantiating /home/travis/build/icyphy/ptII/ptolemy/domains/de/test/auto/CausalityInterface2.xml
1 ms. Memory: 48128K Free: 28477K (59%)
[...]
	at ptolemy.actor.Manager.run(Manager.java:1263)
	at ptolemy.actor.Manager$PtolemyRunThread.run(Manager.java:1933)
java.lang.RuntimeException: Execution failed
	at ptolemy.moml.MoMLSimpleApplication$UnloadThread.run(MoMLSimpleApplication.java:402)
Caused by: ptolemy.kernel.util.IllegalActionException: Actor is not ready to fire.  Perhaps UpSample.prefire() returned false? Try debugging the actor by selecting "Listen to Actor".  Also, for SDF check moml for tokenConsumptionRate on input.
  in .DESDFClockTest.Play Bell.Copy1:SDF Director and .DESDFClockTest.Play Bell.UpSample
	at ptolemy.actor.sched.StaticSchedulingDirector.fire(StaticSchedulingDirector.java:227)
	at ptolemy.domains.sdf.kernel.SDFDirector.fire(SDFDirector.java:500)
	at ptolemy.actor.CompositeActor.fire(CompositeActor.java:455)
	at ptolemy.domains.de.kernel.DEDirector._fire(DEDirector.java:1949)
	at ptolemy.domains.de.kernel.DEDirector.fire(DEDirector.java:502)
	at ptolemy.actor.CompositeActor.fire(CompositeActor.java:455)
	at ptolemy.actor.Manager.iterate(Manager.java:851)
	at ptolemy.actor.Manager.execute(Manager.java:369)
	at ptolemy.actor.Manager.run(Manager.java:1263)
	at ptolemy.actor.Manager$PtolemyRunThread.run(Manager.java:1933)
java.lang.reflect.InvocationTargetException
	at java.base/jdk.internal.reflect.NativeConstructorAccessorImpl.newInstance0(Native Method)
	at java.base/jdk.internal.reflect.NativeConstructorAccessorImpl.newInstance(NativeConstructorAccessorImpl.java:62)
	at java.base/jdk.internal.reflect.DelegatingConstructorAccessorImpl.newInstance(DelegatingConstructorAccessorImpl.java:45)
	at java.base/java.lang.reflect.Constructor.newInstance(Constructor.java:490)
	at ptolemy.util.test.junit.AutoKnownFailedTests.RunModel(AutoKnownFailedTests.java:105)
	at java.base/jdk.internal.reflect.NativeMethodAccessorImpl.invoke0(Native Method)
	at java.base/jdk.internal.reflect.NativeMethodAccessorImpl.invoke(NativeMethodAccessorImpl.java:62)
	at java.base/jdk.internal.reflect.DelegatingMethodAccessorImpl.invoke(DelegatingMethodAccessorImpl.java:43)
	at java.base/java.lang.reflect.Method.invoke(Method.java:566)
	at org.junit.runners.model.FrameworkMethod$1.runReflectiveCall(FrameworkMethod.java:44)
	at org.junit.internal.runners.model.ReflectiveCallable.run(ReflectiveCallable.java:15)
	at org.junit.runners.model.FrameworkMethod.invokeExplosively(FrameworkMethod.java:41)
	at junitparams.internal.InvokeParameterisedMethod.evaluate(InvokeParameterisedMethod.java:102)
	at org.junit.internal.runners.statements.FailOnTimeout$1.run(FailOnTimeout.java:28)
Caused by: ptolemy.kernel.util.IllegalActionException: Actor is not ready to fire.  Perhaps UpSample.prefire() returned false? Try debugging the actor by selecting "Listen to Actor".  Also, for SDF check moml for tokenConsumptionRate on input.
  in .DESDFClockTest.Play Bell.Copy1:SDF Director and .DESDFClockTest.Play Bell.UpSample
	at ptolemy.actor.sched.StaticSchedulingDirector.fire(StaticSchedulingDirector.java:227)
	at ptolemy.domains.sdf.kernel.SDFDirector.fire(SDFDirector.java:500)
	at ptolemy.actor.CompositeActor.fire(CompositeActor.java:455)
	at ptolemy.domains.de.kernel.DEDirector._fire(DEDirector.java:1949)
	at ptolemy.domains.de.kernel.DEDirector.fire(DEDirector.java:502)
	at ptolemy.actor.CompositeActor.fire(CompositeActor.java:455)
	at ptolemy.actor.Manager.iterate(Manager.java:851)
	at ptolemy.actor.Manager.execute(Manager.java:369)
	at ptolemy.actor.Manager.run(Manager.java:1263)
	at ptolemy.actor.Manager$PtolemyRunThread.run(Manager.java:1933)
java.lang.RuntimeException: Execution failed
	at ptolemy.moml.MoMLSimpleApplication$UnloadThread.run(MoMLSimpleApplication.java:402)
Caused by: ptolemy.kernel.util.IllegalActionException: Test fails in iteration 1.
Value was: 1.0. Should have been: 2.0
  in .DirectFeedback.Test
	at ptolemy.actor.lib.Test.fire(Test.java:268)
	at ptolemy.domains.de.kernel.DEDirector._fire(DEDirector.java:1949)
	at ptolemy.domains.de.kernel.DEDirector.fire(DEDirector.java:502)
	at ptolemy.actor.CompositeActor.fire(CompositeActor.java:455)
	at ptolemy.actor.Manager.iterate(Manager.java:851)
	at ptolemy.actor.Manager.execute(Manager.java:369)
	at ptolemy.actor.Manager.run(Manager.java:1263)
	at ptolemy.actor.Manager$PtolemyRunThread.run(Manager.java:1933)
java.lang.reflect.InvocationTargetException
	at java.base/jdk.internal.reflect.NativeConstructorAccessorImpl.newInstance0(Native Method)
	at java.base/jdk.internal.reflect.NativeConstructorAccessorImpl.newInstance(NativeConstructorAccessorImpl.java:62)
	at java.base/jdk.internal.reflect.DelegatingConstructorAccessorImpl.newInstance(DelegatingConstructorAccessorImpl.java:45)
	at java.base/java.lang.reflect.Constructor.newInstance(Constructor.java:490)
	at ptolemy.util.test.junit.AutoKnownFailedTests.RunModel(AutoKnownFailedTests.java:105)
	at java.base/jdk.internal.reflect.NativeMethodAccessorImpl.invoke0(Native Method)
	at java.base/jdk.internal.reflect.NativeMethodAccessorImpl.invoke(NativeMethodAccessorImpl.java:62)
	at java.base/jdk.internal.reflect.DelegatingMethodAccessorImpl.invoke(DelegatingMethodAccessorImpl.java:43)
	at java.base/java.lang.reflect.Method.invoke(Method.java:566)
	at org.junit.runners.model.FrameworkMethod$1.runReflectiveCall(FrameworkMethod.java:44)
	at org.junit.internal.runners.model.ReflectiveCallable.run(ReflectiveCallable.java:15)
	at org.junit.runners.model.FrameworkMethod.invokeExplosively(FrameworkMethod.java:41)
	at junitparams.internal.InvokeParameterisedMethod.evaluate(InvokeParameterisedMethod.java:102)
	at org.junit.internal.runners.statements.FailOnTimeout$1.run(FailOnTimeout.java:28)
Caused by: ptolemy.kernel.util.IllegalActionException: Test fails in iteration 1.
Value was: 1.0. Should have been: 2.0
  in .DirectFeedback.Test
	at ptolemy.actor.lib.Test.fire(Test.java:268)
	at ptolemy.domains.de.kernel.DEDirector._fire(DEDirector.java:1949)
	at ptolemy.domains.de.kernel.DEDirector.fire(DEDirector.java:502)
	at ptolemy.actor.CompositeActor.fire(CompositeActor.java:455)
	at ptolemy.actor.Manager.iterate(Manager.java:851)
	at ptolemy.actor.Manager.execute(Manager.java:369)
	at ptolemy.actor.Manager.run(Manager.java:1263)
	at ptolemy.actor.Manager$PtolemyRunThread.run(Manager.java:1933)
java.lang.RuntimeException: Execution failed
	at ptolemy.moml.MoMLSimpleApplication$UnloadThread.run(MoMLSimpleApplication.java:402)
Caused by: ptolemy.kernel.util.IllegalActionException: Found a zero delay loop containing .HierarchicalModel.A
  in .HierarchicalModel and .HierarchicalModel.A
	at ptolemy.actor.util.CausalityInterfaceForComposites._computeOutputPortDepth(CausalityInterfaceForComposites.java:759)
	at ptolemy.actor.util.CausalityInterfaceForComposites._computeInputDepth(CausalityInterfaceForComposites.java:696)
	at ptolemy.actor.util.CausalityInterfaceForComposites._computeOutputPortDepth(CausalityInterfaceForComposites.java:765)
	at ptolemy.actor.util.CausalityInterfaceForComposites._computeInputDepth(CausalityInterfaceForComposites.java:696)
	at ptolemy.actor.util.CausalityInterfaceForComposites._computeOutputPortDepth(CausalityInterfaceForComposites.java:765)
	at ptolemy.actor.util.CausalityInterfaceForComposites._computeInputDepth(CausalityInterfaceForComposites.java:696)
	at ptolemy.actor.util.CausalityInterfaceForComposites._computeActorDepth(CausalityInterfaceForComposites.java:532)
	at ptolemy.actor.util.CausalityInterfaceForComposites.checkForCycles(CausalityInterfaceForComposites.java:96)
	at ptolemy.domains.de.kernel.DEDirector.preinitialize(DEDirector.java:1338)
	at ptolemy.actor.CompositeActor.preinitialize(CompositeActor.java:1828)
	at ptolemy.actor.Manager.preinitializeAndResolveTypes(Manager.java:1040)
	at ptolemy.actor.Manager.initialize(Manager.java:710)
	at ptolemy.actor.Manager.execute(Manager.java:356)
	at ptolemy.actor.Manager.run(Manager.java:1263)
	at ptolemy.actor.Manager$PtolemyRunThread.run(Manager.java:1933)
java.lang.reflect.InvocationTargetException
	at java.base/jdk.internal.reflect.NativeConstructorAccessorImpl.newInstance0(Native Method)
	at java.base/jdk.internal.reflect.NativeConstructorAccessorImpl.newInstance(NativeConstructorAccessorImpl.java:62)
	at java.base/jdk.internal.reflect.DelegatingConstructorAccessorImpl.newInstance(DelegatingConstructorAccessorImpl.java:45)
	at java.base/java.lang.reflect.Constructor.newInstance(Constructor.java:490)
	at ptolemy.util.test.junit.AutoKnownFailedTests.RunModel(AutoKnownFailedTests.java:105)
	at java.base/jdk.internal.reflect.NativeMethodAccessorImpl.invoke0(Native Method)
	at java.base/jdk.internal.reflect.NativeMethodAccessorImpl.invoke(NativeMethodAccessorImpl.java:62)
	at java.base/jdk.internal.reflect.DelegatingMethodAccessorImpl.invoke(DelegatingMethodAccessorImpl.java:43)
	at java.base/java.lang.reflect.Method.invoke(Method.java:566)
	at org.junit.runners.model.FrameworkMethod$1.runReflectiveCall(FrameworkMethod.java:44)
	at org.junit.internal.runners.model.ReflectiveCallable.run(ReflectiveCallable.java:15)
	at org.junit.runners.model.FrameworkMethod.invokeExplosively(FrameworkMethod.java:41)
	at junitparams.internal.InvokeParameterisedMethod.evaluate(InvokeParameterisedMethod.java:102)
	at org.junit.internal.runners.statements.FailOnTimeout$1.run(FailOnTimeout.java:28)
Caused by: ptolemy.kernel.util.IllegalActionException: Found a zero delay loop containing .HierarchicalModel.A
  in .HierarchicalModel and .HierarchicalModel.A
	at ptolemy.actor.util.CausalityInterfaceForComposites._computeOutputPortDepth(CausalityInterfaceForComposites.java:759)
	at ptolemy.actor.util.CausalityInterfaceForComposites._computeInputDepth(CausalityInterfaceForComposites.java:696)
	at ptolemy.actor.util.CausalityInterfaceForComposites._computeOutputPortDepth(CausalityInterfaceForComposites.java:765)
	at ptolemy.actor.util.CausalityInterfaceForComposites._computeInputDepth(CausalityInterfaceForComposites.java:696)
	at ptolemy.actor.util.CausalityInterfaceForComposites._computeOutputPortDepth(CausalityInterfaceForComposites.java:765)
	at ptolemy.actor.util.CausalityInterfaceForComposites._computeInputDepth(CausalityInterfaceForComposites.java:696)
	at ptolemy.actor.util.CausalityInterfaceForComposites._computeActorDepth(CausalityInterfaceForComposites.java:532)
	at ptolemy.actor.util.CausalityInterfaceForComposites.checkForCycles(CausalityInterfaceForComposites.java:96)
	at ptolemy.domains.de.kernel.DEDirector.preinitialize(DEDirector.java:1338)
	at ptolemy.actor.CompositeActor.preinitialize(CompositeActor.java:1828)
	at ptolemy.actor.Manager.preinitializeAndResolveTypes(Manager.java:1040)
	at ptolemy.actor.Manager.initialize(Manager.java:710)
	at ptolemy.actor.Manager.execute(Manager.java:356)
	at ptolemy.actor.Manager.run(Manager.java:1263)
	at ptolemy.actor.Manager$PtolemyRunThread.run(Manager.java:1933)
java.lang.RuntimeException: Execution failed
	at ptolemy.moml.MoMLSimpleApplication$UnloadThread.run(MoMLSimpleApplication.java:402)
Caused by: ptolemy.kernel.util.IllegalActionException: Found a zero delay loop containing .dependencyLoop.original
  in .dependencyLoop and .dependencyLoop.original
	at ptolemy.actor.util.CausalityInterfaceForComposites._computeOutputPortDepth(CausalityInterfaceForComposites.java:759)
	at ptolemy.actor.util.CausalityInterfaceForComposites._computeInputDepth(CausalityInterfaceForComposites.java:696)
	at ptolemy.actor.util.CausalityInterfaceForComposites._computeOutputPortDepth(CausalityInterfaceForComposites.java:765)
	at ptolemy.actor.util.CausalityInterfaceForComposites._computeInputDepth(CausalityInterfaceForComposites.java:696)
	at ptolemy.actor.util.CausalityInterfaceForComposites._computeOutputPortDepth(CausalityInterfaceForComposites.java:765)
	at ptolemy.actor.util.CausalityInterfaceForComposites._computeInputDepth(CausalityInterfaceForComposites.java:696)
	at ptolemy.actor.util.CausalityInterfaceForComposites._computeActorDepth(CausalityInterfaceForComposites.java:532)
	at ptolemy.actor.util.CausalityInterfaceForComposites.checkForCycles(CausalityInterfaceForComposites.java:96)
	at ptolemy.domains.de.kernel.DEDirector.preinitialize(DEDirector.java:1338)
	at ptolemy.actor.CompositeActor.preinitialize(CompositeActor.java:1828)
	at ptolemy.actor.Manager.preinitializeAndResolveTypes(Manager.java:1040)
	at ptolemy.actor.Manager.initialize(Manager.java:710)
	at ptolemy.actor.Manager.execute(Manager.java:356)
	at ptolemy.actor.Manager.run(Manager.java:1263)
	at ptolemy.actor.Manager$PtolemyRunThread.run(Manager.java:1933)
java.lang.reflect.InvocationTargetException
	at java.base/jdk.internal.reflect.NativeConstructorAccessorImpl.newInstance0(Native Method)
	at java.base/jdk.internal.reflect.NativeConstructorAccessorImpl.newInstance(NativeConstructorAccessorImpl.java:62)
	at java.base/jdk.internal.reflect.DelegatingConstructorAccessorImpl.newInstance(DelegatingConstructorAccessorImpl.java:45)
	at java.base/java.lang.reflect.Constructor.newInstance(Constructor.java:490)
	at ptolemy.util.test.junit.AutoKnownFailedTests.RunModel(AutoKnownFailedTests.java:105)
	at java.base/jdk.internal.reflect.NativeMethodAccessorImpl.invoke0(Native Method)
	at java.base/jdk.internal.reflect.NativeMethodAccessorImpl.invoke(NativeMethodAccessorImpl.java:62)
	at java.base/jdk.internal.reflect.DelegatingMethodAccessorImpl.invoke(DelegatingMethodAccessorImpl.java:43)
	at java.base/java.lang.reflect.Method.invoke(Method.java:566)
	at org.junit.runners.model.FrameworkMethod$1.runReflectiveCall(FrameworkMethod.java:44)
	at org.junit.internal.runners.model.ReflectiveCallable.run(ReflectiveCallable.java:15)
	at org.junit.runners.model.FrameworkMethod.invokeExplosively(FrameworkMethod.java:41)
	at junitparams.internal.InvokeParameterisedMethod.evaluate(InvokeParameterisedMethod.java:102)
	at org.junit.internal.runners.statements.FailOnTimeout$1.run(FailOnTimeout.java:28)
Caused by: ptolemy.kernel.util.IllegalActionException: Found a zero delay loop containing .dependencyLoop.original
  in .dependencyLoop and .dependencyLoop.original
	at ptolemy.actor.util.CausalityInterfaceForComposites._computeOutputPortDepth(CausalityInterfaceForComposites.java:759)
	at ptolemy.actor.util.CausalityInterfaceForComposites._computeInputDepth(CausalityInterfaceForComposites.java:696)
	at ptolemy.actor.util.CausalityInterfaceForComposites._computeOutputPortDepth(CausalityInterfaceForComposites.java:765)
	at ptolemy.actor.util.CausalityInterfaceForComposites._computeInputDepth(CausalityInterfaceForComposites.java:696)
	at ptolemy.actor.util.CausalityInterfaceForComposites._computeOutputPortDepth(CausalityInterfaceForComposites.java:765)
	at ptolemy.actor.util.CausalityInterfaceForComposites._computeInputDepth(CausalityInterfaceForComposites.java:696)
	at ptolemy.actor.util.CausalityInterfaceForComposites._computeActorDepth(CausalityInterfaceForComposites.java:532)
	at ptolemy.actor.util.CausalityInterfaceForComposites.checkForCycles(CausalityInterfaceForComposites.java:96)
	at ptolemy.domains.de.kernel.DEDirector.preinitialize(DEDirector.java:1338)
	at ptolemy.actor.CompositeActor.preinitialize(CompositeActor.java:1828)
	at ptolemy.actor.Manager.preinitializeAndResolveTypes(Manager.java:1040)
	at ptolemy.actor.Manager.initialize(Manager.java:710)
	at ptolemy.actor.Manager.execute(Manager.java:356)
	at ptolemy.actor.Manager.run(Manager.java:1263)
	at ptolemy.actor.Manager$PtolemyRunThread.run(Manager.java:1933)
java.lang.RuntimeException: Execution failed
	at ptolemy.moml.MoMLSimpleApplication$UnloadThread.run(MoMLSimpleApplication.java:402)
Caused by: ptolemy.kernel.util.IllegalActionException: Found a zero delay loop containing .dependencyLoop2.original
  in .dependencyLoop2 and .dependencyLoop2.original
	at ptolemy.actor.util.CausalityInterfaceForComposites._computeOutputPortDepth(CausalityInterfaceForComposites.java:759)
	at ptolemy.actor.util.CausalityInterfaceForComposites._computeInputDepth(CausalityInterfaceForComposites.java:696)
	at ptolemy.actor.util.CausalityInterfaceForComposites._computeOutputPortDepth(CausalityInterfaceForComposites.java:765)
	at ptolemy.actor.util.CausalityInterfaceForComposites._computeInputDepth(CausalityInterfaceForComposites.java:696)
	at ptolemy.actor.util.CausalityInterfaceForComposites._computeOutputPortDepth(CausalityInterfaceForComposites.java:765)
	at ptolemy.actor.util.CausalityInterfaceForComposites._computeInputDepth(CausalityInterfaceForComposites.java:696)
	at ptolemy.actor.util.CausalityInterfaceForComposites._computeActorDepth(CausalityInterfaceForComposites.java:532)
	at ptolemy.actor.util.CausalityInterfaceForComposites.checkForCycles(CausalityInterfaceForComposites.java:96)
	at ptolemy.domains.de.kernel.DEDirector.preinitialize(DEDirector.java:1338)
	at ptolemy.actor.CompositeActor.preinitialize(CompositeActor.java:1828)
	at ptolemy.actor.Manager.preinitializeAndResolveTypes(Manager.java:1040)
	at ptolemy.actor.Manager.initialize(Manager.java:710)
	at ptolemy.actor.Manager.execute(Manager.java:356)
	at ptolemy.actor.Manager.run(Manager.java:1263)
	at ptolemy.actor.Manager$PtolemyRunThread.run(Manager.java:1933)
java.lang.reflect.InvocationTargetException
	at java.base/jdk.internal.reflect.NativeConstructorAccessorImpl.newInstance0(Native Method)
	at java.base/jdk.internal.reflect.NativeConstructorAccessorImpl.newInstance(NativeConstructorAccessorImpl.java:62)
	at java.base/jdk.internal.reflect.DelegatingConstructorAccessorImpl.newInstance(DelegatingConstructorAccessorImpl.java:45)
	at java.base/java.lang.reflect.Constructor.newInstance(Constructor.java:490)
	at ptolemy.util.test.junit.AutoKnownFailedTests.RunModel(AutoKnownFailedTests.java:105)
	at java.base/jdk.internal.reflect.NativeMethodAccessorImpl.invoke0(Native Method)
	at java.base/jdk.internal.reflect.NativeMethodAccessorImpl.invoke(NativeMethodAccessorImpl.java:62)
	at java.base/jdk.internal.reflect.DelegatingMethodAccessorImpl.invoke(DelegatingMethodAccessorImpl.java:43)
	at java.base/java.lang.reflect.Method.invoke(Method.java:566)
	at org.junit.runners.model.FrameworkMethod$1.runReflectiveCall(FrameworkMethod.java:44)
	at org.junit.internal.runners.model.ReflectiveCallable.run(ReflectiveCallable.java:15)
	at org.junit.runners.model.FrameworkMethod.invokeExplosively(FrameworkMethod.java:41)
	at junitparams.internal.InvokeParameterisedMethod.evaluate(InvokeParameterisedMethod.java:102)
	at org.junit.internal.runners.statements.FailOnTimeout$1.run(FailOnTimeout.java:28)
Caused by: ptolemy.kernel.util.IllegalActionException: Found a zero delay loop containing .dependencyLoop2.original
  in .dependencyLoop2 and .dependencyLoop2.original
	at ptolemy.actor.util.CausalityInterfaceForComposites._computeOutputPortDepth(CausalityInterfaceForComposites.java:759)
	at ptolemy.actor.util.CausalityInterfaceForComposites._computeInputDepth(CausalityInterfaceForComposites.java:696)
	at ptolemy.actor.util.CausalityInterfaceForComposites._computeOutputPortDepth(CausalityInterfaceForComposites.java:765)
	at ptolemy.actor.util.CausalityInterfaceForComposites._computeInputDepth(CausalityInterfaceForComposites.java:696)
	at ptolemy.actor.util.CausalityInterfaceForComposites._computeOutputPortDepth(CausalityInterfaceForComposites.java:765)
	at ptolemy.actor.util.CausalityInterfaceForComposites._computeInputDepth(CausalityInterfaceForComposites.java:696)
	at ptolemy.actor.util.CausalityInterfaceForComposites._computeActorDepth(CausalityInterfaceForComposites.java:532)
	at ptolemy.actor.util.CausalityInterfaceForComposites.checkForCycles(CausalityInterfaceForComposites.java:96)
	at ptolemy.domains.de.kernel.DEDirector.preinitialize(DEDirector.java:1338)
	at ptolemy.actor.CompositeActor.preinitialize(CompositeActor.java:1828)
	at ptolemy.actor.Manager.preinitializeAndResolveTypes(Manager.java:1040)
	at ptolemy.actor.Manager.initialize(Manager.java:710)
	at ptolemy.actor.Manager.execute(Manager.java:356)
	at ptolemy.actor.Manager.run(Manager.java:1263)
	at ptolemy.actor.Manager$PtolemyRunThread.run(Manager.java:1933)
]]></system-err>
</testsuite>
