<?xml version="1.0" encoding="UTF-8" ?>
<testsuite errors="0" failures="0" hostname="travis-job-7162562f-45a8-47b4-b4f4-807a2fdd6666" name="ptolemy.domains.modal.test.junit.JUnitTclTest" skipped="0" tests="148" time="11.241" timestamp="2019-12-15T06:30:11">
  <properties>
[...]
</properties>
  <testcase classname="ptolemy.util.test.junit.TclTests" name="[0] /home/travis/build/icyphy/ptII/ptolemy/domains/modal/test/SystemLevelType.tcl (RunTclFile)" time="2.186" />
  <testcase classname="ptolemy.util.test.junit.AutoKnownFailedTests" name="[0] /home/travis/build/icyphy/ptII/ptolemy/domains/modal/test/auto/knownFailedTests/CannotAnalysisWithPreemption.xml (RunModel)" time="0.366" />
  <testcase classname="ptolemy.util.test.junit.AutoNameArchTests" name="[0] ThereAreNoAutoArchTests (RunModel)" time="0.005" />
  <testcase classname="ptolemy.util.test.junit.AutoTests" name="[0] /home/travis/build/icyphy/ptII/ptolemy/domains/modal/test/auto/ABPTest.xml (RunModel)" time="0.783" />
  <testcase classname="ptolemy.util.test.junit.AutoTests" name="[1] /home/travis/build/icyphy/ptII/ptolemy/domains/modal/test/auto/ABROFlat.xml (RunModel)" time="0.093" />
  <testcase classname="ptolemy.util.test.junit.AutoTests" name="[2] /home/travis/build/icyphy/ptII/ptolemy/domains/modal/test/auto/ABROFlat2.xml (RunModel)" time="0.075" />
  <testcase classname="ptolemy.util.test.junit.AutoTests" name="[3] /home/travis/build/icyphy/ptII/ptolemy/domains/modal/test/auto/ABRO_present_hmm.xml (RunModel)" time="0.16" />
  <testcase classname="ptolemy.util.test.junit.AutoTests" name="[4] /home/travis/build/icyphy/ptII/ptolemy/domains/modal/test/auto/AMICoderExample.xml (RunModel)" time="0.077" />
  <testcase classname="ptolemy.util.test.junit.AutoTests" name="[5] /home/travis/build/icyphy/ptII/ptolemy/domains/modal/test/auto/AbsentToPresent.xml (RunModel)" time="0.021" />
  <testcase classname="ptolemy.util.test.junit.AutoTests" name="[6] /home/travis/build/icyphy/ptII/ptolemy/domains/modal/test/auto/Blending.xml (RunModel)" time="0.295" />
  <testcase classname="ptolemy.util.test.junit.AutoTests" name="[7] /home/travis/build/icyphy/ptII/ptolemy/domains/modal/test/auto/Broadcast.xml (RunModel)" time="0.042" />
  <testcase classname="ptolemy.util.test.junit.AutoTests" name="[8] /home/travis/build/icyphy/ptII/ptolemy/domains/modal/test/auto/BroadcastHierarchy.xml (RunModel)" time="0.052" />
  <testcase classname="ptolemy.util.test.junit.AutoTests" name="[9] /home/travis/build/icyphy/ptII/ptolemy/domains/modal/test/auto/BroadcastHierarchy2.xml (RunModel)" time="0.142" />
  <testcase classname="ptolemy.util.test.junit.AutoTests" name="[10] /home/travis/build/icyphy/ptII/ptolemy/domains/modal/test/auto/BroadcastHierarchy3.xml (RunModel)" time="0.09" />
  <testcase classname="ptolemy.util.test.junit.AutoTests" name="[11] /home/travis/build/icyphy/ptII/ptolemy/domains/modal/test/auto/BroadcastHierarchy4.xml (RunModel)" time="0.106" />
  <testcase classname="ptolemy.util.test.junit.AutoTests" name="[12] /home/travis/build/icyphy/ptII/ptolemy/domains/modal/test/auto/CannotAnalysisWithPreemption2.xml (RunModel)" time="0.036" />
  <testcase classname="ptolemy.util.test.junit.AutoTests" name="[13] /home/travis/build/icyphy/ptII/ptolemy/domains/modal/test/auto/CannotAnalysisWithPreemption3.xml (RunModel)" time="0.052" />
  <testcase classname="ptolemy.util.test.junit.AutoTests" name="[14] /home/travis/build/icyphy/ptII/ptolemy/domains/modal/test/auto/CannotProduce.xml (RunModel)" time="0.032" />
  <testcase classname="ptolemy.util.test.junit.AutoTests" name="[15] /home/travis/build/icyphy/ptII/ptolemy/domains/modal/test/auto/CannotProduceModal.xml (RunModel)" time="0.04" />
  <testcase classname="ptolemy.util.test.junit.AutoTests" name="[16] /home/travis/build/icyphy/ptII/ptolemy/domains/modal/test/auto/Case.xml (RunModel)" time="0.07" />
  <testcase classname="ptolemy.util.test.junit.AutoTests" name="[17] /home/travis/build/icyphy/ptII/ptolemy/domains/modal/test/auto/Case1.xml (RunModel)" time="0.046" />
  <testcase classname="ptolemy.util.test.junit.AutoTests" name="[18] /home/travis/build/icyphy/ptII/ptolemy/domains/modal/test/auto/Case2.xml (RunModel)" time="0.083" />
  <testcase classname="ptolemy.util.test.junit.AutoTests" name="[19] /home/travis/build/icyphy/ptII/ptolemy/domains/modal/test/auto/CausalityInterface1.xml (RunModel)" time="0.049" />
  <testcase classname="ptolemy.util.test.junit.AutoTests" name="[20] /home/travis/build/icyphy/ptII/ptolemy/domains/modal/test/auto/CausalityInterface10.xml (RunModel)" time="0.043" />
  <testcase classname="ptolemy.util.test.junit.AutoTests" name="[21] /home/travis/build/icyphy/ptII/ptolemy/domains/modal/test/auto/CausalityInterface11.xml (RunModel)" time="0.043" />
  <testcase classname="ptolemy.util.test.junit.AutoTests" name="[22] /home/travis/build/icyphy/ptII/ptolemy/domains/modal/test/auto/CausalityInterface12.xml (RunModel)" time="0.038" />
  <testcase classname="ptolemy.util.test.junit.AutoTests" name="[23] /home/travis/build/icyphy/ptII/ptolemy/domains/modal/test/auto/CausalityInterface13.xml (RunModel)" time="0.044" />
  <testcase classname="ptolemy.util.test.junit.AutoTests" name="[24] /home/travis/build/icyphy/ptII/ptolemy/domains/modal/test/auto/CausalityInterface14.xml (RunModel)" time="0.069" />
  <testcase classname="ptolemy.util.test.junit.AutoTests" name="[25] /home/travis/build/icyphy/ptII/ptolemy/domains/modal/test/auto/CausalityInterface2.xml (RunModel)" time="0.029" />
  <testcase classname="ptolemy.util.test.junit.AutoTests" name="[26] /home/travis/build/icyphy/ptII/ptolemy/domains/modal/test/auto/CausalityInterface3.xml (RunModel)" time="0.022" />
  <testcase classname="ptolemy.util.test.junit.AutoTests" name="[27] /home/travis/build/icyphy/ptII/ptolemy/domains/modal/test/auto/CausalityInterface4.xml (RunModel)" time="0.031" />
  <testcase classname="ptolemy.util.test.junit.AutoTests" name="[28] /home/travis/build/icyphy/ptII/ptolemy/domains/modal/test/auto/CausalityInterface5.xml (RunModel)" time="0.041" />
  <testcase classname="ptolemy.util.test.junit.AutoTests" name="[29] /home/travis/build/icyphy/ptII/ptolemy/domains/modal/test/auto/CausalityInterface6.xml (RunModel)" time="0.047" />
  <testcase classname="ptolemy.util.test.junit.AutoTests" name="[30] /home/travis/build/icyphy/ptII/ptolemy/domains/modal/test/auto/CausalityInterface7.xml (RunModel)" time="0.041" />
  <testcase classname="ptolemy.util.test.junit.AutoTests" name="[31] /home/travis/build/icyphy/ptII/ptolemy/domains/modal/test/auto/CausalityInterface8.xml (RunModel)" time="0.032" />
  <testcase classname="ptolemy.util.test.junit.AutoTests" name="[32] /home/travis/build/icyphy/ptII/ptolemy/domains/modal/test/auto/CausalityInterface9.xml (RunModel)" time="0.044" />
  <testcase classname="ptolemy.util.test.junit.AutoTests" name="[33] /home/travis/build/icyphy/ptII/ptolemy/domains/modal/test/auto/ChainedTransitions.xml (RunModel)" time="0.12" />
  <testcase classname="ptolemy.util.test.junit.AutoTests" name="[34] /home/travis/build/icyphy/ptII/ptolemy/domains/modal/test/auto/CycleOfImmediateTransitionsFSM.xml (RunModel)" time="0.029" />
  <testcase classname="ptolemy.util.test.junit.AutoTests" name="[35] /home/travis/build/icyphy/ptII/ptolemy/domains/modal/test/auto/CycleOfImmediateTransitionsModal.xml (RunModel)" time="0.023" />
  <testcase classname="ptolemy.util.test.junit.AutoTests" name="[36] /home/travis/build/icyphy/ptII/ptolemy/domains/modal/test/auto/CycleOfImmediateTransitionsModal2.xml (RunModel)" time="0.035" />
  <testcase classname="ptolemy.util.test.junit.AutoTests" name="[37] /home/travis/build/icyphy/ptII/ptolemy/domains/modal/test/auto/CycleOfImmediateTransitionsModal3.xml (RunModel)" time="0.078" />
  <testcase classname="ptolemy.util.test.junit.AutoTests" name="[38] /home/travis/build/icyphy/ptII/ptolemy/domains/modal/test/auto/DeepModal1.xml (RunModel)" time="0.064" />
  <testcase classname="ptolemy.util.test.junit.AutoTests" name="[39] /home/travis/build/icyphy/ptII/ptolemy/domains/modal/test/auto/DeepModal2.xml (RunModel)" time="0.074" />
  <testcase classname="ptolemy.util.test.junit.AutoTests" name="[40] /home/travis/build/icyphy/ptII/ptolemy/domains/modal/test/auto/DeepModal3.xml (RunModel)" time="0.069" />
  <testcase classname="ptolemy.util.test.junit.AutoTests" name="[41] /home/travis/build/icyphy/ptII/ptolemy/domains/modal/test/auto/DeepModal4.xml (RunModel)" time="0.061" />
  <testcase classname="ptolemy.util.test.junit.AutoTests" name="[42] /home/travis/build/icyphy/ptII/ptolemy/domains/modal/test/auto/Default1.xml (RunModel)" time="0.017" />
  <testcase classname="ptolemy.util.test.junit.AutoTests" name="[43] /home/travis/build/icyphy/ptII/ptolemy/domains/modal/test/auto/Default2.xml (RunModel)" time="0.022" />
  <testcase classname="ptolemy.util.test.junit.AutoTests" name="[44] /home/travis/build/icyphy/ptII/ptolemy/domains/modal/test/auto/Default3.xml (RunModel)" time="0.027" />
  <testcase classname="ptolemy.util.test.junit.AutoTests" name="[45] /home/travis/build/icyphy/ptII/ptolemy/domains/modal/test/auto/Default4.xml (RunModel)" time="0.025" />
  <testcase classname="ptolemy.util.test.junit.AutoTests" name="[46] /home/travis/build/icyphy/ptII/ptolemy/domains/modal/test/auto/Default5.xml (RunModel)" time="0.026" />
  <testcase classname="ptolemy.util.test.junit.AutoTests" name="[47] /home/travis/build/icyphy/ptII/ptolemy/domains/modal/test/auto/EmptyGuard.xml (RunModel)" time="0.031" />
  <testcase classname="ptolemy.util.test.junit.AutoTests" name="[48] /home/travis/build/icyphy/ptII/ptolemy/domains/modal/test/auto/ErrorTransition1.xml (RunModel)" time="0.039" />
  <testcase classname="ptolemy.util.test.junit.AutoTests" name="[49] /home/travis/build/icyphy/ptII/ptolemy/domains/modal/test/auto/ErrorTransition10.xml (RunModel)" time="0.058" />
  <testcase classname="ptolemy.util.test.junit.AutoTests" name="[50] /home/travis/build/icyphy/ptII/ptolemy/domains/modal/test/auto/ErrorTransition11.xml (RunModel)" time="0.038" />
  <testcase classname="ptolemy.util.test.junit.AutoTests" name="[51] /home/travis/build/icyphy/ptII/ptolemy/domains/modal/test/auto/ErrorTransition2.xml (RunModel)" time="0.032" />
  <testcase classname="ptolemy.util.test.junit.AutoTests" name="[52] /home/travis/build/icyphy/ptII/ptolemy/domains/modal/test/auto/ErrorTransition3.xml (RunModel)" time="0.051" />
  <testcase classname="ptolemy.util.test.junit.AutoTests" name="[53] /home/travis/build/icyphy/ptII/ptolemy/domains/modal/test/auto/ErrorTransition4.xml (RunModel)" time="0.031" />
  <testcase classname="ptolemy.util.test.junit.AutoTests" name="[54] /home/travis/build/icyphy/ptII/ptolemy/domains/modal/test/auto/ErrorTransition5.xml (RunModel)" time="0.037" />
  <testcase classname="ptolemy.util.test.junit.AutoTests" name="[55] /home/travis/build/icyphy/ptII/ptolemy/domains/modal/test/auto/ErrorTransition6.xml (RunModel)" time="0.033" />
  <testcase classname="ptolemy.util.test.junit.AutoTests" name="[56] /home/travis/build/icyphy/ptII/ptolemy/domains/modal/test/auto/ErrorTransition7.xml (RunModel)" time="0.049" />
  <testcase classname="ptolemy.util.test.junit.AutoTests" name="[57] /home/travis/build/icyphy/ptII/ptolemy/domains/modal/test/auto/ErrorTransition8.xml (RunModel)" time="0.057" />
  <testcase classname="ptolemy.util.test.junit.AutoTests" name="[58] /home/travis/build/icyphy/ptII/ptolemy/domains/modal/test/auto/ErrorTransition9.xml (RunModel)" time="0.054" />
  <testcase classname="ptolemy.util.test.junit.AutoTests" name="[59] /home/travis/build/icyphy/ptII/ptolemy/domains/modal/test/auto/ExtendedFSM.xml (RunModel)" time="0.026" />
  <testcase classname="ptolemy.util.test.junit.AutoTests" name="[60] /home/travis/build/icyphy/ptII/ptolemy/domains/modal/test/auto/FinalStates.xml (RunModel)" time="0.025" />
  <testcase classname="ptolemy.util.test.junit.AutoTests" name="[61] /home/travis/build/icyphy/ptII/ptolemy/domains/modal/test/auto/FixedPointFSM.xml (RunModel)" time="0.052" />
  <testcase classname="ptolemy.util.test.junit.AutoTests" name="[62] /home/travis/build/icyphy/ptII/ptolemy/domains/modal/test/auto/FixedPointIterationFSMActor.xml (RunModel)" time="0.026" />
  <testcase classname="ptolemy.util.test.junit.AutoTests" name="[63] /home/travis/build/icyphy/ptII/ptolemy/domains/modal/test/auto/FixedPointIterationFSMActor2.xml (RunModel)" time="0.036" />
  <testcase classname="ptolemy.util.test.junit.AutoTests" name="[64] /home/travis/build/icyphy/ptII/ptolemy/domains/modal/test/auto/ForbiddenInstantanousLoop.xml (RunModel)" time="0.03" />
  <testcase classname="ptolemy.util.test.junit.AutoTests" name="[65] /home/travis/build/icyphy/ptII/ptolemy/domains/modal/test/auto/FunctionDependencyOfFSMActorTest.xml (RunModel)" time="0.033" />
  <testcase classname="ptolemy.util.test.junit.AutoTests" name="[66] /home/travis/build/icyphy/ptII/ptolemy/domains/modal/test/auto/GuardExpression.xml (RunModel)" time="0.015" />
  <testcase classname="ptolemy.util.test.junit.AutoTests" name="[67] /home/travis/build/icyphy/ptII/ptolemy/domains/modal/test/auto/GuardNotEvaluated.xml (RunModel)" time="0.025" />
  <testcase classname="ptolemy.util.test.junit.AutoTests" name="[68] /home/travis/build/icyphy/ptII/ptolemy/domains/modal/test/auto/GuardNotEvaluated2.xml (RunModel)" time="0.023" />
  <testcase classname="ptolemy.util.test.junit.AutoTests" name="[69] /home/travis/build/icyphy/ptII/ptolemy/domains/modal/test/auto/GuardOnAbsent.xml (RunModel)" time="0.02" />
  <testcase classname="ptolemy.util.test.junit.AutoTests" name="[70] /home/travis/build/icyphy/ptII/ptolemy/domains/modal/test/auto/HierarchicalFSMTypeInference.xml (RunModel)" time="0.026" />
  <testcase classname="ptolemy.util.test.junit.AutoTests" name="[71] /home/travis/build/icyphy/ptII/ptolemy/domains/modal/test/auto/Hysteresis.xml (RunModel)" time="0.04" />
  <testcase classname="ptolemy.util.test.junit.AutoTests" name="[72] /home/travis/build/icyphy/ptII/ptolemy/domains/modal/test/auto/HysteresisWithDefault.xml (RunModel)" time="0.076" />
  <testcase classname="ptolemy.util.test.junit.AutoTests" name="[73] /home/travis/build/icyphy/ptII/ptolemy/domains/modal/test/auto/HysteresisWithDefault2.xml (RunModel)" time="0.094" />
  <testcase classname="ptolemy.util.test.junit.AutoTests" name="[74] /home/travis/build/icyphy/ptII/ptolemy/domains/modal/test/auto/ImmediateNonConstructiveness.xml (RunModel)" time="0.021" />
  <testcase classname="ptolemy.util.test.junit.AutoTests" name="[75] /home/travis/build/icyphy/ptII/ptolemy/domains/modal/test/auto/ImmediateNonConstructiveness2.xml (RunModel)" time="0.015" />
  <testcase classname="ptolemy.util.test.junit.AutoTests" name="[76] /home/travis/build/icyphy/ptII/ptolemy/domains/modal/test/auto/ImmediateTransitionReset.xml (RunModel)" time="0.028" />
  <testcase classname="ptolemy.util.test.junit.AutoTests" name="[77] /home/travis/build/icyphy/ptII/ptolemy/domains/modal/test/auto/ImmediateTransitions1.xml (RunModel)" time="0.012" />
  <testcase classname="ptolemy.util.test.junit.AutoTests" name="[78] /home/travis/build/icyphy/ptII/ptolemy/domains/modal/test/auto/ImmediateTransitionsInstantaneousCommunication.xml (RunModel)" time="0.034" />
  <testcase classname="ptolemy.util.test.junit.AutoTests" name="[79] /home/travis/build/icyphy/ptII/ptolemy/domains/modal/test/auto/InitialImmediateTransition.xml (RunModel)" time="0.016" />
  <testcase classname="ptolemy.util.test.junit.AutoTests" name="[80] /home/travis/build/icyphy/ptII/ptolemy/domains/modal/test/auto/InitialOutputs.xml (RunModel)" time="0.016" />
  <testcase classname="ptolemy.util.test.junit.AutoTests" name="[81] /home/travis/build/icyphy/ptII/ptolemy/domains/modal/test/auto/InitialStateTransition1.xml (RunModel)" time="0.019" />
  <testcase classname="ptolemy.util.test.junit.AutoTests" name="[82] /home/travis/build/icyphy/ptII/ptolemy/domains/modal/test/auto/InitialStateTransition2.xml (RunModel)" time="0.036" />
  <testcase classname="ptolemy.util.test.junit.AutoTests" name="[83] /home/travis/build/icyphy/ptII/ptolemy/domains/modal/test/auto/InitialStateTransition3.xml (RunModel)" time="0.023" />
  <testcase classname="ptolemy.util.test.junit.AutoTests" name="[84] /home/travis/build/icyphy/ptII/ptolemy/domains/modal/test/auto/InitialStateTransition4.xml (RunModel)" time="0.026" />
  <testcase classname="ptolemy.util.test.junit.AutoTests" name="[85] /home/travis/build/icyphy/ptII/ptolemy/domains/modal/test/auto/MalformedGuardExpressionNotCaught.xml (RunModel)" time="0.026" />
  <testcase classname="ptolemy.util.test.junit.AutoTests" name="[86] /home/travis/build/icyphy/ptII/ptolemy/domains/modal/test/auto/ModalBSC.xml (RunModel)" time="0.102" />
  <testcase classname="ptolemy.util.test.junit.AutoTests" name="[87] /home/travis/build/icyphy/ptII/ptolemy/domains/modal/test/auto/ModalClocks.xml (RunModel)" time="0.098" />
  <testcase classname="ptolemy.util.test.junit.AutoTests" name="[88] /home/travis/build/icyphy/ptII/ptolemy/domains/modal/test/auto/ModalDelay.xml (RunModel)" time="0.042" />
  <testcase classname="ptolemy.util.test.junit.AutoTests" name="[89] /home/travis/build/icyphy/ptII/ptolemy/domains/modal/test/auto/ModalDelay2.xml (RunModel)" time="0.043" />
  <testcase classname="ptolemy.util.test.junit.AutoTests" name="[90] /home/travis/build/icyphy/ptII/ptolemy/domains/modal/test/auto/ModalModelFromMemo.xml (RunModel)" time="0.059" />
  <testcase classname="ptolemy.util.test.junit.AutoTests" name="[91] /home/travis/build/icyphy/ptII/ptolemy/domains/modal/test/auto/ModalModelWithMultirateTransient.xml (RunModel)" time="0.051" />
  <testcase classname="ptolemy.util.test.junit.AutoTests" name="[92] /home/travis/build/icyphy/ptII/ptolemy/domains/modal/test/auto/ModalModelWithReset.xml (RunModel)" time="0.042" />
  <testcase classname="ptolemy.util.test.junit.AutoTests" name="[93] /home/travis/build/icyphy/ptII/ptolemy/domains/modal/test/auto/MouseClickFSM.xml (RunModel)" time="0.055" />
  <testcase classname="ptolemy.util.test.junit.AutoTests" name="[94] /home/travis/build/icyphy/ptII/ptolemy/domains/modal/test/auto/MouseClickFSMModal.xml (RunModel)" time="0.033" />
  <testcase classname="ptolemy.util.test.junit.AutoTests" name="[95] /home/travis/build/icyphy/ptII/ptolemy/domains/modal/test/auto/NonStrictFSM_FeedbackLoop.xml (RunModel)" time="0.077" />
  <testcase classname="ptolemy.util.test.junit.AutoTests" name="[96] /home/travis/build/icyphy/ptII/ptolemy/domains/modal/test/auto/NonStrictFSM_FeedbackLoop_Refinement.xml (RunModel)" time="0.1" />
  <testcase classname="ptolemy.util.test.junit.AutoTests" name="[97] /home/travis/build/icyphy/ptII/ptolemy/domains/modal/test/auto/NonStrictFSM_FeedbackLoop_preemptive.xml (RunModel)" time="0.053" />
  <testcase classname="ptolemy.util.test.junit.AutoTests" name="[98] /home/travis/build/icyphy/ptII/ptolemy/domains/modal/test/auto/NormalTermination.xml (RunModel)" time="0.053" />
  <testcase classname="ptolemy.util.test.junit.AutoTests" name="[99] /home/travis/build/icyphy/ptII/ptolemy/domains/modal/test/auto/Pong.xml (RunModel)" time="0.071" />
  <testcase classname="ptolemy.util.test.junit.AutoTests" name="[100] /home/travis/build/icyphy/ptII/ptolemy/domains/modal/test/auto/Pong_test.xml (RunModel)" time="0.091" />
  <testcase classname="ptolemy.util.test.junit.AutoTests" name="[101] /home/travis/build/icyphy/ptII/ptolemy/domains/modal/test/auto/PreemptionHierarchy.xml (RunModel)" time="0.027" />
  <testcase classname="ptolemy.util.test.junit.AutoTests" name="[102] /home/travis/build/icyphy/ptII/ptolemy/domains/modal/test/auto/PreemptionHierarchy2.xml (RunModel)" time="0.03" />
  <testcase classname="ptolemy.util.test.junit.AutoTests" name="[103] /home/travis/build/icyphy/ptII/ptolemy/domains/modal/test/auto/PreemptiveTransition.xml (RunModel)" time="0.027" />
  <testcase classname="ptolemy.util.test.junit.AutoTests" name="[104] /home/travis/build/icyphy/ptII/ptolemy/domains/modal/test/auto/Priorities.xml (RunModel)" time="0.105" />
  <testcase classname="ptolemy.util.test.junit.AutoTests" name="[105] /home/travis/build/icyphy/ptII/ptolemy/domains/modal/test/auto/ResetFinal.xml (RunModel)" time="0.058" />
  <testcase classname="ptolemy.util.test.junit.AutoTests" name="[106] /home/travis/build/icyphy/ptII/ptolemy/domains/modal/test/auto/ResetFinal2.xml (RunModel)" time="0.031" />
  <testcase classname="ptolemy.util.test.junit.AutoTests" name="[107] /home/travis/build/icyphy/ptII/ptolemy/domains/modal/test/auto/ResetTransitionWithStartTime.xml (RunModel)" time="0.032" />
  <testcase classname="ptolemy.util.test.junit.AutoTests" name="[108] /home/travis/build/icyphy/ptII/ptolemy/domains/modal/test/auto/SDF-FSMComposite.xml (RunModel)" time="0.028" />
  <testcase classname="ptolemy.util.test.junit.AutoTests" name="[109] /home/travis/build/icyphy/ptII/ptolemy/domains/modal/test/auto/SeeminglyNondeterminate.xml (RunModel)" time="0.072" />
  <testcase classname="ptolemy.util.test.junit.AutoTests" name="[110] /home/travis/build/icyphy/ptII/ptolemy/domains/modal/test/auto/SeeminglyNondeterminate2.xml (RunModel)" time="0.069" />
  <testcase classname="ptolemy.util.test.junit.AutoTests" name="[111] /home/travis/build/icyphy/ptII/ptolemy/domains/modal/test/auto/SpontaneousFSM.xml (RunModel)" time="0.049" />
  <testcase classname="ptolemy.util.test.junit.AutoTests" name="[112] /home/travis/build/icyphy/ptII/ptolemy/domains/modal/test/auto/SpontaneousFSM2.xml (RunModel)" time="0.027" />
  <testcase classname="ptolemy.util.test.junit.AutoTests" name="[113] /home/travis/build/icyphy/ptII/ptolemy/domains/modal/test/auto/SpontaneousFSM3.xml (RunModel)" time="0.038" />
  <testcase classname="ptolemy.util.test.junit.AutoTests" name="[114] /home/travis/build/icyphy/ptII/ptolemy/domains/modal/test/auto/SpontaneousFSM4.xml (RunModel)" time="0.045" />
  <testcase classname="ptolemy.util.test.junit.AutoTests" name="[115] /home/travis/build/icyphy/ptII/ptolemy/domains/modal/test/auto/StateTrackerTest.xml (RunModel)" time="0.063" />
  <testcase classname="ptolemy.util.test.junit.AutoTests" name="[116] /home/travis/build/icyphy/ptII/ptolemy/domains/modal/test/auto/StrongImmediateTransition.xml (RunModel)" time="0.022" />
  <testcase classname="ptolemy.util.test.junit.AutoTests" name="[117] /home/travis/build/icyphy/ptII/ptolemy/domains/modal/test/auto/SustainHierarchy.xml (RunModel)" time="0.03" />
  <testcase classname="ptolemy.util.test.junit.AutoTests" name="[118] /home/travis/build/icyphy/ptII/ptolemy/domains/modal/test/auto/TerminationTransition1.xml (RunModel)" time="0.02" />
  <testcase classname="ptolemy.util.test.junit.AutoTests" name="[119] /home/travis/build/icyphy/ptII/ptolemy/domains/modal/test/auto/TerminationTransition2.xml (RunModel)" time="0.024" />
  <testcase classname="ptolemy.util.test.junit.AutoTests" name="[120] /home/travis/build/icyphy/ptII/ptolemy/domains/modal/test/auto/TerminationTransition3.xml (RunModel)" time="0.023" />
  <testcase classname="ptolemy.util.test.junit.AutoTests" name="[121] /home/travis/build/icyphy/ptII/ptolemy/domains/modal/test/auto/TerminationTransition4.xml (RunModel)" time="0.036" />
  <testcase classname="ptolemy.util.test.junit.AutoTests" name="[122] /home/travis/build/icyphy/ptII/ptolemy/domains/modal/test/auto/TerminationTransition5.xml (RunModel)" time="0.032" />
  <testcase classname="ptolemy.util.test.junit.AutoTests" name="[123] /home/travis/build/icyphy/ptII/ptolemy/domains/modal/test/auto/TerminationTransition6.xml (RunModel)" time="0.022" />
  <testcase classname="ptolemy.util.test.junit.AutoTests" name="[124] /home/travis/build/icyphy/ptII/ptolemy/domains/modal/test/auto/TerminationTransition7.xml (RunModel)" time="0.021" />
  <testcase classname="ptolemy.util.test.junit.AutoTests" name="[125] /home/travis/build/icyphy/ptII/ptolemy/domains/modal/test/auto/TerminationTransition8.xml (RunModel)" time="0.026" />
  <testcase classname="ptolemy.util.test.junit.AutoTests" name="[126] /home/travis/build/icyphy/ptII/ptolemy/domains/modal/test/auto/Thermostat_NoHysteresis.xml (RunModel)" time="0.084" />
  <testcase classname="ptolemy.util.test.junit.AutoTests" name="[127] /home/travis/build/icyphy/ptII/ptolemy/domains/modal/test/auto/TimedFSM.xml (RunModel)" time="0.031" />
  <testcase classname="ptolemy.util.test.junit.AutoTests" name="[128] /home/travis/build/icyphy/ptII/ptolemy/domains/modal/test/auto/Timeout1.xml (RunModel)" time="0.015" />
  <testcase classname="ptolemy.util.test.junit.AutoTests" name="[129] /home/travis/build/icyphy/ptII/ptolemy/domains/modal/test/auto/Timeout2.xml (RunModel)" time="0.022" />
  <testcase classname="ptolemy.util.test.junit.AutoTests" name="[130] /home/travis/build/icyphy/ptII/ptolemy/domains/modal/test/auto/Timeout3.xml (RunModel)" time="0.011" />
  <testcase classname="ptolemy.util.test.junit.AutoTests" name="[131] /home/travis/build/icyphy/ptII/ptolemy/domains/modal/test/auto/Timeout4.xml (RunModel)" time="0.013" />
  <testcase classname="ptolemy.util.test.junit.AutoTests" name="[132] /home/travis/build/icyphy/ptII/ptolemy/domains/modal/test/auto/TransientstateModelAdvanced.xml (RunModel)" time="0.05" />
  <testcase classname="ptolemy.util.test.junit.AutoTests" name="[133] /home/travis/build/icyphy/ptII/ptolemy/domains/modal/test/auto/TransientstateModelAdvanced2.xml (RunModel)" time="0.034" />
  <testcase classname="ptolemy.util.test.junit.AutoTests" name="[134] /home/travis/build/icyphy/ptII/ptolemy/domains/modal/test/auto/TransitionRefinements.xml (RunModel)" time="0.025" />
  <testcase classname="ptolemy.util.test.junit.AutoTests" name="[135] /home/travis/build/icyphy/ptII/ptolemy/domains/modal/test/auto/TwoRefinements1.xml (RunModel)" time="0.028" />
  <testcase classname="ptolemy.util.test.junit.AutoTests" name="[136] /home/travis/build/icyphy/ptII/ptolemy/domains/modal/test/auto/TwoRefinements2.xml (RunModel)" time="0.024" />
  <testcase classname="ptolemy.util.test.junit.AutoTests" name="[137] /home/travis/build/icyphy/ptII/ptolemy/domains/modal/test/auto/WeakImmediateTransition.xml (RunModel)" time="0.022" />
  <testcase classname="ptolemy.util.test.junit.AutoTests" name="[138] /home/travis/build/icyphy/ptII/ptolemy/domains/modal/test/auto/booleanSelect.xml (RunModel)" time="0.08" />
  <testcase classname="ptolemy.util.test.junit.AutoTests" name="[139] /home/travis/build/icyphy/ptII/ptolemy/domains/modal/test/auto/modalChangingParams.xml (RunModel)" time="0.33" />
  <testcase classname="ptolemy.util.test.junit.AutoTests" name="[140] /home/travis/build/icyphy/ptII/ptolemy/domains/modal/test/auto/modalModel.xml (RunModel)" time="0.036" />
  <testcase classname="ptolemy.util.test.junit.AutoTests" name="[141] /home/travis/build/icyphy/ptII/ptolemy/domains/modal/test/auto/modalModel2.xml (RunModel)" time="0.036" />
  <testcase classname="ptolemy.util.test.junit.AutoTests" name="[142] /home/travis/build/icyphy/ptII/ptolemy/domains/modal/test/auto/modalModel3.xml (RunModel)" time="0.052" />
  <testcase classname="ptolemy.util.test.junit.AutoTests" name="[143] /home/travis/build/icyphy/ptII/ptolemy/domains/modal/test/auto/model1.xml (RunModel)" time="0.024" />
  <testcase classname="ptolemy.util.test.junit.AutoTests" name="[144] /home/travis/build/icyphy/ptII/ptolemy/domains/modal/test/auto/test-direct-in-out.xml (RunModel)" time="0.03" />
  <system-out><![CDATA[/home/travis/build/icyphy/ptII/ptolemy/domains/modal/test/SystemLevelType.tcl
testDefs.tcl: setting time out to 9000 seconds at Sun Dec 15 06:30:11 UTC 2019
12/15/19 06:30:13
Failed: 0  Total Tests: 1  ((Passed: 1, Newly Passed: 0)  Known Failed: 0) /home/travis/build/icyphy/ptII/ptolemy/domains/modal/test
----------------- testing (KnownFailure) /home/travis/build/icyphy/ptII/ptolemy/domains/modal/test/auto/knownFailedTests/CannotAnalysisWithPreemption.xml
145 ms. Memory: 159744K Free: 85469K (54%)
Known Failure: java.lang.reflect.InvocationTargetException
No auto/linux-amd64/*.xml tests in /home/travis/build/icyphy/ptII/ptolemy/domains/modal/test
AutoTests.java: About to close Vertx.
AutoTests.java: Vertx closed.

===========================================================================================
----------------- testing Sun Dec 15 06:30:14 UTC 2019 /home/travis/build/icyphy/ptII/ptolemy/domains/modal/test/auto/ABPTest.xml
----------------- Instantiating /home/travis/build/icyphy/ptII/ptolemy/domains/modal/test/auto/ABPTest.xml
330 ms. Memory: 159744K Free: 117022K (73%)
----------------- Invoking toplevel() on ptolemy.moml.MoMLSimpleApplication@b973071
----------------- Done invoking toplevel() on ptolemy.moml.MoMLSimpleApplication@b973071
reloadAllAccessors: .ABPTest

===========================================================================================
----------------- testing Sun Dec 15 06:30:14 UTC 2019 /home/travis/build/icyphy/ptII/ptolemy/domains/modal/test/auto/ABROFlat.xml
----------------- Instantiating /home/travis/build/icyphy/ptII/ptolemy/domains/modal/test/auto/ABROFlat.xml
33 ms. Memory: 159744K Free: 101585K (64%)
----------------- Invoking toplevel() on ptolemy.moml.MoMLSimpleApplication@14f0af46
----------------- Done invoking toplevel() on ptolemy.moml.MoMLSimpleApplication@14f0af46
reloadAllAccessors: .ABROFlat

===========================================================================================
----------------- testing Sun Dec 15 06:30:14 UTC 2019 /home/travis/build/icyphy/ptII/ptolemy/domains/modal/test/auto/ABROFlat2.xml
----------------- Instantiating /home/travis/build/icyphy/ptII/ptolemy/domains/modal/test/auto/ABROFlat2.xml
27 ms. Memory: 159744K Free: 85225K (53%)
----------------- Invoking toplevel() on ptolemy.moml.MoMLSimpleApplication@53711c36
----------------- Done invoking toplevel() on ptolemy.moml.MoMLSimpleApplication@53711c36
reloadAllAccessors: .ABROFlat2

===========================================================================================
----------------- testing Sun Dec 15 06:30:15 UTC 2019 /home/travis/build/icyphy/ptII/ptolemy/domains/modal/test/auto/ABRO_present_hmm.xml
----------------- Instantiating /home/travis/build/icyphy/ptII/ptolemy/domains/modal/test/auto/ABRO_present_hmm.xml
36 ms. Memory: 159744K Free: 58577K (37%)
----------------- Invoking toplevel() on ptolemy.moml.MoMLSimpleApplication@7a1fd4f6
----------------- Done invoking toplevel() on ptolemy.moml.MoMLSimpleApplication@7a1fd4f6
reloadAllAccessors: .ABRO_present_hmm

===========================================================================================
----------------- testing Sun Dec 15 06:30:15 UTC 2019 /home/travis/build/icyphy/ptII/ptolemy/domains/modal/test/auto/AMICoderExample.xml
----------------- Instantiating /home/travis/build/icyphy/ptII/ptolemy/domains/modal/test/auto/AMICoderExample.xml
29 ms. Memory: 159744K Free: 134001K (84%)
----------------- Invoking toplevel() on ptolemy.moml.MoMLSimpleApplication@d0b04ed
----------------- Done invoking toplevel() on ptolemy.moml.MoMLSimpleApplication@d0b04ed
reloadAllAccessors: .AMICoderExample

===========================================================================================
----------------- testing Sun Dec 15 06:30:15 UTC 2019 /home/travis/build/icyphy/ptII/ptolemy/domains/modal/test/auto/AbsentToPresent.xml
----------------- Instantiating /home/travis/build/icyphy/ptII/ptolemy/domains/modal/test/auto/AbsentToPresent.xml
4 ms. Memory: 159744K Free: 129395K (81%)
----------------- Invoking toplevel() on ptolemy.moml.MoMLSimpleApplication@724319b5
----------------- Done invoking toplevel() on ptolemy.moml.MoMLSimpleApplication@724319b5
reloadAllAccessors: .AbsentToPresent

===========================================================================================
----------------- testing Sun Dec 15 06:30:15 UTC 2019 /home/travis/build/icyphy/ptII/ptolemy/domains/modal/test/auto/Blending.xml
----------------- Instantiating /home/travis/build/icyphy/ptII/ptolemy/domains/modal/test/auto/Blending.xml
181 ms. Memory: 159744K Free: 84849K (53%)
----------------- Invoking toplevel() on ptolemy.moml.MoMLSimpleApplication@69d1c9a
----------------- Done invoking toplevel() on ptolemy.moml.MoMLSimpleApplication@69d1c9a
reloadAllAccessors: .Blending

===========================================================================================
----------------- testing Sun Dec 15 06:30:15 UTC 2019 /home/travis/build/icyphy/ptII/ptolemy/domains/modal/test/auto/Broadcast.xml
----------------- Instantiating /home/travis/build/icyphy/ptII/ptolemy/domains/modal/test/auto/Broadcast.xml
5 ms. Memory: 159744K Free: 75123K (47%)
----------------- Invoking toplevel() on ptolemy.moml.MoMLSimpleApplication@7ec77454
----------------- Done invoking toplevel() on ptolemy.moml.MoMLSimpleApplication@7ec77454
reloadAllAccessors: .Broadcast

===========================================================================================
----------------- testing Sun Dec 15 06:30:15 UTC 2019 /home/travis/build/icyphy/ptII/ptolemy/domains/modal/test/auto/BroadcastHierarchy.xml
----------------- Instantiating /home/travis/build/icyphy/ptII/ptolemy/domains/modal/test/auto/BroadcastHierarchy.xml
10 ms. Memory: 159744K Free: 61282K (38%)
----------------- Invoking toplevel() on ptolemy.moml.MoMLSimpleApplication@390f5110
----------------- Done invoking toplevel() on ptolemy.moml.MoMLSimpleApplication@390f5110
reloadAllAccessors: .BroadcastHierarchy

===========================================================================================
----------------- testing Sun Dec 15 06:30:15 UTC 2019 /home/travis/build/icyphy/ptII/ptolemy/domains/modal/test/auto/BroadcastHierarchy2.xml
----------------- Instantiating /home/travis/build/icyphy/ptII/ptolemy/domains/modal/test/auto/BroadcastHierarchy2.xml
32 ms. Memory: 199680K Free: 164690K (82%)
----------------- Invoking toplevel() on ptolemy.moml.MoMLSimpleApplication@5821e8df
----------------- Done invoking toplevel() on ptolemy.moml.MoMLSimpleApplication@5821e8df
reloadAllAccessors: .BroadcastHierarchy2

===========================================================================================
----------------- testing Sun Dec 15 06:30:15 UTC 2019 /home/travis/build/icyphy/ptII/ptolemy/domains/modal/test/auto/BroadcastHierarchy3.xml
----------------- Instantiating /home/travis/build/icyphy/ptII/ptolemy/domains/modal/test/auto/BroadcastHierarchy3.xml
20 ms. Memory: 199680K Free: 144755K (72%)
----------------- Invoking toplevel() on ptolemy.moml.MoMLSimpleApplication@10734e9a
----------------- Done invoking toplevel() on ptolemy.moml.MoMLSimpleApplication@10734e9a
reloadAllAccessors: .BroadcastHierarchy3

===========================================================================================
----------------- testing Sun Dec 15 06:30:15 UTC 2019 /home/travis/build/icyphy/ptII/ptolemy/domains/modal/test/auto/BroadcastHierarchy4.xml
----------------- Instantiating /home/travis/build/icyphy/ptII/ptolemy/domains/modal/test/auto/BroadcastHierarchy4.xml
18 ms. Memory: 199680K Free: 120682K (60%)
----------------- Invoking toplevel() on ptolemy.moml.MoMLSimpleApplication@59add631
----------------- Done invoking toplevel() on ptolemy.moml.MoMLSimpleApplication@59add631
reloadAllAccessors: .BroadcastHierarchy4

===========================================================================================
----------------- testing Sun Dec 15 06:30:16 UTC 2019 /home/travis/build/icyphy/ptII/ptolemy/domains/modal/test/auto/CannotAnalysisWithPreemption2.xml
----------------- Instantiating /home/travis/build/icyphy/ptII/ptolemy/domains/modal/test/auto/CannotAnalysisWithPreemption2.xml
5 ms. Memory: 199680K Free: 113506K (57%)
----------------- Invoking toplevel() on ptolemy.moml.MoMLSimpleApplication@3104f3f6
----------------- Done invoking toplevel() on ptolemy.moml.MoMLSimpleApplication@3104f3f6
reloadAllAccessors: .CannotAnalysisWithPreemption2

===========================================================================================
----------------- testing Sun Dec 15 06:30:16 UTC 2019 /home/travis/build/icyphy/ptII/ptolemy/domains/modal/test/auto/CannotAnalysisWithPreemption3.xml
----------------- Instantiating /home/travis/build/icyphy/ptII/ptolemy/domains/modal/test/auto/CannotAnalysisWithPreemption3.xml
6 ms. Memory: 199680K Free: 103250K (52%)
----------------- Invoking toplevel() on ptolemy.moml.MoMLSimpleApplication@24bc7b3
----------------- Done invoking toplevel() on ptolemy.moml.MoMLSimpleApplication@24bc7b3
reloadAllAccessors: .CannotAnalysisWithPreemption3

===========================================================================================
----------------- testing Sun Dec 15 06:30:16 UTC 2019 /home/travis/build/icyphy/ptII/ptolemy/domains/modal/test/auto/CannotProduce.xml
----------------- Instantiating /home/travis/build/icyphy/ptII/ptolemy/domains/modal/test/auto/CannotProduce.xml
13 ms. Memory: 199680K Free: 96627K (48%)
----------------- Invoking toplevel() on ptolemy.moml.MoMLSimpleApplication@288a3767
----------------- Done invoking toplevel() on ptolemy.moml.MoMLSimpleApplication@288a3767
reloadAllAccessors: .CannotProduce

===========================================================================================
----------------- testing Sun Dec 15 06:30:16 UTC 2019 /home/travis/build/icyphy/ptII/ptolemy/domains/modal/test/auto/CannotProduceModal.xml
----------------- Instantiating /home/travis/build/icyphy/ptII/ptolemy/domains/modal/test/auto/CannotProduceModal.xml
11 ms. Memory: 199680K Free: 89459K (45%)
----------------- Invoking toplevel() on ptolemy.moml.MoMLSimpleApplication@6511f478
----------------- Done invoking toplevel() on ptolemy.moml.MoMLSimpleApplication@6511f478
reloadAllAccessors: .CannotProduceModal

===========================================================================================
----------------- testing Sun Dec 15 06:30:16 UTC 2019 /home/travis/build/icyphy/ptII/ptolemy/domains/modal/test/auto/Case.xml
----------------- Instantiating /home/travis/build/icyphy/ptII/ptolemy/domains/modal/test/auto/Case.xml
30 ms. Memory: 199680K Free: 78705K (39%)
----------------- Invoking toplevel() on ptolemy.moml.MoMLSimpleApplication@243028ae
----------------- Done invoking toplevel() on ptolemy.moml.MoMLSimpleApplication@243028ae
reloadAllAccessors: .Case

===========================================================================================
----------------- testing Sun Dec 15 06:30:16 UTC 2019 /home/travis/build/icyphy/ptII/ptolemy/domains/modal/test/auto/Case1.xml
----------------- Instantiating /home/travis/build/icyphy/ptII/ptolemy/domains/modal/test/auto/Case1.xml
9 ms. Memory: 199680K Free: 179057K (90%)
----------------- Invoking toplevel() on ptolemy.moml.MoMLSimpleApplication@3cba4cd2
----------------- Done invoking toplevel() on ptolemy.moml.MoMLSimpleApplication@3cba4cd2
reloadAllAccessors: .Case1

===========================================================================================
----------------- testing Sun Dec 15 06:30:16 UTC 2019 /home/travis/build/icyphy/ptII/ptolemy/domains/modal/test/auto/Case2.xml
----------------- Instantiating /home/travis/build/icyphy/ptII/ptolemy/domains/modal/test/auto/Case2.xml
32 ms. Memory: 199680K Free: 168337K (84%)
----------------- Invoking toplevel() on ptolemy.moml.MoMLSimpleApplication@751f055b
----------------- Done invoking toplevel() on ptolemy.moml.MoMLSimpleApplication@751f055b
reloadAllAccessors: .Case2

===========================================================================================
----------------- testing Sun Dec 15 06:30:16 UTC 2019 /home/travis/build/icyphy/ptII/ptolemy/domains/modal/test/auto/CausalityInterface1.xml
----------------- Instantiating /home/travis/build/icyphy/ptII/ptolemy/domains/modal/test/auto/CausalityInterface1.xml
3 ms. Memory: 199680K Free: 163217K (82%)
----------------- Invoking toplevel() on ptolemy.moml.MoMLSimpleApplication@6fbdfd54
----------------- Done invoking toplevel() on ptolemy.moml.MoMLSimpleApplication@6fbdfd54
reloadAllAccessors: .CausalityInterface1

===========================================================================================
----------------- testing Sun Dec 15 06:30:16 UTC 2019 /home/travis/build/icyphy/ptII/ptolemy/domains/modal/test/auto/CausalityInterface10.xml
----------------- Instantiating /home/travis/build/icyphy/ptII/ptolemy/domains/modal/test/auto/CausalityInterface10.xml
6 ms. Memory: 199680K Free: 149905K (75%)
----------------- Invoking toplevel() on ptolemy.moml.MoMLSimpleApplication@cad289a
----------------- Done invoking toplevel() on ptolemy.moml.MoMLSimpleApplication@cad289a
reloadAllAccessors: .CausalityInterface10

===========================================================================================
----------------- testing Sun Dec 15 06:30:16 UTC 2019 /home/travis/build/icyphy/ptII/ptolemy/domains/modal/test/auto/CausalityInterface11.xml
----------------- Instantiating /home/travis/build/icyphy/ptII/ptolemy/domains/modal/test/auto/CausalityInterface11.xml
5 ms. Memory: 199680K Free: 136593K (68%)
----------------- Invoking toplevel() on ptolemy.moml.MoMLSimpleApplication@7e503b26
----------------- Done invoking toplevel() on ptolemy.moml.MoMLSimpleApplication@7e503b26
reloadAllAccessors: .CausalityInterface11

===========================================================================================
----------------- testing Sun Dec 15 06:30:16 UTC 2019 /home/travis/build/icyphy/ptII/ptolemy/domains/modal/test/auto/CausalityInterface12.xml
----------------- Instantiating /home/travis/build/icyphy/ptII/ptolemy/domains/modal/test/auto/CausalityInterface12.xml
5 ms. Memory: 199680K Free: 123281K (62%)
----------------- Invoking toplevel() on ptolemy.moml.MoMLSimpleApplication@61eaf4c6
----------------- Done invoking toplevel() on ptolemy.moml.MoMLSimpleApplication@61eaf4c6
reloadAllAccessors: .CausalityInterface12

===========================================================================================
----------------- testing Sun Dec 15 06:30:16 UTC 2019 /home/travis/build/icyphy/ptII/ptolemy/domains/modal/test/auto/CausalityInterface13.xml
----------------- Instantiating /home/travis/build/icyphy/ptII/ptolemy/domains/modal/test/auto/CausalityInterface13.xml
6 ms. Memory: 199680K Free: 109441K (55%)
----------------- Invoking toplevel() on ptolemy.moml.MoMLSimpleApplication@3f841c5a
----------------- Done invoking toplevel() on ptolemy.moml.MoMLSimpleApplication@3f841c5a
reloadAllAccessors: .CausalityInterface13

===========================================================================================
----------------- testing Sun Dec 15 06:30:16 UTC 2019 /home/travis/build/icyphy/ptII/ptolemy/domains/modal/test/auto/CausalityInterface14.xml
----------------- Instantiating /home/travis/build/icyphy/ptII/ptolemy/domains/modal/test/auto/CausalityInterface14.xml
11 ms. Memory: 199680K Free: 95633K (48%)
----------------- Invoking toplevel() on ptolemy.moml.MoMLSimpleApplication@19e46ef8
----------------- Done invoking toplevel() on ptolemy.moml.MoMLSimpleApplication@19e46ef8
reloadAllAccessors: .CausalityInterface14

===========================================================================================
----------------- testing Sun Dec 15 06:30:16 UTC 2019 /home/travis/build/icyphy/ptII/ptolemy/domains/modal/test/auto/CausalityInterface2.xml
----------------- Instantiating /home/travis/build/icyphy/ptII/ptolemy/domains/modal/test/auto/CausalityInterface2.xml
3 ms. Memory: 199680K Free: 89489K (45%)
----------------- Invoking toplevel() on ptolemy.moml.MoMLSimpleApplication@1a5266b1
----------------- Done invoking toplevel() on ptolemy.moml.MoMLSimpleApplication@1a5266b1
reloadAllAccessors: .CausalityInterface2

===========================================================================================
----------------- testing Sun Dec 15 06:30:16 UTC 2019 /home/travis/build/icyphy/ptII/ptolemy/domains/modal/test/auto/CausalityInterface3.xml
----------------- Instantiating /home/travis/build/icyphy/ptII/ptolemy/domains/modal/test/auto/CausalityInterface3.xml
4 ms. Memory: 199680K Free: 83345K (42%)
----------------- Invoking toplevel() on ptolemy.moml.MoMLSimpleApplication@3d17e1e4
----------------- Done invoking toplevel() on ptolemy.moml.MoMLSimpleApplication@3d17e1e4
reloadAllAccessors: .CausalityInterface3

===========================================================================================
----------------- testing Sun Dec 15 06:30:16 UTC 2019 /home/travis/build/icyphy/ptII/ptolemy/domains/modal/test/auto/CausalityInterface4.xml
----------------- Instantiating /home/travis/build/icyphy/ptII/ptolemy/domains/modal/test/auto/CausalityInterface4.xml
5 ms. Memory: 199680K Free: 76657K (38%)
----------------- Invoking toplevel() on ptolemy.moml.MoMLSimpleApplication@39d7261e
----------------- Done invoking toplevel() on ptolemy.moml.MoMLSimpleApplication@39d7261e
reloadAllAccessors: .CausalityInterface4

===========================================================================================
----------------- testing Sun Dec 15 06:30:16 UTC 2019 /home/travis/build/icyphy/ptII/ptolemy/domains/modal/test/auto/CausalityInterface5.xml
----------------- Instantiating /home/travis/build/icyphy/ptII/ptolemy/domains/modal/test/auto/CausalityInterface5.xml
6 ms. Memory: 199680K Free: 68495K (34%)
----------------- Invoking toplevel() on ptolemy.moml.MoMLSimpleApplication@41409d6f
----------------- Done invoking toplevel() on ptolemy.moml.MoMLSimpleApplication@41409d6f
reloadAllAccessors: .CausalityInterface5

===========================================================================================
----------------- testing Sun Dec 15 06:30:16 UTC 2019 /home/travis/build/icyphy/ptII/ptolemy/domains/modal/test/auto/CausalityInterface6.xml
----------------- Instantiating /home/travis/build/icyphy/ptII/ptolemy/domains/modal/test/auto/CausalityInterface6.xml
9 ms. Memory: 199680K Free: 175017K (88%)
----------------- Invoking toplevel() on ptolemy.moml.MoMLSimpleApplication@201ac161
----------------- Done invoking toplevel() on ptolemy.moml.MoMLSimpleApplication@201ac161
reloadAllAccessors: .CausalityInterface6

===========================================================================================
----------------- testing Sun Dec 15 06:30:16 UTC 2019 /home/travis/build/icyphy/ptII/ptolemy/domains/modal/test/auto/CausalityInterface7.xml
----------------- Instantiating /home/travis/build/icyphy/ptII/ptolemy/domains/modal/test/auto/CausalityInterface7.xml
6 ms. Memory: 199680K Free: 166825K (84%)
----------------- Invoking toplevel() on ptolemy.moml.MoMLSimpleApplication@33a23ce4
----------------- Done invoking toplevel() on ptolemy.moml.MoMLSimpleApplication@33a23ce4
reloadAllAccessors: .CausalityInterface7

===========================================================================================
----------------- testing Sun Dec 15 06:30:16 UTC 2019 /home/travis/build/icyphy/ptII/ptolemy/domains/modal/test/auto/CausalityInterface8.xml
----------------- Instantiating /home/travis/build/icyphy/ptII/ptolemy/domains/modal/test/auto/CausalityInterface8.xml
5 ms. Memory: 199680K Free: 158137K (79%)
----------------- Invoking toplevel() on ptolemy.moml.MoMLSimpleApplication@7250f0e
----------------- Done invoking toplevel() on ptolemy.moml.MoMLSimpleApplication@7250f0e
reloadAllAccessors: .CausalityInterface8

===========================================================================================
----------------- testing Sun Dec 15 06:30:16 UTC 2019 /home/travis/build/icyphy/ptII/ptolemy/domains/modal/test/auto/CausalityInterface9.xml
----------------- Instantiating /home/travis/build/icyphy/ptII/ptolemy/domains/modal/test/auto/CausalityInterface9.xml
7 ms. Memory: 199680K Free: 148921K (75%)
----------------- Invoking toplevel() on ptolemy.moml.MoMLSimpleApplication@31e9aa2f
----------------- Done invoking toplevel() on ptolemy.moml.MoMLSimpleApplication@31e9aa2f
reloadAllAccessors: .CausalityInterface9

===========================================================================================
----------------- testing Sun Dec 15 06:30:17 UTC 2019 /home/travis/build/icyphy/ptII/ptolemy/domains/modal/test/auto/ChainedTransitions.xml
----------------- Instantiating /home/travis/build/icyphy/ptII/ptolemy/domains/modal/test/auto/ChainedTransitions.xml
64 ms. Memory: 199680K Free: 124345K (62%)
----------------- Invoking toplevel() on ptolemy.moml.MoMLSimpleApplication@2d760198
----------------- Done invoking toplevel() on ptolemy.moml.MoMLSimpleApplication@2d760198
reloadAllAccessors: .ChainedTransitions

===========================================================================================
----------------- testing Sun Dec 15 06:30:17 UTC 2019 /home/travis/build/icyphy/ptII/ptolemy/domains/modal/test/auto/CycleOfImmediateTransitionsFSM.xml
----------------- Instantiating /home/travis/build/icyphy/ptII/ptolemy/domains/modal/test/auto/CycleOfImmediateTransitionsFSM.xml
3 ms. Memory: 199680K Free: 118711K (59%)
----------------- Invoking toplevel() on ptolemy.moml.MoMLSimpleApplication@4f1c1869
----------------- Done invoking toplevel() on ptolemy.moml.MoMLSimpleApplication@4f1c1869
reloadAllAccessors: .CycleOfImmediateTransitionsFSM

===========================================================================================
----------------- testing Sun Dec 15 06:30:17 UTC 2019 /home/travis/build/icyphy/ptII/ptolemy/domains/modal/test/auto/CycleOfImmediateTransitionsModal.xml
----------------- Instantiating /home/travis/build/icyphy/ptII/ptolemy/domains/modal/test/auto/CycleOfImmediateTransitionsModal.xml
3 ms. Memory: 199680K Free: 112567K (56%)
----------------- Invoking toplevel() on ptolemy.moml.MoMLSimpleApplication@6d74b0c8
----------------- Done invoking toplevel() on ptolemy.moml.MoMLSimpleApplication@6d74b0c8
reloadAllAccessors: .CycleOfImmediateTransitionsModal

===========================================================================================
----------------- testing Sun Dec 15 06:30:17 UTC 2019 /home/travis/build/icyphy/ptII/ptolemy/domains/modal/test/auto/CycleOfImmediateTransitionsModal2.xml
----------------- Instantiating /home/travis/build/icyphy/ptII/ptolemy/domains/modal/test/auto/CycleOfImmediateTransitionsModal2.xml
10 ms. Memory: 199680K Free: 105913K (53%)
----------------- Invoking toplevel() on ptolemy.moml.MoMLSimpleApplication@62b549c8
----------------- Done invoking toplevel() on ptolemy.moml.MoMLSimpleApplication@62b549c8
reloadAllAccessors: .CycleOfImmediateTransitionsModal2

===========================================================================================
----------------- testing Sun Dec 15 06:30:17 UTC 2019 /home/travis/build/icyphy/ptII/ptolemy/domains/modal/test/auto/CycleOfImmediateTransitionsModal3.xml
----------------- Instantiating /home/travis/build/icyphy/ptII/ptolemy/domains/modal/test/auto/CycleOfImmediateTransitionsModal3.xml
14 ms. Memory: 199680K Free: 83385K (42%)
----------------- Invoking toplevel() on ptolemy.moml.MoMLSimpleApplication@bc1874e
----------------- Done invoking toplevel() on ptolemy.moml.MoMLSimpleApplication@bc1874e
reloadAllAccessors: .CycleOfImmediateTransitionsModal3

===========================================================================================
----------------- testing Sun Dec 15 06:30:17 UTC 2019 /home/travis/build/icyphy/ptII/ptolemy/domains/modal/test/auto/DeepModal1.xml
----------------- Instantiating /home/travis/build/icyphy/ptII/ptolemy/domains/modal/test/auto/DeepModal1.xml
34 ms. Memory: 199680K Free: 69049K (35%)
----------------- Invoking toplevel() on ptolemy.moml.MoMLSimpleApplication@6ecfebf0
----------------- Done invoking toplevel() on ptolemy.moml.MoMLSimpleApplication@6ecfebf0
reloadAllAccessors: .DeepModal1

===========================================================================================
----------------- testing Sun Dec 15 06:30:17 UTC 2019 /home/travis/build/icyphy/ptII/ptolemy/domains/modal/test/auto/DeepModal2.xml
----------------- Instantiating /home/travis/build/icyphy/ptII/ptolemy/domains/modal/test/auto/DeepModal2.xml
23 ms. Memory: 199680K Free: 165730K (83%)
----------------- Invoking toplevel() on ptolemy.moml.MoMLSimpleApplication@25757843
----------------- Done invoking toplevel() on ptolemy.moml.MoMLSimpleApplication@25757843
reloadAllAccessors: .DeepModal2

===========================================================================================
----------------- testing Sun Dec 15 06:30:17 UTC 2019 /home/travis/build/icyphy/ptII/ptolemy/domains/modal/test/auto/DeepModal3.xml
----------------- Instantiating /home/travis/build/icyphy/ptII/ptolemy/domains/modal/test/auto/DeepModal3.xml
31 ms. Memory: 199680K Free: 146289K (73%)
----------------- Invoking toplevel() on ptolemy.moml.MoMLSimpleApplication@2740b89d
----------------- Done invoking toplevel() on ptolemy.moml.MoMLSimpleApplication@2740b89d
reloadAllAccessors: .DeepModal3

===========================================================================================
----------------- testing Sun Dec 15 06:30:17 UTC 2019 /home/travis/build/icyphy/ptII/ptolemy/domains/modal/test/auto/DeepModal4.xml
----------------- Instantiating /home/travis/build/icyphy/ptII/ptolemy/domains/modal/test/auto/DeepModal4.xml
20 ms. Memory: 199680K Free: 126833K (64%)
----------------- Invoking toplevel() on ptolemy.moml.MoMLSimpleApplication@ea39bdb
----------------- Done invoking toplevel() on ptolemy.moml.MoMLSimpleApplication@ea39bdb
reloadAllAccessors: .DeepModal4

===========================================================================================
----------------- testing Sun Dec 15 06:30:17 UTC 2019 /home/travis/build/icyphy/ptII/ptolemy/domains/modal/test/auto/Default1.xml
----------------- Instantiating /home/travis/build/icyphy/ptII/ptolemy/domains/modal/test/auto/Default1.xml
3 ms. Memory: 199680K Free: 120689K (60%)
----------------- Invoking toplevel() on ptolemy.moml.MoMLSimpleApplication@2637431d
----------------- Done invoking toplevel() on ptolemy.moml.MoMLSimpleApplication@2637431d
reloadAllAccessors: .Default1

===========================================================================================
----------------- testing Sun Dec 15 06:30:17 UTC 2019 /home/travis/build/icyphy/ptII/ptolemy/domains/modal/test/auto/Default2.xml
----------------- Instantiating /home/travis/build/icyphy/ptII/ptolemy/domains/modal/test/auto/Default2.xml
10 ms. Memory: 199680K Free: 115059K (58%)
----------------- Invoking toplevel() on ptolemy.moml.MoMLSimpleApplication@6c449593
----------------- Done invoking toplevel() on ptolemy.moml.MoMLSimpleApplication@6c449593
reloadAllAccessors: .Default2

===========================================================================================
----------------- testing Sun Dec 15 06:30:17 UTC 2019 /home/travis/build/icyphy/ptII/ptolemy/domains/modal/test/auto/Default3.xml
----------------- Instantiating /home/travis/build/icyphy/ptII/ptolemy/domains/modal/test/auto/Default3.xml
6 ms. Memory: 199680K Free: 108915K (55%)
----------------- Invoking toplevel() on ptolemy.moml.MoMLSimpleApplication@541e41a2
----------------- Done invoking toplevel() on ptolemy.moml.MoMLSimpleApplication@541e41a2
reloadAllAccessors: .Default3

===========================================================================================
----------------- testing Sun Dec 15 06:30:17 UTC 2019 /home/travis/build/icyphy/ptII/ptolemy/domains/modal/test/auto/Default4.xml
----------------- Instantiating /home/travis/build/icyphy/ptII/ptolemy/domains/modal/test/auto/Default4.xml
8 ms. Memory: 199680K Free: 102771K (51%)
----------------- Invoking toplevel() on ptolemy.moml.MoMLSimpleApplication@2dd5c69e
----------------- Done invoking toplevel() on ptolemy.moml.MoMLSimpleApplication@2dd5c69e
reloadAllAccessors: .Default4

===========================================================================================
----------------- testing Sun Dec 15 06:30:17 UTC 2019 /home/travis/build/icyphy/ptII/ptolemy/domains/modal/test/auto/Default5.xml
----------------- Instantiating /home/travis/build/icyphy/ptII/ptolemy/domains/modal/test/auto/Default5.xml
3 ms. Memory: 199680K Free: 94579K (47%)
----------------- Invoking toplevel() on ptolemy.moml.MoMLSimpleApplication@5d6eec1a
----------------- Done invoking toplevel() on ptolemy.moml.MoMLSimpleApplication@5d6eec1a
reloadAllAccessors: .Default5

===========================================================================================
----------------- testing Sun Dec 15 06:30:17 UTC 2019 /home/travis/build/icyphy/ptII/ptolemy/domains/modal/test/auto/EmptyGuard.xml
----------------- Instantiating /home/travis/build/icyphy/ptII/ptolemy/domains/modal/test/auto/EmptyGuard.xml
11 ms. Memory: 199680K Free: 86897K (44%)
----------------- Invoking toplevel() on ptolemy.moml.MoMLSimpleApplication@44c1e701
----------------- Done invoking toplevel() on ptolemy.moml.MoMLSimpleApplication@44c1e701
reloadAllAccessors: .EmptyGuard

===========================================================================================
----------------- testing Sun Dec 15 06:30:17 UTC 2019 /home/travis/build/icyphy/ptII/ptolemy/domains/modal/test/auto/ErrorTransition1.xml
----------------- Instantiating /home/travis/build/icyphy/ptII/ptolemy/domains/modal/test/auto/ErrorTransition1.xml
11 ms. Memory: 199680K Free: 77681K (39%)
----------------- Invoking toplevel() on ptolemy.moml.MoMLSimpleApplication@5dce2617
----------------- Done invoking toplevel() on ptolemy.moml.MoMLSimpleApplication@5dce2617
reloadAllAccessors: .ErrorTransition1

===========================================================================================
----------------- testing Sun Dec 15 06:30:17 UTC 2019 /home/travis/build/icyphy/ptII/ptolemy/domains/modal/test/auto/ErrorTransition10.xml
----------------- Instantiating /home/travis/build/icyphy/ptII/ptolemy/domains/modal/test/auto/ErrorTransition10.xml
32 ms. Memory: 239616K Free: 217992K (91%)
----------------- Invoking toplevel() on ptolemy.moml.MoMLSimpleApplication@5d7f5b68
----------------- Done invoking toplevel() on ptolemy.moml.MoMLSimpleApplication@5d7f5b68
reloadAllAccessors: .ErrorTransition10

===========================================================================================
----------------- testing Sun Dec 15 06:30:17 UTC 2019 /home/travis/build/icyphy/ptII/ptolemy/domains/modal/test/auto/ErrorTransition11.xml
----------------- Instantiating /home/travis/build/icyphy/ptII/ptolemy/domains/modal/test/auto/ErrorTransition11.xml
5 ms. Memory: 239616K Free: 206214K (86%)
----------------- Invoking toplevel() on ptolemy.moml.MoMLSimpleApplication@2445d93b
----------------- Done invoking toplevel() on ptolemy.moml.MoMLSimpleApplication@2445d93b
reloadAllAccessors: .ErrorTransition11

===========================================================================================
----------------- testing Sun Dec 15 06:30:17 UTC 2019 /home/travis/build/icyphy/ptII/ptolemy/domains/modal/test/auto/ErrorTransition2.xml
----------------- Instantiating /home/travis/build/icyphy/ptII/ptolemy/domains/modal/test/auto/ErrorTransition2.xml
7 ms. Memory: 239616K Free: 196998K (82%)
----------------- Invoking toplevel() on ptolemy.moml.MoMLSimpleApplication@31976c59
----------------- Done invoking toplevel() on ptolemy.moml.MoMLSimpleApplication@31976c59
reloadAllAccessors: .ErrorTransition2

===========================================================================================
----------------- testing Sun Dec 15 06:30:17 UTC 2019 /home/travis/build/icyphy/ptII/ptolemy/domains/modal/test/auto/ErrorTransition3.xml
----------------- Instantiating /home/travis/build/icyphy/ptII/ptolemy/domains/modal/test/auto/ErrorTransition3.xml
20 ms. Memory: 239616K Free: 187272K (78%)
----------------- Invoking toplevel() on ptolemy.moml.MoMLSimpleApplication@219579ca
----------------- Done invoking toplevel() on ptolemy.moml.MoMLSimpleApplication@219579ca
reloadAllAccessors: .ErrorTransition3

===========================================================================================
----------------- testing Sun Dec 15 06:30:17 UTC 2019 /home/travis/build/icyphy/ptII/ptolemy/domains/modal/test/auto/ErrorTransition4.xml
----------------- Instantiating /home/travis/build/icyphy/ptII/ptolemy/domains/modal/test/auto/ErrorTransition4.xml
6 ms. Memory: 239616K Free: 176008K (73%)
----------------- Invoking toplevel() on ptolemy.moml.MoMLSimpleApplication@5bcdf6f1
----------------- Done invoking toplevel() on ptolemy.moml.MoMLSimpleApplication@5bcdf6f1
reloadAllAccessors: .ErrorTransition4

===========================================================================================
----------------- testing Sun Dec 15 06:30:18 UTC 2019 /home/travis/build/icyphy/ptII/ptolemy/domains/modal/test/auto/ErrorTransition5.xml
----------------- Instantiating /home/travis/build/icyphy/ptII/ptolemy/domains/modal/test/auto/ErrorTransition5.xml
13 ms. Memory: 239616K Free: 165768K (69%)
----------------- Invoking toplevel() on ptolemy.moml.MoMLSimpleApplication@7b17f6b
----------------- Done invoking toplevel() on ptolemy.moml.MoMLSimpleApplication@7b17f6b
reloadAllAccessors: .ErrorTransition5

===========================================================================================
----------------- testing Sun Dec 15 06:30:18 UTC 2019 /home/travis/build/icyphy/ptII/ptolemy/domains/modal/test/auto/ErrorTransition6.xml
----------------- Instantiating /home/travis/build/icyphy/ptII/ptolemy/domains/modal/test/auto/ErrorTransition6.xml
7 ms. Memory: 239616K Free: 155014K (65%)
----------------- Invoking toplevel() on ptolemy.moml.MoMLSimpleApplication@551d1354
----------------- Done invoking toplevel() on ptolemy.moml.MoMLSimpleApplication@551d1354
reloadAllAccessors: .ErrorTransition6

===========================================================================================
----------------- testing Sun Dec 15 06:30:18 UTC 2019 /home/travis/build/icyphy/ptII/ptolemy/domains/modal/test/auto/ErrorTransition7.xml
----------------- Instantiating /home/travis/build/icyphy/ptII/ptolemy/domains/modal/test/auto/ErrorTransition7.xml
19 ms. Memory: 239616K Free: 142216K (59%)
----------------- Invoking toplevel() on ptolemy.moml.MoMLSimpleApplication@5c92e45b
----------------- Done invoking toplevel() on ptolemy.moml.MoMLSimpleApplication@5c92e45b
reloadAllAccessors: .ErrorTransition7

===========================================================================================
----------------- testing Sun Dec 15 06:30:18 UTC 2019 /home/travis/build/icyphy/ptII/ptolemy/domains/modal/test/auto/ErrorTransition8.xml
----------------- Instantiating /home/travis/build/icyphy/ptII/ptolemy/domains/modal/test/auto/ErrorTransition8.xml
32 ms. Memory: 239616K Free: 128904K (54%)
----------------- Invoking toplevel() on ptolemy.moml.MoMLSimpleApplication@31e3acee
----------------- Done invoking toplevel() on ptolemy.moml.MoMLSimpleApplication@31e3acee
reloadAllAccessors: .ErrorTransition8

===========================================================================================
----------------- testing Sun Dec 15 06:30:18 UTC 2019 /home/travis/build/icyphy/ptII/ptolemy/domains/modal/test/auto/ErrorTransition9.xml
----------------- Instantiating /home/travis/build/icyphy/ptII/ptolemy/domains/modal/test/auto/ErrorTransition9.xml
18 ms. Memory: 239616K Free: 115592K (48%)
----------------- Invoking toplevel() on ptolemy.moml.MoMLSimpleApplication@589fb21f
----------------- Done invoking toplevel() on ptolemy.moml.MoMLSimpleApplication@589fb21f
reloadAllAccessors: .ErrorTransition9

===========================================================================================
----------------- testing Sun Dec 15 06:30:18 UTC 2019 /home/travis/build/icyphy/ptII/ptolemy/domains/modal/test/auto/ExtendedFSM.xml
----------------- Instantiating /home/travis/build/icyphy/ptII/ptolemy/domains/modal/test/auto/ExtendedFSM.xml
8 ms. Memory: 239616K Free: 106872K (45%)
----------------- Invoking toplevel() on ptolemy.moml.MoMLSimpleApplication@3921a7cb
----------------- Done invoking toplevel() on ptolemy.moml.MoMLSimpleApplication@3921a7cb
reloadAllAccessors: .ExtendedFSM

===========================================================================================
----------------- testing Sun Dec 15 06:30:18 UTC 2019 /home/travis/build/icyphy/ptII/ptolemy/domains/modal/test/auto/FinalStates.xml
----------------- Instantiating /home/travis/build/icyphy/ptII/ptolemy/domains/modal/test/auto/FinalStates.xml
8 ms. Memory: 239616K Free: 98680K (41%)
----------------- Invoking toplevel() on ptolemy.moml.MoMLSimpleApplication@5f0f9745
----------------- Done invoking toplevel() on ptolemy.moml.MoMLSimpleApplication@5f0f9745
reloadAllAccessors: .FinalStates

===========================================================================================
----------------- testing Sun Dec 15 06:30:18 UTC 2019 /home/travis/build/icyphy/ptII/ptolemy/domains/modal/test/auto/FixedPointFSM.xml
----------------- Instantiating /home/travis/build/icyphy/ptII/ptolemy/domains/modal/test/auto/FixedPointFSM.xml
22 ms. Memory: 239616K Free: 83848K (35%)
----------------- Invoking toplevel() on ptolemy.moml.MoMLSimpleApplication@2e494790
----------------- Done invoking toplevel() on ptolemy.moml.MoMLSimpleApplication@2e494790
reloadAllAccessors: .FixedPointFSM

===========================================================================================
----------------- testing Sun Dec 15 06:30:18 UTC 2019 /home/travis/build/icyphy/ptII/ptolemy/domains/modal/test/auto/FixedPointIterationFSMActor.xml
----------------- Instantiating /home/travis/build/icyphy/ptII/ptolemy/domains/modal/test/auto/FixedPointIterationFSMActor.xml
6 ms. Memory: 239616K Free: 209820K (88%)
----------------- Invoking toplevel() on ptolemy.moml.MoMLSimpleApplication@362a38f2
----------------- Done invoking toplevel() on ptolemy.moml.MoMLSimpleApplication@362a38f2
reloadAllAccessors: .FixedPointIterationFSMActor

===========================================================================================
----------------- testing Sun Dec 15 06:30:18 UTC 2019 /home/travis/build/icyphy/ptII/ptolemy/domains/modal/test/auto/FixedPointIterationFSMActor2.xml
----------------- Instantiating /home/travis/build/icyphy/ptII/ptolemy/domains/modal/test/auto/FixedPointIterationFSMActor2.xml
13 ms. Memory: 239616K Free: 198052K (83%)
----------------- Invoking toplevel() on ptolemy.moml.MoMLSimpleApplication@21acb4f
----------------- Done invoking toplevel() on ptolemy.moml.MoMLSimpleApplication@21acb4f
reloadAllAccessors: .FixedPointIterationFSMActor2

===========================================================================================
----------------- testing Sun Dec 15 06:30:18 UTC 2019 /home/travis/build/icyphy/ptII/ptolemy/domains/modal/test/auto/ForbiddenInstantanousLoop.xml
----------------- Instantiating /home/travis/build/icyphy/ptII/ptolemy/domains/modal/test/auto/ForbiddenInstantanousLoop.xml
6 ms. Memory: 239616K Free: 185764K (78%)
----------------- Invoking toplevel() on ptolemy.moml.MoMLSimpleApplication@4f9eacb9
----------------- Done invoking toplevel() on ptolemy.moml.MoMLSimpleApplication@4f9eacb9
reloadAllAccessors: .ForbiddenInstantanousLoop

===========================================================================================
----------------- testing Sun Dec 15 06:30:18 UTC 2019 /home/travis/build/icyphy/ptII/ptolemy/domains/modal/test/auto/FunctionDependencyOfFSMActorTest.xml
----------------- Instantiating /home/travis/build/icyphy/ptII/ptolemy/domains/modal/test/auto/FunctionDependencyOfFSMActorTest.xml
14 ms. Memory: 239616K Free: 179106K (75%)
----------------- Invoking toplevel() on ptolemy.moml.MoMLSimpleApplication@793f5f4a
----------------- Done invoking toplevel() on ptolemy.moml.MoMLSimpleApplication@793f5f4a
reloadAllAccessors: .FunctionDependencyOfFSMActorTest

===========================================================================================
----------------- testing Sun Dec 15 06:30:18 UTC 2019 /home/travis/build/icyphy/ptII/ptolemy/domains/modal/test/auto/GuardExpression.xml
----------------- Instantiating /home/travis/build/icyphy/ptII/ptolemy/domains/modal/test/auto/GuardExpression.xml
2 ms. Memory: 239616K Free: 173986K (73%)
----------------- Invoking toplevel() on ptolemy.moml.MoMLSimpleApplication@7b2a427b
----------------- Done invoking toplevel() on ptolemy.moml.MoMLSimpleApplication@7b2a427b
reloadAllAccessors: .GuardExpression

===========================================================================================
----------------- testing Sun Dec 15 06:30:18 UTC 2019 /home/travis/build/icyphy/ptII/ptolemy/domains/modal/test/auto/GuardNotEvaluated.xml
----------------- Instantiating /home/travis/build/icyphy/ptII/ptolemy/domains/modal/test/auto/GuardNotEvaluated.xml
5 ms. Memory: 239616K Free: 165284K (69%)
----------------- Invoking toplevel() on ptolemy.moml.MoMLSimpleApplication@16ca9f21
----------------- Done invoking toplevel() on ptolemy.moml.MoMLSimpleApplication@16ca9f21
reloadAllAccessors: .GuardNotEvaluated

===========================================================================================
----------------- testing Sun Dec 15 06:30:18 UTC 2019 /home/travis/build/icyphy/ptII/ptolemy/domains/modal/test/auto/GuardNotEvaluated2.xml
----------------- Instantiating /home/travis/build/icyphy/ptII/ptolemy/domains/modal/test/auto/GuardNotEvaluated2.xml
7 ms. Memory: 239616K Free: 155554K (65%)
----------------- Invoking toplevel() on ptolemy.moml.MoMLSimpleApplication@122b8126
----------------- Done invoking toplevel() on ptolemy.moml.MoMLSimpleApplication@122b8126
reloadAllAccessors: .GuardNotEvaluated2

===========================================================================================
----------------- testing Sun Dec 15 06:30:18 UTC 2019 /home/travis/build/icyphy/ptII/ptolemy/domains/modal/test/auto/GuardOnAbsent.xml
----------------- Instantiating /home/travis/build/icyphy/ptII/ptolemy/domains/modal/test/auto/GuardOnAbsent.xml
7 ms. Memory: 239616K Free: 147876K (62%)
----------------- Invoking toplevel() on ptolemy.moml.MoMLSimpleApplication@67c06bdf
----------------- Done invoking toplevel() on ptolemy.moml.MoMLSimpleApplication@67c06bdf
reloadAllAccessors: .GuardOnAbsent

===========================================================================================
----------------- testing Sun Dec 15 06:30:18 UTC 2019 /home/travis/build/icyphy/ptII/ptolemy/domains/modal/test/auto/HierarchicalFSMTypeInference.xml
----------------- Instantiating /home/travis/build/icyphy/ptII/ptolemy/domains/modal/test/auto/HierarchicalFSMTypeInference.xml
3 ms. Memory: 239616K Free: 137122K (57%)
----------------- Invoking toplevel() on ptolemy.moml.MoMLSimpleApplication@1e10bf5a
----------------- Done invoking toplevel() on ptolemy.moml.MoMLSimpleApplication@1e10bf5a
reloadAllAccessors: .HierarchicalFSMTypeInference

===========================================================================================
----------------- testing Sun Dec 15 06:30:18 UTC 2019 /home/travis/build/icyphy/ptII/ptolemy/domains/modal/test/auto/Hysteresis.xml
----------------- Instantiating /home/travis/build/icyphy/ptII/ptolemy/domains/modal/test/auto/Hysteresis.xml
10 ms. Memory: 239616K Free: 123796K (52%)
----------------- Invoking toplevel() on ptolemy.moml.MoMLSimpleApplication@7cfd2e2c
----------------- Done invoking toplevel() on ptolemy.moml.MoMLSimpleApplication@7cfd2e2c
reloadAllAccessors: .Hysteresis

===========================================================================================
----------------- testing Sun Dec 15 06:30:18 UTC 2019 /home/travis/build/icyphy/ptII/ptolemy/domains/modal/test/auto/HysteresisWithDefault.xml
----------------- Instantiating /home/travis/build/icyphy/ptII/ptolemy/domains/modal/test/auto/HysteresisWithDefault.xml
44 ms. Memory: 239616K Free: 100772K (42%)
----------------- Invoking toplevel() on ptolemy.moml.MoMLSimpleApplication@2cf33308
----------------- Done invoking toplevel() on ptolemy.moml.MoMLSimpleApplication@2cf33308
reloadAllAccessors: .HysteresisWithDefault

===========================================================================================
----------------- testing Sun Dec 15 06:30:18 UTC 2019 /home/travis/build/icyphy/ptII/ptolemy/domains/modal/test/auto/HysteresisWithDefault2.xml
----------------- Instantiating /home/travis/build/icyphy/ptII/ptolemy/domains/modal/test/auto/HysteresisWithDefault2.xml
65 ms. Memory: 239616K Free: 208755K (87%)
----------------- Invoking toplevel() on ptolemy.moml.MoMLSimpleApplication@31a10b80
----------------- Done invoking toplevel() on ptolemy.moml.MoMLSimpleApplication@31a10b80
reloadAllAccessors: .HysteresisWithDefault2

===========================================================================================
----------------- testing Sun Dec 15 06:30:18 UTC 2019 /home/travis/build/icyphy/ptII/ptolemy/domains/modal/test/auto/ImmediateNonConstructiveness.xml
----------------- Instantiating /home/travis/build/icyphy/ptII/ptolemy/domains/modal/test/auto/ImmediateNonConstructiveness.xml
2 ms. Memory: 239616K Free: 201042K (84%)
----------------- Invoking toplevel() on ptolemy.moml.MoMLSimpleApplication@2d09f1e1
----------------- Done invoking toplevel() on ptolemy.moml.MoMLSimpleApplication@2d09f1e1
reloadAllAccessors: .ImmediateNonConstructiveness

===========================================================================================
----------------- testing Sun Dec 15 06:30:18 UTC 2019 /home/travis/build/icyphy/ptII/ptolemy/domains/modal/test/auto/ImmediateNonConstructiveness2.xml
----------------- Instantiating /home/travis/build/icyphy/ptII/ptolemy/domains/modal/test/auto/ImmediateNonConstructiveness2.xml
2 ms. Memory: 239616K Free: 194419K (81%)
----------------- Invoking toplevel() on ptolemy.moml.MoMLSimpleApplication@1a14c2fc
----------------- Done invoking toplevel() on ptolemy.moml.MoMLSimpleApplication@1a14c2fc
reloadAllAccessors: .ImmediateNonConstructiveness2

===========================================================================================
----------------- testing Sun Dec 15 06:30:18 UTC 2019 /home/travis/build/icyphy/ptII/ptolemy/domains/modal/test/auto/ImmediateTransitionReset.xml
----------------- Instantiating /home/travis/build/icyphy/ptII/ptolemy/domains/modal/test/auto/ImmediateTransitionReset.xml
3 ms. Memory: 239616K Free: 182641K (76%)
----------------- Invoking toplevel() on ptolemy.moml.MoMLSimpleApplication@75a733d1
----------------- Done invoking toplevel() on ptolemy.moml.MoMLSimpleApplication@75a733d1
reloadAllAccessors: .ImmediateTransitionReset

===========================================================================================
----------------- testing Sun Dec 15 06:30:18 UTC 2019 /home/travis/build/icyphy/ptII/ptolemy/domains/modal/test/auto/ImmediateTransitions1.xml
----------------- Instantiating /home/travis/build/icyphy/ptII/ptolemy/domains/modal/test/auto/ImmediateTransitions1.xml
1 ms. Memory: 239616K Free: 177521K (74%)
----------------- Invoking toplevel() on ptolemy.moml.MoMLSimpleApplication@3228eaf8
----------------- Done invoking toplevel() on ptolemy.moml.MoMLSimpleApplication@3228eaf8
reloadAllAccessors: .ImmediateTransitions1

===========================================================================================
----------------- testing Sun Dec 15 06:30:18 UTC 2019 /home/travis/build/icyphy/ptII/ptolemy/domains/modal/test/auto/ImmediateTransitionsInstantaneousCommunication.xml
----------------- Instantiating /home/travis/build/icyphy/ptII/ptolemy/domains/modal/test/auto/ImmediateTransitionsInstantaneousCommunication.xml
4 ms. Memory: 239616K Free: 165218K (69%)
----------------- Invoking toplevel() on ptolemy.moml.MoMLSimpleApplication@3a53ba16
----------------- Done invoking toplevel() on ptolemy.moml.MoMLSimpleApplication@3a53ba16
reloadAllAccessors: .ImmediateTransitionsInstantaneousCommunication

===========================================================================================
----------------- testing Sun Dec 15 06:30:18 UTC 2019 /home/travis/build/icyphy/ptII/ptolemy/domains/modal/test/auto/InitialImmediateTransition.xml
----------------- Instantiating /home/travis/build/icyphy/ptII/ptolemy/domains/modal/test/auto/InitialImmediateTransition.xml
3 ms. Memory: 239616K Free: 158058K (66%)
----------------- Invoking toplevel() on ptolemy.moml.MoMLSimpleApplication@607bcd88
----------------- Done invoking toplevel() on ptolemy.moml.MoMLSimpleApplication@607bcd88
reloadAllAccessors: .InitialImmediateTransition

===========================================================================================
----------------- testing Sun Dec 15 06:30:18 UTC 2019 /home/travis/build/icyphy/ptII/ptolemy/domains/modal/test/auto/InitialOutputs.xml
----------------- Instantiating /home/travis/build/icyphy/ptII/ptolemy/domains/modal/test/auto/InitialOutputs.xml
3 ms. Memory: 239616K Free: 151921K (63%)
----------------- Invoking toplevel() on ptolemy.moml.MoMLSimpleApplication@3f04d541
----------------- Done invoking toplevel() on ptolemy.moml.MoMLSimpleApplication@3f04d541
reloadAllAccessors: .InitialOutputs

===========================================================================================
----------------- testing Sun Dec 15 06:30:19 UTC 2019 /home/travis/build/icyphy/ptII/ptolemy/domains/modal/test/auto/InitialStateTransition1.xml
----------------- Instantiating /home/travis/build/icyphy/ptII/ptolemy/domains/modal/test/auto/InitialStateTransition1.xml
2 ms. Memory: 239616K Free: 144753K (60%)
----------------- Invoking toplevel() on ptolemy.moml.MoMLSimpleApplication@1049a815
----------------- Done invoking toplevel() on ptolemy.moml.MoMLSimpleApplication@1049a815
reloadAllAccessors: .InitialStateTransition1

===========================================================================================
----------------- testing Sun Dec 15 06:30:19 UTC 2019 /home/travis/build/icyphy/ptII/ptolemy/domains/modal/test/auto/InitialStateTransition2.xml
----------------- Instantiating /home/travis/build/icyphy/ptII/ptolemy/domains/modal/test/auto/InitialStateTransition2.xml
.InitialStateTransition2.TestExceptionAttributeNonConstructive: initialize() was not invoked, but wrapup() was.  This is unusual, but not always a problem.  For example, exporting JNLP will do this.
3 ms. Memory: 239616K Free: 137585K (57%)
----------------- Invoking toplevel() on ptolemy.moml.MoMLSimpleApplication@435d7d7a
----------------- Done invoking toplevel() on ptolemy.moml.MoMLSimpleApplication@435d7d7a
reloadAllAccessors: .InitialStateTransition2

===========================================================================================
----------------- testing Sun Dec 15 06:30:19 UTC 2019 /home/travis/build/icyphy/ptII/ptolemy/domains/modal/test/auto/InitialStateTransition3.xml
----------------- Instantiating /home/travis/build/icyphy/ptII/ptolemy/domains/modal/test/auto/InitialStateTransition3.xml
4 ms. Memory: 239616K Free: 129393K (54%)
----------------- Invoking toplevel() on ptolemy.moml.MoMLSimpleApplication@3063fd3
----------------- Done invoking toplevel() on ptolemy.moml.MoMLSimpleApplication@3063fd3
reloadAllAccessors: .InitialStateTransition3

===========================================================================================
----------------- testing Sun Dec 15 06:30:19 UTC 2019 /home/travis/build/icyphy/ptII/ptolemy/domains/modal/test/auto/InitialStateTransition4.xml
----------------- Instantiating /home/travis/build/icyphy/ptII/ptolemy/domains/modal/test/auto/InitialStateTransition4.xml
3 ms. Memory: 239616K Free: 119667K (50%)
----------------- Invoking toplevel() on ptolemy.moml.MoMLSimpleApplication@6b7d33ca
----------------- Done invoking toplevel() on ptolemy.moml.MoMLSimpleApplication@6b7d33ca
[...]
reloadAllAccessors: .TerminationTransition3

===========================================================================================
----------------- testing Sun Dec 15 06:30:21 UTC 2019 /home/travis/build/icyphy/ptII/ptolemy/domains/modal/test/auto/TerminationTransition4.xml
----------------- Instantiating /home/travis/build/icyphy/ptII/ptolemy/domains/modal/test/auto/TerminationTransition4.xml
6 ms. Memory: 302080K Free: 219068K (73%)
----------------- Invoking toplevel() on ptolemy.moml.MoMLSimpleApplication@2b111b45
----------------- Done invoking toplevel() on ptolemy.moml.MoMLSimpleApplication@2b111b45
reloadAllAccessors: .TerminationTransition4

===========================================================================================
----------------- testing Sun Dec 15 06:30:21 UTC 2019 /home/travis/build/icyphy/ptII/ptolemy/domains/modal/test/auto/TerminationTransition5.xml
----------------- Instantiating /home/travis/build/icyphy/ptII/ptolemy/domains/modal/test/auto/TerminationTransition5.xml
2 ms. Memory: 302080K Free: 205246K (68%)
----------------- Invoking toplevel() on ptolemy.moml.MoMLSimpleApplication@4d072133
----------------- Done invoking toplevel() on ptolemy.moml.MoMLSimpleApplication@4d072133
reloadAllAccessors: .TerminationTransition5

===========================================================================================
----------------- testing Sun Dec 15 06:30:21 UTC 2019 /home/travis/build/icyphy/ptII/ptolemy/domains/modal/test/auto/TerminationTransition6.xml
----------------- Instantiating /home/travis/build/icyphy/ptII/ptolemy/domains/modal/test/auto/TerminationTransition6.xml
1 ms. Memory: 302080K Free: 197054K (65%)
----------------- Invoking toplevel() on ptolemy.moml.MoMLSimpleApplication@581d8672
----------------- Done invoking toplevel() on ptolemy.moml.MoMLSimpleApplication@581d8672
reloadAllAccessors: .TerminationTransition6

===========================================================================================
----------------- testing Sun Dec 15 06:30:21 UTC 2019 /home/travis/build/icyphy/ptII/ptolemy/domains/modal/test/auto/TerminationTransition7.xml
----------------- Instantiating /home/travis/build/icyphy/ptII/ptolemy/domains/modal/test/auto/TerminationTransition7.xml
2 ms. Memory: 302080K Free: 187324K (62%)
----------------- Invoking toplevel() on ptolemy.moml.MoMLSimpleApplication@24f2cf88
----------------- Done invoking toplevel() on ptolemy.moml.MoMLSimpleApplication@24f2cf88
reloadAllAccessors: .TerminationTransition7

===========================================================================================
----------------- testing Sun Dec 15 06:30:21 UTC 2019 /home/travis/build/icyphy/ptII/ptolemy/domains/modal/test/auto/TerminationTransition8.xml
----------------- Instantiating /home/travis/build/icyphy/ptII/ptolemy/domains/modal/test/auto/TerminationTransition8.xml
2 ms. Memory: 302080K Free: 178108K (59%)
----------------- Invoking toplevel() on ptolemy.moml.MoMLSimpleApplication@3659685a
----------------- Done invoking toplevel() on ptolemy.moml.MoMLSimpleApplication@3659685a
reloadAllAccessors: .TerminationTransition8

===========================================================================================
----------------- testing Sun Dec 15 06:30:21 UTC 2019 /home/travis/build/icyphy/ptII/ptolemy/domains/modal/test/auto/Thermostat_NoHysteresis.xml
----------------- Instantiating /home/travis/build/icyphy/ptII/ptolemy/domains/modal/test/auto/Thermostat_NoHysteresis.xml
42 ms. Memory: 302080K Free: 153532K (51%)
----------------- Invoking toplevel() on ptolemy.moml.MoMLSimpleApplication@f93620e
----------------- Done invoking toplevel() on ptolemy.moml.MoMLSimpleApplication@f93620e
reloadAllAccessors: .Thermostat_NoHysteresis

===========================================================================================
----------------- testing Sun Dec 15 06:30:21 UTC 2019 /home/travis/build/icyphy/ptII/ptolemy/domains/modal/test/auto/TimedFSM.xml
----------------- Instantiating /home/travis/build/icyphy/ptII/ptolemy/domains/modal/test/auto/TimedFSM.xml
9 ms. Memory: 302080K Free: 141758K (47%)
----------------- Invoking toplevel() on ptolemy.moml.MoMLSimpleApplication@39575ca5
----------------- Done invoking toplevel() on ptolemy.moml.MoMLSimpleApplication@39575ca5
reloadAllAccessors: .TimedFSM

===========================================================================================
----------------- testing Sun Dec 15 06:30:21 UTC 2019 /home/travis/build/icyphy/ptII/ptolemy/domains/modal/test/auto/Timeout1.xml
----------------- Instantiating /home/travis/build/icyphy/ptII/ptolemy/domains/modal/test/auto/Timeout1.xml
3 ms. Memory: 302080K Free: 136110K (45%)
----------------- Invoking toplevel() on ptolemy.moml.MoMLSimpleApplication@7b00eb1
----------------- Done invoking toplevel() on ptolemy.moml.MoMLSimpleApplication@7b00eb1
reloadAllAccessors: .Timeout1

===========================================================================================
----------------- testing Sun Dec 15 06:30:21 UTC 2019 /home/travis/build/icyphy/ptII/ptolemy/domains/modal/test/auto/Timeout2.xml
----------------- Instantiating /home/travis/build/icyphy/ptII/ptolemy/domains/modal/test/auto/Timeout2.xml
8 ms. Memory: 302080K Free: 127422K (42%)
----------------- Invoking toplevel() on ptolemy.moml.MoMLSimpleApplication@5a330d1d
----------------- Done invoking toplevel() on ptolemy.moml.MoMLSimpleApplication@5a330d1d
reloadAllAccessors: .Timeout2

===========================================================================================
----------------- testing Sun Dec 15 06:30:21 UTC 2019 /home/travis/build/icyphy/ptII/ptolemy/domains/modal/test/auto/Timeout3.xml
----------------- Instantiating /home/travis/build/icyphy/ptII/ptolemy/domains/modal/test/auto/Timeout3.xml
2 ms. Memory: 302080K Free: 122302K (40%)
----------------- Invoking toplevel() on ptolemy.moml.MoMLSimpleApplication@67f2208a
----------------- Done invoking toplevel() on ptolemy.moml.MoMLSimpleApplication@67f2208a
reloadAllAccessors: .Timeout3

===========================================================================================
----------------- testing Sun Dec 15 06:30:21 UTC 2019 /home/travis/build/icyphy/ptII/ptolemy/domains/modal/test/auto/Timeout4.xml
----------------- Instantiating /home/travis/build/icyphy/ptII/ptolemy/domains/modal/test/auto/Timeout4.xml
2 ms. Memory: 302080K Free: 117182K (39%)
----------------- Invoking toplevel() on ptolemy.moml.MoMLSimpleApplication@2d3d20dd
----------------- Done invoking toplevel() on ptolemy.moml.MoMLSimpleApplication@2d3d20dd
reloadAllAccessors: .Timeout4

===========================================================================================
----------------- testing Sun Dec 15 06:30:21 UTC 2019 /home/travis/build/icyphy/ptII/ptolemy/domains/modal/test/auto/TransientstateModelAdvanced.xml
----------------- Instantiating /home/travis/build/icyphy/ptII/ptolemy/domains/modal/test/auto/TransientstateModelAdvanced.xml
3 ms. Memory: 302080K Free: 280760K (93%)
----------------- Invoking toplevel() on ptolemy.moml.MoMLSimpleApplication@5b42ad5d
----------------- Done invoking toplevel() on ptolemy.moml.MoMLSimpleApplication@5b42ad5d
reloadAllAccessors: .TransientstateModelAdvanced

===========================================================================================
----------------- testing Sun Dec 15 06:30:21 UTC 2019 /home/travis/build/icyphy/ptII/ptolemy/domains/modal/test/auto/TransientstateModelAdvanced2.xml
----------------- Instantiating /home/travis/build/icyphy/ptII/ptolemy/domains/modal/test/auto/TransientstateModelAdvanced2.xml
3 ms. Memory: 302080K Free: 266424K (88%)
----------------- Invoking toplevel() on ptolemy.moml.MoMLSimpleApplication@4be957ba
----------------- Done invoking toplevel() on ptolemy.moml.MoMLSimpleApplication@4be957ba
reloadAllAccessors: .transientstatemodelAdvanced

===========================================================================================
----------------- testing Sun Dec 15 06:30:21 UTC 2019 /home/travis/build/icyphy/ptII/ptolemy/domains/modal/test/auto/TransitionRefinements.xml
----------------- Instantiating /home/travis/build/icyphy/ptII/ptolemy/domains/modal/test/auto/TransitionRefinements.xml
7 ms. Memory: 302080K Free: 256680K (85%)
----------------- Invoking toplevel() on ptolemy.moml.MoMLSimpleApplication@5b520d8d
----------------- Done invoking toplevel() on ptolemy.moml.MoMLSimpleApplication@5b520d8d
reloadAllAccessors: .TransitionRefinements

===========================================================================================
----------------- testing Sun Dec 15 06:30:21 UTC 2019 /home/travis/build/icyphy/ptII/ptolemy/domains/modal/test/auto/TwoRefinements1.xml
----------------- Instantiating /home/travis/build/icyphy/ptII/ptolemy/domains/modal/test/auto/TwoRefinements1.xml
3 ms. Memory: 302080K Free: 246454K (82%)
----------------- Invoking toplevel() on ptolemy.moml.MoMLSimpleApplication@29bb5a53
----------------- Done invoking toplevel() on ptolemy.moml.MoMLSimpleApplication@29bb5a53
reloadAllAccessors: .TwoRefinements1

===========================================================================================
----------------- testing Sun Dec 15 06:30:21 UTC 2019 /home/travis/build/icyphy/ptII/ptolemy/domains/modal/test/auto/TwoRefinements2.xml
----------------- Instantiating /home/travis/build/icyphy/ptII/ptolemy/domains/modal/test/auto/TwoRefinements2.xml
3 ms. Memory: 302080K Free: 236728K (78%)
----------------- Invoking toplevel() on ptolemy.moml.MoMLSimpleApplication@39eecf74
----------------- Done invoking toplevel() on ptolemy.moml.MoMLSimpleApplication@39eecf74
reloadAllAccessors: .TwoRefinements2

===========================================================================================
----------------- testing Sun Dec 15 06:30:21 UTC 2019 /home/travis/build/icyphy/ptII/ptolemy/domains/modal/test/auto/WeakImmediateTransition.xml
----------------- Instantiating /home/travis/build/icyphy/ptII/ptolemy/domains/modal/test/auto/WeakImmediateTransition.xml
4 ms. Memory: 302080K Free: 228022K (75%)
----------------- Invoking toplevel() on ptolemy.moml.MoMLSimpleApplication@5d7d20e7
----------------- Done invoking toplevel() on ptolemy.moml.MoMLSimpleApplication@5d7d20e7
reloadAllAccessors: .WeakImmediateTransition

===========================================================================================
----------------- testing Sun Dec 15 06:30:21 UTC 2019 /home/travis/build/icyphy/ptII/ptolemy/domains/modal/test/auto/booleanSelect.xml
----------------- Instantiating /home/travis/build/icyphy/ptII/ptolemy/domains/modal/test/auto/booleanSelect.xml
36 ms. Memory: 302080K Free: 209576K (69%)
----------------- Invoking toplevel() on ptolemy.moml.MoMLSimpleApplication@604d3b9
----------------- Done invoking toplevel() on ptolemy.moml.MoMLSimpleApplication@604d3b9
reloadAllAccessors: .booleanSelect

===========================================================================================
----------------- testing Sun Dec 15 06:30:21 UTC 2019 /home/travis/build/icyphy/ptII/ptolemy/domains/modal/test/auto/modalChangingParams.xml
----------------- Instantiating /home/travis/build/icyphy/ptII/ptolemy/domains/modal/test/auto/modalChangingParams.xml
0
1
0
2
4
6
8
7
0
2
4
6
8
13
0
2
4
6
8
19
0
2
4
6
8
25
0
2
4
6
8
31
0
2
4
6
8
37
0
2
4
6
8
43
0
2
4
6
8
49
0
2
4
6
8
55
0
2
4
6
8
61
0
2
4
6
8
67
0
2
4
6
8
73
0
2
4
6
8
79
0
2
4
6
8
85
0
2
4
6
8
91
0
2
4
6
8
97
0
2
4
6
8
103
0
2
4
6
8
109
0
2
4
6
8
115
0
2
4
6
8
121
0
2
4
6
8
127
0
2
4
6
8
133
0
2
4
6
8
139
0
2
4
6
8
145
0
2
4
6
8
151
0
2
4
6
8
157
0
2
4
6
8
163
0
2
4
6
8
169
0
2
4
6
8
175
0
2
4
6
8
181
0
2
4
6
8
187
0
2
4
6
8
193
0
2
4
6
8
199
0
2
4
6
8
205
0
2
4
6
8
211
0
2
4
6
8
217
0
2
4
6
8
223
0
2
4
6
8
229
0
2
4
6
8
235
0
2
4
6
8
241
0
2
4
6
8
247
0
2
4
6
8
253
0
2
4
6
8
259
0
2
4
6
8
265
0
2
4
6
8
271
0
2
4
6
8
277
0
2
4
6
8
283
0
2
4
6
8
289
0
2
4
6
8
295
0
2
4
6
8
301
0
2
4
6
8
307
0
2
4
6
8
313
0
2
4
6
8
319
0
2
4
6
8
325
0
2
4
6
8
331
0
2
4
6
8
337
0
2
4
6
8
343
0
2
4
6
8
349
0
2
4
6
8
355
0
2
4
6
8
361
0
2
4
6
8
367
0
2
4
6
8
373
0
2
4
6
8
379
0
2
4
6
8
385
0
2
4
6
8
391
0
2
4
6
8
397
0
2
4
6
8
403
0
2
4
6
8
409
0
2
4
6
8
415
0
2
4
6
8
421
0
2
4
6
8
427
0
2
4
6
8
433
0
2
4
6
8
439
0
2
4
6
8
445
0
2
4
6
8
451
0
2
4
6
8
457
0
2
4
6
8
463
0
2
4
6
8
469
0
2
4
6
8
475
0
2
4
6
8
481
0
2
4
6
8
487
0
2
4
6
8
493
0
2
4
6
8
499
0
2
4
6
8
505
0
2
4
6
8
511
0
2
4
6
8
517
0
2
4
6
8
523
0
2
4
6
8
529
0
2
4
6
8
535
0
2
4
6
8
541
0
2
4
6
8
547
0
2
4
6
8
553
0
2
4
6
8
559
0
2
4
6
8
565
0
2
4
6
8
571
0
2
4
6
8
577
0
2
4
6
8
583
0
2
4
6
8
589
0
2
4
6
8
595
0
2
4
6
8
601
0
2
4
6
8
607
0
2
4
6
8
613
0
2
4
6
8
619
0
2
4
6
8
625
0
2
4
6
8
631
0
2
4
6
8
637
0
2
4
6
8
643
0
2
4
6
8
649
0
2
4
6
8
655
0
2
4
6
8
661
0
2
4
6
8
667
0
2
4
6
8
673
0
2
4
6
8
679
0
2
4
6
8
685
0
2
4
6
8
691
0
2
4
6
8
697
0
2
4
6
8
703
0
2
4
6
8
709
0
2
4
6
8
715
0
2
4
6
8
721
0
2
4
6
8
727
0
2
4
6
8
733
0
2
4
6
8
739
0
2
4
6
8
745
0
2
4
6
8
751
0
2
4
6
8
757
0
2
4
6
8
763
0
2
4
6
8
769
0
2
4
6
8
775
0
2
4
6
8
781
0
2
4
6
8
787
0
2
4
6
8
793
0
2
4
6
8
799
0
2
4
6
8
805
0
2
4
6
8
811
0
2
4
6
8
817
0
2
4
6
8
823
0
2
4
6
8
829
0
2
4
6
8
835
0
2
4
6
8
841
0
2
4
6
8
847
0
2
4
6
8
853
0
2
4
6
8
859
0
2
4
6
8
865
0
2
4
6
8
871
0
2
4
6
8
877
0
2
4
6
8
883
0
2
4
6
8
889
0
2
4
6
8
895
0
2
4
6
8
901
0
2
4
6
8
907
0
2
4
6
8
913
0
2
4
6
8
919
0
2
4
6
8
925
0
2
4
6
8
931
0
2
4
6
8
937
0
2
4
6
8
943
0
2
4
6
8
949
0
2
4
6
8
955
0
2
4
6
8
961
0
2
4
6
8
967
0
2
4
6
8
973
0
2
4
6
8
979
0
2
4
6
8
985
0
2
4
6
8
991
0
2
4
6
8
997
0
2
304 ms. Memory: 374784K Free: 344594K (92%)
----------------- Invoking toplevel() on ptolemy.moml.MoMLSimpleApplication@5d0b13e0
----------------- Done invoking toplevel() on ptolemy.moml.MoMLSimpleApplication@5d0b13e0
reloadAllAccessors: .modalChangingParams

===========================================================================================
----------------- testing Sun Dec 15 06:30:22 UTC 2019 /home/travis/build/icyphy/ptII/ptolemy/domains/modal/test/auto/modalModel.xml
----------------- Instantiating /home/travis/build/icyphy/ptII/ptolemy/domains/modal/test/auto/modalModel.xml
15 ms. Memory: 374784K Free: 335378K (89%)
----------------- Invoking toplevel() on ptolemy.moml.MoMLSimpleApplication@68d604ec
----------------- Done invoking toplevel() on ptolemy.moml.MoMLSimpleApplication@68d604ec
reloadAllAccessors: .modalModel

===========================================================================================
----------------- testing Sun Dec 15 06:30:22 UTC 2019 /home/travis/build/icyphy/ptII/ptolemy/domains/modal/test/auto/modalModel2.xml
----------------- Instantiating /home/travis/build/icyphy/ptII/ptolemy/domains/modal/test/auto/modalModel2.xml
12 ms. Memory: 374784K Free: 324642K (87%)
----------------- Invoking toplevel() on ptolemy.moml.MoMLSimpleApplication@6c5dafa8
----------------- Done invoking toplevel() on ptolemy.moml.MoMLSimpleApplication@6c5dafa8
reloadAllAccessors: .modalModel2

===========================================================================================
----------------- testing Sun Dec 15 06:30:22 UTC 2019 /home/travis/build/icyphy/ptII/ptolemy/domains/modal/test/auto/modalModel3.xml
----------------- Instantiating /home/travis/build/icyphy/ptII/ptolemy/domains/modal/test/auto/modalModel3.xml
0	0	0
3	2	1
6	4	2
9	6	3
4	0	4
7	2	5
10	4	6
13	6	7
8	0	8
11	2	9
14	4	10
17	6	11
12	0	12
15	2	13
18	4	14
18 ms. Memory: 374784K Free: 309762K (83%)
----------------- Invoking toplevel() on ptolemy.moml.MoMLSimpleApplication@76dc48cf
----------------- Done invoking toplevel() on ptolemy.moml.MoMLSimpleApplication@76dc48cf
reloadAllAccessors: .modalModel3

===========================================================================================
----------------- testing Sun Dec 15 06:30:22 UTC 2019 /home/travis/build/icyphy/ptII/ptolemy/domains/modal/test/auto/model1.xml
----------------- Instantiating /home/travis/build/icyphy/ptII/ptolemy/domains/modal/test/auto/model1.xml
13 ms. Memory: 374784K Free: 303642K (81%)
----------------- Invoking toplevel() on ptolemy.moml.MoMLSimpleApplication@47f9f800
----------------- Done invoking toplevel() on ptolemy.moml.MoMLSimpleApplication@47f9f800
reloadAllAccessors: .model1

===========================================================================================
----------------- testing Sun Dec 15 06:30:22 UTC 2019 /home/travis/build/icyphy/ptII/ptolemy/domains/modal/test/auto/test-direct-in-out.xml
----------------- Instantiating /home/travis/build/icyphy/ptII/ptolemy/domains/modal/test/auto/test-direct-in-out.xml
6 ms. Memory: 374784K Free: 295970K (79%)
----------------- Invoking toplevel() on ptolemy.moml.MoMLSimpleApplication@601d6908
----------------- Done invoking toplevel() on ptolemy.moml.MoMLSimpleApplication@601d6908
reloadAllAccessors: .test-direct-in-out
AutoTests.java: About to close Vertx.
AutoTests.java: Vertx closed.
]]></system-out>
  <system-err><![CDATA[java.lang.RuntimeException: Execution failed
	at ptolemy.moml.MoMLSimpleApplication$UnloadThread.run(MoMLSimpleApplication.java:402)
Caused by: ptolemy.kernel.util.IllegalActionException: Unknown inputs remain. Possible causality loop:
L_model_1893289564i

  in .CannotAnalysisWithPreemption.model_1893289564_region_1 and .CannotAnalysisWithPreemption.model_1893289564_region_1.L_model_1893289564i
	at ptolemy.actor.sched.FixedPointDirector.postfire(FixedPointDirector.java:515)
	at ptolemy.domains.sr.kernel.SRDirector.postfire(SRDirector.java:417)
	at ptolemy.actor.CompositeActor.postfire(CompositeActor.java:1668)
	at ptolemy.actor.Manager.iterate(Manager.java:852)
	at ptolemy.actor.Manager.execute(Manager.java:369)
	at ptolemy.actor.Manager.run(Manager.java:1263)
	at ptolemy.actor.Manager$PtolemyRunThread.run(Manager.java:1933)
java.lang.reflect.InvocationTargetException
	at java.base/jdk.internal.reflect.NativeConstructorAccessorImpl.newInstance0(Native Method)
	at java.base/jdk.internal.reflect.NativeConstructorAccessorImpl.newInstance(NativeConstructorAccessorImpl.java:62)
	at java.base/jdk.internal.reflect.DelegatingConstructorAccessorImpl.newInstance(DelegatingConstructorAccessorImpl.java:45)
	at java.base/java.lang.reflect.Constructor.newInstance(Constructor.java:490)
	at ptolemy.util.test.junit.AutoKnownFailedTests.RunModel(AutoKnownFailedTests.java:105)
	at java.base/jdk.internal.reflect.NativeMethodAccessorImpl.invoke0(Native Method)
	at java.base/jdk.internal.reflect.NativeMethodAccessorImpl.invoke(NativeMethodAccessorImpl.java:62)
	at java.base/jdk.internal.reflect.DelegatingMethodAccessorImpl.invoke(DelegatingMethodAccessorImpl.java:43)
	at java.base/java.lang.reflect.Method.invoke(Method.java:566)
	at org.junit.runners.model.FrameworkMethod$1.runReflectiveCall(FrameworkMethod.java:44)
	at org.junit.internal.runners.model.ReflectiveCallable.run(ReflectiveCallable.java:15)
	at org.junit.runners.model.FrameworkMethod.invokeExplosively(FrameworkMethod.java:41)
	at junitparams.internal.InvokeParameterisedMethod.evaluate(InvokeParameterisedMethod.java:102)
	at org.junit.internal.runners.statements.FailOnTimeout$1.run(FailOnTimeout.java:28)
Caused by: ptolemy.kernel.util.IllegalActionException: Unknown inputs remain. Possible causality loop:
L_model_1893289564i

  in .CannotAnalysisWithPreemption.model_1893289564_region_1 and .CannotAnalysisWithPreemption.model_1893289564_region_1.L_model_1893289564i
	at ptolemy.actor.sched.FixedPointDirector.postfire(FixedPointDirector.java:515)
	at ptolemy.domains.sr.kernel.SRDirector.postfire(SRDirector.java:417)
	at ptolemy.actor.CompositeActor.postfire(CompositeActor.java:1668)
	at ptolemy.actor.Manager.iterate(Manager.java:852)
	at ptolemy.actor.Manager.execute(Manager.java:369)
	at ptolemy.actor.Manager.run(Manager.java:1263)
	at ptolemy.actor.Manager$PtolemyRunThread.run(Manager.java:1933)
]]></system-err>
</testsuite>
