<?xml version="1.0" encoding="UTF-8" ?>
<testsuite errors="0" failures="0" hostname="travis-job-17e955e5-2d76-424c-961c-cc4167484505" name="ptolemy.domains.sdf.test.junit.JUnitTclTest" skipped="0" tests="66" time="19.884" timestamp="2019-03-23T03:54:24">
  <properties>
[...]
</properties>
  <testcase classname="ptolemy.util.test.junit.TclTests" name="[0] /home/travis/build/icyphy/ptII/ptolemy/domains/sdf/test/SDFSchedulerErrors.tcl (RunTclFile)" time="0.662" />
  <testcase classname="ptolemy.util.test.junit.TclTests" name="[1] /home/travis/build/icyphy/ptII/ptolemy/domains/sdf/test/composition.tcl (RunTclFile)" time="0.16" />
  <testcase classname="ptolemy.util.test.junit.TclTests" name="[2] /home/travis/build/icyphy/ptII/ptolemy/domains/sdf/test/cycle.tcl (RunTclFile)" time="0.059" />
  <testcase classname="ptolemy.util.test.junit.AutoKnownFailedTests" name="[0] ThereAreNoKnowFailedTests (RunModel)" time="0.002" />
  <testcase classname="ptolemy.util.test.junit.AutoNameArchTests" name="[0] ThereAreNoAutoArchTests (RunModel)" time="0.0" />
  <testcase classname="ptolemy.util.test.junit.AutoTests" name="[0] /home/travis/build/icyphy/ptII/ptolemy/domains/sdf/test/auto/Array.xml (RunModel)" time="0.146" />
  <testcase classname="ptolemy.util.test.junit.AutoTests" name="[1] /home/travis/build/icyphy/ptII/ptolemy/domains/sdf/test/auto/Butterfly.xml (RunModel)" time="0.099" />
  <testcase classname="ptolemy.util.test.junit.AutoTests" name="[2] /home/travis/build/icyphy/ptII/ptolemy/domains/sdf/test/auto/Expression.xml (RunModel)" time="0.119" />
  <testcase classname="ptolemy.util.test.junit.AutoTests" name="[3] /home/travis/build/icyphy/ptII/ptolemy/domains/sdf/test/auto/Eye.xml (RunModel)" time="0.361" />
  <testcase classname="ptolemy.util.test.junit.AutoTests" name="[4] /home/travis/build/icyphy/ptII/ptolemy/domains/sdf/test/auto/FixFIR.xml (RunModel)" time="0.279" />
  <testcase classname="ptolemy.util.test.junit.AutoTests" name="[5] /home/travis/build/icyphy/ptII/ptolemy/domains/sdf/test/auto/FixPoint.xml (RunModel)" time="0.045" />
  <testcase classname="ptolemy.util.test.junit.AutoTests" name="[6] /home/travis/build/icyphy/ptII/ptolemy/domains/sdf/test/auto/Gravitation.xml (RunModel)" time="3.26" />
  <testcase classname="ptolemy.util.test.junit.AutoTests" name="[7] /home/travis/build/icyphy/ptII/ptolemy/domains/sdf/test/auto/GravitationWithCollisionDetection.xml (RunModel)" time="6.356" />
  <testcase classname="ptolemy.util.test.junit.AutoTests" name="[8] /home/travis/build/icyphy/ptII/ptolemy/domains/sdf/test/auto/HDF.xml (RunModel)" time="0.158" />
  <testcase classname="ptolemy.util.test.junit.AutoTests" name="[9] /home/travis/build/icyphy/ptII/ptolemy/domains/sdf/test/auto/HDFwithTransientStates.xml (RunModel)" time="0.097" />
  <testcase classname="ptolemy.util.test.junit.AutoTests" name="[10] /home/travis/build/icyphy/ptII/ptolemy/domains/sdf/test/auto/HTVQ.xml (RunModel)" time="0.838" />
  <testcase classname="ptolemy.util.test.junit.AutoTests" name="[11] /home/travis/build/icyphy/ptII/ptolemy/domains/sdf/test/auto/InferInitProduction.xml (RunModel)" time="0.032" />
  <testcase classname="ptolemy.util.test.junit.AutoTests" name="[12] /home/travis/build/icyphy/ptII/ptolemy/domains/sdf/test/auto/InferInitProductionDeeper.xml (RunModel)" time="0.047" />
  <testcase classname="ptolemy.util.test.junit.AutoTests" name="[13] /home/travis/build/icyphy/ptII/ptolemy/domains/sdf/test/auto/LMSAdaptive.xml (RunModel)" time="0.092" />
  <testcase classname="ptolemy.util.test.junit.AutoTests" name="[14] /home/travis/build/icyphy/ptII/ptolemy/domains/sdf/test/auto/LogisticMap.xml (RunModel)" time="0.472" />
  <testcase classname="ptolemy.util.test.junit.AutoTests" name="[15] /home/travis/build/icyphy/ptII/ptolemy/domains/sdf/test/auto/MaximumEntropySpectrum.xml (RunModel)" time="0.266" />
  <testcase classname="ptolemy.util.test.junit.AutoTests" name="[16] /home/travis/build/icyphy/ptII/ptolemy/domains/sdf/test/auto/MultirateSDF.xml (RunModel)" time="0.081" />
  <testcase classname="ptolemy.util.test.junit.AutoTests" name="[17] /home/travis/build/icyphy/ptII/ptolemy/domains/sdf/test/auto/MultirateSDFwithTransientStates.xml (RunModel)" time="0.088" />
  <testcase classname="ptolemy.util.test.junit.AutoTests" name="[18] /home/travis/build/icyphy/ptII/ptolemy/domains/sdf/test/auto/NoisySinewave.xml (RunModel)" time="0.065" />
  <testcase classname="ptolemy.util.test.junit.AutoTests" name="[19] /home/travis/build/icyphy/ptII/ptolemy/domains/sdf/test/auto/Objects.xml (RunModel)" time="0.062" />
  <testcase classname="ptolemy.util.test.junit.AutoTests" name="[20] /home/travis/build/icyphy/ptII/ptolemy/domains/sdf/test/auto/OrthogonalCom.xml (RunModel)" time="0.052" />
  <testcase classname="ptolemy.util.test.junit.AutoTests" name="[21] /home/travis/build/icyphy/ptII/ptolemy/domains/sdf/test/auto/RijndaelEncryption.xml (RunModel)" time="0.52" />
  <testcase classname="ptolemy.util.test.junit.AutoTests" name="[22] /home/travis/build/icyphy/ptII/ptolemy/domains/sdf/test/auto/SDFEmptyIterations.xml (RunModel)" time="0.028" />
  <testcase classname="ptolemy.util.test.junit.AutoTests" name="[23] /home/travis/build/icyphy/ptII/ptolemy/domains/sdf/test/auto/Spectrum.xml (RunModel)" time="0.081" />
  <testcase classname="ptolemy.util.test.junit.AutoTests" name="[24] /home/travis/build/icyphy/ptII/ptolemy/domains/sdf/test/auto/de_inside_sdf.xml (RunModel)" time="0.027" />
  <testcase classname="ptolemy.util.test.junit.AutoTests" name="[25] /home/travis/build/icyphy/ptII/ptolemy/domains/sdf/test/auto/disconnectedHierarchicalSDF.xml (RunModel)" time="0.027" />
  <testcase classname="ptolemy.util.test.junit.AutoTests" name="[26] /home/travis/build/icyphy/ptII/ptolemy/domains/sdf/test/auto/disconnectedSDF.xml (RunModel)" time="0.02" />
  <testcase classname="ptolemy.util.test.junit.AutoTests" name="[27] /home/travis/build/icyphy/ptII/ptolemy/domains/sdf/test/auto/emptyRefinement.xml (RunModel)" time="0.028" />
  <testcase classname="ptolemy.util.test.junit.AutoTests" name="[28] /home/travis/build/icyphy/ptII/ptolemy/domains/sdf/test/auto/filePortParameter.xml (RunModel)" time="0.064" />
  <testcase classname="ptolemy.util.test.junit.AutoTests" name="[29] /home/travis/build/icyphy/ptII/ptolemy/domains/sdf/test/auto/inferRelationWidth1.xml (RunModel)" time="0.015" />
  <testcase classname="ptolemy.util.test.junit.AutoTests" name="[30] /home/travis/build/icyphy/ptII/ptolemy/domains/sdf/test/auto/initProductionInference.xml (RunModel)" time="0.019" />
  <testcase classname="ptolemy.util.test.junit.AutoTests" name="[31] /home/travis/build/icyphy/ptII/ptolemy/domains/sdf/test/auto/relationGroup.xml (RunModel)" time="0.015" />
  <testcase classname="ptolemy.util.test.junit.AutoTests" name="[32] /home/travis/build/icyphy/ptII/ptolemy/domains/sdf/test/auto/relationGroup10.xml (RunModel)" time="0.015" />
  <testcase classname="ptolemy.util.test.junit.AutoTests" name="[33] /home/travis/build/icyphy/ptII/ptolemy/domains/sdf/test/auto/relationGroup11.xml (RunModel)" time="0.018" />
  <testcase classname="ptolemy.util.test.junit.AutoTests" name="[34] /home/travis/build/icyphy/ptII/ptolemy/domains/sdf/test/auto/relationGroup12.xml (RunModel)" time="0.019" />
  <testcase classname="ptolemy.util.test.junit.AutoTests" name="[35] /home/travis/build/icyphy/ptII/ptolemy/domains/sdf/test/auto/relationGroup13.xml (RunModel)" time="0.023" />
  <testcase classname="ptolemy.util.test.junit.AutoTests" name="[36] /home/travis/build/icyphy/ptII/ptolemy/domains/sdf/test/auto/relationGroup14.xml (RunModel)" time="0.019" />
  <testcase classname="ptolemy.util.test.junit.AutoTests" name="[37] /home/travis/build/icyphy/ptII/ptolemy/domains/sdf/test/auto/relationGroup15.xml (RunModel)" time="0.014" />
  <testcase classname="ptolemy.util.test.junit.AutoTests" name="[38] /home/travis/build/icyphy/ptII/ptolemy/domains/sdf/test/auto/relationGroup2.xml (RunModel)" time="0.01" />
  <testcase classname="ptolemy.util.test.junit.AutoTests" name="[39] /home/travis/build/icyphy/ptII/ptolemy/domains/sdf/test/auto/relationGroup3.xml (RunModel)" time="0.015" />
  <testcase classname="ptolemy.util.test.junit.AutoTests" name="[40] /home/travis/build/icyphy/ptII/ptolemy/domains/sdf/test/auto/relationGroup4.xml (RunModel)" time="0.03" />
  <testcase classname="ptolemy.util.test.junit.AutoTests" name="[41] /home/travis/build/icyphy/ptII/ptolemy/domains/sdf/test/auto/relationGroup5.xml (RunModel)" time="0.018" />
  <testcase classname="ptolemy.util.test.junit.AutoTests" name="[42] /home/travis/build/icyphy/ptII/ptolemy/domains/sdf/test/auto/relationGroup6.xml (RunModel)" time="0.019" />
  <testcase classname="ptolemy.util.test.junit.AutoTests" name="[43] /home/travis/build/icyphy/ptII/ptolemy/domains/sdf/test/auto/relationGroup7.xml (RunModel)" time="0.011" />
  <testcase classname="ptolemy.util.test.junit.AutoTests" name="[44] /home/travis/build/icyphy/ptII/ptolemy/domains/sdf/test/auto/relationGroup8.xml (RunModel)" time="0.015" />
  <testcase classname="ptolemy.util.test.junit.AutoTests" name="[45] /home/travis/build/icyphy/ptII/ptolemy/domains/sdf/test/auto/relationGroup9.xml (RunModel)" time="0.017" />
  <testcase classname="ptolemy.util.test.junit.AutoTests" name="[46] /home/travis/build/icyphy/ptII/ptolemy/domains/sdf/test/auto/sdf_inside_de.xml (RunModel)" time="0.052" />
  <testcase classname="ptolemy.util.test.junit.AutoTests" name="[47] /home/travis/build/icyphy/ptII/ptolemy/domains/sdf/test/auto/sdf_inside_pn.xml (RunModel)" time="0.068" />
  <testcase classname="ptolemy.util.test.junit.AutoTests" name="[48] /home/travis/build/icyphy/ptII/ptolemy/domains/sdf/test/auto/sdf_sdf1.xml (RunModel)" time="0.025" />
  <testcase classname="ptolemy.util.test.junit.AutoTests" name="[49] /home/travis/build/icyphy/ptII/ptolemy/domains/sdf/test/auto/test1.xml (RunModel)" time="0.026" />
  <testcase classname="ptolemy.util.test.junit.AutoTests" name="[50] /home/travis/build/icyphy/ptII/ptolemy/domains/sdf/test/auto/time1.xml (RunModel)" time="0.009" />
  <testcase classname="ptolemy.util.test.junit.AutoTests" name="[51] /home/travis/build/icyphy/ptII/ptolemy/domains/sdf/test/auto/time2.xml (RunModel)" time="0.011" />
  <testcase classname="ptolemy.util.test.junit.AutoTests" name="[52] /home/travis/build/icyphy/ptII/ptolemy/domains/sdf/test/auto/time3.xml (RunModel)" time="0.019" />
  <testcase classname="ptolemy.util.test.junit.AutoTests" name="[53] /home/travis/build/icyphy/ptII/ptolemy/domains/sdf/test/auto/time4.xml (RunModel)" time="0.018" />
  <testcase classname="ptolemy.util.test.junit.AutoTests" name="[54] /home/travis/build/icyphy/ptII/ptolemy/domains/sdf/test/auto/time5.xml (RunModel)" time="4.01" />
  <testcase classname="ptolemy.util.test.junit.AutoTests" name="[55] /home/travis/build/icyphy/ptII/ptolemy/domains/sdf/test/auto/typeSystem_Const_Integer_smallest_Type.xml (RunModel)" time="0.023" />
  <testcase classname="ptolemy.util.test.junit.AutoTests" name="[56] /home/travis/build/icyphy/ptII/ptolemy/domains/sdf/test/auto/typeSystem_declared_Inports_OutportTypeException.xml (RunModel)" time="0.027" />
  <testcase classname="ptolemy.util.test.junit.AutoTests" name="[57] /home/travis/build/icyphy/ptII/ptolemy/domains/sdf/test/auto/typeSystem_oneDeclaredInportType_wrongTypeOutport.xml (RunModel)" time="0.02" />
  <testcase classname="ptolemy.util.test.junit.AutoTests" name="[58] /home/travis/build/icyphy/ptII/ptolemy/domains/sdf/test/auto/width.xml (RunModel)" time="0.01" />
  <testcase classname="ptolemy.util.test.junit.AutoTests" name="[59] /home/travis/build/icyphy/ptII/ptolemy/domains/sdf/test/auto/width2.xml (RunModel)" time="0.037" />
  <testcase classname="ptolemy.util.test.junit.AutoTests" name="[60] /home/travis/build/icyphy/ptII/ptolemy/domains/sdf/test/auto/width3.xml (RunModel)" time="0.038" />
  <system-out><![CDATA[/home/travis/build/icyphy/ptII/ptolemy/domains/sdf/test/SDFSchedulerErrors.tcl
testDefs.tcl: setting time out to 9000 seconds at Sat Mar 23 03:54:24 UTC 2019
19 ms. Memory: 116224K Free: 108724K (94%)
4 ms. Memory: 116224K Free: 101765K (88%)
7 ms. Memory: 116224K Free: 95379K (82%)
8 ms. Memory: 116224K Free: 92327K (79%)
/home/travis/build/icyphy/ptII/ptolemy/domains/sdf/test/composition.tcl
49 ms. Memory: 116224K Free: 88735K (76%)
7 ms. Memory: 116224K Free: 86944K (75%)
/home/travis/build/icyphy/ptII/ptolemy/domains/sdf/test/cycle.tcl
.Toplevel.Director Preinitializing ...
Invoking preinitialize():  .Toplevel.Actor1
Invoking preinitialize():  .Toplevel.Actor2
Invoking preinitialize():  .Toplevel.Delay
.Toplevel.Director Finished preinitialize().
### Schedule:
Execute Schedule{
Fire Actor ptolemy.domains.sdf.kernel.test.SDFTestDelay {.Toplevel.Actor1}
Fire Actor ptolemy.domains.sdf.kernel.test.SDFTestDelay {.Toplevel.Actor2}
Fire Actor ptolemy.domains.sdf.lib.SampleDelay {.Toplevel.Delay}
}
### End schedule
Called initialize().
Invoking initialize():  .Toplevel.Actor1
Initializing actor: .Toplevel.Actor1.
Invoking initialize():  .Toplevel.Actor2
Initializing actor: .Toplevel.Actor2.
Invoking initialize():  .Toplevel.Delay
Initializing actor: .Toplevel.Delay.
Director: Called prefire().
-- Setting current time to 0.0
Director prefire returns true.
The actor .Toplevel.Actor1 will be iterated.
The actor .Toplevel.Actor1 was iterated.
The actor .Toplevel.Actor2 will be iterated.
The actor .Toplevel.Actor2 was iterated.
The actor .Toplevel.Delay will be iterated.
The actor .Toplevel.Delay was iterated.
Director: Called postfire().
Postfire returns: true
Director: Called prefire().
-- Setting current time to 0.0
Director prefire returns true.
The actor .Toplevel.Actor1 will be iterated.
The actor .Toplevel.Actor1 was iterated.
The actor .Toplevel.Actor2 will be iterated.
The actor .Toplevel.Actor2 was iterated.
The actor .Toplevel.Delay will be iterated.
The actor .Toplevel.Delay was iterated.
Director: Called postfire().
Postfire returns: true
Director: Called prefire().
-- Setting current time to 0.0
Director prefire returns true.
The actor .Toplevel.Actor1 will be iterated.
The actor .Toplevel.Actor1 was iterated.
The actor .Toplevel.Actor2 will be iterated.
The actor .Toplevel.Actor2 was iterated.
The actor .Toplevel.Delay will be iterated.
The actor .Toplevel.Delay was iterated.
Director: Called postfire().
Postfire returns: true
Director: Called prefire().
-- Setting current time to 0.0
Director prefire returns true.
The actor .Toplevel.Actor1 will be iterated.
The actor .Toplevel.Actor1 was iterated.
The actor .Toplevel.Actor2 will be iterated.
The actor .Toplevel.Actor2 was iterated.
The actor .Toplevel.Delay will be iterated.
The actor .Toplevel.Delay was iterated.
Director: Called postfire().
Postfire returns: true
Director: Called prefire().
-- Setting current time to 0.0
Director prefire returns true.
The actor .Toplevel.Actor1 will be iterated.
The actor .Toplevel.Actor1 was iterated.
The actor .Toplevel.Actor2 will be iterated.
The actor .Toplevel.Actor2 was iterated.
The actor .Toplevel.Delay will be iterated.
The actor .Toplevel.Delay was iterated.
Director: Called postfire().
Postfire returns: true
Director: Called prefire().
-- Setting current time to 0.0
Director prefire returns true.
The actor .Toplevel.Actor1 will be iterated.
The actor .Toplevel.Actor1 was iterated.
The actor .Toplevel.Actor2 will be iterated.
The actor .Toplevel.Actor2 was iterated.
The actor .Toplevel.Delay will be iterated.
The actor .Toplevel.Delay was iterated.
Reached specified number of iterations: 6
Director: Called wrapup().
10 ms. Memory: 116224K Free: 84525K (73%)
03/23/19 03:54:25
Failed: 0  Total Tests: 8  ((Passed: 8, Newly Passed: 0)  Known Failed: 0) /home/travis/build/icyphy/ptII/ptolemy/domains/sdf/test
No auto/knownFailedTests/*.xml tests in /home/travis/build/icyphy/ptII/ptolemy/domains/sdf/test
No auto/linux-amd64/*.xml tests in /home/travis/build/icyphy/ptII/ptolemy/domains/sdf/test
AutoTests.java: About to close Vertx.
AutoTests.java: Vertx closed.

===========================================================================================
----------------- testing Sat Mar 23 03:54:25 UTC 2019 /home/travis/build/icyphy/ptII/ptolemy/domains/sdf/test/auto/Array.xml
----------------- Instantiating /home/travis/build/icyphy/ptII/ptolemy/domains/sdf/test/auto/Array.xml
29 ms. Memory: 146944K Free: 109101K (74%)
----------------- Invoking toplevel() on ptolemy.moml.MoMLSimpleApplication@5647b4df
----------------- Done invoking toplevel() on ptolemy.moml.MoMLSimpleApplication@5647b4df
reloadAllAccessors: .Array

===========================================================================================
----------------- testing Sat Mar 23 03:54:25 UTC 2019 /home/travis/build/icyphy/ptII/ptolemy/domains/sdf/test/auto/Butterfly.xml
----------------- Instantiating /home/travis/build/icyphy/ptII/ptolemy/domains/sdf/test/auto/Butterfly.xml
62 ms. Memory: 146944K Free: 101696K (69%)
----------------- Invoking toplevel() on ptolemy.moml.MoMLSimpleApplication@6be3ebc2
----------------- Done invoking toplevel() on ptolemy.moml.MoMLSimpleApplication@6be3ebc2
reloadAllAccessors: .Butterfly

===========================================================================================
----------------- testing Sat Mar 23 03:54:26 UTC 2019 /home/travis/build/icyphy/ptII/ptolemy/domains/sdf/test/auto/Expression.xml
----------------- Instantiating /home/travis/build/icyphy/ptII/ptolemy/domains/sdf/test/auto/Expression.xml
67 ms. Memory: 146944K Free: 96150K (65%)
----------------- Invoking toplevel() on ptolemy.moml.MoMLSimpleApplication@9f705c0
----------------- Done invoking toplevel() on ptolemy.moml.MoMLSimpleApplication@9f705c0
reloadAllAccessors: .Expression

===========================================================================================
----------------- testing Sat Mar 23 03:54:26 UTC 2019 /home/travis/build/icyphy/ptII/ptolemy/domains/sdf/test/auto/Eye.xml
----------------- Instantiating /home/travis/build/icyphy/ptII/ptolemy/domains/sdf/test/auto/Eye.xml
202 ms. Memory: 146944K Free: 127453K (87%)
----------------- Invoking toplevel() on ptolemy.moml.MoMLSimpleApplication@104aa751
----------------- Done invoking toplevel() on ptolemy.moml.MoMLSimpleApplication@104aa751
reloadAllAccessors: .Eye

===========================================================================================
----------------- testing Sat Mar 23 03:54:26 UTC 2019 /home/travis/build/icyphy/ptII/ptolemy/domains/sdf/test/auto/FixFIR.xml
----------------- Instantiating /home/travis/build/icyphy/ptII/ptolemy/domains/sdf/test/auto/FixFIR.xml
151 ms. Memory: 146944K Free: 90828K (62%)
----------------- Invoking toplevel() on ptolemy.moml.MoMLSimpleApplication@37787d41
----------------- Done invoking toplevel() on ptolemy.moml.MoMLSimpleApplication@37787d41
reloadAllAccessors: .FixFIR

===========================================================================================
----------------- testing Sat Mar 23 03:54:26 UTC 2019 /home/travis/build/icyphy/ptII/ptolemy/domains/sdf/test/auto/FixPoint.xml
----------------- Instantiating /home/travis/build/icyphy/ptII/ptolemy/domains/sdf/test/auto/FixPoint.xml
8 ms. Memory: 146944K Free: 86642K (59%)
----------------- Invoking toplevel() on ptolemy.moml.MoMLSimpleApplication@47b9ae7d
----------------- Done invoking toplevel() on ptolemy.moml.MoMLSimpleApplication@47b9ae7d
reloadAllAccessors: .FixPoint

===========================================================================================
----------------- testing Sat Mar 23 03:54:26 UTC 2019 /home/travis/build/icyphy/ptII/ptolemy/domains/sdf/test/auto/Gravitation.xml
----------------- Instantiating /home/travis/build/icyphy/ptII/ptolemy/domains/sdf/test/auto/Gravitation.xml
3116 ms. Memory: 208384K Free: 119109K (57%)
----------------- Invoking toplevel() on ptolemy.moml.MoMLSimpleApplication@6a6ac591
----------------- Done invoking toplevel() on ptolemy.moml.MoMLSimpleApplication@6a6ac591
reloadAllAccessors: .Gravitation

===========================================================================================
----------------- testing Sat Mar 23 03:54:30 UTC 2019 /home/travis/build/icyphy/ptII/ptolemy/domains/sdf/test/auto/GravitationWithCollisionDetection.xml
----------------- Instantiating /home/travis/build/icyphy/ptII/ptolemy/domains/sdf/test/auto/GravitationWithCollisionDetection.xml
6167 ms. Memory: 872448K Free: 325787K (37%)
----------------- Invoking toplevel() on ptolemy.moml.MoMLSimpleApplication@665fbc05
----------------- Done invoking toplevel() on ptolemy.moml.MoMLSimpleApplication@665fbc05
reloadAllAccessors: .GravitationWithCollisionDetection

===========================================================================================
----------------- testing Sat Mar 23 03:54:36 UTC 2019 /home/travis/build/icyphy/ptII/ptolemy/domains/sdf/test/auto/HDF.xml
----------------- Instantiating /home/travis/build/icyphy/ptII/ptolemy/domains/sdf/test/auto/HDF.xml
61 ms. Memory: 872448K Free: 293863K (34%)
----------------- Invoking toplevel() on ptolemy.moml.MoMLSimpleApplication@7b906b62
----------------- Done invoking toplevel() on ptolemy.moml.MoMLSimpleApplication@7b906b62
reloadAllAccessors: .HDF

===========================================================================================
----------------- testing Sat Mar 23 03:54:36 UTC 2019 /home/travis/build/icyphy/ptII/ptolemy/domains/sdf/test/auto/HDFwithTransientStates.xml
----------------- Instantiating /home/travis/build/icyphy/ptII/ptolemy/domains/sdf/test/auto/HDFwithTransientStates.xml
19 ms. Memory: 872448K Free: 270332K (31%)
----------------- Invoking toplevel() on ptolemy.moml.MoMLSimpleApplication@63001132
----------------- Done invoking toplevel() on ptolemy.moml.MoMLSimpleApplication@63001132
reloadAllAccessors: .HDFwithTransientStates

===========================================================================================
----------------- testing Sat Mar 23 03:54:36 UTC 2019 /home/travis/build/icyphy/ptII/ptolemy/domains/sdf/test/auto/HTVQ.xml
----------------- Instantiating /home/travis/build/icyphy/ptII/ptolemy/domains/sdf/test/auto/HTVQ.xml
803 ms. Memory: 872448K Free: 97758K (11%)
----------------- Invoking toplevel() on ptolemy.moml.MoMLSimpleApplication@6d78fc7a
----------------- Done invoking toplevel() on ptolemy.moml.MoMLSimpleApplication@6d78fc7a
reloadAllAccessors: .HTVQ

===========================================================================================
----------------- testing Sat Mar 23 03:54:37 UTC 2019 /home/travis/build/icyphy/ptII/ptolemy/domains/sdf/test/auto/InferInitProduction.xml
----------------- Instantiating /home/travis/build/icyphy/ptII/ptolemy/domains/sdf/test/auto/InferInitProduction.xml
8 ms. Memory: 872448K Free: 82071K (9%)
----------------- Invoking toplevel() on ptolemy.moml.MoMLSimpleApplication@6e30aa51
----------------- Done invoking toplevel() on ptolemy.moml.MoMLSimpleApplication@6e30aa51
reloadAllAccessors: .InferInitProduction

===========================================================================================
----------------- testing Sat Mar 23 03:54:37 UTC 2019 /home/travis/build/icyphy/ptII/ptolemy/domains/sdf/test/auto/InferInitProductionDeeper.xml
----------------- Instantiating /home/travis/build/icyphy/ptII/ptolemy/domains/sdf/test/auto/InferInitProductionDeeper.xml
23 ms. Memory: 872960K Free: 858048K (98%)
----------------- Invoking toplevel() on ptolemy.moml.MoMLSimpleApplication@615dfd53
----------------- Done invoking toplevel() on ptolemy.moml.MoMLSimpleApplication@615dfd53
reloadAllAccessors: .InferInitProductionDeeper

===========================================================================================
----------------- testing Sat Mar 23 03:54:37 UTC 2019 /home/travis/build/icyphy/ptII/ptolemy/domains/sdf/test/auto/LMSAdaptive.xml
----------------- Instantiating /home/travis/build/icyphy/ptII/ptolemy/domains/sdf/test/auto/LMSAdaptive.xml
25 ms. Memory: 872960K Free: 835258K (96%)
----------------- Invoking toplevel() on ptolemy.moml.MoMLSimpleApplication@23741826
----------------- Done invoking toplevel() on ptolemy.moml.MoMLSimpleApplication@23741826
reloadAllAccessors: .LMSAdaptive

===========================================================================================
----------------- testing Sat Mar 23 03:54:37 UTC 2019 /home/travis/build/icyphy/ptII/ptolemy/domains/sdf/test/auto/LogisticMap.xml
----------------- Instantiating /home/travis/build/icyphy/ptII/ptolemy/domains/sdf/test/auto/LogisticMap.xml
440 ms. Memory: 872960K Free: 824799K (94%)
----------------- Invoking toplevel() on ptolemy.moml.MoMLSimpleApplication@165513d5
----------------- Done invoking toplevel() on ptolemy.moml.MoMLSimpleApplication@165513d5
reloadAllAccessors: .LogisticMap

===========================================================================================
----------------- testing Sat Mar 23 03:54:38 UTC 2019 /home/travis/build/icyphy/ptII/ptolemy/domains/sdf/test/auto/MaximumEntropySpectrum.xml
----------------- Instantiating /home/travis/build/icyphy/ptII/ptolemy/domains/sdf/test/auto/MaximumEntropySpectrum.xml
71 ms. Memory: 872960K Free: 756699K (87%)
----------------- Invoking toplevel() on ptolemy.moml.MoMLSimpleApplication@56a71afa
----------------- Done invoking toplevel() on ptolemy.moml.MoMLSimpleApplication@56a71afa
reloadAllAccessors: .MaximumEntropySpectrum

===========================================================================================
----------------- testing Sat Mar 23 03:54:38 UTC 2019 /home/travis/build/icyphy/ptII/ptolemy/domains/sdf/test/auto/MultirateSDF.xml
----------------- Instantiating /home/travis/build/icyphy/ptII/ptolemy/domains/sdf/test/auto/MultirateSDF.xml
22 ms. Memory: 872960K Free: 735750K (84%)
----------------- Invoking toplevel() on ptolemy.moml.MoMLSimpleApplication@7aa7d957
----------------- Done invoking toplevel() on ptolemy.moml.MoMLSimpleApplication@7aa7d957
reloadAllAccessors: .MultirateSDF

===========================================================================================
----------------- testing Sat Mar 23 03:54:38 UTC 2019 /home/travis/build/icyphy/ptII/ptolemy/domains/sdf/test/auto/MultirateSDFwithTransientStates.xml
----------------- Instantiating /home/travis/build/icyphy/ptII/ptolemy/domains/sdf/test/auto/MultirateSDFwithTransientStates.xml
20 ms. Memory: 872960K Free: 714817K (82%)
----------------- Invoking toplevel() on ptolemy.moml.MoMLSimpleApplication@7aa1abd6
----------------- Done invoking toplevel() on ptolemy.moml.MoMLSimpleApplication@7aa1abd6
reloadAllAccessors: .MultirateSDFwithTransientStates

===========================================================================================
----------------- testing Sat Mar 23 03:54:38 UTC 2019 /home/travis/build/icyphy/ptII/ptolemy/domains/sdf/test/auto/NoisySinewave.xml
----------------- Instantiating /home/travis/build/icyphy/ptII/ptolemy/domains/sdf/test/auto/NoisySinewave.xml
15 ms. Memory: 872960K Free: 693868K (79%)
----------------- Invoking toplevel() on ptolemy.moml.MoMLSimpleApplication@5cbef11f
----------------- Done invoking toplevel() on ptolemy.moml.MoMLSimpleApplication@5cbef11f
reloadAllAccessors: .NoisySinewave

===========================================================================================
----------------- testing Sat Mar 23 03:54:38 UTC 2019 /home/travis/build/icyphy/ptII/ptolemy/domains/sdf/test/auto/Objects.xml
----------------- Instantiating /home/travis/build/icyphy/ptII/ptolemy/domains/sdf/test/auto/Objects.xml
5 ms. Memory: 872960K Free: 678180K (78%)
----------------- Invoking toplevel() on ptolemy.moml.MoMLSimpleApplication@542a4ef5
----------------- Done invoking toplevel() on ptolemy.moml.MoMLSimpleApplication@542a4ef5
reloadAllAccessors: .Objects

===========================================================================================
----------------- testing Sat Mar 23 03:54:38 UTC 2019 /home/travis/build/icyphy/ptII/ptolemy/domains/sdf/test/auto/OrthogonalCom.xml
----------------- Instantiating /home/travis/build/icyphy/ptII/ptolemy/domains/sdf/test/auto/OrthogonalCom.xml
9 ms. Memory: 872960K Free: 662493K (76%)
----------------- Invoking toplevel() on ptolemy.moml.MoMLSimpleApplication@7289d1af
----------------- Done invoking toplevel() on ptolemy.moml.MoMLSimpleApplication@7289d1af
reloadAllAccessors: .OrthogonalCom

===========================================================================================
----------------- testing Sat Mar 23 03:54:38 UTC 2019 /home/travis/build/icyphy/ptII/ptolemy/domains/sdf/test/auto/RijndaelEncryption.xml
----------------- Instantiating /home/travis/build/icyphy/ptII/ptolemy/domains/sdf/test/auto/RijndaelEncryption.xml
262 ms. Memory: 872960K Free: 500184K (57%)
----------------- Invoking toplevel() on ptolemy.moml.MoMLSimpleApplication@3e587e9b
----------------- Done invoking toplevel() on ptolemy.moml.MoMLSimpleApplication@3e587e9b
reloadAllAccessors: .RijndaelEncryption

===========================================================================================
----------------- testing Sat Mar 23 03:54:39 UTC 2019 /home/travis/build/icyphy/ptII/ptolemy/domains/sdf/test/auto/SDFEmptyIterations.xml
----------------- Instantiating /home/travis/build/icyphy/ptII/ptolemy/domains/sdf/test/auto/SDFEmptyIterations.xml
5 ms. Memory: 872960K Free: 486803K (56%)
----------------- Invoking toplevel() on ptolemy.moml.MoMLSimpleApplication@d3fa2e8
----------------- Done invoking toplevel() on ptolemy.moml.MoMLSimpleApplication@d3fa2e8
reloadAllAccessors: .SDFEmptyIterations

===========================================================================================
----------------- testing Sat Mar 23 03:54:39 UTC 2019 /home/travis/build/icyphy/ptII/ptolemy/domains/sdf/test/auto/Spectrum.xml
----------------- Instantiating /home/travis/build/icyphy/ptII/ptolemy/domains/sdf/test/auto/Spectrum.xml
35 ms. Memory: 872960K Free: 465870K (53%)
----------------- Invoking toplevel() on ptolemy.moml.MoMLSimpleApplication@10c29294
----------------- Done invoking toplevel() on ptolemy.moml.MoMLSimpleApplication@10c29294
reloadAllAccessors: .Spectrum

===========================================================================================
----------------- testing Sat Mar 23 03:54:39 UTC 2019 /home/travis/build/icyphy/ptII/ptolemy/domains/sdf/test/auto/de_inside_sdf.xml
----------------- Instantiating /home/travis/build/icyphy/ptII/ptolemy/domains/sdf/test/auto/de_inside_sdf.xml
9 ms. Memory: 872960K Free: 455412K (52%)
----------------- Invoking toplevel() on ptolemy.moml.MoMLSimpleApplication@1f3883f0
----------------- Done invoking toplevel() on ptolemy.moml.MoMLSimpleApplication@1f3883f0
reloadAllAccessors: .de_inside_sdf

===========================================================================================
----------------- testing Sat Mar 23 03:54:39 UTC 2019 /home/travis/build/icyphy/ptII/ptolemy/domains/sdf/test/auto/disconnectedHierarchicalSDF.xml
----------------- Instantiating /home/travis/build/icyphy/ptII/ptolemy/domains/sdf/test/auto/disconnectedHierarchicalSDF.xml
7 ms. Memory: 872960K Free: 444953K (51%)
----------------- Invoking toplevel() on ptolemy.moml.MoMLSimpleApplication@30ced6ce
----------------- Done invoking toplevel() on ptolemy.moml.MoMLSimpleApplication@30ced6ce
reloadAllAccessors: .disconnectedHierarchicalSDF

===========================================================================================
----------------- testing Sat Mar 23 03:54:39 UTC 2019 /home/travis/build/icyphy/ptII/ptolemy/domains/sdf/test/auto/disconnectedSDF.xml
----------------- Instantiating /home/travis/build/icyphy/ptII/ptolemy/domains/sdf/test/auto/disconnectedSDF.xml
2 ms. Memory: 872960K Free: 434495K (50%)
----------------- Invoking toplevel() on ptolemy.moml.MoMLSimpleApplication@4b86e16
----------------- Done invoking toplevel() on ptolemy.moml.MoMLSimpleApplication@4b86e16
reloadAllAccessors: .disconnectedSDF

===========================================================================================
----------------- testing Sat Mar 23 03:54:39 UTC 2019 /home/travis/build/icyphy/ptII/ptolemy/domains/sdf/test/auto/emptyRefinement.xml
----------------- Instantiating /home/travis/build/icyphy/ptII/ptolemy/domains/sdf/test/auto/emptyRefinement.xml
4 ms. Memory: 872960K Free: 424036K (49%)
----------------- Invoking toplevel() on ptolemy.moml.MoMLSimpleApplication@26c29839
----------------- Done invoking toplevel() on ptolemy.moml.MoMLSimpleApplication@26c29839
reloadAllAccessors: .emptyRefinement

===========================================================================================
----------------- testing Sat Mar 23 03:54:39 UTC 2019 /home/travis/build/icyphy/ptII/ptolemy/domains/sdf/test/auto/filePortParameter.xml
----------------- Instantiating /home/travis/build/icyphy/ptII/ptolemy/domains/sdf/test/auto/filePortParameter.xml
18 ms. Memory: 872960K Free: 408333K (47%)
----------------- Invoking toplevel() on ptolemy.moml.MoMLSimpleApplication@7016a61f
----------------- Done invoking toplevel() on ptolemy.moml.MoMLSimpleApplication@7016a61f
reloadAllAccessors: .filePortParameter

===========================================================================================
----------------- testing Sat Mar 23 03:54:39 UTC 2019 /home/travis/build/icyphy/ptII/ptolemy/domains/sdf/test/auto/inferRelationWidth1.xml
----------------- Instantiating /home/travis/build/icyphy/ptII/ptolemy/domains/sdf/test/auto/inferRelationWidth1.xml
3 ms. Memory: 872960K Free: 397874K (46%)
----------------- Invoking toplevel() on ptolemy.moml.MoMLSimpleApplication@1f7fa428
----------------- Done invoking toplevel() on ptolemy.moml.MoMLSimpleApplication@1f7fa428
reloadAllAccessors: .inferRelationWidth1

===========================================================================================
----------------- testing Sat Mar 23 03:54:39 UTC 2019 /home/travis/build/icyphy/ptII/ptolemy/domains/sdf/test/auto/initProductionInference.xml
----------------- Instantiating /home/travis/build/icyphy/ptII/ptolemy/domains/sdf/test/auto/initProductionInference.xml
6 ms. Memory: 872960K Free: 384493K (44%)
----------------- Invoking toplevel() on ptolemy.moml.MoMLSimpleApplication@458ab994
----------------- Done invoking toplevel() on ptolemy.moml.MoMLSimpleApplication@458ab994
reloadAllAccessors: .initProductionInference

===========================================================================================
----------------- testing Sat Mar 23 03:54:39 UTC 2019 /home/travis/build/icyphy/ptII/ptolemy/domains/sdf/test/auto/relationGroup.xml
----------------- Instantiating /home/travis/build/icyphy/ptII/ptolemy/domains/sdf/test/auto/relationGroup.xml
2 ms. Memory: 872960K Free: 374035K (43%)
----------------- Invoking toplevel() on ptolemy.moml.MoMLSimpleApplication@3560372d
----------------- Done invoking toplevel() on ptolemy.moml.MoMLSimpleApplication@3560372d
reloadAllAccessors: .relationGroup

===========================================================================================
----------------- testing Sat Mar 23 03:54:39 UTC 2019 /home/travis/build/icyphy/ptII/ptolemy/domains/sdf/test/auto/relationGroup10.xml
----------------- Instantiating /home/travis/build/icyphy/ptII/ptolemy/domains/sdf/test/auto/relationGroup10.xml
1 ms. Memory: 872960K Free: 363576K (42%)
----------------- Invoking toplevel() on ptolemy.moml.MoMLSimpleApplication@16999cf4
----------------- Done invoking toplevel() on ptolemy.moml.MoMLSimpleApplication@16999cf4
reloadAllAccessors: .relationGroup10

===========================================================================================
----------------- testing Sat Mar 23 03:54:39 UTC 2019 /home/travis/build/icyphy/ptII/ptolemy/domains/sdf/test/auto/relationGroup11.xml
----------------- Instantiating /home/travis/build/icyphy/ptII/ptolemy/domains/sdf/test/auto/relationGroup11.xml
3 ms. Memory: 872960K Free: 353118K (40%)
----------------- Invoking toplevel() on ptolemy.moml.MoMLSimpleApplication@65a1f79f
----------------- Done invoking toplevel() on ptolemy.moml.MoMLSimpleApplication@65a1f79f
reloadAllAccessors: .relationGroup11

===========================================================================================
----------------- testing Sat Mar 23 03:54:39 UTC 2019 /home/travis/build/icyphy/ptII/ptolemy/domains/sdf/test/auto/relationGroup12.xml
----------------- Instantiating /home/travis/build/icyphy/ptII/ptolemy/domains/sdf/test/auto/relationGroup12.xml
4 ms. Memory: 872960K Free: 342659K (39%)
----------------- Invoking toplevel() on ptolemy.moml.MoMLSimpleApplication@579a1206
----------------- Done invoking toplevel() on ptolemy.moml.MoMLSimpleApplication@579a1206
reloadAllAccessors: .relationGroup12

===========================================================================================
----------------- testing Sat Mar 23 03:54:39 UTC 2019 /home/travis/build/icyphy/ptII/ptolemy/domains/sdf/test/auto/relationGroup13.xml
----------------- Instantiating /home/travis/build/icyphy/ptII/ptolemy/domains/sdf/test/auto/relationGroup13.xml
9 ms. Memory: 872960K Free: 332201K (38%)
----------------- Invoking toplevel() on ptolemy.moml.MoMLSimpleApplication@16703872
----------------- Done invoking toplevel() on ptolemy.moml.MoMLSimpleApplication@16703872
reloadAllAccessors: .relationGroup13

===========================================================================================
----------------- testing Sat Mar 23 03:54:39 UTC 2019 /home/travis/build/icyphy/ptII/ptolemy/domains/sdf/test/auto/relationGroup14.xml
----------------- Instantiating /home/travis/build/icyphy/ptII/ptolemy/domains/sdf/test/auto/relationGroup14.xml
4 ms. Memory: 872960K Free: 321742K (37%)
----------------- Invoking toplevel() on ptolemy.moml.MoMLSimpleApplication@915c519
----------------- Done invoking toplevel() on ptolemy.moml.MoMLSimpleApplication@915c519
reloadAllAccessors: .relationGroup14

===========================================================================================
----------------- testing Sat Mar 23 03:54:39 UTC 2019 /home/travis/build/icyphy/ptII/ptolemy/domains/sdf/test/auto/relationGroup15.xml
----------------- Instantiating /home/travis/build/icyphy/ptII/ptolemy/domains/sdf/test/auto/relationGroup15.xml
2 ms. Memory: 872960K Free: 311284K (36%)
----------------- Invoking toplevel() on ptolemy.moml.MoMLSimpleApplication@5d5e4d89
----------------- Done invoking toplevel() on ptolemy.moml.MoMLSimpleApplication@5d5e4d89
reloadAllAccessors: .relationGroup15

===========================================================================================
----------------- testing Sat Mar 23 03:54:39 UTC 2019 /home/travis/build/icyphy/ptII/ptolemy/domains/sdf/test/auto/relationGroup2.xml
----------------- Instantiating /home/travis/build/icyphy/ptII/ptolemy/domains/sdf/test/auto/relationGroup2.xml
2 ms. Memory: 872960K Free: 300825K (34%)
----------------- Invoking toplevel() on ptolemy.moml.MoMLSimpleApplication@27bf1a04
----------------- Done invoking toplevel() on ptolemy.moml.MoMLSimpleApplication@27bf1a04
reloadAllAccessors: .relationGroup2

===========================================================================================
----------------- testing Sat Mar 23 03:54:39 UTC 2019 /home/travis/build/icyphy/ptII/ptolemy/domains/sdf/test/auto/relationGroup3.xml
----------------- Instantiating /home/travis/build/icyphy/ptII/ptolemy/domains/sdf/test/auto/relationGroup3.xml
2 ms. Memory: 872960K Free: 287445K (33%)
----------------- Invoking toplevel() on ptolemy.moml.MoMLSimpleApplication@9d9b560
----------------- Done invoking toplevel() on ptolemy.moml.MoMLSimpleApplication@9d9b560
reloadAllAccessors: .relationGroup3

===========================================================================================
----------------- testing Sat Mar 23 03:54:39 UTC 2019 /home/travis/build/icyphy/ptII/ptolemy/domains/sdf/test/auto/relationGroup4.xml
----------------- Instantiating /home/travis/build/icyphy/ptII/ptolemy/domains/sdf/test/auto/relationGroup4.xml
5 ms. Memory: 872960K Free: 276986K (32%)
----------------- Invoking toplevel() on ptolemy.moml.MoMLSimpleApplication@474c2c38
----------------- Done invoking toplevel() on ptolemy.moml.MoMLSimpleApplication@474c2c38
reloadAllAccessors: .relationGroup4

===========================================================================================
----------------- testing Sat Mar 23 03:54:39 UTC 2019 /home/travis/build/icyphy/ptII/ptolemy/domains/sdf/test/auto/relationGroup5.xml
----------------- Instantiating /home/travis/build/icyphy/ptII/ptolemy/domains/sdf/test/auto/relationGroup5.xml
2 ms. Memory: 872960K Free: 266528K (31%)
----------------- Invoking toplevel() on ptolemy.moml.MoMLSimpleApplication@1135fb51
----------------- Done invoking toplevel() on ptolemy.moml.MoMLSimpleApplication@1135fb51
reloadAllAccessors: .relationGroup5

===========================================================================================
----------------- testing Sat Mar 23 03:54:39 UTC 2019 /home/travis/build/icyphy/ptII/ptolemy/domains/sdf/test/auto/relationGroup6.xml
----------------- Instantiating /home/travis/build/icyphy/ptII/ptolemy/domains/sdf/test/auto/relationGroup6.xml
4 ms. Memory: 872960K Free: 256069K (29%)
----------------- Invoking toplevel() on ptolemy.moml.MoMLSimpleApplication@659d7d2a
----------------- Done invoking toplevel() on ptolemy.moml.MoMLSimpleApplication@659d7d2a
reloadAllAccessors: .relationGroup6

===========================================================================================
----------------- testing Sat Mar 23 03:54:39 UTC 2019 /home/travis/build/icyphy/ptII/ptolemy/domains/sdf/test/auto/relationGroup7.xml
----------------- Instantiating /home/travis/build/icyphy/ptII/ptolemy/domains/sdf/test/auto/relationGroup7.xml
1 ms. Memory: 872960K Free: 245611K (28%)
----------------- Invoking toplevel() on ptolemy.moml.MoMLSimpleApplication@3c9ecda8
----------------- Done invoking toplevel() on ptolemy.moml.MoMLSimpleApplication@3c9ecda8
reloadAllAccessors: .relationGroup7

===========================================================================================
----------------- testing Sat Mar 23 03:54:39 UTC 2019 /home/travis/build/icyphy/ptII/ptolemy/domains/sdf/test/auto/relationGroup8.xml
----------------- Instantiating /home/travis/build/icyphy/ptII/ptolemy/domains/sdf/test/auto/relationGroup8.xml
2 ms. Memory: 872960K Free: 235152K (27%)
----------------- Invoking toplevel() on ptolemy.moml.MoMLSimpleApplication@1602bff6
----------------- Done invoking toplevel() on ptolemy.moml.MoMLSimpleApplication@1602bff6
reloadAllAccessors: .relationGroup8

===========================================================================================
----------------- testing Sat Mar 23 03:54:39 UTC 2019 /home/travis/build/icyphy/ptII/ptolemy/domains/sdf/test/auto/relationGroup9.xml
----------------- Instantiating /home/travis/build/icyphy/ptII/ptolemy/domains/sdf/test/auto/relationGroup9.xml
6 ms. Memory: 872960K Free: 224694K (26%)
----------------- Invoking toplevel() on ptolemy.moml.MoMLSimpleApplication@1711e6b4
----------------- Done invoking toplevel() on ptolemy.moml.MoMLSimpleApplication@1711e6b4
reloadAllAccessors: .relationGroup9

===========================================================================================
----------------- testing Sat Mar 23 03:54:40 UTC 2019 /home/travis/build/icyphy/ptII/ptolemy/domains/sdf/test/auto/sdf_inside_de.xml
----------------- Instantiating /home/travis/build/icyphy/ptII/ptolemy/domains/sdf/test/auto/sdf_inside_de.xml
18 ms. Memory: 872960K Free: 208990K (24%)
----------------- Invoking toplevel() on ptolemy.moml.MoMLSimpleApplication@1db9eed9
----------------- Done invoking toplevel() on ptolemy.moml.MoMLSimpleApplication@1db9eed9
reloadAllAccessors: .sdf_inside_de

===========================================================================================
----------------- testing Sat Mar 23 03:54:40 UTC 2019 /home/travis/build/icyphy/ptII/ptolemy/domains/sdf/test/auto/sdf_inside_pn.xml
----------------- Instantiating /home/travis/build/icyphy/ptII/ptolemy/domains/sdf/test/auto/sdf_inside_pn.xml
40 ms. Memory: 872960K Free: 169463K (19%)
----------------- Invoking toplevel() on ptolemy.moml.MoMLSimpleApplication@19216a31
----------------- Done invoking toplevel() on ptolemy.moml.MoMLSimpleApplication@19216a31
reloadAllAccessors: .sdf_inside_pn

===========================================================================================
----------------- testing Sat Mar 23 03:54:40 UTC 2019 /home/travis/build/icyphy/ptII/ptolemy/domains/sdf/test/auto/sdf_sdf1.xml
----------------- Instantiating /home/travis/build/icyphy/ptII/ptolemy/domains/sdf/test/auto/sdf_sdf1.xml
7 ms. Memory: 872960K Free: 159005K (18%)
----------------- Invoking toplevel() on ptolemy.moml.MoMLSimpleApplication@60926833
----------------- Done invoking toplevel() on ptolemy.moml.MoMLSimpleApplication@60926833
reloadAllAccessors: .sdf_sdf1

===========================================================================================
----------------- testing Sat Mar 23 03:54:40 UTC 2019 /home/travis/build/icyphy/ptII/ptolemy/domains/sdf/test/auto/test1.xml
----------------- Instantiating /home/travis/build/icyphy/ptII/ptolemy/domains/sdf/test/auto/test1.xml
7 ms. Memory: 872960K Free: 148546K (17%)
----------------- Invoking toplevel() on ptolemy.moml.MoMLSimpleApplication@12855209
----------------- Done invoking toplevel() on ptolemy.moml.MoMLSimpleApplication@12855209
reloadAllAccessors: .test1

===========================================================================================
----------------- testing Sat Mar 23 03:54:40 UTC 2019 /home/travis/build/icyphy/ptII/ptolemy/domains/sdf/test/auto/time1.xml
----------------- Instantiating /home/travis/build/icyphy/ptII/ptolemy/domains/sdf/test/auto/time1.xml
2 ms. Memory: 872960K Free: 138088K (16%)
----------------- Invoking toplevel() on ptolemy.moml.MoMLSimpleApplication@ec397cd
----------------- Done invoking toplevel() on ptolemy.moml.MoMLSimpleApplication@ec397cd
reloadAllAccessors: .time1

===========================================================================================
----------------- testing Sat Mar 23 03:54:40 UTC 2019 /home/travis/build/icyphy/ptII/ptolemy/domains/sdf/test/auto/time2.xml
----------------- Instantiating /home/travis/build/icyphy/ptII/ptolemy/domains/sdf/test/auto/time2.xml
2 ms. Memory: 872960K Free: 127629K (15%)
----------------- Invoking toplevel() on ptolemy.moml.MoMLSimpleApplication@6e045619
----------------- Done invoking toplevel() on ptolemy.moml.MoMLSimpleApplication@6e045619
reloadAllAccessors: .time2

===========================================================================================
----------------- testing Sat Mar 23 03:54:40 UTC 2019 /home/travis/build/icyphy/ptII/ptolemy/domains/sdf/test/auto/time3.xml
----------------- Instantiating /home/travis/build/icyphy/ptII/ptolemy/domains/sdf/test/auto/time3.xml
8 ms. Memory: 872960K Free: 117171K (13%)
----------------- Invoking toplevel() on ptolemy.moml.MoMLSimpleApplication@4396de1c
----------------- Done invoking toplevel() on ptolemy.moml.MoMLSimpleApplication@4396de1c
reloadAllAccessors: .time3

===========================================================================================
----------------- testing Sat Mar 23 03:54:40 UTC 2019 /home/travis/build/icyphy/ptII/ptolemy/domains/sdf/test/auto/time4.xml
----------------- Instantiating /home/travis/build/icyphy/ptII/ptolemy/domains/sdf/test/auto/time4.xml
5 ms. Memory: 872960K Free: 106712K (12%)
----------------- Invoking toplevel() on ptolemy.moml.MoMLSimpleApplication@187add2e
----------------- Done invoking toplevel() on ptolemy.moml.MoMLSimpleApplication@187add2e
reloadAllAccessors: .time4

===========================================================================================
----------------- testing Sat Mar 23 03:54:40 UTC 2019 /home/travis/build/icyphy/ptII/ptolemy/domains/sdf/test/auto/time5.xml
----------------- Instantiating /home/travis/build/icyphy/ptII/ptolemy/domains/sdf/test/auto/time5.xml
4003 ms. Memory: 872960K Free: 96254K (11%)
----------------- Invoking toplevel() on ptolemy.moml.MoMLSimpleApplication@5be70a94
----------------- Done invoking toplevel() on ptolemy.moml.MoMLSimpleApplication@5be70a94
reloadAllAccessors: .time5

===========================================================================================
----------------- testing Sat Mar 23 03:54:44 UTC 2019 /home/travis/build/icyphy/ptII/ptolemy/domains/sdf/test/auto/typeSystem_Const_Integer_smallest_Type.xml
----------------- Instantiating /home/travis/build/icyphy/ptII/ptolemy/domains/sdf/test/auto/typeSystem_Const_Integer_smallest_Type.xml
3 ms. Memory: 872960K Free: 82873K (9%)
----------------- Invoking toplevel() on ptolemy.moml.MoMLSimpleApplication@6f57a050
----------------- Done invoking toplevel() on ptolemy.moml.MoMLSimpleApplication@6f57a050
reloadAllAccessors: .typeSystem_Const_Integer_smallest_Type

===========================================================================================
----------------- testing Sat Mar 23 03:54:44 UTC 2019 /home/travis/build/icyphy/ptII/ptolemy/domains/sdf/test/auto/typeSystem_declared_Inports_OutportTypeException.xml
----------------- Instantiating /home/travis/build/icyphy/ptII/ptolemy/domains/sdf/test/auto/typeSystem_declared_Inports_OutportTypeException.xml
.typeSystem_declared_Inports_OutportTypeException.TestExceptionAttribute: initialize() was not invoked, but wrapup() was.  This is unusual, but not always a problem.  For example, exporting JNLP will do this.
12 ms. Memory: 828928K Free: 814540K (98%)
----------------- Invoking toplevel() on ptolemy.moml.MoMLSimpleApplication@3704b50f
----------------- Done invoking toplevel() on ptolemy.moml.MoMLSimpleApplication@3704b50f
reloadAllAccessors: .typeSystem_declared_Inports_OutportTypeException

===========================================================================================
----------------- testing Sat Mar 23 03:54:44 UTC 2019 /home/travis/build/icyphy/ptII/ptolemy/domains/sdf/test/auto/typeSystem_oneDeclaredInportType_wrongTypeOutport.xml
----------------- Instantiating /home/travis/build/icyphy/ptII/ptolemy/domains/sdf/test/auto/typeSystem_oneDeclaredInportType_wrongTypeOutport.xml
8 ms. Memory: 828928K Free: 800173K (97%)
----------------- Invoking toplevel() on ptolemy.moml.MoMLSimpleApplication@56b35544
----------------- Done invoking toplevel() on ptolemy.moml.MoMLSimpleApplication@56b35544
reloadAllAccessors: .typeSystem_oneDeclaredInportType_wrongTypeOutport

===========================================================================================
----------------- testing Sat Mar 23 03:54:44 UTC 2019 /home/travis/build/icyphy/ptII/ptolemy/domains/sdf/test/auto/width.xml
----------------- Instantiating /home/travis/build/icyphy/ptII/ptolemy/domains/sdf/test/auto/width.xml
2 ms. Memory: 828928K Free: 790213K (95%)
----------------- Invoking toplevel() on ptolemy.moml.MoMLSimpleApplication@150b73d7
----------------- Done invoking toplevel() on ptolemy.moml.MoMLSimpleApplication@150b73d7
reloadAllAccessors: .width

===========================================================================================
----------------- testing Sat Mar 23 03:54:44 UTC 2019 /home/travis/build/icyphy/ptII/ptolemy/domains/sdf/test/auto/width2.xml
----------------- Instantiating /home/travis/build/icyphy/ptII/ptolemy/domains/sdf/test/auto/width2.xml
27 ms. Memory: 828928K Free: 780253K (94%)
----------------- Invoking toplevel() on ptolemy.moml.MoMLSimpleApplication@2a90b8a0
----------------- Done invoking toplevel() on ptolemy.moml.MoMLSimpleApplication@2a90b8a0
reloadAllAccessors: .width2

===========================================================================================
----------------- testing Sat Mar 23 03:54:44 UTC 2019 /home/travis/build/icyphy/ptII/ptolemy/domains/sdf/test/auto/width3.xml
----------------- Instantiating /home/travis/build/icyphy/ptII/ptolemy/domains/sdf/test/auto/width3.xml
27 ms. Memory: 828928K Free: 770292K (93%)
----------------- Invoking toplevel() on ptolemy.moml.MoMLSimpleApplication@6c1b0d4
----------------- Done invoking toplevel() on ptolemy.moml.MoMLSimpleApplication@6c1b0d4
reloadAllAccessors: .width3
AutoTests.java: About to close Vertx.
AutoTests.java: Vertx closed.
]]></system-out>
  <system-err><![CDATA[java.lang.RuntimeException: Execution failed
	at ptolemy.moml.MoMLSimpleApplication$UnloadThread.run(MoMLSimpleApplication.java:402)
Caused by: ptolemy.actor.sched.NotSchedulableException: No solution exists for the balance equations.
Graph is not consistent under the SDF domain detected on external port .rateConsistency.actor.port2
  in .rateConsistency.SDF Director.Scheduler
	at ptolemy.domains.sdf.kernel.SDFScheduler._propagatePort(SDFScheduler.java:1425)
	at ptolemy.domains.sdf.kernel.SDFScheduler._solveBalanceEquations(SDFScheduler.java:710)
	at ptolemy.domains.sdf.kernel.SDFScheduler._getSchedule(SDFScheduler.java:566)
	at ptolemy.actor.sched.Scheduler.getSchedule(Scheduler.java:189)
	at ptolemy.domains.sdf.kernel.SDFDirector.createSchedule(SDFDirector.java:408)
	at ptolemy.domains.sdf.kernel.SDFDirector.preinitialize(SDFDirector.java:764)
	at ptolemy.actor.CompositeActor.preinitialize(CompositeActor.java:1828)
	at ptolemy.actor.Manager.preinitializeAndResolveTypes(Manager.java:1040)
	at ptolemy.actor.Manager.initialize(Manager.java:710)
	at ptolemy.actor.Manager.execute(Manager.java:356)
	at ptolemy.actor.Manager.run(Manager.java:1263)
	at ptolemy.actor.Manager$PtolemyRunThread.run(Manager.java:1915)
java.lang.RuntimeException: Execution failed
	at ptolemy.moml.MoMLSimpleApplication$UnloadThread.run(MoMLSimpleApplication.java:402)
Caused by: ptolemy.kernel.util.IllegalActionException: Failed to compute schedule:
  in .badRateChanges.typed composite actor.SDF Director
Because:
The SDF rate parameter may change. This is not allowed in SDF models that will be run through the code generator.  If you don't care about code generation, then you might consider setting the allowRateChanges parameter of the SDF director to false.
  in .badRateChanges.typed composite actor.Repeat.output.tokenProductionRate
	at ptolemy.domains.sdf.kernel.SDFDirector.createSchedule(SDFDirector.java:418)
	at ptolemy.domains.sdf.kernel.SDFDirector.preinitialize(SDFDirector.java:764)
	at ptolemy.actor.CompositeActor.preinitialize(CompositeActor.java:1828)
	at ptolemy.actor.Director.preinitialize(Director.java:1302)
	at ptolemy.actor.Director.preinitialize(Director.java:1257)
	at ptolemy.domains.sdf.kernel.SDFDirector.preinitialize(SDFDirector.java:763)
	at ptolemy.actor.CompositeActor.preinitialize(CompositeActor.java:1828)
	at ptolemy.actor.Manager.preinitializeAndResolveTypes(Manager.java:1040)
	at ptolemy.actor.Manager.initialize(Manager.java:710)
	at ptolemy.actor.Manager.execute(Manager.java:356)
	at ptolemy.actor.Manager.run(Manager.java:1263)
	at ptolemy.actor.Manager$PtolemyRunThread.run(Manager.java:1915)
Caused by: ptolemy.kernel.util.IllegalActionException: The SDF rate parameter may change. This is not allowed in SDF models that will be run through the code generator.  If you don't care about code generation, then you might consider setting the allowRateChanges parameter of the SDF director to false.
  in .badRateChanges.typed composite actor.Repeat.output.tokenProductionRate
	at ptolemy.domains.sdf.kernel.SDFScheduler._assertDynamicRateVariable(SDFScheduler.java:931)
	at ptolemy.domains.sdf.kernel.SDFScheduler._checkDynamicRateVariables(SDFScheduler.java:339)
	at ptolemy.domains.sdf.kernel.SDFScheduler._getSchedule(SDFScheduler.java:527)
	at ptolemy.actor.sched.Scheduler.getSchedule(Scheduler.java:189)
	at ptolemy.domains.sdf.kernel.SDFDirector.createSchedule(SDFDirector.java:408)
	... 11 more
java.lang.RuntimeException: Execution failed
	at ptolemy.moml.MoMLSimpleApplication$UnloadThread.run(MoMLSimpleApplication.java:402)
Caused by: ptolemy.kernel.util.IllegalActionException: Failed to compute schedule:
  in .badRateChanges2.typed composite actor.SDF Director
Because:
The SDF rate parameter may change. This is not allowed in SDF models that will be run through the code generator.  If you don't care about code generation, then you might consider setting the allowRateChanges parameter of the SDF director to false.
  in .badRateChanges2.typed composite actor.Repeat.output.tokenProductionRate
	at ptolemy.domains.sdf.kernel.SDFDirector.createSchedule(SDFDirector.java:418)
	at ptolemy.domains.sdf.kernel.SDFDirector.preinitialize(SDFDirector.java:764)
	at ptolemy.actor.CompositeActor.preinitialize(CompositeActor.java:1828)
	at ptolemy.actor.Director.preinitialize(Director.java:1302)
	at ptolemy.actor.Director.preinitialize(Director.java:1257)
	at ptolemy.domains.sdf.kernel.SDFDirector.preinitialize(SDFDirector.java:763)
	at ptolemy.actor.CompositeActor.preinitialize(CompositeActor.java:1828)
	at ptolemy.actor.Manager.preinitializeAndResolveTypes(Manager.java:1040)
	at ptolemy.actor.Manager.initialize(Manager.java:710)
	at ptolemy.actor.Manager.execute(Manager.java:356)
	at ptolemy.actor.Manager.run(Manager.java:1263)
	at ptolemy.actor.Manager$PtolemyRunThread.run(Manager.java:1915)
Caused by: ptolemy.kernel.util.IllegalActionException: The SDF rate parameter may change. This is not allowed in SDF models that will be run through the code generator.  If you don't care about code generation, then you might consider setting the allowRateChanges parameter of the SDF director to false.
  in .badRateChanges2.typed composite actor.Repeat.output.tokenProductionRate
	at ptolemy.domains.sdf.kernel.SDFScheduler._assertDynamicRateVariable(SDFScheduler.java:931)
	at ptolemy.domains.sdf.kernel.SDFScheduler._checkDynamicRateVariables(SDFScheduler.java:339)
	at ptolemy.domains.sdf.kernel.SDFScheduler._getSchedule(SDFScheduler.java:527)
	at ptolemy.actor.sched.Scheduler.getSchedule(Scheduler.java:189)
	at ptolemy.domains.sdf.kernel.SDFDirector.createSchedule(SDFDirector.java:408)
	... 11 more
java.lang.RuntimeException: Execution failed
	at ptolemy.moml.MoMLSimpleApplication$UnloadThread.run(MoMLSimpleApplication.java:402)
Caused by: ptolemy.actor.sched.NotSchedulableException: Actors remain that cannot be scheduled!

There are several possible reasons:
* SDF Graphs with feedback loops should have an actor with a delay in the loop, such as a SampleDelay.
* The SDF director has an "allowDisconnectedGraphs"parameter, which, when true, permits disconnected SDF graphs.
* The token consumption rate and production rates might be mismatched.
Usually, actors produce one token or consume one token on a port.  To produce or consume multiple tokens per firing, add a "tokenConsumptionRate" or "tokenProductionRate" parameter to the appropriate port.
Unscheduled actors:
.partiallyConnected.Const2 
Scheduled actors:
.partiallyConnected.Const 
  in .partiallyConnected.SDF Director.Scheduler
	at ptolemy.domains.sdf.kernel.SDFScheduler._scheduleConnectedActors(SDFScheduler.java:1828)
	at ptolemy.domains.sdf.kernel.SDFScheduler._getSchedule(SDFScheduler.java:587)
	at ptolemy.actor.sched.Scheduler.getSchedule(Scheduler.java:189)
	at ptolemy.domains.sdf.kernel.SDFDirector.createSchedule(SDFDirector.java:408)
	at ptolemy.domains.sdf.kernel.SDFDirector.preinitialize(SDFDirector.java:764)
	at ptolemy.actor.CompositeActor.preinitialize(CompositeActor.java:1828)
	at ptolemy.actor.Manager.preinitializeAndResolveTypes(Manager.java:1040)
	at ptolemy.actor.Manager.initialize(Manager.java:710)
	at ptolemy.actor.Manager.execute(Manager.java:356)
	at ptolemy.actor.Manager.run(Manager.java:1263)
	at ptolemy.actor.Manager$PtolemyRunThread.run(Manager.java:1915)
]]></system-err>
</testsuite>
