<?xml version="1.0" encoding="UTF-8" ?>
<testsuite errors="0" failures="0" hostname="travis-job-d58519bb-3944-4694-8c38-d1390fecc79d" name="ptolemy.domains.continuous.test.junit.JUnitTclTest" skipped="0" tests="156" time="82.119" timestamp="2019-10-01T05:46:28">
  <properties>
[...]
</properties>
  <testcase classname="ptolemy.util.test.junit.TclTests" name="[0] ThereAreNoTclTests (RunTclFile)" time="0.009" />
  <testcase classname="ptolemy.util.test.junit.AutoKnownFailedTests" name="[0] ThereAreNoKnowFailedTests (RunModel)" time="0.007" />
  <testcase classname="ptolemy.util.test.junit.AutoNameArchTests" name="[0] ThereAreNoAutoArchTests (RunModel)" time="0.022" />
  <testcase classname="ptolemy.util.test.junit.AutoTests" name="[0] /home/travis/build/icyphy/ptII/ptolemy/domains/continuous/test/auto/BouncingBall.xml (RunModel)" time="3.453" />
  <testcase classname="ptolemy.util.test.junit.AutoTests" name="[1] /home/travis/build/icyphy/ptII/ptolemy/domains/continuous/test/auto/BouncingBallWithoutGR.xml (RunModel)" time="1.011" />
  <testcase classname="ptolemy.util.test.junit.AutoTests" name="[2] /home/travis/build/icyphy/ptII/ptolemy/domains/continuous/test/auto/Brownian.xml (RunModel)" time="0.064" />
  <testcase classname="ptolemy.util.test.junit.AutoTests" name="[3] /home/travis/build/icyphy/ptII/ptolemy/domains/continuous/test/auto/CarTracking.xml (RunModel)" time="4.156" />
  <testcase classname="ptolemy.util.test.junit.AutoTests" name="[4] /home/travis/build/icyphy/ptII/ptolemy/domains/continuous/test/auto/CartPendulum.xml (RunModel)" time="0.545" />
  <testcase classname="ptolemy.util.test.junit.AutoTests" name="[5] /home/travis/build/icyphy/ptII/ptolemy/domains/continuous/test/auto/CausalityInterface10.xml (RunModel)" time="0.046" />
  <testcase classname="ptolemy.util.test.junit.AutoTests" name="[6] /home/travis/build/icyphy/ptII/ptolemy/domains/continuous/test/auto/CausalityInterface11.xml (RunModel)" time="0.026" />
  <testcase classname="ptolemy.util.test.junit.AutoTests" name="[7] /home/travis/build/icyphy/ptII/ptolemy/domains/continuous/test/auto/CausalityInterface12.xml (RunModel)" time="0.036" />
  <testcase classname="ptolemy.util.test.junit.AutoTests" name="[8] /home/travis/build/icyphy/ptII/ptolemy/domains/continuous/test/auto/CausalityInterface13.xml (RunModel)" time="0.043" />
  <testcase classname="ptolemy.util.test.junit.AutoTests" name="[9] /home/travis/build/icyphy/ptII/ptolemy/domains/continuous/test/auto/CausalityInterface14.xml (RunModel)" time="0.034" />
  <testcase classname="ptolemy.util.test.junit.AutoTests" name="[10] /home/travis/build/icyphy/ptII/ptolemy/domains/continuous/test/auto/CausalityInterface4.xml (RunModel)" time="0.028" />
  <testcase classname="ptolemy.util.test.junit.AutoTests" name="[11] /home/travis/build/icyphy/ptII/ptolemy/domains/continuous/test/auto/CausalityInterface5.xml (RunModel)" time="0.046" />
  <testcase classname="ptolemy.util.test.junit.AutoTests" name="[12] /home/travis/build/icyphy/ptII/ptolemy/domains/continuous/test/auto/CausalityInterface6.xml (RunModel)" time="0.025" />
  <testcase classname="ptolemy.util.test.junit.AutoTests" name="[13] /home/travis/build/icyphy/ptII/ptolemy/domains/continuous/test/auto/CausalityInterface7.xml (RunModel)" time="0.043" />
  <testcase classname="ptolemy.util.test.junit.AutoTests" name="[14] /home/travis/build/icyphy/ptII/ptolemy/domains/continuous/test/auto/CausalityInterface8.xml (RunModel)" time="0.048" />
  <testcase classname="ptolemy.util.test.junit.AutoTests" name="[15] /home/travis/build/icyphy/ptII/ptolemy/domains/continuous/test/auto/CausalityInterface9.xml (RunModel)" time="0.053" />
  <testcase classname="ptolemy.util.test.junit.AutoTests" name="[16] /home/travis/build/icyphy/ptII/ptolemy/domains/continuous/test/auto/CausalityInterfaceFeedback1.xml (RunModel)" time="0.032" />
  <testcase classname="ptolemy.util.test.junit.AutoTests" name="[17] /home/travis/build/icyphy/ptII/ptolemy/domains/continuous/test/auto/CausalityInterfaceFeedback2.xml (RunModel)" time="0.036" />
  <testcase classname="ptolemy.util.test.junit.AutoTests" name="[18] /home/travis/build/icyphy/ptII/ptolemy/domains/continuous/test/auto/CompareWithCurrentTime.xml (RunModel)" time="0.023" />
  <testcase classname="ptolemy.util.test.junit.AutoTests" name="[19] /home/travis/build/icyphy/ptII/ptolemy/domains/continuous/test/auto/ComparedClocks.xml (RunModel)" time="0.088" />
  <testcase classname="ptolemy.util.test.junit.AutoTests" name="[20] /home/travis/build/icyphy/ptII/ptolemy/domains/continuous/test/auto/ContinuousAOCClone.xml (RunModel)" time="2.81" />
  <testcase classname="ptolemy.util.test.junit.AutoTests" name="[21] /home/travis/build/icyphy/ptII/ptolemy/domains/continuous/test/auto/ContinuousClock.xml (RunModel)" time="0.108" />
  <testcase classname="ptolemy.util.test.junit.AutoTests" name="[22] /home/travis/build/icyphy/ptII/ptolemy/domains/continuous/test/auto/ContinuousInContinuous.xml (RunModel)" time="0.085" />
  <testcase classname="ptolemy.util.test.junit.AutoTests" name="[23] /home/travis/build/icyphy/ptII/ptolemy/domains/continuous/test/auto/ContinuousInContinuousInContinuous.xml (RunModel)" time="0.024" />
  <testcase classname="ptolemy.util.test.junit.AutoTests" name="[24] /home/travis/build/icyphy/ptII/ptolemy/domains/continuous/test/auto/ContinuousInDE.xml (RunModel)" time="0.09" />
  <testcase classname="ptolemy.util.test.junit.AutoTests" name="[25] /home/travis/build/icyphy/ptII/ptolemy/domains/continuous/test/auto/ContinuousInDE2.xml (RunModel)" time="0.078" />
  <testcase classname="ptolemy.util.test.junit.AutoTests" name="[26] /home/travis/build/icyphy/ptII/ptolemy/domains/continuous/test/auto/ContinuousInDE3.xml (RunModel)" time="0.059" />
  <testcase classname="ptolemy.util.test.junit.AutoTests" name="[27] /home/travis/build/icyphy/ptII/ptolemy/domains/continuous/test/auto/ContinuousInDE4.xml (RunModel)" time="0.037" />
  <testcase classname="ptolemy.util.test.junit.AutoTests" name="[28] /home/travis/build/icyphy/ptII/ptolemy/domains/continuous/test/auto/ContinuousInDEDifferentRefinements.xml (RunModel)" time="0.083" />
  <testcase classname="ptolemy.util.test.junit.AutoTests" name="[29] /home/travis/build/icyphy/ptII/ptolemy/domains/continuous/test/auto/ContinuousInDEDifferentRefinementsPreemptive.xml (RunModel)" time="0.102" />
  <testcase classname="ptolemy.util.test.junit.AutoTests" name="[30] /home/travis/build/icyphy/ptII/ptolemy/domains/continuous/test/auto/ContinuousInDEInContinuous2.xml (RunModel)" time="0.056" />
  <testcase classname="ptolemy.util.test.junit.AutoTests" name="[31] /home/travis/build/icyphy/ptII/ptolemy/domains/continuous/test/auto/ContinuousInDEInContinuous3.xml (RunModel)" time="0.059" />
  <testcase classname="ptolemy.util.test.junit.AutoTests" name="[32] /home/travis/build/icyphy/ptII/ptolemy/domains/continuous/test/auto/ContinuousInDEInput.xml (RunModel)" time="0.038" />
  <testcase classname="ptolemy.util.test.junit.AutoTests" name="[33] /home/travis/build/icyphy/ptII/ptolemy/domains/continuous/test/auto/ContinuousInDEInput2.xml (RunModel)" time="0.036" />
  <testcase classname="ptolemy.util.test.junit.AutoTests" name="[34] /home/travis/build/icyphy/ptII/ptolemy/domains/continuous/test/auto/ContinuousInDEInput3.xml (RunModel)" time="0.035" />
  <testcase classname="ptolemy.util.test.junit.AutoTests" name="[35] /home/travis/build/icyphy/ptII/ptolemy/domains/continuous/test/auto/ContinuousInDESharingRefinement.xml (RunModel)" time="0.172" />
  <testcase classname="ptolemy.util.test.junit.AutoTests" name="[36] /home/travis/build/icyphy/ptII/ptolemy/domains/continuous/test/auto/ContinuousInDEwithNoPorts.xml (RunModel)" time="0.018" />
  <testcase classname="ptolemy.util.test.junit.AutoTests" name="[37] /home/travis/build/icyphy/ptII/ptolemy/domains/continuous/test/auto/ContinuousInsideDE.xml (RunModel)" time="0.098" />
  <testcase classname="ptolemy.util.test.junit.AutoTests" name="[38] /home/travis/build/icyphy/ptII/ptolemy/domains/continuous/test/auto/ContinuousMerge1.xml (RunModel)" time="0.017" />
  <testcase classname="ptolemy.util.test.junit.AutoTests" name="[39] /home/travis/build/icyphy/ptII/ptolemy/domains/continuous/test/auto/ContinuousMerge2.xml (RunModel)" time="0.05" />
  <testcase classname="ptolemy.util.test.junit.AutoTests" name="[40] /home/travis/build/icyphy/ptII/ptolemy/domains/continuous/test/auto/ContinuousMerge3.xml (RunModel)" time="0.084" />
  <testcase classname="ptolemy.util.test.junit.AutoTests" name="[41] /home/travis/build/icyphy/ptII/ptolemy/domains/continuous/test/auto/ContinuousWithinContinuous.xml (RunModel)" time="0.064" />
  <testcase classname="ptolemy.util.test.junit.AutoTests" name="[42] /home/travis/build/icyphy/ptII/ptolemy/domains/continuous/test/auto/ContinuousWithinContinuous2.xml (RunModel)" time="0.111" />
  <testcase classname="ptolemy.util.test.junit.AutoTests" name="[43] /home/travis/build/icyphy/ptII/ptolemy/domains/continuous/test/auto/ContinuousWithinContinuous3.xml (RunModel)" time="0.031" />
  <testcase classname="ptolemy.util.test.junit.AutoTests" name="[44] /home/travis/build/icyphy/ptII/ptolemy/domains/continuous/test/auto/ContinuousWithinContinuous4.xml (RunModel)" time="0.125" />
  <testcase classname="ptolemy.util.test.junit.AutoTests" name="[45] /home/travis/build/icyphy/ptII/ptolemy/domains/continuous/test/auto/ContinuousWithinContinuous5.xml (RunModel)" time="0.048" />
  <testcase classname="ptolemy.util.test.junit.AutoTests" name="[46] /home/travis/build/icyphy/ptII/ptolemy/domains/continuous/test/auto/ContinuousWithinContinuous6.xml (RunModel)" time="0.057" />
  <testcase classname="ptolemy.util.test.junit.AutoTests" name="[47] /home/travis/build/icyphy/ptII/ptolemy/domains/continuous/test/auto/ContinuousWithinContinuous7.xml (RunModel)" time="0.118" />
  <testcase classname="ptolemy.util.test.junit.AutoTests" name="[48] /home/travis/build/icyphy/ptII/ptolemy/domains/continuous/test/auto/DCMotor.xml (RunModel)" time="15.777" />
  <testcase classname="ptolemy.util.test.junit.AutoTests" name="[49] /home/travis/build/icyphy/ptII/ptolemy/domains/continuous/test/auto/DEInContinuous.xml (RunModel)" time="0.038" />
  <testcase classname="ptolemy.util.test.junit.AutoTests" name="[50] /home/travis/build/icyphy/ptII/ptolemy/domains/continuous/test/auto/DEinContinuous2.xml (RunModel)" time="0.031" />
  <testcase classname="ptolemy.util.test.junit.AutoTests" name="[51] /home/travis/build/icyphy/ptII/ptolemy/domains/continuous/test/auto/Derivative.xml (RunModel)" time="0.186" />
  <testcase classname="ptolemy.util.test.junit.AutoTests" name="[52] /home/travis/build/icyphy/ptII/ptolemy/domains/continuous/test/auto/Derivative1.xml (RunModel)" time="0.047" />
  <testcase classname="ptolemy.util.test.junit.AutoTests" name="[53] /home/travis/build/icyphy/ptII/ptolemy/domains/continuous/test/auto/DiscreteClock.xml (RunModel)" time="0.012" />
  <testcase classname="ptolemy.util.test.junit.AutoTests" name="[54] /home/travis/build/icyphy/ptII/ptolemy/domains/continuous/test/auto/EfficiencyCurve.xml (RunModel)" time="0.078" />
  <testcase classname="ptolemy.util.test.junit.AutoTests" name="[55] /home/travis/build/icyphy/ptII/ptolemy/domains/continuous/test/auto/ExponentialResponse.xml (RunModel)" time="0.117" />
  <testcase classname="ptolemy.util.test.junit.AutoTests" name="[56] /home/travis/build/icyphy/ptII/ptolemy/domains/continuous/test/auto/ExponentialResponseRK45.xml (RunModel)" time="0.033" />
  <testcase classname="ptolemy.util.test.junit.AutoTests" name="[57] /home/travis/build/icyphy/ptII/ptolemy/domains/continuous/test/auto/Friction.xml (RunModel)" time="1.689" />
  <testcase classname="ptolemy.util.test.junit.AutoTests" name="[58] /home/travis/build/icyphy/ptII/ptolemy/domains/continuous/test/auto/FurutaPendulum.xml (RunModel)" time="3.9" />
  <testcase classname="ptolemy.util.test.junit.AutoTests" name="[59] /home/travis/build/icyphy/ptII/ptolemy/domains/continuous/test/auto/HierarchicalExecution.xml (RunModel)" time="2.446" />
  <testcase classname="ptolemy.util.test.junit.AutoTests" name="[60] /home/travis/build/icyphy/ptII/ptolemy/domains/continuous/test/auto/HybridPlant.xml (RunModel)" time="0.61" />
  <testcase classname="ptolemy.util.test.junit.AutoTests" name="[61] /home/travis/build/icyphy/ptII/ptolemy/domains/continuous/test/auto/Hysteresis.xml (RunModel)" time="0.204" />
  <testcase classname="ptolemy.util.test.junit.AutoTests" name="[62] /home/travis/build/icyphy/ptII/ptolemy/domains/continuous/test/auto/HysteresisWithRandomDelay.xml (RunModel)" time="0.246" />
  <testcase classname="ptolemy.util.test.junit.AutoTests" name="[63] /home/travis/build/icyphy/ptII/ptolemy/domains/continuous/test/auto/HysteresisWithRandomLosses.xml (RunModel)" time="2.768" />
  <testcase classname="ptolemy.util.test.junit.AutoTests" name="[64] /home/travis/build/icyphy/ptII/ptolemy/domains/continuous/test/auto/ImmediateTransitions.xml (RunModel)" time="0.032" />
  <testcase classname="ptolemy.util.test.junit.AutoTests" name="[65] /home/travis/build/icyphy/ptII/ptolemy/domains/continuous/test/auto/ImpulseFeedback.xml (RunModel)" time="0.022" />
  <testcase classname="ptolemy.util.test.junit.AutoTests" name="[66] /home/travis/build/icyphy/ptII/ptolemy/domains/continuous/test/auto/ImpulseFeedback2.xml (RunModel)" time="0.026" />
  <testcase classname="ptolemy.util.test.junit.AutoTests" name="[67] /home/travis/build/icyphy/ptII/ptolemy/domains/continuous/test/auto/IncreasingRatePoisson.xml (RunModel)" time="0.832" />
  <testcase classname="ptolemy.util.test.junit.AutoTests" name="[68] /home/travis/build/icyphy/ptII/ptolemy/domains/continuous/test/auto/InitialStateFeedback.xml (RunModel)" time="0.02" />
  <testcase classname="ptolemy.util.test.junit.AutoTests" name="[69] /home/travis/build/icyphy/ptII/ptolemy/domains/continuous/test/auto/Integration.xml (RunModel)" time="0.01" />
  <testcase classname="ptolemy.util.test.junit.AutoTests" name="[70] /home/travis/build/icyphy/ptII/ptolemy/domains/continuous/test/auto/Integration2.xml (RunModel)" time="0.097" />
  <testcase classname="ptolemy.util.test.junit.AutoTests" name="[71] /home/travis/build/icyphy/ptII/ptolemy/domains/continuous/test/auto/Integration3.xml (RunModel)" time="0.015" />
  <testcase classname="ptolemy.util.test.junit.AutoTests" name="[72] /home/travis/build/icyphy/ptII/ptolemy/domains/continuous/test/auto/Integration5.xml (RunModel)" time="0.022" />
  <testcase classname="ptolemy.util.test.junit.AutoTests" name="[73] /home/travis/build/icyphy/ptII/ptolemy/domains/continuous/test/auto/IntegratorImpulse.xml (RunModel)" time="0.013" />
  <testcase classname="ptolemy.util.test.junit.AutoTests" name="[74] /home/travis/build/icyphy/ptII/ptolemy/domains/continuous/test/auto/IntegratorImpulse2.xml (RunModel)" time="0.014" />
  <testcase classname="ptolemy.util.test.junit.AutoTests" name="[75] /home/travis/build/icyphy/ptII/ptolemy/domains/continuous/test/auto/LevelCrossing1.xml (RunModel)" time="0.013" />
  <testcase classname="ptolemy.util.test.junit.AutoTests" name="[76] /home/travis/build/icyphy/ptII/ptolemy/domains/continuous/test/auto/LevelCrossing2.xml (RunModel)" time="0.022" />
  <testcase classname="ptolemy.util.test.junit.AutoTests" name="[77] /home/travis/build/icyphy/ptII/ptolemy/domains/continuous/test/auto/LevelCrossing3.xml (RunModel)" time="0.017" />
  <testcase classname="ptolemy.util.test.junit.AutoTests" name="[78] /home/travis/build/icyphy/ptII/ptolemy/domains/continuous/test/auto/LevelCrossing4.xml (RunModel)" time="0.015" />
  <testcase classname="ptolemy.util.test.junit.AutoTests" name="[79] /home/travis/build/icyphy/ptII/ptolemy/domains/continuous/test/auto/LevelCrossing5.xml (RunModel)" time="0.017" />
  <testcase classname="ptolemy.util.test.junit.AutoTests" name="[80] /home/travis/build/icyphy/ptII/ptolemy/domains/continuous/test/auto/LevelCrossing6.xml (RunModel)" time="0.015" />
  <testcase classname="ptolemy.util.test.junit.AutoTests" name="[81] /home/travis/build/icyphy/ptII/ptolemy/domains/continuous/test/auto/LevelCrossingDetector.xml (RunModel)" time="0.04" />
  <testcase classname="ptolemy.util.test.junit.AutoTests" name="[82] /home/travis/build/icyphy/ptII/ptolemy/domains/continuous/test/auto/LevelCrossingDetectorDetectingDirections.xml (RunModel)" time="0.101" />
  <testcase classname="ptolemy.util.test.junit.AutoTests" name="[83] /home/travis/build/icyphy/ptII/ptolemy/domains/continuous/test/auto/LevelCrossingDetectorDetectsGlitches.xml (RunModel)" time="0.077" />
  <testcase classname="ptolemy.util.test.junit.AutoTests" name="[84] /home/travis/build/icyphy/ptII/ptolemy/domains/continuous/test/auto/LevelCrossingNoInitialOuput.xml (RunModel)" time="0.022" />
  <testcase classname="ptolemy.util.test.junit.AutoTests" name="[85] /home/travis/build/icyphy/ptII/ptolemy/domains/continuous/test/auto/LinearStateSpaceExample.xml (RunModel)" time="0.084" />
  <testcase classname="ptolemy.util.test.junit.AutoTests" name="[86] /home/travis/build/icyphy/ptII/ptolemy/domains/continuous/test/auto/Lorenz.xml (RunModel)" time="4.346" />
  <testcase classname="ptolemy.util.test.junit.AutoTests" name="[87] /home/travis/build/icyphy/ptII/ptolemy/domains/continuous/test/auto/LorenzDifferentialSystem.xml (RunModel)" time="1.036" />
  <testcase classname="ptolemy.util.test.junit.AutoTests" name="[88] /home/travis/build/icyphy/ptII/ptolemy/domains/continuous/test/auto/LorenzDifferentialSystemWithInput.xml (RunModel)" time="1.384" />
  <testcase classname="ptolemy.util.test.junit.AutoTests" name="[89] /home/travis/build/icyphy/ptII/ptolemy/domains/continuous/test/auto/LorenzDifferentialSystemWithTime.xml (RunModel)" time="0.788" />
  <testcase classname="ptolemy.util.test.junit.AutoTests" name="[90] /home/travis/build/icyphy/ptII/ptolemy/domains/continuous/test/auto/Microsteps.xml (RunModel)" time="0.024" />
  <testcase classname="ptolemy.util.test.junit.AutoTests" name="[91] /home/travis/build/icyphy/ptII/ptolemy/domains/continuous/test/auto/Modal1.xml (RunModel)" time="0.051" />
  <testcase classname="ptolemy.util.test.junit.AutoTests" name="[92] /home/travis/build/icyphy/ptII/ptolemy/domains/continuous/test/auto/Modal2.xml (RunModel)" time="0.063" />
  <testcase classname="ptolemy.util.test.junit.AutoTests" name="[93] /home/travis/build/icyphy/ptII/ptolemy/domains/continuous/test/auto/ModalTransitionGuardWithReset.xml (RunModel)" time="0.03" />
  <testcase classname="ptolemy.util.test.junit.AutoTests" name="[94] /home/travis/build/icyphy/ptII/ptolemy/domains/continuous/test/auto/ModalTransitionGuardWithResetUsingPreemptiveTransition.xml (RunModel)" time="0.036" />
  <testcase classname="ptolemy.util.test.junit.AutoTests" name="[95] /home/travis/build/icyphy/ptII/ptolemy/domains/continuous/test/auto/ModalTransitionGuardWithResetUsingPreemptiveTransition2.xml (RunModel)" time="0.049" />
  <testcase classname="ptolemy.util.test.junit.AutoTests" name="[96] /home/travis/build/icyphy/ptII/ptolemy/domains/continuous/test/auto/ModalTransitionGuardWithResetUsingPreemptiveTransition3.xml (RunModel)" time="0.05" />
  <testcase classname="ptolemy.util.test.junit.AutoTests" name="[97] /home/travis/build/icyphy/ptII/ptolemy/domains/continuous/test/auto/NewtonsCradle.xml (RunModel)" time="0.927" />
  <testcase classname="ptolemy.util.test.junit.AutoTests" name="[98] /home/travis/build/icyphy/ptII/ptolemy/domains/continuous/test/auto/NewtonsCradleAnimated.xml (RunModel)" time="1.409" />
  <testcase classname="ptolemy.util.test.junit.AutoTests" name="[99] /home/travis/build/icyphy/ptII/ptolemy/domains/continuous/test/auto/NewtonsCradleComplicated.xml (RunModel)" time="1.138" />
  <testcase classname="ptolemy.util.test.junit.AutoTests" name="[100] /home/travis/build/icyphy/ptII/ptolemy/domains/continuous/test/auto/NewtonsCradleNondeterministic.xml (RunModel)" time="0.726" />
  <testcase classname="ptolemy.util.test.junit.AutoTests" name="[101] /home/travis/build/icyphy/ptII/ptolemy/domains/continuous/test/auto/NewtonsCradlePerfectlyInelastic1.xml (RunModel)" time="1.344" />
  <testcase classname="ptolemy.util.test.junit.AutoTests" name="[102] /home/travis/build/icyphy/ptII/ptolemy/domains/continuous/test/auto/Noise.xml (RunModel)" time="0.22" />
  <testcase classname="ptolemy.util.test.junit.AutoTests" name="[103] /home/travis/build/icyphy/ptII/ptolemy/domains/continuous/test/auto/NoiseSpectrum.xml (RunModel)" time="0.93" />
  <testcase classname="ptolemy.util.test.junit.AutoTests" name="[104] /home/travis/build/icyphy/ptII/ptolemy/domains/continuous/test/auto/ParameterizedNewtonsCradleAnimated.xml (RunModel)" time="0.411" />
  <testcase classname="ptolemy.util.test.junit.AutoTests" name="[105] /home/travis/build/icyphy/ptII/ptolemy/domains/continuous/test/auto/ParameterizedNewtonsCradleAnimatedNondeterministic.xml (RunModel)" time="1.261" />
  <testcase classname="ptolemy.util.test.junit.AutoTests" name="[106] /home/travis/build/icyphy/ptII/ptolemy/domains/continuous/test/auto/Pendulum3D.xml (RunModel)" time="0.174" />
  <testcase classname="ptolemy.util.test.junit.AutoTests" name="[107] /home/travis/build/icyphy/ptII/ptolemy/domains/continuous/test/auto/PeriodicSampler.xml (RunModel)" time="0.011" />
  <testcase classname="ptolemy.util.test.junit.AutoTests" name="[108] /home/travis/build/icyphy/ptII/ptolemy/domains/continuous/test/auto/PeriodicSampler1.xml (RunModel)" time="0.042" />
  <testcase classname="ptolemy.util.test.junit.AutoTests" name="[109] /home/travis/build/icyphy/ptII/ptolemy/domains/continuous/test/auto/PeriodicSampler2.xml (RunModel)" time="0.077" />
  <testcase classname="ptolemy.util.test.junit.AutoTests" name="[110] /home/travis/build/icyphy/ptII/ptolemy/domains/continuous/test/auto/Poisson.xml (RunModel)" time="0.511" />
  <testcase classname="ptolemy.util.test.junit.AutoTests" name="[111] /home/travis/build/icyphy/ptII/ptolemy/domains/continuous/test/auto/PoissonClock.xml (RunModel)" time="0.016" />
  <testcase classname="ptolemy.util.test.junit.AutoTests" name="[112] /home/travis/build/icyphy/ptII/ptolemy/domains/continuous/test/auto/PoissonClock2.xml (RunModel)" time="0.013" />
  <testcase classname="ptolemy.util.test.junit.AutoTests" name="[113] /home/travis/build/icyphy/ptII/ptolemy/domains/continuous/test/auto/PortParameterHierarchy.xml (RunModel)" time="0.025" />
  <testcase classname="ptolemy.util.test.junit.AutoTests" name="[114] /home/travis/build/icyphy/ptII/ptolemy/domains/continuous/test/auto/RandomHybridPlant.xml (RunModel)" time="0.594" />
  <testcase classname="ptolemy.util.test.junit.AutoTests" name="[115] /home/travis/build/icyphy/ptII/ptolemy/domains/continuous/test/auto/ResetTransitionWithStartTime1.xml (RunModel)" time="0.039" />
  <testcase classname="ptolemy.util.test.junit.AutoTests" name="[116] /home/travis/build/icyphy/ptII/ptolemy/domains/continuous/test/auto/ResetTransitionWithStartTime2.xml (RunModel)" time="0.041" />
  <testcase classname="ptolemy.util.test.junit.AutoTests" name="[117] /home/travis/build/icyphy/ptII/ptolemy/domains/continuous/test/auto/ResetTransitionWithStartTime3.xml (RunModel)" time="0.046" />
  <testcase classname="ptolemy.util.test.junit.AutoTests" name="[118] /home/travis/build/icyphy/ptII/ptolemy/domains/continuous/test/auto/ResetTransitionWithStartTime4.xml (RunModel)" time="0.036" />
  <testcase classname="ptolemy.util.test.junit.AutoTests" name="[119] /home/travis/build/icyphy/ptII/ptolemy/domains/continuous/test/auto/ResetTransitionWithStartTime5.xml (RunModel)" time="0.037" />
  <testcase classname="ptolemy.util.test.junit.AutoTests" name="[120] /home/travis/build/icyphy/ptII/ptolemy/domains/continuous/test/auto/ResetTransitionWithStartTime6.xml (RunModel)" time="0.03" />
  <testcase classname="ptolemy.util.test.junit.AutoTests" name="[121] /home/travis/build/icyphy/ptII/ptolemy/domains/continuous/test/auto/SRinContinuous.xml (RunModel)" time="0.03" />
  <testcase classname="ptolemy.util.test.junit.AutoTests" name="[122] /home/travis/build/icyphy/ptII/ptolemy/domains/continuous/test/auto/SampledClocks.xml (RunModel)" time="0.039" />
  <testcase classname="ptolemy.util.test.junit.AutoTests" name="[123] /home/travis/build/icyphy/ptII/ptolemy/domains/continuous/test/auto/Satellite.xml (RunModel)" time="0.983" />
  <testcase classname="ptolemy.util.test.junit.AutoTests" name="[124] /home/travis/build/icyphy/ptII/ptolemy/domains/continuous/test/auto/SigmaDelta.xml (RunModel)" time="2.536" />
  <testcase classname="ptolemy.util.test.junit.AutoTests" name="[125] /home/travis/build/icyphy/ptII/ptolemy/domains/continuous/test/auto/SingleRefinement.xml (RunModel)" time="0.489" />
  <testcase classname="ptolemy.util.test.junit.AutoTests" name="[126] /home/travis/build/icyphy/ptII/ptolemy/domains/continuous/test/auto/SinuBouncingBall.xml (RunModel)" time="0.932" />
  <testcase classname="ptolemy.util.test.junit.AutoTests" name="[127] /home/travis/build/icyphy/ptII/ptolemy/domains/continuous/test/auto/Sinusoid.xml (RunModel)" time="0.021" />
  <testcase classname="ptolemy.util.test.junit.AutoTests" name="[128] /home/travis/build/icyphy/ptII/ptolemy/domains/continuous/test/auto/SinusoidInNoise.xml (RunModel)" time="1.038" />
  <testcase classname="ptolemy.util.test.junit.AutoTests" name="[129] /home/travis/build/icyphy/ptII/ptolemy/domains/continuous/test/auto/SinusoidRK45.xml (RunModel)" time="0.028" />
  <testcase classname="ptolemy.util.test.junit.AutoTests" name="[130] /home/travis/build/icyphy/ptII/ptolemy/domains/continuous/test/auto/SinusoidWithMultipleImpulses.xml (RunModel)" time="0.014" />
  <testcase classname="ptolemy.util.test.junit.AutoTests" name="[131] /home/travis/build/icyphy/ptII/ptolemy/domains/continuous/test/auto/SquareWave.xml (RunModel)" time="0.216" />
  <testcase classname="ptolemy.util.test.junit.AutoTests" name="[132] /home/travis/build/icyphy/ptII/ptolemy/domains/continuous/test/auto/Starmac.xml (RunModel)" time="3.473" />
  <testcase classname="ptolemy.util.test.junit.AutoTests" name="[133] /home/travis/build/icyphy/ptII/ptolemy/domains/continuous/test/auto/StaticUnits.xml (RunModel)" time="2.965" />
  <testcase classname="ptolemy.util.test.junit.AutoTests" name="[134] /home/travis/build/icyphy/ptII/ptolemy/domains/continuous/test/auto/StickyMasses.xml (RunModel)" time="0.207" />
  <testcase classname="ptolemy.util.test.junit.AutoTests" name="[135] /home/travis/build/icyphy/ptII/ptolemy/domains/continuous/test/auto/StopTime.xml (RunModel)" time="0.067" />
  <testcase classname="ptolemy.util.test.junit.AutoTests" name="[136] /home/travis/build/icyphy/ptII/ptolemy/domains/continuous/test/auto/StopTime2.xml (RunModel)" time="0.063" />
  <testcase classname="ptolemy.util.test.junit.AutoTests" name="[137] /home/travis/build/icyphy/ptII/ptolemy/domains/continuous/test/auto/Switch.xml (RunModel)" time="0.091" />
  <testcase classname="ptolemy.util.test.junit.AutoTests" name="[138] /home/travis/build/icyphy/ptII/ptolemy/domains/continuous/test/auto/Thermostat.xml (RunModel)" time="0.232" />
  <testcase classname="ptolemy.util.test.junit.AutoTests" name="[139] /home/travis/build/icyphy/ptII/ptolemy/domains/continuous/test/auto/TimeDelay.xml (RunModel)" time="0.014" />
  <testcase classname="ptolemy.util.test.junit.AutoTests" name="[140] /home/travis/build/icyphy/ptII/ptolemy/domains/continuous/test/auto/TimeDelay2.xml (RunModel)" time="0.027" />
  <testcase classname="ptolemy.util.test.junit.AutoTests" name="[141] /home/travis/build/icyphy/ptII/ptolemy/domains/continuous/test/auto/TimeDelay3.xml (RunModel)" time="0.01" />
  <testcase classname="ptolemy.util.test.junit.AutoTests" name="[142] /home/travis/build/icyphy/ptII/ptolemy/domains/continuous/test/auto/TransferAbsentToInside.xml (RunModel)" time="0.161" />
  <testcase classname="ptolemy.util.test.junit.AutoTests" name="[143] /home/travis/build/icyphy/ptII/ptolemy/domains/continuous/test/auto/Transmission.xml (RunModel)" time="0.874" />
  <testcase classname="ptolemy.util.test.junit.AutoTests" name="[144] /home/travis/build/icyphy/ptII/ptolemy/domains/continuous/test/auto/TriggeredContinuousClock.xml (RunModel)" time="0.082" />
  <testcase classname="ptolemy.util.test.junit.AutoTests" name="[145] /home/travis/build/icyphy/ptII/ptolemy/domains/continuous/test/auto/TwoMachineInfiniteBusControl.xml (RunModel)" time="3.133" />
  <testcase classname="ptolemy.util.test.junit.AutoTests" name="[146] /home/travis/build/icyphy/ptII/ptolemy/domains/continuous/test/auto/V2V.xml (RunModel)" time="0.955" />
  <testcase classname="ptolemy.util.test.junit.AutoTests" name="[147] /home/travis/build/icyphy/ptII/ptolemy/domains/continuous/test/auto/hierarchicalModalModel.xml (RunModel)" time="0.035" />
  <testcase classname="ptolemy.util.test.junit.AutoTests" name="[148] /home/travis/build/icyphy/ptII/ptolemy/domains/continuous/test/auto/hierarchicalModalModel1.xml (RunModel)" time="0.035" />
  <testcase classname="ptolemy.util.test.junit.AutoTests" name="[149] /home/travis/build/icyphy/ptII/ptolemy/domains/continuous/test/auto/hierarchicalModalModel2.xml (RunModel)" time="0.028" />
  <testcase classname="ptolemy.util.test.junit.AutoTests" name="[150] /home/travis/build/icyphy/ptII/ptolemy/domains/continuous/test/auto/hierarchicalModalModel3.xml (RunModel)" time="0.037" />
  <testcase classname="ptolemy.util.test.junit.AutoTests" name="[151] /home/travis/build/icyphy/ptII/ptolemy/domains/continuous/test/auto/hierarchicalModalModel4.xml (RunModel)" time="0.033" />
  <testcase classname="ptolemy.util.test.junit.AutoTests" name="[152] /home/travis/build/icyphy/ptII/ptolemy/domains/continuous/test/auto/junk.xml (RunModel)" time="0.169" />
  <system-out><![CDATA[No tcl tests in /home/travis/build/icyphy/ptII/ptolemy/domains/continuous/test
No auto/knownFailedTests/*.xml tests in /home/travis/build/icyphy/ptII/ptolemy/domains/continuous/test
No auto/linux-amd64/*.xml tests in /home/travis/build/icyphy/ptII/ptolemy/domains/continuous/test
AutoTests.java: About to close Vertx.
AutoTests.java: Vertx closed.

===========================================================================================
----------------- testing Tue Oct 01 05:46:29 UTC 2019 /home/travis/build/icyphy/ptII/ptolemy/domains/continuous/test/auto/BouncingBall.xml
----------------- Instantiating /home/travis/build/icyphy/ptII/ptolemy/domains/continuous/test/auto/BouncingBall.xml
2711 ms. Memory: 150528K Free: 104772K (70%)
----------------- Invoking toplevel() on ptolemy.moml.MoMLSimpleApplication@def6e1a
----------------- Done invoking toplevel() on ptolemy.moml.MoMLSimpleApplication@def6e1a
reloadAllAccessors: .BouncingBall

===========================================================================================
----------------- testing Tue Oct 01 05:46:32 UTC 2019 /home/travis/build/icyphy/ptII/ptolemy/domains/continuous/test/auto/BouncingBallWithoutGR.xml
----------------- Instantiating /home/travis/build/icyphy/ptII/ptolemy/domains/continuous/test/auto/BouncingBallWithoutGR.xml
829 ms. Memory: 150528K Free: 97581K (65%)
----------------- Invoking toplevel() on ptolemy.moml.MoMLSimpleApplication@69528477
----------------- Done invoking toplevel() on ptolemy.moml.MoMLSimpleApplication@69528477
reloadAllAccessors: .BouncingBallWithoutGR

===========================================================================================
----------------- testing Tue Oct 01 05:46:33 UTC 2019 /home/travis/build/icyphy/ptII/ptolemy/domains/continuous/test/auto/Brownian.xml
----------------- Instantiating /home/travis/build/icyphy/ptII/ptolemy/domains/continuous/test/auto/Brownian.xml
24 ms. Memory: 150528K Free: 88379K (59%)
----------------- Invoking toplevel() on ptolemy.moml.MoMLSimpleApplication@741a3adb
----------------- Done invoking toplevel() on ptolemy.moml.MoMLSimpleApplication@741a3adb
reloadAllAccessors: .Brownian

===========================================================================================
----------------- testing Tue Oct 01 05:46:33 UTC 2019 /home/travis/build/icyphy/ptII/ptolemy/domains/continuous/test/auto/CarTracking.xml
----------------- Instantiating /home/travis/build/icyphy/ptII/ptolemy/domains/continuous/test/auto/CarTracking.xml
3592 ms. Memory: 220160K Free: 197984K (90%)
----------------- Invoking toplevel() on ptolemy.moml.MoMLSimpleApplication@350b4ce5
----------------- Done invoking toplevel() on ptolemy.moml.MoMLSimpleApplication@350b4ce5
reloadAllAccessors: .CarTracking

===========================================================================================
----------------- testing Tue Oct 01 05:46:37 UTC 2019 /home/travis/build/icyphy/ptII/ptolemy/domains/continuous/test/auto/CartPendulum.xml
----------------- Instantiating /home/travis/build/icyphy/ptII/ptolemy/domains/continuous/test/auto/CartPendulum.xml
408 ms. Memory: 220160K Free: 104814K (48%)
----------------- Invoking toplevel() on ptolemy.moml.MoMLSimpleApplication@2458f8a3
----------------- Done invoking toplevel() on ptolemy.moml.MoMLSimpleApplication@2458f8a3
reloadAllAccessors: .CartPendulum

===========================================================================================
----------------- testing Tue Oct 01 05:46:38 UTC 2019 /home/travis/build/icyphy/ptII/ptolemy/domains/continuous/test/auto/CausalityInterface10.xml
----------------- Instantiating /home/travis/build/icyphy/ptII/ptolemy/domains/continuous/test/auto/CausalityInterface10.xml
8 ms. Memory: 220160K Free: 94574K (43%)
----------------- Invoking toplevel() on ptolemy.moml.MoMLSimpleApplication@430ee82
----------------- Done invoking toplevel() on ptolemy.moml.MoMLSimpleApplication@430ee82
reloadAllAccessors: .CausalityInterface10

===========================================================================================
----------------- testing Tue Oct 01 05:46:38 UTC 2019 /home/travis/build/icyphy/ptII/ptolemy/domains/continuous/test/auto/CausalityInterface11.xml
----------------- Instantiating /home/travis/build/icyphy/ptII/ptolemy/domains/continuous/test/auto/CausalityInterface11.xml
5 ms. Memory: 220160K Free: 88416K (40%)
----------------- Invoking toplevel() on ptolemy.moml.MoMLSimpleApplication@5258df4a
----------------- Done invoking toplevel() on ptolemy.moml.MoMLSimpleApplication@5258df4a
reloadAllAccessors: .CausalityInterface11

===========================================================================================
----------------- testing Tue Oct 01 05:46:38 UTC 2019 /home/travis/build/icyphy/ptII/ptolemy/domains/continuous/test/auto/CausalityInterface12.xml
----------------- Instantiating /home/travis/build/icyphy/ptII/ptolemy/domains/continuous/test/auto/CausalityInterface12.xml
14 ms. Memory: 220160K Free: 82272K (37%)
----------------- Invoking toplevel() on ptolemy.moml.MoMLSimpleApplication@29b055b6
----------------- Done invoking toplevel() on ptolemy.moml.MoMLSimpleApplication@29b055b6
reloadAllAccessors: .CausalityInterface12

===========================================================================================
----------------- testing Tue Oct 01 05:46:38 UTC 2019 /home/travis/build/icyphy/ptII/ptolemy/domains/continuous/test/auto/CausalityInterface13.xml
----------------- Instantiating /home/travis/build/icyphy/ptII/ptolemy/domains/continuous/test/auto/CausalityInterface13.xml
9 ms. Memory: 220160K Free: 76142K (35%)
----------------- Invoking toplevel() on ptolemy.moml.MoMLSimpleApplication@5347e5c2
----------------- Done invoking toplevel() on ptolemy.moml.MoMLSimpleApplication@5347e5c2
reloadAllAccessors: .CausalityInterface13

===========================================================================================
----------------- testing Tue Oct 01 05:46:38 UTC 2019 /home/travis/build/icyphy/ptII/ptolemy/domains/continuous/test/auto/CausalityInterface14.xml
----------------- Instantiating /home/travis/build/icyphy/ptII/ptolemy/domains/continuous/test/auto/CausalityInterface14.xml
7 ms. Memory: 220160K Free: 201597K (92%)
----------------- Invoking toplevel() on ptolemy.moml.MoMLSimpleApplication@1235310e
----------------- Done invoking toplevel() on ptolemy.moml.MoMLSimpleApplication@1235310e
reloadAllAccessors: .CausalityInterface14

===========================================================================================
----------------- testing Tue Oct 01 05:46:38 UTC 2019 /home/travis/build/icyphy/ptII/ptolemy/domains/continuous/test/auto/CausalityInterface4.xml
----------------- Instantiating /home/travis/build/icyphy/ptII/ptolemy/domains/continuous/test/auto/CausalityInterface4.xml
4 ms. Memory: 220160K Free: 194429K (88%)
----------------- Invoking toplevel() on ptolemy.moml.MoMLSimpleApplication@1098831f
----------------- Done invoking toplevel() on ptolemy.moml.MoMLSimpleApplication@1098831f
reloadAllAccessors: .CausalityInterface4

===========================================================================================
----------------- testing Tue Oct 01 05:46:38 UTC 2019 /home/travis/build/icyphy/ptII/ptolemy/domains/continuous/test/auto/CausalityInterface5.xml
----------------- Instantiating /home/travis/build/icyphy/ptII/ptolemy/domains/continuous/test/auto/CausalityInterface5.xml
8 ms. Memory: 220160K Free: 186237K (85%)
----------------- Invoking toplevel() on ptolemy.moml.MoMLSimpleApplication@6c0e5cdd
----------------- Done invoking toplevel() on ptolemy.moml.MoMLSimpleApplication@6c0e5cdd
reloadAllAccessors: .CausalityInterface5

===========================================================================================
----------------- testing Tue Oct 01 05:46:38 UTC 2019 /home/travis/build/icyphy/ptII/ptolemy/domains/continuous/test/auto/CausalityInterface6.xml
----------------- Instantiating /home/travis/build/icyphy/ptII/ptolemy/domains/continuous/test/auto/CausalityInterface6.xml
5 ms. Memory: 220160K Free: 180589K (82%)
----------------- Invoking toplevel() on ptolemy.moml.MoMLSimpleApplication@775097b9
----------------- Done invoking toplevel() on ptolemy.moml.MoMLSimpleApplication@775097b9
reloadAllAccessors: .CausalityInterface6

===========================================================================================
----------------- testing Tue Oct 01 05:46:38 UTC 2019 /home/travis/build/icyphy/ptII/ptolemy/domains/continuous/test/auto/CausalityInterface7.xml
----------------- Instantiating /home/travis/build/icyphy/ptII/ptolemy/domains/continuous/test/auto/CausalityInterface7.xml
12 ms. Memory: 220160K Free: 171901K (78%)
----------------- Invoking toplevel() on ptolemy.moml.MoMLSimpleApplication@5a68696d
----------------- Done invoking toplevel() on ptolemy.moml.MoMLSimpleApplication@5a68696d
reloadAllAccessors: .CausalityInterface7

===========================================================================================
----------------- testing Tue Oct 01 05:46:38 UTC 2019 /home/travis/build/icyphy/ptII/ptolemy/domains/continuous/test/auto/CausalityInterface8.xml
----------------- Instantiating /home/travis/build/icyphy/ptII/ptolemy/domains/continuous/test/auto/CausalityInterface8.xml
13 ms. Memory: 220160K Free: 162685K (74%)
----------------- Invoking toplevel() on ptolemy.moml.MoMLSimpleApplication@3881944a
----------------- Done invoking toplevel() on ptolemy.moml.MoMLSimpleApplication@3881944a
reloadAllAccessors: .CausalityInterface8

===========================================================================================
----------------- testing Tue Oct 01 05:46:38 UTC 2019 /home/travis/build/icyphy/ptII/ptolemy/domains/continuous/test/auto/CausalityInterface9.xml
----------------- Instantiating /home/travis/build/icyphy/ptII/ptolemy/domains/continuous/test/auto/CausalityInterface9.xml
11 ms. Memory: 220160K Free: 151931K (69%)
----------------- Invoking toplevel() on ptolemy.moml.MoMLSimpleApplication@73df1af7
----------------- Done invoking toplevel() on ptolemy.moml.MoMLSimpleApplication@73df1af7
reloadAllAccessors: .CausalityInterface9

===========================================================================================
----------------- testing Tue Oct 01 05:46:38 UTC 2019 /home/travis/build/icyphy/ptII/ptolemy/domains/continuous/test/auto/CausalityInterfaceFeedback1.xml
----------------- Instantiating /home/travis/build/icyphy/ptII/ptolemy/domains/continuous/test/auto/CausalityInterfaceFeedback1.xml
6 ms. Memory: 220160K Free: 145277K (66%)
----------------- Invoking toplevel() on ptolemy.moml.MoMLSimpleApplication@11a9c536
----------------- Done invoking toplevel() on ptolemy.moml.MoMLSimpleApplication@11a9c536
reloadAllAccessors: .CausalityInterfaceFeedback1

===========================================================================================
----------------- testing Tue Oct 01 05:46:38 UTC 2019 /home/travis/build/icyphy/ptII/ptolemy/domains/continuous/test/auto/CausalityInterfaceFeedback2.xml
----------------- Instantiating /home/travis/build/icyphy/ptII/ptolemy/domains/continuous/test/auto/CausalityInterfaceFeedback2.xml
5 ms. Memory: 220160K Free: 138605K (63%)
----------------- Invoking toplevel() on ptolemy.moml.MoMLSimpleApplication@633067fe
----------------- Done invoking toplevel() on ptolemy.moml.MoMLSimpleApplication@633067fe
reloadAllAccessors: .CausalityInterfaceFeedback2

===========================================================================================
----------------- testing Tue Oct 01 05:46:38 UTC 2019 /home/travis/build/icyphy/ptII/ptolemy/domains/continuous/test/auto/CompareWithCurrentTime.xml
----------------- Instantiating /home/travis/build/icyphy/ptII/ptolemy/domains/continuous/test/auto/CompareWithCurrentTime.xml
4 ms. Memory: 220160K Free: 135037K (61%)
----------------- Invoking toplevel() on ptolemy.moml.MoMLSimpleApplication@76284f22
----------------- Done invoking toplevel() on ptolemy.moml.MoMLSimpleApplication@76284f22
reloadAllAccessors: .CompareWithCurrentTime

===========================================================================================
----------------- testing Tue Oct 01 05:46:38 UTC 2019 /home/travis/build/icyphy/ptII/ptolemy/domains/continuous/test/auto/ComparedClocks.xml
----------------- Instantiating /home/travis/build/icyphy/ptII/ptolemy/domains/continuous/test/auto/ComparedClocks.xml
7 ms. Memory: 220160K Free: 119677K (54%)
----------------- Invoking toplevel() on ptolemy.moml.MoMLSimpleApplication@46f6278c
----------------- Done invoking toplevel() on ptolemy.moml.MoMLSimpleApplication@46f6278c
reloadAllAccessors: .ComparedClocks

===========================================================================================
----------------- testing Tue Oct 01 05:46:38 UTC 2019 /home/travis/build/icyphy/ptII/ptolemy/domains/continuous/test/auto/ContinuousAOCClone.xml
----------------- Instantiating /home/travis/build/icyphy/ptII/ptolemy/domains/continuous/test/auto/ContinuousAOCClone.xml
2563 ms. Memory: 264192K Free: 208691K (79%)
----------------- Invoking toplevel() on ptolemy.moml.MoMLSimpleApplication@7221e9a2
----------------- Done invoking toplevel() on ptolemy.moml.MoMLSimpleApplication@7221e9a2
reloadAllAccessors: .ContinuousAOCClone

===========================================================================================
----------------- testing Tue Oct 01 05:46:41 UTC 2019 /home/travis/build/icyphy/ptII/ptolemy/domains/continuous/test/auto/ContinuousClock.xml
----------------- Instantiating /home/travis/build/icyphy/ptII/ptolemy/domains/continuous/test/auto/ContinuousClock.xml
41 ms. Memory: 264192K Free: 186642K (71%)
----------------- Invoking toplevel() on ptolemy.moml.MoMLSimpleApplication@53f4affb
----------------- Done invoking toplevel() on ptolemy.moml.MoMLSimpleApplication@53f4affb
reloadAllAccessors: .ContinuousClock

===========================================================================================
----------------- testing Tue Oct 01 05:46:41 UTC 2019 /home/travis/build/icyphy/ptII/ptolemy/domains/continuous/test/auto/ContinuousInContinuous.xml
----------------- Instantiating /home/travis/build/icyphy/ptII/ptolemy/domains/continuous/test/auto/ContinuousInContinuous.xml
52 ms. Memory: 264192K Free: 163106K (62%)
----------------- Invoking toplevel() on ptolemy.moml.MoMLSimpleApplication@72b15e8c
----------------- Done invoking toplevel() on ptolemy.moml.MoMLSimpleApplication@72b15e8c
reloadAllAccessors: .ContinuousInContinuous

===========================================================================================
----------------- testing Tue Oct 01 05:46:41 UTC 2019 /home/travis/build/icyphy/ptII/ptolemy/domains/continuous/test/auto/ContinuousInContinuousInContinuous.xml
----------------- Instantiating /home/travis/build/icyphy/ptII/ptolemy/domains/continuous/test/auto/ContinuousInContinuousInContinuous.xml
7 ms. Memory: 264192K Free: 154929K (59%)
----------------- Invoking toplevel() on ptolemy.moml.MoMLSimpleApplication@22d4425b
----------------- Done invoking toplevel() on ptolemy.moml.MoMLSimpleApplication@22d4425b
reloadAllAccessors: .ContinuousInContinuousInContinuous

===========================================================================================
----------------- testing Tue Oct 01 05:46:41 UTC 2019 /home/travis/build/icyphy/ptII/ptolemy/domains/continuous/test/auto/ContinuousInDE.xml
----------------- Instantiating /home/travis/build/icyphy/ptII/ptolemy/domains/continuous/test/auto/ContinuousInDE.xml
72 ms. Memory: 264192K Free: 144179K (55%)
----------------- Invoking toplevel() on ptolemy.moml.MoMLSimpleApplication@37508a3d
----------------- Done invoking toplevel() on ptolemy.moml.MoMLSimpleApplication@37508a3d
reloadAllAccessors: .ContinuousInDE

===========================================================================================
----------------- testing Tue Oct 01 05:46:41 UTC 2019 /home/travis/build/icyphy/ptII/ptolemy/domains/continuous/test/auto/ContinuousInDE2.xml
----------------- Instantiating /home/travis/build/icyphy/ptII/ptolemy/domains/continuous/test/auto/ContinuousInDE2.xml
52 ms. Memory: 264192K Free: 134963K (51%)
----------------- Invoking toplevel() on ptolemy.moml.MoMLSimpleApplication@546641b0
----------------- Done invoking toplevel() on ptolemy.moml.MoMLSimpleApplication@546641b0
reloadAllAccessors: .ContinuousInDE2

===========================================================================================
----------------- testing Tue Oct 01 05:46:42 UTC 2019 /home/travis/build/icyphy/ptII/ptolemy/domains/continuous/test/auto/ContinuousInDE3.xml
----------------- Instantiating /home/travis/build/icyphy/ptII/ptolemy/domains/continuous/test/auto/ContinuousInDE3.xml
37 ms. Memory: 264192K Free: 125233K (47%)
----------------- Invoking toplevel() on ptolemy.moml.MoMLSimpleApplication@74fbcbb6
----------------- Done invoking toplevel() on ptolemy.moml.MoMLSimpleApplication@74fbcbb6
reloadAllAccessors: .ContinuousInDE3

===========================================================================================
----------------- testing Tue Oct 01 05:46:42 UTC 2019 /home/travis/build/icyphy/ptII/ptolemy/domains/continuous/test/auto/ContinuousInDE4.xml
----------------- Instantiating /home/travis/build/icyphy/ptII/ptolemy/domains/continuous/test/auto/ContinuousInDE4.xml
19 ms. Memory: 264192K Free: 119089K (45%)
----------------- Invoking toplevel() on ptolemy.moml.MoMLSimpleApplication@1ace10d1
----------------- Done invoking toplevel() on ptolemy.moml.MoMLSimpleApplication@1ace10d1
reloadAllAccessors: .ContinuousInDE4

===========================================================================================
----------------- testing Tue Oct 01 05:46:42 UTC 2019 /home/travis/build/icyphy/ptII/ptolemy/domains/continuous/test/auto/ContinuousInDEDifferentRefinements.xml
----------------- Instantiating /home/travis/build/icyphy/ptII/ptolemy/domains/continuous/test/auto/ContinuousInDEDifferentRefinements.xml
51 ms. Memory: 264192K Free: 244208K (92%)
----------------- Invoking toplevel() on ptolemy.moml.MoMLSimpleApplication@64b27f80
----------------- Done invoking toplevel() on ptolemy.moml.MoMLSimpleApplication@64b27f80
reloadAllAccessors: .ContinuousInDEDifferentRefinements

===========================================================================================
----------------- testing Tue Oct 01 05:46:42 UTC 2019 /home/travis/build/icyphy/ptII/ptolemy/domains/continuous/test/auto/ContinuousInDEDifferentRefinementsPreemptive.xml
----------------- Instantiating /home/travis/build/icyphy/ptII/ptolemy/domains/continuous/test/auto/ContinuousInDEDifferentRefinementsPreemptive.xml
53 ms. Memory: 264192K Free: 212764K (81%)
----------------- Invoking toplevel() on ptolemy.moml.MoMLSimpleApplication@5c31f11
----------------- Done invoking toplevel() on ptolemy.moml.MoMLSimpleApplication@5c31f11
reloadAllAccessors: .ContinuousInDEDifferentRefinementsPreemptive

===========================================================================================
----------------- testing Tue Oct 01 05:46:42 UTC 2019 /home/travis/build/icyphy/ptII/ptolemy/domains/continuous/test/auto/ContinuousInDEInContinuous2.xml
----------------- Instantiating /home/travis/build/icyphy/ptII/ptolemy/domains/continuous/test/auto/ContinuousInDEInContinuous2.xml
34 ms. Memory: 264192K Free: 201514K (76%)
----------------- Invoking toplevel() on ptolemy.moml.MoMLSimpleApplication@67e29a98
----------------- Done invoking toplevel() on ptolemy.moml.MoMLSimpleApplication@67e29a98
reloadAllAccessors: .ContinuousInDEInContinuous2

===========================================================================================
----------------- testing Tue Oct 01 05:46:42 UTC 2019 /home/travis/build/icyphy/ptII/ptolemy/domains/continuous/test/auto/ContinuousInDEInContinuous3.xml
----------------- Instantiating /home/travis/build/icyphy/ptII/ptolemy/domains/continuous/test/auto/ContinuousInDEInContinuous3.xml
31 ms. Memory: 264192K Free: 189226K (72%)
----------------- Invoking toplevel() on ptolemy.moml.MoMLSimpleApplication@673ccc97
----------------- Done invoking toplevel() on ptolemy.moml.MoMLSimpleApplication@673ccc97
reloadAllAccessors: .ContinuousInDEInContinuous3

===========================================================================================
----------------- testing Tue Oct 01 05:46:42 UTC 2019 /home/travis/build/icyphy/ptII/ptolemy/domains/continuous/test/auto/ContinuousInDEInput.xml
----------------- Instantiating /home/travis/build/icyphy/ptII/ptolemy/domains/continuous/test/auto/ContinuousInDEInput.xml
20 ms. Memory: 264192K Free: 182058K (69%)
----------------- Invoking toplevel() on ptolemy.moml.MoMLSimpleApplication@15adf8e5
----------------- Done invoking toplevel() on ptolemy.moml.MoMLSimpleApplication@15adf8e5
reloadAllAccessors: .ContinuousInDEInput

===========================================================================================
----------------- testing Tue Oct 01 05:46:42 UTC 2019 /home/travis/build/icyphy/ptII/ptolemy/domains/continuous/test/auto/ContinuousInDEInput2.xml
----------------- Instantiating /home/travis/build/icyphy/ptII/ptolemy/domains/continuous/test/auto/ContinuousInDEInput2.xml
15 ms. Memory: 264192K Free: 174890K (66%)
----------------- Invoking toplevel() on ptolemy.moml.MoMLSimpleApplication@4b6eea47
----------------- Done invoking toplevel() on ptolemy.moml.MoMLSimpleApplication@4b6eea47
reloadAllAccessors: .ContinuousInDEInput2

===========================================================================================
----------------- testing Tue Oct 01 05:46:42 UTC 2019 /home/travis/build/icyphy/ptII/ptolemy/domains/continuous/test/auto/ContinuousInDEInput3.xml
----------------- Instantiating /home/travis/build/icyphy/ptII/ptolemy/domains/continuous/test/auto/ContinuousInDEInput3.xml
18 ms. Memory: 264192K Free: 167212K (63%)
----------------- Invoking toplevel() on ptolemy.moml.MoMLSimpleApplication@43d4cd91
----------------- Done invoking toplevel() on ptolemy.moml.MoMLSimpleApplication@43d4cd91
reloadAllAccessors: .ContinuousInDEInput3

===========================================================================================
----------------- testing Tue Oct 01 05:46:42 UTC 2019 /home/travis/build/icyphy/ptII/ptolemy/domains/continuous/test/auto/ContinuousInDESharingRefinement.xml
----------------- Instantiating /home/travis/build/icyphy/ptII/ptolemy/domains/continuous/test/auto/ContinuousInDESharingRefinement.xml
146 ms. Memory: 264192K Free: 229094K (87%)
----------------- Invoking toplevel() on ptolemy.moml.MoMLSimpleApplication@6923c606
----------------- Done invoking toplevel() on ptolemy.moml.MoMLSimpleApplication@6923c606
reloadAllAccessors: .ContinuousInDESharingRefinement

===========================================================================================
----------------- testing Tue Oct 01 05:46:42 UTC 2019 /home/travis/build/icyphy/ptII/ptolemy/domains/continuous/test/auto/ContinuousInDEwithNoPorts.xml
----------------- Instantiating /home/travis/build/icyphy/ptII/ptolemy/domains/continuous/test/auto/ContinuousInDEwithNoPorts.xml
5 ms. Memory: 264192K Free: 224502K (85%)
----------------- Invoking toplevel() on ptolemy.moml.MoMLSimpleApplication@1f206039
----------------- Done invoking toplevel() on ptolemy.moml.MoMLSimpleApplication@1f206039
reloadAllAccessors: .ContinuousInDEwithNoPorts

===========================================================================================
----------------- testing Tue Oct 01 05:46:42 UTC 2019 /home/travis/build/icyphy/ptII/ptolemy/domains/continuous/test/auto/ContinuousInsideDE.xml
----------------- Instantiating /home/travis/build/icyphy/ptII/ptolemy/domains/continuous/test/auto/ContinuousInsideDE.xml
42 ms. Memory: 264192K Free: 213238K (81%)
----------------- Invoking toplevel() on ptolemy.moml.MoMLSimpleApplication@31851da5
----------------- Done invoking toplevel() on ptolemy.moml.MoMLSimpleApplication@31851da5
reloadAllAccessors: .ContinuousInsideDE

===========================================================================================
----------------- testing Tue Oct 01 05:46:42 UTC 2019 /home/travis/build/icyphy/ptII/ptolemy/domains/continuous/test/auto/ContinuousMerge1.xml
----------------- Instantiating /home/travis/build/icyphy/ptII/ptolemy/domains/continuous/test/auto/ContinuousMerge1.xml
3 ms. Memory: 264192K Free: 208614K (79%)
----------------- Invoking toplevel() on ptolemy.moml.MoMLSimpleApplication@1698db33
----------------- Done invoking toplevel() on ptolemy.moml.MoMLSimpleApplication@1698db33
reloadAllAccessors: .ContinuousMerge1

===========================================================================================
----------------- testing Tue Oct 01 05:46:42 UTC 2019 /home/travis/build/icyphy/ptII/ptolemy/domains/continuous/test/auto/ContinuousMerge2.xml
----------------- Instantiating /home/travis/build/icyphy/ptII/ptolemy/domains/continuous/test/auto/ContinuousMerge2.xml
18 ms. Memory: 264192K Free: 197878K (75%)
----------------- Invoking toplevel() on ptolemy.moml.MoMLSimpleApplication@42dcbb0e
----------------- Done invoking toplevel() on ptolemy.moml.MoMLSimpleApplication@42dcbb0e
reloadAllAccessors: .ContinuousMerge2

===========================================================================================
----------------- testing Tue Oct 01 05:46:42 UTC 2019 /home/travis/build/icyphy/ptII/ptolemy/domains/continuous/test/auto/ContinuousMerge3.xml
----------------- Instantiating /home/travis/build/icyphy/ptII/ptolemy/domains/continuous/test/auto/ContinuousMerge3.xml
59 ms. Memory: 264192K Free: 187124K (71%)
----------------- Invoking toplevel() on ptolemy.moml.MoMLSimpleApplication@2c40ea6
----------------- Done invoking toplevel() on ptolemy.moml.MoMLSimpleApplication@2c40ea6
reloadAllAccessors: .ContinuousMerge3

===========================================================================================
----------------- testing Tue Oct 01 05:46:43 UTC 2019 /home/travis/build/icyphy/ptII/ptolemy/domains/continuous/test/auto/ContinuousWithinContinuous.xml
----------------- Instantiating /home/travis/build/icyphy/ptII/ptolemy/domains/continuous/test/auto/ContinuousWithinContinuous.xml
49 ms. Memory: 264192K Free: 177908K (67%)
----------------- Invoking toplevel() on ptolemy.moml.MoMLSimpleApplication@55610a96
----------------- Done invoking toplevel() on ptolemy.moml.MoMLSimpleApplication@55610a96
reloadAllAccessors: .ContinuousWithinContinuous

===========================================================================================
----------------- testing Tue Oct 01 05:46:43 UTC 2019 /home/travis/build/icyphy/ptII/ptolemy/domains/continuous/test/auto/ContinuousWithinContinuous2.xml
----------------- Instantiating /home/travis/build/icyphy/ptII/ptolemy/domains/continuous/test/auto/ContinuousWithinContinuous2.xml
99 ms. Memory: 264192K Free: 167668K (63%)
----------------- Invoking toplevel() on ptolemy.moml.MoMLSimpleApplication@6125bd00
----------------- Done invoking toplevel() on ptolemy.moml.MoMLSimpleApplication@6125bd00
reloadAllAccessors: .ContinuousWithinContinuous2

===========================================================================================
----------------- testing Tue Oct 01 05:46:43 UTC 2019 /home/travis/build/icyphy/ptII/ptolemy/domains/continuous/test/auto/ContinuousWithinContinuous3.xml
----------------- Instantiating /home/travis/build/icyphy/ptII/ptolemy/domains/continuous/test/auto/ContinuousWithinContinuous3.xml
17 ms. Memory: 264192K Free: 160500K (61%)
----------------- Invoking toplevel() on ptolemy.moml.MoMLSimpleApplication@bb6b831
----------------- Done invoking toplevel() on ptolemy.moml.MoMLSimpleApplication@bb6b831
reloadAllAccessors: .ContinuousWithinContinuous3

===========================================================================================
----------------- testing Tue Oct 01 05:46:43 UTC 2019 /home/travis/build/icyphy/ptII/ptolemy/domains/continuous/test/auto/ContinuousWithinContinuous4.xml
----------------- Instantiating /home/travis/build/icyphy/ptII/ptolemy/domains/continuous/test/auto/ContinuousWithinContinuous4.xml
102 ms. Memory: 264192K Free: 148726K (56%)
----------------- Invoking toplevel() on ptolemy.moml.MoMLSimpleApplication@1b01c0fa
----------------- Done invoking toplevel() on ptolemy.moml.MoMLSimpleApplication@1b01c0fa
reloadAllAccessors: .ContinuousWithinContinuous4

===========================================================================================
----------------- testing Tue Oct 01 05:46:43 UTC 2019 /home/travis/build/icyphy/ptII/ptolemy/domains/continuous/test/auto/ContinuousWithinContinuous5.xml
----------------- Instantiating /home/travis/build/icyphy/ptII/ptolemy/domains/continuous/test/auto/ContinuousWithinContinuous5.xml
26 ms. Memory: 264192K Free: 141558K (54%)
----------------- Invoking toplevel() on ptolemy.moml.MoMLSimpleApplication@f9b5711
----------------- Done invoking toplevel() on ptolemy.moml.MoMLSimpleApplication@f9b5711
reloadAllAccessors: .ContinuousWithinContinuous5

===========================================================================================
----------------- testing Tue Oct 01 05:46:43 UTC 2019 /home/travis/build/icyphy/ptII/ptolemy/domains/continuous/test/auto/ContinuousWithinContinuous6.xml
----------------- Instantiating /home/travis/build/icyphy/ptII/ptolemy/domains/continuous/test/auto/ContinuousWithinContinuous6.xml
26 ms. Memory: 264192K Free: 134390K (51%)
----------------- Invoking toplevel() on ptolemy.moml.MoMLSimpleApplication@33530567
----------------- Done invoking toplevel() on ptolemy.moml.MoMLSimpleApplication@33530567
reloadAllAccessors: .ContinuousWithinContinuous6

===========================================================================================
----------------- testing Tue Oct 01 05:46:43 UTC 2019 /home/travis/build/icyphy/ptII/ptolemy/domains/continuous/test/auto/ContinuousWithinContinuous7.xml
----------------- Instantiating /home/travis/build/icyphy/ptII/ptolemy/domains/continuous/test/auto/ContinuousWithinContinuous7.xml
102 ms. Memory: 264192K Free: 123636K (47%)
----------------- Invoking toplevel() on ptolemy.moml.MoMLSimpleApplication@2710f913
----------------- Done invoking toplevel() on ptolemy.moml.MoMLSimpleApplication@2710f913
reloadAllAccessors: .ContinuousWithinContinuous7

===========================================================================================
----------------- testing Tue Oct 01 05:46:43 UTC 2019 /home/travis/build/icyphy/ptII/ptolemy/domains/continuous/test/auto/DCMotor.xml
----------------- Instantiating /home/travis/build/icyphy/ptII/ptolemy/domains/continuous/test/auto/DCMotor.xml
15681 ms. Memory: 264192K Free: 147842K (56%)
----------------- Invoking toplevel() on ptolemy.moml.MoMLSimpleApplication@38a68b09
----------------- Done invoking toplevel() on ptolemy.moml.MoMLSimpleApplication@38a68b09
reloadAllAccessors: .DCMotor

===========================================================================================
----------------- testing Tue Oct 01 05:46:59 UTC 2019 /home/travis/build/icyphy/ptII/ptolemy/domains/continuous/test/auto/DEInContinuous.xml
----------------- Instantiating /home/travis/build/icyphy/ptII/ptolemy/domains/continuous/test/auto/DEInContinuous.xml
25 ms. Memory: 264192K Free: 141202K (53%)
----------------- Invoking toplevel() on ptolemy.moml.MoMLSimpleApplication@115b7751
----------------- Done invoking toplevel() on ptolemy.moml.MoMLSimpleApplication@115b7751
reloadAllAccessors: .DEInContinuous

===========================================================================================
----------------- testing Tue Oct 01 05:46:59 UTC 2019 /home/travis/build/icyphy/ptII/ptolemy/domains/continuous/test/auto/DEinContinuous2.xml
----------------- Instantiating /home/travis/build/icyphy/ptII/ptolemy/domains/continuous/test/auto/DEinContinuous2.xml
11 ms. Memory: 264192K Free: 133010K (50%)
----------------- Invoking toplevel() on ptolemy.moml.MoMLSimpleApplication@2465672
----------------- Done invoking toplevel() on ptolemy.moml.MoMLSimpleApplication@2465672
reloadAllAccessors: .DEinContinuous2

===========================================================================================
----------------- testing Tue Oct 01 05:46:59 UTC 2019 /home/travis/build/icyphy/ptII/ptolemy/domains/continuous/test/auto/Derivative.xml
----------------- Instantiating /home/travis/build/icyphy/ptII/ptolemy/domains/continuous/test/auto/Derivative.xml
142 ms. Memory: 264192K Free: 103824K (39%)
----------------- Invoking toplevel() on ptolemy.moml.MoMLSimpleApplication@3e074a5f
----------------- Done invoking toplevel() on ptolemy.moml.MoMLSimpleApplication@3e074a5f
reloadAllAccessors: .Derivative2

===========================================================================================
----------------- testing Tue Oct 01 05:46:59 UTC 2019 /home/travis/build/icyphy/ptII/ptolemy/domains/continuous/test/auto/Derivative1.xml
----------------- Instantiating /home/travis/build/icyphy/ptII/ptolemy/domains/continuous/test/auto/Derivative1.xml
25 ms. Memory: 264192K Free: 246115K (93%)
----------------- Invoking toplevel() on ptolemy.moml.MoMLSimpleApplication@720a371b
----------------- Done invoking toplevel() on ptolemy.moml.MoMLSimpleApplication@720a371b
reloadAllAccessors: .Derivative1

===========================================================================================
----------------- testing Tue Oct 01 05:46:59 UTC 2019 /home/travis/build/icyphy/ptII/ptolemy/domains/continuous/test/auto/DiscreteClock.xml
----------------- Instantiating /home/travis/build/icyphy/ptII/ptolemy/domains/continuous/test/auto/DiscreteClock.xml
4 ms. Memory: 264192K Free: 240239K (91%)
----------------- Invoking toplevel() on ptolemy.moml.MoMLSimpleApplication@66ebd9eb
----------------- Done invoking toplevel() on ptolemy.moml.MoMLSimpleApplication@66ebd9eb
reloadAllAccessors: .DiscreteClock

===========================================================================================
----------------- testing Tue Oct 01 05:46:59 UTC 2019 /home/travis/build/icyphy/ptII/ptolemy/domains/continuous/test/auto/EfficiencyCurve.xml
----------------- Instantiating /home/travis/build/icyphy/ptII/ptolemy/domains/continuous/test/auto/EfficiencyCurve.xml
49 ms. Memory: 264192K Free: 232047K (88%)
----------------- Invoking toplevel() on ptolemy.moml.MoMLSimpleApplication@3e978462
----------------- Done invoking toplevel() on ptolemy.moml.MoMLSimpleApplication@3e978462
reloadAllAccessors: .EfficiencyCurve

===========================================================================================
----------------- testing Tue Oct 01 05:46:59 UTC 2019 /home/travis/build/icyphy/ptII/ptolemy/domains/continuous/test/auto/ExponentialResponse.xml
----------------- Instantiating /home/travis/build/icyphy/ptII/ptolemy/domains/continuous/test/auto/ExponentialResponse.xml
109 ms. Memory: 264192K Free: 216687K (82%)
----------------- Invoking toplevel() on ptolemy.moml.MoMLSimpleApplication@6f50123b
----------------- Done invoking toplevel() on ptolemy.moml.MoMLSimpleApplication@6f50123b
reloadAllAccessors: .ExponentialResponse

===========================================================================================
----------------- testing Tue Oct 01 05:46:59 UTC 2019 /home/travis/build/icyphy/ptII/ptolemy/domains/continuous/test/auto/ExponentialResponseRK45.xml
----------------- Instantiating /home/travis/build/icyphy/ptII/ptolemy/domains/continuous/test/auto/ExponentialResponseRK45.xml
26 ms. Memory: 264192K Free: 210029K (79%)
----------------- Invoking toplevel() on ptolemy.moml.MoMLSimpleApplication@1640f771
----------------- Done invoking toplevel() on ptolemy.moml.MoMLSimpleApplication@1640f771
reloadAllAccessors: .ExponentialResponseRK45

===========================================================================================
----------------- testing Tue Oct 01 05:46:59 UTC 2019 /home/travis/build/icyphy/ptII/ptolemy/domains/continuous/test/auto/Friction.xml
----------------- Instantiating /home/travis/build/icyphy/ptII/ptolemy/domains/continuous/test/auto/Friction.xml
1571 ms. Memory: 264192K Free: 246464K (93%)
----------------- Invoking toplevel() on ptolemy.moml.MoMLSimpleApplication@48787244
----------------- Done invoking toplevel() on ptolemy.moml.MoMLSimpleApplication@48787244
reloadAllAccessors: .Friction

===========================================================================================
----------------- testing Tue Oct 01 05:47:01 UTC 2019 /home/travis/build/icyphy/ptII/ptolemy/domains/continuous/test/auto/FurutaPendulum.xml
----------------- Instantiating /home/travis/build/icyphy/ptII/ptolemy/domains/continuous/test/auto/FurutaPendulum.xml
3759 ms. Memory: 264192K Free: 197922K (75%)
----------------- Invoking toplevel() on ptolemy.moml.MoMLSimpleApplication@4dc19971
----------------- Done invoking toplevel() on ptolemy.moml.MoMLSimpleApplication@4dc19971
reloadAllAccessors: .FurutaPendulum

===========================================================================================
----------------- testing Tue Oct 01 05:47:05 UTC 2019 /home/travis/build/icyphy/ptII/ptolemy/domains/continuous/test/auto/HierarchicalExecution.xml
----------------- Instantiating /home/travis/build/icyphy/ptII/ptolemy/domains/continuous/test/auto/HierarchicalExecution.xml
1962 ms. Memory: 264192K Free: 226732K (86%)
----------------- Invoking toplevel() on ptolemy.moml.MoMLSimpleApplication@46ecaca2
----------------- Done invoking toplevel() on ptolemy.moml.MoMLSimpleApplication@46ecaca2
reloadAllAccessors: .HierarchicalExecution

===========================================================================================
----------------- testing Tue Oct 01 05:47:07 UTC 2019 /home/travis/build/icyphy/ptII/ptolemy/domains/continuous/test/auto/HybridPlant.xml
----------------- Instantiating /home/travis/build/icyphy/ptII/ptolemy/domains/continuous/test/auto/HybridPlant.xml
548 ms. Memory: 264192K Free: 118676K (45%)
----------------- Invoking toplevel() on ptolemy.moml.MoMLSimpleApplication@44ae4719
----------------- Done invoking toplevel() on ptolemy.moml.MoMLSimpleApplication@44ae4719
reloadAllAccessors: .HybridPlant

===========================================================================================
----------------- testing Tue Oct 01 05:47:08 UTC 2019 /home/travis/build/icyphy/ptII/ptolemy/domains/continuous/test/auto/Hysteresis.xml
----------------- Instantiating /home/travis/build/icyphy/ptII/ptolemy/domains/continuous/test/auto/Hysteresis.xml
155 ms. Memory: 264192K Free: 212309K (80%)
----------------- Invoking toplevel() on ptolemy.moml.MoMLSimpleApplication@4dcb4c72
----------------- Done invoking toplevel() on ptolemy.moml.MoMLSimpleApplication@4dcb4c72
reloadAllAccessors: .Hysteresis

===========================================================================================
----------------- testing Tue Oct 01 05:47:08 UTC 2019 /home/travis/build/icyphy/ptII/ptolemy/domains/continuous/test/auto/HysteresisWithRandomDelay.xml
----------------- Instantiating /home/travis/build/icyphy/ptII/ptolemy/domains/continuous/test/auto/HysteresisWithRandomDelay.xml
191 ms. Memory: 264192K Free: 140361K (53%)
----------------- Invoking toplevel() on ptolemy.moml.MoMLSimpleApplication@643346bb
----------------- Done invoking toplevel() on ptolemy.moml.MoMLSimpleApplication@643346bb
reloadAllAccessors: .HysteresisWithRandomDelay

===========================================================================================
----------------- testing Tue Oct 01 05:47:09 UTC 2019 /home/travis/build/icyphy/ptII/ptolemy/domains/continuous/test/auto/HysteresisWithRandomLosses.xml
----------------- Instantiating /home/travis/build/icyphy/ptII/ptolemy/domains/continuous/test/auto/HysteresisWithRandomLosses.xml
2686 ms. Memory: 264192K Free: 170027K (64%)
----------------- Invoking toplevel() on ptolemy.moml.MoMLSimpleApplication@35230842
----------------- Done invoking toplevel() on ptolemy.moml.MoMLSimpleApplication@35230842
reloadAllAccessors: .HysteresisWithRandomLosses

===========================================================================================
----------------- testing Tue Oct 01 05:47:11 UTC 2019 /home/travis/build/icyphy/ptII/ptolemy/domains/continuous/test/auto/ImmediateTransitions.xml
----------------- Instantiating /home/travis/build/icyphy/ptII/ptolemy/domains/continuous/test/auto/ImmediateTransitions.xml
10 ms. Memory: 264192K Free: 158747K (60%)
----------------- Invoking toplevel() on ptolemy.moml.MoMLSimpleApplication@6f80f596
----------------- Done invoking toplevel() on ptolemy.moml.MoMLSimpleApplication@6f80f596
reloadAllAccessors: .ImmediateTransitions

===========================================================================================
----------------- testing Tue Oct 01 05:47:11 UTC 2019 /home/travis/build/icyphy/ptII/ptolemy/domains/continuous/test/auto/ImpulseFeedback.xml
----------------- Instantiating /home/travis/build/icyphy/ptII/ptolemy/domains/continuous/test/auto/ImpulseFeedback.xml
10 ms. Memory: 264192K Free: 153147K (58%)
----------------- Invoking toplevel() on ptolemy.moml.MoMLSimpleApplication@40d6978c
----------------- Done invoking toplevel() on ptolemy.moml.MoMLSimpleApplication@40d6978c
reloadAllAccessors: .ImpulseFeedback

===========================================================================================
----------------- testing Tue Oct 01 05:47:11 UTC 2019 /home/travis/build/icyphy/ptII/ptolemy/domains/continuous/test/auto/ImpulseFeedback2.xml
----------------- Instantiating /home/travis/build/icyphy/ptII/ptolemy/domains/continuous/test/auto/ImpulseFeedback2.xml
6 ms. Memory: 264192K Free: 147513K (56%)
----------------- Invoking toplevel() on ptolemy.moml.MoMLSimpleApplication@3cbeaedf
----------------- Done invoking toplevel() on ptolemy.moml.MoMLSimpleApplication@3cbeaedf
reloadAllAccessors: .ImpulseFeedback2

===========================================================================================
----------------- testing Tue Oct 01 05:47:11 UTC 2019 /home/travis/build/icyphy/ptII/ptolemy/domains/continuous/test/auto/IncreasingRatePoisson.xml
----------------- Instantiating /home/travis/build/icyphy/ptII/ptolemy/domains/continuous/test/auto/IncreasingRatePoisson.xml
801 ms. Memory: 264192K Free: 144661K (55%)
----------------- Invoking toplevel() on ptolemy.moml.MoMLSimpleApplication@60202e36
----------------- Done invoking toplevel() on ptolemy.moml.MoMLSimpleApplication@60202e36
reloadAllAccessors: .IncreasingRatePoisson

===========================================================================================
----------------- testing Tue Oct 01 05:47:12 UTC 2019 /home/travis/build/icyphy/ptII/ptolemy/domains/continuous/test/auto/InitialStateFeedback.xml
----------------- Instantiating /home/travis/build/icyphy/ptII/ptolemy/domains/continuous/test/auto/InitialStateFeedback.xml
7 ms. Memory: 264192K Free: 140051K (53%)
----------------- Invoking toplevel() on ptolemy.moml.MoMLSimpleApplication@3a01407
----------------- Done invoking toplevel() on ptolemy.moml.MoMLSimpleApplication@3a01407
reloadAllAccessors: .InitialStateFeedback

===========================================================================================
----------------- testing Tue Oct 01 05:47:12 UTC 2019 /home/travis/build/icyphy/ptII/ptolemy/domains/continuous/test/auto/Integration.xml
----------------- Instantiating /home/travis/build/icyphy/ptII/ptolemy/domains/continuous/test/auto/Integration.xml
2 ms. Memory: 264192K Free: 135955K (51%)
----------------- Invoking toplevel() on ptolemy.moml.MoMLSimpleApplication@70bc4b8e
----------------- Done invoking toplevel() on ptolemy.moml.MoMLSimpleApplication@70bc4b8e
reloadAllAccessors: .Integration

===========================================================================================
----------------- testing Tue Oct 01 05:47:12 UTC 2019 /home/travis/build/icyphy/ptII/ptolemy/domains/continuous/test/auto/Integration2.xml
----------------- Instantiating /home/travis/build/icyphy/ptII/ptolemy/domains/continuous/test/auto/Integration2.xml
85 ms. Memory: 264192K Free: 122133K (46%)
----------------- Invoking toplevel() on ptolemy.moml.MoMLSimpleApplication@6086a763
----------------- Done invoking toplevel() on ptolemy.moml.MoMLSimpleApplication@6086a763
reloadAllAccessors: .Integration2

===========================================================================================
----------------- testing Tue Oct 01 05:47:12 UTC 2019 /home/travis/build/icyphy/ptII/ptolemy/domains/continuous/test/auto/Integration3.xml
----------------- Instantiating /home/travis/build/icyphy/ptII/ptolemy/domains/continuous/test/auto/Integration3.xml
3 ms. Memory: 264192K Free: 117523K (44%)
----------------- Invoking toplevel() on ptolemy.moml.MoMLSimpleApplication@59c0d190
----------------- Done invoking toplevel() on ptolemy.moml.MoMLSimpleApplication@59c0d190
reloadAllAccessors: .Integration3

===========================================================================================
----------------- testing Tue Oct 01 05:47:12 UTC 2019 /home/travis/build/icyphy/ptII/ptolemy/domains/continuous/test/auto/Integration5.xml
----------------- Instantiating /home/travis/build/icyphy/ptII/ptolemy/domains/continuous/test/auto/Integration5.xml
3 ms. Memory: 264192K Free: 113427K (43%)
----------------- Invoking toplevel() on ptolemy.moml.MoMLSimpleApplication@16ea377b
----------------- Done invoking toplevel() on ptolemy.moml.MoMLSimpleApplication@16ea377b
reloadAllAccessors: .Integration5

===========================================================================================
----------------- testing Tue Oct 01 05:47:12 UTC 2019 /home/travis/build/icyphy/ptII/ptolemy/domains/continuous/test/auto/IntegratorImpulse.xml
----------------- Instantiating /home/travis/build/icyphy/ptII/ptolemy/domains/continuous/test/auto/IntegratorImpulse.xml
3 ms. Memory: 264192K Free: 109301K (41%)
----------------- Invoking toplevel() on ptolemy.moml.MoMLSimpleApplication@21b08b43
----------------- Done invoking toplevel() on ptolemy.moml.MoMLSimpleApplication@21b08b43
reloadAllAccessors: .IntegratorImpulse

===========================================================================================
----------------- testing Tue Oct 01 05:47:12 UTC 2019 /home/travis/build/icyphy/ptII/ptolemy/domains/continuous/test/auto/IntegratorImpulse2.xml
----------------- Instantiating /home/travis/build/icyphy/ptII/ptolemy/domains/continuous/test/auto/IntegratorImpulse2.xml
4 ms. Memory: 264192K Free: 104725K (40%)
----------------- Invoking toplevel() on ptolemy.moml.MoMLSimpleApplication@30d6ad10
----------------- Done invoking toplevel() on ptolemy.moml.MoMLSimpleApplication@30d6ad10
reloadAllAccessors: .IntegratorImpulse2

===========================================================================================
----------------- testing Tue Oct 01 05:47:12 UTC 2019 /home/travis/build/icyphy/ptII/ptolemy/domains/continuous/test/auto/LevelCrossing1.xml
----------------- Instantiating /home/travis/build/icyphy/ptII/ptolemy/domains/continuous/test/auto/LevelCrossing1.xml
3 ms. Memory: 264192K Free: 99605K (38%)
----------------- Invoking toplevel() on ptolemy.moml.MoMLSimpleApplication@2959ef72
----------------- Done invoking toplevel() on ptolemy.moml.MoMLSimpleApplication@2959ef72
reloadAllAccessors: .LevelCrossing1

===========================================================================================
----------------- testing Tue Oct 01 05:47:12 UTC 2019 /home/travis/build/icyphy/ptII/ptolemy/domains/continuous/test/auto/LevelCrossing2.xml
----------------- Instantiating /home/travis/build/icyphy/ptII/ptolemy/domains/continuous/test/auto/LevelCrossing2.xml
3 ms. Memory: 264192K Free: 94485K (36%)
----------------- Invoking toplevel() on ptolemy.moml.MoMLSimpleApplication@77d129b5
----------------- Done invoking toplevel() on ptolemy.moml.MoMLSimpleApplication@77d129b5
reloadAllAccessors: .LevelCrossing2

===========================================================================================
----------------- testing Tue Oct 01 05:47:12 UTC 2019 /home/travis/build/icyphy/ptII/ptolemy/domains/continuous/test/auto/LevelCrossing3.xml
----------------- Instantiating /home/travis/build/icyphy/ptII/ptolemy/domains/continuous/test/auto/LevelCrossing3.xml
3 ms. Memory: 264192K Free: 246579K (93%)
----------------- Invoking toplevel() on ptolemy.moml.MoMLSimpleApplication@2ad43ff
----------------- Done invoking toplevel() on ptolemy.moml.MoMLSimpleApplication@2ad43ff
reloadAllAccessors: .LevelCrossing3

===========================================================================================
----------------- testing Tue Oct 01 05:47:13 UTC 2019 /home/travis/build/icyphy/ptII/ptolemy/domains/continuous/test/auto/LevelCrossing4.xml
----------------- Instantiating /home/travis/build/icyphy/ptII/ptolemy/domains/continuous/test/auto/LevelCrossing4.xml
3 ms. Memory: 264192K Free: 241459K (91%)
----------------- Invoking toplevel() on ptolemy.moml.MoMLSimpleApplication@485b8440
----------------- Done invoking toplevel() on ptolemy.moml.MoMLSimpleApplication@485b8440
reloadAllAccessors: .LevelCrossing4

===========================================================================================
----------------- testing Tue Oct 01 05:47:13 UTC 2019 /home/travis/build/icyphy/ptII/ptolemy/domains/continuous/test/auto/LevelCrossing5.xml
----------------- Instantiating /home/travis/build/icyphy/ptII/ptolemy/domains/continuous/test/auto/LevelCrossing5.xml
3 ms. Memory: 264192K Free: 236339K (89%)
----------------- Invoking toplevel() on ptolemy.moml.MoMLSimpleApplication@3518b346
----------------- Done invoking toplevel() on ptolemy.moml.MoMLSimpleApplication@3518b346
reloadAllAccessors: .LevelCrossing5

===========================================================================================
[...]
11 ms. Memory: 317440K Free: 292693K (92%)
----------------- Invoking toplevel() on ptolemy.moml.MoMLSimpleApplication@1a2b4b60
----------------- Done invoking toplevel() on ptolemy.moml.MoMLSimpleApplication@1a2b4b60
reloadAllAccessors: .ResetTransitionWithStartTime6

===========================================================================================
----------------- testing Tue Oct 01 05:47:31 UTC 2019 /home/travis/build/icyphy/ptII/ptolemy/domains/continuous/test/auto/SRinContinuous.xml
----------------- Instantiating /home/travis/build/icyphy/ptII/ptolemy/domains/continuous/test/auto/SRinContinuous.xml
6 ms. Memory: 317440K Free: 285011K (90%)
----------------- Invoking toplevel() on ptolemy.moml.MoMLSimpleApplication@48a5f840
----------------- Done invoking toplevel() on ptolemy.moml.MoMLSimpleApplication@48a5f840
reloadAllAccessors: .SRinContinuous

===========================================================================================
----------------- testing Tue Oct 01 05:47:31 UTC 2019 /home/travis/build/icyphy/ptII/ptolemy/domains/continuous/test/auto/SampledClocks.xml
----------------- Instantiating /home/travis/build/icyphy/ptII/ptolemy/domains/continuous/test/auto/SampledClocks.xml
11 ms. Memory: 317440K Free: 272213K (86%)
----------------- Invoking toplevel() on ptolemy.moml.MoMLSimpleApplication@643e324b
----------------- Done invoking toplevel() on ptolemy.moml.MoMLSimpleApplication@643e324b
reloadAllAccessors: .SampledClocks

===========================================================================================
----------------- testing Tue Oct 01 05:47:31 UTC 2019 /home/travis/build/icyphy/ptII/ptolemy/domains/continuous/test/auto/Satellite.xml
----------------- Instantiating /home/travis/build/icyphy/ptII/ptolemy/domains/continuous/test/auto/Satellite.xml
962 ms. Memory: 317440K Free: 260176K (82%)
----------------- Invoking toplevel() on ptolemy.moml.MoMLSimpleApplication@30804916
----------------- Done invoking toplevel() on ptolemy.moml.MoMLSimpleApplication@30804916
reloadAllAccessors: .Satellite

===========================================================================================
----------------- testing Tue Oct 01 05:47:32 UTC 2019 /home/travis/build/icyphy/ptII/ptolemy/domains/continuous/test/auto/SigmaDelta.xml
----------------- Instantiating /home/travis/build/icyphy/ptII/ptolemy/domains/continuous/test/auto/SigmaDelta.xml
2400 ms. Memory: 317440K Free: 186047K (59%)
----------------- Invoking toplevel() on ptolemy.moml.MoMLSimpleApplication@4ab75b2c
----------------- Done invoking toplevel() on ptolemy.moml.MoMLSimpleApplication@4ab75b2c
reloadAllAccessors: .SigmaDelta

===========================================================================================
----------------- testing Tue Oct 01 05:47:34 UTC 2019 /home/travis/build/icyphy/ptII/ptolemy/domains/continuous/test/auto/SingleRefinement.xml
----------------- Instantiating /home/travis/build/icyphy/ptII/ptolemy/domains/continuous/test/auto/SingleRefinement.xml
362 ms. Memory: 317440K Free: 190379K (60%)
----------------- Invoking toplevel() on ptolemy.moml.MoMLSimpleApplication@7edf75b4
----------------- Done invoking toplevel() on ptolemy.moml.MoMLSimpleApplication@7edf75b4
reloadAllAccessors: .SingleRefinement

===========================================================================================
----------------- testing Tue Oct 01 05:47:35 UTC 2019 /home/travis/build/icyphy/ptII/ptolemy/domains/continuous/test/auto/SinuBouncingBall.xml
----------------- Instantiating /home/travis/build/icyphy/ptII/ptolemy/domains/continuous/test/auto/SinuBouncingBall.xml
853 ms. Memory: 317440K Free: 159088K (50%)
----------------- Invoking toplevel() on ptolemy.moml.MoMLSimpleApplication@50ad896f
----------------- Done invoking toplevel() on ptolemy.moml.MoMLSimpleApplication@50ad896f
reloadAllAccessors: .SinuBouncingBall

===========================================================================================
----------------- testing Tue Oct 01 05:47:36 UTC 2019 /home/travis/build/icyphy/ptII/ptolemy/domains/continuous/test/auto/Sinusoid.xml
----------------- Instantiating /home/travis/build/icyphy/ptII/ptolemy/domains/continuous/test/auto/Sinusoid.xml
4 ms. Memory: 317440K Free: 154464K (49%)
----------------- Invoking toplevel() on ptolemy.moml.MoMLSimpleApplication@58f66c7d
----------------- Done invoking toplevel() on ptolemy.moml.MoMLSimpleApplication@58f66c7d
reloadAllAccessors: .Sinusoid

===========================================================================================
----------------- testing Tue Oct 01 05:47:36 UTC 2019 /home/travis/build/icyphy/ptII/ptolemy/domains/continuous/test/auto/SinusoidInNoise.xml
----------------- Instantiating /home/travis/build/icyphy/ptII/ptolemy/domains/continuous/test/auto/SinusoidInNoise.xml
994 ms. Memory: 317440K Free: 206391K (65%)
----------------- Invoking toplevel() on ptolemy.moml.MoMLSimpleApplication@10b9a06b
----------------- Done invoking toplevel() on ptolemy.moml.MoMLSimpleApplication@10b9a06b
reloadAllAccessors: .SinusoidInNoise

===========================================================================================
----------------- testing Tue Oct 01 05:47:37 UTC 2019 /home/travis/build/icyphy/ptII/ptolemy/domains/continuous/test/auto/SinusoidRK45.xml
----------------- Instantiating /home/travis/build/icyphy/ptII/ptolemy/domains/continuous/test/auto/SinusoidRK45.xml
3 ms. Memory: 317440K Free: 201785K (64%)
----------------- Invoking toplevel() on ptolemy.moml.MoMLSimpleApplication@582a5df4
----------------- Done invoking toplevel() on ptolemy.moml.MoMLSimpleApplication@582a5df4
reloadAllAccessors: .SinusoidRK45

===========================================================================================
----------------- testing Tue Oct 01 05:47:37 UTC 2019 /home/travis/build/icyphy/ptII/ptolemy/domains/continuous/test/auto/SinusoidWithMultipleImpulses.xml
----------------- Instantiating /home/travis/build/icyphy/ptII/ptolemy/domains/continuous/test/auto/SinusoidWithMultipleImpulses.xml
4 ms. Memory: 317440K Free: 197175K (62%)
----------------- Invoking toplevel() on ptolemy.moml.MoMLSimpleApplication@248be499
----------------- Done invoking toplevel() on ptolemy.moml.MoMLSimpleApplication@248be499
reloadAllAccessors: .SinusoidWithMultipleImpulses

===========================================================================================
----------------- testing Tue Oct 01 05:47:37 UTC 2019 /home/travis/build/icyphy/ptII/ptolemy/domains/continuous/test/auto/SquareWave.xml
----------------- Instantiating /home/travis/build/icyphy/ptII/ptolemy/domains/continuous/test/auto/SquareWave.xml
182 ms. Memory: 317440K Free: 170041K (54%)
----------------- Invoking toplevel() on ptolemy.moml.MoMLSimpleApplication@7f7b21b5
----------------- Done invoking toplevel() on ptolemy.moml.MoMLSimpleApplication@7f7b21b5
reloadAllAccessors: .SquareWave

===========================================================================================
----------------- testing Tue Oct 01 05:47:37 UTC 2019 /home/travis/build/icyphy/ptII/ptolemy/domains/continuous/test/auto/Starmac.xml
----------------- Instantiating /home/travis/build/icyphy/ptII/ptolemy/domains/continuous/test/auto/Starmac.xml
3085 ms. Memory: 317440K Free: 234719K (74%)
----------------- Invoking toplevel() on ptolemy.moml.MoMLSimpleApplication@5c519175
----------------- Done invoking toplevel() on ptolemy.moml.MoMLSimpleApplication@5c519175
reloadAllAccessors: .Starmac

===========================================================================================
----------------- testing Tue Oct 01 05:47:41 UTC 2019 /home/travis/build/icyphy/ptII/ptolemy/domains/continuous/test/auto/StaticUnits.xml
----------------- Instantiating /home/travis/build/icyphy/ptII/ptolemy/domains/continuous/test/auto/StaticUnits.xml
2191 ms. Memory: 317440K Free: 155278K (49%)
----------------- Invoking toplevel() on ptolemy.moml.MoMLSimpleApplication@7758214e
----------------- Done invoking toplevel() on ptolemy.moml.MoMLSimpleApplication@7758214e
reloadAllAccessors: .StaticUnits

===========================================================================================
----------------- testing Tue Oct 01 05:47:44 UTC 2019 /home/travis/build/icyphy/ptII/ptolemy/domains/continuous/test/auto/StickyMasses.xml
----------------- Instantiating /home/travis/build/icyphy/ptII/ptolemy/domains/continuous/test/auto/StickyMasses.xml
151 ms. Memory: 317440K Free: 290432K (91%)
----------------- Invoking toplevel() on ptolemy.moml.MoMLSimpleApplication@57221d58
----------------- Done invoking toplevel() on ptolemy.moml.MoMLSimpleApplication@57221d58
reloadAllAccessors: .StickyMasses

===========================================================================================
----------------- testing Tue Oct 01 05:47:44 UTC 2019 /home/travis/build/icyphy/ptII/ptolemy/domains/continuous/test/auto/StopTime.xml
----------------- Instantiating /home/travis/build/icyphy/ptII/ptolemy/domains/continuous/test/auto/StopTime.xml
45 ms. Memory: 317440K Free: 265347K (84%)
----------------- Invoking toplevel() on ptolemy.moml.MoMLSimpleApplication@547a62a5
----------------- Done invoking toplevel() on ptolemy.moml.MoMLSimpleApplication@547a62a5
reloadAllAccessors: .StopTime

===========================================================================================
----------------- testing Tue Oct 01 05:47:44 UTC 2019 /home/travis/build/icyphy/ptII/ptolemy/domains/continuous/test/auto/StopTime2.xml
----------------- Instantiating /home/travis/build/icyphy/ptII/ptolemy/domains/continuous/test/auto/StopTime2.xml
38 ms. Memory: 317440K Free: 243329K (77%)
----------------- Invoking toplevel() on ptolemy.moml.MoMLSimpleApplication@3630922e
----------------- Done invoking toplevel() on ptolemy.moml.MoMLSimpleApplication@3630922e
reloadAllAccessors: .StopTime2

===========================================================================================
----------------- testing Tue Oct 01 05:47:44 UTC 2019 /home/travis/build/icyphy/ptII/ptolemy/domains/continuous/test/auto/Switch.xml
----------------- Instantiating /home/travis/build/icyphy/ptII/ptolemy/domains/continuous/test/auto/Switch.xml
42 ms. Memory: 317440K Free: 218739K (69%)
----------------- Invoking toplevel() on ptolemy.moml.MoMLSimpleApplication@48df7395
----------------- Done invoking toplevel() on ptolemy.moml.MoMLSimpleApplication@48df7395
reloadAllAccessors: .Switch

===========================================================================================
----------------- testing Tue Oct 01 05:47:44 UTC 2019 /home/travis/build/icyphy/ptII/ptolemy/domains/continuous/test/auto/Thermostat.xml
----------------- Instantiating /home/travis/build/icyphy/ptII/ptolemy/domains/continuous/test/auto/Thermostat.xml
203 ms. Memory: 317440K Free: 146043K (46%)
----------------- Invoking toplevel() on ptolemy.moml.MoMLSimpleApplication@5b2f8005
----------------- Done invoking toplevel() on ptolemy.moml.MoMLSimpleApplication@5b2f8005
reloadAllAccessors: .Thermostat

===========================================================================================
----------------- testing Tue Oct 01 05:47:44 UTC 2019 /home/travis/build/icyphy/ptII/ptolemy/domains/continuous/test/auto/TimeDelay.xml
----------------- Instantiating /home/travis/build/icyphy/ptII/ptolemy/domains/continuous/test/auto/TimeDelay.xml
5 ms. Memory: 317440K Free: 141443K (45%)
----------------- Invoking toplevel() on ptolemy.moml.MoMLSimpleApplication@d55340d
----------------- Done invoking toplevel() on ptolemy.moml.MoMLSimpleApplication@d55340d
reloadAllAccessors: .TimeDelay

===========================================================================================
----------------- testing Tue Oct 01 05:47:44 UTC 2019 /home/travis/build/icyphy/ptII/ptolemy/domains/continuous/test/auto/TimeDelay2.xml
----------------- Instantiating /home/travis/build/icyphy/ptII/ptolemy/domains/continuous/test/auto/TimeDelay2.xml
7 ms. Memory: 317440K Free: 131203K (41%)
----------------- Invoking toplevel() on ptolemy.moml.MoMLSimpleApplication@11e45899
----------------- Done invoking toplevel() on ptolemy.moml.MoMLSimpleApplication@11e45899
reloadAllAccessors: .TimeDelay2

===========================================================================================
----------------- testing Tue Oct 01 05:47:44 UTC 2019 /home/travis/build/icyphy/ptII/ptolemy/domains/continuous/test/auto/TimeDelay3.xml
----------------- Instantiating /home/travis/build/icyphy/ptII/ptolemy/domains/continuous/test/auto/TimeDelay3.xml
2 ms. Memory: 317440K Free: 126579K (40%)
----------------- Invoking toplevel() on ptolemy.moml.MoMLSimpleApplication@741fdd98
----------------- Done invoking toplevel() on ptolemy.moml.MoMLSimpleApplication@741fdd98
reloadAllAccessors: .TimeDelay3

===========================================================================================
----------------- testing Tue Oct 01 05:47:44 UTC 2019 /home/travis/build/icyphy/ptII/ptolemy/domains/continuous/test/auto/TransferAbsentToInside.xml
----------------- Instantiating /home/travis/build/icyphy/ptII/ptolemy/domains/continuous/test/auto/TransferAbsentToInside.xml
29 ms. Memory: 317440K Free: 257656K (81%)
----------------- Invoking toplevel() on ptolemy.moml.MoMLSimpleApplication@7bb2b45e
----------------- Done invoking toplevel() on ptolemy.moml.MoMLSimpleApplication@7bb2b45e
reloadAllAccessors: .TransferAbsentToInside

===========================================================================================
----------------- testing Tue Oct 01 05:47:45 UTC 2019 /home/travis/build/icyphy/ptII/ptolemy/domains/continuous/test/auto/Transmission.xml
----------------- Instantiating /home/travis/build/icyphy/ptII/ptolemy/domains/continuous/test/auto/Transmission.xml
840 ms. Memory: 317440K Free: 209008K (66%)
----------------- Invoking toplevel() on ptolemy.moml.MoMLSimpleApplication@4a8e1556
----------------- Done invoking toplevel() on ptolemy.moml.MoMLSimpleApplication@4a8e1556
reloadAllAccessors: .Transmission

===========================================================================================
----------------- testing Tue Oct 01 05:47:45 UTC 2019 /home/travis/build/icyphy/ptII/ptolemy/domains/continuous/test/auto/TriggeredContinuousClock.xml
----------------- Instantiating /home/travis/build/icyphy/ptII/ptolemy/domains/continuous/test/auto/TriggeredContinuousClock.xml
48 ms. Memory: 317440K Free: 179312K (56%)
----------------- Invoking toplevel() on ptolemy.moml.MoMLSimpleApplication@4a74b3e5
----------------- Done invoking toplevel() on ptolemy.moml.MoMLSimpleApplication@4a74b3e5
reloadAllAccessors: .TriggeredContinuousClock

===========================================================================================
----------------- testing Tue Oct 01 05:47:46 UTC 2019 /home/travis/build/icyphy/ptII/ptolemy/domains/continuous/test/auto/TwoMachineInfiniteBusControl.xml
----------------- Instantiating /home/travis/build/icyphy/ptII/ptolemy/domains/continuous/test/auto/TwoMachineInfiniteBusControl.xml
2985 ms. Memory: 380928K Free: 272955K (72%)
----------------- Invoking toplevel() on ptolemy.moml.MoMLSimpleApplication@4aa39f73
----------------- Done invoking toplevel() on ptolemy.moml.MoMLSimpleApplication@4aa39f73
reloadAllAccessors: .TwoMachineInfiniteBusControl

===========================================================================================
----------------- testing Tue Oct 01 05:47:49 UTC 2019 /home/travis/build/icyphy/ptII/ptolemy/domains/continuous/test/auto/V2V.xml
----------------- Instantiating /home/travis/build/icyphy/ptII/ptolemy/domains/continuous/test/auto/V2V.xml
855 ms. Memory: 380928K Free: 305204K (80%)
----------------- Invoking toplevel() on ptolemy.moml.MoMLSimpleApplication@18dba08a
----------------- Done invoking toplevel() on ptolemy.moml.MoMLSimpleApplication@18dba08a
reloadAllAccessors: .V2V

===========================================================================================
----------------- testing Tue Oct 01 05:47:50 UTC 2019 /home/travis/build/icyphy/ptII/ptolemy/domains/continuous/test/auto/hierarchicalModalModel.xml
----------------- Instantiating /home/travis/build/icyphy/ptII/ptolemy/domains/continuous/test/auto/hierarchicalModalModel.xml
9 ms. Memory: 380928K Free: 290844K (76%)
----------------- Invoking toplevel() on ptolemy.moml.MoMLSimpleApplication@28c2dfec
----------------- Done invoking toplevel() on ptolemy.moml.MoMLSimpleApplication@28c2dfec
reloadAllAccessors: .hierarchicalModalModel

===========================================================================================
----------------- testing Tue Oct 01 05:47:50 UTC 2019 /home/travis/build/icyphy/ptII/ptolemy/domains/continuous/test/auto/hierarchicalModalModel1.xml
----------------- Instantiating /home/travis/build/icyphy/ptII/ptolemy/domains/continuous/test/auto/hierarchicalModalModel1.xml
10 ms. Memory: 380928K Free: 276539K (73%)
----------------- Invoking toplevel() on ptolemy.moml.MoMLSimpleApplication@40abdbe1
----------------- Done invoking toplevel() on ptolemy.moml.MoMLSimpleApplication@40abdbe1
reloadAllAccessors: .hierarchicalModalModel1

===========================================================================================
----------------- testing Tue Oct 01 05:47:50 UTC 2019 /home/travis/build/icyphy/ptII/ptolemy/domains/continuous/test/auto/hierarchicalModalModel2.xml
----------------- Instantiating /home/travis/build/icyphy/ptII/ptolemy/domains/continuous/test/auto/hierarchicalModalModel2.xml
6 ms. Memory: 380928K Free: 264236K (69%)
----------------- Invoking toplevel() on ptolemy.moml.MoMLSimpleApplication@3139a157
----------------- Done invoking toplevel() on ptolemy.moml.MoMLSimpleApplication@3139a157
reloadAllAccessors: .hierarchicalModalModel2

===========================================================================================
----------------- testing Tue Oct 01 05:47:50 UTC 2019 /home/travis/build/icyphy/ptII/ptolemy/domains/continuous/test/auto/hierarchicalModalModel3.xml
----------------- Instantiating /home/travis/build/icyphy/ptII/ptolemy/domains/continuous/test/auto/hierarchicalModalModel3.xml
7 ms. Memory: 380928K Free: 253501K (67%)
----------------- Invoking toplevel() on ptolemy.moml.MoMLSimpleApplication@e5795df
----------------- Done invoking toplevel() on ptolemy.moml.MoMLSimpleApplication@e5795df
reloadAllAccessors: .hierarchicalModalModel3

===========================================================================================
----------------- testing Tue Oct 01 05:47:50 UTC 2019 /home/travis/build/icyphy/ptII/ptolemy/domains/continuous/test/auto/hierarchicalModalModel4.xml
----------------- Instantiating /home/travis/build/icyphy/ptII/ptolemy/domains/continuous/test/auto/hierarchicalModalModel4.xml
7 ms. Memory: 380928K Free: 241723K (63%)
----------------- Invoking toplevel() on ptolemy.moml.MoMLSimpleApplication@3cc19bf8
----------------- Done invoking toplevel() on ptolemy.moml.MoMLSimpleApplication@3cc19bf8
reloadAllAccessors: .hierarchicalModalModel4

===========================================================================================
----------------- testing Tue Oct 01 05:47:50 UTC 2019 /home/travis/build/icyphy/ptII/ptolemy/domains/continuous/test/auto/junk.xml
----------------- Instantiating /home/travis/build/icyphy/ptII/ptolemy/domains/continuous/test/auto/junk.xml
150 ms. Memory: 380928K Free: 216123K (57%)
----------------- Invoking toplevel() on ptolemy.moml.MoMLSimpleApplication@6267cf6b
----------------- Done invoking toplevel() on ptolemy.moml.MoMLSimpleApplication@6267cf6b
reloadAllAccessors: .junk
AutoTests.java: About to close Vertx.
AutoTests.java: Vertx closed.
]]></system-out>
  <system-err><![CDATA[Warning: '.Poisson.NonStrictTest' The test produced only 393 tokens, yet the correctValues parameter was expecting 430 tokens.
]]></system-err>
</testsuite>
