<?xml version="1.0" encoding="UTF-8" ?>
<testsuite errors="0" failures="0" hostname="travis-job-4349698f-22f5-493f-8e66-330da38d1b2d" name="ptolemy.actor.lib.hoc.test.junit.JUnitTclTest" skipped="0" tests="58" time="30.036" timestamp="2020-02-21T07:04:19">
  <properties>
[...]
</properties>
  <testcase classname="ptolemy.util.test.junit.TclTests" name="[0] /home/travis/build/icyphy/ptII/ptolemy/actor/lib/hoc/test/IterateOverArray.tcl (RunTclFile)" time="0.271" />
  <testcase classname="ptolemy.util.test.junit.AutoKnownFailedTests" name="[0] /home/travis/build/icyphy/ptII/ptolemy/actor/lib/hoc/test/auto/knownFailedTests/PreinitializeMustBeInvokedRunComposite.xml (RunModel)" time="0.404" />
  <testcase classname="ptolemy.util.test.junit.AutoNameArchTests" name="[0] ThereAreNoAutoArchTests (RunModel)" time="0.005" />
  <testcase classname="ptolemy.util.test.junit.AutoTests" name="[0] /home/travis/build/icyphy/ptII/ptolemy/actor/lib/hoc/test/auto/AllToAllMultiInstanceComposite.xml (RunModel)" time="0.366" />
  <testcase classname="ptolemy.util.test.junit.AutoTests" name="[1] /home/travis/build/icyphy/ptII/ptolemy/actor/lib/hoc/test/auto/ApplyFFTTest.xml (RunModel)" time="0.379" />
  <testcase classname="ptolemy.util.test.junit.AutoTests" name="[2] /home/travis/build/icyphy/ptII/ptolemy/actor/lib/hoc/test/auto/ApplyFunction.xml (RunModel)" time="0.058" />
  <testcase classname="ptolemy.util.test.junit.AutoTests" name="[3] /home/travis/build/icyphy/ptII/ptolemy/actor/lib/hoc/test/auto/BackgroundExecution.xml (RunModel)" time="0.735" />
  <testcase classname="ptolemy.util.test.junit.AutoTests" name="[4] /home/travis/build/icyphy/ptII/ptolemy/actor/lib/hoc/test/auto/Case.xml (RunModel)" time="0.08" />
  <testcase classname="ptolemy.util.test.junit.AutoTests" name="[5] /home/travis/build/icyphy/ptII/ptolemy/actor/lib/hoc/test/auto/Case1.xml (RunModel)" time="0.043" />
  <testcase classname="ptolemy.util.test.junit.AutoTests" name="[6] /home/travis/build/icyphy/ptII/ptolemy/actor/lib/hoc/test/auto/Case2.xml (RunModel)" time="0.049" />
  <testcase classname="ptolemy.util.test.junit.AutoTests" name="[7] /home/travis/build/icyphy/ptII/ptolemy/actor/lib/hoc/test/auto/Case3.xml (RunModel)" time="0.03" />
  <testcase classname="ptolemy.util.test.junit.AutoTests" name="[8] /home/travis/build/icyphy/ptII/ptolemy/actor/lib/hoc/test/auto/Case4.xml (RunModel)" time="0.052" />
  <testcase classname="ptolemy.util.test.junit.AutoTests" name="[9] /home/travis/build/icyphy/ptII/ptolemy/actor/lib/hoc/test/auto/Case5.xml (RunModel)" time="0.062" />
  <testcase classname="ptolemy.util.test.junit.AutoTests" name="[10] /home/travis/build/icyphy/ptII/ptolemy/actor/lib/hoc/test/auto/Case6.xml (RunModel)" time="0.084" />
  <testcase classname="ptolemy.util.test.junit.AutoTests" name="[11] /home/travis/build/icyphy/ptII/ptolemy/actor/lib/hoc/test/auto/CaseString2.xml (RunModel)" time="0.036" />
  <testcase classname="ptolemy.util.test.junit.AutoTests" name="[12] /home/travis/build/icyphy/ptII/ptolemy/actor/lib/hoc/test/auto/CatchUpComposite1.xml (RunModel)" time="0.088" />
  <testcase classname="ptolemy.util.test.junit.AutoTests" name="[13] /home/travis/build/icyphy/ptII/ptolemy/actor/lib/hoc/test/auto/CatchUpComposite2.xml (RunModel)" time="0.046" />
  <testcase classname="ptolemy.util.test.junit.AutoTests" name="[14] /home/travis/build/icyphy/ptII/ptolemy/actor/lib/hoc/test/auto/CatchUpComposite3.xml (RunModel)" time="0.066" />
  <testcase classname="ptolemy.util.test.junit.AutoTests" name="[15] /home/travis/build/icyphy/ptII/ptolemy/actor/lib/hoc/test/auto/CatchUpComposite4.xml (RunModel)" time="0.07" />
  <testcase classname="ptolemy.util.test.junit.AutoTests" name="[16] /home/travis/build/icyphy/ptII/ptolemy/actor/lib/hoc/test/auto/CatchUpComposite5.xml (RunModel)" time="0.047" />
  <testcase classname="ptolemy.util.test.junit.AutoTests" name="[17] /home/travis/build/icyphy/ptII/ptolemy/actor/lib/hoc/test/auto/CatchUpComposite6.xml (RunModel)" time="0.169" />
  <testcase classname="ptolemy.util.test.junit.AutoTests" name="[18] /home/travis/build/icyphy/ptII/ptolemy/actor/lib/hoc/test/auto/CatchUpComposite7.xml (RunModel)" time="0.096" />
  <testcase classname="ptolemy.util.test.junit.AutoTests" name="[19] /home/travis/build/icyphy/ptII/ptolemy/actor/lib/hoc/test/auto/ConcurrentExecutionTimeSDF.xml (RunModel)" time="0.926" />
  <testcase classname="ptolemy.util.test.junit.AutoTests" name="[20] /home/travis/build/icyphy/ptII/ptolemy/actor/lib/hoc/test/auto/ConcurrentSleep.xml (RunModel)" time="0.778" />
  <testcase classname="ptolemy.util.test.junit.AutoTests" name="[21] /home/travis/build/icyphy/ptII/ptolemy/actor/lib/hoc/test/auto/DEInPNInRunCompositeActor.xml (RunModel)" time="0.033" />
  <testcase classname="ptolemy.util.test.junit.AutoTests" name="[22] /home/travis/build/icyphy/ptII/ptolemy/actor/lib/hoc/test/auto/DFTSubSetTest.xml (RunModel)" time="0.252" />
  <testcase classname="ptolemy.util.test.junit.AutoTests" name="[23] /home/travis/build/icyphy/ptII/ptolemy/actor/lib/hoc/test/auto/HocDE.xml (RunModel)" time="0.151" />
  <testcase classname="ptolemy.util.test.junit.AutoTests" name="[24] /home/travis/build/icyphy/ptII/ptolemy/actor/lib/hoc/test/auto/IterateOverArray.xml (RunModel)" time="0.026" />
  <testcase classname="ptolemy.util.test.junit.AutoTests" name="[25] /home/travis/build/icyphy/ptII/ptolemy/actor/lib/hoc/test/auto/IterateOverArray10.xml (RunModel)" time="0.024" />
  <testcase classname="ptolemy.util.test.junit.AutoTests" name="[26] /home/travis/build/icyphy/ptII/ptolemy/actor/lib/hoc/test/auto/IterateOverArray11.xml (RunModel)" time="0.032" />
  <testcase classname="ptolemy.util.test.junit.AutoTests" name="[27] /home/travis/build/icyphy/ptII/ptolemy/actor/lib/hoc/test/auto/IterateOverArray12.xml (RunModel)" time="0.033" />
  <testcase classname="ptolemy.util.test.junit.AutoTests" name="[28] /home/travis/build/icyphy/ptII/ptolemy/actor/lib/hoc/test/auto/IterateOverArray13.xml (RunModel)" time="0.137" />
  <testcase classname="ptolemy.util.test.junit.AutoTests" name="[29] /home/travis/build/icyphy/ptII/ptolemy/actor/lib/hoc/test/auto/IterateOverArray14.xml (RunModel)" time="0.14" />
  <testcase classname="ptolemy.util.test.junit.AutoTests" name="[30] /home/travis/build/icyphy/ptII/ptolemy/actor/lib/hoc/test/auto/IterateOverArray2.xml (RunModel)" time="0.026" />
  <testcase classname="ptolemy.util.test.junit.AutoTests" name="[31] /home/travis/build/icyphy/ptII/ptolemy/actor/lib/hoc/test/auto/IterateOverArray3.xml (RunModel)" time="0.035" />
  <testcase classname="ptolemy.util.test.junit.AutoTests" name="[32] /home/travis/build/icyphy/ptII/ptolemy/actor/lib/hoc/test/auto/IterateOverArray4.xml (RunModel)" time="0.023" />
  <testcase classname="ptolemy.util.test.junit.AutoTests" name="[33] /home/travis/build/icyphy/ptII/ptolemy/actor/lib/hoc/test/auto/IterateOverArray5.xml (RunModel)" time="0.02" />
  <testcase classname="ptolemy.util.test.junit.AutoTests" name="[34] /home/travis/build/icyphy/ptII/ptolemy/actor/lib/hoc/test/auto/IterateOverArray6.xml (RunModel)" time="0.027" />
  <testcase classname="ptolemy.util.test.junit.AutoTests" name="[35] /home/travis/build/icyphy/ptII/ptolemy/actor/lib/hoc/test/auto/IterateOverArray7.xml (RunModel)" time="0.016" />
  <testcase classname="ptolemy.util.test.junit.AutoTests" name="[36] /home/travis/build/icyphy/ptII/ptolemy/actor/lib/hoc/test/auto/IterateOverArray8.xml (RunModel)" time="0.032" />
  <testcase classname="ptolemy.util.test.junit.AutoTests" name="[37] /home/travis/build/icyphy/ptII/ptolemy/actor/lib/hoc/test/auto/IterateOverArray9.xml (RunModel)" time="0.03" />
  <testcase classname="ptolemy.util.test.junit.AutoTests" name="[38] /home/travis/build/icyphy/ptII/ptolemy/actor/lib/hoc/test/auto/IterateOverArrayCoercedOutputType.xml (RunModel)" time="0.05" />
  <testcase classname="ptolemy.util.test.junit.AutoTests" name="[39] /home/travis/build/icyphy/ptII/ptolemy/actor/lib/hoc/test/auto/IterateOverArrayInferredOutputType.xml (RunModel)" time="0.028" />
  <testcase classname="ptolemy.util.test.junit.AutoTests" name="[40] /home/travis/build/icyphy/ptII/ptolemy/actor/lib/hoc/test/auto/MobileFunctionTest.xml (RunModel)" time="0.027" />
  <testcase classname="ptolemy.util.test.junit.AutoTests" name="[41] /home/travis/build/icyphy/ptII/ptolemy/actor/lib/hoc/test/auto/MobileModelTest.xml (RunModel)" time="0.144" />
  <testcase classname="ptolemy.util.test.junit.AutoTests" name="[42] /home/travis/build/icyphy/ptII/ptolemy/actor/lib/hoc/test/auto/ModelReference.xml (RunModel)" time="0.053" />
  <testcase classname="ptolemy.util.test.junit.AutoTests" name="[43] /home/travis/build/icyphy/ptII/ptolemy/actor/lib/hoc/test/auto/ModelReference3.xml (RunModel)" time="0.05" />
  <testcase classname="ptolemy.util.test.junit.AutoTests" name="[44] /home/travis/build/icyphy/ptII/ptolemy/actor/lib/hoc/test/auto/ModelReference4.xml (RunModel)" time="10.026" />
  <testcase classname="ptolemy.util.test.junit.AutoTests" name="[45] /home/travis/build/icyphy/ptII/ptolemy/actor/lib/hoc/test/auto/MultiInstanceComposite.xml (RunModel)" time="0.055" />
  <testcase classname="ptolemy.util.test.junit.AutoTests" name="[46] /home/travis/build/icyphy/ptII/ptolemy/actor/lib/hoc/test/auto/MultiInstanceComposite2.xml (RunModel)" time="0.029" />
  <testcase classname="ptolemy.util.test.junit.AutoTests" name="[47] /home/travis/build/icyphy/ptII/ptolemy/actor/lib/hoc/test/auto/MulticoreExecution.xml (RunModel)" time="1.093" />
  <testcase classname="ptolemy.util.test.junit.AutoTests" name="[48] /home/travis/build/icyphy/ptII/ptolemy/actor/lib/hoc/test/auto/ParallelExecution.xml (RunModel)" time="0.928" />
  <testcase classname="ptolemy.util.test.junit.AutoTests" name="[49] /home/travis/build/icyphy/ptII/ptolemy/actor/lib/hoc/test/auto/RunCompositeActor.xml (RunModel)" time="0.017" />
  <testcase classname="ptolemy.util.test.junit.AutoTests" name="[50] /home/travis/build/icyphy/ptII/ptolemy/actor/lib/hoc/test/auto/RunCompositeActor2.xml (RunModel)" time="0.026" />
  <testcase classname="ptolemy.util.test.junit.AutoTests" name="[51] /home/travis/build/icyphy/ptII/ptolemy/actor/lib/hoc/test/auto/RunCompositeActor3.xml (RunModel)" time="0.018" />
  <testcase classname="ptolemy.util.test.junit.AutoTests" name="[52] /home/travis/build/icyphy/ptII/ptolemy/actor/lib/hoc/test/auto/RunCompositeActor4.xml (RunModel)" time="0.025" />
  <testcase classname="ptolemy.util.test.junit.AutoTests" name="[53] /home/travis/build/icyphy/ptII/ptolemy/actor/lib/hoc/test/auto/RunCompositeIterateOverArray.xml (RunModel)" time="0.018" />
  <testcase classname="ptolemy.util.test.junit.AutoTests" name="[54] /home/travis/build/icyphy/ptII/ptolemy/actor/lib/hoc/test/auto/ThreadedJS.xml (RunModel)" time="10.921" />
  <system-out><![CDATA[/home/travis/build/icyphy/ptII/ptolemy/actor/lib/hoc/test/IterateOverArray.tcl
testDefs.tcl: setting time out to 9000 seconds at Fri Feb 21 07:04:19 UTC 2020
02/21/20 07:04:19
Failed: 0  Total Tests: 2  ((Passed: 2, Newly Passed: 0)  Known Failed: 0) /home/travis/build/icyphy/ptII/ptolemy/actor/lib/hoc/test
----------------- testing (KnownFailure) /home/travis/build/icyphy/ptII/ptolemy/actor/lib/hoc/test/auto/knownFailedTests/PreinitializeMustBeInvokedRunComposite.xml
84 ms. Memory: 129024K Free: 85960K (67%)
Known Failure: java.lang.reflect.InvocationTargetException
No auto/linux-amd64/*.xml tests in /home/travis/build/icyphy/ptII/ptolemy/actor/lib/hoc/test
AutoTests.java: About to close Vertx.
AutoTests.java: Vertx closed.

===========================================================================================
----------------- testing Fri Feb 21 07:04:20 UTC 2020 /home/travis/build/icyphy/ptII/ptolemy/actor/lib/hoc/test/auto/AllToAllMultiInstanceComposite.xml
----------------- Instantiating /home/travis/build/icyphy/ptII/ptolemy/actor/lib/hoc/test/auto/AllToAllMultiInstanceComposite.xml
149 ms. Memory: 129024K Free: 100738K (78%)
----------------- Invoking toplevel() on ptolemy.moml.MoMLSimpleApplication@cadb76b
----------------- Done invoking toplevel() on ptolemy.moml.MoMLSimpleApplication@cadb76b
reloadAllAccessors: .AllToAllMultiInstanceComposite

===========================================================================================
----------------- testing Fri Feb 21 07:04:21 UTC 2020 /home/travis/build/icyphy/ptII/ptolemy/actor/lib/hoc/test/auto/ApplyFFTTest.xml
----------------- Instantiating /home/travis/build/icyphy/ptII/ptolemy/actor/lib/hoc/test/auto/ApplyFFTTest.xml
146 ms. Memory: 129024K Free: 82206K (64%)
----------------- Invoking toplevel() on ptolemy.moml.MoMLSimpleApplication@33a244c1
----------------- Done invoking toplevel() on ptolemy.moml.MoMLSimpleApplication@33a244c1
reloadAllAccessors: .ApplyFFTTest

===========================================================================================
----------------- testing Fri Feb 21 07:04:21 UTC 2020 /home/travis/build/icyphy/ptII/ptolemy/actor/lib/hoc/test/auto/ApplyFunction.xml
----------------- Instantiating /home/travis/build/icyphy/ptII/ptolemy/actor/lib/hoc/test/auto/ApplyFunction.xml
11 ms. Memory: 129024K Free: 79156K (61%)
----------------- Invoking toplevel() on ptolemy.moml.MoMLSimpleApplication@307a3eb8
----------------- Done invoking toplevel() on ptolemy.moml.MoMLSimpleApplication@307a3eb8
reloadAllAccessors: .ApplyFunction

===========================================================================================
----------------- testing Fri Feb 21 07:04:21 UTC 2020 /home/travis/build/icyphy/ptII/ptolemy/actor/lib/hoc/test/auto/BackgroundExecution.xml
----------------- Instantiating /home/travis/build/icyphy/ptII/ptolemy/actor/lib/hoc/test/auto/BackgroundExecution.xml
626 ms. Memory: 129024K Free: 71966K (56%)
----------------- Invoking toplevel() on ptolemy.moml.MoMLSimpleApplication@6ce52a58
----------------- Done invoking toplevel() on ptolemy.moml.MoMLSimpleApplication@6ce52a58
reloadAllAccessors: .BackgroundExecution

===========================================================================================
----------------- testing Fri Feb 21 07:04:22 UTC 2020 /home/travis/build/icyphy/ptII/ptolemy/actor/lib/hoc/test/auto/Case.xml
----------------- Instantiating /home/travis/build/icyphy/ptII/ptolemy/actor/lib/hoc/test/auto/Case.xml
22 ms. Memory: 129024K Free: 109188K (85%)
----------------- Invoking toplevel() on ptolemy.moml.MoMLSimpleApplication@3acf6fab
----------------- Done invoking toplevel() on ptolemy.moml.MoMLSimpleApplication@3acf6fab
reloadAllAccessors: .Case

===========================================================================================
----------------- testing Fri Feb 21 07:04:22 UTC 2020 /home/travis/build/icyphy/ptII/ptolemy/actor/lib/hoc/test/auto/Case1.xml
----------------- Instantiating /home/travis/build/icyphy/ptII/ptolemy/actor/lib/hoc/test/auto/Case1.xml
9 ms. Memory: 129024K Free: 102392K (79%)
----------------- Invoking toplevel() on ptolemy.moml.MoMLSimpleApplication@1ebe6235
----------------- Done invoking toplevel() on ptolemy.moml.MoMLSimpleApplication@1ebe6235
reloadAllAccessors: .Case1

===========================================================================================
----------------- testing Fri Feb 21 07:04:22 UTC 2020 /home/travis/build/icyphy/ptII/ptolemy/actor/lib/hoc/test/auto/Case2.xml
----------------- Instantiating /home/travis/build/icyphy/ptII/ptolemy/actor/lib/hoc/test/auto/Case2.xml
20 ms. Memory: 129024K Free: 92434K (72%)
----------------- Invoking toplevel() on ptolemy.moml.MoMLSimpleApplication@670ab100
----------------- Done invoking toplevel() on ptolemy.moml.MoMLSimpleApplication@670ab100
reloadAllAccessors: .Case2

===========================================================================================
----------------- testing Fri Feb 21 07:04:22 UTC 2020 /home/travis/build/icyphy/ptII/ptolemy/actor/lib/hoc/test/auto/Case3.xml
----------------- Instantiating /home/travis/build/icyphy/ptII/ptolemy/actor/lib/hoc/test/auto/Case3.xml
11 ms. Memory: 129024K Free: 86008K (67%)
----------------- Invoking toplevel() on ptolemy.moml.MoMLSimpleApplication@3b3f463a
----------------- Done invoking toplevel() on ptolemy.moml.MoMLSimpleApplication@3b3f463a
reloadAllAccessors: .Case3

===========================================================================================
----------------- testing Fri Feb 21 07:04:22 UTC 2020 /home/travis/build/icyphy/ptII/ptolemy/actor/lib/hoc/test/auto/Case4.xml
----------------- Instantiating /home/travis/build/icyphy/ptII/ptolemy/actor/lib/hoc/test/auto/Case4.xml
16 ms. Memory: 129024K Free: 78489K (61%)
----------------- Invoking toplevel() on ptolemy.moml.MoMLSimpleApplication@5ec24a32
----------------- Done invoking toplevel() on ptolemy.moml.MoMLSimpleApplication@5ec24a32
reloadAllAccessors: .Case4

===========================================================================================
----------------- testing Fri Feb 21 07:04:22 UTC 2020 /home/travis/build/icyphy/ptII/ptolemy/actor/lib/hoc/test/auto/Case5.xml
----------------- Instantiating /home/travis/build/icyphy/ptII/ptolemy/actor/lib/hoc/test/auto/Case5.xml
30 ms. Memory: 129024K Free: 71672K (56%)
----------------- Invoking toplevel() on ptolemy.moml.MoMLSimpleApplication@6994b678
----------------- Done invoking toplevel() on ptolemy.moml.MoMLSimpleApplication@6994b678
reloadAllAccessors: .junk

===========================================================================================
----------------- testing Fri Feb 21 07:04:22 UTC 2020 /home/travis/build/icyphy/ptII/ptolemy/actor/lib/hoc/test/auto/Case6.xml
----------------- Instantiating /home/travis/build/icyphy/ptII/ptolemy/actor/lib/hoc/test/auto/Case6.xml
30 ms. Memory: 161792K Free: 144997K (90%)
----------------- Invoking toplevel() on ptolemy.moml.MoMLSimpleApplication@702c5c9b
----------------- Done invoking toplevel() on ptolemy.moml.MoMLSimpleApplication@702c5c9b
reloadAllAccessors: .Case6

===========================================================================================
----------------- testing Fri Feb 21 07:04:22 UTC 2020 /home/travis/build/icyphy/ptII/ptolemy/actor/lib/hoc/test/auto/CaseString2.xml
----------------- Instantiating /home/travis/build/icyphy/ptII/ptolemy/actor/lib/hoc/test/auto/CaseString2.xml
13 ms. Memory: 161792K Free: 136631K (84%)
----------------- Invoking toplevel() on ptolemy.moml.MoMLSimpleApplication@6b9c5338
----------------- Done invoking toplevel() on ptolemy.moml.MoMLSimpleApplication@6b9c5338
reloadAllAccessors: .CaseString2

===========================================================================================
----------------- testing Fri Feb 21 07:04:22 UTC 2020 /home/travis/build/icyphy/ptII/ptolemy/actor/lib/hoc/test/auto/CatchUpComposite1.xml
----------------- Instantiating /home/travis/build/icyphy/ptII/ptolemy/actor/lib/hoc/test/auto/CatchUpComposite1.xml
30 ms. Memory: 161792K Free: 126974K (78%)
----------------- Invoking toplevel() on ptolemy.moml.MoMLSimpleApplication@1a0891b3
----------------- Done invoking toplevel() on ptolemy.moml.MoMLSimpleApplication@1a0891b3
reloadAllAccessors: .CatchUpComposite1

===========================================================================================
----------------- testing Fri Feb 21 07:04:22 UTC 2020 /home/travis/build/icyphy/ptII/ptolemy/actor/lib/hoc/test/auto/CatchUpComposite2.xml
----------------- Instantiating /home/travis/build/icyphy/ptII/ptolemy/actor/lib/hoc/test/auto/CatchUpComposite2.xml
19 ms. Memory: 161792K Free: 118229K (73%)
----------------- Invoking toplevel() on ptolemy.moml.MoMLSimpleApplication@62b28f89
----------------- Done invoking toplevel() on ptolemy.moml.MoMLSimpleApplication@62b28f89
reloadAllAccessors: .CatchUpComposite2

===========================================================================================
----------------- testing Fri Feb 21 07:04:22 UTC 2020 /home/travis/build/icyphy/ptII/ptolemy/actor/lib/hoc/test/auto/CatchUpComposite3.xml
----------------- Instantiating /home/travis/build/icyphy/ptII/ptolemy/actor/lib/hoc/test/auto/CatchUpComposite3.xml
22 ms. Memory: 161792K Free: 109565K (68%)
----------------- Invoking toplevel() on ptolemy.moml.MoMLSimpleApplication@15c01f13
----------------- Done invoking toplevel() on ptolemy.moml.MoMLSimpleApplication@15c01f13
reloadAllAccessors: .CatchUpComposite3

===========================================================================================
----------------- testing Fri Feb 21 07:04:22 UTC 2020 /home/travis/build/icyphy/ptII/ptolemy/actor/lib/hoc/test/auto/CatchUpComposite4.xml
----------------- Instantiating /home/travis/build/icyphy/ptII/ptolemy/actor/lib/hoc/test/auto/CatchUpComposite4.xml
21 ms. Memory: 161792K Free: 101312K (63%)
----------------- Invoking toplevel() on ptolemy.moml.MoMLSimpleApplication@26618815
----------------- Done invoking toplevel() on ptolemy.moml.MoMLSimpleApplication@26618815
reloadAllAccessors: .CatchUpComposite4

===========================================================================================
----------------- testing Fri Feb 21 07:04:22 UTC 2020 /home/travis/build/icyphy/ptII/ptolemy/actor/lib/hoc/test/auto/CatchUpComposite5.xml
----------------- Instantiating /home/travis/build/icyphy/ptII/ptolemy/actor/lib/hoc/test/auto/CatchUpComposite5.xml
13 ms. Memory: 161792K Free: 93639K (58%)
----------------- Invoking toplevel() on ptolemy.moml.MoMLSimpleApplication@6f754f6a
----------------- Done invoking toplevel() on ptolemy.moml.MoMLSimpleApplication@6f754f6a
reloadAllAccessors: .CatchUpComposite5

===========================================================================================
----------------- testing Fri Feb 21 07:04:23 UTC 2020 /home/travis/build/icyphy/ptII/ptolemy/actor/lib/hoc/test/auto/CatchUpComposite6.xml
----------------- Instantiating /home/travis/build/icyphy/ptII/ptolemy/actor/lib/hoc/test/auto/CatchUpComposite6.xml
WARNING: The execution aspects in this model can influence the timing of actors by delaying the 
execution, potentially changing the behavior. There is no guarantee that actors fire at the 
time they request to be fired. 
Use Ptides for deterministic DE behavior that is not influenced by execution aspects. 

90 ms. Memory: 161792K Free: 78846K (49%)
----------------- Invoking toplevel() on ptolemy.moml.MoMLSimpleApplication@2dae0c2f
----------------- Done invoking toplevel() on ptolemy.moml.MoMLSimpleApplication@2dae0c2f
reloadAllAccessors: .CatchUpComposite6

===========================================================================================
----------------- testing Fri Feb 21 07:04:23 UTC 2020 /home/travis/build/icyphy/ptII/ptolemy/actor/lib/hoc/test/auto/CatchUpComposite7.xml
----------------- Instantiating /home/travis/build/icyphy/ptII/ptolemy/actor/lib/hoc/test/auto/CatchUpComposite7.xml
WARNING: The execution aspects in this model can influence the timing of actors by delaying the 
execution, potentially changing the behavior. There is no guarantee that actors fire at the 
time they request to be fired. 
Use Ptides for deterministic DE behavior that is not influenced by execution aspects. 

42 ms. Memory: 161792K Free: 64510K (40%)
----------------- Invoking toplevel() on ptolemy.moml.MoMLSimpleApplication@1fea9b6e
----------------- Done invoking toplevel() on ptolemy.moml.MoMLSimpleApplication@1fea9b6e
reloadAllAccessors: .CatchUpComposite7

===========================================================================================
----------------- testing Fri Feb 21 07:04:23 UTC 2020 /home/travis/build/icyphy/ptII/ptolemy/actor/lib/hoc/test/auto/ConcurrentExecutionTimeSDF.xml
----------------- Instantiating /home/travis/build/icyphy/ptII/ptolemy/actor/lib/hoc/test/auto/ConcurrentExecutionTimeSDF.xml
Fired ExecutionTime: 40400000
Fired ExecutionTime: 40400000
Fired ExecutionTime: 40400000
Fired ExecutionTime: 40400000
Fired ExecutionTime: 40400000
Fired ExecutionTime: 40400000
Fired ExecutionTime: 40400000
Fired ExecutionTime: 40400000
Fired ExecutionTime: 40400000
Fired ExecutionTime: 40400000
Fired ExecutionTime: 40400000
Fired ExecutionTime: 40400000
Fired ExecutionTime: 40400000
Fired ExecutionTime: 40400000
Fired ExecutionTime: 40400000
Fired ExecutionTime: 40400000
Fired ExecutionTime: 40400000
Fired ExecutionTime: 40400000
Fired ExecutionTime: 40400000
Fired ExecutionTime: 40400000
900 ms. Memory: 161792K Free: 57813K (36%)
----------------- Invoking toplevel() on ptolemy.moml.MoMLSimpleApplication@5f4c3b7a
----------------- Done invoking toplevel() on ptolemy.moml.MoMLSimpleApplication@5f4c3b7a
reloadAllAccessors: .ConcurrentExecutionTimeSDF

===========================================================================================
----------------- testing Fri Feb 21 07:04:24 UTC 2020 /home/travis/build/icyphy/ptII/ptolemy/actor/lib/hoc/test/auto/ConcurrentSleep.xml
----------------- Instantiating /home/travis/build/icyphy/ptII/ptolemy/actor/lib/hoc/test/auto/ConcurrentSleep.xml
721 ms. Memory: 161792K Free: 140500K (87%)
----------------- Invoking toplevel() on ptolemy.moml.MoMLSimpleApplication@7953813
----------------- Done invoking toplevel() on ptolemy.moml.MoMLSimpleApplication@7953813
reloadAllAccessors: .ConcurrentSleep

===========================================================================================
----------------- testing Fri Feb 21 07:04:24 UTC 2020 /home/travis/build/icyphy/ptII/ptolemy/actor/lib/hoc/test/auto/DEInPNInRunCompositeActor.xml
----------------- Instantiating /home/travis/build/icyphy/ptII/ptolemy/actor/lib/hoc/test/auto/DEInPNInRunCompositeActor.xml
18 ms. Memory: 161792K Free: 134466K (83%)
----------------- Invoking toplevel() on ptolemy.moml.MoMLSimpleApplication@3002b11d
----------------- Done invoking toplevel() on ptolemy.moml.MoMLSimpleApplication@3002b11d
reloadAllAccessors: .DEInPNInRunCompositeActor

===========================================================================================
----------------- testing Fri Feb 21 07:04:25 UTC 2020 /home/travis/build/icyphy/ptII/ptolemy/actor/lib/hoc/test/auto/DFTSubSetTest.xml
----------------- Instantiating /home/travis/build/icyphy/ptII/ptolemy/actor/lib/hoc/test/auto/DFTSubSetTest.xml
161 ms. Memory: 161792K Free: 91972K (57%)
----------------- Invoking toplevel() on ptolemy.moml.MoMLSimpleApplication@5d77854e
----------------- Done invoking toplevel() on ptolemy.moml.MoMLSimpleApplication@5d77854e
reloadAllAccessors: .DFTSubSetTest

===========================================================================================
----------------- testing Fri Feb 21 07:04:25 UTC 2020 /home/travis/build/icyphy/ptII/ptolemy/actor/lib/hoc/test/auto/HocDE.xml
----------------- Instantiating /home/travis/build/icyphy/ptII/ptolemy/actor/lib/hoc/test/auto/HocDE.xml
113 ms. Memory: 161792K Free: 66882K (41%)
----------------- Invoking toplevel() on ptolemy.moml.MoMLSimpleApplication@580124c7
----------------- Done invoking toplevel() on ptolemy.moml.MoMLSimpleApplication@580124c7
reloadAllAccessors: .HocDE

===========================================================================================
----------------- testing Fri Feb 21 07:04:25 UTC 2020 /home/travis/build/icyphy/ptII/ptolemy/actor/lib/hoc/test/auto/IterateOverArray.xml
----------------- Instantiating /home/travis/build/icyphy/ptII/ptolemy/actor/lib/hoc/test/auto/IterateOverArray.xml
8 ms. Memory: 161792K Free: 62276K (38%)
----------------- Invoking toplevel() on ptolemy.moml.MoMLSimpleApplication@59885a2e
----------------- Done invoking toplevel() on ptolemy.moml.MoMLSimpleApplication@59885a2e
reloadAllAccessors: .IterateOverArray

===========================================================================================
----------------- testing Fri Feb 21 07:04:25 UTC 2020 /home/travis/build/icyphy/ptII/ptolemy/actor/lib/hoc/test/auto/IterateOverArray10.xml
----------------- Instantiating /home/travis/build/icyphy/ptII/ptolemy/actor/lib/hoc/test/auto/IterateOverArray10.xml
3 ms. Memory: 161792K Free: 59204K (37%)
----------------- Invoking toplevel() on ptolemy.moml.MoMLSimpleApplication@4149cc17
----------------- Done invoking toplevel() on ptolemy.moml.MoMLSimpleApplication@4149cc17
reloadAllAccessors: .IterateOverArray10

===========================================================================================
----------------- testing Fri Feb 21 07:04:25 UTC 2020 /home/travis/build/icyphy/ptII/ptolemy/actor/lib/hoc/test/auto/IterateOverArray11.xml
----------------- Instantiating /home/travis/build/icyphy/ptII/ptolemy/actor/lib/hoc/test/auto/IterateOverArray11.xml
10 ms. Memory: 161792K Free: 55108K (34%)
----------------- Invoking toplevel() on ptolemy.moml.MoMLSimpleApplication@65c225c5
----------------- Done invoking toplevel() on ptolemy.moml.MoMLSimpleApplication@65c225c5
reloadAllAccessors: .IterateOverArray11

===========================================================================================
----------------- testing Fri Feb 21 07:04:25 UTC 2020 /home/travis/build/icyphy/ptII/ptolemy/actor/lib/hoc/test/auto/IterateOverArray12.xml
----------------- Instantiating /home/travis/build/icyphy/ptII/ptolemy/actor/lib/hoc/test/auto/IterateOverArray12.xml
8 ms. Memory: 161792K Free: 143511K (89%)
----------------- Invoking toplevel() on ptolemy.moml.MoMLSimpleApplication@19c63f16
----------------- Done invoking toplevel() on ptolemy.moml.MoMLSimpleApplication@19c63f16
reloadAllAccessors: .IterateOverArray12

===========================================================================================
----------------- testing Fri Feb 21 07:04:25 UTC 2020 /home/travis/build/icyphy/ptII/ptolemy/actor/lib/hoc/test/auto/IterateOverArray13.xml
----------------- Instantiating /home/travis/build/icyphy/ptII/ptolemy/actor/lib/hoc/test/auto/IterateOverArray13.xml
59 ms. Memory: 161792K Free: 114839K (71%)
----------------- Invoking toplevel() on ptolemy.moml.MoMLSimpleApplication@25d97b37
----------------- Done invoking toplevel() on ptolemy.moml.MoMLSimpleApplication@25d97b37
reloadAllAccessors: .IterateOverArray13

===========================================================================================
----------------- testing Fri Feb 21 07:04:25 UTC 2020 /home/travis/build/icyphy/ptII/ptolemy/actor/lib/hoc/test/auto/IterateOverArray14.xml
----------------- Instantiating /home/travis/build/icyphy/ptII/ptolemy/actor/lib/hoc/test/auto/IterateOverArray14.xml
65 ms. Memory: 161792K Free: 81561K (50%)
----------------- Invoking toplevel() on ptolemy.moml.MoMLSimpleApplication@48f45743
----------------- Done invoking toplevel() on ptolemy.moml.MoMLSimpleApplication@48f45743
reloadAllAccessors: .IterateOverArray14

===========================================================================================
----------------- testing Fri Feb 21 07:04:25 UTC 2020 /home/travis/build/icyphy/ptII/ptolemy/actor/lib/hoc/test/auto/IterateOverArray2.xml
----------------- Instantiating /home/travis/build/icyphy/ptII/ptolemy/actor/lib/hoc/test/auto/IterateOverArray2.xml
8 ms. Memory: 161792K Free: 76951K (48%)
----------------- Invoking toplevel() on ptolemy.moml.MoMLSimpleApplication@1bbd0837
----------------- Done invoking toplevel() on ptolemy.moml.MoMLSimpleApplication@1bbd0837
reloadAllAccessors: .IterateOverArray2

===========================================================================================
----------------- testing Fri Feb 21 07:04:25 UTC 2020 /home/travis/build/icyphy/ptII/ptolemy/actor/lib/hoc/test/auto/IterateOverArray3.xml
----------------- Instantiating /home/travis/build/icyphy/ptII/ptolemy/actor/lib/hoc/test/auto/IterateOverArray3.xml
14 ms. Memory: 161792K Free: 70807K (44%)
----------------- Invoking toplevel() on ptolemy.moml.MoMLSimpleApplication@6e4f690e
----------------- Done invoking toplevel() on ptolemy.moml.MoMLSimpleApplication@6e4f690e
reloadAllAccessors: .IterateOverArray3

===========================================================================================
----------------- testing Fri Feb 21 07:04:25 UTC 2020 /home/travis/build/icyphy/ptII/ptolemy/actor/lib/hoc/test/auto/IterateOverArray4.xml
----------------- Instantiating /home/travis/build/icyphy/ptII/ptolemy/actor/lib/hoc/test/auto/IterateOverArray4.xml
4 ms. Memory: 161792K Free: 67225K (42%)
----------------- Invoking toplevel() on ptolemy.moml.MoMLSimpleApplication@7bf1d1fa
----------------- Done invoking toplevel() on ptolemy.moml.MoMLSimpleApplication@7bf1d1fa
reloadAllAccessors: .IterateOverArray4

===========================================================================================
----------------- testing Fri Feb 21 07:04:25 UTC 2020 /home/travis/build/icyphy/ptII/ptolemy/actor/lib/hoc/test/auto/IterateOverArray5.xml
----------------- Instantiating /home/travis/build/icyphy/ptII/ptolemy/actor/lib/hoc/test/auto/IterateOverArray5.xml
3 ms. Memory: 161792K Free: 63129K (39%)
----------------- Invoking toplevel() on ptolemy.moml.MoMLSimpleApplication@2a477493
----------------- Done invoking toplevel() on ptolemy.moml.MoMLSimpleApplication@2a477493
reloadAllAccessors: .IterateOverArray5

===========================================================================================
----------------- testing Fri Feb 21 07:04:25 UTC 2020 /home/travis/build/icyphy/ptII/ptolemy/actor/lib/hoc/test/auto/IterateOverArray6.xml
----------------- Instantiating /home/travis/build/icyphy/ptII/ptolemy/actor/lib/hoc/test/auto/IterateOverArray6.xml
4 ms. Memory: 161792K Free: 59543K (37%)
----------------- Invoking toplevel() on ptolemy.moml.MoMLSimpleApplication@6000a0eb
----------------- Done invoking toplevel() on ptolemy.moml.MoMLSimpleApplication@6000a0eb
reloadAllAccessors: .IterateOverArray6

===========================================================================================
----------------- testing Fri Feb 21 07:04:25 UTC 2020 /home/travis/build/icyphy/ptII/ptolemy/actor/lib/hoc/test/auto/IterateOverArray7.xml
----------------- Instantiating /home/travis/build/icyphy/ptII/ptolemy/actor/lib/hoc/test/auto/IterateOverArray7.xml
4 ms. Memory: 161792K Free: 54937K (34%)
----------------- Invoking toplevel() on ptolemy.moml.MoMLSimpleApplication@83ce34a
----------------- Done invoking toplevel() on ptolemy.moml.MoMLSimpleApplication@83ce34a
reloadAllAccessors: .IterateOverArray7

===========================================================================================
----------------- testing Fri Feb 21 07:04:25 UTC 2020 /home/travis/build/icyphy/ptII/ptolemy/actor/lib/hoc/test/auto/IterateOverArray8.xml
----------------- Instantiating /home/travis/build/icyphy/ptII/ptolemy/actor/lib/hoc/test/auto/IterateOverArray8.xml
5 ms. Memory: 161792K Free: 145119K (90%)
----------------- Invoking toplevel() on ptolemy.moml.MoMLSimpleApplication@60984afe
----------------- Done invoking toplevel() on ptolemy.moml.MoMLSimpleApplication@60984afe
reloadAllAccessors: .IterateOverArray8

===========================================================================================
----------------- testing Fri Feb 21 07:04:26 UTC 2020 /home/travis/build/icyphy/ptII/ptolemy/actor/lib/hoc/test/auto/IterateOverArray9.xml
----------------- Instantiating /home/travis/build/icyphy/ptII/ptolemy/actor/lib/hoc/test/auto/IterateOverArray9.xml
7 ms. Memory: 161792K Free: 141023K (87%)
----------------- Invoking toplevel() on ptolemy.moml.MoMLSimpleApplication@2501d7d8
----------------- Done invoking toplevel() on ptolemy.moml.MoMLSimpleApplication@2501d7d8
reloadAllAccessors: .IterateOverArray9

===========================================================================================
----------------- testing Fri Feb 21 07:04:26 UTC 2020 /home/travis/build/icyphy/ptII/ptolemy/actor/lib/hoc/test/auto/IterateOverArrayCoercedOutputType.xml
----------------- Instantiating /home/travis/build/icyphy/ptII/ptolemy/actor/lib/hoc/test/auto/IterateOverArrayCoercedOutputType.xml
16 ms. Memory: 161792K Free: 135903K (84%)
----------------- Invoking toplevel() on ptolemy.moml.MoMLSimpleApplication@4a16cd26
----------------- Done invoking toplevel() on ptolemy.moml.MoMLSimpleApplication@4a16cd26
reloadAllAccessors: .IterateOverArrayCoercedOutputType

===========================================================================================
----------------- testing Fri Feb 21 07:04:26 UTC 2020 /home/travis/build/icyphy/ptII/ptolemy/actor/lib/hoc/test/auto/IterateOverArrayInferredOutputType.xml
----------------- Instantiating /home/travis/build/icyphy/ptII/ptolemy/actor/lib/hoc/test/auto/IterateOverArrayInferredOutputType.xml
8 ms. Memory: 161792K Free: 131293K (81%)
----------------- Invoking toplevel() on ptolemy.moml.MoMLSimpleApplication@2437cd90
----------------- Done invoking toplevel() on ptolemy.moml.MoMLSimpleApplication@2437cd90
reloadAllAccessors: .IterateOverArrayInferredOutputType

===========================================================================================
----------------- testing Fri Feb 21 07:04:26 UTC 2020 /home/travis/build/icyphy/ptII/ptolemy/actor/lib/hoc/test/auto/MobileFunctionTest.xml
----------------- Instantiating /home/travis/build/icyphy/ptII/ptolemy/actor/lib/hoc/test/auto/MobileFunctionTest.xml
4 ms. Memory: 161792K Free: 127183K (79%)
----------------- Invoking toplevel() on ptolemy.moml.MoMLSimpleApplication@75f5e336
----------------- Done invoking toplevel() on ptolemy.moml.MoMLSimpleApplication@75f5e336
reloadAllAccessors: .MobileFunctionTest

===========================================================================================
----------------- testing Fri Feb 21 07:04:26 UTC 2020 /home/travis/build/icyphy/ptII/ptolemy/actor/lib/hoc/test/auto/MobileModelTest.xml
----------------- Instantiating /home/travis/build/icyphy/ptII/ptolemy/actor/lib/hoc/test/auto/MobileModelTest.xml
119 ms. Memory: 161792K Free: 106207K (66%)
----------------- Invoking toplevel() on ptolemy.moml.MoMLSimpleApplication@6af9146
----------------- Done invoking toplevel() on ptolemy.moml.MoMLSimpleApplication@6af9146
reloadAllAccessors: .MobileModelTest

===========================================================================================
----------------- testing Fri Feb 21 07:04:26 UTC 2020 /home/travis/build/icyphy/ptII/ptolemy/actor/lib/hoc/test/auto/ModelReference.xml
----------------- Instantiating /home/travis/build/icyphy/ptII/ptolemy/actor/lib/hoc/test/auto/ModelReference.xml
2 ms. Memory: 161792K Free: 99549K (62%)
7 ms. Memory: 161792K Free: 99039K (61%)
2 ms. Memory: 161792K Free: 98015K (61%)
2 ms. Memory: 161792K Free: 96991K (60%)
1 ms. Memory: 161792K Free: 96463K (60%)
1 ms. Memory: 161792K Free: 95453K (59%)
2 ms. Memory: 161792K Free: 94943K (59%)
3 ms. Memory: 161792K Free: 93919K (58%)
2 ms. Memory: 161792K Free: 92895K (57%)
1 ms. Memory: 161792K Free: 92367K (57%)
31 ms. Memory: 161792K Free: 92367K (57%)
----------------- Invoking toplevel() on ptolemy.moml.MoMLSimpleApplication@2f84db20
----------------- Done invoking toplevel() on ptolemy.moml.MoMLSimpleApplication@2f84db20
reloadAllAccessors: .ModelReference

===========================================================================================
----------------- testing Fri Feb 21 07:04:26 UTC 2020 /home/travis/build/icyphy/ptII/ptolemy/actor/lib/hoc/test/auto/ModelReference3.xml
----------------- Instantiating /home/travis/build/icyphy/ptII/ptolemy/actor/lib/hoc/test/auto/ModelReference3.xml
1 ms. Memory: 161792K Free: 87231K (54%)
4 ms. Memory: 161792K Free: 86751K (54%)
2 ms. Memory: 161792K Free: 85727K (53%)
3 ms. Memory: 161792K Free: 85183K (53%)
2 ms. Memory: 161792K Free: 84175K (52%)
1 ms. Memory: 161792K Free: 83151K (51%)
4 ms. Memory: 161792K Free: 82655K (51%)
3 ms. Memory: 161792K Free: 81631K (50%)
2 ms. Memory: 161792K Free: 81087K (50%)
2 ms. Memory: 161792K Free: 80079K (49%)
33 ms. Memory: 161792K Free: 80079K (49%)
----------------- Invoking toplevel() on ptolemy.moml.MoMLSimpleApplication@544a5a5b
----------------- Done invoking toplevel() on ptolemy.moml.MoMLSimpleApplication@544a5a5b
reloadAllAccessors: .ModelReference3

===========================================================================================
----------------- testing Fri Feb 21 07:04:26 UTC 2020 /home/travis/build/icyphy/ptII/ptolemy/actor/lib/hoc/test/auto/ModelReference4.xml
----------------- Instantiating /home/travis/build/icyphy/ptII/ptolemy/actor/lib/hoc/test/auto/ModelReference4.xml
2 ms. Memory: 161792K Free: 75487K (47%)
2 ms. Memory: 161792K Free: 73943K (46%)
2 ms. Memory: 161792K Free: 72911K (45%)
2 ms. Memory: 161792K Free: 71901K (44%)
3 ms. Memory: 161792K Free: 70367K (43%)
2 ms. Memory: 161792K Free: 69343K (43%)
2 ms. Memory: 161792K Free: 67799K (42%)
4 ms. Memory: 161792K Free: 66767K (41%)
1 ms. Memory: 161792K Free: 65247K (40%)
1 ms. Memory: 161792K Free: 64223K (40%)
10015 ms. Memory: 161792K Free: 64223K (40%)
----------------- Invoking toplevel() on ptolemy.moml.MoMLSimpleApplication@4943d576
----------------- Done invoking toplevel() on ptolemy.moml.MoMLSimpleApplication@4943d576
reloadAllAccessors: .ModelReference4

===========================================================================================
----------------- testing Fri Feb 21 07:04:36 UTC 2020 /home/travis/build/icyphy/ptII/ptolemy/actor/lib/hoc/test/auto/MultiInstanceComposite.xml
----------------- Instantiating /home/travis/build/icyphy/ptII/ptolemy/actor/lib/hoc/test/auto/MultiInstanceComposite.xml
30 ms. Memory: 161792K Free: 139162K (86%)
----------------- Invoking toplevel() on ptolemy.moml.MoMLSimpleApplication@1526f172
----------------- Done invoking toplevel() on ptolemy.moml.MoMLSimpleApplication@1526f172
reloadAllAccessors: .MultiInstanceComposite

===========================================================================================
----------------- testing Fri Feb 21 07:04:36 UTC 2020 /home/travis/build/icyphy/ptII/ptolemy/actor/lib/hoc/test/auto/MultiInstanceComposite2.xml
----------------- Instantiating /home/travis/build/icyphy/ptII/ptolemy/actor/lib/hoc/test/auto/MultiInstanceComposite2.xml
14 ms. Memory: 161792K Free: 127694K (79%)
----------------- Invoking toplevel() on ptolemy.moml.MoMLSimpleApplication@716a4781
----------------- Done invoking toplevel() on ptolemy.moml.MoMLSimpleApplication@716a4781
reloadAllAccessors: .MultiInstanceComposite2

===========================================================================================
----------------- testing Fri Feb 21 07:04:36 UTC 2020 /home/travis/build/icyphy/ptII/ptolemy/actor/lib/hoc/test/auto/MulticoreExecution.xml
----------------- Instantiating /home/travis/build/icyphy/ptII/ptolemy/actor/lib/hoc/test/auto/MulticoreExecution.xml
Fired ExecutionTime: 2000000
Fired ExecutionTime: 4400000
Fired ExecutionTime: 2400000
Fired ExecutionTime: 2400000
Fired ExecutionTime: 99600000
Fired ExecutionTime: 101600000
Fired ExecutionTime: 112000000
Fired ExecutionTime: 111200000
Fired ExecutionTime: 95200000
Fired ExecutionTime: 79600000
Fired ExecutionTime: 70000000
Fired ExecutionTime: 109200000
Fired ExecutionTime: 73200000
Fired ExecutionTime: 68400000
Fired ExecutionTime: 83600000
Fired ExecutionTime: 69600000
Fired ExecutionTime: 59600000
Fired ExecutionTime: 66000000
Fired ExecutionTime: 61600000
Fired ExecutionTime: 70000000
1078 ms. Memory: 161792K Free: 118965K (74%)
----------------- Invoking toplevel() on ptolemy.moml.MoMLSimpleApplication@a2baa6b
----------------- Done invoking toplevel() on ptolemy.moml.MoMLSimpleApplication@a2baa6b
reloadAllAccessors: .MulticoreExecution

===========================================================================================
----------------- testing Fri Feb 21 07:04:37 UTC 2020 /home/travis/build/icyphy/ptII/ptolemy/actor/lib/hoc/test/auto/ParallelExecution.xml
----------------- Instantiating /home/travis/build/icyphy/ptII/ptolemy/actor/lib/hoc/test/auto/ParallelExecution.xml
913 ms. Memory: 161792K Free: 111797K (69%)
----------------- Invoking toplevel() on ptolemy.moml.MoMLSimpleApplication@39a28da3
----------------- Done invoking toplevel() on ptolemy.moml.MoMLSimpleApplication@39a28da3
reloadAllAccessors: .ParallelExecution

===========================================================================================
----------------- testing Fri Feb 21 07:04:38 UTC 2020 /home/travis/build/icyphy/ptII/ptolemy/actor/lib/hoc/test/auto/RunCompositeActor.xml
----------------- Instantiating /home/travis/build/icyphy/ptII/ptolemy/actor/lib/hoc/test/auto/RunCompositeActor.xml
7 ms. Memory: 161792K Free: 104679K (65%)
----------------- Invoking toplevel() on ptolemy.moml.MoMLSimpleApplication@4c8fbcd8
----------------- Done invoking toplevel() on ptolemy.moml.MoMLSimpleApplication@4c8fbcd8
reloadAllAccessors: .RunCompositeActor

===========================================================================================
----------------- testing Fri Feb 21 07:04:38 UTC 2020 /home/travis/build/icyphy/ptII/ptolemy/actor/lib/hoc/test/auto/RunCompositeActor2.xml
----------------- Instantiating /home/travis/build/icyphy/ptII/ptolemy/actor/lib/hoc/test/auto/RunCompositeActor2.xml
4 ms. Memory: 161792K Free: 98551K (61%)
----------------- Invoking toplevel() on ptolemy.moml.MoMLSimpleApplication@1a3b2cbc
----------------- Done invoking toplevel() on ptolemy.moml.MoMLSimpleApplication@1a3b2cbc
reloadAllAccessors: .RunCompositeActor2

===========================================================================================
----------------- testing Fri Feb 21 07:04:38 UTC 2020 /home/travis/build/icyphy/ptII/ptolemy/actor/lib/hoc/test/auto/RunCompositeActor3.xml
----------------- Instantiating /home/travis/build/icyphy/ptII/ptolemy/actor/lib/hoc/test/auto/RunCompositeActor3.xml
3 ms. Memory: 161792K Free: 93399K (58%)
----------------- Invoking toplevel() on ptolemy.moml.MoMLSimpleApplication@342890e1
----------------- Done invoking toplevel() on ptolemy.moml.MoMLSimpleApplication@342890e1
reloadAllAccessors: .RunCompositeActor3

===========================================================================================
----------------- testing Fri Feb 21 07:04:38 UTC 2020 /home/travis/build/icyphy/ptII/ptolemy/actor/lib/hoc/test/auto/RunCompositeActor4.xml
----------------- Instantiating /home/travis/build/icyphy/ptII/ptolemy/actor/lib/hoc/test/auto/RunCompositeActor4.xml
10 ms. Memory: 161792K Free: 85191K (53%)
----------------- Invoking toplevel() on ptolemy.moml.MoMLSimpleApplication@7d137dd1
----------------- Done invoking toplevel() on ptolemy.moml.MoMLSimpleApplication@7d137dd1
reloadAllAccessors: .RunCompositeActor4

===========================================================================================
----------------- testing Fri Feb 21 07:04:38 UTC 2020 /home/travis/build/icyphy/ptII/ptolemy/actor/lib/hoc/test/auto/RunCompositeIterateOverArray.xml
----------------- Instantiating /home/travis/build/icyphy/ptII/ptolemy/actor/lib/hoc/test/auto/RunCompositeIterateOverArray.xml
4 ms. Memory: 161792K Free: 79095K (49%)
----------------- Invoking toplevel() on ptolemy.moml.MoMLSimpleApplication@6c68c19b
----------------- Done invoking toplevel() on ptolemy.moml.MoMLSimpleApplication@6c68c19b
reloadAllAccessors: .RunCompositeIterateOverArray

===========================================================================================
----------------- testing Fri Feb 21 07:04:38 UTC 2020 /home/travis/build/icyphy/ptII/ptolemy/actor/lib/hoc/test/auto/ThreadedJS.xml
----------------- Instantiating /home/travis/build/icyphy/ptII/ptolemy/actor/lib/hoc/test/auto/ThreadedJS.xml
4974 ms. Memory: 233472K Free: 128133K (55%)
----------------- Invoking toplevel() on ptolemy.moml.MoMLSimpleApplication@5ccb0680
----------------- Done invoking toplevel() on ptolemy.moml.MoMLSimpleApplication@5ccb0680
reloadAllAccessors: .ThreadedJS
AutoTests.java: About to close Vertx.
AutoTests.java: Vertx closed.
]]></system-out>
  <system-err><![CDATA[java.lang.RuntimeException: Execution failed
	at ptolemy.moml.MoMLSimpleApplication$UnloadThread.run(MoMLSimpleApplication.java:402)
Caused by: ptolemy.kernel.util.IllegalActionException: initialize() was called after wrapup() was called but preinitialize() was not called after wrapup().
	at ptolemy.actor.lib.hoc.test.PreinitializeMustBeInvoked.initialize(PreinitializeMustBeInvoked.java:78)
	at ptolemy.actor.Director.initialize(Director.java:938)
	at ptolemy.actor.Director.initialize(Director.java:907)
	at ptolemy.actor.sched.StaticSchedulingDirector.initialize(StaticSchedulingDirector.java:159)
	at ptolemy.domains.sdf.kernel.SDFDirector.initialize(SDFDirector.java:544)
	at ptolemy.actor.CompositeActor.initialize(CompositeActor.java:935)
	at ptolemy.actor.lib.hoc.LifeCycleManager._executeInsideModel(LifeCycleManager.java:339)
	at ptolemy.actor.lib.hoc.RunCompositeActor.fire(RunCompositeActor.java:205)
	at ptolemy.actor.CompositeActor.iterate(CompositeActor.java:1146)
	at ptolemy.actor.sched.StaticSchedulingDirector.fire(StaticSchedulingDirector.java:216)
	at ptolemy.domains.sdf.kernel.SDFDirector.fire(SDFDirector.java:500)
	at ptolemy.actor.CompositeActor.fire(CompositeActor.java:455)
	at ptolemy.actor.Manager.iterate(Manager.java:851)
	at ptolemy.actor.Manager.execute(Manager.java:369)
	at ptolemy.actor.Manager.run(Manager.java:1263)
	at ptolemy.actor.Manager$PtolemyRunThread.run(Manager.java:1933)
java.lang.reflect.InvocationTargetException
	at java.base/jdk.internal.reflect.NativeConstructorAccessorImpl.newInstance0(Native Method)
	at java.base/jdk.internal.reflect.NativeConstructorAccessorImpl.newInstance(NativeConstructorAccessorImpl.java:62)
	at java.base/jdk.internal.reflect.DelegatingConstructorAccessorImpl.newInstance(DelegatingConstructorAccessorImpl.java:45)
	at java.base/java.lang.reflect.Constructor.newInstance(Constructor.java:490)
	at ptolemy.util.test.junit.AutoKnownFailedTests.RunModel(AutoKnownFailedTests.java:105)
	at java.base/jdk.internal.reflect.NativeMethodAccessorImpl.invoke0(Native Method)
	at java.base/jdk.internal.reflect.NativeMethodAccessorImpl.invoke(NativeMethodAccessorImpl.java:62)
	at java.base/jdk.internal.reflect.DelegatingMethodAccessorImpl.invoke(DelegatingMethodAccessorImpl.java:43)
	at java.base/java.lang.reflect.Method.invoke(Method.java:566)
	at org.junit.runners.model.FrameworkMethod$1.runReflectiveCall(FrameworkMethod.java:44)
	at org.junit.internal.runners.model.ReflectiveCallable.run(ReflectiveCallable.java:15)
	at org.junit.runners.model.FrameworkMethod.invokeExplosively(FrameworkMethod.java:41)
	at junitparams.internal.InvokeParameterisedMethod.evaluate(InvokeParameterisedMethod.java:102)
	at org.junit.internal.runners.statements.FailOnTimeout$1.run(FailOnTimeout.java:28)
Caused by: ptolemy.kernel.util.IllegalActionException: initialize() was called after wrapup() was called but preinitialize() was not called after wrapup().
	at ptolemy.actor.lib.hoc.test.PreinitializeMustBeInvoked.initialize(PreinitializeMustBeInvoked.java:78)
	at ptolemy.actor.Director.initialize(Director.java:938)
	at ptolemy.actor.Director.initialize(Director.java:907)
	at ptolemy.actor.sched.StaticSchedulingDirector.initialize(StaticSchedulingDirector.java:159)
	at ptolemy.domains.sdf.kernel.SDFDirector.initialize(SDFDirector.java:544)
	at ptolemy.actor.CompositeActor.initialize(CompositeActor.java:935)
	at ptolemy.actor.lib.hoc.LifeCycleManager._executeInsideModel(LifeCycleManager.java:339)
	at ptolemy.actor.lib.hoc.RunCompositeActor.fire(RunCompositeActor.java:205)
	at ptolemy.actor.CompositeActor.iterate(CompositeActor.java:1146)
	at ptolemy.actor.sched.StaticSchedulingDirector.fire(StaticSchedulingDirector.java:216)
	at ptolemy.domains.sdf.kernel.SDFDirector.fire(SDFDirector.java:500)
	at ptolemy.actor.CompositeActor.fire(CompositeActor.java:455)
	at ptolemy.actor.Manager.iterate(Manager.java:851)
	at ptolemy.actor.Manager.execute(Manager.java:369)
	at ptolemy.actor.Manager.run(Manager.java:1263)
	at ptolemy.actor.Manager$PtolemyRunThread.run(Manager.java:1933)
Warning: Nashorn engine is planned to be removed from a future JDK release
Warning: Nashorn engine is planned to be removed from a future JDK release
Warning: Nashorn engine is planned to be removed from a future JDK release
Warning: Nashorn engine is planned to be removed from a future JDK release
Warning: Nashorn engine is planned to be removed from a future JDK release
Warning: Nashorn engine is planned to be removed from a future JDK release
Warning: Nashorn engine is planned to be removed from a future JDK release
Warning: Nashorn engine is planned to be removed from a future JDK release
]]></system-err>
</testsuite>
