<?xml version="1.0" encoding="UTF-8" ?>
<testsuite errors="0" failures="0" hostname="travis-job-a02b36eb-af7e-46ea-881e-5b4aeb92b6f1" name="ptolemy.domains.de.test.junit.JUnitTclTest" skipped="0" tests="101" time="125.725" timestamp="2020-01-07T06:36:29">
  <properties>
[...]
</properties>
  <testcase classname="ptolemy.util.test.junit.TclTests" name="[0] /home/travis/build/icyphy/ptII/ptolemy/domains/de/test/DependencyLoop.tcl (RunTclFile)" time="0.99" />
  <testcase classname="ptolemy.util.test.junit.TclTests" name="[1] /home/travis/build/icyphy/ptII/ptolemy/domains/de/test/RunDETestsAsQSS.tcl (RunTclFile)" time="85.181" />
  <testcase classname="ptolemy.util.test.junit.AutoKnownFailedTests" name="[0] /home/travis/build/icyphy/ptII/ptolemy/domains/de/test/auto/knownFailedTests/DESDFClockTest.xml (RunModel)" time="2.074" />
  <testcase classname="ptolemy.util.test.junit.AutoKnownFailedTests" name="[1] /home/travis/build/icyphy/ptII/ptolemy/domains/de/test/auto/knownFailedTests/DirectFeedback.xml (RunModel)" time="0.016" />
  <testcase classname="ptolemy.util.test.junit.AutoKnownFailedTests" name="[2] /home/travis/build/icyphy/ptII/ptolemy/domains/de/test/auto/knownFailedTests/FSMSource.xml (RunModel)" time="0.028" />
  <testcase classname="ptolemy.util.test.junit.AutoKnownFailedTests" name="[3] /home/travis/build/icyphy/ptII/ptolemy/domains/de/test/auto/knownFailedTests/HierarchicalModel.xml (RunModel)" time="0.062" />
  <testcase classname="ptolemy.util.test.junit.AutoKnownFailedTests" name="[4] /home/travis/build/icyphy/ptII/ptolemy/domains/de/test/auto/knownFailedTests/dependencyLoop.xml (RunModel)" time="0.04" />
  <testcase classname="ptolemy.util.test.junit.AutoKnownFailedTests" name="[5] /home/travis/build/icyphy/ptII/ptolemy/domains/de/test/auto/knownFailedTests/dependencyLoop2.xml (RunModel)" time="0.043" />
  <testcase classname="ptolemy.util.test.junit.AutoNameArchTests" name="[0] ThereAreNoAutoArchTests (RunModel)" time="0.002" />
  <testcase classname="ptolemy.util.test.junit.AutoTests" name="[0] /home/travis/build/icyphy/ptII/ptolemy/domains/de/test/auto/ActorDepthCalculation_actorWithoutPorts.xml (RunModel)" time="0.022" />
  <testcase classname="ptolemy.util.test.junit.AutoTests" name="[1] /home/travis/build/icyphy/ptII/ptolemy/domains/de/test/auto/AssemblyLine.xml (RunModel)" time="0.025" />
  <testcase classname="ptolemy.util.test.junit.AutoTests" name="[2] /home/travis/build/icyphy/ptII/ptolemy/domains/de/test/auto/CQBug1.xml (RunModel)" time="0.014" />
  <testcase classname="ptolemy.util.test.junit.AutoTests" name="[3] /home/travis/build/icyphy/ptII/ptolemy/domains/de/test/auto/CancelFireAt.xml (RunModel)" time="0.02" />
  <testcase classname="ptolemy.util.test.junit.AutoTests" name="[4] /home/travis/build/icyphy/ptII/ptolemy/domains/de/test/auto/CausalityAndComposabilityAnalysis.xml (RunModel)" time="0.018" />
  <testcase classname="ptolemy.util.test.junit.AutoTests" name="[5] /home/travis/build/icyphy/ptII/ptolemy/domains/de/test/auto/CausalityInterface1.xml (RunModel)" time="0.015" />
  <testcase classname="ptolemy.util.test.junit.AutoTests" name="[6] /home/travis/build/icyphy/ptII/ptolemy/domains/de/test/auto/CausalityInterface15.xml (RunModel)" time="0.015" />
  <testcase classname="ptolemy.util.test.junit.AutoTests" name="[7] /home/travis/build/icyphy/ptII/ptolemy/domains/de/test/auto/CausalityInterface2.xml (RunModel)" time="0.013" />
  <testcase classname="ptolemy.util.test.junit.AutoTests" name="[8] /home/travis/build/icyphy/ptII/ptolemy/domains/de/test/auto/CausalityInterface3.xml (RunModel)" time="0.013" />
  <testcase classname="ptolemy.util.test.junit.AutoTests" name="[9] /home/travis/build/icyphy/ptII/ptolemy/domains/de/test/auto/ClockDrift.xml (RunModel)" time="0.034" />
  <testcase classname="ptolemy.util.test.junit.AutoTests" name="[10] /home/travis/build/icyphy/ptII/ptolemy/domains/de/test/auto/ClockDriftAndValueChange.xml (RunModel)" time="0.031" />
  <testcase classname="ptolemy.util.test.junit.AutoTests" name="[11] /home/travis/build/icyphy/ptII/ptolemy/domains/de/test/auto/ClockDriftChange.xml (RunModel)" time="0.037" />
  <testcase classname="ptolemy.util.test.junit.AutoTests" name="[12] /home/travis/build/icyphy/ptII/ptolemy/domains/de/test/auto/ComposableCausalityAnalysis.xml (RunModel)" time="0.015" />
  <testcase classname="ptolemy.util.test.junit.AutoTests" name="[13] /home/travis/build/icyphy/ptII/ptolemy/domains/de/test/auto/DEFixedPointLimitation.xml (RunModel)" time="0.01" />
  <testcase classname="ptolemy.util.test.junit.AutoTests" name="[14] /home/travis/build/icyphy/ptII/ptolemy/domains/de/test/auto/DEScheduleTest.xml (RunModel)" time="0.016" />
  <testcase classname="ptolemy.util.test.junit.AutoTests" name="[15] /home/travis/build/icyphy/ptII/ptolemy/domains/de/test/auto/DEinDEwithStartTimes.xml (RunModel)" time="0.016" />
  <testcase classname="ptolemy.util.test.junit.AutoTests" name="[16] /home/travis/build/icyphy/ptII/ptolemy/domains/de/test/auto/DEinDEwithStartTimes2.xml (RunModel)" time="0.02" />
  <testcase classname="ptolemy.util.test.junit.AutoTests" name="[17] /home/travis/build/icyphy/ptII/ptolemy/domains/de/test/auto/DateDemo.xml (RunModel)" time="0.032" />
  <testcase classname="ptolemy.util.test.junit.AutoTests" name="[18] /home/travis/build/icyphy/ptII/ptolemy/domains/de/test/auto/DateToEvent.xml (RunModel)" time="2.043" />
  <testcase classname="ptolemy.util.test.junit.AutoTests" name="[19] /home/travis/build/icyphy/ptII/ptolemy/domains/de/test/auto/DepthTest1.xml (RunModel)" time="0.01" />
  <testcase classname="ptolemy.util.test.junit.AutoTests" name="[20] /home/travis/build/icyphy/ptII/ptolemy/domains/de/test/auto/DepthTest2.xml (RunModel)" time="0.021" />
  <testcase classname="ptolemy.util.test.junit.AutoTests" name="[21] /home/travis/build/icyphy/ptII/ptolemy/domains/de/test/auto/DepthTest3.xml (RunModel)" time="0.008" />
  <testcase classname="ptolemy.util.test.junit.AutoTests" name="[22] /home/travis/build/icyphy/ptII/ptolemy/domains/de/test/auto/DepthTest4.xml (RunModel)" time="0.012" />
  <testcase classname="ptolemy.util.test.junit.AutoTests" name="[23] /home/travis/build/icyphy/ptII/ptolemy/domains/de/test/auto/DepthTest5.xml (RunModel)" time="0.015" />
  <testcase classname="ptolemy.util.test.junit.AutoTests" name="[24] /home/travis/build/icyphy/ptII/ptolemy/domains/de/test/auto/DepthTest6.xml (RunModel)" time="0.015" />
  <testcase classname="ptolemy.util.test.junit.AutoTests" name="[25] /home/travis/build/icyphy/ptII/ptolemy/domains/de/test/auto/DepthTest7.xml (RunModel)" time="0.011" />
  <testcase classname="ptolemy.util.test.junit.AutoTests" name="[26] /home/travis/build/icyphy/ptII/ptolemy/domains/de/test/auto/EventToDate.xml (RunModel)" time="3.033" />
  <testcase classname="ptolemy.util.test.junit.AutoTests" name="[27] /home/travis/build/icyphy/ptII/ptolemy/domains/de/test/auto/FSM1.xml (RunModel)" time="0.032" />
  <testcase classname="ptolemy.util.test.junit.AutoTests" name="[28] /home/travis/build/icyphy/ptII/ptolemy/domains/de/test/auto/FSM7.xml (RunModel)" time="0.047" />
  <testcase classname="ptolemy.util.test.junit.AutoTests" name="[29] /home/travis/build/icyphy/ptII/ptolemy/domains/de/test/auto/Inspection.xml (RunModel)" time="0.043" />
  <testcase classname="ptolemy.util.test.junit.AutoTests" name="[30] /home/travis/build/icyphy/ptII/ptolemy/domains/de/test/auto/Iteration.xml (RunModel)" time="0.026" />
  <testcase classname="ptolemy.util.test.junit.AutoTests" name="[31] /home/travis/build/icyphy/ptII/ptolemy/domains/de/test/auto/LineFault.xml (RunModel)" time="0.54" />
  <testcase classname="ptolemy.util.test.junit.AutoTests" name="[32] /home/travis/build/icyphy/ptII/ptolemy/domains/de/test/auto/MergeModel1Add.xml (RunModel)" time="0.059" />
  <testcase classname="ptolemy.util.test.junit.AutoTests" name="[33] /home/travis/build/icyphy/ptII/ptolemy/domains/de/test/auto/MergeModel2Add.xml (RunModel)" time="0.039" />
  <testcase classname="ptolemy.util.test.junit.AutoTests" name="[34] /home/travis/build/icyphy/ptII/ptolemy/domains/de/test/auto/MergeModel3Add.xml (RunModel)" time="0.052" />
  <testcase classname="ptolemy.util.test.junit.AutoTests" name="[35] /home/travis/build/icyphy/ptII/ptolemy/domains/de/test/auto/MergeWithoutDiscard.xml (RunModel)" time="0.012" />
  <testcase classname="ptolemy.util.test.junit.AutoTests" name="[36] /home/travis/build/icyphy/ptII/ptolemy/domains/de/test/auto/Modal1.xml (RunModel)" time="0.033" />
  <testcase classname="ptolemy.util.test.junit.AutoTests" name="[37] /home/travis/build/icyphy/ptII/ptolemy/domains/de/test/auto/Modal2.xml (RunModel)" time="0.042" />
  <testcase classname="ptolemy.util.test.junit.AutoTests" name="[38] /home/travis/build/icyphy/ptII/ptolemy/domains/de/test/auto/Modal3.xml (RunModel)" time="0.026" />
  <testcase classname="ptolemy.util.test.junit.AutoTests" name="[39] /home/travis/build/icyphy/ptII/ptolemy/domains/de/test/auto/Modal4.xml (RunModel)" time="0.031" />
  <testcase classname="ptolemy.util.test.junit.AutoTests" name="[40] /home/travis/build/icyphy/ptII/ptolemy/domains/de/test/auto/Modal5.xml (RunModel)" time="0.028" />
  <testcase classname="ptolemy.util.test.junit.AutoTests" name="[41] /home/travis/build/icyphy/ptII/ptolemy/domains/de/test/auto/Modal6.xml (RunModel)" time="0.027" />
  <testcase classname="ptolemy.util.test.junit.AutoTests" name="[42] /home/travis/build/icyphy/ptII/ptolemy/domains/de/test/auto/Modal7.xml (RunModel)" time="0.029" />
  <testcase classname="ptolemy.util.test.junit.AutoTests" name="[43] /home/travis/build/icyphy/ptII/ptolemy/domains/de/test/auto/ModalModel.xml (RunModel)" time="0.17" />
  <testcase classname="ptolemy.util.test.junit.AutoTests" name="[44] /home/travis/build/icyphy/ptII/ptolemy/domains/de/test/auto/ModalSource.xml (RunModel)" time="0.019" />
  <testcase classname="ptolemy.util.test.junit.AutoTests" name="[45] /home/travis/build/icyphy/ptII/ptolemy/domains/de/test/auto/NonInterruptibleTimerZeroDelay.xml (RunModel)" time="0.01" />
  <testcase classname="ptolemy.util.test.junit.AutoTests" name="[46] /home/travis/build/icyphy/ptII/ptolemy/domains/de/test/auto/OpenQueueingNetwork.xml (RunModel)" time="2.305" />
  <testcase classname="ptolemy.util.test.junit.AutoTests" name="[47] /home/travis/build/icyphy/ptII/ptolemy/domains/de/test/auto/OpenQueuingNetwork.xml (RunModel)" time="0.281" />
  <testcase classname="ptolemy.util.test.junit.AutoTests" name="[48] /home/travis/build/icyphy/ptII/ptolemy/domains/de/test/auto/PeriodicSampler.xml (RunModel)" time="0.016" />
  <testcase classname="ptolemy.util.test.junit.AutoTests" name="[49] /home/travis/build/icyphy/ptII/ptolemy/domains/de/test/auto/PersistentIO.xml (RunModel)" time="0.028" />
  <testcase classname="ptolemy.util.test.junit.AutoTests" name="[50] /home/travis/build/icyphy/ptII/ptolemy/domains/de/test/auto/PortParameterResetOnInitialize.xml (RunModel)" time="0.012" />
  <testcase classname="ptolemy.util.test.junit.AutoTests" name="[51] /home/travis/build/icyphy/ptII/ptolemy/domains/de/test/auto/PortParameterUpdates.xml (RunModel)" time="0.015" />
  <testcase classname="ptolemy.util.test.junit.AutoTests" name="[52] /home/travis/build/icyphy/ptII/ptolemy/domains/de/test/auto/QueueAndServer.xml (RunModel)" time="0.028" />
  <testcase classname="ptolemy.util.test.junit.AutoTests" name="[53] /home/travis/build/icyphy/ptII/ptolemy/domains/de/test/auto/Records.xml (RunModel)" time="0.019" />
  <testcase classname="ptolemy.util.test.junit.AutoTests" name="[54] /home/travis/build/icyphy/ptII/ptolemy/domains/de/test/auto/ResetTransitionWithStartTime1.xml (RunModel)" time="0.021" />
  <testcase classname="ptolemy.util.test.junit.AutoTests" name="[55] /home/travis/build/icyphy/ptII/ptolemy/domains/de/test/auto/ResetTransitionWithStartTime2.xml (RunModel)" time="0.016" />
  <testcase classname="ptolemy.util.test.junit.AutoTests" name="[56] /home/travis/build/icyphy/ptII/ptolemy/domains/de/test/auto/ResetTransitionWithStartTime3.xml (RunModel)" time="0.019" />
  <testcase classname="ptolemy.util.test.junit.AutoTests" name="[57] /home/travis/build/icyphy/ptII/ptolemy/domains/de/test/auto/ResetTransitionWithStartTime4.xml (RunModel)" time="0.017" />
  <testcase classname="ptolemy.util.test.junit.AutoTests" name="[58] /home/travis/build/icyphy/ptII/ptolemy/domains/de/test/auto/ResettableTimer1.xml (RunModel)" time="0.01" />
  <testcase classname="ptolemy.util.test.junit.AutoTests" name="[59] /home/travis/build/icyphy/ptII/ptolemy/domains/de/test/auto/ResettableTimer2.xml (RunModel)" time="0.009" />
  <testcase classname="ptolemy.util.test.junit.AutoTests" name="[60] /home/travis/build/icyphy/ptII/ptolemy/domains/de/test/auto/ResettableTimer3.xml (RunModel)" time="0.009" />
  <testcase classname="ptolemy.util.test.junit.AutoTests" name="[61] /home/travis/build/icyphy/ptII/ptolemy/domains/de/test/auto/ResettableTimer4.xml (RunModel)" time="0.01" />
  <testcase classname="ptolemy.util.test.junit.AutoTests" name="[62] /home/travis/build/icyphy/ptII/ptolemy/domains/de/test/auto/ResettableTimer5.xml (RunModel)" time="0.01" />
  <testcase classname="ptolemy.util.test.junit.AutoTests" name="[63] /home/travis/build/icyphy/ptII/ptolemy/domains/de/test/auto/ResettableTimer6.xml (RunModel)" time="0.015" />
  <testcase classname="ptolemy.util.test.junit.AutoTests" name="[64] /home/travis/build/icyphy/ptII/ptolemy/domains/de/test/auto/ServerZeroDelay.xml (RunModel)" time="0.009" />
  <testcase classname="ptolemy.util.test.junit.AutoTests" name="[65] /home/travis/build/icyphy/ptII/ptolemy/domains/de/test/auto/SmartSender.xml (RunModel)" time="3.012" />
  <testcase classname="ptolemy.util.test.junit.AutoTests" name="[66] /home/travis/build/icyphy/ptII/ptolemy/domains/de/test/auto/ThreadedComposite.xml (RunModel)" time="0.118" />
  <testcase classname="ptolemy.util.test.junit.AutoTests" name="[67] /home/travis/build/icyphy/ptII/ptolemy/domains/de/test/auto/Time.xml (RunModel)" time="0.38" />
  <testcase classname="ptolemy.util.test.junit.AutoTests" name="[68] /home/travis/build/icyphy/ptII/ptolemy/domains/de/test/auto/TimeDelayZeroDelay.xml (RunModel)" time="0.019" />
  <testcase classname="ptolemy.util.test.junit.AutoTests" name="[69] /home/travis/build/icyphy/ptII/ptolemy/domains/de/test/auto/TimerZeroDelay.xml (RunModel)" time="0.01" />
  <testcase classname="ptolemy.util.test.junit.AutoTests" name="[70] /home/travis/build/icyphy/ptII/ptolemy/domains/de/test/auto/TimingParadox.xml (RunModel)" time="0.303" />
  <testcase classname="ptolemy.util.test.junit.AutoTests" name="[71] /home/travis/build/icyphy/ptII/ptolemy/domains/de/test/auto/TransferInputs.xml (RunModel)" time="0.009" />
  <testcase classname="ptolemy.util.test.junit.AutoTests" name="[72] /home/travis/build/icyphy/ptII/ptolemy/domains/de/test/auto/TransferOutputs2.xml (RunModel)" time="0.014" />
  <testcase classname="ptolemy.util.test.junit.AutoTests" name="[73] /home/travis/build/icyphy/ptII/ptolemy/domains/de/test/auto/Trilateration.xml (RunModel)" time="11.154" />
  <testcase classname="ptolemy.util.test.junit.AutoTests" name="[74] /home/travis/build/icyphy/ptII/ptolemy/domains/de/test/auto/TwoSigmaDelta.xml (RunModel)" time="1.933" />
  <testcase classname="ptolemy.util.test.junit.AutoTests" name="[75] /home/travis/build/icyphy/ptII/ptolemy/domains/de/test/auto/VariableDelay.xml (RunModel)" time="0.013" />
  <testcase classname="ptolemy.util.test.junit.AutoTests" name="[76] /home/travis/build/icyphy/ptII/ptolemy/domains/de/test/auto/VariableDelay2.xml (RunModel)" time="0.014" />
  <testcase classname="ptolemy.util.test.junit.AutoTests" name="[77] /home/travis/build/icyphy/ptII/ptolemy/domains/de/test/auto/VariableDelayZeroDelay.xml (RunModel)" time="0.013" />
  <testcase classname="ptolemy.util.test.junit.AutoTests" name="[78] /home/travis/build/icyphy/ptII/ptolemy/domains/de/test/auto/VariableDelayZeroDelay2.xml (RunModel)" time="0.015" />
  <testcase classname="ptolemy.util.test.junit.AutoTests" name="[79] /home/travis/build/icyphy/ptII/ptolemy/domains/de/test/auto/deInCt.xml (RunModel)" time="0.018" />
  <testcase classname="ptolemy.util.test.junit.AutoTests" name="[80] /home/travis/build/icyphy/ptII/ptolemy/domains/de/test/auto/deInCt2.xml (RunModel)" time="0.017" />
  <testcase classname="ptolemy.util.test.junit.AutoTests" name="[81] /home/travis/build/icyphy/ptII/ptolemy/domains/de/test/auto/dynamicCausalityInterface1.xml (RunModel)" time="0.017" />
  <testcase classname="ptolemy.util.test.junit.AutoTests" name="[82] /home/travis/build/icyphy/ptII/ptolemy/domains/de/test/auto/fsm_de_test.xml (RunModel)" time="0.021" />
  <testcase classname="ptolemy.util.test.junit.AutoTests" name="[83] /home/travis/build/icyphy/ptII/ptolemy/domains/de/test/auto/functionDependencyReconstruction.xml (RunModel)" time="0.036" />
  <testcase classname="ptolemy.util.test.junit.AutoTests" name="[84] /home/travis/build/icyphy/ptII/ptolemy/domains/de/test/auto/multirate.xml (RunModel)" time="0.027" />
  <testcase classname="ptolemy.util.test.junit.AutoTests" name="[85] /home/travis/build/icyphy/ptII/ptolemy/domains/de/test/auto/multirate2.xml (RunModel)" time="0.018" />
  <testcase classname="ptolemy.util.test.junit.AutoTests" name="[86] /home/travis/build/icyphy/ptII/ptolemy/domains/de/test/auto/realtime.xml (RunModel)" time="10.014" />
  <testcase classname="ptolemy.util.test.junit.AutoTests" name="[87] /home/travis/build/icyphy/ptII/ptolemy/domains/de/test/auto/relationGroup.xml (RunModel)" time="0.021" />
  <testcase classname="ptolemy.util.test.junit.AutoTests" name="[88] /home/travis/build/icyphy/ptII/ptolemy/domains/de/test/auto/relationGroup2.xml (RunModel)" time="0.015" />
  <testcase classname="ptolemy.util.test.junit.AutoTests" name="[89] /home/travis/build/icyphy/ptII/ptolemy/domains/de/test/auto/sortWithOpaquePorts.xml (RunModel)" time="0.015" />
  <testcase classname="ptolemy.util.test.junit.AutoTests" name="[90] /home/travis/build/icyphy/ptII/ptolemy/domains/de/test/auto/transferInputsandOutputs.xml (RunModel)" time="0.032" />
  <testcase classname="ptolemy.util.test.junit.AutoTests" name="[91] /home/travis/build/icyphy/ptII/ptolemy/domains/de/test/auto/triggerType.xml (RunModel)" time="0.014" />
  <system-out><![CDATA[/home/travis/build/icyphy/ptII/ptolemy/domains/de/test/DependencyLoop.tcl
testDefs.tcl: setting time out to 9000 seconds at Tue Jan 07 06:36:29 UTC 2020
53 ms. Memory: 129024K Free: 79302K (61%)
24 ms. Memory: 129024K Free: 61863K (48%)
/home/travis/build/icyphy/ptII/ptolemy/domains/de/test/RunDETestsAsQSS.tcl
Run the DE tests using ptolemy.domains.qss.test.QSSDirectorTest, which extends QSSDirector and prints a message in the constructors.
------------------ testing $PTII/ptolemy/domains/de/test/auto/knownFailedTests/DirectFeedback.xml (Known Failure) 
53 ms. Memory: 129024K Free: 56264K (44%)


==== $PTIIhome/travis/build/icyphy/ptII/ptolemy/domains/de/test/../../../../: Auto Automatic test in file $PTII/ptolemy/domains/de/test/auto/knownFailedTests/DirectFeedback.xml
==== Contents of test case:

	    # FIXME: we should use $relativeFilename here, but it
	    # might have backslashes under Windows, which causes no end
	    # of trouble.
	    createAndExecute $file
	    list {}
	
.... Test generated KNOWN error:
    while executing
ptolemy.kernel.util.IllegalActionException: Test fails in iteration 1.
Value was: 1.0. Should have been: 2.0
  in .DirectFeedback.Test
	at ptolemy.actor.lib.Test.fire(Test.java:268)
	at ptolemy.domains.de.kernel.DEDirector._fire(DEDirector.java:1949)
	at ptolemy.domains.de.kernel.DEDirector.fire(DEDirector.java:502)
	at ptolemy.actor.CompositeActor.fire(CompositeActor.java:455)
	at ptolemy.actor.Manager.iterate(Manager.java:851)
	at ptolemy.actor.Manager.execute(Manager.java:369)
	at ptolemy.actor.Manager.run(Manager.java:1263)
	at ptolemy.actor.Manager$PtolemyRunThread.run(Manager.java:1933)

    while executing
ptolemy.kernel.util.IllegalActionException: Test fails in iteration 1.
Value was: 1.0. Should have been: 2.0
  in .DirectFeedback.Test
    while executing
"java::new ptolemy.moml.MoMLSimpleApplication $file
"
    (procedure "createAndExecute" line 2)
    invoked from within
"createAndExecute $file"
    ("uplevel" body line 5)
    invoked from within
"uplevel $contents_of_test"
------------------ testing $PTII/ptolemy/domains/de/test/auto/knownFailedTests/dependencyLoop.xml (Known Failure) 
14 ms. Memory: 129024K Free: 53192K (41%)


==== $PTIIhome/travis/build/icyphy/ptII/ptolemy/domains/de/test/../../../../: Auto Automatic test in file $PTII/ptolemy/domains/de/test/auto/knownFailedTests/dependencyLoop.xml
==== Contents of test case:

	    # FIXME: we should use $relativeFilename here, but it
	    # might have backslashes under Windows, which causes no end
	    # of trouble.
	    createAndExecute $file
	    list {}
	
.... Test generated KNOWN error:
    while executing
ptolemy.kernel.util.IllegalActionException: Found a zero delay loop containing .dependencyLoop.original
  in .dependencyLoop and .dependencyLoop.original
	at ptolemy.actor.util.CausalityInterfaceForComposites._computeOutputPortDepth(CausalityInterfaceForComposites.java:759)
	at ptolemy.actor.util.CausalityInterfaceForComposites._computeInputDepth(CausalityInterfaceForComposites.java:696)
	at ptolemy.actor.util.CausalityInterfaceForComposites._computeOutputPortDepth(CausalityInterfaceForComposites.java:765)
	at ptolemy.actor.util.CausalityInterfaceForComposites._computeInputDepth(CausalityInterfaceForComposites.java:696)
	at ptolemy.actor.util.CausalityInterfaceForComposites._computeOutputPortDepth(CausalityInterfaceForComposites.java:765)
	at ptolemy.actor.util.CausalityInterfaceForComposites._computeInputDepth(CausalityInterfaceForComposites.java:696)
	at ptolemy.actor.util.CausalityInterfaceForComposites._computeActorDepth(CausalityInterfaceForComposites.java:532)
	at ptolemy.actor.util.CausalityInterfaceForComposites.checkForCycles(CausalityInterfaceForComposites.java:96)
	at ptolemy.domains.de.kernel.DEDirector.preinitialize(DEDirector.java:1338)
	at ptolemy.actor.CompositeActor.preinitialize(CompositeActor.java:1828)
	at ptolemy.actor.Manager.preinitializeAndResolveTypes(Manager.java:1040)
	at ptolemy.actor.Manager.initialize(Manager.java:710)
	at ptolemy.actor.Manager.execute(Manager.java:356)
	at ptolemy.actor.Manager.run(Manager.java:1263)
	at ptolemy.actor.Manager$PtolemyRunThread.run(Manager.java:1933)

    while executing
ptolemy.kernel.util.IllegalActionException: Found a zero delay loop containing .dependencyLoop.original
  in .dependencyLoop and .dependencyLoop.original
    while executing
"java::new ptolemy.moml.MoMLSimpleApplication $file
"
    (procedure "createAndExecute" line 2)
    invoked from within
"createAndExecute $file"
    ("uplevel" body line 5)
    invoked from within
"uplevel $contents_of_test"
------------------ testing $PTII/ptolemy/domains/de/test/auto/knownFailedTests/FSMSource.xml (Known Failure) 
67 ms. Memory: 129024K Free: 111634K (87%)
!!!! Auto was marked as failing, but now passes
------------------ testing $PTII/ptolemy/domains/de/test/auto/knownFailedTests/HierarchicalModel.xml (Known Failure) 
15 ms. Memory: 129024K Free: 94701K (73%)


==== $PTIIhome/travis/build/icyphy/ptII/ptolemy/domains/de/test/../../../../: Auto Automatic test in file $PTII/ptolemy/domains/de/test/auto/knownFailedTests/HierarchicalModel.xml
==== Contents of test case:

	    # FIXME: we should use $relativeFilename here, but it
	    # might have backslashes under Windows, which causes no end
	    # of trouble.
	    createAndExecute $file
	    list {}
	
.... Test generated KNOWN error:
    while executing
ptolemy.kernel.util.IllegalActionException: Found a zero delay loop containing .HierarchicalModel.A
  in .HierarchicalModel and .HierarchicalModel.A
	at ptolemy.actor.util.CausalityInterfaceForComposites._computeOutputPortDepth(CausalityInterfaceForComposites.java:759)
	at ptolemy.actor.util.CausalityInterfaceForComposites._computeInputDepth(CausalityInterfaceForComposites.java:696)
	at ptolemy.actor.util.CausalityInterfaceForComposites._computeOutputPortDepth(CausalityInterfaceForComposites.java:765)
	at ptolemy.actor.util.CausalityInterfaceForComposites._computeInputDepth(CausalityInterfaceForComposites.java:696)
	at ptolemy.actor.util.CausalityInterfaceForComposites._computeOutputPortDepth(CausalityInterfaceForComposites.java:765)
	at ptolemy.actor.util.CausalityInterfaceForComposites._computeInputDepth(CausalityInterfaceForComposites.java:696)
	at ptolemy.actor.util.CausalityInterfaceForComposites._computeActorDepth(CausalityInterfaceForComposites.java:532)
	at ptolemy.actor.util.CausalityInterfaceForComposites.checkForCycles(CausalityInterfaceForComposites.java:96)
	at ptolemy.domains.de.kernel.DEDirector.preinitialize(DEDirector.java:1338)
	at ptolemy.actor.CompositeActor.preinitialize(CompositeActor.java:1828)
	at ptolemy.actor.Manager.preinitializeAndResolveTypes(Manager.java:1040)
	at ptolemy.actor.Manager.initialize(Manager.java:710)
	at ptolemy.actor.Manager.execute(Manager.java:356)
	at ptolemy.actor.Manager.run(Manager.java:1263)
	at ptolemy.actor.Manager$PtolemyRunThread.run(Manager.java:1933)

    while executing
ptolemy.kernel.util.IllegalActionException: Found a zero delay loop containing .HierarchicalModel.A
  in .HierarchicalModel and .HierarchicalModel.A
    while executing
"java::new ptolemy.moml.MoMLSimpleApplication $file
"
    (procedure "createAndExecute" line 2)
    invoked from within
"createAndExecute $file"
    ("uplevel" body line 5)
    invoked from within
"uplevel $contents_of_test"
------------------ testing $PTII/ptolemy/domains/de/test/auto/knownFailedTests/dependencyLoop2.xml (Known Failure) 
11 ms. Memory: 129024K Free: 78331K (61%)


==== $PTIIhome/travis/build/icyphy/ptII/ptolemy/domains/de/test/../../../../: Auto Automatic test in file $PTII/ptolemy/domains/de/test/auto/knownFailedTests/dependencyLoop2.xml
==== Contents of test case:

	    # FIXME: we should use $relativeFilename here, but it
	    # might have backslashes under Windows, which causes no end
	    # of trouble.
	    createAndExecute $file
	    list {}
	
.... Test generated KNOWN error:
    while executing
ptolemy.kernel.util.IllegalActionException: Found a zero delay loop containing .dependencyLoop2.original
  in .dependencyLoop2 and .dependencyLoop2.original
	at ptolemy.actor.util.CausalityInterfaceForComposites._computeOutputPortDepth(CausalityInterfaceForComposites.java:759)
	at ptolemy.actor.util.CausalityInterfaceForComposites._computeInputDepth(CausalityInterfaceForComposites.java:696)
	at ptolemy.actor.util.CausalityInterfaceForComposites._computeOutputPortDepth(CausalityInterfaceForComposites.java:765)
	at ptolemy.actor.util.CausalityInterfaceForComposites._computeInputDepth(CausalityInterfaceForComposites.java:696)
	at ptolemy.actor.util.CausalityInterfaceForComposites._computeOutputPortDepth(CausalityInterfaceForComposites.java:765)
	at ptolemy.actor.util.CausalityInterfaceForComposites._computeInputDepth(CausalityInterfaceForComposites.java:696)
	at ptolemy.actor.util.CausalityInterfaceForComposites._computeActorDepth(CausalityInterfaceForComposites.java:532)
	at ptolemy.actor.util.CausalityInterfaceForComposites.checkForCycles(CausalityInterfaceForComposites.java:96)
	at ptolemy.domains.de.kernel.DEDirector.preinitialize(DEDirector.java:1338)
	at ptolemy.actor.CompositeActor.preinitialize(CompositeActor.java:1828)
	at ptolemy.actor.Manager.preinitializeAndResolveTypes(Manager.java:1040)
	at ptolemy.actor.Manager.initialize(Manager.java:710)
	at ptolemy.actor.Manager.execute(Manager.java:356)
	at ptolemy.actor.Manager.run(Manager.java:1263)
	at ptolemy.actor.Manager$PtolemyRunThread.run(Manager.java:1933)

    while executing
ptolemy.kernel.util.IllegalActionException: Found a zero delay loop containing .dependencyLoop2.original
  in .dependencyLoop2 and .dependencyLoop2.original
    while executing
"java::new ptolemy.moml.MoMLSimpleApplication $file
"
    (procedure "createAndExecute" line 2)
    invoked from within
"createAndExecute $file"
    ("uplevel" body line 5)
    invoked from within
"uplevel $contents_of_test"
------------------ testing $PTII/ptolemy/domains/de/test/auto/knownFailedTests/DESDFClockTest.xml (Known Failure) 
2061 ms. Memory: 129024K Free: 109363K (85%)


==== $PTIIhome/travis/build/icyphy/ptII/ptolemy/domains/de/test/../../../../: Auto Automatic test in file $PTII/ptolemy/domains/de/test/auto/knownFailedTests/DESDFClockTest.xml
==== Contents of test case:

	    # FIXME: we should use $relativeFilename here, but it
	    # might have backslashes under Windows, which causes no end
	    # of trouble.
	    createAndExecute $file
	    list {}
	
.... Test generated KNOWN error:
    while executing
ptolemy.kernel.util.IllegalActionException: Actor is not ready to fire.  Perhaps UpSample.prefire() returned false? Try debugging the actor by selecting "Listen to Actor".  Also, for SDF check moml for tokenConsumptionRate on input.
  in .DESDFClockTest.Play Bell.Copy1:SDF Director and .DESDFClockTest.Play Bell.UpSample
	at ptolemy.actor.sched.StaticSchedulingDirector.fire(StaticSchedulingDirector.java:227)
	at ptolemy.domains.sdf.kernel.SDFDirector.fire(SDFDirector.java:500)
	at ptolemy.actor.CompositeActor.fire(CompositeActor.java:455)
	at ptolemy.domains.de.kernel.DEDirector._fire(DEDirector.java:1949)
	at ptolemy.domains.de.kernel.DEDirector.fire(DEDirector.java:502)
	at ptolemy.actor.CompositeActor.fire(CompositeActor.java:455)
	at ptolemy.actor.Manager.iterate(Manager.java:851)
	at ptolemy.actor.Manager.execute(Manager.java:369)
	at ptolemy.actor.Manager.run(Manager.java:1263)
	at ptolemy.actor.Manager$PtolemyRunThread.run(Manager.java:1933)

    while executing
ptolemy.kernel.util.IllegalActionException: Actor is not ready to fire.  Perhaps UpSample.prefire() returned false? Try debugging the actor by selecting "Listen to Actor".  Also, for SDF check moml for tokenConsumptionRate on input.
  in .DESDFClockTest.Play Bell.Copy1:SDF Director and .DESDFClockTest.Play Bell.UpSample
    while executing
"java::new ptolemy.moml.MoMLSimpleApplication $file
"
    (procedure "createAndExecute" line 2)
    invoked from within
"createAndExecute $file"
    ("uplevel" body line 5)
    invoked from within
"uplevel $contents_of_test"
------------------ testing $PTII/ptolemy/domains/de/test/auto/ActorDepthCalculation_actorWithoutPorts.xml
auto.tcl: Setting watchdog for 200 seconds at Tue Jan 07 06:36:33 UTC 2020
5 ms. Memory: 129024K Free: 101667K (79%)
ptolemy.util.test.WatchDog.cancel(): canceling Tue Jan 07 06:36:33 UTC 2020
auto.tcl: Setting watchdog for 200 seconds at Tue Jan 07 06:36:33 UTC 2020
4 ms. Memory: 129024K Free: 100147K (78%)
ptolemy.util.test.WatchDog.cancel(): canceling Tue Jan 07 06:36:33 UTC 2020
------------------ testing $PTII/ptolemy/domains/de/test/auto/AssemblyLine.xml
auto.tcl: Setting watchdog for 200 seconds at Tue Jan 07 06:36:33 UTC 2020
8 ms. Memory: 51200K Free: 27503K (54%)
ptolemy.util.test.WatchDog.cancel(): canceling Tue Jan 07 06:36:33 UTC 2020
auto.tcl: Setting watchdog for 200 seconds at Tue Jan 07 06:36:33 UTC 2020
7 ms. Memory: 51200K Free: 26747K (52%)
ptolemy.util.test.WatchDog.cancel(): canceling Tue Jan 07 06:36:33 UTC 2020
------------------ testing $PTII/ptolemy/domains/de/test/auto/CQBug1.xml
auto.tcl: Setting watchdog for 200 seconds at Tue Jan 07 06:36:33 UTC 2020
4 ms. Memory: 51200K Free: 33428K (65%)
ptolemy.util.test.WatchDog.cancel(): canceling Tue Jan 07 06:36:33 UTC 2020
auto.tcl: Setting watchdog for 200 seconds at Tue Jan 07 06:36:33 UTC 2020
3 ms. Memory: 51200K Free: 33428K (65%)
ptolemy.util.test.WatchDog.cancel(): canceling Tue Jan 07 06:36:33 UTC 2020
------------------ testing $PTII/ptolemy/domains/de/test/auto/CancelFireAt.xml
auto.tcl: Setting watchdog for 200 seconds at Tue Jan 07 06:36:33 UTC 2020
4 ms. Memory: 48128K Free: 31666K (66%)
ptolemy.util.test.WatchDog.cancel(): canceling Tue Jan 07 06:36:33 UTC 2020
auto.tcl: Setting watchdog for 200 seconds at Tue Jan 07 06:36:33 UTC 2020
3 ms. Memory: 48128K Free: 31225K (65%)
ptolemy.util.test.WatchDog.cancel(): canceling Tue Jan 07 06:36:33 UTC 2020
------------------ testing $PTII/ptolemy/domains/de/test/auto/CausalityAndComposabilityAnalysis.xml
auto.tcl: Setting watchdog for 200 seconds at Tue Jan 07 06:36:33 UTC 2020
10 ms. Memory: 48128K Free: 29404K (61%)
ptolemy.util.test.WatchDog.cancel(): canceling Tue Jan 07 06:36:33 UTC 2020
auto.tcl: Setting watchdog for 200 seconds at Tue Jan 07 06:36:33 UTC 2020
7 ms. Memory: 48128K Free: 28971K (60%)
ptolemy.util.test.WatchDog.cancel(): canceling Tue Jan 07 06:36:33 UTC 2020
------------------ testing $PTII/ptolemy/domains/de/test/auto/CausalityInterface1.xml
auto.tcl: Setting watchdog for 200 seconds at Tue Jan 07 06:36:34 UTC 2020
23 ms. Memory: 48128K Free: 28348K (59%)
ptolemy.util.test.WatchDog.cancel(): canceling Tue Jan 07 06:36:34 UTC 2020
auto.tcl: Setting watchdog for 200 seconds at Tue Jan 07 06:36:34 UTC 2020
4 ms. Memory: 48128K Free: 27383K (57%)
ptolemy.util.test.WatchDog.cancel(): canceling Tue Jan 07 06:36:34 UTC 2020
------------------ testing $PTII/ptolemy/domains/de/test/auto/CausalityInterface15.xml
auto.tcl: Setting watchdog for 200 seconds at Tue Jan 07 06:36:34 UTC 2020
5 ms. Memory: 48128K Free: 28514K (59%)
ptolemy.util.test.WatchDog.cancel(): canceling Tue Jan 07 06:36:34 UTC 2020
auto.tcl: Setting watchdog for 200 seconds at Tue Jan 07 06:36:34 UTC 2020
4 ms. Memory: 48128K Free: 27333K (57%)
ptolemy.util.test.WatchDog.cancel(): canceling Tue Jan 07 06:36:34 UTC 2020
------------------ testing $PTII/ptolemy/domains/de/test/auto/CausalityInterface2.xml
auto.tcl: Setting watchdog for 200 seconds at Tue Jan 07 06:36:34 UTC 2020
6 ms. Memory: 48128K Free: 29197K (61%)
ptolemy.util.test.WatchDog.cancel(): canceling Tue Jan 07 06:36:34 UTC 2020
auto.tcl: Setting watchdog for 200 seconds at Tue Jan 07 06:36:34 UTC 2020
3 ms. Memory: 48128K Free: 28312K (59%)
ptolemy.util.test.WatchDog.cancel(): canceling Tue Jan 07 06:36:34 UTC 2020
------------------ testing $PTII/ptolemy/domains/de/test/auto/CausalityInterface3.xml
auto.tcl: Setting watchdog for 200 seconds at Tue Jan 07 06:36:34 UTC 2020
7 ms. Memory: 48128K Free: 28422K (59%)
ptolemy.util.test.WatchDog.cancel(): canceling Tue Jan 07 06:36:34 UTC 2020
auto.tcl: Setting watchdog for 200 seconds at Tue Jan 07 06:36:34 UTC 2020
4 ms. Memory: 48128K Free: 27764K (58%)
ptolemy.util.test.WatchDog.cancel(): canceling Tue Jan 07 06:36:34 UTC 2020
------------------ testing $PTII/ptolemy/domains/de/test/auto/ClockDrift.xml
auto.tcl: Setting watchdog for 200 seconds at Tue Jan 07 06:36:34 UTC 2020
49 ms. Memory: 48128K Free: 21137K (44%)
ptolemy.util.test.WatchDog.cancel(): canceling Tue Jan 07 06:36:34 UTC 2020
auto.tcl: Setting watchdog for 200 seconds at Tue Jan 07 06:36:34 UTC 2020
44 ms. Memory: 48128K Free: 18121K (38%)
ptolemy.util.test.WatchDog.cancel(): canceling Tue Jan 07 06:36:34 UTC 2020
------------------ testing $PTII/ptolemy/domains/de/test/auto/ClockDriftAndValueChange.xml
auto.tcl: Setting watchdog for 200 seconds at Tue Jan 07 06:36:34 UTC 2020
60 ms. Memory: 48128K Free: 21221K (44%)
ptolemy.util.test.WatchDog.cancel(): canceling Tue Jan 07 06:36:34 UTC 2020
auto.tcl: Setting watchdog for 200 seconds at Tue Jan 07 06:36:34 UTC 2020
35 ms. Memory: 48128K Free: 18387K (38%)
ptolemy.util.test.WatchDog.cancel(): canceling Tue Jan 07 06:36:34 UTC 2020
------------------ testing $PTII/ptolemy/domains/de/test/auto/ClockDriftChange.xml
auto.tcl: Setting watchdog for 200 seconds at Tue Jan 07 06:36:34 UTC 2020
19 ms. Memory: 48128K Free: 23267K (48%)
ptolemy.util.test.WatchDog.cancel(): canceling Tue Jan 07 06:36:34 UTC 2020
auto.tcl: Setting watchdog for 200 seconds at Tue Jan 07 06:36:34 UTC 2020
15 ms. Memory: 48128K Free: 20689K (43%)
ptolemy.util.test.WatchDog.cancel(): canceling Tue Jan 07 06:36:34 UTC 2020
------------------ testing $PTII/ptolemy/domains/de/test/auto/ComposableCausalityAnalysis.xml
auto.tcl: Setting watchdog for 200 seconds at Tue Jan 07 06:36:34 UTC 2020
3 ms. Memory: 48128K Free: 27936K (58%)
ptolemy.util.test.WatchDog.cancel(): canceling Tue Jan 07 06:36:34 UTC 2020
auto.tcl: Setting watchdog for 200 seconds at Tue Jan 07 06:36:34 UTC 2020
2 ms. Memory: 48128K Free: 26872K (56%)
ptolemy.util.test.WatchDog.cancel(): canceling Tue Jan 07 06:36:34 UTC 2020
------------------ testing $PTII/ptolemy/domains/de/test/auto/DEFixedPointLimitation.xml
auto.tcl: Setting watchdog for 200 seconds at Tue Jan 07 06:36:34 UTC 2020
6 ms. Memory: 48128K Free: 29244K (61%)
ptolemy.util.test.WatchDog.cancel(): canceling Tue Jan 07 06:36:35 UTC 2020
auto.tcl: Setting watchdog for 200 seconds at Tue Jan 07 06:36:35 UTC 2020
1 ms. Memory: 48128K Free: 28329K (59%)
ptolemy.util.test.WatchDog.cancel(): canceling Tue Jan 07 06:36:35 UTC 2020
------------------ testing $PTII/ptolemy/domains/de/test/auto/DEScheduleTest.xml
auto.tcl: Setting watchdog for 200 seconds at Tue Jan 07 06:36:35 UTC 2020
8 ms. Memory: 48128K Free: 29523K (61%)
ptolemy.util.test.WatchDog.cancel(): canceling Tue Jan 07 06:36:35 UTC 2020
auto.tcl: Setting watchdog for 200 seconds at Tue Jan 07 06:36:35 UTC 2020
4 ms. Memory: 48128K Free: 28774K (60%)
ptolemy.util.test.WatchDog.cancel(): canceling Tue Jan 07 06:36:35 UTC 2020
------------------ testing $PTII/ptolemy/domains/de/test/auto/DEinDEwithStartTimes.xml
auto.tcl: Setting watchdog for 200 seconds at Tue Jan 07 06:36:35 UTC 2020
9 ms. Memory: 48128K Free: 27734K (58%)
ptolemy.util.test.WatchDog.cancel(): canceling Tue Jan 07 06:36:35 UTC 2020
auto.tcl: Setting watchdog for 200 seconds at Tue Jan 07 06:36:35 UTC 2020
7 ms. Memory: 48128K Free: 26677K (55%)
ptolemy.util.test.WatchDog.cancel(): canceling Tue Jan 07 06:36:35 UTC 2020
------------------ testing $PTII/ptolemy/domains/de/test/auto/DEinDEwithStartTimes2.xml
auto.tcl: Setting watchdog for 200 seconds at Tue Jan 07 06:36:35 UTC 2020
5 ms. Memory: 48128K Free: 26924K (56%)
ptolemy.util.test.WatchDog.cancel(): canceling Tue Jan 07 06:36:35 UTC 2020
auto.tcl: Setting watchdog for 200 seconds at Tue Jan 07 06:36:35 UTC 2020
4 ms. Memory: 48128K Free: 25631K (53%)
ptolemy.util.test.WatchDog.cancel(): canceling Tue Jan 07 06:36:35 UTC 2020
------------------ testing $PTII/ptolemy/domains/de/test/auto/DateDemo.xml
auto.tcl: Setting watchdog for 200 seconds at Tue Jan 07 06:36:35 UTC 2020
23 ms. Memory: 48128K Free: 21271K (44%)
ptolemy.util.test.WatchDog.cancel(): canceling Tue Jan 07 06:36:35 UTC 2020
auto.tcl: Setting watchdog for 200 seconds at Tue Jan 07 06:36:35 UTC 2020
11 ms. Memory: 48128K Free: 19696K (41%)
ptolemy.util.test.WatchDog.cancel(): canceling Tue Jan 07 06:36:35 UTC 2020
------------------ testing $PTII/ptolemy/domains/de/test/auto/DateToEvent.xml
auto.tcl: Setting watchdog for 200 seconds at Tue Jan 07 06:36:35 UTC 2020
2016 ms. Memory: 48128K Free: 16964K (35%)
ptolemy.util.test.WatchDog.cancel(): canceling Tue Jan 07 06:36:37 UTC 2020
auto.tcl: Setting watchdog for 200 seconds at Tue Jan 07 06:36:37 UTC 2020
2005 ms. Memory: 48128K Free: 16190K (34%)
ptolemy.util.test.WatchDog.cancel(): canceling Tue Jan 07 06:36:39 UTC 2020
------------------ testing $PTII/ptolemy/domains/de/test/auto/DepthTest1.xml
auto.tcl: Setting watchdog for 200 seconds at Tue Jan 07 06:36:39 UTC 2020
4 ms. Memory: 48128K Free: 30338K (63%)
ptolemy.util.test.WatchDog.cancel(): canceling Tue Jan 07 06:36:39 UTC 2020
auto.tcl: Setting watchdog for 200 seconds at Tue Jan 07 06:36:39 UTC 2020
2 ms. Memory: 48128K Free: 29957K (62%)
ptolemy.util.test.WatchDog.cancel(): canceling Tue Jan 07 06:36:39 UTC 2020
------------------ testing $PTII/ptolemy/domains/de/test/auto/DepthTest2.xml
auto.tcl: Setting watchdog for 200 seconds at Tue Jan 07 06:36:39 UTC 2020
13 ms. Memory: 48128K Free: 27166K (56%)
ptolemy.util.test.WatchDog.cancel(): canceling Tue Jan 07 06:36:39 UTC 2020
auto.tcl: Setting watchdog for 200 seconds at Tue Jan 07 06:36:39 UTC 2020
3 ms. Memory: 48128K Free: 26245K (55%)
ptolemy.util.test.WatchDog.cancel(): canceling Tue Jan 07 06:36:39 UTC 2020
------------------ testing $PTII/ptolemy/domains/de/test/auto/DepthTest3.xml
auto.tcl: Setting watchdog for 200 seconds at Tue Jan 07 06:36:39 UTC 2020
2 ms. Memory: 48128K Free: 30667K (64%)
ptolemy.util.test.WatchDog.cancel(): canceling Tue Jan 07 06:36:39 UTC 2020
auto.tcl: Setting watchdog for 200 seconds at Tue Jan 07 06:36:39 UTC 2020
2 ms. Memory: 48128K Free: 30257K (63%)
ptolemy.util.test.WatchDog.cancel(): canceling Tue Jan 07 06:36:39 UTC 2020
------------------ testing $PTII/ptolemy/domains/de/test/auto/DepthTest4.xml
auto.tcl: Setting watchdog for 200 seconds at Tue Jan 07 06:36:39 UTC 2020
4 ms. Memory: 48128K Free: 29018K (60%)
ptolemy.util.test.WatchDog.cancel(): canceling Tue Jan 07 06:36:39 UTC 2020
auto.tcl: Setting watchdog for 200 seconds at Tue Jan 07 06:36:39 UTC 2020
2 ms. Memory: 48128K Free: 28267K (59%)
ptolemy.util.test.WatchDog.cancel(): canceling Tue Jan 07 06:36:39 UTC 2020
------------------ testing $PTII/ptolemy/domains/de/test/auto/DepthTest5.xml
auto.tcl: Setting watchdog for 200 seconds at Tue Jan 07 06:36:39 UTC 2020
6 ms. Memory: 48128K Free: 28415K (59%)
ptolemy.util.test.WatchDog.cancel(): canceling Tue Jan 07 06:36:39 UTC 2020
auto.tcl: Setting watchdog for 200 seconds at Tue Jan 07 06:36:39 UTC 2020
3 ms. Memory: 48128K Free: 27629K (57%)
ptolemy.util.test.WatchDog.cancel(): canceling Tue Jan 07 06:36:39 UTC 2020
------------------ testing $PTII/ptolemy/domains/de/test/auto/DepthTest6.xml
auto.tcl: Setting watchdog for 200 seconds at Tue Jan 07 06:36:39 UTC 2020
3 ms. Memory: 48128K Free: 28149K (58%)
ptolemy.util.test.WatchDog.cancel(): canceling Tue Jan 07 06:36:39 UTC 2020
auto.tcl: Setting watchdog for 200 seconds at Tue Jan 07 06:36:39 UTC 2020
3 ms. Memory: 48128K Free: 27721K (58%)
ptolemy.util.test.WatchDog.cancel(): canceling Tue Jan 07 06:36:39 UTC 2020
------------------ testing $PTII/ptolemy/domains/de/test/auto/DepthTest7.xml
auto.tcl: Setting watchdog for 200 seconds at Tue Jan 07 06:36:40 UTC 2020
3 ms. Memory: 48128K Free: 28943K (60%)
ptolemy.util.test.WatchDog.cancel(): canceling Tue Jan 07 06:36:40 UTC 2020
auto.tcl: Setting watchdog for 200 seconds at Tue Jan 07 06:36:40 UTC 2020
2 ms. Memory: 48128K Free: 28207K (59%)
ptolemy.util.test.WatchDog.cancel(): canceling Tue Jan 07 06:36:40 UTC 2020
------------------ testing $PTII/ptolemy/domains/de/test/auto/EventToDate.xml
auto.tcl: Setting watchdog for 200 seconds at Tue Jan 07 06:36:40 UTC 2020
3005 ms. Memory: 48128K Free: 19708K (41%)
ptolemy.util.test.WatchDog.cancel(): canceling Tue Jan 07 06:36:43 UTC 2020
auto.tcl: Setting watchdog for 200 seconds at Tue Jan 07 06:36:43 UTC 2020
3004 ms. Memory: 48128K Free: 19003K (39%)
ptolemy.util.test.WatchDog.cancel(): canceling Tue Jan 07 06:36:46 UTC 2020
------------------ testing $PTII/ptolemy/domains/de/test/auto/FSM1.xml
auto.tcl: Setting watchdog for 200 seconds at Tue Jan 07 06:36:46 UTC 2020
30 ms. Memory: 48128K Free: 20944K (44%)
ptolemy.util.test.WatchDog.cancel(): canceling Tue Jan 07 06:36:46 UTC 2020
auto.tcl: Setting watchdog for 200 seconds at Tue Jan 07 06:36:46 UTC 2020
26 ms. Memory: 48128K Free: 17680K (37%)
ptolemy.util.test.WatchDog.cancel(): canceling Tue Jan 07 06:36:46 UTC 2020
------------------ testing $PTII/ptolemy/domains/de/test/auto/FSM7.xml
auto.tcl: Setting watchdog for 200 seconds at Tue Jan 07 06:36:46 UTC 2020
17 ms. Memory: 48128K Free: 20858K (43%)
ptolemy.util.test.WatchDog.cancel(): canceling Tue Jan 07 06:36:46 UTC 2020
auto.tcl: Setting watchdog for 200 seconds at Tue Jan 07 06:36:46 UTC 2020
19 ms. Memory: 48128K Free: 17554K (36%)
ptolemy.util.test.WatchDog.cancel(): canceling Tue Jan 07 06:36:46 UTC 2020
------------------ testing $PTII/ptolemy/domains/de/test/auto/Inspection.xml
auto.tcl: Setting watchdog for 200 seconds at Tue Jan 07 06:36:46 UTC 2020
23 ms. Memory: 48128K Free: 20681K (43%)
ptolemy.util.test.WatchDog.cancel(): canceling Tue Jan 07 06:36:46 UTC 2020
auto.tcl: Setting watchdog for 200 seconds at Tue Jan 07 06:36:46 UTC 2020
30 ms. Memory: 48128K Free: 18946K (39%)
ptolemy.util.test.WatchDog.cancel(): canceling Tue Jan 07 06:36:46 UTC 2020
------------------ testing $PTII/ptolemy/domains/de/test/auto/Iteration.xml
auto.tcl: Setting watchdog for 200 seconds at Tue Jan 07 06:36:46 UTC 2020
6 ms. Memory: 48128K Free: 26394K (55%)
ptolemy.util.test.WatchDog.cancel(): canceling Tue Jan 07 06:36:46 UTC 2020
auto.tcl: Setting watchdog for 200 seconds at Tue Jan 07 06:36:46 UTC 2020
6 ms. Memory: 48128K Free: 25003K (52%)
ptolemy.util.test.WatchDog.cancel(): canceling Tue Jan 07 06:36:46 UTC 2020
------------------ testing $PTII/ptolemy/domains/de/test/auto/LineFault.xml
auto.tcl: Setting watchdog for 200 seconds at Tue Jan 07 06:36:46 UTC 2020
654 ms. Memory: 58368K Free: 38191K (65%)
ptolemy.util.test.WatchDog.cancel(): canceling Tue Jan 07 06:36:47 UTC 2020
auto.tcl: Setting watchdog for 200 seconds at Tue Jan 07 06:36:47 UTC 2020
544 ms. Memory: 58368K Free: 33426K (57%)
ptolemy.util.test.WatchDog.cancel(): canceling Tue Jan 07 06:36:48 UTC 2020
------------------ testing $PTII/ptolemy/domains/de/test/auto/MergeModel1Add.xml
auto.tcl: Setting watchdog for 200 seconds at Tue Jan 07 06:36:48 UTC 2020
16 ms. Memory: 55296K Free: 19539K (35%)
ptolemy.util.test.WatchDog.cancel(): canceling Tue Jan 07 06:36:48 UTC 2020
auto.tcl: Setting watchdog for 200 seconds at Tue Jan 07 06:36:48 UTC 2020
16 ms. Memory: 55296K Free: 17829K (32%)
ptolemy.util.test.WatchDog.cancel(): canceling Tue Jan 07 06:36:48 UTC 2020
------------------ testing $PTII/ptolemy/domains/de/test/auto/MergeModel2Add.xml
auto.tcl: Setting watchdog for 200 seconds at Tue Jan 07 06:36:48 UTC 2020
8 ms. Memory: 55296K Free: 21553K (39%)
ptolemy.util.test.WatchDog.cancel(): canceling Tue Jan 07 06:36:48 UTC 2020
auto.tcl: Setting watchdog for 200 seconds at Tue Jan 07 06:36:48 UTC 2020
9 ms. Memory: 55296K Free: 20078K (36%)
ptolemy.util.test.WatchDog.cancel(): canceling Tue Jan 07 06:36:48 UTC 2020
------------------ testing $PTII/ptolemy/domains/de/test/auto/MergeModel3Add.xml
auto.tcl: Setting watchdog for 200 seconds at Tue Jan 07 06:36:48 UTC 2020
7 ms. Memory: 55296K Free: 21312K (39%)
ptolemy.util.test.WatchDog.cancel(): canceling Tue Jan 07 06:36:48 UTC 2020
auto.tcl: Setting watchdog for 200 seconds at Tue Jan 07 06:36:48 UTC 2020
7 ms. Memory: 55296K Free: 19610K (35%)
ptolemy.util.test.WatchDog.cancel(): canceling Tue Jan 07 06:36:48 UTC 2020
------------------ testing $PTII/ptolemy/domains/de/test/auto/MergeWithoutDiscard.xml
auto.tcl: Setting watchdog for 200 seconds at Tue Jan 07 06:36:48 UTC 2020
2 ms. Memory: 55296K Free: 36471K (66%)
ptolemy.util.test.WatchDog.cancel(): canceling Tue Jan 07 06:36:48 UTC 2020
auto.tcl: Setting watchdog for 200 seconds at Tue Jan 07 06:36:48 UTC 2020
1 ms. Memory: 55296K Free: 35996K (65%)
ptolemy.util.test.WatchDog.cancel(): canceling Tue Jan 07 06:36:48 UTC 2020
------------------ testing $PTII/ptolemy/domains/de/test/auto/Modal1.xml
auto.tcl: Setting watchdog for 200 seconds at Tue Jan 07 06:36:48 UTC 2020
12 ms. Memory: 55296K Free: 28059K (51%)
ptolemy.util.test.WatchDog.cancel(): canceling Tue Jan 07 06:36:48 UTC 2020
auto.tcl: Setting watchdog for 200 seconds at Tue Jan 07 06:36:48 UTC 2020
13 ms. Memory: 55296K Free: 24571K (44%)
ptolemy.util.test.WatchDog.cancel(): canceling Tue Jan 07 06:36:48 UTC 2020
------------------ testing $PTII/ptolemy/domains/de/test/auto/Modal2.xml
auto.tcl: Setting watchdog for 200 seconds at Tue Jan 07 06:36:48 UTC 2020
11 ms. Memory: 51200K Free: 24368K (48%)
ptolemy.util.test.WatchDog.cancel(): canceling Tue Jan 07 06:36:48 UTC 2020
auto.tcl: Setting watchdog for 200 seconds at Tue Jan 07 06:36:48 UTC 2020
21 ms. Memory: 51200K Free: 20851K (41%)
ptolemy.util.test.WatchDog.cancel(): canceling Tue Jan 07 06:36:48 UTC 2020
------------------ testing $PTII/ptolemy/domains/de/test/auto/Modal3.xml
auto.tcl: Setting watchdog for 200 seconds at Tue Jan 07 06:36:48 UTC 2020
15 ms. Memory: 51200K Free: 24095K (47%)
ptolemy.util.test.WatchDog.cancel(): canceling Tue Jan 07 06:36:48 UTC 2020
auto.tcl: Setting watchdog for 200 seconds at Tue Jan 07 06:36:48 UTC 2020
15 ms. Memory: 51200K Free: 20849K (41%)
ptolemy.util.test.WatchDog.cancel(): canceling Tue Jan 07 06:36:48 UTC 2020
------------------ testing $PTII/ptolemy/domains/de/test/auto/Modal4.xml
auto.tcl: Setting watchdog for 200 seconds at Tue Jan 07 06:36:48 UTC 2020
13 ms. Memory: 51200K Free: 23091K (45%)
ptolemy.util.test.WatchDog.cancel(): canceling Tue Jan 07 06:36:48 UTC 2020
auto.tcl: Setting watchdog for 200 seconds at Tue Jan 07 06:36:48 UTC 2020
14 ms. Memory: 51200K Free: 19243K (38%)
ptolemy.util.test.WatchDog.cancel(): canceling Tue Jan 07 06:36:49 UTC 2020
------------------ testing $PTII/ptolemy/domains/de/test/auto/Modal5.xml
auto.tcl: Setting watchdog for 200 seconds at Tue Jan 07 06:36:49 UTC 2020
13 ms. Memory: 51200K Free: 23068K (45%)
ptolemy.util.test.WatchDog.cancel(): canceling Tue Jan 07 06:36:49 UTC 2020
auto.tcl: Setting watchdog for 200 seconds at Tue Jan 07 06:36:49 UTC 2020
14 ms. Memory: 51200K Free: 19411K (38%)
ptolemy.util.test.WatchDog.cancel(): canceling Tue Jan 07 06:36:49 UTC 2020
------------------ testing $PTII/ptolemy/domains/de/test/auto/Modal6.xml
auto.tcl: Setting watchdog for 200 seconds at Tue Jan 07 06:36:49 UTC 2020
12 ms. Memory: 51200K Free: 24078K (47%)
ptolemy.util.test.WatchDog.cancel(): canceling Tue Jan 07 06:36:49 UTC 2020
auto.tcl: Setting watchdog for 200 seconds at Tue Jan 07 06:36:49 UTC 2020
13 ms. Memory: 51200K Free: 19856K (39%)
ptolemy.util.test.WatchDog.cancel(): canceling Tue Jan 07 06:36:49 UTC 2020
------------------ testing $PTII/ptolemy/domains/de/test/auto/Modal7.xml
auto.tcl: Setting watchdog for 200 seconds at Tue Jan 07 06:36:49 UTC 2020
10 ms. Memory: 51200K Free: 22787K (45%)
ptolemy.util.test.WatchDog.cancel(): canceling Tue Jan 07 06:36:49 UTC 2020
auto.tcl: Setting watchdog for 200 seconds at Tue Jan 07 06:36:49 UTC 2020
11 ms. Memory: 51200K Free: 19461K (38%)
ptolemy.util.test.WatchDog.cancel(): canceling Tue Jan 07 06:36:49 UTC 2020
------------------ testing $PTII/ptolemy/domains/de/test/auto/ModalModel.xml
auto.tcl: Setting watchdog for 200 seconds at Tue Jan 07 06:36:49 UTC 2020
216 ms. Memory: 51200K Free: 14986K (29%)
ptolemy.util.test.WatchDog.cancel(): canceling Tue Jan 07 06:36:49 UTC 2020
auto.tcl: Setting watchdog for 200 seconds at Tue Jan 07 06:36:49 UTC 2020
210 ms. Memory: 61440K Free: 20579K (33%)
ptolemy.util.test.WatchDog.cancel(): canceling Tue Jan 07 06:36:49 UTC 2020
------------------ testing $PTII/ptolemy/domains/de/test/auto/ModalSource.xml
auto.tcl: Setting watchdog for 200 seconds at Tue Jan 07 06:36:49 UTC 2020
6 ms. Memory: 55296K Free: 31999K (58%)
ptolemy.util.test.WatchDog.cancel(): canceling Tue Jan 07 06:36:49 UTC 2020
auto.tcl: Setting watchdog for 200 seconds at Tue Jan 07 06:36:49 UTC 2020
6 ms. Memory: 55296K Free: 29951K (54%)
ptolemy.util.test.WatchDog.cancel(): canceling Tue Jan 07 06:36:49 UTC 2020
------------------ testing $PTII/ptolemy/domains/de/test/auto/NonInterruptibleTimerZeroDelay.xml
auto.tcl: Setting watchdog for 200 seconds at Tue Jan 07 06:36:49 UTC 2020
4 ms. Memory: 51200K Free: 32846K (64%)
ptolemy.util.test.WatchDog.cancel(): canceling Tue Jan 07 06:36:49 UTC 2020
auto.tcl: Setting watchdog for 200 seconds at Tue Jan 07 06:36:49 UTC 2020
2 ms. Memory: 51200K Free: 32177K (63%)
ptolemy.util.test.WatchDog.cancel(): canceling Tue Jan 07 06:36:49 UTC 2020
------------------ testing $PTII/ptolemy/domains/de/test/auto/OpenQueueingNetwork.xml
auto.tcl: Setting watchdog for 200 seconds at Tue Jan 07 06:36:50 UTC 2020
2798 ms. Memory: 113664K Free: 74023K (65%)
ptolemy.util.test.WatchDog.cancel(): canceling Tue Jan 07 06:36:52 UTC 2020
auto.tcl: Setting watchdog for 200 seconds at Tue Jan 07 06:36:52 UTC 2020
2455 ms. Memory: 137216K Free: 60598K (44%)
ptolemy.util.test.WatchDog.cancel(): canceling Tue Jan 07 06:36:55 UTC 2020
------------------ testing $PTII/ptolemy/domains/de/test/auto/OpenQueuingNetwork.xml
auto.tcl: Setting watchdog for 200 seconds at Tue Jan 07 06:36:55 UTC 2020
248 ms. Memory: 58368K Free: 31464K (54%)
ptolemy.util.test.WatchDog.cancel(): canceling Tue Jan 07 06:36:55 UTC 2020
auto.tcl: Setting watchdog for 200 seconds at Tue Jan 07 06:36:55 UTC 2020
240 ms. Memory: 58368K Free: 12002K (21%)
ptolemy.util.test.WatchDog.cancel(): canceling Tue Jan 07 06:36:56 UTC 2020
------------------ testing $PTII/ptolemy/domains/de/test/auto/PeriodicSampler.xml
auto.tcl: Setting watchdog for 200 seconds at Tue Jan 07 06:36:56 UTC 2020
2 ms. Memory: 51200K Free: 32039K (63%)
ptolemy.util.test.WatchDog.cancel(): canceling Tue Jan 07 06:36:56 UTC 2020
auto.tcl: Setting watchdog for 200 seconds at Tue Jan 07 06:36:56 UTC 2020
2 ms. Memory: 51200K Free: 31511K (62%)
ptolemy.util.test.WatchDog.cancel(): canceling Tue Jan 07 06:36:56 UTC 2020
------------------ testing $PTII/ptolemy/domains/de/test/auto/PersistentIO.xml
auto.tcl: Setting watchdog for 200 seconds at Tue Jan 07 06:36:56 UTC 2020
17 ms. Memory: 51200K Free: 26962K (53%)
ptolemy.util.test.WatchDog.cancel(): canceling Tue Jan 07 06:36:56 UTC 2020
auto.tcl: Setting watchdog for 200 seconds at Tue Jan 07 06:36:56 UTC 2020
4 ms. Memory: 51200K Free: 25443K (50%)
ptolemy.util.test.WatchDog.cancel(): canceling Tue Jan 07 06:36:56 UTC 2020
------------------ testing $PTII/ptolemy/domains/de/test/auto/PortParameterResetOnInitialize.xml
auto.tcl: Setting watchdog for 200 seconds at Tue Jan 07 06:36:56 UTC 2020
3 ms. Memory: 51200K Free: 32155K (63%)
ptolemy.util.test.WatchDog.cancel(): canceling Tue Jan 07 06:36:56 UTC 2020
auto.tcl: Setting watchdog for 200 seconds at Tue Jan 07 06:36:56 UTC 2020
2 ms. Memory: 51200K Free: 31643K (62%)
ptolemy.util.test.WatchDog.cancel(): canceling Tue Jan 07 06:36:56 UTC 2020
------------------ testing $PTII/ptolemy/domains/de/test/auto/PortParameterUpdates.xml
auto.tcl: Setting watchdog for 200 seconds at Tue Jan 07 06:36:56 UTC 2020
4 ms. Memory: 51200K Free: 30031K (59%)
ptolemy.util.test.WatchDog.cancel(): canceling Tue Jan 07 06:36:56 UTC 2020
auto.tcl: Setting watchdog for 200 seconds at Tue Jan 07 06:36:56 UTC 2020
3 ms. Memory: 51200K Free: 29003K (57%)
ptolemy.util.test.WatchDog.cancel(): canceling Tue Jan 07 06:36:56 UTC 2020
------------------ testing $PTII/ptolemy/domains/de/test/auto/QueueAndServer.xml
auto.tcl: Setting watchdog for 200 seconds at Tue Jan 07 06:36:56 UTC 2020
5 ms. Memory: 51200K Free: 28903K (56%)
ptolemy.util.test.WatchDog.cancel(): canceling Tue Jan 07 06:36:56 UTC 2020
auto.tcl: Setting watchdog for 200 seconds at Tue Jan 07 06:36:56 UTC 2020
5 ms. Memory: 51200K Free: 27451K (54%)
ptolemy.util.test.WatchDog.cancel(): canceling Tue Jan 07 06:36:56 UTC 2020
------------------ testing $PTII/ptolemy/domains/de/test/auto/Records.xml
auto.tcl: Setting watchdog for 200 seconds at Tue Jan 07 06:36:56 UTC 2020
3 ms. Memory: 51200K Free: 31192K (61%)
ptolemy.util.test.WatchDog.cancel(): canceling Tue Jan 07 06:36:56 UTC 2020
auto.tcl: Setting watchdog for 200 seconds at Tue Jan 07 06:36:56 UTC 2020
1 ms. Memory: 51200K Free: 30646K (60%)
ptolemy.util.test.WatchDog.cancel(): canceling Tue Jan 07 06:36:56 UTC 2020
------------------ testing $PTII/ptolemy/domains/de/test/auto/ResetTransitionWithStartTime1.xml
auto.tcl: Setting watchdog for 200 seconds at Tue Jan 07 06:36:56 UTC 2020
7 ms. Memory: 51200K Free: 28481K (56%)
ptolemy.util.test.WatchDog.cancel(): canceling Tue Jan 07 06:36:56 UTC 2020
auto.tcl: Setting watchdog for 200 seconds at Tue Jan 07 06:36:56 UTC 2020
8 ms. Memory: 51200K Free: 26397K (52%)
ptolemy.util.test.WatchDog.cancel(): canceling Tue Jan 07 06:36:56 UTC 2020
------------------ testing $PTII/ptolemy/domains/de/test/auto/ResetTransitionWithStartTime2.xml
auto.tcl: Setting watchdog for 200 seconds at Tue Jan 07 06:36:56 UTC 2020
11 ms. Memory: 51200K Free: 28398K (55%)
ptolemy.util.test.WatchDog.cancel(): canceling Tue Jan 07 06:36:56 UTC 2020
auto.tcl: Setting watchdog for 200 seconds at Tue Jan 07 06:36:56 UTC 2020
10 ms. Memory: 51200K Free: 26350K (51%)
ptolemy.util.test.WatchDog.cancel(): canceling Tue Jan 07 06:36:56 UTC 2020
------------------ testing $PTII/ptolemy/domains/de/test/auto/ResetTransitionWithStartTime3.xml
auto.tcl: Setting watchdog for 200 seconds at Tue Jan 07 06:36:56 UTC 2020
9 ms. Memory: 51200K Free: 28398K (55%)
ptolemy.util.test.WatchDog.cancel(): canceling Tue Jan 07 06:36:56 UTC 2020
auto.tcl: Setting watchdog for 200 seconds at Tue Jan 07 06:36:56 UTC 2020
6 ms. Memory: 51200K Free: 26366K (51%)
ptolemy.util.test.WatchDog.cancel(): canceling Tue Jan 07 06:36:56 UTC 2020
------------------ testing $PTII/ptolemy/domains/de/test/auto/ResetTransitionWithStartTime4.xml
auto.tcl: Setting watchdog for 200 seconds at Tue Jan 07 06:36:56 UTC 2020
7 ms. Memory: 51200K Free: 28815K (56%)
ptolemy.util.test.WatchDog.cancel(): canceling Tue Jan 07 06:36:56 UTC 2020
auto.tcl: Setting watchdog for 200 seconds at Tue Jan 07 06:36:56 UTC 2020
3 ms. Memory: 51200K Free: 27373K (53%)
ptolemy.util.test.WatchDog.cancel(): canceling Tue Jan 07 06:36:56 UTC 2020
------------------ testing $PTII/ptolemy/domains/de/test/auto/ResettableTimer1.xml
auto.tcl: Setting watchdog for 200 seconds at Tue Jan 07 06:36:56 UTC 2020
2 ms. Memory: 51200K Free: 32612K (64%)
ptolemy.util.test.WatchDog.cancel(): canceling Tue Jan 07 06:36:56 UTC 2020
auto.tcl: Setting watchdog for 200 seconds at Tue Jan 07 06:36:56 UTC 2020
3 ms. Memory: 51200K Free: 31960K (62%)
ptolemy.util.test.WatchDog.cancel(): canceling Tue Jan 07 06:36:56 UTC 2020
------------------ testing $PTII/ptolemy/domains/de/test/auto/ResettableTimer2.xml
auto.tcl: Setting watchdog for 200 seconds at Tue Jan 07 06:36:56 UTC 2020
3 ms. Memory: 51200K Free: 32630K (64%)
ptolemy.util.test.WatchDog.cancel(): canceling Tue Jan 07 06:36:56 UTC 2020
auto.tcl: Setting watchdog for 200 seconds at Tue Jan 07 06:36:56 UTC 2020
3 ms. Memory: 51200K Free: 31987K (62%)
ptolemy.util.test.WatchDog.cancel(): canceling Tue Jan 07 06:36:56 UTC 2020
------------------ testing $PTII/ptolemy/domains/de/test/auto/ResettableTimer3.xml
auto.tcl: Setting watchdog for 200 seconds at Tue Jan 07 06:36:56 UTC 2020
3 ms. Memory: 51200K Free: 32531K (64%)
ptolemy.util.test.WatchDog.cancel(): canceling Tue Jan 07 06:36:56 UTC 2020
auto.tcl: Setting watchdog for 200 seconds at Tue Jan 07 06:36:56 UTC 2020
1 ms. Memory: 51200K Free: 32531K (64%)
ptolemy.util.test.WatchDog.cancel(): canceling Tue Jan 07 06:36:56 UTC 2020
------------------ testing $PTII/ptolemy/domains/de/test/auto/ResettableTimer4.xml
auto.tcl: Setting watchdog for 200 seconds at Tue Jan 07 06:36:57 UTC 2020
1 ms. Memory: 51200K Free: 32544K (64%)
ptolemy.util.test.WatchDog.cancel(): canceling Tue Jan 07 06:36:57 UTC 2020
auto.tcl: Setting watchdog for 200 seconds at Tue Jan 07 06:36:57 UTC 2020
1 ms. Memory: 51200K Free: 32030K (63%)
ptolemy.util.test.WatchDog.cancel(): canceling Tue Jan 07 06:36:57 UTC 2020
------------------ testing $PTII/ptolemy/domains/de/test/auto/ResettableTimer5.xml
auto.tcl: Setting watchdog for 200 seconds at Tue Jan 07 06:36:57 UTC 2020
1 ms. Memory: 51200K Free: 32028K (63%)
ptolemy.util.test.WatchDog.cancel(): canceling Tue Jan 07 06:36:57 UTC 2020
auto.tcl: Setting watchdog for 200 seconds at Tue Jan 07 06:36:57 UTC 2020
1 ms. Memory: 51200K Free: 31518K (62%)
ptolemy.util.test.WatchDog.cancel(): canceling Tue Jan 07 06:36:57 UTC 2020
------------------ testing $PTII/ptolemy/domains/de/test/auto/ResettableTimer6.xml
auto.tcl: Setting watchdog for 200 seconds at Tue Jan 07 06:36:57 UTC 2020
2 ms. Memory: 51200K Free: 32018K (63%)
ptolemy.util.test.WatchDog.cancel(): canceling Tue Jan 07 06:36:57 UTC 2020
auto.tcl: Setting watchdog for 200 seconds at Tue Jan 07 06:36:57 UTC 2020
1 ms. Memory: 51200K Free: 31508K (62%)
ptolemy.util.test.WatchDog.cancel(): canceling Tue Jan 07 06:36:57 UTC 2020
------------------ testing $PTII/ptolemy/domains/de/test/auto/ServerZeroDelay.xml
auto.tcl: Setting watchdog for 200 seconds at Tue Jan 07 06:36:57 UTC 2020
3 ms. Memory: 51200K Free: 32524K (64%)
ptolemy.util.test.WatchDog.cancel(): canceling Tue Jan 07 06:36:57 UTC 2020
auto.tcl: Setting watchdog for 200 seconds at Tue Jan 07 06:36:57 UTC 2020
2 ms. Memory: 51200K Free: 31500K (62%)
ptolemy.util.test.WatchDog.cancel(): canceling Tue Jan 07 06:36:57 UTC 2020
------------------ testing $PTII/ptolemy/domains/de/test/auto/SmartSender.xml
auto.tcl: Setting watchdog for 200 seconds at Tue Jan 07 06:36:57 UTC 2020
3001 ms. Memory: 51200K Free: 32529K (64%)
ptolemy.util.test.WatchDog.cancel(): canceling Tue Jan 07 06:37:00 UTC 2020
auto.tcl: Setting watchdog for 200 seconds at Tue Jan 07 06:37:00 UTC 2020
3002 ms. Memory: 51200K Free: 31990K (62%)
ptolemy.util.test.WatchDog.cancel(): canceling Tue Jan 07 06:37:03 UTC 2020
------------------ testing $PTII/ptolemy/domains/de/test/auto/ThreadedComposite.xml
auto.tcl: Setting watchdog for 200 seconds at Tue Jan 07 06:37:03 UTC 2020
198 ms. Memory: 51200K Free: 13586K (27%)
ptolemy.util.test.WatchDog.cancel(): canceling Tue Jan 07 06:37:03 UTC 2020
auto.tcl: Setting watchdog for 200 seconds at Tue Jan 07 06:37:03 UTC 2020
153 ms. Memory: 51200K Free: 27974K (55%)
ptolemy.util.test.WatchDog.cancel(): canceling Tue Jan 07 06:37:03 UTC 2020
------------------ testing $PTII/ptolemy/domains/de/test/auto/Time.xml
auto.tcl: Setting watchdog for 200 seconds at Tue Jan 07 06:37:03 UTC 2020
525 ms. Memory: 51200K Free: 35725K (70%)
ptolemy.util.test.WatchDog.cancel(): canceling Tue Jan 07 06:37:04 UTC 2020
auto.tcl: Setting watchdog for 200 seconds at Tue Jan 07 06:37:04 UTC 2020
502 ms. Memory: 70656K Free: 30046K (43%)
ptolemy.util.test.WatchDog.cancel(): canceling Tue Jan 07 06:37:04 UTC 2020
------------------ testing $PTII/ptolemy/domains/de/test/auto/TimeDelayZeroDelay.xml
auto.tcl: Setting watchdog for 200 seconds at Tue Jan 07 06:37:04 UTC 2020
3 ms. Memory: 55296K Free: 36542K (66%)
ptolemy.util.test.WatchDog.cancel(): canceling Tue Jan 07 06:37:04 UTC 2020
auto.tcl: Setting watchdog for 200 seconds at Tue Jan 07 06:37:04 UTC 2020
2 ms. Memory: 55296K Free: 36043K (65%)
ptolemy.util.test.WatchDog.cancel(): canceling Tue Jan 07 06:37:04 UTC 2020
------------------ testing $PTII/ptolemy/domains/de/test/auto/TimerZeroDelay.xml
auto.tcl: Setting watchdog for 200 seconds at Tue Jan 07 06:37:04 UTC 2020
4 ms. Memory: 55296K Free: 36613K (66%)
ptolemy.util.test.WatchDog.cancel(): canceling Tue Jan 07 06:37:04 UTC 2020
auto.tcl: Setting watchdog for 200 seconds at Tue Jan 07 06:37:04 UTC 2020
2 ms. Memory: 55296K Free: 36085K (65%)
ptolemy.util.test.WatchDog.cancel(): canceling Tue Jan 07 06:37:04 UTC 2020
------------------ testing $PTII/ptolemy/domains/de/test/auto/TimingParadox.xml
auto.tcl: Setting watchdog for 200 seconds at Tue Jan 07 06:37:04 UTC 2020
313 ms. Memory: 55296K Free: 28247K (51%)
ptolemy.util.test.WatchDog.cancel(): canceling Tue Jan 07 06:37:05 UTC 2020
auto.tcl: Setting watchdog for 200 seconds at Tue Jan 07 06:37:05 UTC 2020
309 ms. Memory: 55296K Free: 21122K (38%)
ptolemy.util.test.WatchDog.cancel(): canceling Tue Jan 07 06:37:05 UTC 2020
------------------ testing $PTII/ptolemy/domains/de/test/auto/TransferInputs.xml
auto.tcl: Setting watchdog for 200 seconds at Tue Jan 07 06:37:05 UTC 2020
2 ms. Memory: 55296K Free: 35067K (63%)
ptolemy.util.test.WatchDog.cancel(): canceling Tue Jan 07 06:37:05 UTC 2020
auto.tcl: Setting watchdog for 200 seconds at Tue Jan 07 06:37:05 UTC 2020
2 ms. Memory: 55296K Free: 34090K (62%)
ptolemy.util.test.WatchDog.cancel(): canceling Tue Jan 07 06:37:05 UTC 2020
------------------ testing $PTII/ptolemy/domains/de/test/auto/TransferOutputs2.xml
auto.tcl: Setting watchdog for 200 seconds at Tue Jan 07 06:37:05 UTC 2020
3 ms. Memory: 51200K Free: 28399K (55%)
ptolemy.util.test.WatchDog.cancel(): canceling Tue Jan 07 06:37:05 UTC 2020
auto.tcl: Setting watchdog for 200 seconds at Tue Jan 07 06:37:05 UTC 2020
2 ms. Memory: 51200K Free: 26959K (53%)
ptolemy.util.test.WatchDog.cancel(): canceling Tue Jan 07 06:37:05 UTC 2020
------------------ testing $PTII/ptolemy/domains/de/test/auto/Trilateration.xml
auto.tcl: Setting watchdog for 200 seconds at Tue Jan 07 06:37:05 UTC 2020
13420 ms. Memory: 521216K Free: 342108K (66%)
ptolemy.util.test.WatchDog.cancel(): canceling Tue Jan 07 06:37:20 UTC 2020
auto.tcl: Setting watchdog for 200 seconds at Tue Jan 07 06:37:20 UTC 2020
9361 ms. Memory: 521216K Free: 483630K (93%)
ptolemy.util.test.WatchDog.cancel(): canceling Tue Jan 07 06:37:29 UTC 2020
------------------ testing $PTII/ptolemy/domains/de/test/auto/TwoSigmaDelta.xml
auto.tcl: Setting watchdog for 200 seconds at Tue Jan 07 06:37:29 UTC 2020
2216 ms. Memory: 89088K Free: 22420K (25%)
ptolemy.util.test.WatchDog.cancel(): canceling Tue Jan 07 06:37:32 UTC 2020
auto.tcl: Setting watchdog for 200 seconds at Tue Jan 07 06:37:32 UTC 2020
1916 ms. Memory: 89088K Free: 18872K (21%)
ptolemy.util.test.WatchDog.cancel(): canceling Tue Jan 07 06:37:34 UTC 2020
------------------ testing $PTII/ptolemy/domains/de/test/auto/VariableDelay.xml
auto.tcl: Setting watchdog for 200 seconds at Tue Jan 07 06:37:34 UTC 2020
2 ms. Memory: 55296K Free: 35530K (64%)
ptolemy.util.test.WatchDog.cancel(): canceling Tue Jan 07 06:37:34 UTC 2020
auto.tcl: Setting watchdog for 200 seconds at Tue Jan 07 06:37:34 UTC 2020
2 ms. Memory: 55296K Free: 34522K (62%)
ptolemy.util.test.WatchDog.cancel(): canceling Tue Jan 07 06:37:34 UTC 2020
------------------ testing $PTII/ptolemy/domains/de/test/auto/VariableDelay2.xml
auto.tcl: Setting watchdog for 200 seconds at Tue Jan 07 06:37:34 UTC 2020
2 ms. Memory: 55296K Free: 36124K (65%)
ptolemy.util.test.WatchDog.cancel(): canceling Tue Jan 07 06:37:34 UTC 2020
auto.tcl: Setting watchdog for 200 seconds at Tue Jan 07 06:37:34 UTC 2020
2 ms. Memory: 55296K Free: 35612K (64%)
ptolemy.util.test.WatchDog.cancel(): canceling Tue Jan 07 06:37:34 UTC 2020
------------------ testing $PTII/ptolemy/domains/de/test/auto/VariableDelayZeroDelay.xml
auto.tcl: Setting watchdog for 200 seconds at Tue Jan 07 06:37:34 UTC 2020
3 ms. Memory: 55296K Free: 36472K (66%)
ptolemy.util.test.WatchDog.cancel(): canceling Tue Jan 07 06:37:34 UTC 2020
auto.tcl: Setting watchdog for 200 seconds at Tue Jan 07 06:37:34 UTC 2020
3 ms. Memory: 55296K Free: 35944K (65%)
ptolemy.util.test.WatchDog.cancel(): canceling Tue Jan 07 06:37:34 UTC 2020
------------------ testing $PTII/ptolemy/domains/de/test/auto/VariableDelayZeroDelay2.xml
auto.tcl: Setting watchdog for 200 seconds at Tue Jan 07 06:37:34 UTC 2020
4 ms. Memory: 55296K Free: 36471K (66%)
ptolemy.util.test.WatchDog.cancel(): canceling Tue Jan 07 06:37:34 UTC 2020
auto.tcl: Setting watchdog for 200 seconds at Tue Jan 07 06:37:34 UTC 2020
3 ms. Memory: 55296K Free: 35447K (64%)
ptolemy.util.test.WatchDog.cancel(): canceling Tue Jan 07 06:37:34 UTC 2020
------------------ testing $PTII/ptolemy/domains/de/test/auto/deInCt.xml
auto.tcl: Setting watchdog for 200 seconds at Tue Jan 07 06:37:34 UTC 2020
0
1
1
1
1
0
0
0
1
1
0
0
0
1
1
1
0
0
0
1
1
0
0
0
1
1
1
0
0
0
0
0
0
1
1
1
0
0
0
1
1
1
1
14 ms. Memory: 55296K Free: 35445K (64%)
ptolemy.util.test.WatchDog.cancel(): canceling Tue Jan 07 06:37:34 UTC 2020
auto.tcl: Setting watchdog for 200 seconds at Tue Jan 07 06:37:34 UTC 2020
0
1
1
1
1
0
0
0
1
1
1
1
0
0
0
1
1
0
0
0
1
1
1
0
0
0
0
0
0
0
5 ms. Memory: 55296K Free: 33907K (61%)
ptolemy.util.test.WatchDog.cancel(): canceling Tue Jan 07 06:37:34 UTC 2020
------------------ testing $PTII/ptolemy/domains/de/test/auto/deInCt2.xml
auto.tcl: Setting watchdog for 200 seconds at Tue Jan 07 06:37:34 UTC 2020
0
1
1
1
0
0
1
1
1
0
0
1
1
1
0
0
1
1
1
0
0
1
1
1
0
0
1
1
1
0
0
1
1
1
0
0
1
1
1
0
0
0
8 ms. Memory: 51200K Free: 31351K (61%)
ptolemy.util.test.WatchDog.cancel(): canceling Tue Jan 07 06:37:34 UTC 2020
auto.tcl: Setting watchdog for 200 seconds at Tue Jan 07 06:37:34 UTC 2020
0
1
1
1
0
0
1
1
1
0
0
1
1
1
0
0
1
1
1
0
0
1
1
1
0
0
1
1
1
0
0
1
1
1
0
0
1
1
1
0
0
0
5 ms. Memory: 51200K Free: 29799K (58%)
ptolemy.util.test.WatchDog.cancel(): canceling Tue Jan 07 06:37:34 UTC 2020
------------------ testing $PTII/ptolemy/domains/de/test/auto/dynamicCausalityInterface1.xml
auto.tcl: Setting watchdog for 200 seconds at Tue Jan 07 06:37:34 UTC 2020
2 ms. Memory: 51200K Free: 27249K (53%)
ptolemy.util.test.WatchDog.cancel(): canceling Tue Jan 07 06:37:34 UTC 2020
auto.tcl: Setting watchdog for 200 seconds at Tue Jan 07 06:37:34 UTC 2020
1 ms. Memory: 51200K Free: 26721K (52%)
ptolemy.util.test.WatchDog.cancel(): canceling Tue Jan 07 06:37:34 UTC 2020
------------------ testing $PTII/ptolemy/domains/de/test/auto/fsm_de_test.xml
auto.tcl: Setting watchdog for 200 seconds at Tue Jan 07 06:37:34 UTC 2020
6 ms. Memory: 51200K Free: 27148K (53%)
ptolemy.util.test.WatchDog.cancel(): canceling Tue Jan 07 06:37:34 UTC 2020
auto.tcl: Setting watchdog for 200 seconds at Tue Jan 07 06:37:34 UTC 2020
6 ms. Memory: 51200K Free: 25100K (49%)
ptolemy.util.test.WatchDog.cancel(): canceling Tue Jan 07 06:37:34 UTC 2020
------------------ testing $PTII/ptolemy/domains/de/test/auto/functionDependencyReconstruction.xml
auto.tcl: Setting watchdog for 200 seconds at Tue Jan 07 06:37:34 UTC 2020
3 ms. Memory: 51200K Free: 20994K (41%)
ptolemy.util.test.WatchDog.cancel(): canceling Tue Jan 07 06:37:34 UTC 2020
auto.tcl: Setting watchdog for 200 seconds at Tue Jan 07 06:37:34 UTC 2020
3 ms. Memory: 51200K Free: 18946K (37%)
ptolemy.util.test.WatchDog.cancel(): canceling Tue Jan 07 06:37:34 UTC 2020
------------------ testing $PTII/ptolemy/domains/de/test/auto/multirate.xml
auto.tcl: Setting watchdog for 200 seconds at Tue Jan 07 06:37:34 UTC 2020
3 ms. Memory: 51200K Free: 29564K (58%)
ptolemy.util.test.WatchDog.cancel(): canceling Tue Jan 07 06:37:34 UTC 2020
auto.tcl: Setting watchdog for 200 seconds at Tue Jan 07 06:37:34 UTC 2020
3 ms. Memory: 51200K Free: 28044K (55%)
ptolemy.util.test.WatchDog.cancel(): canceling Tue Jan 07 06:37:34 UTC 2020
------------------ testing $PTII/ptolemy/domains/de/test/auto/multirate2.xml
auto.tcl: Setting watchdog for 200 seconds at Tue Jan 07 06:37:34 UTC 2020
6 ms. Memory: 51200K Free: 29954K (59%)
ptolemy.util.test.WatchDog.cancel(): canceling Tue Jan 07 06:37:34 UTC 2020
auto.tcl: Setting watchdog for 200 seconds at Tue Jan 07 06:37:34 UTC 2020
3 ms. Memory: 51200K Free: 28225K (55%)
ptolemy.util.test.WatchDog.cancel(): canceling Tue Jan 07 06:37:34 UTC 2020
------------------ testing $PTII/ptolemy/domains/de/test/auto/realtime.xml
auto.tcl: Setting watchdog for 200 seconds at Tue Jan 07 06:37:34 UTC 2020
10001 ms. Memory: 51200K Free: 31895K (62%)
ptolemy.util.test.WatchDog.cancel(): canceling Tue Jan 07 06:37:44 UTC 2020
auto.tcl: Setting watchdog for 200 seconds at Tue Jan 07 06:37:44 UTC 2020
10001 ms. Memory: 51200K Free: 31383K (61%)
ptolemy.util.test.WatchDog.cancel(): canceling Tue Jan 07 06:37:54 UTC 2020
------------------ testing $PTII/ptolemy/domains/de/test/auto/relationGroup.xml
auto.tcl: Setting watchdog for 200 seconds at Tue Jan 07 06:37:55 UTC 2020
1 ms. Memory: 51200K Free: 33110K (65%)
ptolemy.util.test.WatchDog.cancel(): canceling Tue Jan 07 06:37:55 UTC 2020
auto.tcl: Setting watchdog for 200 seconds at Tue Jan 07 06:37:55 UTC 2020
1 ms. Memory: 51200K Free: 32590K (64%)
ptolemy.util.test.WatchDog.cancel(): canceling Tue Jan 07 06:37:55 UTC 2020
------------------ testing $PTII/ptolemy/domains/de/test/auto/relationGroup2.xml
auto.tcl: Setting watchdog for 200 seconds at Tue Jan 07 06:37:55 UTC 2020
1 ms. Memory: 51200K Free: 33135K (65%)
ptolemy.util.test.WatchDog.cancel(): canceling Tue Jan 07 06:37:55 UTC 2020
auto.tcl: Setting watchdog for 200 seconds at Tue Jan 07 06:37:55 UTC 2020
1 ms. Memory: 51200K Free: 32600K (64%)
ptolemy.util.test.WatchDog.cancel(): canceling Tue Jan 07 06:37:55 UTC 2020
------------------ testing $PTII/ptolemy/domains/de/test/auto/sortWithOpaquePorts.xml
auto.tcl: Setting watchdog for 200 seconds at Tue Jan 07 06:37:55 UTC 2020
1 ms. Memory: 51200K Free: 32401K (63%)
ptolemy.util.test.WatchDog.cancel(): canceling Tue Jan 07 06:37:55 UTC 2020
auto.tcl: Setting watchdog for 200 seconds at Tue Jan 07 06:37:55 UTC 2020
2 ms. Memory: 51200K Free: 30872K (60%)
ptolemy.util.test.WatchDog.cancel(): canceling Tue Jan 07 06:37:55 UTC 2020
------------------ testing $PTII/ptolemy/domains/de/test/auto/transferInputsandOutputs.xml
auto.tcl: Setting watchdog for 200 seconds at Tue Jan 07 06:37:55 UTC 2020
3 ms. Memory: 51200K Free: 29317K (57%)
ptolemy.util.test.WatchDog.cancel(): canceling Tue Jan 07 06:37:55 UTC 2020
auto.tcl: Setting watchdog for 200 seconds at Tue Jan 07 06:37:55 UTC 2020
2 ms. Memory: 51200K Free: 28293K (55%)
ptolemy.util.test.WatchDog.cancel(): canceling Tue Jan 07 06:37:55 UTC 2020
------------------ testing $PTII/ptolemy/domains/de/test/auto/triggerType.xml
auto.tcl: Setting watchdog for 200 seconds at Tue Jan 07 06:37:55 UTC 2020
2 ms. Memory: 51200K Free: 32342K (63%)
ptolemy.util.test.WatchDog.cancel(): canceling Tue Jan 07 06:37:55 UTC 2020
auto.tcl: Setting watchdog for 200 seconds at Tue Jan 07 06:37:55 UTC 2020
1 ms. Memory: 51200K Free: 31324K (61%)
ptolemy.util.test.WatchDog.cancel(): canceling Tue Jan 07 06:37:55 UTC 2020
01/07/20 06:37:55
Failed: 0  Total Tests: 192  ((Passed: 187, Newly Passed: 1)  Known Failed: 5) /home/travis/build/icyphy/ptII/ptolemy/domains/de/test
01/07/20 06:37:55
Failed: 0  Total Tests: 192  ((Passed: 187, Newly Passed: 1)  Known Failed: 5) /home/travis/build/icyphy/ptII/ptolemy/domains/de/test
----------------- testing (KnownFailure) /home/travis/build/icyphy/ptII/ptolemy/domains/de/test/auto/knownFailedTests/DESDFClockTest.xml
2017 ms. Memory: 51200K Free: 25737K (50%)
Known Failure: java.lang.reflect.InvocationTargetException
----------------- testing (KnownFailure) /home/travis/build/icyphy/ptII/ptolemy/domains/de/test/auto/knownFailedTests/DirectFeedback.xml
1 ms. Memory: 51200K Free: 22155K (43%)
Known Failure: java.lang.reflect.InvocationTargetException
----------------- testing (KnownFailure) /home/travis/build/icyphy/ptII/ptolemy/domains/de/test/auto/knownFailedTests/FSMSource.xml
7 ms. Memory: 51200K Free: 14987K (29%)
----------------- testing (KnownFailure) /home/travis/build/icyphy/ptII/ptolemy/domains/de/test/auto/knownFailedTests/HierarchicalModel.xml
3 ms. Memory: 51200K Free: 27139K (53%)
Known Failure: java.lang.reflect.InvocationTargetException
----------------- testing (KnownFailure) /home/travis/build/icyphy/ptII/ptolemy/domains/de/test/auto/knownFailedTests/dependencyLoop.xml
2 ms. Memory: 51200K Free: 12165K (24%)
Known Failure: java.lang.reflect.InvocationTargetException
----------------- testing (KnownFailure) /home/travis/build/icyphy/ptII/ptolemy/domains/de/test/auto/knownFailedTests/dependencyLoop2.xml
3 ms. Memory: 51200K Free: 24904K (49%)
Known Failure: java.lang.reflect.InvocationTargetException
No auto/linux-amd64/*.xml tests in /home/travis/build/icyphy/ptII/ptolemy/domains/de/test
AutoTests.java: About to close Vertx.
AutoTests.java: Vertx closed.

===========================================================================================
----------------- testing Tue Jan 07 06:37:57 UTC 2020 /home/travis/build/icyphy/ptII/ptolemy/domains/de/test/auto/ActorDepthCalculation_actorWithoutPorts.xml
----------------- Instantiating /home/travis/build/icyphy/ptII/ptolemy/domains/de/test/auto/ActorDepthCalculation_actorWithoutPorts.xml
2 ms. Memory: 51200K Free: 18305K (36%)
----------------- Invoking toplevel() on ptolemy.moml.MoMLSimpleApplication@436c13d1
----------------- Done invoking toplevel() on ptolemy.moml.MoMLSimpleApplication@436c13d1
reloadAllAccessors: .ActorDepthCalculation_actorWithoutPorts

===========================================================================================
----------------- testing Tue Jan 07 06:37:57 UTC 2020 /home/travis/build/icyphy/ptII/ptolemy/domains/de/test/auto/AssemblyLine.xml
----------------- Instantiating /home/travis/build/icyphy/ptII/ptolemy/domains/de/test/auto/AssemblyLine.xml
3 ms. Memory: 51200K Free: 11175K (22%)
----------------- Invoking toplevel() on ptolemy.moml.MoMLSimpleApplication@5bf88bff
----------------- Done invoking toplevel() on ptolemy.moml.MoMLSimpleApplication@5bf88bff
reloadAllAccessors: .AssemblyLine

===========================================================================================
----------------- testing Tue Jan 07 06:37:57 UTC 2020 /home/travis/build/icyphy/ptII/ptolemy/domains/de/test/auto/CQBug1.xml
----------------- Instantiating /home/travis/build/icyphy/ptII/ptolemy/domains/de/test/auto/CQBug1.xml
1 ms. Memory: 51200K Free: 8382K (16%)
----------------- Invoking toplevel() on ptolemy.moml.MoMLSimpleApplication@2b26ff2e
----------------- Done invoking toplevel() on ptolemy.moml.MoMLSimpleApplication@2b26ff2e
reloadAllAccessors: .CQBug1

===========================================================================================
----------------- testing Tue Jan 07 06:37:57 UTC 2020 /home/travis/build/icyphy/ptII/ptolemy/domains/de/test/auto/CancelFireAt.xml
----------------- Instantiating /home/travis/build/icyphy/ptII/ptolemy/domains/de/test/auto/CancelFireAt.xml
8 ms. Memory: 51200K Free: 34020K (66%)
----------------- Invoking toplevel() on ptolemy.moml.MoMLSimpleApplication@29cb5db0
----------------- Done invoking toplevel() on ptolemy.moml.MoMLSimpleApplication@29cb5db0
reloadAllAccessors: .CancelFireAt

===========================================================================================
----------------- testing Tue Jan 07 06:37:57 UTC 2020 /home/travis/build/icyphy/ptII/ptolemy/domains/de/test/auto/CausalityAndComposabilityAnalysis.xml
----------------- Instantiating /home/travis/build/icyphy/ptII/ptolemy/domains/de/test/auto/CausalityAndComposabilityAnalysis.xml
1 ms. Memory: 51200K Free: 29670K (58%)
----------------- Invoking toplevel() on ptolemy.moml.MoMLSimpleApplication@3a494473
----------------- Done invoking toplevel() on ptolemy.moml.MoMLSimpleApplication@3a494473
reloadAllAccessors: .CausalityAndComposabilityAnalysis

===========================================================================================
----------------- testing Tue Jan 07 06:37:57 UTC 2020 /home/travis/build/icyphy/ptII/ptolemy/domains/de/test/auto/CausalityInterface1.xml
----------------- Instantiating /home/travis/build/icyphy/ptII/ptolemy/domains/de/test/auto/CausalityInterface1.xml
5 ms. Memory: 51200K Free: 24528K (48%)
----------------- Invoking toplevel() on ptolemy.moml.MoMLSimpleApplication@19fcb602
----------------- Done invoking toplevel() on ptolemy.moml.MoMLSimpleApplication@19fcb602
reloadAllAccessors: .CausalityInterface1

===========================================================================================
----------------- testing Tue Jan 07 06:37:57 UTC 2020 /home/travis/build/icyphy/ptII/ptolemy/domains/de/test/auto/CausalityInterface15.xml
----------------- Instantiating /home/travis/build/icyphy/ptII/ptolemy/domains/de/test/auto/CausalityInterface15.xml
2 ms. Memory: 51200K Free: 19105K (37%)
----------------- Invoking toplevel() on ptolemy.moml.MoMLSimpleApplication@570d6383
----------------- Done invoking toplevel() on ptolemy.moml.MoMLSimpleApplication@570d6383
reloadAllAccessors: .CausalityInterface15

===========================================================================================
----------------- testing Tue Jan 07 06:37:57 UTC 2020 /home/travis/build/icyphy/ptII/ptolemy/domains/de/test/auto/CausalityInterface2.xml
----------------- Instantiating /home/travis/build/icyphy/ptII/ptolemy/domains/de/test/auto/CausalityInterface2.xml
2 ms. Memory: 51200K Free: 14565K (28%)
[...]
	at ptolemy.actor.Manager.run(Manager.java:1263)
	at ptolemy.actor.Manager$PtolemyRunThread.run(Manager.java:1933)
java.lang.RuntimeException: Execution failed
	at ptolemy.moml.MoMLSimpleApplication$UnloadThread.run(MoMLSimpleApplication.java:402)
Caused by: ptolemy.kernel.util.IllegalActionException: Actor is not ready to fire.  Perhaps UpSample.prefire() returned false? Try debugging the actor by selecting "Listen to Actor".  Also, for SDF check moml for tokenConsumptionRate on input.
  in .DESDFClockTest.Play Bell.Copy1:SDF Director and .DESDFClockTest.Play Bell.UpSample
	at ptolemy.actor.sched.StaticSchedulingDirector.fire(StaticSchedulingDirector.java:227)
	at ptolemy.domains.sdf.kernel.SDFDirector.fire(SDFDirector.java:500)
	at ptolemy.actor.CompositeActor.fire(CompositeActor.java:455)
	at ptolemy.domains.de.kernel.DEDirector._fire(DEDirector.java:1949)
	at ptolemy.domains.de.kernel.DEDirector.fire(DEDirector.java:502)
	at ptolemy.actor.CompositeActor.fire(CompositeActor.java:455)
	at ptolemy.actor.Manager.iterate(Manager.java:851)
	at ptolemy.actor.Manager.execute(Manager.java:369)
	at ptolemy.actor.Manager.run(Manager.java:1263)
	at ptolemy.actor.Manager$PtolemyRunThread.run(Manager.java:1933)
java.lang.reflect.InvocationTargetException
	at java.base/jdk.internal.reflect.NativeConstructorAccessorImpl.newInstance0(Native Method)
	at java.base/jdk.internal.reflect.NativeConstructorAccessorImpl.newInstance(NativeConstructorAccessorImpl.java:62)
	at java.base/jdk.internal.reflect.DelegatingConstructorAccessorImpl.newInstance(DelegatingConstructorAccessorImpl.java:45)
	at java.base/java.lang.reflect.Constructor.newInstance(Constructor.java:490)
	at ptolemy.util.test.junit.AutoKnownFailedTests.RunModel(AutoKnownFailedTests.java:105)
	at java.base/jdk.internal.reflect.NativeMethodAccessorImpl.invoke0(Native Method)
	at java.base/jdk.internal.reflect.NativeMethodAccessorImpl.invoke(NativeMethodAccessorImpl.java:62)
	at java.base/jdk.internal.reflect.DelegatingMethodAccessorImpl.invoke(DelegatingMethodAccessorImpl.java:43)
	at java.base/java.lang.reflect.Method.invoke(Method.java:566)
	at org.junit.runners.model.FrameworkMethod$1.runReflectiveCall(FrameworkMethod.java:44)
	at org.junit.internal.runners.model.ReflectiveCallable.run(ReflectiveCallable.java:15)
	at org.junit.runners.model.FrameworkMethod.invokeExplosively(FrameworkMethod.java:41)
	at junitparams.internal.InvokeParameterisedMethod.evaluate(InvokeParameterisedMethod.java:102)
	at org.junit.internal.runners.statements.FailOnTimeout$1.run(FailOnTimeout.java:28)
Caused by: ptolemy.kernel.util.IllegalActionException: Actor is not ready to fire.  Perhaps UpSample.prefire() returned false? Try debugging the actor by selecting "Listen to Actor".  Also, for SDF check moml for tokenConsumptionRate on input.
  in .DESDFClockTest.Play Bell.Copy1:SDF Director and .DESDFClockTest.Play Bell.UpSample
	at ptolemy.actor.sched.StaticSchedulingDirector.fire(StaticSchedulingDirector.java:227)
	at ptolemy.domains.sdf.kernel.SDFDirector.fire(SDFDirector.java:500)
	at ptolemy.actor.CompositeActor.fire(CompositeActor.java:455)
	at ptolemy.domains.de.kernel.DEDirector._fire(DEDirector.java:1949)
	at ptolemy.domains.de.kernel.DEDirector.fire(DEDirector.java:502)
	at ptolemy.actor.CompositeActor.fire(CompositeActor.java:455)
	at ptolemy.actor.Manager.iterate(Manager.java:851)
	at ptolemy.actor.Manager.execute(Manager.java:369)
	at ptolemy.actor.Manager.run(Manager.java:1263)
	at ptolemy.actor.Manager$PtolemyRunThread.run(Manager.java:1933)
java.lang.RuntimeException: Execution failed
	at ptolemy.moml.MoMLSimpleApplication$UnloadThread.run(MoMLSimpleApplication.java:402)
Caused by: ptolemy.kernel.util.IllegalActionException: Test fails in iteration 1.
Value was: 1.0. Should have been: 2.0
  in .DirectFeedback.Test
	at ptolemy.actor.lib.Test.fire(Test.java:268)
	at ptolemy.domains.de.kernel.DEDirector._fire(DEDirector.java:1949)
	at ptolemy.domains.de.kernel.DEDirector.fire(DEDirector.java:502)
	at ptolemy.actor.CompositeActor.fire(CompositeActor.java:455)
	at ptolemy.actor.Manager.iterate(Manager.java:851)
	at ptolemy.actor.Manager.execute(Manager.java:369)
	at ptolemy.actor.Manager.run(Manager.java:1263)
	at ptolemy.actor.Manager$PtolemyRunThread.run(Manager.java:1933)
java.lang.reflect.InvocationTargetException
	at java.base/jdk.internal.reflect.NativeConstructorAccessorImpl.newInstance0(Native Method)
	at java.base/jdk.internal.reflect.NativeConstructorAccessorImpl.newInstance(NativeConstructorAccessorImpl.java:62)
	at java.base/jdk.internal.reflect.DelegatingConstructorAccessorImpl.newInstance(DelegatingConstructorAccessorImpl.java:45)
	at java.base/java.lang.reflect.Constructor.newInstance(Constructor.java:490)
	at ptolemy.util.test.junit.AutoKnownFailedTests.RunModel(AutoKnownFailedTests.java:105)
	at java.base/jdk.internal.reflect.NativeMethodAccessorImpl.invoke0(Native Method)
	at java.base/jdk.internal.reflect.NativeMethodAccessorImpl.invoke(NativeMethodAccessorImpl.java:62)
	at java.base/jdk.internal.reflect.DelegatingMethodAccessorImpl.invoke(DelegatingMethodAccessorImpl.java:43)
	at java.base/java.lang.reflect.Method.invoke(Method.java:566)
	at org.junit.runners.model.FrameworkMethod$1.runReflectiveCall(FrameworkMethod.java:44)
	at org.junit.internal.runners.model.ReflectiveCallable.run(ReflectiveCallable.java:15)
	at org.junit.runners.model.FrameworkMethod.invokeExplosively(FrameworkMethod.java:41)
	at junitparams.internal.InvokeParameterisedMethod.evaluate(InvokeParameterisedMethod.java:102)
	at org.junit.internal.runners.statements.FailOnTimeout$1.run(FailOnTimeout.java:28)
Caused by: ptolemy.kernel.util.IllegalActionException: Test fails in iteration 1.
Value was: 1.0. Should have been: 2.0
  in .DirectFeedback.Test
	at ptolemy.actor.lib.Test.fire(Test.java:268)
	at ptolemy.domains.de.kernel.DEDirector._fire(DEDirector.java:1949)
	at ptolemy.domains.de.kernel.DEDirector.fire(DEDirector.java:502)
	at ptolemy.actor.CompositeActor.fire(CompositeActor.java:455)
	at ptolemy.actor.Manager.iterate(Manager.java:851)
	at ptolemy.actor.Manager.execute(Manager.java:369)
	at ptolemy.actor.Manager.run(Manager.java:1263)
	at ptolemy.actor.Manager$PtolemyRunThread.run(Manager.java:1933)
java.lang.RuntimeException: Execution failed
	at ptolemy.moml.MoMLSimpleApplication$UnloadThread.run(MoMLSimpleApplication.java:402)
Caused by: ptolemy.kernel.util.IllegalActionException: Found a zero delay loop containing .HierarchicalModel.A
  in .HierarchicalModel and .HierarchicalModel.A
	at ptolemy.actor.util.CausalityInterfaceForComposites._computeOutputPortDepth(CausalityInterfaceForComposites.java:759)
	at ptolemy.actor.util.CausalityInterfaceForComposites._computeInputDepth(CausalityInterfaceForComposites.java:696)
	at ptolemy.actor.util.CausalityInterfaceForComposites._computeOutputPortDepth(CausalityInterfaceForComposites.java:765)
	at ptolemy.actor.util.CausalityInterfaceForComposites._computeInputDepth(CausalityInterfaceForComposites.java:696)
	at ptolemy.actor.util.CausalityInterfaceForComposites._computeOutputPortDepth(CausalityInterfaceForComposites.java:765)
	at ptolemy.actor.util.CausalityInterfaceForComposites._computeInputDepth(CausalityInterfaceForComposites.java:696)
	at ptolemy.actor.util.CausalityInterfaceForComposites._computeActorDepth(CausalityInterfaceForComposites.java:532)
	at ptolemy.actor.util.CausalityInterfaceForComposites.checkForCycles(CausalityInterfaceForComposites.java:96)
	at ptolemy.domains.de.kernel.DEDirector.preinitialize(DEDirector.java:1338)
	at ptolemy.actor.CompositeActor.preinitialize(CompositeActor.java:1828)
	at ptolemy.actor.Manager.preinitializeAndResolveTypes(Manager.java:1040)
	at ptolemy.actor.Manager.initialize(Manager.java:710)
	at ptolemy.actor.Manager.execute(Manager.java:356)
	at ptolemy.actor.Manager.run(Manager.java:1263)
	at ptolemy.actor.Manager$PtolemyRunThread.run(Manager.java:1933)
java.lang.reflect.InvocationTargetException
	at java.base/jdk.internal.reflect.NativeConstructorAccessorImpl.newInstance0(Native Method)
	at java.base/jdk.internal.reflect.NativeConstructorAccessorImpl.newInstance(NativeConstructorAccessorImpl.java:62)
	at java.base/jdk.internal.reflect.DelegatingConstructorAccessorImpl.newInstance(DelegatingConstructorAccessorImpl.java:45)
	at java.base/java.lang.reflect.Constructor.newInstance(Constructor.java:490)
	at ptolemy.util.test.junit.AutoKnownFailedTests.RunModel(AutoKnownFailedTests.java:105)
	at java.base/jdk.internal.reflect.NativeMethodAccessorImpl.invoke0(Native Method)
	at java.base/jdk.internal.reflect.NativeMethodAccessorImpl.invoke(NativeMethodAccessorImpl.java:62)
	at java.base/jdk.internal.reflect.DelegatingMethodAccessorImpl.invoke(DelegatingMethodAccessorImpl.java:43)
	at java.base/java.lang.reflect.Method.invoke(Method.java:566)
	at org.junit.runners.model.FrameworkMethod$1.runReflectiveCall(FrameworkMethod.java:44)
	at org.junit.internal.runners.model.ReflectiveCallable.run(ReflectiveCallable.java:15)
	at org.junit.runners.model.FrameworkMethod.invokeExplosively(FrameworkMethod.java:41)
	at junitparams.internal.InvokeParameterisedMethod.evaluate(InvokeParameterisedMethod.java:102)
	at org.junit.internal.runners.statements.FailOnTimeout$1.run(FailOnTimeout.java:28)
Caused by: ptolemy.kernel.util.IllegalActionException: Found a zero delay loop containing .HierarchicalModel.A
  in .HierarchicalModel and .HierarchicalModel.A
	at ptolemy.actor.util.CausalityInterfaceForComposites._computeOutputPortDepth(CausalityInterfaceForComposites.java:759)
	at ptolemy.actor.util.CausalityInterfaceForComposites._computeInputDepth(CausalityInterfaceForComposites.java:696)
	at ptolemy.actor.util.CausalityInterfaceForComposites._computeOutputPortDepth(CausalityInterfaceForComposites.java:765)
	at ptolemy.actor.util.CausalityInterfaceForComposites._computeInputDepth(CausalityInterfaceForComposites.java:696)
	at ptolemy.actor.util.CausalityInterfaceForComposites._computeOutputPortDepth(CausalityInterfaceForComposites.java:765)
	at ptolemy.actor.util.CausalityInterfaceForComposites._computeInputDepth(CausalityInterfaceForComposites.java:696)
	at ptolemy.actor.util.CausalityInterfaceForComposites._computeActorDepth(CausalityInterfaceForComposites.java:532)
	at ptolemy.actor.util.CausalityInterfaceForComposites.checkForCycles(CausalityInterfaceForComposites.java:96)
	at ptolemy.domains.de.kernel.DEDirector.preinitialize(DEDirector.java:1338)
	at ptolemy.actor.CompositeActor.preinitialize(CompositeActor.java:1828)
	at ptolemy.actor.Manager.preinitializeAndResolveTypes(Manager.java:1040)
	at ptolemy.actor.Manager.initialize(Manager.java:710)
	at ptolemy.actor.Manager.execute(Manager.java:356)
	at ptolemy.actor.Manager.run(Manager.java:1263)
	at ptolemy.actor.Manager$PtolemyRunThread.run(Manager.java:1933)
java.lang.RuntimeException: Execution failed
	at ptolemy.moml.MoMLSimpleApplication$UnloadThread.run(MoMLSimpleApplication.java:402)
Caused by: ptolemy.kernel.util.IllegalActionException: Found a zero delay loop containing .dependencyLoop.original
  in .dependencyLoop and .dependencyLoop.original
	at ptolemy.actor.util.CausalityInterfaceForComposites._computeOutputPortDepth(CausalityInterfaceForComposites.java:759)
	at ptolemy.actor.util.CausalityInterfaceForComposites._computeInputDepth(CausalityInterfaceForComposites.java:696)
	at ptolemy.actor.util.CausalityInterfaceForComposites._computeOutputPortDepth(CausalityInterfaceForComposites.java:765)
	at ptolemy.actor.util.CausalityInterfaceForComposites._computeInputDepth(CausalityInterfaceForComposites.java:696)
	at ptolemy.actor.util.CausalityInterfaceForComposites._computeOutputPortDepth(CausalityInterfaceForComposites.java:765)
	at ptolemy.actor.util.CausalityInterfaceForComposites._computeInputDepth(CausalityInterfaceForComposites.java:696)
	at ptolemy.actor.util.CausalityInterfaceForComposites._computeActorDepth(CausalityInterfaceForComposites.java:532)
	at ptolemy.actor.util.CausalityInterfaceForComposites.checkForCycles(CausalityInterfaceForComposites.java:96)
	at ptolemy.domains.de.kernel.DEDirector.preinitialize(DEDirector.java:1338)
	at ptolemy.actor.CompositeActor.preinitialize(CompositeActor.java:1828)
	at ptolemy.actor.Manager.preinitializeAndResolveTypes(Manager.java:1040)
	at ptolemy.actor.Manager.initialize(Manager.java:710)
	at ptolemy.actor.Manager.execute(Manager.java:356)
	at ptolemy.actor.Manager.run(Manager.java:1263)
	at ptolemy.actor.Manager$PtolemyRunThread.run(Manager.java:1933)
java.lang.reflect.InvocationTargetException
	at java.base/jdk.internal.reflect.NativeConstructorAccessorImpl.newInstance0(Native Method)
	at java.base/jdk.internal.reflect.NativeConstructorAccessorImpl.newInstance(NativeConstructorAccessorImpl.java:62)
	at java.base/jdk.internal.reflect.DelegatingConstructorAccessorImpl.newInstance(DelegatingConstructorAccessorImpl.java:45)
	at java.base/java.lang.reflect.Constructor.newInstance(Constructor.java:490)
	at ptolemy.util.test.junit.AutoKnownFailedTests.RunModel(AutoKnownFailedTests.java:105)
	at java.base/jdk.internal.reflect.NativeMethodAccessorImpl.invoke0(Native Method)
	at java.base/jdk.internal.reflect.NativeMethodAccessorImpl.invoke(NativeMethodAccessorImpl.java:62)
	at java.base/jdk.internal.reflect.DelegatingMethodAccessorImpl.invoke(DelegatingMethodAccessorImpl.java:43)
	at java.base/java.lang.reflect.Method.invoke(Method.java:566)
	at org.junit.runners.model.FrameworkMethod$1.runReflectiveCall(FrameworkMethod.java:44)
	at org.junit.internal.runners.model.ReflectiveCallable.run(ReflectiveCallable.java:15)
	at org.junit.runners.model.FrameworkMethod.invokeExplosively(FrameworkMethod.java:41)
	at junitparams.internal.InvokeParameterisedMethod.evaluate(InvokeParameterisedMethod.java:102)
	at org.junit.internal.runners.statements.FailOnTimeout$1.run(FailOnTimeout.java:28)
Caused by: ptolemy.kernel.util.IllegalActionException: Found a zero delay loop containing .dependencyLoop.original
  in .dependencyLoop and .dependencyLoop.original
	at ptolemy.actor.util.CausalityInterfaceForComposites._computeOutputPortDepth(CausalityInterfaceForComposites.java:759)
	at ptolemy.actor.util.CausalityInterfaceForComposites._computeInputDepth(CausalityInterfaceForComposites.java:696)
	at ptolemy.actor.util.CausalityInterfaceForComposites._computeOutputPortDepth(CausalityInterfaceForComposites.java:765)
	at ptolemy.actor.util.CausalityInterfaceForComposites._computeInputDepth(CausalityInterfaceForComposites.java:696)
	at ptolemy.actor.util.CausalityInterfaceForComposites._computeOutputPortDepth(CausalityInterfaceForComposites.java:765)
	at ptolemy.actor.util.CausalityInterfaceForComposites._computeInputDepth(CausalityInterfaceForComposites.java:696)
	at ptolemy.actor.util.CausalityInterfaceForComposites._computeActorDepth(CausalityInterfaceForComposites.java:532)
	at ptolemy.actor.util.CausalityInterfaceForComposites.checkForCycles(CausalityInterfaceForComposites.java:96)
	at ptolemy.domains.de.kernel.DEDirector.preinitialize(DEDirector.java:1338)
	at ptolemy.actor.CompositeActor.preinitialize(CompositeActor.java:1828)
	at ptolemy.actor.Manager.preinitializeAndResolveTypes(Manager.java:1040)
	at ptolemy.actor.Manager.initialize(Manager.java:710)
	at ptolemy.actor.Manager.execute(Manager.java:356)
	at ptolemy.actor.Manager.run(Manager.java:1263)
	at ptolemy.actor.Manager$PtolemyRunThread.run(Manager.java:1933)
java.lang.RuntimeException: Execution failed
	at ptolemy.moml.MoMLSimpleApplication$UnloadThread.run(MoMLSimpleApplication.java:402)
Caused by: ptolemy.kernel.util.IllegalActionException: Found a zero delay loop containing .dependencyLoop2.original
  in .dependencyLoop2 and .dependencyLoop2.original
	at ptolemy.actor.util.CausalityInterfaceForComposites._computeOutputPortDepth(CausalityInterfaceForComposites.java:759)
	at ptolemy.actor.util.CausalityInterfaceForComposites._computeInputDepth(CausalityInterfaceForComposites.java:696)
	at ptolemy.actor.util.CausalityInterfaceForComposites._computeOutputPortDepth(CausalityInterfaceForComposites.java:765)
	at ptolemy.actor.util.CausalityInterfaceForComposites._computeInputDepth(CausalityInterfaceForComposites.java:696)
	at ptolemy.actor.util.CausalityInterfaceForComposites._computeOutputPortDepth(CausalityInterfaceForComposites.java:765)
	at ptolemy.actor.util.CausalityInterfaceForComposites._computeInputDepth(CausalityInterfaceForComposites.java:696)
	at ptolemy.actor.util.CausalityInterfaceForComposites._computeActorDepth(CausalityInterfaceForComposites.java:532)
	at ptolemy.actor.util.CausalityInterfaceForComposites.checkForCycles(CausalityInterfaceForComposites.java:96)
	at ptolemy.domains.de.kernel.DEDirector.preinitialize(DEDirector.java:1338)
	at ptolemy.actor.CompositeActor.preinitialize(CompositeActor.java:1828)
	at ptolemy.actor.Manager.preinitializeAndResolveTypes(Manager.java:1040)
	at ptolemy.actor.Manager.initialize(Manager.java:710)
	at ptolemy.actor.Manager.execute(Manager.java:356)
	at ptolemy.actor.Manager.run(Manager.java:1263)
	at ptolemy.actor.Manager$PtolemyRunThread.run(Manager.java:1933)
java.lang.reflect.InvocationTargetException
	at java.base/jdk.internal.reflect.NativeConstructorAccessorImpl.newInstance0(Native Method)
	at java.base/jdk.internal.reflect.NativeConstructorAccessorImpl.newInstance(NativeConstructorAccessorImpl.java:62)
	at java.base/jdk.internal.reflect.DelegatingConstructorAccessorImpl.newInstance(DelegatingConstructorAccessorImpl.java:45)
	at java.base/java.lang.reflect.Constructor.newInstance(Constructor.java:490)
	at ptolemy.util.test.junit.AutoKnownFailedTests.RunModel(AutoKnownFailedTests.java:105)
	at java.base/jdk.internal.reflect.NativeMethodAccessorImpl.invoke0(Native Method)
	at java.base/jdk.internal.reflect.NativeMethodAccessorImpl.invoke(NativeMethodAccessorImpl.java:62)
	at java.base/jdk.internal.reflect.DelegatingMethodAccessorImpl.invoke(DelegatingMethodAccessorImpl.java:43)
	at java.base/java.lang.reflect.Method.invoke(Method.java:566)
	at org.junit.runners.model.FrameworkMethod$1.runReflectiveCall(FrameworkMethod.java:44)
	at org.junit.internal.runners.model.ReflectiveCallable.run(ReflectiveCallable.java:15)
	at org.junit.runners.model.FrameworkMethod.invokeExplosively(FrameworkMethod.java:41)
	at junitparams.internal.InvokeParameterisedMethod.evaluate(InvokeParameterisedMethod.java:102)
	at org.junit.internal.runners.statements.FailOnTimeout$1.run(FailOnTimeout.java:28)
Caused by: ptolemy.kernel.util.IllegalActionException: Found a zero delay loop containing .dependencyLoop2.original
  in .dependencyLoop2 and .dependencyLoop2.original
	at ptolemy.actor.util.CausalityInterfaceForComposites._computeOutputPortDepth(CausalityInterfaceForComposites.java:759)
	at ptolemy.actor.util.CausalityInterfaceForComposites._computeInputDepth(CausalityInterfaceForComposites.java:696)
	at ptolemy.actor.util.CausalityInterfaceForComposites._computeOutputPortDepth(CausalityInterfaceForComposites.java:765)
	at ptolemy.actor.util.CausalityInterfaceForComposites._computeInputDepth(CausalityInterfaceForComposites.java:696)
	at ptolemy.actor.util.CausalityInterfaceForComposites._computeOutputPortDepth(CausalityInterfaceForComposites.java:765)
	at ptolemy.actor.util.CausalityInterfaceForComposites._computeInputDepth(CausalityInterfaceForComposites.java:696)
	at ptolemy.actor.util.CausalityInterfaceForComposites._computeActorDepth(CausalityInterfaceForComposites.java:532)
	at ptolemy.actor.util.CausalityInterfaceForComposites.checkForCycles(CausalityInterfaceForComposites.java:96)
	at ptolemy.domains.de.kernel.DEDirector.preinitialize(DEDirector.java:1338)
	at ptolemy.actor.CompositeActor.preinitialize(CompositeActor.java:1828)
	at ptolemy.actor.Manager.preinitializeAndResolveTypes(Manager.java:1040)
	at ptolemy.actor.Manager.initialize(Manager.java:710)
	at ptolemy.actor.Manager.execute(Manager.java:356)
	at ptolemy.actor.Manager.run(Manager.java:1263)
	at ptolemy.actor.Manager$PtolemyRunThread.run(Manager.java:1933)
]]></system-err>
</testsuite>
