<?xml version="1.0" encoding="UTF-8" ?>
<testsuite errors="0" failures="0" hostname="travis-job-6834db0e-2772-4683-a659-0d6a944dce74" name="ptolemy.domains.modal.test.junit.JUnitTclTest" skipped="0" tests="148" time="11.408" timestamp="2018-07-20T01:58:32">
  <properties>
[...]
</properties>
  <testcase classname="ptolemy.util.test.junit.TclTests" name="[0] /home/travis/build/icyphy/ptII/ptolemy/domains/modal/test/SystemLevelType.tcl (RunTclFile)" time="1.931" />
  <testcase classname="ptolemy.util.test.junit.AutoKnownFailedTests" name="[0] /home/travis/build/icyphy/ptII/ptolemy/domains/modal/test/auto/knownFailedTests/CannotAnalysisWithPreemption.xml (RunModel)" time="0.133" />
  <testcase classname="ptolemy.util.test.junit.AutoNameArchTests" name="[0] ThereAreNoAutoArchTests (RunModel)" time="0.001" />
  <testcase classname="ptolemy.util.test.junit.AutoTests" name="[0] /home/travis/build/icyphy/ptII/ptolemy/domains/modal/test/auto/ABPTest.xml (RunModel)" time="0.873" />
  <testcase classname="ptolemy.util.test.junit.AutoTests" name="[1] /home/travis/build/icyphy/ptII/ptolemy/domains/modal/test/auto/ABROFlat.xml (RunModel)" time="0.087" />
  <testcase classname="ptolemy.util.test.junit.AutoTests" name="[2] /home/travis/build/icyphy/ptII/ptolemy/domains/modal/test/auto/ABROFlat2.xml (RunModel)" time="0.09" />
  <testcase classname="ptolemy.util.test.junit.AutoTests" name="[3] /home/travis/build/icyphy/ptII/ptolemy/domains/modal/test/auto/ABRO_present_hmm.xml (RunModel)" time="0.181" />
  <testcase classname="ptolemy.util.test.junit.AutoTests" name="[4] /home/travis/build/icyphy/ptII/ptolemy/domains/modal/test/auto/AMICoderExample.xml (RunModel)" time="0.063" />
  <testcase classname="ptolemy.util.test.junit.AutoTests" name="[5] /home/travis/build/icyphy/ptII/ptolemy/domains/modal/test/auto/AbsentToPresent.xml (RunModel)" time="0.029" />
  <testcase classname="ptolemy.util.test.junit.AutoTests" name="[6] /home/travis/build/icyphy/ptII/ptolemy/domains/modal/test/auto/Blending.xml (RunModel)" time="0.342" />
  <testcase classname="ptolemy.util.test.junit.AutoTests" name="[7] /home/travis/build/icyphy/ptII/ptolemy/domains/modal/test/auto/Broadcast.xml (RunModel)" time="0.062" />
  <testcase classname="ptolemy.util.test.junit.AutoTests" name="[8] /home/travis/build/icyphy/ptII/ptolemy/domains/modal/test/auto/BroadcastHierarchy.xml (RunModel)" time="0.082" />
  <testcase classname="ptolemy.util.test.junit.AutoTests" name="[9] /home/travis/build/icyphy/ptII/ptolemy/domains/modal/test/auto/BroadcastHierarchy2.xml (RunModel)" time="0.142" />
  <testcase classname="ptolemy.util.test.junit.AutoTests" name="[10] /home/travis/build/icyphy/ptII/ptolemy/domains/modal/test/auto/BroadcastHierarchy3.xml (RunModel)" time="0.136" />
  <testcase classname="ptolemy.util.test.junit.AutoTests" name="[11] /home/travis/build/icyphy/ptII/ptolemy/domains/modal/test/auto/BroadcastHierarchy4.xml (RunModel)" time="0.108" />
  <testcase classname="ptolemy.util.test.junit.AutoTests" name="[12] /home/travis/build/icyphy/ptII/ptolemy/domains/modal/test/auto/CannotAnalysisWithPreemption2.xml (RunModel)" time="0.035" />
  <testcase classname="ptolemy.util.test.junit.AutoTests" name="[13] /home/travis/build/icyphy/ptII/ptolemy/domains/modal/test/auto/CannotAnalysisWithPreemption3.xml (RunModel)" time="0.045" />
  <testcase classname="ptolemy.util.test.junit.AutoTests" name="[14] /home/travis/build/icyphy/ptII/ptolemy/domains/modal/test/auto/CannotProduce.xml (RunModel)" time="0.04" />
  <testcase classname="ptolemy.util.test.junit.AutoTests" name="[15] /home/travis/build/icyphy/ptII/ptolemy/domains/modal/test/auto/CannotProduceModal.xml (RunModel)" time="0.03" />
  <testcase classname="ptolemy.util.test.junit.AutoTests" name="[16] /home/travis/build/icyphy/ptII/ptolemy/domains/modal/test/auto/Case.xml (RunModel)" time="0.089" />
  <testcase classname="ptolemy.util.test.junit.AutoTests" name="[17] /home/travis/build/icyphy/ptII/ptolemy/domains/modal/test/auto/Case1.xml (RunModel)" time="0.029" />
  <testcase classname="ptolemy.util.test.junit.AutoTests" name="[18] /home/travis/build/icyphy/ptII/ptolemy/domains/modal/test/auto/Case2.xml (RunModel)" time="0.07" />
  <testcase classname="ptolemy.util.test.junit.AutoTests" name="[19] /home/travis/build/icyphy/ptII/ptolemy/domains/modal/test/auto/CausalityInterface1.xml (RunModel)" time="0.033" />
  <testcase classname="ptolemy.util.test.junit.AutoTests" name="[20] /home/travis/build/icyphy/ptII/ptolemy/domains/modal/test/auto/CausalityInterface10.xml (RunModel)" time="0.063" />
  <testcase classname="ptolemy.util.test.junit.AutoTests" name="[21] /home/travis/build/icyphy/ptII/ptolemy/domains/modal/test/auto/CausalityInterface11.xml (RunModel)" time="0.062" />
  <testcase classname="ptolemy.util.test.junit.AutoTests" name="[22] /home/travis/build/icyphy/ptII/ptolemy/domains/modal/test/auto/CausalityInterface12.xml (RunModel)" time="0.047" />
  <testcase classname="ptolemy.util.test.junit.AutoTests" name="[23] /home/travis/build/icyphy/ptII/ptolemy/domains/modal/test/auto/CausalityInterface13.xml (RunModel)" time="0.074" />
  <testcase classname="ptolemy.util.test.junit.AutoTests" name="[24] /home/travis/build/icyphy/ptII/ptolemy/domains/modal/test/auto/CausalityInterface14.xml (RunModel)" time="0.058" />
  <testcase classname="ptolemy.util.test.junit.AutoTests" name="[25] /home/travis/build/icyphy/ptII/ptolemy/domains/modal/test/auto/CausalityInterface2.xml (RunModel)" time="0.028" />
  <testcase classname="ptolemy.util.test.junit.AutoTests" name="[26] /home/travis/build/icyphy/ptII/ptolemy/domains/modal/test/auto/CausalityInterface3.xml (RunModel)" time="0.052" />
  <testcase classname="ptolemy.util.test.junit.AutoTests" name="[27] /home/travis/build/icyphy/ptII/ptolemy/domains/modal/test/auto/CausalityInterface4.xml (RunModel)" time="0.031" />
  <testcase classname="ptolemy.util.test.junit.AutoTests" name="[28] /home/travis/build/icyphy/ptII/ptolemy/domains/modal/test/auto/CausalityInterface5.xml (RunModel)" time="0.033" />
  <testcase classname="ptolemy.util.test.junit.AutoTests" name="[29] /home/travis/build/icyphy/ptII/ptolemy/domains/modal/test/auto/CausalityInterface6.xml (RunModel)" time="0.037" />
  <testcase classname="ptolemy.util.test.junit.AutoTests" name="[30] /home/travis/build/icyphy/ptII/ptolemy/domains/modal/test/auto/CausalityInterface7.xml (RunModel)" time="0.047" />
  <testcase classname="ptolemy.util.test.junit.AutoTests" name="[31] /home/travis/build/icyphy/ptII/ptolemy/domains/modal/test/auto/CausalityInterface8.xml (RunModel)" time="0.044" />
  <testcase classname="ptolemy.util.test.junit.AutoTests" name="[32] /home/travis/build/icyphy/ptII/ptolemy/domains/modal/test/auto/CausalityInterface9.xml (RunModel)" time="0.033" />
  <testcase classname="ptolemy.util.test.junit.AutoTests" name="[33] /home/travis/build/icyphy/ptII/ptolemy/domains/modal/test/auto/ChainedTransitions.xml (RunModel)" time="0.112" />
  <testcase classname="ptolemy.util.test.junit.AutoTests" name="[34] /home/travis/build/icyphy/ptII/ptolemy/domains/modal/test/auto/CycleOfImmediateTransitionsFSM.xml (RunModel)" time="0.028" />
  <testcase classname="ptolemy.util.test.junit.AutoTests" name="[35] /home/travis/build/icyphy/ptII/ptolemy/domains/modal/test/auto/CycleOfImmediateTransitionsModal.xml (RunModel)" time="0.028" />
  <testcase classname="ptolemy.util.test.junit.AutoTests" name="[36] /home/travis/build/icyphy/ptII/ptolemy/domains/modal/test/auto/CycleOfImmediateTransitionsModal2.xml (RunModel)" time="0.042" />
  <testcase classname="ptolemy.util.test.junit.AutoTests" name="[37] /home/travis/build/icyphy/ptII/ptolemy/domains/modal/test/auto/CycleOfImmediateTransitionsModal3.xml (RunModel)" time="0.094" />
  <testcase classname="ptolemy.util.test.junit.AutoTests" name="[38] /home/travis/build/icyphy/ptII/ptolemy/domains/modal/test/auto/DeepModal1.xml (RunModel)" time="0.064" />
  <testcase classname="ptolemy.util.test.junit.AutoTests" name="[39] /home/travis/build/icyphy/ptII/ptolemy/domains/modal/test/auto/DeepModal2.xml (RunModel)" time="0.079" />
  <testcase classname="ptolemy.util.test.junit.AutoTests" name="[40] /home/travis/build/icyphy/ptII/ptolemy/domains/modal/test/auto/DeepModal3.xml (RunModel)" time="0.108" />
  <testcase classname="ptolemy.util.test.junit.AutoTests" name="[41] /home/travis/build/icyphy/ptII/ptolemy/domains/modal/test/auto/DeepModal4.xml (RunModel)" time="0.083" />
  <testcase classname="ptolemy.util.test.junit.AutoTests" name="[42] /home/travis/build/icyphy/ptII/ptolemy/domains/modal/test/auto/Default1.xml (RunModel)" time="0.03" />
  <testcase classname="ptolemy.util.test.junit.AutoTests" name="[43] /home/travis/build/icyphy/ptII/ptolemy/domains/modal/test/auto/Default2.xml (RunModel)" time="0.016" />
  <testcase classname="ptolemy.util.test.junit.AutoTests" name="[44] /home/travis/build/icyphy/ptII/ptolemy/domains/modal/test/auto/Default3.xml (RunModel)" time="0.016" />
  <testcase classname="ptolemy.util.test.junit.AutoTests" name="[45] /home/travis/build/icyphy/ptII/ptolemy/domains/modal/test/auto/Default4.xml (RunModel)" time="0.017" />
  <testcase classname="ptolemy.util.test.junit.AutoTests" name="[46] /home/travis/build/icyphy/ptII/ptolemy/domains/modal/test/auto/Default5.xml (RunModel)" time="0.025" />
  <testcase classname="ptolemy.util.test.junit.AutoTests" name="[47] /home/travis/build/icyphy/ptII/ptolemy/domains/modal/test/auto/EmptyGuard.xml (RunModel)" time="0.03" />
  <testcase classname="ptolemy.util.test.junit.AutoTests" name="[48] /home/travis/build/icyphy/ptII/ptolemy/domains/modal/test/auto/ErrorTransition1.xml (RunModel)" time="0.028" />
  <testcase classname="ptolemy.util.test.junit.AutoTests" name="[49] /home/travis/build/icyphy/ptII/ptolemy/domains/modal/test/auto/ErrorTransition10.xml (RunModel)" time="0.042" />
  <testcase classname="ptolemy.util.test.junit.AutoTests" name="[50] /home/travis/build/icyphy/ptII/ptolemy/domains/modal/test/auto/ErrorTransition11.xml (RunModel)" time="0.037" />
  <testcase classname="ptolemy.util.test.junit.AutoTests" name="[51] /home/travis/build/icyphy/ptII/ptolemy/domains/modal/test/auto/ErrorTransition2.xml (RunModel)" time="0.027" />
  <testcase classname="ptolemy.util.test.junit.AutoTests" name="[52] /home/travis/build/icyphy/ptII/ptolemy/domains/modal/test/auto/ErrorTransition3.xml (RunModel)" time="0.03" />
  <testcase classname="ptolemy.util.test.junit.AutoTests" name="[53] /home/travis/build/icyphy/ptII/ptolemy/domains/modal/test/auto/ErrorTransition4.xml (RunModel)" time="0.045" />
  <testcase classname="ptolemy.util.test.junit.AutoTests" name="[54] /home/travis/build/icyphy/ptII/ptolemy/domains/modal/test/auto/ErrorTransition5.xml (RunModel)" time="0.035" />
  <testcase classname="ptolemy.util.test.junit.AutoTests" name="[55] /home/travis/build/icyphy/ptII/ptolemy/domains/modal/test/auto/ErrorTransition6.xml (RunModel)" time="0.038" />
  <testcase classname="ptolemy.util.test.junit.AutoTests" name="[56] /home/travis/build/icyphy/ptII/ptolemy/domains/modal/test/auto/ErrorTransition7.xml (RunModel)" time="0.049" />
  <testcase classname="ptolemy.util.test.junit.AutoTests" name="[57] /home/travis/build/icyphy/ptII/ptolemy/domains/modal/test/auto/ErrorTransition8.xml (RunModel)" time="0.101" />
  <testcase classname="ptolemy.util.test.junit.AutoTests" name="[58] /home/travis/build/icyphy/ptII/ptolemy/domains/modal/test/auto/ErrorTransition9.xml (RunModel)" time="0.042" />
  <testcase classname="ptolemy.util.test.junit.AutoTests" name="[59] /home/travis/build/icyphy/ptII/ptolemy/domains/modal/test/auto/ExtendedFSM.xml (RunModel)" time="0.025" />
  <testcase classname="ptolemy.util.test.junit.AutoTests" name="[60] /home/travis/build/icyphy/ptII/ptolemy/domains/modal/test/auto/FinalStates.xml (RunModel)" time="0.031" />
  <testcase classname="ptolemy.util.test.junit.AutoTests" name="[61] /home/travis/build/icyphy/ptII/ptolemy/domains/modal/test/auto/FixedPointFSM.xml (RunModel)" time="0.058" />
  <testcase classname="ptolemy.util.test.junit.AutoTests" name="[62] /home/travis/build/icyphy/ptII/ptolemy/domains/modal/test/auto/FixedPointIterationFSMActor.xml (RunModel)" time="0.04" />
  <testcase classname="ptolemy.util.test.junit.AutoTests" name="[63] /home/travis/build/icyphy/ptII/ptolemy/domains/modal/test/auto/FixedPointIterationFSMActor2.xml (RunModel)" time="0.04" />
  <testcase classname="ptolemy.util.test.junit.AutoTests" name="[64] /home/travis/build/icyphy/ptII/ptolemy/domains/modal/test/auto/ForbiddenInstantanousLoop.xml (RunModel)" time="0.037" />
  <testcase classname="ptolemy.util.test.junit.AutoTests" name="[65] /home/travis/build/icyphy/ptII/ptolemy/domains/modal/test/auto/FunctionDependencyOfFSMActorTest.xml (RunModel)" time="0.033" />
  <testcase classname="ptolemy.util.test.junit.AutoTests" name="[66] /home/travis/build/icyphy/ptII/ptolemy/domains/modal/test/auto/GuardExpression.xml (RunModel)" time="0.021" />
  <testcase classname="ptolemy.util.test.junit.AutoTests" name="[67] /home/travis/build/icyphy/ptII/ptolemy/domains/modal/test/auto/GuardNotEvaluated.xml (RunModel)" time="0.032" />
  <testcase classname="ptolemy.util.test.junit.AutoTests" name="[68] /home/travis/build/icyphy/ptII/ptolemy/domains/modal/test/auto/GuardNotEvaluated2.xml (RunModel)" time="0.026" />
  <testcase classname="ptolemy.util.test.junit.AutoTests" name="[69] /home/travis/build/icyphy/ptII/ptolemy/domains/modal/test/auto/GuardOnAbsent.xml (RunModel)" time="0.029" />
  <testcase classname="ptolemy.util.test.junit.AutoTests" name="[70] /home/travis/build/icyphy/ptII/ptolemy/domains/modal/test/auto/HierarchicalFSMTypeInference.xml (RunModel)" time="0.03" />
  <testcase classname="ptolemy.util.test.junit.AutoTests" name="[71] /home/travis/build/icyphy/ptII/ptolemy/domains/modal/test/auto/Hysteresis.xml (RunModel)" time="0.048" />
  <testcase classname="ptolemy.util.test.junit.AutoTests" name="[72] /home/travis/build/icyphy/ptII/ptolemy/domains/modal/test/auto/HysteresisWithDefault.xml (RunModel)" time="0.071" />
  <testcase classname="ptolemy.util.test.junit.AutoTests" name="[73] /home/travis/build/icyphy/ptII/ptolemy/domains/modal/test/auto/HysteresisWithDefault2.xml (RunModel)" time="0.084" />
  <testcase classname="ptolemy.util.test.junit.AutoTests" name="[74] /home/travis/build/icyphy/ptII/ptolemy/domains/modal/test/auto/ImmediateNonConstructiveness.xml (RunModel)" time="0.02" />
  <testcase classname="ptolemy.util.test.junit.AutoTests" name="[75] /home/travis/build/icyphy/ptII/ptolemy/domains/modal/test/auto/ImmediateNonConstructiveness2.xml (RunModel)" time="0.017" />
  <testcase classname="ptolemy.util.test.junit.AutoTests" name="[76] /home/travis/build/icyphy/ptII/ptolemy/domains/modal/test/auto/ImmediateTransitionReset.xml (RunModel)" time="0.033" />
  <testcase classname="ptolemy.util.test.junit.AutoTests" name="[77] /home/travis/build/icyphy/ptII/ptolemy/domains/modal/test/auto/ImmediateTransitions1.xml (RunModel)" time="0.017" />
  <testcase classname="ptolemy.util.test.junit.AutoTests" name="[78] /home/travis/build/icyphy/ptII/ptolemy/domains/modal/test/auto/ImmediateTransitionsInstantaneousCommunication.xml (RunModel)" time="0.043" />
  <testcase classname="ptolemy.util.test.junit.AutoTests" name="[79] /home/travis/build/icyphy/ptII/ptolemy/domains/modal/test/auto/InitialImmediateTransition.xml (RunModel)" time="0.023" />
  <testcase classname="ptolemy.util.test.junit.AutoTests" name="[80] /home/travis/build/icyphy/ptII/ptolemy/domains/modal/test/auto/InitialOutputs.xml (RunModel)" time="0.019" />
  <testcase classname="ptolemy.util.test.junit.AutoTests" name="[81] /home/travis/build/icyphy/ptII/ptolemy/domains/modal/test/auto/InitialStateTransition1.xml (RunModel)" time="0.031" />
  <testcase classname="ptolemy.util.test.junit.AutoTests" name="[82] /home/travis/build/icyphy/ptII/ptolemy/domains/modal/test/auto/InitialStateTransition2.xml (RunModel)" time="0.063" />
  <testcase classname="ptolemy.util.test.junit.AutoTests" name="[83] /home/travis/build/icyphy/ptII/ptolemy/domains/modal/test/auto/InitialStateTransition3.xml (RunModel)" time="0.031" />
  <testcase classname="ptolemy.util.test.junit.AutoTests" name="[84] /home/travis/build/icyphy/ptII/ptolemy/domains/modal/test/auto/InitialStateTransition4.xml (RunModel)" time="0.033" />
  <testcase classname="ptolemy.util.test.junit.AutoTests" name="[85] /home/travis/build/icyphy/ptII/ptolemy/domains/modal/test/auto/MalformedGuardExpressionNotCaught.xml (RunModel)" time="0.024" />
  <testcase classname="ptolemy.util.test.junit.AutoTests" name="[86] /home/travis/build/icyphy/ptII/ptolemy/domains/modal/test/auto/ModalBSC.xml (RunModel)" time="0.104" />
  <testcase classname="ptolemy.util.test.junit.AutoTests" name="[87] /home/travis/build/icyphy/ptII/ptolemy/domains/modal/test/auto/ModalClocks.xml (RunModel)" time="0.1" />
  <testcase classname="ptolemy.util.test.junit.AutoTests" name="[88] /home/travis/build/icyphy/ptII/ptolemy/domains/modal/test/auto/ModalDelay.xml (RunModel)" time="0.05" />
  <testcase classname="ptolemy.util.test.junit.AutoTests" name="[89] /home/travis/build/icyphy/ptII/ptolemy/domains/modal/test/auto/ModalDelay2.xml (RunModel)" time="0.049" />
  <testcase classname="ptolemy.util.test.junit.AutoTests" name="[90] /home/travis/build/icyphy/ptII/ptolemy/domains/modal/test/auto/ModalModelFromMemo.xml (RunModel)" time="0.065" />
  <testcase classname="ptolemy.util.test.junit.AutoTests" name="[91] /home/travis/build/icyphy/ptII/ptolemy/domains/modal/test/auto/ModalModelWithMultirateTransient.xml (RunModel)" time="0.045" />
  <testcase classname="ptolemy.util.test.junit.AutoTests" name="[92] /home/travis/build/icyphy/ptII/ptolemy/domains/modal/test/auto/ModalModelWithReset.xml (RunModel)" time="0.057" />
  <testcase classname="ptolemy.util.test.junit.AutoTests" name="[93] /home/travis/build/icyphy/ptII/ptolemy/domains/modal/test/auto/MouseClickFSM.xml (RunModel)" time="0.051" />
  <testcase classname="ptolemy.util.test.junit.AutoTests" name="[94] /home/travis/build/icyphy/ptII/ptolemy/domains/modal/test/auto/MouseClickFSMModal.xml (RunModel)" time="0.042" />
  <testcase classname="ptolemy.util.test.junit.AutoTests" name="[95] /home/travis/build/icyphy/ptII/ptolemy/domains/modal/test/auto/NonStrictFSM_FeedbackLoop.xml (RunModel)" time="0.055" />
  <testcase classname="ptolemy.util.test.junit.AutoTests" name="[96] /home/travis/build/icyphy/ptII/ptolemy/domains/modal/test/auto/NonStrictFSM_FeedbackLoop_Refinement.xml (RunModel)" time="0.086" />
  <testcase classname="ptolemy.util.test.junit.AutoTests" name="[97] /home/travis/build/icyphy/ptII/ptolemy/domains/modal/test/auto/NonStrictFSM_FeedbackLoop_preemptive.xml (RunModel)" time="0.051" />
  <testcase classname="ptolemy.util.test.junit.AutoTests" name="[98] /home/travis/build/icyphy/ptII/ptolemy/domains/modal/test/auto/NormalTermination.xml (RunModel)" time="0.063" />
  <testcase classname="ptolemy.util.test.junit.AutoTests" name="[99] /home/travis/build/icyphy/ptII/ptolemy/domains/modal/test/auto/Pong.xml (RunModel)" time="0.093" />
  <testcase classname="ptolemy.util.test.junit.AutoTests" name="[100] /home/travis/build/icyphy/ptII/ptolemy/domains/modal/test/auto/Pong_test.xml (RunModel)" time="0.104" />
  <testcase classname="ptolemy.util.test.junit.AutoTests" name="[101] /home/travis/build/icyphy/ptII/ptolemy/domains/modal/test/auto/PreemptionHierarchy.xml (RunModel)" time="0.028" />
  <testcase classname="ptolemy.util.test.junit.AutoTests" name="[102] /home/travis/build/icyphy/ptII/ptolemy/domains/modal/test/auto/PreemptionHierarchy2.xml (RunModel)" time="0.035" />
  <testcase classname="ptolemy.util.test.junit.AutoTests" name="[103] /home/travis/build/icyphy/ptII/ptolemy/domains/modal/test/auto/PreemptiveTransition.xml (RunModel)" time="0.02" />
  <testcase classname="ptolemy.util.test.junit.AutoTests" name="[104] /home/travis/build/icyphy/ptII/ptolemy/domains/modal/test/auto/Priorities.xml (RunModel)" time="0.074" />
  <testcase classname="ptolemy.util.test.junit.AutoTests" name="[105] /home/travis/build/icyphy/ptII/ptolemy/domains/modal/test/auto/ResetFinal.xml (RunModel)" time="0.041" />
  <testcase classname="ptolemy.util.test.junit.AutoTests" name="[106] /home/travis/build/icyphy/ptII/ptolemy/domains/modal/test/auto/ResetFinal2.xml (RunModel)" time="0.03" />
  <testcase classname="ptolemy.util.test.junit.AutoTests" name="[107] /home/travis/build/icyphy/ptII/ptolemy/domains/modal/test/auto/ResetTransitionWithStartTime.xml (RunModel)" time="0.027" />
  <testcase classname="ptolemy.util.test.junit.AutoTests" name="[108] /home/travis/build/icyphy/ptII/ptolemy/domains/modal/test/auto/SDF-FSMComposite.xml (RunModel)" time="0.021" />
  <testcase classname="ptolemy.util.test.junit.AutoTests" name="[109] /home/travis/build/icyphy/ptII/ptolemy/domains/modal/test/auto/SeeminglyNondeterminate.xml (RunModel)" time="0.065" />
  <testcase classname="ptolemy.util.test.junit.AutoTests" name="[110] /home/travis/build/icyphy/ptII/ptolemy/domains/modal/test/auto/SeeminglyNondeterminate2.xml (RunModel)" time="0.079" />
  <testcase classname="ptolemy.util.test.junit.AutoTests" name="[111] /home/travis/build/icyphy/ptII/ptolemy/domains/modal/test/auto/SpontaneousFSM.xml (RunModel)" time="0.051" />
  <testcase classname="ptolemy.util.test.junit.AutoTests" name="[112] /home/travis/build/icyphy/ptII/ptolemy/domains/modal/test/auto/SpontaneousFSM2.xml (RunModel)" time="0.033" />
  <testcase classname="ptolemy.util.test.junit.AutoTests" name="[113] /home/travis/build/icyphy/ptII/ptolemy/domains/modal/test/auto/SpontaneousFSM3.xml (RunModel)" time="0.044" />
  <testcase classname="ptolemy.util.test.junit.AutoTests" name="[114] /home/travis/build/icyphy/ptII/ptolemy/domains/modal/test/auto/SpontaneousFSM4.xml (RunModel)" time="0.045" />
  <testcase classname="ptolemy.util.test.junit.AutoTests" name="[115] /home/travis/build/icyphy/ptII/ptolemy/domains/modal/test/auto/StateTrackerTest.xml (RunModel)" time="0.053" />
  <testcase classname="ptolemy.util.test.junit.AutoTests" name="[116] /home/travis/build/icyphy/ptII/ptolemy/domains/modal/test/auto/StrongImmediateTransition.xml (RunModel)" time="0.024" />
  <testcase classname="ptolemy.util.test.junit.AutoTests" name="[117] /home/travis/build/icyphy/ptII/ptolemy/domains/modal/test/auto/SustainHierarchy.xml (RunModel)" time="0.056" />
  <testcase classname="ptolemy.util.test.junit.AutoTests" name="[118] /home/travis/build/icyphy/ptII/ptolemy/domains/modal/test/auto/TerminationTransition1.xml (RunModel)" time="0.024" />
  <testcase classname="ptolemy.util.test.junit.AutoTests" name="[119] /home/travis/build/icyphy/ptII/ptolemy/domains/modal/test/auto/TerminationTransition2.xml (RunModel)" time="0.033" />
  <testcase classname="ptolemy.util.test.junit.AutoTests" name="[120] /home/travis/build/icyphy/ptII/ptolemy/domains/modal/test/auto/TerminationTransition3.xml (RunModel)" time="0.03" />
  <testcase classname="ptolemy.util.test.junit.AutoTests" name="[121] /home/travis/build/icyphy/ptII/ptolemy/domains/modal/test/auto/TerminationTransition4.xml (RunModel)" time="0.042" />
  <testcase classname="ptolemy.util.test.junit.AutoTests" name="[122] /home/travis/build/icyphy/ptII/ptolemy/domains/modal/test/auto/TerminationTransition5.xml (RunModel)" time="0.045" />
  <testcase classname="ptolemy.util.test.junit.AutoTests" name="[123] /home/travis/build/icyphy/ptII/ptolemy/domains/modal/test/auto/TerminationTransition6.xml (RunModel)" time="0.024" />
  <testcase classname="ptolemy.util.test.junit.AutoTests" name="[124] /home/travis/build/icyphy/ptII/ptolemy/domains/modal/test/auto/TerminationTransition7.xml (RunModel)" time="0.024" />
  <testcase classname="ptolemy.util.test.junit.AutoTests" name="[125] /home/travis/build/icyphy/ptII/ptolemy/domains/modal/test/auto/TerminationTransition8.xml (RunModel)" time="0.029" />
  <testcase classname="ptolemy.util.test.junit.AutoTests" name="[126] /home/travis/build/icyphy/ptII/ptolemy/domains/modal/test/auto/Thermostat_NoHysteresis.xml (RunModel)" time="0.064" />
  <testcase classname="ptolemy.util.test.junit.AutoTests" name="[127] /home/travis/build/icyphy/ptII/ptolemy/domains/modal/test/auto/TimedFSM.xml (RunModel)" time="0.035" />
  <testcase classname="ptolemy.util.test.junit.AutoTests" name="[128] /home/travis/build/icyphy/ptII/ptolemy/domains/modal/test/auto/Timeout1.xml (RunModel)" time="0.014" />
  <testcase classname="ptolemy.util.test.junit.AutoTests" name="[129] /home/travis/build/icyphy/ptII/ptolemy/domains/modal/test/auto/Timeout2.xml (RunModel)" time="0.021" />
  <testcase classname="ptolemy.util.test.junit.AutoTests" name="[130] /home/travis/build/icyphy/ptII/ptolemy/domains/modal/test/auto/Timeout3.xml (RunModel)" time="0.012" />
  <testcase classname="ptolemy.util.test.junit.AutoTests" name="[131] /home/travis/build/icyphy/ptII/ptolemy/domains/modal/test/auto/Timeout4.xml (RunModel)" time="0.015" />
  <testcase classname="ptolemy.util.test.junit.AutoTests" name="[132] /home/travis/build/icyphy/ptII/ptolemy/domains/modal/test/auto/TransientstateModelAdvanced.xml (RunModel)" time="0.031" />
  <testcase classname="ptolemy.util.test.junit.AutoTests" name="[133] /home/travis/build/icyphy/ptII/ptolemy/domains/modal/test/auto/TransientstateModelAdvanced2.xml (RunModel)" time="0.039" />
  <testcase classname="ptolemy.util.test.junit.AutoTests" name="[134] /home/travis/build/icyphy/ptII/ptolemy/domains/modal/test/auto/TransitionRefinements.xml (RunModel)" time="0.034" />
  <testcase classname="ptolemy.util.test.junit.AutoTests" name="[135] /home/travis/build/icyphy/ptII/ptolemy/domains/modal/test/auto/TwoRefinements1.xml (RunModel)" time="0.029" />
  <testcase classname="ptolemy.util.test.junit.AutoTests" name="[136] /home/travis/build/icyphy/ptII/ptolemy/domains/modal/test/auto/TwoRefinements2.xml (RunModel)" time="0.032" />
  <testcase classname="ptolemy.util.test.junit.AutoTests" name="[137] /home/travis/build/icyphy/ptII/ptolemy/domains/modal/test/auto/WeakImmediateTransition.xml (RunModel)" time="0.025" />
  <testcase classname="ptolemy.util.test.junit.AutoTests" name="[138] /home/travis/build/icyphy/ptII/ptolemy/domains/modal/test/auto/booleanSelect.xml (RunModel)" time="0.1" />
  <testcase classname="ptolemy.util.test.junit.AutoTests" name="[139] /home/travis/build/icyphy/ptII/ptolemy/domains/modal/test/auto/modalChangingParams.xml (RunModel)" time="0.319" />
  <testcase classname="ptolemy.util.test.junit.AutoTests" name="[140] /home/travis/build/icyphy/ptII/ptolemy/domains/modal/test/auto/modalModel.xml (RunModel)" time="0.032" />
  <testcase classname="ptolemy.util.test.junit.AutoTests" name="[141] /home/travis/build/icyphy/ptII/ptolemy/domains/modal/test/auto/modalModel2.xml (RunModel)" time="0.034" />
  <testcase classname="ptolemy.util.test.junit.AutoTests" name="[142] /home/travis/build/icyphy/ptII/ptolemy/domains/modal/test/auto/modalModel3.xml (RunModel)" time="0.043" />
  <testcase classname="ptolemy.util.test.junit.AutoTests" name="[143] /home/travis/build/icyphy/ptII/ptolemy/domains/modal/test/auto/model1.xml (RunModel)" time="0.021" />
  <testcase classname="ptolemy.util.test.junit.AutoTests" name="[144] /home/travis/build/icyphy/ptII/ptolemy/domains/modal/test/auto/test-direct-in-out.xml (RunModel)" time="0.021" />
  <system-out><![CDATA[/home/travis/build/icyphy/ptII/ptolemy/domains/modal/test/SystemLevelType.tcl
testDefs.tcl: setting time out to 9000 seconds at Fri Jul 20 01:58:33 UTC 2018
07/20/18 01:58:34
Failed: 0  Total Tests: 1  ((Passed: 1, Newly Passed: 0)  Known Failed: 0) /home/travis/build/icyphy/ptII/ptolemy/domains/modal/test
----------------- testing (KnownFailure) /home/travis/build/icyphy/ptII/ptolemy/domains/modal/test/auto/knownFailedTests/CannotAnalysisWithPreemption.xml
54 ms. Memory: 208384K Free: 185907K (89%)
Known Failure: java.lang.reflect.InvocationTargetException
No auto/linux-amd64/*.xml tests in /home/travis/build/icyphy/ptII/ptolemy/domains/modal/test
AutoTests.java: About to close Vertx.
AutoTests.java: Vertx closed.

===========================================================================================
----------------- testing Fri Jul 20 01:58:35 UTC 2018 /home/travis/build/icyphy/ptII/ptolemy/domains/modal/test/auto/ABPTest.xml
----------------- Instantiating /home/travis/build/icyphy/ptII/ptolemy/domains/modal/test/auto/ABPTest.xml
410 ms. Memory: 332288K Free: 293562K (88%)
----------------- Invoking toplevel() on ptolemy.moml.MoMLSimpleApplication@14c2f752
----------------- Done invoking toplevel() on ptolemy.moml.MoMLSimpleApplication@14c2f752
reloadAllAccessors: .ABPTest

===========================================================================================
----------------- testing Fri Jul 20 01:58:36 UTC 2018 /home/travis/build/icyphy/ptII/ptolemy/domains/modal/test/auto/ABROFlat.xml
----------------- Instantiating /home/travis/build/icyphy/ptII/ptolemy/domains/modal/test/auto/ABROFlat.xml
27 ms. Memory: 332288K Free: 271372K (82%)
----------------- Invoking toplevel() on ptolemy.moml.MoMLSimpleApplication@1b4f0258
----------------- Done invoking toplevel() on ptolemy.moml.MoMLSimpleApplication@1b4f0258
reloadAllAccessors: .ABROFlat

===========================================================================================
----------------- testing Fri Jul 20 01:58:36 UTC 2018 /home/travis/build/icyphy/ptII/ptolemy/domains/modal/test/auto/ABROFlat2.xml
----------------- Instantiating /home/travis/build/icyphy/ptII/ptolemy/domains/modal/test/auto/ABROFlat2.xml
27 ms. Memory: 332288K Free: 253366K (76%)
----------------- Invoking toplevel() on ptolemy.moml.MoMLSimpleApplication@336efde
----------------- Done invoking toplevel() on ptolemy.moml.MoMLSimpleApplication@336efde
reloadAllAccessors: .ABROFlat2

===========================================================================================
----------------- testing Fri Jul 20 01:58:36 UTC 2018 /home/travis/build/icyphy/ptII/ptolemy/domains/modal/test/auto/ABRO_present_hmm.xml
----------------- Instantiating /home/travis/build/icyphy/ptII/ptolemy/domains/modal/test/auto/ABRO_present_hmm.xml
32 ms. Memory: 332288K Free: 220665K (66%)
----------------- Invoking toplevel() on ptolemy.moml.MoMLSimpleApplication@24058d9
----------------- Done invoking toplevel() on ptolemy.moml.MoMLSimpleApplication@24058d9
reloadAllAccessors: .ABRO_present_hmm

===========================================================================================
----------------- testing Fri Jul 20 01:58:36 UTC 2018 /home/travis/build/icyphy/ptII/ptolemy/domains/modal/test/auto/AMICoderExample.xml
----------------- Instantiating /home/travis/build/icyphy/ptII/ptolemy/domains/modal/test/auto/AMICoderExample.xml
26 ms. Memory: 332288K Free: 209227K (63%)
----------------- Invoking toplevel() on ptolemy.moml.MoMLSimpleApplication@4e72f96a
----------------- Done invoking toplevel() on ptolemy.moml.MoMLSimpleApplication@4e72f96a
reloadAllAccessors: .AMICoderExample

===========================================================================================
----------------- testing Fri Jul 20 01:58:36 UTC 2018 /home/travis/build/icyphy/ptII/ptolemy/domains/modal/test/auto/AbsentToPresent.xml
----------------- Instantiating /home/travis/build/icyphy/ptII/ptolemy/domains/modal/test/auto/AbsentToPresent.xml
10 ms. Memory: 332288K Free: 200889K (60%)
----------------- Invoking toplevel() on ptolemy.moml.MoMLSimpleApplication@acfc3e4
----------------- Done invoking toplevel() on ptolemy.moml.MoMLSimpleApplication@acfc3e4
reloadAllAccessors: .AbsentToPresent

===========================================================================================
----------------- testing Fri Jul 20 01:58:36 UTC 2018 /home/travis/build/icyphy/ptII/ptolemy/domains/modal/test/auto/Blending.xml
----------------- Instantiating /home/travis/build/icyphy/ptII/ptolemy/domains/modal/test/auto/Blending.xml
200 ms. Memory: 332288K Free: 145259K (44%)
----------------- Invoking toplevel() on ptolemy.moml.MoMLSimpleApplication@dcd9c28
----------------- Done invoking toplevel() on ptolemy.moml.MoMLSimpleApplication@dcd9c28
reloadAllAccessors: .Blending

===========================================================================================
----------------- testing Fri Jul 20 01:58:37 UTC 2018 /home/travis/build/icyphy/ptII/ptolemy/domains/modal/test/auto/Broadcast.xml
----------------- Instantiating /home/travis/build/icyphy/ptII/ptolemy/domains/modal/test/auto/Broadcast.xml
10 ms. Memory: 332288K Free: 132170K (40%)
----------------- Invoking toplevel() on ptolemy.moml.MoMLSimpleApplication@c7b42b2
----------------- Done invoking toplevel() on ptolemy.moml.MoMLSimpleApplication@c7b42b2
reloadAllAccessors: .Broadcast

===========================================================================================
----------------- testing Fri Jul 20 01:58:37 UTC 2018 /home/travis/build/icyphy/ptII/ptolemy/domains/modal/test/auto/BroadcastHierarchy.xml
----------------- Instantiating /home/travis/build/icyphy/ptII/ptolemy/domains/modal/test/auto/BroadcastHierarchy.xml
18 ms. Memory: 332288K Free: 114219K (34%)
----------------- Invoking toplevel() on ptolemy.moml.MoMLSimpleApplication@2a2f67e0
----------------- Done invoking toplevel() on ptolemy.moml.MoMLSimpleApplication@2a2f67e0
reloadAllAccessors: .BroadcastHierarchy

===========================================================================================
----------------- testing Fri Jul 20 01:58:37 UTC 2018 /home/travis/build/icyphy/ptII/ptolemy/domains/modal/test/auto/BroadcastHierarchy2.xml
----------------- Instantiating /home/travis/build/icyphy/ptII/ptolemy/domains/modal/test/auto/BroadcastHierarchy2.xml
21 ms. Memory: 332288K Free: 78255K (24%)
----------------- Invoking toplevel() on ptolemy.moml.MoMLSimpleApplication@21af9089
----------------- Done invoking toplevel() on ptolemy.moml.MoMLSimpleApplication@21af9089
reloadAllAccessors: .BroadcastHierarchy2

===========================================================================================
----------------- testing Fri Jul 20 01:58:37 UTC 2018 /home/travis/build/icyphy/ptII/ptolemy/domains/modal/test/auto/BroadcastHierarchy3.xml
----------------- Instantiating /home/travis/build/icyphy/ptII/ptolemy/domains/modal/test/auto/BroadcastHierarchy3.xml
22 ms. Memory: 333824K Free: 297717K (89%)
----------------- Invoking toplevel() on ptolemy.moml.MoMLSimpleApplication@56c49935
----------------- Done invoking toplevel() on ptolemy.moml.MoMLSimpleApplication@56c49935
reloadAllAccessors: .BroadcastHierarchy3

===========================================================================================
----------------- testing Fri Jul 20 01:58:37 UTC 2018 /home/travis/build/icyphy/ptII/ptolemy/domains/modal/test/auto/BroadcastHierarchy4.xml
----------------- Instantiating /home/travis/build/icyphy/ptII/ptolemy/domains/modal/test/auto/BroadcastHierarchy4.xml
16 ms. Memory: 333824K Free: 262729K (79%)
----------------- Invoking toplevel() on ptolemy.moml.MoMLSimpleApplication@2aeb741d
----------------- Done invoking toplevel() on ptolemy.moml.MoMLSimpleApplication@2aeb741d
reloadAllAccessors: .BroadcastHierarchy4

===========================================================================================
----------------- testing Fri Jul 20 01:58:37 UTC 2018 /home/travis/build/icyphy/ptII/ptolemy/domains/modal/test/auto/CannotAnalysisWithPreemption2.xml
----------------- Instantiating /home/travis/build/icyphy/ptII/ptolemy/domains/modal/test/auto/CannotAnalysisWithPreemption2.xml
4 ms. Memory: 333824K Free: 252952K (76%)
----------------- Invoking toplevel() on ptolemy.moml.MoMLSimpleApplication@4bd7712b
----------------- Done invoking toplevel() on ptolemy.moml.MoMLSimpleApplication@4bd7712b
reloadAllAccessors: .CannotAnalysisWithPreemption2

===========================================================================================
----------------- testing Fri Jul 20 01:58:37 UTC 2018 /home/travis/build/icyphy/ptII/ptolemy/domains/modal/test/auto/CannotAnalysisWithPreemption3.xml
----------------- Instantiating /home/travis/build/icyphy/ptII/ptolemy/domains/modal/test/auto/CannotAnalysisWithPreemption3.xml
5 ms. Memory: 333824K Free: 239887K (72%)
----------------- Invoking toplevel() on ptolemy.moml.MoMLSimpleApplication@1c38df69
----------------- Done invoking toplevel() on ptolemy.moml.MoMLSimpleApplication@1c38df69
reloadAllAccessors: .CannotAnalysisWithPreemption3

===========================================================================================
----------------- testing Fri Jul 20 01:58:37 UTC 2018 /home/travis/build/icyphy/ptII/ptolemy/domains/modal/test/auto/CannotProduce.xml
----------------- Instantiating /home/travis/build/icyphy/ptII/ptolemy/domains/modal/test/auto/CannotProduce.xml
17 ms. Memory: 333824K Free: 231063K (69%)
----------------- Invoking toplevel() on ptolemy.moml.MoMLSimpleApplication@520b54ed
----------------- Done invoking toplevel() on ptolemy.moml.MoMLSimpleApplication@520b54ed
reloadAllAccessors: .CannotProduce

===========================================================================================
----------------- testing Fri Jul 20 01:58:37 UTC 2018 /home/travis/build/icyphy/ptII/ptolemy/domains/modal/test/auto/CannotProduceModal.xml
----------------- Instantiating /home/travis/build/icyphy/ptII/ptolemy/domains/modal/test/auto/CannotProduceModal.xml
5 ms. Memory: 333824K Free: 222882K (67%)
----------------- Invoking toplevel() on ptolemy.moml.MoMLSimpleApplication@51bba615
----------------- Done invoking toplevel() on ptolemy.moml.MoMLSimpleApplication@51bba615
reloadAllAccessors: .CannotProduceModal

===========================================================================================
----------------- testing Fri Jul 20 01:58:37 UTC 2018 /home/travis/build/icyphy/ptII/ptolemy/domains/modal/test/auto/Case.xml
----------------- Instantiating /home/travis/build/icyphy/ptII/ptolemy/domains/modal/test/auto/Case.xml
38 ms. Memory: 333824K Free: 209792K (63%)
----------------- Invoking toplevel() on ptolemy.moml.MoMLSimpleApplication@42e78cb1
----------------- Done invoking toplevel() on ptolemy.moml.MoMLSimpleApplication@42e78cb1
reloadAllAccessors: .Case

===========================================================================================
----------------- testing Fri Jul 20 01:58:38 UTC 2018 /home/travis/build/icyphy/ptII/ptolemy/domains/modal/test/auto/Case1.xml
----------------- Instantiating /home/travis/build/icyphy/ptII/ptolemy/domains/modal/test/auto/Case1.xml
6 ms. Memory: 333824K Free: 199339K (60%)
----------------- Invoking toplevel() on ptolemy.moml.MoMLSimpleApplication@59a9c39b
----------------- Done invoking toplevel() on ptolemy.moml.MoMLSimpleApplication@59a9c39b
reloadAllAccessors: .Case1

===========================================================================================
----------------- testing Fri Jul 20 01:58:38 UTC 2018 /home/travis/build/icyphy/ptII/ptolemy/domains/modal/test/auto/Case2.xml
----------------- Instantiating /home/travis/build/icyphy/ptII/ptolemy/domains/modal/test/auto/Case2.xml
26 ms. Memory: 333824K Free: 187902K (56%)
----------------- Invoking toplevel() on ptolemy.moml.MoMLSimpleApplication@2d678508
----------------- Done invoking toplevel() on ptolemy.moml.MoMLSimpleApplication@2d678508
reloadAllAccessors: .Case2

===========================================================================================
----------------- testing Fri Jul 20 01:58:38 UTC 2018 /home/travis/build/icyphy/ptII/ptolemy/domains/modal/test/auto/CausalityInterface1.xml
----------------- Instantiating /home/travis/build/icyphy/ptII/ptolemy/domains/modal/test/auto/CausalityInterface1.xml
8 ms. Memory: 333824K Free: 181373K (54%)
----------------- Invoking toplevel() on ptolemy.moml.MoMLSimpleApplication@1d324ff1
----------------- Done invoking toplevel() on ptolemy.moml.MoMLSimpleApplication@1d324ff1
reloadAllAccessors: .CausalityInterface1

===========================================================================================
----------------- testing Fri Jul 20 01:58:38 UTC 2018 /home/travis/build/icyphy/ptII/ptolemy/domains/modal/test/auto/CausalityInterface10.xml
----------------- Instantiating /home/travis/build/icyphy/ptII/ptolemy/domains/modal/test/auto/CausalityInterface10.xml
13 ms. Memory: 333824K Free: 162748K (49%)
----------------- Invoking toplevel() on ptolemy.moml.MoMLSimpleApplication@2491b18a
----------------- Done invoking toplevel() on ptolemy.moml.MoMLSimpleApplication@2491b18a
reloadAllAccessors: .CausalityInterface10

===========================================================================================
----------------- testing Fri Jul 20 01:58:38 UTC 2018 /home/travis/build/icyphy/ptII/ptolemy/domains/modal/test/auto/CausalityInterface11.xml
----------------- Instantiating /home/travis/build/icyphy/ptII/ptolemy/domains/modal/test/auto/CausalityInterface11.xml
9 ms. Memory: 333824K Free: 146418K (44%)
----------------- Invoking toplevel() on ptolemy.moml.MoMLSimpleApplication@47014633
----------------- Done invoking toplevel() on ptolemy.moml.MoMLSimpleApplication@47014633
reloadAllAccessors: .CausalityInterface11

===========================================================================================
----------------- testing Fri Jul 20 01:58:38 UTC 2018 /home/travis/build/icyphy/ptII/ptolemy/domains/modal/test/auto/CausalityInterface12.xml
----------------- Instantiating /home/travis/build/icyphy/ptII/ptolemy/domains/modal/test/auto/CausalityInterface12.xml
5 ms. Memory: 333824K Free: 130096K (39%)
----------------- Invoking toplevel() on ptolemy.moml.MoMLSimpleApplication@5c3536de
----------------- Done invoking toplevel() on ptolemy.moml.MoMLSimpleApplication@5c3536de
reloadAllAccessors: .CausalityInterface12

===========================================================================================
----------------- testing Fri Jul 20 01:58:38 UTC 2018 /home/travis/build/icyphy/ptII/ptolemy/domains/modal/test/auto/CausalityInterface13.xml
----------------- Instantiating /home/travis/build/icyphy/ptII/ptolemy/domains/modal/test/auto/CausalityInterface13.xml
14 ms. Memory: 333824K Free: 111478K (33%)
----------------- Invoking toplevel() on ptolemy.moml.MoMLSimpleApplication@15e2109c
----------------- Done invoking toplevel() on ptolemy.moml.MoMLSimpleApplication@15e2109c
reloadAllAccessors: .CausalityInterface13

===========================================================================================
----------------- testing Fri Jul 20 01:58:38 UTC 2018 /home/travis/build/icyphy/ptII/ptolemy/domains/modal/test/auto/CausalityInterface14.xml
----------------- Instantiating /home/travis/build/icyphy/ptII/ptolemy/domains/modal/test/auto/CausalityInterface14.xml
5 ms. Memory: 333824K Free: 95140K (29%)
----------------- Invoking toplevel() on ptolemy.moml.MoMLSimpleApplication@43f14ed3
----------------- Done invoking toplevel() on ptolemy.moml.MoMLSimpleApplication@43f14ed3
reloadAllAccessors: .CausalityInterface14

===========================================================================================
----------------- testing Fri Jul 20 01:58:38 UTC 2018 /home/travis/build/icyphy/ptII/ptolemy/domains/modal/test/auto/CausalityInterface2.xml
----------------- Instantiating /home/travis/build/icyphy/ptII/ptolemy/domains/modal/test/auto/CausalityInterface2.xml
5 ms. Memory: 333824K Free: 86967K (26%)
----------------- Invoking toplevel() on ptolemy.moml.MoMLSimpleApplication@648c19c0
----------------- Done invoking toplevel() on ptolemy.moml.MoMLSimpleApplication@648c19c0
reloadAllAccessors: .CausalityInterface2

===========================================================================================
----------------- testing Fri Jul 20 01:58:38 UTC 2018 /home/travis/build/icyphy/ptII/ptolemy/domains/modal/test/auto/CausalityInterface3.xml
----------------- Instantiating /home/travis/build/icyphy/ptII/ptolemy/domains/modal/test/auto/CausalityInterface3.xml
7 ms. Memory: 578048K Free: 562807K (97%)
----------------- Invoking toplevel() on ptolemy.moml.MoMLSimpleApplication@221d681b
----------------- Done invoking toplevel() on ptolemy.moml.MoMLSimpleApplication@221d681b
reloadAllAccessors: .CausalityInterface3

===========================================================================================
----------------- testing Fri Jul 20 01:58:38 UTC 2018 /home/travis/build/icyphy/ptII/ptolemy/domains/modal/test/auto/CausalityInterface4.xml
----------------- Instantiating /home/travis/build/icyphy/ptII/ptolemy/domains/modal/test/auto/CausalityInterface4.xml
6 ms. Memory: 578048K Free: 549651K (95%)
----------------- Invoking toplevel() on ptolemy.moml.MoMLSimpleApplication@366806f7
----------------- Done invoking toplevel() on ptolemy.moml.MoMLSimpleApplication@366806f7
reloadAllAccessors: .CausalityInterface4

===========================================================================================
----------------- testing Fri Jul 20 01:58:38 UTC 2018 /home/travis/build/icyphy/ptII/ptolemy/domains/modal/test/auto/CausalityInterface5.xml
----------------- Instantiating /home/travis/build/icyphy/ptII/ptolemy/domains/modal/test/auto/CausalityInterface5.xml
6 ms. Memory: 578048K Free: 536609K (93%)
----------------- Invoking toplevel() on ptolemy.moml.MoMLSimpleApplication@27c62692
----------------- Done invoking toplevel() on ptolemy.moml.MoMLSimpleApplication@27c62692
reloadAllAccessors: .CausalityInterface5

===========================================================================================
----------------- testing Fri Jul 20 01:58:38 UTC 2018 /home/travis/build/icyphy/ptII/ptolemy/domains/modal/test/auto/CausalityInterface6.xml
----------------- Instantiating /home/travis/build/icyphy/ptII/ptolemy/domains/modal/test/auto/CausalityInterface6.xml
4 ms. Memory: 578048K Free: 523576K (91%)
----------------- Invoking toplevel() on ptolemy.moml.MoMLSimpleApplication@6095620
----------------- Done invoking toplevel() on ptolemy.moml.MoMLSimpleApplication@6095620
reloadAllAccessors: .CausalityInterface6

===========================================================================================
----------------- testing Fri Jul 20 01:58:38 UTC 2018 /home/travis/build/icyphy/ptII/ptolemy/domains/modal/test/auto/CausalityInterface7.xml
----------------- Instantiating /home/travis/build/icyphy/ptII/ptolemy/domains/modal/test/auto/CausalityInterface7.xml
11 ms. Memory: 578048K Free: 510534K (88%)
----------------- Invoking toplevel() on ptolemy.moml.MoMLSimpleApplication@610e4cd1
----------------- Done invoking toplevel() on ptolemy.moml.MoMLSimpleApplication@610e4cd1
reloadAllAccessors: .CausalityInterface7

===========================================================================================
----------------- testing Fri Jul 20 01:58:38 UTC 2018 /home/travis/build/icyphy/ptII/ptolemy/domains/modal/test/auto/CausalityInterface8.xml
----------------- Instantiating /home/travis/build/icyphy/ptII/ptolemy/domains/modal/test/auto/CausalityInterface8.xml
5 ms. Memory: 578048K Free: 494353K (86%)
----------------- Invoking toplevel() on ptolemy.moml.MoMLSimpleApplication@48da1cfd
----------------- Done invoking toplevel() on ptolemy.moml.MoMLSimpleApplication@48da1cfd
reloadAllAccessors: .CausalityInterface8

===========================================================================================
----------------- testing Fri Jul 20 01:58:38 UTC 2018 /home/travis/build/icyphy/ptII/ptolemy/domains/modal/test/auto/CausalityInterface9.xml
----------------- Instantiating /home/travis/build/icyphy/ptII/ptolemy/domains/modal/test/auto/CausalityInterface9.xml
3 ms. Memory: 578048K Free: 481312K (83%)
----------------- Invoking toplevel() on ptolemy.moml.MoMLSimpleApplication@3a7a6367
----------------- Done invoking toplevel() on ptolemy.moml.MoMLSimpleApplication@3a7a6367
reloadAllAccessors: .CausalityInterface9

===========================================================================================
----------------- testing Fri Jul 20 01:58:38 UTC 2018 /home/travis/build/icyphy/ptII/ptolemy/domains/modal/test/auto/ChainedTransitions.xml
----------------- Instantiating /home/travis/build/icyphy/ptII/ptolemy/domains/modal/test/auto/ChainedTransitions.xml
58 ms. Memory: 578048K Free: 451941K (78%)
----------------- Invoking toplevel() on ptolemy.moml.MoMLSimpleApplication@5cbe2897
----------------- Done invoking toplevel() on ptolemy.moml.MoMLSimpleApplication@5cbe2897
reloadAllAccessors: .ChainedTransitions

===========================================================================================
----------------- testing Fri Jul 20 01:58:38 UTC 2018 /home/travis/build/icyphy/ptII/ptolemy/domains/modal/test/auto/CycleOfImmediateTransitionsFSM.xml
----------------- Instantiating /home/travis/build/icyphy/ptII/ptolemy/domains/modal/test/auto/CycleOfImmediateTransitionsFSM.xml
8 ms. Memory: 578048K Free: 442164K (76%)
----------------- Invoking toplevel() on ptolemy.moml.MoMLSimpleApplication@18c893d7
----------------- Done invoking toplevel() on ptolemy.moml.MoMLSimpleApplication@18c893d7
reloadAllAccessors: .CycleOfImmediateTransitionsFSM

===========================================================================================
----------------- testing Fri Jul 20 01:58:38 UTC 2018 /home/travis/build/icyphy/ptII/ptolemy/domains/modal/test/auto/CycleOfImmediateTransitionsModal.xml
----------------- Instantiating /home/travis/build/icyphy/ptII/ptolemy/domains/modal/test/auto/CycleOfImmediateTransitionsModal.xml
4 ms. Memory: 578048K Free: 429232K (74%)
----------------- Invoking toplevel() on ptolemy.moml.MoMLSimpleApplication@5e741ed8
----------------- Done invoking toplevel() on ptolemy.moml.MoMLSimpleApplication@5e741ed8
reloadAllAccessors: .CycleOfImmediateTransitionsModal

===========================================================================================
----------------- testing Fri Jul 20 01:58:39 UTC 2018 /home/travis/build/icyphy/ptII/ptolemy/domains/modal/test/auto/CycleOfImmediateTransitionsModal2.xml
----------------- Instantiating /home/travis/build/icyphy/ptII/ptolemy/domains/modal/test/auto/CycleOfImmediateTransitionsModal2.xml
5 ms. Memory: 578048K Free: 419447K (73%)
----------------- Invoking toplevel() on ptolemy.moml.MoMLSimpleApplication@27eb1d6c
----------------- Done invoking toplevel() on ptolemy.moml.MoMLSimpleApplication@27eb1d6c
reloadAllAccessors: .CycleOfImmediateTransitionsModal2

===========================================================================================
----------------- testing Fri Jul 20 01:58:39 UTC 2018 /home/travis/build/icyphy/ptII/ptolemy/domains/modal/test/auto/CycleOfImmediateTransitionsModal3.xml
----------------- Instantiating /home/travis/build/icyphy/ptII/ptolemy/domains/modal/test/auto/CycleOfImmediateTransitionsModal3.xml
12 ms. Memory: 578048K Free: 390084K (67%)
----------------- Invoking toplevel() on ptolemy.moml.MoMLSimpleApplication@4e1bafba
----------------- Done invoking toplevel() on ptolemy.moml.MoMLSimpleApplication@4e1bafba
reloadAllAccessors: .CycleOfImmediateTransitionsModal3

===========================================================================================
----------------- testing Fri Jul 20 01:58:39 UTC 2018 /home/travis/build/icyphy/ptII/ptolemy/domains/modal/test/auto/DeepModal1.xml
----------------- Instantiating /home/travis/build/icyphy/ptII/ptolemy/domains/modal/test/auto/DeepModal1.xml
30 ms. Memory: 578048K Free: 370522K (64%)
----------------- Invoking toplevel() on ptolemy.moml.MoMLSimpleApplication@317a49e4
----------------- Done invoking toplevel() on ptolemy.moml.MoMLSimpleApplication@317a49e4
reloadAllAccessors: .DeepModal1

===========================================================================================
----------------- testing Fri Jul 20 01:58:39 UTC 2018 /home/travis/build/icyphy/ptII/ptolemy/domains/modal/test/auto/DeepModal2.xml
----------------- Instantiating /home/travis/build/icyphy/ptII/ptolemy/domains/modal/test/auto/DeepModal2.xml
30 ms. Memory: 578048K Free: 344555K (60%)
----------------- Invoking toplevel() on ptolemy.moml.MoMLSimpleApplication@3016e1f0
----------------- Done invoking toplevel() on ptolemy.moml.MoMLSimpleApplication@3016e1f0
reloadAllAccessors: .DeepModal2

===========================================================================================
----------------- testing Fri Jul 20 01:58:39 UTC 2018 /home/travis/build/icyphy/ptII/ptolemy/domains/modal/test/auto/DeepModal3.xml
----------------- Instantiating /home/travis/build/icyphy/ptII/ptolemy/domains/modal/test/auto/DeepModal3.xml
33 ms. Memory: 578048K Free: 321705K (56%)
----------------- Invoking toplevel() on ptolemy.moml.MoMLSimpleApplication@298efae7
----------------- Done invoking toplevel() on ptolemy.moml.MoMLSimpleApplication@298efae7
reloadAllAccessors: .DeepModal3

===========================================================================================
----------------- testing Fri Jul 20 01:58:39 UTC 2018 /home/travis/build/icyphy/ptII/ptolemy/domains/modal/test/auto/DeepModal4.xml
----------------- Instantiating /home/travis/build/icyphy/ptII/ptolemy/domains/modal/test/auto/DeepModal4.xml
29 ms. Memory: 578048K Free: 298862K (52%)
----------------- Invoking toplevel() on ptolemy.moml.MoMLSimpleApplication@39873952
----------------- Done invoking toplevel() on ptolemy.moml.MoMLSimpleApplication@39873952
reloadAllAccessors: .DeepModal4

===========================================================================================
----------------- testing Fri Jul 20 01:58:39 UTC 2018 /home/travis/build/icyphy/ptII/ptolemy/domains/modal/test/auto/Default1.xml
----------------- Instantiating /home/travis/build/icyphy/ptII/ptolemy/domains/modal/test/auto/Default1.xml
7 ms. Memory: 578048K Free: 289078K (50%)
----------------- Invoking toplevel() on ptolemy.moml.MoMLSimpleApplication@17dfea87
----------------- Done invoking toplevel() on ptolemy.moml.MoMLSimpleApplication@17dfea87
reloadAllAccessors: .Default1

===========================================================================================
----------------- testing Fri Jul 20 01:58:39 UTC 2018 /home/travis/build/icyphy/ptII/ptolemy/domains/modal/test/auto/Default2.xml
----------------- Instantiating /home/travis/build/icyphy/ptII/ptolemy/domains/modal/test/auto/Default2.xml
2 ms. Memory: 578048K Free: 276153K (48%)
----------------- Invoking toplevel() on ptolemy.moml.MoMLSimpleApplication@7ecfda9c
----------------- Done invoking toplevel() on ptolemy.moml.MoMLSimpleApplication@7ecfda9c
reloadAllAccessors: .Default2

===========================================================================================
----------------- testing Fri Jul 20 01:58:39 UTC 2018 /home/travis/build/icyphy/ptII/ptolemy/domains/modal/test/auto/Default3.xml
----------------- Instantiating /home/travis/build/icyphy/ptII/ptolemy/domains/modal/test/auto/Default3.xml
2 ms. Memory: 578048K Free: 266368K (46%)
----------------- Invoking toplevel() on ptolemy.moml.MoMLSimpleApplication@62c4fb25
----------------- Done invoking toplevel() on ptolemy.moml.MoMLSimpleApplication@62c4fb25
reloadAllAccessors: .Default3

===========================================================================================
----------------- testing Fri Jul 20 01:58:39 UTC 2018 /home/travis/build/icyphy/ptII/ptolemy/domains/modal/test/auto/Default4.xml
----------------- Instantiating /home/travis/build/icyphy/ptII/ptolemy/domains/modal/test/auto/Default4.xml
2 ms. Memory: 578048K Free: 256591K (44%)
----------------- Invoking toplevel() on ptolemy.moml.MoMLSimpleApplication@324f2a4b
----------------- Done invoking toplevel() on ptolemy.moml.MoMLSimpleApplication@324f2a4b
reloadAllAccessors: .Default4

===========================================================================================
----------------- testing Fri Jul 20 01:58:39 UTC 2018 /home/travis/build/icyphy/ptII/ptolemy/domains/modal/test/auto/Default5.xml
----------------- Instantiating /home/travis/build/icyphy/ptII/ptolemy/domains/modal/test/auto/Default5.xml
4 ms. Memory: 578048K Free: 243550K (42%)
----------------- Invoking toplevel() on ptolemy.moml.MoMLSimpleApplication@49127e3e
----------------- Done invoking toplevel() on ptolemy.moml.MoMLSimpleApplication@49127e3e
reloadAllAccessors: .Default5

===========================================================================================
----------------- testing Fri Jul 20 01:58:39 UTC 2018 /home/travis/build/icyphy/ptII/ptolemy/domains/modal/test/auto/EmptyGuard.xml
----------------- Instantiating /home/travis/build/icyphy/ptII/ptolemy/domains/modal/test/auto/EmptyGuard.xml
11 ms. Memory: 578048K Free: 230509K (40%)
----------------- Invoking toplevel() on ptolemy.moml.MoMLSimpleApplication@7b1105ae
----------------- Done invoking toplevel() on ptolemy.moml.MoMLSimpleApplication@7b1105ae
reloadAllAccessors: .EmptyGuard

===========================================================================================
----------------- testing Fri Jul 20 01:58:39 UTC 2018 /home/travis/build/icyphy/ptII/ptolemy/domains/modal/test/auto/ErrorTransition1.xml
----------------- Instantiating /home/travis/build/icyphy/ptII/ptolemy/domains/modal/test/auto/ErrorTransition1.xml
5 ms. Memory: 578048K Free: 214320K (37%)
----------------- Invoking toplevel() on ptolemy.moml.MoMLSimpleApplication@f12ed78
----------------- Done invoking toplevel() on ptolemy.moml.MoMLSimpleApplication@f12ed78
reloadAllAccessors: .ErrorTransition1

===========================================================================================
----------------- testing Fri Jul 20 01:58:39 UTC 2018 /home/travis/build/icyphy/ptII/ptolemy/domains/modal/test/auto/ErrorTransition10.xml
----------------- Instantiating /home/travis/build/icyphy/ptII/ptolemy/domains/modal/test/auto/ErrorTransition10.xml
9 ms. Memory: 578048K Free: 198006K (34%)
----------------- Invoking toplevel() on ptolemy.moml.MoMLSimpleApplication@4bcccdd4
----------------- Done invoking toplevel() on ptolemy.moml.MoMLSimpleApplication@4bcccdd4
reloadAllAccessors: .ErrorTransition10

===========================================================================================
----------------- testing Fri Jul 20 01:58:39 UTC 2018 /home/travis/build/icyphy/ptII/ptolemy/domains/modal/test/auto/ErrorTransition11.xml
----------------- Instantiating /home/travis/build/icyphy/ptII/ptolemy/domains/modal/test/auto/ErrorTransition11.xml
4 ms. Memory: 578048K Free: 181692K (31%)
----------------- Invoking toplevel() on ptolemy.moml.MoMLSimpleApplication@48da431c
----------------- Done invoking toplevel() on ptolemy.moml.MoMLSimpleApplication@48da431c
reloadAllAccessors: .ErrorTransition11

===========================================================================================
----------------- testing Fri Jul 20 01:58:39 UTC 2018 /home/travis/build/icyphy/ptII/ptolemy/domains/modal/test/auto/ErrorTransition2.xml
----------------- Instantiating /home/travis/build/icyphy/ptII/ptolemy/domains/modal/test/auto/ErrorTransition2.xml
5 ms. Memory: 578048K Free: 168667K (29%)
----------------- Invoking toplevel() on ptolemy.moml.MoMLSimpleApplication@32f9d38f
----------------- Done invoking toplevel() on ptolemy.moml.MoMLSimpleApplication@32f9d38f
reloadAllAccessors: .ErrorTransition2

===========================================================================================
----------------- testing Fri Jul 20 01:58:39 UTC 2018 /home/travis/build/icyphy/ptII/ptolemy/domains/modal/test/auto/ErrorTransition3.xml
----------------- Instantiating /home/travis/build/icyphy/ptII/ptolemy/domains/modal/test/auto/ErrorTransition3.xml
6 ms. Memory: 578048K Free: 152478K (26%)
----------------- Invoking toplevel() on ptolemy.moml.MoMLSimpleApplication@366cce34
----------------- Done invoking toplevel() on ptolemy.moml.MoMLSimpleApplication@366cce34
reloadAllAccessors: .ErrorTransition3

===========================================================================================
----------------- testing Fri Jul 20 01:58:39 UTC 2018 /home/travis/build/icyphy/ptII/ptolemy/domains/modal/test/auto/ErrorTransition4.xml
----------------- Instantiating /home/travis/build/icyphy/ptII/ptolemy/domains/modal/test/auto/ErrorTransition4.xml
12 ms. Memory: 578048K Free: 139452K (24%)
----------------- Invoking toplevel() on ptolemy.moml.MoMLSimpleApplication@13919844
----------------- Done invoking toplevel() on ptolemy.moml.MoMLSimpleApplication@13919844
reloadAllAccessors: .ErrorTransition4

===========================================================================================
----------------- testing Fri Jul 20 01:58:39 UTC 2018 /home/travis/build/icyphy/ptII/ptolemy/domains/modal/test/auto/ErrorTransition5.xml
----------------- Instantiating /home/travis/build/icyphy/ptII/ptolemy/domains/modal/test/auto/ErrorTransition5.xml
5 ms. Memory: 578048K Free: 126426K (22%)
----------------- Invoking toplevel() on ptolemy.moml.MoMLSimpleApplication@737a014d
----------------- Done invoking toplevel() on ptolemy.moml.MoMLSimpleApplication@737a014d
reloadAllAccessors: .ErrorTransition5

===========================================================================================
----------------- testing Fri Jul 20 01:58:39 UTC 2018 /home/travis/build/icyphy/ptII/ptolemy/domains/modal/test/auto/ErrorTransition6.xml
----------------- Instantiating /home/travis/build/icyphy/ptII/ptolemy/domains/modal/test/auto/ErrorTransition6.xml
8 ms. Memory: 578048K Free: 113385K (20%)
----------------- Invoking toplevel() on ptolemy.moml.MoMLSimpleApplication@2101d535
----------------- Done invoking toplevel() on ptolemy.moml.MoMLSimpleApplication@2101d535
reloadAllAccessors: .ErrorTransition6

===========================================================================================
----------------- testing Fri Jul 20 01:58:39 UTC 2018 /home/travis/build/icyphy/ptII/ptolemy/domains/modal/test/auto/ErrorTransition7.xml
----------------- Instantiating /home/travis/build/icyphy/ptII/ptolemy/domains/modal/test/auto/ErrorTransition7.xml
13 ms. Memory: 578048K Free: 93924K (16%)
----------------- Invoking toplevel() on ptolemy.moml.MoMLSimpleApplication@4ea37c87
----------------- Done invoking toplevel() on ptolemy.moml.MoMLSimpleApplication@4ea37c87
reloadAllAccessors: .ErrorTransition7

===========================================================================================
----------------- testing Fri Jul 20 01:58:40 UTC 2018 /home/travis/build/icyphy/ptII/ptolemy/domains/modal/test/auto/ErrorTransition8.xml
----------------- Instantiating /home/travis/build/icyphy/ptII/ptolemy/domains/modal/test/auto/ErrorTransition8.xml
56 ms. Memory: 578048K Free: 565792K (98%)
----------------- Invoking toplevel() on ptolemy.moml.MoMLSimpleApplication@3cebc9ca
----------------- Done invoking toplevel() on ptolemy.moml.MoMLSimpleApplication@3cebc9ca
reloadAllAccessors: .ErrorTransition8

===========================================================================================
----------------- testing Fri Jul 20 01:58:40 UTC 2018 /home/travis/build/icyphy/ptII/ptolemy/domains/modal/test/auto/ErrorTransition9.xml
----------------- Instantiating /home/travis/build/icyphy/ptII/ptolemy/domains/modal/test/auto/ErrorTransition9.xml
15 ms. Memory: 578048K Free: 544745K (94%)
----------------- Invoking toplevel() on ptolemy.moml.MoMLSimpleApplication@5975d9ce
----------------- Done invoking toplevel() on ptolemy.moml.MoMLSimpleApplication@5975d9ce
reloadAllAccessors: .ErrorTransition9

===========================================================================================
----------------- testing Fri Jul 20 01:58:40 UTC 2018 /home/travis/build/icyphy/ptII/ptolemy/domains/modal/test/auto/ExtendedFSM.xml
----------------- Instantiating /home/travis/build/icyphy/ptII/ptolemy/domains/modal/test/auto/ExtendedFSM.xml
9 ms. Memory: 578048K Free: 534960K (93%)
----------------- Invoking toplevel() on ptolemy.moml.MoMLSimpleApplication@4a71111a
----------------- Done invoking toplevel() on ptolemy.moml.MoMLSimpleApplication@4a71111a
reloadAllAccessors: .ExtendedFSM

===========================================================================================
----------------- testing Fri Jul 20 01:58:40 UTC 2018 /home/travis/build/icyphy/ptII/ptolemy/domains/modal/test/auto/FinalStates.xml
----------------- Instantiating /home/travis/build/icyphy/ptII/ptolemy/domains/modal/test/auto/FinalStates.xml
15 ms. Memory: 578048K Free: 522974K (90%)
----------------- Invoking toplevel() on ptolemy.moml.MoMLSimpleApplication@3378de32
----------------- Done invoking toplevel() on ptolemy.moml.MoMLSimpleApplication@3378de32
reloadAllAccessors: .FinalStates

===========================================================================================
----------------- testing Fri Jul 20 01:58:40 UTC 2018 /home/travis/build/icyphy/ptII/ptolemy/domains/modal/test/auto/FixedPointFSM.xml
----------------- Instantiating /home/travis/build/icyphy/ptII/ptolemy/domains/modal/test/auto/FixedPointFSM.xml
29 ms. Memory: 578048K Free: 505815K (88%)
----------------- Invoking toplevel() on ptolemy.moml.MoMLSimpleApplication@23474440
----------------- Done invoking toplevel() on ptolemy.moml.MoMLSimpleApplication@23474440
reloadAllAccessors: .FixedPointFSM

===========================================================================================
----------------- testing Fri Jul 20 01:58:40 UTC 2018 /home/travis/build/icyphy/ptII/ptolemy/domains/modal/test/auto/FixedPointIterationFSMActor.xml
----------------- Instantiating /home/travis/build/icyphy/ptII/ptolemy/domains/modal/test/auto/FixedPointIterationFSMActor.xml
7 ms. Memory: 578048K Free: 493579K (85%)
----------------- Invoking toplevel() on ptolemy.moml.MoMLSimpleApplication@2db2d1dd
----------------- Done invoking toplevel() on ptolemy.moml.MoMLSimpleApplication@2db2d1dd
reloadAllAccessors: .FixedPointIterationFSMActor

===========================================================================================
----------------- testing Fri Jul 20 01:58:40 UTC 2018 /home/travis/build/icyphy/ptII/ptolemy/domains/modal/test/auto/FixedPointIterationFSMActor2.xml
----------------- Instantiating /home/travis/build/icyphy/ptII/ptolemy/domains/modal/test/auto/FixedPointIterationFSMActor2.xml
13 ms. Memory: 578048K Free: 476677K (82%)
----------------- Invoking toplevel() on ptolemy.moml.MoMLSimpleApplication@2b6bc850
----------------- Done invoking toplevel() on ptolemy.moml.MoMLSimpleApplication@2b6bc850
reloadAllAccessors: .FixedPointIterationFSMActor2

===========================================================================================
----------------- testing Fri Jul 20 01:58:40 UTC 2018 /home/travis/build/icyphy/ptII/ptolemy/domains/modal/test/auto/ForbiddenInstantanousLoop.xml
----------------- Instantiating /home/travis/build/icyphy/ptII/ptolemy/domains/modal/test/auto/ForbiddenInstantanousLoop.xml
6 ms. Memory: 578048K Free: 462007K (80%)
----------------- Invoking toplevel() on ptolemy.moml.MoMLSimpleApplication@3e36b65b
----------------- Done invoking toplevel() on ptolemy.moml.MoMLSimpleApplication@3e36b65b
reloadAllAccessors: .ForbiddenInstantanousLoop

===========================================================================================
----------------- testing Fri Jul 20 01:58:40 UTC 2018 /home/travis/build/icyphy/ptII/ptolemy/domains/modal/test/auto/FunctionDependencyOfFSMActorTest.xml
----------------- Instantiating /home/travis/build/icyphy/ptII/ptolemy/domains/modal/test/auto/FunctionDependencyOfFSMActorTest.xml
13 ms. Memory: 578048K Free: 454664K (79%)
----------------- Invoking toplevel() on ptolemy.moml.MoMLSimpleApplication@2e15d8a9
----------------- Done invoking toplevel() on ptolemy.moml.MoMLSimpleApplication@2e15d8a9
reloadAllAccessors: .FunctionDependencyOfFSMActorTest

===========================================================================================
----------------- testing Fri Jul 20 01:58:40 UTC 2018 /home/travis/build/icyphy/ptII/ptolemy/domains/modal/test/auto/GuardExpression.xml
----------------- Instantiating /home/travis/build/icyphy/ptII/ptolemy/domains/modal/test/auto/GuardExpression.xml
6 ms. Memory: 578048K Free: 445129K (77%)
----------------- Invoking toplevel() on ptolemy.moml.MoMLSimpleApplication@74fc5e2a
----------------- Done invoking toplevel() on ptolemy.moml.MoMLSimpleApplication@74fc5e2a
reloadAllAccessors: .GuardExpression

===========================================================================================
----------------- testing Fri Jul 20 01:58:40 UTC 2018 /home/travis/build/icyphy/ptII/ptolemy/domains/modal/test/auto/GuardNotEvaluated.xml
----------------- Instantiating /home/travis/build/icyphy/ptII/ptolemy/domains/modal/test/auto/GuardNotEvaluated.xml
11 ms. Memory: 578048K Free: 435344K (75%)
----------------- Invoking toplevel() on ptolemy.moml.MoMLSimpleApplication@1c8c951b
----------------- Done invoking toplevel() on ptolemy.moml.MoMLSimpleApplication@1c8c951b
reloadAllAccessors: .GuardNotEvaluated

===========================================================================================
----------------- testing Fri Jul 20 01:58:40 UTC 2018 /home/travis/build/icyphy/ptII/ptolemy/domains/modal/test/auto/GuardNotEvaluated2.xml
----------------- Instantiating /home/travis/build/icyphy/ptII/ptolemy/domains/modal/test/auto/GuardNotEvaluated2.xml
6 ms. Memory: 578048K Free: 425558K (74%)
----------------- Invoking toplevel() on ptolemy.moml.MoMLSimpleApplication@40fe365b
----------------- Done invoking toplevel() on ptolemy.moml.MoMLSimpleApplication@40fe365b
reloadAllAccessors: .GuardNotEvaluated2

===========================================================================================
----------------- testing Fri Jul 20 01:58:40 UTC 2018 /home/travis/build/icyphy/ptII/ptolemy/domains/modal/test/auto/GuardOnAbsent.xml
----------------- Instantiating /home/travis/build/icyphy/ptII/ptolemy/domains/modal/test/auto/GuardOnAbsent.xml
14 ms. Memory: 578048K Free: 413556K (72%)
----------------- Invoking toplevel() on ptolemy.moml.MoMLSimpleApplication@6b32710e
----------------- Done invoking toplevel() on ptolemy.moml.MoMLSimpleApplication@6b32710e
reloadAllAccessors: .GuardOnAbsent

===========================================================================================
----------------- testing Fri Jul 20 01:58:40 UTC 2018 /home/travis/build/icyphy/ptII/ptolemy/domains/modal/test/auto/HierarchicalFSMTypeInference.xml
----------------- Instantiating /home/travis/build/icyphy/ptII/ptolemy/domains/modal/test/auto/HierarchicalFSMTypeInference.xml
3 ms. Memory: 578048K Free: 398887K (69%)
----------------- Invoking toplevel() on ptolemy.moml.MoMLSimpleApplication@2c350cf2
----------------- Done invoking toplevel() on ptolemy.moml.MoMLSimpleApplication@2c350cf2
reloadAllAccessors: .HierarchicalFSMTypeInference

===========================================================================================
----------------- testing Fri Jul 20 01:58:40 UTC 2018 /home/travis/build/icyphy/ptII/ptolemy/domains/modal/test/auto/Hysteresis.xml
----------------- Instantiating /home/travis/build/icyphy/ptII/ptolemy/domains/modal/test/auto/Hysteresis.xml
15 ms. Memory: 578048K Free: 381759K (66%)
----------------- Invoking toplevel() on ptolemy.moml.MoMLSimpleApplication@662c58c4
----------------- Done invoking toplevel() on ptolemy.moml.MoMLSimpleApplication@662c58c4
reloadAllAccessors: .Hysteresis

===========================================================================================
----------------- testing Fri Jul 20 01:58:40 UTC 2018 /home/travis/build/icyphy/ptII/ptolemy/domains/modal/test/auto/HysteresisWithDefault.xml
----------------- Instantiating /home/travis/build/icyphy/ptII/ptolemy/domains/modal/test/auto/HysteresisWithDefault.xml
40 ms. Memory: 578048K Free: 352613K (61%)
----------------- Invoking toplevel() on ptolemy.moml.MoMLSimpleApplication@2e6fe475
----------------- Done invoking toplevel() on ptolemy.moml.MoMLSimpleApplication@2e6fe475
reloadAllAccessors: .HysteresisWithDefault

===========================================================================================
----------------- testing Fri Jul 20 01:58:40 UTC 2018 /home/travis/build/icyphy/ptII/ptolemy/domains/modal/test/auto/HysteresisWithDefault2.xml
----------------- Instantiating /home/travis/build/icyphy/ptII/ptolemy/domains/modal/test/auto/HysteresisWithDefault2.xml
48 ms. Memory: 578048K Free: 320736K (55%)
----------------- Invoking toplevel() on ptolemy.moml.MoMLSimpleApplication@5aa2661f
----------------- Done invoking toplevel() on ptolemy.moml.MoMLSimpleApplication@5aa2661f
reloadAllAccessors: .HysteresisWithDefault2

===========================================================================================
----------------- testing Fri Jul 20 01:58:40 UTC 2018 /home/travis/build/icyphy/ptII/ptolemy/domains/modal/test/auto/ImmediateNonConstructiveness.xml
----------------- Instantiating /home/travis/build/icyphy/ptII/ptolemy/domains/modal/test/auto/ImmediateNonConstructiveness.xml
2 ms. Memory: 578048K Free: 308750K (53%)
----------------- Invoking toplevel() on ptolemy.moml.MoMLSimpleApplication@1d225426
----------------- Done invoking toplevel() on ptolemy.moml.MoMLSimpleApplication@1d225426
reloadAllAccessors: .ImmediateNonConstructiveness

===========================================================================================
----------------- testing Fri Jul 20 01:58:40 UTC 2018 /home/travis/build/icyphy/ptII/ptolemy/domains/modal/test/auto/ImmediateNonConstructiveness2.xml
----------------- Instantiating /home/travis/build/icyphy/ptII/ptolemy/domains/modal/test/auto/ImmediateNonConstructiveness2.xml
2 ms. Memory: 578048K Free: 298965K (52%)
----------------- Invoking toplevel() on ptolemy.moml.MoMLSimpleApplication@48c79ee7
----------------- Done invoking toplevel() on ptolemy.moml.MoMLSimpleApplication@48c79ee7
reloadAllAccessors: .ImmediateNonConstructiveness2

===========================================================================================
----------------- testing Fri Jul 20 01:58:40 UTC 2018 /home/travis/build/icyphy/ptII/ptolemy/domains/modal/test/auto/ImmediateTransitionReset.xml
----------------- Instantiating /home/travis/build/icyphy/ptII/ptolemy/domains/modal/test/auto/ImmediateTransitionReset.xml
4 ms. Memory: 578048K Free: 284263K (49%)
----------------- Invoking toplevel() on ptolemy.moml.MoMLSimpleApplication@7d2ddffc
----------------- Done invoking toplevel() on ptolemy.moml.MoMLSimpleApplication@7d2ddffc
reloadAllAccessors: .ImmediateTransitionReset

===========================================================================================
----------------- testing Fri Jul 20 01:58:40 UTC 2018 /home/travis/build/icyphy/ptII/ptolemy/domains/modal/test/auto/ImmediateTransitions1.xml
----------------- Instantiating /home/travis/build/icyphy/ptII/ptolemy/domains/modal/test/auto/ImmediateTransitions1.xml
1 ms. Memory: 578048K Free: 274736K (48%)
----------------- Invoking toplevel() on ptolemy.moml.MoMLSimpleApplication@24de8298
----------------- Done invoking toplevel() on ptolemy.moml.MoMLSimpleApplication@24de8298
reloadAllAccessors: .ImmediateTransitions1

===========================================================================================
----------------- testing Fri Jul 20 01:58:40 UTC 2018 /home/travis/build/icyphy/ptII/ptolemy/domains/modal/test/auto/ImmediateTransitionsInstantaneousCommunication.xml
----------------- Instantiating /home/travis/build/icyphy/ptII/ptolemy/domains/modal/test/auto/ImmediateTransitionsInstantaneousCommunication.xml
5 ms. Memory: 578048K Free: 260082K (45%)
----------------- Invoking toplevel() on ptolemy.moml.MoMLSimpleApplication@60e7fa61
----------------- Done invoking toplevel() on ptolemy.moml.MoMLSimpleApplication@60e7fa61
reloadAllAccessors: .ImmediateTransitionsInstantaneousCommunication

===========================================================================================
----------------- testing Fri Jul 20 01:58:40 UTC 2018 /home/travis/build/icyphy/ptII/ptolemy/domains/modal/test/auto/InitialImmediateTransition.xml
----------------- Instantiating /home/travis/build/icyphy/ptII/ptolemy/domains/modal/test/auto/InitialImmediateTransition.xml
5 ms. Memory: 578048K Free: 250297K (43%)
----------------- Invoking toplevel() on ptolemy.moml.MoMLSimpleApplication@2b179d6
----------------- Done invoking toplevel() on ptolemy.moml.MoMLSimpleApplication@2b179d6
reloadAllAccessors: .InitialImmediateTransition

===========================================================================================
----------------- testing Fri Jul 20 01:58:41 UTC 2018 /home/travis/build/icyphy/ptII/ptolemy/domains/modal/test/auto/InitialOutputs.xml
----------------- Instantiating /home/travis/build/icyphy/ptII/ptolemy/domains/modal/test/auto/InitialOutputs.xml
3 ms. Memory: 578048K Free: 238311K (41%)
----------------- Invoking toplevel() on ptolemy.moml.MoMLSimpleApplication@4a0fa815
----------------- Done invoking toplevel() on ptolemy.moml.MoMLSimpleApplication@4a0fa815
reloadAllAccessors: .InitialOutputs

===========================================================================================
----------------- testing Fri Jul 20 01:58:41 UTC 2018 /home/travis/build/icyphy/ptII/ptolemy/domains/modal/test/auto/InitialStateTransition1.xml
----------------- Instantiating /home/travis/build/icyphy/ptII/ptolemy/domains/modal/test/auto/InitialStateTransition1.xml
3 ms. Memory: 578048K Free: 228526K (40%)
----------------- Invoking toplevel() on ptolemy.moml.MoMLSimpleApplication@42b56c19
----------------- Done invoking toplevel() on ptolemy.moml.MoMLSimpleApplication@42b56c19
reloadAllAccessors: .InitialStateTransition1

===========================================================================================
----------------- testing Fri Jul 20 01:58:41 UTC 2018 /home/travis/build/icyphy/ptII/ptolemy/domains/modal/test/auto/InitialStateTransition2.xml
----------------- Instantiating /home/travis/build/icyphy/ptII/ptolemy/domains/modal/test/auto/InitialStateTransition2.xml
.InitialStateTransition2.TestExceptionAttributeNonConstructive: initialize() was not invoked, but wrapup() was.  This is unusual, but not always a problem.  For example, exporting JNLP will do this.
2 ms. Memory: 578048K Free: 214098K (37%)
----------------- Invoking toplevel() on ptolemy.moml.MoMLSimpleApplication@36250208
----------------- Done invoking toplevel() on ptolemy.moml.MoMLSimpleApplication@36250208
reloadAllAccessors: .InitialStateTransition2

===========================================================================================
----------------- testing Fri Jul 20 01:58:41 UTC 2018 /home/travis/build/icyphy/ptII/ptolemy/domains/modal/test/auto/InitialStateTransition3.xml
----------------- Instantiating /home/travis/build/icyphy/ptII/ptolemy/domains/modal/test/auto/InitialStateTransition3.xml
5 ms. Memory: 578048K Free: 201862K (35%)
----------------- Invoking toplevel() on ptolemy.moml.MoMLSimpleApplication@3440356
----------------- Done invoking toplevel() on ptolemy.moml.MoMLSimpleApplication@3440356
reloadAllAccessors: .InitialStateTransition3

===========================================================================================
----------------- testing Fri Jul 20 01:58:41 UTC 2018 /home/travis/build/icyphy/ptII/ptolemy/domains/modal/test/auto/InitialStateTransition4.xml
----------------- Instantiating /home/travis/build/icyphy/ptII/ptolemy/domains/modal/test/auto/InitialStateTransition4.xml
3 ms. Memory: 578048K Free: 189619K (33%)
----------------- Invoking toplevel() on ptolemy.moml.MoMLSimpleApplication@1033f08
----------------- Done invoking toplevel() on ptolemy.moml.MoMLSimpleApplication@1033f08
[...]
----------------- Done invoking toplevel() on ptolemy.moml.MoMLSimpleApplication@7d33ca14
reloadAllAccessors: .TerminationTransition3

===========================================================================================
----------------- testing Fri Jul 20 01:58:43 UTC 2018 /home/travis/build/icyphy/ptII/ptolemy/domains/modal/test/auto/TerminationTransition4.xml
----------------- Instantiating /home/travis/build/icyphy/ptII/ptolemy/domains/modal/test/auto/TerminationTransition4.xml
6 ms. Memory: 871936K Free: 93129K (11%)
----------------- Invoking toplevel() on ptolemy.moml.MoMLSimpleApplication@451698e6
----------------- Done invoking toplevel() on ptolemy.moml.MoMLSimpleApplication@451698e6
reloadAllAccessors: .TerminationTransition4

===========================================================================================
----------------- testing Fri Jul 20 01:58:43 UTC 2018 /home/travis/build/icyphy/ptII/ptolemy/domains/modal/test/auto/TerminationTransition5.xml
----------------- Instantiating /home/travis/build/icyphy/ptII/ptolemy/domains/modal/test/auto/TerminationTransition5.xml
2 ms. Memory: 871936K Free: 852127K (98%)
----------------- Invoking toplevel() on ptolemy.moml.MoMLSimpleApplication@5625d6d
----------------- Done invoking toplevel() on ptolemy.moml.MoMLSimpleApplication@5625d6d
reloadAllAccessors: .TerminationTransition5

===========================================================================================
----------------- testing Fri Jul 20 01:58:43 UTC 2018 /home/travis/build/icyphy/ptII/ptolemy/domains/modal/test/auto/TerminationTransition6.xml
----------------- Instantiating /home/travis/build/icyphy/ptII/ptolemy/domains/modal/test/auto/TerminationTransition6.xml
2 ms. Memory: 871936K Free: 834612K (96%)
----------------- Invoking toplevel() on ptolemy.moml.MoMLSimpleApplication@15059c72
----------------- Done invoking toplevel() on ptolemy.moml.MoMLSimpleApplication@15059c72
reloadAllAccessors: .TerminationTransition6

===========================================================================================
----------------- testing Fri Jul 20 01:58:43 UTC 2018 /home/travis/build/icyphy/ptII/ptolemy/domains/modal/test/auto/TerminationTransition7.xml
----------------- Instantiating /home/travis/build/icyphy/ptII/ptolemy/domains/modal/test/auto/TerminationTransition7.xml
4 ms. Memory: 871936K Free: 818854K (94%)
----------------- Invoking toplevel() on ptolemy.moml.MoMLSimpleApplication@253096f2
----------------- Done invoking toplevel() on ptolemy.moml.MoMLSimpleApplication@253096f2
reloadAllAccessors: .TerminationTransition7

===========================================================================================
----------------- testing Fri Jul 20 01:58:43 UTC 2018 /home/travis/build/icyphy/ptII/ptolemy/domains/modal/test/auto/TerminationTransition8.xml
----------------- Instantiating /home/travis/build/icyphy/ptII/ptolemy/domains/modal/test/auto/TerminationTransition8.xml
2 ms. Memory: 871936K Free: 801347K (92%)
----------------- Invoking toplevel() on ptolemy.moml.MoMLSimpleApplication@767cd53d
----------------- Done invoking toplevel() on ptolemy.moml.MoMLSimpleApplication@767cd53d
reloadAllAccessors: .TerminationTransition8

===========================================================================================
----------------- testing Fri Jul 20 01:58:43 UTC 2018 /home/travis/build/icyphy/ptII/ptolemy/domains/modal/test/auto/Thermostat_NoHysteresis.xml
----------------- Instantiating /home/travis/build/icyphy/ptII/ptolemy/domains/modal/test/auto/Thermostat_NoHysteresis.xml
28 ms. Memory: 871936K Free: 770042K (88%)
----------------- Invoking toplevel() on ptolemy.moml.MoMLSimpleApplication@3f54e294
----------------- Done invoking toplevel() on ptolemy.moml.MoMLSimpleApplication@3f54e294
reloadAllAccessors: .Thermostat_NoHysteresis

===========================================================================================
----------------- testing Fri Jul 20 01:58:43 UTC 2018 /home/travis/build/icyphy/ptII/ptolemy/domains/modal/test/auto/TimedFSM.xml
----------------- Instantiating /home/travis/build/icyphy/ptII/ptolemy/domains/modal/test/auto/TimedFSM.xml
9 ms. Memory: 871936K Free: 752535K (86%)
----------------- Invoking toplevel() on ptolemy.moml.MoMLSimpleApplication@3bbfcacb
----------------- Done invoking toplevel() on ptolemy.moml.MoMLSimpleApplication@3bbfcacb
reloadAllAccessors: .TimedFSM

===========================================================================================
----------------- testing Fri Jul 20 01:58:43 UTC 2018 /home/travis/build/icyphy/ptII/ptolemy/domains/modal/test/auto/Timeout1.xml
----------------- Instantiating /home/travis/build/icyphy/ptII/ptolemy/domains/modal/test/auto/Timeout1.xml
3 ms. Memory: 871936K Free: 742111K (85%)
----------------- Invoking toplevel() on ptolemy.moml.MoMLSimpleApplication@65066105
----------------- Done invoking toplevel() on ptolemy.moml.MoMLSimpleApplication@65066105
reloadAllAccessors: .Timeout1

===========================================================================================
----------------- testing Fri Jul 20 01:58:43 UTC 2018 /home/travis/build/icyphy/ptII/ptolemy/domains/modal/test/auto/Timeout2.xml
----------------- Instantiating /home/travis/build/icyphy/ptII/ptolemy/domains/modal/test/auto/Timeout2.xml
5 ms. Memory: 871936K Free: 724588K (83%)
----------------- Invoking toplevel() on ptolemy.moml.MoMLSimpleApplication@638c000a
----------------- Done invoking toplevel() on ptolemy.moml.MoMLSimpleApplication@638c000a
reloadAllAccessors: .Timeout2

===========================================================================================
----------------- testing Fri Jul 20 01:58:43 UTC 2018 /home/travis/build/icyphy/ptII/ptolemy/domains/modal/test/auto/Timeout3.xml
----------------- Instantiating /home/travis/build/icyphy/ptII/ptolemy/domains/modal/test/auto/Timeout3.xml
2 ms. Memory: 871936K Free: 714164K (82%)
----------------- Invoking toplevel() on ptolemy.moml.MoMLSimpleApplication@1498bfd2
----------------- Done invoking toplevel() on ptolemy.moml.MoMLSimpleApplication@1498bfd2
reloadAllAccessors: .Timeout3

===========================================================================================
----------------- testing Fri Jul 20 01:58:43 UTC 2018 /home/travis/build/icyphy/ptII/ptolemy/domains/modal/test/auto/Timeout4.xml
----------------- Instantiating /home/travis/build/icyphy/ptII/ptolemy/domains/modal/test/auto/Timeout4.xml
3 ms. Memory: 871936K Free: 701869K (80%)
----------------- Invoking toplevel() on ptolemy.moml.MoMLSimpleApplication@668f5f5
----------------- Done invoking toplevel() on ptolemy.moml.MoMLSimpleApplication@668f5f5
reloadAllAccessors: .Timeout4

===========================================================================================
----------------- testing Fri Jul 20 01:58:43 UTC 2018 /home/travis/build/icyphy/ptII/ptolemy/domains/modal/test/auto/TransientstateModelAdvanced.xml
----------------- Instantiating /home/travis/build/icyphy/ptII/ptolemy/domains/modal/test/auto/TransientstateModelAdvanced.xml
2 ms. Memory: 871936K Free: 681013K (78%)
----------------- Invoking toplevel() on ptolemy.moml.MoMLSimpleApplication@4b4c2fcc
----------------- Done invoking toplevel() on ptolemy.moml.MoMLSimpleApplication@4b4c2fcc
reloadAllAccessors: .TransientstateModelAdvanced

===========================================================================================
----------------- testing Fri Jul 20 01:58:43 UTC 2018 /home/travis/build/icyphy/ptII/ptolemy/domains/modal/test/auto/TransientstateModelAdvanced2.xml
----------------- Instantiating /home/travis/build/icyphy/ptII/ptolemy/domains/modal/test/auto/TransientstateModelAdvanced2.xml
3 ms. Memory: 871936K Free: 658278K (75%)
----------------- Invoking toplevel() on ptolemy.moml.MoMLSimpleApplication@1cc1388c
----------------- Done invoking toplevel() on ptolemy.moml.MoMLSimpleApplication@1cc1388c
reloadAllAccessors: .transientstatemodelAdvanced

===========================================================================================
----------------- testing Fri Jul 20 01:58:43 UTC 2018 /home/travis/build/icyphy/ptII/ptolemy/domains/modal/test/auto/TransitionRefinements.xml
----------------- Instantiating /home/travis/build/icyphy/ptII/ptolemy/domains/modal/test/auto/TransitionRefinements.xml
11 ms. Memory: 871936K Free: 642625K (74%)
----------------- Invoking toplevel() on ptolemy.moml.MoMLSimpleApplication@5ff20a31
----------------- Done invoking toplevel() on ptolemy.moml.MoMLSimpleApplication@5ff20a31
reloadAllAccessors: .TransitionRefinements

===========================================================================================
----------------- testing Fri Jul 20 01:58:43 UTC 2018 /home/travis/build/icyphy/ptII/ptolemy/domains/modal/test/auto/TwoRefinements1.xml
----------------- Instantiating /home/travis/build/icyphy/ptII/ptolemy/domains/modal/test/auto/TwoRefinements1.xml
3 ms. Memory: 871936K Free: 625103K (72%)
----------------- Invoking toplevel() on ptolemy.moml.MoMLSimpleApplication@4a4c656c
----------------- Done invoking toplevel() on ptolemy.moml.MoMLSimpleApplication@4a4c656c
reloadAllAccessors: .TwoRefinements1

===========================================================================================
----------------- testing Fri Jul 20 01:58:43 UTC 2018 /home/travis/build/icyphy/ptII/ptolemy/domains/modal/test/auto/TwoRefinements2.xml
----------------- Instantiating /home/travis/build/icyphy/ptII/ptolemy/domains/modal/test/auto/TwoRefinements2.xml
2 ms. Memory: 871936K Free: 609450K (70%)
----------------- Invoking toplevel() on ptolemy.moml.MoMLSimpleApplication@1f1abbed
----------------- Done invoking toplevel() on ptolemy.moml.MoMLSimpleApplication@1f1abbed
reloadAllAccessors: .TwoRefinements2

===========================================================================================
----------------- testing Fri Jul 20 01:58:43 UTC 2018 /home/travis/build/icyphy/ptII/ptolemy/domains/modal/test/auto/WeakImmediateTransition.xml
----------------- Instantiating /home/travis/build/icyphy/ptII/ptolemy/domains/modal/test/auto/WeakImmediateTransition.xml
3 ms. Memory: 871936K Free: 591928K (68%)
----------------- Invoking toplevel() on ptolemy.moml.MoMLSimpleApplication@518540c0
----------------- Done invoking toplevel() on ptolemy.moml.MoMLSimpleApplication@518540c0
reloadAllAccessors: .WeakImmediateTransition

===========================================================================================
----------------- testing Fri Jul 20 01:58:43 UTC 2018 /home/travis/build/icyphy/ptII/ptolemy/domains/modal/test/auto/booleanSelect.xml
----------------- Instantiating /home/travis/build/icyphy/ptII/ptolemy/domains/modal/test/auto/booleanSelect.xml
48 ms. Memory: 871936K Free: 565835K (65%)
----------------- Invoking toplevel() on ptolemy.moml.MoMLSimpleApplication@3a13787c
----------------- Done invoking toplevel() on ptolemy.moml.MoMLSimpleApplication@3a13787c
reloadAllAccessors: .booleanSelect

===========================================================================================
----------------- testing Fri Jul 20 01:58:43 UTC 2018 /home/travis/build/icyphy/ptII/ptolemy/domains/modal/test/auto/modalChangingParams.xml
----------------- Instantiating /home/travis/build/icyphy/ptII/ptolemy/domains/modal/test/auto/modalChangingParams.xml
0
1
0
2
4
6
8
7
0
2
4
6
8
13
0
2
4
6
8
19
0
2
4
6
8
25
0
2
4
6
8
31
0
2
4
6
8
37
0
2
4
6
8
43
0
2
4
6
8
49
0
2
4
6
8
55
0
2
4
6
8
61
0
2
4
6
8
67
0
2
4
6
8
73
0
2
4
6
8
79
0
2
4
6
8
85
0
2
4
6
8
91
0
2
4
6
8
97
0
2
4
6
8
103
0
2
4
6
8
109
0
2
4
6
8
115
0
2
4
6
8
121
0
2
4
6
8
127
0
2
4
6
8
133
0
2
4
6
8
139
0
2
4
6
8
145
0
2
4
6
8
151
0
2
4
6
8
157
0
2
4
6
8
163
0
2
4
6
8
169
0
2
4
6
8
175
0
2
4
6
8
181
0
2
4
6
8
187
0
2
4
6
8
193
0
2
4
6
8
199
0
2
4
6
8
205
0
2
4
6
8
211
0
2
4
6
8
217
0
2
4
6
8
223
0
2
4
6
8
229
0
2
4
6
8
235
0
2
4
6
8
241
0
2
4
6
8
247
0
2
4
6
8
253
0
2
4
6
8
259
0
2
4
6
8
265
0
2
4
6
8
271
0
2
4
6
8
277
0
2
4
6
8
283
0
2
4
6
8
289
0
2
4
6
8
295
0
2
4
6
8
301
0
2
4
6
8
307
0
2
4
6
8
313
0
2
4
6
8
319
0
2
4
6
8
325
0
2
4
6
8
331
0
2
4
6
8
337
0
2
4
6
8
343
0
2
4
6
8
349
0
2
4
6
8
355
0
2
4
6
8
361
0
2
4
6
8
367
0
2
4
6
8
373
0
2
4
6
8
379
0
2
4
6
8
385
0
2
4
6
8
391
0
2
4
6
8
397
0
2
4
6
8
403
0
2
4
6
8
409
0
2
4
6
8
415
0
2
4
6
8
421
0
2
4
6
8
427
0
2
4
6
8
433
0
2
4
6
8
439
0
2
4
6
8
445
0
2
4
6
8
451
0
2
4
6
8
457
0
2
4
6
8
463
0
2
4
6
8
469
0
2
4
6
8
475
0
2
4
6
8
481
0
2
4
6
8
487
0
2
4
6
8
493
0
2
4
6
8
499
0
2
4
6
8
505
0
2
4
6
8
511
0
2
4
6
8
517
0
2
4
6
8
523
0
2
4
6
8
529
0
2
4
6
8
535
0
2
4
6
8
541
0
2
4
6
8
547
0
2
4
6
8
553
0
2
4
6
8
559
0
2
4
6
8
565
0
2
4
6
8
571
0
2
4
6
8
577
0
2
4
6
8
583
0
2
4
6
8
589
0
2
4
6
8
595
0
2
4
6
8
601
0
2
4
6
8
607
0
2
4
6
8
613
0
2
4
6
8
619
0
2
4
6
8
625
0
2
4
6
8
631
0
2
4
6
8
637
0
2
4
6
8
643
0
2
4
6
8
649
0
2
4
6
8
655
0
2
4
6
8
661
0
2
4
6
8
667
0
2
4
6
8
673
0
2
4
6
8
679
0
2
4
6
8
685
0
2
4
6
8
691
0
2
4
6
8
697
0
2
4
6
8
703
0
2
4
6
8
709
0
2
4
6
8
715
0
2
4
6
8
721
0
2
4
6
8
727
0
2
4
6
8
733
0
2
4
6
8
739
0
2
4
6
8
745
0
2
4
6
8
751
0
2
4
6
8
757
0
2
4
6
8
763
0
2
4
6
8
769
0
2
4
6
8
775
0
2
4
6
8
781
0
2
4
6
8
787
0
2
4
6
8
793
0
2
4
6
8
799
0
2
4
6
8
805
0
2
4
6
8
811
0
2
4
6
8
817
0
2
4
6
8
823
0
2
4
6
8
829
0
2
4
6
8
835
0
2
4
6
8
841
0
2
4
6
8
847
0
2
4
6
8
853
0
2
4
6
8
859
0
2
4
6
8
865
0
2
4
6
8
871
0
2
4
6
8
877
0
2
4
6
8
883
0
2
4
6
8
889
0
2
4
6
8
895
0
2
4
6
8
901
0
2
4
6
8
907
0
2
4
6
8
913
0
2
4
6
8
919
0
2
4
6
8
925
0
2
4
6
8
931
0
2
4
6
8
937
0
2
4
6
8
943
0
2
4
6
8
949
0
2
4
6
8
955
0
2
4
6
8
961
0
2
4
6
8
967
0
2
4
6
8
973
0
2
4
6
8
979
0
2
4
6
8
985
0
2
4
6
8
991
0
2
4
6
8
997
0
2
288 ms. Memory: 871936K Free: 450975K (52%)
----------------- Invoking toplevel() on ptolemy.moml.MoMLSimpleApplication@38aa7ac3
----------------- Done invoking toplevel() on ptolemy.moml.MoMLSimpleApplication@38aa7ac3
reloadAllAccessors: .modalChangingParams

===========================================================================================
----------------- testing Fri Jul 20 01:58:44 UTC 2018 /home/travis/build/icyphy/ptII/ptolemy/domains/modal/test/auto/modalModel.xml
----------------- Instantiating /home/travis/build/icyphy/ptII/ptolemy/domains/modal/test/auto/modalModel.xml
10 ms. Memory: 871936K Free: 433452K (50%)
----------------- Invoking toplevel() on ptolemy.moml.MoMLSimpleApplication@7142f09f
----------------- Done invoking toplevel() on ptolemy.moml.MoMLSimpleApplication@7142f09f
reloadAllAccessors: .modalModel

===========================================================================================
----------------- testing Fri Jul 20 01:58:44 UTC 2018 /home/travis/build/icyphy/ptII/ptolemy/domains/modal/test/auto/modalModel2.xml
----------------- Instantiating /home/travis/build/icyphy/ptII/ptolemy/domains/modal/test/auto/modalModel2.xml
6 ms. Memory: 871936K Free: 417800K (48%)
----------------- Invoking toplevel() on ptolemy.moml.MoMLSimpleApplication@77b789d0
----------------- Done invoking toplevel() on ptolemy.moml.MoMLSimpleApplication@77b789d0
reloadAllAccessors: .modalModel2

===========================================================================================
----------------- testing Fri Jul 20 01:58:44 UTC 2018 /home/travis/build/icyphy/ptII/ptolemy/domains/modal/test/auto/modalModel3.xml
----------------- Instantiating /home/travis/build/icyphy/ptII/ptolemy/domains/modal/test/auto/modalModel3.xml
0	0	0
3	2	1
6	4	2
9	6	3
4	0	4
7	2	5
10	4	6
13	6	7
8	0	8
11	2	9
14	4	10
17	6	11
12	0	12
15	2	13
18	4	14
15 ms. Memory: 871936K Free: 395081K (45%)
----------------- Invoking toplevel() on ptolemy.moml.MoMLSimpleApplication@13e712dc
----------------- Done invoking toplevel() on ptolemy.moml.MoMLSimpleApplication@13e712dc
reloadAllAccessors: .modalModel3

===========================================================================================
----------------- testing Fri Jul 20 01:58:44 UTC 2018 /home/travis/build/icyphy/ptII/ptolemy/domains/modal/test/auto/model1.xml
----------------- Instantiating /home/travis/build/icyphy/ptII/ptolemy/domains/modal/test/auto/model1.xml
11 ms. Memory: 871936K Free: 384656K (44%)
----------------- Invoking toplevel() on ptolemy.moml.MoMLSimpleApplication@5a1ba016
----------------- Done invoking toplevel() on ptolemy.moml.MoMLSimpleApplication@5a1ba016
reloadAllAccessors: .model1

===========================================================================================
----------------- testing Fri Jul 20 01:58:44 UTC 2018 /home/travis/build/icyphy/ptII/ptolemy/domains/modal/test/auto/test-direct-in-out.xml
----------------- Instantiating /home/travis/build/icyphy/ptII/ptolemy/domains/modal/test/auto/test-direct-in-out.xml
5 ms. Memory: 871936K Free: 367149K (42%)
----------------- Invoking toplevel() on ptolemy.moml.MoMLSimpleApplication@241c822
----------------- Done invoking toplevel() on ptolemy.moml.MoMLSimpleApplication@241c822
reloadAllAccessors: .test-direct-in-out
AutoTests.java: About to close Vertx.
AutoTests.java: Vertx closed.
]]></system-out>
  <system-err><![CDATA[java.lang.RuntimeException: Execution failed
	at ptolemy.moml.MoMLSimpleApplication$UnloadThread.run(MoMLSimpleApplication.java:402)
Caused by: ptolemy.kernel.util.IllegalActionException: Unknown inputs remain. Possible causality loop:
L_model_1893289564i

  in .CannotAnalysisWithPreemption.model_1893289564_region_1 and .CannotAnalysisWithPreemption.model_1893289564_region_1.L_model_1893289564i
	at ptolemy.actor.sched.FixedPointDirector.postfire(FixedPointDirector.java:515)
	at ptolemy.domains.sr.kernel.SRDirector.postfire(SRDirector.java:417)
	at ptolemy.actor.CompositeActor.postfire(CompositeActor.java:1668)
	at ptolemy.actor.Manager.iterate(Manager.java:852)
	at ptolemy.actor.Manager.execute(Manager.java:369)
	at ptolemy.actor.Manager.run(Manager.java:1263)
	at ptolemy.actor.Manager$PtolemyRunThread.run(Manager.java:1915)
java.lang.reflect.InvocationTargetException
	at sun.reflect.NativeConstructorAccessorImpl.newInstance0(Native Method)
	at sun.reflect.NativeConstructorAccessorImpl.newInstance(NativeConstructorAccessorImpl.java:62)
	at sun.reflect.DelegatingConstructorAccessorImpl.newInstance(DelegatingConstructorAccessorImpl.java:45)
	at java.lang.reflect.Constructor.newInstance(Constructor.java:423)
	at ptolemy.util.test.junit.AutoKnownFailedTests.RunModel(AutoKnownFailedTests.java:107)
	at sun.reflect.NativeMethodAccessorImpl.invoke0(Native Method)
	at sun.reflect.NativeMethodAccessorImpl.invoke(NativeMethodAccessorImpl.java:62)
	at sun.reflect.DelegatingMethodAccessorImpl.invoke(DelegatingMethodAccessorImpl.java:43)
	at java.lang.reflect.Method.invoke(Method.java:498)
	at org.junit.runners.model.FrameworkMethod$1.runReflectiveCall(FrameworkMethod.java:44)
	at org.junit.internal.runners.model.ReflectiveCallable.run(ReflectiveCallable.java:15)
	at org.junit.runners.model.FrameworkMethod.invokeExplosively(FrameworkMethod.java:41)
	at junitparams.internal.InvokeParameterisedMethod.evaluate(InvokeParameterisedMethod.java:102)
	at org.junit.internal.runners.statements.FailOnTimeout$1.run(FailOnTimeout.java:28)
Caused by: ptolemy.kernel.util.IllegalActionException: Unknown inputs remain. Possible causality loop:
L_model_1893289564i

  in .CannotAnalysisWithPreemption.model_1893289564_region_1 and .CannotAnalysisWithPreemption.model_1893289564_region_1.L_model_1893289564i
	at ptolemy.actor.sched.FixedPointDirector.postfire(FixedPointDirector.java:515)
	at ptolemy.domains.sr.kernel.SRDirector.postfire(SRDirector.java:417)
	at ptolemy.actor.CompositeActor.postfire(CompositeActor.java:1668)
	at ptolemy.actor.Manager.iterate(Manager.java:852)
	at ptolemy.actor.Manager.execute(Manager.java:369)
	at ptolemy.actor.Manager.run(Manager.java:1263)
	at ptolemy.actor.Manager$PtolemyRunThread.run(Manager.java:1915)
]]></system-err>
</testsuite>
