<?xml version="1.0" encoding="UTF-8" ?>
<testsuite errors="0" failures="0" hostname="travis-job-b4a60c24-5254-4a14-bbfd-f8cc49500611" name="ptolemy.domains.de.test.junit.JUnitTclTest" skipped="0" tests="101" time="130.006" timestamp="2019-04-18T10:31:26">
  <properties>
[...]
</properties>
  <testcase classname="ptolemy.util.test.junit.TclTests" name="[0] /home/travis/build/icyphy/ptII/ptolemy/domains/de/test/DependencyLoop.tcl (RunTclFile)" time="0.674" />
  <testcase classname="ptolemy.util.test.junit.TclTests" name="[1] /home/travis/build/icyphy/ptII/ptolemy/domains/de/test/RunDETestsAsQSS.tcl (RunTclFile)" time="88.953" />
  <testcase classname="ptolemy.util.test.junit.AutoKnownFailedTests" name="[0] /home/travis/build/icyphy/ptII/ptolemy/domains/de/test/auto/knownFailedTests/DESDFClockTest.xml (RunModel)" time="2.034" />
  <testcase classname="ptolemy.util.test.junit.AutoKnownFailedTests" name="[1] /home/travis/build/icyphy/ptII/ptolemy/domains/de/test/auto/knownFailedTests/DirectFeedback.xml (RunModel)" time="0.013" />
  <testcase classname="ptolemy.util.test.junit.AutoKnownFailedTests" name="[2] /home/travis/build/icyphy/ptII/ptolemy/domains/de/test/auto/knownFailedTests/FSMSource.xml (RunModel)" time="0.033" />
  <testcase classname="ptolemy.util.test.junit.AutoKnownFailedTests" name="[3] /home/travis/build/icyphy/ptII/ptolemy/domains/de/test/auto/knownFailedTests/HierarchicalModel.xml (RunModel)" time="0.052" />
  <testcase classname="ptolemy.util.test.junit.AutoKnownFailedTests" name="[4] /home/travis/build/icyphy/ptII/ptolemy/domains/de/test/auto/knownFailedTests/dependencyLoop.xml (RunModel)" time="0.036" />
  <testcase classname="ptolemy.util.test.junit.AutoKnownFailedTests" name="[5] /home/travis/build/icyphy/ptII/ptolemy/domains/de/test/auto/knownFailedTests/dependencyLoop2.xml (RunModel)" time="0.038" />
  <testcase classname="ptolemy.util.test.junit.AutoNameArchTests" name="[0] ThereAreNoAutoArchTests (RunModel)" time="0.0" />
  <testcase classname="ptolemy.util.test.junit.AutoTests" name="[0] /home/travis/build/icyphy/ptII/ptolemy/domains/de/test/auto/ActorDepthCalculation_actorWithoutPorts.xml (RunModel)" time="0.016" />
  <testcase classname="ptolemy.util.test.junit.AutoTests" name="[1] /home/travis/build/icyphy/ptII/ptolemy/domains/de/test/auto/AssemblyLine.xml (RunModel)" time="0.026" />
  <testcase classname="ptolemy.util.test.junit.AutoTests" name="[2] /home/travis/build/icyphy/ptII/ptolemy/domains/de/test/auto/CQBug1.xml (RunModel)" time="0.012" />
  <testcase classname="ptolemy.util.test.junit.AutoTests" name="[3] /home/travis/build/icyphy/ptII/ptolemy/domains/de/test/auto/CancelFireAt.xml (RunModel)" time="0.006" />
  <testcase classname="ptolemy.util.test.junit.AutoTests" name="[4] /home/travis/build/icyphy/ptII/ptolemy/domains/de/test/auto/CausalityAndComposabilityAnalysis.xml (RunModel)" time="0.012" />
  <testcase classname="ptolemy.util.test.junit.AutoTests" name="[5] /home/travis/build/icyphy/ptII/ptolemy/domains/de/test/auto/CausalityInterface1.xml (RunModel)" time="0.013" />
  <testcase classname="ptolemy.util.test.junit.AutoTests" name="[6] /home/travis/build/icyphy/ptII/ptolemy/domains/de/test/auto/CausalityInterface15.xml (RunModel)" time="0.014" />
  <testcase classname="ptolemy.util.test.junit.AutoTests" name="[7] /home/travis/build/icyphy/ptII/ptolemy/domains/de/test/auto/CausalityInterface2.xml (RunModel)" time="0.011" />
  <testcase classname="ptolemy.util.test.junit.AutoTests" name="[8] /home/travis/build/icyphy/ptII/ptolemy/domains/de/test/auto/CausalityInterface3.xml (RunModel)" time="0.018" />
  <testcase classname="ptolemy.util.test.junit.AutoTests" name="[9] /home/travis/build/icyphy/ptII/ptolemy/domains/de/test/auto/ClockDrift.xml (RunModel)" time="0.048" />
  <testcase classname="ptolemy.util.test.junit.AutoTests" name="[10] /home/travis/build/icyphy/ptII/ptolemy/domains/de/test/auto/ClockDriftAndValueChange.xml (RunModel)" time="0.032" />
  <testcase classname="ptolemy.util.test.junit.AutoTests" name="[11] /home/travis/build/icyphy/ptII/ptolemy/domains/de/test/auto/ClockDriftChange.xml (RunModel)" time="0.032" />
  <testcase classname="ptolemy.util.test.junit.AutoTests" name="[12] /home/travis/build/icyphy/ptII/ptolemy/domains/de/test/auto/ComposableCausalityAnalysis.xml (RunModel)" time="0.017" />
  <testcase classname="ptolemy.util.test.junit.AutoTests" name="[13] /home/travis/build/icyphy/ptII/ptolemy/domains/de/test/auto/DEFixedPointLimitation.xml (RunModel)" time="0.015" />
  <testcase classname="ptolemy.util.test.junit.AutoTests" name="[14] /home/travis/build/icyphy/ptII/ptolemy/domains/de/test/auto/DEScheduleTest.xml (RunModel)" time="0.036" />
  <testcase classname="ptolemy.util.test.junit.AutoTests" name="[15] /home/travis/build/icyphy/ptII/ptolemy/domains/de/test/auto/DEinDEwithStartTimes.xml (RunModel)" time="0.02" />
  <testcase classname="ptolemy.util.test.junit.AutoTests" name="[16] /home/travis/build/icyphy/ptII/ptolemy/domains/de/test/auto/DEinDEwithStartTimes2.xml (RunModel)" time="0.018" />
  <testcase classname="ptolemy.util.test.junit.AutoTests" name="[17] /home/travis/build/icyphy/ptII/ptolemy/domains/de/test/auto/DateDemo.xml (RunModel)" time="0.031" />
  <testcase classname="ptolemy.util.test.junit.AutoTests" name="[18] /home/travis/build/icyphy/ptII/ptolemy/domains/de/test/auto/DateToEvent.xml (RunModel)" time="2.041" />
  <testcase classname="ptolemy.util.test.junit.AutoTests" name="[19] /home/travis/build/icyphy/ptII/ptolemy/domains/de/test/auto/DepthTest1.xml (RunModel)" time="0.008" />
  <testcase classname="ptolemy.util.test.junit.AutoTests" name="[20] /home/travis/build/icyphy/ptII/ptolemy/domains/de/test/auto/DepthTest2.xml (RunModel)" time="0.018" />
  <testcase classname="ptolemy.util.test.junit.AutoTests" name="[21] /home/travis/build/icyphy/ptII/ptolemy/domains/de/test/auto/DepthTest3.xml (RunModel)" time="0.008" />
  <testcase classname="ptolemy.util.test.junit.AutoTests" name="[22] /home/travis/build/icyphy/ptII/ptolemy/domains/de/test/auto/DepthTest4.xml (RunModel)" time="0.013" />
  <testcase classname="ptolemy.util.test.junit.AutoTests" name="[23] /home/travis/build/icyphy/ptII/ptolemy/domains/de/test/auto/DepthTest5.xml (RunModel)" time="0.014" />
  <testcase classname="ptolemy.util.test.junit.AutoTests" name="[24] /home/travis/build/icyphy/ptII/ptolemy/domains/de/test/auto/DepthTest6.xml (RunModel)" time="0.013" />
  <testcase classname="ptolemy.util.test.junit.AutoTests" name="[25] /home/travis/build/icyphy/ptII/ptolemy/domains/de/test/auto/DepthTest7.xml (RunModel)" time="0.011" />
  <testcase classname="ptolemy.util.test.junit.AutoTests" name="[26] /home/travis/build/icyphy/ptII/ptolemy/domains/de/test/auto/EventToDate.xml (RunModel)" time="3.03" />
  <testcase classname="ptolemy.util.test.junit.AutoTests" name="[27] /home/travis/build/icyphy/ptII/ptolemy/domains/de/test/auto/FSM1.xml (RunModel)" time="0.032" />
  <testcase classname="ptolemy.util.test.junit.AutoTests" name="[28] /home/travis/build/icyphy/ptII/ptolemy/domains/de/test/auto/FSM7.xml (RunModel)" time="0.031" />
  <testcase classname="ptolemy.util.test.junit.AutoTests" name="[29] /home/travis/build/icyphy/ptII/ptolemy/domains/de/test/auto/Inspection.xml (RunModel)" time="0.039" />
  <testcase classname="ptolemy.util.test.junit.AutoTests" name="[30] /home/travis/build/icyphy/ptII/ptolemy/domains/de/test/auto/Iteration.xml (RunModel)" time="0.024" />
  <testcase classname="ptolemy.util.test.junit.AutoTests" name="[31] /home/travis/build/icyphy/ptII/ptolemy/domains/de/test/auto/LineFault.xml (RunModel)" time="0.555" />
  <testcase classname="ptolemy.util.test.junit.AutoTests" name="[32] /home/travis/build/icyphy/ptII/ptolemy/domains/de/test/auto/MergeModel1Add.xml (RunModel)" time="0.049" />
  <testcase classname="ptolemy.util.test.junit.AutoTests" name="[33] /home/travis/build/icyphy/ptII/ptolemy/domains/de/test/auto/MergeModel2Add.xml (RunModel)" time="0.034" />
  <testcase classname="ptolemy.util.test.junit.AutoTests" name="[34] /home/travis/build/icyphy/ptII/ptolemy/domains/de/test/auto/MergeModel3Add.xml (RunModel)" time="0.034" />
  <testcase classname="ptolemy.util.test.junit.AutoTests" name="[35] /home/travis/build/icyphy/ptII/ptolemy/domains/de/test/auto/MergeWithoutDiscard.xml (RunModel)" time="0.011" />
  <testcase classname="ptolemy.util.test.junit.AutoTests" name="[36] /home/travis/build/icyphy/ptII/ptolemy/domains/de/test/auto/Modal1.xml (RunModel)" time="0.031" />
  <testcase classname="ptolemy.util.test.junit.AutoTests" name="[37] /home/travis/build/icyphy/ptII/ptolemy/domains/de/test/auto/Modal2.xml (RunModel)" time="0.033" />
  <testcase classname="ptolemy.util.test.junit.AutoTests" name="[38] /home/travis/build/icyphy/ptII/ptolemy/domains/de/test/auto/Modal3.xml (RunModel)" time="0.047" />
  <testcase classname="ptolemy.util.test.junit.AutoTests" name="[39] /home/travis/build/icyphy/ptII/ptolemy/domains/de/test/auto/Modal4.xml (RunModel)" time="0.03" />
  <testcase classname="ptolemy.util.test.junit.AutoTests" name="[40] /home/travis/build/icyphy/ptII/ptolemy/domains/de/test/auto/Modal5.xml (RunModel)" time="0.03" />
  <testcase classname="ptolemy.util.test.junit.AutoTests" name="[41] /home/travis/build/icyphy/ptII/ptolemy/domains/de/test/auto/Modal6.xml (RunModel)" time="0.027" />
  <testcase classname="ptolemy.util.test.junit.AutoTests" name="[42] /home/travis/build/icyphy/ptII/ptolemy/domains/de/test/auto/Modal7.xml (RunModel)" time="0.027" />
  <testcase classname="ptolemy.util.test.junit.AutoTests" name="[43] /home/travis/build/icyphy/ptII/ptolemy/domains/de/test/auto/ModalModel.xml (RunModel)" time="0.171" />
  <testcase classname="ptolemy.util.test.junit.AutoTests" name="[44] /home/travis/build/icyphy/ptII/ptolemy/domains/de/test/auto/ModalSource.xml (RunModel)" time="0.023" />
  <testcase classname="ptolemy.util.test.junit.AutoTests" name="[45] /home/travis/build/icyphy/ptII/ptolemy/domains/de/test/auto/NonInterruptibleTimerZeroDelay.xml (RunModel)" time="0.015" />
  <testcase classname="ptolemy.util.test.junit.AutoTests" name="[46] /home/travis/build/icyphy/ptII/ptolemy/domains/de/test/auto/OpenQueueingNetwork.xml (RunModel)" time="2.18" />
  <testcase classname="ptolemy.util.test.junit.AutoTests" name="[47] /home/travis/build/icyphy/ptII/ptolemy/domains/de/test/auto/OpenQueuingNetwork.xml (RunModel)" time="0.292" />
  <testcase classname="ptolemy.util.test.junit.AutoTests" name="[48] /home/travis/build/icyphy/ptII/ptolemy/domains/de/test/auto/PeriodicSampler.xml (RunModel)" time="0.008" />
  <testcase classname="ptolemy.util.test.junit.AutoTests" name="[49] /home/travis/build/icyphy/ptII/ptolemy/domains/de/test/auto/PersistentIO.xml (RunModel)" time="0.021" />
  <testcase classname="ptolemy.util.test.junit.AutoTests" name="[50] /home/travis/build/icyphy/ptII/ptolemy/domains/de/test/auto/PortParameterResetOnInitialize.xml (RunModel)" time="0.01" />
  <testcase classname="ptolemy.util.test.junit.AutoTests" name="[51] /home/travis/build/icyphy/ptII/ptolemy/domains/de/test/auto/PortParameterUpdates.xml (RunModel)" time="0.016" />
  <testcase classname="ptolemy.util.test.junit.AutoTests" name="[52] /home/travis/build/icyphy/ptII/ptolemy/domains/de/test/auto/QueueAndServer.xml (RunModel)" time="0.023" />
  <testcase classname="ptolemy.util.test.junit.AutoTests" name="[53] /home/travis/build/icyphy/ptII/ptolemy/domains/de/test/auto/Records.xml (RunModel)" time="0.019" />
  <testcase classname="ptolemy.util.test.junit.AutoTests" name="[54] /home/travis/build/icyphy/ptII/ptolemy/domains/de/test/auto/ResetTransitionWithStartTime1.xml (RunModel)" time="0.019" />
  <testcase classname="ptolemy.util.test.junit.AutoTests" name="[55] /home/travis/build/icyphy/ptII/ptolemy/domains/de/test/auto/ResetTransitionWithStartTime2.xml (RunModel)" time="0.019" />
  <testcase classname="ptolemy.util.test.junit.AutoTests" name="[56] /home/travis/build/icyphy/ptII/ptolemy/domains/de/test/auto/ResetTransitionWithStartTime3.xml (RunModel)" time="0.018" />
  <testcase classname="ptolemy.util.test.junit.AutoTests" name="[57] /home/travis/build/icyphy/ptII/ptolemy/domains/de/test/auto/ResetTransitionWithStartTime4.xml (RunModel)" time="0.021" />
  <testcase classname="ptolemy.util.test.junit.AutoTests" name="[58] /home/travis/build/icyphy/ptII/ptolemy/domains/de/test/auto/ResettableTimer1.xml (RunModel)" time="0.01" />
  <testcase classname="ptolemy.util.test.junit.AutoTests" name="[59] /home/travis/build/icyphy/ptII/ptolemy/domains/de/test/auto/ResettableTimer2.xml (RunModel)" time="0.009" />
  <testcase classname="ptolemy.util.test.junit.AutoTests" name="[60] /home/travis/build/icyphy/ptII/ptolemy/domains/de/test/auto/ResettableTimer3.xml (RunModel)" time="0.008" />
  <testcase classname="ptolemy.util.test.junit.AutoTests" name="[61] /home/travis/build/icyphy/ptII/ptolemy/domains/de/test/auto/ResettableTimer4.xml (RunModel)" time="0.011" />
  <testcase classname="ptolemy.util.test.junit.AutoTests" name="[62] /home/travis/build/icyphy/ptII/ptolemy/domains/de/test/auto/ResettableTimer5.xml (RunModel)" time="0.009" />
  <testcase classname="ptolemy.util.test.junit.AutoTests" name="[63] /home/travis/build/icyphy/ptII/ptolemy/domains/de/test/auto/ResettableTimer6.xml (RunModel)" time="0.019" />
  <testcase classname="ptolemy.util.test.junit.AutoTests" name="[64] /home/travis/build/icyphy/ptII/ptolemy/domains/de/test/auto/ServerZeroDelay.xml (RunModel)" time="0.015" />
  <testcase classname="ptolemy.util.test.junit.AutoTests" name="[65] /home/travis/build/icyphy/ptII/ptolemy/domains/de/test/auto/SmartSender.xml (RunModel)" time="3.008" />
  <testcase classname="ptolemy.util.test.junit.AutoTests" name="[66] /home/travis/build/icyphy/ptII/ptolemy/domains/de/test/auto/ThreadedComposite.xml (RunModel)" time="0.131" />
  <testcase classname="ptolemy.util.test.junit.AutoTests" name="[67] /home/travis/build/icyphy/ptII/ptolemy/domains/de/test/auto/Time.xml (RunModel)" time="0.426" />
  <testcase classname="ptolemy.util.test.junit.AutoTests" name="[68] /home/travis/build/icyphy/ptII/ptolemy/domains/de/test/auto/TimeDelayZeroDelay.xml (RunModel)" time="0.011" />
  <testcase classname="ptolemy.util.test.junit.AutoTests" name="[69] /home/travis/build/icyphy/ptII/ptolemy/domains/de/test/auto/TimerZeroDelay.xml (RunModel)" time="0.009" />
  <testcase classname="ptolemy.util.test.junit.AutoTests" name="[70] /home/travis/build/icyphy/ptII/ptolemy/domains/de/test/auto/TimingParadox.xml (RunModel)" time="0.362" />
  <testcase classname="ptolemy.util.test.junit.AutoTests" name="[71] /home/travis/build/icyphy/ptII/ptolemy/domains/de/test/auto/TransferInputs.xml (RunModel)" time="0.009" />
  <testcase classname="ptolemy.util.test.junit.AutoTests" name="[72] /home/travis/build/icyphy/ptII/ptolemy/domains/de/test/auto/TransferOutputs2.xml (RunModel)" time="0.016" />
  <testcase classname="ptolemy.util.test.junit.AutoTests" name="[73] /home/travis/build/icyphy/ptII/ptolemy/domains/de/test/auto/Trilateration.xml (RunModel)" time="12.155" />
  <testcase classname="ptolemy.util.test.junit.AutoTests" name="[74] /home/travis/build/icyphy/ptII/ptolemy/domains/de/test/auto/TwoSigmaDelta.xml (RunModel)" time="2.0" />
  <testcase classname="ptolemy.util.test.junit.AutoTests" name="[75] /home/travis/build/icyphy/ptII/ptolemy/domains/de/test/auto/VariableDelay.xml (RunModel)" time="0.011" />
  <testcase classname="ptolemy.util.test.junit.AutoTests" name="[76] /home/travis/build/icyphy/ptII/ptolemy/domains/de/test/auto/VariableDelay2.xml (RunModel)" time="0.009" />
  <testcase classname="ptolemy.util.test.junit.AutoTests" name="[77] /home/travis/build/icyphy/ptII/ptolemy/domains/de/test/auto/VariableDelayZeroDelay.xml (RunModel)" time="0.011" />
  <testcase classname="ptolemy.util.test.junit.AutoTests" name="[78] /home/travis/build/icyphy/ptII/ptolemy/domains/de/test/auto/VariableDelayZeroDelay2.xml (RunModel)" time="0.009" />
  <testcase classname="ptolemy.util.test.junit.AutoTests" name="[79] /home/travis/build/icyphy/ptII/ptolemy/domains/de/test/auto/deInCt.xml (RunModel)" time="0.021" />
  <testcase classname="ptolemy.util.test.junit.AutoTests" name="[80] /home/travis/build/icyphy/ptII/ptolemy/domains/de/test/auto/deInCt2.xml (RunModel)" time="0.012" />
  <testcase classname="ptolemy.util.test.junit.AutoTests" name="[81] /home/travis/build/icyphy/ptII/ptolemy/domains/de/test/auto/dynamicCausalityInterface1.xml (RunModel)" time="0.018" />
  <testcase classname="ptolemy.util.test.junit.AutoTests" name="[82] /home/travis/build/icyphy/ptII/ptolemy/domains/de/test/auto/fsm_de_test.xml (RunModel)" time="0.022" />
  <testcase classname="ptolemy.util.test.junit.AutoTests" name="[83] /home/travis/build/icyphy/ptII/ptolemy/domains/de/test/auto/functionDependencyReconstruction.xml (RunModel)" time="0.031" />
  <testcase classname="ptolemy.util.test.junit.AutoTests" name="[84] /home/travis/build/icyphy/ptII/ptolemy/domains/de/test/auto/multirate.xml (RunModel)" time="0.015" />
  <testcase classname="ptolemy.util.test.junit.AutoTests" name="[85] /home/travis/build/icyphy/ptII/ptolemy/domains/de/test/auto/multirate2.xml (RunModel)" time="0.014" />
  <testcase classname="ptolemy.util.test.junit.AutoTests" name="[86] /home/travis/build/icyphy/ptII/ptolemy/domains/de/test/auto/realtime.xml (RunModel)" time="10.011" />
  <testcase classname="ptolemy.util.test.junit.AutoTests" name="[87] /home/travis/build/icyphy/ptII/ptolemy/domains/de/test/auto/relationGroup.xml (RunModel)" time="0.017" />
  <testcase classname="ptolemy.util.test.junit.AutoTests" name="[88] /home/travis/build/icyphy/ptII/ptolemy/domains/de/test/auto/relationGroup2.xml (RunModel)" time="0.008" />
  <testcase classname="ptolemy.util.test.junit.AutoTests" name="[89] /home/travis/build/icyphy/ptII/ptolemy/domains/de/test/auto/sortWithOpaquePorts.xml (RunModel)" time="0.009" />
  <testcase classname="ptolemy.util.test.junit.AutoTests" name="[90] /home/travis/build/icyphy/ptII/ptolemy/domains/de/test/auto/transferInputsandOutputs.xml (RunModel)" time="0.014" />
  <testcase classname="ptolemy.util.test.junit.AutoTests" name="[91] /home/travis/build/icyphy/ptII/ptolemy/domains/de/test/auto/triggerType.xml (RunModel)" time="0.009" />
  <system-out><![CDATA[/home/travis/build/icyphy/ptII/ptolemy/domains/de/test/DependencyLoop.tcl
testDefs.tcl: setting time out to 9000 seconds at Thu Apr 18 10:31:26 UTC 2019
15 ms. Memory: 116224K Free: 97455K (84%)
15 ms. Memory: 146944K Free: 141220K (96%)
/home/travis/build/icyphy/ptII/ptolemy/domains/de/test/RunDETestsAsQSS.tcl
Run the DE tests using ptolemy.domains.qss.test.QSSDirectorTest, which extends QSSDirector and prints a message in the constructors.
------------------ testing $PTII/ptolemy/domains/de/test/auto/knownFailedTests/dependencyLoop.xml (Known Failure) 
13 ms. Memory: 146944K Free: 136570K (93%)


==== $PTIIhome/travis/build/icyphy/ptII/ptolemy/domains/de/test/../../../../: Auto Automatic test in file $PTII/ptolemy/domains/de/test/auto/knownFailedTests/dependencyLoop.xml
==== Contents of test case:

	    # FIXME: we should use $relativeFilename here, but it
	    # might have backslashes under Windows, which causes no end
	    # of trouble.
	    createAndExecute $file
	    list {}
	
.... Test generated KNOWN error:
    while executing
ptolemy.kernel.util.IllegalActionException: Found a zero delay loop containing .dependencyLoop.original
  in .dependencyLoop and .dependencyLoop.original
	at ptolemy.actor.util.CausalityInterfaceForComposites._computeOutputPortDepth(CausalityInterfaceForComposites.java:759)
	at ptolemy.actor.util.CausalityInterfaceForComposites._computeInputDepth(CausalityInterfaceForComposites.java:696)
	at ptolemy.actor.util.CausalityInterfaceForComposites._computeOutputPortDepth(CausalityInterfaceForComposites.java:765)
	at ptolemy.actor.util.CausalityInterfaceForComposites._computeInputDepth(CausalityInterfaceForComposites.java:696)
	at ptolemy.actor.util.CausalityInterfaceForComposites._computeOutputPortDepth(CausalityInterfaceForComposites.java:765)
	at ptolemy.actor.util.CausalityInterfaceForComposites._computeInputDepth(CausalityInterfaceForComposites.java:696)
	at ptolemy.actor.util.CausalityInterfaceForComposites._computeActorDepth(CausalityInterfaceForComposites.java:532)
	at ptolemy.actor.util.CausalityInterfaceForComposites.checkForCycles(CausalityInterfaceForComposites.java:96)
	at ptolemy.domains.de.kernel.DEDirector.preinitialize(DEDirector.java:1338)
	at ptolemy.actor.CompositeActor.preinitialize(CompositeActor.java:1828)
	at ptolemy.actor.Manager.preinitializeAndResolveTypes(Manager.java:1040)
	at ptolemy.actor.Manager.initialize(Manager.java:710)
	at ptolemy.actor.Manager.execute(Manager.java:356)
	at ptolemy.actor.Manager.run(Manager.java:1263)
	at ptolemy.actor.Manager$PtolemyRunThread.run(Manager.java:1915)

    while executing
ptolemy.kernel.util.IllegalActionException: Found a zero delay loop containing .dependencyLoop.original
  in .dependencyLoop and .dependencyLoop.original
    while executing
"java::new ptolemy.moml.MoMLSimpleApplication $file
"
    (procedure "createAndExecute" line 2)
    invoked from within
"createAndExecute $file"
    ("uplevel" body line 5)
    invoked from within
"uplevel $contents_of_test"
------------------ testing $PTII/ptolemy/domains/de/test/auto/knownFailedTests/DESDFClockTest.xml (Known Failure) 
2096 ms. Memory: 146944K Free: 121358K (83%)


==== $PTIIhome/travis/build/icyphy/ptII/ptolemy/domains/de/test/../../../../: Auto Automatic test in file $PTII/ptolemy/domains/de/test/auto/knownFailedTests/DESDFClockTest.xml
==== Contents of test case:

	    # FIXME: we should use $relativeFilename here, but it
	    # might have backslashes under Windows, which causes no end
	    # of trouble.
	    createAndExecute $file
	    list {}
	
.... Test generated KNOWN error:
    while executing
ptolemy.kernel.util.IllegalActionException: Actor is not ready to fire.  Perhaps UpSample.prefire() returned false? Try debugging the actor by selecting "Listen to Actor".  Also, for SDF check moml for tokenConsumptionRate on input.
  in .DESDFClockTest.Play Bell.Copy1:SDF Director and .DESDFClockTest.Play Bell.UpSample
	at ptolemy.actor.sched.StaticSchedulingDirector.fire(StaticSchedulingDirector.java:227)
	at ptolemy.domains.sdf.kernel.SDFDirector.fire(SDFDirector.java:500)
	at ptolemy.actor.CompositeActor.fire(CompositeActor.java:455)
	at ptolemy.domains.de.kernel.DEDirector._fire(DEDirector.java:1949)
	at ptolemy.domains.de.kernel.DEDirector.fire(DEDirector.java:502)
	at ptolemy.actor.CompositeActor.fire(CompositeActor.java:455)
	at ptolemy.actor.Manager.iterate(Manager.java:851)
	at ptolemy.actor.Manager.execute(Manager.java:369)
	at ptolemy.actor.Manager.run(Manager.java:1263)
	at ptolemy.actor.Manager$PtolemyRunThread.run(Manager.java:1915)

    while executing
ptolemy.kernel.util.IllegalActionException: Actor is not ready to fire.  Perhaps UpSample.prefire() returned false? Try debugging the actor by selecting "Listen to Actor".  Also, for SDF check moml for tokenConsumptionRate on input.
  in .DESDFClockTest.Play Bell.Copy1:SDF Director and .DESDFClockTest.Play Bell.UpSample
    while executing
"java::new ptolemy.moml.MoMLSimpleApplication $file
"
    (procedure "createAndExecute" line 2)
    invoked from within
"createAndExecute $file"
    ("uplevel" body line 5)
    invoked from within
"uplevel $contents_of_test"
------------------ testing $PTII/ptolemy/domains/de/test/auto/knownFailedTests/FSMSource.xml (Known Failure) 
23 ms. Memory: 146944K Free: 112442K (77%)
!!!! Auto was marked as failing, but now passes
------------------ testing $PTII/ptolemy/domains/de/test/auto/knownFailedTests/dependencyLoop2.xml (Known Failure) 
10 ms. Memory: 146944K Free: 110559K (75%)


==== $PTIIhome/travis/build/icyphy/ptII/ptolemy/domains/de/test/../../../../: Auto Automatic test in file $PTII/ptolemy/domains/de/test/auto/knownFailedTests/dependencyLoop2.xml
==== Contents of test case:

	    # FIXME: we should use $relativeFilename here, but it
	    # might have backslashes under Windows, which causes no end
	    # of trouble.
	    createAndExecute $file
	    list {}
	
.... Test generated KNOWN error:
    while executing
ptolemy.kernel.util.IllegalActionException: Found a zero delay loop containing .dependencyLoop2.original
  in .dependencyLoop2 and .dependencyLoop2.original
	at ptolemy.actor.util.CausalityInterfaceForComposites._computeOutputPortDepth(CausalityInterfaceForComposites.java:759)
	at ptolemy.actor.util.CausalityInterfaceForComposites._computeInputDepth(CausalityInterfaceForComposites.java:696)
	at ptolemy.actor.util.CausalityInterfaceForComposites._computeOutputPortDepth(CausalityInterfaceForComposites.java:765)
	at ptolemy.actor.util.CausalityInterfaceForComposites._computeInputDepth(CausalityInterfaceForComposites.java:696)
	at ptolemy.actor.util.CausalityInterfaceForComposites._computeOutputPortDepth(CausalityInterfaceForComposites.java:765)
	at ptolemy.actor.util.CausalityInterfaceForComposites._computeInputDepth(CausalityInterfaceForComposites.java:696)
	at ptolemy.actor.util.CausalityInterfaceForComposites._computeActorDepth(CausalityInterfaceForComposites.java:532)
	at ptolemy.actor.util.CausalityInterfaceForComposites.checkForCycles(CausalityInterfaceForComposites.java:96)
	at ptolemy.domains.de.kernel.DEDirector.preinitialize(DEDirector.java:1338)
	at ptolemy.actor.CompositeActor.preinitialize(CompositeActor.java:1828)
	at ptolemy.actor.Manager.preinitializeAndResolveTypes(Manager.java:1040)
	at ptolemy.actor.Manager.initialize(Manager.java:710)
	at ptolemy.actor.Manager.execute(Manager.java:356)
	at ptolemy.actor.Manager.run(Manager.java:1263)
	at ptolemy.actor.Manager$PtolemyRunThread.run(Manager.java:1915)

    while executing
ptolemy.kernel.util.IllegalActionException: Found a zero delay loop containing .dependencyLoop2.original
  in .dependencyLoop2 and .dependencyLoop2.original
    while executing
"java::new ptolemy.moml.MoMLSimpleApplication $file
"
    (procedure "createAndExecute" line 2)
    invoked from within
"createAndExecute $file"
    ("uplevel" body line 5)
    invoked from within
"uplevel $contents_of_test"
------------------ testing $PTII/ptolemy/domains/de/test/auto/knownFailedTests/HierarchicalModel.xml (Known Failure) 
12 ms. Memory: 146944K Free: 90314K (61%)


==== $PTIIhome/travis/build/icyphy/ptII/ptolemy/domains/de/test/../../../../: Auto Automatic test in file $PTII/ptolemy/domains/de/test/auto/knownFailedTests/HierarchicalModel.xml
==== Contents of test case:

	    # FIXME: we should use $relativeFilename here, but it
	    # might have backslashes under Windows, which causes no end
	    # of trouble.
	    createAndExecute $file
	    list {}
	
.... Test generated KNOWN error:
    while executing
ptolemy.kernel.util.IllegalActionException: Found a zero delay loop containing .HierarchicalModel.A
  in .HierarchicalModel and .HierarchicalModel.A
	at ptolemy.actor.util.CausalityInterfaceForComposites._computeOutputPortDepth(CausalityInterfaceForComposites.java:759)
	at ptolemy.actor.util.CausalityInterfaceForComposites._computeInputDepth(CausalityInterfaceForComposites.java:696)
	at ptolemy.actor.util.CausalityInterfaceForComposites._computeOutputPortDepth(CausalityInterfaceForComposites.java:765)
	at ptolemy.actor.util.CausalityInterfaceForComposites._computeInputDepth(CausalityInterfaceForComposites.java:696)
	at ptolemy.actor.util.CausalityInterfaceForComposites._computeOutputPortDepth(CausalityInterfaceForComposites.java:765)
	at ptolemy.actor.util.CausalityInterfaceForComposites._computeInputDepth(CausalityInterfaceForComposites.java:696)
	at ptolemy.actor.util.CausalityInterfaceForComposites._computeActorDepth(CausalityInterfaceForComposites.java:532)
	at ptolemy.actor.util.CausalityInterfaceForComposites.checkForCycles(CausalityInterfaceForComposites.java:96)
	at ptolemy.domains.de.kernel.DEDirector.preinitialize(DEDirector.java:1338)
	at ptolemy.actor.CompositeActor.preinitialize(CompositeActor.java:1828)
	at ptolemy.actor.Manager.preinitializeAndResolveTypes(Manager.java:1040)
	at ptolemy.actor.Manager.initialize(Manager.java:710)
	at ptolemy.actor.Manager.execute(Manager.java:356)
	at ptolemy.actor.Manager.run(Manager.java:1263)
	at ptolemy.actor.Manager$PtolemyRunThread.run(Manager.java:1915)

    while executing
ptolemy.kernel.util.IllegalActionException: Found a zero delay loop containing .HierarchicalModel.A
  in .HierarchicalModel and .HierarchicalModel.A
    while executing
"java::new ptolemy.moml.MoMLSimpleApplication $file
"
    (procedure "createAndExecute" line 2)
    invoked from within
"createAndExecute $file"
    ("uplevel" body line 5)
    invoked from within
"uplevel $contents_of_test"
------------------ testing $PTII/ptolemy/domains/de/test/auto/knownFailedTests/DirectFeedback.xml (Known Failure) 
9 ms. Memory: 146944K Free: 86193K (59%)


==== $PTIIhome/travis/build/icyphy/ptII/ptolemy/domains/de/test/../../../../: Auto Automatic test in file $PTII/ptolemy/domains/de/test/auto/knownFailedTests/DirectFeedback.xml
==== Contents of test case:

	    # FIXME: we should use $relativeFilename here, but it
	    # might have backslashes under Windows, which causes no end
	    # of trouble.
	    createAndExecute $file
	    list {}
	
.... Test generated KNOWN error:
    while executing
ptolemy.kernel.util.IllegalActionException: Test fails in iteration 1.
Value was: 1.0. Should have been: 2.0
  in .DirectFeedback.Test
	at ptolemy.actor.lib.Test.fire(Test.java:268)
	at ptolemy.domains.de.kernel.DEDirector._fire(DEDirector.java:1949)
	at ptolemy.domains.de.kernel.DEDirector.fire(DEDirector.java:502)
	at ptolemy.actor.CompositeActor.fire(CompositeActor.java:455)
	at ptolemy.actor.Manager.iterate(Manager.java:851)
	at ptolemy.actor.Manager.execute(Manager.java:369)
	at ptolemy.actor.Manager.run(Manager.java:1263)
	at ptolemy.actor.Manager$PtolemyRunThread.run(Manager.java:1915)

    while executing
ptolemy.kernel.util.IllegalActionException: Test fails in iteration 1.
Value was: 1.0. Should have been: 2.0
  in .DirectFeedback.Test
    while executing
"java::new ptolemy.moml.MoMLSimpleApplication $file
"
    (procedure "createAndExecute" line 2)
    invoked from within
"createAndExecute $file"
    ("uplevel" body line 5)
    invoked from within
"uplevel $contents_of_test"
------------------ testing $PTII/ptolemy/domains/de/test/auto/ActorDepthCalculation_actorWithoutPorts.xml
auto.tcl: Setting watchdog for 200 seconds at Thu Apr 18 10:31:29 UTC 2019
8 ms. Memory: 146944K Free: 138679K (94%)
ptolemy.util.test.WatchDog.cancel(): canceling Thu Apr 18 10:31:29 UTC 2019
auto.tcl: Setting watchdog for 200 seconds at Thu Apr 18 10:31:29 UTC 2019
4 ms. Memory: 146944K Free: 137655K (94%)
ptolemy.util.test.WatchDog.cancel(): canceling Thu Apr 18 10:31:29 UTC 2019
------------------ testing $PTII/ptolemy/domains/de/test/auto/AssemblyLine.xml
auto.tcl: Setting watchdog for 200 seconds at Thu Apr 18 10:31:29 UTC 2019
22 ms. Memory: 208384K Free: 183372K (88%)
ptolemy.util.test.WatchDog.cancel(): canceling Thu Apr 18 10:31:29 UTC 2019
auto.tcl: Setting watchdog for 200 seconds at Thu Apr 18 10:31:29 UTC 2019
7 ms. Memory: 208384K Free: 183372K (88%)
ptolemy.util.test.WatchDog.cancel(): canceling Thu Apr 18 10:31:29 UTC 2019
------------------ testing $PTII/ptolemy/domains/de/test/auto/CQBug1.xml
auto.tcl: Setting watchdog for 200 seconds at Thu Apr 18 10:31:30 UTC 2019
7 ms. Memory: 208384K Free: 197892K (95%)
ptolemy.util.test.WatchDog.cancel(): canceling Thu Apr 18 10:31:30 UTC 2019
auto.tcl: Setting watchdog for 200 seconds at Thu Apr 18 10:31:30 UTC 2019
9 ms. Memory: 208384K Free: 197892K (95%)
ptolemy.util.test.WatchDog.cancel(): canceling Thu Apr 18 10:31:30 UTC 2019
------------------ testing $PTII/ptolemy/domains/de/test/auto/CancelFireAt.xml
auto.tcl: Setting watchdog for 200 seconds at Thu Apr 18 10:31:30 UTC 2019
4 ms. Memory: 208384K Free: 201560K (97%)
ptolemy.util.test.WatchDog.cancel(): canceling Thu Apr 18 10:31:30 UTC 2019
auto.tcl: Setting watchdog for 200 seconds at Thu Apr 18 10:31:30 UTC 2019
11 ms. Memory: 208384K Free: 199512K (96%)
ptolemy.util.test.WatchDog.cancel(): canceling Thu Apr 18 10:31:30 UTC 2019
------------------ testing $PTII/ptolemy/domains/de/test/auto/CausalityAndComposabilityAnalysis.xml
auto.tcl: Setting watchdog for 200 seconds at Thu Apr 18 10:31:30 UTC 2019
8 ms. Memory: 208384K Free: 199110K (96%)
ptolemy.util.test.WatchDog.cancel(): canceling Thu Apr 18 10:31:30 UTC 2019
auto.tcl: Setting watchdog for 200 seconds at Thu Apr 18 10:31:30 UTC 2019
6 ms. Memory: 208384K Free: 197062K (95%)
ptolemy.util.test.WatchDog.cancel(): canceling Thu Apr 18 10:31:30 UTC 2019
------------------ testing $PTII/ptolemy/domains/de/test/auto/CausalityInterface1.xml
auto.tcl: Setting watchdog for 200 seconds at Thu Apr 18 10:31:30 UTC 2019
15 ms. Memory: 208384K Free: 196481K (94%)
ptolemy.util.test.WatchDog.cancel(): canceling Thu Apr 18 10:31:30 UTC 2019
auto.tcl: Setting watchdog for 200 seconds at Thu Apr 18 10:31:30 UTC 2019
4 ms. Memory: 208384K Free: 196481K (94%)
ptolemy.util.test.WatchDog.cancel(): canceling Thu Apr 18 10:31:30 UTC 2019
------------------ testing $PTII/ptolemy/domains/de/test/auto/CausalityInterface15.xml
auto.tcl: Setting watchdog for 200 seconds at Thu Apr 18 10:31:30 UTC 2019
13 ms. Memory: 208384K Free: 196441K (94%)
ptolemy.util.test.WatchDog.cancel(): canceling Thu Apr 18 10:31:30 UTC 2019
auto.tcl: Setting watchdog for 200 seconds at Thu Apr 18 10:31:30 UTC 2019
5 ms. Memory: 208384K Free: 196441K (94%)
ptolemy.util.test.WatchDog.cancel(): canceling Thu Apr 18 10:31:30 UTC 2019
------------------ testing $PTII/ptolemy/domains/de/test/auto/CausalityInterface2.xml
auto.tcl: Setting watchdog for 200 seconds at Thu Apr 18 10:31:30 UTC 2019
9 ms. Memory: 208384K Free: 196456K (94%)
ptolemy.util.test.WatchDog.cancel(): canceling Thu Apr 18 10:31:30 UTC 2019
auto.tcl: Setting watchdog for 200 seconds at Thu Apr 18 10:31:30 UTC 2019
3 ms. Memory: 208384K Free: 196456K (94%)
ptolemy.util.test.WatchDog.cancel(): canceling Thu Apr 18 10:31:30 UTC 2019
------------------ testing $PTII/ptolemy/domains/de/test/auto/CausalityInterface3.xml
auto.tcl: Setting watchdog for 200 seconds at Thu Apr 18 10:31:30 UTC 2019
5 ms. Memory: 208384K Free: 196469K (94%)
ptolemy.util.test.WatchDog.cancel(): canceling Thu Apr 18 10:31:30 UTC 2019
auto.tcl: Setting watchdog for 200 seconds at Thu Apr 18 10:31:30 UTC 2019
3 ms. Memory: 208384K Free: 196469K (94%)
ptolemy.util.test.WatchDog.cancel(): canceling Thu Apr 18 10:31:30 UTC 2019
------------------ testing $PTII/ptolemy/domains/de/test/auto/ClockDrift.xml
auto.tcl: Setting watchdog for 200 seconds at Thu Apr 18 10:31:30 UTC 2019
108 ms. Memory: 208384K Free: 187857K (90%)
ptolemy.util.test.WatchDog.cancel(): canceling Thu Apr 18 10:31:30 UTC 2019
auto.tcl: Setting watchdog for 200 seconds at Thu Apr 18 10:31:30 UTC 2019
60 ms. Memory: 208384K Free: 185809K (89%)
ptolemy.util.test.WatchDog.cancel(): canceling Thu Apr 18 10:31:31 UTC 2019
------------------ testing $PTII/ptolemy/domains/de/test/auto/ClockDriftAndValueChange.xml
auto.tcl: Setting watchdog for 200 seconds at Thu Apr 18 10:31:31 UTC 2019
48 ms. Memory: 208384K Free: 189736K (91%)
ptolemy.util.test.WatchDog.cancel(): canceling Thu Apr 18 10:31:31 UTC 2019
auto.tcl: Setting watchdog for 200 seconds at Thu Apr 18 10:31:31 UTC 2019
34 ms. Memory: 208384K Free: 185640K (89%)
ptolemy.util.test.WatchDog.cancel(): canceling Thu Apr 18 10:31:31 UTC 2019
------------------ testing $PTII/ptolemy/domains/de/test/auto/ClockDriftChange.xml
auto.tcl: Setting watchdog for 200 seconds at Thu Apr 18 10:31:31 UTC 2019
39 ms. Memory: 208384K Free: 190961K (92%)
ptolemy.util.test.WatchDog.cancel(): canceling Thu Apr 18 10:31:31 UTC 2019
auto.tcl: Setting watchdog for 200 seconds at Thu Apr 18 10:31:31 UTC 2019
28 ms. Memory: 208384K Free: 188913K (91%)
ptolemy.util.test.WatchDog.cancel(): canceling Thu Apr 18 10:31:31 UTC 2019
------------------ testing $PTII/ptolemy/domains/de/test/auto/ComposableCausalityAnalysis.xml
auto.tcl: Setting watchdog for 200 seconds at Thu Apr 18 10:31:31 UTC 2019
2 ms. Memory: 208384K Free: 196323K (94%)
ptolemy.util.test.WatchDog.cancel(): canceling Thu Apr 18 10:31:31 UTC 2019
auto.tcl: Setting watchdog for 200 seconds at Thu Apr 18 10:31:31 UTC 2019
2 ms. Memory: 208384K Free: 194276K (93%)
ptolemy.util.test.WatchDog.cancel(): canceling Thu Apr 18 10:31:31 UTC 2019
------------------ testing $PTII/ptolemy/domains/de/test/auto/DEFixedPointLimitation.xml
auto.tcl: Setting watchdog for 200 seconds at Thu Apr 18 10:31:31 UTC 2019
3 ms. Memory: 208384K Free: 198452K (95%)
ptolemy.util.test.WatchDog.cancel(): canceling Thu Apr 18 10:31:31 UTC 2019
auto.tcl: Setting watchdog for 200 seconds at Thu Apr 18 10:31:31 UTC 2019
2 ms. Memory: 208384K Free: 196403K (94%)
ptolemy.util.test.WatchDog.cancel(): canceling Thu Apr 18 10:31:31 UTC 2019
------------------ testing $PTII/ptolemy/domains/de/test/auto/DEScheduleTest.xml
auto.tcl: Setting watchdog for 200 seconds at Thu Apr 18 10:31:31 UTC 2019
4 ms. Memory: 208384K Free: 198487K (95%)
ptolemy.util.test.WatchDog.cancel(): canceling Thu Apr 18 10:31:31 UTC 2019
auto.tcl: Setting watchdog for 200 seconds at Thu Apr 18 10:31:31 UTC 2019
12 ms. Memory: 208384K Free: 196440K (94%)
ptolemy.util.test.WatchDog.cancel(): canceling Thu Apr 18 10:31:31 UTC 2019
------------------ testing $PTII/ptolemy/domains/de/test/auto/DEinDEwithStartTimes.xml
auto.tcl: Setting watchdog for 200 seconds at Thu Apr 18 10:31:31 UTC 2019
7 ms. Memory: 208384K Free: 196409K (94%)
ptolemy.util.test.WatchDog.cancel(): canceling Thu Apr 18 10:31:31 UTC 2019
auto.tcl: Setting watchdog for 200 seconds at Thu Apr 18 10:31:31 UTC 2019
3 ms. Memory: 208384K Free: 196409K (94%)
ptolemy.util.test.WatchDog.cancel(): canceling Thu Apr 18 10:31:31 UTC 2019
------------------ testing $PTII/ptolemy/domains/de/test/auto/DEinDEwithStartTimes2.xml
auto.tcl: Setting watchdog for 200 seconds at Thu Apr 18 10:31:31 UTC 2019
6 ms. Memory: 208384K Free: 196389K (94%)
ptolemy.util.test.WatchDog.cancel(): canceling Thu Apr 18 10:31:31 UTC 2019
auto.tcl: Setting watchdog for 200 seconds at Thu Apr 18 10:31:31 UTC 2019
4 ms. Memory: 208384K Free: 194341K (93%)
ptolemy.util.test.WatchDog.cancel(): canceling Thu Apr 18 10:31:31 UTC 2019
------------------ testing $PTII/ptolemy/domains/de/test/auto/DateDemo.xml
auto.tcl: Setting watchdog for 200 seconds at Thu Apr 18 10:31:31 UTC 2019
10 ms. Memory: 208384K Free: 188984K (91%)
ptolemy.util.test.WatchDog.cancel(): canceling Thu Apr 18 10:31:32 UTC 2019
auto.tcl: Setting watchdog for 200 seconds at Thu Apr 18 10:31:32 UTC 2019
6 ms. Memory: 208384K Free: 186936K (90%)
ptolemy.util.test.WatchDog.cancel(): canceling Thu Apr 18 10:31:32 UTC 2019
------------------ testing $PTII/ptolemy/domains/de/test/auto/DateToEvent.xml
auto.tcl: Setting watchdog for 200 seconds at Thu Apr 18 10:31:32 UTC 2019
2018 ms. Memory: 208384K Free: 183838K (88%)
ptolemy.util.test.WatchDog.cancel(): canceling Thu Apr 18 10:31:34 UTC 2019
auto.tcl: Setting watchdog for 200 seconds at Thu Apr 18 10:31:34 UTC 2019
2008 ms. Memory: 208384K Free: 181380K (87%)
ptolemy.util.test.WatchDog.cancel(): canceling Thu Apr 18 10:31:36 UTC 2019
------------------ testing $PTII/ptolemy/domains/de/test/auto/DepthTest1.xml
auto.tcl: Setting watchdog for 200 seconds at Thu Apr 18 10:31:36 UTC 2019
12 ms. Memory: 208384K Free: 198534K (95%)
ptolemy.util.test.WatchDog.cancel(): canceling Thu Apr 18 10:31:36 UTC 2019
auto.tcl: Setting watchdog for 200 seconds at Thu Apr 18 10:31:36 UTC 2019
2 ms. Memory: 208384K Free: 198534K (95%)
ptolemy.util.test.WatchDog.cancel(): canceling Thu Apr 18 10:31:36 UTC 2019
------------------ testing $PTII/ptolemy/domains/de/test/auto/DepthTest2.xml
auto.tcl: Setting watchdog for 200 seconds at Thu Apr 18 10:31:36 UTC 2019
7 ms. Memory: 208384K Free: 194352K (93%)
ptolemy.util.test.WatchDog.cancel(): canceling Thu Apr 18 10:31:36 UTC 2019
auto.tcl: Setting watchdog for 200 seconds at Thu Apr 18 10:31:36 UTC 2019
3 ms. Memory: 208384K Free: 194352K (93%)
ptolemy.util.test.WatchDog.cancel(): canceling Thu Apr 18 10:31:36 UTC 2019
------------------ testing $PTII/ptolemy/domains/de/test/auto/DepthTest3.xml
auto.tcl: Setting watchdog for 200 seconds at Thu Apr 18 10:31:36 UTC 2019
3 ms. Memory: 208384K Free: 198348K (95%)
ptolemy.util.test.WatchDog.cancel(): canceling Thu Apr 18 10:31:36 UTC 2019
auto.tcl: Setting watchdog for 200 seconds at Thu Apr 18 10:31:36 UTC 2019
2 ms. Memory: 208384K Free: 198348K (95%)
ptolemy.util.test.WatchDog.cancel(): canceling Thu Apr 18 10:31:36 UTC 2019
------------------ testing $PTII/ptolemy/domains/de/test/auto/DepthTest4.xml
auto.tcl: Setting watchdog for 200 seconds at Thu Apr 18 10:31:36 UTC 2019
9 ms. Memory: 208384K Free: 196388K (94%)
ptolemy.util.test.WatchDog.cancel(): canceling Thu Apr 18 10:31:36 UTC 2019
auto.tcl: Setting watchdog for 200 seconds at Thu Apr 18 10:31:36 UTC 2019
5 ms. Memory: 208384K Free: 196388K (94%)
ptolemy.util.test.WatchDog.cancel(): canceling Thu Apr 18 10:31:36 UTC 2019
------------------ testing $PTII/ptolemy/domains/de/test/auto/DepthTest5.xml
auto.tcl: Setting watchdog for 200 seconds at Thu Apr 18 10:31:36 UTC 2019
7 ms. Memory: 208384K Free: 196335K (94%)
ptolemy.util.test.WatchDog.cancel(): canceling Thu Apr 18 10:31:36 UTC 2019
auto.tcl: Setting watchdog for 200 seconds at Thu Apr 18 10:31:36 UTC 2019
3 ms. Memory: 208384K Free: 196335K (94%)
ptolemy.util.test.WatchDog.cancel(): canceling Thu Apr 18 10:31:36 UTC 2019
------------------ testing $PTII/ptolemy/domains/de/test/auto/DepthTest6.xml
auto.tcl: Setting watchdog for 200 seconds at Thu Apr 18 10:31:36 UTC 2019
8 ms. Memory: 208384K Free: 196830K (94%)
ptolemy.util.test.WatchDog.cancel(): canceling Thu Apr 18 10:31:36 UTC 2019
auto.tcl: Setting watchdog for 200 seconds at Thu Apr 18 10:31:36 UTC 2019
2 ms. Memory: 208384K Free: 196830K (94%)
ptolemy.util.test.WatchDog.cancel(): canceling Thu Apr 18 10:31:36 UTC 2019
------------------ testing $PTII/ptolemy/domains/de/test/auto/DepthTest7.xml
auto.tcl: Setting watchdog for 200 seconds at Thu Apr 18 10:31:36 UTC 2019
3 ms. Memory: 208384K Free: 196292K (94%)
ptolemy.util.test.WatchDog.cancel(): canceling Thu Apr 18 10:31:36 UTC 2019
auto.tcl: Setting watchdog for 200 seconds at Thu Apr 18 10:31:36 UTC 2019
2 ms. Memory: 208384K Free: 196292K (94%)
ptolemy.util.test.WatchDog.cancel(): canceling Thu Apr 18 10:31:36 UTC 2019
------------------ testing $PTII/ptolemy/domains/de/test/auto/EventToDate.xml
auto.tcl: Setting watchdog for 200 seconds at Thu Apr 18 10:31:36 UTC 2019
3008 ms. Memory: 208384K Free: 188106K (90%)
ptolemy.util.test.WatchDog.cancel(): canceling Thu Apr 18 10:31:39 UTC 2019
auto.tcl: Setting watchdog for 200 seconds at Thu Apr 18 10:31:39 UTC 2019
3004 ms. Memory: 208384K Free: 186058K (89%)
ptolemy.util.test.WatchDog.cancel(): canceling Thu Apr 18 10:31:42 UTC 2019
------------------ testing $PTII/ptolemy/domains/de/test/auto/FSM1.xml
auto.tcl: Setting watchdog for 200 seconds at Thu Apr 18 10:31:42 UTC 2019
23 ms. Memory: 208384K Free: 189448K (91%)
ptolemy.util.test.WatchDog.cancel(): canceling Thu Apr 18 10:31:42 UTC 2019
auto.tcl: Setting watchdog for 200 seconds at Thu Apr 18 10:31:42 UTC 2019
14 ms. Memory: 208384K Free: 185352K (89%)
ptolemy.util.test.WatchDog.cancel(): canceling Thu Apr 18 10:31:43 UTC 2019
------------------ testing $PTII/ptolemy/domains/de/test/auto/FSM7.xml
auto.tcl: Setting watchdog for 200 seconds at Thu Apr 18 10:31:43 UTC 2019
21 ms. Memory: 208384K Free: 189650K (91%)
ptolemy.util.test.WatchDog.cancel(): canceling Thu Apr 18 10:31:43 UTC 2019
auto.tcl: Setting watchdog for 200 seconds at Thu Apr 18 10:31:43 UTC 2019
14 ms. Memory: 208384K Free: 185555K (89%)
ptolemy.util.test.WatchDog.cancel(): canceling Thu Apr 18 10:31:43 UTC 2019
------------------ testing $PTII/ptolemy/domains/de/test/auto/Inspection.xml
auto.tcl: Setting watchdog for 200 seconds at Thu Apr 18 10:31:43 UTC 2019
22 ms. Memory: 208384K Free: 189326K (91%)
ptolemy.util.test.WatchDog.cancel(): canceling Thu Apr 18 10:31:43 UTC 2019
auto.tcl: Setting watchdog for 200 seconds at Thu Apr 18 10:31:43 UTC 2019
29 ms. Memory: 208384K Free: 187278K (90%)
ptolemy.util.test.WatchDog.cancel(): canceling Thu Apr 18 10:31:43 UTC 2019
------------------ testing $PTII/ptolemy/domains/de/test/auto/Iteration.xml
auto.tcl: Setting watchdog for 200 seconds at Thu Apr 18 10:31:43 UTC 2019
11 ms. Memory: 208384K Free: 196097K (94%)
ptolemy.util.test.WatchDog.cancel(): canceling Thu Apr 18 10:31:43 UTC 2019
auto.tcl: Setting watchdog for 200 seconds at Thu Apr 18 10:31:43 UTC 2019
10 ms. Memory: 208384K Free: 194049K (93%)
ptolemy.util.test.WatchDog.cancel(): canceling Thu Apr 18 10:31:43 UTC 2019
------------------ testing $PTII/ptolemy/domains/de/test/auto/LineFault.xml
auto.tcl: Setting watchdog for 200 seconds at Thu Apr 18 10:31:43 UTC 2019
769 ms. Memory: 208384K Free: 199894K (96%)
ptolemy.util.test.WatchDog.cancel(): canceling Thu Apr 18 10:31:44 UTC 2019
auto.tcl: Setting watchdog for 200 seconds at Thu Apr 18 10:31:44 UTC 2019
649 ms. Memory: 208384K Free: 142293K (68%)
ptolemy.util.test.WatchDog.cancel(): canceling Thu Apr 18 10:31:45 UTC 2019
------------------ testing $PTII/ptolemy/domains/de/test/auto/MergeModel1Add.xml
auto.tcl: Setting watchdog for 200 seconds at Thu Apr 18 10:31:45 UTC 2019
22 ms. Memory: 331264K Free: 300727K (91%)
ptolemy.util.test.WatchDog.cancel(): canceling Thu Apr 18 10:31:45 UTC 2019
auto.tcl: Setting watchdog for 200 seconds at Thu Apr 18 10:31:45 UTC 2019
8 ms. Memory: 331264K Free: 300727K (91%)
ptolemy.util.test.WatchDog.cancel(): canceling Thu Apr 18 10:31:45 UTC 2019
------------------ testing $PTII/ptolemy/domains/de/test/auto/MergeModel2Add.xml
auto.tcl: Setting watchdog for 200 seconds at Thu Apr 18 10:31:45 UTC 2019
10 ms. Memory: 331264K Free: 305675K (92%)
ptolemy.util.test.WatchDog.cancel(): canceling Thu Apr 18 10:31:45 UTC 2019
auto.tcl: Setting watchdog for 200 seconds at Thu Apr 18 10:31:45 UTC 2019
9 ms. Memory: 331264K Free: 302096K (91%)
ptolemy.util.test.WatchDog.cancel(): canceling Thu Apr 18 10:31:45 UTC 2019
------------------ testing $PTII/ptolemy/domains/de/test/auto/MergeModel3Add.xml
auto.tcl: Setting watchdog for 200 seconds at Thu Apr 18 10:31:45 UTC 2019
10 ms. Memory: 331264K Free: 305685K (92%)
ptolemy.util.test.WatchDog.cancel(): canceling Thu Apr 18 10:31:45 UTC 2019
auto.tcl: Setting watchdog for 200 seconds at Thu Apr 18 10:31:45 UTC 2019
5 ms. Memory: 331264K Free: 302107K (91%)
ptolemy.util.test.WatchDog.cancel(): canceling Thu Apr 18 10:31:45 UTC 2019
------------------ testing $PTII/ptolemy/domains/de/test/auto/MergeWithoutDiscard.xml
auto.tcl: Setting watchdog for 200 seconds at Thu Apr 18 10:31:45 UTC 2019
4 ms. Memory: 331264K Free: 316419K (96%)
ptolemy.util.test.WatchDog.cancel(): canceling Thu Apr 18 10:31:45 UTC 2019
auto.tcl: Setting watchdog for 200 seconds at Thu Apr 18 10:31:45 UTC 2019
1 ms. Memory: 331264K Free: 316419K (96%)
ptolemy.util.test.WatchDog.cancel(): canceling Thu Apr 18 10:31:45 UTC 2019
------------------ testing $PTII/ptolemy/domains/de/test/auto/Modal1.xml
auto.tcl: Setting watchdog for 200 seconds at Thu Apr 18 10:31:45 UTC 2019
18 ms. Memory: 331264K Free: 310693K (94%)
ptolemy.util.test.WatchDog.cancel(): canceling Thu Apr 18 10:31:45 UTC 2019
auto.tcl: Setting watchdog for 200 seconds at Thu Apr 18 10:31:45 UTC 2019
20 ms. Memory: 331264K Free: 307114K (93%)
ptolemy.util.test.WatchDog.cancel(): canceling Thu Apr 18 10:31:45 UTC 2019
------------------ testing $PTII/ptolemy/domains/de/test/auto/Modal2.xml
auto.tcl: Setting watchdog for 200 seconds at Thu Apr 18 10:31:45 UTC 2019
16 ms. Memory: 331264K Free: 310538K (94%)
ptolemy.util.test.WatchDog.cancel(): canceling Thu Apr 18 10:31:45 UTC 2019
auto.tcl: Setting watchdog for 200 seconds at Thu Apr 18 10:31:45 UTC 2019
12 ms. Memory: 331264K Free: 306959K (93%)
ptolemy.util.test.WatchDog.cancel(): canceling Thu Apr 18 10:31:45 UTC 2019
------------------ testing $PTII/ptolemy/domains/de/test/auto/Modal3.xml
auto.tcl: Setting watchdog for 200 seconds at Thu Apr 18 10:31:45 UTC 2019
15 ms. Memory: 331264K Free: 311239K (94%)
ptolemy.util.test.WatchDog.cancel(): canceling Thu Apr 18 10:31:46 UTC 2019
auto.tcl: Setting watchdog for 200 seconds at Thu Apr 18 10:31:46 UTC 2019
19 ms. Memory: 331264K Free: 302070K (91%)
ptolemy.util.test.WatchDog.cancel(): canceling Thu Apr 18 10:31:46 UTC 2019
------------------ testing $PTII/ptolemy/domains/de/test/auto/Modal4.xml
auto.tcl: Setting watchdog for 200 seconds at Thu Apr 18 10:31:46 UTC 2019
13 ms. Memory: 331264K Free: 310565K (94%)
ptolemy.util.test.WatchDog.cancel(): canceling Thu Apr 18 10:31:46 UTC 2019
auto.tcl: Setting watchdog for 200 seconds at Thu Apr 18 10:31:46 UTC 2019
14 ms. Memory: 331264K Free: 306986K (93%)
ptolemy.util.test.WatchDog.cancel(): canceling Thu Apr 18 10:31:46 UTC 2019
------------------ testing $PTII/ptolemy/domains/de/test/auto/Modal5.xml
auto.tcl: Setting watchdog for 200 seconds at Thu Apr 18 10:31:46 UTC 2019
18 ms. Memory: 331264K Free: 310553K (94%)
ptolemy.util.test.WatchDog.cancel(): canceling Thu Apr 18 10:31:46 UTC 2019
auto.tcl: Setting watchdog for 200 seconds at Thu Apr 18 10:31:46 UTC 2019
12 ms. Memory: 331264K Free: 306974K (93%)
ptolemy.util.test.WatchDog.cancel(): canceling Thu Apr 18 10:31:46 UTC 2019
------------------ testing $PTII/ptolemy/domains/de/test/auto/Modal6.xml
auto.tcl: Setting watchdog for 200 seconds at Thu Apr 18 10:31:46 UTC 2019
12 ms. Memory: 331264K Free: 310551K (94%)
ptolemy.util.test.WatchDog.cancel(): canceling Thu Apr 18 10:31:46 UTC 2019
auto.tcl: Setting watchdog for 200 seconds at Thu Apr 18 10:31:46 UTC 2019
14 ms. Memory: 331264K Free: 306972K (93%)
ptolemy.util.test.WatchDog.cancel(): canceling Thu Apr 18 10:31:46 UTC 2019
------------------ testing $PTII/ptolemy/domains/de/test/auto/Modal7.xml
auto.tcl: Setting watchdog for 200 seconds at Thu Apr 18 10:31:46 UTC 2019
10 ms. Memory: 331264K Free: 306972K (93%)
ptolemy.util.test.WatchDog.cancel(): canceling Thu Apr 18 10:31:46 UTC 2019
auto.tcl: Setting watchdog for 200 seconds at Thu Apr 18 10:31:46 UTC 2019
11 ms. Memory: 331264K Free: 303393K (92%)
ptolemy.util.test.WatchDog.cancel(): canceling Thu Apr 18 10:31:46 UTC 2019
------------------ testing $PTII/ptolemy/domains/de/test/auto/ModalModel.xml
auto.tcl: Setting watchdog for 200 seconds at Thu Apr 18 10:31:46 UTC 2019
214 ms. Memory: 331264K Free: 248172K (75%)
ptolemy.util.test.WatchDog.cancel(): canceling Thu Apr 18 10:31:46 UTC 2019
auto.tcl: Setting watchdog for 200 seconds at Thu Apr 18 10:31:46 UTC 2019
198 ms. Memory: 331264K Free: 190757K (58%)
ptolemy.util.test.WatchDog.cancel(): canceling Thu Apr 18 10:31:46 UTC 2019
------------------ testing $PTII/ptolemy/domains/de/test/auto/ModalSource.xml
auto.tcl: Setting watchdog for 200 seconds at Thu Apr 18 10:31:47 UTC 2019
10 ms. Memory: 331264K Free: 316829K (96%)
ptolemy.util.test.WatchDog.cancel(): canceling Thu Apr 18 10:31:47 UTC 2019
auto.tcl: Setting watchdog for 200 seconds at Thu Apr 18 10:31:47 UTC 2019
6 ms. Memory: 331264K Free: 313536K (95%)
ptolemy.util.test.WatchDog.cancel(): canceling Thu Apr 18 10:31:47 UTC 2019
------------------ testing $PTII/ptolemy/domains/de/test/auto/NonInterruptibleTimerZeroDelay.xml
auto.tcl: Setting watchdog for 200 seconds at Thu Apr 18 10:31:47 UTC 2019
4 ms. Memory: 331264K Free: 321213K (97%)
ptolemy.util.test.WatchDog.cancel(): canceling Thu Apr 18 10:31:47 UTC 2019
auto.tcl: Setting watchdog for 200 seconds at Thu Apr 18 10:31:47 UTC 2019
2 ms. Memory: 331264K Free: 317920K (96%)
ptolemy.util.test.WatchDog.cancel(): canceling Thu Apr 18 10:31:47 UTC 2019
------------------ testing $PTII/ptolemy/domains/de/test/auto/OpenQueueingNetwork.xml
auto.tcl: Setting watchdog for 200 seconds at Thu Apr 18 10:31:47 UTC 2019
2782 ms. Memory: 317952K Free: 153761K (48%)
ptolemy.util.test.WatchDog.cancel(): canceling Thu Apr 18 10:31:50 UTC 2019
auto.tcl: Setting watchdog for 200 seconds at Thu Apr 18 10:31:50 UTC 2019
2379 ms. Memory: 287232K Free: 218418K (76%)
ptolemy.util.test.WatchDog.cancel(): canceling Thu Apr 18 10:31:52 UTC 2019
------------------ testing $PTII/ptolemy/domains/de/test/auto/OpenQueuingNetwork.xml
auto.tcl: Setting watchdog for 200 seconds at Thu Apr 18 10:31:52 UTC 2019
229 ms. Memory: 287232K Free: 187871K (65%)
ptolemy.util.test.WatchDog.cancel(): canceling Thu Apr 18 10:31:52 UTC 2019
auto.tcl: Setting watchdog for 200 seconds at Thu Apr 18 10:31:52 UTC 2019
219 ms. Memory: 287232K Free: 128352K (45%)
ptolemy.util.test.WatchDog.cancel(): canceling Thu Apr 18 10:31:53 UTC 2019
------------------ testing $PTII/ptolemy/domains/de/test/auto/PeriodicSampler.xml
auto.tcl: Setting watchdog for 200 seconds at Thu Apr 18 10:31:53 UTC 2019
3 ms. Memory: 289792K Free: 277885K (96%)
ptolemy.util.test.WatchDog.cancel(): canceling Thu Apr 18 10:31:53 UTC 2019
auto.tcl: Setting watchdog for 200 seconds at Thu Apr 18 10:31:53 UTC 2019
2 ms. Memory: 289792K Free: 275014K (95%)
ptolemy.util.test.WatchDog.cancel(): canceling Thu Apr 18 10:31:53 UTC 2019
------------------ testing $PTII/ptolemy/domains/de/test/auto/PersistentIO.xml
auto.tcl: Setting watchdog for 200 seconds at Thu Apr 18 10:31:53 UTC 2019
5 ms. Memory: 287232K Free: 270183K (94%)
ptolemy.util.test.WatchDog.cancel(): canceling Thu Apr 18 10:31:53 UTC 2019
auto.tcl: Setting watchdog for 200 seconds at Thu Apr 18 10:31:53 UTC 2019
3 ms. Memory: 287232K Free: 267304K (93%)
ptolemy.util.test.WatchDog.cancel(): canceling Thu Apr 18 10:31:53 UTC 2019
------------------ testing $PTII/ptolemy/domains/de/test/auto/PortParameterResetOnInitialize.xml
auto.tcl: Setting watchdog for 200 seconds at Thu Apr 18 10:31:53 UTC 2019
4 ms. Memory: 289280K Free: 274955K (95%)
ptolemy.util.test.WatchDog.cancel(): canceling Thu Apr 18 10:31:53 UTC 2019
auto.tcl: Setting watchdog for 200 seconds at Thu Apr 18 10:31:53 UTC 2019
2 ms. Memory: 289280K Free: 274955K (95%)
ptolemy.util.test.WatchDog.cancel(): canceling Thu Apr 18 10:31:53 UTC 2019
------------------ testing $PTII/ptolemy/domains/de/test/auto/PortParameterUpdates.xml
auto.tcl: Setting watchdog for 200 seconds at Thu Apr 18 10:31:53 UTC 2019
6 ms. Memory: 287232K Free: 272885K (95%)
ptolemy.util.test.WatchDog.cancel(): canceling Thu Apr 18 10:31:53 UTC 2019
auto.tcl: Setting watchdog for 200 seconds at Thu Apr 18 10:31:53 UTC 2019
3 ms. Memory: 287232K Free: 270006K (94%)
ptolemy.util.test.WatchDog.cancel(): canceling Thu Apr 18 10:31:53 UTC 2019
------------------ testing $PTII/ptolemy/domains/de/test/auto/QueueAndServer.xml
auto.tcl: Setting watchdog for 200 seconds at Thu Apr 18 10:31:53 UTC 2019
6 ms. Memory: 289280K Free: 272018K (94%)
ptolemy.util.test.WatchDog.cancel(): canceling Thu Apr 18 10:31:53 UTC 2019
auto.tcl: Setting watchdog for 200 seconds at Thu Apr 18 10:31:53 UTC 2019
6 ms. Memory: 289280K Free: 272018K (94%)
ptolemy.util.test.WatchDog.cancel(): canceling Thu Apr 18 10:31:53 UTC 2019
------------------ testing $PTII/ptolemy/domains/de/test/auto/Records.xml
auto.tcl: Setting watchdog for 200 seconds at Thu Apr 18 10:31:53 UTC 2019
14 ms. Memory: 287232K Free: 274850K (96%)
ptolemy.util.test.WatchDog.cancel(): canceling Thu Apr 18 10:31:53 UTC 2019
auto.tcl: Setting watchdog for 200 seconds at Thu Apr 18 10:31:53 UTC 2019
2 ms. Memory: 287232K Free: 274850K (96%)
ptolemy.util.test.WatchDog.cancel(): canceling Thu Apr 18 10:31:53 UTC 2019
------------------ testing $PTII/ptolemy/domains/de/test/auto/ResetTransitionWithStartTime1.xml
auto.tcl: Setting watchdog for 200 seconds at Thu Apr 18 10:31:53 UTC 2019
12 ms. Memory: 288768K Free: 273564K (95%)
ptolemy.util.test.WatchDog.cancel(): canceling Thu Apr 18 10:31:53 UTC 2019
auto.tcl: Setting watchdog for 200 seconds at Thu Apr 18 10:31:53 UTC 2019
6 ms. Memory: 288768K Free: 270701K (94%)
ptolemy.util.test.WatchDog.cancel(): canceling Thu Apr 18 10:31:53 UTC 2019
------------------ testing $PTII/ptolemy/domains/de/test/auto/ResetTransitionWithStartTime2.xml
auto.tcl: Setting watchdog for 200 seconds at Thu Apr 18 10:31:53 UTC 2019
5 ms. Memory: 287232K Free: 272150K (95%)
ptolemy.util.test.WatchDog.cancel(): canceling Thu Apr 18 10:31:53 UTC 2019
auto.tcl: Setting watchdog for 200 seconds at Thu Apr 18 10:31:53 UTC 2019
5 ms. Memory: 287232K Free: 269287K (94%)
ptolemy.util.test.WatchDog.cancel(): canceling Thu Apr 18 10:31:53 UTC 2019
------------------ testing $PTII/ptolemy/domains/de/test/auto/ResetTransitionWithStartTime3.xml
auto.tcl: Setting watchdog for 200 seconds at Thu Apr 18 10:31:53 UTC 2019
10 ms. Memory: 288768K Free: 273537K (95%)
ptolemy.util.test.WatchDog.cancel(): canceling Thu Apr 18 10:31:53 UTC 2019
auto.tcl: Setting watchdog for 200 seconds at Thu Apr 18 10:31:53 UTC 2019
7 ms. Memory: 288768K Free: 270658K (94%)
ptolemy.util.test.WatchDog.cancel(): canceling Thu Apr 18 10:31:53 UTC 2019
------------------ testing $PTII/ptolemy/domains/de/test/auto/ResetTransitionWithStartTime4.xml
auto.tcl: Setting watchdog for 200 seconds at Thu Apr 18 10:31:53 UTC 2019
3 ms. Memory: 287232K Free: 271985K (95%)
ptolemy.util.test.WatchDog.cancel(): canceling Thu Apr 18 10:31:53 UTC 2019
auto.tcl: Setting watchdog for 200 seconds at Thu Apr 18 10:31:53 UTC 2019
4 ms. Memory: 287232K Free: 271985K (95%)
ptolemy.util.test.WatchDog.cancel(): canceling Thu Apr 18 10:31:53 UTC 2019
------------------ testing $PTII/ptolemy/domains/de/test/auto/ResettableTimer1.xml
auto.tcl: Setting watchdog for 200 seconds at Thu Apr 18 10:31:53 UTC 2019
3 ms. Memory: 288768K Free: 276403K (96%)
ptolemy.util.test.WatchDog.cancel(): canceling Thu Apr 18 10:31:53 UTC 2019
auto.tcl: Setting watchdog for 200 seconds at Thu Apr 18 10:31:53 UTC 2019
3 ms. Memory: 288768K Free: 276403K (96%)
ptolemy.util.test.WatchDog.cancel(): canceling Thu Apr 18 10:31:53 UTC 2019
------------------ testing $PTII/ptolemy/domains/de/test/auto/ResettableTimer2.xml
auto.tcl: Setting watchdog for 200 seconds at Thu Apr 18 10:31:53 UTC 2019
3 ms. Memory: 287232K Free: 275072K (96%)
ptolemy.util.test.WatchDog.cancel(): canceling Thu Apr 18 10:31:53 UTC 2019
auto.tcl: Setting watchdog for 200 seconds at Thu Apr 18 10:31:53 UTC 2019
2 ms. Memory: 287232K Free: 275072K (96%)
ptolemy.util.test.WatchDog.cancel(): canceling Thu Apr 18 10:31:53 UTC 2019
------------------ testing $PTII/ptolemy/domains/de/test/auto/ResettableTimer3.xml
auto.tcl: Setting watchdog for 200 seconds at Thu Apr 18 10:31:53 UTC 2019
2 ms. Memory: 288256K Free: 275940K (96%)
ptolemy.util.test.WatchDog.cancel(): canceling Thu Apr 18 10:31:54 UTC 2019
auto.tcl: Setting watchdog for 200 seconds at Thu Apr 18 10:31:54 UTC 2019
1 ms. Memory: 288256K Free: 275940K (96%)
ptolemy.util.test.WatchDog.cancel(): canceling Thu Apr 18 10:31:54 UTC 2019
------------------ testing $PTII/ptolemy/domains/de/test/auto/ResettableTimer4.xml
auto.tcl: Setting watchdog for 200 seconds at Thu Apr 18 10:31:54 UTC 2019
1 ms. Memory: 287232K Free: 275085K (96%)
ptolemy.util.test.WatchDog.cancel(): canceling Thu Apr 18 10:31:54 UTC 2019
auto.tcl: Setting watchdog for 200 seconds at Thu Apr 18 10:31:54 UTC 2019
1 ms. Memory: 287232K Free: 275085K (96%)
ptolemy.util.test.WatchDog.cancel(): canceling Thu Apr 18 10:31:54 UTC 2019
------------------ testing $PTII/ptolemy/domains/de/test/auto/ResettableTimer5.xml
auto.tcl: Setting watchdog for 200 seconds at Thu Apr 18 10:31:54 UTC 2019
1 ms. Memory: 288256K Free: 274049K (95%)
ptolemy.util.test.WatchDog.cancel(): canceling Thu Apr 18 10:31:54 UTC 2019
auto.tcl: Setting watchdog for 200 seconds at Thu Apr 18 10:31:54 UTC 2019
2 ms. Memory: 288256K Free: 274049K (95%)
ptolemy.util.test.WatchDog.cancel(): canceling Thu Apr 18 10:31:54 UTC 2019
------------------ testing $PTII/ptolemy/domains/de/test/auto/ResettableTimer6.xml
auto.tcl: Setting watchdog for 200 seconds at Thu Apr 18 10:31:54 UTC 2019
2 ms. Memory: 287232K Free: 272819K (95%)
ptolemy.util.test.WatchDog.cancel(): canceling Thu Apr 18 10:31:54 UTC 2019
auto.tcl: Setting watchdog for 200 seconds at Thu Apr 18 10:31:54 UTC 2019
2 ms. Memory: 287232K Free: 272819K (95%)
ptolemy.util.test.WatchDog.cancel(): canceling Thu Apr 18 10:31:54 UTC 2019
------------------ testing $PTII/ptolemy/domains/de/test/auto/ServerZeroDelay.xml
auto.tcl: Setting watchdog for 200 seconds at Thu Apr 18 10:31:54 UTC 2019
2 ms. Memory: 288256K Free: 275907K (96%)
ptolemy.util.test.WatchDog.cancel(): canceling Thu Apr 18 10:31:54 UTC 2019
auto.tcl: Setting watchdog for 200 seconds at Thu Apr 18 10:31:54 UTC 2019
2 ms. Memory: 288256K Free: 275907K (96%)
ptolemy.util.test.WatchDog.cancel(): canceling Thu Apr 18 10:31:54 UTC 2019
------------------ testing $PTII/ptolemy/domains/de/test/auto/SmartSender.xml
auto.tcl: Setting watchdog for 200 seconds at Thu Apr 18 10:31:54 UTC 2019
3001 ms. Memory: 287232K Free: 275033K (96%)
ptolemy.util.test.WatchDog.cancel(): canceling Thu Apr 18 10:31:57 UTC 2019
auto.tcl: Setting watchdog for 200 seconds at Thu Apr 18 10:31:57 UTC 2019
3001 ms. Memory: 287232K Free: 275033K (96%)
ptolemy.util.test.WatchDog.cancel(): canceling Thu Apr 18 10:32:00 UTC 2019
------------------ testing $PTII/ptolemy/domains/de/test/auto/ThreadedComposite.xml
auto.tcl: Setting watchdog for 200 seconds at Thu Apr 18 10:32:00 UTC 2019
229 ms. Memory: 288256K Free: 252879K (88%)
ptolemy.util.test.WatchDog.cancel(): canceling Thu Apr 18 10:32:00 UTC 2019
auto.tcl: Setting watchdog for 200 seconds at Thu Apr 18 10:32:00 UTC 2019
135 ms. Memory: 288256K Free: 237666K (82%)
ptolemy.util.test.WatchDog.cancel(): canceling Thu Apr 18 10:32:00 UTC 2019
------------------ testing $PTII/ptolemy/domains/de/test/auto/Time.xml
auto.tcl: Setting watchdog for 200 seconds at Thu Apr 18 10:32:00 UTC 2019
473 ms. Memory: 287232K Free: 221088K (77%)
ptolemy.util.test.WatchDog.cancel(): canceling Thu Apr 18 10:32:01 UTC 2019
auto.tcl: Setting watchdog for 200 seconds at Thu Apr 18 10:32:01 UTC 2019
426 ms. Memory: 287232K Free: 166691K (58%)
ptolemy.util.test.WatchDog.cancel(): canceling Thu Apr 18 10:32:01 UTC 2019
------------------ testing $PTII/ptolemy/domains/de/test/auto/TimeDelayZeroDelay.xml
auto.tcl: Setting watchdog for 200 seconds at Thu Apr 18 10:32:01 UTC 2019
2 ms. Memory: 287744K Free: 275930K (96%)
ptolemy.util.test.WatchDog.cancel(): canceling Thu Apr 18 10:32:01 UTC 2019
auto.tcl: Setting watchdog for 200 seconds at Thu Apr 18 10:32:01 UTC 2019
2 ms. Memory: 287744K Free: 275930K (96%)
ptolemy.util.test.WatchDog.cancel(): canceling Thu Apr 18 10:32:01 UTC 2019
------------------ testing $PTII/ptolemy/domains/de/test/auto/TimerZeroDelay.xml
auto.tcl: Setting watchdog for 200 seconds at Thu Apr 18 10:32:01 UTC 2019
3 ms. Memory: 287232K Free: 275570K (96%)
ptolemy.util.test.WatchDog.cancel(): canceling Thu Apr 18 10:32:01 UTC 2019
auto.tcl: Setting watchdog for 200 seconds at Thu Apr 18 10:32:01 UTC 2019
4 ms. Memory: 287232K Free: 275570K (96%)
ptolemy.util.test.WatchDog.cancel(): canceling Thu Apr 18 10:32:01 UTC 2019
------------------ testing $PTII/ptolemy/domains/de/test/auto/TimingParadox.xml
auto.tcl: Setting watchdog for 200 seconds at Thu Apr 18 10:32:02 UTC 2019
332 ms. Memory: 287744K Free: 207960K (72%)
ptolemy.util.test.WatchDog.cancel(): canceling Thu Apr 18 10:32:02 UTC 2019
auto.tcl: Setting watchdog for 200 seconds at Thu Apr 18 10:32:02 UTC 2019
320 ms. Memory: 287744K Free: 171937K (60%)
ptolemy.util.test.WatchDog.cancel(): canceling Thu Apr 18 10:32:02 UTC 2019
------------------ testing $PTII/ptolemy/domains/de/test/auto/TransferInputs.xml
auto.tcl: Setting watchdog for 200 seconds at Thu Apr 18 10:32:02 UTC 2019
7 ms. Memory: 287744K Free: 275038K (96%)
ptolemy.util.test.WatchDog.cancel(): canceling Thu Apr 18 10:32:02 UTC 2019
auto.tcl: Setting watchdog for 200 seconds at Thu Apr 18 10:32:02 UTC 2019
2 ms. Memory: 287744K Free: 275038K (96%)
ptolemy.util.test.WatchDog.cancel(): canceling Thu Apr 18 10:32:02 UTC 2019
------------------ testing $PTII/ptolemy/domains/de/test/auto/TransferOutputs2.xml
auto.tcl: Setting watchdog for 200 seconds at Thu Apr 18 10:32:02 UTC 2019
3 ms. Memory: 287232K Free: 273071K (95%)
ptolemy.util.test.WatchDog.cancel(): canceling Thu Apr 18 10:32:02 UTC 2019
auto.tcl: Setting watchdog for 200 seconds at Thu Apr 18 10:32:02 UTC 2019
2 ms. Memory: 287232K Free: 270483K (94%)
ptolemy.util.test.WatchDog.cancel(): canceling Thu Apr 18 10:32:02 UTC 2019
------------------ testing $PTII/ptolemy/domains/de/test/auto/Trilateration.xml
auto.tcl: Setting watchdog for 200 seconds at Thu Apr 18 10:32:03 UTC 2019
14050 ms. Memory: 473088K Free: 208287K (44%)
ptolemy.util.test.WatchDog.cancel(): canceling Thu Apr 18 10:32:18 UTC 2019
auto.tcl: Setting watchdog for 200 seconds at Thu Apr 18 10:32:18 UTC 2019
11122 ms. Memory: 352256K Free: 156454K (44%)
ptolemy.util.test.WatchDog.cancel(): canceling Thu Apr 18 10:32:29 UTC 2019
------------------ testing $PTII/ptolemy/domains/de/test/auto/TwoSigmaDelta.xml
auto.tcl: Setting watchdog for 200 seconds at Thu Apr 18 10:32:29 UTC 2019
2811 ms. Memory: 339968K Free: 303212K (89%)
ptolemy.util.test.WatchDog.cancel(): canceling Thu Apr 18 10:32:32 UTC 2019
auto.tcl: Setting watchdog for 200 seconds at Thu Apr 18 10:32:32 UTC 2019
2166 ms. Memory: 339968K Free: 66910K (20%)
ptolemy.util.test.WatchDog.cancel(): canceling Thu Apr 18 10:32:34 UTC 2019
------------------ testing $PTII/ptolemy/domains/de/test/auto/VariableDelay.xml
auto.tcl: Setting watchdog for 200 seconds at Thu Apr 18 10:32:34 UTC 2019
3 ms. Memory: 337408K Free: 326036K (97%)
ptolemy.util.test.WatchDog.cancel(): canceling Thu Apr 18 10:32:34 UTC 2019
auto.tcl: Setting watchdog for 200 seconds at Thu Apr 18 10:32:34 UTC 2019
2 ms. Memory: 337408K Free: 322158K (95%)
ptolemy.util.test.WatchDog.cancel(): canceling Thu Apr 18 10:32:34 UTC 2019
------------------ testing $PTII/ptolemy/domains/de/test/auto/VariableDelay2.xml
auto.tcl: Setting watchdog for 200 seconds at Thu Apr 18 10:32:34 UTC 2019
4 ms. Memory: 339456K Free: 328496K (97%)
ptolemy.util.test.WatchDog.cancel(): canceling Thu Apr 18 10:32:34 UTC 2019
auto.tcl: Setting watchdog for 200 seconds at Thu Apr 18 10:32:34 UTC 2019
2 ms. Memory: 339456K Free: 324602K (96%)
ptolemy.util.test.WatchDog.cancel(): canceling Thu Apr 18 10:32:34 UTC 2019
------------------ testing $PTII/ptolemy/domains/de/test/auto/VariableDelayZeroDelay.xml
auto.tcl: Setting watchdog for 200 seconds at Thu Apr 18 10:32:34 UTC 2019
2 ms. Memory: 337408K Free: 323887K (96%)
ptolemy.util.test.WatchDog.cancel(): canceling Thu Apr 18 10:32:34 UTC 2019
auto.tcl: Setting watchdog for 200 seconds at Thu Apr 18 10:32:34 UTC 2019
2 ms. Memory: 337408K Free: 323887K (96%)
ptolemy.util.test.WatchDog.cancel(): canceling Thu Apr 18 10:32:34 UTC 2019
------------------ testing $PTII/ptolemy/domains/de/test/auto/VariableDelayZeroDelay2.xml
auto.tcl: Setting watchdog for 200 seconds at Thu Apr 18 10:32:34 UTC 2019
2 ms. Memory: 339456K Free: 325933K (96%)
ptolemy.util.test.WatchDog.cancel(): canceling Thu Apr 18 10:32:34 UTC 2019
auto.tcl: Setting watchdog for 200 seconds at Thu Apr 18 10:32:34 UTC 2019
2 ms. Memory: 339456K Free: 322055K (95%)
ptolemy.util.test.WatchDog.cancel(): canceling Thu Apr 18 10:32:34 UTC 2019
------------------ testing $PTII/ptolemy/domains/de/test/auto/deInCt.xml
auto.tcl: Setting watchdog for 200 seconds at Thu Apr 18 10:32:34 UTC 2019
0
1
1
0
0
1
1
0
0
0
1
1
1
1
1
1
0
0
0
0
0
1
1
1
0
0
1
1
1
0
0
0
0
1
1
1
0
0
0
1
1
1
0
0
0
1
1
1
1
11 ms. Memory: 337408K Free: 323875K (96%)
ptolemy.util.test.WatchDog.cancel(): canceling Thu Apr 18 10:32:34 UTC 2019
auto.tcl: Setting watchdog for 200 seconds at Thu Apr 18 10:32:34 UTC 2019
0
1
1
1
1
0
0
0
1
1
0
0
0
0
1
1
1
0
0
0
0
0
0
1
1
1
0
0
1
1
1
0
0
1
1
1
0
0
0
1
1
0
0
0
0
9 ms. Memory: 337408K Free: 319982K (95%)
ptolemy.util.test.WatchDog.cancel(): canceling Thu Apr 18 10:32:34 UTC 2019
------------------ testing $PTII/ptolemy/domains/de/test/auto/deInCt2.xml
auto.tcl: Setting watchdog for 200 seconds at Thu Apr 18 10:32:34 UTC 2019
0
1
1
1
0
0
1
1
1
0
0
1
1
1
0
0
1
1
1
0
0
1
1
1
0
0
1
1
1
0
0
1
1
1
0
0
1
1
1
0
0
0
14 ms. Memory: 338944K Free: 325411K (96%)
ptolemy.util.test.WatchDog.cancel(): canceling Thu Apr 18 10:32:34 UTC 2019
auto.tcl: Setting watchdog for 200 seconds at Thu Apr 18 10:32:34 UTC 2019
0
1
1
1
0
0
1
1
1
0
0
1
1
1
0
0
1
1
1
0
0
1
1
1
0
0
1
1
1
0
0
1
1
1
0
0
1
1
1
0
0
0
10 ms. Memory: 338944K Free: 321517K (95%)
ptolemy.util.test.WatchDog.cancel(): canceling Thu Apr 18 10:32:34 UTC 2019
------------------ testing $PTII/ptolemy/domains/de/test/auto/dynamicCausalityInterface1.xml
auto.tcl: Setting watchdog for 200 seconds at Thu Apr 18 10:32:34 UTC 2019
2 ms. Memory: 337408K Free: 318665K (94%)
ptolemy.util.test.WatchDog.cancel(): canceling Thu Apr 18 10:32:34 UTC 2019
auto.tcl: Setting watchdog for 200 seconds at Thu Apr 18 10:32:34 UTC 2019
1 ms. Memory: 337408K Free: 318665K (94%)
ptolemy.util.test.WatchDog.cancel(): canceling Thu Apr 18 10:32:34 UTC 2019
------------------ testing $PTII/ptolemy/domains/de/test/auto/fsm_de_test.xml
auto.tcl: Setting watchdog for 200 seconds at Thu Apr 18 10:32:35 UTC 2019
6 ms. Memory: 338944K Free: 321414K (95%)
ptolemy.util.test.WatchDog.cancel(): canceling Thu Apr 18 10:32:35 UTC 2019
auto.tcl: Setting watchdog for 200 seconds at Thu Apr 18 10:32:35 UTC 2019
4 ms. Memory: 338944K Free: 317536K (94%)
ptolemy.util.test.WatchDog.cancel(): canceling Thu Apr 18 10:32:35 UTC 2019
------------------ testing $PTII/ptolemy/domains/de/test/auto/functionDependencyReconstruction.xml
auto.tcl: Setting watchdog for 200 seconds at Thu Apr 18 10:32:35 UTC 2019
2 ms. Memory: 337408K Free: 312121K (93%)
ptolemy.util.test.WatchDog.cancel(): canceling Thu Apr 18 10:32:35 UTC 2019
auto.tcl: Setting watchdog for 200 seconds at Thu Apr 18 10:32:35 UTC 2019
3 ms. Memory: 337408K Free: 308227K (91%)
ptolemy.util.test.WatchDog.cancel(): canceling Thu Apr 18 10:32:35 UTC 2019
------------------ testing $PTII/ptolemy/domains/de/test/auto/multirate.xml
auto.tcl: Setting watchdog for 200 seconds at Thu Apr 18 10:32:35 UTC 2019
5 ms. Memory: 338432K Free: 320784K (95%)
ptolemy.util.test.WatchDog.cancel(): canceling Thu Apr 18 10:32:35 UTC 2019
auto.tcl: Setting watchdog for 200 seconds at Thu Apr 18 10:32:35 UTC 2019
3 ms. Memory: 338432K Free: 320784K (95%)
ptolemy.util.test.WatchDog.cancel(): canceling Thu Apr 18 10:32:35 UTC 2019
------------------ testing $PTII/ptolemy/domains/de/test/auto/multirate2.xml
auto.tcl: Setting watchdog for 200 seconds at Thu Apr 18 10:32:35 UTC 2019
5 ms. Memory: 337408K Free: 319932K (95%)
ptolemy.util.test.WatchDog.cancel(): canceling Thu Apr 18 10:32:35 UTC 2019
auto.tcl: Setting watchdog for 200 seconds at Thu Apr 18 10:32:35 UTC 2019
3 ms. Memory: 337408K Free: 319932K (95%)
ptolemy.util.test.WatchDog.cancel(): canceling Thu Apr 18 10:32:35 UTC 2019
------------------ testing $PTII/ptolemy/domains/de/test/auto/realtime.xml
auto.tcl: Setting watchdog for 200 seconds at Thu Apr 18 10:32:35 UTC 2019
10002 ms. Memory: 338432K Free: 319722K (94%)
ptolemy.util.test.WatchDog.cancel(): canceling Thu Apr 18 10:32:45 UTC 2019
auto.tcl: Setting watchdog for 200 seconds at Thu Apr 18 10:32:45 UTC 2019
10002 ms. Memory: 338432K Free: 315828K (93%)
ptolemy.util.test.WatchDog.cancel(): canceling Thu Apr 18 10:32:55 UTC 2019
------------------ testing $PTII/ptolemy/domains/de/test/auto/relationGroup.xml
auto.tcl: Setting watchdog for 200 seconds at Thu Apr 18 10:32:55 UTC 2019
2 ms. Memory: 337408K Free: 326410K (97%)
ptolemy.util.test.WatchDog.cancel(): canceling Thu Apr 18 10:32:55 UTC 2019
auto.tcl: Setting watchdog for 200 seconds at Thu Apr 18 10:32:55 UTC 2019
2 ms. Memory: 337408K Free: 326410K (97%)
ptolemy.util.test.WatchDog.cancel(): canceling Thu Apr 18 10:32:55 UTC 2019
------------------ testing $PTII/ptolemy/domains/de/test/auto/relationGroup2.xml
auto.tcl: Setting watchdog for 200 seconds at Thu Apr 18 10:32:55 UTC 2019
1 ms. Memory: 338432K Free: 324901K (96%)
ptolemy.util.test.WatchDog.cancel(): canceling Thu Apr 18 10:32:55 UTC 2019
auto.tcl: Setting watchdog for 200 seconds at Thu Apr 18 10:32:55 UTC 2019
2 ms. Memory: 338432K Free: 324901K (96%)
ptolemy.util.test.WatchDog.cancel(): canceling Thu Apr 18 10:32:55 UTC 2019
------------------ testing $PTII/ptolemy/domains/de/test/auto/sortWithOpaquePorts.xml
auto.tcl: Setting watchdog for 200 seconds at Thu Apr 18 10:32:55 UTC 2019
2 ms. Memory: 337408K Free: 323877K (96%)
ptolemy.util.test.WatchDog.cancel(): canceling Thu Apr 18 10:32:55 UTC 2019
auto.tcl: Setting watchdog for 200 seconds at Thu Apr 18 10:32:55 UTC 2019
4 ms. Memory: 337408K Free: 319984K (95%)
ptolemy.util.test.WatchDog.cancel(): canceling Thu Apr 18 10:32:55 UTC 2019
------------------ testing $PTII/ptolemy/domains/de/test/auto/transferInputsandOutputs.xml
auto.tcl: Setting watchdog for 200 seconds at Thu Apr 18 10:32:55 UTC 2019
3 ms. Memory: 337920K Free: 320499K (95%)
ptolemy.util.test.WatchDog.cancel(): canceling Thu Apr 18 10:32:55 UTC 2019
auto.tcl: Setting watchdog for 200 seconds at Thu Apr 18 10:32:55 UTC 2019
2 ms. Memory: 337920K Free: 320499K (95%)
ptolemy.util.test.WatchDog.cancel(): canceling Thu Apr 18 10:32:55 UTC 2019
------------------ testing $PTII/ptolemy/domains/de/test/auto/triggerType.xml
auto.tcl: Setting watchdog for 200 seconds at Thu Apr 18 10:32:55 UTC 2019
2 ms. Memory: 337408K Free: 323813K (96%)
ptolemy.util.test.WatchDog.cancel(): canceling Thu Apr 18 10:32:55 UTC 2019
auto.tcl: Setting watchdog for 200 seconds at Thu Apr 18 10:32:55 UTC 2019
1 ms. Memory: 337408K Free: 319935K (95%)
ptolemy.util.test.WatchDog.cancel(): canceling Thu Apr 18 10:32:55 UTC 2019
04/18/19 10:32:55
Failed: 0  Total Tests: 192  ((Passed: 187, Newly Passed: 1)  Known Failed: 5) /home/travis/build/icyphy/ptII/ptolemy/domains/de/test
04/18/19 10:32:55
Failed: 0  Total Tests: 192  ((Passed: 187, Newly Passed: 1)  Known Failed: 5) /home/travis/build/icyphy/ptII/ptolemy/domains/de/test
----------------- testing (KnownFailure) /home/travis/build/icyphy/ptII/ptolemy/domains/de/test/auto/knownFailedTests/DESDFClockTest.xml
2011 ms. Memory: 337920K Free: 314132K (93%)
Known Failure: java.lang.reflect.InvocationTargetException
----------------- testing (KnownFailure) /home/travis/build/icyphy/ptII/ptolemy/domains/de/test/auto/knownFailedTests/DirectFeedback.xml
1 ms. Memory: 337920K Free: 293652K (87%)
Known Failure: java.lang.reflect.InvocationTargetException
----------------- testing (KnownFailure) /home/travis/build/icyphy/ptII/ptolemy/domains/de/test/auto/knownFailedTests/FSMSource.xml
11 ms. Memory: 337920K Free: 273172K (81%)
----------------- testing (KnownFailure) /home/travis/build/icyphy/ptII/ptolemy/domains/de/test/auto/knownFailedTests/HierarchicalModel.xml
3 ms. Memory: 337920K Free: 247547K (73%)
Known Failure: java.lang.reflect.InvocationTargetException
----------------- testing (KnownFailure) /home/travis/build/icyphy/ptII/ptolemy/domains/de/test/auto/knownFailedTests/dependencyLoop.xml
2 ms. Memory: 337920K Free: 216827K (64%)
Known Failure: java.lang.reflect.InvocationTargetException
----------------- testing (KnownFailure) /home/travis/build/icyphy/ptII/ptolemy/domains/de/test/auto/knownFailedTests/dependencyLoop2.xml
4 ms. Memory: 337920K Free: 186098K (55%)
Known Failure: java.lang.reflect.InvocationTargetException
No auto/linux-amd64/*.xml tests in /home/travis/build/icyphy/ptII/ptolemy/domains/de/test
AutoTests.java: About to close Vertx.
AutoTests.java: Vertx closed.

===========================================================================================
----------------- testing Thu Apr 18 10:32:57 UTC 2019 /home/travis/build/icyphy/ptII/ptolemy/domains/de/test/auto/ActorDepthCalculation_actorWithoutPorts.xml
----------------- Instantiating /home/travis/build/icyphy/ptII/ptolemy/domains/de/test/auto/ActorDepthCalculation_actorWithoutPorts.xml
1 ms. Memory: 337920K Free: 160498K (47%)
----------------- Invoking toplevel() on ptolemy.moml.MoMLSimpleApplication@555574df
----------------- Done invoking toplevel() on ptolemy.moml.MoMLSimpleApplication@555574df
reloadAllAccessors: .ActorDepthCalculation_actorWithoutPorts

===========================================================================================
----------------- testing Thu Apr 18 10:32:57 UTC 2019 /home/travis/build/icyphy/ptII/ptolemy/domains/de/test/auto/AssemblyLine.xml
----------------- Instantiating /home/travis/build/icyphy/ptII/ptolemy/domains/de/test/auto/AssemblyLine.xml
3 ms. Memory: 337920K Free: 145122K (43%)
----------------- Invoking toplevel() on ptolemy.moml.MoMLSimpleApplication@486c0bd3
----------------- Done invoking toplevel() on ptolemy.moml.MoMLSimpleApplication@486c0bd3
reloadAllAccessors: .AssemblyLine

===========================================================================================
----------------- testing Thu Apr 18 10:32:58 UTC 2019 /home/travis/build/icyphy/ptII/ptolemy/domains/de/test/auto/CQBug1.xml
----------------- Instantiating /home/travis/build/icyphy/ptII/ptolemy/domains/de/test/auto/CQBug1.xml
1 ms. Memory: 337920K Free: 134882K (40%)
----------------- Invoking toplevel() on ptolemy.moml.MoMLSimpleApplication@7343ea46
----------------- Done invoking toplevel() on ptolemy.moml.MoMLSimpleApplication@7343ea46
reloadAllAccessors: .CQBug1

===========================================================================================
----------------- testing Thu Apr 18 10:32:58 UTC 2019 /home/travis/build/icyphy/ptII/ptolemy/domains/de/test/auto/CancelFireAt.xml
----------------- Instantiating /home/travis/build/icyphy/ptII/ptolemy/domains/de/test/auto/CancelFireAt.xml
1 ms. Memory: 337920K Free: 124642K (37%)
----------------- Invoking toplevel() on ptolemy.moml.MoMLSimpleApplication@2507cab8
----------------- Done invoking toplevel() on ptolemy.moml.MoMLSimpleApplication@2507cab8
reloadAllAccessors: .CancelFireAt

===========================================================================================
----------------- testing Thu Apr 18 10:32:58 UTC 2019 /home/travis/build/icyphy/ptII/ptolemy/domains/de/test/auto/CausalityAndComposabilityAnalysis.xml
----------------- Instantiating /home/travis/build/icyphy/ptII/ptolemy/domains/de/test/auto/CausalityAndComposabilityAnalysis.xml
2 ms. Memory: 337920K Free: 114402K (34%)
----------------- Invoking toplevel() on ptolemy.moml.MoMLSimpleApplication@16a759ba
----------------- Done invoking toplevel() on ptolemy.moml.MoMLSimpleApplication@16a759ba
reloadAllAccessors: .CausalityAndComposabilityAnalysis

===========================================================================================
----------------- testing Thu Apr 18 10:32:58 UTC 2019 /home/travis/build/icyphy/ptII/ptolemy/domains/de/test/auto/CausalityInterface1.xml
----------------- Instantiating /home/travis/build/icyphy/ptII/ptolemy/domains/de/test/auto/CausalityInterface1.xml
4 ms. Memory: 337920K Free: 104162K (31%)
----------------- Invoking toplevel() on ptolemy.moml.MoMLSimpleApplication@c06648e
----------------- Done invoking toplevel() on ptolemy.moml.MoMLSimpleApplication@c06648e
reloadAllAccessors: .CausalityInterface1

===========================================================================================
----------------- testing Thu Apr 18 10:32:58 UTC 2019 /home/travis/build/icyphy/ptII/ptolemy/domains/de/test/auto/CausalityInterface15.xml
----------------- Instantiating /home/travis/build/icyphy/ptII/ptolemy/domains/de/test/auto/CausalityInterface15.xml
2 ms. Memory: 337920K Free: 90044K (27%)
----------------- Invoking toplevel() on ptolemy.moml.MoMLSimpleApplication@40c313fa
----------------- Done invoking toplevel() on ptolemy.moml.MoMLSimpleApplication@40c313fa
reloadAllAccessors: .CausalityInterface15

[...]
java.lang.RuntimeException: Execution failed
	at ptolemy.moml.MoMLSimpleApplication$UnloadThread.run(MoMLSimpleApplication.java:402)
Caused by: ptolemy.kernel.util.IllegalActionException: Test fails in iteration 1.
Value was: 1.0. Should have been: 2.0
  in .DirectFeedback.Test
	at ptolemy.actor.lib.Test.fire(Test.java:268)
	at ptolemy.domains.de.kernel.DEDirector._fire(DEDirector.java:1949)
	at ptolemy.domains.de.kernel.DEDirector.fire(DEDirector.java:502)
	at ptolemy.actor.CompositeActor.fire(CompositeActor.java:455)
	at ptolemy.actor.Manager.iterate(Manager.java:851)
	at ptolemy.actor.Manager.execute(Manager.java:369)
	at ptolemy.actor.Manager.run(Manager.java:1263)
	at ptolemy.actor.Manager$PtolemyRunThread.run(Manager.java:1915)
java.lang.RuntimeException: Execution failed
	at ptolemy.moml.MoMLSimpleApplication$UnloadThread.run(MoMLSimpleApplication.java:402)
Caused by: ptolemy.kernel.util.IllegalActionException: Actor is not ready to fire.  Perhaps UpSample.prefire() returned false? Try debugging the actor by selecting "Listen to Actor".  Also, for SDF check moml for tokenConsumptionRate on input.
  in .DESDFClockTest.Play Bell.Copy1:SDF Director and .DESDFClockTest.Play Bell.UpSample
	at ptolemy.actor.sched.StaticSchedulingDirector.fire(StaticSchedulingDirector.java:227)
	at ptolemy.domains.sdf.kernel.SDFDirector.fire(SDFDirector.java:500)
	at ptolemy.actor.CompositeActor.fire(CompositeActor.java:455)
	at ptolemy.domains.de.kernel.DEDirector._fire(DEDirector.java:1949)
	at ptolemy.domains.de.kernel.DEDirector.fire(DEDirector.java:502)
	at ptolemy.actor.CompositeActor.fire(CompositeActor.java:455)
	at ptolemy.actor.Manager.iterate(Manager.java:851)
	at ptolemy.actor.Manager.execute(Manager.java:369)
	at ptolemy.actor.Manager.run(Manager.java:1263)
	at ptolemy.actor.Manager$PtolemyRunThread.run(Manager.java:1915)
java.lang.reflect.InvocationTargetException
	at sun.reflect.NativeConstructorAccessorImpl.newInstance0(Native Method)
	at sun.reflect.NativeConstructorAccessorImpl.newInstance(NativeConstructorAccessorImpl.java:62)
	at sun.reflect.DelegatingConstructorAccessorImpl.newInstance(DelegatingConstructorAccessorImpl.java:45)
	at java.lang.reflect.Constructor.newInstance(Constructor.java:423)
	at ptolemy.util.test.junit.AutoKnownFailedTests.RunModel(AutoKnownFailedTests.java:105)
	at sun.reflect.NativeMethodAccessorImpl.invoke0(Native Method)
	at sun.reflect.NativeMethodAccessorImpl.invoke(NativeMethodAccessorImpl.java:62)
	at sun.reflect.DelegatingMethodAccessorImpl.invoke(DelegatingMethodAccessorImpl.java:43)
	at java.lang.reflect.Method.invoke(Method.java:498)
	at org.junit.runners.model.FrameworkMethod$1.runReflectiveCall(FrameworkMethod.java:44)
	at org.junit.internal.runners.model.ReflectiveCallable.run(ReflectiveCallable.java:15)
	at org.junit.runners.model.FrameworkMethod.invokeExplosively(FrameworkMethod.java:41)
	at junitparams.internal.InvokeParameterisedMethod.evaluate(InvokeParameterisedMethod.java:102)
	at org.junit.internal.runners.statements.FailOnTimeout$1.run(FailOnTimeout.java:28)
Caused by: ptolemy.kernel.util.IllegalActionException: Actor is not ready to fire.  Perhaps UpSample.prefire() returned false? Try debugging the actor by selecting "Listen to Actor".  Also, for SDF check moml for tokenConsumptionRate on input.
  in .DESDFClockTest.Play Bell.Copy1:SDF Director and .DESDFClockTest.Play Bell.UpSample
	at ptolemy.actor.sched.StaticSchedulingDirector.fire(StaticSchedulingDirector.java:227)
	at ptolemy.domains.sdf.kernel.SDFDirector.fire(SDFDirector.java:500)
	at ptolemy.actor.CompositeActor.fire(CompositeActor.java:455)
	at ptolemy.domains.de.kernel.DEDirector._fire(DEDirector.java:1949)
	at ptolemy.domains.de.kernel.DEDirector.fire(DEDirector.java:502)
	at ptolemy.actor.CompositeActor.fire(CompositeActor.java:455)
	at ptolemy.actor.Manager.iterate(Manager.java:851)
	at ptolemy.actor.Manager.execute(Manager.java:369)
	at ptolemy.actor.Manager.run(Manager.java:1263)
	at ptolemy.actor.Manager$PtolemyRunThread.run(Manager.java:1915)
java.lang.RuntimeException: Execution failed
	at ptolemy.moml.MoMLSimpleApplication$UnloadThread.run(MoMLSimpleApplication.java:402)
Caused by: ptolemy.kernel.util.IllegalActionException: Test fails in iteration 1.
Value was: 1.0. Should have been: 2.0
  in .DirectFeedback.Test
	at ptolemy.actor.lib.Test.fire(Test.java:268)
	at ptolemy.domains.de.kernel.DEDirector._fire(DEDirector.java:1949)
	at ptolemy.domains.de.kernel.DEDirector.fire(DEDirector.java:502)
	at ptolemy.actor.CompositeActor.fire(CompositeActor.java:455)
	at ptolemy.actor.Manager.iterate(Manager.java:851)
	at ptolemy.actor.Manager.execute(Manager.java:369)
	at ptolemy.actor.Manager.run(Manager.java:1263)
	at ptolemy.actor.Manager$PtolemyRunThread.run(Manager.java:1915)
java.lang.reflect.InvocationTargetException
	at sun.reflect.NativeConstructorAccessorImpl.newInstance0(Native Method)
	at sun.reflect.NativeConstructorAccessorImpl.newInstance(NativeConstructorAccessorImpl.java:62)
	at sun.reflect.DelegatingConstructorAccessorImpl.newInstance(DelegatingConstructorAccessorImpl.java:45)
	at java.lang.reflect.Constructor.newInstance(Constructor.java:423)
	at ptolemy.util.test.junit.AutoKnownFailedTests.RunModel(AutoKnownFailedTests.java:105)
	at sun.reflect.NativeMethodAccessorImpl.invoke0(Native Method)
	at sun.reflect.NativeMethodAccessorImpl.invoke(NativeMethodAccessorImpl.java:62)
	at sun.reflect.DelegatingMethodAccessorImpl.invoke(DelegatingMethodAccessorImpl.java:43)
	at java.lang.reflect.Method.invoke(Method.java:498)
	at org.junit.runners.model.FrameworkMethod$1.runReflectiveCall(FrameworkMethod.java:44)
	at org.junit.internal.runners.model.ReflectiveCallable.run(ReflectiveCallable.java:15)
	at org.junit.runners.model.FrameworkMethod.invokeExplosively(FrameworkMethod.java:41)
	at junitparams.internal.InvokeParameterisedMethod.evaluate(InvokeParameterisedMethod.java:102)
	at org.junit.internal.runners.statements.FailOnTimeout$1.run(FailOnTimeout.java:28)
Caused by: ptolemy.kernel.util.IllegalActionException: Test fails in iteration 1.
Value was: 1.0. Should have been: 2.0
  in .DirectFeedback.Test
	at ptolemy.actor.lib.Test.fire(Test.java:268)
	at ptolemy.domains.de.kernel.DEDirector._fire(DEDirector.java:1949)
	at ptolemy.domains.de.kernel.DEDirector.fire(DEDirector.java:502)
	at ptolemy.actor.CompositeActor.fire(CompositeActor.java:455)
	at ptolemy.actor.Manager.iterate(Manager.java:851)
	at ptolemy.actor.Manager.execute(Manager.java:369)
	at ptolemy.actor.Manager.run(Manager.java:1263)
	at ptolemy.actor.Manager$PtolemyRunThread.run(Manager.java:1915)
java.lang.RuntimeException: Execution failed
	at ptolemy.moml.MoMLSimpleApplication$UnloadThread.run(MoMLSimpleApplication.java:402)
Caused by: ptolemy.kernel.util.IllegalActionException: Found a zero delay loop containing .HierarchicalModel.A
  in .HierarchicalModel and .HierarchicalModel.A
	at ptolemy.actor.util.CausalityInterfaceForComposites._computeOutputPortDepth(CausalityInterfaceForComposites.java:759)
	at ptolemy.actor.util.CausalityInterfaceForComposites._computeInputDepth(CausalityInterfaceForComposites.java:696)
	at ptolemy.actor.util.CausalityInterfaceForComposites._computeOutputPortDepth(CausalityInterfaceForComposites.java:765)
	at ptolemy.actor.util.CausalityInterfaceForComposites._computeInputDepth(CausalityInterfaceForComposites.java:696)
	at ptolemy.actor.util.CausalityInterfaceForComposites._computeOutputPortDepth(CausalityInterfaceForComposites.java:765)
	at ptolemy.actor.util.CausalityInterfaceForComposites._computeInputDepth(CausalityInterfaceForComposites.java:696)
	at ptolemy.actor.util.CausalityInterfaceForComposites._computeActorDepth(CausalityInterfaceForComposites.java:532)
	at ptolemy.actor.util.CausalityInterfaceForComposites.checkForCycles(CausalityInterfaceForComposites.java:96)
	at ptolemy.domains.de.kernel.DEDirector.preinitialize(DEDirector.java:1338)
	at ptolemy.actor.CompositeActor.preinitialize(CompositeActor.java:1828)
	at ptolemy.actor.Manager.preinitializeAndResolveTypes(Manager.java:1040)
	at ptolemy.actor.Manager.initialize(Manager.java:710)
	at ptolemy.actor.Manager.execute(Manager.java:356)
	at ptolemy.actor.Manager.run(Manager.java:1263)
	at ptolemy.actor.Manager$PtolemyRunThread.run(Manager.java:1915)
java.lang.reflect.InvocationTargetException
	at sun.reflect.NativeConstructorAccessorImpl.newInstance0(Native Method)
	at sun.reflect.NativeConstructorAccessorImpl.newInstance(NativeConstructorAccessorImpl.java:62)
	at sun.reflect.DelegatingConstructorAccessorImpl.newInstance(DelegatingConstructorAccessorImpl.java:45)
	at java.lang.reflect.Constructor.newInstance(Constructor.java:423)
	at ptolemy.util.test.junit.AutoKnownFailedTests.RunModel(AutoKnownFailedTests.java:105)
	at sun.reflect.NativeMethodAccessorImpl.invoke0(Native Method)
	at sun.reflect.NativeMethodAccessorImpl.invoke(NativeMethodAccessorImpl.java:62)
	at sun.reflect.DelegatingMethodAccessorImpl.invoke(DelegatingMethodAccessorImpl.java:43)
	at java.lang.reflect.Method.invoke(Method.java:498)
	at org.junit.runners.model.FrameworkMethod$1.runReflectiveCall(FrameworkMethod.java:44)
	at org.junit.internal.runners.model.ReflectiveCallable.run(ReflectiveCallable.java:15)
	at org.junit.runners.model.FrameworkMethod.invokeExplosively(FrameworkMethod.java:41)
	at junitparams.internal.InvokeParameterisedMethod.evaluate(InvokeParameterisedMethod.java:102)
	at org.junit.internal.runners.statements.FailOnTimeout$1.run(FailOnTimeout.java:28)
Caused by: ptolemy.kernel.util.IllegalActionException: Found a zero delay loop containing .HierarchicalModel.A
  in .HierarchicalModel and .HierarchicalModel.A
	at ptolemy.actor.util.CausalityInterfaceForComposites._computeOutputPortDepth(CausalityInterfaceForComposites.java:759)
	at ptolemy.actor.util.CausalityInterfaceForComposites._computeInputDepth(CausalityInterfaceForComposites.java:696)
	at ptolemy.actor.util.CausalityInterfaceForComposites._computeOutputPortDepth(CausalityInterfaceForComposites.java:765)
	at ptolemy.actor.util.CausalityInterfaceForComposites._computeInputDepth(CausalityInterfaceForComposites.java:696)
	at ptolemy.actor.util.CausalityInterfaceForComposites._computeOutputPortDepth(CausalityInterfaceForComposites.java:765)
	at ptolemy.actor.util.CausalityInterfaceForComposites._computeInputDepth(CausalityInterfaceForComposites.java:696)
	at ptolemy.actor.util.CausalityInterfaceForComposites._computeActorDepth(CausalityInterfaceForComposites.java:532)
	at ptolemy.actor.util.CausalityInterfaceForComposites.checkForCycles(CausalityInterfaceForComposites.java:96)
	at ptolemy.domains.de.kernel.DEDirector.preinitialize(DEDirector.java:1338)
	at ptolemy.actor.CompositeActor.preinitialize(CompositeActor.java:1828)
	at ptolemy.actor.Manager.preinitializeAndResolveTypes(Manager.java:1040)
	at ptolemy.actor.Manager.initialize(Manager.java:710)
	at ptolemy.actor.Manager.execute(Manager.java:356)
	at ptolemy.actor.Manager.run(Manager.java:1263)
	at ptolemy.actor.Manager$PtolemyRunThread.run(Manager.java:1915)
java.lang.RuntimeException: Execution failed
	at ptolemy.moml.MoMLSimpleApplication$UnloadThread.run(MoMLSimpleApplication.java:402)
Caused by: ptolemy.kernel.util.IllegalActionException: Found a zero delay loop containing .dependencyLoop.original
  in .dependencyLoop and .dependencyLoop.original
	at ptolemy.actor.util.CausalityInterfaceForComposites._computeOutputPortDepth(CausalityInterfaceForComposites.java:759)
	at ptolemy.actor.util.CausalityInterfaceForComposites._computeInputDepth(CausalityInterfaceForComposites.java:696)
	at ptolemy.actor.util.CausalityInterfaceForComposites._computeOutputPortDepth(CausalityInterfaceForComposites.java:765)
	at ptolemy.actor.util.CausalityInterfaceForComposites._computeInputDepth(CausalityInterfaceForComposites.java:696)
	at ptolemy.actor.util.CausalityInterfaceForComposites._computeOutputPortDepth(CausalityInterfaceForComposites.java:765)
	at ptolemy.actor.util.CausalityInterfaceForComposites._computeInputDepth(CausalityInterfaceForComposites.java:696)
	at ptolemy.actor.util.CausalityInterfaceForComposites._computeActorDepth(CausalityInterfaceForComposites.java:532)
	at ptolemy.actor.util.CausalityInterfaceForComposites.checkForCycles(CausalityInterfaceForComposites.java:96)
	at ptolemy.domains.de.kernel.DEDirector.preinitialize(DEDirector.java:1338)
	at ptolemy.actor.CompositeActor.preinitialize(CompositeActor.java:1828)
	at ptolemy.actor.Manager.preinitializeAndResolveTypes(Manager.java:1040)
	at ptolemy.actor.Manager.initialize(Manager.java:710)
	at ptolemy.actor.Manager.execute(Manager.java:356)
	at ptolemy.actor.Manager.run(Manager.java:1263)
	at ptolemy.actor.Manager$PtolemyRunThread.run(Manager.java:1915)
java.lang.reflect.InvocationTargetException
	at sun.reflect.NativeConstructorAccessorImpl.newInstance0(Native Method)
	at sun.reflect.NativeConstructorAccessorImpl.newInstance(NativeConstructorAccessorImpl.java:62)
	at sun.reflect.DelegatingConstructorAccessorImpl.newInstance(DelegatingConstructorAccessorImpl.java:45)
	at java.lang.reflect.Constructor.newInstance(Constructor.java:423)
	at ptolemy.util.test.junit.AutoKnownFailedTests.RunModel(AutoKnownFailedTests.java:105)
	at sun.reflect.NativeMethodAccessorImpl.invoke0(Native Method)
	at sun.reflect.NativeMethodAccessorImpl.invoke(NativeMethodAccessorImpl.java:62)
	at sun.reflect.DelegatingMethodAccessorImpl.invoke(DelegatingMethodAccessorImpl.java:43)
	at java.lang.reflect.Method.invoke(Method.java:498)
	at org.junit.runners.model.FrameworkMethod$1.runReflectiveCall(FrameworkMethod.java:44)
	at org.junit.internal.runners.model.ReflectiveCallable.run(ReflectiveCallable.java:15)
	at org.junit.runners.model.FrameworkMethod.invokeExplosively(FrameworkMethod.java:41)
	at junitparams.internal.InvokeParameterisedMethod.evaluate(InvokeParameterisedMethod.java:102)
	at org.junit.internal.runners.statements.FailOnTimeout$1.run(FailOnTimeout.java:28)
Caused by: ptolemy.kernel.util.IllegalActionException: Found a zero delay loop containing .dependencyLoop.original
  in .dependencyLoop and .dependencyLoop.original
	at ptolemy.actor.util.CausalityInterfaceForComposites._computeOutputPortDepth(CausalityInterfaceForComposites.java:759)
	at ptolemy.actor.util.CausalityInterfaceForComposites._computeInputDepth(CausalityInterfaceForComposites.java:696)
	at ptolemy.actor.util.CausalityInterfaceForComposites._computeOutputPortDepth(CausalityInterfaceForComposites.java:765)
	at ptolemy.actor.util.CausalityInterfaceForComposites._computeInputDepth(CausalityInterfaceForComposites.java:696)
	at ptolemy.actor.util.CausalityInterfaceForComposites._computeOutputPortDepth(CausalityInterfaceForComposites.java:765)
	at ptolemy.actor.util.CausalityInterfaceForComposites._computeInputDepth(CausalityInterfaceForComposites.java:696)
	at ptolemy.actor.util.CausalityInterfaceForComposites._computeActorDepth(CausalityInterfaceForComposites.java:532)
	at ptolemy.actor.util.CausalityInterfaceForComposites.checkForCycles(CausalityInterfaceForComposites.java:96)
	at ptolemy.domains.de.kernel.DEDirector.preinitialize(DEDirector.java:1338)
	at ptolemy.actor.CompositeActor.preinitialize(CompositeActor.java:1828)
	at ptolemy.actor.Manager.preinitializeAndResolveTypes(Manager.java:1040)
	at ptolemy.actor.Manager.initialize(Manager.java:710)
	at ptolemy.actor.Manager.execute(Manager.java:356)
	at ptolemy.actor.Manager.run(Manager.java:1263)
	at ptolemy.actor.Manager$PtolemyRunThread.run(Manager.java:1915)
java.lang.RuntimeException: Execution failed
	at ptolemy.moml.MoMLSimpleApplication$UnloadThread.run(MoMLSimpleApplication.java:402)
Caused by: ptolemy.kernel.util.IllegalActionException: Found a zero delay loop containing .dependencyLoop2.original
  in .dependencyLoop2 and .dependencyLoop2.original
	at ptolemy.actor.util.CausalityInterfaceForComposites._computeOutputPortDepth(CausalityInterfaceForComposites.java:759)
	at ptolemy.actor.util.CausalityInterfaceForComposites._computeInputDepth(CausalityInterfaceForComposites.java:696)
	at ptolemy.actor.util.CausalityInterfaceForComposites._computeOutputPortDepth(CausalityInterfaceForComposites.java:765)
	at ptolemy.actor.util.CausalityInterfaceForComposites._computeInputDepth(CausalityInterfaceForComposites.java:696)
	at ptolemy.actor.util.CausalityInterfaceForComposites._computeOutputPortDepth(CausalityInterfaceForComposites.java:765)
	at ptolemy.actor.util.CausalityInterfaceForComposites._computeInputDepth(CausalityInterfaceForComposites.java:696)
	at ptolemy.actor.util.CausalityInterfaceForComposites._computeActorDepth(CausalityInterfaceForComposites.java:532)
	at ptolemy.actor.util.CausalityInterfaceForComposites.checkForCycles(CausalityInterfaceForComposites.java:96)
	at ptolemy.domains.de.kernel.DEDirector.preinitialize(DEDirector.java:1338)
	at ptolemy.actor.CompositeActor.preinitialize(CompositeActor.java:1828)
	at ptolemy.actor.Manager.preinitializeAndResolveTypes(Manager.java:1040)
	at ptolemy.actor.Manager.initialize(Manager.java:710)
	at ptolemy.actor.Manager.execute(Manager.java:356)
	at ptolemy.actor.Manager.run(Manager.java:1263)
	at ptolemy.actor.Manager$PtolemyRunThread.run(Manager.java:1915)
java.lang.reflect.InvocationTargetException
	at sun.reflect.NativeConstructorAccessorImpl.newInstance0(Native Method)
	at sun.reflect.NativeConstructorAccessorImpl.newInstance(NativeConstructorAccessorImpl.java:62)
	at sun.reflect.DelegatingConstructorAccessorImpl.newInstance(DelegatingConstructorAccessorImpl.java:45)
	at java.lang.reflect.Constructor.newInstance(Constructor.java:423)
	at ptolemy.util.test.junit.AutoKnownFailedTests.RunModel(AutoKnownFailedTests.java:105)
	at sun.reflect.NativeMethodAccessorImpl.invoke0(Native Method)
	at sun.reflect.NativeMethodAccessorImpl.invoke(NativeMethodAccessorImpl.java:62)
	at sun.reflect.DelegatingMethodAccessorImpl.invoke(DelegatingMethodAccessorImpl.java:43)
	at java.lang.reflect.Method.invoke(Method.java:498)
	at org.junit.runners.model.FrameworkMethod$1.runReflectiveCall(FrameworkMethod.java:44)
	at org.junit.internal.runners.model.ReflectiveCallable.run(ReflectiveCallable.java:15)
	at org.junit.runners.model.FrameworkMethod.invokeExplosively(FrameworkMethod.java:41)
	at junitparams.internal.InvokeParameterisedMethod.evaluate(InvokeParameterisedMethod.java:102)
	at org.junit.internal.runners.statements.FailOnTimeout$1.run(FailOnTimeout.java:28)
Caused by: ptolemy.kernel.util.IllegalActionException: Found a zero delay loop containing .dependencyLoop2.original
  in .dependencyLoop2 and .dependencyLoop2.original
	at ptolemy.actor.util.CausalityInterfaceForComposites._computeOutputPortDepth(CausalityInterfaceForComposites.java:759)
	at ptolemy.actor.util.CausalityInterfaceForComposites._computeInputDepth(CausalityInterfaceForComposites.java:696)
	at ptolemy.actor.util.CausalityInterfaceForComposites._computeOutputPortDepth(CausalityInterfaceForComposites.java:765)
	at ptolemy.actor.util.CausalityInterfaceForComposites._computeInputDepth(CausalityInterfaceForComposites.java:696)
	at ptolemy.actor.util.CausalityInterfaceForComposites._computeOutputPortDepth(CausalityInterfaceForComposites.java:765)
	at ptolemy.actor.util.CausalityInterfaceForComposites._computeInputDepth(CausalityInterfaceForComposites.java:696)
	at ptolemy.actor.util.CausalityInterfaceForComposites._computeActorDepth(CausalityInterfaceForComposites.java:532)
	at ptolemy.actor.util.CausalityInterfaceForComposites.checkForCycles(CausalityInterfaceForComposites.java:96)
	at ptolemy.domains.de.kernel.DEDirector.preinitialize(DEDirector.java:1338)
	at ptolemy.actor.CompositeActor.preinitialize(CompositeActor.java:1828)
	at ptolemy.actor.Manager.preinitializeAndResolveTypes(Manager.java:1040)
	at ptolemy.actor.Manager.initialize(Manager.java:710)
	at ptolemy.actor.Manager.execute(Manager.java:356)
	at ptolemy.actor.Manager.run(Manager.java:1263)
	at ptolemy.actor.Manager$PtolemyRunThread.run(Manager.java:1915)
]]></system-err>
</testsuite>
