<?xml version="1.0" encoding="UTF-8" ?>
<testsuite errors="0" failures="0" hostname="travis-job-5c6a1b96-af63-4297-afaa-4622dfb02026" name="ptolemy.domains.modal.test.junit.JUnitTclTest" skipped="0" tests="148" time="10.531" timestamp="2019-06-06T04:34:19">
  <properties>
[...]
</properties>
  <testcase classname="ptolemy.util.test.junit.TclTests" name="[0] /home/travis/build/icyphy/ptII/ptolemy/domains/modal/test/SystemLevelType.tcl (RunTclFile)" time="1.829" />
  <testcase classname="ptolemy.util.test.junit.AutoKnownFailedTests" name="[0] /home/travis/build/icyphy/ptII/ptolemy/domains/modal/test/auto/knownFailedTests/CannotAnalysisWithPreemption.xml (RunModel)" time="0.164" />
  <testcase classname="ptolemy.util.test.junit.AutoNameArchTests" name="[0] ThereAreNoAutoArchTests (RunModel)" time="0.006" />
  <testcase classname="ptolemy.util.test.junit.AutoTests" name="[0] /home/travis/build/icyphy/ptII/ptolemy/domains/modal/test/auto/ABPTest.xml (RunModel)" time="0.684" />
  <testcase classname="ptolemy.util.test.junit.AutoTests" name="[1] /home/travis/build/icyphy/ptII/ptolemy/domains/modal/test/auto/ABROFlat.xml (RunModel)" time="0.065" />
  <testcase classname="ptolemy.util.test.junit.AutoTests" name="[2] /home/travis/build/icyphy/ptII/ptolemy/domains/modal/test/auto/ABROFlat2.xml (RunModel)" time="0.075" />
  <testcase classname="ptolemy.util.test.junit.AutoTests" name="[3] /home/travis/build/icyphy/ptII/ptolemy/domains/modal/test/auto/ABRO_present_hmm.xml (RunModel)" time="0.157" />
  <testcase classname="ptolemy.util.test.junit.AutoTests" name="[4] /home/travis/build/icyphy/ptII/ptolemy/domains/modal/test/auto/AMICoderExample.xml (RunModel)" time="0.063" />
  <testcase classname="ptolemy.util.test.junit.AutoTests" name="[5] /home/travis/build/icyphy/ptII/ptolemy/domains/modal/test/auto/AbsentToPresent.xml (RunModel)" time="0.023" />
  <testcase classname="ptolemy.util.test.junit.AutoTests" name="[6] /home/travis/build/icyphy/ptII/ptolemy/domains/modal/test/auto/Blending.xml (RunModel)" time="0.265" />
  <testcase classname="ptolemy.util.test.junit.AutoTests" name="[7] /home/travis/build/icyphy/ptII/ptolemy/domains/modal/test/auto/Broadcast.xml (RunModel)" time="0.048" />
  <testcase classname="ptolemy.util.test.junit.AutoTests" name="[8] /home/travis/build/icyphy/ptII/ptolemy/domains/modal/test/auto/BroadcastHierarchy.xml (RunModel)" time="0.115" />
  <testcase classname="ptolemy.util.test.junit.AutoTests" name="[9] /home/travis/build/icyphy/ptII/ptolemy/domains/modal/test/auto/BroadcastHierarchy2.xml (RunModel)" time="0.13" />
  <testcase classname="ptolemy.util.test.junit.AutoTests" name="[10] /home/travis/build/icyphy/ptII/ptolemy/domains/modal/test/auto/BroadcastHierarchy3.xml (RunModel)" time="0.088" />
  <testcase classname="ptolemy.util.test.junit.AutoTests" name="[11] /home/travis/build/icyphy/ptII/ptolemy/domains/modal/test/auto/BroadcastHierarchy4.xml (RunModel)" time="0.1" />
  <testcase classname="ptolemy.util.test.junit.AutoTests" name="[12] /home/travis/build/icyphy/ptII/ptolemy/domains/modal/test/auto/CannotAnalysisWithPreemption2.xml (RunModel)" time="0.041" />
  <testcase classname="ptolemy.util.test.junit.AutoTests" name="[13] /home/travis/build/icyphy/ptII/ptolemy/domains/modal/test/auto/CannotAnalysisWithPreemption3.xml (RunModel)" time="0.049" />
  <testcase classname="ptolemy.util.test.junit.AutoTests" name="[14] /home/travis/build/icyphy/ptII/ptolemy/domains/modal/test/auto/CannotProduce.xml (RunModel)" time="0.039" />
  <testcase classname="ptolemy.util.test.junit.AutoTests" name="[15] /home/travis/build/icyphy/ptII/ptolemy/domains/modal/test/auto/CannotProduceModal.xml (RunModel)" time="0.039" />
  <testcase classname="ptolemy.util.test.junit.AutoTests" name="[16] /home/travis/build/icyphy/ptII/ptolemy/domains/modal/test/auto/Case.xml (RunModel)" time="0.112" />
  <testcase classname="ptolemy.util.test.junit.AutoTests" name="[17] /home/travis/build/icyphy/ptII/ptolemy/domains/modal/test/auto/Case1.xml (RunModel)" time="0.036" />
  <testcase classname="ptolemy.util.test.junit.AutoTests" name="[18] /home/travis/build/icyphy/ptII/ptolemy/domains/modal/test/auto/Case2.xml (RunModel)" time="0.065" />
  <testcase classname="ptolemy.util.test.junit.AutoTests" name="[19] /home/travis/build/icyphy/ptII/ptolemy/domains/modal/test/auto/CausalityInterface1.xml (RunModel)" time="0.041" />
  <testcase classname="ptolemy.util.test.junit.AutoTests" name="[20] /home/travis/build/icyphy/ptII/ptolemy/domains/modal/test/auto/CausalityInterface10.xml (RunModel)" time="0.067" />
  <testcase classname="ptolemy.util.test.junit.AutoTests" name="[21] /home/travis/build/icyphy/ptII/ptolemy/domains/modal/test/auto/CausalityInterface11.xml (RunModel)" time="0.046" />
  <testcase classname="ptolemy.util.test.junit.AutoTests" name="[22] /home/travis/build/icyphy/ptII/ptolemy/domains/modal/test/auto/CausalityInterface12.xml (RunModel)" time="0.082" />
  <testcase classname="ptolemy.util.test.junit.AutoTests" name="[23] /home/travis/build/icyphy/ptII/ptolemy/domains/modal/test/auto/CausalityInterface13.xml (RunModel)" time="0.048" />
  <testcase classname="ptolemy.util.test.junit.AutoTests" name="[24] /home/travis/build/icyphy/ptII/ptolemy/domains/modal/test/auto/CausalityInterface14.xml (RunModel)" time="0.045" />
  <testcase classname="ptolemy.util.test.junit.AutoTests" name="[25] /home/travis/build/icyphy/ptII/ptolemy/domains/modal/test/auto/CausalityInterface2.xml (RunModel)" time="0.025" />
  <testcase classname="ptolemy.util.test.junit.AutoTests" name="[26] /home/travis/build/icyphy/ptII/ptolemy/domains/modal/test/auto/CausalityInterface3.xml (RunModel)" time="0.036" />
  <testcase classname="ptolemy.util.test.junit.AutoTests" name="[27] /home/travis/build/icyphy/ptII/ptolemy/domains/modal/test/auto/CausalityInterface4.xml (RunModel)" time="0.025" />
  <testcase classname="ptolemy.util.test.junit.AutoTests" name="[28] /home/travis/build/icyphy/ptII/ptolemy/domains/modal/test/auto/CausalityInterface5.xml (RunModel)" time="0.031" />
  <testcase classname="ptolemy.util.test.junit.AutoTests" name="[29] /home/travis/build/icyphy/ptII/ptolemy/domains/modal/test/auto/CausalityInterface6.xml (RunModel)" time="0.042" />
  <testcase classname="ptolemy.util.test.junit.AutoTests" name="[30] /home/travis/build/icyphy/ptII/ptolemy/domains/modal/test/auto/CausalityInterface7.xml (RunModel)" time="0.043" />
  <testcase classname="ptolemy.util.test.junit.AutoTests" name="[31] /home/travis/build/icyphy/ptII/ptolemy/domains/modal/test/auto/CausalityInterface8.xml (RunModel)" time="0.046" />
  <testcase classname="ptolemy.util.test.junit.AutoTests" name="[32] /home/travis/build/icyphy/ptII/ptolemy/domains/modal/test/auto/CausalityInterface9.xml (RunModel)" time="0.038" />
  <testcase classname="ptolemy.util.test.junit.AutoTests" name="[33] /home/travis/build/icyphy/ptII/ptolemy/domains/modal/test/auto/ChainedTransitions.xml (RunModel)" time="0.142" />
  <testcase classname="ptolemy.util.test.junit.AutoTests" name="[34] /home/travis/build/icyphy/ptII/ptolemy/domains/modal/test/auto/CycleOfImmediateTransitionsFSM.xml (RunModel)" time="0.016" />
  <testcase classname="ptolemy.util.test.junit.AutoTests" name="[35] /home/travis/build/icyphy/ptII/ptolemy/domains/modal/test/auto/CycleOfImmediateTransitionsModal.xml (RunModel)" time="0.03" />
  <testcase classname="ptolemy.util.test.junit.AutoTests" name="[36] /home/travis/build/icyphy/ptII/ptolemy/domains/modal/test/auto/CycleOfImmediateTransitionsModal2.xml (RunModel)" time="0.032" />
  <testcase classname="ptolemy.util.test.junit.AutoTests" name="[37] /home/travis/build/icyphy/ptII/ptolemy/domains/modal/test/auto/CycleOfImmediateTransitionsModal3.xml (RunModel)" time="0.081" />
  <testcase classname="ptolemy.util.test.junit.AutoTests" name="[38] /home/travis/build/icyphy/ptII/ptolemy/domains/modal/test/auto/DeepModal1.xml (RunModel)" time="0.058" />
  <testcase classname="ptolemy.util.test.junit.AutoTests" name="[39] /home/travis/build/icyphy/ptII/ptolemy/domains/modal/test/auto/DeepModal2.xml (RunModel)" time="0.052" />
  <testcase classname="ptolemy.util.test.junit.AutoTests" name="[40] /home/travis/build/icyphy/ptII/ptolemy/domains/modal/test/auto/DeepModal3.xml (RunModel)" time="0.051" />
  <testcase classname="ptolemy.util.test.junit.AutoTests" name="[41] /home/travis/build/icyphy/ptII/ptolemy/domains/modal/test/auto/DeepModal4.xml (RunModel)" time="0.117" />
  <testcase classname="ptolemy.util.test.junit.AutoTests" name="[42] /home/travis/build/icyphy/ptII/ptolemy/domains/modal/test/auto/Default1.xml (RunModel)" time="0.024" />
  <testcase classname="ptolemy.util.test.junit.AutoTests" name="[43] /home/travis/build/icyphy/ptII/ptolemy/domains/modal/test/auto/Default2.xml (RunModel)" time="0.017" />
  <testcase classname="ptolemy.util.test.junit.AutoTests" name="[44] /home/travis/build/icyphy/ptII/ptolemy/domains/modal/test/auto/Default3.xml (RunModel)" time="0.026" />
  <testcase classname="ptolemy.util.test.junit.AutoTests" name="[45] /home/travis/build/icyphy/ptII/ptolemy/domains/modal/test/auto/Default4.xml (RunModel)" time="0.038" />
  <testcase classname="ptolemy.util.test.junit.AutoTests" name="[46] /home/travis/build/icyphy/ptII/ptolemy/domains/modal/test/auto/Default5.xml (RunModel)" time="0.035" />
  <testcase classname="ptolemy.util.test.junit.AutoTests" name="[47] /home/travis/build/icyphy/ptII/ptolemy/domains/modal/test/auto/EmptyGuard.xml (RunModel)" time="0.031" />
  <testcase classname="ptolemy.util.test.junit.AutoTests" name="[48] /home/travis/build/icyphy/ptII/ptolemy/domains/modal/test/auto/ErrorTransition1.xml (RunModel)" time="0.031" />
  <testcase classname="ptolemy.util.test.junit.AutoTests" name="[49] /home/travis/build/icyphy/ptII/ptolemy/domains/modal/test/auto/ErrorTransition10.xml (RunModel)" time="0.044" />
  <testcase classname="ptolemy.util.test.junit.AutoTests" name="[50] /home/travis/build/icyphy/ptII/ptolemy/domains/modal/test/auto/ErrorTransition11.xml (RunModel)" time="0.031" />
  <testcase classname="ptolemy.util.test.junit.AutoTests" name="[51] /home/travis/build/icyphy/ptII/ptolemy/domains/modal/test/auto/ErrorTransition2.xml (RunModel)" time="0.022" />
  <testcase classname="ptolemy.util.test.junit.AutoTests" name="[52] /home/travis/build/icyphy/ptII/ptolemy/domains/modal/test/auto/ErrorTransition3.xml (RunModel)" time="0.024" />
  <testcase classname="ptolemy.util.test.junit.AutoTests" name="[53] /home/travis/build/icyphy/ptII/ptolemy/domains/modal/test/auto/ErrorTransition4.xml (RunModel)" time="0.028" />
  <testcase classname="ptolemy.util.test.junit.AutoTests" name="[54] /home/travis/build/icyphy/ptII/ptolemy/domains/modal/test/auto/ErrorTransition5.xml (RunModel)" time="0.029" />
  <testcase classname="ptolemy.util.test.junit.AutoTests" name="[55] /home/travis/build/icyphy/ptII/ptolemy/domains/modal/test/auto/ErrorTransition6.xml (RunModel)" time="0.033" />
  <testcase classname="ptolemy.util.test.junit.AutoTests" name="[56] /home/travis/build/icyphy/ptII/ptolemy/domains/modal/test/auto/ErrorTransition7.xml (RunModel)" time="0.039" />
  <testcase classname="ptolemy.util.test.junit.AutoTests" name="[57] /home/travis/build/icyphy/ptII/ptolemy/domains/modal/test/auto/ErrorTransition8.xml (RunModel)" time="0.075" />
  <testcase classname="ptolemy.util.test.junit.AutoTests" name="[58] /home/travis/build/icyphy/ptII/ptolemy/domains/modal/test/auto/ErrorTransition9.xml (RunModel)" time="0.038" />
  <testcase classname="ptolemy.util.test.junit.AutoTests" name="[59] /home/travis/build/icyphy/ptII/ptolemy/domains/modal/test/auto/ExtendedFSM.xml (RunModel)" time="0.023" />
  <testcase classname="ptolemy.util.test.junit.AutoTests" name="[60] /home/travis/build/icyphy/ptII/ptolemy/domains/modal/test/auto/FinalStates.xml (RunModel)" time="0.025" />
  <testcase classname="ptolemy.util.test.junit.AutoTests" name="[61] /home/travis/build/icyphy/ptII/ptolemy/domains/modal/test/auto/FixedPointFSM.xml (RunModel)" time="0.058" />
  <testcase classname="ptolemy.util.test.junit.AutoTests" name="[62] /home/travis/build/icyphy/ptII/ptolemy/domains/modal/test/auto/FixedPointIterationFSMActor.xml (RunModel)" time="0.028" />
  <testcase classname="ptolemy.util.test.junit.AutoTests" name="[63] /home/travis/build/icyphy/ptII/ptolemy/domains/modal/test/auto/FixedPointIterationFSMActor2.xml (RunModel)" time="0.037" />
  <testcase classname="ptolemy.util.test.junit.AutoTests" name="[64] /home/travis/build/icyphy/ptII/ptolemy/domains/modal/test/auto/ForbiddenInstantanousLoop.xml (RunModel)" time="0.031" />
  <testcase classname="ptolemy.util.test.junit.AutoTests" name="[65] /home/travis/build/icyphy/ptII/ptolemy/domains/modal/test/auto/FunctionDependencyOfFSMActorTest.xml (RunModel)" time="0.029" />
  <testcase classname="ptolemy.util.test.junit.AutoTests" name="[66] /home/travis/build/icyphy/ptII/ptolemy/domains/modal/test/auto/GuardExpression.xml (RunModel)" time="0.017" />
  <testcase classname="ptolemy.util.test.junit.AutoTests" name="[67] /home/travis/build/icyphy/ptII/ptolemy/domains/modal/test/auto/GuardNotEvaluated.xml (RunModel)" time="0.055" />
  <testcase classname="ptolemy.util.test.junit.AutoTests" name="[68] /home/travis/build/icyphy/ptII/ptolemy/domains/modal/test/auto/GuardNotEvaluated2.xml (RunModel)" time="0.025" />
  <testcase classname="ptolemy.util.test.junit.AutoTests" name="[69] /home/travis/build/icyphy/ptII/ptolemy/domains/modal/test/auto/GuardOnAbsent.xml (RunModel)" time="0.027" />
  <testcase classname="ptolemy.util.test.junit.AutoTests" name="[70] /home/travis/build/icyphy/ptII/ptolemy/domains/modal/test/auto/HierarchicalFSMTypeInference.xml (RunModel)" time="0.027" />
  <testcase classname="ptolemy.util.test.junit.AutoTests" name="[71] /home/travis/build/icyphy/ptII/ptolemy/domains/modal/test/auto/Hysteresis.xml (RunModel)" time="0.036" />
  <testcase classname="ptolemy.util.test.junit.AutoTests" name="[72] /home/travis/build/icyphy/ptII/ptolemy/domains/modal/test/auto/HysteresisWithDefault.xml (RunModel)" time="0.051" />
  <testcase classname="ptolemy.util.test.junit.AutoTests" name="[73] /home/travis/build/icyphy/ptII/ptolemy/domains/modal/test/auto/HysteresisWithDefault2.xml (RunModel)" time="0.055" />
  <testcase classname="ptolemy.util.test.junit.AutoTests" name="[74] /home/travis/build/icyphy/ptII/ptolemy/domains/modal/test/auto/ImmediateNonConstructiveness.xml (RunModel)" time="0.016" />
  <testcase classname="ptolemy.util.test.junit.AutoTests" name="[75] /home/travis/build/icyphy/ptII/ptolemy/domains/modal/test/auto/ImmediateNonConstructiveness2.xml (RunModel)" time="0.019" />
  <testcase classname="ptolemy.util.test.junit.AutoTests" name="[76] /home/travis/build/icyphy/ptII/ptolemy/domains/modal/test/auto/ImmediateTransitionReset.xml (RunModel)" time="0.028" />
  <testcase classname="ptolemy.util.test.junit.AutoTests" name="[77] /home/travis/build/icyphy/ptII/ptolemy/domains/modal/test/auto/ImmediateTransitions1.xml (RunModel)" time="0.012" />
  <testcase classname="ptolemy.util.test.junit.AutoTests" name="[78] /home/travis/build/icyphy/ptII/ptolemy/domains/modal/test/auto/ImmediateTransitionsInstantaneousCommunication.xml (RunModel)" time="0.027" />
  <testcase classname="ptolemy.util.test.junit.AutoTests" name="[79] /home/travis/build/icyphy/ptII/ptolemy/domains/modal/test/auto/InitialImmediateTransition.xml (RunModel)" time="0.021" />
  <testcase classname="ptolemy.util.test.junit.AutoTests" name="[80] /home/travis/build/icyphy/ptII/ptolemy/domains/modal/test/auto/InitialOutputs.xml (RunModel)" time="0.016" />
  <testcase classname="ptolemy.util.test.junit.AutoTests" name="[81] /home/travis/build/icyphy/ptII/ptolemy/domains/modal/test/auto/InitialStateTransition1.xml (RunModel)" time="0.021" />
  <testcase classname="ptolemy.util.test.junit.AutoTests" name="[82] /home/travis/build/icyphy/ptII/ptolemy/domains/modal/test/auto/InitialStateTransition2.xml (RunModel)" time="0.03" />
  <testcase classname="ptolemy.util.test.junit.AutoTests" name="[83] /home/travis/build/icyphy/ptII/ptolemy/domains/modal/test/auto/InitialStateTransition3.xml (RunModel)" time="0.024" />
  <testcase classname="ptolemy.util.test.junit.AutoTests" name="[84] /home/travis/build/icyphy/ptII/ptolemy/domains/modal/test/auto/InitialStateTransition4.xml (RunModel)" time="0.026" />
  <testcase classname="ptolemy.util.test.junit.AutoTests" name="[85] /home/travis/build/icyphy/ptII/ptolemy/domains/modal/test/auto/MalformedGuardExpressionNotCaught.xml (RunModel)" time="0.027" />
  <testcase classname="ptolemy.util.test.junit.AutoTests" name="[86] /home/travis/build/icyphy/ptII/ptolemy/domains/modal/test/auto/ModalBSC.xml (RunModel)" time="0.084" />
  <testcase classname="ptolemy.util.test.junit.AutoTests" name="[87] /home/travis/build/icyphy/ptII/ptolemy/domains/modal/test/auto/ModalClocks.xml (RunModel)" time="0.086" />
  <testcase classname="ptolemy.util.test.junit.AutoTests" name="[88] /home/travis/build/icyphy/ptII/ptolemy/domains/modal/test/auto/ModalDelay.xml (RunModel)" time="0.061" />
  <testcase classname="ptolemy.util.test.junit.AutoTests" name="[89] /home/travis/build/icyphy/ptII/ptolemy/domains/modal/test/auto/ModalDelay2.xml (RunModel)" time="0.087" />
  <testcase classname="ptolemy.util.test.junit.AutoTests" name="[90] /home/travis/build/icyphy/ptII/ptolemy/domains/modal/test/auto/ModalModelFromMemo.xml (RunModel)" time="0.128" />
  <testcase classname="ptolemy.util.test.junit.AutoTests" name="[91] /home/travis/build/icyphy/ptII/ptolemy/domains/modal/test/auto/ModalModelWithMultirateTransient.xml (RunModel)" time="0.054" />
  <testcase classname="ptolemy.util.test.junit.AutoTests" name="[92] /home/travis/build/icyphy/ptII/ptolemy/domains/modal/test/auto/ModalModelWithReset.xml (RunModel)" time="0.046" />
  <testcase classname="ptolemy.util.test.junit.AutoTests" name="[93] /home/travis/build/icyphy/ptII/ptolemy/domains/modal/test/auto/MouseClickFSM.xml (RunModel)" time="0.044" />
  <testcase classname="ptolemy.util.test.junit.AutoTests" name="[94] /home/travis/build/icyphy/ptII/ptolemy/domains/modal/test/auto/MouseClickFSMModal.xml (RunModel)" time="0.034" />
  <testcase classname="ptolemy.util.test.junit.AutoTests" name="[95] /home/travis/build/icyphy/ptII/ptolemy/domains/modal/test/auto/NonStrictFSM_FeedbackLoop.xml (RunModel)" time="0.049" />
  <testcase classname="ptolemy.util.test.junit.AutoTests" name="[96] /home/travis/build/icyphy/ptII/ptolemy/domains/modal/test/auto/NonStrictFSM_FeedbackLoop_Refinement.xml (RunModel)" time="0.055" />
  <testcase classname="ptolemy.util.test.junit.AutoTests" name="[97] /home/travis/build/icyphy/ptII/ptolemy/domains/modal/test/auto/NonStrictFSM_FeedbackLoop_preemptive.xml (RunModel)" time="0.058" />
  <testcase classname="ptolemy.util.test.junit.AutoTests" name="[98] /home/travis/build/icyphy/ptII/ptolemy/domains/modal/test/auto/NormalTermination.xml (RunModel)" time="0.046" />
  <testcase classname="ptolemy.util.test.junit.AutoTests" name="[99] /home/travis/build/icyphy/ptII/ptolemy/domains/modal/test/auto/Pong.xml (RunModel)" time="0.077" />
  <testcase classname="ptolemy.util.test.junit.AutoTests" name="[100] /home/travis/build/icyphy/ptII/ptolemy/domains/modal/test/auto/Pong_test.xml (RunModel)" time="0.105" />
  <testcase classname="ptolemy.util.test.junit.AutoTests" name="[101] /home/travis/build/icyphy/ptII/ptolemy/domains/modal/test/auto/PreemptionHierarchy.xml (RunModel)" time="0.025" />
  <testcase classname="ptolemy.util.test.junit.AutoTests" name="[102] /home/travis/build/icyphy/ptII/ptolemy/domains/modal/test/auto/PreemptionHierarchy2.xml (RunModel)" time="0.031" />
  <testcase classname="ptolemy.util.test.junit.AutoTests" name="[103] /home/travis/build/icyphy/ptII/ptolemy/domains/modal/test/auto/PreemptiveTransition.xml (RunModel)" time="0.021" />
  <testcase classname="ptolemy.util.test.junit.AutoTests" name="[104] /home/travis/build/icyphy/ptII/ptolemy/domains/modal/test/auto/Priorities.xml (RunModel)" time="0.09" />
  <testcase classname="ptolemy.util.test.junit.AutoTests" name="[105] /home/travis/build/icyphy/ptII/ptolemy/domains/modal/test/auto/ResetFinal.xml (RunModel)" time="0.049" />
  <testcase classname="ptolemy.util.test.junit.AutoTests" name="[106] /home/travis/build/icyphy/ptII/ptolemy/domains/modal/test/auto/ResetFinal2.xml (RunModel)" time="0.036" />
  <testcase classname="ptolemy.util.test.junit.AutoTests" name="[107] /home/travis/build/icyphy/ptII/ptolemy/domains/modal/test/auto/ResetTransitionWithStartTime.xml (RunModel)" time="0.039" />
  <testcase classname="ptolemy.util.test.junit.AutoTests" name="[108] /home/travis/build/icyphy/ptII/ptolemy/domains/modal/test/auto/SDF-FSMComposite.xml (RunModel)" time="0.028" />
  <testcase classname="ptolemy.util.test.junit.AutoTests" name="[109] /home/travis/build/icyphy/ptII/ptolemy/domains/modal/test/auto/SeeminglyNondeterminate.xml (RunModel)" time="0.126" />
  <testcase classname="ptolemy.util.test.junit.AutoTests" name="[110] /home/travis/build/icyphy/ptII/ptolemy/domains/modal/test/auto/SeeminglyNondeterminate2.xml (RunModel)" time="0.085" />
  <testcase classname="ptolemy.util.test.junit.AutoTests" name="[111] /home/travis/build/icyphy/ptII/ptolemy/domains/modal/test/auto/SpontaneousFSM.xml (RunModel)" time="0.053" />
  <testcase classname="ptolemy.util.test.junit.AutoTests" name="[112] /home/travis/build/icyphy/ptII/ptolemy/domains/modal/test/auto/SpontaneousFSM2.xml (RunModel)" time="0.034" />
  <testcase classname="ptolemy.util.test.junit.AutoTests" name="[113] /home/travis/build/icyphy/ptII/ptolemy/domains/modal/test/auto/SpontaneousFSM3.xml (RunModel)" time="0.049" />
  <testcase classname="ptolemy.util.test.junit.AutoTests" name="[114] /home/travis/build/icyphy/ptII/ptolemy/domains/modal/test/auto/SpontaneousFSM4.xml (RunModel)" time="0.054" />
  <testcase classname="ptolemy.util.test.junit.AutoTests" name="[115] /home/travis/build/icyphy/ptII/ptolemy/domains/modal/test/auto/StateTrackerTest.xml (RunModel)" time="0.053" />
  <testcase classname="ptolemy.util.test.junit.AutoTests" name="[116] /home/travis/build/icyphy/ptII/ptolemy/domains/modal/test/auto/StrongImmediateTransition.xml (RunModel)" time="0.039" />
  <testcase classname="ptolemy.util.test.junit.AutoTests" name="[117] /home/travis/build/icyphy/ptII/ptolemy/domains/modal/test/auto/SustainHierarchy.xml (RunModel)" time="0.042" />
  <testcase classname="ptolemy.util.test.junit.AutoTests" name="[118] /home/travis/build/icyphy/ptII/ptolemy/domains/modal/test/auto/TerminationTransition1.xml (RunModel)" time="0.026" />
  <testcase classname="ptolemy.util.test.junit.AutoTests" name="[119] /home/travis/build/icyphy/ptII/ptolemy/domains/modal/test/auto/TerminationTransition2.xml (RunModel)" time="0.022" />
  <testcase classname="ptolemy.util.test.junit.AutoTests" name="[120] /home/travis/build/icyphy/ptII/ptolemy/domains/modal/test/auto/TerminationTransition3.xml (RunModel)" time="0.022" />
  <testcase classname="ptolemy.util.test.junit.AutoTests" name="[121] /home/travis/build/icyphy/ptII/ptolemy/domains/modal/test/auto/TerminationTransition4.xml (RunModel)" time="0.031" />
  <testcase classname="ptolemy.util.test.junit.AutoTests" name="[122] /home/travis/build/icyphy/ptII/ptolemy/domains/modal/test/auto/TerminationTransition5.xml (RunModel)" time="0.03" />
  <testcase classname="ptolemy.util.test.junit.AutoTests" name="[123] /home/travis/build/icyphy/ptII/ptolemy/domains/modal/test/auto/TerminationTransition6.xml (RunModel)" time="0.022" />
  <testcase classname="ptolemy.util.test.junit.AutoTests" name="[124] /home/travis/build/icyphy/ptII/ptolemy/domains/modal/test/auto/TerminationTransition7.xml (RunModel)" time="0.023" />
  <testcase classname="ptolemy.util.test.junit.AutoTests" name="[125] /home/travis/build/icyphy/ptII/ptolemy/domains/modal/test/auto/TerminationTransition8.xml (RunModel)" time="0.024" />
  <testcase classname="ptolemy.util.test.junit.AutoTests" name="[126] /home/travis/build/icyphy/ptII/ptolemy/domains/modal/test/auto/Thermostat_NoHysteresis.xml (RunModel)" time="0.061" />
  <testcase classname="ptolemy.util.test.junit.AutoTests" name="[127] /home/travis/build/icyphy/ptII/ptolemy/domains/modal/test/auto/TimedFSM.xml (RunModel)" time="0.03" />
  <testcase classname="ptolemy.util.test.junit.AutoTests" name="[128] /home/travis/build/icyphy/ptII/ptolemy/domains/modal/test/auto/Timeout1.xml (RunModel)" time="0.027" />
  <testcase classname="ptolemy.util.test.junit.AutoTests" name="[129] /home/travis/build/icyphy/ptII/ptolemy/domains/modal/test/auto/Timeout2.xml (RunModel)" time="0.02" />
  <testcase classname="ptolemy.util.test.junit.AutoTests" name="[130] /home/travis/build/icyphy/ptII/ptolemy/domains/modal/test/auto/Timeout3.xml (RunModel)" time="0.013" />
  <testcase classname="ptolemy.util.test.junit.AutoTests" name="[131] /home/travis/build/icyphy/ptII/ptolemy/domains/modal/test/auto/Timeout4.xml (RunModel)" time="0.018" />
  <testcase classname="ptolemy.util.test.junit.AutoTests" name="[132] /home/travis/build/icyphy/ptII/ptolemy/domains/modal/test/auto/TransientstateModelAdvanced.xml (RunModel)" time="0.039" />
  <testcase classname="ptolemy.util.test.junit.AutoTests" name="[133] /home/travis/build/icyphy/ptII/ptolemy/domains/modal/test/auto/TransientstateModelAdvanced2.xml (RunModel)" time="0.031" />
  <testcase classname="ptolemy.util.test.junit.AutoTests" name="[134] /home/travis/build/icyphy/ptII/ptolemy/domains/modal/test/auto/TransitionRefinements.xml (RunModel)" time="0.03" />
  <testcase classname="ptolemy.util.test.junit.AutoTests" name="[135] /home/travis/build/icyphy/ptII/ptolemy/domains/modal/test/auto/TwoRefinements1.xml (RunModel)" time="0.025" />
  <testcase classname="ptolemy.util.test.junit.AutoTests" name="[136] /home/travis/build/icyphy/ptII/ptolemy/domains/modal/test/auto/TwoRefinements2.xml (RunModel)" time="0.032" />
  <testcase classname="ptolemy.util.test.junit.AutoTests" name="[137] /home/travis/build/icyphy/ptII/ptolemy/domains/modal/test/auto/WeakImmediateTransition.xml (RunModel)" time="0.03" />
  <testcase classname="ptolemy.util.test.junit.AutoTests" name="[138] /home/travis/build/icyphy/ptII/ptolemy/domains/modal/test/auto/booleanSelect.xml (RunModel)" time="0.083" />
  <testcase classname="ptolemy.util.test.junit.AutoTests" name="[139] /home/travis/build/icyphy/ptII/ptolemy/domains/modal/test/auto/modalChangingParams.xml (RunModel)" time="0.225" />
  <testcase classname="ptolemy.util.test.junit.AutoTests" name="[140] /home/travis/build/icyphy/ptII/ptolemy/domains/modal/test/auto/modalModel.xml (RunModel)" time="0.022" />
  <testcase classname="ptolemy.util.test.junit.AutoTests" name="[141] /home/travis/build/icyphy/ptII/ptolemy/domains/modal/test/auto/modalModel2.xml (RunModel)" time="0.029" />
  <testcase classname="ptolemy.util.test.junit.AutoTests" name="[142] /home/travis/build/icyphy/ptII/ptolemy/domains/modal/test/auto/modalModel3.xml (RunModel)" time="0.036" />
  <testcase classname="ptolemy.util.test.junit.AutoTests" name="[143] /home/travis/build/icyphy/ptII/ptolemy/domains/modal/test/auto/model1.xml (RunModel)" time="0.019" />
  <testcase classname="ptolemy.util.test.junit.AutoTests" name="[144] /home/travis/build/icyphy/ptII/ptolemy/domains/modal/test/auto/test-direct-in-out.xml (RunModel)" time="0.022" />
  <system-out><![CDATA[/home/travis/build/icyphy/ptII/ptolemy/domains/modal/test/SystemLevelType.tcl
testDefs.tcl: setting time out to 9000 seconds at Thu Jun 06 04:34:19 UTC 2019
06/06/19 04:34:21
Failed: 0  Total Tests: 1  ((Passed: 1, Newly Passed: 0)  Known Failed: 0) /home/travis/build/icyphy/ptII/ptolemy/domains/modal/test
----------------- testing (KnownFailure) /home/travis/build/icyphy/ptII/ptolemy/domains/modal/test/auto/knownFailedTests/CannotAnalysisWithPreemption.xml
61 ms. Memory: 209408K Free: 142610K (68%)
Known Failure: java.lang.reflect.InvocationTargetException
No auto/linux-amd64/*.xml tests in /home/travis/build/icyphy/ptII/ptolemy/domains/modal/test
AutoTests.java: About to close Vertx.
AutoTests.java: Vertx closed.

===========================================================================================
----------------- testing Thu Jun 06 04:34:21 UTC 2019 /home/travis/build/icyphy/ptII/ptolemy/domains/modal/test/auto/ABPTest.xml
----------------- Instantiating /home/travis/build/icyphy/ptII/ptolemy/domains/modal/test/auto/ABPTest.xml
307 ms. Memory: 209920K Free: 129662K (62%)
----------------- Invoking toplevel() on ptolemy.moml.MoMLSimpleApplication@724faf5d
----------------- Done invoking toplevel() on ptolemy.moml.MoMLSimpleApplication@724faf5d
reloadAllAccessors: .ABPTest

===========================================================================================
----------------- testing Thu Jun 06 04:34:22 UTC 2019 /home/travis/build/icyphy/ptII/ptolemy/domains/modal/test/auto/ABROFlat.xml
----------------- Instantiating /home/travis/build/icyphy/ptII/ptolemy/domains/modal/test/auto/ABROFlat.xml
12 ms. Memory: 209920K Free: 111872K (53%)
----------------- Invoking toplevel() on ptolemy.moml.MoMLSimpleApplication@644272a8
----------------- Done invoking toplevel() on ptolemy.moml.MoMLSimpleApplication@644272a8
reloadAllAccessors: .ABROFlat

===========================================================================================
----------------- testing Thu Jun 06 04:34:22 UTC 2019 /home/travis/build/icyphy/ptII/ptolemy/domains/modal/test/auto/ABROFlat2.xml
----------------- Instantiating /home/travis/build/icyphy/ptII/ptolemy/domains/modal/test/auto/ABROFlat2.xml
20 ms. Memory: 209920K Free: 94524K (45%)
----------------- Invoking toplevel() on ptolemy.moml.MoMLSimpleApplication@6c88af11
----------------- Done invoking toplevel() on ptolemy.moml.MoMLSimpleApplication@6c88af11
reloadAllAccessors: .ABROFlat2

===========================================================================================
----------------- testing Thu Jun 06 04:34:22 UTC 2019 /home/travis/build/icyphy/ptII/ptolemy/domains/modal/test/auto/ABRO_present_hmm.xml
----------------- Instantiating /home/travis/build/icyphy/ptII/ptolemy/domains/modal/test/auto/ABRO_present_hmm.xml
20 ms. Memory: 334848K Free: 310149K (93%)
----------------- Invoking toplevel() on ptolemy.moml.MoMLSimpleApplication@ad7c949
----------------- Done invoking toplevel() on ptolemy.moml.MoMLSimpleApplication@ad7c949
reloadAllAccessors: .ABRO_present_hmm

===========================================================================================
----------------- testing Thu Jun 06 04:34:22 UTC 2019 /home/travis/build/icyphy/ptII/ptolemy/domains/modal/test/auto/AMICoderExample.xml
----------------- Instantiating /home/travis/build/icyphy/ptII/ptolemy/domains/modal/test/auto/AMICoderExample.xml
25 ms. Memory: 334848K Free: 297632K (89%)
----------------- Invoking toplevel() on ptolemy.moml.MoMLSimpleApplication@6d2f183a
----------------- Done invoking toplevel() on ptolemy.moml.MoMLSimpleApplication@6d2f183a
reloadAllAccessors: .AMICoderExample

===========================================================================================
----------------- testing Thu Jun 06 04:34:22 UTC 2019 /home/travis/build/icyphy/ptII/ptolemy/domains/modal/test/auto/AbsentToPresent.xml
----------------- Instantiating /home/travis/build/icyphy/ptII/ptolemy/domains/modal/test/auto/AbsentToPresent.xml
6 ms. Memory: 334848K Free: 292725K (87%)
----------------- Invoking toplevel() on ptolemy.moml.MoMLSimpleApplication@73e37b3b
----------------- Done invoking toplevel() on ptolemy.moml.MoMLSimpleApplication@73e37b3b
reloadAllAccessors: .AbsentToPresent

===========================================================================================
----------------- testing Thu Jun 06 04:34:22 UTC 2019 /home/travis/build/icyphy/ptII/ptolemy/domains/modal/test/auto/Blending.xml
----------------- Instantiating /home/travis/build/icyphy/ptII/ptolemy/domains/modal/test/auto/Blending.xml
179 ms. Memory: 334848K Free: 244704K (73%)
----------------- Invoking toplevel() on ptolemy.moml.MoMLSimpleApplication@1f8b00b8
----------------- Done invoking toplevel() on ptolemy.moml.MoMLSimpleApplication@1f8b00b8
reloadAllAccessors: .Blending

===========================================================================================
----------------- testing Thu Jun 06 04:34:22 UTC 2019 /home/travis/build/icyphy/ptII/ptolemy/domains/modal/test/auto/Broadcast.xml
----------------- Instantiating /home/travis/build/icyphy/ptII/ptolemy/domains/modal/test/auto/Broadcast.xml
13 ms. Memory: 334848K Free: 230932K (69%)
----------------- Invoking toplevel() on ptolemy.moml.MoMLSimpleApplication@31c913a7
----------------- Done invoking toplevel() on ptolemy.moml.MoMLSimpleApplication@31c913a7
reloadAllAccessors: .Broadcast

===========================================================================================
----------------- testing Thu Jun 06 04:34:22 UTC 2019 /home/travis/build/icyphy/ptII/ptolemy/domains/modal/test/auto/BroadcastHierarchy.xml
----------------- Instantiating /home/travis/build/icyphy/ptII/ptolemy/domains/modal/test/auto/BroadcastHierarchy.xml
16 ms. Memory: 334848K Free: 213743K (64%)
----------------- Invoking toplevel() on ptolemy.moml.MoMLSimpleApplication@f8cfa32
----------------- Done invoking toplevel() on ptolemy.moml.MoMLSimpleApplication@f8cfa32
reloadAllAccessors: .BroadcastHierarchy

===========================================================================================
----------------- testing Thu Jun 06 04:34:23 UTC 2019 /home/travis/build/icyphy/ptII/ptolemy/domains/modal/test/auto/BroadcastHierarchy2.xml
----------------- Instantiating /home/travis/build/icyphy/ptII/ptolemy/domains/modal/test/auto/BroadcastHierarchy2.xml
26 ms. Memory: 334848K Free: 180550K (54%)
----------------- Invoking toplevel() on ptolemy.moml.MoMLSimpleApplication@4ad89056
----------------- Done invoking toplevel() on ptolemy.moml.MoMLSimpleApplication@4ad89056
reloadAllAccessors: .BroadcastHierarchy2

===========================================================================================
----------------- testing Thu Jun 06 04:34:23 UTC 2019 /home/travis/build/icyphy/ptII/ptolemy/domains/modal/test/auto/BroadcastHierarchy3.xml
----------------- Instantiating /home/travis/build/icyphy/ptII/ptolemy/domains/modal/test/auto/BroadcastHierarchy3.xml
23 ms. Memory: 334848K Free: 155972K (47%)
----------------- Invoking toplevel() on ptolemy.moml.MoMLSimpleApplication@548b8a20
----------------- Done invoking toplevel() on ptolemy.moml.MoMLSimpleApplication@548b8a20
reloadAllAccessors: .BroadcastHierarchy3

===========================================================================================
----------------- testing Thu Jun 06 04:34:23 UTC 2019 /home/travis/build/icyphy/ptII/ptolemy/domains/modal/test/auto/BroadcastHierarchy4.xml
----------------- Instantiating /home/travis/build/icyphy/ptII/ptolemy/domains/modal/test/auto/BroadcastHierarchy4.xml
24 ms. Memory: 334848K Free: 123740K (37%)
----------------- Invoking toplevel() on ptolemy.moml.MoMLSimpleApplication@43c85a0b
----------------- Done invoking toplevel() on ptolemy.moml.MoMLSimpleApplication@43c85a0b
reloadAllAccessors: .BroadcastHierarchy4

===========================================================================================
----------------- testing Thu Jun 06 04:34:23 UTC 2019 /home/travis/build/icyphy/ptII/ptolemy/domains/modal/test/auto/CannotAnalysisWithPreemption2.xml
----------------- Instantiating /home/travis/build/icyphy/ptII/ptolemy/domains/modal/test/auto/CannotAnalysisWithPreemption2.xml
3 ms. Memory: 334848K Free: 115134K (34%)
----------------- Invoking toplevel() on ptolemy.moml.MoMLSimpleApplication@6842ecef
----------------- Done invoking toplevel() on ptolemy.moml.MoMLSimpleApplication@6842ecef
reloadAllAccessors: .CannotAnalysisWithPreemption2

===========================================================================================
----------------- testing Thu Jun 06 04:34:23 UTC 2019 /home/travis/build/icyphy/ptII/ptolemy/domains/modal/test/auto/CannotAnalysisWithPreemption3.xml
----------------- Instantiating /home/travis/build/icyphy/ptII/ptolemy/domains/modal/test/auto/CannotAnalysisWithPreemption3.xml
9 ms. Memory: 334848K Free: 102832K (31%)
----------------- Invoking toplevel() on ptolemy.moml.MoMLSimpleApplication@17453c8a
----------------- Done invoking toplevel() on ptolemy.moml.MoMLSimpleApplication@17453c8a
reloadAllAccessors: .CannotAnalysisWithPreemption3

===========================================================================================
----------------- testing Thu Jun 06 04:34:23 UTC 2019 /home/travis/build/icyphy/ptII/ptolemy/domains/modal/test/auto/CannotProduce.xml
----------------- Instantiating /home/travis/build/icyphy/ptII/ptolemy/domains/modal/test/auto/CannotProduce.xml
11 ms. Memory: 334848K Free: 95442K (29%)
----------------- Invoking toplevel() on ptolemy.moml.MoMLSimpleApplication@2ffdcbdb
----------------- Done invoking toplevel() on ptolemy.moml.MoMLSimpleApplication@2ffdcbdb
reloadAllAccessors: .CannotProduce

===========================================================================================
----------------- testing Thu Jun 06 04:34:23 UTC 2019 /home/travis/build/icyphy/ptII/ptolemy/domains/modal/test/auto/CannotProduceModal.xml
----------------- Instantiating /home/travis/build/icyphy/ptII/ptolemy/domains/modal/test/auto/CannotProduceModal.xml
13 ms. Memory: 334848K Free: 84109K (25%)
----------------- Invoking toplevel() on ptolemy.moml.MoMLSimpleApplication@6837c7c4
----------------- Done invoking toplevel() on ptolemy.moml.MoMLSimpleApplication@6837c7c4
reloadAllAccessors: .CannotProduceModal

===========================================================================================
----------------- testing Thu Jun 06 04:34:23 UTC 2019 /home/travis/build/icyphy/ptII/ptolemy/domains/modal/test/auto/Case.xml
----------------- Instantiating /home/travis/build/icyphy/ptII/ptolemy/domains/modal/test/auto/Case.xml
34 ms. Memory: 334848K Free: 316977K (95%)
----------------- Invoking toplevel() on ptolemy.moml.MoMLSimpleApplication@5d45ed91
----------------- Done invoking toplevel() on ptolemy.moml.MoMLSimpleApplication@5d45ed91
reloadAllAccessors: .Case

===========================================================================================
----------------- testing Thu Jun 06 04:34:23 UTC 2019 /home/travis/build/icyphy/ptII/ptolemy/domains/modal/test/auto/Case1.xml
----------------- Instantiating /home/travis/build/icyphy/ptII/ptolemy/domains/modal/test/auto/Case1.xml
11 ms. Memory: 334848K Free: 308626K (92%)
----------------- Invoking toplevel() on ptolemy.moml.MoMLSimpleApplication@7a2fc7a9
----------------- Done invoking toplevel() on ptolemy.moml.MoMLSimpleApplication@7a2fc7a9
reloadAllAccessors: .Case1

===========================================================================================
----------------- testing Thu Jun 06 04:34:23 UTC 2019 /home/travis/build/icyphy/ptII/ptolemy/domains/modal/test/auto/Case2.xml
----------------- Instantiating /home/travis/build/icyphy/ptII/ptolemy/domains/modal/test/auto/Case2.xml
28 ms. Memory: 334848K Free: 297141K (89%)
----------------- Invoking toplevel() on ptolemy.moml.MoMLSimpleApplication@3cc0627d
----------------- Done invoking toplevel() on ptolemy.moml.MoMLSimpleApplication@3cc0627d
reloadAllAccessors: .Case2

===========================================================================================
----------------- testing Thu Jun 06 04:34:23 UTC 2019 /home/travis/build/icyphy/ptII/ptolemy/domains/modal/test/auto/CausalityInterface1.xml
----------------- Instantiating /home/travis/build/icyphy/ptII/ptolemy/domains/modal/test/auto/CausalityInterface1.xml
3 ms. Memory: 334848K Free: 288798K (86%)
----------------- Invoking toplevel() on ptolemy.moml.MoMLSimpleApplication@6afa195e
----------------- Done invoking toplevel() on ptolemy.moml.MoMLSimpleApplication@6afa195e
reloadAllAccessors: .CausalityInterface1

===========================================================================================
----------------- testing Thu Jun 06 04:34:23 UTC 2019 /home/travis/build/icyphy/ptII/ptolemy/domains/modal/test/auto/CausalityInterface10.xml
----------------- Instantiating /home/travis/build/icyphy/ptII/ptolemy/domains/modal/test/auto/CausalityInterface10.xml
13 ms. Memory: 334848K Free: 274073K (82%)
----------------- Invoking toplevel() on ptolemy.moml.MoMLSimpleApplication@129ee7bd
----------------- Done invoking toplevel() on ptolemy.moml.MoMLSimpleApplication@129ee7bd
reloadAllAccessors: .CausalityInterface10

===========================================================================================
----------------- testing Thu Jun 06 04:34:23 UTC 2019 /home/travis/build/icyphy/ptII/ptolemy/domains/modal/test/auto/CausalityInterface11.xml
----------------- Instantiating /home/travis/build/icyphy/ptII/ptolemy/domains/modal/test/auto/CausalityInterface11.xml
4 ms. Memory: 334848K Free: 257500K (77%)
----------------- Invoking toplevel() on ptolemy.moml.MoMLSimpleApplication@375645cd
----------------- Done invoking toplevel() on ptolemy.moml.MoMLSimpleApplication@375645cd
reloadAllAccessors: .CausalityInterface11

===========================================================================================
----------------- testing Thu Jun 06 04:34:23 UTC 2019 /home/travis/build/icyphy/ptII/ptolemy/domains/modal/test/auto/CausalityInterface12.xml
----------------- Instantiating /home/travis/build/icyphy/ptII/ptolemy/domains/modal/test/auto/CausalityInterface12.xml
7 ms. Memory: 334848K Free: 241144K (72%)
----------------- Invoking toplevel() on ptolemy.moml.MoMLSimpleApplication@61ac5766
----------------- Done invoking toplevel() on ptolemy.moml.MoMLSimpleApplication@61ac5766
reloadAllAccessors: .CausalityInterface12

===========================================================================================
----------------- testing Thu Jun 06 04:34:24 UTC 2019 /home/travis/build/icyphy/ptII/ptolemy/domains/modal/test/auto/CausalityInterface13.xml
----------------- Instantiating /home/travis/build/icyphy/ptII/ptolemy/domains/modal/test/auto/CausalityInterface13.xml
9 ms. Memory: 334848K Free: 224764K (67%)
----------------- Invoking toplevel() on ptolemy.moml.MoMLSimpleApplication@1f5a5e46
----------------- Done invoking toplevel() on ptolemy.moml.MoMLSimpleApplication@1f5a5e46
reloadAllAccessors: .CausalityInterface13

===========================================================================================
----------------- testing Thu Jun 06 04:34:24 UTC 2019 /home/travis/build/icyphy/ptII/ptolemy/domains/modal/test/auto/CausalityInterface14.xml
----------------- Instantiating /home/travis/build/icyphy/ptII/ptolemy/domains/modal/test/auto/CausalityInterface14.xml
4 ms. Memory: 334848K Free: 206590K (62%)
----------------- Invoking toplevel() on ptolemy.moml.MoMLSimpleApplication@7d355ca4
----------------- Done invoking toplevel() on ptolemy.moml.MoMLSimpleApplication@7d355ca4
reloadAllAccessors: .CausalityInterface14

===========================================================================================
----------------- testing Thu Jun 06 04:34:24 UTC 2019 /home/travis/build/icyphy/ptII/ptolemy/domains/modal/test/auto/CausalityInterface2.xml
----------------- Instantiating /home/travis/build/icyphy/ptII/ptolemy/domains/modal/test/auto/CausalityInterface2.xml
3 ms. Memory: 334848K Free: 198424K (59%)
----------------- Invoking toplevel() on ptolemy.moml.MoMLSimpleApplication@eb464c2
----------------- Done invoking toplevel() on ptolemy.moml.MoMLSimpleApplication@eb464c2
reloadAllAccessors: .CausalityInterface2

===========================================================================================
----------------- testing Thu Jun 06 04:34:24 UTC 2019 /home/travis/build/icyphy/ptII/ptolemy/domains/modal/test/auto/CausalityInterface3.xml
----------------- Instantiating /home/travis/build/icyphy/ptII/ptolemy/domains/modal/test/auto/CausalityInterface3.xml
4 ms. Memory: 334848K Free: 188441K (56%)
----------------- Invoking toplevel() on ptolemy.moml.MoMLSimpleApplication@3416b870
----------------- Done invoking toplevel() on ptolemy.moml.MoMLSimpleApplication@3416b870
reloadAllAccessors: .CausalityInterface3

===========================================================================================
----------------- testing Thu Jun 06 04:34:24 UTC 2019 /home/travis/build/icyphy/ptII/ptolemy/domains/modal/test/auto/CausalityInterface4.xml
----------------- Instantiating /home/travis/build/icyphy/ptII/ptolemy/domains/modal/test/auto/CausalityInterface4.xml
5 ms. Memory: 334848K Free: 180267K (54%)
----------------- Invoking toplevel() on ptolemy.moml.MoMLSimpleApplication@2f0f5590
----------------- Done invoking toplevel() on ptolemy.moml.MoMLSimpleApplication@2f0f5590
reloadAllAccessors: .CausalityInterface4

===========================================================================================
----------------- testing Thu Jun 06 04:34:24 UTC 2019 /home/travis/build/icyphy/ptII/ptolemy/domains/modal/test/auto/CausalityInterface5.xml
----------------- Instantiating /home/travis/build/icyphy/ptII/ptolemy/domains/modal/test/auto/CausalityInterface5.xml
3 ms. Memory: 334848K Free: 170453K (51%)
----------------- Invoking toplevel() on ptolemy.moml.MoMLSimpleApplication@33433939
----------------- Done invoking toplevel() on ptolemy.moml.MoMLSimpleApplication@33433939
reloadAllAccessors: .CausalityInterface5

===========================================================================================
----------------- testing Thu Jun 06 04:34:24 UTC 2019 /home/travis/build/icyphy/ptII/ptolemy/domains/modal/test/auto/CausalityInterface6.xml
----------------- Instantiating /home/travis/build/icyphy/ptII/ptolemy/domains/modal/test/auto/CausalityInterface6.xml
6 ms. Memory: 334848K Free: 158846K (47%)
----------------- Invoking toplevel() on ptolemy.moml.MoMLSimpleApplication@5125ae59
----------------- Done invoking toplevel() on ptolemy.moml.MoMLSimpleApplication@5125ae59
reloadAllAccessors: .CausalityInterface6

===========================================================================================
----------------- testing Thu Jun 06 04:34:24 UTC 2019 /home/travis/build/icyphy/ptII/ptolemy/domains/modal/test/auto/CausalityInterface7.xml
----------------- Instantiating /home/travis/build/icyphy/ptII/ptolemy/domains/modal/test/auto/CausalityInterface7.xml
7 ms. Memory: 334848K Free: 149024K (45%)
----------------- Invoking toplevel() on ptolemy.moml.MoMLSimpleApplication@59c37248
----------------- Done invoking toplevel() on ptolemy.moml.MoMLSimpleApplication@59c37248
reloadAllAccessors: .CausalityInterface7

===========================================================================================
----------------- testing Thu Jun 06 04:34:24 UTC 2019 /home/travis/build/icyphy/ptII/ptolemy/domains/modal/test/auto/CausalityInterface8.xml
----------------- Instantiating /home/travis/build/icyphy/ptII/ptolemy/domains/modal/test/auto/CausalityInterface8.xml
6 ms. Memory: 334848K Free: 137402K (41%)
----------------- Invoking toplevel() on ptolemy.moml.MoMLSimpleApplication@4101f3b4
----------------- Done invoking toplevel() on ptolemy.moml.MoMLSimpleApplication@4101f3b4
reloadAllAccessors: .CausalityInterface8

===========================================================================================
----------------- testing Thu Jun 06 04:34:24 UTC 2019 /home/travis/build/icyphy/ptII/ptolemy/domains/modal/test/auto/CausalityInterface9.xml
----------------- Instantiating /home/travis/build/icyphy/ptII/ptolemy/domains/modal/test/auto/CausalityInterface9.xml
7 ms. Memory: 334848K Free: 125933K (38%)
----------------- Invoking toplevel() on ptolemy.moml.MoMLSimpleApplication@18eba8e
----------------- Done invoking toplevel() on ptolemy.moml.MoMLSimpleApplication@18eba8e
reloadAllAccessors: .CausalityInterface9

===========================================================================================
----------------- testing Thu Jun 06 04:34:24 UTC 2019 /home/travis/build/icyphy/ptII/ptolemy/domains/modal/test/auto/ChainedTransitions.xml
----------------- Instantiating /home/travis/build/icyphy/ptII/ptolemy/domains/modal/test/auto/ChainedTransitions.xml
87 ms. Memory: 334848K Free: 98099K (29%)
----------------- Invoking toplevel() on ptolemy.moml.MoMLSimpleApplication@187f928e
----------------- Done invoking toplevel() on ptolemy.moml.MoMLSimpleApplication@187f928e
reloadAllAccessors: .ChainedTransitions

===========================================================================================
----------------- testing Thu Jun 06 04:34:24 UTC 2019 /home/travis/build/icyphy/ptII/ptolemy/domains/modal/test/auto/CycleOfImmediateTransitionsFSM.xml
----------------- Instantiating /home/travis/build/icyphy/ptII/ptolemy/domains/modal/test/auto/CycleOfImmediateTransitionsFSM.xml
2 ms. Memory: 334848K Free: 88069K (26%)
----------------- Invoking toplevel() on ptolemy.moml.MoMLSimpleApplication@60eaa293
----------------- Done invoking toplevel() on ptolemy.moml.MoMLSimpleApplication@60eaa293
reloadAllAccessors: .CycleOfImmediateTransitionsFSM

===========================================================================================
----------------- testing Thu Jun 06 04:34:24 UTC 2019 /home/travis/build/icyphy/ptII/ptolemy/domains/modal/test/auto/CycleOfImmediateTransitionsModal.xml
----------------- Instantiating /home/travis/build/icyphy/ptII/ptolemy/domains/modal/test/auto/CycleOfImmediateTransitionsModal.xml
2 ms. Memory: 334848K Free: 80844K (24%)
----------------- Invoking toplevel() on ptolemy.moml.MoMLSimpleApplication@522e8e0d
----------------- Done invoking toplevel() on ptolemy.moml.MoMLSimpleApplication@522e8e0d
reloadAllAccessors: .CycleOfImmediateTransitionsModal

===========================================================================================
----------------- testing Thu Jun 06 04:34:24 UTC 2019 /home/travis/build/icyphy/ptII/ptolemy/domains/modal/test/auto/CycleOfImmediateTransitionsModal2.xml
----------------- Instantiating /home/travis/build/icyphy/ptII/ptolemy/domains/modal/test/auto/CycleOfImmediateTransitionsModal2.xml
5 ms. Memory: 481280K Free: 459584K (95%)
----------------- Invoking toplevel() on ptolemy.moml.MoMLSimpleApplication@7206a947
----------------- Done invoking toplevel() on ptolemy.moml.MoMLSimpleApplication@7206a947
reloadAllAccessors: .CycleOfImmediateTransitionsModal2

===========================================================================================
----------------- testing Thu Jun 06 04:34:24 UTC 2019 /home/travis/build/icyphy/ptII/ptolemy/domains/modal/test/auto/CycleOfImmediateTransitionsModal3.xml
----------------- Instantiating /home/travis/build/icyphy/ptII/ptolemy/domains/modal/test/auto/CycleOfImmediateTransitionsModal3.xml
11 ms. Memory: 481280K Free: 430733K (89%)
----------------- Invoking toplevel() on ptolemy.moml.MoMLSimpleApplication@4d44c8fc
----------------- Done invoking toplevel() on ptolemy.moml.MoMLSimpleApplication@4d44c8fc
reloadAllAccessors: .CycleOfImmediateTransitionsModal3

===========================================================================================
----------------- testing Thu Jun 06 04:34:24 UTC 2019 /home/travis/build/icyphy/ptII/ptolemy/domains/modal/test/auto/DeepModal1.xml
----------------- Instantiating /home/travis/build/icyphy/ptII/ptolemy/domains/modal/test/auto/DeepModal1.xml
26 ms. Memory: 481280K Free: 415054K (86%)
----------------- Invoking toplevel() on ptolemy.moml.MoMLSimpleApplication@192838af
----------------- Done invoking toplevel() on ptolemy.moml.MoMLSimpleApplication@192838af
reloadAllAccessors: .DeepModal1

===========================================================================================
----------------- testing Thu Jun 06 04:34:24 UTC 2019 /home/travis/build/icyphy/ptII/ptolemy/domains/modal/test/auto/DeepModal2.xml
----------------- Instantiating /home/travis/build/icyphy/ptII/ptolemy/domains/modal/test/auto/DeepModal2.xml
15 ms. Memory: 481280K Free: 389429K (81%)
----------------- Invoking toplevel() on ptolemy.moml.MoMLSimpleApplication@6b02fc18
----------------- Done invoking toplevel() on ptolemy.moml.MoMLSimpleApplication@6b02fc18
reloadAllAccessors: .DeepModal2

===========================================================================================
----------------- testing Thu Jun 06 04:34:24 UTC 2019 /home/travis/build/icyphy/ptII/ptolemy/domains/modal/test/auto/DeepModal3.xml
----------------- Instantiating /home/travis/build/icyphy/ptII/ptolemy/domains/modal/test/auto/DeepModal3.xml
17 ms. Memory: 481280K Free: 365879K (76%)
----------------- Invoking toplevel() on ptolemy.moml.MoMLSimpleApplication@7d88863f
----------------- Done invoking toplevel() on ptolemy.moml.MoMLSimpleApplication@7d88863f
reloadAllAccessors: .DeepModal3

===========================================================================================
----------------- testing Thu Jun 06 04:34:24 UTC 2019 /home/travis/build/icyphy/ptII/ptolemy/domains/modal/test/auto/DeepModal4.xml
----------------- Instantiating /home/travis/build/icyphy/ptII/ptolemy/domains/modal/test/auto/DeepModal4.xml
36 ms. Memory: 481280K Free: 342353K (71%)
----------------- Invoking toplevel() on ptolemy.moml.MoMLSimpleApplication@15e58e4b
----------------- Done invoking toplevel() on ptolemy.moml.MoMLSimpleApplication@15e58e4b
reloadAllAccessors: .DeepModal4

===========================================================================================
----------------- testing Thu Jun 06 04:34:25 UTC 2019 /home/travis/build/icyphy/ptII/ptolemy/domains/modal/test/auto/Default1.xml
----------------- Instantiating /home/travis/build/icyphy/ptII/ptolemy/domains/modal/test/auto/Default1.xml
2 ms. Memory: 481280K Free: 329831K (69%)
----------------- Invoking toplevel() on ptolemy.moml.MoMLSimpleApplication@17254438
----------------- Done invoking toplevel() on ptolemy.moml.MoMLSimpleApplication@17254438
reloadAllAccessors: .Default1

===========================================================================================
----------------- testing Thu Jun 06 04:34:25 UTC 2019 /home/travis/build/icyphy/ptII/ptolemy/domains/modal/test/auto/Default2.xml
----------------- Instantiating /home/travis/build/icyphy/ptII/ptolemy/domains/modal/test/auto/Default2.xml
1 ms. Memory: 481280K Free: 321999K (67%)
----------------- Invoking toplevel() on ptolemy.moml.MoMLSimpleApplication@3715de25
----------------- Done invoking toplevel() on ptolemy.moml.MoMLSimpleApplication@3715de25
reloadAllAccessors: .Default2

===========================================================================================
----------------- testing Thu Jun 06 04:34:25 UTC 2019 /home/travis/build/icyphy/ptII/ptolemy/domains/modal/test/auto/Default3.xml
----------------- Instantiating /home/travis/build/icyphy/ptII/ptolemy/domains/modal/test/auto/Default3.xml
3 ms. Memory: 481280K Free: 312102K (65%)
----------------- Invoking toplevel() on ptolemy.moml.MoMLSimpleApplication@20070f5b
----------------- Done invoking toplevel() on ptolemy.moml.MoMLSimpleApplication@20070f5b
reloadAllAccessors: .Default3

===========================================================================================
----------------- testing Thu Jun 06 04:34:25 UTC 2019 /home/travis/build/icyphy/ptII/ptolemy/domains/modal/test/auto/Default4.xml
----------------- Instantiating /home/travis/build/icyphy/ptII/ptolemy/domains/modal/test/auto/Default4.xml
4 ms. Memory: 481280K Free: 304262K (63%)
----------------- Invoking toplevel() on ptolemy.moml.MoMLSimpleApplication@44538b2f
----------------- Done invoking toplevel() on ptolemy.moml.MoMLSimpleApplication@44538b2f
reloadAllAccessors: .Default4

===========================================================================================
----------------- testing Thu Jun 06 04:34:25 UTC 2019 /home/travis/build/icyphy/ptII/ptolemy/domains/modal/test/auto/Default5.xml
----------------- Instantiating /home/travis/build/icyphy/ptII/ptolemy/domains/modal/test/auto/Default5.xml
11 ms. Memory: 481280K Free: 293815K (61%)
----------------- Invoking toplevel() on ptolemy.moml.MoMLSimpleApplication@6026b509
----------------- Done invoking toplevel() on ptolemy.moml.MoMLSimpleApplication@6026b509
reloadAllAccessors: .Default5

===========================================================================================
----------------- testing Thu Jun 06 04:34:25 UTC 2019 /home/travis/build/icyphy/ptII/ptolemy/domains/modal/test/auto/EmptyGuard.xml
----------------- Instantiating /home/travis/build/icyphy/ptII/ptolemy/domains/modal/test/auto/EmptyGuard.xml
10 ms. Memory: 481280K Free: 281293K (58%)
----------------- Invoking toplevel() on ptolemy.moml.MoMLSimpleApplication@9625a38
----------------- Done invoking toplevel() on ptolemy.moml.MoMLSimpleApplication@9625a38
reloadAllAccessors: .EmptyGuard

===========================================================================================
----------------- testing Thu Jun 06 04:34:25 UTC 2019 /home/travis/build/icyphy/ptII/ptolemy/domains/modal/test/auto/ErrorTransition1.xml
----------------- Instantiating /home/travis/build/icyphy/ptII/ptolemy/domains/modal/test/auto/ErrorTransition1.xml
7 ms. Memory: 481280K Free: 270846K (56%)
----------------- Invoking toplevel() on ptolemy.moml.MoMLSimpleApplication@573a5768
----------------- Done invoking toplevel() on ptolemy.moml.MoMLSimpleApplication@573a5768
reloadAllAccessors: .ErrorTransition1

===========================================================================================
----------------- testing Thu Jun 06 04:34:25 UTC 2019 /home/travis/build/icyphy/ptII/ptolemy/domains/modal/test/auto/ErrorTransition10.xml
----------------- Instantiating /home/travis/build/icyphy/ptII/ptolemy/domains/modal/test/auto/ErrorTransition10.xml
8 ms. Memory: 481280K Free: 252567K (52%)
----------------- Invoking toplevel() on ptolemy.moml.MoMLSimpleApplication@615d7b7f
----------------- Done invoking toplevel() on ptolemy.moml.MoMLSimpleApplication@615d7b7f
reloadAllAccessors: .ErrorTransition10

===========================================================================================
----------------- testing Thu Jun 06 04:34:25 UTC 2019 /home/travis/build/icyphy/ptII/ptolemy/domains/modal/test/auto/ErrorTransition11.xml
----------------- Instantiating /home/travis/build/icyphy/ptII/ptolemy/domains/modal/test/auto/ErrorTransition11.xml
4 ms. Memory: 481280K Free: 230918K (48%)
----------------- Invoking toplevel() on ptolemy.moml.MoMLSimpleApplication@4e285dca
----------------- Done invoking toplevel() on ptolemy.moml.MoMLSimpleApplication@4e285dca
reloadAllAccessors: .ErrorTransition11

===========================================================================================
----------------- testing Thu Jun 06 04:34:25 UTC 2019 /home/travis/build/icyphy/ptII/ptolemy/domains/modal/test/auto/ErrorTransition2.xml
----------------- Instantiating /home/travis/build/icyphy/ptII/ptolemy/domains/modal/test/auto/ErrorTransition2.xml
6 ms. Memory: 481280K Free: 220471K (46%)
----------------- Invoking toplevel() on ptolemy.moml.MoMLSimpleApplication@68a0cd87
----------------- Done invoking toplevel() on ptolemy.moml.MoMLSimpleApplication@68a0cd87
reloadAllAccessors: .ErrorTransition2

===========================================================================================
----------------- testing Thu Jun 06 04:34:25 UTC 2019 /home/travis/build/icyphy/ptII/ptolemy/domains/modal/test/auto/ErrorTransition3.xml
----------------- Instantiating /home/travis/build/icyphy/ptII/ptolemy/domains/modal/test/auto/ErrorTransition3.xml
6 ms. Memory: 481280K Free: 210039K (44%)
----------------- Invoking toplevel() on ptolemy.moml.MoMLSimpleApplication@5b325be3
----------------- Done invoking toplevel() on ptolemy.moml.MoMLSimpleApplication@5b325be3
reloadAllAccessors: .ErrorTransition3

===========================================================================================
----------------- testing Thu Jun 06 04:34:25 UTC 2019 /home/travis/build/icyphy/ptII/ptolemy/domains/modal/test/auto/ErrorTransition4.xml
----------------- Instantiating /home/travis/build/icyphy/ptII/ptolemy/domains/modal/test/auto/ErrorTransition4.xml
6 ms. Memory: 481280K Free: 194894K (40%)
----------------- Invoking toplevel() on ptolemy.moml.MoMLSimpleApplication@49cca4b5
----------------- Done invoking toplevel() on ptolemy.moml.MoMLSimpleApplication@49cca4b5
reloadAllAccessors: .ErrorTransition4

===========================================================================================
----------------- testing Thu Jun 06 04:34:25 UTC 2019 /home/travis/build/icyphy/ptII/ptolemy/domains/modal/test/auto/ErrorTransition5.xml
----------------- Instantiating /home/travis/build/icyphy/ptII/ptolemy/domains/modal/test/auto/ErrorTransition5.xml
6 ms. Memory: 481280K Free: 181831K (38%)
----------------- Invoking toplevel() on ptolemy.moml.MoMLSimpleApplication@7c5593ff
----------------- Done invoking toplevel() on ptolemy.moml.MoMLSimpleApplication@7c5593ff
reloadAllAccessors: .ErrorTransition5

===========================================================================================
----------------- testing Thu Jun 06 04:34:25 UTC 2019 /home/travis/build/icyphy/ptII/ptolemy/domains/modal/test/auto/ErrorTransition6.xml
----------------- Instantiating /home/travis/build/icyphy/ptII/ptolemy/domains/modal/test/auto/ErrorTransition6.xml
8 ms. Memory: 481280K Free: 166685K (35%)
----------------- Invoking toplevel() on ptolemy.moml.MoMLSimpleApplication@66ea6b9e
----------------- Done invoking toplevel() on ptolemy.moml.MoMLSimpleApplication@66ea6b9e
reloadAllAccessors: .ErrorTransition6

===========================================================================================
----------------- testing Thu Jun 06 04:34:25 UTC 2019 /home/travis/build/icyphy/ptII/ptolemy/domains/modal/test/auto/ErrorTransition7.xml
----------------- Instantiating /home/travis/build/icyphy/ptII/ptolemy/domains/modal/test/auto/ErrorTransition7.xml
9 ms. Memory: 481280K Free: 153638K (32%)
----------------- Invoking toplevel() on ptolemy.moml.MoMLSimpleApplication@6fa2d5c
----------------- Done invoking toplevel() on ptolemy.moml.MoMLSimpleApplication@6fa2d5c
reloadAllAccessors: .ErrorTransition7

===========================================================================================
----------------- testing Thu Jun 06 04:34:25 UTC 2019 /home/travis/build/icyphy/ptII/ptolemy/domains/modal/test/auto/ErrorTransition8.xml
----------------- Instantiating /home/travis/build/icyphy/ptII/ptolemy/domains/modal/test/auto/ErrorTransition8.xml
47 ms. Memory: 481280K Free: 137943K (29%)
----------------- Invoking toplevel() on ptolemy.moml.MoMLSimpleApplication@55d81ccb
----------------- Done invoking toplevel() on ptolemy.moml.MoMLSimpleApplication@55d81ccb
reloadAllAccessors: .ErrorTransition8

===========================================================================================
----------------- testing Thu Jun 06 04:34:25 UTC 2019 /home/travis/build/icyphy/ptII/ptolemy/domains/modal/test/auto/ErrorTransition9.xml
----------------- Instantiating /home/travis/build/icyphy/ptII/ptolemy/domains/modal/test/auto/ErrorTransition9.xml
8 ms. Memory: 481280K Free: 117566K (24%)
----------------- Invoking toplevel() on ptolemy.moml.MoMLSimpleApplication@74a4135f
----------------- Done invoking toplevel() on ptolemy.moml.MoMLSimpleApplication@74a4135f
reloadAllAccessors: .ErrorTransition9

===========================================================================================
----------------- testing Thu Jun 06 04:34:25 UTC 2019 /home/travis/build/icyphy/ptII/ptolemy/domains/modal/test/auto/ExtendedFSM.xml
----------------- Instantiating /home/travis/build/icyphy/ptII/ptolemy/domains/modal/test/auto/ExtendedFSM.xml
5 ms. Memory: 481280K Free: 107111K (22%)
----------------- Invoking toplevel() on ptolemy.moml.MoMLSimpleApplication@7d68401f
----------------- Done invoking toplevel() on ptolemy.moml.MoMLSimpleApplication@7d68401f
reloadAllAccessors: .ExtendedFSM

===========================================================================================
----------------- testing Thu Jun 06 04:34:25 UTC 2019 /home/travis/build/icyphy/ptII/ptolemy/domains/modal/test/auto/FinalStates.xml
----------------- Instantiating /home/travis/build/icyphy/ptII/ptolemy/domains/modal/test/auto/FinalStates.xml
9 ms. Memory: 481280K Free: 96648K (20%)
----------------- Invoking toplevel() on ptolemy.moml.MoMLSimpleApplication@5a7f6d56
----------------- Done invoking toplevel() on ptolemy.moml.MoMLSimpleApplication@5a7f6d56
reloadAllAccessors: .FinalStates

===========================================================================================
----------------- testing Thu Jun 06 04:34:25 UTC 2019 /home/travis/build/icyphy/ptII/ptolemy/domains/modal/test/auto/FixedPointFSM.xml
----------------- Instantiating /home/travis/build/icyphy/ptII/ptolemy/domains/modal/test/auto/FixedPointFSM.xml
26 ms. Memory: 481792K Free: 467864K (97%)
----------------- Invoking toplevel() on ptolemy.moml.MoMLSimpleApplication@8e303a
----------------- Done invoking toplevel() on ptolemy.moml.MoMLSimpleApplication@8e303a
reloadAllAccessors: .FixedPointFSM

===========================================================================================
----------------- testing Thu Jun 06 04:34:25 UTC 2019 /home/travis/build/icyphy/ptII/ptolemy/domains/modal/test/auto/FixedPointIterationFSMActor.xml
----------------- Instantiating /home/travis/build/icyphy/ptII/ptolemy/domains/modal/test/auto/FixedPointIterationFSMActor.xml
6 ms. Memory: 481792K Free: 451254K (94%)
----------------- Invoking toplevel() on ptolemy.moml.MoMLSimpleApplication@704e5386
----------------- Done invoking toplevel() on ptolemy.moml.MoMLSimpleApplication@704e5386
reloadAllAccessors: .FixedPointIterationFSMActor

===========================================================================================
----------------- testing Thu Jun 06 04:34:25 UTC 2019 /home/travis/build/icyphy/ptII/ptolemy/domains/modal/test/auto/FixedPointIterationFSMActor2.xml
----------------- Instantiating /home/travis/build/icyphy/ptII/ptolemy/domains/modal/test/auto/FixedPointIterationFSMActor2.xml
13 ms. Memory: 481792K Free: 436051K (91%)
----------------- Invoking toplevel() on ptolemy.moml.MoMLSimpleApplication@74808f1c
----------------- Done invoking toplevel() on ptolemy.moml.MoMLSimpleApplication@74808f1c
reloadAllAccessors: .FixedPointIterationFSMActor2

===========================================================================================
----------------- testing Thu Jun 06 04:34:25 UTC 2019 /home/travis/build/icyphy/ptII/ptolemy/domains/modal/test/auto/ForbiddenInstantanousLoop.xml
----------------- Instantiating /home/travis/build/icyphy/ptII/ptolemy/domains/modal/test/auto/ForbiddenInstantanousLoop.xml
5 ms. Memory: 481792K Free: 422328K (88%)
----------------- Invoking toplevel() on ptolemy.moml.MoMLSimpleApplication@7253a478
----------------- Done invoking toplevel() on ptolemy.moml.MoMLSimpleApplication@7253a478
reloadAllAccessors: .ForbiddenInstantanousLoop

===========================================================================================
----------------- testing Thu Jun 06 04:34:25 UTC 2019 /home/travis/build/icyphy/ptII/ptolemy/domains/modal/test/auto/FunctionDependencyOfFSMActorTest.xml
----------------- Instantiating /home/travis/build/icyphy/ptII/ptolemy/domains/modal/test/auto/FunctionDependencyOfFSMActorTest.xml
13 ms. Memory: 481792K Free: 413017K (86%)
----------------- Invoking toplevel() on ptolemy.moml.MoMLSimpleApplication@13a60865
----------------- Done invoking toplevel() on ptolemy.moml.MoMLSimpleApplication@13a60865
reloadAllAccessors: .FunctionDependencyOfFSMActorTest

===========================================================================================
----------------- testing Thu Jun 06 04:34:25 UTC 2019 /home/travis/build/icyphy/ptII/ptolemy/domains/modal/test/auto/GuardExpression.xml
----------------- Instantiating /home/travis/build/icyphy/ptII/ptolemy/domains/modal/test/auto/GuardExpression.xml
2 ms. Memory: 481792K Free: 405178K (84%)
----------------- Invoking toplevel() on ptolemy.moml.MoMLSimpleApplication@7f3aa155
----------------- Done invoking toplevel() on ptolemy.moml.MoMLSimpleApplication@7f3aa155
reloadAllAccessors: .GuardExpression

===========================================================================================
----------------- testing Thu Jun 06 04:34:25 UTC 2019 /home/travis/build/icyphy/ptII/ptolemy/domains/modal/test/auto/GuardNotEvaluated.xml
----------------- Instantiating /home/travis/build/icyphy/ptII/ptolemy/domains/modal/test/auto/GuardNotEvaluated.xml
5 ms. Memory: 481792K Free: 393895K (82%)
----------------- Invoking toplevel() on ptolemy.moml.MoMLSimpleApplication@29d4a2f2
----------------- Done invoking toplevel() on ptolemy.moml.MoMLSimpleApplication@29d4a2f2
reloadAllAccessors: .GuardNotEvaluated

===========================================================================================
----------------- testing Thu Jun 06 04:34:26 UTC 2019 /home/travis/build/icyphy/ptII/ptolemy/domains/modal/test/auto/GuardNotEvaluated2.xml
----------------- Instantiating /home/travis/build/icyphy/ptII/ptolemy/domains/modal/test/auto/GuardNotEvaluated2.xml
6 ms. Memory: 481792K Free: 382136K (79%)
----------------- Invoking toplevel() on ptolemy.moml.MoMLSimpleApplication@7cee730d
----------------- Done invoking toplevel() on ptolemy.moml.MoMLSimpleApplication@7cee730d
reloadAllAccessors: .GuardNotEvaluated2

===========================================================================================
----------------- testing Thu Jun 06 04:34:26 UTC 2019 /home/travis/build/icyphy/ptII/ptolemy/domains/modal/test/auto/GuardOnAbsent.xml
----------------- Instantiating /home/travis/build/icyphy/ptII/ptolemy/domains/modal/test/auto/GuardOnAbsent.xml
11 ms. Memory: 481792K Free: 372817K (77%)
----------------- Invoking toplevel() on ptolemy.moml.MoMLSimpleApplication@3c0b69f6
----------------- Done invoking toplevel() on ptolemy.moml.MoMLSimpleApplication@3c0b69f6
reloadAllAccessors: .GuardOnAbsent

===========================================================================================
----------------- testing Thu Jun 06 04:34:26 UTC 2019 /home/travis/build/icyphy/ptII/ptolemy/domains/modal/test/auto/HierarchicalFSMTypeInference.xml
----------------- Instantiating /home/travis/build/icyphy/ptII/ptolemy/domains/modal/test/auto/HierarchicalFSMTypeInference.xml
5 ms. Memory: 481792K Free: 359094K (75%)
----------------- Invoking toplevel() on ptolemy.moml.MoMLSimpleApplication@5061e1b0
----------------- Done invoking toplevel() on ptolemy.moml.MoMLSimpleApplication@5061e1b0
reloadAllAccessors: .HierarchicalFSMTypeInference

===========================================================================================
----------------- testing Thu Jun 06 04:34:26 UTC 2019 /home/travis/build/icyphy/ptII/ptolemy/domains/modal/test/auto/Hysteresis.xml
----------------- Instantiating /home/travis/build/icyphy/ptII/ptolemy/domains/modal/test/auto/Hysteresis.xml
9 ms. Memory: 481792K Free: 341912K (71%)
----------------- Invoking toplevel() on ptolemy.moml.MoMLSimpleApplication@536d9bf
----------------- Done invoking toplevel() on ptolemy.moml.MoMLSimpleApplication@536d9bf
reloadAllAccessors: .Hysteresis

===========================================================================================
----------------- testing Thu Jun 06 04:34:26 UTC 2019 /home/travis/build/icyphy/ptII/ptolemy/domains/modal/test/auto/HysteresisWithDefault.xml
----------------- Instantiating /home/travis/build/icyphy/ptII/ptolemy/domains/modal/test/auto/HysteresisWithDefault.xml
26 ms. Memory: 481792K Free: 316436K (66%)
----------------- Invoking toplevel() on ptolemy.moml.MoMLSimpleApplication@396b408d
----------------- Done invoking toplevel() on ptolemy.moml.MoMLSimpleApplication@396b408d
reloadAllAccessors: .HysteresisWithDefault

===========================================================================================
----------------- testing Thu Jun 06 04:34:26 UTC 2019 /home/travis/build/icyphy/ptII/ptolemy/domains/modal/test/auto/HysteresisWithDefault2.xml
----------------- Instantiating /home/travis/build/icyphy/ptII/ptolemy/domains/modal/test/auto/HysteresisWithDefault2.xml
29 ms. Memory: 481792K Free: 283559K (59%)
----------------- Invoking toplevel() on ptolemy.moml.MoMLSimpleApplication@7424a112
----------------- Done invoking toplevel() on ptolemy.moml.MoMLSimpleApplication@7424a112
reloadAllAccessors: .HysteresisWithDefault2

===========================================================================================
----------------- testing Thu Jun 06 04:34:26 UTC 2019 /home/travis/build/icyphy/ptII/ptolemy/domains/modal/test/auto/ImmediateNonConstructiveness.xml
----------------- Instantiating /home/travis/build/icyphy/ptII/ptolemy/domains/modal/test/auto/ImmediateNonConstructiveness.xml
3 ms. Memory: 481792K Free: 273764K (57%)
----------------- Invoking toplevel() on ptolemy.moml.MoMLSimpleApplication@7325a7f5
----------------- Done invoking toplevel() on ptolemy.moml.MoMLSimpleApplication@7325a7f5
reloadAllAccessors: .ImmediateNonConstructiveness

===========================================================================================
----------------- testing Thu Jun 06 04:34:26 UTC 2019 /home/travis/build/icyphy/ptII/ptolemy/domains/modal/test/auto/ImmediateNonConstructiveness2.xml
----------------- Instantiating /home/travis/build/icyphy/ptII/ptolemy/domains/modal/test/auto/ImmediateNonConstructiveness2.xml
5 ms. Memory: 481792K Free: 264445K (55%)
----------------- Invoking toplevel() on ptolemy.moml.MoMLSimpleApplication@d367297
----------------- Done invoking toplevel() on ptolemy.moml.MoMLSimpleApplication@d367297
reloadAllAccessors: .ImmediateNonConstructiveness2

===========================================================================================
----------------- testing Thu Jun 06 04:34:26 UTC 2019 /home/travis/build/icyphy/ptII/ptolemy/domains/modal/test/auto/ImmediateTransitionReset.xml
----------------- Instantiating /home/travis/build/icyphy/ptII/ptolemy/domains/modal/test/auto/ImmediateTransitionReset.xml
4 ms. Memory: 481792K Free: 249235K (52%)
----------------- Invoking toplevel() on ptolemy.moml.MoMLSimpleApplication@5b15c77c
----------------- Done invoking toplevel() on ptolemy.moml.MoMLSimpleApplication@5b15c77c
reloadAllAccessors: .ImmediateTransitionReset

===========================================================================================
----------------- testing Thu Jun 06 04:34:26 UTC 2019 /home/travis/build/icyphy/ptII/ptolemy/domains/modal/test/auto/ImmediateTransitions1.xml
----------------- Instantiating /home/travis/build/icyphy/ptII/ptolemy/domains/modal/test/auto/ImmediateTransitions1.xml
2 ms. Memory: 481792K Free: 241379K (50%)
----------------- Invoking toplevel() on ptolemy.moml.MoMLSimpleApplication@2bb691b
----------------- Done invoking toplevel() on ptolemy.moml.MoMLSimpleApplication@2bb691b
reloadAllAccessors: .ImmediateTransitions1

===========================================================================================
----------------- testing Thu Jun 06 04:34:26 UTC 2019 /home/travis/build/icyphy/ptII/ptolemy/domains/modal/test/auto/ImmediateTransitionsInstantaneousCommunication.xml
----------------- Instantiating /home/travis/build/icyphy/ptII/ptolemy/domains/modal/test/auto/ImmediateTransitionsInstantaneousCommunication.xml
4 ms. Memory: 481792K Free: 226177K (47%)
----------------- Invoking toplevel() on ptolemy.moml.MoMLSimpleApplication@499cb183
----------------- Done invoking toplevel() on ptolemy.moml.MoMLSimpleApplication@499cb183
reloadAllAccessors: .ImmediateTransitionsInstantaneousCommunication

===========================================================================================
----------------- testing Thu Jun 06 04:34:26 UTC 2019 /home/travis/build/icyphy/ptII/ptolemy/domains/modal/test/auto/InitialImmediateTransition.xml
----------------- Instantiating /home/travis/build/icyphy/ptII/ptolemy/domains/modal/test/auto/InitialImmediateTransition.xml
3 ms. Memory: 481792K Free: 218338K (45%)
----------------- Invoking toplevel() on ptolemy.moml.MoMLSimpleApplication@100928b4
----------------- Done invoking toplevel() on ptolemy.moml.MoMLSimpleApplication@100928b4
reloadAllAccessors: .InitialImmediateTransition

===========================================================================================
----------------- testing Thu Jun 06 04:34:26 UTC 2019 /home/travis/build/icyphy/ptII/ptolemy/domains/modal/test/auto/InitialOutputs.xml
----------------- Instantiating /home/travis/build/icyphy/ptII/ptolemy/domains/modal/test/auto/InitialOutputs.xml
3 ms. Memory: 481792K Free: 209027K (43%)
----------------- Invoking toplevel() on ptolemy.moml.MoMLSimpleApplication@7cce1526
----------------- Done invoking toplevel() on ptolemy.moml.MoMLSimpleApplication@7cce1526
reloadAllAccessors: .InitialOutputs

===========================================================================================
----------------- testing Thu Jun 06 04:34:26 UTC 2019 /home/travis/build/icyphy/ptII/ptolemy/domains/modal/test/auto/InitialStateTransition1.xml
----------------- Instantiating /home/travis/build/icyphy/ptII/ptolemy/domains/modal/test/auto/InitialStateTransition1.xml
2 ms. Memory: 481792K Free: 199232K (41%)
----------------- Invoking toplevel() on ptolemy.moml.MoMLSimpleApplication@39d19240
----------------- Done invoking toplevel() on ptolemy.moml.MoMLSimpleApplication@39d19240
reloadAllAccessors: .InitialStateTransition1

===========================================================================================
----------------- testing Thu Jun 06 04:34:26 UTC 2019 /home/travis/build/icyphy/ptII/ptolemy/domains/modal/test/auto/InitialStateTransition2.xml
----------------- Instantiating /home/travis/build/icyphy/ptII/ptolemy/domains/modal/test/auto/InitialStateTransition2.xml
.InitialStateTransition2.TestExceptionAttributeNonConstructive: initialize() was not invoked, but wrapup() was.  This is unusual, but not always a problem.  For example, exporting JNLP will do this.
2 ms. Memory: 481792K Free: 187949K (39%)
----------------- Invoking toplevel() on ptolemy.moml.MoMLSimpleApplication@646abd6
----------------- Done invoking toplevel() on ptolemy.moml.MoMLSimpleApplication@646abd6
reloadAllAccessors: .InitialStateTransition2

===========================================================================================
----------------- testing Thu Jun 06 04:34:26 UTC 2019 /home/travis/build/icyphy/ptII/ptolemy/domains/modal/test/auto/InitialStateTransition3.xml
----------------- Instantiating /home/travis/build/icyphy/ptII/ptolemy/domains/modal/test/auto/InitialStateTransition3.xml
4 ms. Memory: 481792K Free: 178146K (37%)
----------------- Invoking toplevel() on ptolemy.moml.MoMLSimpleApplication@6b574c4b
----------------- Done invoking toplevel() on ptolemy.moml.MoMLSimpleApplication@6b574c4b
reloadAllAccessors: .InitialStateTransition3

===========================================================================================
----------------- testing Thu Jun 06 04:34:26 UTC 2019 /home/travis/build/icyphy/ptII/ptolemy/domains/modal/test/auto/InitialStateTransition4.xml
----------------- Instantiating /home/travis/build/icyphy/ptII/ptolemy/domains/modal/test/auto/InitialStateTransition4.xml
3 ms. Memory: 481792K Free: 164900K (34%)
----------------- Invoking toplevel() on ptolemy.moml.MoMLSimpleApplication@1fe7bec5
----------------- Done invoking toplevel() on ptolemy.moml.MoMLSimpleApplication@1fe7bec5
[...]
----------------- Done invoking toplevel() on ptolemy.moml.MoMLSimpleApplication@20bc9617
reloadAllAccessors: .TerminationTransition3

===========================================================================================
----------------- testing Thu Jun 06 04:34:28 UTC 2019 /home/travis/build/icyphy/ptII/ptolemy/domains/modal/test/auto/TerminationTransition4.xml
----------------- Instantiating /home/travis/build/icyphy/ptII/ptolemy/domains/modal/test/auto/TerminationTransition4.xml
3 ms. Memory: 716800K Free: 636824K (89%)
----------------- Invoking toplevel() on ptolemy.moml.MoMLSimpleApplication@58777148
----------------- Done invoking toplevel() on ptolemy.moml.MoMLSimpleApplication@58777148
reloadAllAccessors: .TerminationTransition4

===========================================================================================
----------------- testing Thu Jun 06 04:34:28 UTC 2019 /home/travis/build/icyphy/ptII/ptolemy/domains/modal/test/auto/TerminationTransition5.xml
----------------- Instantiating /home/travis/build/icyphy/ptII/ptolemy/domains/modal/test/auto/TerminationTransition5.xml
2 ms. Memory: 716800K Free: 614599K (86%)
----------------- Invoking toplevel() on ptolemy.moml.MoMLSimpleApplication@d4ef720
----------------- Done invoking toplevel() on ptolemy.moml.MoMLSimpleApplication@d4ef720
reloadAllAccessors: .TerminationTransition5

===========================================================================================
----------------- testing Thu Jun 06 04:34:28 UTC 2019 /home/travis/build/icyphy/ptII/ptolemy/domains/modal/test/auto/TerminationTransition6.xml
----------------- Instantiating /home/travis/build/icyphy/ptII/ptolemy/domains/modal/test/auto/TerminationTransition6.xml
1 ms. Memory: 716800K Free: 600722K (84%)
----------------- Invoking toplevel() on ptolemy.moml.MoMLSimpleApplication@28f07f7d
----------------- Done invoking toplevel() on ptolemy.moml.MoMLSimpleApplication@28f07f7d
reloadAllAccessors: .TerminationTransition6

===========================================================================================
----------------- testing Thu Jun 06 04:34:28 UTC 2019 /home/travis/build/icyphy/ptII/ptolemy/domains/modal/test/auto/TerminationTransition7.xml
----------------- Instantiating /home/travis/build/icyphy/ptII/ptolemy/domains/modal/test/auto/TerminationTransition7.xml
3 ms. Memory: 716800K Free: 584000K (81%)
----------------- Invoking toplevel() on ptolemy.moml.MoMLSimpleApplication@133c8789
----------------- Done invoking toplevel() on ptolemy.moml.MoMLSimpleApplication@133c8789
reloadAllAccessors: .TerminationTransition7

===========================================================================================
----------------- testing Thu Jun 06 04:34:28 UTC 2019 /home/travis/build/icyphy/ptII/ptolemy/domains/modal/test/auto/TerminationTransition8.xml
----------------- Instantiating /home/travis/build/icyphy/ptII/ptolemy/domains/modal/test/auto/TerminationTransition8.xml
2 ms. Memory: 716800K Free: 565933K (79%)
----------------- Invoking toplevel() on ptolemy.moml.MoMLSimpleApplication@5cf2bb4f
----------------- Done invoking toplevel() on ptolemy.moml.MoMLSimpleApplication@5cf2bb4f
reloadAllAccessors: .TerminationTransition8

===========================================================================================
----------------- testing Thu Jun 06 04:34:28 UTC 2019 /home/travis/build/icyphy/ptII/ptolemy/domains/modal/test/auto/Thermostat_NoHysteresis.xml
----------------- Instantiating /home/travis/build/icyphy/ptII/ptolemy/domains/modal/test/auto/Thermostat_NoHysteresis.xml
23 ms. Memory: 716800K Free: 535319K (75%)
----------------- Invoking toplevel() on ptolemy.moml.MoMLSimpleApplication@4e8cd94c
----------------- Done invoking toplevel() on ptolemy.moml.MoMLSimpleApplication@4e8cd94c
reloadAllAccessors: .Thermostat_NoHysteresis

===========================================================================================
----------------- testing Thu Jun 06 04:34:28 UTC 2019 /home/travis/build/icyphy/ptII/ptolemy/domains/modal/test/auto/TimedFSM.xml
----------------- Instantiating /home/travis/build/icyphy/ptII/ptolemy/domains/modal/test/auto/TimedFSM.xml
7 ms. Memory: 716800K Free: 518605K (72%)
----------------- Invoking toplevel() on ptolemy.moml.MoMLSimpleApplication@621e5917
----------------- Done invoking toplevel() on ptolemy.moml.MoMLSimpleApplication@621e5917
reloadAllAccessors: .TimedFSM

===========================================================================================
----------------- testing Thu Jun 06 04:34:28 UTC 2019 /home/travis/build/icyphy/ptII/ptolemy/domains/modal/test/auto/Timeout1.xml
----------------- Instantiating /home/travis/build/icyphy/ptII/ptolemy/domains/modal/test/auto/Timeout1.xml
3 ms. Memory: 716800K Free: 508920K (71%)
----------------- Invoking toplevel() on ptolemy.moml.MoMLSimpleApplication@46dc84e6
----------------- Done invoking toplevel() on ptolemy.moml.MoMLSimpleApplication@46dc84e6
reloadAllAccessors: .Timeout1

===========================================================================================
----------------- testing Thu Jun 06 04:34:28 UTC 2019 /home/travis/build/icyphy/ptII/ptolemy/domains/modal/test/auto/Timeout2.xml
----------------- Instantiating /home/travis/build/icyphy/ptII/ptolemy/domains/modal/test/auto/Timeout2.xml
5 ms. Memory: 716800K Free: 495060K (69%)
----------------- Invoking toplevel() on ptolemy.moml.MoMLSimpleApplication@2eda1f68
----------------- Done invoking toplevel() on ptolemy.moml.MoMLSimpleApplication@2eda1f68
reloadAllAccessors: .Timeout2

===========================================================================================
----------------- testing Thu Jun 06 04:34:28 UTC 2019 /home/travis/build/icyphy/ptII/ptolemy/domains/modal/test/auto/Timeout3.xml
----------------- Instantiating /home/travis/build/icyphy/ptII/ptolemy/domains/modal/test/auto/Timeout3.xml
3 ms. Memory: 716800K Free: 486710K (68%)
----------------- Invoking toplevel() on ptolemy.moml.MoMLSimpleApplication@66be8264
----------------- Done invoking toplevel() on ptolemy.moml.MoMLSimpleApplication@66be8264
reloadAllAccessors: .Timeout3

===========================================================================================
----------------- testing Thu Jun 06 04:34:28 UTC 2019 /home/travis/build/icyphy/ptII/ptolemy/domains/modal/test/auto/Timeout4.xml
----------------- Instantiating /home/travis/build/icyphy/ptII/ptolemy/domains/modal/test/auto/Timeout4.xml
4 ms. Memory: 716800K Free: 477025K (67%)
----------------- Invoking toplevel() on ptolemy.moml.MoMLSimpleApplication@42a8f744
----------------- Done invoking toplevel() on ptolemy.moml.MoMLSimpleApplication@42a8f744
reloadAllAccessors: .Timeout4

===========================================================================================
----------------- testing Thu Jun 06 04:34:28 UTC 2019 /home/travis/build/icyphy/ptII/ptolemy/domains/modal/test/auto/TransientstateModelAdvanced.xml
----------------- Instantiating /home/travis/build/icyphy/ptII/ptolemy/domains/modal/test/auto/TransientstateModelAdvanced.xml
3 ms. Memory: 716800K Free: 458974K (64%)
----------------- Invoking toplevel() on ptolemy.moml.MoMLSimpleApplication@79ea7f94
----------------- Done invoking toplevel() on ptolemy.moml.MoMLSimpleApplication@79ea7f94
reloadAllAccessors: .TransientstateModelAdvanced

===========================================================================================
----------------- testing Thu Jun 06 04:34:29 UTC 2019 /home/travis/build/icyphy/ptII/ptolemy/domains/modal/test/auto/TransientstateModelAdvanced2.xml
----------------- Instantiating /home/travis/build/icyphy/ptII/ptolemy/domains/modal/test/auto/TransientstateModelAdvanced2.xml
3 ms. Memory: 716800K Free: 438069K (61%)
----------------- Invoking toplevel() on ptolemy.moml.MoMLSimpleApplication@2825277e
----------------- Done invoking toplevel() on ptolemy.moml.MoMLSimpleApplication@2825277e
reloadAllAccessors: .transientstatemodelAdvanced

===========================================================================================
----------------- testing Thu Jun 06 04:34:29 UTC 2019 /home/travis/build/icyphy/ptII/ptolemy/domains/modal/test/auto/TransitionRefinements.xml
----------------- Instantiating /home/travis/build/icyphy/ptII/ptolemy/domains/modal/test/auto/TransitionRefinements.xml
9 ms. Memory: 716800K Free: 424201K (59%)
----------------- Invoking toplevel() on ptolemy.moml.MoMLSimpleApplication@47ed3d88
----------------- Done invoking toplevel() on ptolemy.moml.MoMLSimpleApplication@47ed3d88
reloadAllAccessors: .TransitionRefinements

===========================================================================================
----------------- testing Thu Jun 06 04:34:29 UTC 2019 /home/travis/build/icyphy/ptII/ptolemy/domains/modal/test/auto/TwoRefinements1.xml
----------------- Instantiating /home/travis/build/icyphy/ptII/ptolemy/domains/modal/test/auto/TwoRefinements1.xml
3 ms. Memory: 716800K Free: 406159K (57%)
----------------- Invoking toplevel() on ptolemy.moml.MoMLSimpleApplication@4c76e960
----------------- Done invoking toplevel() on ptolemy.moml.MoMLSimpleApplication@4c76e960
reloadAllAccessors: .TwoRefinements1

===========================================================================================
----------------- testing Thu Jun 06 04:34:29 UTC 2019 /home/travis/build/icyphy/ptII/ptolemy/domains/modal/test/auto/TwoRefinements2.xml
----------------- Instantiating /home/travis/build/icyphy/ptII/ptolemy/domains/modal/test/auto/TwoRefinements2.xml
2 ms. Memory: 716800K Free: 389453K (54%)
----------------- Invoking toplevel() on ptolemy.moml.MoMLSimpleApplication@4aa22056
----------------- Done invoking toplevel() on ptolemy.moml.MoMLSimpleApplication@4aa22056
reloadAllAccessors: .TwoRefinements2

===========================================================================================
----------------- testing Thu Jun 06 04:34:29 UTC 2019 /home/travis/build/icyphy/ptII/ptolemy/domains/modal/test/auto/WeakImmediateTransition.xml
----------------- Instantiating /home/travis/build/icyphy/ptII/ptolemy/domains/modal/test/auto/WeakImmediateTransition.xml
4 ms. Memory: 716800K Free: 375585K (52%)
----------------- Invoking toplevel() on ptolemy.moml.MoMLSimpleApplication@1f76391e
----------------- Done invoking toplevel() on ptolemy.moml.MoMLSimpleApplication@1f76391e
reloadAllAccessors: .WeakImmediateTransition

===========================================================================================
----------------- testing Thu Jun 06 04:34:29 UTC 2019 /home/travis/build/icyphy/ptII/ptolemy/domains/modal/test/auto/booleanSelect.xml
----------------- Instantiating /home/travis/build/icyphy/ptII/ptolemy/domains/modal/test/auto/booleanSelect.xml
36 ms. Memory: 716800K Free: 353335K (49%)
----------------- Invoking toplevel() on ptolemy.moml.MoMLSimpleApplication@794567bf
----------------- Done invoking toplevel() on ptolemy.moml.MoMLSimpleApplication@794567bf
reloadAllAccessors: .booleanSelect

===========================================================================================
----------------- testing Thu Jun 06 04:34:29 UTC 2019 /home/travis/build/icyphy/ptII/ptolemy/domains/modal/test/auto/modalChangingParams.xml
----------------- Instantiating /home/travis/build/icyphy/ptII/ptolemy/domains/modal/test/auto/modalChangingParams.xml
0
1
0
2
4
6
8
7
0
2
4
6
8
13
0
2
4
6
8
19
0
2
4
6
8
25
0
2
4
6
8
31
0
2
4
6
8
37
0
2
4
6
8
43
0
2
4
6
8
49
0
2
4
6
8
55
0
2
4
6
8
61
0
2
4
6
8
67
0
2
4
6
8
73
0
2
4
6
8
79
0
2
4
6
8
85
0
2
4
6
8
91
0
2
4
6
8
97
0
2
4
6
8
103
0
2
4
6
8
109
0
2
4
6
8
115
0
2
4
6
8
121
0
2
4
6
8
127
0
2
4
6
8
133
0
2
4
6
8
139
0
2
4
6
8
145
0
2
4
6
8
151
0
2
4
6
8
157
0
2
4
6
8
163
0
2
4
6
8
169
0
2
4
6
8
175
0
2
4
6
8
181
0
2
4
6
8
187
0
2
4
6
8
193
0
2
4
6
8
199
0
2
4
6
8
205
0
2
4
6
8
211
0
2
4
6
8
217
0
2
4
6
8
223
0
2
4
6
8
229
0
2
4
6
8
235
0
2
4
6
8
241
0
2
4
6
8
247
0
2
4
6
8
253
0
2
4
6
8
259
0
2
4
6
8
265
0
2
4
6
8
271
0
2
4
6
8
277
0
2
4
6
8
283
0
2
4
6
8
289
0
2
4
6
8
295
0
2
4
6
8
301
0
2
4
6
8
307
0
2
4
6
8
313
0
2
4
6
8
319
0
2
4
6
8
325
0
2
4
6
8
331
0
2
4
6
8
337
0
2
4
6
8
343
0
2
4
6
8
349
0
2
4
6
8
355
0
2
4
6
8
361
0
2
4
6
8
367
0
2
4
6
8
373
0
2
4
6
8
379
0
2
4
6
8
385
0
2
4
6
8
391
0
2
4
6
8
397
0
2
4
6
8
403
0
2
4
6
8
409
0
2
4
6
8
415
0
2
4
6
8
421
0
2
4
6
8
427
0
2
4
6
8
433
0
2
4
6
8
439
0
2
4
6
8
445
0
2
4
6
8
451
0
2
4
6
8
457
0
2
4
6
8
463
0
2
4
6
8
469
0
2
4
6
8
475
0
2
4
6
8
481
0
2
4
6
8
487
0
2
4
6
8
493
0
2
4
6
8
499
0
2
4
6
8
505
0
2
4
6
8
511
0
2
4
6
8
517
0
2
4
6
8
523
0
2
4
6
8
529
0
2
4
6
8
535
0
2
4
6
8
541
0
2
4
6
8
547
0
2
4
6
8
553
0
2
4
6
8
559
0
2
4
6
8
565
0
2
4
6
8
571
0
2
4
6
8
577
0
2
4
6
8
583
0
2
4
6
8
589
0
2
4
6
8
595
0
2
4
6
8
601
0
2
4
6
8
607
0
2
4
6
8
613
0
2
4
6
8
619
0
2
4
6
8
625
0
2
4
6
8
631
0
2
4
6
8
637
0
2
4
6
8
643
0
2
4
6
8
649
0
2
4
6
8
655
0
2
4
6
8
661
0
2
4
6
8
667
0
2
4
6
8
673
0
2
4
6
8
679
0
2
4
6
8
685
0
2
4
6
8
691
0
2
4
6
8
697
0
2
4
6
8
703
0
2
4
6
8
709
0
2
4
6
8
715
0
2
4
6
8
721
0
2
4
6
8
727
0
2
4
6
8
733
0
2
4
6
8
739
0
2
4
6
8
745
0
2
4
6
8
751
0
2
4
6
8
757
0
2
4
6
8
763
0
2
4
6
8
769
0
2
4
6
8
775
0
2
4
6
8
781
0
2
4
6
8
787
0
2
4
6
8
793
0
2
4
6
8
799
0
2
4
6
8
805
0
2
4
6
8
811
0
2
4
6
8
817
0
2
4
6
8
823
0
2
4
6
8
829
0
2
4
6
8
835
0
2
4
6
8
841
0
2
4
6
8
847
0
2
4
6
8
853
0
2
4
6
8
859
0
2
4
6
8
865
0
2
4
6
8
871
0
2
4
6
8
877
0
2
4
6
8
883
0
2
4
6
8
889
0
2
4
6
8
895
0
2
4
6
8
901
0
2
4
6
8
907
0
2
4
6
8
913
0
2
4
6
8
919
0
2
4
6
8
925
0
2
4
6
8
931
0
2
4
6
8
937
0
2
4
6
8
943
0
2
4
6
8
949
0
2
4
6
8
955
0
2
4
6
8
961
0
2
4
6
8
967
0
2
4
6
8
973
0
2
4
6
8
979
0
2
4
6
8
985
0
2
4
6
8
991
0
2
4
6
8
997
0
2
195 ms. Memory: 716800K Free: 236169K (33%)
----------------- Invoking toplevel() on ptolemy.moml.MoMLSimpleApplication@67e21cff
----------------- Done invoking toplevel() on ptolemy.moml.MoMLSimpleApplication@67e21cff
reloadAllAccessors: .modalChangingParams

===========================================================================================
----------------- testing Thu Jun 06 04:34:29 UTC 2019 /home/travis/build/icyphy/ptII/ptolemy/domains/modal/test/auto/modalModel.xml
----------------- Instantiating /home/travis/build/icyphy/ptII/ptolemy/domains/modal/test/auto/modalModel.xml
6 ms. Memory: 716800K Free: 222293K (31%)
----------------- Invoking toplevel() on ptolemy.moml.MoMLSimpleApplication@6004038d
----------------- Done invoking toplevel() on ptolemy.moml.MoMLSimpleApplication@6004038d
reloadAllAccessors: .modalModel

===========================================================================================
----------------- testing Thu Jun 06 04:34:29 UTC 2019 /home/travis/build/icyphy/ptII/ptolemy/domains/modal/test/auto/modalModel2.xml
----------------- Instantiating /home/travis/build/icyphy/ptII/ptolemy/domains/modal/test/auto/modalModel2.xml
10 ms. Memory: 716800K Free: 208417K (29%)
----------------- Invoking toplevel() on ptolemy.moml.MoMLSimpleApplication@4762349
----------------- Done invoking toplevel() on ptolemy.moml.MoMLSimpleApplication@4762349
reloadAllAccessors: .modalModel2

===========================================================================================
----------------- testing Thu Jun 06 04:34:29 UTC 2019 /home/travis/build/icyphy/ptII/ptolemy/domains/modal/test/auto/modalModel3.xml
----------------- Instantiating /home/travis/build/icyphy/ptII/ptolemy/domains/modal/test/auto/modalModel3.xml
0	0	0
1	0	1
4	2	2
7	4	3
10	6	4
5	0	5
8	2	6
11	4	7
14	6	8
9	0	9
12	2	10
15	4	11
18	6	12
13	0	13
16	2	14
12 ms. Memory: 716800K Free: 187512K (26%)
----------------- Invoking toplevel() on ptolemy.moml.MoMLSimpleApplication@4987f059
----------------- Done invoking toplevel() on ptolemy.moml.MoMLSimpleApplication@4987f059
reloadAllAccessors: .modalModel3

===========================================================================================
----------------- testing Thu Jun 06 04:34:29 UTC 2019 /home/travis/build/icyphy/ptII/ptolemy/domains/modal/test/auto/model1.xml
----------------- Instantiating /home/travis/build/icyphy/ptII/ptolemy/domains/modal/test/auto/model1.xml
9 ms. Memory: 716800K Free: 177827K (25%)
----------------- Invoking toplevel() on ptolemy.moml.MoMLSimpleApplication@3b2f6c70
----------------- Done invoking toplevel() on ptolemy.moml.MoMLSimpleApplication@3b2f6c70
reloadAllAccessors: .model1

===========================================================================================
----------------- testing Thu Jun 06 04:34:29 UTC 2019 /home/travis/build/icyphy/ptII/ptolemy/domains/modal/test/auto/test-direct-in-out.xml
----------------- Instantiating /home/travis/build/icyphy/ptII/ptolemy/domains/modal/test/auto/test-direct-in-out.xml
5 ms. Memory: 716800K Free: 163958K (23%)
----------------- Invoking toplevel() on ptolemy.moml.MoMLSimpleApplication@3fc1fc3e
----------------- Done invoking toplevel() on ptolemy.moml.MoMLSimpleApplication@3fc1fc3e
reloadAllAccessors: .test-direct-in-out
AutoTests.java: About to close Vertx.
AutoTests.java: Vertx closed.
]]></system-out>
  <system-err><![CDATA[java.lang.RuntimeException: Execution failed
	at ptolemy.moml.MoMLSimpleApplication$UnloadThread.run(MoMLSimpleApplication.java:402)
Caused by: ptolemy.kernel.util.IllegalActionException: Unknown inputs remain. Possible causality loop:
L_model_1893289564i

  in .CannotAnalysisWithPreemption.model_1893289564_region_1 and .CannotAnalysisWithPreemption.model_1893289564_region_1.L_model_1893289564i
	at ptolemy.actor.sched.FixedPointDirector.postfire(FixedPointDirector.java:515)
	at ptolemy.domains.sr.kernel.SRDirector.postfire(SRDirector.java:417)
	at ptolemy.actor.CompositeActor.postfire(CompositeActor.java:1668)
	at ptolemy.actor.Manager.iterate(Manager.java:852)
	at ptolemy.actor.Manager.execute(Manager.java:369)
	at ptolemy.actor.Manager.run(Manager.java:1263)
	at ptolemy.actor.Manager$PtolemyRunThread.run(Manager.java:1915)
java.lang.reflect.InvocationTargetException
	at sun.reflect.NativeConstructorAccessorImpl.newInstance0(Native Method)
	at sun.reflect.NativeConstructorAccessorImpl.newInstance(NativeConstructorAccessorImpl.java:62)
	at sun.reflect.DelegatingConstructorAccessorImpl.newInstance(DelegatingConstructorAccessorImpl.java:45)
	at java.lang.reflect.Constructor.newInstance(Constructor.java:423)
	at ptolemy.util.test.junit.AutoKnownFailedTests.RunModel(AutoKnownFailedTests.java:105)
	at sun.reflect.NativeMethodAccessorImpl.invoke0(Native Method)
	at sun.reflect.NativeMethodAccessorImpl.invoke(NativeMethodAccessorImpl.java:62)
	at sun.reflect.DelegatingMethodAccessorImpl.invoke(DelegatingMethodAccessorImpl.java:43)
	at java.lang.reflect.Method.invoke(Method.java:498)
	at org.junit.runners.model.FrameworkMethod$1.runReflectiveCall(FrameworkMethod.java:44)
	at org.junit.internal.runners.model.ReflectiveCallable.run(ReflectiveCallable.java:15)
	at org.junit.runners.model.FrameworkMethod.invokeExplosively(FrameworkMethod.java:41)
	at junitparams.internal.InvokeParameterisedMethod.evaluate(InvokeParameterisedMethod.java:102)
	at org.junit.internal.runners.statements.FailOnTimeout$1.run(FailOnTimeout.java:28)
Caused by: ptolemy.kernel.util.IllegalActionException: Unknown inputs remain. Possible causality loop:
L_model_1893289564i

  in .CannotAnalysisWithPreemption.model_1893289564_region_1 and .CannotAnalysisWithPreemption.model_1893289564_region_1.L_model_1893289564i
	at ptolemy.actor.sched.FixedPointDirector.postfire(FixedPointDirector.java:515)
	at ptolemy.domains.sr.kernel.SRDirector.postfire(SRDirector.java:417)
	at ptolemy.actor.CompositeActor.postfire(CompositeActor.java:1668)
	at ptolemy.actor.Manager.iterate(Manager.java:852)
	at ptolemy.actor.Manager.execute(Manager.java:369)
	at ptolemy.actor.Manager.run(Manager.java:1263)
	at ptolemy.actor.Manager$PtolemyRunThread.run(Manager.java:1915)
]]></system-err>
</testsuite>
