<?xml version="1.0" encoding="UTF-8" ?>
<testsuite errors="0" failures="0" hostname="travis-job-33590a36-23b3-46ce-843f-8c876d286a35" name="ptolemy.domains.continuous.test.junit.JUnitTclTest" skipped="0" tests="156" time="69.239" timestamp="2020-09-02T15:34:37">
  <properties>
[...]
</properties>
  <testcase classname="ptolemy.util.test.junit.TclTests" name="[0] ThereAreNoTclTests (RunTclFile)" time="0.008" />
  <testcase classname="ptolemy.util.test.junit.AutoKnownFailedTests" name="[0] ThereAreNoKnowFailedTests (RunModel)" time="0.001" />
  <testcase classname="ptolemy.util.test.junit.AutoNameArchTests" name="[0] ThereAreNoAutoArchTests (RunModel)" time="0.009" />
  <testcase classname="ptolemy.util.test.junit.AutoTests" name="[0] /home/travis/build/icyphy/ptII/ptolemy/domains/continuous/test/auto/BouncingBall.xml (RunModel)" time="3.078" />
  <testcase classname="ptolemy.util.test.junit.AutoTests" name="[1] /home/travis/build/icyphy/ptII/ptolemy/domains/continuous/test/auto/BouncingBallWithoutGR.xml (RunModel)" time="0.851" />
  <testcase classname="ptolemy.util.test.junit.AutoTests" name="[2] /home/travis/build/icyphy/ptII/ptolemy/domains/continuous/test/auto/Brownian.xml (RunModel)" time="0.077" />
  <testcase classname="ptolemy.util.test.junit.AutoTests" name="[3] /home/travis/build/icyphy/ptII/ptolemy/domains/continuous/test/auto/CarTracking.xml (RunModel)" time="3.626" />
  <testcase classname="ptolemy.util.test.junit.AutoTests" name="[4] /home/travis/build/icyphy/ptII/ptolemy/domains/continuous/test/auto/CartPendulum.xml (RunModel)" time="0.553" />
  <testcase classname="ptolemy.util.test.junit.AutoTests" name="[5] /home/travis/build/icyphy/ptII/ptolemy/domains/continuous/test/auto/CausalityInterface10.xml (RunModel)" time="0.036" />
  <testcase classname="ptolemy.util.test.junit.AutoTests" name="[6] /home/travis/build/icyphy/ptII/ptolemy/domains/continuous/test/auto/CausalityInterface11.xml (RunModel)" time="0.046" />
  <testcase classname="ptolemy.util.test.junit.AutoTests" name="[7] /home/travis/build/icyphy/ptII/ptolemy/domains/continuous/test/auto/CausalityInterface12.xml (RunModel)" time="0.047" />
  <testcase classname="ptolemy.util.test.junit.AutoTests" name="[8] /home/travis/build/icyphy/ptII/ptolemy/domains/continuous/test/auto/CausalityInterface13.xml (RunModel)" time="0.034" />
  <testcase classname="ptolemy.util.test.junit.AutoTests" name="[9] /home/travis/build/icyphy/ptII/ptolemy/domains/continuous/test/auto/CausalityInterface14.xml (RunModel)" time="0.03" />
  <testcase classname="ptolemy.util.test.junit.AutoTests" name="[10] /home/travis/build/icyphy/ptII/ptolemy/domains/continuous/test/auto/CausalityInterface4.xml (RunModel)" time="0.029" />
  <testcase classname="ptolemy.util.test.junit.AutoTests" name="[11] /home/travis/build/icyphy/ptII/ptolemy/domains/continuous/test/auto/CausalityInterface5.xml (RunModel)" time="0.033" />
  <testcase classname="ptolemy.util.test.junit.AutoTests" name="[12] /home/travis/build/icyphy/ptII/ptolemy/domains/continuous/test/auto/CausalityInterface6.xml (RunModel)" time="0.023" />
  <testcase classname="ptolemy.util.test.junit.AutoTests" name="[13] /home/travis/build/icyphy/ptII/ptolemy/domains/continuous/test/auto/CausalityInterface7.xml (RunModel)" time="0.047" />
  <testcase classname="ptolemy.util.test.junit.AutoTests" name="[14] /home/travis/build/icyphy/ptII/ptolemy/domains/continuous/test/auto/CausalityInterface8.xml (RunModel)" time="0.033" />
  <testcase classname="ptolemy.util.test.junit.AutoTests" name="[15] /home/travis/build/icyphy/ptII/ptolemy/domains/continuous/test/auto/CausalityInterface9.xml (RunModel)" time="0.047" />
  <testcase classname="ptolemy.util.test.junit.AutoTests" name="[16] /home/travis/build/icyphy/ptII/ptolemy/domains/continuous/test/auto/CausalityInterfaceFeedback1.xml (RunModel)" time="0.028" />
  <testcase classname="ptolemy.util.test.junit.AutoTests" name="[17] /home/travis/build/icyphy/ptII/ptolemy/domains/continuous/test/auto/CausalityInterfaceFeedback2.xml (RunModel)" time="0.022" />
  <testcase classname="ptolemy.util.test.junit.AutoTests" name="[18] /home/travis/build/icyphy/ptII/ptolemy/domains/continuous/test/auto/CompareWithCurrentTime.xml (RunModel)" time="0.013" />
  <testcase classname="ptolemy.util.test.junit.AutoTests" name="[19] /home/travis/build/icyphy/ptII/ptolemy/domains/continuous/test/auto/ComparedClocks.xml (RunModel)" time="0.074" />
  <testcase classname="ptolemy.util.test.junit.AutoTests" name="[20] /home/travis/build/icyphy/ptII/ptolemy/domains/continuous/test/auto/ContinuousAOCClone.xml (RunModel)" time="2.427" />
  <testcase classname="ptolemy.util.test.junit.AutoTests" name="[21] /home/travis/build/icyphy/ptII/ptolemy/domains/continuous/test/auto/ContinuousClock.xml (RunModel)" time="0.1" />
  <testcase classname="ptolemy.util.test.junit.AutoTests" name="[22] /home/travis/build/icyphy/ptII/ptolemy/domains/continuous/test/auto/ContinuousInContinuous.xml (RunModel)" time="0.093" />
  <testcase classname="ptolemy.util.test.junit.AutoTests" name="[23] /home/travis/build/icyphy/ptII/ptolemy/domains/continuous/test/auto/ContinuousInContinuousInContinuous.xml (RunModel)" time="0.035" />
  <testcase classname="ptolemy.util.test.junit.AutoTests" name="[24] /home/travis/build/icyphy/ptII/ptolemy/domains/continuous/test/auto/ContinuousInDE.xml (RunModel)" time="0.111" />
  <testcase classname="ptolemy.util.test.junit.AutoTests" name="[25] /home/travis/build/icyphy/ptII/ptolemy/domains/continuous/test/auto/ContinuousInDE2.xml (RunModel)" time="0.063" />
  <testcase classname="ptolemy.util.test.junit.AutoTests" name="[26] /home/travis/build/icyphy/ptII/ptolemy/domains/continuous/test/auto/ContinuousInDE3.xml (RunModel)" time="0.061" />
  <testcase classname="ptolemy.util.test.junit.AutoTests" name="[27] /home/travis/build/icyphy/ptII/ptolemy/domains/continuous/test/auto/ContinuousInDE4.xml (RunModel)" time="0.034" />
  <testcase classname="ptolemy.util.test.junit.AutoTests" name="[28] /home/travis/build/icyphy/ptII/ptolemy/domains/continuous/test/auto/ContinuousInDEDifferentRefinements.xml (RunModel)" time="0.098" />
  <testcase classname="ptolemy.util.test.junit.AutoTests" name="[29] /home/travis/build/icyphy/ptII/ptolemy/domains/continuous/test/auto/ContinuousInDEDifferentRefinementsPreemptive.xml (RunModel)" time="0.081" />
  <testcase classname="ptolemy.util.test.junit.AutoTests" name="[30] /home/travis/build/icyphy/ptII/ptolemy/domains/continuous/test/auto/ContinuousInDEInContinuous2.xml (RunModel)" time="0.059" />
  <testcase classname="ptolemy.util.test.junit.AutoTests" name="[31] /home/travis/build/icyphy/ptII/ptolemy/domains/continuous/test/auto/ContinuousInDEInContinuous3.xml (RunModel)" time="0.058" />
  <testcase classname="ptolemy.util.test.junit.AutoTests" name="[32] /home/travis/build/icyphy/ptII/ptolemy/domains/continuous/test/auto/ContinuousInDEInput.xml (RunModel)" time="0.03" />
  <testcase classname="ptolemy.util.test.junit.AutoTests" name="[33] /home/travis/build/icyphy/ptII/ptolemy/domains/continuous/test/auto/ContinuousInDEInput2.xml (RunModel)" time="0.032" />
  <testcase classname="ptolemy.util.test.junit.AutoTests" name="[34] /home/travis/build/icyphy/ptII/ptolemy/domains/continuous/test/auto/ContinuousInDEInput3.xml (RunModel)" time="0.032" />
  <testcase classname="ptolemy.util.test.junit.AutoTests" name="[35] /home/travis/build/icyphy/ptII/ptolemy/domains/continuous/test/auto/ContinuousInDESharingRefinement.xml (RunModel)" time="0.165" />
  <testcase classname="ptolemy.util.test.junit.AutoTests" name="[36] /home/travis/build/icyphy/ptII/ptolemy/domains/continuous/test/auto/ContinuousInDEwithNoPorts.xml (RunModel)" time="0.021" />
  <testcase classname="ptolemy.util.test.junit.AutoTests" name="[37] /home/travis/build/icyphy/ptII/ptolemy/domains/continuous/test/auto/ContinuousInsideDE.xml (RunModel)" time="0.077" />
  <testcase classname="ptolemy.util.test.junit.AutoTests" name="[38] /home/travis/build/icyphy/ptII/ptolemy/domains/continuous/test/auto/ContinuousMerge1.xml (RunModel)" time="0.014" />
  <testcase classname="ptolemy.util.test.junit.AutoTests" name="[39] /home/travis/build/icyphy/ptII/ptolemy/domains/continuous/test/auto/ContinuousMerge2.xml (RunModel)" time="0.041" />
  <testcase classname="ptolemy.util.test.junit.AutoTests" name="[40] /home/travis/build/icyphy/ptII/ptolemy/domains/continuous/test/auto/ContinuousMerge3.xml (RunModel)" time="0.057" />
  <testcase classname="ptolemy.util.test.junit.AutoTests" name="[41] /home/travis/build/icyphy/ptII/ptolemy/domains/continuous/test/auto/ContinuousWithinContinuous.xml (RunModel)" time="0.043" />
  <testcase classname="ptolemy.util.test.junit.AutoTests" name="[42] /home/travis/build/icyphy/ptII/ptolemy/domains/continuous/test/auto/ContinuousWithinContinuous2.xml (RunModel)" time="0.084" />
  <testcase classname="ptolemy.util.test.junit.AutoTests" name="[43] /home/travis/build/icyphy/ptII/ptolemy/domains/continuous/test/auto/ContinuousWithinContinuous3.xml (RunModel)" time="0.03" />
  <testcase classname="ptolemy.util.test.junit.AutoTests" name="[44] /home/travis/build/icyphy/ptII/ptolemy/domains/continuous/test/auto/ContinuousWithinContinuous4.xml (RunModel)" time="0.064" />
  <testcase classname="ptolemy.util.test.junit.AutoTests" name="[45] /home/travis/build/icyphy/ptII/ptolemy/domains/continuous/test/auto/ContinuousWithinContinuous5.xml (RunModel)" time="0.028" />
  <testcase classname="ptolemy.util.test.junit.AutoTests" name="[46] /home/travis/build/icyphy/ptII/ptolemy/domains/continuous/test/auto/ContinuousWithinContinuous6.xml (RunModel)" time="0.032" />
  <testcase classname="ptolemy.util.test.junit.AutoTests" name="[47] /home/travis/build/icyphy/ptII/ptolemy/domains/continuous/test/auto/ContinuousWithinContinuous7.xml (RunModel)" time="0.055" />
  <testcase classname="ptolemy.util.test.junit.AutoTests" name="[48] /home/travis/build/icyphy/ptII/ptolemy/domains/continuous/test/auto/DCMotor.xml (RunModel)" time="13.236" />
  <testcase classname="ptolemy.util.test.junit.AutoTests" name="[49] /home/travis/build/icyphy/ptII/ptolemy/domains/continuous/test/auto/DEInContinuous.xml (RunModel)" time="0.036" />
  <testcase classname="ptolemy.util.test.junit.AutoTests" name="[50] /home/travis/build/icyphy/ptII/ptolemy/domains/continuous/test/auto/DEinContinuous2.xml (RunModel)" time="0.036" />
  <testcase classname="ptolemy.util.test.junit.AutoTests" name="[51] /home/travis/build/icyphy/ptII/ptolemy/domains/continuous/test/auto/Derivative.xml (RunModel)" time="0.154" />
  <testcase classname="ptolemy.util.test.junit.AutoTests" name="[52] /home/travis/build/icyphy/ptII/ptolemy/domains/continuous/test/auto/Derivative1.xml (RunModel)" time="0.052" />
  <testcase classname="ptolemy.util.test.junit.AutoTests" name="[53] /home/travis/build/icyphy/ptII/ptolemy/domains/continuous/test/auto/DiscreteClock.xml (RunModel)" time="0.019" />
  <testcase classname="ptolemy.util.test.junit.AutoTests" name="[54] /home/travis/build/icyphy/ptII/ptolemy/domains/continuous/test/auto/EfficiencyCurve.xml (RunModel)" time="0.097" />
  <testcase classname="ptolemy.util.test.junit.AutoTests" name="[55] /home/travis/build/icyphy/ptII/ptolemy/domains/continuous/test/auto/ExponentialResponse.xml (RunModel)" time="0.104" />
  <testcase classname="ptolemy.util.test.junit.AutoTests" name="[56] /home/travis/build/icyphy/ptII/ptolemy/domains/continuous/test/auto/ExponentialResponseRK45.xml (RunModel)" time="0.032" />
  <testcase classname="ptolemy.util.test.junit.AutoTests" name="[57] /home/travis/build/icyphy/ptII/ptolemy/domains/continuous/test/auto/Friction.xml (RunModel)" time="1.598" />
  <testcase classname="ptolemy.util.test.junit.AutoTests" name="[58] /home/travis/build/icyphy/ptII/ptolemy/domains/continuous/test/auto/FurutaPendulum.xml (RunModel)" time="2.985" />
  <testcase classname="ptolemy.util.test.junit.AutoTests" name="[59] /home/travis/build/icyphy/ptII/ptolemy/domains/continuous/test/auto/HierarchicalExecution.xml (RunModel)" time="1.961" />
  <testcase classname="ptolemy.util.test.junit.AutoTests" name="[60] /home/travis/build/icyphy/ptII/ptolemy/domains/continuous/test/auto/HybridPlant.xml (RunModel)" time="0.573" />
  <testcase classname="ptolemy.util.test.junit.AutoTests" name="[61] /home/travis/build/icyphy/ptII/ptolemy/domains/continuous/test/auto/Hysteresis.xml (RunModel)" time="0.187" />
  <testcase classname="ptolemy.util.test.junit.AutoTests" name="[62] /home/travis/build/icyphy/ptII/ptolemy/domains/continuous/test/auto/HysteresisWithRandomDelay.xml (RunModel)" time="0.219" />
  <testcase classname="ptolemy.util.test.junit.AutoTests" name="[63] /home/travis/build/icyphy/ptII/ptolemy/domains/continuous/test/auto/HysteresisWithRandomLosses.xml (RunModel)" time="2.31" />
  <testcase classname="ptolemy.util.test.junit.AutoTests" name="[64] /home/travis/build/icyphy/ptII/ptolemy/domains/continuous/test/auto/ImmediateTransitions.xml (RunModel)" time="0.033" />
  <testcase classname="ptolemy.util.test.junit.AutoTests" name="[65] /home/travis/build/icyphy/ptII/ptolemy/domains/continuous/test/auto/ImpulseFeedback.xml (RunModel)" time="0.021" />
  <testcase classname="ptolemy.util.test.junit.AutoTests" name="[66] /home/travis/build/icyphy/ptII/ptolemy/domains/continuous/test/auto/ImpulseFeedback2.xml (RunModel)" time="0.017" />
  <testcase classname="ptolemy.util.test.junit.AutoTests" name="[67] /home/travis/build/icyphy/ptII/ptolemy/domains/continuous/test/auto/IncreasingRatePoisson.xml (RunModel)" time="0.727" />
  <testcase classname="ptolemy.util.test.junit.AutoTests" name="[68] /home/travis/build/icyphy/ptII/ptolemy/domains/continuous/test/auto/InitialStateFeedback.xml (RunModel)" time="0.021" />
  <testcase classname="ptolemy.util.test.junit.AutoTests" name="[69] /home/travis/build/icyphy/ptII/ptolemy/domains/continuous/test/auto/Integration.xml (RunModel)" time="0.015" />
  <testcase classname="ptolemy.util.test.junit.AutoTests" name="[70] /home/travis/build/icyphy/ptII/ptolemy/domains/continuous/test/auto/Integration2.xml (RunModel)" time="0.079" />
  <testcase classname="ptolemy.util.test.junit.AutoTests" name="[71] /home/travis/build/icyphy/ptII/ptolemy/domains/continuous/test/auto/Integration3.xml (RunModel)" time="0.017" />
  <testcase classname="ptolemy.util.test.junit.AutoTests" name="[72] /home/travis/build/icyphy/ptII/ptolemy/domains/continuous/test/auto/Integration5.xml (RunModel)" time="0.011" />
  <testcase classname="ptolemy.util.test.junit.AutoTests" name="[73] /home/travis/build/icyphy/ptII/ptolemy/domains/continuous/test/auto/IntegratorImpulse.xml (RunModel)" time="0.012" />
  <testcase classname="ptolemy.util.test.junit.AutoTests" name="[74] /home/travis/build/icyphy/ptII/ptolemy/domains/continuous/test/auto/IntegratorImpulse2.xml (RunModel)" time="0.012" />
  <testcase classname="ptolemy.util.test.junit.AutoTests" name="[75] /home/travis/build/icyphy/ptII/ptolemy/domains/continuous/test/auto/LevelCrossing1.xml (RunModel)" time="0.017" />
  <testcase classname="ptolemy.util.test.junit.AutoTests" name="[76] /home/travis/build/icyphy/ptII/ptolemy/domains/continuous/test/auto/LevelCrossing2.xml (RunModel)" time="0.013" />
  <testcase classname="ptolemy.util.test.junit.AutoTests" name="[77] /home/travis/build/icyphy/ptII/ptolemy/domains/continuous/test/auto/LevelCrossing3.xml (RunModel)" time="0.012" />
  <testcase classname="ptolemy.util.test.junit.AutoTests" name="[78] /home/travis/build/icyphy/ptII/ptolemy/domains/continuous/test/auto/LevelCrossing4.xml (RunModel)" time="0.013" />
  <testcase classname="ptolemy.util.test.junit.AutoTests" name="[79] /home/travis/build/icyphy/ptII/ptolemy/domains/continuous/test/auto/LevelCrossing5.xml (RunModel)" time="0.017" />
  <testcase classname="ptolemy.util.test.junit.AutoTests" name="[80] /home/travis/build/icyphy/ptII/ptolemy/domains/continuous/test/auto/LevelCrossing6.xml (RunModel)" time="0.016" />
  <testcase classname="ptolemy.util.test.junit.AutoTests" name="[81] /home/travis/build/icyphy/ptII/ptolemy/domains/continuous/test/auto/LevelCrossingDetector.xml (RunModel)" time="0.038" />
  <testcase classname="ptolemy.util.test.junit.AutoTests" name="[82] /home/travis/build/icyphy/ptII/ptolemy/domains/continuous/test/auto/LevelCrossingDetectorDetectingDirections.xml (RunModel)" time="0.082" />
  <testcase classname="ptolemy.util.test.junit.AutoTests" name="[83] /home/travis/build/icyphy/ptII/ptolemy/domains/continuous/test/auto/LevelCrossingDetectorDetectsGlitches.xml (RunModel)" time="0.069" />
  <testcase classname="ptolemy.util.test.junit.AutoTests" name="[84] /home/travis/build/icyphy/ptII/ptolemy/domains/continuous/test/auto/LevelCrossingNoInitialOuput.xml (RunModel)" time="0.012" />
  <testcase classname="ptolemy.util.test.junit.AutoTests" name="[85] /home/travis/build/icyphy/ptII/ptolemy/domains/continuous/test/auto/LinearStateSpaceExample.xml (RunModel)" time="0.076" />
  <testcase classname="ptolemy.util.test.junit.AutoTests" name="[86] /home/travis/build/icyphy/ptII/ptolemy/domains/continuous/test/auto/Lorenz.xml (RunModel)" time="3.371" />
  <testcase classname="ptolemy.util.test.junit.AutoTests" name="[87] /home/travis/build/icyphy/ptII/ptolemy/domains/continuous/test/auto/LorenzDifferentialSystem.xml (RunModel)" time="0.97" />
  <testcase classname="ptolemy.util.test.junit.AutoTests" name="[88] /home/travis/build/icyphy/ptII/ptolemy/domains/continuous/test/auto/LorenzDifferentialSystemWithInput.xml (RunModel)" time="1.166" />
  <testcase classname="ptolemy.util.test.junit.AutoTests" name="[89] /home/travis/build/icyphy/ptII/ptolemy/domains/continuous/test/auto/LorenzDifferentialSystemWithTime.xml (RunModel)" time="0.707" />
  <testcase classname="ptolemy.util.test.junit.AutoTests" name="[90] /home/travis/build/icyphy/ptII/ptolemy/domains/continuous/test/auto/Microsteps.xml (RunModel)" time="0.017" />
  <testcase classname="ptolemy.util.test.junit.AutoTests" name="[91] /home/travis/build/icyphy/ptII/ptolemy/domains/continuous/test/auto/Modal1.xml (RunModel)" time="0.032" />
  <testcase classname="ptolemy.util.test.junit.AutoTests" name="[92] /home/travis/build/icyphy/ptII/ptolemy/domains/continuous/test/auto/Modal2.xml (RunModel)" time="0.049" />
  <testcase classname="ptolemy.util.test.junit.AutoTests" name="[93] /home/travis/build/icyphy/ptII/ptolemy/domains/continuous/test/auto/ModalTransitionGuardWithReset.xml (RunModel)" time="0.024" />
  <testcase classname="ptolemy.util.test.junit.AutoTests" name="[94] /home/travis/build/icyphy/ptII/ptolemy/domains/continuous/test/auto/ModalTransitionGuardWithResetUsingPreemptiveTransition.xml (RunModel)" time="0.026" />
  <testcase classname="ptolemy.util.test.junit.AutoTests" name="[95] /home/travis/build/icyphy/ptII/ptolemy/domains/continuous/test/auto/ModalTransitionGuardWithResetUsingPreemptiveTransition2.xml (RunModel)" time="0.025" />
  <testcase classname="ptolemy.util.test.junit.AutoTests" name="[96] /home/travis/build/icyphy/ptII/ptolemy/domains/continuous/test/auto/ModalTransitionGuardWithResetUsingPreemptiveTransition3.xml (RunModel)" time="0.035" />
  <testcase classname="ptolemy.util.test.junit.AutoTests" name="[97] /home/travis/build/icyphy/ptII/ptolemy/domains/continuous/test/auto/NewtonsCradle.xml (RunModel)" time="0.753" />
  <testcase classname="ptolemy.util.test.junit.AutoTests" name="[98] /home/travis/build/icyphy/ptII/ptolemy/domains/continuous/test/auto/NewtonsCradleAnimated.xml (RunModel)" time="1.315" />
  <testcase classname="ptolemy.util.test.junit.AutoTests" name="[99] /home/travis/build/icyphy/ptII/ptolemy/domains/continuous/test/auto/NewtonsCradleComplicated.xml (RunModel)" time="0.902" />
  <testcase classname="ptolemy.util.test.junit.AutoTests" name="[100] /home/travis/build/icyphy/ptII/ptolemy/domains/continuous/test/auto/NewtonsCradleNondeterministic.xml (RunModel)" time="0.665" />
  <testcase classname="ptolemy.util.test.junit.AutoTests" name="[101] /home/travis/build/icyphy/ptII/ptolemy/domains/continuous/test/auto/NewtonsCradlePerfectlyInelastic1.xml (RunModel)" time="1.087" />
  <testcase classname="ptolemy.util.test.junit.AutoTests" name="[102] /home/travis/build/icyphy/ptII/ptolemy/domains/continuous/test/auto/Noise.xml (RunModel)" time="0.197" />
  <testcase classname="ptolemy.util.test.junit.AutoTests" name="[103] /home/travis/build/icyphy/ptII/ptolemy/domains/continuous/test/auto/NoiseSpectrum.xml (RunModel)" time="0.672" />
  <testcase classname="ptolemy.util.test.junit.AutoTests" name="[104] /home/travis/build/icyphy/ptII/ptolemy/domains/continuous/test/auto/ParameterizedNewtonsCradleAnimated.xml (RunModel)" time="0.373" />
  <testcase classname="ptolemy.util.test.junit.AutoTests" name="[105] /home/travis/build/icyphy/ptII/ptolemy/domains/continuous/test/auto/ParameterizedNewtonsCradleAnimatedNondeterministic.xml (RunModel)" time="1.074" />
  <testcase classname="ptolemy.util.test.junit.AutoTests" name="[106] /home/travis/build/icyphy/ptII/ptolemy/domains/continuous/test/auto/Pendulum3D.xml (RunModel)" time="0.161" />
  <testcase classname="ptolemy.util.test.junit.AutoTests" name="[107] /home/travis/build/icyphy/ptII/ptolemy/domains/continuous/test/auto/PeriodicSampler.xml (RunModel)" time="0.009" />
  <testcase classname="ptolemy.util.test.junit.AutoTests" name="[108] /home/travis/build/icyphy/ptII/ptolemy/domains/continuous/test/auto/PeriodicSampler1.xml (RunModel)" time="0.034" />
  <testcase classname="ptolemy.util.test.junit.AutoTests" name="[109] /home/travis/build/icyphy/ptII/ptolemy/domains/continuous/test/auto/PeriodicSampler2.xml (RunModel)" time="0.072" />
  <testcase classname="ptolemy.util.test.junit.AutoTests" name="[110] /home/travis/build/icyphy/ptII/ptolemy/domains/continuous/test/auto/Poisson.xml (RunModel)" time="0.452" />
  <testcase classname="ptolemy.util.test.junit.AutoTests" name="[111] /home/travis/build/icyphy/ptII/ptolemy/domains/continuous/test/auto/PoissonClock.xml (RunModel)" time="0.013" />
  <testcase classname="ptolemy.util.test.junit.AutoTests" name="[112] /home/travis/build/icyphy/ptII/ptolemy/domains/continuous/test/auto/PoissonClock2.xml (RunModel)" time="0.011" />
  <testcase classname="ptolemy.util.test.junit.AutoTests" name="[113] /home/travis/build/icyphy/ptII/ptolemy/domains/continuous/test/auto/PortParameterHierarchy.xml (RunModel)" time="0.022" />
  <testcase classname="ptolemy.util.test.junit.AutoTests" name="[114] /home/travis/build/icyphy/ptII/ptolemy/domains/continuous/test/auto/RandomHybridPlant.xml (RunModel)" time="0.535" />
  <testcase classname="ptolemy.util.test.junit.AutoTests" name="[115] /home/travis/build/icyphy/ptII/ptolemy/domains/continuous/test/auto/ResetTransitionWithStartTime1.xml (RunModel)" time="0.049" />
  <testcase classname="ptolemy.util.test.junit.AutoTests" name="[116] /home/travis/build/icyphy/ptII/ptolemy/domains/continuous/test/auto/ResetTransitionWithStartTime2.xml (RunModel)" time="0.038" />
  <testcase classname="ptolemy.util.test.junit.AutoTests" name="[117] /home/travis/build/icyphy/ptII/ptolemy/domains/continuous/test/auto/ResetTransitionWithStartTime3.xml (RunModel)" time="0.038" />
  <testcase classname="ptolemy.util.test.junit.AutoTests" name="[118] /home/travis/build/icyphy/ptII/ptolemy/domains/continuous/test/auto/ResetTransitionWithStartTime4.xml (RunModel)" time="0.026" />
  <testcase classname="ptolemy.util.test.junit.AutoTests" name="[119] /home/travis/build/icyphy/ptII/ptolemy/domains/continuous/test/auto/ResetTransitionWithStartTime5.xml (RunModel)" time="0.037" />
  <testcase classname="ptolemy.util.test.junit.AutoTests" name="[120] /home/travis/build/icyphy/ptII/ptolemy/domains/continuous/test/auto/ResetTransitionWithStartTime6.xml (RunModel)" time="0.026" />
  <testcase classname="ptolemy.util.test.junit.AutoTests" name="[121] /home/travis/build/icyphy/ptII/ptolemy/domains/continuous/test/auto/SRinContinuous.xml (RunModel)" time="0.019" />
  <testcase classname="ptolemy.util.test.junit.AutoTests" name="[122] /home/travis/build/icyphy/ptII/ptolemy/domains/continuous/test/auto/SampledClocks.xml (RunModel)" time="0.032" />
  <testcase classname="ptolemy.util.test.junit.AutoTests" name="[123] /home/travis/build/icyphy/ptII/ptolemy/domains/continuous/test/auto/Satellite.xml (RunModel)" time="0.758" />
  <testcase classname="ptolemy.util.test.junit.AutoTests" name="[124] /home/travis/build/icyphy/ptII/ptolemy/domains/continuous/test/auto/SigmaDelta.xml (RunModel)" time="1.965" />
  <testcase classname="ptolemy.util.test.junit.AutoTests" name="[125] /home/travis/build/icyphy/ptII/ptolemy/domains/continuous/test/auto/SingleRefinement.xml (RunModel)" time="0.438" />
  <testcase classname="ptolemy.util.test.junit.AutoTests" name="[126] /home/travis/build/icyphy/ptII/ptolemy/domains/continuous/test/auto/SinuBouncingBall.xml (RunModel)" time="0.814" />
  <testcase classname="ptolemy.util.test.junit.AutoTests" name="[127] /home/travis/build/icyphy/ptII/ptolemy/domains/continuous/test/auto/Sinusoid.xml (RunModel)" time="0.011" />
  <testcase classname="ptolemy.util.test.junit.AutoTests" name="[128] /home/travis/build/icyphy/ptII/ptolemy/domains/continuous/test/auto/SinusoidInNoise.xml (RunModel)" time="0.774" />
  <testcase classname="ptolemy.util.test.junit.AutoTests" name="[129] /home/travis/build/icyphy/ptII/ptolemy/domains/continuous/test/auto/SinusoidRK45.xml (RunModel)" time="0.02" />
  <testcase classname="ptolemy.util.test.junit.AutoTests" name="[130] /home/travis/build/icyphy/ptII/ptolemy/domains/continuous/test/auto/SinusoidWithMultipleImpulses.xml (RunModel)" time="0.012" />
  <testcase classname="ptolemy.util.test.junit.AutoTests" name="[131] /home/travis/build/icyphy/ptII/ptolemy/domains/continuous/test/auto/SquareWave.xml (RunModel)" time="0.178" />
  <testcase classname="ptolemy.util.test.junit.AutoTests" name="[132] /home/travis/build/icyphy/ptII/ptolemy/domains/continuous/test/auto/Starmac.xml (RunModel)" time="3.348" />
  <testcase classname="ptolemy.util.test.junit.AutoTests" name="[133] /home/travis/build/icyphy/ptII/ptolemy/domains/continuous/test/auto/StaticUnits.xml (RunModel)" time="2.064" />
  <testcase classname="ptolemy.util.test.junit.AutoTests" name="[134] /home/travis/build/icyphy/ptII/ptolemy/domains/continuous/test/auto/StickyMasses.xml (RunModel)" time="0.184" />
  <testcase classname="ptolemy.util.test.junit.AutoTests" name="[135] /home/travis/build/icyphy/ptII/ptolemy/domains/continuous/test/auto/StopTime.xml (RunModel)" time="0.059" />
  <testcase classname="ptolemy.util.test.junit.AutoTests" name="[136] /home/travis/build/icyphy/ptII/ptolemy/domains/continuous/test/auto/StopTime2.xml (RunModel)" time="0.056" />
  <testcase classname="ptolemy.util.test.junit.AutoTests" name="[137] /home/travis/build/icyphy/ptII/ptolemy/domains/continuous/test/auto/Switch.xml (RunModel)" time="0.062" />
  <testcase classname="ptolemy.util.test.junit.AutoTests" name="[138] /home/travis/build/icyphy/ptII/ptolemy/domains/continuous/test/auto/Thermostat.xml (RunModel)" time="0.215" />
  <testcase classname="ptolemy.util.test.junit.AutoTests" name="[139] /home/travis/build/icyphy/ptII/ptolemy/domains/continuous/test/auto/TimeDelay.xml (RunModel)" time="0.013" />
  <testcase classname="ptolemy.util.test.junit.AutoTests" name="[140] /home/travis/build/icyphy/ptII/ptolemy/domains/continuous/test/auto/TimeDelay2.xml (RunModel)" time="0.022" />
  <testcase classname="ptolemy.util.test.junit.AutoTests" name="[141] /home/travis/build/icyphy/ptII/ptolemy/domains/continuous/test/auto/TimeDelay3.xml (RunModel)" time="0.01" />
  <testcase classname="ptolemy.util.test.junit.AutoTests" name="[142] /home/travis/build/icyphy/ptII/ptolemy/domains/continuous/test/auto/TransferAbsentToInside.xml (RunModel)" time="0.104" />
  <testcase classname="ptolemy.util.test.junit.AutoTests" name="[143] /home/travis/build/icyphy/ptII/ptolemy/domains/continuous/test/auto/Transmission.xml (RunModel)" time="0.732" />
  <testcase classname="ptolemy.util.test.junit.AutoTests" name="[144] /home/travis/build/icyphy/ptII/ptolemy/domains/continuous/test/auto/TriggeredContinuousClock.xml (RunModel)" time="0.06" />
  <testcase classname="ptolemy.util.test.junit.AutoTests" name="[145] /home/travis/build/icyphy/ptII/ptolemy/domains/continuous/test/auto/TwoMachineInfiniteBusControl.xml (RunModel)" time="2.711" />
  <testcase classname="ptolemy.util.test.junit.AutoTests" name="[146] /home/travis/build/icyphy/ptII/ptolemy/domains/continuous/test/auto/V2V.xml (RunModel)" time="0.787" />
  <testcase classname="ptolemy.util.test.junit.AutoTests" name="[147] /home/travis/build/icyphy/ptII/ptolemy/domains/continuous/test/auto/hierarchicalModalModel.xml (RunModel)" time="0.032" />
  <testcase classname="ptolemy.util.test.junit.AutoTests" name="[148] /home/travis/build/icyphy/ptII/ptolemy/domains/continuous/test/auto/hierarchicalModalModel1.xml (RunModel)" time="0.028" />
  <testcase classname="ptolemy.util.test.junit.AutoTests" name="[149] /home/travis/build/icyphy/ptII/ptolemy/domains/continuous/test/auto/hierarchicalModalModel2.xml (RunModel)" time="0.024" />
  <testcase classname="ptolemy.util.test.junit.AutoTests" name="[150] /home/travis/build/icyphy/ptII/ptolemy/domains/continuous/test/auto/hierarchicalModalModel3.xml (RunModel)" time="0.024" />
  <testcase classname="ptolemy.util.test.junit.AutoTests" name="[151] /home/travis/build/icyphy/ptII/ptolemy/domains/continuous/test/auto/hierarchicalModalModel4.xml (RunModel)" time="0.023" />
  <testcase classname="ptolemy.util.test.junit.AutoTests" name="[152] /home/travis/build/icyphy/ptII/ptolemy/domains/continuous/test/auto/junk.xml (RunModel)" time="0.127" />
  <system-out><![CDATA[No tcl tests in /home/travis/build/icyphy/ptII/ptolemy/domains/continuous/test
No auto/knownFailedTests/*.xml tests in /home/travis/build/icyphy/ptII/ptolemy/domains/continuous/test
No auto/linux-amd64/*.xml tests in /home/travis/build/icyphy/ptII/ptolemy/domains/continuous/test
AutoTests.java: About to close Vertx.
AutoTests.java: Vertx closed.

===========================================================================================
----------------- testing Wed Sep 02 15:34:37 UTC 2020 /home/travis/build/icyphy/ptII/ptolemy/domains/continuous/test/auto/BouncingBall.xml
----------------- Instantiating /home/travis/build/icyphy/ptII/ptolemy/domains/continuous/test/auto/BouncingBall.xml
2352 ms. Memory: 169984K Free: 95400K (56%)
----------------- Invoking toplevel() on ptolemy.moml.MoMLSimpleApplication@5a20bfcf
----------------- Done invoking toplevel() on ptolemy.moml.MoMLSimpleApplication@5a20bfcf
reloadAllAccessors: .BouncingBall

===========================================================================================
----------------- testing Wed Sep 02 15:34:40 UTC 2020 /home/travis/build/icyphy/ptII/ptolemy/domains/continuous/test/auto/BouncingBallWithoutGR.xml
----------------- Instantiating /home/travis/build/icyphy/ptII/ptolemy/domains/continuous/test/auto/BouncingBallWithoutGR.xml
689 ms. Memory: 169984K Free: 114725K (67%)
----------------- Invoking toplevel() on ptolemy.moml.MoMLSimpleApplication@4705300a
----------------- Done invoking toplevel() on ptolemy.moml.MoMLSimpleApplication@4705300a
reloadAllAccessors: .BouncingBallWithoutGR

===========================================================================================
----------------- testing Wed Sep 02 15:34:41 UTC 2020 /home/travis/build/icyphy/ptII/ptolemy/domains/continuous/test/auto/Brownian.xml
----------------- Instantiating /home/travis/build/icyphy/ptII/ptolemy/domains/continuous/test/auto/Brownian.xml
16 ms. Memory: 169984K Free: 105509K (62%)
----------------- Invoking toplevel() on ptolemy.moml.MoMLSimpleApplication@3c2cf2be
----------------- Done invoking toplevel() on ptolemy.moml.MoMLSimpleApplication@3c2cf2be
reloadAllAccessors: .Brownian

===========================================================================================
----------------- testing Wed Sep 02 15:34:41 UTC 2020 /home/travis/build/icyphy/ptII/ptolemy/domains/continuous/test/auto/CarTracking.xml
----------------- Instantiating /home/travis/build/icyphy/ptII/ptolemy/domains/continuous/test/auto/CarTracking.xml
3236 ms. Memory: 254976K Free: 237720K (93%)
----------------- Invoking toplevel() on ptolemy.moml.MoMLSimpleApplication@299f3a39
----------------- Done invoking toplevel() on ptolemy.moml.MoMLSimpleApplication@299f3a39
reloadAllAccessors: .CarTracking

===========================================================================================
----------------- testing Wed Sep 02 15:34:45 UTC 2020 /home/travis/build/icyphy/ptII/ptolemy/domains/continuous/test/auto/CartPendulum.xml
----------------- Instantiating /home/travis/build/icyphy/ptII/ptolemy/domains/continuous/test/auto/CartPendulum.xml
392 ms. Memory: 254976K Free: 146080K (57%)
----------------- Invoking toplevel() on ptolemy.moml.MoMLSimpleApplication@1b4e1506
----------------- Done invoking toplevel() on ptolemy.moml.MoMLSimpleApplication@1b4e1506
reloadAllAccessors: .CartPendulum

===========================================================================================
----------------- testing Wed Sep 02 15:34:45 UTC 2020 /home/travis/build/icyphy/ptII/ptolemy/domains/continuous/test/auto/CausalityInterface10.xml
----------------- Instantiating /home/travis/build/icyphy/ptII/ptolemy/domains/continuous/test/auto/CausalityInterface10.xml
6 ms. Memory: 254976K Free: 135840K (53%)
----------------- Invoking toplevel() on ptolemy.moml.MoMLSimpleApplication@2fd1461
----------------- Done invoking toplevel() on ptolemy.moml.MoMLSimpleApplication@2fd1461
reloadAllAccessors: .CausalityInterface10

===========================================================================================
----------------- testing Wed Sep 02 15:34:46 UTC 2020 /home/travis/build/icyphy/ptII/ptolemy/domains/continuous/test/auto/CausalityInterface11.xml
----------------- Instantiating /home/travis/build/icyphy/ptII/ptolemy/domains/continuous/test/auto/CausalityInterface11.xml
4 ms. Memory: 254976K Free: 129696K (51%)
----------------- Invoking toplevel() on ptolemy.moml.MoMLSimpleApplication@5b314a03
----------------- Done invoking toplevel() on ptolemy.moml.MoMLSimpleApplication@5b314a03
reloadAllAccessors: .CausalityInterface11

===========================================================================================
----------------- testing Wed Sep 02 15:34:46 UTC 2020 /home/travis/build/icyphy/ptII/ptolemy/domains/continuous/test/auto/CausalityInterface12.xml
----------------- Instantiating /home/travis/build/icyphy/ptII/ptolemy/domains/continuous/test/auto/CausalityInterface12.xml
5 ms. Memory: 254976K Free: 123552K (48%)
----------------- Invoking toplevel() on ptolemy.moml.MoMLSimpleApplication@1c8302c5
----------------- Done invoking toplevel() on ptolemy.moml.MoMLSimpleApplication@1c8302c5
reloadAllAccessors: .CausalityInterface12

===========================================================================================
----------------- testing Wed Sep 02 15:34:46 UTC 2020 /home/travis/build/icyphy/ptII/ptolemy/domains/continuous/test/auto/CausalityInterface13.xml
----------------- Instantiating /home/travis/build/icyphy/ptII/ptolemy/domains/continuous/test/auto/CausalityInterface13.xml
4 ms. Memory: 254976K Free: 117408K (46%)
----------------- Invoking toplevel() on ptolemy.moml.MoMLSimpleApplication@4ae329fd
----------------- Done invoking toplevel() on ptolemy.moml.MoMLSimpleApplication@4ae329fd
reloadAllAccessors: .CausalityInterface13

===========================================================================================
----------------- testing Wed Sep 02 15:34:46 UTC 2020 /home/travis/build/icyphy/ptII/ptolemy/domains/continuous/test/auto/CausalityInterface14.xml
----------------- Instantiating /home/travis/build/icyphy/ptII/ptolemy/domains/continuous/test/auto/CausalityInterface14.xml
5 ms. Memory: 254976K Free: 111760K (44%)
----------------- Invoking toplevel() on ptolemy.moml.MoMLSimpleApplication@340bf405
----------------- Done invoking toplevel() on ptolemy.moml.MoMLSimpleApplication@340bf405
reloadAllAccessors: .CausalityInterface14

===========================================================================================
----------------- testing Wed Sep 02 15:34:46 UTC 2020 /home/travis/build/icyphy/ptII/ptolemy/domains/continuous/test/auto/CausalityInterface4.xml
----------------- Instantiating /home/travis/build/icyphy/ptII/ptolemy/domains/continuous/test/auto/CausalityInterface4.xml
4 ms. Memory: 254976K Free: 104592K (41%)
----------------- Invoking toplevel() on ptolemy.moml.MoMLSimpleApplication@fc6903e
----------------- Done invoking toplevel() on ptolemy.moml.MoMLSimpleApplication@fc6903e
reloadAllAccessors: .CausalityInterface4

===========================================================================================
----------------- testing Wed Sep 02 15:34:46 UTC 2020 /home/travis/build/icyphy/ptII/ptolemy/domains/continuous/test/auto/CausalityInterface5.xml
----------------- Instantiating /home/travis/build/icyphy/ptII/ptolemy/domains/continuous/test/auto/CausalityInterface5.xml
7 ms. Memory: 254976K Free: 96928K (38%)
----------------- Invoking toplevel() on ptolemy.moml.MoMLSimpleApplication@5604a45c
----------------- Done invoking toplevel() on ptolemy.moml.MoMLSimpleApplication@5604a45c
reloadAllAccessors: .CausalityInterface5

===========================================================================================
----------------- testing Wed Sep 02 15:34:46 UTC 2020 /home/travis/build/icyphy/ptII/ptolemy/domains/continuous/test/auto/CausalityInterface6.xml
----------------- Instantiating /home/travis/build/icyphy/ptII/ptolemy/domains/continuous/test/auto/CausalityInterface6.xml
6 ms. Memory: 254976K Free: 91280K (36%)
----------------- Invoking toplevel() on ptolemy.moml.MoMLSimpleApplication@3bcf09fb
----------------- Done invoking toplevel() on ptolemy.moml.MoMLSimpleApplication@3bcf09fb
reloadAllAccessors: .CausalityInterface6

===========================================================================================
----------------- testing Wed Sep 02 15:34:46 UTC 2020 /home/travis/build/icyphy/ptII/ptolemy/domains/continuous/test/auto/CausalityInterface7.xml
----------------- Instantiating /home/travis/build/icyphy/ptII/ptolemy/domains/continuous/test/auto/CausalityInterface7.xml
12 ms. Memory: 254976K Free: 232748K (91%)
----------------- Invoking toplevel() on ptolemy.moml.MoMLSimpleApplication@19b5980
----------------- Done invoking toplevel() on ptolemy.moml.MoMLSimpleApplication@19b5980
reloadAllAccessors: .CausalityInterface7

===========================================================================================
----------------- testing Wed Sep 02 15:34:46 UTC 2020 /home/travis/build/icyphy/ptII/ptolemy/domains/continuous/test/auto/CausalityInterface8.xml
----------------- Instantiating /home/travis/build/icyphy/ptII/ptolemy/domains/continuous/test/auto/CausalityInterface8.xml
7 ms. Memory: 254976K Free: 223532K (88%)
----------------- Invoking toplevel() on ptolemy.moml.MoMLSimpleApplication@512c949f
----------------- Done invoking toplevel() on ptolemy.moml.MoMLSimpleApplication@512c949f
reloadAllAccessors: .CausalityInterface8

===========================================================================================
----------------- testing Wed Sep 02 15:34:46 UTC 2020 /home/travis/build/icyphy/ptII/ptolemy/domains/continuous/test/auto/CausalityInterface9.xml
----------------- Instantiating /home/travis/build/icyphy/ptII/ptolemy/domains/continuous/test/auto/CausalityInterface9.xml
9 ms. Memory: 254976K Free: 212778K (83%)
----------------- Invoking toplevel() on ptolemy.moml.MoMLSimpleApplication@42d33fab
----------------- Done invoking toplevel() on ptolemy.moml.MoMLSimpleApplication@42d33fab
reloadAllAccessors: .CausalityInterface9

===========================================================================================
----------------- testing Wed Sep 02 15:34:46 UTC 2020 /home/travis/build/icyphy/ptII/ptolemy/domains/continuous/test/auto/CausalityInterfaceFeedback1.xml
----------------- Instantiating /home/travis/build/icyphy/ptII/ptolemy/domains/continuous/test/auto/CausalityInterfaceFeedback1.xml
5 ms. Memory: 254976K Free: 206124K (81%)
----------------- Invoking toplevel() on ptolemy.moml.MoMLSimpleApplication@98e3177
----------------- Done invoking toplevel() on ptolemy.moml.MoMLSimpleApplication@98e3177
reloadAllAccessors: .CausalityInterfaceFeedback1

===========================================================================================
----------------- testing Wed Sep 02 15:34:46 UTC 2020 /home/travis/build/icyphy/ptII/ptolemy/domains/continuous/test/auto/CausalityInterfaceFeedback2.xml
----------------- Instantiating /home/travis/build/icyphy/ptII/ptolemy/domains/continuous/test/auto/CausalityInterfaceFeedback2.xml
3 ms. Memory: 254976K Free: 199452K (78%)
----------------- Invoking toplevel() on ptolemy.moml.MoMLSimpleApplication@4c11e21d
----------------- Done invoking toplevel() on ptolemy.moml.MoMLSimpleApplication@4c11e21d
reloadAllAccessors: .CausalityInterfaceFeedback2

===========================================================================================
----------------- testing Wed Sep 02 15:34:46 UTC 2020 /home/travis/build/icyphy/ptII/ptolemy/domains/continuous/test/auto/CompareWithCurrentTime.xml
----------------- Instantiating /home/travis/build/icyphy/ptII/ptolemy/domains/continuous/test/auto/CompareWithCurrentTime.xml
3 ms. Memory: 254976K Free: 195370K (77%)
----------------- Invoking toplevel() on ptolemy.moml.MoMLSimpleApplication@72e0d4c5
----------------- Done invoking toplevel() on ptolemy.moml.MoMLSimpleApplication@72e0d4c5
reloadAllAccessors: .CompareWithCurrentTime

===========================================================================================
----------------- testing Wed Sep 02 15:34:46 UTC 2020 /home/travis/build/icyphy/ptII/ptolemy/domains/continuous/test/auto/ComparedClocks.xml
----------------- Instantiating /home/travis/build/icyphy/ptII/ptolemy/domains/continuous/test/auto/ComparedClocks.xml
7 ms. Memory: 254976K Free: 179996K (71%)
----------------- Invoking toplevel() on ptolemy.moml.MoMLSimpleApplication@898545a
----------------- Done invoking toplevel() on ptolemy.moml.MoMLSimpleApplication@898545a
reloadAllAccessors: .ComparedClocks

===========================================================================================
----------------- testing Wed Sep 02 15:34:46 UTC 2020 /home/travis/build/icyphy/ptII/ptolemy/domains/continuous/test/auto/ContinuousAOCClone.xml
----------------- Instantiating /home/travis/build/icyphy/ptII/ptolemy/domains/continuous/test/auto/ContinuousAOCClone.xml
2153 ms. Memory: 254976K Free: 105034K (41%)
----------------- Invoking toplevel() on ptolemy.moml.MoMLSimpleApplication@5649de0c
----------------- Done invoking toplevel() on ptolemy.moml.MoMLSimpleApplication@5649de0c
reloadAllAccessors: .ContinuousAOCClone

===========================================================================================
----------------- testing Wed Sep 02 15:34:48 UTC 2020 /home/travis/build/icyphy/ptII/ptolemy/domains/continuous/test/auto/ContinuousClock.xml
----------------- Instantiating /home/travis/build/icyphy/ptII/ptolemy/domains/continuous/test/auto/ContinuousClock.xml
39 ms. Memory: 306176K Free: 285368K (93%)
----------------- Invoking toplevel() on ptolemy.moml.MoMLSimpleApplication@7cb343e6
----------------- Done invoking toplevel() on ptolemy.moml.MoMLSimpleApplication@7cb343e6
reloadAllAccessors: .ContinuousClock

===========================================================================================
----------------- testing Wed Sep 02 15:34:49 UTC 2020 /home/travis/build/icyphy/ptII/ptolemy/domains/continuous/test/auto/ContinuousInContinuous.xml
----------------- Instantiating /home/travis/build/icyphy/ptII/ptolemy/domains/continuous/test/auto/ContinuousInContinuous.xml
48 ms. Memory: 306176K Free: 261188K (85%)
----------------- Invoking toplevel() on ptolemy.moml.MoMLSimpleApplication@79c2f3d6
----------------- Done invoking toplevel() on ptolemy.moml.MoMLSimpleApplication@79c2f3d6
reloadAllAccessors: .ContinuousInContinuous

===========================================================================================
----------------- testing Wed Sep 02 15:34:49 UTC 2020 /home/travis/build/icyphy/ptII/ptolemy/domains/continuous/test/auto/ContinuousInContinuousInContinuous.xml
----------------- Instantiating /home/travis/build/icyphy/ptII/ptolemy/domains/continuous/test/auto/ContinuousInContinuousInContinuous.xml
7 ms. Memory: 306176K Free: 253506K (83%)
----------------- Invoking toplevel() on ptolemy.moml.MoMLSimpleApplication@545252cc
----------------- Done invoking toplevel() on ptolemy.moml.MoMLSimpleApplication@545252cc
reloadAllAccessors: .ContinuousInContinuousInContinuous

===========================================================================================
----------------- testing Wed Sep 02 15:34:49 UTC 2020 /home/travis/build/icyphy/ptII/ptolemy/domains/continuous/test/auto/ContinuousInDE.xml
----------------- Instantiating /home/travis/build/icyphy/ptII/ptolemy/domains/continuous/test/auto/ContinuousInDE.xml
88 ms. Memory: 306176K Free: 242756K (79%)
----------------- Invoking toplevel() on ptolemy.moml.MoMLSimpleApplication@20afc5b1
----------------- Done invoking toplevel() on ptolemy.moml.MoMLSimpleApplication@20afc5b1
reloadAllAccessors: .ContinuousInDE

===========================================================================================
----------------- testing Wed Sep 02 15:34:49 UTC 2020 /home/travis/build/icyphy/ptII/ptolemy/domains/continuous/test/auto/ContinuousInDE2.xml
----------------- Instantiating /home/travis/build/icyphy/ptII/ptolemy/domains/continuous/test/auto/ContinuousInDE2.xml
40 ms. Memory: 306176K Free: 233026K (76%)
----------------- Invoking toplevel() on ptolemy.moml.MoMLSimpleApplication@5a4e5cd1
----------------- Done invoking toplevel() on ptolemy.moml.MoMLSimpleApplication@5a4e5cd1
reloadAllAccessors: .ContinuousInDE2

===========================================================================================
----------------- testing Wed Sep 02 15:34:49 UTC 2020 /home/travis/build/icyphy/ptII/ptolemy/domains/continuous/test/auto/ContinuousInDE3.xml
----------------- Instantiating /home/travis/build/icyphy/ptII/ptolemy/domains/continuous/test/auto/ContinuousInDE3.xml
31 ms. Memory: 306176K Free: 223300K (73%)
----------------- Invoking toplevel() on ptolemy.moml.MoMLSimpleApplication@49e5d6e1
----------------- Done invoking toplevel() on ptolemy.moml.MoMLSimpleApplication@49e5d6e1
reloadAllAccessors: .ContinuousInDE3

===========================================================================================
----------------- testing Wed Sep 02 15:34:49 UTC 2020 /home/travis/build/icyphy/ptII/ptolemy/domains/continuous/test/auto/ContinuousInDE4.xml
----------------- Instantiating /home/travis/build/icyphy/ptII/ptolemy/domains/continuous/test/auto/ContinuousInDE4.xml
14 ms. Memory: 306176K Free: 217156K (71%)
----------------- Invoking toplevel() on ptolemy.moml.MoMLSimpleApplication@4d6a2869
----------------- Done invoking toplevel() on ptolemy.moml.MoMLSimpleApplication@4d6a2869
reloadAllAccessors: .ContinuousInDE4

===========================================================================================
----------------- testing Wed Sep 02 15:34:49 UTC 2020 /home/travis/build/icyphy/ptII/ptolemy/domains/continuous/test/auto/ContinuousInDEDifferentRefinements.xml
----------------- Instantiating /home/travis/build/icyphy/ptII/ptolemy/domains/continuous/test/auto/ContinuousInDEDifferentRefinements.xml
46 ms. Memory: 306176K Free: 185891K (61%)
----------------- Invoking toplevel() on ptolemy.moml.MoMLSimpleApplication@2df31f58
----------------- Done invoking toplevel() on ptolemy.moml.MoMLSimpleApplication@2df31f58
reloadAllAccessors: .ContinuousInDEDifferentRefinements

===========================================================================================
----------------- testing Wed Sep 02 15:34:49 UTC 2020 /home/travis/build/icyphy/ptII/ptolemy/domains/continuous/test/auto/ContinuousInDEDifferentRefinementsPreemptive.xml
----------------- Instantiating /home/travis/build/icyphy/ptII/ptolemy/domains/continuous/test/auto/ContinuousInDEDifferentRefinementsPreemptive.xml
39 ms. Memory: 306176K Free: 155171K (51%)
----------------- Invoking toplevel() on ptolemy.moml.MoMLSimpleApplication@53582eef
----------------- Done invoking toplevel() on ptolemy.moml.MoMLSimpleApplication@53582eef
reloadAllAccessors: .ContinuousInDEDifferentRefinementsPreemptive

===========================================================================================
----------------- testing Wed Sep 02 15:34:49 UTC 2020 /home/travis/build/icyphy/ptII/ptolemy/domains/continuous/test/auto/ContinuousInDEInContinuous2.xml
----------------- Instantiating /home/travis/build/icyphy/ptII/ptolemy/domains/continuous/test/auto/ContinuousInDEInContinuous2.xml
35 ms. Memory: 306176K Free: 143938K (47%)
----------------- Invoking toplevel() on ptolemy.moml.MoMLSimpleApplication@aefcc3c
----------------- Done invoking toplevel() on ptolemy.moml.MoMLSimpleApplication@aefcc3c
reloadAllAccessors: .ContinuousInDEInContinuous2

===========================================================================================
----------------- testing Wed Sep 02 15:34:49 UTC 2020 /home/travis/build/icyphy/ptII/ptolemy/domains/continuous/test/auto/ContinuousInDEInContinuous3.xml
----------------- Instantiating /home/travis/build/icyphy/ptII/ptolemy/domains/continuous/test/auto/ContinuousInDEInContinuous3.xml
31 ms. Memory: 306176K Free: 131650K (43%)
----------------- Invoking toplevel() on ptolemy.moml.MoMLSimpleApplication@42982be3
----------------- Done invoking toplevel() on ptolemy.moml.MoMLSimpleApplication@42982be3
reloadAllAccessors: .ContinuousInDEInContinuous3

===========================================================================================
----------------- testing Wed Sep 02 15:34:49 UTC 2020 /home/travis/build/icyphy/ptII/ptolemy/domains/continuous/test/auto/ContinuousInDEInput.xml
----------------- Instantiating /home/travis/build/icyphy/ptII/ptolemy/domains/continuous/test/auto/ContinuousInDEInput.xml
11 ms. Memory: 306176K Free: 124482K (41%)
----------------- Invoking toplevel() on ptolemy.moml.MoMLSimpleApplication@27e38dcf
----------------- Done invoking toplevel() on ptolemy.moml.MoMLSimpleApplication@27e38dcf
reloadAllAccessors: .ContinuousInDEInput

===========================================================================================
----------------- testing Wed Sep 02 15:34:49 UTC 2020 /home/travis/build/icyphy/ptII/ptolemy/domains/continuous/test/auto/ContinuousInDEInput2.xml
----------------- Instantiating /home/travis/build/icyphy/ptII/ptolemy/domains/continuous/test/auto/ContinuousInDEInput2.xml
11 ms. Memory: 306176K Free: 117314K (38%)
----------------- Invoking toplevel() on ptolemy.moml.MoMLSimpleApplication@191a45af
----------------- Done invoking toplevel() on ptolemy.moml.MoMLSimpleApplication@191a45af
reloadAllAccessors: .ContinuousInDEInput2

===========================================================================================
----------------- testing Wed Sep 02 15:34:49 UTC 2020 /home/travis/build/icyphy/ptII/ptolemy/domains/continuous/test/auto/ContinuousInDEInput3.xml
----------------- Instantiating /home/travis/build/icyphy/ptII/ptolemy/domains/continuous/test/auto/ContinuousInDEInput3.xml
10 ms. Memory: 306176K Free: 110146K (36%)
----------------- Invoking toplevel() on ptolemy.moml.MoMLSimpleApplication@468d3e17
----------------- Done invoking toplevel() on ptolemy.moml.MoMLSimpleApplication@468d3e17
reloadAllAccessors: .ContinuousInDEInput3

===========================================================================================
----------------- testing Wed Sep 02 15:34:49 UTC 2020 /home/travis/build/icyphy/ptII/ptolemy/domains/continuous/test/auto/ContinuousInDESharingRefinement.xml
----------------- Instantiating /home/travis/build/icyphy/ptII/ptolemy/domains/continuous/test/auto/ContinuousInDESharingRefinement.xml
134 ms. Memory: 306176K Free: 198248K (65%)
----------------- Invoking toplevel() on ptolemy.moml.MoMLSimpleApplication@67bd8195
----------------- Done invoking toplevel() on ptolemy.moml.MoMLSimpleApplication@67bd8195
reloadAllAccessors: .ContinuousInDESharingRefinement

===========================================================================================
----------------- testing Wed Sep 02 15:34:50 UTC 2020 /home/travis/build/icyphy/ptII/ptolemy/domains/continuous/test/auto/ContinuousInDEwithNoPorts.xml
----------------- Instantiating /home/travis/build/icyphy/ptII/ptolemy/domains/continuous/test/auto/ContinuousInDEwithNoPorts.xml
4 ms. Memory: 306176K Free: 194122K (63%)
----------------- Invoking toplevel() on ptolemy.moml.MoMLSimpleApplication@32c27576
----------------- Done invoking toplevel() on ptolemy.moml.MoMLSimpleApplication@32c27576
reloadAllAccessors: .ContinuousInDEwithNoPorts

===========================================================================================
----------------- testing Wed Sep 02 15:34:50 UTC 2020 /home/travis/build/icyphy/ptII/ptolemy/domains/continuous/test/auto/ContinuousInsideDE.xml
----------------- Instantiating /home/travis/build/icyphy/ptII/ptolemy/domains/continuous/test/auto/ContinuousInsideDE.xml
29 ms. Memory: 306176K Free: 182378K (60%)
----------------- Invoking toplevel() on ptolemy.moml.MoMLSimpleApplication@7f0804fc
----------------- Done invoking toplevel() on ptolemy.moml.MoMLSimpleApplication@7f0804fc
reloadAllAccessors: .ContinuousInsideDE

===========================================================================================
----------------- testing Wed Sep 02 15:34:50 UTC 2020 /home/travis/build/icyphy/ptII/ptolemy/domains/continuous/test/auto/ContinuousMerge1.xml
----------------- Instantiating /home/travis/build/icyphy/ptII/ptolemy/domains/continuous/test/auto/ContinuousMerge1.xml
2 ms. Memory: 306176K Free: 177754K (58%)
----------------- Invoking toplevel() on ptolemy.moml.MoMLSimpleApplication@4cb33ea2
----------------- Done invoking toplevel() on ptolemy.moml.MoMLSimpleApplication@4cb33ea2
reloadAllAccessors: .ContinuousMerge1

===========================================================================================
----------------- testing Wed Sep 02 15:34:50 UTC 2020 /home/travis/build/icyphy/ptII/ptolemy/domains/continuous/test/auto/ContinuousMerge2.xml
----------------- Instantiating /home/travis/build/icyphy/ptII/ptolemy/domains/continuous/test/auto/ContinuousMerge2.xml
13 ms. Memory: 306176K Free: 167528K (55%)
----------------- Invoking toplevel() on ptolemy.moml.MoMLSimpleApplication@28f5c357
----------------- Done invoking toplevel() on ptolemy.moml.MoMLSimpleApplication@28f5c357
reloadAllAccessors: .ContinuousMerge2

===========================================================================================
----------------- testing Wed Sep 02 15:34:50 UTC 2020 /home/travis/build/icyphy/ptII/ptolemy/domains/continuous/test/auto/ContinuousMerge3.xml
----------------- Instantiating /home/travis/build/icyphy/ptII/ptolemy/domains/continuous/test/auto/ContinuousMerge3.xml
35 ms. Memory: 306176K Free: 156778K (51%)
----------------- Invoking toplevel() on ptolemy.moml.MoMLSimpleApplication@1735108e
----------------- Done invoking toplevel() on ptolemy.moml.MoMLSimpleApplication@1735108e
reloadAllAccessors: .ContinuousMerge3

===========================================================================================
----------------- testing Wed Sep 02 15:34:50 UTC 2020 /home/travis/build/icyphy/ptII/ptolemy/domains/continuous/test/auto/ContinuousWithinContinuous.xml
----------------- Instantiating /home/travis/build/icyphy/ptII/ptolemy/domains/continuous/test/auto/ContinuousWithinContinuous.xml
27 ms. Memory: 306176K Free: 147048K (48%)
----------------- Invoking toplevel() on ptolemy.moml.MoMLSimpleApplication@56d655
----------------- Done invoking toplevel() on ptolemy.moml.MoMLSimpleApplication@56d655
reloadAllAccessors: .ContinuousWithinContinuous

===========================================================================================
----------------- testing Wed Sep 02 15:34:50 UTC 2020 /home/travis/build/icyphy/ptII/ptolemy/domains/continuous/test/auto/ContinuousWithinContinuous2.xml
----------------- Instantiating /home/travis/build/icyphy/ptII/ptolemy/domains/continuous/test/auto/ContinuousWithinContinuous2.xml
54 ms. Memory: 306176K Free: 136298K (45%)
----------------- Invoking toplevel() on ptolemy.moml.MoMLSimpleApplication@765e72cf
----------------- Done invoking toplevel() on ptolemy.moml.MoMLSimpleApplication@765e72cf
reloadAllAccessors: .ContinuousWithinContinuous2

===========================================================================================
----------------- testing Wed Sep 02 15:34:50 UTC 2020 /home/travis/build/icyphy/ptII/ptolemy/domains/continuous/test/auto/ContinuousWithinContinuous3.xml
----------------- Instantiating /home/travis/build/icyphy/ptII/ptolemy/domains/continuous/test/auto/ContinuousWithinContinuous3.xml
13 ms. Memory: 306176K Free: 129130K (42%)
----------------- Invoking toplevel() on ptolemy.moml.MoMLSimpleApplication@641a219f
----------------- Done invoking toplevel() on ptolemy.moml.MoMLSimpleApplication@641a219f
reloadAllAccessors: .ContinuousWithinContinuous3

===========================================================================================
----------------- testing Wed Sep 02 15:34:50 UTC 2020 /home/travis/build/icyphy/ptII/ptolemy/domains/continuous/test/auto/ContinuousWithinContinuous4.xml
----------------- Instantiating /home/travis/build/icyphy/ptII/ptolemy/domains/continuous/test/auto/ContinuousWithinContinuous4.xml
52 ms. Memory: 306176K Free: 116328K (38%)
----------------- Invoking toplevel() on ptolemy.moml.MoMLSimpleApplication@1e4df226
----------------- Done invoking toplevel() on ptolemy.moml.MoMLSimpleApplication@1e4df226
reloadAllAccessors: .ContinuousWithinContinuous4

===========================================================================================
----------------- testing Wed Sep 02 15:34:50 UTC 2020 /home/travis/build/icyphy/ptII/ptolemy/domains/continuous/test/auto/ContinuousWithinContinuous5.xml
----------------- Instantiating /home/travis/build/icyphy/ptII/ptolemy/domains/continuous/test/auto/ContinuousWithinContinuous5.xml
11 ms. Memory: 306176K Free: 109160K (36%)
----------------- Invoking toplevel() on ptolemy.moml.MoMLSimpleApplication@2ab3102
----------------- Done invoking toplevel() on ptolemy.moml.MoMLSimpleApplication@2ab3102
reloadAllAccessors: .ContinuousWithinContinuous5

===========================================================================================
----------------- testing Wed Sep 02 15:34:50 UTC 2020 /home/travis/build/icyphy/ptII/ptolemy/domains/continuous/test/auto/ContinuousWithinContinuous6.xml
----------------- Instantiating /home/travis/build/icyphy/ptII/ptolemy/domains/continuous/test/auto/ContinuousWithinContinuous6.xml
10 ms. Memory: 306176K Free: 284601K (93%)
----------------- Invoking toplevel() on ptolemy.moml.MoMLSimpleApplication@77455bd5
----------------- Done invoking toplevel() on ptolemy.moml.MoMLSimpleApplication@77455bd5
reloadAllAccessors: .ContinuousWithinContinuous6

===========================================================================================
----------------- testing Wed Sep 02 15:34:50 UTC 2020 /home/travis/build/icyphy/ptII/ptolemy/domains/continuous/test/auto/ContinuousWithinContinuous7.xml
----------------- Instantiating /home/travis/build/icyphy/ptII/ptolemy/domains/continuous/test/auto/ContinuousWithinContinuous7.xml
43 ms. Memory: 306176K Free: 273851K (89%)
----------------- Invoking toplevel() on ptolemy.moml.MoMLSimpleApplication@28960f3a
----------------- Done invoking toplevel() on ptolemy.moml.MoMLSimpleApplication@28960f3a
reloadAllAccessors: .ContinuousWithinContinuous7

===========================================================================================
----------------- testing Wed Sep 02 15:34:50 UTC 2020 /home/travis/build/icyphy/ptII/ptolemy/domains/continuous/test/auto/DCMotor.xml
----------------- Instantiating /home/travis/build/icyphy/ptII/ptolemy/domains/continuous/test/auto/DCMotor.xml
13155 ms. Memory: 306176K Free: 278686K (91%)
----------------- Invoking toplevel() on ptolemy.moml.MoMLSimpleApplication@4d54ab08
----------------- Done invoking toplevel() on ptolemy.moml.MoMLSimpleApplication@4d54ab08
reloadAllAccessors: .DCMotor

===========================================================================================
----------------- testing Wed Sep 02 15:35:03 UTC 2020 /home/travis/build/icyphy/ptII/ptolemy/domains/continuous/test/auto/DEInContinuous.xml
----------------- Instantiating /home/travis/build/icyphy/ptII/ptolemy/domains/continuous/test/auto/DEInContinuous.xml
21 ms. Memory: 306176K Free: 272032K (89%)
----------------- Invoking toplevel() on ptolemy.moml.MoMLSimpleApplication@4e9cde03
----------------- Done invoking toplevel() on ptolemy.moml.MoMLSimpleApplication@4e9cde03
reloadAllAccessors: .DEInContinuous

===========================================================================================
----------------- testing Wed Sep 02 15:35:03 UTC 2020 /home/travis/build/icyphy/ptII/ptolemy/domains/continuous/test/auto/DEinContinuous2.xml
----------------- Instantiating /home/travis/build/icyphy/ptII/ptolemy/domains/continuous/test/auto/DEinContinuous2.xml
7 ms. Memory: 306176K Free: 264336K (86%)
----------------- Invoking toplevel() on ptolemy.moml.MoMLSimpleApplication@606e79c8
----------------- Done invoking toplevel() on ptolemy.moml.MoMLSimpleApplication@606e79c8
reloadAllAccessors: .DEinContinuous2

===========================================================================================
----------------- testing Wed Sep 02 15:35:03 UTC 2020 /home/travis/build/icyphy/ptII/ptolemy/domains/continuous/test/auto/Derivative.xml
----------------- Instantiating /home/travis/build/icyphy/ptII/ptolemy/domains/continuous/test/auto/Derivative.xml
115 ms. Memory: 306176K Free: 235168K (77%)
----------------- Invoking toplevel() on ptolemy.moml.MoMLSimpleApplication@1214ba3
----------------- Done invoking toplevel() on ptolemy.moml.MoMLSimpleApplication@1214ba3
reloadAllAccessors: .Derivative2

===========================================================================================
----------------- testing Wed Sep 02 15:35:04 UTC 2020 /home/travis/build/icyphy/ptII/ptolemy/domains/continuous/test/auto/Derivative1.xml
----------------- Instantiating /home/travis/build/icyphy/ptII/ptolemy/domains/continuous/test/auto/Derivative1.xml
21 ms. Memory: 306176K Free: 220832K (72%)
----------------- Invoking toplevel() on ptolemy.moml.MoMLSimpleApplication@7cf99547
----------------- Done invoking toplevel() on ptolemy.moml.MoMLSimpleApplication@7cf99547
reloadAllAccessors: .Derivative1

===========================================================================================
----------------- testing Wed Sep 02 15:35:04 UTC 2020 /home/travis/build/icyphy/ptII/ptolemy/domains/continuous/test/auto/DiscreteClock.xml
----------------- Instantiating /home/travis/build/icyphy/ptII/ptolemy/domains/continuous/test/auto/DiscreteClock.xml
5 ms. Memory: 306176K Free: 215712K (70%)
----------------- Invoking toplevel() on ptolemy.moml.MoMLSimpleApplication@f021fe8
----------------- Done invoking toplevel() on ptolemy.moml.MoMLSimpleApplication@f021fe8
reloadAllAccessors: .DiscreteClock

===========================================================================================
----------------- testing Wed Sep 02 15:35:04 UTC 2020 /home/travis/build/icyphy/ptII/ptolemy/domains/continuous/test/auto/EfficiencyCurve.xml
----------------- Instantiating /home/travis/build/icyphy/ptII/ptolemy/domains/continuous/test/auto/EfficiencyCurve.xml
53 ms. Memory: 306176K Free: 206496K (67%)
----------------- Invoking toplevel() on ptolemy.moml.MoMLSimpleApplication@3d826e0a
----------------- Done invoking toplevel() on ptolemy.moml.MoMLSimpleApplication@3d826e0a
reloadAllAccessors: .EfficiencyCurve

===========================================================================================
----------------- testing Wed Sep 02 15:35:04 UTC 2020 /home/travis/build/icyphy/ptII/ptolemy/domains/continuous/test/auto/ExponentialResponse.xml
----------------- Instantiating /home/travis/build/icyphy/ptII/ptolemy/domains/continuous/test/auto/ExponentialResponse.xml
94 ms. Memory: 306176K Free: 190622K (62%)
----------------- Invoking toplevel() on ptolemy.moml.MoMLSimpleApplication@2af2bc71
----------------- Done invoking toplevel() on ptolemy.moml.MoMLSimpleApplication@2af2bc71
reloadAllAccessors: .ExponentialResponse

===========================================================================================
----------------- testing Wed Sep 02 15:35:04 UTC 2020 /home/travis/build/icyphy/ptII/ptolemy/domains/continuous/test/auto/ExponentialResponseRK45.xml
----------------- Instantiating /home/travis/build/icyphy/ptII/ptolemy/domains/continuous/test/auto/ExponentialResponseRK45.xml
22 ms. Memory: 306176K Free: 183968K (60%)
----------------- Invoking toplevel() on ptolemy.moml.MoMLSimpleApplication@5fe0dfcb
----------------- Done invoking toplevel() on ptolemy.moml.MoMLSimpleApplication@5fe0dfcb
reloadAllAccessors: .ExponentialResponseRK45

===========================================================================================
----------------- testing Wed Sep 02 15:35:04 UTC 2020 /home/travis/build/icyphy/ptII/ptolemy/domains/continuous/test/auto/Friction.xml
----------------- Instantiating /home/travis/build/icyphy/ptII/ptolemy/domains/continuous/test/auto/Friction.xml
1486 ms. Memory: 306176K Free: 118368K (39%)
----------------- Invoking toplevel() on ptolemy.moml.MoMLSimpleApplication@62d1a1b9
----------------- Done invoking toplevel() on ptolemy.moml.MoMLSimpleApplication@62d1a1b9
reloadAllAccessors: .Friction

===========================================================================================
----------------- testing Wed Sep 02 15:35:06 UTC 2020 /home/travis/build/icyphy/ptII/ptolemy/domains/continuous/test/auto/FurutaPendulum.xml
----------------- Instantiating /home/travis/build/icyphy/ptII/ptolemy/domains/continuous/test/auto/FurutaPendulum.xml
2843 ms. Memory: 306176K Free: 151689K (50%)
----------------- Invoking toplevel() on ptolemy.moml.MoMLSimpleApplication@147ff7a8
----------------- Done invoking toplevel() on ptolemy.moml.MoMLSimpleApplication@147ff7a8
reloadAllAccessors: .FurutaPendulum

===========================================================================================
----------------- testing Wed Sep 02 15:35:09 UTC 2020 /home/travis/build/icyphy/ptII/ptolemy/domains/continuous/test/auto/HierarchicalExecution.xml
----------------- Instantiating /home/travis/build/icyphy/ptII/ptolemy/domains/continuous/test/auto/HierarchicalExecution.xml
1690 ms. Memory: 306176K Free: 215905K (71%)
----------------- Invoking toplevel() on ptolemy.moml.MoMLSimpleApplication@387e5397
----------------- Done invoking toplevel() on ptolemy.moml.MoMLSimpleApplication@387e5397
reloadAllAccessors: .HierarchicalExecution

===========================================================================================
----------------- testing Wed Sep 02 15:35:10 UTC 2020 /home/travis/build/icyphy/ptII/ptolemy/domains/continuous/test/auto/HybridPlant.xml
----------------- Instantiating /home/travis/build/icyphy/ptII/ptolemy/domains/continuous/test/auto/HybridPlant.xml
503 ms. Memory: 306176K Free: 132778K (43%)
----------------- Invoking toplevel() on ptolemy.moml.MoMLSimpleApplication@4f05c9a3
----------------- Done invoking toplevel() on ptolemy.moml.MoMLSimpleApplication@4f05c9a3
reloadAllAccessors: .HybridPlant

===========================================================================================
----------------- testing Wed Sep 02 15:35:11 UTC 2020 /home/travis/build/icyphy/ptII/ptolemy/domains/continuous/test/auto/Hysteresis.xml
----------------- Instantiating /home/travis/build/icyphy/ptII/ptolemy/domains/continuous/test/auto/Hysteresis.xml
142 ms. Memory: 306176K Free: 251234K (82%)
----------------- Invoking toplevel() on ptolemy.moml.MoMLSimpleApplication@3bbb7841
----------------- Done invoking toplevel() on ptolemy.moml.MoMLSimpleApplication@3bbb7841
reloadAllAccessors: .Hysteresis

===========================================================================================
----------------- testing Wed Sep 02 15:35:11 UTC 2020 /home/travis/build/icyphy/ptII/ptolemy/domains/continuous/test/auto/HysteresisWithRandomDelay.xml
----------------- Instantiating /home/travis/build/icyphy/ptII/ptolemy/domains/continuous/test/auto/HysteresisWithRandomDelay.xml
173 ms. Memory: 306176K Free: 178367K (58%)
----------------- Invoking toplevel() on ptolemy.moml.MoMLSimpleApplication@53c3f38b
----------------- Done invoking toplevel() on ptolemy.moml.MoMLSimpleApplication@53c3f38b
reloadAllAccessors: .HysteresisWithRandomDelay

===========================================================================================
----------------- testing Wed Sep 02 15:35:11 UTC 2020 /home/travis/build/icyphy/ptII/ptolemy/domains/continuous/test/auto/HysteresisWithRandomLosses.xml
----------------- Instantiating /home/travis/build/icyphy/ptII/ptolemy/domains/continuous/test/auto/HysteresisWithRandomLosses.xml
2226 ms. Memory: 306176K Free: 151397K (49%)
----------------- Invoking toplevel() on ptolemy.moml.MoMLSimpleApplication@50af4016
----------------- Done invoking toplevel() on ptolemy.moml.MoMLSimpleApplication@50af4016
reloadAllAccessors: .HysteresisWithRandomLosses

===========================================================================================
----------------- testing Wed Sep 02 15:35:14 UTC 2020 /home/travis/build/icyphy/ptII/ptolemy/domains/continuous/test/auto/ImmediateTransitions.xml
----------------- Instantiating /home/travis/build/icyphy/ptII/ptolemy/domains/continuous/test/auto/ImmediateTransitions.xml
9 ms. Memory: 306176K Free: 140647K (46%)
----------------- Invoking toplevel() on ptolemy.moml.MoMLSimpleApplication@2cb6fe5a
----------------- Done invoking toplevel() on ptolemy.moml.MoMLSimpleApplication@2cb6fe5a
reloadAllAccessors: .ImmediateTransitions

===========================================================================================
----------------- testing Wed Sep 02 15:35:14 UTC 2020 /home/travis/build/icyphy/ptII/ptolemy/domains/continuous/test/auto/ImpulseFeedback.xml
----------------- Instantiating /home/travis/build/icyphy/ptII/ptolemy/domains/continuous/test/auto/ImpulseFeedback.xml
7 ms. Memory: 306176K Free: 135013K (44%)
----------------- Invoking toplevel() on ptolemy.moml.MoMLSimpleApplication@7f6ce4ec
----------------- Done invoking toplevel() on ptolemy.moml.MoMLSimpleApplication@7f6ce4ec
reloadAllAccessors: .ImpulseFeedback

===========================================================================================
----------------- testing Wed Sep 02 15:35:14 UTC 2020 /home/travis/build/icyphy/ptII/ptolemy/domains/continuous/test/auto/ImpulseFeedback2.xml
----------------- Instantiating /home/travis/build/icyphy/ptII/ptolemy/domains/continuous/test/auto/ImpulseFeedback2.xml
5 ms. Memory: 306176K Free: 129383K (42%)
----------------- Invoking toplevel() on ptolemy.moml.MoMLSimpleApplication@688f8dc2
----------------- Done invoking toplevel() on ptolemy.moml.MoMLSimpleApplication@688f8dc2
reloadAllAccessors: .ImpulseFeedback2

===========================================================================================
----------------- testing Wed Sep 02 15:35:14 UTC 2020 /home/travis/build/icyphy/ptII/ptolemy/domains/continuous/test/auto/IncreasingRatePoisson.xml
----------------- Instantiating /home/travis/build/icyphy/ptII/ptolemy/domains/continuous/test/auto/IncreasingRatePoisson.xml
704 ms. Memory: 306176K Free: 175088K (57%)
----------------- Invoking toplevel() on ptolemy.moml.MoMLSimpleApplication@5873b58f
----------------- Done invoking toplevel() on ptolemy.moml.MoMLSimpleApplication@5873b58f
reloadAllAccessors: .IncreasingRatePoisson

===========================================================================================
----------------- testing Wed Sep 02 15:35:15 UTC 2020 /home/travis/build/icyphy/ptII/ptolemy/domains/continuous/test/auto/InitialStateFeedback.xml
----------------- Instantiating /home/travis/build/icyphy/ptII/ptolemy/domains/continuous/test/auto/InitialStateFeedback.xml
4 ms. Memory: 306176K Free: 170478K (56%)
----------------- Invoking toplevel() on ptolemy.moml.MoMLSimpleApplication@2e2efe4e
----------------- Done invoking toplevel() on ptolemy.moml.MoMLSimpleApplication@2e2efe4e
reloadAllAccessors: .InitialStateFeedback

===========================================================================================
----------------- testing Wed Sep 02 15:35:15 UTC 2020 /home/travis/build/icyphy/ptII/ptolemy/domains/continuous/test/auto/Integration.xml
----------------- Instantiating /home/travis/build/icyphy/ptII/ptolemy/domains/continuous/test/auto/Integration.xml
5 ms. Memory: 306176K Free: 166382K (54%)
----------------- Invoking toplevel() on ptolemy.moml.MoMLSimpleApplication@492c8eeb
----------------- Done invoking toplevel() on ptolemy.moml.MoMLSimpleApplication@492c8eeb
reloadAllAccessors: .Integration

===========================================================================================
----------------- testing Wed Sep 02 15:35:15 UTC 2020 /home/travis/build/icyphy/ptII/ptolemy/domains/continuous/test/auto/Integration2.xml
----------------- Instantiating /home/travis/build/icyphy/ptII/ptolemy/domains/continuous/test/auto/Integration2.xml
68 ms. Memory: 306176K Free: 152046K (50%)
----------------- Invoking toplevel() on ptolemy.moml.MoMLSimpleApplication@57da4844
----------------- Done invoking toplevel() on ptolemy.moml.MoMLSimpleApplication@57da4844
reloadAllAccessors: .Integration2

===========================================================================================
----------------- testing Wed Sep 02 15:35:15 UTC 2020 /home/travis/build/icyphy/ptII/ptolemy/domains/continuous/test/auto/Integration3.xml
----------------- Instantiating /home/travis/build/icyphy/ptII/ptolemy/domains/continuous/test/auto/Integration3.xml
2 ms. Memory: 306176K Free: 147440K (48%)
----------------- Invoking toplevel() on ptolemy.moml.MoMLSimpleApplication@200631c4
----------------- Done invoking toplevel() on ptolemy.moml.MoMLSimpleApplication@200631c4
reloadAllAccessors: .Integration3

===========================================================================================
----------------- testing Wed Sep 02 15:35:15 UTC 2020 /home/travis/build/icyphy/ptII/ptolemy/domains/continuous/test/auto/Integration5.xml
----------------- Instantiating /home/travis/build/icyphy/ptII/ptolemy/domains/continuous/test/auto/Integration5.xml
3 ms. Memory: 306176K Free: 143344K (47%)
----------------- Invoking toplevel() on ptolemy.moml.MoMLSimpleApplication@5fdc7044
----------------- Done invoking toplevel() on ptolemy.moml.MoMLSimpleApplication@5fdc7044
reloadAllAccessors: .Integration5

===========================================================================================
----------------- testing Wed Sep 02 15:35:15 UTC 2020 /home/travis/build/icyphy/ptII/ptolemy/domains/continuous/test/auto/IntegratorImpulse.xml
----------------- Instantiating /home/travis/build/icyphy/ptII/ptolemy/domains/continuous/test/auto/IntegratorImpulse.xml
2 ms. Memory: 306176K Free: 139248K (45%)
----------------- Invoking toplevel() on ptolemy.moml.MoMLSimpleApplication@601c4de
----------------- Done invoking toplevel() on ptolemy.moml.MoMLSimpleApplication@601c4de
reloadAllAccessors: .IntegratorImpulse

===========================================================================================
----------------- testing Wed Sep 02 15:35:15 UTC 2020 /home/travis/build/icyphy/ptII/ptolemy/domains/continuous/test/auto/IntegratorImpulse2.xml
----------------- Instantiating /home/travis/build/icyphy/ptII/ptolemy/domains/continuous/test/auto/IntegratorImpulse2.xml
3 ms. Memory: 306176K Free: 134608K (44%)
----------------- Invoking toplevel() on ptolemy.moml.MoMLSimpleApplication@51160c2f
----------------- Done invoking toplevel() on ptolemy.moml.MoMLSimpleApplication@51160c2f
reloadAllAccessors: .IntegratorImpulse2

===========================================================================================
----------------- testing Wed Sep 02 15:35:15 UTC 2020 /home/travis/build/icyphy/ptII/ptolemy/domains/continuous/test/auto/LevelCrossing1.xml
----------------- Instantiating /home/travis/build/icyphy/ptII/ptolemy/domains/continuous/test/auto/LevelCrossing1.xml
2 ms. Memory: 306176K Free: 129518K (42%)
----------------- Invoking toplevel() on ptolemy.moml.MoMLSimpleApplication@7e7f62c
----------------- Done invoking toplevel() on ptolemy.moml.MoMLSimpleApplication@7e7f62c
reloadAllAccessors: .LevelCrossing1

===========================================================================================
----------------- testing Wed Sep 02 15:35:15 UTC 2020 /home/travis/build/icyphy/ptII/ptolemy/domains/continuous/test/auto/LevelCrossing2.xml
----------------- Instantiating /home/travis/build/icyphy/ptII/ptolemy/domains/continuous/test/auto/LevelCrossing2.xml
3 ms. Memory: 306176K Free: 124384K (41%)
----------------- Invoking toplevel() on ptolemy.moml.MoMLSimpleApplication@366670e6
----------------- Done invoking toplevel() on ptolemy.moml.MoMLSimpleApplication@366670e6
reloadAllAccessors: .LevelCrossing2

===========================================================================================
----------------- testing Wed Sep 02 15:35:15 UTC 2020 /home/travis/build/icyphy/ptII/ptolemy/domains/continuous/test/auto/LevelCrossing3.xml
----------------- Instantiating /home/travis/build/icyphy/ptII/ptolemy/domains/continuous/test/auto/LevelCrossing3.xml
2 ms. Memory: 306176K Free: 119278K (39%)
----------------- Invoking toplevel() on ptolemy.moml.MoMLSimpleApplication@3b42969f
----------------- Done invoking toplevel() on ptolemy.moml.MoMLSimpleApplication@3b42969f
reloadAllAccessors: .LevelCrossing3

===========================================================================================
----------------- testing Wed Sep 02 15:35:15 UTC 2020 /home/travis/build/icyphy/ptII/ptolemy/domains/continuous/test/auto/LevelCrossing4.xml
----------------- Instantiating /home/travis/build/icyphy/ptII/ptolemy/domains/continuous/test/auto/LevelCrossing4.xml
3 ms. Memory: 306176K Free: 114144K (37%)
----------------- Invoking toplevel() on ptolemy.moml.MoMLSimpleApplication@4528791c
----------------- Done invoking toplevel() on ptolemy.moml.MoMLSimpleApplication@4528791c
reloadAllAccessors: .LevelCrossing4

===========================================================================================
----------------- testing Wed Sep 02 15:35:15 UTC 2020 /home/travis/build/icyphy/ptII/ptolemy/domains/continuous/test/auto/LevelCrossing5.xml
----------------- Instantiating /home/travis/build/icyphy/ptII/ptolemy/domains/continuous/test/auto/LevelCrossing5.xml
3 ms. Memory: 306176K Free: 109038K (36%)
----------------- Invoking toplevel() on ptolemy.moml.MoMLSimpleApplication@21539cbd
----------------- Done invoking toplevel() on ptolemy.moml.MoMLSimpleApplication@21539cbd
reloadAllAccessors: .LevelCrossing5

===========================================================================================
[...]
reloadAllAccessors: .ResetTransitionWithStartTime6

===========================================================================================
----------------- testing Wed Sep 02 15:35:30 UTC 2020 /home/travis/build/icyphy/ptII/ptolemy/domains/continuous/test/auto/SRinContinuous.xml
----------------- Instantiating /home/travis/build/icyphy/ptII/ptolemy/domains/continuous/test/auto/SRinContinuous.xml
5 ms. Memory: 306176K Free: 154839K (51%)
----------------- Invoking toplevel() on ptolemy.moml.MoMLSimpleApplication@4e328a37
----------------- Done invoking toplevel() on ptolemy.moml.MoMLSimpleApplication@4e328a37
reloadAllAccessors: .SRinContinuous

===========================================================================================
----------------- testing Wed Sep 02 15:35:30 UTC 2020 /home/travis/build/icyphy/ptII/ptolemy/domains/continuous/test/auto/SampledClocks.xml
----------------- Instantiating /home/travis/build/icyphy/ptII/ptolemy/domains/continuous/test/auto/SampledClocks.xml
6 ms. Memory: 306176K Free: 142037K (46%)
----------------- Invoking toplevel() on ptolemy.moml.MoMLSimpleApplication@40dcb418
----------------- Done invoking toplevel() on ptolemy.moml.MoMLSimpleApplication@40dcb418
reloadAllAccessors: .SampledClocks

===========================================================================================
----------------- testing Wed Sep 02 15:35:30 UTC 2020 /home/travis/build/icyphy/ptII/ptolemy/domains/continuous/test/auto/Satellite.xml
----------------- Instantiating /home/travis/build/icyphy/ptII/ptolemy/domains/continuous/test/auto/Satellite.xml
742 ms. Memory: 306176K Free: 123177K (40%)
----------------- Invoking toplevel() on ptolemy.moml.MoMLSimpleApplication@4374286a
----------------- Done invoking toplevel() on ptolemy.moml.MoMLSimpleApplication@4374286a
reloadAllAccessors: .Satellite

===========================================================================================
----------------- testing Wed Sep 02 15:35:31 UTC 2020 /home/travis/build/icyphy/ptII/ptolemy/domains/continuous/test/auto/SigmaDelta.xml
----------------- Instantiating /home/travis/build/icyphy/ptII/ptolemy/domains/continuous/test/auto/SigmaDelta.xml
1835 ms. Memory: 306176K Free: 220470K (72%)
----------------- Invoking toplevel() on ptolemy.moml.MoMLSimpleApplication@27dc5c8b
----------------- Done invoking toplevel() on ptolemy.moml.MoMLSimpleApplication@27dc5c8b
reloadAllAccessors: .SigmaDelta

===========================================================================================
----------------- testing Wed Sep 02 15:35:33 UTC 2020 /home/travis/build/icyphy/ptII/ptolemy/domains/continuous/test/auto/SingleRefinement.xml
----------------- Instantiating /home/travis/build/icyphy/ptII/ptolemy/domains/continuous/test/auto/SingleRefinement.xml
302 ms. Memory: 306176K Free: 217091K (71%)
----------------- Invoking toplevel() on ptolemy.moml.MoMLSimpleApplication@4823f03e
----------------- Done invoking toplevel() on ptolemy.moml.MoMLSimpleApplication@4823f03e
reloadAllAccessors: .SingleRefinement

===========================================================================================
----------------- testing Wed Sep 02 15:35:33 UTC 2020 /home/travis/build/icyphy/ptII/ptolemy/domains/continuous/test/auto/SinuBouncingBall.xml
----------------- Instantiating /home/travis/build/icyphy/ptII/ptolemy/domains/continuous/test/auto/SinuBouncingBall.xml
743 ms. Memory: 306176K Free: 179501K (59%)
----------------- Invoking toplevel() on ptolemy.moml.MoMLSimpleApplication@22c64de3
----------------- Done invoking toplevel() on ptolemy.moml.MoMLSimpleApplication@22c64de3
reloadAllAccessors: .SinuBouncingBall

===========================================================================================
----------------- testing Wed Sep 02 15:35:34 UTC 2020 /home/travis/build/icyphy/ptII/ptolemy/domains/continuous/test/auto/Sinusoid.xml
----------------- Instantiating /home/travis/build/icyphy/ptII/ptolemy/domains/continuous/test/auto/Sinusoid.xml
3 ms. Memory: 306176K Free: 174861K (57%)
----------------- Invoking toplevel() on ptolemy.moml.MoMLSimpleApplication@675aedf9
----------------- Done invoking toplevel() on ptolemy.moml.MoMLSimpleApplication@675aedf9
reloadAllAccessors: .Sinusoid

===========================================================================================
----------------- testing Wed Sep 02 15:35:34 UTC 2020 /home/travis/build/icyphy/ptII/ptolemy/domains/continuous/test/auto/SinusoidInNoise.xml
----------------- Instantiating /home/travis/build/icyphy/ptII/ptolemy/domains/continuous/test/auto/SinusoidInNoise.xml
733 ms. Memory: 306176K Free: 218430K (71%)
----------------- Invoking toplevel() on ptolemy.moml.MoMLSimpleApplication@5210bac3
----------------- Done invoking toplevel() on ptolemy.moml.MoMLSimpleApplication@5210bac3
reloadAllAccessors: .SinusoidInNoise

===========================================================================================
----------------- testing Wed Sep 02 15:35:35 UTC 2020 /home/travis/build/icyphy/ptII/ptolemy/domains/continuous/test/auto/SinusoidRK45.xml
----------------- Instantiating /home/travis/build/icyphy/ptII/ptolemy/domains/continuous/test/auto/SinusoidRK45.xml
2 ms. Memory: 306176K Free: 213824K (70%)
----------------- Invoking toplevel() on ptolemy.moml.MoMLSimpleApplication@f2bac7a
----------------- Done invoking toplevel() on ptolemy.moml.MoMLSimpleApplication@f2bac7a
reloadAllAccessors: .SinusoidRK45

===========================================================================================
----------------- testing Wed Sep 02 15:35:35 UTC 2020 /home/travis/build/icyphy/ptII/ptolemy/domains/continuous/test/auto/SinusoidWithMultipleImpulses.xml
----------------- Instantiating /home/travis/build/icyphy/ptII/ptolemy/domains/continuous/test/auto/SinusoidWithMultipleImpulses.xml
3 ms. Memory: 306176K Free: 209214K (68%)
----------------- Invoking toplevel() on ptolemy.moml.MoMLSimpleApplication@62f08431
----------------- Done invoking toplevel() on ptolemy.moml.MoMLSimpleApplication@62f08431
reloadAllAccessors: .SinusoidWithMultipleImpulses

===========================================================================================
----------------- testing Wed Sep 02 15:35:35 UTC 2020 /home/travis/build/icyphy/ptII/ptolemy/domains/continuous/test/auto/SquareWave.xml
----------------- Instantiating /home/travis/build/icyphy/ptII/ptolemy/domains/continuous/test/auto/SquareWave.xml
142 ms. Memory: 306176K Free: 181566K (59%)
----------------- Invoking toplevel() on ptolemy.moml.MoMLSimpleApplication@2155bf85
----------------- Done invoking toplevel() on ptolemy.moml.MoMLSimpleApplication@2155bf85
reloadAllAccessors: .SquareWave

===========================================================================================
----------------- testing Wed Sep 02 15:35:35 UTC 2020 /home/travis/build/icyphy/ptII/ptolemy/domains/continuous/test/auto/Starmac.xml
----------------- Instantiating /home/travis/build/icyphy/ptII/ptolemy/domains/continuous/test/auto/Starmac.xml
3050 ms. Memory: 306176K Free: 225264K (74%)
----------------- Invoking toplevel() on ptolemy.moml.MoMLSimpleApplication@7222d65c
----------------- Done invoking toplevel() on ptolemy.moml.MoMLSimpleApplication@7222d65c
reloadAllAccessors: .Starmac

===========================================================================================
----------------- testing Wed Sep 02 15:35:39 UTC 2020 /home/travis/build/icyphy/ptII/ptolemy/domains/continuous/test/auto/StaticUnits.xml
----------------- Instantiating /home/travis/build/icyphy/ptII/ptolemy/domains/continuous/test/auto/StaticUnits.xml
1752 ms. Memory: 306176K Free: 116991K (38%)
----------------- Invoking toplevel() on ptolemy.moml.MoMLSimpleApplication@47f6093b
----------------- Done invoking toplevel() on ptolemy.moml.MoMLSimpleApplication@47f6093b
reloadAllAccessors: .StaticUnits

===========================================================================================
----------------- testing Wed Sep 02 15:35:41 UTC 2020 /home/travis/build/icyphy/ptII/ptolemy/domains/continuous/test/auto/StickyMasses.xml
----------------- Instantiating /home/travis/build/icyphy/ptII/ptolemy/domains/continuous/test/auto/StickyMasses.xml
132 ms. Memory: 306176K Free: 245124K (80%)
----------------- Invoking toplevel() on ptolemy.moml.MoMLSimpleApplication@f9d8e77
----------------- Done invoking toplevel() on ptolemy.moml.MoMLSimpleApplication@f9d8e77
reloadAllAccessors: .StickyMasses

===========================================================================================
----------------- testing Wed Sep 02 15:35:41 UTC 2020 /home/travis/build/icyphy/ptII/ptolemy/domains/continuous/test/auto/StopTime.xml
----------------- Instantiating /home/travis/build/icyphy/ptII/ptolemy/domains/continuous/test/auto/StopTime.xml
40 ms. Memory: 306176K Free: 219508K (72%)
----------------- Invoking toplevel() on ptolemy.moml.MoMLSimpleApplication@1c9c1601
----------------- Done invoking toplevel() on ptolemy.moml.MoMLSimpleApplication@1c9c1601
reloadAllAccessors: .StopTime

===========================================================================================
----------------- testing Wed Sep 02 15:35:41 UTC 2020 /home/travis/build/icyphy/ptII/ptolemy/domains/continuous/test/auto/StopTime2.xml
----------------- Instantiating /home/travis/build/icyphy/ptII/ptolemy/domains/continuous/test/auto/StopTime2.xml
32 ms. Memory: 306176K Free: 197011K (64%)
----------------- Invoking toplevel() on ptolemy.moml.MoMLSimpleApplication@4957d83d
----------------- Done invoking toplevel() on ptolemy.moml.MoMLSimpleApplication@4957d83d
reloadAllAccessors: .StopTime2

===========================================================================================
----------------- testing Wed Sep 02 15:35:41 UTC 2020 /home/travis/build/icyphy/ptII/ptolemy/domains/continuous/test/auto/Switch.xml
----------------- Instantiating /home/travis/build/icyphy/ptII/ptolemy/domains/continuous/test/auto/Switch.xml
42 ms. Memory: 306176K Free: 171411K (56%)
----------------- Invoking toplevel() on ptolemy.moml.MoMLSimpleApplication@6b298af
----------------- Done invoking toplevel() on ptolemy.moml.MoMLSimpleApplication@6b298af
reloadAllAccessors: .Switch

===========================================================================================
----------------- testing Wed Sep 02 15:35:41 UTC 2020 /home/travis/build/icyphy/ptII/ptolemy/domains/continuous/test/auto/Thermostat.xml
----------------- Instantiating /home/travis/build/icyphy/ptII/ptolemy/domains/continuous/test/auto/Thermostat.xml
191 ms. Memory: 306176K Free: 275700K (90%)
----------------- Invoking toplevel() on ptolemy.moml.MoMLSimpleApplication@7e01c87d
----------------- Done invoking toplevel() on ptolemy.moml.MoMLSimpleApplication@7e01c87d
reloadAllAccessors: .Thermostat

===========================================================================================
----------------- testing Wed Sep 02 15:35:41 UTC 2020 /home/travis/build/icyphy/ptII/ptolemy/domains/continuous/test/auto/TimeDelay.xml
----------------- Instantiating /home/travis/build/icyphy/ptII/ptolemy/domains/continuous/test/auto/TimeDelay.xml
6 ms. Memory: 306176K Free: 270580K (88%)
----------------- Invoking toplevel() on ptolemy.moml.MoMLSimpleApplication@5c92ea47
----------------- Done invoking toplevel() on ptolemy.moml.MoMLSimpleApplication@5c92ea47
reloadAllAccessors: .TimeDelay

===========================================================================================
----------------- testing Wed Sep 02 15:35:41 UTC 2020 /home/travis/build/icyphy/ptII/ptolemy/domains/continuous/test/auto/TimeDelay2.xml
----------------- Instantiating /home/travis/build/icyphy/ptII/ptolemy/domains/continuous/test/auto/TimeDelay2.xml
6 ms. Memory: 306176K Free: 260340K (85%)
----------------- Invoking toplevel() on ptolemy.moml.MoMLSimpleApplication@5a000314
----------------- Done invoking toplevel() on ptolemy.moml.MoMLSimpleApplication@5a000314
reloadAllAccessors: .TimeDelay2

===========================================================================================
----------------- testing Wed Sep 02 15:35:41 UTC 2020 /home/travis/build/icyphy/ptII/ptolemy/domains/continuous/test/auto/TimeDelay3.xml
----------------- Instantiating /home/travis/build/icyphy/ptII/ptolemy/domains/continuous/test/auto/TimeDelay3.xml
4 ms. Memory: 306176K Free: 255713K (84%)
----------------- Invoking toplevel() on ptolemy.moml.MoMLSimpleApplication@74feb7fd
----------------- Done invoking toplevel() on ptolemy.moml.MoMLSimpleApplication@74feb7fd
reloadAllAccessors: .TimeDelay3

===========================================================================================
----------------- testing Wed Sep 02 15:35:41 UTC 2020 /home/travis/build/icyphy/ptII/ptolemy/domains/continuous/test/auto/TransferAbsentToInside.xml
----------------- Instantiating /home/travis/build/icyphy/ptII/ptolemy/domains/continuous/test/auto/TransferAbsentToInside.xml
29 ms. Memory: 306176K Free: 202468K (66%)
----------------- Invoking toplevel() on ptolemy.moml.MoMLSimpleApplication@2b7fa383
----------------- Done invoking toplevel() on ptolemy.moml.MoMLSimpleApplication@2b7fa383
reloadAllAccessors: .TransferAbsentToInside

===========================================================================================
----------------- testing Wed Sep 02 15:35:41 UTC 2020 /home/travis/build/icyphy/ptII/ptolemy/domains/continuous/test/auto/Transmission.xml
----------------- Instantiating /home/travis/build/icyphy/ptII/ptolemy/domains/continuous/test/auto/Transmission.xml
701 ms. Memory: 306176K Free: 145284K (47%)
----------------- Invoking toplevel() on ptolemy.moml.MoMLSimpleApplication@120f920
----------------- Done invoking toplevel() on ptolemy.moml.MoMLSimpleApplication@120f920
reloadAllAccessors: .Transmission

===========================================================================================
----------------- testing Wed Sep 02 15:35:42 UTC 2020 /home/travis/build/icyphy/ptII/ptolemy/domains/continuous/test/auto/TriggeredContinuousClock.xml
----------------- Instantiating /home/travis/build/icyphy/ptII/ptolemy/domains/continuous/test/auto/TriggeredContinuousClock.xml
33 ms. Memory: 306176K Free: 115588K (38%)
----------------- Invoking toplevel() on ptolemy.moml.MoMLSimpleApplication@7fab7fbb
----------------- Done invoking toplevel() on ptolemy.moml.MoMLSimpleApplication@7fab7fbb
reloadAllAccessors: .TriggeredContinuousClock

===========================================================================================
----------------- testing Wed Sep 02 15:35:42 UTC 2020 /home/travis/build/icyphy/ptII/ptolemy/domains/continuous/test/auto/TwoMachineInfiniteBusControl.xml
----------------- Instantiating /home/travis/build/icyphy/ptII/ptolemy/domains/continuous/test/auto/TwoMachineInfiniteBusControl.xml
2572 ms. Memory: 367616K Free: 301371K (82%)
----------------- Invoking toplevel() on ptolemy.moml.MoMLSimpleApplication@5fc1c8ff
----------------- Done invoking toplevel() on ptolemy.moml.MoMLSimpleApplication@5fc1c8ff
reloadAllAccessors: .TwoMachineInfiniteBusControl

===========================================================================================
----------------- testing Wed Sep 02 15:35:45 UTC 2020 /home/travis/build/icyphy/ptII/ptolemy/domains/continuous/test/auto/V2V.xml
----------------- Instantiating /home/travis/build/icyphy/ptII/ptolemy/domains/continuous/test/auto/V2V.xml
702 ms. Memory: 367616K Free: 324935K (88%)
----------------- Invoking toplevel() on ptolemy.moml.MoMLSimpleApplication@594b26c4
----------------- Done invoking toplevel() on ptolemy.moml.MoMLSimpleApplication@594b26c4
reloadAllAccessors: .V2V

===========================================================================================
----------------- testing Wed Sep 02 15:35:46 UTC 2020 /home/travis/build/icyphy/ptII/ptolemy/domains/continuous/test/auto/hierarchicalModalModel.xml
----------------- Instantiating /home/travis/build/icyphy/ptII/ptolemy/domains/continuous/test/auto/hierarchicalModalModel.xml
8 ms. Memory: 367616K Free: 310599K (84%)
----------------- Invoking toplevel() on ptolemy.moml.MoMLSimpleApplication@66dbd6a1
----------------- Done invoking toplevel() on ptolemy.moml.MoMLSimpleApplication@66dbd6a1
reloadAllAccessors: .hierarchicalModalModel

===========================================================================================
----------------- testing Wed Sep 02 15:35:46 UTC 2020 /home/travis/build/icyphy/ptII/ptolemy/domains/continuous/test/auto/hierarchicalModalModel1.xml
----------------- Instantiating /home/travis/build/icyphy/ptII/ptolemy/domains/continuous/test/auto/hierarchicalModalModel1.xml
8 ms. Memory: 367616K Free: 296263K (81%)
----------------- Invoking toplevel() on ptolemy.moml.MoMLSimpleApplication@673e8619
----------------- Done invoking toplevel() on ptolemy.moml.MoMLSimpleApplication@673e8619
reloadAllAccessors: .hierarchicalModalModel1

===========================================================================================
----------------- testing Wed Sep 02 15:35:46 UTC 2020 /home/travis/build/icyphy/ptII/ptolemy/domains/continuous/test/auto/hierarchicalModalModel2.xml
----------------- Instantiating /home/travis/build/icyphy/ptII/ptolemy/domains/continuous/test/auto/hierarchicalModalModel2.xml
6 ms. Memory: 367616K Free: 283975K (77%)
----------------- Invoking toplevel() on ptolemy.moml.MoMLSimpleApplication@5c248d07
----------------- Done invoking toplevel() on ptolemy.moml.MoMLSimpleApplication@5c248d07
reloadAllAccessors: .hierarchicalModalModel2

===========================================================================================
----------------- testing Wed Sep 02 15:35:46 UTC 2020 /home/travis/build/icyphy/ptII/ptolemy/domains/continuous/test/auto/hierarchicalModalModel3.xml
----------------- Instantiating /home/travis/build/icyphy/ptII/ptolemy/domains/continuous/test/auto/hierarchicalModalModel3.xml
9 ms. Memory: 367616K Free: 273221K (74%)
----------------- Invoking toplevel() on ptolemy.moml.MoMLSimpleApplication@781125c7
----------------- Done invoking toplevel() on ptolemy.moml.MoMLSimpleApplication@781125c7
reloadAllAccessors: .hierarchicalModalModel3

===========================================================================================
----------------- testing Wed Sep 02 15:35:46 UTC 2020 /home/travis/build/icyphy/ptII/ptolemy/domains/continuous/test/auto/hierarchicalModalModel4.xml
----------------- Instantiating /home/travis/build/icyphy/ptII/ptolemy/domains/continuous/test/auto/hierarchicalModalModel4.xml
5 ms. Memory: 367616K Free: 261447K (71%)
----------------- Invoking toplevel() on ptolemy.moml.MoMLSimpleApplication@4779e67
----------------- Done invoking toplevel() on ptolemy.moml.MoMLSimpleApplication@4779e67
reloadAllAccessors: .hierarchicalModalModel4

===========================================================================================
----------------- testing Wed Sep 02 15:35:46 UTC 2020 /home/travis/build/icyphy/ptII/ptolemy/domains/continuous/test/auto/junk.xml
----------------- Instantiating /home/travis/build/icyphy/ptII/ptolemy/domains/continuous/test/auto/junk.xml
113 ms. Memory: 367616K Free: 235847K (64%)
----------------- Invoking toplevel() on ptolemy.moml.MoMLSimpleApplication@16938461
----------------- Done invoking toplevel() on ptolemy.moml.MoMLSimpleApplication@16938461
reloadAllAccessors: .junk
AutoTests.java: About to close Vertx.
AutoTests.java: Vertx closed.
]]></system-out>
  <system-err><![CDATA[Warning: '.HysteresisWithRandomDelay.NonStrictTest3' The test produced only 22 tokens, yet the correctValues parameter was expecting 30 tokens.
Warning: '.Poisson.NonStrictTest' The test produced only 413 tokens, yet the correctValues parameter was expecting 430 tokens.
]]></system-err>
</testsuite>
