<?xml version="1.0" encoding="UTF-8" ?>
<testsuite errors="0" failures="0" hostname="travis-job-39ddd2ef-3d44-4d1e-b9df-ca689027d755" name="ptolemy.domains.de.test.junit.JUnitTclTest" skipped="0" tests="101" time="129.334" timestamp="2018-09-09T02:24:17">
  <properties>
[...]
</properties>
  <testcase classname="ptolemy.util.test.junit.TclTests" name="[0] /home/travis/build/icyphy/ptII/ptolemy/domains/de/test/DependencyLoop.tcl (RunTclFile)" time="0.769" />
  <testcase classname="ptolemy.util.test.junit.TclTests" name="[1] /home/travis/build/icyphy/ptII/ptolemy/domains/de/test/RunDETestsAsQSS.tcl (RunTclFile)" time="88.206" />
  <testcase classname="ptolemy.util.test.junit.AutoKnownFailedTests" name="[0] /home/travis/build/icyphy/ptII/ptolemy/domains/de/test/auto/knownFailedTests/DESDFClockTest.xml (RunModel)" time="2.034" />
  <testcase classname="ptolemy.util.test.junit.AutoKnownFailedTests" name="[1] /home/travis/build/icyphy/ptII/ptolemy/domains/de/test/auto/knownFailedTests/DirectFeedback.xml (RunModel)" time="0.008" />
  <testcase classname="ptolemy.util.test.junit.AutoKnownFailedTests" name="[2] /home/travis/build/icyphy/ptII/ptolemy/domains/de/test/auto/knownFailedTests/FSMSource.xml (RunModel)" time="0.016" />
  <testcase classname="ptolemy.util.test.junit.AutoKnownFailedTests" name="[3] /home/travis/build/icyphy/ptII/ptolemy/domains/de/test/auto/knownFailedTests/HierarchicalModel.xml (RunModel)" time="0.024" />
  <testcase classname="ptolemy.util.test.junit.AutoKnownFailedTests" name="[4] /home/travis/build/icyphy/ptII/ptolemy/domains/de/test/auto/knownFailedTests/dependencyLoop.xml (RunModel)" time="0.026" />
  <testcase classname="ptolemy.util.test.junit.AutoKnownFailedTests" name="[5] /home/travis/build/icyphy/ptII/ptolemy/domains/de/test/auto/knownFailedTests/dependencyLoop2.xml (RunModel)" time="0.027" />
  <testcase classname="ptolemy.util.test.junit.AutoNameArchTests" name="[0] ThereAreNoAutoArchTests (RunModel)" time="0.005" />
  <testcase classname="ptolemy.util.test.junit.AutoTests" name="[0] /home/travis/build/icyphy/ptII/ptolemy/domains/de/test/auto/ActorDepthCalculation_actorWithoutPorts.xml (RunModel)" time="0.01" />
  <testcase classname="ptolemy.util.test.junit.AutoTests" name="[1] /home/travis/build/icyphy/ptII/ptolemy/domains/de/test/auto/AssemblyLine.xml (RunModel)" time="0.014" />
  <testcase classname="ptolemy.util.test.junit.AutoTests" name="[2] /home/travis/build/icyphy/ptII/ptolemy/domains/de/test/auto/CQBug1.xml (RunModel)" time="0.004" />
  <testcase classname="ptolemy.util.test.junit.AutoTests" name="[3] /home/travis/build/icyphy/ptII/ptolemy/domains/de/test/auto/CancelFireAt.xml (RunModel)" time="0.003" />
  <testcase classname="ptolemy.util.test.junit.AutoTests" name="[4] /home/travis/build/icyphy/ptII/ptolemy/domains/de/test/auto/CausalityAndComposabilityAnalysis.xml (RunModel)" time="0.022" />
  <testcase classname="ptolemy.util.test.junit.AutoTests" name="[5] /home/travis/build/icyphy/ptII/ptolemy/domains/de/test/auto/CausalityInterface1.xml (RunModel)" time="0.009" />
  <testcase classname="ptolemy.util.test.junit.AutoTests" name="[6] /home/travis/build/icyphy/ptII/ptolemy/domains/de/test/auto/CausalityInterface15.xml (RunModel)" time="0.011" />
  <testcase classname="ptolemy.util.test.junit.AutoTests" name="[7] /home/travis/build/icyphy/ptII/ptolemy/domains/de/test/auto/CausalityInterface2.xml (RunModel)" time="0.01" />
  <testcase classname="ptolemy.util.test.junit.AutoTests" name="[8] /home/travis/build/icyphy/ptII/ptolemy/domains/de/test/auto/CausalityInterface3.xml (RunModel)" time="0.013" />
  <testcase classname="ptolemy.util.test.junit.AutoTests" name="[9] /home/travis/build/icyphy/ptII/ptolemy/domains/de/test/auto/ClockDrift.xml (RunModel)" time="0.036" />
  <testcase classname="ptolemy.util.test.junit.AutoTests" name="[10] /home/travis/build/icyphy/ptII/ptolemy/domains/de/test/auto/ClockDriftAndValueChange.xml (RunModel)" time="0.027" />
  <testcase classname="ptolemy.util.test.junit.AutoTests" name="[11] /home/travis/build/icyphy/ptII/ptolemy/domains/de/test/auto/ClockDriftChange.xml (RunModel)" time="0.024" />
  <testcase classname="ptolemy.util.test.junit.AutoTests" name="[12] /home/travis/build/icyphy/ptII/ptolemy/domains/de/test/auto/ComposableCausalityAnalysis.xml (RunModel)" time="0.014" />
  <testcase classname="ptolemy.util.test.junit.AutoTests" name="[13] /home/travis/build/icyphy/ptII/ptolemy/domains/de/test/auto/DEFixedPointLimitation.xml (RunModel)" time="0.009" />
  <testcase classname="ptolemy.util.test.junit.AutoTests" name="[14] /home/travis/build/icyphy/ptII/ptolemy/domains/de/test/auto/DEScheduleTest.xml (RunModel)" time="0.009" />
  <testcase classname="ptolemy.util.test.junit.AutoTests" name="[15] /home/travis/build/icyphy/ptII/ptolemy/domains/de/test/auto/DEinDEwithStartTimes.xml (RunModel)" time="0.013" />
  <testcase classname="ptolemy.util.test.junit.AutoTests" name="[16] /home/travis/build/icyphy/ptII/ptolemy/domains/de/test/auto/DEinDEwithStartTimes2.xml (RunModel)" time="0.012" />
  <testcase classname="ptolemy.util.test.junit.AutoTests" name="[17] /home/travis/build/icyphy/ptII/ptolemy/domains/de/test/auto/DateDemo.xml (RunModel)" time="0.031" />
  <testcase classname="ptolemy.util.test.junit.AutoTests" name="[18] /home/travis/build/icyphy/ptII/ptolemy/domains/de/test/auto/DateToEvent.xml (RunModel)" time="2.038" />
  <testcase classname="ptolemy.util.test.junit.AutoTests" name="[19] /home/travis/build/icyphy/ptII/ptolemy/domains/de/test/auto/DepthTest1.xml (RunModel)" time="0.021" />
  <testcase classname="ptolemy.util.test.junit.AutoTests" name="[20] /home/travis/build/icyphy/ptII/ptolemy/domains/de/test/auto/DepthTest2.xml (RunModel)" time="0.018" />
  <testcase classname="ptolemy.util.test.junit.AutoTests" name="[21] /home/travis/build/icyphy/ptII/ptolemy/domains/de/test/auto/DepthTest3.xml (RunModel)" time="0.008" />
  <testcase classname="ptolemy.util.test.junit.AutoTests" name="[22] /home/travis/build/icyphy/ptII/ptolemy/domains/de/test/auto/DepthTest4.xml (RunModel)" time="0.013" />
  <testcase classname="ptolemy.util.test.junit.AutoTests" name="[23] /home/travis/build/icyphy/ptII/ptolemy/domains/de/test/auto/DepthTest5.xml (RunModel)" time="0.015" />
  <testcase classname="ptolemy.util.test.junit.AutoTests" name="[24] /home/travis/build/icyphy/ptII/ptolemy/domains/de/test/auto/DepthTest6.xml (RunModel)" time="0.018" />
  <testcase classname="ptolemy.util.test.junit.AutoTests" name="[25] /home/travis/build/icyphy/ptII/ptolemy/domains/de/test/auto/DepthTest7.xml (RunModel)" time="0.013" />
  <testcase classname="ptolemy.util.test.junit.AutoTests" name="[26] /home/travis/build/icyphy/ptII/ptolemy/domains/de/test/auto/EventToDate.xml (RunModel)" time="3.037" />
  <testcase classname="ptolemy.util.test.junit.AutoTests" name="[27] /home/travis/build/icyphy/ptII/ptolemy/domains/de/test/auto/FSM1.xml (RunModel)" time="0.035" />
  <testcase classname="ptolemy.util.test.junit.AutoTests" name="[28] /home/travis/build/icyphy/ptII/ptolemy/domains/de/test/auto/FSM7.xml (RunModel)" time="0.04" />
  <testcase classname="ptolemy.util.test.junit.AutoTests" name="[29] /home/travis/build/icyphy/ptII/ptolemy/domains/de/test/auto/Inspection.xml (RunModel)" time="0.07" />
  <testcase classname="ptolemy.util.test.junit.AutoTests" name="[30] /home/travis/build/icyphy/ptII/ptolemy/domains/de/test/auto/Iteration.xml (RunModel)" time="0.033" />
  <testcase classname="ptolemy.util.test.junit.AutoTests" name="[31] /home/travis/build/icyphy/ptII/ptolemy/domains/de/test/auto/LineFault.xml (RunModel)" time="0.618" />
  <testcase classname="ptolemy.util.test.junit.AutoTests" name="[32] /home/travis/build/icyphy/ptII/ptolemy/domains/de/test/auto/MergeModel1Add.xml (RunModel)" time="0.049" />
  <testcase classname="ptolemy.util.test.junit.AutoTests" name="[33] /home/travis/build/icyphy/ptII/ptolemy/domains/de/test/auto/MergeModel2Add.xml (RunModel)" time="0.042" />
  <testcase classname="ptolemy.util.test.junit.AutoTests" name="[34] /home/travis/build/icyphy/ptII/ptolemy/domains/de/test/auto/MergeModel3Add.xml (RunModel)" time="0.043" />
  <testcase classname="ptolemy.util.test.junit.AutoTests" name="[35] /home/travis/build/icyphy/ptII/ptolemy/domains/de/test/auto/MergeWithoutDiscard.xml (RunModel)" time="0.011" />
  <testcase classname="ptolemy.util.test.junit.AutoTests" name="[36] /home/travis/build/icyphy/ptII/ptolemy/domains/de/test/auto/Modal1.xml (RunModel)" time="0.032" />
  <testcase classname="ptolemy.util.test.junit.AutoTests" name="[37] /home/travis/build/icyphy/ptII/ptolemy/domains/de/test/auto/Modal2.xml (RunModel)" time="0.04" />
  <testcase classname="ptolemy.util.test.junit.AutoTests" name="[38] /home/travis/build/icyphy/ptII/ptolemy/domains/de/test/auto/Modal3.xml (RunModel)" time="0.032" />
  <testcase classname="ptolemy.util.test.junit.AutoTests" name="[39] /home/travis/build/icyphy/ptII/ptolemy/domains/de/test/auto/Modal4.xml (RunModel)" time="0.03" />
  <testcase classname="ptolemy.util.test.junit.AutoTests" name="[40] /home/travis/build/icyphy/ptII/ptolemy/domains/de/test/auto/Modal5.xml (RunModel)" time="0.034" />
  <testcase classname="ptolemy.util.test.junit.AutoTests" name="[41] /home/travis/build/icyphy/ptII/ptolemy/domains/de/test/auto/Modal6.xml (RunModel)" time="0.029" />
  <testcase classname="ptolemy.util.test.junit.AutoTests" name="[42] /home/travis/build/icyphy/ptII/ptolemy/domains/de/test/auto/Modal7.xml (RunModel)" time="0.032" />
  <testcase classname="ptolemy.util.test.junit.AutoTests" name="[43] /home/travis/build/icyphy/ptII/ptolemy/domains/de/test/auto/ModalModel.xml (RunModel)" time="0.185" />
  <testcase classname="ptolemy.util.test.junit.AutoTests" name="[44] /home/travis/build/icyphy/ptII/ptolemy/domains/de/test/auto/ModalSource.xml (RunModel)" time="0.019" />
  <testcase classname="ptolemy.util.test.junit.AutoTests" name="[45] /home/travis/build/icyphy/ptII/ptolemy/domains/de/test/auto/NonInterruptibleTimerZeroDelay.xml (RunModel)" time="0.01" />
  <testcase classname="ptolemy.util.test.junit.AutoTests" name="[46] /home/travis/build/icyphy/ptII/ptolemy/domains/de/test/auto/OpenQueueingNetwork.xml (RunModel)" time="2.701" />
  <testcase classname="ptolemy.util.test.junit.AutoTests" name="[47] /home/travis/build/icyphy/ptII/ptolemy/domains/de/test/auto/OpenQueuingNetwork.xml (RunModel)" time="0.325" />
  <testcase classname="ptolemy.util.test.junit.AutoTests" name="[48] /home/travis/build/icyphy/ptII/ptolemy/domains/de/test/auto/PeriodicSampler.xml (RunModel)" time="0.01" />
  <testcase classname="ptolemy.util.test.junit.AutoTests" name="[49] /home/travis/build/icyphy/ptII/ptolemy/domains/de/test/auto/PersistentIO.xml (RunModel)" time="0.024" />
  <testcase classname="ptolemy.util.test.junit.AutoTests" name="[50] /home/travis/build/icyphy/ptII/ptolemy/domains/de/test/auto/PortParameterResetOnInitialize.xml (RunModel)" time="0.009" />
  <testcase classname="ptolemy.util.test.junit.AutoTests" name="[51] /home/travis/build/icyphy/ptII/ptolemy/domains/de/test/auto/PortParameterUpdates.xml (RunModel)" time="0.014" />
  <testcase classname="ptolemy.util.test.junit.AutoTests" name="[52] /home/travis/build/icyphy/ptII/ptolemy/domains/de/test/auto/QueueAndServer.xml (RunModel)" time="0.021" />
  <testcase classname="ptolemy.util.test.junit.AutoTests" name="[53] /home/travis/build/icyphy/ptII/ptolemy/domains/de/test/auto/Records.xml (RunModel)" time="0.016" />
  <testcase classname="ptolemy.util.test.junit.AutoTests" name="[54] /home/travis/build/icyphy/ptII/ptolemy/domains/de/test/auto/ResetTransitionWithStartTime1.xml (RunModel)" time="0.025" />
  <testcase classname="ptolemy.util.test.junit.AutoTests" name="[55] /home/travis/build/icyphy/ptII/ptolemy/domains/de/test/auto/ResetTransitionWithStartTime2.xml (RunModel)" time="0.018" />
  <testcase classname="ptolemy.util.test.junit.AutoTests" name="[56] /home/travis/build/icyphy/ptII/ptolemy/domains/de/test/auto/ResetTransitionWithStartTime3.xml (RunModel)" time="0.019" />
  <testcase classname="ptolemy.util.test.junit.AutoTests" name="[57] /home/travis/build/icyphy/ptII/ptolemy/domains/de/test/auto/ResetTransitionWithStartTime4.xml (RunModel)" time="0.022" />
  <testcase classname="ptolemy.util.test.junit.AutoTests" name="[58] /home/travis/build/icyphy/ptII/ptolemy/domains/de/test/auto/ResettableTimer1.xml (RunModel)" time="0.011" />
  <testcase classname="ptolemy.util.test.junit.AutoTests" name="[59] /home/travis/build/icyphy/ptII/ptolemy/domains/de/test/auto/ResettableTimer2.xml (RunModel)" time="0.015" />
  <testcase classname="ptolemy.util.test.junit.AutoTests" name="[60] /home/travis/build/icyphy/ptII/ptolemy/domains/de/test/auto/ResettableTimer3.xml (RunModel)" time="0.011" />
  <testcase classname="ptolemy.util.test.junit.AutoTests" name="[61] /home/travis/build/icyphy/ptII/ptolemy/domains/de/test/auto/ResettableTimer4.xml (RunModel)" time="0.01" />
  <testcase classname="ptolemy.util.test.junit.AutoTests" name="[62] /home/travis/build/icyphy/ptII/ptolemy/domains/de/test/auto/ResettableTimer5.xml (RunModel)" time="0.01" />
  <testcase classname="ptolemy.util.test.junit.AutoTests" name="[63] /home/travis/build/icyphy/ptII/ptolemy/domains/de/test/auto/ResettableTimer6.xml (RunModel)" time="0.02" />
  <testcase classname="ptolemy.util.test.junit.AutoTests" name="[64] /home/travis/build/icyphy/ptII/ptolemy/domains/de/test/auto/ServerZeroDelay.xml (RunModel)" time="0.012" />
  <testcase classname="ptolemy.util.test.junit.AutoTests" name="[65] /home/travis/build/icyphy/ptII/ptolemy/domains/de/test/auto/SmartSender.xml (RunModel)" time="3.015" />
  <testcase classname="ptolemy.util.test.junit.AutoTests" name="[66] /home/travis/build/icyphy/ptII/ptolemy/domains/de/test/auto/ThreadedComposite.xml (RunModel)" time="0.199" />
  <testcase classname="ptolemy.util.test.junit.AutoTests" name="[67] /home/travis/build/icyphy/ptII/ptolemy/domains/de/test/auto/Time.xml (RunModel)" time="0.465" />
  <testcase classname="ptolemy.util.test.junit.AutoTests" name="[68] /home/travis/build/icyphy/ptII/ptolemy/domains/de/test/auto/TimeDelayZeroDelay.xml (RunModel)" time="0.018" />
  <testcase classname="ptolemy.util.test.junit.AutoTests" name="[69] /home/travis/build/icyphy/ptII/ptolemy/domains/de/test/auto/TimerZeroDelay.xml (RunModel)" time="0.014" />
  <testcase classname="ptolemy.util.test.junit.AutoTests" name="[70] /home/travis/build/icyphy/ptII/ptolemy/domains/de/test/auto/TimingParadox.xml (RunModel)" time="0.34" />
  <testcase classname="ptolemy.util.test.junit.AutoTests" name="[71] /home/travis/build/icyphy/ptII/ptolemy/domains/de/test/auto/TransferInputs.xml (RunModel)" time="0.009" />
  <testcase classname="ptolemy.util.test.junit.AutoTests" name="[72] /home/travis/build/icyphy/ptII/ptolemy/domains/de/test/auto/TransferOutputs2.xml (RunModel)" time="0.017" />
  <testcase classname="ptolemy.util.test.junit.AutoTests" name="[73] /home/travis/build/icyphy/ptII/ptolemy/domains/de/test/auto/Trilateration.xml (RunModel)" time="11.246" />
  <testcase classname="ptolemy.util.test.junit.AutoTests" name="[74] /home/travis/build/icyphy/ptII/ptolemy/domains/de/test/auto/TwoSigmaDelta.xml (RunModel)" time="2.224" />
  <testcase classname="ptolemy.util.test.junit.AutoTests" name="[75] /home/travis/build/icyphy/ptII/ptolemy/domains/de/test/auto/VariableDelay.xml (RunModel)" time="0.01" />
  <testcase classname="ptolemy.util.test.junit.AutoTests" name="[76] /home/travis/build/icyphy/ptII/ptolemy/domains/de/test/auto/VariableDelay2.xml (RunModel)" time="0.008" />
  <testcase classname="ptolemy.util.test.junit.AutoTests" name="[77] /home/travis/build/icyphy/ptII/ptolemy/domains/de/test/auto/VariableDelayZeroDelay.xml (RunModel)" time="0.014" />
  <testcase classname="ptolemy.util.test.junit.AutoTests" name="[78] /home/travis/build/icyphy/ptII/ptolemy/domains/de/test/auto/VariableDelayZeroDelay2.xml (RunModel)" time="0.009" />
  <testcase classname="ptolemy.util.test.junit.AutoTests" name="[79] /home/travis/build/icyphy/ptII/ptolemy/domains/de/test/auto/deInCt.xml (RunModel)" time="0.016" />
  <testcase classname="ptolemy.util.test.junit.AutoTests" name="[80] /home/travis/build/icyphy/ptII/ptolemy/domains/de/test/auto/deInCt2.xml (RunModel)" time="0.014" />
  <testcase classname="ptolemy.util.test.junit.AutoTests" name="[81] /home/travis/build/icyphy/ptII/ptolemy/domains/de/test/auto/dynamicCausalityInterface1.xml (RunModel)" time="0.018" />
  <testcase classname="ptolemy.util.test.junit.AutoTests" name="[82] /home/travis/build/icyphy/ptII/ptolemy/domains/de/test/auto/fsm_de_test.xml (RunModel)" time="0.028" />
  <testcase classname="ptolemy.util.test.junit.AutoTests" name="[83] /home/travis/build/icyphy/ptII/ptolemy/domains/de/test/auto/functionDependencyReconstruction.xml (RunModel)" time="0.038" />
  <testcase classname="ptolemy.util.test.junit.AutoTests" name="[84] /home/travis/build/icyphy/ptII/ptolemy/domains/de/test/auto/multirate.xml (RunModel)" time="0.017" />
  <testcase classname="ptolemy.util.test.junit.AutoTests" name="[85] /home/travis/build/icyphy/ptII/ptolemy/domains/de/test/auto/multirate2.xml (RunModel)" time="0.015" />
  <testcase classname="ptolemy.util.test.junit.AutoTests" name="[86] /home/travis/build/icyphy/ptII/ptolemy/domains/de/test/auto/realtime.xml (RunModel)" time="10.011" />
  <testcase classname="ptolemy.util.test.junit.AutoTests" name="[87] /home/travis/build/icyphy/ptII/ptolemy/domains/de/test/auto/relationGroup.xml (RunModel)" time="0.011" />
  <testcase classname="ptolemy.util.test.junit.AutoTests" name="[88] /home/travis/build/icyphy/ptII/ptolemy/domains/de/test/auto/relationGroup2.xml (RunModel)" time="0.009" />
  <testcase classname="ptolemy.util.test.junit.AutoTests" name="[89] /home/travis/build/icyphy/ptII/ptolemy/domains/de/test/auto/sortWithOpaquePorts.xml (RunModel)" time="0.01" />
  <testcase classname="ptolemy.util.test.junit.AutoTests" name="[90] /home/travis/build/icyphy/ptII/ptolemy/domains/de/test/auto/transferInputsandOutputs.xml (RunModel)" time="0.024" />
  <testcase classname="ptolemy.util.test.junit.AutoTests" name="[91] /home/travis/build/icyphy/ptII/ptolemy/domains/de/test/auto/triggerType.xml (RunModel)" time="0.013" />
  <system-out><![CDATA[/home/travis/build/icyphy/ptII/ptolemy/domains/de/test/DependencyLoop.tcl
testDefs.tcl: setting time out to 9000 seconds at Sun Sep 09 02:24:17 UTC 2018
22 ms. Memory: 116224K Free: 93467K (80%)
5 ms. Memory: 146944K Free: 135489K (92%)
/home/travis/build/icyphy/ptII/ptolemy/domains/de/test/RunDETestsAsQSS.tcl
Run the DE tests using ptolemy.domains.qss.test.QSSDirectorTest, which extends QSSDirector and prints a message in the constructors.
------------------ testing $PTII/ptolemy/domains/de/test/auto/knownFailedTests/dependencyLoop.xml (Known Failure) 
11 ms. Memory: 146944K Free: 132377K (90%)


==== $PTIIhome/travis/build/icyphy/ptII/ptolemy/domains/de/test/../../../../: Auto Automatic test in file $PTII/ptolemy/domains/de/test/auto/knownFailedTests/dependencyLoop.xml
==== Contents of test case:

	    # FIXME: we should use $relativeFilename here, but it
	    # might have backslashes under Windows, which causes no end
	    # of trouble.
	    createAndExecute $file
	    list {}
	
.... Test generated KNOWN error:
    while executing
ptolemy.kernel.util.IllegalActionException: Found a zero delay loop containing .dependencyLoop.original
  in .dependencyLoop and .dependencyLoop.original
	at ptolemy.actor.util.CausalityInterfaceForComposites._computeOutputPortDepth(CausalityInterfaceForComposites.java:759)
	at ptolemy.actor.util.CausalityInterfaceForComposites._computeInputDepth(CausalityInterfaceForComposites.java:696)
	at ptolemy.actor.util.CausalityInterfaceForComposites._computeOutputPortDepth(CausalityInterfaceForComposites.java:765)
	at ptolemy.actor.util.CausalityInterfaceForComposites._computeInputDepth(CausalityInterfaceForComposites.java:696)
	at ptolemy.actor.util.CausalityInterfaceForComposites._computeOutputPortDepth(CausalityInterfaceForComposites.java:765)
	at ptolemy.actor.util.CausalityInterfaceForComposites._computeInputDepth(CausalityInterfaceForComposites.java:696)
	at ptolemy.actor.util.CausalityInterfaceForComposites._computeActorDepth(CausalityInterfaceForComposites.java:532)
	at ptolemy.actor.util.CausalityInterfaceForComposites.checkForCycles(CausalityInterfaceForComposites.java:96)
	at ptolemy.domains.de.kernel.DEDirector.preinitialize(DEDirector.java:1338)
	at ptolemy.actor.CompositeActor.preinitialize(CompositeActor.java:1828)
	at ptolemy.actor.Manager.preinitializeAndResolveTypes(Manager.java:1040)
	at ptolemy.actor.Manager.initialize(Manager.java:710)
	at ptolemy.actor.Manager.execute(Manager.java:356)
	at ptolemy.actor.Manager.run(Manager.java:1263)
	at ptolemy.actor.Manager$PtolemyRunThread.run(Manager.java:1915)

    while executing
ptolemy.kernel.util.IllegalActionException: Found a zero delay loop containing .dependencyLoop.original
  in .dependencyLoop and .dependencyLoop.original
    while executing
"java::new ptolemy.moml.MoMLSimpleApplication $file
"
    (procedure "createAndExecute" line 2)
    invoked from within
"createAndExecute $file"
    ("uplevel" body line 5)
    invoked from within
"uplevel $contents_of_test"
------------------ testing $PTII/ptolemy/domains/de/test/auto/knownFailedTests/DESDFClockTest.xml (Known Failure) 
2104 ms. Memory: 146944K Free: 116648K (79%)


==== $PTIIhome/travis/build/icyphy/ptII/ptolemy/domains/de/test/../../../../: Auto Automatic test in file $PTII/ptolemy/domains/de/test/auto/knownFailedTests/DESDFClockTest.xml
==== Contents of test case:

	    # FIXME: we should use $relativeFilename here, but it
	    # might have backslashes under Windows, which causes no end
	    # of trouble.
	    createAndExecute $file
	    list {}
	
.... Test generated KNOWN error:
    while executing
ptolemy.kernel.util.IllegalActionException: Actor is not ready to fire.  Perhaps UpSample.prefire() returned false? Try debugging the actor by selecting "Listen to Actor".  Also, for SDF check moml for tokenConsumptionRate on input.
  in .DESDFClockTest.Play Bell.Copy1:SDF Director and .DESDFClockTest.Play Bell.UpSample
	at ptolemy.actor.sched.StaticSchedulingDirector.fire(StaticSchedulingDirector.java:227)
	at ptolemy.domains.sdf.kernel.SDFDirector.fire(SDFDirector.java:500)
	at ptolemy.actor.CompositeActor.fire(CompositeActor.java:455)
	at ptolemy.domains.de.kernel.DEDirector._fire(DEDirector.java:1949)
	at ptolemy.domains.de.kernel.DEDirector.fire(DEDirector.java:502)
	at ptolemy.actor.CompositeActor.fire(CompositeActor.java:455)
	at ptolemy.actor.Manager.iterate(Manager.java:851)
	at ptolemy.actor.Manager.execute(Manager.java:369)
	at ptolemy.actor.Manager.run(Manager.java:1263)
	at ptolemy.actor.Manager$PtolemyRunThread.run(Manager.java:1915)

    while executing
ptolemy.kernel.util.IllegalActionException: Actor is not ready to fire.  Perhaps UpSample.prefire() returned false? Try debugging the actor by selecting "Listen to Actor".  Also, for SDF check moml for tokenConsumptionRate on input.
  in .DESDFClockTest.Play Bell.Copy1:SDF Director and .DESDFClockTest.Play Bell.UpSample
    while executing
"java::new ptolemy.moml.MoMLSimpleApplication $file
"
    (procedure "createAndExecute" line 2)
    invoked from within
"createAndExecute $file"
    ("uplevel" body line 5)
    invoked from within
"uplevel $contents_of_test"
------------------ testing $PTII/ptolemy/domains/de/test/auto/knownFailedTests/FSMSource.xml (Known Failure) 
23 ms. Memory: 146944K Free: 107710K (73%)
!!!! Auto was marked as failing, but now passes
------------------ testing $PTII/ptolemy/domains/de/test/auto/knownFailedTests/dependencyLoop2.xml (Known Failure) 
7 ms. Memory: 146944K Free: 105827K (72%)


==== $PTIIhome/travis/build/icyphy/ptII/ptolemy/domains/de/test/../../../../: Auto Automatic test in file $PTII/ptolemy/domains/de/test/auto/knownFailedTests/dependencyLoop2.xml
==== Contents of test case:

	    # FIXME: we should use $relativeFilename here, but it
	    # might have backslashes under Windows, which causes no end
	    # of trouble.
	    createAndExecute $file
	    list {}
	
.... Test generated KNOWN error:
    while executing
ptolemy.kernel.util.IllegalActionException: Found a zero delay loop containing .dependencyLoop2.original
  in .dependencyLoop2 and .dependencyLoop2.original
	at ptolemy.actor.util.CausalityInterfaceForComposites._computeOutputPortDepth(CausalityInterfaceForComposites.java:759)
	at ptolemy.actor.util.CausalityInterfaceForComposites._computeInputDepth(CausalityInterfaceForComposites.java:696)
	at ptolemy.actor.util.CausalityInterfaceForComposites._computeOutputPortDepth(CausalityInterfaceForComposites.java:765)
	at ptolemy.actor.util.CausalityInterfaceForComposites._computeInputDepth(CausalityInterfaceForComposites.java:696)
	at ptolemy.actor.util.CausalityInterfaceForComposites._computeOutputPortDepth(CausalityInterfaceForComposites.java:765)
	at ptolemy.actor.util.CausalityInterfaceForComposites._computeInputDepth(CausalityInterfaceForComposites.java:696)
	at ptolemy.actor.util.CausalityInterfaceForComposites._computeActorDepth(CausalityInterfaceForComposites.java:532)
	at ptolemy.actor.util.CausalityInterfaceForComposites.checkForCycles(CausalityInterfaceForComposites.java:96)
	at ptolemy.domains.de.kernel.DEDirector.preinitialize(DEDirector.java:1338)
	at ptolemy.actor.CompositeActor.preinitialize(CompositeActor.java:1828)
	at ptolemy.actor.Manager.preinitializeAndResolveTypes(Manager.java:1040)
	at ptolemy.actor.Manager.initialize(Manager.java:710)
	at ptolemy.actor.Manager.execute(Manager.java:356)
	at ptolemy.actor.Manager.run(Manager.java:1263)
	at ptolemy.actor.Manager$PtolemyRunThread.run(Manager.java:1915)

    while executing
ptolemy.kernel.util.IllegalActionException: Found a zero delay loop containing .dependencyLoop2.original
  in .dependencyLoop2 and .dependencyLoop2.original
    while executing
"java::new ptolemy.moml.MoMLSimpleApplication $file
"
    (procedure "createAndExecute" line 2)
    invoked from within
"createAndExecute $file"
    ("uplevel" body line 5)
    invoked from within
"uplevel $contents_of_test"
------------------ testing $PTII/ptolemy/domains/de/test/auto/knownFailedTests/HierarchicalModel.xml (Known Failure) 
12 ms. Memory: 146944K Free: 85331K (58%)


==== $PTIIhome/travis/build/icyphy/ptII/ptolemy/domains/de/test/../../../../: Auto Automatic test in file $PTII/ptolemy/domains/de/test/auto/knownFailedTests/HierarchicalModel.xml
==== Contents of test case:

	    # FIXME: we should use $relativeFilename here, but it
	    # might have backslashes under Windows, which causes no end
	    # of trouble.
	    createAndExecute $file
	    list {}
	
.... Test generated KNOWN error:
    while executing
ptolemy.kernel.util.IllegalActionException: Found a zero delay loop containing .HierarchicalModel.A
  in .HierarchicalModel and .HierarchicalModel.A
	at ptolemy.actor.util.CausalityInterfaceForComposites._computeOutputPortDepth(CausalityInterfaceForComposites.java:759)
	at ptolemy.actor.util.CausalityInterfaceForComposites._computeInputDepth(CausalityInterfaceForComposites.java:696)
	at ptolemy.actor.util.CausalityInterfaceForComposites._computeOutputPortDepth(CausalityInterfaceForComposites.java:765)
	at ptolemy.actor.util.CausalityInterfaceForComposites._computeInputDepth(CausalityInterfaceForComposites.java:696)
	at ptolemy.actor.util.CausalityInterfaceForComposites._computeOutputPortDepth(CausalityInterfaceForComposites.java:765)
	at ptolemy.actor.util.CausalityInterfaceForComposites._computeInputDepth(CausalityInterfaceForComposites.java:696)
	at ptolemy.actor.util.CausalityInterfaceForComposites._computeActorDepth(CausalityInterfaceForComposites.java:532)
	at ptolemy.actor.util.CausalityInterfaceForComposites.checkForCycles(CausalityInterfaceForComposites.java:96)
	at ptolemy.domains.de.kernel.DEDirector.preinitialize(DEDirector.java:1338)
	at ptolemy.actor.CompositeActor.preinitialize(CompositeActor.java:1828)
	at ptolemy.actor.Manager.preinitializeAndResolveTypes(Manager.java:1040)
	at ptolemy.actor.Manager.initialize(Manager.java:710)
	at ptolemy.actor.Manager.execute(Manager.java:356)
	at ptolemy.actor.Manager.run(Manager.java:1263)
	at ptolemy.actor.Manager$PtolemyRunThread.run(Manager.java:1915)

    while executing
ptolemy.kernel.util.IllegalActionException: Found a zero delay loop containing .HierarchicalModel.A
  in .HierarchicalModel and .HierarchicalModel.A
    while executing
"java::new ptolemy.moml.MoMLSimpleApplication $file
"
    (procedure "createAndExecute" line 2)
    invoked from within
"createAndExecute $file"
    ("uplevel" body line 5)
    invoked from within
"uplevel $contents_of_test"
------------------ testing $PTII/ptolemy/domains/de/test/auto/knownFailedTests/DirectFeedback.xml (Known Failure) 
10 ms. Memory: 146944K Free: 141366K (96%)


==== $PTIIhome/travis/build/icyphy/ptII/ptolemy/domains/de/test/../../../../: Auto Automatic test in file $PTII/ptolemy/domains/de/test/auto/knownFailedTests/DirectFeedback.xml
==== Contents of test case:

	    # FIXME: we should use $relativeFilename here, but it
	    # might have backslashes under Windows, which causes no end
	    # of trouble.
	    createAndExecute $file
	    list {}
	
.... Test generated KNOWN error:
    while executing
ptolemy.kernel.util.IllegalActionException: Test fails in iteration 1.
Value was: 1.0. Should have been: 2.0
  in .DirectFeedback.Test
	at ptolemy.actor.lib.Test.fire(Test.java:268)
	at ptolemy.domains.de.kernel.DEDirector._fire(DEDirector.java:1949)
	at ptolemy.domains.de.kernel.DEDirector.fire(DEDirector.java:502)
	at ptolemy.actor.CompositeActor.fire(CompositeActor.java:455)
	at ptolemy.actor.Manager.iterate(Manager.java:851)
	at ptolemy.actor.Manager.execute(Manager.java:369)
	at ptolemy.actor.Manager.run(Manager.java:1263)
	at ptolemy.actor.Manager$PtolemyRunThread.run(Manager.java:1915)

    while executing
ptolemy.kernel.util.IllegalActionException: Test fails in iteration 1.
Value was: 1.0. Should have been: 2.0
  in .DirectFeedback.Test
    while executing
"java::new ptolemy.moml.MoMLSimpleApplication $file
"
    (procedure "createAndExecute" line 2)
    invoked from within
"createAndExecute $file"
    ("uplevel" body line 5)
    invoked from within
"uplevel $contents_of_test"
------------------ testing $PTII/ptolemy/domains/de/test/auto/ActorDepthCalculation_actorWithoutPorts.xml
auto.tcl: Setting watchdog for 200 seconds at Sun Sep 09 02:24:20 UTC 2018
4 ms. Memory: 146944K Free: 132406K (90%)
ptolemy.util.test.WatchDog.cancel(): canceling Sun Sep 09 02:24:20 UTC 2018
auto.tcl: Setting watchdog for 200 seconds at Sun Sep 09 02:24:20 UTC 2018
5 ms. Memory: 146944K Free: 131365K (89%)
ptolemy.util.test.WatchDog.cancel(): canceling Sun Sep 09 02:24:20 UTC 2018
------------------ testing $PTII/ptolemy/domains/de/test/auto/AssemblyLine.xml
auto.tcl: Setting watchdog for 200 seconds at Sun Sep 09 02:24:20 UTC 2018
14 ms. Memory: 208384K Free: 182823K (88%)
ptolemy.util.test.WatchDog.cancel(): canceling Sun Sep 09 02:24:21 UTC 2018
auto.tcl: Setting watchdog for 200 seconds at Sun Sep 09 02:24:21 UTC 2018
11 ms. Memory: 208384K Free: 182823K (88%)
ptolemy.util.test.WatchDog.cancel(): canceling Sun Sep 09 02:24:21 UTC 2018
------------------ testing $PTII/ptolemy/domains/de/test/auto/CQBug1.xml
auto.tcl: Setting watchdog for 200 seconds at Sun Sep 09 02:24:21 UTC 2018
7 ms. Memory: 208384K Free: 197704K (95%)
ptolemy.util.test.WatchDog.cancel(): canceling Sun Sep 09 02:24:21 UTC 2018
auto.tcl: Setting watchdog for 200 seconds at Sun Sep 09 02:24:21 UTC 2018
3 ms. Memory: 208384K Free: 197366K (95%)
ptolemy.util.test.WatchDog.cancel(): canceling Sun Sep 09 02:24:21 UTC 2018
------------------ testing $PTII/ptolemy/domains/de/test/auto/CancelFireAt.xml
auto.tcl: Setting watchdog for 200 seconds at Sun Sep 09 02:24:21 UTC 2018
6 ms. Memory: 208384K Free: 201086K (96%)
ptolemy.util.test.WatchDog.cancel(): canceling Sun Sep 09 02:24:21 UTC 2018
auto.tcl: Setting watchdog for 200 seconds at Sun Sep 09 02:24:21 UTC 2018
3 ms. Memory: 208384K Free: 198982K (95%)
ptolemy.util.test.WatchDog.cancel(): canceling Sun Sep 09 02:24:21 UTC 2018
------------------ testing $PTII/ptolemy/domains/de/test/auto/CausalityAndComposabilityAnalysis.xml
auto.tcl: Setting watchdog for 200 seconds at Sun Sep 09 02:24:21 UTC 2018
21 ms. Memory: 208384K Free: 196885K (94%)
ptolemy.util.test.WatchDog.cancel(): canceling Sun Sep 09 02:24:21 UTC 2018
auto.tcl: Setting watchdog for 200 seconds at Sun Sep 09 02:24:21 UTC 2018
12 ms. Memory: 208384K Free: 196885K (94%)
ptolemy.util.test.WatchDog.cancel(): canceling Sun Sep 09 02:24:21 UTC 2018
------------------ testing $PTII/ptolemy/domains/de/test/auto/CausalityInterface1.xml
auto.tcl: Setting watchdog for 200 seconds at Sun Sep 09 02:24:21 UTC 2018
12 ms. Memory: 208384K Free: 196413K (94%)
ptolemy.util.test.WatchDog.cancel(): canceling Sun Sep 09 02:24:21 UTC 2018
auto.tcl: Setting watchdog for 200 seconds at Sun Sep 09 02:24:21 UTC 2018
11 ms. Memory: 208384K Free: 196413K (94%)
ptolemy.util.test.WatchDog.cancel(): canceling Sun Sep 09 02:24:21 UTC 2018
------------------ testing $PTII/ptolemy/domains/de/test/auto/CausalityInterface15.xml
auto.tcl: Setting watchdog for 200 seconds at Sun Sep 09 02:24:21 UTC 2018
8 ms. Memory: 208384K Free: 196404K (94%)
ptolemy.util.test.WatchDog.cancel(): canceling Sun Sep 09 02:24:21 UTC 2018
auto.tcl: Setting watchdog for 200 seconds at Sun Sep 09 02:24:21 UTC 2018
4 ms. Memory: 208384K Free: 196404K (94%)
ptolemy.util.test.WatchDog.cancel(): canceling Sun Sep 09 02:24:21 UTC 2018
------------------ testing $PTII/ptolemy/domains/de/test/auto/CausalityInterface2.xml
auto.tcl: Setting watchdog for 200 seconds at Sun Sep 09 02:24:21 UTC 2018
3 ms. Memory: 208384K Free: 196388K (94%)
ptolemy.util.test.WatchDog.cancel(): canceling Sun Sep 09 02:24:21 UTC 2018
auto.tcl: Setting watchdog for 200 seconds at Sun Sep 09 02:24:21 UTC 2018
3 ms. Memory: 208384K Free: 196388K (94%)
ptolemy.util.test.WatchDog.cancel(): canceling Sun Sep 09 02:24:21 UTC 2018
------------------ testing $PTII/ptolemy/domains/de/test/auto/CausalityInterface3.xml
auto.tcl: Setting watchdog for 200 seconds at Sun Sep 09 02:24:21 UTC 2018
10 ms. Memory: 208384K Free: 196401K (94%)
ptolemy.util.test.WatchDog.cancel(): canceling Sun Sep 09 02:24:21 UTC 2018
auto.tcl: Setting watchdog for 200 seconds at Sun Sep 09 02:24:21 UTC 2018
3 ms. Memory: 208384K Free: 196401K (94%)
ptolemy.util.test.WatchDog.cancel(): canceling Sun Sep 09 02:24:21 UTC 2018
------------------ testing $PTII/ptolemy/domains/de/test/auto/ClockDrift.xml
auto.tcl: Setting watchdog for 200 seconds at Sun Sep 09 02:24:22 UTC 2018
115 ms. Memory: 208384K Free: 187622K (90%)
ptolemy.util.test.WatchDog.cancel(): canceling Sun Sep 09 02:24:22 UTC 2018
auto.tcl: Setting watchdog for 200 seconds at Sun Sep 09 02:24:22 UTC 2018
76 ms. Memory: 208384K Free: 185518K (89%)
ptolemy.util.test.WatchDog.cancel(): canceling Sun Sep 09 02:24:22 UTC 2018
------------------ testing $PTII/ptolemy/domains/de/test/auto/ClockDriftAndValueChange.xml
auto.tcl: Setting watchdog for 200 seconds at Sun Sep 09 02:24:22 UTC 2018
55 ms. Memory: 208384K Free: 187454K (90%)
ptolemy.util.test.WatchDog.cancel(): canceling Sun Sep 09 02:24:22 UTC 2018
auto.tcl: Setting watchdog for 200 seconds at Sun Sep 09 02:24:22 UTC 2018
40 ms. Memory: 208384K Free: 185351K (89%)
ptolemy.util.test.WatchDog.cancel(): canceling Sun Sep 09 02:24:22 UTC 2018
------------------ testing $PTII/ptolemy/domains/de/test/auto/ClockDriftChange.xml
auto.tcl: Setting watchdog for 200 seconds at Sun Sep 09 02:24:22 UTC 2018
23 ms. Memory: 208384K Free: 190781K (92%)
ptolemy.util.test.WatchDog.cancel(): canceling Sun Sep 09 02:24:22 UTC 2018
auto.tcl: Setting watchdog for 200 seconds at Sun Sep 09 02:24:22 UTC 2018
25 ms. Memory: 208384K Free: 188677K (91%)
ptolemy.util.test.WatchDog.cancel(): canceling Sun Sep 09 02:24:22 UTC 2018
------------------ testing $PTII/ptolemy/domains/de/test/auto/ComposableCausalityAnalysis.xml
auto.tcl: Setting watchdog for 200 seconds at Sun Sep 09 02:24:22 UTC 2018
2 ms. Memory: 208384K Free: 196255K (94%)
ptolemy.util.test.WatchDog.cancel(): canceling Sun Sep 09 02:24:22 UTC 2018
auto.tcl: Setting watchdog for 200 seconds at Sun Sep 09 02:24:22 UTC 2018
4 ms. Memory: 208384K Free: 194152K (93%)
ptolemy.util.test.WatchDog.cancel(): canceling Sun Sep 09 02:24:22 UTC 2018
------------------ testing $PTII/ptolemy/domains/de/test/auto/DEFixedPointLimitation.xml
auto.tcl: Setting watchdog for 200 seconds at Sun Sep 09 02:24:22 UTC 2018
2 ms. Memory: 208384K Free: 196336K (94%)
ptolemy.util.test.WatchDog.cancel(): canceling Sun Sep 09 02:24:22 UTC 2018
auto.tcl: Setting watchdog for 200 seconds at Sun Sep 09 02:24:22 UTC 2018
1 ms. Memory: 208384K Free: 196336K (94%)
ptolemy.util.test.WatchDog.cancel(): canceling Sun Sep 09 02:24:22 UTC 2018
------------------ testing $PTII/ptolemy/domains/de/test/auto/DEScheduleTest.xml
auto.tcl: Setting watchdog for 200 seconds at Sun Sep 09 02:24:22 UTC 2018
3 ms. Memory: 208384K Free: 198476K (95%)
ptolemy.util.test.WatchDog.cancel(): canceling Sun Sep 09 02:24:22 UTC 2018
auto.tcl: Setting watchdog for 200 seconds at Sun Sep 09 02:24:22 UTC 2018
5 ms. Memory: 208384K Free: 196372K (94%)
ptolemy.util.test.WatchDog.cancel(): canceling Sun Sep 09 02:24:22 UTC 2018
------------------ testing $PTII/ptolemy/domains/de/test/auto/DEinDEwithStartTimes.xml
auto.tcl: Setting watchdog for 200 seconds at Sun Sep 09 02:24:22 UTC 2018
10 ms. Memory: 208384K Free: 196342K (94%)
ptolemy.util.test.WatchDog.cancel(): canceling Sun Sep 09 02:24:22 UTC 2018
auto.tcl: Setting watchdog for 200 seconds at Sun Sep 09 02:24:22 UTC 2018
8 ms. Memory: 208384K Free: 194239K (93%)
ptolemy.util.test.WatchDog.cancel(): canceling Sun Sep 09 02:24:22 UTC 2018
------------------ testing $PTII/ptolemy/domains/de/test/auto/DEinDEwithStartTimes2.xml
auto.tcl: Setting watchdog for 200 seconds at Sun Sep 09 02:24:23 UTC 2018
4 ms. Memory: 208384K Free: 196660K (94%)
ptolemy.util.test.WatchDog.cancel(): canceling Sun Sep 09 02:24:23 UTC 2018
auto.tcl: Setting watchdog for 200 seconds at Sun Sep 09 02:24:23 UTC 2018
4 ms. Memory: 208384K Free: 194218K (93%)
ptolemy.util.test.WatchDog.cancel(): canceling Sun Sep 09 02:24:23 UTC 2018
------------------ testing $PTII/ptolemy/domains/de/test/auto/DateDemo.xml
auto.tcl: Setting watchdog for 200 seconds at Sun Sep 09 02:24:23 UTC 2018
22 ms. Memory: 208384K Free: 188741K (91%)
ptolemy.util.test.WatchDog.cancel(): canceling Sun Sep 09 02:24:23 UTC 2018
auto.tcl: Setting watchdog for 200 seconds at Sun Sep 09 02:24:23 UTC 2018
10 ms. Memory: 208384K Free: 186638K (90%)
ptolemy.util.test.WatchDog.cancel(): canceling Sun Sep 09 02:24:23 UTC 2018
------------------ testing $PTII/ptolemy/domains/de/test/auto/DateToEvent.xml
auto.tcl: Setting watchdog for 200 seconds at Sun Sep 09 02:24:23 UTC 2018
2012 ms. Memory: 208384K Free: 183453K (88%)
ptolemy.util.test.WatchDog.cancel(): canceling Sun Sep 09 02:24:25 UTC 2018
auto.tcl: Setting watchdog for 200 seconds at Sun Sep 09 02:24:25 UTC 2018
2005 ms. Memory: 208384K Free: 180996K (87%)
ptolemy.util.test.WatchDog.cancel(): canceling Sun Sep 09 02:24:27 UTC 2018
------------------ testing $PTII/ptolemy/domains/de/test/auto/DepthTest1.xml
auto.tcl: Setting watchdog for 200 seconds at Sun Sep 09 02:24:27 UTC 2018
2 ms. Memory: 208384K Free: 198005K (95%)
ptolemy.util.test.WatchDog.cancel(): canceling Sun Sep 09 02:24:27 UTC 2018
auto.tcl: Setting watchdog for 200 seconds at Sun Sep 09 02:24:27 UTC 2018
2 ms. Memory: 208384K Free: 198005K (95%)
ptolemy.util.test.WatchDog.cancel(): canceling Sun Sep 09 02:24:27 UTC 2018
------------------ testing $PTII/ptolemy/domains/de/test/auto/DepthTest2.xml
auto.tcl: Setting watchdog for 200 seconds at Sun Sep 09 02:24:27 UTC 2018
4 ms. Memory: 208384K Free: 194200K (93%)
ptolemy.util.test.WatchDog.cancel(): canceling Sun Sep 09 02:24:27 UTC 2018
auto.tcl: Setting watchdog for 200 seconds at Sun Sep 09 02:24:27 UTC 2018
7 ms. Memory: 208384K Free: 194200K (93%)
ptolemy.util.test.WatchDog.cancel(): canceling Sun Sep 09 02:24:27 UTC 2018
------------------ testing $PTII/ptolemy/domains/de/test/auto/DepthTest3.xml
auto.tcl: Setting watchdog for 200 seconds at Sun Sep 09 02:24:27 UTC 2018
2 ms. Memory: 208384K Free: 198340K (95%)
ptolemy.util.test.WatchDog.cancel(): canceling Sun Sep 09 02:24:27 UTC 2018
auto.tcl: Setting watchdog for 200 seconds at Sun Sep 09 02:24:27 UTC 2018
2 ms. Memory: 208384K Free: 198340K (95%)
ptolemy.util.test.WatchDog.cancel(): canceling Sun Sep 09 02:24:27 UTC 2018
------------------ testing $PTII/ptolemy/domains/de/test/auto/DepthTest4.xml
auto.tcl: Setting watchdog for 200 seconds at Sun Sep 09 02:24:27 UTC 2018
6 ms. Memory: 208384K Free: 196323K (94%)
ptolemy.util.test.WatchDog.cancel(): canceling Sun Sep 09 02:24:27 UTC 2018
auto.tcl: Setting watchdog for 200 seconds at Sun Sep 09 02:24:27 UTC 2018
2 ms. Memory: 208384K Free: 196323K (94%)
ptolemy.util.test.WatchDog.cancel(): canceling Sun Sep 09 02:24:27 UTC 2018
------------------ testing $PTII/ptolemy/domains/de/test/auto/DepthTest5.xml
auto.tcl: Setting watchdog for 200 seconds at Sun Sep 09 02:24:27 UTC 2018
4 ms. Memory: 208384K Free: 196608K (94%)
ptolemy.util.test.WatchDog.cancel(): canceling Sun Sep 09 02:24:27 UTC 2018
auto.tcl: Setting watchdog for 200 seconds at Sun Sep 09 02:24:27 UTC 2018
3 ms. Memory: 208384K Free: 196608K (94%)
ptolemy.util.test.WatchDog.cancel(): canceling Sun Sep 09 02:24:27 UTC 2018
------------------ testing $PTII/ptolemy/domains/de/test/auto/DepthTest6.xml
auto.tcl: Setting watchdog for 200 seconds at Sun Sep 09 02:24:27 UTC 2018
14 ms. Memory: 208384K Free: 196585K (94%)
ptolemy.util.test.WatchDog.cancel(): canceling Sun Sep 09 02:24:27 UTC 2018
auto.tcl: Setting watchdog for 200 seconds at Sun Sep 09 02:24:27 UTC 2018
3 ms. Memory: 208384K Free: 196585K (94%)
ptolemy.util.test.WatchDog.cancel(): canceling Sun Sep 09 02:24:27 UTC 2018
------------------ testing $PTII/ptolemy/domains/de/test/auto/DepthTest7.xml
auto.tcl: Setting watchdog for 200 seconds at Sun Sep 09 02:24:27 UTC 2018
2 ms. Memory: 208384K Free: 196228K (94%)
ptolemy.util.test.WatchDog.cancel(): canceling Sun Sep 09 02:24:27 UTC 2018
auto.tcl: Setting watchdog for 200 seconds at Sun Sep 09 02:24:27 UTC 2018
2 ms. Memory: 208384K Free: 196228K (94%)
ptolemy.util.test.WatchDog.cancel(): canceling Sun Sep 09 02:24:27 UTC 2018
------------------ testing $PTII/ptolemy/domains/de/test/auto/EventToDate.xml
auto.tcl: Setting watchdog for 200 seconds at Sun Sep 09 02:24:28 UTC 2018
3006 ms. Memory: 208384K Free: 185732K (89%)
ptolemy.util.test.WatchDog.cancel(): canceling Sun Sep 09 02:24:31 UTC 2018
auto.tcl: Setting watchdog for 200 seconds at Sun Sep 09 02:24:31 UTC 2018
3005 ms. Memory: 208384K Free: 185732K (89%)
ptolemy.util.test.WatchDog.cancel(): canceling Sun Sep 09 02:24:34 UTC 2018
------------------ testing $PTII/ptolemy/domains/de/test/auto/FSM1.xml
auto.tcl: Setting watchdog for 200 seconds at Sun Sep 09 02:24:34 UTC 2018
46 ms. Memory: 208384K Free: 189272K (91%)
ptolemy.util.test.WatchDog.cancel(): canceling Sun Sep 09 02:24:34 UTC 2018
auto.tcl: Setting watchdog for 200 seconds at Sun Sep 09 02:24:34 UTC 2018
19 ms. Memory: 208384K Free: 185065K (89%)
ptolemy.util.test.WatchDog.cancel(): canceling Sun Sep 09 02:24:34 UTC 2018
------------------ testing $PTII/ptolemy/domains/de/test/auto/FSM7.xml
auto.tcl: Setting watchdog for 200 seconds at Sun Sep 09 02:24:34 UTC 2018
14 ms. Memory: 208384K Free: 187371K (90%)
ptolemy.util.test.WatchDog.cancel(): canceling Sun Sep 09 02:24:34 UTC 2018
auto.tcl: Setting watchdog for 200 seconds at Sun Sep 09 02:24:34 UTC 2018
16 ms. Memory: 208384K Free: 185268K (89%)
ptolemy.util.test.WatchDog.cancel(): canceling Sun Sep 09 02:24:34 UTC 2018
------------------ testing $PTII/ptolemy/domains/de/test/auto/Inspection.xml
auto.tcl: Setting watchdog for 200 seconds at Sun Sep 09 02:24:34 UTC 2018
44 ms. Memory: 208384K Free: 188586K (90%)
ptolemy.util.test.WatchDog.cancel(): canceling Sun Sep 09 02:24:34 UTC 2018
auto.tcl: Setting watchdog for 200 seconds at Sun Sep 09 02:24:34 UTC 2018
24 ms. Memory: 208384K Free: 186482K (89%)
ptolemy.util.test.WatchDog.cancel(): canceling Sun Sep 09 02:24:34 UTC 2018
------------------ testing $PTII/ptolemy/domains/de/test/auto/Iteration.xml
auto.tcl: Setting watchdog for 200 seconds at Sun Sep 09 02:24:34 UTC 2018
9 ms. Memory: 208384K Free: 196034K (94%)
ptolemy.util.test.WatchDog.cancel(): canceling Sun Sep 09 02:24:34 UTC 2018
auto.tcl: Setting watchdog for 200 seconds at Sun Sep 09 02:24:34 UTC 2018
6 ms. Memory: 208384K Free: 193930K (93%)
ptolemy.util.test.WatchDog.cancel(): canceling Sun Sep 09 02:24:34 UTC 2018
------------------ testing $PTII/ptolemy/domains/de/test/auto/LineFault.xml
auto.tcl: Setting watchdog for 200 seconds at Sun Sep 09 02:24:34 UTC 2018
745 ms. Memory: 208384K Free: 196266K (94%)
ptolemy.util.test.WatchDog.cancel(): canceling Sun Sep 09 02:24:35 UTC 2018
auto.tcl: Setting watchdog for 200 seconds at Sun Sep 09 02:24:35 UTC 2018
649 ms. Memory: 208384K Free: 138762K (67%)
ptolemy.util.test.WatchDog.cancel(): canceling Sun Sep 09 02:24:36 UTC 2018
------------------ testing $PTII/ptolemy/domains/de/test/auto/MergeModel1Add.xml
auto.tcl: Setting watchdog for 200 seconds at Sun Sep 09 02:24:36 UTC 2018
27 ms. Memory: 331264K Free: 298827K (90%)
ptolemy.util.test.WatchDog.cancel(): canceling Sun Sep 09 02:24:36 UTC 2018
auto.tcl: Setting watchdog for 200 seconds at Sun Sep 09 02:24:36 UTC 2018
12 ms. Memory: 331264K Free: 298827K (90%)
ptolemy.util.test.WatchDog.cancel(): canceling Sun Sep 09 02:24:36 UTC 2018
------------------ testing $PTII/ptolemy/domains/de/test/auto/MergeModel2Add.xml
auto.tcl: Setting watchdog for 200 seconds at Sun Sep 09 02:24:36 UTC 2018
13 ms. Memory: 331264K Free: 304127K (92%)
ptolemy.util.test.WatchDog.cancel(): canceling Sun Sep 09 02:24:36 UTC 2018
auto.tcl: Setting watchdog for 200 seconds at Sun Sep 09 02:24:36 UTC 2018
7 ms. Memory: 331264K Free: 300165K (91%)
ptolemy.util.test.WatchDog.cancel(): canceling Sun Sep 09 02:24:36 UTC 2018
------------------ testing $PTII/ptolemy/domains/de/test/auto/MergeModel3Add.xml
auto.tcl: Setting watchdog for 200 seconds at Sun Sep 09 02:24:36 UTC 2018
13 ms. Memory: 331264K Free: 304130K (92%)
ptolemy.util.test.WatchDog.cancel(): canceling Sun Sep 09 02:24:36 UTC 2018
auto.tcl: Setting watchdog for 200 seconds at Sun Sep 09 02:24:36 UTC 2018
9 ms. Memory: 331264K Free: 300184K (91%)
ptolemy.util.test.WatchDog.cancel(): canceling Sun Sep 09 02:24:36 UTC 2018
------------------ testing $PTII/ptolemy/domains/de/test/auto/MergeWithoutDiscard.xml
auto.tcl: Setting watchdog for 200 seconds at Sun Sep 09 02:24:36 UTC 2018
4 ms. Memory: 331264K Free: 319942K (97%)
ptolemy.util.test.WatchDog.cancel(): canceling Sun Sep 09 02:24:36 UTC 2018
auto.tcl: Setting watchdog for 200 seconds at Sun Sep 09 02:24:36 UTC 2018
1 ms. Memory: 331264K Free: 315996K (95%)
ptolemy.util.test.WatchDog.cancel(): canceling Sun Sep 09 02:24:36 UTC 2018
------------------ testing $PTII/ptolemy/domains/de/test/auto/Modal1.xml
auto.tcl: Setting watchdog for 200 seconds at Sun Sep 09 02:24:36 UTC 2018
12 ms. Memory: 331264K Free: 309474K (93%)
ptolemy.util.test.WatchDog.cancel(): canceling Sun Sep 09 02:24:37 UTC 2018
auto.tcl: Setting watchdog for 200 seconds at Sun Sep 09 02:24:37 UTC 2018
13 ms. Memory: 331264K Free: 305528K (92%)
ptolemy.util.test.WatchDog.cancel(): canceling Sun Sep 09 02:24:37 UTC 2018
------------------ testing $PTII/ptolemy/domains/de/test/auto/Modal2.xml
auto.tcl: Setting watchdog for 200 seconds at Sun Sep 09 02:24:37 UTC 2018
11 ms. Memory: 331264K Free: 309361K (93%)
ptolemy.util.test.WatchDog.cancel(): canceling Sun Sep 09 02:24:37 UTC 2018
auto.tcl: Setting watchdog for 200 seconds at Sun Sep 09 02:24:37 UTC 2018
12 ms. Memory: 331264K Free: 305415K (92%)
ptolemy.util.test.WatchDog.cancel(): canceling Sun Sep 09 02:24:37 UTC 2018
------------------ testing $PTII/ptolemy/domains/de/test/auto/Modal3.xml
auto.tcl: Setting watchdog for 200 seconds at Sun Sep 09 02:24:37 UTC 2018
11 ms. Memory: 331264K Free: 304440K (92%)
ptolemy.util.test.WatchDog.cancel(): canceling Sun Sep 09 02:24:37 UTC 2018
auto.tcl: Setting watchdog for 200 seconds at Sun Sep 09 02:24:37 UTC 2018
12 ms. Memory: 331264K Free: 300478K (91%)
ptolemy.util.test.WatchDog.cancel(): canceling Sun Sep 09 02:24:37 UTC 2018
------------------ testing $PTII/ptolemy/domains/de/test/auto/Modal4.xml
auto.tcl: Setting watchdog for 200 seconds at Sun Sep 09 02:24:37 UTC 2018
12 ms. Memory: 331264K Free: 309658K (93%)
ptolemy.util.test.WatchDog.cancel(): canceling Sun Sep 09 02:24:37 UTC 2018
auto.tcl: Setting watchdog for 200 seconds at Sun Sep 09 02:24:37 UTC 2018
15 ms. Memory: 331264K Free: 305427K (92%)
ptolemy.util.test.WatchDog.cancel(): canceling Sun Sep 09 02:24:37 UTC 2018
------------------ testing $PTII/ptolemy/domains/de/test/auto/Modal5.xml
auto.tcl: Setting watchdog for 200 seconds at Sun Sep 09 02:24:37 UTC 2018
17 ms. Memory: 331264K Free: 309362K (93%)
ptolemy.util.test.WatchDog.cancel(): canceling Sun Sep 09 02:24:37 UTC 2018
auto.tcl: Setting watchdog for 200 seconds at Sun Sep 09 02:24:37 UTC 2018
14 ms. Memory: 331264K Free: 305416K (92%)
ptolemy.util.test.WatchDog.cancel(): canceling Sun Sep 09 02:24:37 UTC 2018
------------------ testing $PTII/ptolemy/domains/de/test/auto/Modal6.xml
auto.tcl: Setting watchdog for 200 seconds at Sun Sep 09 02:24:37 UTC 2018
23 ms. Memory: 331264K Free: 309358K (93%)
ptolemy.util.test.WatchDog.cancel(): canceling Sun Sep 09 02:24:37 UTC 2018
auto.tcl: Setting watchdog for 200 seconds at Sun Sep 09 02:24:37 UTC 2018
22 ms. Memory: 331264K Free: 305412K (92%)
ptolemy.util.test.WatchDog.cancel(): canceling Sun Sep 09 02:24:37 UTC 2018
------------------ testing $PTII/ptolemy/domains/de/test/auto/Modal7.xml
auto.tcl: Setting watchdog for 200 seconds at Sun Sep 09 02:24:37 UTC 2018
22 ms. Memory: 331264K Free: 309325K (93%)
ptolemy.util.test.WatchDog.cancel(): canceling Sun Sep 09 02:24:37 UTC 2018
auto.tcl: Setting watchdog for 200 seconds at Sun Sep 09 02:24:37 UTC 2018
13 ms. Memory: 331264K Free: 305379K (92%)
ptolemy.util.test.WatchDog.cancel(): canceling Sun Sep 09 02:24:37 UTC 2018
------------------ testing $PTII/ptolemy/domains/de/test/auto/ModalModel.xml
auto.tcl: Setting watchdog for 200 seconds at Sun Sep 09 02:24:37 UTC 2018
228 ms. Memory: 331264K Free: 248107K (75%)
ptolemy.util.test.WatchDog.cancel(): canceling Sun Sep 09 02:24:38 UTC 2018
auto.tcl: Setting watchdog for 200 seconds at Sun Sep 09 02:24:38 UTC 2018
212 ms. Memory: 331264K Free: 192656K (58%)
ptolemy.util.test.WatchDog.cancel(): canceling Sun Sep 09 02:24:38 UTC 2018
------------------ testing $PTII/ptolemy/domains/de/test/auto/ModalSource.xml
auto.tcl: Setting watchdog for 200 seconds at Sun Sep 09 02:24:38 UTC 2018
14 ms. Memory: 331264K Free: 316095K (95%)
ptolemy.util.test.WatchDog.cancel(): canceling Sun Sep 09 02:24:38 UTC 2018
auto.tcl: Setting watchdog for 200 seconds at Sun Sep 09 02:24:38 UTC 2018
7 ms. Memory: 331264K Free: 312564K (94%)
ptolemy.util.test.WatchDog.cancel(): canceling Sun Sep 09 02:24:38 UTC 2018
------------------ testing $PTII/ptolemy/domains/de/test/auto/NonInterruptibleTimerZeroDelay.xml
auto.tcl: Setting watchdog for 200 seconds at Sun Sep 09 02:24:38 UTC 2018
4 ms. Memory: 331264K Free: 320465K (97%)
ptolemy.util.test.WatchDog.cancel(): canceling Sun Sep 09 02:24:38 UTC 2018
auto.tcl: Setting watchdog for 200 seconds at Sun Sep 09 02:24:38 UTC 2018
2 ms. Memory: 331264K Free: 316934K (96%)
ptolemy.util.test.WatchDog.cancel(): canceling Sun Sep 09 02:24:38 UTC 2018
------------------ testing $PTII/ptolemy/domains/de/test/auto/OpenQueueingNetwork.xml
auto.tcl: Setting watchdog for 200 seconds at Sun Sep 09 02:24:38 UTC 2018
3157 ms. Memory: 317952K Free: 164527K (52%)
ptolemy.util.test.WatchDog.cancel(): canceling Sun Sep 09 02:24:41 UTC 2018
auto.tcl: Setting watchdog for 200 seconds at Sun Sep 09 02:24:41 UTC 2018
2481 ms. Memory: 287232K Free: 242220K (84%)
ptolemy.util.test.WatchDog.cancel(): canceling Sun Sep 09 02:24:44 UTC 2018
------------------ testing $PTII/ptolemy/domains/de/test/auto/OpenQueuingNetwork.xml
auto.tcl: Setting watchdog for 200 seconds at Sun Sep 09 02:24:44 UTC 2018
294 ms. Memory: 287232K Free: 190152K (66%)
ptolemy.util.test.WatchDog.cancel(): canceling Sun Sep 09 02:24:44 UTC 2018
auto.tcl: Setting watchdog for 200 seconds at Sun Sep 09 02:24:44 UTC 2018
272 ms. Memory: 287232K Free: 129412K (45%)
ptolemy.util.test.WatchDog.cancel(): canceling Sun Sep 09 02:24:45 UTC 2018
------------------ testing $PTII/ptolemy/domains/de/test/auto/PeriodicSampler.xml
auto.tcl: Setting watchdog for 200 seconds at Sun Sep 09 02:24:45 UTC 2018
3 ms. Memory: 289792K Free: 274438K (95%)
ptolemy.util.test.WatchDog.cancel(): canceling Sun Sep 09 02:24:45 UTC 2018
auto.tcl: Setting watchdog for 200 seconds at Sun Sep 09 02:24:45 UTC 2018
2 ms. Memory: 289792K Free: 274438K (95%)
ptolemy.util.test.WatchDog.cancel(): canceling Sun Sep 09 02:24:45 UTC 2018
------------------ testing $PTII/ptolemy/domains/de/test/auto/PersistentIO.xml
auto.tcl: Setting watchdog for 200 seconds at Sun Sep 09 02:24:45 UTC 2018
6 ms. Memory: 287232K Free: 266684K (93%)
ptolemy.util.test.WatchDog.cancel(): canceling Sun Sep 09 02:24:45 UTC 2018
auto.tcl: Setting watchdog for 200 seconds at Sun Sep 09 02:24:45 UTC 2018
4 ms. Memory: 287232K Free: 266684K (93%)
ptolemy.util.test.WatchDog.cancel(): canceling Sun Sep 09 02:24:45 UTC 2018
------------------ testing $PTII/ptolemy/domains/de/test/auto/PortParameterResetOnInitialize.xml
auto.tcl: Setting watchdog for 200 seconds at Sun Sep 09 02:24:45 UTC 2018
2 ms. Memory: 289280K Free: 274301K (95%)
ptolemy.util.test.WatchDog.cancel(): canceling Sun Sep 09 02:24:45 UTC 2018
auto.tcl: Setting watchdog for 200 seconds at Sun Sep 09 02:24:45 UTC 2018
2 ms. Memory: 289280K Free: 274301K (95%)
ptolemy.util.test.WatchDog.cancel(): canceling Sun Sep 09 02:24:45 UTC 2018
------------------ testing $PTII/ptolemy/domains/de/test/auto/PortParameterUpdates.xml
auto.tcl: Setting watchdog for 200 seconds at Sun Sep 09 02:24:45 UTC 2018
4 ms. Memory: 287232K Free: 274530K (96%)
ptolemy.util.test.WatchDog.cancel(): canceling Sun Sep 09 02:24:45 UTC 2018
auto.tcl: Setting watchdog for 200 seconds at Sun Sep 09 02:24:45 UTC 2018
4 ms. Memory: 287232K Free: 271630K (95%)
ptolemy.util.test.WatchDog.cancel(): canceling Sun Sep 09 02:24:45 UTC 2018
------------------ testing $PTII/ptolemy/domains/de/test/auto/QueueAndServer.xml
auto.tcl: Setting watchdog for 200 seconds at Sun Sep 09 02:24:45 UTC 2018
7 ms. Memory: 289280K Free: 271467K (94%)
ptolemy.util.test.WatchDog.cancel(): canceling Sun Sep 09 02:24:45 UTC 2018
auto.tcl: Setting watchdog for 200 seconds at Sun Sep 09 02:24:45 UTC 2018
7 ms. Memory: 289280K Free: 271467K (94%)
ptolemy.util.test.WatchDog.cancel(): canceling Sun Sep 09 02:24:45 UTC 2018
------------------ testing $PTII/ptolemy/domains/de/test/auto/Records.xml
auto.tcl: Setting watchdog for 200 seconds at Sun Sep 09 02:24:45 UTC 2018
6 ms. Memory: 287232K Free: 274351K (96%)
ptolemy.util.test.WatchDog.cancel(): canceling Sun Sep 09 02:24:45 UTC 2018
auto.tcl: Setting watchdog for 200 seconds at Sun Sep 09 02:24:45 UTC 2018
2 ms. Memory: 287232K Free: 274351K (96%)
ptolemy.util.test.WatchDog.cancel(): canceling Sun Sep 09 02:24:45 UTC 2018
------------------ testing $PTII/ptolemy/domains/de/test/auto/ResetTransitionWithStartTime1.xml
auto.tcl: Setting watchdog for 200 seconds at Sun Sep 09 02:24:45 UTC 2018
16 ms. Memory: 288768K Free: 272996K (95%)
ptolemy.util.test.WatchDog.cancel(): canceling Sun Sep 09 02:24:45 UTC 2018
auto.tcl: Setting watchdog for 200 seconds at Sun Sep 09 02:24:45 UTC 2018
9 ms. Memory: 288768K Free: 270088K (94%)
ptolemy.util.test.WatchDog.cancel(): canceling Sun Sep 09 02:24:45 UTC 2018
------------------ testing $PTII/ptolemy/domains/de/test/auto/ResetTransitionWithStartTime2.xml
auto.tcl: Setting watchdog for 200 seconds at Sun Sep 09 02:24:45 UTC 2018
6 ms. Memory: 287232K Free: 271544K (95%)
ptolemy.util.test.WatchDog.cancel(): canceling Sun Sep 09 02:24:45 UTC 2018
auto.tcl: Setting watchdog for 200 seconds at Sun Sep 09 02:24:45 UTC 2018
6 ms. Memory: 287232K Free: 268636K (94%)
ptolemy.util.test.WatchDog.cancel(): canceling Sun Sep 09 02:24:45 UTC 2018
------------------ testing $PTII/ptolemy/domains/de/test/auto/ResetTransitionWithStartTime3.xml
auto.tcl: Setting watchdog for 200 seconds at Sun Sep 09 02:24:45 UTC 2018
8 ms. Memory: 288768K Free: 272978K (95%)
ptolemy.util.test.WatchDog.cancel(): canceling Sun Sep 09 02:24:45 UTC 2018
auto.tcl: Setting watchdog for 200 seconds at Sun Sep 09 02:24:45 UTC 2018
6 ms. Memory: 288768K Free: 270077K (94%)
ptolemy.util.test.WatchDog.cancel(): canceling Sun Sep 09 02:24:45 UTC 2018
------------------ testing $PTII/ptolemy/domains/de/test/auto/ResetTransitionWithStartTime4.xml
auto.tcl: Setting watchdog for 200 seconds at Sun Sep 09 02:24:45 UTC 2018
4 ms. Memory: 287232K Free: 271463K (95%)
ptolemy.util.test.WatchDog.cancel(): canceling Sun Sep 09 02:24:45 UTC 2018
auto.tcl: Setting watchdog for 200 seconds at Sun Sep 09 02:24:45 UTC 2018
4 ms. Memory: 287232K Free: 271463K (95%)
ptolemy.util.test.WatchDog.cancel(): canceling Sun Sep 09 02:24:45 UTC 2018
------------------ testing $PTII/ptolemy/domains/de/test/auto/ResettableTimer1.xml
auto.tcl: Setting watchdog for 200 seconds at Sun Sep 09 02:24:45 UTC 2018
3 ms. Memory: 288768K Free: 275879K (96%)
ptolemy.util.test.WatchDog.cancel(): canceling Sun Sep 09 02:24:45 UTC 2018
auto.tcl: Setting watchdog for 200 seconds at Sun Sep 09 02:24:45 UTC 2018
2 ms. Memory: 288768K Free: 275879K (96%)
ptolemy.util.test.WatchDog.cancel(): canceling Sun Sep 09 02:24:45 UTC 2018
------------------ testing $PTII/ptolemy/domains/de/test/auto/ResettableTimer2.xml
auto.tcl: Setting watchdog for 200 seconds at Sun Sep 09 02:24:45 UTC 2018
3 ms. Memory: 287232K Free: 274510K (96%)
ptolemy.util.test.WatchDog.cancel(): canceling Sun Sep 09 02:24:45 UTC 2018
auto.tcl: Setting watchdog for 200 seconds at Sun Sep 09 02:24:45 UTC 2018
2 ms. Memory: 287232K Free: 274510K (96%)
ptolemy.util.test.WatchDog.cancel(): canceling Sun Sep 09 02:24:45 UTC 2018
------------------ testing $PTII/ptolemy/domains/de/test/auto/ResettableTimer3.xml
auto.tcl: Setting watchdog for 200 seconds at Sun Sep 09 02:24:45 UTC 2018
1 ms. Memory: 288256K Free: 275425K (96%)
ptolemy.util.test.WatchDog.cancel(): canceling Sun Sep 09 02:24:45 UTC 2018
auto.tcl: Setting watchdog for 200 seconds at Sun Sep 09 02:24:45 UTC 2018
1 ms. Memory: 288256K Free: 275425K (96%)
ptolemy.util.test.WatchDog.cancel(): canceling Sun Sep 09 02:24:45 UTC 2018
------------------ testing $PTII/ptolemy/domains/de/test/auto/ResettableTimer4.xml
auto.tcl: Setting watchdog for 200 seconds at Sun Sep 09 02:24:46 UTC 2018
2 ms. Memory: 287232K Free: 274515K (96%)
ptolemy.util.test.WatchDog.cancel(): canceling Sun Sep 09 02:24:46 UTC 2018
auto.tcl: Setting watchdog for 200 seconds at Sun Sep 09 02:24:46 UTC 2018
1 ms. Memory: 287232K Free: 274515K (96%)
ptolemy.util.test.WatchDog.cancel(): canceling Sun Sep 09 02:24:46 UTC 2018
------------------ testing $PTII/ptolemy/domains/de/test/auto/ResettableTimer5.xml
auto.tcl: Setting watchdog for 200 seconds at Sun Sep 09 02:24:46 UTC 2018
1 ms. Memory: 288256K Free: 273494K (95%)
ptolemy.util.test.WatchDog.cancel(): canceling Sun Sep 09 02:24:46 UTC 2018
auto.tcl: Setting watchdog for 200 seconds at Sun Sep 09 02:24:46 UTC 2018
2 ms. Memory: 288256K Free: 273494K (95%)
ptolemy.util.test.WatchDog.cancel(): canceling Sun Sep 09 02:24:46 UTC 2018
------------------ testing $PTII/ptolemy/domains/de/test/auto/ResettableTimer6.xml
auto.tcl: Setting watchdog for 200 seconds at Sun Sep 09 02:24:46 UTC 2018
2 ms. Memory: 287232K Free: 272303K (95%)
ptolemy.util.test.WatchDog.cancel(): canceling Sun Sep 09 02:24:46 UTC 2018
auto.tcl: Setting watchdog for 200 seconds at Sun Sep 09 02:24:46 UTC 2018
1 ms. Memory: 287232K Free: 272303K (95%)
ptolemy.util.test.WatchDog.cancel(): canceling Sun Sep 09 02:24:46 UTC 2018
------------------ testing $PTII/ptolemy/domains/de/test/auto/ServerZeroDelay.xml
auto.tcl: Setting watchdog for 200 seconds at Sun Sep 09 02:24:46 UTC 2018
3 ms. Memory: 288256K Free: 275477K (96%)
ptolemy.util.test.WatchDog.cancel(): canceling Sun Sep 09 02:24:46 UTC 2018
auto.tcl: Setting watchdog for 200 seconds at Sun Sep 09 02:24:46 UTC 2018
3 ms. Memory: 288256K Free: 275477K (96%)
ptolemy.util.test.WatchDog.cancel(): canceling Sun Sep 09 02:24:46 UTC 2018
------------------ testing $PTII/ptolemy/domains/de/test/auto/SmartSender.xml
auto.tcl: Setting watchdog for 200 seconds at Sun Sep 09 02:24:46 UTC 2018
3003 ms. Memory: 287232K Free: 272406K (95%)
ptolemy.util.test.WatchDog.cancel(): canceling Sun Sep 09 02:24:49 UTC 2018
auto.tcl: Setting watchdog for 200 seconds at Sun Sep 09 02:24:49 UTC 2018
3003 ms. Memory: 287232K Free: 272406K (95%)
ptolemy.util.test.WatchDog.cancel(): canceling Sun Sep 09 02:24:52 UTC 2018
------------------ testing $PTII/ptolemy/domains/de/test/auto/ThreadedComposite.xml
auto.tcl: Setting watchdog for 200 seconds at Sun Sep 09 02:24:52 UTC 2018
260 ms. Memory: 288256K Free: 252261K (88%)
ptolemy.util.test.WatchDog.cancel(): canceling Sun Sep 09 02:24:52 UTC 2018
auto.tcl: Setting watchdog for 200 seconds at Sun Sep 09 02:24:52 UTC 2018
156 ms. Memory: 288256K Free: 234111K (81%)
ptolemy.util.test.WatchDog.cancel(): canceling Sun Sep 09 02:24:52 UTC 2018
------------------ testing $PTII/ptolemy/domains/de/test/auto/Time.xml
auto.tcl: Setting watchdog for 200 seconds at Sun Sep 09 02:24:52 UTC 2018
571 ms. Memory: 287232K Free: 222615K (78%)
ptolemy.util.test.WatchDog.cancel(): canceling Sun Sep 09 02:24:53 UTC 2018
auto.tcl: Setting watchdog for 200 seconds at Sun Sep 09 02:24:53 UTC 2018
491 ms. Memory: 287232K Free: 170412K (59%)
ptolemy.util.test.WatchDog.cancel(): canceling Sun Sep 09 02:24:53 UTC 2018
------------------ testing $PTII/ptolemy/domains/de/test/auto/TimeDelayZeroDelay.xml
auto.tcl: Setting watchdog for 200 seconds at Sun Sep 09 02:24:54 UTC 2018
2 ms. Memory: 287744K Free: 275433K (96%)
ptolemy.util.test.WatchDog.cancel(): canceling Sun Sep 09 02:24:54 UTC 2018
auto.tcl: Setting watchdog for 200 seconds at Sun Sep 09 02:24:54 UTC 2018
2 ms. Memory: 287744K Free: 275433K (96%)
ptolemy.util.test.WatchDog.cancel(): canceling Sun Sep 09 02:24:54 UTC 2018
------------------ testing $PTII/ptolemy/domains/de/test/auto/TimerZeroDelay.xml
auto.tcl: Setting watchdog for 200 seconds at Sun Sep 09 02:24:54 UTC 2018
4 ms. Memory: 287232K Free: 275030K (96%)
ptolemy.util.test.WatchDog.cancel(): canceling Sun Sep 09 02:24:54 UTC 2018
auto.tcl: Setting watchdog for 200 seconds at Sun Sep 09 02:24:54 UTC 2018
2 ms. Memory: 287232K Free: 275030K (96%)
ptolemy.util.test.WatchDog.cancel(): canceling Sun Sep 09 02:24:54 UTC 2018
------------------ testing $PTII/ptolemy/domains/de/test/auto/TimingParadox.xml
auto.tcl: Setting watchdog for 200 seconds at Sun Sep 09 02:24:54 UTC 2018
378 ms. Memory: 287744K Free: 211319K (73%)
ptolemy.util.test.WatchDog.cancel(): canceling Sun Sep 09 02:24:54 UTC 2018
auto.tcl: Setting watchdog for 200 seconds at Sun Sep 09 02:24:54 UTC 2018
362 ms. Memory: 287744K Free: 177567K (62%)
ptolemy.util.test.WatchDog.cancel(): canceling Sun Sep 09 02:24:55 UTC 2018
------------------ testing $PTII/ptolemy/domains/de/test/auto/TransferInputs.xml
auto.tcl: Setting watchdog for 200 seconds at Sun Sep 09 02:24:55 UTC 2018
2 ms. Memory: 287744K Free: 274406K (95%)
ptolemy.util.test.WatchDog.cancel(): canceling Sun Sep 09 02:24:55 UTC 2018
auto.tcl: Setting watchdog for 200 seconds at Sun Sep 09 02:24:55 UTC 2018
2 ms. Memory: 287744K Free: 274406K (95%)
ptolemy.util.test.WatchDog.cancel(): canceling Sun Sep 09 02:24:55 UTC 2018
------------------ testing $PTII/ptolemy/domains/de/test/auto/TransferOutputs2.xml
auto.tcl: Setting watchdog for 200 seconds at Sun Sep 09 02:24:55 UTC 2018
3 ms. Memory: 287232K Free: 270325K (94%)
ptolemy.util.test.WatchDog.cancel(): canceling Sun Sep 09 02:24:55 UTC 2018
auto.tcl: Setting watchdog for 200 seconds at Sun Sep 09 02:24:55 UTC 2018
3 ms. Memory: 287232K Free: 267697K (93%)
ptolemy.util.test.WatchDog.cancel(): canceling Sun Sep 09 02:24:55 UTC 2018
------------------ testing $PTII/ptolemy/domains/de/test/auto/Trilateration.xml
auto.tcl: Setting watchdog for 200 seconds at Sun Sep 09 02:24:55 UTC 2018
12985 ms. Memory: 473088K Free: 302750K (64%)
ptolemy.util.test.WatchDog.cancel(): canceling Sun Sep 09 02:25:09 UTC 2018
auto.tcl: Setting watchdog for 200 seconds at Sun Sep 09 02:25:09 UTC 2018
9908 ms. Memory: 352256K Free: 265742K (75%)
ptolemy.util.test.WatchDog.cancel(): canceling Sun Sep 09 02:25:19 UTC 2018
------------------ testing $PTII/ptolemy/domains/de/test/auto/TwoSigmaDelta.xml
auto.tcl: Setting watchdog for 200 seconds at Sun Sep 09 02:25:19 UTC 2018
3054 ms. Memory: 339968K Free: 307754K (91%)
ptolemy.util.test.WatchDog.cancel(): canceling Sun Sep 09 02:25:22 UTC 2018
auto.tcl: Setting watchdog for 200 seconds at Sun Sep 09 02:25:22 UTC 2018
2201 ms. Memory: 339968K Free: 79143K (23%)
ptolemy.util.test.WatchDog.cancel(): canceling Sun Sep 09 02:25:24 UTC 2018
------------------ testing $PTII/ptolemy/domains/de/test/auto/VariableDelay.xml
auto.tcl: Setting watchdog for 200 seconds at Sun Sep 09 02:25:24 UTC 2018
2 ms. Memory: 337408K Free: 325488K (96%)
ptolemy.util.test.WatchDog.cancel(): canceling Sun Sep 09 02:25:24 UTC 2018
auto.tcl: Setting watchdog for 200 seconds at Sun Sep 09 02:25:24 UTC 2018
2 ms. Memory: 337408K Free: 321603K (95%)
ptolemy.util.test.WatchDog.cancel(): canceling Sun Sep 09 02:25:24 UTC 2018
------------------ testing $PTII/ptolemy/domains/de/test/auto/VariableDelay2.xml
auto.tcl: Setting watchdog for 200 seconds at Sun Sep 09 02:25:25 UTC 2018
7 ms. Memory: 339456K Free: 327947K (97%)
ptolemy.util.test.WatchDog.cancel(): canceling Sun Sep 09 02:25:25 UTC 2018
auto.tcl: Setting watchdog for 200 seconds at Sun Sep 09 02:25:25 UTC 2018
2 ms. Memory: 339456K Free: 324053K (95%)
ptolemy.util.test.WatchDog.cancel(): canceling Sun Sep 09 02:25:25 UTC 2018
------------------ testing $PTII/ptolemy/domains/de/test/auto/VariableDelayZeroDelay.xml
auto.tcl: Setting watchdog for 200 seconds at Sun Sep 09 02:25:25 UTC 2018
2 ms. Memory: 337408K Free: 323337K (96%)
ptolemy.util.test.WatchDog.cancel(): canceling Sun Sep 09 02:25:25 UTC 2018
auto.tcl: Setting watchdog for 200 seconds at Sun Sep 09 02:25:25 UTC 2018
2 ms. Memory: 337408K Free: 319460K (95%)
ptolemy.util.test.WatchDog.cancel(): canceling Sun Sep 09 02:25:25 UTC 2018
------------------ testing $PTII/ptolemy/domains/de/test/auto/VariableDelayZeroDelay2.xml
auto.tcl: Setting watchdog for 200 seconds at Sun Sep 09 02:25:25 UTC 2018
4 ms. Memory: 339456K Free: 325383K (96%)
ptolemy.util.test.WatchDog.cancel(): canceling Sun Sep 09 02:25:25 UTC 2018
auto.tcl: Setting watchdog for 200 seconds at Sun Sep 09 02:25:25 UTC 2018
2 ms. Memory: 339456K Free: 321490K (95%)
ptolemy.util.test.WatchDog.cancel(): canceling Sun Sep 09 02:25:25 UTC 2018
------------------ testing $PTII/ptolemy/domains/de/test/auto/deInCt.xml
auto.tcl: Setting watchdog for 200 seconds at Sun Sep 09 02:25:25 UTC 2018
0
1
1
1
0
0
0
0
0
0
1
1
1
1
0
0
0
0
1
1
1
0
0
0
1
1
1
0
0
0
0
1
1
1
1
14 ms. Memory: 337408K Free: 319444K (95%)
ptolemy.util.test.WatchDog.cancel(): canceling Sun Sep 09 02:25:25 UTC 2018
auto.tcl: Setting watchdog for 200 seconds at Sun Sep 09 02:25:25 UTC 2018
0
1
1
1
0
0
0
0
0
0
1
1
1
0
0
0
1
1
0
0
0
0
1
1
1
1
0
0
0
0
0
7 ms. Memory: 337408K Free: 319444K (95%)
ptolemy.util.test.WatchDog.cancel(): canceling Sun Sep 09 02:25:25 UTC 2018
------------------ testing $PTII/ptolemy/domains/de/test/auto/deInCt2.xml
auto.tcl: Setting watchdog for 200 seconds at Sun Sep 09 02:25:25 UTC 2018
0
1
1
1
0
0
1
1
1
0
0
1
1
1
0
0
1
1
1
0
0
1
1
1
0
0
1
1
1
0
0
1
1
1
0
0
1
1
1
0
0
0
10 ms. Memory: 338944K Free: 320979K (95%)
ptolemy.util.test.WatchDog.cancel(): canceling Sun Sep 09 02:25:25 UTC 2018
auto.tcl: Setting watchdog for 200 seconds at Sun Sep 09 02:25:25 UTC 2018
0
1
1
1
0
0
1
1
1
0
0
1
1
1
0
0
1
1
1
0
0
1
1
1
0
0
1
1
1
0
0
1
1
1
0
0
1
1
1
0
0
0
7 ms. Memory: 338944K Free: 320979K (95%)
ptolemy.util.test.WatchDog.cancel(): canceling Sun Sep 09 02:25:25 UTC 2018
------------------ testing $PTII/ptolemy/domains/de/test/auto/dynamicCausalityInterface1.xml
auto.tcl: Setting watchdog for 200 seconds at Sun Sep 09 02:25:25 UTC 2018
2 ms. Memory: 337408K Free: 318117K (94%)
ptolemy.util.test.WatchDog.cancel(): canceling Sun Sep 09 02:25:25 UTC 2018
auto.tcl: Setting watchdog for 200 seconds at Sun Sep 09 02:25:25 UTC 2018
1 ms. Memory: 337408K Free: 318117K (94%)
ptolemy.util.test.WatchDog.cancel(): canceling Sun Sep 09 02:25:25 UTC 2018
------------------ testing $PTII/ptolemy/domains/de/test/auto/fsm_de_test.xml
auto.tcl: Setting watchdog for 200 seconds at Sun Sep 09 02:25:25 UTC 2018
15 ms. Memory: 338944K Free: 316988K (94%)
ptolemy.util.test.WatchDog.cancel(): canceling Sun Sep 09 02:25:25 UTC 2018
auto.tcl: Setting watchdog for 200 seconds at Sun Sep 09 02:25:25 UTC 2018
5 ms. Memory: 338944K Free: 316988K (94%)
ptolemy.util.test.WatchDog.cancel(): canceling Sun Sep 09 02:25:25 UTC 2018
------------------ testing $PTII/ptolemy/domains/de/test/auto/functionDependencyReconstruction.xml
auto.tcl: Setting watchdog for 200 seconds at Sun Sep 09 02:25:25 UTC 2018
3 ms. Memory: 337408K Free: 311557K (92%)
ptolemy.util.test.WatchDog.cancel(): canceling Sun Sep 09 02:25:25 UTC 2018
auto.tcl: Setting watchdog for 200 seconds at Sun Sep 09 02:25:25 UTC 2018
3 ms. Memory: 337408K Free: 307664K (91%)
ptolemy.util.test.WatchDog.cancel(): canceling Sun Sep 09 02:25:25 UTC 2018
------------------ testing $PTII/ptolemy/domains/de/test/auto/multirate.xml
auto.tcl: Setting watchdog for 200 seconds at Sun Sep 09 02:25:25 UTC 2018
4 ms. Memory: 338432K Free: 320220K (95%)
ptolemy.util.test.WatchDog.cancel(): canceling Sun Sep 09 02:25:25 UTC 2018
auto.tcl: Setting watchdog for 200 seconds at Sun Sep 09 02:25:25 UTC 2018
3 ms. Memory: 338432K Free: 320216K (95%)
ptolemy.util.test.WatchDog.cancel(): canceling Sun Sep 09 02:25:25 UTC 2018
------------------ testing $PTII/ptolemy/domains/de/test/auto/multirate2.xml
auto.tcl: Setting watchdog for 200 seconds at Sun Sep 09 02:25:25 UTC 2018
5 ms. Memory: 337408K Free: 319384K (95%)
ptolemy.util.test.WatchDog.cancel(): canceling Sun Sep 09 02:25:25 UTC 2018
auto.tcl: Setting watchdog for 200 seconds at Sun Sep 09 02:25:25 UTC 2018
3 ms. Memory: 337408K Free: 319384K (95%)
ptolemy.util.test.WatchDog.cancel(): canceling Sun Sep 09 02:25:25 UTC 2018
------------------ testing $PTII/ptolemy/domains/de/test/auto/realtime.xml
auto.tcl: Setting watchdog for 200 seconds at Sun Sep 09 02:25:25 UTC 2018
10002 ms. Memory: 338432K Free: 320403K (95%)
ptolemy.util.test.WatchDog.cancel(): canceling Sun Sep 09 02:25:35 UTC 2018
auto.tcl: Setting watchdog for 200 seconds at Sun Sep 09 02:25:35 UTC 2018
10002 ms. Memory: 338432K Free: 320403K (95%)
ptolemy.util.test.WatchDog.cancel(): canceling Sun Sep 09 02:25:45 UTC 2018
------------------ testing $PTII/ptolemy/domains/de/test/auto/relationGroup.xml
auto.tcl: Setting watchdog for 200 seconds at Sun Sep 09 02:25:45 UTC 2018
1 ms. Memory: 337408K Free: 325862K (97%)
ptolemy.util.test.WatchDog.cancel(): canceling Sun Sep 09 02:25:45 UTC 2018
auto.tcl: Setting watchdog for 200 seconds at Sun Sep 09 02:25:45 UTC 2018
1 ms. Memory: 337408K Free: 325862K (97%)
ptolemy.util.test.WatchDog.cancel(): canceling Sun Sep 09 02:25:45 UTC 2018
------------------ testing $PTII/ptolemy/domains/de/test/auto/relationGroup2.xml
auto.tcl: Setting watchdog for 200 seconds at Sun Sep 09 02:25:45 UTC 2018
1 ms. Memory: 338432K Free: 324354K (96%)
ptolemy.util.test.WatchDog.cancel(): canceling Sun Sep 09 02:25:45 UTC 2018
auto.tcl: Setting watchdog for 200 seconds at Sun Sep 09 02:25:45 UTC 2018
2 ms. Memory: 338432K Free: 324354K (96%)
ptolemy.util.test.WatchDog.cancel(): canceling Sun Sep 09 02:25:45 UTC 2018
------------------ testing $PTII/ptolemy/domains/de/test/auto/sortWithOpaquePorts.xml
auto.tcl: Setting watchdog for 200 seconds at Sun Sep 09 02:25:45 UTC 2018
1 ms. Memory: 337408K Free: 323326K (96%)
ptolemy.util.test.WatchDog.cancel(): canceling Sun Sep 09 02:25:45 UTC 2018
auto.tcl: Setting watchdog for 200 seconds at Sun Sep 09 02:25:45 UTC 2018
2 ms. Memory: 337408K Free: 319449K (95%)
ptolemy.util.test.WatchDog.cancel(): canceling Sun Sep 09 02:25:45 UTC 2018
------------------ testing $PTII/ptolemy/domains/de/test/auto/transferInputsandOutputs.xml
auto.tcl: Setting watchdog for 200 seconds at Sun Sep 09 02:25:45 UTC 2018
2 ms. Memory: 337920K Free: 322496K (95%)
ptolemy.util.test.WatchDog.cancel(): canceling Sun Sep 09 02:25:45 UTC 2018
auto.tcl: Setting watchdog for 200 seconds at Sun Sep 09 02:25:45 UTC 2018
1 ms. Memory: 337920K Free: 322496K (95%)
ptolemy.util.test.WatchDog.cancel(): canceling Sun Sep 09 02:25:45 UTC 2018
------------------ testing $PTII/ptolemy/domains/de/test/auto/triggerType.xml
auto.tcl: Setting watchdog for 200 seconds at Sun Sep 09 02:25:46 UTC 2018
1 ms. Memory: 337408K Free: 323268K (96%)
ptolemy.util.test.WatchDog.cancel(): canceling Sun Sep 09 02:25:46 UTC 2018
auto.tcl: Setting watchdog for 200 seconds at Sun Sep 09 02:25:46 UTC 2018
1 ms. Memory: 337408K Free: 319382K (95%)
ptolemy.util.test.WatchDog.cancel(): canceling Sun Sep 09 02:25:46 UTC 2018
09/09/18 02:25:46
Failed: 0  Total Tests: 192  ((Passed: 187, Newly Passed: 1)  Known Failed: 5) /home/travis/build/icyphy/ptII/ptolemy/domains/de/test
09/09/18 02:25:46
Failed: 0  Total Tests: 192  ((Passed: 187, Newly Passed: 1)  Known Failed: 5) /home/travis/build/icyphy/ptII/ptolemy/domains/de/test
----------------- testing (KnownFailure) /home/travis/build/icyphy/ptII/ptolemy/domains/de/test/auto/knownFailedTests/DESDFClockTest.xml
2014 ms. Memory: 337920K Free: 313589K (93%)
Known Failure: java.lang.reflect.InvocationTargetException
----------------- testing (KnownFailure) /home/travis/build/icyphy/ptII/ptolemy/domains/de/test/auto/knownFailedTests/DirectFeedback.xml
1 ms. Memory: 337920K Free: 293109K (87%)
Known Failure: java.lang.reflect.InvocationTargetException
----------------- testing (KnownFailure) /home/travis/build/icyphy/ptII/ptolemy/domains/de/test/auto/knownFailedTests/FSMSource.xml
7 ms. Memory: 337920K Free: 267493K (79%)
----------------- testing (KnownFailure) /home/travis/build/icyphy/ptII/ptolemy/domains/de/test/auto/knownFailedTests/HierarchicalModel.xml
1 ms. Memory: 337920K Free: 241877K (72%)
Known Failure: java.lang.reflect.InvocationTargetException
----------------- testing (KnownFailure) /home/travis/build/icyphy/ptII/ptolemy/domains/de/test/auto/knownFailedTests/dependencyLoop.xml
2 ms. Memory: 337920K Free: 211156K (62%)
Known Failure: java.lang.reflect.InvocationTargetException
----------------- testing (KnownFailure) /home/travis/build/icyphy/ptII/ptolemy/domains/de/test/auto/knownFailedTests/dependencyLoop2.xml
2 ms. Memory: 337920K Free: 180420K (53%)
Known Failure: java.lang.reflect.InvocationTargetException
No auto/linux-amd64/*.xml tests in /home/travis/build/icyphy/ptII/ptolemy/domains/de/test
AutoTests.java: About to close Vertx.
AutoTests.java: Vertx closed.

===========================================================================================
----------------- testing Sun Sep 09 02:25:48 UTC 2018 /home/travis/build/icyphy/ptII/ptolemy/domains/de/test/auto/ActorDepthCalculation_actorWithoutPorts.xml
----------------- Instantiating /home/travis/build/icyphy/ptII/ptolemy/domains/de/test/auto/ActorDepthCalculation_actorWithoutPorts.xml
3 ms. Memory: 337920K Free: 154820K (46%)
----------------- Invoking toplevel() on ptolemy.moml.MoMLSimpleApplication@59092118
----------------- Done invoking toplevel() on ptolemy.moml.MoMLSimpleApplication@59092118
reloadAllAccessors: .ActorDepthCalculation_actorWithoutPorts

===========================================================================================
----------------- testing Sun Sep 09 02:25:48 UTC 2018 /home/travis/build/icyphy/ptII/ptolemy/domains/de/test/auto/AssemblyLine.xml
----------------- Instantiating /home/travis/build/icyphy/ptII/ptolemy/domains/de/test/auto/AssemblyLine.xml
1 ms. Memory: 337920K Free: 139459K (41%)
----------------- Invoking toplevel() on ptolemy.moml.MoMLSimpleApplication@5b14b7ef
----------------- Done invoking toplevel() on ptolemy.moml.MoMLSimpleApplication@5b14b7ef
reloadAllAccessors: .AssemblyLine

===========================================================================================
----------------- testing Sun Sep 09 02:25:48 UTC 2018 /home/travis/build/icyphy/ptII/ptolemy/domains/de/test/auto/CQBug1.xml
----------------- Instantiating /home/travis/build/icyphy/ptII/ptolemy/domains/de/test/auto/CQBug1.xml
0 ms. Memory: 337920K Free: 129219K (38%)
----------------- Invoking toplevel() on ptolemy.moml.MoMLSimpleApplication@73404a15
----------------- Done invoking toplevel() on ptolemy.moml.MoMLSimpleApplication@73404a15
reloadAllAccessors: .CQBug1

===========================================================================================
----------------- testing Sun Sep 09 02:25:48 UTC 2018 /home/travis/build/icyphy/ptII/ptolemy/domains/de/test/auto/CancelFireAt.xml
----------------- Instantiating /home/travis/build/icyphy/ptII/ptolemy/domains/de/test/auto/CancelFireAt.xml
1 ms. Memory: 337920K Free: 118979K (35%)
----------------- Invoking toplevel() on ptolemy.moml.MoMLSimpleApplication@34e56b15
----------------- Done invoking toplevel() on ptolemy.moml.MoMLSimpleApplication@34e56b15
reloadAllAccessors: .CancelFireAt

===========================================================================================
----------------- testing Sun Sep 09 02:25:48 UTC 2018 /home/travis/build/icyphy/ptII/ptolemy/domains/de/test/auto/CausalityAndComposabilityAnalysis.xml
----------------- Instantiating /home/travis/build/icyphy/ptII/ptolemy/domains/de/test/auto/CausalityAndComposabilityAnalysis.xml
1 ms. Memory: 337920K Free: 108739K (32%)
----------------- Invoking toplevel() on ptolemy.moml.MoMLSimpleApplication@35cbc68c
----------------- Done invoking toplevel() on ptolemy.moml.MoMLSimpleApplication@35cbc68c
reloadAllAccessors: .CausalityAndComposabilityAnalysis

===========================================================================================
----------------- testing Sun Sep 09 02:25:48 UTC 2018 /home/travis/build/icyphy/ptII/ptolemy/domains/de/test/auto/CausalityInterface1.xml
----------------- Instantiating /home/travis/build/icyphy/ptII/ptolemy/domains/de/test/auto/CausalityInterface1.xml
4 ms. Memory: 337920K Free: 98499K (29%)
----------------- Invoking toplevel() on ptolemy.moml.MoMLSimpleApplication@2552758f
----------------- Done invoking toplevel() on ptolemy.moml.MoMLSimpleApplication@2552758f
reloadAllAccessors: .CausalityInterface1

===========================================================================================
----------------- testing Sun Sep 09 02:25:48 UTC 2018 /home/travis/build/icyphy/ptII/ptolemy/domains/de/test/auto/CausalityInterface15.xml
----------------- Instantiating /home/travis/build/icyphy/ptII/ptolemy/domains/de/test/auto/CausalityInterface15.xml
1 ms. Memory: 337920K Free: 84382K (25%)
----------------- Invoking toplevel() on ptolemy.moml.MoMLSimpleApplication@a766ac7
----------------- Done invoking toplevel() on ptolemy.moml.MoMLSimpleApplication@a766ac7
reloadAllAccessors: .CausalityInterface15

[...]
java.lang.RuntimeException: Execution failed
	at ptolemy.moml.MoMLSimpleApplication$UnloadThread.run(MoMLSimpleApplication.java:402)
Caused by: ptolemy.kernel.util.IllegalActionException: Test fails in iteration 1.
Value was: 1.0. Should have been: 2.0
  in .DirectFeedback.Test
	at ptolemy.actor.lib.Test.fire(Test.java:268)
	at ptolemy.domains.de.kernel.DEDirector._fire(DEDirector.java:1949)
	at ptolemy.domains.de.kernel.DEDirector.fire(DEDirector.java:502)
	at ptolemy.actor.CompositeActor.fire(CompositeActor.java:455)
	at ptolemy.actor.Manager.iterate(Manager.java:851)
	at ptolemy.actor.Manager.execute(Manager.java:369)
	at ptolemy.actor.Manager.run(Manager.java:1263)
	at ptolemy.actor.Manager$PtolemyRunThread.run(Manager.java:1915)
java.lang.RuntimeException: Execution failed
	at ptolemy.moml.MoMLSimpleApplication$UnloadThread.run(MoMLSimpleApplication.java:402)
Caused by: ptolemy.kernel.util.IllegalActionException: Actor is not ready to fire.  Perhaps UpSample.prefire() returned false? Try debugging the actor by selecting "Listen to Actor".  Also, for SDF check moml for tokenConsumptionRate on input.
  in .DESDFClockTest.Play Bell.Copy1:SDF Director and .DESDFClockTest.Play Bell.UpSample
	at ptolemy.actor.sched.StaticSchedulingDirector.fire(StaticSchedulingDirector.java:227)
	at ptolemy.domains.sdf.kernel.SDFDirector.fire(SDFDirector.java:500)
	at ptolemy.actor.CompositeActor.fire(CompositeActor.java:455)
	at ptolemy.domains.de.kernel.DEDirector._fire(DEDirector.java:1949)
	at ptolemy.domains.de.kernel.DEDirector.fire(DEDirector.java:502)
	at ptolemy.actor.CompositeActor.fire(CompositeActor.java:455)
	at ptolemy.actor.Manager.iterate(Manager.java:851)
	at ptolemy.actor.Manager.execute(Manager.java:369)
	at ptolemy.actor.Manager.run(Manager.java:1263)
	at ptolemy.actor.Manager$PtolemyRunThread.run(Manager.java:1915)
java.lang.reflect.InvocationTargetException
	at sun.reflect.NativeConstructorAccessorImpl.newInstance0(Native Method)
	at sun.reflect.NativeConstructorAccessorImpl.newInstance(NativeConstructorAccessorImpl.java:62)
	at sun.reflect.DelegatingConstructorAccessorImpl.newInstance(DelegatingConstructorAccessorImpl.java:45)
	at java.lang.reflect.Constructor.newInstance(Constructor.java:423)
	at ptolemy.util.test.junit.AutoKnownFailedTests.RunModel(AutoKnownFailedTests.java:107)
	at sun.reflect.NativeMethodAccessorImpl.invoke0(Native Method)
	at sun.reflect.NativeMethodAccessorImpl.invoke(NativeMethodAccessorImpl.java:62)
	at sun.reflect.DelegatingMethodAccessorImpl.invoke(DelegatingMethodAccessorImpl.java:43)
	at java.lang.reflect.Method.invoke(Method.java:498)
	at org.junit.runners.model.FrameworkMethod$1.runReflectiveCall(FrameworkMethod.java:44)
	at org.junit.internal.runners.model.ReflectiveCallable.run(ReflectiveCallable.java:15)
	at org.junit.runners.model.FrameworkMethod.invokeExplosively(FrameworkMethod.java:41)
	at junitparams.internal.InvokeParameterisedMethod.evaluate(InvokeParameterisedMethod.java:102)
	at org.junit.internal.runners.statements.FailOnTimeout$1.run(FailOnTimeout.java:28)
Caused by: ptolemy.kernel.util.IllegalActionException: Actor is not ready to fire.  Perhaps UpSample.prefire() returned false? Try debugging the actor by selecting "Listen to Actor".  Also, for SDF check moml for tokenConsumptionRate on input.
  in .DESDFClockTest.Play Bell.Copy1:SDF Director and .DESDFClockTest.Play Bell.UpSample
	at ptolemy.actor.sched.StaticSchedulingDirector.fire(StaticSchedulingDirector.java:227)
	at ptolemy.domains.sdf.kernel.SDFDirector.fire(SDFDirector.java:500)
	at ptolemy.actor.CompositeActor.fire(CompositeActor.java:455)
	at ptolemy.domains.de.kernel.DEDirector._fire(DEDirector.java:1949)
	at ptolemy.domains.de.kernel.DEDirector.fire(DEDirector.java:502)
	at ptolemy.actor.CompositeActor.fire(CompositeActor.java:455)
	at ptolemy.actor.Manager.iterate(Manager.java:851)
	at ptolemy.actor.Manager.execute(Manager.java:369)
	at ptolemy.actor.Manager.run(Manager.java:1263)
	at ptolemy.actor.Manager$PtolemyRunThread.run(Manager.java:1915)
java.lang.RuntimeException: Execution failed
	at ptolemy.moml.MoMLSimpleApplication$UnloadThread.run(MoMLSimpleApplication.java:402)
Caused by: ptolemy.kernel.util.IllegalActionException: Test fails in iteration 1.
Value was: 1.0. Should have been: 2.0
  in .DirectFeedback.Test
	at ptolemy.actor.lib.Test.fire(Test.java:268)
	at ptolemy.domains.de.kernel.DEDirector._fire(DEDirector.java:1949)
	at ptolemy.domains.de.kernel.DEDirector.fire(DEDirector.java:502)
	at ptolemy.actor.CompositeActor.fire(CompositeActor.java:455)
	at ptolemy.actor.Manager.iterate(Manager.java:851)
	at ptolemy.actor.Manager.execute(Manager.java:369)
	at ptolemy.actor.Manager.run(Manager.java:1263)
	at ptolemy.actor.Manager$PtolemyRunThread.run(Manager.java:1915)
java.lang.reflect.InvocationTargetException
	at sun.reflect.NativeConstructorAccessorImpl.newInstance0(Native Method)
	at sun.reflect.NativeConstructorAccessorImpl.newInstance(NativeConstructorAccessorImpl.java:62)
	at sun.reflect.DelegatingConstructorAccessorImpl.newInstance(DelegatingConstructorAccessorImpl.java:45)
	at java.lang.reflect.Constructor.newInstance(Constructor.java:423)
	at ptolemy.util.test.junit.AutoKnownFailedTests.RunModel(AutoKnownFailedTests.java:107)
	at sun.reflect.NativeMethodAccessorImpl.invoke0(Native Method)
	at sun.reflect.NativeMethodAccessorImpl.invoke(NativeMethodAccessorImpl.java:62)
	at sun.reflect.DelegatingMethodAccessorImpl.invoke(DelegatingMethodAccessorImpl.java:43)
	at java.lang.reflect.Method.invoke(Method.java:498)
	at org.junit.runners.model.FrameworkMethod$1.runReflectiveCall(FrameworkMethod.java:44)
	at org.junit.internal.runners.model.ReflectiveCallable.run(ReflectiveCallable.java:15)
	at org.junit.runners.model.FrameworkMethod.invokeExplosively(FrameworkMethod.java:41)
	at junitparams.internal.InvokeParameterisedMethod.evaluate(InvokeParameterisedMethod.java:102)
	at org.junit.internal.runners.statements.FailOnTimeout$1.run(FailOnTimeout.java:28)
Caused by: ptolemy.kernel.util.IllegalActionException: Test fails in iteration 1.
Value was: 1.0. Should have been: 2.0
  in .DirectFeedback.Test
	at ptolemy.actor.lib.Test.fire(Test.java:268)
	at ptolemy.domains.de.kernel.DEDirector._fire(DEDirector.java:1949)
	at ptolemy.domains.de.kernel.DEDirector.fire(DEDirector.java:502)
	at ptolemy.actor.CompositeActor.fire(CompositeActor.java:455)
	at ptolemy.actor.Manager.iterate(Manager.java:851)
	at ptolemy.actor.Manager.execute(Manager.java:369)
	at ptolemy.actor.Manager.run(Manager.java:1263)
	at ptolemy.actor.Manager$PtolemyRunThread.run(Manager.java:1915)
java.lang.RuntimeException: Execution failed
	at ptolemy.moml.MoMLSimpleApplication$UnloadThread.run(MoMLSimpleApplication.java:402)
Caused by: ptolemy.kernel.util.IllegalActionException: Found a zero delay loop containing .HierarchicalModel.A
  in .HierarchicalModel and .HierarchicalModel.A
	at ptolemy.actor.util.CausalityInterfaceForComposites._computeOutputPortDepth(CausalityInterfaceForComposites.java:759)
	at ptolemy.actor.util.CausalityInterfaceForComposites._computeInputDepth(CausalityInterfaceForComposites.java:696)
	at ptolemy.actor.util.CausalityInterfaceForComposites._computeOutputPortDepth(CausalityInterfaceForComposites.java:765)
	at ptolemy.actor.util.CausalityInterfaceForComposites._computeInputDepth(CausalityInterfaceForComposites.java:696)
	at ptolemy.actor.util.CausalityInterfaceForComposites._computeOutputPortDepth(CausalityInterfaceForComposites.java:765)
	at ptolemy.actor.util.CausalityInterfaceForComposites._computeInputDepth(CausalityInterfaceForComposites.java:696)
	at ptolemy.actor.util.CausalityInterfaceForComposites._computeActorDepth(CausalityInterfaceForComposites.java:532)
	at ptolemy.actor.util.CausalityInterfaceForComposites.checkForCycles(CausalityInterfaceForComposites.java:96)
	at ptolemy.domains.de.kernel.DEDirector.preinitialize(DEDirector.java:1338)
	at ptolemy.actor.CompositeActor.preinitialize(CompositeActor.java:1828)
	at ptolemy.actor.Manager.preinitializeAndResolveTypes(Manager.java:1040)
	at ptolemy.actor.Manager.initialize(Manager.java:710)
	at ptolemy.actor.Manager.execute(Manager.java:356)
	at ptolemy.actor.Manager.run(Manager.java:1263)
	at ptolemy.actor.Manager$PtolemyRunThread.run(Manager.java:1915)
java.lang.reflect.InvocationTargetException
	at sun.reflect.NativeConstructorAccessorImpl.newInstance0(Native Method)
	at sun.reflect.NativeConstructorAccessorImpl.newInstance(NativeConstructorAccessorImpl.java:62)
	at sun.reflect.DelegatingConstructorAccessorImpl.newInstance(DelegatingConstructorAccessorImpl.java:45)
	at java.lang.reflect.Constructor.newInstance(Constructor.java:423)
	at ptolemy.util.test.junit.AutoKnownFailedTests.RunModel(AutoKnownFailedTests.java:107)
	at sun.reflect.NativeMethodAccessorImpl.invoke0(Native Method)
	at sun.reflect.NativeMethodAccessorImpl.invoke(NativeMethodAccessorImpl.java:62)
	at sun.reflect.DelegatingMethodAccessorImpl.invoke(DelegatingMethodAccessorImpl.java:43)
	at java.lang.reflect.Method.invoke(Method.java:498)
	at org.junit.runners.model.FrameworkMethod$1.runReflectiveCall(FrameworkMethod.java:44)
	at org.junit.internal.runners.model.ReflectiveCallable.run(ReflectiveCallable.java:15)
	at org.junit.runners.model.FrameworkMethod.invokeExplosively(FrameworkMethod.java:41)
	at junitparams.internal.InvokeParameterisedMethod.evaluate(InvokeParameterisedMethod.java:102)
	at org.junit.internal.runners.statements.FailOnTimeout$1.run(FailOnTimeout.java:28)
Caused by: ptolemy.kernel.util.IllegalActionException: Found a zero delay loop containing .HierarchicalModel.A
  in .HierarchicalModel and .HierarchicalModel.A
	at ptolemy.actor.util.CausalityInterfaceForComposites._computeOutputPortDepth(CausalityInterfaceForComposites.java:759)
	at ptolemy.actor.util.CausalityInterfaceForComposites._computeInputDepth(CausalityInterfaceForComposites.java:696)
	at ptolemy.actor.util.CausalityInterfaceForComposites._computeOutputPortDepth(CausalityInterfaceForComposites.java:765)
	at ptolemy.actor.util.CausalityInterfaceForComposites._computeInputDepth(CausalityInterfaceForComposites.java:696)
	at ptolemy.actor.util.CausalityInterfaceForComposites._computeOutputPortDepth(CausalityInterfaceForComposites.java:765)
	at ptolemy.actor.util.CausalityInterfaceForComposites._computeInputDepth(CausalityInterfaceForComposites.java:696)
	at ptolemy.actor.util.CausalityInterfaceForComposites._computeActorDepth(CausalityInterfaceForComposites.java:532)
	at ptolemy.actor.util.CausalityInterfaceForComposites.checkForCycles(CausalityInterfaceForComposites.java:96)
	at ptolemy.domains.de.kernel.DEDirector.preinitialize(DEDirector.java:1338)
	at ptolemy.actor.CompositeActor.preinitialize(CompositeActor.java:1828)
	at ptolemy.actor.Manager.preinitializeAndResolveTypes(Manager.java:1040)
	at ptolemy.actor.Manager.initialize(Manager.java:710)
	at ptolemy.actor.Manager.execute(Manager.java:356)
	at ptolemy.actor.Manager.run(Manager.java:1263)
	at ptolemy.actor.Manager$PtolemyRunThread.run(Manager.java:1915)
java.lang.RuntimeException: Execution failed
	at ptolemy.moml.MoMLSimpleApplication$UnloadThread.run(MoMLSimpleApplication.java:402)
Caused by: ptolemy.kernel.util.IllegalActionException: Found a zero delay loop containing .dependencyLoop.original
  in .dependencyLoop and .dependencyLoop.original
	at ptolemy.actor.util.CausalityInterfaceForComposites._computeOutputPortDepth(CausalityInterfaceForComposites.java:759)
	at ptolemy.actor.util.CausalityInterfaceForComposites._computeInputDepth(CausalityInterfaceForComposites.java:696)
	at ptolemy.actor.util.CausalityInterfaceForComposites._computeOutputPortDepth(CausalityInterfaceForComposites.java:765)
	at ptolemy.actor.util.CausalityInterfaceForComposites._computeInputDepth(CausalityInterfaceForComposites.java:696)
	at ptolemy.actor.util.CausalityInterfaceForComposites._computeOutputPortDepth(CausalityInterfaceForComposites.java:765)
	at ptolemy.actor.util.CausalityInterfaceForComposites._computeInputDepth(CausalityInterfaceForComposites.java:696)
	at ptolemy.actor.util.CausalityInterfaceForComposites._computeActorDepth(CausalityInterfaceForComposites.java:532)
	at ptolemy.actor.util.CausalityInterfaceForComposites.checkForCycles(CausalityInterfaceForComposites.java:96)
	at ptolemy.domains.de.kernel.DEDirector.preinitialize(DEDirector.java:1338)
	at ptolemy.actor.CompositeActor.preinitialize(CompositeActor.java:1828)
	at ptolemy.actor.Manager.preinitializeAndResolveTypes(Manager.java:1040)
	at ptolemy.actor.Manager.initialize(Manager.java:710)
	at ptolemy.actor.Manager.execute(Manager.java:356)
	at ptolemy.actor.Manager.run(Manager.java:1263)
	at ptolemy.actor.Manager$PtolemyRunThread.run(Manager.java:1915)
java.lang.reflect.InvocationTargetException
	at sun.reflect.NativeConstructorAccessorImpl.newInstance0(Native Method)
	at sun.reflect.NativeConstructorAccessorImpl.newInstance(NativeConstructorAccessorImpl.java:62)
	at sun.reflect.DelegatingConstructorAccessorImpl.newInstance(DelegatingConstructorAccessorImpl.java:45)
	at java.lang.reflect.Constructor.newInstance(Constructor.java:423)
	at ptolemy.util.test.junit.AutoKnownFailedTests.RunModel(AutoKnownFailedTests.java:107)
	at sun.reflect.NativeMethodAccessorImpl.invoke0(Native Method)
	at sun.reflect.NativeMethodAccessorImpl.invoke(NativeMethodAccessorImpl.java:62)
	at sun.reflect.DelegatingMethodAccessorImpl.invoke(DelegatingMethodAccessorImpl.java:43)
	at java.lang.reflect.Method.invoke(Method.java:498)
	at org.junit.runners.model.FrameworkMethod$1.runReflectiveCall(FrameworkMethod.java:44)
	at org.junit.internal.runners.model.ReflectiveCallable.run(ReflectiveCallable.java:15)
	at org.junit.runners.model.FrameworkMethod.invokeExplosively(FrameworkMethod.java:41)
	at junitparams.internal.InvokeParameterisedMethod.evaluate(InvokeParameterisedMethod.java:102)
	at org.junit.internal.runners.statements.FailOnTimeout$1.run(FailOnTimeout.java:28)
Caused by: ptolemy.kernel.util.IllegalActionException: Found a zero delay loop containing .dependencyLoop.original
  in .dependencyLoop and .dependencyLoop.original
	at ptolemy.actor.util.CausalityInterfaceForComposites._computeOutputPortDepth(CausalityInterfaceForComposites.java:759)
	at ptolemy.actor.util.CausalityInterfaceForComposites._computeInputDepth(CausalityInterfaceForComposites.java:696)
	at ptolemy.actor.util.CausalityInterfaceForComposites._computeOutputPortDepth(CausalityInterfaceForComposites.java:765)
	at ptolemy.actor.util.CausalityInterfaceForComposites._computeInputDepth(CausalityInterfaceForComposites.java:696)
	at ptolemy.actor.util.CausalityInterfaceForComposites._computeOutputPortDepth(CausalityInterfaceForComposites.java:765)
	at ptolemy.actor.util.CausalityInterfaceForComposites._computeInputDepth(CausalityInterfaceForComposites.java:696)
	at ptolemy.actor.util.CausalityInterfaceForComposites._computeActorDepth(CausalityInterfaceForComposites.java:532)
	at ptolemy.actor.util.CausalityInterfaceForComposites.checkForCycles(CausalityInterfaceForComposites.java:96)
	at ptolemy.domains.de.kernel.DEDirector.preinitialize(DEDirector.java:1338)
	at ptolemy.actor.CompositeActor.preinitialize(CompositeActor.java:1828)
	at ptolemy.actor.Manager.preinitializeAndResolveTypes(Manager.java:1040)
	at ptolemy.actor.Manager.initialize(Manager.java:710)
	at ptolemy.actor.Manager.execute(Manager.java:356)
	at ptolemy.actor.Manager.run(Manager.java:1263)
	at ptolemy.actor.Manager$PtolemyRunThread.run(Manager.java:1915)
java.lang.RuntimeException: Execution failed
	at ptolemy.moml.MoMLSimpleApplication$UnloadThread.run(MoMLSimpleApplication.java:402)
Caused by: ptolemy.kernel.util.IllegalActionException: Found a zero delay loop containing .dependencyLoop2.original
  in .dependencyLoop2 and .dependencyLoop2.original
	at ptolemy.actor.util.CausalityInterfaceForComposites._computeOutputPortDepth(CausalityInterfaceForComposites.java:759)
	at ptolemy.actor.util.CausalityInterfaceForComposites._computeInputDepth(CausalityInterfaceForComposites.java:696)
	at ptolemy.actor.util.CausalityInterfaceForComposites._computeOutputPortDepth(CausalityInterfaceForComposites.java:765)
	at ptolemy.actor.util.CausalityInterfaceForComposites._computeInputDepth(CausalityInterfaceForComposites.java:696)
	at ptolemy.actor.util.CausalityInterfaceForComposites._computeOutputPortDepth(CausalityInterfaceForComposites.java:765)
	at ptolemy.actor.util.CausalityInterfaceForComposites._computeInputDepth(CausalityInterfaceForComposites.java:696)
	at ptolemy.actor.util.CausalityInterfaceForComposites._computeActorDepth(CausalityInterfaceForComposites.java:532)
	at ptolemy.actor.util.CausalityInterfaceForComposites.checkForCycles(CausalityInterfaceForComposites.java:96)
	at ptolemy.domains.de.kernel.DEDirector.preinitialize(DEDirector.java:1338)
	at ptolemy.actor.CompositeActor.preinitialize(CompositeActor.java:1828)
	at ptolemy.actor.Manager.preinitializeAndResolveTypes(Manager.java:1040)
	at ptolemy.actor.Manager.initialize(Manager.java:710)
	at ptolemy.actor.Manager.execute(Manager.java:356)
	at ptolemy.actor.Manager.run(Manager.java:1263)
	at ptolemy.actor.Manager$PtolemyRunThread.run(Manager.java:1915)
java.lang.reflect.InvocationTargetException
	at sun.reflect.NativeConstructorAccessorImpl.newInstance0(Native Method)
	at sun.reflect.NativeConstructorAccessorImpl.newInstance(NativeConstructorAccessorImpl.java:62)
	at sun.reflect.DelegatingConstructorAccessorImpl.newInstance(DelegatingConstructorAccessorImpl.java:45)
	at java.lang.reflect.Constructor.newInstance(Constructor.java:423)
	at ptolemy.util.test.junit.AutoKnownFailedTests.RunModel(AutoKnownFailedTests.java:107)
	at sun.reflect.NativeMethodAccessorImpl.invoke0(Native Method)
	at sun.reflect.NativeMethodAccessorImpl.invoke(NativeMethodAccessorImpl.java:62)
	at sun.reflect.DelegatingMethodAccessorImpl.invoke(DelegatingMethodAccessorImpl.java:43)
	at java.lang.reflect.Method.invoke(Method.java:498)
	at org.junit.runners.model.FrameworkMethod$1.runReflectiveCall(FrameworkMethod.java:44)
	at org.junit.internal.runners.model.ReflectiveCallable.run(ReflectiveCallable.java:15)
	at org.junit.runners.model.FrameworkMethod.invokeExplosively(FrameworkMethod.java:41)
	at junitparams.internal.InvokeParameterisedMethod.evaluate(InvokeParameterisedMethod.java:102)
	at org.junit.internal.runners.statements.FailOnTimeout$1.run(FailOnTimeout.java:28)
Caused by: ptolemy.kernel.util.IllegalActionException: Found a zero delay loop containing .dependencyLoop2.original
  in .dependencyLoop2 and .dependencyLoop2.original
	at ptolemy.actor.util.CausalityInterfaceForComposites._computeOutputPortDepth(CausalityInterfaceForComposites.java:759)
	at ptolemy.actor.util.CausalityInterfaceForComposites._computeInputDepth(CausalityInterfaceForComposites.java:696)
	at ptolemy.actor.util.CausalityInterfaceForComposites._computeOutputPortDepth(CausalityInterfaceForComposites.java:765)
	at ptolemy.actor.util.CausalityInterfaceForComposites._computeInputDepth(CausalityInterfaceForComposites.java:696)
	at ptolemy.actor.util.CausalityInterfaceForComposites._computeOutputPortDepth(CausalityInterfaceForComposites.java:765)
	at ptolemy.actor.util.CausalityInterfaceForComposites._computeInputDepth(CausalityInterfaceForComposites.java:696)
	at ptolemy.actor.util.CausalityInterfaceForComposites._computeActorDepth(CausalityInterfaceForComposites.java:532)
	at ptolemy.actor.util.CausalityInterfaceForComposites.checkForCycles(CausalityInterfaceForComposites.java:96)
	at ptolemy.domains.de.kernel.DEDirector.preinitialize(DEDirector.java:1338)
	at ptolemy.actor.CompositeActor.preinitialize(CompositeActor.java:1828)
	at ptolemy.actor.Manager.preinitializeAndResolveTypes(Manager.java:1040)
	at ptolemy.actor.Manager.initialize(Manager.java:710)
	at ptolemy.actor.Manager.execute(Manager.java:356)
	at ptolemy.actor.Manager.run(Manager.java:1263)
	at ptolemy.actor.Manager$PtolemyRunThread.run(Manager.java:1915)
]]></system-err>
</testsuite>
