<?xml version="1.0" encoding="UTF-8" ?>
<testsuite errors="0" failures="0" hostname="travis-job-56dfc3ce-e3d7-4ada-b40d-86fcea6c0f88" name="ptolemy.actor.lib.hoc.test.junit.JUnitTclTest" skipped="0" tests="58" time="34.812" timestamp="2019-08-09T05:22:26">
  <properties>
[...]
</properties>
  <testcase classname="ptolemy.util.test.junit.TclTests" name="[0] /home/travis/build/icyphy/ptII/ptolemy/actor/lib/hoc/test/IterateOverArray.tcl (RunTclFile)" time="0.327" />
  <testcase classname="ptolemy.util.test.junit.AutoKnownFailedTests" name="[0] /home/travis/build/icyphy/ptII/ptolemy/actor/lib/hoc/test/auto/knownFailedTests/PreinitializeMustBeInvokedRunComposite.xml (RunModel)" time="0.57" />
  <testcase classname="ptolemy.util.test.junit.AutoNameArchTests" name="[0] ThereAreNoAutoArchTests (RunModel)" time="0.001" />
  <testcase classname="ptolemy.util.test.junit.AutoTests" name="[0] /home/travis/build/icyphy/ptII/ptolemy/actor/lib/hoc/test/auto/AllToAllMultiInstanceComposite.xml (RunModel)" time="0.57" />
  <testcase classname="ptolemy.util.test.junit.AutoTests" name="[1] /home/travis/build/icyphy/ptII/ptolemy/actor/lib/hoc/test/auto/ApplyFFTTest.xml (RunModel)" time="0.491" />
  <testcase classname="ptolemy.util.test.junit.AutoTests" name="[2] /home/travis/build/icyphy/ptII/ptolemy/actor/lib/hoc/test/auto/ApplyFunction.xml (RunModel)" time="0.077" />
  <testcase classname="ptolemy.util.test.junit.AutoTests" name="[3] /home/travis/build/icyphy/ptII/ptolemy/actor/lib/hoc/test/auto/BackgroundExecution.xml (RunModel)" time="0.733" />
  <testcase classname="ptolemy.util.test.junit.AutoTests" name="[4] /home/travis/build/icyphy/ptII/ptolemy/actor/lib/hoc/test/auto/Case.xml (RunModel)" time="0.096" />
  <testcase classname="ptolemy.util.test.junit.AutoTests" name="[5] /home/travis/build/icyphy/ptII/ptolemy/actor/lib/hoc/test/auto/Case1.xml (RunModel)" time="0.069" />
  <testcase classname="ptolemy.util.test.junit.AutoTests" name="[6] /home/travis/build/icyphy/ptII/ptolemy/actor/lib/hoc/test/auto/Case2.xml (RunModel)" time="0.148" />
  <testcase classname="ptolemy.util.test.junit.AutoTests" name="[7] /home/travis/build/icyphy/ptII/ptolemy/actor/lib/hoc/test/auto/Case3.xml (RunModel)" time="0.085" />
  <testcase classname="ptolemy.util.test.junit.AutoTests" name="[8] /home/travis/build/icyphy/ptII/ptolemy/actor/lib/hoc/test/auto/Case4.xml (RunModel)" time="0.07" />
  <testcase classname="ptolemy.util.test.junit.AutoTests" name="[9] /home/travis/build/icyphy/ptII/ptolemy/actor/lib/hoc/test/auto/Case5.xml (RunModel)" time="0.099" />
  <testcase classname="ptolemy.util.test.junit.AutoTests" name="[10] /home/travis/build/icyphy/ptII/ptolemy/actor/lib/hoc/test/auto/Case6.xml (RunModel)" time="0.075" />
  <testcase classname="ptolemy.util.test.junit.AutoTests" name="[11] /home/travis/build/icyphy/ptII/ptolemy/actor/lib/hoc/test/auto/CaseString2.xml (RunModel)" time="0.041" />
  <testcase classname="ptolemy.util.test.junit.AutoTests" name="[12] /home/travis/build/icyphy/ptII/ptolemy/actor/lib/hoc/test/auto/CatchUpComposite1.xml (RunModel)" time="0.067" />
  <testcase classname="ptolemy.util.test.junit.AutoTests" name="[13] /home/travis/build/icyphy/ptII/ptolemy/actor/lib/hoc/test/auto/CatchUpComposite2.xml (RunModel)" time="0.051" />
  <testcase classname="ptolemy.util.test.junit.AutoTests" name="[14] /home/travis/build/icyphy/ptII/ptolemy/actor/lib/hoc/test/auto/CatchUpComposite3.xml (RunModel)" time="0.088" />
  <testcase classname="ptolemy.util.test.junit.AutoTests" name="[15] /home/travis/build/icyphy/ptII/ptolemy/actor/lib/hoc/test/auto/CatchUpComposite4.xml (RunModel)" time="0.096" />
  <testcase classname="ptolemy.util.test.junit.AutoTests" name="[16] /home/travis/build/icyphy/ptII/ptolemy/actor/lib/hoc/test/auto/CatchUpComposite5.xml (RunModel)" time="0.061" />
  <testcase classname="ptolemy.util.test.junit.AutoTests" name="[17] /home/travis/build/icyphy/ptII/ptolemy/actor/lib/hoc/test/auto/CatchUpComposite6.xml (RunModel)" time="0.196" />
  <testcase classname="ptolemy.util.test.junit.AutoTests" name="[18] /home/travis/build/icyphy/ptII/ptolemy/actor/lib/hoc/test/auto/CatchUpComposite7.xml (RunModel)" time="0.123" />
  <testcase classname="ptolemy.util.test.junit.AutoTests" name="[19] /home/travis/build/icyphy/ptII/ptolemy/actor/lib/hoc/test/auto/ConcurrentExecutionTimeSDF.xml (RunModel)" time="1.01" />
  <testcase classname="ptolemy.util.test.junit.AutoTests" name="[20] /home/travis/build/icyphy/ptII/ptolemy/actor/lib/hoc/test/auto/ConcurrentSleep.xml (RunModel)" time="0.782" />
  <testcase classname="ptolemy.util.test.junit.AutoTests" name="[21] /home/travis/build/icyphy/ptII/ptolemy/actor/lib/hoc/test/auto/DEInPNInRunCompositeActor.xml (RunModel)" time="0.035" />
  <testcase classname="ptolemy.util.test.junit.AutoTests" name="[22] /home/travis/build/icyphy/ptII/ptolemy/actor/lib/hoc/test/auto/DFTSubSetTest.xml (RunModel)" time="0.225" />
  <testcase classname="ptolemy.util.test.junit.AutoTests" name="[23] /home/travis/build/icyphy/ptII/ptolemy/actor/lib/hoc/test/auto/HocDE.xml (RunModel)" time="0.23" />
  <testcase classname="ptolemy.util.test.junit.AutoTests" name="[24] /home/travis/build/icyphy/ptII/ptolemy/actor/lib/hoc/test/auto/IterateOverArray.xml (RunModel)" time="0.024" />
  <testcase classname="ptolemy.util.test.junit.AutoTests" name="[25] /home/travis/build/icyphy/ptII/ptolemy/actor/lib/hoc/test/auto/IterateOverArray10.xml (RunModel)" time="0.021" />
  <testcase classname="ptolemy.util.test.junit.AutoTests" name="[26] /home/travis/build/icyphy/ptII/ptolemy/actor/lib/hoc/test/auto/IterateOverArray11.xml (RunModel)" time="0.022" />
  <testcase classname="ptolemy.util.test.junit.AutoTests" name="[27] /home/travis/build/icyphy/ptII/ptolemy/actor/lib/hoc/test/auto/IterateOverArray12.xml (RunModel)" time="0.041" />
  <testcase classname="ptolemy.util.test.junit.AutoTests" name="[28] /home/travis/build/icyphy/ptII/ptolemy/actor/lib/hoc/test/auto/IterateOverArray13.xml (RunModel)" time="0.18" />
  <testcase classname="ptolemy.util.test.junit.AutoTests" name="[29] /home/travis/build/icyphy/ptII/ptolemy/actor/lib/hoc/test/auto/IterateOverArray14.xml (RunModel)" time="0.193" />
  <testcase classname="ptolemy.util.test.junit.AutoTests" name="[30] /home/travis/build/icyphy/ptII/ptolemy/actor/lib/hoc/test/auto/IterateOverArray2.xml (RunModel)" time="0.035" />
  <testcase classname="ptolemy.util.test.junit.AutoTests" name="[31] /home/travis/build/icyphy/ptII/ptolemy/actor/lib/hoc/test/auto/IterateOverArray3.xml (RunModel)" time="0.049" />
  <testcase classname="ptolemy.util.test.junit.AutoTests" name="[32] /home/travis/build/icyphy/ptII/ptolemy/actor/lib/hoc/test/auto/IterateOverArray4.xml (RunModel)" time="0.027" />
  <testcase classname="ptolemy.util.test.junit.AutoTests" name="[33] /home/travis/build/icyphy/ptII/ptolemy/actor/lib/hoc/test/auto/IterateOverArray5.xml (RunModel)" time="0.025" />
  <testcase classname="ptolemy.util.test.junit.AutoTests" name="[34] /home/travis/build/icyphy/ptII/ptolemy/actor/lib/hoc/test/auto/IterateOverArray6.xml (RunModel)" time="0.014" />
  <testcase classname="ptolemy.util.test.junit.AutoTests" name="[35] /home/travis/build/icyphy/ptII/ptolemy/actor/lib/hoc/test/auto/IterateOverArray7.xml (RunModel)" time="0.023" />
  <testcase classname="ptolemy.util.test.junit.AutoTests" name="[36] /home/travis/build/icyphy/ptII/ptolemy/actor/lib/hoc/test/auto/IterateOverArray8.xml (RunModel)" time="0.021" />
  <testcase classname="ptolemy.util.test.junit.AutoTests" name="[37] /home/travis/build/icyphy/ptII/ptolemy/actor/lib/hoc/test/auto/IterateOverArray9.xml (RunModel)" time="0.026" />
  <testcase classname="ptolemy.util.test.junit.AutoTests" name="[38] /home/travis/build/icyphy/ptII/ptolemy/actor/lib/hoc/test/auto/IterateOverArrayCoercedOutputType.xml (RunModel)" time="0.062" />
  <testcase classname="ptolemy.util.test.junit.AutoTests" name="[39] /home/travis/build/icyphy/ptII/ptolemy/actor/lib/hoc/test/auto/IterateOverArrayInferredOutputType.xml (RunModel)" time="0.035" />
  <testcase classname="ptolemy.util.test.junit.AutoTests" name="[40] /home/travis/build/icyphy/ptII/ptolemy/actor/lib/hoc/test/auto/MobileFunctionTest.xml (RunModel)" time="0.035" />
  <testcase classname="ptolemy.util.test.junit.AutoTests" name="[41] /home/travis/build/icyphy/ptII/ptolemy/actor/lib/hoc/test/auto/MobileModelTest.xml (RunModel)" time="0.204" />
  <testcase classname="ptolemy.util.test.junit.AutoTests" name="[42] /home/travis/build/icyphy/ptII/ptolemy/actor/lib/hoc/test/auto/ModelReference.xml (RunModel)" time="0.066" />
  <testcase classname="ptolemy.util.test.junit.AutoTests" name="[43] /home/travis/build/icyphy/ptII/ptolemy/actor/lib/hoc/test/auto/ModelReference3.xml (RunModel)" time="0.041" />
  <testcase classname="ptolemy.util.test.junit.AutoTests" name="[44] /home/travis/build/icyphy/ptII/ptolemy/actor/lib/hoc/test/auto/ModelReference4.xml (RunModel)" time="10.035" />
  <testcase classname="ptolemy.util.test.junit.AutoTests" name="[45] /home/travis/build/icyphy/ptII/ptolemy/actor/lib/hoc/test/auto/MultiInstanceComposite.xml (RunModel)" time="0.078" />
  <testcase classname="ptolemy.util.test.junit.AutoTests" name="[46] /home/travis/build/icyphy/ptII/ptolemy/actor/lib/hoc/test/auto/MultiInstanceComposite2.xml (RunModel)" time="0.043" />
  <testcase classname="ptolemy.util.test.junit.AutoTests" name="[47] /home/travis/build/icyphy/ptII/ptolemy/actor/lib/hoc/test/auto/MulticoreExecution.xml (RunModel)" time="1.102" />
  <testcase classname="ptolemy.util.test.junit.AutoTests" name="[48] /home/travis/build/icyphy/ptII/ptolemy/actor/lib/hoc/test/auto/ParallelExecution.xml (RunModel)" time="0.951" />
  <testcase classname="ptolemy.util.test.junit.AutoTests" name="[49] /home/travis/build/icyphy/ptII/ptolemy/actor/lib/hoc/test/auto/RunCompositeActor.xml (RunModel)" time="0.043" />
  <testcase classname="ptolemy.util.test.junit.AutoTests" name="[50] /home/travis/build/icyphy/ptII/ptolemy/actor/lib/hoc/test/auto/RunCompositeActor2.xml (RunModel)" time="0.028" />
  <testcase classname="ptolemy.util.test.junit.AutoTests" name="[51] /home/travis/build/icyphy/ptII/ptolemy/actor/lib/hoc/test/auto/RunCompositeActor3.xml (RunModel)" time="0.02" />
  <testcase classname="ptolemy.util.test.junit.AutoTests" name="[52] /home/travis/build/icyphy/ptII/ptolemy/actor/lib/hoc/test/auto/RunCompositeActor4.xml (RunModel)" time="0.031" />
  <testcase classname="ptolemy.util.test.junit.AutoTests" name="[53] /home/travis/build/icyphy/ptII/ptolemy/actor/lib/hoc/test/auto/RunCompositeIterateOverArray.xml (RunModel)" time="0.04" />
  <testcase classname="ptolemy.util.test.junit.AutoTests" name="[54] /home/travis/build/icyphy/ptII/ptolemy/actor/lib/hoc/test/auto/ThreadedJS.xml (RunModel)" time="14.124" />
  <system-out><![CDATA[/home/travis/build/icyphy/ptII/ptolemy/actor/lib/hoc/test/IterateOverArray.tcl
testDefs.tcl: setting time out to 9000 seconds at Fri Aug 09 05:22:26 UTC 2019
08/09/19 05:22:26
Failed: 0  Total Tests: 2  ((Passed: 2, Newly Passed: 0)  Known Failed: 0) /home/travis/build/icyphy/ptII/ptolemy/actor/lib/hoc/test
----------------- testing (KnownFailure) /home/travis/build/icyphy/ptII/ptolemy/actor/lib/hoc/test/auto/knownFailedTests/PreinitializeMustBeInvokedRunComposite.xml
147 ms. Memory: 120832K Free: 79812K (66%)
Known Failure: java.lang.reflect.InvocationTargetException
No auto/linux-amd64/*.xml tests in /home/travis/build/icyphy/ptII/ptolemy/actor/lib/hoc/test
AutoTests.java: About to close Vertx.
AutoTests.java: Vertx closed.

===========================================================================================
----------------- testing Fri Aug 09 05:22:27 UTC 2019 /home/travis/build/icyphy/ptII/ptolemy/actor/lib/hoc/test/auto/AllToAllMultiInstanceComposite.xml
----------------- Instantiating /home/travis/build/icyphy/ptII/ptolemy/actor/lib/hoc/test/auto/AllToAllMultiInstanceComposite.xml
294 ms. Memory: 120832K Free: 95666K (79%)
----------------- Invoking toplevel() on ptolemy.moml.MoMLSimpleApplication@5880e617
----------------- Done invoking toplevel() on ptolemy.moml.MoMLSimpleApplication@5880e617
reloadAllAccessors: .AllToAllMultiInstanceComposite

===========================================================================================
----------------- testing Fri Aug 09 05:22:28 UTC 2019 /home/travis/build/icyphy/ptII/ptolemy/actor/lib/hoc/test/auto/ApplyFFTTest.xml
----------------- Instantiating /home/travis/build/icyphy/ptII/ptolemy/actor/lib/hoc/test/auto/ApplyFFTTest.xml
193 ms. Memory: 120832K Free: 103268K (85%)
----------------- Invoking toplevel() on ptolemy.moml.MoMLSimpleApplication@49b01052
----------------- Done invoking toplevel() on ptolemy.moml.MoMLSimpleApplication@49b01052
reloadAllAccessors: .ApplyFFTTest

===========================================================================================
----------------- testing Fri Aug 09 05:22:28 UTC 2019 /home/travis/build/icyphy/ptII/ptolemy/actor/lib/hoc/test/auto/ApplyFunction.xml
----------------- Instantiating /home/travis/build/icyphy/ptII/ptolemy/actor/lib/hoc/test/auto/ApplyFunction.xml
19 ms. Memory: 120832K Free: 99759K (83%)
----------------- Invoking toplevel() on ptolemy.moml.MoMLSimpleApplication@6fc3f8c1
----------------- Done invoking toplevel() on ptolemy.moml.MoMLSimpleApplication@6fc3f8c1
reloadAllAccessors: .ApplyFunction

===========================================================================================
----------------- testing Fri Aug 09 05:22:29 UTC 2019 /home/travis/build/icyphy/ptII/ptolemy/actor/lib/hoc/test/auto/BackgroundExecution.xml
----------------- Instantiating /home/travis/build/icyphy/ptII/ptolemy/actor/lib/hoc/test/auto/BackgroundExecution.xml
644 ms. Memory: 120832K Free: 92227K (76%)
----------------- Invoking toplevel() on ptolemy.moml.MoMLSimpleApplication@493f0f47
----------------- Done invoking toplevel() on ptolemy.moml.MoMLSimpleApplication@493f0f47
reloadAllAccessors: .BackgroundExecution

===========================================================================================
----------------- testing Fri Aug 09 05:22:29 UTC 2019 /home/travis/build/icyphy/ptII/ptolemy/actor/lib/hoc/test/auto/Case.xml
----------------- Instantiating /home/travis/build/icyphy/ptII/ptolemy/actor/lib/hoc/test/auto/Case.xml
27 ms. Memory: 120832K Free: 85353K (71%)
----------------- Invoking toplevel() on ptolemy.moml.MoMLSimpleApplication@646b264e
----------------- Done invoking toplevel() on ptolemy.moml.MoMLSimpleApplication@646b264e
reloadAllAccessors: .Case

===========================================================================================
----------------- testing Fri Aug 09 05:22:29 UTC 2019 /home/travis/build/icyphy/ptII/ptolemy/actor/lib/hoc/test/auto/Case1.xml
----------------- Instantiating /home/travis/build/icyphy/ptII/ptolemy/actor/lib/hoc/test/auto/Case1.xml
21 ms. Memory: 120832K Free: 78844K (65%)
----------------- Invoking toplevel() on ptolemy.moml.MoMLSimpleApplication@5459acc9
----------------- Done invoking toplevel() on ptolemy.moml.MoMLSimpleApplication@5459acc9
reloadAllAccessors: .Case1

===========================================================================================
----------------- testing Fri Aug 09 05:22:29 UTC 2019 /home/travis/build/icyphy/ptII/ptolemy/actor/lib/hoc/test/auto/Case2.xml
----------------- Instantiating /home/travis/build/icyphy/ptII/ptolemy/actor/lib/hoc/test/auto/Case2.xml
57 ms. Memory: 149504K Free: 131110K (88%)
----------------- Invoking toplevel() on ptolemy.moml.MoMLSimpleApplication@6dab431a
----------------- Done invoking toplevel() on ptolemy.moml.MoMLSimpleApplication@6dab431a
reloadAllAccessors: .Case2

===========================================================================================
----------------- testing Fri Aug 09 05:22:30 UTC 2019 /home/travis/build/icyphy/ptII/ptolemy/actor/lib/hoc/test/auto/Case3.xml
----------------- Instantiating /home/travis/build/icyphy/ptII/ptolemy/actor/lib/hoc/test/auto/Case3.xml
25 ms. Memory: 149504K Free: 124928K (84%)
----------------- Invoking toplevel() on ptolemy.moml.MoMLSimpleApplication@201c7975
----------------- Done invoking toplevel() on ptolemy.moml.MoMLSimpleApplication@201c7975
reloadAllAccessors: .Case3

===========================================================================================
----------------- testing Fri Aug 09 05:22:30 UTC 2019 /home/travis/build/icyphy/ptII/ptolemy/actor/lib/hoc/test/auto/Case4.xml
----------------- Instantiating /home/travis/build/icyphy/ptII/ptolemy/actor/lib/hoc/test/auto/Case4.xml
12 ms. Memory: 149504K Free: 117267K (78%)
----------------- Invoking toplevel() on ptolemy.moml.MoMLSimpleApplication@3cdd0efe
----------------- Done invoking toplevel() on ptolemy.moml.MoMLSimpleApplication@3cdd0efe
reloadAllAccessors: .Case4

===========================================================================================
----------------- testing Fri Aug 09 05:22:30 UTC 2019 /home/travis/build/icyphy/ptII/ptolemy/actor/lib/hoc/test/auto/Case5.xml
----------------- Instantiating /home/travis/build/icyphy/ptII/ptolemy/actor/lib/hoc/test/auto/Case5.xml
56 ms. Memory: 149504K Free: 111177K (74%)
----------------- Invoking toplevel() on ptolemy.moml.MoMLSimpleApplication@d8ea4f1
----------------- Done invoking toplevel() on ptolemy.moml.MoMLSimpleApplication@d8ea4f1
reloadAllAccessors: .junk

===========================================================================================
----------------- testing Fri Aug 09 05:22:30 UTC 2019 /home/travis/build/icyphy/ptII/ptolemy/actor/lib/hoc/test/auto/Case6.xml
----------------- Instantiating /home/travis/build/icyphy/ptII/ptolemy/actor/lib/hoc/test/auto/Case6.xml
28 ms. Memory: 149504K Free: 99596K (67%)
----------------- Invoking toplevel() on ptolemy.moml.MoMLSimpleApplication@614fcea
----------------- Done invoking toplevel() on ptolemy.moml.MoMLSimpleApplication@614fcea
reloadAllAccessors: .Case6

===========================================================================================
----------------- testing Fri Aug 09 05:22:30 UTC 2019 /home/travis/build/icyphy/ptII/ptolemy/actor/lib/hoc/test/auto/CaseString2.xml
----------------- Instantiating /home/travis/build/icyphy/ptII/ptolemy/actor/lib/hoc/test/auto/CaseString2.xml
14 ms. Memory: 149504K Free: 91721K (61%)
----------------- Invoking toplevel() on ptolemy.moml.MoMLSimpleApplication@1f61fed9
----------------- Done invoking toplevel() on ptolemy.moml.MoMLSimpleApplication@1f61fed9
reloadAllAccessors: .CaseString2

===========================================================================================
----------------- testing Fri Aug 09 05:22:30 UTC 2019 /home/travis/build/icyphy/ptII/ptolemy/actor/lib/hoc/test/auto/CatchUpComposite1.xml
----------------- Instantiating /home/travis/build/icyphy/ptII/ptolemy/actor/lib/hoc/test/auto/CatchUpComposite1.xml
22 ms. Memory: 149504K Free: 129146K (86%)
----------------- Invoking toplevel() on ptolemy.moml.MoMLSimpleApplication@1131767
----------------- Done invoking toplevel() on ptolemy.moml.MoMLSimpleApplication@1131767
reloadAllAccessors: .CatchUpComposite1

===========================================================================================
----------------- testing Fri Aug 09 05:22:30 UTC 2019 /home/travis/build/icyphy/ptII/ptolemy/actor/lib/hoc/test/auto/CatchUpComposite2.xml
----------------- Instantiating /home/travis/build/icyphy/ptII/ptolemy/actor/lib/hoc/test/auto/CatchUpComposite2.xml
10 ms. Memory: 149504K Free: 120954K (81%)
----------------- Invoking toplevel() on ptolemy.moml.MoMLSimpleApplication@41a28cc2
----------------- Done invoking toplevel() on ptolemy.moml.MoMLSimpleApplication@41a28cc2
reloadAllAccessors: .CatchUpComposite2

===========================================================================================
----------------- testing Fri Aug 09 05:22:30 UTC 2019 /home/travis/build/icyphy/ptII/ptolemy/actor/lib/hoc/test/auto/CatchUpComposite3.xml
----------------- Instantiating /home/travis/build/icyphy/ptII/ptolemy/actor/lib/hoc/test/auto/CatchUpComposite3.xml
30 ms. Memory: 149504K Free: 112342K (75%)
----------------- Invoking toplevel() on ptolemy.moml.MoMLSimpleApplication@5624c938
----------------- Done invoking toplevel() on ptolemy.moml.MoMLSimpleApplication@5624c938
reloadAllAccessors: .CatchUpComposite3

===========================================================================================
----------------- testing Fri Aug 09 05:22:30 UTC 2019 /home/travis/build/icyphy/ptII/ptolemy/actor/lib/hoc/test/auto/CatchUpComposite4.xml
----------------- Instantiating /home/travis/build/icyphy/ptII/ptolemy/actor/lib/hoc/test/auto/CatchUpComposite4.xml
30 ms. Memory: 149504K Free: 104570K (70%)
----------------- Invoking toplevel() on ptolemy.moml.MoMLSimpleApplication@7408946c
----------------- Done invoking toplevel() on ptolemy.moml.MoMLSimpleApplication@7408946c
reloadAllAccessors: .CatchUpComposite4

===========================================================================================
----------------- testing Fri Aug 09 05:22:30 UTC 2019 /home/travis/build/icyphy/ptII/ptolemy/actor/lib/hoc/test/auto/CatchUpComposite5.xml
----------------- Instantiating /home/travis/build/icyphy/ptII/ptolemy/actor/lib/hoc/test/auto/CatchUpComposite5.xml
20 ms. Memory: 149504K Free: 96763K (65%)
----------------- Invoking toplevel() on ptolemy.moml.MoMLSimpleApplication@559531bc
----------------- Done invoking toplevel() on ptolemy.moml.MoMLSimpleApplication@559531bc
reloadAllAccessors: .CatchUpComposite5

===========================================================================================
----------------- testing Fri Aug 09 05:22:30 UTC 2019 /home/travis/build/icyphy/ptII/ptolemy/actor/lib/hoc/test/auto/CatchUpComposite6.xml
----------------- Instantiating /home/travis/build/icyphy/ptII/ptolemy/actor/lib/hoc/test/auto/CatchUpComposite6.xml
WARNING: The execution aspects in this model can influence the timing of actors by delaying the 
execution, potentially changing the behavior. There is no guarantee that actors fire at the 
time they request to be fired. 
Use Ptides for deterministic DE behavior that is not influenced by execution aspects. 

116 ms. Memory: 149504K Free: 82049K (55%)
----------------- Invoking toplevel() on ptolemy.moml.MoMLSimpleApplication@31dc6484
----------------- Done invoking toplevel() on ptolemy.moml.MoMLSimpleApplication@31dc6484
reloadAllAccessors: .CatchUpComposite6

===========================================================================================
----------------- testing Fri Aug 09 05:22:31 UTC 2019 /home/travis/build/icyphy/ptII/ptolemy/actor/lib/hoc/test/auto/CatchUpComposite7.xml
----------------- Instantiating /home/travis/build/icyphy/ptII/ptolemy/actor/lib/hoc/test/auto/CatchUpComposite7.xml
WARNING: The execution aspects in this model can influence the timing of actors by delaying the 
execution, potentially changing the behavior. There is no guarantee that actors fire at the 
time they request to be fired. 
Use Ptides for deterministic DE behavior that is not influenced by execution aspects. 

54 ms. Memory: 149504K Free: 124612K (83%)
----------------- Invoking toplevel() on ptolemy.moml.MoMLSimpleApplication@33f771e0
----------------- Done invoking toplevel() on ptolemy.moml.MoMLSimpleApplication@33f771e0
reloadAllAccessors: .CatchUpComposite7

===========================================================================================
----------------- testing Fri Aug 09 05:22:31 UTC 2019 /home/travis/build/icyphy/ptII/ptolemy/actor/lib/hoc/test/auto/ConcurrentExecutionTimeSDF.xml
----------------- Instantiating /home/travis/build/icyphy/ptII/ptolemy/actor/lib/hoc/test/auto/ConcurrentExecutionTimeSDF.xml
Fired ExecutionTime: 40400000
Fired ExecutionTime: 40400000
Fired ExecutionTime: 40400000
Fired ExecutionTime: 40400000
Fired ExecutionTime: 40400000
Fired ExecutionTime: 40400000
Fired ExecutionTime: 40400000
Fired ExecutionTime: 40400000
Fired ExecutionTime: 40400000
Fired ExecutionTime: 40400000
Fired ExecutionTime: 40400000
Fired ExecutionTime: 40400000
Fired ExecutionTime: 40400000
Fired ExecutionTime: 40400000
Fired ExecutionTime: 40400000
Fired ExecutionTime: 40400000
Fired ExecutionTime: 40400000
Fired ExecutionTime: 40400000
Fired ExecutionTime: 40400000
Fired ExecutionTime: 40400000
985 ms. Memory: 149504K Free: 117444K (79%)
----------------- Invoking toplevel() on ptolemy.moml.MoMLSimpleApplication@1d26cd23
----------------- Done invoking toplevel() on ptolemy.moml.MoMLSimpleApplication@1d26cd23
reloadAllAccessors: .ConcurrentExecutionTimeSDF

===========================================================================================
----------------- testing Fri Aug 09 05:22:32 UTC 2019 /home/travis/build/icyphy/ptII/ptolemy/actor/lib/hoc/test/auto/ConcurrentSleep.xml
----------------- Instantiating /home/travis/build/icyphy/ptII/ptolemy/actor/lib/hoc/test/auto/ConcurrentSleep.xml
734 ms. Memory: 149504K Free: 105670K (71%)
----------------- Invoking toplevel() on ptolemy.moml.MoMLSimpleApplication@75f70bed
----------------- Done invoking toplevel() on ptolemy.moml.MoMLSimpleApplication@75f70bed
reloadAllAccessors: .ConcurrentSleep

===========================================================================================
----------------- testing Fri Aug 09 05:22:32 UTC 2019 /home/travis/build/icyphy/ptII/ptolemy/actor/lib/hoc/test/auto/DEInPNInRunCompositeActor.xml
----------------- Instantiating /home/travis/build/icyphy/ptII/ptolemy/actor/lib/hoc/test/auto/DEInPNInRunCompositeActor.xml
10 ms. Memory: 149504K Free: 99526K (67%)
----------------- Invoking toplevel() on ptolemy.moml.MoMLSimpleApplication@4be9be04
----------------- Done invoking toplevel() on ptolemy.moml.MoMLSimpleApplication@4be9be04
reloadAllAccessors: .DEInPNInRunCompositeActor

===========================================================================================
----------------- testing Fri Aug 09 05:22:32 UTC 2019 /home/travis/build/icyphy/ptII/ptolemy/actor/lib/hoc/test/auto/DFTSubSetTest.xml
----------------- Instantiating /home/travis/build/icyphy/ptII/ptolemy/actor/lib/hoc/test/auto/DFTSubSetTest.xml
136 ms. Memory: 149504K Free: 56518K (38%)
----------------- Invoking toplevel() on ptolemy.moml.MoMLSimpleApplication@5dfd215a
----------------- Done invoking toplevel() on ptolemy.moml.MoMLSimpleApplication@5dfd215a
reloadAllAccessors: .DFTSubSetTest

===========================================================================================
----------------- testing Fri Aug 09 05:22:33 UTC 2019 /home/travis/build/icyphy/ptII/ptolemy/actor/lib/hoc/test/auto/HocDE.xml
----------------- Instantiating /home/travis/build/icyphy/ptII/ptolemy/actor/lib/hoc/test/auto/HocDE.xml
171 ms. Memory: 149504K Free: 119038K (80%)
----------------- Invoking toplevel() on ptolemy.moml.MoMLSimpleApplication@66fd9f90
----------------- Done invoking toplevel() on ptolemy.moml.MoMLSimpleApplication@66fd9f90
reloadAllAccessors: .HocDE

===========================================================================================
----------------- testing Fri Aug 09 05:22:33 UTC 2019 /home/travis/build/icyphy/ptII/ptolemy/actor/lib/hoc/test/auto/IterateOverArray.xml
----------------- Instantiating /home/travis/build/icyphy/ptII/ptolemy/actor/lib/hoc/test/auto/IterateOverArray.xml
7 ms. Memory: 149504K Free: 114428K (77%)
----------------- Invoking toplevel() on ptolemy.moml.MoMLSimpleApplication@fed0d55
----------------- Done invoking toplevel() on ptolemy.moml.MoMLSimpleApplication@fed0d55
reloadAllAccessors: .IterateOverArray

===========================================================================================
----------------- testing Fri Aug 09 05:22:33 UTC 2019 /home/travis/build/icyphy/ptII/ptolemy/actor/lib/hoc/test/auto/IterateOverArray10.xml
----------------- Instantiating /home/travis/build/icyphy/ptII/ptolemy/actor/lib/hoc/test/auto/IterateOverArray10.xml
4 ms. Memory: 149504K Free: 111356K (74%)
----------------- Invoking toplevel() on ptolemy.moml.MoMLSimpleApplication@64cb1742
----------------- Done invoking toplevel() on ptolemy.moml.MoMLSimpleApplication@64cb1742
reloadAllAccessors: .IterateOverArray10

===========================================================================================
----------------- testing Fri Aug 09 05:22:33 UTC 2019 /home/travis/build/icyphy/ptII/ptolemy/actor/lib/hoc/test/auto/IterateOverArray11.xml
----------------- Instantiating /home/travis/build/icyphy/ptII/ptolemy/actor/lib/hoc/test/auto/IterateOverArray11.xml
5 ms. Memory: 149504K Free: 107260K (72%)
----------------- Invoking toplevel() on ptolemy.moml.MoMLSimpleApplication@4c3d00de
----------------- Done invoking toplevel() on ptolemy.moml.MoMLSimpleApplication@4c3d00de
reloadAllAccessors: .IterateOverArray11

===========================================================================================
----------------- testing Fri Aug 09 05:22:33 UTC 2019 /home/travis/build/icyphy/ptII/ptolemy/actor/lib/hoc/test/auto/IterateOverArray12.xml
----------------- Instantiating /home/travis/build/icyphy/ptII/ptolemy/actor/lib/hoc/test/auto/IterateOverArray12.xml
15 ms. Memory: 149504K Free: 101116K (68%)
----------------- Invoking toplevel() on ptolemy.moml.MoMLSimpleApplication@6d6df8f
----------------- Done invoking toplevel() on ptolemy.moml.MoMLSimpleApplication@6d6df8f
reloadAllAccessors: .IterateOverArray12

===========================================================================================
----------------- testing Fri Aug 09 05:22:33 UTC 2019 /home/travis/build/icyphy/ptII/ptolemy/actor/lib/hoc/test/auto/IterateOverArray13.xml
----------------- Instantiating /home/travis/build/icyphy/ptII/ptolemy/actor/lib/hoc/test/auto/IterateOverArray13.xml
91 ms. Memory: 149504K Free: 71420K (48%)
----------------- Invoking toplevel() on ptolemy.moml.MoMLSimpleApplication@21aa94bb
----------------- Done invoking toplevel() on ptolemy.moml.MoMLSimpleApplication@21aa94bb
reloadAllAccessors: .IterateOverArray13

===========================================================================================
----------------- testing Fri Aug 09 05:22:33 UTC 2019 /home/travis/build/icyphy/ptII/ptolemy/actor/lib/hoc/test/auto/IterateOverArray14.xml
----------------- Instantiating /home/travis/build/icyphy/ptII/ptolemy/actor/lib/hoc/test/auto/IterateOverArray14.xml
92 ms. Memory: 149504K Free: 125005K (84%)
----------------- Invoking toplevel() on ptolemy.moml.MoMLSimpleApplication@26d9aaf2
----------------- Done invoking toplevel() on ptolemy.moml.MoMLSimpleApplication@26d9aaf2
reloadAllAccessors: .IterateOverArray14

===========================================================================================
----------------- testing Fri Aug 09 05:22:33 UTC 2019 /home/travis/build/icyphy/ptII/ptolemy/actor/lib/hoc/test/auto/IterateOverArray2.xml
----------------- Instantiating /home/travis/build/icyphy/ptII/ptolemy/actor/lib/hoc/test/auto/IterateOverArray2.xml
11 ms. Memory: 149504K Free: 120385K (81%)
----------------- Invoking toplevel() on ptolemy.moml.MoMLSimpleApplication@5b5d0b6c
----------------- Done invoking toplevel() on ptolemy.moml.MoMLSimpleApplication@5b5d0b6c
reloadAllAccessors: .IterateOverArray2

===========================================================================================
----------------- testing Fri Aug 09 05:22:33 UTC 2019 /home/travis/build/icyphy/ptII/ptolemy/actor/lib/hoc/test/auto/IterateOverArray3.xml
----------------- Instantiating /home/travis/build/icyphy/ptII/ptolemy/actor/lib/hoc/test/auto/IterateOverArray3.xml
18 ms. Memory: 149504K Free: 114755K (77%)
----------------- Invoking toplevel() on ptolemy.moml.MoMLSimpleApplication@2ce07fef
----------------- Done invoking toplevel() on ptolemy.moml.MoMLSimpleApplication@2ce07fef
reloadAllAccessors: .IterateOverArray3

===========================================================================================
----------------- testing Fri Aug 09 05:22:34 UTC 2019 /home/travis/build/icyphy/ptII/ptolemy/actor/lib/hoc/test/auto/IterateOverArray4.xml
----------------- Instantiating /home/travis/build/icyphy/ptII/ptolemy/actor/lib/hoc/test/auto/IterateOverArray4.xml
5 ms. Memory: 149504K Free: 110659K (74%)
----------------- Invoking toplevel() on ptolemy.moml.MoMLSimpleApplication@1453bb6d
----------------- Done invoking toplevel() on ptolemy.moml.MoMLSimpleApplication@1453bb6d
reloadAllAccessors: .IterateOverArray4

===========================================================================================
----------------- testing Fri Aug 09 05:22:34 UTC 2019 /home/travis/build/icyphy/ptII/ptolemy/actor/lib/hoc/test/auto/IterateOverArray5.xml
----------------- Instantiating /home/travis/build/icyphy/ptII/ptolemy/actor/lib/hoc/test/auto/IterateOverArray5.xml
4 ms. Memory: 149504K Free: 106563K (71%)
----------------- Invoking toplevel() on ptolemy.moml.MoMLSimpleApplication@3a7da570
----------------- Done invoking toplevel() on ptolemy.moml.MoMLSimpleApplication@3a7da570
reloadAllAccessors: .IterateOverArray5

===========================================================================================
----------------- testing Fri Aug 09 05:22:34 UTC 2019 /home/travis/build/icyphy/ptII/ptolemy/actor/lib/hoc/test/auto/IterateOverArray6.xml
----------------- Instantiating /home/travis/build/icyphy/ptII/ptolemy/actor/lib/hoc/test/auto/IterateOverArray6.xml
3 ms. Memory: 149504K Free: 102977K (69%)
----------------- Invoking toplevel() on ptolemy.moml.MoMLSimpleApplication@72c4edf8
----------------- Done invoking toplevel() on ptolemy.moml.MoMLSimpleApplication@72c4edf8
reloadAllAccessors: .IterateOverArray6

===========================================================================================
----------------- testing Fri Aug 09 05:22:34 UTC 2019 /home/travis/build/icyphy/ptII/ptolemy/actor/lib/hoc/test/auto/IterateOverArray7.xml
----------------- Instantiating /home/travis/build/icyphy/ptII/ptolemy/actor/lib/hoc/test/auto/IterateOverArray7.xml
5 ms. Memory: 149504K Free: 98371K (66%)
----------------- Invoking toplevel() on ptolemy.moml.MoMLSimpleApplication@25916ce2
----------------- Done invoking toplevel() on ptolemy.moml.MoMLSimpleApplication@25916ce2
reloadAllAccessors: .IterateOverArray7

===========================================================================================
----------------- testing Fri Aug 09 05:22:34 UTC 2019 /home/travis/build/icyphy/ptII/ptolemy/actor/lib/hoc/test/auto/IterateOverArray8.xml
----------------- Instantiating /home/travis/build/icyphy/ptII/ptolemy/actor/lib/hoc/test/auto/IterateOverArray8.xml
4 ms. Memory: 149504K Free: 94275K (63%)
----------------- Invoking toplevel() on ptolemy.moml.MoMLSimpleApplication@50ee1046
----------------- Done invoking toplevel() on ptolemy.moml.MoMLSimpleApplication@50ee1046
reloadAllAccessors: .IterateOverArray8

===========================================================================================
----------------- testing Fri Aug 09 05:22:34 UTC 2019 /home/travis/build/icyphy/ptII/ptolemy/actor/lib/hoc/test/auto/IterateOverArray9.xml
----------------- Instantiating /home/travis/build/icyphy/ptII/ptolemy/actor/lib/hoc/test/auto/IterateOverArray9.xml
8 ms. Memory: 149504K Free: 90179K (60%)
----------------- Invoking toplevel() on ptolemy.moml.MoMLSimpleApplication@6631b2d0
----------------- Done invoking toplevel() on ptolemy.moml.MoMLSimpleApplication@6631b2d0
reloadAllAccessors: .IterateOverArray9

===========================================================================================
----------------- testing Fri Aug 09 05:22:34 UTC 2019 /home/travis/build/icyphy/ptII/ptolemy/actor/lib/hoc/test/auto/IterateOverArrayCoercedOutputType.xml
----------------- Instantiating /home/travis/build/icyphy/ptII/ptolemy/actor/lib/hoc/test/auto/IterateOverArrayCoercedOutputType.xml
9 ms. Memory: 149504K Free: 85059K (57%)
----------------- Invoking toplevel() on ptolemy.moml.MoMLSimpleApplication@4e7a9e63
----------------- Done invoking toplevel() on ptolemy.moml.MoMLSimpleApplication@4e7a9e63
reloadAllAccessors: .IterateOverArrayCoercedOutputType

===========================================================================================
----------------- testing Fri Aug 09 05:22:34 UTC 2019 /home/travis/build/icyphy/ptII/ptolemy/actor/lib/hoc/test/auto/IterateOverArrayInferredOutputType.xml
----------------- Instantiating /home/travis/build/icyphy/ptII/ptolemy/actor/lib/hoc/test/auto/IterateOverArrayInferredOutputType.xml
12 ms. Memory: 149504K Free: 80449K (54%)
----------------- Invoking toplevel() on ptolemy.moml.MoMLSimpleApplication@1c59bb36
----------------- Done invoking toplevel() on ptolemy.moml.MoMLSimpleApplication@1c59bb36
reloadAllAccessors: .IterateOverArrayInferredOutputType

===========================================================================================
----------------- testing Fri Aug 09 05:22:34 UTC 2019 /home/travis/build/icyphy/ptII/ptolemy/actor/lib/hoc/test/auto/MobileFunctionTest.xml
----------------- Instantiating /home/travis/build/icyphy/ptII/ptolemy/actor/lib/hoc/test/auto/MobileFunctionTest.xml
3 ms. Memory: 149504K Free: 76339K (51%)
----------------- Invoking toplevel() on ptolemy.moml.MoMLSimpleApplication@25b5e37e
----------------- Done invoking toplevel() on ptolemy.moml.MoMLSimpleApplication@25b5e37e
reloadAllAccessors: .MobileFunctionTest

===========================================================================================
----------------- testing Fri Aug 09 05:22:34 UTC 2019 /home/travis/build/icyphy/ptII/ptolemy/actor/lib/hoc/test/auto/MobileModelTest.xml
----------------- Instantiating /home/travis/build/icyphy/ptII/ptolemy/actor/lib/hoc/test/auto/MobileModelTest.xml
177 ms. Memory: 149504K Free: 55363K (37%)
----------------- Invoking toplevel() on ptolemy.moml.MoMLSimpleApplication@2377e2ce
----------------- Done invoking toplevel() on ptolemy.moml.MoMLSimpleApplication@2377e2ce
reloadAllAccessors: .MobileModelTest

===========================================================================================
----------------- testing Fri Aug 09 05:22:34 UTC 2019 /home/travis/build/icyphy/ptII/ptolemy/actor/lib/hoc/test/auto/ModelReference.xml
----------------- Instantiating /home/travis/build/icyphy/ptII/ptolemy/actor/lib/hoc/test/auto/ModelReference.xml
3 ms. Memory: 149504K Free: 48705K (33%)
2 ms. Memory: 149504K Free: 48195K (32%)
2 ms. Memory: 149504K Free: 134100K (90%)
2 ms. Memory: 149504K Free: 133320K (89%)
2 ms. Memory: 149504K Free: 132296K (88%)
2 ms. Memory: 149504K Free: 131615K (88%)
2 ms. Memory: 149504K Free: 130875K (88%)
2 ms. Memory: 149504K Free: 130005K (87%)
2 ms. Memory: 149504K Free: 129248K (86%)
2 ms. Memory: 149504K Free: 128473K (86%)
41 ms. Memory: 149504K Free: 128473K (86%)
----------------- Invoking toplevel() on ptolemy.moml.MoMLSimpleApplication@4f1e051d
----------------- Done invoking toplevel() on ptolemy.moml.MoMLSimpleApplication@4f1e051d
reloadAllAccessors: .ModelReference

===========================================================================================
----------------- testing Fri Aug 09 05:22:34 UTC 2019 /home/travis/build/icyphy/ptII/ptolemy/actor/lib/hoc/test/auto/ModelReference3.xml
----------------- Instantiating /home/travis/build/icyphy/ptII/ptolemy/actor/lib/hoc/test/auto/ModelReference3.xml
2 ms. Memory: 149504K Free: 123707K (83%)
5 ms. Memory: 149504K Free: 122765K (82%)
1 ms. Memory: 149504K Free: 121804K (81%)
1 ms. Memory: 149504K Free: 121197K (81%)
1 ms. Memory: 149504K Free: 120189K (80%)
2 ms. Memory: 149504K Free: 119611K (80%)
1 ms. Memory: 149504K Free: 118687K (79%)
2 ms. Memory: 149504K Free: 117679K (79%)
2 ms. Memory: 149504K Free: 117117K (78%)
2 ms. Memory: 149504K Free: 116107K (78%)
30 ms. Memory: 149504K Free: 116107K (78%)
----------------- Invoking toplevel() on ptolemy.moml.MoMLSimpleApplication@417592a
----------------- Done invoking toplevel() on ptolemy.moml.MoMLSimpleApplication@417592a
reloadAllAccessors: .ModelReference3

===========================================================================================
----------------- testing Fri Aug 09 05:22:34 UTC 2019 /home/travis/build/icyphy/ptII/ptolemy/actor/lib/hoc/test/auto/ModelReference4.xml
----------------- Instantiating /home/travis/build/icyphy/ptII/ptolemy/actor/lib/hoc/test/auto/ModelReference4.xml
3 ms. Memory: 149504K Free: 111534K (75%)
5 ms. Memory: 149504K Free: 109933K (74%)
3 ms. Memory: 149504K Free: 108909K (73%)
2 ms. Memory: 149504K Free: 107885K (72%)
10 ms. Memory: 149504K Free: 106438K (71%)
3 ms. Memory: 149504K Free: 105420K (71%)
3 ms. Memory: 149504K Free: 103805K (69%)
8 ms. Memory: 149504K Free: 102781K (69%)
2 ms. Memory: 149504K Free: 101340K (68%)
2 ms. Memory: 149504K Free: 99693K (67%)
10020 ms. Memory: 149504K Free: 99693K (67%)
----------------- Invoking toplevel() on ptolemy.moml.MoMLSimpleApplication@466ba62e
----------------- Done invoking toplevel() on ptolemy.moml.MoMLSimpleApplication@466ba62e
reloadAllAccessors: .ModelReference4

===========================================================================================
----------------- testing Fri Aug 09 05:22:44 UTC 2019 /home/travis/build/icyphy/ptII/ptolemy/actor/lib/hoc/test/auto/MultiInstanceComposite.xml
----------------- Instantiating /home/travis/build/icyphy/ptII/ptolemy/actor/lib/hoc/test/auto/MultiInstanceComposite.xml
40 ms. Memory: 149504K Free: 80860K (54%)
----------------- Invoking toplevel() on ptolemy.moml.MoMLSimpleApplication@30660c96
----------------- Done invoking toplevel() on ptolemy.moml.MoMLSimpleApplication@30660c96
reloadAllAccessors: .MultiInstanceComposite

===========================================================================================
----------------- testing Fri Aug 09 05:22:44 UTC 2019 /home/travis/build/icyphy/ptII/ptolemy/actor/lib/hoc/test/auto/MultiInstanceComposite2.xml
----------------- Instantiating /home/travis/build/icyphy/ptII/ptolemy/actor/lib/hoc/test/auto/MultiInstanceComposite2.xml
22 ms. Memory: 149504K Free: 69596K (47%)
----------------- Invoking toplevel() on ptolemy.moml.MoMLSimpleApplication@465cff9b
----------------- Done invoking toplevel() on ptolemy.moml.MoMLSimpleApplication@465cff9b
reloadAllAccessors: .MultiInstanceComposite2

===========================================================================================
----------------- testing Fri Aug 09 05:22:44 UTC 2019 /home/travis/build/icyphy/ptII/ptolemy/actor/lib/hoc/test/auto/MulticoreExecution.xml
----------------- Instantiating /home/travis/build/icyphy/ptII/ptolemy/actor/lib/hoc/test/auto/MulticoreExecution.xml
Fired ExecutionTime: 2400000
Fired ExecutionTime: 2800000
Fired ExecutionTime: 19200000
Fired ExecutionTime: 30000000
Fired ExecutionTime: 42400000
Fired ExecutionTime: 51600000
Fired ExecutionTime: 39600000
Fired ExecutionTime: 43600000
Fired ExecutionTime: 42000000
Fired ExecutionTime: 41600000
Fired ExecutionTime: 37200000
Fired ExecutionTime: 40400000
Fired ExecutionTime: 60800000
Fired ExecutionTime: 34400000
Fired ExecutionTime: 80000000
Fired ExecutionTime: 80400000
Fired ExecutionTime: 66400000
Fired ExecutionTime: 66400000
Fired ExecutionTime: 113600000
Fired ExecutionTime: 112400000
1079 ms. Memory: 149504K Free: 61243K (41%)
----------------- Invoking toplevel() on ptolemy.moml.MoMLSimpleApplication@68d5abe
----------------- Done invoking toplevel() on ptolemy.moml.MoMLSimpleApplication@68d5abe
reloadAllAccessors: .MulticoreExecution

===========================================================================================
----------------- testing Fri Aug 09 05:22:45 UTC 2019 /home/travis/build/icyphy/ptII/ptolemy/actor/lib/hoc/test/auto/ParallelExecution.xml
----------------- Instantiating /home/travis/build/icyphy/ptII/ptolemy/actor/lib/hoc/test/auto/ParallelExecution.xml
919 ms. Memory: 149504K Free: 54075K (36%)
----------------- Invoking toplevel() on ptolemy.moml.MoMLSimpleApplication@772d22
----------------- Done invoking toplevel() on ptolemy.moml.MoMLSimpleApplication@772d22
reloadAllAccessors: .ParallelExecution

===========================================================================================
----------------- testing Fri Aug 09 05:22:46 UTC 2019 /home/travis/build/icyphy/ptII/ptolemy/actor/lib/hoc/test/auto/RunCompositeActor.xml
----------------- Instantiating /home/travis/build/icyphy/ptII/ptolemy/actor/lib/hoc/test/auto/RunCompositeActor.xml
25 ms. Memory: 149504K Free: 133073K (89%)
----------------- Invoking toplevel() on ptolemy.moml.MoMLSimpleApplication@4a3c8bae
----------------- Done invoking toplevel() on ptolemy.moml.MoMLSimpleApplication@4a3c8bae
reloadAllAccessors: .RunCompositeActor

===========================================================================================
----------------- testing Fri Aug 09 05:22:46 UTC 2019 /home/travis/build/icyphy/ptII/ptolemy/actor/lib/hoc/test/auto/RunCompositeActor2.xml
----------------- Instantiating /home/travis/build/icyphy/ptII/ptolemy/actor/lib/hoc/test/auto/RunCompositeActor2.xml
12 ms. Memory: 149504K Free: 126974K (85%)
----------------- Invoking toplevel() on ptolemy.moml.MoMLSimpleApplication@b38cc17
----------------- Done invoking toplevel() on ptolemy.moml.MoMLSimpleApplication@b38cc17
reloadAllAccessors: .RunCompositeActor2

===========================================================================================
----------------- testing Fri Aug 09 05:22:46 UTC 2019 /home/travis/build/icyphy/ptII/ptolemy/actor/lib/hoc/test/auto/RunCompositeActor3.xml
----------------- Instantiating /home/travis/build/icyphy/ptII/ptolemy/actor/lib/hoc/test/auto/RunCompositeActor3.xml
4 ms. Memory: 149504K Free: 121708K (81%)
----------------- Invoking toplevel() on ptolemy.moml.MoMLSimpleApplication@814e958
----------------- Done invoking toplevel() on ptolemy.moml.MoMLSimpleApplication@814e958
reloadAllAccessors: .RunCompositeActor3

===========================================================================================
----------------- testing Fri Aug 09 05:22:46 UTC 2019 /home/travis/build/icyphy/ptII/ptolemy/actor/lib/hoc/test/auto/RunCompositeActor4.xml
----------------- Instantiating /home/travis/build/icyphy/ptII/ptolemy/actor/lib/hoc/test/auto/RunCompositeActor4.xml
15 ms. Memory: 149504K Free: 113624K (76%)
----------------- Invoking toplevel() on ptolemy.moml.MoMLSimpleApplication@ef109c7
----------------- Done invoking toplevel() on ptolemy.moml.MoMLSimpleApplication@ef109c7
reloadAllAccessors: .RunCompositeActor4

===========================================================================================
----------------- testing Fri Aug 09 05:22:46 UTC 2019 /home/travis/build/icyphy/ptII/ptolemy/actor/lib/hoc/test/auto/RunCompositeIterateOverArray.xml
----------------- Instantiating /home/travis/build/icyphy/ptII/ptolemy/actor/lib/hoc/test/auto/RunCompositeIterateOverArray.xml
4 ms. Memory: 149504K Free: 107520K (72%)
----------------- Invoking toplevel() on ptolemy.moml.MoMLSimpleApplication@2527e985
----------------- Done invoking toplevel() on ptolemy.moml.MoMLSimpleApplication@2527e985
reloadAllAccessors: .RunCompositeIterateOverArray

===========================================================================================
----------------- testing Fri Aug 09 05:22:47 UTC 2019 /home/travis/build/icyphy/ptII/ptolemy/actor/lib/hoc/test/auto/ThreadedJS.xml
----------------- Instantiating /home/travis/build/icyphy/ptII/ptolemy/actor/lib/hoc/test/auto/ThreadedJS.xml
6527 ms. Memory: 217088K Free: 153288K (71%)
----------------- Invoking toplevel() on ptolemy.moml.MoMLSimpleApplication@6391a06
----------------- Done invoking toplevel() on ptolemy.moml.MoMLSimpleApplication@6391a06
reloadAllAccessors: .ThreadedJS
AutoTests.java: About to close Vertx.
AutoTests.java: Vertx closed.
]]></system-out>
  <system-err><![CDATA[java.lang.RuntimeException: Execution failed
	at ptolemy.moml.MoMLSimpleApplication$UnloadThread.run(MoMLSimpleApplication.java:402)
Caused by: ptolemy.kernel.util.IllegalActionException: initialize() was called after wrapup() was called but preinitialize() was not called after wrapup().
	at ptolemy.actor.lib.hoc.test.PreinitializeMustBeInvoked.initialize(PreinitializeMustBeInvoked.java:78)
	at ptolemy.actor.Director.initialize(Director.java:938)
	at ptolemy.actor.Director.initialize(Director.java:907)
	at ptolemy.actor.sched.StaticSchedulingDirector.initialize(StaticSchedulingDirector.java:159)
	at ptolemy.domains.sdf.kernel.SDFDirector.initialize(SDFDirector.java:544)
	at ptolemy.actor.CompositeActor.initialize(CompositeActor.java:935)
	at ptolemy.actor.lib.hoc.LifeCycleManager._executeInsideModel(LifeCycleManager.java:339)
	at ptolemy.actor.lib.hoc.RunCompositeActor.fire(RunCompositeActor.java:205)
	at ptolemy.actor.CompositeActor.iterate(CompositeActor.java:1146)
	at ptolemy.actor.sched.StaticSchedulingDirector.fire(StaticSchedulingDirector.java:216)
	at ptolemy.domains.sdf.kernel.SDFDirector.fire(SDFDirector.java:500)
	at ptolemy.actor.CompositeActor.fire(CompositeActor.java:455)
	at ptolemy.actor.Manager.iterate(Manager.java:851)
	at ptolemy.actor.Manager.execute(Manager.java:369)
	at ptolemy.actor.Manager.run(Manager.java:1263)
	at ptolemy.actor.Manager$PtolemyRunThread.run(Manager.java:1933)
java.lang.reflect.InvocationTargetException
	at java.base/jdk.internal.reflect.NativeConstructorAccessorImpl.newInstance0(Native Method)
	at java.base/jdk.internal.reflect.NativeConstructorAccessorImpl.newInstance(NativeConstructorAccessorImpl.java:62)
	at java.base/jdk.internal.reflect.DelegatingConstructorAccessorImpl.newInstance(DelegatingConstructorAccessorImpl.java:45)
	at java.base/java.lang.reflect.Constructor.newInstance(Constructor.java:490)
	at ptolemy.util.test.junit.AutoKnownFailedTests.RunModel(AutoKnownFailedTests.java:105)
	at java.base/jdk.internal.reflect.NativeMethodAccessorImpl.invoke0(Native Method)
	at java.base/jdk.internal.reflect.NativeMethodAccessorImpl.invoke(NativeMethodAccessorImpl.java:62)
	at java.base/jdk.internal.reflect.DelegatingMethodAccessorImpl.invoke(DelegatingMethodAccessorImpl.java:43)
	at java.base/java.lang.reflect.Method.invoke(Method.java:566)
	at org.junit.runners.model.FrameworkMethod$1.runReflectiveCall(FrameworkMethod.java:44)
	at org.junit.internal.runners.model.ReflectiveCallable.run(ReflectiveCallable.java:15)
	at org.junit.runners.model.FrameworkMethod.invokeExplosively(FrameworkMethod.java:41)
	at junitparams.internal.InvokeParameterisedMethod.evaluate(InvokeParameterisedMethod.java:102)
	at org.junit.internal.runners.statements.FailOnTimeout$1.run(FailOnTimeout.java:28)
Caused by: ptolemy.kernel.util.IllegalActionException: initialize() was called after wrapup() was called but preinitialize() was not called after wrapup().
	at ptolemy.actor.lib.hoc.test.PreinitializeMustBeInvoked.initialize(PreinitializeMustBeInvoked.java:78)
	at ptolemy.actor.Director.initialize(Director.java:938)
	at ptolemy.actor.Director.initialize(Director.java:907)
	at ptolemy.actor.sched.StaticSchedulingDirector.initialize(StaticSchedulingDirector.java:159)
	at ptolemy.domains.sdf.kernel.SDFDirector.initialize(SDFDirector.java:544)
	at ptolemy.actor.CompositeActor.initialize(CompositeActor.java:935)
	at ptolemy.actor.lib.hoc.LifeCycleManager._executeInsideModel(LifeCycleManager.java:339)
	at ptolemy.actor.lib.hoc.RunCompositeActor.fire(RunCompositeActor.java:205)
	at ptolemy.actor.CompositeActor.iterate(CompositeActor.java:1146)
	at ptolemy.actor.sched.StaticSchedulingDirector.fire(StaticSchedulingDirector.java:216)
	at ptolemy.domains.sdf.kernel.SDFDirector.fire(SDFDirector.java:500)
	at ptolemy.actor.CompositeActor.fire(CompositeActor.java:455)
	at ptolemy.actor.Manager.iterate(Manager.java:851)
	at ptolemy.actor.Manager.execute(Manager.java:369)
	at ptolemy.actor.Manager.run(Manager.java:1263)
	at ptolemy.actor.Manager$PtolemyRunThread.run(Manager.java:1933)
Warning: Nashorn engine is planned to be removed from a future JDK release
Warning: Nashorn engine is planned to be removed from a future JDK release
Warning: Nashorn engine is planned to be removed from a future JDK release
Warning: Nashorn engine is planned to be removed from a future JDK release
Warning: Nashorn engine is planned to be removed from a future JDK release
Warning: Nashorn engine is planned to be removed from a future JDK release
Warning: Nashorn engine is planned to be removed from a future JDK release
Warning: Nashorn engine is planned to be removed from a future JDK release
]]></system-err>
</testsuite>
