<?xml version="1.0" encoding="UTF-8" ?>
<testsuite errors="0" failures="0" hostname="travis-job-979a4b34-40a4-4f23-a33f-dbee014c0360" name="ptolemy.domains.modal.test.junit.JUnitTclTest" skipped="0" tests="148" time="12.607" timestamp="2019-11-27T06:20:48">
  <properties>
[...]
</properties>
  <testcase classname="ptolemy.util.test.junit.TclTests" name="[0] /home/travis/build/icyphy/ptII/ptolemy/domains/modal/test/SystemLevelType.tcl (RunTclFile)" time="2.253" />
  <testcase classname="ptolemy.util.test.junit.AutoKnownFailedTests" name="[0] /home/travis/build/icyphy/ptII/ptolemy/domains/modal/test/auto/knownFailedTests/CannotAnalysisWithPreemption.xml (RunModel)" time="0.348" />
  <testcase classname="ptolemy.util.test.junit.AutoNameArchTests" name="[0] ThereAreNoAutoArchTests (RunModel)" time="0.011" />
  <testcase classname="ptolemy.util.test.junit.AutoTests" name="[0] /home/travis/build/icyphy/ptII/ptolemy/domains/modal/test/auto/ABPTest.xml (RunModel)" time="0.744" />
  <testcase classname="ptolemy.util.test.junit.AutoTests" name="[1] /home/travis/build/icyphy/ptII/ptolemy/domains/modal/test/auto/ABROFlat.xml (RunModel)" time="0.095" />
  <testcase classname="ptolemy.util.test.junit.AutoTests" name="[2] /home/travis/build/icyphy/ptII/ptolemy/domains/modal/test/auto/ABROFlat2.xml (RunModel)" time="0.076" />
  <testcase classname="ptolemy.util.test.junit.AutoTests" name="[3] /home/travis/build/icyphy/ptII/ptolemy/domains/modal/test/auto/ABRO_present_hmm.xml (RunModel)" time="0.144" />
  <testcase classname="ptolemy.util.test.junit.AutoTests" name="[4] /home/travis/build/icyphy/ptII/ptolemy/domains/modal/test/auto/AMICoderExample.xml (RunModel)" time="0.07" />
  <testcase classname="ptolemy.util.test.junit.AutoTests" name="[5] /home/travis/build/icyphy/ptII/ptolemy/domains/modal/test/auto/AbsentToPresent.xml (RunModel)" time="0.04" />
  <testcase classname="ptolemy.util.test.junit.AutoTests" name="[6] /home/travis/build/icyphy/ptII/ptolemy/domains/modal/test/auto/Blending.xml (RunModel)" time="0.378" />
  <testcase classname="ptolemy.util.test.junit.AutoTests" name="[7] /home/travis/build/icyphy/ptII/ptolemy/domains/modal/test/auto/Broadcast.xml (RunModel)" time="0.074" />
  <testcase classname="ptolemy.util.test.junit.AutoTests" name="[8] /home/travis/build/icyphy/ptII/ptolemy/domains/modal/test/auto/BroadcastHierarchy.xml (RunModel)" time="0.078" />
  <testcase classname="ptolemy.util.test.junit.AutoTests" name="[9] /home/travis/build/icyphy/ptII/ptolemy/domains/modal/test/auto/BroadcastHierarchy2.xml (RunModel)" time="0.186" />
  <testcase classname="ptolemy.util.test.junit.AutoTests" name="[10] /home/travis/build/icyphy/ptII/ptolemy/domains/modal/test/auto/BroadcastHierarchy3.xml (RunModel)" time="0.084" />
  <testcase classname="ptolemy.util.test.junit.AutoTests" name="[11] /home/travis/build/icyphy/ptII/ptolemy/domains/modal/test/auto/BroadcastHierarchy4.xml (RunModel)" time="0.096" />
  <testcase classname="ptolemy.util.test.junit.AutoTests" name="[12] /home/travis/build/icyphy/ptII/ptolemy/domains/modal/test/auto/CannotAnalysisWithPreemption2.xml (RunModel)" time="0.034" />
  <testcase classname="ptolemy.util.test.junit.AutoTests" name="[13] /home/travis/build/icyphy/ptII/ptolemy/domains/modal/test/auto/CannotAnalysisWithPreemption3.xml (RunModel)" time="0.046" />
  <testcase classname="ptolemy.util.test.junit.AutoTests" name="[14] /home/travis/build/icyphy/ptII/ptolemy/domains/modal/test/auto/CannotProduce.xml (RunModel)" time="0.04" />
  <testcase classname="ptolemy.util.test.junit.AutoTests" name="[15] /home/travis/build/icyphy/ptII/ptolemy/domains/modal/test/auto/CannotProduceModal.xml (RunModel)" time="0.039" />
  <testcase classname="ptolemy.util.test.junit.AutoTests" name="[16] /home/travis/build/icyphy/ptII/ptolemy/domains/modal/test/auto/Case.xml (RunModel)" time="0.077" />
  <testcase classname="ptolemy.util.test.junit.AutoTests" name="[17] /home/travis/build/icyphy/ptII/ptolemy/domains/modal/test/auto/Case1.xml (RunModel)" time="0.032" />
  <testcase classname="ptolemy.util.test.junit.AutoTests" name="[18] /home/travis/build/icyphy/ptII/ptolemy/domains/modal/test/auto/Case2.xml (RunModel)" time="0.094" />
  <testcase classname="ptolemy.util.test.junit.AutoTests" name="[19] /home/travis/build/icyphy/ptII/ptolemy/domains/modal/test/auto/CausalityInterface1.xml (RunModel)" time="0.047" />
  <testcase classname="ptolemy.util.test.junit.AutoTests" name="[20] /home/travis/build/icyphy/ptII/ptolemy/domains/modal/test/auto/CausalityInterface10.xml (RunModel)" time="0.05" />
  <testcase classname="ptolemy.util.test.junit.AutoTests" name="[21] /home/travis/build/icyphy/ptII/ptolemy/domains/modal/test/auto/CausalityInterface11.xml (RunModel)" time="0.056" />
  <testcase classname="ptolemy.util.test.junit.AutoTests" name="[22] /home/travis/build/icyphy/ptII/ptolemy/domains/modal/test/auto/CausalityInterface12.xml (RunModel)" time="0.047" />
  <testcase classname="ptolemy.util.test.junit.AutoTests" name="[23] /home/travis/build/icyphy/ptII/ptolemy/domains/modal/test/auto/CausalityInterface13.xml (RunModel)" time="0.049" />
  <testcase classname="ptolemy.util.test.junit.AutoTests" name="[24] /home/travis/build/icyphy/ptII/ptolemy/domains/modal/test/auto/CausalityInterface14.xml (RunModel)" time="0.044" />
  <testcase classname="ptolemy.util.test.junit.AutoTests" name="[25] /home/travis/build/icyphy/ptII/ptolemy/domains/modal/test/auto/CausalityInterface2.xml (RunModel)" time="0.045" />
  <testcase classname="ptolemy.util.test.junit.AutoTests" name="[26] /home/travis/build/icyphy/ptII/ptolemy/domains/modal/test/auto/CausalityInterface3.xml (RunModel)" time="0.024" />
  <testcase classname="ptolemy.util.test.junit.AutoTests" name="[27] /home/travis/build/icyphy/ptII/ptolemy/domains/modal/test/auto/CausalityInterface4.xml (RunModel)" time="0.033" />
  <testcase classname="ptolemy.util.test.junit.AutoTests" name="[28] /home/travis/build/icyphy/ptII/ptolemy/domains/modal/test/auto/CausalityInterface5.xml (RunModel)" time="0.043" />
  <testcase classname="ptolemy.util.test.junit.AutoTests" name="[29] /home/travis/build/icyphy/ptII/ptolemy/domains/modal/test/auto/CausalityInterface6.xml (RunModel)" time="0.043" />
  <testcase classname="ptolemy.util.test.junit.AutoTests" name="[30] /home/travis/build/icyphy/ptII/ptolemy/domains/modal/test/auto/CausalityInterface7.xml (RunModel)" time="0.03" />
  <testcase classname="ptolemy.util.test.junit.AutoTests" name="[31] /home/travis/build/icyphy/ptII/ptolemy/domains/modal/test/auto/CausalityInterface8.xml (RunModel)" time="0.04" />
  <testcase classname="ptolemy.util.test.junit.AutoTests" name="[32] /home/travis/build/icyphy/ptII/ptolemy/domains/modal/test/auto/CausalityInterface9.xml (RunModel)" time="0.047" />
  <testcase classname="ptolemy.util.test.junit.AutoTests" name="[33] /home/travis/build/icyphy/ptII/ptolemy/domains/modal/test/auto/ChainedTransitions.xml (RunModel)" time="0.194" />
  <testcase classname="ptolemy.util.test.junit.AutoTests" name="[34] /home/travis/build/icyphy/ptII/ptolemy/domains/modal/test/auto/CycleOfImmediateTransitionsFSM.xml (RunModel)" time="0.033" />
  <testcase classname="ptolemy.util.test.junit.AutoTests" name="[35] /home/travis/build/icyphy/ptII/ptolemy/domains/modal/test/auto/CycleOfImmediateTransitionsModal.xml (RunModel)" time="0.035" />
  <testcase classname="ptolemy.util.test.junit.AutoTests" name="[36] /home/travis/build/icyphy/ptII/ptolemy/domains/modal/test/auto/CycleOfImmediateTransitionsModal2.xml (RunModel)" time="0.04" />
  <testcase classname="ptolemy.util.test.junit.AutoTests" name="[37] /home/travis/build/icyphy/ptII/ptolemy/domains/modal/test/auto/CycleOfImmediateTransitionsModal3.xml (RunModel)" time="0.08" />
  <testcase classname="ptolemy.util.test.junit.AutoTests" name="[38] /home/travis/build/icyphy/ptII/ptolemy/domains/modal/test/auto/DeepModal1.xml (RunModel)" time="0.057" />
  <testcase classname="ptolemy.util.test.junit.AutoTests" name="[39] /home/travis/build/icyphy/ptII/ptolemy/domains/modal/test/auto/DeepModal2.xml (RunModel)" time="0.073" />
  <testcase classname="ptolemy.util.test.junit.AutoTests" name="[40] /home/travis/build/icyphy/ptII/ptolemy/domains/modal/test/auto/DeepModal3.xml (RunModel)" time="0.116" />
  <testcase classname="ptolemy.util.test.junit.AutoTests" name="[41] /home/travis/build/icyphy/ptII/ptolemy/domains/modal/test/auto/DeepModal4.xml (RunModel)" time="0.095" />
  <testcase classname="ptolemy.util.test.junit.AutoTests" name="[42] /home/travis/build/icyphy/ptII/ptolemy/domains/modal/test/auto/Default1.xml (RunModel)" time="0.022" />
  <testcase classname="ptolemy.util.test.junit.AutoTests" name="[43] /home/travis/build/icyphy/ptII/ptolemy/domains/modal/test/auto/Default2.xml (RunModel)" time="0.029" />
  <testcase classname="ptolemy.util.test.junit.AutoTests" name="[44] /home/travis/build/icyphy/ptII/ptolemy/domains/modal/test/auto/Default3.xml (RunModel)" time="0.028" />
  <testcase classname="ptolemy.util.test.junit.AutoTests" name="[45] /home/travis/build/icyphy/ptII/ptolemy/domains/modal/test/auto/Default4.xml (RunModel)" time="0.02" />
  <testcase classname="ptolemy.util.test.junit.AutoTests" name="[46] /home/travis/build/icyphy/ptII/ptolemy/domains/modal/test/auto/Default5.xml (RunModel)" time="0.032" />
  <testcase classname="ptolemy.util.test.junit.AutoTests" name="[47] /home/travis/build/icyphy/ptII/ptolemy/domains/modal/test/auto/EmptyGuard.xml (RunModel)" time="0.039" />
  <testcase classname="ptolemy.util.test.junit.AutoTests" name="[48] /home/travis/build/icyphy/ptII/ptolemy/domains/modal/test/auto/ErrorTransition1.xml (RunModel)" time="0.036" />
  <testcase classname="ptolemy.util.test.junit.AutoTests" name="[49] /home/travis/build/icyphy/ptII/ptolemy/domains/modal/test/auto/ErrorTransition10.xml (RunModel)" time="0.044" />
  <testcase classname="ptolemy.util.test.junit.AutoTests" name="[50] /home/travis/build/icyphy/ptII/ptolemy/domains/modal/test/auto/ErrorTransition11.xml (RunModel)" time="0.037" />
  <testcase classname="ptolemy.util.test.junit.AutoTests" name="[51] /home/travis/build/icyphy/ptII/ptolemy/domains/modal/test/auto/ErrorTransition2.xml (RunModel)" time="0.03" />
  <testcase classname="ptolemy.util.test.junit.AutoTests" name="[52] /home/travis/build/icyphy/ptII/ptolemy/domains/modal/test/auto/ErrorTransition3.xml (RunModel)" time="0.051" />
  <testcase classname="ptolemy.util.test.junit.AutoTests" name="[53] /home/travis/build/icyphy/ptII/ptolemy/domains/modal/test/auto/ErrorTransition4.xml (RunModel)" time="0.047" />
  <testcase classname="ptolemy.util.test.junit.AutoTests" name="[54] /home/travis/build/icyphy/ptII/ptolemy/domains/modal/test/auto/ErrorTransition5.xml (RunModel)" time="0.058" />
  <testcase classname="ptolemy.util.test.junit.AutoTests" name="[55] /home/travis/build/icyphy/ptII/ptolemy/domains/modal/test/auto/ErrorTransition6.xml (RunModel)" time="0.045" />
  <testcase classname="ptolemy.util.test.junit.AutoTests" name="[56] /home/travis/build/icyphy/ptII/ptolemy/domains/modal/test/auto/ErrorTransition7.xml (RunModel)" time="0.053" />
  <testcase classname="ptolemy.util.test.junit.AutoTests" name="[57] /home/travis/build/icyphy/ptII/ptolemy/domains/modal/test/auto/ErrorTransition8.xml (RunModel)" time="0.075" />
  <testcase classname="ptolemy.util.test.junit.AutoTests" name="[58] /home/travis/build/icyphy/ptII/ptolemy/domains/modal/test/auto/ErrorTransition9.xml (RunModel)" time="0.049" />
  <testcase classname="ptolemy.util.test.junit.AutoTests" name="[59] /home/travis/build/icyphy/ptII/ptolemy/domains/modal/test/auto/ExtendedFSM.xml (RunModel)" time="0.025" />
  <testcase classname="ptolemy.util.test.junit.AutoTests" name="[60] /home/travis/build/icyphy/ptII/ptolemy/domains/modal/test/auto/FinalStates.xml (RunModel)" time="0.029" />
  <testcase classname="ptolemy.util.test.junit.AutoTests" name="[61] /home/travis/build/icyphy/ptII/ptolemy/domains/modal/test/auto/FixedPointFSM.xml (RunModel)" time="0.052" />
  <testcase classname="ptolemy.util.test.junit.AutoTests" name="[62] /home/travis/build/icyphy/ptII/ptolemy/domains/modal/test/auto/FixedPointIterationFSMActor.xml (RunModel)" time="0.035" />
  <testcase classname="ptolemy.util.test.junit.AutoTests" name="[63] /home/travis/build/icyphy/ptII/ptolemy/domains/modal/test/auto/FixedPointIterationFSMActor2.xml (RunModel)" time="0.041" />
  <testcase classname="ptolemy.util.test.junit.AutoTests" name="[64] /home/travis/build/icyphy/ptII/ptolemy/domains/modal/test/auto/ForbiddenInstantanousLoop.xml (RunModel)" time="0.035" />
  <testcase classname="ptolemy.util.test.junit.AutoTests" name="[65] /home/travis/build/icyphy/ptII/ptolemy/domains/modal/test/auto/FunctionDependencyOfFSMActorTest.xml (RunModel)" time="0.033" />
  <testcase classname="ptolemy.util.test.junit.AutoTests" name="[66] /home/travis/build/icyphy/ptII/ptolemy/domains/modal/test/auto/GuardExpression.xml (RunModel)" time="0.022" />
  <testcase classname="ptolemy.util.test.junit.AutoTests" name="[67] /home/travis/build/icyphy/ptII/ptolemy/domains/modal/test/auto/GuardNotEvaluated.xml (RunModel)" time="0.034" />
  <testcase classname="ptolemy.util.test.junit.AutoTests" name="[68] /home/travis/build/icyphy/ptII/ptolemy/domains/modal/test/auto/GuardNotEvaluated2.xml (RunModel)" time="0.048" />
  <testcase classname="ptolemy.util.test.junit.AutoTests" name="[69] /home/travis/build/icyphy/ptII/ptolemy/domains/modal/test/auto/GuardOnAbsent.xml (RunModel)" time="0.028" />
  <testcase classname="ptolemy.util.test.junit.AutoTests" name="[70] /home/travis/build/icyphy/ptII/ptolemy/domains/modal/test/auto/HierarchicalFSMTypeInference.xml (RunModel)" time="0.031" />
  <testcase classname="ptolemy.util.test.junit.AutoTests" name="[71] /home/travis/build/icyphy/ptII/ptolemy/domains/modal/test/auto/Hysteresis.xml (RunModel)" time="0.058" />
  <testcase classname="ptolemy.util.test.junit.AutoTests" name="[72] /home/travis/build/icyphy/ptII/ptolemy/domains/modal/test/auto/HysteresisWithDefault.xml (RunModel)" time="0.073" />
  <testcase classname="ptolemy.util.test.junit.AutoTests" name="[73] /home/travis/build/icyphy/ptII/ptolemy/domains/modal/test/auto/HysteresisWithDefault2.xml (RunModel)" time="0.075" />
  <testcase classname="ptolemy.util.test.junit.AutoTests" name="[74] /home/travis/build/icyphy/ptII/ptolemy/domains/modal/test/auto/ImmediateNonConstructiveness.xml (RunModel)" time="0.018" />
  <testcase classname="ptolemy.util.test.junit.AutoTests" name="[75] /home/travis/build/icyphy/ptII/ptolemy/domains/modal/test/auto/ImmediateNonConstructiveness2.xml (RunModel)" time="0.018" />
  <testcase classname="ptolemy.util.test.junit.AutoTests" name="[76] /home/travis/build/icyphy/ptII/ptolemy/domains/modal/test/auto/ImmediateTransitionReset.xml (RunModel)" time="0.036" />
  <testcase classname="ptolemy.util.test.junit.AutoTests" name="[77] /home/travis/build/icyphy/ptII/ptolemy/domains/modal/test/auto/ImmediateTransitions1.xml (RunModel)" time="0.017" />
  <testcase classname="ptolemy.util.test.junit.AutoTests" name="[78] /home/travis/build/icyphy/ptII/ptolemy/domains/modal/test/auto/ImmediateTransitionsInstantaneousCommunication.xml (RunModel)" time="0.037" />
  <testcase classname="ptolemy.util.test.junit.AutoTests" name="[79] /home/travis/build/icyphy/ptII/ptolemy/domains/modal/test/auto/InitialImmediateTransition.xml (RunModel)" time="0.019" />
  <testcase classname="ptolemy.util.test.junit.AutoTests" name="[80] /home/travis/build/icyphy/ptII/ptolemy/domains/modal/test/auto/InitialOutputs.xml (RunModel)" time="0.019" />
  <testcase classname="ptolemy.util.test.junit.AutoTests" name="[81] /home/travis/build/icyphy/ptII/ptolemy/domains/modal/test/auto/InitialStateTransition1.xml (RunModel)" time="0.032" />
  <testcase classname="ptolemy.util.test.junit.AutoTests" name="[82] /home/travis/build/icyphy/ptII/ptolemy/domains/modal/test/auto/InitialStateTransition2.xml (RunModel)" time="0.03" />
  <testcase classname="ptolemy.util.test.junit.AutoTests" name="[83] /home/travis/build/icyphy/ptII/ptolemy/domains/modal/test/auto/InitialStateTransition3.xml (RunModel)" time="0.027" />
  <testcase classname="ptolemy.util.test.junit.AutoTests" name="[84] /home/travis/build/icyphy/ptII/ptolemy/domains/modal/test/auto/InitialStateTransition4.xml (RunModel)" time="0.029" />
  <testcase classname="ptolemy.util.test.junit.AutoTests" name="[85] /home/travis/build/icyphy/ptII/ptolemy/domains/modal/test/auto/MalformedGuardExpressionNotCaught.xml (RunModel)" time="0.021" />
  <testcase classname="ptolemy.util.test.junit.AutoTests" name="[86] /home/travis/build/icyphy/ptII/ptolemy/domains/modal/test/auto/ModalBSC.xml (RunModel)" time="0.116" />
  <testcase classname="ptolemy.util.test.junit.AutoTests" name="[87] /home/travis/build/icyphy/ptII/ptolemy/domains/modal/test/auto/ModalClocks.xml (RunModel)" time="0.1" />
  <testcase classname="ptolemy.util.test.junit.AutoTests" name="[88] /home/travis/build/icyphy/ptII/ptolemy/domains/modal/test/auto/ModalDelay.xml (RunModel)" time="0.051" />
  <testcase classname="ptolemy.util.test.junit.AutoTests" name="[89] /home/travis/build/icyphy/ptII/ptolemy/domains/modal/test/auto/ModalDelay2.xml (RunModel)" time="0.045" />
  <testcase classname="ptolemy.util.test.junit.AutoTests" name="[90] /home/travis/build/icyphy/ptII/ptolemy/domains/modal/test/auto/ModalModelFromMemo.xml (RunModel)" time="0.066" />
  <testcase classname="ptolemy.util.test.junit.AutoTests" name="[91] /home/travis/build/icyphy/ptII/ptolemy/domains/modal/test/auto/ModalModelWithMultirateTransient.xml (RunModel)" time="0.093" />
  <testcase classname="ptolemy.util.test.junit.AutoTests" name="[92] /home/travis/build/icyphy/ptII/ptolemy/domains/modal/test/auto/ModalModelWithReset.xml (RunModel)" time="0.075" />
  <testcase classname="ptolemy.util.test.junit.AutoTests" name="[93] /home/travis/build/icyphy/ptII/ptolemy/domains/modal/test/auto/MouseClickFSM.xml (RunModel)" time="0.056" />
  <testcase classname="ptolemy.util.test.junit.AutoTests" name="[94] /home/travis/build/icyphy/ptII/ptolemy/domains/modal/test/auto/MouseClickFSMModal.xml (RunModel)" time="0.042" />
  <testcase classname="ptolemy.util.test.junit.AutoTests" name="[95] /home/travis/build/icyphy/ptII/ptolemy/domains/modal/test/auto/NonStrictFSM_FeedbackLoop.xml (RunModel)" time="0.059" />
  <testcase classname="ptolemy.util.test.junit.AutoTests" name="[96] /home/travis/build/icyphy/ptII/ptolemy/domains/modal/test/auto/NonStrictFSM_FeedbackLoop_Refinement.xml (RunModel)" time="0.086" />
  <testcase classname="ptolemy.util.test.junit.AutoTests" name="[97] /home/travis/build/icyphy/ptII/ptolemy/domains/modal/test/auto/NonStrictFSM_FeedbackLoop_preemptive.xml (RunModel)" time="0.045" />
  <testcase classname="ptolemy.util.test.junit.AutoTests" name="[98] /home/travis/build/icyphy/ptII/ptolemy/domains/modal/test/auto/NormalTermination.xml (RunModel)" time="0.052" />
  <testcase classname="ptolemy.util.test.junit.AutoTests" name="[99] /home/travis/build/icyphy/ptII/ptolemy/domains/modal/test/auto/Pong.xml (RunModel)" time="0.102" />
  <testcase classname="ptolemy.util.test.junit.AutoTests" name="[100] /home/travis/build/icyphy/ptII/ptolemy/domains/modal/test/auto/Pong_test.xml (RunModel)" time="0.126" />
  <testcase classname="ptolemy.util.test.junit.AutoTests" name="[101] /home/travis/build/icyphy/ptII/ptolemy/domains/modal/test/auto/PreemptionHierarchy.xml (RunModel)" time="0.029" />
  <testcase classname="ptolemy.util.test.junit.AutoTests" name="[102] /home/travis/build/icyphy/ptII/ptolemy/domains/modal/test/auto/PreemptionHierarchy2.xml (RunModel)" time="0.033" />
  <testcase classname="ptolemy.util.test.junit.AutoTests" name="[103] /home/travis/build/icyphy/ptII/ptolemy/domains/modal/test/auto/PreemptiveTransition.xml (RunModel)" time="0.051" />
  <testcase classname="ptolemy.util.test.junit.AutoTests" name="[104] /home/travis/build/icyphy/ptII/ptolemy/domains/modal/test/auto/Priorities.xml (RunModel)" time="0.102" />
  <testcase classname="ptolemy.util.test.junit.AutoTests" name="[105] /home/travis/build/icyphy/ptII/ptolemy/domains/modal/test/auto/ResetFinal.xml (RunModel)" time="0.049" />
  <testcase classname="ptolemy.util.test.junit.AutoTests" name="[106] /home/travis/build/icyphy/ptII/ptolemy/domains/modal/test/auto/ResetFinal2.xml (RunModel)" time="0.035" />
  <testcase classname="ptolemy.util.test.junit.AutoTests" name="[107] /home/travis/build/icyphy/ptII/ptolemy/domains/modal/test/auto/ResetTransitionWithStartTime.xml (RunModel)" time="0.036" />
  <testcase classname="ptolemy.util.test.junit.AutoTests" name="[108] /home/travis/build/icyphy/ptII/ptolemy/domains/modal/test/auto/SDF-FSMComposite.xml (RunModel)" time="0.026" />
  <testcase classname="ptolemy.util.test.junit.AutoTests" name="[109] /home/travis/build/icyphy/ptII/ptolemy/domains/modal/test/auto/SeeminglyNondeterminate.xml (RunModel)" time="0.087" />
  <testcase classname="ptolemy.util.test.junit.AutoTests" name="[110] /home/travis/build/icyphy/ptII/ptolemy/domains/modal/test/auto/SeeminglyNondeterminate2.xml (RunModel)" time="0.092" />
  <testcase classname="ptolemy.util.test.junit.AutoTests" name="[111] /home/travis/build/icyphy/ptII/ptolemy/domains/modal/test/auto/SpontaneousFSM.xml (RunModel)" time="0.05" />
  <testcase classname="ptolemy.util.test.junit.AutoTests" name="[112] /home/travis/build/icyphy/ptII/ptolemy/domains/modal/test/auto/SpontaneousFSM2.xml (RunModel)" time="0.037" />
  <testcase classname="ptolemy.util.test.junit.AutoTests" name="[113] /home/travis/build/icyphy/ptII/ptolemy/domains/modal/test/auto/SpontaneousFSM3.xml (RunModel)" time="0.074" />
  <testcase classname="ptolemy.util.test.junit.AutoTests" name="[114] /home/travis/build/icyphy/ptII/ptolemy/domains/modal/test/auto/SpontaneousFSM4.xml (RunModel)" time="0.046" />
  <testcase classname="ptolemy.util.test.junit.AutoTests" name="[115] /home/travis/build/icyphy/ptII/ptolemy/domains/modal/test/auto/StateTrackerTest.xml (RunModel)" time="0.055" />
  <testcase classname="ptolemy.util.test.junit.AutoTests" name="[116] /home/travis/build/icyphy/ptII/ptolemy/domains/modal/test/auto/StrongImmediateTransition.xml (RunModel)" time="0.027" />
  <testcase classname="ptolemy.util.test.junit.AutoTests" name="[117] /home/travis/build/icyphy/ptII/ptolemy/domains/modal/test/auto/SustainHierarchy.xml (RunModel)" time="0.035" />
  <testcase classname="ptolemy.util.test.junit.AutoTests" name="[118] /home/travis/build/icyphy/ptII/ptolemy/domains/modal/test/auto/TerminationTransition1.xml (RunModel)" time="0.064" />
  <testcase classname="ptolemy.util.test.junit.AutoTests" name="[119] /home/travis/build/icyphy/ptII/ptolemy/domains/modal/test/auto/TerminationTransition2.xml (RunModel)" time="0.064" />
  <testcase classname="ptolemy.util.test.junit.AutoTests" name="[120] /home/travis/build/icyphy/ptII/ptolemy/domains/modal/test/auto/TerminationTransition3.xml (RunModel)" time="0.068" />
  <testcase classname="ptolemy.util.test.junit.AutoTests" name="[121] /home/travis/build/icyphy/ptII/ptolemy/domains/modal/test/auto/TerminationTransition4.xml (RunModel)" time="0.055" />
  <testcase classname="ptolemy.util.test.junit.AutoTests" name="[122] /home/travis/build/icyphy/ptII/ptolemy/domains/modal/test/auto/TerminationTransition5.xml (RunModel)" time="0.035" />
  <testcase classname="ptolemy.util.test.junit.AutoTests" name="[123] /home/travis/build/icyphy/ptII/ptolemy/domains/modal/test/auto/TerminationTransition6.xml (RunModel)" time="0.023" />
  <testcase classname="ptolemy.util.test.junit.AutoTests" name="[124] /home/travis/build/icyphy/ptII/ptolemy/domains/modal/test/auto/TerminationTransition7.xml (RunModel)" time="0.026" />
  <testcase classname="ptolemy.util.test.junit.AutoTests" name="[125] /home/travis/build/icyphy/ptII/ptolemy/domains/modal/test/auto/TerminationTransition8.xml (RunModel)" time="0.028" />
  <testcase classname="ptolemy.util.test.junit.AutoTests" name="[126] /home/travis/build/icyphy/ptII/ptolemy/domains/modal/test/auto/Thermostat_NoHysteresis.xml (RunModel)" time="0.065" />
  <testcase classname="ptolemy.util.test.junit.AutoTests" name="[127] /home/travis/build/icyphy/ptII/ptolemy/domains/modal/test/auto/TimedFSM.xml (RunModel)" time="0.035" />
  <testcase classname="ptolemy.util.test.junit.AutoTests" name="[128] /home/travis/build/icyphy/ptII/ptolemy/domains/modal/test/auto/Timeout1.xml (RunModel)" time="0.037" />
  <testcase classname="ptolemy.util.test.junit.AutoTests" name="[129] /home/travis/build/icyphy/ptII/ptolemy/domains/modal/test/auto/Timeout2.xml (RunModel)" time="0.027" />
  <testcase classname="ptolemy.util.test.junit.AutoTests" name="[130] /home/travis/build/icyphy/ptII/ptolemy/domains/modal/test/auto/Timeout3.xml (RunModel)" time="0.014" />
  <testcase classname="ptolemy.util.test.junit.AutoTests" name="[131] /home/travis/build/icyphy/ptII/ptolemy/domains/modal/test/auto/Timeout4.xml (RunModel)" time="0.016" />
  <testcase classname="ptolemy.util.test.junit.AutoTests" name="[132] /home/travis/build/icyphy/ptII/ptolemy/domains/modal/test/auto/TransientstateModelAdvanced.xml (RunModel)" time="0.032" />
  <testcase classname="ptolemy.util.test.junit.AutoTests" name="[133] /home/travis/build/icyphy/ptII/ptolemy/domains/modal/test/auto/TransientstateModelAdvanced2.xml (RunModel)" time="0.035" />
  <testcase classname="ptolemy.util.test.junit.AutoTests" name="[134] /home/travis/build/icyphy/ptII/ptolemy/domains/modal/test/auto/TransitionRefinements.xml (RunModel)" time="0.031" />
  <testcase classname="ptolemy.util.test.junit.AutoTests" name="[135] /home/travis/build/icyphy/ptII/ptolemy/domains/modal/test/auto/TwoRefinements1.xml (RunModel)" time="0.029" />
  <testcase classname="ptolemy.util.test.junit.AutoTests" name="[136] /home/travis/build/icyphy/ptII/ptolemy/domains/modal/test/auto/TwoRefinements2.xml (RunModel)" time="0.028" />
  <testcase classname="ptolemy.util.test.junit.AutoTests" name="[137] /home/travis/build/icyphy/ptII/ptolemy/domains/modal/test/auto/WeakImmediateTransition.xml (RunModel)" time="0.03" />
  <testcase classname="ptolemy.util.test.junit.AutoTests" name="[138] /home/travis/build/icyphy/ptII/ptolemy/domains/modal/test/auto/booleanSelect.xml (RunModel)" time="0.076" />
  <testcase classname="ptolemy.util.test.junit.AutoTests" name="[139] /home/travis/build/icyphy/ptII/ptolemy/domains/modal/test/auto/modalChangingParams.xml (RunModel)" time="0.409" />
  <testcase classname="ptolemy.util.test.junit.AutoTests" name="[140] /home/travis/build/icyphy/ptII/ptolemy/domains/modal/test/auto/modalModel.xml (RunModel)" time="0.032" />
  <testcase classname="ptolemy.util.test.junit.AutoTests" name="[141] /home/travis/build/icyphy/ptII/ptolemy/domains/modal/test/auto/modalModel2.xml (RunModel)" time="0.037" />
  <testcase classname="ptolemy.util.test.junit.AutoTests" name="[142] /home/travis/build/icyphy/ptII/ptolemy/domains/modal/test/auto/modalModel3.xml (RunModel)" time="0.056" />
  <testcase classname="ptolemy.util.test.junit.AutoTests" name="[143] /home/travis/build/icyphy/ptII/ptolemy/domains/modal/test/auto/model1.xml (RunModel)" time="0.024" />
  <testcase classname="ptolemy.util.test.junit.AutoTests" name="[144] /home/travis/build/icyphy/ptII/ptolemy/domains/modal/test/auto/test-direct-in-out.xml (RunModel)" time="0.029" />
  <system-out><![CDATA[/home/travis/build/icyphy/ptII/ptolemy/domains/modal/test/SystemLevelType.tcl
testDefs.tcl: setting time out to 9000 seconds at Wed Nov 27 06:20:48 UTC 2019
11/27/19 06:20:50
Failed: 0  Total Tests: 1  ((Passed: 1, Newly Passed: 0)  Known Failed: 0) /home/travis/build/icyphy/ptII/ptolemy/domains/modal/test
----------------- testing (KnownFailure) /home/travis/build/icyphy/ptII/ptolemy/domains/modal/test/auto/knownFailedTests/CannotAnalysisWithPreemption.xml
147 ms. Memory: 163840K Free: 82578K (50%)
Known Failure: java.lang.reflect.InvocationTargetException
No auto/linux-amd64/*.xml tests in /home/travis/build/icyphy/ptII/ptolemy/domains/modal/test
AutoTests.java: About to close Vertx.
AutoTests.java: Vertx closed.

===========================================================================================
----------------- testing Wed Nov 27 06:20:51 UTC 2019 /home/travis/build/icyphy/ptII/ptolemy/domains/modal/test/auto/ABPTest.xml
----------------- Instantiating /home/travis/build/icyphy/ptII/ptolemy/domains/modal/test/auto/ABPTest.xml
327 ms. Memory: 163840K Free: 112974K (69%)
----------------- Invoking toplevel() on ptolemy.moml.MoMLSimpleApplication@5504020
----------------- Done invoking toplevel() on ptolemy.moml.MoMLSimpleApplication@5504020
reloadAllAccessors: .ABPTest

===========================================================================================
----------------- testing Wed Nov 27 06:20:52 UTC 2019 /home/travis/build/icyphy/ptII/ptolemy/domains/modal/test/auto/ABROFlat.xml
----------------- Instantiating /home/travis/build/icyphy/ptII/ptolemy/domains/modal/test/auto/ABROFlat.xml
37 ms. Memory: 163840K Free: 97462K (59%)
----------------- Invoking toplevel() on ptolemy.moml.MoMLSimpleApplication@7c701fef
----------------- Done invoking toplevel() on ptolemy.moml.MoMLSimpleApplication@7c701fef
reloadAllAccessors: .ABROFlat

===========================================================================================
----------------- testing Wed Nov 27 06:20:52 UTC 2019 /home/travis/build/icyphy/ptII/ptolemy/domains/modal/test/auto/ABROFlat2.xml
----------------- Instantiating /home/travis/build/icyphy/ptII/ptolemy/domains/modal/test/auto/ABROFlat2.xml
20 ms. Memory: 163840K Free: 81108K (50%)
----------------- Invoking toplevel() on ptolemy.moml.MoMLSimpleApplication@5c1345b6
----------------- Done invoking toplevel() on ptolemy.moml.MoMLSimpleApplication@5c1345b6
reloadAllAccessors: .ABROFlat2

===========================================================================================
----------------- testing Wed Nov 27 06:20:52 UTC 2019 /home/travis/build/icyphy/ptII/ptolemy/domains/modal/test/auto/ABRO_present_hmm.xml
----------------- Instantiating /home/travis/build/icyphy/ptII/ptolemy/domains/modal/test/auto/ABRO_present_hmm.xml
23 ms. Memory: 204800K Free: 173975K (85%)
----------------- Invoking toplevel() on ptolemy.moml.MoMLSimpleApplication@2b9be921
----------------- Done invoking toplevel() on ptolemy.moml.MoMLSimpleApplication@2b9be921
reloadAllAccessors: .ABRO_present_hmm

===========================================================================================
----------------- testing Wed Nov 27 06:20:52 UTC 2019 /home/travis/build/icyphy/ptII/ptolemy/domains/modal/test/auto/AMICoderExample.xml
----------------- Instantiating /home/travis/build/icyphy/ptII/ptolemy/domains/modal/test/auto/AMICoderExample.xml
30 ms. Memory: 204800K Free: 164245K (80%)
----------------- Invoking toplevel() on ptolemy.moml.MoMLSimpleApplication@53eabaf3
----------------- Done invoking toplevel() on ptolemy.moml.MoMLSimpleApplication@53eabaf3
reloadAllAccessors: .AMICoderExample

===========================================================================================
----------------- testing Wed Nov 27 06:20:52 UTC 2019 /home/travis/build/icyphy/ptII/ptolemy/domains/modal/test/auto/AbsentToPresent.xml
----------------- Instantiating /home/travis/build/icyphy/ptII/ptolemy/domains/modal/test/auto/AbsentToPresent.xml
13 ms. Memory: 204800K Free: 159639K (78%)
----------------- Invoking toplevel() on ptolemy.moml.MoMLSimpleApplication@693d9556
----------------- Done invoking toplevel() on ptolemy.moml.MoMLSimpleApplication@693d9556
reloadAllAccessors: .AbsentToPresent

===========================================================================================
----------------- testing Wed Nov 27 06:20:52 UTC 2019 /home/travis/build/icyphy/ptII/ptolemy/domains/modal/test/auto/Blending.xml
----------------- Instantiating /home/travis/build/icyphy/ptII/ptolemy/domains/modal/test/auto/Blending.xml
215 ms. Memory: 204800K Free: 115093K (56%)
----------------- Invoking toplevel() on ptolemy.moml.MoMLSimpleApplication@3264651d
----------------- Done invoking toplevel() on ptolemy.moml.MoMLSimpleApplication@3264651d
reloadAllAccessors: .Blending

===========================================================================================
----------------- testing Wed Nov 27 06:20:53 UTC 2019 /home/travis/build/icyphy/ptII/ptolemy/domains/modal/test/auto/Broadcast.xml
----------------- Instantiating /home/travis/build/icyphy/ptII/ptolemy/domains/modal/test/auto/Broadcast.xml
7 ms. Memory: 204800K Free: 104853K (51%)
----------------- Invoking toplevel() on ptolemy.moml.MoMLSimpleApplication@7184c35b
----------------- Done invoking toplevel() on ptolemy.moml.MoMLSimpleApplication@7184c35b
reloadAllAccessors: .Broadcast

===========================================================================================
----------------- testing Wed Nov 27 06:20:53 UTC 2019 /home/travis/build/icyphy/ptII/ptolemy/domains/modal/test/auto/BroadcastHierarchy.xml
----------------- Instantiating /home/travis/build/icyphy/ptII/ptolemy/domains/modal/test/auto/BroadcastHierarchy.xml
20 ms. Memory: 204800K Free: 91526K (45%)
----------------- Invoking toplevel() on ptolemy.moml.MoMLSimpleApplication@5fc1e3a4
----------------- Done invoking toplevel() on ptolemy.moml.MoMLSimpleApplication@5fc1e3a4
reloadAllAccessors: .BroadcastHierarchy

===========================================================================================
----------------- testing Wed Nov 27 06:20:53 UTC 2019 /home/travis/build/icyphy/ptII/ptolemy/domains/modal/test/auto/BroadcastHierarchy2.xml
----------------- Instantiating /home/travis/build/icyphy/ptII/ptolemy/domains/modal/test/auto/BroadcastHierarchy2.xml
37 ms. Memory: 204800K Free: 171927K (84%)
----------------- Invoking toplevel() on ptolemy.moml.MoMLSimpleApplication@7a9f0a2d
----------------- Done invoking toplevel() on ptolemy.moml.MoMLSimpleApplication@7a9f0a2d
reloadAllAccessors: .BroadcastHierarchy2

===========================================================================================
----------------- testing Wed Nov 27 06:20:53 UTC 2019 /home/travis/build/icyphy/ptII/ptolemy/domains/modal/test/auto/BroadcastHierarchy3.xml
----------------- Instantiating /home/travis/build/icyphy/ptII/ptolemy/domains/modal/test/auto/BroadcastHierarchy3.xml
15 ms. Memory: 204800K Free: 151447K (74%)
----------------- Invoking toplevel() on ptolemy.moml.MoMLSimpleApplication@259052b
----------------- Done invoking toplevel() on ptolemy.moml.MoMLSimpleApplication@259052b
reloadAllAccessors: .BroadcastHierarchy3

===========================================================================================
----------------- testing Wed Nov 27 06:20:53 UTC 2019 /home/travis/build/icyphy/ptII/ptolemy/domains/modal/test/auto/BroadcastHierarchy4.xml
----------------- Instantiating /home/travis/build/icyphy/ptII/ptolemy/domains/modal/test/auto/BroadcastHierarchy4.xml
21 ms. Memory: 204800K Free: 127374K (62%)
----------------- Invoking toplevel() on ptolemy.moml.MoMLSimpleApplication@a773d29
----------------- Done invoking toplevel() on ptolemy.moml.MoMLSimpleApplication@a773d29
reloadAllAccessors: .BroadcastHierarchy4

===========================================================================================
----------------- testing Wed Nov 27 06:20:53 UTC 2019 /home/travis/build/icyphy/ptII/ptolemy/domains/modal/test/auto/CannotAnalysisWithPreemption2.xml
----------------- Instantiating /home/travis/build/icyphy/ptII/ptolemy/domains/modal/test/auto/CannotAnalysisWithPreemption2.xml
5 ms. Memory: 204800K Free: 120710K (59%)
----------------- Invoking toplevel() on ptolemy.moml.MoMLSimpleApplication@668d5dc5
----------------- Done invoking toplevel() on ptolemy.moml.MoMLSimpleApplication@668d5dc5
reloadAllAccessors: .CannotAnalysisWithPreemption2

===========================================================================================
----------------- testing Wed Nov 27 06:20:53 UTC 2019 /home/travis/build/icyphy/ptII/ptolemy/domains/modal/test/auto/CannotAnalysisWithPreemption3.xml
----------------- Instantiating /home/travis/build/icyphy/ptII/ptolemy/domains/modal/test/auto/CannotAnalysisWithPreemption3.xml
8 ms. Memory: 204800K Free: 110487K (54%)
----------------- Invoking toplevel() on ptolemy.moml.MoMLSimpleApplication@9a7f986
----------------- Done invoking toplevel() on ptolemy.moml.MoMLSimpleApplication@9a7f986
reloadAllAccessors: .CannotAnalysisWithPreemption3

===========================================================================================
----------------- testing Wed Nov 27 06:20:53 UTC 2019 /home/travis/build/icyphy/ptII/ptolemy/domains/modal/test/auto/CannotProduce.xml
----------------- Instantiating /home/travis/build/icyphy/ptII/ptolemy/domains/modal/test/auto/CannotProduce.xml
20 ms. Memory: 204800K Free: 103814K (51%)
----------------- Invoking toplevel() on ptolemy.moml.MoMLSimpleApplication@261c9c68
----------------- Done invoking toplevel() on ptolemy.moml.MoMLSimpleApplication@261c9c68
reloadAllAccessors: .CannotProduce

===========================================================================================
----------------- testing Wed Nov 27 06:20:53 UTC 2019 /home/travis/build/icyphy/ptII/ptolemy/domains/modal/test/auto/CannotProduceModal.xml
----------------- Instantiating /home/travis/build/icyphy/ptII/ptolemy/domains/modal/test/auto/CannotProduceModal.xml
13 ms. Memory: 204800K Free: 97678K (48%)
----------------- Invoking toplevel() on ptolemy.moml.MoMLSimpleApplication@5749eded
----------------- Done invoking toplevel() on ptolemy.moml.MoMLSimpleApplication@5749eded
reloadAllAccessors: .CannotProduceModal

===========================================================================================
----------------- testing Wed Nov 27 06:20:53 UTC 2019 /home/travis/build/icyphy/ptII/ptolemy/domains/modal/test/auto/Case.xml
----------------- Instantiating /home/travis/build/icyphy/ptII/ptolemy/domains/modal/test/auto/Case.xml
33 ms. Memory: 204800K Free: 86421K (42%)
----------------- Invoking toplevel() on ptolemy.moml.MoMLSimpleApplication@551b7392
----------------- Done invoking toplevel() on ptolemy.moml.MoMLSimpleApplication@551b7392
reloadAllAccessors: .Case

===========================================================================================
----------------- testing Wed Nov 27 06:20:53 UTC 2019 /home/travis/build/icyphy/ptII/ptolemy/domains/modal/test/auto/Case1.xml
----------------- Instantiating /home/travis/build/icyphy/ptII/ptolemy/domains/modal/test/auto/Case1.xml
6 ms. Memory: 204800K Free: 79253K (39%)
----------------- Invoking toplevel() on ptolemy.moml.MoMLSimpleApplication@10c5b04b
----------------- Done invoking toplevel() on ptolemy.moml.MoMLSimpleApplication@10c5b04b
reloadAllAccessors: .Case1

===========================================================================================
----------------- testing Wed Nov 27 06:20:53 UTC 2019 /home/travis/build/icyphy/ptII/ptolemy/domains/modal/test/auto/Case2.xml
----------------- Instantiating /home/travis/build/icyphy/ptII/ptolemy/domains/modal/test/auto/Case2.xml
53 ms. Memory: 204800K Free: 185912K (91%)
----------------- Invoking toplevel() on ptolemy.moml.MoMLSimpleApplication@e42496d
----------------- Done invoking toplevel() on ptolemy.moml.MoMLSimpleApplication@e42496d
reloadAllAccessors: .Case2

===========================================================================================
----------------- testing Wed Nov 27 06:20:53 UTC 2019 /home/travis/build/icyphy/ptII/ptolemy/domains/modal/test/auto/CausalityInterface1.xml
----------------- Instantiating /home/travis/build/icyphy/ptII/ptolemy/domains/modal/test/auto/CausalityInterface1.xml
7 ms. Memory: 204800K Free: 180646K (88%)
----------------- Invoking toplevel() on ptolemy.moml.MoMLSimpleApplication@694a8a57
----------------- Done invoking toplevel() on ptolemy.moml.MoMLSimpleApplication@694a8a57
reloadAllAccessors: .CausalityInterface1

===========================================================================================
----------------- testing Wed Nov 27 06:20:54 UTC 2019 /home/travis/build/icyphy/ptII/ptolemy/domains/modal/test/auto/CausalityInterface10.xml
----------------- Instantiating /home/travis/build/icyphy/ptII/ptolemy/domains/modal/test/auto/CausalityInterface10.xml
6 ms. Memory: 204800K Free: 167334K (82%)
----------------- Invoking toplevel() on ptolemy.moml.MoMLSimpleApplication@1e0963a0
----------------- Done invoking toplevel() on ptolemy.moml.MoMLSimpleApplication@1e0963a0
reloadAllAccessors: .CausalityInterface10

===========================================================================================
----------------- testing Wed Nov 27 06:20:54 UTC 2019 /home/travis/build/icyphy/ptII/ptolemy/domains/modal/test/auto/CausalityInterface11.xml
----------------- Instantiating /home/travis/build/icyphy/ptII/ptolemy/domains/modal/test/auto/CausalityInterface11.xml
17 ms. Memory: 204800K Free: 154022K (75%)
----------------- Invoking toplevel() on ptolemy.moml.MoMLSimpleApplication@5c41bb92
----------------- Done invoking toplevel() on ptolemy.moml.MoMLSimpleApplication@5c41bb92
reloadAllAccessors: .CausalityInterface11

===========================================================================================
----------------- testing Wed Nov 27 06:20:54 UTC 2019 /home/travis/build/icyphy/ptII/ptolemy/domains/modal/test/auto/CausalityInterface12.xml
----------------- Instantiating /home/travis/build/icyphy/ptII/ptolemy/domains/modal/test/auto/CausalityInterface12.xml
7 ms. Memory: 204800K Free: 140710K (69%)
----------------- Invoking toplevel() on ptolemy.moml.MoMLSimpleApplication@7500154e
----------------- Done invoking toplevel() on ptolemy.moml.MoMLSimpleApplication@7500154e
reloadAllAccessors: .CausalityInterface12

===========================================================================================
----------------- testing Wed Nov 27 06:20:54 UTC 2019 /home/travis/build/icyphy/ptII/ptolemy/domains/modal/test/auto/CausalityInterface13.xml
----------------- Instantiating /home/travis/build/icyphy/ptII/ptolemy/domains/modal/test/auto/CausalityInterface13.xml
7 ms. Memory: 204800K Free: 126870K (62%)
----------------- Invoking toplevel() on ptolemy.moml.MoMLSimpleApplication@7e34df74
----------------- Done invoking toplevel() on ptolemy.moml.MoMLSimpleApplication@7e34df74
reloadAllAccessors: .CausalityInterface13

===========================================================================================
----------------- testing Wed Nov 27 06:20:54 UTC 2019 /home/travis/build/icyphy/ptII/ptolemy/domains/modal/test/auto/CausalityInterface14.xml
----------------- Instantiating /home/travis/build/icyphy/ptII/ptolemy/domains/modal/test/auto/CausalityInterface14.xml
6 ms. Memory: 204800K Free: 113062K (55%)
----------------- Invoking toplevel() on ptolemy.moml.MoMLSimpleApplication@22f341b8
----------------- Done invoking toplevel() on ptolemy.moml.MoMLSimpleApplication@22f341b8
reloadAllAccessors: .CausalityInterface14

===========================================================================================
----------------- testing Wed Nov 27 06:20:54 UTC 2019 /home/travis/build/icyphy/ptII/ptolemy/domains/modal/test/auto/CausalityInterface2.xml
----------------- Instantiating /home/travis/build/icyphy/ptII/ptolemy/domains/modal/test/auto/CausalityInterface2.xml
10 ms. Memory: 204800K Free: 106918K (52%)
----------------- Invoking toplevel() on ptolemy.moml.MoMLSimpleApplication@18bd1281
----------------- Done invoking toplevel() on ptolemy.moml.MoMLSimpleApplication@18bd1281
reloadAllAccessors: .CausalityInterface2

===========================================================================================
----------------- testing Wed Nov 27 06:20:54 UTC 2019 /home/travis/build/icyphy/ptII/ptolemy/domains/modal/test/auto/CausalityInterface3.xml
----------------- Instantiating /home/travis/build/icyphy/ptII/ptolemy/domains/modal/test/auto/CausalityInterface3.xml
4 ms. Memory: 204800K Free: 100230K (49%)
----------------- Invoking toplevel() on ptolemy.moml.MoMLSimpleApplication@6d5db03d
----------------- Done invoking toplevel() on ptolemy.moml.MoMLSimpleApplication@6d5db03d
reloadAllAccessors: .CausalityInterface3

===========================================================================================
----------------- testing Wed Nov 27 06:20:54 UTC 2019 /home/travis/build/icyphy/ptII/ptolemy/domains/modal/test/auto/CausalityInterface4.xml
----------------- Instantiating /home/travis/build/icyphy/ptII/ptolemy/domains/modal/test/auto/CausalityInterface4.xml
3 ms. Memory: 204800K Free: 93606K (46%)
----------------- Invoking toplevel() on ptolemy.moml.MoMLSimpleApplication@2dc087eb
----------------- Done invoking toplevel() on ptolemy.moml.MoMLSimpleApplication@2dc087eb
reloadAllAccessors: .CausalityInterface4

===========================================================================================
----------------- testing Wed Nov 27 06:20:54 UTC 2019 /home/travis/build/icyphy/ptII/ptolemy/domains/modal/test/auto/CausalityInterface5.xml
----------------- Instantiating /home/travis/build/icyphy/ptII/ptolemy/domains/modal/test/auto/CausalityInterface5.xml
6 ms. Memory: 204800K Free: 85414K (42%)
----------------- Invoking toplevel() on ptolemy.moml.MoMLSimpleApplication@8fe509b
----------------- Done invoking toplevel() on ptolemy.moml.MoMLSimpleApplication@8fe509b
reloadAllAccessors: .CausalityInterface5

===========================================================================================
----------------- testing Wed Nov 27 06:20:54 UTC 2019 /home/travis/build/icyphy/ptII/ptolemy/domains/modal/test/auto/CausalityInterface6.xml
----------------- Instantiating /home/travis/build/icyphy/ptII/ptolemy/domains/modal/test/auto/CausalityInterface6.xml
6 ms. Memory: 204800K Free: 77222K (38%)
----------------- Invoking toplevel() on ptolemy.moml.MoMLSimpleApplication@70bca2b4
----------------- Done invoking toplevel() on ptolemy.moml.MoMLSimpleApplication@70bca2b4
reloadAllAccessors: .CausalityInterface6

===========================================================================================
----------------- testing Wed Nov 27 06:20:54 UTC 2019 /home/travis/build/icyphy/ptII/ptolemy/domains/modal/test/auto/CausalityInterface7.xml
----------------- Instantiating /home/travis/build/icyphy/ptII/ptolemy/domains/modal/test/auto/CausalityInterface7.xml
4 ms. Memory: 204800K Free: 69030K (34%)
----------------- Invoking toplevel() on ptolemy.moml.MoMLSimpleApplication@38b0f672
----------------- Done invoking toplevel() on ptolemy.moml.MoMLSimpleApplication@38b0f672
reloadAllAccessors: .CausalityInterface7

===========================================================================================
----------------- testing Wed Nov 27 06:20:54 UTC 2019 /home/travis/build/icyphy/ptII/ptolemy/domains/modal/test/auto/CausalityInterface8.xml
----------------- Instantiating /home/travis/build/icyphy/ptII/ptolemy/domains/modal/test/auto/CausalityInterface8.xml
5 ms. Memory: 204800K Free: 178645K (87%)
----------------- Invoking toplevel() on ptolemy.moml.MoMLSimpleApplication@cb702ea
----------------- Done invoking toplevel() on ptolemy.moml.MoMLSimpleApplication@cb702ea
reloadAllAccessors: .CausalityInterface8

===========================================================================================
----------------- testing Wed Nov 27 06:20:54 UTC 2019 /home/travis/build/icyphy/ptII/ptolemy/domains/modal/test/auto/CausalityInterface9.xml
----------------- Instantiating /home/travis/build/icyphy/ptII/ptolemy/domains/modal/test/auto/CausalityInterface9.xml
8 ms. Memory: 204800K Free: 168901K (82%)
----------------- Invoking toplevel() on ptolemy.moml.MoMLSimpleApplication@c9e105
----------------- Done invoking toplevel() on ptolemy.moml.MoMLSimpleApplication@c9e105
reloadAllAccessors: .CausalityInterface9

===========================================================================================
----------------- testing Wed Nov 27 06:20:54 UTC 2019 /home/travis/build/icyphy/ptII/ptolemy/domains/modal/test/auto/ChainedTransitions.xml
----------------- Instantiating /home/travis/build/icyphy/ptII/ptolemy/domains/modal/test/auto/ChainedTransitions.xml
114 ms. Memory: 204800K Free: 143829K (70%)
----------------- Invoking toplevel() on ptolemy.moml.MoMLSimpleApplication@3089969e
----------------- Done invoking toplevel() on ptolemy.moml.MoMLSimpleApplication@3089969e
reloadAllAccessors: .ChainedTransitions

===========================================================================================
----------------- testing Wed Nov 27 06:20:54 UTC 2019 /home/travis/build/icyphy/ptII/ptolemy/domains/modal/test/auto/CycleOfImmediateTransitionsFSM.xml
----------------- Instantiating /home/travis/build/icyphy/ptII/ptolemy/domains/modal/test/auto/CycleOfImmediateTransitionsFSM.xml
5 ms. Memory: 204800K Free: 137685K (67%)
----------------- Invoking toplevel() on ptolemy.moml.MoMLSimpleApplication@6f2b6f49
----------------- Done invoking toplevel() on ptolemy.moml.MoMLSimpleApplication@6f2b6f49
reloadAllAccessors: .CycleOfImmediateTransitionsFSM

===========================================================================================
----------------- testing Wed Nov 27 06:20:54 UTC 2019 /home/travis/build/icyphy/ptII/ptolemy/domains/modal/test/auto/CycleOfImmediateTransitionsModal.xml
----------------- Instantiating /home/travis/build/icyphy/ptII/ptolemy/domains/modal/test/auto/CycleOfImmediateTransitionsModal.xml
5 ms. Memory: 204800K Free: 131541K (64%)
----------------- Invoking toplevel() on ptolemy.moml.MoMLSimpleApplication@50fcbbdf
----------------- Done invoking toplevel() on ptolemy.moml.MoMLSimpleApplication@50fcbbdf
reloadAllAccessors: .CycleOfImmediateTransitionsModal

===========================================================================================
----------------- testing Wed Nov 27 06:20:54 UTC 2019 /home/travis/build/icyphy/ptII/ptolemy/domains/modal/test/auto/CycleOfImmediateTransitionsModal2.xml
----------------- Instantiating /home/travis/build/icyphy/ptII/ptolemy/domains/modal/test/auto/CycleOfImmediateTransitionsModal2.xml
9 ms. Memory: 204800K Free: 125397K (61%)
----------------- Invoking toplevel() on ptolemy.moml.MoMLSimpleApplication@3bc576e1
----------------- Done invoking toplevel() on ptolemy.moml.MoMLSimpleApplication@3bc576e1
reloadAllAccessors: .CycleOfImmediateTransitionsModal2

===========================================================================================
----------------- testing Wed Nov 27 06:20:54 UTC 2019 /home/travis/build/icyphy/ptII/ptolemy/domains/modal/test/auto/CycleOfImmediateTransitionsModal3.xml
----------------- Instantiating /home/travis/build/icyphy/ptII/ptolemy/domains/modal/test/auto/CycleOfImmediateTransitionsModal3.xml
12 ms. Memory: 204800K Free: 102869K (50%)
----------------- Invoking toplevel() on ptolemy.moml.MoMLSimpleApplication@99c87d3
----------------- Done invoking toplevel() on ptolemy.moml.MoMLSimpleApplication@99c87d3
reloadAllAccessors: .CycleOfImmediateTransitionsModal3

===========================================================================================
----------------- testing Wed Nov 27 06:20:55 UTC 2019 /home/travis/build/icyphy/ptII/ptolemy/domains/modal/test/auto/DeepModal1.xml
----------------- Instantiating /home/travis/build/icyphy/ptII/ptolemy/domains/modal/test/auto/DeepModal1.xml
31 ms. Memory: 204800K Free: 89013K (43%)
----------------- Invoking toplevel() on ptolemy.moml.MoMLSimpleApplication@3106f297
----------------- Done invoking toplevel() on ptolemy.moml.MoMLSimpleApplication@3106f297
reloadAllAccessors: .DeepModal1

===========================================================================================
----------------- testing Wed Nov 27 06:20:55 UTC 2019 /home/travis/build/icyphy/ptII/ptolemy/domains/modal/test/auto/DeepModal2.xml
----------------- Instantiating /home/travis/build/icyphy/ptII/ptolemy/domains/modal/test/auto/DeepModal2.xml
32 ms. Memory: 204800K Free: 70611K (34%)
----------------- Invoking toplevel() on ptolemy.moml.MoMLSimpleApplication@560f29f6
----------------- Done invoking toplevel() on ptolemy.moml.MoMLSimpleApplication@560f29f6
reloadAllAccessors: .DeepModal2

===========================================================================================
----------------- testing Wed Nov 27 06:20:55 UTC 2019 /home/travis/build/icyphy/ptII/ptolemy/domains/modal/test/auto/DeepModal3.xml
----------------- Instantiating /home/travis/build/icyphy/ptII/ptolemy/domains/modal/test/auto/DeepModal3.xml
49 ms. Memory: 258048K Free: 222141K (86%)
----------------- Invoking toplevel() on ptolemy.moml.MoMLSimpleApplication@5e2d55f1
----------------- Done invoking toplevel() on ptolemy.moml.MoMLSimpleApplication@5e2d55f1
reloadAllAccessors: .DeepModal3

===========================================================================================
----------------- testing Wed Nov 27 06:20:55 UTC 2019 /home/travis/build/icyphy/ptII/ptolemy/domains/modal/test/auto/DeepModal4.xml
----------------- Instantiating /home/travis/build/icyphy/ptII/ptolemy/domains/modal/test/auto/DeepModal4.xml
40 ms. Memory: 258048K Free: 202685K (79%)
----------------- Invoking toplevel() on ptolemy.moml.MoMLSimpleApplication@c680936
----------------- Done invoking toplevel() on ptolemy.moml.MoMLSimpleApplication@c680936
reloadAllAccessors: .DeepModal4

===========================================================================================
----------------- testing Wed Nov 27 06:20:55 UTC 2019 /home/travis/build/icyphy/ptII/ptolemy/domains/modal/test/auto/Default1.xml
----------------- Instantiating /home/travis/build/icyphy/ptII/ptolemy/domains/modal/test/auto/Default1.xml
3 ms. Memory: 258048K Free: 196541K (76%)
----------------- Invoking toplevel() on ptolemy.moml.MoMLSimpleApplication@7c692039
----------------- Done invoking toplevel() on ptolemy.moml.MoMLSimpleApplication@7c692039
reloadAllAccessors: .Default1

===========================================================================================
----------------- testing Wed Nov 27 06:20:55 UTC 2019 /home/travis/build/icyphy/ptII/ptolemy/domains/modal/test/auto/Default2.xml
----------------- Instantiating /home/travis/build/icyphy/ptII/ptolemy/domains/modal/test/auto/Default2.xml
11 ms. Memory: 258048K Free: 190907K (74%)
----------------- Invoking toplevel() on ptolemy.moml.MoMLSimpleApplication@106ee80f
----------------- Done invoking toplevel() on ptolemy.moml.MoMLSimpleApplication@106ee80f
reloadAllAccessors: .Default2

===========================================================================================
----------------- testing Wed Nov 27 06:20:55 UTC 2019 /home/travis/build/icyphy/ptII/ptolemy/domains/modal/test/auto/Default3.xml
----------------- Instantiating /home/travis/build/icyphy/ptII/ptolemy/domains/modal/test/auto/Default3.xml
6 ms. Memory: 258048K Free: 184763K (72%)
----------------- Invoking toplevel() on ptolemy.moml.MoMLSimpleApplication@53d3a72c
----------------- Done invoking toplevel() on ptolemy.moml.MoMLSimpleApplication@53d3a72c
reloadAllAccessors: .Default3

===========================================================================================
----------------- testing Wed Nov 27 06:20:55 UTC 2019 /home/travis/build/icyphy/ptII/ptolemy/domains/modal/test/auto/Default4.xml
----------------- Instantiating /home/travis/build/icyphy/ptII/ptolemy/domains/modal/test/auto/Default4.xml
6 ms. Memory: 258048K Free: 178619K (69%)
----------------- Invoking toplevel() on ptolemy.moml.MoMLSimpleApplication@44f40c8a
----------------- Done invoking toplevel() on ptolemy.moml.MoMLSimpleApplication@44f40c8a
reloadAllAccessors: .Default4

===========================================================================================
----------------- testing Wed Nov 27 06:20:55 UTC 2019 /home/travis/build/icyphy/ptII/ptolemy/domains/modal/test/auto/Default5.xml
----------------- Instantiating /home/travis/build/icyphy/ptII/ptolemy/domains/modal/test/auto/Default5.xml
9 ms. Memory: 258048K Free: 170427K (66%)
----------------- Invoking toplevel() on ptolemy.moml.MoMLSimpleApplication@68d6a53e
----------------- Done invoking toplevel() on ptolemy.moml.MoMLSimpleApplication@68d6a53e
reloadAllAccessors: .Default5

===========================================================================================
----------------- testing Wed Nov 27 06:20:55 UTC 2019 /home/travis/build/icyphy/ptII/ptolemy/domains/modal/test/auto/EmptyGuard.xml
----------------- Instantiating /home/travis/build/icyphy/ptII/ptolemy/domains/modal/test/auto/EmptyGuard.xml
15 ms. Memory: 258048K Free: 162747K (63%)
----------------- Invoking toplevel() on ptolemy.moml.MoMLSimpleApplication@3afa8781
----------------- Done invoking toplevel() on ptolemy.moml.MoMLSimpleApplication@3afa8781
reloadAllAccessors: .EmptyGuard

===========================================================================================
----------------- testing Wed Nov 27 06:20:55 UTC 2019 /home/travis/build/icyphy/ptII/ptolemy/domains/modal/test/auto/ErrorTransition1.xml
----------------- Instantiating /home/travis/build/icyphy/ptII/ptolemy/domains/modal/test/auto/ErrorTransition1.xml
8 ms. Memory: 258048K Free: 153019K (59%)
----------------- Invoking toplevel() on ptolemy.moml.MoMLSimpleApplication@7318b425
----------------- Done invoking toplevel() on ptolemy.moml.MoMLSimpleApplication@7318b425
reloadAllAccessors: .ErrorTransition1

===========================================================================================
----------------- testing Wed Nov 27 06:20:55 UTC 2019 /home/travis/build/icyphy/ptII/ptolemy/domains/modal/test/auto/ErrorTransition10.xml
----------------- Instantiating /home/travis/build/icyphy/ptII/ptolemy/domains/modal/test/auto/ErrorTransition10.xml
10 ms. Memory: 258048K Free: 139197K (54%)
----------------- Invoking toplevel() on ptolemy.moml.MoMLSimpleApplication@bc18790
----------------- Done invoking toplevel() on ptolemy.moml.MoMLSimpleApplication@bc18790
reloadAllAccessors: .ErrorTransition10

===========================================================================================
----------------- testing Wed Nov 27 06:20:55 UTC 2019 /home/travis/build/icyphy/ptII/ptolemy/domains/modal/test/auto/ErrorTransition11.xml
----------------- Instantiating /home/travis/build/icyphy/ptII/ptolemy/domains/modal/test/auto/ErrorTransition11.xml
5 ms. Memory: 258048K Free: 127933K (50%)
----------------- Invoking toplevel() on ptolemy.moml.MoMLSimpleApplication@66f488a5
----------------- Done invoking toplevel() on ptolemy.moml.MoMLSimpleApplication@66f488a5
reloadAllAccessors: .ErrorTransition11

===========================================================================================
----------------- testing Wed Nov 27 06:20:55 UTC 2019 /home/travis/build/icyphy/ptII/ptolemy/domains/modal/test/auto/ErrorTransition2.xml
----------------- Instantiating /home/travis/build/icyphy/ptII/ptolemy/domains/modal/test/auto/ErrorTransition2.xml
5 ms. Memory: 258048K Free: 119227K (46%)
----------------- Invoking toplevel() on ptolemy.moml.MoMLSimpleApplication@351e66ef
----------------- Done invoking toplevel() on ptolemy.moml.MoMLSimpleApplication@351e66ef
reloadAllAccessors: .ErrorTransition2

===========================================================================================
----------------- testing Wed Nov 27 06:20:55 UTC 2019 /home/travis/build/icyphy/ptII/ptolemy/domains/modal/test/auto/ErrorTransition3.xml
----------------- Instantiating /home/travis/build/icyphy/ptII/ptolemy/domains/modal/test/auto/ErrorTransition3.xml
24 ms. Memory: 258048K Free: 109501K (42%)
----------------- Invoking toplevel() on ptolemy.moml.MoMLSimpleApplication@6853244d
----------------- Done invoking toplevel() on ptolemy.moml.MoMLSimpleApplication@6853244d
reloadAllAccessors: .ErrorTransition3

===========================================================================================
----------------- testing Wed Nov 27 06:20:55 UTC 2019 /home/travis/build/icyphy/ptII/ptolemy/domains/modal/test/auto/ErrorTransition4.xml
----------------- Instantiating /home/travis/build/icyphy/ptII/ptolemy/domains/modal/test/auto/ErrorTransition4.xml
18 ms. Memory: 258048K Free: 98237K (38%)
----------------- Invoking toplevel() on ptolemy.moml.MoMLSimpleApplication@6a4e7fc9
----------------- Done invoking toplevel() on ptolemy.moml.MoMLSimpleApplication@6a4e7fc9
reloadAllAccessors: .ErrorTransition4

===========================================================================================
----------------- testing Wed Nov 27 06:20:55 UTC 2019 /home/travis/build/icyphy/ptII/ptolemy/domains/modal/test/auto/ErrorTransition5.xml
----------------- Instantiating /home/travis/build/icyphy/ptII/ptolemy/domains/modal/test/auto/ErrorTransition5.xml
10 ms. Memory: 258048K Free: 230818K (89%)
----------------- Invoking toplevel() on ptolemy.moml.MoMLSimpleApplication@5bb603af
----------------- Done invoking toplevel() on ptolemy.moml.MoMLSimpleApplication@5bb603af
reloadAllAccessors: .ErrorTransition5

===========================================================================================
----------------- testing Wed Nov 27 06:20:55 UTC 2019 /home/travis/build/icyphy/ptII/ptolemy/domains/modal/test/auto/ErrorTransition6.xml
----------------- Instantiating /home/travis/build/icyphy/ptII/ptolemy/domains/modal/test/auto/ErrorTransition6.xml
9 ms. Memory: 258048K Free: 220082K (85%)
----------------- Invoking toplevel() on ptolemy.moml.MoMLSimpleApplication@38bcd501
----------------- Done invoking toplevel() on ptolemy.moml.MoMLSimpleApplication@38bcd501
reloadAllAccessors: .ErrorTransition6

===========================================================================================
----------------- testing Wed Nov 27 06:20:55 UTC 2019 /home/travis/build/icyphy/ptII/ptolemy/domains/modal/test/auto/ErrorTransition7.xml
----------------- Instantiating /home/travis/build/icyphy/ptII/ptolemy/domains/modal/test/auto/ErrorTransition7.xml
13 ms. Memory: 258048K Free: 207274K (80%)
----------------- Invoking toplevel() on ptolemy.moml.MoMLSimpleApplication@59c6064
----------------- Done invoking toplevel() on ptolemy.moml.MoMLSimpleApplication@59c6064
reloadAllAccessors: .ErrorTransition7

===========================================================================================
----------------- testing Wed Nov 27 06:20:55 UTC 2019 /home/travis/build/icyphy/ptII/ptolemy/domains/modal/test/auto/ErrorTransition8.xml
----------------- Instantiating /home/travis/build/icyphy/ptII/ptolemy/domains/modal/test/auto/ErrorTransition8.xml
42 ms. Memory: 258048K Free: 193962K (75%)
----------------- Invoking toplevel() on ptolemy.moml.MoMLSimpleApplication@3ef64cab
----------------- Done invoking toplevel() on ptolemy.moml.MoMLSimpleApplication@3ef64cab
reloadAllAccessors: .ErrorTransition8

===========================================================================================
----------------- testing Wed Nov 27 06:20:56 UTC 2019 /home/travis/build/icyphy/ptII/ptolemy/domains/modal/test/auto/ErrorTransition9.xml
----------------- Instantiating /home/travis/build/icyphy/ptII/ptolemy/domains/modal/test/auto/ErrorTransition9.xml
18 ms. Memory: 258048K Free: 180626K (70%)
----------------- Invoking toplevel() on ptolemy.moml.MoMLSimpleApplication@142de1c0
----------------- Done invoking toplevel() on ptolemy.moml.MoMLSimpleApplication@142de1c0
reloadAllAccessors: .ErrorTransition9

===========================================================================================
----------------- testing Wed Nov 27 06:20:56 UTC 2019 /home/travis/build/icyphy/ptII/ptolemy/domains/modal/test/auto/ExtendedFSM.xml
----------------- Instantiating /home/travis/build/icyphy/ptII/ptolemy/domains/modal/test/auto/ExtendedFSM.xml
8 ms. Memory: 258048K Free: 171954K (67%)
----------------- Invoking toplevel() on ptolemy.moml.MoMLSimpleApplication@6f8f1686
----------------- Done invoking toplevel() on ptolemy.moml.MoMLSimpleApplication@6f8f1686
reloadAllAccessors: .ExtendedFSM

===========================================================================================
----------------- testing Wed Nov 27 06:20:56 UTC 2019 /home/travis/build/icyphy/ptII/ptolemy/domains/modal/test/auto/FinalStates.xml
----------------- Instantiating /home/travis/build/icyphy/ptII/ptolemy/domains/modal/test/auto/FinalStates.xml
8 ms. Memory: 258048K Free: 163762K (63%)
----------------- Invoking toplevel() on ptolemy.moml.MoMLSimpleApplication@2f131dec
----------------- Done invoking toplevel() on ptolemy.moml.MoMLSimpleApplication@2f131dec
reloadAllAccessors: .FinalStates

===========================================================================================
----------------- testing Wed Nov 27 06:20:56 UTC 2019 /home/travis/build/icyphy/ptII/ptolemy/domains/modal/test/auto/FixedPointFSM.xml
----------------- Instantiating /home/travis/build/icyphy/ptII/ptolemy/domains/modal/test/auto/FixedPointFSM.xml
24 ms. Memory: 258048K Free: 148906K (58%)
----------------- Invoking toplevel() on ptolemy.moml.MoMLSimpleApplication@6ecc8978
----------------- Done invoking toplevel() on ptolemy.moml.MoMLSimpleApplication@6ecc8978
reloadAllAccessors: .FixedPointFSM

===========================================================================================
----------------- testing Wed Nov 27 06:20:56 UTC 2019 /home/travis/build/icyphy/ptII/ptolemy/domains/modal/test/auto/FixedPointIterationFSMActor.xml
----------------- Instantiating /home/travis/build/icyphy/ptII/ptolemy/domains/modal/test/auto/FixedPointIterationFSMActor.xml
8 ms. Memory: 258048K Free: 138162K (54%)
----------------- Invoking toplevel() on ptolemy.moml.MoMLSimpleApplication@777e7635
----------------- Done invoking toplevel() on ptolemy.moml.MoMLSimpleApplication@777e7635
reloadAllAccessors: .FixedPointIterationFSMActor

===========================================================================================
----------------- testing Wed Nov 27 06:20:56 UTC 2019 /home/travis/build/icyphy/ptII/ptolemy/domains/modal/test/auto/FixedPointIterationFSMActor2.xml
----------------- Instantiating /home/travis/build/icyphy/ptII/ptolemy/domains/modal/test/auto/FixedPointIterationFSMActor2.xml
16 ms. Memory: 258048K Free: 125874K (49%)
----------------- Invoking toplevel() on ptolemy.moml.MoMLSimpleApplication@20359e8a
----------------- Done invoking toplevel() on ptolemy.moml.MoMLSimpleApplication@20359e8a
reloadAllAccessors: .FixedPointIterationFSMActor2

===========================================================================================
----------------- testing Wed Nov 27 06:20:56 UTC 2019 /home/travis/build/icyphy/ptII/ptolemy/domains/modal/test/auto/ForbiddenInstantanousLoop.xml
----------------- Instantiating /home/travis/build/icyphy/ptII/ptolemy/domains/modal/test/auto/ForbiddenInstantanousLoop.xml
7 ms. Memory: 258048K Free: 113586K (44%)
----------------- Invoking toplevel() on ptolemy.moml.MoMLSimpleApplication@37a56761
----------------- Done invoking toplevel() on ptolemy.moml.MoMLSimpleApplication@37a56761
reloadAllAccessors: .ForbiddenInstantanousLoop

===========================================================================================
----------------- testing Wed Nov 27 06:20:56 UTC 2019 /home/travis/build/icyphy/ptII/ptolemy/domains/modal/test/auto/FunctionDependencyOfFSMActorTest.xml
----------------- Instantiating /home/travis/build/icyphy/ptII/ptolemy/domains/modal/test/auto/FunctionDependencyOfFSMActorTest.xml
16 ms. Memory: 258048K Free: 106418K (41%)
----------------- Invoking toplevel() on ptolemy.moml.MoMLSimpleApplication@7f775618
----------------- Done invoking toplevel() on ptolemy.moml.MoMLSimpleApplication@7f775618
reloadAllAccessors: .FunctionDependencyOfFSMActorTest

===========================================================================================
----------------- testing Wed Nov 27 06:20:56 UTC 2019 /home/travis/build/icyphy/ptII/ptolemy/domains/modal/test/auto/GuardExpression.xml
----------------- Instantiating /home/travis/build/icyphy/ptII/ptolemy/domains/modal/test/auto/GuardExpression.xml
3 ms. Memory: 258048K Free: 101298K (39%)
----------------- Invoking toplevel() on ptolemy.moml.MoMLSimpleApplication@1e0f9c24
----------------- Done invoking toplevel() on ptolemy.moml.MoMLSimpleApplication@1e0f9c24
reloadAllAccessors: .GuardExpression

===========================================================================================
----------------- testing Wed Nov 27 06:20:56 UTC 2019 /home/travis/build/icyphy/ptII/ptolemy/domains/modal/test/auto/GuardNotEvaluated.xml
----------------- Instantiating /home/travis/build/icyphy/ptII/ptolemy/domains/modal/test/auto/GuardNotEvaluated.xml
7 ms. Memory: 258048K Free: 92586K (36%)
----------------- Invoking toplevel() on ptolemy.moml.MoMLSimpleApplication@74404927
----------------- Done invoking toplevel() on ptolemy.moml.MoMLSimpleApplication@74404927
reloadAllAccessors: .GuardNotEvaluated

===========================================================================================
----------------- testing Wed Nov 27 06:20:56 UTC 2019 /home/travis/build/icyphy/ptII/ptolemy/domains/modal/test/auto/GuardNotEvaluated2.xml
----------------- Instantiating /home/travis/build/icyphy/ptII/ptolemy/domains/modal/test/auto/GuardNotEvaluated2.xml
11 ms. Memory: 258048K Free: 231357K (90%)
----------------- Invoking toplevel() on ptolemy.moml.MoMLSimpleApplication@560b54ae
----------------- Done invoking toplevel() on ptolemy.moml.MoMLSimpleApplication@560b54ae
reloadAllAccessors: .GuardNotEvaluated2

===========================================================================================
----------------- testing Wed Nov 27 06:20:56 UTC 2019 /home/travis/build/icyphy/ptII/ptolemy/domains/modal/test/auto/GuardOnAbsent.xml
----------------- Instantiating /home/travis/build/icyphy/ptII/ptolemy/domains/modal/test/auto/GuardOnAbsent.xml
12 ms. Memory: 258048K Free: 223677K (87%)
----------------- Invoking toplevel() on ptolemy.moml.MoMLSimpleApplication@5df3b232
----------------- Done invoking toplevel() on ptolemy.moml.MoMLSimpleApplication@5df3b232
reloadAllAccessors: .GuardOnAbsent

===========================================================================================
----------------- testing Wed Nov 27 06:20:56 UTC 2019 /home/travis/build/icyphy/ptII/ptolemy/domains/modal/test/auto/HierarchicalFSMTypeInference.xml
----------------- Instantiating /home/travis/build/icyphy/ptII/ptolemy/domains/modal/test/auto/HierarchicalFSMTypeInference.xml
6 ms. Memory: 258048K Free: 212925K (83%)
----------------- Invoking toplevel() on ptolemy.moml.MoMLSimpleApplication@2a8735ef
----------------- Done invoking toplevel() on ptolemy.moml.MoMLSimpleApplication@2a8735ef
reloadAllAccessors: .HierarchicalFSMTypeInference

===========================================================================================
----------------- testing Wed Nov 27 06:20:56 UTC 2019 /home/travis/build/icyphy/ptII/ptolemy/domains/modal/test/auto/Hysteresis.xml
----------------- Instantiating /home/travis/build/icyphy/ptII/ptolemy/domains/modal/test/auto/Hysteresis.xml
18 ms. Memory: 258048K Free: 199599K (77%)
----------------- Invoking toplevel() on ptolemy.moml.MoMLSimpleApplication@7309eb10
----------------- Done invoking toplevel() on ptolemy.moml.MoMLSimpleApplication@7309eb10
reloadAllAccessors: .Hysteresis

===========================================================================================
----------------- testing Wed Nov 27 06:20:56 UTC 2019 /home/travis/build/icyphy/ptII/ptolemy/domains/modal/test/auto/HysteresisWithDefault.xml
----------------- Instantiating /home/travis/build/icyphy/ptII/ptolemy/domains/modal/test/auto/HysteresisWithDefault.xml
43 ms. Memory: 258048K Free: 176575K (68%)
----------------- Invoking toplevel() on ptolemy.moml.MoMLSimpleApplication@1f2c345a
----------------- Done invoking toplevel() on ptolemy.moml.MoMLSimpleApplication@1f2c345a
reloadAllAccessors: .HysteresisWithDefault

===========================================================================================
----------------- testing Wed Nov 27 06:20:56 UTC 2019 /home/travis/build/icyphy/ptII/ptolemy/domains/modal/test/auto/HysteresisWithDefault2.xml
----------------- Instantiating /home/travis/build/icyphy/ptII/ptolemy/domains/modal/test/auto/HysteresisWithDefault2.xml
46 ms. Memory: 258048K Free: 146879K (57%)
----------------- Invoking toplevel() on ptolemy.moml.MoMLSimpleApplication@5439cf1b
----------------- Done invoking toplevel() on ptolemy.moml.MoMLSimpleApplication@5439cf1b
reloadAllAccessors: .HysteresisWithDefault2

===========================================================================================
----------------- testing Wed Nov 27 06:20:56 UTC 2019 /home/travis/build/icyphy/ptII/ptolemy/domains/modal/test/auto/ImmediateNonConstructiveness.xml
----------------- Instantiating /home/travis/build/icyphy/ptII/ptolemy/domains/modal/test/auto/ImmediateNonConstructiveness.xml
2 ms. Memory: 258048K Free: 139711K (54%)
----------------- Invoking toplevel() on ptolemy.moml.MoMLSimpleApplication@c300f71
----------------- Done invoking toplevel() on ptolemy.moml.MoMLSimpleApplication@c300f71
reloadAllAccessors: .ImmediateNonConstructiveness

===========================================================================================
----------------- testing Wed Nov 27 06:20:56 UTC 2019 /home/travis/build/icyphy/ptII/ptolemy/domains/modal/test/auto/ImmediateNonConstructiveness2.xml
----------------- Instantiating /home/travis/build/icyphy/ptII/ptolemy/domains/modal/test/auto/ImmediateNonConstructiveness2.xml
3 ms. Memory: 258048K Free: 133053K (52%)
----------------- Invoking toplevel() on ptolemy.moml.MoMLSimpleApplication@530dcc2f
----------------- Done invoking toplevel() on ptolemy.moml.MoMLSimpleApplication@530dcc2f
reloadAllAccessors: .ImmediateNonConstructiveness2

===========================================================================================
----------------- testing Wed Nov 27 06:20:56 UTC 2019 /home/travis/build/icyphy/ptII/ptolemy/domains/modal/test/auto/ImmediateTransitionReset.xml
----------------- Instantiating /home/travis/build/icyphy/ptII/ptolemy/domains/modal/test/auto/ImmediateTransitionReset.xml
6 ms. Memory: 258048K Free: 121279K (47%)
----------------- Invoking toplevel() on ptolemy.moml.MoMLSimpleApplication@2a6031c0
----------------- Done invoking toplevel() on ptolemy.moml.MoMLSimpleApplication@2a6031c0
reloadAllAccessors: .ImmediateTransitionReset

===========================================================================================
----------------- testing Wed Nov 27 06:20:56 UTC 2019 /home/travis/build/icyphy/ptII/ptolemy/domains/modal/test/auto/ImmediateTransitions1.xml
----------------- Instantiating /home/travis/build/icyphy/ptII/ptolemy/domains/modal/test/auto/ImmediateTransitions1.xml
2 ms. Memory: 258048K Free: 116159K (45%)
----------------- Invoking toplevel() on ptolemy.moml.MoMLSimpleApplication@27b30eab
----------------- Done invoking toplevel() on ptolemy.moml.MoMLSimpleApplication@27b30eab
reloadAllAccessors: .ImmediateTransitions1

===========================================================================================
----------------- testing Wed Nov 27 06:20:56 UTC 2019 /home/travis/build/icyphy/ptII/ptolemy/domains/modal/test/auto/ImmediateTransitionsInstantaneousCommunication.xml
----------------- Instantiating /home/travis/build/icyphy/ptII/ptolemy/domains/modal/test/auto/ImmediateTransitionsInstantaneousCommunication.xml
5 ms. Memory: 258048K Free: 103871K (40%)
----------------- Invoking toplevel() on ptolemy.moml.MoMLSimpleApplication@4a0f18d7
----------------- Done invoking toplevel() on ptolemy.moml.MoMLSimpleApplication@4a0f18d7
reloadAllAccessors: .ImmediateTransitionsInstantaneousCommunication

===========================================================================================
----------------- testing Wed Nov 27 06:20:56 UTC 2019 /home/travis/build/icyphy/ptII/ptolemy/domains/modal/test/auto/InitialImmediateTransition.xml
----------------- Instantiating /home/travis/build/icyphy/ptII/ptolemy/domains/modal/test/auto/InitialImmediateTransition.xml
6 ms. Memory: 258048K Free: 96703K (37%)
----------------- Invoking toplevel() on ptolemy.moml.MoMLSimpleApplication@77ac4460
----------------- Done invoking toplevel() on ptolemy.moml.MoMLSimpleApplication@77ac4460
reloadAllAccessors: .InitialImmediateTransition

===========================================================================================
----------------- testing Wed Nov 27 06:20:56 UTC 2019 /home/travis/build/icyphy/ptII/ptolemy/domains/modal/test/auto/InitialOutputs.xml
----------------- Instantiating /home/travis/build/icyphy/ptII/ptolemy/domains/modal/test/auto/InitialOutputs.xml
5 ms. Memory: 258048K Free: 90559K (35%)
----------------- Invoking toplevel() on ptolemy.moml.MoMLSimpleApplication@764e7850
----------------- Done invoking toplevel() on ptolemy.moml.MoMLSimpleApplication@764e7850
reloadAllAccessors: .InitialOutputs

===========================================================================================
----------------- testing Wed Nov 27 06:20:56 UTC 2019 /home/travis/build/icyphy/ptII/ptolemy/domains/modal/test/auto/InitialStateTransition1.xml
----------------- Instantiating /home/travis/build/icyphy/ptII/ptolemy/domains/modal/test/auto/InitialStateTransition1.xml
3 ms. Memory: 258048K Free: 232343K (90%)
----------------- Invoking toplevel() on ptolemy.moml.MoMLSimpleApplication@3dd2ff70
----------------- Done invoking toplevel() on ptolemy.moml.MoMLSimpleApplication@3dd2ff70
reloadAllAccessors: .InitialStateTransition1

===========================================================================================
----------------- testing Wed Nov 27 06:20:57 UTC 2019 /home/travis/build/icyphy/ptII/ptolemy/domains/modal/test/auto/InitialStateTransition2.xml
----------------- Instantiating /home/travis/build/icyphy/ptII/ptolemy/domains/modal/test/auto/InitialStateTransition2.xml
.InitialStateTransition2.TestExceptionAttributeNonConstructive: initialize() was not invoked, but wrapup() was.  This is unusual, but not always a problem.  For example, exporting JNLP will do this.
3 ms. Memory: 258048K Free: 224661K (87%)
----------------- Invoking toplevel() on ptolemy.moml.MoMLSimpleApplication@a1b5801
----------------- Done invoking toplevel() on ptolemy.moml.MoMLSimpleApplication@a1b5801
reloadAllAccessors: .InitialStateTransition2

===========================================================================================
----------------- testing Wed Nov 27 06:20:57 UTC 2019 /home/travis/build/icyphy/ptII/ptolemy/domains/modal/test/auto/InitialStateTransition3.xml
----------------- Instantiating /home/travis/build/icyphy/ptII/ptolemy/domains/modal/test/auto/InitialStateTransition3.xml
5 ms. Memory: 258048K Free: 216469K (84%)
----------------- Invoking toplevel() on ptolemy.moml.MoMLSimpleApplication@50a217dc
----------------- Done invoking toplevel() on ptolemy.moml.MoMLSimpleApplication@50a217dc
reloadAllAccessors: .InitialStateTransition3

===========================================================================================
----------------- testing Wed Nov 27 06:20:57 UTC 2019 /home/travis/build/icyphy/ptII/ptolemy/domains/modal/test/auto/InitialStateTransition4.xml
----------------- Instantiating /home/travis/build/icyphy/ptII/ptolemy/domains/modal/test/auto/InitialStateTransition4.xml
3 ms. Memory: 258048K Free: 206743K (80%)
----------------- Invoking toplevel() on ptolemy.moml.MoMLSimpleApplication@1b7a879e
----------------- Done invoking toplevel() on ptolemy.moml.MoMLSimpleApplication@1b7a879e
[...]
reloadAllAccessors: .TerminationTransition3

===========================================================================================
----------------- testing Wed Nov 27 06:20:59 UTC 2019 /home/travis/build/icyphy/ptII/ptolemy/domains/modal/test/auto/TerminationTransition4.xml
----------------- Instantiating /home/travis/build/icyphy/ptII/ptolemy/domains/modal/test/auto/TerminationTransition4.xml
3 ms. Memory: 317440K Free: 194508K (61%)
----------------- Invoking toplevel() on ptolemy.moml.MoMLSimpleApplication@16f8df64
----------------- Done invoking toplevel() on ptolemy.moml.MoMLSimpleApplication@16f8df64
reloadAllAccessors: .TerminationTransition4

===========================================================================================
----------------- testing Wed Nov 27 06:20:59 UTC 2019 /home/travis/build/icyphy/ptII/ptolemy/domains/modal/test/auto/TerminationTransition5.xml
----------------- Instantiating /home/travis/build/icyphy/ptII/ptolemy/domains/modal/test/auto/TerminationTransition5.xml
3 ms. Memory: 317440K Free: 180682K (57%)
----------------- Invoking toplevel() on ptolemy.moml.MoMLSimpleApplication@57717b84
----------------- Done invoking toplevel() on ptolemy.moml.MoMLSimpleApplication@57717b84
reloadAllAccessors: .TerminationTransition5

===========================================================================================
----------------- testing Wed Nov 27 06:20:59 UTC 2019 /home/travis/build/icyphy/ptII/ptolemy/domains/modal/test/auto/TerminationTransition6.xml
----------------- Instantiating /home/travis/build/icyphy/ptII/ptolemy/domains/modal/test/auto/TerminationTransition6.xml
2 ms. Memory: 317440K Free: 172490K (54%)
----------------- Invoking toplevel() on ptolemy.moml.MoMLSimpleApplication@43e5ab97
----------------- Done invoking toplevel() on ptolemy.moml.MoMLSimpleApplication@43e5ab97
reloadAllAccessors: .TerminationTransition6

===========================================================================================
----------------- testing Wed Nov 27 06:20:59 UTC 2019 /home/travis/build/icyphy/ptII/ptolemy/domains/modal/test/auto/TerminationTransition7.xml
----------------- Instantiating /home/travis/build/icyphy/ptII/ptolemy/domains/modal/test/auto/TerminationTransition7.xml
2 ms. Memory: 317440K Free: 162764K (51%)
----------------- Invoking toplevel() on ptolemy.moml.MoMLSimpleApplication@5875478a
----------------- Done invoking toplevel() on ptolemy.moml.MoMLSimpleApplication@5875478a
reloadAllAccessors: .TerminationTransition7

===========================================================================================
----------------- testing Wed Nov 27 06:20:59 UTC 2019 /home/travis/build/icyphy/ptII/ptolemy/domains/modal/test/auto/TerminationTransition8.xml
----------------- Instantiating /home/travis/build/icyphy/ptII/ptolemy/domains/modal/test/auto/TerminationTransition8.xml
2 ms. Memory: 317440K Free: 153034K (48%)
----------------- Invoking toplevel() on ptolemy.moml.MoMLSimpleApplication@21befc27
----------------- Done invoking toplevel() on ptolemy.moml.MoMLSimpleApplication@21befc27
reloadAllAccessors: .TerminationTransition8

===========================================================================================
----------------- testing Wed Nov 27 06:20:59 UTC 2019 /home/travis/build/icyphy/ptII/ptolemy/domains/modal/test/auto/Thermostat_NoHysteresis.xml
----------------- Instantiating /home/travis/build/icyphy/ptII/ptolemy/domains/modal/test/auto/Thermostat_NoHysteresis.xml
28 ms. Memory: 317440K Free: 128458K (40%)
----------------- Invoking toplevel() on ptolemy.moml.MoMLSimpleApplication@1be4aac3
----------------- Done invoking toplevel() on ptolemy.moml.MoMLSimpleApplication@1be4aac3
reloadAllAccessors: .Thermostat_NoHysteresis

===========================================================================================
----------------- testing Wed Nov 27 06:20:59 UTC 2019 /home/travis/build/icyphy/ptII/ptolemy/domains/modal/test/auto/TimedFSM.xml
----------------- Instantiating /home/travis/build/icyphy/ptII/ptolemy/domains/modal/test/auto/TimedFSM.xml
10 ms. Memory: 317440K Free: 116684K (37%)
----------------- Invoking toplevel() on ptolemy.moml.MoMLSimpleApplication@225741d3
----------------- Done invoking toplevel() on ptolemy.moml.MoMLSimpleApplication@225741d3
reloadAllAccessors: .TimedFSM

===========================================================================================
----------------- testing Wed Nov 27 06:20:59 UTC 2019 /home/travis/build/icyphy/ptII/ptolemy/domains/modal/test/auto/Timeout1.xml
----------------- Instantiating /home/travis/build/icyphy/ptII/ptolemy/domains/modal/test/auto/Timeout1.xml
3 ms. Memory: 317440K Free: 296159K (93%)
----------------- Invoking toplevel() on ptolemy.moml.MoMLSimpleApplication@2750bac3
----------------- Done invoking toplevel() on ptolemy.moml.MoMLSimpleApplication@2750bac3
reloadAllAccessors: .Timeout1

===========================================================================================
----------------- testing Wed Nov 27 06:20:59 UTC 2019 /home/travis/build/icyphy/ptII/ptolemy/domains/modal/test/auto/Timeout2.xml
----------------- Instantiating /home/travis/build/icyphy/ptII/ptolemy/domains/modal/test/auto/Timeout2.xml
8 ms. Memory: 317440K Free: 287439K (91%)
----------------- Invoking toplevel() on ptolemy.moml.MoMLSimpleApplication@3533e194
----------------- Done invoking toplevel() on ptolemy.moml.MoMLSimpleApplication@3533e194
reloadAllAccessors: .Timeout2

===========================================================================================
----------------- testing Wed Nov 27 06:20:59 UTC 2019 /home/travis/build/icyphy/ptII/ptolemy/domains/modal/test/auto/Timeout3.xml
----------------- Instantiating /home/travis/build/icyphy/ptII/ptolemy/domains/modal/test/auto/Timeout3.xml
2 ms. Memory: 317440K Free: 282303K (89%)
----------------- Invoking toplevel() on ptolemy.moml.MoMLSimpleApplication@506d6422
----------------- Done invoking toplevel() on ptolemy.moml.MoMLSimpleApplication@506d6422
reloadAllAccessors: .Timeout3

===========================================================================================
----------------- testing Wed Nov 27 06:20:59 UTC 2019 /home/travis/build/icyphy/ptII/ptolemy/domains/modal/test/auto/Timeout4.xml
----------------- Instantiating /home/travis/build/icyphy/ptII/ptolemy/domains/modal/test/auto/Timeout4.xml
2 ms. Memory: 317440K Free: 277199K (87%)
----------------- Invoking toplevel() on ptolemy.moml.MoMLSimpleApplication@52500b5
----------------- Done invoking toplevel() on ptolemy.moml.MoMLSimpleApplication@52500b5
reloadAllAccessors: .Timeout4

===========================================================================================
----------------- testing Wed Nov 27 06:20:59 UTC 2019 /home/travis/build/icyphy/ptII/ptolemy/domains/modal/test/auto/TransientstateModelAdvanced.xml
----------------- Instantiating /home/travis/build/icyphy/ptII/ptolemy/domains/modal/test/auto/TransientstateModelAdvanced.xml
4 ms. Memory: 317440K Free: 264919K (83%)
----------------- Invoking toplevel() on ptolemy.moml.MoMLSimpleApplication@34deef72
----------------- Done invoking toplevel() on ptolemy.moml.MoMLSimpleApplication@34deef72
reloadAllAccessors: .TransientstateModelAdvanced

===========================================================================================
----------------- testing Wed Nov 27 06:20:59 UTC 2019 /home/travis/build/icyphy/ptII/ptolemy/domains/modal/test/auto/TransientstateModelAdvanced2.xml
----------------- Instantiating /home/travis/build/icyphy/ptII/ptolemy/domains/modal/test/auto/TransientstateModelAdvanced2.xml
4 ms. Memory: 317440K Free: 250575K (79%)
----------------- Invoking toplevel() on ptolemy.moml.MoMLSimpleApplication@3f7d444
----------------- Done invoking toplevel() on ptolemy.moml.MoMLSimpleApplication@3f7d444
reloadAllAccessors: .transientstatemodelAdvanced

===========================================================================================
----------------- testing Wed Nov 27 06:20:59 UTC 2019 /home/travis/build/icyphy/ptII/ptolemy/domains/modal/test/auto/TransitionRefinements.xml
----------------- Instantiating /home/travis/build/icyphy/ptII/ptolemy/domains/modal/test/auto/TransitionRefinements.xml
8 ms. Memory: 317440K Free: 240863K (76%)
----------------- Invoking toplevel() on ptolemy.moml.MoMLSimpleApplication@4df68ec6
----------------- Done invoking toplevel() on ptolemy.moml.MoMLSimpleApplication@4df68ec6
reloadAllAccessors: .TransitionRefinements

===========================================================================================
----------------- testing Wed Nov 27 06:20:59 UTC 2019 /home/travis/build/icyphy/ptII/ptolemy/domains/modal/test/auto/TwoRefinements1.xml
----------------- Instantiating /home/travis/build/icyphy/ptII/ptolemy/domains/modal/test/auto/TwoRefinements1.xml
4 ms. Memory: 317440K Free: 230623K (73%)
----------------- Invoking toplevel() on ptolemy.moml.MoMLSimpleApplication@60407157
----------------- Done invoking toplevel() on ptolemy.moml.MoMLSimpleApplication@60407157
reloadAllAccessors: .TwoRefinements1

===========================================================================================
----------------- testing Wed Nov 27 06:21:00 UTC 2019 /home/travis/build/icyphy/ptII/ptolemy/domains/modal/test/auto/TwoRefinements2.xml
----------------- Instantiating /home/travis/build/icyphy/ptII/ptolemy/domains/modal/test/auto/TwoRefinements2.xml
3 ms. Memory: 317440K Free: 220863K (70%)
----------------- Invoking toplevel() on ptolemy.moml.MoMLSimpleApplication@118e2c29
----------------- Done invoking toplevel() on ptolemy.moml.MoMLSimpleApplication@118e2c29
reloadAllAccessors: .TwoRefinements2

===========================================================================================
----------------- testing Wed Nov 27 06:21:00 UTC 2019 /home/travis/build/icyphy/ptII/ptolemy/domains/modal/test/auto/WeakImmediateTransition.xml
----------------- Instantiating /home/travis/build/icyphy/ptII/ptolemy/domains/modal/test/auto/WeakImmediateTransition.xml
3 ms. Memory: 317440K Free: 212191K (67%)
----------------- Invoking toplevel() on ptolemy.moml.MoMLSimpleApplication@5afdb8b3
----------------- Done invoking toplevel() on ptolemy.moml.MoMLSimpleApplication@5afdb8b3
reloadAllAccessors: .WeakImmediateTransition

===========================================================================================
----------------- testing Wed Nov 27 06:21:00 UTC 2019 /home/travis/build/icyphy/ptII/ptolemy/domains/modal/test/auto/booleanSelect.xml
----------------- Instantiating /home/travis/build/icyphy/ptII/ptolemy/domains/modal/test/auto/booleanSelect.xml
30 ms. Memory: 317440K Free: 194255K (61%)
----------------- Invoking toplevel() on ptolemy.moml.MoMLSimpleApplication@e94a985
----------------- Done invoking toplevel() on ptolemy.moml.MoMLSimpleApplication@e94a985
reloadAllAccessors: .booleanSelect

===========================================================================================
----------------- testing Wed Nov 27 06:21:00 UTC 2019 /home/travis/build/icyphy/ptII/ptolemy/domains/modal/test/auto/modalChangingParams.xml
----------------- Instantiating /home/travis/build/icyphy/ptII/ptolemy/domains/modal/test/auto/modalChangingParams.xml
0
1
0
2
4
6
8
7
0
2
4
6
8
13
0
2
4
6
8
19
0
2
4
6
8
25
0
2
4
6
8
31
0
2
4
6
8
37
0
2
4
6
8
43
0
2
4
6
8
49
0
2
4
6
8
55
0
2
4
6
8
61
0
2
4
6
8
67
0
2
4
6
8
73
0
2
4
6
8
79
0
2
4
6
8
85
0
2
4
6
8
91
0
2
4
6
8
97
0
2
4
6
8
103
0
2
4
6
8
109
0
2
4
6
8
115
0
2
4
6
8
121
0
2
4
6
8
127
0
2
4
6
8
133
0
2
4
6
8
139
0
2
4
6
8
145
0
2
4
6
8
151
0
2
4
6
8
157
0
2
4
6
8
163
0
2
4
6
8
169
0
2
4
6
8
175
0
2
4
6
8
181
0
2
4
6
8
187
0
2
4
6
8
193
0
2
4
6
8
199
0
2
4
6
8
205
0
2
4
6
8
211
0
2
4
6
8
217
0
2
4
6
8
223
0
2
4
6
8
229
0
2
4
6
8
235
0
2
4
6
8
241
0
2
4
6
8
247
0
2
4
6
8
253
0
2
4
6
8
259
0
2
4
6
8
265
0
2
4
6
8
271
0
2
4
6
8
277
0
2
4
6
8
283
0
2
4
6
8
289
0
2
4
6
8
295
0
2
4
6
8
301
0
2
4
6
8
307
0
2
4
6
8
313
0
2
4
6
8
319
0
2
4
6
8
325
0
2
4
6
8
331
0
2
4
6
8
337
0
2
4
6
8
343
0
2
4
6
8
349
0
2
4
6
8
355
0
2
4
6
8
361
0
2
4
6
8
367
0
2
4
6
8
373
0
2
4
6
8
379
0
2
4
6
8
385
0
2
4
6
8
391
0
2
4
6
8
397
0
2
4
6
8
403
0
2
4
6
8
409
0
2
4
6
8
415
0
2
4
6
8
421
0
2
4
6
8
427
0
2
4
6
8
433
0
2
4
6
8
439
0
2
4
6
8
445
0
2
4
6
8
451
0
2
4
6
8
457
0
2
4
6
8
463
0
2
4
6
8
469
0
2
4
6
8
475
0
2
4
6
8
481
0
2
4
6
8
487
0
2
4
6
8
493
0
2
4
6
8
499
0
2
4
6
8
505
0
2
4
6
8
511
0
2
4
6
8
517
0
2
4
6
8
523
0
2
4
6
8
529
0
2
4
6
8
535
0
2
4
6
8
541
0
2
4
6
8
547
0
2
4
6
8
553
0
2
4
6
8
559
0
2
4
6
8
565
0
2
4
6
8
571
0
2
4
6
8
577
0
2
4
6
8
583
0
2
4
6
8
589
0
2
4
6
8
595
0
2
4
6
8
601
0
2
4
6
8
607
0
2
4
6
8
613
0
2
4
6
8
619
0
2
4
6
8
625
0
2
4
6
8
631
0
2
4
6
8
637
0
2
4
6
8
643
0
2
4
6
8
649
0
2
4
6
8
655
0
2
4
6
8
661
0
2
4
6
8
667
0
2
4
6
8
673
0
2
4
6
8
679
0
2
4
6
8
685
0
2
4
6
8
691
0
2
4
6
8
697
0
2
4
6
8
703
0
2
4
6
8
709
0
2
4
6
8
715
0
2
4
6
8
721
0
2
4
6
8
727
0
2
4
6
8
733
0
2
4
6
8
739
0
2
4
6
8
745
0
2
4
6
8
751
0
2
4
6
8
757
0
2
4
6
8
763
0
2
4
6
8
769
0
2
4
6
8
775
0
2
4
6
8
781
0
2
4
6
8
787
0
2
4
6
8
793
0
2
4
6
8
799
0
2
4
6
8
805
0
2
4
6
8
811
0
2
4
6
8
817
0
2
4
6
8
823
0
2
4
6
8
829
0
2
4
6
8
835
0
2
4
6
8
841
0
2
4
6
8
847
0
2
4
6
8
853
0
2
4
6
8
859
0
2
4
6
8
865
0
2
4
6
8
871
0
2
4
6
8
877
0
2
4
6
8
883
0
2
4
6
8
889
0
2
4
6
8
895
0
2
4
6
8
901
0
2
4
6
8
907
0
2
4
6
8
913
0
2
4
6
8
919
0
2
4
6
8
925
0
2
4
6
8
931
0
2
4
6
8
937
0
2
4
6
8
943
0
2
4
6
8
949
0
2
4
6
8
955
0
2
4
6
8
961
0
2
4
6
8
967
0
2
4
6
8
973
0
2
4
6
8
979
0
2
4
6
8
985
0
2
4
6
8
991
0
2
4
6
8
997
0
2
367 ms. Memory: 386048K Free: 333840K (86%)
----------------- Invoking toplevel() on ptolemy.moml.MoMLSimpleApplication@170b9c8d
----------------- Done invoking toplevel() on ptolemy.moml.MoMLSimpleApplication@170b9c8d
reloadAllAccessors: .modalChangingParams

===========================================================================================
----------------- testing Wed Nov 27 06:21:00 UTC 2019 /home/travis/build/icyphy/ptII/ptolemy/domains/modal/test/auto/modalModel.xml
----------------- Instantiating /home/travis/build/icyphy/ptII/ptolemy/domains/modal/test/auto/modalModel.xml
8 ms. Memory: 386048K Free: 324624K (84%)
----------------- Invoking toplevel() on ptolemy.moml.MoMLSimpleApplication@4e7c4d0b
----------------- Done invoking toplevel() on ptolemy.moml.MoMLSimpleApplication@4e7c4d0b
reloadAllAccessors: .modalModel

===========================================================================================
----------------- testing Wed Nov 27 06:21:00 UTC 2019 /home/travis/build/icyphy/ptII/ptolemy/domains/modal/test/auto/modalModel2.xml
----------------- Instantiating /home/travis/build/icyphy/ptII/ptolemy/domains/modal/test/auto/modalModel2.xml
10 ms. Memory: 386048K Free: 313856K (81%)
----------------- Invoking toplevel() on ptolemy.moml.MoMLSimpleApplication@72221ad2
----------------- Done invoking toplevel() on ptolemy.moml.MoMLSimpleApplication@72221ad2
reloadAllAccessors: .modalModel2

===========================================================================================
----------------- testing Wed Nov 27 06:21:00 UTC 2019 /home/travis/build/icyphy/ptII/ptolemy/domains/modal/test/auto/modalModel3.xml
----------------- Instantiating /home/travis/build/icyphy/ptII/ptolemy/domains/modal/test/auto/modalModel3.xml
0	0	0
1	0	1
4	2	2
7	4	3
10	6	4
5	0	5
8	2	6
11	4	7
14	6	8
9	0	9
12	2	10
15	4	11
18	6	12
13	0	13
16	2	14
22 ms. Memory: 386048K Free: 299024K (77%)
----------------- Invoking toplevel() on ptolemy.moml.MoMLSimpleApplication@72014230
----------------- Done invoking toplevel() on ptolemy.moml.MoMLSimpleApplication@72014230
reloadAllAccessors: .modalModel3

===========================================================================================
----------------- testing Wed Nov 27 06:21:00 UTC 2019 /home/travis/build/icyphy/ptII/ptolemy/domains/modal/test/auto/model1.xml
----------------- Instantiating /home/travis/build/icyphy/ptII/ptolemy/domains/modal/test/auto/model1.xml
14 ms. Memory: 386048K Free: 293376K (76%)
----------------- Invoking toplevel() on ptolemy.moml.MoMLSimpleApplication@239de9ec
----------------- Done invoking toplevel() on ptolemy.moml.MoMLSimpleApplication@239de9ec
reloadAllAccessors: .model1

===========================================================================================
----------------- testing Wed Nov 27 06:21:00 UTC 2019 /home/travis/build/icyphy/ptII/ptolemy/domains/modal/test/auto/test-direct-in-out.xml
----------------- Instantiating /home/travis/build/icyphy/ptII/ptolemy/domains/modal/test/auto/test-direct-in-out.xml
5 ms. Memory: 386048K Free: 285712K (74%)
----------------- Invoking toplevel() on ptolemy.moml.MoMLSimpleApplication@5dc9dd8c
----------------- Done invoking toplevel() on ptolemy.moml.MoMLSimpleApplication@5dc9dd8c
reloadAllAccessors: .test-direct-in-out
AutoTests.java: About to close Vertx.
AutoTests.java: Vertx closed.
]]></system-out>
  <system-err><![CDATA[java.lang.RuntimeException: Execution failed
	at ptolemy.moml.MoMLSimpleApplication$UnloadThread.run(MoMLSimpleApplication.java:402)
Caused by: ptolemy.kernel.util.IllegalActionException: Unknown inputs remain. Possible causality loop:
L_model_1893289564i

  in .CannotAnalysisWithPreemption.model_1893289564_region_1 and .CannotAnalysisWithPreemption.model_1893289564_region_1.L_model_1893289564i
	at ptolemy.actor.sched.FixedPointDirector.postfire(FixedPointDirector.java:515)
	at ptolemy.domains.sr.kernel.SRDirector.postfire(SRDirector.java:417)
	at ptolemy.actor.CompositeActor.postfire(CompositeActor.java:1668)
	at ptolemy.actor.Manager.iterate(Manager.java:852)
	at ptolemy.actor.Manager.execute(Manager.java:369)
	at ptolemy.actor.Manager.run(Manager.java:1263)
	at ptolemy.actor.Manager$PtolemyRunThread.run(Manager.java:1933)
java.lang.reflect.InvocationTargetException
	at java.base/jdk.internal.reflect.NativeConstructorAccessorImpl.newInstance0(Native Method)
	at java.base/jdk.internal.reflect.NativeConstructorAccessorImpl.newInstance(NativeConstructorAccessorImpl.java:62)
	at java.base/jdk.internal.reflect.DelegatingConstructorAccessorImpl.newInstance(DelegatingConstructorAccessorImpl.java:45)
	at java.base/java.lang.reflect.Constructor.newInstance(Constructor.java:490)
	at ptolemy.util.test.junit.AutoKnownFailedTests.RunModel(AutoKnownFailedTests.java:105)
	at java.base/jdk.internal.reflect.NativeMethodAccessorImpl.invoke0(Native Method)
	at java.base/jdk.internal.reflect.NativeMethodAccessorImpl.invoke(NativeMethodAccessorImpl.java:62)
	at java.base/jdk.internal.reflect.DelegatingMethodAccessorImpl.invoke(DelegatingMethodAccessorImpl.java:43)
	at java.base/java.lang.reflect.Method.invoke(Method.java:566)
	at org.junit.runners.model.FrameworkMethod$1.runReflectiveCall(FrameworkMethod.java:44)
	at org.junit.internal.runners.model.ReflectiveCallable.run(ReflectiveCallable.java:15)
	at org.junit.runners.model.FrameworkMethod.invokeExplosively(FrameworkMethod.java:41)
	at junitparams.internal.InvokeParameterisedMethod.evaluate(InvokeParameterisedMethod.java:102)
	at org.junit.internal.runners.statements.FailOnTimeout$1.run(FailOnTimeout.java:28)
Caused by: ptolemy.kernel.util.IllegalActionException: Unknown inputs remain. Possible causality loop:
L_model_1893289564i

  in .CannotAnalysisWithPreemption.model_1893289564_region_1 and .CannotAnalysisWithPreemption.model_1893289564_region_1.L_model_1893289564i
	at ptolemy.actor.sched.FixedPointDirector.postfire(FixedPointDirector.java:515)
	at ptolemy.domains.sr.kernel.SRDirector.postfire(SRDirector.java:417)
	at ptolemy.actor.CompositeActor.postfire(CompositeActor.java:1668)
	at ptolemy.actor.Manager.iterate(Manager.java:852)
	at ptolemy.actor.Manager.execute(Manager.java:369)
	at ptolemy.actor.Manager.run(Manager.java:1263)
	at ptolemy.actor.Manager$PtolemyRunThread.run(Manager.java:1933)
]]></system-err>
</testsuite>
