<?xml version="1.0" encoding="UTF-8" ?>
<testsuite errors="0" failures="0" hostname="travis-job-af3897b3-6a5d-4b76-bf43-9ddb7f70ea17" name="ptolemy.domains.sdf.test.junit.JUnitTclTest" skipped="0" tests="66" time="18.989" timestamp="2018-06-12T01:36:19">
  <properties>
[...]
</properties>
  <testcase classname="ptolemy.util.test.junit.TclTests" name="[0] /home/travis/build/icyphy/ptII/ptolemy/domains/sdf/test/SDFSchedulerErrors.tcl (RunTclFile)" time="0.61" />
  <testcase classname="ptolemy.util.test.junit.TclTests" name="[1] /home/travis/build/icyphy/ptII/ptolemy/domains/sdf/test/composition.tcl (RunTclFile)" time="0.176" />
  <testcase classname="ptolemy.util.test.junit.TclTests" name="[2] /home/travis/build/icyphy/ptII/ptolemy/domains/sdf/test/cycle.tcl (RunTclFile)" time="0.027" />
  <testcase classname="ptolemy.util.test.junit.AutoKnownFailedTests" name="[0] ThereAreNoKnowFailedTests (RunModel)" time="0.008" />
  <testcase classname="ptolemy.util.test.junit.AutoNameArchTests" name="[0] ThereAreNoAutoArchTests (RunModel)" time="0.007" />
  <testcase classname="ptolemy.util.test.junit.AutoTests" name="[0] /home/travis/build/icyphy/ptII/ptolemy/domains/sdf/test/auto/Array.xml (RunModel)" time="0.162" />
  <testcase classname="ptolemy.util.test.junit.AutoTests" name="[1] /home/travis/build/icyphy/ptII/ptolemy/domains/sdf/test/auto/Butterfly.xml (RunModel)" time="0.108" />
  <testcase classname="ptolemy.util.test.junit.AutoTests" name="[2] /home/travis/build/icyphy/ptII/ptolemy/domains/sdf/test/auto/Expression.xml (RunModel)" time="0.053" />
  <testcase classname="ptolemy.util.test.junit.AutoTests" name="[3] /home/travis/build/icyphy/ptII/ptolemy/domains/sdf/test/auto/Eye.xml (RunModel)" time="0.376" />
  <testcase classname="ptolemy.util.test.junit.AutoTests" name="[4] /home/travis/build/icyphy/ptII/ptolemy/domains/sdf/test/auto/FixFIR.xml (RunModel)" time="0.261" />
  <testcase classname="ptolemy.util.test.junit.AutoTests" name="[5] /home/travis/build/icyphy/ptII/ptolemy/domains/sdf/test/auto/FixPoint.xml (RunModel)" time="0.042" />
  <testcase classname="ptolemy.util.test.junit.AutoTests" name="[6] /home/travis/build/icyphy/ptII/ptolemy/domains/sdf/test/auto/Gravitation.xml (RunModel)" time="3.286" />
  <testcase classname="ptolemy.util.test.junit.AutoTests" name="[7] /home/travis/build/icyphy/ptII/ptolemy/domains/sdf/test/auto/GravitationWithCollisionDetection.xml (RunModel)" time="5.65" />
  <testcase classname="ptolemy.util.test.junit.AutoTests" name="[8] /home/travis/build/icyphy/ptII/ptolemy/domains/sdf/test/auto/HDF.xml (RunModel)" time="0.125" />
  <testcase classname="ptolemy.util.test.junit.AutoTests" name="[9] /home/travis/build/icyphy/ptII/ptolemy/domains/sdf/test/auto/HDFwithTransientStates.xml (RunModel)" time="0.1" />
  <testcase classname="ptolemy.util.test.junit.AutoTests" name="[10] /home/travis/build/icyphy/ptII/ptolemy/domains/sdf/test/auto/HTVQ.xml (RunModel)" time="0.814" />
  <testcase classname="ptolemy.util.test.junit.AutoTests" name="[11] /home/travis/build/icyphy/ptII/ptolemy/domains/sdf/test/auto/InferInitProduction.xml (RunModel)" time="0.029" />
  <testcase classname="ptolemy.util.test.junit.AutoTests" name="[12] /home/travis/build/icyphy/ptII/ptolemy/domains/sdf/test/auto/InferInitProductionDeeper.xml (RunModel)" time="0.034" />
  <testcase classname="ptolemy.util.test.junit.AutoTests" name="[13] /home/travis/build/icyphy/ptII/ptolemy/domains/sdf/test/auto/LMSAdaptive.xml (RunModel)" time="0.062" />
  <testcase classname="ptolemy.util.test.junit.AutoTests" name="[14] /home/travis/build/icyphy/ptII/ptolemy/domains/sdf/test/auto/LogisticMap.xml (RunModel)" time="0.465" />
  <testcase classname="ptolemy.util.test.junit.AutoTests" name="[15] /home/travis/build/icyphy/ptII/ptolemy/domains/sdf/test/auto/MaximumEntropySpectrum.xml (RunModel)" time="0.252" />
  <testcase classname="ptolemy.util.test.junit.AutoTests" name="[16] /home/travis/build/icyphy/ptII/ptolemy/domains/sdf/test/auto/MultirateSDF.xml (RunModel)" time="0.072" />
  <testcase classname="ptolemy.util.test.junit.AutoTests" name="[17] /home/travis/build/icyphy/ptII/ptolemy/domains/sdf/test/auto/MultirateSDFwithTransientStates.xml (RunModel)" time="0.073" />
  <testcase classname="ptolemy.util.test.junit.AutoTests" name="[18] /home/travis/build/icyphy/ptII/ptolemy/domains/sdf/test/auto/NoisySinewave.xml (RunModel)" time="0.064" />
  <testcase classname="ptolemy.util.test.junit.AutoTests" name="[19] /home/travis/build/icyphy/ptII/ptolemy/domains/sdf/test/auto/Objects.xml (RunModel)" time="0.058" />
  <testcase classname="ptolemy.util.test.junit.AutoTests" name="[20] /home/travis/build/icyphy/ptII/ptolemy/domains/sdf/test/auto/OrthogonalCom.xml (RunModel)" time="0.045" />
  <testcase classname="ptolemy.util.test.junit.AutoTests" name="[21] /home/travis/build/icyphy/ptII/ptolemy/domains/sdf/test/auto/RijndaelEncryption.xml (RunModel)" time="0.538" />
  <testcase classname="ptolemy.util.test.junit.AutoTests" name="[22] /home/travis/build/icyphy/ptII/ptolemy/domains/sdf/test/auto/SDFEmptyIterations.xml (RunModel)" time="0.037" />
  <testcase classname="ptolemy.util.test.junit.AutoTests" name="[23] /home/travis/build/icyphy/ptII/ptolemy/domains/sdf/test/auto/Spectrum.xml (RunModel)" time="0.078" />
  <testcase classname="ptolemy.util.test.junit.AutoTests" name="[24] /home/travis/build/icyphy/ptII/ptolemy/domains/sdf/test/auto/de_inside_sdf.xml (RunModel)" time="0.034" />
  <testcase classname="ptolemy.util.test.junit.AutoTests" name="[25] /home/travis/build/icyphy/ptII/ptolemy/domains/sdf/test/auto/disconnectedHierarchicalSDF.xml (RunModel)" time="0.026" />
  <testcase classname="ptolemy.util.test.junit.AutoTests" name="[26] /home/travis/build/icyphy/ptII/ptolemy/domains/sdf/test/auto/disconnectedSDF.xml (RunModel)" time="0.02" />
  <testcase classname="ptolemy.util.test.junit.AutoTests" name="[27] /home/travis/build/icyphy/ptII/ptolemy/domains/sdf/test/auto/emptyRefinement.xml (RunModel)" time="0.022" />
  <testcase classname="ptolemy.util.test.junit.AutoTests" name="[28] /home/travis/build/icyphy/ptII/ptolemy/domains/sdf/test/auto/filePortParameter.xml (RunModel)" time="0.049" />
  <testcase classname="ptolemy.util.test.junit.AutoTests" name="[29] /home/travis/build/icyphy/ptII/ptolemy/domains/sdf/test/auto/inferRelationWidth1.xml (RunModel)" time="0.016" />
  <testcase classname="ptolemy.util.test.junit.AutoTests" name="[30] /home/travis/build/icyphy/ptII/ptolemy/domains/sdf/test/auto/initProductionInference.xml (RunModel)" time="0.021" />
  <testcase classname="ptolemy.util.test.junit.AutoTests" name="[31] /home/travis/build/icyphy/ptII/ptolemy/domains/sdf/test/auto/relationGroup.xml (RunModel)" time="0.02" />
  <testcase classname="ptolemy.util.test.junit.AutoTests" name="[32] /home/travis/build/icyphy/ptII/ptolemy/domains/sdf/test/auto/relationGroup10.xml (RunModel)" time="0.016" />
  <testcase classname="ptolemy.util.test.junit.AutoTests" name="[33] /home/travis/build/icyphy/ptII/ptolemy/domains/sdf/test/auto/relationGroup11.xml (RunModel)" time="0.016" />
  <testcase classname="ptolemy.util.test.junit.AutoTests" name="[34] /home/travis/build/icyphy/ptII/ptolemy/domains/sdf/test/auto/relationGroup12.xml (RunModel)" time="0.016" />
  <testcase classname="ptolemy.util.test.junit.AutoTests" name="[35] /home/travis/build/icyphy/ptII/ptolemy/domains/sdf/test/auto/relationGroup13.xml (RunModel)" time="0.032" />
  <testcase classname="ptolemy.util.test.junit.AutoTests" name="[36] /home/travis/build/icyphy/ptII/ptolemy/domains/sdf/test/auto/relationGroup14.xml (RunModel)" time="0.017" />
  <testcase classname="ptolemy.util.test.junit.AutoTests" name="[37] /home/travis/build/icyphy/ptII/ptolemy/domains/sdf/test/auto/relationGroup15.xml (RunModel)" time="0.022" />
  <testcase classname="ptolemy.util.test.junit.AutoTests" name="[38] /home/travis/build/icyphy/ptII/ptolemy/domains/sdf/test/auto/relationGroup2.xml (RunModel)" time="0.021" />
  <testcase classname="ptolemy.util.test.junit.AutoTests" name="[39] /home/travis/build/icyphy/ptII/ptolemy/domains/sdf/test/auto/relationGroup3.xml (RunModel)" time="0.016" />
  <testcase classname="ptolemy.util.test.junit.AutoTests" name="[40] /home/travis/build/icyphy/ptII/ptolemy/domains/sdf/test/auto/relationGroup4.xml (RunModel)" time="0.019" />
  <testcase classname="ptolemy.util.test.junit.AutoTests" name="[41] /home/travis/build/icyphy/ptII/ptolemy/domains/sdf/test/auto/relationGroup5.xml (RunModel)" time="0.021" />
  <testcase classname="ptolemy.util.test.junit.AutoTests" name="[42] /home/travis/build/icyphy/ptII/ptolemy/domains/sdf/test/auto/relationGroup6.xml (RunModel)" time="0.021" />
  <testcase classname="ptolemy.util.test.junit.AutoTests" name="[43] /home/travis/build/icyphy/ptII/ptolemy/domains/sdf/test/auto/relationGroup7.xml (RunModel)" time="0.013" />
  <testcase classname="ptolemy.util.test.junit.AutoTests" name="[44] /home/travis/build/icyphy/ptII/ptolemy/domains/sdf/test/auto/relationGroup8.xml (RunModel)" time="0.015" />
  <testcase classname="ptolemy.util.test.junit.AutoTests" name="[45] /home/travis/build/icyphy/ptII/ptolemy/domains/sdf/test/auto/relationGroup9.xml (RunModel)" time="0.018" />
  <testcase classname="ptolemy.util.test.junit.AutoTests" name="[46] /home/travis/build/icyphy/ptII/ptolemy/domains/sdf/test/auto/sdf_inside_de.xml (RunModel)" time="0.049" />
  <testcase classname="ptolemy.util.test.junit.AutoTests" name="[47] /home/travis/build/icyphy/ptII/ptolemy/domains/sdf/test/auto/sdf_inside_pn.xml (RunModel)" time="0.078" />
  <testcase classname="ptolemy.util.test.junit.AutoTests" name="[48] /home/travis/build/icyphy/ptII/ptolemy/domains/sdf/test/auto/sdf_sdf1.xml (RunModel)" time="0.019" />
  <testcase classname="ptolemy.util.test.junit.AutoTests" name="[49] /home/travis/build/icyphy/ptII/ptolemy/domains/sdf/test/auto/test1.xml (RunModel)" time="0.023" />
  <testcase classname="ptolemy.util.test.junit.AutoTests" name="[50] /home/travis/build/icyphy/ptII/ptolemy/domains/sdf/test/auto/time1.xml (RunModel)" time="0.008" />
  <testcase classname="ptolemy.util.test.junit.AutoTests" name="[51] /home/travis/build/icyphy/ptII/ptolemy/domains/sdf/test/auto/time2.xml (RunModel)" time="0.008" />
  <testcase classname="ptolemy.util.test.junit.AutoTests" name="[52] /home/travis/build/icyphy/ptII/ptolemy/domains/sdf/test/auto/time3.xml (RunModel)" time="0.015" />
  <testcase classname="ptolemy.util.test.junit.AutoTests" name="[53] /home/travis/build/icyphy/ptII/ptolemy/domains/sdf/test/auto/time4.xml (RunModel)" time="0.013" />
  <testcase classname="ptolemy.util.test.junit.AutoTests" name="[54] /home/travis/build/icyphy/ptII/ptolemy/domains/sdf/test/auto/time5.xml (RunModel)" time="4.009" />
  <testcase classname="ptolemy.util.test.junit.AutoTests" name="[55] /home/travis/build/icyphy/ptII/ptolemy/domains/sdf/test/auto/typeSystem_Const_Integer_smallest_Type.xml (RunModel)" time="0.025" />
  <testcase classname="ptolemy.util.test.junit.AutoTests" name="[56] /home/travis/build/icyphy/ptII/ptolemy/domains/sdf/test/auto/typeSystem_declared_Inports_OutportTypeException.xml (RunModel)" time="0.016" />
  <testcase classname="ptolemy.util.test.junit.AutoTests" name="[57] /home/travis/build/icyphy/ptII/ptolemy/domains/sdf/test/auto/typeSystem_oneDeclaredInportType_wrongTypeOutport.xml (RunModel)" time="0.015" />
  <testcase classname="ptolemy.util.test.junit.AutoTests" name="[58] /home/travis/build/icyphy/ptII/ptolemy/domains/sdf/test/auto/width.xml (RunModel)" time="0.009" />
  <testcase classname="ptolemy.util.test.junit.AutoTests" name="[59] /home/travis/build/icyphy/ptII/ptolemy/domains/sdf/test/auto/width2.xml (RunModel)" time="0.04" />
  <testcase classname="ptolemy.util.test.junit.AutoTests" name="[60] /home/travis/build/icyphy/ptII/ptolemy/domains/sdf/test/auto/width3.xml (RunModel)" time="0.043" />
  <system-out><![CDATA[/home/travis/build/icyphy/ptII/ptolemy/domains/sdf/test/SDFSchedulerErrors.tcl
testDefs.tcl: setting time out to 9000 seconds at Tue Jun 12 01:36:19 UTC 2018
15 ms. Memory: 116224K Free: 106826K (92%)
7 ms. Memory: 116224K Free: 99761K (86%)
7 ms. Memory: 116224K Free: 92768K (80%)
11 ms. Memory: 116224K Free: 89697K (77%)
/home/travis/build/icyphy/ptII/ptolemy/domains/sdf/test/composition.tcl
45 ms. Memory: 116224K Free: 86040K (74%)
6 ms. Memory: 116224K Free: 84221K (72%)
/home/travis/build/icyphy/ptII/ptolemy/domains/sdf/test/cycle.tcl
.Toplevel.Director Preinitializing ...
Invoking preinitialize():  .Toplevel.Actor1
Invoking preinitialize():  .Toplevel.Actor2
Invoking preinitialize():  .Toplevel.Delay
.Toplevel.Director Finished preinitialize().
### Schedule:
Execute Schedule{
Fire Actor ptolemy.domains.sdf.kernel.test.SDFTestDelay {.Toplevel.Actor1}
Fire Actor ptolemy.domains.sdf.kernel.test.SDFTestDelay {.Toplevel.Actor2}
Fire Actor ptolemy.domains.sdf.lib.SampleDelay {.Toplevel.Delay}
}
### End schedule
Called initialize().
Invoking initialize():  .Toplevel.Actor1
Initializing actor: .Toplevel.Actor1.
Invoking initialize():  .Toplevel.Actor2
Initializing actor: .Toplevel.Actor2.
Invoking initialize():  .Toplevel.Delay
Initializing actor: .Toplevel.Delay.
Director: Called prefire().
-- Setting current time to 0.0
Director prefire returns true.
The actor .Toplevel.Actor1 will be iterated.
The actor .Toplevel.Actor1 was iterated.
The actor .Toplevel.Actor2 will be iterated.
The actor .Toplevel.Actor2 was iterated.
The actor .Toplevel.Delay will be iterated.
The actor .Toplevel.Delay was iterated.
Director: Called postfire().
Postfire returns: true
Director: Called prefire().
-- Setting current time to 0.0
Director prefire returns true.
The actor .Toplevel.Actor1 will be iterated.
The actor .Toplevel.Actor1 was iterated.
The actor .Toplevel.Actor2 will be iterated.
The actor .Toplevel.Actor2 was iterated.
The actor .Toplevel.Delay will be iterated.
The actor .Toplevel.Delay was iterated.
Director: Called postfire().
Postfire returns: true
Director: Called prefire().
-- Setting current time to 0.0
Director prefire returns true.
The actor .Toplevel.Actor1 will be iterated.
The actor .Toplevel.Actor1 was iterated.
The actor .Toplevel.Actor2 will be iterated.
The actor .Toplevel.Actor2 was iterated.
The actor .Toplevel.Delay will be iterated.
The actor .Toplevel.Delay was iterated.
Director: Called postfire().
Postfire returns: true
Director: Called prefire().
-- Setting current time to 0.0
Director prefire returns true.
The actor .Toplevel.Actor1 will be iterated.
The actor .Toplevel.Actor1 was iterated.
The actor .Toplevel.Actor2 will be iterated.
The actor .Toplevel.Actor2 was iterated.
The actor .Toplevel.Delay will be iterated.
The actor .Toplevel.Delay was iterated.
Director: Called postfire().
Postfire returns: true
Director: Called prefire().
-- Setting current time to 0.0
Director prefire returns true.
The actor .Toplevel.Actor1 will be iterated.
The actor .Toplevel.Actor1 was iterated.
The actor .Toplevel.Actor2 will be iterated.
The actor .Toplevel.Actor2 was iterated.
The actor .Toplevel.Delay will be iterated.
The actor .Toplevel.Delay was iterated.
Director: Called postfire().
Postfire returns: true
Director: Called prefire().
-- Setting current time to 0.0
Director prefire returns true.
The actor .Toplevel.Actor1 will be iterated.
The actor .Toplevel.Actor1 was iterated.
The actor .Toplevel.Actor2 will be iterated.
The actor .Toplevel.Actor2 was iterated.
The actor .Toplevel.Delay will be iterated.
The actor .Toplevel.Delay was iterated.
Reached specified number of iterations: 6
Director: Called wrapup().
6 ms. Memory: 116224K Free: 81791K (70%)
06/12/18 01:36:20
Failed: 0  Total Tests: 8  ((Passed: 8, Newly Passed: 0)  Known Failed: 0) /home/travis/build/icyphy/ptII/ptolemy/domains/sdf/test
No auto/knownFailedTests/*.xml tests in /home/travis/build/icyphy/ptII/ptolemy/domains/sdf/test
No auto/linux-amd64/*.xml tests in /home/travis/build/icyphy/ptII/ptolemy/domains/sdf/test
AutoTests.java: About to close Vertx.
AutoTests.java: Vertx closed.

===========================================================================================
----------------- testing Tue Jun 12 01:36:20 UTC 2018 /home/travis/build/icyphy/ptII/ptolemy/domains/sdf/test/auto/Array.xml
----------------- Instantiating /home/travis/build/icyphy/ptII/ptolemy/domains/sdf/test/auto/Array.xml
27 ms. Memory: 146944K Free: 102414K (70%)
----------------- Invoking toplevel() on ptolemy.moml.MoMLSimpleApplication@2761928a
----------------- Done invoking toplevel() on ptolemy.moml.MoMLSimpleApplication@2761928a
reloadAllAccessors: .Array

===========================================================================================
----------------- testing Tue Jun 12 01:36:20 UTC 2018 /home/travis/build/icyphy/ptII/ptolemy/domains/sdf/test/auto/Butterfly.xml
----------------- Instantiating /home/travis/build/icyphy/ptII/ptolemy/domains/sdf/test/auto/Butterfly.xml
86 ms. Memory: 146944K Free: 96852K (66%)
----------------- Invoking toplevel() on ptolemy.moml.MoMLSimpleApplication@3ad580fc
----------------- Done invoking toplevel() on ptolemy.moml.MoMLSimpleApplication@3ad580fc
reloadAllAccessors: .Butterfly

===========================================================================================
----------------- testing Tue Jun 12 01:36:20 UTC 2018 /home/travis/build/icyphy/ptII/ptolemy/domains/sdf/test/auto/Expression.xml
----------------- Instantiating /home/travis/build/icyphy/ptII/ptolemy/domains/sdf/test/auto/Expression.xml
32 ms. Memory: 146944K Free: 91265K (62%)
----------------- Invoking toplevel() on ptolemy.moml.MoMLSimpleApplication@c164466
----------------- Done invoking toplevel() on ptolemy.moml.MoMLSimpleApplication@c164466
reloadAllAccessors: .Expression

===========================================================================================
----------------- testing Tue Jun 12 01:36:20 UTC 2018 /home/travis/build/icyphy/ptII/ptolemy/domains/sdf/test/auto/Eye.xml
----------------- Instantiating /home/travis/build/icyphy/ptII/ptolemy/domains/sdf/test/auto/Eye.xml
214 ms. Memory: 146944K Free: 121853K (83%)
----------------- Invoking toplevel() on ptolemy.moml.MoMLSimpleApplication@2170424e
----------------- Done invoking toplevel() on ptolemy.moml.MoMLSimpleApplication@2170424e
reloadAllAccessors: .Eye

===========================================================================================
----------------- testing Tue Jun 12 01:36:21 UTC 2018 /home/travis/build/icyphy/ptII/ptolemy/domains/sdf/test/auto/FixFIR.xml
----------------- Instantiating /home/travis/build/icyphy/ptII/ptolemy/domains/sdf/test/auto/FixFIR.xml
150 ms. Memory: 146944K Free: 85134K (58%)
----------------- Invoking toplevel() on ptolemy.moml.MoMLSimpleApplication@36c54ad4
----------------- Done invoking toplevel() on ptolemy.moml.MoMLSimpleApplication@36c54ad4
reloadAllAccessors: .FixFIR

===========================================================================================
----------------- testing Tue Jun 12 01:36:21 UTC 2018 /home/travis/build/icyphy/ptII/ptolemy/domains/sdf/test/auto/FixPoint.xml
----------------- Instantiating /home/travis/build/icyphy/ptII/ptolemy/domains/sdf/test/auto/FixPoint.xml
15 ms. Memory: 146944K Free: 80988K (55%)
----------------- Invoking toplevel() on ptolemy.moml.MoMLSimpleApplication@679bcb9
----------------- Done invoking toplevel() on ptolemy.moml.MoMLSimpleApplication@679bcb9
reloadAllAccessors: .FixPoint

===========================================================================================
----------------- testing Tue Jun 12 01:36:21 UTC 2018 /home/travis/build/icyphy/ptII/ptolemy/domains/sdf/test/auto/Gravitation.xml
----------------- Instantiating /home/travis/build/icyphy/ptII/ptolemy/domains/sdf/test/auto/Gravitation.xml
3171 ms. Memory: 208384K Free: 112635K (54%)
----------------- Invoking toplevel() on ptolemy.moml.MoMLSimpleApplication@431b0861
----------------- Done invoking toplevel() on ptolemy.moml.MoMLSimpleApplication@431b0861
reloadAllAccessors: .Gravitation

===========================================================================================
----------------- testing Tue Jun 12 01:36:24 UTC 2018 /home/travis/build/icyphy/ptII/ptolemy/domains/sdf/test/auto/GravitationWithCollisionDetection.xml
----------------- Instantiating /home/travis/build/icyphy/ptII/ptolemy/domains/sdf/test/auto/GravitationWithCollisionDetection.xml
5494 ms. Memory: 874496K Free: 378162K (43%)
----------------- Invoking toplevel() on ptolemy.moml.MoMLSimpleApplication@364f3fae
----------------- Done invoking toplevel() on ptolemy.moml.MoMLSimpleApplication@364f3fae
reloadAllAccessors: .GravitationWithCollisionDetection

===========================================================================================
----------------- testing Tue Jun 12 01:36:30 UTC 2018 /home/travis/build/icyphy/ptII/ptolemy/domains/sdf/test/auto/HDF.xml
----------------- Instantiating /home/travis/build/icyphy/ptII/ptolemy/domains/sdf/test/auto/HDF.xml
39 ms. Memory: 874496K Free: 345110K (39%)
----------------- Invoking toplevel() on ptolemy.moml.MoMLSimpleApplication@7cd9a7b6
----------------- Done invoking toplevel() on ptolemy.moml.MoMLSimpleApplication@7cd9a7b6
reloadAllAccessors: .HDF

===========================================================================================
----------------- testing Tue Jun 12 01:36:30 UTC 2018 /home/travis/build/icyphy/ptII/ptolemy/domains/sdf/test/auto/HDFwithTransientStates.xml
----------------- Instantiating /home/travis/build/icyphy/ptII/ptolemy/domains/sdf/test/auto/HDFwithTransientStates.xml
31 ms. Memory: 874496K Free: 321533K (37%)
----------------- Invoking toplevel() on ptolemy.moml.MoMLSimpleApplication@737847e
----------------- Done invoking toplevel() on ptolemy.moml.MoMLSimpleApplication@737847e
reloadAllAccessors: .HDFwithTransientStates

===========================================================================================
----------------- testing Tue Jun 12 01:36:30 UTC 2018 /home/travis/build/icyphy/ptII/ptolemy/domains/sdf/test/auto/HTVQ.xml
----------------- Instantiating /home/travis/build/icyphy/ptII/ptolemy/domains/sdf/test/auto/HTVQ.xml
773 ms. Memory: 874496K Free: 148613K (17%)
----------------- Invoking toplevel() on ptolemy.moml.MoMLSimpleApplication@52b3a852
----------------- Done invoking toplevel() on ptolemy.moml.MoMLSimpleApplication@52b3a852
reloadAllAccessors: .HTVQ

===========================================================================================
----------------- testing Tue Jun 12 01:36:31 UTC 2018 /home/travis/build/icyphy/ptII/ptolemy/domains/sdf/test/auto/InferInitProduction.xml
----------------- Instantiating /home/travis/build/icyphy/ptII/ptolemy/domains/sdf/test/auto/InferInitProduction.xml
5 ms. Memory: 874496K Free: 132894K (15%)
----------------- Invoking toplevel() on ptolemy.moml.MoMLSimpleApplication@55a4c92d
----------------- Done invoking toplevel() on ptolemy.moml.MoMLSimpleApplication@55a4c92d
reloadAllAccessors: .InferInitProduction

===========================================================================================
----------------- testing Tue Jun 12 01:36:31 UTC 2018 /home/travis/build/icyphy/ptII/ptolemy/domains/sdf/test/auto/InferInitProductionDeeper.xml
----------------- Instantiating /home/travis/build/icyphy/ptII/ptolemy/domains/sdf/test/auto/InferInitProductionDeeper.xml
7 ms. Memory: 874496K Free: 117176K (13%)
----------------- Invoking toplevel() on ptolemy.moml.MoMLSimpleApplication@4a2ff709
----------------- Done invoking toplevel() on ptolemy.moml.MoMLSimpleApplication@4a2ff709
reloadAllAccessors: .InferInitProductionDeeper

===========================================================================================
----------------- testing Tue Jun 12 01:36:31 UTC 2018 /home/travis/build/icyphy/ptII/ptolemy/domains/sdf/test/auto/LMSAdaptive.xml
----------------- Instantiating /home/travis/build/icyphy/ptII/ptolemy/domains/sdf/test/auto/LMSAdaptive.xml
11 ms. Memory: 874496K Free: 93598K (11%)
----------------- Invoking toplevel() on ptolemy.moml.MoMLSimpleApplication@36cffb1d
----------------- Done invoking toplevel() on ptolemy.moml.MoMLSimpleApplication@36cffb1d
reloadAllAccessors: .LMSAdaptive

===========================================================================================
----------------- testing Tue Jun 12 01:36:31 UTC 2018 /home/travis/build/icyphy/ptII/ptolemy/domains/sdf/test/auto/LogisticMap.xml
----------------- Instantiating /home/travis/build/icyphy/ptII/ptolemy/domains/sdf/test/auto/LogisticMap.xml
446 ms. Memory: 874496K Free: 77880K (9%)
----------------- Invoking toplevel() on ptolemy.moml.MoMLSimpleApplication@7f77b435
----------------- Done invoking toplevel() on ptolemy.moml.MoMLSimpleApplication@7f77b435
reloadAllAccessors: .LogisticMap

===========================================================================================
----------------- testing Tue Jun 12 01:36:32 UTC 2018 /home/travis/build/icyphy/ptII/ptolemy/domains/sdf/test/auto/MaximumEntropySpectrum.xml
----------------- Instantiating /home/travis/build/icyphy/ptII/ptolemy/domains/sdf/test/auto/MaximumEntropySpectrum.xml
66 ms. Memory: 875008K Free: 790713K (90%)
----------------- Invoking toplevel() on ptolemy.moml.MoMLSimpleApplication@75c6df90
----------------- Done invoking toplevel() on ptolemy.moml.MoMLSimpleApplication@75c6df90
reloadAllAccessors: .MaximumEntropySpectrum

===========================================================================================
----------------- testing Tue Jun 12 01:36:32 UTC 2018 /home/travis/build/icyphy/ptII/ptolemy/domains/sdf/test/auto/MultirateSDF.xml
----------------- Instantiating /home/travis/build/icyphy/ptII/ptolemy/domains/sdf/test/auto/MultirateSDF.xml
22 ms. Memory: 875008K Free: 763982K (87%)
----------------- Invoking toplevel() on ptolemy.moml.MoMLSimpleApplication@76caae7f
----------------- Done invoking toplevel() on ptolemy.moml.MoMLSimpleApplication@76caae7f
reloadAllAccessors: .MultirateSDF

===========================================================================================
----------------- testing Tue Jun 12 01:36:32 UTC 2018 /home/travis/build/icyphy/ptII/ptolemy/domains/sdf/test/auto/MultirateSDFwithTransientStates.xml
----------------- Instantiating /home/travis/build/icyphy/ptII/ptolemy/domains/sdf/test/auto/MultirateSDFwithTransientStates.xml
22 ms. Memory: 875008K Free: 740397K (85%)
----------------- Invoking toplevel() on ptolemy.moml.MoMLSimpleApplication@29119b88
----------------- Done invoking toplevel() on ptolemy.moml.MoMLSimpleApplication@29119b88
reloadAllAccessors: .MultirateSDFwithTransientStates

===========================================================================================
----------------- testing Tue Jun 12 01:36:32 UTC 2018 /home/travis/build/icyphy/ptII/ptolemy/domains/sdf/test/auto/NoisySinewave.xml
----------------- Instantiating /home/travis/build/icyphy/ptII/ptolemy/domains/sdf/test/auto/NoisySinewave.xml
9 ms. Memory: 875008K Free: 716811K (82%)
----------------- Invoking toplevel() on ptolemy.moml.MoMLSimpleApplication@1241a0f9
----------------- Done invoking toplevel() on ptolemy.moml.MoMLSimpleApplication@1241a0f9
reloadAllAccessors: .NoisySinewave

===========================================================================================
----------------- testing Tue Jun 12 01:36:32 UTC 2018 /home/travis/build/icyphy/ptII/ptolemy/domains/sdf/test/auto/Objects.xml
----------------- Instantiating /home/travis/build/icyphy/ptII/ptolemy/domains/sdf/test/auto/Objects.xml
2 ms. Memory: 875008K Free: 701093K (80%)
----------------- Invoking toplevel() on ptolemy.moml.MoMLSimpleApplication@1049c923
----------------- Done invoking toplevel() on ptolemy.moml.MoMLSimpleApplication@1049c923
reloadAllAccessors: .Objects

===========================================================================================
----------------- testing Tue Jun 12 01:36:32 UTC 2018 /home/travis/build/icyphy/ptII/ptolemy/domains/sdf/test/auto/OrthogonalCom.xml
----------------- Instantiating /home/travis/build/icyphy/ptII/ptolemy/domains/sdf/test/auto/OrthogonalCom.xml
5 ms. Memory: 875008K Free: 685374K (78%)
----------------- Invoking toplevel() on ptolemy.moml.MoMLSimpleApplication@604777da
----------------- Done invoking toplevel() on ptolemy.moml.MoMLSimpleApplication@604777da
reloadAllAccessors: .OrthogonalCom

===========================================================================================
----------------- testing Tue Jun 12 01:36:32 UTC 2018 /home/travis/build/icyphy/ptII/ptolemy/domains/sdf/test/auto/RijndaelEncryption.xml
----------------- Instantiating /home/travis/build/icyphy/ptII/ptolemy/domains/sdf/test/auto/RijndaelEncryption.xml
270 ms. Memory: 875008K Free: 520162K (59%)
----------------- Invoking toplevel() on ptolemy.moml.MoMLSimpleApplication@3e217afa
----------------- Done invoking toplevel() on ptolemy.moml.MoMLSimpleApplication@3e217afa
reloadAllAccessors: .RijndaelEncryption

===========================================================================================
----------------- testing Tue Jun 12 01:36:33 UTC 2018 /home/travis/build/icyphy/ptII/ptolemy/domains/sdf/test/auto/SDFEmptyIterations.xml
----------------- Instantiating /home/travis/build/icyphy/ptII/ptolemy/domains/sdf/test/auto/SDFEmptyIterations.xml
5 ms. Memory: 875008K Free: 504444K (58%)
----------------- Invoking toplevel() on ptolemy.moml.MoMLSimpleApplication@4d2be66f
----------------- Done invoking toplevel() on ptolemy.moml.MoMLSimpleApplication@4d2be66f
reloadAllAccessors: .SDFEmptyIterations

===========================================================================================
----------------- testing Tue Jun 12 01:36:33 UTC 2018 /home/travis/build/icyphy/ptII/ptolemy/domains/sdf/test/auto/Spectrum.xml
----------------- Instantiating /home/travis/build/icyphy/ptII/ptolemy/domains/sdf/test/auto/Spectrum.xml
36 ms. Memory: 875008K Free: 480850K (55%)
----------------- Invoking toplevel() on ptolemy.moml.MoMLSimpleApplication@462d6dd
----------------- Done invoking toplevel() on ptolemy.moml.MoMLSimpleApplication@462d6dd
reloadAllAccessors: .Spectrum

===========================================================================================
----------------- testing Tue Jun 12 01:36:33 UTC 2018 /home/travis/build/icyphy/ptII/ptolemy/domains/sdf/test/auto/de_inside_sdf.xml
----------------- Instantiating /home/travis/build/icyphy/ptII/ptolemy/domains/sdf/test/auto/de_inside_sdf.xml
9 ms. Memory: 875008K Free: 465131K (53%)
----------------- Invoking toplevel() on ptolemy.moml.MoMLSimpleApplication@1d8a9219
----------------- Done invoking toplevel() on ptolemy.moml.MoMLSimpleApplication@1d8a9219
reloadAllAccessors: .de_inside_sdf

===========================================================================================
----------------- testing Tue Jun 12 01:36:33 UTC 2018 /home/travis/build/icyphy/ptII/ptolemy/domains/sdf/test/auto/disconnectedHierarchicalSDF.xml
----------------- Instantiating /home/travis/build/icyphy/ptII/ptolemy/domains/sdf/test/auto/disconnectedHierarchicalSDF.xml
5 ms. Memory: 875008K Free: 446276K (51%)
----------------- Invoking toplevel() on ptolemy.moml.MoMLSimpleApplication@39d2ca68
----------------- Done invoking toplevel() on ptolemy.moml.MoMLSimpleApplication@39d2ca68
reloadAllAccessors: .disconnectedHierarchicalSDF

===========================================================================================
----------------- testing Tue Jun 12 01:36:33 UTC 2018 /home/travis/build/icyphy/ptII/ptolemy/domains/sdf/test/auto/disconnectedSDF.xml
----------------- Instantiating /home/travis/build/icyphy/ptII/ptolemy/domains/sdf/test/auto/disconnectedSDF.xml
3 ms. Memory: 875008K Free: 430557K (49%)
----------------- Invoking toplevel() on ptolemy.moml.MoMLSimpleApplication@4343e7f4
----------------- Done invoking toplevel() on ptolemy.moml.MoMLSimpleApplication@4343e7f4
reloadAllAccessors: .disconnectedSDF

===========================================================================================
----------------- testing Tue Jun 12 01:36:33 UTC 2018 /home/travis/build/icyphy/ptII/ptolemy/domains/sdf/test/auto/emptyRefinement.xml
----------------- Instantiating /home/travis/build/icyphy/ptII/ptolemy/domains/sdf/test/auto/emptyRefinement.xml
3 ms. Memory: 875008K Free: 414839K (47%)
----------------- Invoking toplevel() on ptolemy.moml.MoMLSimpleApplication@2e3c9541
----------------- Done invoking toplevel() on ptolemy.moml.MoMLSimpleApplication@2e3c9541
reloadAllAccessors: .emptyRefinement

===========================================================================================
----------------- testing Tue Jun 12 01:36:33 UTC 2018 /home/travis/build/icyphy/ptII/ptolemy/domains/sdf/test/auto/filePortParameter.xml
----------------- Instantiating /home/travis/build/icyphy/ptII/ptolemy/domains/sdf/test/auto/filePortParameter.xml
12 ms. Memory: 875008K Free: 399120K (46%)
----------------- Invoking toplevel() on ptolemy.moml.MoMLSimpleApplication@55c84c13
----------------- Done invoking toplevel() on ptolemy.moml.MoMLSimpleApplication@55c84c13
reloadAllAccessors: .filePortParameter

===========================================================================================
----------------- testing Tue Jun 12 01:36:33 UTC 2018 /home/travis/build/icyphy/ptII/ptolemy/domains/sdf/test/auto/inferRelationWidth1.xml
----------------- Instantiating /home/travis/build/icyphy/ptII/ptolemy/domains/sdf/test/auto/inferRelationWidth1.xml
3 ms. Memory: 875008K Free: 383402K (44%)
----------------- Invoking toplevel() on ptolemy.moml.MoMLSimpleApplication@291cc96e
----------------- Done invoking toplevel() on ptolemy.moml.MoMLSimpleApplication@291cc96e
reloadAllAccessors: .inferRelationWidth1

===========================================================================================
----------------- testing Tue Jun 12 01:36:33 UTC 2018 /home/travis/build/icyphy/ptII/ptolemy/domains/sdf/test/auto/initProductionInference.xml
----------------- Instantiating /home/travis/build/icyphy/ptII/ptolemy/domains/sdf/test/auto/initProductionInference.xml
8 ms. Memory: 875008K Free: 367684K (42%)
----------------- Invoking toplevel() on ptolemy.moml.MoMLSimpleApplication@225d7b5a
----------------- Done invoking toplevel() on ptolemy.moml.MoMLSimpleApplication@225d7b5a
reloadAllAccessors: .initProductionInference

===========================================================================================
----------------- testing Tue Jun 12 01:36:33 UTC 2018 /home/travis/build/icyphy/ptII/ptolemy/domains/sdf/test/auto/relationGroup.xml
----------------- Instantiating /home/travis/build/icyphy/ptII/ptolemy/domains/sdf/test/auto/relationGroup.xml
5 ms. Memory: 875008K Free: 351965K (40%)
----------------- Invoking toplevel() on ptolemy.moml.MoMLSimpleApplication@6c188de0
----------------- Done invoking toplevel() on ptolemy.moml.MoMLSimpleApplication@6c188de0
reloadAllAccessors: .relationGroup

===========================================================================================
----------------- testing Tue Jun 12 01:36:33 UTC 2018 /home/travis/build/icyphy/ptII/ptolemy/domains/sdf/test/auto/relationGroup10.xml
----------------- Instantiating /home/travis/build/icyphy/ptII/ptolemy/domains/sdf/test/auto/relationGroup10.xml
3 ms. Memory: 875008K Free: 336247K (38%)
----------------- Invoking toplevel() on ptolemy.moml.MoMLSimpleApplication@7d666d16
----------------- Done invoking toplevel() on ptolemy.moml.MoMLSimpleApplication@7d666d16
reloadAllAccessors: .relationGroup10

===========================================================================================
----------------- testing Tue Jun 12 01:36:33 UTC 2018 /home/travis/build/icyphy/ptII/ptolemy/domains/sdf/test/auto/relationGroup11.xml
----------------- Instantiating /home/travis/build/icyphy/ptII/ptolemy/domains/sdf/test/auto/relationGroup11.xml
3 ms. Memory: 875008K Free: 320528K (37%)
----------------- Invoking toplevel() on ptolemy.moml.MoMLSimpleApplication@6c4cd927
----------------- Done invoking toplevel() on ptolemy.moml.MoMLSimpleApplication@6c4cd927
reloadAllAccessors: .relationGroup11

===========================================================================================
----------------- testing Tue Jun 12 01:36:33 UTC 2018 /home/travis/build/icyphy/ptII/ptolemy/domains/sdf/test/auto/relationGroup12.xml
----------------- Instantiating /home/travis/build/icyphy/ptII/ptolemy/domains/sdf/test/auto/relationGroup12.xml
4 ms. Memory: 875008K Free: 301673K (34%)
----------------- Invoking toplevel() on ptolemy.moml.MoMLSimpleApplication@3160990b
----------------- Done invoking toplevel() on ptolemy.moml.MoMLSimpleApplication@3160990b
reloadAllAccessors: .relationGroup12

===========================================================================================
----------------- testing Tue Jun 12 01:36:33 UTC 2018 /home/travis/build/icyphy/ptII/ptolemy/domains/sdf/test/auto/relationGroup13.xml
----------------- Instantiating /home/travis/build/icyphy/ptII/ptolemy/domains/sdf/test/auto/relationGroup13.xml
10 ms. Memory: 875008K Free: 285954K (33%)
----------------- Invoking toplevel() on ptolemy.moml.MoMLSimpleApplication@42c26264
----------------- Done invoking toplevel() on ptolemy.moml.MoMLSimpleApplication@42c26264
reloadAllAccessors: .relationGroup13

===========================================================================================
----------------- testing Tue Jun 12 01:36:33 UTC 2018 /home/travis/build/icyphy/ptII/ptolemy/domains/sdf/test/auto/relationGroup14.xml
----------------- Instantiating /home/travis/build/icyphy/ptII/ptolemy/domains/sdf/test/auto/relationGroup14.xml
3 ms. Memory: 875008K Free: 270236K (31%)
----------------- Invoking toplevel() on ptolemy.moml.MoMLSimpleApplication@ded6897
----------------- Done invoking toplevel() on ptolemy.moml.MoMLSimpleApplication@ded6897
reloadAllAccessors: .relationGroup14

===========================================================================================
----------------- testing Tue Jun 12 01:36:33 UTC 2018 /home/travis/build/icyphy/ptII/ptolemy/domains/sdf/test/auto/relationGroup15.xml
----------------- Instantiating /home/travis/build/icyphy/ptII/ptolemy/domains/sdf/test/auto/relationGroup15.xml
6 ms. Memory: 875008K Free: 254518K (29%)
----------------- Invoking toplevel() on ptolemy.moml.MoMLSimpleApplication@3db226c
----------------- Done invoking toplevel() on ptolemy.moml.MoMLSimpleApplication@3db226c
reloadAllAccessors: .relationGroup15

===========================================================================================
----------------- testing Tue Jun 12 01:36:33 UTC 2018 /home/travis/build/icyphy/ptII/ptolemy/domains/sdf/test/auto/relationGroup2.xml
----------------- Instantiating /home/travis/build/icyphy/ptII/ptolemy/domains/sdf/test/auto/relationGroup2.xml
2 ms. Memory: 875008K Free: 238799K (27%)
----------------- Invoking toplevel() on ptolemy.moml.MoMLSimpleApplication@7212d88f
----------------- Done invoking toplevel() on ptolemy.moml.MoMLSimpleApplication@7212d88f
reloadAllAccessors: .relationGroup2

===========================================================================================
----------------- testing Tue Jun 12 01:36:33 UTC 2018 /home/travis/build/icyphy/ptII/ptolemy/domains/sdf/test/auto/relationGroup3.xml
----------------- Instantiating /home/travis/build/icyphy/ptII/ptolemy/domains/sdf/test/auto/relationGroup3.xml
5 ms. Memory: 875008K Free: 223081K (25%)
----------------- Invoking toplevel() on ptolemy.moml.MoMLSimpleApplication@5e26fc5
----------------- Done invoking toplevel() on ptolemy.moml.MoMLSimpleApplication@5e26fc5
reloadAllAccessors: .relationGroup3

===========================================================================================
----------------- testing Tue Jun 12 01:36:33 UTC 2018 /home/travis/build/icyphy/ptII/ptolemy/domains/sdf/test/auto/relationGroup4.xml
----------------- Instantiating /home/travis/build/icyphy/ptII/ptolemy/domains/sdf/test/auto/relationGroup4.xml
4 ms. Memory: 875008K Free: 207362K (24%)
----------------- Invoking toplevel() on ptolemy.moml.MoMLSimpleApplication@5c1c5384
----------------- Done invoking toplevel() on ptolemy.moml.MoMLSimpleApplication@5c1c5384
reloadAllAccessors: .relationGroup4

===========================================================================================
----------------- testing Tue Jun 12 01:36:33 UTC 2018 /home/travis/build/icyphy/ptII/ptolemy/domains/sdf/test/auto/relationGroup5.xml
----------------- Instantiating /home/travis/build/icyphy/ptII/ptolemy/domains/sdf/test/auto/relationGroup5.xml
5 ms. Memory: 875008K Free: 191644K (22%)
----------------- Invoking toplevel() on ptolemy.moml.MoMLSimpleApplication@608b7883
----------------- Done invoking toplevel() on ptolemy.moml.MoMLSimpleApplication@608b7883
reloadAllAccessors: .relationGroup5

===========================================================================================
----------------- testing Tue Jun 12 01:36:33 UTC 2018 /home/travis/build/icyphy/ptII/ptolemy/domains/sdf/test/auto/relationGroup6.xml
----------------- Instantiating /home/travis/build/icyphy/ptII/ptolemy/domains/sdf/test/auto/relationGroup6.xml
4 ms. Memory: 875008K Free: 175925K (20%)
----------------- Invoking toplevel() on ptolemy.moml.MoMLSimpleApplication@538b9f62
----------------- Done invoking toplevel() on ptolemy.moml.MoMLSimpleApplication@538b9f62
reloadAllAccessors: .relationGroup6

===========================================================================================
----------------- testing Tue Jun 12 01:36:33 UTC 2018 /home/travis/build/icyphy/ptII/ptolemy/domains/sdf/test/auto/relationGroup7.xml
----------------- Instantiating /home/travis/build/icyphy/ptII/ptolemy/domains/sdf/test/auto/relationGroup7.xml
2 ms. Memory: 875008K Free: 157070K (18%)
----------------- Invoking toplevel() on ptolemy.moml.MoMLSimpleApplication@24502ebe
----------------- Done invoking toplevel() on ptolemy.moml.MoMLSimpleApplication@24502ebe
reloadAllAccessors: .relationGroup7

===========================================================================================
----------------- testing Tue Jun 12 01:36:33 UTC 2018 /home/travis/build/icyphy/ptII/ptolemy/domains/sdf/test/auto/relationGroup8.xml
----------------- Instantiating /home/travis/build/icyphy/ptII/ptolemy/domains/sdf/test/auto/relationGroup8.xml
2 ms. Memory: 875008K Free: 141351K (16%)
----------------- Invoking toplevel() on ptolemy.moml.MoMLSimpleApplication@3e08e07c
----------------- Done invoking toplevel() on ptolemy.moml.MoMLSimpleApplication@3e08e07c
reloadAllAccessors: .relationGroup8

===========================================================================================
----------------- testing Tue Jun 12 01:36:33 UTC 2018 /home/travis/build/icyphy/ptII/ptolemy/domains/sdf/test/auto/relationGroup9.xml
----------------- Instantiating /home/travis/build/icyphy/ptII/ptolemy/domains/sdf/test/auto/relationGroup9.xml
2 ms. Memory: 875008K Free: 125633K (14%)
----------------- Invoking toplevel() on ptolemy.moml.MoMLSimpleApplication@75f66e48
----------------- Done invoking toplevel() on ptolemy.moml.MoMLSimpleApplication@75f66e48
reloadAllAccessors: .relationGroup9

===========================================================================================
----------------- testing Tue Jun 12 01:36:33 UTC 2018 /home/travis/build/icyphy/ptII/ptolemy/domains/sdf/test/auto/sdf_inside_de.xml
----------------- Instantiating /home/travis/build/icyphy/ptII/ptolemy/domains/sdf/test/auto/sdf_inside_de.xml
20 ms. Memory: 875008K Free: 109915K (13%)
----------------- Invoking toplevel() on ptolemy.moml.MoMLSimpleApplication@4dc032d3
----------------- Done invoking toplevel() on ptolemy.moml.MoMLSimpleApplication@4dc032d3
reloadAllAccessors: .sdf_inside_de

===========================================================================================
----------------- testing Tue Jun 12 01:36:33 UTC 2018 /home/travis/build/icyphy/ptII/ptolemy/domains/sdf/test/auto/sdf_inside_pn.xml
----------------- Instantiating /home/travis/build/icyphy/ptII/ptolemy/domains/sdf/test/auto/sdf_inside_pn.xml
55 ms. Memory: 832512K Free: 790924K (95%)
----------------- Invoking toplevel() on ptolemy.moml.MoMLSimpleApplication@a700c46
----------------- Done invoking toplevel() on ptolemy.moml.MoMLSimpleApplication@a700c46
reloadAllAccessors: .sdf_inside_pn

===========================================================================================
----------------- testing Tue Jun 12 01:36:33 UTC 2018 /home/travis/build/icyphy/ptII/ptolemy/domains/sdf/test/auto/sdf_sdf1.xml
----------------- Instantiating /home/travis/build/icyphy/ptII/ptolemy/domains/sdf/test/auto/sdf_sdf1.xml
3 ms. Memory: 832512K Free: 773916K (93%)
----------------- Invoking toplevel() on ptolemy.moml.MoMLSimpleApplication@7239ac64
----------------- Done invoking toplevel() on ptolemy.moml.MoMLSimpleApplication@7239ac64
reloadAllAccessors: .sdf_sdf1

===========================================================================================
----------------- testing Tue Jun 12 01:36:34 UTC 2018 /home/travis/build/icyphy/ptII/ptolemy/domains/sdf/test/auto/test1.xml
----------------- Instantiating /home/travis/build/icyphy/ptII/ptolemy/domains/sdf/test/auto/test1.xml
5 ms. Memory: 832512K Free: 762687K (92%)
----------------- Invoking toplevel() on ptolemy.moml.MoMLSimpleApplication@2cb29233
----------------- Done invoking toplevel() on ptolemy.moml.MoMLSimpleApplication@2cb29233
reloadAllAccessors: .test1

===========================================================================================
----------------- testing Tue Jun 12 01:36:34 UTC 2018 /home/travis/build/icyphy/ptII/ptolemy/domains/sdf/test/auto/time1.xml
----------------- Instantiating /home/travis/build/icyphy/ptII/ptolemy/domains/sdf/test/auto/time1.xml
1 ms. Memory: 832512K Free: 755201K (91%)
----------------- Invoking toplevel() on ptolemy.moml.MoMLSimpleApplication@6c0ce75b
----------------- Done invoking toplevel() on ptolemy.moml.MoMLSimpleApplication@6c0ce75b
reloadAllAccessors: .time1

===========================================================================================
----------------- testing Tue Jun 12 01:36:34 UTC 2018 /home/travis/build/icyphy/ptII/ptolemy/domains/sdf/test/auto/time2.xml
----------------- Instantiating /home/travis/build/icyphy/ptII/ptolemy/domains/sdf/test/auto/time2.xml
2 ms. Memory: 832512K Free: 747716K (90%)
----------------- Invoking toplevel() on ptolemy.moml.MoMLSimpleApplication@3c86505f
----------------- Done invoking toplevel() on ptolemy.moml.MoMLSimpleApplication@3c86505f
reloadAllAccessors: .time2

===========================================================================================
----------------- testing Tue Jun 12 01:36:34 UTC 2018 /home/travis/build/icyphy/ptII/ptolemy/domains/sdf/test/auto/time3.xml
----------------- Instantiating /home/travis/build/icyphy/ptII/ptolemy/domains/sdf/test/auto/time3.xml
3 ms. Memory: 832512K Free: 736488K (88%)
----------------- Invoking toplevel() on ptolemy.moml.MoMLSimpleApplication@a957ade
----------------- Done invoking toplevel() on ptolemy.moml.MoMLSimpleApplication@a957ade
reloadAllAccessors: .time3

===========================================================================================
----------------- testing Tue Jun 12 01:36:34 UTC 2018 /home/travis/build/icyphy/ptII/ptolemy/domains/sdf/test/auto/time4.xml
----------------- Instantiating /home/travis/build/icyphy/ptII/ptolemy/domains/sdf/test/auto/time4.xml
4 ms. Memory: 832512K Free: 723237K (87%)
----------------- Invoking toplevel() on ptolemy.moml.MoMLSimpleApplication@4cadbd87
----------------- Done invoking toplevel() on ptolemy.moml.MoMLSimpleApplication@4cadbd87
reloadAllAccessors: .time4

===========================================================================================
----------------- testing Tue Jun 12 01:36:34 UTC 2018 /home/travis/build/icyphy/ptII/ptolemy/domains/sdf/test/auto/time5.xml
----------------- Instantiating /home/travis/build/icyphy/ptII/ptolemy/domains/sdf/test/auto/time5.xml
4001 ms. Memory: 832512K Free: 715752K (86%)
----------------- Invoking toplevel() on ptolemy.moml.MoMLSimpleApplication@57d46772
----------------- Done invoking toplevel() on ptolemy.moml.MoMLSimpleApplication@57d46772
reloadAllAccessors: .time5

===========================================================================================
----------------- testing Tue Jun 12 01:36:38 UTC 2018 /home/travis/build/icyphy/ptII/ptolemy/domains/sdf/test/auto/typeSystem_Const_Integer_smallest_Type.xml
----------------- Instantiating /home/travis/build/icyphy/ptII/ptolemy/domains/sdf/test/auto/typeSystem_Const_Integer_smallest_Type.xml
5 ms. Memory: 832512K Free: 704508K (85%)
----------------- Invoking toplevel() on ptolemy.moml.MoMLSimpleApplication@4f3900c7
----------------- Done invoking toplevel() on ptolemy.moml.MoMLSimpleApplication@4f3900c7
reloadAllAccessors: .typeSystem_Const_Integer_smallest_Type

===========================================================================================
----------------- testing Tue Jun 12 01:36:38 UTC 2018 /home/travis/build/icyphy/ptII/ptolemy/domains/sdf/test/auto/typeSystem_declared_Inports_OutportTypeException.xml
----------------- Instantiating /home/travis/build/icyphy/ptII/ptolemy/domains/sdf/test/auto/typeSystem_declared_Inports_OutportTypeException.xml
.typeSystem_declared_Inports_OutportTypeException.TestExceptionAttribute: initialize() was not invoked, but wrapup() was.  This is unusual, but not always a problem.  For example, exporting JNLP will do this.
3 ms. Memory: 832512K Free: 693280K (83%)
----------------- Invoking toplevel() on ptolemy.moml.MoMLSimpleApplication@5770dd33
----------------- Done invoking toplevel() on ptolemy.moml.MoMLSimpleApplication@5770dd33
reloadAllAccessors: .typeSystem_declared_Inports_OutportTypeException

===========================================================================================
----------------- testing Tue Jun 12 01:36:38 UTC 2018 /home/travis/build/icyphy/ptII/ptolemy/domains/sdf/test/auto/typeSystem_oneDeclaredInportType_wrongTypeOutport.xml
----------------- Instantiating /home/travis/build/icyphy/ptII/ptolemy/domains/sdf/test/auto/typeSystem_oneDeclaredInportType_wrongTypeOutport.xml
3 ms. Memory: 832512K Free: 685794K (82%)
----------------- Invoking toplevel() on ptolemy.moml.MoMLSimpleApplication@4283232
----------------- Done invoking toplevel() on ptolemy.moml.MoMLSimpleApplication@4283232
reloadAllAccessors: .typeSystem_oneDeclaredInportType_wrongTypeOutport

===========================================================================================
----------------- testing Tue Jun 12 01:36:38 UTC 2018 /home/travis/build/icyphy/ptII/ptolemy/domains/sdf/test/auto/width.xml
----------------- Instantiating /home/travis/build/icyphy/ptII/ptolemy/domains/sdf/test/auto/width.xml
1 ms. Memory: 832512K Free: 676287K (81%)
----------------- Invoking toplevel() on ptolemy.moml.MoMLSimpleApplication@2629e670
----------------- Done invoking toplevel() on ptolemy.moml.MoMLSimpleApplication@2629e670
reloadAllAccessors: .width

===========================================================================================
----------------- testing Tue Jun 12 01:36:38 UTC 2018 /home/travis/build/icyphy/ptII/ptolemy/domains/sdf/test/auto/width2.xml
----------------- Instantiating /home/travis/build/icyphy/ptII/ptolemy/domains/sdf/test/auto/width2.xml
32 ms. Memory: 832512K Free: 668801K (80%)
----------------- Invoking toplevel() on ptolemy.moml.MoMLSimpleApplication@d6b3537
----------------- Done invoking toplevel() on ptolemy.moml.MoMLSimpleApplication@d6b3537
reloadAllAccessors: .width2

===========================================================================================
----------------- testing Tue Jun 12 01:36:38 UTC 2018 /home/travis/build/icyphy/ptII/ptolemy/domains/sdf/test/auto/width3.xml
----------------- Instantiating /home/travis/build/icyphy/ptII/ptolemy/domains/sdf/test/auto/width3.xml
33 ms. Memory: 832512K Free: 661316K (79%)
----------------- Invoking toplevel() on ptolemy.moml.MoMLSimpleApplication@76159abc
----------------- Done invoking toplevel() on ptolemy.moml.MoMLSimpleApplication@76159abc
reloadAllAccessors: .width3
AutoTests.java: About to close Vertx.
AutoTests.java: Vertx closed.
]]></system-out>
  <system-err><![CDATA[java.lang.RuntimeException: Execution failed
	at ptolemy.moml.MoMLSimpleApplication$UnloadThread.run(MoMLSimpleApplication.java:402)
Caused by: ptolemy.actor.sched.NotSchedulableException: No solution exists for the balance equations.
Graph is not consistent under the SDF domain detected on external port .rateConsistency.actor.port2
  in .rateConsistency.SDF Director.Scheduler
	at ptolemy.domains.sdf.kernel.SDFScheduler._propagatePort(SDFScheduler.java:1425)
	at ptolemy.domains.sdf.kernel.SDFScheduler._solveBalanceEquations(SDFScheduler.java:710)
	at ptolemy.domains.sdf.kernel.SDFScheduler._getSchedule(SDFScheduler.java:566)
	at ptolemy.actor.sched.Scheduler.getSchedule(Scheduler.java:189)
	at ptolemy.domains.sdf.kernel.SDFDirector.createSchedule(SDFDirector.java:408)
	at ptolemy.domains.sdf.kernel.SDFDirector.preinitialize(SDFDirector.java:764)
	at ptolemy.actor.CompositeActor.preinitialize(CompositeActor.java:1828)
	at ptolemy.actor.Manager.preinitializeAndResolveTypes(Manager.java:1040)
	at ptolemy.actor.Manager.initialize(Manager.java:710)
	at ptolemy.actor.Manager.execute(Manager.java:356)
	at ptolemy.actor.Manager.run(Manager.java:1263)
	at ptolemy.actor.Manager$PtolemyRunThread.run(Manager.java:1915)
java.lang.RuntimeException: Execution failed
	at ptolemy.moml.MoMLSimpleApplication$UnloadThread.run(MoMLSimpleApplication.java:402)
Caused by: ptolemy.kernel.util.IllegalActionException: Failed to compute schedule:
  in .badRateChanges.typed composite actor.SDF Director
Because:
The SDF rate parameter may change. This is not allowed in SDF models that will be run through the code generator.  If you don't care about code generation, then you might consider setting the allowRateChanges parameter of the SDF director to false.
  in .badRateChanges.typed composite actor.Repeat.output.tokenProductionRate
	at ptolemy.domains.sdf.kernel.SDFDirector.createSchedule(SDFDirector.java:418)
	at ptolemy.domains.sdf.kernel.SDFDirector.preinitialize(SDFDirector.java:764)
	at ptolemy.actor.CompositeActor.preinitialize(CompositeActor.java:1828)
	at ptolemy.actor.Director.preinitialize(Director.java:1302)
	at ptolemy.actor.Director.preinitialize(Director.java:1257)
	at ptolemy.domains.sdf.kernel.SDFDirector.preinitialize(SDFDirector.java:763)
	at ptolemy.actor.CompositeActor.preinitialize(CompositeActor.java:1828)
	at ptolemy.actor.Manager.preinitializeAndResolveTypes(Manager.java:1040)
	at ptolemy.actor.Manager.initialize(Manager.java:710)
	at ptolemy.actor.Manager.execute(Manager.java:356)
	at ptolemy.actor.Manager.run(Manager.java:1263)
	at ptolemy.actor.Manager$PtolemyRunThread.run(Manager.java:1915)
Caused by: ptolemy.kernel.util.IllegalActionException: The SDF rate parameter may change. This is not allowed in SDF models that will be run through the code generator.  If you don't care about code generation, then you might consider setting the allowRateChanges parameter of the SDF director to false.
  in .badRateChanges.typed composite actor.Repeat.output.tokenProductionRate
	at ptolemy.domains.sdf.kernel.SDFScheduler._assertDynamicRateVariable(SDFScheduler.java:931)
	at ptolemy.domains.sdf.kernel.SDFScheduler._checkDynamicRateVariables(SDFScheduler.java:339)
	at ptolemy.domains.sdf.kernel.SDFScheduler._getSchedule(SDFScheduler.java:527)
	at ptolemy.actor.sched.Scheduler.getSchedule(Scheduler.java:189)
	at ptolemy.domains.sdf.kernel.SDFDirector.createSchedule(SDFDirector.java:408)
	... 11 more
java.lang.RuntimeException: Execution failed
	at ptolemy.moml.MoMLSimpleApplication$UnloadThread.run(MoMLSimpleApplication.java:402)
Caused by: ptolemy.kernel.util.IllegalActionException: Failed to compute schedule:
  in .badRateChanges2.typed composite actor.SDF Director
Because:
The SDF rate parameter may change. This is not allowed in SDF models that will be run through the code generator.  If you don't care about code generation, then you might consider setting the allowRateChanges parameter of the SDF director to false.
  in .badRateChanges2.typed composite actor.Repeat.output.tokenProductionRate
	at ptolemy.domains.sdf.kernel.SDFDirector.createSchedule(SDFDirector.java:418)
	at ptolemy.domains.sdf.kernel.SDFDirector.preinitialize(SDFDirector.java:764)
	at ptolemy.actor.CompositeActor.preinitialize(CompositeActor.java:1828)
	at ptolemy.actor.Director.preinitialize(Director.java:1302)
	at ptolemy.actor.Director.preinitialize(Director.java:1257)
	at ptolemy.domains.sdf.kernel.SDFDirector.preinitialize(SDFDirector.java:763)
	at ptolemy.actor.CompositeActor.preinitialize(CompositeActor.java:1828)
	at ptolemy.actor.Manager.preinitializeAndResolveTypes(Manager.java:1040)
	at ptolemy.actor.Manager.initialize(Manager.java:710)
	at ptolemy.actor.Manager.execute(Manager.java:356)
	at ptolemy.actor.Manager.run(Manager.java:1263)
	at ptolemy.actor.Manager$PtolemyRunThread.run(Manager.java:1915)
Caused by: ptolemy.kernel.util.IllegalActionException: The SDF rate parameter may change. This is not allowed in SDF models that will be run through the code generator.  If you don't care about code generation, then you might consider setting the allowRateChanges parameter of the SDF director to false.
  in .badRateChanges2.typed composite actor.Repeat.output.tokenProductionRate
	at ptolemy.domains.sdf.kernel.SDFScheduler._assertDynamicRateVariable(SDFScheduler.java:931)
	at ptolemy.domains.sdf.kernel.SDFScheduler._checkDynamicRateVariables(SDFScheduler.java:339)
	at ptolemy.domains.sdf.kernel.SDFScheduler._getSchedule(SDFScheduler.java:527)
	at ptolemy.actor.sched.Scheduler.getSchedule(Scheduler.java:189)
	at ptolemy.domains.sdf.kernel.SDFDirector.createSchedule(SDFDirector.java:408)
	... 11 more
java.lang.RuntimeException: Execution failed
	at ptolemy.moml.MoMLSimpleApplication$UnloadThread.run(MoMLSimpleApplication.java:402)
Caused by: ptolemy.actor.sched.NotSchedulableException: Actors remain that cannot be scheduled!

There are several possible reasons:
* SDF Graphs with feedback loops should have an actor with a delay in the loop, such as a SampleDelay.
* The SDF director has an "allowDisconnectedGraphs"parameter, which, when true, permits disconnected SDF graphs.
* The token consumption rate and production rates might be mismatched.
Usually, actors produce one token or consume one token on a port.  To produce or consume multiple tokens per firing, add a "tokenConsumptionRate" or "tokenProductionRate" parameter to the appropriate port.
Unscheduled actors:
.partiallyConnected.Const2 
Scheduled actors:
.partiallyConnected.Const 
  in .partiallyConnected.SDF Director.Scheduler
	at ptolemy.domains.sdf.kernel.SDFScheduler._scheduleConnectedActors(SDFScheduler.java:1828)
	at ptolemy.domains.sdf.kernel.SDFScheduler._getSchedule(SDFScheduler.java:587)
	at ptolemy.actor.sched.Scheduler.getSchedule(Scheduler.java:189)
	at ptolemy.domains.sdf.kernel.SDFDirector.createSchedule(SDFDirector.java:408)
	at ptolemy.domains.sdf.kernel.SDFDirector.preinitialize(SDFDirector.java:764)
	at ptolemy.actor.CompositeActor.preinitialize(CompositeActor.java:1828)
	at ptolemy.actor.Manager.preinitializeAndResolveTypes(Manager.java:1040)
	at ptolemy.actor.Manager.initialize(Manager.java:710)
	at ptolemy.actor.Manager.execute(Manager.java:356)
	at ptolemy.actor.Manager.run(Manager.java:1263)
	at ptolemy.actor.Manager$PtolemyRunThread.run(Manager.java:1915)
]]></system-err>
</testsuite>
