<?xml version="1.0" encoding="UTF-8" ?>
<testsuite errors="0" failures="0" hostname="travis-job-3fd7d4c9-81e3-41c3-8a38-81cb77e81769" name="ptolemy.domains.de.test.junit.JUnitTclTest" skipped="0" tests="101" time="126.756" timestamp="2019-03-14T14:27:15">
  <properties>
[...]
</properties>
  <testcase classname="ptolemy.util.test.junit.TclTests" name="[0] /home/travis/build/icyphy/ptII/ptolemy/domains/de/test/DependencyLoop.tcl (RunTclFile)" time="0.686" />
  <testcase classname="ptolemy.util.test.junit.TclTests" name="[1] /home/travis/build/icyphy/ptII/ptolemy/domains/de/test/RunDETestsAsQSS.tcl (RunTclFile)" time="87.598" />
  <testcase classname="ptolemy.util.test.junit.AutoKnownFailedTests" name="[0] /home/travis/build/icyphy/ptII/ptolemy/domains/de/test/auto/knownFailedTests/DESDFClockTest.xml (RunModel)" time="2.028" />
  <testcase classname="ptolemy.util.test.junit.AutoKnownFailedTests" name="[1] /home/travis/build/icyphy/ptII/ptolemy/domains/de/test/auto/knownFailedTests/DirectFeedback.xml (RunModel)" time="0.015" />
  <testcase classname="ptolemy.util.test.junit.AutoKnownFailedTests" name="[2] /home/travis/build/icyphy/ptII/ptolemy/domains/de/test/auto/knownFailedTests/FSMSource.xml (RunModel)" time="0.021" />
  <testcase classname="ptolemy.util.test.junit.AutoKnownFailedTests" name="[3] /home/travis/build/icyphy/ptII/ptolemy/domains/de/test/auto/knownFailedTests/HierarchicalModel.xml (RunModel)" time="0.029" />
  <testcase classname="ptolemy.util.test.junit.AutoKnownFailedTests" name="[4] /home/travis/build/icyphy/ptII/ptolemy/domains/de/test/auto/knownFailedTests/dependencyLoop.xml (RunModel)" time="0.026" />
  <testcase classname="ptolemy.util.test.junit.AutoKnownFailedTests" name="[5] /home/travis/build/icyphy/ptII/ptolemy/domains/de/test/auto/knownFailedTests/dependencyLoop2.xml (RunModel)" time="0.033" />
  <testcase classname="ptolemy.util.test.junit.AutoNameArchTests" name="[0] ThereAreNoAutoArchTests (RunModel)" time="0.005" />
  <testcase classname="ptolemy.util.test.junit.AutoTests" name="[0] /home/travis/build/icyphy/ptII/ptolemy/domains/de/test/auto/ActorDepthCalculation_actorWithoutPorts.xml (RunModel)" time="0.021" />
  <testcase classname="ptolemy.util.test.junit.AutoTests" name="[1] /home/travis/build/icyphy/ptII/ptolemy/domains/de/test/auto/AssemblyLine.xml (RunModel)" time="0.021" />
  <testcase classname="ptolemy.util.test.junit.AutoTests" name="[2] /home/travis/build/icyphy/ptII/ptolemy/domains/de/test/auto/CQBug1.xml (RunModel)" time="0.013" />
  <testcase classname="ptolemy.util.test.junit.AutoTests" name="[3] /home/travis/build/icyphy/ptII/ptolemy/domains/de/test/auto/CancelFireAt.xml (RunModel)" time="0.009" />
  <testcase classname="ptolemy.util.test.junit.AutoTests" name="[4] /home/travis/build/icyphy/ptII/ptolemy/domains/de/test/auto/CausalityAndComposabilityAnalysis.xml (RunModel)" time="0.014" />
  <testcase classname="ptolemy.util.test.junit.AutoTests" name="[5] /home/travis/build/icyphy/ptII/ptolemy/domains/de/test/auto/CausalityInterface1.xml (RunModel)" time="0.014" />
  <testcase classname="ptolemy.util.test.junit.AutoTests" name="[6] /home/travis/build/icyphy/ptII/ptolemy/domains/de/test/auto/CausalityInterface15.xml (RunModel)" time="0.008" />
  <testcase classname="ptolemy.util.test.junit.AutoTests" name="[7] /home/travis/build/icyphy/ptII/ptolemy/domains/de/test/auto/CausalityInterface2.xml (RunModel)" time="0.007" />
  <testcase classname="ptolemy.util.test.junit.AutoTests" name="[8] /home/travis/build/icyphy/ptII/ptolemy/domains/de/test/auto/CausalityInterface3.xml (RunModel)" time="0.008" />
  <testcase classname="ptolemy.util.test.junit.AutoTests" name="[9] /home/travis/build/icyphy/ptII/ptolemy/domains/de/test/auto/ClockDrift.xml (RunModel)" time="0.022" />
  <testcase classname="ptolemy.util.test.junit.AutoTests" name="[10] /home/travis/build/icyphy/ptII/ptolemy/domains/de/test/auto/ClockDriftAndValueChange.xml (RunModel)" time="0.02" />
  <testcase classname="ptolemy.util.test.junit.AutoTests" name="[11] /home/travis/build/icyphy/ptII/ptolemy/domains/de/test/auto/ClockDriftChange.xml (RunModel)" time="0.017" />
  <testcase classname="ptolemy.util.test.junit.AutoTests" name="[12] /home/travis/build/icyphy/ptII/ptolemy/domains/de/test/auto/ComposableCausalityAnalysis.xml (RunModel)" time="0.013" />
  <testcase classname="ptolemy.util.test.junit.AutoTests" name="[13] /home/travis/build/icyphy/ptII/ptolemy/domains/de/test/auto/DEFixedPointLimitation.xml (RunModel)" time="0.008" />
  <testcase classname="ptolemy.util.test.junit.AutoTests" name="[14] /home/travis/build/icyphy/ptII/ptolemy/domains/de/test/auto/DEScheduleTest.xml (RunModel)" time="0.007" />
  <testcase classname="ptolemy.util.test.junit.AutoTests" name="[15] /home/travis/build/icyphy/ptII/ptolemy/domains/de/test/auto/DEinDEwithStartTimes.xml (RunModel)" time="0.009" />
  <testcase classname="ptolemy.util.test.junit.AutoTests" name="[16] /home/travis/build/icyphy/ptII/ptolemy/domains/de/test/auto/DEinDEwithStartTimes2.xml (RunModel)" time="0.009" />
  <testcase classname="ptolemy.util.test.junit.AutoTests" name="[17] /home/travis/build/icyphy/ptII/ptolemy/domains/de/test/auto/DateDemo.xml (RunModel)" time="0.017" />
  <testcase classname="ptolemy.util.test.junit.AutoTests" name="[18] /home/travis/build/icyphy/ptII/ptolemy/domains/de/test/auto/DateToEvent.xml (RunModel)" time="2.026" />
  <testcase classname="ptolemy.util.test.junit.AutoTests" name="[19] /home/travis/build/icyphy/ptII/ptolemy/domains/de/test/auto/DepthTest1.xml (RunModel)" time="0.007" />
  <testcase classname="ptolemy.util.test.junit.AutoTests" name="[20] /home/travis/build/icyphy/ptII/ptolemy/domains/de/test/auto/DepthTest2.xml (RunModel)" time="0.016" />
  <testcase classname="ptolemy.util.test.junit.AutoTests" name="[21] /home/travis/build/icyphy/ptII/ptolemy/domains/de/test/auto/DepthTest3.xml (RunModel)" time="0.005" />
  <testcase classname="ptolemy.util.test.junit.AutoTests" name="[22] /home/travis/build/icyphy/ptII/ptolemy/domains/de/test/auto/DepthTest4.xml (RunModel)" time="0.008" />
  <testcase classname="ptolemy.util.test.junit.AutoTests" name="[23] /home/travis/build/icyphy/ptII/ptolemy/domains/de/test/auto/DepthTest5.xml (RunModel)" time="0.008" />
  <testcase classname="ptolemy.util.test.junit.AutoTests" name="[24] /home/travis/build/icyphy/ptII/ptolemy/domains/de/test/auto/DepthTest6.xml (RunModel)" time="0.008" />
  <testcase classname="ptolemy.util.test.junit.AutoTests" name="[25] /home/travis/build/icyphy/ptII/ptolemy/domains/de/test/auto/DepthTest7.xml (RunModel)" time="0.007" />
  <testcase classname="ptolemy.util.test.junit.AutoTests" name="[26] /home/travis/build/icyphy/ptII/ptolemy/domains/de/test/auto/EventToDate.xml (RunModel)" time="3.022" />
  <testcase classname="ptolemy.util.test.junit.AutoTests" name="[27] /home/travis/build/icyphy/ptII/ptolemy/domains/de/test/auto/FSM1.xml (RunModel)" time="0.02" />
  <testcase classname="ptolemy.util.test.junit.AutoTests" name="[28] /home/travis/build/icyphy/ptII/ptolemy/domains/de/test/auto/FSM7.xml (RunModel)" time="0.029" />
  <testcase classname="ptolemy.util.test.junit.AutoTests" name="[29] /home/travis/build/icyphy/ptII/ptolemy/domains/de/test/auto/Inspection.xml (RunModel)" time="0.028" />
  <testcase classname="ptolemy.util.test.junit.AutoTests" name="[30] /home/travis/build/icyphy/ptII/ptolemy/domains/de/test/auto/Iteration.xml (RunModel)" time="0.016" />
  <testcase classname="ptolemy.util.test.junit.AutoTests" name="[31] /home/travis/build/icyphy/ptII/ptolemy/domains/de/test/auto/LineFault.xml (RunModel)" time="0.398" />
  <testcase classname="ptolemy.util.test.junit.AutoTests" name="[32] /home/travis/build/icyphy/ptII/ptolemy/domains/de/test/auto/MergeModel1Add.xml (RunModel)" time="0.048" />
  <testcase classname="ptolemy.util.test.junit.AutoTests" name="[33] /home/travis/build/icyphy/ptII/ptolemy/domains/de/test/auto/MergeModel2Add.xml (RunModel)" time="0.047" />
  <testcase classname="ptolemy.util.test.junit.AutoTests" name="[34] /home/travis/build/icyphy/ptII/ptolemy/domains/de/test/auto/MergeModel3Add.xml (RunModel)" time="0.048" />
  <testcase classname="ptolemy.util.test.junit.AutoTests" name="[35] /home/travis/build/icyphy/ptII/ptolemy/domains/de/test/auto/MergeWithoutDiscard.xml (RunModel)" time="0.011" />
  <testcase classname="ptolemy.util.test.junit.AutoTests" name="[36] /home/travis/build/icyphy/ptII/ptolemy/domains/de/test/auto/Modal1.xml (RunModel)" time="0.036" />
  <testcase classname="ptolemy.util.test.junit.AutoTests" name="[37] /home/travis/build/icyphy/ptII/ptolemy/domains/de/test/auto/Modal2.xml (RunModel)" time="0.038" />
  <testcase classname="ptolemy.util.test.junit.AutoTests" name="[38] /home/travis/build/icyphy/ptII/ptolemy/domains/de/test/auto/Modal3.xml (RunModel)" time="0.032" />
  <testcase classname="ptolemy.util.test.junit.AutoTests" name="[39] /home/travis/build/icyphy/ptII/ptolemy/domains/de/test/auto/Modal4.xml (RunModel)" time="0.037" />
  <testcase classname="ptolemy.util.test.junit.AutoTests" name="[40] /home/travis/build/icyphy/ptII/ptolemy/domains/de/test/auto/Modal5.xml (RunModel)" time="0.03" />
  <testcase classname="ptolemy.util.test.junit.AutoTests" name="[41] /home/travis/build/icyphy/ptII/ptolemy/domains/de/test/auto/Modal6.xml (RunModel)" time="0.033" />
  <testcase classname="ptolemy.util.test.junit.AutoTests" name="[42] /home/travis/build/icyphy/ptII/ptolemy/domains/de/test/auto/Modal7.xml (RunModel)" time="0.034" />
  <testcase classname="ptolemy.util.test.junit.AutoTests" name="[43] /home/travis/build/icyphy/ptII/ptolemy/domains/de/test/auto/ModalModel.xml (RunModel)" time="0.165" />
  <testcase classname="ptolemy.util.test.junit.AutoTests" name="[44] /home/travis/build/icyphy/ptII/ptolemy/domains/de/test/auto/ModalSource.xml (RunModel)" time="0.02" />
  <testcase classname="ptolemy.util.test.junit.AutoTests" name="[45] /home/travis/build/icyphy/ptII/ptolemy/domains/de/test/auto/NonInterruptibleTimerZeroDelay.xml (RunModel)" time="0.012" />
  <testcase classname="ptolemy.util.test.junit.AutoTests" name="[46] /home/travis/build/icyphy/ptII/ptolemy/domains/de/test/auto/OpenQueueingNetwork.xml (RunModel)" time="1.964" />
  <testcase classname="ptolemy.util.test.junit.AutoTests" name="[47] /home/travis/build/icyphy/ptII/ptolemy/domains/de/test/auto/OpenQueuingNetwork.xml (RunModel)" time="0.261" />
  <testcase classname="ptolemy.util.test.junit.AutoTests" name="[48] /home/travis/build/icyphy/ptII/ptolemy/domains/de/test/auto/PeriodicSampler.xml (RunModel)" time="0.009" />
  <testcase classname="ptolemy.util.test.junit.AutoTests" name="[49] /home/travis/build/icyphy/ptII/ptolemy/domains/de/test/auto/PersistentIO.xml (RunModel)" time="0.018" />
  <testcase classname="ptolemy.util.test.junit.AutoTests" name="[50] /home/travis/build/icyphy/ptII/ptolemy/domains/de/test/auto/PortParameterResetOnInitialize.xml (RunModel)" time="0.007" />
  <testcase classname="ptolemy.util.test.junit.AutoTests" name="[51] /home/travis/build/icyphy/ptII/ptolemy/domains/de/test/auto/PortParameterUpdates.xml (RunModel)" time="0.011" />
  <testcase classname="ptolemy.util.test.junit.AutoTests" name="[52] /home/travis/build/icyphy/ptII/ptolemy/domains/de/test/auto/QueueAndServer.xml (RunModel)" time="0.016" />
  <testcase classname="ptolemy.util.test.junit.AutoTests" name="[53] /home/travis/build/icyphy/ptII/ptolemy/domains/de/test/auto/Records.xml (RunModel)" time="0.012" />
  <testcase classname="ptolemy.util.test.junit.AutoTests" name="[54] /home/travis/build/icyphy/ptII/ptolemy/domains/de/test/auto/ResetTransitionWithStartTime1.xml (RunModel)" time="0.018" />
  <testcase classname="ptolemy.util.test.junit.AutoTests" name="[55] /home/travis/build/icyphy/ptII/ptolemy/domains/de/test/auto/ResetTransitionWithStartTime2.xml (RunModel)" time="0.016" />
  <testcase classname="ptolemy.util.test.junit.AutoTests" name="[56] /home/travis/build/icyphy/ptII/ptolemy/domains/de/test/auto/ResetTransitionWithStartTime3.xml (RunModel)" time="0.017" />
  <testcase classname="ptolemy.util.test.junit.AutoTests" name="[57] /home/travis/build/icyphy/ptII/ptolemy/domains/de/test/auto/ResetTransitionWithStartTime4.xml (RunModel)" time="0.016" />
  <testcase classname="ptolemy.util.test.junit.AutoTests" name="[58] /home/travis/build/icyphy/ptII/ptolemy/domains/de/test/auto/ResettableTimer1.xml (RunModel)" time="0.009" />
  <testcase classname="ptolemy.util.test.junit.AutoTests" name="[59] /home/travis/build/icyphy/ptII/ptolemy/domains/de/test/auto/ResettableTimer2.xml (RunModel)" time="0.008" />
  <testcase classname="ptolemy.util.test.junit.AutoTests" name="[60] /home/travis/build/icyphy/ptII/ptolemy/domains/de/test/auto/ResettableTimer3.xml (RunModel)" time="0.007" />
  <testcase classname="ptolemy.util.test.junit.AutoTests" name="[61] /home/travis/build/icyphy/ptII/ptolemy/domains/de/test/auto/ResettableTimer4.xml (RunModel)" time="0.007" />
  <testcase classname="ptolemy.util.test.junit.AutoTests" name="[62] /home/travis/build/icyphy/ptII/ptolemy/domains/de/test/auto/ResettableTimer5.xml (RunModel)" time="0.009" />
  <testcase classname="ptolemy.util.test.junit.AutoTests" name="[63] /home/travis/build/icyphy/ptII/ptolemy/domains/de/test/auto/ResettableTimer6.xml (RunModel)" time="0.008" />
  <testcase classname="ptolemy.util.test.junit.AutoTests" name="[64] /home/travis/build/icyphy/ptII/ptolemy/domains/de/test/auto/ServerZeroDelay.xml (RunModel)" time="0.008" />
  <testcase classname="ptolemy.util.test.junit.AutoTests" name="[65] /home/travis/build/icyphy/ptII/ptolemy/domains/de/test/auto/SmartSender.xml (RunModel)" time="3.007" />
  <testcase classname="ptolemy.util.test.junit.AutoTests" name="[66] /home/travis/build/icyphy/ptII/ptolemy/domains/de/test/auto/ThreadedComposite.xml (RunModel)" time="0.151" />
  <testcase classname="ptolemy.util.test.junit.AutoTests" name="[67] /home/travis/build/icyphy/ptII/ptolemy/domains/de/test/auto/Time.xml (RunModel)" time="0.41" />
  <testcase classname="ptolemy.util.test.junit.AutoTests" name="[68] /home/travis/build/icyphy/ptII/ptolemy/domains/de/test/auto/TimeDelayZeroDelay.xml (RunModel)" time="0.01" />
  <testcase classname="ptolemy.util.test.junit.AutoTests" name="[69] /home/travis/build/icyphy/ptII/ptolemy/domains/de/test/auto/TimerZeroDelay.xml (RunModel)" time="0.01" />
  <testcase classname="ptolemy.util.test.junit.AutoTests" name="[70] /home/travis/build/icyphy/ptII/ptolemy/domains/de/test/auto/TimingParadox.xml (RunModel)" time="0.34" />
  <testcase classname="ptolemy.util.test.junit.AutoTests" name="[71] /home/travis/build/icyphy/ptII/ptolemy/domains/de/test/auto/TransferInputs.xml (RunModel)" time="0.013" />
  <testcase classname="ptolemy.util.test.junit.AutoTests" name="[72] /home/travis/build/icyphy/ptII/ptolemy/domains/de/test/auto/TransferOutputs2.xml (RunModel)" time="0.014" />
  <testcase classname="ptolemy.util.test.junit.AutoTests" name="[73] /home/travis/build/icyphy/ptII/ptolemy/domains/de/test/auto/Trilateration.xml (RunModel)" time="11.019" />
  <testcase classname="ptolemy.util.test.junit.AutoTests" name="[74] /home/travis/build/icyphy/ptII/ptolemy/domains/de/test/auto/TwoSigmaDelta.xml (RunModel)" time="1.98" />
  <testcase classname="ptolemy.util.test.junit.AutoTests" name="[75] /home/travis/build/icyphy/ptII/ptolemy/domains/de/test/auto/VariableDelay.xml (RunModel)" time="0.021" />
  <testcase classname="ptolemy.util.test.junit.AutoTests" name="[76] /home/travis/build/icyphy/ptII/ptolemy/domains/de/test/auto/VariableDelay2.xml (RunModel)" time="0.008" />
  <testcase classname="ptolemy.util.test.junit.AutoTests" name="[77] /home/travis/build/icyphy/ptII/ptolemy/domains/de/test/auto/VariableDelayZeroDelay.xml (RunModel)" time="0.01" />
  <testcase classname="ptolemy.util.test.junit.AutoTests" name="[78] /home/travis/build/icyphy/ptII/ptolemy/domains/de/test/auto/VariableDelayZeroDelay2.xml (RunModel)" time="0.009" />
  <testcase classname="ptolemy.util.test.junit.AutoTests" name="[79] /home/travis/build/icyphy/ptII/ptolemy/domains/de/test/auto/deInCt.xml (RunModel)" time="0.013" />
  <testcase classname="ptolemy.util.test.junit.AutoTests" name="[80] /home/travis/build/icyphy/ptII/ptolemy/domains/de/test/auto/deInCt2.xml (RunModel)" time="0.023" />
  <testcase classname="ptolemy.util.test.junit.AutoTests" name="[81] /home/travis/build/icyphy/ptII/ptolemy/domains/de/test/auto/dynamicCausalityInterface1.xml (RunModel)" time="0.018" />
  <testcase classname="ptolemy.util.test.junit.AutoTests" name="[82] /home/travis/build/icyphy/ptII/ptolemy/domains/de/test/auto/fsm_de_test.xml (RunModel)" time="0.028" />
  <testcase classname="ptolemy.util.test.junit.AutoTests" name="[83] /home/travis/build/icyphy/ptII/ptolemy/domains/de/test/auto/functionDependencyReconstruction.xml (RunModel)" time="0.034" />
  <testcase classname="ptolemy.util.test.junit.AutoTests" name="[84] /home/travis/build/icyphy/ptII/ptolemy/domains/de/test/auto/multirate.xml (RunModel)" time="0.014" />
  <testcase classname="ptolemy.util.test.junit.AutoTests" name="[85] /home/travis/build/icyphy/ptII/ptolemy/domains/de/test/auto/multirate2.xml (RunModel)" time="0.016" />
  <testcase classname="ptolemy.util.test.junit.AutoTests" name="[86] /home/travis/build/icyphy/ptII/ptolemy/domains/de/test/auto/realtime.xml (RunModel)" time="10.009" />
  <testcase classname="ptolemy.util.test.junit.AutoTests" name="[87] /home/travis/build/icyphy/ptII/ptolemy/domains/de/test/auto/relationGroup.xml (RunModel)" time="0.007" />
  <testcase classname="ptolemy.util.test.junit.AutoTests" name="[88] /home/travis/build/icyphy/ptII/ptolemy/domains/de/test/auto/relationGroup2.xml (RunModel)" time="0.007" />
  <testcase classname="ptolemy.util.test.junit.AutoTests" name="[89] /home/travis/build/icyphy/ptII/ptolemy/domains/de/test/auto/sortWithOpaquePorts.xml (RunModel)" time="0.017" />
  <testcase classname="ptolemy.util.test.junit.AutoTests" name="[90] /home/travis/build/icyphy/ptII/ptolemy/domains/de/test/auto/transferInputsandOutputs.xml (RunModel)" time="0.014" />
  <testcase classname="ptolemy.util.test.junit.AutoTests" name="[91] /home/travis/build/icyphy/ptII/ptolemy/domains/de/test/auto/triggerType.xml (RunModel)" time="0.007" />
  <system-out><![CDATA[/home/travis/build/icyphy/ptII/ptolemy/domains/de/test/DependencyLoop.tcl
testDefs.tcl: setting time out to 9000 seconds at Thu Mar 14 14:27:15 UTC 2019
14 ms. Memory: 116224K Free: 97603K (84%)
27 ms. Memory: 146944K Free: 141182K (96%)
/home/travis/build/icyphy/ptII/ptolemy/domains/de/test/RunDETestsAsQSS.tcl
Run the DE tests using ptolemy.domains.qss.test.QSSDirectorTest, which extends QSSDirector and prints a message in the constructors.
------------------ testing $PTII/ptolemy/domains/de/test/auto/knownFailedTests/dependencyLoop.xml (Known Failure) 
6 ms. Memory: 146944K Free: 136537K (93%)


==== $PTIIhome/travis/build/icyphy/ptII/ptolemy/domains/de/test/../../../../: Auto Automatic test in file $PTII/ptolemy/domains/de/test/auto/knownFailedTests/dependencyLoop.xml
==== Contents of test case:

	    # FIXME: we should use $relativeFilename here, but it
	    # might have backslashes under Windows, which causes no end
	    # of trouble.
	    createAndExecute $file
	    list {}
	
.... Test generated KNOWN error:
    while executing
ptolemy.kernel.util.IllegalActionException: Found a zero delay loop containing .dependencyLoop.original
  in .dependencyLoop and .dependencyLoop.original
	at ptolemy.actor.util.CausalityInterfaceForComposites._computeOutputPortDepth(CausalityInterfaceForComposites.java:759)
	at ptolemy.actor.util.CausalityInterfaceForComposites._computeInputDepth(CausalityInterfaceForComposites.java:696)
	at ptolemy.actor.util.CausalityInterfaceForComposites._computeOutputPortDepth(CausalityInterfaceForComposites.java:765)
	at ptolemy.actor.util.CausalityInterfaceForComposites._computeInputDepth(CausalityInterfaceForComposites.java:696)
	at ptolemy.actor.util.CausalityInterfaceForComposites._computeOutputPortDepth(CausalityInterfaceForComposites.java:765)
	at ptolemy.actor.util.CausalityInterfaceForComposites._computeInputDepth(CausalityInterfaceForComposites.java:696)
	at ptolemy.actor.util.CausalityInterfaceForComposites._computeActorDepth(CausalityInterfaceForComposites.java:532)
	at ptolemy.actor.util.CausalityInterfaceForComposites.checkForCycles(CausalityInterfaceForComposites.java:96)
	at ptolemy.domains.de.kernel.DEDirector.preinitialize(DEDirector.java:1338)
	at ptolemy.actor.CompositeActor.preinitialize(CompositeActor.java:1828)
	at ptolemy.actor.Manager.preinitializeAndResolveTypes(Manager.java:1040)
	at ptolemy.actor.Manager.initialize(Manager.java:710)
	at ptolemy.actor.Manager.execute(Manager.java:356)
	at ptolemy.actor.Manager.run(Manager.java:1263)
	at ptolemy.actor.Manager$PtolemyRunThread.run(Manager.java:1915)

    while executing
ptolemy.kernel.util.IllegalActionException: Found a zero delay loop containing .dependencyLoop.original
  in .dependencyLoop and .dependencyLoop.original
    while executing
"java::new ptolemy.moml.MoMLSimpleApplication $file
"
    (procedure "createAndExecute" line 2)
    invoked from within
"createAndExecute $file"
    ("uplevel" body line 5)
    invoked from within
"uplevel $contents_of_test"
------------------ testing $PTII/ptolemy/domains/de/test/auto/knownFailedTests/DESDFClockTest.xml (Known Failure) 
2056 ms. Memory: 146944K Free: 121357K (83%)


==== $PTIIhome/travis/build/icyphy/ptII/ptolemy/domains/de/test/../../../../: Auto Automatic test in file $PTII/ptolemy/domains/de/test/auto/knownFailedTests/DESDFClockTest.xml
==== Contents of test case:

	    # FIXME: we should use $relativeFilename here, but it
	    # might have backslashes under Windows, which causes no end
	    # of trouble.
	    createAndExecute $file
	    list {}
	
.... Test generated KNOWN error:
    while executing
ptolemy.kernel.util.IllegalActionException: Actor is not ready to fire.  Perhaps UpSample.prefire() returned false? Try debugging the actor by selecting "Listen to Actor".  Also, for SDF check moml for tokenConsumptionRate on input.
  in .DESDFClockTest.Play Bell.Copy1:SDF Director and .DESDFClockTest.Play Bell.UpSample
	at ptolemy.actor.sched.StaticSchedulingDirector.fire(StaticSchedulingDirector.java:227)
	at ptolemy.domains.sdf.kernel.SDFDirector.fire(SDFDirector.java:500)
	at ptolemy.actor.CompositeActor.fire(CompositeActor.java:455)
	at ptolemy.domains.de.kernel.DEDirector._fire(DEDirector.java:1949)
	at ptolemy.domains.de.kernel.DEDirector.fire(DEDirector.java:502)
	at ptolemy.actor.CompositeActor.fire(CompositeActor.java:455)
	at ptolemy.actor.Manager.iterate(Manager.java:851)
	at ptolemy.actor.Manager.execute(Manager.java:369)
	at ptolemy.actor.Manager.run(Manager.java:1263)
	at ptolemy.actor.Manager$PtolemyRunThread.run(Manager.java:1915)

    while executing
ptolemy.kernel.util.IllegalActionException: Actor is not ready to fire.  Perhaps UpSample.prefire() returned false? Try debugging the actor by selecting "Listen to Actor".  Also, for SDF check moml for tokenConsumptionRate on input.
  in .DESDFClockTest.Play Bell.Copy1:SDF Director and .DESDFClockTest.Play Bell.UpSample
    while executing
"java::new ptolemy.moml.MoMLSimpleApplication $file
"
    (procedure "createAndExecute" line 2)
    invoked from within
"createAndExecute $file"
    ("uplevel" body line 5)
    invoked from within
"uplevel $contents_of_test"
------------------ testing $PTII/ptolemy/domains/de/test/auto/knownFailedTests/FSMSource.xml (Known Failure) 
29 ms. Memory: 146944K Free: 111980K (76%)
!!!! Auto was marked as failing, but now passes
------------------ testing $PTII/ptolemy/domains/de/test/auto/knownFailedTests/dependencyLoop2.xml (Known Failure) 
12 ms. Memory: 146944K Free: 110120K (75%)


==== $PTIIhome/travis/build/icyphy/ptII/ptolemy/domains/de/test/../../../../: Auto Automatic test in file $PTII/ptolemy/domains/de/test/auto/knownFailedTests/dependencyLoop2.xml
==== Contents of test case:

	    # FIXME: we should use $relativeFilename here, but it
	    # might have backslashes under Windows, which causes no end
	    # of trouble.
	    createAndExecute $file
	    list {}
	
.... Test generated KNOWN error:
    while executing
ptolemy.kernel.util.IllegalActionException: Found a zero delay loop containing .dependencyLoop2.original
  in .dependencyLoop2 and .dependencyLoop2.original
	at ptolemy.actor.util.CausalityInterfaceForComposites._computeOutputPortDepth(CausalityInterfaceForComposites.java:759)
	at ptolemy.actor.util.CausalityInterfaceForComposites._computeInputDepth(CausalityInterfaceForComposites.java:696)
	at ptolemy.actor.util.CausalityInterfaceForComposites._computeOutputPortDepth(CausalityInterfaceForComposites.java:765)
	at ptolemy.actor.util.CausalityInterfaceForComposites._computeInputDepth(CausalityInterfaceForComposites.java:696)
	at ptolemy.actor.util.CausalityInterfaceForComposites._computeOutputPortDepth(CausalityInterfaceForComposites.java:765)
	at ptolemy.actor.util.CausalityInterfaceForComposites._computeInputDepth(CausalityInterfaceForComposites.java:696)
	at ptolemy.actor.util.CausalityInterfaceForComposites._computeActorDepth(CausalityInterfaceForComposites.java:532)
	at ptolemy.actor.util.CausalityInterfaceForComposites.checkForCycles(CausalityInterfaceForComposites.java:96)
	at ptolemy.domains.de.kernel.DEDirector.preinitialize(DEDirector.java:1338)
	at ptolemy.actor.CompositeActor.preinitialize(CompositeActor.java:1828)
	at ptolemy.actor.Manager.preinitializeAndResolveTypes(Manager.java:1040)
	at ptolemy.actor.Manager.initialize(Manager.java:710)
	at ptolemy.actor.Manager.execute(Manager.java:356)
	at ptolemy.actor.Manager.run(Manager.java:1263)
	at ptolemy.actor.Manager$PtolemyRunThread.run(Manager.java:1915)

    while executing
ptolemy.kernel.util.IllegalActionException: Found a zero delay loop containing .dependencyLoop2.original
  in .dependencyLoop2 and .dependencyLoop2.original
    while executing
"java::new ptolemy.moml.MoMLSimpleApplication $file
"
    (procedure "createAndExecute" line 2)
    invoked from within
"createAndExecute $file"
    ("uplevel" body line 5)
    invoked from within
"uplevel $contents_of_test"
------------------ testing $PTII/ptolemy/domains/de/test/auto/knownFailedTests/HierarchicalModel.xml (Known Failure) 
5 ms. Memory: 146944K Free: 90000K (61%)


==== $PTIIhome/travis/build/icyphy/ptII/ptolemy/domains/de/test/../../../../: Auto Automatic test in file $PTII/ptolemy/domains/de/test/auto/knownFailedTests/HierarchicalModel.xml
==== Contents of test case:

	    # FIXME: we should use $relativeFilename here, but it
	    # might have backslashes under Windows, which causes no end
	    # of trouble.
	    createAndExecute $file
	    list {}
	
.... Test generated KNOWN error:
    while executing
ptolemy.kernel.util.IllegalActionException: Found a zero delay loop containing .HierarchicalModel.A
  in .HierarchicalModel and .HierarchicalModel.A
	at ptolemy.actor.util.CausalityInterfaceForComposites._computeOutputPortDepth(CausalityInterfaceForComposites.java:759)
	at ptolemy.actor.util.CausalityInterfaceForComposites._computeInputDepth(CausalityInterfaceForComposites.java:696)
	at ptolemy.actor.util.CausalityInterfaceForComposites._computeOutputPortDepth(CausalityInterfaceForComposites.java:765)
	at ptolemy.actor.util.CausalityInterfaceForComposites._computeInputDepth(CausalityInterfaceForComposites.java:696)
	at ptolemy.actor.util.CausalityInterfaceForComposites._computeOutputPortDepth(CausalityInterfaceForComposites.java:765)
	at ptolemy.actor.util.CausalityInterfaceForComposites._computeInputDepth(CausalityInterfaceForComposites.java:696)
	at ptolemy.actor.util.CausalityInterfaceForComposites._computeActorDepth(CausalityInterfaceForComposites.java:532)
	at ptolemy.actor.util.CausalityInterfaceForComposites.checkForCycles(CausalityInterfaceForComposites.java:96)
	at ptolemy.domains.de.kernel.DEDirector.preinitialize(DEDirector.java:1338)
	at ptolemy.actor.CompositeActor.preinitialize(CompositeActor.java:1828)
	at ptolemy.actor.Manager.preinitializeAndResolveTypes(Manager.java:1040)
	at ptolemy.actor.Manager.initialize(Manager.java:710)
	at ptolemy.actor.Manager.execute(Manager.java:356)
	at ptolemy.actor.Manager.run(Manager.java:1263)
	at ptolemy.actor.Manager$PtolemyRunThread.run(Manager.java:1915)

    while executing
ptolemy.kernel.util.IllegalActionException: Found a zero delay loop containing .HierarchicalModel.A
  in .HierarchicalModel and .HierarchicalModel.A
    while executing
"java::new ptolemy.moml.MoMLSimpleApplication $file
"
    (procedure "createAndExecute" line 2)
    invoked from within
"createAndExecute $file"
    ("uplevel" body line 5)
    invoked from within
"uplevel $contents_of_test"
------------------ testing $PTII/ptolemy/domains/de/test/auto/knownFailedTests/DirectFeedback.xml (Known Failure) 
4 ms. Memory: 146944K Free: 85890K (58%)


==== $PTIIhome/travis/build/icyphy/ptII/ptolemy/domains/de/test/../../../../: Auto Automatic test in file $PTII/ptolemy/domains/de/test/auto/knownFailedTests/DirectFeedback.xml
==== Contents of test case:

	    # FIXME: we should use $relativeFilename here, but it
	    # might have backslashes under Windows, which causes no end
	    # of trouble.
	    createAndExecute $file
	    list {}
	
.... Test generated KNOWN error:
    while executing
ptolemy.kernel.util.IllegalActionException: Test fails in iteration 1.
Value was: 1.0. Should have been: 2.0
  in .DirectFeedback.Test
	at ptolemy.actor.lib.Test.fire(Test.java:268)
	at ptolemy.domains.de.kernel.DEDirector._fire(DEDirector.java:1949)
	at ptolemy.domains.de.kernel.DEDirector.fire(DEDirector.java:502)
	at ptolemy.actor.CompositeActor.fire(CompositeActor.java:455)
	at ptolemy.actor.Manager.iterate(Manager.java:851)
	at ptolemy.actor.Manager.execute(Manager.java:369)
	at ptolemy.actor.Manager.run(Manager.java:1263)
	at ptolemy.actor.Manager$PtolemyRunThread.run(Manager.java:1915)

    while executing
ptolemy.kernel.util.IllegalActionException: Test fails in iteration 1.
Value was: 1.0. Should have been: 2.0
  in .DirectFeedback.Test
    while executing
"java::new ptolemy.moml.MoMLSimpleApplication $file
"
    (procedure "createAndExecute" line 2)
    invoked from within
"createAndExecute $file"
    ("uplevel" body line 5)
    invoked from within
"uplevel $contents_of_test"
------------------ testing $PTII/ptolemy/domains/de/test/auto/ActorDepthCalculation_actorWithoutPorts.xml
auto.tcl: Setting watchdog for 200 seconds at Thu Mar 14 14:27:18 UTC 2019
4 ms. Memory: 146944K Free: 139005K (95%)
ptolemy.util.test.WatchDog.cancel(): canceling Thu Mar 14 14:27:18 UTC 2019
auto.tcl: Setting watchdog for 200 seconds at Thu Mar 14 14:27:18 UTC 2019
4 ms. Memory: 146944K Free: 136984K (93%)
ptolemy.util.test.WatchDog.cancel(): canceling Thu Mar 14 14:27:18 UTC 2019
------------------ testing $PTII/ptolemy/domains/de/test/auto/AssemblyLine.xml
auto.tcl: Setting watchdog for 200 seconds at Thu Mar 14 14:27:19 UTC 2019
43 ms. Memory: 208384K Free: 183484K (88%)
ptolemy.util.test.WatchDog.cancel(): canceling Thu Mar 14 14:27:19 UTC 2019
auto.tcl: Setting watchdog for 200 seconds at Thu Mar 14 14:27:19 UTC 2019
7 ms. Memory: 208384K Free: 183484K (88%)
ptolemy.util.test.WatchDog.cancel(): canceling Thu Mar 14 14:27:19 UTC 2019
------------------ testing $PTII/ptolemy/domains/de/test/auto/CQBug1.xml
auto.tcl: Setting watchdog for 200 seconds at Thu Mar 14 14:27:19 UTC 2019
7 ms. Memory: 208384K Free: 197951K (95%)
ptolemy.util.test.WatchDog.cancel(): canceling Thu Mar 14 14:27:19 UTC 2019
auto.tcl: Setting watchdog for 200 seconds at Thu Mar 14 14:27:19 UTC 2019
2 ms. Memory: 208384K Free: 197951K (95%)
ptolemy.util.test.WatchDog.cancel(): canceling Thu Mar 14 14:27:19 UTC 2019
------------------ testing $PTII/ptolemy/domains/de/test/auto/CancelFireAt.xml
auto.tcl: Setting watchdog for 200 seconds at Thu Mar 14 14:27:19 UTC 2019
4 ms. Memory: 208384K Free: 201592K (97%)
ptolemy.util.test.WatchDog.cancel(): canceling Thu Mar 14 14:27:19 UTC 2019
auto.tcl: Setting watchdog for 200 seconds at Thu Mar 14 14:27:19 UTC 2019
2 ms. Memory: 208384K Free: 199571K (96%)
ptolemy.util.test.WatchDog.cancel(): canceling Thu Mar 14 14:27:19 UTC 2019
------------------ testing $PTII/ptolemy/domains/de/test/auto/CausalityAndComposabilityAnalysis.xml
auto.tcl: Setting watchdog for 200 seconds at Thu Mar 14 14:27:19 UTC 2019
11 ms. Memory: 208384K Free: 198650K (95%)
ptolemy.util.test.WatchDog.cancel(): canceling Thu Mar 14 14:27:19 UTC 2019
auto.tcl: Setting watchdog for 200 seconds at Thu Mar 14 14:27:19 UTC 2019
5 ms. Memory: 208384K Free: 196629K (94%)
ptolemy.util.test.WatchDog.cancel(): canceling Thu Mar 14 14:27:19 UTC 2019
------------------ testing $PTII/ptolemy/domains/de/test/auto/CausalityInterface1.xml
auto.tcl: Setting watchdog for 200 seconds at Thu Mar 14 14:27:19 UTC 2019
23 ms. Memory: 208384K Free: 196566K (94%)
ptolemy.util.test.WatchDog.cancel(): canceling Thu Mar 14 14:27:19 UTC 2019
auto.tcl: Setting watchdog for 200 seconds at Thu Mar 14 14:27:19 UTC 2019
4 ms. Memory: 208384K Free: 196566K (94%)
ptolemy.util.test.WatchDog.cancel(): canceling Thu Mar 14 14:27:19 UTC 2019
------------------ testing $PTII/ptolemy/domains/de/test/auto/CausalityInterface15.xml
auto.tcl: Setting watchdog for 200 seconds at Thu Mar 14 14:27:19 UTC 2019
13 ms. Memory: 208384K Free: 196557K (94%)
ptolemy.util.test.WatchDog.cancel(): canceling Thu Mar 14 14:27:19 UTC 2019
auto.tcl: Setting watchdog for 200 seconds at Thu Mar 14 14:27:19 UTC 2019
7 ms. Memory: 208384K Free: 196557K (94%)
ptolemy.util.test.WatchDog.cancel(): canceling Thu Mar 14 14:27:19 UTC 2019
------------------ testing $PTII/ptolemy/domains/de/test/auto/CausalityInterface2.xml
auto.tcl: Setting watchdog for 200 seconds at Thu Mar 14 14:27:19 UTC 2019
3 ms. Memory: 208384K Free: 196540K (94%)
ptolemy.util.test.WatchDog.cancel(): canceling Thu Mar 14 14:27:19 UTC 2019
auto.tcl: Setting watchdog for 200 seconds at Thu Mar 14 14:27:19 UTC 2019
11 ms. Memory: 208384K Free: 196540K (94%)
ptolemy.util.test.WatchDog.cancel(): canceling Thu Mar 14 14:27:19 UTC 2019
------------------ testing $PTII/ptolemy/domains/de/test/auto/CausalityInterface3.xml
auto.tcl: Setting watchdog for 200 seconds at Thu Mar 14 14:27:19 UTC 2019
6 ms. Memory: 208384K Free: 196552K (94%)
ptolemy.util.test.WatchDog.cancel(): canceling Thu Mar 14 14:27:19 UTC 2019
auto.tcl: Setting watchdog for 200 seconds at Thu Mar 14 14:27:19 UTC 2019
5 ms. Memory: 208384K Free: 196552K (94%)
ptolemy.util.test.WatchDog.cancel(): canceling Thu Mar 14 14:27:19 UTC 2019
------------------ testing $PTII/ptolemy/domains/de/test/auto/ClockDrift.xml
auto.tcl: Setting watchdog for 200 seconds at Thu Mar 14 14:27:20 UTC 2019
59 ms. Memory: 208384K Free: 188019K (90%)
ptolemy.util.test.WatchDog.cancel(): canceling Thu Mar 14 14:27:20 UTC 2019
auto.tcl: Setting watchdog for 200 seconds at Thu Mar 14 14:27:20 UTC 2019
41 ms. Memory: 208384K Free: 185997K (89%)
ptolemy.util.test.WatchDog.cancel(): canceling Thu Mar 14 14:27:20 UTC 2019
------------------ testing $PTII/ptolemy/domains/de/test/auto/ClockDriftAndValueChange.xml
auto.tcl: Setting watchdog for 200 seconds at Thu Mar 14 14:27:20 UTC 2019
37 ms. Memory: 208384K Free: 187849K (90%)
ptolemy.util.test.WatchDog.cancel(): canceling Thu Mar 14 14:27:20 UTC 2019
auto.tcl: Setting watchdog for 200 seconds at Thu Mar 14 14:27:20 UTC 2019
25 ms. Memory: 208384K Free: 185828K (89%)
ptolemy.util.test.WatchDog.cancel(): canceling Thu Mar 14 14:27:20 UTC 2019
------------------ testing $PTII/ptolemy/domains/de/test/auto/ClockDriftChange.xml
auto.tcl: Setting watchdog for 200 seconds at Thu Mar 14 14:27:20 UTC 2019
28 ms. Memory: 208384K Free: 191101K (92%)
ptolemy.util.test.WatchDog.cancel(): canceling Thu Mar 14 14:27:20 UTC 2019
auto.tcl: Setting watchdog for 200 seconds at Thu Mar 14 14:27:20 UTC 2019
28 ms. Memory: 208384K Free: 189079K (91%)
ptolemy.util.test.WatchDog.cancel(): canceling Thu Mar 14 14:27:20 UTC 2019
------------------ testing $PTII/ptolemy/domains/de/test/auto/ComposableCausalityAnalysis.xml
auto.tcl: Setting watchdog for 200 seconds at Thu Mar 14 14:27:20 UTC 2019
2 ms. Memory: 208384K Free: 196400K (94%)
ptolemy.util.test.WatchDog.cancel(): canceling Thu Mar 14 14:27:20 UTC 2019
auto.tcl: Setting watchdog for 200 seconds at Thu Mar 14 14:27:20 UTC 2019
2 ms. Memory: 208384K Free: 194379K (93%)
ptolemy.util.test.WatchDog.cancel(): canceling Thu Mar 14 14:27:20 UTC 2019
------------------ testing $PTII/ptolemy/domains/de/test/auto/DEFixedPointLimitation.xml
auto.tcl: Setting watchdog for 200 seconds at Thu Mar 14 14:27:20 UTC 2019
4 ms. Memory: 208384K Free: 196481K (94%)
ptolemy.util.test.WatchDog.cancel(): canceling Thu Mar 14 14:27:20 UTC 2019
auto.tcl: Setting watchdog for 200 seconds at Thu Mar 14 14:27:20 UTC 2019
2 ms. Memory: 208384K Free: 196481K (94%)
ptolemy.util.test.WatchDog.cancel(): canceling Thu Mar 14 14:27:20 UTC 2019
------------------ testing $PTII/ptolemy/domains/de/test/auto/DEScheduleTest.xml
auto.tcl: Setting watchdog for 200 seconds at Thu Mar 14 14:27:20 UTC 2019
3 ms. Memory: 208384K Free: 198538K (95%)
ptolemy.util.test.WatchDog.cancel(): canceling Thu Mar 14 14:27:20 UTC 2019
auto.tcl: Setting watchdog for 200 seconds at Thu Mar 14 14:27:20 UTC 2019
4 ms. Memory: 208384K Free: 196517K (94%)
ptolemy.util.test.WatchDog.cancel(): canceling Thu Mar 14 14:27:20 UTC 2019
------------------ testing $PTII/ptolemy/domains/de/test/auto/DEinDEwithStartTimes.xml
auto.tcl: Setting watchdog for 200 seconds at Thu Mar 14 14:27:20 UTC 2019
7 ms. Memory: 208384K Free: 196486K (94%)
ptolemy.util.test.WatchDog.cancel(): canceling Thu Mar 14 14:27:20 UTC 2019
auto.tcl: Setting watchdog for 200 seconds at Thu Mar 14 14:27:20 UTC 2019
3 ms. Memory: 208384K Free: 194465K (93%)
ptolemy.util.test.WatchDog.cancel(): canceling Thu Mar 14 14:27:20 UTC 2019
------------------ testing $PTII/ptolemy/domains/de/test/auto/DEinDEwithStartTimes2.xml
auto.tcl: Setting watchdog for 200 seconds at Thu Mar 14 14:27:20 UTC 2019
4 ms. Memory: 208384K Free: 196466K (94%)
ptolemy.util.test.WatchDog.cancel(): canceling Thu Mar 14 14:27:20 UTC 2019
auto.tcl: Setting watchdog for 200 seconds at Thu Mar 14 14:27:20 UTC 2019
4 ms. Memory: 208384K Free: 194445K (93%)
ptolemy.util.test.WatchDog.cancel(): canceling Thu Mar 14 14:27:20 UTC 2019
------------------ testing $PTII/ptolemy/domains/de/test/auto/DateDemo.xml
auto.tcl: Setting watchdog for 200 seconds at Thu Mar 14 14:27:20 UTC 2019
14 ms. Memory: 208384K Free: 189140K (91%)
ptolemy.util.test.WatchDog.cancel(): canceling Thu Mar 14 14:27:21 UTC 2019
auto.tcl: Setting watchdog for 200 seconds at Thu Mar 14 14:27:21 UTC 2019
6 ms. Memory: 208384K Free: 187118K (90%)
ptolemy.util.test.WatchDog.cancel(): canceling Thu Mar 14 14:27:21 UTC 2019
------------------ testing $PTII/ptolemy/domains/de/test/auto/DateToEvent.xml
auto.tcl: Setting watchdog for 200 seconds at Thu Mar 14 14:27:21 UTC 2019
2020 ms. Memory: 208384K Free: 184090K (88%)
ptolemy.util.test.WatchDog.cancel(): canceling Thu Mar 14 14:27:23 UTC 2019
auto.tcl: Setting watchdog for 200 seconds at Thu Mar 14 14:27:23 UTC 2019
2005 ms. Memory: 208384K Free: 184090K (88%)
ptolemy.util.test.WatchDog.cancel(): canceling Thu Mar 14 14:27:25 UTC 2019
------------------ testing $PTII/ptolemy/domains/de/test/auto/DepthTest1.xml
auto.tcl: Setting watchdog for 200 seconds at Thu Mar 14 14:27:25 UTC 2019
4 ms. Memory: 208384K Free: 198586K (95%)
ptolemy.util.test.WatchDog.cancel(): canceling Thu Mar 14 14:27:25 UTC 2019
auto.tcl: Setting watchdog for 200 seconds at Thu Mar 14 14:27:25 UTC 2019
1 ms. Memory: 208384K Free: 198586K (95%)
ptolemy.util.test.WatchDog.cancel(): canceling Thu Mar 14 14:27:25 UTC 2019
------------------ testing $PTII/ptolemy/domains/de/test/auto/DepthTest2.xml
auto.tcl: Setting watchdog for 200 seconds at Thu Mar 14 14:27:25 UTC 2019
5 ms. Memory: 208384K Free: 194426K (93%)
ptolemy.util.test.WatchDog.cancel(): canceling Thu Mar 14 14:27:25 UTC 2019
auto.tcl: Setting watchdog for 200 seconds at Thu Mar 14 14:27:25 UTC 2019
6 ms. Memory: 208384K Free: 194426K (93%)
ptolemy.util.test.WatchDog.cancel(): canceling Thu Mar 14 14:27:25 UTC 2019
------------------ testing $PTII/ptolemy/domains/de/test/auto/DepthTest3.xml
auto.tcl: Setting watchdog for 200 seconds at Thu Mar 14 14:27:25 UTC 2019
8 ms. Memory: 208384K Free: 198401K (95%)
ptolemy.util.test.WatchDog.cancel(): canceling Thu Mar 14 14:27:25 UTC 2019
auto.tcl: Setting watchdog for 200 seconds at Thu Mar 14 14:27:25 UTC 2019
5 ms. Memory: 208384K Free: 198401K (95%)
ptolemy.util.test.WatchDog.cancel(): canceling Thu Mar 14 14:27:25 UTC 2019
------------------ testing $PTII/ptolemy/domains/de/test/auto/DepthTest4.xml
auto.tcl: Setting watchdog for 200 seconds at Thu Mar 14 14:27:25 UTC 2019
4 ms. Memory: 208384K Free: 196465K (94%)
ptolemy.util.test.WatchDog.cancel(): canceling Thu Mar 14 14:27:25 UTC 2019
auto.tcl: Setting watchdog for 200 seconds at Thu Mar 14 14:27:25 UTC 2019
3 ms. Memory: 208384K Free: 196465K (94%)
ptolemy.util.test.WatchDog.cancel(): canceling Thu Mar 14 14:27:25 UTC 2019
------------------ testing $PTII/ptolemy/domains/de/test/auto/DepthTest5.xml
auto.tcl: Setting watchdog for 200 seconds at Thu Mar 14 14:27:25 UTC 2019
8 ms. Memory: 208384K Free: 196414K (94%)
ptolemy.util.test.WatchDog.cancel(): canceling Thu Mar 14 14:27:25 UTC 2019
auto.tcl: Setting watchdog for 200 seconds at Thu Mar 14 14:27:25 UTC 2019
3 ms. Memory: 208384K Free: 196414K (94%)
ptolemy.util.test.WatchDog.cancel(): canceling Thu Mar 14 14:27:25 UTC 2019
------------------ testing $PTII/ptolemy/domains/de/test/auto/DepthTest6.xml
auto.tcl: Setting watchdog for 200 seconds at Thu Mar 14 14:27:25 UTC 2019
7 ms. Memory: 208384K Free: 196390K (94%)
ptolemy.util.test.WatchDog.cancel(): canceling Thu Mar 14 14:27:25 UTC 2019
auto.tcl: Setting watchdog for 200 seconds at Thu Mar 14 14:27:25 UTC 2019
3 ms. Memory: 208384K Free: 196390K (94%)
ptolemy.util.test.WatchDog.cancel(): canceling Thu Mar 14 14:27:25 UTC 2019
------------------ testing $PTII/ptolemy/domains/de/test/auto/DepthTest7.xml
auto.tcl: Setting watchdog for 200 seconds at Thu Mar 14 14:27:25 UTC 2019
3 ms. Memory: 208384K Free: 196370K (94%)
ptolemy.util.test.WatchDog.cancel(): canceling Thu Mar 14 14:27:25 UTC 2019
auto.tcl: Setting watchdog for 200 seconds at Thu Mar 14 14:27:25 UTC 2019
3 ms. Memory: 208384K Free: 196370K (94%)
ptolemy.util.test.WatchDog.cancel(): canceling Thu Mar 14 14:27:25 UTC 2019
------------------ testing $PTII/ptolemy/domains/de/test/auto/EventToDate.xml
auto.tcl: Setting watchdog for 200 seconds at Thu Mar 14 14:27:25 UTC 2019
3011 ms. Memory: 208384K Free: 186284K (89%)
ptolemy.util.test.WatchDog.cancel(): canceling Thu Mar 14 14:27:28 UTC 2019
auto.tcl: Setting watchdog for 200 seconds at Thu Mar 14 14:27:28 UTC 2019
3004 ms. Memory: 208384K Free: 186284K (89%)
ptolemy.util.test.WatchDog.cancel(): canceling Thu Mar 14 14:27:31 UTC 2019
------------------ testing $PTII/ptolemy/domains/de/test/auto/FSM1.xml
auto.tcl: Setting watchdog for 200 seconds at Thu Mar 14 14:27:31 UTC 2019
15 ms. Memory: 208384K Free: 189580K (91%)
ptolemy.util.test.WatchDog.cancel(): canceling Thu Mar 14 14:27:32 UTC 2019
auto.tcl: Setting watchdog for 200 seconds at Thu Mar 14 14:27:32 UTC 2019
14 ms. Memory: 208384K Free: 185537K (89%)
ptolemy.util.test.WatchDog.cancel(): canceling Thu Mar 14 14:27:32 UTC 2019
------------------ testing $PTII/ptolemy/domains/de/test/auto/FSM7.xml
auto.tcl: Setting watchdog for 200 seconds at Thu Mar 14 14:27:32 UTC 2019
16 ms. Memory: 208384K Free: 187761K (90%)
ptolemy.util.test.WatchDog.cancel(): canceling Thu Mar 14 14:27:32 UTC 2019
auto.tcl: Setting watchdog for 200 seconds at Thu Mar 14 14:27:32 UTC 2019
14 ms. Memory: 208384K Free: 185740K (89%)
ptolemy.util.test.WatchDog.cancel(): canceling Thu Mar 14 14:27:32 UTC 2019
------------------ testing $PTII/ptolemy/domains/de/test/auto/Inspection.xml
auto.tcl: Setting watchdog for 200 seconds at Thu Mar 14 14:27:32 UTC 2019
37 ms. Memory: 208384K Free: 188975K (91%)
ptolemy.util.test.WatchDog.cancel(): canceling Thu Mar 14 14:27:32 UTC 2019
auto.tcl: Setting watchdog for 200 seconds at Thu Mar 14 14:27:32 UTC 2019
33 ms. Memory: 208384K Free: 186954K (90%)
ptolemy.util.test.WatchDog.cancel(): canceling Thu Mar 14 14:27:32 UTC 2019
------------------ testing $PTII/ptolemy/domains/de/test/auto/Iteration.xml
auto.tcl: Setting watchdog for 200 seconds at Thu Mar 14 14:27:32 UTC 2019
8 ms. Memory: 208384K Free: 196177K (94%)
ptolemy.util.test.WatchDog.cancel(): canceling Thu Mar 14 14:27:32 UTC 2019
auto.tcl: Setting watchdog for 200 seconds at Thu Mar 14 14:27:32 UTC 2019
6 ms. Memory: 208384K Free: 194156K (93%)
ptolemy.util.test.WatchDog.cancel(): canceling Thu Mar 14 14:27:32 UTC 2019
------------------ testing $PTII/ptolemy/domains/de/test/auto/LineFault.xml
auto.tcl: Setting watchdog for 200 seconds at Thu Mar 14 14:27:32 UTC 2019
763 ms. Memory: 208384K Free: 201071K (96%)
ptolemy.util.test.WatchDog.cancel(): canceling Thu Mar 14 14:27:33 UTC 2019
auto.tcl: Setting watchdog for 200 seconds at Thu Mar 14 14:27:33 UTC 2019
665 ms. Memory: 208384K Free: 144223K (69%)
ptolemy.util.test.WatchDog.cancel(): canceling Thu Mar 14 14:27:34 UTC 2019
------------------ testing $PTII/ptolemy/domains/de/test/auto/MergeModel1Add.xml
auto.tcl: Setting watchdog for 200 seconds at Thu Mar 14 14:27:34 UTC 2019
23 ms. Memory: 331264K Free: 301033K (91%)
ptolemy.util.test.WatchDog.cancel(): canceling Thu Mar 14 14:27:34 UTC 2019
auto.tcl: Setting watchdog for 200 seconds at Thu Mar 14 14:27:34 UTC 2019
17 ms. Memory: 331264K Free: 301033K (91%)
ptolemy.util.test.WatchDog.cancel(): canceling Thu Mar 14 14:27:34 UTC 2019
------------------ testing $PTII/ptolemy/domains/de/test/auto/MergeModel2Add.xml
auto.tcl: Setting watchdog for 200 seconds at Thu Mar 14 14:27:34 UTC 2019
14 ms. Memory: 331264K Free: 305911K (92%)
ptolemy.util.test.WatchDog.cancel(): canceling Thu Mar 14 14:27:34 UTC 2019
auto.tcl: Setting watchdog for 200 seconds at Thu Mar 14 14:27:34 UTC 2019
8 ms. Memory: 331264K Free: 302379K (91%)
ptolemy.util.test.WatchDog.cancel(): canceling Thu Mar 14 14:27:34 UTC 2019
------------------ testing $PTII/ptolemy/domains/de/test/auto/MergeModel3Add.xml
auto.tcl: Setting watchdog for 200 seconds at Thu Mar 14 14:27:34 UTC 2019
17 ms. Memory: 331264K Free: 302358K (91%)
ptolemy.util.test.WatchDog.cancel(): canceling Thu Mar 14 14:27:34 UTC 2019
auto.tcl: Setting watchdog for 200 seconds at Thu Mar 14 14:27:34 UTC 2019
10 ms. Memory: 331264K Free: 302358K (91%)
ptolemy.util.test.WatchDog.cancel(): canceling Thu Mar 14 14:27:34 UTC 2019
------------------ testing $PTII/ptolemy/domains/de/test/auto/MergeWithoutDiscard.xml
auto.tcl: Setting watchdog for 200 seconds at Thu Mar 14 14:27:34 UTC 2019
6 ms. Memory: 331264K Free: 316514K (96%)
ptolemy.util.test.WatchDog.cancel(): canceling Thu Mar 14 14:27:34 UTC 2019
auto.tcl: Setting watchdog for 200 seconds at Thu Mar 14 14:27:34 UTC 2019
1 ms. Memory: 331264K Free: 316514K (96%)
ptolemy.util.test.WatchDog.cancel(): canceling Thu Mar 14 14:27:34 UTC 2019
------------------ testing $PTII/ptolemy/domains/de/test/auto/Modal1.xml
auto.tcl: Setting watchdog for 200 seconds at Thu Mar 14 14:27:34 UTC 2019
20 ms. Memory: 331264K Free: 310823K (94%)
ptolemy.util.test.WatchDog.cancel(): canceling Thu Mar 14 14:27:34 UTC 2019
auto.tcl: Setting watchdog for 200 seconds at Thu Mar 14 14:27:34 UTC 2019
26 ms. Memory: 331264K Free: 307291K (93%)
ptolemy.util.test.WatchDog.cancel(): canceling Thu Mar 14 14:27:34 UTC 2019
------------------ testing $PTII/ptolemy/domains/de/test/auto/Modal2.xml
auto.tcl: Setting watchdog for 200 seconds at Thu Mar 14 14:27:34 UTC 2019
11 ms. Memory: 331264K Free: 310711K (94%)
ptolemy.util.test.WatchDog.cancel(): canceling Thu Mar 14 14:27:34 UTC 2019
auto.tcl: Setting watchdog for 200 seconds at Thu Mar 14 14:27:34 UTC 2019
11 ms. Memory: 331264K Free: 307179K (93%)
ptolemy.util.test.WatchDog.cancel(): canceling Thu Mar 14 14:27:34 UTC 2019
------------------ testing $PTII/ptolemy/domains/de/test/auto/Modal3.xml
auto.tcl: Setting watchdog for 200 seconds at Thu Mar 14 14:27:34 UTC 2019
11 ms. Memory: 331264K Free: 310693K (94%)
ptolemy.util.test.WatchDog.cancel(): canceling Thu Mar 14 14:27:35 UTC 2019
auto.tcl: Setting watchdog for 200 seconds at Thu Mar 14 14:27:35 UTC 2019
11 ms. Memory: 331264K Free: 307161K (93%)
ptolemy.util.test.WatchDog.cancel(): canceling Thu Mar 14 14:27:35 UTC 2019
------------------ testing $PTII/ptolemy/domains/de/test/auto/Modal4.xml
auto.tcl: Setting watchdog for 200 seconds at Thu Mar 14 14:27:35 UTC 2019
29 ms. Memory: 331264K Free: 305791K (92%)
ptolemy.util.test.WatchDog.cancel(): canceling Thu Mar 14 14:27:35 UTC 2019
auto.tcl: Setting watchdog for 200 seconds at Thu Mar 14 14:27:35 UTC 2019
21 ms. Memory: 331264K Free: 302259K (91%)
ptolemy.util.test.WatchDog.cancel(): canceling Thu Mar 14 14:27:35 UTC 2019
------------------ testing $PTII/ptolemy/domains/de/test/auto/Modal5.xml
auto.tcl: Setting watchdog for 200 seconds at Thu Mar 14 14:27:35 UTC 2019
14 ms. Memory: 331264K Free: 310694K (94%)
ptolemy.util.test.WatchDog.cancel(): canceling Thu Mar 14 14:27:35 UTC 2019
auto.tcl: Setting watchdog for 200 seconds at Thu Mar 14 14:27:35 UTC 2019
13 ms. Memory: 331264K Free: 307162K (93%)
ptolemy.util.test.WatchDog.cancel(): canceling Thu Mar 14 14:27:35 UTC 2019
------------------ testing $PTII/ptolemy/domains/de/test/auto/Modal6.xml
auto.tcl: Setting watchdog for 200 seconds at Thu Mar 14 14:27:35 UTC 2019
17 ms. Memory: 331264K Free: 310691K (94%)
ptolemy.util.test.WatchDog.cancel(): canceling Thu Mar 14 14:27:35 UTC 2019
auto.tcl: Setting watchdog for 200 seconds at Thu Mar 14 14:27:35 UTC 2019
17 ms. Memory: 331264K Free: 307159K (93%)
ptolemy.util.test.WatchDog.cancel(): canceling Thu Mar 14 14:27:35 UTC 2019
------------------ testing $PTII/ptolemy/domains/de/test/auto/Modal7.xml
auto.tcl: Setting watchdog for 200 seconds at Thu Mar 14 14:27:35 UTC 2019
11 ms. Memory: 331264K Free: 307158K (93%)
ptolemy.util.test.WatchDog.cancel(): canceling Thu Mar 14 14:27:35 UTC 2019
auto.tcl: Setting watchdog for 200 seconds at Thu Mar 14 14:27:35 UTC 2019
15 ms. Memory: 331264K Free: 303627K (92%)
ptolemy.util.test.WatchDog.cancel(): canceling Thu Mar 14 14:27:35 UTC 2019
------------------ testing $PTII/ptolemy/domains/de/test/auto/ModalModel.xml
auto.tcl: Setting watchdog for 200 seconds at Thu Mar 14 14:27:35 UTC 2019
231 ms. Memory: 331264K Free: 248234K (75%)
ptolemy.util.test.WatchDog.cancel(): canceling Thu Mar 14 14:27:35 UTC 2019
auto.tcl: Setting watchdog for 200 seconds at Thu Mar 14 14:27:35 UTC 2019
208 ms. Memory: 331264K Free: 191724K (58%)
ptolemy.util.test.WatchDog.cancel(): canceling Thu Mar 14 14:27:36 UTC 2019
------------------ testing $PTII/ptolemy/domains/de/test/auto/ModalSource.xml
auto.tcl: Setting watchdog for 200 seconds at Thu Mar 14 14:27:36 UTC 2019
6 ms. Memory: 331264K Free: 316698K (96%)
ptolemy.util.test.WatchDog.cancel(): canceling Thu Mar 14 14:27:36 UTC 2019
auto.tcl: Setting watchdog for 200 seconds at Thu Mar 14 14:27:36 UTC 2019
6 ms. Memory: 331264K Free: 313458K (95%)
ptolemy.util.test.WatchDog.cancel(): canceling Thu Mar 14 14:27:36 UTC 2019
------------------ testing $PTII/ptolemy/domains/de/test/auto/NonInterruptibleTimerZeroDelay.xml
auto.tcl: Setting watchdog for 200 seconds at Thu Mar 14 14:27:36 UTC 2019
5 ms. Memory: 331264K Free: 321029K (97%)
ptolemy.util.test.WatchDog.cancel(): canceling Thu Mar 14 14:27:36 UTC 2019
auto.tcl: Setting watchdog for 200 seconds at Thu Mar 14 14:27:36 UTC 2019
3 ms. Memory: 331264K Free: 317789K (96%)
ptolemy.util.test.WatchDog.cancel(): canceling Thu Mar 14 14:27:36 UTC 2019
------------------ testing $PTII/ptolemy/domains/de/test/auto/OpenQueueingNetwork.xml
auto.tcl: Setting watchdog for 200 seconds at Thu Mar 14 14:27:36 UTC 2019
2833 ms. Memory: 573952K Free: 413704K (72%)
ptolemy.util.test.WatchDog.cancel(): canceling Thu Mar 14 14:27:39 UTC 2019
auto.tcl: Setting watchdog for 200 seconds at Thu Mar 14 14:27:39 UTC 2019
2353 ms. Memory: 574464K Free: 350122K (61%)
ptolemy.util.test.WatchDog.cancel(): canceling Thu Mar 14 14:27:41 UTC 2019
------------------ testing $PTII/ptolemy/domains/de/test/auto/OpenQueuingNetwork.xml
auto.tcl: Setting watchdog for 200 seconds at Thu Mar 14 14:27:41 UTC 2019
259 ms. Memory: 1064960K Free: 946384K (89%)
ptolemy.util.test.WatchDog.cancel(): canceling Thu Mar 14 14:27:42 UTC 2019
auto.tcl: Setting watchdog for 200 seconds at Thu Mar 14 14:27:42 UTC 2019
228 ms. Memory: 1064960K Free: 881035K (83%)
ptolemy.util.test.WatchDog.cancel(): canceling Thu Mar 14 14:27:42 UTC 2019
------------------ testing $PTII/ptolemy/domains/de/test/auto/PeriodicSampler.xml
auto.tcl: Setting watchdog for 200 seconds at Thu Mar 14 14:27:42 UTC 2019
3 ms. Memory: 1065472K Free: 1039614K (98%)
ptolemy.util.test.WatchDog.cancel(): canceling Thu Mar 14 14:27:42 UTC 2019
auto.tcl: Setting watchdog for 200 seconds at Thu Mar 14 14:27:42 UTC 2019
2 ms. Memory: 1065472K Free: 1039614K (98%)
ptolemy.util.test.WatchDog.cancel(): canceling Thu Mar 14 14:27:42 UTC 2019
------------------ testing $PTII/ptolemy/domains/de/test/auto/PersistentIO.xml
auto.tcl: Setting watchdog for 200 seconds at Thu Mar 14 14:27:42 UTC 2019
6 ms. Memory: 1065472K Free: 1030383K (97%)
ptolemy.util.test.WatchDog.cancel(): canceling Thu Mar 14 14:27:42 UTC 2019
auto.tcl: Setting watchdog for 200 seconds at Thu Mar 14 14:27:42 UTC 2019
5 ms. Memory: 1065472K Free: 1030383K (97%)
ptolemy.util.test.WatchDog.cancel(): canceling Thu Mar 14 14:27:42 UTC 2019
------------------ testing $PTII/ptolemy/domains/de/test/auto/PortParameterResetOnInitialize.xml
auto.tcl: Setting watchdog for 200 seconds at Thu Mar 14 14:27:42 UTC 2019
3 ms. Memory: 1065472K Free: 1030244K (97%)
ptolemy.util.test.WatchDog.cancel(): canceling Thu Mar 14 14:27:42 UTC 2019
auto.tcl: Setting watchdog for 200 seconds at Thu Mar 14 14:27:42 UTC 2019
2 ms. Memory: 1065472K Free: 1030244K (97%)
ptolemy.util.test.WatchDog.cancel(): canceling Thu Mar 14 14:27:42 UTC 2019
------------------ testing $PTII/ptolemy/domains/de/test/auto/PortParameterUpdates.xml
auto.tcl: Setting watchdog for 200 seconds at Thu Mar 14 14:27:42 UTC 2019
6 ms. Memory: 1065472K Free: 1030378K (97%)
ptolemy.util.test.WatchDog.cancel(): canceling Thu Mar 14 14:27:42 UTC 2019
auto.tcl: Setting watchdog for 200 seconds at Thu Mar 14 14:27:42 UTC 2019
6 ms. Memory: 1065472K Free: 1030378K (97%)
ptolemy.util.test.WatchDog.cancel(): canceling Thu Mar 14 14:27:42 UTC 2019
------------------ testing $PTII/ptolemy/domains/de/test/auto/QueueAndServer.xml
auto.tcl: Setting watchdog for 200 seconds at Thu Mar 14 14:27:42 UTC 2019
10 ms. Memory: 1065472K Free: 1030340K (97%)
ptolemy.util.test.WatchDog.cancel(): canceling Thu Mar 14 14:27:42 UTC 2019
auto.tcl: Setting watchdog for 200 seconds at Thu Mar 14 14:27:42 UTC 2019
7 ms. Memory: 1065472K Free: 1029201K (97%)
ptolemy.util.test.WatchDog.cancel(): canceling Thu Mar 14 14:27:42 UTC 2019
------------------ testing $PTII/ptolemy/domains/de/test/auto/Records.xml
auto.tcl: Setting watchdog for 200 seconds at Thu Mar 14 14:27:42 UTC 2019
7 ms. Memory: 1065472K Free: 1038964K (98%)
ptolemy.util.test.WatchDog.cancel(): canceling Thu Mar 14 14:27:42 UTC 2019
auto.tcl: Setting watchdog for 200 seconds at Thu Mar 14 14:27:42 UTC 2019
3 ms. Memory: 1065472K Free: 1038964K (98%)
ptolemy.util.test.WatchDog.cancel(): canceling Thu Mar 14 14:27:42 UTC 2019
------------------ testing $PTII/ptolemy/domains/de/test/auto/ResetTransitionWithStartTime1.xml
auto.tcl: Setting watchdog for 200 seconds at Thu Mar 14 14:27:42 UTC 2019
16 ms. Memory: 1065472K Free: 1038989K (98%)
ptolemy.util.test.WatchDog.cancel(): canceling Thu Mar 14 14:27:42 UTC 2019
auto.tcl: Setting watchdog for 200 seconds at Thu Mar 14 14:27:42 UTC 2019
6 ms. Memory: 1065472K Free: 1038989K (98%)
ptolemy.util.test.WatchDog.cancel(): canceling Thu Mar 14 14:27:42 UTC 2019
------------------ testing $PTII/ptolemy/domains/de/test/auto/ResetTransitionWithStartTime2.xml
auto.tcl: Setting watchdog for 200 seconds at Thu Mar 14 14:27:42 UTC 2019
9 ms. Memory: 1064448K Free: 1039096K (98%)
ptolemy.util.test.WatchDog.cancel(): canceling Thu Mar 14 14:27:42 UTC 2019
auto.tcl: Setting watchdog for 200 seconds at Thu Mar 14 14:27:42 UTC 2019
7 ms. Memory: 1064448K Free: 1039096K (98%)
ptolemy.util.test.WatchDog.cancel(): canceling Thu Mar 14 14:27:42 UTC 2019
------------------ testing $PTII/ptolemy/domains/de/test/auto/ResetTransitionWithStartTime3.xml
auto.tcl: Setting watchdog for 200 seconds at Thu Mar 14 14:27:42 UTC 2019
5 ms. Memory: 1064960K Free: 1038467K (98%)
ptolemy.util.test.WatchDog.cancel(): canceling Thu Mar 14 14:27:43 UTC 2019
auto.tcl: Setting watchdog for 200 seconds at Thu Mar 14 14:27:43 UTC 2019
5 ms. Memory: 1064960K Free: 1038467K (98%)
ptolemy.util.test.WatchDog.cancel(): canceling Thu Mar 14 14:27:43 UTC 2019
------------------ testing $PTII/ptolemy/domains/de/test/auto/ResetTransitionWithStartTime4.xml
auto.tcl: Setting watchdog for 200 seconds at Thu Mar 14 14:27:43 UTC 2019
6 ms. Memory: 1064960K Free: 1038466K (98%)
ptolemy.util.test.WatchDog.cancel(): canceling Thu Mar 14 14:27:43 UTC 2019
auto.tcl: Setting watchdog for 200 seconds at Thu Mar 14 14:27:43 UTC 2019
5 ms. Memory: 1064960K Free: 1038466K (98%)
ptolemy.util.test.WatchDog.cancel(): canceling Thu Mar 14 14:27:43 UTC 2019
------------------ testing $PTII/ptolemy/domains/de/test/auto/ResettableTimer1.xml
auto.tcl: Setting watchdog for 200 seconds at Thu Mar 14 14:27:43 UTC 2019
3 ms. Memory: 1064960K Free: 1038461K (98%)
ptolemy.util.test.WatchDog.cancel(): canceling Thu Mar 14 14:27:43 UTC 2019
auto.tcl: Setting watchdog for 200 seconds at Thu Mar 14 14:27:43 UTC 2019
2 ms. Memory: 1064960K Free: 1038461K (98%)
ptolemy.util.test.WatchDog.cancel(): canceling Thu Mar 14 14:27:43 UTC 2019
------------------ testing $PTII/ptolemy/domains/de/test/auto/ResettableTimer2.xml
auto.tcl: Setting watchdog for 200 seconds at Thu Mar 14 14:27:43 UTC 2019
7 ms. Memory: 1064960K Free: 1039659K (98%)
ptolemy.util.test.WatchDog.cancel(): canceling Thu Mar 14 14:27:43 UTC 2019
auto.tcl: Setting watchdog for 200 seconds at Thu Mar 14 14:27:43 UTC 2019
2 ms. Memory: 1064960K Free: 1039659K (98%)
ptolemy.util.test.WatchDog.cancel(): canceling Thu Mar 14 14:27:43 UTC 2019
------------------ testing $PTII/ptolemy/domains/de/test/auto/ResettableTimer3.xml
auto.tcl: Setting watchdog for 200 seconds at Thu Mar 14 14:27:43 UTC 2019
1 ms. Memory: 1064960K Free: 1038518K (98%)
ptolemy.util.test.WatchDog.cancel(): canceling Thu Mar 14 14:27:43 UTC 2019
auto.tcl: Setting watchdog for 200 seconds at Thu Mar 14 14:27:43 UTC 2019
2 ms. Memory: 1064960K Free: 1038518K (98%)
ptolemy.util.test.WatchDog.cancel(): canceling Thu Mar 14 14:27:43 UTC 2019
------------------ testing $PTII/ptolemy/domains/de/test/auto/ResettableTimer4.xml
auto.tcl: Setting watchdog for 200 seconds at Thu Mar 14 14:27:43 UTC 2019
2 ms. Memory: 1063936K Free: 1038647K (98%)
ptolemy.util.test.WatchDog.cancel(): canceling Thu Mar 14 14:27:43 UTC 2019
auto.tcl: Setting watchdog for 200 seconds at Thu Mar 14 14:27:43 UTC 2019
2 ms. Memory: 1063936K Free: 1038647K (98%)
ptolemy.util.test.WatchDog.cancel(): canceling Thu Mar 14 14:27:43 UTC 2019
------------------ testing $PTII/ptolemy/domains/de/test/auto/ResettableTimer5.xml
auto.tcl: Setting watchdog for 200 seconds at Thu Mar 14 14:27:43 UTC 2019
6 ms. Memory: 1064448K Free: 1039157K (98%)
ptolemy.util.test.WatchDog.cancel(): canceling Thu Mar 14 14:27:43 UTC 2019
auto.tcl: Setting watchdog for 200 seconds at Thu Mar 14 14:27:43 UTC 2019
1 ms. Memory: 1064448K Free: 1039157K (98%)
ptolemy.util.test.WatchDog.cancel(): canceling Thu Mar 14 14:27:43 UTC 2019
------------------ testing $PTII/ptolemy/domains/de/test/auto/ResettableTimer6.xml
auto.tcl: Setting watchdog for 200 seconds at Thu Mar 14 14:27:43 UTC 2019
4 ms. Memory: 1064448K Free: 1028147K (97%)
ptolemy.util.test.WatchDog.cancel(): canceling Thu Mar 14 14:27:43 UTC 2019
auto.tcl: Setting watchdog for 200 seconds at Thu Mar 14 14:27:43 UTC 2019
2 ms. Memory: 1064448K Free: 1028147K (97%)
ptolemy.util.test.WatchDog.cancel(): canceling Thu Mar 14 14:27:43 UTC 2019
------------------ testing $PTII/ptolemy/domains/de/test/auto/ServerZeroDelay.xml
auto.tcl: Setting watchdog for 200 seconds at Thu Mar 14 14:27:43 UTC 2019
4 ms. Memory: 1064448K Free: 1039097K (98%)
ptolemy.util.test.WatchDog.cancel(): canceling Thu Mar 14 14:27:43 UTC 2019
auto.tcl: Setting watchdog for 200 seconds at Thu Mar 14 14:27:43 UTC 2019
2 ms. Memory: 1064448K Free: 1039097K (98%)
ptolemy.util.test.WatchDog.cancel(): canceling Thu Mar 14 14:27:43 UTC 2019
------------------ testing $PTII/ptolemy/domains/de/test/auto/SmartSender.xml
auto.tcl: Setting watchdog for 200 seconds at Thu Mar 14 14:27:43 UTC 2019
3002 ms. Memory: 1064448K Free: 1029272K (97%)
ptolemy.util.test.WatchDog.cancel(): canceling Thu Mar 14 14:27:46 UTC 2019
auto.tcl: Setting watchdog for 200 seconds at Thu Mar 14 14:27:46 UTC 2019
3001 ms. Memory: 1064448K Free: 1029272K (97%)
ptolemy.util.test.WatchDog.cancel(): canceling Thu Mar 14 14:27:49 UTC 2019
------------------ testing $PTII/ptolemy/domains/de/test/auto/ThreadedComposite.xml
auto.tcl: Setting watchdog for 200 seconds at Thu Mar 14 14:27:49 UTC 2019
181 ms. Memory: 1064448K Free: 997608K (94%)
ptolemy.util.test.WatchDog.cancel(): canceling Thu Mar 14 14:27:49 UTC 2019
auto.tcl: Setting watchdog for 200 seconds at Thu Mar 14 14:27:49 UTC 2019
147 ms. Memory: 1064448K Free: 977968K (92%)
ptolemy.util.test.WatchDog.cancel(): canceling Thu Mar 14 14:27:50 UTC 2019
------------------ testing $PTII/ptolemy/domains/de/test/auto/Time.xml
auto.tcl: Setting watchdog for 200 seconds at Thu Mar 14 14:27:50 UTC 2019
480 ms. Memory: 1064448K Free: 988577K (93%)
ptolemy.util.test.WatchDog.cancel(): canceling Thu Mar 14 14:27:50 UTC 2019
auto.tcl: Setting watchdog for 200 seconds at Thu Mar 14 14:27:50 UTC 2019
432 ms. Memory: 1064448K Free: 944988K (89%)
ptolemy.util.test.WatchDog.cancel(): canceling Thu Mar 14 14:27:50 UTC 2019
------------------ testing $PTII/ptolemy/domains/de/test/auto/TimeDelayZeroDelay.xml
auto.tcl: Setting watchdog for 200 seconds at Thu Mar 14 14:27:51 UTC 2019
2 ms. Memory: 1064448K Free: 1037875K (98%)
ptolemy.util.test.WatchDog.cancel(): canceling Thu Mar 14 14:27:51 UTC 2019
auto.tcl: Setting watchdog for 200 seconds at Thu Mar 14 14:27:51 UTC 2019
2 ms. Memory: 1064448K Free: 1037875K (98%)
ptolemy.util.test.WatchDog.cancel(): canceling Thu Mar 14 14:27:51 UTC 2019
------------------ testing $PTII/ptolemy/domains/de/test/auto/TimerZeroDelay.xml
auto.tcl: Setting watchdog for 200 seconds at Thu Mar 14 14:27:51 UTC 2019
3 ms. Memory: 1063424K Free: 1036894K (98%)
ptolemy.util.test.WatchDog.cancel(): canceling Thu Mar 14 14:27:51 UTC 2019
auto.tcl: Setting watchdog for 200 seconds at Thu Mar 14 14:27:51 UTC 2019
2 ms. Memory: 1063424K Free: 1036894K (98%)
ptolemy.util.test.WatchDog.cancel(): canceling Thu Mar 14 14:27:51 UTC 2019
------------------ testing $PTII/ptolemy/domains/de/test/auto/TimingParadox.xml
auto.tcl: Setting watchdog for 200 seconds at Thu Mar 14 14:27:51 UTC 2019
317 ms. Memory: 1063936K Free: 975222K (92%)
ptolemy.util.test.WatchDog.cancel(): canceling Thu Mar 14 14:27:51 UTC 2019
auto.tcl: Setting watchdog for 200 seconds at Thu Mar 14 14:27:51 UTC 2019
298 ms. Memory: 1063936K Free: 942531K (89%)
ptolemy.util.test.WatchDog.cancel(): canceling Thu Mar 14 14:27:51 UTC 2019
------------------ testing $PTII/ptolemy/domains/de/test/auto/TransferInputs.xml
auto.tcl: Setting watchdog for 200 seconds at Thu Mar 14 14:27:52 UTC 2019
2 ms. Memory: 1063424K Free: 1037007K (98%)
ptolemy.util.test.WatchDog.cancel(): canceling Thu Mar 14 14:27:52 UTC 2019
auto.tcl: Setting watchdog for 200 seconds at Thu Mar 14 14:27:52 UTC 2019
2 ms. Memory: 1063424K Free: 1037007K (98%)
ptolemy.util.test.WatchDog.cancel(): canceling Thu Mar 14 14:27:52 UTC 2019
------------------ testing $PTII/ptolemy/domains/de/test/auto/TransferOutputs2.xml
auto.tcl: Setting watchdog for 200 seconds at Thu Mar 14 14:27:52 UTC 2019
3 ms. Memory: 1063936K Free: 1038620K (98%)
ptolemy.util.test.WatchDog.cancel(): canceling Thu Mar 14 14:27:52 UTC 2019
auto.tcl: Setting watchdog for 200 seconds at Thu Mar 14 14:27:52 UTC 2019
3 ms. Memory: 1063936K Free: 1038620K (98%)
ptolemy.util.test.WatchDog.cancel(): canceling Thu Mar 14 14:27:52 UTC 2019
------------------ testing $PTII/ptolemy/domains/de/test/auto/Trilateration.xml
auto.tcl: Setting watchdog for 200 seconds at Thu Mar 14 14:27:52 UTC 2019
13665 ms. Memory: 1016320K Free: 64407K (6%)
ptolemy.util.test.WatchDog.cancel(): canceling Thu Mar 14 14:28:06 UTC 2019
auto.tcl: Setting watchdog for 200 seconds at Thu Mar 14 14:28:06 UTC 2019
10453 ms. Memory: 849408K Free: 794673K (94%)
ptolemy.util.test.WatchDog.cancel(): canceling Thu Mar 14 14:28:17 UTC 2019
------------------ testing $PTII/ptolemy/domains/de/test/auto/TwoSigmaDelta.xml
auto.tcl: Setting watchdog for 200 seconds at Thu Mar 14 14:28:17 UTC 2019
2948 ms. Memory: 853504K Free: 542883K (64%)
ptolemy.util.test.WatchDog.cancel(): canceling Thu Mar 14 14:28:20 UTC 2019
auto.tcl: Setting watchdog for 200 seconds at Thu Mar 14 14:28:20 UTC 2019
1988 ms. Memory: 853504K Free: 305828K (36%)
ptolemy.util.test.WatchDog.cancel(): canceling Thu Mar 14 14:28:22 UTC 2019
------------------ testing $PTII/ptolemy/domains/de/test/auto/VariableDelay.xml
auto.tcl: Setting watchdog for 200 seconds at Thu Mar 14 14:28:22 UTC 2019
3 ms. Memory: 849920K Free: 826348K (97%)
ptolemy.util.test.WatchDog.cancel(): canceling Thu Mar 14 14:28:22 UTC 2019
auto.tcl: Setting watchdog for 200 seconds at Thu Mar 14 14:28:22 UTC 2019
1 ms. Memory: 849920K Free: 826348K (97%)
ptolemy.util.test.WatchDog.cancel(): canceling Thu Mar 14 14:28:22 UTC 2019
------------------ testing $PTII/ptolemy/domains/de/test/auto/VariableDelay2.xml
auto.tcl: Setting watchdog for 200 seconds at Thu Mar 14 14:28:22 UTC 2019
2 ms. Memory: 849408K Free: 826352K (97%)
ptolemy.util.test.WatchDog.cancel(): canceling Thu Mar 14 14:28:22 UTC 2019
auto.tcl: Setting watchdog for 200 seconds at Thu Mar 14 14:28:22 UTC 2019
2 ms. Memory: 849408K Free: 826352K (97%)
ptolemy.util.test.WatchDog.cancel(): canceling Thu Mar 14 14:28:22 UTC 2019
------------------ testing $PTII/ptolemy/domains/de/test/auto/VariableDelayZeroDelay.xml
auto.tcl: Setting watchdog for 200 seconds at Thu Mar 14 14:28:22 UTC 2019
2 ms. Memory: 849408K Free: 826351K (97%)
ptolemy.util.test.WatchDog.cancel(): canceling Thu Mar 14 14:28:22 UTC 2019
auto.tcl: Setting watchdog for 200 seconds at Thu Mar 14 14:28:22 UTC 2019
2 ms. Memory: 849408K Free: 826351K (97%)
ptolemy.util.test.WatchDog.cancel(): canceling Thu Mar 14 14:28:22 UTC 2019
------------------ testing $PTII/ptolemy/domains/de/test/auto/VariableDelayZeroDelay2.xml
auto.tcl: Setting watchdog for 200 seconds at Thu Mar 14 14:28:22 UTC 2019
2 ms. Memory: 852480K Free: 821741K (96%)
ptolemy.util.test.WatchDog.cancel(): canceling Thu Mar 14 14:28:22 UTC 2019
auto.tcl: Setting watchdog for 200 seconds at Thu Mar 14 14:28:22 UTC 2019
2 ms. Memory: 852480K Free: 821741K (96%)
ptolemy.util.test.WatchDog.cancel(): canceling Thu Mar 14 14:28:22 UTC 2019
------------------ testing $PTII/ptolemy/domains/de/test/auto/deInCt.xml
auto.tcl: Setting watchdog for 200 seconds at Thu Mar 14 14:28:22 UTC 2019
0
1
1
1
0
0
0
0
1
1
0
0
1
1
0
0
0
1
1
1
0
0
0
1
1
1
0
0
0
1
1
1
0
0
1
1
1
1
0
0
0
0
1
1
1
0
0
0
1
1
1
1
22 ms. Memory: 849408K Free: 818563K (96%)
ptolemy.util.test.WatchDog.cancel(): canceling Thu Mar 14 14:28:22 UTC 2019
auto.tcl: Setting watchdog for 200 seconds at Thu Mar 14 14:28:22 UTC 2019
0
1
1
1
0
0
0
0
1
1
1
0
0
0
1
1
1
0
0
0
1
1
1
0
0
0
1
1
1
0
0
0
1
1
1
1
0
0
0
1
1
1
0
0
0
1
1
1
0
0
0
0
0
7 ms. Memory: 849408K Free: 818563K (96%)
ptolemy.util.test.WatchDog.cancel(): canceling Thu Mar 14 14:28:22 UTC 2019
------------------ testing $PTII/ptolemy/domains/de/test/auto/deInCt2.xml
auto.tcl: Setting watchdog for 200 seconds at Thu Mar 14 14:28:22 UTC 2019
0
1
1
1
0
0
1
1
1
0
0
1
1
1
0
0
1
1
1
0
0
1
1
1
0
0
1
1
1
0
0
1
1
1
0
0
1
1
1
0
0
0
6 ms. Memory: 852480K Free: 829314K (97%)
ptolemy.util.test.WatchDog.cancel(): canceling Thu Mar 14 14:28:22 UTC 2019
auto.tcl: Setting watchdog for 200 seconds at Thu Mar 14 14:28:22 UTC 2019
0
1
1
1
0
0
1
1
1
0
0
1
1
1
0
0
1
1
1
0
0
1
1
1
0
0
1
1
1
0
0
1
1
1
0
0
1
1
1
0
0
0
5 ms. Memory: 852480K Free: 829314K (97%)
ptolemy.util.test.WatchDog.cancel(): canceling Thu Mar 14 14:28:22 UTC 2019
------------------ testing $PTII/ptolemy/domains/de/test/auto/dynamicCausalityInterface1.xml
auto.tcl: Setting watchdog for 200 seconds at Thu Mar 14 14:28:22 UTC 2019
1 ms. Memory: 849408K Free: 826341K (97%)
ptolemy.util.test.WatchDog.cancel(): canceling Thu Mar 14 14:28:22 UTC 2019
auto.tcl: Setting watchdog for 200 seconds at Thu Mar 14 14:28:22 UTC 2019
0 ms. Memory: 849408K Free: 826341K (97%)
ptolemy.util.test.WatchDog.cancel(): canceling Thu Mar 14 14:28:22 UTC 2019
------------------ testing $PTII/ptolemy/domains/de/test/auto/fsm_de_test.xml
auto.tcl: Setting watchdog for 200 seconds at Thu Mar 14 14:28:22 UTC 2019
10 ms. Memory: 851968K Free: 821116K (96%)
ptolemy.util.test.WatchDog.cancel(): canceling Thu Mar 14 14:28:23 UTC 2019
auto.tcl: Setting watchdog for 200 seconds at Thu Mar 14 14:28:23 UTC 2019
5 ms. Memory: 851968K Free: 821116K (96%)
ptolemy.util.test.WatchDog.cancel(): canceling Thu Mar 14 14:28:23 UTC 2019
------------------ testing $PTII/ptolemy/domains/de/test/auto/functionDependencyReconstruction.xml
auto.tcl: Setting watchdog for 200 seconds at Thu Mar 14 14:28:23 UTC 2019
9 ms. Memory: 849408K Free: 807902K (95%)
ptolemy.util.test.WatchDog.cancel(): canceling Thu Mar 14 14:28:23 UTC 2019
auto.tcl: Setting watchdog for 200 seconds at Thu Mar 14 14:28:23 UTC 2019
3 ms. Memory: 849408K Free: 807902K (95%)
ptolemy.util.test.WatchDog.cancel(): canceling Thu Mar 14 14:28:23 UTC 2019
------------------ testing $PTII/ptolemy/domains/de/test/auto/multirate.xml
auto.tcl: Setting watchdog for 200 seconds at Thu Mar 14 14:28:23 UTC 2019
3 ms. Memory: 851456K Free: 820471K (96%)
ptolemy.util.test.WatchDog.cancel(): canceling Thu Mar 14 14:28:23 UTC 2019
auto.tcl: Setting watchdog for 200 seconds at Thu Mar 14 14:28:23 UTC 2019
3 ms. Memory: 851456K Free: 820471K (96%)
ptolemy.util.test.WatchDog.cancel(): canceling Thu Mar 14 14:28:23 UTC 2019
------------------ testing $PTII/ptolemy/domains/de/test/auto/multirate2.xml
auto.tcl: Setting watchdog for 200 seconds at Thu Mar 14 14:28:23 UTC 2019
4 ms. Memory: 849408K Free: 818610K (96%)
ptolemy.util.test.WatchDog.cancel(): canceling Thu Mar 14 14:28:23 UTC 2019
auto.tcl: Setting watchdog for 200 seconds at Thu Mar 14 14:28:23 UTC 2019
3 ms. Memory: 849408K Free: 818610K (96%)
ptolemy.util.test.WatchDog.cancel(): canceling Thu Mar 14 14:28:23 UTC 2019
------------------ testing $PTII/ptolemy/domains/de/test/auto/realtime.xml
auto.tcl: Setting watchdog for 200 seconds at Thu Mar 14 14:28:23 UTC 2019
10001 ms. Memory: 851456K Free: 820553K (96%)
ptolemy.util.test.WatchDog.cancel(): canceling Thu Mar 14 14:28:33 UTC 2019
auto.tcl: Setting watchdog for 200 seconds at Thu Mar 14 14:28:33 UTC 2019
10003 ms. Memory: 851456K Free: 820553K (96%)
ptolemy.util.test.WatchDog.cancel(): canceling Thu Mar 14 14:28:43 UTC 2019
------------------ testing $PTII/ptolemy/domains/de/test/auto/relationGroup.xml
auto.tcl: Setting watchdog for 200 seconds at Thu Mar 14 14:28:43 UTC 2019
2 ms. Memory: 849408K Free: 818635K (96%)
ptolemy.util.test.WatchDog.cancel(): canceling Thu Mar 14 14:28:43 UTC 2019
auto.tcl: Setting watchdog for 200 seconds at Thu Mar 14 14:28:43 UTC 2019
2 ms. Memory: 849408K Free: 818635K (96%)
ptolemy.util.test.WatchDog.cancel(): canceling Thu Mar 14 14:28:43 UTC 2019
------------------ testing $PTII/ptolemy/domains/de/test/auto/relationGroup2.xml
auto.tcl: Setting watchdog for 200 seconds at Thu Mar 14 14:28:43 UTC 2019
2 ms. Memory: 850944K Free: 820198K (96%)
ptolemy.util.test.WatchDog.cancel(): canceling Thu Mar 14 14:28:43 UTC 2019
auto.tcl: Setting watchdog for 200 seconds at Thu Mar 14 14:28:43 UTC 2019
1 ms. Memory: 850944K Free: 820198K (96%)
ptolemy.util.test.WatchDog.cancel(): canceling Thu Mar 14 14:28:43 UTC 2019
------------------ testing $PTII/ptolemy/domains/de/test/auto/sortWithOpaquePorts.xml
auto.tcl: Setting watchdog for 200 seconds at Thu Mar 14 14:28:43 UTC 2019
1 ms. Memory: 849408K Free: 818662K (96%)
ptolemy.util.test.WatchDog.cancel(): canceling Thu Mar 14 14:28:43 UTC 2019
auto.tcl: Setting watchdog for 200 seconds at Thu Mar 14 14:28:43 UTC 2019
1 ms. Memory: 849408K Free: 818662K (96%)
ptolemy.util.test.WatchDog.cancel(): canceling Thu Mar 14 14:28:43 UTC 2019
------------------ testing $PTII/ptolemy/domains/de/test/auto/transferInputsandOutputs.xml
auto.tcl: Setting watchdog for 200 seconds at Thu Mar 14 14:28:43 UTC 2019
2 ms. Memory: 850944K Free: 820185K (96%)
ptolemy.util.test.WatchDog.cancel(): canceling Thu Mar 14 14:28:43 UTC 2019
auto.tcl: Setting watchdog for 200 seconds at Thu Mar 14 14:28:43 UTC 2019
3 ms. Memory: 850944K Free: 820185K (96%)
ptolemy.util.test.WatchDog.cancel(): canceling Thu Mar 14 14:28:43 UTC 2019
------------------ testing $PTII/ptolemy/domains/de/test/auto/triggerType.xml
auto.tcl: Setting watchdog for 200 seconds at Thu Mar 14 14:28:43 UTC 2019
2 ms. Memory: 849408K Free: 818600K (96%)
ptolemy.util.test.WatchDog.cancel(): canceling Thu Mar 14 14:28:43 UTC 2019
auto.tcl: Setting watchdog for 200 seconds at Thu Mar 14 14:28:43 UTC 2019
1 ms. Memory: 849408K Free: 818600K (96%)
ptolemy.util.test.WatchDog.cancel(): canceling Thu Mar 14 14:28:43 UTC 2019
03/14/19 02:28:43
Failed: 0  Total Tests: 192  ((Passed: 187, Newly Passed: 1)  Known Failed: 5) /home/travis/build/icyphy/ptII/ptolemy/domains/de/test
03/14/19 02:28:43
Failed: 0  Total Tests: 192  ((Passed: 187, Newly Passed: 1)  Known Failed: 5) /home/travis/build/icyphy/ptII/ptolemy/domains/de/test
----------------- testing (KnownFailure) /home/travis/build/icyphy/ptII/ptolemy/domains/de/test/auto/knownFailedTests/DESDFClockTest.xml
2009 ms. Memory: 850432K Free: 804214K (95%)
Known Failure: java.lang.reflect.InvocationTargetException
----------------- testing (KnownFailure) /home/travis/build/icyphy/ptII/ptolemy/domains/de/test/auto/knownFailedTests/DirectFeedback.xml
2 ms. Memory: 850432K Free: 742773K (87%)
Known Failure: java.lang.reflect.InvocationTargetException
----------------- testing (KnownFailure) /home/travis/build/icyphy/ptII/ptolemy/domains/de/test/auto/knownFailedTests/FSMSource.xml
4 ms. Memory: 850432K Free: 681333K (80%)
----------------- testing (KnownFailure) /home/travis/build/icyphy/ptII/ptolemy/domains/de/test/auto/knownFailedTests/HierarchicalModel.xml
2 ms. Memory: 850432K Free: 635253K (75%)
Known Failure: java.lang.reflect.InvocationTargetException
----------------- testing (KnownFailure) /home/travis/build/icyphy/ptII/ptolemy/domains/de/test/auto/knownFailedTests/dependencyLoop.xml
2 ms. Memory: 850432K Free: 573813K (67%)
Known Failure: java.lang.reflect.InvocationTargetException
----------------- testing (KnownFailure) /home/travis/build/icyphy/ptII/ptolemy/domains/de/test/auto/knownFailedTests/dependencyLoop2.xml
2 ms. Memory: 850432K Free: 512372K (60%)
Known Failure: java.lang.reflect.InvocationTargetException
No auto/linux-amd64/*.xml tests in /home/travis/build/icyphy/ptII/ptolemy/domains/de/test
AutoTests.java: About to close Vertx.
AutoTests.java: Vertx closed.

===========================================================================================
----------------- testing Thu Mar 14 14:28:45 UTC 2019 /home/travis/build/icyphy/ptII/ptolemy/domains/de/test/auto/ActorDepthCalculation_actorWithoutPorts.xml
----------------- Instantiating /home/travis/build/icyphy/ptII/ptolemy/domains/de/test/auto/ActorDepthCalculation_actorWithoutPorts.xml
3 ms. Memory: 850432K Free: 435572K (51%)
----------------- Invoking toplevel() on ptolemy.moml.MoMLSimpleApplication@5b5e0e85
----------------- Done invoking toplevel() on ptolemy.moml.MoMLSimpleApplication@5b5e0e85
reloadAllAccessors: .ActorDepthCalculation_actorWithoutPorts

===========================================================================================
----------------- testing Thu Mar 14 14:28:45 UTC 2019 /home/travis/build/icyphy/ptII/ptolemy/domains/de/test/auto/AssemblyLine.xml
----------------- Instantiating /home/travis/build/icyphy/ptII/ptolemy/domains/de/test/auto/AssemblyLine.xml
3 ms. Memory: 850432K Free: 404852K (48%)
----------------- Invoking toplevel() on ptolemy.moml.MoMLSimpleApplication@4f9c6283
----------------- Done invoking toplevel() on ptolemy.moml.MoMLSimpleApplication@4f9c6283
reloadAllAccessors: .AssemblyLine

===========================================================================================
----------------- testing Thu Mar 14 14:28:45 UTC 2019 /home/travis/build/icyphy/ptII/ptolemy/domains/de/test/auto/CQBug1.xml
----------------- Instantiating /home/travis/build/icyphy/ptII/ptolemy/domains/de/test/auto/CQBug1.xml
1 ms. Memory: 850432K Free: 374132K (44%)
----------------- Invoking toplevel() on ptolemy.moml.MoMLSimpleApplication@42b77f34
----------------- Done invoking toplevel() on ptolemy.moml.MoMLSimpleApplication@42b77f34
reloadAllAccessors: .CQBug1

===========================================================================================
----------------- testing Thu Mar 14 14:28:45 UTC 2019 /home/travis/build/icyphy/ptII/ptolemy/domains/de/test/auto/CancelFireAt.xml
----------------- Instantiating /home/travis/build/icyphy/ptII/ptolemy/domains/de/test/auto/CancelFireAt.xml
0 ms. Memory: 850432K Free: 343412K (40%)
----------------- Invoking toplevel() on ptolemy.moml.MoMLSimpleApplication@6bbb0d05
----------------- Done invoking toplevel() on ptolemy.moml.MoMLSimpleApplication@6bbb0d05
reloadAllAccessors: .CancelFireAt

===========================================================================================
----------------- testing Thu Mar 14 14:28:45 UTC 2019 /home/travis/build/icyphy/ptII/ptolemy/domains/de/test/auto/CausalityAndComposabilityAnalysis.xml
----------------- Instantiating /home/travis/build/icyphy/ptII/ptolemy/domains/de/test/auto/CausalityAndComposabilityAnalysis.xml
3 ms. Memory: 850432K Free: 312692K (37%)
----------------- Invoking toplevel() on ptolemy.moml.MoMLSimpleApplication@3de4a4d8
----------------- Done invoking toplevel() on ptolemy.moml.MoMLSimpleApplication@3de4a4d8
reloadAllAccessors: .CausalityAndComposabilityAnalysis

===========================================================================================
----------------- testing Thu Mar 14 14:28:45 UTC 2019 /home/travis/build/icyphy/ptII/ptolemy/domains/de/test/auto/CausalityInterface1.xml
----------------- Instantiating /home/travis/build/icyphy/ptII/ptolemy/domains/de/test/auto/CausalityInterface1.xml
3 ms. Memory: 850432K Free: 281972K (33%)
----------------- Invoking toplevel() on ptolemy.moml.MoMLSimpleApplication@3e858b1c
----------------- Done invoking toplevel() on ptolemy.moml.MoMLSimpleApplication@3e858b1c
reloadAllAccessors: .CausalityInterface1

===========================================================================================
----------------- testing Thu Mar 14 14:28:45 UTC 2019 /home/travis/build/icyphy/ptII/ptolemy/domains/de/test/auto/CausalityInterface15.xml
----------------- Instantiating /home/travis/build/icyphy/ptII/ptolemy/domains/de/test/auto/CausalityInterface15.xml
1 ms. Memory: 850432K Free: 251252K (30%)
----------------- Invoking toplevel() on ptolemy.moml.MoMLSimpleApplication@7f835d9d
[...]
java.lang.RuntimeException: Execution failed
	at ptolemy.moml.MoMLSimpleApplication$UnloadThread.run(MoMLSimpleApplication.java:402)
Caused by: ptolemy.kernel.util.IllegalActionException: Test fails in iteration 1.
Value was: 1.0. Should have been: 2.0
  in .DirectFeedback.Test
	at ptolemy.actor.lib.Test.fire(Test.java:268)
	at ptolemy.domains.de.kernel.DEDirector._fire(DEDirector.java:1949)
	at ptolemy.domains.de.kernel.DEDirector.fire(DEDirector.java:502)
	at ptolemy.actor.CompositeActor.fire(CompositeActor.java:455)
	at ptolemy.actor.Manager.iterate(Manager.java:851)
	at ptolemy.actor.Manager.execute(Manager.java:369)
	at ptolemy.actor.Manager.run(Manager.java:1263)
	at ptolemy.actor.Manager$PtolemyRunThread.run(Manager.java:1915)
java.lang.RuntimeException: Execution failed
	at ptolemy.moml.MoMLSimpleApplication$UnloadThread.run(MoMLSimpleApplication.java:402)
Caused by: ptolemy.kernel.util.IllegalActionException: Actor is not ready to fire.  Perhaps UpSample.prefire() returned false? Try debugging the actor by selecting "Listen to Actor".  Also, for SDF check moml for tokenConsumptionRate on input.
  in .DESDFClockTest.Play Bell.Copy1:SDF Director and .DESDFClockTest.Play Bell.UpSample
	at ptolemy.actor.sched.StaticSchedulingDirector.fire(StaticSchedulingDirector.java:227)
	at ptolemy.domains.sdf.kernel.SDFDirector.fire(SDFDirector.java:500)
	at ptolemy.actor.CompositeActor.fire(CompositeActor.java:455)
	at ptolemy.domains.de.kernel.DEDirector._fire(DEDirector.java:1949)
	at ptolemy.domains.de.kernel.DEDirector.fire(DEDirector.java:502)
	at ptolemy.actor.CompositeActor.fire(CompositeActor.java:455)
	at ptolemy.actor.Manager.iterate(Manager.java:851)
	at ptolemy.actor.Manager.execute(Manager.java:369)
	at ptolemy.actor.Manager.run(Manager.java:1263)
	at ptolemy.actor.Manager$PtolemyRunThread.run(Manager.java:1915)
java.lang.reflect.InvocationTargetException
	at sun.reflect.NativeConstructorAccessorImpl.newInstance0(Native Method)
	at sun.reflect.NativeConstructorAccessorImpl.newInstance(NativeConstructorAccessorImpl.java:62)
	at sun.reflect.DelegatingConstructorAccessorImpl.newInstance(DelegatingConstructorAccessorImpl.java:45)
	at java.lang.reflect.Constructor.newInstance(Constructor.java:423)
	at ptolemy.util.test.junit.AutoKnownFailedTests.RunModel(AutoKnownFailedTests.java:105)
	at sun.reflect.NativeMethodAccessorImpl.invoke0(Native Method)
	at sun.reflect.NativeMethodAccessorImpl.invoke(NativeMethodAccessorImpl.java:62)
	at sun.reflect.DelegatingMethodAccessorImpl.invoke(DelegatingMethodAccessorImpl.java:43)
	at java.lang.reflect.Method.invoke(Method.java:498)
	at org.junit.runners.model.FrameworkMethod$1.runReflectiveCall(FrameworkMethod.java:44)
	at org.junit.internal.runners.model.ReflectiveCallable.run(ReflectiveCallable.java:15)
	at org.junit.runners.model.FrameworkMethod.invokeExplosively(FrameworkMethod.java:41)
	at junitparams.internal.InvokeParameterisedMethod.evaluate(InvokeParameterisedMethod.java:102)
	at org.junit.internal.runners.statements.FailOnTimeout$1.run(FailOnTimeout.java:28)
Caused by: ptolemy.kernel.util.IllegalActionException: Actor is not ready to fire.  Perhaps UpSample.prefire() returned false? Try debugging the actor by selecting "Listen to Actor".  Also, for SDF check moml for tokenConsumptionRate on input.
  in .DESDFClockTest.Play Bell.Copy1:SDF Director and .DESDFClockTest.Play Bell.UpSample
	at ptolemy.actor.sched.StaticSchedulingDirector.fire(StaticSchedulingDirector.java:227)
	at ptolemy.domains.sdf.kernel.SDFDirector.fire(SDFDirector.java:500)
	at ptolemy.actor.CompositeActor.fire(CompositeActor.java:455)
	at ptolemy.domains.de.kernel.DEDirector._fire(DEDirector.java:1949)
	at ptolemy.domains.de.kernel.DEDirector.fire(DEDirector.java:502)
	at ptolemy.actor.CompositeActor.fire(CompositeActor.java:455)
	at ptolemy.actor.Manager.iterate(Manager.java:851)
	at ptolemy.actor.Manager.execute(Manager.java:369)
	at ptolemy.actor.Manager.run(Manager.java:1263)
	at ptolemy.actor.Manager$PtolemyRunThread.run(Manager.java:1915)
java.lang.RuntimeException: Execution failed
	at ptolemy.moml.MoMLSimpleApplication$UnloadThread.run(MoMLSimpleApplication.java:402)
Caused by: ptolemy.kernel.util.IllegalActionException: Test fails in iteration 1.
Value was: 1.0. Should have been: 2.0
  in .DirectFeedback.Test
	at ptolemy.actor.lib.Test.fire(Test.java:268)
	at ptolemy.domains.de.kernel.DEDirector._fire(DEDirector.java:1949)
	at ptolemy.domains.de.kernel.DEDirector.fire(DEDirector.java:502)
	at ptolemy.actor.CompositeActor.fire(CompositeActor.java:455)
	at ptolemy.actor.Manager.iterate(Manager.java:851)
	at ptolemy.actor.Manager.execute(Manager.java:369)
	at ptolemy.actor.Manager.run(Manager.java:1263)
	at ptolemy.actor.Manager$PtolemyRunThread.run(Manager.java:1915)
java.lang.reflect.InvocationTargetException
	at sun.reflect.NativeConstructorAccessorImpl.newInstance0(Native Method)
	at sun.reflect.NativeConstructorAccessorImpl.newInstance(NativeConstructorAccessorImpl.java:62)
	at sun.reflect.DelegatingConstructorAccessorImpl.newInstance(DelegatingConstructorAccessorImpl.java:45)
	at java.lang.reflect.Constructor.newInstance(Constructor.java:423)
	at ptolemy.util.test.junit.AutoKnownFailedTests.RunModel(AutoKnownFailedTests.java:105)
	at sun.reflect.NativeMethodAccessorImpl.invoke0(Native Method)
	at sun.reflect.NativeMethodAccessorImpl.invoke(NativeMethodAccessorImpl.java:62)
	at sun.reflect.DelegatingMethodAccessorImpl.invoke(DelegatingMethodAccessorImpl.java:43)
	at java.lang.reflect.Method.invoke(Method.java:498)
	at org.junit.runners.model.FrameworkMethod$1.runReflectiveCall(FrameworkMethod.java:44)
	at org.junit.internal.runners.model.ReflectiveCallable.run(ReflectiveCallable.java:15)
	at org.junit.runners.model.FrameworkMethod.invokeExplosively(FrameworkMethod.java:41)
	at junitparams.internal.InvokeParameterisedMethod.evaluate(InvokeParameterisedMethod.java:102)
	at org.junit.internal.runners.statements.FailOnTimeout$1.run(FailOnTimeout.java:28)
Caused by: ptolemy.kernel.util.IllegalActionException: Test fails in iteration 1.
Value was: 1.0. Should have been: 2.0
  in .DirectFeedback.Test
	at ptolemy.actor.lib.Test.fire(Test.java:268)
	at ptolemy.domains.de.kernel.DEDirector._fire(DEDirector.java:1949)
	at ptolemy.domains.de.kernel.DEDirector.fire(DEDirector.java:502)
	at ptolemy.actor.CompositeActor.fire(CompositeActor.java:455)
	at ptolemy.actor.Manager.iterate(Manager.java:851)
	at ptolemy.actor.Manager.execute(Manager.java:369)
	at ptolemy.actor.Manager.run(Manager.java:1263)
	at ptolemy.actor.Manager$PtolemyRunThread.run(Manager.java:1915)
java.lang.RuntimeException: Execution failed
	at ptolemy.moml.MoMLSimpleApplication$UnloadThread.run(MoMLSimpleApplication.java:402)
Caused by: ptolemy.kernel.util.IllegalActionException: Found a zero delay loop containing .HierarchicalModel.A
  in .HierarchicalModel and .HierarchicalModel.A
	at ptolemy.actor.util.CausalityInterfaceForComposites._computeOutputPortDepth(CausalityInterfaceForComposites.java:759)
	at ptolemy.actor.util.CausalityInterfaceForComposites._computeInputDepth(CausalityInterfaceForComposites.java:696)
	at ptolemy.actor.util.CausalityInterfaceForComposites._computeOutputPortDepth(CausalityInterfaceForComposites.java:765)
	at ptolemy.actor.util.CausalityInterfaceForComposites._computeInputDepth(CausalityInterfaceForComposites.java:696)
	at ptolemy.actor.util.CausalityInterfaceForComposites._computeOutputPortDepth(CausalityInterfaceForComposites.java:765)
	at ptolemy.actor.util.CausalityInterfaceForComposites._computeInputDepth(CausalityInterfaceForComposites.java:696)
	at ptolemy.actor.util.CausalityInterfaceForComposites._computeActorDepth(CausalityInterfaceForComposites.java:532)
	at ptolemy.actor.util.CausalityInterfaceForComposites.checkForCycles(CausalityInterfaceForComposites.java:96)
	at ptolemy.domains.de.kernel.DEDirector.preinitialize(DEDirector.java:1338)
	at ptolemy.actor.CompositeActor.preinitialize(CompositeActor.java:1828)
	at ptolemy.actor.Manager.preinitializeAndResolveTypes(Manager.java:1040)
	at ptolemy.actor.Manager.initialize(Manager.java:710)
	at ptolemy.actor.Manager.execute(Manager.java:356)
	at ptolemy.actor.Manager.run(Manager.java:1263)
	at ptolemy.actor.Manager$PtolemyRunThread.run(Manager.java:1915)
java.lang.reflect.InvocationTargetException
	at sun.reflect.NativeConstructorAccessorImpl.newInstance0(Native Method)
	at sun.reflect.NativeConstructorAccessorImpl.newInstance(NativeConstructorAccessorImpl.java:62)
	at sun.reflect.DelegatingConstructorAccessorImpl.newInstance(DelegatingConstructorAccessorImpl.java:45)
	at java.lang.reflect.Constructor.newInstance(Constructor.java:423)
	at ptolemy.util.test.junit.AutoKnownFailedTests.RunModel(AutoKnownFailedTests.java:105)
	at sun.reflect.NativeMethodAccessorImpl.invoke0(Native Method)
	at sun.reflect.NativeMethodAccessorImpl.invoke(NativeMethodAccessorImpl.java:62)
	at sun.reflect.DelegatingMethodAccessorImpl.invoke(DelegatingMethodAccessorImpl.java:43)
	at java.lang.reflect.Method.invoke(Method.java:498)
	at org.junit.runners.model.FrameworkMethod$1.runReflectiveCall(FrameworkMethod.java:44)
	at org.junit.internal.runners.model.ReflectiveCallable.run(ReflectiveCallable.java:15)
	at org.junit.runners.model.FrameworkMethod.invokeExplosively(FrameworkMethod.java:41)
	at junitparams.internal.InvokeParameterisedMethod.evaluate(InvokeParameterisedMethod.java:102)
	at org.junit.internal.runners.statements.FailOnTimeout$1.run(FailOnTimeout.java:28)
Caused by: ptolemy.kernel.util.IllegalActionException: Found a zero delay loop containing .HierarchicalModel.A
  in .HierarchicalModel and .HierarchicalModel.A
	at ptolemy.actor.util.CausalityInterfaceForComposites._computeOutputPortDepth(CausalityInterfaceForComposites.java:759)
	at ptolemy.actor.util.CausalityInterfaceForComposites._computeInputDepth(CausalityInterfaceForComposites.java:696)
	at ptolemy.actor.util.CausalityInterfaceForComposites._computeOutputPortDepth(CausalityInterfaceForComposites.java:765)
	at ptolemy.actor.util.CausalityInterfaceForComposites._computeInputDepth(CausalityInterfaceForComposites.java:696)
	at ptolemy.actor.util.CausalityInterfaceForComposites._computeOutputPortDepth(CausalityInterfaceForComposites.java:765)
	at ptolemy.actor.util.CausalityInterfaceForComposites._computeInputDepth(CausalityInterfaceForComposites.java:696)
	at ptolemy.actor.util.CausalityInterfaceForComposites._computeActorDepth(CausalityInterfaceForComposites.java:532)
	at ptolemy.actor.util.CausalityInterfaceForComposites.checkForCycles(CausalityInterfaceForComposites.java:96)
	at ptolemy.domains.de.kernel.DEDirector.preinitialize(DEDirector.java:1338)
	at ptolemy.actor.CompositeActor.preinitialize(CompositeActor.java:1828)
	at ptolemy.actor.Manager.preinitializeAndResolveTypes(Manager.java:1040)
	at ptolemy.actor.Manager.initialize(Manager.java:710)
	at ptolemy.actor.Manager.execute(Manager.java:356)
	at ptolemy.actor.Manager.run(Manager.java:1263)
	at ptolemy.actor.Manager$PtolemyRunThread.run(Manager.java:1915)
java.lang.RuntimeException: Execution failed
	at ptolemy.moml.MoMLSimpleApplication$UnloadThread.run(MoMLSimpleApplication.java:402)
Caused by: ptolemy.kernel.util.IllegalActionException: Found a zero delay loop containing .dependencyLoop.original
  in .dependencyLoop and .dependencyLoop.original
	at ptolemy.actor.util.CausalityInterfaceForComposites._computeOutputPortDepth(CausalityInterfaceForComposites.java:759)
	at ptolemy.actor.util.CausalityInterfaceForComposites._computeInputDepth(CausalityInterfaceForComposites.java:696)
	at ptolemy.actor.util.CausalityInterfaceForComposites._computeOutputPortDepth(CausalityInterfaceForComposites.java:765)
	at ptolemy.actor.util.CausalityInterfaceForComposites._computeInputDepth(CausalityInterfaceForComposites.java:696)
	at ptolemy.actor.util.CausalityInterfaceForComposites._computeOutputPortDepth(CausalityInterfaceForComposites.java:765)
	at ptolemy.actor.util.CausalityInterfaceForComposites._computeInputDepth(CausalityInterfaceForComposites.java:696)
	at ptolemy.actor.util.CausalityInterfaceForComposites._computeActorDepth(CausalityInterfaceForComposites.java:532)
	at ptolemy.actor.util.CausalityInterfaceForComposites.checkForCycles(CausalityInterfaceForComposites.java:96)
	at ptolemy.domains.de.kernel.DEDirector.preinitialize(DEDirector.java:1338)
	at ptolemy.actor.CompositeActor.preinitialize(CompositeActor.java:1828)
	at ptolemy.actor.Manager.preinitializeAndResolveTypes(Manager.java:1040)
	at ptolemy.actor.Manager.initialize(Manager.java:710)
	at ptolemy.actor.Manager.execute(Manager.java:356)
	at ptolemy.actor.Manager.run(Manager.java:1263)
	at ptolemy.actor.Manager$PtolemyRunThread.run(Manager.java:1915)
java.lang.reflect.InvocationTargetException
	at sun.reflect.NativeConstructorAccessorImpl.newInstance0(Native Method)
	at sun.reflect.NativeConstructorAccessorImpl.newInstance(NativeConstructorAccessorImpl.java:62)
	at sun.reflect.DelegatingConstructorAccessorImpl.newInstance(DelegatingConstructorAccessorImpl.java:45)
	at java.lang.reflect.Constructor.newInstance(Constructor.java:423)
	at ptolemy.util.test.junit.AutoKnownFailedTests.RunModel(AutoKnownFailedTests.java:105)
	at sun.reflect.NativeMethodAccessorImpl.invoke0(Native Method)
	at sun.reflect.NativeMethodAccessorImpl.invoke(NativeMethodAccessorImpl.java:62)
	at sun.reflect.DelegatingMethodAccessorImpl.invoke(DelegatingMethodAccessorImpl.java:43)
	at java.lang.reflect.Method.invoke(Method.java:498)
	at org.junit.runners.model.FrameworkMethod$1.runReflectiveCall(FrameworkMethod.java:44)
	at org.junit.internal.runners.model.ReflectiveCallable.run(ReflectiveCallable.java:15)
	at org.junit.runners.model.FrameworkMethod.invokeExplosively(FrameworkMethod.java:41)
	at junitparams.internal.InvokeParameterisedMethod.evaluate(InvokeParameterisedMethod.java:102)
	at org.junit.internal.runners.statements.FailOnTimeout$1.run(FailOnTimeout.java:28)
Caused by: ptolemy.kernel.util.IllegalActionException: Found a zero delay loop containing .dependencyLoop.original
  in .dependencyLoop and .dependencyLoop.original
	at ptolemy.actor.util.CausalityInterfaceForComposites._computeOutputPortDepth(CausalityInterfaceForComposites.java:759)
	at ptolemy.actor.util.CausalityInterfaceForComposites._computeInputDepth(CausalityInterfaceForComposites.java:696)
	at ptolemy.actor.util.CausalityInterfaceForComposites._computeOutputPortDepth(CausalityInterfaceForComposites.java:765)
	at ptolemy.actor.util.CausalityInterfaceForComposites._computeInputDepth(CausalityInterfaceForComposites.java:696)
	at ptolemy.actor.util.CausalityInterfaceForComposites._computeOutputPortDepth(CausalityInterfaceForComposites.java:765)
	at ptolemy.actor.util.CausalityInterfaceForComposites._computeInputDepth(CausalityInterfaceForComposites.java:696)
	at ptolemy.actor.util.CausalityInterfaceForComposites._computeActorDepth(CausalityInterfaceForComposites.java:532)
	at ptolemy.actor.util.CausalityInterfaceForComposites.checkForCycles(CausalityInterfaceForComposites.java:96)
	at ptolemy.domains.de.kernel.DEDirector.preinitialize(DEDirector.java:1338)
	at ptolemy.actor.CompositeActor.preinitialize(CompositeActor.java:1828)
	at ptolemy.actor.Manager.preinitializeAndResolveTypes(Manager.java:1040)
	at ptolemy.actor.Manager.initialize(Manager.java:710)
	at ptolemy.actor.Manager.execute(Manager.java:356)
	at ptolemy.actor.Manager.run(Manager.java:1263)
	at ptolemy.actor.Manager$PtolemyRunThread.run(Manager.java:1915)
java.lang.RuntimeException: Execution failed
	at ptolemy.moml.MoMLSimpleApplication$UnloadThread.run(MoMLSimpleApplication.java:402)
Caused by: ptolemy.kernel.util.IllegalActionException: Found a zero delay loop containing .dependencyLoop2.original
  in .dependencyLoop2 and .dependencyLoop2.original
	at ptolemy.actor.util.CausalityInterfaceForComposites._computeOutputPortDepth(CausalityInterfaceForComposites.java:759)
	at ptolemy.actor.util.CausalityInterfaceForComposites._computeInputDepth(CausalityInterfaceForComposites.java:696)
	at ptolemy.actor.util.CausalityInterfaceForComposites._computeOutputPortDepth(CausalityInterfaceForComposites.java:765)
	at ptolemy.actor.util.CausalityInterfaceForComposites._computeInputDepth(CausalityInterfaceForComposites.java:696)
	at ptolemy.actor.util.CausalityInterfaceForComposites._computeOutputPortDepth(CausalityInterfaceForComposites.java:765)
	at ptolemy.actor.util.CausalityInterfaceForComposites._computeInputDepth(CausalityInterfaceForComposites.java:696)
	at ptolemy.actor.util.CausalityInterfaceForComposites._computeActorDepth(CausalityInterfaceForComposites.java:532)
	at ptolemy.actor.util.CausalityInterfaceForComposites.checkForCycles(CausalityInterfaceForComposites.java:96)
	at ptolemy.domains.de.kernel.DEDirector.preinitialize(DEDirector.java:1338)
	at ptolemy.actor.CompositeActor.preinitialize(CompositeActor.java:1828)
	at ptolemy.actor.Manager.preinitializeAndResolveTypes(Manager.java:1040)
	at ptolemy.actor.Manager.initialize(Manager.java:710)
	at ptolemy.actor.Manager.execute(Manager.java:356)
	at ptolemy.actor.Manager.run(Manager.java:1263)
	at ptolemy.actor.Manager$PtolemyRunThread.run(Manager.java:1915)
java.lang.reflect.InvocationTargetException
	at sun.reflect.NativeConstructorAccessorImpl.newInstance0(Native Method)
	at sun.reflect.NativeConstructorAccessorImpl.newInstance(NativeConstructorAccessorImpl.java:62)
	at sun.reflect.DelegatingConstructorAccessorImpl.newInstance(DelegatingConstructorAccessorImpl.java:45)
	at java.lang.reflect.Constructor.newInstance(Constructor.java:423)
	at ptolemy.util.test.junit.AutoKnownFailedTests.RunModel(AutoKnownFailedTests.java:105)
	at sun.reflect.NativeMethodAccessorImpl.invoke0(Native Method)
	at sun.reflect.NativeMethodAccessorImpl.invoke(NativeMethodAccessorImpl.java:62)
	at sun.reflect.DelegatingMethodAccessorImpl.invoke(DelegatingMethodAccessorImpl.java:43)
	at java.lang.reflect.Method.invoke(Method.java:498)
	at org.junit.runners.model.FrameworkMethod$1.runReflectiveCall(FrameworkMethod.java:44)
	at org.junit.internal.runners.model.ReflectiveCallable.run(ReflectiveCallable.java:15)
	at org.junit.runners.model.FrameworkMethod.invokeExplosively(FrameworkMethod.java:41)
	at junitparams.internal.InvokeParameterisedMethod.evaluate(InvokeParameterisedMethod.java:102)
	at org.junit.internal.runners.statements.FailOnTimeout$1.run(FailOnTimeout.java:28)
Caused by: ptolemy.kernel.util.IllegalActionException: Found a zero delay loop containing .dependencyLoop2.original
  in .dependencyLoop2 and .dependencyLoop2.original
	at ptolemy.actor.util.CausalityInterfaceForComposites._computeOutputPortDepth(CausalityInterfaceForComposites.java:759)
	at ptolemy.actor.util.CausalityInterfaceForComposites._computeInputDepth(CausalityInterfaceForComposites.java:696)
	at ptolemy.actor.util.CausalityInterfaceForComposites._computeOutputPortDepth(CausalityInterfaceForComposites.java:765)
	at ptolemy.actor.util.CausalityInterfaceForComposites._computeInputDepth(CausalityInterfaceForComposites.java:696)
	at ptolemy.actor.util.CausalityInterfaceForComposites._computeOutputPortDepth(CausalityInterfaceForComposites.java:765)
	at ptolemy.actor.util.CausalityInterfaceForComposites._computeInputDepth(CausalityInterfaceForComposites.java:696)
	at ptolemy.actor.util.CausalityInterfaceForComposites._computeActorDepth(CausalityInterfaceForComposites.java:532)
	at ptolemy.actor.util.CausalityInterfaceForComposites.checkForCycles(CausalityInterfaceForComposites.java:96)
	at ptolemy.domains.de.kernel.DEDirector.preinitialize(DEDirector.java:1338)
	at ptolemy.actor.CompositeActor.preinitialize(CompositeActor.java:1828)
	at ptolemy.actor.Manager.preinitializeAndResolveTypes(Manager.java:1040)
	at ptolemy.actor.Manager.initialize(Manager.java:710)
	at ptolemy.actor.Manager.execute(Manager.java:356)
	at ptolemy.actor.Manager.run(Manager.java:1263)
	at ptolemy.actor.Manager$PtolemyRunThread.run(Manager.java:1915)
]]></system-err>
</testsuite>
