<?xml version="1.0" encoding="UTF-8" ?>
<testsuite errors="0" failures="0" hostname="travis-job-d937744e-57fc-4bf0-9cf0-abf4552a9171" name="ptolemy.vergil.basic.export.test.junit.ExportModelJUnitTestBatch4" skipped="0" tests="85" time="617.496" timestamp="2018-11-07T03:12:50">
  <properties>
[...]
</properties>
  <testcase classname="ptolemy.vergil.basic.export.test.junit.ExportModelJUnitTestBatch4" name="[0] ptolemy/actor/lib/r/demo/RRecordToDataframe/RRecordToDataframe.xml (RunExportModel)" time="6.303" />
  <testcase classname="ptolemy.vergil.basic.export.test.junit.ExportModelJUnitTestBatch4" name="[1] ptolemy/actor/lib/security/demo/Signature/Signature.xml (RunExportModel)" time="3.94" />
  <testcase classname="ptolemy.vergil.basic.export.test.junit.ExportModelJUnitTestBatch4" name="[2] ptolemy/actor/lib/video/demo/DCT2x2dc/DCT2x2dc.xml (RunExportModel)" time="4.528" />
  <testcase classname="ptolemy.vergil.basic.export.test.junit.ExportModelJUnitTestBatch4" name="[3] ptolemy/actor/lib/video/demo/DCT4x4dc/DCT4x4dc.xml (RunExportModel)" time="4.472" />
  <testcase classname="ptolemy.vergil.basic.export.test.junit.ExportModelJUnitTestBatch4" name="[4] ptolemy/actor/lib/video/demo/DCT8x8/DCT8x8.xml (RunExportModel)" time="4.388" />
  <testcase classname="ptolemy.vergil.basic.export.test.junit.ExportModelJUnitTestBatch4" name="[5] ptolemy/actor/lib/xslt/demo/MoMLFileTransformation/MoMLFileTransformation.xml (RunExportModel)" time="5.267" />
  <testcase classname="ptolemy.vergil.basic.export.test.junit.ExportModelJUnitTestBatch4" name="[6] ptolemy/actor/lib/xslt/demo/XMLInclusion/XMLInclusion.xml (RunExportModel)" time="4.285" />
  <testcase classname="ptolemy.vergil.basic.export.test.junit.ExportModelJUnitTestBatch4" name="[7] ptolemy/actor/parameters/demo/Bouncer/Bouncer.xml (RunExportModel)" time="14.742" />
  <testcase classname="ptolemy.vergil.basic.export.test.junit.ExportModelJUnitTestBatch4" name="[8] ptolemy/actor/parameters/demo/SliderParameter/SliderParameter.xml (RunExportModel)" time="34.367" />
  <testcase classname="ptolemy.vergil.basic.export.test.junit.ExportModelJUnitTestBatch4" name="[9] ptolemy/actor/ptalon/demo/CruiseControl/CruiseControl.xml (RunExportModel)" time="4.604" />
  <testcase classname="ptolemy.vergil.basic.export.test.junit.ExportModelJUnitTestBatch4" name="[10] ptolemy/actor/ptalon/demo/EightChannelFFT/EightChannelFFT.xml (RunExportModel)" time="5.315" />
  <testcase classname="ptolemy.vergil.basic.export.test.junit.ExportModelJUnitTestBatch4" name="[11] ptolemy/actor/ptalon/demo/GameOfLife/GameOfLife.xml (RunExportModel)" time="34.88" />
  <testcase classname="ptolemy.vergil.basic.export.test.junit.ExportModelJUnitTestBatch4" name="[12] ptolemy/actor/ptalon/demo/MapReduce/MapReduce.xml (RunExportModel)" time="5.283" />
  <testcase classname="ptolemy.vergil.basic.export.test.junit.ExportModelJUnitTestBatch4" name="[13] ptolemy/actor/ptalon/demo/ModelChange/ModelChange.xml (RunExportModel)" time="4.249" />
  <testcase classname="ptolemy.vergil.basic.export.test.junit.ExportModelJUnitTestBatch4" name="[14] ptolemy/actor/ptalon/demo/SmallWorld/ParameterSweepSmallWorldFSM.xml (RunExportModel)" time="35.616" />
  <testcase classname="ptolemy.vergil.basic.export.test.junit.ExportModelJUnitTestBatch4" name="[15] ptolemy/actor/ptalon/demo/SmallWorld/ParameterSweepSmallWorldSDF.xml (RunExportModel)" time="6.596" />
  <testcase classname="ptolemy.vergil.basic.export.test.junit.ExportModelJUnitTestBatch4" name="[16] ptolemy/actor/ptalon/demo/SmallWorld/SmallWorld.xml (RunExportModel)" time="5.387" />
  <testcase classname="ptolemy.vergil.basic.export.test.junit.ExportModelJUnitTestBatch4" name="[17] ptolemy/actor/ptalon/demo/SmallWorld/SmallWorldMultiInstanceComposite.xml (RunExportModel)" time="42.106" />
  <testcase classname="ptolemy.vergil.basic.export.test.junit.ExportModelJUnitTestBatch4" name="[18] ptolemy/actor/ptalon/demo/SmallWorld/SmallWorldPtalonActor.xml (RunExportModel)" time="5.552" />
  <testcase classname="ptolemy.vergil.basic.export.test.junit.ExportModelJUnitTestBatch4" name="[19] ptolemy/actor/ptalon/demo/Unicycle/Unicycle.xml (RunExportModel)" time="4.714" />
  <testcase classname="ptolemy.vergil.basic.export.test.junit.ExportModelJUnitTestBatch4" name="[20] ptolemy/actor/ptalon/gt/demo/Adder/Adder.xml (RunExportModel)" time="3.705" />
  <testcase classname="ptolemy.vergil.basic.export.test.junit.ExportModelJUnitTestBatch4" name="[21] ptolemy/backtrack/demo/PrimeTest/PrimeTest.xml (RunExportModel)" time="6.482" />
  <testcase classname="ptolemy.vergil.basic.export.test.junit.ExportModelJUnitTestBatch4" name="[22] ptolemy/backtrack/demo/RampRollback/RampRollback.xml (RunExportModel)" time="4.371" />
  <testcase classname="ptolemy.vergil.basic.export.test.junit.ExportModelJUnitTestBatch4" name="[23] ptolemy/backtrack/demo/TrialModule/TrialModule.xml (RunExportModel)" time="34.284" />
  <testcase classname="ptolemy.vergil.basic.export.test.junit.ExportModelJUnitTestBatch4" name="[24] ptolemy/caltrop/demo/FunctionClosures/FunctionClosures.xml (RunExportModel)" time="4.722" />
  <testcase classname="ptolemy.vergil.basic.export.test.junit.ExportModelJUnitTestBatch4" name="[25] ptolemy/caltrop/demo/FunctionDefinition/FunctionDefinition.xml (RunExportModel)" time="4.507" />
  <testcase classname="ptolemy.vergil.basic.export.test.junit.ExportModelJUnitTestBatch4" name="[26] ptolemy/caltrop/demo/Primes/Primes.xml (RunExportModel)" time="4.316" />
  <testcase classname="ptolemy.vergil.basic.export.test.junit.ExportModelJUnitTestBatch4" name="[27] ptolemy/caltrop/demo/SDFDDI/SDFDDI.xml (RunExportModel)" time="4.342" />
  <testcase classname="ptolemy.vergil.basic.export.test.junit.ExportModelJUnitTestBatch4" name="[28] ptolemy/cg/adapter/generic/html/demo/HierarchicalModel/HierarchicalModel.xml (RunExportModel)" time="34.388" />
  <testcase classname="ptolemy.vergil.basic.export.test.junit.ExportModelJUnitTestBatch4" name="[29] ptolemy/cg/adapter/generic/program/procedural/c/arduino/adapters/ptolemy/vergil/actor/lib/demo/Blink/Blink.xml (RunExportModel)" time="7.062" />
  <testcase classname="ptolemy.vergil.basic.export.test.junit.ExportModelJUnitTestBatch4" name="[30] ptolemy/cg/adapter/generic/program/procedural/c/arduino/adapters/ptolemy/vergil/actor/lib/demo/Life/Life.xml (RunExportModel)" time="9.454" />
  <testcase classname="ptolemy.vergil.basic.export.test.junit.ExportModelJUnitTestBatch4" name="[31] ptolemy/cg/adapter/generic/program/procedural/c/arduino/adapters/ptolemy/vergil/actor/lib/demo/Ultrasonic/Ultrasonic.xml (RunExportModel)" time="3.242" />
  <testcase classname="ptolemy.vergil.basic.export.test.junit.ExportModelJUnitTestBatch4" name="[32] ptolemy/cg/kernel/generic/accessor/demo/TestComposite/TestComposite.xml (RunExportModel)" time="11.513" />
  <testcase classname="ptolemy.vergil.basic.export.test.junit.ExportModelJUnitTestBatch4" name="[33] ptolemy/cg/lib/demo/CompiledCompositeActor/CompiledCompositeActor.xml (RunExportModel)" time="5.173" />
  <testcase classname="ptolemy.vergil.basic.export.test.junit.ExportModelJUnitTestBatch4" name="[34] ptolemy/cg/lib/demo/DECG/DECG.xml (RunExportModel)" time="3.18" />
  <testcase classname="ptolemy.vergil.basic.export.test.junit.ExportModelJUnitTestBatch4" name="[35] ptolemy/cg/lib/demo/DECG/DECGClockRamp.xml (RunExportModel)" time="4.211" />
  <testcase classname="ptolemy.vergil.basic.export.test.junit.ExportModelJUnitTestBatch4" name="[36] ptolemy/cg/lib/demo/DECG/DECGDelay.xml (RunExportModel)" time="4.22" />
  <testcase classname="ptolemy.vergil.basic.export.test.junit.ExportModelJUnitTestBatch4" name="[37] ptolemy/cg/lib/demo/DECG/DECGHelloWorld.xml (RunExportModel)" time="4.343" />
  <testcase classname="ptolemy.vergil.basic.export.test.junit.ExportModelJUnitTestBatch4" name="[38] ptolemy/cg/lib/demo/DECG/DECGHeterogeneous.xml (RunExportModel)" time="4.305" />
  <testcase classname="ptolemy.vergil.basic.export.test.junit.ExportModelJUnitTestBatch4" name="[39] ptolemy/cg/lib/demo/DECG/DECGHeterogeneousMk2.xml (RunExportModel)" time="4.573" />
  <testcase classname="ptolemy.vergil.basic.export.test.junit.ExportModelJUnitTestBatch4" name="[40] ptolemy/cg/lib/demo/DECG/DECGMath.xml (RunExportModel)" time="4.203" />
  <testcase classname="ptolemy.vergil.basic.export.test.junit.ExportModelJUnitTestBatch4" name="[41] ptolemy/cg/lib/demo/DECG/DECGPi.xml (RunExportModel)" time="4.295" />
  <testcase classname="ptolemy.vergil.basic.export.test.junit.ExportModelJUnitTestBatch4" name="[42] ptolemy/cg/lib/demo/DECG/DECGPiSquare.xml (RunExportModel)" time="4.384" />
  <testcase classname="ptolemy.vergil.basic.export.test.junit.ExportModelJUnitTestBatch4" name="[43] ptolemy/cg/lib/demo/DECG/DECGPoisson.xml (RunExportModel)" time="4.198" />
  <testcase classname="ptolemy.vergil.basic.export.test.junit.ExportModelJUnitTestBatch4" name="[44] ptolemy/cg/lib/demo/ModularCG/ModularCG.xml (RunExportModel)" time="4.83" />
  <testcase classname="ptolemy.vergil.basic.export.test.junit.ExportModelJUnitTestBatch4" name="[45] ptolemy/cg/lib/demo/ModularCGPubSub/ModularCGPubSub.xml (RunExportModel)" time="11.494" />
  <testcase classname="ptolemy.vergil.basic.export.test.junit.ExportModelJUnitTestBatch4" name="[46] ptolemy/cg/lib/demo/Scale/Scale.xml (RunExportModel)" time="3.149" />
  <testcase classname="ptolemy.vergil.basic.export.test.junit.ExportModelJUnitTestBatch4" name="[47] ptolemy/cg/lib/demo/Scale/ScaleC.xml (RunExportModel)" time="3.188" />
  <testcase classname="ptolemy.vergil.basic.export.test.junit.ExportModelJUnitTestBatch4" name="[48] ptolemy/cg/lib/demo/Scale/ScaleCFlat.xml (RunExportModel)" time="4.24" />
  <testcase classname="ptolemy.vergil.basic.export.test.junit.ExportModelJUnitTestBatch4" name="[49] ptolemy/cg/lib/demo/Scale/ScaleJava.xml (RunExportModel)" time="4.901" />
  <testcase classname="ptolemy.vergil.basic.export.test.junit.ExportModelJUnitTestBatch4" name="[50] ptolemy/configs/doc/ClassesIllustrated.xml (RunExportModel)" time="4.341" />
  <testcase classname="ptolemy.vergil.basic.export.test.junit.ExportModelJUnitTestBatch4" name="[51] ptolemy/data/ontologies/demo/CarTracking/CarTracking.xml (RunExportModel)" time="9.032" />
  <testcase classname="ptolemy.vergil.basic.export.test.junit.ExportModelJUnitTestBatch4" name="[52] ptolemy/data/ontologies/demo/ConstAbstractInterpretation/ConstAbstractInterpretation.xml (RunExportModel)" time="4.662" />
  <testcase classname="ptolemy.vergil.basic.export.test.junit.ExportModelJUnitTestBatch4" name="[53] ptolemy/data/ontologies/demo/ConstAbstractInterpretationObservable/ConstAbstractInterpretationObservable.xml (RunExportModel)" time="3.174" />
  <testcase classname="ptolemy.vergil.basic.export.test.junit.ExportModelJUnitTestBatch4" name="[54] ptolemy/data/ontologies/demo/ConstAbstractInterpretationObservable/ConstComparatorEqualToDemo.xml (RunExportModel)" time="5.95" />
  <testcase classname="ptolemy.vergil.basic.export.test.junit.ExportModelJUnitTestBatch4" name="[55] ptolemy/data/ontologies/demo/ConstAbstractInterpretationObservable/ConstComparatorGreaterThanDemo.xml (RunExportModel)" time="5.826" />
  <testcase classname="ptolemy.vergil.basic.export.test.junit.ExportModelJUnitTestBatch4" name="[56] ptolemy/data/ontologies/demo/ConstAbstractInterpretationObservable/ConstComparatorGTEDemo.xml (RunExportModel)" time="5.733" />
  <testcase classname="ptolemy.vergil.basic.export.test.junit.ExportModelJUnitTestBatch4" name="[57] ptolemy/data/ontologies/demo/ConstAbstractInterpretationObservable/ConstComparatorLessThanDemo.xml (RunExportModel)" time="5.33" />
  <testcase classname="ptolemy.vergil.basic.export.test.junit.ExportModelJUnitTestBatch4" name="[58] ptolemy/data/ontologies/demo/ConstAbstractInterpretationObservable/ConstComparatorLTEDemo.xml (RunExportModel)" time="5.336" />
  <testcase classname="ptolemy.vergil.basic.export.test.junit.ExportModelJUnitTestBatch4" name="[59] ptolemy/data/ontologies/demo/ConstAbstractInterpretationObservable/ConstMultiplyDivideDemo.xml (RunExportModel)" time="6.165" />
  <testcase classname="ptolemy.vergil.basic.export.test.junit.ExportModelJUnitTestBatch4" name="[60] ptolemy/data/ontologies/demo/ConstAbstractInterpretationObservable/ConstScaleDemo.xml (RunExportModel)" time="5.317" />
  <testcase classname="ptolemy.vergil.basic.export.test.junit.ExportModelJUnitTestBatch4" name="[61] ptolemy/data/ontologies/demo/ConstNonconst/Const.xml (RunExportModel)" time="3.175" />
  <testcase classname="ptolemy.vergil.basic.export.test.junit.ExportModelJUnitTestBatch4" name="[62] ptolemy/data/ontologies/demo/ConstNonconst/ConstNonconst.xml (RunExportModel)" time="4.52" />
  <testcase classname="ptolemy.vergil.basic.export.test.junit.ExportModelJUnitTestBatch4" name="[63] ptolemy/data/ontologies/demo/ConstPropagation/BooleanSwitchDemoProductLattice.xml (RunExportModel)" time="5.83" />
  <testcase classname="ptolemy.vergil.basic.export.test.junit.ExportModelJUnitTestBatch4" name="[64] ptolemy/data/ontologies/demo/ConstPropagation/ConstComparatorEqualToDemo.xml (RunExportModel)" time="5.647" />
  <testcase classname="ptolemy.vergil.basic.export.test.junit.ExportModelJUnitTestBatch4" name="[65] ptolemy/data/ontologies/demo/ConstPropagation/ConstComparatorGreaterThanDemo.xml (RunExportModel)" time="5.695" />
  <testcase classname="ptolemy.vergil.basic.export.test.junit.ExportModelJUnitTestBatch4" name="[66] ptolemy/data/ontologies/demo/ConstPropagation/ConstMultiplyDivideDemo.xml (RunExportModel)" time="6.616" />
  <testcase classname="ptolemy.vergil.basic.export.test.junit.ExportModelJUnitTestBatch4" name="[67] ptolemy/data/ontologies/demo/ConstPropagation/ConstPropagation.xml (RunExportModel)" time="3.189" />
  <testcase classname="ptolemy.vergil.basic.export.test.junit.ExportModelJUnitTestBatch4" name="[68] ptolemy/data/ontologies/demo/ConstPropagation/ConstPropagationAbsIntObservableReachableProductSolverModel.xml (RunExportModel)" time="4.564" />
  <testcase classname="ptolemy.vergil.basic.export.test.junit.ExportModelJUnitTestBatch4" name="[69] ptolemy/data/ontologies/demo/ConstPropagation/ConstPropagationAbsIntScale.xml (RunExportModel)" time="4.183" />
  <testcase classname="ptolemy.vergil.basic.export.test.junit.ExportModelJUnitTestBatch4" name="[70] ptolemy/data/ontologies/demo/ConstPropagation/SimpleConstPropagationDemo.xml (RunExportModel)" time="4.439" />
  <testcase classname="ptolemy.vergil.basic.export.test.junit.ExportModelJUnitTestBatch4" name="[71] ptolemy/data/ontologies/demo/ConstPropagation/SimpleNonconstPropagationDemo.xml (RunExportModel)" time="4.425" />
  <testcase classname="ptolemy.vergil.basic.export.test.junit.ExportModelJUnitTestBatch4" name="[72] ptolemy/data/ontologies/demo/DimensionSystemExample/DimensionSystemExample.xml (RunExportModel)" time="3.137" />
  <testcase classname="ptolemy.vergil.basic.export.test.junit.ExportModelJUnitTestBatch4" name="[73] ptolemy/data/ontologies/demo/ExceptionAnalysis/ExceptionAnalysis.xml (RunExportModel)" time="4.19" />
  <testcase classname="ptolemy.vergil.basic.export.test.junit.ExportModelJUnitTestBatch4" name="[74] ptolemy/data/ontologies/demo/MonotonicityAnalysis/MonotonicityAnalysis.xml (RunExportModel)" time="4.279" />
  <testcase classname="ptolemy.vergil.basic.export.test.junit.ExportModelJUnitTestBatch4" name="[75] ptolemy/data/ontologies/demo/Observable/Observable.xml (RunExportModel)" time="4.233" />
  <testcase classname="ptolemy.vergil.basic.export.test.junit.ExportModelJUnitTestBatch4" name="[76] ptolemy/data/ontologies/demo/ProductLattices/BooleanSwitchDemoProductLattice.xml (RunExportModel)" time="6.612" />
  <testcase classname="ptolemy.vergil.basic.export.test.junit.ExportModelJUnitTestBatch4" name="[77] ptolemy/data/ontologies/demo/ProductLattices/ConstAbsIntObservableReachableProductSolverModel.xml (RunExportModel)" time="4.431" />
  <testcase classname="ptolemy.vergil.basic.export.test.junit.ExportModelJUnitTestBatch4" name="[78] ptolemy/data/ontologies/demo/ProductLattices/ConstMultiplyDivideDemoProductLattice.xml (RunExportModel)" time="5.814" />
  <testcase classname="ptolemy.vergil.basic.export.test.junit.ExportModelJUnitTestBatch4" name="[79] ptolemy/data/ontologies/demo/ProductLattices/ConstScaleDemoProductLattice.xml (RunExportModel)" time="5.163" />
  <testcase classname="ptolemy.vergil.basic.export.test.junit.ExportModelJUnitTestBatch4" name="[80] ptolemy/data/ontologies/demo/ProductLattices/ConstScaleZeroDemoProductLattice.xml (RunExportModel)" time="3.208" />
  <testcase classname="ptolemy.vergil.basic.export.test.junit.ExportModelJUnitTestBatch4" name="[81] ptolemy/data/ontologies/demo/ProductLattices/LatticeComposition.xml (RunExportModel)" time="3.217" />
  <testcase classname="ptolemy.vergil.basic.export.test.junit.ExportModelJUnitTestBatch4" name="[82] ptolemy/data/ontologies/demo/ProductLattices/LatticeCompositionSolverModel.xml (RunExportModel)" time="4.424" />
  <testcase classname="ptolemy.vergil.basic.export.test.junit.ExportModelJUnitTestBatch4" name="[83] ptolemy/data/ontologies/demo/ProductLattices/ProductLattices.xml (RunExportModel)" time="3.132" />
  <testcase classname="ptolemy.vergil.basic.export.test.junit.ExportModelJUnitTestBatch4" name="[84] ptolemy/data/ontologies/demo/ProductLattices/SimpleConstDemo.xml (RunExportModel)" time="4.241" />
  <system-out><![CDATA[ExportModeJUnitTestBatch: There are 756 demos. Exporting demos: 276 to 360.
####### 1 Wed Nov 07 03:12:50 UTC 2018 $PTII/bin/ptinvoke ptolemy.vergil.basic.export.ExportModel -force htm  -openComposites -timeOut 30000 -whiteBackground ptolemy/actor/lib/r/demo/RRecordToDataframe/RRecordToDataframe.xml $PTII/ptolemy/actor/lib/r/demo/RRecordToDataframe/RRecordToDataframe
Warning: not running ptolemy/actor/lib/r/demo/RRecordToDataframe/RRecordToDataframe.xml. See ptolemy/vergil/basic/export/test/junit/ExportModelJUnitTest.java
Exported /home/travis/build/icyphy/ptII/ptolemy/actor/lib/r/demo/RRecordToDataframe/RRecordToDataframe/index.html
6291 ms. Memory: 178688K Free: 104327K (58%)
####### 2 Wed Nov 07 03:12:56 UTC 2018 $PTII/bin/ptinvoke ptolemy.vergil.basic.export.ExportModel -force htm  -openComposites -timeOut 30000 -whiteBackground ptolemy/actor/lib/security/demo/Signature/Signature.xml $PTII/ptolemy/actor/lib/security/demo/Signature/Signature
Warning: not running ptolemy/actor/lib/security/demo/Signature/Signature.xml. See ptolemy/vergil/basic/export/test/junit/ExportModelJUnitTest.java
Exported /home/travis/build/icyphy/ptII/ptolemy/actor/lib/security/demo/Signature/Signature/index.html
3940 ms. Memory: 237568K Free: 212050K (89%)
####### 3 Wed Nov 07 03:13:00 UTC 2018 $PTII/bin/ptinvoke ptolemy.vergil.basic.export.ExportModel -force htm -run -openComposites -timeOut 30000 -whiteBackground ptolemy/actor/lib/video/demo/DCT2x2dc/DCT2x2dc.xml $PTII/ptolemy/actor/lib/video/demo/DCT2x2dc/DCT2x2dc
Running .DCT2x2dc
103 ms. Memory: 237568K Free: 119166K (50%)
Exported /home/travis/build/icyphy/ptII/ptolemy/actor/lib/video/demo/DCT2x2dc/DCT2x2dc/index.html
4528 ms. Memory: 237568K Free: 95374K (40%)
####### 4 Wed Nov 07 03:13:04 UTC 2018 $PTII/bin/ptinvoke ptolemy.vergil.basic.export.ExportModel -force htm -run -openComposites -timeOut 30000 -whiteBackground ptolemy/actor/lib/video/demo/DCT4x4dc/DCT4x4dc.xml $PTII/ptolemy/actor/lib/video/demo/DCT4x4dc/DCT4x4dc
Running .DCT4x4dc
59 ms. Memory: 239616K Free: 183811K (77%)
Exported /home/travis/build/icyphy/ptII/ptolemy/actor/lib/video/demo/DCT4x4dc/DCT4x4dc/index.html
4472 ms. Memory: 239616K Free: 160335K (67%)
####### 5 Wed Nov 07 03:13:09 UTC 2018 $PTII/bin/ptinvoke ptolemy.vergil.basic.export.ExportModel -force htm -run -openComposites -timeOut 30000 -whiteBackground ptolemy/actor/lib/video/demo/DCT8x8/DCT8x8.xml $PTII/ptolemy/actor/lib/video/demo/DCT8x8/DCT8x8
Running .DCT8x8
65 ms. Memory: 239616K Free: 70235K (29%)
Exported /home/travis/build/icyphy/ptII/ptolemy/actor/lib/video/demo/DCT8x8/DCT8x8/index.html
4386 ms. Memory: 304128K Free: 276250K (91%)
####### 6 Wed Nov 07 03:13:13 UTC 2018 $PTII/bin/ptinvoke ptolemy.vergil.basic.export.ExportModel -force htm -run -openComposites -timeOut 30000 -whiteBackground ptolemy/actor/lib/xslt/demo/MoMLFileTransformation/MoMLFileTransformation.xml $PTII/ptolemy/actor/lib/xslt/demo/MoMLFileTransformation/MoMLFileTransformation
Running .MOMLFileTransformation
770 ms. Memory: 304128K Free: 86626K (28%)
Exported /home/travis/build/icyphy/ptII/ptolemy/actor/lib/xslt/demo/MoMLFileTransformation/MoMLFileTransformation/index.html
5266 ms. Memory: 310272K Free: 222697K (72%)
####### 7 Wed Nov 07 03:13:19 UTC 2018 $PTII/bin/ptinvoke ptolemy.vergil.basic.export.ExportModel -force htm -run -openComposites -timeOut 30000 -whiteBackground ptolemy/actor/lib/xslt/demo/XMLInclusion/XMLInclusion.xml $PTII/ptolemy/actor/lib/xslt/demo/XMLInclusion/XMLInclusion
Running .XMLInclusion
46 ms. Memory: 310272K Free: 127965K (41%)
Exported /home/travis/build/icyphy/ptII/ptolemy/actor/lib/xslt/demo/XMLInclusion/XMLInclusion/index.html
4284 ms. Memory: 310272K Free: 31688K (10%)
####### 8 Wed Nov 07 03:13:23 UTC 2018 $PTII/bin/ptinvoke ptolemy.vergil.basic.export.ExportModel -force htm -run -openComposites -timeOut 30000 -whiteBackground ptolemy/actor/parameters/demo/Bouncer/Bouncer.xml $PTII/ptolemy/actor/parameters/demo/Bouncer/Bouncer
Running .Bouncer
10055 ms. Memory: 378880K Free: 293544K (77%)
Exported /home/travis/build/icyphy/ptII/ptolemy/actor/parameters/demo/Bouncer/Bouncer/index.html
14742 ms. Memory: 378880K Free: 214764K (57%)
####### 9 Wed Nov 07 03:13:38 UTC 2018 $PTII/bin/ptinvoke ptolemy.vergil.basic.export.ExportModel -force htm -run -openComposites -timeOut 30000 -whiteBackground ptolemy/actor/parameters/demo/SliderParameter/SliderParameter.xml $PTII/ptolemy/actor/parameters/demo/SliderParameter/SliderParameter
Running .SliderParameter
ExportHTMLTimer went off after 30000 ms., calling getDirector().finish and getDirector().stopFire()
29998 ms. Memory: 912896K Free: 241841K (26%)
Exported /home/travis/build/icyphy/ptII/ptolemy/actor/parameters/demo/SliderParameter/SliderParameter/index.html
34367 ms. Memory: 912896K Free: 140298K (15%)
####### 10 Wed Nov 07 03:14:12 UTC 2018 $PTII/bin/ptinvoke ptolemy.vergil.basic.export.ExportModel -force htm -run -openComposites -timeOut 30000 -whiteBackground ptolemy/actor/ptalon/demo/CruiseControl/CruiseControl.xml $PTII/ptolemy/actor/ptalon/demo/CruiseControl/CruiseControl
Running .CruiseControl
58 ms. Memory: 922112K Free: 839797K (91%)
Exported /home/travis/build/icyphy/ptII/ptolemy/actor/ptalon/demo/CruiseControl/CruiseControl/index.html
4604 ms. Memory: 922112K Free: 765101K (83%)
####### 11 Wed Nov 07 03:14:17 UTC 2018 $PTII/bin/ptinvoke ptolemy.vergil.basic.export.ExportModel -force htm -run -openComposites -timeOut 30000 -whiteBackground ptolemy/actor/ptalon/demo/EightChannelFFT/EightChannelFFT.xml $PTII/ptolemy/actor/ptalon/demo/EightChannelFFT/EightChannelFFT
Running .EightChannelFFT
58 ms. Memory: 922112K Free: 572969K (62%)
Exported /home/travis/build/icyphy/ptII/ptolemy/actor/ptalon/demo/EightChannelFFT/EightChannelFFT/index.html
5315 ms. Memory: 922112K Free: 173422K (19%)
####### 12 Wed Nov 07 03:14:22 UTC 2018 $PTII/bin/ptinvoke ptolemy.vergil.basic.export.ExportModel -force htm -run -openComposites -timeOut 30000 -whiteBackground ptolemy/actor/ptalon/demo/GameOfLife/GameOfLife.xml $PTII/ptolemy/actor/ptalon/demo/GameOfLife/GameOfLife
Running .GameOfLife
ExportHTMLTimer went off after 30000 ms., calling getDirector().finish and getDirector().stopFire()
30191 ms. Memory: 998400K Free: 854913K (86%)
Exported /home/travis/build/icyphy/ptII/ptolemy/actor/ptalon/demo/GameOfLife/GameOfLife/index.html
34880 ms. Memory: 998400K Free: 733488K (73%)
####### 13 Wed Nov 07 03:14:57 UTC 2018 $PTII/bin/ptinvoke ptolemy.vergil.basic.export.ExportModel -force htm -run -openComposites -timeOut 30000 -whiteBackground ptolemy/actor/ptalon/demo/MapReduce/MapReduce.xml $PTII/ptolemy/actor/ptalon/demo/MapReduce/MapReduce
Running .MapReduce
107 ms. Memory: 998400K Free: 328955K (33%)
Exported /home/travis/build/icyphy/ptII/ptolemy/actor/ptalon/demo/MapReduce/MapReduce/index.html
5283 ms. Memory: 999936K Free: 753540K (75%)
####### 14 Wed Nov 07 03:15:02 UTC 2018 $PTII/bin/ptinvoke ptolemy.vergil.basic.export.ExportModel -force htm -run -openComposites -timeOut 30000 -whiteBackground ptolemy/actor/ptalon/demo/ModelChange/ModelChange.xml $PTII/ptolemy/actor/ptalon/demo/ModelChange/ModelChange
Running .ModelChange
11 ms. Memory: 999936K Free: 667767K (67%)
Exported /home/travis/build/icyphy/ptII/ptolemy/actor/ptalon/demo/ModelChange/ModelChange/index.html
4249 ms. Memory: 999936K Free: 601013K (60%)
####### 15 Wed Nov 07 03:15:06 UTC 2018 $PTII/bin/ptinvoke ptolemy.vergil.basic.export.ExportModel -force htm -run -openComposites -timeOut 30000 -whiteBackground ptolemy/actor/ptalon/demo/SmallWorld/ParameterSweepSmallWorldFSM.xml $PTII/ptolemy/actor/ptalon/demo/SmallWorld/ParameterSweepSmallWorldFSM
Running .ParameterSweepSmallWorldFSM
1
1
1
1
1
1
1
1
1
2
2
2
2
2
2
2
2
3
3
3
3
3
3
3
3
3
3
3
3
3
3
4
4
4
4
4
4
4
4
4
5
5
5
5
5
5
6
6
364 ms. Memory: 1074688K Free: 512991K (48%)
ExportHTMLTimer went off after 30000 ms., calling getDirector().finish and getDirector().stopFire()
30001 ms. Memory: 1585152K Free: 1152434K (73%)
Exported /home/travis/build/icyphy/ptII/ptolemy/actor/ptalon/demo/SmallWorld/ParameterSweepSmallWorldFSM/index.html
35616 ms. Memory: 1585152K Free: 1065359K (67%)
####### 16 Wed Nov 07 03:15:42 UTC 2018 $PTII/bin/ptinvoke ptolemy.vergil.basic.export.ExportModel -force htm -run -openComposites -timeOut 30000 -whiteBackground ptolemy/actor/ptalon/demo/SmallWorld/ParameterSweepSmallWorldSDF.xml $PTII/ptolemy/actor/ptalon/demo/SmallWorld/ParameterSweepSmallWorldSDF
Running .ParameterSweepSmallWorldSDF
198 ms. Memory: 1734144K Free: 1578412K (91%)
114 ms. Memory: 1734144K Free: 1470589K (85%)
144 ms. Memory: 1734144K Free: 1335797K (77%)
147 ms. Memory: 1734144K Free: 1227958K (71%)
1172 ms. Memory: 1734144K Free: 1227958K (71%)
Exported /home/travis/build/icyphy/ptII/ptolemy/actor/ptalon/demo/SmallWorld/ParameterSweepSmallWorldSDF/index.html
6596 ms. Memory: 1734144K Free: 1162678K (67%)
####### 17 Wed Nov 07 03:15:49 UTC 2018 $PTII/bin/ptinvoke ptolemy.vergil.basic.export.ExportModel -force htm -run -openComposites -timeOut 30000 -whiteBackground ptolemy/actor/ptalon/demo/SmallWorld/SmallWorld.xml $PTII/ptolemy/actor/ptalon/demo/SmallWorld/SmallWorld
Running .SmallWorld
1
1
1
1
1
1
1
1
1
2
2
2
2
2
2
2
2
3
3
3
3
3
3
3
3
3
3
3
3
3
3
4
4
4
4
4
4
4
4
4
5
5
5
5
5
5
6
6
175 ms. Memory: 1734144K Free: 234942K (14%)
Exported /home/travis/build/icyphy/ptII/ptolemy/actor/ptalon/demo/SmallWorld/SmallWorld/index.html
5387 ms. Memory: 1734144K Free: 116259K (7%)
####### 18 Wed Nov 07 03:15:54 UTC 2018 $PTII/bin/ptinvoke ptolemy.vergil.basic.export.ExportModel -force htm -run -openComposites -timeOut 30000 -whiteBackground ptolemy/actor/ptalon/demo/SmallWorld/SmallWorldMultiInstanceComposite.xml $PTII/ptolemy/actor/ptalon/demo/SmallWorld/SmallWorldMultiInstanceComposite
Running .SmallWorldMultiInstanceComposite
1
1
1
1
1
1
1
1
1
2
2
2
2
2
2
2
2
3
3
3
3
3
3
3
3
3
3
3
3
3
3
4
4
4
4
4
4
4
4
4
5
5
5
5
5
5
6
6
554 ms. Memory: 1739776K Free: 1270432K (73%)
Exported /home/travis/build/icyphy/ptII/ptolemy/actor/ptalon/demo/SmallWorld/SmallWorldMultiInstanceComposite/index.html
42104 ms. Memory: 1732608K Free: 1224450K (71%)
####### 19 Wed Nov 07 03:16:36 UTC 2018 $PTII/bin/ptinvoke ptolemy.vergil.basic.export.ExportModel -force htm -run -openComposites -timeOut 30000 -whiteBackground ptolemy/actor/ptalon/demo/SmallWorld/SmallWorldPtalonActor.xml $PTII/ptolemy/actor/ptalon/demo/SmallWorld/SmallWorldPtalonActor
Running .SmallWorldPtalonActor
1
1
1
1
1
1
1
1
1
2
2
2
2
2
2
2
2
3
3
3
3
3
3
3
3
3
3
3
3
3
3
4
4
4
4
4
4
4
4
4
5
5
5
5
5
5
6
6
146 ms. Memory: 1732608K Free: 199672K (12%)
Exported /home/travis/build/icyphy/ptII/ptolemy/actor/ptalon/demo/SmallWorld/SmallWorldPtalonActor/index.html
5552 ms. Memory: 1833984K Free: 1629659K (89%)
####### 20 Wed Nov 07 03:16:42 UTC 2018 $PTII/bin/ptinvoke ptolemy.vergil.basic.export.ExportModel -force htm -run -openComposites -timeOut 30000 -whiteBackground ptolemy/actor/ptalon/demo/Unicycle/Unicycle.xml $PTII/ptolemy/actor/ptalon/demo/Unicycle/Unicycle
Running .Unicycle
395 ms. Memory: 1833984K Free: 1170961K (64%)
Exported /home/travis/build/icyphy/ptII/ptolemy/actor/ptalon/demo/Unicycle/Unicycle/index.html
4714 ms. Memory: 1833984K Free: 1085216K (59%)
####### 21 Wed Nov 07 03:16:46 UTC 2018 $PTII/bin/ptinvoke ptolemy.vergil.basic.export.ExportModel -force htm  -openComposites -timeOut 30000 -whiteBackground ptolemy/actor/ptalon/gt/demo/Adder/Adder.xml $PTII/ptolemy/actor/ptalon/gt/demo/Adder/Adder
Warning: not running ptolemy/actor/ptalon/gt/demo/Adder/Adder.xml. See ptolemy/vergil/basic/export/test/junit/ExportModelJUnitTest.java
Exported /home/travis/build/icyphy/ptII/ptolemy/actor/ptalon/gt/demo/Adder/Adder/index.html
3705 ms. Memory: 1833984K Free: 651093K (36%)
####### 22 Wed Nov 07 03:16:50 UTC 2018 $PTII/bin/ptinvoke ptolemy.vergil.basic.export.ExportModel -force htm -run -openComposites -timeOut 30000 -whiteBackground ptolemy/backtrack/demo/PrimeTest/PrimeTest.xml $PTII/ptolemy/backtrack/demo/PrimeTest/PrimeTest
Running .PrimeTest
2220 ms. Memory: 1833984K Free: 264496K (14%)
Exported /home/travis/build/icyphy/ptII/ptolemy/backtrack/demo/PrimeTest/PrimeTest/index.html
6482 ms. Memory: 1744384K Free: 1621350K (93%)
####### 23 Wed Nov 07 03:16:57 UTC 2018 $PTII/bin/ptinvoke ptolemy.vergil.basic.export.ExportModel -force htm -run -openComposites -timeOut 30000 -whiteBackground ptolemy/backtrack/demo/RampRollback/RampRollback.xml $PTII/ptolemy/backtrack/demo/RampRollback/RampRollback
Running .RampRollback
165 ms. Memory: 1744384K Free: 1476911K (85%)
Exported /home/travis/build/icyphy/ptII/ptolemy/backtrack/demo/RampRollback/RampRollback/index.html
4369 ms. Memory: 1744384K Free: 1438927K (82%)
####### 24 Wed Nov 07 03:17:01 UTC 2018 $PTII/bin/ptinvoke ptolemy.vergil.basic.export.ExportModel -force htm -run -openComposites -timeOut 30000 -whiteBackground ptolemy/backtrack/demo/TrialModule/TrialModule.xml $PTII/ptolemy/backtrack/demo/TrialModule/TrialModule
Running .TrialModule
ExportHTMLTimer went off after 30000 ms., calling getDirector().finish and getDirector().stopFire()
30001 ms. Memory: 1744384K Free: 243847K (14%)
Exported /home/travis/build/icyphy/ptII/ptolemy/backtrack/demo/TrialModule/TrialModule/index.html
34283 ms. Memory: 1744384K Free: 163315K (9%)
####### 25 Wed Nov 07 03:17:35 UTC 2018 $PTII/bin/ptinvoke ptolemy.vergil.basic.export.ExportModel -force htm -run -openComposites -timeOut 30000 -whiteBackground ptolemy/caltrop/demo/FunctionClosures/FunctionClosures.xml $PTII/ptolemy/caltrop/demo/FunctionClosures/FunctionClosures
Running .FunctionClosures
24 ms. Memory: 1828864K Free: 1621560K (89%)
Exported /home/travis/build/icyphy/ptII/ptolemy/caltrop/demo/FunctionClosures/FunctionClosures/index.html
4721 ms. Memory: 1828864K Free: 1583774K (87%)
####### 26 Wed Nov 07 03:17:40 UTC 2018 $PTII/bin/ptinvoke ptolemy.vergil.basic.export.ExportModel -force htm -run -openComposites -timeOut 30000 -whiteBackground ptolemy/caltrop/demo/FunctionDefinition/FunctionDefinition.xml $PTII/ptolemy/caltrop/demo/FunctionDefinition/FunctionDefinition
Running .FunctionDefinition
17 ms. Memory: 1828864K Free: 1449612K (79%)
Exported /home/travis/build/icyphy/ptII/ptolemy/caltrop/demo/FunctionDefinition/FunctionDefinition/index.html
4506 ms. Memory: 1828864K Free: 1410506K (77%)
####### 27 Wed Nov 07 03:17:44 UTC 2018 $PTII/bin/ptinvoke ptolemy.vergil.basic.export.ExportModel -force htm -run -openComposites -timeOut 30000 -whiteBackground ptolemy/caltrop/demo/Primes/Primes.xml $PTII/ptolemy/caltrop/demo/Primes/Primes
Running .Primes
30 ms. Memory: 1828864K Free: 1289267K (70%)
Exported /home/travis/build/icyphy/ptII/ptolemy/caltrop/demo/Primes/Primes/index.html
4315 ms. Memory: 1828864K Free: 1238348K (68%)
####### 28 Wed Nov 07 03:17:49 UTC 2018 $PTII/bin/ptinvoke ptolemy.vergil.basic.export.ExportModel -force htm -run -openComposites -timeOut 30000 -whiteBackground ptolemy/caltrop/demo/SDFDDI/SDFDDI.xml $PTII/ptolemy/caltrop/demo/SDFDDI/SDFDDI
Running .SDFDDI
40 ms. Memory: 1828864K Free: 1099899K (60%)
Exported /home/travis/build/icyphy/ptII/ptolemy/caltrop/demo/SDFDDI/SDFDDI/index.html
4341 ms. Memory: 1828864K Free: 1072765K (59%)
####### 29 Wed Nov 07 03:17:53 UTC 2018 $PTII/bin/ptinvoke ptolemy.vergil.basic.export.ExportModel -force htm -run -openComposites -timeOut 30000 -whiteBackground ptolemy/cg/adapter/generic/html/demo/HierarchicalModel/HierarchicalModel.xml $PTII/ptolemy/cg/adapter/generic/html/demo/HierarchicalModel/HierarchicalModel
Running .HierarchicalModel
ExportHTMLTimer went off after 30000 ms., calling getDirector().finish and getDirector().stopFire()
30007 ms. Memory: 1837056K Free: 460893K (25%)
Exported /home/travis/build/icyphy/ptII/ptolemy/cg/adapter/generic/html/demo/HierarchicalModel/HierarchicalModel/index.html
34388 ms. Memory: 1837056K Free: 263656K (14%)
####### 30 Wed Nov 07 03:18:27 UTC 2018 $PTII/bin/ptinvoke ptolemy.vergil.basic.export.ExportModel -force htm -run -openComposites -timeOut 30000 -whiteBackground ptolemy/cg/adapter/generic/program/procedural/c/arduino/adapters/ptolemy/vergil/actor/lib/demo/Blink/Blink.xml $PTII/ptolemy/cg/adapter/generic/program/procedural/c/arduino/adapters/ptolemy/vergil/actor/lib/demo/Blink/Blink
Running .Blink
CompiledCompositeActor: Building shared object: The effigy ptolemy.actor.gui.PtolemyEffigy {.configuration.directory.effigy}(model : ptolemy.actor.TypedCompositeActor {.Blink}) says the model was modified and thus it does not matter if the shared object file is newer than the model file because the model file is out of date.
CompiledCompositeActor wrote file:/home/travis/cg/ Blink_EmbeddedCodeActor.java
In "/home/travis/cg", about to execute:
    javac -classpath . Blink_EmbeddedCodeActor.java
In "/home/travis/cg", about to execute:
    rm -f Blink_EmbeddedCodeActor.h
All Done
Not deleting /home/travis/cg/, there might be .class files that we just generated.
CCodeGenerator set the container? : actor.getContainer(): ptolemy.actor.TypedCompositeActor {.Blink} _isTopLevel: false generateEmbeddedCode: true
CCodeGenerator include the container .h? : container.getContainer(): ptolemy.actor.TypedCompositeActor {.Blink} _isTopLevel: false generateEmbeddedCode: true


CCodeGeneratorAdapter: appended to path /usr/lib/jvm/java-8-oracle/jre/bin/client
Reading "ptolemy/cg/kernel/generic/program/procedural/c/jnimakefile.in",
    writing "/home/travis/cg/Blink_EmbeddedCodeActor.mk"
Using ptolemy/cg/kernel/generic/program/procedural/c/jnimakefile.in
In "/home/travis/cg", about to execute:
    make -f Blink_EmbeddedCodeActor.mk
gcc -DPTJNI -D__int64="long long" -Wall  -std=c99 -ggdb  -I /home/travis/cg//_EmbeddedCodeActor -I"/usr/lib/jvm/java-8-oracle/include/linux" -I"/usr/lib/jvm/java-8-oracle/include" -I /home/travis/cg/commons/ -fPIC -shared -o libBlink_EmbeddedCodeActor.so ./_EmbeddedCodeActor/Blink_EmbeddedCodeActor.c ./_EmbeddedCodeActor/Blink_EmbeddedCodeActor_EmbeddedActor.c ./_EmbeddedCodeActor/Blink_EmbeddedCodeActor_SDFSchedule.c ./commons/_SDFReceiver.c ./commons/_CompositeActor.c ./commons/_AtomicActor.c ./commons/_Director.c ./commons/pblSet.c ./commons/pblHeap.c ./commons/_LocalClock.c ./commons/_SDFDirector.c ./commons/pblIterator.c ./commons/_Receiver.c ./commons/_IOPort.c ./commons/pblMap.c ./commons/_Actor.c ./commons/pblList.c ./commons/_ptTypes.c ./commons/pblCollection.c ./commons/pblPriorityQueue.c ./commons/pblhash.c ./commons/_TypedIOPort.c ./commons/pbl.c ./Blink_EmbeddedCodeActor_Main.c -lm -L"" -ljvm
In file included from ./Blink_EmbeddedCodeActor_Main.c:21:0:
./Blink_EmbeddedCodeActor_Main.h:24:21: warning: ‘input’ defined but not used [-Wunused-variable]
 static jobjectArray input;
                     ^
All Done
2748 ms. Memory: 1843712K Free: 1406654K (76%)
Exported /home/travis/build/icyphy/ptII/ptolemy/cg/adapter/generic/program/procedural/c/arduino/adapters/ptolemy/vergil/actor/lib/demo/Blink/Blink/index.html
7062 ms. Memory: 1843712K Free: 1342335K (73%)
####### 31 Wed Nov 07 03:18:35 UTC 2018 $PTII/bin/ptinvoke ptolemy.vergil.basic.export.ExportModel -force htm -run -openComposites -timeOut 30000 -whiteBackground ptolemy/cg/adapter/generic/program/procedural/c/arduino/adapters/ptolemy/vergil/actor/lib/demo/Life/Life.xml $PTII/ptolemy/cg/adapter/generic/program/procedural/c/arduino/adapters/ptolemy/vergil/actor/lib/demo/Life/Life
Running .Life
4050 ms. Memory: 1843712K Free: 1101267K (60%)
Exported /home/travis/build/icyphy/ptII/ptolemy/cg/adapter/generic/program/procedural/c/arduino/adapters/ptolemy/vergil/actor/lib/demo/Life/Life/index.html
9453 ms. Memory: 1843712K Free: 642188K (35%)
####### 32 Wed Nov 07 03:18:44 UTC 2018 $PTII/bin/ptinvoke ptolemy.vergil.basic.export.ExportModel -force htm  -openComposites -timeOut 30000 -whiteBackground ptolemy/cg/adapter/generic/program/procedural/c/arduino/adapters/ptolemy/vergil/actor/lib/demo/Ultrasonic/Ultrasonic.xml $PTII/ptolemy/cg/adapter/generic/program/procedural/c/arduino/adapters/ptolemy/vergil/actor/lib/demo/Ultrasonic/Ultrasonic
Warning: not running ptolemy/cg/adapter/generic/program/procedural/c/arduino/adapters/ptolemy/vergil/actor/lib/demo/Ultrasonic/Ultrasonic.xml. See ptolemy/vergil/basic/export/test/junit/ExportModelJUnitTest.java
Exported /home/travis/build/icyphy/ptII/ptolemy/cg/adapter/generic/program/procedural/c/arduino/adapters/ptolemy/vergil/actor/lib/demo/Ultrasonic/Ultrasonic/index.html
3241 ms. Memory: 1843712K Free: 389633K (21%)
####### 33 Wed Nov 07 03:18:47 UTC 2018 $PTII/bin/ptinvoke ptolemy.vergil.basic.export.ExportModel -force htm -run -openComposites -timeOut 30000 -whiteBackground ptolemy/cg/kernel/generic/accessor/demo/TestComposite/TestComposite.xml $PTII/ptolemy/cg/kernel/generic/accessor/demo/TestComposite/TestComposite
JSAccessor: PT_NO_NET environment variable is set, so git pull and ptdoc are not being run.
Running .TestComposite
2828 ms. Memory: 1843200K Free: 1083226K (59%)
Exported /home/travis/build/icyphy/ptII/ptolemy/cg/kernel/generic/accessor/demo/TestComposite/TestComposite/index.html
11513 ms. Memory: 1843200K Free: 1046387K (57%)
####### 34 Wed Nov 07 03:18:59 UTC 2018 $PTII/bin/ptinvoke ptolemy.vergil.basic.export.ExportModel -force htm -run -openComposites -timeOut 30000 -whiteBackground ptolemy/cg/lib/demo/CompiledCompositeActor/CompiledCompositeActor.xml $PTII/ptolemy/cg/lib/demo/CompiledCompositeActor/CompiledCompositeActor
Running .CompiledCompositeActor
CompiledCompositeActor: Building shared object: The sharedObjectFile has a modification time that is earlier than the modelFile modification time.
Writing CompiledCompositeActor_CompiledCompositeActor.java in file:/home/travis/cg/ (13466 characters)
Reading "ptolemy/cg/kernel/generic/program/procedural/java/makefile.in",
    writing "/home/travis/cg/CompiledCompositeActor_CompiledCompositeActor.mk"
Using ptolemy/cg/kernel/generic/program/procedural/java/makefile.in
In "/home/travis/cg", about to execute:
    make -f CompiledCompositeActor_CompiledCompositeActor.mk
javac -classpath ".:."    CompiledCompositeActor_CompiledCompositeActor.java
All Done
898 ms. Memory: 1843200K Free: 882506K (48%)
Exported /home/travis/build/icyphy/ptII/ptolemy/cg/lib/demo/CompiledCompositeActor/CompiledCompositeActor/index.html
5173 ms. Memory: 1843200K Free: 797963K (43%)
####### 35 Wed Nov 07 03:19:04 UTC 2018 $PTII/bin/ptinvoke ptolemy.vergil.basic.export.ExportModel -force htm  -openComposites -timeOut 30000 -whiteBackground ptolemy/cg/lib/demo/DECG/DECG.xml $PTII/ptolemy/cg/lib/demo/DECG/DECG
Warning: not running ptolemy/cg/lib/demo/DECG/DECG.xml. See ptolemy/vergil/basic/export/test/junit/ExportModelJUnitTest.java
Exported /home/travis/build/icyphy/ptII/ptolemy/cg/lib/demo/DECG/DECG/index.html
3179 ms. Memory: 1843200K Free: 647125K (35%)
####### 36 Wed Nov 07 03:19:07 UTC 2018 $PTII/bin/ptinvoke ptolemy.vergil.basic.export.ExportModel -force htm -run -openComposites -timeOut 30000 -whiteBackground ptolemy/cg/lib/demo/DECG/DECGClockRamp.xml $PTII/ptolemy/cg/lib/demo/DECG/DECGClockRamp
Running .DECGClockRamp
10 ms. Memory: 1843200K Free: 504567K (27%)
Exported /home/travis/build/icyphy/ptII/ptolemy/cg/lib/demo/DECG/DECGClockRamp/index.html
4210 ms. Memory: 1843200K Free: 473751K (26%)
####### 37 Wed Nov 07 03:19:11 UTC 2018 $PTII/bin/ptinvoke ptolemy.vergil.basic.export.ExportModel -force htm -run -openComposites -timeOut 30000 -whiteBackground ptolemy/cg/lib/demo/DECG/DECGDelay.xml $PTII/ptolemy/cg/lib/demo/DECG/DECGDelay
Running .DECGDelay
12 ms. Memory: 1843200K Free: 342102K (19%)
Exported /home/travis/build/icyphy/ptII/ptolemy/cg/lib/demo/DECG/DECGDelay/index.html
4220 ms. Memory: 1843200K Free: 308420K (17%)
####### 38 Wed Nov 07 03:19:16 UTC 2018 $PTII/bin/ptinvoke ptolemy.vergil.basic.export.ExportModel -force htm -run -openComposites -timeOut 30000 -whiteBackground ptolemy/cg/lib/demo/DECG/DECGHelloWorld.xml $PTII/ptolemy/cg/lib/demo/DECG/DECGHelloWorld
Running .DECGHelloWorld
9 ms. Memory: 1833984K Free: 1644943K (90%)
Exported /home/travis/build/icyphy/ptII/ptolemy/cg/lib/demo/DECG/DECGHelloWorld/index.html
4343 ms. Memory: 1833984K Free: 1613546K (88%)
####### 39 Wed Nov 07 03:19:20 UTC 2018 $PTII/bin/ptinvoke ptolemy.vergil.basic.export.ExportModel -force htm -run -openComposites -timeOut 30000 -whiteBackground ptolemy/cg/lib/demo/DECG/DECGHeterogeneous.xml $PTII/ptolemy/cg/lib/demo/DECG/DECGHeterogeneous
Running .DECGHeterogeneous
74 ms. Memory: 1833984K Free: 1377743K (75%)
Exported /home/travis/build/icyphy/ptII/ptolemy/cg/lib/demo/DECG/DECGHeterogeneous/index.html
4305 ms. Memory: 1833984K Free: 1312035K (72%)
####### 40 Wed Nov 07 03:19:24 UTC 2018 $PTII/bin/ptinvoke ptolemy.vergil.basic.export.ExportModel -force htm -run -openComposites -timeOut 30000 -whiteBackground ptolemy/cg/lib/demo/DECG/DECGHeterogeneousMk2.xml $PTII/ptolemy/cg/lib/demo/DECG/DECGHeterogeneousMk2
Running .DECGHeterogeneousMk2
67 ms. Memory: 1833984K Free: 1111540K (61%)
Exported /home/travis/build/icyphy/ptII/ptolemy/cg/lib/demo/DECG/DECGHeterogeneousMk2/index.html
4572 ms. Memory: 1833984K Free: 749016K (41%)
####### 41 Wed Nov 07 03:19:29 UTC 2018 $PTII/bin/ptinvoke ptolemy.vergil.basic.export.ExportModel -force htm -run -openComposites -timeOut 30000 -whiteBackground ptolemy/cg/lib/demo/DECG/DECGMath.xml $PTII/ptolemy/cg/lib/demo/DECG/DECGMath
Running .DECGMath
15 ms. Memory: 1833984K Free: 589353K (32%)
Exported /home/travis/build/icyphy/ptII/ptolemy/cg/lib/demo/DECG/DECGMath/index.html
4203 ms. Memory: 1833984K Free: 544833K (30%)
####### 42 Wed Nov 07 03:19:33 UTC 2018 $PTII/bin/ptinvoke ptolemy.vergil.basic.export.ExportModel -force htm -run -openComposites -timeOut 30000 -whiteBackground ptolemy/cg/lib/demo/DECG/DECGPi.xml $PTII/ptolemy/cg/lib/demo/DECG/DECGPi
Running .DECGPi
49 ms. Memory: 1833984K Free: 311653K (17%)
Exported /home/travis/build/icyphy/ptII/ptolemy/cg/lib/demo/DECG/DECGPi/index.html
4295 ms. Memory: 1833984K Free: 247948K (14%)
####### 43 Wed Nov 07 03:19:37 UTC 2018 $PTII/bin/ptinvoke ptolemy.vergil.basic.export.ExportModel -force htm -run -openComposites -timeOut 30000 -whiteBackground ptolemy/cg/lib/demo/DECG/DECGPiSquare.xml $PTII/ptolemy/cg/lib/demo/DECG/DECGPiSquare
Running .DECGPiSquare
116 ms. Memory: 1830400K Free: 1553483K (85%)
Exported /home/travis/build/icyphy/ptII/ptolemy/cg/lib/demo/DECG/DECGPiSquare/index.html
4384 ms. Memory: 1830400K Free: 1503973K (82%)
####### 44 Wed Nov 07 03:19:42 UTC 2018 $PTII/bin/ptinvoke ptolemy.vergil.basic.export.ExportModel -force htm -run -openComposites -timeOut 30000 -whiteBackground ptolemy/cg/lib/demo/DECG/DECGPoisson.xml $PTII/ptolemy/cg/lib/demo/DECG/DECGPoisson
Running .DECGPoisson
13 ms. Memory: 1830400K Free: 1368646K (75%)
Exported /home/travis/build/icyphy/ptII/ptolemy/cg/lib/demo/DECG/DECGPoisson/index.html
4198 ms. Memory: 1830400K Free: 1340020K (73%)
####### 45 Wed Nov 07 03:19:46 UTC 2018 $PTII/bin/ptinvoke ptolemy.vergil.basic.export.ExportModel -force htm  -openComposites -timeOut 30000 -whiteBackground ptolemy/cg/lib/demo/ModularCG/ModularCG.xml $PTII/ptolemy/cg/lib/demo/ModularCG/ModularCG
Warning: not running ptolemy/cg/lib/demo/ModularCG/ModularCG.xml. See ptolemy/vergil/basic/export/test/junit/ExportModelJUnitTest.java
Exported /home/travis/build/icyphy/ptII/ptolemy/cg/lib/demo/ModularCG/ModularCG/index.html
4830 ms. Memory: 1819136K Free: 636694K (35%)
####### 46 Wed Nov 07 03:19:51 UTC 2018 $PTII/bin/ptinvoke ptolemy.vergil.basic.export.ExportModel -force htm -run -openComposites -timeOut 30000 -whiteBackground ptolemy/cg/lib/demo/ModularCGPubSub/ModularCGPubSub.xml $PTII/ptolemy/cg/lib/demo/ModularCGPubSub/ModularCGPubSub
Running .ModularCGPubSub
In "/home/travis/cg", about to execute:
    pwd
In "/home/travis/cg", about to execute:
    ls -l
/home/travis/cg
In "/home/travis/cg", about to execute:
    javac -classpath
.:/home/travis/build/icyphy/ptII:/home/travis/build/icyphy/ptII/lib/bsh-2.0b4.j
ar:/home/travis/build/icyphy/ptII/lib/ptCal.jar:/home/travis/build/icyphy/ptII/
lib/java_cup.jar:/home/travis/build/icyphy/ptII/lib/saxon8.jar:/home/travis/bui
ld/icyphy/ptII/lib/saxon8-dom.jar:/home/travis/build/icyphy/ptII/lib/chic.jar:/
home/travis/build/icyphy/ptII/lib/ptcolt.jar:/usr/lib/jvm/java-8-oracle/lib/too
ls.jar:/usr/lib/eclipse/plugins/org.eclipse.jdt.core_3.8.2.dist.jar:/usr/lib/ec
lipse/plugins/org.eclipse.core.runtime_3.8.0.dist.jar:/usr/lib/eclipse/plugins/
org.eclipse.osgi_3.8.1.dist.jar:/usr/lib/eclipse/plugins/org.eclipse.core.resou
rces_3.8.1.dist.jar:/usr/lib/eclipse/plugins/org.eclipse.equinox.common_3.6.100
.dist.jar:/usr/lib/eclipse/plugins/org.eclipse.core.jobs_3.5.200.dist.jar:/usr/
lib/eclipse/plugins/org.eclipse.core.contenttype_3.4.200.dist.jar:/usr/lib/ecli
pse/plugins/org.eclipse.equinox.preferences_3.5.0.dist.jar:/usr/lib/eclipse/plu
gins/org.eclipse.text_3.5.200.dist.jar:/usr/lib/eclipse/plugins/org.eclipse.ui.
workbench_3.8.1.dist.jar:/usr/lib/eclipse/plugins/org.eclipse.jface_3.8.0.dist.
jar:/usr/lib/eclipse/plugins/org.eclipse.swt_3.8.2.jar:/usr/lib/eclipse/plugins
/org.eclipse.jface.text_3.8.1.dist.jar:/usr/lib/eclipse/plugins/org.eclipse.ui.
workbench.texteditor_3.8.0.dist.jar:/usr/lib/eclipse/plugins/org.eclipse.ui.edi
tors_3.8.0.dist.jar:/usr/lib/eclipse/plugins/org.eclipse.core.commands_3.6.1.di
st.jar:/usr/lib/eclipse/plugins/org.eclipse.equinox.registry_3.5.200.dist.jar:/
usr/lib/eclipse/plugins/org.eclipse.ui.console_3.5.100.dist.jar:/usr/lib/eclips
e/plugins/org.eclipse.ui.forms_3.5.200.dist.jar:/usr/lib/eclipse/plugins/org.ec
lipse.ui.ide_3.8.1.dist.jar:/home/travis/build/icyphy/ptII/vendors/oracle/dbxml
.jar:/home/travis/build/icyphy/ptII/vendors/oracle/db.jar:/home/travis/build/ic
yphy/ptII/vendors/misc/itext/iText.jar:/home/travis/build/icyphy/ptII/lib/g4ltl
.jar:/home/travis/build/icyphy/ptII/lib/StructuralCoder.jar:/home/travis/build/
icyphy/ptII/lib/org-openide-util.jar:/home/travis/build/icyphy/ptII/lib/org-ope
nide-util-lookup.jar:/home/travis/build/icyphy/ptII/lib/org-netbeans-api-visual
.jar:/home/travis/build/icyphy/ptII/vendors/jai-1_1_2_01/lib/jai_core.jar:/home
/travis/build/icyphy/ptII/vendors/jai-1_1_2_01/lib/jai_codec.jar:/home/travis/b
uild/icyphy/ptII/lib/jcerti.jar:/home/travis/build/icyphy/ptII/lib/smack.jar:/h
ome/travis/build/icyphy/ptII/lib/smackx.jar:/home/travis/build/icyphy/ptII/lib/
jetty-all-8.1.5-v20120716.jar:/home/travis/build/icyphy/ptII/lib/javax.servlet-
api-3.0.1.jar:/home/travis/build/icyphy/ptII/lib/javax.mail.jar:/home/travis/bu
ild/icyphy/ptII/vendors/JMF-2.1.1e/lib/jmf.jar:/home/travis/build/icyphy/ptII/l
ib/jna-4.0.0-variadic.jar:/home/travis/build/icyphy/ptII/vendors/misc/joystick/
Joystick.jar:/home/travis/build/icyphy/ptII/lib/ptjacl.jar:/home/travis/build/i
cyphy/ptII/lib/jsoup-1.8.2.jar:/home/travis/build/icyphy/ptII/lib/junit-4.8.2.j
ar:/home/travis/build/icyphy/ptII/lib/JUnitParams-0.4.0.jar:/home/travis/build/
icyphy/ptII/ptolemy/actor/lib/excel/jxl.jar:/home/travis/build/icyphy/ptII/lib/
jython.jar:/home/travis/build/icyphy/ptII/lib/kieler.jar:/home/travis/build/icy
phy/ptII/vendors/opencv/share/OpenCV/java/opencv-341.jar:/home/travis/build/icy
phy/ptII/lib/oscP5.jar:/home/travis/build/icyphy/ptII/lib/nrjavaserial-3.11.0.d
evel.jar:/home/travis/build/icyphy/ptII/vendors/j3d/lib/j3dcore.jar:/home/travi
s/build/icyphy/ptII/vendors/j3d/lib/j3dutils.jar:/home/travis/build/icyphy/ptII
/vendors/j3d/lib/vecmath.jar:/home/travis/build/icyphy/ptII/ptolemy/distributed
/jini/jar/jini-core.jar:/home/travis/build/icyphy/ptII/ptolemy/distributed/jini
/jar/jini-ext.jar:/home/travis/build/icyphy/ptII/ptolemy/distributed/jini/jar/s
un-util.jar:/home/travis/build/icyphy/ptII/lib/protobuf-java-2.4.1.jar:/home/tr
avis/build/icyphy/ptII/lib/org.eclipse.paho.client.mqttv3.jar:/home/travis/buil
d/icyphy/ptII/ptserver/lib/hessian-4.0.7.jar:/home/travis/build/icyphy/ptII/pts
erver/lib/wmqtt.jar:/home/travis/build/icyphy/ptII/lib/mapss.jar:/home/travis/b
uild/icyphy/ptII/ptolemy/actor/ptalon/antlr/antlr.jar:/home/travis/build/icyphy
/ptII/lib/JRI.jar:/home/travis/build/icyphy/ptII/lib/commons-lang-2.6.jar:/home
/travis/build/icyphy/ptII/lib/commons-logging-1.1.1.jar:/home/travis/build/icyp
hy/ptII/lib/sootclasses.jar:/home/travis/build/icyphy/ptII/ptolemy/actor/lib/da
tabase/mysql-connector-java-5.1.6-bin.jar:/home/travis/build/icyphy/ptII/vendor
s/misc/sphinx4/sphinx4-data-5prealpha.jar:/home/travis/build/icyphy/ptII/vendor
s/misc/sphinx4/sphinx4-core-5prealpha.jar:/home/travis/build/icyphy/ptII/lib/PD
FRenderer.jar:/home/travis/build/icyphy/ptII/lib/svgSalamander.jar:/home/travis
/build/icyphy/ptII/lib/rsyntaxtextarea-2.6.0-SNAPSHOT.jar:/home/travis/build/ic
yphy/ptII/lib/hazelcast-3.8.2.jar:/home/travis/build/icyphy/ptII/lib/jackson-an
notations-2.9.0.jar:/home/travis/build/icyphy/ptII/lib/jackson-core-2.9.3.jar:/
home/travis/build/icyphy/ptII/lib/jackson-databind-2.9.3.jar:/home/travis/build
/icyphy/ptII/lib/netty-buffer-4.1.19.Final.jar:/home/travis/build/icyphy/ptII/l
ib/netty-codec-4.1.19.Final.jar:/home/travis/build/icyphy/ptII/lib/netty-codec-
dns-4.1.19.Final.jar:/home/travis/build/icyphy/ptII/lib/netty-codec-http-4.1.19
.Final.jar:/home/travis/build/icyphy/ptII/lib/netty-codec-http2-4.1.19.Final.ja
r:/home/travis/build/icyphy/ptII/lib/netty-common-4.1.19.Final.jar:/home/travis
/build/icyphy/ptII/lib/netty-handler-4.1.19.Final.jar:/home/travis/build/icyphy
/ptII/lib/netty-resolver-4.1.19.Final.jar:/home/travis/build/icyphy/ptII/lib/ne
tty-resolver-dns-4.1.19.Final.jar:/home/travis/build/icyphy/ptII/lib/netty-tran
sport-4.1.19.Final.jar:/home/travis/build/icyphy/ptII/lib/vertx-codegen-3.5.1.j
ar:/home/travis/build/icyphy/ptII/lib/vertx-core-3.5.2-SNAPSHOT.jar:/home/travi
s/build/icyphy/ptII/lib/vertx-hazelcast-3.5.1.jar:/home/travis/build/icyphy/ptI
I/lib/vertx-lang-js-3.5.1.jar:/home/travis/build/icyphy/ptII/lib/vertx-service-
proxy-3.5.1.jar:/home/travis/build/icyphy/ptII/lib/vertx-web-3.5.1.jar:/home/tr
avis/build/icyphy/ptII/lib/slf4j-api-1.7.13.jar:/home/travis/build/icyphy/ptII/
lib/slf4j-simple-1.7.13.jar:/home/travis/build/icyphy/ptII/lib/webcam-capture-0
.3.12.jar:/home/travis/build/icyphy/ptII/lib/bridj-0.7.0.jar:/home/travis/build
/icyphy/ptII/lib/xbjlib-1.1.0.nrjavaserial.jar:/home/travis/build/icyphy/ptII/p
tolemy/moml/test:/home/travis/build/icyphy/ptII/ant/lib/ant-launcher.jar:/home/
travis/build/icyphy/ptII/ant/lib/ant.jar:/home/travis/build/icyphy/ptII/ant/lib
/ant-junit.jar:/home/travis/build/icyphy/ptII/ant/lib/ant-junit4.jar:/home/trav
is/build/icyphy/ptII ModularCGPubSub_A1_A2_profile.java
total 396
-rw-rw-r-- 1 travis travis    476 Nov  7 03:18 Blink_EmbeddedCodeActor.class
-rw-rw-r-- 1 travis travis    270 Nov  7 03:18 Blink_EmbeddedCodeActor.java
-rw-rw-r-- 1 travis travis   2870 Nov  7 03:18 Blink_EmbeddedCodeActor_Main.c
-rw-rw-r-- 1 travis travis   1596 Nov  7 03:18 Blink_EmbeddedCodeActor_Main.h
-rw-rw-r-- 1 travis travis   1793 Nov  7 03:18 Blink_EmbeddedCodeActor.mk
drwxrwxr-x 2 travis travis   4096 Nov  7 03:18 commons
-rw-rw-r-- 1 travis travis   4895 Nov  7 03:19 CompiledCompositeActor_CompiledCompositeActor.class
-rw-rw-r-- 1 travis travis   1592 Nov  7 03:19 CompiledCompositeActor_CompiledCompositeActor$_CompiledCompositeActor_CompiledCompositeActor.class
-rw-rw-r-- 1 travis travis  13466 Nov  7 03:19 CompiledCompositeActor_CompiledCompositeActor.java
-rw-rw-r-- 1 travis travis   1593 Nov  7 03:19 CompiledCompositeActor_CompiledCompositeActor.mk
drwxrwxr-x 2 travis travis   4096 Nov  7 03:18 _EmbeddedCodeActor
-rwxrwxr-x 1 travis travis 328528 Nov  7 03:18 libBlink_EmbeddedCodeActor.so
-rw-rw-r-- 1 travis travis   1222 Nov  7 03:19 ModularCGPubSub_A1_A2_profile.java
-rw-rw-r-- 1 travis travis    432 Nov  7 03:19 Token.class
-rw-rw-r-- 1 travis travis    251 Nov  7 03:19 Token.java
warning: Supported source version 'RELEASE_6' from annotation processor 'org.netbeans.modules.openide.util.NbBundleProcessor' less than -source '1.8'
warning: Supported source version 'RELEASE_6' from annotation processor 'org.netbeans.modules.openide.util.URLStreamHandlerRegistrationProcessor' less than -source '1.8'
warning: Supported source version 'RELEASE_6' from annotation processor 'org.netbeans.modules.openide.util.ServiceProviderProcessor' less than -source '1.8'
3 warnings
All Done
Writing ModularCGPubSub_A1_A2.java in file:/home/travis/cg/ (9076 characters)
Reading "ptolemy/cg/kernel/generic/program/procedural/java/modular/makefile.in",
    writing "/home/travis/cg/ModularCGPubSub_A1_A2.mk"
Using ptolemy/cg/kernel/generic/program/procedural/java/modular/makefile.in
In "/home/travis/cg", about to execute:
    make -f ModularCGPubSub_A1_A2.mk
javac -classpath ".:.."    ModularCGPubSub_A1_A2.java
All Done
In "/home/travis/cg", about to execute:
    pwd
In "/home/travis/cg", about to execute:
    ls -l
/home/travis/cg
total 424
-rw-rw-r-- 1 travis travis    476 Nov  7 03:18 Blink_EmbeddedCodeActor.class
-rw-rw-r-- 1 travis travis    270 Nov  7 03:18 Blink_EmbeddedCodeActor.java
-rw-rw-r-- 1 travis travis   2870 Nov  7 03:18 Blink_EmbeddedCodeActor_Main.c
-rw-rw-r-- 1 travis travis   1596 Nov  7 03:18 Blink_EmbeddedCodeActor_Main.h
-rw-rw-r-- 1 travis travis   1793 Nov  7 03:18 Blink_EmbeddedCodeActor.mk
drwxrwxr-x 2 travis travis   4096 Nov  7 03:18 commons
-rw-rw-r-- 1 travis travis   4895 Nov  7 03:19 CompiledCompositeActor_CompiledCompositeActor.class
-rw-rw-r-- 1 travis travis   1592 Nov  7 03:19 CompiledCompositeActor_CompiledCompositeActor$_CompiledCompositeActor_CompiledCompositeActor.class
-rw-rw-r-- 1 travis travis  13466 Nov  7 03:19 CompiledCompositeActor_CompiledCompositeActor.java
-rw-rw-r-- 1 travis travis   1593 Nov  7 03:19 CompiledCompositeActor_CompiledCompositeActor.mk
drwxrwxr-x 2 travis travis   4096 Nov  7 03:18 _EmbeddedCodeActor
-rwxrwxr-x 1 travis travis 328528 Nov  7 03:18 libBlink_EmbeddedCodeActor.so
-rw-rw-r-- 1 travis travis   3473 Nov  7 03:19 ModularCGPubSub_A1_A2.class
-rw-rw-r-- 1 travis travis   9076 Nov  7 03:19 ModularCGPubSub_A1_A2.java
-rw-rw-r-- 1 travis travis    880 Nov  7 03:19 ModularCGPubSub_A1_A2.mk
-rw-rw-r-- 1 travis travis   1300 Nov  7 03:19 ModularCGPubSub_A1_A2_profile.class
-rw-rw-r-- 1 travis travis   1222 Nov  7 03:19 ModularCGPubSub_A1_A2_profile.java
-rw-rw-r-- 1 travis travis   1388 Nov  7 03:19 ModularCGPubSub_A1_profile.java
-rw-rw-r-- 1 travis travis    432 Nov  7 03:19 Token.class
-rw-rw-r-- 1 travis travis    251 Nov  7 03:19 Token.java
In "/home/travis/cg", about to execute:
    javac -classpath
.:/home/travis/build/icyphy/ptII:/home/travis/build/icyphy/ptII/lib/bsh-2.0b4.j
ar:/home/travis/build/icyphy/ptII/lib/ptCal.jar:/home/travis/build/icyphy/ptII/
lib/java_cup.jar:/home/travis/build/icyphy/ptII/lib/saxon8.jar:/home/travis/bui
ld/icyphy/ptII/lib/saxon8-dom.jar:/home/travis/build/icyphy/ptII/lib/chic.jar:/
home/travis/build/icyphy/ptII/lib/ptcolt.jar:/usr/lib/jvm/java-8-oracle/lib/too
ls.jar:/usr/lib/eclipse/plugins/org.eclipse.jdt.core_3.8.2.dist.jar:/usr/lib/ec
lipse/plugins/org.eclipse.core.runtime_3.8.0.dist.jar:/usr/lib/eclipse/plugins/
org.eclipse.osgi_3.8.1.dist.jar:/usr/lib/eclipse/plugins/org.eclipse.core.resou
rces_3.8.1.dist.jar:/usr/lib/eclipse/plugins/org.eclipse.equinox.common_3.6.100
.dist.jar:/usr/lib/eclipse/plugins/org.eclipse.core.jobs_3.5.200.dist.jar:/usr/
lib/eclipse/plugins/org.eclipse.core.contenttype_3.4.200.dist.jar:/usr/lib/ecli
pse/plugins/org.eclipse.equinox.preferences_3.5.0.dist.jar:/usr/lib/eclipse/plu
gins/org.eclipse.text_3.5.200.dist.jar:/usr/lib/eclipse/plugins/org.eclipse.ui.
workbench_3.8.1.dist.jar:/usr/lib/eclipse/plugins/org.eclipse.jface_3.8.0.dist.
jar:/usr/lib/eclipse/plugins/org.eclipse.swt_3.8.2.jar:/usr/lib/eclipse/plugins
/org.eclipse.jface.text_3.8.1.dist.jar:/usr/lib/eclipse/plugins/org.eclipse.ui.
workbench.texteditor_3.8.0.dist.jar:/usr/lib/eclipse/plugins/org.eclipse.ui.edi
tors_3.8.0.dist.jar:/usr/lib/eclipse/plugins/org.eclipse.core.commands_3.6.1.di
st.jar:/usr/lib/eclipse/plugins/org.eclipse.equinox.registry_3.5.200.dist.jar:/
usr/lib/eclipse/plugins/org.eclipse.ui.console_3.5.100.dist.jar:/usr/lib/eclips
e/plugins/org.eclipse.ui.forms_3.5.200.dist.jar:/usr/lib/eclipse/plugins/org.ec
lipse.ui.ide_3.8.1.dist.jar:/home/travis/build/icyphy/ptII/vendors/oracle/dbxml
.jar:/home/travis/build/icyphy/ptII/vendors/oracle/db.jar:/home/travis/build/ic
yphy/ptII/vendors/misc/itext/iText.jar:/home/travis/build/icyphy/ptII/lib/g4ltl
.jar:/home/travis/build/icyphy/ptII/lib/StructuralCoder.jar:/home/travis/build/
icyphy/ptII/lib/org-openide-util.jar:/home/travis/build/icyphy/ptII/lib/org-ope
nide-util-lookup.jar:/home/travis/build/icyphy/ptII/lib/org-netbeans-api-visual
.jar:/home/travis/build/icyphy/ptII/vendors/jai-1_1_2_01/lib/jai_core.jar:/home
/travis/build/icyphy/ptII/vendors/jai-1_1_2_01/lib/jai_codec.jar:/home/travis/b
uild/icyphy/ptII/lib/jcerti.jar:/home/travis/build/icyphy/ptII/lib/smack.jar:/h
ome/travis/build/icyphy/ptII/lib/smackx.jar:/home/travis/build/icyphy/ptII/lib/
jetty-all-8.1.5-v20120716.jar:/home/travis/build/icyphy/ptII/lib/javax.servlet-
api-3.0.1.jar:/home/travis/build/icyphy/ptII/lib/javax.mail.jar:/home/travis/bu
ild/icyphy/ptII/vendors/JMF-2.1.1e/lib/jmf.jar:/home/travis/build/icyphy/ptII/l
ib/jna-4.0.0-variadic.jar:/home/travis/build/icyphy/ptII/vendors/misc/joystick/
Joystick.jar:/home/travis/build/icyphy/ptII/lib/ptjacl.jar:/home/travis/build/i
cyphy/ptII/lib/jsoup-1.8.2.jar:/home/travis/build/icyphy/ptII/lib/junit-4.8.2.j
ar:/home/travis/build/icyphy/ptII/lib/JUnitParams-0.4.0.jar:/home/travis/build/
icyphy/ptII/ptolemy/actor/lib/excel/jxl.jar:/home/travis/build/icyphy/ptII/lib/
jython.jar:/home/travis/build/icyphy/ptII/lib/kieler.jar:/home/travis/build/icy
phy/ptII/vendors/opencv/share/OpenCV/java/opencv-341.jar:/home/travis/build/icy
phy/ptII/lib/oscP5.jar:/home/travis/build/icyphy/ptII/lib/nrjavaserial-3.11.0.d
evel.jar:/home/travis/build/icyphy/ptII/vendors/j3d/lib/j3dcore.jar:/home/travi
s/build/icyphy/ptII/vendors/j3d/lib/j3dutils.jar:/home/travis/build/icyphy/ptII
/vendors/j3d/lib/vecmath.jar:/home/travis/build/icyphy/ptII/ptolemy/distributed
/jini/jar/jini-core.jar:/home/travis/build/icyphy/ptII/ptolemy/distributed/jini
/jar/jini-ext.jar:/home/travis/build/icyphy/ptII/ptolemy/distributed/jini/jar/s
un-util.jar:/home/travis/build/icyphy/ptII/lib/protobuf-java-2.4.1.jar:/home/tr
avis/build/icyphy/ptII/lib/org.eclipse.paho.client.mqttv3.jar:/home/travis/buil
d/icyphy/ptII/ptserver/lib/hessian-4.0.7.jar:/home/travis/build/icyphy/ptII/pts
erver/lib/wmqtt.jar:/home/travis/build/icyphy/ptII/lib/mapss.jar:/home/travis/b
uild/icyphy/ptII/ptolemy/actor/ptalon/antlr/antlr.jar:/home/travis/build/icyphy
/ptII/lib/JRI.jar:/home/travis/build/icyphy/ptII/lib/commons-lang-2.6.jar:/home
/travis/build/icyphy/ptII/lib/commons-logging-1.1.1.jar:/home/travis/build/icyp
hy/ptII/lib/sootclasses.jar:/home/travis/build/icyphy/ptII/ptolemy/actor/lib/da
tabase/mysql-connector-java-5.1.6-bin.jar:/home/travis/build/icyphy/ptII/vendor
s/misc/sphinx4/sphinx4-data-5prealpha.jar:/home/travis/build/icyphy/ptII/vendor
s/misc/sphinx4/sphinx4-core-5prealpha.jar:/home/travis/build/icyphy/ptII/lib/PD
FRenderer.jar:/home/travis/build/icyphy/ptII/lib/svgSalamander.jar:/home/travis
/build/icyphy/ptII/lib/rsyntaxtextarea-2.6.0-SNAPSHOT.jar:/home/travis/build/ic
yphy/ptII/lib/hazelcast-3.8.2.jar:/home/travis/build/icyphy/ptII/lib/jackson-an
notations-2.9.0.jar:/home/travis/build/icyphy/ptII/lib/jackson-core-2.9.3.jar:/
home/travis/build/icyphy/ptII/lib/jackson-databind-2.9.3.jar:/home/travis/build
/icyphy/ptII/lib/netty-buffer-4.1.19.Final.jar:/home/travis/build/icyphy/ptII/l
ib/netty-codec-4.1.19.Final.jar:/home/travis/build/icyphy/ptII/lib/netty-codec-
dns-4.1.19.Final.jar:/home/travis/build/icyphy/ptII/lib/netty-codec-http-4.1.19
.Final.jar:/home/travis/build/icyphy/ptII/lib/netty-codec-http2-4.1.19.Final.ja
r:/home/travis/build/icyphy/ptII/lib/netty-common-4.1.19.Final.jar:/home/travis
/build/icyphy/ptII/lib/netty-handler-4.1.19.Final.jar:/home/travis/build/icyphy
/ptII/lib/netty-resolver-4.1.19.Final.jar:/home/travis/build/icyphy/ptII/lib/ne
tty-resolver-dns-4.1.19.Final.jar:/home/travis/build/icyphy/ptII/lib/netty-tran
sport-4.1.19.Final.jar:/home/travis/build/icyphy/ptII/lib/vertx-codegen-3.5.1.j
ar:/home/travis/build/icyphy/ptII/lib/vertx-core-3.5.2-SNAPSHOT.jar:/home/travi
s/build/icyphy/ptII/lib/vertx-hazelcast-3.5.1.jar:/home/travis/build/icyphy/ptI
I/lib/vertx-lang-js-3.5.1.jar:/home/travis/build/icyphy/ptII/lib/vertx-service-
proxy-3.5.1.jar:/home/travis/build/icyphy/ptII/lib/vertx-web-3.5.1.jar:/home/tr
avis/build/icyphy/ptII/lib/slf4j-api-1.7.13.jar:/home/travis/build/icyphy/ptII/
lib/slf4j-simple-1.7.13.jar:/home/travis/build/icyphy/ptII/lib/webcam-capture-0
.3.12.jar:/home/travis/build/icyphy/ptII/lib/bridj-0.7.0.jar:/home/travis/build
/icyphy/ptII/lib/xbjlib-1.1.0.nrjavaserial.jar:/home/travis/build/icyphy/ptII/p
tolemy/moml/test:/home/travis/build/icyphy/ptII/ant/lib/ant-launcher.jar:/home/
travis/build/icyphy/ptII/ant/lib/ant.jar:/home/travis/build/icyphy/ptII/ant/lib
/ant-junit.jar:/home/travis/build/icyphy/ptII/ant/lib/ant-junit4.jar:/home/trav
is/build/icyphy/ptII ModularCGPubSub_A1_profile.java
warning: Supported source version 'RELEASE_6' from annotation processor 'org.netbeans.modules.openide.util.NbBundleProcessor' less than -source '1.8'
warning: Supported source version 'RELEASE_6' from annotation processor 'org.netbeans.modules.openide.util.URLStreamHandlerRegistrationProcessor' less than -source '1.8'
warning: Supported source version 'RELEASE_6' from annotation processor 'org.netbeans.modules.openide.util.ServiceProviderProcessor' less than -source '1.8'
3 warnings
All Done
Writing ModularCGPubSub_A1.java in file:/home/travis/cg/ (9836 characters)
Reading "ptolemy/cg/kernel/generic/program/procedural/java/modular/makefile.in",
    writing "/home/travis/cg/ModularCGPubSub_A1.mk"
Using ptolemy/cg/kernel/generic/program/procedural/java/modular/makefile.in
In "/home/travis/cg", about to execute:
    make -f ModularCGPubSub_A1.mk
javac -classpath ".:.."    ModularCGPubSub_A1.java
All Done
4891 ms. Memory: 1809920K Free: 1012276K (56%)
Exported /home/travis/build/icyphy/ptII/ptolemy/cg/lib/demo/ModularCGPubSub/ModularCGPubSub/index.html
11493 ms. Memory: 1772544K Free: 1528938K (86%)
####### 47 Wed Nov 07 03:20:02 UTC 2018 $PTII/bin/ptinvoke ptolemy.vergil.basic.export.ExportModel -force htm  -openComposites -timeOut 30000 -whiteBackground ptolemy/cg/lib/demo/Scale/Scale.xml $PTII/ptolemy/cg/lib/demo/Scale/Scale
Warning: not running ptolemy/cg/lib/demo/Scale/Scale.xml. See ptolemy/vergil/basic/export/test/junit/ExportModelJUnitTest.java
Exported /home/travis/build/icyphy/ptII/ptolemy/cg/lib/demo/Scale/Scale/index.html
3149 ms. Memory: 1772544K Free: 1381516K (78%)
####### 48 Wed Nov 07 03:20:05 UTC 2018 $PTII/bin/ptinvoke ptolemy.vergil.basic.export.ExportModel -force htm  -openComposites -timeOut 30000 -whiteBackground ptolemy/cg/lib/demo/Scale/ScaleC.xml $PTII/ptolemy/cg/lib/demo/Scale/ScaleC
Warning: not running ptolemy/cg/lib/demo/Scale/ScaleC.xml. See ptolemy/vergil/basic/export/test/junit/ExportModelJUnitTest.java
Exported /home/travis/build/icyphy/ptII/ptolemy/cg/lib/demo/Scale/ScaleC/index.html
3188 ms. Memory: 1772544K Free: 1237289K (70%)
####### 49 Wed Nov 07 03:20:09 UTC 2018 $PTII/bin/ptinvoke ptolemy.vergil.basic.export.ExportModel -force htm -run -openComposites -timeOut 30000 -whiteBackground ptolemy/cg/lib/demo/Scale/ScaleCFlat.xml $PTII/ptolemy/cg/lib/demo/Scale/ScaleCFlat
Running .ScaleCFlat
70 ms. Memory: 1772544K Free: 1055513K (60%)
Exported /home/travis/build/icyphy/ptII/ptolemy/cg/lib/demo/Scale/ScaleCFlat/index.html
4239 ms. Memory: 1772544K Free: 1026040K (58%)
####### 50 Wed Nov 07 03:20:13 UTC 2018 $PTII/bin/ptinvoke ptolemy.vergil.basic.export.ExportModel -force htm -run -openComposites -timeOut 30000 -whiteBackground ptolemy/cg/lib/demo/Scale/ScaleJava.xml $PTII/ptolemy/cg/lib/demo/Scale/ScaleJava
Running .ScaleJava
CompiledCompositeActor: Building shared object: The sharedObjectFile has a modification time that is earlier than the modelFile modification time.
Writing ScaleJava_EmbeddedActor.java in file:/home/travis/cg/ (9330 characters)
Reading "ptolemy/cg/kernel/generic/program/procedural/java/makefile.in",
    writing "/home/travis/cg/ScaleJava_EmbeddedActor.mk"
Using ptolemy/cg/kernel/generic/program/procedural/java/makefile.in
In "/home/travis/cg", about to execute:
    make -f ScaleJava_EmbeddedActor.mk
javac -classpath ".:."    ScaleJava_EmbeddedActor.java
All Done
752 ms. Memory: 1772544K Free: 867015K (49%)
Exported /home/travis/build/icyphy/ptII/ptolemy/cg/lib/demo/Scale/ScaleJava/index.html
4901 ms. Memory: 1772544K Free: 836291K (47%)
####### 51 Wed Nov 07 03:20:18 UTC 2018 $PTII/bin/ptinvoke ptolemy.vergil.basic.export.ExportModel -force htm -run -openComposites -timeOut 30000 -whiteBackground ptolemy/configs/doc/ClassesIllustrated.xml $PTII/ptolemy/configs/doc/ClassesIllustrated
Running .ClassesIllustrated
2 ms. Memory: 1772544K Free: 668592K (38%)
Exported /home/travis/build/icyphy/ptII/ptolemy/configs/doc/ClassesIllustrated/index.html
4341 ms. Memory: 1772544K Free: 474143K (27%)
####### 52 Wed Nov 07 03:20:22 UTC 2018 $PTII/bin/ptinvoke ptolemy.vergil.basic.export.ExportModel -force htm -run -openComposites -timeOut 30000 -whiteBackground ptolemy/data/ontologies/demo/CarTracking/CarTracking.xml $PTII/ptolemy/data/ontologies/demo/CarTracking/CarTracking
Running .CarTracking
3289 ms. Memory: 1799680K Free: 951572K (53%)
Exported /home/travis/build/icyphy/ptII/ptolemy/data/ontologies/demo/CarTracking/CarTracking/index.html
9031 ms. Memory: 1799680K Free: 372479K (21%)
####### 53 Wed Nov 07 03:20:31 UTC 2018 $PTII/bin/ptinvoke ptolemy.vergil.basic.export.ExportModel -force htm -run -openComposites -timeOut 30000 -whiteBackground ptolemy/data/ontologies/demo/ConstAbstractInterpretation/ConstAbstractInterpretation.xml $PTII/ptolemy/data/ontologies/demo/ConstAbstractInterpretation/ConstAbstractInterpretation
Running .ConstAbstractInterpretation
417 ms. Memory: 1754624K Free: 1517628K (86%)
Exported /home/travis/build/icyphy/ptII/ptolemy/data/ontologies/demo/ConstAbstractInterpretation/ConstAbstractInterpretation/index.html
4662 ms. Memory: 1754624K Free: 1459880K (83%)
####### 54 Wed Nov 07 03:20:36 UTC 2018 $PTII/bin/ptinvoke ptolemy.vergil.basic.export.ExportModel -force htm  -openComposites -timeOut 30000 -whiteBackground ptolemy/data/ontologies/demo/ConstAbstractInterpretationObservable/ConstAbstractInterpretationObservable.xml $PTII/ptolemy/data/ontologies/demo/ConstAbstractInterpretationObservable/ConstAbstractInterpretationObservable
Warning: not running ptolemy/data/ontologies/demo/ConstAbstractInterpretationObservable/ConstAbstractInterpretationObservable.xml. See ptolemy/vergil/basic/export/test/junit/ExportModelJUnitTest.java
Exported /home/travis/build/icyphy/ptII/ptolemy/data/ontologies/demo/ConstAbstractInterpretationObservable/ConstAbstractInterpretationObservable/index.html
3173 ms. Memory: 1754624K Free: 1324336K (75%)
####### 55 Wed Nov 07 03:20:39 UTC 2018 $PTII/bin/ptinvoke ptolemy.vergil.basic.export.ExportModel -force htm -run -openComposites -timeOut 30000 -whiteBackground ptolemy/data/ontologies/demo/ConstAbstractInterpretationObservable/ConstComparatorEqualToDemo.xml $PTII/ptolemy/data/ontologies/demo/ConstAbstractInterpretationObservable/ConstComparatorEqualToDemo
Running .ConstComparatorEqualToDemo
1675 ms. Memory: 1754624K Free: 454871K (26%)
Exported /home/travis/build/icyphy/ptII/ptolemy/data/ontologies/demo/ConstAbstractInterpretationObservable/ConstComparatorEqualToDemo/index.html
5950 ms. Memory: 1754624K Free: 381612K (22%)
####### 56 Wed Nov 07 03:20:45 UTC 2018 $PTII/bin/ptinvoke ptolemy.vergil.basic.export.ExportModel -force htm -run -openComposites -timeOut 30000 -whiteBackground ptolemy/data/ontologies/demo/ConstAbstractInterpretationObservable/ConstComparatorGreaterThanDemo.xml $PTII/ptolemy/data/ontologies/demo/ConstAbstractInterpretationObservable/ConstComparatorGreaterThanDemo
Running .ConstComparatorGreaterThanDemo
1602 ms. Memory: 1803264K Free: 998501K (55%)
Exported /home/travis/build/icyphy/ptII/ptolemy/data/ontologies/demo/ConstAbstractInterpretationObservable/ConstComparatorGreaterThanDemo/index.html
5826 ms. Memory: 1803264K Free: 925724K (51%)
####### 57 Wed Nov 07 03:20:51 UTC 2018 $PTII/bin/ptinvoke ptolemy.vergil.basic.export.ExportModel -force htm -run -openComposites -timeOut 30000 -whiteBackground ptolemy/data/ontologies/demo/ConstAbstractInterpretationObservable/ConstComparatorGTEDemo.xml $PTII/ptolemy/data/ontologies/demo/ConstAbstractInterpretationObservable/ConstComparatorGTEDemo
Running .ConstComparatorGTEDemo
1523 ms. Memory: 1734656K Free: 1372251K (79%)
Exported /home/travis/build/icyphy/ptII/ptolemy/data/ontologies/demo/ConstAbstractInterpretationObservable/ConstComparatorGTEDemo/index.html
5733 ms. Memory: 1734656K Free: 1302510K (75%)
####### 58 Wed Nov 07 03:20:56 UTC 2018 $PTII/bin/ptinvoke ptolemy.vergil.basic.export.ExportModel -force htm -run -openComposites -timeOut 30000 -whiteBackground ptolemy/data/ontologies/demo/ConstAbstractInterpretationObservable/ConstComparatorLessThanDemo.xml $PTII/ptolemy/data/ontologies/demo/ConstAbstractInterpretationObservable/ConstComparatorLessThanDemo
Running .ConstComparatorLessThanDemo
1124 ms. Memory: 1734656K Free: 427670K (25%)
Exported /home/travis/build/icyphy/ptII/ptolemy/data/ontologies/demo/ConstAbstractInterpretationObservable/ConstComparatorLessThanDemo/index.html
5330 ms. Memory: 1734656K Free: 355177K (20%)
####### 59 Wed Nov 07 03:21:02 UTC 2018 $PTII/bin/ptinvoke ptolemy.vergil.basic.export.ExportModel -force htm -run -openComposites -timeOut 30000 -whiteBackground ptolemy/data/ontologies/demo/ConstAbstractInterpretationObservable/ConstComparatorLTEDemo.xml $PTII/ptolemy/data/ontologies/demo/ConstAbstractInterpretationObservable/ConstComparatorLTEDemo
Running .ConstComparatorLTEDemo
1125 ms. Memory: 1799168K Free: 1012345K (56%)
Exported /home/travis/build/icyphy/ptII/ptolemy/data/ontologies/demo/ConstAbstractInterpretationObservable/ConstComparatorLTEDemo/index.html
5335 ms. Memory: 1799168K Free: 939516K (52%)
####### 60 Wed Nov 07 03:21:07 UTC 2018 $PTII/bin/ptinvoke ptolemy.vergil.basic.export.ExportModel -force htm -run -openComposites -timeOut 30000 -whiteBackground ptolemy/data/ontologies/demo/ConstAbstractInterpretationObservable/ConstMultiplyDivideDemo.xml $PTII/ptolemy/data/ontologies/demo/ConstAbstractInterpretationObservable/ConstMultiplyDivideDemo
Running .ConstMultiplyDivideDemo
1935 ms. Memory: 1797632K Free: 932473K (52%)
Exported /home/travis/build/icyphy/ptII/ptolemy/data/ontologies/demo/ConstAbstractInterpretationObservable/ConstMultiplyDivideDemo/index.html
6165 ms. Memory: 1797632K Free: 831604K (46%)
####### 61 Wed Nov 07 03:21:13 UTC 2018 $PTII/bin/ptinvoke ptolemy.vergil.basic.export.ExportModel -force htm -run -openComposites -timeOut 30000 -whiteBackground ptolemy/data/ontologies/demo/ConstAbstractInterpretationObservable/ConstScaleDemo.xml $PTII/ptolemy/data/ontologies/demo/ConstAbstractInterpretationObservable/ConstScaleDemo
Running .ConstScaleDemo
1100 ms. Memory: 1803264K Free: 1449324K (80%)
Exported /home/travis/build/icyphy/ptII/ptolemy/data/ontologies/demo/ConstAbstractInterpretationObservable/ConstScaleDemo/index.html
5316 ms. Memory: 1803264K Free: 1346870K (75%)
####### 62 Wed Nov 07 03:21:19 UTC 2018 $PTII/bin/ptinvoke ptolemy.vergil.basic.export.ExportModel -force htm  -openComposites -timeOut 30000 -whiteBackground ptolemy/data/ontologies/demo/ConstNonconst/Const.xml $PTII/ptolemy/data/ontologies/demo/ConstNonconst/Const
Warning: not running ptolemy/data/ontologies/demo/ConstNonconst/Const.xml. See ptolemy/vergil/basic/export/test/junit/ExportModelJUnitTest.java
Exported /home/travis/build/icyphy/ptII/ptolemy/data/ontologies/demo/ConstNonconst/Const/index.html
3175 ms. Memory: 1803264K Free: 1172959K (65%)
####### 63 Wed Nov 07 03:21:22 UTC 2018 $PTII/bin/ptinvoke ptolemy.vergil.basic.export.ExportModel -force htm -run -openComposites -timeOut 30000 -whiteBackground ptolemy/data/ontologies/demo/ConstNonconst/ConstNonconst.xml $PTII/ptolemy/data/ontologies/demo/ConstNonconst/ConstNonconst
Running .ConstNonconst
346 ms. Memory: 1803264K Free: 864277K (48%)
Exported /home/travis/build/icyphy/ptII/ptolemy/data/ontologies/demo/ConstNonconst/ConstNonconst/index.html
4520 ms. Memory: 1803264K Free: 805876K (45%)
####### 64 Wed Nov 07 03:21:26 UTC 2018 $PTII/bin/ptinvoke ptolemy.vergil.basic.export.ExportModel -force htm -run -openComposites -timeOut 30000 -whiteBackground ptolemy/data/ontologies/demo/ConstPropagation/BooleanSwitchDemoProductLattice.xml $PTII/ptolemy/data/ontologies/demo/ConstPropagation/BooleanSwitchDemoProductLattice
Running .BooleanSwitchDemoProductLattice
1326 ms. Memory: 1800192K Free: 1377949K (77%)
Exported /home/travis/build/icyphy/ptII/ptolemy/data/ontologies/demo/ConstPropagation/BooleanSwitchDemoProductLattice/index.html
5830 ms. Memory: 1800192K Free: 1296941K (72%)
####### 65 Wed Nov 07 03:21:32 UTC 2018 $PTII/bin/ptinvoke ptolemy.vergil.basic.export.ExportModel -force htm -run -openComposites -timeOut 30000 -whiteBackground ptolemy/data/ontologies/demo/ConstPropagation/ConstComparatorEqualToDemo.xml $PTII/ptolemy/data/ontologies/demo/ConstPropagation/ConstComparatorEqualToDemo
Running .ConstComparatorEqualToDemo
1419 ms. Memory: 1800192K Free: 220522K (12%)
Exported /home/travis/build/icyphy/ptII/ptolemy/data/ontologies/demo/ConstPropagation/ConstComparatorEqualToDemo/index.html
5646 ms. Memory: 1819136K Free: 1613804K (89%)
####### 66 Wed Nov 07 03:21:38 UTC 2018 $PTII/bin/ptinvoke ptolemy.vergil.basic.export.ExportModel -force htm -run -openComposites -timeOut 30000 -whiteBackground ptolemy/data/ontologies/demo/ConstPropagation/ConstComparatorGreaterThanDemo.xml $PTII/ptolemy/data/ontologies/demo/ConstPropagation/ConstComparatorGreaterThanDemo
Running .ConstComparatorGreaterThanDemo
1488 ms. Memory: 1819136K Free: 537118K (30%)
Exported /home/travis/build/icyphy/ptII/ptolemy/data/ontologies/demo/ConstPropagation/ConstComparatorGreaterThanDemo/index.html
5694 ms. Memory: 1819136K Free: 453579K (25%)
####### 67 Wed Nov 07 03:21:43 UTC 2018 $PTII/bin/ptinvoke ptolemy.vergil.basic.export.ExportModel -force htm -run -openComposites -timeOut 30000 -whiteBackground ptolemy/data/ontologies/demo/ConstPropagation/ConstMultiplyDivideDemo.xml $PTII/ptolemy/data/ontologies/demo/ConstPropagation/ConstMultiplyDivideDemo
Running .ConstMultiplyDivideDemo
2308 ms. Memory: 1817088K Free: 316914K (17%)
Exported /home/travis/build/icyphy/ptII/ptolemy/data/ontologies/demo/ConstPropagation/ConstMultiplyDivideDemo/index.html
6615 ms. Memory: 1817088K Free: 208308K (11%)
####### 68 Wed Nov 07 03:21:50 UTC 2018 $PTII/bin/ptinvoke ptolemy.vergil.basic.export.ExportModel -force htm  -openComposites -timeOut 30000 -whiteBackground ptolemy/data/ontologies/demo/ConstPropagation/ConstPropagation.xml $PTII/ptolemy/data/ontologies/demo/ConstPropagation/ConstPropagation
Warning: not running ptolemy/data/ontologies/demo/ConstPropagation/ConstPropagation.xml. See ptolemy/vergil/basic/export/test/junit/ExportModelJUnitTest.java
Exported /home/travis/build/icyphy/ptII/ptolemy/data/ontologies/demo/ConstPropagation/ConstPropagation/index.html
3189 ms. Memory: 1822720K Free: 1542683K (85%)
####### 69 Wed Nov 07 03:21:53 UTC 2018 $PTII/bin/ptinvoke ptolemy.vergil.basic.export.ExportModel -force htm -run -openComposites -timeOut 30000 -whiteBackground ptolemy/data/ontologies/demo/ConstPropagation/ConstPropagationAbsIntObservableReachableProductSolverModel.xml $PTII/ptolemy/data/ontologies/demo/ConstPropagation/ConstPropagationAbsIntObservableReachableProductSolverModel
.ConstPropagationAbsIntObservableReachableProductSolverModel is a ptolemy.data.ontologies.OntologySolverModel not a TypedCompositeActor, so it cannot be run.
Exported /home/travis/build/icyphy/ptII/ptolemy/data/ontologies/demo/ConstPropagation/ConstPropagationAbsIntObservableReachableProductSolverModel/index.html
4564 ms. Memory: 1822720K Free: 1011229K (55%)
####### 70 Wed Nov 07 03:21:58 UTC 2018 $PTII/bin/ptinvoke ptolemy.vergil.basic.export.ExportModel -force htm -run -openComposites -timeOut 30000 -whiteBackground ptolemy/data/ontologies/demo/ConstPropagation/ConstPropagationAbsIntScale.xml $PTII/ptolemy/data/ontologies/demo/ConstPropagation/ConstPropagationAbsIntScale
Running .ConstPropagationAbsIntScale
25 ms. Memory: 1822720K Free: 849175K (47%)
Exported /home/travis/build/icyphy/ptII/ptolemy/data/ontologies/demo/ConstPropagation/ConstPropagationAbsIntScale/index.html
4183 ms. Memory: 1822720K Free: 818172K (45%)
####### 71 Wed Nov 07 03:22:02 UTC 2018 $PTII/bin/ptinvoke ptolemy.vergil.basic.export.ExportModel -force htm -run -openComposites -timeOut 30000 -whiteBackground ptolemy/data/ontologies/demo/ConstPropagation/SimpleConstPropagationDemo.xml $PTII/ptolemy/data/ontologies/demo/ConstPropagation/SimpleConstPropagationDemo
Running .SimpleConstPropagationDemo
294 ms. Memory: 1822720K Free: 518417K (28%)
Exported /home/travis/build/icyphy/ptII/ptolemy/data/ontologies/demo/ConstPropagation/SimpleConstPropagationDemo/index.html
4438 ms. Memory: 1822720K Free: 456312K (25%)
####### 72 Wed Nov 07 03:22:06 UTC 2018 $PTII/bin/ptinvoke ptolemy.vergil.basic.export.ExportModel -force htm -run -openComposites -timeOut 30000 -whiteBackground ptolemy/data/ontologies/demo/ConstPropagation/SimpleNonconstPropagationDemo.xml $PTII/ptolemy/data/ontologies/demo/ConstPropagation/SimpleNonconstPropagationDemo
Running .SimpleNonconstPropagationDemo
279 ms. Memory: 1822720K Free: 156658K (9%)
Exported /home/travis/build/icyphy/ptII/ptolemy/data/ontologies/demo/ConstPropagation/SimpleNonconstPropagationDemo/index.html
4425 ms. Memory: 1821184K Free: 1590072K (87%)
####### 73 Wed Nov 07 03:22:11 UTC 2018 $PTII/bin/ptinvoke ptolemy.vergil.basic.export.ExportModel -force htm  -openComposites -timeOut 30000 -whiteBackground ptolemy/data/ontologies/demo/DimensionSystemExample/DimensionSystemExample.xml $PTII/ptolemy/data/ontologies/demo/DimensionSystemExample/DimensionSystemExample
Warning: not running ptolemy/data/ontologies/demo/DimensionSystemExample/DimensionSystemExample.xml. See ptolemy/vergil/basic/export/test/junit/ExportModelJUnitTest.java
Exported /home/travis/build/icyphy/ptII/ptolemy/data/ontologies/demo/DimensionSystemExample/DimensionSystemExample/index.html
3136 ms. Memory: 1821184K Free: 1419065K (78%)
####### 74 Wed Nov 07 03:22:14 UTC 2018 $PTII/bin/ptinvoke ptolemy.vergil.basic.export.ExportModel -force htm -run -openComposites -timeOut 30000 -whiteBackground ptolemy/data/ontologies/demo/ExceptionAnalysis/ExceptionAnalysis.xml $PTII/ptolemy/data/ontologies/demo/ExceptionAnalysis/ExceptionAnalysis
Running .ExceptionAnalysis
13 ms. Memory: 1821184K Free: 1308755K (72%)
Exported /home/travis/build/icyphy/ptII/ptolemy/data/ontologies/demo/ExceptionAnalysis/ExceptionAnalysis/index.html
4190 ms. Memory: 1821184K Free: 1253958K (69%)
####### 75 Wed Nov 07 03:22:18 UTC 2018 $PTII/bin/ptinvoke ptolemy.vergil.basic.export.ExportModel -force htm -run -openComposites -timeOut 30000 -whiteBackground ptolemy/data/ontologies/demo/MonotonicityAnalysis/MonotonicityAnalysis.xml $PTII/ptolemy/data/ontologies/demo/MonotonicityAnalysis/MonotonicityAnalysis
Running .MonotonicityAnalysis
93 ms. Memory: 1821184K Free: 1068979K (59%)
Exported /home/travis/build/icyphy/ptII/ptolemy/data/ontologies/demo/MonotonicityAnalysis/MonotonicityAnalysis/index.html
4279 ms. Memory: 1821184K Free: 1019172K (56%)
####### 76 Wed Nov 07 03:22:22 UTC 2018 $PTII/bin/ptinvoke ptolemy.vergil.basic.export.ExportModel -force htm -run -openComposites -timeOut 30000 -whiteBackground ptolemy/data/ontologies/demo/Observable/Observable.xml $PTII/ptolemy/data/ontologies/demo/Observable/Observable
Running .Observable
107 ms. Memory: 1821184K Free: 834173K (46%)
Exported /home/travis/build/icyphy/ptII/ptolemy/data/ontologies/demo/Observable/Observable/index.html
4232 ms. Memory: 1821184K Free: 792862K (44%)
####### 77 Wed Nov 07 03:22:27 UTC 2018 $PTII/bin/ptinvoke ptolemy.vergil.basic.export.ExportModel -force htm -run -openComposites -timeOut 30000 -whiteBackground ptolemy/data/ontologies/demo/ProductLattices/BooleanSwitchDemoProductLattice.xml $PTII/ptolemy/data/ontologies/demo/ProductLattices/BooleanSwitchDemoProductLattice
Running .BooleanSwitchDemoProductLattice
2245 ms. Memory: 1826816K Free: 630240K (34%)
Exported /home/travis/build/icyphy/ptII/ptolemy/data/ontologies/demo/ProductLattices/BooleanSwitchDemoProductLattice/index.html
6612 ms. Memory: 1826816K Free: 538379K (29%)
####### 78 Wed Nov 07 03:22:33 UTC 2018 $PTII/bin/ptinvoke ptolemy.vergil.basic.export.ExportModel -force htm -run -openComposites -timeOut 30000 -whiteBackground ptolemy/data/ontologies/demo/ProductLattices/ConstAbsIntObservableReachableProductSolverModel.xml $PTII/ptolemy/data/ontologies/demo/ProductLattices/ConstAbsIntObservableReachableProductSolverModel
.ConstAbsIntObservableReachableProductSolverModel is a ptolemy.data.ontologies.OntologySolverModel not a TypedCompositeActor, so it cannot be run.
Exported /home/travis/build/icyphy/ptII/ptolemy/data/ontologies/demo/ProductLattices/ConstAbsIntObservableReachableProductSolverModel/index.html
4431 ms. Memory: 1824256K Free: 1528934K (84%)
####### 79 Wed Nov 07 03:22:38 UTC 2018 $PTII/bin/ptinvoke ptolemy.vergil.basic.export.ExportModel -force htm -run -openComposites -timeOut 30000 -whiteBackground ptolemy/data/ontologies/demo/ProductLattices/ConstMultiplyDivideDemoProductLattice.xml $PTII/ptolemy/data/ontologies/demo/ProductLattices/ConstMultiplyDivideDemoProductLattice
Running .ConstMultiplyDivideDemoProductLattice
1550 ms. Memory: 1824256K Free: 476236K (26%)
Exported /home/travis/build/icyphy/ptII/ptolemy/data/ontologies/demo/ProductLattices/ConstMultiplyDivideDemoProductLattice/index.html
5814 ms. Memory: 1824256K Free: 388051K (21%)
####### 80 Wed Nov 07 03:22:44 UTC 2018 $PTII/bin/ptinvoke ptolemy.vergil.basic.export.ExportModel -force htm -run -openComposites -timeOut 30000 -whiteBackground ptolemy/data/ontologies/demo/ProductLattices/ConstScaleDemoProductLattice.xml $PTII/ptolemy/data/ontologies/demo/ProductLattices/ConstScaleDemoProductLattice
Running .ConstScaleDemoProductLattice
927 ms. Memory: 1832448K Free: 1103865K (60%)
Exported /home/travis/build/icyphy/ptII/ptolemy/data/ontologies/demo/ProductLattices/ConstScaleDemoProductLattice/index.html
5162 ms. Memory: 1832448K Free: 1016332K (55%)
####### 81 Wed Nov 07 03:22:49 UTC 2018 $PTII/bin/ptinvoke ptolemy.vergil.basic.export.ExportModel -force htm  -openComposites -timeOut 30000 -whiteBackground ptolemy/data/ontologies/demo/ProductLattices/ConstScaleZeroDemoProductLattice.xml $PTII/ptolemy/data/ontologies/demo/ProductLattices/ConstScaleZeroDemoProductLattice
Warning: not running ptolemy/data/ontologies/demo/ProductLattices/ConstScaleZeroDemoProductLattice.xml. See ptolemy/vergil/basic/export/test/junit/ExportModelJUnitTest.java
Exported /home/travis/build/icyphy/ptII/ptolemy/data/ontologies/demo/ProductLattices/ConstScaleZeroDemoProductLattice/index.html
3208 ms. Memory: 1832448K Free: 813847K (44%)
####### 82 Wed Nov 07 03:22:52 UTC 2018 $PTII/bin/ptinvoke ptolemy.vergil.basic.export.ExportModel -force htm  -openComposites -timeOut 30000 -whiteBackground ptolemy/data/ontologies/demo/ProductLattices/LatticeComposition.xml $PTII/ptolemy/data/ontologies/demo/ProductLattices/LatticeComposition
Warning: not running ptolemy/data/ontologies/demo/ProductLattices/LatticeComposition.xml. See ptolemy/vergil/basic/export/test/junit/ExportModelJUnitTest.java
Exported /home/travis/build/icyphy/ptII/ptolemy/data/ontologies/demo/ProductLattices/LatticeComposition/index.html
3217 ms. Memory: 1832448K Free: 477126K (26%)
####### 83 Wed Nov 07 03:22:55 UTC 2018 $PTII/bin/ptinvoke ptolemy.vergil.basic.export.ExportModel -force htm -run -openComposites -timeOut 30000 -whiteBackground ptolemy/data/ontologies/demo/ProductLattices/LatticeCompositionSolverModel.xml $PTII/ptolemy/data/ontologies/demo/ProductLattices/LatticeCompositionSolverModel
.LatticeCompositionSolverModel is a ptolemy.data.ontologies.OntologySolverModel not a TypedCompositeActor, so it cannot be run.
Exported /home/travis/build/icyphy/ptII/ptolemy/data/ontologies/demo/ProductLattices/LatticeCompositionSolverModel/index.html
4424 ms. Memory: 1830912K Free: 1341676K (73%)
####### 84 Wed Nov 07 03:23:00 UTC 2018 $PTII/bin/ptinvoke ptolemy.vergil.basic.export.ExportModel -force htm  -openComposites -timeOut 30000 -whiteBackground ptolemy/data/ontologies/demo/ProductLattices/ProductLattices.xml $PTII/ptolemy/data/ontologies/demo/ProductLattices/ProductLattices
Warning: not running ptolemy/data/ontologies/demo/ProductLattices/ProductLattices.xml. See ptolemy/vergil/basic/export/test/junit/ExportModelJUnitTest.java
Exported /home/travis/build/icyphy/ptII/ptolemy/data/ontologies/demo/ProductLattices/ProductLattices/index.html
3132 ms. Memory: 1830912K Free: 1198179K (65%)
####### 85 Wed Nov 07 03:23:03 UTC 2018 $PTII/bin/ptinvoke ptolemy.vergil.basic.export.ExportModel -force htm -run -openComposites -timeOut 30000 -whiteBackground ptolemy/data/ontologies/demo/ProductLattices/SimpleConstDemo.xml $PTII/ptolemy/data/ontologies/demo/ProductLattices/SimpleConstDemo
Running .SimpleConstDemo
64 ms. Memory: 1830912K Free: 1024215K (56%)
Exported /home/travis/build/icyphy/ptII/ptolemy/data/ontologies/demo/ProductLattices/SimpleConstDemo/index.html
4241 ms. Memory: 1830912K Free: 978863K (53%)
]]></system-out>
  <system-err><![CDATA[Warning: Running an XSLT 1.0 stylesheet with an XSLT 2.0 processor
Warning: Running an XSLT 1.0 stylesheet with an XSLT 2.0 processor
Warning: Running an XSLT 1.0 stylesheet with an XSLT 2.0 processor
Nov 07, 2018 3:15:48 AM sun.awt.X11.XToolkit processException
WARNING: Exception on Toolkit thread
java.lang.NullPointerException
	at java.awt.Component$BltBufferStrategy.contentsLost(Component.java:4479)
	at java.awt.Component$BltSubRegionBufferStrategy.showIfNotLost(Component.java:4542)
	at javax.swing.BufferStrategyPaintManager.show(BufferStrategyPaintManager.java:252)
	at javax.swing.RepaintManager.show(RepaintManager.java:1379)
	at javax.swing.SwingPaintEventDispatcher.createPaintEvent(SwingPaintEventDispatcher.java:61)
	at sun.awt.X11.XWindow.postPaintEvent(XWindow.java:564)
	at sun.awt.X11.XContentWindow.postPaintEvent(XContentWindow.java:163)
	at sun.awt.X11.XWindow.handleExposeEvent(XWindow.java:558)
	at sun.awt.X11.XContentWindow.handleExposeEvent(XContentWindow.java:45)
	at sun.awt.X11.XBaseWindow.dispatchEvent(XBaseWindow.java:1110)
	at sun.awt.X11.XBaseWindow.dispatchToWindow(XBaseWindow.java:1086)
	at sun.awt.X11.XToolkit.dispatchEvent(XToolkit.java:502)
	at sun.awt.X11.XToolkit.run(XToolkit.java:616)
	at sun.awt.X11.XToolkit.run(XToolkit.java:532)
	at java.lang.Thread.run(Thread.java:748)

TransformationEditor: Ignoring clone of .Utilities beause we don't known how to import it. Exception was: ptolemy.kernel.util.NameDuplicationException: Attempt to insert object named "Utilities" into container named ".library", which already contains an object with that name.
TransformationEditor: Ignoring clone of .Directors beause we don't known how to import it. Exception was: ptolemy.kernel.util.NameDuplicationException: Attempt to insert object named "Directors" into container named ".library", which already contains an object with that name.
TransformationEditor: Ignoring clone of .Actors beause we don't known how to import it. Exception was: ptolemy.kernel.util.NameDuplicationException: Attempt to insert object named "Actors" into container named ".library", which already contains an object with that name.
TransformationEditor: Ignoring clone of .MoreLibraries beause we don't known how to import it. Exception was: ptolemy.kernel.util.NameDuplicationException: Attempt to insert object named "MoreLibraries" into container named ".library", which already contains an object with that name.
TransformationEditor: Ignoring clone of .Utilities beause we don't known how to import it. Exception was: ptolemy.kernel.util.NameDuplicationException: Attempt to insert object named "Utilities" into container named ".library", which already contains an object with that name.
TransformationEditor: Ignoring clone of .Directors beause we don't known how to import it. Exception was: ptolemy.kernel.util.NameDuplicationException: Attempt to insert object named "Directors" into container named ".library", which already contains an object with that name.
TransformationEditor: Ignoring clone of .Actors beause we don't known how to import it. Exception was: ptolemy.kernel.util.NameDuplicationException: Attempt to insert object named "Actors" into container named ".library", which already contains an object with that name.
TransformationEditor: Ignoring clone of .MoreLibraries beause we don't known how to import it. Exception was: ptolemy.kernel.util.NameDuplicationException: Attempt to insert object named "MoreLibraries" into container named ".library", which already contains an object with that name.
TransformationEditor: Ignoring clone of .Utilities beause we don't known how to import it. Exception was: ptolemy.kernel.util.NameDuplicationException: Attempt to insert object named "Utilities" into container named ".library", which already contains an object with that name.
TransformationEditor: Ignoring clone of .Directors beause we don't known how to import it. Exception was: ptolemy.kernel.util.NameDuplicationException: Attempt to insert object named "Directors" into container named ".library", which already contains an object with that name.
TransformationEditor: Ignoring clone of .Actors beause we don't known how to import it. Exception was: ptolemy.kernel.util.NameDuplicationException: Attempt to insert object named "Actors" into container named ".library", which already contains an object with that name.
TransformationEditor: Ignoring clone of .MoreLibraries beause we don't known how to import it. Exception was: ptolemy.kernel.util.NameDuplicationException: Attempt to insert object named "MoreLibraries" into container named ".library", which already contains an object with that name.
TransformationEditor: Ignoring clone of .Utilities beause we don't known how to import it. Exception was: ptolemy.kernel.util.NameDuplicationException: Attempt to insert object named "Utilities" into container named ".library", which already contains an object with that name.
TransformationEditor: Ignoring clone of .Directors beause we don't known how to import it. Exception was: ptolemy.kernel.util.NameDuplicationException: Attempt to insert object named "Directors" into container named ".library", which already contains an object with that name.
TransformationEditor: Ignoring clone of .Actors beause we don't known how to import it. Exception was: ptolemy.kernel.util.NameDuplicationException: Attempt to insert object named "Actors" into container named ".library", which already contains an object with that name.
TransformationEditor: Ignoring clone of .MoreLibraries beause we don't known how to import it. Exception was: ptolemy.kernel.util.NameDuplicationException: Attempt to insert object named "MoreLibraries" into container named ".library", which already contains an object with that name.
]]></system-err>
</testsuite>
