<?xml version="1.0" encoding="UTF-8" ?>
<testsuite errors="0" failures="0" hostname="travis-job-0b06d2dd-882c-4d6f-bda0-8e6a6cf4abd2" name="ptolemy.domains.continuous.test.junit.JUnitTclTest" skipped="0" tests="156" time="69.347" timestamp="2020-04-23T14:06:28">
  <properties>
[...]
</properties>
  <testcase classname="ptolemy.util.test.junit.TclTests" name="[0] ThereAreNoTclTests (RunTclFile)" time="0.007" />
  <testcase classname="ptolemy.util.test.junit.AutoKnownFailedTests" name="[0] ThereAreNoKnowFailedTests (RunModel)" time="0.001" />
  <testcase classname="ptolemy.util.test.junit.AutoNameArchTests" name="[0] ThereAreNoAutoArchTests (RunModel)" time="0.017" />
  <testcase classname="ptolemy.util.test.junit.AutoTests" name="[0] /home/travis/build/icyphy/ptII/ptolemy/domains/continuous/test/auto/BouncingBall.xml (RunModel)" time="3.071" />
  <testcase classname="ptolemy.util.test.junit.AutoTests" name="[1] /home/travis/build/icyphy/ptII/ptolemy/domains/continuous/test/auto/BouncingBallWithoutGR.xml (RunModel)" time="0.91" />
  <testcase classname="ptolemy.util.test.junit.AutoTests" name="[2] /home/travis/build/icyphy/ptII/ptolemy/domains/continuous/test/auto/Brownian.xml (RunModel)" time="0.105" />
  <testcase classname="ptolemy.util.test.junit.AutoTests" name="[3] /home/travis/build/icyphy/ptII/ptolemy/domains/continuous/test/auto/CarTracking.xml (RunModel)" time="3.85" />
  <testcase classname="ptolemy.util.test.junit.AutoTests" name="[4] /home/travis/build/icyphy/ptII/ptolemy/domains/continuous/test/auto/CartPendulum.xml (RunModel)" time="0.448" />
  <testcase classname="ptolemy.util.test.junit.AutoTests" name="[5] /home/travis/build/icyphy/ptII/ptolemy/domains/continuous/test/auto/CausalityInterface10.xml (RunModel)" time="0.055" />
  <testcase classname="ptolemy.util.test.junit.AutoTests" name="[6] /home/travis/build/icyphy/ptII/ptolemy/domains/continuous/test/auto/CausalityInterface11.xml (RunModel)" time="0.022" />
  <testcase classname="ptolemy.util.test.junit.AutoTests" name="[7] /home/travis/build/icyphy/ptII/ptolemy/domains/continuous/test/auto/CausalityInterface12.xml (RunModel)" time="0.028" />
  <testcase classname="ptolemy.util.test.junit.AutoTests" name="[8] /home/travis/build/icyphy/ptII/ptolemy/domains/continuous/test/auto/CausalityInterface13.xml (RunModel)" time="0.034" />
  <testcase classname="ptolemy.util.test.junit.AutoTests" name="[9] /home/travis/build/icyphy/ptII/ptolemy/domains/continuous/test/auto/CausalityInterface14.xml (RunModel)" time="0.028" />
  <testcase classname="ptolemy.util.test.junit.AutoTests" name="[10] /home/travis/build/icyphy/ptII/ptolemy/domains/continuous/test/auto/CausalityInterface4.xml (RunModel)" time="0.029" />
  <testcase classname="ptolemy.util.test.junit.AutoTests" name="[11] /home/travis/build/icyphy/ptII/ptolemy/domains/continuous/test/auto/CausalityInterface5.xml (RunModel)" time="0.039" />
  <testcase classname="ptolemy.util.test.junit.AutoTests" name="[12] /home/travis/build/icyphy/ptII/ptolemy/domains/continuous/test/auto/CausalityInterface6.xml (RunModel)" time="0.025" />
  <testcase classname="ptolemy.util.test.junit.AutoTests" name="[13] /home/travis/build/icyphy/ptII/ptolemy/domains/continuous/test/auto/CausalityInterface7.xml (RunModel)" time="0.039" />
  <testcase classname="ptolemy.util.test.junit.AutoTests" name="[14] /home/travis/build/icyphy/ptII/ptolemy/domains/continuous/test/auto/CausalityInterface8.xml (RunModel)" time="0.048" />
  <testcase classname="ptolemy.util.test.junit.AutoTests" name="[15] /home/travis/build/icyphy/ptII/ptolemy/domains/continuous/test/auto/CausalityInterface9.xml (RunModel)" time="0.054" />
  <testcase classname="ptolemy.util.test.junit.AutoTests" name="[16] /home/travis/build/icyphy/ptII/ptolemy/domains/continuous/test/auto/CausalityInterfaceFeedback1.xml (RunModel)" time="0.028" />
  <testcase classname="ptolemy.util.test.junit.AutoTests" name="[17] /home/travis/build/icyphy/ptII/ptolemy/domains/continuous/test/auto/CausalityInterfaceFeedback2.xml (RunModel)" time="0.034" />
  <testcase classname="ptolemy.util.test.junit.AutoTests" name="[18] /home/travis/build/icyphy/ptII/ptolemy/domains/continuous/test/auto/CompareWithCurrentTime.xml (RunModel)" time="0.02" />
  <testcase classname="ptolemy.util.test.junit.AutoTests" name="[19] /home/travis/build/icyphy/ptII/ptolemy/domains/continuous/test/auto/ComparedClocks.xml (RunModel)" time="0.072" />
  <testcase classname="ptolemy.util.test.junit.AutoTests" name="[20] /home/travis/build/icyphy/ptII/ptolemy/domains/continuous/test/auto/ContinuousAOCClone.xml (RunModel)" time="2.74" />
  <testcase classname="ptolemy.util.test.junit.AutoTests" name="[21] /home/travis/build/icyphy/ptII/ptolemy/domains/continuous/test/auto/ContinuousClock.xml (RunModel)" time="0.081" />
  <testcase classname="ptolemy.util.test.junit.AutoTests" name="[22] /home/travis/build/icyphy/ptII/ptolemy/domains/continuous/test/auto/ContinuousInContinuous.xml (RunModel)" time="0.083" />
  <testcase classname="ptolemy.util.test.junit.AutoTests" name="[23] /home/travis/build/icyphy/ptII/ptolemy/domains/continuous/test/auto/ContinuousInContinuousInContinuous.xml (RunModel)" time="0.023" />
  <testcase classname="ptolemy.util.test.junit.AutoTests" name="[24] /home/travis/build/icyphy/ptII/ptolemy/domains/continuous/test/auto/ContinuousInDE.xml (RunModel)" time="0.081" />
  <testcase classname="ptolemy.util.test.junit.AutoTests" name="[25] /home/travis/build/icyphy/ptII/ptolemy/domains/continuous/test/auto/ContinuousInDE2.xml (RunModel)" time="0.047" />
  <testcase classname="ptolemy.util.test.junit.AutoTests" name="[26] /home/travis/build/icyphy/ptII/ptolemy/domains/continuous/test/auto/ContinuousInDE3.xml (RunModel)" time="0.058" />
  <testcase classname="ptolemy.util.test.junit.AutoTests" name="[27] /home/travis/build/icyphy/ptII/ptolemy/domains/continuous/test/auto/ContinuousInDE4.xml (RunModel)" time="0.032" />
  <testcase classname="ptolemy.util.test.junit.AutoTests" name="[28] /home/travis/build/icyphy/ptII/ptolemy/domains/continuous/test/auto/ContinuousInDEDifferentRefinements.xml (RunModel)" time="0.101" />
  <testcase classname="ptolemy.util.test.junit.AutoTests" name="[29] /home/travis/build/icyphy/ptII/ptolemy/domains/continuous/test/auto/ContinuousInDEDifferentRefinementsPreemptive.xml (RunModel)" time="0.087" />
  <testcase classname="ptolemy.util.test.junit.AutoTests" name="[30] /home/travis/build/icyphy/ptII/ptolemy/domains/continuous/test/auto/ContinuousInDEInContinuous2.xml (RunModel)" time="0.056" />
  <testcase classname="ptolemy.util.test.junit.AutoTests" name="[31] /home/travis/build/icyphy/ptII/ptolemy/domains/continuous/test/auto/ContinuousInDEInContinuous3.xml (RunModel)" time="0.056" />
  <testcase classname="ptolemy.util.test.junit.AutoTests" name="[32] /home/travis/build/icyphy/ptII/ptolemy/domains/continuous/test/auto/ContinuousInDEInput.xml (RunModel)" time="0.031" />
  <testcase classname="ptolemy.util.test.junit.AutoTests" name="[33] /home/travis/build/icyphy/ptII/ptolemy/domains/continuous/test/auto/ContinuousInDEInput2.xml (RunModel)" time="0.033" />
  <testcase classname="ptolemy.util.test.junit.AutoTests" name="[34] /home/travis/build/icyphy/ptII/ptolemy/domains/continuous/test/auto/ContinuousInDEInput3.xml (RunModel)" time="0.029" />
  <testcase classname="ptolemy.util.test.junit.AutoTests" name="[35] /home/travis/build/icyphy/ptII/ptolemy/domains/continuous/test/auto/ContinuousInDESharingRefinement.xml (RunModel)" time="0.188" />
  <testcase classname="ptolemy.util.test.junit.AutoTests" name="[36] /home/travis/build/icyphy/ptII/ptolemy/domains/continuous/test/auto/ContinuousInDEwithNoPorts.xml (RunModel)" time="0.016" />
  <testcase classname="ptolemy.util.test.junit.AutoTests" name="[37] /home/travis/build/icyphy/ptII/ptolemy/domains/continuous/test/auto/ContinuousInsideDE.xml (RunModel)" time="0.082" />
  <testcase classname="ptolemy.util.test.junit.AutoTests" name="[38] /home/travis/build/icyphy/ptII/ptolemy/domains/continuous/test/auto/ContinuousMerge1.xml (RunModel)" time="0.019" />
  <testcase classname="ptolemy.util.test.junit.AutoTests" name="[39] /home/travis/build/icyphy/ptII/ptolemy/domains/continuous/test/auto/ContinuousMerge2.xml (RunModel)" time="0.046" />
  <testcase classname="ptolemy.util.test.junit.AutoTests" name="[40] /home/travis/build/icyphy/ptII/ptolemy/domains/continuous/test/auto/ContinuousMerge3.xml (RunModel)" time="0.07" />
  <testcase classname="ptolemy.util.test.junit.AutoTests" name="[41] /home/travis/build/icyphy/ptII/ptolemy/domains/continuous/test/auto/ContinuousWithinContinuous.xml (RunModel)" time="0.05" />
  <testcase classname="ptolemy.util.test.junit.AutoTests" name="[42] /home/travis/build/icyphy/ptII/ptolemy/domains/continuous/test/auto/ContinuousWithinContinuous2.xml (RunModel)" time="0.074" />
  <testcase classname="ptolemy.util.test.junit.AutoTests" name="[43] /home/travis/build/icyphy/ptII/ptolemy/domains/continuous/test/auto/ContinuousWithinContinuous3.xml (RunModel)" time="0.027" />
  <testcase classname="ptolemy.util.test.junit.AutoTests" name="[44] /home/travis/build/icyphy/ptII/ptolemy/domains/continuous/test/auto/ContinuousWithinContinuous4.xml (RunModel)" time="0.085" />
  <testcase classname="ptolemy.util.test.junit.AutoTests" name="[45] /home/travis/build/icyphy/ptII/ptolemy/domains/continuous/test/auto/ContinuousWithinContinuous5.xml (RunModel)" time="0.028" />
  <testcase classname="ptolemy.util.test.junit.AutoTests" name="[46] /home/travis/build/icyphy/ptII/ptolemy/domains/continuous/test/auto/ContinuousWithinContinuous6.xml (RunModel)" time="0.027" />
  <testcase classname="ptolemy.util.test.junit.AutoTests" name="[47] /home/travis/build/icyphy/ptII/ptolemy/domains/continuous/test/auto/ContinuousWithinContinuous7.xml (RunModel)" time="0.069" />
  <testcase classname="ptolemy.util.test.junit.AutoTests" name="[48] /home/travis/build/icyphy/ptII/ptolemy/domains/continuous/test/auto/DCMotor.xml (RunModel)" time="14.111" />
  <testcase classname="ptolemy.util.test.junit.AutoTests" name="[49] /home/travis/build/icyphy/ptII/ptolemy/domains/continuous/test/auto/DEInContinuous.xml (RunModel)" time="0.02" />
  <testcase classname="ptolemy.util.test.junit.AutoTests" name="[50] /home/travis/build/icyphy/ptII/ptolemy/domains/continuous/test/auto/DEinContinuous2.xml (RunModel)" time="0.026" />
  <testcase classname="ptolemy.util.test.junit.AutoTests" name="[51] /home/travis/build/icyphy/ptII/ptolemy/domains/continuous/test/auto/Derivative.xml (RunModel)" time="0.148" />
  <testcase classname="ptolemy.util.test.junit.AutoTests" name="[52] /home/travis/build/icyphy/ptII/ptolemy/domains/continuous/test/auto/Derivative1.xml (RunModel)" time="0.039" />
  <testcase classname="ptolemy.util.test.junit.AutoTests" name="[53] /home/travis/build/icyphy/ptII/ptolemy/domains/continuous/test/auto/DiscreteClock.xml (RunModel)" time="0.01" />
  <testcase classname="ptolemy.util.test.junit.AutoTests" name="[54] /home/travis/build/icyphy/ptII/ptolemy/domains/continuous/test/auto/EfficiencyCurve.xml (RunModel)" time="0.084" />
  <testcase classname="ptolemy.util.test.junit.AutoTests" name="[55] /home/travis/build/icyphy/ptII/ptolemy/domains/continuous/test/auto/ExponentialResponse.xml (RunModel)" time="0.097" />
  <testcase classname="ptolemy.util.test.junit.AutoTests" name="[56] /home/travis/build/icyphy/ptII/ptolemy/domains/continuous/test/auto/ExponentialResponseRK45.xml (RunModel)" time="0.03" />
  <testcase classname="ptolemy.util.test.junit.AutoTests" name="[57] /home/travis/build/icyphy/ptII/ptolemy/domains/continuous/test/auto/Friction.xml (RunModel)" time="1.421" />
  <testcase classname="ptolemy.util.test.junit.AutoTests" name="[58] /home/travis/build/icyphy/ptII/ptolemy/domains/continuous/test/auto/FurutaPendulum.xml (RunModel)" time="3.096" />
  <testcase classname="ptolemy.util.test.junit.AutoTests" name="[59] /home/travis/build/icyphy/ptII/ptolemy/domains/continuous/test/auto/HierarchicalExecution.xml (RunModel)" time="1.87" />
  <testcase classname="ptolemy.util.test.junit.AutoTests" name="[60] /home/travis/build/icyphy/ptII/ptolemy/domains/continuous/test/auto/HybridPlant.xml (RunModel)" time="0.57" />
  <testcase classname="ptolemy.util.test.junit.AutoTests" name="[61] /home/travis/build/icyphy/ptII/ptolemy/domains/continuous/test/auto/Hysteresis.xml (RunModel)" time="0.176" />
  <testcase classname="ptolemy.util.test.junit.AutoTests" name="[62] /home/travis/build/icyphy/ptII/ptolemy/domains/continuous/test/auto/HysteresisWithRandomDelay.xml (RunModel)" time="0.188" />
  <testcase classname="ptolemy.util.test.junit.AutoTests" name="[63] /home/travis/build/icyphy/ptII/ptolemy/domains/continuous/test/auto/HysteresisWithRandomLosses.xml (RunModel)" time="2.297" />
  <testcase classname="ptolemy.util.test.junit.AutoTests" name="[64] /home/travis/build/icyphy/ptII/ptolemy/domains/continuous/test/auto/ImmediateTransitions.xml (RunModel)" time="0.031" />
  <testcase classname="ptolemy.util.test.junit.AutoTests" name="[65] /home/travis/build/icyphy/ptII/ptolemy/domains/continuous/test/auto/ImpulseFeedback.xml (RunModel)" time="0.017" />
  <testcase classname="ptolemy.util.test.junit.AutoTests" name="[66] /home/travis/build/icyphy/ptII/ptolemy/domains/continuous/test/auto/ImpulseFeedback2.xml (RunModel)" time="0.014" />
  <testcase classname="ptolemy.util.test.junit.AutoTests" name="[67] /home/travis/build/icyphy/ptII/ptolemy/domains/continuous/test/auto/IncreasingRatePoisson.xml (RunModel)" time="0.653" />
  <testcase classname="ptolemy.util.test.junit.AutoTests" name="[68] /home/travis/build/icyphy/ptII/ptolemy/domains/continuous/test/auto/InitialStateFeedback.xml (RunModel)" time="0.017" />
  <testcase classname="ptolemy.util.test.junit.AutoTests" name="[69] /home/travis/build/icyphy/ptII/ptolemy/domains/continuous/test/auto/Integration.xml (RunModel)" time="0.006" />
  <testcase classname="ptolemy.util.test.junit.AutoTests" name="[70] /home/travis/build/icyphy/ptII/ptolemy/domains/continuous/test/auto/Integration2.xml (RunModel)" time="0.09" />
  <testcase classname="ptolemy.util.test.junit.AutoTests" name="[71] /home/travis/build/icyphy/ptII/ptolemy/domains/continuous/test/auto/Integration3.xml (RunModel)" time="0.011" />
  <testcase classname="ptolemy.util.test.junit.AutoTests" name="[72] /home/travis/build/icyphy/ptII/ptolemy/domains/continuous/test/auto/Integration5.xml (RunModel)" time="0.01" />
  <testcase classname="ptolemy.util.test.junit.AutoTests" name="[73] /home/travis/build/icyphy/ptII/ptolemy/domains/continuous/test/auto/IntegratorImpulse.xml (RunModel)" time="0.007" />
  <testcase classname="ptolemy.util.test.junit.AutoTests" name="[74] /home/travis/build/icyphy/ptII/ptolemy/domains/continuous/test/auto/IntegratorImpulse2.xml (RunModel)" time="0.017" />
  <testcase classname="ptolemy.util.test.junit.AutoTests" name="[75] /home/travis/build/icyphy/ptII/ptolemy/domains/continuous/test/auto/LevelCrossing1.xml (RunModel)" time="0.011" />
  <testcase classname="ptolemy.util.test.junit.AutoTests" name="[76] /home/travis/build/icyphy/ptII/ptolemy/domains/continuous/test/auto/LevelCrossing2.xml (RunModel)" time="0.01" />
  <testcase classname="ptolemy.util.test.junit.AutoTests" name="[77] /home/travis/build/icyphy/ptII/ptolemy/domains/continuous/test/auto/LevelCrossing3.xml (RunModel)" time="0.015" />
  <testcase classname="ptolemy.util.test.junit.AutoTests" name="[78] /home/travis/build/icyphy/ptII/ptolemy/domains/continuous/test/auto/LevelCrossing4.xml (RunModel)" time="0.011" />
  <testcase classname="ptolemy.util.test.junit.AutoTests" name="[79] /home/travis/build/icyphy/ptII/ptolemy/domains/continuous/test/auto/LevelCrossing5.xml (RunModel)" time="0.013" />
  <testcase classname="ptolemy.util.test.junit.AutoTests" name="[80] /home/travis/build/icyphy/ptII/ptolemy/domains/continuous/test/auto/LevelCrossing6.xml (RunModel)" time="0.011" />
  <testcase classname="ptolemy.util.test.junit.AutoTests" name="[81] /home/travis/build/icyphy/ptII/ptolemy/domains/continuous/test/auto/LevelCrossingDetector.xml (RunModel)" time="0.033" />
  <testcase classname="ptolemy.util.test.junit.AutoTests" name="[82] /home/travis/build/icyphy/ptII/ptolemy/domains/continuous/test/auto/LevelCrossingDetectorDetectingDirections.xml (RunModel)" time="0.082" />
  <testcase classname="ptolemy.util.test.junit.AutoTests" name="[83] /home/travis/build/icyphy/ptII/ptolemy/domains/continuous/test/auto/LevelCrossingDetectorDetectsGlitches.xml (RunModel)" time="0.056" />
  <testcase classname="ptolemy.util.test.junit.AutoTests" name="[84] /home/travis/build/icyphy/ptII/ptolemy/domains/continuous/test/auto/LevelCrossingNoInitialOuput.xml (RunModel)" time="0.011" />
  <testcase classname="ptolemy.util.test.junit.AutoTests" name="[85] /home/travis/build/icyphy/ptII/ptolemy/domains/continuous/test/auto/LinearStateSpaceExample.xml (RunModel)" time="0.039" />
  <testcase classname="ptolemy.util.test.junit.AutoTests" name="[86] /home/travis/build/icyphy/ptII/ptolemy/domains/continuous/test/auto/Lorenz.xml (RunModel)" time="3.151" />
  <testcase classname="ptolemy.util.test.junit.AutoTests" name="[87] /home/travis/build/icyphy/ptII/ptolemy/domains/continuous/test/auto/LorenzDifferentialSystem.xml (RunModel)" time="0.923" />
  <testcase classname="ptolemy.util.test.junit.AutoTests" name="[88] /home/travis/build/icyphy/ptII/ptolemy/domains/continuous/test/auto/LorenzDifferentialSystemWithInput.xml (RunModel)" time="1.113" />
  <testcase classname="ptolemy.util.test.junit.AutoTests" name="[89] /home/travis/build/icyphy/ptII/ptolemy/domains/continuous/test/auto/LorenzDifferentialSystemWithTime.xml (RunModel)" time="0.651" />
  <testcase classname="ptolemy.util.test.junit.AutoTests" name="[90] /home/travis/build/icyphy/ptII/ptolemy/domains/continuous/test/auto/Microsteps.xml (RunModel)" time="0.032" />
  <testcase classname="ptolemy.util.test.junit.AutoTests" name="[91] /home/travis/build/icyphy/ptII/ptolemy/domains/continuous/test/auto/Modal1.xml (RunModel)" time="0.035" />
  <testcase classname="ptolemy.util.test.junit.AutoTests" name="[92] /home/travis/build/icyphy/ptII/ptolemy/domains/continuous/test/auto/Modal2.xml (RunModel)" time="0.045" />
  <testcase classname="ptolemy.util.test.junit.AutoTests" name="[93] /home/travis/build/icyphy/ptII/ptolemy/domains/continuous/test/auto/ModalTransitionGuardWithReset.xml (RunModel)" time="0.021" />
  <testcase classname="ptolemy.util.test.junit.AutoTests" name="[94] /home/travis/build/icyphy/ptII/ptolemy/domains/continuous/test/auto/ModalTransitionGuardWithResetUsingPreemptiveTransition.xml (RunModel)" time="0.035" />
  <testcase classname="ptolemy.util.test.junit.AutoTests" name="[95] /home/travis/build/icyphy/ptII/ptolemy/domains/continuous/test/auto/ModalTransitionGuardWithResetUsingPreemptiveTransition2.xml (RunModel)" time="0.02" />
  <testcase classname="ptolemy.util.test.junit.AutoTests" name="[96] /home/travis/build/icyphy/ptII/ptolemy/domains/continuous/test/auto/ModalTransitionGuardWithResetUsingPreemptiveTransition3.xml (RunModel)" time="0.019" />
  <testcase classname="ptolemy.util.test.junit.AutoTests" name="[97] /home/travis/build/icyphy/ptII/ptolemy/domains/continuous/test/auto/NewtonsCradle.xml (RunModel)" time="0.692" />
  <testcase classname="ptolemy.util.test.junit.AutoTests" name="[98] /home/travis/build/icyphy/ptII/ptolemy/domains/continuous/test/auto/NewtonsCradleAnimated.xml (RunModel)" time="1.209" />
  <testcase classname="ptolemy.util.test.junit.AutoTests" name="[99] /home/travis/build/icyphy/ptII/ptolemy/domains/continuous/test/auto/NewtonsCradleComplicated.xml (RunModel)" time="0.877" />
  <testcase classname="ptolemy.util.test.junit.AutoTests" name="[100] /home/travis/build/icyphy/ptII/ptolemy/domains/continuous/test/auto/NewtonsCradleNondeterministic.xml (RunModel)" time="0.705" />
  <testcase classname="ptolemy.util.test.junit.AutoTests" name="[101] /home/travis/build/icyphy/ptII/ptolemy/domains/continuous/test/auto/NewtonsCradlePerfectlyInelastic1.xml (RunModel)" time="1.168" />
  <testcase classname="ptolemy.util.test.junit.AutoTests" name="[102] /home/travis/build/icyphy/ptII/ptolemy/domains/continuous/test/auto/Noise.xml (RunModel)" time="0.185" />
  <testcase classname="ptolemy.util.test.junit.AutoTests" name="[103] /home/travis/build/icyphy/ptII/ptolemy/domains/continuous/test/auto/NoiseSpectrum.xml (RunModel)" time="0.662" />
  <testcase classname="ptolemy.util.test.junit.AutoTests" name="[104] /home/travis/build/icyphy/ptII/ptolemy/domains/continuous/test/auto/ParameterizedNewtonsCradleAnimated.xml (RunModel)" time="0.336" />
  <testcase classname="ptolemy.util.test.junit.AutoTests" name="[105] /home/travis/build/icyphy/ptII/ptolemy/domains/continuous/test/auto/ParameterizedNewtonsCradleAnimatedNondeterministic.xml (RunModel)" time="1.076" />
  <testcase classname="ptolemy.util.test.junit.AutoTests" name="[106] /home/travis/build/icyphy/ptII/ptolemy/domains/continuous/test/auto/Pendulum3D.xml (RunModel)" time="0.161" />
  <testcase classname="ptolemy.util.test.junit.AutoTests" name="[107] /home/travis/build/icyphy/ptII/ptolemy/domains/continuous/test/auto/PeriodicSampler.xml (RunModel)" time="0.009" />
  <testcase classname="ptolemy.util.test.junit.AutoTests" name="[108] /home/travis/build/icyphy/ptII/ptolemy/domains/continuous/test/auto/PeriodicSampler1.xml (RunModel)" time="0.035" />
  <testcase classname="ptolemy.util.test.junit.AutoTests" name="[109] /home/travis/build/icyphy/ptII/ptolemy/domains/continuous/test/auto/PeriodicSampler2.xml (RunModel)" time="0.066" />
  <testcase classname="ptolemy.util.test.junit.AutoTests" name="[110] /home/travis/build/icyphy/ptII/ptolemy/domains/continuous/test/auto/Poisson.xml (RunModel)" time="0.385" />
  <testcase classname="ptolemy.util.test.junit.AutoTests" name="[111] /home/travis/build/icyphy/ptII/ptolemy/domains/continuous/test/auto/PoissonClock.xml (RunModel)" time="0.009" />
  <testcase classname="ptolemy.util.test.junit.AutoTests" name="[112] /home/travis/build/icyphy/ptII/ptolemy/domains/continuous/test/auto/PoissonClock2.xml (RunModel)" time="0.009" />
  <testcase classname="ptolemy.util.test.junit.AutoTests" name="[113] /home/travis/build/icyphy/ptII/ptolemy/domains/continuous/test/auto/PortParameterHierarchy.xml (RunModel)" time="0.019" />
  <testcase classname="ptolemy.util.test.junit.AutoTests" name="[114] /home/travis/build/icyphy/ptII/ptolemy/domains/continuous/test/auto/RandomHybridPlant.xml (RunModel)" time="0.485" />
  <testcase classname="ptolemy.util.test.junit.AutoTests" name="[115] /home/travis/build/icyphy/ptII/ptolemy/domains/continuous/test/auto/ResetTransitionWithStartTime1.xml (RunModel)" time="0.029" />
  <testcase classname="ptolemy.util.test.junit.AutoTests" name="[116] /home/travis/build/icyphy/ptII/ptolemy/domains/continuous/test/auto/ResetTransitionWithStartTime2.xml (RunModel)" time="0.038" />
  <testcase classname="ptolemy.util.test.junit.AutoTests" name="[117] /home/travis/build/icyphy/ptII/ptolemy/domains/continuous/test/auto/ResetTransitionWithStartTime3.xml (RunModel)" time="0.037" />
  <testcase classname="ptolemy.util.test.junit.AutoTests" name="[118] /home/travis/build/icyphy/ptII/ptolemy/domains/continuous/test/auto/ResetTransitionWithStartTime4.xml (RunModel)" time="0.024" />
  <testcase classname="ptolemy.util.test.junit.AutoTests" name="[119] /home/travis/build/icyphy/ptII/ptolemy/domains/continuous/test/auto/ResetTransitionWithStartTime5.xml (RunModel)" time="0.03" />
  <testcase classname="ptolemy.util.test.junit.AutoTests" name="[120] /home/travis/build/icyphy/ptII/ptolemy/domains/continuous/test/auto/ResetTransitionWithStartTime6.xml (RunModel)" time="0.038" />
  <testcase classname="ptolemy.util.test.junit.AutoTests" name="[121] /home/travis/build/icyphy/ptII/ptolemy/domains/continuous/test/auto/SRinContinuous.xml (RunModel)" time="0.03" />
  <testcase classname="ptolemy.util.test.junit.AutoTests" name="[122] /home/travis/build/icyphy/ptII/ptolemy/domains/continuous/test/auto/SampledClocks.xml (RunModel)" time="0.038" />
  <testcase classname="ptolemy.util.test.junit.AutoTests" name="[123] /home/travis/build/icyphy/ptII/ptolemy/domains/continuous/test/auto/Satellite.xml (RunModel)" time="0.678" />
  <testcase classname="ptolemy.util.test.junit.AutoTests" name="[124] /home/travis/build/icyphy/ptII/ptolemy/domains/continuous/test/auto/SigmaDelta.xml (RunModel)" time="1.934" />
  <testcase classname="ptolemy.util.test.junit.AutoTests" name="[125] /home/travis/build/icyphy/ptII/ptolemy/domains/continuous/test/auto/SingleRefinement.xml (RunModel)" time="0.43" />
  <testcase classname="ptolemy.util.test.junit.AutoTests" name="[126] /home/travis/build/icyphy/ptII/ptolemy/domains/continuous/test/auto/SinuBouncingBall.xml (RunModel)" time="0.823" />
  <testcase classname="ptolemy.util.test.junit.AutoTests" name="[127] /home/travis/build/icyphy/ptII/ptolemy/domains/continuous/test/auto/Sinusoid.xml (RunModel)" time="0.018" />
  <testcase classname="ptolemy.util.test.junit.AutoTests" name="[128] /home/travis/build/icyphy/ptII/ptolemy/domains/continuous/test/auto/SinusoidInNoise.xml (RunModel)" time="0.824" />
  <testcase classname="ptolemy.util.test.junit.AutoTests" name="[129] /home/travis/build/icyphy/ptII/ptolemy/domains/continuous/test/auto/SinusoidRK45.xml (RunModel)" time="0.009" />
  <testcase classname="ptolemy.util.test.junit.AutoTests" name="[130] /home/travis/build/icyphy/ptII/ptolemy/domains/continuous/test/auto/SinusoidWithMultipleImpulses.xml (RunModel)" time="0.01" />
  <testcase classname="ptolemy.util.test.junit.AutoTests" name="[131] /home/travis/build/icyphy/ptII/ptolemy/domains/continuous/test/auto/SquareWave.xml (RunModel)" time="0.163" />
  <testcase classname="ptolemy.util.test.junit.AutoTests" name="[132] /home/travis/build/icyphy/ptII/ptolemy/domains/continuous/test/auto/Starmac.xml (RunModel)" time="3.342" />
  <testcase classname="ptolemy.util.test.junit.AutoTests" name="[133] /home/travis/build/icyphy/ptII/ptolemy/domains/continuous/test/auto/StaticUnits.xml (RunModel)" time="2.396" />
  <testcase classname="ptolemy.util.test.junit.AutoTests" name="[134] /home/travis/build/icyphy/ptII/ptolemy/domains/continuous/test/auto/StickyMasses.xml (RunModel)" time="0.166" />
  <testcase classname="ptolemy.util.test.junit.AutoTests" name="[135] /home/travis/build/icyphy/ptII/ptolemy/domains/continuous/test/auto/StopTime.xml (RunModel)" time="0.069" />
  <testcase classname="ptolemy.util.test.junit.AutoTests" name="[136] /home/travis/build/icyphy/ptII/ptolemy/domains/continuous/test/auto/StopTime2.xml (RunModel)" time="0.053" />
  <testcase classname="ptolemy.util.test.junit.AutoTests" name="[137] /home/travis/build/icyphy/ptII/ptolemy/domains/continuous/test/auto/Switch.xml (RunModel)" time="0.066" />
  <testcase classname="ptolemy.util.test.junit.AutoTests" name="[138] /home/travis/build/icyphy/ptII/ptolemy/domains/continuous/test/auto/Thermostat.xml (RunModel)" time="0.184" />
  <testcase classname="ptolemy.util.test.junit.AutoTests" name="[139] /home/travis/build/icyphy/ptII/ptolemy/domains/continuous/test/auto/TimeDelay.xml (RunModel)" time="0.011" />
  <testcase classname="ptolemy.util.test.junit.AutoTests" name="[140] /home/travis/build/icyphy/ptII/ptolemy/domains/continuous/test/auto/TimeDelay2.xml (RunModel)" time="0.021" />
  <testcase classname="ptolemy.util.test.junit.AutoTests" name="[141] /home/travis/build/icyphy/ptII/ptolemy/domains/continuous/test/auto/TimeDelay3.xml (RunModel)" time="0.007" />
  <testcase classname="ptolemy.util.test.junit.AutoTests" name="[142] /home/travis/build/icyphy/ptII/ptolemy/domains/continuous/test/auto/TransferAbsentToInside.xml (RunModel)" time="0.095" />
  <testcase classname="ptolemy.util.test.junit.AutoTests" name="[143] /home/travis/build/icyphy/ptII/ptolemy/domains/continuous/test/auto/Transmission.xml (RunModel)" time="0.745" />
  <testcase classname="ptolemy.util.test.junit.AutoTests" name="[144] /home/travis/build/icyphy/ptII/ptolemy/domains/continuous/test/auto/TriggeredContinuousClock.xml (RunModel)" time="0.06" />
  <testcase classname="ptolemy.util.test.junit.AutoTests" name="[145] /home/travis/build/icyphy/ptII/ptolemy/domains/continuous/test/auto/TwoMachineInfiniteBusControl.xml (RunModel)" time="2.44" />
  <testcase classname="ptolemy.util.test.junit.AutoTests" name="[146] /home/travis/build/icyphy/ptII/ptolemy/domains/continuous/test/auto/V2V.xml (RunModel)" time="0.712" />
  <testcase classname="ptolemy.util.test.junit.AutoTests" name="[147] /home/travis/build/icyphy/ptII/ptolemy/domains/continuous/test/auto/hierarchicalModalModel.xml (RunModel)" time="0.028" />
  <testcase classname="ptolemy.util.test.junit.AutoTests" name="[148] /home/travis/build/icyphy/ptII/ptolemy/domains/continuous/test/auto/hierarchicalModalModel1.xml (RunModel)" time="0.026" />
  <testcase classname="ptolemy.util.test.junit.AutoTests" name="[149] /home/travis/build/icyphy/ptII/ptolemy/domains/continuous/test/auto/hierarchicalModalModel2.xml (RunModel)" time="0.024" />
  <testcase classname="ptolemy.util.test.junit.AutoTests" name="[150] /home/travis/build/icyphy/ptII/ptolemy/domains/continuous/test/auto/hierarchicalModalModel3.xml (RunModel)" time="0.023" />
  <testcase classname="ptolemy.util.test.junit.AutoTests" name="[151] /home/travis/build/icyphy/ptII/ptolemy/domains/continuous/test/auto/hierarchicalModalModel4.xml (RunModel)" time="0.021" />
  <testcase classname="ptolemy.util.test.junit.AutoTests" name="[152] /home/travis/build/icyphy/ptII/ptolemy/domains/continuous/test/auto/junk.xml (RunModel)" time="0.13" />
  <system-out><![CDATA[No tcl tests in /home/travis/build/icyphy/ptII/ptolemy/domains/continuous/test
No auto/knownFailedTests/*.xml tests in /home/travis/build/icyphy/ptII/ptolemy/domains/continuous/test
No auto/linux-amd64/*.xml tests in /home/travis/build/icyphy/ptII/ptolemy/domains/continuous/test
AutoTests.java: About to close Vertx.
AutoTests.java: Vertx closed.

===========================================================================================
----------------- testing Thu Apr 23 14:06:29 UTC 2020 /home/travis/build/icyphy/ptII/ptolemy/domains/continuous/test/auto/BouncingBall.xml
----------------- Instantiating /home/travis/build/icyphy/ptII/ptolemy/domains/continuous/test/auto/BouncingBall.xml
2446 ms. Memory: 155648K Free: 111893K (72%)
----------------- Invoking toplevel() on ptolemy.moml.MoMLSimpleApplication@624221d1
----------------- Done invoking toplevel() on ptolemy.moml.MoMLSimpleApplication@624221d1
reloadAllAccessors: .BouncingBall

===========================================================================================
----------------- testing Thu Apr 23 14:06:32 UTC 2020 /home/travis/build/icyphy/ptII/ptolemy/domains/continuous/test/auto/BouncingBallWithoutGR.xml
----------------- Instantiating /home/travis/build/icyphy/ptII/ptolemy/domains/continuous/test/auto/BouncingBallWithoutGR.xml
772 ms. Memory: 187392K Free: 165606K (88%)
----------------- Invoking toplevel() on ptolemy.moml.MoMLSimpleApplication@1d2ae9c8
----------------- Done invoking toplevel() on ptolemy.moml.MoMLSimpleApplication@1d2ae9c8
reloadAllAccessors: .BouncingBallWithoutGR

===========================================================================================
----------------- testing Thu Apr 23 14:06:33 UTC 2020 /home/travis/build/icyphy/ptII/ptolemy/domains/continuous/test/auto/Brownian.xml
----------------- Instantiating /home/travis/build/icyphy/ptII/ptolemy/domains/continuous/test/auto/Brownian.xml
30 ms. Memory: 187392K Free: 156900K (84%)
----------------- Invoking toplevel() on ptolemy.moml.MoMLSimpleApplication@239cf4d6
----------------- Done invoking toplevel() on ptolemy.moml.MoMLSimpleApplication@239cf4d6
reloadAllAccessors: .Brownian

===========================================================================================
----------------- testing Thu Apr 23 14:06:33 UTC 2020 /home/travis/build/icyphy/ptII/ptolemy/domains/continuous/test/auto/CarTracking.xml
----------------- Instantiating /home/travis/build/icyphy/ptII/ptolemy/domains/continuous/test/auto/CarTracking.xml
3486 ms. Memory: 225280K Free: 173399K (77%)
----------------- Invoking toplevel() on ptolemy.moml.MoMLSimpleApplication@2c48662
----------------- Done invoking toplevel() on ptolemy.moml.MoMLSimpleApplication@2c48662
reloadAllAccessors: .CarTracking

===========================================================================================
----------------- testing Thu Apr 23 14:06:37 UTC 2020 /home/travis/build/icyphy/ptII/ptolemy/domains/continuous/test/auto/CartPendulum.xml
----------------- Instantiating /home/travis/build/icyphy/ptII/ptolemy/domains/continuous/test/auto/CartPendulum.xml
362 ms. Memory: 225280K Free: 82807K (37%)
----------------- Invoking toplevel() on ptolemy.moml.MoMLSimpleApplication@3ad587c0
----------------- Done invoking toplevel() on ptolemy.moml.MoMLSimpleApplication@3ad587c0
reloadAllAccessors: .CartPendulum

===========================================================================================
----------------- testing Thu Apr 23 14:06:37 UTC 2020 /home/travis/build/icyphy/ptII/ptolemy/domains/continuous/test/auto/CausalityInterface10.xml
----------------- Instantiating /home/travis/build/icyphy/ptII/ptolemy/domains/continuous/test/auto/CausalityInterface10.xml
9 ms. Memory: 225280K Free: 204977K (91%)
----------------- Invoking toplevel() on ptolemy.moml.MoMLSimpleApplication@6d9d85ab
----------------- Done invoking toplevel() on ptolemy.moml.MoMLSimpleApplication@6d9d85ab
reloadAllAccessors: .CausalityInterface10

===========================================================================================
----------------- testing Thu Apr 23 14:06:37 UTC 2020 /home/travis/build/icyphy/ptII/ptolemy/domains/continuous/test/auto/CausalityInterface11.xml
----------------- Instantiating /home/travis/build/icyphy/ptII/ptolemy/domains/continuous/test/auto/CausalityInterface11.xml
4 ms. Memory: 225280K Free: 198833K (88%)
----------------- Invoking toplevel() on ptolemy.moml.MoMLSimpleApplication@535ee096
----------------- Done invoking toplevel() on ptolemy.moml.MoMLSimpleApplication@535ee096
reloadAllAccessors: .CausalityInterface11

===========================================================================================
----------------- testing Thu Apr 23 14:06:37 UTC 2020 /home/travis/build/icyphy/ptII/ptolemy/domains/continuous/test/auto/CausalityInterface12.xml
----------------- Instantiating /home/travis/build/icyphy/ptII/ptolemy/domains/continuous/test/auto/CausalityInterface12.xml
10 ms. Memory: 225280K Free: 192689K (86%)
----------------- Invoking toplevel() on ptolemy.moml.MoMLSimpleApplication@3a476c41
----------------- Done invoking toplevel() on ptolemy.moml.MoMLSimpleApplication@3a476c41
reloadAllAccessors: .CausalityInterface12

===========================================================================================
----------------- testing Thu Apr 23 14:06:37 UTC 2020 /home/travis/build/icyphy/ptII/ptolemy/domains/continuous/test/auto/CausalityInterface13.xml
----------------- Instantiating /home/travis/build/icyphy/ptII/ptolemy/domains/continuous/test/auto/CausalityInterface13.xml
6 ms. Memory: 225280K Free: 186545K (83%)
----------------- Invoking toplevel() on ptolemy.moml.MoMLSimpleApplication@313bcb2c
----------------- Done invoking toplevel() on ptolemy.moml.MoMLSimpleApplication@313bcb2c
reloadAllAccessors: .CausalityInterface13

===========================================================================================
----------------- testing Thu Apr 23 14:06:37 UTC 2020 /home/travis/build/icyphy/ptII/ptolemy/domains/continuous/test/auto/CausalityInterface14.xml
----------------- Instantiating /home/travis/build/icyphy/ptII/ptolemy/domains/continuous/test/auto/CausalityInterface14.xml
4 ms. Memory: 225280K Free: 180897K (80%)
----------------- Invoking toplevel() on ptolemy.moml.MoMLSimpleApplication@1b8f0c60
----------------- Done invoking toplevel() on ptolemy.moml.MoMLSimpleApplication@1b8f0c60
reloadAllAccessors: .CausalityInterface14

===========================================================================================
----------------- testing Thu Apr 23 14:06:37 UTC 2020 /home/travis/build/icyphy/ptII/ptolemy/domains/continuous/test/auto/CausalityInterface4.xml
----------------- Instantiating /home/travis/build/icyphy/ptII/ptolemy/domains/continuous/test/auto/CausalityInterface4.xml
7 ms. Memory: 225280K Free: 174257K (77%)
----------------- Invoking toplevel() on ptolemy.moml.MoMLSimpleApplication@6c7ff5c8
----------------- Done invoking toplevel() on ptolemy.moml.MoMLSimpleApplication@6c7ff5c8
reloadAllAccessors: .CausalityInterface4

===========================================================================================
----------------- testing Thu Apr 23 14:06:37 UTC 2020 /home/travis/build/icyphy/ptII/ptolemy/domains/continuous/test/auto/CausalityInterface5.xml
----------------- Instantiating /home/travis/build/icyphy/ptII/ptolemy/domains/continuous/test/auto/CausalityInterface5.xml
8 ms. Memory: 225280K Free: 166065K (74%)
----------------- Invoking toplevel() on ptolemy.moml.MoMLSimpleApplication@7eb3afc8
----------------- Done invoking toplevel() on ptolemy.moml.MoMLSimpleApplication@7eb3afc8
reloadAllAccessors: .CausalityInterface5

===========================================================================================
----------------- testing Thu Apr 23 14:06:37 UTC 2020 /home/travis/build/icyphy/ptII/ptolemy/domains/continuous/test/auto/CausalityInterface6.xml
----------------- Instantiating /home/travis/build/icyphy/ptII/ptolemy/domains/continuous/test/auto/CausalityInterface6.xml
5 ms. Memory: 225280K Free: 160417K (71%)
----------------- Invoking toplevel() on ptolemy.moml.MoMLSimpleApplication@41517894
----------------- Done invoking toplevel() on ptolemy.moml.MoMLSimpleApplication@41517894
reloadAllAccessors: .CausalityInterface6

===========================================================================================
----------------- testing Thu Apr 23 14:06:37 UTC 2020 /home/travis/build/icyphy/ptII/ptolemy/domains/continuous/test/auto/CausalityInterface7.xml
----------------- Instantiating /home/travis/build/icyphy/ptII/ptolemy/domains/continuous/test/auto/CausalityInterface7.xml
9 ms. Memory: 225280K Free: 152239K (68%)
----------------- Invoking toplevel() on ptolemy.moml.MoMLSimpleApplication@10b9d3cc
----------------- Done invoking toplevel() on ptolemy.moml.MoMLSimpleApplication@10b9d3cc
reloadAllAccessors: .CausalityInterface7

===========================================================================================
----------------- testing Thu Apr 23 14:06:37 UTC 2020 /home/travis/build/icyphy/ptII/ptolemy/domains/continuous/test/auto/CausalityInterface8.xml
----------------- Instantiating /home/travis/build/icyphy/ptII/ptolemy/domains/continuous/test/auto/CausalityInterface8.xml
7 ms. Memory: 225280K Free: 143023K (63%)
----------------- Invoking toplevel() on ptolemy.moml.MoMLSimpleApplication@368ef6fa
----------------- Done invoking toplevel() on ptolemy.moml.MoMLSimpleApplication@368ef6fa
reloadAllAccessors: .CausalityInterface8

===========================================================================================
----------------- testing Thu Apr 23 14:06:37 UTC 2020 /home/travis/build/icyphy/ptII/ptolemy/domains/continuous/test/auto/CausalityInterface9.xml
----------------- Instantiating /home/travis/build/icyphy/ptII/ptolemy/domains/continuous/test/auto/CausalityInterface9.xml
7 ms. Memory: 225280K Free: 132273K (59%)
----------------- Invoking toplevel() on ptolemy.moml.MoMLSimpleApplication@637cfb6f
----------------- Done invoking toplevel() on ptolemy.moml.MoMLSimpleApplication@637cfb6f
reloadAllAccessors: .CausalityInterface9

===========================================================================================
----------------- testing Thu Apr 23 14:06:37 UTC 2020 /home/travis/build/icyphy/ptII/ptolemy/domains/continuous/test/auto/CausalityInterfaceFeedback1.xml
----------------- Instantiating /home/travis/build/icyphy/ptII/ptolemy/domains/continuous/test/auto/CausalityInterfaceFeedback1.xml
7 ms. Memory: 225280K Free: 125601K (56%)
----------------- Invoking toplevel() on ptolemy.moml.MoMLSimpleApplication@4c75cfb0
----------------- Done invoking toplevel() on ptolemy.moml.MoMLSimpleApplication@4c75cfb0
reloadAllAccessors: .CausalityInterfaceFeedback1

===========================================================================================
----------------- testing Thu Apr 23 14:06:37 UTC 2020 /home/travis/build/icyphy/ptII/ptolemy/domains/continuous/test/auto/CausalityInterfaceFeedback2.xml
----------------- Instantiating /home/travis/build/icyphy/ptII/ptolemy/domains/continuous/test/auto/CausalityInterfaceFeedback2.xml
4 ms. Memory: 225280K Free: 118961K (53%)
----------------- Invoking toplevel() on ptolemy.moml.MoMLSimpleApplication@5aabc107
----------------- Done invoking toplevel() on ptolemy.moml.MoMLSimpleApplication@5aabc107
reloadAllAccessors: .CausalityInterfaceFeedback2

===========================================================================================
----------------- testing Thu Apr 23 14:06:38 UTC 2020 /home/travis/build/icyphy/ptII/ptolemy/domains/continuous/test/auto/CompareWithCurrentTime.xml
----------------- Instantiating /home/travis/build/icyphy/ptII/ptolemy/domains/continuous/test/auto/CompareWithCurrentTime.xml
3 ms. Memory: 225280K Free: 114865K (51%)
----------------- Invoking toplevel() on ptolemy.moml.MoMLSimpleApplication@2719ff18
----------------- Done invoking toplevel() on ptolemy.moml.MoMLSimpleApplication@2719ff18
reloadAllAccessors: .CompareWithCurrentTime

===========================================================================================
----------------- testing Thu Apr 23 14:06:38 UTC 2020 /home/travis/build/icyphy/ptII/ptolemy/domains/continuous/test/auto/ComparedClocks.xml
----------------- Instantiating /home/travis/build/icyphy/ptII/ptolemy/domains/continuous/test/auto/ComparedClocks.xml
6 ms. Memory: 225280K Free: 99505K (44%)
----------------- Invoking toplevel() on ptolemy.moml.MoMLSimpleApplication@745004e8
----------------- Done invoking toplevel() on ptolemy.moml.MoMLSimpleApplication@745004e8
reloadAllAccessors: .ComparedClocks

===========================================================================================
----------------- testing Thu Apr 23 14:06:38 UTC 2020 /home/travis/build/icyphy/ptII/ptolemy/domains/continuous/test/auto/ContinuousAOCClone.xml
----------------- Instantiating /home/travis/build/icyphy/ptII/ptolemy/domains/continuous/test/auto/ContinuousAOCClone.xml
2471 ms. Memory: 270336K Free: 195844K (72%)
----------------- Invoking toplevel() on ptolemy.moml.MoMLSimpleApplication@799ed989
----------------- Done invoking toplevel() on ptolemy.moml.MoMLSimpleApplication@799ed989
reloadAllAccessors: .ContinuousAOCClone

===========================================================================================
----------------- testing Thu Apr 23 14:06:40 UTC 2020 /home/travis/build/icyphy/ptII/ptolemy/domains/continuous/test/auto/ContinuousClock.xml
----------------- Instantiating /home/travis/build/icyphy/ptII/ptolemy/domains/continuous/test/auto/ContinuousClock.xml
28 ms. Memory: 270336K Free: 174854K (65%)
----------------- Invoking toplevel() on ptolemy.moml.MoMLSimpleApplication@2c6db6df
----------------- Done invoking toplevel() on ptolemy.moml.MoMLSimpleApplication@2c6db6df
reloadAllAccessors: .ContinuousClock

===========================================================================================
----------------- testing Thu Apr 23 14:06:40 UTC 2020 /home/travis/build/icyphy/ptII/ptolemy/domains/continuous/test/auto/ContinuousInContinuous.xml
----------------- Instantiating /home/travis/build/icyphy/ptII/ptolemy/domains/continuous/test/auto/ContinuousInContinuous.xml
40 ms. Memory: 270336K Free: 151782K (56%)
----------------- Invoking toplevel() on ptolemy.moml.MoMLSimpleApplication@2c438935
----------------- Done invoking toplevel() on ptolemy.moml.MoMLSimpleApplication@2c438935
reloadAllAccessors: .ContinuousInContinuous

===========================================================================================
----------------- testing Thu Apr 23 14:06:41 UTC 2020 /home/travis/build/icyphy/ptII/ptolemy/domains/continuous/test/auto/ContinuousInContinuousInContinuous.xml
----------------- Instantiating /home/travis/build/icyphy/ptII/ptolemy/domains/continuous/test/auto/ContinuousInContinuousInContinuous.xml
7 ms. Memory: 270336K Free: 143620K (53%)
----------------- Invoking toplevel() on ptolemy.moml.MoMLSimpleApplication@29a56246
----------------- Done invoking toplevel() on ptolemy.moml.MoMLSimpleApplication@29a56246
reloadAllAccessors: .ContinuousInContinuousInContinuous

===========================================================================================
----------------- testing Thu Apr 23 14:06:41 UTC 2020 /home/travis/build/icyphy/ptII/ptolemy/domains/continuous/test/auto/ContinuousInDE.xml
----------------- Instantiating /home/travis/build/icyphy/ptII/ptolemy/domains/continuous/test/auto/ContinuousInDE.xml
63 ms. Memory: 270336K Free: 132870K (49%)
----------------- Invoking toplevel() on ptolemy.moml.MoMLSimpleApplication@2b7b54c1
----------------- Done invoking toplevel() on ptolemy.moml.MoMLSimpleApplication@2b7b54c1
reloadAllAccessors: .ContinuousInDE

===========================================================================================
----------------- testing Thu Apr 23 14:06:41 UTC 2020 /home/travis/build/icyphy/ptII/ptolemy/domains/continuous/test/auto/ContinuousInDE2.xml
----------------- Instantiating /home/travis/build/icyphy/ptII/ptolemy/domains/continuous/test/auto/ContinuousInDE2.xml
32 ms. Memory: 270336K Free: 123140K (46%)
----------------- Invoking toplevel() on ptolemy.moml.MoMLSimpleApplication@2bd7c829
----------------- Done invoking toplevel() on ptolemy.moml.MoMLSimpleApplication@2bd7c829
reloadAllAccessors: .ContinuousInDE2

===========================================================================================
----------------- testing Thu Apr 23 14:06:41 UTC 2020 /home/travis/build/icyphy/ptII/ptolemy/domains/continuous/test/auto/ContinuousInDE3.xml
----------------- Instantiating /home/travis/build/icyphy/ptII/ptolemy/domains/continuous/test/auto/ContinuousInDE3.xml
34 ms. Memory: 270336K Free: 113414K (42%)
----------------- Invoking toplevel() on ptolemy.moml.MoMLSimpleApplication@27a2416
----------------- Done invoking toplevel() on ptolemy.moml.MoMLSimpleApplication@27a2416
reloadAllAccessors: .ContinuousInDE3

===========================================================================================
----------------- testing Thu Apr 23 14:06:41 UTC 2020 /home/travis/build/icyphy/ptII/ptolemy/domains/continuous/test/auto/ContinuousInDE4.xml
----------------- Instantiating /home/travis/build/icyphy/ptII/ptolemy/domains/continuous/test/auto/ContinuousInDE4.xml
12 ms. Memory: 270336K Free: 107270K (40%)
----------------- Invoking toplevel() on ptolemy.moml.MoMLSimpleApplication@487d3d68
----------------- Done invoking toplevel() on ptolemy.moml.MoMLSimpleApplication@487d3d68
reloadAllAccessors: .ContinuousInDE4

===========================================================================================
----------------- testing Thu Apr 23 14:06:41 UTC 2020 /home/travis/build/icyphy/ptII/ptolemy/domains/continuous/test/auto/ContinuousInDEDifferentRefinements.xml
----------------- Instantiating /home/travis/build/icyphy/ptII/ptolemy/domains/continuous/test/auto/ContinuousInDEDifferentRefinements.xml
54 ms. Memory: 270336K Free: 236796K (88%)
----------------- Invoking toplevel() on ptolemy.moml.MoMLSimpleApplication@4483016
----------------- Done invoking toplevel() on ptolemy.moml.MoMLSimpleApplication@4483016
reloadAllAccessors: .ContinuousInDEDifferentRefinements

===========================================================================================
----------------- testing Thu Apr 23 14:06:41 UTC 2020 /home/travis/build/icyphy/ptII/ptolemy/domains/continuous/test/auto/ContinuousInDEDifferentRefinementsPreemptive.xml
----------------- Instantiating /home/travis/build/icyphy/ptII/ptolemy/domains/continuous/test/auto/ContinuousInDEDifferentRefinementsPreemptive.xml
48 ms. Memory: 270336K Free: 206076K (76%)
----------------- Invoking toplevel() on ptolemy.moml.MoMLSimpleApplication@70d26609
----------------- Done invoking toplevel() on ptolemy.moml.MoMLSimpleApplication@70d26609
reloadAllAccessors: .ContinuousInDEDifferentRefinementsPreemptive

===========================================================================================
----------------- testing Thu Apr 23 14:06:41 UTC 2020 /home/travis/build/icyphy/ptII/ptolemy/domains/continuous/test/auto/ContinuousInDEInContinuous2.xml
----------------- Instantiating /home/travis/build/icyphy/ptII/ptolemy/domains/continuous/test/auto/ContinuousInDEInContinuous2.xml
36 ms. Memory: 270336K Free: 194812K (72%)
----------------- Invoking toplevel() on ptolemy.moml.MoMLSimpleApplication@17f4977e
----------------- Done invoking toplevel() on ptolemy.moml.MoMLSimpleApplication@17f4977e
reloadAllAccessors: .ContinuousInDEInContinuous2

===========================================================================================
----------------- testing Thu Apr 23 14:06:41 UTC 2020 /home/travis/build/icyphy/ptII/ptolemy/domains/continuous/test/auto/ContinuousInDEInContinuous3.xml
----------------- Instantiating /home/travis/build/icyphy/ptII/ptolemy/domains/continuous/test/auto/ContinuousInDEInContinuous3.xml
34 ms. Memory: 270336K Free: 182524K (68%)
----------------- Invoking toplevel() on ptolemy.moml.MoMLSimpleApplication@6071322b
----------------- Done invoking toplevel() on ptolemy.moml.MoMLSimpleApplication@6071322b
reloadAllAccessors: .ContinuousInDEInContinuous3

===========================================================================================
----------------- testing Thu Apr 23 14:06:41 UTC 2020 /home/travis/build/icyphy/ptII/ptolemy/domains/continuous/test/auto/ContinuousInDEInput.xml
----------------- Instantiating /home/travis/build/icyphy/ptII/ptolemy/domains/continuous/test/auto/ContinuousInDEInput.xml
16 ms. Memory: 270336K Free: 175356K (65%)
----------------- Invoking toplevel() on ptolemy.moml.MoMLSimpleApplication@70fb4804
----------------- Done invoking toplevel() on ptolemy.moml.MoMLSimpleApplication@70fb4804
reloadAllAccessors: .ContinuousInDEInput

===========================================================================================
----------------- testing Thu Apr 23 14:06:41 UTC 2020 /home/travis/build/icyphy/ptII/ptolemy/domains/continuous/test/auto/ContinuousInDEInput2.xml
----------------- Instantiating /home/travis/build/icyphy/ptII/ptolemy/domains/continuous/test/auto/ContinuousInDEInput2.xml
13 ms. Memory: 270336K Free: 168188K (62%)
----------------- Invoking toplevel() on ptolemy.moml.MoMLSimpleApplication@7b796dc7
----------------- Done invoking toplevel() on ptolemy.moml.MoMLSimpleApplication@7b796dc7
reloadAllAccessors: .ContinuousInDEInput2

===========================================================================================
----------------- testing Thu Apr 23 14:06:41 UTC 2020 /home/travis/build/icyphy/ptII/ptolemy/domains/continuous/test/auto/ContinuousInDEInput3.xml
----------------- Instantiating /home/travis/build/icyphy/ptII/ptolemy/domains/continuous/test/auto/ContinuousInDEInput3.xml
13 ms. Memory: 270336K Free: 160506K (59%)
----------------- Invoking toplevel() on ptolemy.moml.MoMLSimpleApplication@6fb354fe
----------------- Done invoking toplevel() on ptolemy.moml.MoMLSimpleApplication@6fb354fe
reloadAllAccessors: .ContinuousInDEInput3

===========================================================================================
----------------- testing Thu Apr 23 14:06:41 UTC 2020 /home/travis/build/icyphy/ptII/ptolemy/domains/continuous/test/auto/ContinuousInDESharingRefinement.xml
----------------- Instantiating /home/travis/build/icyphy/ptII/ptolemy/domains/continuous/test/auto/ContinuousInDESharingRefinement.xml
164 ms. Memory: 270336K Free: 226583K (84%)
----------------- Invoking toplevel() on ptolemy.moml.MoMLSimpleApplication@151de35c
----------------- Done invoking toplevel() on ptolemy.moml.MoMLSimpleApplication@151de35c
reloadAllAccessors: .ContinuousInDESharingRefinement

===========================================================================================
----------------- testing Thu Apr 23 14:06:41 UTC 2020 /home/travis/build/icyphy/ptII/ptolemy/domains/continuous/test/auto/ContinuousInDEwithNoPorts.xml
----------------- Instantiating /home/travis/build/icyphy/ptII/ptolemy/domains/continuous/test/auto/ContinuousInDEwithNoPorts.xml
6 ms. Memory: 270336K Free: 221943K (82%)
----------------- Invoking toplevel() on ptolemy.moml.MoMLSimpleApplication@49c4abc7
----------------- Done invoking toplevel() on ptolemy.moml.MoMLSimpleApplication@49c4abc7
reloadAllAccessors: .ContinuousInDEwithNoPorts

===========================================================================================
----------------- testing Thu Apr 23 14:06:41 UTC 2020 /home/travis/build/icyphy/ptII/ptolemy/domains/continuous/test/auto/ContinuousInsideDE.xml
----------------- Instantiating /home/travis/build/icyphy/ptII/ptolemy/domains/continuous/test/auto/ContinuousInsideDE.xml
34 ms. Memory: 270336K Free: 210709K (78%)
----------------- Invoking toplevel() on ptolemy.moml.MoMLSimpleApplication@122004ba
----------------- Done invoking toplevel() on ptolemy.moml.MoMLSimpleApplication@122004ba
reloadAllAccessors: .ContinuousInsideDE

===========================================================================================
----------------- testing Thu Apr 23 14:06:41 UTC 2020 /home/travis/build/icyphy/ptII/ptolemy/domains/continuous/test/auto/ContinuousMerge1.xml
----------------- Instantiating /home/travis/build/icyphy/ptII/ptolemy/domains/continuous/test/auto/ContinuousMerge1.xml
3 ms. Memory: 270336K Free: 206103K (76%)
----------------- Invoking toplevel() on ptolemy.moml.MoMLSimpleApplication@73bb8326
----------------- Done invoking toplevel() on ptolemy.moml.MoMLSimpleApplication@73bb8326
reloadAllAccessors: .ContinuousMerge1

===========================================================================================
----------------- testing Thu Apr 23 14:06:41 UTC 2020 /home/travis/build/icyphy/ptII/ptolemy/domains/continuous/test/auto/ContinuousMerge2.xml
----------------- Instantiating /home/travis/build/icyphy/ptII/ptolemy/domains/continuous/test/auto/ContinuousMerge2.xml
17 ms. Memory: 270336K Free: 195863K (72%)
----------------- Invoking toplevel() on ptolemy.moml.MoMLSimpleApplication@34fee20
----------------- Done invoking toplevel() on ptolemy.moml.MoMLSimpleApplication@34fee20
reloadAllAccessors: .ContinuousMerge2

===========================================================================================
----------------- testing Thu Apr 23 14:06:42 UTC 2020 /home/travis/build/icyphy/ptII/ptolemy/domains/continuous/test/auto/ContinuousMerge3.xml
----------------- Instantiating /home/travis/build/icyphy/ptII/ptolemy/domains/continuous/test/auto/ContinuousMerge3.xml
44 ms. Memory: 270336K Free: 185109K (68%)
----------------- Invoking toplevel() on ptolemy.moml.MoMLSimpleApplication@5a098682
----------------- Done invoking toplevel() on ptolemy.moml.MoMLSimpleApplication@5a098682
reloadAllAccessors: .ContinuousMerge3

===========================================================================================
----------------- testing Thu Apr 23 14:06:42 UTC 2020 /home/travis/build/icyphy/ptII/ptolemy/domains/continuous/test/auto/ContinuousWithinContinuous.xml
----------------- Instantiating /home/travis/build/icyphy/ptII/ptolemy/domains/continuous/test/auto/ContinuousWithinContinuous.xml
34 ms. Memory: 270336K Free: 175893K (65%)
----------------- Invoking toplevel() on ptolemy.moml.MoMLSimpleApplication@149f5f10
----------------- Done invoking toplevel() on ptolemy.moml.MoMLSimpleApplication@149f5f10
reloadAllAccessors: .ContinuousWithinContinuous

===========================================================================================
----------------- testing Thu Apr 23 14:06:42 UTC 2020 /home/travis/build/icyphy/ptII/ptolemy/domains/continuous/test/auto/ContinuousWithinContinuous2.xml
----------------- Instantiating /home/travis/build/icyphy/ptII/ptolemy/domains/continuous/test/auto/ContinuousWithinContinuous2.xml
63 ms. Memory: 270336K Free: 164629K (61%)
----------------- Invoking toplevel() on ptolemy.moml.MoMLSimpleApplication@55a61605
----------------- Done invoking toplevel() on ptolemy.moml.MoMLSimpleApplication@55a61605
reloadAllAccessors: .ContinuousWithinContinuous2

===========================================================================================
----------------- testing Thu Apr 23 14:06:42 UTC 2020 /home/travis/build/icyphy/ptII/ptolemy/domains/continuous/test/auto/ContinuousWithinContinuous3.xml
----------------- Instantiating /home/travis/build/icyphy/ptII/ptolemy/domains/continuous/test/auto/ContinuousWithinContinuous3.xml
12 ms. Memory: 270336K Free: 157975K (58%)
----------------- Invoking toplevel() on ptolemy.moml.MoMLSimpleApplication@5c9c5535
----------------- Done invoking toplevel() on ptolemy.moml.MoMLSimpleApplication@5c9c5535
reloadAllAccessors: .ContinuousWithinContinuous3

===========================================================================================
----------------- testing Thu Apr 23 14:06:42 UTC 2020 /home/travis/build/icyphy/ptII/ptolemy/domains/continuous/test/auto/ContinuousWithinContinuous4.xml
----------------- Instantiating /home/travis/build/icyphy/ptII/ptolemy/domains/continuous/test/auto/ContinuousWithinContinuous4.xml
71 ms. Memory: 270336K Free: 145687K (54%)
----------------- Invoking toplevel() on ptolemy.moml.MoMLSimpleApplication@a9d2c57
----------------- Done invoking toplevel() on ptolemy.moml.MoMLSimpleApplication@a9d2c57
reloadAllAccessors: .ContinuousWithinContinuous4

===========================================================================================
----------------- testing Thu Apr 23 14:06:42 UTC 2020 /home/travis/build/icyphy/ptII/ptolemy/domains/continuous/test/auto/ContinuousWithinContinuous5.xml
----------------- Instantiating /home/travis/build/icyphy/ptII/ptolemy/domains/continuous/test/auto/ContinuousWithinContinuous5.xml
12 ms. Memory: 270336K Free: 138519K (51%)
----------------- Invoking toplevel() on ptolemy.moml.MoMLSimpleApplication@3a63a232
----------------- Done invoking toplevel() on ptolemy.moml.MoMLSimpleApplication@3a63a232
reloadAllAccessors: .ContinuousWithinContinuous5

===========================================================================================
----------------- testing Thu Apr 23 14:06:42 UTC 2020 /home/travis/build/icyphy/ptII/ptolemy/domains/continuous/test/auto/ContinuousWithinContinuous6.xml
----------------- Instantiating /home/travis/build/icyphy/ptII/ptolemy/domains/continuous/test/auto/ContinuousWithinContinuous6.xml
12 ms. Memory: 270336K Free: 131861K (49%)
----------------- Invoking toplevel() on ptolemy.moml.MoMLSimpleApplication@3d745571
----------------- Done invoking toplevel() on ptolemy.moml.MoMLSimpleApplication@3d745571
reloadAllAccessors: .ContinuousWithinContinuous6

===========================================================================================
----------------- testing Thu Apr 23 14:06:42 UTC 2020 /home/travis/build/icyphy/ptII/ptolemy/domains/continuous/test/auto/ContinuousWithinContinuous7.xml
----------------- Instantiating /home/travis/build/icyphy/ptII/ptolemy/domains/continuous/test/auto/ContinuousWithinContinuous7.xml
56 ms. Memory: 270336K Free: 120597K (45%)
----------------- Invoking toplevel() on ptolemy.moml.MoMLSimpleApplication@10801b0f
----------------- Done invoking toplevel() on ptolemy.moml.MoMLSimpleApplication@10801b0f
reloadAllAccessors: .ContinuousWithinContinuous7

===========================================================================================
----------------- testing Thu Apr 23 14:06:42 UTC 2020 /home/travis/build/icyphy/ptII/ptolemy/domains/continuous/test/auto/DCMotor.xml
----------------- Instantiating /home/travis/build/icyphy/ptII/ptolemy/domains/continuous/test/auto/DCMotor.xml
13991 ms. Memory: 270336K Free: 225640K (83%)
----------------- Invoking toplevel() on ptolemy.moml.MoMLSimpleApplication@47a838b
----------------- Done invoking toplevel() on ptolemy.moml.MoMLSimpleApplication@47a838b
reloadAllAccessors: .DCMotor

===========================================================================================
----------------- testing Thu Apr 23 14:06:56 UTC 2020 /home/travis/build/icyphy/ptII/ptolemy/domains/continuous/test/auto/DEInContinuous.xml
----------------- Instantiating /home/travis/build/icyphy/ptII/ptolemy/domains/continuous/test/auto/DEInContinuous.xml
10 ms. Memory: 270336K Free: 219526K (81%)
----------------- Invoking toplevel() on ptolemy.moml.MoMLSimpleApplication@14322021
----------------- Done invoking toplevel() on ptolemy.moml.MoMLSimpleApplication@14322021
reloadAllAccessors: .DEInContinuous

===========================================================================================
----------------- testing Thu Apr 23 14:06:56 UTC 2020 /home/travis/build/icyphy/ptII/ptolemy/domains/continuous/test/auto/DEinContinuous2.xml
----------------- Instantiating /home/travis/build/icyphy/ptII/ptolemy/domains/continuous/test/auto/DEinContinuous2.xml
6 ms. Memory: 270336K Free: 211848K (78%)
----------------- Invoking toplevel() on ptolemy.moml.MoMLSimpleApplication@308298dc
----------------- Done invoking toplevel() on ptolemy.moml.MoMLSimpleApplication@308298dc
reloadAllAccessors: .DEinContinuous2

===========================================================================================
----------------- testing Thu Apr 23 14:06:56 UTC 2020 /home/travis/build/icyphy/ptII/ptolemy/domains/continuous/test/auto/Derivative.xml
----------------- Instantiating /home/travis/build/icyphy/ptII/ptolemy/domains/continuous/test/auto/Derivative.xml
110 ms. Memory: 270336K Free: 182152K (67%)
----------------- Invoking toplevel() on ptolemy.moml.MoMLSimpleApplication@3e71cfa5
----------------- Done invoking toplevel() on ptolemy.moml.MoMLSimpleApplication@3e71cfa5
reloadAllAccessors: .Derivative2

===========================================================================================
----------------- testing Thu Apr 23 14:06:56 UTC 2020 /home/travis/build/icyphy/ptII/ptolemy/domains/continuous/test/auto/Derivative1.xml
----------------- Instantiating /home/travis/build/icyphy/ptII/ptolemy/domains/continuous/test/auto/Derivative1.xml
12 ms. Memory: 270336K Free: 167816K (62%)
----------------- Invoking toplevel() on ptolemy.moml.MoMLSimpleApplication@23540f4c
----------------- Done invoking toplevel() on ptolemy.moml.MoMLSimpleApplication@23540f4c
reloadAllAccessors: .Derivative1

===========================================================================================
----------------- testing Thu Apr 23 14:06:56 UTC 2020 /home/travis/build/icyphy/ptII/ptolemy/domains/continuous/test/auto/DiscreteClock.xml
----------------- Instantiating /home/travis/build/icyphy/ptII/ptolemy/domains/continuous/test/auto/DiscreteClock.xml
2 ms. Memory: 270336K Free: 162696K (60%)
----------------- Invoking toplevel() on ptolemy.moml.MoMLSimpleApplication@c687bda
----------------- Done invoking toplevel() on ptolemy.moml.MoMLSimpleApplication@c687bda
reloadAllAccessors: .DiscreteClock

===========================================================================================
----------------- testing Thu Apr 23 14:06:56 UTC 2020 /home/travis/build/icyphy/ptII/ptolemy/domains/continuous/test/auto/EfficiencyCurve.xml
----------------- Instantiating /home/travis/build/icyphy/ptII/ptolemy/domains/continuous/test/auto/EfficiencyCurve.xml
49 ms. Memory: 270336K Free: 153480K (57%)
----------------- Invoking toplevel() on ptolemy.moml.MoMLSimpleApplication@643f9477
----------------- Done invoking toplevel() on ptolemy.moml.MoMLSimpleApplication@643f9477
reloadAllAccessors: .EfficiencyCurve

===========================================================================================
----------------- testing Thu Apr 23 14:06:56 UTC 2020 /home/travis/build/icyphy/ptII/ptolemy/domains/continuous/test/auto/ExponentialResponse.xml
----------------- Instantiating /home/travis/build/icyphy/ptII/ptolemy/domains/continuous/test/auto/ExponentialResponse.xml
89 ms. Memory: 270336K Free: 138120K (51%)
----------------- Invoking toplevel() on ptolemy.moml.MoMLSimpleApplication@7a897d39
----------------- Done invoking toplevel() on ptolemy.moml.MoMLSimpleApplication@7a897d39
reloadAllAccessors: .ExponentialResponse

===========================================================================================
----------------- testing Thu Apr 23 14:06:57 UTC 2020 /home/travis/build/icyphy/ptII/ptolemy/domains/continuous/test/auto/ExponentialResponseRK45.xml
----------------- Instantiating /home/travis/build/icyphy/ptII/ptolemy/domains/continuous/test/auto/ExponentialResponseRK45.xml
23 ms. Memory: 270336K Free: 131462K (49%)
----------------- Invoking toplevel() on ptolemy.moml.MoMLSimpleApplication@60985035
----------------- Done invoking toplevel() on ptolemy.moml.MoMLSimpleApplication@60985035
reloadAllAccessors: .ExponentialResponseRK45

===========================================================================================
----------------- testing Thu Apr 23 14:06:57 UTC 2020 /home/travis/build/icyphy/ptII/ptolemy/domains/continuous/test/auto/Friction.xml
----------------- Instantiating /home/travis/build/icyphy/ptII/ptolemy/domains/continuous/test/auto/Friction.xml
1312 ms. Memory: 270336K Free: 190828K (71%)
----------------- Invoking toplevel() on ptolemy.moml.MoMLSimpleApplication@7e5fc516
----------------- Done invoking toplevel() on ptolemy.moml.MoMLSimpleApplication@7e5fc516
reloadAllAccessors: .Friction

===========================================================================================
----------------- testing Thu Apr 23 14:06:58 UTC 2020 /home/travis/build/icyphy/ptII/ptolemy/domains/continuous/test/auto/FurutaPendulum.xml
----------------- Instantiating /home/travis/build/icyphy/ptII/ptolemy/domains/continuous/test/auto/FurutaPendulum.xml
2951 ms. Memory: 270336K Free: 175902K (65%)
----------------- Invoking toplevel() on ptolemy.moml.MoMLSimpleApplication@7ea99be
----------------- Done invoking toplevel() on ptolemy.moml.MoMLSimpleApplication@7ea99be
reloadAllAccessors: .FurutaPendulum

===========================================================================================
----------------- testing Thu Apr 23 14:07:01 UTC 2020 /home/travis/build/icyphy/ptII/ptolemy/domains/continuous/test/auto/HierarchicalExecution.xml
----------------- Instantiating /home/travis/build/icyphy/ptII/ptolemy/domains/continuous/test/auto/HierarchicalExecution.xml
1599 ms. Memory: 270336K Free: 205209K (76%)
----------------- Invoking toplevel() on ptolemy.moml.MoMLSimpleApplication@2a68785a
----------------- Done invoking toplevel() on ptolemy.moml.MoMLSimpleApplication@2a68785a
reloadAllAccessors: .HierarchicalExecution

===========================================================================================
----------------- testing Thu Apr 23 14:07:03 UTC 2020 /home/travis/build/icyphy/ptII/ptolemy/domains/continuous/test/auto/HybridPlant.xml
----------------- Instantiating /home/travis/build/icyphy/ptII/ptolemy/domains/continuous/test/auto/HybridPlant.xml
502 ms. Memory: 324608K Free: 156056K (48%)
----------------- Invoking toplevel() on ptolemy.moml.MoMLSimpleApplication@214ceece
----------------- Done invoking toplevel() on ptolemy.moml.MoMLSimpleApplication@214ceece
reloadAllAccessors: .HybridPlant

===========================================================================================
----------------- testing Thu Apr 23 14:07:04 UTC 2020 /home/travis/build/icyphy/ptII/ptolemy/domains/continuous/test/auto/Hysteresis.xml
----------------- Instantiating /home/travis/build/icyphy/ptII/ptolemy/domains/continuous/test/auto/Hysteresis.xml
137 ms. Memory: 324608K Free: 287109K (88%)
----------------- Invoking toplevel() on ptolemy.moml.MoMLSimpleApplication@16c0edef
----------------- Done invoking toplevel() on ptolemy.moml.MoMLSimpleApplication@16c0edef
reloadAllAccessors: .Hysteresis

===========================================================================================
----------------- testing Thu Apr 23 14:07:04 UTC 2020 /home/travis/build/icyphy/ptII/ptolemy/domains/continuous/test/auto/HysteresisWithRandomDelay.xml
----------------- Instantiating /home/travis/build/icyphy/ptII/ptolemy/domains/continuous/test/auto/HysteresisWithRandomDelay.xml
150 ms. Memory: 324608K Free: 215958K (67%)
----------------- Invoking toplevel() on ptolemy.moml.MoMLSimpleApplication@7eea57ea
----------------- Done invoking toplevel() on ptolemy.moml.MoMLSimpleApplication@7eea57ea
reloadAllAccessors: .HysteresisWithRandomDelay

===========================================================================================
----------------- testing Thu Apr 23 14:07:04 UTC 2020 /home/travis/build/icyphy/ptII/ptolemy/domains/continuous/test/auto/HysteresisWithRandomLosses.xml
----------------- Instantiating /home/travis/build/icyphy/ptII/ptolemy/domains/continuous/test/auto/HysteresisWithRandomLosses.xml
2227 ms. Memory: 324608K Free: 249912K (77%)
----------------- Invoking toplevel() on ptolemy.moml.MoMLSimpleApplication@5d0e3c87
----------------- Done invoking toplevel() on ptolemy.moml.MoMLSimpleApplication@5d0e3c87
reloadAllAccessors: .HysteresisWithRandomLosses

===========================================================================================
----------------- testing Thu Apr 23 14:07:06 UTC 2020 /home/travis/build/icyphy/ptII/ptolemy/domains/continuous/test/auto/ImmediateTransitions.xml
----------------- Instantiating /home/travis/build/icyphy/ptII/ptolemy/domains/continuous/test/auto/ImmediateTransitions.xml
9 ms. Memory: 324608K Free: 239192K (74%)
----------------- Invoking toplevel() on ptolemy.moml.MoMLSimpleApplication@796c6090
----------------- Done invoking toplevel() on ptolemy.moml.MoMLSimpleApplication@796c6090
reloadAllAccessors: .ImmediateTransitions

===========================================================================================
----------------- testing Thu Apr 23 14:07:06 UTC 2020 /home/travis/build/icyphy/ptII/ptolemy/domains/continuous/test/auto/ImpulseFeedback.xml
----------------- Instantiating /home/travis/build/icyphy/ptII/ptolemy/domains/continuous/test/auto/ImpulseFeedback.xml
5 ms. Memory: 324608K Free: 233558K (72%)
----------------- Invoking toplevel() on ptolemy.moml.MoMLSimpleApplication@42c1beec
----------------- Done invoking toplevel() on ptolemy.moml.MoMLSimpleApplication@42c1beec
reloadAllAccessors: .ImpulseFeedback

===========================================================================================
----------------- testing Thu Apr 23 14:07:06 UTC 2020 /home/travis/build/icyphy/ptII/ptolemy/domains/continuous/test/auto/ImpulseFeedback2.xml
----------------- Instantiating /home/travis/build/icyphy/ptII/ptolemy/domains/continuous/test/auto/ImpulseFeedback2.xml
4 ms. Memory: 324608K Free: 227928K (70%)
----------------- Invoking toplevel() on ptolemy.moml.MoMLSimpleApplication@42b926c5
----------------- Done invoking toplevel() on ptolemy.moml.MoMLSimpleApplication@42b926c5
reloadAllAccessors: .ImpulseFeedback2

===========================================================================================
----------------- testing Thu Apr 23 14:07:06 UTC 2020 /home/travis/build/icyphy/ptII/ptolemy/domains/continuous/test/auto/IncreasingRatePoisson.xml
----------------- Instantiating /home/travis/build/icyphy/ptII/ptolemy/domains/continuous/test/auto/IncreasingRatePoisson.xml
633 ms. Memory: 324608K Free: 132862K (41%)
----------------- Invoking toplevel() on ptolemy.moml.MoMLSimpleApplication@7c2884be
----------------- Done invoking toplevel() on ptolemy.moml.MoMLSimpleApplication@7c2884be
reloadAllAccessors: .IncreasingRatePoisson

===========================================================================================
----------------- testing Thu Apr 23 14:07:07 UTC 2020 /home/travis/build/icyphy/ptII/ptolemy/domains/continuous/test/auto/InitialStateFeedback.xml
----------------- Instantiating /home/travis/build/icyphy/ptII/ptolemy/domains/continuous/test/auto/InitialStateFeedback.xml
5 ms. Memory: 324608K Free: 128286K (40%)
----------------- Invoking toplevel() on ptolemy.moml.MoMLSimpleApplication@34765256
----------------- Done invoking toplevel() on ptolemy.moml.MoMLSimpleApplication@34765256
reloadAllAccessors: .InitialStateFeedback

===========================================================================================
----------------- testing Thu Apr 23 14:07:07 UTC 2020 /home/travis/build/icyphy/ptII/ptolemy/domains/continuous/test/auto/Integration.xml
----------------- Instantiating /home/travis/build/icyphy/ptII/ptolemy/domains/continuous/test/auto/Integration.xml
1 ms. Memory: 324608K Free: 124190K (38%)
----------------- Invoking toplevel() on ptolemy.moml.MoMLSimpleApplication@722f6724
----------------- Done invoking toplevel() on ptolemy.moml.MoMLSimpleApplication@722f6724
reloadAllAccessors: .Integration

===========================================================================================
----------------- testing Thu Apr 23 14:07:07 UTC 2020 /home/travis/build/icyphy/ptII/ptolemy/domains/continuous/test/auto/Integration2.xml
----------------- Instantiating /home/travis/build/icyphy/ptII/ptolemy/domains/continuous/test/auto/Integration2.xml
80 ms. Memory: 324608K Free: 303845K (94%)
----------------- Invoking toplevel() on ptolemy.moml.MoMLSimpleApplication@70b3ff04
----------------- Done invoking toplevel() on ptolemy.moml.MoMLSimpleApplication@70b3ff04
reloadAllAccessors: .Integration2

===========================================================================================
----------------- testing Thu Apr 23 14:07:07 UTC 2020 /home/travis/build/icyphy/ptII/ptolemy/domains/continuous/test/auto/Integration3.xml
----------------- Instantiating /home/travis/build/icyphy/ptII/ptolemy/domains/continuous/test/auto/Integration3.xml
2 ms. Memory: 324608K Free: 299352K (92%)
----------------- Invoking toplevel() on ptolemy.moml.MoMLSimpleApplication@24c4d6f0
----------------- Done invoking toplevel() on ptolemy.moml.MoMLSimpleApplication@24c4d6f0
reloadAllAccessors: .Integration3

===========================================================================================
----------------- testing Thu Apr 23 14:07:07 UTC 2020 /home/travis/build/icyphy/ptII/ptolemy/domains/continuous/test/auto/Integration5.xml
----------------- Instantiating /home/travis/build/icyphy/ptII/ptolemy/domains/continuous/test/auto/Integration5.xml
2 ms. Memory: 324608K Free: 295256K (91%)
----------------- Invoking toplevel() on ptolemy.moml.MoMLSimpleApplication@2377c19b
----------------- Done invoking toplevel() on ptolemy.moml.MoMLSimpleApplication@2377c19b
reloadAllAccessors: .Integration5

===========================================================================================
----------------- testing Thu Apr 23 14:07:07 UTC 2020 /home/travis/build/icyphy/ptII/ptolemy/domains/continuous/test/auto/IntegratorImpulse.xml
----------------- Instantiating /home/travis/build/icyphy/ptII/ptolemy/domains/continuous/test/auto/IntegratorImpulse.xml
2 ms. Memory: 324608K Free: 291160K (90%)
----------------- Invoking toplevel() on ptolemy.moml.MoMLSimpleApplication@e87e77d
----------------- Done invoking toplevel() on ptolemy.moml.MoMLSimpleApplication@e87e77d
reloadAllAccessors: .IntegratorImpulse

===========================================================================================
----------------- testing Thu Apr 23 14:07:07 UTC 2020 /home/travis/build/icyphy/ptII/ptolemy/domains/continuous/test/auto/IntegratorImpulse2.xml
----------------- Instantiating /home/travis/build/icyphy/ptII/ptolemy/domains/continuous/test/auto/IntegratorImpulse2.xml
3 ms. Memory: 324608K Free: 286550K (88%)
----------------- Invoking toplevel() on ptolemy.moml.MoMLSimpleApplication@7d2b6824
----------------- Done invoking toplevel() on ptolemy.moml.MoMLSimpleApplication@7d2b6824
reloadAllAccessors: .IntegratorImpulse2

===========================================================================================
----------------- testing Thu Apr 23 14:07:07 UTC 2020 /home/travis/build/icyphy/ptII/ptolemy/domains/continuous/test/auto/LevelCrossing1.xml
----------------- Instantiating /home/travis/build/icyphy/ptII/ptolemy/domains/continuous/test/auto/LevelCrossing1.xml
2 ms. Memory: 324608K Free: 281430K (87%)
----------------- Invoking toplevel() on ptolemy.moml.MoMLSimpleApplication@32d100de
----------------- Done invoking toplevel() on ptolemy.moml.MoMLSimpleApplication@32d100de
reloadAllAccessors: .LevelCrossing1

===========================================================================================
----------------- testing Thu Apr 23 14:07:07 UTC 2020 /home/travis/build/icyphy/ptII/ptolemy/domains/continuous/test/auto/LevelCrossing2.xml
----------------- Instantiating /home/travis/build/icyphy/ptII/ptolemy/domains/continuous/test/auto/LevelCrossing2.xml
2 ms. Memory: 324608K Free: 276310K (85%)
----------------- Invoking toplevel() on ptolemy.moml.MoMLSimpleApplication@77d1fb44
----------------- Done invoking toplevel() on ptolemy.moml.MoMLSimpleApplication@77d1fb44
reloadAllAccessors: .LevelCrossing2

===========================================================================================
----------------- testing Thu Apr 23 14:07:07 UTC 2020 /home/travis/build/icyphy/ptII/ptolemy/domains/continuous/test/auto/LevelCrossing3.xml
----------------- Instantiating /home/travis/build/icyphy/ptII/ptolemy/domains/continuous/test/auto/LevelCrossing3.xml
5 ms. Memory: 324608K Free: 271190K (84%)
----------------- Invoking toplevel() on ptolemy.moml.MoMLSimpleApplication@3d3cd5b
----------------- Done invoking toplevel() on ptolemy.moml.MoMLSimpleApplication@3d3cd5b
reloadAllAccessors: .LevelCrossing3

===========================================================================================
----------------- testing Thu Apr 23 14:07:07 UTC 2020 /home/travis/build/icyphy/ptII/ptolemy/domains/continuous/test/auto/LevelCrossing4.xml
----------------- Instantiating /home/travis/build/icyphy/ptII/ptolemy/domains/continuous/test/auto/LevelCrossing4.xml
3 ms. Memory: 324608K Free: 266070K (82%)
----------------- Invoking toplevel() on ptolemy.moml.MoMLSimpleApplication@4e243762
----------------- Done invoking toplevel() on ptolemy.moml.MoMLSimpleApplication@4e243762
reloadAllAccessors: .LevelCrossing4

===========================================================================================
----------------- testing Thu Apr 23 14:07:07 UTC 2020 /home/travis/build/icyphy/ptII/ptolemy/domains/continuous/test/auto/LevelCrossing5.xml
----------------- Instantiating /home/travis/build/icyphy/ptII/ptolemy/domains/continuous/test/auto/LevelCrossing5.xml
3 ms. Memory: 324608K Free: 260935K (80%)
----------------- Invoking toplevel() on ptolemy.moml.MoMLSimpleApplication@5a14dc1
----------------- Done invoking toplevel() on ptolemy.moml.MoMLSimpleApplication@5a14dc1
reloadAllAccessors: .LevelCrossing5

===========================================================================================
[...]
reloadAllAccessors: .ResetTransitionWithStartTime6

===========================================================================================
----------------- testing Thu Apr 23 14:07:22 UTC 2020 /home/travis/build/icyphy/ptII/ptolemy/domains/continuous/test/auto/SRinContinuous.xml
----------------- Instantiating /home/travis/build/icyphy/ptII/ptolemy/domains/continuous/test/auto/SRinContinuous.xml
14 ms. Memory: 324608K Free: 234323K (72%)
----------------- Invoking toplevel() on ptolemy.moml.MoMLSimpleApplication@7b524f51
----------------- Done invoking toplevel() on ptolemy.moml.MoMLSimpleApplication@7b524f51
reloadAllAccessors: .SRinContinuous

===========================================================================================
----------------- testing Thu Apr 23 14:07:22 UTC 2020 /home/travis/build/icyphy/ptII/ptolemy/domains/continuous/test/auto/SampledClocks.xml
----------------- Instantiating /home/travis/build/icyphy/ptII/ptolemy/domains/continuous/test/auto/SampledClocks.xml
8 ms. Memory: 324608K Free: 221521K (68%)
----------------- Invoking toplevel() on ptolemy.moml.MoMLSimpleApplication@38fe08e8
----------------- Done invoking toplevel() on ptolemy.moml.MoMLSimpleApplication@38fe08e8
reloadAllAccessors: .SampledClocks

===========================================================================================
----------------- testing Thu Apr 23 14:07:22 UTC 2020 /home/travis/build/icyphy/ptII/ptolemy/domains/continuous/test/auto/Satellite.xml
----------------- Instantiating /home/travis/build/icyphy/ptII/ptolemy/domains/continuous/test/auto/Satellite.xml
662 ms. Memory: 324608K Free: 224343K (69%)
----------------- Invoking toplevel() on ptolemy.moml.MoMLSimpleApplication@5a5a87ca
----------------- Done invoking toplevel() on ptolemy.moml.MoMLSimpleApplication@5a5a87ca
reloadAllAccessors: .Satellite

===========================================================================================
----------------- testing Thu Apr 23 14:07:23 UTC 2020 /home/travis/build/icyphy/ptII/ptolemy/domains/continuous/test/auto/SigmaDelta.xml
----------------- Instantiating /home/travis/build/icyphy/ptII/ptolemy/domains/continuous/test/auto/SigmaDelta.xml
1816 ms. Memory: 324608K Free: 155906K (48%)
----------------- Invoking toplevel() on ptolemy.moml.MoMLSimpleApplication@4c9d15ee
----------------- Done invoking toplevel() on ptolemy.moml.MoMLSimpleApplication@4c9d15ee
reloadAllAccessors: .SigmaDelta

===========================================================================================
----------------- testing Thu Apr 23 14:07:25 UTC 2020 /home/travis/build/icyphy/ptII/ptolemy/domains/continuous/test/auto/SingleRefinement.xml
----------------- Instantiating /home/travis/build/icyphy/ptII/ptolemy/domains/continuous/test/auto/SingleRefinement.xml
313 ms. Memory: 324608K Free: 167645K (52%)
----------------- Invoking toplevel() on ptolemy.moml.MoMLSimpleApplication@5d707a13
----------------- Done invoking toplevel() on ptolemy.moml.MoMLSimpleApplication@5d707a13
reloadAllAccessors: .SingleRefinement

===========================================================================================
----------------- testing Thu Apr 23 14:07:25 UTC 2020 /home/travis/build/icyphy/ptII/ptolemy/domains/continuous/test/auto/SinuBouncingBall.xml
----------------- Instantiating /home/travis/build/icyphy/ptII/ptolemy/domains/continuous/test/auto/SinuBouncingBall.xml
753 ms. Memory: 324608K Free: 149112K (46%)
----------------- Invoking toplevel() on ptolemy.moml.MoMLSimpleApplication@c72e891
----------------- Done invoking toplevel() on ptolemy.moml.MoMLSimpleApplication@c72e891
reloadAllAccessors: .SinuBouncingBall

===========================================================================================
----------------- testing Thu Apr 23 14:07:26 UTC 2020 /home/travis/build/icyphy/ptII/ptolemy/domains/continuous/test/auto/Sinusoid.xml
----------------- Instantiating /home/travis/build/icyphy/ptII/ptolemy/domains/continuous/test/auto/Sinusoid.xml
4 ms. Memory: 324608K Free: 144975K (45%)
----------------- Invoking toplevel() on ptolemy.moml.MoMLSimpleApplication@39842131
----------------- Done invoking toplevel() on ptolemy.moml.MoMLSimpleApplication@39842131
reloadAllAccessors: .Sinusoid

===========================================================================================
----------------- testing Thu Apr 23 14:07:26 UTC 2020 /home/travis/build/icyphy/ptII/ptolemy/domains/continuous/test/auto/SinusoidInNoise.xml
----------------- Instantiating /home/travis/build/icyphy/ptII/ptolemy/domains/continuous/test/auto/SinusoidInNoise.xml
788 ms. Memory: 324608K Free: 203870K (63%)
----------------- Invoking toplevel() on ptolemy.moml.MoMLSimpleApplication@21b97420
----------------- Done invoking toplevel() on ptolemy.moml.MoMLSimpleApplication@21b97420
reloadAllAccessors: .SinusoidInNoise

===========================================================================================
----------------- testing Thu Apr 23 14:07:27 UTC 2020 /home/travis/build/icyphy/ptII/ptolemy/domains/continuous/test/auto/SinusoidRK45.xml
----------------- Instantiating /home/travis/build/icyphy/ptII/ptolemy/domains/continuous/test/auto/SinusoidRK45.xml
2 ms. Memory: 324608K Free: 199230K (61%)
----------------- Invoking toplevel() on ptolemy.moml.MoMLSimpleApplication@31aa656c
----------------- Done invoking toplevel() on ptolemy.moml.MoMLSimpleApplication@31aa656c
reloadAllAccessors: .SinusoidRK45

===========================================================================================
----------------- testing Thu Apr 23 14:07:27 UTC 2020 /home/travis/build/icyphy/ptII/ptolemy/domains/continuous/test/auto/SinusoidWithMultipleImpulses.xml
----------------- Instantiating /home/travis/build/icyphy/ptII/ptolemy/domains/continuous/test/auto/SinusoidWithMultipleImpulses.xml
2 ms. Memory: 324608K Free: 194654K (60%)
----------------- Invoking toplevel() on ptolemy.moml.MoMLSimpleApplication@75d7ea7d
----------------- Done invoking toplevel() on ptolemy.moml.MoMLSimpleApplication@75d7ea7d
reloadAllAccessors: .SinusoidWithMultipleImpulses

===========================================================================================
----------------- testing Thu Apr 23 14:07:27 UTC 2020 /home/travis/build/icyphy/ptII/ptolemy/domains/continuous/test/auto/SquareWave.xml
----------------- Instantiating /home/travis/build/icyphy/ptII/ptolemy/domains/continuous/test/auto/SquareWave.xml
130 ms. Memory: 324608K Free: 167516K (52%)
----------------- Invoking toplevel() on ptolemy.moml.MoMLSimpleApplication@40b67c8c
----------------- Done invoking toplevel() on ptolemy.moml.MoMLSimpleApplication@40b67c8c
reloadAllAccessors: .SquareWave

===========================================================================================
----------------- testing Thu Apr 23 14:07:27 UTC 2020 /home/travis/build/icyphy/ptII/ptolemy/domains/continuous/test/auto/Starmac.xml
----------------- Instantiating /home/travis/build/icyphy/ptII/ptolemy/domains/continuous/test/auto/Starmac.xml
3063 ms. Memory: 324608K Free: 236784K (73%)
----------------- Invoking toplevel() on ptolemy.moml.MoMLSimpleApplication@3b96dee7
----------------- Done invoking toplevel() on ptolemy.moml.MoMLSimpleApplication@3b96dee7
reloadAllAccessors: .Starmac

===========================================================================================
----------------- testing Thu Apr 23 14:07:30 UTC 2020 /home/travis/build/icyphy/ptII/ptolemy/domains/continuous/test/auto/StaticUnits.xml
----------------- Instantiating /home/travis/build/icyphy/ptII/ptolemy/domains/continuous/test/auto/StaticUnits.xml
1717 ms. Memory: 324608K Free: 165601K (51%)
----------------- Invoking toplevel() on ptolemy.moml.MoMLSimpleApplication@65f3fc3
----------------- Done invoking toplevel() on ptolemy.moml.MoMLSimpleApplication@65f3fc3
reloadAllAccessors: .StaticUnits

===========================================================================================
----------------- testing Thu Apr 23 14:07:33 UTC 2020 /home/travis/build/icyphy/ptII/ptolemy/domains/continuous/test/auto/StickyMasses.xml
----------------- Instantiating /home/travis/build/icyphy/ptII/ptolemy/domains/continuous/test/auto/StickyMasses.xml
115 ms. Memory: 324608K Free: 116449K (36%)
----------------- Invoking toplevel() on ptolemy.moml.MoMLSimpleApplication@186776d0
----------------- Done invoking toplevel() on ptolemy.moml.MoMLSimpleApplication@186776d0
reloadAllAccessors: .StickyMasses

===========================================================================================
----------------- testing Thu Apr 23 14:07:33 UTC 2020 /home/travis/build/icyphy/ptII/ptolemy/domains/continuous/test/auto/StopTime.xml
----------------- Instantiating /home/travis/build/icyphy/ptII/ptolemy/domains/continuous/test/auto/StopTime.xml
37 ms. Memory: 324608K Free: 280722K (86%)
----------------- Invoking toplevel() on ptolemy.moml.MoMLSimpleApplication@225e4f14
----------------- Done invoking toplevel() on ptolemy.moml.MoMLSimpleApplication@225e4f14
reloadAllAccessors: .StopTime

===========================================================================================
----------------- testing Thu Apr 23 14:07:33 UTC 2020 /home/travis/build/icyphy/ptII/ptolemy/domains/continuous/test/auto/StopTime2.xml
----------------- Instantiating /home/travis/build/icyphy/ptII/ptolemy/domains/continuous/test/auto/StopTime2.xml
33 ms. Memory: 324608K Free: 258697K (80%)
----------------- Invoking toplevel() on ptolemy.moml.MoMLSimpleApplication@686595e3
----------------- Done invoking toplevel() on ptolemy.moml.MoMLSimpleApplication@686595e3
reloadAllAccessors: .StopTime2

===========================================================================================
----------------- testing Thu Apr 23 14:07:33 UTC 2020 /home/travis/build/icyphy/ptII/ptolemy/domains/continuous/test/auto/Switch.xml
----------------- Instantiating /home/travis/build/icyphy/ptII/ptolemy/domains/continuous/test/auto/Switch.xml
43 ms. Memory: 324608K Free: 234121K (72%)
----------------- Invoking toplevel() on ptolemy.moml.MoMLSimpleApplication@7a7a548f
----------------- Done invoking toplevel() on ptolemy.moml.MoMLSimpleApplication@7a7a548f
reloadAllAccessors: .Switch

===========================================================================================
----------------- testing Thu Apr 23 14:07:33 UTC 2020 /home/travis/build/icyphy/ptII/ptolemy/domains/continuous/test/auto/Thermostat.xml
----------------- Instantiating /home/travis/build/icyphy/ptII/ptolemy/domains/continuous/test/auto/Thermostat.xml
162 ms. Memory: 324608K Free: 161938K (50%)
----------------- Invoking toplevel() on ptolemy.moml.MoMLSimpleApplication@2937f973
----------------- Done invoking toplevel() on ptolemy.moml.MoMLSimpleApplication@2937f973
reloadAllAccessors: .Thermostat

===========================================================================================
----------------- testing Thu Apr 23 14:07:33 UTC 2020 /home/travis/build/icyphy/ptII/ptolemy/domains/continuous/test/auto/TimeDelay.xml
----------------- Instantiating /home/travis/build/icyphy/ptII/ptolemy/domains/continuous/test/auto/TimeDelay.xml
4 ms. Memory: 324608K Free: 157297K (48%)
----------------- Invoking toplevel() on ptolemy.moml.MoMLSimpleApplication@5ba8ec0
----------------- Done invoking toplevel() on ptolemy.moml.MoMLSimpleApplication@5ba8ec0
reloadAllAccessors: .TimeDelay

===========================================================================================
----------------- testing Thu Apr 23 14:07:33 UTC 2020 /home/travis/build/icyphy/ptII/ptolemy/domains/continuous/test/auto/TimeDelay2.xml
----------------- Instantiating /home/travis/build/icyphy/ptII/ptolemy/domains/continuous/test/auto/TimeDelay2.xml
6 ms. Memory: 324608K Free: 147602K (45%)
----------------- Invoking toplevel() on ptolemy.moml.MoMLSimpleApplication@99e9e35
----------------- Done invoking toplevel() on ptolemy.moml.MoMLSimpleApplication@99e9e35
reloadAllAccessors: .TimeDelay2

===========================================================================================
----------------- testing Thu Apr 23 14:07:33 UTC 2020 /home/travis/build/icyphy/ptII/ptolemy/domains/continuous/test/auto/TimeDelay3.xml
----------------- Instantiating /home/travis/build/icyphy/ptII/ptolemy/domains/continuous/test/auto/TimeDelay3.xml
2 ms. Memory: 324608K Free: 142977K (44%)
----------------- Invoking toplevel() on ptolemy.moml.MoMLSimpleApplication@6079422a
----------------- Done invoking toplevel() on ptolemy.moml.MoMLSimpleApplication@6079422a
reloadAllAccessors: .TimeDelay3

===========================================================================================
----------------- testing Thu Apr 23 14:07:33 UTC 2020 /home/travis/build/icyphy/ptII/ptolemy/domains/continuous/test/auto/TransferAbsentToInside.xml
----------------- Instantiating /home/travis/build/icyphy/ptII/ptolemy/domains/continuous/test/auto/TransferAbsentToInside.xml
25 ms. Memory: 324608K Free: 278156K (86%)
----------------- Invoking toplevel() on ptolemy.moml.MoMLSimpleApplication@1436056e
----------------- Done invoking toplevel() on ptolemy.moml.MoMLSimpleApplication@1436056e
reloadAllAccessors: .TransferAbsentToInside

===========================================================================================
----------------- testing Thu Apr 23 14:07:33 UTC 2020 /home/travis/build/icyphy/ptII/ptolemy/domains/continuous/test/auto/Transmission.xml
----------------- Instantiating /home/travis/build/icyphy/ptII/ptolemy/domains/continuous/test/auto/Transmission.xml
718 ms. Memory: 324608K Free: 236159K (73%)
----------------- Invoking toplevel() on ptolemy.moml.MoMLSimpleApplication@4d716623
----------------- Done invoking toplevel() on ptolemy.moml.MoMLSimpleApplication@4d716623
reloadAllAccessors: .Transmission

===========================================================================================
----------------- testing Thu Apr 23 14:07:34 UTC 2020 /home/travis/build/icyphy/ptII/ptolemy/domains/continuous/test/auto/TriggeredContinuousClock.xml
----------------- Instantiating /home/travis/build/icyphy/ptII/ptolemy/domains/continuous/test/auto/TriggeredContinuousClock.xml
34 ms. Memory: 324608K Free: 206439K (64%)
----------------- Invoking toplevel() on ptolemy.moml.MoMLSimpleApplication@681f5164
----------------- Done invoking toplevel() on ptolemy.moml.MoMLSimpleApplication@681f5164
reloadAllAccessors: .TriggeredContinuousClock

===========================================================================================
----------------- testing Thu Apr 23 14:07:34 UTC 2020 /home/travis/build/icyphy/ptII/ptolemy/domains/continuous/test/auto/TwoMachineInfiniteBusControl.xml
----------------- Instantiating /home/travis/build/icyphy/ptII/ptolemy/domains/continuous/test/auto/TwoMachineInfiniteBusControl.xml
2326 ms. Memory: 324608K Free: 211542K (65%)
----------------- Invoking toplevel() on ptolemy.moml.MoMLSimpleApplication@4a886690
----------------- Done invoking toplevel() on ptolemy.moml.MoMLSimpleApplication@4a886690
reloadAllAccessors: .TwoMachineInfiniteBusControl

===========================================================================================
----------------- testing Thu Apr 23 14:07:36 UTC 2020 /home/travis/build/icyphy/ptII/ptolemy/domains/continuous/test/auto/V2V.xml
----------------- Instantiating /home/travis/build/icyphy/ptII/ptolemy/domains/continuous/test/auto/V2V.xml
639 ms. Memory: 324608K Free: 213576K (66%)
----------------- Invoking toplevel() on ptolemy.moml.MoMLSimpleApplication@629ddb40
----------------- Done invoking toplevel() on ptolemy.moml.MoMLSimpleApplication@629ddb40
reloadAllAccessors: .V2V

===========================================================================================
----------------- testing Thu Apr 23 14:07:37 UTC 2020 /home/travis/build/icyphy/ptII/ptolemy/domains/continuous/test/auto/hierarchicalModalModel.xml
----------------- Instantiating /home/travis/build/icyphy/ptII/ptolemy/domains/continuous/test/auto/hierarchicalModalModel.xml
7 ms. Memory: 324608K Free: 199240K (61%)
----------------- Invoking toplevel() on ptolemy.moml.MoMLSimpleApplication@1492235d
----------------- Done invoking toplevel() on ptolemy.moml.MoMLSimpleApplication@1492235d
reloadAllAccessors: .hierarchicalModalModel

===========================================================================================
----------------- testing Thu Apr 23 14:07:37 UTC 2020 /home/travis/build/icyphy/ptII/ptolemy/domains/continuous/test/auto/hierarchicalModalModel1.xml
----------------- Instantiating /home/travis/build/icyphy/ptII/ptolemy/domains/continuous/test/auto/hierarchicalModalModel1.xml
8 ms. Memory: 324608K Free: 184904K (57%)
----------------- Invoking toplevel() on ptolemy.moml.MoMLSimpleApplication@70529345
----------------- Done invoking toplevel() on ptolemy.moml.MoMLSimpleApplication@70529345
reloadAllAccessors: .hierarchicalModalModel1

===========================================================================================
----------------- testing Thu Apr 23 14:07:37 UTC 2020 /home/travis/build/icyphy/ptII/ptolemy/domains/continuous/test/auto/hierarchicalModalModel2.xml
----------------- Instantiating /home/travis/build/icyphy/ptII/ptolemy/domains/continuous/test/auto/hierarchicalModalModel2.xml
6 ms. Memory: 324608K Free: 172616K (53%)
----------------- Invoking toplevel() on ptolemy.moml.MoMLSimpleApplication@f3328ac
----------------- Done invoking toplevel() on ptolemy.moml.MoMLSimpleApplication@f3328ac
reloadAllAccessors: .hierarchicalModalModel2

===========================================================================================
----------------- testing Thu Apr 23 14:07:37 UTC 2020 /home/travis/build/icyphy/ptII/ptolemy/domains/continuous/test/auto/hierarchicalModalModel3.xml
----------------- Instantiating /home/travis/build/icyphy/ptII/ptolemy/domains/continuous/test/auto/hierarchicalModalModel3.xml
5 ms. Memory: 324608K Free: 161862K (50%)
----------------- Invoking toplevel() on ptolemy.moml.MoMLSimpleApplication@b47644f
----------------- Done invoking toplevel() on ptolemy.moml.MoMLSimpleApplication@b47644f
reloadAllAccessors: .hierarchicalModalModel3

===========================================================================================
----------------- testing Thu Apr 23 14:07:37 UTC 2020 /home/travis/build/icyphy/ptII/ptolemy/domains/continuous/test/auto/hierarchicalModalModel4.xml
----------------- Instantiating /home/travis/build/icyphy/ptII/ptolemy/domains/continuous/test/auto/hierarchicalModalModel4.xml
5 ms. Memory: 324608K Free: 150088K (46%)
----------------- Invoking toplevel() on ptolemy.moml.MoMLSimpleApplication@7340b05e
----------------- Done invoking toplevel() on ptolemy.moml.MoMLSimpleApplication@7340b05e
reloadAllAccessors: .hierarchicalModalModel4

===========================================================================================
----------------- testing Thu Apr 23 14:07:37 UTC 2020 /home/travis/build/icyphy/ptII/ptolemy/domains/continuous/test/auto/junk.xml
----------------- Instantiating /home/travis/build/icyphy/ptII/ptolemy/domains/continuous/test/auto/junk.xml
117 ms. Memory: 324608K Free: 125512K (39%)
----------------- Invoking toplevel() on ptolemy.moml.MoMLSimpleApplication@4e8a6292
----------------- Done invoking toplevel() on ptolemy.moml.MoMLSimpleApplication@4e8a6292
reloadAllAccessors: .junk
AutoTests.java: About to close Vertx.
AutoTests.java: Vertx closed.
]]></system-out>
  <system-err><![CDATA[Warning: '.IncreasingRatePoisson.NonStrictTest' The test produced only 371 tokens, yet the correctValues parameter was expecting 402 tokens.
Warning: '.Poisson.NonStrictTest' The test produced only 359 tokens, yet the correctValues parameter was expecting 430 tokens.
]]></system-err>
</testsuite>
