<?xml version="1.0" encoding="UTF-8" ?>
<testsuite errors="0" failures="0" hostname="travis-job-b567d478-a3c8-4cea-98fb-8dbff7a43863" name="ptolemy.domains.pn.test.junit.JUnitTclTest" skipped="0" tests="43" time="8.148" timestamp="2019-09-02T05:36:45">
  <properties>
[...]
</properties>
  <testcase classname="ptolemy.util.test.junit.TclTests" name="[0] /home/travis/build/icyphy/ptII/ptolemy/domains/pn/test/PNDirector.tcl (RunTclFile)" time="0.731" />
  <testcase classname="ptolemy.util.test.junit.TclTests" name="[1] /home/travis/build/icyphy/ptII/ptolemy/domains/pn/test/TimedPNDirector.tcl (RunTclFile)" time="0.028" />
  <testcase classname="ptolemy.util.test.junit.AutoKnownFailedTests" name="[0] ThereAreNoKnowFailedTests (RunModel)" time="0.007" />
  <testcase classname="ptolemy.util.test.junit.AutoNameArchTests" name="[0] ThereAreNoAutoArchTests (RunModel)" time="0.001" />
  <testcase classname="ptolemy.util.test.junit.AutoTests" name="[0] /home/travis/build/icyphy/ptII/ptolemy/domains/pn/test/auto/Branching-switch-PN-ptolemy-2.xml (RunModel)" time="0.264" />
  <testcase classname="ptolemy.util.test.junit.AutoTests" name="[1] /home/travis/build/icyphy/ptII/ptolemy/domains/pn/test/auto/Branching-switch-PN-ptolemy.xml (RunModel)" time="0.147" />
  <testcase classname="ptolemy.util.test.junit.AutoTests" name="[2] /home/travis/build/icyphy/ptII/ptolemy/domains/pn/test/auto/BrockAckermanTest.xml (RunModel)" time="0.471" />
  <testcase classname="ptolemy.util.test.junit.AutoTests" name="[3] /home/travis/build/icyphy/ptII/ptolemy/domains/pn/test/auto/CounterMachine.xml (RunModel)" time="1.824" />
  <testcase classname="ptolemy.util.test.junit.AutoTests" name="[4] /home/travis/build/icyphy/ptII/ptolemy/domains/pn/test/auto/CounterMachine1.xml (RunModel)" time="1.448" />
  <testcase classname="ptolemy.util.test.junit.AutoTests" name="[5] /home/travis/build/icyphy/ptII/ptolemy/domains/pn/test/auto/CounterMachineWithException.xml (RunModel)" time="0.87" />
  <testcase classname="ptolemy.util.test.junit.AutoTests" name="[6] /home/travis/build/icyphy/ptII/ptolemy/domains/pn/test/auto/FinalState.xml (RunModel)" time="0.101" />
  <testcase classname="ptolemy.util.test.junit.AutoTests" name="[7] /home/travis/build/icyphy/ptII/ptolemy/domains/pn/test/auto/FourExpressions.xml (RunModel)" time="0.045" />
  <testcase classname="ptolemy.util.test.junit.AutoTests" name="[8] /home/travis/build/icyphy/ptII/ptolemy/domains/pn/test/auto/Identity.xml (RunModel)" time="0.05" />
  <testcase classname="ptolemy.util.test.junit.AutoTests" name="[9] /home/travis/build/icyphy/ptII/ptolemy/domains/pn/test/auto/IdentityWithFeedback.xml (RunModel)" time="0.04" />
  <testcase classname="ptolemy.util.test.junit.AutoTests" name="[10] /home/travis/build/icyphy/ptII/ptolemy/domains/pn/test/auto/NondeterministicMergeTest.xml (RunModel)" time="0.073" />
  <testcase classname="ptolemy.util.test.junit.AutoTests" name="[11] /home/travis/build/icyphy/ptII/ptolemy/domains/pn/test/auto/OrderedMerge.xml (RunModel)" time="0.22" />
  <testcase classname="ptolemy.util.test.junit.AutoTests" name="[12] /home/travis/build/icyphy/ptII/ptolemy/domains/pn/test/auto/PNAbstractReceiverTest.xml (RunModel)" time="0.027" />
  <testcase classname="ptolemy.util.test.junit.AutoTests" name="[13] /home/travis/build/icyphy/ptII/ptolemy/domains/pn/test/auto/QR.xml (RunModel)" time="0.078" />
  <testcase classname="ptolemy.util.test.junit.AutoTests" name="[14] /home/travis/build/icyphy/ptII/ptolemy/domains/pn/test/auto/RemoveNilTokens.xml (RunModel)" time="0.071" />
  <testcase classname="ptolemy.util.test.junit.AutoTests" name="[15] /home/travis/build/icyphy/ptII/ptolemy/domains/pn/test/auto/Stack.xml (RunModel)" time="0.18" />
  <testcase classname="ptolemy.util.test.junit.AutoTests" name="[16] /home/travis/build/icyphy/ptII/ptolemy/domains/pn/test/auto/TestRemoveNilTokens.xml (RunModel)" time="0.048" />
  <testcase classname="ptolemy.util.test.junit.AutoTests" name="[17] /home/travis/build/icyphy/ptII/ptolemy/domains/pn/test/auto/TestSeq2Array.xml (RunModel)" time="0.054" />
  <testcase classname="ptolemy.util.test.junit.AutoTests" name="[18] /home/travis/build/icyphy/ptII/ptolemy/domains/pn/test/auto/TrivialIdentity.xml (RunModel)" time="0.038" />
  <testcase classname="ptolemy.util.test.junit.AutoTests" name="[19] /home/travis/build/icyphy/ptII/ptolemy/domains/pn/test/auto/WidthInferenceTest1.xml (RunModel)" time="0.055" />
  <testcase classname="ptolemy.util.test.junit.AutoTests" name="[20] /home/travis/build/icyphy/ptII/ptolemy/domains/pn/test/auto/WidthInferenceTest2.xml (RunModel)" time="0.036" />
  <testcase classname="ptolemy.util.test.junit.AutoTests" name="[21] /home/travis/build/icyphy/ptII/ptolemy/domains/pn/test/auto/WidthInferenceTest3.xml (RunModel)" time="0.069" />
  <testcase classname="ptolemy.util.test.junit.AutoTests" name="[22] /home/travis/build/icyphy/ptII/ptolemy/domains/pn/test/auto/WidthInferenceTest4.xml (RunModel)" time="0.074" />
  <testcase classname="ptolemy.util.test.junit.AutoTests" name="[23] /home/travis/build/icyphy/ptII/ptolemy/domains/pn/test/auto/WidthInferenceTest5.xml (RunModel)" time="0.061" />
  <testcase classname="ptolemy.util.test.junit.AutoTests" name="[24] /home/travis/build/icyphy/ptII/ptolemy/domains/pn/test/auto/controlled_kahnnet.xml (RunModel)" time="0.03" />
  <testcase classname="ptolemy.util.test.junit.AutoTests" name="[25] /home/travis/build/icyphy/ptII/ptolemy/domains/pn/test/auto/demandDriven.xml (RunModel)" time="0.021" />
  <testcase classname="ptolemy.util.test.junit.AutoTests" name="[26] /home/travis/build/icyphy/ptII/ptolemy/domains/pn/test/auto/feedback.xml (RunModel)" time="0.023" />
  <testcase classname="ptolemy.util.test.junit.AutoTests" name="[27] /home/travis/build/icyphy/ptII/ptolemy/domains/pn/test/auto/helloWorld.xml (RunModel)" time="0.02" />
  <testcase classname="ptolemy.util.test.junit.AutoTests" name="[28] /home/travis/build/icyphy/ptII/ptolemy/domains/pn/test/auto/helloWorld2.xml (RunModel)" time="0.025" />
  <testcase classname="ptolemy.util.test.junit.AutoTests" name="[29] /home/travis/build/icyphy/ptII/ptolemy/domains/pn/test/auto/noOutput.xml (RunModel)" time="0.048" />
  <testcase classname="ptolemy.util.test.junit.AutoTests" name="[30] /home/travis/build/icyphy/ptII/ptolemy/domains/pn/test/auto/relationGroup.xml (RunModel)" time="0.019" />
  <testcase classname="ptolemy.util.test.junit.AutoTests" name="[31] /home/travis/build/icyphy/ptII/ptolemy/domains/pn/test/auto/relationGroup2.xml (RunModel)" time="0.015" />
  <testcase classname="ptolemy.util.test.junit.AutoTests" name="[32] /home/travis/build/icyphy/ptII/ptolemy/domains/pn/test/auto/relationGroup3.xml (RunModel)" time="0.019" />
  <testcase classname="ptolemy.util.test.junit.AutoTests" name="[33] /home/travis/build/icyphy/ptII/ptolemy/domains/pn/test/auto/relationGroup4.xml (RunModel)" time="0.021" />
  <testcase classname="ptolemy.util.test.junit.AutoTests" name="[34] /home/travis/build/icyphy/ptII/ptolemy/domains/pn/test/auto/relationGroup5.xml (RunModel)" time="0.034" />
  <testcase classname="ptolemy.util.test.junit.AutoTests" name="[35] /home/travis/build/icyphy/ptII/ptolemy/domains/pn/test/auto/relationGroup6.xml (RunModel)" time="0.024" />
  <testcase classname="ptolemy.util.test.junit.AutoTests" name="[36] /home/travis/build/icyphy/ptII/ptolemy/domains/pn/test/auto/relationGroup7.xml (RunModel)" time="0.019" />
  <testcase classname="ptolemy.util.test.junit.AutoTests" name="[37] /home/travis/build/icyphy/ptII/ptolemy/domains/pn/test/auto/relationGroup8.xml (RunModel)" time="0.021" />
  <testcase classname="ptolemy.util.test.junit.AutoTests" name="[38] /home/travis/build/icyphy/ptII/ptolemy/domains/pn/test/auto/widthTest.xml (RunModel)" time="0.041" />
  <system-out><![CDATA[/home/travis/build/icyphy/ptII/ptolemy/domains/pn/test/PNDirector.tcl
testDefs.tcl: setting time out to 9000 seconds at Mon Sep 02 05:36:45 UTC 2019
136 ms. Memory: 120832K Free: 89542K (74%)
89 ms. Memory: 120832K Free: 81864K (68%)
/home/travis/build/icyphy/ptII/ptolemy/domains/pn/test/TimedPNDirector.tcl


==== $PTII/ptolemy/domains/pn/test/TimedPNDirector.tcl: TimedPNDirector-6.1 Test an application
==== Contents of test case:


    set e0 [java::new ptolemy.actor.TypedCompositeActor]
    set manager [java::new ptolemy.actor.Manager]
    set director [java::new ptolemy.domains.pn.kernel.TimedPNDirector]
    $e0 setDirector $director
    $e0 setName top
    $e0 setManager $manager

    # FIXME: why doesn't the getParameter option work.
    set ramp [java::new ptolemy.actor.lib.Ramp $e0 ramp]
    set param [java::cast ptolemy.data.expr.Parameter  [$ramp getAttribute  firingCountLimit]]
    $param setExpression 20

    set rec [java::new ptolemy.actor.lib.Recorder $e0 rec]
    $e0 connect  [java::field [java::cast ptolemy.actor.lib.Source $ramp] output]  [java::field [java::cast ptolemy.actor.lib.Sink $rec] input]

    error "Running this test sometimes causes an endless loop" 

#    [$e0 getManager] execute
#    enumToTokenValues [$rec getRecord 0]


.... Test generated KNOWN error:
Running this test sometimes causes an endless loop
    while executing
"error "Running this test sometimes causes an endless loop" "
    ("uplevel" body line 18)
    invoked from within
"uplevel $contents_of_test"
09/02/19 05:36:46
Failed: 0  Total Tests: 3  ((Passed: 2, Newly Passed: 0)  Known Failed: 1) /home/travis/build/icyphy/ptII/ptolemy/domains/pn/test
No auto/knownFailedTests/*.xml tests in /home/travis/build/icyphy/ptII/ptolemy/domains/pn/test
No auto/linux-amd64/*.xml tests in /home/travis/build/icyphy/ptII/ptolemy/domains/pn/test
AutoTests.java: About to close Vertx.
AutoTests.java: Vertx closed.

===========================================================================================
----------------- testing Mon Sep 02 05:36:46 UTC 2019 /home/travis/build/icyphy/ptII/ptolemy/domains/pn/test/auto/Branching-switch-PN-ptolemy-2.xml
----------------- Instantiating /home/travis/build/icyphy/ptII/ptolemy/domains/pn/test/auto/Branching-switch-PN-ptolemy-2.xml
99 ms. Memory: 120832K Free: 106068K (88%)
----------------- Invoking toplevel() on ptolemy.moml.MoMLSimpleApplication@30bbff0a
----------------- Done invoking toplevel() on ptolemy.moml.MoMLSimpleApplication@30bbff0a
reloadAllAccessors: .Branching-switch-PN-ptolemy-2

===========================================================================================
----------------- testing Mon Sep 02 05:36:46 UTC 2019 /home/travis/build/icyphy/ptII/ptolemy/domains/pn/test/auto/Branching-switch-PN-ptolemy.xml
----------------- Instantiating /home/travis/build/icyphy/ptII/ptolemy/domains/pn/test/auto/Branching-switch-PN-ptolemy.xml
59 ms. Memory: 120832K Free: 98690K (82%)
----------------- Invoking toplevel() on ptolemy.moml.MoMLSimpleApplication@6469fd23
----------------- Done invoking toplevel() on ptolemy.moml.MoMLSimpleApplication@6469fd23
reloadAllAccessors: .Branching-switch-PN-ptolemy

===========================================================================================
----------------- testing Mon Sep 02 05:36:47 UTC 2019 /home/travis/build/icyphy/ptII/ptolemy/domains/pn/test/auto/BrockAckermanTest.xml
----------------- Instantiating /home/travis/build/icyphy/ptII/ptolemy/domains/pn/test/auto/BrockAckermanTest.xml
319 ms. Memory: 120832K Free: 85490K (71%)
----------------- Invoking toplevel() on ptolemy.moml.MoMLSimpleApplication@5d7cfbdf
----------------- Done invoking toplevel() on ptolemy.moml.MoMLSimpleApplication@5d7cfbdf
reloadAllAccessors: .BrockAckermanTest

===========================================================================================
----------------- testing Mon Sep 02 05:36:47 UTC 2019 /home/travis/build/icyphy/ptII/ptolemy/domains/pn/test/auto/CounterMachine.xml
----------------- Instantiating /home/travis/build/icyphy/ptII/ptolemy/domains/pn/test/auto/CounterMachine.xml
1134 ms. Memory: 159744K Free: 108705K (68%)
----------------- Invoking toplevel() on ptolemy.moml.MoMLSimpleApplication@6bffd9d4
----------------- Done invoking toplevel() on ptolemy.moml.MoMLSimpleApplication@6bffd9d4
reloadAllAccessors: .CounterMachine

===========================================================================================
----------------- testing Mon Sep 02 05:36:49 UTC 2019 /home/travis/build/icyphy/ptII/ptolemy/domains/pn/test/auto/CounterMachine1.xml
----------------- Instantiating /home/travis/build/icyphy/ptII/ptolemy/domains/pn/test/auto/CounterMachine1.xml
1052 ms. Memory: 159744K Free: 63889K (40%)
----------------- Invoking toplevel() on ptolemy.moml.MoMLSimpleApplication@2c9ef182
----------------- Done invoking toplevel() on ptolemy.moml.MoMLSimpleApplication@2c9ef182
reloadAllAccessors: .CounterMachine1

===========================================================================================
----------------- testing Mon Sep 02 05:36:50 UTC 2019 /home/travis/build/icyphy/ptII/ptolemy/domains/pn/test/auto/CounterMachineWithException.xml
----------------- Instantiating /home/travis/build/icyphy/ptII/ptolemy/domains/pn/test/auto/CounterMachineWithException.xml
442 ms. Memory: 159744K Free: 122523K (77%)
----------------- Invoking toplevel() on ptolemy.moml.MoMLSimpleApplication@683ed726
----------------- Done invoking toplevel() on ptolemy.moml.MoMLSimpleApplication@683ed726
reloadAllAccessors: .CounterMachineWithException

===========================================================================================
----------------- testing Mon Sep 02 05:36:51 UTC 2019 /home/travis/build/icyphy/ptII/ptolemy/domains/pn/test/auto/FinalState.xml
----------------- Instantiating /home/travis/build/icyphy/ptII/ptolemy/domains/pn/test/auto/FinalState.xml
22 ms. Memory: 159744K Free: 115663K (72%)
----------------- Invoking toplevel() on ptolemy.moml.MoMLSimpleApplication@5deaeb8b
----------------- Done invoking toplevel() on ptolemy.moml.MoMLSimpleApplication@5deaeb8b
reloadAllAccessors: .FinalState

===========================================================================================
----------------- testing Mon Sep 02 05:36:51 UTC 2019 /home/travis/build/icyphy/ptII/ptolemy/domains/pn/test/auto/FourExpressions.xml
----------------- Instantiating /home/travis/build/icyphy/ptII/ptolemy/domains/pn/test/auto/FourExpressions.xml
24 ms. Memory: 159744K Free: 109112K (68%)
----------------- Invoking toplevel() on ptolemy.moml.MoMLSimpleApplication@d51861f
----------------- Done invoking toplevel() on ptolemy.moml.MoMLSimpleApplication@d51861f
reloadAllAccessors: .FourExpressions

===========================================================================================
----------------- testing Mon Sep 02 05:36:51 UTC 2019 /home/travis/build/icyphy/ptII/ptolemy/domains/pn/test/auto/Identity.xml
----------------- Instantiating /home/travis/build/icyphy/ptII/ptolemy/domains/pn/test/auto/Identity.xml
22 ms. Memory: 159744K Free: 104092K (65%)
----------------- Invoking toplevel() on ptolemy.moml.MoMLSimpleApplication@c6b8b26
----------------- Done invoking toplevel() on ptolemy.moml.MoMLSimpleApplication@c6b8b26
reloadAllAccessors: .Identity

===========================================================================================
----------------- testing Mon Sep 02 05:36:51 UTC 2019 /home/travis/build/icyphy/ptII/ptolemy/domains/pn/test/auto/IdentityWithFeedback.xml
----------------- Instantiating /home/travis/build/icyphy/ptII/ptolemy/domains/pn/test/auto/IdentityWithFeedback.xml
14 ms. Memory: 159744K Free: 100150K (63%)
----------------- Invoking toplevel() on ptolemy.moml.MoMLSimpleApplication@301b8a80
----------------- Done invoking toplevel() on ptolemy.moml.MoMLSimpleApplication@301b8a80
reloadAllAccessors: .IdentityWithFeedback

===========================================================================================
----------------- testing Mon Sep 02 05:36:51 UTC 2019 /home/travis/build/icyphy/ptII/ptolemy/domains/pn/test/auto/NondeterministicMergeTest.xml
----------------- Instantiating /home/travis/build/icyphy/ptII/ptolemy/domains/pn/test/auto/NondeterministicMergeTest.xml
23 ms. Memory: 159744K Free: 94776K (59%)
----------------- Invoking toplevel() on ptolemy.moml.MoMLSimpleApplication@298f5be3
----------------- Done invoking toplevel() on ptolemy.moml.MoMLSimpleApplication@298f5be3
reloadAllAccessors: .NondeterministicMergeTest

===========================================================================================
----------------- testing Mon Sep 02 05:36:52 UTC 2019 /home/travis/build/icyphy/ptII/ptolemy/domains/pn/test/auto/OrderedMerge.xml
----------------- Instantiating /home/travis/build/icyphy/ptII/ptolemy/domains/pn/test/auto/OrderedMerge.xml
173 ms. Memory: 159744K Free: 85660K (54%)
----------------- Invoking toplevel() on ptolemy.moml.MoMLSimpleApplication@4d939991
----------------- Done invoking toplevel() on ptolemy.moml.MoMLSimpleApplication@4d939991
reloadAllAccessors: .OrderedMerge

===========================================================================================
----------------- testing Mon Sep 02 05:36:52 UTC 2019 /home/travis/build/icyphy/ptII/ptolemy/domains/pn/test/auto/PNAbstractReceiverTest.xml
----------------- Instantiating /home/travis/build/icyphy/ptII/ptolemy/domains/pn/test/auto/PNAbstractReceiverTest.xml
8 ms. Memory: 159744K Free: 82486K (52%)
----------------- Invoking toplevel() on ptolemy.moml.MoMLSimpleApplication@6fed88d7
----------------- Done invoking toplevel() on ptolemy.moml.MoMLSimpleApplication@6fed88d7
reloadAllAccessors: .PNAbstractReceiverTest

===========================================================================================
----------------- testing Mon Sep 02 05:36:52 UTC 2019 /home/travis/build/icyphy/ptII/ptolemy/domains/pn/test/auto/QR.xml
----------------- Instantiating /home/travis/build/icyphy/ptII/ptolemy/domains/pn/test/auto/QR.xml
26 ms. Memory: 159744K Free: 73525K (46%)
----------------- Invoking toplevel() on ptolemy.moml.MoMLSimpleApplication@6e934d04
----------------- Done invoking toplevel() on ptolemy.moml.MoMLSimpleApplication@6e934d04
reloadAllAccessors: .QR

===========================================================================================
----------------- testing Mon Sep 02 05:36:52 UTC 2019 /home/travis/build/icyphy/ptII/ptolemy/domains/pn/test/auto/RemoveNilTokens.xml
----------------- Instantiating /home/travis/build/icyphy/ptII/ptolemy/domains/pn/test/auto/RemoveNilTokens.xml
29 ms. Memory: 159744K Free: 65487K (41%)
----------------- Invoking toplevel() on ptolemy.moml.MoMLSimpleApplication@21f932a2
----------------- Done invoking toplevel() on ptolemy.moml.MoMLSimpleApplication@21f932a2
reloadAllAccessors: .RemoveNilTokens

===========================================================================================
----------------- testing Mon Sep 02 05:36:52 UTC 2019 /home/travis/build/icyphy/ptII/ptolemy/domains/pn/test/auto/Stack.xml
----------------- Instantiating /home/travis/build/icyphy/ptII/ptolemy/domains/pn/test/auto/Stack.xml
82 ms. Memory: 192512K Free: 168409K (87%)
----------------- Invoking toplevel() on ptolemy.moml.MoMLSimpleApplication@7030d344
----------------- Done invoking toplevel() on ptolemy.moml.MoMLSimpleApplication@7030d344
reloadAllAccessors: .Stack

===========================================================================================
----------------- testing Mon Sep 02 05:36:52 UTC 2019 /home/travis/build/icyphy/ptII/ptolemy/domains/pn/test/auto/TestRemoveNilTokens.xml
----------------- Instantiating /home/travis/build/icyphy/ptII/ptolemy/domains/pn/test/auto/TestRemoveNilTokens.xml
17 ms. Memory: 192512K Free: 161493K (84%)
----------------- Invoking toplevel() on ptolemy.moml.MoMLSimpleApplication@bd90af9
----------------- Done invoking toplevel() on ptolemy.moml.MoMLSimpleApplication@bd90af9
reloadAllAccessors: .TestRemoveNilTokens

===========================================================================================
----------------- testing Mon Sep 02 05:36:52 UTC 2019 /home/travis/build/icyphy/ptII/ptolemy/domains/pn/test/auto/TestSeq2Array.xml
----------------- Instantiating /home/travis/build/icyphy/ptII/ptolemy/domains/pn/test/auto/TestSeq2Array.xml
25 ms. Memory: 192512K Free: 156121K (81%)
----------------- Invoking toplevel() on ptolemy.moml.MoMLSimpleApplication@405226d9
----------------- Done invoking toplevel() on ptolemy.moml.MoMLSimpleApplication@405226d9
reloadAllAccessors: .TestSeq2Array

===========================================================================================
----------------- testing Mon Sep 02 05:36:52 UTC 2019 /home/travis/build/icyphy/ptII/ptolemy/domains/pn/test/auto/TrivialIdentity.xml
----------------- Instantiating /home/travis/build/icyphy/ptII/ptolemy/domains/pn/test/auto/TrivialIdentity.xml
12 ms. Memory: 192512K Free: 151524K (79%)
----------------- Invoking toplevel() on ptolemy.moml.MoMLSimpleApplication@4397d645
----------------- Done invoking toplevel() on ptolemy.moml.MoMLSimpleApplication@4397d645
reloadAllAccessors: .TrivialIdentity

===========================================================================================
----------------- testing Mon Sep 02 05:36:52 UTC 2019 /home/travis/build/icyphy/ptII/ptolemy/domains/pn/test/auto/WidthInferenceTest1.xml
----------------- Instantiating /home/travis/build/icyphy/ptII/ptolemy/domains/pn/test/auto/WidthInferenceTest1.xml
14 ms. Memory: 192512K Free: 145342K (75%)
----------------- Invoking toplevel() on ptolemy.moml.MoMLSimpleApplication@57c5183f
----------------- Done invoking toplevel() on ptolemy.moml.MoMLSimpleApplication@57c5183f
reloadAllAccessors: .1

===========================================================================================
----------------- testing Mon Sep 02 05:36:52 UTC 2019 /home/travis/build/icyphy/ptII/ptolemy/domains/pn/test/auto/WidthInferenceTest2.xml
----------------- Instantiating /home/travis/build/icyphy/ptII/ptolemy/domains/pn/test/auto/WidthInferenceTest2.xml
13 ms. Memory: 192512K Free: 139487K (72%)
----------------- Invoking toplevel() on ptolemy.moml.MoMLSimpleApplication@1668fa27
----------------- Done invoking toplevel() on ptolemy.moml.MoMLSimpleApplication@1668fa27
reloadAllAccessors: .2

===========================================================================================
----------------- testing Mon Sep 02 05:36:52 UTC 2019 /home/travis/build/icyphy/ptII/ptolemy/domains/pn/test/auto/WidthInferenceTest3.xml
----------------- Instantiating /home/travis/build/icyphy/ptII/ptolemy/domains/pn/test/auto/WidthInferenceTest3.xml
23 ms. Memory: 192512K Free: 124629K (65%)
----------------- Invoking toplevel() on ptolemy.moml.MoMLSimpleApplication@61ace54d
----------------- Done invoking toplevel() on ptolemy.moml.MoMLSimpleApplication@61ace54d
reloadAllAccessors: .3

===========================================================================================
----------------- testing Mon Sep 02 05:36:52 UTC 2019 /home/travis/build/icyphy/ptII/ptolemy/domains/pn/test/auto/WidthInferenceTest4.xml
----------------- Instantiating /home/travis/build/icyphy/ptII/ptolemy/domains/pn/test/auto/WidthInferenceTest4.xml
29 ms. Memory: 192512K Free: 111588K (58%)
----------------- Invoking toplevel() on ptolemy.moml.MoMLSimpleApplication@108ed5e5
----------------- Done invoking toplevel() on ptolemy.moml.MoMLSimpleApplication@108ed5e5
reloadAllAccessors: .WidthInferenceTest4

===========================================================================================
----------------- testing Mon Sep 02 05:36:53 UTC 2019 /home/travis/build/icyphy/ptII/ptolemy/domains/pn/test/auto/WidthInferenceTest5.xml
----------------- Instantiating /home/travis/build/icyphy/ptII/ptolemy/domains/pn/test/auto/WidthInferenceTest5.xml
27 ms. Memory: 192512K Free: 98276K (51%)
----------------- Invoking toplevel() on ptolemy.moml.MoMLSimpleApplication@5d52cae1
----------------- Done invoking toplevel() on ptolemy.moml.MoMLSimpleApplication@5d52cae1
reloadAllAccessors: .WidthInferenceTest5

===========================================================================================
----------------- testing Mon Sep 02 05:36:53 UTC 2019 /home/travis/build/icyphy/ptII/ptolemy/domains/pn/test/auto/controlled_kahnnet.xml
----------------- Instantiating /home/travis/build/icyphy/ptII/ptolemy/domains/pn/test/auto/controlled_kahnnet.xml
11 ms. Memory: 192512K Free: 93657K (49%)
----------------- Invoking toplevel() on ptolemy.moml.MoMLSimpleApplication@12648daf
----------------- Done invoking toplevel() on ptolemy.moml.MoMLSimpleApplication@12648daf
reloadAllAccessors: .controlled_kahnnet

===========================================================================================
----------------- testing Mon Sep 02 05:36:53 UTC 2019 /home/travis/build/icyphy/ptII/ptolemy/domains/pn/test/auto/demandDriven.xml
----------------- Instantiating /home/travis/build/icyphy/ptII/ptolemy/domains/pn/test/auto/demandDriven.xml
12 ms. Memory: 192512K Free: 89813K (47%)
----------------- Invoking toplevel() on ptolemy.moml.MoMLSimpleApplication@6afafffa
----------------- Done invoking toplevel() on ptolemy.moml.MoMLSimpleApplication@6afafffa
reloadAllAccessors: .demandDriven

===========================================================================================
----------------- testing Mon Sep 02 05:36:53 UTC 2019 /home/travis/build/icyphy/ptII/ptolemy/domains/pn/test/auto/feedback.xml
----------------- Instantiating /home/travis/build/icyphy/ptII/ptolemy/domains/pn/test/auto/feedback.xml
7 ms. Memory: 192512K Free: 86239K (45%)
----------------- Invoking toplevel() on ptolemy.moml.MoMLSimpleApplication@587d499e
----------------- Done invoking toplevel() on ptolemy.moml.MoMLSimpleApplication@587d499e
reloadAllAccessors: .feedback

===========================================================================================
----------------- testing Mon Sep 02 05:36:53 UTC 2019 /home/travis/build/icyphy/ptII/ptolemy/domains/pn/test/auto/helloWorld.xml
----------------- Instantiating /home/travis/build/icyphy/ptII/ptolemy/domains/pn/test/auto/helloWorld.xml
9 ms. Memory: 192512K Free: 83940K (44%)
----------------- Invoking toplevel() on ptolemy.moml.MoMLSimpleApplication@5aee29c2
----------------- Done invoking toplevel() on ptolemy.moml.MoMLSimpleApplication@5aee29c2
reloadAllAccessors: .helloWorld

===========================================================================================
----------------- testing Mon Sep 02 05:36:53 UTC 2019 /home/travis/build/icyphy/ptII/ptolemy/domains/pn/test/auto/helloWorld2.xml
----------------- Instantiating /home/travis/build/icyphy/ptII/ptolemy/domains/pn/test/auto/helloWorld2.xml
11 ms. Memory: 192512K Free: 79594K (41%)
----------------- Invoking toplevel() on ptolemy.moml.MoMLSimpleApplication@1f101177
----------------- Done invoking toplevel() on ptolemy.moml.MoMLSimpleApplication@1f101177
reloadAllAccessors: .helloWorld2

===========================================================================================
----------------- testing Mon Sep 02 05:36:53 UTC 2019 /home/travis/build/icyphy/ptII/ptolemy/domains/pn/test/auto/noOutput.xml
----------------- Instantiating /home/travis/build/icyphy/ptII/ptolemy/domains/pn/test/auto/noOutput.xml
31 ms. Memory: 192512K Free: 75225K (39%)
----------------- Invoking toplevel() on ptolemy.moml.MoMLSimpleApplication@50b88a5f
----------------- Done invoking toplevel() on ptolemy.moml.MoMLSimpleApplication@50b88a5f
reloadAllAccessors: .noOutput

===========================================================================================
----------------- testing Mon Sep 02 05:36:53 UTC 2019 /home/travis/build/icyphy/ptII/ptolemy/domains/pn/test/auto/relationGroup.xml
----------------- Instantiating /home/travis/build/icyphy/ptII/ptolemy/domains/pn/test/auto/relationGroup.xml
7 ms. Memory: 192512K Free: 72426K (38%)
----------------- Invoking toplevel() on ptolemy.moml.MoMLSimpleApplication@3fee81b0
----------------- Done invoking toplevel() on ptolemy.moml.MoMLSimpleApplication@3fee81b0
reloadAllAccessors: .relationGroup

===========================================================================================
----------------- testing Mon Sep 02 05:36:53 UTC 2019 /home/travis/build/icyphy/ptII/ptolemy/domains/pn/test/auto/relationGroup2.xml
----------------- Instantiating /home/travis/build/icyphy/ptII/ptolemy/domains/pn/test/auto/relationGroup2.xml
3 ms. Memory: 192512K Free: 70357K (37%)
----------------- Invoking toplevel() on ptolemy.moml.MoMLSimpleApplication@2407141f
----------------- Done invoking toplevel() on ptolemy.moml.MoMLSimpleApplication@2407141f
reloadAllAccessors: .relationGroup2

===========================================================================================
----------------- testing Mon Sep 02 05:36:53 UTC 2019 /home/travis/build/icyphy/ptII/ptolemy/domains/pn/test/auto/relationGroup3.xml
----------------- Instantiating /home/travis/build/icyphy/ptII/ptolemy/domains/pn/test/auto/relationGroup3.xml
6 ms. Memory: 192512K Free: 67769K (35%)
----------------- Invoking toplevel() on ptolemy.moml.MoMLSimpleApplication@113fc27e
----------------- Done invoking toplevel() on ptolemy.moml.MoMLSimpleApplication@113fc27e
reloadAllAccessors: .relationGroup3

===========================================================================================
----------------- testing Mon Sep 02 05:36:53 UTC 2019 /home/travis/build/icyphy/ptII/ptolemy/domains/pn/test/auto/relationGroup4.xml
----------------- Instantiating /home/travis/build/icyphy/ptII/ptolemy/domains/pn/test/auto/relationGroup4.xml
13 ms. Memory: 192512K Free: 178587K (93%)
----------------- Invoking toplevel() on ptolemy.moml.MoMLSimpleApplication@2138ee5c
----------------- Done invoking toplevel() on ptolemy.moml.MoMLSimpleApplication@2138ee5c
reloadAllAccessors: .relationGroup4

===========================================================================================
----------------- testing Mon Sep 02 05:36:53 UTC 2019 /home/travis/build/icyphy/ptII/ptolemy/domains/pn/test/auto/relationGroup5.xml
----------------- Instantiating /home/travis/build/icyphy/ptII/ptolemy/domains/pn/test/auto/relationGroup5.xml
7 ms. Memory: 192512K Free: 176143K (91%)
----------------- Invoking toplevel() on ptolemy.moml.MoMLSimpleApplication@7e22c29d
----------------- Done invoking toplevel() on ptolemy.moml.MoMLSimpleApplication@7e22c29d
reloadAllAccessors: .relationGroup5

===========================================================================================
----------------- testing Mon Sep 02 05:36:53 UTC 2019 /home/travis/build/icyphy/ptII/ptolemy/domains/pn/test/auto/relationGroup6.xml
----------------- Instantiating /home/travis/build/icyphy/ptII/ptolemy/domains/pn/test/auto/relationGroup6.xml
10 ms. Memory: 192512K Free: 172709K (90%)
----------------- Invoking toplevel() on ptolemy.moml.MoMLSimpleApplication@77017ee6
----------------- Done invoking toplevel() on ptolemy.moml.MoMLSimpleApplication@77017ee6
reloadAllAccessors: .relationGroup6

===========================================================================================
----------------- testing Mon Sep 02 05:36:53 UTC 2019 /home/travis/build/icyphy/ptII/ptolemy/domains/pn/test/auto/relationGroup7.xml
----------------- Instantiating /home/travis/build/icyphy/ptII/ptolemy/domains/pn/test/auto/relationGroup7.xml
7 ms. Memory: 192512K Free: 169675K (88%)
----------------- Invoking toplevel() on ptolemy.moml.MoMLSimpleApplication@2874c08c
----------------- Done invoking toplevel() on ptolemy.moml.MoMLSimpleApplication@2874c08c
reloadAllAccessors: .relationGroup7

===========================================================================================
----------------- testing Mon Sep 02 05:36:53 UTC 2019 /home/travis/build/icyphy/ptII/ptolemy/domains/pn/test/auto/relationGroup8.xml
----------------- Instantiating /home/travis/build/icyphy/ptII/ptolemy/domains/pn/test/auto/relationGroup8.xml
9 ms. Memory: 192512K Free: 166603K (87%)
----------------- Invoking toplevel() on ptolemy.moml.MoMLSimpleApplication@db31f1c
----------------- Done invoking toplevel() on ptolemy.moml.MoMLSimpleApplication@db31f1c
reloadAllAccessors: .relationGroup8

===========================================================================================
----------------- testing Mon Sep 02 05:36:53 UTC 2019 /home/travis/build/icyphy/ptII/ptolemy/domains/pn/test/auto/widthTest.xml
----------------- Instantiating /home/travis/build/icyphy/ptII/ptolemy/domains/pn/test/auto/widthTest.xml
13 ms. Memory: 192512K Free: 162871K (85%)
----------------- Invoking toplevel() on ptolemy.moml.MoMLSimpleApplication@2b278c91
----------------- Done invoking toplevel() on ptolemy.moml.MoMLSimpleApplication@2b278c91
reloadAllAccessors: .widthTest
AutoTests.java: About to close Vertx.
AutoTests.java: Vertx closed.
]]></system-out>
  <system-err><![CDATA[java.lang.RuntimeException: Execution failed
	at ptolemy.moml.MoMLSimpleApplication$UnloadThread.run(MoMLSimpleApplication.java:402)
Caused by: ptolemy.kernel.util.IllegalActionException: At the current time, process-oriented domains (PN and CSP) cannot be nested inside firing-based domains (SDF, DE, CT, etc.).
  in .PNInsideDE.CompositeActor.port
Because:
class ptolemy.domains.de.kernel.DEReceiver cannot be cast to class ptolemy.actor.process.ProcessReceiver (ptolemy.domains.de.kernel.DEReceiver and ptolemy.actor.process.ProcessReceiver are in unnamed module of loader 'app')
	at ptolemy.actor.process.BranchController.addBranches(BranchController.java:182)
	at ptolemy.actor.process.CompositeProcessDirector.createBranchController(CompositeProcessDirector.java:221)
	at ptolemy.actor.process.CompositeProcessDirector.initialize(CompositeProcessDirector.java:289)
	at ptolemy.domains.pn.kernel.PNDirector.initialize(PNDirector.java:241)
	at ptolemy.actor.CompositeActor.initialize(CompositeActor.java:935)
	at ptolemy.actor.Director.initialize(Director.java:938)
	at ptolemy.actor.Director.initialize(Director.java:907)
	at ptolemy.domains.de.kernel.DEDirector.initialize(DEDirector.java:944)
	at ptolemy.actor.CompositeActor.initialize(CompositeActor.java:935)
	at ptolemy.actor.Manager.initialize(Manager.java:724)
	at ptolemy.actor.Manager.execute(Manager.java:356)
	at ptolemy.actor.Manager.run(Manager.java:1263)
	at ptolemy.actor.Manager$PtolemyRunThread.run(Manager.java:1933)
Caused by: java.lang.ClassCastException: class ptolemy.domains.de.kernel.DEReceiver cannot be cast to class ptolemy.actor.process.ProcessReceiver (ptolemy.domains.de.kernel.DEReceiver and ptolemy.actor.process.ProcessReceiver are in unnamed module of loader 'app')
	at ptolemy.actor.process.BranchController.addBranches(BranchController.java:178)
	... 12 more
Warning: '.RemoveNilTokens.Test2' The test produced only 7 tokens, yet the correctValues parameter was expecting 8 tokens.
Warning: '.RemoveNilTokens.Test' The test produced only 8 tokens, yet the correctValues parameter was expecting 13 tokens.
]]></system-err>
</testsuite>
