<?xml version="1.0" encoding="UTF-8" ?>
<testsuite errors="0" failures="0" hostname="travis-job-5e8dcbf4-6593-4da2-9a14-344529847ae0" name="ptolemy.domains.continuous.test.junit.JUnitTclTest" skipped="0" tests="155" time="70.505" timestamp="2018-06-19T00:57:31">
  <properties>
[...]
</properties>
  <testcase classname="ptolemy.util.test.junit.TclTests" name="[0] ThereAreNoTclTests (RunTclFile)" time="0.001" />
  <testcase classname="ptolemy.util.test.junit.AutoKnownFailedTests" name="[0] ThereAreNoKnowFailedTests (RunModel)" time="0.001" />
  <testcase classname="ptolemy.util.test.junit.AutoNameArchTests" name="[0] ThereAreNoAutoArchTests (RunModel)" time="0.001" />
  <testcase classname="ptolemy.util.test.junit.AutoTests" name="[0] /home/travis/build/icyphy/ptII/ptolemy/domains/continuous/test/auto/BouncingBall.xml (RunModel)" time="2.76" />
  <testcase classname="ptolemy.util.test.junit.AutoTests" name="[1] /home/travis/build/icyphy/ptII/ptolemy/domains/continuous/test/auto/BouncingBallWithoutGR.xml (RunModel)" time="0.759" />
  <testcase classname="ptolemy.util.test.junit.AutoTests" name="[2] /home/travis/build/icyphy/ptII/ptolemy/domains/continuous/test/auto/Brownian.xml (RunModel)" time="0.131" />
  <testcase classname="ptolemy.util.test.junit.AutoTests" name="[3] /home/travis/build/icyphy/ptII/ptolemy/domains/continuous/test/auto/CarTracking.xml (RunModel)" time="3.7" />
  <testcase classname="ptolemy.util.test.junit.AutoTests" name="[4] /home/travis/build/icyphy/ptII/ptolemy/domains/continuous/test/auto/CartPendulum.xml (RunModel)" time="0.544" />
  <testcase classname="ptolemy.util.test.junit.AutoTests" name="[5] /home/travis/build/icyphy/ptII/ptolemy/domains/continuous/test/auto/CausalityInterface10.xml (RunModel)" time="0.051" />
  <testcase classname="ptolemy.util.test.junit.AutoTests" name="[6] /home/travis/build/icyphy/ptII/ptolemy/domains/continuous/test/auto/CausalityInterface11.xml (RunModel)" time="0.039" />
  <testcase classname="ptolemy.util.test.junit.AutoTests" name="[7] /home/travis/build/icyphy/ptII/ptolemy/domains/continuous/test/auto/CausalityInterface12.xml (RunModel)" time="0.036" />
  <testcase classname="ptolemy.util.test.junit.AutoTests" name="[8] /home/travis/build/icyphy/ptII/ptolemy/domains/continuous/test/auto/CausalityInterface13.xml (RunModel)" time="0.035" />
  <testcase classname="ptolemy.util.test.junit.AutoTests" name="[9] /home/travis/build/icyphy/ptII/ptolemy/domains/continuous/test/auto/CausalityInterface14.xml (RunModel)" time="0.036" />
  <testcase classname="ptolemy.util.test.junit.AutoTests" name="[10] /home/travis/build/icyphy/ptII/ptolemy/domains/continuous/test/auto/CausalityInterface4.xml (RunModel)" time="0.036" />
  <testcase classname="ptolemy.util.test.junit.AutoTests" name="[11] /home/travis/build/icyphy/ptII/ptolemy/domains/continuous/test/auto/CausalityInterface5.xml (RunModel)" time="0.035" />
  <testcase classname="ptolemy.util.test.junit.AutoTests" name="[12] /home/travis/build/icyphy/ptII/ptolemy/domains/continuous/test/auto/CausalityInterface6.xml (RunModel)" time="0.021" />
  <testcase classname="ptolemy.util.test.junit.AutoTests" name="[13] /home/travis/build/icyphy/ptII/ptolemy/domains/continuous/test/auto/CausalityInterface7.xml (RunModel)" time="0.051" />
  <testcase classname="ptolemy.util.test.junit.AutoTests" name="[14] /home/travis/build/icyphy/ptII/ptolemy/domains/continuous/test/auto/CausalityInterface8.xml (RunModel)" time="0.036" />
  <testcase classname="ptolemy.util.test.junit.AutoTests" name="[15] /home/travis/build/icyphy/ptII/ptolemy/domains/continuous/test/auto/CausalityInterface9.xml (RunModel)" time="0.037" />
  <testcase classname="ptolemy.util.test.junit.AutoTests" name="[16] /home/travis/build/icyphy/ptII/ptolemy/domains/continuous/test/auto/CausalityInterfaceFeedback1.xml (RunModel)" time="0.027" />
  <testcase classname="ptolemy.util.test.junit.AutoTests" name="[17] /home/travis/build/icyphy/ptII/ptolemy/domains/continuous/test/auto/CausalityInterfaceFeedback2.xml (RunModel)" time="0.04" />
  <testcase classname="ptolemy.util.test.junit.AutoTests" name="[18] /home/travis/build/icyphy/ptII/ptolemy/domains/continuous/test/auto/CompareWithCurrentTime.xml (RunModel)" time="0.029" />
  <testcase classname="ptolemy.util.test.junit.AutoTests" name="[19] /home/travis/build/icyphy/ptII/ptolemy/domains/continuous/test/auto/ComparedClocks.xml (RunModel)" time="0.075" />
  <testcase classname="ptolemy.util.test.junit.AutoTests" name="[20] /home/travis/build/icyphy/ptII/ptolemy/domains/continuous/test/auto/ContinuousAOCClone.xml (RunModel)" time="2.634" />
  <testcase classname="ptolemy.util.test.junit.AutoTests" name="[21] /home/travis/build/icyphy/ptII/ptolemy/domains/continuous/test/auto/ContinuousClock.xml (RunModel)" time="0.103" />
  <testcase classname="ptolemy.util.test.junit.AutoTests" name="[22] /home/travis/build/icyphy/ptII/ptolemy/domains/continuous/test/auto/ContinuousInContinuous.xml (RunModel)" time="0.083" />
  <testcase classname="ptolemy.util.test.junit.AutoTests" name="[23] /home/travis/build/icyphy/ptII/ptolemy/domains/continuous/test/auto/ContinuousInContinuousInContinuous.xml (RunModel)" time="0.032" />
  <testcase classname="ptolemy.util.test.junit.AutoTests" name="[24] /home/travis/build/icyphy/ptII/ptolemy/domains/continuous/test/auto/ContinuousInDE.xml (RunModel)" time="0.091" />
  <testcase classname="ptolemy.util.test.junit.AutoTests" name="[25] /home/travis/build/icyphy/ptII/ptolemy/domains/continuous/test/auto/ContinuousInDE2.xml (RunModel)" time="0.078" />
  <testcase classname="ptolemy.util.test.junit.AutoTests" name="[26] /home/travis/build/icyphy/ptII/ptolemy/domains/continuous/test/auto/ContinuousInDE3.xml (RunModel)" time="0.057" />
  <testcase classname="ptolemy.util.test.junit.AutoTests" name="[27] /home/travis/build/icyphy/ptII/ptolemy/domains/continuous/test/auto/ContinuousInDE4.xml (RunModel)" time="0.037" />
  <testcase classname="ptolemy.util.test.junit.AutoTests" name="[28] /home/travis/build/icyphy/ptII/ptolemy/domains/continuous/test/auto/ContinuousInDEDifferentRefinements.xml (RunModel)" time="0.11" />
  <testcase classname="ptolemy.util.test.junit.AutoTests" name="[29] /home/travis/build/icyphy/ptII/ptolemy/domains/continuous/test/auto/ContinuousInDEDifferentRefinementsPreemptive.xml (RunModel)" time="0.095" />
  <testcase classname="ptolemy.util.test.junit.AutoTests" name="[30] /home/travis/build/icyphy/ptII/ptolemy/domains/continuous/test/auto/ContinuousInDEInContinuous2.xml (RunModel)" time="0.061" />
  <testcase classname="ptolemy.util.test.junit.AutoTests" name="[31] /home/travis/build/icyphy/ptII/ptolemy/domains/continuous/test/auto/ContinuousInDEInContinuous3.xml (RunModel)" time="0.067" />
  <testcase classname="ptolemy.util.test.junit.AutoTests" name="[32] /home/travis/build/icyphy/ptII/ptolemy/domains/continuous/test/auto/ContinuousInDEInput.xml (RunModel)" time="0.039" />
  <testcase classname="ptolemy.util.test.junit.AutoTests" name="[33] /home/travis/build/icyphy/ptII/ptolemy/domains/continuous/test/auto/ContinuousInDEInput2.xml (RunModel)" time="0.034" />
  <testcase classname="ptolemy.util.test.junit.AutoTests" name="[34] /home/travis/build/icyphy/ptII/ptolemy/domains/continuous/test/auto/ContinuousInDEInput3.xml (RunModel)" time="0.032" />
  <testcase classname="ptolemy.util.test.junit.AutoTests" name="[35] /home/travis/build/icyphy/ptII/ptolemy/domains/continuous/test/auto/ContinuousInDESharingRefinement.xml (RunModel)" time="0.163" />
  <testcase classname="ptolemy.util.test.junit.AutoTests" name="[36] /home/travis/build/icyphy/ptII/ptolemy/domains/continuous/test/auto/ContinuousInDEwithNoPorts.xml (RunModel)" time="0.015" />
  <testcase classname="ptolemy.util.test.junit.AutoTests" name="[37] /home/travis/build/icyphy/ptII/ptolemy/domains/continuous/test/auto/ContinuousInsideDE.xml (RunModel)" time="0.079" />
  <testcase classname="ptolemy.util.test.junit.AutoTests" name="[38] /home/travis/build/icyphy/ptII/ptolemy/domains/continuous/test/auto/ContinuousMerge1.xml (RunModel)" time="0.028" />
  <testcase classname="ptolemy.util.test.junit.AutoTests" name="[39] /home/travis/build/icyphy/ptII/ptolemy/domains/continuous/test/auto/ContinuousMerge2.xml (RunModel)" time="0.052" />
  <testcase classname="ptolemy.util.test.junit.AutoTests" name="[40] /home/travis/build/icyphy/ptII/ptolemy/domains/continuous/test/auto/ContinuousMerge3.xml (RunModel)" time="0.067" />
  <testcase classname="ptolemy.util.test.junit.AutoTests" name="[41] /home/travis/build/icyphy/ptII/ptolemy/domains/continuous/test/auto/ContinuousWithinContinuous.xml (RunModel)" time="0.06" />
  <testcase classname="ptolemy.util.test.junit.AutoTests" name="[42] /home/travis/build/icyphy/ptII/ptolemy/domains/continuous/test/auto/ContinuousWithinContinuous2.xml (RunModel)" time="0.094" />
  <testcase classname="ptolemy.util.test.junit.AutoTests" name="[43] /home/travis/build/icyphy/ptII/ptolemy/domains/continuous/test/auto/ContinuousWithinContinuous3.xml (RunModel)" time="0.029" />
  <testcase classname="ptolemy.util.test.junit.AutoTests" name="[44] /home/travis/build/icyphy/ptII/ptolemy/domains/continuous/test/auto/ContinuousWithinContinuous4.xml (RunModel)" time="0.085" />
  <testcase classname="ptolemy.util.test.junit.AutoTests" name="[45] /home/travis/build/icyphy/ptII/ptolemy/domains/continuous/test/auto/ContinuousWithinContinuous5.xml (RunModel)" time="0.029" />
  <testcase classname="ptolemy.util.test.junit.AutoTests" name="[46] /home/travis/build/icyphy/ptII/ptolemy/domains/continuous/test/auto/ContinuousWithinContinuous6.xml (RunModel)" time="0.029" />
  <testcase classname="ptolemy.util.test.junit.AutoTests" name="[47] /home/travis/build/icyphy/ptII/ptolemy/domains/continuous/test/auto/ContinuousWithinContinuous7.xml (RunModel)" time="0.068" />
  <testcase classname="ptolemy.util.test.junit.AutoTests" name="[48] /home/travis/build/icyphy/ptII/ptolemy/domains/continuous/test/auto/DCMotor.xml (RunModel)" time="12.108" />
  <testcase classname="ptolemy.util.test.junit.AutoTests" name="[49] /home/travis/build/icyphy/ptII/ptolemy/domains/continuous/test/auto/DEInContinuous.xml (RunModel)" time="0.031" />
  <testcase classname="ptolemy.util.test.junit.AutoTests" name="[50] /home/travis/build/icyphy/ptII/ptolemy/domains/continuous/test/auto/DEinContinuous2.xml (RunModel)" time="0.034" />
  <testcase classname="ptolemy.util.test.junit.AutoTests" name="[51] /home/travis/build/icyphy/ptII/ptolemy/domains/continuous/test/auto/Derivative.xml (RunModel)" time="0.214" />
  <testcase classname="ptolemy.util.test.junit.AutoTests" name="[52] /home/travis/build/icyphy/ptII/ptolemy/domains/continuous/test/auto/Derivative1.xml (RunModel)" time="0.063" />
  <testcase classname="ptolemy.util.test.junit.AutoTests" name="[53] /home/travis/build/icyphy/ptII/ptolemy/domains/continuous/test/auto/DiscreteClock.xml (RunModel)" time="0.021" />
  <testcase classname="ptolemy.util.test.junit.AutoTests" name="[54] /home/travis/build/icyphy/ptII/ptolemy/domains/continuous/test/auto/EfficiencyCurve.xml (RunModel)" time="0.111" />
  <testcase classname="ptolemy.util.test.junit.AutoTests" name="[55] /home/travis/build/icyphy/ptII/ptolemy/domains/continuous/test/auto/ExponentialResponse.xml (RunModel)" time="0.11" />
  <testcase classname="ptolemy.util.test.junit.AutoTests" name="[56] /home/travis/build/icyphy/ptII/ptolemy/domains/continuous/test/auto/ExponentialResponseRK45.xml (RunModel)" time="0.035" />
  <testcase classname="ptolemy.util.test.junit.AutoTests" name="[57] /home/travis/build/icyphy/ptII/ptolemy/domains/continuous/test/auto/Friction.xml (RunModel)" time="1.38" />
  <testcase classname="ptolemy.util.test.junit.AutoTests" name="[58] /home/travis/build/icyphy/ptII/ptolemy/domains/continuous/test/auto/FurutaPendulum.xml (RunModel)" time="3.317" />
  <testcase classname="ptolemy.util.test.junit.AutoTests" name="[59] /home/travis/build/icyphy/ptII/ptolemy/domains/continuous/test/auto/HierarchicalExecution.xml (RunModel)" time="2.154" />
  <testcase classname="ptolemy.util.test.junit.AutoTests" name="[60] /home/travis/build/icyphy/ptII/ptolemy/domains/continuous/test/auto/HybridPlant.xml (RunModel)" time="0.515" />
  <testcase classname="ptolemy.util.test.junit.AutoTests" name="[61] /home/travis/build/icyphy/ptII/ptolemy/domains/continuous/test/auto/Hysteresis.xml (RunModel)" time="0.178" />
  <testcase classname="ptolemy.util.test.junit.AutoTests" name="[62] /home/travis/build/icyphy/ptII/ptolemy/domains/continuous/test/auto/HysteresisWithRandomDelay.xml (RunModel)" time="0.238" />
  <testcase classname="ptolemy.util.test.junit.AutoTests" name="[63] /home/travis/build/icyphy/ptII/ptolemy/domains/continuous/test/auto/HysteresisWithRandomLosses.xml (RunModel)" time="2.148" />
  <testcase classname="ptolemy.util.test.junit.AutoTests" name="[64] /home/travis/build/icyphy/ptII/ptolemy/domains/continuous/test/auto/ImmediateTransitions.xml (RunModel)" time="0.031" />
  <testcase classname="ptolemy.util.test.junit.AutoTests" name="[65] /home/travis/build/icyphy/ptII/ptolemy/domains/continuous/test/auto/ImpulseFeedback.xml (RunModel)" time="0.031" />
  <testcase classname="ptolemy.util.test.junit.AutoTests" name="[66] /home/travis/build/icyphy/ptII/ptolemy/domains/continuous/test/auto/ImpulseFeedback2.xml (RunModel)" time="0.019" />
  <testcase classname="ptolemy.util.test.junit.AutoTests" name="[67] /home/travis/build/icyphy/ptII/ptolemy/domains/continuous/test/auto/IncreasingRatePoisson.xml (RunModel)" time="0.69" />
  <testcase classname="ptolemy.util.test.junit.AutoTests" name="[68] /home/travis/build/icyphy/ptII/ptolemy/domains/continuous/test/auto/InitialStateFeedback.xml (RunModel)" time="0.016" />
  <testcase classname="ptolemy.util.test.junit.AutoTests" name="[69] /home/travis/build/icyphy/ptII/ptolemy/domains/continuous/test/auto/Integration.xml (RunModel)" time="0.015" />
  <testcase classname="ptolemy.util.test.junit.AutoTests" name="[70] /home/travis/build/icyphy/ptII/ptolemy/domains/continuous/test/auto/Integration2.xml (RunModel)" time="0.099" />
  <testcase classname="ptolemy.util.test.junit.AutoTests" name="[71] /home/travis/build/icyphy/ptII/ptolemy/domains/continuous/test/auto/Integration3.xml (RunModel)" time="0.015" />
  <testcase classname="ptolemy.util.test.junit.AutoTests" name="[72] /home/travis/build/icyphy/ptII/ptolemy/domains/continuous/test/auto/Integration5.xml (RunModel)" time="0.014" />
  <testcase classname="ptolemy.util.test.junit.AutoTests" name="[73] /home/travis/build/icyphy/ptII/ptolemy/domains/continuous/test/auto/IntegratorImpulse.xml (RunModel)" time="0.011" />
  <testcase classname="ptolemy.util.test.junit.AutoTests" name="[74] /home/travis/build/icyphy/ptII/ptolemy/domains/continuous/test/auto/IntegratorImpulse2.xml (RunModel)" time="0.012" />
  <testcase classname="ptolemy.util.test.junit.AutoTests" name="[75] /home/travis/build/icyphy/ptII/ptolemy/domains/continuous/test/auto/LevelCrossing1.xml (RunModel)" time="0.012" />
  <testcase classname="ptolemy.util.test.junit.AutoTests" name="[76] /home/travis/build/icyphy/ptII/ptolemy/domains/continuous/test/auto/LevelCrossing2.xml (RunModel)" time="0.017" />
  <testcase classname="ptolemy.util.test.junit.AutoTests" name="[77] /home/travis/build/icyphy/ptII/ptolemy/domains/continuous/test/auto/LevelCrossing3.xml (RunModel)" time="0.012" />
  <testcase classname="ptolemy.util.test.junit.AutoTests" name="[78] /home/travis/build/icyphy/ptII/ptolemy/domains/continuous/test/auto/LevelCrossing4.xml (RunModel)" time="0.013" />
  <testcase classname="ptolemy.util.test.junit.AutoTests" name="[79] /home/travis/build/icyphy/ptII/ptolemy/domains/continuous/test/auto/LevelCrossing5.xml (RunModel)" time="0.013" />
  <testcase classname="ptolemy.util.test.junit.AutoTests" name="[80] /home/travis/build/icyphy/ptII/ptolemy/domains/continuous/test/auto/LevelCrossing6.xml (RunModel)" time="0.014" />
  <testcase classname="ptolemy.util.test.junit.AutoTests" name="[81] /home/travis/build/icyphy/ptII/ptolemy/domains/continuous/test/auto/LevelCrossingDetector.xml (RunModel)" time="0.046" />
  <testcase classname="ptolemy.util.test.junit.AutoTests" name="[82] /home/travis/build/icyphy/ptII/ptolemy/domains/continuous/test/auto/LevelCrossingDetectorDetectingDirections.xml (RunModel)" time="0.083" />
  <testcase classname="ptolemy.util.test.junit.AutoTests" name="[83] /home/travis/build/icyphy/ptII/ptolemy/domains/continuous/test/auto/LevelCrossingDetectorDetectsGlitches.xml (RunModel)" time="0.06" />
  <testcase classname="ptolemy.util.test.junit.AutoTests" name="[84] /home/travis/build/icyphy/ptII/ptolemy/domains/continuous/test/auto/LevelCrossingNoInitialOuput.xml (RunModel)" time="0.014" />
  <testcase classname="ptolemy.util.test.junit.AutoTests" name="[85] /home/travis/build/icyphy/ptII/ptolemy/domains/continuous/test/auto/LinearStateSpaceExample.xml (RunModel)" time="0.046" />
  <testcase classname="ptolemy.util.test.junit.AutoTests" name="[86] /home/travis/build/icyphy/ptII/ptolemy/domains/continuous/test/auto/Lorenz.xml (RunModel)" time="4.381" />
  <testcase classname="ptolemy.util.test.junit.AutoTests" name="[87] /home/travis/build/icyphy/ptII/ptolemy/domains/continuous/test/auto/LorenzDifferentialSystem.xml (RunModel)" time="1.154" />
  <testcase classname="ptolemy.util.test.junit.AutoTests" name="[88] /home/travis/build/icyphy/ptII/ptolemy/domains/continuous/test/auto/LorenzDifferentialSystemWithInput.xml (RunModel)" time="1.496" />
  <testcase classname="ptolemy.util.test.junit.AutoTests" name="[89] /home/travis/build/icyphy/ptII/ptolemy/domains/continuous/test/auto/LorenzDifferentialSystemWithTime.xml (RunModel)" time="0.754" />
  <testcase classname="ptolemy.util.test.junit.AutoTests" name="[90] /home/travis/build/icyphy/ptII/ptolemy/domains/continuous/test/auto/Microsteps.xml (RunModel)" time="0.021" />
  <testcase classname="ptolemy.util.test.junit.AutoTests" name="[91] /home/travis/build/icyphy/ptII/ptolemy/domains/continuous/test/auto/Modal1.xml (RunModel)" time="0.036" />
  <testcase classname="ptolemy.util.test.junit.AutoTests" name="[92] /home/travis/build/icyphy/ptII/ptolemy/domains/continuous/test/auto/Modal2.xml (RunModel)" time="0.034" />
  <testcase classname="ptolemy.util.test.junit.AutoTests" name="[93] /home/travis/build/icyphy/ptII/ptolemy/domains/continuous/test/auto/ModalTransitionGuardWithReset.xml (RunModel)" time="0.024" />
  <testcase classname="ptolemy.util.test.junit.AutoTests" name="[94] /home/travis/build/icyphy/ptII/ptolemy/domains/continuous/test/auto/ModalTransitionGuardWithResetUsingPreemptiveTransition.xml (RunModel)" time="0.023" />
  <testcase classname="ptolemy.util.test.junit.AutoTests" name="[95] /home/travis/build/icyphy/ptII/ptolemy/domains/continuous/test/auto/ModalTransitionGuardWithResetUsingPreemptiveTransition2.xml (RunModel)" time="0.029" />
  <testcase classname="ptolemy.util.test.junit.AutoTests" name="[96] /home/travis/build/icyphy/ptII/ptolemy/domains/continuous/test/auto/ModalTransitionGuardWithResetUsingPreemptiveTransition3.xml (RunModel)" time="0.027" />
  <testcase classname="ptolemy.util.test.junit.AutoTests" name="[97] /home/travis/build/icyphy/ptII/ptolemy/domains/continuous/test/auto/NewtonsCradle.xml (RunModel)" time="0.691" />
  <testcase classname="ptolemy.util.test.junit.AutoTests" name="[98] /home/travis/build/icyphy/ptII/ptolemy/domains/continuous/test/auto/NewtonsCradleAnimated.xml (RunModel)" time="1.01" />
  <testcase classname="ptolemy.util.test.junit.AutoTests" name="[99] /home/travis/build/icyphy/ptII/ptolemy/domains/continuous/test/auto/NewtonsCradleComplicated.xml (RunModel)" time="0.804" />
  <testcase classname="ptolemy.util.test.junit.AutoTests" name="[100] /home/travis/build/icyphy/ptII/ptolemy/domains/continuous/test/auto/NewtonsCradleNondeterministic.xml (RunModel)" time="0.685" />
  <testcase classname="ptolemy.util.test.junit.AutoTests" name="[101] /home/travis/build/icyphy/ptII/ptolemy/domains/continuous/test/auto/NewtonsCradlePerfectlyInelastic1.xml (RunModel)" time="1.157" />
  <testcase classname="ptolemy.util.test.junit.AutoTests" name="[102] /home/travis/build/icyphy/ptII/ptolemy/domains/continuous/test/auto/Noise.xml (RunModel)" time="0.168" />
  <testcase classname="ptolemy.util.test.junit.AutoTests" name="[103] /home/travis/build/icyphy/ptII/ptolemy/domains/continuous/test/auto/NoiseSpectrum.xml (RunModel)" time="0.798" />
  <testcase classname="ptolemy.util.test.junit.AutoTests" name="[104] /home/travis/build/icyphy/ptII/ptolemy/domains/continuous/test/auto/ParameterizedNewtonsCradleAnimated.xml (RunModel)" time="0.366" />
  <testcase classname="ptolemy.util.test.junit.AutoTests" name="[105] /home/travis/build/icyphy/ptII/ptolemy/domains/continuous/test/auto/ParameterizedNewtonsCradleAnimatedNondeterministic.xml (RunModel)" time="1.093" />
  <testcase classname="ptolemy.util.test.junit.AutoTests" name="[106] /home/travis/build/icyphy/ptII/ptolemy/domains/continuous/test/auto/Pendulum3D.xml (RunModel)" time="0.188" />
  <testcase classname="ptolemy.util.test.junit.AutoTests" name="[107] /home/travis/build/icyphy/ptII/ptolemy/domains/continuous/test/auto/PeriodicSampler.xml (RunModel)" time="0.01" />
  <testcase classname="ptolemy.util.test.junit.AutoTests" name="[108] /home/travis/build/icyphy/ptII/ptolemy/domains/continuous/test/auto/PeriodicSampler1.xml (RunModel)" time="0.041" />
  <testcase classname="ptolemy.util.test.junit.AutoTests" name="[109] /home/travis/build/icyphy/ptII/ptolemy/domains/continuous/test/auto/PeriodicSampler2.xml (RunModel)" time="0.073" />
  <testcase classname="ptolemy.util.test.junit.AutoTests" name="[110] /home/travis/build/icyphy/ptII/ptolemy/domains/continuous/test/auto/Poisson.xml (RunModel)" time="0.423" />
  <testcase classname="ptolemy.util.test.junit.AutoTests" name="[111] /home/travis/build/icyphy/ptII/ptolemy/domains/continuous/test/auto/PoissonClock.xml (RunModel)" time="0.012" />
  <testcase classname="ptolemy.util.test.junit.AutoTests" name="[112] /home/travis/build/icyphy/ptII/ptolemy/domains/continuous/test/auto/PoissonClock2.xml (RunModel)" time="0.012" />
  <testcase classname="ptolemy.util.test.junit.AutoTests" name="[113] /home/travis/build/icyphy/ptII/ptolemy/domains/continuous/test/auto/PortParameterHierarchy.xml (RunModel)" time="0.018" />
  <testcase classname="ptolemy.util.test.junit.AutoTests" name="[114] /home/travis/build/icyphy/ptII/ptolemy/domains/continuous/test/auto/RandomHybridPlant.xml (RunModel)" time="0.599" />
  <testcase classname="ptolemy.util.test.junit.AutoTests" name="[115] /home/travis/build/icyphy/ptII/ptolemy/domains/continuous/test/auto/ResetTransitionWithStartTime1.xml (RunModel)" time="0.031" />
  <testcase classname="ptolemy.util.test.junit.AutoTests" name="[116] /home/travis/build/icyphy/ptII/ptolemy/domains/continuous/test/auto/ResetTransitionWithStartTime2.xml (RunModel)" time="0.033" />
  <testcase classname="ptolemy.util.test.junit.AutoTests" name="[117] /home/travis/build/icyphy/ptII/ptolemy/domains/continuous/test/auto/ResetTransitionWithStartTime3.xml (RunModel)" time="0.035" />
  <testcase classname="ptolemy.util.test.junit.AutoTests" name="[118] /home/travis/build/icyphy/ptII/ptolemy/domains/continuous/test/auto/ResetTransitionWithStartTime4.xml (RunModel)" time="0.022" />
  <testcase classname="ptolemy.util.test.junit.AutoTests" name="[119] /home/travis/build/icyphy/ptII/ptolemy/domains/continuous/test/auto/ResetTransitionWithStartTime5.xml (RunModel)" time="0.036" />
  <testcase classname="ptolemy.util.test.junit.AutoTests" name="[120] /home/travis/build/icyphy/ptII/ptolemy/domains/continuous/test/auto/ResetTransitionWithStartTime6.xml (RunModel)" time="0.026" />
  <testcase classname="ptolemy.util.test.junit.AutoTests" name="[121] /home/travis/build/icyphy/ptII/ptolemy/domains/continuous/test/auto/SRinContinuous.xml (RunModel)" time="0.028" />
  <testcase classname="ptolemy.util.test.junit.AutoTests" name="[122] /home/travis/build/icyphy/ptII/ptolemy/domains/continuous/test/auto/SampledClocks.xml (RunModel)" time="0.036" />
  <testcase classname="ptolemy.util.test.junit.AutoTests" name="[123] /home/travis/build/icyphy/ptII/ptolemy/domains/continuous/test/auto/Satellite.xml (RunModel)" time="0.867" />
  <testcase classname="ptolemy.util.test.junit.AutoTests" name="[124] /home/travis/build/icyphy/ptII/ptolemy/domains/continuous/test/auto/SigmaDelta.xml (RunModel)" time="2.395" />
  <testcase classname="ptolemy.util.test.junit.AutoTests" name="[125] /home/travis/build/icyphy/ptII/ptolemy/domains/continuous/test/auto/SinuBouncingBall.xml (RunModel)" time="0.715" />
  <testcase classname="ptolemy.util.test.junit.AutoTests" name="[126] /home/travis/build/icyphy/ptII/ptolemy/domains/continuous/test/auto/Sinusoid.xml (RunModel)" time="0.012" />
  <testcase classname="ptolemy.util.test.junit.AutoTests" name="[127] /home/travis/build/icyphy/ptII/ptolemy/domains/continuous/test/auto/SinusoidInNoise.xml (RunModel)" time="0.887" />
  <testcase classname="ptolemy.util.test.junit.AutoTests" name="[128] /home/travis/build/icyphy/ptII/ptolemy/domains/continuous/test/auto/SinusoidRK45.xml (RunModel)" time="0.009" />
  <testcase classname="ptolemy.util.test.junit.AutoTests" name="[129] /home/travis/build/icyphy/ptII/ptolemy/domains/continuous/test/auto/SinusoidWithMultipleImpulses.xml (RunModel)" time="0.012" />
  <testcase classname="ptolemy.util.test.junit.AutoTests" name="[130] /home/travis/build/icyphy/ptII/ptolemy/domains/continuous/test/auto/SquareWave.xml (RunModel)" time="0.192" />
  <testcase classname="ptolemy.util.test.junit.AutoTests" name="[131] /home/travis/build/icyphy/ptII/ptolemy/domains/continuous/test/auto/Starmac.xml (RunModel)" time="3.375" />
  <testcase classname="ptolemy.util.test.junit.AutoTests" name="[132] /home/travis/build/icyphy/ptII/ptolemy/domains/continuous/test/auto/StaticUnits.xml (RunModel)" time="2.549" />
  <testcase classname="ptolemy.util.test.junit.AutoTests" name="[133] /home/travis/build/icyphy/ptII/ptolemy/domains/continuous/test/auto/StickyMasses.xml (RunModel)" time="0.175" />
  <testcase classname="ptolemy.util.test.junit.AutoTests" name="[134] /home/travis/build/icyphy/ptII/ptolemy/domains/continuous/test/auto/StopTime.xml (RunModel)" time="0.055" />
  <testcase classname="ptolemy.util.test.junit.AutoTests" name="[135] /home/travis/build/icyphy/ptII/ptolemy/domains/continuous/test/auto/StopTime2.xml (RunModel)" time="0.063" />
  <testcase classname="ptolemy.util.test.junit.AutoTests" name="[136] /home/travis/build/icyphy/ptII/ptolemy/domains/continuous/test/auto/Switch.xml (RunModel)" time="0.086" />
  <testcase classname="ptolemy.util.test.junit.AutoTests" name="[137] /home/travis/build/icyphy/ptII/ptolemy/domains/continuous/test/auto/Thermostat.xml (RunModel)" time="0.191" />
  <testcase classname="ptolemy.util.test.junit.AutoTests" name="[138] /home/travis/build/icyphy/ptII/ptolemy/domains/continuous/test/auto/TimeDelay.xml (RunModel)" time="0.019" />
  <testcase classname="ptolemy.util.test.junit.AutoTests" name="[139] /home/travis/build/icyphy/ptII/ptolemy/domains/continuous/test/auto/TimeDelay2.xml (RunModel)" time="0.025" />
  <testcase classname="ptolemy.util.test.junit.AutoTests" name="[140] /home/travis/build/icyphy/ptII/ptolemy/domains/continuous/test/auto/TimeDelay3.xml (RunModel)" time="0.015" />
  <testcase classname="ptolemy.util.test.junit.AutoTests" name="[141] /home/travis/build/icyphy/ptII/ptolemy/domains/continuous/test/auto/TransferAbsentToInside.xml (RunModel)" time="0.114" />
  <testcase classname="ptolemy.util.test.junit.AutoTests" name="[142] /home/travis/build/icyphy/ptII/ptolemy/domains/continuous/test/auto/Transmission.xml (RunModel)" time="0.681" />
  <testcase classname="ptolemy.util.test.junit.AutoTests" name="[143] /home/travis/build/icyphy/ptII/ptolemy/domains/continuous/test/auto/TriggeredContinuousClock.xml (RunModel)" time="0.062" />
  <testcase classname="ptolemy.util.test.junit.AutoTests" name="[144] /home/travis/build/icyphy/ptII/ptolemy/domains/continuous/test/auto/TwoMachineInfiniteBusControl.xml (RunModel)" time="2.977" />
  <testcase classname="ptolemy.util.test.junit.AutoTests" name="[145] /home/travis/build/icyphy/ptII/ptolemy/domains/continuous/test/auto/V2V.xml (RunModel)" time="0.793" />
  <testcase classname="ptolemy.util.test.junit.AutoTests" name="[146] /home/travis/build/icyphy/ptII/ptolemy/domains/continuous/test/auto/hierarchicalModalModel.xml (RunModel)" time="0.032" />
  <testcase classname="ptolemy.util.test.junit.AutoTests" name="[147] /home/travis/build/icyphy/ptII/ptolemy/domains/continuous/test/auto/hierarchicalModalModel1.xml (RunModel)" time="0.03" />
  <testcase classname="ptolemy.util.test.junit.AutoTests" name="[148] /home/travis/build/icyphy/ptII/ptolemy/domains/continuous/test/auto/hierarchicalModalModel2.xml (RunModel)" time="0.032" />
  <testcase classname="ptolemy.util.test.junit.AutoTests" name="[149] /home/travis/build/icyphy/ptII/ptolemy/domains/continuous/test/auto/hierarchicalModalModel3.xml (RunModel)" time="0.023" />
  <testcase classname="ptolemy.util.test.junit.AutoTests" name="[150] /home/travis/build/icyphy/ptII/ptolemy/domains/continuous/test/auto/hierarchicalModalModel4.xml (RunModel)" time="0.027" />
  <testcase classname="ptolemy.util.test.junit.AutoTests" name="[151] /home/travis/build/icyphy/ptII/ptolemy/domains/continuous/test/auto/junk.xml (RunModel)" time="0.151" />
  <system-out><![CDATA[No tcl tests in /home/travis/build/icyphy/ptII/ptolemy/domains/continuous/test
No auto/knownFailedTests/*.xml tests in /home/travis/build/icyphy/ptII/ptolemy/domains/continuous/test
No auto/linux-amd64/*.xml tests in /home/travis/build/icyphy/ptII/ptolemy/domains/continuous/test
AutoTests.java: About to close Vertx.
AutoTests.java: Vertx closed.

===========================================================================================
----------------- testing Tue Jun 19 00:57:31 UTC 2018 /home/travis/build/icyphy/ptII/ptolemy/domains/continuous/test/auto/BouncingBall.xml
----------------- Instantiating /home/travis/build/icyphy/ptII/ptolemy/domains/continuous/test/auto/BouncingBall.xml
2293 ms. Memory: 331776K Free: 255038K (77%)
----------------- Invoking toplevel() on ptolemy.moml.MoMLSimpleApplication@206eae6a
----------------- Done invoking toplevel() on ptolemy.moml.MoMLSimpleApplication@206eae6a
reloadAllAccessors: .BouncingBall

===========================================================================================
----------------- testing Tue Jun 19 00:57:34 UTC 2018 /home/travis/build/icyphy/ptII/ptolemy/domains/continuous/test/auto/BouncingBallWithoutGR.xml
----------------- Instantiating /home/travis/build/icyphy/ptII/ptolemy/domains/continuous/test/auto/BouncingBallWithoutGR.xml
677 ms. Memory: 331776K Free: 309986K (93%)
----------------- Invoking toplevel() on ptolemy.moml.MoMLSimpleApplication@ebd92ad
----------------- Done invoking toplevel() on ptolemy.moml.MoMLSimpleApplication@ebd92ad
reloadAllAccessors: .BouncingBallWithoutGR

===========================================================================================
----------------- testing Tue Jun 19 00:57:35 UTC 2018 /home/travis/build/icyphy/ptII/ptolemy/domains/continuous/test/auto/Brownian.xml
----------------- Instantiating /home/travis/build/icyphy/ptII/ptolemy/domains/continuous/test/auto/Brownian.xml
38 ms. Memory: 331776K Free: 296088K (89%)
----------------- Invoking toplevel() on ptolemy.moml.MoMLSimpleApplication@2a3005c7
----------------- Done invoking toplevel() on ptolemy.moml.MoMLSimpleApplication@2a3005c7
reloadAllAccessors: .Brownian

===========================================================================================
----------------- testing Tue Jun 19 00:57:35 UTC 2018 /home/travis/build/icyphy/ptII/ptolemy/domains/continuous/test/auto/CarTracking.xml
----------------- Instantiating /home/travis/build/icyphy/ptII/ptolemy/domains/continuous/test/auto/CarTracking.xml
3268 ms. Memory: 578048K Free: 440952K (76%)
----------------- Invoking toplevel() on ptolemy.moml.MoMLSimpleApplication@2ba22fd0
----------------- Done invoking toplevel() on ptolemy.moml.MoMLSimpleApplication@2ba22fd0
reloadAllAccessors: .CarTracking

===========================================================================================
----------------- testing Tue Jun 19 00:57:38 UTC 2018 /home/travis/build/icyphy/ptII/ptolemy/domains/continuous/test/auto/CartPendulum.xml
----------------- Instantiating /home/travis/build/icyphy/ptII/ptolemy/domains/continuous/test/auto/CartPendulum.xml
390 ms. Memory: 578048K Free: 336268K (58%)
----------------- Invoking toplevel() on ptolemy.moml.MoMLSimpleApplication@22ed7228
----------------- Done invoking toplevel() on ptolemy.moml.MoMLSimpleApplication@22ed7228
reloadAllAccessors: .CartPendulum

===========================================================================================
----------------- testing Tue Jun 19 00:57:39 UTC 2018 /home/travis/build/icyphy/ptII/ptolemy/domains/continuous/test/auto/CausalityInterface10.xml
----------------- Instantiating /home/travis/build/icyphy/ptII/ptolemy/domains/continuous/test/auto/CausalityInterface10.xml
12 ms. Memory: 578048K Free: 323160K (56%)
----------------- Invoking toplevel() on ptolemy.moml.MoMLSimpleApplication@2cc6a07a
----------------- Done invoking toplevel() on ptolemy.moml.MoMLSimpleApplication@2cc6a07a
reloadAllAccessors: .CausalityInterface10

===========================================================================================
----------------- testing Tue Jun 19 00:57:39 UTC 2018 /home/travis/build/icyphy/ptII/ptolemy/domains/continuous/test/auto/CausalityInterface11.xml
----------------- Instantiating /home/travis/build/icyphy/ptII/ptolemy/domains/continuous/test/auto/CausalityInterface11.xml
7 ms. Memory: 578048K Free: 313314K (54%)
----------------- Invoking toplevel() on ptolemy.moml.MoMLSimpleApplication@14a4fd08
----------------- Done invoking toplevel() on ptolemy.moml.MoMLSimpleApplication@14a4fd08
reloadAllAccessors: .CausalityInterface11

===========================================================================================
----------------- testing Tue Jun 19 00:57:39 UTC 2018 /home/travis/build/icyphy/ptII/ptolemy/domains/continuous/test/auto/CausalityInterface12.xml
----------------- Instantiating /home/travis/build/icyphy/ptII/ptolemy/domains/continuous/test/auto/CausalityInterface12.xml
12 ms. Memory: 578048K Free: 303483K (53%)
----------------- Invoking toplevel() on ptolemy.moml.MoMLSimpleApplication@67dbf276
----------------- Done invoking toplevel() on ptolemy.moml.MoMLSimpleApplication@67dbf276
reloadAllAccessors: .CausalityInterface12

===========================================================================================
----------------- testing Tue Jun 19 00:57:39 UTC 2018 /home/travis/build/icyphy/ptII/ptolemy/domains/continuous/test/auto/CausalityInterface13.xml
----------------- Instantiating /home/travis/build/icyphy/ptII/ptolemy/domains/continuous/test/auto/CausalityInterface13.xml
8 ms. Memory: 578048K Free: 290489K (50%)
----------------- Invoking toplevel() on ptolemy.moml.MoMLSimpleApplication@3ef9a8e4
----------------- Done invoking toplevel() on ptolemy.moml.MoMLSimpleApplication@3ef9a8e4
reloadAllAccessors: .CausalityInterface13

===========================================================================================
----------------- testing Tue Jun 19 00:57:39 UTC 2018 /home/travis/build/icyphy/ptII/ptolemy/domains/continuous/test/auto/CausalityInterface14.xml
----------------- Instantiating /home/travis/build/icyphy/ptII/ptolemy/domains/continuous/test/auto/CausalityInterface14.xml
2 ms. Memory: 578048K Free: 280651K (49%)
----------------- Invoking toplevel() on ptolemy.moml.MoMLSimpleApplication@7abcf2c3
----------------- Done invoking toplevel() on ptolemy.moml.MoMLSimpleApplication@7abcf2c3
reloadAllAccessors: .CausalityInterface14

===========================================================================================
----------------- testing Tue Jun 19 00:57:39 UTC 2018 /home/travis/build/icyphy/ptII/ptolemy/domains/continuous/test/auto/CausalityInterface4.xml
----------------- Instantiating /home/travis/build/icyphy/ptII/ptolemy/domains/continuous/test/auto/CausalityInterface4.xml
3 ms. Memory: 578048K Free: 270804K (47%)
----------------- Invoking toplevel() on ptolemy.moml.MoMLSimpleApplication@344d5148
----------------- Done invoking toplevel() on ptolemy.moml.MoMLSimpleApplication@344d5148
reloadAllAccessors: .CausalityInterface4

===========================================================================================
----------------- testing Tue Jun 19 00:57:39 UTC 2018 /home/travis/build/icyphy/ptII/ptolemy/domains/continuous/test/auto/CausalityInterface5.xml
----------------- Instantiating /home/travis/build/icyphy/ptII/ptolemy/domains/continuous/test/auto/CausalityInterface5.xml
3 ms. Memory: 578048K Free: 257681K (45%)
----------------- Invoking toplevel() on ptolemy.moml.MoMLSimpleApplication@266c8c52
----------------- Done invoking toplevel() on ptolemy.moml.MoMLSimpleApplication@266c8c52
reloadAllAccessors: .CausalityInterface5

===========================================================================================
----------------- testing Tue Jun 19 00:57:39 UTC 2018 /home/travis/build/icyphy/ptII/ptolemy/domains/continuous/test/auto/CausalityInterface6.xml
----------------- Instantiating /home/travis/build/icyphy/ptII/ptolemy/domains/continuous/test/auto/CausalityInterface6.xml
3 ms. Memory: 578048K Free: 244671K (42%)
----------------- Invoking toplevel() on ptolemy.moml.MoMLSimpleApplication@1745fb0
----------------- Done invoking toplevel() on ptolemy.moml.MoMLSimpleApplication@1745fb0
reloadAllAccessors: .CausalityInterface6

===========================================================================================
----------------- testing Tue Jun 19 00:57:39 UTC 2018 /home/travis/build/icyphy/ptII/ptolemy/domains/continuous/test/auto/CausalityInterface7.xml
----------------- Instantiating /home/travis/build/icyphy/ptII/ptolemy/domains/continuous/test/auto/CausalityInterface7.xml
12 ms. Memory: 578048K Free: 231564K (40%)
----------------- Invoking toplevel() on ptolemy.moml.MoMLSimpleApplication@153decb3
----------------- Done invoking toplevel() on ptolemy.moml.MoMLSimpleApplication@153decb3
reloadAllAccessors: .CausalityInterface7

===========================================================================================
----------------- testing Tue Jun 19 00:57:39 UTC 2018 /home/travis/build/icyphy/ptII/ptolemy/domains/continuous/test/auto/CausalityInterface8.xml
----------------- Instantiating /home/travis/build/icyphy/ptII/ptolemy/domains/continuous/test/auto/CausalityInterface8.xml
11 ms. Memory: 578048K Free: 218448K (38%)
----------------- Invoking toplevel() on ptolemy.moml.MoMLSimpleApplication@43b9ca67
----------------- Done invoking toplevel() on ptolemy.moml.MoMLSimpleApplication@43b9ca67
reloadAllAccessors: .CausalityInterface8

===========================================================================================
----------------- testing Tue Jun 19 00:57:39 UTC 2018 /home/travis/build/icyphy/ptII/ptolemy/domains/continuous/test/auto/CausalityInterface9.xml
----------------- Instantiating /home/travis/build/icyphy/ptII/ptolemy/domains/continuous/test/auto/CausalityInterface9.xml
4 ms. Memory: 578048K Free: 202040K (35%)
----------------- Invoking toplevel() on ptolemy.moml.MoMLSimpleApplication@5e081ace
----------------- Done invoking toplevel() on ptolemy.moml.MoMLSimpleApplication@5e081ace
reloadAllAccessors: .CausalityInterface9

===========================================================================================
----------------- testing Tue Jun 19 00:57:39 UTC 2018 /home/travis/build/icyphy/ptII/ptolemy/domains/continuous/test/auto/CausalityInterfaceFeedback1.xml
----------------- Instantiating /home/travis/build/icyphy/ptII/ptolemy/domains/continuous/test/auto/CausalityInterfaceFeedback1.xml
3 ms. Memory: 578048K Free: 189030K (33%)
----------------- Invoking toplevel() on ptolemy.moml.MoMLSimpleApplication@cde9ee9
----------------- Done invoking toplevel() on ptolemy.moml.MoMLSimpleApplication@cde9ee9
reloadAllAccessors: .CausalityInterfaceFeedback1

===========================================================================================
----------------- testing Tue Jun 19 00:57:39 UTC 2018 /home/travis/build/icyphy/ptII/ptolemy/domains/continuous/test/auto/CausalityInterfaceFeedback2.xml
----------------- Instantiating /home/travis/build/icyphy/ptII/ptolemy/domains/continuous/test/auto/CausalityInterfaceFeedback2.xml
3 ms. Memory: 578048K Free: 179184K (31%)
----------------- Invoking toplevel() on ptolemy.moml.MoMLSimpleApplication@24b83562
----------------- Done invoking toplevel() on ptolemy.moml.MoMLSimpleApplication@24b83562
reloadAllAccessors: .CausalityInterfaceFeedback2

===========================================================================================
----------------- testing Tue Jun 19 00:57:39 UTC 2018 /home/travis/build/icyphy/ptII/ptolemy/domains/continuous/test/auto/CompareWithCurrentTime.xml
----------------- Instantiating /home/travis/build/icyphy/ptII/ptolemy/domains/continuous/test/auto/CompareWithCurrentTime.xml
3 ms. Memory: 578048K Free: 172630K (30%)
----------------- Invoking toplevel() on ptolemy.moml.MoMLSimpleApplication@4ee7b453
----------------- Done invoking toplevel() on ptolemy.moml.MoMLSimpleApplication@4ee7b453
reloadAllAccessors: .CompareWithCurrentTime

===========================================================================================
----------------- testing Tue Jun 19 00:57:40 UTC 2018 /home/travis/build/icyphy/ptII/ptolemy/domains/continuous/test/auto/ComparedClocks.xml
----------------- Instantiating /home/travis/build/icyphy/ptII/ptolemy/domains/continuous/test/auto/ComparedClocks.xml
8 ms. Memory: 578048K Free: 143122K (25%)
----------------- Invoking toplevel() on ptolemy.moml.MoMLSimpleApplication@77e7e40a
----------------- Done invoking toplevel() on ptolemy.moml.MoMLSimpleApplication@77e7e40a
reloadAllAccessors: .ComparedClocks

===========================================================================================
----------------- testing Tue Jun 19 00:57:40 UTC 2018 /home/travis/build/icyphy/ptII/ptolemy/domains/continuous/test/auto/ContinuousAOCClone.xml
----------------- Instantiating /home/travis/build/icyphy/ptII/ptolemy/domains/continuous/test/auto/ContinuousAOCClone.xml
2375 ms. Memory: 872960K Free: 405335K (46%)
----------------- Invoking toplevel() on ptolemy.moml.MoMLSimpleApplication@2c100f65
----------------- Done invoking toplevel() on ptolemy.moml.MoMLSimpleApplication@2c100f65
reloadAllAccessors: .ContinuousAOCClone

===========================================================================================
----------------- testing Tue Jun 19 00:57:42 UTC 2018 /home/travis/build/icyphy/ptII/ptolemy/domains/continuous/test/auto/ContinuousClock.xml
----------------- Instantiating /home/travis/build/icyphy/ptII/ptolemy/domains/continuous/test/auto/ContinuousClock.xml
30 ms. Memory: 872960K Free: 375693K (43%)
----------------- Invoking toplevel() on ptolemy.moml.MoMLSimpleApplication@6420c9f9
----------------- Done invoking toplevel() on ptolemy.moml.MoMLSimpleApplication@6420c9f9
reloadAllAccessors: .ContinuousClock

===========================================================================================
----------------- testing Tue Jun 19 00:57:42 UTC 2018 /home/travis/build/icyphy/ptII/ptolemy/domains/continuous/test/auto/ContinuousInContinuous.xml
----------------- Instantiating /home/travis/build/icyphy/ptII/ptolemy/domains/continuous/test/auto/ContinuousInContinuous.xml
38 ms. Memory: 872960K Free: 344216K (39%)
----------------- Invoking toplevel() on ptolemy.moml.MoMLSimpleApplication@54a30f82
----------------- Done invoking toplevel() on ptolemy.moml.MoMLSimpleApplication@54a30f82
reloadAllAccessors: .ContinuousInContinuous

===========================================================================================
----------------- testing Tue Jun 19 00:57:42 UTC 2018 /home/travis/build/icyphy/ptII/ptolemy/domains/continuous/test/auto/ContinuousInContinuousInContinuous.xml
----------------- Instantiating /home/travis/build/icyphy/ptII/ptolemy/domains/continuous/test/auto/ContinuousInContinuousInContinuous.xml
12 ms. Memory: 872960K Free: 328481K (38%)
----------------- Invoking toplevel() on ptolemy.moml.MoMLSimpleApplication@15a9b55a
----------------- Done invoking toplevel() on ptolemy.moml.MoMLSimpleApplication@15a9b55a
reloadAllAccessors: .ContinuousInContinuousInContinuous

===========================================================================================
----------------- testing Tue Jun 19 00:57:42 UTC 2018 /home/travis/build/icyphy/ptII/ptolemy/domains/continuous/test/auto/ContinuousInDE.xml
----------------- Instantiating /home/travis/build/icyphy/ptII/ptolemy/domains/continuous/test/auto/ContinuousInDE.xml
67 ms. Memory: 872960K Free: 312763K (36%)
----------------- Invoking toplevel() on ptolemy.moml.MoMLSimpleApplication@33cfb24
----------------- Done invoking toplevel() on ptolemy.moml.MoMLSimpleApplication@33cfb24
reloadAllAccessors: .ContinuousInDE

===========================================================================================
----------------- testing Tue Jun 19 00:57:43 UTC 2018 /home/travis/build/icyphy/ptII/ptolemy/domains/continuous/test/auto/ContinuousInDE2.xml
----------------- Instantiating /home/travis/build/icyphy/ptII/ptolemy/domains/continuous/test/auto/ContinuousInDE2.xml
52 ms. Memory: 872960K Free: 293615K (34%)
----------------- Invoking toplevel() on ptolemy.moml.MoMLSimpleApplication@5aa0a07e
----------------- Done invoking toplevel() on ptolemy.moml.MoMLSimpleApplication@5aa0a07e
reloadAllAccessors: .ContinuousInDE2

===========================================================================================
----------------- testing Tue Jun 19 00:57:43 UTC 2018 /home/travis/build/icyphy/ptII/ptolemy/domains/continuous/test/auto/ContinuousInDE3.xml
----------------- Instantiating /home/travis/build/icyphy/ptII/ptolemy/domains/continuous/test/auto/ContinuousInDE3.xml
36 ms. Memory: 872960K Free: 277897K (32%)
----------------- Invoking toplevel() on ptolemy.moml.MoMLSimpleApplication@fa31f10
----------------- Done invoking toplevel() on ptolemy.moml.MoMLSimpleApplication@fa31f10
reloadAllAccessors: .ContinuousInDE3

===========================================================================================
----------------- testing Tue Jun 19 00:57:43 UTC 2018 /home/travis/build/icyphy/ptII/ptolemy/domains/continuous/test/auto/ContinuousInDE4.xml
----------------- Instantiating /home/travis/build/icyphy/ptII/ptolemy/domains/continuous/test/auto/ContinuousInDE4.xml
17 ms. Memory: 872960K Free: 267418K (31%)
----------------- Invoking toplevel() on ptolemy.moml.MoMLSimpleApplication@4ab88cfe
----------------- Done invoking toplevel() on ptolemy.moml.MoMLSimpleApplication@4ab88cfe
reloadAllAccessors: .ContinuousInDE4

===========================================================================================
----------------- testing Tue Jun 19 00:57:43 UTC 2018 /home/travis/build/icyphy/ptII/ptolemy/domains/continuous/test/auto/ContinuousInDEDifferentRefinements.xml
----------------- Instantiating /home/travis/build/icyphy/ptII/ptolemy/domains/continuous/test/auto/ContinuousInDEDifferentRefinements.xml
56 ms. Memory: 872960K Free: 230701K (26%)
----------------- Invoking toplevel() on ptolemy.moml.MoMLSimpleApplication@28c6c250
----------------- Done invoking toplevel() on ptolemy.moml.MoMLSimpleApplication@28c6c250
reloadAllAccessors: .ContinuousInDEDifferentRefinements

===========================================================================================
----------------- testing Tue Jun 19 00:57:43 UTC 2018 /home/travis/build/icyphy/ptII/ptolemy/domains/continuous/test/auto/ContinuousInDEDifferentRefinementsPreemptive.xml
----------------- Instantiating /home/travis/build/icyphy/ptII/ptolemy/domains/continuous/test/auto/ContinuousInDEDifferentRefinementsPreemptive.xml
46 ms. Memory: 872960K Free: 190563K (22%)
----------------- Invoking toplevel() on ptolemy.moml.MoMLSimpleApplication@6c25f5e
----------------- Done invoking toplevel() on ptolemy.moml.MoMLSimpleApplication@6c25f5e
reloadAllAccessors: .ContinuousInDEDifferentRefinementsPreemptive

===========================================================================================
----------------- testing Tue Jun 19 00:57:43 UTC 2018 /home/travis/build/icyphy/ptII/ptolemy/domains/continuous/test/auto/ContinuousInDEInContinuous2.xml
----------------- Instantiating /home/travis/build/icyphy/ptII/ptolemy/domains/continuous/test/auto/ContinuousInDEInContinuous2.xml
35 ms. Memory: 872960K Free: 174829K (20%)
----------------- Invoking toplevel() on ptolemy.moml.MoMLSimpleApplication@318a230b
----------------- Done invoking toplevel() on ptolemy.moml.MoMLSimpleApplication@318a230b
reloadAllAccessors: .ContinuousInDEInContinuous2

===========================================================================================
----------------- testing Tue Jun 19 00:57:43 UTC 2018 /home/travis/build/icyphy/ptII/ptolemy/domains/continuous/test/auto/ContinuousInDEInContinuous3.xml
----------------- Instantiating /home/travis/build/icyphy/ptII/ptolemy/domains/continuous/test/auto/ContinuousInDEInContinuous3.xml
41 ms. Memory: 872960K Free: 153863K (18%)
----------------- Invoking toplevel() on ptolemy.moml.MoMLSimpleApplication@3ea7c3c9
----------------- Done invoking toplevel() on ptolemy.moml.MoMLSimpleApplication@3ea7c3c9
reloadAllAccessors: .ContinuousInDEInContinuous3

===========================================================================================
----------------- testing Tue Jun 19 00:57:43 UTC 2018 /home/travis/build/icyphy/ptII/ptolemy/domains/continuous/test/auto/ContinuousInDEInput.xml
----------------- Instantiating /home/travis/build/icyphy/ptII/ptolemy/domains/continuous/test/auto/ContinuousInDEInput.xml
20 ms. Memory: 872960K Free: 143384K (16%)
----------------- Invoking toplevel() on ptolemy.moml.MoMLSimpleApplication@77f7c500
----------------- Done invoking toplevel() on ptolemy.moml.MoMLSimpleApplication@77f7c500
reloadAllAccessors: .ContinuousInDEInput

===========================================================================================
----------------- testing Tue Jun 19 00:57:43 UTC 2018 /home/travis/build/icyphy/ptII/ptolemy/domains/continuous/test/auto/ContinuousInDEInput2.xml
----------------- Instantiating /home/travis/build/icyphy/ptII/ptolemy/domains/continuous/test/auto/ContinuousInDEInput2.xml
18 ms. Memory: 872960K Free: 129468K (15%)
----------------- Invoking toplevel() on ptolemy.moml.MoMLSimpleApplication@59bf89f7
----------------- Done invoking toplevel() on ptolemy.moml.MoMLSimpleApplication@59bf89f7
reloadAllAccessors: .ContinuousInDEInput2

===========================================================================================
----------------- testing Tue Jun 19 00:57:43 UTC 2018 /home/travis/build/icyphy/ptII/ptolemy/domains/continuous/test/auto/ContinuousInDEInput3.xml
----------------- Instantiating /home/travis/build/icyphy/ptII/ptolemy/domains/continuous/test/auto/ContinuousInDEInput3.xml
12 ms. Memory: 872960K Free: 118989K (14%)
----------------- Invoking toplevel() on ptolemy.moml.MoMLSimpleApplication@46a24e2e
----------------- Done invoking toplevel() on ptolemy.moml.MoMLSimpleApplication@46a24e2e
reloadAllAccessors: .ContinuousInDEInput3

===========================================================================================
----------------- testing Tue Jun 19 00:57:43 UTC 2018 /home/travis/build/icyphy/ptII/ptolemy/domains/continuous/test/auto/ContinuousInDESharingRefinement.xml
----------------- Instantiating /home/travis/build/icyphy/ptII/ptolemy/domains/continuous/test/auto/ContinuousInDESharingRefinement.xml
136 ms. Memory: 873472K Free: 807142K (92%)
----------------- Invoking toplevel() on ptolemy.moml.MoMLSimpleApplication@6342171a
----------------- Done invoking toplevel() on ptolemy.moml.MoMLSimpleApplication@6342171a
reloadAllAccessors: .ContinuousInDESharingRefinement

===========================================================================================
----------------- testing Tue Jun 19 00:57:43 UTC 2018 /home/travis/build/icyphy/ptII/ptolemy/domains/continuous/test/auto/ContinuousInDEwithNoPorts.xml
----------------- Instantiating /home/travis/build/icyphy/ptII/ptolemy/domains/continuous/test/auto/ContinuousInDEwithNoPorts.xml
3 ms. Memory: 873472K Free: 791687K (91%)
----------------- Invoking toplevel() on ptolemy.moml.MoMLSimpleApplication@5e722a2
----------------- Done invoking toplevel() on ptolemy.moml.MoMLSimpleApplication@5e722a2
reloadAllAccessors: .ContinuousInDEwithNoPorts

===========================================================================================
----------------- testing Tue Jun 19 00:57:43 UTC 2018 /home/travis/build/icyphy/ptII/ptolemy/domains/continuous/test/auto/ContinuousInsideDE.xml
----------------- Instantiating /home/travis/build/icyphy/ptII/ptolemy/domains/continuous/test/auto/ContinuousInsideDE.xml
41 ms. Memory: 873472K Free: 775952K (89%)
----------------- Invoking toplevel() on ptolemy.moml.MoMLSimpleApplication@78de595f
----------------- Done invoking toplevel() on ptolemy.moml.MoMLSimpleApplication@78de595f
reloadAllAccessors: .ContinuousInsideDE

===========================================================================================
----------------- testing Tue Jun 19 00:57:43 UTC 2018 /home/travis/build/icyphy/ptII/ptolemy/domains/continuous/test/auto/ContinuousMerge1.xml
----------------- Instantiating /home/travis/build/icyphy/ptII/ptolemy/domains/continuous/test/auto/ContinuousMerge1.xml
3 ms. Memory: 873472K Free: 763169K (87%)
----------------- Invoking toplevel() on ptolemy.moml.MoMLSimpleApplication@6b2a20a9
----------------- Done invoking toplevel() on ptolemy.moml.MoMLSimpleApplication@6b2a20a9
reloadAllAccessors: .ContinuousMerge1

===========================================================================================
----------------- testing Tue Jun 19 00:57:43 UTC 2018 /home/travis/build/icyphy/ptII/ptolemy/domains/continuous/test/auto/ContinuousMerge2.xml
----------------- Instantiating /home/travis/build/icyphy/ptII/ptolemy/domains/continuous/test/auto/ContinuousMerge2.xml
13 ms. Memory: 873472K Free: 747287K (86%)
----------------- Invoking toplevel() on ptolemy.moml.MoMLSimpleApplication@41106bcb
----------------- Done invoking toplevel() on ptolemy.moml.MoMLSimpleApplication@41106bcb
reloadAllAccessors: .ContinuousMerge2

===========================================================================================
----------------- testing Tue Jun 19 00:57:44 UTC 2018 /home/travis/build/icyphy/ptII/ptolemy/domains/continuous/test/auto/ContinuousMerge3.xml
----------------- Instantiating /home/travis/build/icyphy/ptII/ptolemy/domains/continuous/test/auto/ContinuousMerge3.xml
42 ms. Memory: 873472K Free: 731569K (84%)
----------------- Invoking toplevel() on ptolemy.moml.MoMLSimpleApplication@4a64faba
----------------- Done invoking toplevel() on ptolemy.moml.MoMLSimpleApplication@4a64faba
reloadAllAccessors: .ContinuousMerge3

===========================================================================================
----------------- testing Tue Jun 19 00:57:44 UTC 2018 /home/travis/build/icyphy/ptII/ptolemy/domains/continuous/test/auto/ContinuousWithinContinuous.xml
----------------- Instantiating /home/travis/build/icyphy/ptII/ptolemy/domains/continuous/test/auto/ContinuousWithinContinuous.xml
39 ms. Memory: 873472K Free: 718785K (82%)
----------------- Invoking toplevel() on ptolemy.moml.MoMLSimpleApplication@3bf2b91a
----------------- Done invoking toplevel() on ptolemy.moml.MoMLSimpleApplication@3bf2b91a
reloadAllAccessors: .ContinuousWithinContinuous

===========================================================================================
----------------- testing Tue Jun 19 00:57:44 UTC 2018 /home/travis/build/icyphy/ptII/ptolemy/domains/continuous/test/auto/ContinuousWithinContinuous2.xml
----------------- Instantiating /home/travis/build/icyphy/ptII/ptolemy/domains/continuous/test/auto/ContinuousWithinContinuous2.xml
69 ms. Memory: 873472K Free: 703067K (80%)
----------------- Invoking toplevel() on ptolemy.moml.MoMLSimpleApplication@329dd433
----------------- Done invoking toplevel() on ptolemy.moml.MoMLSimpleApplication@329dd433
reloadAllAccessors: .ContinuousWithinContinuous2

===========================================================================================
----------------- testing Tue Jun 19 00:57:44 UTC 2018 /home/travis/build/icyphy/ptII/ptolemy/domains/continuous/test/auto/ContinuousWithinContinuous3.xml
----------------- Instantiating /home/travis/build/icyphy/ptII/ptolemy/domains/continuous/test/auto/ContinuousWithinContinuous3.xml
12 ms. Memory: 873472K Free: 692588K (79%)
----------------- Invoking toplevel() on ptolemy.moml.MoMLSimpleApplication@61674e53
----------------- Done invoking toplevel() on ptolemy.moml.MoMLSimpleApplication@61674e53
reloadAllAccessors: .ContinuousWithinContinuous3

===========================================================================================
----------------- testing Tue Jun 19 00:57:44 UTC 2018 /home/travis/build/icyphy/ptII/ptolemy/domains/continuous/test/auto/ContinuousWithinContinuous4.xml
----------------- Instantiating /home/travis/build/icyphy/ptII/ptolemy/domains/continuous/test/auto/ContinuousWithinContinuous4.xml
67 ms. Memory: 873472K Free: 674565K (77%)
----------------- Invoking toplevel() on ptolemy.moml.MoMLSimpleApplication@498cac2
----------------- Done invoking toplevel() on ptolemy.moml.MoMLSimpleApplication@498cac2
reloadAllAccessors: .ContinuousWithinContinuous4

===========================================================================================
----------------- testing Tue Jun 19 00:57:44 UTC 2018 /home/travis/build/icyphy/ptII/ptolemy/domains/continuous/test/auto/ContinuousWithinContinuous5.xml
----------------- Instantiating /home/travis/build/icyphy/ptII/ptolemy/domains/continuous/test/auto/ContinuousWithinContinuous5.xml
11 ms. Memory: 873472K Free: 658831K (75%)
----------------- Invoking toplevel() on ptolemy.moml.MoMLSimpleApplication@aa45ac3
----------------- Done invoking toplevel() on ptolemy.moml.MoMLSimpleApplication@aa45ac3
reloadAllAccessors: .ContinuousWithinContinuous5

===========================================================================================
----------------- testing Tue Jun 19 00:57:44 UTC 2018 /home/travis/build/icyphy/ptII/ptolemy/domains/continuous/test/auto/ContinuousWithinContinuous6.xml
----------------- Instantiating /home/travis/build/icyphy/ptII/ptolemy/domains/continuous/test/auto/ContinuousWithinContinuous6.xml
14 ms. Memory: 873472K Free: 648352K (74%)
----------------- Invoking toplevel() on ptolemy.moml.MoMLSimpleApplication@6a0ca38c
----------------- Done invoking toplevel() on ptolemy.moml.MoMLSimpleApplication@6a0ca38c
reloadAllAccessors: .ContinuousWithinContinuous6

===========================================================================================
----------------- testing Tue Jun 19 00:57:44 UTC 2018 /home/travis/build/icyphy/ptII/ptolemy/domains/continuous/test/auto/ContinuousWithinContinuous7.xml
----------------- Instantiating /home/travis/build/icyphy/ptII/ptolemy/domains/continuous/test/auto/ContinuousWithinContinuous7.xml
54 ms. Memory: 873472K Free: 630329K (72%)
----------------- Invoking toplevel() on ptolemy.moml.MoMLSimpleApplication@6ef1c48f
----------------- Done invoking toplevel() on ptolemy.moml.MoMLSimpleApplication@6ef1c48f
reloadAllAccessors: .ContinuousWithinContinuous7

===========================================================================================
----------------- testing Tue Jun 19 00:57:44 UTC 2018 /home/travis/build/icyphy/ptII/ptolemy/domains/continuous/test/auto/DCMotor.xml
----------------- Instantiating /home/travis/build/icyphy/ptII/ptolemy/domains/continuous/test/auto/DCMotor.xml
12024 ms. Memory: 734720K Free: 152098K (21%)
----------------- Invoking toplevel() on ptolemy.moml.MoMLSimpleApplication@935cf3e
----------------- Done invoking toplevel() on ptolemy.moml.MoMLSimpleApplication@935cf3e
reloadAllAccessors: .DCMotor

===========================================================================================
----------------- testing Tue Jun 19 00:57:56 UTC 2018 /home/travis/build/icyphy/ptII/ptolemy/domains/continuous/test/auto/DEInContinuous.xml
----------------- Instantiating /home/travis/build/icyphy/ptII/ptolemy/domains/continuous/test/auto/DEInContinuous.xml
13 ms. Memory: 734720K Free: 135499K (18%)
----------------- Invoking toplevel() on ptolemy.moml.MoMLSimpleApplication@26c7c1c6
----------------- Done invoking toplevel() on ptolemy.moml.MoMLSimpleApplication@26c7c1c6
reloadAllAccessors: .DEInContinuous

===========================================================================================
----------------- testing Tue Jun 19 00:57:56 UTC 2018 /home/travis/build/icyphy/ptII/ptolemy/domains/continuous/test/auto/DEinContinuous2.xml
----------------- Instantiating /home/travis/build/icyphy/ptII/ptolemy/domains/continuous/test/auto/DEinContinuous2.xml
5 ms. Memory: 734720K Free: 114788K (16%)
----------------- Invoking toplevel() on ptolemy.moml.MoMLSimpleApplication@74de47c2
----------------- Done invoking toplevel() on ptolemy.moml.MoMLSimpleApplication@74de47c2
reloadAllAccessors: .DEinContinuous2

===========================================================================================
----------------- testing Tue Jun 19 00:57:56 UTC 2018 /home/travis/build/icyphy/ptII/ptolemy/domains/continuous/test/auto/Derivative.xml
----------------- Instantiating /home/travis/build/icyphy/ptII/ptolemy/domains/continuous/test/auto/Derivative.xml
164 ms. Memory: 734720K Free: 75932K (10%)
----------------- Invoking toplevel() on ptolemy.moml.MoMLSimpleApplication@106bffa4
----------------- Done invoking toplevel() on ptolemy.moml.MoMLSimpleApplication@106bffa4
reloadAllAccessors: .Derivative2

===========================================================================================
----------------- testing Tue Jun 19 00:57:56 UTC 2018 /home/travis/build/icyphy/ptII/ptolemy/domains/continuous/test/auto/Derivative1.xml
----------------- Instantiating /home/travis/build/icyphy/ptII/ptolemy/domains/continuous/test/auto/Derivative1.xml
24 ms. Memory: 697344K Free: 665307K (95%)
----------------- Invoking toplevel() on ptolemy.moml.MoMLSimpleApplication@385e3c63
----------------- Done invoking toplevel() on ptolemy.moml.MoMLSimpleApplication@385e3c63
reloadAllAccessors: .Derivative1

===========================================================================================
----------------- testing Tue Jun 19 00:57:56 UTC 2018 /home/travis/build/icyphy/ptII/ptolemy/domains/continuous/test/auto/DiscreteClock.xml
----------------- Instantiating /home/travis/build/icyphy/ptII/ptolemy/domains/continuous/test/auto/DiscreteClock.xml
6 ms. Memory: 697344K Free: 651315K (93%)
----------------- Invoking toplevel() on ptolemy.moml.MoMLSimpleApplication@635a7827
----------------- Done invoking toplevel() on ptolemy.moml.MoMLSimpleApplication@635a7827
reloadAllAccessors: .DiscreteClock

===========================================================================================
----------------- testing Tue Jun 19 00:57:56 UTC 2018 /home/travis/build/icyphy/ptII/ptolemy/domains/continuous/test/auto/EfficiencyCurve.xml
----------------- Instantiating /home/travis/build/icyphy/ptII/ptolemy/domains/continuous/test/auto/EfficiencyCurve.xml
64 ms. Memory: 697344K Free: 638178K (92%)
----------------- Invoking toplevel() on ptolemy.moml.MoMLSimpleApplication@47addde1
----------------- Done invoking toplevel() on ptolemy.moml.MoMLSimpleApplication@47addde1
reloadAllAccessors: .EfficiencyCurve

===========================================================================================
----------------- testing Tue Jun 19 00:57:57 UTC 2018 /home/travis/build/icyphy/ptII/ptolemy/domains/continuous/test/auto/ExponentialResponse.xml
----------------- Instantiating /home/travis/build/icyphy/ptII/ptolemy/domains/continuous/test/auto/ExponentialResponse.xml
99 ms. Memory: 697344K Free: 612721K (88%)
----------------- Invoking toplevel() on ptolemy.moml.MoMLSimpleApplication@40d73466
----------------- Done invoking toplevel() on ptolemy.moml.MoMLSimpleApplication@40d73466
reloadAllAccessors: .ExponentialResponse

===========================================================================================
----------------- testing Tue Jun 19 00:57:57 UTC 2018 /home/travis/build/icyphy/ptII/ptolemy/domains/continuous/test/auto/ExponentialResponseRK45.xml
----------------- Instantiating /home/travis/build/icyphy/ptII/ptolemy/domains/continuous/test/auto/ExponentialResponseRK45.xml
24 ms. Memory: 697344K Free: 593424K (85%)
----------------- Invoking toplevel() on ptolemy.moml.MoMLSimpleApplication@389e9716
----------------- Done invoking toplevel() on ptolemy.moml.MoMLSimpleApplication@389e9716
reloadAllAccessors: .ExponentialResponseRK45

===========================================================================================
----------------- testing Tue Jun 19 00:57:57 UTC 2018 /home/travis/build/icyphy/ptII/ptolemy/domains/continuous/test/auto/Friction.xml
----------------- Instantiating /home/travis/build/icyphy/ptII/ptolemy/domains/continuous/test/auto/Friction.xml
1266 ms. Memory: 697344K Free: 136225K (20%)
----------------- Invoking toplevel() on ptolemy.moml.MoMLSimpleApplication@5477acc2
----------------- Done invoking toplevel() on ptolemy.moml.MoMLSimpleApplication@5477acc2
reloadAllAccessors: .Friction

===========================================================================================
----------------- testing Tue Jun 19 00:57:58 UTC 2018 /home/travis/build/icyphy/ptII/ptolemy/domains/continuous/test/auto/FurutaPendulum.xml
----------------- Instantiating /home/travis/build/icyphy/ptII/ptolemy/domains/continuous/test/auto/FurutaPendulum.xml
3164 ms. Memory: 674816K Free: 217613K (32%)
----------------- Invoking toplevel() on ptolemy.moml.MoMLSimpleApplication@1bf9cfc1
----------------- Done invoking toplevel() on ptolemy.moml.MoMLSimpleApplication@1bf9cfc1
reloadAllAccessors: .FurutaPendulum

===========================================================================================
----------------- testing Tue Jun 19 00:58:01 UTC 2018 /home/travis/build/icyphy/ptII/ptolemy/domains/continuous/test/auto/HierarchicalExecution.xml
----------------- Instantiating /home/travis/build/icyphy/ptII/ptolemy/domains/continuous/test/auto/HierarchicalExecution.xml
1871 ms. Memory: 647168K Free: 461357K (71%)
----------------- Invoking toplevel() on ptolemy.moml.MoMLSimpleApplication@41e87951
----------------- Done invoking toplevel() on ptolemy.moml.MoMLSimpleApplication@41e87951
reloadAllAccessors: .HierarchicalExecution

===========================================================================================
----------------- testing Tue Jun 19 00:58:04 UTC 2018 /home/travis/build/icyphy/ptII/ptolemy/domains/continuous/test/auto/HybridPlant.xml
----------------- Instantiating /home/travis/build/icyphy/ptII/ptolemy/domains/continuous/test/auto/HybridPlant.xml
458 ms. Memory: 647168K Free: 182745K (28%)
----------------- Invoking toplevel() on ptolemy.moml.MoMLSimpleApplication@310dcba3
----------------- Done invoking toplevel() on ptolemy.moml.MoMLSimpleApplication@310dcba3
reloadAllAccessors: .HybridPlant

===========================================================================================
----------------- testing Tue Jun 19 00:58:04 UTC 2018 /home/travis/build/icyphy/ptII/ptolemy/domains/continuous/test/auto/Hysteresis.xml
----------------- Instantiating /home/travis/build/icyphy/ptII/ptolemy/domains/continuous/test/auto/Hysteresis.xml
132 ms. Memory: 647168K Free: 114753K (18%)
----------------- Invoking toplevel() on ptolemy.moml.MoMLSimpleApplication@57651a5b
----------------- Done invoking toplevel() on ptolemy.moml.MoMLSimpleApplication@57651a5b
reloadAllAccessors: .Hysteresis

===========================================================================================
----------------- testing Tue Jun 19 00:58:04 UTC 2018 /home/travis/build/icyphy/ptII/ptolemy/domains/continuous/test/auto/HysteresisWithRandomDelay.xml
----------------- Instantiating /home/travis/build/icyphy/ptII/ptolemy/domains/continuous/test/auto/HysteresisWithRandomDelay.xml
177 ms. Memory: 615424K Free: 559580K (91%)
----------------- Invoking toplevel() on ptolemy.moml.MoMLSimpleApplication@494d8ab1
----------------- Done invoking toplevel() on ptolemy.moml.MoMLSimpleApplication@494d8ab1
reloadAllAccessors: .HysteresisWithRandomDelay

===========================================================================================
----------------- testing Tue Jun 19 00:58:05 UTC 2018 /home/travis/build/icyphy/ptII/ptolemy/domains/continuous/test/auto/HysteresisWithRandomLosses.xml
----------------- Instantiating /home/travis/build/icyphy/ptII/ptolemy/domains/continuous/test/auto/HysteresisWithRandomLosses.xml
2067 ms. Memory: 591872K Free: 292149K (49%)
----------------- Invoking toplevel() on ptolemy.moml.MoMLSimpleApplication@4218175
----------------- Done invoking toplevel() on ptolemy.moml.MoMLSimpleApplication@4218175
reloadAllAccessors: .HysteresisWithRandomLosses

===========================================================================================
----------------- testing Tue Jun 19 00:58:07 UTC 2018 /home/travis/build/icyphy/ptII/ptolemy/domains/continuous/test/auto/ImmediateTransitions.xml
----------------- Instantiating /home/travis/build/icyphy/ptII/ptolemy/domains/continuous/test/auto/ImmediateTransitions.xml
9 ms. Memory: 591872K Free: 277035K (47%)
----------------- Invoking toplevel() on ptolemy.moml.MoMLSimpleApplication@26c5e18d
----------------- Done invoking toplevel() on ptolemy.moml.MoMLSimpleApplication@26c5e18d
reloadAllAccessors: .ImmediateTransitions

===========================================================================================
----------------- testing Tue Jun 19 00:58:07 UTC 2018 /home/travis/build/icyphy/ptII/ptolemy/domains/continuous/test/auto/ImpulseFeedback.xml
----------------- Instantiating /home/travis/build/icyphy/ptII/ptolemy/domains/continuous/test/auto/ImpulseFeedback.xml
10 ms. Memory: 591872K Free: 268506K (45%)
----------------- Invoking toplevel() on ptolemy.moml.MoMLSimpleApplication@5e08c861
----------------- Done invoking toplevel() on ptolemy.moml.MoMLSimpleApplication@5e08c861
reloadAllAccessors: .ImpulseFeedback

===========================================================================================
----------------- testing Tue Jun 19 00:58:07 UTC 2018 /home/travis/build/icyphy/ptII/ptolemy/domains/continuous/test/auto/ImpulseFeedback2.xml
----------------- Instantiating /home/travis/build/icyphy/ptII/ptolemy/domains/continuous/test/auto/ImpulseFeedback2.xml
5 ms. Memory: 591872K Free: 259994K (44%)
----------------- Invoking toplevel() on ptolemy.moml.MoMLSimpleApplication@740e21c9
----------------- Done invoking toplevel() on ptolemy.moml.MoMLSimpleApplication@740e21c9
reloadAllAccessors: .ImpulseFeedback2

===========================================================================================
----------------- testing Tue Jun 19 00:58:07 UTC 2018 /home/travis/build/icyphy/ptII/ptolemy/domains/continuous/test/auto/IncreasingRatePoisson.xml
----------------- Instantiating /home/travis/build/icyphy/ptII/ptolemy/domains/continuous/test/auto/IncreasingRatePoisson.xml
666 ms. Memory: 565760K Free: 421383K (74%)
----------------- Invoking toplevel() on ptolemy.moml.MoMLSimpleApplication@7c233fa4
----------------- Done invoking toplevel() on ptolemy.moml.MoMLSimpleApplication@7c233fa4
reloadAllAccessors: .IncreasingRatePoisson

===========================================================================================
----------------- testing Tue Jun 19 00:58:07 UTC 2018 /home/travis/build/icyphy/ptII/ptolemy/domains/continuous/test/auto/InitialStateFeedback.xml
----------------- Instantiating /home/travis/build/icyphy/ptII/ptolemy/domains/continuous/test/auto/InitialStateFeedback.xml
8 ms. Memory: 565760K Free: 411904K (73%)
----------------- Invoking toplevel() on ptolemy.moml.MoMLSimpleApplication@2633d9e8
----------------- Done invoking toplevel() on ptolemy.moml.MoMLSimpleApplication@2633d9e8
reloadAllAccessors: .InitialStateFeedback

===========================================================================================
----------------- testing Tue Jun 19 00:58:08 UTC 2018 /home/travis/build/icyphy/ptII/ptolemy/domains/continuous/test/auto/Integration.xml
----------------- Instantiating /home/travis/build/icyphy/ptII/ptolemy/domains/continuous/test/auto/Integration.xml
2 ms. Memory: 565760K Free: 403817K (71%)
----------------- Invoking toplevel() on ptolemy.moml.MoMLSimpleApplication@ed4484b
----------------- Done invoking toplevel() on ptolemy.moml.MoMLSimpleApplication@ed4484b
reloadAllAccessors: .Integration

===========================================================================================
----------------- testing Tue Jun 19 00:58:08 UTC 2018 /home/travis/build/icyphy/ptII/ptolemy/domains/continuous/test/auto/Integration2.xml
----------------- Instantiating /home/travis/build/icyphy/ptII/ptolemy/domains/continuous/test/auto/Integration2.xml
78 ms. Memory: 565760K Free: 385950K (68%)
----------------- Invoking toplevel() on ptolemy.moml.MoMLSimpleApplication@1d384322
----------------- Done invoking toplevel() on ptolemy.moml.MoMLSimpleApplication@1d384322
reloadAllAccessors: .Integration2

===========================================================================================
----------------- testing Tue Jun 19 00:58:08 UTC 2018 /home/travis/build/icyphy/ptII/ptolemy/domains/continuous/test/auto/Integration3.xml
----------------- Instantiating /home/travis/build/icyphy/ptII/ptolemy/domains/continuous/test/auto/Integration3.xml
4 ms. Memory: 565760K Free: 377868K (67%)
----------------- Invoking toplevel() on ptolemy.moml.MoMLSimpleApplication@65541356
----------------- Done invoking toplevel() on ptolemy.moml.MoMLSimpleApplication@65541356
reloadAllAccessors: .Integration3

===========================================================================================
----------------- testing Tue Jun 19 00:58:08 UTC 2018 /home/travis/build/icyphy/ptII/ptolemy/domains/continuous/test/auto/Integration5.xml
----------------- Instantiating /home/travis/build/icyphy/ptII/ptolemy/domains/continuous/test/auto/Integration5.xml
1 ms. Memory: 565760K Free: 369689K (65%)
----------------- Invoking toplevel() on ptolemy.moml.MoMLSimpleApplication@2b14ae8a
----------------- Done invoking toplevel() on ptolemy.moml.MoMLSimpleApplication@2b14ae8a
reloadAllAccessors: .Integration5

===========================================================================================
----------------- testing Tue Jun 19 00:58:08 UTC 2018 /home/travis/build/icyphy/ptII/ptolemy/domains/continuous/test/auto/IntegratorImpulse.xml
----------------- Instantiating /home/travis/build/icyphy/ptII/ptolemy/domains/continuous/test/auto/IntegratorImpulse.xml
2 ms. Memory: 565760K Free: 361615K (64%)
----------------- Invoking toplevel() on ptolemy.moml.MoMLSimpleApplication@6194a9f3
----------------- Done invoking toplevel() on ptolemy.moml.MoMLSimpleApplication@6194a9f3
reloadAllAccessors: .IntegratorImpulse

===========================================================================================
----------------- testing Tue Jun 19 00:58:08 UTC 2018 /home/travis/build/icyphy/ptII/ptolemy/domains/continuous/test/auto/IntegratorImpulse2.xml
----------------- Instantiating /home/travis/build/icyphy/ptII/ptolemy/domains/continuous/test/auto/IntegratorImpulse2.xml
4 ms. Memory: 565760K Free: 353420K (62%)
----------------- Invoking toplevel() on ptolemy.moml.MoMLSimpleApplication@1e1b487b
----------------- Done invoking toplevel() on ptolemy.moml.MoMLSimpleApplication@1e1b487b
reloadAllAccessors: .IntegratorImpulse2

===========================================================================================
----------------- testing Tue Jun 19 00:58:08 UTC 2018 /home/travis/build/icyphy/ptII/ptolemy/domains/continuous/test/auto/LevelCrossing1.xml
----------------- Instantiating /home/travis/build/icyphy/ptII/ptolemy/domains/continuous/test/auto/LevelCrossing1.xml
3 ms. Memory: 565760K Free: 345339K (61%)
----------------- Invoking toplevel() on ptolemy.moml.MoMLSimpleApplication@2f29b216
----------------- Done invoking toplevel() on ptolemy.moml.MoMLSimpleApplication@2f29b216
reloadAllAccessors: .LevelCrossing1

===========================================================================================
----------------- testing Tue Jun 19 00:58:08 UTC 2018 /home/travis/build/icyphy/ptII/ptolemy/domains/continuous/test/auto/LevelCrossing2.xml
----------------- Instantiating /home/travis/build/icyphy/ptII/ptolemy/domains/continuous/test/auto/LevelCrossing2.xml
3 ms. Memory: 565760K Free: 337143K (60%)
----------------- Invoking toplevel() on ptolemy.moml.MoMLSimpleApplication@78768549
----------------- Done invoking toplevel() on ptolemy.moml.MoMLSimpleApplication@78768549
reloadAllAccessors: .LevelCrossing2

===========================================================================================
----------------- testing Tue Jun 19 00:58:08 UTC 2018 /home/travis/build/icyphy/ptII/ptolemy/domains/continuous/test/auto/LevelCrossing3.xml
----------------- Instantiating /home/travis/build/icyphy/ptII/ptolemy/domains/continuous/test/auto/LevelCrossing3.xml
2 ms. Memory: 565760K Free: 329061K (58%)
----------------- Invoking toplevel() on ptolemy.moml.MoMLSimpleApplication@52412f78
----------------- Done invoking toplevel() on ptolemy.moml.MoMLSimpleApplication@52412f78
reloadAllAccessors: .LevelCrossing3

===========================================================================================
----------------- testing Tue Jun 19 00:58:08 UTC 2018 /home/travis/build/icyphy/ptII/ptolemy/domains/continuous/test/auto/LevelCrossing4.xml
----------------- Instantiating /home/travis/build/icyphy/ptII/ptolemy/domains/continuous/test/auto/LevelCrossing4.xml
2 ms. Memory: 565760K Free: 320865K (57%)
----------------- Invoking toplevel() on ptolemy.moml.MoMLSimpleApplication@39136a14
----------------- Done invoking toplevel() on ptolemy.moml.MoMLSimpleApplication@39136a14
reloadAllAccessors: .LevelCrossing4

===========================================================================================
----------------- testing Tue Jun 19 00:58:08 UTC 2018 /home/travis/build/icyphy/ptII/ptolemy/domains/continuous/test/auto/LevelCrossing5.xml
----------------- Instantiating /home/travis/build/icyphy/ptII/ptolemy/domains/continuous/test/auto/LevelCrossing5.xml
2 ms. Memory: 565760K Free: 312784K (55%)
----------------- Invoking toplevel() on ptolemy.moml.MoMLSimpleApplication@3182d63d
----------------- Done invoking toplevel() on ptolemy.moml.MoMLSimpleApplication@3182d63d
reloadAllAccessors: .LevelCrossing5

===========================================================================================
----------------- testing Tue Jun 19 00:58:08 UTC 2018 /home/travis/build/icyphy/ptII/ptolemy/domains/continuous/test/auto/LevelCrossing6.xml
----------------- Instantiating /home/travis/build/icyphy/ptII/ptolemy/domains/continuous/test/auto/LevelCrossing6.xml
[...]
----------------- testing Tue Jun 19 00:58:24 UTC 2018 /home/travis/build/icyphy/ptII/ptolemy/domains/continuous/test/auto/ResetTransitionWithStartTime6.xml
----------------- Instantiating /home/travis/build/icyphy/ptII/ptolemy/domains/continuous/test/auto/ResetTransitionWithStartTime6.xml
11 ms. Memory: 371712K Free: 192669K (52%)
----------------- Invoking toplevel() on ptolemy.moml.MoMLSimpleApplication@6e2a3ad7
----------------- Done invoking toplevel() on ptolemy.moml.MoMLSimpleApplication@6e2a3ad7
reloadAllAccessors: .ResetTransitionWithStartTime6

===========================================================================================
----------------- testing Tue Jun 19 00:58:24 UTC 2018 /home/travis/build/icyphy/ptII/ptolemy/domains/continuous/test/auto/SRinContinuous.xml
----------------- Instantiating /home/travis/build/icyphy/ptII/ptolemy/domains/continuous/test/auto/SRinContinuous.xml
4 ms. Memory: 371712K Free: 183049K (49%)
----------------- Invoking toplevel() on ptolemy.moml.MoMLSimpleApplication@ce4c528
----------------- Done invoking toplevel() on ptolemy.moml.MoMLSimpleApplication@ce4c528
reloadAllAccessors: .SRinContinuous

===========================================================================================
----------------- testing Tue Jun 19 00:58:24 UTC 2018 /home/travis/build/icyphy/ptII/ptolemy/domains/continuous/test/auto/SampledClocks.xml
----------------- Instantiating /home/travis/build/icyphy/ptII/ptolemy/domains/continuous/test/auto/SampledClocks.xml
8 ms. Memory: 371712K Free: 167587K (45%)
----------------- Invoking toplevel() on ptolemy.moml.MoMLSimpleApplication@ee67264
----------------- Done invoking toplevel() on ptolemy.moml.MoMLSimpleApplication@ee67264
reloadAllAccessors: .SampledClocks

===========================================================================================
----------------- testing Tue Jun 19 00:58:24 UTC 2018 /home/travis/build/icyphy/ptII/ptolemy/domains/continuous/test/auto/Satellite.xml
----------------- Instantiating /home/travis/build/icyphy/ptII/ptolemy/domains/continuous/test/auto/Satellite.xml
841 ms. Memory: 358912K Free: 263404K (73%)
----------------- Invoking toplevel() on ptolemy.moml.MoMLSimpleApplication@29914ded
----------------- Done invoking toplevel() on ptolemy.moml.MoMLSimpleApplication@29914ded
reloadAllAccessors: .Satellite

===========================================================================================
----------------- testing Tue Jun 19 00:58:25 UTC 2018 /home/travis/build/icyphy/ptII/ptolemy/domains/continuous/test/auto/SigmaDelta.xml
----------------- Instantiating /home/travis/build/icyphy/ptII/ptolemy/domains/continuous/test/auto/SigmaDelta.xml
2266 ms. Memory: 352768K Free: 149779K (42%)
----------------- Invoking toplevel() on ptolemy.moml.MoMLSimpleApplication@145d2ee
----------------- Done invoking toplevel() on ptolemy.moml.MoMLSimpleApplication@145d2ee
reloadAllAccessors: .SigmaDelta

===========================================================================================
----------------- testing Tue Jun 19 00:58:28 UTC 2018 /home/travis/build/icyphy/ptII/ptolemy/domains/continuous/test/auto/SinuBouncingBall.xml
----------------- Instantiating /home/travis/build/icyphy/ptII/ptolemy/domains/continuous/test/auto/SinuBouncingBall.xml
640 ms. Memory: 335872K Free: 173388K (52%)
----------------- Invoking toplevel() on ptolemy.moml.MoMLSimpleApplication@1489e469
----------------- Done invoking toplevel() on ptolemy.moml.MoMLSimpleApplication@1489e469
reloadAllAccessors: .SinuBouncingBall

===========================================================================================
----------------- testing Tue Jun 19 00:58:28 UTC 2018 /home/travis/build/icyphy/ptII/ptolemy/domains/continuous/test/auto/Sinusoid.xml
----------------- Instantiating /home/travis/build/icyphy/ptII/ptolemy/domains/continuous/test/auto/Sinusoid.xml
4 ms. Memory: 335872K Free: 167676K (50%)
----------------- Invoking toplevel() on ptolemy.moml.MoMLSimpleApplication@4ea903d4
----------------- Done invoking toplevel() on ptolemy.moml.MoMLSimpleApplication@4ea903d4
reloadAllAccessors: .Sinusoid

===========================================================================================
----------------- testing Tue Jun 19 00:58:28 UTC 2018 /home/travis/build/icyphy/ptII/ptolemy/domains/continuous/test/auto/SinusoidInNoise.xml
----------------- Instantiating /home/travis/build/icyphy/ptII/ptolemy/domains/continuous/test/auto/SinusoidInNoise.xml
856 ms. Memory: 324608K Free: 204568K (63%)
----------------- Invoking toplevel() on ptolemy.moml.MoMLSimpleApplication@5841a1d3
----------------- Done invoking toplevel() on ptolemy.moml.MoMLSimpleApplication@5841a1d3
reloadAllAccessors: .SinusoidInNoise

===========================================================================================
----------------- testing Tue Jun 19 00:58:29 UTC 2018 /home/travis/build/icyphy/ptII/ptolemy/domains/continuous/test/auto/SinusoidRK45.xml
----------------- Instantiating /home/travis/build/icyphy/ptII/ptolemy/domains/continuous/test/auto/SinusoidRK45.xml
1 ms. Memory: 324608K Free: 198034K (61%)
----------------- Invoking toplevel() on ptolemy.moml.MoMLSimpleApplication@3b6f05ba
----------------- Done invoking toplevel() on ptolemy.moml.MoMLSimpleApplication@3b6f05ba
reloadAllAccessors: .SinusoidRK45

===========================================================================================
----------------- testing Tue Jun 19 00:58:29 UTC 2018 /home/travis/build/icyphy/ptII/ptolemy/domains/continuous/test/auto/SinusoidWithMultipleImpulses.xml
----------------- Instantiating /home/travis/build/icyphy/ptII/ptolemy/domains/continuous/test/auto/SinusoidWithMultipleImpulses.xml
3 ms. Memory: 324608K Free: 192258K (59%)
----------------- Invoking toplevel() on ptolemy.moml.MoMLSimpleApplication@2bf4d4e9
----------------- Done invoking toplevel() on ptolemy.moml.MoMLSimpleApplication@2bf4d4e9
reloadAllAccessors: .SinusoidWithMultipleImpulses

===========================================================================================
----------------- testing Tue Jun 19 00:58:29 UTC 2018 /home/travis/build/icyphy/ptII/ptolemy/domains/continuous/test/auto/SquareWave.xml
----------------- Instantiating /home/travis/build/icyphy/ptII/ptolemy/domains/continuous/test/auto/SquareWave.xml
157 ms. Memory: 324608K Free: 159091K (49%)
----------------- Invoking toplevel() on ptolemy.moml.MoMLSimpleApplication@768d2d5a
----------------- Done invoking toplevel() on ptolemy.moml.MoMLSimpleApplication@768d2d5a
reloadAllAccessors: .SquareWave

===========================================================================================
----------------- testing Tue Jun 19 00:58:30 UTC 2018 /home/travis/build/icyphy/ptII/ptolemy/domains/continuous/test/auto/Starmac.xml
----------------- Instantiating /home/travis/build/icyphy/ptII/ptolemy/domains/continuous/test/auto/Starmac.xml
3040 ms. Memory: 386560K Free: 91144K (24%)
----------------- Invoking toplevel() on ptolemy.moml.MoMLSimpleApplication@580b1371
----------------- Done invoking toplevel() on ptolemy.moml.MoMLSimpleApplication@580b1371
reloadAllAccessors: .Starmac

===========================================================================================
----------------- testing Tue Jun 19 00:58:33 UTC 2018 /home/travis/build/icyphy/ptII/ptolemy/domains/continuous/test/auto/StaticUnits.xml
----------------- Instantiating /home/travis/build/icyphy/ptII/ptolemy/domains/continuous/test/auto/StaticUnits.xml
2049 ms. Memory: 524288K Free: 488763K (93%)
----------------- Invoking toplevel() on ptolemy.moml.MoMLSimpleApplication@2a59511c
----------------- Done invoking toplevel() on ptolemy.moml.MoMLSimpleApplication@2a59511c
reloadAllAccessors: .StaticUnits

===========================================================================================
----------------- testing Tue Jun 19 00:58:36 UTC 2018 /home/travis/build/icyphy/ptII/ptolemy/domains/continuous/test/auto/StickyMasses.xml
----------------- Instantiating /home/travis/build/icyphy/ptII/ptolemy/domains/continuous/test/auto/StickyMasses.xml
120 ms. Memory: 524288K Free: 431150K (82%)
----------------- Invoking toplevel() on ptolemy.moml.MoMLSimpleApplication@2ff344bd
----------------- Done invoking toplevel() on ptolemy.moml.MoMLSimpleApplication@2ff344bd
reloadAllAccessors: .StickyMasses

===========================================================================================
----------------- testing Tue Jun 19 00:58:36 UTC 2018 /home/travis/build/icyphy/ptII/ptolemy/domains/continuous/test/auto/StopTime.xml
----------------- Instantiating /home/travis/build/icyphy/ptII/ptolemy/domains/continuous/test/auto/StopTime.xml
35 ms. Memory: 524288K Free: 399699K (76%)
----------------- Invoking toplevel() on ptolemy.moml.MoMLSimpleApplication@7b6436ef
----------------- Done invoking toplevel() on ptolemy.moml.MoMLSimpleApplication@7b6436ef
reloadAllAccessors: .StopTime

===========================================================================================
----------------- testing Tue Jun 19 00:58:36 UTC 2018 /home/travis/build/icyphy/ptII/ptolemy/domains/continuous/test/auto/StopTime2.xml
----------------- Instantiating /home/travis/build/icyphy/ptII/ptolemy/domains/continuous/test/auto/StopTime2.xml
32 ms. Memory: 524288K Free: 371358K (71%)
----------------- Invoking toplevel() on ptolemy.moml.MoMLSimpleApplication@173e1ec8
----------------- Done invoking toplevel() on ptolemy.moml.MoMLSimpleApplication@173e1ec8
reloadAllAccessors: .StopTime2

===========================================================================================
----------------- testing Tue Jun 19 00:58:36 UTC 2018 /home/travis/build/icyphy/ptII/ptolemy/domains/continuous/test/auto/Switch.xml
----------------- Instantiating /home/travis/build/icyphy/ptII/ptolemy/domains/continuous/test/auto/Switch.xml
63 ms. Memory: 524288K Free: 339890K (65%)
----------------- Invoking toplevel() on ptolemy.moml.MoMLSimpleApplication@5cbcd7c0
----------------- Done invoking toplevel() on ptolemy.moml.MoMLSimpleApplication@5cbcd7c0
reloadAllAccessors: .Switch

===========================================================================================
----------------- testing Tue Jun 19 00:58:36 UTC 2018 /home/travis/build/icyphy/ptII/ptolemy/domains/continuous/test/auto/Thermostat.xml
----------------- Instantiating /home/travis/build/icyphy/ptII/ptolemy/domains/continuous/test/auto/Thermostat.xml
169 ms. Memory: 524288K Free: 262687K (50%)
----------------- Invoking toplevel() on ptolemy.moml.MoMLSimpleApplication@7e80ea3a
----------------- Done invoking toplevel() on ptolemy.moml.MoMLSimpleApplication@7e80ea3a
reloadAllAccessors: .Thermostat

===========================================================================================
----------------- testing Tue Jun 19 00:58:36 UTC 2018 /home/travis/build/icyphy/ptII/ptolemy/domains/continuous/test/auto/TimeDelay.xml
----------------- Instantiating /home/travis/build/icyphy/ptII/ptolemy/domains/continuous/test/auto/TimeDelay.xml
6 ms. Memory: 524288K Free: 252654K (48%)
----------------- Invoking toplevel() on ptolemy.moml.MoMLSimpleApplication@4d6aba3e
----------------- Done invoking toplevel() on ptolemy.moml.MoMLSimpleApplication@4d6aba3e
reloadAllAccessors: .TimeDelay

===========================================================================================
----------------- testing Tue Jun 19 00:58:36 UTC 2018 /home/travis/build/icyphy/ptII/ptolemy/domains/continuous/test/auto/TimeDelay2.xml
----------------- Instantiating /home/travis/build/icyphy/ptII/ptolemy/domains/continuous/test/auto/TimeDelay2.xml
7 ms. Memory: 524288K Free: 239486K (46%)
----------------- Invoking toplevel() on ptolemy.moml.MoMLSimpleApplication@311d070b
----------------- Done invoking toplevel() on ptolemy.moml.MoMLSimpleApplication@311d070b
reloadAllAccessors: .TimeDelay2

===========================================================================================
----------------- testing Tue Jun 19 00:58:36 UTC 2018 /home/travis/build/icyphy/ptII/ptolemy/domains/continuous/test/auto/TimeDelay3.xml
----------------- Instantiating /home/travis/build/icyphy/ptII/ptolemy/domains/continuous/test/auto/TimeDelay3.xml
7 ms. Memory: 524288K Free: 232439K (44%)
----------------- Invoking toplevel() on ptolemy.moml.MoMLSimpleApplication@200b72a8
----------------- Done invoking toplevel() on ptolemy.moml.MoMLSimpleApplication@200b72a8
reloadAllAccessors: .TimeDelay3

===========================================================================================
----------------- testing Tue Jun 19 00:58:36 UTC 2018 /home/travis/build/icyphy/ptII/ptolemy/domains/continuous/test/auto/TransferAbsentToInside.xml
----------------- Instantiating /home/travis/build/icyphy/ptII/ptolemy/domains/continuous/test/auto/TransferAbsentToInside.xml
26 ms. Memory: 524288K Free: 173449K (33%)
----------------- Invoking toplevel() on ptolemy.moml.MoMLSimpleApplication@5dd068ea
----------------- Done invoking toplevel() on ptolemy.moml.MoMLSimpleApplication@5dd068ea
reloadAllAccessors: .TransferAbsentToInside

===========================================================================================
----------------- testing Tue Jun 19 00:58:36 UTC 2018 /home/travis/build/icyphy/ptII/ptolemy/domains/continuous/test/auto/Transmission.xml
----------------- Instantiating /home/travis/build/icyphy/ptII/ptolemy/domains/continuous/test/auto/Transmission.xml
651 ms. Memory: 502784K Free: 366972K (73%)
----------------- Invoking toplevel() on ptolemy.moml.MoMLSimpleApplication@7aa2b9ef
----------------- Done invoking toplevel() on ptolemy.moml.MoMLSimpleApplication@7aa2b9ef
reloadAllAccessors: .Transmission

===========================================================================================
----------------- testing Tue Jun 19 00:58:37 UTC 2018 /home/travis/build/icyphy/ptII/ptolemy/domains/continuous/test/auto/TriggeredContinuousClock.xml
----------------- Instantiating /home/travis/build/icyphy/ptII/ptolemy/domains/continuous/test/auto/TriggeredContinuousClock.xml
32 ms. Memory: 502784K Free: 332381K (66%)
----------------- Invoking toplevel() on ptolemy.moml.MoMLSimpleApplication@15f28c7
----------------- Done invoking toplevel() on ptolemy.moml.MoMLSimpleApplication@15f28c7
reloadAllAccessors: .TriggeredContinuousClock

===========================================================================================
----------------- testing Tue Jun 19 00:58:37 UTC 2018 /home/travis/build/icyphy/ptII/ptolemy/domains/continuous/test/auto/TwoMachineInfiniteBusControl.xml
----------------- Instantiating /home/travis/build/icyphy/ptII/ptolemy/domains/continuous/test/auto/TwoMachineInfiniteBusControl.xml
2836 ms. Memory: 493568K Free: 198471K (40%)
----------------- Invoking toplevel() on ptolemy.moml.MoMLSimpleApplication@3af3fbe1
----------------- Done invoking toplevel() on ptolemy.moml.MoMLSimpleApplication@3af3fbe1
reloadAllAccessors: .TwoMachineInfiniteBusControl

===========================================================================================
----------------- testing Tue Jun 19 00:58:40 UTC 2018 /home/travis/build/icyphy/ptII/ptolemy/domains/continuous/test/auto/V2V.xml
----------------- Instantiating /home/travis/build/icyphy/ptII/ptolemy/domains/continuous/test/auto/V2V.xml
703 ms. Memory: 464384K Free: 382386K (82%)
----------------- Invoking toplevel() on ptolemy.moml.MoMLSimpleApplication@94ac926
----------------- Done invoking toplevel() on ptolemy.moml.MoMLSimpleApplication@94ac926
reloadAllAccessors: .V2V

===========================================================================================
----------------- testing Tue Jun 19 00:58:41 UTC 2018 /home/travis/build/icyphy/ptII/ptolemy/domains/continuous/test/auto/hierarchicalModalModel.xml
----------------- Instantiating /home/travis/build/icyphy/ptII/ptolemy/domains/continuous/test/auto/hierarchicalModalModel.xml
6 ms. Memory: 464384K Free: 364151K (78%)
----------------- Invoking toplevel() on ptolemy.moml.MoMLSimpleApplication@5eb20508
----------------- Done invoking toplevel() on ptolemy.moml.MoMLSimpleApplication@5eb20508
reloadAllAccessors: .hierarchicalModalModel

===========================================================================================
----------------- testing Tue Jun 19 00:58:41 UTC 2018 /home/travis/build/icyphy/ptII/ptolemy/domains/continuous/test/auto/hierarchicalModalModel1.xml
----------------- Instantiating /home/travis/build/icyphy/ptII/ptolemy/domains/continuous/test/auto/hierarchicalModalModel1.xml
8 ms. Memory: 464384K Free: 347312K (75%)
----------------- Invoking toplevel() on ptolemy.moml.MoMLSimpleApplication@46b9b354
----------------- Done invoking toplevel() on ptolemy.moml.MoMLSimpleApplication@46b9b354
reloadAllAccessors: .hierarchicalModalModel1

===========================================================================================
----------------- testing Tue Jun 19 00:58:41 UTC 2018 /home/travis/build/icyphy/ptII/ptolemy/domains/continuous/test/auto/hierarchicalModalModel2.xml
----------------- Instantiating /home/travis/build/icyphy/ptII/ptolemy/domains/continuous/test/auto/hierarchicalModalModel2.xml
5 ms. Memory: 464384K Free: 330505K (71%)
----------------- Invoking toplevel() on ptolemy.moml.MoMLSimpleApplication@4535fb85
----------------- Done invoking toplevel() on ptolemy.moml.MoMLSimpleApplication@4535fb85
reloadAllAccessors: .hierarchicalModalModel2

===========================================================================================
----------------- testing Tue Jun 19 00:58:41 UTC 2018 /home/travis/build/icyphy/ptII/ptolemy/domains/continuous/test/auto/hierarchicalModalModel3.xml
----------------- Instantiating /home/travis/build/icyphy/ptII/ptolemy/domains/continuous/test/auto/hierarchicalModalModel3.xml
5 ms. Memory: 464384K Free: 315705K (68%)
----------------- Invoking toplevel() on ptolemy.moml.MoMLSimpleApplication@4f9ab6e3
----------------- Done invoking toplevel() on ptolemy.moml.MoMLSimpleApplication@4f9ab6e3
reloadAllAccessors: .hierarchicalModalModel3

===========================================================================================
----------------- testing Tue Jun 19 00:58:41 UTC 2018 /home/travis/build/icyphy/ptII/ptolemy/domains/continuous/test/auto/hierarchicalModalModel4.xml
----------------- Instantiating /home/travis/build/icyphy/ptII/ptolemy/domains/continuous/test/auto/hierarchicalModalModel4.xml
4 ms. Memory: 464384K Free: 300839K (65%)
----------------- Invoking toplevel() on ptolemy.moml.MoMLSimpleApplication@140aab5d
----------------- Done invoking toplevel() on ptolemy.moml.MoMLSimpleApplication@140aab5d
reloadAllAccessors: .hierarchicalModalModel4

===========================================================================================
----------------- testing Tue Jun 19 00:58:41 UTC 2018 /home/travis/build/icyphy/ptII/ptolemy/domains/continuous/test/auto/junk.xml
----------------- Instantiating /home/travis/build/icyphy/ptII/ptolemy/domains/continuous/test/auto/junk.xml
133 ms. Memory: 464384K Free: 268208K (58%)
----------------- Invoking toplevel() on ptolemy.moml.MoMLSimpleApplication@5a9d6fd8
----------------- Done invoking toplevel() on ptolemy.moml.MoMLSimpleApplication@5a9d6fd8
reloadAllAccessors: .junk
AutoTests.java: About to close Vertx.
AutoTests.java: Vertx closed.
]]></system-out>
  <system-err><![CDATA[Warning: '.HysteresisWithRandomDelay.NonStrictTest3' The test produced only 22 tokens, yet the correctValues parameter was expecting 30 tokens.
Warning: '.IncreasingRatePoisson.NonStrictTest' The test produced only 396 tokens, yet the correctValues parameter was expecting 402 tokens.
Warning: '.Poisson.NonStrictTest' The test produced only 388 tokens, yet the correctValues parameter was expecting 430 tokens.
]]></system-err>
</testsuite>
