<?xml version="1.0" encoding="UTF-8" ?>
<testsuite errors="0" failures="0" hostname="travis-job-07634975-f75e-4a5d-9a00-8a23c001e08b" name="ptolemy.domains.continuous.test.junit.JUnitTclTest" skipped="0" tests="156" time="78.689" timestamp="2019-08-17T05:20:16">
  <properties>
[...]
</properties>
  <testcase classname="ptolemy.util.test.junit.TclTests" name="[0] ThereAreNoTclTests (RunTclFile)" time="0.008" />
  <testcase classname="ptolemy.util.test.junit.AutoKnownFailedTests" name="[0] ThereAreNoKnowFailedTests (RunModel)" time="0.009" />
  <testcase classname="ptolemy.util.test.junit.AutoNameArchTests" name="[0] ThereAreNoAutoArchTests (RunModel)" time="0.024" />
  <testcase classname="ptolemy.util.test.junit.AutoTests" name="[0] /home/travis/build/icyphy/ptII/ptolemy/domains/continuous/test/auto/BouncingBall.xml (RunModel)" time="3.219" />
  <testcase classname="ptolemy.util.test.junit.AutoTests" name="[1] /home/travis/build/icyphy/ptII/ptolemy/domains/continuous/test/auto/BouncingBallWithoutGR.xml (RunModel)" time="1.152" />
  <testcase classname="ptolemy.util.test.junit.AutoTests" name="[2] /home/travis/build/icyphy/ptII/ptolemy/domains/continuous/test/auto/Brownian.xml (RunModel)" time="0.135" />
  <testcase classname="ptolemy.util.test.junit.AutoTests" name="[3] /home/travis/build/icyphy/ptII/ptolemy/domains/continuous/test/auto/CarTracking.xml (RunModel)" time="4.569" />
  <testcase classname="ptolemy.util.test.junit.AutoTests" name="[4] /home/travis/build/icyphy/ptII/ptolemy/domains/continuous/test/auto/CartPendulum.xml (RunModel)" time="0.606" />
  <testcase classname="ptolemy.util.test.junit.AutoTests" name="[5] /home/travis/build/icyphy/ptII/ptolemy/domains/continuous/test/auto/CausalityInterface10.xml (RunModel)" time="0.071" />
  <testcase classname="ptolemy.util.test.junit.AutoTests" name="[6] /home/travis/build/icyphy/ptII/ptolemy/domains/continuous/test/auto/CausalityInterface11.xml (RunModel)" time="0.033" />
  <testcase classname="ptolemy.util.test.junit.AutoTests" name="[7] /home/travis/build/icyphy/ptII/ptolemy/domains/continuous/test/auto/CausalityInterface12.xml (RunModel)" time="0.039" />
  <testcase classname="ptolemy.util.test.junit.AutoTests" name="[8] /home/travis/build/icyphy/ptII/ptolemy/domains/continuous/test/auto/CausalityInterface13.xml (RunModel)" time="0.045" />
  <testcase classname="ptolemy.util.test.junit.AutoTests" name="[9] /home/travis/build/icyphy/ptII/ptolemy/domains/continuous/test/auto/CausalityInterface14.xml (RunModel)" time="0.027" />
  <testcase classname="ptolemy.util.test.junit.AutoTests" name="[10] /home/travis/build/icyphy/ptII/ptolemy/domains/continuous/test/auto/CausalityInterface4.xml (RunModel)" time="0.051" />
  <testcase classname="ptolemy.util.test.junit.AutoTests" name="[11] /home/travis/build/icyphy/ptII/ptolemy/domains/continuous/test/auto/CausalityInterface5.xml (RunModel)" time="0.047" />
  <testcase classname="ptolemy.util.test.junit.AutoTests" name="[12] /home/travis/build/icyphy/ptII/ptolemy/domains/continuous/test/auto/CausalityInterface6.xml (RunModel)" time="0.024" />
  <testcase classname="ptolemy.util.test.junit.AutoTests" name="[13] /home/travis/build/icyphy/ptII/ptolemy/domains/continuous/test/auto/CausalityInterface7.xml (RunModel)" time="0.05" />
  <testcase classname="ptolemy.util.test.junit.AutoTests" name="[14] /home/travis/build/icyphy/ptII/ptolemy/domains/continuous/test/auto/CausalityInterface8.xml (RunModel)" time="0.035" />
  <testcase classname="ptolemy.util.test.junit.AutoTests" name="[15] /home/travis/build/icyphy/ptII/ptolemy/domains/continuous/test/auto/CausalityInterface9.xml (RunModel)" time="0.047" />
  <testcase classname="ptolemy.util.test.junit.AutoTests" name="[16] /home/travis/build/icyphy/ptII/ptolemy/domains/continuous/test/auto/CausalityInterfaceFeedback1.xml (RunModel)" time="0.037" />
  <testcase classname="ptolemy.util.test.junit.AutoTests" name="[17] /home/travis/build/icyphy/ptII/ptolemy/domains/continuous/test/auto/CausalityInterfaceFeedback2.xml (RunModel)" time="0.054" />
  <testcase classname="ptolemy.util.test.junit.AutoTests" name="[18] /home/travis/build/icyphy/ptII/ptolemy/domains/continuous/test/auto/CompareWithCurrentTime.xml (RunModel)" time="0.027" />
  <testcase classname="ptolemy.util.test.junit.AutoTests" name="[19] /home/travis/build/icyphy/ptII/ptolemy/domains/continuous/test/auto/ComparedClocks.xml (RunModel)" time="0.091" />
  <testcase classname="ptolemy.util.test.junit.AutoTests" name="[20] /home/travis/build/icyphy/ptII/ptolemy/domains/continuous/test/auto/ContinuousAOCClone.xml (RunModel)" time="2.824" />
  <testcase classname="ptolemy.util.test.junit.AutoTests" name="[21] /home/travis/build/icyphy/ptII/ptolemy/domains/continuous/test/auto/ContinuousClock.xml (RunModel)" time="0.104" />
  <testcase classname="ptolemy.util.test.junit.AutoTests" name="[22] /home/travis/build/icyphy/ptII/ptolemy/domains/continuous/test/auto/ContinuousInContinuous.xml (RunModel)" time="0.086" />
  <testcase classname="ptolemy.util.test.junit.AutoTests" name="[23] /home/travis/build/icyphy/ptII/ptolemy/domains/continuous/test/auto/ContinuousInContinuousInContinuous.xml (RunModel)" time="0.028" />
  <testcase classname="ptolemy.util.test.junit.AutoTests" name="[24] /home/travis/build/icyphy/ptII/ptolemy/domains/continuous/test/auto/ContinuousInDE.xml (RunModel)" time="0.113" />
  <testcase classname="ptolemy.util.test.junit.AutoTests" name="[25] /home/travis/build/icyphy/ptII/ptolemy/domains/continuous/test/auto/ContinuousInDE2.xml (RunModel)" time="0.058" />
  <testcase classname="ptolemy.util.test.junit.AutoTests" name="[26] /home/travis/build/icyphy/ptII/ptolemy/domains/continuous/test/auto/ContinuousInDE3.xml (RunModel)" time="0.049" />
  <testcase classname="ptolemy.util.test.junit.AutoTests" name="[27] /home/travis/build/icyphy/ptII/ptolemy/domains/continuous/test/auto/ContinuousInDE4.xml (RunModel)" time="0.032" />
  <testcase classname="ptolemy.util.test.junit.AutoTests" name="[28] /home/travis/build/icyphy/ptII/ptolemy/domains/continuous/test/auto/ContinuousInDEDifferentRefinements.xml (RunModel)" time="0.082" />
  <testcase classname="ptolemy.util.test.junit.AutoTests" name="[29] /home/travis/build/icyphy/ptII/ptolemy/domains/continuous/test/auto/ContinuousInDEDifferentRefinementsPreemptive.xml (RunModel)" time="0.097" />
  <testcase classname="ptolemy.util.test.junit.AutoTests" name="[30] /home/travis/build/icyphy/ptII/ptolemy/domains/continuous/test/auto/ContinuousInDEInContinuous2.xml (RunModel)" time="0.06" />
  <testcase classname="ptolemy.util.test.junit.AutoTests" name="[31] /home/travis/build/icyphy/ptII/ptolemy/domains/continuous/test/auto/ContinuousInDEInContinuous3.xml (RunModel)" time="0.062" />
  <testcase classname="ptolemy.util.test.junit.AutoTests" name="[32] /home/travis/build/icyphy/ptII/ptolemy/domains/continuous/test/auto/ContinuousInDEInput.xml (RunModel)" time="0.035" />
  <testcase classname="ptolemy.util.test.junit.AutoTests" name="[33] /home/travis/build/icyphy/ptII/ptolemy/domains/continuous/test/auto/ContinuousInDEInput2.xml (RunModel)" time="0.031" />
  <testcase classname="ptolemy.util.test.junit.AutoTests" name="[34] /home/travis/build/icyphy/ptII/ptolemy/domains/continuous/test/auto/ContinuousInDEInput3.xml (RunModel)" time="0.032" />
  <testcase classname="ptolemy.util.test.junit.AutoTests" name="[35] /home/travis/build/icyphy/ptII/ptolemy/domains/continuous/test/auto/ContinuousInDESharingRefinement.xml (RunModel)" time="0.18" />
  <testcase classname="ptolemy.util.test.junit.AutoTests" name="[36] /home/travis/build/icyphy/ptII/ptolemy/domains/continuous/test/auto/ContinuousInDEwithNoPorts.xml (RunModel)" time="0.016" />
  <testcase classname="ptolemy.util.test.junit.AutoTests" name="[37] /home/travis/build/icyphy/ptII/ptolemy/domains/continuous/test/auto/ContinuousInsideDE.xml (RunModel)" time="0.099" />
  <testcase classname="ptolemy.util.test.junit.AutoTests" name="[38] /home/travis/build/icyphy/ptII/ptolemy/domains/continuous/test/auto/ContinuousMerge1.xml (RunModel)" time="0.021" />
  <testcase classname="ptolemy.util.test.junit.AutoTests" name="[39] /home/travis/build/icyphy/ptII/ptolemy/domains/continuous/test/auto/ContinuousMerge2.xml (RunModel)" time="0.052" />
  <testcase classname="ptolemy.util.test.junit.AutoTests" name="[40] /home/travis/build/icyphy/ptII/ptolemy/domains/continuous/test/auto/ContinuousMerge3.xml (RunModel)" time="0.073" />
  <testcase classname="ptolemy.util.test.junit.AutoTests" name="[41] /home/travis/build/icyphy/ptII/ptolemy/domains/continuous/test/auto/ContinuousWithinContinuous.xml (RunModel)" time="0.068" />
  <testcase classname="ptolemy.util.test.junit.AutoTests" name="[42] /home/travis/build/icyphy/ptII/ptolemy/domains/continuous/test/auto/ContinuousWithinContinuous2.xml (RunModel)" time="0.1" />
  <testcase classname="ptolemy.util.test.junit.AutoTests" name="[43] /home/travis/build/icyphy/ptII/ptolemy/domains/continuous/test/auto/ContinuousWithinContinuous3.xml (RunModel)" time="0.033" />
  <testcase classname="ptolemy.util.test.junit.AutoTests" name="[44] /home/travis/build/icyphy/ptII/ptolemy/domains/continuous/test/auto/ContinuousWithinContinuous4.xml (RunModel)" time="0.103" />
  <testcase classname="ptolemy.util.test.junit.AutoTests" name="[45] /home/travis/build/icyphy/ptII/ptolemy/domains/continuous/test/auto/ContinuousWithinContinuous5.xml (RunModel)" time="0.038" />
  <testcase classname="ptolemy.util.test.junit.AutoTests" name="[46] /home/travis/build/icyphy/ptII/ptolemy/domains/continuous/test/auto/ContinuousWithinContinuous6.xml (RunModel)" time="0.035" />
  <testcase classname="ptolemy.util.test.junit.AutoTests" name="[47] /home/travis/build/icyphy/ptII/ptolemy/domains/continuous/test/auto/ContinuousWithinContinuous7.xml (RunModel)" time="0.088" />
  <testcase classname="ptolemy.util.test.junit.AutoTests" name="[48] /home/travis/build/icyphy/ptII/ptolemy/domains/continuous/test/auto/DCMotor.xml (RunModel)" time="13.917" />
  <testcase classname="ptolemy.util.test.junit.AutoTests" name="[49] /home/travis/build/icyphy/ptII/ptolemy/domains/continuous/test/auto/DEInContinuous.xml (RunModel)" time="0.032" />
  <testcase classname="ptolemy.util.test.junit.AutoTests" name="[50] /home/travis/build/icyphy/ptII/ptolemy/domains/continuous/test/auto/DEinContinuous2.xml (RunModel)" time="0.036" />
  <testcase classname="ptolemy.util.test.junit.AutoTests" name="[51] /home/travis/build/icyphy/ptII/ptolemy/domains/continuous/test/auto/Derivative.xml (RunModel)" time="0.227" />
  <testcase classname="ptolemy.util.test.junit.AutoTests" name="[52] /home/travis/build/icyphy/ptII/ptolemy/domains/continuous/test/auto/Derivative1.xml (RunModel)" time="0.065" />
  <testcase classname="ptolemy.util.test.junit.AutoTests" name="[53] /home/travis/build/icyphy/ptII/ptolemy/domains/continuous/test/auto/DiscreteClock.xml (RunModel)" time="0.017" />
  <testcase classname="ptolemy.util.test.junit.AutoTests" name="[54] /home/travis/build/icyphy/ptII/ptolemy/domains/continuous/test/auto/EfficiencyCurve.xml (RunModel)" time="0.101" />
  <testcase classname="ptolemy.util.test.junit.AutoTests" name="[55] /home/travis/build/icyphy/ptII/ptolemy/domains/continuous/test/auto/ExponentialResponse.xml (RunModel)" time="0.116" />
  <testcase classname="ptolemy.util.test.junit.AutoTests" name="[56] /home/travis/build/icyphy/ptII/ptolemy/domains/continuous/test/auto/ExponentialResponseRK45.xml (RunModel)" time="0.036" />
  <testcase classname="ptolemy.util.test.junit.AutoTests" name="[57] /home/travis/build/icyphy/ptII/ptolemy/domains/continuous/test/auto/Friction.xml (RunModel)" time="1.662" />
  <testcase classname="ptolemy.util.test.junit.AutoTests" name="[58] /home/travis/build/icyphy/ptII/ptolemy/domains/continuous/test/auto/FurutaPendulum.xml (RunModel)" time="3.701" />
  <testcase classname="ptolemy.util.test.junit.AutoTests" name="[59] /home/travis/build/icyphy/ptII/ptolemy/domains/continuous/test/auto/HierarchicalExecution.xml (RunModel)" time="1.995" />
  <testcase classname="ptolemy.util.test.junit.AutoTests" name="[60] /home/travis/build/icyphy/ptII/ptolemy/domains/continuous/test/auto/HybridPlant.xml (RunModel)" time="0.58" />
  <testcase classname="ptolemy.util.test.junit.AutoTests" name="[61] /home/travis/build/icyphy/ptII/ptolemy/domains/continuous/test/auto/Hysteresis.xml (RunModel)" time="0.2" />
  <testcase classname="ptolemy.util.test.junit.AutoTests" name="[62] /home/travis/build/icyphy/ptII/ptolemy/domains/continuous/test/auto/HysteresisWithRandomDelay.xml (RunModel)" time="0.243" />
  <testcase classname="ptolemy.util.test.junit.AutoTests" name="[63] /home/travis/build/icyphy/ptII/ptolemy/domains/continuous/test/auto/HysteresisWithRandomLosses.xml (RunModel)" time="2.453" />
  <testcase classname="ptolemy.util.test.junit.AutoTests" name="[64] /home/travis/build/icyphy/ptII/ptolemy/domains/continuous/test/auto/ImmediateTransitions.xml (RunModel)" time="0.043" />
  <testcase classname="ptolemy.util.test.junit.AutoTests" name="[65] /home/travis/build/icyphy/ptII/ptolemy/domains/continuous/test/auto/ImpulseFeedback.xml (RunModel)" time="0.021" />
  <testcase classname="ptolemy.util.test.junit.AutoTests" name="[66] /home/travis/build/icyphy/ptII/ptolemy/domains/continuous/test/auto/ImpulseFeedback2.xml (RunModel)" time="0.018" />
  <testcase classname="ptolemy.util.test.junit.AutoTests" name="[67] /home/travis/build/icyphy/ptII/ptolemy/domains/continuous/test/auto/IncreasingRatePoisson.xml (RunModel)" time="0.777" />
  <testcase classname="ptolemy.util.test.junit.AutoTests" name="[68] /home/travis/build/icyphy/ptII/ptolemy/domains/continuous/test/auto/InitialStateFeedback.xml (RunModel)" time="0.022" />
  <testcase classname="ptolemy.util.test.junit.AutoTests" name="[69] /home/travis/build/icyphy/ptII/ptolemy/domains/continuous/test/auto/Integration.xml (RunModel)" time="0.013" />
  <testcase classname="ptolemy.util.test.junit.AutoTests" name="[70] /home/travis/build/icyphy/ptII/ptolemy/domains/continuous/test/auto/Integration2.xml (RunModel)" time="0.102" />
  <testcase classname="ptolemy.util.test.junit.AutoTests" name="[71] /home/travis/build/icyphy/ptII/ptolemy/domains/continuous/test/auto/Integration3.xml (RunModel)" time="0.021" />
  <testcase classname="ptolemy.util.test.junit.AutoTests" name="[72] /home/travis/build/icyphy/ptII/ptolemy/domains/continuous/test/auto/Integration5.xml (RunModel)" time="0.011" />
  <testcase classname="ptolemy.util.test.junit.AutoTests" name="[73] /home/travis/build/icyphy/ptII/ptolemy/domains/continuous/test/auto/IntegratorImpulse.xml (RunModel)" time="0.013" />
  <testcase classname="ptolemy.util.test.junit.AutoTests" name="[74] /home/travis/build/icyphy/ptII/ptolemy/domains/continuous/test/auto/IntegratorImpulse2.xml (RunModel)" time="0.013" />
  <testcase classname="ptolemy.util.test.junit.AutoTests" name="[75] /home/travis/build/icyphy/ptII/ptolemy/domains/continuous/test/auto/LevelCrossing1.xml (RunModel)" time="0.016" />
  <testcase classname="ptolemy.util.test.junit.AutoTests" name="[76] /home/travis/build/icyphy/ptII/ptolemy/domains/continuous/test/auto/LevelCrossing2.xml (RunModel)" time="0.014" />
  <testcase classname="ptolemy.util.test.junit.AutoTests" name="[77] /home/travis/build/icyphy/ptII/ptolemy/domains/continuous/test/auto/LevelCrossing3.xml (RunModel)" time="0.014" />
  <testcase classname="ptolemy.util.test.junit.AutoTests" name="[78] /home/travis/build/icyphy/ptII/ptolemy/domains/continuous/test/auto/LevelCrossing4.xml (RunModel)" time="0.014" />
  <testcase classname="ptolemy.util.test.junit.AutoTests" name="[79] /home/travis/build/icyphy/ptII/ptolemy/domains/continuous/test/auto/LevelCrossing5.xml (RunModel)" time="0.018" />
  <testcase classname="ptolemy.util.test.junit.AutoTests" name="[80] /home/travis/build/icyphy/ptII/ptolemy/domains/continuous/test/auto/LevelCrossing6.xml (RunModel)" time="0.015" />
  <testcase classname="ptolemy.util.test.junit.AutoTests" name="[81] /home/travis/build/icyphy/ptII/ptolemy/domains/continuous/test/auto/LevelCrossingDetector.xml (RunModel)" time="0.044" />
  <testcase classname="ptolemy.util.test.junit.AutoTests" name="[82] /home/travis/build/icyphy/ptII/ptolemy/domains/continuous/test/auto/LevelCrossingDetectorDetectingDirections.xml (RunModel)" time="0.091" />
  <testcase classname="ptolemy.util.test.junit.AutoTests" name="[83] /home/travis/build/icyphy/ptII/ptolemy/domains/continuous/test/auto/LevelCrossingDetectorDetectsGlitches.xml (RunModel)" time="0.105" />
  <testcase classname="ptolemy.util.test.junit.AutoTests" name="[84] /home/travis/build/icyphy/ptII/ptolemy/domains/continuous/test/auto/LevelCrossingNoInitialOuput.xml (RunModel)" time="0.021" />
  <testcase classname="ptolemy.util.test.junit.AutoTests" name="[85] /home/travis/build/icyphy/ptII/ptolemy/domains/continuous/test/auto/LinearStateSpaceExample.xml (RunModel)" time="0.071" />
  <testcase classname="ptolemy.util.test.junit.AutoTests" name="[86] /home/travis/build/icyphy/ptII/ptolemy/domains/continuous/test/auto/Lorenz.xml (RunModel)" time="4.29" />
  <testcase classname="ptolemy.util.test.junit.AutoTests" name="[87] /home/travis/build/icyphy/ptII/ptolemy/domains/continuous/test/auto/LorenzDifferentialSystem.xml (RunModel)" time="1.138" />
  <testcase classname="ptolemy.util.test.junit.AutoTests" name="[88] /home/travis/build/icyphy/ptII/ptolemy/domains/continuous/test/auto/LorenzDifferentialSystemWithInput.xml (RunModel)" time="1.387" />
  <testcase classname="ptolemy.util.test.junit.AutoTests" name="[89] /home/travis/build/icyphy/ptII/ptolemy/domains/continuous/test/auto/LorenzDifferentialSystemWithTime.xml (RunModel)" time="0.733" />
  <testcase classname="ptolemy.util.test.junit.AutoTests" name="[90] /home/travis/build/icyphy/ptII/ptolemy/domains/continuous/test/auto/Microsteps.xml (RunModel)" time="0.034" />
  <testcase classname="ptolemy.util.test.junit.AutoTests" name="[91] /home/travis/build/icyphy/ptII/ptolemy/domains/continuous/test/auto/Modal1.xml (RunModel)" time="0.04" />
  <testcase classname="ptolemy.util.test.junit.AutoTests" name="[92] /home/travis/build/icyphy/ptII/ptolemy/domains/continuous/test/auto/Modal2.xml (RunModel)" time="0.057" />
  <testcase classname="ptolemy.util.test.junit.AutoTests" name="[93] /home/travis/build/icyphy/ptII/ptolemy/domains/continuous/test/auto/ModalTransitionGuardWithReset.xml (RunModel)" time="0.032" />
  <testcase classname="ptolemy.util.test.junit.AutoTests" name="[94] /home/travis/build/icyphy/ptII/ptolemy/domains/continuous/test/auto/ModalTransitionGuardWithResetUsingPreemptiveTransition.xml (RunModel)" time="0.033" />
  <testcase classname="ptolemy.util.test.junit.AutoTests" name="[95] /home/travis/build/icyphy/ptII/ptolemy/domains/continuous/test/auto/ModalTransitionGuardWithResetUsingPreemptiveTransition2.xml (RunModel)" time="0.038" />
  <testcase classname="ptolemy.util.test.junit.AutoTests" name="[96] /home/travis/build/icyphy/ptII/ptolemy/domains/continuous/test/auto/ModalTransitionGuardWithResetUsingPreemptiveTransition3.xml (RunModel)" time="0.035" />
  <testcase classname="ptolemy.util.test.junit.AutoTests" name="[97] /home/travis/build/icyphy/ptII/ptolemy/domains/continuous/test/auto/NewtonsCradle.xml (RunModel)" time="0.86" />
  <testcase classname="ptolemy.util.test.junit.AutoTests" name="[98] /home/travis/build/icyphy/ptII/ptolemy/domains/continuous/test/auto/NewtonsCradleAnimated.xml (RunModel)" time="1.309" />
  <testcase classname="ptolemy.util.test.junit.AutoTests" name="[99] /home/travis/build/icyphy/ptII/ptolemy/domains/continuous/test/auto/NewtonsCradleComplicated.xml (RunModel)" time="1.193" />
  <testcase classname="ptolemy.util.test.junit.AutoTests" name="[100] /home/travis/build/icyphy/ptII/ptolemy/domains/continuous/test/auto/NewtonsCradleNondeterministic.xml (RunModel)" time="0.766" />
  <testcase classname="ptolemy.util.test.junit.AutoTests" name="[101] /home/travis/build/icyphy/ptII/ptolemy/domains/continuous/test/auto/NewtonsCradlePerfectlyInelastic1.xml (RunModel)" time="1.347" />
  <testcase classname="ptolemy.util.test.junit.AutoTests" name="[102] /home/travis/build/icyphy/ptII/ptolemy/domains/continuous/test/auto/Noise.xml (RunModel)" time="0.202" />
  <testcase classname="ptolemy.util.test.junit.AutoTests" name="[103] /home/travis/build/icyphy/ptII/ptolemy/domains/continuous/test/auto/NoiseSpectrum.xml (RunModel)" time="0.81" />
  <testcase classname="ptolemy.util.test.junit.AutoTests" name="[104] /home/travis/build/icyphy/ptII/ptolemy/domains/continuous/test/auto/ParameterizedNewtonsCradleAnimated.xml (RunModel)" time="0.37" />
  <testcase classname="ptolemy.util.test.junit.AutoTests" name="[105] /home/travis/build/icyphy/ptII/ptolemy/domains/continuous/test/auto/ParameterizedNewtonsCradleAnimatedNondeterministic.xml (RunModel)" time="1.24" />
  <testcase classname="ptolemy.util.test.junit.AutoTests" name="[106] /home/travis/build/icyphy/ptII/ptolemy/domains/continuous/test/auto/Pendulum3D.xml (RunModel)" time="0.186" />
  <testcase classname="ptolemy.util.test.junit.AutoTests" name="[107] /home/travis/build/icyphy/ptII/ptolemy/domains/continuous/test/auto/PeriodicSampler.xml (RunModel)" time="0.019" />
  <testcase classname="ptolemy.util.test.junit.AutoTests" name="[108] /home/travis/build/icyphy/ptII/ptolemy/domains/continuous/test/auto/PeriodicSampler1.xml (RunModel)" time="0.046" />
  <testcase classname="ptolemy.util.test.junit.AutoTests" name="[109] /home/travis/build/icyphy/ptII/ptolemy/domains/continuous/test/auto/PeriodicSampler2.xml (RunModel)" time="0.085" />
  <testcase classname="ptolemy.util.test.junit.AutoTests" name="[110] /home/travis/build/icyphy/ptII/ptolemy/domains/continuous/test/auto/Poisson.xml (RunModel)" time="0.46" />
  <testcase classname="ptolemy.util.test.junit.AutoTests" name="[111] /home/travis/build/icyphy/ptII/ptolemy/domains/continuous/test/auto/PoissonClock.xml (RunModel)" time="0.015" />
  <testcase classname="ptolemy.util.test.junit.AutoTests" name="[112] /home/travis/build/icyphy/ptII/ptolemy/domains/continuous/test/auto/PoissonClock2.xml (RunModel)" time="0.018" />
  <testcase classname="ptolemy.util.test.junit.AutoTests" name="[113] /home/travis/build/icyphy/ptII/ptolemy/domains/continuous/test/auto/PortParameterHierarchy.xml (RunModel)" time="0.026" />
  <testcase classname="ptolemy.util.test.junit.AutoTests" name="[114] /home/travis/build/icyphy/ptII/ptolemy/domains/continuous/test/auto/RandomHybridPlant.xml (RunModel)" time="0.588" />
  <testcase classname="ptolemy.util.test.junit.AutoTests" name="[115] /home/travis/build/icyphy/ptII/ptolemy/domains/continuous/test/auto/ResetTransitionWithStartTime1.xml (RunModel)" time="0.036" />
  <testcase classname="ptolemy.util.test.junit.AutoTests" name="[116] /home/travis/build/icyphy/ptII/ptolemy/domains/continuous/test/auto/ResetTransitionWithStartTime2.xml (RunModel)" time="0.045" />
  <testcase classname="ptolemy.util.test.junit.AutoTests" name="[117] /home/travis/build/icyphy/ptII/ptolemy/domains/continuous/test/auto/ResetTransitionWithStartTime3.xml (RunModel)" time="0.04" />
  <testcase classname="ptolemy.util.test.junit.AutoTests" name="[118] /home/travis/build/icyphy/ptII/ptolemy/domains/continuous/test/auto/ResetTransitionWithStartTime4.xml (RunModel)" time="0.029" />
  <testcase classname="ptolemy.util.test.junit.AutoTests" name="[119] /home/travis/build/icyphy/ptII/ptolemy/domains/continuous/test/auto/ResetTransitionWithStartTime5.xml (RunModel)" time="0.034" />
  <testcase classname="ptolemy.util.test.junit.AutoTests" name="[120] /home/travis/build/icyphy/ptII/ptolemy/domains/continuous/test/auto/ResetTransitionWithStartTime6.xml (RunModel)" time="0.036" />
  <testcase classname="ptolemy.util.test.junit.AutoTests" name="[121] /home/travis/build/icyphy/ptII/ptolemy/domains/continuous/test/auto/SRinContinuous.xml (RunModel)" time="0.027" />
  <testcase classname="ptolemy.util.test.junit.AutoTests" name="[122] /home/travis/build/icyphy/ptII/ptolemy/domains/continuous/test/auto/SampledClocks.xml (RunModel)" time="0.037" />
  <testcase classname="ptolemy.util.test.junit.AutoTests" name="[123] /home/travis/build/icyphy/ptII/ptolemy/domains/continuous/test/auto/Satellite.xml (RunModel)" time="0.822" />
  <testcase classname="ptolemy.util.test.junit.AutoTests" name="[124] /home/travis/build/icyphy/ptII/ptolemy/domains/continuous/test/auto/SigmaDelta.xml (RunModel)" time="2.529" />
  <testcase classname="ptolemy.util.test.junit.AutoTests" name="[125] /home/travis/build/icyphy/ptII/ptolemy/domains/continuous/test/auto/SingleRefinement.xml (RunModel)" time="0.439" />
  <testcase classname="ptolemy.util.test.junit.AutoTests" name="[126] /home/travis/build/icyphy/ptII/ptolemy/domains/continuous/test/auto/SinuBouncingBall.xml (RunModel)" time="0.893" />
  <testcase classname="ptolemy.util.test.junit.AutoTests" name="[127] /home/travis/build/icyphy/ptII/ptolemy/domains/continuous/test/auto/Sinusoid.xml (RunModel)" time="0.024" />
  <testcase classname="ptolemy.util.test.junit.AutoTests" name="[128] /home/travis/build/icyphy/ptII/ptolemy/domains/continuous/test/auto/SinusoidInNoise.xml (RunModel)" time="0.982" />
  <testcase classname="ptolemy.util.test.junit.AutoTests" name="[129] /home/travis/build/icyphy/ptII/ptolemy/domains/continuous/test/auto/SinusoidRK45.xml (RunModel)" time="0.013" />
  <testcase classname="ptolemy.util.test.junit.AutoTests" name="[130] /home/travis/build/icyphy/ptII/ptolemy/domains/continuous/test/auto/SinusoidWithMultipleImpulses.xml (RunModel)" time="0.012" />
  <testcase classname="ptolemy.util.test.junit.AutoTests" name="[131] /home/travis/build/icyphy/ptII/ptolemy/domains/continuous/test/auto/SquareWave.xml (RunModel)" time="0.209" />
  <testcase classname="ptolemy.util.test.junit.AutoTests" name="[132] /home/travis/build/icyphy/ptII/ptolemy/domains/continuous/test/auto/Starmac.xml (RunModel)" time="3.347" />
  <testcase classname="ptolemy.util.test.junit.AutoTests" name="[133] /home/travis/build/icyphy/ptII/ptolemy/domains/continuous/test/auto/StaticUnits.xml (RunModel)" time="2.739" />
  <testcase classname="ptolemy.util.test.junit.AutoTests" name="[134] /home/travis/build/icyphy/ptII/ptolemy/domains/continuous/test/auto/StickyMasses.xml (RunModel)" time="0.196" />
  <testcase classname="ptolemy.util.test.junit.AutoTests" name="[135] /home/travis/build/icyphy/ptII/ptolemy/domains/continuous/test/auto/StopTime.xml (RunModel)" time="0.068" />
  <testcase classname="ptolemy.util.test.junit.AutoTests" name="[136] /home/travis/build/icyphy/ptII/ptolemy/domains/continuous/test/auto/StopTime2.xml (RunModel)" time="0.079" />
  <testcase classname="ptolemy.util.test.junit.AutoTests" name="[137] /home/travis/build/icyphy/ptII/ptolemy/domains/continuous/test/auto/Switch.xml (RunModel)" time="0.06" />
  <testcase classname="ptolemy.util.test.junit.AutoTests" name="[138] /home/travis/build/icyphy/ptII/ptolemy/domains/continuous/test/auto/Thermostat.xml (RunModel)" time="0.214" />
  <testcase classname="ptolemy.util.test.junit.AutoTests" name="[139] /home/travis/build/icyphy/ptII/ptolemy/domains/continuous/test/auto/TimeDelay.xml (RunModel)" time="0.015" />
  <testcase classname="ptolemy.util.test.junit.AutoTests" name="[140] /home/travis/build/icyphy/ptII/ptolemy/domains/continuous/test/auto/TimeDelay2.xml (RunModel)" time="0.03" />
  <testcase classname="ptolemy.util.test.junit.AutoTests" name="[141] /home/travis/build/icyphy/ptII/ptolemy/domains/continuous/test/auto/TimeDelay3.xml (RunModel)" time="0.013" />
  <testcase classname="ptolemy.util.test.junit.AutoTests" name="[142] /home/travis/build/icyphy/ptII/ptolemy/domains/continuous/test/auto/TransferAbsentToInside.xml (RunModel)" time="0.108" />
  <testcase classname="ptolemy.util.test.junit.AutoTests" name="[143] /home/travis/build/icyphy/ptII/ptolemy/domains/continuous/test/auto/Transmission.xml (RunModel)" time="0.808" />
  <testcase classname="ptolemy.util.test.junit.AutoTests" name="[144] /home/travis/build/icyphy/ptII/ptolemy/domains/continuous/test/auto/TriggeredContinuousClock.xml (RunModel)" time="0.078" />
  <testcase classname="ptolemy.util.test.junit.AutoTests" name="[145] /home/travis/build/icyphy/ptII/ptolemy/domains/continuous/test/auto/TwoMachineInfiniteBusControl.xml (RunModel)" time="3.391" />
  <testcase classname="ptolemy.util.test.junit.AutoTests" name="[146] /home/travis/build/icyphy/ptII/ptolemy/domains/continuous/test/auto/V2V.xml (RunModel)" time="0.803" />
  <testcase classname="ptolemy.util.test.junit.AutoTests" name="[147] /home/travis/build/icyphy/ptII/ptolemy/domains/continuous/test/auto/hierarchicalModalModel.xml (RunModel)" time="0.031" />
  <testcase classname="ptolemy.util.test.junit.AutoTests" name="[148] /home/travis/build/icyphy/ptII/ptolemy/domains/continuous/test/auto/hierarchicalModalModel1.xml (RunModel)" time="0.03" />
  <testcase classname="ptolemy.util.test.junit.AutoTests" name="[149] /home/travis/build/icyphy/ptII/ptolemy/domains/continuous/test/auto/hierarchicalModalModel2.xml (RunModel)" time="0.028" />
  <testcase classname="ptolemy.util.test.junit.AutoTests" name="[150] /home/travis/build/icyphy/ptII/ptolemy/domains/continuous/test/auto/hierarchicalModalModel3.xml (RunModel)" time="0.023" />
  <testcase classname="ptolemy.util.test.junit.AutoTests" name="[151] /home/travis/build/icyphy/ptII/ptolemy/domains/continuous/test/auto/hierarchicalModalModel4.xml (RunModel)" time="0.025" />
  <testcase classname="ptolemy.util.test.junit.AutoTests" name="[152] /home/travis/build/icyphy/ptII/ptolemy/domains/continuous/test/auto/junk.xml (RunModel)" time="0.177" />
  <system-out><![CDATA[No tcl tests in /home/travis/build/icyphy/ptII/ptolemy/domains/continuous/test
No auto/knownFailedTests/*.xml tests in /home/travis/build/icyphy/ptII/ptolemy/domains/continuous/test
No auto/linux-amd64/*.xml tests in /home/travis/build/icyphy/ptII/ptolemy/domains/continuous/test
AutoTests.java: About to close Vertx.
AutoTests.java: Vertx closed.

===========================================================================================
----------------- testing Sat Aug 17 05:20:17 UTC 2019 /home/travis/build/icyphy/ptII/ptolemy/domains/continuous/test/auto/BouncingBall.xml
----------------- Instantiating /home/travis/build/icyphy/ptII/ptolemy/domains/continuous/test/auto/BouncingBall.xml
2482 ms. Memory: 145408K Free: 73558K (51%)
----------------- Invoking toplevel() on ptolemy.moml.MoMLSimpleApplication@6e153bcc
----------------- Done invoking toplevel() on ptolemy.moml.MoMLSimpleApplication@6e153bcc
reloadAllAccessors: .BouncingBall

===========================================================================================
----------------- testing Sat Aug 17 05:20:20 UTC 2019 /home/travis/build/icyphy/ptII/ptolemy/domains/continuous/test/auto/BouncingBallWithoutGR.xml
----------------- Instantiating /home/travis/build/icyphy/ptII/ptolemy/domains/continuous/test/auto/BouncingBallWithoutGR.xml
938 ms. Memory: 175104K Free: 92487K (53%)
----------------- Invoking toplevel() on ptolemy.moml.MoMLSimpleApplication@39ce2d3d
----------------- Done invoking toplevel() on ptolemy.moml.MoMLSimpleApplication@39ce2d3d
reloadAllAccessors: .BouncingBallWithoutGR

===========================================================================================
----------------- testing Sat Aug 17 05:20:21 UTC 2019 /home/travis/build/icyphy/ptII/ptolemy/domains/continuous/test/auto/Brownian.xml
----------------- Instantiating /home/travis/build/icyphy/ptII/ptolemy/domains/continuous/test/auto/Brownian.xml
27 ms. Memory: 175104K Free: 83785K (48%)
----------------- Invoking toplevel() on ptolemy.moml.MoMLSimpleApplication@1b68b750
----------------- Done invoking toplevel() on ptolemy.moml.MoMLSimpleApplication@1b68b750
reloadAllAccessors: .Brownian

===========================================================================================
----------------- testing Sat Aug 17 05:20:21 UTC 2019 /home/travis/build/icyphy/ptII/ptolemy/domains/continuous/test/auto/CarTracking.xml
----------------- Instantiating /home/travis/build/icyphy/ptII/ptolemy/domains/continuous/test/auto/CarTracking.xml
4058 ms. Memory: 210944K Free: 168025K (80%)
----------------- Invoking toplevel() on ptolemy.moml.MoMLSimpleApplication@1c40579
----------------- Done invoking toplevel() on ptolemy.moml.MoMLSimpleApplication@1c40579
reloadAllAccessors: .CarTracking

===========================================================================================
----------------- testing Sat Aug 17 05:20:26 UTC 2019 /home/travis/build/icyphy/ptII/ptolemy/domains/continuous/test/auto/CartPendulum.xml
----------------- Instantiating /home/travis/build/icyphy/ptII/ptolemy/domains/continuous/test/auto/CartPendulum.xml
459 ms. Memory: 210944K Free: 75865K (36%)
----------------- Invoking toplevel() on ptolemy.moml.MoMLSimpleApplication@531406
----------------- Done invoking toplevel() on ptolemy.moml.MoMLSimpleApplication@531406
reloadAllAccessors: .CartPendulum

===========================================================================================
----------------- testing Sat Aug 17 05:20:26 UTC 2019 /home/travis/build/icyphy/ptII/ptolemy/domains/continuous/test/auto/CausalityInterface10.xml
----------------- Instantiating /home/travis/build/icyphy/ptII/ptolemy/domains/continuous/test/auto/CausalityInterface10.xml
9 ms. Memory: 253952K Free: 232908K (92%)
----------------- Invoking toplevel() on ptolemy.moml.MoMLSimpleApplication@f503491
----------------- Done invoking toplevel() on ptolemy.moml.MoMLSimpleApplication@f503491
reloadAllAccessors: .CausalityInterface10

===========================================================================================
----------------- testing Sat Aug 17 05:20:26 UTC 2019 /home/travis/build/icyphy/ptII/ptolemy/domains/continuous/test/auto/CausalityInterface11.xml
----------------- Instantiating /home/travis/build/icyphy/ptII/ptolemy/domains/continuous/test/auto/CausalityInterface11.xml
5 ms. Memory: 253952K Free: 226766K (89%)
----------------- Invoking toplevel() on ptolemy.moml.MoMLSimpleApplication@1d344433
----------------- Done invoking toplevel() on ptolemy.moml.MoMLSimpleApplication@1d344433
reloadAllAccessors: .CausalityInterface11

===========================================================================================
----------------- testing Sat Aug 17 05:20:26 UTC 2019 /home/travis/build/icyphy/ptII/ptolemy/domains/continuous/test/auto/CausalityInterface12.xml
----------------- Instantiating /home/travis/build/icyphy/ptII/ptolemy/domains/continuous/test/auto/CausalityInterface12.xml
6 ms. Memory: 253952K Free: 220622K (87%)
----------------- Invoking toplevel() on ptolemy.moml.MoMLSimpleApplication@235eff25
----------------- Done invoking toplevel() on ptolemy.moml.MoMLSimpleApplication@235eff25
reloadAllAccessors: .CausalityInterface12

===========================================================================================
----------------- testing Sat Aug 17 05:20:26 UTC 2019 /home/travis/build/icyphy/ptII/ptolemy/domains/continuous/test/auto/CausalityInterface13.xml
----------------- Instantiating /home/travis/build/icyphy/ptII/ptolemy/domains/continuous/test/auto/CausalityInterface13.xml
8 ms. Memory: 253952K Free: 214478K (84%)
----------------- Invoking toplevel() on ptolemy.moml.MoMLSimpleApplication@20f58b25
----------------- Done invoking toplevel() on ptolemy.moml.MoMLSimpleApplication@20f58b25
reloadAllAccessors: .CausalityInterface13

===========================================================================================
----------------- testing Sat Aug 17 05:20:26 UTC 2019 /home/travis/build/icyphy/ptII/ptolemy/domains/continuous/test/auto/CausalityInterface14.xml
----------------- Instantiating /home/travis/build/icyphy/ptII/ptolemy/domains/continuous/test/auto/CausalityInterface14.xml
4 ms. Memory: 253952K Free: 208813K (82%)
----------------- Invoking toplevel() on ptolemy.moml.MoMLSimpleApplication@4c5c1294
----------------- Done invoking toplevel() on ptolemy.moml.MoMLSimpleApplication@4c5c1294
reloadAllAccessors: .CausalityInterface14

===========================================================================================
----------------- testing Sat Aug 17 05:20:26 UTC 2019 /home/travis/build/icyphy/ptII/ptolemy/domains/continuous/test/auto/CausalityInterface4.xml
----------------- Instantiating /home/travis/build/icyphy/ptII/ptolemy/domains/continuous/test/auto/CausalityInterface4.xml
5 ms. Memory: 253952K Free: 201676K (79%)
----------------- Invoking toplevel() on ptolemy.moml.MoMLSimpleApplication@57e3119c
----------------- Done invoking toplevel() on ptolemy.moml.MoMLSimpleApplication@57e3119c
reloadAllAccessors: .CausalityInterface4

===========================================================================================
----------------- testing Sat Aug 17 05:20:26 UTC 2019 /home/travis/build/icyphy/ptII/ptolemy/domains/continuous/test/auto/CausalityInterface5.xml
----------------- Instantiating /home/travis/build/icyphy/ptII/ptolemy/domains/continuous/test/auto/CausalityInterface5.xml
6 ms. Memory: 253952K Free: 193484K (76%)
----------------- Invoking toplevel() on ptolemy.moml.MoMLSimpleApplication@33fe972f
----------------- Done invoking toplevel() on ptolemy.moml.MoMLSimpleApplication@33fe972f
reloadAllAccessors: .CausalityInterface5

===========================================================================================
----------------- testing Sat Aug 17 05:20:26 UTC 2019 /home/travis/build/icyphy/ptII/ptolemy/domains/continuous/test/auto/CausalityInterface6.xml
----------------- Instantiating /home/travis/build/icyphy/ptII/ptolemy/domains/continuous/test/auto/CausalityInterface6.xml
4 ms. Memory: 253952K Free: 187854K (74%)
----------------- Invoking toplevel() on ptolemy.moml.MoMLSimpleApplication@6ad8c335
----------------- Done invoking toplevel() on ptolemy.moml.MoMLSimpleApplication@6ad8c335
reloadAllAccessors: .CausalityInterface6

===========================================================================================
----------------- testing Sat Aug 17 05:20:26 UTC 2019 /home/travis/build/icyphy/ptII/ptolemy/domains/continuous/test/auto/CausalityInterface7.xml
----------------- Instantiating /home/travis/build/icyphy/ptII/ptolemy/domains/continuous/test/auto/CausalityInterface7.xml
16 ms. Memory: 253952K Free: 179662K (71%)
----------------- Invoking toplevel() on ptolemy.moml.MoMLSimpleApplication@124c4d2e
----------------- Done invoking toplevel() on ptolemy.moml.MoMLSimpleApplication@124c4d2e
reloadAllAccessors: .CausalityInterface7

===========================================================================================
----------------- testing Sat Aug 17 05:20:27 UTC 2019 /home/travis/build/icyphy/ptII/ptolemy/domains/continuous/test/auto/CausalityInterface8.xml
----------------- Instantiating /home/travis/build/icyphy/ptII/ptolemy/domains/continuous/test/auto/CausalityInterface8.xml
5 ms. Memory: 253952K Free: 170446K (67%)
----------------- Invoking toplevel() on ptolemy.moml.MoMLSimpleApplication@1b637922
----------------- Done invoking toplevel() on ptolemy.moml.MoMLSimpleApplication@1b637922
reloadAllAccessors: .CausalityInterface8

===========================================================================================
----------------- testing Sat Aug 17 05:20:27 UTC 2019 /home/travis/build/icyphy/ptII/ptolemy/domains/continuous/test/auto/CausalityInterface9.xml
----------------- Instantiating /home/travis/build/icyphy/ptII/ptolemy/domains/continuous/test/auto/CausalityInterface9.xml
11 ms. Memory: 253952K Free: 159692K (63%)
----------------- Invoking toplevel() on ptolemy.moml.MoMLSimpleApplication@463a73d7
----------------- Done invoking toplevel() on ptolemy.moml.MoMLSimpleApplication@463a73d7
reloadAllAccessors: .CausalityInterface9

===========================================================================================
----------------- testing Sat Aug 17 05:20:27 UTC 2019 /home/travis/build/icyphy/ptII/ptolemy/domains/continuous/test/auto/CausalityInterfaceFeedback1.xml
----------------- Instantiating /home/travis/build/icyphy/ptII/ptolemy/domains/continuous/test/auto/CausalityInterfaceFeedback1.xml
7 ms. Memory: 253952K Free: 153038K (60%)
----------------- Invoking toplevel() on ptolemy.moml.MoMLSimpleApplication@4b3a2606
----------------- Done invoking toplevel() on ptolemy.moml.MoMLSimpleApplication@4b3a2606
reloadAllAccessors: .CausalityInterfaceFeedback1

===========================================================================================
----------------- testing Sat Aug 17 05:20:27 UTC 2019 /home/travis/build/icyphy/ptII/ptolemy/domains/continuous/test/auto/CausalityInterfaceFeedback2.xml
----------------- Instantiating /home/travis/build/icyphy/ptII/ptolemy/domains/continuous/test/auto/CausalityInterfaceFeedback2.xml
8 ms. Memory: 253952K Free: 146365K (58%)
----------------- Invoking toplevel() on ptolemy.moml.MoMLSimpleApplication@2e5a5517
----------------- Done invoking toplevel() on ptolemy.moml.MoMLSimpleApplication@2e5a5517
reloadAllAccessors: .CausalityInterfaceFeedback2

===========================================================================================
----------------- testing Sat Aug 17 05:20:27 UTC 2019 /home/travis/build/icyphy/ptII/ptolemy/domains/continuous/test/auto/CompareWithCurrentTime.xml
----------------- Instantiating /home/travis/build/icyphy/ptII/ptolemy/domains/continuous/test/auto/CompareWithCurrentTime.xml
9 ms. Memory: 253952K Free: 142284K (56%)
----------------- Invoking toplevel() on ptolemy.moml.MoMLSimpleApplication@2c1c08b5
----------------- Done invoking toplevel() on ptolemy.moml.MoMLSimpleApplication@2c1c08b5
reloadAllAccessors: .CompareWithCurrentTime

===========================================================================================
----------------- testing Sat Aug 17 05:20:27 UTC 2019 /home/travis/build/icyphy/ptII/ptolemy/domains/continuous/test/auto/ComparedClocks.xml
----------------- Instantiating /home/travis/build/icyphy/ptII/ptolemy/domains/continuous/test/auto/ComparedClocks.xml
16 ms. Memory: 253952K Free: 126909K (50%)
----------------- Invoking toplevel() on ptolemy.moml.MoMLSimpleApplication@6f28c8c9
----------------- Done invoking toplevel() on ptolemy.moml.MoMLSimpleApplication@6f28c8c9
reloadAllAccessors: .ComparedClocks

===========================================================================================
----------------- testing Sat Aug 17 05:20:27 UTC 2019 /home/travis/build/icyphy/ptII/ptolemy/domains/continuous/test/auto/ContinuousAOCClone.xml
----------------- Instantiating /home/travis/build/icyphy/ptII/ptolemy/domains/continuous/test/auto/ContinuousAOCClone.xml
2594 ms. Memory: 253952K Free: 211791K (83%)
----------------- Invoking toplevel() on ptolemy.moml.MoMLSimpleApplication@57ff306e
----------------- Done invoking toplevel() on ptolemy.moml.MoMLSimpleApplication@57ff306e
reloadAllAccessors: .ContinuousAOCClone

===========================================================================================
----------------- testing Sat Aug 17 05:20:30 UTC 2019 /home/travis/build/icyphy/ptII/ptolemy/domains/continuous/test/auto/ContinuousClock.xml
----------------- Instantiating /home/travis/build/icyphy/ptII/ptolemy/domains/continuous/test/auto/ContinuousClock.xml
35 ms. Memory: 253952K Free: 190287K (75%)
----------------- Invoking toplevel() on ptolemy.moml.MoMLSimpleApplication@76e7de69
----------------- Done invoking toplevel() on ptolemy.moml.MoMLSimpleApplication@76e7de69
reloadAllAccessors: .ContinuousClock

===========================================================================================
----------------- testing Sat Aug 17 05:20:30 UTC 2019 /home/travis/build/icyphy/ptII/ptolemy/domains/continuous/test/auto/ContinuousInContinuous.xml
----------------- Instantiating /home/travis/build/icyphy/ptII/ptolemy/domains/continuous/test/auto/ContinuousInContinuous.xml
40 ms. Memory: 253952K Free: 166735K (66%)
----------------- Invoking toplevel() on ptolemy.moml.MoMLSimpleApplication@2ec417f2
----------------- Done invoking toplevel() on ptolemy.moml.MoMLSimpleApplication@2ec417f2
reloadAllAccessors: .ContinuousInContinuous

===========================================================================================
----------------- testing Sat Aug 17 05:20:30 UTC 2019 /home/travis/build/icyphy/ptII/ptolemy/domains/continuous/test/auto/ContinuousInContinuousInContinuous.xml
----------------- Instantiating /home/travis/build/icyphy/ptII/ptolemy/domains/continuous/test/auto/ContinuousInContinuousInContinuous.xml
8 ms. Memory: 253952K Free: 159053K (63%)
----------------- Invoking toplevel() on ptolemy.moml.MoMLSimpleApplication@6758ba2e
----------------- Done invoking toplevel() on ptolemy.moml.MoMLSimpleApplication@6758ba2e
reloadAllAccessors: .ContinuousInContinuousInContinuous

===========================================================================================
----------------- testing Sat Aug 17 05:20:30 UTC 2019 /home/travis/build/icyphy/ptII/ptolemy/domains/continuous/test/auto/ContinuousInDE.xml
----------------- Instantiating /home/travis/build/icyphy/ptII/ptolemy/domains/continuous/test/auto/ContinuousInDE.xml
89 ms. Memory: 253952K Free: 148813K (59%)
----------------- Invoking toplevel() on ptolemy.moml.MoMLSimpleApplication@530ce92d
----------------- Done invoking toplevel() on ptolemy.moml.MoMLSimpleApplication@530ce92d
reloadAllAccessors: .ContinuousInDE

===========================================================================================
----------------- testing Sat Aug 17 05:20:30 UTC 2019 /home/travis/build/icyphy/ptII/ptolemy/domains/continuous/test/auto/ContinuousInDE2.xml
----------------- Instantiating /home/travis/build/icyphy/ptII/ptolemy/domains/continuous/test/auto/ContinuousInDE2.xml
35 ms. Memory: 253952K Free: 139087K (55%)
----------------- Invoking toplevel() on ptolemy.moml.MoMLSimpleApplication@71562035
----------------- Done invoking toplevel() on ptolemy.moml.MoMLSimpleApplication@71562035
reloadAllAccessors: .ContinuousInDE2

===========================================================================================
----------------- testing Sat Aug 17 05:20:30 UTC 2019 /home/travis/build/icyphy/ptII/ptolemy/domains/continuous/test/auto/ContinuousInDE3.xml
----------------- Instantiating /home/travis/build/icyphy/ptII/ptolemy/domains/continuous/test/auto/ContinuousInDE3.xml
37 ms. Memory: 253952K Free: 129357K (51%)
----------------- Invoking toplevel() on ptolemy.moml.MoMLSimpleApplication@70c2f188
----------------- Done invoking toplevel() on ptolemy.moml.MoMLSimpleApplication@70c2f188
reloadAllAccessors: .ContinuousInDE3

===========================================================================================
----------------- testing Sat Aug 17 05:20:30 UTC 2019 /home/travis/build/icyphy/ptII/ptolemy/domains/continuous/test/auto/ContinuousInDE4.xml
----------------- Instantiating /home/travis/build/icyphy/ptII/ptolemy/domains/continuous/test/auto/ContinuousInDE4.xml
15 ms. Memory: 253952K Free: 123213K (49%)
----------------- Invoking toplevel() on ptolemy.moml.MoMLSimpleApplication@25594299
----------------- Done invoking toplevel() on ptolemy.moml.MoMLSimpleApplication@25594299
reloadAllAccessors: .ContinuousInDE4

===========================================================================================
----------------- testing Sat Aug 17 05:20:30 UTC 2019 /home/travis/build/icyphy/ptII/ptolemy/domains/continuous/test/auto/ContinuousInDEDifferentRefinements.xml
----------------- Instantiating /home/travis/build/icyphy/ptII/ptolemy/domains/continuous/test/auto/ContinuousInDEDifferentRefinements.xml
46 ms. Memory: 253952K Free: 91983K (36%)
----------------- Invoking toplevel() on ptolemy.moml.MoMLSimpleApplication@3b841e3a
----------------- Done invoking toplevel() on ptolemy.moml.MoMLSimpleApplication@3b841e3a
reloadAllAccessors: .ContinuousInDEDifferentRefinements

===========================================================================================
----------------- testing Sat Aug 17 05:20:30 UTC 2019 /home/travis/build/icyphy/ptII/ptolemy/domains/continuous/test/auto/ContinuousInDEDifferentRefinementsPreemptive.xml
----------------- Instantiating /home/travis/build/icyphy/ptII/ptolemy/domains/continuous/test/auto/ContinuousInDEDifferentRefinementsPreemptive.xml
44 ms. Memory: 253952K Free: 211263K (83%)
----------------- Invoking toplevel() on ptolemy.moml.MoMLSimpleApplication@e6e2571
----------------- Done invoking toplevel() on ptolemy.moml.MoMLSimpleApplication@e6e2571
reloadAllAccessors: .ContinuousInDEDifferentRefinementsPreemptive

===========================================================================================
----------------- testing Sat Aug 17 05:20:30 UTC 2019 /home/travis/build/icyphy/ptII/ptolemy/domains/continuous/test/auto/ContinuousInDEInContinuous2.xml
----------------- Instantiating /home/travis/build/icyphy/ptII/ptolemy/domains/continuous/test/auto/ContinuousInDEInContinuous2.xml
36 ms. Memory: 253952K Free: 199485K (79%)
----------------- Invoking toplevel() on ptolemy.moml.MoMLSimpleApplication@13d23ebc
----------------- Done invoking toplevel() on ptolemy.moml.MoMLSimpleApplication@13d23ebc
reloadAllAccessors: .ContinuousInDEInContinuous2

===========================================================================================
----------------- testing Sat Aug 17 05:20:30 UTC 2019 /home/travis/build/icyphy/ptII/ptolemy/domains/continuous/test/auto/ContinuousInDEInContinuous3.xml
----------------- Instantiating /home/travis/build/icyphy/ptII/ptolemy/domains/continuous/test/auto/ContinuousInDEInContinuous3.xml
36 ms. Memory: 253952K Free: 188221K (74%)
----------------- Invoking toplevel() on ptolemy.moml.MoMLSimpleApplication@5766fd2a
----------------- Done invoking toplevel() on ptolemy.moml.MoMLSimpleApplication@5766fd2a
reloadAllAccessors: .ContinuousInDEInContinuous3

===========================================================================================
----------------- testing Sat Aug 17 05:20:30 UTC 2019 /home/travis/build/icyphy/ptII/ptolemy/domains/continuous/test/auto/ContinuousInDEInput.xml
----------------- Instantiating /home/travis/build/icyphy/ptII/ptolemy/domains/continuous/test/auto/ContinuousInDEInput.xml
17 ms. Memory: 253952K Free: 181053K (71%)
----------------- Invoking toplevel() on ptolemy.moml.MoMLSimpleApplication@28ad72aa
----------------- Done invoking toplevel() on ptolemy.moml.MoMLSimpleApplication@28ad72aa
reloadAllAccessors: .ContinuousInDEInput

===========================================================================================
----------------- testing Sat Aug 17 05:20:31 UTC 2019 /home/travis/build/icyphy/ptII/ptolemy/domains/continuous/test/auto/ContinuousInDEInput2.xml
----------------- Instantiating /home/travis/build/icyphy/ptII/ptolemy/domains/continuous/test/auto/ContinuousInDEInput2.xml
14 ms. Memory: 253952K Free: 173885K (68%)
----------------- Invoking toplevel() on ptolemy.moml.MoMLSimpleApplication@444ae33
----------------- Done invoking toplevel() on ptolemy.moml.MoMLSimpleApplication@444ae33
reloadAllAccessors: .ContinuousInDEInput2

===========================================================================================
----------------- testing Sat Aug 17 05:20:31 UTC 2019 /home/travis/build/icyphy/ptII/ptolemy/domains/continuous/test/auto/ContinuousInDEInput3.xml
----------------- Instantiating /home/travis/build/icyphy/ptII/ptolemy/domains/continuous/test/auto/ContinuousInDEInput3.xml
14 ms. Memory: 253952K Free: 166717K (66%)
----------------- Invoking toplevel() on ptolemy.moml.MoMLSimpleApplication@49a96b2f
----------------- Done invoking toplevel() on ptolemy.moml.MoMLSimpleApplication@49a96b2f
reloadAllAccessors: .ContinuousInDEInput3

===========================================================================================
----------------- testing Sat Aug 17 05:20:31 UTC 2019 /home/travis/build/icyphy/ptII/ptolemy/domains/continuous/test/auto/ContinuousInDESharingRefinement.xml
----------------- Instantiating /home/travis/build/icyphy/ptII/ptolemy/domains/continuous/test/auto/ContinuousInDESharingRefinement.xml
152 ms. Memory: 253952K Free: 223177K (88%)
----------------- Invoking toplevel() on ptolemy.moml.MoMLSimpleApplication@77dd7f32
----------------- Done invoking toplevel() on ptolemy.moml.MoMLSimpleApplication@77dd7f32
reloadAllAccessors: .ContinuousInDESharingRefinement

===========================================================================================
----------------- testing Sat Aug 17 05:20:31 UTC 2019 /home/travis/build/icyphy/ptII/ptolemy/domains/continuous/test/auto/ContinuousInDEwithNoPorts.xml
----------------- Instantiating /home/travis/build/icyphy/ptII/ptolemy/domains/continuous/test/auto/ContinuousInDEwithNoPorts.xml
3 ms. Memory: 253952K Free: 218587K (86%)
----------------- Invoking toplevel() on ptolemy.moml.MoMLSimpleApplication@561a33a3
----------------- Done invoking toplevel() on ptolemy.moml.MoMLSimpleApplication@561a33a3
reloadAllAccessors: .ContinuousInDEwithNoPorts

===========================================================================================
----------------- testing Sat Aug 17 05:20:31 UTC 2019 /home/travis/build/icyphy/ptII/ptolemy/domains/continuous/test/auto/ContinuousInsideDE.xml
----------------- Instantiating /home/travis/build/icyphy/ptII/ptolemy/domains/continuous/test/auto/ContinuousInsideDE.xml
42 ms. Memory: 253952K Free: 207323K (82%)
----------------- Invoking toplevel() on ptolemy.moml.MoMLSimpleApplication@6b794b3d
----------------- Done invoking toplevel() on ptolemy.moml.MoMLSimpleApplication@6b794b3d
reloadAllAccessors: .ContinuousInsideDE

===========================================================================================
----------------- testing Sat Aug 17 05:20:31 UTC 2019 /home/travis/build/icyphy/ptII/ptolemy/domains/continuous/test/auto/ContinuousMerge1.xml
----------------- Instantiating /home/travis/build/icyphy/ptII/ptolemy/domains/continuous/test/auto/ContinuousMerge1.xml
4 ms. Memory: 253952K Free: 202699K (80%)
----------------- Invoking toplevel() on ptolemy.moml.MoMLSimpleApplication@30db7df1
----------------- Done invoking toplevel() on ptolemy.moml.MoMLSimpleApplication@30db7df1
reloadAllAccessors: .ContinuousMerge1

===========================================================================================
----------------- testing Sat Aug 17 05:20:31 UTC 2019 /home/travis/build/icyphy/ptII/ptolemy/domains/continuous/test/auto/ContinuousMerge2.xml
----------------- Instantiating /home/travis/build/icyphy/ptII/ptolemy/domains/continuous/test/auto/ContinuousMerge2.xml
18 ms. Memory: 253952K Free: 192473K (76%)
----------------- Invoking toplevel() on ptolemy.moml.MoMLSimpleApplication@65977f5c
----------------- Done invoking toplevel() on ptolemy.moml.MoMLSimpleApplication@65977f5c
reloadAllAccessors: .ContinuousMerge2

===========================================================================================
----------------- testing Sat Aug 17 05:20:31 UTC 2019 /home/travis/build/icyphy/ptII/ptolemy/domains/continuous/test/auto/ContinuousMerge3.xml
----------------- Instantiating /home/travis/build/icyphy/ptII/ptolemy/domains/continuous/test/auto/ContinuousMerge3.xml
53 ms. Memory: 253952K Free: 181723K (72%)
----------------- Invoking toplevel() on ptolemy.moml.MoMLSimpleApplication@33bf2dcb
----------------- Done invoking toplevel() on ptolemy.moml.MoMLSimpleApplication@33bf2dcb
reloadAllAccessors: .ContinuousMerge3

===========================================================================================
----------------- testing Sat Aug 17 05:20:31 UTC 2019 /home/travis/build/icyphy/ptII/ptolemy/domains/continuous/test/auto/ContinuousWithinContinuous.xml
----------------- Instantiating /home/travis/build/icyphy/ptII/ptolemy/domains/continuous/test/auto/ContinuousWithinContinuous.xml
44 ms. Memory: 253952K Free: 172507K (68%)
----------------- Invoking toplevel() on ptolemy.moml.MoMLSimpleApplication@1daf4e8b
----------------- Done invoking toplevel() on ptolemy.moml.MoMLSimpleApplication@1daf4e8b
reloadAllAccessors: .ContinuousWithinContinuous

===========================================================================================
----------------- testing Sat Aug 17 05:20:31 UTC 2019 /home/travis/build/icyphy/ptII/ptolemy/domains/continuous/test/auto/ContinuousWithinContinuous2.xml
----------------- Instantiating /home/travis/build/icyphy/ptII/ptolemy/domains/continuous/test/auto/ContinuousWithinContinuous2.xml
84 ms. Memory: 253952K Free: 161753K (64%)
----------------- Invoking toplevel() on ptolemy.moml.MoMLSimpleApplication@3d7bf0e7
----------------- Done invoking toplevel() on ptolemy.moml.MoMLSimpleApplication@3d7bf0e7
reloadAllAccessors: .ContinuousWithinContinuous2

===========================================================================================
----------------- testing Sat Aug 17 05:20:31 UTC 2019 /home/travis/build/icyphy/ptII/ptolemy/domains/continuous/test/auto/ContinuousWithinContinuous3.xml
----------------- Instantiating /home/travis/build/icyphy/ptII/ptolemy/domains/continuous/test/auto/ContinuousWithinContinuous3.xml
14 ms. Memory: 253952K Free: 154585K (61%)
----------------- Invoking toplevel() on ptolemy.moml.MoMLSimpleApplication@6539ef40
----------------- Done invoking toplevel() on ptolemy.moml.MoMLSimpleApplication@6539ef40
reloadAllAccessors: .ContinuousWithinContinuous3

===========================================================================================
----------------- testing Sat Aug 17 05:20:31 UTC 2019 /home/travis/build/icyphy/ptII/ptolemy/domains/continuous/test/auto/ContinuousWithinContinuous4.xml
----------------- Instantiating /home/travis/build/icyphy/ptII/ptolemy/domains/continuous/test/auto/ContinuousWithinContinuous4.xml
83 ms. Memory: 253952K Free: 142297K (56%)
----------------- Invoking toplevel() on ptolemy.moml.MoMLSimpleApplication@14c06ee0
----------------- Done invoking toplevel() on ptolemy.moml.MoMLSimpleApplication@14c06ee0
reloadAllAccessors: .ContinuousWithinContinuous4

===========================================================================================
----------------- testing Sat Aug 17 05:20:31 UTC 2019 /home/travis/build/icyphy/ptII/ptolemy/domains/continuous/test/auto/ContinuousWithinContinuous5.xml
----------------- Instantiating /home/travis/build/icyphy/ptII/ptolemy/domains/continuous/test/auto/ContinuousWithinContinuous5.xml
16 ms. Memory: 253952K Free: 135129K (53%)
----------------- Invoking toplevel() on ptolemy.moml.MoMLSimpleApplication@385cb6e4
----------------- Done invoking toplevel() on ptolemy.moml.MoMLSimpleApplication@385cb6e4
reloadAllAccessors: .ContinuousWithinContinuous5

===========================================================================================
----------------- testing Sat Aug 17 05:20:31 UTC 2019 /home/travis/build/icyphy/ptII/ptolemy/domains/continuous/test/auto/ContinuousWithinContinuous6.xml
----------------- Instantiating /home/travis/build/icyphy/ptII/ptolemy/domains/continuous/test/auto/ContinuousWithinContinuous6.xml
14 ms. Memory: 253952K Free: 127961K (50%)
----------------- Invoking toplevel() on ptolemy.moml.MoMLSimpleApplication@372d3cfe
----------------- Done invoking toplevel() on ptolemy.moml.MoMLSimpleApplication@372d3cfe
reloadAllAccessors: .ContinuousWithinContinuous6

===========================================================================================
----------------- testing Sat Aug 17 05:20:31 UTC 2019 /home/travis/build/icyphy/ptII/ptolemy/domains/continuous/test/auto/ContinuousWithinContinuous7.xml
----------------- Instantiating /home/travis/build/icyphy/ptII/ptolemy/domains/continuous/test/auto/ContinuousWithinContinuous7.xml
71 ms. Memory: 253952K Free: 117211K (46%)
----------------- Invoking toplevel() on ptolemy.moml.MoMLSimpleApplication@3fcbd81f
----------------- Done invoking toplevel() on ptolemy.moml.MoMLSimpleApplication@3fcbd81f
reloadAllAccessors: .ContinuousWithinContinuous7

===========================================================================================
----------------- testing Sat Aug 17 05:20:32 UTC 2019 /home/travis/build/icyphy/ptII/ptolemy/domains/continuous/test/auto/DCMotor.xml
----------------- Instantiating /home/travis/build/icyphy/ptII/ptolemy/domains/continuous/test/auto/DCMotor.xml
13812 ms. Memory: 253952K Free: 223670K (88%)
----------------- Invoking toplevel() on ptolemy.moml.MoMLSimpleApplication@2a3eabea
----------------- Done invoking toplevel() on ptolemy.moml.MoMLSimpleApplication@2a3eabea
reloadAllAccessors: .DCMotor

===========================================================================================
----------------- testing Sat Aug 17 05:20:45 UTC 2019 /home/travis/build/icyphy/ptII/ptolemy/domains/continuous/test/auto/DEInContinuous.xml
----------------- Instantiating /home/travis/build/icyphy/ptII/ptolemy/domains/continuous/test/auto/DEInContinuous.xml
14 ms. Memory: 253952K Free: 217016K (85%)
----------------- Invoking toplevel() on ptolemy.moml.MoMLSimpleApplication@115b7751
----------------- Done invoking toplevel() on ptolemy.moml.MoMLSimpleApplication@115b7751
reloadAllAccessors: .DEInContinuous

===========================================================================================
----------------- testing Sat Aug 17 05:20:45 UTC 2019 /home/travis/build/icyphy/ptII/ptolemy/domains/continuous/test/auto/DEinContinuous2.xml
----------------- Instantiating /home/travis/build/icyphy/ptII/ptolemy/domains/continuous/test/auto/DEinContinuous2.xml
8 ms. Memory: 253952K Free: 209320K (82%)
----------------- Invoking toplevel() on ptolemy.moml.MoMLSimpleApplication@12200768
----------------- Done invoking toplevel() on ptolemy.moml.MoMLSimpleApplication@12200768
reloadAllAccessors: .DEinContinuous2

===========================================================================================
----------------- testing Sat Aug 17 05:20:46 UTC 2019 /home/travis/build/icyphy/ptII/ptolemy/domains/continuous/test/auto/Derivative.xml
----------------- Instantiating /home/travis/build/icyphy/ptII/ptolemy/domains/continuous/test/auto/Derivative.xml
170 ms. Memory: 253952K Free: 180152K (71%)
----------------- Invoking toplevel() on ptolemy.moml.MoMLSimpleApplication@3e074a5f
----------------- Done invoking toplevel() on ptolemy.moml.MoMLSimpleApplication@3e074a5f
reloadAllAccessors: .Derivative2

===========================================================================================
----------------- testing Sat Aug 17 05:20:46 UTC 2019 /home/travis/build/icyphy/ptII/ptolemy/domains/continuous/test/auto/Derivative1.xml
----------------- Instantiating /home/travis/build/icyphy/ptII/ptolemy/domains/continuous/test/auto/Derivative1.xml
29 ms. Memory: 253952K Free: 165816K (65%)
----------------- Invoking toplevel() on ptolemy.moml.MoMLSimpleApplication@54d97d5f
----------------- Done invoking toplevel() on ptolemy.moml.MoMLSimpleApplication@54d97d5f
reloadAllAccessors: .Derivative1

===========================================================================================
----------------- testing Sat Aug 17 05:20:46 UTC 2019 /home/travis/build/icyphy/ptII/ptolemy/domains/continuous/test/auto/DiscreteClock.xml
----------------- Instantiating /home/travis/build/icyphy/ptII/ptolemy/domains/continuous/test/auto/DiscreteClock.xml
4 ms. Memory: 253952K Free: 160696K (63%)
----------------- Invoking toplevel() on ptolemy.moml.MoMLSimpleApplication@40e9506c
----------------- Done invoking toplevel() on ptolemy.moml.MoMLSimpleApplication@40e9506c
reloadAllAccessors: .DiscreteClock

===========================================================================================
----------------- testing Sat Aug 17 05:20:46 UTC 2019 /home/travis/build/icyphy/ptII/ptolemy/domains/continuous/test/auto/EfficiencyCurve.xml
----------------- Instantiating /home/travis/build/icyphy/ptII/ptolemy/domains/continuous/test/auto/EfficiencyCurve.xml
56 ms. Memory: 253952K Free: 151480K (60%)
----------------- Invoking toplevel() on ptolemy.moml.MoMLSimpleApplication@36308e4f
----------------- Done invoking toplevel() on ptolemy.moml.MoMLSimpleApplication@36308e4f
reloadAllAccessors: .EfficiencyCurve

===========================================================================================
----------------- testing Sat Aug 17 05:20:46 UTC 2019 /home/travis/build/icyphy/ptII/ptolemy/domains/continuous/test/auto/ExponentialResponse.xml
----------------- Instantiating /home/travis/build/icyphy/ptII/ptolemy/domains/continuous/test/auto/ExponentialResponse.xml
106 ms. Memory: 253952K Free: 136120K (54%)
----------------- Invoking toplevel() on ptolemy.moml.MoMLSimpleApplication@7fba0f35
----------------- Done invoking toplevel() on ptolemy.moml.MoMLSimpleApplication@7fba0f35
reloadAllAccessors: .ExponentialResponse

===========================================================================================
----------------- testing Sat Aug 17 05:20:46 UTC 2019 /home/travis/build/icyphy/ptII/ptolemy/domains/continuous/test/auto/ExponentialResponseRK45.xml
----------------- Instantiating /home/travis/build/icyphy/ptII/ptolemy/domains/continuous/test/auto/ExponentialResponseRK45.xml
27 ms. Memory: 253952K Free: 129462K (51%)
----------------- Invoking toplevel() on ptolemy.moml.MoMLSimpleApplication@64565942
----------------- Done invoking toplevel() on ptolemy.moml.MoMLSimpleApplication@64565942
reloadAllAccessors: .ExponentialResponseRK45

===========================================================================================
----------------- testing Sat Aug 17 05:20:46 UTC 2019 /home/travis/build/icyphy/ptII/ptolemy/domains/continuous/test/auto/Friction.xml
----------------- Instantiating /home/travis/build/icyphy/ptII/ptolemy/domains/continuous/test/auto/Friction.xml
1525 ms. Memory: 253952K Free: 159469K (63%)
----------------- Invoking toplevel() on ptolemy.moml.MoMLSimpleApplication@1796b970
----------------- Done invoking toplevel() on ptolemy.moml.MoMLSimpleApplication@1796b970
reloadAllAccessors: .Friction

===========================================================================================
----------------- testing Sat Aug 17 05:20:48 UTC 2019 /home/travis/build/icyphy/ptII/ptolemy/domains/continuous/test/auto/FurutaPendulum.xml
----------------- Instantiating /home/travis/build/icyphy/ptII/ptolemy/domains/continuous/test/auto/FurutaPendulum.xml
3535 ms. Memory: 253952K Free: 116347K (46%)
----------------- Invoking toplevel() on ptolemy.moml.MoMLSimpleApplication@2108a078
----------------- Done invoking toplevel() on ptolemy.moml.MoMLSimpleApplication@2108a078
reloadAllAccessors: .FurutaPendulum

===========================================================================================
----------------- testing Sat Aug 17 05:20:51 UTC 2019 /home/travis/build/icyphy/ptII/ptolemy/domains/continuous/test/auto/HierarchicalExecution.xml
----------------- Instantiating /home/travis/build/icyphy/ptII/ptolemy/domains/continuous/test/auto/HierarchicalExecution.xml
1697 ms. Memory: 253952K Free: 127924K (50%)
----------------- Invoking toplevel() on ptolemy.moml.MoMLSimpleApplication@4ed314d
----------------- Done invoking toplevel() on ptolemy.moml.MoMLSimpleApplication@4ed314d
reloadAllAccessors: .HierarchicalExecution

===========================================================================================
----------------- testing Sat Aug 17 05:20:53 UTC 2019 /home/travis/build/icyphy/ptII/ptolemy/domains/continuous/test/auto/HybridPlant.xml
----------------- Instantiating /home/travis/build/icyphy/ptII/ptolemy/domains/continuous/test/auto/HybridPlant.xml
518 ms. Memory: 253952K Free: 164815K (65%)
----------------- Invoking toplevel() on ptolemy.moml.MoMLSimpleApplication@602e93cc
----------------- Done invoking toplevel() on ptolemy.moml.MoMLSimpleApplication@602e93cc
reloadAllAccessors: .HybridPlant

===========================================================================================
----------------- testing Sat Aug 17 05:20:54 UTC 2019 /home/travis/build/icyphy/ptII/ptolemy/domains/continuous/test/auto/Hysteresis.xml
----------------- Instantiating /home/travis/build/icyphy/ptII/ptolemy/domains/continuous/test/auto/Hysteresis.xml
149 ms. Memory: 253952K Free: 102351K (40%)
----------------- Invoking toplevel() on ptolemy.moml.MoMLSimpleApplication@7406847d
----------------- Done invoking toplevel() on ptolemy.moml.MoMLSimpleApplication@7406847d
reloadAllAccessors: .Hysteresis

===========================================================================================
----------------- testing Sat Aug 17 05:20:54 UTC 2019 /home/travis/build/icyphy/ptII/ptolemy/domains/continuous/test/auto/HysteresisWithRandomDelay.xml
----------------- Instantiating /home/travis/build/icyphy/ptII/ptolemy/domains/continuous/test/auto/HysteresisWithRandomDelay.xml
182 ms. Memory: 253952K Free: 181301K (71%)
----------------- Invoking toplevel() on ptolemy.moml.MoMLSimpleApplication@2c01fdd4
----------------- Done invoking toplevel() on ptolemy.moml.MoMLSimpleApplication@2c01fdd4
reloadAllAccessors: .HysteresisWithRandomDelay

===========================================================================================
----------------- testing Sat Aug 17 05:20:54 UTC 2019 /home/travis/build/icyphy/ptII/ptolemy/domains/continuous/test/auto/HysteresisWithRandomLosses.xml
----------------- Instantiating /home/travis/build/icyphy/ptII/ptolemy/domains/continuous/test/auto/HysteresisWithRandomLosses.xml
2390 ms. Memory: 305152K Free: 272381K (89%)
----------------- Invoking toplevel() on ptolemy.moml.MoMLSimpleApplication@6b6595dc
----------------- Done invoking toplevel() on ptolemy.moml.MoMLSimpleApplication@6b6595dc
reloadAllAccessors: .HysteresisWithRandomLosses

===========================================================================================
----------------- testing Sat Aug 17 05:20:57 UTC 2019 /home/travis/build/icyphy/ptII/ptolemy/domains/continuous/test/auto/ImmediateTransitions.xml
----------------- Instantiating /home/travis/build/icyphy/ptII/ptolemy/domains/continuous/test/auto/ImmediateTransitions.xml
10 ms. Memory: 305152K Free: 261117K (86%)
----------------- Invoking toplevel() on ptolemy.moml.MoMLSimpleApplication@7401aed5
----------------- Done invoking toplevel() on ptolemy.moml.MoMLSimpleApplication@7401aed5
reloadAllAccessors: .ImmediateTransitions

===========================================================================================
----------------- testing Sat Aug 17 05:20:57 UTC 2019 /home/travis/build/icyphy/ptII/ptolemy/domains/continuous/test/auto/ImpulseFeedback.xml
----------------- Instantiating /home/travis/build/icyphy/ptII/ptolemy/domains/continuous/test/auto/ImpulseFeedback.xml
10 ms. Memory: 305152K Free: 255501K (84%)
----------------- Invoking toplevel() on ptolemy.moml.MoMLSimpleApplication@41237894
----------------- Done invoking toplevel() on ptolemy.moml.MoMLSimpleApplication@41237894
reloadAllAccessors: .ImpulseFeedback

===========================================================================================
----------------- testing Sat Aug 17 05:20:57 UTC 2019 /home/travis/build/icyphy/ptII/ptolemy/domains/continuous/test/auto/ImpulseFeedback2.xml
----------------- Instantiating /home/travis/build/icyphy/ptII/ptolemy/domains/continuous/test/auto/ImpulseFeedback2.xml
6 ms. Memory: 305152K Free: 249867K (82%)
----------------- Invoking toplevel() on ptolemy.moml.MoMLSimpleApplication@3664c3c7
----------------- Done invoking toplevel() on ptolemy.moml.MoMLSimpleApplication@3664c3c7
reloadAllAccessors: .ImpulseFeedback2

===========================================================================================
----------------- testing Sat Aug 17 05:20:57 UTC 2019 /home/travis/build/icyphy/ptII/ptolemy/domains/continuous/test/auto/IncreasingRatePoisson.xml
----------------- Instantiating /home/travis/build/icyphy/ptII/ptolemy/domains/continuous/test/auto/IncreasingRatePoisson.xml
753 ms. Memory: 305152K Free: 109266K (36%)
----------------- Invoking toplevel() on ptolemy.moml.MoMLSimpleApplication@608b8b3d
----------------- Done invoking toplevel() on ptolemy.moml.MoMLSimpleApplication@608b8b3d
reloadAllAccessors: .IncreasingRatePoisson

===========================================================================================
----------------- testing Sat Aug 17 05:20:58 UTC 2019 /home/travis/build/icyphy/ptII/ptolemy/domains/continuous/test/auto/InitialStateFeedback.xml
----------------- Instantiating /home/travis/build/icyphy/ptII/ptolemy/domains/continuous/test/auto/InitialStateFeedback.xml
8 ms. Memory: 305152K Free: 285992K (94%)
----------------- Invoking toplevel() on ptolemy.moml.MoMLSimpleApplication@2268240f
----------------- Done invoking toplevel() on ptolemy.moml.MoMLSimpleApplication@2268240f
reloadAllAccessors: .InitialStateFeedback

===========================================================================================
----------------- testing Sat Aug 17 05:20:58 UTC 2019 /home/travis/build/icyphy/ptII/ptolemy/domains/continuous/test/auto/Integration.xml
----------------- Instantiating /home/travis/build/icyphy/ptII/ptolemy/domains/continuous/test/auto/Integration.xml
2 ms. Memory: 305152K Free: 281896K (92%)
----------------- Invoking toplevel() on ptolemy.moml.MoMLSimpleApplication@292078f9
----------------- Done invoking toplevel() on ptolemy.moml.MoMLSimpleApplication@292078f9
reloadAllAccessors: .Integration

===========================================================================================
----------------- testing Sat Aug 17 05:20:58 UTC 2019 /home/travis/build/icyphy/ptII/ptolemy/domains/continuous/test/auto/Integration2.xml
----------------- Instantiating /home/travis/build/icyphy/ptII/ptolemy/domains/continuous/test/auto/Integration2.xml
88 ms. Memory: 305152K Free: 267560K (88%)
----------------- Invoking toplevel() on ptolemy.moml.MoMLSimpleApplication@7fbe26d4
----------------- Done invoking toplevel() on ptolemy.moml.MoMLSimpleApplication@7fbe26d4
reloadAllAccessors: .Integration2

===========================================================================================
----------------- testing Sat Aug 17 05:20:58 UTC 2019 /home/travis/build/icyphy/ptII/ptolemy/domains/continuous/test/auto/Integration3.xml
----------------- Instantiating /home/travis/build/icyphy/ptII/ptolemy/domains/continuous/test/auto/Integration3.xml
2 ms. Memory: 305152K Free: 262950K (86%)
----------------- Invoking toplevel() on ptolemy.moml.MoMLSimpleApplication@22d8b2b2
----------------- Done invoking toplevel() on ptolemy.moml.MoMLSimpleApplication@22d8b2b2
reloadAllAccessors: .Integration3

===========================================================================================
----------------- testing Sat Aug 17 05:20:58 UTC 2019 /home/travis/build/icyphy/ptII/ptolemy/domains/continuous/test/auto/Integration5.xml
----------------- Instantiating /home/travis/build/icyphy/ptII/ptolemy/domains/continuous/test/auto/Integration5.xml
2 ms. Memory: 305152K Free: 258854K (85%)
----------------- Invoking toplevel() on ptolemy.moml.MoMLSimpleApplication@5d95b44c
----------------- Done invoking toplevel() on ptolemy.moml.MoMLSimpleApplication@5d95b44c
reloadAllAccessors: .Integration5

===========================================================================================
----------------- testing Sat Aug 17 05:20:58 UTC 2019 /home/travis/build/icyphy/ptII/ptolemy/domains/continuous/test/auto/IntegratorImpulse.xml
----------------- Instantiating /home/travis/build/icyphy/ptII/ptolemy/domains/continuous/test/auto/IntegratorImpulse.xml
2 ms. Memory: 305152K Free: 254728K (83%)
----------------- Invoking toplevel() on ptolemy.moml.MoMLSimpleApplication@6755fabd
----------------- Done invoking toplevel() on ptolemy.moml.MoMLSimpleApplication@6755fabd
reloadAllAccessors: .IntegratorImpulse

===========================================================================================
----------------- testing Sat Aug 17 05:20:58 UTC 2019 /home/travis/build/icyphy/ptII/ptolemy/domains/continuous/test/auto/IntegratorImpulse2.xml
----------------- Instantiating /home/travis/build/icyphy/ptII/ptolemy/domains/continuous/test/auto/IntegratorImpulse2.xml
6 ms. Memory: 305152K Free: 250152K (82%)
----------------- Invoking toplevel() on ptolemy.moml.MoMLSimpleApplication@374eac73
----------------- Done invoking toplevel() on ptolemy.moml.MoMLSimpleApplication@374eac73
reloadAllAccessors: .IntegratorImpulse2

===========================================================================================
----------------- testing Sat Aug 17 05:20:58 UTC 2019 /home/travis/build/icyphy/ptII/ptolemy/domains/continuous/test/auto/LevelCrossing1.xml
----------------- Instantiating /home/travis/build/icyphy/ptII/ptolemy/domains/continuous/test/auto/LevelCrossing1.xml
7 ms. Memory: 305152K Free: 245032K (80%)
----------------- Invoking toplevel() on ptolemy.moml.MoMLSimpleApplication@3fb35b80
----------------- Done invoking toplevel() on ptolemy.moml.MoMLSimpleApplication@3fb35b80
reloadAllAccessors: .LevelCrossing1

===========================================================================================
----------------- testing Sat Aug 17 05:20:58 UTC 2019 /home/travis/build/icyphy/ptII/ptolemy/domains/continuous/test/auto/LevelCrossing2.xml
----------------- Instantiating /home/travis/build/icyphy/ptII/ptolemy/domains/continuous/test/auto/LevelCrossing2.xml
3 ms. Memory: 305152K Free: 239912K (79%)
----------------- Invoking toplevel() on ptolemy.moml.MoMLSimpleApplication@31e3798a
----------------- Done invoking toplevel() on ptolemy.moml.MoMLSimpleApplication@31e3798a
reloadAllAccessors: .LevelCrossing2

===========================================================================================
----------------- testing Sat Aug 17 05:20:58 UTC 2019 /home/travis/build/icyphy/ptII/ptolemy/domains/continuous/test/auto/LevelCrossing3.xml
----------------- Instantiating /home/travis/build/icyphy/ptII/ptolemy/domains/continuous/test/auto/LevelCrossing3.xml
3 ms. Memory: 305152K Free: 234792K (77%)
----------------- Invoking toplevel() on ptolemy.moml.MoMLSimpleApplication@d2ffb4b
----------------- Done invoking toplevel() on ptolemy.moml.MoMLSimpleApplication@d2ffb4b
reloadAllAccessors: .LevelCrossing3

===========================================================================================
----------------- testing Sat Aug 17 05:20:58 UTC 2019 /home/travis/build/icyphy/ptII/ptolemy/domains/continuous/test/auto/LevelCrossing4.xml
----------------- Instantiating /home/travis/build/icyphy/ptII/ptolemy/domains/continuous/test/auto/LevelCrossing4.xml
3 ms. Memory: 305152K Free: 229672K (75%)
----------------- Invoking toplevel() on ptolemy.moml.MoMLSimpleApplication@38d4120
----------------- Done invoking toplevel() on ptolemy.moml.MoMLSimpleApplication@38d4120
reloadAllAccessors: .LevelCrossing4

===========================================================================================
----------------- testing Sat Aug 17 05:20:58 UTC 2019 /home/travis/build/icyphy/ptII/ptolemy/domains/continuous/test/auto/LevelCrossing5.xml
----------------- Instantiating /home/travis/build/icyphy/ptII/ptolemy/domains/continuous/test/auto/LevelCrossing5.xml
3 ms. Memory: 305152K Free: 224552K (74%)
----------------- Invoking toplevel() on ptolemy.moml.MoMLSimpleApplication@48ef4e95
----------------- Done invoking toplevel() on ptolemy.moml.MoMLSimpleApplication@48ef4e95
reloadAllAccessors: .LevelCrossing5

===========================================================================================
[...]
----------------- testing Sat Aug 17 05:21:16 UTC 2019 /home/travis/build/icyphy/ptII/ptolemy/domains/continuous/test/auto/SRinContinuous.xml
----------------- Instantiating /home/travis/build/icyphy/ptII/ptolemy/domains/continuous/test/auto/SRinContinuous.xml
6 ms. Memory: 366592K Free: 285037K (78%)
----------------- Invoking toplevel() on ptolemy.moml.MoMLSimpleApplication@27a141b6
----------------- Done invoking toplevel() on ptolemy.moml.MoMLSimpleApplication@27a141b6
reloadAllAccessors: .SRinContinuous

===========================================================================================
----------------- testing Sat Aug 17 05:21:16 UTC 2019 /home/travis/build/icyphy/ptII/ptolemy/domains/continuous/test/auto/SampledClocks.xml
----------------- Instantiating /home/travis/build/icyphy/ptII/ptolemy/domains/continuous/test/auto/SampledClocks.xml
7 ms. Memory: 366592K Free: 272239K (74%)
----------------- Invoking toplevel() on ptolemy.moml.MoMLSimpleApplication@5e9a24f1
----------------- Done invoking toplevel() on ptolemy.moml.MoMLSimpleApplication@5e9a24f1
reloadAllAccessors: .SampledClocks

===========================================================================================
----------------- testing Sat Aug 17 05:21:16 UTC 2019 /home/travis/build/icyphy/ptII/ptolemy/domains/continuous/test/auto/Satellite.xml
----------------- Instantiating /home/travis/build/icyphy/ptII/ptolemy/domains/continuous/test/auto/Satellite.xml
802 ms. Memory: 366592K Free: 299131K (82%)
----------------- Invoking toplevel() on ptolemy.moml.MoMLSimpleApplication@20010d45
----------------- Done invoking toplevel() on ptolemy.moml.MoMLSimpleApplication@20010d45
reloadAllAccessors: .Satellite

===========================================================================================
----------------- testing Sat Aug 17 05:21:17 UTC 2019 /home/travis/build/icyphy/ptII/ptolemy/domains/continuous/test/auto/SigmaDelta.xml
----------------- Instantiating /home/travis/build/icyphy/ptII/ptolemy/domains/continuous/test/auto/SigmaDelta.xml
2362 ms. Memory: 366592K Free: 255168K (70%)
----------------- Invoking toplevel() on ptolemy.moml.MoMLSimpleApplication@1df9be5f
----------------- Done invoking toplevel() on ptolemy.moml.MoMLSimpleApplication@1df9be5f
reloadAllAccessors: .SigmaDelta

===========================================================================================
----------------- testing Sat Aug 17 05:21:20 UTC 2019 /home/travis/build/icyphy/ptII/ptolemy/domains/continuous/test/auto/SingleRefinement.xml
----------------- Instantiating /home/travis/build/icyphy/ptII/ptolemy/domains/continuous/test/auto/SingleRefinement.xml
332 ms. Memory: 366592K Free: 290098K (79%)
----------------- Invoking toplevel() on ptolemy.moml.MoMLSimpleApplication@2ec32de3
----------------- Done invoking toplevel() on ptolemy.moml.MoMLSimpleApplication@2ec32de3
reloadAllAccessors: .SingleRefinement

===========================================================================================
----------------- testing Sat Aug 17 05:21:20 UTC 2019 /home/travis/build/icyphy/ptII/ptolemy/domains/continuous/test/auto/SinuBouncingBall.xml
----------------- Instantiating /home/travis/build/icyphy/ptII/ptolemy/domains/continuous/test/auto/SinuBouncingBall.xml
814 ms. Memory: 366592K Free: 294800K (80%)
----------------- Invoking toplevel() on ptolemy.moml.MoMLSimpleApplication@44dff8c9
----------------- Done invoking toplevel() on ptolemy.moml.MoMLSimpleApplication@44dff8c9
reloadAllAccessors: .SinuBouncingBall

===========================================================================================
----------------- testing Sat Aug 17 05:21:21 UTC 2019 /home/travis/build/icyphy/ptII/ptolemy/domains/continuous/test/auto/Sinusoid.xml
----------------- Instantiating /home/travis/build/icyphy/ptII/ptolemy/domains/continuous/test/auto/Sinusoid.xml
5 ms. Memory: 366592K Free: 290194K (79%)
----------------- Invoking toplevel() on ptolemy.moml.MoMLSimpleApplication@467ad667
----------------- Done invoking toplevel() on ptolemy.moml.MoMLSimpleApplication@467ad667
reloadAllAccessors: .Sinusoid

===========================================================================================
----------------- testing Sat Aug 17 05:21:21 UTC 2019 /home/travis/build/icyphy/ptII/ptolemy/domains/continuous/test/auto/SinusoidInNoise.xml
----------------- Instantiating /home/travis/build/icyphy/ptII/ptolemy/domains/continuous/test/auto/SinusoidInNoise.xml
940 ms. Memory: 366592K Free: 156560K (43%)
----------------- Invoking toplevel() on ptolemy.moml.MoMLSimpleApplication@1bd5f12
----------------- Done invoking toplevel() on ptolemy.moml.MoMLSimpleApplication@1bd5f12
reloadAllAccessors: .SinusoidInNoise

===========================================================================================
----------------- testing Sat Aug 17 05:21:22 UTC 2019 /home/travis/build/icyphy/ptII/ptolemy/domains/continuous/test/auto/SinusoidRK45.xml
----------------- Instantiating /home/travis/build/icyphy/ptII/ptolemy/domains/continuous/test/auto/SinusoidRK45.xml
3 ms. Memory: 366592K Free: 152450K (42%)
----------------- Invoking toplevel() on ptolemy.moml.MoMLSimpleApplication@70b23476
----------------- Done invoking toplevel() on ptolemy.moml.MoMLSimpleApplication@70b23476
reloadAllAccessors: .SinusoidRK45

===========================================================================================
----------------- testing Sat Aug 17 05:21:22 UTC 2019 /home/travis/build/icyphy/ptII/ptolemy/domains/continuous/test/auto/SinusoidWithMultipleImpulses.xml
----------------- Instantiating /home/travis/build/icyphy/ptII/ptolemy/domains/continuous/test/auto/SinusoidWithMultipleImpulses.xml
3 ms. Memory: 366592K Free: 147858K (40%)
----------------- Invoking toplevel() on ptolemy.moml.MoMLSimpleApplication@43112a30
----------------- Done invoking toplevel() on ptolemy.moml.MoMLSimpleApplication@43112a30
reloadAllAccessors: .SinusoidWithMultipleImpulses

===========================================================================================
----------------- testing Sat Aug 17 05:21:22 UTC 2019 /home/travis/build/icyphy/ptII/ptolemy/domains/continuous/test/auto/SquareWave.xml
----------------- Instantiating /home/travis/build/icyphy/ptII/ptolemy/domains/continuous/test/auto/SquareWave.xml
172 ms. Memory: 366592K Free: 338375K (92%)
----------------- Invoking toplevel() on ptolemy.moml.MoMLSimpleApplication@114be376
----------------- Done invoking toplevel() on ptolemy.moml.MoMLSimpleApplication@114be376
reloadAllAccessors: .SquareWave

===========================================================================================
----------------- testing Sat Aug 17 05:21:22 UTC 2019 /home/travis/build/icyphy/ptII/ptolemy/domains/continuous/test/auto/Starmac.xml
----------------- Instantiating /home/travis/build/icyphy/ptII/ptolemy/domains/continuous/test/auto/Starmac.xml
3051 ms. Memory: 366592K Free: 239500K (65%)
----------------- Invoking toplevel() on ptolemy.moml.MoMLSimpleApplication@77df3c7b
----------------- Done invoking toplevel() on ptolemy.moml.MoMLSimpleApplication@77df3c7b
reloadAllAccessors: .Starmac

===========================================================================================
----------------- testing Sat Aug 17 05:21:25 UTC 2019 /home/travis/build/icyphy/ptII/ptolemy/domains/continuous/test/auto/StaticUnits.xml
----------------- Instantiating /home/travis/build/icyphy/ptII/ptolemy/domains/continuous/test/auto/StaticUnits.xml
2229 ms. Memory: 366592K Free: 210183K (57%)
----------------- Invoking toplevel() on ptolemy.moml.MoMLSimpleApplication@a3a263
----------------- Done invoking toplevel() on ptolemy.moml.MoMLSimpleApplication@a3a263
reloadAllAccessors: .StaticUnits

===========================================================================================
----------------- testing Sat Aug 17 05:21:28 UTC 2019 /home/travis/build/icyphy/ptII/ptolemy/domains/continuous/test/auto/StickyMasses.xml
----------------- Instantiating /home/travis/build/icyphy/ptII/ptolemy/domains/continuous/test/auto/StickyMasses.xml
151 ms. Memory: 366592K Free: 160521K (44%)
----------------- Invoking toplevel() on ptolemy.moml.MoMLSimpleApplication@1db6e909
----------------- Done invoking toplevel() on ptolemy.moml.MoMLSimpleApplication@1db6e909
reloadAllAccessors: .StickyMasses

===========================================================================================
----------------- testing Sat Aug 17 05:21:28 UTC 2019 /home/travis/build/icyphy/ptII/ptolemy/domains/continuous/test/auto/StopTime.xml
----------------- Instantiating /home/travis/build/icyphy/ptII/ptolemy/domains/continuous/test/auto/StopTime.xml
45 ms. Memory: 366592K Free: 135945K (37%)
----------------- Invoking toplevel() on ptolemy.moml.MoMLSimpleApplication@6559609f
----------------- Done invoking toplevel() on ptolemy.moml.MoMLSimpleApplication@6559609f
reloadAllAccessors: .StopTime

===========================================================================================
----------------- testing Sat Aug 17 05:21:28 UTC 2019 /home/travis/build/icyphy/ptII/ptolemy/domains/continuous/test/auto/StopTime2.xml
----------------- Instantiating /home/travis/build/icyphy/ptII/ptolemy/domains/continuous/test/auto/StopTime2.xml
44 ms. Memory: 366592K Free: 326919K (89%)
----------------- Invoking toplevel() on ptolemy.moml.MoMLSimpleApplication@15d9666f
----------------- Done invoking toplevel() on ptolemy.moml.MoMLSimpleApplication@15d9666f
reloadAllAccessors: .StopTime2

===========================================================================================
----------------- testing Sat Aug 17 05:21:29 UTC 2019 /home/travis/build/icyphy/ptII/ptolemy/domains/continuous/test/auto/Switch.xml
----------------- Instantiating /home/travis/build/icyphy/ptII/ptolemy/domains/continuous/test/auto/Switch.xml
39 ms. Memory: 366592K Free: 301814K (82%)
----------------- Invoking toplevel() on ptolemy.moml.MoMLSimpleApplication@9af7b35
----------------- Done invoking toplevel() on ptolemy.moml.MoMLSimpleApplication@9af7b35
reloadAllAccessors: .Switch

===========================================================================================
----------------- testing Sat Aug 17 05:21:29 UTC 2019 /home/travis/build/icyphy/ptII/ptolemy/domains/continuous/test/auto/Thermostat.xml
----------------- Instantiating /home/travis/build/icyphy/ptII/ptolemy/domains/continuous/test/auto/Thermostat.xml
186 ms. Memory: 366592K Free: 229639K (63%)
----------------- Invoking toplevel() on ptolemy.moml.MoMLSimpleApplication@4810286f
----------------- Done invoking toplevel() on ptolemy.moml.MoMLSimpleApplication@4810286f
reloadAllAccessors: .Thermostat

===========================================================================================
----------------- testing Sat Aug 17 05:21:29 UTC 2019 /home/travis/build/icyphy/ptII/ptolemy/domains/continuous/test/auto/TimeDelay.xml
----------------- Instantiating /home/travis/build/icyphy/ptII/ptolemy/domains/continuous/test/auto/TimeDelay.xml
6 ms. Memory: 366592K Free: 225014K (61%)
----------------- Invoking toplevel() on ptolemy.moml.MoMLSimpleApplication@5c64660
----------------- Done invoking toplevel() on ptolemy.moml.MoMLSimpleApplication@5c64660
reloadAllAccessors: .TimeDelay

===========================================================================================
----------------- testing Sat Aug 17 05:21:29 UTC 2019 /home/travis/build/icyphy/ptII/ptolemy/domains/continuous/test/auto/TimeDelay2.xml
----------------- Instantiating /home/travis/build/icyphy/ptII/ptolemy/domains/continuous/test/auto/TimeDelay2.xml
11 ms. Memory: 366592K Free: 215303K (59%)
----------------- Invoking toplevel() on ptolemy.moml.MoMLSimpleApplication@5615ee1
----------------- Done invoking toplevel() on ptolemy.moml.MoMLSimpleApplication@5615ee1
reloadAllAccessors: .TimeDelay2

===========================================================================================
----------------- testing Sat Aug 17 05:21:29 UTC 2019 /home/travis/build/icyphy/ptII/ptolemy/domains/continuous/test/auto/TimeDelay3.xml
----------------- Instantiating /home/travis/build/icyphy/ptII/ptolemy/domains/continuous/test/auto/TimeDelay3.xml
5 ms. Memory: 366592K Free: 210690K (57%)
----------------- Invoking toplevel() on ptolemy.moml.MoMLSimpleApplication@37e1a3af
----------------- Done invoking toplevel() on ptolemy.moml.MoMLSimpleApplication@37e1a3af
reloadAllAccessors: .TimeDelay3

===========================================================================================
----------------- testing Sat Aug 17 05:21:29 UTC 2019 /home/travis/build/icyphy/ptII/ptolemy/domains/continuous/test/auto/TransferAbsentToInside.xml
----------------- Instantiating /home/travis/build/icyphy/ptII/ptolemy/domains/continuous/test/auto/TransferAbsentToInside.xml
29 ms. Memory: 366592K Free: 157430K (43%)
----------------- Invoking toplevel() on ptolemy.moml.MoMLSimpleApplication@7fa63bd
----------------- Done invoking toplevel() on ptolemy.moml.MoMLSimpleApplication@7fa63bd
reloadAllAccessors: .TransferAbsentToInside

===========================================================================================
----------------- testing Sat Aug 17 05:21:29 UTC 2019 /home/travis/build/icyphy/ptII/ptolemy/domains/continuous/test/auto/Transmission.xml
----------------- Instantiating /home/travis/build/icyphy/ptII/ptolemy/domains/continuous/test/auto/Transmission.xml
778 ms. Memory: 366592K Free: 140204K (38%)
----------------- Invoking toplevel() on ptolemy.moml.MoMLSimpleApplication@3b9894bb
----------------- Done invoking toplevel() on ptolemy.moml.MoMLSimpleApplication@3b9894bb
reloadAllAccessors: .Transmission

===========================================================================================
----------------- testing Sat Aug 17 05:21:30 UTC 2019 /home/travis/build/icyphy/ptII/ptolemy/domains/continuous/test/auto/TriggeredContinuousClock.xml
----------------- Instantiating /home/travis/build/icyphy/ptII/ptolemy/domains/continuous/test/auto/TriggeredContinuousClock.xml
37 ms. Memory: 366592K Free: 323232K (88%)
----------------- Invoking toplevel() on ptolemy.moml.MoMLSimpleApplication@71a83e15
----------------- Done invoking toplevel() on ptolemy.moml.MoMLSimpleApplication@71a83e15
reloadAllAccessors: .TriggeredContinuousClock

===========================================================================================
----------------- testing Sat Aug 17 05:21:30 UTC 2019 /home/travis/build/icyphy/ptII/ptolemy/domains/continuous/test/auto/TwoMachineInfiniteBusControl.xml
----------------- Instantiating /home/travis/build/icyphy/ptII/ptolemy/domains/continuous/test/auto/TwoMachineInfiniteBusControl.xml
3258 ms. Memory: 366592K Free: 173726K (47%)
----------------- Invoking toplevel() on ptolemy.moml.MoMLSimpleApplication@48106ccc
----------------- Done invoking toplevel() on ptolemy.moml.MoMLSimpleApplication@48106ccc
reloadAllAccessors: .TwoMachineInfiniteBusControl

===========================================================================================
----------------- testing Sat Aug 17 05:21:33 UTC 2019 /home/travis/build/icyphy/ptII/ptolemy/domains/continuous/test/auto/V2V.xml
----------------- Instantiating /home/travis/build/icyphy/ptII/ptolemy/domains/continuous/test/auto/V2V.xml
720 ms. Memory: 366592K Free: 198963K (54%)
----------------- Invoking toplevel() on ptolemy.moml.MoMLSimpleApplication@47fbafd7
----------------- Done invoking toplevel() on ptolemy.moml.MoMLSimpleApplication@47fbafd7
reloadAllAccessors: .V2V

===========================================================================================
----------------- testing Sat Aug 17 05:21:34 UTC 2019 /home/travis/build/icyphy/ptII/ptolemy/domains/continuous/test/auto/hierarchicalModalModel.xml
----------------- Instantiating /home/travis/build/icyphy/ptII/ptolemy/domains/continuous/test/auto/hierarchicalModalModel.xml
7 ms. Memory: 366592K Free: 184433K (50%)
----------------- Invoking toplevel() on ptolemy.moml.MoMLSimpleApplication@234c87d1
----------------- Done invoking toplevel() on ptolemy.moml.MoMLSimpleApplication@234c87d1
reloadAllAccessors: .hierarchicalModalModel

===========================================================================================
----------------- testing Sat Aug 17 05:21:34 UTC 2019 /home/travis/build/icyphy/ptII/ptolemy/domains/continuous/test/auto/hierarchicalModalModel1.xml
----------------- Instantiating /home/travis/build/icyphy/ptII/ptolemy/domains/continuous/test/auto/hierarchicalModalModel1.xml
8 ms. Memory: 366592K Free: 170127K (46%)
----------------- Invoking toplevel() on ptolemy.moml.MoMLSimpleApplication@7e659b1b
----------------- Done invoking toplevel() on ptolemy.moml.MoMLSimpleApplication@7e659b1b
reloadAllAccessors: .hierarchicalModalModel1

===========================================================================================
----------------- testing Sat Aug 17 05:21:34 UTC 2019 /home/travis/build/icyphy/ptII/ptolemy/domains/continuous/test/auto/hierarchicalModalModel2.xml
----------------- Instantiating /home/travis/build/icyphy/ptII/ptolemy/domains/continuous/test/auto/hierarchicalModalModel2.xml
7 ms. Memory: 366592K Free: 157825K (43%)
----------------- Invoking toplevel() on ptolemy.moml.MoMLSimpleApplication@18796b01
----------------- Done invoking toplevel() on ptolemy.moml.MoMLSimpleApplication@18796b01
reloadAllAccessors: .hierarchicalModalModel2

===========================================================================================
----------------- testing Sat Aug 17 05:21:34 UTC 2019 /home/travis/build/icyphy/ptII/ptolemy/domains/continuous/test/auto/hierarchicalModalModel3.xml
----------------- Instantiating /home/travis/build/icyphy/ptII/ptolemy/domains/continuous/test/auto/hierarchicalModalModel3.xml
6 ms. Memory: 366592K Free: 147089K (40%)
----------------- Invoking toplevel() on ptolemy.moml.MoMLSimpleApplication@4529c47a
----------------- Done invoking toplevel() on ptolemy.moml.MoMLSimpleApplication@4529c47a
reloadAllAccessors: .hierarchicalModalModel3

===========================================================================================
----------------- testing Sat Aug 17 05:21:34 UTC 2019 /home/travis/build/icyphy/ptII/ptolemy/domains/continuous/test/auto/hierarchicalModalModel4.xml
----------------- Instantiating /home/travis/build/icyphy/ptII/ptolemy/domains/continuous/test/auto/hierarchicalModalModel4.xml
6 ms. Memory: 366592K Free: 135297K (37%)
----------------- Invoking toplevel() on ptolemy.moml.MoMLSimpleApplication@3ffba39d
----------------- Done invoking toplevel() on ptolemy.moml.MoMLSimpleApplication@3ffba39d
reloadAllAccessors: .hierarchicalModalModel4

===========================================================================================
----------------- testing Sat Aug 17 05:21:34 UTC 2019 /home/travis/build/icyphy/ptII/ptolemy/domains/continuous/test/auto/junk.xml
----------------- Instantiating /home/travis/build/icyphy/ptII/ptolemy/domains/continuous/test/auto/junk.xml
140 ms. Memory: 366592K Free: 322693K (88%)
----------------- Invoking toplevel() on ptolemy.moml.MoMLSimpleApplication@6d4602ee
----------------- Done invoking toplevel() on ptolemy.moml.MoMLSimpleApplication@6d4602ee
reloadAllAccessors: .junk
AutoTests.java: About to close Vertx.
AutoTests.java: Vertx closed.
]]></system-out>
  <system-err><![CDATA[Warning: '.HysteresisWithRandomDelay.NonStrictTest' The test produced only 221 tokens, yet the correctValues parameter was expecting 222 tokens.
Warning: '.HysteresisWithRandomDelay.NonStrictTest2' The test produced only 220 tokens, yet the correctValues parameter was expecting 221 tokens.
Warning: '.Poisson.NonStrictTest' The test produced only 396 tokens, yet the correctValues parameter was expecting 430 tokens.
]]></system-err>
</testsuite>
