<?xml version="1.0" encoding="UTF-8" ?>
<testsuite errors="0" failures="0" hostname="travis-job-d3a3c246-a171-4a8d-b882-3b057b51c9a8" name="ptolemy.domains.de.test.junit.JUnitTclTest" skipped="0" tests="101" time="122.093" timestamp="2020-04-16T13:55:52">
  <properties>
[...]
</properties>
  <testcase classname="ptolemy.util.test.junit.TclTests" name="[0] /home/travis/build/icyphy/ptII/ptolemy/domains/de/test/DependencyLoop.tcl (RunTclFile)" time="0.952" />
  <testcase classname="ptolemy.util.test.junit.TclTests" name="[1] /home/travis/build/icyphy/ptII/ptolemy/domains/de/test/RunDETestsAsQSS.tcl (RunTclFile)" time="82.518" />
  <testcase classname="ptolemy.util.test.junit.AutoKnownFailedTests" name="[0] /home/travis/build/icyphy/ptII/ptolemy/domains/de/test/auto/knownFailedTests/DESDFClockTest.xml (RunModel)" time="2.041" />
  <testcase classname="ptolemy.util.test.junit.AutoKnownFailedTests" name="[1] /home/travis/build/icyphy/ptII/ptolemy/domains/de/test/auto/knownFailedTests/DirectFeedback.xml (RunModel)" time="0.02" />
  <testcase classname="ptolemy.util.test.junit.AutoKnownFailedTests" name="[2] /home/travis/build/icyphy/ptII/ptolemy/domains/de/test/auto/knownFailedTests/FSMSource.xml (RunModel)" time="0.038" />
  <testcase classname="ptolemy.util.test.junit.AutoKnownFailedTests" name="[3] /home/travis/build/icyphy/ptII/ptolemy/domains/de/test/auto/knownFailedTests/HierarchicalModel.xml (RunModel)" time="0.048" />
  <testcase classname="ptolemy.util.test.junit.AutoKnownFailedTests" name="[4] /home/travis/build/icyphy/ptII/ptolemy/domains/de/test/auto/knownFailedTests/dependencyLoop.xml (RunModel)" time="0.042" />
  <testcase classname="ptolemy.util.test.junit.AutoKnownFailedTests" name="[5] /home/travis/build/icyphy/ptII/ptolemy/domains/de/test/auto/knownFailedTests/dependencyLoop2.xml (RunModel)" time="0.043" />
  <testcase classname="ptolemy.util.test.junit.AutoNameArchTests" name="[0] ThereAreNoAutoArchTests (RunModel)" time="0.001" />
  <testcase classname="ptolemy.util.test.junit.AutoTests" name="[0] /home/travis/build/icyphy/ptII/ptolemy/domains/de/test/auto/ActorDepthCalculation_actorWithoutPorts.xml (RunModel)" time="0.027" />
  <testcase classname="ptolemy.util.test.junit.AutoTests" name="[1] /home/travis/build/icyphy/ptII/ptolemy/domains/de/test/auto/AssemblyLine.xml (RunModel)" time="0.018" />
  <testcase classname="ptolemy.util.test.junit.AutoTests" name="[2] /home/travis/build/icyphy/ptII/ptolemy/domains/de/test/auto/CQBug1.xml (RunModel)" time="0.012" />
  <testcase classname="ptolemy.util.test.junit.AutoTests" name="[3] /home/travis/build/icyphy/ptII/ptolemy/domains/de/test/auto/CancelFireAt.xml (RunModel)" time="0.011" />
  <testcase classname="ptolemy.util.test.junit.AutoTests" name="[4] /home/travis/build/icyphy/ptII/ptolemy/domains/de/test/auto/CausalityAndComposabilityAnalysis.xml (RunModel)" time="0.013" />
  <testcase classname="ptolemy.util.test.junit.AutoTests" name="[5] /home/travis/build/icyphy/ptII/ptolemy/domains/de/test/auto/CausalityInterface1.xml (RunModel)" time="0.015" />
  <testcase classname="ptolemy.util.test.junit.AutoTests" name="[6] /home/travis/build/icyphy/ptII/ptolemy/domains/de/test/auto/CausalityInterface15.xml (RunModel)" time="0.014" />
  <testcase classname="ptolemy.util.test.junit.AutoTests" name="[7] /home/travis/build/icyphy/ptII/ptolemy/domains/de/test/auto/CausalityInterface2.xml (RunModel)" time="0.012" />
  <testcase classname="ptolemy.util.test.junit.AutoTests" name="[8] /home/travis/build/icyphy/ptII/ptolemy/domains/de/test/auto/CausalityInterface3.xml (RunModel)" time="0.017" />
  <testcase classname="ptolemy.util.test.junit.AutoTests" name="[9] /home/travis/build/icyphy/ptII/ptolemy/domains/de/test/auto/ClockDrift.xml (RunModel)" time="0.033" />
  <testcase classname="ptolemy.util.test.junit.AutoTests" name="[10] /home/travis/build/icyphy/ptII/ptolemy/domains/de/test/auto/ClockDriftAndValueChange.xml (RunModel)" time="0.027" />
  <testcase classname="ptolemy.util.test.junit.AutoTests" name="[11] /home/travis/build/icyphy/ptII/ptolemy/domains/de/test/auto/ClockDriftChange.xml (RunModel)" time="0.031" />
  <testcase classname="ptolemy.util.test.junit.AutoTests" name="[12] /home/travis/build/icyphy/ptII/ptolemy/domains/de/test/auto/ComposableCausalityAnalysis.xml (RunModel)" time="0.015" />
  <testcase classname="ptolemy.util.test.junit.AutoTests" name="[13] /home/travis/build/icyphy/ptII/ptolemy/domains/de/test/auto/DEFixedPointLimitation.xml (RunModel)" time="0.008" />
  <testcase classname="ptolemy.util.test.junit.AutoTests" name="[14] /home/travis/build/icyphy/ptII/ptolemy/domains/de/test/auto/DEScheduleTest.xml (RunModel)" time="0.014" />
  <testcase classname="ptolemy.util.test.junit.AutoTests" name="[15] /home/travis/build/icyphy/ptII/ptolemy/domains/de/test/auto/DEinDEwithStartTimes.xml (RunModel)" time="0.013" />
  <testcase classname="ptolemy.util.test.junit.AutoTests" name="[16] /home/travis/build/icyphy/ptII/ptolemy/domains/de/test/auto/DEinDEwithStartTimes2.xml (RunModel)" time="0.018" />
  <testcase classname="ptolemy.util.test.junit.AutoTests" name="[17] /home/travis/build/icyphy/ptII/ptolemy/domains/de/test/auto/DateDemo.xml (RunModel)" time="0.032" />
  <testcase classname="ptolemy.util.test.junit.AutoTests" name="[18] /home/travis/build/icyphy/ptII/ptolemy/domains/de/test/auto/DateToEvent.xml (RunModel)" time="2.04" />
  <testcase classname="ptolemy.util.test.junit.AutoTests" name="[19] /home/travis/build/icyphy/ptII/ptolemy/domains/de/test/auto/DepthTest1.xml (RunModel)" time="0.014" />
  <testcase classname="ptolemy.util.test.junit.AutoTests" name="[20] /home/travis/build/icyphy/ptII/ptolemy/domains/de/test/auto/DepthTest2.xml (RunModel)" time="0.017" />
  <testcase classname="ptolemy.util.test.junit.AutoTests" name="[21] /home/travis/build/icyphy/ptII/ptolemy/domains/de/test/auto/DepthTest3.xml (RunModel)" time="0.009" />
  <testcase classname="ptolemy.util.test.junit.AutoTests" name="[22] /home/travis/build/icyphy/ptII/ptolemy/domains/de/test/auto/DepthTest4.xml (RunModel)" time="0.014" />
  <testcase classname="ptolemy.util.test.junit.AutoTests" name="[23] /home/travis/build/icyphy/ptII/ptolemy/domains/de/test/auto/DepthTest5.xml (RunModel)" time="0.012" />
  <testcase classname="ptolemy.util.test.junit.AutoTests" name="[24] /home/travis/build/icyphy/ptII/ptolemy/domains/de/test/auto/DepthTest6.xml (RunModel)" time="0.022" />
  <testcase classname="ptolemy.util.test.junit.AutoTests" name="[25] /home/travis/build/icyphy/ptII/ptolemy/domains/de/test/auto/DepthTest7.xml (RunModel)" time="0.009" />
  <testcase classname="ptolemy.util.test.junit.AutoTests" name="[26] /home/travis/build/icyphy/ptII/ptolemy/domains/de/test/auto/EventToDate.xml (RunModel)" time="3.041" />
  <testcase classname="ptolemy.util.test.junit.AutoTests" name="[27] /home/travis/build/icyphy/ptII/ptolemy/domains/de/test/auto/FSM1.xml (RunModel)" time="0.06" />
  <testcase classname="ptolemy.util.test.junit.AutoTests" name="[28] /home/travis/build/icyphy/ptII/ptolemy/domains/de/test/auto/FSM7.xml (RunModel)" time="0.038" />
  <testcase classname="ptolemy.util.test.junit.AutoTests" name="[29] /home/travis/build/icyphy/ptII/ptolemy/domains/de/test/auto/Inspection.xml (RunModel)" time="0.039" />
  <testcase classname="ptolemy.util.test.junit.AutoTests" name="[30] /home/travis/build/icyphy/ptII/ptolemy/domains/de/test/auto/Iteration.xml (RunModel)" time="0.019" />
  <testcase classname="ptolemy.util.test.junit.AutoTests" name="[31] /home/travis/build/icyphy/ptII/ptolemy/domains/de/test/auto/LineFault.xml (RunModel)" time="0.531" />
  <testcase classname="ptolemy.util.test.junit.AutoTests" name="[32] /home/travis/build/icyphy/ptII/ptolemy/domains/de/test/auto/MergeModel1Add.xml (RunModel)" time="0.046" />
  <testcase classname="ptolemy.util.test.junit.AutoTests" name="[33] /home/travis/build/icyphy/ptII/ptolemy/domains/de/test/auto/MergeModel2Add.xml (RunModel)" time="0.037" />
  <testcase classname="ptolemy.util.test.junit.AutoTests" name="[34] /home/travis/build/icyphy/ptII/ptolemy/domains/de/test/auto/MergeModel3Add.xml (RunModel)" time="0.044" />
  <testcase classname="ptolemy.util.test.junit.AutoTests" name="[35] /home/travis/build/icyphy/ptII/ptolemy/domains/de/test/auto/MergeWithoutDiscard.xml (RunModel)" time="0.009" />
  <testcase classname="ptolemy.util.test.junit.AutoTests" name="[36] /home/travis/build/icyphy/ptII/ptolemy/domains/de/test/auto/Modal1.xml (RunModel)" time="0.022" />
  <testcase classname="ptolemy.util.test.junit.AutoTests" name="[37] /home/travis/build/icyphy/ptII/ptolemy/domains/de/test/auto/Modal2.xml (RunModel)" time="0.029" />
  <testcase classname="ptolemy.util.test.junit.AutoTests" name="[38] /home/travis/build/icyphy/ptII/ptolemy/domains/de/test/auto/Modal3.xml (RunModel)" time="0.023" />
  <testcase classname="ptolemy.util.test.junit.AutoTests" name="[39] /home/travis/build/icyphy/ptII/ptolemy/domains/de/test/auto/Modal4.xml (RunModel)" time="0.03" />
  <testcase classname="ptolemy.util.test.junit.AutoTests" name="[40] /home/travis/build/icyphy/ptII/ptolemy/domains/de/test/auto/Modal5.xml (RunModel)" time="0.026" />
  <testcase classname="ptolemy.util.test.junit.AutoTests" name="[41] /home/travis/build/icyphy/ptII/ptolemy/domains/de/test/auto/Modal6.xml (RunModel)" time="0.025" />
  <testcase classname="ptolemy.util.test.junit.AutoTests" name="[42] /home/travis/build/icyphy/ptII/ptolemy/domains/de/test/auto/Modal7.xml (RunModel)" time="0.025" />
  <testcase classname="ptolemy.util.test.junit.AutoTests" name="[43] /home/travis/build/icyphy/ptII/ptolemy/domains/de/test/auto/ModalModel.xml (RunModel)" time="0.173" />
  <testcase classname="ptolemy.util.test.junit.AutoTests" name="[44] /home/travis/build/icyphy/ptII/ptolemy/domains/de/test/auto/ModalSource.xml (RunModel)" time="0.02" />
  <testcase classname="ptolemy.util.test.junit.AutoTests" name="[45] /home/travis/build/icyphy/ptII/ptolemy/domains/de/test/auto/NonInterruptibleTimerZeroDelay.xml (RunModel)" time="0.011" />
  <testcase classname="ptolemy.util.test.junit.AutoTests" name="[46] /home/travis/build/icyphy/ptII/ptolemy/domains/de/test/auto/OpenQueueingNetwork.xml (RunModel)" time="2.505" />
  <testcase classname="ptolemy.util.test.junit.AutoTests" name="[47] /home/travis/build/icyphy/ptII/ptolemy/domains/de/test/auto/OpenQueuingNetwork.xml (RunModel)" time="0.268" />
  <testcase classname="ptolemy.util.test.junit.AutoTests" name="[48] /home/travis/build/icyphy/ptII/ptolemy/domains/de/test/auto/PeriodicSampler.xml (RunModel)" time="0.009" />
  <testcase classname="ptolemy.util.test.junit.AutoTests" name="[49] /home/travis/build/icyphy/ptII/ptolemy/domains/de/test/auto/PersistentIO.xml (RunModel)" time="0.017" />
  <testcase classname="ptolemy.util.test.junit.AutoTests" name="[50] /home/travis/build/icyphy/ptII/ptolemy/domains/de/test/auto/PortParameterResetOnInitialize.xml (RunModel)" time="0.014" />
  <testcase classname="ptolemy.util.test.junit.AutoTests" name="[51] /home/travis/build/icyphy/ptII/ptolemy/domains/de/test/auto/PortParameterUpdates.xml (RunModel)" time="0.016" />
  <testcase classname="ptolemy.util.test.junit.AutoTests" name="[52] /home/travis/build/icyphy/ptII/ptolemy/domains/de/test/auto/QueueAndServer.xml (RunModel)" time="0.017" />
  <testcase classname="ptolemy.util.test.junit.AutoTests" name="[53] /home/travis/build/icyphy/ptII/ptolemy/domains/de/test/auto/Records.xml (RunModel)" time="0.012" />
  <testcase classname="ptolemy.util.test.junit.AutoTests" name="[54] /home/travis/build/icyphy/ptII/ptolemy/domains/de/test/auto/ResetTransitionWithStartTime1.xml (RunModel)" time="0.02" />
  <testcase classname="ptolemy.util.test.junit.AutoTests" name="[55] /home/travis/build/icyphy/ptII/ptolemy/domains/de/test/auto/ResetTransitionWithStartTime2.xml (RunModel)" time="0.018" />
  <testcase classname="ptolemy.util.test.junit.AutoTests" name="[56] /home/travis/build/icyphy/ptII/ptolemy/domains/de/test/auto/ResetTransitionWithStartTime3.xml (RunModel)" time="0.015" />
  <testcase classname="ptolemy.util.test.junit.AutoTests" name="[57] /home/travis/build/icyphy/ptII/ptolemy/domains/de/test/auto/ResetTransitionWithStartTime4.xml (RunModel)" time="0.018" />
  <testcase classname="ptolemy.util.test.junit.AutoTests" name="[58] /home/travis/build/icyphy/ptII/ptolemy/domains/de/test/auto/ResettableTimer1.xml (RunModel)" time="0.008" />
  <testcase classname="ptolemy.util.test.junit.AutoTests" name="[59] /home/travis/build/icyphy/ptII/ptolemy/domains/de/test/auto/ResettableTimer2.xml (RunModel)" time="0.007" />
  <testcase classname="ptolemy.util.test.junit.AutoTests" name="[60] /home/travis/build/icyphy/ptII/ptolemy/domains/de/test/auto/ResettableTimer3.xml (RunModel)" time="0.008" />
  <testcase classname="ptolemy.util.test.junit.AutoTests" name="[61] /home/travis/build/icyphy/ptII/ptolemy/domains/de/test/auto/ResettableTimer4.xml (RunModel)" time="0.008" />
  <testcase classname="ptolemy.util.test.junit.AutoTests" name="[62] /home/travis/build/icyphy/ptII/ptolemy/domains/de/test/auto/ResettableTimer5.xml (RunModel)" time="0.008" />
  <testcase classname="ptolemy.util.test.junit.AutoTests" name="[63] /home/travis/build/icyphy/ptII/ptolemy/domains/de/test/auto/ResettableTimer6.xml (RunModel)" time="0.018" />
  <testcase classname="ptolemy.util.test.junit.AutoTests" name="[64] /home/travis/build/icyphy/ptII/ptolemy/domains/de/test/auto/ServerZeroDelay.xml (RunModel)" time="0.007" />
  <testcase classname="ptolemy.util.test.junit.AutoTests" name="[65] /home/travis/build/icyphy/ptII/ptolemy/domains/de/test/auto/SmartSender.xml (RunModel)" time="3.006" />
  <testcase classname="ptolemy.util.test.junit.AutoTests" name="[66] /home/travis/build/icyphy/ptII/ptolemy/domains/de/test/auto/ThreadedComposite.xml (RunModel)" time="0.107" />
  <testcase classname="ptolemy.util.test.junit.AutoTests" name="[67] /home/travis/build/icyphy/ptII/ptolemy/domains/de/test/auto/Time.xml (RunModel)" time="0.38" />
  <testcase classname="ptolemy.util.test.junit.AutoTests" name="[68] /home/travis/build/icyphy/ptII/ptolemy/domains/de/test/auto/TimeDelayZeroDelay.xml (RunModel)" time="0.01" />
  <testcase classname="ptolemy.util.test.junit.AutoTests" name="[69] /home/travis/build/icyphy/ptII/ptolemy/domains/de/test/auto/TimerZeroDelay.xml (RunModel)" time="0.009" />
  <testcase classname="ptolemy.util.test.junit.AutoTests" name="[70] /home/travis/build/icyphy/ptII/ptolemy/domains/de/test/auto/TimingParadox.xml (RunModel)" time="0.336" />
  <testcase classname="ptolemy.util.test.junit.AutoTests" name="[71] /home/travis/build/icyphy/ptII/ptolemy/domains/de/test/auto/TransferInputs.xml (RunModel)" time="0.016" />
  <testcase classname="ptolemy.util.test.junit.AutoTests" name="[72] /home/travis/build/icyphy/ptII/ptolemy/domains/de/test/auto/TransferOutputs2.xml (RunModel)" time="0.013" />
  <testcase classname="ptolemy.util.test.junit.AutoTests" name="[73] /home/travis/build/icyphy/ptII/ptolemy/domains/de/test/auto/Trilateration.xml (RunModel)" time="10.414" />
  <testcase classname="ptolemy.util.test.junit.AutoTests" name="[74] /home/travis/build/icyphy/ptII/ptolemy/domains/de/test/auto/TwoSigmaDelta.xml (RunModel)" time="1.881" />
  <testcase classname="ptolemy.util.test.junit.AutoTests" name="[75] /home/travis/build/icyphy/ptII/ptolemy/domains/de/test/auto/VariableDelay.xml (RunModel)" time="0.01" />
  <testcase classname="ptolemy.util.test.junit.AutoTests" name="[76] /home/travis/build/icyphy/ptII/ptolemy/domains/de/test/auto/VariableDelay2.xml (RunModel)" time="0.007" />
  <testcase classname="ptolemy.util.test.junit.AutoTests" name="[77] /home/travis/build/icyphy/ptII/ptolemy/domains/de/test/auto/VariableDelayZeroDelay.xml (RunModel)" time="0.01" />
  <testcase classname="ptolemy.util.test.junit.AutoTests" name="[78] /home/travis/build/icyphy/ptII/ptolemy/domains/de/test/auto/VariableDelayZeroDelay2.xml (RunModel)" time="0.007" />
  <testcase classname="ptolemy.util.test.junit.AutoTests" name="[79] /home/travis/build/icyphy/ptII/ptolemy/domains/de/test/auto/deInCt.xml (RunModel)" time="0.017" />
  <testcase classname="ptolemy.util.test.junit.AutoTests" name="[80] /home/travis/build/icyphy/ptII/ptolemy/domains/de/test/auto/deInCt2.xml (RunModel)" time="0.014" />
  <testcase classname="ptolemy.util.test.junit.AutoTests" name="[81] /home/travis/build/icyphy/ptII/ptolemy/domains/de/test/auto/dynamicCausalityInterface1.xml (RunModel)" time="0.015" />
  <testcase classname="ptolemy.util.test.junit.AutoTests" name="[82] /home/travis/build/icyphy/ptII/ptolemy/domains/de/test/auto/fsm_de_test.xml (RunModel)" time="0.021" />
  <testcase classname="ptolemy.util.test.junit.AutoTests" name="[83] /home/travis/build/icyphy/ptII/ptolemy/domains/de/test/auto/functionDependencyReconstruction.xml (RunModel)" time="0.026" />
  <testcase classname="ptolemy.util.test.junit.AutoTests" name="[84] /home/travis/build/icyphy/ptII/ptolemy/domains/de/test/auto/multirate.xml (RunModel)" time="0.013" />
  <testcase classname="ptolemy.util.test.junit.AutoTests" name="[85] /home/travis/build/icyphy/ptII/ptolemy/domains/de/test/auto/multirate2.xml (RunModel)" time="0.014" />
  <testcase classname="ptolemy.util.test.junit.AutoTests" name="[86] /home/travis/build/icyphy/ptII/ptolemy/domains/de/test/auto/realtime.xml (RunModel)" time="10.008" />
  <testcase classname="ptolemy.util.test.junit.AutoTests" name="[87] /home/travis/build/icyphy/ptII/ptolemy/domains/de/test/auto/relationGroup.xml (RunModel)" time="0.012" />
  <testcase classname="ptolemy.util.test.junit.AutoTests" name="[88] /home/travis/build/icyphy/ptII/ptolemy/domains/de/test/auto/relationGroup2.xml (RunModel)" time="0.006" />
  <testcase classname="ptolemy.util.test.junit.AutoTests" name="[89] /home/travis/build/icyphy/ptII/ptolemy/domains/de/test/auto/sortWithOpaquePorts.xml (RunModel)" time="0.007" />
  <testcase classname="ptolemy.util.test.junit.AutoTests" name="[90] /home/travis/build/icyphy/ptII/ptolemy/domains/de/test/auto/transferInputsandOutputs.xml (RunModel)" time="0.014" />
  <testcase classname="ptolemy.util.test.junit.AutoTests" name="[91] /home/travis/build/icyphy/ptII/ptolemy/domains/de/test/auto/triggerType.xml (RunModel)" time="0.008" />
  <system-out><![CDATA[/home/travis/build/icyphy/ptII/ptolemy/domains/de/test/DependencyLoop.tcl
testDefs.tcl: setting time out to 9000 seconds at Thu Apr 16 13:55:52 UTC 2020
57 ms. Memory: 129024K Free: 78787K (61%)
23 ms. Memory: 129024K Free: 61379K (48%)
/home/travis/build/icyphy/ptII/ptolemy/domains/de/test/RunDETestsAsQSS.tcl
Run the DE tests using ptolemy.domains.qss.test.QSSDirectorTest, which extends QSSDirector and prints a message in the constructors.
------------------ testing $PTII/ptolemy/domains/de/test/auto/knownFailedTests/DirectFeedback.xml (Known Failure) 
42 ms. Memory: 129024K Free: 56259K (44%)


==== $PTIIhome/travis/build/icyphy/ptII/ptolemy/domains/de/test/../../../../: Auto Automatic test in file $PTII/ptolemy/domains/de/test/auto/knownFailedTests/DirectFeedback.xml
==== Contents of test case:

	    # FIXME: we should use $relativeFilename here, but it
	    # might have backslashes under Windows, which causes no end
	    # of trouble.
	    createAndExecute $file
	    list {}
	
.... Test generated KNOWN error:
    while executing
ptolemy.kernel.util.IllegalActionException: Test fails in iteration 1.
Value was: 1.0. Should have been: 2.0
  in .DirectFeedback.Test
	at ptolemy.actor.lib.Test.fire(Test.java:268)
	at ptolemy.domains.de.kernel.DEDirector._fire(DEDirector.java:1949)
	at ptolemy.domains.de.kernel.DEDirector.fire(DEDirector.java:502)
	at ptolemy.actor.CompositeActor.fire(CompositeActor.java:455)
	at ptolemy.actor.Manager.iterate(Manager.java:851)
	at ptolemy.actor.Manager.execute(Manager.java:369)
	at ptolemy.actor.Manager.run(Manager.java:1263)
	at ptolemy.actor.Manager$PtolemyRunThread.run(Manager.java:1933)

    while executing
ptolemy.kernel.util.IllegalActionException: Test fails in iteration 1.
Value was: 1.0. Should have been: 2.0
  in .DirectFeedback.Test
    while executing
"java::new ptolemy.moml.MoMLSimpleApplication $file
"
    (procedure "createAndExecute" line 2)
    invoked from within
"createAndExecute $file"
    ("uplevel" body line 5)
    invoked from within
"uplevel $contents_of_test"
------------------ testing $PTII/ptolemy/domains/de/test/auto/knownFailedTests/dependencyLoop.xml (Known Failure) 
17 ms. Memory: 129024K Free: 53187K (41%)


==== $PTIIhome/travis/build/icyphy/ptII/ptolemy/domains/de/test/../../../../: Auto Automatic test in file $PTII/ptolemy/domains/de/test/auto/knownFailedTests/dependencyLoop.xml
==== Contents of test case:

	    # FIXME: we should use $relativeFilename here, but it
	    # might have backslashes under Windows, which causes no end
	    # of trouble.
	    createAndExecute $file
	    list {}
	
.... Test generated KNOWN error:
    while executing
ptolemy.kernel.util.IllegalActionException: Found a zero delay loop containing .dependencyLoop.original
  in .dependencyLoop and .dependencyLoop.original
	at ptolemy.actor.util.CausalityInterfaceForComposites._computeOutputPortDepth(CausalityInterfaceForComposites.java:759)
	at ptolemy.actor.util.CausalityInterfaceForComposites._computeInputDepth(CausalityInterfaceForComposites.java:696)
	at ptolemy.actor.util.CausalityInterfaceForComposites._computeOutputPortDepth(CausalityInterfaceForComposites.java:765)
	at ptolemy.actor.util.CausalityInterfaceForComposites._computeInputDepth(CausalityInterfaceForComposites.java:696)
	at ptolemy.actor.util.CausalityInterfaceForComposites._computeOutputPortDepth(CausalityInterfaceForComposites.java:765)
	at ptolemy.actor.util.CausalityInterfaceForComposites._computeInputDepth(CausalityInterfaceForComposites.java:696)
	at ptolemy.actor.util.CausalityInterfaceForComposites._computeActorDepth(CausalityInterfaceForComposites.java:532)
	at ptolemy.actor.util.CausalityInterfaceForComposites.checkForCycles(CausalityInterfaceForComposites.java:96)
	at ptolemy.domains.de.kernel.DEDirector.preinitialize(DEDirector.java:1338)
	at ptolemy.actor.CompositeActor.preinitialize(CompositeActor.java:1828)
	at ptolemy.actor.Manager.preinitializeAndResolveTypes(Manager.java:1040)
	at ptolemy.actor.Manager.initialize(Manager.java:710)
	at ptolemy.actor.Manager.execute(Manager.java:356)
	at ptolemy.actor.Manager.run(Manager.java:1263)
	at ptolemy.actor.Manager$PtolemyRunThread.run(Manager.java:1933)

    while executing
ptolemy.kernel.util.IllegalActionException: Found a zero delay loop containing .dependencyLoop.original
  in .dependencyLoop and .dependencyLoop.original
    while executing
"java::new ptolemy.moml.MoMLSimpleApplication $file
"
    (procedure "createAndExecute" line 2)
    invoked from within
"createAndExecute $file"
    ("uplevel" body line 5)
    invoked from within
"uplevel $contents_of_test"
------------------ testing $PTII/ptolemy/domains/de/test/auto/knownFailedTests/FSMSource.xml (Known Failure) 
67 ms. Memory: 129024K Free: 112125K (87%)
!!!! Auto was marked as failing, but now passes
------------------ testing $PTII/ptolemy/domains/de/test/auto/knownFailedTests/HierarchicalModel.xml (Known Failure) 
6 ms. Memory: 129024K Free: 94226K (73%)


==== $PTIIhome/travis/build/icyphy/ptII/ptolemy/domains/de/test/../../../../: Auto Automatic test in file $PTII/ptolemy/domains/de/test/auto/knownFailedTests/HierarchicalModel.xml
==== Contents of test case:

	    # FIXME: we should use $relativeFilename here, but it
	    # might have backslashes under Windows, which causes no end
	    # of trouble.
	    createAndExecute $file
	    list {}
	
.... Test generated KNOWN error:
    while executing
ptolemy.kernel.util.IllegalActionException: Found a zero delay loop containing .HierarchicalModel.A
  in .HierarchicalModel and .HierarchicalModel.A
	at ptolemy.actor.util.CausalityInterfaceForComposites._computeOutputPortDepth(CausalityInterfaceForComposites.java:759)
	at ptolemy.actor.util.CausalityInterfaceForComposites._computeInputDepth(CausalityInterfaceForComposites.java:696)
	at ptolemy.actor.util.CausalityInterfaceForComposites._computeOutputPortDepth(CausalityInterfaceForComposites.java:765)
	at ptolemy.actor.util.CausalityInterfaceForComposites._computeInputDepth(CausalityInterfaceForComposites.java:696)
	at ptolemy.actor.util.CausalityInterfaceForComposites._computeOutputPortDepth(CausalityInterfaceForComposites.java:765)
	at ptolemy.actor.util.CausalityInterfaceForComposites._computeInputDepth(CausalityInterfaceForComposites.java:696)
	at ptolemy.actor.util.CausalityInterfaceForComposites._computeActorDepth(CausalityInterfaceForComposites.java:532)
	at ptolemy.actor.util.CausalityInterfaceForComposites.checkForCycles(CausalityInterfaceForComposites.java:96)
	at ptolemy.domains.de.kernel.DEDirector.preinitialize(DEDirector.java:1338)
	at ptolemy.actor.CompositeActor.preinitialize(CompositeActor.java:1828)
	at ptolemy.actor.Manager.preinitializeAndResolveTypes(Manager.java:1040)
	at ptolemy.actor.Manager.initialize(Manager.java:710)
	at ptolemy.actor.Manager.execute(Manager.java:356)
	at ptolemy.actor.Manager.run(Manager.java:1263)
	at ptolemy.actor.Manager$PtolemyRunThread.run(Manager.java:1933)

    while executing
ptolemy.kernel.util.IllegalActionException: Found a zero delay loop containing .HierarchicalModel.A
  in .HierarchicalModel and .HierarchicalModel.A
    while executing
"java::new ptolemy.moml.MoMLSimpleApplication $file
"
    (procedure "createAndExecute" line 2)
    invoked from within
"createAndExecute $file"
    ("uplevel" body line 5)
    invoked from within
"uplevel $contents_of_test"
------------------ testing $PTII/ptolemy/domains/de/test/auto/knownFailedTests/dependencyLoop2.xml (Known Failure) 
12 ms. Memory: 129024K Free: 78269K (61%)


==== $PTIIhome/travis/build/icyphy/ptII/ptolemy/domains/de/test/../../../../: Auto Automatic test in file $PTII/ptolemy/domains/de/test/auto/knownFailedTests/dependencyLoop2.xml
==== Contents of test case:

	    # FIXME: we should use $relativeFilename here, but it
	    # might have backslashes under Windows, which causes no end
	    # of trouble.
	    createAndExecute $file
	    list {}
	
.... Test generated KNOWN error:
    while executing
ptolemy.kernel.util.IllegalActionException: Found a zero delay loop containing .dependencyLoop2.original
  in .dependencyLoop2 and .dependencyLoop2.original
	at ptolemy.actor.util.CausalityInterfaceForComposites._computeOutputPortDepth(CausalityInterfaceForComposites.java:759)
	at ptolemy.actor.util.CausalityInterfaceForComposites._computeInputDepth(CausalityInterfaceForComposites.java:696)
	at ptolemy.actor.util.CausalityInterfaceForComposites._computeOutputPortDepth(CausalityInterfaceForComposites.java:765)
	at ptolemy.actor.util.CausalityInterfaceForComposites._computeInputDepth(CausalityInterfaceForComposites.java:696)
	at ptolemy.actor.util.CausalityInterfaceForComposites._computeOutputPortDepth(CausalityInterfaceForComposites.java:765)
	at ptolemy.actor.util.CausalityInterfaceForComposites._computeInputDepth(CausalityInterfaceForComposites.java:696)
	at ptolemy.actor.util.CausalityInterfaceForComposites._computeActorDepth(CausalityInterfaceForComposites.java:532)
	at ptolemy.actor.util.CausalityInterfaceForComposites.checkForCycles(CausalityInterfaceForComposites.java:96)
	at ptolemy.domains.de.kernel.DEDirector.preinitialize(DEDirector.java:1338)
	at ptolemy.actor.CompositeActor.preinitialize(CompositeActor.java:1828)
	at ptolemy.actor.Manager.preinitializeAndResolveTypes(Manager.java:1040)
	at ptolemy.actor.Manager.initialize(Manager.java:710)
	at ptolemy.actor.Manager.execute(Manager.java:356)
	at ptolemy.actor.Manager.run(Manager.java:1263)
	at ptolemy.actor.Manager$PtolemyRunThread.run(Manager.java:1933)

    while executing
ptolemy.kernel.util.IllegalActionException: Found a zero delay loop containing .dependencyLoop2.original
  in .dependencyLoop2 and .dependencyLoop2.original
    while executing
"java::new ptolemy.moml.MoMLSimpleApplication $file
"
    (procedure "createAndExecute" line 2)
    invoked from within
"createAndExecute $file"
    ("uplevel" body line 5)
    invoked from within
"uplevel $contents_of_test"
------------------ testing $PTII/ptolemy/domains/de/test/auto/knownFailedTests/DESDFClockTest.xml (Known Failure) 
2052 ms. Memory: 129024K Free: 109330K (85%)


==== $PTIIhome/travis/build/icyphy/ptII/ptolemy/domains/de/test/../../../../: Auto Automatic test in file $PTII/ptolemy/domains/de/test/auto/knownFailedTests/DESDFClockTest.xml
==== Contents of test case:

	    # FIXME: we should use $relativeFilename here, but it
	    # might have backslashes under Windows, which causes no end
	    # of trouble.
	    createAndExecute $file
	    list {}
	
.... Test generated KNOWN error:
    while executing
ptolemy.kernel.util.IllegalActionException: Actor is not ready to fire.  Perhaps UpSample.prefire() returned false? Try debugging the actor by selecting "Listen to Actor".  Also, for SDF check moml for tokenConsumptionRate on input.
  in .DESDFClockTest.Play Bell.Copy1:SDF Director and .DESDFClockTest.Play Bell.UpSample
	at ptolemy.actor.sched.StaticSchedulingDirector.fire(StaticSchedulingDirector.java:227)
	at ptolemy.domains.sdf.kernel.SDFDirector.fire(SDFDirector.java:500)
	at ptolemy.actor.CompositeActor.fire(CompositeActor.java:455)
	at ptolemy.domains.de.kernel.DEDirector._fire(DEDirector.java:1949)
	at ptolemy.domains.de.kernel.DEDirector.fire(DEDirector.java:502)
	at ptolemy.actor.CompositeActor.fire(CompositeActor.java:455)
	at ptolemy.actor.Manager.iterate(Manager.java:851)
	at ptolemy.actor.Manager.execute(Manager.java:369)
	at ptolemy.actor.Manager.run(Manager.java:1263)
	at ptolemy.actor.Manager$PtolemyRunThread.run(Manager.java:1933)

    while executing
ptolemy.kernel.util.IllegalActionException: Actor is not ready to fire.  Perhaps UpSample.prefire() returned false? Try debugging the actor by selecting "Listen to Actor".  Also, for SDF check moml for tokenConsumptionRate on input.
  in .DESDFClockTest.Play Bell.Copy1:SDF Director and .DESDFClockTest.Play Bell.UpSample
    while executing
"java::new ptolemy.moml.MoMLSimpleApplication $file
"
    (procedure "createAndExecute" line 2)
    invoked from within
"createAndExecute $file"
    ("uplevel" body line 5)
    invoked from within
"uplevel $contents_of_test"
------------------ testing $PTII/ptolemy/domains/de/test/auto/ActorDepthCalculation_actorWithoutPorts.xml
auto.tcl: Setting watchdog for 200 seconds at Thu Apr 16 13:55:56 UTC 2020
4 ms. Memory: 129024K Free: 101634K (79%)
ptolemy.util.test.WatchDog.cancel(): canceling Thu Apr 16 13:55:56 UTC 2020
auto.tcl: Setting watchdog for 200 seconds at Thu Apr 16 13:55:56 UTC 2020
4 ms. Memory: 129024K Free: 100114K (78%)
ptolemy.util.test.WatchDog.cancel(): canceling Thu Apr 16 13:55:56 UTC 2020
------------------ testing $PTII/ptolemy/domains/de/test/auto/AssemblyLine.xml
auto.tcl: Setting watchdog for 200 seconds at Thu Apr 16 13:55:56 UTC 2020
7 ms. Memory: 51200K Free: 27463K (54%)
ptolemy.util.test.WatchDog.cancel(): canceling Thu Apr 16 13:55:57 UTC 2020
auto.tcl: Setting watchdog for 200 seconds at Thu Apr 16 13:55:57 UTC 2020
6 ms. Memory: 51200K Free: 26993K (53%)
ptolemy.util.test.WatchDog.cancel(): canceling Thu Apr 16 13:55:57 UTC 2020
------------------ testing $PTII/ptolemy/domains/de/test/auto/CQBug1.xml
auto.tcl: Setting watchdog for 200 seconds at Thu Apr 16 13:55:57 UTC 2020
3 ms. Memory: 51200K Free: 33822K (66%)
ptolemy.util.test.WatchDog.cancel(): canceling Thu Apr 16 13:55:57 UTC 2020
auto.tcl: Setting watchdog for 200 seconds at Thu Apr 16 13:55:57 UTC 2020
2 ms. Memory: 51200K Free: 32918K (64%)
ptolemy.util.test.WatchDog.cancel(): canceling Thu Apr 16 13:55:57 UTC 2020
------------------ testing $PTII/ptolemy/domains/de/test/auto/CancelFireAt.xml
auto.tcl: Setting watchdog for 200 seconds at Thu Apr 16 13:55:57 UTC 2020
3 ms. Memory: 48128K Free: 31681K (66%)
ptolemy.util.test.WatchDog.cancel(): canceling Thu Apr 16 13:55:57 UTC 2020
auto.tcl: Setting watchdog for 200 seconds at Thu Apr 16 13:55:57 UTC 2020
1 ms. Memory: 48128K Free: 31240K (65%)
ptolemy.util.test.WatchDog.cancel(): canceling Thu Apr 16 13:55:57 UTC 2020
------------------ testing $PTII/ptolemy/domains/de/test/auto/CausalityAndComposabilityAnalysis.xml
auto.tcl: Setting watchdog for 200 seconds at Thu Apr 16 13:55:57 UTC 2020
5 ms. Memory: 48128K Free: 29663K (62%)
ptolemy.util.test.WatchDog.cancel(): canceling Thu Apr 16 13:55:57 UTC 2020
auto.tcl: Setting watchdog for 200 seconds at Thu Apr 16 13:55:57 UTC 2020
6 ms. Memory: 48128K Free: 28886K (60%)
ptolemy.util.test.WatchDog.cancel(): canceling Thu Apr 16 13:55:57 UTC 2020
------------------ testing $PTII/ptolemy/domains/de/test/auto/CausalityInterface1.xml
auto.tcl: Setting watchdog for 200 seconds at Thu Apr 16 13:55:57 UTC 2020
32 ms. Memory: 48128K Free: 28353K (59%)
ptolemy.util.test.WatchDog.cancel(): canceling Thu Apr 16 13:55:57 UTC 2020
auto.tcl: Setting watchdog for 200 seconds at Thu Apr 16 13:55:57 UTC 2020
3 ms. Memory: 48128K Free: 27354K (57%)
ptolemy.util.test.WatchDog.cancel(): canceling Thu Apr 16 13:55:57 UTC 2020
------------------ testing $PTII/ptolemy/domains/de/test/auto/CausalityInterface15.xml
auto.tcl: Setting watchdog for 200 seconds at Thu Apr 16 13:55:57 UTC 2020
9 ms. Memory: 48128K Free: 28508K (59%)
ptolemy.util.test.WatchDog.cancel(): canceling Thu Apr 16 13:55:57 UTC 2020
auto.tcl: Setting watchdog for 200 seconds at Thu Apr 16 13:55:57 UTC 2020
4 ms. Memory: 48128K Free: 27334K (57%)
ptolemy.util.test.WatchDog.cancel(): canceling Thu Apr 16 13:55:57 UTC 2020
------------------ testing $PTII/ptolemy/domains/de/test/auto/CausalityInterface2.xml
auto.tcl: Setting watchdog for 200 seconds at Thu Apr 16 13:55:57 UTC 2020
5 ms. Memory: 48128K Free: 29082K (60%)
ptolemy.util.test.WatchDog.cancel(): canceling Thu Apr 16 13:55:57 UTC 2020
auto.tcl: Setting watchdog for 200 seconds at Thu Apr 16 13:55:57 UTC 2020
5 ms. Memory: 48128K Free: 28331K (59%)
ptolemy.util.test.WatchDog.cancel(): canceling Thu Apr 16 13:55:57 UTC 2020
------------------ testing $PTII/ptolemy/domains/de/test/auto/CausalityInterface3.xml
auto.tcl: Setting watchdog for 200 seconds at Thu Apr 16 13:55:57 UTC 2020
3 ms. Memory: 48128K Free: 28534K (59%)
ptolemy.util.test.WatchDog.cancel(): canceling Thu Apr 16 13:55:57 UTC 2020
auto.tcl: Setting watchdog for 200 seconds at Thu Apr 16 13:55:57 UTC 2020
2 ms. Memory: 48128K Free: 27747K (58%)
ptolemy.util.test.WatchDog.cancel(): canceling Thu Apr 16 13:55:57 UTC 2020
------------------ testing $PTII/ptolemy/domains/de/test/auto/ClockDrift.xml
auto.tcl: Setting watchdog for 200 seconds at Thu Apr 16 13:55:57 UTC 2020
67 ms. Memory: 48128K Free: 21138K (44%)
ptolemy.util.test.WatchDog.cancel(): canceling Thu Apr 16 13:55:57 UTC 2020
auto.tcl: Setting watchdog for 200 seconds at Thu Apr 16 13:55:57 UTC 2020
55 ms. Memory: 48128K Free: 18120K (38%)
ptolemy.util.test.WatchDog.cancel(): canceling Thu Apr 16 13:55:57 UTC 2020
------------------ testing $PTII/ptolemy/domains/de/test/auto/ClockDriftAndValueChange.xml
auto.tcl: Setting watchdog for 200 seconds at Thu Apr 16 13:55:57 UTC 2020
28 ms. Memory: 48128K Free: 21201K (44%)
ptolemy.util.test.WatchDog.cancel(): canceling Thu Apr 16 13:55:57 UTC 2020
auto.tcl: Setting watchdog for 200 seconds at Thu Apr 16 13:55:57 UTC 2020
23 ms. Memory: 48128K Free: 18366K (38%)
ptolemy.util.test.WatchDog.cancel(): canceling Thu Apr 16 13:55:58 UTC 2020
------------------ testing $PTII/ptolemy/domains/de/test/auto/ClockDriftChange.xml
auto.tcl: Setting watchdog for 200 seconds at Thu Apr 16 13:55:58 UTC 2020
16 ms. Memory: 48128K Free: 23254K (48%)
ptolemy.util.test.WatchDog.cancel(): canceling Thu Apr 16 13:55:58 UTC 2020
auto.tcl: Setting watchdog for 200 seconds at Thu Apr 16 13:55:58 UTC 2020
17 ms. Memory: 48128K Free: 20699K (43%)
ptolemy.util.test.WatchDog.cancel(): canceling Thu Apr 16 13:55:58 UTC 2020
------------------ testing $PTII/ptolemy/domains/de/test/auto/ComposableCausalityAnalysis.xml
auto.tcl: Setting watchdog for 200 seconds at Thu Apr 16 13:55:58 UTC 2020
2 ms. Memory: 48128K Free: 27868K (58%)
ptolemy.util.test.WatchDog.cancel(): canceling Thu Apr 16 13:55:58 UTC 2020
auto.tcl: Setting watchdog for 200 seconds at Thu Apr 16 13:55:58 UTC 2020
4 ms. Memory: 48128K Free: 26844K (56%)
ptolemy.util.test.WatchDog.cancel(): canceling Thu Apr 16 13:55:58 UTC 2020
------------------ testing $PTII/ptolemy/domains/de/test/auto/DEFixedPointLimitation.xml
auto.tcl: Setting watchdog for 200 seconds at Thu Apr 16 13:55:58 UTC 2020
3 ms. Memory: 48128K Free: 29248K (61%)
ptolemy.util.test.WatchDog.cancel(): canceling Thu Apr 16 13:55:58 UTC 2020
auto.tcl: Setting watchdog for 200 seconds at Thu Apr 16 13:55:58 UTC 2020
1 ms. Memory: 48128K Free: 28342K (59%)
ptolemy.util.test.WatchDog.cancel(): canceling Thu Apr 16 13:55:58 UTC 2020
------------------ testing $PTII/ptolemy/domains/de/test/auto/DEScheduleTest.xml
auto.tcl: Setting watchdog for 200 seconds at Thu Apr 16 13:55:58 UTC 2020
4 ms. Memory: 48128K Free: 29503K (61%)
ptolemy.util.test.WatchDog.cancel(): canceling Thu Apr 16 13:55:58 UTC 2020
auto.tcl: Setting watchdog for 200 seconds at Thu Apr 16 13:55:58 UTC 2020
2 ms. Memory: 48128K Free: 28755K (60%)
ptolemy.util.test.WatchDog.cancel(): canceling Thu Apr 16 13:55:58 UTC 2020
------------------ testing $PTII/ptolemy/domains/de/test/auto/DEinDEwithStartTimes.xml
auto.tcl: Setting watchdog for 200 seconds at Thu Apr 16 13:55:58 UTC 2020
4 ms. Memory: 48128K Free: 27676K (58%)
ptolemy.util.test.WatchDog.cancel(): canceling Thu Apr 16 13:55:58 UTC 2020
auto.tcl: Setting watchdog for 200 seconds at Thu Apr 16 13:55:58 UTC 2020
3 ms. Memory: 48128K Free: 26652K (55%)
ptolemy.util.test.WatchDog.cancel(): canceling Thu Apr 16 13:55:58 UTC 2020
------------------ testing $PTII/ptolemy/domains/de/test/auto/DEinDEwithStartTimes2.xml
auto.tcl: Setting watchdog for 200 seconds at Thu Apr 16 13:55:58 UTC 2020
5 ms. Memory: 48128K Free: 26861K (56%)
ptolemy.util.test.WatchDog.cancel(): canceling Thu Apr 16 13:55:58 UTC 2020
auto.tcl: Setting watchdog for 200 seconds at Thu Apr 16 13:55:58 UTC 2020
4 ms. Memory: 48128K Free: 25605K (53%)
ptolemy.util.test.WatchDog.cancel(): canceling Thu Apr 16 13:55:58 UTC 2020
------------------ testing $PTII/ptolemy/domains/de/test/auto/DateDemo.xml
auto.tcl: Setting watchdog for 200 seconds at Thu Apr 16 13:55:58 UTC 2020
19 ms. Memory: 48128K Free: 21248K (44%)
ptolemy.util.test.WatchDog.cancel(): canceling Thu Apr 16 13:55:58 UTC 2020
auto.tcl: Setting watchdog for 200 seconds at Thu Apr 16 13:55:58 UTC 2020
6 ms. Memory: 48128K Free: 19665K (41%)
ptolemy.util.test.WatchDog.cancel(): canceling Thu Apr 16 13:55:58 UTC 2020
------------------ testing $PTII/ptolemy/domains/de/test/auto/DateToEvent.xml
auto.tcl: Setting watchdog for 200 seconds at Thu Apr 16 13:55:58 UTC 2020
2009 ms. Memory: 48128K Free: 16943K (35%)
ptolemy.util.test.WatchDog.cancel(): canceling Thu Apr 16 13:56:00 UTC 2020
auto.tcl: Setting watchdog for 200 seconds at Thu Apr 16 13:56:00 UTC 2020
2003 ms. Memory: 48128K Free: 16169K (34%)
ptolemy.util.test.WatchDog.cancel(): canceling Thu Apr 16 13:56:02 UTC 2020
------------------ testing $PTII/ptolemy/domains/de/test/auto/DepthTest1.xml
auto.tcl: Setting watchdog for 200 seconds at Thu Apr 16 13:56:02 UTC 2020
3 ms. Memory: 48128K Free: 30317K (63%)
ptolemy.util.test.WatchDog.cancel(): canceling Thu Apr 16 13:56:02 UTC 2020
auto.tcl: Setting watchdog for 200 seconds at Thu Apr 16 13:56:02 UTC 2020
1 ms. Memory: 48128K Free: 29527K (61%)
ptolemy.util.test.WatchDog.cancel(): canceling Thu Apr 16 13:56:02 UTC 2020
------------------ testing $PTII/ptolemy/domains/de/test/auto/DepthTest2.xml
auto.tcl: Setting watchdog for 200 seconds at Thu Apr 16 13:56:02 UTC 2020
4 ms. Memory: 48128K Free: 27160K (56%)
ptolemy.util.test.WatchDog.cancel(): canceling Thu Apr 16 13:56:02 UTC 2020
auto.tcl: Setting watchdog for 200 seconds at Thu Apr 16 13:56:02 UTC 2020
2 ms. Memory: 48128K Free: 26781K (56%)
ptolemy.util.test.WatchDog.cancel(): canceling Thu Apr 16 13:56:02 UTC 2020
------------------ testing $PTII/ptolemy/domains/de/test/auto/DepthTest3.xml
auto.tcl: Setting watchdog for 200 seconds at Thu Apr 16 13:56:02 UTC 2020
3 ms. Memory: 48128K Free: 30648K (64%)
ptolemy.util.test.WatchDog.cancel(): canceling Thu Apr 16 13:56:02 UTC 2020
auto.tcl: Setting watchdog for 200 seconds at Thu Apr 16 13:56:02 UTC 2020
1 ms. Memory: 48128K Free: 30219K (63%)
ptolemy.util.test.WatchDog.cancel(): canceling Thu Apr 16 13:56:02 UTC 2020
------------------ testing $PTII/ptolemy/domains/de/test/auto/DepthTest4.xml
auto.tcl: Setting watchdog for 200 seconds at Thu Apr 16 13:56:02 UTC 2020
9 ms. Memory: 48128K Free: 29004K (60%)
ptolemy.util.test.WatchDog.cancel(): canceling Thu Apr 16 13:56:02 UTC 2020
auto.tcl: Setting watchdog for 200 seconds at Thu Apr 16 13:56:02 UTC 2020
2 ms. Memory: 48128K Free: 28270K (59%)
ptolemy.util.test.WatchDog.cancel(): canceling Thu Apr 16 13:56:02 UTC 2020
------------------ testing $PTII/ptolemy/domains/de/test/auto/DepthTest5.xml
auto.tcl: Setting watchdog for 200 seconds at Thu Apr 16 13:56:03 UTC 2020
4 ms. Memory: 48128K Free: 28394K (59%)
ptolemy.util.test.WatchDog.cancel(): canceling Thu Apr 16 13:56:03 UTC 2020
auto.tcl: Setting watchdog for 200 seconds at Thu Apr 16 13:56:03 UTC 2020
2 ms. Memory: 48128K Free: 27608K (57%)
ptolemy.util.test.WatchDog.cancel(): canceling Thu Apr 16 13:56:03 UTC 2020
------------------ testing $PTII/ptolemy/domains/de/test/auto/DepthTest6.xml
auto.tcl: Setting watchdog for 200 seconds at Thu Apr 16 13:56:03 UTC 2020
6 ms. Memory: 48128K Free: 28136K (58%)
ptolemy.util.test.WatchDog.cancel(): canceling Thu Apr 16 13:56:03 UTC 2020
auto.tcl: Setting watchdog for 200 seconds at Thu Apr 16 13:56:03 UTC 2020
1 ms. Memory: 48128K Free: 27708K (58%)
ptolemy.util.test.WatchDog.cancel(): canceling Thu Apr 16 13:56:03 UTC 2020
------------------ testing $PTII/ptolemy/domains/de/test/auto/DepthTest7.xml
auto.tcl: Setting watchdog for 200 seconds at Thu Apr 16 13:56:03 UTC 2020
2 ms. Memory: 48128K Free: 28928K (60%)
ptolemy.util.test.WatchDog.cancel(): canceling Thu Apr 16 13:56:03 UTC 2020
auto.tcl: Setting watchdog for 200 seconds at Thu Apr 16 13:56:03 UTC 2020
2 ms. Memory: 48128K Free: 28195K (59%)
ptolemy.util.test.WatchDog.cancel(): canceling Thu Apr 16 13:56:03 UTC 2020
------------------ testing $PTII/ptolemy/domains/de/test/auto/EventToDate.xml
auto.tcl: Setting watchdog for 200 seconds at Thu Apr 16 13:56:03 UTC 2020
3008 ms. Memory: 48128K Free: 19727K (41%)
ptolemy.util.test.WatchDog.cancel(): canceling Thu Apr 16 13:56:06 UTC 2020
auto.tcl: Setting watchdog for 200 seconds at Thu Apr 16 13:56:06 UTC 2020
3004 ms. Memory: 48128K Free: 19030K (40%)
ptolemy.util.test.WatchDog.cancel(): canceling Thu Apr 16 13:56:09 UTC 2020
------------------ testing $PTII/ptolemy/domains/de/test/auto/FSM1.xml
auto.tcl: Setting watchdog for 200 seconds at Thu Apr 16 13:56:09 UTC 2020
18 ms. Memory: 48128K Free: 20924K (43%)
ptolemy.util.test.WatchDog.cancel(): canceling Thu Apr 16 13:56:09 UTC 2020
auto.tcl: Setting watchdog for 200 seconds at Thu Apr 16 13:56:09 UTC 2020
21 ms. Memory: 48128K Free: 17659K (37%)
ptolemy.util.test.WatchDog.cancel(): canceling Thu Apr 16 13:56:09 UTC 2020
------------------ testing $PTII/ptolemy/domains/de/test/auto/FSM7.xml
auto.tcl: Setting watchdog for 200 seconds at Thu Apr 16 13:56:09 UTC 2020
23 ms. Memory: 48128K Free: 20838K (43%)
ptolemy.util.test.WatchDog.cancel(): canceling Thu Apr 16 13:56:09 UTC 2020
auto.tcl: Setting watchdog for 200 seconds at Thu Apr 16 13:56:09 UTC 2020
22 ms. Memory: 48128K Free: 17526K (36%)
ptolemy.util.test.WatchDog.cancel(): canceling Thu Apr 16 13:56:09 UTC 2020
------------------ testing $PTII/ptolemy/domains/de/test/auto/Inspection.xml
auto.tcl: Setting watchdog for 200 seconds at Thu Apr 16 13:56:09 UTC 2020
31 ms. Memory: 48128K Free: 20661K (43%)
ptolemy.util.test.WatchDog.cancel(): canceling Thu Apr 16 13:56:09 UTC 2020
auto.tcl: Setting watchdog for 200 seconds at Thu Apr 16 13:56:09 UTC 2020
26 ms. Memory: 48128K Free: 18926K (39%)
ptolemy.util.test.WatchDog.cancel(): canceling Thu Apr 16 13:56:09 UTC 2020
------------------ testing $PTII/ptolemy/domains/de/test/auto/Iteration.xml
auto.tcl: Setting watchdog for 200 seconds at Thu Apr 16 13:56:09 UTC 2020
7 ms. Memory: 48128K Free: 26157K (54%)
ptolemy.util.test.WatchDog.cancel(): canceling Thu Apr 16 13:56:09 UTC 2020
auto.tcl: Setting watchdog for 200 seconds at Thu Apr 16 13:56:09 UTC 2020
5 ms. Memory: 48128K Free: 24749K (51%)
ptolemy.util.test.WatchDog.cancel(): canceling Thu Apr 16 13:56:09 UTC 2020
------------------ testing $PTII/ptolemy/domains/de/test/auto/LineFault.xml
auto.tcl: Setting watchdog for 200 seconds at Thu Apr 16 13:56:09 UTC 2020
562 ms. Memory: 58368K Free: 38293K (66%)
ptolemy.util.test.WatchDog.cancel(): canceling Thu Apr 16 13:56:10 UTC 2020
auto.tcl: Setting watchdog for 200 seconds at Thu Apr 16 13:56:10 UTC 2020
451 ms. Memory: 58368K Free: 34662K (59%)
ptolemy.util.test.WatchDog.cancel(): canceling Thu Apr 16 13:56:11 UTC 2020
------------------ testing $PTII/ptolemy/domains/de/test/auto/MergeModel1Add.xml
auto.tcl: Setting watchdog for 200 seconds at Thu Apr 16 13:56:11 UTC 2020
28 ms. Memory: 55296K Free: 19301K (35%)
ptolemy.util.test.WatchDog.cancel(): canceling Thu Apr 16 13:56:11 UTC 2020
auto.tcl: Setting watchdog for 200 seconds at Thu Apr 16 13:56:11 UTC 2020
9 ms. Memory: 55296K Free: 17588K (32%)
ptolemy.util.test.WatchDog.cancel(): canceling Thu Apr 16 13:56:11 UTC 2020
------------------ testing $PTII/ptolemy/domains/de/test/auto/MergeModel2Add.xml
auto.tcl: Setting watchdog for 200 seconds at Thu Apr 16 13:56:11 UTC 2020
10 ms. Memory: 51200K Free: 17270K (34%)
ptolemy.util.test.WatchDog.cancel(): canceling Thu Apr 16 13:56:11 UTC 2020
auto.tcl: Setting watchdog for 200 seconds at Thu Apr 16 13:56:11 UTC 2020
9 ms. Memory: 51200K Free: 15744K (31%)
ptolemy.util.test.WatchDog.cancel(): canceling Thu Apr 16 13:56:11 UTC 2020
------------------ testing $PTII/ptolemy/domains/de/test/auto/MergeModel3Add.xml
auto.tcl: Setting watchdog for 200 seconds at Thu Apr 16 13:56:11 UTC 2020
8 ms. Memory: 51200K Free: 17257K (34%)
ptolemy.util.test.WatchDog.cancel(): canceling Thu Apr 16 13:56:11 UTC 2020
auto.tcl: Setting watchdog for 200 seconds at Thu Apr 16 13:56:11 UTC 2020
10 ms. Memory: 51200K Free: 15844K (31%)
ptolemy.util.test.WatchDog.cancel(): canceling Thu Apr 16 13:56:11 UTC 2020
------------------ testing $PTII/ptolemy/domains/de/test/auto/MergeWithoutDiscard.xml
auto.tcl: Setting watchdog for 200 seconds at Thu Apr 16 13:56:11 UTC 2020
1 ms. Memory: 51200K Free: 32149K (63%)
ptolemy.util.test.WatchDog.cancel(): canceling Thu Apr 16 13:56:11 UTC 2020
auto.tcl: Setting watchdog for 200 seconds at Thu Apr 16 13:56:11 UTC 2020
2 ms. Memory: 51200K Free: 31677K (62%)
ptolemy.util.test.WatchDog.cancel(): canceling Thu Apr 16 13:56:11 UTC 2020
------------------ testing $PTII/ptolemy/domains/de/test/auto/Modal1.xml
auto.tcl: Setting watchdog for 200 seconds at Thu Apr 16 13:56:11 UTC 2020
11 ms. Memory: 51200K Free: 24253K (47%)
ptolemy.util.test.WatchDog.cancel(): canceling Thu Apr 16 13:56:11 UTC 2020
auto.tcl: Setting watchdog for 200 seconds at Thu Apr 16 13:56:11 UTC 2020
12 ms. Memory: 51200K Free: 20693K (40%)
ptolemy.util.test.WatchDog.cancel(): canceling Thu Apr 16 13:56:11 UTC 2020
------------------ testing $PTII/ptolemy/domains/de/test/auto/Modal2.xml
auto.tcl: Setting watchdog for 200 seconds at Thu Apr 16 13:56:11 UTC 2020
10 ms. Memory: 51200K Free: 24130K (47%)
ptolemy.util.test.WatchDog.cancel(): canceling Thu Apr 16 13:56:11 UTC 2020
auto.tcl: Setting watchdog for 200 seconds at Thu Apr 16 13:56:11 UTC 2020
11 ms. Memory: 51200K Free: 20595K (40%)
ptolemy.util.test.WatchDog.cancel(): canceling Thu Apr 16 13:56:11 UTC 2020
------------------ testing $PTII/ptolemy/domains/de/test/auto/Modal3.xml
auto.tcl: Setting watchdog for 200 seconds at Thu Apr 16 13:56:11 UTC 2020
15 ms. Memory: 51200K Free: 23857K (47%)
ptolemy.util.test.WatchDog.cancel(): canceling Thu Apr 16 13:56:11 UTC 2020
auto.tcl: Setting watchdog for 200 seconds at Thu Apr 16 13:56:11 UTC 2020
18 ms. Memory: 51200K Free: 20640K (40%)
ptolemy.util.test.WatchDog.cancel(): canceling Thu Apr 16 13:56:11 UTC 2020
------------------ testing $PTII/ptolemy/domains/de/test/auto/Modal4.xml
auto.tcl: Setting watchdog for 200 seconds at Thu Apr 16 13:56:11 UTC 2020
22 ms. Memory: 51200K Free: 22830K (45%)
ptolemy.util.test.WatchDog.cancel(): canceling Thu Apr 16 13:56:11 UTC 2020
auto.tcl: Setting watchdog for 200 seconds at Thu Apr 16 13:56:11 UTC 2020
19 ms. Memory: 51200K Free: 19006K (37%)
ptolemy.util.test.WatchDog.cancel(): canceling Thu Apr 16 13:56:11 UTC 2020
------------------ testing $PTII/ptolemy/domains/de/test/auto/Modal5.xml
auto.tcl: Setting watchdog for 200 seconds at Thu Apr 16 13:56:11 UTC 2020
13 ms. Memory: 51200K Free: 22816K (45%)
ptolemy.util.test.WatchDog.cancel(): canceling Thu Apr 16 13:56:11 UTC 2020
auto.tcl: Setting watchdog for 200 seconds at Thu Apr 16 13:56:11 UTC 2020
12 ms. Memory: 51200K Free: 19211K (38%)
ptolemy.util.test.WatchDog.cancel(): canceling Thu Apr 16 13:56:12 UTC 2020
------------------ testing $PTII/ptolemy/domains/de/test/auto/Modal6.xml
auto.tcl: Setting watchdog for 200 seconds at Thu Apr 16 13:56:12 UTC 2020
16 ms. Memory: 51200K Free: 23830K (47%)
ptolemy.util.test.WatchDog.cancel(): canceling Thu Apr 16 13:56:12 UTC 2020
auto.tcl: Setting watchdog for 200 seconds at Thu Apr 16 13:56:12 UTC 2020
15 ms. Memory: 51200K Free: 19614K (38%)
ptolemy.util.test.WatchDog.cancel(): canceling Thu Apr 16 13:56:12 UTC 2020
------------------ testing $PTII/ptolemy/domains/de/test/auto/Modal7.xml
auto.tcl: Setting watchdog for 200 seconds at Thu Apr 16 13:56:12 UTC 2020
13 ms. Memory: 51200K Free: 22541K (44%)
ptolemy.util.test.WatchDog.cancel(): canceling Thu Apr 16 13:56:12 UTC 2020
auto.tcl: Setting watchdog for 200 seconds at Thu Apr 16 13:56:12 UTC 2020
11 ms. Memory: 51200K Free: 19223K (38%)
ptolemy.util.test.WatchDog.cancel(): canceling Thu Apr 16 13:56:12 UTC 2020
------------------ testing $PTII/ptolemy/domains/de/test/auto/ModalModel.xml
auto.tcl: Setting watchdog for 200 seconds at Thu Apr 16 13:56:12 UTC 2020
183 ms. Memory: 61440K Free: 25944K (42%)
ptolemy.util.test.WatchDog.cancel(): canceling Thu Apr 16 13:56:12 UTC 2020
auto.tcl: Setting watchdog for 200 seconds at Thu Apr 16 13:56:12 UTC 2020
166 ms. Memory: 61440K Free: 25385K (41%)
ptolemy.util.test.WatchDog.cancel(): canceling Thu Apr 16 13:56:12 UTC 2020
------------------ testing $PTII/ptolemy/domains/de/test/auto/ModalSource.xml
auto.tcl: Setting watchdog for 200 seconds at Thu Apr 16 13:56:12 UTC 2020
7 ms. Memory: 55296K Free: 31234K (56%)
ptolemy.util.test.WatchDog.cancel(): canceling Thu Apr 16 13:56:12 UTC 2020
auto.tcl: Setting watchdog for 200 seconds at Thu Apr 16 13:56:12 UTC 2020
5 ms. Memory: 55296K Free: 29263K (53%)
ptolemy.util.test.WatchDog.cancel(): canceling Thu Apr 16 13:56:12 UTC 2020
------------------ testing $PTII/ptolemy/domains/de/test/auto/NonInterruptibleTimerZeroDelay.xml
auto.tcl: Setting watchdog for 200 seconds at Thu Apr 16 13:56:12 UTC 2020
3 ms. Memory: 51200K Free: 32585K (64%)
ptolemy.util.test.WatchDog.cancel(): canceling Thu Apr 16 13:56:12 UTC 2020
auto.tcl: Setting watchdog for 200 seconds at Thu Apr 16 13:56:12 UTC 2020
2 ms. Memory: 51200K Free: 31921K (62%)
ptolemy.util.test.WatchDog.cancel(): canceling Thu Apr 16 13:56:12 UTC 2020
------------------ testing $PTII/ptolemy/domains/de/test/auto/OpenQueueingNetwork.xml
auto.tcl: Setting watchdog for 200 seconds at Thu Apr 16 13:56:12 UTC 2020
2714 ms. Memory: 119808K Free: 74797K (62%)
ptolemy.util.test.WatchDog.cancel(): canceling Thu Apr 16 13:56:15 UTC 2020
auto.tcl: Setting watchdog for 200 seconds at Thu Apr 16 13:56:15 UTC 2020
2397 ms. Memory: 178176K Free: 132008K (74%)
ptolemy.util.test.WatchDog.cancel(): canceling Thu Apr 16 13:56:18 UTC 2020
------------------ testing $PTII/ptolemy/domains/de/test/auto/OpenQueuingNetwork.xml
auto.tcl: Setting watchdog for 200 seconds at Thu Apr 16 13:56:18 UTC 2020
245 ms. Memory: 55296K Free: 24252K (44%)
ptolemy.util.test.WatchDog.cancel(): canceling Thu Apr 16 13:56:18 UTC 2020
auto.tcl: Setting watchdog for 200 seconds at Thu Apr 16 13:56:18 UTC 2020
224 ms. Memory: 55296K Free: 32735K (59%)
ptolemy.util.test.WatchDog.cancel(): canceling Thu Apr 16 13:56:18 UTC 2020
------------------ testing $PTII/ptolemy/domains/de/test/auto/PeriodicSampler.xml
auto.tcl: Setting watchdog for 200 seconds at Thu Apr 16 13:56:18 UTC 2020
3 ms. Memory: 55296K Free: 35894K (65%)
ptolemy.util.test.WatchDog.cancel(): canceling Thu Apr 16 13:56:18 UTC 2020
auto.tcl: Setting watchdog for 200 seconds at Thu Apr 16 13:56:18 UTC 2020
2 ms. Memory: 55296K Free: 35350K (64%)
ptolemy.util.test.WatchDog.cancel(): canceling Thu Apr 16 13:56:18 UTC 2020
------------------ testing $PTII/ptolemy/domains/de/test/auto/PersistentIO.xml
auto.tcl: Setting watchdog for 200 seconds at Thu Apr 16 13:56:18 UTC 2020
4 ms. Memory: 55296K Free: 30818K (56%)
ptolemy.util.test.WatchDog.cancel(): canceling Thu Apr 16 13:56:18 UTC 2020
auto.tcl: Setting watchdog for 200 seconds at Thu Apr 16 13:56:18 UTC 2020
4 ms. Memory: 55296K Free: 29298K (53%)
ptolemy.util.test.WatchDog.cancel(): canceling Thu Apr 16 13:56:18 UTC 2020
------------------ testing $PTII/ptolemy/domains/de/test/auto/PortParameterResetOnInitialize.xml
auto.tcl: Setting watchdog for 200 seconds at Thu Apr 16 13:56:18 UTC 2020
2 ms. Memory: 55296K Free: 35810K (65%)
ptolemy.util.test.WatchDog.cancel(): canceling Thu Apr 16 13:56:18 UTC 2020
auto.tcl: Setting watchdog for 200 seconds at Thu Apr 16 13:56:18 UTC 2020
2 ms. Memory: 55296K Free: 35306K (64%)
ptolemy.util.test.WatchDog.cancel(): canceling Thu Apr 16 13:56:18 UTC 2020
------------------ testing $PTII/ptolemy/domains/de/test/auto/PortParameterUpdates.xml
auto.tcl: Setting watchdog for 200 seconds at Thu Apr 16 13:56:19 UTC 2020
3 ms. Memory: 55296K Free: 33886K (61%)
ptolemy.util.test.WatchDog.cancel(): canceling Thu Apr 16 13:56:19 UTC 2020
auto.tcl: Setting watchdog for 200 seconds at Thu Apr 16 13:56:19 UTC 2020
3 ms. Memory: 55296K Free: 32870K (59%)
ptolemy.util.test.WatchDog.cancel(): canceling Thu Apr 16 13:56:19 UTC 2020
------------------ testing $PTII/ptolemy/domains/de/test/auto/QueueAndServer.xml
auto.tcl: Setting watchdog for 200 seconds at Thu Apr 16 13:56:19 UTC 2020
5 ms. Memory: 51200K Free: 28743K (56%)
ptolemy.util.test.WatchDog.cancel(): canceling Thu Apr 16 13:56:19 UTC 2020
auto.tcl: Setting watchdog for 200 seconds at Thu Apr 16 13:56:19 UTC 2020
4 ms. Memory: 51200K Free: 27258K (53%)
ptolemy.util.test.WatchDog.cancel(): canceling Thu Apr 16 13:56:19 UTC 2020
------------------ testing $PTII/ptolemy/domains/de/test/auto/Records.xml
auto.tcl: Setting watchdog for 200 seconds at Thu Apr 16 13:56:19 UTC 2020
3 ms. Memory: 51200K Free: 30737K (60%)
ptolemy.util.test.WatchDog.cancel(): canceling Thu Apr 16 13:56:19 UTC 2020
auto.tcl: Setting watchdog for 200 seconds at Thu Apr 16 13:56:19 UTC 2020
1 ms. Memory: 51200K Free: 30239K (59%)
ptolemy.util.test.WatchDog.cancel(): canceling Thu Apr 16 13:56:19 UTC 2020
------------------ testing $PTII/ptolemy/domains/de/test/auto/ResetTransitionWithStartTime1.xml
auto.tcl: Setting watchdog for 200 seconds at Thu Apr 16 13:56:19 UTC 2020
6 ms. Memory: 51200K Free: 28206K (55%)
ptolemy.util.test.WatchDog.cancel(): canceling Thu Apr 16 13:56:19 UTC 2020
auto.tcl: Setting watchdog for 200 seconds at Thu Apr 16 13:56:19 UTC 2020
7 ms. Memory: 51200K Free: 26177K (51%)
ptolemy.util.test.WatchDog.cancel(): canceling Thu Apr 16 13:56:19 UTC 2020
------------------ testing $PTII/ptolemy/domains/de/test/auto/ResetTransitionWithStartTime2.xml
auto.tcl: Setting watchdog for 200 seconds at Thu Apr 16 13:56:19 UTC 2020
5 ms. Memory: 51200K Free: 28161K (55%)
ptolemy.util.test.WatchDog.cancel(): canceling Thu Apr 16 13:56:19 UTC 2020
auto.tcl: Setting watchdog for 200 seconds at Thu Apr 16 13:56:19 UTC 2020
6 ms. Memory: 51200K Free: 26147K (51%)
ptolemy.util.test.WatchDog.cancel(): canceling Thu Apr 16 13:56:19 UTC 2020
------------------ testing $PTII/ptolemy/domains/de/test/auto/ResetTransitionWithStartTime3.xml
auto.tcl: Setting watchdog for 200 seconds at Thu Apr 16 13:56:19 UTC 2020
8 ms. Memory: 51200K Free: 28160K (55%)
ptolemy.util.test.WatchDog.cancel(): canceling Thu Apr 16 13:56:19 UTC 2020
auto.tcl: Setting watchdog for 200 seconds at Thu Apr 16 13:56:19 UTC 2020
8 ms. Memory: 51200K Free: 26146K (51%)
ptolemy.util.test.WatchDog.cancel(): canceling Thu Apr 16 13:56:19 UTC 2020
------------------ testing $PTII/ptolemy/domains/de/test/auto/ResetTransitionWithStartTime4.xml
auto.tcl: Setting watchdog for 200 seconds at Thu Apr 16 13:56:19 UTC 2020
9 ms. Memory: 51200K Free: 28569K (56%)
ptolemy.util.test.WatchDog.cancel(): canceling Thu Apr 16 13:56:19 UTC 2020
auto.tcl: Setting watchdog for 200 seconds at Thu Apr 16 13:56:19 UTC 2020
4 ms. Memory: 51200K Free: 27145K (53%)
ptolemy.util.test.WatchDog.cancel(): canceling Thu Apr 16 13:56:19 UTC 2020
------------------ testing $PTII/ptolemy/domains/de/test/auto/ResettableTimer1.xml
auto.tcl: Setting watchdog for 200 seconds at Thu Apr 16 13:56:19 UTC 2020
3 ms. Memory: 51200K Free: 32342K (63%)
ptolemy.util.test.WatchDog.cancel(): canceling Thu Apr 16 13:56:19 UTC 2020
auto.tcl: Setting watchdog for 200 seconds at Thu Apr 16 13:56:19 UTC 2020
2 ms. Memory: 51200K Free: 31746K (62%)
ptolemy.util.test.WatchDog.cancel(): canceling Thu Apr 16 13:56:19 UTC 2020
------------------ testing $PTII/ptolemy/domains/de/test/auto/ResettableTimer2.xml
auto.tcl: Setting watchdog for 200 seconds at Thu Apr 16 13:56:19 UTC 2020
2 ms. Memory: 51200K Free: 32431K (63%)
ptolemy.util.test.WatchDog.cancel(): canceling Thu Apr 16 13:56:19 UTC 2020
auto.tcl: Setting watchdog for 200 seconds at Thu Apr 16 13:56:19 UTC 2020
2 ms. Memory: 51200K Free: 31790K (62%)
ptolemy.util.test.WatchDog.cancel(): canceling Thu Apr 16 13:56:19 UTC 2020
------------------ testing $PTII/ptolemy/domains/de/test/auto/ResettableTimer3.xml
auto.tcl: Setting watchdog for 200 seconds at Thu Apr 16 13:56:19 UTC 2020
1 ms. Memory: 51200K Free: 32802K (64%)
ptolemy.util.test.WatchDog.cancel(): canceling Thu Apr 16 13:56:19 UTC 2020
auto.tcl: Setting watchdog for 200 seconds at Thu Apr 16 13:56:19 UTC 2020
1 ms. Memory: 51200K Free: 32315K (63%)
ptolemy.util.test.WatchDog.cancel(): canceling Thu Apr 16 13:56:19 UTC 2020
------------------ testing $PTII/ptolemy/domains/de/test/auto/ResettableTimer4.xml
auto.tcl: Setting watchdog for 200 seconds at Thu Apr 16 13:56:19 UTC 2020
2 ms. Memory: 51200K Free: 32307K (63%)
ptolemy.util.test.WatchDog.cancel(): canceling Thu Apr 16 13:56:19 UTC 2020
auto.tcl: Setting watchdog for 200 seconds at Thu Apr 16 13:56:19 UTC 2020
1 ms. Memory: 51200K Free: 31817K (62%)
ptolemy.util.test.WatchDog.cancel(): canceling Thu Apr 16 13:56:19 UTC 2020
------------------ testing $PTII/ptolemy/domains/de/test/auto/ResettableTimer5.xml
auto.tcl: Setting watchdog for 200 seconds at Thu Apr 16 13:56:19 UTC 2020
2 ms. Memory: 51200K Free: 32304K (63%)
ptolemy.util.test.WatchDog.cancel(): canceling Thu Apr 16 13:56:19 UTC 2020
auto.tcl: Setting watchdog for 200 seconds at Thu Apr 16 13:56:19 UTC 2020
1 ms. Memory: 51200K Free: 31815K (62%)
ptolemy.util.test.WatchDog.cancel(): canceling Thu Apr 16 13:56:19 UTC 2020
------------------ testing $PTII/ptolemy/domains/de/test/auto/ResettableTimer6.xml
auto.tcl: Setting watchdog for 200 seconds at Thu Apr 16 13:56:19 UTC 2020
2 ms. Memory: 51200K Free: 31781K (62%)
ptolemy.util.test.WatchDog.cancel(): canceling Thu Apr 16 13:56:19 UTC 2020
auto.tcl: Setting watchdog for 200 seconds at Thu Apr 16 13:56:19 UTC 2020
2 ms. Memory: 51200K Free: 31271K (61%)
ptolemy.util.test.WatchDog.cancel(): canceling Thu Apr 16 13:56:19 UTC 2020
------------------ testing $PTII/ptolemy/domains/de/test/auto/ServerZeroDelay.xml
auto.tcl: Setting watchdog for 200 seconds at Thu Apr 16 13:56:19 UTC 2020
2 ms. Memory: 51200K Free: 32286K (63%)
ptolemy.util.test.WatchDog.cancel(): canceling Thu Apr 16 13:56:19 UTC 2020
auto.tcl: Setting watchdog for 200 seconds at Thu Apr 16 13:56:19 UTC 2020
3 ms. Memory: 51200K Free: 31286K (61%)
ptolemy.util.test.WatchDog.cancel(): canceling Thu Apr 16 13:56:19 UTC 2020
------------------ testing $PTII/ptolemy/domains/de/test/auto/SmartSender.xml
auto.tcl: Setting watchdog for 200 seconds at Thu Apr 16 13:56:19 UTC 2020
3001 ms. Memory: 51200K Free: 32289K (63%)
ptolemy.util.test.WatchDog.cancel(): canceling Thu Apr 16 13:56:22 UTC 2020
auto.tcl: Setting watchdog for 200 seconds at Thu Apr 16 13:56:22 UTC 2020
3002 ms. Memory: 51200K Free: 31761K (62%)
ptolemy.util.test.WatchDog.cancel(): canceling Thu Apr 16 13:56:25 UTC 2020
------------------ testing $PTII/ptolemy/domains/de/test/auto/ThreadedComposite.xml
auto.tcl: Setting watchdog for 200 seconds at Thu Apr 16 13:56:25 UTC 2020
243 ms. Memory: 51200K Free: 12324K (24%)
ptolemy.util.test.WatchDog.cancel(): canceling Thu Apr 16 13:56:26 UTC 2020
auto.tcl: Setting watchdog for 200 seconds at Thu Apr 16 13:56:26 UTC 2020
130 ms. Memory: 51200K Free: 27460K (54%)
ptolemy.util.test.WatchDog.cancel(): canceling Thu Apr 16 13:56:26 UTC 2020
------------------ testing $PTII/ptolemy/domains/de/test/auto/Time.xml
auto.tcl: Setting watchdog for 200 seconds at Thu Apr 16 13:56:26 UTC 2020
527 ms. Memory: 51200K Free: 35055K (68%)
ptolemy.util.test.WatchDog.cancel(): canceling Thu Apr 16 13:56:26 UTC 2020
auto.tcl: Setting watchdog for 200 seconds at Thu Apr 16 13:56:26 UTC 2020
446 ms. Memory: 51200K Free: 9582K (19%)
ptolemy.util.test.WatchDog.cancel(): canceling Thu Apr 16 13:56:27 UTC 2020
------------------ testing $PTII/ptolemy/domains/de/test/auto/TimeDelayZeroDelay.xml
auto.tcl: Setting watchdog for 200 seconds at Thu Apr 16 13:56:27 UTC 2020
3 ms. Memory: 51200K Free: 32208K (63%)
ptolemy.util.test.WatchDog.cancel(): canceling Thu Apr 16 13:56:27 UTC 2020
auto.tcl: Setting watchdog for 200 seconds at Thu Apr 16 13:56:27 UTC 2020
2 ms. Memory: 51200K Free: 31736K (62%)
ptolemy.util.test.WatchDog.cancel(): canceling Thu Apr 16 13:56:27 UTC 2020
------------------ testing $PTII/ptolemy/domains/de/test/auto/TimerZeroDelay.xml
auto.tcl: Setting watchdog for 200 seconds at Thu Apr 16 13:56:27 UTC 2020
2 ms. Memory: 51200K Free: 32661K (64%)
ptolemy.util.test.WatchDog.cancel(): canceling Thu Apr 16 13:56:27 UTC 2020
auto.tcl: Setting watchdog for 200 seconds at Thu Apr 16 13:56:27 UTC 2020
2 ms. Memory: 51200K Free: 32251K (63%)
ptolemy.util.test.WatchDog.cancel(): canceling Thu Apr 16 13:56:27 UTC 2020
------------------ testing $PTII/ptolemy/domains/de/test/auto/TimingParadox.xml
auto.tcl: Setting watchdog for 200 seconds at Thu Apr 16 13:56:27 UTC 2020
313 ms. Memory: 51200K Free: 17871K (35%)
ptolemy.util.test.WatchDog.cancel(): canceling Thu Apr 16 13:56:27 UTC 2020
auto.tcl: Setting watchdog for 200 seconds at Thu Apr 16 13:56:27 UTC 2020
284 ms. Memory: 51200K Free: 32143K (63%)
ptolemy.util.test.WatchDog.cancel(): canceling Thu Apr 16 13:56:28 UTC 2020
------------------ testing $PTII/ptolemy/domains/de/test/auto/TransferInputs.xml
auto.tcl: Setting watchdog for 200 seconds at Thu Apr 16 13:56:28 UTC 2020
2 ms. Memory: 51200K Free: 30719K (60%)
ptolemy.util.test.WatchDog.cancel(): canceling Thu Apr 16 13:56:28 UTC 2020
auto.tcl: Setting watchdog for 200 seconds at Thu Apr 16 13:56:28 UTC 2020
1 ms. Memory: 51200K Free: 29840K (58%)
ptolemy.util.test.WatchDog.cancel(): canceling Thu Apr 16 13:56:28 UTC 2020
------------------ testing $PTII/ptolemy/domains/de/test/auto/TransferOutputs2.xml
auto.tcl: Setting watchdog for 200 seconds at Thu Apr 16 13:56:28 UTC 2020
2 ms. Memory: 51200K Free: 28161K (55%)
ptolemy.util.test.WatchDog.cancel(): canceling Thu Apr 16 13:56:28 UTC 2020
auto.tcl: Setting watchdog for 200 seconds at Thu Apr 16 13:56:28 UTC 2020
3 ms. Memory: 51200K Free: 26702K (52%)
ptolemy.util.test.WatchDog.cancel(): canceling Thu Apr 16 13:56:28 UTC 2020
------------------ testing $PTII/ptolemy/domains/de/test/auto/Trilateration.xml
auto.tcl: Setting watchdog for 200 seconds at Thu Apr 16 13:56:28 UTC 2020
12398 ms. Memory: 612352K Free: 342174K (56%)
ptolemy.util.test.WatchDog.cancel(): canceling Thu Apr 16 13:56:41 UTC 2020
auto.tcl: Setting watchdog for 200 seconds at Thu Apr 16 13:56:41 UTC 2020
8869 ms. Memory: 612352K Free: 249975K (41%)
ptolemy.util.test.WatchDog.cancel(): canceling Thu Apr 16 13:56:50 UTC 2020
------------------ testing $PTII/ptolemy/domains/de/test/auto/TwoSigmaDelta.xml
auto.tcl: Setting watchdog for 200 seconds at Thu Apr 16 13:56:50 UTC 2020
2259 ms. Memory: 92160K Free: 33444K (36%)
ptolemy.util.test.WatchDog.cancel(): canceling Thu Apr 16 13:56:53 UTC 2020
auto.tcl: Setting watchdog for 200 seconds at Thu Apr 16 13:56:53 UTC 2020
1793 ms. Memory: 92160K Free: 38593K (42%)
ptolemy.util.test.WatchDog.cancel(): canceling Thu Apr 16 13:56:55 UTC 2020
------------------ testing $PTII/ptolemy/domains/de/test/auto/VariableDelay.xml
auto.tcl: Setting watchdog for 200 seconds at Thu Apr 16 13:56:55 UTC 2020
2 ms. Memory: 58368K Free: 38379K (66%)
ptolemy.util.test.WatchDog.cancel(): canceling Thu Apr 16 13:56:55 UTC 2020
auto.tcl: Setting watchdog for 200 seconds at Thu Apr 16 13:56:55 UTC 2020
2 ms. Memory: 58368K Free: 37339K (64%)
ptolemy.util.test.WatchDog.cancel(): canceling Thu Apr 16 13:56:55 UTC 2020
------------------ testing $PTII/ptolemy/domains/de/test/auto/VariableDelay2.xml
auto.tcl: Setting watchdog for 200 seconds at Thu Apr 16 13:56:55 UTC 2020
1 ms. Memory: 55296K Free: 35891K (65%)
ptolemy.util.test.WatchDog.cancel(): canceling Thu Apr 16 13:56:55 UTC 2020
auto.tcl: Setting watchdog for 200 seconds at Thu Apr 16 13:56:55 UTC 2020
1 ms. Memory: 55296K Free: 35379K (64%)
ptolemy.util.test.WatchDog.cancel(): canceling Thu Apr 16 13:56:55 UTC 2020
------------------ testing $PTII/ptolemy/domains/de/test/auto/VariableDelayZeroDelay.xml
auto.tcl: Setting watchdog for 200 seconds at Thu Apr 16 13:56:55 UTC 2020
2 ms. Memory: 51200K Free: 32235K (63%)
ptolemy.util.test.WatchDog.cancel(): canceling Thu Apr 16 13:56:55 UTC 2020
auto.tcl: Setting watchdog for 200 seconds at Thu Apr 16 13:56:55 UTC 2020
1 ms. Memory: 51200K Free: 31622K (62%)
ptolemy.util.test.WatchDog.cancel(): canceling Thu Apr 16 13:56:55 UTC 2020
------------------ testing $PTII/ptolemy/domains/de/test/auto/VariableDelayZeroDelay2.xml
auto.tcl: Setting watchdog for 200 seconds at Thu Apr 16 13:56:55 UTC 2020
1 ms. Memory: 51200K Free: 32136K (63%)
ptolemy.util.test.WatchDog.cancel(): canceling Thu Apr 16 13:56:55 UTC 2020
auto.tcl: Setting watchdog for 200 seconds at Thu Apr 16 13:56:55 UTC 2020
2 ms. Memory: 51200K Free: 31120K (61%)
ptolemy.util.test.WatchDog.cancel(): canceling Thu Apr 16 13:56:55 UTC 2020
------------------ testing $PTII/ptolemy/domains/de/test/auto/deInCt.xml
auto.tcl: Setting watchdog for 200 seconds at Thu Apr 16 13:56:55 UTC 2020
0
1
1
1
0
0
0
1
1
1
0
0
0
0
1
1
1
0
0
0
1
1
1
0
0
0
1
1
1
1
0
0
0
1
1
0
0
0
0
0
0
19 ms. Memory: 51200K Free: 31109K (61%)
ptolemy.util.test.WatchDog.cancel(): canceling Thu Apr 16 13:56:55 UTC 2020
auto.tcl: Setting watchdog for 200 seconds at Thu Apr 16 13:56:55 UTC 2020
0
1
1
1
0
0
0
0
0
0
1
1
1
0
0
0
0
1
1
0
0
0
1
1
1
0
0
0
0
1
1
1
0
0
0
1
1
1
1
7 ms. Memory: 51200K Free: 29576K (58%)
ptolemy.util.test.WatchDog.cancel(): canceling Thu Apr 16 13:56:55 UTC 2020
------------------ testing $PTII/ptolemy/domains/de/test/auto/deInCt2.xml
auto.tcl: Setting watchdog for 200 seconds at Thu Apr 16 13:56:55 UTC 2020
0
1
1
1
0
0
1
1
1
0
0
1
1
1
0
0
1
1
1
0
0
1
1
1
0
0
1
1
1
0
0
1
1
1
0
0
1
1
1
0
0
0
9 ms. Memory: 51200K Free: 31110K (61%)
ptolemy.util.test.WatchDog.cancel(): canceling Thu Apr 16 13:56:55 UTC 2020
auto.tcl: Setting watchdog for 200 seconds at Thu Apr 16 13:56:55 UTC 2020
0
1
1
1
0
0
1
1
1
0
0
1
1
1
0
0
1
1
1
0
0
1
1
1
0
0
1
1
1
0
0
1
1
1
0
0
1
1
1
0
0
0
6 ms. Memory: 51200K Free: 29577K (58%)
ptolemy.util.test.WatchDog.cancel(): canceling Thu Apr 16 13:56:55 UTC 2020
------------------ testing $PTII/ptolemy/domains/de/test/auto/dynamicCausalityInterface1.xml
auto.tcl: Setting watchdog for 200 seconds at Thu Apr 16 13:56:55 UTC 2020
1 ms. Memory: 51200K Free: 27008K (53%)
ptolemy.util.test.WatchDog.cancel(): canceling Thu Apr 16 13:56:55 UTC 2020
auto.tcl: Setting watchdog for 200 seconds at Thu Apr 16 13:56:55 UTC 2020
0 ms. Memory: 51200K Free: 26499K (52%)
ptolemy.util.test.WatchDog.cancel(): canceling Thu Apr 16 13:56:55 UTC 2020
------------------ testing $PTII/ptolemy/domains/de/test/auto/fsm_de_test.xml
auto.tcl: Setting watchdog for 200 seconds at Thu Apr 16 13:56:55 UTC 2020
11 ms. Memory: 51200K Free: 26906K (53%)
ptolemy.util.test.WatchDog.cancel(): canceling Thu Apr 16 13:56:55 UTC 2020
auto.tcl: Setting watchdog for 200 seconds at Thu Apr 16 13:56:55 UTC 2020
7 ms. Memory: 51200K Free: 24858K (49%)
ptolemy.util.test.WatchDog.cancel(): canceling Thu Apr 16 13:56:55 UTC 2020
------------------ testing $PTII/ptolemy/domains/de/test/auto/functionDependencyReconstruction.xml
auto.tcl: Setting watchdog for 200 seconds at Thu Apr 16 13:56:55 UTC 2020
2 ms. Memory: 51200K Free: 20857K (41%)
ptolemy.util.test.WatchDog.cancel(): canceling Thu Apr 16 13:56:55 UTC 2020
auto.tcl: Setting watchdog for 200 seconds at Thu Apr 16 13:56:55 UTC 2020
3 ms. Memory: 51200K Free: 18704K (37%)
ptolemy.util.test.WatchDog.cancel(): canceling Thu Apr 16 13:56:55 UTC 2020
------------------ testing $PTII/ptolemy/domains/de/test/auto/multirate.xml
auto.tcl: Setting watchdog for 200 seconds at Thu Apr 16 13:56:55 UTC 2020
2 ms. Memory: 51200K Free: 29547K (58%)
ptolemy.util.test.WatchDog.cancel(): canceling Thu Apr 16 13:56:55 UTC 2020
auto.tcl: Setting watchdog for 200 seconds at Thu Apr 16 13:56:55 UTC 2020
2 ms. Memory: 51200K Free: 27802K (54%)
ptolemy.util.test.WatchDog.cancel(): canceling Thu Apr 16 13:56:55 UTC 2020
------------------ testing $PTII/ptolemy/domains/de/test/auto/multirate2.xml
auto.tcl: Setting watchdog for 200 seconds at Thu Apr 16 13:56:55 UTC 2020
2 ms. Memory: 51200K Free: 29502K (58%)
ptolemy.util.test.WatchDog.cancel(): canceling Thu Apr 16 13:56:55 UTC 2020
auto.tcl: Setting watchdog for 200 seconds at Thu Apr 16 13:56:55 UTC 2020
3 ms. Memory: 51200K Free: 27982K (55%)
ptolemy.util.test.WatchDog.cancel(): canceling Thu Apr 16 13:56:55 UTC 2020
------------------ testing $PTII/ptolemy/domains/de/test/auto/realtime.xml
auto.tcl: Setting watchdog for 200 seconds at Thu Apr 16 13:56:55 UTC 2020
10001 ms. Memory: 51200K Free: 31788K (62%)
ptolemy.util.test.WatchDog.cancel(): canceling Thu Apr 16 13:57:05 UTC 2020
auto.tcl: Setting watchdog for 200 seconds at Thu Apr 16 13:57:05 UTC 2020
10003 ms. Memory: 51200K Free: 31052K (61%)
ptolemy.util.test.WatchDog.cancel(): canceling Thu Apr 16 13:57:15 UTC 2020
------------------ testing $PTII/ptolemy/domains/de/test/auto/relationGroup.xml
auto.tcl: Setting watchdog for 200 seconds at Thu Apr 16 13:57:15 UTC 2020
1 ms. Memory: 51200K Free: 32838K (64%)
ptolemy.util.test.WatchDog.cancel(): canceling Thu Apr 16 13:57:15 UTC 2020
auto.tcl: Setting watchdog for 200 seconds at Thu Apr 16 13:57:15 UTC 2020
2 ms. Memory: 51200K Free: 32294K (63%)
ptolemy.util.test.WatchDog.cancel(): canceling Thu Apr 16 13:57:15 UTC 2020
------------------ testing $PTII/ptolemy/domains/de/test/auto/relationGroup2.xml
auto.tcl: Setting watchdog for 200 seconds at Thu Apr 16 13:57:15 UTC 2020
1 ms. Memory: 51200K Free: 32894K (64%)
ptolemy.util.test.WatchDog.cancel(): canceling Thu Apr 16 13:57:15 UTC 2020
auto.tcl: Setting watchdog for 200 seconds at Thu Apr 16 13:57:15 UTC 2020
1 ms. Memory: 51200K Free: 32382K (63%)
ptolemy.util.test.WatchDog.cancel(): canceling Thu Apr 16 13:57:15 UTC 2020
------------------ testing $PTII/ptolemy/domains/de/test/auto/sortWithOpaquePorts.xml
auto.tcl: Setting watchdog for 200 seconds at Thu Apr 16 13:57:16 UTC 2020
1 ms. Memory: 51200K Free: 32161K (63%)
ptolemy.util.test.WatchDog.cancel(): canceling Thu Apr 16 13:57:16 UTC 2020
auto.tcl: Setting watchdog for 200 seconds at Thu Apr 16 13:57:16 UTC 2020
1 ms. Memory: 51200K Free: 30628K (60%)
ptolemy.util.test.WatchDog.cancel(): canceling Thu Apr 16 13:57:16 UTC 2020
------------------ testing $PTII/ptolemy/domains/de/test/auto/transferInputsandOutputs.xml
auto.tcl: Setting watchdog for 200 seconds at Thu Apr 16 13:57:16 UTC 2020
2 ms. Memory: 51200K Free: 29076K (57%)
ptolemy.util.test.WatchDog.cancel(): canceling Thu Apr 16 13:57:16 UTC 2020
auto.tcl: Setting watchdog for 200 seconds at Thu Apr 16 13:57:16 UTC 2020
2 ms. Memory: 51200K Free: 28052K (55%)
ptolemy.util.test.WatchDog.cancel(): canceling Thu Apr 16 13:57:16 UTC 2020
------------------ testing $PTII/ptolemy/domains/de/test/auto/triggerType.xml
auto.tcl: Setting watchdog for 200 seconds at Thu Apr 16 13:57:16 UTC 2020
1 ms. Memory: 51200K Free: 32101K (63%)
ptolemy.util.test.WatchDog.cancel(): canceling Thu Apr 16 13:57:16 UTC 2020
auto.tcl: Setting watchdog for 200 seconds at Thu Apr 16 13:57:16 UTC 2020
2 ms. Memory: 51200K Free: 31080K (61%)
ptolemy.util.test.WatchDog.cancel(): canceling Thu Apr 16 13:57:16 UTC 2020
04/16/20 01:57:16
Failed: 0  Total Tests: 192  ((Passed: 187, Newly Passed: 1)  Known Failed: 5) /home/travis/build/icyphy/ptII/ptolemy/domains/de/test
04/16/20 01:57:16
Failed: 0  Total Tests: 192  ((Passed: 187, Newly Passed: 1)  Known Failed: 5) /home/travis/build/icyphy/ptII/ptolemy/domains/de/test
----------------- testing (KnownFailure) /home/travis/build/icyphy/ptII/ptolemy/domains/de/test/auto/knownFailedTests/DESDFClockTest.xml
2011 ms. Memory: 51200K Free: 25496K (50%)
Known Failure: java.lang.reflect.InvocationTargetException
----------------- testing (KnownFailure) /home/travis/build/icyphy/ptII/ptolemy/domains/de/test/auto/knownFailedTests/DirectFeedback.xml
1 ms. Memory: 51200K Free: 21400K (42%)
Known Failure: java.lang.reflect.InvocationTargetException
----------------- testing (KnownFailure) /home/travis/build/icyphy/ptII/ptolemy/domains/de/test/auto/knownFailedTests/FSMSource.xml
7 ms. Memory: 51200K Free: 13722K (27%)
----------------- testing (KnownFailure) /home/travis/build/icyphy/ptII/ptolemy/domains/de/test/auto/knownFailedTests/HierarchicalModel.xml
2 ms. Memory: 51200K Free: 25904K (51%)
Known Failure: java.lang.reflect.InvocationTargetException
----------------- testing (KnownFailure) /home/travis/build/icyphy/ptII/ptolemy/domains/de/test/auto/knownFailedTests/dependencyLoop.xml
2 ms. Memory: 51200K Free: 10869K (21%)
Known Failure: java.lang.reflect.InvocationTargetException
----------------- testing (KnownFailure) /home/travis/build/icyphy/ptII/ptolemy/domains/de/test/auto/knownFailedTests/dependencyLoop2.xml
6 ms. Memory: 51200K Free: 23881K (47%)
Known Failure: java.lang.reflect.InvocationTargetException
No auto/linux-amd64/*.xml tests in /home/travis/build/icyphy/ptII/ptolemy/domains/de/test
AutoTests.java: About to close Vertx.
AutoTests.java: Vertx closed.

===========================================================================================
----------------- testing Thu Apr 16 13:57:18 UTC 2020 /home/travis/build/icyphy/ptII/ptolemy/domains/de/test/auto/ActorDepthCalculation_actorWithoutPorts.xml
----------------- Instantiating /home/travis/build/icyphy/ptII/ptolemy/domains/de/test/auto/ActorDepthCalculation_actorWithoutPorts.xml
1 ms. Memory: 51200K Free: 17051K (33%)
----------------- Invoking toplevel() on ptolemy.moml.MoMLSimpleApplication@7dc7a856
----------------- Done invoking toplevel() on ptolemy.moml.MoMLSimpleApplication@7dc7a856
reloadAllAccessors: .ActorDepthCalculation_actorWithoutPorts

===========================================================================================
----------------- testing Thu Apr 16 13:57:18 UTC 2020 /home/travis/build/icyphy/ptII/ptolemy/domains/de/test/auto/AssemblyLine.xml
----------------- Instantiating /home/travis/build/icyphy/ptII/ptolemy/domains/de/test/auto/AssemblyLine.xml
2 ms. Memory: 51200K Free: 10162K (20%)
----------------- Invoking toplevel() on ptolemy.moml.MoMLSimpleApplication@a6f6c71
----------------- Done invoking toplevel() on ptolemy.moml.MoMLSimpleApplication@a6f6c71
reloadAllAccessors: .AssemblyLine

===========================================================================================
----------------- testing Thu Apr 16 13:57:18 UTC 2020 /home/travis/build/icyphy/ptII/ptolemy/domains/de/test/auto/CQBug1.xml
----------------- Instantiating /home/travis/build/icyphy/ptII/ptolemy/domains/de/test/auto/CQBug1.xml
2 ms. Memory: 51200K Free: 34992K (68%)
----------------- Invoking toplevel() on ptolemy.moml.MoMLSimpleApplication@4a10e3ba
----------------- Done invoking toplevel() on ptolemy.moml.MoMLSimpleApplication@4a10e3ba
reloadAllAccessors: .CQBug1

===========================================================================================
----------------- testing Thu Apr 16 13:57:18 UTC 2020 /home/travis/build/icyphy/ptII/ptolemy/domains/de/test/auto/CancelFireAt.xml
----------------- Instantiating /home/travis/build/icyphy/ptII/ptolemy/domains/de/test/auto/CancelFireAt.xml
1 ms. Memory: 51200K Free: 32587K (64%)
----------------- Invoking toplevel() on ptolemy.moml.MoMLSimpleApplication@21e25411
----------------- Done invoking toplevel() on ptolemy.moml.MoMLSimpleApplication@21e25411
reloadAllAccessors: .CancelFireAt

===========================================================================================
----------------- testing Thu Apr 16 13:57:18 UTC 2020 /home/travis/build/icyphy/ptII/ptolemy/domains/de/test/auto/CausalityAndComposabilityAnalysis.xml
----------------- Instantiating /home/travis/build/icyphy/ptII/ptolemy/domains/de/test/auto/CausalityAndComposabilityAnalysis.xml
2 ms. Memory: 51200K Free: 28193K (55%)
----------------- Invoking toplevel() on ptolemy.moml.MoMLSimpleApplication@4ed18d65
----------------- Done invoking toplevel() on ptolemy.moml.MoMLSimpleApplication@4ed18d65
reloadAllAccessors: .CausalityAndComposabilityAnalysis

===========================================================================================
----------------- testing Thu Apr 16 13:57:18 UTC 2020 /home/travis/build/icyphy/ptII/ptolemy/domains/de/test/auto/CausalityInterface1.xml
----------------- Instantiating /home/travis/build/icyphy/ptII/ptolemy/domains/de/test/auto/CausalityInterface1.xml
5 ms. Memory: 51200K Free: 23379K (46%)
----------------- Invoking toplevel() on ptolemy.moml.MoMLSimpleApplication@7793054c
----------------- Done invoking toplevel() on ptolemy.moml.MoMLSimpleApplication@7793054c
reloadAllAccessors: .CausalityInterface1

===========================================================================================
----------------- testing Thu Apr 16 13:57:18 UTC 2020 /home/travis/build/icyphy/ptII/ptolemy/domains/de/test/auto/CausalityInterface15.xml
----------------- Instantiating /home/travis/build/icyphy/ptII/ptolemy/domains/de/test/auto/CausalityInterface15.xml
1 ms. Memory: 51200K Free: 17928K (35%)
----------------- Invoking toplevel() on ptolemy.moml.MoMLSimpleApplication@2c5af8a5
----------------- Done invoking toplevel() on ptolemy.moml.MoMLSimpleApplication@2c5af8a5
reloadAllAccessors: .CausalityInterface15

===========================================================================================
----------------- testing Thu Apr 16 13:57:18 UTC 2020 /home/travis/build/icyphy/ptII/ptolemy/domains/de/test/auto/CausalityInterface2.xml
----------------- Instantiating /home/travis/build/icyphy/ptII/ptolemy/domains/de/test/auto/CausalityInterface2.xml
1 ms. Memory: 51200K Free: 13418K (26%)
[...]
	at ptolemy.actor.Manager.run(Manager.java:1263)
	at ptolemy.actor.Manager$PtolemyRunThread.run(Manager.java:1933)
java.lang.RuntimeException: Execution failed
	at ptolemy.moml.MoMLSimpleApplication$UnloadThread.run(MoMLSimpleApplication.java:402)
Caused by: ptolemy.kernel.util.IllegalActionException: Actor is not ready to fire.  Perhaps UpSample.prefire() returned false? Try debugging the actor by selecting "Listen to Actor".  Also, for SDF check moml for tokenConsumptionRate on input.
  in .DESDFClockTest.Play Bell.Copy1:SDF Director and .DESDFClockTest.Play Bell.UpSample
	at ptolemy.actor.sched.StaticSchedulingDirector.fire(StaticSchedulingDirector.java:227)
	at ptolemy.domains.sdf.kernel.SDFDirector.fire(SDFDirector.java:500)
	at ptolemy.actor.CompositeActor.fire(CompositeActor.java:455)
	at ptolemy.domains.de.kernel.DEDirector._fire(DEDirector.java:1949)
	at ptolemy.domains.de.kernel.DEDirector.fire(DEDirector.java:502)
	at ptolemy.actor.CompositeActor.fire(CompositeActor.java:455)
	at ptolemy.actor.Manager.iterate(Manager.java:851)
	at ptolemy.actor.Manager.execute(Manager.java:369)
	at ptolemy.actor.Manager.run(Manager.java:1263)
	at ptolemy.actor.Manager$PtolemyRunThread.run(Manager.java:1933)
java.lang.reflect.InvocationTargetException
	at java.base/jdk.internal.reflect.NativeConstructorAccessorImpl.newInstance0(Native Method)
	at java.base/jdk.internal.reflect.NativeConstructorAccessorImpl.newInstance(NativeConstructorAccessorImpl.java:62)
	at java.base/jdk.internal.reflect.DelegatingConstructorAccessorImpl.newInstance(DelegatingConstructorAccessorImpl.java:45)
	at java.base/java.lang.reflect.Constructor.newInstance(Constructor.java:490)
	at ptolemy.util.test.junit.AutoKnownFailedTests.RunModel(AutoKnownFailedTests.java:105)
	at java.base/jdk.internal.reflect.NativeMethodAccessorImpl.invoke0(Native Method)
	at java.base/jdk.internal.reflect.NativeMethodAccessorImpl.invoke(NativeMethodAccessorImpl.java:62)
	at java.base/jdk.internal.reflect.DelegatingMethodAccessorImpl.invoke(DelegatingMethodAccessorImpl.java:43)
	at java.base/java.lang.reflect.Method.invoke(Method.java:566)
	at org.junit.runners.model.FrameworkMethod$1.runReflectiveCall(FrameworkMethod.java:44)
	at org.junit.internal.runners.model.ReflectiveCallable.run(ReflectiveCallable.java:15)
	at org.junit.runners.model.FrameworkMethod.invokeExplosively(FrameworkMethod.java:41)
	at junitparams.internal.InvokeParameterisedMethod.evaluate(InvokeParameterisedMethod.java:102)
	at org.junit.internal.runners.statements.FailOnTimeout$1.run(FailOnTimeout.java:28)
Caused by: ptolemy.kernel.util.IllegalActionException: Actor is not ready to fire.  Perhaps UpSample.prefire() returned false? Try debugging the actor by selecting "Listen to Actor".  Also, for SDF check moml for tokenConsumptionRate on input.
  in .DESDFClockTest.Play Bell.Copy1:SDF Director and .DESDFClockTest.Play Bell.UpSample
	at ptolemy.actor.sched.StaticSchedulingDirector.fire(StaticSchedulingDirector.java:227)
	at ptolemy.domains.sdf.kernel.SDFDirector.fire(SDFDirector.java:500)
	at ptolemy.actor.CompositeActor.fire(CompositeActor.java:455)
	at ptolemy.domains.de.kernel.DEDirector._fire(DEDirector.java:1949)
	at ptolemy.domains.de.kernel.DEDirector.fire(DEDirector.java:502)
	at ptolemy.actor.CompositeActor.fire(CompositeActor.java:455)
	at ptolemy.actor.Manager.iterate(Manager.java:851)
	at ptolemy.actor.Manager.execute(Manager.java:369)
	at ptolemy.actor.Manager.run(Manager.java:1263)
	at ptolemy.actor.Manager$PtolemyRunThread.run(Manager.java:1933)
java.lang.RuntimeException: Execution failed
	at ptolemy.moml.MoMLSimpleApplication$UnloadThread.run(MoMLSimpleApplication.java:402)
Caused by: ptolemy.kernel.util.IllegalActionException: Test fails in iteration 1.
Value was: 1.0. Should have been: 2.0
  in .DirectFeedback.Test
	at ptolemy.actor.lib.Test.fire(Test.java:268)
	at ptolemy.domains.de.kernel.DEDirector._fire(DEDirector.java:1949)
	at ptolemy.domains.de.kernel.DEDirector.fire(DEDirector.java:502)
	at ptolemy.actor.CompositeActor.fire(CompositeActor.java:455)
	at ptolemy.actor.Manager.iterate(Manager.java:851)
	at ptolemy.actor.Manager.execute(Manager.java:369)
	at ptolemy.actor.Manager.run(Manager.java:1263)
	at ptolemy.actor.Manager$PtolemyRunThread.run(Manager.java:1933)
java.lang.reflect.InvocationTargetException
	at java.base/jdk.internal.reflect.NativeConstructorAccessorImpl.newInstance0(Native Method)
	at java.base/jdk.internal.reflect.NativeConstructorAccessorImpl.newInstance(NativeConstructorAccessorImpl.java:62)
	at java.base/jdk.internal.reflect.DelegatingConstructorAccessorImpl.newInstance(DelegatingConstructorAccessorImpl.java:45)
	at java.base/java.lang.reflect.Constructor.newInstance(Constructor.java:490)
	at ptolemy.util.test.junit.AutoKnownFailedTests.RunModel(AutoKnownFailedTests.java:105)
	at java.base/jdk.internal.reflect.NativeMethodAccessorImpl.invoke0(Native Method)
	at java.base/jdk.internal.reflect.NativeMethodAccessorImpl.invoke(NativeMethodAccessorImpl.java:62)
	at java.base/jdk.internal.reflect.DelegatingMethodAccessorImpl.invoke(DelegatingMethodAccessorImpl.java:43)
	at java.base/java.lang.reflect.Method.invoke(Method.java:566)
	at org.junit.runners.model.FrameworkMethod$1.runReflectiveCall(FrameworkMethod.java:44)
	at org.junit.internal.runners.model.ReflectiveCallable.run(ReflectiveCallable.java:15)
	at org.junit.runners.model.FrameworkMethod.invokeExplosively(FrameworkMethod.java:41)
	at junitparams.internal.InvokeParameterisedMethod.evaluate(InvokeParameterisedMethod.java:102)
	at org.junit.internal.runners.statements.FailOnTimeout$1.run(FailOnTimeout.java:28)
Caused by: ptolemy.kernel.util.IllegalActionException: Test fails in iteration 1.
Value was: 1.0. Should have been: 2.0
  in .DirectFeedback.Test
	at ptolemy.actor.lib.Test.fire(Test.java:268)
	at ptolemy.domains.de.kernel.DEDirector._fire(DEDirector.java:1949)
	at ptolemy.domains.de.kernel.DEDirector.fire(DEDirector.java:502)
	at ptolemy.actor.CompositeActor.fire(CompositeActor.java:455)
	at ptolemy.actor.Manager.iterate(Manager.java:851)
	at ptolemy.actor.Manager.execute(Manager.java:369)
	at ptolemy.actor.Manager.run(Manager.java:1263)
	at ptolemy.actor.Manager$PtolemyRunThread.run(Manager.java:1933)
java.lang.RuntimeException: Execution failed
	at ptolemy.moml.MoMLSimpleApplication$UnloadThread.run(MoMLSimpleApplication.java:402)
Caused by: ptolemy.kernel.util.IllegalActionException: Found a zero delay loop containing .HierarchicalModel.A
  in .HierarchicalModel and .HierarchicalModel.A
	at ptolemy.actor.util.CausalityInterfaceForComposites._computeOutputPortDepth(CausalityInterfaceForComposites.java:759)
	at ptolemy.actor.util.CausalityInterfaceForComposites._computeInputDepth(CausalityInterfaceForComposites.java:696)
	at ptolemy.actor.util.CausalityInterfaceForComposites._computeOutputPortDepth(CausalityInterfaceForComposites.java:765)
	at ptolemy.actor.util.CausalityInterfaceForComposites._computeInputDepth(CausalityInterfaceForComposites.java:696)
	at ptolemy.actor.util.CausalityInterfaceForComposites._computeOutputPortDepth(CausalityInterfaceForComposites.java:765)
	at ptolemy.actor.util.CausalityInterfaceForComposites._computeInputDepth(CausalityInterfaceForComposites.java:696)
	at ptolemy.actor.util.CausalityInterfaceForComposites._computeActorDepth(CausalityInterfaceForComposites.java:532)
	at ptolemy.actor.util.CausalityInterfaceForComposites.checkForCycles(CausalityInterfaceForComposites.java:96)
	at ptolemy.domains.de.kernel.DEDirector.preinitialize(DEDirector.java:1338)
	at ptolemy.actor.CompositeActor.preinitialize(CompositeActor.java:1828)
	at ptolemy.actor.Manager.preinitializeAndResolveTypes(Manager.java:1040)
	at ptolemy.actor.Manager.initialize(Manager.java:710)
	at ptolemy.actor.Manager.execute(Manager.java:356)
	at ptolemy.actor.Manager.run(Manager.java:1263)
	at ptolemy.actor.Manager$PtolemyRunThread.run(Manager.java:1933)
java.lang.reflect.InvocationTargetException
	at java.base/jdk.internal.reflect.NativeConstructorAccessorImpl.newInstance0(Native Method)
	at java.base/jdk.internal.reflect.NativeConstructorAccessorImpl.newInstance(NativeConstructorAccessorImpl.java:62)
	at java.base/jdk.internal.reflect.DelegatingConstructorAccessorImpl.newInstance(DelegatingConstructorAccessorImpl.java:45)
	at java.base/java.lang.reflect.Constructor.newInstance(Constructor.java:490)
	at ptolemy.util.test.junit.AutoKnownFailedTests.RunModel(AutoKnownFailedTests.java:105)
	at java.base/jdk.internal.reflect.NativeMethodAccessorImpl.invoke0(Native Method)
	at java.base/jdk.internal.reflect.NativeMethodAccessorImpl.invoke(NativeMethodAccessorImpl.java:62)
	at java.base/jdk.internal.reflect.DelegatingMethodAccessorImpl.invoke(DelegatingMethodAccessorImpl.java:43)
	at java.base/java.lang.reflect.Method.invoke(Method.java:566)
	at org.junit.runners.model.FrameworkMethod$1.runReflectiveCall(FrameworkMethod.java:44)
	at org.junit.internal.runners.model.ReflectiveCallable.run(ReflectiveCallable.java:15)
	at org.junit.runners.model.FrameworkMethod.invokeExplosively(FrameworkMethod.java:41)
	at junitparams.internal.InvokeParameterisedMethod.evaluate(InvokeParameterisedMethod.java:102)
	at org.junit.internal.runners.statements.FailOnTimeout$1.run(FailOnTimeout.java:28)
Caused by: ptolemy.kernel.util.IllegalActionException: Found a zero delay loop containing .HierarchicalModel.A
  in .HierarchicalModel and .HierarchicalModel.A
	at ptolemy.actor.util.CausalityInterfaceForComposites._computeOutputPortDepth(CausalityInterfaceForComposites.java:759)
	at ptolemy.actor.util.CausalityInterfaceForComposites._computeInputDepth(CausalityInterfaceForComposites.java:696)
	at ptolemy.actor.util.CausalityInterfaceForComposites._computeOutputPortDepth(CausalityInterfaceForComposites.java:765)
	at ptolemy.actor.util.CausalityInterfaceForComposites._computeInputDepth(CausalityInterfaceForComposites.java:696)
	at ptolemy.actor.util.CausalityInterfaceForComposites._computeOutputPortDepth(CausalityInterfaceForComposites.java:765)
	at ptolemy.actor.util.CausalityInterfaceForComposites._computeInputDepth(CausalityInterfaceForComposites.java:696)
	at ptolemy.actor.util.CausalityInterfaceForComposites._computeActorDepth(CausalityInterfaceForComposites.java:532)
	at ptolemy.actor.util.CausalityInterfaceForComposites.checkForCycles(CausalityInterfaceForComposites.java:96)
	at ptolemy.domains.de.kernel.DEDirector.preinitialize(DEDirector.java:1338)
	at ptolemy.actor.CompositeActor.preinitialize(CompositeActor.java:1828)
	at ptolemy.actor.Manager.preinitializeAndResolveTypes(Manager.java:1040)
	at ptolemy.actor.Manager.initialize(Manager.java:710)
	at ptolemy.actor.Manager.execute(Manager.java:356)
	at ptolemy.actor.Manager.run(Manager.java:1263)
	at ptolemy.actor.Manager$PtolemyRunThread.run(Manager.java:1933)
java.lang.RuntimeException: Execution failed
	at ptolemy.moml.MoMLSimpleApplication$UnloadThread.run(MoMLSimpleApplication.java:402)
Caused by: ptolemy.kernel.util.IllegalActionException: Found a zero delay loop containing .dependencyLoop.original
  in .dependencyLoop and .dependencyLoop.original
	at ptolemy.actor.util.CausalityInterfaceForComposites._computeOutputPortDepth(CausalityInterfaceForComposites.java:759)
	at ptolemy.actor.util.CausalityInterfaceForComposites._computeInputDepth(CausalityInterfaceForComposites.java:696)
	at ptolemy.actor.util.CausalityInterfaceForComposites._computeOutputPortDepth(CausalityInterfaceForComposites.java:765)
	at ptolemy.actor.util.CausalityInterfaceForComposites._computeInputDepth(CausalityInterfaceForComposites.java:696)
	at ptolemy.actor.util.CausalityInterfaceForComposites._computeOutputPortDepth(CausalityInterfaceForComposites.java:765)
	at ptolemy.actor.util.CausalityInterfaceForComposites._computeInputDepth(CausalityInterfaceForComposites.java:696)
	at ptolemy.actor.util.CausalityInterfaceForComposites._computeActorDepth(CausalityInterfaceForComposites.java:532)
	at ptolemy.actor.util.CausalityInterfaceForComposites.checkForCycles(CausalityInterfaceForComposites.java:96)
	at ptolemy.domains.de.kernel.DEDirector.preinitialize(DEDirector.java:1338)
	at ptolemy.actor.CompositeActor.preinitialize(CompositeActor.java:1828)
	at ptolemy.actor.Manager.preinitializeAndResolveTypes(Manager.java:1040)
	at ptolemy.actor.Manager.initialize(Manager.java:710)
	at ptolemy.actor.Manager.execute(Manager.java:356)
	at ptolemy.actor.Manager.run(Manager.java:1263)
	at ptolemy.actor.Manager$PtolemyRunThread.run(Manager.java:1933)
java.lang.reflect.InvocationTargetException
	at java.base/jdk.internal.reflect.NativeConstructorAccessorImpl.newInstance0(Native Method)
	at java.base/jdk.internal.reflect.NativeConstructorAccessorImpl.newInstance(NativeConstructorAccessorImpl.java:62)
	at java.base/jdk.internal.reflect.DelegatingConstructorAccessorImpl.newInstance(DelegatingConstructorAccessorImpl.java:45)
	at java.base/java.lang.reflect.Constructor.newInstance(Constructor.java:490)
	at ptolemy.util.test.junit.AutoKnownFailedTests.RunModel(AutoKnownFailedTests.java:105)
	at java.base/jdk.internal.reflect.NativeMethodAccessorImpl.invoke0(Native Method)
	at java.base/jdk.internal.reflect.NativeMethodAccessorImpl.invoke(NativeMethodAccessorImpl.java:62)
	at java.base/jdk.internal.reflect.DelegatingMethodAccessorImpl.invoke(DelegatingMethodAccessorImpl.java:43)
	at java.base/java.lang.reflect.Method.invoke(Method.java:566)
	at org.junit.runners.model.FrameworkMethod$1.runReflectiveCall(FrameworkMethod.java:44)
	at org.junit.internal.runners.model.ReflectiveCallable.run(ReflectiveCallable.java:15)
	at org.junit.runners.model.FrameworkMethod.invokeExplosively(FrameworkMethod.java:41)
	at junitparams.internal.InvokeParameterisedMethod.evaluate(InvokeParameterisedMethod.java:102)
	at org.junit.internal.runners.statements.FailOnTimeout$1.run(FailOnTimeout.java:28)
Caused by: ptolemy.kernel.util.IllegalActionException: Found a zero delay loop containing .dependencyLoop.original
  in .dependencyLoop and .dependencyLoop.original
	at ptolemy.actor.util.CausalityInterfaceForComposites._computeOutputPortDepth(CausalityInterfaceForComposites.java:759)
	at ptolemy.actor.util.CausalityInterfaceForComposites._computeInputDepth(CausalityInterfaceForComposites.java:696)
	at ptolemy.actor.util.CausalityInterfaceForComposites._computeOutputPortDepth(CausalityInterfaceForComposites.java:765)
	at ptolemy.actor.util.CausalityInterfaceForComposites._computeInputDepth(CausalityInterfaceForComposites.java:696)
	at ptolemy.actor.util.CausalityInterfaceForComposites._computeOutputPortDepth(CausalityInterfaceForComposites.java:765)
	at ptolemy.actor.util.CausalityInterfaceForComposites._computeInputDepth(CausalityInterfaceForComposites.java:696)
	at ptolemy.actor.util.CausalityInterfaceForComposites._computeActorDepth(CausalityInterfaceForComposites.java:532)
	at ptolemy.actor.util.CausalityInterfaceForComposites.checkForCycles(CausalityInterfaceForComposites.java:96)
	at ptolemy.domains.de.kernel.DEDirector.preinitialize(DEDirector.java:1338)
	at ptolemy.actor.CompositeActor.preinitialize(CompositeActor.java:1828)
	at ptolemy.actor.Manager.preinitializeAndResolveTypes(Manager.java:1040)
	at ptolemy.actor.Manager.initialize(Manager.java:710)
	at ptolemy.actor.Manager.execute(Manager.java:356)
	at ptolemy.actor.Manager.run(Manager.java:1263)
	at ptolemy.actor.Manager$PtolemyRunThread.run(Manager.java:1933)
java.lang.RuntimeException: Execution failed
	at ptolemy.moml.MoMLSimpleApplication$UnloadThread.run(MoMLSimpleApplication.java:402)
Caused by: ptolemy.kernel.util.IllegalActionException: Found a zero delay loop containing .dependencyLoop2.original
  in .dependencyLoop2 and .dependencyLoop2.original
	at ptolemy.actor.util.CausalityInterfaceForComposites._computeOutputPortDepth(CausalityInterfaceForComposites.java:759)
	at ptolemy.actor.util.CausalityInterfaceForComposites._computeInputDepth(CausalityInterfaceForComposites.java:696)
	at ptolemy.actor.util.CausalityInterfaceForComposites._computeOutputPortDepth(CausalityInterfaceForComposites.java:765)
	at ptolemy.actor.util.CausalityInterfaceForComposites._computeInputDepth(CausalityInterfaceForComposites.java:696)
	at ptolemy.actor.util.CausalityInterfaceForComposites._computeOutputPortDepth(CausalityInterfaceForComposites.java:765)
	at ptolemy.actor.util.CausalityInterfaceForComposites._computeInputDepth(CausalityInterfaceForComposites.java:696)
	at ptolemy.actor.util.CausalityInterfaceForComposites._computeActorDepth(CausalityInterfaceForComposites.java:532)
	at ptolemy.actor.util.CausalityInterfaceForComposites.checkForCycles(CausalityInterfaceForComposites.java:96)
	at ptolemy.domains.de.kernel.DEDirector.preinitialize(DEDirector.java:1338)
	at ptolemy.actor.CompositeActor.preinitialize(CompositeActor.java:1828)
	at ptolemy.actor.Manager.preinitializeAndResolveTypes(Manager.java:1040)
	at ptolemy.actor.Manager.initialize(Manager.java:710)
	at ptolemy.actor.Manager.execute(Manager.java:356)
	at ptolemy.actor.Manager.run(Manager.java:1263)
	at ptolemy.actor.Manager$PtolemyRunThread.run(Manager.java:1933)
java.lang.reflect.InvocationTargetException
	at java.base/jdk.internal.reflect.NativeConstructorAccessorImpl.newInstance0(Native Method)
	at java.base/jdk.internal.reflect.NativeConstructorAccessorImpl.newInstance(NativeConstructorAccessorImpl.java:62)
	at java.base/jdk.internal.reflect.DelegatingConstructorAccessorImpl.newInstance(DelegatingConstructorAccessorImpl.java:45)
	at java.base/java.lang.reflect.Constructor.newInstance(Constructor.java:490)
	at ptolemy.util.test.junit.AutoKnownFailedTests.RunModel(AutoKnownFailedTests.java:105)
	at java.base/jdk.internal.reflect.NativeMethodAccessorImpl.invoke0(Native Method)
	at java.base/jdk.internal.reflect.NativeMethodAccessorImpl.invoke(NativeMethodAccessorImpl.java:62)
	at java.base/jdk.internal.reflect.DelegatingMethodAccessorImpl.invoke(DelegatingMethodAccessorImpl.java:43)
	at java.base/java.lang.reflect.Method.invoke(Method.java:566)
	at org.junit.runners.model.FrameworkMethod$1.runReflectiveCall(FrameworkMethod.java:44)
	at org.junit.internal.runners.model.ReflectiveCallable.run(ReflectiveCallable.java:15)
	at org.junit.runners.model.FrameworkMethod.invokeExplosively(FrameworkMethod.java:41)
	at junitparams.internal.InvokeParameterisedMethod.evaluate(InvokeParameterisedMethod.java:102)
	at org.junit.internal.runners.statements.FailOnTimeout$1.run(FailOnTimeout.java:28)
Caused by: ptolemy.kernel.util.IllegalActionException: Found a zero delay loop containing .dependencyLoop2.original
  in .dependencyLoop2 and .dependencyLoop2.original
	at ptolemy.actor.util.CausalityInterfaceForComposites._computeOutputPortDepth(CausalityInterfaceForComposites.java:759)
	at ptolemy.actor.util.CausalityInterfaceForComposites._computeInputDepth(CausalityInterfaceForComposites.java:696)
	at ptolemy.actor.util.CausalityInterfaceForComposites._computeOutputPortDepth(CausalityInterfaceForComposites.java:765)
	at ptolemy.actor.util.CausalityInterfaceForComposites._computeInputDepth(CausalityInterfaceForComposites.java:696)
	at ptolemy.actor.util.CausalityInterfaceForComposites._computeOutputPortDepth(CausalityInterfaceForComposites.java:765)
	at ptolemy.actor.util.CausalityInterfaceForComposites._computeInputDepth(CausalityInterfaceForComposites.java:696)
	at ptolemy.actor.util.CausalityInterfaceForComposites._computeActorDepth(CausalityInterfaceForComposites.java:532)
	at ptolemy.actor.util.CausalityInterfaceForComposites.checkForCycles(CausalityInterfaceForComposites.java:96)
	at ptolemy.domains.de.kernel.DEDirector.preinitialize(DEDirector.java:1338)
	at ptolemy.actor.CompositeActor.preinitialize(CompositeActor.java:1828)
	at ptolemy.actor.Manager.preinitializeAndResolveTypes(Manager.java:1040)
	at ptolemy.actor.Manager.initialize(Manager.java:710)
	at ptolemy.actor.Manager.execute(Manager.java:356)
	at ptolemy.actor.Manager.run(Manager.java:1263)
	at ptolemy.actor.Manager$PtolemyRunThread.run(Manager.java:1933)
]]></system-err>
</testsuite>
