<?xml version="1.0" encoding="UTF-8" ?>
<testsuite errors="0" failures="0" hostname="travis-job-8dce3c99-8fa5-4334-b007-8fc0f2891a79" name="ptolemy.domains.de.test.junit.JUnitTclTest" skipped="0" tests="101" time="128.071" timestamp="2018-09-13T02:08:02">
  <properties>
[...]
</properties>
  <testcase classname="ptolemy.util.test.junit.TclTests" name="[0] /home/travis/build/icyphy/ptII/ptolemy/domains/de/test/DependencyLoop.tcl (RunTclFile)" time="0.698" />
  <testcase classname="ptolemy.util.test.junit.TclTests" name="[1] /home/travis/build/icyphy/ptII/ptolemy/domains/de/test/RunDETestsAsQSS.tcl (RunTclFile)" time="88.057" />
  <testcase classname="ptolemy.util.test.junit.AutoKnownFailedTests" name="[0] /home/travis/build/icyphy/ptII/ptolemy/domains/de/test/auto/knownFailedTests/DESDFClockTest.xml (RunModel)" time="2.048" />
  <testcase classname="ptolemy.util.test.junit.AutoKnownFailedTests" name="[1] /home/travis/build/icyphy/ptII/ptolemy/domains/de/test/auto/knownFailedTests/DirectFeedback.xml (RunModel)" time="0.008" />
  <testcase classname="ptolemy.util.test.junit.AutoKnownFailedTests" name="[2] /home/travis/build/icyphy/ptII/ptolemy/domains/de/test/auto/knownFailedTests/FSMSource.xml (RunModel)" time="0.015" />
  <testcase classname="ptolemy.util.test.junit.AutoKnownFailedTests" name="[3] /home/travis/build/icyphy/ptII/ptolemy/domains/de/test/auto/knownFailedTests/HierarchicalModel.xml (RunModel)" time="0.029" />
  <testcase classname="ptolemy.util.test.junit.AutoKnownFailedTests" name="[4] /home/travis/build/icyphy/ptII/ptolemy/domains/de/test/auto/knownFailedTests/dependencyLoop.xml (RunModel)" time="0.034" />
  <testcase classname="ptolemy.util.test.junit.AutoKnownFailedTests" name="[5] /home/travis/build/icyphy/ptII/ptolemy/domains/de/test/auto/knownFailedTests/dependencyLoop2.xml (RunModel)" time="0.029" />
  <testcase classname="ptolemy.util.test.junit.AutoNameArchTests" name="[0] ThereAreNoAutoArchTests (RunModel)" time="0.001" />
  <testcase classname="ptolemy.util.test.junit.AutoTests" name="[0] /home/travis/build/icyphy/ptII/ptolemy/domains/de/test/auto/ActorDepthCalculation_actorWithoutPorts.xml (RunModel)" time="0.011" />
  <testcase classname="ptolemy.util.test.junit.AutoTests" name="[1] /home/travis/build/icyphy/ptII/ptolemy/domains/de/test/auto/AssemblyLine.xml (RunModel)" time="0.014" />
  <testcase classname="ptolemy.util.test.junit.AutoTests" name="[2] /home/travis/build/icyphy/ptII/ptolemy/domains/de/test/auto/CQBug1.xml (RunModel)" time="0.006" />
  <testcase classname="ptolemy.util.test.junit.AutoTests" name="[3] /home/travis/build/icyphy/ptII/ptolemy/domains/de/test/auto/CancelFireAt.xml (RunModel)" time="0.005" />
  <testcase classname="ptolemy.util.test.junit.AutoTests" name="[4] /home/travis/build/icyphy/ptII/ptolemy/domains/de/test/auto/CausalityAndComposabilityAnalysis.xml (RunModel)" time="0.012" />
  <testcase classname="ptolemy.util.test.junit.AutoTests" name="[5] /home/travis/build/icyphy/ptII/ptolemy/domains/de/test/auto/CausalityInterface1.xml (RunModel)" time="0.012" />
  <testcase classname="ptolemy.util.test.junit.AutoTests" name="[6] /home/travis/build/icyphy/ptII/ptolemy/domains/de/test/auto/CausalityInterface15.xml (RunModel)" time="0.016" />
  <testcase classname="ptolemy.util.test.junit.AutoTests" name="[7] /home/travis/build/icyphy/ptII/ptolemy/domains/de/test/auto/CausalityInterface2.xml (RunModel)" time="0.009" />
  <testcase classname="ptolemy.util.test.junit.AutoTests" name="[8] /home/travis/build/icyphy/ptII/ptolemy/domains/de/test/auto/CausalityInterface3.xml (RunModel)" time="0.01" />
  <testcase classname="ptolemy.util.test.junit.AutoTests" name="[9] /home/travis/build/icyphy/ptII/ptolemy/domains/de/test/auto/ClockDrift.xml (RunModel)" time="0.027" />
  <testcase classname="ptolemy.util.test.junit.AutoTests" name="[10] /home/travis/build/icyphy/ptII/ptolemy/domains/de/test/auto/ClockDriftAndValueChange.xml (RunModel)" time="0.026" />
  <testcase classname="ptolemy.util.test.junit.AutoTests" name="[11] /home/travis/build/icyphy/ptII/ptolemy/domains/de/test/auto/ClockDriftChange.xml (RunModel)" time="0.021" />
  <testcase classname="ptolemy.util.test.junit.AutoTests" name="[12] /home/travis/build/icyphy/ptII/ptolemy/domains/de/test/auto/ComposableCausalityAnalysis.xml (RunModel)" time="0.014" />
  <testcase classname="ptolemy.util.test.junit.AutoTests" name="[13] /home/travis/build/icyphy/ptII/ptolemy/domains/de/test/auto/DEFixedPointLimitation.xml (RunModel)" time="0.008" />
  <testcase classname="ptolemy.util.test.junit.AutoTests" name="[14] /home/travis/build/icyphy/ptII/ptolemy/domains/de/test/auto/DEScheduleTest.xml (RunModel)" time="0.01" />
  <testcase classname="ptolemy.util.test.junit.AutoTests" name="[15] /home/travis/build/icyphy/ptII/ptolemy/domains/de/test/auto/DEinDEwithStartTimes.xml (RunModel)" time="0.015" />
  <testcase classname="ptolemy.util.test.junit.AutoTests" name="[16] /home/travis/build/icyphy/ptII/ptolemy/domains/de/test/auto/DEinDEwithStartTimes2.xml (RunModel)" time="0.014" />
  <testcase classname="ptolemy.util.test.junit.AutoTests" name="[17] /home/travis/build/icyphy/ptII/ptolemy/domains/de/test/auto/DateDemo.xml (RunModel)" time="0.022" />
  <testcase classname="ptolemy.util.test.junit.AutoTests" name="[18] /home/travis/build/icyphy/ptII/ptolemy/domains/de/test/auto/DateToEvent.xml (RunModel)" time="2.032" />
  <testcase classname="ptolemy.util.test.junit.AutoTests" name="[19] /home/travis/build/icyphy/ptII/ptolemy/domains/de/test/auto/DepthTest1.xml (RunModel)" time="0.007" />
  <testcase classname="ptolemy.util.test.junit.AutoTests" name="[20] /home/travis/build/icyphy/ptII/ptolemy/domains/de/test/auto/DepthTest2.xml (RunModel)" time="0.016" />
  <testcase classname="ptolemy.util.test.junit.AutoTests" name="[21] /home/travis/build/icyphy/ptII/ptolemy/domains/de/test/auto/DepthTest3.xml (RunModel)" time="0.007" />
  <testcase classname="ptolemy.util.test.junit.AutoTests" name="[22] /home/travis/build/icyphy/ptII/ptolemy/domains/de/test/auto/DepthTest4.xml (RunModel)" time="0.012" />
  <testcase classname="ptolemy.util.test.junit.AutoTests" name="[23] /home/travis/build/icyphy/ptII/ptolemy/domains/de/test/auto/DepthTest5.xml (RunModel)" time="0.014" />
  <testcase classname="ptolemy.util.test.junit.AutoTests" name="[24] /home/travis/build/icyphy/ptII/ptolemy/domains/de/test/auto/DepthTest6.xml (RunModel)" time="0.012" />
  <testcase classname="ptolemy.util.test.junit.AutoTests" name="[25] /home/travis/build/icyphy/ptII/ptolemy/domains/de/test/auto/DepthTest7.xml (RunModel)" time="0.011" />
  <testcase classname="ptolemy.util.test.junit.AutoTests" name="[26] /home/travis/build/icyphy/ptII/ptolemy/domains/de/test/auto/EventToDate.xml (RunModel)" time="3.033" />
  <testcase classname="ptolemy.util.test.junit.AutoTests" name="[27] /home/travis/build/icyphy/ptII/ptolemy/domains/de/test/auto/FSM1.xml (RunModel)" time="0.029" />
  <testcase classname="ptolemy.util.test.junit.AutoTests" name="[28] /home/travis/build/icyphy/ptII/ptolemy/domains/de/test/auto/FSM7.xml (RunModel)" time="0.028" />
  <testcase classname="ptolemy.util.test.junit.AutoTests" name="[29] /home/travis/build/icyphy/ptII/ptolemy/domains/de/test/auto/Inspection.xml (RunModel)" time="0.035" />
  <testcase classname="ptolemy.util.test.junit.AutoTests" name="[30] /home/travis/build/icyphy/ptII/ptolemy/domains/de/test/auto/Iteration.xml (RunModel)" time="0.018" />
  <testcase classname="ptolemy.util.test.junit.AutoTests" name="[31] /home/travis/build/icyphy/ptII/ptolemy/domains/de/test/auto/LineFault.xml (RunModel)" time="0.56" />
  <testcase classname="ptolemy.util.test.junit.AutoTests" name="[32] /home/travis/build/icyphy/ptII/ptolemy/domains/de/test/auto/MergeModel1Add.xml (RunModel)" time="0.041" />
  <testcase classname="ptolemy.util.test.junit.AutoTests" name="[33] /home/travis/build/icyphy/ptII/ptolemy/domains/de/test/auto/MergeModel2Add.xml (RunModel)" time="0.034" />
  <testcase classname="ptolemy.util.test.junit.AutoTests" name="[34] /home/travis/build/icyphy/ptII/ptolemy/domains/de/test/auto/MergeModel3Add.xml (RunModel)" time="0.04" />
  <testcase classname="ptolemy.util.test.junit.AutoTests" name="[35] /home/travis/build/icyphy/ptII/ptolemy/domains/de/test/auto/MergeWithoutDiscard.xml (RunModel)" time="0.01" />
  <testcase classname="ptolemy.util.test.junit.AutoTests" name="[36] /home/travis/build/icyphy/ptII/ptolemy/domains/de/test/auto/Modal1.xml (RunModel)" time="0.032" />
  <testcase classname="ptolemy.util.test.junit.AutoTests" name="[37] /home/travis/build/icyphy/ptII/ptolemy/domains/de/test/auto/Modal2.xml (RunModel)" time="0.03" />
  <testcase classname="ptolemy.util.test.junit.AutoTests" name="[38] /home/travis/build/icyphy/ptII/ptolemy/domains/de/test/auto/Modal3.xml (RunModel)" time="0.03" />
  <testcase classname="ptolemy.util.test.junit.AutoTests" name="[39] /home/travis/build/icyphy/ptII/ptolemy/domains/de/test/auto/Modal4.xml (RunModel)" time="0.034" />
  <testcase classname="ptolemy.util.test.junit.AutoTests" name="[40] /home/travis/build/icyphy/ptII/ptolemy/domains/de/test/auto/Modal5.xml (RunModel)" time="0.032" />
  <testcase classname="ptolemy.util.test.junit.AutoTests" name="[41] /home/travis/build/icyphy/ptII/ptolemy/domains/de/test/auto/Modal6.xml (RunModel)" time="0.024" />
  <testcase classname="ptolemy.util.test.junit.AutoTests" name="[42] /home/travis/build/icyphy/ptII/ptolemy/domains/de/test/auto/Modal7.xml (RunModel)" time="0.027" />
  <testcase classname="ptolemy.util.test.junit.AutoTests" name="[43] /home/travis/build/icyphy/ptII/ptolemy/domains/de/test/auto/ModalModel.xml (RunModel)" time="0.155" />
  <testcase classname="ptolemy.util.test.junit.AutoTests" name="[44] /home/travis/build/icyphy/ptII/ptolemy/domains/de/test/auto/ModalSource.xml (RunModel)" time="0.02" />
  <testcase classname="ptolemy.util.test.junit.AutoTests" name="[45] /home/travis/build/icyphy/ptII/ptolemy/domains/de/test/auto/NonInterruptibleTimerZeroDelay.xml (RunModel)" time="0.01" />
  <testcase classname="ptolemy.util.test.junit.AutoTests" name="[46] /home/travis/build/icyphy/ptII/ptolemy/domains/de/test/auto/OpenQueueingNetwork.xml (RunModel)" time="2.207" />
  <testcase classname="ptolemy.util.test.junit.AutoTests" name="[47] /home/travis/build/icyphy/ptII/ptolemy/domains/de/test/auto/OpenQueuingNetwork.xml (RunModel)" time="0.246" />
  <testcase classname="ptolemy.util.test.junit.AutoTests" name="[48] /home/travis/build/icyphy/ptII/ptolemy/domains/de/test/auto/PeriodicSampler.xml (RunModel)" time="0.008" />
  <testcase classname="ptolemy.util.test.junit.AutoTests" name="[49] /home/travis/build/icyphy/ptII/ptolemy/domains/de/test/auto/PersistentIO.xml (RunModel)" time="0.029" />
  <testcase classname="ptolemy.util.test.junit.AutoTests" name="[50] /home/travis/build/icyphy/ptII/ptolemy/domains/de/test/auto/PortParameterResetOnInitialize.xml (RunModel)" time="0.01" />
  <testcase classname="ptolemy.util.test.junit.AutoTests" name="[51] /home/travis/build/icyphy/ptII/ptolemy/domains/de/test/auto/PortParameterUpdates.xml (RunModel)" time="0.017" />
  <testcase classname="ptolemy.util.test.junit.AutoTests" name="[52] /home/travis/build/icyphy/ptII/ptolemy/domains/de/test/auto/QueueAndServer.xml (RunModel)" time="0.019" />
  <testcase classname="ptolemy.util.test.junit.AutoTests" name="[53] /home/travis/build/icyphy/ptII/ptolemy/domains/de/test/auto/Records.xml (RunModel)" time="0.012" />
  <testcase classname="ptolemy.util.test.junit.AutoTests" name="[54] /home/travis/build/icyphy/ptII/ptolemy/domains/de/test/auto/ResetTransitionWithStartTime1.xml (RunModel)" time="0.017" />
  <testcase classname="ptolemy.util.test.junit.AutoTests" name="[55] /home/travis/build/icyphy/ptII/ptolemy/domains/de/test/auto/ResetTransitionWithStartTime2.xml (RunModel)" time="0.017" />
  <testcase classname="ptolemy.util.test.junit.AutoTests" name="[56] /home/travis/build/icyphy/ptII/ptolemy/domains/de/test/auto/ResetTransitionWithStartTime3.xml (RunModel)" time="0.017" />
  <testcase classname="ptolemy.util.test.junit.AutoTests" name="[57] /home/travis/build/icyphy/ptII/ptolemy/domains/de/test/auto/ResetTransitionWithStartTime4.xml (RunModel)" time="0.017" />
  <testcase classname="ptolemy.util.test.junit.AutoTests" name="[58] /home/travis/build/icyphy/ptII/ptolemy/domains/de/test/auto/ResettableTimer1.xml (RunModel)" time="0.01" />
  <testcase classname="ptolemy.util.test.junit.AutoTests" name="[59] /home/travis/build/icyphy/ptII/ptolemy/domains/de/test/auto/ResettableTimer2.xml (RunModel)" time="0.008" />
  <testcase classname="ptolemy.util.test.junit.AutoTests" name="[60] /home/travis/build/icyphy/ptII/ptolemy/domains/de/test/auto/ResettableTimer3.xml (RunModel)" time="0.009" />
  <testcase classname="ptolemy.util.test.junit.AutoTests" name="[61] /home/travis/build/icyphy/ptII/ptolemy/domains/de/test/auto/ResettableTimer4.xml (RunModel)" time="0.01" />
  <testcase classname="ptolemy.util.test.junit.AutoTests" name="[62] /home/travis/build/icyphy/ptII/ptolemy/domains/de/test/auto/ResettableTimer5.xml (RunModel)" time="0.01" />
  <testcase classname="ptolemy.util.test.junit.AutoTests" name="[63] /home/travis/build/icyphy/ptII/ptolemy/domains/de/test/auto/ResettableTimer6.xml (RunModel)" time="0.018" />
  <testcase classname="ptolemy.util.test.junit.AutoTests" name="[64] /home/travis/build/icyphy/ptII/ptolemy/domains/de/test/auto/ServerZeroDelay.xml (RunModel)" time="0.017" />
  <testcase classname="ptolemy.util.test.junit.AutoTests" name="[65] /home/travis/build/icyphy/ptII/ptolemy/domains/de/test/auto/SmartSender.xml (RunModel)" time="3.008" />
  <testcase classname="ptolemy.util.test.junit.AutoTests" name="[66] /home/travis/build/icyphy/ptII/ptolemy/domains/de/test/auto/ThreadedComposite.xml (RunModel)" time="0.132" />
  <testcase classname="ptolemy.util.test.junit.AutoTests" name="[67] /home/travis/build/icyphy/ptII/ptolemy/domains/de/test/auto/Time.xml (RunModel)" time="0.473" />
  <testcase classname="ptolemy.util.test.junit.AutoTests" name="[68] /home/travis/build/icyphy/ptII/ptolemy/domains/de/test/auto/TimeDelayZeroDelay.xml (RunModel)" time="0.011" />
  <testcase classname="ptolemy.util.test.junit.AutoTests" name="[69] /home/travis/build/icyphy/ptII/ptolemy/domains/de/test/auto/TimerZeroDelay.xml (RunModel)" time="0.009" />
  <testcase classname="ptolemy.util.test.junit.AutoTests" name="[70] /home/travis/build/icyphy/ptII/ptolemy/domains/de/test/auto/TimingParadox.xml (RunModel)" time="0.35" />
  <testcase classname="ptolemy.util.test.junit.AutoTests" name="[71] /home/travis/build/icyphy/ptII/ptolemy/domains/de/test/auto/TransferInputs.xml (RunModel)" time="0.009" />
  <testcase classname="ptolemy.util.test.junit.AutoTests" name="[72] /home/travis/build/icyphy/ptII/ptolemy/domains/de/test/auto/TransferOutputs2.xml (RunModel)" time="0.015" />
  <testcase classname="ptolemy.util.test.junit.AutoTests" name="[73] /home/travis/build/icyphy/ptII/ptolemy/domains/de/test/auto/Trilateration.xml (RunModel)" time="11.402" />
  <testcase classname="ptolemy.util.test.junit.AutoTests" name="[74] /home/travis/build/icyphy/ptII/ptolemy/domains/de/test/auto/TwoSigmaDelta.xml (RunModel)" time="1.956" />
  <testcase classname="ptolemy.util.test.junit.AutoTests" name="[75] /home/travis/build/icyphy/ptII/ptolemy/domains/de/test/auto/VariableDelay.xml (RunModel)" time="0.012" />
  <testcase classname="ptolemy.util.test.junit.AutoTests" name="[76] /home/travis/build/icyphy/ptII/ptolemy/domains/de/test/auto/VariableDelay2.xml (RunModel)" time="0.009" />
  <testcase classname="ptolemy.util.test.junit.AutoTests" name="[77] /home/travis/build/icyphy/ptII/ptolemy/domains/de/test/auto/VariableDelayZeroDelay.xml (RunModel)" time="0.011" />
  <testcase classname="ptolemy.util.test.junit.AutoTests" name="[78] /home/travis/build/icyphy/ptII/ptolemy/domains/de/test/auto/VariableDelayZeroDelay2.xml (RunModel)" time="0.009" />
  <testcase classname="ptolemy.util.test.junit.AutoTests" name="[79] /home/travis/build/icyphy/ptII/ptolemy/domains/de/test/auto/deInCt.xml (RunModel)" time="0.02" />
  <testcase classname="ptolemy.util.test.junit.AutoTests" name="[80] /home/travis/build/icyphy/ptII/ptolemy/domains/de/test/auto/deInCt2.xml (RunModel)" time="0.014" />
  <testcase classname="ptolemy.util.test.junit.AutoTests" name="[81] /home/travis/build/icyphy/ptII/ptolemy/domains/de/test/auto/dynamicCausalityInterface1.xml (RunModel)" time="0.018" />
  <testcase classname="ptolemy.util.test.junit.AutoTests" name="[82] /home/travis/build/icyphy/ptII/ptolemy/domains/de/test/auto/fsm_de_test.xml (RunModel)" time="0.026" />
  <testcase classname="ptolemy.util.test.junit.AutoTests" name="[83] /home/travis/build/icyphy/ptII/ptolemy/domains/de/test/auto/functionDependencyReconstruction.xml (RunModel)" time="0.03" />
  <testcase classname="ptolemy.util.test.junit.AutoTests" name="[84] /home/travis/build/icyphy/ptII/ptolemy/domains/de/test/auto/multirate.xml (RunModel)" time="0.014" />
  <testcase classname="ptolemy.util.test.junit.AutoTests" name="[85] /home/travis/build/icyphy/ptII/ptolemy/domains/de/test/auto/multirate2.xml (RunModel)" time="0.016" />
  <testcase classname="ptolemy.util.test.junit.AutoTests" name="[86] /home/travis/build/icyphy/ptII/ptolemy/domains/de/test/auto/realtime.xml (RunModel)" time="10.009" />
  <testcase classname="ptolemy.util.test.junit.AutoTests" name="[87] /home/travis/build/icyphy/ptII/ptolemy/domains/de/test/auto/relationGroup.xml (RunModel)" time="0.008" />
  <testcase classname="ptolemy.util.test.junit.AutoTests" name="[88] /home/travis/build/icyphy/ptII/ptolemy/domains/de/test/auto/relationGroup2.xml (RunModel)" time="0.007" />
  <testcase classname="ptolemy.util.test.junit.AutoTests" name="[89] /home/travis/build/icyphy/ptII/ptolemy/domains/de/test/auto/sortWithOpaquePorts.xml (RunModel)" time="0.009" />
  <testcase classname="ptolemy.util.test.junit.AutoTests" name="[90] /home/travis/build/icyphy/ptII/ptolemy/domains/de/test/auto/transferInputsandOutputs.xml (RunModel)" time="0.015" />
  <testcase classname="ptolemy.util.test.junit.AutoTests" name="[91] /home/travis/build/icyphy/ptII/ptolemy/domains/de/test/auto/triggerType.xml (RunModel)" time="0.008" />
  <system-out><![CDATA[/home/travis/build/icyphy/ptII/ptolemy/domains/de/test/DependencyLoop.tcl
testDefs.tcl: setting time out to 9000 seconds at Thu Sep 13 02:08:02 UTC 2018
14 ms. Memory: 116224K Free: 93432K (80%)
6 ms. Memory: 146944K Free: 135503K (92%)
/home/travis/build/icyphy/ptII/ptolemy/domains/de/test/RunDETestsAsQSS.tcl
Run the DE tests using ptolemy.domains.qss.test.QSSDirectorTest, which extends QSSDirector and prints a message in the constructors.
------------------ testing $PTII/ptolemy/domains/de/test/auto/knownFailedTests/dependencyLoop.xml (Known Failure) 
6 ms. Memory: 146944K Free: 132391K (90%)


==== $PTIIhome/travis/build/icyphy/ptII/ptolemy/domains/de/test/../../../../: Auto Automatic test in file $PTII/ptolemy/domains/de/test/auto/knownFailedTests/dependencyLoop.xml
==== Contents of test case:

	    # FIXME: we should use $relativeFilename here, but it
	    # might have backslashes under Windows, which causes no end
	    # of trouble.
	    createAndExecute $file
	    list {}
	
.... Test generated KNOWN error:
    while executing
ptolemy.kernel.util.IllegalActionException: Found a zero delay loop containing .dependencyLoop.original
  in .dependencyLoop and .dependencyLoop.original
	at ptolemy.actor.util.CausalityInterfaceForComposites._computeOutputPortDepth(CausalityInterfaceForComposites.java:759)
	at ptolemy.actor.util.CausalityInterfaceForComposites._computeInputDepth(CausalityInterfaceForComposites.java:696)
	at ptolemy.actor.util.CausalityInterfaceForComposites._computeOutputPortDepth(CausalityInterfaceForComposites.java:765)
	at ptolemy.actor.util.CausalityInterfaceForComposites._computeInputDepth(CausalityInterfaceForComposites.java:696)
	at ptolemy.actor.util.CausalityInterfaceForComposites._computeOutputPortDepth(CausalityInterfaceForComposites.java:765)
	at ptolemy.actor.util.CausalityInterfaceForComposites._computeInputDepth(CausalityInterfaceForComposites.java:696)
	at ptolemy.actor.util.CausalityInterfaceForComposites._computeActorDepth(CausalityInterfaceForComposites.java:532)
	at ptolemy.actor.util.CausalityInterfaceForComposites.checkForCycles(CausalityInterfaceForComposites.java:96)
	at ptolemy.domains.de.kernel.DEDirector.preinitialize(DEDirector.java:1338)
	at ptolemy.actor.CompositeActor.preinitialize(CompositeActor.java:1828)
	at ptolemy.actor.Manager.preinitializeAndResolveTypes(Manager.java:1040)
	at ptolemy.actor.Manager.initialize(Manager.java:710)
	at ptolemy.actor.Manager.execute(Manager.java:356)
	at ptolemy.actor.Manager.run(Manager.java:1263)
	at ptolemy.actor.Manager$PtolemyRunThread.run(Manager.java:1915)

    while executing
ptolemy.kernel.util.IllegalActionException: Found a zero delay loop containing .dependencyLoop.original
  in .dependencyLoop and .dependencyLoop.original
    while executing
"java::new ptolemy.moml.MoMLSimpleApplication $file
"
    (procedure "createAndExecute" line 2)
    invoked from within
"createAndExecute $file"
    ("uplevel" body line 5)
    invoked from within
"uplevel $contents_of_test"
------------------ testing $PTII/ptolemy/domains/de/test/auto/knownFailedTests/DESDFClockTest.xml (Known Failure) 
2052 ms. Memory: 146944K Free: 116595K (79%)


==== $PTIIhome/travis/build/icyphy/ptII/ptolemy/domains/de/test/../../../../: Auto Automatic test in file $PTII/ptolemy/domains/de/test/auto/knownFailedTests/DESDFClockTest.xml
==== Contents of test case:

	    # FIXME: we should use $relativeFilename here, but it
	    # might have backslashes under Windows, which causes no end
	    # of trouble.
	    createAndExecute $file
	    list {}
	
.... Test generated KNOWN error:
    while executing
ptolemy.kernel.util.IllegalActionException: Actor is not ready to fire.  Perhaps UpSample.prefire() returned false? Try debugging the actor by selecting "Listen to Actor".  Also, for SDF check moml for tokenConsumptionRate on input.
  in .DESDFClockTest.Play Bell.Copy1:SDF Director and .DESDFClockTest.Play Bell.UpSample
	at ptolemy.actor.sched.StaticSchedulingDirector.fire(StaticSchedulingDirector.java:227)
	at ptolemy.domains.sdf.kernel.SDFDirector.fire(SDFDirector.java:500)
	at ptolemy.actor.CompositeActor.fire(CompositeActor.java:455)
	at ptolemy.domains.de.kernel.DEDirector._fire(DEDirector.java:1949)
	at ptolemy.domains.de.kernel.DEDirector.fire(DEDirector.java:502)
	at ptolemy.actor.CompositeActor.fire(CompositeActor.java:455)
	at ptolemy.actor.Manager.iterate(Manager.java:851)
	at ptolemy.actor.Manager.execute(Manager.java:369)
	at ptolemy.actor.Manager.run(Manager.java:1263)
	at ptolemy.actor.Manager$PtolemyRunThread.run(Manager.java:1915)

    while executing
ptolemy.kernel.util.IllegalActionException: Actor is not ready to fire.  Perhaps UpSample.prefire() returned false? Try debugging the actor by selecting "Listen to Actor".  Also, for SDF check moml for tokenConsumptionRate on input.
  in .DESDFClockTest.Play Bell.Copy1:SDF Director and .DESDFClockTest.Play Bell.UpSample
    while executing
"java::new ptolemy.moml.MoMLSimpleApplication $file
"
    (procedure "createAndExecute" line 2)
    invoked from within
"createAndExecute $file"
    ("uplevel" body line 5)
    invoked from within
"uplevel $contents_of_test"
------------------ testing $PTII/ptolemy/domains/de/test/auto/knownFailedTests/FSMSource.xml (Known Failure) 
45 ms. Memory: 146944K Free: 107602K (73%)
!!!! Auto was marked as failing, but now passes
------------------ testing $PTII/ptolemy/domains/de/test/auto/knownFailedTests/dependencyLoop2.xml (Known Failure) 
13 ms. Memory: 146944K Free: 105727K (72%)


==== $PTIIhome/travis/build/icyphy/ptII/ptolemy/domains/de/test/../../../../: Auto Automatic test in file $PTII/ptolemy/domains/de/test/auto/knownFailedTests/dependencyLoop2.xml
==== Contents of test case:

	    # FIXME: we should use $relativeFilename here, but it
	    # might have backslashes under Windows, which causes no end
	    # of trouble.
	    createAndExecute $file
	    list {}
	
.... Test generated KNOWN error:
    while executing
ptolemy.kernel.util.IllegalActionException: Found a zero delay loop containing .dependencyLoop2.original
  in .dependencyLoop2 and .dependencyLoop2.original
	at ptolemy.actor.util.CausalityInterfaceForComposites._computeOutputPortDepth(CausalityInterfaceForComposites.java:759)
	at ptolemy.actor.util.CausalityInterfaceForComposites._computeInputDepth(CausalityInterfaceForComposites.java:696)
	at ptolemy.actor.util.CausalityInterfaceForComposites._computeOutputPortDepth(CausalityInterfaceForComposites.java:765)
	at ptolemy.actor.util.CausalityInterfaceForComposites._computeInputDepth(CausalityInterfaceForComposites.java:696)
	at ptolemy.actor.util.CausalityInterfaceForComposites._computeOutputPortDepth(CausalityInterfaceForComposites.java:765)
	at ptolemy.actor.util.CausalityInterfaceForComposites._computeInputDepth(CausalityInterfaceForComposites.java:696)
	at ptolemy.actor.util.CausalityInterfaceForComposites._computeActorDepth(CausalityInterfaceForComposites.java:532)
	at ptolemy.actor.util.CausalityInterfaceForComposites.checkForCycles(CausalityInterfaceForComposites.java:96)
	at ptolemy.domains.de.kernel.DEDirector.preinitialize(DEDirector.java:1338)
	at ptolemy.actor.CompositeActor.preinitialize(CompositeActor.java:1828)
	at ptolemy.actor.Manager.preinitializeAndResolveTypes(Manager.java:1040)
	at ptolemy.actor.Manager.initialize(Manager.java:710)
	at ptolemy.actor.Manager.execute(Manager.java:356)
	at ptolemy.actor.Manager.run(Manager.java:1263)
	at ptolemy.actor.Manager$PtolemyRunThread.run(Manager.java:1915)

    while executing
ptolemy.kernel.util.IllegalActionException: Found a zero delay loop containing .dependencyLoop2.original
  in .dependencyLoop2 and .dependencyLoop2.original
    while executing
"java::new ptolemy.moml.MoMLSimpleApplication $file
"
    (procedure "createAndExecute" line 2)
    invoked from within
"createAndExecute $file"
    ("uplevel" body line 5)
    invoked from within
"uplevel $contents_of_test"
------------------ testing $PTII/ptolemy/domains/de/test/auto/knownFailedTests/HierarchicalModel.xml (Known Failure) 
5 ms. Memory: 146944K Free: 84069K (57%)


==== $PTIIhome/travis/build/icyphy/ptII/ptolemy/domains/de/test/../../../../: Auto Automatic test in file $PTII/ptolemy/domains/de/test/auto/knownFailedTests/HierarchicalModel.xml
==== Contents of test case:

	    # FIXME: we should use $relativeFilename here, but it
	    # might have backslashes under Windows, which causes no end
	    # of trouble.
	    createAndExecute $file
	    list {}
	
.... Test generated KNOWN error:
    while executing
ptolemy.kernel.util.IllegalActionException: Found a zero delay loop containing .HierarchicalModel.A
  in .HierarchicalModel and .HierarchicalModel.A
	at ptolemy.actor.util.CausalityInterfaceForComposites._computeOutputPortDepth(CausalityInterfaceForComposites.java:759)
	at ptolemy.actor.util.CausalityInterfaceForComposites._computeInputDepth(CausalityInterfaceForComposites.java:696)
	at ptolemy.actor.util.CausalityInterfaceForComposites._computeOutputPortDepth(CausalityInterfaceForComposites.java:765)
	at ptolemy.actor.util.CausalityInterfaceForComposites._computeInputDepth(CausalityInterfaceForComposites.java:696)
	at ptolemy.actor.util.CausalityInterfaceForComposites._computeOutputPortDepth(CausalityInterfaceForComposites.java:765)
	at ptolemy.actor.util.CausalityInterfaceForComposites._computeInputDepth(CausalityInterfaceForComposites.java:696)
	at ptolemy.actor.util.CausalityInterfaceForComposites._computeActorDepth(CausalityInterfaceForComposites.java:532)
	at ptolemy.actor.util.CausalityInterfaceForComposites.checkForCycles(CausalityInterfaceForComposites.java:96)
	at ptolemy.domains.de.kernel.DEDirector.preinitialize(DEDirector.java:1338)
	at ptolemy.actor.CompositeActor.preinitialize(CompositeActor.java:1828)
	at ptolemy.actor.Manager.preinitializeAndResolveTypes(Manager.java:1040)
	at ptolemy.actor.Manager.initialize(Manager.java:710)
	at ptolemy.actor.Manager.execute(Manager.java:356)
	at ptolemy.actor.Manager.run(Manager.java:1263)
	at ptolemy.actor.Manager$PtolemyRunThread.run(Manager.java:1915)

    while executing
ptolemy.kernel.util.IllegalActionException: Found a zero delay loop containing .HierarchicalModel.A
  in .HierarchicalModel and .HierarchicalModel.A
    while executing
"java::new ptolemy.moml.MoMLSimpleApplication $file
"
    (procedure "createAndExecute" line 2)
    invoked from within
"createAndExecute $file"
    ("uplevel" body line 5)
    invoked from within
"uplevel $contents_of_test"
------------------ testing $PTII/ptolemy/domains/de/test/auto/knownFailedTests/DirectFeedback.xml (Known Failure) 
8 ms. Memory: 146944K Free: 141131K (96%)


==== $PTIIhome/travis/build/icyphy/ptII/ptolemy/domains/de/test/../../../../: Auto Automatic test in file $PTII/ptolemy/domains/de/test/auto/knownFailedTests/DirectFeedback.xml
==== Contents of test case:

	    # FIXME: we should use $relativeFilename here, but it
	    # might have backslashes under Windows, which causes no end
	    # of trouble.
	    createAndExecute $file
	    list {}
	
.... Test generated KNOWN error:
    while executing
ptolemy.kernel.util.IllegalActionException: Test fails in iteration 1.
Value was: 1.0. Should have been: 2.0
  in .DirectFeedback.Test
	at ptolemy.actor.lib.Test.fire(Test.java:268)
	at ptolemy.domains.de.kernel.DEDirector._fire(DEDirector.java:1949)
	at ptolemy.domains.de.kernel.DEDirector.fire(DEDirector.java:502)
	at ptolemy.actor.CompositeActor.fire(CompositeActor.java:455)
	at ptolemy.actor.Manager.iterate(Manager.java:851)
	at ptolemy.actor.Manager.execute(Manager.java:369)
	at ptolemy.actor.Manager.run(Manager.java:1263)
	at ptolemy.actor.Manager$PtolemyRunThread.run(Manager.java:1915)

    while executing
ptolemy.kernel.util.IllegalActionException: Test fails in iteration 1.
Value was: 1.0. Should have been: 2.0
  in .DirectFeedback.Test
    while executing
"java::new ptolemy.moml.MoMLSimpleApplication $file
"
    (procedure "createAndExecute" line 2)
    invoked from within
"createAndExecute $file"
    ("uplevel" body line 5)
    invoked from within
"uplevel $contents_of_test"
------------------ testing $PTII/ptolemy/domains/de/test/auto/ActorDepthCalculation_actorWithoutPorts.xml
auto.tcl: Setting watchdog for 200 seconds at Thu Sep 13 02:08:05 UTC 2018
15 ms. Memory: 146944K Free: 132442K (90%)
ptolemy.util.test.WatchDog.cancel(): canceling Thu Sep 13 02:08:05 UTC 2018
auto.tcl: Setting watchdog for 200 seconds at Thu Sep 13 02:08:05 UTC 2018
4 ms. Memory: 146944K Free: 131405K (89%)
ptolemy.util.test.WatchDog.cancel(): canceling Thu Sep 13 02:08:05 UTC 2018
------------------ testing $PTII/ptolemy/domains/de/test/auto/AssemblyLine.xml
auto.tcl: Setting watchdog for 200 seconds at Thu Sep 13 02:08:06 UTC 2018
12 ms. Memory: 208384K Free: 182835K (88%)
ptolemy.util.test.WatchDog.cancel(): canceling Thu Sep 13 02:08:06 UTC 2018
auto.tcl: Setting watchdog for 200 seconds at Thu Sep 13 02:08:06 UTC 2018
6 ms. Memory: 208384K Free: 182835K (88%)
ptolemy.util.test.WatchDog.cancel(): canceling Thu Sep 13 02:08:06 UTC 2018
------------------ testing $PTII/ptolemy/domains/de/test/auto/CQBug1.xml
auto.tcl: Setting watchdog for 200 seconds at Thu Sep 13 02:08:06 UTC 2018
12 ms. Memory: 208384K Free: 197705K (95%)
ptolemy.util.test.WatchDog.cancel(): canceling Thu Sep 13 02:08:06 UTC 2018
auto.tcl: Setting watchdog for 200 seconds at Thu Sep 13 02:08:06 UTC 2018
2 ms. Memory: 208384K Free: 197705K (95%)
ptolemy.util.test.WatchDog.cancel(): canceling Thu Sep 13 02:08:06 UTC 2018
------------------ testing $PTII/ptolemy/domains/de/test/auto/CancelFireAt.xml
auto.tcl: Setting watchdog for 200 seconds at Thu Sep 13 02:08:06 UTC 2018
10 ms. Memory: 208384K Free: 201424K (97%)
ptolemy.util.test.WatchDog.cancel(): canceling Thu Sep 13 02:08:06 UTC 2018
auto.tcl: Setting watchdog for 200 seconds at Thu Sep 13 02:08:06 UTC 2018
15 ms. Memory: 208384K Free: 198988K (95%)
ptolemy.util.test.WatchDog.cancel(): canceling Thu Sep 13 02:08:06 UTC 2018
------------------ testing $PTII/ptolemy/domains/de/test/auto/CausalityAndComposabilityAnalysis.xml
auto.tcl: Setting watchdog for 200 seconds at Thu Sep 13 02:08:06 UTC 2018
13 ms. Memory: 208384K Free: 196485K (94%)
ptolemy.util.test.WatchDog.cancel(): canceling Thu Sep 13 02:08:06 UTC 2018
auto.tcl: Setting watchdog for 200 seconds at Thu Sep 13 02:08:06 UTC 2018
6 ms. Memory: 208384K Free: 196485K (94%)
ptolemy.util.test.WatchDog.cancel(): canceling Thu Sep 13 02:08:06 UTC 2018
------------------ testing $PTII/ptolemy/domains/de/test/auto/CausalityInterface1.xml
auto.tcl: Setting watchdog for 200 seconds at Thu Sep 13 02:08:06 UTC 2018
19 ms. Memory: 208384K Free: 196422K (94%)
ptolemy.util.test.WatchDog.cancel(): canceling Thu Sep 13 02:08:06 UTC 2018
auto.tcl: Setting watchdog for 200 seconds at Thu Sep 13 02:08:06 UTC 2018
4 ms. Memory: 208384K Free: 196422K (94%)
ptolemy.util.test.WatchDog.cancel(): canceling Thu Sep 13 02:08:06 UTC 2018
------------------ testing $PTII/ptolemy/domains/de/test/auto/CausalityInterface15.xml
auto.tcl: Setting watchdog for 200 seconds at Thu Sep 13 02:08:06 UTC 2018
12 ms. Memory: 208384K Free: 196411K (94%)
ptolemy.util.test.WatchDog.cancel(): canceling Thu Sep 13 02:08:06 UTC 2018
auto.tcl: Setting watchdog for 200 seconds at Thu Sep 13 02:08:06 UTC 2018
6 ms. Memory: 208384K Free: 196411K (94%)
ptolemy.util.test.WatchDog.cancel(): canceling Thu Sep 13 02:08:06 UTC 2018
------------------ testing $PTII/ptolemy/domains/de/test/auto/CausalityInterface2.xml
auto.tcl: Setting watchdog for 200 seconds at Thu Sep 13 02:08:06 UTC 2018
7 ms. Memory: 208384K Free: 196394K (94%)
ptolemy.util.test.WatchDog.cancel(): canceling Thu Sep 13 02:08:06 UTC 2018
auto.tcl: Setting watchdog for 200 seconds at Thu Sep 13 02:08:06 UTC 2018
3 ms. Memory: 208384K Free: 196394K (94%)
ptolemy.util.test.WatchDog.cancel(): canceling Thu Sep 13 02:08:06 UTC 2018
------------------ testing $PTII/ptolemy/domains/de/test/auto/CausalityInterface3.xml
auto.tcl: Setting watchdog for 200 seconds at Thu Sep 13 02:08:06 UTC 2018
8 ms. Memory: 208384K Free: 196407K (94%)
ptolemy.util.test.WatchDog.cancel(): canceling Thu Sep 13 02:08:06 UTC 2018
auto.tcl: Setting watchdog for 200 seconds at Thu Sep 13 02:08:06 UTC 2018
7 ms. Memory: 208384K Free: 196407K (94%)
ptolemy.util.test.WatchDog.cancel(): canceling Thu Sep 13 02:08:06 UTC 2018
------------------ testing $PTII/ptolemy/domains/de/test/auto/ClockDrift.xml
auto.tcl: Setting watchdog for 200 seconds at Thu Sep 13 02:08:06 UTC 2018
88 ms. Memory: 208384K Free: 187645K (90%)
ptolemy.util.test.WatchDog.cancel(): canceling Thu Sep 13 02:08:07 UTC 2018
auto.tcl: Setting watchdog for 200 seconds at Thu Sep 13 02:08:07 UTC 2018
49 ms. Memory: 208384K Free: 185546K (89%)
ptolemy.util.test.WatchDog.cancel(): canceling Thu Sep 13 02:08:07 UTC 2018
------------------ testing $PTII/ptolemy/domains/de/test/auto/ClockDriftAndValueChange.xml
auto.tcl: Setting watchdog for 200 seconds at Thu Sep 13 02:08:07 UTC 2018
47 ms. Memory: 208384K Free: 187483K (90%)
ptolemy.util.test.WatchDog.cancel(): canceling Thu Sep 13 02:08:07 UTC 2018
auto.tcl: Setting watchdog for 200 seconds at Thu Sep 13 02:08:07 UTC 2018
34 ms. Memory: 208384K Free: 185384K (89%)
ptolemy.util.test.WatchDog.cancel(): canceling Thu Sep 13 02:08:07 UTC 2018
------------------ testing $PTII/ptolemy/domains/de/test/auto/ClockDriftChange.xml
auto.tcl: Setting watchdog for 200 seconds at Thu Sep 13 02:08:07 UTC 2018
23 ms. Memory: 208384K Free: 190806K (92%)
ptolemy.util.test.WatchDog.cancel(): canceling Thu Sep 13 02:08:07 UTC 2018
auto.tcl: Setting watchdog for 200 seconds at Thu Sep 13 02:08:07 UTC 2018
25 ms. Memory: 208384K Free: 188708K (91%)
ptolemy.util.test.WatchDog.cancel(): canceling Thu Sep 13 02:08:07 UTC 2018
------------------ testing $PTII/ptolemy/domains/de/test/auto/ComposableCausalityAnalysis.xml
auto.tcl: Setting watchdog for 200 seconds at Thu Sep 13 02:08:07 UTC 2018
5 ms. Memory: 208384K Free: 196270K (94%)
ptolemy.util.test.WatchDog.cancel(): canceling Thu Sep 13 02:08:07 UTC 2018
auto.tcl: Setting watchdog for 200 seconds at Thu Sep 13 02:08:07 UTC 2018
1 ms. Memory: 208384K Free: 194172K (93%)
ptolemy.util.test.WatchDog.cancel(): canceling Thu Sep 13 02:08:07 UTC 2018
------------------ testing $PTII/ptolemy/domains/de/test/auto/DEFixedPointLimitation.xml
auto.tcl: Setting watchdog for 200 seconds at Thu Sep 13 02:08:07 UTC 2018
2 ms. Memory: 208384K Free: 196148K (94%)
ptolemy.util.test.WatchDog.cancel(): canceling Thu Sep 13 02:08:07 UTC 2018
auto.tcl: Setting watchdog for 200 seconds at Thu Sep 13 02:08:07 UTC 2018
2 ms. Memory: 208384K Free: 196148K (94%)
ptolemy.util.test.WatchDog.cancel(): canceling Thu Sep 13 02:08:07 UTC 2018
------------------ testing $PTII/ptolemy/domains/de/test/auto/DEScheduleTest.xml
auto.tcl: Setting watchdog for 200 seconds at Thu Sep 13 02:08:07 UTC 2018
5 ms. Memory: 208384K Free: 198280K (95%)
ptolemy.util.test.WatchDog.cancel(): canceling Thu Sep 13 02:08:07 UTC 2018
auto.tcl: Setting watchdog for 200 seconds at Thu Sep 13 02:08:07 UTC 2018
3 ms. Memory: 208384K Free: 196182K (94%)
ptolemy.util.test.WatchDog.cancel(): canceling Thu Sep 13 02:08:07 UTC 2018
------------------ testing $PTII/ptolemy/domains/de/test/auto/DEinDEwithStartTimes.xml
auto.tcl: Setting watchdog for 200 seconds at Thu Sep 13 02:08:07 UTC 2018
8 ms. Memory: 208384K Free: 196152K (94%)
ptolemy.util.test.WatchDog.cancel(): canceling Thu Sep 13 02:08:07 UTC 2018
auto.tcl: Setting watchdog for 200 seconds at Thu Sep 13 02:08:07 UTC 2018
3 ms. Memory: 208384K Free: 194054K (93%)
ptolemy.util.test.WatchDog.cancel(): canceling Thu Sep 13 02:08:07 UTC 2018
------------------ testing $PTII/ptolemy/domains/de/test/auto/DEinDEwithStartTimes2.xml
auto.tcl: Setting watchdog for 200 seconds at Thu Sep 13 02:08:07 UTC 2018
6 ms. Memory: 208384K Free: 196131K (94%)
ptolemy.util.test.WatchDog.cancel(): canceling Thu Sep 13 02:08:07 UTC 2018
auto.tcl: Setting watchdog for 200 seconds at Thu Sep 13 02:08:07 UTC 2018
11 ms. Memory: 208384K Free: 194033K (93%)
ptolemy.util.test.WatchDog.cancel(): canceling Thu Sep 13 02:08:07 UTC 2018
------------------ testing $PTII/ptolemy/domains/de/test/auto/DateDemo.xml
auto.tcl: Setting watchdog for 200 seconds at Thu Sep 13 02:08:08 UTC 2018
13 ms. Memory: 208384K Free: 188574K (90%)
ptolemy.util.test.WatchDog.cancel(): canceling Thu Sep 13 02:08:08 UTC 2018
auto.tcl: Setting watchdog for 200 seconds at Thu Sep 13 02:08:08 UTC 2018
13 ms. Memory: 208384K Free: 186476K (89%)
ptolemy.util.test.WatchDog.cancel(): canceling Thu Sep 13 02:08:08 UTC 2018
------------------ testing $PTII/ptolemy/domains/de/test/auto/DateToEvent.xml
auto.tcl: Setting watchdog for 200 seconds at Thu Sep 13 02:08:08 UTC 2018
2017 ms. Memory: 208384K Free: 183302K (88%)
ptolemy.util.test.WatchDog.cancel(): canceling Thu Sep 13 02:08:10 UTC 2018
auto.tcl: Setting watchdog for 200 seconds at Thu Sep 13 02:08:10 UTC 2018
2004 ms. Memory: 208384K Free: 183302K (88%)
ptolemy.util.test.WatchDog.cancel(): canceling Thu Sep 13 02:08:12 UTC 2018
------------------ testing $PTII/ptolemy/domains/de/test/auto/DepthTest1.xml
auto.tcl: Setting watchdog for 200 seconds at Thu Sep 13 02:08:12 UTC 2018
2 ms. Memory: 208384K Free: 198146K (95%)
ptolemy.util.test.WatchDog.cancel(): canceling Thu Sep 13 02:08:12 UTC 2018
auto.tcl: Setting watchdog for 200 seconds at Thu Sep 13 02:08:12 UTC 2018
1 ms. Memory: 208384K Free: 198146K (95%)
ptolemy.util.test.WatchDog.cancel(): canceling Thu Sep 13 02:08:12 UTC 2018
------------------ testing $PTII/ptolemy/domains/de/test/auto/DepthTest2.xml
auto.tcl: Setting watchdog for 200 seconds at Thu Sep 13 02:08:12 UTC 2018
7 ms. Memory: 208384K Free: 194014K (93%)
ptolemy.util.test.WatchDog.cancel(): canceling Thu Sep 13 02:08:12 UTC 2018
auto.tcl: Setting watchdog for 200 seconds at Thu Sep 13 02:08:12 UTC 2018
6 ms. Memory: 208384K Free: 194014K (93%)
ptolemy.util.test.WatchDog.cancel(): canceling Thu Sep 13 02:08:12 UTC 2018
------------------ testing $PTII/ptolemy/domains/de/test/auto/DepthTest3.xml
auto.tcl: Setting watchdog for 200 seconds at Thu Sep 13 02:08:12 UTC 2018
4 ms. Memory: 208384K Free: 198482K (95%)
ptolemy.util.test.WatchDog.cancel(): canceling Thu Sep 13 02:08:12 UTC 2018
auto.tcl: Setting watchdog for 200 seconds at Thu Sep 13 02:08:12 UTC 2018
1 ms. Memory: 208384K Free: 198482K (95%)
ptolemy.util.test.WatchDog.cancel(): canceling Thu Sep 13 02:08:12 UTC 2018
------------------ testing $PTII/ptolemy/domains/de/test/auto/DepthTest4.xml
auto.tcl: Setting watchdog for 200 seconds at Thu Sep 13 02:08:12 UTC 2018
3 ms. Memory: 208384K Free: 196133K (94%)
ptolemy.util.test.WatchDog.cancel(): canceling Thu Sep 13 02:08:12 UTC 2018
auto.tcl: Setting watchdog for 200 seconds at Thu Sep 13 02:08:12 UTC 2018
3 ms. Memory: 208384K Free: 196133K (94%)
ptolemy.util.test.WatchDog.cancel(): canceling Thu Sep 13 02:08:12 UTC 2018
------------------ testing $PTII/ptolemy/domains/de/test/auto/DepthTest5.xml
auto.tcl: Setting watchdog for 200 seconds at Thu Sep 13 02:08:12 UTC 2018
4 ms. Memory: 208384K Free: 196081K (94%)
ptolemy.util.test.WatchDog.cancel(): canceling Thu Sep 13 02:08:12 UTC 2018
auto.tcl: Setting watchdog for 200 seconds at Thu Sep 13 02:08:12 UTC 2018
2 ms. Memory: 208384K Free: 196081K (94%)
ptolemy.util.test.WatchDog.cancel(): canceling Thu Sep 13 02:08:12 UTC 2018
------------------ testing $PTII/ptolemy/domains/de/test/auto/DepthTest6.xml
auto.tcl: Setting watchdog for 200 seconds at Thu Sep 13 02:08:12 UTC 2018
9 ms. Memory: 208384K Free: 196386K (94%)
ptolemy.util.test.WatchDog.cancel(): canceling Thu Sep 13 02:08:12 UTC 2018
auto.tcl: Setting watchdog for 200 seconds at Thu Sep 13 02:08:12 UTC 2018
3 ms. Memory: 208384K Free: 196386K (94%)
ptolemy.util.test.WatchDog.cancel(): canceling Thu Sep 13 02:08:12 UTC 2018
------------------ testing $PTII/ptolemy/domains/de/test/auto/DepthTest7.xml
auto.tcl: Setting watchdog for 200 seconds at Thu Sep 13 02:08:12 UTC 2018
3 ms. Memory: 208384K Free: 196038K (94%)
ptolemy.util.test.WatchDog.cancel(): canceling Thu Sep 13 02:08:12 UTC 2018
auto.tcl: Setting watchdog for 200 seconds at Thu Sep 13 02:08:12 UTC 2018
2 ms. Memory: 208384K Free: 196038K (94%)
ptolemy.util.test.WatchDog.cancel(): canceling Thu Sep 13 02:08:12 UTC 2018
------------------ testing $PTII/ptolemy/domains/de/test/auto/EventToDate.xml
auto.tcl: Setting watchdog for 200 seconds at Thu Sep 13 02:08:12 UTC 2018
3010 ms. Memory: 208384K Free: 183111K (88%)
ptolemy.util.test.WatchDog.cancel(): canceling Thu Sep 13 02:08:15 UTC 2018
auto.tcl: Setting watchdog for 200 seconds at Thu Sep 13 02:08:15 UTC 2018
3005 ms. Memory: 208384K Free: 183111K (88%)
ptolemy.util.test.WatchDog.cancel(): canceling Thu Sep 13 02:08:18 UTC 2018
------------------ testing $PTII/ptolemy/domains/de/test/auto/FSM1.xml
auto.tcl: Setting watchdog for 200 seconds at Thu Sep 13 02:08:18 UTC 2018
17 ms. Memory: 208384K Free: 189094K (91%)
ptolemy.util.test.WatchDog.cancel(): canceling Thu Sep 13 02:08:18 UTC 2018
auto.tcl: Setting watchdog for 200 seconds at Thu Sep 13 02:08:18 UTC 2018
15 ms. Memory: 208384K Free: 184897K (89%)
ptolemy.util.test.WatchDog.cancel(): canceling Thu Sep 13 02:08:19 UTC 2018
------------------ testing $PTII/ptolemy/domains/de/test/auto/FSM7.xml
auto.tcl: Setting watchdog for 200 seconds at Thu Sep 13 02:08:19 UTC 2018
24 ms. Memory: 208384K Free: 187199K (90%)
ptolemy.util.test.WatchDog.cancel(): canceling Thu Sep 13 02:08:19 UTC 2018
auto.tcl: Setting watchdog for 200 seconds at Thu Sep 13 02:08:19 UTC 2018
20 ms. Memory: 208384K Free: 185101K (89%)
ptolemy.util.test.WatchDog.cancel(): canceling Thu Sep 13 02:08:19 UTC 2018
------------------ testing $PTII/ptolemy/domains/de/test/auto/Inspection.xml
auto.tcl: Setting watchdog for 200 seconds at Thu Sep 13 02:08:19 UTC 2018
26 ms. Memory: 208384K Free: 188750K (91%)
ptolemy.util.test.WatchDog.cancel(): canceling Thu Sep 13 02:08:19 UTC 2018
auto.tcl: Setting watchdog for 200 seconds at Thu Sep 13 02:08:19 UTC 2018
31 ms. Memory: 208384K Free: 186652K (90%)
ptolemy.util.test.WatchDog.cancel(): canceling Thu Sep 13 02:08:19 UTC 2018
------------------ testing $PTII/ptolemy/domains/de/test/auto/Iteration.xml
auto.tcl: Setting watchdog for 200 seconds at Thu Sep 13 02:08:19 UTC 2018
8 ms. Memory: 208384K Free: 195845K (94%)
ptolemy.util.test.WatchDog.cancel(): canceling Thu Sep 13 02:08:19 UTC 2018
auto.tcl: Setting watchdog for 200 seconds at Thu Sep 13 02:08:19 UTC 2018
8 ms. Memory: 208384K Free: 193746K (93%)
ptolemy.util.test.WatchDog.cancel(): canceling Thu Sep 13 02:08:19 UTC 2018
------------------ testing $PTII/ptolemy/domains/de/test/auto/LineFault.xml
auto.tcl: Setting watchdog for 200 seconds at Thu Sep 13 02:08:19 UTC 2018
755 ms. Memory: 208384K Free: 196048K (94%)
ptolemy.util.test.WatchDog.cancel(): canceling Thu Sep 13 02:08:20 UTC 2018
auto.tcl: Setting watchdog for 200 seconds at Thu Sep 13 02:08:20 UTC 2018
577 ms. Memory: 208384K Free: 138767K (67%)
ptolemy.util.test.WatchDog.cancel(): canceling Thu Sep 13 02:08:21 UTC 2018
------------------ testing $PTII/ptolemy/domains/de/test/auto/MergeModel1Add.xml
auto.tcl: Setting watchdog for 200 seconds at Thu Sep 13 02:08:21 UTC 2018
26 ms. Memory: 331264K Free: 298655K (90%)
ptolemy.util.test.WatchDog.cancel(): canceling Thu Sep 13 02:08:21 UTC 2018
auto.tcl: Setting watchdog for 200 seconds at Thu Sep 13 02:08:21 UTC 2018
13 ms. Memory: 331264K Free: 298655K (90%)
ptolemy.util.test.WatchDog.cancel(): canceling Thu Sep 13 02:08:21 UTC 2018
------------------ testing $PTII/ptolemy/domains/de/test/auto/MergeModel2Add.xml
auto.tcl: Setting watchdog for 200 seconds at Thu Sep 13 02:08:21 UTC 2018
7 ms. Memory: 331264K Free: 303940K (92%)
ptolemy.util.test.WatchDog.cancel(): canceling Thu Sep 13 02:08:21 UTC 2018
auto.tcl: Setting watchdog for 200 seconds at Thu Sep 13 02:08:21 UTC 2018
6 ms. Memory: 331264K Free: 299993K (91%)
ptolemy.util.test.WatchDog.cancel(): canceling Thu Sep 13 02:08:21 UTC 2018
------------------ testing $PTII/ptolemy/domains/de/test/auto/MergeModel3Add.xml
auto.tcl: Setting watchdog for 200 seconds at Thu Sep 13 02:08:21 UTC 2018
10 ms. Memory: 331264K Free: 303951K (92%)
ptolemy.util.test.WatchDog.cancel(): canceling Thu Sep 13 02:08:21 UTC 2018
auto.tcl: Setting watchdog for 200 seconds at Thu Sep 13 02:08:21 UTC 2018
8 ms. Memory: 331264K Free: 300003K (91%)
ptolemy.util.test.WatchDog.cancel(): canceling Thu Sep 13 02:08:21 UTC 2018
------------------ testing $PTII/ptolemy/domains/de/test/auto/MergeWithoutDiscard.xml
auto.tcl: Setting watchdog for 200 seconds at Thu Sep 13 02:08:21 UTC 2018
6 ms. Memory: 331264K Free: 320022K (97%)
ptolemy.util.test.WatchDog.cancel(): canceling Thu Sep 13 02:08:21 UTC 2018
auto.tcl: Setting watchdog for 200 seconds at Thu Sep 13 02:08:21 UTC 2018
1 ms. Memory: 331264K Free: 316074K (95%)
ptolemy.util.test.WatchDog.cancel(): canceling Thu Sep 13 02:08:21 UTC 2018
------------------ testing $PTII/ptolemy/domains/de/test/auto/Modal1.xml
auto.tcl: Setting watchdog for 200 seconds at Thu Sep 13 02:08:21 UTC 2018
18 ms. Memory: 331264K Free: 309682K (93%)
ptolemy.util.test.WatchDog.cancel(): canceling Thu Sep 13 02:08:21 UTC 2018
auto.tcl: Setting watchdog for 200 seconds at Thu Sep 13 02:08:21 UTC 2018
13 ms. Memory: 331264K Free: 305735K (92%)
ptolemy.util.test.WatchDog.cancel(): canceling Thu Sep 13 02:08:21 UTC 2018
------------------ testing $PTII/ptolemy/domains/de/test/auto/Modal2.xml
auto.tcl: Setting watchdog for 200 seconds at Thu Sep 13 02:08:21 UTC 2018
11 ms. Memory: 331264K Free: 309564K (93%)
ptolemy.util.test.WatchDog.cancel(): canceling Thu Sep 13 02:08:21 UTC 2018
auto.tcl: Setting watchdog for 200 seconds at Thu Sep 13 02:08:21 UTC 2018
19 ms. Memory: 331264K Free: 305617K (92%)
ptolemy.util.test.WatchDog.cancel(): canceling Thu Sep 13 02:08:21 UTC 2018
------------------ testing $PTII/ptolemy/domains/de/test/auto/Modal3.xml
auto.tcl: Setting watchdog for 200 seconds at Thu Sep 13 02:08:21 UTC 2018
16 ms. Memory: 331264K Free: 304639K (92%)
ptolemy.util.test.WatchDog.cancel(): canceling Thu Sep 13 02:08:21 UTC 2018
auto.tcl: Setting watchdog for 200 seconds at Thu Sep 13 02:08:21 UTC 2018
15 ms. Memory: 331264K Free: 300692K (91%)
ptolemy.util.test.WatchDog.cancel(): canceling Thu Sep 13 02:08:21 UTC 2018
------------------ testing $PTII/ptolemy/domains/de/test/auto/Modal4.xml
auto.tcl: Setting watchdog for 200 seconds at Thu Sep 13 02:08:21 UTC 2018
30 ms. Memory: 331264K Free: 309568K (93%)
ptolemy.util.test.WatchDog.cancel(): canceling Thu Sep 13 02:08:22 UTC 2018
auto.tcl: Setting watchdog for 200 seconds at Thu Sep 13 02:08:22 UTC 2018
18 ms. Memory: 331264K Free: 305621K (92%)
ptolemy.util.test.WatchDog.cancel(): canceling Thu Sep 13 02:08:22 UTC 2018
------------------ testing $PTII/ptolemy/domains/de/test/auto/Modal5.xml
auto.tcl: Setting watchdog for 200 seconds at Thu Sep 13 02:08:22 UTC 2018
19 ms. Memory: 331264K Free: 309555K (93%)
ptolemy.util.test.WatchDog.cancel(): canceling Thu Sep 13 02:08:22 UTC 2018
auto.tcl: Setting watchdog for 200 seconds at Thu Sep 13 02:08:22 UTC 2018
15 ms. Memory: 331264K Free: 305608K (92%)
ptolemy.util.test.WatchDog.cancel(): canceling Thu Sep 13 02:08:22 UTC 2018
------------------ testing $PTII/ptolemy/domains/de/test/auto/Modal6.xml
auto.tcl: Setting watchdog for 200 seconds at Thu Sep 13 02:08:22 UTC 2018
19 ms. Memory: 331264K Free: 309552K (93%)
ptolemy.util.test.WatchDog.cancel(): canceling Thu Sep 13 02:08:22 UTC 2018
auto.tcl: Setting watchdog for 200 seconds at Thu Sep 13 02:08:22 UTC 2018
18 ms. Memory: 331264K Free: 305605K (92%)
ptolemy.util.test.WatchDog.cancel(): canceling Thu Sep 13 02:08:22 UTC 2018
------------------ testing $PTII/ptolemy/domains/de/test/auto/Modal7.xml
auto.tcl: Setting watchdog for 200 seconds at Thu Sep 13 02:08:22 UTC 2018
16 ms. Memory: 331264K Free: 309552K (93%)
ptolemy.util.test.WatchDog.cancel(): canceling Thu Sep 13 02:08:22 UTC 2018
auto.tcl: Setting watchdog for 200 seconds at Thu Sep 13 02:08:22 UTC 2018
12 ms. Memory: 331264K Free: 305605K (92%)
ptolemy.util.test.WatchDog.cancel(): canceling Thu Sep 13 02:08:22 UTC 2018
------------------ testing $PTII/ptolemy/domains/de/test/auto/ModalModel.xml
auto.tcl: Setting watchdog for 200 seconds at Thu Sep 13 02:08:22 UTC 2018
190 ms. Memory: 331264K Free: 246069K (74%)
ptolemy.util.test.WatchDog.cancel(): canceling Thu Sep 13 02:08:22 UTC 2018
auto.tcl: Setting watchdog for 200 seconds at Thu Sep 13 02:08:22 UTC 2018
189 ms. Memory: 331264K Free: 190705K (58%)
ptolemy.util.test.WatchDog.cancel(): canceling Thu Sep 13 02:08:22 UTC 2018
------------------ testing $PTII/ptolemy/domains/de/test/auto/ModalSource.xml
auto.tcl: Setting watchdog for 200 seconds at Thu Sep 13 02:08:22 UTC 2018
10 ms. Memory: 331264K Free: 316320K (95%)
ptolemy.util.test.WatchDog.cancel(): canceling Thu Sep 13 02:08:22 UTC 2018
auto.tcl: Setting watchdog for 200 seconds at Thu Sep 13 02:08:22 UTC 2018
5 ms. Memory: 331264K Free: 312789K (94%)
ptolemy.util.test.WatchDog.cancel(): canceling Thu Sep 13 02:08:22 UTC 2018
------------------ testing $PTII/ptolemy/domains/de/test/auto/NonInterruptibleTimerZeroDelay.xml
auto.tcl: Setting watchdog for 200 seconds at Thu Sep 13 02:08:23 UTC 2018
3 ms. Memory: 331264K Free: 320690K (97%)
ptolemy.util.test.WatchDog.cancel(): canceling Thu Sep 13 02:08:23 UTC 2018
auto.tcl: Setting watchdog for 200 seconds at Thu Sep 13 02:08:23 UTC 2018
2 ms. Memory: 331264K Free: 317158K (96%)
ptolemy.util.test.WatchDog.cancel(): canceling Thu Sep 13 02:08:23 UTC 2018
------------------ testing $PTII/ptolemy/domains/de/test/auto/OpenQueueingNetwork.xml
auto.tcl: Setting watchdog for 200 seconds at Thu Sep 13 02:08:23 UTC 2018
2848 ms. Memory: 573952K Free: 359813K (63%)
ptolemy.util.test.WatchDog.cancel(): canceling Thu Sep 13 02:08:26 UTC 2018
auto.tcl: Setting watchdog for 200 seconds at Thu Sep 13 02:08:26 UTC 2018
2686 ms. Memory: 550912K Free: 220917K (40%)
ptolemy.util.test.WatchDog.cancel(): canceling Thu Sep 13 02:08:28 UTC 2018
------------------ testing $PTII/ptolemy/domains/de/test/auto/OpenQueuingNetwork.xml
auto.tcl: Setting watchdog for 200 seconds at Thu Sep 13 02:08:28 UTC 2018
250 ms. Memory: 549888K Free: 445513K (81%)
ptolemy.util.test.WatchDog.cancel(): canceling Thu Sep 13 02:08:29 UTC 2018
auto.tcl: Setting watchdog for 200 seconds at Thu Sep 13 02:08:29 UTC 2018
243 ms. Memory: 549888K Free: 386920K (70%)
ptolemy.util.test.WatchDog.cancel(): canceling Thu Sep 13 02:08:29 UTC 2018
------------------ testing $PTII/ptolemy/domains/de/test/auto/PeriodicSampler.xml
auto.tcl: Setting watchdog for 200 seconds at Thu Sep 13 02:08:29 UTC 2018
1 ms. Memory: 551936K Free: 530859K (96%)
ptolemy.util.test.WatchDog.cancel(): canceling Thu Sep 13 02:08:29 UTC 2018
auto.tcl: Setting watchdog for 200 seconds at Thu Sep 13 02:08:29 UTC 2018
1 ms. Memory: 551936K Free: 530859K (96%)
ptolemy.util.test.WatchDog.cancel(): canceling Thu Sep 13 02:08:29 UTC 2018
------------------ testing $PTII/ptolemy/domains/de/test/auto/PersistentIO.xml
auto.tcl: Setting watchdog for 200 seconds at Thu Sep 13 02:08:29 UTC 2018
11 ms. Memory: 549376K Free: 522380K (95%)
ptolemy.util.test.WatchDog.cancel(): canceling Thu Sep 13 02:08:29 UTC 2018
auto.tcl: Setting watchdog for 200 seconds at Thu Sep 13 02:08:29 UTC 2018
4 ms. Memory: 549376K Free: 522380K (95%)
ptolemy.util.test.WatchDog.cancel(): canceling Thu Sep 13 02:08:29 UTC 2018
------------------ testing $PTII/ptolemy/domains/de/test/auto/PortParameterResetOnInitialize.xml
auto.tcl: Setting watchdog for 200 seconds at Thu Sep 13 02:08:29 UTC 2018
3 ms. Memory: 551424K Free: 530578K (96%)
ptolemy.util.test.WatchDog.cancel(): canceling Thu Sep 13 02:08:29 UTC 2018
auto.tcl: Setting watchdog for 200 seconds at Thu Sep 13 02:08:29 UTC 2018
2 ms. Memory: 551424K Free: 530578K (96%)
ptolemy.util.test.WatchDog.cancel(): canceling Thu Sep 13 02:08:29 UTC 2018
------------------ testing $PTII/ptolemy/domains/de/test/auto/PortParameterUpdates.xml
auto.tcl: Setting watchdog for 200 seconds at Thu Sep 13 02:08:29 UTC 2018
3 ms. Memory: 549376K Free: 528663K (96%)
ptolemy.util.test.WatchDog.cancel(): canceling Thu Sep 13 02:08:29 UTC 2018
auto.tcl: Setting watchdog for 200 seconds at Thu Sep 13 02:08:29 UTC 2018
4 ms. Memory: 549376K Free: 522137K (95%)
ptolemy.util.test.WatchDog.cancel(): canceling Thu Sep 13 02:08:29 UTC 2018
------------------ testing $PTII/ptolemy/domains/de/test/auto/QueueAndServer.xml
auto.tcl: Setting watchdog for 200 seconds at Thu Sep 13 02:08:29 UTC 2018
7 ms. Memory: 551424K Free: 535354K (97%)
ptolemy.util.test.WatchDog.cancel(): canceling Thu Sep 13 02:08:29 UTC 2018
auto.tcl: Setting watchdog for 200 seconds at Thu Sep 13 02:08:29 UTC 2018
6 ms. Memory: 551424K Free: 528828K (96%)
ptolemy.util.test.WatchDog.cancel(): canceling Thu Sep 13 02:08:29 UTC 2018
------------------ testing $PTII/ptolemy/domains/de/test/auto/Records.xml
auto.tcl: Setting watchdog for 200 seconds at Thu Sep 13 02:08:29 UTC 2018
11 ms. Memory: 549376K Free: 533249K (97%)
ptolemy.util.test.WatchDog.cancel(): canceling Thu Sep 13 02:08:29 UTC 2018
auto.tcl: Setting watchdog for 200 seconds at Thu Sep 13 02:08:29 UTC 2018
2 ms. Memory: 549376K Free: 533249K (97%)
ptolemy.util.test.WatchDog.cancel(): canceling Thu Sep 13 02:08:29 UTC 2018
------------------ testing $PTII/ptolemy/domains/de/test/auto/ResetTransitionWithStartTime1.xml
auto.tcl: Setting watchdog for 200 seconds at Thu Sep 13 02:08:29 UTC 2018
13 ms. Memory: 551424K Free: 529025K (96%)
ptolemy.util.test.WatchDog.cancel(): canceling Thu Sep 13 02:08:30 UTC 2018
auto.tcl: Setting watchdog for 200 seconds at Thu Sep 13 02:08:30 UTC 2018
5 ms. Memory: 551424K Free: 528795K (96%)
ptolemy.util.test.WatchDog.cancel(): canceling Thu Sep 13 02:08:30 UTC 2018
------------------ testing $PTII/ptolemy/domains/de/test/auto/ResetTransitionWithStartTime2.xml
auto.tcl: Setting watchdog for 200 seconds at Thu Sep 13 02:08:30 UTC 2018
5 ms. Memory: 549376K Free: 526739K (96%)
ptolemy.util.test.WatchDog.cancel(): canceling Thu Sep 13 02:08:30 UTC 2018
auto.tcl: Setting watchdog for 200 seconds at Thu Sep 13 02:08:30 UTC 2018
5 ms. Memory: 549376K Free: 526739K (96%)
ptolemy.util.test.WatchDog.cancel(): canceling Thu Sep 13 02:08:30 UTC 2018
------------------ testing $PTII/ptolemy/domains/de/test/auto/ResetTransitionWithStartTime3.xml
auto.tcl: Setting watchdog for 200 seconds at Thu Sep 13 02:08:30 UTC 2018
5 ms. Memory: 550912K Free: 528273K (96%)
ptolemy.util.test.WatchDog.cancel(): canceling Thu Sep 13 02:08:30 UTC 2018
auto.tcl: Setting watchdog for 200 seconds at Thu Sep 13 02:08:30 UTC 2018
5 ms. Memory: 550912K Free: 528273K (96%)
ptolemy.util.test.WatchDog.cancel(): canceling Thu Sep 13 02:08:30 UTC 2018
------------------ testing $PTII/ptolemy/domains/de/test/auto/ResetTransitionWithStartTime4.xml
auto.tcl: Setting watchdog for 200 seconds at Thu Sep 13 02:08:30 UTC 2018
4 ms. Memory: 549376K Free: 526736K (96%)
ptolemy.util.test.WatchDog.cancel(): canceling Thu Sep 13 02:08:30 UTC 2018
auto.tcl: Setting watchdog for 200 seconds at Thu Sep 13 02:08:30 UTC 2018
4 ms. Memory: 549376K Free: 526736K (96%)
ptolemy.util.test.WatchDog.cancel(): canceling Thu Sep 13 02:08:30 UTC 2018
------------------ testing $PTII/ptolemy/domains/de/test/auto/ResettableTimer1.xml
auto.tcl: Setting watchdog for 200 seconds at Thu Sep 13 02:08:30 UTC 2018
3 ms. Memory: 550912K Free: 534794K (97%)
ptolemy.util.test.WatchDog.cancel(): canceling Thu Sep 13 02:08:30 UTC 2018
auto.tcl: Setting watchdog for 200 seconds at Thu Sep 13 02:08:30 UTC 2018
2 ms. Memory: 550912K Free: 534794K (97%)
ptolemy.util.test.WatchDog.cancel(): canceling Thu Sep 13 02:08:30 UTC 2018
------------------ testing $PTII/ptolemy/domains/de/test/auto/ResettableTimer2.xml
auto.tcl: Setting watchdog for 200 seconds at Thu Sep 13 02:08:30 UTC 2018
2 ms. Memory: 549376K Free: 533546K (97%)
ptolemy.util.test.WatchDog.cancel(): canceling Thu Sep 13 02:08:30 UTC 2018
auto.tcl: Setting watchdog for 200 seconds at Thu Sep 13 02:08:30 UTC 2018
2 ms. Memory: 549376K Free: 533546K (97%)
ptolemy.util.test.WatchDog.cancel(): canceling Thu Sep 13 02:08:30 UTC 2018
------------------ testing $PTII/ptolemy/domains/de/test/auto/ResettableTimer3.xml
auto.tcl: Setting watchdog for 200 seconds at Thu Sep 13 02:08:30 UTC 2018
1 ms. Memory: 550912K Free: 534852K (97%)
ptolemy.util.test.WatchDog.cancel(): canceling Thu Sep 13 02:08:30 UTC 2018
auto.tcl: Setting watchdog for 200 seconds at Thu Sep 13 02:08:30 UTC 2018
1 ms. Memory: 550912K Free: 534852K (97%)
ptolemy.util.test.WatchDog.cancel(): canceling Thu Sep 13 02:08:30 UTC 2018
------------------ testing $PTII/ptolemy/domains/de/test/auto/ResettableTimer4.xml
auto.tcl: Setting watchdog for 200 seconds at Thu Sep 13 02:08:30 UTC 2018
1 ms. Memory: 549376K Free: 533558K (97%)
ptolemy.util.test.WatchDog.cancel(): canceling Thu Sep 13 02:08:30 UTC 2018
auto.tcl: Setting watchdog for 200 seconds at Thu Sep 13 02:08:30 UTC 2018
1 ms. Memory: 549376K Free: 533558K (97%)
ptolemy.util.test.WatchDog.cancel(): canceling Thu Sep 13 02:08:30 UTC 2018
------------------ testing $PTII/ptolemy/domains/de/test/auto/ResettableTimer5.xml
auto.tcl: Setting watchdog for 200 seconds at Thu Sep 13 02:08:30 UTC 2018
1 ms. Memory: 550400K Free: 529901K (96%)
ptolemy.util.test.WatchDog.cancel(): canceling Thu Sep 13 02:08:30 UTC 2018
auto.tcl: Setting watchdog for 200 seconds at Thu Sep 13 02:08:30 UTC 2018
1 ms. Memory: 550400K Free: 529901K (96%)
ptolemy.util.test.WatchDog.cancel(): canceling Thu Sep 13 02:08:30 UTC 2018
------------------ testing $PTII/ptolemy/domains/de/test/auto/ResettableTimer6.xml
auto.tcl: Setting watchdog for 200 seconds at Thu Sep 13 02:08:30 UTC 2018
2 ms. Memory: 549376K Free: 528596K (96%)
ptolemy.util.test.WatchDog.cancel(): canceling Thu Sep 13 02:08:30 UTC 2018
auto.tcl: Setting watchdog for 200 seconds at Thu Sep 13 02:08:30 UTC 2018
2 ms. Memory: 549376K Free: 528596K (96%)
ptolemy.util.test.WatchDog.cancel(): canceling Thu Sep 13 02:08:30 UTC 2018
------------------ testing $PTII/ptolemy/domains/de/test/auto/ServerZeroDelay.xml
auto.tcl: Setting watchdog for 200 seconds at Thu Sep 13 02:08:30 UTC 2018
3 ms. Memory: 550400K Free: 534520K (97%)
ptolemy.util.test.WatchDog.cancel(): canceling Thu Sep 13 02:08:30 UTC 2018
auto.tcl: Setting watchdog for 200 seconds at Thu Sep 13 02:08:30 UTC 2018
2 ms. Memory: 550400K Free: 534520K (97%)
ptolemy.util.test.WatchDog.cancel(): canceling Thu Sep 13 02:08:30 UTC 2018
------------------ testing $PTII/ptolemy/domains/de/test/auto/SmartSender.xml
auto.tcl: Setting watchdog for 200 seconds at Thu Sep 13 02:08:30 UTC 2018
3002 ms. Memory: 549376K Free: 528812K (96%)
ptolemy.util.test.WatchDog.cancel(): canceling Thu Sep 13 02:08:33 UTC 2018
auto.tcl: Setting watchdog for 200 seconds at Thu Sep 13 02:08:33 UTC 2018
3001 ms. Memory: 549376K Free: 528812K (96%)
ptolemy.util.test.WatchDog.cancel(): canceling Thu Sep 13 02:08:36 UTC 2018
------------------ testing $PTII/ptolemy/domains/de/test/auto/ThreadedComposite.xml
auto.tcl: Setting watchdog for 200 seconds at Thu Sep 13 02:08:36 UTC 2018
231 ms. Memory: 550400K Free: 513733K (93%)
ptolemy.util.test.WatchDog.cancel(): canceling Thu Sep 13 02:08:37 UTC 2018
auto.tcl: Setting watchdog for 200 seconds at Thu Sep 13 02:08:37 UTC 2018
168 ms. Memory: 550400K Free: 488496K (89%)
ptolemy.util.test.WatchDog.cancel(): canceling Thu Sep 13 02:08:37 UTC 2018
------------------ testing $PTII/ptolemy/domains/de/test/auto/Time.xml
auto.tcl: Setting watchdog for 200 seconds at Thu Sep 13 02:08:37 UTC 2018
558 ms. Memory: 549376K Free: 476828K (87%)
ptolemy.util.test.WatchDog.cancel(): canceling Thu Sep 13 02:08:37 UTC 2018
auto.tcl: Setting watchdog for 200 seconds at Thu Sep 13 02:08:37 UTC 2018
541 ms. Memory: 549376K Free: 418235K (76%)
ptolemy.util.test.WatchDog.cancel(): canceling Thu Sep 13 02:08:38 UTC 2018
------------------ testing $PTII/ptolemy/domains/de/test/auto/TimeDelayZeroDelay.xml
auto.tcl: Setting watchdog for 200 seconds at Thu Sep 13 02:08:38 UTC 2018
2 ms. Memory: 550400K Free: 534205K (97%)
ptolemy.util.test.WatchDog.cancel(): canceling Thu Sep 13 02:08:38 UTC 2018
auto.tcl: Setting watchdog for 200 seconds at Thu Sep 13 02:08:38 UTC 2018
2 ms. Memory: 550400K Free: 534205K (97%)
ptolemy.util.test.WatchDog.cancel(): canceling Thu Sep 13 02:08:38 UTC 2018
------------------ testing $PTII/ptolemy/domains/de/test/auto/TimerZeroDelay.xml
auto.tcl: Setting watchdog for 200 seconds at Thu Sep 13 02:08:38 UTC 2018
3 ms. Memory: 549376K Free: 533455K (97%)
ptolemy.util.test.WatchDog.cancel(): canceling Thu Sep 13 02:08:38 UTC 2018
auto.tcl: Setting watchdog for 200 seconds at Thu Sep 13 02:08:38 UTC 2018
1 ms. Memory: 549376K Free: 533455K (97%)
ptolemy.util.test.WatchDog.cancel(): canceling Thu Sep 13 02:08:38 UTC 2018
------------------ testing $PTII/ptolemy/domains/de/test/auto/TimingParadox.xml
auto.tcl: Setting watchdog for 200 seconds at Thu Sep 13 02:08:38 UTC 2018
342 ms. Memory: 549888K Free: 463692K (84%)
ptolemy.util.test.WatchDog.cancel(): canceling Thu Sep 13 02:08:39 UTC 2018
auto.tcl: Setting watchdog for 200 seconds at Thu Sep 13 02:08:39 UTC 2018
342 ms. Memory: 549888K Free: 424630K (77%)
ptolemy.util.test.WatchDog.cancel(): canceling Thu Sep 13 02:08:39 UTC 2018
------------------ testing $PTII/ptolemy/domains/de/test/auto/TransferInputs.xml
auto.tcl: Setting watchdog for 200 seconds at Thu Sep 13 02:08:39 UTC 2018
2 ms. Memory: 549888K Free: 532871K (97%)
ptolemy.util.test.WatchDog.cancel(): canceling Thu Sep 13 02:08:39 UTC 2018
auto.tcl: Setting watchdog for 200 seconds at Thu Sep 13 02:08:39 UTC 2018
2 ms. Memory: 549888K Free: 532871K (97%)
ptolemy.util.test.WatchDog.cancel(): canceling Thu Sep 13 02:08:39 UTC 2018
------------------ testing $PTII/ptolemy/domains/de/test/auto/TransferOutputs2.xml
auto.tcl: Setting watchdog for 200 seconds at Thu Sep 13 02:08:39 UTC 2018
3 ms. Memory: 549376K Free: 522255K (95%)
ptolemy.util.test.WatchDog.cancel(): canceling Thu Sep 13 02:08:39 UTC 2018
auto.tcl: Setting watchdog for 200 seconds at Thu Sep 13 02:08:39 UTC 2018
3 ms. Memory: 549376K Free: 522255K (95%)
ptolemy.util.test.WatchDog.cancel(): canceling Thu Sep 13 02:08:39 UTC 2018
------------------ testing $PTII/ptolemy/domains/de/test/auto/Trilateration.xml
auto.tcl: Setting watchdog for 200 seconds at Thu Sep 13 02:08:39 UTC 2018
13708 ms. Memory: 766976K Free: 146762K (19%)
ptolemy.util.test.WatchDog.cancel(): canceling Thu Sep 13 02:08:54 UTC 2018
auto.tcl: Setting watchdog for 200 seconds at Thu Sep 13 02:08:54 UTC 2018
10320 ms. Memory: 623104K Free: 546519K (88%)
ptolemy.util.test.WatchDog.cancel(): canceling Thu Sep 13 02:09:04 UTC 2018
------------------ testing $PTII/ptolemy/domains/de/test/auto/TwoSigmaDelta.xml
auto.tcl: Setting watchdog for 200 seconds at Thu Sep 13 02:09:04 UTC 2018
2722 ms. Memory: 619520K Free: 304007K (49%)
ptolemy.util.test.WatchDog.cancel(): canceling Thu Sep 13 02:09:07 UTC 2018
auto.tcl: Setting watchdog for 200 seconds at Thu Sep 13 02:09:07 UTC 2018
2149 ms. Memory: 619520K Free: 77348K (12%)
ptolemy.util.test.WatchDog.cancel(): canceling Thu Sep 13 02:09:09 UTC 2018
------------------ testing $PTII/ptolemy/domains/de/test/auto/VariableDelay.xml
auto.tcl: Setting watchdog for 200 seconds at Thu Sep 13 02:09:09 UTC 2018
2 ms. Memory: 623104K Free: 598857K (96%)
ptolemy.util.test.WatchDog.cancel(): canceling Thu Sep 13 02:09:09 UTC 2018
auto.tcl: Setting watchdog for 200 seconds at Thu Sep 13 02:09:09 UTC 2018
2 ms. Memory: 623104K Free: 598857K (96%)
ptolemy.util.test.WatchDog.cancel(): canceling Thu Sep 13 02:09:09 UTC 2018
------------------ testing $PTII/ptolemy/domains/de/test/auto/VariableDelay2.xml
auto.tcl: Setting watchdog for 200 seconds at Thu Sep 13 02:09:09 UTC 2018
2 ms. Memory: 619520K Free: 601099K (97%)
ptolemy.util.test.WatchDog.cancel(): canceling Thu Sep 13 02:09:09 UTC 2018
auto.tcl: Setting watchdog for 200 seconds at Thu Sep 13 02:09:09 UTC 2018
2 ms. Memory: 619520K Free: 601099K (97%)
ptolemy.util.test.WatchDog.cancel(): canceling Thu Sep 13 02:09:09 UTC 2018
------------------ testing $PTII/ptolemy/domains/de/test/auto/VariableDelayZeroDelay.xml
auto.tcl: Setting watchdog for 200 seconds at Thu Sep 13 02:09:09 UTC 2018
3 ms. Memory: 622592K Free: 598788K (96%)
ptolemy.util.test.WatchDog.cancel(): canceling Thu Sep 13 02:09:09 UTC 2018
auto.tcl: Setting watchdog for 200 seconds at Thu Sep 13 02:09:09 UTC 2018
2 ms. Memory: 622592K Free: 598788K (96%)
ptolemy.util.test.WatchDog.cancel(): canceling Thu Sep 13 02:09:09 UTC 2018
------------------ testing $PTII/ptolemy/domains/de/test/auto/VariableDelayZeroDelay2.xml
auto.tcl: Setting watchdog for 200 seconds at Thu Sep 13 02:09:09 UTC 2018
2 ms. Memory: 619520K Free: 595714K (96%)
ptolemy.util.test.WatchDog.cancel(): canceling Thu Sep 13 02:09:10 UTC 2018
auto.tcl: Setting watchdog for 200 seconds at Thu Sep 13 02:09:10 UTC 2018
2 ms. Memory: 619520K Free: 595714K (96%)
ptolemy.util.test.WatchDog.cancel(): canceling Thu Sep 13 02:09:10 UTC 2018
------------------ testing $PTII/ptolemy/domains/de/test/auto/deInCt.xml
auto.tcl: Setting watchdog for 200 seconds at Thu Sep 13 02:09:10 UTC 2018
0
1
1
1
0
0
0
1
1
1
0
0
0
1
1
1
0
0
0
0
1
1
1
1
0
0
0
1
1
0
0
0
1
1
1
0
0
0
0
1
1
1
1
1
0
0
0
1
1
1
11 ms. Memory: 622080K Free: 598241K (96%)
ptolemy.util.test.WatchDog.cancel(): canceling Thu Sep 13 02:09:10 UTC 2018
auto.tcl: Setting watchdog for 200 seconds at Thu Sep 13 02:09:10 UTC 2018
0
1
1
1
1
1
0
0
0
0
1
1
1
0
0
0
1
1
1
0
0
0
1
1
1
1
1
0
0
1
1
1
0
0
0
1
1
1
0
0
0
0
5 ms. Memory: 622080K Free: 598241K (96%)
ptolemy.util.test.WatchDog.cancel(): canceling Thu Sep 13 02:09:10 UTC 2018
------------------ testing $PTII/ptolemy/domains/de/test/auto/deInCt2.xml
auto.tcl: Setting watchdog for 200 seconds at Thu Sep 13 02:09:10 UTC 2018
0
1
1
1
0
0
1
1
1
0
0
1
1
1
0
0
1
1
1
0
0
1
1
1
0
0
1
1
1
0
0
1
1
1
0
0
1
1
1
0
0
0
17 ms. Memory: 619520K Free: 595681K (96%)
ptolemy.util.test.WatchDog.cancel(): canceling Thu Sep 13 02:09:10 UTC 2018
auto.tcl: Setting watchdog for 200 seconds at Thu Sep 13 02:09:10 UTC 2018
0
1
1
1
0
0
1
1
1
0
0
1
1
1
0
0
1
1
1
0
0
1
1
1
0
0
1
1
1
0
0
1
1
1
0
0
1
1
1
0
0
0
6 ms. Memory: 619520K Free: 595681K (96%)
ptolemy.util.test.WatchDog.cancel(): canceling Thu Sep 13 02:09:10 UTC 2018
------------------ testing $PTII/ptolemy/domains/de/test/auto/dynamicCausalityInterface1.xml
auto.tcl: Setting watchdog for 200 seconds at Thu Sep 13 02:09:10 UTC 2018
1 ms. Memory: 621568K Free: 594948K (96%)
ptolemy.util.test.WatchDog.cancel(): canceling Thu Sep 13 02:09:10 UTC 2018
auto.tcl: Setting watchdog for 200 seconds at Thu Sep 13 02:09:10 UTC 2018
1 ms. Memory: 621568K Free: 594948K (96%)
ptolemy.util.test.WatchDog.cancel(): canceling Thu Sep 13 02:09:10 UTC 2018
------------------ testing $PTII/ptolemy/domains/de/test/auto/fsm_de_test.xml
auto.tcl: Setting watchdog for 200 seconds at Thu Sep 13 02:09:10 UTC 2018
17 ms. Memory: 619520K Free: 595602K (96%)
ptolemy.util.test.WatchDog.cancel(): canceling Thu Sep 13 02:09:10 UTC 2018
auto.tcl: Setting watchdog for 200 seconds at Thu Sep 13 02:09:10 UTC 2018
5 ms. Memory: 619520K Free: 587430K (95%)
ptolemy.util.test.WatchDog.cancel(): canceling Thu Sep 13 02:09:10 UTC 2018
------------------ testing $PTII/ptolemy/domains/de/test/auto/functionDependencyReconstruction.xml
auto.tcl: Setting watchdog for 200 seconds at Thu Sep 13 02:09:10 UTC 2018
2 ms. Memory: 621568K Free: 589469K (95%)
ptolemy.util.test.WatchDog.cancel(): canceling Thu Sep 13 02:09:10 UTC 2018
auto.tcl: Setting watchdog for 200 seconds at Thu Sep 13 02:09:10 UTC 2018
3 ms. Memory: 621568K Free: 581281K (94%)
ptolemy.util.test.WatchDog.cancel(): canceling Thu Sep 13 02:09:10 UTC 2018
------------------ testing $PTII/ptolemy/domains/de/test/auto/multirate.xml
auto.tcl: Setting watchdog for 200 seconds at Thu Sep 13 02:09:10 UTC 2018
4 ms. Memory: 619520K Free: 600849K (97%)
ptolemy.util.test.WatchDog.cancel(): canceling Thu Sep 13 02:09:10 UTC 2018
auto.tcl: Setting watchdog for 200 seconds at Thu Sep 13 02:09:10 UTC 2018
3 ms. Memory: 619520K Free: 600818K (97%)
ptolemy.util.test.WatchDog.cancel(): canceling Thu Sep 13 02:09:10 UTC 2018
------------------ testing $PTII/ptolemy/domains/de/test/auto/multirate2.xml
auto.tcl: Setting watchdog for 200 seconds at Thu Sep 13 02:09:10 UTC 2018
6 ms. Memory: 621056K Free: 602573K (97%)
ptolemy.util.test.WatchDog.cancel(): canceling Thu Sep 13 02:09:10 UTC 2018
auto.tcl: Setting watchdog for 200 seconds at Thu Sep 13 02:09:10 UTC 2018
3 ms. Memory: 621056K Free: 602573K (97%)
ptolemy.util.test.WatchDog.cancel(): canceling Thu Sep 13 02:09:10 UTC 2018
------------------ testing $PTII/ptolemy/domains/de/test/auto/realtime.xml
auto.tcl: Setting watchdog for 200 seconds at Thu Sep 13 02:09:10 UTC 2018
10002 ms. Memory: 619520K Free: 595624K (96%)
ptolemy.util.test.WatchDog.cancel(): canceling Thu Sep 13 02:09:20 UTC 2018
auto.tcl: Setting watchdog for 200 seconds at Thu Sep 13 02:09:20 UTC 2018
10001 ms. Memory: 619520K Free: 595624K (96%)
ptolemy.util.test.WatchDog.cancel(): canceling Thu Sep 13 02:09:30 UTC 2018
------------------ testing $PTII/ptolemy/domains/de/test/auto/relationGroup.xml
auto.tcl: Setting watchdog for 200 seconds at Thu Sep 13 02:09:30 UTC 2018
1 ms. Memory: 621056K Free: 602597K (97%)
ptolemy.util.test.WatchDog.cancel(): canceling Thu Sep 13 02:09:30 UTC 2018
auto.tcl: Setting watchdog for 200 seconds at Thu Sep 13 02:09:30 UTC 2018
1 ms. Memory: 621056K Free: 602597K (97%)
ptolemy.util.test.WatchDog.cancel(): canceling Thu Sep 13 02:09:30 UTC 2018
------------------ testing $PTII/ptolemy/domains/de/test/auto/relationGroup2.xml
auto.tcl: Setting watchdog for 200 seconds at Thu Sep 13 02:09:30 UTC 2018
2 ms. Memory: 619520K Free: 595707K (96%)
ptolemy.util.test.WatchDog.cancel(): canceling Thu Sep 13 02:09:30 UTC 2018
auto.tcl: Setting watchdog for 200 seconds at Thu Sep 13 02:09:30 UTC 2018
2 ms. Memory: 619520K Free: 595707K (96%)
ptolemy.util.test.WatchDog.cancel(): canceling Thu Sep 13 02:09:30 UTC 2018
------------------ testing $PTII/ptolemy/domains/de/test/auto/sortWithOpaquePorts.xml
auto.tcl: Setting watchdog for 200 seconds at Thu Sep 13 02:09:30 UTC 2018
6 ms. Memory: 620544K Free: 596731K (96%)
ptolemy.util.test.WatchDog.cancel(): canceling Thu Sep 13 02:09:30 UTC 2018
auto.tcl: Setting watchdog for 200 seconds at Thu Sep 13 02:09:30 UTC 2018
2 ms. Memory: 620544K Free: 596731K (96%)
ptolemy.util.test.WatchDog.cancel(): canceling Thu Sep 13 02:09:30 UTC 2018
------------------ testing $PTII/ptolemy/domains/de/test/auto/transferInputsandOutputs.xml
auto.tcl: Setting watchdog for 200 seconds at Thu Sep 13 02:09:30 UTC 2018
1 ms. Memory: 619520K Free: 595695K (96%)
ptolemy.util.test.WatchDog.cancel(): canceling Thu Sep 13 02:09:30 UTC 2018
auto.tcl: Setting watchdog for 200 seconds at Thu Sep 13 02:09:30 UTC 2018
2 ms. Memory: 619520K Free: 595695K (96%)
ptolemy.util.test.WatchDog.cancel(): canceling Thu Sep 13 02:09:30 UTC 2018
------------------ testing $PTII/ptolemy/domains/de/test/auto/triggerType.xml
auto.tcl: Setting watchdog for 200 seconds at Thu Sep 13 02:09:31 UTC 2018
1 ms. Memory: 620544K Free: 596670K (96%)
ptolemy.util.test.WatchDog.cancel(): canceling Thu Sep 13 02:09:31 UTC 2018
auto.tcl: Setting watchdog for 200 seconds at Thu Sep 13 02:09:31 UTC 2018
1 ms. Memory: 620544K Free: 596670K (96%)
ptolemy.util.test.WatchDog.cancel(): canceling Thu Sep 13 02:09:31 UTC 2018
09/13/18 02:09:31
Failed: 0  Total Tests: 192  ((Passed: 187, Newly Passed: 1)  Known Failed: 5) /home/travis/build/icyphy/ptII/ptolemy/domains/de/test
09/13/18 02:09:31
Failed: 0  Total Tests: 192  ((Passed: 187, Newly Passed: 1)  Known Failed: 5) /home/travis/build/icyphy/ptII/ptolemy/domains/de/test
----------------- testing (KnownFailure) /home/travis/build/icyphy/ptII/ptolemy/domains/de/test/auto/knownFailedTests/DESDFClockTest.xml
2020 ms. Memory: 619520K Free: 584937K (94%)
Known Failure: java.lang.reflect.InvocationTargetException
----------------- testing (KnownFailure) /home/travis/build/icyphy/ptII/ptolemy/domains/de/test/auto/knownFailedTests/DirectFeedback.xml
2 ms. Memory: 619520K Free: 541857K (87%)
Known Failure: java.lang.reflect.InvocationTargetException
----------------- testing (KnownFailure) /home/travis/build/icyphy/ptII/ptolemy/domains/de/test/auto/knownFailedTests/FSMSource.xml
4 ms. Memory: 619520K Free: 498808K (81%)
----------------- testing (KnownFailure) /home/travis/build/icyphy/ptII/ptolemy/domains/de/test/auto/knownFailedTests/HierarchicalModel.xml
2 ms. Memory: 619520K Free: 466505K (75%)
Known Failure: java.lang.reflect.InvocationTargetException
----------------- testing (KnownFailure) /home/travis/build/icyphy/ptII/ptolemy/domains/de/test/auto/knownFailedTests/dependencyLoop.xml
1 ms. Memory: 619520K Free: 412678K (67%)
Known Failure: java.lang.reflect.InvocationTargetException
----------------- testing (KnownFailure) /home/travis/build/icyphy/ptII/ptolemy/domains/de/test/auto/knownFailedTests/dependencyLoop2.xml
2 ms. Memory: 619520K Free: 358850K (58%)
Known Failure: java.lang.reflect.InvocationTargetException
No auto/linux-amd64/*.xml tests in /home/travis/build/icyphy/ptII/ptolemy/domains/de/test
AutoTests.java: About to close Vertx.
AutoTests.java: Vertx closed.

===========================================================================================
----------------- testing Thu Sep 13 02:09:33 UTC 2018 /home/travis/build/icyphy/ptII/ptolemy/domains/de/test/auto/ActorDepthCalculation_actorWithoutPorts.xml
----------------- Instantiating /home/travis/build/icyphy/ptII/ptolemy/domains/de/test/auto/ActorDepthCalculation_actorWithoutPorts.xml
1 ms. Memory: 619520K Free: 305039K (49%)
----------------- Invoking toplevel() on ptolemy.moml.MoMLSimpleApplication@75ba1c5d
----------------- Done invoking toplevel() on ptolemy.moml.MoMLSimpleApplication@75ba1c5d
reloadAllAccessors: .ActorDepthCalculation_actorWithoutPorts

===========================================================================================
----------------- testing Thu Sep 13 02:09:33 UTC 2018 /home/travis/build/icyphy/ptII/ptolemy/domains/de/test/auto/AssemblyLine.xml
----------------- Instantiating /home/travis/build/icyphy/ptII/ptolemy/domains/de/test/auto/AssemblyLine.xml
2 ms. Memory: 619520K Free: 283514K (46%)
----------------- Invoking toplevel() on ptolemy.moml.MoMLSimpleApplication@b53e34
----------------- Done invoking toplevel() on ptolemy.moml.MoMLSimpleApplication@b53e34
reloadAllAccessors: .AssemblyLine

===========================================================================================
----------------- testing Thu Sep 13 02:09:33 UTC 2018 /home/travis/build/icyphy/ptII/ptolemy/domains/de/test/auto/CQBug1.xml
----------------- Instantiating /home/travis/build/icyphy/ptII/ptolemy/domains/de/test/auto/CQBug1.xml
1 ms. Memory: 619520K Free: 261990K (42%)
----------------- Invoking toplevel() on ptolemy.moml.MoMLSimpleApplication@15155c51
----------------- Done invoking toplevel() on ptolemy.moml.MoMLSimpleApplication@15155c51
reloadAllAccessors: .CQBug1

===========================================================================================
----------------- testing Thu Sep 13 02:09:33 UTC 2018 /home/travis/build/icyphy/ptII/ptolemy/domains/de/test/auto/CancelFireAt.xml
----------------- Instantiating /home/travis/build/icyphy/ptII/ptolemy/domains/de/test/auto/CancelFireAt.xml
1 ms. Memory: 619520K Free: 240465K (39%)
----------------- Invoking toplevel() on ptolemy.moml.MoMLSimpleApplication@76118caf
----------------- Done invoking toplevel() on ptolemy.moml.MoMLSimpleApplication@76118caf
reloadAllAccessors: .CancelFireAt

===========================================================================================
----------------- testing Thu Sep 13 02:09:33 UTC 2018 /home/travis/build/icyphy/ptII/ptolemy/domains/de/test/auto/CausalityAndComposabilityAnalysis.xml
----------------- Instantiating /home/travis/build/icyphy/ptII/ptolemy/domains/de/test/auto/CausalityAndComposabilityAnalysis.xml
2 ms. Memory: 619520K Free: 218941K (35%)
----------------- Invoking toplevel() on ptolemy.moml.MoMLSimpleApplication@573cb544
----------------- Done invoking toplevel() on ptolemy.moml.MoMLSimpleApplication@573cb544
reloadAllAccessors: .CausalityAndComposabilityAnalysis

===========================================================================================
----------------- testing Thu Sep 13 02:09:33 UTC 2018 /home/travis/build/icyphy/ptII/ptolemy/domains/de/test/auto/CausalityInterface1.xml
----------------- Instantiating /home/travis/build/icyphy/ptII/ptolemy/domains/de/test/auto/CausalityInterface1.xml
3 ms. Memory: 619520K Free: 197416K (32%)
----------------- Invoking toplevel() on ptolemy.moml.MoMLSimpleApplication@43c0ab77
----------------- Done invoking toplevel() on ptolemy.moml.MoMLSimpleApplication@43c0ab77
reloadAllAccessors: .CausalityInterface1

===========================================================================================
----------------- testing Thu Sep 13 02:09:33 UTC 2018 /home/travis/build/icyphy/ptII/ptolemy/domains/de/test/auto/CausalityInterface15.xml
----------------- Instantiating /home/travis/build/icyphy/ptII/ptolemy/domains/de/test/auto/CausalityInterface15.xml
6 ms. Memory: 619520K Free: 175891K (28%)
----------------- Invoking toplevel() on ptolemy.moml.MoMLSimpleApplication@549f3d92
----------------- Done invoking toplevel() on ptolemy.moml.MoMLSimpleApplication@549f3d92
reloadAllAccessors: .CausalityInterface15

[...]
java.lang.RuntimeException: Execution failed
	at ptolemy.moml.MoMLSimpleApplication$UnloadThread.run(MoMLSimpleApplication.java:402)
Caused by: ptolemy.kernel.util.IllegalActionException: Test fails in iteration 1.
Value was: 1.0. Should have been: 2.0
  in .DirectFeedback.Test
	at ptolemy.actor.lib.Test.fire(Test.java:268)
	at ptolemy.domains.de.kernel.DEDirector._fire(DEDirector.java:1949)
	at ptolemy.domains.de.kernel.DEDirector.fire(DEDirector.java:502)
	at ptolemy.actor.CompositeActor.fire(CompositeActor.java:455)
	at ptolemy.actor.Manager.iterate(Manager.java:851)
	at ptolemy.actor.Manager.execute(Manager.java:369)
	at ptolemy.actor.Manager.run(Manager.java:1263)
	at ptolemy.actor.Manager$PtolemyRunThread.run(Manager.java:1915)
java.lang.RuntimeException: Execution failed
	at ptolemy.moml.MoMLSimpleApplication$UnloadThread.run(MoMLSimpleApplication.java:402)
Caused by: ptolemy.kernel.util.IllegalActionException: Actor is not ready to fire.  Perhaps UpSample.prefire() returned false? Try debugging the actor by selecting "Listen to Actor".  Also, for SDF check moml for tokenConsumptionRate on input.
  in .DESDFClockTest.Play Bell.Copy1:SDF Director and .DESDFClockTest.Play Bell.UpSample
	at ptolemy.actor.sched.StaticSchedulingDirector.fire(StaticSchedulingDirector.java:227)
	at ptolemy.domains.sdf.kernel.SDFDirector.fire(SDFDirector.java:500)
	at ptolemy.actor.CompositeActor.fire(CompositeActor.java:455)
	at ptolemy.domains.de.kernel.DEDirector._fire(DEDirector.java:1949)
	at ptolemy.domains.de.kernel.DEDirector.fire(DEDirector.java:502)
	at ptolemy.actor.CompositeActor.fire(CompositeActor.java:455)
	at ptolemy.actor.Manager.iterate(Manager.java:851)
	at ptolemy.actor.Manager.execute(Manager.java:369)
	at ptolemy.actor.Manager.run(Manager.java:1263)
	at ptolemy.actor.Manager$PtolemyRunThread.run(Manager.java:1915)
java.lang.reflect.InvocationTargetException
	at sun.reflect.NativeConstructorAccessorImpl.newInstance0(Native Method)
	at sun.reflect.NativeConstructorAccessorImpl.newInstance(NativeConstructorAccessorImpl.java:62)
	at sun.reflect.DelegatingConstructorAccessorImpl.newInstance(DelegatingConstructorAccessorImpl.java:45)
	at java.lang.reflect.Constructor.newInstance(Constructor.java:423)
	at ptolemy.util.test.junit.AutoKnownFailedTests.RunModel(AutoKnownFailedTests.java:107)
	at sun.reflect.NativeMethodAccessorImpl.invoke0(Native Method)
	at sun.reflect.NativeMethodAccessorImpl.invoke(NativeMethodAccessorImpl.java:62)
	at sun.reflect.DelegatingMethodAccessorImpl.invoke(DelegatingMethodAccessorImpl.java:43)
	at java.lang.reflect.Method.invoke(Method.java:498)
	at org.junit.runners.model.FrameworkMethod$1.runReflectiveCall(FrameworkMethod.java:44)
	at org.junit.internal.runners.model.ReflectiveCallable.run(ReflectiveCallable.java:15)
	at org.junit.runners.model.FrameworkMethod.invokeExplosively(FrameworkMethod.java:41)
	at junitparams.internal.InvokeParameterisedMethod.evaluate(InvokeParameterisedMethod.java:102)
	at org.junit.internal.runners.statements.FailOnTimeout$1.run(FailOnTimeout.java:28)
Caused by: ptolemy.kernel.util.IllegalActionException: Actor is not ready to fire.  Perhaps UpSample.prefire() returned false? Try debugging the actor by selecting "Listen to Actor".  Also, for SDF check moml for tokenConsumptionRate on input.
  in .DESDFClockTest.Play Bell.Copy1:SDF Director and .DESDFClockTest.Play Bell.UpSample
	at ptolemy.actor.sched.StaticSchedulingDirector.fire(StaticSchedulingDirector.java:227)
	at ptolemy.domains.sdf.kernel.SDFDirector.fire(SDFDirector.java:500)
	at ptolemy.actor.CompositeActor.fire(CompositeActor.java:455)
	at ptolemy.domains.de.kernel.DEDirector._fire(DEDirector.java:1949)
	at ptolemy.domains.de.kernel.DEDirector.fire(DEDirector.java:502)
	at ptolemy.actor.CompositeActor.fire(CompositeActor.java:455)
	at ptolemy.actor.Manager.iterate(Manager.java:851)
	at ptolemy.actor.Manager.execute(Manager.java:369)
	at ptolemy.actor.Manager.run(Manager.java:1263)
	at ptolemy.actor.Manager$PtolemyRunThread.run(Manager.java:1915)
java.lang.RuntimeException: Execution failed
	at ptolemy.moml.MoMLSimpleApplication$UnloadThread.run(MoMLSimpleApplication.java:402)
Caused by: ptolemy.kernel.util.IllegalActionException: Test fails in iteration 1.
Value was: 1.0. Should have been: 2.0
  in .DirectFeedback.Test
	at ptolemy.actor.lib.Test.fire(Test.java:268)
	at ptolemy.domains.de.kernel.DEDirector._fire(DEDirector.java:1949)
	at ptolemy.domains.de.kernel.DEDirector.fire(DEDirector.java:502)
	at ptolemy.actor.CompositeActor.fire(CompositeActor.java:455)
	at ptolemy.actor.Manager.iterate(Manager.java:851)
	at ptolemy.actor.Manager.execute(Manager.java:369)
	at ptolemy.actor.Manager.run(Manager.java:1263)
	at ptolemy.actor.Manager$PtolemyRunThread.run(Manager.java:1915)
java.lang.reflect.InvocationTargetException
	at sun.reflect.NativeConstructorAccessorImpl.newInstance0(Native Method)
	at sun.reflect.NativeConstructorAccessorImpl.newInstance(NativeConstructorAccessorImpl.java:62)
	at sun.reflect.DelegatingConstructorAccessorImpl.newInstance(DelegatingConstructorAccessorImpl.java:45)
	at java.lang.reflect.Constructor.newInstance(Constructor.java:423)
	at ptolemy.util.test.junit.AutoKnownFailedTests.RunModel(AutoKnownFailedTests.java:107)
	at sun.reflect.NativeMethodAccessorImpl.invoke0(Native Method)
	at sun.reflect.NativeMethodAccessorImpl.invoke(NativeMethodAccessorImpl.java:62)
	at sun.reflect.DelegatingMethodAccessorImpl.invoke(DelegatingMethodAccessorImpl.java:43)
	at java.lang.reflect.Method.invoke(Method.java:498)
	at org.junit.runners.model.FrameworkMethod$1.runReflectiveCall(FrameworkMethod.java:44)
	at org.junit.internal.runners.model.ReflectiveCallable.run(ReflectiveCallable.java:15)
	at org.junit.runners.model.FrameworkMethod.invokeExplosively(FrameworkMethod.java:41)
	at junitparams.internal.InvokeParameterisedMethod.evaluate(InvokeParameterisedMethod.java:102)
	at org.junit.internal.runners.statements.FailOnTimeout$1.run(FailOnTimeout.java:28)
Caused by: ptolemy.kernel.util.IllegalActionException: Test fails in iteration 1.
Value was: 1.0. Should have been: 2.0
  in .DirectFeedback.Test
	at ptolemy.actor.lib.Test.fire(Test.java:268)
	at ptolemy.domains.de.kernel.DEDirector._fire(DEDirector.java:1949)
	at ptolemy.domains.de.kernel.DEDirector.fire(DEDirector.java:502)
	at ptolemy.actor.CompositeActor.fire(CompositeActor.java:455)
	at ptolemy.actor.Manager.iterate(Manager.java:851)
	at ptolemy.actor.Manager.execute(Manager.java:369)
	at ptolemy.actor.Manager.run(Manager.java:1263)
	at ptolemy.actor.Manager$PtolemyRunThread.run(Manager.java:1915)
java.lang.RuntimeException: Execution failed
	at ptolemy.moml.MoMLSimpleApplication$UnloadThread.run(MoMLSimpleApplication.java:402)
Caused by: ptolemy.kernel.util.IllegalActionException: Found a zero delay loop containing .HierarchicalModel.A
  in .HierarchicalModel and .HierarchicalModel.A
	at ptolemy.actor.util.CausalityInterfaceForComposites._computeOutputPortDepth(CausalityInterfaceForComposites.java:759)
	at ptolemy.actor.util.CausalityInterfaceForComposites._computeInputDepth(CausalityInterfaceForComposites.java:696)
	at ptolemy.actor.util.CausalityInterfaceForComposites._computeOutputPortDepth(CausalityInterfaceForComposites.java:765)
	at ptolemy.actor.util.CausalityInterfaceForComposites._computeInputDepth(CausalityInterfaceForComposites.java:696)
	at ptolemy.actor.util.CausalityInterfaceForComposites._computeOutputPortDepth(CausalityInterfaceForComposites.java:765)
	at ptolemy.actor.util.CausalityInterfaceForComposites._computeInputDepth(CausalityInterfaceForComposites.java:696)
	at ptolemy.actor.util.CausalityInterfaceForComposites._computeActorDepth(CausalityInterfaceForComposites.java:532)
	at ptolemy.actor.util.CausalityInterfaceForComposites.checkForCycles(CausalityInterfaceForComposites.java:96)
	at ptolemy.domains.de.kernel.DEDirector.preinitialize(DEDirector.java:1338)
	at ptolemy.actor.CompositeActor.preinitialize(CompositeActor.java:1828)
	at ptolemy.actor.Manager.preinitializeAndResolveTypes(Manager.java:1040)
	at ptolemy.actor.Manager.initialize(Manager.java:710)
	at ptolemy.actor.Manager.execute(Manager.java:356)
	at ptolemy.actor.Manager.run(Manager.java:1263)
	at ptolemy.actor.Manager$PtolemyRunThread.run(Manager.java:1915)
java.lang.reflect.InvocationTargetException
	at sun.reflect.NativeConstructorAccessorImpl.newInstance0(Native Method)
	at sun.reflect.NativeConstructorAccessorImpl.newInstance(NativeConstructorAccessorImpl.java:62)
	at sun.reflect.DelegatingConstructorAccessorImpl.newInstance(DelegatingConstructorAccessorImpl.java:45)
	at java.lang.reflect.Constructor.newInstance(Constructor.java:423)
	at ptolemy.util.test.junit.AutoKnownFailedTests.RunModel(AutoKnownFailedTests.java:107)
	at sun.reflect.NativeMethodAccessorImpl.invoke0(Native Method)
	at sun.reflect.NativeMethodAccessorImpl.invoke(NativeMethodAccessorImpl.java:62)
	at sun.reflect.DelegatingMethodAccessorImpl.invoke(DelegatingMethodAccessorImpl.java:43)
	at java.lang.reflect.Method.invoke(Method.java:498)
	at org.junit.runners.model.FrameworkMethod$1.runReflectiveCall(FrameworkMethod.java:44)
	at org.junit.internal.runners.model.ReflectiveCallable.run(ReflectiveCallable.java:15)
	at org.junit.runners.model.FrameworkMethod.invokeExplosively(FrameworkMethod.java:41)
	at junitparams.internal.InvokeParameterisedMethod.evaluate(InvokeParameterisedMethod.java:102)
	at org.junit.internal.runners.statements.FailOnTimeout$1.run(FailOnTimeout.java:28)
Caused by: ptolemy.kernel.util.IllegalActionException: Found a zero delay loop containing .HierarchicalModel.A
  in .HierarchicalModel and .HierarchicalModel.A
	at ptolemy.actor.util.CausalityInterfaceForComposites._computeOutputPortDepth(CausalityInterfaceForComposites.java:759)
	at ptolemy.actor.util.CausalityInterfaceForComposites._computeInputDepth(CausalityInterfaceForComposites.java:696)
	at ptolemy.actor.util.CausalityInterfaceForComposites._computeOutputPortDepth(CausalityInterfaceForComposites.java:765)
	at ptolemy.actor.util.CausalityInterfaceForComposites._computeInputDepth(CausalityInterfaceForComposites.java:696)
	at ptolemy.actor.util.CausalityInterfaceForComposites._computeOutputPortDepth(CausalityInterfaceForComposites.java:765)
	at ptolemy.actor.util.CausalityInterfaceForComposites._computeInputDepth(CausalityInterfaceForComposites.java:696)
	at ptolemy.actor.util.CausalityInterfaceForComposites._computeActorDepth(CausalityInterfaceForComposites.java:532)
	at ptolemy.actor.util.CausalityInterfaceForComposites.checkForCycles(CausalityInterfaceForComposites.java:96)
	at ptolemy.domains.de.kernel.DEDirector.preinitialize(DEDirector.java:1338)
	at ptolemy.actor.CompositeActor.preinitialize(CompositeActor.java:1828)
	at ptolemy.actor.Manager.preinitializeAndResolveTypes(Manager.java:1040)
	at ptolemy.actor.Manager.initialize(Manager.java:710)
	at ptolemy.actor.Manager.execute(Manager.java:356)
	at ptolemy.actor.Manager.run(Manager.java:1263)
	at ptolemy.actor.Manager$PtolemyRunThread.run(Manager.java:1915)
java.lang.RuntimeException: Execution failed
	at ptolemy.moml.MoMLSimpleApplication$UnloadThread.run(MoMLSimpleApplication.java:402)
Caused by: ptolemy.kernel.util.IllegalActionException: Found a zero delay loop containing .dependencyLoop.original
  in .dependencyLoop and .dependencyLoop.original
	at ptolemy.actor.util.CausalityInterfaceForComposites._computeOutputPortDepth(CausalityInterfaceForComposites.java:759)
	at ptolemy.actor.util.CausalityInterfaceForComposites._computeInputDepth(CausalityInterfaceForComposites.java:696)
	at ptolemy.actor.util.CausalityInterfaceForComposites._computeOutputPortDepth(CausalityInterfaceForComposites.java:765)
	at ptolemy.actor.util.CausalityInterfaceForComposites._computeInputDepth(CausalityInterfaceForComposites.java:696)
	at ptolemy.actor.util.CausalityInterfaceForComposites._computeOutputPortDepth(CausalityInterfaceForComposites.java:765)
	at ptolemy.actor.util.CausalityInterfaceForComposites._computeInputDepth(CausalityInterfaceForComposites.java:696)
	at ptolemy.actor.util.CausalityInterfaceForComposites._computeActorDepth(CausalityInterfaceForComposites.java:532)
	at ptolemy.actor.util.CausalityInterfaceForComposites.checkForCycles(CausalityInterfaceForComposites.java:96)
	at ptolemy.domains.de.kernel.DEDirector.preinitialize(DEDirector.java:1338)
	at ptolemy.actor.CompositeActor.preinitialize(CompositeActor.java:1828)
	at ptolemy.actor.Manager.preinitializeAndResolveTypes(Manager.java:1040)
	at ptolemy.actor.Manager.initialize(Manager.java:710)
	at ptolemy.actor.Manager.execute(Manager.java:356)
	at ptolemy.actor.Manager.run(Manager.java:1263)
	at ptolemy.actor.Manager$PtolemyRunThread.run(Manager.java:1915)
java.lang.reflect.InvocationTargetException
	at sun.reflect.NativeConstructorAccessorImpl.newInstance0(Native Method)
	at sun.reflect.NativeConstructorAccessorImpl.newInstance(NativeConstructorAccessorImpl.java:62)
	at sun.reflect.DelegatingConstructorAccessorImpl.newInstance(DelegatingConstructorAccessorImpl.java:45)
	at java.lang.reflect.Constructor.newInstance(Constructor.java:423)
	at ptolemy.util.test.junit.AutoKnownFailedTests.RunModel(AutoKnownFailedTests.java:107)
	at sun.reflect.NativeMethodAccessorImpl.invoke0(Native Method)
	at sun.reflect.NativeMethodAccessorImpl.invoke(NativeMethodAccessorImpl.java:62)
	at sun.reflect.DelegatingMethodAccessorImpl.invoke(DelegatingMethodAccessorImpl.java:43)
	at java.lang.reflect.Method.invoke(Method.java:498)
	at org.junit.runners.model.FrameworkMethod$1.runReflectiveCall(FrameworkMethod.java:44)
	at org.junit.internal.runners.model.ReflectiveCallable.run(ReflectiveCallable.java:15)
	at org.junit.runners.model.FrameworkMethod.invokeExplosively(FrameworkMethod.java:41)
	at junitparams.internal.InvokeParameterisedMethod.evaluate(InvokeParameterisedMethod.java:102)
	at org.junit.internal.runners.statements.FailOnTimeout$1.run(FailOnTimeout.java:28)
Caused by: ptolemy.kernel.util.IllegalActionException: Found a zero delay loop containing .dependencyLoop.original
  in .dependencyLoop and .dependencyLoop.original
	at ptolemy.actor.util.CausalityInterfaceForComposites._computeOutputPortDepth(CausalityInterfaceForComposites.java:759)
	at ptolemy.actor.util.CausalityInterfaceForComposites._computeInputDepth(CausalityInterfaceForComposites.java:696)
	at ptolemy.actor.util.CausalityInterfaceForComposites._computeOutputPortDepth(CausalityInterfaceForComposites.java:765)
	at ptolemy.actor.util.CausalityInterfaceForComposites._computeInputDepth(CausalityInterfaceForComposites.java:696)
	at ptolemy.actor.util.CausalityInterfaceForComposites._computeOutputPortDepth(CausalityInterfaceForComposites.java:765)
	at ptolemy.actor.util.CausalityInterfaceForComposites._computeInputDepth(CausalityInterfaceForComposites.java:696)
	at ptolemy.actor.util.CausalityInterfaceForComposites._computeActorDepth(CausalityInterfaceForComposites.java:532)
	at ptolemy.actor.util.CausalityInterfaceForComposites.checkForCycles(CausalityInterfaceForComposites.java:96)
	at ptolemy.domains.de.kernel.DEDirector.preinitialize(DEDirector.java:1338)
	at ptolemy.actor.CompositeActor.preinitialize(CompositeActor.java:1828)
	at ptolemy.actor.Manager.preinitializeAndResolveTypes(Manager.java:1040)
	at ptolemy.actor.Manager.initialize(Manager.java:710)
	at ptolemy.actor.Manager.execute(Manager.java:356)
	at ptolemy.actor.Manager.run(Manager.java:1263)
	at ptolemy.actor.Manager$PtolemyRunThread.run(Manager.java:1915)
java.lang.RuntimeException: Execution failed
	at ptolemy.moml.MoMLSimpleApplication$UnloadThread.run(MoMLSimpleApplication.java:402)
Caused by: ptolemy.kernel.util.IllegalActionException: Found a zero delay loop containing .dependencyLoop2.original
  in .dependencyLoop2 and .dependencyLoop2.original
	at ptolemy.actor.util.CausalityInterfaceForComposites._computeOutputPortDepth(CausalityInterfaceForComposites.java:759)
	at ptolemy.actor.util.CausalityInterfaceForComposites._computeInputDepth(CausalityInterfaceForComposites.java:696)
	at ptolemy.actor.util.CausalityInterfaceForComposites._computeOutputPortDepth(CausalityInterfaceForComposites.java:765)
	at ptolemy.actor.util.CausalityInterfaceForComposites._computeInputDepth(CausalityInterfaceForComposites.java:696)
	at ptolemy.actor.util.CausalityInterfaceForComposites._computeOutputPortDepth(CausalityInterfaceForComposites.java:765)
	at ptolemy.actor.util.CausalityInterfaceForComposites._computeInputDepth(CausalityInterfaceForComposites.java:696)
	at ptolemy.actor.util.CausalityInterfaceForComposites._computeActorDepth(CausalityInterfaceForComposites.java:532)
	at ptolemy.actor.util.CausalityInterfaceForComposites.checkForCycles(CausalityInterfaceForComposites.java:96)
	at ptolemy.domains.de.kernel.DEDirector.preinitialize(DEDirector.java:1338)
	at ptolemy.actor.CompositeActor.preinitialize(CompositeActor.java:1828)
	at ptolemy.actor.Manager.preinitializeAndResolveTypes(Manager.java:1040)
	at ptolemy.actor.Manager.initialize(Manager.java:710)
	at ptolemy.actor.Manager.execute(Manager.java:356)
	at ptolemy.actor.Manager.run(Manager.java:1263)
	at ptolemy.actor.Manager$PtolemyRunThread.run(Manager.java:1915)
java.lang.reflect.InvocationTargetException
	at sun.reflect.NativeConstructorAccessorImpl.newInstance0(Native Method)
	at sun.reflect.NativeConstructorAccessorImpl.newInstance(NativeConstructorAccessorImpl.java:62)
	at sun.reflect.DelegatingConstructorAccessorImpl.newInstance(DelegatingConstructorAccessorImpl.java:45)
	at java.lang.reflect.Constructor.newInstance(Constructor.java:423)
	at ptolemy.util.test.junit.AutoKnownFailedTests.RunModel(AutoKnownFailedTests.java:107)
	at sun.reflect.NativeMethodAccessorImpl.invoke0(Native Method)
	at sun.reflect.NativeMethodAccessorImpl.invoke(NativeMethodAccessorImpl.java:62)
	at sun.reflect.DelegatingMethodAccessorImpl.invoke(DelegatingMethodAccessorImpl.java:43)
	at java.lang.reflect.Method.invoke(Method.java:498)
	at org.junit.runners.model.FrameworkMethod$1.runReflectiveCall(FrameworkMethod.java:44)
	at org.junit.internal.runners.model.ReflectiveCallable.run(ReflectiveCallable.java:15)
	at org.junit.runners.model.FrameworkMethod.invokeExplosively(FrameworkMethod.java:41)
	at junitparams.internal.InvokeParameterisedMethod.evaluate(InvokeParameterisedMethod.java:102)
	at org.junit.internal.runners.statements.FailOnTimeout$1.run(FailOnTimeout.java:28)
Caused by: ptolemy.kernel.util.IllegalActionException: Found a zero delay loop containing .dependencyLoop2.original
  in .dependencyLoop2 and .dependencyLoop2.original
	at ptolemy.actor.util.CausalityInterfaceForComposites._computeOutputPortDepth(CausalityInterfaceForComposites.java:759)
	at ptolemy.actor.util.CausalityInterfaceForComposites._computeInputDepth(CausalityInterfaceForComposites.java:696)
	at ptolemy.actor.util.CausalityInterfaceForComposites._computeOutputPortDepth(CausalityInterfaceForComposites.java:765)
	at ptolemy.actor.util.CausalityInterfaceForComposites._computeInputDepth(CausalityInterfaceForComposites.java:696)
	at ptolemy.actor.util.CausalityInterfaceForComposites._computeOutputPortDepth(CausalityInterfaceForComposites.java:765)
	at ptolemy.actor.util.CausalityInterfaceForComposites._computeInputDepth(CausalityInterfaceForComposites.java:696)
	at ptolemy.actor.util.CausalityInterfaceForComposites._computeActorDepth(CausalityInterfaceForComposites.java:532)
	at ptolemy.actor.util.CausalityInterfaceForComposites.checkForCycles(CausalityInterfaceForComposites.java:96)
	at ptolemy.domains.de.kernel.DEDirector.preinitialize(DEDirector.java:1338)
	at ptolemy.actor.CompositeActor.preinitialize(CompositeActor.java:1828)
	at ptolemy.actor.Manager.preinitializeAndResolveTypes(Manager.java:1040)
	at ptolemy.actor.Manager.initialize(Manager.java:710)
	at ptolemy.actor.Manager.execute(Manager.java:356)
	at ptolemy.actor.Manager.run(Manager.java:1263)
	at ptolemy.actor.Manager$PtolemyRunThread.run(Manager.java:1915)
]]></system-err>
</testsuite>
