<?xml version="1.0" encoding="UTF-8" ?>
<testsuite errors="0" failures="0" hostname="travis-job-aa119280-a017-4bce-9b97-f6d5669c89e3" name="ptolemy.domains.de.test.junit.JUnitTclTest" skipped="0" tests="101" time="130.492" timestamp="2018-06-03T19:11:00">
  <properties>
[...]
</properties>
  <testcase classname="ptolemy.util.test.junit.TclTests" name="[0] /home/travis/build/icyphy/ptII/ptolemy/domains/de/test/DependencyLoop.tcl (RunTclFile)" time="0.824" />
  <testcase classname="ptolemy.util.test.junit.TclTests" name="[1] /home/travis/build/icyphy/ptII/ptolemy/domains/de/test/RunDETestsAsQSS.tcl (RunTclFile)" time="90.796" />
  <testcase classname="ptolemy.util.test.junit.AutoKnownFailedTests" name="[0] /home/travis/build/icyphy/ptII/ptolemy/domains/de/test/auto/knownFailedTests/DESDFClockTest.xml (RunModel)" time="2.036" />
  <testcase classname="ptolemy.util.test.junit.AutoKnownFailedTests" name="[1] /home/travis/build/icyphy/ptII/ptolemy/domains/de/test/auto/knownFailedTests/DirectFeedback.xml (RunModel)" time="0.009" />
  <testcase classname="ptolemy.util.test.junit.AutoKnownFailedTests" name="[2] /home/travis/build/icyphy/ptII/ptolemy/domains/de/test/auto/knownFailedTests/FSMSource.xml (RunModel)" time="0.019" />
  <testcase classname="ptolemy.util.test.junit.AutoKnownFailedTests" name="[3] /home/travis/build/icyphy/ptII/ptolemy/domains/de/test/auto/knownFailedTests/HierarchicalModel.xml (RunModel)" time="0.035" />
  <testcase classname="ptolemy.util.test.junit.AutoKnownFailedTests" name="[4] /home/travis/build/icyphy/ptII/ptolemy/domains/de/test/auto/knownFailedTests/dependencyLoop.xml (RunModel)" time="0.032" />
  <testcase classname="ptolemy.util.test.junit.AutoKnownFailedTests" name="[5] /home/travis/build/icyphy/ptII/ptolemy/domains/de/test/auto/knownFailedTests/dependencyLoop2.xml (RunModel)" time="0.028" />
  <testcase classname="ptolemy.util.test.junit.AutoNameArchTests" name="[0] ThereAreNoAutoArchTests (RunModel)" time="0.004" />
  <testcase classname="ptolemy.util.test.junit.AutoTests" name="[0] /home/travis/build/icyphy/ptII/ptolemy/domains/de/test/auto/ActorDepthCalculation_actorWithoutPorts.xml (RunModel)" time="0.011" />
  <testcase classname="ptolemy.util.test.junit.AutoTests" name="[1] /home/travis/build/icyphy/ptII/ptolemy/domains/de/test/auto/AssemblyLine.xml (RunModel)" time="0.018" />
  <testcase classname="ptolemy.util.test.junit.AutoTests" name="[2] /home/travis/build/icyphy/ptII/ptolemy/domains/de/test/auto/CQBug1.xml (RunModel)" time="0.01" />
  <testcase classname="ptolemy.util.test.junit.AutoTests" name="[3] /home/travis/build/icyphy/ptII/ptolemy/domains/de/test/auto/CancelFireAt.xml (RunModel)" time="0.007" />
  <testcase classname="ptolemy.util.test.junit.AutoTests" name="[4] /home/travis/build/icyphy/ptII/ptolemy/domains/de/test/auto/CausalityAndComposabilityAnalysis.xml (RunModel)" time="0.009" />
  <testcase classname="ptolemy.util.test.junit.AutoTests" name="[5] /home/travis/build/icyphy/ptII/ptolemy/domains/de/test/auto/CausalityInterface1.xml (RunModel)" time="0.011" />
  <testcase classname="ptolemy.util.test.junit.AutoTests" name="[6] /home/travis/build/icyphy/ptII/ptolemy/domains/de/test/auto/CausalityInterface15.xml (RunModel)" time="0.009" />
  <testcase classname="ptolemy.util.test.junit.AutoTests" name="[7] /home/travis/build/icyphy/ptII/ptolemy/domains/de/test/auto/CausalityInterface2.xml (RunModel)" time="0.008" />
  <testcase classname="ptolemy.util.test.junit.AutoTests" name="[8] /home/travis/build/icyphy/ptII/ptolemy/domains/de/test/auto/CausalityInterface3.xml (RunModel)" time="0.009" />
  <testcase classname="ptolemy.util.test.junit.AutoTests" name="[9] /home/travis/build/icyphy/ptII/ptolemy/domains/de/test/auto/ClockDrift.xml (RunModel)" time="0.025" />
  <testcase classname="ptolemy.util.test.junit.AutoTests" name="[10] /home/travis/build/icyphy/ptII/ptolemy/domains/de/test/auto/ClockDriftAndValueChange.xml (RunModel)" time="0.026" />
  <testcase classname="ptolemy.util.test.junit.AutoTests" name="[11] /home/travis/build/icyphy/ptII/ptolemy/domains/de/test/auto/ClockDriftChange.xml (RunModel)" time="0.021" />
  <testcase classname="ptolemy.util.test.junit.AutoTests" name="[12] /home/travis/build/icyphy/ptII/ptolemy/domains/de/test/auto/ComposableCausalityAnalysis.xml (RunModel)" time="0.018" />
  <testcase classname="ptolemy.util.test.junit.AutoTests" name="[13] /home/travis/build/icyphy/ptII/ptolemy/domains/de/test/auto/DEFixedPointLimitation.xml (RunModel)" time="0.008" />
  <testcase classname="ptolemy.util.test.junit.AutoTests" name="[14] /home/travis/build/icyphy/ptII/ptolemy/domains/de/test/auto/DEScheduleTest.xml (RunModel)" time="0.009" />
  <testcase classname="ptolemy.util.test.junit.AutoTests" name="[15] /home/travis/build/icyphy/ptII/ptolemy/domains/de/test/auto/DEinDEwithStartTimes.xml (RunModel)" time="0.01" />
  <testcase classname="ptolemy.util.test.junit.AutoTests" name="[16] /home/travis/build/icyphy/ptII/ptolemy/domains/de/test/auto/DEinDEwithStartTimes2.xml (RunModel)" time="0.018" />
  <testcase classname="ptolemy.util.test.junit.AutoTests" name="[17] /home/travis/build/icyphy/ptII/ptolemy/domains/de/test/auto/DateDemo.xml (RunModel)" time="0.027" />
  <testcase classname="ptolemy.util.test.junit.AutoTests" name="[18] /home/travis/build/icyphy/ptII/ptolemy/domains/de/test/auto/DateToEvent.xml (RunModel)" time="2.041" />
  <testcase classname="ptolemy.util.test.junit.AutoTests" name="[19] /home/travis/build/icyphy/ptII/ptolemy/domains/de/test/auto/DepthTest1.xml (RunModel)" time="0.007" />
  <testcase classname="ptolemy.util.test.junit.AutoTests" name="[20] /home/travis/build/icyphy/ptII/ptolemy/domains/de/test/auto/DepthTest2.xml (RunModel)" time="0.012" />
  <testcase classname="ptolemy.util.test.junit.AutoTests" name="[21] /home/travis/build/icyphy/ptII/ptolemy/domains/de/test/auto/DepthTest3.xml (RunModel)" time="0.006" />
  <testcase classname="ptolemy.util.test.junit.AutoTests" name="[22] /home/travis/build/icyphy/ptII/ptolemy/domains/de/test/auto/DepthTest4.xml (RunModel)" time="0.008" />
  <testcase classname="ptolemy.util.test.junit.AutoTests" name="[23] /home/travis/build/icyphy/ptII/ptolemy/domains/de/test/auto/DepthTest5.xml (RunModel)" time="0.014" />
  <testcase classname="ptolemy.util.test.junit.AutoTests" name="[24] /home/travis/build/icyphy/ptII/ptolemy/domains/de/test/auto/DepthTest6.xml (RunModel)" time="0.015" />
  <testcase classname="ptolemy.util.test.junit.AutoTests" name="[25] /home/travis/build/icyphy/ptII/ptolemy/domains/de/test/auto/DepthTest7.xml (RunModel)" time="0.016" />
  <testcase classname="ptolemy.util.test.junit.AutoTests" name="[26] /home/travis/build/icyphy/ptII/ptolemy/domains/de/test/auto/EventToDate.xml (RunModel)" time="3.036" />
  <testcase classname="ptolemy.util.test.junit.AutoTests" name="[27] /home/travis/build/icyphy/ptII/ptolemy/domains/de/test/auto/FSM1.xml (RunModel)" time="0.022" />
  <testcase classname="ptolemy.util.test.junit.AutoTests" name="[28] /home/travis/build/icyphy/ptII/ptolemy/domains/de/test/auto/FSM7.xml (RunModel)" time="0.021" />
  <testcase classname="ptolemy.util.test.junit.AutoTests" name="[29] /home/travis/build/icyphy/ptII/ptolemy/domains/de/test/auto/Inspection.xml (RunModel)" time="0.029" />
  <testcase classname="ptolemy.util.test.junit.AutoTests" name="[30] /home/travis/build/icyphy/ptII/ptolemy/domains/de/test/auto/Iteration.xml (RunModel)" time="0.015" />
  <testcase classname="ptolemy.util.test.junit.AutoTests" name="[31] /home/travis/build/icyphy/ptII/ptolemy/domains/de/test/auto/LineFault.xml (RunModel)" time="0.411" />
  <testcase classname="ptolemy.util.test.junit.AutoTests" name="[32] /home/travis/build/icyphy/ptII/ptolemy/domains/de/test/auto/MergeModel1Add.xml (RunModel)" time="0.038" />
  <testcase classname="ptolemy.util.test.junit.AutoTests" name="[33] /home/travis/build/icyphy/ptII/ptolemy/domains/de/test/auto/MergeModel2Add.xml (RunModel)" time="0.031" />
  <testcase classname="ptolemy.util.test.junit.AutoTests" name="[34] /home/travis/build/icyphy/ptII/ptolemy/domains/de/test/auto/MergeModel3Add.xml (RunModel)" time="0.029" />
  <testcase classname="ptolemy.util.test.junit.AutoTests" name="[35] /home/travis/build/icyphy/ptII/ptolemy/domains/de/test/auto/MergeWithoutDiscard.xml (RunModel)" time="0.008" />
  <testcase classname="ptolemy.util.test.junit.AutoTests" name="[36] /home/travis/build/icyphy/ptII/ptolemy/domains/de/test/auto/Modal1.xml (RunModel)" time="0.025" />
  <testcase classname="ptolemy.util.test.junit.AutoTests" name="[37] /home/travis/build/icyphy/ptII/ptolemy/domains/de/test/auto/Modal2.xml (RunModel)" time="0.026" />
  <testcase classname="ptolemy.util.test.junit.AutoTests" name="[38] /home/travis/build/icyphy/ptII/ptolemy/domains/de/test/auto/Modal3.xml (RunModel)" time="0.025" />
  <testcase classname="ptolemy.util.test.junit.AutoTests" name="[39] /home/travis/build/icyphy/ptII/ptolemy/domains/de/test/auto/Modal4.xml (RunModel)" time="0.022" />
  <testcase classname="ptolemy.util.test.junit.AutoTests" name="[40] /home/travis/build/icyphy/ptII/ptolemy/domains/de/test/auto/Modal5.xml (RunModel)" time="0.023" />
  <testcase classname="ptolemy.util.test.junit.AutoTests" name="[41] /home/travis/build/icyphy/ptII/ptolemy/domains/de/test/auto/Modal6.xml (RunModel)" time="0.026" />
  <testcase classname="ptolemy.util.test.junit.AutoTests" name="[42] /home/travis/build/icyphy/ptII/ptolemy/domains/de/test/auto/Modal7.xml (RunModel)" time="0.021" />
  <testcase classname="ptolemy.util.test.junit.AutoTests" name="[43] /home/travis/build/icyphy/ptII/ptolemy/domains/de/test/auto/ModalModel.xml (RunModel)" time="0.12" />
  <testcase classname="ptolemy.util.test.junit.AutoTests" name="[44] /home/travis/build/icyphy/ptII/ptolemy/domains/de/test/auto/ModalSource.xml (RunModel)" time="0.014" />
  <testcase classname="ptolemy.util.test.junit.AutoTests" name="[45] /home/travis/build/icyphy/ptII/ptolemy/domains/de/test/auto/NonInterruptibleTimerZeroDelay.xml (RunModel)" time="0.009" />
  <testcase classname="ptolemy.util.test.junit.AutoTests" name="[46] /home/travis/build/icyphy/ptII/ptolemy/domains/de/test/auto/OpenQueueingNetwork.xml (RunModel)" time="1.718" />
  <testcase classname="ptolemy.util.test.junit.AutoTests" name="[47] /home/travis/build/icyphy/ptII/ptolemy/domains/de/test/auto/OpenQueuingNetwork.xml (RunModel)" time="0.258" />
  <testcase classname="ptolemy.util.test.junit.AutoTests" name="[48] /home/travis/build/icyphy/ptII/ptolemy/domains/de/test/auto/PeriodicSampler.xml (RunModel)" time="0.008" />
  <testcase classname="ptolemy.util.test.junit.AutoTests" name="[49] /home/travis/build/icyphy/ptII/ptolemy/domains/de/test/auto/PersistentIO.xml (RunModel)" time="0.021" />
  <testcase classname="ptolemy.util.test.junit.AutoTests" name="[50] /home/travis/build/icyphy/ptII/ptolemy/domains/de/test/auto/PortParameterResetOnInitialize.xml (RunModel)" time="0.01" />
  <testcase classname="ptolemy.util.test.junit.AutoTests" name="[51] /home/travis/build/icyphy/ptII/ptolemy/domains/de/test/auto/PortParameterUpdates.xml (RunModel)" time="0.019" />
  <testcase classname="ptolemy.util.test.junit.AutoTests" name="[52] /home/travis/build/icyphy/ptII/ptolemy/domains/de/test/auto/QueueAndServer.xml (RunModel)" time="0.02" />
  <testcase classname="ptolemy.util.test.junit.AutoTests" name="[53] /home/travis/build/icyphy/ptII/ptolemy/domains/de/test/auto/Records.xml (RunModel)" time="0.013" />
  <testcase classname="ptolemy.util.test.junit.AutoTests" name="[54] /home/travis/build/icyphy/ptII/ptolemy/domains/de/test/auto/ResetTransitionWithStartTime1.xml (RunModel)" time="0.019" />
  <testcase classname="ptolemy.util.test.junit.AutoTests" name="[55] /home/travis/build/icyphy/ptII/ptolemy/domains/de/test/auto/ResetTransitionWithStartTime2.xml (RunModel)" time="0.023" />
  <testcase classname="ptolemy.util.test.junit.AutoTests" name="[56] /home/travis/build/icyphy/ptII/ptolemy/domains/de/test/auto/ResetTransitionWithStartTime3.xml (RunModel)" time="0.022" />
  <testcase classname="ptolemy.util.test.junit.AutoTests" name="[57] /home/travis/build/icyphy/ptII/ptolemy/domains/de/test/auto/ResetTransitionWithStartTime4.xml (RunModel)" time="0.024" />
  <testcase classname="ptolemy.util.test.junit.AutoTests" name="[58] /home/travis/build/icyphy/ptII/ptolemy/domains/de/test/auto/ResettableTimer1.xml (RunModel)" time="0.013" />
  <testcase classname="ptolemy.util.test.junit.AutoTests" name="[59] /home/travis/build/icyphy/ptII/ptolemy/domains/de/test/auto/ResettableTimer2.xml (RunModel)" time="0.011" />
  <testcase classname="ptolemy.util.test.junit.AutoTests" name="[60] /home/travis/build/icyphy/ptII/ptolemy/domains/de/test/auto/ResettableTimer3.xml (RunModel)" time="0.013" />
  <testcase classname="ptolemy.util.test.junit.AutoTests" name="[61] /home/travis/build/icyphy/ptII/ptolemy/domains/de/test/auto/ResettableTimer4.xml (RunModel)" time="0.009" />
  <testcase classname="ptolemy.util.test.junit.AutoTests" name="[62] /home/travis/build/icyphy/ptII/ptolemy/domains/de/test/auto/ResettableTimer5.xml (RunModel)" time="0.01" />
  <testcase classname="ptolemy.util.test.junit.AutoTests" name="[63] /home/travis/build/icyphy/ptII/ptolemy/domains/de/test/auto/ResettableTimer6.xml (RunModel)" time="0.01" />
  <testcase classname="ptolemy.util.test.junit.AutoTests" name="[64] /home/travis/build/icyphy/ptII/ptolemy/domains/de/test/auto/ServerZeroDelay.xml (RunModel)" time="0.01" />
  <testcase classname="ptolemy.util.test.junit.AutoTests" name="[65] /home/travis/build/icyphy/ptII/ptolemy/domains/de/test/auto/SmartSender.xml (RunModel)" time="3.01" />
  <testcase classname="ptolemy.util.test.junit.AutoTests" name="[66] /home/travis/build/icyphy/ptII/ptolemy/domains/de/test/auto/ThreadedComposite.xml (RunModel)" time="0.125" />
  <testcase classname="ptolemy.util.test.junit.AutoTests" name="[67] /home/travis/build/icyphy/ptII/ptolemy/domains/de/test/auto/Time.xml (RunModel)" time="0.418" />
  <testcase classname="ptolemy.util.test.junit.AutoTests" name="[68] /home/travis/build/icyphy/ptII/ptolemy/domains/de/test/auto/TimeDelayZeroDelay.xml (RunModel)" time="0.013" />
  <testcase classname="ptolemy.util.test.junit.AutoTests" name="[69] /home/travis/build/icyphy/ptII/ptolemy/domains/de/test/auto/TimerZeroDelay.xml (RunModel)" time="0.011" />
  <testcase classname="ptolemy.util.test.junit.AutoTests" name="[70] /home/travis/build/icyphy/ptII/ptolemy/domains/de/test/auto/TimingParadox.xml (RunModel)" time="0.346" />
  <testcase classname="ptolemy.util.test.junit.AutoTests" name="[71] /home/travis/build/icyphy/ptII/ptolemy/domains/de/test/auto/TransferInputs.xml (RunModel)" time="0.015" />
  <testcase classname="ptolemy.util.test.junit.AutoTests" name="[72] /home/travis/build/icyphy/ptII/ptolemy/domains/de/test/auto/TransferOutputs2.xml (RunModel)" time="0.016" />
  <testcase classname="ptolemy.util.test.junit.AutoTests" name="[73] /home/travis/build/icyphy/ptII/ptolemy/domains/de/test/auto/Trilateration.xml (RunModel)" time="11.748" />
  <testcase classname="ptolemy.util.test.junit.AutoTests" name="[74] /home/travis/build/icyphy/ptII/ptolemy/domains/de/test/auto/TwoSigmaDelta.xml (RunModel)" time="1.948" />
  <testcase classname="ptolemy.util.test.junit.AutoTests" name="[75] /home/travis/build/icyphy/ptII/ptolemy/domains/de/test/auto/VariableDelay.xml (RunModel)" time="0.015" />
  <testcase classname="ptolemy.util.test.junit.AutoTests" name="[76] /home/travis/build/icyphy/ptII/ptolemy/domains/de/test/auto/VariableDelay2.xml (RunModel)" time="0.01" />
  <testcase classname="ptolemy.util.test.junit.AutoTests" name="[77] /home/travis/build/icyphy/ptII/ptolemy/domains/de/test/auto/VariableDelayZeroDelay.xml (RunModel)" time="0.023" />
  <testcase classname="ptolemy.util.test.junit.AutoTests" name="[78] /home/travis/build/icyphy/ptII/ptolemy/domains/de/test/auto/VariableDelayZeroDelay2.xml (RunModel)" time="0.012" />
  <testcase classname="ptolemy.util.test.junit.AutoTests" name="[79] /home/travis/build/icyphy/ptII/ptolemy/domains/de/test/auto/deInCt.xml (RunModel)" time="0.023" />
  <testcase classname="ptolemy.util.test.junit.AutoTests" name="[80] /home/travis/build/icyphy/ptII/ptolemy/domains/de/test/auto/deInCt2.xml (RunModel)" time="0.017" />
  <testcase classname="ptolemy.util.test.junit.AutoTests" name="[81] /home/travis/build/icyphy/ptII/ptolemy/domains/de/test/auto/dynamicCausalityInterface1.xml (RunModel)" time="0.018" />
  <testcase classname="ptolemy.util.test.junit.AutoTests" name="[82] /home/travis/build/icyphy/ptII/ptolemy/domains/de/test/auto/fsm_de_test.xml (RunModel)" time="0.022" />
  <testcase classname="ptolemy.util.test.junit.AutoTests" name="[83] /home/travis/build/icyphy/ptII/ptolemy/domains/de/test/auto/functionDependencyReconstruction.xml (RunModel)" time="0.034" />
  <testcase classname="ptolemy.util.test.junit.AutoTests" name="[84] /home/travis/build/icyphy/ptII/ptolemy/domains/de/test/auto/multirate.xml (RunModel)" time="0.016" />
  <testcase classname="ptolemy.util.test.junit.AutoTests" name="[85] /home/travis/build/icyphy/ptII/ptolemy/domains/de/test/auto/multirate2.xml (RunModel)" time="0.015" />
  <testcase classname="ptolemy.util.test.junit.AutoTests" name="[86] /home/travis/build/icyphy/ptII/ptolemy/domains/de/test/auto/realtime.xml (RunModel)" time="10.011" />
  <testcase classname="ptolemy.util.test.junit.AutoTests" name="[87] /home/travis/build/icyphy/ptII/ptolemy/domains/de/test/auto/relationGroup.xml (RunModel)" time="0.008" />
  <testcase classname="ptolemy.util.test.junit.AutoTests" name="[88] /home/travis/build/icyphy/ptII/ptolemy/domains/de/test/auto/relationGroup2.xml (RunModel)" time="0.007" />
  <testcase classname="ptolemy.util.test.junit.AutoTests" name="[89] /home/travis/build/icyphy/ptII/ptolemy/domains/de/test/auto/sortWithOpaquePorts.xml (RunModel)" time="0.008" />
  <testcase classname="ptolemy.util.test.junit.AutoTests" name="[90] /home/travis/build/icyphy/ptII/ptolemy/domains/de/test/auto/transferInputsandOutputs.xml (RunModel)" time="0.014" />
  <testcase classname="ptolemy.util.test.junit.AutoTests" name="[91] /home/travis/build/icyphy/ptII/ptolemy/domains/de/test/auto/triggerType.xml (RunModel)" time="0.008" />
  <system-out><![CDATA[/home/travis/build/icyphy/ptII/ptolemy/domains/de/test/DependencyLoop.tcl
testDefs.tcl: setting time out to 9000 seconds at Sun Jun 03 19:11:00 UTC 2018
28 ms. Memory: 116224K Free: 95132K (82%)
10 ms. Memory: 146944K Free: 137841K (94%)
/home/travis/build/icyphy/ptII/ptolemy/domains/de/test/RunDETestsAsQSS.tcl
Run the DE tests using ptolemy.domains.qss.test.QSSDirectorTest, which extends QSSDirector and prints a message in the constructors.
------------------ testing $PTII/ptolemy/domains/de/test/auto/knownFailedTests/dependencyLoop.xml (Known Failure) 
18 ms. Memory: 146944K Free: 133572K (91%)


==== $PTIIhome/travis/build/icyphy/ptII/ptolemy/domains/de/test/../../../../: Auto Automatic test in file $PTII/ptolemy/domains/de/test/auto/knownFailedTests/dependencyLoop.xml
==== Contents of test case:

	    # FIXME: we should use $relativeFilename here, but it
	    # might have backslashes under Windows, which causes no end
	    # of trouble.
	    createAndExecute $file
	    list {}
	
.... Test generated KNOWN error:
    while executing
ptolemy.kernel.util.IllegalActionException: Found a zero delay loop containing .dependencyLoop.original
  in .dependencyLoop and .dependencyLoop.original
	at ptolemy.actor.util.CausalityInterfaceForComposites._computeOutputPortDepth(CausalityInterfaceForComposites.java:759)
	at ptolemy.actor.util.CausalityInterfaceForComposites._computeInputDepth(CausalityInterfaceForComposites.java:696)
	at ptolemy.actor.util.CausalityInterfaceForComposites._computeOutputPortDepth(CausalityInterfaceForComposites.java:765)
	at ptolemy.actor.util.CausalityInterfaceForComposites._computeInputDepth(CausalityInterfaceForComposites.java:696)
	at ptolemy.actor.util.CausalityInterfaceForComposites._computeOutputPortDepth(CausalityInterfaceForComposites.java:765)
	at ptolemy.actor.util.CausalityInterfaceForComposites._computeInputDepth(CausalityInterfaceForComposites.java:696)
	at ptolemy.actor.util.CausalityInterfaceForComposites._computeActorDepth(CausalityInterfaceForComposites.java:532)
	at ptolemy.actor.util.CausalityInterfaceForComposites.checkForCycles(CausalityInterfaceForComposites.java:96)
	at ptolemy.domains.de.kernel.DEDirector.preinitialize(DEDirector.java:1337)
	at ptolemy.actor.CompositeActor.preinitialize(CompositeActor.java:1828)
	at ptolemy.actor.Manager.preinitializeAndResolveTypes(Manager.java:1040)
	at ptolemy.actor.Manager.initialize(Manager.java:710)
	at ptolemy.actor.Manager.execute(Manager.java:356)
	at ptolemy.actor.Manager.run(Manager.java:1263)
	at ptolemy.actor.Manager$PtolemyRunThread.run(Manager.java:1915)

    while executing
ptolemy.kernel.util.IllegalActionException: Found a zero delay loop containing .dependencyLoop.original
  in .dependencyLoop and .dependencyLoop.original
    while executing
"java::new ptolemy.moml.MoMLSimpleApplication $file
"
    (procedure "createAndExecute" line 2)
    invoked from within
"createAndExecute $file"
    ("uplevel" body line 5)
    invoked from within
"uplevel $contents_of_test"
------------------ testing $PTII/ptolemy/domains/de/test/auto/knownFailedTests/DESDFClockTest.xml (Known Failure) 
2052 ms. Memory: 146944K Free: 117797K (80%)


==== $PTIIhome/travis/build/icyphy/ptII/ptolemy/domains/de/test/../../../../: Auto Automatic test in file $PTII/ptolemy/domains/de/test/auto/knownFailedTests/DESDFClockTest.xml
==== Contents of test case:

	    # FIXME: we should use $relativeFilename here, but it
	    # might have backslashes under Windows, which causes no end
	    # of trouble.
	    createAndExecute $file
	    list {}
	
.... Test generated KNOWN error:
    while executing
ptolemy.kernel.util.IllegalActionException: Actor is not ready to fire.  Perhaps UpSample.prefire() returned false? Try debugging the actor by selecting "Listen to Actor".  Also, for SDF check moml for tokenConsumptionRate on input.
  in .DESDFClockTest.Play Bell.Copy1:SDF Director and .DESDFClockTest.Play Bell.UpSample
	at ptolemy.actor.sched.StaticSchedulingDirector.fire(StaticSchedulingDirector.java:227)
	at ptolemy.domains.sdf.kernel.SDFDirector.fire(SDFDirector.java:500)
	at ptolemy.actor.CompositeActor.fire(CompositeActor.java:455)
	at ptolemy.domains.de.kernel.DEDirector._fire(DEDirector.java:1948)
	at ptolemy.domains.de.kernel.DEDirector.fire(DEDirector.java:502)
	at ptolemy.actor.CompositeActor.fire(CompositeActor.java:455)
	at ptolemy.actor.Manager.iterate(Manager.java:851)
	at ptolemy.actor.Manager.execute(Manager.java:369)
	at ptolemy.actor.Manager.run(Manager.java:1263)
	at ptolemy.actor.Manager$PtolemyRunThread.run(Manager.java:1915)

    while executing
ptolemy.kernel.util.IllegalActionException: Actor is not ready to fire.  Perhaps UpSample.prefire() returned false? Try debugging the actor by selecting "Listen to Actor".  Also, for SDF check moml for tokenConsumptionRate on input.
  in .DESDFClockTest.Play Bell.Copy1:SDF Director and .DESDFClockTest.Play Bell.UpSample
    while executing
"java::new ptolemy.moml.MoMLSimpleApplication $file
"
    (procedure "createAndExecute" line 2)
    invoked from within
"createAndExecute $file"
    ("uplevel" body line 5)
    invoked from within
"uplevel $contents_of_test"
------------------ testing $PTII/ptolemy/domains/de/test/auto/knownFailedTests/FSMSource.xml (Known Failure) 
40 ms. Memory: 146944K Free: 108845K (74%)
!!!! Auto was marked as failing, but now passes
------------------ testing $PTII/ptolemy/domains/de/test/auto/knownFailedTests/dependencyLoop2.xml (Known Failure) 
13 ms. Memory: 146944K Free: 106970K (73%)


==== $PTIIhome/travis/build/icyphy/ptII/ptolemy/domains/de/test/../../../../: Auto Automatic test in file $PTII/ptolemy/domains/de/test/auto/knownFailedTests/dependencyLoop2.xml
==== Contents of test case:

	    # FIXME: we should use $relativeFilename here, but it
	    # might have backslashes under Windows, which causes no end
	    # of trouble.
	    createAndExecute $file
	    list {}
	
.... Test generated KNOWN error:
    while executing
ptolemy.kernel.util.IllegalActionException: Found a zero delay loop containing .dependencyLoop2.original
  in .dependencyLoop2 and .dependencyLoop2.original
	at ptolemy.actor.util.CausalityInterfaceForComposites._computeOutputPortDepth(CausalityInterfaceForComposites.java:759)
	at ptolemy.actor.util.CausalityInterfaceForComposites._computeInputDepth(CausalityInterfaceForComposites.java:696)
	at ptolemy.actor.util.CausalityInterfaceForComposites._computeOutputPortDepth(CausalityInterfaceForComposites.java:765)
	at ptolemy.actor.util.CausalityInterfaceForComposites._computeInputDepth(CausalityInterfaceForComposites.java:696)
	at ptolemy.actor.util.CausalityInterfaceForComposites._computeOutputPortDepth(CausalityInterfaceForComposites.java:765)
	at ptolemy.actor.util.CausalityInterfaceForComposites._computeInputDepth(CausalityInterfaceForComposites.java:696)
	at ptolemy.actor.util.CausalityInterfaceForComposites._computeActorDepth(CausalityInterfaceForComposites.java:532)
	at ptolemy.actor.util.CausalityInterfaceForComposites.checkForCycles(CausalityInterfaceForComposites.java:96)
	at ptolemy.domains.de.kernel.DEDirector.preinitialize(DEDirector.java:1337)
	at ptolemy.actor.CompositeActor.preinitialize(CompositeActor.java:1828)
	at ptolemy.actor.Manager.preinitializeAndResolveTypes(Manager.java:1040)
	at ptolemy.actor.Manager.initialize(Manager.java:710)
	at ptolemy.actor.Manager.execute(Manager.java:356)
	at ptolemy.actor.Manager.run(Manager.java:1263)
	at ptolemy.actor.Manager$PtolemyRunThread.run(Manager.java:1915)

    while executing
ptolemy.kernel.util.IllegalActionException: Found a zero delay loop containing .dependencyLoop2.original
  in .dependencyLoop2 and .dependencyLoop2.original
    while executing
"java::new ptolemy.moml.MoMLSimpleApplication $file
"
    (procedure "createAndExecute" line 2)
    invoked from within
"createAndExecute $file"
    ("uplevel" body line 5)
    invoked from within
"uplevel $contents_of_test"
------------------ testing $PTII/ptolemy/domains/de/test/auto/knownFailedTests/HierarchicalModel.xml (Known Failure) 
6 ms. Memory: 146944K Free: 86530K (59%)


==== $PTIIhome/travis/build/icyphy/ptII/ptolemy/domains/de/test/../../../../: Auto Automatic test in file $PTII/ptolemy/domains/de/test/auto/knownFailedTests/HierarchicalModel.xml
==== Contents of test case:

	    # FIXME: we should use $relativeFilename here, but it
	    # might have backslashes under Windows, which causes no end
	    # of trouble.
	    createAndExecute $file
	    list {}
	
.... Test generated KNOWN error:
    while executing
ptolemy.kernel.util.IllegalActionException: Found a zero delay loop containing .HierarchicalModel.A
  in .HierarchicalModel and .HierarchicalModel.A
	at ptolemy.actor.util.CausalityInterfaceForComposites._computeOutputPortDepth(CausalityInterfaceForComposites.java:759)
	at ptolemy.actor.util.CausalityInterfaceForComposites._computeInputDepth(CausalityInterfaceForComposites.java:696)
	at ptolemy.actor.util.CausalityInterfaceForComposites._computeOutputPortDepth(CausalityInterfaceForComposites.java:765)
	at ptolemy.actor.util.CausalityInterfaceForComposites._computeInputDepth(CausalityInterfaceForComposites.java:696)
	at ptolemy.actor.util.CausalityInterfaceForComposites._computeOutputPortDepth(CausalityInterfaceForComposites.java:765)
	at ptolemy.actor.util.CausalityInterfaceForComposites._computeInputDepth(CausalityInterfaceForComposites.java:696)
	at ptolemy.actor.util.CausalityInterfaceForComposites._computeActorDepth(CausalityInterfaceForComposites.java:532)
	at ptolemy.actor.util.CausalityInterfaceForComposites.checkForCycles(CausalityInterfaceForComposites.java:96)
	at ptolemy.domains.de.kernel.DEDirector.preinitialize(DEDirector.java:1337)
	at ptolemy.actor.CompositeActor.preinitialize(CompositeActor.java:1828)
	at ptolemy.actor.Manager.preinitializeAndResolveTypes(Manager.java:1040)
	at ptolemy.actor.Manager.initialize(Manager.java:710)
	at ptolemy.actor.Manager.execute(Manager.java:356)
	at ptolemy.actor.Manager.run(Manager.java:1263)
	at ptolemy.actor.Manager$PtolemyRunThread.run(Manager.java:1915)

    while executing
ptolemy.kernel.util.IllegalActionException: Found a zero delay loop containing .HierarchicalModel.A
  in .HierarchicalModel and .HierarchicalModel.A
    while executing
"java::new ptolemy.moml.MoMLSimpleApplication $file
"
    (procedure "createAndExecute" line 2)
    invoked from within
"createAndExecute $file"
    ("uplevel" body line 5)
    invoked from within
"uplevel $contents_of_test"
------------------ testing $PTII/ptolemy/domains/de/test/auto/knownFailedTests/DirectFeedback.xml (Known Failure) 
19 ms. Memory: 146944K Free: 142583K (97%)


==== $PTIIhome/travis/build/icyphy/ptII/ptolemy/domains/de/test/../../../../: Auto Automatic test in file $PTII/ptolemy/domains/de/test/auto/knownFailedTests/DirectFeedback.xml
==== Contents of test case:

	    # FIXME: we should use $relativeFilename here, but it
	    # might have backslashes under Windows, which causes no end
	    # of trouble.
	    createAndExecute $file
	    list {}
	
.... Test generated KNOWN error:
    while executing
ptolemy.kernel.util.IllegalActionException: Test fails in iteration 1.
Value was: 1.0. Should have been: 2.0
  in .DirectFeedback.Test
	at ptolemy.actor.lib.Test.fire(Test.java:268)
	at ptolemy.domains.de.kernel.DEDirector._fire(DEDirector.java:1948)
	at ptolemy.domains.de.kernel.DEDirector.fire(DEDirector.java:502)
	at ptolemy.actor.CompositeActor.fire(CompositeActor.java:455)
	at ptolemy.actor.Manager.iterate(Manager.java:851)
	at ptolemy.actor.Manager.execute(Manager.java:369)
	at ptolemy.actor.Manager.run(Manager.java:1263)
	at ptolemy.actor.Manager$PtolemyRunThread.run(Manager.java:1915)

    while executing
ptolemy.kernel.util.IllegalActionException: Test fails in iteration 1.
Value was: 1.0. Should have been: 2.0
  in .DirectFeedback.Test
    while executing
"java::new ptolemy.moml.MoMLSimpleApplication $file
"
    (procedure "createAndExecute" line 2)
    invoked from within
"createAndExecute $file"
    ("uplevel" body line 5)
    invoked from within
"uplevel $contents_of_test"
------------------ testing $PTII/ptolemy/domains/de/test/auto/ActorDepthCalculation_actorWithoutPorts.xml
auto.tcl: Setting watchdog for 200 seconds at Sun Jun 03 19:11:04 UTC 2018
8 ms. Memory: 146944K Free: 133699K (91%)
ptolemy.util.test.WatchDog.cancel(): canceling Sun Jun 03 19:11:04 UTC 2018
auto.tcl: Setting watchdog for 200 seconds at Sun Jun 03 19:11:04 UTC 2018
8 ms. Memory: 146944K Free: 131647K (90%)
ptolemy.util.test.WatchDog.cancel(): canceling Sun Jun 03 19:11:04 UTC 2018
------------------ testing $PTII/ptolemy/domains/de/test/auto/AssemblyLine.xml
auto.tcl: Setting watchdog for 200 seconds at Sun Jun 03 19:11:04 UTC 2018
27 ms. Memory: 208384K Free: 186580K (90%)
ptolemy.util.test.WatchDog.cancel(): canceling Sun Jun 03 19:11:04 UTC 2018
auto.tcl: Setting watchdog for 200 seconds at Sun Jun 03 19:11:04 UTC 2018
21 ms. Memory: 208384K Free: 182894K (88%)
ptolemy.util.test.WatchDog.cancel(): canceling Sun Jun 03 19:11:04 UTC 2018
------------------ testing $PTII/ptolemy/domains/de/test/auto/CQBug1.xml
auto.tcl: Setting watchdog for 200 seconds at Sun Jun 03 19:11:04 UTC 2018
9 ms. Memory: 208384K Free: 197737K (95%)
ptolemy.util.test.WatchDog.cancel(): canceling Sun Jun 03 19:11:04 UTC 2018
auto.tcl: Setting watchdog for 200 seconds at Sun Jun 03 19:11:04 UTC 2018
2 ms. Memory: 208384K Free: 197737K (95%)
ptolemy.util.test.WatchDog.cancel(): canceling Sun Jun 03 19:11:04 UTC 2018
------------------ testing $PTII/ptolemy/domains/de/test/auto/CancelFireAt.xml
auto.tcl: Setting watchdog for 200 seconds at Sun Jun 03 19:11:04 UTC 2018
5 ms. Memory: 208384K Free: 201443K (97%)
ptolemy.util.test.WatchDog.cancel(): canceling Sun Jun 03 19:11:04 UTC 2018
auto.tcl: Setting watchdog for 200 seconds at Sun Jun 03 19:11:04 UTC 2018
2 ms. Memory: 208384K Free: 199357K (96%)
ptolemy.util.test.WatchDog.cancel(): canceling Sun Jun 03 19:11:04 UTC 2018
------------------ testing $PTII/ptolemy/domains/de/test/auto/CausalityAndComposabilityAnalysis.xml
auto.tcl: Setting watchdog for 200 seconds at Sun Jun 03 19:11:05 UTC 2018
13 ms. Memory: 208384K Free: 196532K (94%)
ptolemy.util.test.WatchDog.cancel(): canceling Sun Jun 03 19:11:05 UTC 2018
auto.tcl: Setting watchdog for 200 seconds at Sun Jun 03 19:11:05 UTC 2018
6 ms. Memory: 208384K Free: 196532K (94%)
ptolemy.util.test.WatchDog.cancel(): canceling Sun Jun 03 19:11:05 UTC 2018
------------------ testing $PTII/ptolemy/domains/de/test/auto/CausalityInterface1.xml
auto.tcl: Setting watchdog for 200 seconds at Sun Jun 03 19:11:05 UTC 2018
8 ms. Memory: 208384K Free: 196806K (94%)
ptolemy.util.test.WatchDog.cancel(): canceling Sun Jun 03 19:11:05 UTC 2018
auto.tcl: Setting watchdog for 200 seconds at Sun Jun 03 19:11:05 UTC 2018
4 ms. Memory: 208384K Free: 196806K (94%)
ptolemy.util.test.WatchDog.cancel(): canceling Sun Jun 03 19:11:05 UTC 2018
------------------ testing $PTII/ptolemy/domains/de/test/auto/CausalityInterface15.xml
auto.tcl: Setting watchdog for 200 seconds at Sun Jun 03 19:11:05 UTC 2018
8 ms. Memory: 208384K Free: 196460K (94%)
ptolemy.util.test.WatchDog.cancel(): canceling Sun Jun 03 19:11:05 UTC 2018
auto.tcl: Setting watchdog for 200 seconds at Sun Jun 03 19:11:05 UTC 2018
14 ms. Memory: 208384K Free: 194374K (93%)
ptolemy.util.test.WatchDog.cancel(): canceling Sun Jun 03 19:11:05 UTC 2018
------------------ testing $PTII/ptolemy/domains/de/test/auto/CausalityInterface2.xml
auto.tcl: Setting watchdog for 200 seconds at Sun Jun 03 19:11:05 UTC 2018
3 ms. Memory: 208384K Free: 196781K (94%)
ptolemy.util.test.WatchDog.cancel(): canceling Sun Jun 03 19:11:05 UTC 2018
auto.tcl: Setting watchdog for 200 seconds at Sun Jun 03 19:11:05 UTC 2018
2 ms. Memory: 208384K Free: 196781K (94%)
ptolemy.util.test.WatchDog.cancel(): canceling Sun Jun 03 19:11:05 UTC 2018
------------------ testing $PTII/ptolemy/domains/de/test/auto/CausalityInterface3.xml
auto.tcl: Setting watchdog for 200 seconds at Sun Jun 03 19:11:05 UTC 2018
4 ms. Memory: 208384K Free: 196795K (94%)
ptolemy.util.test.WatchDog.cancel(): canceling Sun Jun 03 19:11:05 UTC 2018
auto.tcl: Setting watchdog for 200 seconds at Sun Jun 03 19:11:05 UTC 2018
3 ms. Memory: 208384K Free: 196457K (94%)
ptolemy.util.test.WatchDog.cancel(): canceling Sun Jun 03 19:11:05 UTC 2018
------------------ testing $PTII/ptolemy/domains/de/test/auto/ClockDrift.xml
auto.tcl: Setting watchdog for 200 seconds at Sun Jun 03 19:11:05 UTC 2018
67 ms. Memory: 208384K Free: 187733K (90%)
ptolemy.util.test.WatchDog.cancel(): canceling Sun Jun 03 19:11:05 UTC 2018
auto.tcl: Setting watchdog for 200 seconds at Sun Jun 03 19:11:05 UTC 2018
71 ms. Memory: 208384K Free: 185647K (89%)
ptolemy.util.test.WatchDog.cancel(): canceling Sun Jun 03 19:11:05 UTC 2018
------------------ testing $PTII/ptolemy/domains/de/test/auto/ClockDriftAndValueChange.xml
auto.tcl: Setting watchdog for 200 seconds at Sun Jun 03 19:11:05 UTC 2018
50 ms. Memory: 208384K Free: 187566K (90%)
ptolemy.util.test.WatchDog.cancel(): canceling Sun Jun 03 19:11:05 UTC 2018
auto.tcl: Setting watchdog for 200 seconds at Sun Jun 03 19:11:05 UTC 2018
35 ms. Memory: 208384K Free: 185481K (89%)
ptolemy.util.test.WatchDog.cancel(): canceling Sun Jun 03 19:11:05 UTC 2018
------------------ testing $PTII/ptolemy/domains/de/test/auto/ClockDriftChange.xml
auto.tcl: Setting watchdog for 200 seconds at Sun Jun 03 19:11:06 UTC 2018
19 ms. Memory: 208384K Free: 190628K (91%)
ptolemy.util.test.WatchDog.cancel(): canceling Sun Jun 03 19:11:06 UTC 2018
auto.tcl: Setting watchdog for 200 seconds at Sun Jun 03 19:11:06 UTC 2018
23 ms. Memory: 208384K Free: 188543K (90%)
ptolemy.util.test.WatchDog.cancel(): canceling Sun Jun 03 19:11:06 UTC 2018
------------------ testing $PTII/ptolemy/domains/de/test/auto/ComposableCausalityAnalysis.xml
auto.tcl: Setting watchdog for 200 seconds at Sun Jun 03 19:11:06 UTC 2018
2 ms. Memory: 208384K Free: 196066K (94%)
ptolemy.util.test.WatchDog.cancel(): canceling Sun Jun 03 19:11:06 UTC 2018
auto.tcl: Setting watchdog for 200 seconds at Sun Jun 03 19:11:06 UTC 2018
2 ms. Memory: 208384K Free: 193980K (93%)
ptolemy.util.test.WatchDog.cancel(): canceling Sun Jun 03 19:11:06 UTC 2018
------------------ testing $PTII/ptolemy/domains/de/test/auto/DEFixedPointLimitation.xml
auto.tcl: Setting watchdog for 200 seconds at Sun Jun 03 19:11:06 UTC 2018
2 ms. Memory: 208384K Free: 196146K (94%)
ptolemy.util.test.WatchDog.cancel(): canceling Sun Jun 03 19:11:06 UTC 2018
auto.tcl: Setting watchdog for 200 seconds at Sun Jun 03 19:11:06 UTC 2018
1 ms. Memory: 208384K Free: 196146K (94%)
ptolemy.util.test.WatchDog.cancel(): canceling Sun Jun 03 19:11:06 UTC 2018
------------------ testing $PTII/ptolemy/domains/de/test/auto/DEScheduleTest.xml
auto.tcl: Setting watchdog for 200 seconds at Sun Jun 03 19:11:06 UTC 2018
6 ms. Memory: 208384K Free: 198268K (95%)
ptolemy.util.test.WatchDog.cancel(): canceling Sun Jun 03 19:11:06 UTC 2018
auto.tcl: Setting watchdog for 200 seconds at Sun Jun 03 19:11:06 UTC 2018
6 ms. Memory: 208384K Free: 196182K (94%)
ptolemy.util.test.WatchDog.cancel(): canceling Sun Jun 03 19:11:06 UTC 2018
------------------ testing $PTII/ptolemy/domains/de/test/auto/DEinDEwithStartTimes.xml
auto.tcl: Setting watchdog for 200 seconds at Sun Jun 03 19:11:06 UTC 2018
4 ms. Memory: 208384K Free: 196151K (94%)
ptolemy.util.test.WatchDog.cancel(): canceling Sun Jun 03 19:11:06 UTC 2018
auto.tcl: Setting watchdog for 200 seconds at Sun Jun 03 19:11:06 UTC 2018
4 ms. Memory: 208384K Free: 194066K (93%)
ptolemy.util.test.WatchDog.cancel(): canceling Sun Jun 03 19:11:06 UTC 2018
------------------ testing $PTII/ptolemy/domains/de/test/auto/DEinDEwithStartTimes2.xml
auto.tcl: Setting watchdog for 200 seconds at Sun Jun 03 19:11:06 UTC 2018
5 ms. Memory: 208384K Free: 196469K (94%)
ptolemy.util.test.WatchDog.cancel(): canceling Sun Jun 03 19:11:06 UTC 2018
auto.tcl: Setting watchdog for 200 seconds at Sun Jun 03 19:11:06 UTC 2018
4 ms. Memory: 208384K Free: 194045K (93%)
ptolemy.util.test.WatchDog.cancel(): canceling Sun Jun 03 19:11:06 UTC 2018
------------------ testing $PTII/ptolemy/domains/de/test/auto/DateDemo.xml
auto.tcl: Setting watchdog for 200 seconds at Sun Jun 03 19:11:06 UTC 2018
18 ms. Memory: 208384K Free: 188612K (91%)
ptolemy.util.test.WatchDog.cancel(): canceling Sun Jun 03 19:11:06 UTC 2018
auto.tcl: Setting watchdog for 200 seconds at Sun Jun 03 19:11:06 UTC 2018
9 ms. Memory: 208384K Free: 186527K (90%)
ptolemy.util.test.WatchDog.cancel(): canceling Sun Jun 03 19:11:06 UTC 2018
------------------ testing $PTII/ptolemy/domains/de/test/auto/DateToEvent.xml
auto.tcl: Setting watchdog for 200 seconds at Sun Jun 03 19:11:06 UTC 2018
2017 ms. Memory: 208384K Free: 183377K (88%)
ptolemy.util.test.WatchDog.cancel(): canceling Sun Jun 03 19:11:08 UTC 2018
auto.tcl: Setting watchdog for 200 seconds at Sun Jun 03 19:11:08 UTC 2018
2011 ms. Memory: 208384K Free: 183377K (88%)
ptolemy.util.test.WatchDog.cancel(): canceling Sun Jun 03 19:11:10 UTC 2018
------------------ testing $PTII/ptolemy/domains/de/test/auto/DepthTest1.xml
auto.tcl: Setting watchdog for 200 seconds at Sun Jun 03 19:11:10 UTC 2018
4 ms. Memory: 208384K Free: 197795K (95%)
ptolemy.util.test.WatchDog.cancel(): canceling Sun Jun 03 19:11:10 UTC 2018
auto.tcl: Setting watchdog for 200 seconds at Sun Jun 03 19:11:10 UTC 2018
6 ms. Memory: 208384K Free: 197795K (95%)
ptolemy.util.test.WatchDog.cancel(): canceling Sun Jun 03 19:11:10 UTC 2018
------------------ testing $PTII/ptolemy/domains/de/test/auto/DepthTest2.xml
auto.tcl: Setting watchdog for 200 seconds at Sun Jun 03 19:11:10 UTC 2018
6 ms. Memory: 208384K Free: 194025K (93%)
ptolemy.util.test.WatchDog.cancel(): canceling Sun Jun 03 19:11:11 UTC 2018
auto.tcl: Setting watchdog for 200 seconds at Sun Jun 03 19:11:11 UTC 2018
4 ms. Memory: 208384K Free: 194025K (93%)
ptolemy.util.test.WatchDog.cancel(): canceling Sun Jun 03 19:11:11 UTC 2018
------------------ testing $PTII/ptolemy/domains/de/test/auto/DepthTest3.xml
auto.tcl: Setting watchdog for 200 seconds at Sun Jun 03 19:11:11 UTC 2018
4 ms. Memory: 208384K Free: 198129K (95%)
ptolemy.util.test.WatchDog.cancel(): canceling Sun Jun 03 19:11:11 UTC 2018
auto.tcl: Setting watchdog for 200 seconds at Sun Jun 03 19:11:11 UTC 2018
2 ms. Memory: 208384K Free: 198129K (95%)
ptolemy.util.test.WatchDog.cancel(): canceling Sun Jun 03 19:11:11 UTC 2018
------------------ testing $PTII/ptolemy/domains/de/test/auto/DepthTest4.xml
auto.tcl: Setting watchdog for 200 seconds at Sun Jun 03 19:11:11 UTC 2018
7 ms. Memory: 208384K Free: 196131K (94%)
ptolemy.util.test.WatchDog.cancel(): canceling Sun Jun 03 19:11:11 UTC 2018
auto.tcl: Setting watchdog for 200 seconds at Sun Jun 03 19:11:11 UTC 2018
2 ms. Memory: 208384K Free: 196131K (94%)
ptolemy.util.test.WatchDog.cancel(): canceling Sun Jun 03 19:11:11 UTC 2018
------------------ testing $PTII/ptolemy/domains/de/test/auto/DepthTest5.xml
auto.tcl: Setting watchdog for 200 seconds at Sun Jun 03 19:11:11 UTC 2018
4 ms. Memory: 208384K Free: 196078K (94%)
ptolemy.util.test.WatchDog.cancel(): canceling Sun Jun 03 19:11:11 UTC 2018
auto.tcl: Setting watchdog for 200 seconds at Sun Jun 03 19:11:11 UTC 2018
3 ms. Memory: 208384K Free: 196078K (94%)
ptolemy.util.test.WatchDog.cancel(): canceling Sun Jun 03 19:11:11 UTC 2018
------------------ testing $PTII/ptolemy/domains/de/test/auto/DepthTest6.xml
auto.tcl: Setting watchdog for 200 seconds at Sun Jun 03 19:11:11 UTC 2018
12 ms. Memory: 208384K Free: 196392K (94%)
ptolemy.util.test.WatchDog.cancel(): canceling Sun Jun 03 19:11:11 UTC 2018
auto.tcl: Setting watchdog for 200 seconds at Sun Jun 03 19:11:11 UTC 2018
3 ms. Memory: 208384K Free: 196392K (94%)
ptolemy.util.test.WatchDog.cancel(): canceling Sun Jun 03 19:11:11 UTC 2018
------------------ testing $PTII/ptolemy/domains/de/test/auto/DepthTest7.xml
auto.tcl: Setting watchdog for 200 seconds at Sun Jun 03 19:11:11 UTC 2018
2 ms. Memory: 208384K Free: 196036K (94%)
ptolemy.util.test.WatchDog.cancel(): canceling Sun Jun 03 19:11:11 UTC 2018
auto.tcl: Setting watchdog for 200 seconds at Sun Jun 03 19:11:11 UTC 2018
2 ms. Memory: 208384K Free: 196036K (94%)
ptolemy.util.test.WatchDog.cancel(): canceling Sun Jun 03 19:11:11 UTC 2018
------------------ testing $PTII/ptolemy/domains/de/test/auto/EventToDate.xml
auto.tcl: Setting watchdog for 200 seconds at Sun Jun 03 19:11:11 UTC 2018
3010 ms. Memory: 208384K Free: 183172K (88%)
ptolemy.util.test.WatchDog.cancel(): canceling Sun Jun 03 19:11:14 UTC 2018
auto.tcl: Setting watchdog for 200 seconds at Sun Jun 03 19:11:14 UTC 2018
3003 ms. Memory: 208384K Free: 183172K (88%)
ptolemy.util.test.WatchDog.cancel(): canceling Sun Jun 03 19:11:17 UTC 2018
------------------ testing $PTII/ptolemy/domains/de/test/auto/FSM1.xml
auto.tcl: Setting watchdog for 200 seconds at Sun Jun 03 19:11:17 UTC 2018
30 ms. Memory: 208384K Free: 187032K (90%)
ptolemy.util.test.WatchDog.cancel(): canceling Sun Jun 03 19:11:17 UTC 2018
auto.tcl: Setting watchdog for 200 seconds at Sun Jun 03 19:11:17 UTC 2018
21 ms. Memory: 208384K Free: 184946K (89%)
ptolemy.util.test.WatchDog.cancel(): canceling Sun Jun 03 19:11:17 UTC 2018
------------------ testing $PTII/ptolemy/domains/de/test/auto/FSM7.xml
auto.tcl: Setting watchdog for 200 seconds at Sun Jun 03 19:11:17 UTC 2018
32 ms. Memory: 208384K Free: 187236K (90%)
ptolemy.util.test.WatchDog.cancel(): canceling Sun Jun 03 19:11:17 UTC 2018
auto.tcl: Setting watchdog for 200 seconds at Sun Jun 03 19:11:17 UTC 2018
16 ms. Memory: 208384K Free: 185151K (89%)
ptolemy.util.test.WatchDog.cancel(): canceling Sun Jun 03 19:11:17 UTC 2018
------------------ testing $PTII/ptolemy/domains/de/test/auto/Inspection.xml
auto.tcl: Setting watchdog for 200 seconds at Sun Jun 03 19:11:17 UTC 2018
21 ms. Memory: 208384K Free: 188787K (91%)
ptolemy.util.test.WatchDog.cancel(): canceling Sun Jun 03 19:11:17 UTC 2018
auto.tcl: Setting watchdog for 200 seconds at Sun Jun 03 19:11:17 UTC 2018
26 ms. Memory: 208384K Free: 186702K (90%)
ptolemy.util.test.WatchDog.cancel(): canceling Sun Jun 03 19:11:17 UTC 2018
------------------ testing $PTII/ptolemy/domains/de/test/auto/Iteration.xml
auto.tcl: Setting watchdog for 200 seconds at Sun Jun 03 19:11:17 UTC 2018
8 ms. Memory: 208384K Free: 194096K (93%)
ptolemy.util.test.WatchDog.cancel(): canceling Sun Jun 03 19:11:17 UTC 2018
auto.tcl: Setting watchdog for 200 seconds at Sun Jun 03 19:11:17 UTC 2018
7 ms. Memory: 208384K Free: 193759K (93%)
ptolemy.util.test.WatchDog.cancel(): canceling Sun Jun 03 19:11:17 UTC 2018
------------------ testing $PTII/ptolemy/domains/de/test/auto/LineFault.xml
auto.tcl: Setting watchdog for 200 seconds at Sun Jun 03 19:11:18 UTC 2018
756 ms. Memory: 208384K Free: 193848K (93%)
ptolemy.util.test.WatchDog.cancel(): canceling Sun Jun 03 19:11:19 UTC 2018
auto.tcl: Setting watchdog for 200 seconds at Sun Jun 03 19:11:19 UTC 2018
627 ms. Memory: 208384K Free: 136459K (65%)
ptolemy.util.test.WatchDog.cancel(): canceling Sun Jun 03 19:11:19 UTC 2018
------------------ testing $PTII/ptolemy/domains/de/test/auto/MergeModel1Add.xml
auto.tcl: Setting watchdog for 200 seconds at Sun Jun 03 19:11:19 UTC 2018
27 ms. Memory: 331264K Free: 299065K (90%)
ptolemy.util.test.WatchDog.cancel(): canceling Sun Jun 03 19:11:19 UTC 2018
auto.tcl: Setting watchdog for 200 seconds at Sun Jun 03 19:11:19 UTC 2018
12 ms. Memory: 331264K Free: 299065K (90%)
ptolemy.util.test.WatchDog.cancel(): canceling Sun Jun 03 19:11:19 UTC 2018
------------------ testing $PTII/ptolemy/domains/de/test/auto/MergeModel2Add.xml
auto.tcl: Setting watchdog for 200 seconds at Sun Jun 03 19:11:20 UTC 2018
9 ms. Memory: 331264K Free: 304282K (92%)
ptolemy.util.test.WatchDog.cancel(): canceling Sun Jun 03 19:11:20 UTC 2018
auto.tcl: Setting watchdog for 200 seconds at Sun Jun 03 19:11:20 UTC 2018
12 ms. Memory: 331264K Free: 300411K (91%)
ptolemy.util.test.WatchDog.cancel(): canceling Sun Jun 03 19:11:20 UTC 2018
------------------ testing $PTII/ptolemy/domains/de/test/auto/MergeModel3Add.xml
auto.tcl: Setting watchdog for 200 seconds at Sun Jun 03 19:11:20 UTC 2018
11 ms. Memory: 331264K Free: 304260K (92%)
ptolemy.util.test.WatchDog.cancel(): canceling Sun Jun 03 19:11:20 UTC 2018
auto.tcl: Setting watchdog for 200 seconds at Sun Jun 03 19:11:20 UTC 2018
9 ms. Memory: 331264K Free: 300389K (91%)
ptolemy.util.test.WatchDog.cancel(): canceling Sun Jun 03 19:11:20 UTC 2018
------------------ testing $PTII/ptolemy/domains/de/test/auto/MergeWithoutDiscard.xml
auto.tcl: Setting watchdog for 200 seconds at Sun Jun 03 19:11:20 UTC 2018
4 ms. Memory: 331264K Free: 315787K (95%)
ptolemy.util.test.WatchDog.cancel(): canceling Sun Jun 03 19:11:20 UTC 2018
auto.tcl: Setting watchdog for 200 seconds at Sun Jun 03 19:11:20 UTC 2018
2 ms. Memory: 331264K Free: 315787K (95%)
ptolemy.util.test.WatchDog.cancel(): canceling Sun Jun 03 19:11:20 UTC 2018
------------------ testing $PTII/ptolemy/domains/de/test/auto/Modal1.xml
auto.tcl: Setting watchdog for 200 seconds at Sun Jun 03 19:11:20 UTC 2018
15 ms. Memory: 331264K Free: 309486K (93%)
ptolemy.util.test.WatchDog.cancel(): canceling Sun Jun 03 19:11:20 UTC 2018
auto.tcl: Setting watchdog for 200 seconds at Sun Jun 03 19:11:20 UTC 2018
11 ms. Memory: 331264K Free: 305615K (92%)
ptolemy.util.test.WatchDog.cancel(): canceling Sun Jun 03 19:11:20 UTC 2018
------------------ testing $PTII/ptolemy/domains/de/test/auto/Modal2.xml
auto.tcl: Setting watchdog for 200 seconds at Sun Jun 03 19:11:20 UTC 2018
17 ms. Memory: 331264K Free: 309360K (93%)
ptolemy.util.test.WatchDog.cancel(): canceling Sun Jun 03 19:11:20 UTC 2018
auto.tcl: Setting watchdog for 200 seconds at Sun Jun 03 19:11:20 UTC 2018
18 ms. Memory: 331264K Free: 305488K (92%)
ptolemy.util.test.WatchDog.cancel(): canceling Sun Jun 03 19:11:20 UTC 2018
------------------ testing $PTII/ptolemy/domains/de/test/auto/Modal3.xml
auto.tcl: Setting watchdog for 200 seconds at Sun Jun 03 19:11:20 UTC 2018
15 ms. Memory: 331264K Free: 309357K (93%)
ptolemy.util.test.WatchDog.cancel(): canceling Sun Jun 03 19:11:20 UTC 2018
auto.tcl: Setting watchdog for 200 seconds at Sun Jun 03 19:11:20 UTC 2018
15 ms. Memory: 331264K Free: 305486K (92%)
ptolemy.util.test.WatchDog.cancel(): canceling Sun Jun 03 19:11:20 UTC 2018
------------------ testing $PTII/ptolemy/domains/de/test/auto/Modal4.xml
auto.tcl: Setting watchdog for 200 seconds at Sun Jun 03 19:11:20 UTC 2018
28 ms. Memory: 331264K Free: 304230K (92%)
ptolemy.util.test.WatchDog.cancel(): canceling Sun Jun 03 19:11:20 UTC 2018
auto.tcl: Setting watchdog for 200 seconds at Sun Jun 03 19:11:20 UTC 2018
14 ms. Memory: 331264K Free: 300359K (91%)
ptolemy.util.test.WatchDog.cancel(): canceling Sun Jun 03 19:11:20 UTC 2018
------------------ testing $PTII/ptolemy/domains/de/test/auto/Modal5.xml
auto.tcl: Setting watchdog for 200 seconds at Sun Jun 03 19:11:20 UTC 2018
17 ms. Memory: 331264K Free: 309132K (93%)
ptolemy.util.test.WatchDog.cancel(): canceling Sun Jun 03 19:11:20 UTC 2018
auto.tcl: Setting watchdog for 200 seconds at Sun Jun 03 19:11:20 UTC 2018
12 ms. Memory: 331264K Free: 305261K (92%)
ptolemy.util.test.WatchDog.cancel(): canceling Sun Jun 03 19:11:20 UTC 2018
------------------ testing $PTII/ptolemy/domains/de/test/auto/Modal6.xml
auto.tcl: Setting watchdog for 200 seconds at Sun Jun 03 19:11:20 UTC 2018
11 ms. Memory: 331264K Free: 309129K (93%)
ptolemy.util.test.WatchDog.cancel(): canceling Sun Jun 03 19:11:20 UTC 2018
auto.tcl: Setting watchdog for 200 seconds at Sun Jun 03 19:11:20 UTC 2018
13 ms. Memory: 331264K Free: 305258K (92%)
ptolemy.util.test.WatchDog.cancel(): canceling Sun Jun 03 19:11:20 UTC 2018
------------------ testing $PTII/ptolemy/domains/de/test/auto/Modal7.xml
auto.tcl: Setting watchdog for 200 seconds at Sun Jun 03 19:11:21 UTC 2018
10 ms. Memory: 331264K Free: 305258K (92%)
ptolemy.util.test.WatchDog.cancel(): canceling Sun Jun 03 19:11:21 UTC 2018
auto.tcl: Setting watchdog for 200 seconds at Sun Jun 03 19:11:21 UTC 2018
10 ms. Memory: 331264K Free: 305258K (92%)
ptolemy.util.test.WatchDog.cancel(): canceling Sun Jun 03 19:11:21 UTC 2018
------------------ testing $PTII/ptolemy/domains/de/test/auto/ModalModel.xml
auto.tcl: Setting watchdog for 200 seconds at Sun Jun 03 19:11:21 UTC 2018
171 ms. Memory: 331264K Free: 245874K (74%)
ptolemy.util.test.WatchDog.cancel(): canceling Sun Jun 03 19:11:21 UTC 2018
auto.tcl: Setting watchdog for 200 seconds at Sun Jun 03 19:11:21 UTC 2018
171 ms. Memory: 331264K Free: 187806K (57%)
ptolemy.util.test.WatchDog.cancel(): canceling Sun Jun 03 19:11:21 UTC 2018
------------------ testing $PTII/ptolemy/domains/de/test/auto/ModalSource.xml
auto.tcl: Setting watchdog for 200 seconds at Sun Jun 03 19:11:21 UTC 2018
6 ms. Memory: 331264K Free: 315944K (95%)
ptolemy.util.test.WatchDog.cancel(): canceling Sun Jun 03 19:11:21 UTC 2018
auto.tcl: Setting watchdog for 200 seconds at Sun Jun 03 19:11:21 UTC 2018
5 ms. Memory: 331264K Free: 312464K (94%)
ptolemy.util.test.WatchDog.cancel(): canceling Sun Jun 03 19:11:21 UTC 2018
------------------ testing $PTII/ptolemy/domains/de/test/auto/NonInterruptibleTimerZeroDelay.xml
auto.tcl: Setting watchdog for 200 seconds at Sun Jun 03 19:11:21 UTC 2018
3 ms. Memory: 331264K Free: 320076K (97%)
ptolemy.util.test.WatchDog.cancel(): canceling Sun Jun 03 19:11:21 UTC 2018
auto.tcl: Setting watchdog for 200 seconds at Sun Jun 03 19:11:21 UTC 2018
2 ms. Memory: 331264K Free: 316596K (96%)
ptolemy.util.test.WatchDog.cancel(): canceling Sun Jun 03 19:11:21 UTC 2018
------------------ testing $PTII/ptolemy/domains/de/test/auto/OpenQueueingNetwork.xml
auto.tcl: Setting watchdog for 200 seconds at Sun Jun 03 19:11:21 UTC 2018
3315 ms. Memory: 307712K Free: 84119K (27%)
ptolemy.util.test.WatchDog.cancel(): canceling Sun Jun 03 19:11:25 UTC 2018
auto.tcl: Setting watchdog for 200 seconds at Sun Jun 03 19:11:25 UTC 2018
2659 ms. Memory: 278528K Free: 114368K (41%)
ptolemy.util.test.WatchDog.cancel(): canceling Sun Jun 03 19:11:27 UTC 2018
------------------ testing $PTII/ptolemy/domains/de/test/auto/OpenQueuingNetwork.xml
auto.tcl: Setting watchdog for 200 seconds at Sun Jun 03 19:11:28 UTC 2018
276 ms. Memory: 278528K Free: 176403K (63%)
ptolemy.util.test.WatchDog.cancel(): canceling Sun Jun 03 19:11:28 UTC 2018
auto.tcl: Setting watchdog for 200 seconds at Sun Jun 03 19:11:28 UTC 2018
259 ms. Memory: 278528K Free: 115393K (41%)
ptolemy.util.test.WatchDog.cancel(): canceling Sun Jun 03 19:11:28 UTC 2018
------------------ testing $PTII/ptolemy/domains/de/test/auto/PeriodicSampler.xml
auto.tcl: Setting watchdog for 200 seconds at Sun Jun 03 19:11:28 UTC 2018
2 ms. Memory: 281088K Free: 265526K (94%)
ptolemy.util.test.WatchDog.cancel(): canceling Sun Jun 03 19:11:28 UTC 2018
auto.tcl: Setting watchdog for 200 seconds at Sun Jun 03 19:11:28 UTC 2018
2 ms. Memory: 281088K Free: 265526K (94%)
ptolemy.util.test.WatchDog.cancel(): canceling Sun Jun 03 19:11:28 UTC 2018
------------------ testing $PTII/ptolemy/domains/de/test/auto/PersistentIO.xml
auto.tcl: Setting watchdog for 200 seconds at Sun Jun 03 19:11:28 UTC 2018
15 ms. Memory: 278528K Free: 257803K (93%)
ptolemy.util.test.WatchDog.cancel(): canceling Sun Jun 03 19:11:28 UTC 2018
auto.tcl: Setting watchdog for 200 seconds at Sun Jun 03 19:11:28 UTC 2018
4 ms. Memory: 278528K Free: 257803K (93%)
ptolemy.util.test.WatchDog.cancel(): canceling Sun Jun 03 19:11:28 UTC 2018
------------------ testing $PTII/ptolemy/domains/de/test/auto/PortParameterResetOnInitialize.xml
auto.tcl: Setting watchdog for 200 seconds at Sun Jun 03 19:11:28 UTC 2018
2 ms. Memory: 280576K Free: 265379K (95%)
ptolemy.util.test.WatchDog.cancel(): canceling Sun Jun 03 19:11:28 UTC 2018
auto.tcl: Setting watchdog for 200 seconds at Sun Jun 03 19:11:28 UTC 2018
2 ms. Memory: 280576K Free: 265379K (95%)
ptolemy.util.test.WatchDog.cancel(): canceling Sun Jun 03 19:11:28 UTC 2018
------------------ testing $PTII/ptolemy/domains/de/test/auto/PortParameterUpdates.xml
auto.tcl: Setting watchdog for 200 seconds at Sun Jun 03 19:11:29 UTC 2018
4 ms. Memory: 278528K Free: 265435K (95%)
ptolemy.util.test.WatchDog.cancel(): canceling Sun Jun 03 19:11:29 UTC 2018
auto.tcl: Setting watchdog for 200 seconds at Sun Jun 03 19:11:29 UTC 2018
3 ms. Memory: 278528K Free: 262554K (94%)
ptolemy.util.test.WatchDog.cancel(): canceling Sun Jun 03 19:11:29 UTC 2018
------------------ testing $PTII/ptolemy/domains/de/test/auto/QueueAndServer.xml
auto.tcl: Setting watchdog for 200 seconds at Sun Jun 03 19:11:29 UTC 2018
7 ms. Memory: 280576K Free: 264565K (94%)
ptolemy.util.test.WatchDog.cancel(): canceling Sun Jun 03 19:11:29 UTC 2018
auto.tcl: Setting watchdog for 200 seconds at Sun Jun 03 19:11:29 UTC 2018
6 ms. Memory: 280576K Free: 264565K (94%)
ptolemy.util.test.WatchDog.cancel(): canceling Sun Jun 03 19:11:29 UTC 2018
------------------ testing $PTII/ptolemy/domains/de/test/auto/Records.xml
auto.tcl: Setting watchdog for 200 seconds at Sun Jun 03 19:11:29 UTC 2018
5 ms. Memory: 278528K Free: 265339K (95%)
ptolemy.util.test.WatchDog.cancel(): canceling Sun Jun 03 19:11:29 UTC 2018
auto.tcl: Setting watchdog for 200 seconds at Sun Jun 03 19:11:29 UTC 2018
2 ms. Memory: 278528K Free: 265339K (95%)
ptolemy.util.test.WatchDog.cancel(): canceling Sun Jun 03 19:11:29 UTC 2018
------------------ testing $PTII/ptolemy/domains/de/test/auto/ResetTransitionWithStartTime1.xml
auto.tcl: Setting watchdog for 200 seconds at Sun Jun 03 19:11:29 UTC 2018
12 ms. Memory: 280064K Free: 262145K (94%)
ptolemy.util.test.WatchDog.cancel(): canceling Sun Jun 03 19:11:29 UTC 2018
auto.tcl: Setting watchdog for 200 seconds at Sun Jun 03 19:11:29 UTC 2018
5 ms. Memory: 280064K Free: 259168K (93%)
ptolemy.util.test.WatchDog.cancel(): canceling Sun Jun 03 19:11:29 UTC 2018
------------------ testing $PTII/ptolemy/domains/de/test/auto/ResetTransitionWithStartTime2.xml
auto.tcl: Setting watchdog for 200 seconds at Sun Jun 03 19:11:29 UTC 2018
5 ms. Memory: 278528K Free: 260600K (94%)
ptolemy.util.test.WatchDog.cancel(): canceling Sun Jun 03 19:11:29 UTC 2018
auto.tcl: Setting watchdog for 200 seconds at Sun Jun 03 19:11:29 UTC 2018
5 ms. Memory: 278528K Free: 257719K (93%)
ptolemy.util.test.WatchDog.cancel(): canceling Sun Jun 03 19:11:29 UTC 2018
------------------ testing $PTII/ptolemy/domains/de/test/auto/ResetTransitionWithStartTime3.xml
auto.tcl: Setting watchdog for 200 seconds at Sun Jun 03 19:11:29 UTC 2018
5 ms. Memory: 280064K Free: 262014K (94%)
ptolemy.util.test.WatchDog.cancel(): canceling Sun Jun 03 19:11:29 UTC 2018
auto.tcl: Setting watchdog for 200 seconds at Sun Jun 03 19:11:29 UTC 2018
6 ms. Memory: 280064K Free: 259117K (93%)
ptolemy.util.test.WatchDog.cancel(): canceling Sun Jun 03 19:11:29 UTC 2018
------------------ testing $PTII/ptolemy/domains/de/test/auto/ResetTransitionWithStartTime4.xml
auto.tcl: Setting watchdog for 200 seconds at Sun Jun 03 19:11:29 UTC 2018
5 ms. Memory: 278528K Free: 262455K (94%)
ptolemy.util.test.WatchDog.cancel(): canceling Sun Jun 03 19:11:29 UTC 2018
auto.tcl: Setting watchdog for 200 seconds at Sun Jun 03 19:11:29 UTC 2018
4 ms. Memory: 278528K Free: 262455K (94%)
ptolemy.util.test.WatchDog.cancel(): canceling Sun Jun 03 19:11:29 UTC 2018
------------------ testing $PTII/ptolemy/domains/de/test/auto/ResettableTimer1.xml
auto.tcl: Setting watchdog for 200 seconds at Sun Jun 03 19:11:29 UTC 2018
3 ms. Memory: 280064K Free: 266868K (95%)
ptolemy.util.test.WatchDog.cancel(): canceling Sun Jun 03 19:11:29 UTC 2018
auto.tcl: Setting watchdog for 200 seconds at Sun Jun 03 19:11:29 UTC 2018
2 ms. Memory: 280064K Free: 266868K (95%)
ptolemy.util.test.WatchDog.cancel(): canceling Sun Jun 03 19:11:29 UTC 2018
------------------ testing $PTII/ptolemy/domains/de/test/auto/ResettableTimer2.xml
auto.tcl: Setting watchdog for 200 seconds at Sun Jun 03 19:11:29 UTC 2018
2 ms. Memory: 278528K Free: 265503K (95%)
ptolemy.util.test.WatchDog.cancel(): canceling Sun Jun 03 19:11:29 UTC 2018
auto.tcl: Setting watchdog for 200 seconds at Sun Jun 03 19:11:29 UTC 2018
3 ms. Memory: 278528K Free: 265503K (95%)
ptolemy.util.test.WatchDog.cancel(): canceling Sun Jun 03 19:11:29 UTC 2018
------------------ testing $PTII/ptolemy/domains/de/test/auto/ResettableTimer3.xml
auto.tcl: Setting watchdog for 200 seconds at Sun Jun 03 19:11:29 UTC 2018
2 ms. Memory: 279552K Free: 266413K (95%)
ptolemy.util.test.WatchDog.cancel(): canceling Sun Jun 03 19:11:29 UTC 2018
auto.tcl: Setting watchdog for 200 seconds at Sun Jun 03 19:11:29 UTC 2018
2 ms. Memory: 279552K Free: 266413K (95%)
ptolemy.util.test.WatchDog.cancel(): canceling Sun Jun 03 19:11:29 UTC 2018
------------------ testing $PTII/ptolemy/domains/de/test/auto/ResettableTimer4.xml
auto.tcl: Setting watchdog for 200 seconds at Sun Jun 03 19:11:29 UTC 2018
2 ms. Memory: 278528K Free: 265500K (95%)
ptolemy.util.test.WatchDog.cancel(): canceling Sun Jun 03 19:11:29 UTC 2018
auto.tcl: Setting watchdog for 200 seconds at Sun Jun 03 19:11:29 UTC 2018
1 ms. Memory: 278528K Free: 265500K (95%)
ptolemy.util.test.WatchDog.cancel(): canceling Sun Jun 03 19:11:29 UTC 2018
------------------ testing $PTII/ptolemy/domains/de/test/auto/ResettableTimer5.xml
auto.tcl: Setting watchdog for 200 seconds at Sun Jun 03 19:11:29 UTC 2018
2 ms. Memory: 279552K Free: 264470K (95%)
ptolemy.util.test.WatchDog.cancel(): canceling Sun Jun 03 19:11:29 UTC 2018
auto.tcl: Setting watchdog for 200 seconds at Sun Jun 03 19:11:29 UTC 2018
1 ms. Memory: 279552K Free: 264470K (95%)
ptolemy.util.test.WatchDog.cancel(): canceling Sun Jun 03 19:11:29 UTC 2018
------------------ testing $PTII/ptolemy/domains/de/test/auto/ResettableTimer6.xml
auto.tcl: Setting watchdog for 200 seconds at Sun Jun 03 19:11:29 UTC 2018
1 ms. Memory: 278528K Free: 265350K (95%)
ptolemy.util.test.WatchDog.cancel(): canceling Sun Jun 03 19:11:29 UTC 2018
auto.tcl: Setting watchdog for 200 seconds at Sun Jun 03 19:11:29 UTC 2018
1 ms. Memory: 278528K Free: 265350K (95%)
ptolemy.util.test.WatchDog.cancel(): canceling Sun Jun 03 19:11:29 UTC 2018
------------------ testing $PTII/ptolemy/domains/de/test/auto/ServerZeroDelay.xml
auto.tcl: Setting watchdog for 200 seconds at Sun Jun 03 19:11:29 UTC 2018
4 ms. Memory: 279552K Free: 266478K (95%)
ptolemy.util.test.WatchDog.cancel(): canceling Sun Jun 03 19:11:29 UTC 2018
auto.tcl: Setting watchdog for 200 seconds at Sun Jun 03 19:11:29 UTC 2018
2 ms. Memory: 279552K Free: 266478K (95%)
ptolemy.util.test.WatchDog.cancel(): canceling Sun Jun 03 19:11:29 UTC 2018
------------------ testing $PTII/ptolemy/domains/de/test/auto/SmartSender.xml
auto.tcl: Setting watchdog for 200 seconds at Sun Jun 03 19:11:29 UTC 2018
3001 ms. Memory: 278528K Free: 265433K (95%)
ptolemy.util.test.WatchDog.cancel(): canceling Sun Jun 03 19:11:32 UTC 2018
auto.tcl: Setting watchdog for 200 seconds at Sun Jun 03 19:11:32 UTC 2018
3002 ms. Memory: 278528K Free: 265433K (95%)
ptolemy.util.test.WatchDog.cancel(): canceling Sun Jun 03 19:11:35 UTC 2018
------------------ testing $PTII/ptolemy/domains/de/test/auto/ThreadedComposite.xml
auto.tcl: Setting watchdog for 200 seconds at Sun Jun 03 19:11:35 UTC 2018
165 ms. Memory: 279552K Free: 243931K (87%)
ptolemy.util.test.WatchDog.cancel(): canceling Sun Jun 03 19:11:36 UTC 2018
auto.tcl: Setting watchdog for 200 seconds at Sun Jun 03 19:11:36 UTC 2018
181 ms. Memory: 279552K Free: 226341K (81%)
ptolemy.util.test.WatchDog.cancel(): canceling Sun Jun 03 19:11:36 UTC 2018
------------------ testing $PTII/ptolemy/domains/de/test/auto/Time.xml
auto.tcl: Setting watchdog for 200 seconds at Sun Jun 03 19:11:36 UTC 2018
513 ms. Memory: 278528K Free: 207901K (75%)
ptolemy.util.test.WatchDog.cancel(): canceling Sun Jun 03 19:11:36 UTC 2018
auto.tcl: Setting watchdog for 200 seconds at Sun Jun 03 19:11:36 UTC 2018
509 ms. Memory: 278528K Free: 150279K (54%)
ptolemy.util.test.WatchDog.cancel(): canceling Sun Jun 03 19:11:37 UTC 2018
------------------ testing $PTII/ptolemy/domains/de/test/auto/TimeDelayZeroDelay.xml
auto.tcl: Setting watchdog for 200 seconds at Sun Jun 03 19:11:37 UTC 2018
3 ms. Memory: 279040K Free: 266456K (95%)
ptolemy.util.test.WatchDog.cancel(): canceling Sun Jun 03 19:11:37 UTC 2018
auto.tcl: Setting watchdog for 200 seconds at Sun Jun 03 19:11:37 UTC 2018
2 ms. Memory: 279040K Free: 266456K (95%)
ptolemy.util.test.WatchDog.cancel(): canceling Sun Jun 03 19:11:37 UTC 2018
------------------ testing $PTII/ptolemy/domains/de/test/auto/TimerZeroDelay.xml
auto.tcl: Setting watchdog for 200 seconds at Sun Jun 03 19:11:37 UTC 2018
5 ms. Memory: 278528K Free: 266051K (96%)
ptolemy.util.test.WatchDog.cancel(): canceling Sun Jun 03 19:11:37 UTC 2018
auto.tcl: Setting watchdog for 200 seconds at Sun Jun 03 19:11:37 UTC 2018
2 ms. Memory: 278528K Free: 266051K (96%)
ptolemy.util.test.WatchDog.cancel(): canceling Sun Jun 03 19:11:37 UTC 2018
------------------ testing $PTII/ptolemy/domains/de/test/auto/TimingParadox.xml
auto.tcl: Setting watchdog for 200 seconds at Sun Jun 03 19:11:37 UTC 2018
310 ms. Memory: 279040K Free: 198315K (71%)
ptolemy.util.test.WatchDog.cancel(): canceling Sun Jun 03 19:11:38 UTC 2018
auto.tcl: Setting watchdog for 200 seconds at Sun Jun 03 19:11:38 UTC 2018
311 ms. Memory: 279040K Free: 160012K (57%)
ptolemy.util.test.WatchDog.cancel(): canceling Sun Jun 03 19:11:38 UTC 2018
------------------ testing $PTII/ptolemy/domains/de/test/auto/TransferInputs.xml
auto.tcl: Setting watchdog for 200 seconds at Sun Jun 03 19:11:38 UTC 2018
1 ms. Memory: 279040K Free: 265517K (95%)
ptolemy.util.test.WatchDog.cancel(): canceling Sun Jun 03 19:11:38 UTC 2018
auto.tcl: Setting watchdog for 200 seconds at Sun Jun 03 19:11:38 UTC 2018
1 ms. Memory: 279040K Free: 265517K (95%)
ptolemy.util.test.WatchDog.cancel(): canceling Sun Jun 03 19:11:38 UTC 2018
------------------ testing $PTII/ptolemy/domains/de/test/auto/TransferOutputs2.xml
auto.tcl: Setting watchdog for 200 seconds at Sun Jun 03 19:11:38 UTC 2018
2 ms. Memory: 278528K Free: 261607K (94%)
ptolemy.util.test.WatchDog.cancel(): canceling Sun Jun 03 19:11:38 UTC 2018
auto.tcl: Setting watchdog for 200 seconds at Sun Jun 03 19:11:38 UTC 2018
3 ms. Memory: 278528K Free: 259062K (93%)
ptolemy.util.test.WatchDog.cancel(): canceling Sun Jun 03 19:11:38 UTC 2018
------------------ testing $PTII/ptolemy/domains/de/test/auto/Trilateration.xml
auto.tcl: Setting watchdog for 200 seconds at Sun Jun 03 19:11:38 UTC 2018
14832 ms. Memory: 845824K Free: 602901K (71%)
ptolemy.util.test.WatchDog.cancel(): canceling Sun Jun 03 19:11:54 UTC 2018
auto.tcl: Setting watchdog for 200 seconds at Sun Jun 03 19:11:54 UTC 2018
11370 ms. Memory: 714240K Free: 671768K (94%)
ptolemy.util.test.WatchDog.cancel(): canceling Sun Jun 03 19:12:05 UTC 2018
------------------ testing $PTII/ptolemy/domains/de/test/auto/TwoSigmaDelta.xml
auto.tcl: Setting watchdog for 200 seconds at Sun Jun 03 19:12:05 UTC 2018
2696 ms. Memory: 710656K Free: 405292K (57%)
ptolemy.util.test.WatchDog.cancel(): canceling Sun Jun 03 19:12:08 UTC 2018
auto.tcl: Setting watchdog for 200 seconds at Sun Jun 03 19:12:08 UTC 2018
2194 ms. Memory: 710656K Free: 157208K (22%)
ptolemy.util.test.WatchDog.cancel(): canceling Sun Jun 03 19:12:10 UTC 2018
------------------ testing $PTII/ptolemy/domains/de/test/auto/VariableDelay.xml
auto.tcl: Setting watchdog for 200 seconds at Sun Jun 03 19:12:11 UTC 2018
4 ms. Memory: 714240K Free: 692194K (97%)
ptolemy.util.test.WatchDog.cancel(): canceling Sun Jun 03 19:12:11 UTC 2018
auto.tcl: Setting watchdog for 200 seconds at Sun Jun 03 19:12:11 UTC 2018
2 ms. Memory: 714240K Free: 692194K (97%)
ptolemy.util.test.WatchDog.cancel(): canceling Sun Jun 03 19:12:11 UTC 2018
------------------ testing $PTII/ptolemy/domains/de/test/auto/VariableDelay2.xml
auto.tcl: Setting watchdog for 200 seconds at Sun Jun 03 19:12:11 UTC 2018
8 ms. Memory: 710656K Free: 689033K (97%)
ptolemy.util.test.WatchDog.cancel(): canceling Sun Jun 03 19:12:11 UTC 2018
auto.tcl: Setting watchdog for 200 seconds at Sun Jun 03 19:12:11 UTC 2018
2 ms. Memory: 710656K Free: 689033K (97%)
ptolemy.util.test.WatchDog.cancel(): canceling Sun Jun 03 19:12:11 UTC 2018
------------------ testing $PTII/ptolemy/domains/de/test/auto/VariableDelayZeroDelay.xml
auto.tcl: Setting watchdog for 200 seconds at Sun Jun 03 19:12:11 UTC 2018
2 ms. Memory: 713728K Free: 685812K (96%)
ptolemy.util.test.WatchDog.cancel(): canceling Sun Jun 03 19:12:11 UTC 2018
auto.tcl: Setting watchdog for 200 seconds at Sun Jun 03 19:12:11 UTC 2018
2 ms. Memory: 713728K Free: 685812K (96%)
ptolemy.util.test.WatchDog.cancel(): canceling Sun Jun 03 19:12:11 UTC 2018
------------------ testing $PTII/ptolemy/domains/de/test/auto/VariableDelayZeroDelay2.xml
auto.tcl: Setting watchdog for 200 seconds at Sun Jun 03 19:12:11 UTC 2018
2 ms. Memory: 710656K Free: 682739K (96%)
ptolemy.util.test.WatchDog.cancel(): canceling Sun Jun 03 19:12:11 UTC 2018
auto.tcl: Setting watchdog for 200 seconds at Sun Jun 03 19:12:11 UTC 2018
2 ms. Memory: 710656K Free: 682739K (96%)
ptolemy.util.test.WatchDog.cancel(): canceling Sun Jun 03 19:12:11 UTC 2018
------------------ testing $PTII/ptolemy/domains/de/test/auto/deInCt.xml
auto.tcl: Setting watchdog for 200 seconds at Sun Jun 03 19:12:11 UTC 2018
0
1
1
1
0
0
0
0
1
1
1
1
0
0
0
1
1
1
0
0
0
1
1
1
1
0
0
0
1
1
1
0
0
0
1
1
1
1
1
16 ms. Memory: 713216K Free: 685296K (96%)
ptolemy.util.test.WatchDog.cancel(): canceling Sun Jun 03 19:12:11 UTC 2018
auto.tcl: Setting watchdog for 200 seconds at Sun Jun 03 19:12:11 UTC 2018
0
1
1
1
0
0
0
0
1
1
1
0
0
0
1
1
1
1
1
1
0
0
0
0
0
1
1
1
0
0
0
0
7 ms. Memory: 713216K Free: 685296K (96%)
ptolemy.util.test.WatchDog.cancel(): canceling Sun Jun 03 19:12:11 UTC 2018
------------------ testing $PTII/ptolemy/domains/de/test/auto/deInCt2.xml
auto.tcl: Setting watchdog for 200 seconds at Sun Jun 03 19:12:11 UTC 2018
0
1
1
1
0
0
1
1
1
0
0
1
1
1
0
0
1
1
1
0
0
1
1
1
0
0
1
1
1
0
0
1
1
1
0
0
1
1
1
0
0
0
6 ms. Memory: 710656K Free: 682726K (96%)
ptolemy.util.test.WatchDog.cancel(): canceling Sun Jun 03 19:12:11 UTC 2018
auto.tcl: Setting watchdog for 200 seconds at Sun Jun 03 19:12:11 UTC 2018
0
1
1
1
0
0
1
1
1
0
0
1
1
1
0
0
1
1
1
0
0
1
1
1
0
0
1
1
1
0
0
1
1
1
0
0
1
1
1
0
0
0
9 ms. Memory: 710656K Free: 682726K (96%)
ptolemy.util.test.WatchDog.cancel(): canceling Sun Jun 03 19:12:11 UTC 2018
------------------ testing $PTII/ptolemy/domains/de/test/auto/dynamicCausalityInterface1.xml
auto.tcl: Setting watchdog for 200 seconds at Sun Jun 03 19:12:11 UTC 2018
1 ms. Memory: 712704K Free: 684779K (96%)
ptolemy.util.test.WatchDog.cancel(): canceling Sun Jun 03 19:12:11 UTC 2018
auto.tcl: Setting watchdog for 200 seconds at Sun Jun 03 19:12:11 UTC 2018
1 ms. Memory: 712704K Free: 674965K (95%)
ptolemy.util.test.WatchDog.cancel(): canceling Sun Jun 03 19:12:11 UTC 2018
------------------ testing $PTII/ptolemy/domains/de/test/auto/fsm_de_test.xml
auto.tcl: Setting watchdog for 200 seconds at Sun Jun 03 19:12:11 UTC 2018
6 ms. Memory: 710656K Free: 682626K (96%)
ptolemy.util.test.WatchDog.cancel(): canceling Sun Jun 03 19:12:11 UTC 2018
auto.tcl: Setting watchdog for 200 seconds at Sun Jun 03 19:12:11 UTC 2018
4 ms. Memory: 710656K Free: 672804K (95%)
ptolemy.util.test.WatchDog.cancel(): canceling Sun Jun 03 19:12:11 UTC 2018
------------------ testing $PTII/ptolemy/domains/de/test/auto/functionDependencyReconstruction.xml
auto.tcl: Setting watchdog for 200 seconds at Sun Jun 03 19:12:11 UTC 2018
4 ms. Memory: 712704K Free: 674835K (95%)
ptolemy.util.test.WatchDog.cancel(): canceling Sun Jun 03 19:12:11 UTC 2018
auto.tcl: Setting watchdog for 200 seconds at Sun Jun 03 19:12:11 UTC 2018
2 ms. Memory: 712704K Free: 674835K (95%)
ptolemy.util.test.WatchDog.cancel(): canceling Sun Jun 03 19:12:11 UTC 2018
------------------ testing $PTII/ptolemy/domains/de/test/auto/multirate.xml
auto.tcl: Setting watchdog for 200 seconds at Sun Jun 03 19:12:11 UTC 2018
6 ms. Memory: 710656K Free: 682493K (96%)
ptolemy.util.test.WatchDog.cancel(): canceling Sun Jun 03 19:12:11 UTC 2018
auto.tcl: Setting watchdog for 200 seconds at Sun Jun 03 19:12:11 UTC 2018
2 ms. Memory: 710656K Free: 682493K (96%)
ptolemy.util.test.WatchDog.cancel(): canceling Sun Jun 03 19:12:11 UTC 2018
------------------ testing $PTII/ptolemy/domains/de/test/auto/multirate2.xml
auto.tcl: Setting watchdog for 200 seconds at Sun Jun 03 19:12:11 UTC 2018
3 ms. Memory: 712192K Free: 684218K (96%)
ptolemy.util.test.WatchDog.cancel(): canceling Sun Jun 03 19:12:11 UTC 2018
auto.tcl: Setting watchdog for 200 seconds at Sun Jun 03 19:12:11 UTC 2018
3 ms. Memory: 712192K Free: 684218K (96%)
ptolemy.util.test.WatchDog.cancel(): canceling Sun Jun 03 19:12:11 UTC 2018
------------------ testing $PTII/ptolemy/domains/de/test/auto/realtime.xml
auto.tcl: Setting watchdog for 200 seconds at Sun Jun 03 19:12:11 UTC 2018
10002 ms. Memory: 710656K Free: 682670K (96%)
ptolemy.util.test.WatchDog.cancel(): canceling Sun Jun 03 19:12:21 UTC 2018
auto.tcl: Setting watchdog for 200 seconds at Sun Jun 03 19:12:21 UTC 2018
10002 ms. Memory: 710656K Free: 682670K (96%)
ptolemy.util.test.WatchDog.cancel(): canceling Sun Jun 03 19:12:31 UTC 2018
------------------ testing $PTII/ptolemy/domains/de/test/auto/relationGroup.xml
auto.tcl: Setting watchdog for 200 seconds at Sun Jun 03 19:12:31 UTC 2018
7 ms. Memory: 712192K Free: 684242K (96%)
ptolemy.util.test.WatchDog.cancel(): canceling Sun Jun 03 19:12:31 UTC 2018
auto.tcl: Setting watchdog for 200 seconds at Sun Jun 03 19:12:31 UTC 2018
2 ms. Memory: 712192K Free: 684242K (96%)
ptolemy.util.test.WatchDog.cancel(): canceling Sun Jun 03 19:12:31 UTC 2018
------------------ testing $PTII/ptolemy/domains/de/test/auto/relationGroup2.xml
auto.tcl: Setting watchdog for 200 seconds at Sun Jun 03 19:12:32 UTC 2018
2 ms. Memory: 710656K Free: 682733K (96%)
ptolemy.util.test.WatchDog.cancel(): canceling Sun Jun 03 19:12:32 UTC 2018
auto.tcl: Setting watchdog for 200 seconds at Sun Jun 03 19:12:32 UTC 2018
1 ms. Memory: 710656K Free: 682733K (96%)
ptolemy.util.test.WatchDog.cancel(): canceling Sun Jun 03 19:12:32 UTC 2018
------------------ testing $PTII/ptolemy/domains/de/test/auto/sortWithOpaquePorts.xml
auto.tcl: Setting watchdog for 200 seconds at Sun Jun 03 19:12:32 UTC 2018
1 ms. Memory: 711680K Free: 683758K (96%)
ptolemy.util.test.WatchDog.cancel(): canceling Sun Jun 03 19:12:32 UTC 2018
auto.tcl: Setting watchdog for 200 seconds at Sun Jun 03 19:12:32 UTC 2018
2 ms. Memory: 711680K Free: 683758K (96%)
ptolemy.util.test.WatchDog.cancel(): canceling Sun Jun 03 19:12:32 UTC 2018
------------------ testing $PTII/ptolemy/domains/de/test/auto/transferInputsandOutputs.xml
auto.tcl: Setting watchdog for 200 seconds at Sun Jun 03 19:12:32 UTC 2018
1 ms. Memory: 710656K Free: 682721K (96%)
ptolemy.util.test.WatchDog.cancel(): canceling Sun Jun 03 19:12:32 UTC 2018
auto.tcl: Setting watchdog for 200 seconds at Sun Jun 03 19:12:32 UTC 2018
2 ms. Memory: 710656K Free: 682721K (96%)
ptolemy.util.test.WatchDog.cancel(): canceling Sun Jun 03 19:12:32 UTC 2018
------------------ testing $PTII/ptolemy/domains/de/test/auto/triggerType.xml
auto.tcl: Setting watchdog for 200 seconds at Sun Jun 03 19:12:32 UTC 2018
1 ms. Memory: 711680K Free: 683695K (96%)
ptolemy.util.test.WatchDog.cancel(): canceling Sun Jun 03 19:12:32 UTC 2018
auto.tcl: Setting watchdog for 200 seconds at Sun Jun 03 19:12:32 UTC 2018
1 ms. Memory: 711680K Free: 683695K (96%)
ptolemy.util.test.WatchDog.cancel(): canceling Sun Jun 03 19:12:32 UTC 2018
06/03/18 07:12:32
Failed: 0  Total Tests: 192  ((Passed: 187, Newly Passed: 1)  Known Failed: 5) /home/travis/build/icyphy/ptII/ptolemy/domains/de/test
06/03/18 07:12:32
Failed: 0  Total Tests: 192  ((Passed: 187, Newly Passed: 1)  Known Failed: 5) /home/travis/build/icyphy/ptII/ptolemy/domains/de/test
----------------- testing (KnownFailure) /home/travis/build/icyphy/ptII/ptolemy/domains/de/test/auto/knownFailedTests/DESDFClockTest.xml
2014 ms. Memory: 710656K Free: 670140K (94%)
Known Failure: java.lang.reflect.InvocationTargetException
----------------- testing (KnownFailure) /home/travis/build/icyphy/ptII/ptolemy/domains/de/test/auto/knownFailedTests/DirectFeedback.xml
1 ms. Memory: 710656K Free: 619790K (87%)
Known Failure: java.lang.reflect.InvocationTargetException
----------------- testing (KnownFailure) /home/travis/build/icyphy/ptII/ptolemy/domains/de/test/auto/knownFailedTests/FSMSource.xml
9 ms. Memory: 710656K Free: 569450K (80%)
----------------- testing (KnownFailure) /home/travis/build/icyphy/ptII/ptolemy/domains/de/test/auto/knownFailedTests/HierarchicalModel.xml
1 ms. Memory: 710656K Free: 531679K (75%)
Known Failure: java.lang.reflect.InvocationTargetException
----------------- testing (KnownFailure) /home/travis/build/icyphy/ptII/ptolemy/domains/de/test/auto/knownFailedTests/dependencyLoop.xml
2 ms. Memory: 710656K Free: 468754K (66%)
Known Failure: java.lang.reflect.InvocationTargetException
----------------- testing (KnownFailure) /home/travis/build/icyphy/ptII/ptolemy/domains/de/test/auto/knownFailedTests/dependencyLoop2.xml
2 ms. Memory: 710656K Free: 405821K (57%)
Known Failure: java.lang.reflect.InvocationTargetException
No auto/linux-amd64/*.xml tests in /home/travis/build/icyphy/ptII/ptolemy/domains/de/test
AutoTests.java: About to close Vertx.
AutoTests.java: Vertx closed.

===========================================================================================
----------------- testing Sun Jun 03 19:12:34 UTC 2018 /home/travis/build/icyphy/ptII/ptolemy/domains/de/test/auto/ActorDepthCalculation_actorWithoutPorts.xml
----------------- Instantiating /home/travis/build/icyphy/ptII/ptolemy/domains/de/test/auto/ActorDepthCalculation_actorWithoutPorts.xml
1 ms. Memory: 710656K Free: 342896K (48%)
----------------- Invoking toplevel() on ptolemy.moml.MoMLSimpleApplication@93beb0
----------------- Done invoking toplevel() on ptolemy.moml.MoMLSimpleApplication@93beb0
reloadAllAccessors: .ActorDepthCalculation_actorWithoutPorts

===========================================================================================
----------------- testing Sun Jun 03 19:12:34 UTC 2018 /home/travis/build/icyphy/ptII/ptolemy/domains/de/test/auto/AssemblyLine.xml
----------------- Instantiating /home/travis/build/icyphy/ptII/ptolemy/domains/de/test/auto/AssemblyLine.xml
3 ms. Memory: 710656K Free: 317726K (45%)
----------------- Invoking toplevel() on ptolemy.moml.MoMLSimpleApplication@4138c764
----------------- Done invoking toplevel() on ptolemy.moml.MoMLSimpleApplication@4138c764
reloadAllAccessors: .AssemblyLine

===========================================================================================
----------------- testing Sun Jun 03 19:12:34 UTC 2018 /home/travis/build/icyphy/ptII/ptolemy/domains/de/test/auto/CQBug1.xml
----------------- Instantiating /home/travis/build/icyphy/ptII/ptolemy/domains/de/test/auto/CQBug1.xml
1 ms. Memory: 710656K Free: 292556K (41%)
----------------- Invoking toplevel() on ptolemy.moml.MoMLSimpleApplication@c4f6752
----------------- Done invoking toplevel() on ptolemy.moml.MoMLSimpleApplication@c4f6752
reloadAllAccessors: .CQBug1

===========================================================================================
----------------- testing Sun Jun 03 19:12:34 UTC 2018 /home/travis/build/icyphy/ptII/ptolemy/domains/de/test/auto/CancelFireAt.xml
----------------- Instantiating /home/travis/build/icyphy/ptII/ptolemy/domains/de/test/auto/CancelFireAt.xml
1 ms. Memory: 710656K Free: 267386K (38%)
----------------- Invoking toplevel() on ptolemy.moml.MoMLSimpleApplication@6a699cbb
----------------- Done invoking toplevel() on ptolemy.moml.MoMLSimpleApplication@6a699cbb
reloadAllAccessors: .CancelFireAt

===========================================================================================
----------------- testing Sun Jun 03 19:12:34 UTC 2018 /home/travis/build/icyphy/ptII/ptolemy/domains/de/test/auto/CausalityAndComposabilityAnalysis.xml
----------------- Instantiating /home/travis/build/icyphy/ptII/ptolemy/domains/de/test/auto/CausalityAndComposabilityAnalysis.xml
1 ms. Memory: 710656K Free: 242216K (34%)
----------------- Invoking toplevel() on ptolemy.moml.MoMLSimpleApplication@6ace1b2a
----------------- Done invoking toplevel() on ptolemy.moml.MoMLSimpleApplication@6ace1b2a
reloadAllAccessors: .CausalityAndComposabilityAnalysis

===========================================================================================
----------------- testing Sun Jun 03 19:12:34 UTC 2018 /home/travis/build/icyphy/ptII/ptolemy/domains/de/test/auto/CausalityInterface1.xml
----------------- Instantiating /home/travis/build/icyphy/ptII/ptolemy/domains/de/test/auto/CausalityInterface1.xml
3 ms. Memory: 710656K Free: 217046K (31%)
----------------- Invoking toplevel() on ptolemy.moml.MoMLSimpleApplication@22261d7e
----------------- Done invoking toplevel() on ptolemy.moml.MoMLSimpleApplication@22261d7e
reloadAllAccessors: .CausalityInterface1

===========================================================================================
----------------- testing Sun Jun 03 19:12:34 UTC 2018 /home/travis/build/icyphy/ptII/ptolemy/domains/de/test/auto/CausalityInterface15.xml
----------------- Instantiating /home/travis/build/icyphy/ptII/ptolemy/domains/de/test/auto/CausalityInterface15.xml
1 ms. Memory: 710656K Free: 191876K (27%)
----------------- Invoking toplevel() on ptolemy.moml.MoMLSimpleApplication@1b7046b7
----------------- Done invoking toplevel() on ptolemy.moml.MoMLSimpleApplication@1b7046b7
reloadAllAccessors: .CausalityInterface15

[...]
java.lang.RuntimeException: Execution failed
	at ptolemy.moml.MoMLSimpleApplication$UnloadThread.run(MoMLSimpleApplication.java:402)
Caused by: ptolemy.kernel.util.IllegalActionException: Test fails in iteration 1.
Value was: 1.0. Should have been: 2.0
  in .DirectFeedback.Test
	at ptolemy.actor.lib.Test.fire(Test.java:268)
	at ptolemy.domains.de.kernel.DEDirector._fire(DEDirector.java:1948)
	at ptolemy.domains.de.kernel.DEDirector.fire(DEDirector.java:502)
	at ptolemy.actor.CompositeActor.fire(CompositeActor.java:455)
	at ptolemy.actor.Manager.iterate(Manager.java:851)
	at ptolemy.actor.Manager.execute(Manager.java:369)
	at ptolemy.actor.Manager.run(Manager.java:1263)
	at ptolemy.actor.Manager$PtolemyRunThread.run(Manager.java:1915)
java.lang.RuntimeException: Execution failed
	at ptolemy.moml.MoMLSimpleApplication$UnloadThread.run(MoMLSimpleApplication.java:402)
Caused by: ptolemy.kernel.util.IllegalActionException: Actor is not ready to fire.  Perhaps UpSample.prefire() returned false? Try debugging the actor by selecting "Listen to Actor".  Also, for SDF check moml for tokenConsumptionRate on input.
  in .DESDFClockTest.Play Bell.Copy1:SDF Director and .DESDFClockTest.Play Bell.UpSample
	at ptolemy.actor.sched.StaticSchedulingDirector.fire(StaticSchedulingDirector.java:227)
	at ptolemy.domains.sdf.kernel.SDFDirector.fire(SDFDirector.java:500)
	at ptolemy.actor.CompositeActor.fire(CompositeActor.java:455)
	at ptolemy.domains.de.kernel.DEDirector._fire(DEDirector.java:1948)
	at ptolemy.domains.de.kernel.DEDirector.fire(DEDirector.java:502)
	at ptolemy.actor.CompositeActor.fire(CompositeActor.java:455)
	at ptolemy.actor.Manager.iterate(Manager.java:851)
	at ptolemy.actor.Manager.execute(Manager.java:369)
	at ptolemy.actor.Manager.run(Manager.java:1263)
	at ptolemy.actor.Manager$PtolemyRunThread.run(Manager.java:1915)
java.lang.reflect.InvocationTargetException
	at sun.reflect.NativeConstructorAccessorImpl.newInstance0(Native Method)
	at sun.reflect.NativeConstructorAccessorImpl.newInstance(NativeConstructorAccessorImpl.java:62)
	at sun.reflect.DelegatingConstructorAccessorImpl.newInstance(DelegatingConstructorAccessorImpl.java:45)
	at java.lang.reflect.Constructor.newInstance(Constructor.java:423)
	at ptolemy.util.test.junit.AutoKnownFailedTests.RunModel(AutoKnownFailedTests.java:107)
	at sun.reflect.NativeMethodAccessorImpl.invoke0(Native Method)
	at sun.reflect.NativeMethodAccessorImpl.invoke(NativeMethodAccessorImpl.java:62)
	at sun.reflect.DelegatingMethodAccessorImpl.invoke(DelegatingMethodAccessorImpl.java:43)
	at java.lang.reflect.Method.invoke(Method.java:498)
	at org.junit.runners.model.FrameworkMethod$1.runReflectiveCall(FrameworkMethod.java:44)
	at org.junit.internal.runners.model.ReflectiveCallable.run(ReflectiveCallable.java:15)
	at org.junit.runners.model.FrameworkMethod.invokeExplosively(FrameworkMethod.java:41)
	at junitparams.internal.InvokeParameterisedMethod.evaluate(InvokeParameterisedMethod.java:102)
	at org.junit.internal.runners.statements.FailOnTimeout$1.run(FailOnTimeout.java:28)
Caused by: ptolemy.kernel.util.IllegalActionException: Actor is not ready to fire.  Perhaps UpSample.prefire() returned false? Try debugging the actor by selecting "Listen to Actor".  Also, for SDF check moml for tokenConsumptionRate on input.
  in .DESDFClockTest.Play Bell.Copy1:SDF Director and .DESDFClockTest.Play Bell.UpSample
	at ptolemy.actor.sched.StaticSchedulingDirector.fire(StaticSchedulingDirector.java:227)
	at ptolemy.domains.sdf.kernel.SDFDirector.fire(SDFDirector.java:500)
	at ptolemy.actor.CompositeActor.fire(CompositeActor.java:455)
	at ptolemy.domains.de.kernel.DEDirector._fire(DEDirector.java:1948)
	at ptolemy.domains.de.kernel.DEDirector.fire(DEDirector.java:502)
	at ptolemy.actor.CompositeActor.fire(CompositeActor.java:455)
	at ptolemy.actor.Manager.iterate(Manager.java:851)
	at ptolemy.actor.Manager.execute(Manager.java:369)
	at ptolemy.actor.Manager.run(Manager.java:1263)
	at ptolemy.actor.Manager$PtolemyRunThread.run(Manager.java:1915)
java.lang.RuntimeException: Execution failed
	at ptolemy.moml.MoMLSimpleApplication$UnloadThread.run(MoMLSimpleApplication.java:402)
Caused by: ptolemy.kernel.util.IllegalActionException: Test fails in iteration 1.
Value was: 1.0. Should have been: 2.0
  in .DirectFeedback.Test
	at ptolemy.actor.lib.Test.fire(Test.java:268)
	at ptolemy.domains.de.kernel.DEDirector._fire(DEDirector.java:1948)
	at ptolemy.domains.de.kernel.DEDirector.fire(DEDirector.java:502)
	at ptolemy.actor.CompositeActor.fire(CompositeActor.java:455)
	at ptolemy.actor.Manager.iterate(Manager.java:851)
	at ptolemy.actor.Manager.execute(Manager.java:369)
	at ptolemy.actor.Manager.run(Manager.java:1263)
	at ptolemy.actor.Manager$PtolemyRunThread.run(Manager.java:1915)
java.lang.reflect.InvocationTargetException
	at sun.reflect.NativeConstructorAccessorImpl.newInstance0(Native Method)
	at sun.reflect.NativeConstructorAccessorImpl.newInstance(NativeConstructorAccessorImpl.java:62)
	at sun.reflect.DelegatingConstructorAccessorImpl.newInstance(DelegatingConstructorAccessorImpl.java:45)
	at java.lang.reflect.Constructor.newInstance(Constructor.java:423)
	at ptolemy.util.test.junit.AutoKnownFailedTests.RunModel(AutoKnownFailedTests.java:107)
	at sun.reflect.NativeMethodAccessorImpl.invoke0(Native Method)
	at sun.reflect.NativeMethodAccessorImpl.invoke(NativeMethodAccessorImpl.java:62)
	at sun.reflect.DelegatingMethodAccessorImpl.invoke(DelegatingMethodAccessorImpl.java:43)
	at java.lang.reflect.Method.invoke(Method.java:498)
	at org.junit.runners.model.FrameworkMethod$1.runReflectiveCall(FrameworkMethod.java:44)
	at org.junit.internal.runners.model.ReflectiveCallable.run(ReflectiveCallable.java:15)
	at org.junit.runners.model.FrameworkMethod.invokeExplosively(FrameworkMethod.java:41)
	at junitparams.internal.InvokeParameterisedMethod.evaluate(InvokeParameterisedMethod.java:102)
	at org.junit.internal.runners.statements.FailOnTimeout$1.run(FailOnTimeout.java:28)
Caused by: ptolemy.kernel.util.IllegalActionException: Test fails in iteration 1.
Value was: 1.0. Should have been: 2.0
  in .DirectFeedback.Test
	at ptolemy.actor.lib.Test.fire(Test.java:268)
	at ptolemy.domains.de.kernel.DEDirector._fire(DEDirector.java:1948)
	at ptolemy.domains.de.kernel.DEDirector.fire(DEDirector.java:502)
	at ptolemy.actor.CompositeActor.fire(CompositeActor.java:455)
	at ptolemy.actor.Manager.iterate(Manager.java:851)
	at ptolemy.actor.Manager.execute(Manager.java:369)
	at ptolemy.actor.Manager.run(Manager.java:1263)
	at ptolemy.actor.Manager$PtolemyRunThread.run(Manager.java:1915)
java.lang.RuntimeException: Execution failed
	at ptolemy.moml.MoMLSimpleApplication$UnloadThread.run(MoMLSimpleApplication.java:402)
Caused by: ptolemy.kernel.util.IllegalActionException: Found a zero delay loop containing .HierarchicalModel.A
  in .HierarchicalModel and .HierarchicalModel.A
	at ptolemy.actor.util.CausalityInterfaceForComposites._computeOutputPortDepth(CausalityInterfaceForComposites.java:759)
	at ptolemy.actor.util.CausalityInterfaceForComposites._computeInputDepth(CausalityInterfaceForComposites.java:696)
	at ptolemy.actor.util.CausalityInterfaceForComposites._computeOutputPortDepth(CausalityInterfaceForComposites.java:765)
	at ptolemy.actor.util.CausalityInterfaceForComposites._computeInputDepth(CausalityInterfaceForComposites.java:696)
	at ptolemy.actor.util.CausalityInterfaceForComposites._computeOutputPortDepth(CausalityInterfaceForComposites.java:765)
	at ptolemy.actor.util.CausalityInterfaceForComposites._computeInputDepth(CausalityInterfaceForComposites.java:696)
	at ptolemy.actor.util.CausalityInterfaceForComposites._computeActorDepth(CausalityInterfaceForComposites.java:532)
	at ptolemy.actor.util.CausalityInterfaceForComposites.checkForCycles(CausalityInterfaceForComposites.java:96)
	at ptolemy.domains.de.kernel.DEDirector.preinitialize(DEDirector.java:1337)
	at ptolemy.actor.CompositeActor.preinitialize(CompositeActor.java:1828)
	at ptolemy.actor.Manager.preinitializeAndResolveTypes(Manager.java:1040)
	at ptolemy.actor.Manager.initialize(Manager.java:710)
	at ptolemy.actor.Manager.execute(Manager.java:356)
	at ptolemy.actor.Manager.run(Manager.java:1263)
	at ptolemy.actor.Manager$PtolemyRunThread.run(Manager.java:1915)
java.lang.reflect.InvocationTargetException
	at sun.reflect.NativeConstructorAccessorImpl.newInstance0(Native Method)
	at sun.reflect.NativeConstructorAccessorImpl.newInstance(NativeConstructorAccessorImpl.java:62)
	at sun.reflect.DelegatingConstructorAccessorImpl.newInstance(DelegatingConstructorAccessorImpl.java:45)
	at java.lang.reflect.Constructor.newInstance(Constructor.java:423)
	at ptolemy.util.test.junit.AutoKnownFailedTests.RunModel(AutoKnownFailedTests.java:107)
	at sun.reflect.NativeMethodAccessorImpl.invoke0(Native Method)
	at sun.reflect.NativeMethodAccessorImpl.invoke(NativeMethodAccessorImpl.java:62)
	at sun.reflect.DelegatingMethodAccessorImpl.invoke(DelegatingMethodAccessorImpl.java:43)
	at java.lang.reflect.Method.invoke(Method.java:498)
	at org.junit.runners.model.FrameworkMethod$1.runReflectiveCall(FrameworkMethod.java:44)
	at org.junit.internal.runners.model.ReflectiveCallable.run(ReflectiveCallable.java:15)
	at org.junit.runners.model.FrameworkMethod.invokeExplosively(FrameworkMethod.java:41)
	at junitparams.internal.InvokeParameterisedMethod.evaluate(InvokeParameterisedMethod.java:102)
	at org.junit.internal.runners.statements.FailOnTimeout$1.run(FailOnTimeout.java:28)
Caused by: ptolemy.kernel.util.IllegalActionException: Found a zero delay loop containing .HierarchicalModel.A
  in .HierarchicalModel and .HierarchicalModel.A
	at ptolemy.actor.util.CausalityInterfaceForComposites._computeOutputPortDepth(CausalityInterfaceForComposites.java:759)
	at ptolemy.actor.util.CausalityInterfaceForComposites._computeInputDepth(CausalityInterfaceForComposites.java:696)
	at ptolemy.actor.util.CausalityInterfaceForComposites._computeOutputPortDepth(CausalityInterfaceForComposites.java:765)
	at ptolemy.actor.util.CausalityInterfaceForComposites._computeInputDepth(CausalityInterfaceForComposites.java:696)
	at ptolemy.actor.util.CausalityInterfaceForComposites._computeOutputPortDepth(CausalityInterfaceForComposites.java:765)
	at ptolemy.actor.util.CausalityInterfaceForComposites._computeInputDepth(CausalityInterfaceForComposites.java:696)
	at ptolemy.actor.util.CausalityInterfaceForComposites._computeActorDepth(CausalityInterfaceForComposites.java:532)
	at ptolemy.actor.util.CausalityInterfaceForComposites.checkForCycles(CausalityInterfaceForComposites.java:96)
	at ptolemy.domains.de.kernel.DEDirector.preinitialize(DEDirector.java:1337)
	at ptolemy.actor.CompositeActor.preinitialize(CompositeActor.java:1828)
	at ptolemy.actor.Manager.preinitializeAndResolveTypes(Manager.java:1040)
	at ptolemy.actor.Manager.initialize(Manager.java:710)
	at ptolemy.actor.Manager.execute(Manager.java:356)
	at ptolemy.actor.Manager.run(Manager.java:1263)
	at ptolemy.actor.Manager$PtolemyRunThread.run(Manager.java:1915)
java.lang.RuntimeException: Execution failed
	at ptolemy.moml.MoMLSimpleApplication$UnloadThread.run(MoMLSimpleApplication.java:402)
Caused by: ptolemy.kernel.util.IllegalActionException: Found a zero delay loop containing .dependencyLoop.original
  in .dependencyLoop and .dependencyLoop.original
	at ptolemy.actor.util.CausalityInterfaceForComposites._computeOutputPortDepth(CausalityInterfaceForComposites.java:759)
	at ptolemy.actor.util.CausalityInterfaceForComposites._computeInputDepth(CausalityInterfaceForComposites.java:696)
	at ptolemy.actor.util.CausalityInterfaceForComposites._computeOutputPortDepth(CausalityInterfaceForComposites.java:765)
	at ptolemy.actor.util.CausalityInterfaceForComposites._computeInputDepth(CausalityInterfaceForComposites.java:696)
	at ptolemy.actor.util.CausalityInterfaceForComposites._computeOutputPortDepth(CausalityInterfaceForComposites.java:765)
	at ptolemy.actor.util.CausalityInterfaceForComposites._computeInputDepth(CausalityInterfaceForComposites.java:696)
	at ptolemy.actor.util.CausalityInterfaceForComposites._computeActorDepth(CausalityInterfaceForComposites.java:532)
	at ptolemy.actor.util.CausalityInterfaceForComposites.checkForCycles(CausalityInterfaceForComposites.java:96)
	at ptolemy.domains.de.kernel.DEDirector.preinitialize(DEDirector.java:1337)
	at ptolemy.actor.CompositeActor.preinitialize(CompositeActor.java:1828)
	at ptolemy.actor.Manager.preinitializeAndResolveTypes(Manager.java:1040)
	at ptolemy.actor.Manager.initialize(Manager.java:710)
	at ptolemy.actor.Manager.execute(Manager.java:356)
	at ptolemy.actor.Manager.run(Manager.java:1263)
	at ptolemy.actor.Manager$PtolemyRunThread.run(Manager.java:1915)
java.lang.reflect.InvocationTargetException
	at sun.reflect.NativeConstructorAccessorImpl.newInstance0(Native Method)
	at sun.reflect.NativeConstructorAccessorImpl.newInstance(NativeConstructorAccessorImpl.java:62)
	at sun.reflect.DelegatingConstructorAccessorImpl.newInstance(DelegatingConstructorAccessorImpl.java:45)
	at java.lang.reflect.Constructor.newInstance(Constructor.java:423)
	at ptolemy.util.test.junit.AutoKnownFailedTests.RunModel(AutoKnownFailedTests.java:107)
	at sun.reflect.NativeMethodAccessorImpl.invoke0(Native Method)
	at sun.reflect.NativeMethodAccessorImpl.invoke(NativeMethodAccessorImpl.java:62)
	at sun.reflect.DelegatingMethodAccessorImpl.invoke(DelegatingMethodAccessorImpl.java:43)
	at java.lang.reflect.Method.invoke(Method.java:498)
	at org.junit.runners.model.FrameworkMethod$1.runReflectiveCall(FrameworkMethod.java:44)
	at org.junit.internal.runners.model.ReflectiveCallable.run(ReflectiveCallable.java:15)
	at org.junit.runners.model.FrameworkMethod.invokeExplosively(FrameworkMethod.java:41)
	at junitparams.internal.InvokeParameterisedMethod.evaluate(InvokeParameterisedMethod.java:102)
	at org.junit.internal.runners.statements.FailOnTimeout$1.run(FailOnTimeout.java:28)
Caused by: ptolemy.kernel.util.IllegalActionException: Found a zero delay loop containing .dependencyLoop.original
  in .dependencyLoop and .dependencyLoop.original
	at ptolemy.actor.util.CausalityInterfaceForComposites._computeOutputPortDepth(CausalityInterfaceForComposites.java:759)
	at ptolemy.actor.util.CausalityInterfaceForComposites._computeInputDepth(CausalityInterfaceForComposites.java:696)
	at ptolemy.actor.util.CausalityInterfaceForComposites._computeOutputPortDepth(CausalityInterfaceForComposites.java:765)
	at ptolemy.actor.util.CausalityInterfaceForComposites._computeInputDepth(CausalityInterfaceForComposites.java:696)
	at ptolemy.actor.util.CausalityInterfaceForComposites._computeOutputPortDepth(CausalityInterfaceForComposites.java:765)
	at ptolemy.actor.util.CausalityInterfaceForComposites._computeInputDepth(CausalityInterfaceForComposites.java:696)
	at ptolemy.actor.util.CausalityInterfaceForComposites._computeActorDepth(CausalityInterfaceForComposites.java:532)
	at ptolemy.actor.util.CausalityInterfaceForComposites.checkForCycles(CausalityInterfaceForComposites.java:96)
	at ptolemy.domains.de.kernel.DEDirector.preinitialize(DEDirector.java:1337)
	at ptolemy.actor.CompositeActor.preinitialize(CompositeActor.java:1828)
	at ptolemy.actor.Manager.preinitializeAndResolveTypes(Manager.java:1040)
	at ptolemy.actor.Manager.initialize(Manager.java:710)
	at ptolemy.actor.Manager.execute(Manager.java:356)
	at ptolemy.actor.Manager.run(Manager.java:1263)
	at ptolemy.actor.Manager$PtolemyRunThread.run(Manager.java:1915)
java.lang.RuntimeException: Execution failed
	at ptolemy.moml.MoMLSimpleApplication$UnloadThread.run(MoMLSimpleApplication.java:402)
Caused by: ptolemy.kernel.util.IllegalActionException: Found a zero delay loop containing .dependencyLoop2.original
  in .dependencyLoop2 and .dependencyLoop2.original
	at ptolemy.actor.util.CausalityInterfaceForComposites._computeOutputPortDepth(CausalityInterfaceForComposites.java:759)
	at ptolemy.actor.util.CausalityInterfaceForComposites._computeInputDepth(CausalityInterfaceForComposites.java:696)
	at ptolemy.actor.util.CausalityInterfaceForComposites._computeOutputPortDepth(CausalityInterfaceForComposites.java:765)
	at ptolemy.actor.util.CausalityInterfaceForComposites._computeInputDepth(CausalityInterfaceForComposites.java:696)
	at ptolemy.actor.util.CausalityInterfaceForComposites._computeOutputPortDepth(CausalityInterfaceForComposites.java:765)
	at ptolemy.actor.util.CausalityInterfaceForComposites._computeInputDepth(CausalityInterfaceForComposites.java:696)
	at ptolemy.actor.util.CausalityInterfaceForComposites._computeActorDepth(CausalityInterfaceForComposites.java:532)
	at ptolemy.actor.util.CausalityInterfaceForComposites.checkForCycles(CausalityInterfaceForComposites.java:96)
	at ptolemy.domains.de.kernel.DEDirector.preinitialize(DEDirector.java:1337)
	at ptolemy.actor.CompositeActor.preinitialize(CompositeActor.java:1828)
	at ptolemy.actor.Manager.preinitializeAndResolveTypes(Manager.java:1040)
	at ptolemy.actor.Manager.initialize(Manager.java:710)
	at ptolemy.actor.Manager.execute(Manager.java:356)
	at ptolemy.actor.Manager.run(Manager.java:1263)
	at ptolemy.actor.Manager$PtolemyRunThread.run(Manager.java:1915)
java.lang.reflect.InvocationTargetException
	at sun.reflect.NativeConstructorAccessorImpl.newInstance0(Native Method)
	at sun.reflect.NativeConstructorAccessorImpl.newInstance(NativeConstructorAccessorImpl.java:62)
	at sun.reflect.DelegatingConstructorAccessorImpl.newInstance(DelegatingConstructorAccessorImpl.java:45)
	at java.lang.reflect.Constructor.newInstance(Constructor.java:423)
	at ptolemy.util.test.junit.AutoKnownFailedTests.RunModel(AutoKnownFailedTests.java:107)
	at sun.reflect.NativeMethodAccessorImpl.invoke0(Native Method)
	at sun.reflect.NativeMethodAccessorImpl.invoke(NativeMethodAccessorImpl.java:62)
	at sun.reflect.DelegatingMethodAccessorImpl.invoke(DelegatingMethodAccessorImpl.java:43)
	at java.lang.reflect.Method.invoke(Method.java:498)
	at org.junit.runners.model.FrameworkMethod$1.runReflectiveCall(FrameworkMethod.java:44)
	at org.junit.internal.runners.model.ReflectiveCallable.run(ReflectiveCallable.java:15)
	at org.junit.runners.model.FrameworkMethod.invokeExplosively(FrameworkMethod.java:41)
	at junitparams.internal.InvokeParameterisedMethod.evaluate(InvokeParameterisedMethod.java:102)
	at org.junit.internal.runners.statements.FailOnTimeout$1.run(FailOnTimeout.java:28)
Caused by: ptolemy.kernel.util.IllegalActionException: Found a zero delay loop containing .dependencyLoop2.original
  in .dependencyLoop2 and .dependencyLoop2.original
	at ptolemy.actor.util.CausalityInterfaceForComposites._computeOutputPortDepth(CausalityInterfaceForComposites.java:759)
	at ptolemy.actor.util.CausalityInterfaceForComposites._computeInputDepth(CausalityInterfaceForComposites.java:696)
	at ptolemy.actor.util.CausalityInterfaceForComposites._computeOutputPortDepth(CausalityInterfaceForComposites.java:765)
	at ptolemy.actor.util.CausalityInterfaceForComposites._computeInputDepth(CausalityInterfaceForComposites.java:696)
	at ptolemy.actor.util.CausalityInterfaceForComposites._computeOutputPortDepth(CausalityInterfaceForComposites.java:765)
	at ptolemy.actor.util.CausalityInterfaceForComposites._computeInputDepth(CausalityInterfaceForComposites.java:696)
	at ptolemy.actor.util.CausalityInterfaceForComposites._computeActorDepth(CausalityInterfaceForComposites.java:532)
	at ptolemy.actor.util.CausalityInterfaceForComposites.checkForCycles(CausalityInterfaceForComposites.java:96)
	at ptolemy.domains.de.kernel.DEDirector.preinitialize(DEDirector.java:1337)
	at ptolemy.actor.CompositeActor.preinitialize(CompositeActor.java:1828)
	at ptolemy.actor.Manager.preinitializeAndResolveTypes(Manager.java:1040)
	at ptolemy.actor.Manager.initialize(Manager.java:710)
	at ptolemy.actor.Manager.execute(Manager.java:356)
	at ptolemy.actor.Manager.run(Manager.java:1263)
	at ptolemy.actor.Manager$PtolemyRunThread.run(Manager.java:1915)
]]></system-err>
</testsuite>
