<?xml version="1.0" encoding="UTF-8" ?>
<testsuite errors="0" failures="0" hostname="travis-job-d9c837ea-0892-4c06-9463-17dd52addf1d" name="ptolemy.domains.pn.test.junit.JUnitTclTest" skipped="0" tests="43" time="6.954" timestamp="2020-01-05T06:38:18">
  <properties>
[...]
</properties>
  <testcase classname="ptolemy.util.test.junit.TclTests" name="[0] /home/travis/build/icyphy/ptII/ptolemy/domains/pn/test/PNDirector.tcl (RunTclFile)" time="0.653" />
  <testcase classname="ptolemy.util.test.junit.TclTests" name="[1] /home/travis/build/icyphy/ptII/ptolemy/domains/pn/test/TimedPNDirector.tcl (RunTclFile)" time="0.014" />
  <testcase classname="ptolemy.util.test.junit.AutoKnownFailedTests" name="[0] ThereAreNoKnowFailedTests (RunModel)" time="0.001" />
  <testcase classname="ptolemy.util.test.junit.AutoNameArchTests" name="[0] ThereAreNoAutoArchTests (RunModel)" time="0.001" />
  <testcase classname="ptolemy.util.test.junit.AutoTests" name="[0] /home/travis/build/icyphy/ptII/ptolemy/domains/pn/test/auto/Branching-switch-PN-ptolemy-2.xml (RunModel)" time="0.242" />
  <testcase classname="ptolemy.util.test.junit.AutoTests" name="[1] /home/travis/build/icyphy/ptII/ptolemy/domains/pn/test/auto/Branching-switch-PN-ptolemy.xml (RunModel)" time="0.139" />
  <testcase classname="ptolemy.util.test.junit.AutoTests" name="[2] /home/travis/build/icyphy/ptII/ptolemy/domains/pn/test/auto/BrockAckermanTest.xml (RunModel)" time="0.387" />
  <testcase classname="ptolemy.util.test.junit.AutoTests" name="[3] /home/travis/build/icyphy/ptII/ptolemy/domains/pn/test/auto/CounterMachine.xml (RunModel)" time="1.585" />
  <testcase classname="ptolemy.util.test.junit.AutoTests" name="[4] /home/travis/build/icyphy/ptII/ptolemy/domains/pn/test/auto/CounterMachine1.xml (RunModel)" time="1.267" />
  <testcase classname="ptolemy.util.test.junit.AutoTests" name="[5] /home/travis/build/icyphy/ptII/ptolemy/domains/pn/test/auto/CounterMachineWithException.xml (RunModel)" time="0.813" />
  <testcase classname="ptolemy.util.test.junit.AutoTests" name="[6] /home/travis/build/icyphy/ptII/ptolemy/domains/pn/test/auto/FinalState.xml (RunModel)" time="0.079" />
  <testcase classname="ptolemy.util.test.junit.AutoTests" name="[7] /home/travis/build/icyphy/ptII/ptolemy/domains/pn/test/auto/FourExpressions.xml (RunModel)" time="0.04" />
  <testcase classname="ptolemy.util.test.junit.AutoTests" name="[8] /home/travis/build/icyphy/ptII/ptolemy/domains/pn/test/auto/Identity.xml (RunModel)" time="0.054" />
  <testcase classname="ptolemy.util.test.junit.AutoTests" name="[9] /home/travis/build/icyphy/ptII/ptolemy/domains/pn/test/auto/IdentityWithFeedback.xml (RunModel)" time="0.04" />
  <testcase classname="ptolemy.util.test.junit.AutoTests" name="[10] /home/travis/build/icyphy/ptII/ptolemy/domains/pn/test/auto/NondeterministicMergeTest.xml (RunModel)" time="0.053" />
  <testcase classname="ptolemy.util.test.junit.AutoTests" name="[11] /home/travis/build/icyphy/ptII/ptolemy/domains/pn/test/auto/OrderedMerge.xml (RunModel)" time="0.151" />
  <testcase classname="ptolemy.util.test.junit.AutoTests" name="[12] /home/travis/build/icyphy/ptII/ptolemy/domains/pn/test/auto/PNAbstractReceiverTest.xml (RunModel)" time="0.023" />
  <testcase classname="ptolemy.util.test.junit.AutoTests" name="[13] /home/travis/build/icyphy/ptII/ptolemy/domains/pn/test/auto/QR.xml (RunModel)" time="0.067" />
  <testcase classname="ptolemy.util.test.junit.AutoTests" name="[14] /home/travis/build/icyphy/ptII/ptolemy/domains/pn/test/auto/RemoveNilTokens.xml (RunModel)" time="0.06" />
  <testcase classname="ptolemy.util.test.junit.AutoTests" name="[15] /home/travis/build/icyphy/ptII/ptolemy/domains/pn/test/auto/Stack.xml (RunModel)" time="0.121" />
  <testcase classname="ptolemy.util.test.junit.AutoTests" name="[16] /home/travis/build/icyphy/ptII/ptolemy/domains/pn/test/auto/TestRemoveNilTokens.xml (RunModel)" time="0.034" />
  <testcase classname="ptolemy.util.test.junit.AutoTests" name="[17] /home/travis/build/icyphy/ptII/ptolemy/domains/pn/test/auto/TestSeq2Array.xml (RunModel)" time="0.041" />
  <testcase classname="ptolemy.util.test.junit.AutoTests" name="[18] /home/travis/build/icyphy/ptII/ptolemy/domains/pn/test/auto/TrivialIdentity.xml (RunModel)" time="0.028" />
  <testcase classname="ptolemy.util.test.junit.AutoTests" name="[19] /home/travis/build/icyphy/ptII/ptolemy/domains/pn/test/auto/WidthInferenceTest1.xml (RunModel)" time="0.038" />
  <testcase classname="ptolemy.util.test.junit.AutoTests" name="[20] /home/travis/build/icyphy/ptII/ptolemy/domains/pn/test/auto/WidthInferenceTest2.xml (RunModel)" time="0.03" />
  <testcase classname="ptolemy.util.test.junit.AutoTests" name="[21] /home/travis/build/icyphy/ptII/ptolemy/domains/pn/test/auto/WidthInferenceTest3.xml (RunModel)" time="0.057" />
  <testcase classname="ptolemy.util.test.junit.AutoTests" name="[22] /home/travis/build/icyphy/ptII/ptolemy/domains/pn/test/auto/WidthInferenceTest4.xml (RunModel)" time="0.072" />
  <testcase classname="ptolemy.util.test.junit.AutoTests" name="[23] /home/travis/build/icyphy/ptII/ptolemy/domains/pn/test/auto/WidthInferenceTest5.xml (RunModel)" time="0.074" />
  <testcase classname="ptolemy.util.test.junit.AutoTests" name="[24] /home/travis/build/icyphy/ptII/ptolemy/domains/pn/test/auto/controlled_kahnnet.xml (RunModel)" time="0.027" />
  <testcase classname="ptolemy.util.test.junit.AutoTests" name="[25] /home/travis/build/icyphy/ptII/ptolemy/domains/pn/test/auto/demandDriven.xml (RunModel)" time="0.017" />
  <testcase classname="ptolemy.util.test.junit.AutoTests" name="[26] /home/travis/build/icyphy/ptII/ptolemy/domains/pn/test/auto/feedback.xml (RunModel)" time="0.023" />
  <testcase classname="ptolemy.util.test.junit.AutoTests" name="[27] /home/travis/build/icyphy/ptII/ptolemy/domains/pn/test/auto/helloWorld.xml (RunModel)" time="0.021" />
  <testcase classname="ptolemy.util.test.junit.AutoTests" name="[28] /home/travis/build/icyphy/ptII/ptolemy/domains/pn/test/auto/helloWorld2.xml (RunModel)" time="0.022" />
  <testcase classname="ptolemy.util.test.junit.AutoTests" name="[29] /home/travis/build/icyphy/ptII/ptolemy/domains/pn/test/auto/noOutput.xml (RunModel)" time="0.052" />
  <testcase classname="ptolemy.util.test.junit.AutoTests" name="[30] /home/travis/build/icyphy/ptII/ptolemy/domains/pn/test/auto/relationGroup.xml (RunModel)" time="0.018" />
  <testcase classname="ptolemy.util.test.junit.AutoTests" name="[31] /home/travis/build/icyphy/ptII/ptolemy/domains/pn/test/auto/relationGroup2.xml (RunModel)" time="0.015" />
  <testcase classname="ptolemy.util.test.junit.AutoTests" name="[32] /home/travis/build/icyphy/ptII/ptolemy/domains/pn/test/auto/relationGroup3.xml (RunModel)" time="0.014" />
  <testcase classname="ptolemy.util.test.junit.AutoTests" name="[33] /home/travis/build/icyphy/ptII/ptolemy/domains/pn/test/auto/relationGroup4.xml (RunModel)" time="0.015" />
  <testcase classname="ptolemy.util.test.junit.AutoTests" name="[34] /home/travis/build/icyphy/ptII/ptolemy/domains/pn/test/auto/relationGroup5.xml (RunModel)" time="0.017" />
  <testcase classname="ptolemy.util.test.junit.AutoTests" name="[35] /home/travis/build/icyphy/ptII/ptolemy/domains/pn/test/auto/relationGroup6.xml (RunModel)" time="0.017" />
  <testcase classname="ptolemy.util.test.junit.AutoTests" name="[36] /home/travis/build/icyphy/ptII/ptolemy/domains/pn/test/auto/relationGroup7.xml (RunModel)" time="0.014" />
  <testcase classname="ptolemy.util.test.junit.AutoTests" name="[37] /home/travis/build/icyphy/ptII/ptolemy/domains/pn/test/auto/relationGroup8.xml (RunModel)" time="0.022" />
  <testcase classname="ptolemy.util.test.junit.AutoTests" name="[38] /home/travis/build/icyphy/ptII/ptolemy/domains/pn/test/auto/widthTest.xml (RunModel)" time="0.034" />
  <system-out><![CDATA[/home/travis/build/icyphy/ptII/ptolemy/domains/pn/test/PNDirector.tcl
testDefs.tcl: setting time out to 9000 seconds at Sun Jan 05 06:38:18 UTC 2020
81 ms. Memory: 129024K Free: 96705K (75%)
84 ms. Memory: 129024K Free: 89027K (69%)
/home/travis/build/icyphy/ptII/ptolemy/domains/pn/test/TimedPNDirector.tcl


==== $PTII/ptolemy/domains/pn/test/TimedPNDirector.tcl: TimedPNDirector-6.1 Test an application
==== Contents of test case:


    set e0 [java::new ptolemy.actor.TypedCompositeActor]
    set manager [java::new ptolemy.actor.Manager]
    set director [java::new ptolemy.domains.pn.kernel.TimedPNDirector]
    $e0 setDirector $director
    $e0 setName top
    $e0 setManager $manager

    # FIXME: why doesn't the getParameter option work.
    set ramp [java::new ptolemy.actor.lib.Ramp $e0 ramp]
    set param [java::cast ptolemy.data.expr.Parameter  [$ramp getAttribute  firingCountLimit]]
    $param setExpression 20

    set rec [java::new ptolemy.actor.lib.Recorder $e0 rec]
    $e0 connect  [java::field [java::cast ptolemy.actor.lib.Source $ramp] output]  [java::field [java::cast ptolemy.actor.lib.Sink $rec] input]

    error "Running this test sometimes causes an endless loop" 

#    [$e0 getManager] execute
#    enumToTokenValues [$rec getRecord 0]


.... Test generated KNOWN error:
Running this test sometimes causes an endless loop
    while executing
"error "Running this test sometimes causes an endless loop" "
    ("uplevel" body line 18)
    invoked from within
"uplevel $contents_of_test"
01/05/20 06:38:19
Failed: 0  Total Tests: 3  ((Passed: 2, Newly Passed: 0)  Known Failed: 1) /home/travis/build/icyphy/ptII/ptolemy/domains/pn/test
No auto/knownFailedTests/*.xml tests in /home/travis/build/icyphy/ptII/ptolemy/domains/pn/test
No auto/linux-amd64/*.xml tests in /home/travis/build/icyphy/ptII/ptolemy/domains/pn/test
AutoTests.java: About to close Vertx.
AutoTests.java: Vertx closed.

===========================================================================================
----------------- testing Sun Jan 05 06:38:19 UTC 2020 /home/travis/build/icyphy/ptII/ptolemy/domains/pn/test/auto/Branching-switch-PN-ptolemy-2.xml
----------------- Instantiating /home/travis/build/icyphy/ptII/ptolemy/domains/pn/test/auto/Branching-switch-PN-ptolemy-2.xml
52 ms. Memory: 129024K Free: 103246K (80%)
----------------- Invoking toplevel() on ptolemy.moml.MoMLSimpleApplication@5d90a531
----------------- Done invoking toplevel() on ptolemy.moml.MoMLSimpleApplication@5d90a531
reloadAllAccessors: .Branching-switch-PN-ptolemy-2

===========================================================================================
----------------- testing Sun Jan 05 06:38:19 UTC 2020 /home/travis/build/icyphy/ptII/ptolemy/domains/pn/test/auto/Branching-switch-PN-ptolemy.xml
----------------- Instantiating /home/travis/build/icyphy/ptII/ptolemy/domains/pn/test/auto/Branching-switch-PN-ptolemy.xml
60 ms. Memory: 129024K Free: 112446K (87%)
----------------- Invoking toplevel() on ptolemy.moml.MoMLSimpleApplication@11587c94
----------------- Done invoking toplevel() on ptolemy.moml.MoMLSimpleApplication@11587c94
reloadAllAccessors: .Branching-switch-PN-ptolemy

===========================================================================================
----------------- testing Sun Jan 05 06:38:19 UTC 2020 /home/travis/build/icyphy/ptII/ptolemy/domains/pn/test/auto/BrockAckermanTest.xml
----------------- Instantiating /home/travis/build/icyphy/ptII/ptolemy/domains/pn/test/auto/BrockAckermanTest.xml
263 ms. Memory: 129024K Free: 98374K (76%)
----------------- Invoking toplevel() on ptolemy.moml.MoMLSimpleApplication@ca08e82
----------------- Done invoking toplevel() on ptolemy.moml.MoMLSimpleApplication@ca08e82
reloadAllAccessors: .BrockAckermanTest

===========================================================================================
----------------- testing Sun Jan 05 06:38:20 UTC 2020 /home/travis/build/icyphy/ptII/ptolemy/domains/pn/test/auto/CounterMachine.xml
----------------- Instantiating /home/travis/build/icyphy/ptII/ptolemy/domains/pn/test/auto/CounterMachine.xml
1021 ms. Memory: 155648K Free: 91356K (59%)
----------------- Invoking toplevel() on ptolemy.moml.MoMLSimpleApplication@47b31ae6
----------------- Done invoking toplevel() on ptolemy.moml.MoMLSimpleApplication@47b31ae6
reloadAllAccessors: .CounterMachine

===========================================================================================
----------------- testing Sun Jan 05 06:38:21 UTC 2020 /home/travis/build/icyphy/ptII/ptolemy/domains/pn/test/auto/CounterMachine1.xml
----------------- Instantiating /home/travis/build/icyphy/ptII/ptolemy/domains/pn/test/auto/CounterMachine1.xml
922 ms. Memory: 155648K Free: 65124K (42%)
----------------- Invoking toplevel() on ptolemy.moml.MoMLSimpleApplication@45ec2bd0
----------------- Done invoking toplevel() on ptolemy.moml.MoMLSimpleApplication@45ec2bd0
reloadAllAccessors: .CounterMachine1

===========================================================================================
----------------- testing Sun Jan 05 06:38:23 UTC 2020 /home/travis/build/icyphy/ptII/ptolemy/domains/pn/test/auto/CounterMachineWithException.xml
----------------- Instantiating /home/travis/build/icyphy/ptII/ptolemy/domains/pn/test/auto/CounterMachineWithException.xml
465 ms. Memory: 155648K Free: 72525K (47%)
----------------- Invoking toplevel() on ptolemy.moml.MoMLSimpleApplication@2d8d1b0b
----------------- Done invoking toplevel() on ptolemy.moml.MoMLSimpleApplication@2d8d1b0b
reloadAllAccessors: .CounterMachineWithException

===========================================================================================
----------------- testing Sun Jan 05 06:38:24 UTC 2020 /home/travis/build/icyphy/ptII/ptolemy/domains/pn/test/auto/FinalState.xml
----------------- Instantiating /home/travis/build/icyphy/ptII/ptolemy/domains/pn/test/auto/FinalState.xml
24 ms. Memory: 155648K Free: 64587K (41%)
----------------- Invoking toplevel() on ptolemy.moml.MoMLSimpleApplication@1876882a
----------------- Done invoking toplevel() on ptolemy.moml.MoMLSimpleApplication@1876882a
reloadAllAccessors: .FinalState

===========================================================================================
----------------- testing Sun Jan 05 06:38:24 UTC 2020 /home/travis/build/icyphy/ptII/ptolemy/domains/pn/test/auto/FourExpressions.xml
----------------- Instantiating /home/travis/build/icyphy/ptII/ptolemy/domains/pn/test/auto/FourExpressions.xml
26 ms. Memory: 155648K Free: 52811K (34%)
----------------- Invoking toplevel() on ptolemy.moml.MoMLSimpleApplication@6f17be2c
----------------- Done invoking toplevel() on ptolemy.moml.MoMLSimpleApplication@6f17be2c
reloadAllAccessors: .FourExpressions

===========================================================================================
----------------- testing Sun Jan 05 06:38:24 UTC 2020 /home/travis/build/icyphy/ptII/ptolemy/domains/pn/test/auto/Identity.xml
----------------- Instantiating /home/travis/build/icyphy/ptII/ptolemy/domains/pn/test/auto/Identity.xml
27 ms. Memory: 187392K Free: 168163K (90%)
----------------- Invoking toplevel() on ptolemy.moml.MoMLSimpleApplication@2055344d
----------------- Done invoking toplevel() on ptolemy.moml.MoMLSimpleApplication@2055344d
reloadAllAccessors: .Identity

===========================================================================================
----------------- testing Sun Jan 05 06:38:24 UTC 2020 /home/travis/build/icyphy/ptII/ptolemy/domains/pn/test/auto/IdentityWithFeedback.xml
----------------- Instantiating /home/travis/build/icyphy/ptII/ptolemy/domains/pn/test/auto/IdentityWithFeedback.xml
13 ms. Memory: 187392K Free: 162017K (86%)
----------------- Invoking toplevel() on ptolemy.moml.MoMLSimpleApplication@66fd721
----------------- Done invoking toplevel() on ptolemy.moml.MoMLSimpleApplication@66fd721
reloadAllAccessors: .IdentityWithFeedback

===========================================================================================
----------------- testing Sun Jan 05 06:38:24 UTC 2020 /home/travis/build/icyphy/ptII/ptolemy/domains/pn/test/auto/NondeterministicMergeTest.xml
----------------- Instantiating /home/travis/build/icyphy/ptII/ptolemy/domains/pn/test/auto/NondeterministicMergeTest.xml
24 ms. Memory: 187392K Free: 152803K (82%)
----------------- Invoking toplevel() on ptolemy.moml.MoMLSimpleApplication@3345ceba
----------------- Done invoking toplevel() on ptolemy.moml.MoMLSimpleApplication@3345ceba
reloadAllAccessors: .NondeterministicMergeTest

===========================================================================================
----------------- testing Sun Jan 05 06:38:24 UTC 2020 /home/travis/build/icyphy/ptII/ptolemy/domains/pn/test/auto/OrderedMerge.xml
----------------- Instantiating /home/travis/build/icyphy/ptII/ptolemy/domains/pn/test/auto/OrderedMerge.xml
116 ms. Memory: 187392K Free: 139491K (74%)
----------------- Invoking toplevel() on ptolemy.moml.MoMLSimpleApplication@78d00ed5
----------------- Done invoking toplevel() on ptolemy.moml.MoMLSimpleApplication@78d00ed5
reloadAllAccessors: .OrderedMerge

===========================================================================================
----------------- testing Sun Jan 05 06:38:24 UTC 2020 /home/travis/build/icyphy/ptII/ptolemy/domains/pn/test/auto/PNAbstractReceiverTest.xml
----------------- Instantiating /home/travis/build/icyphy/ptII/ptolemy/domains/pn/test/auto/PNAbstractReceiverTest.xml
8 ms. Memory: 187392K Free: 134881K (72%)
----------------- Invoking toplevel() on ptolemy.moml.MoMLSimpleApplication@374b5665
----------------- Done invoking toplevel() on ptolemy.moml.MoMLSimpleApplication@374b5665
reloadAllAccessors: .PNAbstractReceiverTest

===========================================================================================
----------------- testing Sun Jan 05 06:38:24 UTC 2020 /home/travis/build/icyphy/ptII/ptolemy/domains/pn/test/auto/QR.xml
----------------- Instantiating /home/travis/build/icyphy/ptII/ptolemy/domains/pn/test/auto/QR.xml
26 ms. Memory: 187392K Free: 121059K (65%)
----------------- Invoking toplevel() on ptolemy.moml.MoMLSimpleApplication@5adb154
----------------- Done invoking toplevel() on ptolemy.moml.MoMLSimpleApplication@5adb154
reloadAllAccessors: .QR

===========================================================================================
----------------- testing Sun Jan 05 06:38:24 UTC 2020 /home/travis/build/icyphy/ptII/ptolemy/domains/pn/test/auto/RemoveNilTokens.xml
----------------- Instantiating /home/travis/build/icyphy/ptII/ptolemy/domains/pn/test/auto/RemoveNilTokens.xml
24 ms. Memory: 187392K Free: 107233K (57%)
----------------- Invoking toplevel() on ptolemy.moml.MoMLSimpleApplication@3d18b9ac
----------------- Done invoking toplevel() on ptolemy.moml.MoMLSimpleApplication@3d18b9ac
reloadAllAccessors: .RemoveNilTokens

===========================================================================================
----------------- testing Sun Jan 05 06:38:24 UTC 2020 /home/travis/build/icyphy/ptII/ptolemy/domains/pn/test/auto/Stack.xml
----------------- Instantiating /home/travis/build/icyphy/ptII/ptolemy/domains/pn/test/auto/Stack.xml
53 ms. Memory: 187392K Free: 76003K (41%)
----------------- Invoking toplevel() on ptolemy.moml.MoMLSimpleApplication@261be216
----------------- Done invoking toplevel() on ptolemy.moml.MoMLSimpleApplication@261be216
reloadAllAccessors: .Stack

===========================================================================================
----------------- testing Sun Jan 05 06:38:24 UTC 2020 /home/travis/build/icyphy/ptII/ptolemy/domains/pn/test/auto/TestRemoveNilTokens.xml
----------------- Instantiating /home/travis/build/icyphy/ptII/ptolemy/domains/pn/test/auto/TestRemoveNilTokens.xml
10 ms. Memory: 187392K Free: 65763K (35%)
----------------- Invoking toplevel() on ptolemy.moml.MoMLSimpleApplication@37152851
----------------- Done invoking toplevel() on ptolemy.moml.MoMLSimpleApplication@37152851
reloadAllAccessors: .TestRemoveNilTokens

===========================================================================================
----------------- testing Sun Jan 05 06:38:24 UTC 2020 /home/travis/build/icyphy/ptII/ptolemy/domains/pn/test/auto/TestSeq2Array.xml
----------------- Instantiating /home/travis/build/icyphy/ptII/ptolemy/domains/pn/test/auto/TestSeq2Array.xml
13 ms. Memory: 187392K Free: 168021K (90%)
----------------- Invoking toplevel() on ptolemy.moml.MoMLSimpleApplication@2ae5dcd5
----------------- Done invoking toplevel() on ptolemy.moml.MoMLSimpleApplication@2ae5dcd5
reloadAllAccessors: .TestSeq2Array

===========================================================================================
----------------- testing Sun Jan 05 06:38:24 UTC 2020 /home/travis/build/icyphy/ptII/ptolemy/domains/pn/test/auto/TrivialIdentity.xml
----------------- Instantiating /home/travis/build/icyphy/ptII/ptolemy/domains/pn/test/auto/TrivialIdentity.xml
8 ms. Memory: 187392K Free: 162387K (87%)
----------------- Invoking toplevel() on ptolemy.moml.MoMLSimpleApplication@562aaacd
----------------- Done invoking toplevel() on ptolemy.moml.MoMLSimpleApplication@562aaacd
reloadAllAccessors: .TrivialIdentity

===========================================================================================
----------------- testing Sun Jan 05 06:38:24 UTC 2020 /home/travis/build/icyphy/ptII/ptolemy/domains/pn/test/auto/WidthInferenceTest1.xml
----------------- Instantiating /home/travis/build/icyphy/ptII/ptolemy/domains/pn/test/auto/WidthInferenceTest1.xml
11 ms. Memory: 187392K Free: 154709K (83%)
----------------- Invoking toplevel() on ptolemy.moml.MoMLSimpleApplication@135a60e9
----------------- Done invoking toplevel() on ptolemy.moml.MoMLSimpleApplication@135a60e9
reloadAllAccessors: .1

===========================================================================================
----------------- testing Sun Jan 05 06:38:24 UTC 2020 /home/travis/build/icyphy/ptII/ptolemy/domains/pn/test/auto/WidthInferenceTest2.xml
----------------- Instantiating /home/travis/build/icyphy/ptII/ptolemy/domains/pn/test/auto/WidthInferenceTest2.xml
14 ms. Memory: 187392K Free: 146003K (78%)
----------------- Invoking toplevel() on ptolemy.moml.MoMLSimpleApplication@383f0169
----------------- Done invoking toplevel() on ptolemy.moml.MoMLSimpleApplication@383f0169
reloadAllAccessors: .2

===========================================================================================
----------------- testing Sun Jan 05 06:38:24 UTC 2020 /home/travis/build/icyphy/ptII/ptolemy/domains/pn/test/auto/WidthInferenceTest3.xml
----------------- Instantiating /home/travis/build/icyphy/ptII/ptolemy/domains/pn/test/auto/WidthInferenceTest3.xml
21 ms. Memory: 187392K Free: 127571K (68%)
----------------- Invoking toplevel() on ptolemy.moml.MoMLSimpleApplication@61ace54d
----------------- Done invoking toplevel() on ptolemy.moml.MoMLSimpleApplication@61ace54d
reloadAllAccessors: .3

===========================================================================================
----------------- testing Sun Jan 05 06:38:24 UTC 2020 /home/travis/build/icyphy/ptII/ptolemy/domains/pn/test/auto/WidthInferenceTest4.xml
----------------- Instantiating /home/travis/build/icyphy/ptII/ptolemy/domains/pn/test/auto/WidthInferenceTest4.xml
19 ms. Memory: 187392K Free: 109653K (59%)
----------------- Invoking toplevel() on ptolemy.moml.MoMLSimpleApplication@108ed5e5
----------------- Done invoking toplevel() on ptolemy.moml.MoMLSimpleApplication@108ed5e5
reloadAllAccessors: .WidthInferenceTest4

===========================================================================================
----------------- testing Sun Jan 05 06:38:25 UTC 2020 /home/travis/build/icyphy/ptII/ptolemy/domains/pn/test/auto/WidthInferenceTest5.xml
----------------- Instantiating /home/travis/build/icyphy/ptII/ptolemy/domains/pn/test/auto/WidthInferenceTest5.xml
28 ms. Memory: 187392K Free: 91731K (49%)
----------------- Invoking toplevel() on ptolemy.moml.MoMLSimpleApplication@3601834f
----------------- Done invoking toplevel() on ptolemy.moml.MoMLSimpleApplication@3601834f
reloadAllAccessors: .WidthInferenceTest5

===========================================================================================
----------------- testing Sun Jan 05 06:38:25 UTC 2020 /home/travis/build/icyphy/ptII/ptolemy/domains/pn/test/auto/controlled_kahnnet.xml
----------------- Instantiating /home/travis/build/icyphy/ptII/ptolemy/domains/pn/test/auto/controlled_kahnnet.xml
11 ms. Memory: 187392K Free: 84563K (45%)
----------------- Invoking toplevel() on ptolemy.moml.MoMLSimpleApplication@329d927e
----------------- Done invoking toplevel() on ptolemy.moml.MoMLSimpleApplication@329d927e
reloadAllAccessors: .controlled_kahnnet

===========================================================================================
----------------- testing Sun Jan 05 06:38:25 UTC 2020 /home/travis/build/icyphy/ptII/ptolemy/domains/pn/test/auto/demandDriven.xml
----------------- Instantiating /home/travis/build/icyphy/ptII/ptolemy/domains/pn/test/auto/demandDriven.xml
9 ms. Memory: 187392K Free: 78933K (42%)
----------------- Invoking toplevel() on ptolemy.moml.MoMLSimpleApplication@502532a9
----------------- Done invoking toplevel() on ptolemy.moml.MoMLSimpleApplication@502532a9
reloadAllAccessors: .demandDriven

===========================================================================================
----------------- testing Sun Jan 05 06:38:25 UTC 2020 /home/travis/build/icyphy/ptII/ptolemy/domains/pn/test/auto/feedback.xml
----------------- Instantiating /home/travis/build/icyphy/ptII/ptolemy/domains/pn/test/auto/feedback.xml
10 ms. Memory: 187392K Free: 72789K (39%)
----------------- Invoking toplevel() on ptolemy.moml.MoMLSimpleApplication@3d3b3598
----------------- Done invoking toplevel() on ptolemy.moml.MoMLSimpleApplication@3d3b3598
reloadAllAccessors: .feedback

===========================================================================================
----------------- testing Sun Jan 05 06:38:25 UTC 2020 /home/travis/build/icyphy/ptII/ptolemy/domains/pn/test/auto/helloWorld.xml
----------------- Instantiating /home/travis/build/icyphy/ptII/ptolemy/domains/pn/test/auto/helloWorld.xml
13 ms. Memory: 187392K Free: 69717K (37%)
----------------- Invoking toplevel() on ptolemy.moml.MoMLSimpleApplication@13d81c6f
----------------- Done invoking toplevel() on ptolemy.moml.MoMLSimpleApplication@13d81c6f
reloadAllAccessors: .helloWorld

===========================================================================================
----------------- testing Sun Jan 05 06:38:25 UTC 2020 /home/travis/build/icyphy/ptII/ptolemy/domains/pn/test/auto/helloWorld2.xml
----------------- Instantiating /home/travis/build/icyphy/ptII/ptolemy/domains/pn/test/auto/helloWorld2.xml
10 ms. Memory: 187392K Free: 63573K (34%)
----------------- Invoking toplevel() on ptolemy.moml.MoMLSimpleApplication@2732dbdc
----------------- Done invoking toplevel() on ptolemy.moml.MoMLSimpleApplication@2732dbdc
reloadAllAccessors: .helloWorld2

===========================================================================================
----------------- testing Sun Jan 05 06:38:25 UTC 2020 /home/travis/build/icyphy/ptII/ptolemy/domains/pn/test/auto/noOutput.xml
----------------- Instantiating /home/travis/build/icyphy/ptII/ptolemy/domains/pn/test/auto/noOutput.xml
33 ms. Memory: 187392K Free: 166412K (89%)
----------------- Invoking toplevel() on ptolemy.moml.MoMLSimpleApplication@538cc7cd
----------------- Done invoking toplevel() on ptolemy.moml.MoMLSimpleApplication@538cc7cd
reloadAllAccessors: .noOutput

===========================================================================================
----------------- testing Sun Jan 05 06:38:25 UTC 2020 /home/travis/build/icyphy/ptII/ptolemy/domains/pn/test/auto/relationGroup.xml
----------------- Instantiating /home/travis/build/icyphy/ptII/ptolemy/domains/pn/test/auto/relationGroup.xml
2 ms. Memory: 187392K Free: 162828K (87%)
----------------- Invoking toplevel() on ptolemy.moml.MoMLSimpleApplication@6f4aa1c2
----------------- Done invoking toplevel() on ptolemy.moml.MoMLSimpleApplication@6f4aa1c2
reloadAllAccessors: .relationGroup

===========================================================================================
----------------- testing Sun Jan 05 06:38:25 UTC 2020 /home/travis/build/icyphy/ptII/ptolemy/domains/pn/test/auto/relationGroup2.xml
----------------- Instantiating /home/travis/build/icyphy/ptII/ptolemy/domains/pn/test/auto/relationGroup2.xml
4 ms. Memory: 187392K Free: 159758K (85%)
----------------- Invoking toplevel() on ptolemy.moml.MoMLSimpleApplication@5d37a4
----------------- Done invoking toplevel() on ptolemy.moml.MoMLSimpleApplication@5d37a4
reloadAllAccessors: .relationGroup2

===========================================================================================
----------------- testing Sun Jan 05 06:38:25 UTC 2020 /home/travis/build/icyphy/ptII/ptolemy/domains/pn/test/auto/relationGroup3.xml
----------------- Instantiating /home/travis/build/icyphy/ptII/ptolemy/domains/pn/test/auto/relationGroup3.xml
4 ms. Memory: 187392K Free: 156686K (84%)
----------------- Invoking toplevel() on ptolemy.moml.MoMLSimpleApplication@2b95fbf0
----------------- Done invoking toplevel() on ptolemy.moml.MoMLSimpleApplication@2b95fbf0
reloadAllAccessors: .relationGroup3

===========================================================================================
----------------- testing Sun Jan 05 06:38:25 UTC 2020 /home/travis/build/icyphy/ptII/ptolemy/domains/pn/test/auto/relationGroup4.xml
----------------- Instantiating /home/travis/build/icyphy/ptII/ptolemy/domains/pn/test/auto/relationGroup4.xml
4 ms. Memory: 187392K Free: 153614K (82%)
----------------- Invoking toplevel() on ptolemy.moml.MoMLSimpleApplication@3075bc76
----------------- Done invoking toplevel() on ptolemy.moml.MoMLSimpleApplication@3075bc76
reloadAllAccessors: .relationGroup4

===========================================================================================
----------------- testing Sun Jan 05 06:38:25 UTC 2020 /home/travis/build/icyphy/ptII/ptolemy/domains/pn/test/auto/relationGroup5.xml
----------------- Instantiating /home/travis/build/icyphy/ptII/ptolemy/domains/pn/test/auto/relationGroup5.xml
5 ms. Memory: 187392K Free: 150542K (80%)
----------------- Invoking toplevel() on ptolemy.moml.MoMLSimpleApplication@4ca77825
----------------- Done invoking toplevel() on ptolemy.moml.MoMLSimpleApplication@4ca77825
reloadAllAccessors: .relationGroup5

===========================================================================================
----------------- testing Sun Jan 05 06:38:25 UTC 2020 /home/travis/build/icyphy/ptII/ptolemy/domains/pn/test/auto/relationGroup6.xml
----------------- Instantiating /home/travis/build/icyphy/ptII/ptolemy/domains/pn/test/auto/relationGroup6.xml
5 ms. Memory: 187392K Free: 146446K (78%)
----------------- Invoking toplevel() on ptolemy.moml.MoMLSimpleApplication@6eb1091f
----------------- Done invoking toplevel() on ptolemy.moml.MoMLSimpleApplication@6eb1091f
reloadAllAccessors: .relationGroup6

===========================================================================================
----------------- testing Sun Jan 05 06:38:25 UTC 2020 /home/travis/build/icyphy/ptII/ptolemy/domains/pn/test/auto/relationGroup7.xml
----------------- Instantiating /home/travis/build/icyphy/ptII/ptolemy/domains/pn/test/auto/relationGroup7.xml
5 ms. Memory: 187392K Free: 142350K (76%)
----------------- Invoking toplevel() on ptolemy.moml.MoMLSimpleApplication@5a68f21a
----------------- Done invoking toplevel() on ptolemy.moml.MoMLSimpleApplication@5a68f21a
reloadAllAccessors: .relationGroup7

===========================================================================================
----------------- testing Sun Jan 05 06:38:25 UTC 2020 /home/travis/build/icyphy/ptII/ptolemy/domains/pn/test/auto/relationGroup8.xml
----------------- Instantiating /home/travis/build/icyphy/ptII/ptolemy/domains/pn/test/auto/relationGroup8.xml
4 ms. Memory: 187392K Free: 138254K (74%)
----------------- Invoking toplevel() on ptolemy.moml.MoMLSimpleApplication@77e5b75b
----------------- Done invoking toplevel() on ptolemy.moml.MoMLSimpleApplication@77e5b75b
reloadAllAccessors: .relationGroup8

===========================================================================================
----------------- testing Sun Jan 05 06:38:25 UTC 2020 /home/travis/build/icyphy/ptII/ptolemy/domains/pn/test/auto/widthTest.xml
----------------- Instantiating /home/travis/build/icyphy/ptII/ptolemy/domains/pn/test/auto/widthTest.xml
11 ms. Memory: 187392K Free: 134158K (72%)
----------------- Invoking toplevel() on ptolemy.moml.MoMLSimpleApplication@363c1919
----------------- Done invoking toplevel() on ptolemy.moml.MoMLSimpleApplication@363c1919
reloadAllAccessors: .widthTest
AutoTests.java: About to close Vertx.
AutoTests.java: Vertx closed.
]]></system-out>
  <system-err><![CDATA[java.lang.RuntimeException: Execution failed
	at ptolemy.moml.MoMLSimpleApplication$UnloadThread.run(MoMLSimpleApplication.java:402)
Caused by: ptolemy.kernel.util.IllegalActionException: At the current time, process-oriented domains (PN and CSP) cannot be nested inside firing-based domains (SDF, DE, CT, etc.).
  in .PNInsideDE.CompositeActor.port
Because:
class ptolemy.domains.de.kernel.DEReceiver cannot be cast to class ptolemy.actor.process.ProcessReceiver (ptolemy.domains.de.kernel.DEReceiver and ptolemy.actor.process.ProcessReceiver are in unnamed module of loader 'app')
	at ptolemy.actor.process.BranchController.addBranches(BranchController.java:182)
	at ptolemy.actor.process.CompositeProcessDirector.createBranchController(CompositeProcessDirector.java:221)
	at ptolemy.actor.process.CompositeProcessDirector.initialize(CompositeProcessDirector.java:289)
	at ptolemy.domains.pn.kernel.PNDirector.initialize(PNDirector.java:241)
	at ptolemy.actor.CompositeActor.initialize(CompositeActor.java:935)
	at ptolemy.actor.Director.initialize(Director.java:938)
	at ptolemy.actor.Director.initialize(Director.java:907)
	at ptolemy.domains.de.kernel.DEDirector.initialize(DEDirector.java:944)
	at ptolemy.actor.CompositeActor.initialize(CompositeActor.java:935)
	at ptolemy.actor.Manager.initialize(Manager.java:724)
	at ptolemy.actor.Manager.execute(Manager.java:356)
	at ptolemy.actor.Manager.run(Manager.java:1263)
	at ptolemy.actor.Manager$PtolemyRunThread.run(Manager.java:1933)
Caused by: java.lang.ClassCastException: class ptolemy.domains.de.kernel.DEReceiver cannot be cast to class ptolemy.actor.process.ProcessReceiver (ptolemy.domains.de.kernel.DEReceiver and ptolemy.actor.process.ProcessReceiver are in unnamed module of loader 'app')
	at ptolemy.actor.process.BranchController.addBranches(BranchController.java:178)
	... 12 more
Warning: '.RemoveNilTokens.Test2' The test produced only 7 tokens, yet the correctValues parameter was expecting 8 tokens.
Warning: '.RemoveNilTokens.Test' The test produced only 8 tokens, yet the correctValues parameter was expecting 13 tokens.
]]></system-err>
</testsuite>
