<?xml version="1.0" encoding="UTF-8" ?>
<testsuite errors="0" failures="0" hostname="travis-job-67399743-8ba0-485b-9375-fc9b977d4d8d" name="ptolemy.domains.de.test.junit.JUnitTclTest" skipped="0" tests="101" time="132.208" timestamp="2018-06-25T01:38:58">
  <properties>
[...]
</properties>
  <testcase classname="ptolemy.util.test.junit.TclTests" name="[0] /home/travis/build/icyphy/ptII/ptolemy/domains/de/test/DependencyLoop.tcl (RunTclFile)" time="0.896" />
  <testcase classname="ptolemy.util.test.junit.TclTests" name="[1] /home/travis/build/icyphy/ptII/ptolemy/domains/de/test/RunDETestsAsQSS.tcl (RunTclFile)" time="90.836" />
  <testcase classname="ptolemy.util.test.junit.AutoKnownFailedTests" name="[0] /home/travis/build/icyphy/ptII/ptolemy/domains/de/test/auto/knownFailedTests/DESDFClockTest.xml (RunModel)" time="2.035" />
  <testcase classname="ptolemy.util.test.junit.AutoKnownFailedTests" name="[1] /home/travis/build/icyphy/ptII/ptolemy/domains/de/test/auto/knownFailedTests/DirectFeedback.xml (RunModel)" time="0.013" />
  <testcase classname="ptolemy.util.test.junit.AutoKnownFailedTests" name="[2] /home/travis/build/icyphy/ptII/ptolemy/domains/de/test/auto/knownFailedTests/FSMSource.xml (RunModel)" time="0.035" />
  <testcase classname="ptolemy.util.test.junit.AutoKnownFailedTests" name="[3] /home/travis/build/icyphy/ptII/ptolemy/domains/de/test/auto/knownFailedTests/HierarchicalModel.xml (RunModel)" time="0.048" />
  <testcase classname="ptolemy.util.test.junit.AutoKnownFailedTests" name="[4] /home/travis/build/icyphy/ptII/ptolemy/domains/de/test/auto/knownFailedTests/dependencyLoop.xml (RunModel)" time="0.038" />
  <testcase classname="ptolemy.util.test.junit.AutoKnownFailedTests" name="[5] /home/travis/build/icyphy/ptII/ptolemy/domains/de/test/auto/knownFailedTests/dependencyLoop2.xml (RunModel)" time="0.042" />
  <testcase classname="ptolemy.util.test.junit.AutoNameArchTests" name="[0] ThereAreNoAutoArchTests (RunModel)" time="0.0" />
  <testcase classname="ptolemy.util.test.junit.AutoTests" name="[0] /home/travis/build/icyphy/ptII/ptolemy/domains/de/test/auto/ActorDepthCalculation_actorWithoutPorts.xml (RunModel)" time="0.014" />
  <testcase classname="ptolemy.util.test.junit.AutoTests" name="[1] /home/travis/build/icyphy/ptII/ptolemy/domains/de/test/auto/AssemblyLine.xml (RunModel)" time="0.023" />
  <testcase classname="ptolemy.util.test.junit.AutoTests" name="[2] /home/travis/build/icyphy/ptII/ptolemy/domains/de/test/auto/CQBug1.xml (RunModel)" time="0.012" />
  <testcase classname="ptolemy.util.test.junit.AutoTests" name="[3] /home/travis/build/icyphy/ptII/ptolemy/domains/de/test/auto/CancelFireAt.xml (RunModel)" time="0.012" />
  <testcase classname="ptolemy.util.test.junit.AutoTests" name="[4] /home/travis/build/icyphy/ptII/ptolemy/domains/de/test/auto/CausalityAndComposabilityAnalysis.xml (RunModel)" time="0.011" />
  <testcase classname="ptolemy.util.test.junit.AutoTests" name="[5] /home/travis/build/icyphy/ptII/ptolemy/domains/de/test/auto/CausalityInterface1.xml (RunModel)" time="0.012" />
  <testcase classname="ptolemy.util.test.junit.AutoTests" name="[6] /home/travis/build/icyphy/ptII/ptolemy/domains/de/test/auto/CausalityInterface15.xml (RunModel)" time="0.013" />
  <testcase classname="ptolemy.util.test.junit.AutoTests" name="[7] /home/travis/build/icyphy/ptII/ptolemy/domains/de/test/auto/CausalityInterface2.xml (RunModel)" time="0.01" />
  <testcase classname="ptolemy.util.test.junit.AutoTests" name="[8] /home/travis/build/icyphy/ptII/ptolemy/domains/de/test/auto/CausalityInterface3.xml (RunModel)" time="0.014" />
  <testcase classname="ptolemy.util.test.junit.AutoTests" name="[9] /home/travis/build/icyphy/ptII/ptolemy/domains/de/test/auto/ClockDrift.xml (RunModel)" time="0.03" />
  <testcase classname="ptolemy.util.test.junit.AutoTests" name="[10] /home/travis/build/icyphy/ptII/ptolemy/domains/de/test/auto/ClockDriftAndValueChange.xml (RunModel)" time="0.029" />
  <testcase classname="ptolemy.util.test.junit.AutoTests" name="[11] /home/travis/build/icyphy/ptII/ptolemy/domains/de/test/auto/ClockDriftChange.xml (RunModel)" time="0.025" />
  <testcase classname="ptolemy.util.test.junit.AutoTests" name="[12] /home/travis/build/icyphy/ptII/ptolemy/domains/de/test/auto/ComposableCausalityAnalysis.xml (RunModel)" time="0.017" />
  <testcase classname="ptolemy.util.test.junit.AutoTests" name="[13] /home/travis/build/icyphy/ptII/ptolemy/domains/de/test/auto/DEFixedPointLimitation.xml (RunModel)" time="0.009" />
  <testcase classname="ptolemy.util.test.junit.AutoTests" name="[14] /home/travis/build/icyphy/ptII/ptolemy/domains/de/test/auto/DEScheduleTest.xml (RunModel)" time="0.011" />
  <testcase classname="ptolemy.util.test.junit.AutoTests" name="[15] /home/travis/build/icyphy/ptII/ptolemy/domains/de/test/auto/DEinDEwithStartTimes.xml (RunModel)" time="0.014" />
  <testcase classname="ptolemy.util.test.junit.AutoTests" name="[16] /home/travis/build/icyphy/ptII/ptolemy/domains/de/test/auto/DEinDEwithStartTimes2.xml (RunModel)" time="0.015" />
  <testcase classname="ptolemy.util.test.junit.AutoTests" name="[17] /home/travis/build/icyphy/ptII/ptolemy/domains/de/test/auto/DateDemo.xml (RunModel)" time="0.03" />
  <testcase classname="ptolemy.util.test.junit.AutoTests" name="[18] /home/travis/build/icyphy/ptII/ptolemy/domains/de/test/auto/DateToEvent.xml (RunModel)" time="2.04" />
  <testcase classname="ptolemy.util.test.junit.AutoTests" name="[19] /home/travis/build/icyphy/ptII/ptolemy/domains/de/test/auto/DepthTest1.xml (RunModel)" time="0.023" />
  <testcase classname="ptolemy.util.test.junit.AutoTests" name="[20] /home/travis/build/icyphy/ptII/ptolemy/domains/de/test/auto/DepthTest2.xml (RunModel)" time="0.029" />
  <testcase classname="ptolemy.util.test.junit.AutoTests" name="[21] /home/travis/build/icyphy/ptII/ptolemy/domains/de/test/auto/DepthTest3.xml (RunModel)" time="0.008" />
  <testcase classname="ptolemy.util.test.junit.AutoTests" name="[22] /home/travis/build/icyphy/ptII/ptolemy/domains/de/test/auto/DepthTest4.xml (RunModel)" time="0.014" />
  <testcase classname="ptolemy.util.test.junit.AutoTests" name="[23] /home/travis/build/icyphy/ptII/ptolemy/domains/de/test/auto/DepthTest5.xml (RunModel)" time="0.015" />
  <testcase classname="ptolemy.util.test.junit.AutoTests" name="[24] /home/travis/build/icyphy/ptII/ptolemy/domains/de/test/auto/DepthTest6.xml (RunModel)" time="0.019" />
  <testcase classname="ptolemy.util.test.junit.AutoTests" name="[25] /home/travis/build/icyphy/ptII/ptolemy/domains/de/test/auto/DepthTest7.xml (RunModel)" time="0.026" />
  <testcase classname="ptolemy.util.test.junit.AutoTests" name="[26] /home/travis/build/icyphy/ptII/ptolemy/domains/de/test/auto/EventToDate.xml (RunModel)" time="3.045" />
  <testcase classname="ptolemy.util.test.junit.AutoTests" name="[27] /home/travis/build/icyphy/ptII/ptolemy/domains/de/test/auto/FSM1.xml (RunModel)" time="0.033" />
  <testcase classname="ptolemy.util.test.junit.AutoTests" name="[28] /home/travis/build/icyphy/ptII/ptolemy/domains/de/test/auto/FSM7.xml (RunModel)" time="0.031" />
  <testcase classname="ptolemy.util.test.junit.AutoTests" name="[29] /home/travis/build/icyphy/ptII/ptolemy/domains/de/test/auto/Inspection.xml (RunModel)" time="0.041" />
  <testcase classname="ptolemy.util.test.junit.AutoTests" name="[30] /home/travis/build/icyphy/ptII/ptolemy/domains/de/test/auto/Iteration.xml (RunModel)" time="0.02" />
  <testcase classname="ptolemy.util.test.junit.AutoTests" name="[31] /home/travis/build/icyphy/ptII/ptolemy/domains/de/test/auto/LineFault.xml (RunModel)" time="0.578" />
  <testcase classname="ptolemy.util.test.junit.AutoTests" name="[32] /home/travis/build/icyphy/ptII/ptolemy/domains/de/test/auto/MergeModel1Add.xml (RunModel)" time="0.046" />
  <testcase classname="ptolemy.util.test.junit.AutoTests" name="[33] /home/travis/build/icyphy/ptII/ptolemy/domains/de/test/auto/MergeModel2Add.xml (RunModel)" time="0.04" />
  <testcase classname="ptolemy.util.test.junit.AutoTests" name="[34] /home/travis/build/icyphy/ptII/ptolemy/domains/de/test/auto/MergeModel3Add.xml (RunModel)" time="0.044" />
  <testcase classname="ptolemy.util.test.junit.AutoTests" name="[35] /home/travis/build/icyphy/ptII/ptolemy/domains/de/test/auto/MergeWithoutDiscard.xml (RunModel)" time="0.011" />
  <testcase classname="ptolemy.util.test.junit.AutoTests" name="[36] /home/travis/build/icyphy/ptII/ptolemy/domains/de/test/auto/Modal1.xml (RunModel)" time="0.031" />
  <testcase classname="ptolemy.util.test.junit.AutoTests" name="[37] /home/travis/build/icyphy/ptII/ptolemy/domains/de/test/auto/Modal2.xml (RunModel)" time="0.032" />
  <testcase classname="ptolemy.util.test.junit.AutoTests" name="[38] /home/travis/build/icyphy/ptII/ptolemy/domains/de/test/auto/Modal3.xml (RunModel)" time="0.034" />
  <testcase classname="ptolemy.util.test.junit.AutoTests" name="[39] /home/travis/build/icyphy/ptII/ptolemy/domains/de/test/auto/Modal4.xml (RunModel)" time="0.036" />
  <testcase classname="ptolemy.util.test.junit.AutoTests" name="[40] /home/travis/build/icyphy/ptII/ptolemy/domains/de/test/auto/Modal5.xml (RunModel)" time="0.03" />
  <testcase classname="ptolemy.util.test.junit.AutoTests" name="[41] /home/travis/build/icyphy/ptII/ptolemy/domains/de/test/auto/Modal6.xml (RunModel)" time="0.028" />
  <testcase classname="ptolemy.util.test.junit.AutoTests" name="[42] /home/travis/build/icyphy/ptII/ptolemy/domains/de/test/auto/Modal7.xml (RunModel)" time="0.036" />
  <testcase classname="ptolemy.util.test.junit.AutoTests" name="[43] /home/travis/build/icyphy/ptII/ptolemy/domains/de/test/auto/ModalModel.xml (RunModel)" time="0.156" />
  <testcase classname="ptolemy.util.test.junit.AutoTests" name="[44] /home/travis/build/icyphy/ptII/ptolemy/domains/de/test/auto/ModalSource.xml (RunModel)" time="0.018" />
  <testcase classname="ptolemy.util.test.junit.AutoTests" name="[45] /home/travis/build/icyphy/ptII/ptolemy/domains/de/test/auto/NonInterruptibleTimerZeroDelay.xml (RunModel)" time="0.01" />
  <testcase classname="ptolemy.util.test.junit.AutoTests" name="[46] /home/travis/build/icyphy/ptII/ptolemy/domains/de/test/auto/OpenQueueingNetwork.xml (RunModel)" time="2.423" />
  <testcase classname="ptolemy.util.test.junit.AutoTests" name="[47] /home/travis/build/icyphy/ptII/ptolemy/domains/de/test/auto/OpenQueuingNetwork.xml (RunModel)" time="0.275" />
  <testcase classname="ptolemy.util.test.junit.AutoTests" name="[48] /home/travis/build/icyphy/ptII/ptolemy/domains/de/test/auto/PeriodicSampler.xml (RunModel)" time="0.008" />
  <testcase classname="ptolemy.util.test.junit.AutoTests" name="[49] /home/travis/build/icyphy/ptII/ptolemy/domains/de/test/auto/PersistentIO.xml (RunModel)" time="0.024" />
  <testcase classname="ptolemy.util.test.junit.AutoTests" name="[50] /home/travis/build/icyphy/ptII/ptolemy/domains/de/test/auto/PortParameterResetOnInitialize.xml (RunModel)" time="0.011" />
  <testcase classname="ptolemy.util.test.junit.AutoTests" name="[51] /home/travis/build/icyphy/ptII/ptolemy/domains/de/test/auto/PortParameterUpdates.xml (RunModel)" time="0.017" />
  <testcase classname="ptolemy.util.test.junit.AutoTests" name="[52] /home/travis/build/icyphy/ptII/ptolemy/domains/de/test/auto/QueueAndServer.xml (RunModel)" time="0.028" />
  <testcase classname="ptolemy.util.test.junit.AutoTests" name="[53] /home/travis/build/icyphy/ptII/ptolemy/domains/de/test/auto/Records.xml (RunModel)" time="0.022" />
  <testcase classname="ptolemy.util.test.junit.AutoTests" name="[54] /home/travis/build/icyphy/ptII/ptolemy/domains/de/test/auto/ResetTransitionWithStartTime1.xml (RunModel)" time="0.02" />
  <testcase classname="ptolemy.util.test.junit.AutoTests" name="[55] /home/travis/build/icyphy/ptII/ptolemy/domains/de/test/auto/ResetTransitionWithStartTime2.xml (RunModel)" time="0.019" />
  <testcase classname="ptolemy.util.test.junit.AutoTests" name="[56] /home/travis/build/icyphy/ptII/ptolemy/domains/de/test/auto/ResetTransitionWithStartTime3.xml (RunModel)" time="0.03" />
  <testcase classname="ptolemy.util.test.junit.AutoTests" name="[57] /home/travis/build/icyphy/ptII/ptolemy/domains/de/test/auto/ResetTransitionWithStartTime4.xml (RunModel)" time="0.027" />
  <testcase classname="ptolemy.util.test.junit.AutoTests" name="[58] /home/travis/build/icyphy/ptII/ptolemy/domains/de/test/auto/ResettableTimer1.xml (RunModel)" time="0.013" />
  <testcase classname="ptolemy.util.test.junit.AutoTests" name="[59] /home/travis/build/icyphy/ptII/ptolemy/domains/de/test/auto/ResettableTimer2.xml (RunModel)" time="0.012" />
  <testcase classname="ptolemy.util.test.junit.AutoTests" name="[60] /home/travis/build/icyphy/ptII/ptolemy/domains/de/test/auto/ResettableTimer3.xml (RunModel)" time="0.009" />
  <testcase classname="ptolemy.util.test.junit.AutoTests" name="[61] /home/travis/build/icyphy/ptII/ptolemy/domains/de/test/auto/ResettableTimer4.xml (RunModel)" time="0.01" />
  <testcase classname="ptolemy.util.test.junit.AutoTests" name="[62] /home/travis/build/icyphy/ptII/ptolemy/domains/de/test/auto/ResettableTimer5.xml (RunModel)" time="0.01" />
  <testcase classname="ptolemy.util.test.junit.AutoTests" name="[63] /home/travis/build/icyphy/ptII/ptolemy/domains/de/test/auto/ResettableTimer6.xml (RunModel)" time="0.02" />
  <testcase classname="ptolemy.util.test.junit.AutoTests" name="[64] /home/travis/build/icyphy/ptII/ptolemy/domains/de/test/auto/ServerZeroDelay.xml (RunModel)" time="0.011" />
  <testcase classname="ptolemy.util.test.junit.AutoTests" name="[65] /home/travis/build/icyphy/ptII/ptolemy/domains/de/test/auto/SmartSender.xml (RunModel)" time="3.009" />
  <testcase classname="ptolemy.util.test.junit.AutoTests" name="[66] /home/travis/build/icyphy/ptII/ptolemy/domains/de/test/auto/ThreadedComposite.xml (RunModel)" time="0.168" />
  <testcase classname="ptolemy.util.test.junit.AutoTests" name="[67] /home/travis/build/icyphy/ptII/ptolemy/domains/de/test/auto/Time.xml (RunModel)" time="0.44" />
  <testcase classname="ptolemy.util.test.junit.AutoTests" name="[68] /home/travis/build/icyphy/ptII/ptolemy/domains/de/test/auto/TimeDelayZeroDelay.xml (RunModel)" time="0.017" />
  <testcase classname="ptolemy.util.test.junit.AutoTests" name="[69] /home/travis/build/icyphy/ptII/ptolemy/domains/de/test/auto/TimerZeroDelay.xml (RunModel)" time="0.014" />
  <testcase classname="ptolemy.util.test.junit.AutoTests" name="[70] /home/travis/build/icyphy/ptII/ptolemy/domains/de/test/auto/TimingParadox.xml (RunModel)" time="0.345" />
  <testcase classname="ptolemy.util.test.junit.AutoTests" name="[71] /home/travis/build/icyphy/ptII/ptolemy/domains/de/test/auto/TransferInputs.xml (RunModel)" time="0.015" />
  <testcase classname="ptolemy.util.test.junit.AutoTests" name="[72] /home/travis/build/icyphy/ptII/ptolemy/domains/de/test/auto/TransferOutputs2.xml (RunModel)" time="0.015" />
  <testcase classname="ptolemy.util.test.junit.AutoTests" name="[73] /home/travis/build/icyphy/ptII/ptolemy/domains/de/test/auto/Trilateration.xml (RunModel)" time="11.679" />
  <testcase classname="ptolemy.util.test.junit.AutoTests" name="[74] /home/travis/build/icyphy/ptII/ptolemy/domains/de/test/auto/TwoSigmaDelta.xml (RunModel)" time="2.246" />
  <testcase classname="ptolemy.util.test.junit.AutoTests" name="[75] /home/travis/build/icyphy/ptII/ptolemy/domains/de/test/auto/VariableDelay.xml (RunModel)" time="0.018" />
  <testcase classname="ptolemy.util.test.junit.AutoTests" name="[76] /home/travis/build/icyphy/ptII/ptolemy/domains/de/test/auto/VariableDelay2.xml (RunModel)" time="0.01" />
  <testcase classname="ptolemy.util.test.junit.AutoTests" name="[77] /home/travis/build/icyphy/ptII/ptolemy/domains/de/test/auto/VariableDelayZeroDelay.xml (RunModel)" time="0.011" />
  <testcase classname="ptolemy.util.test.junit.AutoTests" name="[78] /home/travis/build/icyphy/ptII/ptolemy/domains/de/test/auto/VariableDelayZeroDelay2.xml (RunModel)" time="0.011" />
  <testcase classname="ptolemy.util.test.junit.AutoTests" name="[79] /home/travis/build/icyphy/ptII/ptolemy/domains/de/test/auto/deInCt.xml (RunModel)" time="0.015" />
  <testcase classname="ptolemy.util.test.junit.AutoTests" name="[80] /home/travis/build/icyphy/ptII/ptolemy/domains/de/test/auto/deInCt2.xml (RunModel)" time="0.013" />
  <testcase classname="ptolemy.util.test.junit.AutoTests" name="[81] /home/travis/build/icyphy/ptII/ptolemy/domains/de/test/auto/dynamicCausalityInterface1.xml (RunModel)" time="0.022" />
  <testcase classname="ptolemy.util.test.junit.AutoTests" name="[82] /home/travis/build/icyphy/ptII/ptolemy/domains/de/test/auto/fsm_de_test.xml (RunModel)" time="0.025" />
  <testcase classname="ptolemy.util.test.junit.AutoTests" name="[83] /home/travis/build/icyphy/ptII/ptolemy/domains/de/test/auto/functionDependencyReconstruction.xml (RunModel)" time="0.033" />
  <testcase classname="ptolemy.util.test.junit.AutoTests" name="[84] /home/travis/build/icyphy/ptII/ptolemy/domains/de/test/auto/multirate.xml (RunModel)" time="0.016" />
  <testcase classname="ptolemy.util.test.junit.AutoTests" name="[85] /home/travis/build/icyphy/ptII/ptolemy/domains/de/test/auto/multirate2.xml (RunModel)" time="0.016" />
  <testcase classname="ptolemy.util.test.junit.AutoTests" name="[86] /home/travis/build/icyphy/ptII/ptolemy/domains/de/test/auto/realtime.xml (RunModel)" time="10.011" />
  <testcase classname="ptolemy.util.test.junit.AutoTests" name="[87] /home/travis/build/icyphy/ptII/ptolemy/domains/de/test/auto/relationGroup.xml (RunModel)" time="0.012" />
  <testcase classname="ptolemy.util.test.junit.AutoTests" name="[88] /home/travis/build/icyphy/ptII/ptolemy/domains/de/test/auto/relationGroup2.xml (RunModel)" time="0.008" />
  <testcase classname="ptolemy.util.test.junit.AutoTests" name="[89] /home/travis/build/icyphy/ptII/ptolemy/domains/de/test/auto/sortWithOpaquePorts.xml (RunModel)" time="0.01" />
  <testcase classname="ptolemy.util.test.junit.AutoTests" name="[90] /home/travis/build/icyphy/ptII/ptolemy/domains/de/test/auto/transferInputsandOutputs.xml (RunModel)" time="0.015" />
  <testcase classname="ptolemy.util.test.junit.AutoTests" name="[91] /home/travis/build/icyphy/ptII/ptolemy/domains/de/test/auto/triggerType.xml (RunModel)" time="0.012" />
  <system-out><![CDATA[/home/travis/build/icyphy/ptII/ptolemy/domains/de/test/DependencyLoop.tcl
testDefs.tcl: setting time out to 9000 seconds at Mon Jun 25 01:38:58 UTC 2018
15 ms. Memory: 116224K Free: 93905K (81%)
7 ms. Memory: 146944K Free: 135507K (92%)
/home/travis/build/icyphy/ptII/ptolemy/domains/de/test/RunDETestsAsQSS.tcl
Run the DE tests using ptolemy.domains.qss.test.QSSDirectorTest, which extends QSSDirector and prints a message in the constructors.
------------------ testing $PTII/ptolemy/domains/de/test/auto/knownFailedTests/dependencyLoop.xml (Known Failure) 
8 ms. Memory: 146944K Free: 132395K (90%)


==== $PTIIhome/travis/build/icyphy/ptII/ptolemy/domains/de/test/../../../../: Auto Automatic test in file $PTII/ptolemy/domains/de/test/auto/knownFailedTests/dependencyLoop.xml
==== Contents of test case:

	    # FIXME: we should use $relativeFilename here, but it
	    # might have backslashes under Windows, which causes no end
	    # of trouble.
	    createAndExecute $file
	    list {}
	
.... Test generated KNOWN error:
    while executing
ptolemy.kernel.util.IllegalActionException: Found a zero delay loop containing .dependencyLoop.original
  in .dependencyLoop and .dependencyLoop.original
	at ptolemy.actor.util.CausalityInterfaceForComposites._computeOutputPortDepth(CausalityInterfaceForComposites.java:759)
	at ptolemy.actor.util.CausalityInterfaceForComposites._computeInputDepth(CausalityInterfaceForComposites.java:696)
	at ptolemy.actor.util.CausalityInterfaceForComposites._computeOutputPortDepth(CausalityInterfaceForComposites.java:765)
	at ptolemy.actor.util.CausalityInterfaceForComposites._computeInputDepth(CausalityInterfaceForComposites.java:696)
	at ptolemy.actor.util.CausalityInterfaceForComposites._computeOutputPortDepth(CausalityInterfaceForComposites.java:765)
	at ptolemy.actor.util.CausalityInterfaceForComposites._computeInputDepth(CausalityInterfaceForComposites.java:696)
	at ptolemy.actor.util.CausalityInterfaceForComposites._computeActorDepth(CausalityInterfaceForComposites.java:532)
	at ptolemy.actor.util.CausalityInterfaceForComposites.checkForCycles(CausalityInterfaceForComposites.java:96)
	at ptolemy.domains.de.kernel.DEDirector.preinitialize(DEDirector.java:1338)
	at ptolemy.actor.CompositeActor.preinitialize(CompositeActor.java:1828)
	at ptolemy.actor.Manager.preinitializeAndResolveTypes(Manager.java:1040)
	at ptolemy.actor.Manager.initialize(Manager.java:710)
	at ptolemy.actor.Manager.execute(Manager.java:356)
	at ptolemy.actor.Manager.run(Manager.java:1263)
	at ptolemy.actor.Manager$PtolemyRunThread.run(Manager.java:1915)

    while executing
ptolemy.kernel.util.IllegalActionException: Found a zero delay loop containing .dependencyLoop.original
  in .dependencyLoop and .dependencyLoop.original
    while executing
"java::new ptolemy.moml.MoMLSimpleApplication $file
"
    (procedure "createAndExecute" line 2)
    invoked from within
"createAndExecute $file"
    ("uplevel" body line 5)
    invoked from within
"uplevel $contents_of_test"
------------------ testing $PTII/ptolemy/domains/de/test/auto/knownFailedTests/DESDFClockTest.xml (Known Failure) 
2051 ms. Memory: 146944K Free: 116581K (79%)


==== $PTIIhome/travis/build/icyphy/ptII/ptolemy/domains/de/test/../../../../: Auto Automatic test in file $PTII/ptolemy/domains/de/test/auto/knownFailedTests/DESDFClockTest.xml
==== Contents of test case:

	    # FIXME: we should use $relativeFilename here, but it
	    # might have backslashes under Windows, which causes no end
	    # of trouble.
	    createAndExecute $file
	    list {}
	
.... Test generated KNOWN error:
    while executing
ptolemy.kernel.util.IllegalActionException: Actor is not ready to fire.  Perhaps UpSample.prefire() returned false? Try debugging the actor by selecting "Listen to Actor".  Also, for SDF check moml for tokenConsumptionRate on input.
  in .DESDFClockTest.Play Bell.Copy1:SDF Director and .DESDFClockTest.Play Bell.UpSample
	at ptolemy.actor.sched.StaticSchedulingDirector.fire(StaticSchedulingDirector.java:227)
	at ptolemy.domains.sdf.kernel.SDFDirector.fire(SDFDirector.java:500)
	at ptolemy.actor.CompositeActor.fire(CompositeActor.java:455)
	at ptolemy.domains.de.kernel.DEDirector._fire(DEDirector.java:1949)
	at ptolemy.domains.de.kernel.DEDirector.fire(DEDirector.java:502)
	at ptolemy.actor.CompositeActor.fire(CompositeActor.java:455)
	at ptolemy.actor.Manager.iterate(Manager.java:851)
	at ptolemy.actor.Manager.execute(Manager.java:369)
	at ptolemy.actor.Manager.run(Manager.java:1263)
	at ptolemy.actor.Manager$PtolemyRunThread.run(Manager.java:1915)

    while executing
ptolemy.kernel.util.IllegalActionException: Actor is not ready to fire.  Perhaps UpSample.prefire() returned false? Try debugging the actor by selecting "Listen to Actor".  Also, for SDF check moml for tokenConsumptionRate on input.
  in .DESDFClockTest.Play Bell.Copy1:SDF Director and .DESDFClockTest.Play Bell.UpSample
    while executing
"java::new ptolemy.moml.MoMLSimpleApplication $file
"
    (procedure "createAndExecute" line 2)
    invoked from within
"createAndExecute $file"
    ("uplevel" body line 5)
    invoked from within
"uplevel $contents_of_test"
------------------ testing $PTII/ptolemy/domains/de/test/auto/knownFailedTests/FSMSource.xml (Known Failure) 
37 ms. Memory: 146944K Free: 107584K (73%)
!!!! Auto was marked as failing, but now passes
------------------ testing $PTII/ptolemy/domains/de/test/auto/knownFailedTests/dependencyLoop2.xml (Known Failure) 
11 ms. Memory: 146944K Free: 105700K (72%)


==== $PTIIhome/travis/build/icyphy/ptII/ptolemy/domains/de/test/../../../../: Auto Automatic test in file $PTII/ptolemy/domains/de/test/auto/knownFailedTests/dependencyLoop2.xml
==== Contents of test case:

	    # FIXME: we should use $relativeFilename here, but it
	    # might have backslashes under Windows, which causes no end
	    # of trouble.
	    createAndExecute $file
	    list {}
	
.... Test generated KNOWN error:
    while executing
ptolemy.kernel.util.IllegalActionException: Found a zero delay loop containing .dependencyLoop2.original
  in .dependencyLoop2 and .dependencyLoop2.original
	at ptolemy.actor.util.CausalityInterfaceForComposites._computeOutputPortDepth(CausalityInterfaceForComposites.java:759)
	at ptolemy.actor.util.CausalityInterfaceForComposites._computeInputDepth(CausalityInterfaceForComposites.java:696)
	at ptolemy.actor.util.CausalityInterfaceForComposites._computeOutputPortDepth(CausalityInterfaceForComposites.java:765)
	at ptolemy.actor.util.CausalityInterfaceForComposites._computeInputDepth(CausalityInterfaceForComposites.java:696)
	at ptolemy.actor.util.CausalityInterfaceForComposites._computeOutputPortDepth(CausalityInterfaceForComposites.java:765)
	at ptolemy.actor.util.CausalityInterfaceForComposites._computeInputDepth(CausalityInterfaceForComposites.java:696)
	at ptolemy.actor.util.CausalityInterfaceForComposites._computeActorDepth(CausalityInterfaceForComposites.java:532)
	at ptolemy.actor.util.CausalityInterfaceForComposites.checkForCycles(CausalityInterfaceForComposites.java:96)
	at ptolemy.domains.de.kernel.DEDirector.preinitialize(DEDirector.java:1338)
	at ptolemy.actor.CompositeActor.preinitialize(CompositeActor.java:1828)
	at ptolemy.actor.Manager.preinitializeAndResolveTypes(Manager.java:1040)
	at ptolemy.actor.Manager.initialize(Manager.java:710)
	at ptolemy.actor.Manager.execute(Manager.java:356)
	at ptolemy.actor.Manager.run(Manager.java:1263)
	at ptolemy.actor.Manager$PtolemyRunThread.run(Manager.java:1915)

    while executing
ptolemy.kernel.util.IllegalActionException: Found a zero delay loop containing .dependencyLoop2.original
  in .dependencyLoop2 and .dependencyLoop2.original
    while executing
"java::new ptolemy.moml.MoMLSimpleApplication $file
"
    (procedure "createAndExecute" line 2)
    invoked from within
"createAndExecute $file"
    ("uplevel" body line 5)
    invoked from within
"uplevel $contents_of_test"
------------------ testing $PTII/ptolemy/domains/de/test/auto/knownFailedTests/HierarchicalModel.xml (Known Failure) 
6 ms. Memory: 146944K Free: 83883K (57%)


==== $PTIIhome/travis/build/icyphy/ptII/ptolemy/domains/de/test/../../../../: Auto Automatic test in file $PTII/ptolemy/domains/de/test/auto/knownFailedTests/HierarchicalModel.xml
==== Contents of test case:

	    # FIXME: we should use $relativeFilename here, but it
	    # might have backslashes under Windows, which causes no end
	    # of trouble.
	    createAndExecute $file
	    list {}
	
.... Test generated KNOWN error:
    while executing
ptolemy.kernel.util.IllegalActionException: Found a zero delay loop containing .HierarchicalModel.A
  in .HierarchicalModel and .HierarchicalModel.A
	at ptolemy.actor.util.CausalityInterfaceForComposites._computeOutputPortDepth(CausalityInterfaceForComposites.java:759)
	at ptolemy.actor.util.CausalityInterfaceForComposites._computeInputDepth(CausalityInterfaceForComposites.java:696)
	at ptolemy.actor.util.CausalityInterfaceForComposites._computeOutputPortDepth(CausalityInterfaceForComposites.java:765)
	at ptolemy.actor.util.CausalityInterfaceForComposites._computeInputDepth(CausalityInterfaceForComposites.java:696)
	at ptolemy.actor.util.CausalityInterfaceForComposites._computeOutputPortDepth(CausalityInterfaceForComposites.java:765)
	at ptolemy.actor.util.CausalityInterfaceForComposites._computeInputDepth(CausalityInterfaceForComposites.java:696)
	at ptolemy.actor.util.CausalityInterfaceForComposites._computeActorDepth(CausalityInterfaceForComposites.java:532)
	at ptolemy.actor.util.CausalityInterfaceForComposites.checkForCycles(CausalityInterfaceForComposites.java:96)
	at ptolemy.domains.de.kernel.DEDirector.preinitialize(DEDirector.java:1338)
	at ptolemy.actor.CompositeActor.preinitialize(CompositeActor.java:1828)
	at ptolemy.actor.Manager.preinitializeAndResolveTypes(Manager.java:1040)
	at ptolemy.actor.Manager.initialize(Manager.java:710)
	at ptolemy.actor.Manager.execute(Manager.java:356)
	at ptolemy.actor.Manager.run(Manager.java:1263)
	at ptolemy.actor.Manager$PtolemyRunThread.run(Manager.java:1915)

    while executing
ptolemy.kernel.util.IllegalActionException: Found a zero delay loop containing .HierarchicalModel.A
  in .HierarchicalModel and .HierarchicalModel.A
    while executing
"java::new ptolemy.moml.MoMLSimpleApplication $file
"
    (procedure "createAndExecute" line 2)
    invoked from within
"createAndExecute $file"
    ("uplevel" body line 5)
    invoked from within
"uplevel $contents_of_test"
------------------ testing $PTII/ptolemy/domains/de/test/auto/knownFailedTests/DirectFeedback.xml (Known Failure) 
4 ms. Memory: 146944K Free: 141402K (96%)


==== $PTIIhome/travis/build/icyphy/ptII/ptolemy/domains/de/test/../../../../: Auto Automatic test in file $PTII/ptolemy/domains/de/test/auto/knownFailedTests/DirectFeedback.xml
==== Contents of test case:

	    # FIXME: we should use $relativeFilename here, but it
	    # might have backslashes under Windows, which causes no end
	    # of trouble.
	    createAndExecute $file
	    list {}
	
.... Test generated KNOWN error:
    while executing
ptolemy.kernel.util.IllegalActionException: Test fails in iteration 1.
Value was: 1.0. Should have been: 2.0
  in .DirectFeedback.Test
	at ptolemy.actor.lib.Test.fire(Test.java:268)
	at ptolemy.domains.de.kernel.DEDirector._fire(DEDirector.java:1949)
	at ptolemy.domains.de.kernel.DEDirector.fire(DEDirector.java:502)
	at ptolemy.actor.CompositeActor.fire(CompositeActor.java:455)
	at ptolemy.actor.Manager.iterate(Manager.java:851)
	at ptolemy.actor.Manager.execute(Manager.java:369)
	at ptolemy.actor.Manager.run(Manager.java:1263)
	at ptolemy.actor.Manager$PtolemyRunThread.run(Manager.java:1915)

    while executing
ptolemy.kernel.util.IllegalActionException: Test fails in iteration 1.
Value was: 1.0. Should have been: 2.0
  in .DirectFeedback.Test
    while executing
"java::new ptolemy.moml.MoMLSimpleApplication $file
"
    (procedure "createAndExecute" line 2)
    invoked from within
"createAndExecute $file"
    ("uplevel" body line 5)
    invoked from within
"uplevel $contents_of_test"
------------------ testing $PTII/ptolemy/domains/de/test/auto/ActorDepthCalculation_actorWithoutPorts.xml
auto.tcl: Setting watchdog for 200 seconds at Mon Jun 25 01:39:01 UTC 2018
4 ms. Memory: 146944K Free: 132409K (90%)
ptolemy.util.test.WatchDog.cancel(): canceling Mon Jun 25 01:39:01 UTC 2018
auto.tcl: Setting watchdog for 200 seconds at Mon Jun 25 01:39:01 UTC 2018
4 ms. Memory: 146944K Free: 131366K (89%)
ptolemy.util.test.WatchDog.cancel(): canceling Mon Jun 25 01:39:01 UTC 2018
------------------ testing $PTII/ptolemy/domains/de/test/auto/AssemblyLine.xml
auto.tcl: Setting watchdog for 200 seconds at Mon Jun 25 01:39:02 UTC 2018
13 ms. Memory: 208384K Free: 182823K (88%)
ptolemy.util.test.WatchDog.cancel(): canceling Mon Jun 25 01:39:02 UTC 2018
auto.tcl: Setting watchdog for 200 seconds at Mon Jun 25 01:39:02 UTC 2018
8 ms. Memory: 208384K Free: 182823K (88%)
ptolemy.util.test.WatchDog.cancel(): canceling Mon Jun 25 01:39:02 UTC 2018
------------------ testing $PTII/ptolemy/domains/de/test/auto/CQBug1.xml
auto.tcl: Setting watchdog for 200 seconds at Mon Jun 25 01:39:02 UTC 2018
4 ms. Memory: 208384K Free: 197703K (95%)
ptolemy.util.test.WatchDog.cancel(): canceling Mon Jun 25 01:39:02 UTC 2018
auto.tcl: Setting watchdog for 200 seconds at Mon Jun 25 01:39:02 UTC 2018
2 ms. Memory: 208384K Free: 197703K (95%)
ptolemy.util.test.WatchDog.cancel(): canceling Mon Jun 25 01:39:02 UTC 2018
------------------ testing $PTII/ptolemy/domains/de/test/auto/CancelFireAt.xml
auto.tcl: Setting watchdog for 200 seconds at Mon Jun 25 01:39:02 UTC 2018
4 ms. Memory: 208384K Free: 201430K (97%)
ptolemy.util.test.WatchDog.cancel(): canceling Mon Jun 25 01:39:02 UTC 2018
auto.tcl: Setting watchdog for 200 seconds at Mon Jun 25 01:39:02 UTC 2018
4 ms. Memory: 208384K Free: 199324K (96%)
ptolemy.util.test.WatchDog.cancel(): canceling Mon Jun 25 01:39:02 UTC 2018
------------------ testing $PTII/ptolemy/domains/de/test/auto/CausalityAndComposabilityAnalysis.xml
auto.tcl: Setting watchdog for 200 seconds at Mon Jun 25 01:39:02 UTC 2018
10 ms. Memory: 208384K Free: 196478K (94%)
ptolemy.util.test.WatchDog.cancel(): canceling Mon Jun 25 01:39:02 UTC 2018
auto.tcl: Setting watchdog for 200 seconds at Mon Jun 25 01:39:02 UTC 2018
10 ms. Memory: 208384K Free: 196478K (94%)
ptolemy.util.test.WatchDog.cancel(): canceling Mon Jun 25 01:39:02 UTC 2018
------------------ testing $PTII/ptolemy/domains/de/test/auto/CausalityInterface1.xml
auto.tcl: Setting watchdog for 200 seconds at Mon Jun 25 01:39:02 UTC 2018
10 ms. Memory: 208384K Free: 196754K (94%)
ptolemy.util.test.WatchDog.cancel(): canceling Mon Jun 25 01:39:02 UTC 2018
auto.tcl: Setting watchdog for 200 seconds at Mon Jun 25 01:39:02 UTC 2018
5 ms. Memory: 208384K Free: 196754K (94%)
ptolemy.util.test.WatchDog.cancel(): canceling Mon Jun 25 01:39:02 UTC 2018
------------------ testing $PTII/ptolemy/domains/de/test/auto/CausalityInterface15.xml
auto.tcl: Setting watchdog for 200 seconds at Mon Jun 25 01:39:02 UTC 2018
26 ms. Memory: 208384K Free: 196409K (94%)
ptolemy.util.test.WatchDog.cancel(): canceling Mon Jun 25 01:39:02 UTC 2018
auto.tcl: Setting watchdog for 200 seconds at Mon Jun 25 01:39:02 UTC 2018
5 ms. Memory: 208384K Free: 196409K (94%)
ptolemy.util.test.WatchDog.cancel(): canceling Mon Jun 25 01:39:02 UTC 2018
------------------ testing $PTII/ptolemy/domains/de/test/auto/CausalityInterface2.xml
auto.tcl: Setting watchdog for 200 seconds at Mon Jun 25 01:39:02 UTC 2018
4 ms. Memory: 208384K Free: 196392K (94%)
ptolemy.util.test.WatchDog.cancel(): canceling Mon Jun 25 01:39:03 UTC 2018
auto.tcl: Setting watchdog for 200 seconds at Mon Jun 25 01:39:03 UTC 2018
3 ms. Memory: 208384K Free: 196392K (94%)
ptolemy.util.test.WatchDog.cancel(): canceling Mon Jun 25 01:39:03 UTC 2018
------------------ testing $PTII/ptolemy/domains/de/test/auto/CausalityInterface3.xml
auto.tcl: Setting watchdog for 200 seconds at Mon Jun 25 01:39:03 UTC 2018
8 ms. Memory: 208384K Free: 196405K (94%)
ptolemy.util.test.WatchDog.cancel(): canceling Mon Jun 25 01:39:03 UTC 2018
auto.tcl: Setting watchdog for 200 seconds at Mon Jun 25 01:39:03 UTC 2018
3 ms. Memory: 208384K Free: 196405K (94%)
ptolemy.util.test.WatchDog.cancel(): canceling Mon Jun 25 01:39:03 UTC 2018
------------------ testing $PTII/ptolemy/domains/de/test/auto/ClockDrift.xml
auto.tcl: Setting watchdog for 200 seconds at Mon Jun 25 01:39:03 UTC 2018
101 ms. Memory: 208384K Free: 187619K (90%)
ptolemy.util.test.WatchDog.cancel(): canceling Mon Jun 25 01:39:03 UTC 2018
auto.tcl: Setting watchdog for 200 seconds at Mon Jun 25 01:39:03 UTC 2018
51 ms. Memory: 208384K Free: 185513K (89%)
ptolemy.util.test.WatchDog.cancel(): canceling Mon Jun 25 01:39:03 UTC 2018
------------------ testing $PTII/ptolemy/domains/de/test/auto/ClockDriftAndValueChange.xml
auto.tcl: Setting watchdog for 200 seconds at Mon Jun 25 01:39:03 UTC 2018
48 ms. Memory: 208384K Free: 187453K (90%)
ptolemy.util.test.WatchDog.cancel(): canceling Mon Jun 25 01:39:03 UTC 2018
auto.tcl: Setting watchdog for 200 seconds at Mon Jun 25 01:39:03 UTC 2018
40 ms. Memory: 208384K Free: 185347K (89%)
ptolemy.util.test.WatchDog.cancel(): canceling Mon Jun 25 01:39:03 UTC 2018
------------------ testing $PTII/ptolemy/domains/de/test/auto/ClockDriftChange.xml
auto.tcl: Setting watchdog for 200 seconds at Mon Jun 25 01:39:03 UTC 2018
24 ms. Memory: 208384K Free: 190780K (92%)
ptolemy.util.test.WatchDog.cancel(): canceling Mon Jun 25 01:39:03 UTC 2018
auto.tcl: Setting watchdog for 200 seconds at Mon Jun 25 01:39:03 UTC 2018
28 ms. Memory: 208384K Free: 188674K (91%)
ptolemy.util.test.WatchDog.cancel(): canceling Mon Jun 25 01:39:03 UTC 2018
------------------ testing $PTII/ptolemy/domains/de/test/auto/ComposableCausalityAnalysis.xml
auto.tcl: Setting watchdog for 200 seconds at Mon Jun 25 01:39:03 UTC 2018
2 ms. Memory: 208384K Free: 196259K (94%)
ptolemy.util.test.WatchDog.cancel(): canceling Mon Jun 25 01:39:03 UTC 2018
auto.tcl: Setting watchdog for 200 seconds at Mon Jun 25 01:39:03 UTC 2018
5 ms. Memory: 208384K Free: 194153K (93%)
ptolemy.util.test.WatchDog.cancel(): canceling Mon Jun 25 01:39:03 UTC 2018
------------------ testing $PTII/ptolemy/domains/de/test/auto/DEFixedPointLimitation.xml
auto.tcl: Setting watchdog for 200 seconds at Mon Jun 25 01:39:03 UTC 2018
2 ms. Memory: 208384K Free: 198446K (95%)
ptolemy.util.test.WatchDog.cancel(): canceling Mon Jun 25 01:39:03 UTC 2018
auto.tcl: Setting watchdog for 200 seconds at Mon Jun 25 01:39:03 UTC 2018
3 ms. Memory: 208384K Free: 196340K (94%)
ptolemy.util.test.WatchDog.cancel(): canceling Mon Jun 25 01:39:03 UTC 2018
------------------ testing $PTII/ptolemy/domains/de/test/auto/DEScheduleTest.xml
auto.tcl: Setting watchdog for 200 seconds at Mon Jun 25 01:39:03 UTC 2018
3 ms. Memory: 208384K Free: 198481K (95%)
ptolemy.util.test.WatchDog.cancel(): canceling Mon Jun 25 01:39:04 UTC 2018
auto.tcl: Setting watchdog for 200 seconds at Mon Jun 25 01:39:04 UTC 2018
8 ms. Memory: 208384K Free: 196375K (94%)
ptolemy.util.test.WatchDog.cancel(): canceling Mon Jun 25 01:39:04 UTC 2018
------------------ testing $PTII/ptolemy/domains/de/test/auto/DEinDEwithStartTimes.xml
auto.tcl: Setting watchdog for 200 seconds at Mon Jun 25 01:39:04 UTC 2018
3 ms. Memory: 208384K Free: 196345K (94%)
ptolemy.util.test.WatchDog.cancel(): canceling Mon Jun 25 01:39:04 UTC 2018
auto.tcl: Setting watchdog for 200 seconds at Mon Jun 25 01:39:04 UTC 2018
3 ms. Memory: 208384K Free: 194239K (93%)
ptolemy.util.test.WatchDog.cancel(): canceling Mon Jun 25 01:39:04 UTC 2018
------------------ testing $PTII/ptolemy/domains/de/test/auto/DEinDEwithStartTimes2.xml
auto.tcl: Setting watchdog for 200 seconds at Mon Jun 25 01:39:04 UTC 2018
7 ms. Memory: 208384K Free: 196325K (94%)
ptolemy.util.test.WatchDog.cancel(): canceling Mon Jun 25 01:39:04 UTC 2018
auto.tcl: Setting watchdog for 200 seconds at Mon Jun 25 01:39:04 UTC 2018
3 ms. Memory: 208384K Free: 194219K (93%)
ptolemy.util.test.WatchDog.cancel(): canceling Mon Jun 25 01:39:04 UTC 2018
------------------ testing $PTII/ptolemy/domains/de/test/auto/DateDemo.xml
auto.tcl: Setting watchdog for 200 seconds at Mon Jun 25 01:39:04 UTC 2018
14 ms. Memory: 208384K Free: 188720K (91%)
ptolemy.util.test.WatchDog.cancel(): canceling Mon Jun 25 01:39:04 UTC 2018
auto.tcl: Setting watchdog for 200 seconds at Mon Jun 25 01:39:04 UTC 2018
7 ms. Memory: 208384K Free: 186614K (90%)
ptolemy.util.test.WatchDog.cancel(): canceling Mon Jun 25 01:39:04 UTC 2018
------------------ testing $PTII/ptolemy/domains/de/test/auto/DateToEvent.xml
auto.tcl: Setting watchdog for 200 seconds at Mon Jun 25 01:39:04 UTC 2018
2029 ms. Memory: 208384K Free: 183425K (88%)
ptolemy.util.test.WatchDog.cancel(): canceling Mon Jun 25 01:39:06 UTC 2018
auto.tcl: Setting watchdog for 200 seconds at Mon Jun 25 01:39:06 UTC 2018
2006 ms. Memory: 208384K Free: 180967K (87%)
ptolemy.util.test.WatchDog.cancel(): canceling Mon Jun 25 01:39:08 UTC 2018
------------------ testing $PTII/ptolemy/domains/de/test/auto/DepthTest1.xml
auto.tcl: Setting watchdog for 200 seconds at Mon Jun 25 01:39:08 UTC 2018
2 ms. Memory: 208384K Free: 198349K (95%)
ptolemy.util.test.WatchDog.cancel(): canceling Mon Jun 25 01:39:08 UTC 2018
auto.tcl: Setting watchdog for 200 seconds at Mon Jun 25 01:39:08 UTC 2018
2 ms. Memory: 208384K Free: 198349K (95%)
ptolemy.util.test.WatchDog.cancel(): canceling Mon Jun 25 01:39:08 UTC 2018
------------------ testing $PTII/ptolemy/domains/de/test/auto/DepthTest2.xml
auto.tcl: Setting watchdog for 200 seconds at Mon Jun 25 01:39:08 UTC 2018
3 ms. Memory: 208384K Free: 194233K (93%)
ptolemy.util.test.WatchDog.cancel(): canceling Mon Jun 25 01:39:08 UTC 2018
auto.tcl: Setting watchdog for 200 seconds at Mon Jun 25 01:39:08 UTC 2018
6 ms. Memory: 208384K Free: 194233K (93%)
ptolemy.util.test.WatchDog.cancel(): canceling Mon Jun 25 01:39:08 UTC 2018
------------------ testing $PTII/ptolemy/domains/de/test/auto/DepthTest3.xml
auto.tcl: Setting watchdog for 200 seconds at Mon Jun 25 01:39:08 UTC 2018
2 ms. Memory: 208384K Free: 198683K (95%)
ptolemy.util.test.WatchDog.cancel(): canceling Mon Jun 25 01:39:08 UTC 2018
auto.tcl: Setting watchdog for 200 seconds at Mon Jun 25 01:39:08 UTC 2018
2 ms. Memory: 208384K Free: 198683K (95%)
ptolemy.util.test.WatchDog.cancel(): canceling Mon Jun 25 01:39:08 UTC 2018
------------------ testing $PTII/ptolemy/domains/de/test/auto/DepthTest4.xml
auto.tcl: Setting watchdog for 200 seconds at Mon Jun 25 01:39:08 UTC 2018
6 ms. Memory: 208384K Free: 196327K (94%)
ptolemy.util.test.WatchDog.cancel(): canceling Mon Jun 25 01:39:08 UTC 2018
auto.tcl: Setting watchdog for 200 seconds at Mon Jun 25 01:39:08 UTC 2018
5 ms. Memory: 208384K Free: 196327K (94%)
ptolemy.util.test.WatchDog.cancel(): canceling Mon Jun 25 01:39:08 UTC 2018
------------------ testing $PTII/ptolemy/domains/de/test/auto/DepthTest5.xml
auto.tcl: Setting watchdog for 200 seconds at Mon Jun 25 01:39:08 UTC 2018
5 ms. Memory: 208384K Free: 196611K (94%)
ptolemy.util.test.WatchDog.cancel(): canceling Mon Jun 25 01:39:08 UTC 2018
auto.tcl: Setting watchdog for 200 seconds at Mon Jun 25 01:39:08 UTC 2018
4 ms. Memory: 208384K Free: 196611K (94%)
ptolemy.util.test.WatchDog.cancel(): canceling Mon Jun 25 01:39:08 UTC 2018
------------------ testing $PTII/ptolemy/domains/de/test/auto/DepthTest6.xml
auto.tcl: Setting watchdog for 200 seconds at Mon Jun 25 01:39:08 UTC 2018
9 ms. Memory: 208384K Free: 195342K (94%)
ptolemy.util.test.WatchDog.cancel(): canceling Mon Jun 25 01:39:08 UTC 2018
auto.tcl: Setting watchdog for 200 seconds at Mon Jun 25 01:39:08 UTC 2018
3 ms. Memory: 208384K Free: 195342K (94%)
ptolemy.util.test.WatchDog.cancel(): canceling Mon Jun 25 01:39:09 UTC 2018
------------------ testing $PTII/ptolemy/domains/de/test/auto/DepthTest7.xml
auto.tcl: Setting watchdog for 200 seconds at Mon Jun 25 01:39:09 UTC 2018
3 ms. Memory: 208384K Free: 195002K (94%)
ptolemy.util.test.WatchDog.cancel(): canceling Mon Jun 25 01:39:09 UTC 2018
auto.tcl: Setting watchdog for 200 seconds at Mon Jun 25 01:39:09 UTC 2018
2 ms. Memory: 208384K Free: 195002K (94%)
ptolemy.util.test.WatchDog.cancel(): canceling Mon Jun 25 01:39:09 UTC 2018
------------------ testing $PTII/ptolemy/domains/de/test/auto/EventToDate.xml
auto.tcl: Setting watchdog for 200 seconds at Mon Jun 25 01:39:09 UTC 2018
3010 ms. Memory: 208384K Free: 185722K (89%)
ptolemy.util.test.WatchDog.cancel(): canceling Mon Jun 25 01:39:12 UTC 2018
auto.tcl: Setting watchdog for 200 seconds at Mon Jun 25 01:39:12 UTC 2018
3003 ms. Memory: 208384K Free: 185722K (89%)
ptolemy.util.test.WatchDog.cancel(): canceling Mon Jun 25 01:39:15 UTC 2018
------------------ testing $PTII/ptolemy/domains/de/test/auto/FSM1.xml
auto.tcl: Setting watchdog for 200 seconds at Mon Jun 25 01:39:15 UTC 2018
31 ms. Memory: 208384K Free: 189270K (91%)
ptolemy.util.test.WatchDog.cancel(): canceling Mon Jun 25 01:39:15 UTC 2018
auto.tcl: Setting watchdog for 200 seconds at Mon Jun 25 01:39:15 UTC 2018
29 ms. Memory: 208384K Free: 185058K (89%)
ptolemy.util.test.WatchDog.cancel(): canceling Mon Jun 25 01:39:15 UTC 2018
------------------ testing $PTII/ptolemy/domains/de/test/auto/FSM7.xml
auto.tcl: Setting watchdog for 200 seconds at Mon Jun 25 01:39:15 UTC 2018
16 ms. Memory: 208384K Free: 187366K (90%)
ptolemy.util.test.WatchDog.cancel(): canceling Mon Jun 25 01:39:15 UTC 2018
auto.tcl: Setting watchdog for 200 seconds at Mon Jun 25 01:39:15 UTC 2018
13 ms. Memory: 208384K Free: 185260K (89%)
ptolemy.util.test.WatchDog.cancel(): canceling Mon Jun 25 01:39:15 UTC 2018
------------------ testing $PTII/ptolemy/domains/de/test/auto/Inspection.xml
auto.tcl: Setting watchdog for 200 seconds at Mon Jun 25 01:39:15 UTC 2018
46 ms. Memory: 208384K Free: 188582K (90%)
ptolemy.util.test.WatchDog.cancel(): canceling Mon Jun 25 01:39:15 UTC 2018
auto.tcl: Setting watchdog for 200 seconds at Mon Jun 25 01:39:15 UTC 2018
23 ms. Memory: 208384K Free: 186476K (89%)
ptolemy.util.test.WatchDog.cancel(): canceling Mon Jun 25 01:39:15 UTC 2018
------------------ testing $PTII/ptolemy/domains/de/test/auto/Iteration.xml
auto.tcl: Setting watchdog for 200 seconds at Mon Jun 25 01:39:15 UTC 2018
9 ms. Memory: 208384K Free: 196374K (94%)
ptolemy.util.test.WatchDog.cancel(): canceling Mon Jun 25 01:39:15 UTC 2018
auto.tcl: Setting watchdog for 200 seconds at Mon Jun 25 01:39:15 UTC 2018
7 ms. Memory: 208384K Free: 194268K (93%)
ptolemy.util.test.WatchDog.cancel(): canceling Mon Jun 25 01:39:15 UTC 2018
------------------ testing $PTII/ptolemy/domains/de/test/auto/LineFault.xml
auto.tcl: Setting watchdog for 200 seconds at Mon Jun 25 01:39:15 UTC 2018
828 ms. Memory: 208384K Free: 196211K (94%)
ptolemy.util.test.WatchDog.cancel(): canceling Mon Jun 25 01:39:16 UTC 2018
auto.tcl: Setting watchdog for 200 seconds at Mon Jun 25 01:39:16 UTC 2018
564 ms. Memory: 208384K Free: 138720K (67%)
ptolemy.util.test.WatchDog.cancel(): canceling Mon Jun 25 01:39:17 UTC 2018
------------------ testing $PTII/ptolemy/domains/de/test/auto/MergeModel1Add.xml
auto.tcl: Setting watchdog for 200 seconds at Mon Jun 25 01:39:17 UTC 2018
27 ms. Memory: 331264K Free: 298853K (90%)
ptolemy.util.test.WatchDog.cancel(): canceling Mon Jun 25 01:39:17 UTC 2018
auto.tcl: Setting watchdog for 200 seconds at Mon Jun 25 01:39:17 UTC 2018
17 ms. Memory: 331264K Free: 298853K (90%)
ptolemy.util.test.WatchDog.cancel(): canceling Mon Jun 25 01:39:17 UTC 2018
------------------ testing $PTII/ptolemy/domains/de/test/auto/MergeModel2Add.xml
auto.tcl: Setting watchdog for 200 seconds at Mon Jun 25 01:39:17 UTC 2018
12 ms. Memory: 331264K Free: 304141K (92%)
ptolemy.util.test.WatchDog.cancel(): canceling Mon Jun 25 01:39:17 UTC 2018
auto.tcl: Setting watchdog for 200 seconds at Mon Jun 25 01:39:17 UTC 2018
8 ms. Memory: 331264K Free: 300192K (91%)
ptolemy.util.test.WatchDog.cancel(): canceling Mon Jun 25 01:39:17 UTC 2018
------------------ testing $PTII/ptolemy/domains/de/test/auto/MergeModel3Add.xml
auto.tcl: Setting watchdog for 200 seconds at Mon Jun 25 01:39:17 UTC 2018
11 ms. Memory: 331264K Free: 304152K (92%)
ptolemy.util.test.WatchDog.cancel(): canceling Mon Jun 25 01:39:17 UTC 2018
auto.tcl: Setting watchdog for 200 seconds at Mon Jun 25 01:39:17 UTC 2018
9 ms. Memory: 331264K Free: 300202K (91%)
ptolemy.util.test.WatchDog.cancel(): canceling Mon Jun 25 01:39:17 UTC 2018
------------------ testing $PTII/ptolemy/domains/de/test/auto/MergeWithoutDiscard.xml
auto.tcl: Setting watchdog for 200 seconds at Mon Jun 25 01:39:17 UTC 2018
6 ms. Memory: 331264K Free: 315318K (95%)
ptolemy.util.test.WatchDog.cancel(): canceling Mon Jun 25 01:39:17 UTC 2018
auto.tcl: Setting watchdog for 200 seconds at Mon Jun 25 01:39:17 UTC 2018
2 ms. Memory: 331264K Free: 311368K (94%)
ptolemy.util.test.WatchDog.cancel(): canceling Mon Jun 25 01:39:17 UTC 2018
------------------ testing $PTII/ptolemy/domains/de/test/auto/Modal1.xml
auto.tcl: Setting watchdog for 200 seconds at Mon Jun 25 01:39:17 UTC 2018
21 ms. Memory: 331264K Free: 309889K (94%)
ptolemy.util.test.WatchDog.cancel(): canceling Mon Jun 25 01:39:18 UTC 2018
auto.tcl: Setting watchdog for 200 seconds at Mon Jun 25 01:39:18 UTC 2018
18 ms. Memory: 331264K Free: 305940K (92%)
ptolemy.util.test.WatchDog.cancel(): canceling Mon Jun 25 01:39:18 UTC 2018
------------------ testing $PTII/ptolemy/domains/de/test/auto/Modal2.xml
auto.tcl: Setting watchdog for 200 seconds at Mon Jun 25 01:39:18 UTC 2018
9 ms. Memory: 331264K Free: 309770K (94%)
ptolemy.util.test.WatchDog.cancel(): canceling Mon Jun 25 01:39:18 UTC 2018
auto.tcl: Setting watchdog for 200 seconds at Mon Jun 25 01:39:18 UTC 2018
16 ms. Memory: 331264K Free: 305821K (92%)
ptolemy.util.test.WatchDog.cancel(): canceling Mon Jun 25 01:39:18 UTC 2018
------------------ testing $PTII/ptolemy/domains/de/test/auto/Modal3.xml
auto.tcl: Setting watchdog for 200 seconds at Mon Jun 25 01:39:18 UTC 2018
10 ms. Memory: 331264K Free: 309761K (94%)
ptolemy.util.test.WatchDog.cancel(): canceling Mon Jun 25 01:39:18 UTC 2018
auto.tcl: Setting watchdog for 200 seconds at Mon Jun 25 01:39:18 UTC 2018
10 ms. Memory: 331264K Free: 305812K (92%)
ptolemy.util.test.WatchDog.cancel(): canceling Mon Jun 25 01:39:18 UTC 2018
------------------ testing $PTII/ptolemy/domains/de/test/auto/Modal4.xml
auto.tcl: Setting watchdog for 200 seconds at Mon Jun 25 01:39:18 UTC 2018
22 ms. Memory: 331264K Free: 309774K (94%)
ptolemy.util.test.WatchDog.cancel(): canceling Mon Jun 25 01:39:18 UTC 2018
auto.tcl: Setting watchdog for 200 seconds at Mon Jun 25 01:39:18 UTC 2018
14 ms. Memory: 331264K Free: 305825K (92%)
ptolemy.util.test.WatchDog.cancel(): canceling Mon Jun 25 01:39:18 UTC 2018
------------------ testing $PTII/ptolemy/domains/de/test/auto/Modal5.xml
auto.tcl: Setting watchdog for 200 seconds at Mon Jun 25 01:39:18 UTC 2018
15 ms. Memory: 331264K Free: 309762K (94%)
ptolemy.util.test.WatchDog.cancel(): canceling Mon Jun 25 01:39:18 UTC 2018
auto.tcl: Setting watchdog for 200 seconds at Mon Jun 25 01:39:18 UTC 2018
12 ms. Memory: 331264K Free: 305812K (92%)
ptolemy.util.test.WatchDog.cancel(): canceling Mon Jun 25 01:39:18 UTC 2018
------------------ testing $PTII/ptolemy/domains/de/test/auto/Modal6.xml
auto.tcl: Setting watchdog for 200 seconds at Mon Jun 25 01:39:18 UTC 2018
12 ms. Memory: 331264K Free: 309759K (94%)
ptolemy.util.test.WatchDog.cancel(): canceling Mon Jun 25 01:39:18 UTC 2018
auto.tcl: Setting watchdog for 200 seconds at Mon Jun 25 01:39:18 UTC 2018
13 ms. Memory: 331264K Free: 305809K (92%)
ptolemy.util.test.WatchDog.cancel(): canceling Mon Jun 25 01:39:18 UTC 2018
------------------ testing $PTII/ptolemy/domains/de/test/auto/Modal7.xml
auto.tcl: Setting watchdog for 200 seconds at Mon Jun 25 01:39:18 UTC 2018
11 ms. Memory: 331264K Free: 309759K (94%)
ptolemy.util.test.WatchDog.cancel(): canceling Mon Jun 25 01:39:18 UTC 2018
auto.tcl: Setting watchdog for 200 seconds at Mon Jun 25 01:39:18 UTC 2018
11 ms. Memory: 331264K Free: 305809K (92%)
ptolemy.util.test.WatchDog.cancel(): canceling Mon Jun 25 01:39:18 UTC 2018
------------------ testing $PTII/ptolemy/domains/de/test/auto/ModalModel.xml
auto.tcl: Setting watchdog for 200 seconds at Mon Jun 25 01:39:18 UTC 2018
215 ms. Memory: 331264K Free: 246268K (74%)
ptolemy.util.test.WatchDog.cancel(): canceling Mon Jun 25 01:39:19 UTC 2018
auto.tcl: Setting watchdog for 200 seconds at Mon Jun 25 01:39:19 UTC 2018
189 ms. Memory: 331264K Free: 190956K (58%)
ptolemy.util.test.WatchDog.cancel(): canceling Mon Jun 25 01:39:19 UTC 2018
------------------ testing $PTII/ptolemy/domains/de/test/auto/ModalSource.xml
auto.tcl: Setting watchdog for 200 seconds at Mon Jun 25 01:39:19 UTC 2018
6 ms. Memory: 331264K Free: 316533K (96%)
ptolemy.util.test.WatchDog.cancel(): canceling Mon Jun 25 01:39:19 UTC 2018
auto.tcl: Setting watchdog for 200 seconds at Mon Jun 25 01:39:19 UTC 2018
5 ms. Memory: 331264K Free: 313000K (94%)
ptolemy.util.test.WatchDog.cancel(): canceling Mon Jun 25 01:39:19 UTC 2018
------------------ testing $PTII/ptolemy/domains/de/test/auto/NonInterruptibleTimerZeroDelay.xml
auto.tcl: Setting watchdog for 200 seconds at Mon Jun 25 01:39:19 UTC 2018
3 ms. Memory: 331264K Free: 320904K (97%)
ptolemy.util.test.WatchDog.cancel(): canceling Mon Jun 25 01:39:19 UTC 2018
auto.tcl: Setting watchdog for 200 seconds at Mon Jun 25 01:39:19 UTC 2018
3 ms. Memory: 331264K Free: 317371K (96%)
ptolemy.util.test.WatchDog.cancel(): canceling Mon Jun 25 01:39:19 UTC 2018
------------------ testing $PTII/ptolemy/domains/de/test/auto/OpenQueueingNetwork.xml
auto.tcl: Setting watchdog for 200 seconds at Mon Jun 25 01:39:19 UTC 2018
2789 ms. Memory: 317952K Free: 161193K (51%)
ptolemy.util.test.WatchDog.cancel(): canceling Mon Jun 25 01:39:22 UTC 2018
auto.tcl: Setting watchdog for 200 seconds at Mon Jun 25 01:39:22 UTC 2018
2250 ms. Memory: 287232K Free: 236400K (82%)
ptolemy.util.test.WatchDog.cancel(): canceling Mon Jun 25 01:39:24 UTC 2018
------------------ testing $PTII/ptolemy/domains/de/test/auto/OpenQueuingNetwork.xml
auto.tcl: Setting watchdog for 200 seconds at Mon Jun 25 01:39:24 UTC 2018
239 ms. Memory: 287232K Free: 190728K (66%)
ptolemy.util.test.WatchDog.cancel(): canceling Mon Jun 25 01:39:24 UTC 2018
auto.tcl: Setting watchdog for 200 seconds at Mon Jun 25 01:39:24 UTC 2018
211 ms. Memory: 287232K Free: 130224K (45%)
ptolemy.util.test.WatchDog.cancel(): canceling Mon Jun 25 01:39:25 UTC 2018
------------------ testing $PTII/ptolemy/domains/de/test/auto/PeriodicSampler.xml
auto.tcl: Setting watchdog for 200 seconds at Mon Jun 25 01:39:25 UTC 2018
2 ms. Memory: 289792K Free: 274875K (95%)
ptolemy.util.test.WatchDog.cancel(): canceling Mon Jun 25 01:39:25 UTC 2018
auto.tcl: Setting watchdog for 200 seconds at Mon Jun 25 01:39:25 UTC 2018
1 ms. Memory: 289792K Free: 274875K (95%)
ptolemy.util.test.WatchDog.cancel(): canceling Mon Jun 25 01:39:25 UTC 2018
------------------ testing $PTII/ptolemy/domains/de/test/auto/PersistentIO.xml
auto.tcl: Setting watchdog for 200 seconds at Mon Jun 25 01:39:25 UTC 2018
5 ms. Memory: 287232K Free: 267016K (93%)
ptolemy.util.test.WatchDog.cancel(): canceling Mon Jun 25 01:39:25 UTC 2018
auto.tcl: Setting watchdog for 200 seconds at Mon Jun 25 01:39:25 UTC 2018
4 ms. Memory: 287232K Free: 267016K (93%)
ptolemy.util.test.WatchDog.cancel(): canceling Mon Jun 25 01:39:25 UTC 2018
------------------ testing $PTII/ptolemy/domains/de/test/auto/PortParameterResetOnInitialize.xml
auto.tcl: Setting watchdog for 200 seconds at Mon Jun 25 01:39:25 UTC 2018
2 ms. Memory: 289280K Free: 276882K (96%)
ptolemy.util.test.WatchDog.cancel(): canceling Mon Jun 25 01:39:25 UTC 2018
auto.tcl: Setting watchdog for 200 seconds at Mon Jun 25 01:39:25 UTC 2018
2 ms. Memory: 289280K Free: 276882K (96%)
ptolemy.util.test.WatchDog.cancel(): canceling Mon Jun 25 01:39:25 UTC 2018
------------------ testing $PTII/ptolemy/domains/de/test/auto/PortParameterUpdates.xml
auto.tcl: Setting watchdog for 200 seconds at Mon Jun 25 01:39:25 UTC 2018
4 ms. Memory: 287232K Free: 272808K (95%)
ptolemy.util.test.WatchDog.cancel(): canceling Mon Jun 25 01:39:25 UTC 2018
auto.tcl: Setting watchdog for 200 seconds at Mon Jun 25 01:39:25 UTC 2018
4 ms. Memory: 287232K Free: 269917K (94%)
ptolemy.util.test.WatchDog.cancel(): canceling Mon Jun 25 01:39:25 UTC 2018
------------------ testing $PTII/ptolemy/domains/de/test/auto/QueueAndServer.xml
auto.tcl: Setting watchdog for 200 seconds at Mon Jun 25 01:39:25 UTC 2018
7 ms. Memory: 289280K Free: 273987K (95%)
ptolemy.util.test.WatchDog.cancel(): canceling Mon Jun 25 01:39:25 UTC 2018
auto.tcl: Setting watchdog for 200 seconds at Mon Jun 25 01:39:25 UTC 2018
6 ms. Memory: 289280K Free: 273987K (95%)
ptolemy.util.test.WatchDog.cancel(): canceling Mon Jun 25 01:39:25 UTC 2018
------------------ testing $PTII/ptolemy/domains/de/test/auto/Records.xml
auto.tcl: Setting watchdog for 200 seconds at Mon Jun 25 01:39:25 UTC 2018
3 ms. Memory: 287232K Free: 274773K (96%)
ptolemy.util.test.WatchDog.cancel(): canceling Mon Jun 25 01:39:25 UTC 2018
auto.tcl: Setting watchdog for 200 seconds at Mon Jun 25 01:39:25 UTC 2018
2 ms. Memory: 287232K Free: 274773K (96%)
ptolemy.util.test.WatchDog.cancel(): canceling Mon Jun 25 01:39:25 UTC 2018
------------------ testing $PTII/ptolemy/domains/de/test/auto/ResetTransitionWithStartTime1.xml
auto.tcl: Setting watchdog for 200 seconds at Mon Jun 25 01:39:25 UTC 2018
15 ms. Memory: 288768K Free: 273545K (95%)
ptolemy.util.test.WatchDog.cancel(): canceling Mon Jun 25 01:39:25 UTC 2018
auto.tcl: Setting watchdog for 200 seconds at Mon Jun 25 01:39:25 UTC 2018
6 ms. Memory: 288768K Free: 270553K (94%)
ptolemy.util.test.WatchDog.cancel(): canceling Mon Jun 25 01:39:25 UTC 2018
------------------ testing $PTII/ptolemy/domains/de/test/auto/ResetTransitionWithStartTime2.xml
auto.tcl: Setting watchdog for 200 seconds at Mon Jun 25 01:39:25 UTC 2018
7 ms. Memory: 287232K Free: 271991K (95%)
ptolemy.util.test.WatchDog.cancel(): canceling Mon Jun 25 01:39:25 UTC 2018
auto.tcl: Setting watchdog for 200 seconds at Mon Jun 25 01:39:25 UTC 2018
8 ms. Memory: 287232K Free: 269085K (94%)
ptolemy.util.test.WatchDog.cancel(): canceling Mon Jun 25 01:39:25 UTC 2018
------------------ testing $PTII/ptolemy/domains/de/test/auto/ResetTransitionWithStartTime3.xml
auto.tcl: Setting watchdog for 200 seconds at Mon Jun 25 01:39:25 UTC 2018
8 ms. Memory: 288768K Free: 273287K (95%)
ptolemy.util.test.WatchDog.cancel(): canceling Mon Jun 25 01:39:25 UTC 2018
auto.tcl: Setting watchdog for 200 seconds at Mon Jun 25 01:39:25 UTC 2018
5 ms. Memory: 288768K Free: 270380K (94%)
ptolemy.util.test.WatchDog.cancel(): canceling Mon Jun 25 01:39:25 UTC 2018
------------------ testing $PTII/ptolemy/domains/de/test/auto/ResetTransitionWithStartTime4.xml
auto.tcl: Setting watchdog for 200 seconds at Mon Jun 25 01:39:26 UTC 2018
6 ms. Memory: 287232K Free: 271756K (95%)
ptolemy.util.test.WatchDog.cancel(): canceling Mon Jun 25 01:39:26 UTC 2018
auto.tcl: Setting watchdog for 200 seconds at Mon Jun 25 01:39:26 UTC 2018
4 ms. Memory: 287232K Free: 271756K (95%)
ptolemy.util.test.WatchDog.cancel(): canceling Mon Jun 25 01:39:26 UTC 2018
------------------ testing $PTII/ptolemy/domains/de/test/auto/ResettableTimer1.xml
auto.tcl: Setting watchdog for 200 seconds at Mon Jun 25 01:39:26 UTC 2018
4 ms. Memory: 288768K Free: 276279K (96%)
ptolemy.util.test.WatchDog.cancel(): canceling Mon Jun 25 01:39:26 UTC 2018
auto.tcl: Setting watchdog for 200 seconds at Mon Jun 25 01:39:26 UTC 2018
2 ms. Memory: 288768K Free: 276279K (96%)
ptolemy.util.test.WatchDog.cancel(): canceling Mon Jun 25 01:39:26 UTC 2018
------------------ testing $PTII/ptolemy/domains/de/test/auto/ResettableTimer2.xml
auto.tcl: Setting watchdog for 200 seconds at Mon Jun 25 01:39:26 UTC 2018
2 ms. Memory: 287232K Free: 274801K (96%)
ptolemy.util.test.WatchDog.cancel(): canceling Mon Jun 25 01:39:26 UTC 2018
auto.tcl: Setting watchdog for 200 seconds at Mon Jun 25 01:39:26 UTC 2018
2 ms. Memory: 287232K Free: 274801K (96%)
ptolemy.util.test.WatchDog.cancel(): canceling Mon Jun 25 01:39:26 UTC 2018
------------------ testing $PTII/ptolemy/domains/de/test/auto/ResettableTimer3.xml
auto.tcl: Setting watchdog for 200 seconds at Mon Jun 25 01:39:26 UTC 2018
3 ms. Memory: 288256K Free: 273674K (95%)
ptolemy.util.test.WatchDog.cancel(): canceling Mon Jun 25 01:39:26 UTC 2018
auto.tcl: Setting watchdog for 200 seconds at Mon Jun 25 01:39:26 UTC 2018
1 ms. Memory: 288256K Free: 273674K (95%)
ptolemy.util.test.WatchDog.cancel(): canceling Mon Jun 25 01:39:26 UTC 2018
------------------ testing $PTII/ptolemy/domains/de/test/auto/ResettableTimer4.xml
auto.tcl: Setting watchdog for 200 seconds at Mon Jun 25 01:39:26 UTC 2018
1 ms. Memory: 287232K Free: 274822K (96%)
ptolemy.util.test.WatchDog.cancel(): canceling Mon Jun 25 01:39:26 UTC 2018
auto.tcl: Setting watchdog for 200 seconds at Mon Jun 25 01:39:26 UTC 2018
2 ms. Memory: 287232K Free: 274822K (96%)
ptolemy.util.test.WatchDog.cancel(): canceling Mon Jun 25 01:39:26 UTC 2018
------------------ testing $PTII/ptolemy/domains/de/test/auto/ResettableTimer5.xml
auto.tcl: Setting watchdog for 200 seconds at Mon Jun 25 01:39:26 UTC 2018
1 ms. Memory: 288256K Free: 273778K (95%)
ptolemy.util.test.WatchDog.cancel(): canceling Mon Jun 25 01:39:26 UTC 2018
auto.tcl: Setting watchdog for 200 seconds at Mon Jun 25 01:39:26 UTC 2018
2 ms. Memory: 288256K Free: 273778K (95%)
ptolemy.util.test.WatchDog.cancel(): canceling Mon Jun 25 01:39:26 UTC 2018
------------------ testing $PTII/ptolemy/domains/de/test/auto/ResettableTimer6.xml
auto.tcl: Setting watchdog for 200 seconds at Mon Jun 25 01:39:26 UTC 2018
1 ms. Memory: 287232K Free: 272610K (95%)
ptolemy.util.test.WatchDog.cancel(): canceling Mon Jun 25 01:39:26 UTC 2018
auto.tcl: Setting watchdog for 200 seconds at Mon Jun 25 01:39:26 UTC 2018
2 ms. Memory: 287232K Free: 272610K (95%)
ptolemy.util.test.WatchDog.cancel(): canceling Mon Jun 25 01:39:26 UTC 2018
------------------ testing $PTII/ptolemy/domains/de/test/auto/ServerZeroDelay.xml
auto.tcl: Setting watchdog for 200 seconds at Mon Jun 25 01:39:26 UTC 2018
7 ms. Memory: 288256K Free: 275776K (96%)
ptolemy.util.test.WatchDog.cancel(): canceling Mon Jun 25 01:39:26 UTC 2018
auto.tcl: Setting watchdog for 200 seconds at Mon Jun 25 01:39:26 UTC 2018
3 ms. Memory: 288256K Free: 275776K (96%)
ptolemy.util.test.WatchDog.cancel(): canceling Mon Jun 25 01:39:26 UTC 2018
------------------ testing $PTII/ptolemy/domains/de/test/auto/SmartSender.xml
auto.tcl: Setting watchdog for 200 seconds at Mon Jun 25 01:39:26 UTC 2018
3002 ms. Memory: 287232K Free: 272689K (95%)
ptolemy.util.test.WatchDog.cancel(): canceling Mon Jun 25 01:39:29 UTC 2018
auto.tcl: Setting watchdog for 200 seconds at Mon Jun 25 01:39:29 UTC 2018
3001 ms. Memory: 287232K Free: 272689K (95%)
ptolemy.util.test.WatchDog.cancel(): canceling Mon Jun 25 01:39:32 UTC 2018
------------------ testing $PTII/ptolemy/domains/de/test/auto/ThreadedComposite.xml
auto.tcl: Setting watchdog for 200 seconds at Mon Jun 25 01:39:32 UTC 2018
183 ms. Memory: 288256K Free: 252611K (88%)
ptolemy.util.test.WatchDog.cancel(): canceling Mon Jun 25 01:39:32 UTC 2018
auto.tcl: Setting watchdog for 200 seconds at Mon Jun 25 01:39:32 UTC 2018
140 ms. Memory: 288256K Free: 234480K (81%)
ptolemy.util.test.WatchDog.cancel(): canceling Mon Jun 25 01:39:33 UTC 2018
------------------ testing $PTII/ptolemy/domains/de/test/auto/Time.xml
auto.tcl: Setting watchdog for 200 seconds at Mon Jun 25 01:39:33 UTC 2018
484 ms. Memory: 287232K Free: 224971K (78%)
ptolemy.util.test.WatchDog.cancel(): canceling Mon Jun 25 01:39:33 UTC 2018
auto.tcl: Setting watchdog for 200 seconds at Mon Jun 25 01:39:33 UTC 2018
460 ms. Memory: 287232K Free: 172940K (60%)
ptolemy.util.test.WatchDog.cancel(): canceling Mon Jun 25 01:39:34 UTC 2018
------------------ testing $PTII/ptolemy/domains/de/test/auto/TimeDelayZeroDelay.xml
auto.tcl: Setting watchdog for 200 seconds at Mon Jun 25 01:39:34 UTC 2018
2 ms. Memory: 287744K Free: 275706K (96%)
ptolemy.util.test.WatchDog.cancel(): canceling Mon Jun 25 01:39:34 UTC 2018
auto.tcl: Setting watchdog for 200 seconds at Mon Jun 25 01:39:34 UTC 2018
2 ms. Memory: 287744K Free: 275706K (96%)
ptolemy.util.test.WatchDog.cancel(): canceling Mon Jun 25 01:39:34 UTC 2018
------------------ testing $PTII/ptolemy/domains/de/test/auto/TimerZeroDelay.xml
auto.tcl: Setting watchdog for 200 seconds at Mon Jun 25 01:39:34 UTC 2018
4 ms. Memory: 287232K Free: 275304K (96%)
ptolemy.util.test.WatchDog.cancel(): canceling Mon Jun 25 01:39:34 UTC 2018
auto.tcl: Setting watchdog for 200 seconds at Mon Jun 25 01:39:34 UTC 2018
2 ms. Memory: 287232K Free: 275304K (96%)
ptolemy.util.test.WatchDog.cancel(): canceling Mon Jun 25 01:39:34 UTC 2018
------------------ testing $PTII/ptolemy/domains/de/test/auto/TimingParadox.xml
auto.tcl: Setting watchdog for 200 seconds at Mon Jun 25 01:39:34 UTC 2018
337 ms. Memory: 287744K Free: 211481K (73%)
ptolemy.util.test.WatchDog.cancel(): canceling Mon Jun 25 01:39:34 UTC 2018
auto.tcl: Setting watchdog for 200 seconds at Mon Jun 25 01:39:34 UTC 2018
339 ms. Memory: 287744K Free: 177651K (62%)
ptolemy.util.test.WatchDog.cancel(): canceling Mon Jun 25 01:39:34 UTC 2018
------------------ testing $PTII/ptolemy/domains/de/test/auto/TransferInputs.xml
auto.tcl: Setting watchdog for 200 seconds at Mon Jun 25 01:39:35 UTC 2018
2 ms. Memory: 287744K Free: 274651K (95%)
ptolemy.util.test.WatchDog.cancel(): canceling Mon Jun 25 01:39:35 UTC 2018
auto.tcl: Setting watchdog for 200 seconds at Mon Jun 25 01:39:35 UTC 2018
2 ms. Memory: 287744K Free: 274651K (95%)
ptolemy.util.test.WatchDog.cancel(): canceling Mon Jun 25 01:39:35 UTC 2018
------------------ testing $PTII/ptolemy/domains/de/test/auto/TransferOutputs2.xml
auto.tcl: Setting watchdog for 200 seconds at Mon Jun 25 01:39:35 UTC 2018
9 ms. Memory: 287232K Free: 270554K (94%)
ptolemy.util.test.WatchDog.cancel(): canceling Mon Jun 25 01:39:35 UTC 2018
auto.tcl: Setting watchdog for 200 seconds at Mon Jun 25 01:39:35 UTC 2018
3 ms. Memory: 287232K Free: 267924K (93%)
ptolemy.util.test.WatchDog.cancel(): canceling Mon Jun 25 01:39:35 UTC 2018
------------------ testing $PTII/ptolemy/domains/de/test/auto/Trilateration.xml
auto.tcl: Setting watchdog for 200 seconds at Mon Jun 25 01:39:35 UTC 2018
15210 ms. Memory: 473088K Free: 266765K (56%)
ptolemy.util.test.WatchDog.cancel(): canceling Mon Jun 25 01:39:51 UTC 2018
auto.tcl: Setting watchdog for 200 seconds at Mon Jun 25 01:39:51 UTC 2018
11863 ms. Memory: 352256K Free: 208233K (59%)
ptolemy.util.test.WatchDog.cancel(): canceling Mon Jun 25 01:40:03 UTC 2018
------------------ testing $PTII/ptolemy/domains/de/test/auto/TwoSigmaDelta.xml
auto.tcl: Setting watchdog for 200 seconds at Mon Jun 25 01:40:03 UTC 2018
2926 ms. Memory: 339968K Free: 308030K (91%)
ptolemy.util.test.WatchDog.cancel(): canceling Mon Jun 25 01:40:06 UTC 2018
auto.tcl: Setting watchdog for 200 seconds at Mon Jun 25 01:40:06 UTC 2018
2127 ms. Memory: 339968K Free: 76396K (22%)
ptolemy.util.test.WatchDog.cancel(): canceling Mon Jun 25 01:40:08 UTC 2018
------------------ testing $PTII/ptolemy/domains/de/test/auto/VariableDelay.xml
auto.tcl: Setting watchdog for 200 seconds at Mon Jun 25 01:40:08 UTC 2018
6 ms. Memory: 337408K Free: 325767K (97%)
ptolemy.util.test.WatchDog.cancel(): canceling Mon Jun 25 01:40:08 UTC 2018
auto.tcl: Setting watchdog for 200 seconds at Mon Jun 25 01:40:08 UTC 2018
1 ms. Memory: 337408K Free: 321883K (95%)
ptolemy.util.test.WatchDog.cancel(): canceling Mon Jun 25 01:40:08 UTC 2018
------------------ testing $PTII/ptolemy/domains/de/test/auto/VariableDelay2.xml
auto.tcl: Setting watchdog for 200 seconds at Mon Jun 25 01:40:08 UTC 2018
2 ms. Memory: 339456K Free: 328225K (97%)
ptolemy.util.test.WatchDog.cancel(): canceling Mon Jun 25 01:40:08 UTC 2018
auto.tcl: Setting watchdog for 200 seconds at Mon Jun 25 01:40:08 UTC 2018
1 ms. Memory: 339456K Free: 324333K (96%)
ptolemy.util.test.WatchDog.cancel(): canceling Mon Jun 25 01:40:08 UTC 2018
------------------ testing $PTII/ptolemy/domains/de/test/auto/VariableDelayZeroDelay.xml
auto.tcl: Setting watchdog for 200 seconds at Mon Jun 25 01:40:08 UTC 2018
1 ms. Memory: 337408K Free: 323617K (96%)
ptolemy.util.test.WatchDog.cancel(): canceling Mon Jun 25 01:40:08 UTC 2018
auto.tcl: Setting watchdog for 200 seconds at Mon Jun 25 01:40:08 UTC 2018
2 ms. Memory: 337408K Free: 319740K (95%)
ptolemy.util.test.WatchDog.cancel(): canceling Mon Jun 25 01:40:08 UTC 2018
------------------ testing $PTII/ptolemy/domains/de/test/auto/VariableDelayZeroDelay2.xml
auto.tcl: Setting watchdog for 200 seconds at Mon Jun 25 01:40:08 UTC 2018
2 ms. Memory: 339456K Free: 325663K (96%)
ptolemy.util.test.WatchDog.cancel(): canceling Mon Jun 25 01:40:08 UTC 2018
auto.tcl: Setting watchdog for 200 seconds at Mon Jun 25 01:40:08 UTC 2018
2 ms. Memory: 339456K Free: 321771K (95%)
ptolemy.util.test.WatchDog.cancel(): canceling Mon Jun 25 01:40:08 UTC 2018
------------------ testing $PTII/ptolemy/domains/de/test/auto/deInCt.xml
auto.tcl: Setting watchdog for 200 seconds at Mon Jun 25 01:40:08 UTC 2018
0
1
1
1
0
0
0
0
0
1
1
1
0
0
0
1
1
1
0
0
0
1
1
1
0
0
0
1
1
1
1
0
0
0
1
1
1
0
0
0
0
7 ms. Memory: 337408K Free: 319724K (95%)
ptolemy.util.test.WatchDog.cancel(): canceling Mon Jun 25 01:40:08 UTC 2018
auto.tcl: Setting watchdog for 200 seconds at Mon Jun 25 01:40:08 UTC 2018
0
1
1
1
0
0
0
0
0
1
1
1
1
0
0
1
1
1
1
1
0
0
0
0
1
1
1
0
0
0
1
1
1
0
0
0
5 ms. Memory: 337408K Free: 319724K (95%)
ptolemy.util.test.WatchDog.cancel(): canceling Mon Jun 25 01:40:09 UTC 2018
------------------ testing $PTII/ptolemy/domains/de/test/auto/deInCt2.xml
auto.tcl: Setting watchdog for 200 seconds at Mon Jun 25 01:40:09 UTC 2018
0
1
1
1
0
0
1
1
1
0
0
1
1
1
0
0
1
1
1
0
0
1
1
1
0
0
1
1
1
0
0
1
1
1
0
0
1
1
1
0
0
0
19 ms. Memory: 338944K Free: 321271K (95%)
ptolemy.util.test.WatchDog.cancel(): canceling Mon Jun 25 01:40:09 UTC 2018
auto.tcl: Setting watchdog for 200 seconds at Mon Jun 25 01:40:09 UTC 2018
0
1
1
1
0
0
1
1
1
0
0
1
1
1
0
0
1
1
1
0
0
1
1
1
0
0
1
1
1
0
0
1
1
1
0
0
1
1
1
0
0
0
5 ms. Memory: 338944K Free: 321271K (95%)
ptolemy.util.test.WatchDog.cancel(): canceling Mon Jun 25 01:40:09 UTC 2018
------------------ testing $PTII/ptolemy/domains/de/test/auto/dynamicCausalityInterface1.xml
auto.tcl: Setting watchdog for 200 seconds at Mon Jun 25 01:40:09 UTC 2018
2 ms. Memory: 337408K Free: 315837K (94%)
ptolemy.util.test.WatchDog.cancel(): canceling Mon Jun 25 01:40:09 UTC 2018
auto.tcl: Setting watchdog for 200 seconds at Mon Jun 25 01:40:09 UTC 2018
1 ms. Memory: 337408K Free: 315837K (94%)
ptolemy.util.test.WatchDog.cancel(): canceling Mon Jun 25 01:40:09 UTC 2018
------------------ testing $PTII/ptolemy/domains/de/test/auto/fsm_de_test.xml
auto.tcl: Setting watchdog for 200 seconds at Mon Jun 25 01:40:09 UTC 2018
12 ms. Memory: 338944K Free: 317252K (94%)
ptolemy.util.test.WatchDog.cancel(): canceling Mon Jun 25 01:40:09 UTC 2018
auto.tcl: Setting watchdog for 200 seconds at Mon Jun 25 01:40:09 UTC 2018
7 ms. Memory: 338944K Free: 317252K (94%)
ptolemy.util.test.WatchDog.cancel(): canceling Mon Jun 25 01:40:09 UTC 2018
------------------ testing $PTII/ptolemy/domains/de/test/auto/functionDependencyReconstruction.xml
auto.tcl: Setting watchdog for 200 seconds at Mon Jun 25 01:40:09 UTC 2018
3 ms. Memory: 337408K Free: 311838K (92%)
ptolemy.util.test.WatchDog.cancel(): canceling Mon Jun 25 01:40:09 UTC 2018
auto.tcl: Setting watchdog for 200 seconds at Mon Jun 25 01:40:09 UTC 2018
3 ms. Memory: 337408K Free: 307946K (91%)
ptolemy.util.test.WatchDog.cancel(): canceling Mon Jun 25 01:40:09 UTC 2018
------------------ testing $PTII/ptolemy/domains/de/test/auto/multirate.xml
auto.tcl: Setting watchdog for 200 seconds at Mon Jun 25 01:40:09 UTC 2018
9 ms. Memory: 338432K Free: 320495K (95%)
ptolemy.util.test.WatchDog.cancel(): canceling Mon Jun 25 01:40:09 UTC 2018
auto.tcl: Setting watchdog for 200 seconds at Mon Jun 25 01:40:09 UTC 2018
3 ms. Memory: 338432K Free: 320495K (95%)
ptolemy.util.test.WatchDog.cancel(): canceling Mon Jun 25 01:40:09 UTC 2018
------------------ testing $PTII/ptolemy/domains/de/test/auto/multirate2.xml
auto.tcl: Setting watchdog for 200 seconds at Mon Jun 25 01:40:09 UTC 2018
5 ms. Memory: 337408K Free: 322223K (95%)
ptolemy.util.test.WatchDog.cancel(): canceling Mon Jun 25 01:40:09 UTC 2018
auto.tcl: Setting watchdog for 200 seconds at Mon Jun 25 01:40:09 UTC 2018
3 ms. Memory: 337408K Free: 322223K (95%)
ptolemy.util.test.WatchDog.cancel(): canceling Mon Jun 25 01:40:09 UTC 2018
------------------ testing $PTII/ptolemy/domains/de/test/auto/realtime.xml
auto.tcl: Setting watchdog for 200 seconds at Mon Jun 25 01:40:09 UTC 2018
10002 ms. Memory: 338432K Free: 320681K (95%)
ptolemy.util.test.WatchDog.cancel(): canceling Mon Jun 25 01:40:19 UTC 2018
auto.tcl: Setting watchdog for 200 seconds at Mon Jun 25 01:40:19 UTC 2018
10002 ms. Memory: 338432K Free: 320681K (95%)
ptolemy.util.test.WatchDog.cancel(): canceling Mon Jun 25 01:40:29 UTC 2018
------------------ testing $PTII/ptolemy/domains/de/test/auto/relationGroup.xml
auto.tcl: Setting watchdog for 200 seconds at Mon Jun 25 01:40:29 UTC 2018
2 ms. Memory: 337408K Free: 326140K (97%)
ptolemy.util.test.WatchDog.cancel(): canceling Mon Jun 25 01:40:29 UTC 2018
auto.tcl: Setting watchdog for 200 seconds at Mon Jun 25 01:40:29 UTC 2018
2 ms. Memory: 337408K Free: 326140K (97%)
ptolemy.util.test.WatchDog.cancel(): canceling Mon Jun 25 01:40:29 UTC 2018
------------------ testing $PTII/ptolemy/domains/de/test/auto/relationGroup2.xml
auto.tcl: Setting watchdog for 200 seconds at Mon Jun 25 01:40:29 UTC 2018
1 ms. Memory: 338432K Free: 324631K (96%)
ptolemy.util.test.WatchDog.cancel(): canceling Mon Jun 25 01:40:29 UTC 2018
auto.tcl: Setting watchdog for 200 seconds at Mon Jun 25 01:40:29 UTC 2018
1 ms. Memory: 338432K Free: 324631K (96%)
ptolemy.util.test.WatchDog.cancel(): canceling Mon Jun 25 01:40:29 UTC 2018
------------------ testing $PTII/ptolemy/domains/de/test/auto/sortWithOpaquePorts.xml
auto.tcl: Setting watchdog for 200 seconds at Mon Jun 25 01:40:29 UTC 2018
2 ms. Memory: 337408K Free: 323602K (96%)
ptolemy.util.test.WatchDog.cancel(): canceling Mon Jun 25 01:40:29 UTC 2018
auto.tcl: Setting watchdog for 200 seconds at Mon Jun 25 01:40:29 UTC 2018
1 ms. Memory: 337408K Free: 319710K (95%)
ptolemy.util.test.WatchDog.cancel(): canceling Mon Jun 25 01:40:29 UTC 2018
------------------ testing $PTII/ptolemy/domains/de/test/auto/transferInputsandOutputs.xml
auto.tcl: Setting watchdog for 200 seconds at Mon Jun 25 01:40:29 UTC 2018
2 ms. Memory: 337920K Free: 322788K (96%)
ptolemy.util.test.WatchDog.cancel(): canceling Mon Jun 25 01:40:29 UTC 2018
auto.tcl: Setting watchdog for 200 seconds at Mon Jun 25 01:40:29 UTC 2018
2 ms. Memory: 337920K Free: 322788K (96%)
ptolemy.util.test.WatchDog.cancel(): canceling Mon Jun 25 01:40:29 UTC 2018
------------------ testing $PTII/ptolemy/domains/de/test/auto/triggerType.xml
auto.tcl: Setting watchdog for 200 seconds at Mon Jun 25 01:40:30 UTC 2018
2 ms. Memory: 337408K Free: 323543K (96%)
ptolemy.util.test.WatchDog.cancel(): canceling Mon Jun 25 01:40:30 UTC 2018
auto.tcl: Setting watchdog for 200 seconds at Mon Jun 25 01:40:30 UTC 2018
2 ms. Memory: 337408K Free: 319659K (95%)
ptolemy.util.test.WatchDog.cancel(): canceling Mon Jun 25 01:40:30 UTC 2018
06/25/18 01:40:30
Failed: 0  Total Tests: 192  ((Passed: 187, Newly Passed: 1)  Known Failed: 5) /home/travis/build/icyphy/ptII/ptolemy/domains/de/test
06/25/18 01:40:30
Failed: 0  Total Tests: 192  ((Passed: 187, Newly Passed: 1)  Known Failed: 5) /home/travis/build/icyphy/ptII/ptolemy/domains/de/test
----------------- testing (KnownFailure) /home/travis/build/icyphy/ptII/ptolemy/domains/de/test/auto/knownFailedTests/DESDFClockTest.xml
2013 ms. Memory: 337920K Free: 313853K (93%)
Known Failure: java.lang.reflect.InvocationTargetException
----------------- testing (KnownFailure) /home/travis/build/icyphy/ptII/ptolemy/domains/de/test/auto/knownFailedTests/DirectFeedback.xml
1 ms. Memory: 337920K Free: 293372K (87%)
Known Failure: java.lang.reflect.InvocationTargetException
----------------- testing (KnownFailure) /home/travis/build/icyphy/ptII/ptolemy/domains/de/test/auto/knownFailedTests/FSMSource.xml
14 ms. Memory: 337920K Free: 267756K (79%)
----------------- testing (KnownFailure) /home/travis/build/icyphy/ptII/ptolemy/domains/de/test/auto/knownFailedTests/HierarchicalModel.xml
2 ms. Memory: 337920K Free: 242120K (72%)
Known Failure: java.lang.reflect.InvocationTargetException
----------------- testing (KnownFailure) /home/travis/build/icyphy/ptII/ptolemy/domains/de/test/auto/knownFailedTests/dependencyLoop.xml
1 ms. Memory: 337920K Free: 211391K (63%)
Known Failure: java.lang.reflect.InvocationTargetException
----------------- testing (KnownFailure) /home/travis/build/icyphy/ptII/ptolemy/domains/de/test/auto/knownFailedTests/dependencyLoop2.xml
3 ms. Memory: 337920K Free: 180655K (53%)
Known Failure: java.lang.reflect.InvocationTargetException
No auto/linux-amd64/*.xml tests in /home/travis/build/icyphy/ptII/ptolemy/domains/de/test
AutoTests.java: About to close Vertx.
AutoTests.java: Vertx closed.

===========================================================================================
----------------- testing Mon Jun 25 01:40:32 UTC 2018 /home/travis/build/icyphy/ptII/ptolemy/domains/de/test/auto/ActorDepthCalculation_actorWithoutPorts.xml
----------------- Instantiating /home/travis/build/icyphy/ptII/ptolemy/domains/de/test/auto/ActorDepthCalculation_actorWithoutPorts.xml
3 ms. Memory: 337920K Free: 155055K (46%)
----------------- Invoking toplevel() on ptolemy.moml.MoMLSimpleApplication@5b623557
----------------- Done invoking toplevel() on ptolemy.moml.MoMLSimpleApplication@5b623557
reloadAllAccessors: .ActorDepthCalculation_actorWithoutPorts

===========================================================================================
----------------- testing Mon Jun 25 01:40:32 UTC 2018 /home/travis/build/icyphy/ptII/ptolemy/domains/de/test/auto/AssemblyLine.xml
----------------- Instantiating /home/travis/build/icyphy/ptII/ptolemy/domains/de/test/auto/AssemblyLine.xml
3 ms. Memory: 337920K Free: 139679K (41%)
----------------- Invoking toplevel() on ptolemy.moml.MoMLSimpleApplication@1212c5b5
----------------- Done invoking toplevel() on ptolemy.moml.MoMLSimpleApplication@1212c5b5
reloadAllAccessors: .AssemblyLine

===========================================================================================
----------------- testing Mon Jun 25 01:40:32 UTC 2018 /home/travis/build/icyphy/ptII/ptolemy/domains/de/test/auto/CQBug1.xml
----------------- Instantiating /home/travis/build/icyphy/ptII/ptolemy/domains/de/test/auto/CQBug1.xml
1 ms. Memory: 337920K Free: 129439K (38%)
----------------- Invoking toplevel() on ptolemy.moml.MoMLSimpleApplication@38244dda
----------------- Done invoking toplevel() on ptolemy.moml.MoMLSimpleApplication@38244dda
reloadAllAccessors: .CQBug1

===========================================================================================
----------------- testing Mon Jun 25 01:40:32 UTC 2018 /home/travis/build/icyphy/ptII/ptolemy/domains/de/test/auto/CancelFireAt.xml
----------------- Instantiating /home/travis/build/icyphy/ptII/ptolemy/domains/de/test/auto/CancelFireAt.xml
2 ms. Memory: 337920K Free: 119198K (35%)
----------------- Invoking toplevel() on ptolemy.moml.MoMLSimpleApplication@32861b48
----------------- Done invoking toplevel() on ptolemy.moml.MoMLSimpleApplication@32861b48
reloadAllAccessors: .CancelFireAt

===========================================================================================
----------------- testing Mon Jun 25 01:40:32 UTC 2018 /home/travis/build/icyphy/ptII/ptolemy/domains/de/test/auto/CausalityAndComposabilityAnalysis.xml
----------------- Instantiating /home/travis/build/icyphy/ptII/ptolemy/domains/de/test/auto/CausalityAndComposabilityAnalysis.xml
1 ms. Memory: 337920K Free: 108958K (32%)
----------------- Invoking toplevel() on ptolemy.moml.MoMLSimpleApplication@37aca55a
----------------- Done invoking toplevel() on ptolemy.moml.MoMLSimpleApplication@37aca55a
reloadAllAccessors: .CausalityAndComposabilityAnalysis

===========================================================================================
----------------- testing Mon Jun 25 01:40:32 UTC 2018 /home/travis/build/icyphy/ptII/ptolemy/domains/de/test/auto/CausalityInterface1.xml
----------------- Instantiating /home/travis/build/icyphy/ptII/ptolemy/domains/de/test/auto/CausalityInterface1.xml
4 ms. Memory: 337920K Free: 98718K (29%)
----------------- Invoking toplevel() on ptolemy.moml.MoMLSimpleApplication@6b8f3589
----------------- Done invoking toplevel() on ptolemy.moml.MoMLSimpleApplication@6b8f3589
reloadAllAccessors: .CausalityInterface1

===========================================================================================
----------------- testing Mon Jun 25 01:40:32 UTC 2018 /home/travis/build/icyphy/ptII/ptolemy/domains/de/test/auto/CausalityInterface15.xml
----------------- Instantiating /home/travis/build/icyphy/ptII/ptolemy/domains/de/test/auto/CausalityInterface15.xml
1 ms. Memory: 337920K Free: 84602K (25%)
----------------- Invoking toplevel() on ptolemy.moml.MoMLSimpleApplication@53a9b280
----------------- Done invoking toplevel() on ptolemy.moml.MoMLSimpleApplication@53a9b280
reloadAllAccessors: .CausalityInterface15

[...]
java.lang.RuntimeException: Execution failed
	at ptolemy.moml.MoMLSimpleApplication$UnloadThread.run(MoMLSimpleApplication.java:402)
Caused by: ptolemy.kernel.util.IllegalActionException: Test fails in iteration 1.
Value was: 1.0. Should have been: 2.0
  in .DirectFeedback.Test
	at ptolemy.actor.lib.Test.fire(Test.java:268)
	at ptolemy.domains.de.kernel.DEDirector._fire(DEDirector.java:1949)
	at ptolemy.domains.de.kernel.DEDirector.fire(DEDirector.java:502)
	at ptolemy.actor.CompositeActor.fire(CompositeActor.java:455)
	at ptolemy.actor.Manager.iterate(Manager.java:851)
	at ptolemy.actor.Manager.execute(Manager.java:369)
	at ptolemy.actor.Manager.run(Manager.java:1263)
	at ptolemy.actor.Manager$PtolemyRunThread.run(Manager.java:1915)
java.lang.RuntimeException: Execution failed
	at ptolemy.moml.MoMLSimpleApplication$UnloadThread.run(MoMLSimpleApplication.java:402)
Caused by: ptolemy.kernel.util.IllegalActionException: Actor is not ready to fire.  Perhaps UpSample.prefire() returned false? Try debugging the actor by selecting "Listen to Actor".  Also, for SDF check moml for tokenConsumptionRate on input.
  in .DESDFClockTest.Play Bell.Copy1:SDF Director and .DESDFClockTest.Play Bell.UpSample
	at ptolemy.actor.sched.StaticSchedulingDirector.fire(StaticSchedulingDirector.java:227)
	at ptolemy.domains.sdf.kernel.SDFDirector.fire(SDFDirector.java:500)
	at ptolemy.actor.CompositeActor.fire(CompositeActor.java:455)
	at ptolemy.domains.de.kernel.DEDirector._fire(DEDirector.java:1949)
	at ptolemy.domains.de.kernel.DEDirector.fire(DEDirector.java:502)
	at ptolemy.actor.CompositeActor.fire(CompositeActor.java:455)
	at ptolemy.actor.Manager.iterate(Manager.java:851)
	at ptolemy.actor.Manager.execute(Manager.java:369)
	at ptolemy.actor.Manager.run(Manager.java:1263)
	at ptolemy.actor.Manager$PtolemyRunThread.run(Manager.java:1915)
java.lang.reflect.InvocationTargetException
	at sun.reflect.NativeConstructorAccessorImpl.newInstance0(Native Method)
	at sun.reflect.NativeConstructorAccessorImpl.newInstance(NativeConstructorAccessorImpl.java:62)
	at sun.reflect.DelegatingConstructorAccessorImpl.newInstance(DelegatingConstructorAccessorImpl.java:45)
	at java.lang.reflect.Constructor.newInstance(Constructor.java:423)
	at ptolemy.util.test.junit.AutoKnownFailedTests.RunModel(AutoKnownFailedTests.java:107)
	at sun.reflect.NativeMethodAccessorImpl.invoke0(Native Method)
	at sun.reflect.NativeMethodAccessorImpl.invoke(NativeMethodAccessorImpl.java:62)
	at sun.reflect.DelegatingMethodAccessorImpl.invoke(DelegatingMethodAccessorImpl.java:43)
	at java.lang.reflect.Method.invoke(Method.java:498)
	at org.junit.runners.model.FrameworkMethod$1.runReflectiveCall(FrameworkMethod.java:44)
	at org.junit.internal.runners.model.ReflectiveCallable.run(ReflectiveCallable.java:15)
	at org.junit.runners.model.FrameworkMethod.invokeExplosively(FrameworkMethod.java:41)
	at junitparams.internal.InvokeParameterisedMethod.evaluate(InvokeParameterisedMethod.java:102)
	at org.junit.internal.runners.statements.FailOnTimeout$1.run(FailOnTimeout.java:28)
Caused by: ptolemy.kernel.util.IllegalActionException: Actor is not ready to fire.  Perhaps UpSample.prefire() returned false? Try debugging the actor by selecting "Listen to Actor".  Also, for SDF check moml for tokenConsumptionRate on input.
  in .DESDFClockTest.Play Bell.Copy1:SDF Director and .DESDFClockTest.Play Bell.UpSample
	at ptolemy.actor.sched.StaticSchedulingDirector.fire(StaticSchedulingDirector.java:227)
	at ptolemy.domains.sdf.kernel.SDFDirector.fire(SDFDirector.java:500)
	at ptolemy.actor.CompositeActor.fire(CompositeActor.java:455)
	at ptolemy.domains.de.kernel.DEDirector._fire(DEDirector.java:1949)
	at ptolemy.domains.de.kernel.DEDirector.fire(DEDirector.java:502)
	at ptolemy.actor.CompositeActor.fire(CompositeActor.java:455)
	at ptolemy.actor.Manager.iterate(Manager.java:851)
	at ptolemy.actor.Manager.execute(Manager.java:369)
	at ptolemy.actor.Manager.run(Manager.java:1263)
	at ptolemy.actor.Manager$PtolemyRunThread.run(Manager.java:1915)
java.lang.RuntimeException: Execution failed
	at ptolemy.moml.MoMLSimpleApplication$UnloadThread.run(MoMLSimpleApplication.java:402)
Caused by: ptolemy.kernel.util.IllegalActionException: Test fails in iteration 1.
Value was: 1.0. Should have been: 2.0
  in .DirectFeedback.Test
	at ptolemy.actor.lib.Test.fire(Test.java:268)
	at ptolemy.domains.de.kernel.DEDirector._fire(DEDirector.java:1949)
	at ptolemy.domains.de.kernel.DEDirector.fire(DEDirector.java:502)
	at ptolemy.actor.CompositeActor.fire(CompositeActor.java:455)
	at ptolemy.actor.Manager.iterate(Manager.java:851)
	at ptolemy.actor.Manager.execute(Manager.java:369)
	at ptolemy.actor.Manager.run(Manager.java:1263)
	at ptolemy.actor.Manager$PtolemyRunThread.run(Manager.java:1915)
java.lang.reflect.InvocationTargetException
	at sun.reflect.NativeConstructorAccessorImpl.newInstance0(Native Method)
	at sun.reflect.NativeConstructorAccessorImpl.newInstance(NativeConstructorAccessorImpl.java:62)
	at sun.reflect.DelegatingConstructorAccessorImpl.newInstance(DelegatingConstructorAccessorImpl.java:45)
	at java.lang.reflect.Constructor.newInstance(Constructor.java:423)
	at ptolemy.util.test.junit.AutoKnownFailedTests.RunModel(AutoKnownFailedTests.java:107)
	at sun.reflect.NativeMethodAccessorImpl.invoke0(Native Method)
	at sun.reflect.NativeMethodAccessorImpl.invoke(NativeMethodAccessorImpl.java:62)
	at sun.reflect.DelegatingMethodAccessorImpl.invoke(DelegatingMethodAccessorImpl.java:43)
	at java.lang.reflect.Method.invoke(Method.java:498)
	at org.junit.runners.model.FrameworkMethod$1.runReflectiveCall(FrameworkMethod.java:44)
	at org.junit.internal.runners.model.ReflectiveCallable.run(ReflectiveCallable.java:15)
	at org.junit.runners.model.FrameworkMethod.invokeExplosively(FrameworkMethod.java:41)
	at junitparams.internal.InvokeParameterisedMethod.evaluate(InvokeParameterisedMethod.java:102)
	at org.junit.internal.runners.statements.FailOnTimeout$1.run(FailOnTimeout.java:28)
Caused by: ptolemy.kernel.util.IllegalActionException: Test fails in iteration 1.
Value was: 1.0. Should have been: 2.0
  in .DirectFeedback.Test
	at ptolemy.actor.lib.Test.fire(Test.java:268)
	at ptolemy.domains.de.kernel.DEDirector._fire(DEDirector.java:1949)
	at ptolemy.domains.de.kernel.DEDirector.fire(DEDirector.java:502)
	at ptolemy.actor.CompositeActor.fire(CompositeActor.java:455)
	at ptolemy.actor.Manager.iterate(Manager.java:851)
	at ptolemy.actor.Manager.execute(Manager.java:369)
	at ptolemy.actor.Manager.run(Manager.java:1263)
	at ptolemy.actor.Manager$PtolemyRunThread.run(Manager.java:1915)
java.lang.RuntimeException: Execution failed
	at ptolemy.moml.MoMLSimpleApplication$UnloadThread.run(MoMLSimpleApplication.java:402)
Caused by: ptolemy.kernel.util.IllegalActionException: Found a zero delay loop containing .HierarchicalModel.A
  in .HierarchicalModel and .HierarchicalModel.A
	at ptolemy.actor.util.CausalityInterfaceForComposites._computeOutputPortDepth(CausalityInterfaceForComposites.java:759)
	at ptolemy.actor.util.CausalityInterfaceForComposites._computeInputDepth(CausalityInterfaceForComposites.java:696)
	at ptolemy.actor.util.CausalityInterfaceForComposites._computeOutputPortDepth(CausalityInterfaceForComposites.java:765)
	at ptolemy.actor.util.CausalityInterfaceForComposites._computeInputDepth(CausalityInterfaceForComposites.java:696)
	at ptolemy.actor.util.CausalityInterfaceForComposites._computeOutputPortDepth(CausalityInterfaceForComposites.java:765)
	at ptolemy.actor.util.CausalityInterfaceForComposites._computeInputDepth(CausalityInterfaceForComposites.java:696)
	at ptolemy.actor.util.CausalityInterfaceForComposites._computeActorDepth(CausalityInterfaceForComposites.java:532)
	at ptolemy.actor.util.CausalityInterfaceForComposites.checkForCycles(CausalityInterfaceForComposites.java:96)
	at ptolemy.domains.de.kernel.DEDirector.preinitialize(DEDirector.java:1338)
	at ptolemy.actor.CompositeActor.preinitialize(CompositeActor.java:1828)
	at ptolemy.actor.Manager.preinitializeAndResolveTypes(Manager.java:1040)
	at ptolemy.actor.Manager.initialize(Manager.java:710)
	at ptolemy.actor.Manager.execute(Manager.java:356)
	at ptolemy.actor.Manager.run(Manager.java:1263)
	at ptolemy.actor.Manager$PtolemyRunThread.run(Manager.java:1915)
java.lang.reflect.InvocationTargetException
	at sun.reflect.NativeConstructorAccessorImpl.newInstance0(Native Method)
	at sun.reflect.NativeConstructorAccessorImpl.newInstance(NativeConstructorAccessorImpl.java:62)
	at sun.reflect.DelegatingConstructorAccessorImpl.newInstance(DelegatingConstructorAccessorImpl.java:45)
	at java.lang.reflect.Constructor.newInstance(Constructor.java:423)
	at ptolemy.util.test.junit.AutoKnownFailedTests.RunModel(AutoKnownFailedTests.java:107)
	at sun.reflect.NativeMethodAccessorImpl.invoke0(Native Method)
	at sun.reflect.NativeMethodAccessorImpl.invoke(NativeMethodAccessorImpl.java:62)
	at sun.reflect.DelegatingMethodAccessorImpl.invoke(DelegatingMethodAccessorImpl.java:43)
	at java.lang.reflect.Method.invoke(Method.java:498)
	at org.junit.runners.model.FrameworkMethod$1.runReflectiveCall(FrameworkMethod.java:44)
	at org.junit.internal.runners.model.ReflectiveCallable.run(ReflectiveCallable.java:15)
	at org.junit.runners.model.FrameworkMethod.invokeExplosively(FrameworkMethod.java:41)
	at junitparams.internal.InvokeParameterisedMethod.evaluate(InvokeParameterisedMethod.java:102)
	at org.junit.internal.runners.statements.FailOnTimeout$1.run(FailOnTimeout.java:28)
Caused by: ptolemy.kernel.util.IllegalActionException: Found a zero delay loop containing .HierarchicalModel.A
  in .HierarchicalModel and .HierarchicalModel.A
	at ptolemy.actor.util.CausalityInterfaceForComposites._computeOutputPortDepth(CausalityInterfaceForComposites.java:759)
	at ptolemy.actor.util.CausalityInterfaceForComposites._computeInputDepth(CausalityInterfaceForComposites.java:696)
	at ptolemy.actor.util.CausalityInterfaceForComposites._computeOutputPortDepth(CausalityInterfaceForComposites.java:765)
	at ptolemy.actor.util.CausalityInterfaceForComposites._computeInputDepth(CausalityInterfaceForComposites.java:696)
	at ptolemy.actor.util.CausalityInterfaceForComposites._computeOutputPortDepth(CausalityInterfaceForComposites.java:765)
	at ptolemy.actor.util.CausalityInterfaceForComposites._computeInputDepth(CausalityInterfaceForComposites.java:696)
	at ptolemy.actor.util.CausalityInterfaceForComposites._computeActorDepth(CausalityInterfaceForComposites.java:532)
	at ptolemy.actor.util.CausalityInterfaceForComposites.checkForCycles(CausalityInterfaceForComposites.java:96)
	at ptolemy.domains.de.kernel.DEDirector.preinitialize(DEDirector.java:1338)
	at ptolemy.actor.CompositeActor.preinitialize(CompositeActor.java:1828)
	at ptolemy.actor.Manager.preinitializeAndResolveTypes(Manager.java:1040)
	at ptolemy.actor.Manager.initialize(Manager.java:710)
	at ptolemy.actor.Manager.execute(Manager.java:356)
	at ptolemy.actor.Manager.run(Manager.java:1263)
	at ptolemy.actor.Manager$PtolemyRunThread.run(Manager.java:1915)
java.lang.RuntimeException: Execution failed
	at ptolemy.moml.MoMLSimpleApplication$UnloadThread.run(MoMLSimpleApplication.java:402)
Caused by: ptolemy.kernel.util.IllegalActionException: Found a zero delay loop containing .dependencyLoop.original
  in .dependencyLoop and .dependencyLoop.original
	at ptolemy.actor.util.CausalityInterfaceForComposites._computeOutputPortDepth(CausalityInterfaceForComposites.java:759)
	at ptolemy.actor.util.CausalityInterfaceForComposites._computeInputDepth(CausalityInterfaceForComposites.java:696)
	at ptolemy.actor.util.CausalityInterfaceForComposites._computeOutputPortDepth(CausalityInterfaceForComposites.java:765)
	at ptolemy.actor.util.CausalityInterfaceForComposites._computeInputDepth(CausalityInterfaceForComposites.java:696)
	at ptolemy.actor.util.CausalityInterfaceForComposites._computeOutputPortDepth(CausalityInterfaceForComposites.java:765)
	at ptolemy.actor.util.CausalityInterfaceForComposites._computeInputDepth(CausalityInterfaceForComposites.java:696)
	at ptolemy.actor.util.CausalityInterfaceForComposites._computeActorDepth(CausalityInterfaceForComposites.java:532)
	at ptolemy.actor.util.CausalityInterfaceForComposites.checkForCycles(CausalityInterfaceForComposites.java:96)
	at ptolemy.domains.de.kernel.DEDirector.preinitialize(DEDirector.java:1338)
	at ptolemy.actor.CompositeActor.preinitialize(CompositeActor.java:1828)
	at ptolemy.actor.Manager.preinitializeAndResolveTypes(Manager.java:1040)
	at ptolemy.actor.Manager.initialize(Manager.java:710)
	at ptolemy.actor.Manager.execute(Manager.java:356)
	at ptolemy.actor.Manager.run(Manager.java:1263)
	at ptolemy.actor.Manager$PtolemyRunThread.run(Manager.java:1915)
java.lang.reflect.InvocationTargetException
	at sun.reflect.NativeConstructorAccessorImpl.newInstance0(Native Method)
	at sun.reflect.NativeConstructorAccessorImpl.newInstance(NativeConstructorAccessorImpl.java:62)
	at sun.reflect.DelegatingConstructorAccessorImpl.newInstance(DelegatingConstructorAccessorImpl.java:45)
	at java.lang.reflect.Constructor.newInstance(Constructor.java:423)
	at ptolemy.util.test.junit.AutoKnownFailedTests.RunModel(AutoKnownFailedTests.java:107)
	at sun.reflect.NativeMethodAccessorImpl.invoke0(Native Method)
	at sun.reflect.NativeMethodAccessorImpl.invoke(NativeMethodAccessorImpl.java:62)
	at sun.reflect.DelegatingMethodAccessorImpl.invoke(DelegatingMethodAccessorImpl.java:43)
	at java.lang.reflect.Method.invoke(Method.java:498)
	at org.junit.runners.model.FrameworkMethod$1.runReflectiveCall(FrameworkMethod.java:44)
	at org.junit.internal.runners.model.ReflectiveCallable.run(ReflectiveCallable.java:15)
	at org.junit.runners.model.FrameworkMethod.invokeExplosively(FrameworkMethod.java:41)
	at junitparams.internal.InvokeParameterisedMethod.evaluate(InvokeParameterisedMethod.java:102)
	at org.junit.internal.runners.statements.FailOnTimeout$1.run(FailOnTimeout.java:28)
Caused by: ptolemy.kernel.util.IllegalActionException: Found a zero delay loop containing .dependencyLoop.original
  in .dependencyLoop and .dependencyLoop.original
	at ptolemy.actor.util.CausalityInterfaceForComposites._computeOutputPortDepth(CausalityInterfaceForComposites.java:759)
	at ptolemy.actor.util.CausalityInterfaceForComposites._computeInputDepth(CausalityInterfaceForComposites.java:696)
	at ptolemy.actor.util.CausalityInterfaceForComposites._computeOutputPortDepth(CausalityInterfaceForComposites.java:765)
	at ptolemy.actor.util.CausalityInterfaceForComposites._computeInputDepth(CausalityInterfaceForComposites.java:696)
	at ptolemy.actor.util.CausalityInterfaceForComposites._computeOutputPortDepth(CausalityInterfaceForComposites.java:765)
	at ptolemy.actor.util.CausalityInterfaceForComposites._computeInputDepth(CausalityInterfaceForComposites.java:696)
	at ptolemy.actor.util.CausalityInterfaceForComposites._computeActorDepth(CausalityInterfaceForComposites.java:532)
	at ptolemy.actor.util.CausalityInterfaceForComposites.checkForCycles(CausalityInterfaceForComposites.java:96)
	at ptolemy.domains.de.kernel.DEDirector.preinitialize(DEDirector.java:1338)
	at ptolemy.actor.CompositeActor.preinitialize(CompositeActor.java:1828)
	at ptolemy.actor.Manager.preinitializeAndResolveTypes(Manager.java:1040)
	at ptolemy.actor.Manager.initialize(Manager.java:710)
	at ptolemy.actor.Manager.execute(Manager.java:356)
	at ptolemy.actor.Manager.run(Manager.java:1263)
	at ptolemy.actor.Manager$PtolemyRunThread.run(Manager.java:1915)
java.lang.RuntimeException: Execution failed
	at ptolemy.moml.MoMLSimpleApplication$UnloadThread.run(MoMLSimpleApplication.java:402)
Caused by: ptolemy.kernel.util.IllegalActionException: Found a zero delay loop containing .dependencyLoop2.original
  in .dependencyLoop2 and .dependencyLoop2.original
	at ptolemy.actor.util.CausalityInterfaceForComposites._computeOutputPortDepth(CausalityInterfaceForComposites.java:759)
	at ptolemy.actor.util.CausalityInterfaceForComposites._computeInputDepth(CausalityInterfaceForComposites.java:696)
	at ptolemy.actor.util.CausalityInterfaceForComposites._computeOutputPortDepth(CausalityInterfaceForComposites.java:765)
	at ptolemy.actor.util.CausalityInterfaceForComposites._computeInputDepth(CausalityInterfaceForComposites.java:696)
	at ptolemy.actor.util.CausalityInterfaceForComposites._computeOutputPortDepth(CausalityInterfaceForComposites.java:765)
	at ptolemy.actor.util.CausalityInterfaceForComposites._computeInputDepth(CausalityInterfaceForComposites.java:696)
	at ptolemy.actor.util.CausalityInterfaceForComposites._computeActorDepth(CausalityInterfaceForComposites.java:532)
	at ptolemy.actor.util.CausalityInterfaceForComposites.checkForCycles(CausalityInterfaceForComposites.java:96)
	at ptolemy.domains.de.kernel.DEDirector.preinitialize(DEDirector.java:1338)
	at ptolemy.actor.CompositeActor.preinitialize(CompositeActor.java:1828)
	at ptolemy.actor.Manager.preinitializeAndResolveTypes(Manager.java:1040)
	at ptolemy.actor.Manager.initialize(Manager.java:710)
	at ptolemy.actor.Manager.execute(Manager.java:356)
	at ptolemy.actor.Manager.run(Manager.java:1263)
	at ptolemy.actor.Manager$PtolemyRunThread.run(Manager.java:1915)
java.lang.reflect.InvocationTargetException
	at sun.reflect.NativeConstructorAccessorImpl.newInstance0(Native Method)
	at sun.reflect.NativeConstructorAccessorImpl.newInstance(NativeConstructorAccessorImpl.java:62)
	at sun.reflect.DelegatingConstructorAccessorImpl.newInstance(DelegatingConstructorAccessorImpl.java:45)
	at java.lang.reflect.Constructor.newInstance(Constructor.java:423)
	at ptolemy.util.test.junit.AutoKnownFailedTests.RunModel(AutoKnownFailedTests.java:107)
	at sun.reflect.NativeMethodAccessorImpl.invoke0(Native Method)
	at sun.reflect.NativeMethodAccessorImpl.invoke(NativeMethodAccessorImpl.java:62)
	at sun.reflect.DelegatingMethodAccessorImpl.invoke(DelegatingMethodAccessorImpl.java:43)
	at java.lang.reflect.Method.invoke(Method.java:498)
	at org.junit.runners.model.FrameworkMethod$1.runReflectiveCall(FrameworkMethod.java:44)
	at org.junit.internal.runners.model.ReflectiveCallable.run(ReflectiveCallable.java:15)
	at org.junit.runners.model.FrameworkMethod.invokeExplosively(FrameworkMethod.java:41)
	at junitparams.internal.InvokeParameterisedMethod.evaluate(InvokeParameterisedMethod.java:102)
	at org.junit.internal.runners.statements.FailOnTimeout$1.run(FailOnTimeout.java:28)
Caused by: ptolemy.kernel.util.IllegalActionException: Found a zero delay loop containing .dependencyLoop2.original
  in .dependencyLoop2 and .dependencyLoop2.original
	at ptolemy.actor.util.CausalityInterfaceForComposites._computeOutputPortDepth(CausalityInterfaceForComposites.java:759)
	at ptolemy.actor.util.CausalityInterfaceForComposites._computeInputDepth(CausalityInterfaceForComposites.java:696)
	at ptolemy.actor.util.CausalityInterfaceForComposites._computeOutputPortDepth(CausalityInterfaceForComposites.java:765)
	at ptolemy.actor.util.CausalityInterfaceForComposites._computeInputDepth(CausalityInterfaceForComposites.java:696)
	at ptolemy.actor.util.CausalityInterfaceForComposites._computeOutputPortDepth(CausalityInterfaceForComposites.java:765)
	at ptolemy.actor.util.CausalityInterfaceForComposites._computeInputDepth(CausalityInterfaceForComposites.java:696)
	at ptolemy.actor.util.CausalityInterfaceForComposites._computeActorDepth(CausalityInterfaceForComposites.java:532)
	at ptolemy.actor.util.CausalityInterfaceForComposites.checkForCycles(CausalityInterfaceForComposites.java:96)
	at ptolemy.domains.de.kernel.DEDirector.preinitialize(DEDirector.java:1338)
	at ptolemy.actor.CompositeActor.preinitialize(CompositeActor.java:1828)
	at ptolemy.actor.Manager.preinitializeAndResolveTypes(Manager.java:1040)
	at ptolemy.actor.Manager.initialize(Manager.java:710)
	at ptolemy.actor.Manager.execute(Manager.java:356)
	at ptolemy.actor.Manager.run(Manager.java:1263)
	at ptolemy.actor.Manager$PtolemyRunThread.run(Manager.java:1915)
]]></system-err>
</testsuite>
