<?xml version="1.0" encoding="UTF-8" ?>
<testsuite errors="0" failures="0" hostname="travis-job-52d6bb54-3b79-4185-aa9e-174893e427ee" name="ptolemy.domains.hdf.kernel.test.junit.JUnitTclTest" skipped="0" tests="39" time="5.352" timestamp="2018-10-24T02:41:21">
  <properties>
[...]
</properties>
  <testcase classname="ptolemy.util.test.junit.TclTests" name="[0] /home/travis/build/icyphy/ptII/ptolemy/domains/hdf/kernel/test/RateErrorChecking.tcl (RunTclFile)" time="0.209" />
  <testcase classname="ptolemy.util.test.junit.AutoKnownFailedTests" name="[0] /home/travis/build/icyphy/ptII/ptolemy/domains/hdf/kernel/test/auto/knownFailedTests/badFSMRateChanges.xml (RunModel)" time="0.396" />
  <testcase classname="ptolemy.util.test.junit.AutoNameArchTests" name="[0] ThereAreNoAutoArchTests (RunModel)" time="0.001" />
  <testcase classname="ptolemy.util.test.junit.AutoTests" name="[0] /home/travis/build/icyphy/ptII/ptolemy/domains/hdf/kernel/test/auto/ConstVariableRateTest.xml (RunModel)" time="0.14" />
  <testcase classname="ptolemy.util.test.junit.AutoTests" name="[1] /home/travis/build/icyphy/ptII/ptolemy/domains/hdf/kernel/test/auto/DifferentRefinedRates.xml (RunModel)" time="0.122" />
  <testcase classname="ptolemy.util.test.junit.AutoTests" name="[2] /home/travis/build/icyphy/ptII/ptolemy/domains/hdf/kernel/test/auto/DifferentRefinedRates2.xml (RunModel)" time="0.15" />
  <testcase classname="ptolemy.util.test.junit.AutoTests" name="[3] /home/travis/build/icyphy/ptII/ptolemy/domains/hdf/kernel/test/auto/DifferentRefinedRates3.xml (RunModel)" time="0.069" />
  <testcase classname="ptolemy.util.test.junit.AutoTests" name="[4] /home/travis/build/icyphy/ptII/ptolemy/domains/hdf/kernel/test/auto/DifferentRefinedRates4.xml (RunModel)" time="0.153" />
  <testcase classname="ptolemy.util.test.junit.AutoTests" name="[5] /home/travis/build/icyphy/ptII/ptolemy/domains/hdf/kernel/test/auto/DifferentRefinedRates5.xml (RunModel)" time="0.17" />
  <testcase classname="ptolemy.util.test.junit.AutoTests" name="[6] /home/travis/build/icyphy/ptII/ptolemy/domains/hdf/kernel/test/auto/DifferentRefinedRates6.xml (RunModel)" time="0.111" />
  <testcase classname="ptolemy.util.test.junit.AutoTests" name="[7] /home/travis/build/icyphy/ptII/ptolemy/domains/hdf/kernel/test/auto/DownSample_PowerOfTwo.xml (RunModel)" time="0.199" />
  <testcase classname="ptolemy.util.test.junit.AutoTests" name="[8] /home/travis/build/icyphy/ptII/ptolemy/domains/hdf/kernel/test/auto/FibonacciWithNullInitial.xml (RunModel)" time="0.242" />
  <testcase classname="ptolemy.util.test.junit.AutoTests" name="[9] /home/travis/build/icyphy/ptII/ptolemy/domains/hdf/kernel/test/auto/FibonacciWithNullInitial1.xml (RunModel)" time="0.181" />
  <testcase classname="ptolemy.util.test.junit.AutoTests" name="[10] /home/travis/build/icyphy/ptII/ptolemy/domains/hdf/kernel/test/auto/FibonacciWithTransientStates.xml (RunModel)" time="0.17" />
  <testcase classname="ptolemy.util.test.junit.AutoTests" name="[11] /home/travis/build/icyphy/ptII/ptolemy/domains/hdf/kernel/test/auto/FibonacciWithTransientStates2.xml (RunModel)" time="0.126" />
  <testcase classname="ptolemy.util.test.junit.AutoTests" name="[12] /home/travis/build/icyphy/ptII/ptolemy/domains/hdf/kernel/test/auto/FibonacciWithoutHistoryInitial.xml (RunModel)" time="0.168" />
  <testcase classname="ptolemy.util.test.junit.AutoTests" name="[13] /home/travis/build/icyphy/ptII/ptolemy/domains/hdf/kernel/test/auto/GuardUsingPastTokens.xml (RunModel)" time="0.081" />
  <testcase classname="ptolemy.util.test.junit.AutoTests" name="[14] /home/travis/build/icyphy/ptII/ptolemy/domains/hdf/kernel/test/auto/GuardWithResets.xml (RunModel)" time="0.08" />
  <testcase classname="ptolemy.util.test.junit.AutoTests" name="[15] /home/travis/build/icyphy/ptII/ptolemy/domains/hdf/kernel/test/auto/Hierarchy_2Level_Test1.xml (RunModel)" time="0.072" />
  <testcase classname="ptolemy.util.test.junit.AutoTests" name="[16] /home/travis/build/icyphy/ptII/ptolemy/domains/hdf/kernel/test/auto/Hierarchy_2Level_Test2.xml (RunModel)" time="0.068" />
  <testcase classname="ptolemy.util.test.junit.AutoTests" name="[17] /home/travis/build/icyphy/ptII/ptolemy/domains/hdf/kernel/test/auto/Hysteresis.xml (RunModel)" time="0.063" />
  <testcase classname="ptolemy.util.test.junit.AutoTests" name="[18] /home/travis/build/icyphy/ptII/ptolemy/domains/hdf/kernel/test/auto/InitTransient.xml (RunModel)" time="0.079" />
  <testcase classname="ptolemy.util.test.junit.AutoTests" name="[19] /home/travis/build/icyphy/ptII/ptolemy/domains/hdf/kernel/test/auto/Merge.xml (RunModel)" time="0.066" />
  <testcase classname="ptolemy.util.test.junit.AutoTests" name="[20] /home/travis/build/icyphy/ptII/ptolemy/domains/hdf/kernel/test/auto/ModalModelBooleanSwitch.xml (RunModel)" time="0.092" />
  <testcase classname="ptolemy.util.test.junit.AutoTests" name="[21] /home/travis/build/icyphy/ptII/ptolemy/domains/hdf/kernel/test/auto/SameRates.xml (RunModel)" time="0.044" />
  <testcase classname="ptolemy.util.test.junit.AutoTests" name="[22] /home/travis/build/icyphy/ptII/ptolemy/domains/hdf/kernel/test/auto/SameRefinedRates.xml (RunModel)" time="0.046" />
  <testcase classname="ptolemy.util.test.junit.AutoTests" name="[23] /home/travis/build/icyphy/ptII/ptolemy/domains/hdf/kernel/test/auto/SameRefinedRates2.xml (RunModel)" time="0.053" />
  <testcase classname="ptolemy.util.test.junit.AutoTests" name="[24] /home/travis/build/icyphy/ptII/ptolemy/domains/hdf/kernel/test/auto/TransientStates.xml (RunModel)" time="0.088" />
  <testcase classname="ptolemy.util.test.junit.AutoTests" name="[25] /home/travis/build/icyphy/ptII/ptolemy/domains/hdf/kernel/test/auto/TwoHammingCodec.xml (RunModel)" time="0.104" />
  <testcase classname="ptolemy.util.test.junit.AutoTests" name="[26] /home/travis/build/icyphy/ptII/ptolemy/domains/hdf/kernel/test/auto/TwoHammingCodec1.xml (RunModel)" time="0.11" />
  <testcase classname="ptolemy.util.test.junit.AutoTests" name="[27] /home/travis/build/icyphy/ptII/ptolemy/domains/hdf/kernel/test/auto/TwoLevelHierarchy.xml (RunModel)" time="0.172" />
  <testcase classname="ptolemy.util.test.junit.AutoTests" name="[28] /home/travis/build/icyphy/ptII/ptolemy/domains/hdf/kernel/test/auto/TwoLevelHierarchy1.xml (RunModel)" time="0.163" />
  <testcase classname="ptolemy.util.test.junit.AutoTests" name="[29] /home/travis/build/icyphy/ptII/ptolemy/domains/hdf/kernel/test/auto/TwoLevelHierarchy2.xml (RunModel)" time="0.131" />
  <testcase classname="ptolemy.util.test.junit.AutoTests" name="[30] /home/travis/build/icyphy/ptII/ptolemy/domains/hdf/kernel/test/auto/TwoLevelHierarchyNullStates.xml (RunModel)" time="0.164" />
  <testcase classname="ptolemy.util.test.junit.AutoTests" name="[31] /home/travis/build/icyphy/ptII/ptolemy/domains/hdf/kernel/test/auto/TwoLevelHierarchyWithResets.xml (RunModel)" time="0.168" />
  <testcase classname="ptolemy.util.test.junit.AutoTests" name="[32] /home/travis/build/icyphy/ptII/ptolemy/domains/hdf/kernel/test/auto/TwoLevelHierarchyWithResetsNullStates.xml (RunModel)" time="0.196" />
  <testcase classname="ptolemy.util.test.junit.AutoTests" name="[33] /home/travis/build/icyphy/ptII/ptolemy/domains/hdf/kernel/test/auto/WaterTank_HDF.xml (RunModel)" time="0.122" />
  <testcase classname="ptolemy.util.test.junit.AutoTests" name="[34] /home/travis/build/icyphy/ptII/ptolemy/domains/hdf/kernel/test/auto/WaterTank_HDF2.xml (RunModel)" time="0.134" />
  <testcase classname="ptolemy.util.test.junit.AutoTests" name="[35] /home/travis/build/icyphy/ptII/ptolemy/domains/hdf/kernel/test/auto/badFSMRateChanges.xml (RunModel)" time="0.054" />
  <system-out><![CDATA[/home/travis/build/icyphy/ptII/ptolemy/domains/hdf/kernel/test/RateErrorChecking.tcl
testDefs.tcl: setting time out to 9000 seconds at Wed Oct 24 02:41:21 UTC 2018


==== $PTII/ptolemy/domains/hdf/kernel/test/RateErrorChecking.tcl: RateErrorChecking-1.0 
==== Contents of test case:

    catch {createAndExecute "badFSMRateChanges.xml"} foo
    list $foo

==== Result was:
{java.io.FileNotFoundException: /home/travis/build/icyphy/ptII/ptolemy/domains/hdf/kernel/test/badFSMRateChanges.xml (No such file or directory)}
---- KNOWN Failure, Result should have been:
{ptolemy.kernel.util.IllegalActionException: Failed to compute schedule:
  in .badFSMRateChanges.SDF Director
Because:
The SDF rate parameter may change. This is not allowed in SDF models that will be run through the code generator.  If you don't care about code generation, then you might consider setting the allowRateChanges parameter of the SDF director to false.
    in .badFSMRateChanges.typed composite actor.output.tokenProductionRate}
---- RateErrorChecking-1.0 Failed, but this is a KNOWN failure
10/24/18 02:41:21
Failed: 0  Total Tests: 1  ((Passed: 0, Newly Passed: 0)  Known Failed: 1) /home/travis/build/icyphy/ptII/ptolemy/domains/hdf/kernel/test
----------------- testing (KnownFailure) /home/travis/build/icyphy/ptII/ptolemy/domains/hdf/kernel/test/auto/knownFailedTests/badFSMRateChanges.xml
71 ms. Memory: 116224K Free: 94092K (81%)
No auto/linux-amd64/*.xml tests in /home/travis/build/icyphy/ptII/ptolemy/domains/hdf/kernel/test
AutoTests.java: About to close Vertx.
AutoTests.java: Vertx closed.

===========================================================================================
----------------- testing Wed Oct 24 02:41:22 UTC 2018 /home/travis/build/icyphy/ptII/ptolemy/domains/hdf/kernel/test/auto/ConstVariableRateTest.xml
----------------- Instantiating /home/travis/build/icyphy/ptII/ptolemy/domains/hdf/kernel/test/auto/ConstVariableRateTest.xml
37 ms. Memory: 146944K Free: 111765K (76%)
----------------- Invoking toplevel() on ptolemy.moml.MoMLSimpleApplication@373c50b
----------------- Done invoking toplevel() on ptolemy.moml.MoMLSimpleApplication@373c50b
reloadAllAccessors: .ConstVariableRateTest

===========================================================================================
----------------- testing Wed Oct 24 02:41:22 UTC 2018 /home/travis/build/icyphy/ptII/ptolemy/domains/hdf/kernel/test/auto/DifferentRefinedRates.xml
----------------- Instantiating /home/travis/build/icyphy/ptII/ptolemy/domains/hdf/kernel/test/auto/DifferentRefinedRates.xml
42 ms. Memory: 146944K Free: 96649K (66%)
----------------- Invoking toplevel() on ptolemy.moml.MoMLSimpleApplication@1480bd31
----------------- Done invoking toplevel() on ptolemy.moml.MoMLSimpleApplication@1480bd31
reloadAllAccessors: .DifferentRefinedRates

===========================================================================================
----------------- testing Wed Oct 24 02:41:22 UTC 2018 /home/travis/build/icyphy/ptII/ptolemy/domains/hdf/kernel/test/auto/DifferentRefinedRates2.xml
----------------- Instantiating /home/travis/build/icyphy/ptII/ptolemy/domains/hdf/kernel/test/auto/DifferentRefinedRates2.xml
65 ms. Memory: 146944K Free: 140369K (96%)
----------------- Invoking toplevel() on ptolemy.moml.MoMLSimpleApplication@1eb42e0f
----------------- Done invoking toplevel() on ptolemy.moml.MoMLSimpleApplication@1eb42e0f
reloadAllAccessors: .DifferentRefinedRates2

===========================================================================================
----------------- testing Wed Oct 24 02:41:23 UTC 2018 /home/travis/build/icyphy/ptII/ptolemy/domains/hdf/kernel/test/auto/DifferentRefinedRates3.xml
----------------- Instantiating /home/travis/build/icyphy/ptII/ptolemy/domains/hdf/kernel/test/auto/DifferentRefinedRates3.xml
27 ms. Memory: 146944K Free: 126687K (86%)
----------------- Invoking toplevel() on ptolemy.moml.MoMLSimpleApplication@3919ddd2
----------------- Done invoking toplevel() on ptolemy.moml.MoMLSimpleApplication@3919ddd2
reloadAllAccessors: .DifferentRefinedRates3

===========================================================================================
----------------- testing Wed Oct 24 02:41:23 UTC 2018 /home/travis/build/icyphy/ptII/ptolemy/domains/hdf/kernel/test/auto/DifferentRefinedRates4.xml
----------------- Instantiating /home/travis/build/icyphy/ptII/ptolemy/domains/hdf/kernel/test/auto/DifferentRefinedRates4.xml
56 ms. Memory: 146944K Free: 108615K (74%)
----------------- Invoking toplevel() on ptolemy.moml.MoMLSimpleApplication@7d9ba866
----------------- Done invoking toplevel() on ptolemy.moml.MoMLSimpleApplication@7d9ba866
reloadAllAccessors: .NewHDFtest1

===========================================================================================
----------------- testing Wed Oct 24 02:41:23 UTC 2018 /home/travis/build/icyphy/ptII/ptolemy/domains/hdf/kernel/test/auto/DifferentRefinedRates5.xml
----------------- Instantiating /home/travis/build/icyphy/ptII/ptolemy/domains/hdf/kernel/test/auto/DifferentRefinedRates5.xml
74 ms. Memory: 146944K Free: 91427K (62%)
----------------- Invoking toplevel() on ptolemy.moml.MoMLSimpleApplication@2f857b3c
----------------- Done invoking toplevel() on ptolemy.moml.MoMLSimpleApplication@2f857b3c
reloadAllAccessors: .NewHDFtest2

===========================================================================================
----------------- testing Wed Oct 24 02:41:23 UTC 2018 /home/travis/build/icyphy/ptII/ptolemy/domains/hdf/kernel/test/auto/DifferentRefinedRates6.xml
----------------- Instantiating /home/travis/build/icyphy/ptII/ptolemy/domains/hdf/kernel/test/auto/DifferentRefinedRates6.xml
41 ms. Memory: 208384K Free: 199513K (96%)
----------------- Invoking toplevel() on ptolemy.moml.MoMLSimpleApplication@71c4b659
----------------- Done invoking toplevel() on ptolemy.moml.MoMLSimpleApplication@71c4b659
reloadAllAccessors: .DifferentRefinedRates6

===========================================================================================
----------------- testing Wed Oct 24 02:41:23 UTC 2018 /home/travis/build/icyphy/ptII/ptolemy/domains/hdf/kernel/test/auto/DownSample_PowerOfTwo.xml
----------------- Instantiating /home/travis/build/icyphy/ptII/ptolemy/domains/hdf/kernel/test/auto/DownSample_PowerOfTwo.xml
153 ms. Memory: 208384K Free: 171217K (82%)
----------------- Invoking toplevel() on ptolemy.moml.MoMLSimpleApplication@3389401e
----------------- Done invoking toplevel() on ptolemy.moml.MoMLSimpleApplication@3389401e
reloadAllAccessors: .SDFDownSample

===========================================================================================
----------------- testing Wed Oct 24 02:41:23 UTC 2018 /home/travis/build/icyphy/ptII/ptolemy/domains/hdf/kernel/test/auto/FibonacciWithNullInitial.xml
----------------- Instantiating /home/travis/build/icyphy/ptII/ptolemy/domains/hdf/kernel/test/auto/FibonacciWithNullInitial.xml
197 ms. Memory: 208384K Free: 145331K (70%)
----------------- Invoking toplevel() on ptolemy.moml.MoMLSimpleApplication@2996e1a
----------------- Done invoking toplevel() on ptolemy.moml.MoMLSimpleApplication@2996e1a
reloadAllAccessors: .FibonacciWithNullInitial

===========================================================================================
----------------- testing Wed Oct 24 02:41:23 UTC 2018 /home/travis/build/icyphy/ptII/ptolemy/domains/hdf/kernel/test/auto/FibonacciWithNullInitial1.xml
----------------- Instantiating /home/travis/build/icyphy/ptII/ptolemy/domains/hdf/kernel/test/auto/FibonacciWithNullInitial1.xml
139 ms. Memory: 208384K Free: 120028K (58%)
----------------- Invoking toplevel() on ptolemy.moml.MoMLSimpleApplication@6b8dc4d2
----------------- Done invoking toplevel() on ptolemy.moml.MoMLSimpleApplication@6b8dc4d2
reloadAllAccessors: .FibonacciWithNullInitial1

===========================================================================================
----------------- testing Wed Oct 24 02:41:24 UTC 2018 /home/travis/build/icyphy/ptII/ptolemy/domains/hdf/kernel/test/auto/FibonacciWithTransientStates.xml
----------------- Instantiating /home/travis/build/icyphy/ptII/ptolemy/domains/hdf/kernel/test/auto/FibonacciWithTransientStates.xml
119 ms. Memory: 208384K Free: 89467K (43%)
----------------- Invoking toplevel() on ptolemy.moml.MoMLSimpleApplication@594b2184
----------------- Done invoking toplevel() on ptolemy.moml.MoMLSimpleApplication@594b2184
reloadAllAccessors: .FibonacciWithTransientStates

===========================================================================================
----------------- testing Wed Oct 24 02:41:24 UTC 2018 /home/travis/build/icyphy/ptII/ptolemy/domains/hdf/kernel/test/auto/FibonacciWithTransientStates2.xml
----------------- Instantiating /home/travis/build/icyphy/ptII/ptolemy/domains/hdf/kernel/test/auto/FibonacciWithTransientStates2.xml
43 ms. Memory: 208384K Free: 189340K (91%)
----------------- Invoking toplevel() on ptolemy.moml.MoMLSimpleApplication@21119a27
----------------- Done invoking toplevel() on ptolemy.moml.MoMLSimpleApplication@21119a27
reloadAllAccessors: .FibonacciWithTransientStates2

===========================================================================================
----------------- testing Wed Oct 24 02:41:24 UTC 2018 /home/travis/build/icyphy/ptII/ptolemy/domains/hdf/kernel/test/auto/FibonacciWithoutHistoryInitial.xml
----------------- Instantiating /home/travis/build/icyphy/ptII/ptolemy/domains/hdf/kernel/test/auto/FibonacciWithoutHistoryInitial.xml
131 ms. Memory: 208384K Free: 165313K (79%)
----------------- Invoking toplevel() on ptolemy.moml.MoMLSimpleApplication@33a6f553
----------------- Done invoking toplevel() on ptolemy.moml.MoMLSimpleApplication@33a6f553
reloadAllAccessors: .FibonacciWithoutHistoryInitial

===========================================================================================
----------------- testing Wed Oct 24 02:41:24 UTC 2018 /home/travis/build/icyphy/ptII/ptolemy/domains/hdf/kernel/test/auto/GuardUsingPastTokens.xml
----------------- Instantiating /home/travis/build/icyphy/ptII/ptolemy/domains/hdf/kernel/test/auto/GuardUsingPastTokens.xml
28 ms. Memory: 208384K Free: 148603K (71%)
----------------- Invoking toplevel() on ptolemy.moml.MoMLSimpleApplication@40e057b6
----------------- Done invoking toplevel() on ptolemy.moml.MoMLSimpleApplication@40e057b6
reloadAllAccessors: .GuardUsingPastTokens

===========================================================================================
----------------- testing Wed Oct 24 02:41:24 UTC 2018 /home/travis/build/icyphy/ptII/ptolemy/domains/hdf/kernel/test/auto/GuardWithResets.xml
----------------- Instantiating /home/travis/build/icyphy/ptII/ptolemy/domains/hdf/kernel/test/auto/GuardWithResets.xml
29 ms. Memory: 208384K Free: 128821K (62%)
----------------- Invoking toplevel() on ptolemy.moml.MoMLSimpleApplication@19394632
----------------- Done invoking toplevel() on ptolemy.moml.MoMLSimpleApplication@19394632
reloadAllAccessors: .GuardWithResets

===========================================================================================
----------------- testing Wed Oct 24 02:41:24 UTC 2018 /home/travis/build/icyphy/ptII/ptolemy/domains/hdf/kernel/test/auto/Hierarchy_2Level_Test1.xml
----------------- Instantiating /home/travis/build/icyphy/ptII/ptolemy/domains/hdf/kernel/test/auto/Hierarchy_2Level_Test1.xml
22 ms. Memory: 208384K Free: 109637K (53%)
----------------- Invoking toplevel() on ptolemy.moml.MoMLSimpleApplication@71488ece
----------------- Done invoking toplevel() on ptolemy.moml.MoMLSimpleApplication@71488ece
reloadAllAccessors: .Hierarchy_2Level_Test1

===========================================================================================
----------------- testing Wed Oct 24 02:41:24 UTC 2018 /home/travis/build/icyphy/ptII/ptolemy/domains/hdf/kernel/test/auto/Hierarchy_2Level_Test2.xml
----------------- Instantiating /home/travis/build/icyphy/ptII/ptolemy/domains/hdf/kernel/test/auto/Hierarchy_2Level_Test2.xml
25 ms. Memory: 208384K Free: 89831K (43%)
----------------- Invoking toplevel() on ptolemy.moml.MoMLSimpleApplication@631afa43
----------------- Done invoking toplevel() on ptolemy.moml.MoMLSimpleApplication@631afa43
reloadAllAccessors: .Hierarchy_4Level_Test2

===========================================================================================
----------------- testing Wed Oct 24 02:41:24 UTC 2018 /home/travis/build/icyphy/ptII/ptolemy/domains/hdf/kernel/test/auto/Hysteresis.xml
----------------- Instantiating /home/travis/build/icyphy/ptII/ptolemy/domains/hdf/kernel/test/auto/Hysteresis.xml
29 ms. Memory: 331776K Free: 323674K (98%)
----------------- Invoking toplevel() on ptolemy.moml.MoMLSimpleApplication@360534cd
----------------- Done invoking toplevel() on ptolemy.moml.MoMLSimpleApplication@360534cd
reloadAllAccessors: .Hysteresis

===========================================================================================
----------------- testing Wed Oct 24 02:41:24 UTC 2018 /home/travis/build/icyphy/ptII/ptolemy/domains/hdf/kernel/test/auto/InitTransient.xml
----------------- Instantiating /home/travis/build/icyphy/ptII/ptolemy/domains/hdf/kernel/test/auto/InitTransient.xml
22 ms. Memory: 331776K Free: 301244K (91%)
----------------- Invoking toplevel() on ptolemy.moml.MoMLSimpleApplication@7b40f989
----------------- Done invoking toplevel() on ptolemy.moml.MoMLSimpleApplication@7b40f989
reloadAllAccessors: .InitTransient

===========================================================================================
----------------- testing Wed Oct 24 02:41:25 UTC 2018 /home/travis/build/icyphy/ptII/ptolemy/domains/hdf/kernel/test/auto/Merge.xml
----------------- Instantiating /home/travis/build/icyphy/ptII/ptolemy/domains/hdf/kernel/test/auto/Merge.xml
32 ms. Memory: 331776K Free: 281551K (85%)
----------------- Invoking toplevel() on ptolemy.moml.MoMLSimpleApplication@21467403
----------------- Done invoking toplevel() on ptolemy.moml.MoMLSimpleApplication@21467403
reloadAllAccessors: .Merge

===========================================================================================
----------------- testing Wed Oct 24 02:41:25 UTC 2018 /home/travis/build/icyphy/ptII/ptolemy/domains/hdf/kernel/test/auto/ModalModelBooleanSwitch.xml
----------------- Instantiating /home/travis/build/icyphy/ptII/ptolemy/domains/hdf/kernel/test/auto/ModalModelBooleanSwitch.xml
31 ms. Memory: 331776K Free: 259400K (78%)
----------------- Invoking toplevel() on ptolemy.moml.MoMLSimpleApplication@2fe1ec47
----------------- Done invoking toplevel() on ptolemy.moml.MoMLSimpleApplication@2fe1ec47
reloadAllAccessors: .BooleanSwitchWithModel

===========================================================================================
----------------- testing Wed Oct 24 02:41:25 UTC 2018 /home/travis/build/icyphy/ptII/ptolemy/domains/hdf/kernel/test/auto/SameRates.xml
----------------- Instantiating /home/travis/build/icyphy/ptII/ptolemy/domains/hdf/kernel/test/auto/SameRates.xml
14 ms. Memory: 331776K Free: 243888K (74%)
----------------- Invoking toplevel() on ptolemy.moml.MoMLSimpleApplication@441023c8
----------------- Done invoking toplevel() on ptolemy.moml.MoMLSimpleApplication@441023c8
reloadAllAccessors: .SameRates

===========================================================================================
----------------- testing Wed Oct 24 02:41:25 UTC 2018 /home/travis/build/icyphy/ptII/ptolemy/domains/hdf/kernel/test/auto/SameRefinedRates.xml
----------------- Instantiating /home/travis/build/icyphy/ptII/ptolemy/domains/hdf/kernel/test/auto/SameRefinedRates.xml
16 ms. Memory: 331776K Free: 227913K (69%)
----------------- Invoking toplevel() on ptolemy.moml.MoMLSimpleApplication@4798d140
----------------- Done invoking toplevel() on ptolemy.moml.MoMLSimpleApplication@4798d140
reloadAllAccessors: .SameRefinedRates

===========================================================================================
----------------- testing Wed Oct 24 02:41:25 UTC 2018 /home/travis/build/icyphy/ptII/ptolemy/domains/hdf/kernel/test/auto/SameRefinedRates2.xml
----------------- Instantiating /home/travis/build/icyphy/ptII/ptolemy/domains/hdf/kernel/test/auto/SameRefinedRates2.xml
21 ms. Memory: 331776K Free: 211938K (64%)
----------------- Invoking toplevel() on ptolemy.moml.MoMLSimpleApplication@1bb9e013
----------------- Done invoking toplevel() on ptolemy.moml.MoMLSimpleApplication@1bb9e013
reloadAllAccessors: .SameRefinedRates2

===========================================================================================
----------------- testing Wed Oct 24 02:41:25 UTC 2018 /home/travis/build/icyphy/ptII/ptolemy/domains/hdf/kernel/test/auto/TransientStates.xml
----------------- Instantiating /home/travis/build/icyphy/ptII/ptolemy/domains/hdf/kernel/test/auto/TransientStates.xml
29 ms. Memory: 331776K Free: 189022K (57%)
----------------- Invoking toplevel() on ptolemy.moml.MoMLSimpleApplication@56418e6c
----------------- Done invoking toplevel() on ptolemy.moml.MoMLSimpleApplication@56418e6c
reloadAllAccessors: .TransientStates

===========================================================================================
----------------- testing Wed Oct 24 02:41:25 UTC 2018 /home/travis/build/icyphy/ptII/ptolemy/domains/hdf/kernel/test/auto/TwoHammingCodec.xml
----------------- Instantiating /home/travis/build/icyphy/ptII/ptolemy/domains/hdf/kernel/test/auto/TwoHammingCodec.xml
44 ms. Memory: 331776K Free: 165674K (50%)
----------------- Invoking toplevel() on ptolemy.moml.MoMLSimpleApplication@681b2cbe
----------------- Done invoking toplevel() on ptolemy.moml.MoMLSimpleApplication@681b2cbe
reloadAllAccessors: .TwoHammingCodec

===========================================================================================
----------------- testing Wed Oct 24 02:41:25 UTC 2018 /home/travis/build/icyphy/ptII/ptolemy/domains/hdf/kernel/test/auto/TwoHammingCodec1.xml
----------------- Instantiating /home/travis/build/icyphy/ptII/ptolemy/domains/hdf/kernel/test/auto/TwoHammingCodec1.xml
55 ms. Memory: 331776K Free: 138576K (42%)
----------------- Invoking toplevel() on ptolemy.moml.MoMLSimpleApplication@396ede49
----------------- Done invoking toplevel() on ptolemy.moml.MoMLSimpleApplication@396ede49
reloadAllAccessors: .twoHammingCodec1

===========================================================================================
----------------- testing Wed Oct 24 02:41:25 UTC 2018 /home/travis/build/icyphy/ptII/ptolemy/domains/hdf/kernel/test/auto/TwoLevelHierarchy.xml
----------------- Instantiating /home/travis/build/icyphy/ptII/ptolemy/domains/hdf/kernel/test/auto/TwoLevelHierarchy.xml
49 ms. Memory: 331776K Free: 89849K (27%)
----------------- Invoking toplevel() on ptolemy.moml.MoMLSimpleApplication@d9430ab
----------------- Done invoking toplevel() on ptolemy.moml.MoMLSimpleApplication@d9430ab
reloadAllAccessors: .TwoLevelHierarchy

===========================================================================================
----------------- testing Wed Oct 24 02:41:25 UTC 2018 /home/travis/build/icyphy/ptII/ptolemy/domains/hdf/kernel/test/auto/TwoLevelHierarchy1.xml
----------------- Instantiating /home/travis/build/icyphy/ptII/ptolemy/domains/hdf/kernel/test/auto/TwoLevelHierarchy1.xml
48 ms. Memory: 331776K Free: 286175K (86%)
----------------- Invoking toplevel() on ptolemy.moml.MoMLSimpleApplication@26317ca8
----------------- Done invoking toplevel() on ptolemy.moml.MoMLSimpleApplication@26317ca8
reloadAllAccessors: .TwoLevelHierarchy1

===========================================================================================
----------------- testing Wed Oct 24 02:41:26 UTC 2018 /home/travis/build/icyphy/ptII/ptolemy/domains/hdf/kernel/test/auto/TwoLevelHierarchy2.xml
----------------- Instantiating /home/travis/build/icyphy/ptII/ptolemy/domains/hdf/kernel/test/auto/TwoLevelHierarchy2.xml
47 ms. Memory: 331776K Free: 246359K (74%)
----------------- Invoking toplevel() on ptolemy.moml.MoMLSimpleApplication@7131c560
----------------- Done invoking toplevel() on ptolemy.moml.MoMLSimpleApplication@7131c560
reloadAllAccessors: .TwoLevelHierarchy2

===========================================================================================
----------------- testing Wed Oct 24 02:41:26 UTC 2018 /home/travis/build/icyphy/ptII/ptolemy/domains/hdf/kernel/test/auto/TwoLevelHierarchyNullStates.xml
----------------- Instantiating /home/travis/build/icyphy/ptII/ptolemy/domains/hdf/kernel/test/auto/TwoLevelHierarchyNullStates.xml
51 ms. Memory: 331776K Free: 190652K (57%)
----------------- Invoking toplevel() on ptolemy.moml.MoMLSimpleApplication@555e90c0
----------------- Done invoking toplevel() on ptolemy.moml.MoMLSimpleApplication@555e90c0
reloadAllAccessors: .TwoLevelHierarchyNullStates

===========================================================================================
----------------- testing Wed Oct 24 02:41:26 UTC 2018 /home/travis/build/icyphy/ptII/ptolemy/domains/hdf/kernel/test/auto/TwoLevelHierarchyWithResets.xml
----------------- Instantiating /home/travis/build/icyphy/ptII/ptolemy/domains/hdf/kernel/test/auto/TwoLevelHierarchyWithResets.xml
77 ms. Memory: 331776K Free: 139359K (42%)
----------------- Invoking toplevel() on ptolemy.moml.MoMLSimpleApplication@137e9709
----------------- Done invoking toplevel() on ptolemy.moml.MoMLSimpleApplication@137e9709
reloadAllAccessors: .TwoLevelHierarchy1

===========================================================================================
----------------- testing Wed Oct 24 02:41:26 UTC 2018 /home/travis/build/icyphy/ptII/ptolemy/domains/hdf/kernel/test/auto/TwoLevelHierarchyWithResetsNullStates.xml
----------------- Instantiating /home/travis/build/icyphy/ptII/ptolemy/domains/hdf/kernel/test/auto/TwoLevelHierarchyWithResetsNullStates.xml
86 ms. Memory: 578048K Free: 564744K (98%)
----------------- Invoking toplevel() on ptolemy.moml.MoMLSimpleApplication@7fb4b249
----------------- Done invoking toplevel() on ptolemy.moml.MoMLSimpleApplication@7fb4b249
reloadAllAccessors: .TwoLevelHierarchyWithResetsNullStates

===========================================================================================
----------------- testing Wed Oct 24 02:41:26 UTC 2018 /home/travis/build/icyphy/ptII/ptolemy/domains/hdf/kernel/test/auto/WaterTank_HDF.xml
----------------- Instantiating /home/travis/build/icyphy/ptII/ptolemy/domains/hdf/kernel/test/auto/WaterTank_HDF.xml
63 ms. Memory: 578048K Free: 527194K (91%)
----------------- Invoking toplevel() on ptolemy.moml.MoMLSimpleApplication@6aa17a7b
----------------- Done invoking toplevel() on ptolemy.moml.MoMLSimpleApplication@6aa17a7b
reloadAllAccessors: .WaterTank_HDF

===========================================================================================
----------------- testing Wed Oct 24 02:41:26 UTC 2018 /home/travis/build/icyphy/ptII/ptolemy/domains/hdf/kernel/test/auto/WaterTank_HDF2.xml
----------------- Instantiating /home/travis/build/icyphy/ptII/ptolemy/domains/hdf/kernel/test/auto/WaterTank_HDF2.xml
50 ms. Memory: 578048K Free: 487872K (84%)
----------------- Invoking toplevel() on ptolemy.moml.MoMLSimpleApplication@c39b234
----------------- Done invoking toplevel() on ptolemy.moml.MoMLSimpleApplication@c39b234
reloadAllAccessors: .WaterTank_HDF2

===========================================================================================
----------------- testing Wed Oct 24 02:41:26 UTC 2018 /home/travis/build/icyphy/ptII/ptolemy/domains/hdf/kernel/test/auto/badFSMRateChanges.xml
----------------- Instantiating /home/travis/build/icyphy/ptII/ptolemy/domains/hdf/kernel/test/auto/badFSMRateChanges.xml
12 ms. Memory: 578048K Free: 470015K (81%)
----------------- Invoking toplevel() on ptolemy.moml.MoMLSimpleApplication@62eeaed4
----------------- Done invoking toplevel() on ptolemy.moml.MoMLSimpleApplication@62eeaed4
reloadAllAccessors: .badFSMRateChanges
AutoTests.java: About to close Vertx.
AutoTests.java: Vertx closed.
]]></system-out>
  <system-err><![CDATA[]]></system-err>
</testsuite>
