<?xml version="1.0" encoding="UTF-8" ?>
<testsuite errors="0" failures="0" hostname="travis-job-fdf0af87-8b2e-4917-bf1e-7304337226af" name="ptolemy.domains.continuous.test.junit.JUnitTclTest" skipped="0" tests="156" time="67.353" timestamp="2019-12-20T06:19:13">
  <properties>
[...]
</properties>
  <testcase classname="ptolemy.util.test.junit.TclTests" name="[0] ThereAreNoTclTests (RunTclFile)" time="0.007" />
  <testcase classname="ptolemy.util.test.junit.AutoKnownFailedTests" name="[0] ThereAreNoKnowFailedTests (RunModel)" time="0.003" />
  <testcase classname="ptolemy.util.test.junit.AutoNameArchTests" name="[0] ThereAreNoAutoArchTests (RunModel)" time="0.021" />
  <testcase classname="ptolemy.util.test.junit.AutoTests" name="[0] /home/travis/build/icyphy/ptII/ptolemy/domains/continuous/test/auto/BouncingBall.xml (RunModel)" time="2.962" />
  <testcase classname="ptolemy.util.test.junit.AutoTests" name="[1] /home/travis/build/icyphy/ptII/ptolemy/domains/continuous/test/auto/BouncingBallWithoutGR.xml (RunModel)" time="0.902" />
  <testcase classname="ptolemy.util.test.junit.AutoTests" name="[2] /home/travis/build/icyphy/ptII/ptolemy/domains/continuous/test/auto/Brownian.xml (RunModel)" time="0.088" />
  <testcase classname="ptolemy.util.test.junit.AutoTests" name="[3] /home/travis/build/icyphy/ptII/ptolemy/domains/continuous/test/auto/CarTracking.xml (RunModel)" time="3.656" />
  <testcase classname="ptolemy.util.test.junit.AutoTests" name="[4] /home/travis/build/icyphy/ptII/ptolemy/domains/continuous/test/auto/CartPendulum.xml (RunModel)" time="0.5" />
  <testcase classname="ptolemy.util.test.junit.AutoTests" name="[5] /home/travis/build/icyphy/ptII/ptolemy/domains/continuous/test/auto/CausalityInterface10.xml (RunModel)" time="0.04" />
  <testcase classname="ptolemy.util.test.junit.AutoTests" name="[6] /home/travis/build/icyphy/ptII/ptolemy/domains/continuous/test/auto/CausalityInterface11.xml (RunModel)" time="0.024" />
  <testcase classname="ptolemy.util.test.junit.AutoTests" name="[7] /home/travis/build/icyphy/ptII/ptolemy/domains/continuous/test/auto/CausalityInterface12.xml (RunModel)" time="0.024" />
  <testcase classname="ptolemy.util.test.junit.AutoTests" name="[8] /home/travis/build/icyphy/ptII/ptolemy/domains/continuous/test/auto/CausalityInterface13.xml (RunModel)" time="0.026" />
  <testcase classname="ptolemy.util.test.junit.AutoTests" name="[9] /home/travis/build/icyphy/ptII/ptolemy/domains/continuous/test/auto/CausalityInterface14.xml (RunModel)" time="0.028" />
  <testcase classname="ptolemy.util.test.junit.AutoTests" name="[10] /home/travis/build/icyphy/ptII/ptolemy/domains/continuous/test/auto/CausalityInterface4.xml (RunModel)" time="0.025" />
  <testcase classname="ptolemy.util.test.junit.AutoTests" name="[11] /home/travis/build/icyphy/ptII/ptolemy/domains/continuous/test/auto/CausalityInterface5.xml (RunModel)" time="0.04" />
  <testcase classname="ptolemy.util.test.junit.AutoTests" name="[12] /home/travis/build/icyphy/ptII/ptolemy/domains/continuous/test/auto/CausalityInterface6.xml (RunModel)" time="0.026" />
  <testcase classname="ptolemy.util.test.junit.AutoTests" name="[13] /home/travis/build/icyphy/ptII/ptolemy/domains/continuous/test/auto/CausalityInterface7.xml (RunModel)" time="0.037" />
  <testcase classname="ptolemy.util.test.junit.AutoTests" name="[14] /home/travis/build/icyphy/ptII/ptolemy/domains/continuous/test/auto/CausalityInterface8.xml (RunModel)" time="0.035" />
  <testcase classname="ptolemy.util.test.junit.AutoTests" name="[15] /home/travis/build/icyphy/ptII/ptolemy/domains/continuous/test/auto/CausalityInterface9.xml (RunModel)" time="0.055" />
  <testcase classname="ptolemy.util.test.junit.AutoTests" name="[16] /home/travis/build/icyphy/ptII/ptolemy/domains/continuous/test/auto/CausalityInterfaceFeedback1.xml (RunModel)" time="0.026" />
  <testcase classname="ptolemy.util.test.junit.AutoTests" name="[17] /home/travis/build/icyphy/ptII/ptolemy/domains/continuous/test/auto/CausalityInterfaceFeedback2.xml (RunModel)" time="0.039" />
  <testcase classname="ptolemy.util.test.junit.AutoTests" name="[18] /home/travis/build/icyphy/ptII/ptolemy/domains/continuous/test/auto/CompareWithCurrentTime.xml (RunModel)" time="0.024" />
  <testcase classname="ptolemy.util.test.junit.AutoTests" name="[19] /home/travis/build/icyphy/ptII/ptolemy/domains/continuous/test/auto/ComparedClocks.xml (RunModel)" time="0.057" />
  <testcase classname="ptolemy.util.test.junit.AutoTests" name="[20] /home/travis/build/icyphy/ptII/ptolemy/domains/continuous/test/auto/ContinuousAOCClone.xml (RunModel)" time="2.59" />
  <testcase classname="ptolemy.util.test.junit.AutoTests" name="[21] /home/travis/build/icyphy/ptII/ptolemy/domains/continuous/test/auto/ContinuousClock.xml (RunModel)" time="0.072" />
  <testcase classname="ptolemy.util.test.junit.AutoTests" name="[22] /home/travis/build/icyphy/ptII/ptolemy/domains/continuous/test/auto/ContinuousInContinuous.xml (RunModel)" time="0.076" />
  <testcase classname="ptolemy.util.test.junit.AutoTests" name="[23] /home/travis/build/icyphy/ptII/ptolemy/domains/continuous/test/auto/ContinuousInContinuousInContinuous.xml (RunModel)" time="0.02" />
  <testcase classname="ptolemy.util.test.junit.AutoTests" name="[24] /home/travis/build/icyphy/ptII/ptolemy/domains/continuous/test/auto/ContinuousInDE.xml (RunModel)" time="0.105" />
  <testcase classname="ptolemy.util.test.junit.AutoTests" name="[25] /home/travis/build/icyphy/ptII/ptolemy/domains/continuous/test/auto/ContinuousInDE2.xml (RunModel)" time="0.053" />
  <testcase classname="ptolemy.util.test.junit.AutoTests" name="[26] /home/travis/build/icyphy/ptII/ptolemy/domains/continuous/test/auto/ContinuousInDE3.xml (RunModel)" time="0.043" />
  <testcase classname="ptolemy.util.test.junit.AutoTests" name="[27] /home/travis/build/icyphy/ptII/ptolemy/domains/continuous/test/auto/ContinuousInDE4.xml (RunModel)" time="0.032" />
  <testcase classname="ptolemy.util.test.junit.AutoTests" name="[28] /home/travis/build/icyphy/ptII/ptolemy/domains/continuous/test/auto/ContinuousInDEDifferentRefinements.xml (RunModel)" time="0.095" />
  <testcase classname="ptolemy.util.test.junit.AutoTests" name="[29] /home/travis/build/icyphy/ptII/ptolemy/domains/continuous/test/auto/ContinuousInDEDifferentRefinementsPreemptive.xml (RunModel)" time="0.082" />
  <testcase classname="ptolemy.util.test.junit.AutoTests" name="[30] /home/travis/build/icyphy/ptII/ptolemy/domains/continuous/test/auto/ContinuousInDEInContinuous2.xml (RunModel)" time="0.051" />
  <testcase classname="ptolemy.util.test.junit.AutoTests" name="[31] /home/travis/build/icyphy/ptII/ptolemy/domains/continuous/test/auto/ContinuousInDEInContinuous3.xml (RunModel)" time="0.051" />
  <testcase classname="ptolemy.util.test.junit.AutoTests" name="[32] /home/travis/build/icyphy/ptII/ptolemy/domains/continuous/test/auto/ContinuousInDEInput.xml (RunModel)" time="0.031" />
  <testcase classname="ptolemy.util.test.junit.AutoTests" name="[33] /home/travis/build/icyphy/ptII/ptolemy/domains/continuous/test/auto/ContinuousInDEInput2.xml (RunModel)" time="0.03" />
  <testcase classname="ptolemy.util.test.junit.AutoTests" name="[34] /home/travis/build/icyphy/ptII/ptolemy/domains/continuous/test/auto/ContinuousInDEInput3.xml (RunModel)" time="0.029" />
  <testcase classname="ptolemy.util.test.junit.AutoTests" name="[35] /home/travis/build/icyphy/ptII/ptolemy/domains/continuous/test/auto/ContinuousInDESharingRefinement.xml (RunModel)" time="0.165" />
  <testcase classname="ptolemy.util.test.junit.AutoTests" name="[36] /home/travis/build/icyphy/ptII/ptolemy/domains/continuous/test/auto/ContinuousInDEwithNoPorts.xml (RunModel)" time="0.022" />
  <testcase classname="ptolemy.util.test.junit.AutoTests" name="[37] /home/travis/build/icyphy/ptII/ptolemy/domains/continuous/test/auto/ContinuousInsideDE.xml (RunModel)" time="0.064" />
  <testcase classname="ptolemy.util.test.junit.AutoTests" name="[38] /home/travis/build/icyphy/ptII/ptolemy/domains/continuous/test/auto/ContinuousMerge1.xml (RunModel)" time="0.015" />
  <testcase classname="ptolemy.util.test.junit.AutoTests" name="[39] /home/travis/build/icyphy/ptII/ptolemy/domains/continuous/test/auto/ContinuousMerge2.xml (RunModel)" time="0.041" />
  <testcase classname="ptolemy.util.test.junit.AutoTests" name="[40] /home/travis/build/icyphy/ptII/ptolemy/domains/continuous/test/auto/ContinuousMerge3.xml (RunModel)" time="0.067" />
  <testcase classname="ptolemy.util.test.junit.AutoTests" name="[41] /home/travis/build/icyphy/ptII/ptolemy/domains/continuous/test/auto/ContinuousWithinContinuous.xml (RunModel)" time="0.044" />
  <testcase classname="ptolemy.util.test.junit.AutoTests" name="[42] /home/travis/build/icyphy/ptII/ptolemy/domains/continuous/test/auto/ContinuousWithinContinuous2.xml (RunModel)" time="0.062" />
  <testcase classname="ptolemy.util.test.junit.AutoTests" name="[43] /home/travis/build/icyphy/ptII/ptolemy/domains/continuous/test/auto/ContinuousWithinContinuous3.xml (RunModel)" time="0.025" />
  <testcase classname="ptolemy.util.test.junit.AutoTests" name="[44] /home/travis/build/icyphy/ptII/ptolemy/domains/continuous/test/auto/ContinuousWithinContinuous4.xml (RunModel)" time="0.063" />
  <testcase classname="ptolemy.util.test.junit.AutoTests" name="[45] /home/travis/build/icyphy/ptII/ptolemy/domains/continuous/test/auto/ContinuousWithinContinuous5.xml (RunModel)" time="0.029" />
  <testcase classname="ptolemy.util.test.junit.AutoTests" name="[46] /home/travis/build/icyphy/ptII/ptolemy/domains/continuous/test/auto/ContinuousWithinContinuous6.xml (RunModel)" time="0.035" />
  <testcase classname="ptolemy.util.test.junit.AutoTests" name="[47] /home/travis/build/icyphy/ptII/ptolemy/domains/continuous/test/auto/ContinuousWithinContinuous7.xml (RunModel)" time="0.057" />
  <testcase classname="ptolemy.util.test.junit.AutoTests" name="[48] /home/travis/build/icyphy/ptII/ptolemy/domains/continuous/test/auto/DCMotor.xml (RunModel)" time="12.203" />
  <testcase classname="ptolemy.util.test.junit.AutoTests" name="[49] /home/travis/build/icyphy/ptII/ptolemy/domains/continuous/test/auto/DEInContinuous.xml (RunModel)" time="0.045" />
  <testcase classname="ptolemy.util.test.junit.AutoTests" name="[50] /home/travis/build/icyphy/ptII/ptolemy/domains/continuous/test/auto/DEinContinuous2.xml (RunModel)" time="0.023" />
  <testcase classname="ptolemy.util.test.junit.AutoTests" name="[51] /home/travis/build/icyphy/ptII/ptolemy/domains/continuous/test/auto/Derivative.xml (RunModel)" time="0.165" />
  <testcase classname="ptolemy.util.test.junit.AutoTests" name="[52] /home/travis/build/icyphy/ptII/ptolemy/domains/continuous/test/auto/Derivative1.xml (RunModel)" time="0.061" />
  <testcase classname="ptolemy.util.test.junit.AutoTests" name="[53] /home/travis/build/icyphy/ptII/ptolemy/domains/continuous/test/auto/DiscreteClock.xml (RunModel)" time="0.016" />
  <testcase classname="ptolemy.util.test.junit.AutoTests" name="[54] /home/travis/build/icyphy/ptII/ptolemy/domains/continuous/test/auto/EfficiencyCurve.xml (RunModel)" time="0.109" />
  <testcase classname="ptolemy.util.test.junit.AutoTests" name="[55] /home/travis/build/icyphy/ptII/ptolemy/domains/continuous/test/auto/ExponentialResponse.xml (RunModel)" time="0.092" />
  <testcase classname="ptolemy.util.test.junit.AutoTests" name="[56] /home/travis/build/icyphy/ptII/ptolemy/domains/continuous/test/auto/ExponentialResponseRK45.xml (RunModel)" time="0.032" />
  <testcase classname="ptolemy.util.test.junit.AutoTests" name="[57] /home/travis/build/icyphy/ptII/ptolemy/domains/continuous/test/auto/Friction.xml (RunModel)" time="1.498" />
  <testcase classname="ptolemy.util.test.junit.AutoTests" name="[58] /home/travis/build/icyphy/ptII/ptolemy/domains/continuous/test/auto/FurutaPendulum.xml (RunModel)" time="3.005" />
  <testcase classname="ptolemy.util.test.junit.AutoTests" name="[59] /home/travis/build/icyphy/ptII/ptolemy/domains/continuous/test/auto/HierarchicalExecution.xml (RunModel)" time="1.903" />
  <testcase classname="ptolemy.util.test.junit.AutoTests" name="[60] /home/travis/build/icyphy/ptII/ptolemy/domains/continuous/test/auto/HybridPlant.xml (RunModel)" time="0.554" />
  <testcase classname="ptolemy.util.test.junit.AutoTests" name="[61] /home/travis/build/icyphy/ptII/ptolemy/domains/continuous/test/auto/Hysteresis.xml (RunModel)" time="0.185" />
  <testcase classname="ptolemy.util.test.junit.AutoTests" name="[62] /home/travis/build/icyphy/ptII/ptolemy/domains/continuous/test/auto/HysteresisWithRandomDelay.xml (RunModel)" time="0.208" />
  <testcase classname="ptolemy.util.test.junit.AutoTests" name="[63] /home/travis/build/icyphy/ptII/ptolemy/domains/continuous/test/auto/HysteresisWithRandomLosses.xml (RunModel)" time="2.277" />
  <testcase classname="ptolemy.util.test.junit.AutoTests" name="[64] /home/travis/build/icyphy/ptII/ptolemy/domains/continuous/test/auto/ImmediateTransitions.xml (RunModel)" time="0.044" />
  <testcase classname="ptolemy.util.test.junit.AutoTests" name="[65] /home/travis/build/icyphy/ptII/ptolemy/domains/continuous/test/auto/ImpulseFeedback.xml (RunModel)" time="0.019" />
  <testcase classname="ptolemy.util.test.junit.AutoTests" name="[66] /home/travis/build/icyphy/ptII/ptolemy/domains/continuous/test/auto/ImpulseFeedback2.xml (RunModel)" time="0.014" />
  <testcase classname="ptolemy.util.test.junit.AutoTests" name="[67] /home/travis/build/icyphy/ptII/ptolemy/domains/continuous/test/auto/IncreasingRatePoisson.xml (RunModel)" time="0.644" />
  <testcase classname="ptolemy.util.test.junit.AutoTests" name="[68] /home/travis/build/icyphy/ptII/ptolemy/domains/continuous/test/auto/InitialStateFeedback.xml (RunModel)" time="0.016" />
  <testcase classname="ptolemy.util.test.junit.AutoTests" name="[69] /home/travis/build/icyphy/ptII/ptolemy/domains/continuous/test/auto/Integration.xml (RunModel)" time="0.011" />
  <testcase classname="ptolemy.util.test.junit.AutoTests" name="[70] /home/travis/build/icyphy/ptII/ptolemy/domains/continuous/test/auto/Integration2.xml (RunModel)" time="0.08" />
  <testcase classname="ptolemy.util.test.junit.AutoTests" name="[71] /home/travis/build/icyphy/ptII/ptolemy/domains/continuous/test/auto/Integration3.xml (RunModel)" time="0.027" />
  <testcase classname="ptolemy.util.test.junit.AutoTests" name="[72] /home/travis/build/icyphy/ptII/ptolemy/domains/continuous/test/auto/Integration5.xml (RunModel)" time="0.009" />
  <testcase classname="ptolemy.util.test.junit.AutoTests" name="[73] /home/travis/build/icyphy/ptII/ptolemy/domains/continuous/test/auto/IntegratorImpulse.xml (RunModel)" time="0.008" />
  <testcase classname="ptolemy.util.test.junit.AutoTests" name="[74] /home/travis/build/icyphy/ptII/ptolemy/domains/continuous/test/auto/IntegratorImpulse2.xml (RunModel)" time="0.01" />
  <testcase classname="ptolemy.util.test.junit.AutoTests" name="[75] /home/travis/build/icyphy/ptII/ptolemy/domains/continuous/test/auto/LevelCrossing1.xml (RunModel)" time="0.01" />
  <testcase classname="ptolemy.util.test.junit.AutoTests" name="[76] /home/travis/build/icyphy/ptII/ptolemy/domains/continuous/test/auto/LevelCrossing2.xml (RunModel)" time="0.016" />
  <testcase classname="ptolemy.util.test.junit.AutoTests" name="[77] /home/travis/build/icyphy/ptII/ptolemy/domains/continuous/test/auto/LevelCrossing3.xml (RunModel)" time="0.013" />
  <testcase classname="ptolemy.util.test.junit.AutoTests" name="[78] /home/travis/build/icyphy/ptII/ptolemy/domains/continuous/test/auto/LevelCrossing4.xml (RunModel)" time="0.012" />
  <testcase classname="ptolemy.util.test.junit.AutoTests" name="[79] /home/travis/build/icyphy/ptII/ptolemy/domains/continuous/test/auto/LevelCrossing5.xml (RunModel)" time="0.016" />
  <testcase classname="ptolemy.util.test.junit.AutoTests" name="[80] /home/travis/build/icyphy/ptII/ptolemy/domains/continuous/test/auto/LevelCrossing6.xml (RunModel)" time="0.012" />
  <testcase classname="ptolemy.util.test.junit.AutoTests" name="[81] /home/travis/build/icyphy/ptII/ptolemy/domains/continuous/test/auto/LevelCrossingDetector.xml (RunModel)" time="0.035" />
  <testcase classname="ptolemy.util.test.junit.AutoTests" name="[82] /home/travis/build/icyphy/ptII/ptolemy/domains/continuous/test/auto/LevelCrossingDetectorDetectingDirections.xml (RunModel)" time="0.084" />
  <testcase classname="ptolemy.util.test.junit.AutoTests" name="[83] /home/travis/build/icyphy/ptII/ptolemy/domains/continuous/test/auto/LevelCrossingDetectorDetectsGlitches.xml (RunModel)" time="0.058" />
  <testcase classname="ptolemy.util.test.junit.AutoTests" name="[84] /home/travis/build/icyphy/ptII/ptolemy/domains/continuous/test/auto/LevelCrossingNoInitialOuput.xml (RunModel)" time="0.013" />
  <testcase classname="ptolemy.util.test.junit.AutoTests" name="[85] /home/travis/build/icyphy/ptII/ptolemy/domains/continuous/test/auto/LinearStateSpaceExample.xml (RunModel)" time="0.051" />
  <testcase classname="ptolemy.util.test.junit.AutoTests" name="[86] /home/travis/build/icyphy/ptII/ptolemy/domains/continuous/test/auto/Lorenz.xml (RunModel)" time="3.306" />
  <testcase classname="ptolemy.util.test.junit.AutoTests" name="[87] /home/travis/build/icyphy/ptII/ptolemy/domains/continuous/test/auto/LorenzDifferentialSystem.xml (RunModel)" time="0.835" />
  <testcase classname="ptolemy.util.test.junit.AutoTests" name="[88] /home/travis/build/icyphy/ptII/ptolemy/domains/continuous/test/auto/LorenzDifferentialSystemWithInput.xml (RunModel)" time="1.316" />
  <testcase classname="ptolemy.util.test.junit.AutoTests" name="[89] /home/travis/build/icyphy/ptII/ptolemy/domains/continuous/test/auto/LorenzDifferentialSystemWithTime.xml (RunModel)" time="0.674" />
  <testcase classname="ptolemy.util.test.junit.AutoTests" name="[90] /home/travis/build/icyphy/ptII/ptolemy/domains/continuous/test/auto/Microsteps.xml (RunModel)" time="0.025" />
  <testcase classname="ptolemy.util.test.junit.AutoTests" name="[91] /home/travis/build/icyphy/ptII/ptolemy/domains/continuous/test/auto/Modal1.xml (RunModel)" time="0.045" />
  <testcase classname="ptolemy.util.test.junit.AutoTests" name="[92] /home/travis/build/icyphy/ptII/ptolemy/domains/continuous/test/auto/Modal2.xml (RunModel)" time="0.046" />
  <testcase classname="ptolemy.util.test.junit.AutoTests" name="[93] /home/travis/build/icyphy/ptII/ptolemy/domains/continuous/test/auto/ModalTransitionGuardWithReset.xml (RunModel)" time="0.019" />
  <testcase classname="ptolemy.util.test.junit.AutoTests" name="[94] /home/travis/build/icyphy/ptII/ptolemy/domains/continuous/test/auto/ModalTransitionGuardWithResetUsingPreemptiveTransition.xml (RunModel)" time="0.02" />
  <testcase classname="ptolemy.util.test.junit.AutoTests" name="[95] /home/travis/build/icyphy/ptII/ptolemy/domains/continuous/test/auto/ModalTransitionGuardWithResetUsingPreemptiveTransition2.xml (RunModel)" time="0.02" />
  <testcase classname="ptolemy.util.test.junit.AutoTests" name="[96] /home/travis/build/icyphy/ptII/ptolemy/domains/continuous/test/auto/ModalTransitionGuardWithResetUsingPreemptiveTransition3.xml (RunModel)" time="0.02" />
  <testcase classname="ptolemy.util.test.junit.AutoTests" name="[97] /home/travis/build/icyphy/ptII/ptolemy/domains/continuous/test/auto/NewtonsCradle.xml (RunModel)" time="0.723" />
  <testcase classname="ptolemy.util.test.junit.AutoTests" name="[98] /home/travis/build/icyphy/ptII/ptolemy/domains/continuous/test/auto/NewtonsCradleAnimated.xml (RunModel)" time="1.193" />
  <testcase classname="ptolemy.util.test.junit.AutoTests" name="[99] /home/travis/build/icyphy/ptII/ptolemy/domains/continuous/test/auto/NewtonsCradleComplicated.xml (RunModel)" time="0.954" />
  <testcase classname="ptolemy.util.test.junit.AutoTests" name="[100] /home/travis/build/icyphy/ptII/ptolemy/domains/continuous/test/auto/NewtonsCradleNondeterministic.xml (RunModel)" time="0.658" />
  <testcase classname="ptolemy.util.test.junit.AutoTests" name="[101] /home/travis/build/icyphy/ptII/ptolemy/domains/continuous/test/auto/NewtonsCradlePerfectlyInelastic1.xml (RunModel)" time="1.107" />
  <testcase classname="ptolemy.util.test.junit.AutoTests" name="[102] /home/travis/build/icyphy/ptII/ptolemy/domains/continuous/test/auto/Noise.xml (RunModel)" time="0.184" />
  <testcase classname="ptolemy.util.test.junit.AutoTests" name="[103] /home/travis/build/icyphy/ptII/ptolemy/domains/continuous/test/auto/NoiseSpectrum.xml (RunModel)" time="0.632" />
  <testcase classname="ptolemy.util.test.junit.AutoTests" name="[104] /home/travis/build/icyphy/ptII/ptolemy/domains/continuous/test/auto/ParameterizedNewtonsCradleAnimated.xml (RunModel)" time="0.313" />
  <testcase classname="ptolemy.util.test.junit.AutoTests" name="[105] /home/travis/build/icyphy/ptII/ptolemy/domains/continuous/test/auto/ParameterizedNewtonsCradleAnimatedNondeterministic.xml (RunModel)" time="1.064" />
  <testcase classname="ptolemy.util.test.junit.AutoTests" name="[106] /home/travis/build/icyphy/ptII/ptolemy/domains/continuous/test/auto/Pendulum3D.xml (RunModel)" time="0.173" />
  <testcase classname="ptolemy.util.test.junit.AutoTests" name="[107] /home/travis/build/icyphy/ptII/ptolemy/domains/continuous/test/auto/PeriodicSampler.xml (RunModel)" time="0.008" />
  <testcase classname="ptolemy.util.test.junit.AutoTests" name="[108] /home/travis/build/icyphy/ptII/ptolemy/domains/continuous/test/auto/PeriodicSampler1.xml (RunModel)" time="0.036" />
  <testcase classname="ptolemy.util.test.junit.AutoTests" name="[109] /home/travis/build/icyphy/ptII/ptolemy/domains/continuous/test/auto/PeriodicSampler2.xml (RunModel)" time="0.079" />
  <testcase classname="ptolemy.util.test.junit.AutoTests" name="[110] /home/travis/build/icyphy/ptII/ptolemy/domains/continuous/test/auto/Poisson.xml (RunModel)" time="0.449" />
  <testcase classname="ptolemy.util.test.junit.AutoTests" name="[111] /home/travis/build/icyphy/ptII/ptolemy/domains/continuous/test/auto/PoissonClock.xml (RunModel)" time="0.01" />
  <testcase classname="ptolemy.util.test.junit.AutoTests" name="[112] /home/travis/build/icyphy/ptII/ptolemy/domains/continuous/test/auto/PoissonClock2.xml (RunModel)" time="0.01" />
  <testcase classname="ptolemy.util.test.junit.AutoTests" name="[113] /home/travis/build/icyphy/ptII/ptolemy/domains/continuous/test/auto/PortParameterHierarchy.xml (RunModel)" time="0.029" />
  <testcase classname="ptolemy.util.test.junit.AutoTests" name="[114] /home/travis/build/icyphy/ptII/ptolemy/domains/continuous/test/auto/RandomHybridPlant.xml (RunModel)" time="0.514" />
  <testcase classname="ptolemy.util.test.junit.AutoTests" name="[115] /home/travis/build/icyphy/ptII/ptolemy/domains/continuous/test/auto/ResetTransitionWithStartTime1.xml (RunModel)" time="0.03" />
  <testcase classname="ptolemy.util.test.junit.AutoTests" name="[116] /home/travis/build/icyphy/ptII/ptolemy/domains/continuous/test/auto/ResetTransitionWithStartTime2.xml (RunModel)" time="0.032" />
  <testcase classname="ptolemy.util.test.junit.AutoTests" name="[117] /home/travis/build/icyphy/ptII/ptolemy/domains/continuous/test/auto/ResetTransitionWithStartTime3.xml (RunModel)" time="0.032" />
  <testcase classname="ptolemy.util.test.junit.AutoTests" name="[118] /home/travis/build/icyphy/ptII/ptolemy/domains/continuous/test/auto/ResetTransitionWithStartTime4.xml (RunModel)" time="0.024" />
  <testcase classname="ptolemy.util.test.junit.AutoTests" name="[119] /home/travis/build/icyphy/ptII/ptolemy/domains/continuous/test/auto/ResetTransitionWithStartTime5.xml (RunModel)" time="0.031" />
  <testcase classname="ptolemy.util.test.junit.AutoTests" name="[120] /home/travis/build/icyphy/ptII/ptolemy/domains/continuous/test/auto/ResetTransitionWithStartTime6.xml (RunModel)" time="0.026" />
  <testcase classname="ptolemy.util.test.junit.AutoTests" name="[121] /home/travis/build/icyphy/ptII/ptolemy/domains/continuous/test/auto/SRinContinuous.xml (RunModel)" time="0.02" />
  <testcase classname="ptolemy.util.test.junit.AutoTests" name="[122] /home/travis/build/icyphy/ptII/ptolemy/domains/continuous/test/auto/SampledClocks.xml (RunModel)" time="0.028" />
  <testcase classname="ptolemy.util.test.junit.AutoTests" name="[123] /home/travis/build/icyphy/ptII/ptolemy/domains/continuous/test/auto/Satellite.xml (RunModel)" time="0.721" />
  <testcase classname="ptolemy.util.test.junit.AutoTests" name="[124] /home/travis/build/icyphy/ptII/ptolemy/domains/continuous/test/auto/SigmaDelta.xml (RunModel)" time="2.091" />
  <testcase classname="ptolemy.util.test.junit.AutoTests" name="[125] /home/travis/build/icyphy/ptII/ptolemy/domains/continuous/test/auto/SingleRefinement.xml (RunModel)" time="0.411" />
  <testcase classname="ptolemy.util.test.junit.AutoTests" name="[126] /home/travis/build/icyphy/ptII/ptolemy/domains/continuous/test/auto/SinuBouncingBall.xml (RunModel)" time="0.758" />
  <testcase classname="ptolemy.util.test.junit.AutoTests" name="[127] /home/travis/build/icyphy/ptII/ptolemy/domains/continuous/test/auto/Sinusoid.xml (RunModel)" time="0.014" />
  <testcase classname="ptolemy.util.test.junit.AutoTests" name="[128] /home/travis/build/icyphy/ptII/ptolemy/domains/continuous/test/auto/SinusoidInNoise.xml (RunModel)" time="0.741" />
  <testcase classname="ptolemy.util.test.junit.AutoTests" name="[129] /home/travis/build/icyphy/ptII/ptolemy/domains/continuous/test/auto/SinusoidRK45.xml (RunModel)" time="0.011" />
  <testcase classname="ptolemy.util.test.junit.AutoTests" name="[130] /home/travis/build/icyphy/ptII/ptolemy/domains/continuous/test/auto/SinusoidWithMultipleImpulses.xml (RunModel)" time="0.012" />
  <testcase classname="ptolemy.util.test.junit.AutoTests" name="[131] /home/travis/build/icyphy/ptII/ptolemy/domains/continuous/test/auto/SquareWave.xml (RunModel)" time="0.15" />
  <testcase classname="ptolemy.util.test.junit.AutoTests" name="[132] /home/travis/build/icyphy/ptII/ptolemy/domains/continuous/test/auto/Starmac.xml (RunModel)" time="3.427" />
  <testcase classname="ptolemy.util.test.junit.AutoTests" name="[133] /home/travis/build/icyphy/ptII/ptolemy/domains/continuous/test/auto/StaticUnits.xml (RunModel)" time="2.154" />
  <testcase classname="ptolemy.util.test.junit.AutoTests" name="[134] /home/travis/build/icyphy/ptII/ptolemy/domains/continuous/test/auto/StickyMasses.xml (RunModel)" time="0.186" />
  <testcase classname="ptolemy.util.test.junit.AutoTests" name="[135] /home/travis/build/icyphy/ptII/ptolemy/domains/continuous/test/auto/StopTime.xml (RunModel)" time="0.054" />
  <testcase classname="ptolemy.util.test.junit.AutoTests" name="[136] /home/travis/build/icyphy/ptII/ptolemy/domains/continuous/test/auto/StopTime2.xml (RunModel)" time="0.048" />
  <testcase classname="ptolemy.util.test.junit.AutoTests" name="[137] /home/travis/build/icyphy/ptII/ptolemy/domains/continuous/test/auto/Switch.xml (RunModel)" time="0.054" />
  <testcase classname="ptolemy.util.test.junit.AutoTests" name="[138] /home/travis/build/icyphy/ptII/ptolemy/domains/continuous/test/auto/Thermostat.xml (RunModel)" time="0.185" />
  <testcase classname="ptolemy.util.test.junit.AutoTests" name="[139] /home/travis/build/icyphy/ptII/ptolemy/domains/continuous/test/auto/TimeDelay.xml (RunModel)" time="0.011" />
  <testcase classname="ptolemy.util.test.junit.AutoTests" name="[140] /home/travis/build/icyphy/ptII/ptolemy/domains/continuous/test/auto/TimeDelay2.xml (RunModel)" time="0.021" />
  <testcase classname="ptolemy.util.test.junit.AutoTests" name="[141] /home/travis/build/icyphy/ptII/ptolemy/domains/continuous/test/auto/TimeDelay3.xml (RunModel)" time="0.007" />
  <testcase classname="ptolemy.util.test.junit.AutoTests" name="[142] /home/travis/build/icyphy/ptII/ptolemy/domains/continuous/test/auto/TransferAbsentToInside.xml (RunModel)" time="0.104" />
  <testcase classname="ptolemy.util.test.junit.AutoTests" name="[143] /home/travis/build/icyphy/ptII/ptolemy/domains/continuous/test/auto/Transmission.xml (RunModel)" time="0.755" />
  <testcase classname="ptolemy.util.test.junit.AutoTests" name="[144] /home/travis/build/icyphy/ptII/ptolemy/domains/continuous/test/auto/TriggeredContinuousClock.xml (RunModel)" time="0.067" />
  <testcase classname="ptolemy.util.test.junit.AutoTests" name="[145] /home/travis/build/icyphy/ptII/ptolemy/domains/continuous/test/auto/TwoMachineInfiniteBusControl.xml (RunModel)" time="2.52" />
  <testcase classname="ptolemy.util.test.junit.AutoTests" name="[146] /home/travis/build/icyphy/ptII/ptolemy/domains/continuous/test/auto/V2V.xml (RunModel)" time="0.74" />
  <testcase classname="ptolemy.util.test.junit.AutoTests" name="[147] /home/travis/build/icyphy/ptII/ptolemy/domains/continuous/test/auto/hierarchicalModalModel.xml (RunModel)" time="0.035" />
  <testcase classname="ptolemy.util.test.junit.AutoTests" name="[148] /home/travis/build/icyphy/ptII/ptolemy/domains/continuous/test/auto/hierarchicalModalModel1.xml (RunModel)" time="0.028" />
  <testcase classname="ptolemy.util.test.junit.AutoTests" name="[149] /home/travis/build/icyphy/ptII/ptolemy/domains/continuous/test/auto/hierarchicalModalModel2.xml (RunModel)" time="0.023" />
  <testcase classname="ptolemy.util.test.junit.AutoTests" name="[150] /home/travis/build/icyphy/ptII/ptolemy/domains/continuous/test/auto/hierarchicalModalModel3.xml (RunModel)" time="0.021" />
  <testcase classname="ptolemy.util.test.junit.AutoTests" name="[151] /home/travis/build/icyphy/ptII/ptolemy/domains/continuous/test/auto/hierarchicalModalModel4.xml (RunModel)" time="0.033" />
  <testcase classname="ptolemy.util.test.junit.AutoTests" name="[152] /home/travis/build/icyphy/ptII/ptolemy/domains/continuous/test/auto/junk.xml (RunModel)" time="0.126" />
  <system-out><![CDATA[No tcl tests in /home/travis/build/icyphy/ptII/ptolemy/domains/continuous/test
No auto/knownFailedTests/*.xml tests in /home/travis/build/icyphy/ptII/ptolemy/domains/continuous/test
No auto/linux-amd64/*.xml tests in /home/travis/build/icyphy/ptII/ptolemy/domains/continuous/test
AutoTests.java: About to close Vertx.
AutoTests.java: Vertx closed.

===========================================================================================
----------------- testing Fri Dec 20 06:19:14 UTC 2019 /home/travis/build/icyphy/ptII/ptolemy/domains/continuous/test/auto/BouncingBall.xml
----------------- Instantiating /home/travis/build/icyphy/ptII/ptolemy/domains/continuous/test/auto/BouncingBall.xml
2328 ms. Memory: 155648K Free: 100998K (65%)
----------------- Invoking toplevel() on ptolemy.moml.MoMLSimpleApplication@25e296d
----------------- Done invoking toplevel() on ptolemy.moml.MoMLSimpleApplication@25e296d
reloadAllAccessors: .BouncingBall

===========================================================================================
----------------- testing Fri Dec 20 06:19:17 UTC 2019 /home/travis/build/icyphy/ptII/ptolemy/domains/continuous/test/auto/BouncingBallWithoutGR.xml
----------------- Instantiating /home/travis/build/icyphy/ptII/ptolemy/domains/continuous/test/auto/BouncingBallWithoutGR.xml
828 ms. Memory: 155648K Free: 104534K (67%)
----------------- Invoking toplevel() on ptolemy.moml.MoMLSimpleApplication@24666096
----------------- Done invoking toplevel() on ptolemy.moml.MoMLSimpleApplication@24666096
reloadAllAccessors: .BouncingBallWithoutGR

===========================================================================================
----------------- testing Fri Dec 20 06:19:17 UTC 2019 /home/travis/build/icyphy/ptII/ptolemy/domains/continuous/test/auto/Brownian.xml
----------------- Instantiating /home/travis/build/icyphy/ptII/ptolemy/domains/continuous/test/auto/Brownian.xml
26 ms. Memory: 155648K Free: 95332K (61%)
----------------- Invoking toplevel() on ptolemy.moml.MoMLSimpleApplication@764eb4fb
----------------- Done invoking toplevel() on ptolemy.moml.MoMLSimpleApplication@764eb4fb
reloadAllAccessors: .Brownian

===========================================================================================
----------------- testing Fri Dec 20 06:19:18 UTC 2019 /home/travis/build/icyphy/ptII/ptolemy/domains/continuous/test/auto/CarTracking.xml
----------------- Instantiating /home/travis/build/icyphy/ptII/ptolemy/domains/continuous/test/auto/CarTracking.xml
3261 ms. Memory: 187392K Free: 89847K (48%)
----------------- Invoking toplevel() on ptolemy.moml.MoMLSimpleApplication@238787d5
----------------- Done invoking toplevel() on ptolemy.moml.MoMLSimpleApplication@238787d5
reloadAllAccessors: .CarTracking

===========================================================================================
----------------- testing Fri Dec 20 06:19:21 UTC 2019 /home/travis/build/icyphy/ptII/ptolemy/domains/continuous/test/auto/CartPendulum.xml
----------------- Instantiating /home/travis/build/icyphy/ptII/ptolemy/domains/continuous/test/auto/CartPendulum.xml
375 ms. Memory: 225280K Free: 149085K (66%)
----------------- Invoking toplevel() on ptolemy.moml.MoMLSimpleApplication@7bb0af27
----------------- Done invoking toplevel() on ptolemy.moml.MoMLSimpleApplication@7bb0af27
reloadAllAccessors: .CartPendulum

===========================================================================================
----------------- testing Fri Dec 20 06:19:22 UTC 2019 /home/travis/build/icyphy/ptII/ptolemy/domains/continuous/test/auto/CausalityInterface10.xml
----------------- Instantiating /home/travis/build/icyphy/ptII/ptolemy/domains/continuous/test/auto/CausalityInterface10.xml
8 ms. Memory: 225280K Free: 138507K (61%)
----------------- Invoking toplevel() on ptolemy.moml.MoMLSimpleApplication@387d2154
----------------- Done invoking toplevel() on ptolemy.moml.MoMLSimpleApplication@387d2154
reloadAllAccessors: .CausalityInterface10

===========================================================================================
----------------- testing Fri Dec 20 06:19:22 UTC 2019 /home/travis/build/icyphy/ptII/ptolemy/domains/continuous/test/auto/CausalityInterface11.xml
----------------- Instantiating /home/travis/build/icyphy/ptII/ptolemy/domains/continuous/test/auto/CausalityInterface11.xml
7 ms. Memory: 225280K Free: 132363K (59%)
----------------- Invoking toplevel() on ptolemy.moml.MoMLSimpleApplication@26ed9355
----------------- Done invoking toplevel() on ptolemy.moml.MoMLSimpleApplication@26ed9355
reloadAllAccessors: .CausalityInterface11

===========================================================================================
----------------- testing Fri Dec 20 06:19:22 UTC 2019 /home/travis/build/icyphy/ptII/ptolemy/domains/continuous/test/auto/CausalityInterface12.xml
----------------- Instantiating /home/travis/build/icyphy/ptII/ptolemy/domains/continuous/test/auto/CausalityInterface12.xml
8 ms. Memory: 225280K Free: 125690K (56%)
----------------- Invoking toplevel() on ptolemy.moml.MoMLSimpleApplication@73d93738
----------------- Done invoking toplevel() on ptolemy.moml.MoMLSimpleApplication@73d93738
reloadAllAccessors: .CausalityInterface12

===========================================================================================
----------------- testing Fri Dec 20 06:19:22 UTC 2019 /home/travis/build/icyphy/ptII/ptolemy/domains/continuous/test/auto/CausalityInterface13.xml
----------------- Instantiating /home/travis/build/icyphy/ptII/ptolemy/domains/continuous/test/auto/CausalityInterface13.xml
4 ms. Memory: 225280K Free: 119530K (53%)
----------------- Invoking toplevel() on ptolemy.moml.MoMLSimpleApplication@4e6ce6f1
----------------- Done invoking toplevel() on ptolemy.moml.MoMLSimpleApplication@4e6ce6f1
reloadAllAccessors: .CausalityInterface13

===========================================================================================
----------------- testing Fri Dec 20 06:19:22 UTC 2019 /home/travis/build/icyphy/ptII/ptolemy/domains/continuous/test/auto/CausalityInterface14.xml
----------------- Instantiating /home/travis/build/icyphy/ptII/ptolemy/domains/continuous/test/auto/CausalityInterface14.xml
4 ms. Memory: 225280K Free: 113931K (51%)
----------------- Invoking toplevel() on ptolemy.moml.MoMLSimpleApplication@71e2ade
----------------- Done invoking toplevel() on ptolemy.moml.MoMLSimpleApplication@71e2ade
reloadAllAccessors: .CausalityInterface14

===========================================================================================
----------------- testing Fri Dec 20 06:19:22 UTC 2019 /home/travis/build/icyphy/ptII/ptolemy/domains/continuous/test/auto/CausalityInterface4.xml
----------------- Instantiating /home/travis/build/icyphy/ptII/ptolemy/domains/continuous/test/auto/CausalityInterface4.xml
4 ms. Memory: 225280K Free: 107258K (48%)
----------------- Invoking toplevel() on ptolemy.moml.MoMLSimpleApplication@2bf57e96
----------------- Done invoking toplevel() on ptolemy.moml.MoMLSimpleApplication@2bf57e96
reloadAllAccessors: .CausalityInterface4

===========================================================================================
----------------- testing Fri Dec 20 06:19:22 UTC 2019 /home/travis/build/icyphy/ptII/ptolemy/domains/continuous/test/auto/CausalityInterface5.xml
----------------- Instantiating /home/travis/build/icyphy/ptII/ptolemy/domains/continuous/test/auto/CausalityInterface5.xml
8 ms. Memory: 225280K Free: 99081K (44%)
----------------- Invoking toplevel() on ptolemy.moml.MoMLSimpleApplication@37197454
----------------- Done invoking toplevel() on ptolemy.moml.MoMLSimpleApplication@37197454
reloadAllAccessors: .CausalityInterface5

===========================================================================================
----------------- testing Fri Dec 20 06:19:22 UTC 2019 /home/travis/build/icyphy/ptII/ptolemy/domains/continuous/test/auto/CausalityInterface6.xml
----------------- Instantiating /home/travis/build/icyphy/ptII/ptolemy/domains/continuous/test/auto/CausalityInterface6.xml
5 ms. Memory: 225280K Free: 93451K (41%)
----------------- Invoking toplevel() on ptolemy.moml.MoMLSimpleApplication@642fc6c8
----------------- Done invoking toplevel() on ptolemy.moml.MoMLSimpleApplication@642fc6c8
reloadAllAccessors: .CausalityInterface6

===========================================================================================
----------------- testing Fri Dec 20 06:19:22 UTC 2019 /home/travis/build/icyphy/ptII/ptolemy/domains/continuous/test/auto/CausalityInterface7.xml
----------------- Instantiating /home/travis/build/icyphy/ptII/ptolemy/domains/continuous/test/auto/CausalityInterface7.xml
12 ms. Memory: 225280K Free: 85259K (38%)
----------------- Invoking toplevel() on ptolemy.moml.MoMLSimpleApplication@16f08d2c
----------------- Done invoking toplevel() on ptolemy.moml.MoMLSimpleApplication@16f08d2c
reloadAllAccessors: .CausalityInterface7

===========================================================================================
----------------- testing Fri Dec 20 06:19:22 UTC 2019 /home/travis/build/icyphy/ptII/ptolemy/domains/continuous/test/auto/CausalityInterface8.xml
----------------- Instantiating /home/travis/build/icyphy/ptII/ptolemy/domains/continuous/test/auto/CausalityInterface8.xml
6 ms. Memory: 225280K Free: 210590K (93%)
----------------- Invoking toplevel() on ptolemy.moml.MoMLSimpleApplication@39ecf87c
----------------- Done invoking toplevel() on ptolemy.moml.MoMLSimpleApplication@39ecf87c
reloadAllAccessors: .CausalityInterface8

===========================================================================================
----------------- testing Fri Dec 20 06:19:22 UTC 2019 /home/travis/build/icyphy/ptII/ptolemy/domains/continuous/test/auto/CausalityInterface9.xml
----------------- Instantiating /home/travis/build/icyphy/ptII/ptolemy/domains/continuous/test/auto/CausalityInterface9.xml
5 ms. Memory: 225280K Free: 199643K (89%)
----------------- Invoking toplevel() on ptolemy.moml.MoMLSimpleApplication@3ec8c1d
----------------- Done invoking toplevel() on ptolemy.moml.MoMLSimpleApplication@3ec8c1d
reloadAllAccessors: .CausalityInterface9

===========================================================================================
----------------- testing Fri Dec 20 06:19:22 UTC 2019 /home/travis/build/icyphy/ptII/ptolemy/domains/continuous/test/auto/CausalityInterfaceFeedback1.xml
----------------- Instantiating /home/travis/build/icyphy/ptII/ptolemy/domains/continuous/test/auto/CausalityInterfaceFeedback1.xml
5 ms. Memory: 225280K Free: 192989K (86%)
----------------- Invoking toplevel() on ptolemy.moml.MoMLSimpleApplication@1b5e0889
----------------- Done invoking toplevel() on ptolemy.moml.MoMLSimpleApplication@1b5e0889
reloadAllAccessors: .CausalityInterfaceFeedback1

===========================================================================================
----------------- testing Fri Dec 20 06:19:22 UTC 2019 /home/travis/build/icyphy/ptII/ptolemy/domains/continuous/test/auto/CausalityInterfaceFeedback2.xml
----------------- Instantiating /home/travis/build/icyphy/ptII/ptolemy/domains/continuous/test/auto/CausalityInterfaceFeedback2.xml
9 ms. Memory: 225280K Free: 186317K (83%)
----------------- Invoking toplevel() on ptolemy.moml.MoMLSimpleApplication@3d8f352e
----------------- Done invoking toplevel() on ptolemy.moml.MoMLSimpleApplication@3d8f352e
reloadAllAccessors: .CausalityInterfaceFeedback2

===========================================================================================
----------------- testing Fri Dec 20 06:19:22 UTC 2019 /home/travis/build/icyphy/ptII/ptolemy/domains/continuous/test/auto/CompareWithCurrentTime.xml
----------------- Instantiating /home/travis/build/icyphy/ptII/ptolemy/domains/continuous/test/auto/CompareWithCurrentTime.xml
6 ms. Memory: 225280K Free: 182235K (81%)
----------------- Invoking toplevel() on ptolemy.moml.MoMLSimpleApplication@1973f9e1
----------------- Done invoking toplevel() on ptolemy.moml.MoMLSimpleApplication@1973f9e1
reloadAllAccessors: .CompareWithCurrentTime

===========================================================================================
----------------- testing Fri Dec 20 06:19:22 UTC 2019 /home/travis/build/icyphy/ptII/ptolemy/domains/continuous/test/auto/ComparedClocks.xml
----------------- Instantiating /home/travis/build/icyphy/ptII/ptolemy/domains/continuous/test/auto/ComparedClocks.xml
7 ms. Memory: 225280K Free: 167389K (74%)
----------------- Invoking toplevel() on ptolemy.moml.MoMLSimpleApplication@1e8bc1f0
----------------- Done invoking toplevel() on ptolemy.moml.MoMLSimpleApplication@1e8bc1f0
reloadAllAccessors: .ComparedClocks

===========================================================================================
----------------- testing Fri Dec 20 06:19:22 UTC 2019 /home/travis/build/icyphy/ptII/ptolemy/domains/continuous/test/auto/ContinuousAOCClone.xml
----------------- Instantiating /home/travis/build/icyphy/ptII/ptolemy/domains/continuous/test/auto/ContinuousAOCClone.xml
2397 ms. Memory: 270336K Free: 216712K (80%)
----------------- Invoking toplevel() on ptolemy.moml.MoMLSimpleApplication@3cf3d6b6
----------------- Done invoking toplevel() on ptolemy.moml.MoMLSimpleApplication@3cf3d6b6
reloadAllAccessors: .ContinuousAOCClone

===========================================================================================
----------------- testing Fri Dec 20 06:19:25 UTC 2019 /home/travis/build/icyphy/ptII/ptolemy/domains/continuous/test/auto/ContinuousClock.xml
----------------- Instantiating /home/travis/build/icyphy/ptII/ptolemy/domains/continuous/test/auto/ContinuousClock.xml
34 ms. Memory: 270336K Free: 195208K (72%)
----------------- Invoking toplevel() on ptolemy.moml.MoMLSimpleApplication@3a626a99
----------------- Done invoking toplevel() on ptolemy.moml.MoMLSimpleApplication@3a626a99
reloadAllAccessors: .ContinuousClock

===========================================================================================
----------------- testing Fri Dec 20 06:19:25 UTC 2019 /home/travis/build/icyphy/ptII/ptolemy/domains/continuous/test/auto/ContinuousInContinuous.xml
----------------- Instantiating /home/travis/build/icyphy/ptII/ptolemy/domains/continuous/test/auto/ContinuousInContinuous.xml
38 ms. Memory: 270336K Free: 171656K (63%)
----------------- Invoking toplevel() on ptolemy.moml.MoMLSimpleApplication@719b25b4
----------------- Done invoking toplevel() on ptolemy.moml.MoMLSimpleApplication@719b25b4
reloadAllAccessors: .ContinuousInContinuous

===========================================================================================
----------------- testing Fri Dec 20 06:19:25 UTC 2019 /home/travis/build/icyphy/ptII/ptolemy/domains/continuous/test/auto/ContinuousInContinuousInContinuous.xml
----------------- Instantiating /home/travis/build/icyphy/ptII/ptolemy/domains/continuous/test/auto/ContinuousInContinuousInContinuous.xml
6 ms. Memory: 270336K Free: 164488K (61%)
----------------- Invoking toplevel() on ptolemy.moml.MoMLSimpleApplication@61f38649
----------------- Done invoking toplevel() on ptolemy.moml.MoMLSimpleApplication@61f38649
reloadAllAccessors: .ContinuousInContinuousInContinuous

===========================================================================================
----------------- testing Fri Dec 20 06:19:25 UTC 2019 /home/travis/build/icyphy/ptII/ptolemy/domains/continuous/test/auto/ContinuousInDE.xml
----------------- Instantiating /home/travis/build/icyphy/ptII/ptolemy/domains/continuous/test/auto/ContinuousInDE.xml
82 ms. Memory: 270336K Free: 154248K (57%)
----------------- Invoking toplevel() on ptolemy.moml.MoMLSimpleApplication@ddca198
----------------- Done invoking toplevel() on ptolemy.moml.MoMLSimpleApplication@ddca198
reloadAllAccessors: .ContinuousInDE

===========================================================================================
----------------- testing Fri Dec 20 06:19:25 UTC 2019 /home/travis/build/icyphy/ptII/ptolemy/domains/continuous/test/auto/ContinuousInDE2.xml
----------------- Instantiating /home/travis/build/icyphy/ptII/ptolemy/domains/continuous/test/auto/ContinuousInDE2.xml
32 ms. Memory: 270336K Free: 144518K (53%)
----------------- Invoking toplevel() on ptolemy.moml.MoMLSimpleApplication@559d358f
----------------- Done invoking toplevel() on ptolemy.moml.MoMLSimpleApplication@559d358f
reloadAllAccessors: .ContinuousInDE2

===========================================================================================
----------------- testing Fri Dec 20 06:19:25 UTC 2019 /home/travis/build/icyphy/ptII/ptolemy/domains/continuous/test/auto/ContinuousInDE3.xml
----------------- Instantiating /home/travis/build/icyphy/ptII/ptolemy/domains/continuous/test/auto/ContinuousInDE3.xml
31 ms. Memory: 270336K Free: 134792K (50%)
----------------- Invoking toplevel() on ptolemy.moml.MoMLSimpleApplication@62b174bd
----------------- Done invoking toplevel() on ptolemy.moml.MoMLSimpleApplication@62b174bd
reloadAllAccessors: .ContinuousInDE3

===========================================================================================
----------------- testing Fri Dec 20 06:19:25 UTC 2019 /home/travis/build/icyphy/ptII/ptolemy/domains/continuous/test/auto/ContinuousInDE4.xml
----------------- Instantiating /home/travis/build/icyphy/ptII/ptolemy/domains/continuous/test/auto/ContinuousInDE4.xml
12 ms. Memory: 270336K Free: 128648K (48%)
----------------- Invoking toplevel() on ptolemy.moml.MoMLSimpleApplication@6f95f85f
----------------- Done invoking toplevel() on ptolemy.moml.MoMLSimpleApplication@6f95f85f
reloadAllAccessors: .ContinuousInDE4

===========================================================================================
----------------- testing Fri Dec 20 06:19:25 UTC 2019 /home/travis/build/icyphy/ptII/ptolemy/domains/continuous/test/auto/ContinuousInDEDifferentRefinements.xml
----------------- Instantiating /home/travis/build/icyphy/ptII/ptolemy/domains/continuous/test/auto/ContinuousInDEDifferentRefinements.xml
55 ms. Memory: 270336K Free: 97400K (36%)
----------------- Invoking toplevel() on ptolemy.moml.MoMLSimpleApplication@260e1503
----------------- Done invoking toplevel() on ptolemy.moml.MoMLSimpleApplication@260e1503
reloadAllAccessors: .ContinuousInDEDifferentRefinements

===========================================================================================
----------------- testing Fri Dec 20 06:19:25 UTC 2019 /home/travis/build/icyphy/ptII/ptolemy/domains/continuous/test/auto/ContinuousInDEDifferentRefinementsPreemptive.xml
----------------- Instantiating /home/travis/build/icyphy/ptII/ptolemy/domains/continuous/test/auto/ContinuousInDEDifferentRefinementsPreemptive.xml
38 ms. Memory: 270336K Free: 227365K (84%)
----------------- Invoking toplevel() on ptolemy.moml.MoMLSimpleApplication@1449997d
----------------- Done invoking toplevel() on ptolemy.moml.MoMLSimpleApplication@1449997d
reloadAllAccessors: .ContinuousInDEDifferentRefinementsPreemptive

===========================================================================================
----------------- testing Fri Dec 20 06:19:25 UTC 2019 /home/travis/build/icyphy/ptII/ptolemy/domains/continuous/test/auto/ContinuousInDEInContinuous2.xml
----------------- Instantiating /home/travis/build/icyphy/ptII/ptolemy/domains/continuous/test/auto/ContinuousInDEInContinuous2.xml
34 ms. Memory: 270336K Free: 216101K (80%)
----------------- Invoking toplevel() on ptolemy.moml.MoMLSimpleApplication@4a5707c7
----------------- Done invoking toplevel() on ptolemy.moml.MoMLSimpleApplication@4a5707c7
reloadAllAccessors: .ContinuousInDEInContinuous2

===========================================================================================
----------------- testing Fri Dec 20 06:19:26 UTC 2019 /home/travis/build/icyphy/ptII/ptolemy/domains/continuous/test/auto/ContinuousInDEInContinuous3.xml
----------------- Instantiating /home/travis/build/icyphy/ptII/ptolemy/domains/continuous/test/auto/ContinuousInDEInContinuous3.xml
32 ms. Memory: 270336K Free: 203813K (75%)
----------------- Invoking toplevel() on ptolemy.moml.MoMLSimpleApplication@673ccc97
----------------- Done invoking toplevel() on ptolemy.moml.MoMLSimpleApplication@673ccc97
reloadAllAccessors: .ContinuousInDEInContinuous3

===========================================================================================
----------------- testing Fri Dec 20 06:19:26 UTC 2019 /home/travis/build/icyphy/ptII/ptolemy/domains/continuous/test/auto/ContinuousInDEInput.xml
----------------- Instantiating /home/travis/build/icyphy/ptII/ptolemy/domains/continuous/test/auto/ContinuousInDEInput.xml
14 ms. Memory: 270336K Free: 196645K (73%)
----------------- Invoking toplevel() on ptolemy.moml.MoMLSimpleApplication@7960a033
----------------- Done invoking toplevel() on ptolemy.moml.MoMLSimpleApplication@7960a033
reloadAllAccessors: .ContinuousInDEInput

===========================================================================================
----------------- testing Fri Dec 20 06:19:26 UTC 2019 /home/travis/build/icyphy/ptII/ptolemy/domains/continuous/test/auto/ContinuousInDEInput2.xml
----------------- Instantiating /home/travis/build/icyphy/ptII/ptolemy/domains/continuous/test/auto/ContinuousInDEInput2.xml
12 ms. Memory: 270336K Free: 189477K (70%)
----------------- Invoking toplevel() on ptolemy.moml.MoMLSimpleApplication@427191d
----------------- Done invoking toplevel() on ptolemy.moml.MoMLSimpleApplication@427191d
reloadAllAccessors: .ContinuousInDEInput2

===========================================================================================
----------------- testing Fri Dec 20 06:19:26 UTC 2019 /home/travis/build/icyphy/ptII/ptolemy/domains/continuous/test/auto/ContinuousInDEInput3.xml
----------------- Instantiating /home/travis/build/icyphy/ptII/ptolemy/domains/continuous/test/auto/ContinuousInDEInput3.xml
14 ms. Memory: 270336K Free: 182309K (67%)
----------------- Invoking toplevel() on ptolemy.moml.MoMLSimpleApplication@43d4cd91
----------------- Done invoking toplevel() on ptolemy.moml.MoMLSimpleApplication@43d4cd91
reloadAllAccessors: .ContinuousInDEInput3

===========================================================================================
----------------- testing Fri Dec 20 06:19:26 UTC 2019 /home/travis/build/icyphy/ptII/ptolemy/domains/continuous/test/auto/ContinuousInDESharingRefinement.xml
----------------- Instantiating /home/travis/build/icyphy/ptII/ptolemy/domains/continuous/test/auto/ContinuousInDESharingRefinement.xml
139 ms. Memory: 270336K Free: 248976K (92%)
----------------- Invoking toplevel() on ptolemy.moml.MoMLSimpleApplication@9b56e0
----------------- Done invoking toplevel() on ptolemy.moml.MoMLSimpleApplication@9b56e0
reloadAllAccessors: .ContinuousInDESharingRefinement

===========================================================================================
----------------- testing Fri Dec 20 06:19:26 UTC 2019 /home/travis/build/icyphy/ptII/ptolemy/domains/continuous/test/auto/ContinuousInDEwithNoPorts.xml
----------------- Instantiating /home/travis/build/icyphy/ptII/ptolemy/domains/continuous/test/auto/ContinuousInDEwithNoPorts.xml
5 ms. Memory: 270336K Free: 244336K (90%)
----------------- Invoking toplevel() on ptolemy.moml.MoMLSimpleApplication@17208ed6
----------------- Done invoking toplevel() on ptolemy.moml.MoMLSimpleApplication@17208ed6
reloadAllAccessors: .ContinuousInDEwithNoPorts

===========================================================================================
----------------- testing Fri Dec 20 06:19:26 UTC 2019 /home/travis/build/icyphy/ptII/ptolemy/domains/continuous/test/auto/ContinuousInsideDE.xml
----------------- Instantiating /home/travis/build/icyphy/ptII/ptolemy/domains/continuous/test/auto/ContinuousInsideDE.xml
29 ms. Memory: 270336K Free: 233102K (86%)
----------------- Invoking toplevel() on ptolemy.moml.MoMLSimpleApplication@30110873
----------------- Done invoking toplevel() on ptolemy.moml.MoMLSimpleApplication@30110873
reloadAllAccessors: .ContinuousInsideDE

===========================================================================================
----------------- testing Fri Dec 20 06:19:26 UTC 2019 /home/travis/build/icyphy/ptII/ptolemy/domains/continuous/test/auto/ContinuousMerge1.xml
----------------- Instantiating /home/travis/build/icyphy/ptII/ptolemy/domains/continuous/test/auto/ContinuousMerge1.xml
2 ms. Memory: 270336K Free: 228496K (85%)
----------------- Invoking toplevel() on ptolemy.moml.MoMLSimpleApplication@6e3aa364
----------------- Done invoking toplevel() on ptolemy.moml.MoMLSimpleApplication@6e3aa364
reloadAllAccessors: .ContinuousMerge1

===========================================================================================
----------------- testing Fri Dec 20 06:19:26 UTC 2019 /home/travis/build/icyphy/ptII/ptolemy/domains/continuous/test/auto/ContinuousMerge2.xml
----------------- Instantiating /home/travis/build/icyphy/ptII/ptolemy/domains/continuous/test/auto/ContinuousMerge2.xml
16 ms. Memory: 270336K Free: 218256K (81%)
----------------- Invoking toplevel() on ptolemy.moml.MoMLSimpleApplication@f81fa87
----------------- Done invoking toplevel() on ptolemy.moml.MoMLSimpleApplication@f81fa87
reloadAllAccessors: .ContinuousMerge2

===========================================================================================
----------------- testing Fri Dec 20 06:19:26 UTC 2019 /home/travis/build/icyphy/ptII/ptolemy/domains/continuous/test/auto/ContinuousMerge3.xml
----------------- Instantiating /home/travis/build/icyphy/ptII/ptolemy/domains/continuous/test/auto/ContinuousMerge3.xml
36 ms. Memory: 270336K Free: 207502K (77%)
----------------- Invoking toplevel() on ptolemy.moml.MoMLSimpleApplication@7ffd3c17
----------------- Done invoking toplevel() on ptolemy.moml.MoMLSimpleApplication@7ffd3c17
reloadAllAccessors: .ContinuousMerge3

===========================================================================================
----------------- testing Fri Dec 20 06:19:26 UTC 2019 /home/travis/build/icyphy/ptII/ptolemy/domains/continuous/test/auto/ContinuousWithinContinuous.xml
----------------- Instantiating /home/travis/build/icyphy/ptII/ptolemy/domains/continuous/test/auto/ContinuousWithinContinuous.xml
29 ms. Memory: 270336K Free: 198800K (74%)
----------------- Invoking toplevel() on ptolemy.moml.MoMLSimpleApplication@6767db07
----------------- Done invoking toplevel() on ptolemy.moml.MoMLSimpleApplication@6767db07
reloadAllAccessors: .ContinuousWithinContinuous

===========================================================================================
----------------- testing Fri Dec 20 06:19:26 UTC 2019 /home/travis/build/icyphy/ptII/ptolemy/domains/continuous/test/auto/ContinuousWithinContinuous2.xml
----------------- Instantiating /home/travis/build/icyphy/ptII/ptolemy/domains/continuous/test/auto/ContinuousWithinContinuous2.xml
52 ms. Memory: 270336K Free: 188046K (70%)
----------------- Invoking toplevel() on ptolemy.moml.MoMLSimpleApplication@3532a965
----------------- Done invoking toplevel() on ptolemy.moml.MoMLSimpleApplication@3532a965
reloadAllAccessors: .ContinuousWithinContinuous2

===========================================================================================
----------------- testing Fri Dec 20 06:19:26 UTC 2019 /home/travis/build/icyphy/ptII/ptolemy/domains/continuous/test/auto/ContinuousWithinContinuous3.xml
----------------- Instantiating /home/travis/build/icyphy/ptII/ptolemy/domains/continuous/test/auto/ContinuousWithinContinuous3.xml
9 ms. Memory: 270336K Free: 181392K (67%)
----------------- Invoking toplevel() on ptolemy.moml.MoMLSimpleApplication@74a8ced4
----------------- Done invoking toplevel() on ptolemy.moml.MoMLSimpleApplication@74a8ced4
reloadAllAccessors: .ContinuousWithinContinuous3

===========================================================================================
----------------- testing Fri Dec 20 06:19:26 UTC 2019 /home/travis/build/icyphy/ptII/ptolemy/domains/continuous/test/auto/ContinuousWithinContinuous4.xml
----------------- Instantiating /home/travis/build/icyphy/ptII/ptolemy/domains/continuous/test/auto/ContinuousWithinContinuous4.xml
49 ms. Memory: 270336K Free: 169104K (63%)
----------------- Invoking toplevel() on ptolemy.moml.MoMLSimpleApplication@3ba0d8f3
----------------- Done invoking toplevel() on ptolemy.moml.MoMLSimpleApplication@3ba0d8f3
reloadAllAccessors: .ContinuousWithinContinuous4

===========================================================================================
----------------- testing Fri Dec 20 06:19:26 UTC 2019 /home/travis/build/icyphy/ptII/ptolemy/domains/continuous/test/auto/ContinuousWithinContinuous5.xml
----------------- Instantiating /home/travis/build/icyphy/ptII/ptolemy/domains/continuous/test/auto/ContinuousWithinContinuous5.xml
9 ms. Memory: 270336K Free: 161936K (60%)
----------------- Invoking toplevel() on ptolemy.moml.MoMLSimpleApplication@66b30d87
----------------- Done invoking toplevel() on ptolemy.moml.MoMLSimpleApplication@66b30d87
reloadAllAccessors: .ContinuousWithinContinuous5

===========================================================================================
----------------- testing Fri Dec 20 06:19:26 UTC 2019 /home/travis/build/icyphy/ptII/ptolemy/domains/continuous/test/auto/ContinuousWithinContinuous6.xml
----------------- Instantiating /home/travis/build/icyphy/ptII/ptolemy/domains/continuous/test/auto/ContinuousWithinContinuous6.xml
10 ms. Memory: 270336K Free: 154768K (57%)
----------------- Invoking toplevel() on ptolemy.moml.MoMLSimpleApplication@4f67c6ce
----------------- Done invoking toplevel() on ptolemy.moml.MoMLSimpleApplication@4f67c6ce
reloadAllAccessors: .ContinuousWithinContinuous6

===========================================================================================
----------------- testing Fri Dec 20 06:19:26 UTC 2019 /home/travis/build/icyphy/ptII/ptolemy/domains/continuous/test/auto/ContinuousWithinContinuous7.xml
----------------- Instantiating /home/travis/build/icyphy/ptII/ptolemy/domains/continuous/test/auto/ContinuousWithinContinuous7.xml
40 ms. Memory: 270336K Free: 144014K (53%)
----------------- Invoking toplevel() on ptolemy.moml.MoMLSimpleApplication@78f695ac
----------------- Done invoking toplevel() on ptolemy.moml.MoMLSimpleApplication@78f695ac
reloadAllAccessors: .ContinuousWithinContinuous7

===========================================================================================
----------------- testing Fri Dec 20 06:19:26 UTC 2019 /home/travis/build/icyphy/ptII/ptolemy/domains/continuous/test/auto/DCMotor.xml
----------------- Instantiating /home/travis/build/icyphy/ptII/ptolemy/domains/continuous/test/auto/DCMotor.xml
12101 ms. Memory: 270336K Free: 128275K (47%)
----------------- Invoking toplevel() on ptolemy.moml.MoMLSimpleApplication@b9fea79
----------------- Done invoking toplevel() on ptolemy.moml.MoMLSimpleApplication@b9fea79
reloadAllAccessors: .DCMotor

===========================================================================================
----------------- testing Fri Dec 20 06:19:39 UTC 2019 /home/travis/build/icyphy/ptII/ptolemy/domains/continuous/test/auto/DEInContinuous.xml
----------------- Instantiating /home/travis/build/icyphy/ptII/ptolemy/domains/continuous/test/auto/DEInContinuous.xml
18 ms. Memory: 270336K Free: 122131K (45%)
----------------- Invoking toplevel() on ptolemy.moml.MoMLSimpleApplication@3a4f41aa
----------------- Done invoking toplevel() on ptolemy.moml.MoMLSimpleApplication@3a4f41aa
reloadAllAccessors: .DEInContinuous

===========================================================================================
----------------- testing Fri Dec 20 06:19:39 UTC 2019 /home/travis/build/icyphy/ptII/ptolemy/domains/continuous/test/auto/DEinContinuous2.xml
----------------- Instantiating /home/travis/build/icyphy/ptII/ptolemy/domains/continuous/test/auto/DEinContinuous2.xml
5 ms. Memory: 270336K Free: 114453K (42%)
----------------- Invoking toplevel() on ptolemy.moml.MoMLSimpleApplication@61d91ac7
----------------- Done invoking toplevel() on ptolemy.moml.MoMLSimpleApplication@61d91ac7
reloadAllAccessors: .DEinContinuous2

===========================================================================================
----------------- testing Fri Dec 20 06:19:39 UTC 2019 /home/travis/build/icyphy/ptII/ptolemy/domains/continuous/test/auto/Derivative.xml
----------------- Instantiating /home/travis/build/icyphy/ptII/ptolemy/domains/continuous/test/auto/Derivative.xml
127 ms. Memory: 270336K Free: 245759K (91%)
----------------- Invoking toplevel() on ptolemy.moml.MoMLSimpleApplication@7feb2c63
----------------- Done invoking toplevel() on ptolemy.moml.MoMLSimpleApplication@7feb2c63
reloadAllAccessors: .Derivative2

===========================================================================================
----------------- testing Fri Dec 20 06:19:39 UTC 2019 /home/travis/build/icyphy/ptII/ptolemy/domains/continuous/test/auto/Derivative1.xml
----------------- Instantiating /home/travis/build/icyphy/ptII/ptolemy/domains/continuous/test/auto/Derivative1.xml
26 ms. Memory: 270336K Free: 231208K (86%)
----------------- Invoking toplevel() on ptolemy.moml.MoMLSimpleApplication@16a510cb
----------------- Done invoking toplevel() on ptolemy.moml.MoMLSimpleApplication@16a510cb
reloadAllAccessors: .Derivative1

===========================================================================================
----------------- testing Fri Dec 20 06:19:39 UTC 2019 /home/travis/build/icyphy/ptII/ptolemy/domains/continuous/test/auto/DiscreteClock.xml
----------------- Instantiating /home/travis/build/icyphy/ptII/ptolemy/domains/continuous/test/auto/DiscreteClock.xml
4 ms. Memory: 270336K Free: 226088K (84%)
----------------- Invoking toplevel() on ptolemy.moml.MoMLSimpleApplication@55a4ea57
----------------- Done invoking toplevel() on ptolemy.moml.MoMLSimpleApplication@55a4ea57
reloadAllAccessors: .DiscreteClock

===========================================================================================
----------------- testing Fri Dec 20 06:19:39 UTC 2019 /home/travis/build/icyphy/ptII/ptolemy/domains/continuous/test/auto/EfficiencyCurve.xml
----------------- Instantiating /home/travis/build/icyphy/ptII/ptolemy/domains/continuous/test/auto/EfficiencyCurve.xml
65 ms. Memory: 270336K Free: 217386K (80%)
----------------- Invoking toplevel() on ptolemy.moml.MoMLSimpleApplication@4cb8f728
----------------- Done invoking toplevel() on ptolemy.moml.MoMLSimpleApplication@4cb8f728
reloadAllAccessors: .EfficiencyCurve

===========================================================================================
----------------- testing Fri Dec 20 06:19:39 UTC 2019 /home/travis/build/icyphy/ptII/ptolemy/domains/continuous/test/auto/ExponentialResponse.xml
----------------- Instantiating /home/travis/build/icyphy/ptII/ptolemy/domains/continuous/test/auto/ExponentialResponse.xml
82 ms. Memory: 270336K Free: 202026K (75%)
----------------- Invoking toplevel() on ptolemy.moml.MoMLSimpleApplication@3bd6a3e1
----------------- Done invoking toplevel() on ptolemy.moml.MoMLSimpleApplication@3bd6a3e1
reloadAllAccessors: .ExponentialResponse

===========================================================================================
----------------- testing Fri Dec 20 06:19:39 UTC 2019 /home/travis/build/icyphy/ptII/ptolemy/domains/continuous/test/auto/ExponentialResponseRK45.xml
----------------- Instantiating /home/travis/build/icyphy/ptII/ptolemy/domains/continuous/test/auto/ExponentialResponseRK45.xml
20 ms. Memory: 270336K Free: 195368K (72%)
----------------- Invoking toplevel() on ptolemy.moml.MoMLSimpleApplication@591d87f9
----------------- Done invoking toplevel() on ptolemy.moml.MoMLSimpleApplication@591d87f9
reloadAllAccessors: .ExponentialResponseRK45

===========================================================================================
----------------- testing Fri Dec 20 06:19:39 UTC 2019 /home/travis/build/icyphy/ptII/ptolemy/domains/continuous/test/auto/Friction.xml
----------------- Instantiating /home/travis/build/icyphy/ptII/ptolemy/domains/continuous/test/auto/Friction.xml
1395 ms. Memory: 270336K Free: 253646K (94%)
----------------- Invoking toplevel() on ptolemy.moml.MoMLSimpleApplication@63729749
----------------- Done invoking toplevel() on ptolemy.moml.MoMLSimpleApplication@63729749
reloadAllAccessors: .Friction

===========================================================================================
----------------- testing Fri Dec 20 06:19:41 UTC 2019 /home/travis/build/icyphy/ptII/ptolemy/domains/continuous/test/auto/FurutaPendulum.xml
----------------- Instantiating /home/travis/build/icyphy/ptII/ptolemy/domains/continuous/test/auto/FurutaPendulum.xml
2857 ms. Memory: 270336K Free: 235144K (87%)
----------------- Invoking toplevel() on ptolemy.moml.MoMLSimpleApplication@325d7c99
----------------- Done invoking toplevel() on ptolemy.moml.MoMLSimpleApplication@325d7c99
reloadAllAccessors: .FurutaPendulum

===========================================================================================
----------------- testing Fri Dec 20 06:19:44 UTC 2019 /home/travis/build/icyphy/ptII/ptolemy/domains/continuous/test/auto/HierarchicalExecution.xml
----------------- Instantiating /home/travis/build/icyphy/ptII/ptolemy/domains/continuous/test/auto/HierarchicalExecution.xml
1633 ms. Memory: 270336K Free: 118913K (44%)
----------------- Invoking toplevel() on ptolemy.moml.MoMLSimpleApplication@748b1c89
----------------- Done invoking toplevel() on ptolemy.moml.MoMLSimpleApplication@748b1c89
reloadAllAccessors: .HierarchicalExecution

===========================================================================================
----------------- testing Fri Dec 20 06:19:46 UTC 2019 /home/travis/build/icyphy/ptII/ptolemy/domains/continuous/test/auto/HybridPlant.xml
----------------- Instantiating /home/travis/build/icyphy/ptII/ptolemy/domains/continuous/test/auto/HybridPlant.xml
491 ms. Memory: 270336K Free: 174905K (65%)
----------------- Invoking toplevel() on ptolemy.moml.MoMLSimpleApplication@1a560547
----------------- Done invoking toplevel() on ptolemy.moml.MoMLSimpleApplication@1a560547
reloadAllAccessors: .HybridPlant

===========================================================================================
----------------- testing Fri Dec 20 06:19:46 UTC 2019 /home/travis/build/icyphy/ptII/ptolemy/domains/continuous/test/auto/Hysteresis.xml
----------------- Instantiating /home/travis/build/icyphy/ptII/ptolemy/domains/continuous/test/auto/Hysteresis.xml
135 ms. Memory: 270336K Free: 112951K (42%)
----------------- Invoking toplevel() on ptolemy.moml.MoMLSimpleApplication@7ff3fb7a
----------------- Done invoking toplevel() on ptolemy.moml.MoMLSimpleApplication@7ff3fb7a
reloadAllAccessors: .Hysteresis

===========================================================================================
----------------- testing Fri Dec 20 06:19:46 UTC 2019 /home/travis/build/icyphy/ptII/ptolemy/domains/continuous/test/auto/HysteresisWithRandomDelay.xml
----------------- Instantiating /home/travis/build/icyphy/ptII/ptolemy/domains/continuous/test/auto/HysteresisWithRandomDelay.xml
164 ms. Memory: 270336K Free: 202237K (75%)
----------------- Invoking toplevel() on ptolemy.moml.MoMLSimpleApplication@4a15417d
----------------- Done invoking toplevel() on ptolemy.moml.MoMLSimpleApplication@4a15417d
reloadAllAccessors: .HysteresisWithRandomDelay

===========================================================================================
----------------- testing Fri Dec 20 06:19:47 UTC 2019 /home/travis/build/icyphy/ptII/ptolemy/domains/continuous/test/auto/HysteresisWithRandomLosses.xml
----------------- Instantiating /home/travis/build/icyphy/ptII/ptolemy/domains/continuous/test/auto/HysteresisWithRandomLosses.xml
2206 ms. Memory: 270336K Free: 102031K (38%)
----------------- Invoking toplevel() on ptolemy.moml.MoMLSimpleApplication@68ba478e
----------------- Done invoking toplevel() on ptolemy.moml.MoMLSimpleApplication@68ba478e
reloadAllAccessors: .HysteresisWithRandomLosses

===========================================================================================
----------------- testing Fri Dec 20 06:19:49 UTC 2019 /home/travis/build/icyphy/ptII/ptolemy/domains/continuous/test/auto/ImmediateTransitions.xml
----------------- Instantiating /home/travis/build/icyphy/ptII/ptolemy/domains/continuous/test/auto/ImmediateTransitions.xml
15 ms. Memory: 270336K Free: 251874K (93%)
----------------- Invoking toplevel() on ptolemy.moml.MoMLSimpleApplication@279fdbeb
----------------- Done invoking toplevel() on ptolemy.moml.MoMLSimpleApplication@279fdbeb
reloadAllAccessors: .ImmediateTransitions

===========================================================================================
----------------- testing Fri Dec 20 06:19:49 UTC 2019 /home/travis/build/icyphy/ptII/ptolemy/domains/continuous/test/auto/ImpulseFeedback.xml
----------------- Instantiating /home/travis/build/icyphy/ptII/ptolemy/domains/continuous/test/auto/ImpulseFeedback.xml
6 ms. Memory: 270336K Free: 246086K (91%)
----------------- Invoking toplevel() on ptolemy.moml.MoMLSimpleApplication@654f3787
----------------- Done invoking toplevel() on ptolemy.moml.MoMLSimpleApplication@654f3787
reloadAllAccessors: .ImpulseFeedback

===========================================================================================
----------------- testing Fri Dec 20 06:19:49 UTC 2019 /home/travis/build/icyphy/ptII/ptolemy/domains/continuous/test/auto/ImpulseFeedback2.xml
----------------- Instantiating /home/travis/build/icyphy/ptII/ptolemy/domains/continuous/test/auto/ImpulseFeedback2.xml
4 ms. Memory: 270336K Free: 240456K (89%)
----------------- Invoking toplevel() on ptolemy.moml.MoMLSimpleApplication@288b4a4d
----------------- Done invoking toplevel() on ptolemy.moml.MoMLSimpleApplication@288b4a4d
reloadAllAccessors: .ImpulseFeedback2

===========================================================================================
----------------- testing Fri Dec 20 06:19:49 UTC 2019 /home/travis/build/icyphy/ptII/ptolemy/domains/continuous/test/auto/IncreasingRatePoisson.xml
----------------- Instantiating /home/travis/build/icyphy/ptII/ptolemy/domains/continuous/test/auto/IncreasingRatePoisson.xml
621 ms. Memory: 270336K Free: 108039K (40%)
----------------- Invoking toplevel() on ptolemy.moml.MoMLSimpleApplication@4772bdea
----------------- Done invoking toplevel() on ptolemy.moml.MoMLSimpleApplication@4772bdea
reloadAllAccessors: .IncreasingRatePoisson

===========================================================================================
----------------- testing Fri Dec 20 06:19:50 UTC 2019 /home/travis/build/icyphy/ptII/ptolemy/domains/continuous/test/auto/InitialStateFeedback.xml
----------------- Instantiating /home/travis/build/icyphy/ptII/ptolemy/domains/continuous/test/auto/InitialStateFeedback.xml
5 ms. Memory: 270336K Free: 103447K (38%)
----------------- Invoking toplevel() on ptolemy.moml.MoMLSimpleApplication@26431017
----------------- Done invoking toplevel() on ptolemy.moml.MoMLSimpleApplication@26431017
reloadAllAccessors: .InitialStateFeedback

===========================================================================================
----------------- testing Fri Dec 20 06:19:50 UTC 2019 /home/travis/build/icyphy/ptII/ptolemy/domains/continuous/test/auto/Integration.xml
----------------- Instantiating /home/travis/build/icyphy/ptII/ptolemy/domains/continuous/test/auto/Integration.xml
2 ms. Memory: 270336K Free: 99351K (37%)
----------------- Invoking toplevel() on ptolemy.moml.MoMLSimpleApplication@6f8f1249
----------------- Done invoking toplevel() on ptolemy.moml.MoMLSimpleApplication@6f8f1249
reloadAllAccessors: .Integration

===========================================================================================
----------------- testing Fri Dec 20 06:19:50 UTC 2019 /home/travis/build/icyphy/ptII/ptolemy/domains/continuous/test/auto/Integration2.xml
----------------- Instantiating /home/travis/build/icyphy/ptII/ptolemy/domains/continuous/test/auto/Integration2.xml
70 ms. Memory: 270336K Free: 246213K (91%)
----------------- Invoking toplevel() on ptolemy.moml.MoMLSimpleApplication@780c02e3
----------------- Done invoking toplevel() on ptolemy.moml.MoMLSimpleApplication@780c02e3
reloadAllAccessors: .Integration2

===========================================================================================
----------------- testing Fri Dec 20 06:19:50 UTC 2019 /home/travis/build/icyphy/ptII/ptolemy/domains/continuous/test/auto/Integration3.xml
----------------- Instantiating /home/travis/build/icyphy/ptII/ptolemy/domains/continuous/test/auto/Integration3.xml
2 ms. Memory: 270336K Free: 241394K (89%)
----------------- Invoking toplevel() on ptolemy.moml.MoMLSimpleApplication@4ef798ed
----------------- Done invoking toplevel() on ptolemy.moml.MoMLSimpleApplication@4ef798ed
reloadAllAccessors: .Integration3

===========================================================================================
----------------- testing Fri Dec 20 06:19:50 UTC 2019 /home/travis/build/icyphy/ptII/ptolemy/domains/continuous/test/auto/Integration5.xml
----------------- Instantiating /home/travis/build/icyphy/ptII/ptolemy/domains/continuous/test/auto/Integration5.xml
2 ms. Memory: 270336K Free: 237298K (88%)
----------------- Invoking toplevel() on ptolemy.moml.MoMLSimpleApplication@f291aab
----------------- Done invoking toplevel() on ptolemy.moml.MoMLSimpleApplication@f291aab
reloadAllAccessors: .Integration5

===========================================================================================
----------------- testing Fri Dec 20 06:19:50 UTC 2019 /home/travis/build/icyphy/ptII/ptolemy/domains/continuous/test/auto/IntegratorImpulse.xml
----------------- Instantiating /home/travis/build/icyphy/ptII/ptolemy/domains/continuous/test/auto/IntegratorImpulse.xml
2 ms. Memory: 270336K Free: 233188K (86%)
----------------- Invoking toplevel() on ptolemy.moml.MoMLSimpleApplication@3b9cfb5e
----------------- Done invoking toplevel() on ptolemy.moml.MoMLSimpleApplication@3b9cfb5e
reloadAllAccessors: .IntegratorImpulse

===========================================================================================
----------------- testing Fri Dec 20 06:19:50 UTC 2019 /home/travis/build/icyphy/ptII/ptolemy/domains/continuous/test/auto/IntegratorImpulse2.xml
----------------- Instantiating /home/travis/build/icyphy/ptII/ptolemy/domains/continuous/test/auto/IntegratorImpulse2.xml
4 ms. Memory: 270336K Free: 228596K (85%)
----------------- Invoking toplevel() on ptolemy.moml.MoMLSimpleApplication@4e54b680
----------------- Done invoking toplevel() on ptolemy.moml.MoMLSimpleApplication@4e54b680
reloadAllAccessors: .IntegratorImpulse2

===========================================================================================
----------------- testing Fri Dec 20 06:19:50 UTC 2019 /home/travis/build/icyphy/ptII/ptolemy/domains/continuous/test/auto/LevelCrossing1.xml
----------------- Instantiating /home/travis/build/icyphy/ptII/ptolemy/domains/continuous/test/auto/LevelCrossing1.xml
1 ms. Memory: 270336K Free: 223476K (83%)
----------------- Invoking toplevel() on ptolemy.moml.MoMLSimpleApplication@6dfd8a42
----------------- Done invoking toplevel() on ptolemy.moml.MoMLSimpleApplication@6dfd8a42
reloadAllAccessors: .LevelCrossing1

===========================================================================================
----------------- testing Fri Dec 20 06:19:50 UTC 2019 /home/travis/build/icyphy/ptII/ptolemy/domains/continuous/test/auto/LevelCrossing2.xml
----------------- Instantiating /home/travis/build/icyphy/ptII/ptolemy/domains/continuous/test/auto/LevelCrossing2.xml
3 ms. Memory: 270336K Free: 218356K (81%)
----------------- Invoking toplevel() on ptolemy.moml.MoMLSimpleApplication@75589e34
----------------- Done invoking toplevel() on ptolemy.moml.MoMLSimpleApplication@75589e34
reloadAllAccessors: .LevelCrossing2

===========================================================================================
----------------- testing Fri Dec 20 06:19:50 UTC 2019 /home/travis/build/icyphy/ptII/ptolemy/domains/continuous/test/auto/LevelCrossing3.xml
----------------- Instantiating /home/travis/build/icyphy/ptII/ptolemy/domains/continuous/test/auto/LevelCrossing3.xml
2 ms. Memory: 270336K Free: 213236K (79%)
----------------- Invoking toplevel() on ptolemy.moml.MoMLSimpleApplication@aa4bbaf
----------------- Done invoking toplevel() on ptolemy.moml.MoMLSimpleApplication@aa4bbaf
reloadAllAccessors: .LevelCrossing3

===========================================================================================
----------------- testing Fri Dec 20 06:19:50 UTC 2019 /home/travis/build/icyphy/ptII/ptolemy/domains/continuous/test/auto/LevelCrossing4.xml
----------------- Instantiating /home/travis/build/icyphy/ptII/ptolemy/domains/continuous/test/auto/LevelCrossing4.xml
3 ms. Memory: 270336K Free: 208116K (77%)
----------------- Invoking toplevel() on ptolemy.moml.MoMLSimpleApplication@5de4bb0f
----------------- Done invoking toplevel() on ptolemy.moml.MoMLSimpleApplication@5de4bb0f
reloadAllAccessors: .LevelCrossing4

===========================================================================================
----------------- testing Fri Dec 20 06:19:50 UTC 2019 /home/travis/build/icyphy/ptII/ptolemy/domains/continuous/test/auto/LevelCrossing5.xml
----------------- Instantiating /home/travis/build/icyphy/ptII/ptolemy/domains/continuous/test/auto/LevelCrossing5.xml
3 ms. Memory: 270336K Free: 202996K (75%)
----------------- Invoking toplevel() on ptolemy.moml.MoMLSimpleApplication@61f8a2cc
----------------- Done invoking toplevel() on ptolemy.moml.MoMLSimpleApplication@61f8a2cc
reloadAllAccessors: .LevelCrossing5

===========================================================================================
[...]
----------------- testing Fri Dec 20 06:20:05 UTC 2019 /home/travis/build/icyphy/ptII/ptolemy/domains/continuous/test/auto/SRinContinuous.xml
----------------- Instantiating /home/travis/build/icyphy/ptII/ptolemy/domains/continuous/test/auto/SRinContinuous.xml
4 ms. Memory: 324608K Free: 228060K (70%)
----------------- Invoking toplevel() on ptolemy.moml.MoMLSimpleApplication@4f188999
----------------- Done invoking toplevel() on ptolemy.moml.MoMLSimpleApplication@4f188999
reloadAllAccessors: .SRinContinuous

===========================================================================================
----------------- testing Fri Dec 20 06:20:05 UTC 2019 /home/travis/build/icyphy/ptII/ptolemy/domains/continuous/test/auto/SampledClocks.xml
----------------- Instantiating /home/travis/build/icyphy/ptII/ptolemy/domains/continuous/test/auto/SampledClocks.xml
6 ms. Memory: 324608K Free: 215258K (66%)
----------------- Invoking toplevel() on ptolemy.moml.MoMLSimpleApplication@6d6d7656
----------------- Done invoking toplevel() on ptolemy.moml.MoMLSimpleApplication@6d6d7656
reloadAllAccessors: .SampledClocks

===========================================================================================
----------------- testing Fri Dec 20 06:20:05 UTC 2019 /home/travis/build/icyphy/ptII/ptolemy/domains/continuous/test/auto/Satellite.xml
----------------- Instantiating /home/travis/build/icyphy/ptII/ptolemy/domains/continuous/test/auto/Satellite.xml
705 ms. Memory: 324608K Free: 214467K (66%)
----------------- Invoking toplevel() on ptolemy.moml.MoMLSimpleApplication@64d259ae
----------------- Done invoking toplevel() on ptolemy.moml.MoMLSimpleApplication@64d259ae
reloadAllAccessors: .Satellite

===========================================================================================
----------------- testing Fri Dec 20 06:20:06 UTC 2019 /home/travis/build/icyphy/ptII/ptolemy/domains/continuous/test/auto/SigmaDelta.xml
----------------- Instantiating /home/travis/build/icyphy/ptII/ptolemy/domains/continuous/test/auto/SigmaDelta.xml
1934 ms. Memory: 324608K Free: 145872K (45%)
----------------- Invoking toplevel() on ptolemy.moml.MoMLSimpleApplication@764de023
----------------- Done invoking toplevel() on ptolemy.moml.MoMLSimpleApplication@764de023
reloadAllAccessors: .SigmaDelta

===========================================================================================
----------------- testing Fri Dec 20 06:20:08 UTC 2019 /home/travis/build/icyphy/ptII/ptolemy/domains/continuous/test/auto/SingleRefinement.xml
----------------- Instantiating /home/travis/build/icyphy/ptII/ptolemy/domains/continuous/test/auto/SingleRefinement.xml
292 ms. Memory: 324608K Free: 155295K (48%)
----------------- Invoking toplevel() on ptolemy.moml.MoMLSimpleApplication@657f927a
----------------- Done invoking toplevel() on ptolemy.moml.MoMLSimpleApplication@657f927a
reloadAllAccessors: .SingleRefinement

===========================================================================================
----------------- testing Fri Dec 20 06:20:08 UTC 2019 /home/travis/build/icyphy/ptII/ptolemy/domains/continuous/test/auto/SinuBouncingBall.xml
----------------- Instantiating /home/travis/build/icyphy/ptII/ptolemy/domains/continuous/test/auto/SinuBouncingBall.xml
698 ms. Memory: 324608K Free: 132616K (41%)
----------------- Invoking toplevel() on ptolemy.moml.MoMLSimpleApplication@3eaae6b8
----------------- Done invoking toplevel() on ptolemy.moml.MoMLSimpleApplication@3eaae6b8
reloadAllAccessors: .SinuBouncingBall

===========================================================================================
----------------- testing Fri Dec 20 06:20:09 UTC 2019 /home/travis/build/icyphy/ptII/ptolemy/domains/continuous/test/auto/Sinusoid.xml
----------------- Instantiating /home/travis/build/icyphy/ptII/ptolemy/domains/continuous/test/auto/Sinusoid.xml
4 ms. Memory: 324608K Free: 128276K (40%)
----------------- Invoking toplevel() on ptolemy.moml.MoMLSimpleApplication@33f52f96
----------------- Done invoking toplevel() on ptolemy.moml.MoMLSimpleApplication@33f52f96
reloadAllAccessors: .Sinusoid

===========================================================================================
----------------- testing Fri Dec 20 06:20:09 UTC 2019 /home/travis/build/icyphy/ptII/ptolemy/domains/continuous/test/auto/SinusoidInNoise.xml
----------------- Instantiating /home/travis/build/icyphy/ptII/ptolemy/domains/continuous/test/auto/SinusoidInNoise.xml
700 ms. Memory: 324608K Free: 186393K (57%)
----------------- Invoking toplevel() on ptolemy.moml.MoMLSimpleApplication@68179614
----------------- Done invoking toplevel() on ptolemy.moml.MoMLSimpleApplication@68179614
reloadAllAccessors: .SinusoidInNoise

===========================================================================================
----------------- testing Fri Dec 20 06:20:10 UTC 2019 /home/travis/build/icyphy/ptII/ptolemy/domains/continuous/test/auto/SinusoidRK45.xml
----------------- Instantiating /home/travis/build/icyphy/ptII/ptolemy/domains/continuous/test/auto/SinusoidRK45.xml
2 ms. Memory: 324608K Free: 182283K (56%)
----------------- Invoking toplevel() on ptolemy.moml.MoMLSimpleApplication@6bc96bdb
----------------- Done invoking toplevel() on ptolemy.moml.MoMLSimpleApplication@6bc96bdb
reloadAllAccessors: .SinusoidRK45

===========================================================================================
----------------- testing Fri Dec 20 06:20:10 UTC 2019 /home/travis/build/icyphy/ptII/ptolemy/domains/continuous/test/auto/SinusoidWithMultipleImpulses.xml
----------------- Instantiating /home/travis/build/icyphy/ptII/ptolemy/domains/continuous/test/auto/SinusoidWithMultipleImpulses.xml
3 ms. Memory: 324608K Free: 177691K (55%)
----------------- Invoking toplevel() on ptolemy.moml.MoMLSimpleApplication@3e5434ea
----------------- Done invoking toplevel() on ptolemy.moml.MoMLSimpleApplication@3e5434ea
reloadAllAccessors: .SinusoidWithMultipleImpulses

===========================================================================================
----------------- testing Fri Dec 20 06:20:10 UTC 2019 /home/travis/build/icyphy/ptII/ptolemy/domains/continuous/test/auto/SquareWave.xml
----------------- Instantiating /home/travis/build/icyphy/ptII/ptolemy/domains/continuous/test/auto/SquareWave.xml
114 ms. Memory: 324608K Free: 150553K (46%)
----------------- Invoking toplevel() on ptolemy.moml.MoMLSimpleApplication@1dce7797
----------------- Done invoking toplevel() on ptolemy.moml.MoMLSimpleApplication@1dce7797
reloadAllAccessors: .SquareWave

===========================================================================================
----------------- testing Fri Dec 20 06:20:10 UTC 2019 /home/travis/build/icyphy/ptII/ptolemy/domains/continuous/test/auto/Starmac.xml
----------------- Instantiating /home/travis/build/icyphy/ptII/ptolemy/domains/continuous/test/auto/Starmac.xml
3063 ms. Memory: 324608K Free: 222850K (69%)
----------------- Invoking toplevel() on ptolemy.moml.MoMLSimpleApplication@78574d2
----------------- Done invoking toplevel() on ptolemy.moml.MoMLSimpleApplication@78574d2
reloadAllAccessors: .Starmac

===========================================================================================
----------------- testing Fri Dec 20 06:20:13 UTC 2019 /home/travis/build/icyphy/ptII/ptolemy/domains/continuous/test/auto/StaticUnits.xml
----------------- Instantiating /home/travis/build/icyphy/ptII/ptolemy/domains/continuous/test/auto/StaticUnits.xml
1598 ms. Memory: 324608K Free: 146024K (45%)
----------------- Invoking toplevel() on ptolemy.moml.MoMLSimpleApplication@b5cc0ba
----------------- Done invoking toplevel() on ptolemy.moml.MoMLSimpleApplication@b5cc0ba
reloadAllAccessors: .StaticUnits

===========================================================================================
----------------- testing Fri Dec 20 06:20:15 UTC 2019 /home/travis/build/icyphy/ptII/ptolemy/domains/continuous/test/auto/StickyMasses.xml
----------------- Instantiating /home/travis/build/icyphy/ptII/ptolemy/domains/continuous/test/auto/StickyMasses.xml
143 ms. Memory: 324608K Free: 285721K (88%)
----------------- Invoking toplevel() on ptolemy.moml.MoMLSimpleApplication@1db6e909
----------------- Done invoking toplevel() on ptolemy.moml.MoMLSimpleApplication@1db6e909
reloadAllAccessors: .StickyMasses

===========================================================================================
----------------- testing Fri Dec 20 06:20:15 UTC 2019 /home/travis/build/icyphy/ptII/ptolemy/domains/continuous/test/auto/StopTime.xml
----------------- Instantiating /home/travis/build/icyphy/ptII/ptolemy/domains/continuous/test/auto/StopTime.xml
35 ms. Memory: 324608K Free: 260600K (80%)
----------------- Invoking toplevel() on ptolemy.moml.MoMLSimpleApplication@6559609f
----------------- Done invoking toplevel() on ptolemy.moml.MoMLSimpleApplication@6559609f
reloadAllAccessors: .StopTime

===========================================================================================
----------------- testing Fri Dec 20 06:20:16 UTC 2019 /home/travis/build/icyphy/ptII/ptolemy/domains/continuous/test/auto/StopTime2.xml
----------------- Instantiating /home/travis/build/icyphy/ptII/ptolemy/domains/continuous/test/auto/StopTime2.xml
29 ms. Memory: 324608K Free: 238617K (74%)
----------------- Invoking toplevel() on ptolemy.moml.MoMLSimpleApplication@3630922e
----------------- Done invoking toplevel() on ptolemy.moml.MoMLSimpleApplication@3630922e
reloadAllAccessors: .StopTime2

===========================================================================================
----------------- testing Fri Dec 20 06:20:16 UTC 2019 /home/travis/build/icyphy/ptII/ptolemy/domains/continuous/test/auto/Switch.xml
----------------- Instantiating /home/travis/build/icyphy/ptII/ptolemy/domains/continuous/test/auto/Switch.xml
36 ms. Memory: 324608K Free: 214041K (66%)
----------------- Invoking toplevel() on ptolemy.moml.MoMLSimpleApplication@48df7395
----------------- Done invoking toplevel() on ptolemy.moml.MoMLSimpleApplication@48df7395
reloadAllAccessors: .Switch

===========================================================================================
----------------- testing Fri Dec 20 06:20:16 UTC 2019 /home/travis/build/icyphy/ptII/ptolemy/domains/continuous/test/auto/Thermostat.xml
----------------- Instantiating /home/travis/build/icyphy/ptII/ptolemy/domains/continuous/test/auto/Thermostat.xml
165 ms. Memory: 324608K Free: 141847K (44%)
----------------- Invoking toplevel() on ptolemy.moml.MoMLSimpleApplication@5b2f8005
----------------- Done invoking toplevel() on ptolemy.moml.MoMLSimpleApplication@5b2f8005
reloadAllAccessors: .Thermostat

===========================================================================================
----------------- testing Fri Dec 20 06:20:16 UTC 2019 /home/travis/build/icyphy/ptII/ptolemy/domains/continuous/test/auto/TimeDelay.xml
----------------- Instantiating /home/travis/build/icyphy/ptII/ptolemy/domains/continuous/test/auto/TimeDelay.xml
4 ms. Memory: 324608K Free: 137241K (42%)
----------------- Invoking toplevel() on ptolemy.moml.MoMLSimpleApplication@5c64660
----------------- Done invoking toplevel() on ptolemy.moml.MoMLSimpleApplication@5c64660
reloadAllAccessors: .TimeDelay

===========================================================================================
----------------- testing Fri Dec 20 06:20:16 UTC 2019 /home/travis/build/icyphy/ptII/ptolemy/domains/continuous/test/auto/TimeDelay2.xml
----------------- Instantiating /home/travis/build/icyphy/ptII/ptolemy/domains/continuous/test/auto/TimeDelay2.xml
6 ms. Memory: 324608K Free: 127511K (39%)
----------------- Invoking toplevel() on ptolemy.moml.MoMLSimpleApplication@5615ee1
----------------- Done invoking toplevel() on ptolemy.moml.MoMLSimpleApplication@5615ee1
reloadAllAccessors: .TimeDelay2

===========================================================================================
----------------- testing Fri Dec 20 06:20:16 UTC 2019 /home/travis/build/icyphy/ptII/ptolemy/domains/continuous/test/auto/TimeDelay3.xml
----------------- Instantiating /home/travis/build/icyphy/ptII/ptolemy/domains/continuous/test/auto/TimeDelay3.xml
2 ms. Memory: 324608K Free: 122905K (38%)
----------------- Invoking toplevel() on ptolemy.moml.MoMLSimpleApplication@37e1a3af
----------------- Done invoking toplevel() on ptolemy.moml.MoMLSimpleApplication@37e1a3af
reloadAllAccessors: .TimeDelay3

===========================================================================================
----------------- testing Fri Dec 20 06:20:16 UTC 2019 /home/travis/build/icyphy/ptII/ptolemy/domains/continuous/test/auto/TransferAbsentToInside.xml
----------------- Instantiating /home/travis/build/icyphy/ptII/ptolemy/domains/continuous/test/auto/TransferAbsentToInside.xml
26 ms. Memory: 324608K Free: 259091K (80%)
----------------- Invoking toplevel() on ptolemy.moml.MoMLSimpleApplication@50c0e10a
----------------- Done invoking toplevel() on ptolemy.moml.MoMLSimpleApplication@50c0e10a
reloadAllAccessors: .TransferAbsentToInside

===========================================================================================
----------------- testing Fri Dec 20 06:20:16 UTC 2019 /home/travis/build/icyphy/ptII/ptolemy/domains/continuous/test/auto/Transmission.xml
----------------- Instantiating /home/travis/build/icyphy/ptII/ptolemy/domains/continuous/test/auto/Transmission.xml
729 ms. Memory: 324608K Free: 218618K (67%)
----------------- Invoking toplevel() on ptolemy.moml.MoMLSimpleApplication@4a8e1556
----------------- Done invoking toplevel() on ptolemy.moml.MoMLSimpleApplication@4a8e1556
reloadAllAccessors: .Transmission

===========================================================================================
----------------- testing Fri Dec 20 06:20:17 UTC 2019 /home/travis/build/icyphy/ptII/ptolemy/domains/continuous/test/auto/TriggeredContinuousClock.xml
----------------- Instantiating /home/travis/build/icyphy/ptII/ptolemy/domains/continuous/test/auto/TriggeredContinuousClock.xml
35 ms. Memory: 324608K Free: 189451K (58%)
----------------- Invoking toplevel() on ptolemy.moml.MoMLSimpleApplication@6fdb2dba
----------------- Done invoking toplevel() on ptolemy.moml.MoMLSimpleApplication@6fdb2dba
reloadAllAccessors: .TriggeredContinuousClock

===========================================================================================
----------------- testing Fri Dec 20 06:20:17 UTC 2019 /home/travis/build/icyphy/ptII/ptolemy/domains/continuous/test/auto/TwoMachineInfiniteBusControl.xml
----------------- Instantiating /home/travis/build/icyphy/ptII/ptolemy/domains/continuous/test/auto/TwoMachineInfiniteBusControl.xml
2408 ms. Memory: 324608K Free: 172998K (53%)
----------------- Invoking toplevel() on ptolemy.moml.MoMLSimpleApplication@48106ccc
----------------- Done invoking toplevel() on ptolemy.moml.MoMLSimpleApplication@48106ccc
reloadAllAccessors: .TwoMachineInfiniteBusControl

===========================================================================================
----------------- testing Fri Dec 20 06:20:19 UTC 2019 /home/travis/build/icyphy/ptII/ptolemy/domains/continuous/test/auto/V2V.xml
----------------- Instantiating /home/travis/build/icyphy/ptII/ptolemy/domains/continuous/test/auto/V2V.xml
675 ms. Memory: 324608K Free: 174527K (54%)
----------------- Invoking toplevel() on ptolemy.moml.MoMLSimpleApplication@6f84a6b9
----------------- Done invoking toplevel() on ptolemy.moml.MoMLSimpleApplication@6f84a6b9
reloadAllAccessors: .V2V

===========================================================================================
----------------- testing Fri Dec 20 06:20:20 UTC 2019 /home/travis/build/icyphy/ptII/ptolemy/domains/continuous/test/auto/hierarchicalModalModel.xml
----------------- Instantiating /home/travis/build/icyphy/ptII/ptolemy/domains/continuous/test/auto/hierarchicalModalModel.xml
7 ms. Memory: 324608K Free: 160183K (49%)
----------------- Invoking toplevel() on ptolemy.moml.MoMLSimpleApplication@368f52dd
----------------- Done invoking toplevel() on ptolemy.moml.MoMLSimpleApplication@368f52dd
reloadAllAccessors: .hierarchicalModalModel

===========================================================================================
----------------- testing Fri Dec 20 06:20:20 UTC 2019 /home/travis/build/icyphy/ptII/ptolemy/domains/continuous/test/auto/hierarchicalModalModel1.xml
----------------- Instantiating /home/travis/build/icyphy/ptII/ptolemy/domains/continuous/test/auto/hierarchicalModalModel1.xml
8 ms. Memory: 324608K Free: 145862K (45%)
----------------- Invoking toplevel() on ptolemy.moml.MoMLSimpleApplication@3a0dd589
----------------- Done invoking toplevel() on ptolemy.moml.MoMLSimpleApplication@3a0dd589
reloadAllAccessors: .hierarchicalModalModel1

===========================================================================================
----------------- testing Fri Dec 20 06:20:20 UTC 2019 /home/travis/build/icyphy/ptII/ptolemy/domains/continuous/test/auto/hierarchicalModalModel2.xml
----------------- Instantiating /home/travis/build/icyphy/ptII/ptolemy/domains/continuous/test/auto/hierarchicalModalModel2.xml
5 ms. Memory: 324608K Free: 133559K (41%)
----------------- Invoking toplevel() on ptolemy.moml.MoMLSimpleApplication@39a33b99
----------------- Done invoking toplevel() on ptolemy.moml.MoMLSimpleApplication@39a33b99
reloadAllAccessors: .hierarchicalModalModel2

===========================================================================================
----------------- testing Fri Dec 20 06:20:20 UTC 2019 /home/travis/build/icyphy/ptII/ptolemy/domains/continuous/test/auto/hierarchicalModalModel3.xml
----------------- Instantiating /home/travis/build/icyphy/ptII/ptolemy/domains/continuous/test/auto/hierarchicalModalModel3.xml
7 ms. Memory: 324608K Free: 122824K (38%)
----------------- Invoking toplevel() on ptolemy.moml.MoMLSimpleApplication@24234231
----------------- Done invoking toplevel() on ptolemy.moml.MoMLSimpleApplication@24234231
reloadAllAccessors: .hierarchicalModalModel3

===========================================================================================
----------------- testing Fri Dec 20 06:20:20 UTC 2019 /home/travis/build/icyphy/ptII/ptolemy/domains/continuous/test/auto/hierarchicalModalModel4.xml
----------------- Instantiating /home/travis/build/icyphy/ptII/ptolemy/domains/continuous/test/auto/hierarchicalModalModel4.xml
4 ms. Memory: 324608K Free: 299967K (92%)
----------------- Invoking toplevel() on ptolemy.moml.MoMLSimpleApplication@4a738f2d
----------------- Done invoking toplevel() on ptolemy.moml.MoMLSimpleApplication@4a738f2d
reloadAllAccessors: .hierarchicalModalModel4

===========================================================================================
----------------- testing Fri Dec 20 06:20:20 UTC 2019 /home/travis/build/icyphy/ptII/ptolemy/domains/continuous/test/auto/junk.xml
----------------- Instantiating /home/travis/build/icyphy/ptII/ptolemy/domains/continuous/test/auto/junk.xml
98 ms. Memory: 324608K Free: 272319K (84%)
----------------- Invoking toplevel() on ptolemy.moml.MoMLSimpleApplication@5b38313d
----------------- Done invoking toplevel() on ptolemy.moml.MoMLSimpleApplication@5b38313d
reloadAllAccessors: .junk
AutoTests.java: About to close Vertx.
AutoTests.java: Vertx closed.
]]></system-out>
  <system-err><![CDATA[Warning: '.HysteresisWithRandomDelay.NonStrictTest3' The test produced only 19 tokens, yet the correctValues parameter was expecting 30 tokens.
Warning: '.IncreasingRatePoisson.NonStrictTest' The test produced only 376 tokens, yet the correctValues parameter was expecting 402 tokens.
Warning: '.Poisson.NonStrictTest' The test produced only 407 tokens, yet the correctValues parameter was expecting 430 tokens.
]]></system-err>
</testsuite>
