<?xml version="1.0" encoding="UTF-8" ?>
<testsuite errors="0" failures="0" hostname="travis-job-72374447-c7e7-40d7-9e69-663d5399986d" name="ptolemy.domains.hdf.kernel.test.junit.JUnitTclTest" skipped="0" tests="39" time="7.081" timestamp="2019-10-29T06:12:12">
  <properties>
[...]
</properties>
  <testcase classname="ptolemy.util.test.junit.TclTests" name="[0] /home/travis/build/icyphy/ptII/ptolemy/domains/hdf/kernel/test/RateErrorChecking.tcl (RunTclFile)" time="0.22" />
  <testcase classname="ptolemy.util.test.junit.AutoKnownFailedTests" name="[0] /home/travis/build/icyphy/ptII/ptolemy/domains/hdf/kernel/test/auto/knownFailedTests/badFSMRateChanges.xml (RunModel)" time="0.845" />
  <testcase classname="ptolemy.util.test.junit.AutoNameArchTests" name="[0] ThereAreNoAutoArchTests (RunModel)" time="0.001" />
  <testcase classname="ptolemy.util.test.junit.AutoTests" name="[0] /home/travis/build/icyphy/ptII/ptolemy/domains/hdf/kernel/test/auto/ConstVariableRateTest.xml (RunModel)" time="0.293" />
  <testcase classname="ptolemy.util.test.junit.AutoTests" name="[1] /home/travis/build/icyphy/ptII/ptolemy/domains/hdf/kernel/test/auto/DifferentRefinedRates.xml (RunModel)" time="0.238" />
  <testcase classname="ptolemy.util.test.junit.AutoTests" name="[2] /home/travis/build/icyphy/ptII/ptolemy/domains/hdf/kernel/test/auto/DifferentRefinedRates2.xml (RunModel)" time="0.23" />
  <testcase classname="ptolemy.util.test.junit.AutoTests" name="[3] /home/travis/build/icyphy/ptII/ptolemy/domains/hdf/kernel/test/auto/DifferentRefinedRates3.xml (RunModel)" time="0.117" />
  <testcase classname="ptolemy.util.test.junit.AutoTests" name="[4] /home/travis/build/icyphy/ptII/ptolemy/domains/hdf/kernel/test/auto/DifferentRefinedRates4.xml (RunModel)" time="0.244" />
  <testcase classname="ptolemy.util.test.junit.AutoTests" name="[5] /home/travis/build/icyphy/ptII/ptolemy/domains/hdf/kernel/test/auto/DifferentRefinedRates5.xml (RunModel)" time="0.143" />
  <testcase classname="ptolemy.util.test.junit.AutoTests" name="[6] /home/travis/build/icyphy/ptII/ptolemy/domains/hdf/kernel/test/auto/DifferentRefinedRates6.xml (RunModel)" time="0.11" />
  <testcase classname="ptolemy.util.test.junit.AutoTests" name="[7] /home/travis/build/icyphy/ptII/ptolemy/domains/hdf/kernel/test/auto/DownSample_PowerOfTwo.xml (RunModel)" time="0.217" />
  <testcase classname="ptolemy.util.test.junit.AutoTests" name="[8] /home/travis/build/icyphy/ptII/ptolemy/domains/hdf/kernel/test/auto/FibonacciWithNullInitial.xml (RunModel)" time="0.235" />
  <testcase classname="ptolemy.util.test.junit.AutoTests" name="[9] /home/travis/build/icyphy/ptII/ptolemy/domains/hdf/kernel/test/auto/FibonacciWithNullInitial1.xml (RunModel)" time="0.211" />
  <testcase classname="ptolemy.util.test.junit.AutoTests" name="[10] /home/travis/build/icyphy/ptII/ptolemy/domains/hdf/kernel/test/auto/FibonacciWithTransientStates.xml (RunModel)" time="0.189" />
  <testcase classname="ptolemy.util.test.junit.AutoTests" name="[11] /home/travis/build/icyphy/ptII/ptolemy/domains/hdf/kernel/test/auto/FibonacciWithTransientStates2.xml (RunModel)" time="0.142" />
  <testcase classname="ptolemy.util.test.junit.AutoTests" name="[12] /home/travis/build/icyphy/ptII/ptolemy/domains/hdf/kernel/test/auto/FibonacciWithoutHistoryInitial.xml (RunModel)" time="0.176" />
  <testcase classname="ptolemy.util.test.junit.AutoTests" name="[13] /home/travis/build/icyphy/ptII/ptolemy/domains/hdf/kernel/test/auto/GuardUsingPastTokens.xml (RunModel)" time="0.102" />
  <testcase classname="ptolemy.util.test.junit.AutoTests" name="[14] /home/travis/build/icyphy/ptII/ptolemy/domains/hdf/kernel/test/auto/GuardWithResets.xml (RunModel)" time="0.13" />
  <testcase classname="ptolemy.util.test.junit.AutoTests" name="[15] /home/travis/build/icyphy/ptII/ptolemy/domains/hdf/kernel/test/auto/Hierarchy_2Level_Test1.xml (RunModel)" time="0.092" />
  <testcase classname="ptolemy.util.test.junit.AutoTests" name="[16] /home/travis/build/icyphy/ptII/ptolemy/domains/hdf/kernel/test/auto/Hierarchy_2Level_Test2.xml (RunModel)" time="0.098" />
  <testcase classname="ptolemy.util.test.junit.AutoTests" name="[17] /home/travis/build/icyphy/ptII/ptolemy/domains/hdf/kernel/test/auto/Hysteresis.xml (RunModel)" time="0.057" />
  <testcase classname="ptolemy.util.test.junit.AutoTests" name="[18] /home/travis/build/icyphy/ptII/ptolemy/domains/hdf/kernel/test/auto/InitTransient.xml (RunModel)" time="0.107" />
  <testcase classname="ptolemy.util.test.junit.AutoTests" name="[19] /home/travis/build/icyphy/ptII/ptolemy/domains/hdf/kernel/test/auto/Merge.xml (RunModel)" time="0.089" />
  <testcase classname="ptolemy.util.test.junit.AutoTests" name="[20] /home/travis/build/icyphy/ptII/ptolemy/domains/hdf/kernel/test/auto/ModalModelBooleanSwitch.xml (RunModel)" time="0.119" />
  <testcase classname="ptolemy.util.test.junit.AutoTests" name="[21] /home/travis/build/icyphy/ptII/ptolemy/domains/hdf/kernel/test/auto/SameRates.xml (RunModel)" time="0.073" />
  <testcase classname="ptolemy.util.test.junit.AutoTests" name="[22] /home/travis/build/icyphy/ptII/ptolemy/domains/hdf/kernel/test/auto/SameRefinedRates.xml (RunModel)" time="0.085" />
  <testcase classname="ptolemy.util.test.junit.AutoTests" name="[23] /home/travis/build/icyphy/ptII/ptolemy/domains/hdf/kernel/test/auto/SameRefinedRates2.xml (RunModel)" time="0.053" />
  <testcase classname="ptolemy.util.test.junit.AutoTests" name="[24] /home/travis/build/icyphy/ptII/ptolemy/domains/hdf/kernel/test/auto/TransientStates.xml (RunModel)" time="0.087" />
  <testcase classname="ptolemy.util.test.junit.AutoTests" name="[25] /home/travis/build/icyphy/ptII/ptolemy/domains/hdf/kernel/test/auto/TwoHammingCodec.xml (RunModel)" time="0.101" />
  <testcase classname="ptolemy.util.test.junit.AutoTests" name="[26] /home/travis/build/icyphy/ptII/ptolemy/domains/hdf/kernel/test/auto/TwoHammingCodec1.xml (RunModel)" time="0.106" />
  <testcase classname="ptolemy.util.test.junit.AutoTests" name="[27] /home/travis/build/icyphy/ptII/ptolemy/domains/hdf/kernel/test/auto/TwoLevelHierarchy.xml (RunModel)" time="0.186" />
  <testcase classname="ptolemy.util.test.junit.AutoTests" name="[28] /home/travis/build/icyphy/ptII/ptolemy/domains/hdf/kernel/test/auto/TwoLevelHierarchy1.xml (RunModel)" time="0.165" />
  <testcase classname="ptolemy.util.test.junit.AutoTests" name="[29] /home/travis/build/icyphy/ptII/ptolemy/domains/hdf/kernel/test/auto/TwoLevelHierarchy2.xml (RunModel)" time="0.172" />
  <testcase classname="ptolemy.util.test.junit.AutoTests" name="[30] /home/travis/build/icyphy/ptII/ptolemy/domains/hdf/kernel/test/auto/TwoLevelHierarchyNullStates.xml (RunModel)" time="0.214" />
  <testcase classname="ptolemy.util.test.junit.AutoTests" name="[31] /home/travis/build/icyphy/ptII/ptolemy/domains/hdf/kernel/test/auto/TwoLevelHierarchyWithResets.xml (RunModel)" time="0.203" />
  <testcase classname="ptolemy.util.test.junit.AutoTests" name="[32] /home/travis/build/icyphy/ptII/ptolemy/domains/hdf/kernel/test/auto/TwoLevelHierarchyWithResetsNullStates.xml (RunModel)" time="0.206" />
  <testcase classname="ptolemy.util.test.junit.AutoTests" name="[33] /home/travis/build/icyphy/ptII/ptolemy/domains/hdf/kernel/test/auto/WaterTank_HDF.xml (RunModel)" time="0.116" />
  <testcase classname="ptolemy.util.test.junit.AutoTests" name="[34] /home/travis/build/icyphy/ptII/ptolemy/domains/hdf/kernel/test/auto/WaterTank_HDF2.xml (RunModel)" time="0.168" />
  <testcase classname="ptolemy.util.test.junit.AutoTests" name="[35] /home/travis/build/icyphy/ptII/ptolemy/domains/hdf/kernel/test/auto/badFSMRateChanges.xml (RunModel)" time="0.065" />
  <system-out><![CDATA[/home/travis/build/icyphy/ptII/ptolemy/domains/hdf/kernel/test/RateErrorChecking.tcl
testDefs.tcl: setting time out to 9000 seconds at Tue Oct 29 06:12:13 UTC 2019


==== $PTII/ptolemy/domains/hdf/kernel/test/RateErrorChecking.tcl: RateErrorChecking-1.0 
==== Contents of test case:

    catch {createAndExecute "badFSMRateChanges.xml"} foo
    list $foo

==== Result was:
{java.io.FileNotFoundException: /home/travis/build/icyphy/ptII/ptolemy/domains/hdf/kernel/test/badFSMRateChanges.xml (No such file or directory)}
---- KNOWN Failure, Result should have been:
{ptolemy.kernel.util.IllegalActionException: Failed to compute schedule:
  in .badFSMRateChanges.SDF Director
Because:
The SDF rate parameter may change. This is not allowed in SDF models that will be run through the code generator.  If you don't care about code generation, then you might consider setting the allowRateChanges parameter of the SDF director to false.
    in .badFSMRateChanges.typed composite actor.output.tokenProductionRate}
---- RateErrorChecking-1.0 Failed, but this is a KNOWN failure
10/29/19 06:12:13
Failed: 0  Total Tests: 1  ((Passed: 0, Newly Passed: 0)  Known Failed: 1) /home/travis/build/icyphy/ptII/ptolemy/domains/hdf/kernel/test
----------------- testing (KnownFailure) /home/travis/build/icyphy/ptII/ptolemy/domains/hdf/kernel/test/auto/knownFailedTests/badFSMRateChanges.xml
282 ms. Memory: 120832K Free: 70596K (58%)
No auto/linux-amd64/*.xml tests in /home/travis/build/icyphy/ptII/ptolemy/domains/hdf/kernel/test
AutoTests.java: About to close Vertx.
AutoTests.java: Vertx closed.

===========================================================================================
----------------- testing Tue Oct 29 06:12:14 UTC 2019 /home/travis/build/icyphy/ptII/ptolemy/domains/hdf/kernel/test/auto/ConstVariableRateTest.xml
----------------- Instantiating /home/travis/build/icyphy/ptII/ptolemy/domains/hdf/kernel/test/auto/ConstVariableRateTest.xml
80 ms. Memory: 120832K Free: 85556K (71%)
----------------- Invoking toplevel() on ptolemy.moml.MoMLSimpleApplication@16c912ca
----------------- Done invoking toplevel() on ptolemy.moml.MoMLSimpleApplication@16c912ca
reloadAllAccessors: .ConstVariableRateTest

===========================================================================================
----------------- testing Tue Oct 29 06:12:14 UTC 2019 /home/travis/build/icyphy/ptII/ptolemy/domains/hdf/kernel/test/auto/DifferentRefinedRates.xml
----------------- Instantiating /home/travis/build/icyphy/ptII/ptolemy/domains/hdf/kernel/test/auto/DifferentRefinedRates.xml
108 ms. Memory: 120832K Free: 97785K (81%)
----------------- Invoking toplevel() on ptolemy.moml.MoMLSimpleApplication@769b47da
----------------- Done invoking toplevel() on ptolemy.moml.MoMLSimpleApplication@769b47da
reloadAllAccessors: .DifferentRefinedRates

===========================================================================================
----------------- testing Tue Oct 29 06:12:15 UTC 2019 /home/travis/build/icyphy/ptII/ptolemy/domains/hdf/kernel/test/auto/DifferentRefinedRates2.xml
----------------- Instantiating /home/travis/build/icyphy/ptII/ptolemy/domains/hdf/kernel/test/auto/DifferentRefinedRates2.xml
96 ms. Memory: 120832K Free: 83806K (69%)
----------------- Invoking toplevel() on ptolemy.moml.MoMLSimpleApplication@19e717bd
----------------- Done invoking toplevel() on ptolemy.moml.MoMLSimpleApplication@19e717bd
reloadAllAccessors: .DifferentRefinedRates2

===========================================================================================
----------------- testing Tue Oct 29 06:12:15 UTC 2019 /home/travis/build/icyphy/ptII/ptolemy/domains/hdf/kernel/test/auto/DifferentRefinedRates3.xml
----------------- Instantiating /home/travis/build/icyphy/ptII/ptolemy/domains/hdf/kernel/test/auto/DifferentRefinedRates3.xml
56 ms. Memory: 120832K Free: 73239K (61%)
----------------- Invoking toplevel() on ptolemy.moml.MoMLSimpleApplication@39c34421
----------------- Done invoking toplevel() on ptolemy.moml.MoMLSimpleApplication@39c34421
reloadAllAccessors: .DifferentRefinedRates3

===========================================================================================
----------------- testing Tue Oct 29 06:12:15 UTC 2019 /home/travis/build/icyphy/ptII/ptolemy/domains/hdf/kernel/test/auto/DifferentRefinedRates4.xml
----------------- Instantiating /home/travis/build/icyphy/ptII/ptolemy/domains/hdf/kernel/test/auto/DifferentRefinedRates4.xml
82 ms. Memory: 120832K Free: 97902K (81%)
----------------- Invoking toplevel() on ptolemy.moml.MoMLSimpleApplication@1f8fb3e2
----------------- Done invoking toplevel() on ptolemy.moml.MoMLSimpleApplication@1f8fb3e2
reloadAllAccessors: .NewHDFtest1

===========================================================================================
----------------- testing Tue Oct 29 06:12:15 UTC 2019 /home/travis/build/icyphy/ptII/ptolemy/domains/hdf/kernel/test/auto/DifferentRefinedRates5.xml
----------------- Instantiating /home/travis/build/icyphy/ptII/ptolemy/domains/hdf/kernel/test/auto/DifferentRefinedRates5.xml
82 ms. Memory: 120832K Free: 82550K (68%)
----------------- Invoking toplevel() on ptolemy.moml.MoMLSimpleApplication@790f9bb5
----------------- Done invoking toplevel() on ptolemy.moml.MoMLSimpleApplication@790f9bb5
reloadAllAccessors: .NewHDFtest2

===========================================================================================
----------------- testing Tue Oct 29 06:12:15 UTC 2019 /home/travis/build/icyphy/ptII/ptolemy/domains/hdf/kernel/test/auto/DifferentRefinedRates6.xml
----------------- Instantiating /home/travis/build/icyphy/ptII/ptolemy/domains/hdf/kernel/test/auto/DifferentRefinedRates6.xml
41 ms. Memory: 120832K Free: 69593K (58%)
----------------- Invoking toplevel() on ptolemy.moml.MoMLSimpleApplication@668a6e4a
----------------- Done invoking toplevel() on ptolemy.moml.MoMLSimpleApplication@668a6e4a
reloadAllAccessors: .DifferentRefinedRates6

===========================================================================================
----------------- testing Tue Oct 29 06:12:15 UTC 2019 /home/travis/build/icyphy/ptII/ptolemy/domains/hdf/kernel/test/auto/DownSample_PowerOfTwo.xml
----------------- Instantiating /home/travis/build/icyphy/ptII/ptolemy/domains/hdf/kernel/test/auto/DownSample_PowerOfTwo.xml
183 ms. Memory: 120832K Free: 95231K (79%)
----------------- Invoking toplevel() on ptolemy.moml.MoMLSimpleApplication@33da9c49
----------------- Done invoking toplevel() on ptolemy.moml.MoMLSimpleApplication@33da9c49
reloadAllAccessors: .SDFDownSample

===========================================================================================
----------------- testing Tue Oct 29 06:12:16 UTC 2019 /home/travis/build/icyphy/ptII/ptolemy/domains/hdf/kernel/test/auto/FibonacciWithNullInitial.xml
----------------- Instantiating /home/travis/build/icyphy/ptII/ptolemy/domains/hdf/kernel/test/auto/FibonacciWithNullInitial.xml
171 ms. Memory: 120832K Free: 73121K (61%)
----------------- Invoking toplevel() on ptolemy.moml.MoMLSimpleApplication@36af1f54
----------------- Done invoking toplevel() on ptolemy.moml.MoMLSimpleApplication@36af1f54
reloadAllAccessors: .FibonacciWithNullInitial

===========================================================================================
----------------- testing Tue Oct 29 06:12:16 UTC 2019 /home/travis/build/icyphy/ptII/ptolemy/domains/hdf/kernel/test/auto/FibonacciWithNullInitial1.xml
----------------- Instantiating /home/travis/build/icyphy/ptII/ptolemy/domains/hdf/kernel/test/auto/FibonacciWithNullInitial1.xml
165 ms. Memory: 120832K Free: 52641K (44%)
----------------- Invoking toplevel() on ptolemy.moml.MoMLSimpleApplication@57d10fbd
----------------- Done invoking toplevel() on ptolemy.moml.MoMLSimpleApplication@57d10fbd
reloadAllAccessors: .FibonacciWithNullInitial1

===========================================================================================
----------------- testing Tue Oct 29 06:12:16 UTC 2019 /home/travis/build/icyphy/ptII/ptolemy/domains/hdf/kernel/test/auto/FibonacciWithTransientStates.xml
----------------- Instantiating /home/travis/build/icyphy/ptII/ptolemy/domains/hdf/kernel/test/auto/FibonacciWithTransientStates.xml
124 ms. Memory: 120832K Free: 87666K (73%)
----------------- Invoking toplevel() on ptolemy.moml.MoMLSimpleApplication@2062b0e0
----------------- Done invoking toplevel() on ptolemy.moml.MoMLSimpleApplication@2062b0e0
reloadAllAccessors: .FibonacciWithTransientStates

===========================================================================================
----------------- testing Tue Oct 29 06:12:16 UTC 2019 /home/travis/build/icyphy/ptII/ptolemy/domains/hdf/kernel/test/auto/FibonacciWithTransientStates2.xml
----------------- Instantiating /home/travis/build/icyphy/ptII/ptolemy/domains/hdf/kernel/test/auto/FibonacciWithTransientStates2.xml
52 ms. Memory: 120832K Free: 66200K (55%)
----------------- Invoking toplevel() on ptolemy.moml.MoMLSimpleApplication@9cdbe91
----------------- Done invoking toplevel() on ptolemy.moml.MoMLSimpleApplication@9cdbe91
reloadAllAccessors: .FibonacciWithTransientStates2

===========================================================================================
----------------- testing Tue Oct 29 06:12:16 UTC 2019 /home/travis/build/icyphy/ptII/ptolemy/domains/hdf/kernel/test/auto/FibonacciWithoutHistoryInitial.xml
----------------- Instantiating /home/travis/build/icyphy/ptII/ptolemy/domains/hdf/kernel/test/auto/FibonacciWithoutHistoryInitial.xml
102 ms. Memory: 120832K Free: 47270K (39%)
----------------- Invoking toplevel() on ptolemy.moml.MoMLSimpleApplication@f97b55
----------------- Done invoking toplevel() on ptolemy.moml.MoMLSimpleApplication@f97b55
reloadAllAccessors: .FibonacciWithoutHistoryInitial

===========================================================================================
----------------- testing Tue Oct 29 06:12:17 UTC 2019 /home/travis/build/icyphy/ptII/ptolemy/domains/hdf/kernel/test/auto/GuardUsingPastTokens.xml
----------------- Instantiating /home/travis/build/icyphy/ptII/ptolemy/domains/hdf/kernel/test/auto/GuardUsingPastTokens.xml
40 ms. Memory: 120832K Free: 103318K (86%)
----------------- Invoking toplevel() on ptolemy.moml.MoMLSimpleApplication@3990cb8b
----------------- Done invoking toplevel() on ptolemy.moml.MoMLSimpleApplication@3990cb8b
reloadAllAccessors: .GuardUsingPastTokens

===========================================================================================
----------------- testing Tue Oct 29 06:12:17 UTC 2019 /home/travis/build/icyphy/ptII/ptolemy/domains/hdf/kernel/test/auto/GuardWithResets.xml
----------------- Instantiating /home/travis/build/icyphy/ptII/ptolemy/domains/hdf/kernel/test/auto/GuardWithResets.xml
55 ms. Memory: 120832K Free: 85755K (71%)
----------------- Invoking toplevel() on ptolemy.moml.MoMLSimpleApplication@48d3f7b1
----------------- Done invoking toplevel() on ptolemy.moml.MoMLSimpleApplication@48d3f7b1
reloadAllAccessors: .GuardWithResets

===========================================================================================
----------------- testing Tue Oct 29 06:12:17 UTC 2019 /home/travis/build/icyphy/ptII/ptolemy/domains/hdf/kernel/test/auto/Hierarchy_2Level_Test1.xml
----------------- Instantiating /home/travis/build/icyphy/ptII/ptolemy/domains/hdf/kernel/test/auto/Hierarchy_2Level_Test1.xml
32 ms. Memory: 120832K Free: 68740K (57%)
----------------- Invoking toplevel() on ptolemy.moml.MoMLSimpleApplication@77cccebd
----------------- Done invoking toplevel() on ptolemy.moml.MoMLSimpleApplication@77cccebd
reloadAllAccessors: .Hierarchy_2Level_Test1

===========================================================================================
----------------- testing Tue Oct 29 06:12:17 UTC 2019 /home/travis/build/icyphy/ptII/ptolemy/domains/hdf/kernel/test/auto/Hierarchy_2Level_Test2.xml
----------------- Instantiating /home/travis/build/icyphy/ptII/ptolemy/domains/hdf/kernel/test/auto/Hierarchy_2Level_Test2.xml
35 ms. Memory: 120832K Free: 50963K (42%)
----------------- Invoking toplevel() on ptolemy.moml.MoMLSimpleApplication@6642c9d5
----------------- Done invoking toplevel() on ptolemy.moml.MoMLSimpleApplication@6642c9d5
reloadAllAccessors: .Hierarchy_4Level_Test2

===========================================================================================
----------------- testing Tue Oct 29 06:12:17 UTC 2019 /home/travis/build/icyphy/ptII/ptolemy/domains/hdf/kernel/test/auto/Hysteresis.xml
----------------- Instantiating /home/travis/build/icyphy/ptII/ptolemy/domains/hdf/kernel/test/auto/Hysteresis.xml
23 ms. Memory: 120832K Free: 40368K (33%)
----------------- Invoking toplevel() on ptolemy.moml.MoMLSimpleApplication@1deef4b8
----------------- Done invoking toplevel() on ptolemy.moml.MoMLSimpleApplication@1deef4b8
reloadAllAccessors: .Hysteresis

===========================================================================================
----------------- testing Tue Oct 29 06:12:17 UTC 2019 /home/travis/build/icyphy/ptII/ptolemy/domains/hdf/kernel/test/auto/InitTransient.xml
----------------- Instantiating /home/travis/build/icyphy/ptII/ptolemy/domains/hdf/kernel/test/auto/InitTransient.xml
31 ms. Memory: 120832K Free: 91432K (76%)
----------------- Invoking toplevel() on ptolemy.moml.MoMLSimpleApplication@723fe58d
----------------- Done invoking toplevel() on ptolemy.moml.MoMLSimpleApplication@723fe58d
reloadAllAccessors: .InitTransient

===========================================================================================
----------------- testing Tue Oct 29 06:12:17 UTC 2019 /home/travis/build/icyphy/ptII/ptolemy/domains/hdf/kernel/test/auto/Merge.xml
----------------- Instantiating /home/travis/build/icyphy/ptII/ptolemy/domains/hdf/kernel/test/auto/Merge.xml
35 ms. Memory: 120832K Free: 74010K (61%)
----------------- Invoking toplevel() on ptolemy.moml.MoMLSimpleApplication@5d6c37d0
----------------- Done invoking toplevel() on ptolemy.moml.MoMLSimpleApplication@5d6c37d0
reloadAllAccessors: .Merge

===========================================================================================
----------------- testing Tue Oct 29 06:12:17 UTC 2019 /home/travis/build/icyphy/ptII/ptolemy/domains/hdf/kernel/test/auto/ModalModelBooleanSwitch.xml
----------------- Instantiating /home/travis/build/icyphy/ptII/ptolemy/domains/hdf/kernel/test/auto/ModalModelBooleanSwitch.xml
42 ms. Memory: 120832K Free: 55112K (46%)
----------------- Invoking toplevel() on ptolemy.moml.MoMLSimpleApplication@4af4a86
----------------- Done invoking toplevel() on ptolemy.moml.MoMLSimpleApplication@4af4a86
reloadAllAccessors: .BooleanSwitchWithModel

===========================================================================================
----------------- testing Tue Oct 29 06:12:17 UTC 2019 /home/travis/build/icyphy/ptII/ptolemy/domains/hdf/kernel/test/auto/SameRates.xml
----------------- Instantiating /home/travis/build/icyphy/ptII/ptolemy/domains/hdf/kernel/test/auto/SameRates.xml
33 ms. Memory: 120832K Free: 42810K (35%)
----------------- Invoking toplevel() on ptolemy.moml.MoMLSimpleApplication@292f643
----------------- Done invoking toplevel() on ptolemy.moml.MoMLSimpleApplication@292f643
reloadAllAccessors: .SameRates

===========================================================================================
----------------- testing Tue Oct 29 06:12:17 UTC 2019 /home/travis/build/icyphy/ptII/ptolemy/domains/hdf/kernel/test/auto/SameRefinedRates.xml
----------------- Instantiating /home/travis/build/icyphy/ptII/ptolemy/domains/hdf/kernel/test/auto/SameRefinedRates.xml
27 ms. Memory: 120832K Free: 99744K (83%)
----------------- Invoking toplevel() on ptolemy.moml.MoMLSimpleApplication@264f632a
----------------- Done invoking toplevel() on ptolemy.moml.MoMLSimpleApplication@264f632a
reloadAllAccessors: .SameRefinedRates

===========================================================================================
----------------- testing Tue Oct 29 06:12:18 UTC 2019 /home/travis/build/icyphy/ptII/ptolemy/domains/hdf/kernel/test/auto/SameRefinedRates2.xml
----------------- Instantiating /home/travis/build/icyphy/ptII/ptolemy/domains/hdf/kernel/test/auto/SameRefinedRates2.xml
19 ms. Memory: 120832K Free: 85392K (71%)
----------------- Invoking toplevel() on ptolemy.moml.MoMLSimpleApplication@7e3b9651
----------------- Done invoking toplevel() on ptolemy.moml.MoMLSimpleApplication@7e3b9651
reloadAllAccessors: .SameRefinedRates2

===========================================================================================
----------------- testing Tue Oct 29 06:12:18 UTC 2019 /home/travis/build/icyphy/ptII/ptolemy/domains/hdf/kernel/test/auto/TransientStates.xml
----------------- Instantiating /home/travis/build/icyphy/ptII/ptolemy/domains/hdf/kernel/test/auto/TransientStates.xml
31 ms. Memory: 120832K Free: 66525K (55%)
----------------- Invoking toplevel() on ptolemy.moml.MoMLSimpleApplication@150aa05d
----------------- Done invoking toplevel() on ptolemy.moml.MoMLSimpleApplication@150aa05d
reloadAllAccessors: .TransientStates

===========================================================================================
----------------- testing Tue Oct 29 06:12:18 UTC 2019 /home/travis/build/icyphy/ptII/ptolemy/domains/hdf/kernel/test/auto/TwoHammingCodec.xml
----------------- Instantiating /home/travis/build/icyphy/ptII/ptolemy/domains/hdf/kernel/test/auto/TwoHammingCodec.xml
52 ms. Memory: 120832K Free: 46510K (38%)
----------------- Invoking toplevel() on ptolemy.moml.MoMLSimpleApplication@14ebaab9
----------------- Done invoking toplevel() on ptolemy.moml.MoMLSimpleApplication@14ebaab9
reloadAllAccessors: .TwoHammingCodec

===========================================================================================
----------------- testing Tue Oct 29 06:12:18 UTC 2019 /home/travis/build/icyphy/ptII/ptolemy/domains/hdf/kernel/test/auto/TwoHammingCodec1.xml
----------------- Instantiating /home/travis/build/icyphy/ptII/ptolemy/domains/hdf/kernel/test/auto/TwoHammingCodec1.xml
43 ms. Memory: 120832K Free: 92343K (76%)
----------------- Invoking toplevel() on ptolemy.moml.MoMLSimpleApplication@2bced977
----------------- Done invoking toplevel() on ptolemy.moml.MoMLSimpleApplication@2bced977
reloadAllAccessors: .twoHammingCodec1

===========================================================================================
----------------- testing Tue Oct 29 06:12:18 UTC 2019 /home/travis/build/icyphy/ptII/ptolemy/domains/hdf/kernel/test/auto/TwoLevelHierarchy.xml
----------------- Instantiating /home/travis/build/icyphy/ptII/ptolemy/domains/hdf/kernel/test/auto/TwoLevelHierarchy.xml
74 ms. Memory: 120832K Free: 49881K (41%)
----------------- Invoking toplevel() on ptolemy.moml.MoMLSimpleApplication@78bbb6f6
----------------- Done invoking toplevel() on ptolemy.moml.MoMLSimpleApplication@78bbb6f6
reloadAllAccessors: .TwoLevelHierarchy

===========================================================================================
----------------- testing Tue Oct 29 06:12:18 UTC 2019 /home/travis/build/icyphy/ptII/ptolemy/domains/hdf/kernel/test/auto/TwoLevelHierarchy1.xml
----------------- Instantiating /home/travis/build/icyphy/ptII/ptolemy/domains/hdf/kernel/test/auto/TwoLevelHierarchy1.xml
64 ms. Memory: 120832K Free: 76687K (63%)
----------------- Invoking toplevel() on ptolemy.moml.MoMLSimpleApplication@12863bb7
----------------- Done invoking toplevel() on ptolemy.moml.MoMLSimpleApplication@12863bb7
reloadAllAccessors: .TwoLevelHierarchy1

===========================================================================================
----------------- testing Tue Oct 29 06:12:18 UTC 2019 /home/travis/build/icyphy/ptII/ptolemy/domains/hdf/kernel/test/auto/TwoLevelHierarchy2.xml
----------------- Instantiating /home/travis/build/icyphy/ptII/ptolemy/domains/hdf/kernel/test/auto/TwoLevelHierarchy2.xml
66 ms. Memory: 120832K Free: 41871K (35%)
----------------- Invoking toplevel() on ptolemy.moml.MoMLSimpleApplication@2d3f9cc
----------------- Done invoking toplevel() on ptolemy.moml.MoMLSimpleApplication@2d3f9cc
reloadAllAccessors: .TwoLevelHierarchy2

===========================================================================================
----------------- testing Tue Oct 29 06:12:18 UTC 2019 /home/travis/build/icyphy/ptII/ptolemy/domains/hdf/kernel/test/auto/TwoLevelHierarchyNullStates.xml
----------------- Instantiating /home/travis/build/icyphy/ptII/ptolemy/domains/hdf/kernel/test/auto/TwoLevelHierarchyNullStates.xml
62 ms. Memory: 145408K Free: 86884K (60%)
----------------- Invoking toplevel() on ptolemy.moml.MoMLSimpleApplication@558f6266
----------------- Done invoking toplevel() on ptolemy.moml.MoMLSimpleApplication@558f6266
reloadAllAccessors: .TwoLevelHierarchyNullStates

===========================================================================================
----------------- testing Tue Oct 29 06:12:19 UTC 2019 /home/travis/build/icyphy/ptII/ptolemy/domains/hdf/kernel/test/auto/TwoLevelHierarchyWithResets.xml
----------------- Instantiating /home/travis/build/icyphy/ptII/ptolemy/domains/hdf/kernel/test/auto/TwoLevelHierarchyWithResets.xml
93 ms. Memory: 145408K Free: 126931K (87%)
----------------- Invoking toplevel() on ptolemy.moml.MoMLSimpleApplication@6370002e
----------------- Done invoking toplevel() on ptolemy.moml.MoMLSimpleApplication@6370002e
reloadAllAccessors: .TwoLevelHierarchy1

===========================================================================================
----------------- testing Tue Oct 29 06:12:19 UTC 2019 /home/travis/build/icyphy/ptII/ptolemy/domains/hdf/kernel/test/auto/TwoLevelHierarchyWithResetsNullStates.xml
----------------- Instantiating /home/travis/build/icyphy/ptII/ptolemy/domains/hdf/kernel/test/auto/TwoLevelHierarchyWithResetsNullStates.xml
88 ms. Memory: 145408K Free: 67011K (46%)
----------------- Invoking toplevel() on ptolemy.moml.MoMLSimpleApplication@ab631dd
----------------- Done invoking toplevel() on ptolemy.moml.MoMLSimpleApplication@ab631dd
reloadAllAccessors: .TwoLevelHierarchyWithResetsNullStates

===========================================================================================
----------------- testing Tue Oct 29 06:12:19 UTC 2019 /home/travis/build/icyphy/ptII/ptolemy/domains/hdf/kernel/test/auto/WaterTank_HDF.xml
----------------- Instantiating /home/travis/build/icyphy/ptII/ptolemy/domains/hdf/kernel/test/auto/WaterTank_HDF.xml
53 ms. Memory: 145408K Free: 123456K (85%)
----------------- Invoking toplevel() on ptolemy.moml.MoMLSimpleApplication@4074fed8
----------------- Done invoking toplevel() on ptolemy.moml.MoMLSimpleApplication@4074fed8
reloadAllAccessors: .WaterTank_HDF

===========================================================================================
----------------- testing Tue Oct 29 06:12:19 UTC 2019 /home/travis/build/icyphy/ptII/ptolemy/domains/hdf/kernel/test/auto/WaterTank_HDF2.xml
----------------- Instantiating /home/travis/build/icyphy/ptII/ptolemy/domains/hdf/kernel/test/auto/WaterTank_HDF2.xml
91 ms. Memory: 145408K Free: 90830K (62%)
----------------- Invoking toplevel() on ptolemy.moml.MoMLSimpleApplication@112973b8
----------------- Done invoking toplevel() on ptolemy.moml.MoMLSimpleApplication@112973b8
reloadAllAccessors: .WaterTank_HDF2

===========================================================================================
----------------- testing Tue Oct 29 06:12:19 UTC 2019 /home/travis/build/icyphy/ptII/ptolemy/domains/hdf/kernel/test/auto/badFSMRateChanges.xml
----------------- Instantiating /home/travis/build/icyphy/ptII/ptolemy/domains/hdf/kernel/test/auto/badFSMRateChanges.xml
17 ms. Memory: 145408K Free: 76492K (53%)
----------------- Invoking toplevel() on ptolemy.moml.MoMLSimpleApplication@48922d4b
----------------- Done invoking toplevel() on ptolemy.moml.MoMLSimpleApplication@48922d4b
reloadAllAccessors: .badFSMRateChanges
AutoTests.java: About to close Vertx.
AutoTests.java: Vertx closed.
]]></system-out>
  <system-err><![CDATA[]]></system-err>
</testsuite>
