<?xml version="1.0" encoding="UTF-8" ?>
<testsuite errors="0" failures="0" hostname="travis-job-c0704a34-e798-4fab-af1f-6fe9da169de4" name="ptolemy.domains.de.test.junit.JUnitTclTest" skipped="0" tests="101" time="128.019" timestamp="2019-02-16T03:34:30">
  <properties>
[...]
</properties>
  <testcase classname="ptolemy.util.test.junit.TclTests" name="[0] /home/travis/build/icyphy/ptII/ptolemy/domains/de/test/DependencyLoop.tcl (RunTclFile)" time="0.734" />
  <testcase classname="ptolemy.util.test.junit.TclTests" name="[1] /home/travis/build/icyphy/ptII/ptolemy/domains/de/test/RunDETestsAsQSS.tcl (RunTclFile)" time="88.378" />
  <testcase classname="ptolemy.util.test.junit.AutoKnownFailedTests" name="[0] /home/travis/build/icyphy/ptII/ptolemy/domains/de/test/auto/knownFailedTests/DESDFClockTest.xml (RunModel)" time="2.035" />
  <testcase classname="ptolemy.util.test.junit.AutoKnownFailedTests" name="[1] /home/travis/build/icyphy/ptII/ptolemy/domains/de/test/auto/knownFailedTests/DirectFeedback.xml (RunModel)" time="0.012" />
  <testcase classname="ptolemy.util.test.junit.AutoKnownFailedTests" name="[2] /home/travis/build/icyphy/ptII/ptolemy/domains/de/test/auto/knownFailedTests/FSMSource.xml (RunModel)" time="0.027" />
  <testcase classname="ptolemy.util.test.junit.AutoKnownFailedTests" name="[3] /home/travis/build/icyphy/ptII/ptolemy/domains/de/test/auto/knownFailedTests/HierarchicalModel.xml (RunModel)" time="0.047" />
  <testcase classname="ptolemy.util.test.junit.AutoKnownFailedTests" name="[4] /home/travis/build/icyphy/ptII/ptolemy/domains/de/test/auto/knownFailedTests/dependencyLoop.xml (RunModel)" time="0.038" />
  <testcase classname="ptolemy.util.test.junit.AutoKnownFailedTests" name="[5] /home/travis/build/icyphy/ptII/ptolemy/domains/de/test/auto/knownFailedTests/dependencyLoop2.xml (RunModel)" time="0.029" />
  <testcase classname="ptolemy.util.test.junit.AutoNameArchTests" name="[0] ThereAreNoAutoArchTests (RunModel)" time="0.001" />
  <testcase classname="ptolemy.util.test.junit.AutoTests" name="[0] /home/travis/build/icyphy/ptII/ptolemy/domains/de/test/auto/ActorDepthCalculation_actorWithoutPorts.xml (RunModel)" time="0.025" />
  <testcase classname="ptolemy.util.test.junit.AutoTests" name="[1] /home/travis/build/icyphy/ptII/ptolemy/domains/de/test/auto/AssemblyLine.xml (RunModel)" time="0.017" />
  <testcase classname="ptolemy.util.test.junit.AutoTests" name="[2] /home/travis/build/icyphy/ptII/ptolemy/domains/de/test/auto/CQBug1.xml (RunModel)" time="0.012" />
  <testcase classname="ptolemy.util.test.junit.AutoTests" name="[3] /home/travis/build/icyphy/ptII/ptolemy/domains/de/test/auto/CancelFireAt.xml (RunModel)" time="0.007" />
  <testcase classname="ptolemy.util.test.junit.AutoTests" name="[4] /home/travis/build/icyphy/ptII/ptolemy/domains/de/test/auto/CausalityAndComposabilityAnalysis.xml (RunModel)" time="0.008" />
  <testcase classname="ptolemy.util.test.junit.AutoTests" name="[5] /home/travis/build/icyphy/ptII/ptolemy/domains/de/test/auto/CausalityInterface1.xml (RunModel)" time="0.009" />
  <testcase classname="ptolemy.util.test.junit.AutoTests" name="[6] /home/travis/build/icyphy/ptII/ptolemy/domains/de/test/auto/CausalityInterface15.xml (RunModel)" time="0.009" />
  <testcase classname="ptolemy.util.test.junit.AutoTests" name="[7] /home/travis/build/icyphy/ptII/ptolemy/domains/de/test/auto/CausalityInterface2.xml (RunModel)" time="0.008" />
  <testcase classname="ptolemy.util.test.junit.AutoTests" name="[8] /home/travis/build/icyphy/ptII/ptolemy/domains/de/test/auto/CausalityInterface3.xml (RunModel)" time="0.008" />
  <testcase classname="ptolemy.util.test.junit.AutoTests" name="[9] /home/travis/build/icyphy/ptII/ptolemy/domains/de/test/auto/ClockDrift.xml (RunModel)" time="0.028" />
  <testcase classname="ptolemy.util.test.junit.AutoTests" name="[10] /home/travis/build/icyphy/ptII/ptolemy/domains/de/test/auto/ClockDriftAndValueChange.xml (RunModel)" time="0.02" />
  <testcase classname="ptolemy.util.test.junit.AutoTests" name="[11] /home/travis/build/icyphy/ptII/ptolemy/domains/de/test/auto/ClockDriftChange.xml (RunModel)" time="0.03" />
  <testcase classname="ptolemy.util.test.junit.AutoTests" name="[12] /home/travis/build/icyphy/ptII/ptolemy/domains/de/test/auto/ComposableCausalityAnalysis.xml (RunModel)" time="0.013" />
  <testcase classname="ptolemy.util.test.junit.AutoTests" name="[13] /home/travis/build/icyphy/ptII/ptolemy/domains/de/test/auto/DEFixedPointLimitation.xml (RunModel)" time="0.012" />
  <testcase classname="ptolemy.util.test.junit.AutoTests" name="[14] /home/travis/build/icyphy/ptII/ptolemy/domains/de/test/auto/DEScheduleTest.xml (RunModel)" time="0.012" />
  <testcase classname="ptolemy.util.test.junit.AutoTests" name="[15] /home/travis/build/icyphy/ptII/ptolemy/domains/de/test/auto/DEinDEwithStartTimes.xml (RunModel)" time="0.028" />
  <testcase classname="ptolemy.util.test.junit.AutoTests" name="[16] /home/travis/build/icyphy/ptII/ptolemy/domains/de/test/auto/DEinDEwithStartTimes2.xml (RunModel)" time="0.019" />
  <testcase classname="ptolemy.util.test.junit.AutoTests" name="[17] /home/travis/build/icyphy/ptII/ptolemy/domains/de/test/auto/DateDemo.xml (RunModel)" time="0.029" />
  <testcase classname="ptolemy.util.test.junit.AutoTests" name="[18] /home/travis/build/icyphy/ptII/ptolemy/domains/de/test/auto/DateToEvent.xml (RunModel)" time="2.029" />
  <testcase classname="ptolemy.util.test.junit.AutoTests" name="[19] /home/travis/build/icyphy/ptII/ptolemy/domains/de/test/auto/DepthTest1.xml (RunModel)" time="0.006" />
  <testcase classname="ptolemy.util.test.junit.AutoTests" name="[20] /home/travis/build/icyphy/ptII/ptolemy/domains/de/test/auto/DepthTest2.xml (RunModel)" time="0.011" />
  <testcase classname="ptolemy.util.test.junit.AutoTests" name="[21] /home/travis/build/icyphy/ptII/ptolemy/domains/de/test/auto/DepthTest3.xml (RunModel)" time="0.004" />
  <testcase classname="ptolemy.util.test.junit.AutoTests" name="[22] /home/travis/build/icyphy/ptII/ptolemy/domains/de/test/auto/DepthTest4.xml (RunModel)" time="0.007" />
  <testcase classname="ptolemy.util.test.junit.AutoTests" name="[23] /home/travis/build/icyphy/ptII/ptolemy/domains/de/test/auto/DepthTest5.xml (RunModel)" time="0.009" />
  <testcase classname="ptolemy.util.test.junit.AutoTests" name="[24] /home/travis/build/icyphy/ptII/ptolemy/domains/de/test/auto/DepthTest6.xml (RunModel)" time="0.009" />
  <testcase classname="ptolemy.util.test.junit.AutoTests" name="[25] /home/travis/build/icyphy/ptII/ptolemy/domains/de/test/auto/DepthTest7.xml (RunModel)" time="0.007" />
  <testcase classname="ptolemy.util.test.junit.AutoTests" name="[26] /home/travis/build/icyphy/ptII/ptolemy/domains/de/test/auto/EventToDate.xml (RunModel)" time="3.024" />
  <testcase classname="ptolemy.util.test.junit.AutoTests" name="[27] /home/travis/build/icyphy/ptII/ptolemy/domains/de/test/auto/FSM1.xml (RunModel)" time="0.03" />
  <testcase classname="ptolemy.util.test.junit.AutoTests" name="[28] /home/travis/build/icyphy/ptII/ptolemy/domains/de/test/auto/FSM7.xml (RunModel)" time="0.026" />
  <testcase classname="ptolemy.util.test.junit.AutoTests" name="[29] /home/travis/build/icyphy/ptII/ptolemy/domains/de/test/auto/Inspection.xml (RunModel)" time="0.035" />
  <testcase classname="ptolemy.util.test.junit.AutoTests" name="[30] /home/travis/build/icyphy/ptII/ptolemy/domains/de/test/auto/Iteration.xml (RunModel)" time="0.018" />
  <testcase classname="ptolemy.util.test.junit.AutoTests" name="[31] /home/travis/build/icyphy/ptII/ptolemy/domains/de/test/auto/LineFault.xml (RunModel)" time="0.505" />
  <testcase classname="ptolemy.util.test.junit.AutoTests" name="[32] /home/travis/build/icyphy/ptII/ptolemy/domains/de/test/auto/MergeModel1Add.xml (RunModel)" time="0.035" />
  <testcase classname="ptolemy.util.test.junit.AutoTests" name="[33] /home/travis/build/icyphy/ptII/ptolemy/domains/de/test/auto/MergeModel2Add.xml (RunModel)" time="0.034" />
  <testcase classname="ptolemy.util.test.junit.AutoTests" name="[34] /home/travis/build/icyphy/ptII/ptolemy/domains/de/test/auto/MergeModel3Add.xml (RunModel)" time="0.031" />
  <testcase classname="ptolemy.util.test.junit.AutoTests" name="[35] /home/travis/build/icyphy/ptII/ptolemy/domains/de/test/auto/MergeWithoutDiscard.xml (RunModel)" time="0.007" />
  <testcase classname="ptolemy.util.test.junit.AutoTests" name="[36] /home/travis/build/icyphy/ptII/ptolemy/domains/de/test/auto/Modal1.xml (RunModel)" time="0.022" />
  <testcase classname="ptolemy.util.test.junit.AutoTests" name="[37] /home/travis/build/icyphy/ptII/ptolemy/domains/de/test/auto/Modal2.xml (RunModel)" time="0.026" />
  <testcase classname="ptolemy.util.test.junit.AutoTests" name="[38] /home/travis/build/icyphy/ptII/ptolemy/domains/de/test/auto/Modal3.xml (RunModel)" time="0.024" />
  <testcase classname="ptolemy.util.test.junit.AutoTests" name="[39] /home/travis/build/icyphy/ptII/ptolemy/domains/de/test/auto/Modal4.xml (RunModel)" time="0.023" />
  <testcase classname="ptolemy.util.test.junit.AutoTests" name="[40] /home/travis/build/icyphy/ptII/ptolemy/domains/de/test/auto/Modal5.xml (RunModel)" time="0.024" />
  <testcase classname="ptolemy.util.test.junit.AutoTests" name="[41] /home/travis/build/icyphy/ptII/ptolemy/domains/de/test/auto/Modal6.xml (RunModel)" time="0.024" />
  <testcase classname="ptolemy.util.test.junit.AutoTests" name="[42] /home/travis/build/icyphy/ptII/ptolemy/domains/de/test/auto/Modal7.xml (RunModel)" time="0.017" />
  <testcase classname="ptolemy.util.test.junit.AutoTests" name="[43] /home/travis/build/icyphy/ptII/ptolemy/domains/de/test/auto/ModalModel.xml (RunModel)" time="0.09" />
  <testcase classname="ptolemy.util.test.junit.AutoTests" name="[44] /home/travis/build/icyphy/ptII/ptolemy/domains/de/test/auto/ModalSource.xml (RunModel)" time="0.011" />
  <testcase classname="ptolemy.util.test.junit.AutoTests" name="[45] /home/travis/build/icyphy/ptII/ptolemy/domains/de/test/auto/NonInterruptibleTimerZeroDelay.xml (RunModel)" time="0.005" />
  <testcase classname="ptolemy.util.test.junit.AutoTests" name="[46] /home/travis/build/icyphy/ptII/ptolemy/domains/de/test/auto/OpenQueueingNetwork.xml (RunModel)" time="1.89" />
  <testcase classname="ptolemy.util.test.junit.AutoTests" name="[47] /home/travis/build/icyphy/ptII/ptolemy/domains/de/test/auto/OpenQueuingNetwork.xml (RunModel)" time="0.252" />
  <testcase classname="ptolemy.util.test.junit.AutoTests" name="[48] /home/travis/build/icyphy/ptII/ptolemy/domains/de/test/auto/PeriodicSampler.xml (RunModel)" time="0.006" />
  <testcase classname="ptolemy.util.test.junit.AutoTests" name="[49] /home/travis/build/icyphy/ptII/ptolemy/domains/de/test/auto/PersistentIO.xml (RunModel)" time="0.015" />
  <testcase classname="ptolemy.util.test.junit.AutoTests" name="[50] /home/travis/build/icyphy/ptII/ptolemy/domains/de/test/auto/PortParameterResetOnInitialize.xml (RunModel)" time="0.008" />
  <testcase classname="ptolemy.util.test.junit.AutoTests" name="[51] /home/travis/build/icyphy/ptII/ptolemy/domains/de/test/auto/PortParameterUpdates.xml (RunModel)" time="0.011" />
  <testcase classname="ptolemy.util.test.junit.AutoTests" name="[52] /home/travis/build/icyphy/ptII/ptolemy/domains/de/test/auto/QueueAndServer.xml (RunModel)" time="0.019" />
  <testcase classname="ptolemy.util.test.junit.AutoTests" name="[53] /home/travis/build/icyphy/ptII/ptolemy/domains/de/test/auto/Records.xml (RunModel)" time="0.019" />
  <testcase classname="ptolemy.util.test.junit.AutoTests" name="[54] /home/travis/build/icyphy/ptII/ptolemy/domains/de/test/auto/ResetTransitionWithStartTime1.xml (RunModel)" time="0.02" />
  <testcase classname="ptolemy.util.test.junit.AutoTests" name="[55] /home/travis/build/icyphy/ptII/ptolemy/domains/de/test/auto/ResetTransitionWithStartTime2.xml (RunModel)" time="0.014" />
  <testcase classname="ptolemy.util.test.junit.AutoTests" name="[56] /home/travis/build/icyphy/ptII/ptolemy/domains/de/test/auto/ResetTransitionWithStartTime3.xml (RunModel)" time="0.022" />
  <testcase classname="ptolemy.util.test.junit.AutoTests" name="[57] /home/travis/build/icyphy/ptII/ptolemy/domains/de/test/auto/ResetTransitionWithStartTime4.xml (RunModel)" time="0.016" />
  <testcase classname="ptolemy.util.test.junit.AutoTests" name="[58] /home/travis/build/icyphy/ptII/ptolemy/domains/de/test/auto/ResettableTimer1.xml (RunModel)" time="0.009" />
  <testcase classname="ptolemy.util.test.junit.AutoTests" name="[59] /home/travis/build/icyphy/ptII/ptolemy/domains/de/test/auto/ResettableTimer2.xml (RunModel)" time="0.008" />
  <testcase classname="ptolemy.util.test.junit.AutoTests" name="[60] /home/travis/build/icyphy/ptII/ptolemy/domains/de/test/auto/ResettableTimer3.xml (RunModel)" time="0.008" />
  <testcase classname="ptolemy.util.test.junit.AutoTests" name="[61] /home/travis/build/icyphy/ptII/ptolemy/domains/de/test/auto/ResettableTimer4.xml (RunModel)" time="0.012" />
  <testcase classname="ptolemy.util.test.junit.AutoTests" name="[62] /home/travis/build/icyphy/ptII/ptolemy/domains/de/test/auto/ResettableTimer5.xml (RunModel)" time="0.009" />
  <testcase classname="ptolemy.util.test.junit.AutoTests" name="[63] /home/travis/build/icyphy/ptII/ptolemy/domains/de/test/auto/ResettableTimer6.xml (RunModel)" time="0.016" />
  <testcase classname="ptolemy.util.test.junit.AutoTests" name="[64] /home/travis/build/icyphy/ptII/ptolemy/domains/de/test/auto/ServerZeroDelay.xml (RunModel)" time="0.01" />
  <testcase classname="ptolemy.util.test.junit.AutoTests" name="[65] /home/travis/build/icyphy/ptII/ptolemy/domains/de/test/auto/SmartSender.xml (RunModel)" time="3.007" />
  <testcase classname="ptolemy.util.test.junit.AutoTests" name="[66] /home/travis/build/icyphy/ptII/ptolemy/domains/de/test/auto/ThreadedComposite.xml (RunModel)" time="0.113" />
  <testcase classname="ptolemy.util.test.junit.AutoTests" name="[67] /home/travis/build/icyphy/ptII/ptolemy/domains/de/test/auto/Time.xml (RunModel)" time="0.458" />
  <testcase classname="ptolemy.util.test.junit.AutoTests" name="[68] /home/travis/build/icyphy/ptII/ptolemy/domains/de/test/auto/TimeDelayZeroDelay.xml (RunModel)" time="0.009" />
  <testcase classname="ptolemy.util.test.junit.AutoTests" name="[69] /home/travis/build/icyphy/ptII/ptolemy/domains/de/test/auto/TimerZeroDelay.xml (RunModel)" time="0.02" />
  <testcase classname="ptolemy.util.test.junit.AutoTests" name="[70] /home/travis/build/icyphy/ptII/ptolemy/domains/de/test/auto/TimingParadox.xml (RunModel)" time="0.382" />
  <testcase classname="ptolemy.util.test.junit.AutoTests" name="[71] /home/travis/build/icyphy/ptII/ptolemy/domains/de/test/auto/TransferInputs.xml (RunModel)" time="0.012" />
  <testcase classname="ptolemy.util.test.junit.AutoTests" name="[72] /home/travis/build/icyphy/ptII/ptolemy/domains/de/test/auto/TransferOutputs2.xml (RunModel)" time="0.013" />
  <testcase classname="ptolemy.util.test.junit.AutoTests" name="[73] /home/travis/build/icyphy/ptII/ptolemy/domains/de/test/auto/Trilateration.xml (RunModel)" time="11.423" />
  <testcase classname="ptolemy.util.test.junit.AutoTests" name="[74] /home/travis/build/icyphy/ptII/ptolemy/domains/de/test/auto/TwoSigmaDelta.xml (RunModel)" time="2.074" />
  <testcase classname="ptolemy.util.test.junit.AutoTests" name="[75] /home/travis/build/icyphy/ptII/ptolemy/domains/de/test/auto/VariableDelay.xml (RunModel)" time="0.013" />
  <testcase classname="ptolemy.util.test.junit.AutoTests" name="[76] /home/travis/build/icyphy/ptII/ptolemy/domains/de/test/auto/VariableDelay2.xml (RunModel)" time="0.01" />
  <testcase classname="ptolemy.util.test.junit.AutoTests" name="[77] /home/travis/build/icyphy/ptII/ptolemy/domains/de/test/auto/VariableDelayZeroDelay.xml (RunModel)" time="0.01" />
  <testcase classname="ptolemy.util.test.junit.AutoTests" name="[78] /home/travis/build/icyphy/ptII/ptolemy/domains/de/test/auto/VariableDelayZeroDelay2.xml (RunModel)" time="0.008" />
  <testcase classname="ptolemy.util.test.junit.AutoTests" name="[79] /home/travis/build/icyphy/ptII/ptolemy/domains/de/test/auto/deInCt.xml (RunModel)" time="0.014" />
  <testcase classname="ptolemy.util.test.junit.AutoTests" name="[80] /home/travis/build/icyphy/ptII/ptolemy/domains/de/test/auto/deInCt2.xml (RunModel)" time="0.019" />
  <testcase classname="ptolemy.util.test.junit.AutoTests" name="[81] /home/travis/build/icyphy/ptII/ptolemy/domains/de/test/auto/dynamicCausalityInterface1.xml (RunModel)" time="0.02" />
  <testcase classname="ptolemy.util.test.junit.AutoTests" name="[82] /home/travis/build/icyphy/ptII/ptolemy/domains/de/test/auto/fsm_de_test.xml (RunModel)" time="0.02" />
  <testcase classname="ptolemy.util.test.junit.AutoTests" name="[83] /home/travis/build/icyphy/ptII/ptolemy/domains/de/test/auto/functionDependencyReconstruction.xml (RunModel)" time="0.029" />
  <testcase classname="ptolemy.util.test.junit.AutoTests" name="[84] /home/travis/build/icyphy/ptII/ptolemy/domains/de/test/auto/multirate.xml (RunModel)" time="0.013" />
  <testcase classname="ptolemy.util.test.junit.AutoTests" name="[85] /home/travis/build/icyphy/ptII/ptolemy/domains/de/test/auto/multirate2.xml (RunModel)" time="0.012" />
  <testcase classname="ptolemy.util.test.junit.AutoTests" name="[86] /home/travis/build/icyphy/ptII/ptolemy/domains/de/test/auto/realtime.xml (RunModel)" time="10.008" />
  <testcase classname="ptolemy.util.test.junit.AutoTests" name="[87] /home/travis/build/icyphy/ptII/ptolemy/domains/de/test/auto/relationGroup.xml (RunModel)" time="0.01" />
  <testcase classname="ptolemy.util.test.junit.AutoTests" name="[88] /home/travis/build/icyphy/ptII/ptolemy/domains/de/test/auto/relationGroup2.xml (RunModel)" time="0.006" />
  <testcase classname="ptolemy.util.test.junit.AutoTests" name="[89] /home/travis/build/icyphy/ptII/ptolemy/domains/de/test/auto/sortWithOpaquePorts.xml (RunModel)" time="0.007" />
  <testcase classname="ptolemy.util.test.junit.AutoTests" name="[90] /home/travis/build/icyphy/ptII/ptolemy/domains/de/test/auto/transferInputsandOutputs.xml (RunModel)" time="0.012" />
  <testcase classname="ptolemy.util.test.junit.AutoTests" name="[91] /home/travis/build/icyphy/ptII/ptolemy/domains/de/test/auto/triggerType.xml (RunModel)" time="0.007" />
  <system-out><![CDATA[/home/travis/build/icyphy/ptII/ptolemy/domains/de/test/DependencyLoop.tcl
testDefs.tcl: setting time out to 9000 seconds at Sat Feb 16 03:34:30 UTC 2019
14 ms. Memory: 116224K Free: 97579K (84%)
30 ms. Memory: 146944K Free: 141205K (96%)
/home/travis/build/icyphy/ptII/ptolemy/domains/de/test/RunDETestsAsQSS.tcl
Run the DE tests using ptolemy.domains.qss.test.QSSDirectorTest, which extends QSSDirector and prints a message in the constructors.
------------------ testing $PTII/ptolemy/domains/de/test/auto/knownFailedTests/dependencyLoop.xml (Known Failure) 
6 ms. Memory: 146944K Free: 136958K (93%)


==== $PTIIhome/travis/build/icyphy/ptII/ptolemy/domains/de/test/../../../../: Auto Automatic test in file $PTII/ptolemy/domains/de/test/auto/knownFailedTests/dependencyLoop.xml
==== Contents of test case:

	    # FIXME: we should use $relativeFilename here, but it
	    # might have backslashes under Windows, which causes no end
	    # of trouble.
	    createAndExecute $file
	    list {}
	
.... Test generated KNOWN error:
    while executing
ptolemy.kernel.util.IllegalActionException: Found a zero delay loop containing .dependencyLoop.original
  in .dependencyLoop and .dependencyLoop.original
	at ptolemy.actor.util.CausalityInterfaceForComposites._computeOutputPortDepth(CausalityInterfaceForComposites.java:759)
	at ptolemy.actor.util.CausalityInterfaceForComposites._computeInputDepth(CausalityInterfaceForComposites.java:696)
	at ptolemy.actor.util.CausalityInterfaceForComposites._computeOutputPortDepth(CausalityInterfaceForComposites.java:765)
	at ptolemy.actor.util.CausalityInterfaceForComposites._computeInputDepth(CausalityInterfaceForComposites.java:696)
	at ptolemy.actor.util.CausalityInterfaceForComposites._computeOutputPortDepth(CausalityInterfaceForComposites.java:765)
	at ptolemy.actor.util.CausalityInterfaceForComposites._computeInputDepth(CausalityInterfaceForComposites.java:696)
	at ptolemy.actor.util.CausalityInterfaceForComposites._computeActorDepth(CausalityInterfaceForComposites.java:532)
	at ptolemy.actor.util.CausalityInterfaceForComposites.checkForCycles(CausalityInterfaceForComposites.java:96)
	at ptolemy.domains.de.kernel.DEDirector.preinitialize(DEDirector.java:1338)
	at ptolemy.actor.CompositeActor.preinitialize(CompositeActor.java:1828)
	at ptolemy.actor.Manager.preinitializeAndResolveTypes(Manager.java:1040)
	at ptolemy.actor.Manager.initialize(Manager.java:710)
	at ptolemy.actor.Manager.execute(Manager.java:356)
	at ptolemy.actor.Manager.run(Manager.java:1263)
	at ptolemy.actor.Manager$PtolemyRunThread.run(Manager.java:1915)

    while executing
ptolemy.kernel.util.IllegalActionException: Found a zero delay loop containing .dependencyLoop.original
  in .dependencyLoop and .dependencyLoop.original
    while executing
"java::new ptolemy.moml.MoMLSimpleApplication $file
"
    (procedure "createAndExecute" line 2)
    invoked from within
"createAndExecute $file"
    ("uplevel" body line 5)
    invoked from within
"uplevel $contents_of_test"
------------------ testing $PTII/ptolemy/domains/de/test/auto/knownFailedTests/DESDFClockTest.xml (Known Failure) 
2093 ms. Memory: 146944K Free: 121360K (83%)


==== $PTIIhome/travis/build/icyphy/ptII/ptolemy/domains/de/test/../../../../: Auto Automatic test in file $PTII/ptolemy/domains/de/test/auto/knownFailedTests/DESDFClockTest.xml
==== Contents of test case:

	    # FIXME: we should use $relativeFilename here, but it
	    # might have backslashes under Windows, which causes no end
	    # of trouble.
	    createAndExecute $file
	    list {}
	
.... Test generated KNOWN error:
    while executing
ptolemy.kernel.util.IllegalActionException: Actor is not ready to fire.  Perhaps UpSample.prefire() returned false? Try debugging the actor by selecting "Listen to Actor".  Also, for SDF check moml for tokenConsumptionRate on input.
  in .DESDFClockTest.Play Bell.Copy1:SDF Director and .DESDFClockTest.Play Bell.UpSample
	at ptolemy.actor.sched.StaticSchedulingDirector.fire(StaticSchedulingDirector.java:227)
	at ptolemy.domains.sdf.kernel.SDFDirector.fire(SDFDirector.java:500)
	at ptolemy.actor.CompositeActor.fire(CompositeActor.java:455)
	at ptolemy.domains.de.kernel.DEDirector._fire(DEDirector.java:1949)
	at ptolemy.domains.de.kernel.DEDirector.fire(DEDirector.java:502)
	at ptolemy.actor.CompositeActor.fire(CompositeActor.java:455)
	at ptolemy.actor.Manager.iterate(Manager.java:851)
	at ptolemy.actor.Manager.execute(Manager.java:369)
	at ptolemy.actor.Manager.run(Manager.java:1263)
	at ptolemy.actor.Manager$PtolemyRunThread.run(Manager.java:1915)

    while executing
ptolemy.kernel.util.IllegalActionException: Actor is not ready to fire.  Perhaps UpSample.prefire() returned false? Try debugging the actor by selecting "Listen to Actor".  Also, for SDF check moml for tokenConsumptionRate on input.
  in .DESDFClockTest.Play Bell.Copy1:SDF Director and .DESDFClockTest.Play Bell.UpSample
    while executing
"java::new ptolemy.moml.MoMLSimpleApplication $file
"
    (procedure "createAndExecute" line 2)
    invoked from within
"createAndExecute $file"
    ("uplevel" body line 5)
    invoked from within
"uplevel $contents_of_test"
------------------ testing $PTII/ptolemy/domains/de/test/auto/knownFailedTests/FSMSource.xml (Known Failure) 
24 ms. Memory: 146944K Free: 112499K (77%)
!!!! Auto was marked as failing, but now passes
------------------ testing $PTII/ptolemy/domains/de/test/auto/knownFailedTests/dependencyLoop2.xml (Known Failure) 
15 ms. Memory: 146944K Free: 110616K (75%)


==== $PTIIhome/travis/build/icyphy/ptII/ptolemy/domains/de/test/../../../../: Auto Automatic test in file $PTII/ptolemy/domains/de/test/auto/knownFailedTests/dependencyLoop2.xml
==== Contents of test case:

	    # FIXME: we should use $relativeFilename here, but it
	    # might have backslashes under Windows, which causes no end
	    # of trouble.
	    createAndExecute $file
	    list {}
	
.... Test generated KNOWN error:
    while executing
ptolemy.kernel.util.IllegalActionException: Found a zero delay loop containing .dependencyLoop2.original
  in .dependencyLoop2 and .dependencyLoop2.original
	at ptolemy.actor.util.CausalityInterfaceForComposites._computeOutputPortDepth(CausalityInterfaceForComposites.java:759)
	at ptolemy.actor.util.CausalityInterfaceForComposites._computeInputDepth(CausalityInterfaceForComposites.java:696)
	at ptolemy.actor.util.CausalityInterfaceForComposites._computeOutputPortDepth(CausalityInterfaceForComposites.java:765)
	at ptolemy.actor.util.CausalityInterfaceForComposites._computeInputDepth(CausalityInterfaceForComposites.java:696)
	at ptolemy.actor.util.CausalityInterfaceForComposites._computeOutputPortDepth(CausalityInterfaceForComposites.java:765)
	at ptolemy.actor.util.CausalityInterfaceForComposites._computeInputDepth(CausalityInterfaceForComposites.java:696)
	at ptolemy.actor.util.CausalityInterfaceForComposites._computeActorDepth(CausalityInterfaceForComposites.java:532)
	at ptolemy.actor.util.CausalityInterfaceForComposites.checkForCycles(CausalityInterfaceForComposites.java:96)
	at ptolemy.domains.de.kernel.DEDirector.preinitialize(DEDirector.java:1338)
	at ptolemy.actor.CompositeActor.preinitialize(CompositeActor.java:1828)
	at ptolemy.actor.Manager.preinitializeAndResolveTypes(Manager.java:1040)
	at ptolemy.actor.Manager.initialize(Manager.java:710)
	at ptolemy.actor.Manager.execute(Manager.java:356)
	at ptolemy.actor.Manager.run(Manager.java:1263)
	at ptolemy.actor.Manager$PtolemyRunThread.run(Manager.java:1915)

    while executing
ptolemy.kernel.util.IllegalActionException: Found a zero delay loop containing .dependencyLoop2.original
  in .dependencyLoop2 and .dependencyLoop2.original
    while executing
"java::new ptolemy.moml.MoMLSimpleApplication $file
"
    (procedure "createAndExecute" line 2)
    invoked from within
"createAndExecute $file"
    ("uplevel" body line 5)
    invoked from within
"uplevel $contents_of_test"
------------------ testing $PTII/ptolemy/domains/de/test/auto/knownFailedTests/HierarchicalModel.xml (Known Failure) 
5 ms. Memory: 146944K Free: 90346K (61%)


==== $PTIIhome/travis/build/icyphy/ptII/ptolemy/domains/de/test/../../../../: Auto Automatic test in file $PTII/ptolemy/domains/de/test/auto/knownFailedTests/HierarchicalModel.xml
==== Contents of test case:

	    # FIXME: we should use $relativeFilename here, but it
	    # might have backslashes under Windows, which causes no end
	    # of trouble.
	    createAndExecute $file
	    list {}
	
.... Test generated KNOWN error:
    while executing
ptolemy.kernel.util.IllegalActionException: Found a zero delay loop containing .HierarchicalModel.A
  in .HierarchicalModel and .HierarchicalModel.A
	at ptolemy.actor.util.CausalityInterfaceForComposites._computeOutputPortDepth(CausalityInterfaceForComposites.java:759)
	at ptolemy.actor.util.CausalityInterfaceForComposites._computeInputDepth(CausalityInterfaceForComposites.java:696)
	at ptolemy.actor.util.CausalityInterfaceForComposites._computeOutputPortDepth(CausalityInterfaceForComposites.java:765)
	at ptolemy.actor.util.CausalityInterfaceForComposites._computeInputDepth(CausalityInterfaceForComposites.java:696)
	at ptolemy.actor.util.CausalityInterfaceForComposites._computeOutputPortDepth(CausalityInterfaceForComposites.java:765)
	at ptolemy.actor.util.CausalityInterfaceForComposites._computeInputDepth(CausalityInterfaceForComposites.java:696)
	at ptolemy.actor.util.CausalityInterfaceForComposites._computeActorDepth(CausalityInterfaceForComposites.java:532)
	at ptolemy.actor.util.CausalityInterfaceForComposites.checkForCycles(CausalityInterfaceForComposites.java:96)
	at ptolemy.domains.de.kernel.DEDirector.preinitialize(DEDirector.java:1338)
	at ptolemy.actor.CompositeActor.preinitialize(CompositeActor.java:1828)
	at ptolemy.actor.Manager.preinitializeAndResolveTypes(Manager.java:1040)
	at ptolemy.actor.Manager.initialize(Manager.java:710)
	at ptolemy.actor.Manager.execute(Manager.java:356)
	at ptolemy.actor.Manager.run(Manager.java:1263)
	at ptolemy.actor.Manager$PtolemyRunThread.run(Manager.java:1915)

    while executing
ptolemy.kernel.util.IllegalActionException: Found a zero delay loop containing .HierarchicalModel.A
  in .HierarchicalModel and .HierarchicalModel.A
    while executing
"java::new ptolemy.moml.MoMLSimpleApplication $file
"
    (procedure "createAndExecute" line 2)
    invoked from within
"createAndExecute $file"
    ("uplevel" body line 5)
    invoked from within
"uplevel $contents_of_test"
------------------ testing $PTII/ptolemy/domains/de/test/auto/knownFailedTests/DirectFeedback.xml (Known Failure) 
11 ms. Memory: 146944K Free: 86224K (59%)


==== $PTIIhome/travis/build/icyphy/ptII/ptolemy/domains/de/test/../../../../: Auto Automatic test in file $PTII/ptolemy/domains/de/test/auto/knownFailedTests/DirectFeedback.xml
==== Contents of test case:

	    # FIXME: we should use $relativeFilename here, but it
	    # might have backslashes under Windows, which causes no end
	    # of trouble.
	    createAndExecute $file
	    list {}
	
.... Test generated KNOWN error:
    while executing
ptolemy.kernel.util.IllegalActionException: Test fails in iteration 1.
Value was: 1.0. Should have been: 2.0
  in .DirectFeedback.Test
	at ptolemy.actor.lib.Test.fire(Test.java:268)
	at ptolemy.domains.de.kernel.DEDirector._fire(DEDirector.java:1949)
	at ptolemy.domains.de.kernel.DEDirector.fire(DEDirector.java:502)
	at ptolemy.actor.CompositeActor.fire(CompositeActor.java:455)
	at ptolemy.actor.Manager.iterate(Manager.java:851)
	at ptolemy.actor.Manager.execute(Manager.java:369)
	at ptolemy.actor.Manager.run(Manager.java:1263)
	at ptolemy.actor.Manager$PtolemyRunThread.run(Manager.java:1915)

    while executing
ptolemy.kernel.util.IllegalActionException: Test fails in iteration 1.
Value was: 1.0. Should have been: 2.0
  in .DirectFeedback.Test
    while executing
"java::new ptolemy.moml.MoMLSimpleApplication $file
"
    (procedure "createAndExecute" line 2)
    invoked from within
"createAndExecute $file"
    ("uplevel" body line 5)
    invoked from within
"uplevel $contents_of_test"
------------------ testing $PTII/ptolemy/domains/de/test/auto/ActorDepthCalculation_actorWithoutPorts.xml
auto.tcl: Setting watchdog for 200 seconds at Sat Feb 16 03:34:33 UTC 2019
4 ms. Memory: 146944K Free: 138972K (95%)
ptolemy.util.test.WatchDog.cancel(): canceling Sat Feb 16 03:34:33 UTC 2019
auto.tcl: Setting watchdog for 200 seconds at Sat Feb 16 03:34:33 UTC 2019
4 ms. Memory: 146944K Free: 137954K (94%)
ptolemy.util.test.WatchDog.cancel(): canceling Sat Feb 16 03:34:33 UTC 2019
------------------ testing $PTII/ptolemy/domains/de/test/auto/AssemblyLine.xml
auto.tcl: Setting watchdog for 200 seconds at Sat Feb 16 03:34:34 UTC 2019
22 ms. Memory: 208384K Free: 183413K (88%)
ptolemy.util.test.WatchDog.cancel(): canceling Sat Feb 16 03:34:34 UTC 2019
auto.tcl: Setting watchdog for 200 seconds at Sat Feb 16 03:34:34 UTC 2019
6 ms. Memory: 208384K Free: 183413K (88%)
ptolemy.util.test.WatchDog.cancel(): canceling Sat Feb 16 03:34:34 UTC 2019
------------------ testing $PTII/ptolemy/domains/de/test/auto/CQBug1.xml
auto.tcl: Setting watchdog for 200 seconds at Sat Feb 16 03:34:34 UTC 2019
7 ms. Memory: 208384K Free: 197911K (95%)
ptolemy.util.test.WatchDog.cancel(): canceling Sat Feb 16 03:34:34 UTC 2019
auto.tcl: Setting watchdog for 200 seconds at Sat Feb 16 03:34:34 UTC 2019
2 ms. Memory: 208384K Free: 197391K (95%)
ptolemy.util.test.WatchDog.cancel(): canceling Sat Feb 16 03:34:34 UTC 2019
------------------ testing $PTII/ptolemy/domains/de/test/auto/CancelFireAt.xml
auto.tcl: Setting watchdog for 200 seconds at Sat Feb 16 03:34:34 UTC 2019
11 ms. Memory: 208384K Free: 201048K (96%)
ptolemy.util.test.WatchDog.cancel(): canceling Sat Feb 16 03:34:34 UTC 2019
auto.tcl: Setting watchdog for 200 seconds at Sat Feb 16 03:34:34 UTC 2019
5 ms. Memory: 208384K Free: 199011K (96%)
ptolemy.util.test.WatchDog.cancel(): canceling Sat Feb 16 03:34:34 UTC 2019
------------------ testing $PTII/ptolemy/domains/de/test/auto/CausalityAndComposabilityAnalysis.xml
auto.tcl: Setting watchdog for 200 seconds at Sat Feb 16 03:34:34 UTC 2019
17 ms. Memory: 208384K Free: 199018K (96%)
ptolemy.util.test.WatchDog.cancel(): canceling Sat Feb 16 03:34:34 UTC 2019
auto.tcl: Setting watchdog for 200 seconds at Sat Feb 16 03:34:34 UTC 2019
6 ms. Memory: 208384K Free: 196982K (95%)
ptolemy.util.test.WatchDog.cancel(): canceling Sat Feb 16 03:34:34 UTC 2019
------------------ testing $PTII/ptolemy/domains/de/test/auto/CausalityInterface1.xml
auto.tcl: Setting watchdog for 200 seconds at Sat Feb 16 03:34:34 UTC 2019
21 ms. Memory: 208384K Free: 196509K (94%)
ptolemy.util.test.WatchDog.cancel(): canceling Sat Feb 16 03:34:34 UTC 2019
auto.tcl: Setting watchdog for 200 seconds at Sat Feb 16 03:34:34 UTC 2019
4 ms. Memory: 208384K Free: 196509K (94%)
ptolemy.util.test.WatchDog.cancel(): canceling Sat Feb 16 03:34:34 UTC 2019
------------------ testing $PTII/ptolemy/domains/de/test/auto/CausalityInterface15.xml
auto.tcl: Setting watchdog for 200 seconds at Sat Feb 16 03:34:34 UTC 2019
3 ms. Memory: 208384K Free: 196468K (94%)
ptolemy.util.test.WatchDog.cancel(): canceling Sat Feb 16 03:34:34 UTC 2019
auto.tcl: Setting watchdog for 200 seconds at Sat Feb 16 03:34:34 UTC 2019
4 ms. Memory: 208384K Free: 196468K (94%)
ptolemy.util.test.WatchDog.cancel(): canceling Sat Feb 16 03:34:34 UTC 2019
------------------ testing $PTII/ptolemy/domains/de/test/auto/CausalityInterface2.xml
auto.tcl: Setting watchdog for 200 seconds at Sat Feb 16 03:34:34 UTC 2019
6 ms. Memory: 208384K Free: 196484K (94%)
ptolemy.util.test.WatchDog.cancel(): canceling Sat Feb 16 03:34:34 UTC 2019
auto.tcl: Setting watchdog for 200 seconds at Sat Feb 16 03:34:34 UTC 2019
6 ms. Memory: 208384K Free: 196484K (94%)
ptolemy.util.test.WatchDog.cancel(): canceling Sat Feb 16 03:34:34 UTC 2019
------------------ testing $PTII/ptolemy/domains/de/test/auto/CausalityInterface3.xml
auto.tcl: Setting watchdog for 200 seconds at Sat Feb 16 03:34:35 UTC 2019
5 ms. Memory: 208384K Free: 196496K (94%)
ptolemy.util.test.WatchDog.cancel(): canceling Sat Feb 16 03:34:35 UTC 2019
auto.tcl: Setting watchdog for 200 seconds at Sat Feb 16 03:34:35 UTC 2019
3 ms. Memory: 208384K Free: 196496K (94%)
ptolemy.util.test.WatchDog.cancel(): canceling Sat Feb 16 03:34:35 UTC 2019
------------------ testing $PTII/ptolemy/domains/de/test/auto/ClockDrift.xml
auto.tcl: Setting watchdog for 200 seconds at Sat Feb 16 03:34:35 UTC 2019
89 ms. Memory: 208384K Free: 187918K (90%)
ptolemy.util.test.WatchDog.cancel(): canceling Sat Feb 16 03:34:35 UTC 2019
auto.tcl: Setting watchdog for 200 seconds at Sat Feb 16 03:34:35 UTC 2019
56 ms. Memory: 208384K Free: 185881K (89%)
ptolemy.util.test.WatchDog.cancel(): canceling Sat Feb 16 03:34:35 UTC 2019
------------------ testing $PTII/ptolemy/domains/de/test/auto/ClockDriftAndValueChange.xml
auto.tcl: Setting watchdog for 200 seconds at Sat Feb 16 03:34:35 UTC 2019
45 ms. Memory: 208384K Free: 187752K (90%)
ptolemy.util.test.WatchDog.cancel(): canceling Sat Feb 16 03:34:35 UTC 2019
auto.tcl: Setting watchdog for 200 seconds at Sat Feb 16 03:34:35 UTC 2019
40 ms. Memory: 208384K Free: 185716K (89%)
ptolemy.util.test.WatchDog.cancel(): canceling Sat Feb 16 03:34:35 UTC 2019
------------------ testing $PTII/ptolemy/domains/de/test/auto/ClockDriftChange.xml
auto.tcl: Setting watchdog for 200 seconds at Sat Feb 16 03:34:35 UTC 2019
29 ms. Memory: 208384K Free: 191011K (92%)
ptolemy.util.test.WatchDog.cancel(): canceling Sat Feb 16 03:34:35 UTC 2019
auto.tcl: Setting watchdog for 200 seconds at Sat Feb 16 03:34:35 UTC 2019
28 ms. Memory: 208384K Free: 188974K (91%)
ptolemy.util.test.WatchDog.cancel(): canceling Sat Feb 16 03:34:35 UTC 2019
------------------ testing $PTII/ptolemy/domains/de/test/auto/ComposableCausalityAnalysis.xml
auto.tcl: Setting watchdog for 200 seconds at Sat Feb 16 03:34:35 UTC 2019
2 ms. Memory: 208384K Free: 196351K (94%)
ptolemy.util.test.WatchDog.cancel(): canceling Sat Feb 16 03:34:35 UTC 2019
auto.tcl: Setting watchdog for 200 seconds at Sat Feb 16 03:34:35 UTC 2019
2 ms. Memory: 208384K Free: 194315K (93%)
ptolemy.util.test.WatchDog.cancel(): canceling Sat Feb 16 03:34:35 UTC 2019
------------------ testing $PTII/ptolemy/domains/de/test/auto/DEFixedPointLimitation.xml
auto.tcl: Setting watchdog for 200 seconds at Sat Feb 16 03:34:35 UTC 2019
1 ms. Memory: 208384K Free: 198468K (95%)
ptolemy.util.test.WatchDog.cancel(): canceling Sat Feb 16 03:34:35 UTC 2019
auto.tcl: Setting watchdog for 200 seconds at Sat Feb 16 03:34:35 UTC 2019
1 ms. Memory: 208384K Free: 196432K (94%)
ptolemy.util.test.WatchDog.cancel(): canceling Sat Feb 16 03:34:35 UTC 2019
------------------ testing $PTII/ptolemy/domains/de/test/auto/DEScheduleTest.xml
auto.tcl: Setting watchdog for 200 seconds at Sat Feb 16 03:34:35 UTC 2019
3 ms. Memory: 208384K Free: 199023K (96%)
ptolemy.util.test.WatchDog.cancel(): canceling Sat Feb 16 03:34:35 UTC 2019
auto.tcl: Setting watchdog for 200 seconds at Sat Feb 16 03:34:35 UTC 2019
5 ms. Memory: 208384K Free: 196467K (94%)
ptolemy.util.test.WatchDog.cancel(): canceling Sat Feb 16 03:34:35 UTC 2019
------------------ testing $PTII/ptolemy/domains/de/test/auto/DEinDEwithStartTimes.xml
auto.tcl: Setting watchdog for 200 seconds at Sat Feb 16 03:34:35 UTC 2019
3 ms. Memory: 208384K Free: 196437K (94%)
ptolemy.util.test.WatchDog.cancel(): canceling Sat Feb 16 03:34:35 UTC 2019
auto.tcl: Setting watchdog for 200 seconds at Sat Feb 16 03:34:35 UTC 2019
3 ms. Memory: 208384K Free: 194401K (93%)
ptolemy.util.test.WatchDog.cancel(): canceling Sat Feb 16 03:34:35 UTC 2019
------------------ testing $PTII/ptolemy/domains/de/test/auto/DEinDEwithStartTimes2.xml
auto.tcl: Setting watchdog for 200 seconds at Sat Feb 16 03:34:35 UTC 2019
7 ms. Memory: 208384K Free: 196936K (95%)
ptolemy.util.test.WatchDog.cancel(): canceling Sat Feb 16 03:34:36 UTC 2019
auto.tcl: Setting watchdog for 200 seconds at Sat Feb 16 03:34:36 UTC 2019
4 ms. Memory: 208384K Free: 194381K (93%)
ptolemy.util.test.WatchDog.cancel(): canceling Sat Feb 16 03:34:36 UTC 2019
------------------ testing $PTII/ptolemy/domains/de/test/auto/DateDemo.xml
auto.tcl: Setting watchdog for 200 seconds at Sat Feb 16 03:34:36 UTC 2019
7 ms. Memory: 208384K Free: 189037K (91%)
ptolemy.util.test.WatchDog.cancel(): canceling Sat Feb 16 03:34:36 UTC 2019
auto.tcl: Setting watchdog for 200 seconds at Sat Feb 16 03:34:36 UTC 2019
10 ms. Memory: 208384K Free: 187000K (90%)
ptolemy.util.test.WatchDog.cancel(): canceling Sat Feb 16 03:34:36 UTC 2019
------------------ testing $PTII/ptolemy/domains/de/test/auto/DateToEvent.xml
auto.tcl: Setting watchdog for 200 seconds at Sat Feb 16 03:34:36 UTC 2019
2016 ms. Memory: 208384K Free: 183935K (88%)
ptolemy.util.test.WatchDog.cancel(): canceling Sat Feb 16 03:34:38 UTC 2019
auto.tcl: Setting watchdog for 200 seconds at Sat Feb 16 03:34:38 UTC 2019
2005 ms. Memory: 208384K Free: 183935K (88%)
ptolemy.util.test.WatchDog.cancel(): canceling Sat Feb 16 03:34:40 UTC 2019
------------------ testing $PTII/ptolemy/domains/de/test/auto/DepthTest1.xml
auto.tcl: Setting watchdog for 200 seconds at Sat Feb 16 03:34:40 UTC 2019
4 ms. Memory: 208384K Free: 198553K (95%)
ptolemy.util.test.WatchDog.cancel(): canceling Sat Feb 16 03:34:40 UTC 2019
auto.tcl: Setting watchdog for 200 seconds at Sat Feb 16 03:34:40 UTC 2019
1 ms. Memory: 208384K Free: 198553K (95%)
ptolemy.util.test.WatchDog.cancel(): canceling Sat Feb 16 03:34:40 UTC 2019
------------------ testing $PTII/ptolemy/domains/de/test/auto/DepthTest2.xml
auto.tcl: Setting watchdog for 200 seconds at Sat Feb 16 03:34:40 UTC 2019
3 ms. Memory: 208384K Free: 194395K (93%)
ptolemy.util.test.WatchDog.cancel(): canceling Sat Feb 16 03:34:40 UTC 2019
auto.tcl: Setting watchdog for 200 seconds at Sat Feb 16 03:34:40 UTC 2019
4 ms. Memory: 208384K Free: 194395K (93%)
ptolemy.util.test.WatchDog.cancel(): canceling Sat Feb 16 03:34:40 UTC 2019
------------------ testing $PTII/ptolemy/domains/de/test/auto/DepthTest3.xml
auto.tcl: Setting watchdog for 200 seconds at Sat Feb 16 03:34:40 UTC 2019
3 ms. Memory: 208384K Free: 198888K (95%)
ptolemy.util.test.WatchDog.cancel(): canceling Sat Feb 16 03:34:40 UTC 2019
auto.tcl: Setting watchdog for 200 seconds at Sat Feb 16 03:34:40 UTC 2019
1 ms. Memory: 208384K Free: 198888K (95%)
ptolemy.util.test.WatchDog.cancel(): canceling Sat Feb 16 03:34:40 UTC 2019
------------------ testing $PTII/ptolemy/domains/de/test/auto/DepthTest4.xml
auto.tcl: Setting watchdog for 200 seconds at Sat Feb 16 03:34:40 UTC 2019
5 ms. Memory: 208384K Free: 196420K (94%)
ptolemy.util.test.WatchDog.cancel(): canceling Sat Feb 16 03:34:40 UTC 2019
auto.tcl: Setting watchdog for 200 seconds at Sat Feb 16 03:34:40 UTC 2019
1 ms. Memory: 208384K Free: 196420K (94%)
ptolemy.util.test.WatchDog.cancel(): canceling Sat Feb 16 03:34:40 UTC 2019
------------------ testing $PTII/ptolemy/domains/de/test/auto/DepthTest5.xml
auto.tcl: Setting watchdog for 200 seconds at Sat Feb 16 03:34:40 UTC 2019
3 ms. Memory: 208384K Free: 196886K (94%)
ptolemy.util.test.WatchDog.cancel(): canceling Sat Feb 16 03:34:40 UTC 2019
auto.tcl: Setting watchdog for 200 seconds at Sat Feb 16 03:34:40 UTC 2019
2 ms. Memory: 208384K Free: 196886K (94%)
ptolemy.util.test.WatchDog.cancel(): canceling Sat Feb 16 03:34:40 UTC 2019
------------------ testing $PTII/ptolemy/domains/de/test/auto/DepthTest6.xml
auto.tcl: Setting watchdog for 200 seconds at Sat Feb 16 03:34:40 UTC 2019
6 ms. Memory: 208384K Free: 196863K (94%)
ptolemy.util.test.WatchDog.cancel(): canceling Sat Feb 16 03:34:40 UTC 2019
auto.tcl: Setting watchdog for 200 seconds at Sat Feb 16 03:34:40 UTC 2019
2 ms. Memory: 208384K Free: 196863K (94%)
ptolemy.util.test.WatchDog.cancel(): canceling Sat Feb 16 03:34:40 UTC 2019
------------------ testing $PTII/ptolemy/domains/de/test/auto/DepthTest7.xml
auto.tcl: Setting watchdog for 200 seconds at Sat Feb 16 03:34:40 UTC 2019
6 ms. Memory: 208384K Free: 195096K (94%)
ptolemy.util.test.WatchDog.cancel(): canceling Sat Feb 16 03:34:40 UTC 2019
auto.tcl: Setting watchdog for 200 seconds at Sat Feb 16 03:34:40 UTC 2019
2 ms. Memory: 208384K Free: 195096K (94%)
ptolemy.util.test.WatchDog.cancel(): canceling Sat Feb 16 03:34:40 UTC 2019
------------------ testing $PTII/ptolemy/domains/de/test/auto/EventToDate.xml
auto.tcl: Setting watchdog for 200 seconds at Sat Feb 16 03:34:40 UTC 2019
3010 ms. Memory: 208384K Free: 183706K (88%)
ptolemy.util.test.WatchDog.cancel(): canceling Sat Feb 16 03:34:43 UTC 2019
auto.tcl: Setting watchdog for 200 seconds at Sat Feb 16 03:34:43 UTC 2019
3004 ms. Memory: 208384K Free: 183706K (88%)
ptolemy.util.test.WatchDog.cancel(): canceling Sat Feb 16 03:34:46 UTC 2019
------------------ testing $PTII/ptolemy/domains/de/test/auto/FSM1.xml
auto.tcl: Setting watchdog for 200 seconds at Sat Feb 16 03:34:46 UTC 2019
17 ms. Memory: 208384K Free: 189503K (91%)
ptolemy.util.test.WatchDog.cancel(): canceling Sat Feb 16 03:34:46 UTC 2019
auto.tcl: Setting watchdog for 200 seconds at Sat Feb 16 03:34:46 UTC 2019
14 ms. Memory: 208384K Free: 185430K (89%)
ptolemy.util.test.WatchDog.cancel(): canceling Sat Feb 16 03:34:46 UTC 2019
------------------ testing $PTII/ptolemy/domains/de/test/auto/FSM7.xml
auto.tcl: Setting watchdog for 200 seconds at Sat Feb 16 03:34:46 UTC 2019
13 ms. Memory: 208384K Free: 189705K (91%)
ptolemy.util.test.WatchDog.cancel(): canceling Sat Feb 16 03:34:47 UTC 2019
auto.tcl: Setting watchdog for 200 seconds at Sat Feb 16 03:34:47 UTC 2019
12 ms. Memory: 208384K Free: 185633K (89%)
ptolemy.util.test.WatchDog.cancel(): canceling Sat Feb 16 03:34:47 UTC 2019
------------------ testing $PTII/ptolemy/domains/de/test/auto/Inspection.xml
auto.tcl: Setting watchdog for 200 seconds at Sat Feb 16 03:34:47 UTC 2019
45 ms. Memory: 208384K Free: 189403K (91%)
ptolemy.util.test.WatchDog.cancel(): canceling Sat Feb 16 03:34:47 UTC 2019
auto.tcl: Setting watchdog for 200 seconds at Sat Feb 16 03:34:47 UTC 2019
37 ms. Memory: 208384K Free: 187367K (90%)
ptolemy.util.test.WatchDog.cancel(): canceling Sat Feb 16 03:34:47 UTC 2019
------------------ testing $PTII/ptolemy/domains/de/test/auto/Iteration.xml
auto.tcl: Setting watchdog for 200 seconds at Sat Feb 16 03:34:47 UTC 2019
8 ms. Memory: 208384K Free: 196131K (94%)
ptolemy.util.test.WatchDog.cancel(): canceling Sat Feb 16 03:34:47 UTC 2019
auto.tcl: Setting watchdog for 200 seconds at Sat Feb 16 03:34:47 UTC 2019
7 ms. Memory: 208384K Free: 194095K (93%)
ptolemy.util.test.WatchDog.cancel(): canceling Sat Feb 16 03:34:47 UTC 2019
------------------ testing $PTII/ptolemy/domains/de/test/auto/LineFault.xml
auto.tcl: Setting watchdog for 200 seconds at Sat Feb 16 03:34:47 UTC 2019
765 ms. Memory: 208384K Free: 199855K (96%)
ptolemy.util.test.WatchDog.cancel(): canceling Sat Feb 16 03:34:48 UTC 2019
auto.tcl: Setting watchdog for 200 seconds at Sat Feb 16 03:34:48 UTC 2019
629 ms. Memory: 208384K Free: 142581K (68%)
ptolemy.util.test.WatchDog.cancel(): canceling Sat Feb 16 03:34:48 UTC 2019
------------------ testing $PTII/ptolemy/domains/de/test/auto/MergeModel1Add.xml
auto.tcl: Setting watchdog for 200 seconds at Sat Feb 16 03:34:49 UTC 2019
28 ms. Memory: 331264K Free: 300863K (91%)
ptolemy.util.test.WatchDog.cancel(): canceling Sat Feb 16 03:34:49 UTC 2019
auto.tcl: Setting watchdog for 200 seconds at Sat Feb 16 03:34:49 UTC 2019
12 ms. Memory: 331264K Free: 300863K (91%)
ptolemy.util.test.WatchDog.cancel(): canceling Sat Feb 16 03:34:49 UTC 2019
------------------ testing $PTII/ptolemy/domains/de/test/auto/MergeModel2Add.xml
auto.tcl: Setting watchdog for 200 seconds at Sat Feb 16 03:34:49 UTC 2019
10 ms. Memory: 331264K Free: 305774K (92%)
ptolemy.util.test.WatchDog.cancel(): canceling Sat Feb 16 03:34:49 UTC 2019
auto.tcl: Setting watchdog for 200 seconds at Sat Feb 16 03:34:49 UTC 2019
8 ms. Memory: 331264K Free: 302216K (91%)
ptolemy.util.test.WatchDog.cancel(): canceling Sat Feb 16 03:34:49 UTC 2019
------------------ testing $PTII/ptolemy/domains/de/test/auto/MergeModel3Add.xml
auto.tcl: Setting watchdog for 200 seconds at Sat Feb 16 03:34:49 UTC 2019
9 ms. Memory: 331264K Free: 305753K (92%)
ptolemy.util.test.WatchDog.cancel(): canceling Sat Feb 16 03:34:49 UTC 2019
auto.tcl: Setting watchdog for 200 seconds at Sat Feb 16 03:34:49 UTC 2019
7 ms. Memory: 331264K Free: 302195K (91%)
ptolemy.util.test.WatchDog.cancel(): canceling Sat Feb 16 03:34:49 UTC 2019
------------------ testing $PTII/ptolemy/domains/de/test/auto/MergeWithoutDiscard.xml
auto.tcl: Setting watchdog for 200 seconds at Sat Feb 16 03:34:49 UTC 2019
2 ms. Memory: 331264K Free: 316458K (96%)
ptolemy.util.test.WatchDog.cancel(): canceling Sat Feb 16 03:34:49 UTC 2019
auto.tcl: Setting watchdog for 200 seconds at Sat Feb 16 03:34:49 UTC 2019
2 ms. Memory: 331264K Free: 316458K (96%)
ptolemy.util.test.WatchDog.cancel(): canceling Sat Feb 16 03:34:49 UTC 2019
------------------ testing $PTII/ptolemy/domains/de/test/auto/Modal1.xml
auto.tcl: Setting watchdog for 200 seconds at Sat Feb 16 03:34:49 UTC 2019
14 ms. Memory: 331264K Free: 310756K (94%)
ptolemy.util.test.WatchDog.cancel(): canceling Sat Feb 16 03:34:49 UTC 2019
auto.tcl: Setting watchdog for 200 seconds at Sat Feb 16 03:34:49 UTC 2019
19 ms. Memory: 331264K Free: 307198K (93%)
ptolemy.util.test.WatchDog.cancel(): canceling Sat Feb 16 03:34:49 UTC 2019
------------------ testing $PTII/ptolemy/domains/de/test/auto/Modal2.xml
auto.tcl: Setting watchdog for 200 seconds at Sat Feb 16 03:34:49 UTC 2019
11 ms. Memory: 331264K Free: 310614K (94%)
ptolemy.util.test.WatchDog.cancel(): canceling Sat Feb 16 03:34:49 UTC 2019
auto.tcl: Setting watchdog for 200 seconds at Sat Feb 16 03:34:49 UTC 2019
11 ms. Memory: 331264K Free: 307055K (93%)
ptolemy.util.test.WatchDog.cancel(): canceling Sat Feb 16 03:34:49 UTC 2019
------------------ testing $PTII/ptolemy/domains/de/test/auto/Modal3.xml
auto.tcl: Setting watchdog for 200 seconds at Sat Feb 16 03:34:49 UTC 2019
13 ms. Memory: 331264K Free: 311092K (94%)
ptolemy.util.test.WatchDog.cancel(): canceling Sat Feb 16 03:34:49 UTC 2019
auto.tcl: Setting watchdog for 200 seconds at Sat Feb 16 03:34:49 UTC 2019
9 ms. Memory: 331264K Free: 306858K (93%)
ptolemy.util.test.WatchDog.cancel(): canceling Sat Feb 16 03:34:49 UTC 2019
------------------ testing $PTII/ptolemy/domains/de/test/auto/Modal4.xml
auto.tcl: Setting watchdog for 200 seconds at Sat Feb 16 03:34:49 UTC 2019
22 ms. Memory: 331264K Free: 310415K (94%)
ptolemy.util.test.WatchDog.cancel(): canceling Sat Feb 16 03:34:49 UTC 2019
auto.tcl: Setting watchdog for 200 seconds at Sat Feb 16 03:34:49 UTC 2019
20 ms. Memory: 331264K Free: 306857K (93%)
ptolemy.util.test.WatchDog.cancel(): canceling Sat Feb 16 03:34:49 UTC 2019
------------------ testing $PTII/ptolemy/domains/de/test/auto/Modal5.xml
auto.tcl: Setting watchdog for 200 seconds at Sat Feb 16 03:34:49 UTC 2019
20 ms. Memory: 331264K Free: 310402K (94%)
ptolemy.util.test.WatchDog.cancel(): canceling Sat Feb 16 03:34:49 UTC 2019
auto.tcl: Setting watchdog for 200 seconds at Sat Feb 16 03:34:49 UTC 2019
12 ms. Memory: 331264K Free: 306843K (93%)
ptolemy.util.test.WatchDog.cancel(): canceling Sat Feb 16 03:34:49 UTC 2019
------------------ testing $PTII/ptolemy/domains/de/test/auto/Modal6.xml
auto.tcl: Setting watchdog for 200 seconds at Sat Feb 16 03:34:49 UTC 2019
10 ms. Memory: 331264K Free: 310399K (94%)
ptolemy.util.test.WatchDog.cancel(): canceling Sat Feb 16 03:34:50 UTC 2019
auto.tcl: Setting watchdog for 200 seconds at Sat Feb 16 03:34:50 UTC 2019
12 ms. Memory: 331264K Free: 306841K (93%)
ptolemy.util.test.WatchDog.cancel(): canceling Sat Feb 16 03:34:50 UTC 2019
------------------ testing $PTII/ptolemy/domains/de/test/auto/Modal7.xml
auto.tcl: Setting watchdog for 200 seconds at Sat Feb 16 03:34:50 UTC 2019
9 ms. Memory: 331264K Free: 306841K (93%)
ptolemy.util.test.WatchDog.cancel(): canceling Sat Feb 16 03:34:50 UTC 2019
auto.tcl: Setting watchdog for 200 seconds at Sat Feb 16 03:34:50 UTC 2019
9 ms. Memory: 331264K Free: 303282K (92%)
ptolemy.util.test.WatchDog.cancel(): canceling Sat Feb 16 03:34:50 UTC 2019
------------------ testing $PTII/ptolemy/domains/de/test/auto/ModalModel.xml
auto.tcl: Setting watchdog for 200 seconds at Sat Feb 16 03:34:50 UTC 2019
206 ms. Memory: 331264K Free: 248082K (75%)
ptolemy.util.test.WatchDog.cancel(): canceling Sat Feb 16 03:34:50 UTC 2019
auto.tcl: Setting watchdog for 200 seconds at Sat Feb 16 03:34:50 UTC 2019
183 ms. Memory: 331264K Free: 191145K (58%)
ptolemy.util.test.WatchDog.cancel(): canceling Sat Feb 16 03:34:50 UTC 2019
------------------ testing $PTII/ptolemy/domains/de/test/auto/ModalSource.xml
auto.tcl: Setting watchdog for 200 seconds at Sat Feb 16 03:34:50 UTC 2019
8 ms. Memory: 331264K Free: 317105K (96%)
ptolemy.util.test.WatchDog.cancel(): canceling Sat Feb 16 03:34:50 UTC 2019
auto.tcl: Setting watchdog for 200 seconds at Sat Feb 16 03:34:50 UTC 2019
8 ms. Memory: 331264K Free: 313844K (95%)
ptolemy.util.test.WatchDog.cancel(): canceling Sat Feb 16 03:34:50 UTC 2019
------------------ testing $PTII/ptolemy/domains/de/test/auto/NonInterruptibleTimerZeroDelay.xml
auto.tcl: Setting watchdog for 200 seconds at Sat Feb 16 03:34:50 UTC 2019
3 ms. Memory: 331264K Free: 321018K (97%)
ptolemy.util.test.WatchDog.cancel(): canceling Sat Feb 16 03:34:50 UTC 2019
auto.tcl: Setting watchdog for 200 seconds at Sat Feb 16 03:34:50 UTC 2019
2 ms. Memory: 331264K Free: 317757K (96%)
ptolemy.util.test.WatchDog.cancel(): canceling Sat Feb 16 03:34:50 UTC 2019
------------------ testing $PTII/ptolemy/domains/de/test/auto/OpenQueueingNetwork.xml
auto.tcl: Setting watchdog for 200 seconds at Sat Feb 16 03:34:50 UTC 2019
2817 ms. Memory: 573952K Free: 408654K (71%)
ptolemy.util.test.WatchDog.cancel(): canceling Sat Feb 16 03:34:53 UTC 2019
auto.tcl: Setting watchdog for 200 seconds at Sat Feb 16 03:34:53 UTC 2019
2526 ms. Memory: 574464K Free: 329073K (57%)
ptolemy.util.test.WatchDog.cancel(): canceling Sat Feb 16 03:34:56 UTC 2019
------------------ testing $PTII/ptolemy/domains/de/test/auto/OpenQueuingNetwork.xml
auto.tcl: Setting watchdog for 200 seconds at Sat Feb 16 03:34:56 UTC 2019
254 ms. Memory: 1064960K Free: 946529K (89%)
ptolemy.util.test.WatchDog.cancel(): canceling Sat Feb 16 03:34:56 UTC 2019
auto.tcl: Setting watchdog for 200 seconds at Sat Feb 16 03:34:56 UTC 2019
241 ms. Memory: 1064960K Free: 881375K (83%)
ptolemy.util.test.WatchDog.cancel(): canceling Sat Feb 16 03:34:56 UTC 2019
------------------ testing $PTII/ptolemy/domains/de/test/auto/PeriodicSampler.xml
auto.tcl: Setting watchdog for 200 seconds at Sat Feb 16 03:34:56 UTC 2019
2 ms. Memory: 1065472K Free: 1038519K (97%)
ptolemy.util.test.WatchDog.cancel(): canceling Sat Feb 16 03:34:57 UTC 2019
auto.tcl: Setting watchdog for 200 seconds at Sat Feb 16 03:34:57 UTC 2019
2 ms. Memory: 1065472K Free: 1038519K (97%)
ptolemy.util.test.WatchDog.cancel(): canceling Sat Feb 16 03:34:57 UTC 2019
------------------ testing $PTII/ptolemy/domains/de/test/auto/PersistentIO.xml
auto.tcl: Setting watchdog for 200 seconds at Sat Feb 16 03:34:57 UTC 2019
11 ms. Memory: 1065472K Free: 1040247K (98%)
ptolemy.util.test.WatchDog.cancel(): canceling Sat Feb 16 03:34:57 UTC 2019
auto.tcl: Setting watchdog for 200 seconds at Sat Feb 16 03:34:57 UTC 2019
3 ms. Memory: 1065472K Free: 1040247K (98%)
ptolemy.util.test.WatchDog.cancel(): canceling Sat Feb 16 03:34:57 UTC 2019
------------------ testing $PTII/ptolemy/domains/de/test/auto/PortParameterResetOnInitialize.xml
auto.tcl: Setting watchdog for 200 seconds at Sat Feb 16 03:34:57 UTC 2019
2 ms. Memory: 1065472K Free: 1029149K (97%)
ptolemy.util.test.WatchDog.cancel(): canceling Sat Feb 16 03:34:57 UTC 2019
auto.tcl: Setting watchdog for 200 seconds at Sat Feb 16 03:34:57 UTC 2019
1 ms. Memory: 1065472K Free: 1029149K (97%)
ptolemy.util.test.WatchDog.cancel(): canceling Sat Feb 16 03:34:57 UTC 2019
------------------ testing $PTII/ptolemy/domains/de/test/auto/PortParameterUpdates.xml
auto.tcl: Setting watchdog for 200 seconds at Sat Feb 16 03:34:57 UTC 2019
5 ms. Memory: 1065472K Free: 1040241K (98%)
ptolemy.util.test.WatchDog.cancel(): canceling Sat Feb 16 03:34:57 UTC 2019
auto.tcl: Setting watchdog for 200 seconds at Sat Feb 16 03:34:57 UTC 2019
3 ms. Memory: 1065472K Free: 1040241K (98%)
ptolemy.util.test.WatchDog.cancel(): canceling Sat Feb 16 03:34:57 UTC 2019
------------------ testing $PTII/ptolemy/domains/de/test/auto/QueueAndServer.xml
auto.tcl: Setting watchdog for 200 seconds at Sat Feb 16 03:34:57 UTC 2019
18 ms. Memory: 1065472K Free: 1039064K (98%)
ptolemy.util.test.WatchDog.cancel(): canceling Sat Feb 16 03:34:57 UTC 2019
auto.tcl: Setting watchdog for 200 seconds at Sat Feb 16 03:34:57 UTC 2019
4 ms. Memory: 1065472K Free: 1039064K (98%)
ptolemy.util.test.WatchDog.cancel(): canceling Sat Feb 16 03:34:57 UTC 2019
------------------ testing $PTII/ptolemy/domains/de/test/auto/Records.xml
auto.tcl: Setting watchdog for 200 seconds at Sat Feb 16 03:34:57 UTC 2019
7 ms. Memory: 1065472K Free: 1039007K (98%)
ptolemy.util.test.WatchDog.cancel(): canceling Sat Feb 16 03:34:57 UTC 2019
auto.tcl: Setting watchdog for 200 seconds at Sat Feb 16 03:34:57 UTC 2019
2 ms. Memory: 1065472K Free: 1039007K (98%)
ptolemy.util.test.WatchDog.cancel(): canceling Sat Feb 16 03:34:57 UTC 2019
------------------ testing $PTII/ptolemy/domains/de/test/auto/ResetTransitionWithStartTime1.xml
auto.tcl: Setting watchdog for 200 seconds at Sat Feb 16 03:34:57 UTC 2019
11 ms. Memory: 1065472K Free: 1040170K (98%)
ptolemy.util.test.WatchDog.cancel(): canceling Sat Feb 16 03:34:57 UTC 2019
auto.tcl: Setting watchdog for 200 seconds at Sat Feb 16 03:34:57 UTC 2019
7 ms. Memory: 1065472K Free: 1040170K (98%)
ptolemy.util.test.WatchDog.cancel(): canceling Sat Feb 16 03:34:57 UTC 2019
------------------ testing $PTII/ptolemy/domains/de/test/auto/ResetTransitionWithStartTime2.xml
auto.tcl: Setting watchdog for 200 seconds at Sat Feb 16 03:34:57 UTC 2019
4 ms. Memory: 1064448K Free: 1039138K (98%)
ptolemy.util.test.WatchDog.cancel(): canceling Sat Feb 16 03:34:57 UTC 2019
auto.tcl: Setting watchdog for 200 seconds at Sat Feb 16 03:34:57 UTC 2019
9 ms. Memory: 1064448K Free: 1039138K (98%)
ptolemy.util.test.WatchDog.cancel(): canceling Sat Feb 16 03:34:57 UTC 2019
------------------ testing $PTII/ptolemy/domains/de/test/auto/ResetTransitionWithStartTime3.xml
auto.tcl: Setting watchdog for 200 seconds at Sat Feb 16 03:34:57 UTC 2019
7 ms. Memory: 1064960K Free: 1038509K (98%)
ptolemy.util.test.WatchDog.cancel(): canceling Sat Feb 16 03:34:57 UTC 2019
auto.tcl: Setting watchdog for 200 seconds at Sat Feb 16 03:34:57 UTC 2019
6 ms. Memory: 1064960K Free: 1038509K (98%)
ptolemy.util.test.WatchDog.cancel(): canceling Sat Feb 16 03:34:57 UTC 2019
------------------ testing $PTII/ptolemy/domains/de/test/auto/ResetTransitionWithStartTime4.xml
auto.tcl: Setting watchdog for 200 seconds at Sat Feb 16 03:34:57 UTC 2019
3 ms. Memory: 1064960K Free: 1038508K (98%)
ptolemy.util.test.WatchDog.cancel(): canceling Sat Feb 16 03:34:57 UTC 2019
auto.tcl: Setting watchdog for 200 seconds at Sat Feb 16 03:34:57 UTC 2019
4 ms. Memory: 1064960K Free: 1038508K (98%)
ptolemy.util.test.WatchDog.cancel(): canceling Sat Feb 16 03:34:57 UTC 2019
------------------ testing $PTII/ptolemy/domains/de/test/auto/ResettableTimer1.xml
auto.tcl: Setting watchdog for 200 seconds at Sat Feb 16 03:34:57 UTC 2019
3 ms. Memory: 1064960K Free: 1038504K (98%)
ptolemy.util.test.WatchDog.cancel(): canceling Sat Feb 16 03:34:57 UTC 2019
auto.tcl: Setting watchdog for 200 seconds at Sat Feb 16 03:34:57 UTC 2019
2 ms. Memory: 1064960K Free: 1038504K (98%)
ptolemy.util.test.WatchDog.cancel(): canceling Sat Feb 16 03:34:57 UTC 2019
------------------ testing $PTII/ptolemy/domains/de/test/auto/ResettableTimer2.xml
auto.tcl: Setting watchdog for 200 seconds at Sat Feb 16 03:34:57 UTC 2019
2 ms. Memory: 1064960K Free: 1039701K (98%)
ptolemy.util.test.WatchDog.cancel(): canceling Sat Feb 16 03:34:57 UTC 2019
auto.tcl: Setting watchdog for 200 seconds at Sat Feb 16 03:34:57 UTC 2019
2 ms. Memory: 1064960K Free: 1039701K (98%)
ptolemy.util.test.WatchDog.cancel(): canceling Sat Feb 16 03:34:57 UTC 2019
------------------ testing $PTII/ptolemy/domains/de/test/auto/ResettableTimer3.xml
auto.tcl: Setting watchdog for 200 seconds at Sat Feb 16 03:34:57 UTC 2019
1 ms. Memory: 1064960K Free: 1038561K (98%)
ptolemy.util.test.WatchDog.cancel(): canceling Sat Feb 16 03:34:57 UTC 2019
auto.tcl: Setting watchdog for 200 seconds at Sat Feb 16 03:34:57 UTC 2019
1 ms. Memory: 1064960K Free: 1038561K (98%)
ptolemy.util.test.WatchDog.cancel(): canceling Sat Feb 16 03:34:57 UTC 2019
------------------ testing $PTII/ptolemy/domains/de/test/auto/ResettableTimer4.xml
auto.tcl: Setting watchdog for 200 seconds at Sat Feb 16 03:34:57 UTC 2019
1 ms. Memory: 1063936K Free: 1038690K (98%)
ptolemy.util.test.WatchDog.cancel(): canceling Sat Feb 16 03:34:57 UTC 2019
auto.tcl: Setting watchdog for 200 seconds at Sat Feb 16 03:34:57 UTC 2019
1 ms. Memory: 1063936K Free: 1038690K (98%)
ptolemy.util.test.WatchDog.cancel(): canceling Sat Feb 16 03:34:57 UTC 2019
------------------ testing $PTII/ptolemy/domains/de/test/auto/ResettableTimer5.xml
auto.tcl: Setting watchdog for 200 seconds at Sat Feb 16 03:34:57 UTC 2019
3 ms. Memory: 1064448K Free: 1028240K (97%)
ptolemy.util.test.WatchDog.cancel(): canceling Sat Feb 16 03:34:57 UTC 2019
auto.tcl: Setting watchdog for 200 seconds at Sat Feb 16 03:34:57 UTC 2019
1 ms. Memory: 1064448K Free: 1028240K (97%)
ptolemy.util.test.WatchDog.cancel(): canceling Sat Feb 16 03:34:57 UTC 2019
------------------ testing $PTII/ptolemy/domains/de/test/auto/ResettableTimer6.xml
auto.tcl: Setting watchdog for 200 seconds at Sat Feb 16 03:34:57 UTC 2019
2 ms. Memory: 1064448K Free: 1038010K (98%)
ptolemy.util.test.WatchDog.cancel(): canceling Sat Feb 16 03:34:57 UTC 2019
auto.tcl: Setting watchdog for 200 seconds at Sat Feb 16 03:34:57 UTC 2019
1 ms. Memory: 1064448K Free: 1038010K (98%)
ptolemy.util.test.WatchDog.cancel(): canceling Sat Feb 16 03:34:57 UTC 2019
------------------ testing $PTII/ptolemy/domains/de/test/auto/ServerZeroDelay.xml
auto.tcl: Setting watchdog for 200 seconds at Sat Feb 16 03:34:58 UTC 2019
4 ms. Memory: 1064448K Free: 1019499K (96%)
ptolemy.util.test.WatchDog.cancel(): canceling Sat Feb 16 03:34:58 UTC 2019
auto.tcl: Setting watchdog for 200 seconds at Sat Feb 16 03:34:58 UTC 2019
2 ms. Memory: 1064448K Free: 1019499K (96%)
ptolemy.util.test.WatchDog.cancel(): canceling Sat Feb 16 03:34:58 UTC 2019
------------------ testing $PTII/ptolemy/domains/de/test/auto/SmartSender.xml
auto.tcl: Setting watchdog for 200 seconds at Sat Feb 16 03:34:58 UTC 2019
3001 ms. Memory: 1064448K Free: 1039135K (98%)
ptolemy.util.test.WatchDog.cancel(): canceling Sat Feb 16 03:35:01 UTC 2019
auto.tcl: Setting watchdog for 200 seconds at Sat Feb 16 03:35:01 UTC 2019
3003 ms. Memory: 1064448K Free: 1039135K (98%)
ptolemy.util.test.WatchDog.cancel(): canceling Sat Feb 16 03:35:04 UTC 2019
------------------ testing $PTII/ptolemy/domains/de/test/auto/ThreadedComposite.xml
auto.tcl: Setting watchdog for 200 seconds at Sat Feb 16 03:35:04 UTC 2019
191 ms. Memory: 1064448K Free: 1017324K (96%)
ptolemy.util.test.WatchDog.cancel(): canceling Sat Feb 16 03:35:04 UTC 2019
auto.tcl: Setting watchdog for 200 seconds at Sat Feb 16 03:35:04 UTC 2019
140 ms. Memory: 1064448K Free: 1007504K (95%)
ptolemy.util.test.WatchDog.cancel(): canceling Sat Feb 16 03:35:04 UTC 2019
------------------ testing $PTII/ptolemy/domains/de/test/auto/Time.xml
auto.tcl: Setting watchdog for 200 seconds at Sat Feb 16 03:35:04 UTC 2019
487 ms. Memory: 1064448K Free: 988619K (93%)
ptolemy.util.test.WatchDog.cancel(): canceling Sat Feb 16 03:35:05 UTC 2019
auto.tcl: Setting watchdog for 200 seconds at Sat Feb 16 03:35:05 UTC 2019
474 ms. Memory: 1064448K Free: 934296K (88%)
ptolemy.util.test.WatchDog.cancel(): canceling Sat Feb 16 03:35:05 UTC 2019
------------------ testing $PTII/ptolemy/domains/de/test/auto/TimeDelayZeroDelay.xml
auto.tcl: Setting watchdog for 200 seconds at Sat Feb 16 03:35:05 UTC 2019
2 ms. Memory: 1064448K Free: 1037917K (98%)
ptolemy.util.test.WatchDog.cancel(): canceling Sat Feb 16 03:35:05 UTC 2019
auto.tcl: Setting watchdog for 200 seconds at Sat Feb 16 03:35:05 UTC 2019
2 ms. Memory: 1064448K Free: 1037917K (98%)
ptolemy.util.test.WatchDog.cancel(): canceling Sat Feb 16 03:35:05 UTC 2019
------------------ testing $PTII/ptolemy/domains/de/test/auto/TimerZeroDelay.xml
auto.tcl: Setting watchdog for 200 seconds at Sat Feb 16 03:35:05 UTC 2019
3 ms. Memory: 1063424K Free: 1038077K (98%)
ptolemy.util.test.WatchDog.cancel(): canceling Sat Feb 16 03:35:05 UTC 2019
auto.tcl: Setting watchdog for 200 seconds at Sat Feb 16 03:35:05 UTC 2019
2 ms. Memory: 1063424K Free: 1038077K (98%)
ptolemy.util.test.WatchDog.cancel(): canceling Sat Feb 16 03:35:05 UTC 2019
------------------ testing $PTII/ptolemy/domains/de/test/auto/TimingParadox.xml
auto.tcl: Setting watchdog for 200 seconds at Sat Feb 16 03:35:05 UTC 2019
339 ms. Memory: 1063936K Free: 975371K (92%)
ptolemy.util.test.WatchDog.cancel(): canceling Sat Feb 16 03:35:06 UTC 2019
auto.tcl: Setting watchdog for 200 seconds at Sat Feb 16 03:35:06 UTC 2019
319 ms. Memory: 1063936K Free: 942777K (89%)
ptolemy.util.test.WatchDog.cancel(): canceling Sat Feb 16 03:35:06 UTC 2019
------------------ testing $PTII/ptolemy/domains/de/test/auto/TransferInputs.xml
auto.tcl: Setting watchdog for 200 seconds at Sat Feb 16 03:35:06 UTC 2019
2 ms. Memory: 1063424K Free: 1037049K (98%)
ptolemy.util.test.WatchDog.cancel(): canceling Sat Feb 16 03:35:06 UTC 2019
auto.tcl: Setting watchdog for 200 seconds at Sat Feb 16 03:35:06 UTC 2019
2 ms. Memory: 1063424K Free: 1037049K (98%)
ptolemy.util.test.WatchDog.cancel(): canceling Sat Feb 16 03:35:06 UTC 2019
------------------ testing $PTII/ptolemy/domains/de/test/auto/TransferOutputs2.xml
auto.tcl: Setting watchdog for 200 seconds at Sat Feb 16 03:35:06 UTC 2019
3 ms. Memory: 1063936K Free: 1038662K (98%)
ptolemy.util.test.WatchDog.cancel(): canceling Sat Feb 16 03:35:06 UTC 2019
auto.tcl: Setting watchdog for 200 seconds at Sat Feb 16 03:35:06 UTC 2019
3 ms. Memory: 1063936K Free: 1038662K (98%)
ptolemy.util.test.WatchDog.cancel(): canceling Sat Feb 16 03:35:06 UTC 2019
------------------ testing $PTII/ptolemy/domains/de/test/auto/Trilateration.xml
auto.tcl: Setting watchdog for 200 seconds at Sat Feb 16 03:35:06 UTC 2019
14644 ms. Memory: 976384K Free: 910333K (93%)
ptolemy.util.test.WatchDog.cancel(): canceling Sat Feb 16 03:35:22 UTC 2019
auto.tcl: Setting watchdog for 200 seconds at Sat Feb 16 03:35:22 UTC 2019
11199 ms. Memory: 849408K Free: 740504K (87%)
ptolemy.util.test.WatchDog.cancel(): canceling Sat Feb 16 03:35:33 UTC 2019
------------------ testing $PTII/ptolemy/domains/de/test/auto/TwoSigmaDelta.xml
auto.tcl: Setting watchdog for 200 seconds at Sat Feb 16 03:35:33 UTC 2019
2602 ms. Memory: 853504K Free: 534036K (63%)
ptolemy.util.test.WatchDog.cancel(): canceling Sat Feb 16 03:35:36 UTC 2019
auto.tcl: Setting watchdog for 200 seconds at Sat Feb 16 03:35:36 UTC 2019
2215 ms. Memory: 853504K Free: 298531K (35%)
ptolemy.util.test.WatchDog.cancel(): canceling Sat Feb 16 03:35:38 UTC 2019
------------------ testing $PTII/ptolemy/domains/de/test/auto/VariableDelay.xml
auto.tcl: Setting watchdog for 200 seconds at Sat Feb 16 03:35:38 UTC 2019
2 ms. Memory: 849920K Free: 826011K (97%)
ptolemy.util.test.WatchDog.cancel(): canceling Sat Feb 16 03:35:38 UTC 2019
auto.tcl: Setting watchdog for 200 seconds at Sat Feb 16 03:35:38 UTC 2019
1 ms. Memory: 849920K Free: 826011K (97%)
ptolemy.util.test.WatchDog.cancel(): canceling Sat Feb 16 03:35:38 UTC 2019
------------------ testing $PTII/ptolemy/domains/de/test/auto/VariableDelay2.xml
auto.tcl: Setting watchdog for 200 seconds at Sat Feb 16 03:35:38 UTC 2019
2 ms. Memory: 849408K Free: 825912K (97%)
ptolemy.util.test.WatchDog.cancel(): canceling Sat Feb 16 03:35:38 UTC 2019
auto.tcl: Setting watchdog for 200 seconds at Sat Feb 16 03:35:38 UTC 2019
1 ms. Memory: 849408K Free: 825912K (97%)
ptolemy.util.test.WatchDog.cancel(): canceling Sat Feb 16 03:35:38 UTC 2019
------------------ testing $PTII/ptolemy/domains/de/test/auto/VariableDelayZeroDelay.xml
auto.tcl: Setting watchdog for 200 seconds at Sat Feb 16 03:35:38 UTC 2019
2 ms. Memory: 849408K Free: 826013K (97%)
ptolemy.util.test.WatchDog.cancel(): canceling Sat Feb 16 03:35:38 UTC 2019
auto.tcl: Setting watchdog for 200 seconds at Sat Feb 16 03:35:38 UTC 2019
1 ms. Memory: 849408K Free: 826013K (97%)
ptolemy.util.test.WatchDog.cancel(): canceling Sat Feb 16 03:35:38 UTC 2019
------------------ testing $PTII/ptolemy/domains/de/test/auto/VariableDelayZeroDelay2.xml
auto.tcl: Setting watchdog for 200 seconds at Sat Feb 16 03:35:38 UTC 2019
2 ms. Memory: 852992K Free: 829595K (97%)
ptolemy.util.test.WatchDog.cancel(): canceling Sat Feb 16 03:35:38 UTC 2019
auto.tcl: Setting watchdog for 200 seconds at Sat Feb 16 03:35:38 UTC 2019
2 ms. Memory: 852992K Free: 829595K (97%)
ptolemy.util.test.WatchDog.cancel(): canceling Sat Feb 16 03:35:38 UTC 2019
------------------ testing $PTII/ptolemy/domains/de/test/auto/deInCt.xml
auto.tcl: Setting watchdog for 200 seconds at Sat Feb 16 03:35:38 UTC 2019
0
1
1
1
1
0
0
0
0
1
1
1
0
0
0
0
1
1
1
0
0
0
1
1
1
0
0
0
0
0
1
1
1
0
0
0
1
1
1
0
0
0
1
1
0
0
0
1
1
1
1
10 ms. Memory: 849408K Free: 818225K (96%)
ptolemy.util.test.WatchDog.cancel(): canceling Sat Feb 16 03:35:38 UTC 2019
auto.tcl: Setting watchdog for 200 seconds at Sat Feb 16 03:35:38 UTC 2019
0
1
1
1
1
1
0
0
0
1
1
0
0
0
1
1
1
0
0
0
0
1
1
1
1
1
0
0
0
1
1
1
0
0
0
0
5 ms. Memory: 849408K Free: 818225K (96%)
ptolemy.util.test.WatchDog.cancel(): canceling Sat Feb 16 03:35:38 UTC 2019
------------------ testing $PTII/ptolemy/domains/de/test/auto/deInCt2.xml
auto.tcl: Setting watchdog for 200 seconds at Sat Feb 16 03:35:38 UTC 2019
0
1
1
1
0
0
1
1
1
0
0
1
1
1
0
0
1
1
1
0
0
1
1
1
0
0
1
1
1
0
0
1
1
1
0
0
1
1
1
0
0
0
9 ms. Memory: 852480K Free: 828976K (97%)
ptolemy.util.test.WatchDog.cancel(): canceling Sat Feb 16 03:35:38 UTC 2019
auto.tcl: Setting watchdog for 200 seconds at Sat Feb 16 03:35:38 UTC 2019
0
1
1
1
0
0
1
1
1
0
0
1
1
1
0
0
1
1
1
0
0
1
1
1
0
0
1
1
1
0
0
1
1
1
0
0
1
1
1
0
0
0
8 ms. Memory: 852480K Free: 828976K (97%)
ptolemy.util.test.WatchDog.cancel(): canceling Sat Feb 16 03:35:38 UTC 2019
------------------ testing $PTII/ptolemy/domains/de/test/auto/dynamicCausalityInterface1.xml
auto.tcl: Setting watchdog for 200 seconds at Sat Feb 16 03:35:38 UTC 2019
1 ms. Memory: 849408K Free: 826003K (97%)
ptolemy.util.test.WatchDog.cancel(): canceling Sat Feb 16 03:35:38 UTC 2019
auto.tcl: Setting watchdog for 200 seconds at Sat Feb 16 03:35:38 UTC 2019
1 ms. Memory: 849408K Free: 826003K (97%)
ptolemy.util.test.WatchDog.cancel(): canceling Sat Feb 16 03:35:38 UTC 2019
------------------ testing $PTII/ptolemy/domains/de/test/auto/fsm_de_test.xml
auto.tcl: Setting watchdog for 200 seconds at Sat Feb 16 03:35:38 UTC 2019
12 ms. Memory: 851968K Free: 820778K (96%)
ptolemy.util.test.WatchDog.cancel(): canceling Sat Feb 16 03:35:38 UTC 2019
auto.tcl: Setting watchdog for 200 seconds at Sat Feb 16 03:35:38 UTC 2019
6 ms. Memory: 851968K Free: 820778K (96%)
ptolemy.util.test.WatchDog.cancel(): canceling Sat Feb 16 03:35:38 UTC 2019
------------------ testing $PTII/ptolemy/domains/de/test/auto/functionDependencyReconstruction.xml
auto.tcl: Setting watchdog for 200 seconds at Sat Feb 16 03:35:39 UTC 2019
3 ms. Memory: 849408K Free: 807206K (95%)
ptolemy.util.test.WatchDog.cancel(): canceling Sat Feb 16 03:35:39 UTC 2019
auto.tcl: Setting watchdog for 200 seconds at Sat Feb 16 03:35:39 UTC 2019
2 ms. Memory: 849408K Free: 807206K (95%)
ptolemy.util.test.WatchDog.cancel(): canceling Sat Feb 16 03:35:39 UTC 2019
------------------ testing $PTII/ptolemy/domains/de/test/auto/multirate.xml
auto.tcl: Setting watchdog for 200 seconds at Sat Feb 16 03:35:39 UTC 2019
3 ms. Memory: 851456K Free: 820132K (96%)
ptolemy.util.test.WatchDog.cancel(): canceling Sat Feb 16 03:35:39 UTC 2019
auto.tcl: Setting watchdog for 200 seconds at Sat Feb 16 03:35:39 UTC 2019
3 ms. Memory: 851456K Free: 820132K (96%)
ptolemy.util.test.WatchDog.cancel(): canceling Sat Feb 16 03:35:39 UTC 2019
------------------ testing $PTII/ptolemy/domains/de/test/auto/multirate2.xml
auto.tcl: Setting watchdog for 200 seconds at Sat Feb 16 03:35:39 UTC 2019
2 ms. Memory: 849408K Free: 818273K (96%)
ptolemy.util.test.WatchDog.cancel(): canceling Sat Feb 16 03:35:39 UTC 2019
auto.tcl: Setting watchdog for 200 seconds at Sat Feb 16 03:35:39 UTC 2019
3 ms. Memory: 849408K Free: 818273K (96%)
ptolemy.util.test.WatchDog.cancel(): canceling Sat Feb 16 03:35:39 UTC 2019
------------------ testing $PTII/ptolemy/domains/de/test/auto/realtime.xml
auto.tcl: Setting watchdog for 200 seconds at Sat Feb 16 03:35:39 UTC 2019
10001 ms. Memory: 851456K Free: 820216K (96%)
ptolemy.util.test.WatchDog.cancel(): canceling Sat Feb 16 03:35:49 UTC 2019
auto.tcl: Setting watchdog for 200 seconds at Sat Feb 16 03:35:49 UTC 2019
10001 ms. Memory: 851456K Free: 820216K (96%)
ptolemy.util.test.WatchDog.cancel(): canceling Sat Feb 16 03:35:59 UTC 2019
------------------ testing $PTII/ptolemy/domains/de/test/auto/relationGroup.xml
auto.tcl: Setting watchdog for 200 seconds at Sat Feb 16 03:35:59 UTC 2019
2 ms. Memory: 849408K Free: 818297K (96%)
ptolemy.util.test.WatchDog.cancel(): canceling Sat Feb 16 03:35:59 UTC 2019
auto.tcl: Setting watchdog for 200 seconds at Sat Feb 16 03:35:59 UTC 2019
3 ms. Memory: 849408K Free: 818297K (96%)
ptolemy.util.test.WatchDog.cancel(): canceling Sat Feb 16 03:35:59 UTC 2019
------------------ testing $PTII/ptolemy/domains/de/test/auto/relationGroup2.xml
auto.tcl: Setting watchdog for 200 seconds at Sat Feb 16 03:35:59 UTC 2019
2 ms. Memory: 850944K Free: 819859K (96%)
ptolemy.util.test.WatchDog.cancel(): canceling Sat Feb 16 03:35:59 UTC 2019
auto.tcl: Setting watchdog for 200 seconds at Sat Feb 16 03:35:59 UTC 2019
1 ms. Memory: 850944K Free: 819859K (96%)
ptolemy.util.test.WatchDog.cancel(): canceling Sat Feb 16 03:35:59 UTC 2019
------------------ testing $PTII/ptolemy/domains/de/test/auto/sortWithOpaquePorts.xml
auto.tcl: Setting watchdog for 200 seconds at Sat Feb 16 03:35:59 UTC 2019
2 ms. Memory: 849408K Free: 818324K (96%)
ptolemy.util.test.WatchDog.cancel(): canceling Sat Feb 16 03:35:59 UTC 2019
auto.tcl: Setting watchdog for 200 seconds at Sat Feb 16 03:35:59 UTC 2019
1 ms. Memory: 849408K Free: 818324K (96%)
ptolemy.util.test.WatchDog.cancel(): canceling Sat Feb 16 03:35:59 UTC 2019
------------------ testing $PTII/ptolemy/domains/de/test/auto/transferInputsandOutputs.xml
auto.tcl: Setting watchdog for 200 seconds at Sat Feb 16 03:35:59 UTC 2019
2 ms. Memory: 850944K Free: 819847K (96%)
ptolemy.util.test.WatchDog.cancel(): canceling Sat Feb 16 03:35:59 UTC 2019
auto.tcl: Setting watchdog for 200 seconds at Sat Feb 16 03:35:59 UTC 2019
2 ms. Memory: 850944K Free: 819847K (96%)
ptolemy.util.test.WatchDog.cancel(): canceling Sat Feb 16 03:35:59 UTC 2019
------------------ testing $PTII/ptolemy/domains/de/test/auto/triggerType.xml
auto.tcl: Setting watchdog for 200 seconds at Sat Feb 16 03:35:59 UTC 2019
1 ms. Memory: 849408K Free: 818262K (96%)
ptolemy.util.test.WatchDog.cancel(): canceling Sat Feb 16 03:35:59 UTC 2019
auto.tcl: Setting watchdog for 200 seconds at Sat Feb 16 03:35:59 UTC 2019
1 ms. Memory: 849408K Free: 818262K (96%)
ptolemy.util.test.WatchDog.cancel(): canceling Sat Feb 16 03:35:59 UTC 2019
02/16/19 03:35:59
Failed: 0  Total Tests: 192  ((Passed: 187, Newly Passed: 1)  Known Failed: 5) /home/travis/build/icyphy/ptII/ptolemy/domains/de/test
02/16/19 03:35:59
Failed: 0  Total Tests: 192  ((Passed: 187, Newly Passed: 1)  Known Failed: 5) /home/travis/build/icyphy/ptII/ptolemy/domains/de/test
----------------- testing (KnownFailure) /home/travis/build/icyphy/ptII/ptolemy/domains/de/test/auto/knownFailedTests/DESDFClockTest.xml
2009 ms. Memory: 850432K Free: 803876K (95%)
Known Failure: java.lang.reflect.InvocationTargetException
----------------- testing (KnownFailure) /home/travis/build/icyphy/ptII/ptolemy/domains/de/test/auto/knownFailedTests/DirectFeedback.xml
1 ms. Memory: 850432K Free: 742436K (87%)
Known Failure: java.lang.reflect.InvocationTargetException
----------------- testing (KnownFailure) /home/travis/build/icyphy/ptII/ptolemy/domains/de/test/auto/knownFailedTests/FSMSource.xml
6 ms. Memory: 850432K Free: 680995K (80%)
----------------- testing (KnownFailure) /home/travis/build/icyphy/ptII/ptolemy/domains/de/test/auto/knownFailedTests/HierarchicalModel.xml
9 ms. Memory: 850432K Free: 634899K (75%)
Known Failure: java.lang.reflect.InvocationTargetException
----------------- testing (KnownFailure) /home/travis/build/icyphy/ptII/ptolemy/domains/de/test/auto/knownFailedTests/dependencyLoop.xml
2 ms. Memory: 850432K Free: 573459K (67%)
Known Failure: java.lang.reflect.InvocationTargetException
----------------- testing (KnownFailure) /home/travis/build/icyphy/ptII/ptolemy/domains/de/test/auto/knownFailedTests/dependencyLoop2.xml
2 ms. Memory: 850432K Free: 512019K (60%)
Known Failure: java.lang.reflect.InvocationTargetException
No auto/linux-amd64/*.xml tests in /home/travis/build/icyphy/ptII/ptolemy/domains/de/test
AutoTests.java: About to close Vertx.
AutoTests.java: Vertx closed.

===========================================================================================
----------------- testing Sat Feb 16 03:36:01 UTC 2019 /home/travis/build/icyphy/ptII/ptolemy/domains/de/test/auto/ActorDepthCalculation_actorWithoutPorts.xml
----------------- Instantiating /home/travis/build/icyphy/ptII/ptolemy/domains/de/test/auto/ActorDepthCalculation_actorWithoutPorts.xml
5 ms. Memory: 850432K Free: 435218K (51%)
----------------- Invoking toplevel() on ptolemy.moml.MoMLSimpleApplication@153f8736
----------------- Done invoking toplevel() on ptolemy.moml.MoMLSimpleApplication@153f8736
reloadAllAccessors: .ActorDepthCalculation_actorWithoutPorts

===========================================================================================
----------------- testing Sat Feb 16 03:36:01 UTC 2019 /home/travis/build/icyphy/ptII/ptolemy/domains/de/test/auto/AssemblyLine.xml
----------------- Instantiating /home/travis/build/icyphy/ptII/ptolemy/domains/de/test/auto/AssemblyLine.xml
2 ms. Memory: 850432K Free: 404498K (48%)
----------------- Invoking toplevel() on ptolemy.moml.MoMLSimpleApplication@6d2d3c6d
----------------- Done invoking toplevel() on ptolemy.moml.MoMLSimpleApplication@6d2d3c6d
reloadAllAccessors: .AssemblyLine

===========================================================================================
----------------- testing Sat Feb 16 03:36:01 UTC 2019 /home/travis/build/icyphy/ptII/ptolemy/domains/de/test/auto/CQBug1.xml
----------------- Instantiating /home/travis/build/icyphy/ptII/ptolemy/domains/de/test/auto/CQBug1.xml
1 ms. Memory: 850432K Free: 373778K (44%)
----------------- Invoking toplevel() on ptolemy.moml.MoMLSimpleApplication@2206f090
----------------- Done invoking toplevel() on ptolemy.moml.MoMLSimpleApplication@2206f090
reloadAllAccessors: .CQBug1

===========================================================================================
----------------- testing Sat Feb 16 03:36:01 UTC 2019 /home/travis/build/icyphy/ptII/ptolemy/domains/de/test/auto/CancelFireAt.xml
----------------- Instantiating /home/travis/build/icyphy/ptII/ptolemy/domains/de/test/auto/CancelFireAt.xml
0 ms. Memory: 850432K Free: 343058K (40%)
----------------- Invoking toplevel() on ptolemy.moml.MoMLSimpleApplication@3156330c
----------------- Done invoking toplevel() on ptolemy.moml.MoMLSimpleApplication@3156330c
reloadAllAccessors: .CancelFireAt

===========================================================================================
----------------- testing Sat Feb 16 03:36:01 UTC 2019 /home/travis/build/icyphy/ptII/ptolemy/domains/de/test/auto/CausalityAndComposabilityAnalysis.xml
----------------- Instantiating /home/travis/build/icyphy/ptII/ptolemy/domains/de/test/auto/CausalityAndComposabilityAnalysis.xml
1 ms. Memory: 850432K Free: 312338K (37%)
----------------- Invoking toplevel() on ptolemy.moml.MoMLSimpleApplication@2589f528
----------------- Done invoking toplevel() on ptolemy.moml.MoMLSimpleApplication@2589f528
reloadAllAccessors: .CausalityAndComposabilityAnalysis

===========================================================================================
----------------- testing Sat Feb 16 03:36:01 UTC 2019 /home/travis/build/icyphy/ptII/ptolemy/domains/de/test/auto/CausalityInterface1.xml
----------------- Instantiating /home/travis/build/icyphy/ptII/ptolemy/domains/de/test/auto/CausalityInterface1.xml
4 ms. Memory: 850432K Free: 281618K (33%)
----------------- Invoking toplevel() on ptolemy.moml.MoMLSimpleApplication@300ff4fb
----------------- Done invoking toplevel() on ptolemy.moml.MoMLSimpleApplication@300ff4fb
reloadAllAccessors: .CausalityInterface1

===========================================================================================
----------------- testing Sat Feb 16 03:36:01 UTC 2019 /home/travis/build/icyphy/ptII/ptolemy/domains/de/test/auto/CausalityInterface15.xml
----------------- Instantiating /home/travis/build/icyphy/ptII/ptolemy/domains/de/test/auto/CausalityInterface15.xml
1 ms. Memory: 850432K Free: 250898K (30%)
----------------- Invoking toplevel() on ptolemy.moml.MoMLSimpleApplication@45196892
[...]
java.lang.RuntimeException: Execution failed
	at ptolemy.moml.MoMLSimpleApplication$UnloadThread.run(MoMLSimpleApplication.java:402)
Caused by: ptolemy.kernel.util.IllegalActionException: Test fails in iteration 1.
Value was: 1.0. Should have been: 2.0
  in .DirectFeedback.Test
	at ptolemy.actor.lib.Test.fire(Test.java:268)
	at ptolemy.domains.de.kernel.DEDirector._fire(DEDirector.java:1949)
	at ptolemy.domains.de.kernel.DEDirector.fire(DEDirector.java:502)
	at ptolemy.actor.CompositeActor.fire(CompositeActor.java:455)
	at ptolemy.actor.Manager.iterate(Manager.java:851)
	at ptolemy.actor.Manager.execute(Manager.java:369)
	at ptolemy.actor.Manager.run(Manager.java:1263)
	at ptolemy.actor.Manager$PtolemyRunThread.run(Manager.java:1915)
java.lang.RuntimeException: Execution failed
	at ptolemy.moml.MoMLSimpleApplication$UnloadThread.run(MoMLSimpleApplication.java:402)
Caused by: ptolemy.kernel.util.IllegalActionException: Actor is not ready to fire.  Perhaps UpSample.prefire() returned false? Try debugging the actor by selecting "Listen to Actor".  Also, for SDF check moml for tokenConsumptionRate on input.
  in .DESDFClockTest.Play Bell.Copy1:SDF Director and .DESDFClockTest.Play Bell.UpSample
	at ptolemy.actor.sched.StaticSchedulingDirector.fire(StaticSchedulingDirector.java:227)
	at ptolemy.domains.sdf.kernel.SDFDirector.fire(SDFDirector.java:500)
	at ptolemy.actor.CompositeActor.fire(CompositeActor.java:455)
	at ptolemy.domains.de.kernel.DEDirector._fire(DEDirector.java:1949)
	at ptolemy.domains.de.kernel.DEDirector.fire(DEDirector.java:502)
	at ptolemy.actor.CompositeActor.fire(CompositeActor.java:455)
	at ptolemy.actor.Manager.iterate(Manager.java:851)
	at ptolemy.actor.Manager.execute(Manager.java:369)
	at ptolemy.actor.Manager.run(Manager.java:1263)
	at ptolemy.actor.Manager$PtolemyRunThread.run(Manager.java:1915)
java.lang.reflect.InvocationTargetException
	at sun.reflect.NativeConstructorAccessorImpl.newInstance0(Native Method)
	at sun.reflect.NativeConstructorAccessorImpl.newInstance(NativeConstructorAccessorImpl.java:62)
	at sun.reflect.DelegatingConstructorAccessorImpl.newInstance(DelegatingConstructorAccessorImpl.java:45)
	at java.lang.reflect.Constructor.newInstance(Constructor.java:423)
	at ptolemy.util.test.junit.AutoKnownFailedTests.RunModel(AutoKnownFailedTests.java:105)
	at sun.reflect.NativeMethodAccessorImpl.invoke0(Native Method)
	at sun.reflect.NativeMethodAccessorImpl.invoke(NativeMethodAccessorImpl.java:62)
	at sun.reflect.DelegatingMethodAccessorImpl.invoke(DelegatingMethodAccessorImpl.java:43)
	at java.lang.reflect.Method.invoke(Method.java:498)
	at org.junit.runners.model.FrameworkMethod$1.runReflectiveCall(FrameworkMethod.java:44)
	at org.junit.internal.runners.model.ReflectiveCallable.run(ReflectiveCallable.java:15)
	at org.junit.runners.model.FrameworkMethod.invokeExplosively(FrameworkMethod.java:41)
	at junitparams.internal.InvokeParameterisedMethod.evaluate(InvokeParameterisedMethod.java:102)
	at org.junit.internal.runners.statements.FailOnTimeout$1.run(FailOnTimeout.java:28)
Caused by: ptolemy.kernel.util.IllegalActionException: Actor is not ready to fire.  Perhaps UpSample.prefire() returned false? Try debugging the actor by selecting "Listen to Actor".  Also, for SDF check moml for tokenConsumptionRate on input.
  in .DESDFClockTest.Play Bell.Copy1:SDF Director and .DESDFClockTest.Play Bell.UpSample
	at ptolemy.actor.sched.StaticSchedulingDirector.fire(StaticSchedulingDirector.java:227)
	at ptolemy.domains.sdf.kernel.SDFDirector.fire(SDFDirector.java:500)
	at ptolemy.actor.CompositeActor.fire(CompositeActor.java:455)
	at ptolemy.domains.de.kernel.DEDirector._fire(DEDirector.java:1949)
	at ptolemy.domains.de.kernel.DEDirector.fire(DEDirector.java:502)
	at ptolemy.actor.CompositeActor.fire(CompositeActor.java:455)
	at ptolemy.actor.Manager.iterate(Manager.java:851)
	at ptolemy.actor.Manager.execute(Manager.java:369)
	at ptolemy.actor.Manager.run(Manager.java:1263)
	at ptolemy.actor.Manager$PtolemyRunThread.run(Manager.java:1915)
java.lang.RuntimeException: Execution failed
	at ptolemy.moml.MoMLSimpleApplication$UnloadThread.run(MoMLSimpleApplication.java:402)
Caused by: ptolemy.kernel.util.IllegalActionException: Test fails in iteration 1.
Value was: 1.0. Should have been: 2.0
  in .DirectFeedback.Test
	at ptolemy.actor.lib.Test.fire(Test.java:268)
	at ptolemy.domains.de.kernel.DEDirector._fire(DEDirector.java:1949)
	at ptolemy.domains.de.kernel.DEDirector.fire(DEDirector.java:502)
	at ptolemy.actor.CompositeActor.fire(CompositeActor.java:455)
	at ptolemy.actor.Manager.iterate(Manager.java:851)
	at ptolemy.actor.Manager.execute(Manager.java:369)
	at ptolemy.actor.Manager.run(Manager.java:1263)
	at ptolemy.actor.Manager$PtolemyRunThread.run(Manager.java:1915)
java.lang.reflect.InvocationTargetException
	at sun.reflect.NativeConstructorAccessorImpl.newInstance0(Native Method)
	at sun.reflect.NativeConstructorAccessorImpl.newInstance(NativeConstructorAccessorImpl.java:62)
	at sun.reflect.DelegatingConstructorAccessorImpl.newInstance(DelegatingConstructorAccessorImpl.java:45)
	at java.lang.reflect.Constructor.newInstance(Constructor.java:423)
	at ptolemy.util.test.junit.AutoKnownFailedTests.RunModel(AutoKnownFailedTests.java:105)
	at sun.reflect.NativeMethodAccessorImpl.invoke0(Native Method)
	at sun.reflect.NativeMethodAccessorImpl.invoke(NativeMethodAccessorImpl.java:62)
	at sun.reflect.DelegatingMethodAccessorImpl.invoke(DelegatingMethodAccessorImpl.java:43)
	at java.lang.reflect.Method.invoke(Method.java:498)
	at org.junit.runners.model.FrameworkMethod$1.runReflectiveCall(FrameworkMethod.java:44)
	at org.junit.internal.runners.model.ReflectiveCallable.run(ReflectiveCallable.java:15)
	at org.junit.runners.model.FrameworkMethod.invokeExplosively(FrameworkMethod.java:41)
	at junitparams.internal.InvokeParameterisedMethod.evaluate(InvokeParameterisedMethod.java:102)
	at org.junit.internal.runners.statements.FailOnTimeout$1.run(FailOnTimeout.java:28)
Caused by: ptolemy.kernel.util.IllegalActionException: Test fails in iteration 1.
Value was: 1.0. Should have been: 2.0
  in .DirectFeedback.Test
	at ptolemy.actor.lib.Test.fire(Test.java:268)
	at ptolemy.domains.de.kernel.DEDirector._fire(DEDirector.java:1949)
	at ptolemy.domains.de.kernel.DEDirector.fire(DEDirector.java:502)
	at ptolemy.actor.CompositeActor.fire(CompositeActor.java:455)
	at ptolemy.actor.Manager.iterate(Manager.java:851)
	at ptolemy.actor.Manager.execute(Manager.java:369)
	at ptolemy.actor.Manager.run(Manager.java:1263)
	at ptolemy.actor.Manager$PtolemyRunThread.run(Manager.java:1915)
java.lang.RuntimeException: Execution failed
	at ptolemy.moml.MoMLSimpleApplication$UnloadThread.run(MoMLSimpleApplication.java:402)
Caused by: ptolemy.kernel.util.IllegalActionException: Found a zero delay loop containing .HierarchicalModel.A
  in .HierarchicalModel and .HierarchicalModel.A
	at ptolemy.actor.util.CausalityInterfaceForComposites._computeOutputPortDepth(CausalityInterfaceForComposites.java:759)
	at ptolemy.actor.util.CausalityInterfaceForComposites._computeInputDepth(CausalityInterfaceForComposites.java:696)
	at ptolemy.actor.util.CausalityInterfaceForComposites._computeOutputPortDepth(CausalityInterfaceForComposites.java:765)
	at ptolemy.actor.util.CausalityInterfaceForComposites._computeInputDepth(CausalityInterfaceForComposites.java:696)
	at ptolemy.actor.util.CausalityInterfaceForComposites._computeOutputPortDepth(CausalityInterfaceForComposites.java:765)
	at ptolemy.actor.util.CausalityInterfaceForComposites._computeInputDepth(CausalityInterfaceForComposites.java:696)
	at ptolemy.actor.util.CausalityInterfaceForComposites._computeActorDepth(CausalityInterfaceForComposites.java:532)
	at ptolemy.actor.util.CausalityInterfaceForComposites.checkForCycles(CausalityInterfaceForComposites.java:96)
	at ptolemy.domains.de.kernel.DEDirector.preinitialize(DEDirector.java:1338)
	at ptolemy.actor.CompositeActor.preinitialize(CompositeActor.java:1828)
	at ptolemy.actor.Manager.preinitializeAndResolveTypes(Manager.java:1040)
	at ptolemy.actor.Manager.initialize(Manager.java:710)
	at ptolemy.actor.Manager.execute(Manager.java:356)
	at ptolemy.actor.Manager.run(Manager.java:1263)
	at ptolemy.actor.Manager$PtolemyRunThread.run(Manager.java:1915)
java.lang.reflect.InvocationTargetException
	at sun.reflect.NativeConstructorAccessorImpl.newInstance0(Native Method)
	at sun.reflect.NativeConstructorAccessorImpl.newInstance(NativeConstructorAccessorImpl.java:62)
	at sun.reflect.DelegatingConstructorAccessorImpl.newInstance(DelegatingConstructorAccessorImpl.java:45)
	at java.lang.reflect.Constructor.newInstance(Constructor.java:423)
	at ptolemy.util.test.junit.AutoKnownFailedTests.RunModel(AutoKnownFailedTests.java:105)
	at sun.reflect.NativeMethodAccessorImpl.invoke0(Native Method)
	at sun.reflect.NativeMethodAccessorImpl.invoke(NativeMethodAccessorImpl.java:62)
	at sun.reflect.DelegatingMethodAccessorImpl.invoke(DelegatingMethodAccessorImpl.java:43)
	at java.lang.reflect.Method.invoke(Method.java:498)
	at org.junit.runners.model.FrameworkMethod$1.runReflectiveCall(FrameworkMethod.java:44)
	at org.junit.internal.runners.model.ReflectiveCallable.run(ReflectiveCallable.java:15)
	at org.junit.runners.model.FrameworkMethod.invokeExplosively(FrameworkMethod.java:41)
	at junitparams.internal.InvokeParameterisedMethod.evaluate(InvokeParameterisedMethod.java:102)
	at org.junit.internal.runners.statements.FailOnTimeout$1.run(FailOnTimeout.java:28)
Caused by: ptolemy.kernel.util.IllegalActionException: Found a zero delay loop containing .HierarchicalModel.A
  in .HierarchicalModel and .HierarchicalModel.A
	at ptolemy.actor.util.CausalityInterfaceForComposites._computeOutputPortDepth(CausalityInterfaceForComposites.java:759)
	at ptolemy.actor.util.CausalityInterfaceForComposites._computeInputDepth(CausalityInterfaceForComposites.java:696)
	at ptolemy.actor.util.CausalityInterfaceForComposites._computeOutputPortDepth(CausalityInterfaceForComposites.java:765)
	at ptolemy.actor.util.CausalityInterfaceForComposites._computeInputDepth(CausalityInterfaceForComposites.java:696)
	at ptolemy.actor.util.CausalityInterfaceForComposites._computeOutputPortDepth(CausalityInterfaceForComposites.java:765)
	at ptolemy.actor.util.CausalityInterfaceForComposites._computeInputDepth(CausalityInterfaceForComposites.java:696)
	at ptolemy.actor.util.CausalityInterfaceForComposites._computeActorDepth(CausalityInterfaceForComposites.java:532)
	at ptolemy.actor.util.CausalityInterfaceForComposites.checkForCycles(CausalityInterfaceForComposites.java:96)
	at ptolemy.domains.de.kernel.DEDirector.preinitialize(DEDirector.java:1338)
	at ptolemy.actor.CompositeActor.preinitialize(CompositeActor.java:1828)
	at ptolemy.actor.Manager.preinitializeAndResolveTypes(Manager.java:1040)
	at ptolemy.actor.Manager.initialize(Manager.java:710)
	at ptolemy.actor.Manager.execute(Manager.java:356)
	at ptolemy.actor.Manager.run(Manager.java:1263)
	at ptolemy.actor.Manager$PtolemyRunThread.run(Manager.java:1915)
java.lang.RuntimeException: Execution failed
	at ptolemy.moml.MoMLSimpleApplication$UnloadThread.run(MoMLSimpleApplication.java:402)
Caused by: ptolemy.kernel.util.IllegalActionException: Found a zero delay loop containing .dependencyLoop.original
  in .dependencyLoop and .dependencyLoop.original
	at ptolemy.actor.util.CausalityInterfaceForComposites._computeOutputPortDepth(CausalityInterfaceForComposites.java:759)
	at ptolemy.actor.util.CausalityInterfaceForComposites._computeInputDepth(CausalityInterfaceForComposites.java:696)
	at ptolemy.actor.util.CausalityInterfaceForComposites._computeOutputPortDepth(CausalityInterfaceForComposites.java:765)
	at ptolemy.actor.util.CausalityInterfaceForComposites._computeInputDepth(CausalityInterfaceForComposites.java:696)
	at ptolemy.actor.util.CausalityInterfaceForComposites._computeOutputPortDepth(CausalityInterfaceForComposites.java:765)
	at ptolemy.actor.util.CausalityInterfaceForComposites._computeInputDepth(CausalityInterfaceForComposites.java:696)
	at ptolemy.actor.util.CausalityInterfaceForComposites._computeActorDepth(CausalityInterfaceForComposites.java:532)
	at ptolemy.actor.util.CausalityInterfaceForComposites.checkForCycles(CausalityInterfaceForComposites.java:96)
	at ptolemy.domains.de.kernel.DEDirector.preinitialize(DEDirector.java:1338)
	at ptolemy.actor.CompositeActor.preinitialize(CompositeActor.java:1828)
	at ptolemy.actor.Manager.preinitializeAndResolveTypes(Manager.java:1040)
	at ptolemy.actor.Manager.initialize(Manager.java:710)
	at ptolemy.actor.Manager.execute(Manager.java:356)
	at ptolemy.actor.Manager.run(Manager.java:1263)
	at ptolemy.actor.Manager$PtolemyRunThread.run(Manager.java:1915)
java.lang.reflect.InvocationTargetException
	at sun.reflect.NativeConstructorAccessorImpl.newInstance0(Native Method)
	at sun.reflect.NativeConstructorAccessorImpl.newInstance(NativeConstructorAccessorImpl.java:62)
	at sun.reflect.DelegatingConstructorAccessorImpl.newInstance(DelegatingConstructorAccessorImpl.java:45)
	at java.lang.reflect.Constructor.newInstance(Constructor.java:423)
	at ptolemy.util.test.junit.AutoKnownFailedTests.RunModel(AutoKnownFailedTests.java:105)
	at sun.reflect.NativeMethodAccessorImpl.invoke0(Native Method)
	at sun.reflect.NativeMethodAccessorImpl.invoke(NativeMethodAccessorImpl.java:62)
	at sun.reflect.DelegatingMethodAccessorImpl.invoke(DelegatingMethodAccessorImpl.java:43)
	at java.lang.reflect.Method.invoke(Method.java:498)
	at org.junit.runners.model.FrameworkMethod$1.runReflectiveCall(FrameworkMethod.java:44)
	at org.junit.internal.runners.model.ReflectiveCallable.run(ReflectiveCallable.java:15)
	at org.junit.runners.model.FrameworkMethod.invokeExplosively(FrameworkMethod.java:41)
	at junitparams.internal.InvokeParameterisedMethod.evaluate(InvokeParameterisedMethod.java:102)
	at org.junit.internal.runners.statements.FailOnTimeout$1.run(FailOnTimeout.java:28)
Caused by: ptolemy.kernel.util.IllegalActionException: Found a zero delay loop containing .dependencyLoop.original
  in .dependencyLoop and .dependencyLoop.original
	at ptolemy.actor.util.CausalityInterfaceForComposites._computeOutputPortDepth(CausalityInterfaceForComposites.java:759)
	at ptolemy.actor.util.CausalityInterfaceForComposites._computeInputDepth(CausalityInterfaceForComposites.java:696)
	at ptolemy.actor.util.CausalityInterfaceForComposites._computeOutputPortDepth(CausalityInterfaceForComposites.java:765)
	at ptolemy.actor.util.CausalityInterfaceForComposites._computeInputDepth(CausalityInterfaceForComposites.java:696)
	at ptolemy.actor.util.CausalityInterfaceForComposites._computeOutputPortDepth(CausalityInterfaceForComposites.java:765)
	at ptolemy.actor.util.CausalityInterfaceForComposites._computeInputDepth(CausalityInterfaceForComposites.java:696)
	at ptolemy.actor.util.CausalityInterfaceForComposites._computeActorDepth(CausalityInterfaceForComposites.java:532)
	at ptolemy.actor.util.CausalityInterfaceForComposites.checkForCycles(CausalityInterfaceForComposites.java:96)
	at ptolemy.domains.de.kernel.DEDirector.preinitialize(DEDirector.java:1338)
	at ptolemy.actor.CompositeActor.preinitialize(CompositeActor.java:1828)
	at ptolemy.actor.Manager.preinitializeAndResolveTypes(Manager.java:1040)
	at ptolemy.actor.Manager.initialize(Manager.java:710)
	at ptolemy.actor.Manager.execute(Manager.java:356)
	at ptolemy.actor.Manager.run(Manager.java:1263)
	at ptolemy.actor.Manager$PtolemyRunThread.run(Manager.java:1915)
java.lang.RuntimeException: Execution failed
	at ptolemy.moml.MoMLSimpleApplication$UnloadThread.run(MoMLSimpleApplication.java:402)
Caused by: ptolemy.kernel.util.IllegalActionException: Found a zero delay loop containing .dependencyLoop2.original
  in .dependencyLoop2 and .dependencyLoop2.original
	at ptolemy.actor.util.CausalityInterfaceForComposites._computeOutputPortDepth(CausalityInterfaceForComposites.java:759)
	at ptolemy.actor.util.CausalityInterfaceForComposites._computeInputDepth(CausalityInterfaceForComposites.java:696)
	at ptolemy.actor.util.CausalityInterfaceForComposites._computeOutputPortDepth(CausalityInterfaceForComposites.java:765)
	at ptolemy.actor.util.CausalityInterfaceForComposites._computeInputDepth(CausalityInterfaceForComposites.java:696)
	at ptolemy.actor.util.CausalityInterfaceForComposites._computeOutputPortDepth(CausalityInterfaceForComposites.java:765)
	at ptolemy.actor.util.CausalityInterfaceForComposites._computeInputDepth(CausalityInterfaceForComposites.java:696)
	at ptolemy.actor.util.CausalityInterfaceForComposites._computeActorDepth(CausalityInterfaceForComposites.java:532)
	at ptolemy.actor.util.CausalityInterfaceForComposites.checkForCycles(CausalityInterfaceForComposites.java:96)
	at ptolemy.domains.de.kernel.DEDirector.preinitialize(DEDirector.java:1338)
	at ptolemy.actor.CompositeActor.preinitialize(CompositeActor.java:1828)
	at ptolemy.actor.Manager.preinitializeAndResolveTypes(Manager.java:1040)
	at ptolemy.actor.Manager.initialize(Manager.java:710)
	at ptolemy.actor.Manager.execute(Manager.java:356)
	at ptolemy.actor.Manager.run(Manager.java:1263)
	at ptolemy.actor.Manager$PtolemyRunThread.run(Manager.java:1915)
java.lang.reflect.InvocationTargetException
	at sun.reflect.NativeConstructorAccessorImpl.newInstance0(Native Method)
	at sun.reflect.NativeConstructorAccessorImpl.newInstance(NativeConstructorAccessorImpl.java:62)
	at sun.reflect.DelegatingConstructorAccessorImpl.newInstance(DelegatingConstructorAccessorImpl.java:45)
	at java.lang.reflect.Constructor.newInstance(Constructor.java:423)
	at ptolemy.util.test.junit.AutoKnownFailedTests.RunModel(AutoKnownFailedTests.java:105)
	at sun.reflect.NativeMethodAccessorImpl.invoke0(Native Method)
	at sun.reflect.NativeMethodAccessorImpl.invoke(NativeMethodAccessorImpl.java:62)
	at sun.reflect.DelegatingMethodAccessorImpl.invoke(DelegatingMethodAccessorImpl.java:43)
	at java.lang.reflect.Method.invoke(Method.java:498)
	at org.junit.runners.model.FrameworkMethod$1.runReflectiveCall(FrameworkMethod.java:44)
	at org.junit.internal.runners.model.ReflectiveCallable.run(ReflectiveCallable.java:15)
	at org.junit.runners.model.FrameworkMethod.invokeExplosively(FrameworkMethod.java:41)
	at junitparams.internal.InvokeParameterisedMethod.evaluate(InvokeParameterisedMethod.java:102)
	at org.junit.internal.runners.statements.FailOnTimeout$1.run(FailOnTimeout.java:28)
Caused by: ptolemy.kernel.util.IllegalActionException: Found a zero delay loop containing .dependencyLoop2.original
  in .dependencyLoop2 and .dependencyLoop2.original
	at ptolemy.actor.util.CausalityInterfaceForComposites._computeOutputPortDepth(CausalityInterfaceForComposites.java:759)
	at ptolemy.actor.util.CausalityInterfaceForComposites._computeInputDepth(CausalityInterfaceForComposites.java:696)
	at ptolemy.actor.util.CausalityInterfaceForComposites._computeOutputPortDepth(CausalityInterfaceForComposites.java:765)
	at ptolemy.actor.util.CausalityInterfaceForComposites._computeInputDepth(CausalityInterfaceForComposites.java:696)
	at ptolemy.actor.util.CausalityInterfaceForComposites._computeOutputPortDepth(CausalityInterfaceForComposites.java:765)
	at ptolemy.actor.util.CausalityInterfaceForComposites._computeInputDepth(CausalityInterfaceForComposites.java:696)
	at ptolemy.actor.util.CausalityInterfaceForComposites._computeActorDepth(CausalityInterfaceForComposites.java:532)
	at ptolemy.actor.util.CausalityInterfaceForComposites.checkForCycles(CausalityInterfaceForComposites.java:96)
	at ptolemy.domains.de.kernel.DEDirector.preinitialize(DEDirector.java:1338)
	at ptolemy.actor.CompositeActor.preinitialize(CompositeActor.java:1828)
	at ptolemy.actor.Manager.preinitializeAndResolveTypes(Manager.java:1040)
	at ptolemy.actor.Manager.initialize(Manager.java:710)
	at ptolemy.actor.Manager.execute(Manager.java:356)
	at ptolemy.actor.Manager.run(Manager.java:1263)
	at ptolemy.actor.Manager$PtolemyRunThread.run(Manager.java:1915)
]]></system-err>
</testsuite>
