<?xml version="1.0" encoding="UTF-8" ?>
<testsuite errors="0" failures="0" hostname="travis-job-d9a9a618-1c9b-4ebc-8568-263f6b95efb1" name="ptolemy.actor.lib.hoc.test.junit.JUnitTclTest" skipped="0" tests="58" time="24.178" timestamp="2018-06-06T02:35:45">
  <properties>
[...]
</properties>
  <testcase classname="ptolemy.util.test.junit.TclTests" name="[0] /home/travis/build/icyphy/ptII/ptolemy/actor/lib/hoc/test/IterateOverArray.tcl (RunTclFile)" time="0.261" />
  <testcase classname="ptolemy.util.test.junit.AutoKnownFailedTests" name="[0] /home/travis/build/icyphy/ptII/ptolemy/actor/lib/hoc/test/auto/knownFailedTests/PreinitializeMustBeInvokedRunComposite.xml (RunModel)" time="0.228" />
  <testcase classname="ptolemy.util.test.junit.AutoNameArchTests" name="[0] ThereAreNoAutoArchTests (RunModel)" time="0.0" />
  <testcase classname="ptolemy.util.test.junit.AutoTests" name="[0] /home/travis/build/icyphy/ptII/ptolemy/actor/lib/hoc/test/auto/AllToAllMultiInstanceComposite.xml (RunModel)" time="0.241" />
  <testcase classname="ptolemy.util.test.junit.AutoTests" name="[1] /home/travis/build/icyphy/ptII/ptolemy/actor/lib/hoc/test/auto/ApplyFFTTest.xml (RunModel)" time="0.337" />
  <testcase classname="ptolemy.util.test.junit.AutoTests" name="[2] /home/travis/build/icyphy/ptII/ptolemy/actor/lib/hoc/test/auto/ApplyFunction.xml (RunModel)" time="0.024" />
  <testcase classname="ptolemy.util.test.junit.AutoTests" name="[3] /home/travis/build/icyphy/ptII/ptolemy/actor/lib/hoc/test/auto/BackgroundExecution.xml (RunModel)" time="0.692" />
  <testcase classname="ptolemy.util.test.junit.AutoTests" name="[4] /home/travis/build/icyphy/ptII/ptolemy/actor/lib/hoc/test/auto/Case.xml (RunModel)" time="0.095" />
  <testcase classname="ptolemy.util.test.junit.AutoTests" name="[5] /home/travis/build/icyphy/ptII/ptolemy/actor/lib/hoc/test/auto/Case1.xml (RunModel)" time="0.072" />
  <testcase classname="ptolemy.util.test.junit.AutoTests" name="[6] /home/travis/build/icyphy/ptII/ptolemy/actor/lib/hoc/test/auto/Case2.xml (RunModel)" time="0.151" />
  <testcase classname="ptolemy.util.test.junit.AutoTests" name="[7] /home/travis/build/icyphy/ptII/ptolemy/actor/lib/hoc/test/auto/Case3.xml (RunModel)" time="0.043" />
  <testcase classname="ptolemy.util.test.junit.AutoTests" name="[8] /home/travis/build/icyphy/ptII/ptolemy/actor/lib/hoc/test/auto/Case4.xml (RunModel)" time="0.07" />
  <testcase classname="ptolemy.util.test.junit.AutoTests" name="[9] /home/travis/build/icyphy/ptII/ptolemy/actor/lib/hoc/test/auto/Case5.xml (RunModel)" time="0.085" />
  <testcase classname="ptolemy.util.test.junit.AutoTests" name="[10] /home/travis/build/icyphy/ptII/ptolemy/actor/lib/hoc/test/auto/Case6.xml (RunModel)" time="0.146" />
  <testcase classname="ptolemy.util.test.junit.AutoTests" name="[11] /home/travis/build/icyphy/ptII/ptolemy/actor/lib/hoc/test/auto/CaseString2.xml (RunModel)" time="0.05" />
  <testcase classname="ptolemy.util.test.junit.AutoTests" name="[12] /home/travis/build/icyphy/ptII/ptolemy/actor/lib/hoc/test/auto/CatchUpComposite1.xml (RunModel)" time="0.087" />
  <testcase classname="ptolemy.util.test.junit.AutoTests" name="[13] /home/travis/build/icyphy/ptII/ptolemy/actor/lib/hoc/test/auto/CatchUpComposite2.xml (RunModel)" time="0.08" />
  <testcase classname="ptolemy.util.test.junit.AutoTests" name="[14] /home/travis/build/icyphy/ptII/ptolemy/actor/lib/hoc/test/auto/CatchUpComposite3.xml (RunModel)" time="0.055" />
  <testcase classname="ptolemy.util.test.junit.AutoTests" name="[15] /home/travis/build/icyphy/ptII/ptolemy/actor/lib/hoc/test/auto/CatchUpComposite4.xml (RunModel)" time="0.061" />
  <testcase classname="ptolemy.util.test.junit.AutoTests" name="[16] /home/travis/build/icyphy/ptII/ptolemy/actor/lib/hoc/test/auto/CatchUpComposite5.xml (RunModel)" time="0.036" />
  <testcase classname="ptolemy.util.test.junit.AutoTests" name="[17] /home/travis/build/icyphy/ptII/ptolemy/actor/lib/hoc/test/auto/CatchUpComposite6.xml (RunModel)" time="0.185" />
  <testcase classname="ptolemy.util.test.junit.AutoTests" name="[18] /home/travis/build/icyphy/ptII/ptolemy/actor/lib/hoc/test/auto/CatchUpComposite7.xml (RunModel)" time="0.104" />
  <testcase classname="ptolemy.util.test.junit.AutoTests" name="[19] /home/travis/build/icyphy/ptII/ptolemy/actor/lib/hoc/test/auto/ConcurrentExecutionTimeSDF.xml (RunModel)" time="0.886" />
  <testcase classname="ptolemy.util.test.junit.AutoTests" name="[20] /home/travis/build/icyphy/ptII/ptolemy/actor/lib/hoc/test/auto/ConcurrentSleep.xml (RunModel)" time="0.782" />
  <testcase classname="ptolemy.util.test.junit.AutoTests" name="[21] /home/travis/build/icyphy/ptII/ptolemy/actor/lib/hoc/test/auto/DEInPNInRunCompositeActor.xml (RunModel)" time="0.053" />
  <testcase classname="ptolemy.util.test.junit.AutoTests" name="[22] /home/travis/build/icyphy/ptII/ptolemy/actor/lib/hoc/test/auto/DFTSubSetTest.xml (RunModel)" time="0.251" />
  <testcase classname="ptolemy.util.test.junit.AutoTests" name="[23] /home/travis/build/icyphy/ptII/ptolemy/actor/lib/hoc/test/auto/HocDE.xml (RunModel)" time="0.179" />
  <testcase classname="ptolemy.util.test.junit.AutoTests" name="[24] /home/travis/build/icyphy/ptII/ptolemy/actor/lib/hoc/test/auto/IterateOverArray.xml (RunModel)" time="0.034" />
  <testcase classname="ptolemy.util.test.junit.AutoTests" name="[25] /home/travis/build/icyphy/ptII/ptolemy/actor/lib/hoc/test/auto/IterateOverArray10.xml (RunModel)" time="0.02" />
  <testcase classname="ptolemy.util.test.junit.AutoTests" name="[26] /home/travis/build/icyphy/ptII/ptolemy/actor/lib/hoc/test/auto/IterateOverArray11.xml (RunModel)" time="0.023" />
  <testcase classname="ptolemy.util.test.junit.AutoTests" name="[27] /home/travis/build/icyphy/ptII/ptolemy/actor/lib/hoc/test/auto/IterateOverArray12.xml (RunModel)" time="0.045" />
  <testcase classname="ptolemy.util.test.junit.AutoTests" name="[28] /home/travis/build/icyphy/ptII/ptolemy/actor/lib/hoc/test/auto/IterateOverArray13.xml (RunModel)" time="0.181" />
  <testcase classname="ptolemy.util.test.junit.AutoTests" name="[29] /home/travis/build/icyphy/ptII/ptolemy/actor/lib/hoc/test/auto/IterateOverArray14.xml (RunModel)" time="0.129" />
  <testcase classname="ptolemy.util.test.junit.AutoTests" name="[30] /home/travis/build/icyphy/ptII/ptolemy/actor/lib/hoc/test/auto/IterateOverArray2.xml (RunModel)" time="0.023" />
  <testcase classname="ptolemy.util.test.junit.AutoTests" name="[31] /home/travis/build/icyphy/ptII/ptolemy/actor/lib/hoc/test/auto/IterateOverArray3.xml (RunModel)" time="0.045" />
  <testcase classname="ptolemy.util.test.junit.AutoTests" name="[32] /home/travis/build/icyphy/ptII/ptolemy/actor/lib/hoc/test/auto/IterateOverArray4.xml (RunModel)" time="0.023" />
  <testcase classname="ptolemy.util.test.junit.AutoTests" name="[33] /home/travis/build/icyphy/ptII/ptolemy/actor/lib/hoc/test/auto/IterateOverArray5.xml (RunModel)" time="0.023" />
  <testcase classname="ptolemy.util.test.junit.AutoTests" name="[34] /home/travis/build/icyphy/ptII/ptolemy/actor/lib/hoc/test/auto/IterateOverArray6.xml (RunModel)" time="0.013" />
  <testcase classname="ptolemy.util.test.junit.AutoTests" name="[35] /home/travis/build/icyphy/ptII/ptolemy/actor/lib/hoc/test/auto/IterateOverArray7.xml (RunModel)" time="0.024" />
  <testcase classname="ptolemy.util.test.junit.AutoTests" name="[36] /home/travis/build/icyphy/ptII/ptolemy/actor/lib/hoc/test/auto/IterateOverArray8.xml (RunModel)" time="0.019" />
  <testcase classname="ptolemy.util.test.junit.AutoTests" name="[37] /home/travis/build/icyphy/ptII/ptolemy/actor/lib/hoc/test/auto/IterateOverArray9.xml (RunModel)" time="0.027" />
  <testcase classname="ptolemy.util.test.junit.AutoTests" name="[38] /home/travis/build/icyphy/ptII/ptolemy/actor/lib/hoc/test/auto/IterateOverArrayCoercedOutputType.xml (RunModel)" time="0.033" />
  <testcase classname="ptolemy.util.test.junit.AutoTests" name="[39] /home/travis/build/icyphy/ptII/ptolemy/actor/lib/hoc/test/auto/IterateOverArrayInferredOutputType.xml (RunModel)" time="0.036" />
  <testcase classname="ptolemy.util.test.junit.AutoTests" name="[40] /home/travis/build/icyphy/ptII/ptolemy/actor/lib/hoc/test/auto/MobileFunctionTest.xml (RunModel)" time="0.025" />
  <testcase classname="ptolemy.util.test.junit.AutoTests" name="[41] /home/travis/build/icyphy/ptII/ptolemy/actor/lib/hoc/test/auto/MobileModelTest.xml (RunModel)" time="0.115" />
  <testcase classname="ptolemy.util.test.junit.AutoTests" name="[42] /home/travis/build/icyphy/ptII/ptolemy/actor/lib/hoc/test/auto/ModelReference.xml (RunModel)" time="0.09" />
  <testcase classname="ptolemy.util.test.junit.AutoTests" name="[43] /home/travis/build/icyphy/ptII/ptolemy/actor/lib/hoc/test/auto/ModelReference3.xml (RunModel)" time="0.076" />
  <testcase classname="ptolemy.util.test.junit.AutoTests" name="[44] /home/travis/build/icyphy/ptII/ptolemy/actor/lib/hoc/test/auto/ModelReference4.xml (RunModel)" time="10.054" />
  <testcase classname="ptolemy.util.test.junit.AutoTests" name="[45] /home/travis/build/icyphy/ptII/ptolemy/actor/lib/hoc/test/auto/MultiInstanceComposite.xml (RunModel)" time="0.049" />
  <testcase classname="ptolemy.util.test.junit.AutoTests" name="[46] /home/travis/build/icyphy/ptII/ptolemy/actor/lib/hoc/test/auto/MultiInstanceComposite2.xml (RunModel)" time="0.043" />
  <testcase classname="ptolemy.util.test.junit.AutoTests" name="[47] /home/travis/build/icyphy/ptII/ptolemy/actor/lib/hoc/test/auto/MulticoreExecution.xml (RunModel)" time="1.114" />
  <testcase classname="ptolemy.util.test.junit.AutoTests" name="[48] /home/travis/build/icyphy/ptII/ptolemy/actor/lib/hoc/test/auto/ParallelExecution.xml (RunModel)" time="0.928" />
  <testcase classname="ptolemy.util.test.junit.AutoTests" name="[49] /home/travis/build/icyphy/ptII/ptolemy/actor/lib/hoc/test/auto/RunCompositeActor.xml (RunModel)" time="0.022" />
  <testcase classname="ptolemy.util.test.junit.AutoTests" name="[50] /home/travis/build/icyphy/ptII/ptolemy/actor/lib/hoc/test/auto/RunCompositeActor2.xml (RunModel)" time="0.049" />
  <testcase classname="ptolemy.util.test.junit.AutoTests" name="[51] /home/travis/build/icyphy/ptII/ptolemy/actor/lib/hoc/test/auto/RunCompositeActor3.xml (RunModel)" time="0.029" />
  <testcase classname="ptolemy.util.test.junit.AutoTests" name="[52] /home/travis/build/icyphy/ptII/ptolemy/actor/lib/hoc/test/auto/RunCompositeActor4.xml (RunModel)" time="0.035" />
  <testcase classname="ptolemy.util.test.junit.AutoTests" name="[53] /home/travis/build/icyphy/ptII/ptolemy/actor/lib/hoc/test/auto/RunCompositeIterateOverArray.xml (RunModel)" time="0.028" />
  <testcase classname="ptolemy.util.test.junit.AutoTests" name="[54] /home/travis/build/icyphy/ptII/ptolemy/actor/lib/hoc/test/auto/ThreadedJS.xml (RunModel)" time="4.983" />
  <system-out><![CDATA[/home/travis/build/icyphy/ptII/ptolemy/actor/lib/hoc/test/IterateOverArray.tcl
testDefs.tcl: setting time out to 9000 seconds at Wed Jun 06 02:35:45 UTC 2018
06/06/18 02:35:45
Failed: 0  Total Tests: 2  ((Passed: 2, Newly Passed: 0)  Known Failed: 0) /home/travis/build/icyphy/ptII/ptolemy/actor/lib/hoc/test
----------------- testing (KnownFailure) /home/travis/build/icyphy/ptII/ptolemy/actor/lib/hoc/test/auto/knownFailedTests/PreinitializeMustBeInvokedRunComposite.xml
40 ms. Memory: 116224K Free: 104507K (90%)
Known Failure: java.lang.reflect.InvocationTargetException
No auto/linux-amd64/*.xml tests in /home/travis/build/icyphy/ptII/ptolemy/actor/lib/hoc/test
AutoTests.java: About to close Vertx.
AutoTests.java: Vertx closed.

===========================================================================================
----------------- testing Wed Jun 06 02:35:46 UTC 2018 /home/travis/build/icyphy/ptII/ptolemy/actor/lib/hoc/test/auto/AllToAllMultiInstanceComposite.xml
----------------- Instantiating /home/travis/build/icyphy/ptII/ptolemy/actor/lib/hoc/test/auto/AllToAllMultiInstanceComposite.xml
121 ms. Memory: 146944K Free: 113276K (77%)
----------------- Invoking toplevel() on ptolemy.moml.MoMLSimpleApplication@42b410cd
----------------- Done invoking toplevel() on ptolemy.moml.MoMLSimpleApplication@42b410cd
reloadAllAccessors: .AllToAllMultiInstanceComposite

===========================================================================================
----------------- testing Wed Jun 06 02:35:46 UTC 2018 /home/travis/build/icyphy/ptII/ptolemy/actor/lib/hoc/test/auto/ApplyFFTTest.xml
----------------- Instantiating /home/travis/build/icyphy/ptII/ptolemy/actor/lib/hoc/test/auto/ApplyFFTTest.xml
129 ms. Memory: 146944K Free: 93236K (63%)
----------------- Invoking toplevel() on ptolemy.moml.MoMLSimpleApplication@797d2f1c
----------------- Done invoking toplevel() on ptolemy.moml.MoMLSimpleApplication@797d2f1c
reloadAllAccessors: .ApplyFFTTest

===========================================================================================
----------------- testing Wed Jun 06 02:35:47 UTC 2018 /home/travis/build/icyphy/ptII/ptolemy/actor/lib/hoc/test/auto/ApplyFunction.xml
----------------- Instantiating /home/travis/build/icyphy/ptII/ptolemy/actor/lib/hoc/test/auto/ApplyFunction.xml
5 ms. Memory: 146944K Free: 89838K (61%)
----------------- Invoking toplevel() on ptolemy.moml.MoMLSimpleApplication@326efdeb
----------------- Done invoking toplevel() on ptolemy.moml.MoMLSimpleApplication@326efdeb
reloadAllAccessors: .ApplyFunction

===========================================================================================
----------------- testing Wed Jun 06 02:35:47 UTC 2018 /home/travis/build/icyphy/ptII/ptolemy/actor/lib/hoc/test/auto/BackgroundExecution.xml
----------------- Instantiating /home/travis/build/icyphy/ptII/ptolemy/actor/lib/hoc/test/auto/BackgroundExecution.xml
632 ms. Memory: 146944K Free: 80420K (55%)
----------------- Invoking toplevel() on ptolemy.moml.MoMLSimpleApplication@7a7d13ef
----------------- Done invoking toplevel() on ptolemy.moml.MoMLSimpleApplication@7a7d13ef
reloadAllAccessors: .BackgroundExecution

===========================================================================================
----------------- testing Wed Jun 06 02:35:47 UTC 2018 /home/travis/build/icyphy/ptII/ptolemy/actor/lib/hoc/test/auto/Case.xml
----------------- Instantiating /home/travis/build/icyphy/ptII/ptolemy/actor/lib/hoc/test/auto/Case.xml
21 ms. Memory: 146944K Free: 133529K (91%)
----------------- Invoking toplevel() on ptolemy.moml.MoMLSimpleApplication@4c2c501d
----------------- Done invoking toplevel() on ptolemy.moml.MoMLSimpleApplication@4c2c501d
reloadAllAccessors: .Case

===========================================================================================
----------------- testing Wed Jun 06 02:35:47 UTC 2018 /home/travis/build/icyphy/ptII/ptolemy/actor/lib/hoc/test/auto/Case1.xml
----------------- Instantiating /home/travis/build/icyphy/ptII/ptolemy/actor/lib/hoc/test/auto/Case1.xml
13 ms. Memory: 146944K Free: 126124K (86%)
----------------- Invoking toplevel() on ptolemy.moml.MoMLSimpleApplication@19f9ce7a
----------------- Done invoking toplevel() on ptolemy.moml.MoMLSimpleApplication@19f9ce7a
reloadAllAccessors: .Case1

===========================================================================================
----------------- testing Wed Jun 06 02:35:48 UTC 2018 /home/travis/build/icyphy/ptII/ptolemy/actor/lib/hoc/test/auto/Case2.xml
----------------- Instantiating /home/travis/build/icyphy/ptII/ptolemy/actor/lib/hoc/test/auto/Case2.xml
56 ms. Memory: 146944K Free: 114783K (78%)
----------------- Invoking toplevel() on ptolemy.moml.MoMLSimpleApplication@a5b998e
----------------- Done invoking toplevel() on ptolemy.moml.MoMLSimpleApplication@a5b998e
reloadAllAccessors: .Case2

===========================================================================================
----------------- testing Wed Jun 06 02:35:48 UTC 2018 /home/travis/build/icyphy/ptII/ptolemy/actor/lib/hoc/test/auto/Case3.xml
----------------- Instantiating /home/travis/build/icyphy/ptII/ptolemy/actor/lib/hoc/test/auto/Case3.xml
16 ms. Memory: 146944K Free: 107386K (73%)
----------------- Invoking toplevel() on ptolemy.moml.MoMLSimpleApplication@68870215
----------------- Done invoking toplevel() on ptolemy.moml.MoMLSimpleApplication@68870215
reloadAllAccessors: .Case3

===========================================================================================
----------------- testing Wed Jun 06 02:35:48 UTC 2018 /home/travis/build/icyphy/ptII/ptolemy/actor/lib/hoc/test/auto/Case4.xml
----------------- Instantiating /home/travis/build/icyphy/ptII/ptolemy/actor/lib/hoc/test/auto/Case4.xml
19 ms. Memory: 146944K Free: 99009K (67%)
----------------- Invoking toplevel() on ptolemy.moml.MoMLSimpleApplication@50c4b756
----------------- Done invoking toplevel() on ptolemy.moml.MoMLSimpleApplication@50c4b756
reloadAllAccessors: .Case4

===========================================================================================
----------------- testing Wed Jun 06 02:35:48 UTC 2018 /home/travis/build/icyphy/ptII/ptolemy/actor/lib/hoc/test/auto/Case5.xml
----------------- Instantiating /home/travis/build/icyphy/ptII/ptolemy/actor/lib/hoc/test/auto/Case5.xml
43 ms. Memory: 146944K Free: 91581K (62%)
----------------- Invoking toplevel() on ptolemy.moml.MoMLSimpleApplication@42195402
----------------- Done invoking toplevel() on ptolemy.moml.MoMLSimpleApplication@42195402
reloadAllAccessors: .junk

===========================================================================================
----------------- testing Wed Jun 06 02:35:48 UTC 2018 /home/travis/build/icyphy/ptII/ptolemy/actor/lib/hoc/test/auto/Case6.xml
----------------- Instantiating /home/travis/build/icyphy/ptII/ptolemy/actor/lib/hoc/test/auto/Case6.xml
70 ms. Memory: 208384K Free: 201213K (97%)
----------------- Invoking toplevel() on ptolemy.moml.MoMLSimpleApplication@21f24b45
----------------- Done invoking toplevel() on ptolemy.moml.MoMLSimpleApplication@21f24b45
reloadAllAccessors: .Case6

===========================================================================================
----------------- testing Wed Jun 06 02:35:48 UTC 2018 /home/travis/build/icyphy/ptII/ptolemy/actor/lib/hoc/test/auto/CaseString2.xml
----------------- Instantiating /home/travis/build/icyphy/ptII/ptolemy/actor/lib/hoc/test/auto/CaseString2.xml
18 ms. Memory: 208384K Free: 191090K (92%)
----------------- Invoking toplevel() on ptolemy.moml.MoMLSimpleApplication@3db219d1
----------------- Done invoking toplevel() on ptolemy.moml.MoMLSimpleApplication@3db219d1
reloadAllAccessors: .CaseString2

===========================================================================================
----------------- testing Wed Jun 06 02:35:48 UTC 2018 /home/travis/build/icyphy/ptII/ptolemy/actor/lib/hoc/test/auto/CatchUpComposite1.xml
----------------- Instantiating /home/travis/build/icyphy/ptII/ptolemy/actor/lib/hoc/test/auto/CatchUpComposite1.xml
26 ms. Memory: 208384K Free: 181211K (87%)
----------------- Invoking toplevel() on ptolemy.moml.MoMLSimpleApplication@95d9264
----------------- Done invoking toplevel() on ptolemy.moml.MoMLSimpleApplication@95d9264
reloadAllAccessors: .CatchUpComposite1

===========================================================================================
----------------- testing Wed Jun 06 02:35:48 UTC 2018 /home/travis/build/icyphy/ptII/ptolemy/actor/lib/hoc/test/auto/CatchUpComposite2.xml
----------------- Instantiating /home/travis/build/icyphy/ptII/ptolemy/actor/lib/hoc/test/auto/CatchUpComposite2.xml
17 ms. Memory: 208384K Free: 171331K (82%)
----------------- Invoking toplevel() on ptolemy.moml.MoMLSimpleApplication@4dacf4ff
----------------- Done invoking toplevel() on ptolemy.moml.MoMLSimpleApplication@4dacf4ff
reloadAllAccessors: .CatchUpComposite2

===========================================================================================
----------------- testing Wed Jun 06 02:35:48 UTC 2018 /home/travis/build/icyphy/ptII/ptolemy/actor/lib/hoc/test/auto/CatchUpComposite3.xml
----------------- Instantiating /home/travis/build/icyphy/ptII/ptolemy/actor/lib/hoc/test/auto/CatchUpComposite3.xml
9 ms. Memory: 208384K Free: 161154K (77%)
----------------- Invoking toplevel() on ptolemy.moml.MoMLSimpleApplication@e7f7c1b
----------------- Done invoking toplevel() on ptolemy.moml.MoMLSimpleApplication@e7f7c1b
reloadAllAccessors: .CatchUpComposite3

===========================================================================================
----------------- testing Wed Jun 06 02:35:48 UTC 2018 /home/travis/build/icyphy/ptII/ptolemy/actor/lib/hoc/test/auto/CatchUpComposite4.xml
----------------- Instantiating /home/travis/build/icyphy/ptII/ptolemy/actor/lib/hoc/test/auto/CatchUpComposite4.xml
19 ms. Memory: 208384K Free: 151921K (73%)
----------------- Invoking toplevel() on ptolemy.moml.MoMLSimpleApplication@13a7a264
----------------- Done invoking toplevel() on ptolemy.moml.MoMLSimpleApplication@13a7a264
reloadAllAccessors: .CatchUpComposite4

===========================================================================================
----------------- testing Wed Jun 06 02:35:48 UTC 2018 /home/travis/build/icyphy/ptII/ptolemy/actor/lib/hoc/test/auto/CatchUpComposite5.xml
----------------- Instantiating /home/travis/build/icyphy/ptII/ptolemy/actor/lib/hoc/test/auto/CatchUpComposite5.xml
10 ms. Memory: 208384K Free: 143287K (69%)
----------------- Invoking toplevel() on ptolemy.moml.MoMLSimpleApplication@2c8ecd20
----------------- Done invoking toplevel() on ptolemy.moml.MoMLSimpleApplication@2c8ecd20
reloadAllAccessors: .CatchUpComposite5

===========================================================================================
----------------- testing Wed Jun 06 02:35:48 UTC 2018 /home/travis/build/icyphy/ptII/ptolemy/actor/lib/hoc/test/auto/CatchUpComposite6.xml
----------------- Instantiating /home/travis/build/icyphy/ptII/ptolemy/actor/lib/hoc/test/auto/CatchUpComposite6.xml
WARNING: The execution aspects in this model can influence the timing of actors by delaying the 
execution, potentially changing the behavior. There is no guarantee that actors fire at the 
time they request to be fired. 
Use Ptides for deterministic DE behavior that is not influenced by execution aspects. 

101 ms. Memory: 208384K Free: 124427K (60%)
----------------- Invoking toplevel() on ptolemy.moml.MoMLSimpleApplication@13b25c13
----------------- Done invoking toplevel() on ptolemy.moml.MoMLSimpleApplication@13b25c13
reloadAllAccessors: .CatchUpComposite6

===========================================================================================
----------------- testing Wed Jun 06 02:35:49 UTC 2018 /home/travis/build/icyphy/ptII/ptolemy/actor/lib/hoc/test/auto/CatchUpComposite7.xml
----------------- Instantiating /home/travis/build/icyphy/ptII/ptolemy/actor/lib/hoc/test/auto/CatchUpComposite7.xml
WARNING: The execution aspects in this model can influence the timing of actors by delaying the 
execution, potentially changing the behavior. There is no guarantee that actors fire at the 
time they request to be fired. 
Use Ptides for deterministic DE behavior that is not influenced by execution aspects. 

38 ms. Memory: 208384K Free: 107094K (51%)
----------------- Invoking toplevel() on ptolemy.moml.MoMLSimpleApplication@4444f2b2
----------------- Done invoking toplevel() on ptolemy.moml.MoMLSimpleApplication@4444f2b2
reloadAllAccessors: .CatchUpComposite7

===========================================================================================
----------------- testing Wed Jun 06 02:35:49 UTC 2018 /home/travis/build/icyphy/ptII/ptolemy/actor/lib/hoc/test/auto/ConcurrentExecutionTimeSDF.xml
----------------- Instantiating /home/travis/build/icyphy/ptII/ptolemy/actor/lib/hoc/test/auto/ConcurrentExecutionTimeSDF.xml
Fired ExecutionTime: 40400000
Fired ExecutionTime: 40400000
Fired ExecutionTime: 40400000
Fired ExecutionTime: 40400000
Fired ExecutionTime: 40400000
Fired ExecutionTime: 40400000
Fired ExecutionTime: 40400000
Fired ExecutionTime: 40400000
Fired ExecutionTime: 40400000
Fired ExecutionTime: 40400000
Fired ExecutionTime: 40400000
Fired ExecutionTime: 40400000
Fired ExecutionTime: 40400000
Fired ExecutionTime: 40400000
Fired ExecutionTime: 40400000
Fired ExecutionTime: 40400000
Fired ExecutionTime: 40400000
Fired ExecutionTime: 40400000
Fired ExecutionTime: 40400000
Fired ExecutionTime: 40400000
862 ms. Memory: 208384K Free: 98444K (47%)
----------------- Invoking toplevel() on ptolemy.moml.MoMLSimpleApplication@3f85692a
----------------- Done invoking toplevel() on ptolemy.moml.MoMLSimpleApplication@3f85692a
reloadAllAccessors: .ConcurrentExecutionTimeSDF

===========================================================================================
----------------- testing Wed Jun 06 02:35:50 UTC 2018 /home/travis/build/icyphy/ptII/ptolemy/actor/lib/hoc/test/auto/ConcurrentSleep.xml
----------------- Instantiating /home/travis/build/icyphy/ptII/ptolemy/actor/lib/hoc/test/auto/ConcurrentSleep.xml
739 ms. Memory: 208384K Free: 83966K (40%)
----------------- Invoking toplevel() on ptolemy.moml.MoMLSimpleApplication@7027b434
----------------- Done invoking toplevel() on ptolemy.moml.MoMLSimpleApplication@7027b434
reloadAllAccessors: .ConcurrentSleep

===========================================================================================
----------------- testing Wed Jun 06 02:35:50 UTC 2018 /home/travis/build/icyphy/ptII/ptolemy/actor/lib/hoc/test/auto/DEInPNInRunCompositeActor.xml
----------------- Instantiating /home/travis/build/icyphy/ptII/ptolemy/actor/lib/hoc/test/auto/DEInPNInRunCompositeActor.xml
13 ms. Memory: 208384K Free: 200058K (96%)
----------------- Invoking toplevel() on ptolemy.moml.MoMLSimpleApplication@57d5354e
----------------- Done invoking toplevel() on ptolemy.moml.MoMLSimpleApplication@57d5354e
reloadAllAccessors: .DEInPNInRunCompositeActor

===========================================================================================
----------------- testing Wed Jun 06 02:35:50 UTC 2018 /home/travis/build/icyphy/ptII/ptolemy/actor/lib/hoc/test/auto/DFTSubSetTest.xml
----------------- Instantiating /home/travis/build/icyphy/ptII/ptolemy/actor/lib/hoc/test/auto/DFTSubSetTest.xml
169 ms. Memory: 208384K Free: 152239K (73%)
----------------- Invoking toplevel() on ptolemy.moml.MoMLSimpleApplication@230b644a
----------------- Done invoking toplevel() on ptolemy.moml.MoMLSimpleApplication@230b644a
reloadAllAccessors: .DFTSubSetTest

===========================================================================================
----------------- testing Wed Jun 06 02:35:51 UTC 2018 /home/travis/build/icyphy/ptII/ptolemy/actor/lib/hoc/test/auto/HocDE.xml
----------------- Instantiating /home/travis/build/icyphy/ptII/ptolemy/actor/lib/hoc/test/auto/HocDE.xml
138 ms. Memory: 208384K Free: 125691K (60%)
----------------- Invoking toplevel() on ptolemy.moml.MoMLSimpleApplication@658e16df
----------------- Done invoking toplevel() on ptolemy.moml.MoMLSimpleApplication@658e16df
reloadAllAccessors: .HocDE

===========================================================================================
----------------- testing Wed Jun 06 02:35:51 UTC 2018 /home/travis/build/icyphy/ptII/ptolemy/actor/lib/hoc/test/auto/IterateOverArray.xml
----------------- Instantiating /home/travis/build/icyphy/ptII/ptolemy/actor/lib/hoc/test/auto/IterateOverArray.xml
7 ms. Memory: 208384K Free: 120160K (58%)
----------------- Invoking toplevel() on ptolemy.moml.MoMLSimpleApplication@57a50899
----------------- Done invoking toplevel() on ptolemy.moml.MoMLSimpleApplication@57a50899
reloadAllAccessors: .IterateOverArray

===========================================================================================
----------------- testing Wed Jun 06 02:35:51 UTC 2018 /home/travis/build/icyphy/ptII/ptolemy/actor/lib/hoc/test/auto/IterateOverArray10.xml
----------------- Instantiating /home/travis/build/icyphy/ptII/ptolemy/actor/lib/hoc/test/auto/IterateOverArray10.xml
2 ms. Memory: 208384K Free: 115850K (56%)
----------------- Invoking toplevel() on ptolemy.moml.MoMLSimpleApplication@d2d344f
----------------- Done invoking toplevel() on ptolemy.moml.MoMLSimpleApplication@d2d344f
reloadAllAccessors: .IterateOverArray10

===========================================================================================
----------------- testing Wed Jun 06 02:35:51 UTC 2018 /home/travis/build/icyphy/ptII/ptolemy/actor/lib/hoc/test/auto/IterateOverArray11.xml
----------------- Instantiating /home/travis/build/icyphy/ptII/ptolemy/actor/lib/hoc/test/auto/IterateOverArray11.xml
6 ms. Memory: 208384K Free: 110919K (53%)
----------------- Invoking toplevel() on ptolemy.moml.MoMLSimpleApplication@2c2e4b89
----------------- Done invoking toplevel() on ptolemy.moml.MoMLSimpleApplication@2c2e4b89
reloadAllAccessors: .IterateOverArray11

===========================================================================================
----------------- testing Wed Jun 06 02:35:51 UTC 2018 /home/travis/build/icyphy/ptII/ptolemy/actor/lib/hoc/test/auto/IterateOverArray12.xml
----------------- Instantiating /home/travis/build/icyphy/ptII/ptolemy/actor/lib/hoc/test/auto/IterateOverArray12.xml
18 ms. Memory: 208384K Free: 103513K (50%)
----------------- Invoking toplevel() on ptolemy.moml.MoMLSimpleApplication@2dc8b2db
----------------- Done invoking toplevel() on ptolemy.moml.MoMLSimpleApplication@2dc8b2db
reloadAllAccessors: .IterateOverArray12

===========================================================================================
----------------- testing Wed Jun 06 02:35:51 UTC 2018 /home/travis/build/icyphy/ptII/ptolemy/actor/lib/hoc/test/auto/IterateOverArray13.xml
----------------- Instantiating /home/travis/build/icyphy/ptII/ptolemy/actor/lib/hoc/test/auto/IterateOverArray13.xml
100 ms. Memory: 331264K Free: 319458K (96%)
----------------- Invoking toplevel() on ptolemy.moml.MoMLSimpleApplication@6fcdc069
----------------- Done invoking toplevel() on ptolemy.moml.MoMLSimpleApplication@6fcdc069
reloadAllAccessors: .IterateOverArray13

===========================================================================================
----------------- testing Wed Jun 06 02:35:51 UTC 2018 /home/travis/build/icyphy/ptII/ptolemy/actor/lib/hoc/test/auto/IterateOverArray14.xml
----------------- Instantiating /home/travis/build/icyphy/ptII/ptolemy/actor/lib/hoc/test/auto/IterateOverArray14.xml
54 ms. Memory: 331264K Free: 280960K (85%)
----------------- Invoking toplevel() on ptolemy.moml.MoMLSimpleApplication@1396c630
----------------- Done invoking toplevel() on ptolemy.moml.MoMLSimpleApplication@1396c630
reloadAllAccessors: .IterateOverArray14

===========================================================================================
----------------- testing Wed Jun 06 02:35:51 UTC 2018 /home/travis/build/icyphy/ptII/ptolemy/actor/lib/hoc/test/auto/IterateOverArray2.xml
----------------- Instantiating /home/travis/build/icyphy/ptII/ptolemy/actor/lib/hoc/test/auto/IterateOverArray2.xml
4 ms. Memory: 331264K Free: 276065K (83%)
----------------- Invoking toplevel() on ptolemy.moml.MoMLSimpleApplication@5dcb7a2d
----------------- Done invoking toplevel() on ptolemy.moml.MoMLSimpleApplication@5dcb7a2d
reloadAllAccessors: .IterateOverArray2

===========================================================================================
----------------- testing Wed Jun 06 02:35:51 UTC 2018 /home/travis/build/icyphy/ptII/ptolemy/actor/lib/hoc/test/auto/IterateOverArray3.xml
----------------- Instantiating /home/travis/build/icyphy/ptII/ptolemy/actor/lib/hoc/test/auto/IterateOverArray3.xml
18 ms. Memory: 331264K Free: 266669K (81%)
----------------- Invoking toplevel() on ptolemy.moml.MoMLSimpleApplication@440f529b
----------------- Done invoking toplevel() on ptolemy.moml.MoMLSimpleApplication@440f529b
reloadAllAccessors: .IterateOverArray3

===========================================================================================
----------------- testing Wed Jun 06 02:35:51 UTC 2018 /home/travis/build/icyphy/ptII/ptolemy/actor/lib/hoc/test/auto/IterateOverArray4.xml
----------------- Instantiating /home/travis/build/icyphy/ptII/ptolemy/actor/lib/hoc/test/auto/IterateOverArray4.xml
4 ms. Memory: 331264K Free: 261774K (79%)
----------------- Invoking toplevel() on ptolemy.moml.MoMLSimpleApplication@6d91cb0d
----------------- Done invoking toplevel() on ptolemy.moml.MoMLSimpleApplication@6d91cb0d
reloadAllAccessors: .IterateOverArray4

===========================================================================================
----------------- testing Wed Jun 06 02:35:51 UTC 2018 /home/travis/build/icyphy/ptII/ptolemy/actor/lib/hoc/test/auto/IterateOverArray5.xml
----------------- Instantiating /home/travis/build/icyphy/ptII/ptolemy/actor/lib/hoc/test/auto/IterateOverArray5.xml
5 ms. Memory: 331264K Free: 256879K (78%)
----------------- Invoking toplevel() on ptolemy.moml.MoMLSimpleApplication@371594fd
----------------- Done invoking toplevel() on ptolemy.moml.MoMLSimpleApplication@371594fd
reloadAllAccessors: .IterateOverArray5

===========================================================================================
----------------- testing Wed Jun 06 02:35:51 UTC 2018 /home/travis/build/icyphy/ptII/ptolemy/actor/lib/hoc/test/auto/IterateOverArray6.xml
----------------- Instantiating /home/travis/build/icyphy/ptII/ptolemy/actor/lib/hoc/test/auto/IterateOverArray6.xml
4 ms. Memory: 331264K Free: 252378K (76%)
----------------- Invoking toplevel() on ptolemy.moml.MoMLSimpleApplication@62c92098
----------------- Done invoking toplevel() on ptolemy.moml.MoMLSimpleApplication@62c92098
reloadAllAccessors: .IterateOverArray6

===========================================================================================
----------------- testing Wed Jun 06 02:35:52 UTC 2018 /home/travis/build/icyphy/ptII/ptolemy/actor/lib/hoc/test/auto/IterateOverArray7.xml
----------------- Instantiating /home/travis/build/icyphy/ptII/ptolemy/actor/lib/hoc/test/auto/IterateOverArray7.xml
4 ms. Memory: 331264K Free: 247484K (75%)
----------------- Invoking toplevel() on ptolemy.moml.MoMLSimpleApplication@386979a9
----------------- Done invoking toplevel() on ptolemy.moml.MoMLSimpleApplication@386979a9
reloadAllAccessors: .IterateOverArray7

===========================================================================================
----------------- testing Wed Jun 06 02:35:52 UTC 2018 /home/travis/build/icyphy/ptII/ptolemy/actor/lib/hoc/test/auto/IterateOverArray8.xml
----------------- Instantiating /home/travis/build/icyphy/ptII/ptolemy/actor/lib/hoc/test/auto/IterateOverArray8.xml
4 ms. Memory: 331264K Free: 241759K (73%)
----------------- Invoking toplevel() on ptolemy.moml.MoMLSimpleApplication@620a99cc
----------------- Done invoking toplevel() on ptolemy.moml.MoMLSimpleApplication@620a99cc
reloadAllAccessors: .IterateOverArray8

===========================================================================================
----------------- testing Wed Jun 06 02:35:52 UTC 2018 /home/travis/build/icyphy/ptII/ptolemy/actor/lib/hoc/test/auto/IterateOverArray9.xml
----------------- Instantiating /home/travis/build/icyphy/ptII/ptolemy/actor/lib/hoc/test/auto/IterateOverArray9.xml
8 ms. Memory: 331264K Free: 236864K (72%)
----------------- Invoking toplevel() on ptolemy.moml.MoMLSimpleApplication@78a5208b
----------------- Done invoking toplevel() on ptolemy.moml.MoMLSimpleApplication@78a5208b
reloadAllAccessors: .IterateOverArray9

===========================================================================================
----------------- testing Wed Jun 06 02:35:52 UTC 2018 /home/travis/build/icyphy/ptII/ptolemy/actor/lib/hoc/test/auto/IterateOverArrayCoercedOutputType.xml
----------------- Instantiating /home/travis/build/icyphy/ptII/ptolemy/actor/lib/hoc/test/auto/IterateOverArrayCoercedOutputType.xml
4 ms. Memory: 331264K Free: 230745K (70%)
----------------- Invoking toplevel() on ptolemy.moml.MoMLSimpleApplication@2961afa2
----------------- Done invoking toplevel() on ptolemy.moml.MoMLSimpleApplication@2961afa2
reloadAllAccessors: .IterateOverArrayCoercedOutputType

===========================================================================================
----------------- testing Wed Jun 06 02:35:52 UTC 2018 /home/travis/build/icyphy/ptII/ptolemy/actor/lib/hoc/test/auto/IterateOverArrayInferredOutputType.xml
----------------- Instantiating /home/travis/build/icyphy/ptII/ptolemy/actor/lib/hoc/test/auto/IterateOverArrayInferredOutputType.xml
13 ms. Memory: 331264K Free: 223797K (68%)
----------------- Invoking toplevel() on ptolemy.moml.MoMLSimpleApplication@b972d29
----------------- Done invoking toplevel() on ptolemy.moml.MoMLSimpleApplication@b972d29
reloadAllAccessors: .IterateOverArrayInferredOutputType

===========================================================================================
----------------- testing Wed Jun 06 02:35:52 UTC 2018 /home/travis/build/icyphy/ptII/ptolemy/actor/lib/hoc/test/auto/MobileFunctionTest.xml
----------------- Instantiating /home/travis/build/icyphy/ptII/ptolemy/actor/lib/hoc/test/auto/MobileFunctionTest.xml
5 ms. Memory: 331264K Free: 218902K (66%)
----------------- Invoking toplevel() on ptolemy.moml.MoMLSimpleApplication@742f7348
----------------- Done invoking toplevel() on ptolemy.moml.MoMLSimpleApplication@742f7348
reloadAllAccessors: .MobileFunctionTest

===========================================================================================
----------------- testing Wed Jun 06 02:35:52 UTC 2018 /home/travis/build/icyphy/ptII/ptolemy/actor/lib/hoc/test/auto/MobileModelTest.xml
----------------- Instantiating /home/travis/build/icyphy/ptII/ptolemy/actor/lib/hoc/test/auto/MobileModelTest.xml
83 ms. Memory: 331264K Free: 197269K (60%)
----------------- Invoking toplevel() on ptolemy.moml.MoMLSimpleApplication@42630a13
----------------- Done invoking toplevel() on ptolemy.moml.MoMLSimpleApplication@42630a13
reloadAllAccessors: .MobileModelTest

===========================================================================================
----------------- testing Wed Jun 06 02:35:52 UTC 2018 /home/travis/build/icyphy/ptII/ptolemy/actor/lib/hoc/test/auto/ModelReference.xml
----------------- Instantiating /home/travis/build/icyphy/ptII/ptolemy/actor/lib/hoc/test/auto/ModelReference.xml
2 ms. Memory: 331264K Free: 188703K (57%)
2 ms. Memory: 331264K Free: 187479K (57%)
3 ms. Memory: 331264K Free: 187479K (57%)
2 ms. Memory: 331264K Free: 186256K (56%)
2 ms. Memory: 331264K Free: 185032K (56%)
2 ms. Memory: 331264K Free: 185032K (56%)
2 ms. Memory: 331264K Free: 183808K (55%)
2 ms. Memory: 331264K Free: 182585K (55%)
2 ms. Memory: 331264K Free: 182585K (55%)
6 ms. Memory: 331264K Free: 181361K (55%)
33 ms. Memory: 331264K Free: 181361K (55%)
----------------- Invoking toplevel() on ptolemy.moml.MoMLSimpleApplication@7bf38893
----------------- Done invoking toplevel() on ptolemy.moml.MoMLSimpleApplication@7bf38893
reloadAllAccessors: .ModelReference

===========================================================================================
----------------- testing Wed Jun 06 02:35:52 UTC 2018 /home/travis/build/icyphy/ptII/ptolemy/actor/lib/hoc/test/auto/ModelReference3.xml
----------------- Instantiating /home/travis/build/icyphy/ptII/ptolemy/actor/lib/hoc/test/auto/ModelReference3.xml
2 ms. Memory: 331264K Free: 175242K (53%)
6 ms. Memory: 331264K Free: 175242K (53%)
2 ms. Memory: 331264K Free: 174019K (53%)
7 ms. Memory: 331264K Free: 172795K (52%)
2 ms. Memory: 331264K Free: 172795K (52%)
2 ms. Memory: 331264K Free: 171571K (52%)
1 ms. Memory: 331264K Free: 170348K (51%)
5 ms. Memory: 331264K Free: 170348K (51%)
2 ms. Memory: 331264K Free: 169124K (51%)
2 ms. Memory: 331264K Free: 167900K (51%)
37 ms. Memory: 331264K Free: 167900K (51%)
----------------- Invoking toplevel() on ptolemy.moml.MoMLSimpleApplication@329a85bf
----------------- Done invoking toplevel() on ptolemy.moml.MoMLSimpleApplication@329a85bf
reloadAllAccessors: .ModelReference3

===========================================================================================
----------------- testing Wed Jun 06 02:35:52 UTC 2018 /home/travis/build/icyphy/ptII/ptolemy/actor/lib/hoc/test/auto/ModelReference4.xml
----------------- Instantiating /home/travis/build/icyphy/ptII/ptolemy/actor/lib/hoc/test/auto/ModelReference4.xml
4 ms. Memory: 331264K Free: 160952K (49%)
3 ms. Memory: 331264K Free: 159728K (48%)
2 ms. Memory: 331264K Free: 157281K (47%)
3 ms. Memory: 331264K Free: 156057K (47%)
3 ms. Memory: 331264K Free: 154834K (47%)
4 ms. Memory: 331264K Free: 153610K (46%)
3 ms. Memory: 331264K Free: 152386K (46%)
2 ms. Memory: 331264K Free: 151162K (46%)
2 ms. Memory: 331264K Free: 148699K (45%)
2 ms. Memory: 331264K Free: 147475K (45%)
10031 ms. Memory: 331264K Free: 147475K (45%)
----------------- Invoking toplevel() on ptolemy.moml.MoMLSimpleApplication@9ef6faf
----------------- Done invoking toplevel() on ptolemy.moml.MoMLSimpleApplication@9ef6faf
reloadAllAccessors: .ModelReference4

===========================================================================================
----------------- testing Wed Jun 06 02:36:02 UTC 2018 /home/travis/build/icyphy/ptII/ptolemy/actor/lib/hoc/test/auto/MultiInstanceComposite.xml
----------------- Instantiating /home/travis/build/icyphy/ptII/ptolemy/actor/lib/hoc/test/auto/MultiInstanceComposite.xml
29 ms. Memory: 331264K Free: 130256K (39%)
----------------- Invoking toplevel() on ptolemy.moml.MoMLSimpleApplication@1044f25a
----------------- Done invoking toplevel() on ptolemy.moml.MoMLSimpleApplication@1044f25a
reloadAllAccessors: .MultiInstanceComposite

===========================================================================================
----------------- testing Wed Jun 06 02:36:02 UTC 2018 /home/travis/build/icyphy/ptII/ptolemy/actor/lib/hoc/test/auto/MultiInstanceComposite2.xml
----------------- Instantiating /home/travis/build/icyphy/ptII/ptolemy/actor/lib/hoc/test/auto/MultiInstanceComposite2.xml
18 ms. Memory: 331264K Free: 115868K (35%)
----------------- Invoking toplevel() on ptolemy.moml.MoMLSimpleApplication@76ba082f
----------------- Done invoking toplevel() on ptolemy.moml.MoMLSimpleApplication@76ba082f
reloadAllAccessors: .MultiInstanceComposite2

===========================================================================================
----------------- testing Wed Jun 06 02:36:02 UTC 2018 /home/travis/build/icyphy/ptII/ptolemy/actor/lib/hoc/test/auto/MulticoreExecution.xml
----------------- Instantiating /home/travis/build/icyphy/ptII/ptolemy/actor/lib/hoc/test/auto/MulticoreExecution.xml
Fired ExecutionTime: 2400000
Fired ExecutionTime: 2400000
Fired ExecutionTime: 4800000
Fired ExecutionTime: 2400000
Fired ExecutionTime: 2800000
Fired ExecutionTime: 2800000
Fired ExecutionTime: 3200000
Fired ExecutionTime: 2400000
Fired ExecutionTime: 49600000
Fired ExecutionTime: 58400000
Fired ExecutionTime: 154000000
Fired ExecutionTime: 156400000
Fired ExecutionTime: 157200000
Fired ExecutionTime: 151600000
Fired ExecutionTime: 130000000
Fired ExecutionTime: 155200000
Fired ExecutionTime: 157600000
Fired ExecutionTime: 145200000
Fired ExecutionTime: 156000000
Fired ExecutionTime: 150000000
1087 ms. Memory: 331264K Free: 103614K (31%)
----------------- Invoking toplevel() on ptolemy.moml.MoMLSimpleApplication@2297f5ac
----------------- Done invoking toplevel() on ptolemy.moml.MoMLSimpleApplication@2297f5ac
reloadAllAccessors: .MulticoreExecution

===========================================================================================
----------------- testing Wed Jun 06 02:36:03 UTC 2018 /home/travis/build/icyphy/ptII/ptolemy/actor/lib/hoc/test/auto/ParallelExecution.xml
----------------- Instantiating /home/travis/build/icyphy/ptII/ptolemy/actor/lib/hoc/test/auto/ParallelExecution.xml
916 ms. Memory: 331264K Free: 92561K (28%)
----------------- Invoking toplevel() on ptolemy.moml.MoMLSimpleApplication@7ffada9d
----------------- Done invoking toplevel() on ptolemy.moml.MoMLSimpleApplication@7ffada9d
reloadAllAccessors: .ParallelExecution

===========================================================================================
----------------- testing Wed Jun 06 02:36:04 UTC 2018 /home/travis/build/icyphy/ptII/ptolemy/actor/lib/hoc/test/auto/RunCompositeActor.xml
----------------- Instantiating /home/travis/build/icyphy/ptII/ptolemy/actor/lib/hoc/test/auto/RunCompositeActor.xml
6 ms. Memory: 331264K Free: 83117K (25%)
----------------- Invoking toplevel() on ptolemy.moml.MoMLSimpleApplication@36da79a3
----------------- Done invoking toplevel() on ptolemy.moml.MoMLSimpleApplication@36da79a3
reloadAllAccessors: .RunCompositeActor

===========================================================================================
----------------- testing Wed Jun 06 02:36:04 UTC 2018 /home/travis/build/icyphy/ptII/ptolemy/actor/lib/hoc/test/auto/RunCompositeActor2.xml
----------------- Instantiating /home/travis/build/icyphy/ptII/ptolemy/actor/lib/hoc/test/auto/RunCompositeActor2.xml
7 ms. Memory: 332288K Free: 322388K (97%)
----------------- Invoking toplevel() on ptolemy.moml.MoMLSimpleApplication@3c10dfa8
----------------- Done invoking toplevel() on ptolemy.moml.MoMLSimpleApplication@3c10dfa8
reloadAllAccessors: .RunCompositeActor2

===========================================================================================
----------------- testing Wed Jun 06 02:36:04 UTC 2018 /home/travis/build/icyphy/ptII/ptolemy/actor/lib/hoc/test/auto/RunCompositeActor3.xml
----------------- Instantiating /home/travis/build/icyphy/ptII/ptolemy/actor/lib/hoc/test/auto/RunCompositeActor3.xml
7 ms. Memory: 332288K Free: 313666K (94%)
----------------- Invoking toplevel() on ptolemy.moml.MoMLSimpleApplication@18294858
----------------- Done invoking toplevel() on ptolemy.moml.MoMLSimpleApplication@18294858
reloadAllAccessors: .RunCompositeActor3

===========================================================================================
----------------- testing Wed Jun 06 02:36:04 UTC 2018 /home/travis/build/icyphy/ptII/ptolemy/actor/lib/hoc/test/auto/RunCompositeActor4.xml
----------------- Instantiating /home/travis/build/icyphy/ptII/ptolemy/actor/lib/hoc/test/auto/RunCompositeActor4.xml
14 ms. Memory: 332288K Free: 304711K (92%)
----------------- Invoking toplevel() on ptolemy.moml.MoMLSimpleApplication@42ae5f34
----------------- Done invoking toplevel() on ptolemy.moml.MoMLSimpleApplication@42ae5f34
reloadAllAccessors: .RunCompositeActor4

===========================================================================================
----------------- testing Wed Jun 06 02:36:04 UTC 2018 /home/travis/build/icyphy/ptII/ptolemy/actor/lib/hoc/test/auto/RunCompositeIterateOverArray.xml
----------------- Instantiating /home/travis/build/icyphy/ptII/ptolemy/actor/lib/hoc/test/auto/RunCompositeIterateOverArray.xml
6 ms. Memory: 332288K Free: 298168K (90%)
----------------- Invoking toplevel() on ptolemy.moml.MoMLSimpleApplication@1bf77160
----------------- Done invoking toplevel() on ptolemy.moml.MoMLSimpleApplication@1bf77160
reloadAllAccessors: .RunCompositeIterateOverArray

===========================================================================================
----------------- testing Wed Jun 06 02:36:04 UTC 2018 /home/travis/build/icyphy/ptII/ptolemy/actor/lib/hoc/test/auto/ThreadedJS.xml
----------------- Instantiating /home/travis/build/icyphy/ptII/ptolemy/actor/lib/hoc/test/auto/ThreadedJS.xml
1774 ms. Memory: 539136K Free: 171109K (32%)
----------------- Invoking toplevel() on ptolemy.moml.MoMLSimpleApplication@1ef27776
----------------- Done invoking toplevel() on ptolemy.moml.MoMLSimpleApplication@1ef27776
reloadAllAccessors: .ThreadedJS
AutoTests.java: About to close Vertx.
AutoTests.java: Vertx closed.
]]></system-out>
  <system-err><![CDATA[java.lang.RuntimeException: Execution failed
	at ptolemy.moml.MoMLSimpleApplication$UnloadThread.run(MoMLSimpleApplication.java:402)
Caused by: ptolemy.kernel.util.IllegalActionException: initialize() was called after wrapup() was called but preinitialize() was not called after wrapup().
	at ptolemy.actor.lib.hoc.test.PreinitializeMustBeInvoked.initialize(PreinitializeMustBeInvoked.java:78)
	at ptolemy.actor.Director.initialize(Director.java:938)
	at ptolemy.actor.Director.initialize(Director.java:907)
	at ptolemy.actor.sched.StaticSchedulingDirector.initialize(StaticSchedulingDirector.java:159)
	at ptolemy.domains.sdf.kernel.SDFDirector.initialize(SDFDirector.java:544)
	at ptolemy.actor.CompositeActor.initialize(CompositeActor.java:935)
	at ptolemy.actor.lib.hoc.LifeCycleManager._executeInsideModel(LifeCycleManager.java:339)
	at ptolemy.actor.lib.hoc.RunCompositeActor.fire(RunCompositeActor.java:205)
	at ptolemy.actor.CompositeActor.iterate(CompositeActor.java:1146)
	at ptolemy.actor.sched.StaticSchedulingDirector.fire(StaticSchedulingDirector.java:216)
	at ptolemy.domains.sdf.kernel.SDFDirector.fire(SDFDirector.java:500)
	at ptolemy.actor.CompositeActor.fire(CompositeActor.java:455)
	at ptolemy.actor.Manager.iterate(Manager.java:851)
	at ptolemy.actor.Manager.execute(Manager.java:369)
	at ptolemy.actor.Manager.run(Manager.java:1263)
	at ptolemy.actor.Manager$PtolemyRunThread.run(Manager.java:1915)
java.lang.reflect.InvocationTargetException
	at sun.reflect.NativeConstructorAccessorImpl.newInstance0(Native Method)
	at sun.reflect.NativeConstructorAccessorImpl.newInstance(NativeConstructorAccessorImpl.java:62)
	at sun.reflect.DelegatingConstructorAccessorImpl.newInstance(DelegatingConstructorAccessorImpl.java:45)
	at java.lang.reflect.Constructor.newInstance(Constructor.java:423)
	at ptolemy.util.test.junit.AutoKnownFailedTests.RunModel(AutoKnownFailedTests.java:107)
	at sun.reflect.NativeMethodAccessorImpl.invoke0(Native Method)
	at sun.reflect.NativeMethodAccessorImpl.invoke(NativeMethodAccessorImpl.java:62)
	at sun.reflect.DelegatingMethodAccessorImpl.invoke(DelegatingMethodAccessorImpl.java:43)
	at java.lang.reflect.Method.invoke(Method.java:498)
	at org.junit.runners.model.FrameworkMethod$1.runReflectiveCall(FrameworkMethod.java:44)
	at org.junit.internal.runners.model.ReflectiveCallable.run(ReflectiveCallable.java:15)
	at org.junit.runners.model.FrameworkMethod.invokeExplosively(FrameworkMethod.java:41)
	at junitparams.internal.InvokeParameterisedMethod.evaluate(InvokeParameterisedMethod.java:102)
	at org.junit.internal.runners.statements.FailOnTimeout$1.run(FailOnTimeout.java:28)
Caused by: ptolemy.kernel.util.IllegalActionException: initialize() was called after wrapup() was called but preinitialize() was not called after wrapup().
	at ptolemy.actor.lib.hoc.test.PreinitializeMustBeInvoked.initialize(PreinitializeMustBeInvoked.java:78)
	at ptolemy.actor.Director.initialize(Director.java:938)
	at ptolemy.actor.Director.initialize(Director.java:907)
	at ptolemy.actor.sched.StaticSchedulingDirector.initialize(StaticSchedulingDirector.java:159)
	at ptolemy.domains.sdf.kernel.SDFDirector.initialize(SDFDirector.java:544)
	at ptolemy.actor.CompositeActor.initialize(CompositeActor.java:935)
	at ptolemy.actor.lib.hoc.LifeCycleManager._executeInsideModel(LifeCycleManager.java:339)
	at ptolemy.actor.lib.hoc.RunCompositeActor.fire(RunCompositeActor.java:205)
	at ptolemy.actor.CompositeActor.iterate(CompositeActor.java:1146)
	at ptolemy.actor.sched.StaticSchedulingDirector.fire(StaticSchedulingDirector.java:216)
	at ptolemy.domains.sdf.kernel.SDFDirector.fire(SDFDirector.java:500)
	at ptolemy.actor.CompositeActor.fire(CompositeActor.java:455)
	at ptolemy.actor.Manager.iterate(Manager.java:851)
	at ptolemy.actor.Manager.execute(Manager.java:369)
	at ptolemy.actor.Manager.run(Manager.java:1263)
	at ptolemy.actor.Manager$PtolemyRunThread.run(Manager.java:1915)
]]></system-err>
</testsuite>
