<?xml version="1.0" encoding="UTF-8" ?>
<testsuite errors="0" failures="0" hostname="travis-job-556553a8-a5cd-4f6f-84f2-86f8cc27f563" name="ptolemy.domains.de.test.junit.JUnitTclTest" skipped="0" tests="101" time="130.322" timestamp="2018-06-22T01:25:11">
  <properties>
[...]
</properties>
  <testcase classname="ptolemy.util.test.junit.TclTests" name="[0] /home/travis/build/icyphy/ptII/ptolemy/domains/de/test/DependencyLoop.tcl (RunTclFile)" time="0.819" />
  <testcase classname="ptolemy.util.test.junit.TclTests" name="[1] /home/travis/build/icyphy/ptII/ptolemy/domains/de/test/RunDETestsAsQSS.tcl (RunTclFile)" time="90.508" />
  <testcase classname="ptolemy.util.test.junit.AutoKnownFailedTests" name="[0] /home/travis/build/icyphy/ptII/ptolemy/domains/de/test/auto/knownFailedTests/DESDFClockTest.xml (RunModel)" time="2.031" />
  <testcase classname="ptolemy.util.test.junit.AutoKnownFailedTests" name="[1] /home/travis/build/icyphy/ptII/ptolemy/domains/de/test/auto/knownFailedTests/DirectFeedback.xml (RunModel)" time="0.008" />
  <testcase classname="ptolemy.util.test.junit.AutoKnownFailedTests" name="[2] /home/travis/build/icyphy/ptII/ptolemy/domains/de/test/auto/knownFailedTests/FSMSource.xml (RunModel)" time="0.017" />
  <testcase classname="ptolemy.util.test.junit.AutoKnownFailedTests" name="[3] /home/travis/build/icyphy/ptII/ptolemy/domains/de/test/auto/knownFailedTests/HierarchicalModel.xml (RunModel)" time="0.034" />
  <testcase classname="ptolemy.util.test.junit.AutoKnownFailedTests" name="[4] /home/travis/build/icyphy/ptII/ptolemy/domains/de/test/auto/knownFailedTests/dependencyLoop.xml (RunModel)" time="0.028" />
  <testcase classname="ptolemy.util.test.junit.AutoKnownFailedTests" name="[5] /home/travis/build/icyphy/ptII/ptolemy/domains/de/test/auto/knownFailedTests/dependencyLoop2.xml (RunModel)" time="0.033" />
  <testcase classname="ptolemy.util.test.junit.AutoNameArchTests" name="[0] ThereAreNoAutoArchTests (RunModel)" time="0.004" />
  <testcase classname="ptolemy.util.test.junit.AutoTests" name="[0] /home/travis/build/icyphy/ptII/ptolemy/domains/de/test/auto/ActorDepthCalculation_actorWithoutPorts.xml (RunModel)" time="0.014" />
  <testcase classname="ptolemy.util.test.junit.AutoTests" name="[1] /home/travis/build/icyphy/ptII/ptolemy/domains/de/test/auto/AssemblyLine.xml (RunModel)" time="0.017" />
  <testcase classname="ptolemy.util.test.junit.AutoTests" name="[2] /home/travis/build/icyphy/ptII/ptolemy/domains/de/test/auto/CQBug1.xml (RunModel)" time="0.007" />
  <testcase classname="ptolemy.util.test.junit.AutoTests" name="[3] /home/travis/build/icyphy/ptII/ptolemy/domains/de/test/auto/CancelFireAt.xml (RunModel)" time="0.006" />
  <testcase classname="ptolemy.util.test.junit.AutoTests" name="[4] /home/travis/build/icyphy/ptII/ptolemy/domains/de/test/auto/CausalityAndComposabilityAnalysis.xml (RunModel)" time="0.011" />
  <testcase classname="ptolemy.util.test.junit.AutoTests" name="[5] /home/travis/build/icyphy/ptII/ptolemy/domains/de/test/auto/CausalityInterface1.xml (RunModel)" time="0.012" />
  <testcase classname="ptolemy.util.test.junit.AutoTests" name="[6] /home/travis/build/icyphy/ptII/ptolemy/domains/de/test/auto/CausalityInterface15.xml (RunModel)" time="0.013" />
  <testcase classname="ptolemy.util.test.junit.AutoTests" name="[7] /home/travis/build/icyphy/ptII/ptolemy/domains/de/test/auto/CausalityInterface2.xml (RunModel)" time="0.011" />
  <testcase classname="ptolemy.util.test.junit.AutoTests" name="[8] /home/travis/build/icyphy/ptII/ptolemy/domains/de/test/auto/CausalityInterface3.xml (RunModel)" time="0.012" />
  <testcase classname="ptolemy.util.test.junit.AutoTests" name="[9] /home/travis/build/icyphy/ptII/ptolemy/domains/de/test/auto/ClockDrift.xml (RunModel)" time="0.027" />
  <testcase classname="ptolemy.util.test.junit.AutoTests" name="[10] /home/travis/build/icyphy/ptII/ptolemy/domains/de/test/auto/ClockDriftAndValueChange.xml (RunModel)" time="0.029" />
  <testcase classname="ptolemy.util.test.junit.AutoTests" name="[11] /home/travis/build/icyphy/ptII/ptolemy/domains/de/test/auto/ClockDriftChange.xml (RunModel)" time="0.022" />
  <testcase classname="ptolemy.util.test.junit.AutoTests" name="[12] /home/travis/build/icyphy/ptII/ptolemy/domains/de/test/auto/ComposableCausalityAnalysis.xml (RunModel)" time="0.015" />
  <testcase classname="ptolemy.util.test.junit.AutoTests" name="[13] /home/travis/build/icyphy/ptII/ptolemy/domains/de/test/auto/DEFixedPointLimitation.xml (RunModel)" time="0.01" />
  <testcase classname="ptolemy.util.test.junit.AutoTests" name="[14] /home/travis/build/icyphy/ptII/ptolemy/domains/de/test/auto/DEScheduleTest.xml (RunModel)" time="0.007" />
  <testcase classname="ptolemy.util.test.junit.AutoTests" name="[15] /home/travis/build/icyphy/ptII/ptolemy/domains/de/test/auto/DEinDEwithStartTimes.xml (RunModel)" time="0.009" />
  <testcase classname="ptolemy.util.test.junit.AutoTests" name="[16] /home/travis/build/icyphy/ptII/ptolemy/domains/de/test/auto/DEinDEwithStartTimes2.xml (RunModel)" time="0.009" />
  <testcase classname="ptolemy.util.test.junit.AutoTests" name="[17] /home/travis/build/icyphy/ptII/ptolemy/domains/de/test/auto/DateDemo.xml (RunModel)" time="0.019" />
  <testcase classname="ptolemy.util.test.junit.AutoTests" name="[18] /home/travis/build/icyphy/ptII/ptolemy/domains/de/test/auto/DateToEvent.xml (RunModel)" time="2.028" />
  <testcase classname="ptolemy.util.test.junit.AutoTests" name="[19] /home/travis/build/icyphy/ptII/ptolemy/domains/de/test/auto/DepthTest1.xml (RunModel)" time="0.013" />
  <testcase classname="ptolemy.util.test.junit.AutoTests" name="[20] /home/travis/build/icyphy/ptII/ptolemy/domains/de/test/auto/DepthTest2.xml (RunModel)" time="0.014" />
  <testcase classname="ptolemy.util.test.junit.AutoTests" name="[21] /home/travis/build/icyphy/ptII/ptolemy/domains/de/test/auto/DepthTest3.xml (RunModel)" time="0.014" />
  <testcase classname="ptolemy.util.test.junit.AutoTests" name="[22] /home/travis/build/icyphy/ptII/ptolemy/domains/de/test/auto/DepthTest4.xml (RunModel)" time="0.009" />
  <testcase classname="ptolemy.util.test.junit.AutoTests" name="[23] /home/travis/build/icyphy/ptII/ptolemy/domains/de/test/auto/DepthTest5.xml (RunModel)" time="0.01" />
  <testcase classname="ptolemy.util.test.junit.AutoTests" name="[24] /home/travis/build/icyphy/ptII/ptolemy/domains/de/test/auto/DepthTest6.xml (RunModel)" time="0.009" />
  <testcase classname="ptolemy.util.test.junit.AutoTests" name="[25] /home/travis/build/icyphy/ptII/ptolemy/domains/de/test/auto/DepthTest7.xml (RunModel)" time="0.011" />
  <testcase classname="ptolemy.util.test.junit.AutoTests" name="[26] /home/travis/build/icyphy/ptII/ptolemy/domains/de/test/auto/EventToDate.xml (RunModel)" time="3.024" />
  <testcase classname="ptolemy.util.test.junit.AutoTests" name="[27] /home/travis/build/icyphy/ptII/ptolemy/domains/de/test/auto/FSM1.xml (RunModel)" time="0.022" />
  <testcase classname="ptolemy.util.test.junit.AutoTests" name="[28] /home/travis/build/icyphy/ptII/ptolemy/domains/de/test/auto/FSM7.xml (RunModel)" time="0.021" />
  <testcase classname="ptolemy.util.test.junit.AutoTests" name="[29] /home/travis/build/icyphy/ptII/ptolemy/domains/de/test/auto/Inspection.xml (RunModel)" time="0.025" />
  <testcase classname="ptolemy.util.test.junit.AutoTests" name="[30] /home/travis/build/icyphy/ptII/ptolemy/domains/de/test/auto/Iteration.xml (RunModel)" time="0.013" />
  <testcase classname="ptolemy.util.test.junit.AutoTests" name="[31] /home/travis/build/icyphy/ptII/ptolemy/domains/de/test/auto/LineFault.xml (RunModel)" time="0.424" />
  <testcase classname="ptolemy.util.test.junit.AutoTests" name="[32] /home/travis/build/icyphy/ptII/ptolemy/domains/de/test/auto/MergeModel1Add.xml (RunModel)" time="0.034" />
  <testcase classname="ptolemy.util.test.junit.AutoTests" name="[33] /home/travis/build/icyphy/ptII/ptolemy/domains/de/test/auto/MergeModel2Add.xml (RunModel)" time="0.031" />
  <testcase classname="ptolemy.util.test.junit.AutoTests" name="[34] /home/travis/build/icyphy/ptII/ptolemy/domains/de/test/auto/MergeModel3Add.xml (RunModel)" time="0.033" />
  <testcase classname="ptolemy.util.test.junit.AutoTests" name="[35] /home/travis/build/icyphy/ptII/ptolemy/domains/de/test/auto/MergeWithoutDiscard.xml (RunModel)" time="0.009" />
  <testcase classname="ptolemy.util.test.junit.AutoTests" name="[36] /home/travis/build/icyphy/ptII/ptolemy/domains/de/test/auto/Modal1.xml (RunModel)" time="0.024" />
  <testcase classname="ptolemy.util.test.junit.AutoTests" name="[37] /home/travis/build/icyphy/ptII/ptolemy/domains/de/test/auto/Modal2.xml (RunModel)" time="0.023" />
  <testcase classname="ptolemy.util.test.junit.AutoTests" name="[38] /home/travis/build/icyphy/ptII/ptolemy/domains/de/test/auto/Modal3.xml (RunModel)" time="0.022" />
  <testcase classname="ptolemy.util.test.junit.AutoTests" name="[39] /home/travis/build/icyphy/ptII/ptolemy/domains/de/test/auto/Modal4.xml (RunModel)" time="0.026" />
  <testcase classname="ptolemy.util.test.junit.AutoTests" name="[40] /home/travis/build/icyphy/ptII/ptolemy/domains/de/test/auto/Modal5.xml (RunModel)" time="0.024" />
  <testcase classname="ptolemy.util.test.junit.AutoTests" name="[41] /home/travis/build/icyphy/ptII/ptolemy/domains/de/test/auto/Modal6.xml (RunModel)" time="0.021" />
  <testcase classname="ptolemy.util.test.junit.AutoTests" name="[42] /home/travis/build/icyphy/ptII/ptolemy/domains/de/test/auto/Modal7.xml (RunModel)" time="0.022" />
  <testcase classname="ptolemy.util.test.junit.AutoTests" name="[43] /home/travis/build/icyphy/ptII/ptolemy/domains/de/test/auto/ModalModel.xml (RunModel)" time="0.131" />
  <testcase classname="ptolemy.util.test.junit.AutoTests" name="[44] /home/travis/build/icyphy/ptII/ptolemy/domains/de/test/auto/ModalSource.xml (RunModel)" time="0.014" />
  <testcase classname="ptolemy.util.test.junit.AutoTests" name="[45] /home/travis/build/icyphy/ptII/ptolemy/domains/de/test/auto/NonInterruptibleTimerZeroDelay.xml (RunModel)" time="0.008" />
  <testcase classname="ptolemy.util.test.junit.AutoTests" name="[46] /home/travis/build/icyphy/ptII/ptolemy/domains/de/test/auto/OpenQueueingNetwork.xml (RunModel)" time="1.847" />
  <testcase classname="ptolemy.util.test.junit.AutoTests" name="[47] /home/travis/build/icyphy/ptII/ptolemy/domains/de/test/auto/OpenQueuingNetwork.xml (RunModel)" time="0.227" />
  <testcase classname="ptolemy.util.test.junit.AutoTests" name="[48] /home/travis/build/icyphy/ptII/ptolemy/domains/de/test/auto/PeriodicSampler.xml (RunModel)" time="0.015" />
  <testcase classname="ptolemy.util.test.junit.AutoTests" name="[49] /home/travis/build/icyphy/ptII/ptolemy/domains/de/test/auto/PersistentIO.xml (RunModel)" time="0.022" />
  <testcase classname="ptolemy.util.test.junit.AutoTests" name="[50] /home/travis/build/icyphy/ptII/ptolemy/domains/de/test/auto/PortParameterResetOnInitialize.xml (RunModel)" time="0.01" />
  <testcase classname="ptolemy.util.test.junit.AutoTests" name="[51] /home/travis/build/icyphy/ptII/ptolemy/domains/de/test/auto/PortParameterUpdates.xml (RunModel)" time="0.014" />
  <testcase classname="ptolemy.util.test.junit.AutoTests" name="[52] /home/travis/build/icyphy/ptII/ptolemy/domains/de/test/auto/QueueAndServer.xml (RunModel)" time="0.019" />
  <testcase classname="ptolemy.util.test.junit.AutoTests" name="[53] /home/travis/build/icyphy/ptII/ptolemy/domains/de/test/auto/Records.xml (RunModel)" time="0.015" />
  <testcase classname="ptolemy.util.test.junit.AutoTests" name="[54] /home/travis/build/icyphy/ptII/ptolemy/domains/de/test/auto/ResetTransitionWithStartTime1.xml (RunModel)" time="0.019" />
  <testcase classname="ptolemy.util.test.junit.AutoTests" name="[55] /home/travis/build/icyphy/ptII/ptolemy/domains/de/test/auto/ResetTransitionWithStartTime2.xml (RunModel)" time="0.019" />
  <testcase classname="ptolemy.util.test.junit.AutoTests" name="[56] /home/travis/build/icyphy/ptII/ptolemy/domains/de/test/auto/ResetTransitionWithStartTime3.xml (RunModel)" time="0.018" />
  <testcase classname="ptolemy.util.test.junit.AutoTests" name="[57] /home/travis/build/icyphy/ptII/ptolemy/domains/de/test/auto/ResetTransitionWithStartTime4.xml (RunModel)" time="0.018" />
  <testcase classname="ptolemy.util.test.junit.AutoTests" name="[58] /home/travis/build/icyphy/ptII/ptolemy/domains/de/test/auto/ResettableTimer1.xml (RunModel)" time="0.01" />
  <testcase classname="ptolemy.util.test.junit.AutoTests" name="[59] /home/travis/build/icyphy/ptII/ptolemy/domains/de/test/auto/ResettableTimer2.xml (RunModel)" time="0.01" />
  <testcase classname="ptolemy.util.test.junit.AutoTests" name="[60] /home/travis/build/icyphy/ptII/ptolemy/domains/de/test/auto/ResettableTimer3.xml (RunModel)" time="0.009" />
  <testcase classname="ptolemy.util.test.junit.AutoTests" name="[61] /home/travis/build/icyphy/ptII/ptolemy/domains/de/test/auto/ResettableTimer4.xml (RunModel)" time="0.01" />
  <testcase classname="ptolemy.util.test.junit.AutoTests" name="[62] /home/travis/build/icyphy/ptII/ptolemy/domains/de/test/auto/ResettableTimer5.xml (RunModel)" time="0.011" />
  <testcase classname="ptolemy.util.test.junit.AutoTests" name="[63] /home/travis/build/icyphy/ptII/ptolemy/domains/de/test/auto/ResettableTimer6.xml (RunModel)" time="0.01" />
  <testcase classname="ptolemy.util.test.junit.AutoTests" name="[64] /home/travis/build/icyphy/ptII/ptolemy/domains/de/test/auto/ServerZeroDelay.xml (RunModel)" time="0.01" />
  <testcase classname="ptolemy.util.test.junit.AutoTests" name="[65] /home/travis/build/icyphy/ptII/ptolemy/domains/de/test/auto/SmartSender.xml (RunModel)" time="3.01" />
  <testcase classname="ptolemy.util.test.junit.AutoTests" name="[66] /home/travis/build/icyphy/ptII/ptolemy/domains/de/test/auto/ThreadedComposite.xml (RunModel)" time="0.246" />
  <testcase classname="ptolemy.util.test.junit.AutoTests" name="[67] /home/travis/build/icyphy/ptII/ptolemy/domains/de/test/auto/Time.xml (RunModel)" time="0.464" />
  <testcase classname="ptolemy.util.test.junit.AutoTests" name="[68] /home/travis/build/icyphy/ptII/ptolemy/domains/de/test/auto/TimeDelayZeroDelay.xml (RunModel)" time="0.016" />
  <testcase classname="ptolemy.util.test.junit.AutoTests" name="[69] /home/travis/build/icyphy/ptII/ptolemy/domains/de/test/auto/TimerZeroDelay.xml (RunModel)" time="0.012" />
  <testcase classname="ptolemy.util.test.junit.AutoTests" name="[70] /home/travis/build/icyphy/ptII/ptolemy/domains/de/test/auto/TimingParadox.xml (RunModel)" time="0.382" />
  <testcase classname="ptolemy.util.test.junit.AutoTests" name="[71] /home/travis/build/icyphy/ptII/ptolemy/domains/de/test/auto/TransferInputs.xml (RunModel)" time="0.013" />
  <testcase classname="ptolemy.util.test.junit.AutoTests" name="[72] /home/travis/build/icyphy/ptII/ptolemy/domains/de/test/auto/TransferOutputs2.xml (RunModel)" time="0.015" />
  <testcase classname="ptolemy.util.test.junit.AutoTests" name="[73] /home/travis/build/icyphy/ptII/ptolemy/domains/de/test/auto/Trilateration.xml (RunModel)" time="11.434" />
  <testcase classname="ptolemy.util.test.junit.AutoTests" name="[74] /home/travis/build/icyphy/ptII/ptolemy/domains/de/test/auto/TwoSigmaDelta.xml (RunModel)" time="2.11" />
  <testcase classname="ptolemy.util.test.junit.AutoTests" name="[75] /home/travis/build/icyphy/ptII/ptolemy/domains/de/test/auto/VariableDelay.xml (RunModel)" time="0.024" />
  <testcase classname="ptolemy.util.test.junit.AutoTests" name="[76] /home/travis/build/icyphy/ptII/ptolemy/domains/de/test/auto/VariableDelay2.xml (RunModel)" time="0.009" />
  <testcase classname="ptolemy.util.test.junit.AutoTests" name="[77] /home/travis/build/icyphy/ptII/ptolemy/domains/de/test/auto/VariableDelayZeroDelay.xml (RunModel)" time="0.012" />
  <testcase classname="ptolemy.util.test.junit.AutoTests" name="[78] /home/travis/build/icyphy/ptII/ptolemy/domains/de/test/auto/VariableDelayZeroDelay2.xml (RunModel)" time="0.01" />
  <testcase classname="ptolemy.util.test.junit.AutoTests" name="[79] /home/travis/build/icyphy/ptII/ptolemy/domains/de/test/auto/deInCt.xml (RunModel)" time="0.018" />
  <testcase classname="ptolemy.util.test.junit.AutoTests" name="[80] /home/travis/build/icyphy/ptII/ptolemy/domains/de/test/auto/deInCt2.xml (RunModel)" time="0.015" />
  <testcase classname="ptolemy.util.test.junit.AutoTests" name="[81] /home/travis/build/icyphy/ptII/ptolemy/domains/de/test/auto/dynamicCausalityInterface1.xml (RunModel)" time="0.022" />
  <testcase classname="ptolemy.util.test.junit.AutoTests" name="[82] /home/travis/build/icyphy/ptII/ptolemy/domains/de/test/auto/fsm_de_test.xml (RunModel)" time="0.023" />
  <testcase classname="ptolemy.util.test.junit.AutoTests" name="[83] /home/travis/build/icyphy/ptII/ptolemy/domains/de/test/auto/functionDependencyReconstruction.xml (RunModel)" time="0.033" />
  <testcase classname="ptolemy.util.test.junit.AutoTests" name="[84] /home/travis/build/icyphy/ptII/ptolemy/domains/de/test/auto/multirate.xml (RunModel)" time="0.016" />
  <testcase classname="ptolemy.util.test.junit.AutoTests" name="[85] /home/travis/build/icyphy/ptII/ptolemy/domains/de/test/auto/multirate2.xml (RunModel)" time="0.014" />
  <testcase classname="ptolemy.util.test.junit.AutoTests" name="[86] /home/travis/build/icyphy/ptII/ptolemy/domains/de/test/auto/realtime.xml (RunModel)" time="10.011" />
  <testcase classname="ptolemy.util.test.junit.AutoTests" name="[87] /home/travis/build/icyphy/ptII/ptolemy/domains/de/test/auto/relationGroup.xml (RunModel)" time="0.006" />
  <testcase classname="ptolemy.util.test.junit.AutoTests" name="[88] /home/travis/build/icyphy/ptII/ptolemy/domains/de/test/auto/relationGroup2.xml (RunModel)" time="0.006" />
  <testcase classname="ptolemy.util.test.junit.AutoTests" name="[89] /home/travis/build/icyphy/ptII/ptolemy/domains/de/test/auto/sortWithOpaquePorts.xml (RunModel)" time="0.007" />
  <testcase classname="ptolemy.util.test.junit.AutoTests" name="[90] /home/travis/build/icyphy/ptII/ptolemy/domains/de/test/auto/transferInputsandOutputs.xml (RunModel)" time="0.022" />
  <testcase classname="ptolemy.util.test.junit.AutoTests" name="[91] /home/travis/build/icyphy/ptII/ptolemy/domains/de/test/auto/triggerType.xml (RunModel)" time="0.006" />
  <system-out><![CDATA[/home/travis/build/icyphy/ptII/ptolemy/domains/de/test/DependencyLoop.tcl
testDefs.tcl: setting time out to 9000 seconds at Fri Jun 22 01:25:11 UTC 2018
16 ms. Memory: 116224K Free: 93484K (80%)
6 ms. Memory: 146944K Free: 135498K (92%)
/home/travis/build/icyphy/ptII/ptolemy/domains/de/test/RunDETestsAsQSS.tcl
Run the DE tests using ptolemy.domains.qss.test.QSSDirectorTest, which extends QSSDirector and prints a message in the constructors.
------------------ testing $PTII/ptolemy/domains/de/test/auto/knownFailedTests/dependencyLoop.xml (Known Failure) 
5 ms. Memory: 146944K Free: 132386K (90%)


==== $PTIIhome/travis/build/icyphy/ptII/ptolemy/domains/de/test/../../../../: Auto Automatic test in file $PTII/ptolemy/domains/de/test/auto/knownFailedTests/dependencyLoop.xml
==== Contents of test case:

	    # FIXME: we should use $relativeFilename here, but it
	    # might have backslashes under Windows, which causes no end
	    # of trouble.
	    createAndExecute $file
	    list {}
	
.... Test generated KNOWN error:
    while executing
ptolemy.kernel.util.IllegalActionException: Found a zero delay loop containing .dependencyLoop.original
  in .dependencyLoop and .dependencyLoop.original
	at ptolemy.actor.util.CausalityInterfaceForComposites._computeOutputPortDepth(CausalityInterfaceForComposites.java:759)
	at ptolemy.actor.util.CausalityInterfaceForComposites._computeInputDepth(CausalityInterfaceForComposites.java:696)
	at ptolemy.actor.util.CausalityInterfaceForComposites._computeOutputPortDepth(CausalityInterfaceForComposites.java:765)
	at ptolemy.actor.util.CausalityInterfaceForComposites._computeInputDepth(CausalityInterfaceForComposites.java:696)
	at ptolemy.actor.util.CausalityInterfaceForComposites._computeOutputPortDepth(CausalityInterfaceForComposites.java:765)
	at ptolemy.actor.util.CausalityInterfaceForComposites._computeInputDepth(CausalityInterfaceForComposites.java:696)
	at ptolemy.actor.util.CausalityInterfaceForComposites._computeActorDepth(CausalityInterfaceForComposites.java:532)
	at ptolemy.actor.util.CausalityInterfaceForComposites.checkForCycles(CausalityInterfaceForComposites.java:96)
	at ptolemy.domains.de.kernel.DEDirector.preinitialize(DEDirector.java:1338)
	at ptolemy.actor.CompositeActor.preinitialize(CompositeActor.java:1828)
	at ptolemy.actor.Manager.preinitializeAndResolveTypes(Manager.java:1040)
	at ptolemy.actor.Manager.initialize(Manager.java:710)
	at ptolemy.actor.Manager.execute(Manager.java:356)
	at ptolemy.actor.Manager.run(Manager.java:1263)
	at ptolemy.actor.Manager$PtolemyRunThread.run(Manager.java:1915)

    while executing
ptolemy.kernel.util.IllegalActionException: Found a zero delay loop containing .dependencyLoop.original
  in .dependencyLoop and .dependencyLoop.original
    while executing
"java::new ptolemy.moml.MoMLSimpleApplication $file
"
    (procedure "createAndExecute" line 2)
    invoked from within
"createAndExecute $file"
    ("uplevel" body line 5)
    invoked from within
"uplevel $contents_of_test"
------------------ testing $PTII/ptolemy/domains/de/test/auto/knownFailedTests/DESDFClockTest.xml (Known Failure) 
2058 ms. Memory: 146944K Free: 116655K (79%)


==== $PTIIhome/travis/build/icyphy/ptII/ptolemy/domains/de/test/../../../../: Auto Automatic test in file $PTII/ptolemy/domains/de/test/auto/knownFailedTests/DESDFClockTest.xml
==== Contents of test case:

	    # FIXME: we should use $relativeFilename here, but it
	    # might have backslashes under Windows, which causes no end
	    # of trouble.
	    createAndExecute $file
	    list {}
	
.... Test generated KNOWN error:
    while executing
ptolemy.kernel.util.IllegalActionException: Actor is not ready to fire.  Perhaps UpSample.prefire() returned false? Try debugging the actor by selecting "Listen to Actor".  Also, for SDF check moml for tokenConsumptionRate on input.
  in .DESDFClockTest.Play Bell.Copy1:SDF Director and .DESDFClockTest.Play Bell.UpSample
	at ptolemy.actor.sched.StaticSchedulingDirector.fire(StaticSchedulingDirector.java:227)
	at ptolemy.domains.sdf.kernel.SDFDirector.fire(SDFDirector.java:500)
	at ptolemy.actor.CompositeActor.fire(CompositeActor.java:455)
	at ptolemy.domains.de.kernel.DEDirector._fire(DEDirector.java:1949)
	at ptolemy.domains.de.kernel.DEDirector.fire(DEDirector.java:502)
	at ptolemy.actor.CompositeActor.fire(CompositeActor.java:455)
	at ptolemy.actor.Manager.iterate(Manager.java:851)
	at ptolemy.actor.Manager.execute(Manager.java:369)
	at ptolemy.actor.Manager.run(Manager.java:1263)
	at ptolemy.actor.Manager$PtolemyRunThread.run(Manager.java:1915)

    while executing
ptolemy.kernel.util.IllegalActionException: Actor is not ready to fire.  Perhaps UpSample.prefire() returned false? Try debugging the actor by selecting "Listen to Actor".  Also, for SDF check moml for tokenConsumptionRate on input.
  in .DESDFClockTest.Play Bell.Copy1:SDF Director and .DESDFClockTest.Play Bell.UpSample
    while executing
"java::new ptolemy.moml.MoMLSimpleApplication $file
"
    (procedure "createAndExecute" line 2)
    invoked from within
"createAndExecute $file"
    ("uplevel" body line 5)
    invoked from within
"uplevel $contents_of_test"
------------------ testing $PTII/ptolemy/domains/de/test/auto/knownFailedTests/FSMSource.xml (Known Failure) 
26 ms. Memory: 146944K Free: 107734K (73%)
!!!! Auto was marked as failing, but now passes
------------------ testing $PTII/ptolemy/domains/de/test/auto/knownFailedTests/dependencyLoop2.xml (Known Failure) 
7 ms. Memory: 146944K Free: 105850K (72%)


==== $PTIIhome/travis/build/icyphy/ptII/ptolemy/domains/de/test/../../../../: Auto Automatic test in file $PTII/ptolemy/domains/de/test/auto/knownFailedTests/dependencyLoop2.xml
==== Contents of test case:

	    # FIXME: we should use $relativeFilename here, but it
	    # might have backslashes under Windows, which causes no end
	    # of trouble.
	    createAndExecute $file
	    list {}
	
.... Test generated KNOWN error:
    while executing
ptolemy.kernel.util.IllegalActionException: Found a zero delay loop containing .dependencyLoop2.original
  in .dependencyLoop2 and .dependencyLoop2.original
	at ptolemy.actor.util.CausalityInterfaceForComposites._computeOutputPortDepth(CausalityInterfaceForComposites.java:759)
	at ptolemy.actor.util.CausalityInterfaceForComposites._computeInputDepth(CausalityInterfaceForComposites.java:696)
	at ptolemy.actor.util.CausalityInterfaceForComposites._computeOutputPortDepth(CausalityInterfaceForComposites.java:765)
	at ptolemy.actor.util.CausalityInterfaceForComposites._computeInputDepth(CausalityInterfaceForComposites.java:696)
	at ptolemy.actor.util.CausalityInterfaceForComposites._computeOutputPortDepth(CausalityInterfaceForComposites.java:765)
	at ptolemy.actor.util.CausalityInterfaceForComposites._computeInputDepth(CausalityInterfaceForComposites.java:696)
	at ptolemy.actor.util.CausalityInterfaceForComposites._computeActorDepth(CausalityInterfaceForComposites.java:532)
	at ptolemy.actor.util.CausalityInterfaceForComposites.checkForCycles(CausalityInterfaceForComposites.java:96)
	at ptolemy.domains.de.kernel.DEDirector.preinitialize(DEDirector.java:1338)
	at ptolemy.actor.CompositeActor.preinitialize(CompositeActor.java:1828)
	at ptolemy.actor.Manager.preinitializeAndResolveTypes(Manager.java:1040)
	at ptolemy.actor.Manager.initialize(Manager.java:710)
	at ptolemy.actor.Manager.execute(Manager.java:356)
	at ptolemy.actor.Manager.run(Manager.java:1263)
	at ptolemy.actor.Manager$PtolemyRunThread.run(Manager.java:1915)

    while executing
ptolemy.kernel.util.IllegalActionException: Found a zero delay loop containing .dependencyLoop2.original
  in .dependencyLoop2 and .dependencyLoop2.original
    while executing
"java::new ptolemy.moml.MoMLSimpleApplication $file
"
    (procedure "createAndExecute" line 2)
    invoked from within
"createAndExecute $file"
    ("uplevel" body line 5)
    invoked from within
"uplevel $contents_of_test"
------------------ testing $PTII/ptolemy/domains/de/test/auto/knownFailedTests/HierarchicalModel.xml (Known Failure) 
6 ms. Memory: 146944K Free: 84187K (57%)


==== $PTIIhome/travis/build/icyphy/ptII/ptolemy/domains/de/test/../../../../: Auto Automatic test in file $PTII/ptolemy/domains/de/test/auto/knownFailedTests/HierarchicalModel.xml
==== Contents of test case:

	    # FIXME: we should use $relativeFilename here, but it
	    # might have backslashes under Windows, which causes no end
	    # of trouble.
	    createAndExecute $file
	    list {}
	
.... Test generated KNOWN error:
    while executing
ptolemy.kernel.util.IllegalActionException: Found a zero delay loop containing .HierarchicalModel.A
  in .HierarchicalModel and .HierarchicalModel.A
	at ptolemy.actor.util.CausalityInterfaceForComposites._computeOutputPortDepth(CausalityInterfaceForComposites.java:759)
	at ptolemy.actor.util.CausalityInterfaceForComposites._computeInputDepth(CausalityInterfaceForComposites.java:696)
	at ptolemy.actor.util.CausalityInterfaceForComposites._computeOutputPortDepth(CausalityInterfaceForComposites.java:765)
	at ptolemy.actor.util.CausalityInterfaceForComposites._computeInputDepth(CausalityInterfaceForComposites.java:696)
	at ptolemy.actor.util.CausalityInterfaceForComposites._computeOutputPortDepth(CausalityInterfaceForComposites.java:765)
	at ptolemy.actor.util.CausalityInterfaceForComposites._computeInputDepth(CausalityInterfaceForComposites.java:696)
	at ptolemy.actor.util.CausalityInterfaceForComposites._computeActorDepth(CausalityInterfaceForComposites.java:532)
	at ptolemy.actor.util.CausalityInterfaceForComposites.checkForCycles(CausalityInterfaceForComposites.java:96)
	at ptolemy.domains.de.kernel.DEDirector.preinitialize(DEDirector.java:1338)
	at ptolemy.actor.CompositeActor.preinitialize(CompositeActor.java:1828)
	at ptolemy.actor.Manager.preinitializeAndResolveTypes(Manager.java:1040)
	at ptolemy.actor.Manager.initialize(Manager.java:710)
	at ptolemy.actor.Manager.execute(Manager.java:356)
	at ptolemy.actor.Manager.run(Manager.java:1263)
	at ptolemy.actor.Manager$PtolemyRunThread.run(Manager.java:1915)

    while executing
ptolemy.kernel.util.IllegalActionException: Found a zero delay loop containing .HierarchicalModel.A
  in .HierarchicalModel and .HierarchicalModel.A
    while executing
"java::new ptolemy.moml.MoMLSimpleApplication $file
"
    (procedure "createAndExecute" line 2)
    invoked from within
"createAndExecute $file"
    ("uplevel" body line 5)
    invoked from within
"uplevel $contents_of_test"
------------------ testing $PTII/ptolemy/domains/de/test/auto/knownFailedTests/DirectFeedback.xml (Known Failure) 
4 ms. Memory: 146944K Free: 141441K (96%)


==== $PTIIhome/travis/build/icyphy/ptII/ptolemy/domains/de/test/../../../../: Auto Automatic test in file $PTII/ptolemy/domains/de/test/auto/knownFailedTests/DirectFeedback.xml
==== Contents of test case:

	    # FIXME: we should use $relativeFilename here, but it
	    # might have backslashes under Windows, which causes no end
	    # of trouble.
	    createAndExecute $file
	    list {}
	
.... Test generated KNOWN error:
    while executing
ptolemy.kernel.util.IllegalActionException: Test fails in iteration 1.
Value was: 1.0. Should have been: 2.0
  in .DirectFeedback.Test
	at ptolemy.actor.lib.Test.fire(Test.java:268)
	at ptolemy.domains.de.kernel.DEDirector._fire(DEDirector.java:1949)
	at ptolemy.domains.de.kernel.DEDirector.fire(DEDirector.java:502)
	at ptolemy.actor.CompositeActor.fire(CompositeActor.java:455)
	at ptolemy.actor.Manager.iterate(Manager.java:851)
	at ptolemy.actor.Manager.execute(Manager.java:369)
	at ptolemy.actor.Manager.run(Manager.java:1263)
	at ptolemy.actor.Manager$PtolemyRunThread.run(Manager.java:1915)

    while executing
ptolemy.kernel.util.IllegalActionException: Test fails in iteration 1.
Value was: 1.0. Should have been: 2.0
  in .DirectFeedback.Test
    while executing
"java::new ptolemy.moml.MoMLSimpleApplication $file
"
    (procedure "createAndExecute" line 2)
    invoked from within
"createAndExecute $file"
    ("uplevel" body line 5)
    invoked from within
"uplevel $contents_of_test"
------------------ testing $PTII/ptolemy/domains/de/test/auto/ActorDepthCalculation_actorWithoutPorts.xml
auto.tcl: Setting watchdog for 200 seconds at Fri Jun 22 01:25:15 UTC 2018
4 ms. Memory: 146944K Free: 132526K (90%)
ptolemy.util.test.WatchDog.cancel(): canceling Fri Jun 22 01:25:15 UTC 2018
auto.tcl: Setting watchdog for 200 seconds at Fri Jun 22 01:25:15 UTC 2018
6 ms. Memory: 146944K Free: 131494K (89%)
ptolemy.util.test.WatchDog.cancel(): canceling Fri Jun 22 01:25:15 UTC 2018
------------------ testing $PTII/ptolemy/domains/de/test/auto/AssemblyLine.xml
auto.tcl: Setting watchdog for 200 seconds at Fri Jun 22 01:25:15 UTC 2018
22 ms. Memory: 208384K Free: 182879K (88%)
ptolemy.util.test.WatchDog.cancel(): canceling Fri Jun 22 01:25:15 UTC 2018
auto.tcl: Setting watchdog for 200 seconds at Fri Jun 22 01:25:15 UTC 2018
9 ms. Memory: 208384K Free: 182879K (88%)
ptolemy.util.test.WatchDog.cancel(): canceling Fri Jun 22 01:25:15 UTC 2018
------------------ testing $PTII/ptolemy/domains/de/test/auto/CQBug1.xml
auto.tcl: Setting watchdog for 200 seconds at Fri Jun 22 01:25:15 UTC 2018
4 ms. Memory: 208384K Free: 197737K (95%)
ptolemy.util.test.WatchDog.cancel(): canceling Fri Jun 22 01:25:15 UTC 2018
auto.tcl: Setting watchdog for 200 seconds at Fri Jun 22 01:25:15 UTC 2018
3 ms. Memory: 208384K Free: 197737K (95%)
ptolemy.util.test.WatchDog.cancel(): canceling Fri Jun 22 01:25:15 UTC 2018
------------------ testing $PTII/ptolemy/domains/de/test/auto/CancelFireAt.xml
auto.tcl: Setting watchdog for 200 seconds at Fri Jun 22 01:25:16 UTC 2018
5 ms. Memory: 208384K Free: 201449K (97%)
ptolemy.util.test.WatchDog.cancel(): canceling Fri Jun 22 01:25:16 UTC 2018
auto.tcl: Setting watchdog for 200 seconds at Fri Jun 22 01:25:16 UTC 2018
3 ms. Memory: 208384K Free: 199020K (96%)
ptolemy.util.test.WatchDog.cancel(): canceling Fri Jun 22 01:25:16 UTC 2018
------------------ testing $PTII/ptolemy/domains/de/test/auto/CausalityAndComposabilityAnalysis.xml
auto.tcl: Setting watchdog for 200 seconds at Fri Jun 22 01:25:16 UTC 2018
14 ms. Memory: 208384K Free: 196525K (94%)
ptolemy.util.test.WatchDog.cancel(): canceling Fri Jun 22 01:25:16 UTC 2018
auto.tcl: Setting watchdog for 200 seconds at Fri Jun 22 01:25:16 UTC 2018
7 ms. Memory: 208384K Free: 196525K (94%)
ptolemy.util.test.WatchDog.cancel(): canceling Fri Jun 22 01:25:16 UTC 2018
------------------ testing $PTII/ptolemy/domains/de/test/auto/CausalityInterface1.xml
auto.tcl: Setting watchdog for 200 seconds at Fri Jun 22 01:25:16 UTC 2018
10 ms. Memory: 208384K Free: 196462K (94%)
ptolemy.util.test.WatchDog.cancel(): canceling Fri Jun 22 01:25:16 UTC 2018
auto.tcl: Setting watchdog for 200 seconds at Fri Jun 22 01:25:16 UTC 2018
9 ms. Memory: 208384K Free: 196462K (94%)
ptolemy.util.test.WatchDog.cancel(): canceling Fri Jun 22 01:25:16 UTC 2018
------------------ testing $PTII/ptolemy/domains/de/test/auto/CausalityInterface15.xml
auto.tcl: Setting watchdog for 200 seconds at Fri Jun 22 01:25:16 UTC 2018
24 ms. Memory: 208384K Free: 196453K (94%)
ptolemy.util.test.WatchDog.cancel(): canceling Fri Jun 22 01:25:16 UTC 2018
auto.tcl: Setting watchdog for 200 seconds at Fri Jun 22 01:25:16 UTC 2018
3 ms. Memory: 208384K Free: 196453K (94%)
ptolemy.util.test.WatchDog.cancel(): canceling Fri Jun 22 01:25:16 UTC 2018
------------------ testing $PTII/ptolemy/domains/de/test/auto/CausalityInterface2.xml
auto.tcl: Setting watchdog for 200 seconds at Fri Jun 22 01:25:16 UTC 2018
9 ms. Memory: 208384K Free: 196436K (94%)
ptolemy.util.test.WatchDog.cancel(): canceling Fri Jun 22 01:25:16 UTC 2018
auto.tcl: Setting watchdog for 200 seconds at Fri Jun 22 01:25:16 UTC 2018
6 ms. Memory: 208384K Free: 196436K (94%)
ptolemy.util.test.WatchDog.cancel(): canceling Fri Jun 22 01:25:16 UTC 2018
------------------ testing $PTII/ptolemy/domains/de/test/auto/CausalityInterface3.xml
auto.tcl: Setting watchdog for 200 seconds at Fri Jun 22 01:25:16 UTC 2018
6 ms. Memory: 208384K Free: 196449K (94%)
ptolemy.util.test.WatchDog.cancel(): canceling Fri Jun 22 01:25:16 UTC 2018
auto.tcl: Setting watchdog for 200 seconds at Fri Jun 22 01:25:16 UTC 2018
7 ms. Memory: 208384K Free: 196449K (94%)
ptolemy.util.test.WatchDog.cancel(): canceling Fri Jun 22 01:25:16 UTC 2018
------------------ testing $PTII/ptolemy/domains/de/test/auto/ClockDrift.xml
auto.tcl: Setting watchdog for 200 seconds at Fri Jun 22 01:25:16 UTC 2018
98 ms. Memory: 208384K Free: 187704K (90%)
ptolemy.util.test.WatchDog.cancel(): canceling Fri Jun 22 01:25:16 UTC 2018
auto.tcl: Setting watchdog for 200 seconds at Fri Jun 22 01:25:16 UTC 2018
78 ms. Memory: 208384K Free: 185612K (89%)
ptolemy.util.test.WatchDog.cancel(): canceling Fri Jun 22 01:25:16 UTC 2018
------------------ testing $PTII/ptolemy/domains/de/test/auto/ClockDriftAndValueChange.xml
auto.tcl: Setting watchdog for 200 seconds at Fri Jun 22 01:25:17 UTC 2018
53 ms. Memory: 208384K Free: 187536K (90%)
ptolemy.util.test.WatchDog.cancel(): canceling Fri Jun 22 01:25:17 UTC 2018
auto.tcl: Setting watchdog for 200 seconds at Fri Jun 22 01:25:17 UTC 2018
49 ms. Memory: 208384K Free: 185444K (89%)
ptolemy.util.test.WatchDog.cancel(): canceling Fri Jun 22 01:25:17 UTC 2018
------------------ testing $PTII/ptolemy/domains/de/test/auto/ClockDriftChange.xml
auto.tcl: Setting watchdog for 200 seconds at Fri Jun 22 01:25:17 UTC 2018
43 ms. Memory: 208384K Free: 190599K (91%)
ptolemy.util.test.WatchDog.cancel(): canceling Fri Jun 22 01:25:17 UTC 2018
auto.tcl: Setting watchdog for 200 seconds at Fri Jun 22 01:25:17 UTC 2018
26 ms. Memory: 208384K Free: 188507K (90%)
ptolemy.util.test.WatchDog.cancel(): canceling Fri Jun 22 01:25:17 UTC 2018
------------------ testing $PTII/ptolemy/domains/de/test/auto/ComposableCausalityAnalysis.xml
auto.tcl: Setting watchdog for 200 seconds at Fri Jun 22 01:25:17 UTC 2018
3 ms. Memory: 208384K Free: 196050K (94%)
ptolemy.util.test.WatchDog.cancel(): canceling Fri Jun 22 01:25:17 UTC 2018
auto.tcl: Setting watchdog for 200 seconds at Fri Jun 22 01:25:17 UTC 2018
3 ms. Memory: 208384K Free: 193958K (93%)
ptolemy.util.test.WatchDog.cancel(): canceling Fri Jun 22 01:25:17 UTC 2018
------------------ testing $PTII/ptolemy/domains/de/test/auto/DEFixedPointLimitation.xml
auto.tcl: Setting watchdog for 200 seconds at Fri Jun 22 01:25:17 UTC 2018
2 ms. Memory: 208384K Free: 196130K (94%)
ptolemy.util.test.WatchDog.cancel(): canceling Fri Jun 22 01:25:17 UTC 2018
auto.tcl: Setting watchdog for 200 seconds at Fri Jun 22 01:25:17 UTC 2018
5 ms. Memory: 208384K Free: 196130K (94%)
ptolemy.util.test.WatchDog.cancel(): canceling Fri Jun 22 01:25:17 UTC 2018
------------------ testing $PTII/ptolemy/domains/de/test/auto/DEScheduleTest.xml
auto.tcl: Setting watchdog for 200 seconds at Fri Jun 22 01:25:17 UTC 2018
5 ms. Memory: 208384K Free: 198258K (95%)
ptolemy.util.test.WatchDog.cancel(): canceling Fri Jun 22 01:25:17 UTC 2018
auto.tcl: Setting watchdog for 200 seconds at Fri Jun 22 01:25:17 UTC 2018
9 ms. Memory: 208384K Free: 196166K (94%)
ptolemy.util.test.WatchDog.cancel(): canceling Fri Jun 22 01:25:17 UTC 2018
------------------ testing $PTII/ptolemy/domains/de/test/auto/DEinDEwithStartTimes.xml
auto.tcl: Setting watchdog for 200 seconds at Fri Jun 22 01:25:17 UTC 2018
6 ms. Memory: 208384K Free: 196136K (94%)
ptolemy.util.test.WatchDog.cancel(): canceling Fri Jun 22 01:25:17 UTC 2018
auto.tcl: Setting watchdog for 200 seconds at Fri Jun 22 01:25:17 UTC 2018
9 ms. Memory: 208384K Free: 194044K (93%)
ptolemy.util.test.WatchDog.cancel(): canceling Fri Jun 22 01:25:17 UTC 2018
------------------ testing $PTII/ptolemy/domains/de/test/auto/DEinDEwithStartTimes2.xml
auto.tcl: Setting watchdog for 200 seconds at Fri Jun 22 01:25:17 UTC 2018
9 ms. Memory: 208384K Free: 196453K (94%)
ptolemy.util.test.WatchDog.cancel(): canceling Fri Jun 22 01:25:17 UTC 2018
auto.tcl: Setting watchdog for 200 seconds at Fri Jun 22 01:25:17 UTC 2018
9 ms. Memory: 208384K Free: 194023K (93%)
ptolemy.util.test.WatchDog.cancel(): canceling Fri Jun 22 01:25:17 UTC 2018
------------------ testing $PTII/ptolemy/domains/de/test/auto/DateDemo.xml
auto.tcl: Setting watchdog for 200 seconds at Fri Jun 22 01:25:17 UTC 2018
12 ms. Memory: 208384K Free: 188577K (90%)
ptolemy.util.test.WatchDog.cancel(): canceling Fri Jun 22 01:25:18 UTC 2018
auto.tcl: Setting watchdog for 200 seconds at Fri Jun 22 01:25:18 UTC 2018
14 ms. Memory: 208384K Free: 186485K (89%)
ptolemy.util.test.WatchDog.cancel(): canceling Fri Jun 22 01:25:18 UTC 2018
------------------ testing $PTII/ptolemy/domains/de/test/auto/DateToEvent.xml
auto.tcl: Setting watchdog for 200 seconds at Fri Jun 22 01:25:18 UTC 2018
2016 ms. Memory: 208384K Free: 183323K (88%)
ptolemy.util.test.WatchDog.cancel(): canceling Fri Jun 22 01:25:20 UTC 2018
auto.tcl: Setting watchdog for 200 seconds at Fri Jun 22 01:25:20 UTC 2018
2007 ms. Memory: 208384K Free: 183323K (88%)
ptolemy.util.test.WatchDog.cancel(): canceling Fri Jun 22 01:25:22 UTC 2018
------------------ testing $PTII/ptolemy/domains/de/test/auto/DepthTest1.xml
auto.tcl: Setting watchdog for 200 seconds at Fri Jun 22 01:25:22 UTC 2018
8 ms. Memory: 208384K Free: 195665K (94%)
ptolemy.util.test.WatchDog.cancel(): canceling Fri Jun 22 01:25:22 UTC 2018
auto.tcl: Setting watchdog for 200 seconds at Fri Jun 22 01:25:22 UTC 2018
1 ms. Memory: 208384K Free: 195665K (94%)
ptolemy.util.test.WatchDog.cancel(): canceling Fri Jun 22 01:25:22 UTC 2018
------------------ testing $PTII/ptolemy/domains/de/test/auto/DepthTest2.xml
auto.tcl: Setting watchdog for 200 seconds at Fri Jun 22 01:25:22 UTC 2018
3 ms. Memory: 208384K Free: 193521K (93%)
ptolemy.util.test.WatchDog.cancel(): canceling Fri Jun 22 01:25:22 UTC 2018
auto.tcl: Setting watchdog for 200 seconds at Fri Jun 22 01:25:22 UTC 2018
7 ms. Memory: 208384K Free: 193521K (93%)
ptolemy.util.test.WatchDog.cancel(): canceling Fri Jun 22 01:25:22 UTC 2018
------------------ testing $PTII/ptolemy/domains/de/test/auto/DepthTest3.xml
auto.tcl: Setting watchdog for 200 seconds at Fri Jun 22 01:25:22 UTC 2018
3 ms. Memory: 208384K Free: 197974K (95%)
ptolemy.util.test.WatchDog.cancel(): canceling Fri Jun 22 01:25:22 UTC 2018
auto.tcl: Setting watchdog for 200 seconds at Fri Jun 22 01:25:22 UTC 2018
2 ms. Memory: 208384K Free: 197974K (95%)
ptolemy.util.test.WatchDog.cancel(): canceling Fri Jun 22 01:25:22 UTC 2018
------------------ testing $PTII/ptolemy/domains/de/test/auto/DepthTest4.xml
auto.tcl: Setting watchdog for 200 seconds at Fri Jun 22 01:25:22 UTC 2018
7 ms. Memory: 208384K Free: 195632K (94%)
ptolemy.util.test.WatchDog.cancel(): canceling Fri Jun 22 01:25:22 UTC 2018
auto.tcl: Setting watchdog for 200 seconds at Fri Jun 22 01:25:22 UTC 2018
3 ms. Memory: 208384K Free: 195632K (94%)
ptolemy.util.test.WatchDog.cancel(): canceling Fri Jun 22 01:25:22 UTC 2018
------------------ testing $PTII/ptolemy/domains/de/test/auto/DepthTest5.xml
auto.tcl: Setting watchdog for 200 seconds at Fri Jun 22 01:25:22 UTC 2018
5 ms. Memory: 208384K Free: 195917K (94%)
ptolemy.util.test.WatchDog.cancel(): canceling Fri Jun 22 01:25:22 UTC 2018
auto.tcl: Setting watchdog for 200 seconds at Fri Jun 22 01:25:22 UTC 2018
3 ms. Memory: 208384K Free: 195917K (94%)
ptolemy.util.test.WatchDog.cancel(): canceling Fri Jun 22 01:25:22 UTC 2018
------------------ testing $PTII/ptolemy/domains/de/test/auto/DepthTest6.xml
auto.tcl: Setting watchdog for 200 seconds at Fri Jun 22 01:25:22 UTC 2018
13 ms. Memory: 208384K Free: 195885K (94%)
ptolemy.util.test.WatchDog.cancel(): canceling Fri Jun 22 01:25:22 UTC 2018
auto.tcl: Setting watchdog for 200 seconds at Fri Jun 22 01:25:22 UTC 2018
3 ms. Memory: 208384K Free: 195885K (94%)
ptolemy.util.test.WatchDog.cancel(): canceling Fri Jun 22 01:25:22 UTC 2018
------------------ testing $PTII/ptolemy/domains/de/test/auto/DepthTest7.xml
auto.tcl: Setting watchdog for 200 seconds at Fri Jun 22 01:25:22 UTC 2018
3 ms. Memory: 208384K Free: 195537K (94%)
ptolemy.util.test.WatchDog.cancel(): canceling Fri Jun 22 01:25:22 UTC 2018
auto.tcl: Setting watchdog for 200 seconds at Fri Jun 22 01:25:22 UTC 2018
2 ms. Memory: 208384K Free: 195537K (94%)
ptolemy.util.test.WatchDog.cancel(): canceling Fri Jun 22 01:25:22 UTC 2018
------------------ testing $PTII/ptolemy/domains/de/test/auto/EventToDate.xml
auto.tcl: Setting watchdog for 200 seconds at Fri Jun 22 01:25:22 UTC 2018
3010 ms. Memory: 208384K Free: 185097K (89%)
ptolemy.util.test.WatchDog.cancel(): canceling Fri Jun 22 01:25:25 UTC 2018
auto.tcl: Setting watchdog for 200 seconds at Fri Jun 22 01:25:25 UTC 2018
3004 ms. Memory: 208384K Free: 185097K (89%)
ptolemy.util.test.WatchDog.cancel(): canceling Fri Jun 22 01:25:29 UTC 2018
------------------ testing $PTII/ptolemy/domains/de/test/auto/FSM1.xml
auto.tcl: Setting watchdog for 200 seconds at Fri Jun 22 01:25:29 UTC 2018
21 ms. Memory: 208384K Free: 188604K (91%)
ptolemy.util.test.WatchDog.cancel(): canceling Fri Jun 22 01:25:29 UTC 2018
auto.tcl: Setting watchdog for 200 seconds at Fri Jun 22 01:25:29 UTC 2018
15 ms. Memory: 208384K Free: 184420K (89%)
ptolemy.util.test.WatchDog.cancel(): canceling Fri Jun 22 01:25:29 UTC 2018
------------------ testing $PTII/ptolemy/domains/de/test/auto/FSM7.xml
auto.tcl: Setting watchdog for 200 seconds at Fri Jun 22 01:25:29 UTC 2018
22 ms. Memory: 208384K Free: 186715K (90%)
ptolemy.util.test.WatchDog.cancel(): canceling Fri Jun 22 01:25:29 UTC 2018
auto.tcl: Setting watchdog for 200 seconds at Fri Jun 22 01:25:29 UTC 2018
15 ms. Memory: 208384K Free: 184623K (89%)
ptolemy.util.test.WatchDog.cancel(): canceling Fri Jun 22 01:25:29 UTC 2018
------------------ testing $PTII/ptolemy/domains/de/test/auto/Inspection.xml
auto.tcl: Setting watchdog for 200 seconds at Fri Jun 22 01:25:29 UTC 2018
42 ms. Memory: 208384K Free: 188268K (90%)
ptolemy.util.test.WatchDog.cancel(): canceling Fri Jun 22 01:25:29 UTC 2018
auto.tcl: Setting watchdog for 200 seconds at Fri Jun 22 01:25:29 UTC 2018
41 ms. Memory: 208384K Free: 186176K (89%)
ptolemy.util.test.WatchDog.cancel(): canceling Fri Jun 22 01:25:29 UTC 2018
------------------ testing $PTII/ptolemy/domains/de/test/auto/Iteration.xml
auto.tcl: Setting watchdog for 200 seconds at Fri Jun 22 01:25:29 UTC 2018
9 ms. Memory: 208384K Free: 195344K (94%)
ptolemy.util.test.WatchDog.cancel(): canceling Fri Jun 22 01:25:29 UTC 2018
auto.tcl: Setting watchdog for 200 seconds at Fri Jun 22 01:25:29 UTC 2018
7 ms. Memory: 208384K Free: 193252K (93%)
ptolemy.util.test.WatchDog.cancel(): canceling Fri Jun 22 01:25:29 UTC 2018
------------------ testing $PTII/ptolemy/domains/de/test/auto/LineFault.xml
auto.tcl: Setting watchdog for 200 seconds at Fri Jun 22 01:25:29 UTC 2018
752 ms. Memory: 208384K Free: 195547K (94%)
ptolemy.util.test.WatchDog.cancel(): canceling Fri Jun 22 01:25:30 UTC 2018
auto.tcl: Setting watchdog for 200 seconds at Fri Jun 22 01:25:30 UTC 2018
578 ms. Memory: 208384K Free: 138400K (66%)
ptolemy.util.test.WatchDog.cancel(): canceling Fri Jun 22 01:25:31 UTC 2018
------------------ testing $PTII/ptolemy/domains/de/test/auto/MergeModel1Add.xml
auto.tcl: Setting watchdog for 200 seconds at Fri Jun 22 01:25:31 UTC 2018
29 ms. Memory: 331264K Free: 298104K (90%)
ptolemy.util.test.WatchDog.cancel(): canceling Fri Jun 22 01:25:31 UTC 2018
auto.tcl: Setting watchdog for 200 seconds at Fri Jun 22 01:25:31 UTC 2018
14 ms. Memory: 331264K Free: 298104K (90%)
ptolemy.util.test.WatchDog.cancel(): canceling Fri Jun 22 01:25:31 UTC 2018
------------------ testing $PTII/ptolemy/domains/de/test/auto/MergeModel2Add.xml
auto.tcl: Setting watchdog for 200 seconds at Fri Jun 22 01:25:31 UTC 2018
11 ms. Memory: 331264K Free: 303402K (92%)
ptolemy.util.test.WatchDog.cancel(): canceling Fri Jun 22 01:25:31 UTC 2018
auto.tcl: Setting watchdog for 200 seconds at Fri Jun 22 01:25:31 UTC 2018
12 ms. Memory: 331264K Free: 299457K (90%)
ptolemy.util.test.WatchDog.cancel(): canceling Fri Jun 22 01:25:31 UTC 2018
------------------ testing $PTII/ptolemy/domains/de/test/auto/MergeModel3Add.xml
auto.tcl: Setting watchdog for 200 seconds at Fri Jun 22 01:25:31 UTC 2018
10 ms. Memory: 331264K Free: 303404K (92%)
ptolemy.util.test.WatchDog.cancel(): canceling Fri Jun 22 01:25:31 UTC 2018
auto.tcl: Setting watchdog for 200 seconds at Fri Jun 22 01:25:31 UTC 2018
7 ms. Memory: 331264K Free: 299460K (90%)
ptolemy.util.test.WatchDog.cancel(): canceling Fri Jun 22 01:25:31 UTC 2018
------------------ testing $PTII/ptolemy/domains/de/test/auto/MergeWithoutDiscard.xml
auto.tcl: Setting watchdog for 200 seconds at Fri Jun 22 01:25:31 UTC 2018
2 ms. Memory: 331264K Free: 319499K (96%)
ptolemy.util.test.WatchDog.cancel(): canceling Fri Jun 22 01:25:31 UTC 2018
auto.tcl: Setting watchdog for 200 seconds at Fri Jun 22 01:25:31 UTC 2018
2 ms. Memory: 331264K Free: 315554K (95%)
ptolemy.util.test.WatchDog.cancel(): canceling Fri Jun 22 01:25:31 UTC 2018
------------------ testing $PTII/ptolemy/domains/de/test/auto/Modal1.xml
auto.tcl: Setting watchdog for 200 seconds at Fri Jun 22 01:25:31 UTC 2018
26 ms. Memory: 331264K Free: 309164K (93%)
ptolemy.util.test.WatchDog.cancel(): canceling Fri Jun 22 01:25:31 UTC 2018
auto.tcl: Setting watchdog for 200 seconds at Fri Jun 22 01:25:31 UTC 2018
17 ms. Memory: 331264K Free: 305219K (92%)
ptolemy.util.test.WatchDog.cancel(): canceling Fri Jun 22 01:25:31 UTC 2018
------------------ testing $PTII/ptolemy/domains/de/test/auto/Modal2.xml
auto.tcl: Setting watchdog for 200 seconds at Fri Jun 22 01:25:31 UTC 2018
18 ms. Memory: 331264K Free: 304091K (92%)
ptolemy.util.test.WatchDog.cancel(): canceling Fri Jun 22 01:25:31 UTC 2018
auto.tcl: Setting watchdog for 200 seconds at Fri Jun 22 01:25:31 UTC 2018
22 ms. Memory: 331264K Free: 300146K (91%)
ptolemy.util.test.WatchDog.cancel(): canceling Fri Jun 22 01:25:32 UTC 2018
------------------ testing $PTII/ptolemy/domains/de/test/auto/Modal3.xml
auto.tcl: Setting watchdog for 200 seconds at Fri Jun 22 01:25:32 UTC 2018
14 ms. Memory: 331264K Free: 309020K (93%)
ptolemy.util.test.WatchDog.cancel(): canceling Fri Jun 22 01:25:32 UTC 2018
auto.tcl: Setting watchdog for 200 seconds at Fri Jun 22 01:25:32 UTC 2018
16 ms. Memory: 331264K Free: 305068K (92%)
ptolemy.util.test.WatchDog.cancel(): canceling Fri Jun 22 01:25:32 UTC 2018
------------------ testing $PTII/ptolemy/domains/de/test/auto/Modal4.xml
auto.tcl: Setting watchdog for 200 seconds at Fri Jun 22 01:25:32 UTC 2018
15 ms. Memory: 331264K Free: 309311K (93%)
ptolemy.util.test.WatchDog.cancel(): canceling Fri Jun 22 01:25:32 UTC 2018
auto.tcl: Setting watchdog for 200 seconds at Fri Jun 22 01:25:32 UTC 2018
29 ms. Memory: 331264K Free: 305350K (92%)
ptolemy.util.test.WatchDog.cancel(): canceling Fri Jun 22 01:25:32 UTC 2018
------------------ testing $PTII/ptolemy/domains/de/test/auto/Modal5.xml
auto.tcl: Setting watchdog for 200 seconds at Fri Jun 22 01:25:32 UTC 2018
24 ms. Memory: 331264K Free: 309015K (93%)
ptolemy.util.test.WatchDog.cancel(): canceling Fri Jun 22 01:25:32 UTC 2018
auto.tcl: Setting watchdog for 200 seconds at Fri Jun 22 01:25:32 UTC 2018
17 ms. Memory: 331264K Free: 305054K (92%)
ptolemy.util.test.WatchDog.cancel(): canceling Fri Jun 22 01:25:32 UTC 2018
------------------ testing $PTII/ptolemy/domains/de/test/auto/Modal6.xml
auto.tcl: Setting watchdog for 200 seconds at Fri Jun 22 01:25:32 UTC 2018
13 ms. Memory: 331264K Free: 309028K (93%)
ptolemy.util.test.WatchDog.cancel(): canceling Fri Jun 22 01:25:32 UTC 2018
auto.tcl: Setting watchdog for 200 seconds at Fri Jun 22 01:25:32 UTC 2018
15 ms. Memory: 331264K Free: 305076K (92%)
ptolemy.util.test.WatchDog.cancel(): canceling Fri Jun 22 01:25:32 UTC 2018
------------------ testing $PTII/ptolemy/domains/de/test/auto/Modal7.xml
auto.tcl: Setting watchdog for 200 seconds at Fri Jun 22 01:25:32 UTC 2018
21 ms. Memory: 331264K Free: 309010K (93%)
ptolemy.util.test.WatchDog.cancel(): canceling Fri Jun 22 01:25:32 UTC 2018
auto.tcl: Setting watchdog for 200 seconds at Fri Jun 22 01:25:32 UTC 2018
11 ms. Memory: 331264K Free: 305050K (92%)
ptolemy.util.test.WatchDog.cancel(): canceling Fri Jun 22 01:25:32 UTC 2018
------------------ testing $PTII/ptolemy/domains/de/test/auto/ModalModel.xml
auto.tcl: Setting watchdog for 200 seconds at Fri Jun 22 01:25:32 UTC 2018
231 ms. Memory: 331264K Free: 247806K (75%)
ptolemy.util.test.WatchDog.cancel(): canceling Fri Jun 22 01:25:32 UTC 2018
auto.tcl: Setting watchdog for 200 seconds at Fri Jun 22 01:25:32 UTC 2018
218 ms. Memory: 331264K Free: 192433K (58%)
ptolemy.util.test.WatchDog.cancel(): canceling Fri Jun 22 01:25:33 UTC 2018
------------------ testing $PTII/ptolemy/domains/de/test/auto/ModalSource.xml
auto.tcl: Setting watchdog for 200 seconds at Fri Jun 22 01:25:33 UTC 2018
6 ms. Memory: 331264K Free: 315765K (95%)
ptolemy.util.test.WatchDog.cancel(): canceling Fri Jun 22 01:25:33 UTC 2018
auto.tcl: Setting watchdog for 200 seconds at Fri Jun 22 01:25:33 UTC 2018
6 ms. Memory: 331264K Free: 312235K (94%)
ptolemy.util.test.WatchDog.cancel(): canceling Fri Jun 22 01:25:33 UTC 2018
------------------ testing $PTII/ptolemy/domains/de/test/auto/NonInterruptibleTimerZeroDelay.xml
auto.tcl: Setting watchdog for 200 seconds at Fri Jun 22 01:25:33 UTC 2018
3 ms. Memory: 331264K Free: 320150K (97%)
ptolemy.util.test.WatchDog.cancel(): canceling Fri Jun 22 01:25:33 UTC 2018
auto.tcl: Setting watchdog for 200 seconds at Fri Jun 22 01:25:33 UTC 2018
2 ms. Memory: 331264K Free: 316619K (96%)
ptolemy.util.test.WatchDog.cancel(): canceling Fri Jun 22 01:25:33 UTC 2018
------------------ testing $PTII/ptolemy/domains/de/test/auto/OpenQueueingNetwork.xml
auto.tcl: Setting watchdog for 200 seconds at Fri Jun 22 01:25:33 UTC 2018
3158 ms. Memory: 317952K Free: 167886K (53%)
ptolemy.util.test.WatchDog.cancel(): canceling Fri Jun 22 01:25:36 UTC 2018
auto.tcl: Setting watchdog for 200 seconds at Fri Jun 22 01:25:36 UTC 2018
2632 ms. Memory: 287232K Free: 248129K (86%)
ptolemy.util.test.WatchDog.cancel(): canceling Fri Jun 22 01:25:39 UTC 2018
------------------ testing $PTII/ptolemy/domains/de/test/auto/OpenQueuingNetwork.xml
auto.tcl: Setting watchdog for 200 seconds at Fri Jun 22 01:25:39 UTC 2018
287 ms. Memory: 287232K Free: 189716K (66%)
ptolemy.util.test.WatchDog.cancel(): canceling Fri Jun 22 01:25:39 UTC 2018
auto.tcl: Setting watchdog for 200 seconds at Fri Jun 22 01:25:39 UTC 2018
249 ms. Memory: 287232K Free: 128669K (45%)
ptolemy.util.test.WatchDog.cancel(): canceling Fri Jun 22 01:25:40 UTC 2018
------------------ testing $PTII/ptolemy/domains/de/test/auto/PeriodicSampler.xml
auto.tcl: Setting watchdog for 200 seconds at Fri Jun 22 01:25:40 UTC 2018
4 ms. Memory: 289792K Free: 274092K (95%)
ptolemy.util.test.WatchDog.cancel(): canceling Fri Jun 22 01:25:40 UTC 2018
auto.tcl: Setting watchdog for 200 seconds at Fri Jun 22 01:25:40 UTC 2018
1 ms. Memory: 289792K Free: 274092K (95%)
ptolemy.util.test.WatchDog.cancel(): canceling Fri Jun 22 01:25:40 UTC 2018
------------------ testing $PTII/ptolemy/domains/de/test/auto/PersistentIO.xml
auto.tcl: Setting watchdog for 200 seconds at Fri Jun 22 01:25:40 UTC 2018
14 ms. Memory: 287232K Free: 266300K (93%)
ptolemy.util.test.WatchDog.cancel(): canceling Fri Jun 22 01:25:40 UTC 2018
auto.tcl: Setting watchdog for 200 seconds at Fri Jun 22 01:25:40 UTC 2018
6 ms. Memory: 287232K Free: 266300K (93%)
ptolemy.util.test.WatchDog.cancel(): canceling Fri Jun 22 01:25:40 UTC 2018
------------------ testing $PTII/ptolemy/domains/de/test/auto/PortParameterResetOnInitialize.xml
auto.tcl: Setting watchdog for 200 seconds at Fri Jun 22 01:25:40 UTC 2018
3 ms. Memory: 289280K Free: 273947K (95%)
ptolemy.util.test.WatchDog.cancel(): canceling Fri Jun 22 01:25:40 UTC 2018
auto.tcl: Setting watchdog for 200 seconds at Fri Jun 22 01:25:40 UTC 2018
2 ms. Memory: 289280K Free: 273947K (95%)
ptolemy.util.test.WatchDog.cancel(): canceling Fri Jun 22 01:25:40 UTC 2018
------------------ testing $PTII/ptolemy/domains/de/test/auto/PortParameterUpdates.xml
auto.tcl: Setting watchdog for 200 seconds at Fri Jun 22 01:25:40 UTC 2018
9 ms. Memory: 287232K Free: 272024K (95%)
ptolemy.util.test.WatchDog.cancel(): canceling Fri Jun 22 01:25:40 UTC 2018
auto.tcl: Setting watchdog for 200 seconds at Fri Jun 22 01:25:40 UTC 2018
4 ms. Memory: 287232K Free: 269096K (94%)
ptolemy.util.test.WatchDog.cancel(): canceling Fri Jun 22 01:25:40 UTC 2018
------------------ testing $PTII/ptolemy/domains/de/test/auto/QueueAndServer.xml
auto.tcl: Setting watchdog for 200 seconds at Fri Jun 22 01:25:40 UTC 2018
16 ms. Memory: 289280K Free: 273283K (94%)
ptolemy.util.test.WatchDog.cancel(): canceling Fri Jun 22 01:25:40 UTC 2018
auto.tcl: Setting watchdog for 200 seconds at Fri Jun 22 01:25:40 UTC 2018
7 ms. Memory: 289280K Free: 273283K (94%)
ptolemy.util.test.WatchDog.cancel(): canceling Fri Jun 22 01:25:40 UTC 2018
------------------ testing $PTII/ptolemy/domains/de/test/auto/Records.xml
auto.tcl: Setting watchdog for 200 seconds at Fri Jun 22 01:25:40 UTC 2018
5 ms. Memory: 287232K Free: 271939K (95%)
ptolemy.util.test.WatchDog.cancel(): canceling Fri Jun 22 01:25:40 UTC 2018
auto.tcl: Setting watchdog for 200 seconds at Fri Jun 22 01:25:40 UTC 2018
2 ms. Memory: 287232K Free: 271939K (95%)
ptolemy.util.test.WatchDog.cancel(): canceling Fri Jun 22 01:25:40 UTC 2018
------------------ testing $PTII/ptolemy/domains/de/test/auto/ResetTransitionWithStartTime1.xml
auto.tcl: Setting watchdog for 200 seconds at Fri Jun 22 01:25:40 UTC 2018
17 ms. Memory: 288768K Free: 272631K (94%)
ptolemy.util.test.WatchDog.cancel(): canceling Fri Jun 22 01:25:40 UTC 2018
auto.tcl: Setting watchdog for 200 seconds at Fri Jun 22 01:25:40 UTC 2018
9 ms. Memory: 288768K Free: 269704K (93%)
ptolemy.util.test.WatchDog.cancel(): canceling Fri Jun 22 01:25:40 UTC 2018
------------------ testing $PTII/ptolemy/domains/de/test/auto/ResetTransitionWithStartTime2.xml
auto.tcl: Setting watchdog for 200 seconds at Fri Jun 22 01:25:40 UTC 2018
12 ms. Memory: 287232K Free: 271180K (94%)
ptolemy.util.test.WatchDog.cancel(): canceling Fri Jun 22 01:25:40 UTC 2018
auto.tcl: Setting watchdog for 200 seconds at Fri Jun 22 01:25:40 UTC 2018
5 ms. Memory: 287232K Free: 268252K (93%)
ptolemy.util.test.WatchDog.cancel(): canceling Fri Jun 22 01:25:40 UTC 2018
------------------ testing $PTII/ptolemy/domains/de/test/auto/ResetTransitionWithStartTime3.xml
auto.tcl: Setting watchdog for 200 seconds at Fri Jun 22 01:25:40 UTC 2018
8 ms. Memory: 288768K Free: 270563K (94%)
ptolemy.util.test.WatchDog.cancel(): canceling Fri Jun 22 01:25:40 UTC 2018
auto.tcl: Setting watchdog for 200 seconds at Fri Jun 22 01:25:40 UTC 2018
10 ms. Memory: 288768K Free: 267635K (93%)
ptolemy.util.test.WatchDog.cancel(): canceling Fri Jun 22 01:25:40 UTC 2018
------------------ testing $PTII/ptolemy/domains/de/test/auto/ResetTransitionWithStartTime4.xml
auto.tcl: Setting watchdog for 200 seconds at Fri Jun 22 01:25:40 UTC 2018
4 ms. Memory: 287232K Free: 271192K (94%)
ptolemy.util.test.WatchDog.cancel(): canceling Fri Jun 22 01:25:40 UTC 2018
auto.tcl: Setting watchdog for 200 seconds at Fri Jun 22 01:25:40 UTC 2018
5 ms. Memory: 287232K Free: 271192K (94%)
ptolemy.util.test.WatchDog.cancel(): canceling Fri Jun 22 01:25:40 UTC 2018
------------------ testing $PTII/ptolemy/domains/de/test/auto/ResettableTimer1.xml
auto.tcl: Setting watchdog for 200 seconds at Fri Jun 22 01:25:40 UTC 2018
4 ms. Memory: 288768K Free: 273476K (95%)
ptolemy.util.test.WatchDog.cancel(): canceling Fri Jun 22 01:25:40 UTC 2018
auto.tcl: Setting watchdog for 200 seconds at Fri Jun 22 01:25:40 UTC 2018
2 ms. Memory: 288768K Free: 273476K (95%)
ptolemy.util.test.WatchDog.cancel(): canceling Fri Jun 22 01:25:40 UTC 2018
------------------ testing $PTII/ptolemy/domains/de/test/auto/ResettableTimer2.xml
auto.tcl: Setting watchdog for 200 seconds at Fri Jun 22 01:25:40 UTC 2018
2 ms. Memory: 287232K Free: 274158K (95%)
ptolemy.util.test.WatchDog.cancel(): canceling Fri Jun 22 01:25:40 UTC 2018
auto.tcl: Setting watchdog for 200 seconds at Fri Jun 22 01:25:40 UTC 2018
3 ms. Memory: 287232K Free: 274158K (95%)
ptolemy.util.test.WatchDog.cancel(): canceling Fri Jun 22 01:25:40 UTC 2018
------------------ testing $PTII/ptolemy/domains/de/test/auto/ResettableTimer3.xml
auto.tcl: Setting watchdog for 200 seconds at Fri Jun 22 01:25:41 UTC 2018
1 ms. Memory: 288256K Free: 273022K (95%)
ptolemy.util.test.WatchDog.cancel(): canceling Fri Jun 22 01:25:41 UTC 2018
auto.tcl: Setting watchdog for 200 seconds at Fri Jun 22 01:25:41 UTC 2018
1 ms. Memory: 288256K Free: 273022K (95%)
ptolemy.util.test.WatchDog.cancel(): canceling Fri Jun 22 01:25:41 UTC 2018
------------------ testing $PTII/ptolemy/domains/de/test/auto/ResettableTimer4.xml
auto.tcl: Setting watchdog for 200 seconds at Fri Jun 22 01:25:41 UTC 2018
1 ms. Memory: 287232K Free: 274186K (95%)
ptolemy.util.test.WatchDog.cancel(): canceling Fri Jun 22 01:25:41 UTC 2018
auto.tcl: Setting watchdog for 200 seconds at Fri Jun 22 01:25:41 UTC 2018
1 ms. Memory: 287232K Free: 274186K (95%)
ptolemy.util.test.WatchDog.cancel(): canceling Fri Jun 22 01:25:41 UTC 2018
------------------ testing $PTII/ptolemy/domains/de/test/auto/ResettableTimer5.xml
auto.tcl: Setting watchdog for 200 seconds at Fri Jun 22 01:25:41 UTC 2018
1 ms. Memory: 288256K Free: 273143K (95%)
ptolemy.util.test.WatchDog.cancel(): canceling Fri Jun 22 01:25:41 UTC 2018
auto.tcl: Setting watchdog for 200 seconds at Fri Jun 22 01:25:41 UTC 2018
1 ms. Memory: 288256K Free: 273143K (95%)
ptolemy.util.test.WatchDog.cancel(): canceling Fri Jun 22 01:25:41 UTC 2018
------------------ testing $PTII/ptolemy/domains/de/test/auto/ResettableTimer6.xml
auto.tcl: Setting watchdog for 200 seconds at Fri Jun 22 01:25:41 UTC 2018
1 ms. Memory: 287232K Free: 271958K (95%)
ptolemy.util.test.WatchDog.cancel(): canceling Fri Jun 22 01:25:41 UTC 2018
auto.tcl: Setting watchdog for 200 seconds at Fri Jun 22 01:25:41 UTC 2018
2 ms. Memory: 287232K Free: 271958K (95%)
ptolemy.util.test.WatchDog.cancel(): canceling Fri Jun 22 01:25:41 UTC 2018
------------------ testing $PTII/ptolemy/domains/de/test/auto/ServerZeroDelay.xml
auto.tcl: Setting watchdog for 200 seconds at Fri Jun 22 01:25:41 UTC 2018
4 ms. Memory: 288256K Free: 275133K (95%)
ptolemy.util.test.WatchDog.cancel(): canceling Fri Jun 22 01:25:41 UTC 2018
auto.tcl: Setting watchdog for 200 seconds at Fri Jun 22 01:25:41 UTC 2018
4 ms. Memory: 288256K Free: 275133K (95%)
ptolemy.util.test.WatchDog.cancel(): canceling Fri Jun 22 01:25:41 UTC 2018
------------------ testing $PTII/ptolemy/domains/de/test/auto/SmartSender.xml
auto.tcl: Setting watchdog for 200 seconds at Fri Jun 22 01:25:41 UTC 2018
3001 ms. Memory: 287232K Free: 272054K (95%)
ptolemy.util.test.WatchDog.cancel(): canceling Fri Jun 22 01:25:44 UTC 2018
auto.tcl: Setting watchdog for 200 seconds at Fri Jun 22 01:25:44 UTC 2018
3001 ms. Memory: 287232K Free: 272054K (95%)
ptolemy.util.test.WatchDog.cancel(): canceling Fri Jun 22 01:25:47 UTC 2018
------------------ testing $PTII/ptolemy/domains/de/test/auto/ThreadedComposite.xml
auto.tcl: Setting watchdog for 200 seconds at Fri Jun 22 01:25:47 UTC 2018
248 ms. Memory: 288256K Free: 251897K (87%)
ptolemy.util.test.WatchDog.cancel(): canceling Fri Jun 22 01:25:47 UTC 2018
auto.tcl: Setting watchdog for 200 seconds at Fri Jun 22 01:25:47 UTC 2018
198 ms. Memory: 288256K Free: 233723K (81%)
ptolemy.util.test.WatchDog.cancel(): canceling Fri Jun 22 01:25:47 UTC 2018
------------------ testing $PTII/ptolemy/domains/de/test/auto/Time.xml
auto.tcl: Setting watchdog for 200 seconds at Fri Jun 22 01:25:47 UTC 2018
625 ms. Memory: 287232K Free: 218155K (76%)
ptolemy.util.test.WatchDog.cancel(): canceling Fri Jun 22 01:25:48 UTC 2018
auto.tcl: Setting watchdog for 200 seconds at Fri Jun 22 01:25:48 UTC 2018
542 ms. Memory: 287232K Free: 165742K (58%)
ptolemy.util.test.WatchDog.cancel(): canceling Fri Jun 22 01:25:49 UTC 2018
------------------ testing $PTII/ptolemy/domains/de/test/auto/TimeDelayZeroDelay.xml
auto.tcl: Setting watchdog for 200 seconds at Fri Jun 22 01:25:49 UTC 2018
3 ms. Memory: 287744K Free: 275116K (96%)
ptolemy.util.test.WatchDog.cancel(): canceling Fri Jun 22 01:25:49 UTC 2018
auto.tcl: Setting watchdog for 200 seconds at Fri Jun 22 01:25:49 UTC 2018
2 ms. Memory: 287744K Free: 275116K (96%)
ptolemy.util.test.WatchDog.cancel(): canceling Fri Jun 22 01:25:49 UTC 2018
------------------ testing $PTII/ptolemy/domains/de/test/auto/TimerZeroDelay.xml
auto.tcl: Setting watchdog for 200 seconds at Fri Jun 22 01:25:49 UTC 2018
2 ms. Memory: 287232K Free: 274714K (96%)
ptolemy.util.test.WatchDog.cancel(): canceling Fri Jun 22 01:25:49 UTC 2018
auto.tcl: Setting watchdog for 200 seconds at Fri Jun 22 01:25:49 UTC 2018
3 ms. Memory: 287232K Free: 274714K (96%)
ptolemy.util.test.WatchDog.cancel(): canceling Fri Jun 22 01:25:49 UTC 2018
------------------ testing $PTII/ptolemy/domains/de/test/auto/TimingParadox.xml
auto.tcl: Setting watchdog for 200 seconds at Fri Jun 22 01:25:49 UTC 2018
389 ms. Memory: 287744K Free: 208916K (73%)
ptolemy.util.test.WatchDog.cancel(): canceling Fri Jun 22 01:25:49 UTC 2018
auto.tcl: Setting watchdog for 200 seconds at Fri Jun 22 01:25:49 UTC 2018
369 ms. Memory: 287744K Free: 172539K (60%)
ptolemy.util.test.WatchDog.cancel(): canceling Fri Jun 22 01:25:50 UTC 2018
------------------ testing $PTII/ptolemy/domains/de/test/auto/TransferInputs.xml
auto.tcl: Setting watchdog for 200 seconds at Fri Jun 22 01:25:50 UTC 2018
3 ms. Memory: 287744K Free: 274093K (95%)
ptolemy.util.test.WatchDog.cancel(): canceling Fri Jun 22 01:25:50 UTC 2018
auto.tcl: Setting watchdog for 200 seconds at Fri Jun 22 01:25:50 UTC 2018
2 ms. Memory: 287744K Free: 274093K (95%)
ptolemy.util.test.WatchDog.cancel(): canceling Fri Jun 22 01:25:50 UTC 2018
------------------ testing $PTII/ptolemy/domains/de/test/auto/TransferOutputs2.xml
auto.tcl: Setting watchdog for 200 seconds at Fri Jun 22 01:25:50 UTC 2018
3 ms. Memory: 287232K Free: 270016K (94%)
ptolemy.util.test.WatchDog.cancel(): canceling Fri Jun 22 01:25:50 UTC 2018
auto.tcl: Setting watchdog for 200 seconds at Fri Jun 22 01:25:50 UTC 2018
3 ms. Memory: 287232K Free: 267407K (93%)
ptolemy.util.test.WatchDog.cancel(): canceling Fri Jun 22 01:25:50 UTC 2018
------------------ testing $PTII/ptolemy/domains/de/test/auto/Trilateration.xml
auto.tcl: Setting watchdog for 200 seconds at Fri Jun 22 01:25:50 UTC 2018
13906 ms. Memory: 793088K Free: 82198K (10%)
ptolemy.util.test.WatchDog.cancel(): canceling Fri Jun 22 01:26:05 UTC 2018
auto.tcl: Setting watchdog for 200 seconds at Fri Jun 22 01:26:05 UTC 2018
10889 ms. Memory: 639488K Free: 600952K (94%)
ptolemy.util.test.WatchDog.cancel(): canceling Fri Jun 22 01:26:16 UTC 2018
------------------ testing $PTII/ptolemy/domains/de/test/auto/TwoSigmaDelta.xml
auto.tcl: Setting watchdog for 200 seconds at Fri Jun 22 01:26:16 UTC 2018
3071 ms. Memory: 643072K Free: 338778K (53%)
ptolemy.util.test.WatchDog.cancel(): canceling Fri Jun 22 01:26:19 UTC 2018
auto.tcl: Setting watchdog for 200 seconds at Fri Jun 22 01:26:19 UTC 2018
2022 ms. Memory: 643072K Free: 117112K (18%)
ptolemy.util.test.WatchDog.cancel(): canceling Fri Jun 22 01:26:21 UTC 2018
------------------ testing $PTII/ptolemy/domains/de/test/auto/VariableDelay.xml
auto.tcl: Setting watchdog for 200 seconds at Fri Jun 22 01:26:21 UTC 2018
2 ms. Memory: 640000K Free: 614616K (96%)
ptolemy.util.test.WatchDog.cancel(): canceling Fri Jun 22 01:26:21 UTC 2018
auto.tcl: Setting watchdog for 200 seconds at Fri Jun 22 01:26:21 UTC 2018
2 ms. Memory: 640000K Free: 614616K (96%)
ptolemy.util.test.WatchDog.cancel(): canceling Fri Jun 22 01:26:21 UTC 2018
------------------ testing $PTII/ptolemy/domains/de/test/auto/VariableDelay2.xml
auto.tcl: Setting watchdog for 200 seconds at Fri Jun 22 01:26:21 UTC 2018
2 ms. Memory: 639488K Free: 620112K (97%)
ptolemy.util.test.WatchDog.cancel(): canceling Fri Jun 22 01:26:22 UTC 2018
auto.tcl: Setting watchdog for 200 seconds at Fri Jun 22 01:26:22 UTC 2018
2 ms. Memory: 639488K Free: 620112K (97%)
ptolemy.util.test.WatchDog.cancel(): canceling Fri Jun 22 01:26:22 UTC 2018
------------------ testing $PTII/ptolemy/domains/de/test/auto/VariableDelayZeroDelay.xml
auto.tcl: Setting watchdog for 200 seconds at Fri Jun 22 01:26:22 UTC 2018
2 ms. Memory: 639488K Free: 614529K (96%)
ptolemy.util.test.WatchDog.cancel(): canceling Fri Jun 22 01:26:22 UTC 2018
auto.tcl: Setting watchdog for 200 seconds at Fri Jun 22 01:26:22 UTC 2018
2 ms. Memory: 639488K Free: 614529K (96%)
ptolemy.util.test.WatchDog.cancel(): canceling Fri Jun 22 01:26:22 UTC 2018
------------------ testing $PTII/ptolemy/domains/de/test/auto/VariableDelayZeroDelay2.xml
auto.tcl: Setting watchdog for 200 seconds at Fri Jun 22 01:26:22 UTC 2018
2 ms. Memory: 642048K Free: 617088K (96%)
ptolemy.util.test.WatchDog.cancel(): canceling Fri Jun 22 01:26:22 UTC 2018
auto.tcl: Setting watchdog for 200 seconds at Fri Jun 22 01:26:22 UTC 2018
2 ms. Memory: 642048K Free: 617088K (96%)
ptolemy.util.test.WatchDog.cancel(): canceling Fri Jun 22 01:26:22 UTC 2018
------------------ testing $PTII/ptolemy/domains/de/test/auto/deInCt.xml
auto.tcl: Setting watchdog for 200 seconds at Fri Jun 22 01:26:22 UTC 2018
0
1
1
1
1
0
0
0
0
1
1
1
1
1
0
0
0
1
1
1
1
1
0
0
1
1
1
1
1
6 ms. Memory: 639488K Free: 614511K (96%)
ptolemy.util.test.WatchDog.cancel(): canceling Fri Jun 22 01:26:22 UTC 2018
auto.tcl: Setting watchdog for 200 seconds at Fri Jun 22 01:26:22 UTC 2018
0
1
1
1
0
0
0
1
1
1
0
0
1
1
1
0
0
0
1
1
1
1
0
0
0
1
1
1
0
0
0
1
1
1
0
0
0
1
1
1
0
0
0
0
1
1
1
0
0
0
1
1
1
10 ms. Memory: 639488K Free: 614511K (96%)
ptolemy.util.test.WatchDog.cancel(): canceling Fri Jun 22 01:26:22 UTC 2018
------------------ testing $PTII/ptolemy/domains/de/test/auto/deInCt2.xml
auto.tcl: Setting watchdog for 200 seconds at Fri Jun 22 01:26:22 UTC 2018
0
1
1
1
0
0
1
1
1
0
0
1
1
1
0
0
1
1
1
0
0
1
1
1
0
0
1
1
1
0
0
1
1
1
0
0
1
1
1
0
0
0
10 ms. Memory: 642048K Free: 617072K (96%)
ptolemy.util.test.WatchDog.cancel(): canceling Fri Jun 22 01:26:22 UTC 2018
auto.tcl: Setting watchdog for 200 seconds at Fri Jun 22 01:26:22 UTC 2018
0
1
1
1
0
0
1
1
1
0
0
1
1
1
0
0
1
1
1
0
0
1
1
1
0
0
1
1
1
0
0
1
1
1
0
0
1
1
1
0
0
0
8 ms. Memory: 642048K Free: 617072K (96%)
ptolemy.util.test.WatchDog.cancel(): canceling Fri Jun 22 01:26:22 UTC 2018
------------------ testing $PTII/ptolemy/domains/de/test/auto/dynamicCausalityInterface1.xml
auto.tcl: Setting watchdog for 200 seconds at Fri Jun 22 01:26:22 UTC 2018
2 ms. Memory: 639488K Free: 611686K (96%)
ptolemy.util.test.WatchDog.cancel(): canceling Fri Jun 22 01:26:22 UTC 2018
auto.tcl: Setting watchdog for 200 seconds at Fri Jun 22 01:26:22 UTC 2018
1 ms. Memory: 639488K Free: 611686K (96%)
ptolemy.util.test.WatchDog.cancel(): canceling Fri Jun 22 01:26:22 UTC 2018
------------------ testing $PTII/ptolemy/domains/de/test/auto/fsm_de_test.xml
auto.tcl: Setting watchdog for 200 seconds at Fri Jun 22 01:26:22 UTC 2018
7 ms. Memory: 641536K Free: 616463K (96%)
ptolemy.util.test.WatchDog.cancel(): canceling Fri Jun 22 01:26:22 UTC 2018
auto.tcl: Setting watchdog for 200 seconds at Fri Jun 22 01:26:22 UTC 2018
5 ms. Memory: 641536K Free: 608041K (95%)
ptolemy.util.test.WatchDog.cancel(): canceling Fri Jun 22 01:26:22 UTC 2018
------------------ testing $PTII/ptolemy/domains/de/test/auto/functionDependencyReconstruction.xml
auto.tcl: Setting watchdog for 200 seconds at Fri Jun 22 01:26:22 UTC 2018
3 ms. Memory: 639488K Free: 605984K (95%)
ptolemy.util.test.WatchDog.cancel(): canceling Fri Jun 22 01:26:22 UTC 2018
auto.tcl: Setting watchdog for 200 seconds at Fri Jun 22 01:26:22 UTC 2018
3 ms. Memory: 639488K Free: 597561K (93%)
ptolemy.util.test.WatchDog.cancel(): canceling Fri Jun 22 01:26:22 UTC 2018
------------------ testing $PTII/ptolemy/domains/de/test/auto/multirate.xml
auto.tcl: Setting watchdog for 200 seconds at Fri Jun 22 01:26:22 UTC 2018
2 ms. Memory: 641536K Free: 621909K (97%)
ptolemy.util.test.WatchDog.cancel(): canceling Fri Jun 22 01:26:22 UTC 2018
auto.tcl: Setting watchdog for 200 seconds at Fri Jun 22 01:26:22 UTC 2018
3 ms. Memory: 641536K Free: 621909K (97%)
ptolemy.util.test.WatchDog.cancel(): canceling Fri Jun 22 01:26:22 UTC 2018
------------------ testing $PTII/ptolemy/domains/de/test/auto/multirate2.xml
auto.tcl: Setting watchdog for 200 seconds at Fri Jun 22 01:26:22 UTC 2018
3 ms. Memory: 639488K Free: 614469K (96%)
ptolemy.util.test.WatchDog.cancel(): canceling Fri Jun 22 01:26:22 UTC 2018
auto.tcl: Setting watchdog for 200 seconds at Fri Jun 22 01:26:22 UTC 2018
3 ms. Memory: 639488K Free: 614469K (96%)
ptolemy.util.test.WatchDog.cancel(): canceling Fri Jun 22 01:26:22 UTC 2018
------------------ testing $PTII/ptolemy/domains/de/test/auto/realtime.xml
auto.tcl: Setting watchdog for 200 seconds at Fri Jun 22 01:26:22 UTC 2018
10002 ms. Memory: 641024K Free: 615991K (96%)
ptolemy.util.test.WatchDog.cancel(): canceling Fri Jun 22 01:26:32 UTC 2018
auto.tcl: Setting watchdog for 200 seconds at Fri Jun 22 01:26:32 UTC 2018
10002 ms. Memory: 641024K Free: 615991K (96%)
ptolemy.util.test.WatchDog.cancel(): canceling Fri Jun 22 01:26:42 UTC 2018
------------------ testing $PTII/ptolemy/domains/de/test/auto/relationGroup.xml
auto.tcl: Setting watchdog for 200 seconds at Fri Jun 22 01:26:42 UTC 2018
2 ms. Memory: 639488K Free: 614494K (96%)
ptolemy.util.test.WatchDog.cancel(): canceling Fri Jun 22 01:26:42 UTC 2018
auto.tcl: Setting watchdog for 200 seconds at Fri Jun 22 01:26:42 UTC 2018
1 ms. Memory: 639488K Free: 614494K (96%)
ptolemy.util.test.WatchDog.cancel(): canceling Fri Jun 22 01:26:42 UTC 2018
------------------ testing $PTII/ptolemy/domains/de/test/auto/relationGroup2.xml
auto.tcl: Setting watchdog for 200 seconds at Fri Jun 22 01:26:42 UTC 2018
1 ms. Memory: 641024K Free: 616057K (96%)
ptolemy.util.test.WatchDog.cancel(): canceling Fri Jun 22 01:26:42 UTC 2018
auto.tcl: Setting watchdog for 200 seconds at Fri Jun 22 01:26:42 UTC 2018
1 ms. Memory: 641024K Free: 616057K (96%)
ptolemy.util.test.WatchDog.cancel(): canceling Fri Jun 22 01:26:42 UTC 2018
------------------ testing $PTII/ptolemy/domains/de/test/auto/sortWithOpaquePorts.xml
auto.tcl: Setting watchdog for 200 seconds at Fri Jun 22 01:26:43 UTC 2018
1 ms. Memory: 639488K Free: 614522K (96%)
ptolemy.util.test.WatchDog.cancel(): canceling Fri Jun 22 01:26:43 UTC 2018
auto.tcl: Setting watchdog for 200 seconds at Fri Jun 22 01:26:43 UTC 2018
1 ms. Memory: 639488K Free: 614522K (96%)
ptolemy.util.test.WatchDog.cancel(): canceling Fri Jun 22 01:26:43 UTC 2018
------------------ testing $PTII/ptolemy/domains/de/test/auto/transferInputsandOutputs.xml
auto.tcl: Setting watchdog for 200 seconds at Fri Jun 22 01:26:43 UTC 2018
1 ms. Memory: 640512K Free: 615533K (96%)
ptolemy.util.test.WatchDog.cancel(): canceling Fri Jun 22 01:26:43 UTC 2018
auto.tcl: Setting watchdog for 200 seconds at Fri Jun 22 01:26:43 UTC 2018
1 ms. Memory: 640512K Free: 615533K (96%)
ptolemy.util.test.WatchDog.cancel(): canceling Fri Jun 22 01:26:43 UTC 2018
------------------ testing $PTII/ptolemy/domains/de/test/auto/triggerType.xml
auto.tcl: Setting watchdog for 200 seconds at Fri Jun 22 01:26:43 UTC 2018
1 ms. Memory: 639488K Free: 614460K (96%)
ptolemy.util.test.WatchDog.cancel(): canceling Fri Jun 22 01:26:43 UTC 2018
auto.tcl: Setting watchdog for 200 seconds at Fri Jun 22 01:26:43 UTC 2018
1 ms. Memory: 639488K Free: 614460K (96%)
ptolemy.util.test.WatchDog.cancel(): canceling Fri Jun 22 01:26:43 UTC 2018
06/22/18 01:26:43
Failed: 0  Total Tests: 192  ((Passed: 187, Newly Passed: 1)  Known Failed: 5) /home/travis/build/icyphy/ptII/ptolemy/domains/de/test
06/22/18 01:26:43
Failed: 0  Total Tests: 192  ((Passed: 187, Newly Passed: 1)  Known Failed: 5) /home/travis/build/icyphy/ptII/ptolemy/domains/de/test
----------------- testing (KnownFailure) /home/travis/build/icyphy/ptII/ptolemy/domains/de/test/auto/knownFailedTests/DESDFClockTest.xml
2014 ms. Memory: 640512K Free: 604362K (94%)
Known Failure: java.lang.reflect.InvocationTargetException
----------------- testing (KnownFailure) /home/travis/build/icyphy/ptII/ptolemy/domains/de/test/auto/knownFailedTests/DirectFeedback.xml
1 ms. Memory: 640512K Free: 559716K (87%)
Known Failure: java.lang.reflect.InvocationTargetException
----------------- testing (KnownFailure) /home/travis/build/icyphy/ptII/ptolemy/domains/de/test/auto/knownFailedTests/FSMSource.xml
6 ms. Memory: 640512K Free: 515069K (80%)
----------------- testing (KnownFailure) /home/travis/build/icyphy/ptII/ptolemy/domains/de/test/auto/knownFailedTests/HierarchicalModel.xml
3 ms. Memory: 640512K Free: 481568K (75%)
Known Failure: java.lang.reflect.InvocationTargetException
----------------- testing (KnownFailure) /home/travis/build/icyphy/ptII/ptolemy/domains/de/test/auto/knownFailedTests/dependencyLoop.xml
2 ms. Memory: 640512K Free: 425744K (66%)
Known Failure: java.lang.reflect.InvocationTargetException
----------------- testing (KnownFailure) /home/travis/build/icyphy/ptII/ptolemy/domains/de/test/auto/knownFailedTests/dependencyLoop2.xml
2 ms. Memory: 640512K Free: 369936K (58%)
Known Failure: java.lang.reflect.InvocationTargetException
No auto/linux-amd64/*.xml tests in /home/travis/build/icyphy/ptII/ptolemy/domains/de/test
AutoTests.java: About to close Vertx.
AutoTests.java: Vertx closed.

===========================================================================================
----------------- testing Fri Jun 22 01:26:45 UTC 2018 /home/travis/build/icyphy/ptII/ptolemy/domains/de/test/auto/ActorDepthCalculation_actorWithoutPorts.xml
----------------- Instantiating /home/travis/build/icyphy/ptII/ptolemy/domains/de/test/auto/ActorDepthCalculation_actorWithoutPorts.xml
1 ms. Memory: 640512K Free: 314127K (49%)
----------------- Invoking toplevel() on ptolemy.moml.MoMLSimpleApplication@28bdddef
----------------- Done invoking toplevel() on ptolemy.moml.MoMLSimpleApplication@28bdddef
reloadAllAccessors: .ActorDepthCalculation_actorWithoutPorts

===========================================================================================
----------------- testing Fri Jun 22 01:26:45 UTC 2018 /home/travis/build/icyphy/ptII/ptolemy/domains/de/test/auto/AssemblyLine.xml
----------------- Instantiating /home/travis/build/icyphy/ptII/ptolemy/domains/de/test/auto/AssemblyLine.xml
2 ms. Memory: 640512K Free: 291804K (46%)
----------------- Invoking toplevel() on ptolemy.moml.MoMLSimpleApplication@6071ebf3
----------------- Done invoking toplevel() on ptolemy.moml.MoMLSimpleApplication@6071ebf3
reloadAllAccessors: .AssemblyLine

===========================================================================================
----------------- testing Fri Jun 22 01:26:45 UTC 2018 /home/travis/build/icyphy/ptII/ptolemy/domains/de/test/auto/CQBug1.xml
----------------- Instantiating /home/travis/build/icyphy/ptII/ptolemy/domains/de/test/auto/CQBug1.xml
1 ms. Memory: 640512K Free: 269481K (42%)
----------------- Invoking toplevel() on ptolemy.moml.MoMLSimpleApplication@2a84e63a
----------------- Done invoking toplevel() on ptolemy.moml.MoMLSimpleApplication@2a84e63a
reloadAllAccessors: .CQBug1

===========================================================================================
----------------- testing Fri Jun 22 01:26:45 UTC 2018 /home/travis/build/icyphy/ptII/ptolemy/domains/de/test/auto/CancelFireAt.xml
----------------- Instantiating /home/travis/build/icyphy/ptII/ptolemy/domains/de/test/auto/CancelFireAt.xml
1 ms. Memory: 640512K Free: 247158K (39%)
----------------- Invoking toplevel() on ptolemy.moml.MoMLSimpleApplication@6bbb0d05
----------------- Done invoking toplevel() on ptolemy.moml.MoMLSimpleApplication@6bbb0d05
reloadAllAccessors: .CancelFireAt

===========================================================================================
----------------- testing Fri Jun 22 01:26:45 UTC 2018 /home/travis/build/icyphy/ptII/ptolemy/domains/de/test/auto/CausalityAndComposabilityAnalysis.xml
----------------- Instantiating /home/travis/build/icyphy/ptII/ptolemy/domains/de/test/auto/CausalityAndComposabilityAnalysis.xml
2 ms. Memory: 640512K Free: 224834K (35%)
----------------- Invoking toplevel() on ptolemy.moml.MoMLSimpleApplication@3de4a4d8
----------------- Done invoking toplevel() on ptolemy.moml.MoMLSimpleApplication@3de4a4d8
reloadAllAccessors: .CausalityAndComposabilityAnalysis

===========================================================================================
----------------- testing Fri Jun 22 01:26:45 UTC 2018 /home/travis/build/icyphy/ptII/ptolemy/domains/de/test/auto/CausalityInterface1.xml
----------------- Instantiating /home/travis/build/icyphy/ptII/ptolemy/domains/de/test/auto/CausalityInterface1.xml
3 ms. Memory: 640512K Free: 202511K (32%)
----------------- Invoking toplevel() on ptolemy.moml.MoMLSimpleApplication@64538e25
----------------- Done invoking toplevel() on ptolemy.moml.MoMLSimpleApplication@64538e25
reloadAllAccessors: .CausalityInterface1

===========================================================================================
----------------- testing Fri Jun 22 01:26:45 UTC 2018 /home/travis/build/icyphy/ptII/ptolemy/domains/de/test/auto/CausalityInterface15.xml
----------------- Instantiating /home/travis/build/icyphy/ptII/ptolemy/domains/de/test/auto/CausalityInterface15.xml
2 ms. Memory: 640512K Free: 180188K (28%)
----------------- Invoking toplevel() on ptolemy.moml.MoMLSimpleApplication@36bd431d
----------------- Done invoking toplevel() on ptolemy.moml.MoMLSimpleApplication@36bd431d
reloadAllAccessors: .CausalityInterface15

[...]
java.lang.RuntimeException: Execution failed
	at ptolemy.moml.MoMLSimpleApplication$UnloadThread.run(MoMLSimpleApplication.java:402)
Caused by: ptolemy.kernel.util.IllegalActionException: Test fails in iteration 1.
Value was: 1.0. Should have been: 2.0
  in .DirectFeedback.Test
	at ptolemy.actor.lib.Test.fire(Test.java:268)
	at ptolemy.domains.de.kernel.DEDirector._fire(DEDirector.java:1949)
	at ptolemy.domains.de.kernel.DEDirector.fire(DEDirector.java:502)
	at ptolemy.actor.CompositeActor.fire(CompositeActor.java:455)
	at ptolemy.actor.Manager.iterate(Manager.java:851)
	at ptolemy.actor.Manager.execute(Manager.java:369)
	at ptolemy.actor.Manager.run(Manager.java:1263)
	at ptolemy.actor.Manager$PtolemyRunThread.run(Manager.java:1915)
java.lang.RuntimeException: Execution failed
	at ptolemy.moml.MoMLSimpleApplication$UnloadThread.run(MoMLSimpleApplication.java:402)
Caused by: ptolemy.kernel.util.IllegalActionException: Actor is not ready to fire.  Perhaps UpSample.prefire() returned false? Try debugging the actor by selecting "Listen to Actor".  Also, for SDF check moml for tokenConsumptionRate on input.
  in .DESDFClockTest.Play Bell.Copy1:SDF Director and .DESDFClockTest.Play Bell.UpSample
	at ptolemy.actor.sched.StaticSchedulingDirector.fire(StaticSchedulingDirector.java:227)
	at ptolemy.domains.sdf.kernel.SDFDirector.fire(SDFDirector.java:500)
	at ptolemy.actor.CompositeActor.fire(CompositeActor.java:455)
	at ptolemy.domains.de.kernel.DEDirector._fire(DEDirector.java:1949)
	at ptolemy.domains.de.kernel.DEDirector.fire(DEDirector.java:502)
	at ptolemy.actor.CompositeActor.fire(CompositeActor.java:455)
	at ptolemy.actor.Manager.iterate(Manager.java:851)
	at ptolemy.actor.Manager.execute(Manager.java:369)
	at ptolemy.actor.Manager.run(Manager.java:1263)
	at ptolemy.actor.Manager$PtolemyRunThread.run(Manager.java:1915)
java.lang.reflect.InvocationTargetException
	at sun.reflect.NativeConstructorAccessorImpl.newInstance0(Native Method)
	at sun.reflect.NativeConstructorAccessorImpl.newInstance(NativeConstructorAccessorImpl.java:62)
	at sun.reflect.DelegatingConstructorAccessorImpl.newInstance(DelegatingConstructorAccessorImpl.java:45)
	at java.lang.reflect.Constructor.newInstance(Constructor.java:423)
	at ptolemy.util.test.junit.AutoKnownFailedTests.RunModel(AutoKnownFailedTests.java:107)
	at sun.reflect.NativeMethodAccessorImpl.invoke0(Native Method)
	at sun.reflect.NativeMethodAccessorImpl.invoke(NativeMethodAccessorImpl.java:62)
	at sun.reflect.DelegatingMethodAccessorImpl.invoke(DelegatingMethodAccessorImpl.java:43)
	at java.lang.reflect.Method.invoke(Method.java:498)
	at org.junit.runners.model.FrameworkMethod$1.runReflectiveCall(FrameworkMethod.java:44)
	at org.junit.internal.runners.model.ReflectiveCallable.run(ReflectiveCallable.java:15)
	at org.junit.runners.model.FrameworkMethod.invokeExplosively(FrameworkMethod.java:41)
	at junitparams.internal.InvokeParameterisedMethod.evaluate(InvokeParameterisedMethod.java:102)
	at org.junit.internal.runners.statements.FailOnTimeout$1.run(FailOnTimeout.java:28)
Caused by: ptolemy.kernel.util.IllegalActionException: Actor is not ready to fire.  Perhaps UpSample.prefire() returned false? Try debugging the actor by selecting "Listen to Actor".  Also, for SDF check moml for tokenConsumptionRate on input.
  in .DESDFClockTest.Play Bell.Copy1:SDF Director and .DESDFClockTest.Play Bell.UpSample
	at ptolemy.actor.sched.StaticSchedulingDirector.fire(StaticSchedulingDirector.java:227)
	at ptolemy.domains.sdf.kernel.SDFDirector.fire(SDFDirector.java:500)
	at ptolemy.actor.CompositeActor.fire(CompositeActor.java:455)
	at ptolemy.domains.de.kernel.DEDirector._fire(DEDirector.java:1949)
	at ptolemy.domains.de.kernel.DEDirector.fire(DEDirector.java:502)
	at ptolemy.actor.CompositeActor.fire(CompositeActor.java:455)
	at ptolemy.actor.Manager.iterate(Manager.java:851)
	at ptolemy.actor.Manager.execute(Manager.java:369)
	at ptolemy.actor.Manager.run(Manager.java:1263)
	at ptolemy.actor.Manager$PtolemyRunThread.run(Manager.java:1915)
java.lang.RuntimeException: Execution failed
	at ptolemy.moml.MoMLSimpleApplication$UnloadThread.run(MoMLSimpleApplication.java:402)
Caused by: ptolemy.kernel.util.IllegalActionException: Test fails in iteration 1.
Value was: 1.0. Should have been: 2.0
  in .DirectFeedback.Test
	at ptolemy.actor.lib.Test.fire(Test.java:268)
	at ptolemy.domains.de.kernel.DEDirector._fire(DEDirector.java:1949)
	at ptolemy.domains.de.kernel.DEDirector.fire(DEDirector.java:502)
	at ptolemy.actor.CompositeActor.fire(CompositeActor.java:455)
	at ptolemy.actor.Manager.iterate(Manager.java:851)
	at ptolemy.actor.Manager.execute(Manager.java:369)
	at ptolemy.actor.Manager.run(Manager.java:1263)
	at ptolemy.actor.Manager$PtolemyRunThread.run(Manager.java:1915)
java.lang.reflect.InvocationTargetException
	at sun.reflect.NativeConstructorAccessorImpl.newInstance0(Native Method)
	at sun.reflect.NativeConstructorAccessorImpl.newInstance(NativeConstructorAccessorImpl.java:62)
	at sun.reflect.DelegatingConstructorAccessorImpl.newInstance(DelegatingConstructorAccessorImpl.java:45)
	at java.lang.reflect.Constructor.newInstance(Constructor.java:423)
	at ptolemy.util.test.junit.AutoKnownFailedTests.RunModel(AutoKnownFailedTests.java:107)
	at sun.reflect.NativeMethodAccessorImpl.invoke0(Native Method)
	at sun.reflect.NativeMethodAccessorImpl.invoke(NativeMethodAccessorImpl.java:62)
	at sun.reflect.DelegatingMethodAccessorImpl.invoke(DelegatingMethodAccessorImpl.java:43)
	at java.lang.reflect.Method.invoke(Method.java:498)
	at org.junit.runners.model.FrameworkMethod$1.runReflectiveCall(FrameworkMethod.java:44)
	at org.junit.internal.runners.model.ReflectiveCallable.run(ReflectiveCallable.java:15)
	at org.junit.runners.model.FrameworkMethod.invokeExplosively(FrameworkMethod.java:41)
	at junitparams.internal.InvokeParameterisedMethod.evaluate(InvokeParameterisedMethod.java:102)
	at org.junit.internal.runners.statements.FailOnTimeout$1.run(FailOnTimeout.java:28)
Caused by: ptolemy.kernel.util.IllegalActionException: Test fails in iteration 1.
Value was: 1.0. Should have been: 2.0
  in .DirectFeedback.Test
	at ptolemy.actor.lib.Test.fire(Test.java:268)
	at ptolemy.domains.de.kernel.DEDirector._fire(DEDirector.java:1949)
	at ptolemy.domains.de.kernel.DEDirector.fire(DEDirector.java:502)
	at ptolemy.actor.CompositeActor.fire(CompositeActor.java:455)
	at ptolemy.actor.Manager.iterate(Manager.java:851)
	at ptolemy.actor.Manager.execute(Manager.java:369)
	at ptolemy.actor.Manager.run(Manager.java:1263)
	at ptolemy.actor.Manager$PtolemyRunThread.run(Manager.java:1915)
java.lang.RuntimeException: Execution failed
	at ptolemy.moml.MoMLSimpleApplication$UnloadThread.run(MoMLSimpleApplication.java:402)
Caused by: ptolemy.kernel.util.IllegalActionException: Found a zero delay loop containing .HierarchicalModel.A
  in .HierarchicalModel and .HierarchicalModel.A
	at ptolemy.actor.util.CausalityInterfaceForComposites._computeOutputPortDepth(CausalityInterfaceForComposites.java:759)
	at ptolemy.actor.util.CausalityInterfaceForComposites._computeInputDepth(CausalityInterfaceForComposites.java:696)
	at ptolemy.actor.util.CausalityInterfaceForComposites._computeOutputPortDepth(CausalityInterfaceForComposites.java:765)
	at ptolemy.actor.util.CausalityInterfaceForComposites._computeInputDepth(CausalityInterfaceForComposites.java:696)
	at ptolemy.actor.util.CausalityInterfaceForComposites._computeOutputPortDepth(CausalityInterfaceForComposites.java:765)
	at ptolemy.actor.util.CausalityInterfaceForComposites._computeInputDepth(CausalityInterfaceForComposites.java:696)
	at ptolemy.actor.util.CausalityInterfaceForComposites._computeActorDepth(CausalityInterfaceForComposites.java:532)
	at ptolemy.actor.util.CausalityInterfaceForComposites.checkForCycles(CausalityInterfaceForComposites.java:96)
	at ptolemy.domains.de.kernel.DEDirector.preinitialize(DEDirector.java:1338)
	at ptolemy.actor.CompositeActor.preinitialize(CompositeActor.java:1828)
	at ptolemy.actor.Manager.preinitializeAndResolveTypes(Manager.java:1040)
	at ptolemy.actor.Manager.initialize(Manager.java:710)
	at ptolemy.actor.Manager.execute(Manager.java:356)
	at ptolemy.actor.Manager.run(Manager.java:1263)
	at ptolemy.actor.Manager$PtolemyRunThread.run(Manager.java:1915)
java.lang.reflect.InvocationTargetException
	at sun.reflect.NativeConstructorAccessorImpl.newInstance0(Native Method)
	at sun.reflect.NativeConstructorAccessorImpl.newInstance(NativeConstructorAccessorImpl.java:62)
	at sun.reflect.DelegatingConstructorAccessorImpl.newInstance(DelegatingConstructorAccessorImpl.java:45)
	at java.lang.reflect.Constructor.newInstance(Constructor.java:423)
	at ptolemy.util.test.junit.AutoKnownFailedTests.RunModel(AutoKnownFailedTests.java:107)
	at sun.reflect.NativeMethodAccessorImpl.invoke0(Native Method)
	at sun.reflect.NativeMethodAccessorImpl.invoke(NativeMethodAccessorImpl.java:62)
	at sun.reflect.DelegatingMethodAccessorImpl.invoke(DelegatingMethodAccessorImpl.java:43)
	at java.lang.reflect.Method.invoke(Method.java:498)
	at org.junit.runners.model.FrameworkMethod$1.runReflectiveCall(FrameworkMethod.java:44)
	at org.junit.internal.runners.model.ReflectiveCallable.run(ReflectiveCallable.java:15)
	at org.junit.runners.model.FrameworkMethod.invokeExplosively(FrameworkMethod.java:41)
	at junitparams.internal.InvokeParameterisedMethod.evaluate(InvokeParameterisedMethod.java:102)
	at org.junit.internal.runners.statements.FailOnTimeout$1.run(FailOnTimeout.java:28)
Caused by: ptolemy.kernel.util.IllegalActionException: Found a zero delay loop containing .HierarchicalModel.A
  in .HierarchicalModel and .HierarchicalModel.A
	at ptolemy.actor.util.CausalityInterfaceForComposites._computeOutputPortDepth(CausalityInterfaceForComposites.java:759)
	at ptolemy.actor.util.CausalityInterfaceForComposites._computeInputDepth(CausalityInterfaceForComposites.java:696)
	at ptolemy.actor.util.CausalityInterfaceForComposites._computeOutputPortDepth(CausalityInterfaceForComposites.java:765)
	at ptolemy.actor.util.CausalityInterfaceForComposites._computeInputDepth(CausalityInterfaceForComposites.java:696)
	at ptolemy.actor.util.CausalityInterfaceForComposites._computeOutputPortDepth(CausalityInterfaceForComposites.java:765)
	at ptolemy.actor.util.CausalityInterfaceForComposites._computeInputDepth(CausalityInterfaceForComposites.java:696)
	at ptolemy.actor.util.CausalityInterfaceForComposites._computeActorDepth(CausalityInterfaceForComposites.java:532)
	at ptolemy.actor.util.CausalityInterfaceForComposites.checkForCycles(CausalityInterfaceForComposites.java:96)
	at ptolemy.domains.de.kernel.DEDirector.preinitialize(DEDirector.java:1338)
	at ptolemy.actor.CompositeActor.preinitialize(CompositeActor.java:1828)
	at ptolemy.actor.Manager.preinitializeAndResolveTypes(Manager.java:1040)
	at ptolemy.actor.Manager.initialize(Manager.java:710)
	at ptolemy.actor.Manager.execute(Manager.java:356)
	at ptolemy.actor.Manager.run(Manager.java:1263)
	at ptolemy.actor.Manager$PtolemyRunThread.run(Manager.java:1915)
java.lang.RuntimeException: Execution failed
	at ptolemy.moml.MoMLSimpleApplication$UnloadThread.run(MoMLSimpleApplication.java:402)
Caused by: ptolemy.kernel.util.IllegalActionException: Found a zero delay loop containing .dependencyLoop.original
  in .dependencyLoop and .dependencyLoop.original
	at ptolemy.actor.util.CausalityInterfaceForComposites._computeOutputPortDepth(CausalityInterfaceForComposites.java:759)
	at ptolemy.actor.util.CausalityInterfaceForComposites._computeInputDepth(CausalityInterfaceForComposites.java:696)
	at ptolemy.actor.util.CausalityInterfaceForComposites._computeOutputPortDepth(CausalityInterfaceForComposites.java:765)
	at ptolemy.actor.util.CausalityInterfaceForComposites._computeInputDepth(CausalityInterfaceForComposites.java:696)
	at ptolemy.actor.util.CausalityInterfaceForComposites._computeOutputPortDepth(CausalityInterfaceForComposites.java:765)
	at ptolemy.actor.util.CausalityInterfaceForComposites._computeInputDepth(CausalityInterfaceForComposites.java:696)
	at ptolemy.actor.util.CausalityInterfaceForComposites._computeActorDepth(CausalityInterfaceForComposites.java:532)
	at ptolemy.actor.util.CausalityInterfaceForComposites.checkForCycles(CausalityInterfaceForComposites.java:96)
	at ptolemy.domains.de.kernel.DEDirector.preinitialize(DEDirector.java:1338)
	at ptolemy.actor.CompositeActor.preinitialize(CompositeActor.java:1828)
	at ptolemy.actor.Manager.preinitializeAndResolveTypes(Manager.java:1040)
	at ptolemy.actor.Manager.initialize(Manager.java:710)
	at ptolemy.actor.Manager.execute(Manager.java:356)
	at ptolemy.actor.Manager.run(Manager.java:1263)
	at ptolemy.actor.Manager$PtolemyRunThread.run(Manager.java:1915)
java.lang.reflect.InvocationTargetException
	at sun.reflect.NativeConstructorAccessorImpl.newInstance0(Native Method)
	at sun.reflect.NativeConstructorAccessorImpl.newInstance(NativeConstructorAccessorImpl.java:62)
	at sun.reflect.DelegatingConstructorAccessorImpl.newInstance(DelegatingConstructorAccessorImpl.java:45)
	at java.lang.reflect.Constructor.newInstance(Constructor.java:423)
	at ptolemy.util.test.junit.AutoKnownFailedTests.RunModel(AutoKnownFailedTests.java:107)
	at sun.reflect.NativeMethodAccessorImpl.invoke0(Native Method)
	at sun.reflect.NativeMethodAccessorImpl.invoke(NativeMethodAccessorImpl.java:62)
	at sun.reflect.DelegatingMethodAccessorImpl.invoke(DelegatingMethodAccessorImpl.java:43)
	at java.lang.reflect.Method.invoke(Method.java:498)
	at org.junit.runners.model.FrameworkMethod$1.runReflectiveCall(FrameworkMethod.java:44)
	at org.junit.internal.runners.model.ReflectiveCallable.run(ReflectiveCallable.java:15)
	at org.junit.runners.model.FrameworkMethod.invokeExplosively(FrameworkMethod.java:41)
	at junitparams.internal.InvokeParameterisedMethod.evaluate(InvokeParameterisedMethod.java:102)
	at org.junit.internal.runners.statements.FailOnTimeout$1.run(FailOnTimeout.java:28)
Caused by: ptolemy.kernel.util.IllegalActionException: Found a zero delay loop containing .dependencyLoop.original
  in .dependencyLoop and .dependencyLoop.original
	at ptolemy.actor.util.CausalityInterfaceForComposites._computeOutputPortDepth(CausalityInterfaceForComposites.java:759)
	at ptolemy.actor.util.CausalityInterfaceForComposites._computeInputDepth(CausalityInterfaceForComposites.java:696)
	at ptolemy.actor.util.CausalityInterfaceForComposites._computeOutputPortDepth(CausalityInterfaceForComposites.java:765)
	at ptolemy.actor.util.CausalityInterfaceForComposites._computeInputDepth(CausalityInterfaceForComposites.java:696)
	at ptolemy.actor.util.CausalityInterfaceForComposites._computeOutputPortDepth(CausalityInterfaceForComposites.java:765)
	at ptolemy.actor.util.CausalityInterfaceForComposites._computeInputDepth(CausalityInterfaceForComposites.java:696)
	at ptolemy.actor.util.CausalityInterfaceForComposites._computeActorDepth(CausalityInterfaceForComposites.java:532)
	at ptolemy.actor.util.CausalityInterfaceForComposites.checkForCycles(CausalityInterfaceForComposites.java:96)
	at ptolemy.domains.de.kernel.DEDirector.preinitialize(DEDirector.java:1338)
	at ptolemy.actor.CompositeActor.preinitialize(CompositeActor.java:1828)
	at ptolemy.actor.Manager.preinitializeAndResolveTypes(Manager.java:1040)
	at ptolemy.actor.Manager.initialize(Manager.java:710)
	at ptolemy.actor.Manager.execute(Manager.java:356)
	at ptolemy.actor.Manager.run(Manager.java:1263)
	at ptolemy.actor.Manager$PtolemyRunThread.run(Manager.java:1915)
java.lang.RuntimeException: Execution failed
	at ptolemy.moml.MoMLSimpleApplication$UnloadThread.run(MoMLSimpleApplication.java:402)
Caused by: ptolemy.kernel.util.IllegalActionException: Found a zero delay loop containing .dependencyLoop2.original
  in .dependencyLoop2 and .dependencyLoop2.original
	at ptolemy.actor.util.CausalityInterfaceForComposites._computeOutputPortDepth(CausalityInterfaceForComposites.java:759)
	at ptolemy.actor.util.CausalityInterfaceForComposites._computeInputDepth(CausalityInterfaceForComposites.java:696)
	at ptolemy.actor.util.CausalityInterfaceForComposites._computeOutputPortDepth(CausalityInterfaceForComposites.java:765)
	at ptolemy.actor.util.CausalityInterfaceForComposites._computeInputDepth(CausalityInterfaceForComposites.java:696)
	at ptolemy.actor.util.CausalityInterfaceForComposites._computeOutputPortDepth(CausalityInterfaceForComposites.java:765)
	at ptolemy.actor.util.CausalityInterfaceForComposites._computeInputDepth(CausalityInterfaceForComposites.java:696)
	at ptolemy.actor.util.CausalityInterfaceForComposites._computeActorDepth(CausalityInterfaceForComposites.java:532)
	at ptolemy.actor.util.CausalityInterfaceForComposites.checkForCycles(CausalityInterfaceForComposites.java:96)
	at ptolemy.domains.de.kernel.DEDirector.preinitialize(DEDirector.java:1338)
	at ptolemy.actor.CompositeActor.preinitialize(CompositeActor.java:1828)
	at ptolemy.actor.Manager.preinitializeAndResolveTypes(Manager.java:1040)
	at ptolemy.actor.Manager.initialize(Manager.java:710)
	at ptolemy.actor.Manager.execute(Manager.java:356)
	at ptolemy.actor.Manager.run(Manager.java:1263)
	at ptolemy.actor.Manager$PtolemyRunThread.run(Manager.java:1915)
java.lang.reflect.InvocationTargetException
	at sun.reflect.NativeConstructorAccessorImpl.newInstance0(Native Method)
	at sun.reflect.NativeConstructorAccessorImpl.newInstance(NativeConstructorAccessorImpl.java:62)
	at sun.reflect.DelegatingConstructorAccessorImpl.newInstance(DelegatingConstructorAccessorImpl.java:45)
	at java.lang.reflect.Constructor.newInstance(Constructor.java:423)
	at ptolemy.util.test.junit.AutoKnownFailedTests.RunModel(AutoKnownFailedTests.java:107)
	at sun.reflect.NativeMethodAccessorImpl.invoke0(Native Method)
	at sun.reflect.NativeMethodAccessorImpl.invoke(NativeMethodAccessorImpl.java:62)
	at sun.reflect.DelegatingMethodAccessorImpl.invoke(DelegatingMethodAccessorImpl.java:43)
	at java.lang.reflect.Method.invoke(Method.java:498)
	at org.junit.runners.model.FrameworkMethod$1.runReflectiveCall(FrameworkMethod.java:44)
	at org.junit.internal.runners.model.ReflectiveCallable.run(ReflectiveCallable.java:15)
	at org.junit.runners.model.FrameworkMethod.invokeExplosively(FrameworkMethod.java:41)
	at junitparams.internal.InvokeParameterisedMethod.evaluate(InvokeParameterisedMethod.java:102)
	at org.junit.internal.runners.statements.FailOnTimeout$1.run(FailOnTimeout.java:28)
Caused by: ptolemy.kernel.util.IllegalActionException: Found a zero delay loop containing .dependencyLoop2.original
  in .dependencyLoop2 and .dependencyLoop2.original
	at ptolemy.actor.util.CausalityInterfaceForComposites._computeOutputPortDepth(CausalityInterfaceForComposites.java:759)
	at ptolemy.actor.util.CausalityInterfaceForComposites._computeInputDepth(CausalityInterfaceForComposites.java:696)
	at ptolemy.actor.util.CausalityInterfaceForComposites._computeOutputPortDepth(CausalityInterfaceForComposites.java:765)
	at ptolemy.actor.util.CausalityInterfaceForComposites._computeInputDepth(CausalityInterfaceForComposites.java:696)
	at ptolemy.actor.util.CausalityInterfaceForComposites._computeOutputPortDepth(CausalityInterfaceForComposites.java:765)
	at ptolemy.actor.util.CausalityInterfaceForComposites._computeInputDepth(CausalityInterfaceForComposites.java:696)
	at ptolemy.actor.util.CausalityInterfaceForComposites._computeActorDepth(CausalityInterfaceForComposites.java:532)
	at ptolemy.actor.util.CausalityInterfaceForComposites.checkForCycles(CausalityInterfaceForComposites.java:96)
	at ptolemy.domains.de.kernel.DEDirector.preinitialize(DEDirector.java:1338)
	at ptolemy.actor.CompositeActor.preinitialize(CompositeActor.java:1828)
	at ptolemy.actor.Manager.preinitializeAndResolveTypes(Manager.java:1040)
	at ptolemy.actor.Manager.initialize(Manager.java:710)
	at ptolemy.actor.Manager.execute(Manager.java:356)
	at ptolemy.actor.Manager.run(Manager.java:1263)
	at ptolemy.actor.Manager$PtolemyRunThread.run(Manager.java:1915)
]]></system-err>
</testsuite>
