<?xml version="1.0" encoding="UTF-8" ?>
<testsuite errors="0" failures="0" hostname="travis-job-07634975-f75e-4a5d-9a00-8a23c001e08b" name="ptolemy.domains.modal.test.junit.JUnitTclTest" skipped="0" tests="148" time="11.862" timestamp="2019-08-17T05:25:05">
  <properties>
[...]
</properties>
  <testcase classname="ptolemy.util.test.junit.TclTests" name="[0] /home/travis/build/icyphy/ptII/ptolemy/domains/modal/test/SystemLevelType.tcl (RunTclFile)" time="2.271" />
  <testcase classname="ptolemy.util.test.junit.AutoKnownFailedTests" name="[0] /home/travis/build/icyphy/ptII/ptolemy/domains/modal/test/auto/knownFailedTests/CannotAnalysisWithPreemption.xml (RunModel)" time="0.316" />
  <testcase classname="ptolemy.util.test.junit.AutoNameArchTests" name="[0] ThereAreNoAutoArchTests (RunModel)" time="0.008" />
  <testcase classname="ptolemy.util.test.junit.AutoTests" name="[0] /home/travis/build/icyphy/ptII/ptolemy/domains/modal/test/auto/ABPTest.xml (RunModel)" time="0.723" />
  <testcase classname="ptolemy.util.test.junit.AutoTests" name="[1] /home/travis/build/icyphy/ptII/ptolemy/domains/modal/test/auto/ABROFlat.xml (RunModel)" time="0.118" />
  <testcase classname="ptolemy.util.test.junit.AutoTests" name="[2] /home/travis/build/icyphy/ptII/ptolemy/domains/modal/test/auto/ABROFlat2.xml (RunModel)" time="0.11" />
  <testcase classname="ptolemy.util.test.junit.AutoTests" name="[3] /home/travis/build/icyphy/ptII/ptolemy/domains/modal/test/auto/ABRO_present_hmm.xml (RunModel)" time="0.221" />
  <testcase classname="ptolemy.util.test.junit.AutoTests" name="[4] /home/travis/build/icyphy/ptII/ptolemy/domains/modal/test/auto/AMICoderExample.xml (RunModel)" time="0.102" />
  <testcase classname="ptolemy.util.test.junit.AutoTests" name="[5] /home/travis/build/icyphy/ptII/ptolemy/domains/modal/test/auto/AbsentToPresent.xml (RunModel)" time="0.042" />
  <testcase classname="ptolemy.util.test.junit.AutoTests" name="[6] /home/travis/build/icyphy/ptII/ptolemy/domains/modal/test/auto/Blending.xml (RunModel)" time="0.293" />
  <testcase classname="ptolemy.util.test.junit.AutoTests" name="[7] /home/travis/build/icyphy/ptII/ptolemy/domains/modal/test/auto/Broadcast.xml (RunModel)" time="0.072" />
  <testcase classname="ptolemy.util.test.junit.AutoTests" name="[8] /home/travis/build/icyphy/ptII/ptolemy/domains/modal/test/auto/BroadcastHierarchy.xml (RunModel)" time="0.078" />
  <testcase classname="ptolemy.util.test.junit.AutoTests" name="[9] /home/travis/build/icyphy/ptII/ptolemy/domains/modal/test/auto/BroadcastHierarchy2.xml (RunModel)" time="0.142" />
  <testcase classname="ptolemy.util.test.junit.AutoTests" name="[10] /home/travis/build/icyphy/ptII/ptolemy/domains/modal/test/auto/BroadcastHierarchy3.xml (RunModel)" time="0.074" />
  <testcase classname="ptolemy.util.test.junit.AutoTests" name="[11] /home/travis/build/icyphy/ptII/ptolemy/domains/modal/test/auto/BroadcastHierarchy4.xml (RunModel)" time="0.123" />
  <testcase classname="ptolemy.util.test.junit.AutoTests" name="[12] /home/travis/build/icyphy/ptII/ptolemy/domains/modal/test/auto/CannotAnalysisWithPreemption2.xml (RunModel)" time="0.038" />
  <testcase classname="ptolemy.util.test.junit.AutoTests" name="[13] /home/travis/build/icyphy/ptII/ptolemy/domains/modal/test/auto/CannotAnalysisWithPreemption3.xml (RunModel)" time="0.058" />
  <testcase classname="ptolemy.util.test.junit.AutoTests" name="[14] /home/travis/build/icyphy/ptII/ptolemy/domains/modal/test/auto/CannotProduce.xml (RunModel)" time="0.041" />
  <testcase classname="ptolemy.util.test.junit.AutoTests" name="[15] /home/travis/build/icyphy/ptII/ptolemy/domains/modal/test/auto/CannotProduceModal.xml (RunModel)" time="0.044" />
  <testcase classname="ptolemy.util.test.junit.AutoTests" name="[16] /home/travis/build/icyphy/ptII/ptolemy/domains/modal/test/auto/Case.xml (RunModel)" time="0.098" />
  <testcase classname="ptolemy.util.test.junit.AutoTests" name="[17] /home/travis/build/icyphy/ptII/ptolemy/domains/modal/test/auto/Case1.xml (RunModel)" time="0.031" />
  <testcase classname="ptolemy.util.test.junit.AutoTests" name="[18] /home/travis/build/icyphy/ptII/ptolemy/domains/modal/test/auto/Case2.xml (RunModel)" time="0.049" />
  <testcase classname="ptolemy.util.test.junit.AutoTests" name="[19] /home/travis/build/icyphy/ptII/ptolemy/domains/modal/test/auto/CausalityInterface1.xml (RunModel)" time="0.03" />
  <testcase classname="ptolemy.util.test.junit.AutoTests" name="[20] /home/travis/build/icyphy/ptII/ptolemy/domains/modal/test/auto/CausalityInterface10.xml (RunModel)" time="0.065" />
  <testcase classname="ptolemy.util.test.junit.AutoTests" name="[21] /home/travis/build/icyphy/ptII/ptolemy/domains/modal/test/auto/CausalityInterface11.xml (RunModel)" time="0.068" />
  <testcase classname="ptolemy.util.test.junit.AutoTests" name="[22] /home/travis/build/icyphy/ptII/ptolemy/domains/modal/test/auto/CausalityInterface12.xml (RunModel)" time="0.047" />
  <testcase classname="ptolemy.util.test.junit.AutoTests" name="[23] /home/travis/build/icyphy/ptII/ptolemy/domains/modal/test/auto/CausalityInterface13.xml (RunModel)" time="0.065" />
  <testcase classname="ptolemy.util.test.junit.AutoTests" name="[24] /home/travis/build/icyphy/ptII/ptolemy/domains/modal/test/auto/CausalityInterface14.xml (RunModel)" time="0.063" />
  <testcase classname="ptolemy.util.test.junit.AutoTests" name="[25] /home/travis/build/icyphy/ptII/ptolemy/domains/modal/test/auto/CausalityInterface2.xml (RunModel)" time="0.03" />
  <testcase classname="ptolemy.util.test.junit.AutoTests" name="[26] /home/travis/build/icyphy/ptII/ptolemy/domains/modal/test/auto/CausalityInterface3.xml (RunModel)" time="0.029" />
  <testcase classname="ptolemy.util.test.junit.AutoTests" name="[27] /home/travis/build/icyphy/ptII/ptolemy/domains/modal/test/auto/CausalityInterface4.xml (RunModel)" time="0.028" />
  <testcase classname="ptolemy.util.test.junit.AutoTests" name="[28] /home/travis/build/icyphy/ptII/ptolemy/domains/modal/test/auto/CausalityInterface5.xml (RunModel)" time="0.044" />
  <testcase classname="ptolemy.util.test.junit.AutoTests" name="[29] /home/travis/build/icyphy/ptII/ptolemy/domains/modal/test/auto/CausalityInterface6.xml (RunModel)" time="0.039" />
  <testcase classname="ptolemy.util.test.junit.AutoTests" name="[30] /home/travis/build/icyphy/ptII/ptolemy/domains/modal/test/auto/CausalityInterface7.xml (RunModel)" time="0.04" />
  <testcase classname="ptolemy.util.test.junit.AutoTests" name="[31] /home/travis/build/icyphy/ptII/ptolemy/domains/modal/test/auto/CausalityInterface8.xml (RunModel)" time="0.036" />
  <testcase classname="ptolemy.util.test.junit.AutoTests" name="[32] /home/travis/build/icyphy/ptII/ptolemy/domains/modal/test/auto/CausalityInterface9.xml (RunModel)" time="0.038" />
  <testcase classname="ptolemy.util.test.junit.AutoTests" name="[33] /home/travis/build/icyphy/ptII/ptolemy/domains/modal/test/auto/ChainedTransitions.xml (RunModel)" time="0.177" />
  <testcase classname="ptolemy.util.test.junit.AutoTests" name="[34] /home/travis/build/icyphy/ptII/ptolemy/domains/modal/test/auto/CycleOfImmediateTransitionsFSM.xml (RunModel)" time="0.027" />
  <testcase classname="ptolemy.util.test.junit.AutoTests" name="[35] /home/travis/build/icyphy/ptII/ptolemy/domains/modal/test/auto/CycleOfImmediateTransitionsModal.xml (RunModel)" time="0.025" />
  <testcase classname="ptolemy.util.test.junit.AutoTests" name="[36] /home/travis/build/icyphy/ptII/ptolemy/domains/modal/test/auto/CycleOfImmediateTransitionsModal2.xml (RunModel)" time="0.057" />
  <testcase classname="ptolemy.util.test.junit.AutoTests" name="[37] /home/travis/build/icyphy/ptII/ptolemy/domains/modal/test/auto/CycleOfImmediateTransitionsModal3.xml (RunModel)" time="0.086" />
  <testcase classname="ptolemy.util.test.junit.AutoTests" name="[38] /home/travis/build/icyphy/ptII/ptolemy/domains/modal/test/auto/DeepModal1.xml (RunModel)" time="0.062" />
  <testcase classname="ptolemy.util.test.junit.AutoTests" name="[39] /home/travis/build/icyphy/ptII/ptolemy/domains/modal/test/auto/DeepModal2.xml (RunModel)" time="0.068" />
  <testcase classname="ptolemy.util.test.junit.AutoTests" name="[40] /home/travis/build/icyphy/ptII/ptolemy/domains/modal/test/auto/DeepModal3.xml (RunModel)" time="0.071" />
  <testcase classname="ptolemy.util.test.junit.AutoTests" name="[41] /home/travis/build/icyphy/ptII/ptolemy/domains/modal/test/auto/DeepModal4.xml (RunModel)" time="0.092" />
  <testcase classname="ptolemy.util.test.junit.AutoTests" name="[42] /home/travis/build/icyphy/ptII/ptolemy/domains/modal/test/auto/Default1.xml (RunModel)" time="0.018" />
  <testcase classname="ptolemy.util.test.junit.AutoTests" name="[43] /home/travis/build/icyphy/ptII/ptolemy/domains/modal/test/auto/Default2.xml (RunModel)" time="0.021" />
  <testcase classname="ptolemy.util.test.junit.AutoTests" name="[44] /home/travis/build/icyphy/ptII/ptolemy/domains/modal/test/auto/Default3.xml (RunModel)" time="0.034" />
  <testcase classname="ptolemy.util.test.junit.AutoTests" name="[45] /home/travis/build/icyphy/ptII/ptolemy/domains/modal/test/auto/Default4.xml (RunModel)" time="0.041" />
  <testcase classname="ptolemy.util.test.junit.AutoTests" name="[46] /home/travis/build/icyphy/ptII/ptolemy/domains/modal/test/auto/Default5.xml (RunModel)" time="0.034" />
  <testcase classname="ptolemy.util.test.junit.AutoTests" name="[47] /home/travis/build/icyphy/ptII/ptolemy/domains/modal/test/auto/EmptyGuard.xml (RunModel)" time="0.037" />
  <testcase classname="ptolemy.util.test.junit.AutoTests" name="[48] /home/travis/build/icyphy/ptII/ptolemy/domains/modal/test/auto/ErrorTransition1.xml (RunModel)" time="0.037" />
  <testcase classname="ptolemy.util.test.junit.AutoTests" name="[49] /home/travis/build/icyphy/ptII/ptolemy/domains/modal/test/auto/ErrorTransition10.xml (RunModel)" time="0.052" />
  <testcase classname="ptolemy.util.test.junit.AutoTests" name="[50] /home/travis/build/icyphy/ptII/ptolemy/domains/modal/test/auto/ErrorTransition11.xml (RunModel)" time="0.047" />
  <testcase classname="ptolemy.util.test.junit.AutoTests" name="[51] /home/travis/build/icyphy/ptII/ptolemy/domains/modal/test/auto/ErrorTransition2.xml (RunModel)" time="0.026" />
  <testcase classname="ptolemy.util.test.junit.AutoTests" name="[52] /home/travis/build/icyphy/ptII/ptolemy/domains/modal/test/auto/ErrorTransition3.xml (RunModel)" time="0.036" />
  <testcase classname="ptolemy.util.test.junit.AutoTests" name="[53] /home/travis/build/icyphy/ptII/ptolemy/domains/modal/test/auto/ErrorTransition4.xml (RunModel)" time="0.033" />
  <testcase classname="ptolemy.util.test.junit.AutoTests" name="[54] /home/travis/build/icyphy/ptII/ptolemy/domains/modal/test/auto/ErrorTransition5.xml (RunModel)" time="0.028" />
  <testcase classname="ptolemy.util.test.junit.AutoTests" name="[55] /home/travis/build/icyphy/ptII/ptolemy/domains/modal/test/auto/ErrorTransition6.xml (RunModel)" time="0.031" />
  <testcase classname="ptolemy.util.test.junit.AutoTests" name="[56] /home/travis/build/icyphy/ptII/ptolemy/domains/modal/test/auto/ErrorTransition7.xml (RunModel)" time="0.04" />
  <testcase classname="ptolemy.util.test.junit.AutoTests" name="[57] /home/travis/build/icyphy/ptII/ptolemy/domains/modal/test/auto/ErrorTransition8.xml (RunModel)" time="0.054" />
  <testcase classname="ptolemy.util.test.junit.AutoTests" name="[58] /home/travis/build/icyphy/ptII/ptolemy/domains/modal/test/auto/ErrorTransition9.xml (RunModel)" time="0.064" />
  <testcase classname="ptolemy.util.test.junit.AutoTests" name="[59] /home/travis/build/icyphy/ptII/ptolemy/domains/modal/test/auto/ExtendedFSM.xml (RunModel)" time="0.029" />
  <testcase classname="ptolemy.util.test.junit.AutoTests" name="[60] /home/travis/build/icyphy/ptII/ptolemy/domains/modal/test/auto/FinalStates.xml (RunModel)" time="0.025" />
  <testcase classname="ptolemy.util.test.junit.AutoTests" name="[61] /home/travis/build/icyphy/ptII/ptolemy/domains/modal/test/auto/FixedPointFSM.xml (RunModel)" time="0.053" />
  <testcase classname="ptolemy.util.test.junit.AutoTests" name="[62] /home/travis/build/icyphy/ptII/ptolemy/domains/modal/test/auto/FixedPointIterationFSMActor.xml (RunModel)" time="0.029" />
  <testcase classname="ptolemy.util.test.junit.AutoTests" name="[63] /home/travis/build/icyphy/ptII/ptolemy/domains/modal/test/auto/FixedPointIterationFSMActor2.xml (RunModel)" time="0.036" />
  <testcase classname="ptolemy.util.test.junit.AutoTests" name="[64] /home/travis/build/icyphy/ptII/ptolemy/domains/modal/test/auto/ForbiddenInstantanousLoop.xml (RunModel)" time="0.04" />
  <testcase classname="ptolemy.util.test.junit.AutoTests" name="[65] /home/travis/build/icyphy/ptII/ptolemy/domains/modal/test/auto/FunctionDependencyOfFSMActorTest.xml (RunModel)" time="0.033" />
  <testcase classname="ptolemy.util.test.junit.AutoTests" name="[66] /home/travis/build/icyphy/ptII/ptolemy/domains/modal/test/auto/GuardExpression.xml (RunModel)" time="0.02" />
  <testcase classname="ptolemy.util.test.junit.AutoTests" name="[67] /home/travis/build/icyphy/ptII/ptolemy/domains/modal/test/auto/GuardNotEvaluated.xml (RunModel)" time="0.035" />
  <testcase classname="ptolemy.util.test.junit.AutoTests" name="[68] /home/travis/build/icyphy/ptII/ptolemy/domains/modal/test/auto/GuardNotEvaluated2.xml (RunModel)" time="0.026" />
  <testcase classname="ptolemy.util.test.junit.AutoTests" name="[69] /home/travis/build/icyphy/ptII/ptolemy/domains/modal/test/auto/GuardOnAbsent.xml (RunModel)" time="0.024" />
  <testcase classname="ptolemy.util.test.junit.AutoTests" name="[70] /home/travis/build/icyphy/ptII/ptolemy/domains/modal/test/auto/HierarchicalFSMTypeInference.xml (RunModel)" time="0.029" />
  <testcase classname="ptolemy.util.test.junit.AutoTests" name="[71] /home/travis/build/icyphy/ptII/ptolemy/domains/modal/test/auto/Hysteresis.xml (RunModel)" time="0.053" />
  <testcase classname="ptolemy.util.test.junit.AutoTests" name="[72] /home/travis/build/icyphy/ptII/ptolemy/domains/modal/test/auto/HysteresisWithDefault.xml (RunModel)" time="0.084" />
  <testcase classname="ptolemy.util.test.junit.AutoTests" name="[73] /home/travis/build/icyphy/ptII/ptolemy/domains/modal/test/auto/HysteresisWithDefault2.xml (RunModel)" time="0.075" />
  <testcase classname="ptolemy.util.test.junit.AutoTests" name="[74] /home/travis/build/icyphy/ptII/ptolemy/domains/modal/test/auto/ImmediateNonConstructiveness.xml (RunModel)" time="0.021" />
  <testcase classname="ptolemy.util.test.junit.AutoTests" name="[75] /home/travis/build/icyphy/ptII/ptolemy/domains/modal/test/auto/ImmediateNonConstructiveness2.xml (RunModel)" time="0.035" />
  <testcase classname="ptolemy.util.test.junit.AutoTests" name="[76] /home/travis/build/icyphy/ptII/ptolemy/domains/modal/test/auto/ImmediateTransitionReset.xml (RunModel)" time="0.035" />
  <testcase classname="ptolemy.util.test.junit.AutoTests" name="[77] /home/travis/build/icyphy/ptII/ptolemy/domains/modal/test/auto/ImmediateTransitions1.xml (RunModel)" time="0.016" />
  <testcase classname="ptolemy.util.test.junit.AutoTests" name="[78] /home/travis/build/icyphy/ptII/ptolemy/domains/modal/test/auto/ImmediateTransitionsInstantaneousCommunication.xml (RunModel)" time="0.036" />
  <testcase classname="ptolemy.util.test.junit.AutoTests" name="[79] /home/travis/build/icyphy/ptII/ptolemy/domains/modal/test/auto/InitialImmediateTransition.xml (RunModel)" time="0.016" />
  <testcase classname="ptolemy.util.test.junit.AutoTests" name="[80] /home/travis/build/icyphy/ptII/ptolemy/domains/modal/test/auto/InitialOutputs.xml (RunModel)" time="0.021" />
  <testcase classname="ptolemy.util.test.junit.AutoTests" name="[81] /home/travis/build/icyphy/ptII/ptolemy/domains/modal/test/auto/InitialStateTransition1.xml (RunModel)" time="0.021" />
  <testcase classname="ptolemy.util.test.junit.AutoTests" name="[82] /home/travis/build/icyphy/ptII/ptolemy/domains/modal/test/auto/InitialStateTransition2.xml (RunModel)" time="0.023" />
  <testcase classname="ptolemy.util.test.junit.AutoTests" name="[83] /home/travis/build/icyphy/ptII/ptolemy/domains/modal/test/auto/InitialStateTransition3.xml (RunModel)" time="0.023" />
  <testcase classname="ptolemy.util.test.junit.AutoTests" name="[84] /home/travis/build/icyphy/ptII/ptolemy/domains/modal/test/auto/InitialStateTransition4.xml (RunModel)" time="0.052" />
  <testcase classname="ptolemy.util.test.junit.AutoTests" name="[85] /home/travis/build/icyphy/ptII/ptolemy/domains/modal/test/auto/MalformedGuardExpressionNotCaught.xml (RunModel)" time="0.029" />
  <testcase classname="ptolemy.util.test.junit.AutoTests" name="[86] /home/travis/build/icyphy/ptII/ptolemy/domains/modal/test/auto/ModalBSC.xml (RunModel)" time="0.101" />
  <testcase classname="ptolemy.util.test.junit.AutoTests" name="[87] /home/travis/build/icyphy/ptII/ptolemy/domains/modal/test/auto/ModalClocks.xml (RunModel)" time="0.082" />
  <testcase classname="ptolemy.util.test.junit.AutoTests" name="[88] /home/travis/build/icyphy/ptII/ptolemy/domains/modal/test/auto/ModalDelay.xml (RunModel)" time="0.051" />
  <testcase classname="ptolemy.util.test.junit.AutoTests" name="[89] /home/travis/build/icyphy/ptII/ptolemy/domains/modal/test/auto/ModalDelay2.xml (RunModel)" time="0.047" />
  <testcase classname="ptolemy.util.test.junit.AutoTests" name="[90] /home/travis/build/icyphy/ptII/ptolemy/domains/modal/test/auto/ModalModelFromMemo.xml (RunModel)" time="0.065" />
  <testcase classname="ptolemy.util.test.junit.AutoTests" name="[91] /home/travis/build/icyphy/ptII/ptolemy/domains/modal/test/auto/ModalModelWithMultirateTransient.xml (RunModel)" time="0.055" />
  <testcase classname="ptolemy.util.test.junit.AutoTests" name="[92] /home/travis/build/icyphy/ptII/ptolemy/domains/modal/test/auto/ModalModelWithReset.xml (RunModel)" time="0.064" />
  <testcase classname="ptolemy.util.test.junit.AutoTests" name="[93] /home/travis/build/icyphy/ptII/ptolemy/domains/modal/test/auto/MouseClickFSM.xml (RunModel)" time="0.064" />
  <testcase classname="ptolemy.util.test.junit.AutoTests" name="[94] /home/travis/build/icyphy/ptII/ptolemy/domains/modal/test/auto/MouseClickFSMModal.xml (RunModel)" time="0.043" />
  <testcase classname="ptolemy.util.test.junit.AutoTests" name="[95] /home/travis/build/icyphy/ptII/ptolemy/domains/modal/test/auto/NonStrictFSM_FeedbackLoop.xml (RunModel)" time="0.058" />
  <testcase classname="ptolemy.util.test.junit.AutoTests" name="[96] /home/travis/build/icyphy/ptII/ptolemy/domains/modal/test/auto/NonStrictFSM_FeedbackLoop_Refinement.xml (RunModel)" time="0.111" />
  <testcase classname="ptolemy.util.test.junit.AutoTests" name="[97] /home/travis/build/icyphy/ptII/ptolemy/domains/modal/test/auto/NonStrictFSM_FeedbackLoop_preemptive.xml (RunModel)" time="0.055" />
  <testcase classname="ptolemy.util.test.junit.AutoTests" name="[98] /home/travis/build/icyphy/ptII/ptolemy/domains/modal/test/auto/NormalTermination.xml (RunModel)" time="0.049" />
  <testcase classname="ptolemy.util.test.junit.AutoTests" name="[99] /home/travis/build/icyphy/ptII/ptolemy/domains/modal/test/auto/Pong.xml (RunModel)" time="0.084" />
  <testcase classname="ptolemy.util.test.junit.AutoTests" name="[100] /home/travis/build/icyphy/ptII/ptolemy/domains/modal/test/auto/Pong_test.xml (RunModel)" time="0.114" />
  <testcase classname="ptolemy.util.test.junit.AutoTests" name="[101] /home/travis/build/icyphy/ptII/ptolemy/domains/modal/test/auto/PreemptionHierarchy.xml (RunModel)" time="0.025" />
  <testcase classname="ptolemy.util.test.junit.AutoTests" name="[102] /home/travis/build/icyphy/ptII/ptolemy/domains/modal/test/auto/PreemptionHierarchy2.xml (RunModel)" time="0.03" />
  <testcase classname="ptolemy.util.test.junit.AutoTests" name="[103] /home/travis/build/icyphy/ptII/ptolemy/domains/modal/test/auto/PreemptiveTransition.xml (RunModel)" time="0.024" />
  <testcase classname="ptolemy.util.test.junit.AutoTests" name="[104] /home/travis/build/icyphy/ptII/ptolemy/domains/modal/test/auto/Priorities.xml (RunModel)" time="0.092" />
  <testcase classname="ptolemy.util.test.junit.AutoTests" name="[105] /home/travis/build/icyphy/ptII/ptolemy/domains/modal/test/auto/ResetFinal.xml (RunModel)" time="0.041" />
  <testcase classname="ptolemy.util.test.junit.AutoTests" name="[106] /home/travis/build/icyphy/ptII/ptolemy/domains/modal/test/auto/ResetFinal2.xml (RunModel)" time="0.031" />
  <testcase classname="ptolemy.util.test.junit.AutoTests" name="[107] /home/travis/build/icyphy/ptII/ptolemy/domains/modal/test/auto/ResetTransitionWithStartTime.xml (RunModel)" time="0.028" />
  <testcase classname="ptolemy.util.test.junit.AutoTests" name="[108] /home/travis/build/icyphy/ptII/ptolemy/domains/modal/test/auto/SDF-FSMComposite.xml (RunModel)" time="0.026" />
  <testcase classname="ptolemy.util.test.junit.AutoTests" name="[109] /home/travis/build/icyphy/ptII/ptolemy/domains/modal/test/auto/SeeminglyNondeterminate.xml (RunModel)" time="0.087" />
  <testcase classname="ptolemy.util.test.junit.AutoTests" name="[110] /home/travis/build/icyphy/ptII/ptolemy/domains/modal/test/auto/SeeminglyNondeterminate2.xml (RunModel)" time="0.07" />
  <testcase classname="ptolemy.util.test.junit.AutoTests" name="[111] /home/travis/build/icyphy/ptII/ptolemy/domains/modal/test/auto/SpontaneousFSM.xml (RunModel)" time="0.045" />
  <testcase classname="ptolemy.util.test.junit.AutoTests" name="[112] /home/travis/build/icyphy/ptII/ptolemy/domains/modal/test/auto/SpontaneousFSM2.xml (RunModel)" time="0.034" />
  <testcase classname="ptolemy.util.test.junit.AutoTests" name="[113] /home/travis/build/icyphy/ptII/ptolemy/domains/modal/test/auto/SpontaneousFSM3.xml (RunModel)" time="0.052" />
  <testcase classname="ptolemy.util.test.junit.AutoTests" name="[114] /home/travis/build/icyphy/ptII/ptolemy/domains/modal/test/auto/SpontaneousFSM4.xml (RunModel)" time="0.047" />
  <testcase classname="ptolemy.util.test.junit.AutoTests" name="[115] /home/travis/build/icyphy/ptII/ptolemy/domains/modal/test/auto/StateTrackerTest.xml (RunModel)" time="0.071" />
  <testcase classname="ptolemy.util.test.junit.AutoTests" name="[116] /home/travis/build/icyphy/ptII/ptolemy/domains/modal/test/auto/StrongImmediateTransition.xml (RunModel)" time="0.022" />
  <testcase classname="ptolemy.util.test.junit.AutoTests" name="[117] /home/travis/build/icyphy/ptII/ptolemy/domains/modal/test/auto/SustainHierarchy.xml (RunModel)" time="0.036" />
  <testcase classname="ptolemy.util.test.junit.AutoTests" name="[118] /home/travis/build/icyphy/ptII/ptolemy/domains/modal/test/auto/TerminationTransition1.xml (RunModel)" time="0.02" />
  <testcase classname="ptolemy.util.test.junit.AutoTests" name="[119] /home/travis/build/icyphy/ptII/ptolemy/domains/modal/test/auto/TerminationTransition2.xml (RunModel)" time="0.028" />
  <testcase classname="ptolemy.util.test.junit.AutoTests" name="[120] /home/travis/build/icyphy/ptII/ptolemy/domains/modal/test/auto/TerminationTransition3.xml (RunModel)" time="0.024" />
  <testcase classname="ptolemy.util.test.junit.AutoTests" name="[121] /home/travis/build/icyphy/ptII/ptolemy/domains/modal/test/auto/TerminationTransition4.xml (RunModel)" time="0.038" />
  <testcase classname="ptolemy.util.test.junit.AutoTests" name="[122] /home/travis/build/icyphy/ptII/ptolemy/domains/modal/test/auto/TerminationTransition5.xml (RunModel)" time="0.032" />
  <testcase classname="ptolemy.util.test.junit.AutoTests" name="[123] /home/travis/build/icyphy/ptII/ptolemy/domains/modal/test/auto/TerminationTransition6.xml (RunModel)" time="0.023" />
  <testcase classname="ptolemy.util.test.junit.AutoTests" name="[124] /home/travis/build/icyphy/ptII/ptolemy/domains/modal/test/auto/TerminationTransition7.xml (RunModel)" time="0.023" />
  <testcase classname="ptolemy.util.test.junit.AutoTests" name="[125] /home/travis/build/icyphy/ptII/ptolemy/domains/modal/test/auto/TerminationTransition8.xml (RunModel)" time="0.026" />
  <testcase classname="ptolemy.util.test.junit.AutoTests" name="[126] /home/travis/build/icyphy/ptII/ptolemy/domains/modal/test/auto/Thermostat_NoHysteresis.xml (RunModel)" time="0.091" />
  <testcase classname="ptolemy.util.test.junit.AutoTests" name="[127] /home/travis/build/icyphy/ptII/ptolemy/domains/modal/test/auto/TimedFSM.xml (RunModel)" time="0.045" />
  <testcase classname="ptolemy.util.test.junit.AutoTests" name="[128] /home/travis/build/icyphy/ptII/ptolemy/domains/modal/test/auto/Timeout1.xml (RunModel)" time="0.013" />
  <testcase classname="ptolemy.util.test.junit.AutoTests" name="[129] /home/travis/build/icyphy/ptII/ptolemy/domains/modal/test/auto/Timeout2.xml (RunModel)" time="0.023" />
  <testcase classname="ptolemy.util.test.junit.AutoTests" name="[130] /home/travis/build/icyphy/ptII/ptolemy/domains/modal/test/auto/Timeout3.xml (RunModel)" time="0.015" />
  <testcase classname="ptolemy.util.test.junit.AutoTests" name="[131] /home/travis/build/icyphy/ptII/ptolemy/domains/modal/test/auto/Timeout4.xml (RunModel)" time="0.014" />
  <testcase classname="ptolemy.util.test.junit.AutoTests" name="[132] /home/travis/build/icyphy/ptII/ptolemy/domains/modal/test/auto/TransientstateModelAdvanced.xml (RunModel)" time="0.027" />
  <testcase classname="ptolemy.util.test.junit.AutoTests" name="[133] /home/travis/build/icyphy/ptII/ptolemy/domains/modal/test/auto/TransientstateModelAdvanced2.xml (RunModel)" time="0.03" />
  <testcase classname="ptolemy.util.test.junit.AutoTests" name="[134] /home/travis/build/icyphy/ptII/ptolemy/domains/modal/test/auto/TransitionRefinements.xml (RunModel)" time="0.027" />
  <testcase classname="ptolemy.util.test.junit.AutoTests" name="[135] /home/travis/build/icyphy/ptII/ptolemy/domains/modal/test/auto/TwoRefinements1.xml (RunModel)" time="0.024" />
  <testcase classname="ptolemy.util.test.junit.AutoTests" name="[136] /home/travis/build/icyphy/ptII/ptolemy/domains/modal/test/auto/TwoRefinements2.xml (RunModel)" time="0.024" />
  <testcase classname="ptolemy.util.test.junit.AutoTests" name="[137] /home/travis/build/icyphy/ptII/ptolemy/domains/modal/test/auto/WeakImmediateTransition.xml (RunModel)" time="0.032" />
  <testcase classname="ptolemy.util.test.junit.AutoTests" name="[138] /home/travis/build/icyphy/ptII/ptolemy/domains/modal/test/auto/booleanSelect.xml (RunModel)" time="0.088" />
  <testcase classname="ptolemy.util.test.junit.AutoTests" name="[139] /home/travis/build/icyphy/ptII/ptolemy/domains/modal/test/auto/modalChangingParams.xml (RunModel)" time="0.342" />
  <testcase classname="ptolemy.util.test.junit.AutoTests" name="[140] /home/travis/build/icyphy/ptII/ptolemy/domains/modal/test/auto/modalModel.xml (RunModel)" time="0.051" />
  <testcase classname="ptolemy.util.test.junit.AutoTests" name="[141] /home/travis/build/icyphy/ptII/ptolemy/domains/modal/test/auto/modalModel2.xml (RunModel)" time="0.028" />
  <testcase classname="ptolemy.util.test.junit.AutoTests" name="[142] /home/travis/build/icyphy/ptII/ptolemy/domains/modal/test/auto/modalModel3.xml (RunModel)" time="0.042" />
  <testcase classname="ptolemy.util.test.junit.AutoTests" name="[143] /home/travis/build/icyphy/ptII/ptolemy/domains/modal/test/auto/model1.xml (RunModel)" time="0.021" />
  <testcase classname="ptolemy.util.test.junit.AutoTests" name="[144] /home/travis/build/icyphy/ptII/ptolemy/domains/modal/test/auto/test-direct-in-out.xml (RunModel)" time="0.026" />
  <system-out><![CDATA[/home/travis/build/icyphy/ptII/ptolemy/domains/modal/test/SystemLevelType.tcl
testDefs.tcl: setting time out to 9000 seconds at Sat Aug 17 05:25:05 UTC 2019
08/17/19 05:25:08
Failed: 0  Total Tests: 1  ((Passed: 1, Newly Passed: 0)  Known Failed: 0) /home/travis/build/icyphy/ptII/ptolemy/domains/modal/test
----------------- testing (KnownFailure) /home/travis/build/icyphy/ptII/ptolemy/domains/modal/test/auto/knownFailedTests/CannotAnalysisWithPreemption.xml
108 ms. Memory: 120832K Free: 44892K (37%)
Known Failure: java.lang.reflect.InvocationTargetException
No auto/linux-amd64/*.xml tests in /home/travis/build/icyphy/ptII/ptolemy/domains/modal/test
AutoTests.java: About to close Vertx.
AutoTests.java: Vertx closed.

===========================================================================================
----------------- testing Sat Aug 17 05:25:08 UTC 2019 /home/travis/build/icyphy/ptII/ptolemy/domains/modal/test/auto/ABPTest.xml
----------------- Instantiating /home/travis/build/icyphy/ptII/ptolemy/domains/modal/test/auto/ABPTest.xml
304 ms. Memory: 152576K Free: 105307K (69%)
----------------- Invoking toplevel() on ptolemy.moml.MoMLSimpleApplication@6a73a8b3
----------------- Done invoking toplevel() on ptolemy.moml.MoMLSimpleApplication@6a73a8b3
reloadAllAccessors: .ABPTest

===========================================================================================
----------------- testing Sat Aug 17 05:25:09 UTC 2019 /home/travis/build/icyphy/ptII/ptolemy/domains/modal/test/auto/ABROFlat.xml
----------------- Instantiating /home/travis/build/icyphy/ptII/ptolemy/domains/modal/test/auto/ABROFlat.xml
38 ms. Memory: 152576K Free: 89184K (58%)
----------------- Invoking toplevel() on ptolemy.moml.MoMLSimpleApplication@14f0af46
----------------- Done invoking toplevel() on ptolemy.moml.MoMLSimpleApplication@14f0af46
reloadAllAccessors: .ABROFlat

===========================================================================================
----------------- testing Sat Aug 17 05:25:09 UTC 2019 /home/travis/build/icyphy/ptII/ptolemy/domains/modal/test/auto/ABROFlat2.xml
----------------- Instantiating /home/travis/build/icyphy/ptII/ptolemy/domains/modal/test/auto/ABROFlat2.xml
30 ms. Memory: 152576K Free: 72283K (47%)
----------------- Invoking toplevel() on ptolemy.moml.MoMLSimpleApplication@6cf7bbb7
----------------- Done invoking toplevel() on ptolemy.moml.MoMLSimpleApplication@6cf7bbb7
reloadAllAccessors: .ABROFlat2

===========================================================================================
----------------- testing Sat Aug 17 05:25:09 UTC 2019 /home/travis/build/icyphy/ptII/ptolemy/domains/modal/test/auto/ABRO_present_hmm.xml
----------------- Instantiating /home/travis/build/icyphy/ptII/ptolemy/domains/modal/test/auto/ABRO_present_hmm.xml
46 ms. Memory: 152576K Free: 122072K (80%)
----------------- Invoking toplevel() on ptolemy.moml.MoMLSimpleApplication@2f806691
----------------- Done invoking toplevel() on ptolemy.moml.MoMLSimpleApplication@2f806691
reloadAllAccessors: .ABRO_present_hmm

===========================================================================================
----------------- testing Sat Aug 17 05:25:10 UTC 2019 /home/travis/build/icyphy/ptII/ptolemy/domains/modal/test/auto/AMICoderExample.xml
----------------- Instantiating /home/travis/build/icyphy/ptII/ptolemy/domains/modal/test/auto/AMICoderExample.xml
55 ms. Memory: 152576K Free: 111832K (73%)
----------------- Invoking toplevel() on ptolemy.moml.MoMLSimpleApplication@5541cbd4
----------------- Done invoking toplevel() on ptolemy.moml.MoMLSimpleApplication@5541cbd4
reloadAllAccessors: .AMICoderExample

===========================================================================================
----------------- testing Sat Aug 17 05:25:10 UTC 2019 /home/travis/build/icyphy/ptII/ptolemy/domains/modal/test/auto/AbsentToPresent.xml
----------------- Instantiating /home/travis/build/icyphy/ptII/ptolemy/domains/modal/test/auto/AbsentToPresent.xml
15 ms. Memory: 152576K Free: 107207K (70%)
----------------- Invoking toplevel() on ptolemy.moml.MoMLSimpleApplication@2eaad4d8
----------------- Done invoking toplevel() on ptolemy.moml.MoMLSimpleApplication@2eaad4d8
reloadAllAccessors: .AbsentToPresent

===========================================================================================
----------------- testing Sat Aug 17 05:25:10 UTC 2019 /home/travis/build/icyphy/ptII/ptolemy/domains/modal/test/auto/Blending.xml
----------------- Instantiating /home/travis/build/icyphy/ptII/ptolemy/domains/modal/test/auto/Blending.xml
153 ms. Memory: 152576K Free: 62680K (41%)
----------------- Invoking toplevel() on ptolemy.moml.MoMLSimpleApplication@4a0ee89d
----------------- Done invoking toplevel() on ptolemy.moml.MoMLSimpleApplication@4a0ee89d
reloadAllAccessors: .Blending

===========================================================================================
----------------- testing Sat Aug 17 05:25:10 UTC 2019 /home/travis/build/icyphy/ptII/ptolemy/domains/modal/test/auto/Broadcast.xml
----------------- Instantiating /home/travis/build/icyphy/ptII/ptolemy/domains/modal/test/auto/Broadcast.xml
29 ms. Memory: 198656K Free: 179421K (90%)
----------------- Invoking toplevel() on ptolemy.moml.MoMLSimpleApplication@5dfb0e59
----------------- Done invoking toplevel() on ptolemy.moml.MoMLSimpleApplication@5dfb0e59
reloadAllAccessors: .Broadcast

===========================================================================================
----------------- testing Sat Aug 17 05:25:10 UTC 2019 /home/travis/build/icyphy/ptII/ptolemy/domains/modal/test/auto/BroadcastHierarchy.xml
----------------- Instantiating /home/travis/build/icyphy/ptII/ptolemy/domains/modal/test/auto/BroadcastHierarchy.xml
14 ms. Memory: 198656K Free: 165085K (83%)
----------------- Invoking toplevel() on ptolemy.moml.MoMLSimpleApplication@6ebef678
----------------- Done invoking toplevel() on ptolemy.moml.MoMLSimpleApplication@6ebef678
reloadAllAccessors: .BroadcastHierarchy

===========================================================================================
----------------- testing Sat Aug 17 05:25:10 UTC 2019 /home/travis/build/icyphy/ptII/ptolemy/domains/modal/test/auto/BroadcastHierarchy2.xml
----------------- Instantiating /home/travis/build/icyphy/ptII/ptolemy/domains/modal/test/auto/BroadcastHierarchy2.xml
36 ms. Memory: 198656K Free: 137917K (69%)
----------------- Invoking toplevel() on ptolemy.moml.MoMLSimpleApplication@40b3b36c
----------------- Done invoking toplevel() on ptolemy.moml.MoMLSimpleApplication@40b3b36c
reloadAllAccessors: .BroadcastHierarchy2

===========================================================================================
----------------- testing Sat Aug 17 05:25:10 UTC 2019 /home/travis/build/icyphy/ptII/ptolemy/domains/modal/test/auto/BroadcastHierarchy3.xml
----------------- Instantiating /home/travis/build/icyphy/ptII/ptolemy/domains/modal/test/auto/BroadcastHierarchy3.xml
15 ms. Memory: 198656K Free: 117981K (59%)
----------------- Invoking toplevel() on ptolemy.moml.MoMLSimpleApplication@4f76d138
----------------- Done invoking toplevel() on ptolemy.moml.MoMLSimpleApplication@4f76d138
reloadAllAccessors: .BroadcastHierarchy3

===========================================================================================
----------------- testing Sat Aug 17 05:25:10 UTC 2019 /home/travis/build/icyphy/ptII/ptolemy/domains/modal/test/auto/BroadcastHierarchy4.xml
----------------- Instantiating /home/travis/build/icyphy/ptII/ptolemy/domains/modal/test/auto/BroadcastHierarchy4.xml
27 ms. Memory: 198656K Free: 93915K (47%)
----------------- Invoking toplevel() on ptolemy.moml.MoMLSimpleApplication@178f7e38
----------------- Done invoking toplevel() on ptolemy.moml.MoMLSimpleApplication@178f7e38
reloadAllAccessors: .BroadcastHierarchy4

===========================================================================================
----------------- testing Sat Aug 17 05:25:11 UTC 2019 /home/travis/build/icyphy/ptII/ptolemy/domains/modal/test/auto/CannotAnalysisWithPreemption2.xml
----------------- Instantiating /home/travis/build/icyphy/ptII/ptolemy/domains/modal/test/auto/CannotAnalysisWithPreemption2.xml
6 ms. Memory: 198656K Free: 87245K (44%)
----------------- Invoking toplevel() on ptolemy.moml.MoMLSimpleApplication@13c95016
----------------- Done invoking toplevel() on ptolemy.moml.MoMLSimpleApplication@13c95016
reloadAllAccessors: .CannotAnalysisWithPreemption2

===========================================================================================
----------------- testing Sat Aug 17 05:25:11 UTC 2019 /home/travis/build/icyphy/ptII/ptolemy/domains/modal/test/auto/CannotAnalysisWithPreemption3.xml
----------------- Instantiating /home/travis/build/icyphy/ptII/ptolemy/domains/modal/test/auto/CannotAnalysisWithPreemption3.xml
5 ms. Memory: 198656K Free: 174891K (88%)
----------------- Invoking toplevel() on ptolemy.moml.MoMLSimpleApplication@66d08f6b
----------------- Done invoking toplevel() on ptolemy.moml.MoMLSimpleApplication@66d08f6b
reloadAllAccessors: .CannotAnalysisWithPreemption3

===========================================================================================
----------------- testing Sat Aug 17 05:25:11 UTC 2019 /home/travis/build/icyphy/ptII/ptolemy/domains/modal/test/auto/CannotProduce.xml
----------------- Instantiating /home/travis/build/icyphy/ptII/ptolemy/domains/modal/test/auto/CannotProduce.xml
20 ms. Memory: 198656K Free: 168237K (85%)
----------------- Invoking toplevel() on ptolemy.moml.MoMLSimpleApplication@527c51a6
----------------- Done invoking toplevel() on ptolemy.moml.MoMLSimpleApplication@527c51a6
reloadAllAccessors: .CannotProduce

===========================================================================================
----------------- testing Sat Aug 17 05:25:11 UTC 2019 /home/travis/build/icyphy/ptII/ptolemy/domains/modal/test/auto/CannotProduceModal.xml
----------------- Instantiating /home/travis/build/icyphy/ptII/ptolemy/domains/modal/test/auto/CannotProduceModal.xml
11 ms. Memory: 198656K Free: 161573K (81%)
----------------- Invoking toplevel() on ptolemy.moml.MoMLSimpleApplication@492db592
----------------- Done invoking toplevel() on ptolemy.moml.MoMLSimpleApplication@492db592
reloadAllAccessors: .CannotProduceModal

===========================================================================================
----------------- testing Sat Aug 17 05:25:11 UTC 2019 /home/travis/build/icyphy/ptII/ptolemy/domains/modal/test/auto/Case.xml
----------------- Instantiating /home/travis/build/icyphy/ptII/ptolemy/domains/modal/test/auto/Case.xml
31 ms. Memory: 198656K Free: 150315K (76%)
----------------- Invoking toplevel() on ptolemy.moml.MoMLSimpleApplication@243028ae
----------------- Done invoking toplevel() on ptolemy.moml.MoMLSimpleApplication@243028ae
reloadAllAccessors: .Case

===========================================================================================
----------------- testing Sat Aug 17 05:25:11 UTC 2019 /home/travis/build/icyphy/ptII/ptolemy/domains/modal/test/auto/Case1.xml
----------------- Instantiating /home/travis/build/icyphy/ptII/ptolemy/domains/modal/test/auto/Case1.xml
6 ms. Memory: 198656K Free: 143147K (72%)
----------------- Invoking toplevel() on ptolemy.moml.MoMLSimpleApplication@ad9248d
----------------- Done invoking toplevel() on ptolemy.moml.MoMLSimpleApplication@ad9248d
reloadAllAccessors: .Case1

===========================================================================================
----------------- testing Sat Aug 17 05:25:11 UTC 2019 /home/travis/build/icyphy/ptII/ptolemy/domains/modal/test/auto/Case2.xml
----------------- Instantiating /home/travis/build/icyphy/ptII/ptolemy/domains/modal/test/auto/Case2.xml
25 ms. Memory: 198656K Free: 132397K (67%)
----------------- Invoking toplevel() on ptolemy.moml.MoMLSimpleApplication@311dec18
----------------- Done invoking toplevel() on ptolemy.moml.MoMLSimpleApplication@311dec18
reloadAllAccessors: .Case2

===========================================================================================
----------------- testing Sat Aug 17 05:25:11 UTC 2019 /home/travis/build/icyphy/ptII/ptolemy/domains/modal/test/auto/CausalityInterface1.xml
----------------- Instantiating /home/travis/build/icyphy/ptII/ptolemy/domains/modal/test/auto/CausalityInterface1.xml
4 ms. Memory: 198656K Free: 127277K (64%)
----------------- Invoking toplevel() on ptolemy.moml.MoMLSimpleApplication@37305477
----------------- Done invoking toplevel() on ptolemy.moml.MoMLSimpleApplication@37305477
reloadAllAccessors: .CausalityInterface1

===========================================================================================
----------------- testing Sat Aug 17 05:25:11 UTC 2019 /home/travis/build/icyphy/ptII/ptolemy/domains/modal/test/auto/CausalityInterface10.xml
----------------- Instantiating /home/travis/build/icyphy/ptII/ptolemy/domains/modal/test/auto/CausalityInterface10.xml
13 ms. Memory: 198656K Free: 113965K (57%)
----------------- Invoking toplevel() on ptolemy.moml.MoMLSimpleApplication@71a972da
----------------- Done invoking toplevel() on ptolemy.moml.MoMLSimpleApplication@71a972da
reloadAllAccessors: .CausalityInterface10

===========================================================================================
----------------- testing Sat Aug 17 05:25:11 UTC 2019 /home/travis/build/icyphy/ptII/ptolemy/domains/modal/test/auto/CausalityInterface11.xml
----------------- Instantiating /home/travis/build/icyphy/ptII/ptolemy/domains/modal/test/auto/CausalityInterface11.xml
9 ms. Memory: 198656K Free: 100653K (51%)
----------------- Invoking toplevel() on ptolemy.moml.MoMLSimpleApplication@5f7709f9
----------------- Done invoking toplevel() on ptolemy.moml.MoMLSimpleApplication@5f7709f9
reloadAllAccessors: .CausalityInterface11

===========================================================================================
----------------- testing Sat Aug 17 05:25:11 UTC 2019 /home/travis/build/icyphy/ptII/ptolemy/domains/modal/test/auto/CausalityInterface12.xml
----------------- Instantiating /home/travis/build/icyphy/ptII/ptolemy/domains/modal/test/auto/CausalityInterface12.xml
8 ms. Memory: 198656K Free: 87341K (44%)
----------------- Invoking toplevel() on ptolemy.moml.MoMLSimpleApplication@55d08c35
----------------- Done invoking toplevel() on ptolemy.moml.MoMLSimpleApplication@55d08c35
reloadAllAccessors: .CausalityInterface12

===========================================================================================
----------------- testing Sat Aug 17 05:25:11 UTC 2019 /home/travis/build/icyphy/ptII/ptolemy/domains/modal/test/auto/CausalityInterface13.xml
----------------- Instantiating /home/travis/build/icyphy/ptII/ptolemy/domains/modal/test/auto/CausalityInterface13.xml
18 ms. Memory: 198656K Free: 74029K (37%)
----------------- Invoking toplevel() on ptolemy.moml.MoMLSimpleApplication@2f7ee917
----------------- Done invoking toplevel() on ptolemy.moml.MoMLSimpleApplication@2f7ee917
reloadAllAccessors: .CausalityInterface13

===========================================================================================
----------------- testing Sat Aug 17 05:25:11 UTC 2019 /home/travis/build/icyphy/ptII/ptolemy/domains/modal/test/auto/CausalityInterface14.xml
----------------- Instantiating /home/travis/build/icyphy/ptII/ptolemy/domains/modal/test/auto/CausalityInterface14.xml
8 ms. Memory: 198656K Free: 170198K (86%)
----------------- Invoking toplevel() on ptolemy.moml.MoMLSimpleApplication@1d2b010
----------------- Done invoking toplevel() on ptolemy.moml.MoMLSimpleApplication@1d2b010
reloadAllAccessors: .CausalityInterface14

===========================================================================================
----------------- testing Sat Aug 17 05:25:11 UTC 2019 /home/travis/build/icyphy/ptII/ptolemy/domains/modal/test/auto/CausalityInterface2.xml
----------------- Instantiating /home/travis/build/icyphy/ptII/ptolemy/domains/modal/test/auto/CausalityInterface2.xml
4 ms. Memory: 198656K Free: 163528K (82%)
----------------- Invoking toplevel() on ptolemy.moml.MoMLSimpleApplication@58ddcb69
----------------- Done invoking toplevel() on ptolemy.moml.MoMLSimpleApplication@58ddcb69
reloadAllAccessors: .CausalityInterface2

===========================================================================================
----------------- testing Sat Aug 17 05:25:11 UTC 2019 /home/travis/build/icyphy/ptII/ptolemy/domains/modal/test/auto/CausalityInterface3.xml
----------------- Instantiating /home/travis/build/icyphy/ptII/ptolemy/domains/modal/test/auto/CausalityInterface3.xml
5 ms. Memory: 198656K Free: 157368K (79%)
----------------- Invoking toplevel() on ptolemy.moml.MoMLSimpleApplication@25fb5a3c
----------------- Done invoking toplevel() on ptolemy.moml.MoMLSimpleApplication@25fb5a3c
reloadAllAccessors: .CausalityInterface3

===========================================================================================
----------------- testing Sat Aug 17 05:25:11 UTC 2019 /home/travis/build/icyphy/ptII/ptolemy/domains/modal/test/auto/CausalityInterface4.xml
----------------- Instantiating /home/travis/build/icyphy/ptII/ptolemy/domains/modal/test/auto/CausalityInterface4.xml
4 ms. Memory: 198656K Free: 151248K (76%)
----------------- Invoking toplevel() on ptolemy.moml.MoMLSimpleApplication@5983ebc6
----------------- Done invoking toplevel() on ptolemy.moml.MoMLSimpleApplication@5983ebc6
reloadAllAccessors: .CausalityInterface4

===========================================================================================
----------------- testing Sat Aug 17 05:25:11 UTC 2019 /home/travis/build/icyphy/ptII/ptolemy/domains/modal/test/auto/CausalityInterface5.xml
----------------- Instantiating /home/travis/build/icyphy/ptII/ptolemy/domains/modal/test/auto/CausalityInterface5.xml
7 ms. Memory: 198656K Free: 143048K (72%)
----------------- Invoking toplevel() on ptolemy.moml.MoMLSimpleApplication@394ed6c3
----------------- Done invoking toplevel() on ptolemy.moml.MoMLSimpleApplication@394ed6c3
reloadAllAccessors: .CausalityInterface5

===========================================================================================
----------------- testing Sat Aug 17 05:25:11 UTC 2019 /home/travis/build/icyphy/ptII/ptolemy/domains/modal/test/auto/CausalityInterface6.xml
----------------- Instantiating /home/travis/build/icyphy/ptII/ptolemy/domains/modal/test/auto/CausalityInterface6.xml
5 ms. Memory: 198656K Free: 134856K (68%)
----------------- Invoking toplevel() on ptolemy.moml.MoMLSimpleApplication@3eec514e
----------------- Done invoking toplevel() on ptolemy.moml.MoMLSimpleApplication@3eec514e
reloadAllAccessors: .CausalityInterface6

===========================================================================================
----------------- testing Sat Aug 17 05:25:11 UTC 2019 /home/travis/build/icyphy/ptII/ptolemy/domains/modal/test/auto/CausalityInterface7.xml
----------------- Instantiating /home/travis/build/icyphy/ptII/ptolemy/domains/modal/test/auto/CausalityInterface7.xml
7 ms. Memory: 198656K Free: 126678K (64%)
----------------- Invoking toplevel() on ptolemy.moml.MoMLSimpleApplication@47578a3f
----------------- Done invoking toplevel() on ptolemy.moml.MoMLSimpleApplication@47578a3f
reloadAllAccessors: .CausalityInterface7

===========================================================================================
----------------- testing Sat Aug 17 05:25:12 UTC 2019 /home/travis/build/icyphy/ptII/ptolemy/domains/modal/test/auto/CausalityInterface8.xml
----------------- Instantiating /home/travis/build/icyphy/ptII/ptolemy/domains/modal/test/auto/CausalityInterface8.xml
5 ms. Memory: 198656K Free: 117976K (59%)
----------------- Invoking toplevel() on ptolemy.moml.MoMLSimpleApplication@2e76b355
----------------- Done invoking toplevel() on ptolemy.moml.MoMLSimpleApplication@2e76b355
reloadAllAccessors: .CausalityInterface8

===========================================================================================
----------------- testing Sat Aug 17 05:25:12 UTC 2019 /home/travis/build/icyphy/ptII/ptolemy/domains/modal/test/auto/CausalityInterface9.xml
----------------- Instantiating /home/travis/build/icyphy/ptII/ptolemy/domains/modal/test/auto/CausalityInterface9.xml
7 ms. Memory: 198656K Free: 108760K (55%)
----------------- Invoking toplevel() on ptolemy.moml.MoMLSimpleApplication@1d21e039
----------------- Done invoking toplevel() on ptolemy.moml.MoMLSimpleApplication@1d21e039
reloadAllAccessors: .CausalityInterface9

===========================================================================================
----------------- testing Sat Aug 17 05:25:12 UTC 2019 /home/travis/build/icyphy/ptII/ptolemy/domains/modal/test/auto/ChainedTransitions.xml
----------------- Instantiating /home/travis/build/icyphy/ptII/ptolemy/domains/modal/test/auto/ChainedTransitions.xml
104 ms. Memory: 198656K Free: 84184K (42%)
----------------- Invoking toplevel() on ptolemy.moml.MoMLSimpleApplication@53512b00
----------------- Done invoking toplevel() on ptolemy.moml.MoMLSimpleApplication@53512b00
reloadAllAccessors: .ChainedTransitions

===========================================================================================
----------------- testing Sat Aug 17 05:25:12 UTC 2019 /home/travis/build/icyphy/ptII/ptolemy/domains/modal/test/auto/CycleOfImmediateTransitionsFSM.xml
----------------- Instantiating /home/travis/build/icyphy/ptII/ptolemy/domains/modal/test/auto/CycleOfImmediateTransitionsFSM.xml
6 ms. Memory: 198656K Free: 78550K (40%)
----------------- Invoking toplevel() on ptolemy.moml.MoMLSimpleApplication@60683fb9
----------------- Done invoking toplevel() on ptolemy.moml.MoMLSimpleApplication@60683fb9
reloadAllAccessors: .CycleOfImmediateTransitionsFSM

===========================================================================================
----------------- testing Sat Aug 17 05:25:12 UTC 2019 /home/travis/build/icyphy/ptII/ptolemy/domains/modal/test/auto/CycleOfImmediateTransitionsModal.xml
----------------- Instantiating /home/travis/build/icyphy/ptII/ptolemy/domains/modal/test/auto/CycleOfImmediateTransitionsModal.xml
5 ms. Memory: 198656K Free: 72406K (36%)
----------------- Invoking toplevel() on ptolemy.moml.MoMLSimpleApplication@60cf8d9d
----------------- Done invoking toplevel() on ptolemy.moml.MoMLSimpleApplication@60cf8d9d
reloadAllAccessors: .CycleOfImmediateTransitionsModal

===========================================================================================
----------------- testing Sat Aug 17 05:25:12 UTC 2019 /home/travis/build/icyphy/ptII/ptolemy/domains/modal/test/auto/CycleOfImmediateTransitionsModal2.xml
----------------- Instantiating /home/travis/build/icyphy/ptII/ptolemy/domains/modal/test/auto/CycleOfImmediateTransitionsModal2.xml
18 ms. Memory: 198656K Free: 179989K (91%)
----------------- Invoking toplevel() on ptolemy.moml.MoMLSimpleApplication@1d7bb10c
----------------- Done invoking toplevel() on ptolemy.moml.MoMLSimpleApplication@1d7bb10c
reloadAllAccessors: .CycleOfImmediateTransitionsModal2

===========================================================================================
----------------- testing Sat Aug 17 05:25:12 UTC 2019 /home/travis/build/icyphy/ptII/ptolemy/domains/modal/test/auto/CycleOfImmediateTransitionsModal3.xml
----------------- Instantiating /home/travis/build/icyphy/ptII/ptolemy/domains/modal/test/auto/CycleOfImmediateTransitionsModal3.xml
12 ms. Memory: 198656K Free: 157447K (79%)
----------------- Invoking toplevel() on ptolemy.moml.MoMLSimpleApplication@10718fa6
----------------- Done invoking toplevel() on ptolemy.moml.MoMLSimpleApplication@10718fa6
reloadAllAccessors: .CycleOfImmediateTransitionsModal3

===========================================================================================
----------------- testing Sat Aug 17 05:25:12 UTC 2019 /home/travis/build/icyphy/ptII/ptolemy/domains/modal/test/auto/DeepModal1.xml
----------------- Instantiating /home/travis/build/icyphy/ptII/ptolemy/domains/modal/test/auto/DeepModal1.xml
35 ms. Memory: 198656K Free: 143639K (72%)
----------------- Invoking toplevel() on ptolemy.moml.MoMLSimpleApplication@105244e9
----------------- Done invoking toplevel() on ptolemy.moml.MoMLSimpleApplication@105244e9
reloadAllAccessors: .DeepModal1

===========================================================================================
----------------- testing Sat Aug 17 05:25:12 UTC 2019 /home/travis/build/icyphy/ptII/ptolemy/domains/modal/test/auto/DeepModal2.xml
----------------- Instantiating /home/travis/build/icyphy/ptII/ptolemy/domains/modal/test/auto/DeepModal2.xml
31 ms. Memory: 198656K Free: 125207K (63%)
----------------- Invoking toplevel() on ptolemy.moml.MoMLSimpleApplication@28579fa1
----------------- Done invoking toplevel() on ptolemy.moml.MoMLSimpleApplication@28579fa1
reloadAllAccessors: .DeepModal2

===========================================================================================
----------------- testing Sat Aug 17 05:25:12 UTC 2019 /home/travis/build/icyphy/ptII/ptolemy/domains/modal/test/auto/DeepModal3.xml
----------------- Instantiating /home/travis/build/icyphy/ptII/ptolemy/domains/modal/test/auto/DeepModal3.xml
31 ms. Memory: 198656K Free: 105751K (53%)
----------------- Invoking toplevel() on ptolemy.moml.MoMLSimpleApplication@2740b89d
----------------- Done invoking toplevel() on ptolemy.moml.MoMLSimpleApplication@2740b89d
reloadAllAccessors: .DeepModal3

===========================================================================================
----------------- testing Sat Aug 17 05:25:12 UTC 2019 /home/travis/build/icyphy/ptII/ptolemy/domains/modal/test/auto/DeepModal4.xml
----------------- Instantiating /home/travis/build/icyphy/ptII/ptolemy/domains/modal/test/auto/DeepModal4.xml
37 ms. Memory: 198656K Free: 86295K (43%)
----------------- Invoking toplevel() on ptolemy.moml.MoMLSimpleApplication@53241242
----------------- Done invoking toplevel() on ptolemy.moml.MoMLSimpleApplication@53241242
reloadAllAccessors: .DeepModal4

===========================================================================================
----------------- testing Sat Aug 17 05:25:12 UTC 2019 /home/travis/build/icyphy/ptII/ptolemy/domains/modal/test/auto/Default1.xml
----------------- Instantiating /home/travis/build/icyphy/ptII/ptolemy/domains/modal/test/auto/Default1.xml
3 ms. Memory: 198656K Free: 80151K (40%)
----------------- Invoking toplevel() on ptolemy.moml.MoMLSimpleApplication@5b30fe9e
----------------- Done invoking toplevel() on ptolemy.moml.MoMLSimpleApplication@5b30fe9e
reloadAllAccessors: .Default1

===========================================================================================
----------------- testing Sat Aug 17 05:25:12 UTC 2019 /home/travis/build/icyphy/ptII/ptolemy/domains/modal/test/auto/Default2.xml
----------------- Instantiating /home/travis/build/icyphy/ptII/ptolemy/domains/modal/test/auto/Default2.xml
8 ms. Memory: 198656K Free: 74517K (38%)
----------------- Invoking toplevel() on ptolemy.moml.MoMLSimpleApplication@6c449593
----------------- Done invoking toplevel() on ptolemy.moml.MoMLSimpleApplication@6c449593
reloadAllAccessors: .Default2

===========================================================================================
----------------- testing Sat Aug 17 05:25:12 UTC 2019 /home/travis/build/icyphy/ptII/ptolemy/domains/modal/test/auto/Default3.xml
----------------- Instantiating /home/travis/build/icyphy/ptII/ptolemy/domains/modal/test/auto/Default3.xml
3 ms. Memory: 198656K Free: 68373K (34%)
----------------- Invoking toplevel() on ptolemy.moml.MoMLSimpleApplication@6f55cffc
----------------- Done invoking toplevel() on ptolemy.moml.MoMLSimpleApplication@6f55cffc
reloadAllAccessors: .Default3

===========================================================================================
----------------- testing Sat Aug 17 05:25:12 UTC 2019 /home/travis/build/icyphy/ptII/ptolemy/domains/modal/test/auto/Default4.xml
----------------- Instantiating /home/travis/build/icyphy/ptII/ptolemy/domains/modal/test/auto/Default4.xml
4 ms. Memory: 239616K Free: 216867K (91%)
----------------- Invoking toplevel() on ptolemy.moml.MoMLSimpleApplication@1a067ebc
----------------- Done invoking toplevel() on ptolemy.moml.MoMLSimpleApplication@1a067ebc
reloadAllAccessors: .Default4

===========================================================================================
----------------- testing Sat Aug 17 05:25:12 UTC 2019 /home/travis/build/icyphy/ptII/ptolemy/domains/modal/test/auto/Default5.xml
----------------- Instantiating /home/travis/build/icyphy/ptII/ptolemy/domains/modal/test/auto/Default5.xml
10 ms. Memory: 239616K Free: 208675K (87%)
----------------- Invoking toplevel() on ptolemy.moml.MoMLSimpleApplication@611a0177
----------------- Done invoking toplevel() on ptolemy.moml.MoMLSimpleApplication@611a0177
reloadAllAccessors: .Default5

===========================================================================================
----------------- testing Sat Aug 17 05:25:12 UTC 2019 /home/travis/build/icyphy/ptII/ptolemy/domains/modal/test/auto/EmptyGuard.xml
----------------- Instantiating /home/travis/build/icyphy/ptII/ptolemy/domains/modal/test/auto/EmptyGuard.xml
16 ms. Memory: 239616K Free: 200997K (84%)
----------------- Invoking toplevel() on ptolemy.moml.MoMLSimpleApplication@65a34ccd
----------------- Done invoking toplevel() on ptolemy.moml.MoMLSimpleApplication@65a34ccd
reloadAllAccessors: .EmptyGuard

===========================================================================================
----------------- testing Sat Aug 17 05:25:12 UTC 2019 /home/travis/build/icyphy/ptII/ptolemy/domains/modal/test/auto/ErrorTransition1.xml
----------------- Instantiating /home/travis/build/icyphy/ptII/ptolemy/domains/modal/test/auto/ErrorTransition1.xml
7 ms. Memory: 239616K Free: 192291K (80%)
----------------- Invoking toplevel() on ptolemy.moml.MoMLSimpleApplication@51e5ade8
----------------- Done invoking toplevel() on ptolemy.moml.MoMLSimpleApplication@51e5ade8
reloadAllAccessors: .ErrorTransition1

===========================================================================================
----------------- testing Sat Aug 17 05:25:13 UTC 2019 /home/travis/build/icyphy/ptII/ptolemy/domains/modal/test/auto/ErrorTransition10.xml
----------------- Instantiating /home/travis/build/icyphy/ptII/ptolemy/domains/modal/test/auto/ErrorTransition10.xml
18 ms. Memory: 239616K Free: 178469K (74%)
----------------- Invoking toplevel() on ptolemy.moml.MoMLSimpleApplication@5afd9b7d
----------------- Done invoking toplevel() on ptolemy.moml.MoMLSimpleApplication@5afd9b7d
reloadAllAccessors: .ErrorTransition10

===========================================================================================
----------------- testing Sat Aug 17 05:25:13 UTC 2019 /home/travis/build/icyphy/ptII/ptolemy/domains/modal/test/auto/ErrorTransition11.xml
----------------- Instantiating /home/travis/build/icyphy/ptII/ptolemy/domains/modal/test/auto/ErrorTransition11.xml
4 ms. Memory: 239616K Free: 167205K (70%)
----------------- Invoking toplevel() on ptolemy.moml.MoMLSimpleApplication@52c9fcbc
----------------- Done invoking toplevel() on ptolemy.moml.MoMLSimpleApplication@52c9fcbc
reloadAllAccessors: .ErrorTransition11

===========================================================================================
----------------- testing Sat Aug 17 05:25:13 UTC 2019 /home/travis/build/icyphy/ptII/ptolemy/domains/modal/test/auto/ErrorTransition2.xml
----------------- Instantiating /home/travis/build/icyphy/ptII/ptolemy/domains/modal/test/auto/ErrorTransition2.xml
6 ms. Memory: 239616K Free: 158499K (66%)
----------------- Invoking toplevel() on ptolemy.moml.MoMLSimpleApplication@74031d2f
----------------- Done invoking toplevel() on ptolemy.moml.MoMLSimpleApplication@74031d2f
reloadAllAccessors: .ErrorTransition2

===========================================================================================
----------------- testing Sat Aug 17 05:25:13 UTC 2019 /home/travis/build/icyphy/ptII/ptolemy/domains/modal/test/auto/ErrorTransition3.xml
----------------- Instantiating /home/travis/build/icyphy/ptII/ptolemy/domains/modal/test/auto/ErrorTransition3.xml
15 ms. Memory: 239616K Free: 148773K (62%)
----------------- Invoking toplevel() on ptolemy.moml.MoMLSimpleApplication@219579ca
----------------- Done invoking toplevel() on ptolemy.moml.MoMLSimpleApplication@219579ca
reloadAllAccessors: .ErrorTransition3

===========================================================================================
----------------- testing Sat Aug 17 05:25:13 UTC 2019 /home/travis/build/icyphy/ptII/ptolemy/domains/modal/test/auto/ErrorTransition4.xml
----------------- Instantiating /home/travis/build/icyphy/ptII/ptolemy/domains/modal/test/auto/ErrorTransition4.xml
11 ms. Memory: 239616K Free: 137509K (57%)
----------------- Invoking toplevel() on ptolemy.moml.MoMLSimpleApplication@6508b35d
----------------- Done invoking toplevel() on ptolemy.moml.MoMLSimpleApplication@6508b35d
reloadAllAccessors: .ErrorTransition4

===========================================================================================
----------------- testing Sat Aug 17 05:25:13 UTC 2019 /home/travis/build/icyphy/ptII/ptolemy/domains/modal/test/auto/ErrorTransition5.xml
----------------- Instantiating /home/travis/build/icyphy/ptII/ptolemy/domains/modal/test/auto/ErrorTransition5.xml
9 ms. Memory: 239616K Free: 127779K (53%)
----------------- Invoking toplevel() on ptolemy.moml.MoMLSimpleApplication@4e5c93d
----------------- Done invoking toplevel() on ptolemy.moml.MoMLSimpleApplication@4e5c93d
reloadAllAccessors: .ErrorTransition5

===========================================================================================
----------------- testing Sat Aug 17 05:25:13 UTC 2019 /home/travis/build/icyphy/ptII/ptolemy/domains/modal/test/auto/ErrorTransition6.xml
----------------- Instantiating /home/travis/build/icyphy/ptII/ptolemy/domains/modal/test/auto/ErrorTransition6.xml
11 ms. Memory: 239616K Free: 117029K (49%)
----------------- Invoking toplevel() on ptolemy.moml.MoMLSimpleApplication@d479b7a
----------------- Done invoking toplevel() on ptolemy.moml.MoMLSimpleApplication@d479b7a
reloadAllAccessors: .ErrorTransition6

===========================================================================================
----------------- testing Sat Aug 17 05:25:13 UTC 2019 /home/travis/build/icyphy/ptII/ptolemy/domains/modal/test/auto/ErrorTransition7.xml
----------------- Instantiating /home/travis/build/icyphy/ptII/ptolemy/domains/modal/test/auto/ErrorTransition7.xml
13 ms. Memory: 239616K Free: 104221K (43%)
----------------- Invoking toplevel() on ptolemy.moml.MoMLSimpleApplication@62fb3264
----------------- Done invoking toplevel() on ptolemy.moml.MoMLSimpleApplication@62fb3264
reloadAllAccessors: .ErrorTransition7

===========================================================================================
----------------- testing Sat Aug 17 05:25:13 UTC 2019 /home/travis/build/icyphy/ptII/ptolemy/domains/modal/test/auto/ErrorTransition8.xml
----------------- Instantiating /home/travis/build/icyphy/ptII/ptolemy/domains/modal/test/auto/ErrorTransition8.xml
29 ms. Memory: 239616K Free: 91429K (38%)
----------------- Invoking toplevel() on ptolemy.moml.MoMLSimpleApplication@73df6056
----------------- Done invoking toplevel() on ptolemy.moml.MoMLSimpleApplication@73df6056
reloadAllAccessors: .ErrorTransition8

===========================================================================================
----------------- testing Sat Aug 17 05:25:13 UTC 2019 /home/travis/build/icyphy/ptII/ptolemy/domains/modal/test/auto/ErrorTransition9.xml
----------------- Instantiating /home/travis/build/icyphy/ptII/ptolemy/domains/modal/test/auto/ErrorTransition9.xml
23 ms. Memory: 239616K Free: 212182K (89%)
----------------- Invoking toplevel() on ptolemy.moml.MoMLSimpleApplication@484c8678
----------------- Done invoking toplevel() on ptolemy.moml.MoMLSimpleApplication@484c8678
reloadAllAccessors: .ErrorTransition9

===========================================================================================
----------------- testing Sat Aug 17 05:25:13 UTC 2019 /home/travis/build/icyphy/ptII/ptolemy/domains/modal/test/auto/ExtendedFSM.xml
----------------- Instantiating /home/travis/build/icyphy/ptII/ptolemy/domains/modal/test/auto/ExtendedFSM.xml
8 ms. Memory: 239616K Free: 204008K (85%)
----------------- Invoking toplevel() on ptolemy.moml.MoMLSimpleApplication@51ddf2ef
----------------- Done invoking toplevel() on ptolemy.moml.MoMLSimpleApplication@51ddf2ef
reloadAllAccessors: .ExtendedFSM

===========================================================================================
----------------- testing Sat Aug 17 05:25:13 UTC 2019 /home/travis/build/icyphy/ptII/ptolemy/domains/modal/test/auto/FinalStates.xml
----------------- Instantiating /home/travis/build/icyphy/ptII/ptolemy/domains/modal/test/auto/FinalStates.xml
6 ms. Memory: 239616K Free: 195816K (82%)
----------------- Invoking toplevel() on ptolemy.moml.MoMLSimpleApplication@5f0f9745
----------------- Done invoking toplevel() on ptolemy.moml.MoMLSimpleApplication@5f0f9745
reloadAllAccessors: .FinalStates

===========================================================================================
----------------- testing Sat Aug 17 05:25:13 UTC 2019 /home/travis/build/icyphy/ptII/ptolemy/domains/modal/test/auto/FixedPointFSM.xml
----------------- Instantiating /home/travis/build/icyphy/ptII/ptolemy/domains/modal/test/auto/FixedPointFSM.xml
28 ms. Memory: 239616K Free: 180984K (76%)
----------------- Invoking toplevel() on ptolemy.moml.MoMLSimpleApplication@4171720c
----------------- Done invoking toplevel() on ptolemy.moml.MoMLSimpleApplication@4171720c
reloadAllAccessors: .FixedPointFSM

===========================================================================================
----------------- testing Sat Aug 17 05:25:13 UTC 2019 /home/travis/build/icyphy/ptII/ptolemy/domains/modal/test/auto/FixedPointIterationFSMActor.xml
----------------- Instantiating /home/travis/build/icyphy/ptII/ptolemy/domains/modal/test/auto/FixedPointIterationFSMActor.xml
7 ms. Memory: 239616K Free: 170744K (71%)
----------------- Invoking toplevel() on ptolemy.moml.MoMLSimpleApplication@1e71b873
----------------- Done invoking toplevel() on ptolemy.moml.MoMLSimpleApplication@1e71b873
reloadAllAccessors: .FixedPointIterationFSMActor

===========================================================================================
----------------- testing Sat Aug 17 05:25:13 UTC 2019 /home/travis/build/icyphy/ptII/ptolemy/domains/modal/test/auto/FixedPointIterationFSMActor2.xml
----------------- Instantiating /home/travis/build/icyphy/ptII/ptolemy/domains/modal/test/auto/FixedPointIterationFSMActor2.xml
14 ms. Memory: 239616K Free: 158960K (66%)
----------------- Invoking toplevel() on ptolemy.moml.MoMLSimpleApplication@69684fe3
----------------- Done invoking toplevel() on ptolemy.moml.MoMLSimpleApplication@69684fe3
reloadAllAccessors: .FixedPointIterationFSMActor2

===========================================================================================
----------------- testing Sat Aug 17 05:25:13 UTC 2019 /home/travis/build/icyphy/ptII/ptolemy/domains/modal/test/auto/ForbiddenInstantanousLoop.xml
----------------- Instantiating /home/travis/build/icyphy/ptII/ptolemy/domains/modal/test/auto/ForbiddenInstantanousLoop.xml
7 ms. Memory: 239616K Free: 146672K (61%)
----------------- Invoking toplevel() on ptolemy.moml.MoMLSimpleApplication@4f9eacb9
----------------- Done invoking toplevel() on ptolemy.moml.MoMLSimpleApplication@4f9eacb9
reloadAllAccessors: .ForbiddenInstantanousLoop

===========================================================================================
----------------- testing Sat Aug 17 05:25:13 UTC 2019 /home/travis/build/icyphy/ptII/ptolemy/domains/modal/test/auto/FunctionDependencyOfFSMActorTest.xml
----------------- Instantiating /home/travis/build/icyphy/ptII/ptolemy/domains/modal/test/auto/FunctionDependencyOfFSMActorTest.xml
15 ms. Memory: 239616K Free: 139496K (58%)
----------------- Invoking toplevel() on ptolemy.moml.MoMLSimpleApplication@6b032fa7
----------------- Done invoking toplevel() on ptolemy.moml.MoMLSimpleApplication@6b032fa7
reloadAllAccessors: .FunctionDependencyOfFSMActorTest

===========================================================================================
----------------- testing Sat Aug 17 05:25:13 UTC 2019 /home/travis/build/icyphy/ptII/ptolemy/domains/modal/test/auto/GuardExpression.xml
----------------- Instantiating /home/travis/build/icyphy/ptII/ptolemy/domains/modal/test/auto/GuardExpression.xml
2 ms. Memory: 239616K Free: 134390K (56%)
----------------- Invoking toplevel() on ptolemy.moml.MoMLSimpleApplication@4a0f7aed
----------------- Done invoking toplevel() on ptolemy.moml.MoMLSimpleApplication@4a0f7aed
reloadAllAccessors: .GuardExpression

===========================================================================================
----------------- testing Sat Aug 17 05:25:13 UTC 2019 /home/travis/build/icyphy/ptII/ptolemy/domains/modal/test/auto/GuardNotEvaluated.xml
----------------- Instantiating /home/travis/build/icyphy/ptII/ptolemy/domains/modal/test/auto/GuardNotEvaluated.xml
9 ms. Memory: 239616K Free: 125688K (52%)
----------------- Invoking toplevel() on ptolemy.moml.MoMLSimpleApplication@16ca9f21
----------------- Done invoking toplevel() on ptolemy.moml.MoMLSimpleApplication@16ca9f21
reloadAllAccessors: .GuardNotEvaluated

===========================================================================================
----------------- testing Sat Aug 17 05:25:13 UTC 2019 /home/travis/build/icyphy/ptII/ptolemy/domains/modal/test/auto/GuardNotEvaluated2.xml
----------------- Instantiating /home/travis/build/icyphy/ptII/ptolemy/domains/modal/test/auto/GuardNotEvaluated2.xml
7 ms. Memory: 239616K Free: 115958K (48%)
----------------- Invoking toplevel() on ptolemy.moml.MoMLSimpleApplication@122b8126
----------------- Done invoking toplevel() on ptolemy.moml.MoMLSimpleApplication@122b8126
reloadAllAccessors: .GuardNotEvaluated2

===========================================================================================
----------------- testing Sat Aug 17 05:25:13 UTC 2019 /home/travis/build/icyphy/ptII/ptolemy/domains/modal/test/auto/GuardOnAbsent.xml
----------------- Instantiating /home/travis/build/icyphy/ptII/ptolemy/domains/modal/test/auto/GuardOnAbsent.xml
9 ms. Memory: 239616K Free: 108280K (45%)
----------------- Invoking toplevel() on ptolemy.moml.MoMLSimpleApplication@74a7f140
----------------- Done invoking toplevel() on ptolemy.moml.MoMLSimpleApplication@74a7f140
reloadAllAccessors: .GuardOnAbsent

===========================================================================================
----------------- testing Sat Aug 17 05:25:13 UTC 2019 /home/travis/build/icyphy/ptII/ptolemy/domains/modal/test/auto/HierarchicalFSMTypeInference.xml
----------------- Instantiating /home/travis/build/icyphy/ptII/ptolemy/domains/modal/test/auto/HierarchicalFSMTypeInference.xml
5 ms. Memory: 239616K Free: 98040K (41%)
----------------- Invoking toplevel() on ptolemy.moml.MoMLSimpleApplication@22eb058
----------------- Done invoking toplevel() on ptolemy.moml.MoMLSimpleApplication@22eb058
reloadAllAccessors: .HierarchicalFSMTypeInference

===========================================================================================
----------------- testing Sat Aug 17 05:25:13 UTC 2019 /home/travis/build/icyphy/ptII/ptolemy/domains/modal/test/auto/Hysteresis.xml
----------------- Instantiating /home/travis/build/icyphy/ptII/ptolemy/domains/modal/test/auto/Hysteresis.xml
13 ms. Memory: 239616K Free: 84728K (35%)
----------------- Invoking toplevel() on ptolemy.moml.MoMLSimpleApplication@69e8a3b6
----------------- Done invoking toplevel() on ptolemy.moml.MoMLSimpleApplication@69e8a3b6
reloadAllAccessors: .Hysteresis

===========================================================================================
----------------- testing Sat Aug 17 05:25:13 UTC 2019 /home/travis/build/icyphy/ptII/ptolemy/domains/modal/test/auto/HysteresisWithDefault.xml
----------------- Instantiating /home/travis/build/icyphy/ptII/ptolemy/domains/modal/test/auto/HysteresisWithDefault.xml
37 ms. Memory: 239616K Free: 198855K (83%)
----------------- Invoking toplevel() on ptolemy.moml.MoMLSimpleApplication@b51ea35
----------------- Done invoking toplevel() on ptolemy.moml.MoMLSimpleApplication@b51ea35
reloadAllAccessors: .HysteresisWithDefault

===========================================================================================
----------------- testing Sat Aug 17 05:25:14 UTC 2019 /home/travis/build/icyphy/ptII/ptolemy/domains/modal/test/auto/HysteresisWithDefault2.xml
----------------- Instantiating /home/travis/build/icyphy/ptII/ptolemy/domains/modal/test/auto/HysteresisWithDefault2.xml
47 ms. Memory: 239616K Free: 169686K (71%)
----------------- Invoking toplevel() on ptolemy.moml.MoMLSimpleApplication@6084912e
----------------- Done invoking toplevel() on ptolemy.moml.MoMLSimpleApplication@6084912e
reloadAllAccessors: .HysteresisWithDefault2

===========================================================================================
----------------- testing Sat Aug 17 05:25:14 UTC 2019 /home/travis/build/icyphy/ptII/ptolemy/domains/modal/test/auto/ImmediateNonConstructiveness.xml
----------------- Instantiating /home/travis/build/icyphy/ptII/ptolemy/domains/modal/test/auto/ImmediateNonConstructiveness.xml
4 ms. Memory: 239616K Free: 162520K (68%)
----------------- Invoking toplevel() on ptolemy.moml.MoMLSimpleApplication@608d7db7
----------------- Done invoking toplevel() on ptolemy.moml.MoMLSimpleApplication@608d7db7
reloadAllAccessors: .ImmediateNonConstructiveness

===========================================================================================
----------------- testing Sat Aug 17 05:25:14 UTC 2019 /home/travis/build/icyphy/ptII/ptolemy/domains/modal/test/auto/ImmediateNonConstructiveness2.xml
----------------- Instantiating /home/travis/build/icyphy/ptII/ptolemy/domains/modal/test/auto/ImmediateNonConstructiveness2.xml
3 ms. Memory: 239616K Free: 155862K (65%)
----------------- Invoking toplevel() on ptolemy.moml.MoMLSimpleApplication@4361b447
----------------- Done invoking toplevel() on ptolemy.moml.MoMLSimpleApplication@4361b447
reloadAllAccessors: .ImmediateNonConstructiveness2

===========================================================================================
----------------- testing Sat Aug 17 05:25:14 UTC 2019 /home/travis/build/icyphy/ptII/ptolemy/domains/modal/test/auto/ImmediateTransitionReset.xml
----------------- Instantiating /home/travis/build/icyphy/ptII/ptolemy/domains/modal/test/auto/ImmediateTransitionReset.xml
8 ms. Memory: 239616K Free: 144088K (60%)
----------------- Invoking toplevel() on ptolemy.moml.MoMLSimpleApplication@51d99670
----------------- Done invoking toplevel() on ptolemy.moml.MoMLSimpleApplication@51d99670
reloadAllAccessors: .ImmediateTransitionReset

===========================================================================================
----------------- testing Sat Aug 17 05:25:14 UTC 2019 /home/travis/build/icyphy/ptII/ptolemy/domains/modal/test/auto/ImmediateTransitions1.xml
----------------- Instantiating /home/travis/build/icyphy/ptII/ptolemy/domains/modal/test/auto/ImmediateTransitions1.xml
2 ms. Memory: 239616K Free: 138968K (58%)
----------------- Invoking toplevel() on ptolemy.moml.MoMLSimpleApplication@3228eaf8
----------------- Done invoking toplevel() on ptolemy.moml.MoMLSimpleApplication@3228eaf8
reloadAllAccessors: .ImmediateTransitions1

===========================================================================================
----------------- testing Sat Aug 17 05:25:14 UTC 2019 /home/travis/build/icyphy/ptII/ptolemy/domains/modal/test/auto/ImmediateTransitionsInstantaneousCommunication.xml
----------------- Instantiating /home/travis/build/icyphy/ptII/ptolemy/domains/modal/test/auto/ImmediateTransitionsInstantaneousCommunication.xml
4 ms. Memory: 239616K Free: 126680K (53%)
----------------- Invoking toplevel() on ptolemy.moml.MoMLSimpleApplication@1752245b
----------------- Done invoking toplevel() on ptolemy.moml.MoMLSimpleApplication@1752245b
reloadAllAccessors: .ImmediateTransitionsInstantaneousCommunication

===========================================================================================
----------------- testing Sat Aug 17 05:25:14 UTC 2019 /home/travis/build/icyphy/ptII/ptolemy/domains/modal/test/auto/InitialImmediateTransition.xml
----------------- Instantiating /home/travis/build/icyphy/ptII/ptolemy/domains/modal/test/auto/InitialImmediateTransition.xml
3 ms. Memory: 239616K Free: 119512K (50%)
----------------- Invoking toplevel() on ptolemy.moml.MoMLSimpleApplication@7fcb9ade
----------------- Done invoking toplevel() on ptolemy.moml.MoMLSimpleApplication@7fcb9ade
reloadAllAccessors: .InitialImmediateTransition

===========================================================================================
----------------- testing Sat Aug 17 05:25:14 UTC 2019 /home/travis/build/icyphy/ptII/ptolemy/domains/modal/test/auto/InitialOutputs.xml
----------------- Instantiating /home/travis/build/icyphy/ptII/ptolemy/domains/modal/test/auto/InitialOutputs.xml
4 ms. Memory: 239616K Free: 113368K (47%)
----------------- Invoking toplevel() on ptolemy.moml.MoMLSimpleApplication@d263f0
----------------- Done invoking toplevel() on ptolemy.moml.MoMLSimpleApplication@d263f0
reloadAllAccessors: .InitialOutputs

===========================================================================================
----------------- testing Sat Aug 17 05:25:14 UTC 2019 /home/travis/build/icyphy/ptII/ptolemy/domains/modal/test/auto/InitialStateTransition1.xml
----------------- Instantiating /home/travis/build/icyphy/ptII/ptolemy/domains/modal/test/auto/InitialStateTransition1.xml
2 ms. Memory: 239616K Free: 106200K (44%)
----------------- Invoking toplevel() on ptolemy.moml.MoMLSimpleApplication@1049a815
----------------- Done invoking toplevel() on ptolemy.moml.MoMLSimpleApplication@1049a815
reloadAllAccessors: .InitialStateTransition1

===========================================================================================
----------------- testing Sat Aug 17 05:25:14 UTC 2019 /home/travis/build/icyphy/ptII/ptolemy/domains/modal/test/auto/InitialStateTransition2.xml
----------------- Instantiating /home/travis/build/icyphy/ptII/ptolemy/domains/modal/test/auto/InitialStateTransition2.xml
.InitialStateTransition2.TestExceptionAttributeNonConstructive: initialize() was not invoked, but wrapup() was.  This is unusual, but not always a problem.  For example, exporting JNLP will do this.
3 ms. Memory: 239616K Free: 99032K (41%)
----------------- Invoking toplevel() on ptolemy.moml.MoMLSimpleApplication@435d7d7a
----------------- Done invoking toplevel() on ptolemy.moml.MoMLSimpleApplication@435d7d7a
reloadAllAccessors: .InitialStateTransition2

===========================================================================================
----------------- testing Sat Aug 17 05:25:14 UTC 2019 /home/travis/build/icyphy/ptII/ptolemy/domains/modal/test/auto/InitialStateTransition3.xml
----------------- Instantiating /home/travis/build/icyphy/ptII/ptolemy/domains/modal/test/auto/InitialStateTransition3.xml
4 ms. Memory: 239616K Free: 90326K (38%)
----------------- Invoking toplevel() on ptolemy.moml.MoMLSimpleApplication@5c07035
----------------- Done invoking toplevel() on ptolemy.moml.MoMLSimpleApplication@5c07035
reloadAllAccessors: .InitialStateTransition3

===========================================================================================
----------------- testing Sat Aug 17 05:25:14 UTC 2019 /home/travis/build/icyphy/ptII/ptolemy/domains/modal/test/auto/InitialStateTransition4.xml
----------------- Instantiating /home/travis/build/icyphy/ptII/ptolemy/domains/modal/test/auto/InitialStateTransition4.xml
5 ms. Memory: 239616K Free: 217814K (91%)
----------------- Invoking toplevel() on ptolemy.moml.MoMLSimpleApplication@4159b50c
----------------- Done invoking toplevel() on ptolemy.moml.MoMLSimpleApplication@4159b50c
[...]
reloadAllAccessors: .TerminationTransition3

===========================================================================================
----------------- testing Sat Aug 17 05:25:16 UTC 2019 /home/travis/build/icyphy/ptII/ptolemy/domains/modal/test/auto/TerminationTransition4.xml
----------------- Instantiating /home/travis/build/icyphy/ptII/ptolemy/domains/modal/test/auto/TerminationTransition4.xml
5 ms. Memory: 300032K Free: 177707K (59%)
----------------- Invoking toplevel() on ptolemy.moml.MoMLSimpleApplication@5be6f3f1
----------------- Done invoking toplevel() on ptolemy.moml.MoMLSimpleApplication@5be6f3f1
reloadAllAccessors: .TerminationTransition4

===========================================================================================
----------------- testing Sat Aug 17 05:25:16 UTC 2019 /home/travis/build/icyphy/ptII/ptolemy/domains/modal/test/auto/TerminationTransition5.xml
----------------- Instantiating /home/travis/build/icyphy/ptII/ptolemy/domains/modal/test/auto/TerminationTransition5.xml
2 ms. Memory: 300032K Free: 163885K (55%)
----------------- Invoking toplevel() on ptolemy.moml.MoMLSimpleApplication@26660356
----------------- Done invoking toplevel() on ptolemy.moml.MoMLSimpleApplication@26660356
reloadAllAccessors: .TerminationTransition5

===========================================================================================
----------------- testing Sat Aug 17 05:25:16 UTC 2019 /home/travis/build/icyphy/ptII/ptolemy/domains/modal/test/auto/TerminationTransition6.xml
----------------- Instantiating /home/travis/build/icyphy/ptII/ptolemy/domains/modal/test/auto/TerminationTransition6.xml
2 ms. Memory: 300032K Free: 155693K (52%)
----------------- Invoking toplevel() on ptolemy.moml.MoMLSimpleApplication@2717ddff
----------------- Done invoking toplevel() on ptolemy.moml.MoMLSimpleApplication@2717ddff
reloadAllAccessors: .TerminationTransition6

===========================================================================================
----------------- testing Sat Aug 17 05:25:16 UTC 2019 /home/travis/build/icyphy/ptII/ptolemy/domains/modal/test/auto/TerminationTransition7.xml
----------------- Instantiating /home/travis/build/icyphy/ptII/ptolemy/domains/modal/test/auto/TerminationTransition7.xml
2 ms. Memory: 300032K Free: 145949K (49%)
----------------- Invoking toplevel() on ptolemy.moml.MoMLSimpleApplication@793d1264
----------------- Done invoking toplevel() on ptolemy.moml.MoMLSimpleApplication@793d1264
reloadAllAccessors: .TerminationTransition7

===========================================================================================
----------------- testing Sat Aug 17 05:25:16 UTC 2019 /home/travis/build/icyphy/ptII/ptolemy/domains/modal/test/auto/TerminationTransition8.xml
----------------- Instantiating /home/travis/build/icyphy/ptII/ptolemy/domains/modal/test/auto/TerminationTransition8.xml
2 ms. Memory: 300032K Free: 136747K (46%)
----------------- Invoking toplevel() on ptolemy.moml.MoMLSimpleApplication@69c75ff
----------------- Done invoking toplevel() on ptolemy.moml.MoMLSimpleApplication@69c75ff
reloadAllAccessors: .TerminationTransition8

===========================================================================================
----------------- testing Sat Aug 17 05:25:16 UTC 2019 /home/travis/build/icyphy/ptII/ptolemy/domains/modal/test/auto/Thermostat_NoHysteresis.xml
----------------- Instantiating /home/travis/build/icyphy/ptII/ptolemy/domains/modal/test/auto/Thermostat_NoHysteresis.xml
49 ms. Memory: 300032K Free: 112171K (37%)
----------------- Invoking toplevel() on ptolemy.moml.MoMLSimpleApplication@1c194372
----------------- Done invoking toplevel() on ptolemy.moml.MoMLSimpleApplication@1c194372
reloadAllAccessors: .Thermostat_NoHysteresis

===========================================================================================
----------------- testing Sat Aug 17 05:25:16 UTC 2019 /home/travis/build/icyphy/ptII/ptolemy/domains/modal/test/auto/TimedFSM.xml
----------------- Instantiating /home/travis/build/icyphy/ptII/ptolemy/domains/modal/test/auto/TimedFSM.xml
7 ms. Memory: 300032K Free: 276062K (92%)
----------------- Invoking toplevel() on ptolemy.moml.MoMLSimpleApplication@1226fb62
----------------- Done invoking toplevel() on ptolemy.moml.MoMLSimpleApplication@1226fb62
reloadAllAccessors: .TimedFSM

===========================================================================================
----------------- testing Sat Aug 17 05:25:16 UTC 2019 /home/travis/build/icyphy/ptII/ptolemy/domains/modal/test/auto/Timeout1.xml
----------------- Instantiating /home/travis/build/icyphy/ptII/ptolemy/domains/modal/test/auto/Timeout1.xml
3 ms. Memory: 300032K Free: 269904K (90%)
----------------- Invoking toplevel() on ptolemy.moml.MoMLSimpleApplication@1f6ee40b
----------------- Done invoking toplevel() on ptolemy.moml.MoMLSimpleApplication@1f6ee40b
reloadAllAccessors: .Timeout1

===========================================================================================
----------------- testing Sat Aug 17 05:25:16 UTC 2019 /home/travis/build/icyphy/ptII/ptolemy/domains/modal/test/auto/Timeout2.xml
----------------- Instantiating /home/travis/build/icyphy/ptII/ptolemy/domains/modal/test/auto/Timeout2.xml
9 ms. Memory: 300032K Free: 261216K (87%)
----------------- Invoking toplevel() on ptolemy.moml.MoMLSimpleApplication@3e97aabd
----------------- Done invoking toplevel() on ptolemy.moml.MoMLSimpleApplication@3e97aabd
reloadAllAccessors: .Timeout2

===========================================================================================
----------------- testing Sat Aug 17 05:25:16 UTC 2019 /home/travis/build/icyphy/ptII/ptolemy/domains/modal/test/auto/Timeout3.xml
----------------- Instantiating /home/travis/build/icyphy/ptII/ptolemy/domains/modal/test/auto/Timeout3.xml
3 ms. Memory: 300032K Free: 256096K (85%)
----------------- Invoking toplevel() on ptolemy.moml.MoMLSimpleApplication@f284943
----------------- Done invoking toplevel() on ptolemy.moml.MoMLSimpleApplication@f284943
reloadAllAccessors: .Timeout3

===========================================================================================
----------------- testing Sat Aug 17 05:25:16 UTC 2019 /home/travis/build/icyphy/ptII/ptolemy/domains/modal/test/auto/Timeout4.xml
----------------- Instantiating /home/travis/build/icyphy/ptII/ptolemy/domains/modal/test/auto/Timeout4.xml
2 ms. Memory: 300032K Free: 250976K (84%)
----------------- Invoking toplevel() on ptolemy.moml.MoMLSimpleApplication@44582a1e
----------------- Done invoking toplevel() on ptolemy.moml.MoMLSimpleApplication@44582a1e
reloadAllAccessors: .Timeout4

===========================================================================================
----------------- testing Sat Aug 17 05:25:16 UTC 2019 /home/travis/build/icyphy/ptII/ptolemy/domains/modal/test/auto/TransientstateModelAdvanced.xml
----------------- Instantiating /home/travis/build/icyphy/ptII/ptolemy/domains/modal/test/auto/TransientstateModelAdvanced.xml
4 ms. Memory: 300032K Free: 238688K (80%)
----------------- Invoking toplevel() on ptolemy.moml.MoMLSimpleApplication@76f674c0
----------------- Done invoking toplevel() on ptolemy.moml.MoMLSimpleApplication@76f674c0
reloadAllAccessors: .TransientstateModelAdvanced

===========================================================================================
----------------- testing Sat Aug 17 05:25:16 UTC 2019 /home/travis/build/icyphy/ptII/ptolemy/domains/modal/test/auto/TransientstateModelAdvanced2.xml
----------------- Instantiating /home/travis/build/icyphy/ptII/ptolemy/domains/modal/test/auto/TransientstateModelAdvanced2.xml
3 ms. Memory: 300032K Free: 224848K (75%)
----------------- Invoking toplevel() on ptolemy.moml.MoMLSimpleApplication@63f7b6ff
----------------- Done invoking toplevel() on ptolemy.moml.MoMLSimpleApplication@63f7b6ff
reloadAllAccessors: .transientstatemodelAdvanced

===========================================================================================
----------------- testing Sat Aug 17 05:25:16 UTC 2019 /home/travis/build/icyphy/ptII/ptolemy/domains/modal/test/auto/TransitionRefinements.xml
----------------- Instantiating /home/travis/build/icyphy/ptII/ptolemy/domains/modal/test/auto/TransitionRefinements.xml
7 ms. Memory: 300032K Free: 215136K (72%)
----------------- Invoking toplevel() on ptolemy.moml.MoMLSimpleApplication@153bda64
----------------- Done invoking toplevel() on ptolemy.moml.MoMLSimpleApplication@153bda64
reloadAllAccessors: .TransitionRefinements

===========================================================================================
----------------- testing Sat Aug 17 05:25:16 UTC 2019 /home/travis/build/icyphy/ptII/ptolemy/domains/modal/test/auto/TwoRefinements1.xml
----------------- Instantiating /home/travis/build/icyphy/ptII/ptolemy/domains/modal/test/auto/TwoRefinements1.xml
3 ms. Memory: 300032K Free: 205406K (68%)
----------------- Invoking toplevel() on ptolemy.moml.MoMLSimpleApplication@9485681
----------------- Done invoking toplevel() on ptolemy.moml.MoMLSimpleApplication@9485681
reloadAllAccessors: .TwoRefinements1

===========================================================================================
----------------- testing Sat Aug 17 05:25:16 UTC 2019 /home/travis/build/icyphy/ptII/ptolemy/domains/modal/test/auto/TwoRefinements2.xml
----------------- Instantiating /home/travis/build/icyphy/ptII/ptolemy/domains/modal/test/auto/TwoRefinements2.xml
3 ms. Memory: 300032K Free: 195680K (65%)
----------------- Invoking toplevel() on ptolemy.moml.MoMLSimpleApplication@2f4f571c
----------------- Done invoking toplevel() on ptolemy.moml.MoMLSimpleApplication@2f4f571c
reloadAllAccessors: .TwoRefinements2

===========================================================================================
----------------- testing Sat Aug 17 05:25:16 UTC 2019 /home/travis/build/icyphy/ptII/ptolemy/domains/modal/test/auto/WeakImmediateTransition.xml
----------------- Instantiating /home/travis/build/icyphy/ptII/ptolemy/domains/modal/test/auto/WeakImmediateTransition.xml
7 ms. Memory: 300032K Free: 186974K (62%)
----------------- Invoking toplevel() on ptolemy.moml.MoMLSimpleApplication@206a5c90
----------------- Done invoking toplevel() on ptolemy.moml.MoMLSimpleApplication@206a5c90
reloadAllAccessors: .WeakImmediateTransition

===========================================================================================
----------------- testing Sat Aug 17 05:25:16 UTC 2019 /home/travis/build/icyphy/ptII/ptolemy/domains/modal/test/auto/booleanSelect.xml
----------------- Instantiating /home/travis/build/icyphy/ptII/ptolemy/domains/modal/test/auto/booleanSelect.xml
41 ms. Memory: 300032K Free: 169056K (56%)
----------------- Invoking toplevel() on ptolemy.moml.MoMLSimpleApplication@5d4aca4e
----------------- Done invoking toplevel() on ptolemy.moml.MoMLSimpleApplication@5d4aca4e
reloadAllAccessors: .booleanSelect

===========================================================================================
----------------- testing Sat Aug 17 05:25:17 UTC 2019 /home/travis/build/icyphy/ptII/ptolemy/domains/modal/test/auto/modalChangingParams.xml
----------------- Instantiating /home/travis/build/icyphy/ptII/ptolemy/domains/modal/test/auto/modalChangingParams.xml
0
1
0
2
4
6
8
7
0
2
4
6
8
13
0
2
4
6
8
19
0
2
4
6
8
25
0
2
4
6
8
31
0
2
4
6
8
37
0
2
4
6
8
43
0
2
4
6
8
49
0
2
4
6
8
55
0
2
4
6
8
61
0
2
4
6
8
67
0
2
4
6
8
73
0
2
4
6
8
79
0
2
4
6
8
85
0
2
4
6
8
91
0
2
4
6
8
97
0
2
4
6
8
103
0
2
4
6
8
109
0
2
4
6
8
115
0
2
4
6
8
121
0
2
4
6
8
127
0
2
4
6
8
133
0
2
4
6
8
139
0
2
4
6
8
145
0
2
4
6
8
151
0
2
4
6
8
157
0
2
4
6
8
163
0
2
4
6
8
169
0
2
4
6
8
175
0
2
4
6
8
181
0
2
4
6
8
187
0
2
4
6
8
193
0
2
4
6
8
199
0
2
4
6
8
205
0
2
4
6
8
211
0
2
4
6
8
217
0
2
4
6
8
223
0
2
4
6
8
229
0
2
4
6
8
235
0
2
4
6
8
241
0
2
4
6
8
247
0
2
4
6
8
253
0
2
4
6
8
259
0
2
4
6
8
265
0
2
4
6
8
271
0
2
4
6
8
277
0
2
4
6
8
283
0
2
4
6
8
289
0
2
4
6
8
295
0
2
4
6
8
301
0
2
4
6
8
307
0
2
4
6
8
313
0
2
4
6
8
319
0
2
4
6
8
325
0
2
4
6
8
331
0
2
4
6
8
337
0
2
4
6
8
343
0
2
4
6
8
349
0
2
4
6
8
355
0
2
4
6
8
361
0
2
4
6
8
367
0
2
4
6
8
373
0
2
4
6
8
379
0
2
4
6
8
385
0
2
4
6
8
391
0
2
4
6
8
397
0
2
4
6
8
403
0
2
4
6
8
409
0
2
4
6
8
415
0
2
4
6
8
421
0
2
4
6
8
427
0
2
4
6
8
433
0
2
4
6
8
439
0
2
4
6
8
445
0
2
4
6
8
451
0
2
4
6
8
457
0
2
4
6
8
463
0
2
4
6
8
469
0
2
4
6
8
475
0
2
4
6
8
481
0
2
4
6
8
487
0
2
4
6
8
493
0
2
4
6
8
499
0
2
4
6
8
505
0
2
4
6
8
511
0
2
4
6
8
517
0
2
4
6
8
523
0
2
4
6
8
529
0
2
4
6
8
535
0
2
4
6
8
541
0
2
4
6
8
547
0
2
4
6
8
553
0
2
4
6
8
559
0
2
4
6
8
565
0
2
4
6
8
571
0
2
4
6
8
577
0
2
4
6
8
583
0
2
4
6
8
589
0
2
4
6
8
595
0
2
4
6
8
601
0
2
4
6
8
607
0
2
4
6
8
613
0
2
4
6
8
619
0
2
4
6
8
625
0
2
4
6
8
631
0
2
4
6
8
637
0
2
4
6
8
643
0
2
4
6
8
649
0
2
4
6
8
655
0
2
4
6
8
661
0
2
4
6
8
667
0
2
4
6
8
673
0
2
4
6
8
679
0
2
4
6
8
685
0
2
4
6
8
691
0
2
4
6
8
697
0
2
4
6
8
703
0
2
4
6
8
709
0
2
4
6
8
715
0
2
4
6
8
721
0
2
4
6
8
727
0
2
4
6
8
733
0
2
4
6
8
739
0
2
4
6
8
745
0
2
4
6
8
751
0
2
4
6
8
757
0
2
4
6
8
763
0
2
4
6
8
769
0
2
4
6
8
775
0
2
4
6
8
781
0
2
4
6
8
787
0
2
4
6
8
793
0
2
4
6
8
799
0
2
4
6
8
805
0
2
4
6
8
811
0
2
4
6
8
817
0
2
4
6
8
823
0
2
4
6
8
829
0
2
4
6
8
835
0
2
4
6
8
841
0
2
4
6
8
847
0
2
4
6
8
853
0
2
4
6
8
859
0
2
4
6
8
865
0
2
4
6
8
871
0
2
4
6
8
877
0
2
4
6
8
883
0
2
4
6
8
889
0
2
4
6
8
895
0
2
4
6
8
901
0
2
4
6
8
907
0
2
4
6
8
913
0
2
4
6
8
919
0
2
4
6
8
925
0
2
4
6
8
931
0
2
4
6
8
937
0
2
4
6
8
943
0
2
4
6
8
949
0
2
4
6
8
955
0
2
4
6
8
961
0
2
4
6
8
967
0
2
4
6
8
973
0
2
4
6
8
979
0
2
4
6
8
985
0
2
4
6
8
991
0
2
4
6
8
997
0
2
313 ms. Memory: 360448K Free: 290512K (81%)
----------------- Invoking toplevel() on ptolemy.moml.MoMLSimpleApplication@2a963d04
----------------- Done invoking toplevel() on ptolemy.moml.MoMLSimpleApplication@2a963d04
reloadAllAccessors: .modalChangingParams

===========================================================================================
----------------- testing Sat Aug 17 05:25:17 UTC 2019 /home/travis/build/icyphy/ptII/ptolemy/domains/modal/test/auto/modalModel.xml
----------------- Instantiating /home/travis/build/icyphy/ptII/ptolemy/domains/modal/test/auto/modalModel.xml
31 ms. Memory: 360448K Free: 281296K (78%)
----------------- Invoking toplevel() on ptolemy.moml.MoMLSimpleApplication@1c5a0879
----------------- Done invoking toplevel() on ptolemy.moml.MoMLSimpleApplication@1c5a0879
reloadAllAccessors: .modalModel

===========================================================================================
----------------- testing Sat Aug 17 05:25:17 UTC 2019 /home/travis/build/icyphy/ptII/ptolemy/domains/modal/test/auto/modalModel2.xml
----------------- Instantiating /home/travis/build/icyphy/ptII/ptolemy/domains/modal/test/auto/modalModel2.xml
7 ms. Memory: 360448K Free: 270528K (75%)
----------------- Invoking toplevel() on ptolemy.moml.MoMLSimpleApplication@406ad2aa
----------------- Done invoking toplevel() on ptolemy.moml.MoMLSimpleApplication@406ad2aa
reloadAllAccessors: .modalModel2

===========================================================================================
----------------- testing Sat Aug 17 05:25:17 UTC 2019 /home/travis/build/icyphy/ptII/ptolemy/domains/modal/test/auto/modalModel3.xml
----------------- Instantiating /home/travis/build/icyphy/ptII/ptolemy/domains/modal/test/auto/modalModel3.xml
0	0	0
3	2	1
6	4	2
9	6	3
4	0	4
7	2	5
10	4	6
13	6	7
8	0	8
11	2	9
14	4	10
17	6	11
12	0	12
15	2	13
18	4	14
19 ms. Memory: 360448K Free: 256192K (71%)
----------------- Invoking toplevel() on ptolemy.moml.MoMLSimpleApplication@2da4a886
----------------- Done invoking toplevel() on ptolemy.moml.MoMLSimpleApplication@2da4a886
reloadAllAccessors: .modalModel3

===========================================================================================
----------------- testing Sat Aug 17 05:25:17 UTC 2019 /home/travis/build/icyphy/ptII/ptolemy/domains/modal/test/auto/model1.xml
----------------- Instantiating /home/travis/build/icyphy/ptII/ptolemy/domains/modal/test/auto/model1.xml
13 ms. Memory: 360448K Free: 250056K (69%)
----------------- Invoking toplevel() on ptolemy.moml.MoMLSimpleApplication@739460ae
----------------- Done invoking toplevel() on ptolemy.moml.MoMLSimpleApplication@739460ae
reloadAllAccessors: .model1

===========================================================================================
----------------- testing Sat Aug 17 05:25:17 UTC 2019 /home/travis/build/icyphy/ptII/ptolemy/domains/modal/test/auto/test-direct-in-out.xml
----------------- Instantiating /home/travis/build/icyphy/ptII/ptolemy/domains/modal/test/auto/test-direct-in-out.xml
5 ms. Memory: 360448K Free: 242384K (67%)
----------------- Invoking toplevel() on ptolemy.moml.MoMLSimpleApplication@43171c48
----------------- Done invoking toplevel() on ptolemy.moml.MoMLSimpleApplication@43171c48
reloadAllAccessors: .test-direct-in-out
AutoTests.java: About to close Vertx.
AutoTests.java: Vertx closed.
]]></system-out>
  <system-err><![CDATA[java.lang.RuntimeException: Execution failed
	at ptolemy.moml.MoMLSimpleApplication$UnloadThread.run(MoMLSimpleApplication.java:402)
Caused by: ptolemy.kernel.util.IllegalActionException: Unknown inputs remain. Possible causality loop:
L_model_1893289564i

  in .CannotAnalysisWithPreemption.model_1893289564_region_1 and .CannotAnalysisWithPreemption.model_1893289564_region_1.L_model_1893289564i
	at ptolemy.actor.sched.FixedPointDirector.postfire(FixedPointDirector.java:515)
	at ptolemy.domains.sr.kernel.SRDirector.postfire(SRDirector.java:417)
	at ptolemy.actor.CompositeActor.postfire(CompositeActor.java:1668)
	at ptolemy.actor.Manager.iterate(Manager.java:852)
	at ptolemy.actor.Manager.execute(Manager.java:369)
	at ptolemy.actor.Manager.run(Manager.java:1263)
	at ptolemy.actor.Manager$PtolemyRunThread.run(Manager.java:1933)
java.lang.reflect.InvocationTargetException
	at java.base/jdk.internal.reflect.NativeConstructorAccessorImpl.newInstance0(Native Method)
	at java.base/jdk.internal.reflect.NativeConstructorAccessorImpl.newInstance(NativeConstructorAccessorImpl.java:62)
	at java.base/jdk.internal.reflect.DelegatingConstructorAccessorImpl.newInstance(DelegatingConstructorAccessorImpl.java:45)
	at java.base/java.lang.reflect.Constructor.newInstance(Constructor.java:490)
	at ptolemy.util.test.junit.AutoKnownFailedTests.RunModel(AutoKnownFailedTests.java:105)
	at java.base/jdk.internal.reflect.NativeMethodAccessorImpl.invoke0(Native Method)
	at java.base/jdk.internal.reflect.NativeMethodAccessorImpl.invoke(NativeMethodAccessorImpl.java:62)
	at java.base/jdk.internal.reflect.DelegatingMethodAccessorImpl.invoke(DelegatingMethodAccessorImpl.java:43)
	at java.base/java.lang.reflect.Method.invoke(Method.java:566)
	at org.junit.runners.model.FrameworkMethod$1.runReflectiveCall(FrameworkMethod.java:44)
	at org.junit.internal.runners.model.ReflectiveCallable.run(ReflectiveCallable.java:15)
	at org.junit.runners.model.FrameworkMethod.invokeExplosively(FrameworkMethod.java:41)
	at junitparams.internal.InvokeParameterisedMethod.evaluate(InvokeParameterisedMethod.java:102)
	at org.junit.internal.runners.statements.FailOnTimeout$1.run(FailOnTimeout.java:28)
Caused by: ptolemy.kernel.util.IllegalActionException: Unknown inputs remain. Possible causality loop:
L_model_1893289564i

  in .CannotAnalysisWithPreemption.model_1893289564_region_1 and .CannotAnalysisWithPreemption.model_1893289564_region_1.L_model_1893289564i
	at ptolemy.actor.sched.FixedPointDirector.postfire(FixedPointDirector.java:515)
	at ptolemy.domains.sr.kernel.SRDirector.postfire(SRDirector.java:417)
	at ptolemy.actor.CompositeActor.postfire(CompositeActor.java:1668)
	at ptolemy.actor.Manager.iterate(Manager.java:852)
	at ptolemy.actor.Manager.execute(Manager.java:369)
	at ptolemy.actor.Manager.run(Manager.java:1263)
	at ptolemy.actor.Manager$PtolemyRunThread.run(Manager.java:1933)
]]></system-err>
</testsuite>
