<?xml version="1.0" encoding="UTF-8" ?>
<testsuite errors="0" failures="0" hostname="travis-job-7c621245-61c2-4f89-b474-95d6663b8f82" name="ptolemy.domains.de.test.junit.JUnitTclTest" skipped="0" tests="101" time="133.45" timestamp="2019-07-11T01:48:49">
  <properties>
[...]
</properties>
  <testcase classname="ptolemy.util.test.junit.TclTests" name="[0] /home/travis/build/icyphy/ptII/ptolemy/domains/de/test/DependencyLoop.tcl (RunTclFile)" time="1.056" />
  <testcase classname="ptolemy.util.test.junit.TclTests" name="[1] /home/travis/build/icyphy/ptII/ptolemy/domains/de/test/RunDETestsAsQSS.tcl (RunTclFile)" time="90.496" />
  <testcase classname="ptolemy.util.test.junit.AutoKnownFailedTests" name="[0] /home/travis/build/icyphy/ptII/ptolemy/domains/de/test/auto/knownFailedTests/DESDFClockTest.xml (RunModel)" time="2.057" />
  <testcase classname="ptolemy.util.test.junit.AutoKnownFailedTests" name="[1] /home/travis/build/icyphy/ptII/ptolemy/domains/de/test/auto/knownFailedTests/DirectFeedback.xml (RunModel)" time="0.011" />
  <testcase classname="ptolemy.util.test.junit.AutoKnownFailedTests" name="[2] /home/travis/build/icyphy/ptII/ptolemy/domains/de/test/auto/knownFailedTests/FSMSource.xml (RunModel)" time="0.03" />
  <testcase classname="ptolemy.util.test.junit.AutoKnownFailedTests" name="[3] /home/travis/build/icyphy/ptII/ptolemy/domains/de/test/auto/knownFailedTests/HierarchicalModel.xml (RunModel)" time="0.042" />
  <testcase classname="ptolemy.util.test.junit.AutoKnownFailedTests" name="[4] /home/travis/build/icyphy/ptII/ptolemy/domains/de/test/auto/knownFailedTests/dependencyLoop.xml (RunModel)" time="0.028" />
  <testcase classname="ptolemy.util.test.junit.AutoKnownFailedTests" name="[5] /home/travis/build/icyphy/ptII/ptolemy/domains/de/test/auto/knownFailedTests/dependencyLoop2.xml (RunModel)" time="0.031" />
  <testcase classname="ptolemy.util.test.junit.AutoNameArchTests" name="[0] ThereAreNoAutoArchTests (RunModel)" time="0.001" />
  <testcase classname="ptolemy.util.test.junit.AutoTests" name="[0] /home/travis/build/icyphy/ptII/ptolemy/domains/de/test/auto/ActorDepthCalculation_actorWithoutPorts.xml (RunModel)" time="0.019" />
  <testcase classname="ptolemy.util.test.junit.AutoTests" name="[1] /home/travis/build/icyphy/ptII/ptolemy/domains/de/test/auto/AssemblyLine.xml (RunModel)" time="0.02" />
  <testcase classname="ptolemy.util.test.junit.AutoTests" name="[2] /home/travis/build/icyphy/ptII/ptolemy/domains/de/test/auto/CQBug1.xml (RunModel)" time="0.006" />
  <testcase classname="ptolemy.util.test.junit.AutoTests" name="[3] /home/travis/build/icyphy/ptII/ptolemy/domains/de/test/auto/CancelFireAt.xml (RunModel)" time="0.012" />
  <testcase classname="ptolemy.util.test.junit.AutoTests" name="[4] /home/travis/build/icyphy/ptII/ptolemy/domains/de/test/auto/CausalityAndComposabilityAnalysis.xml (RunModel)" time="0.02" />
  <testcase classname="ptolemy.util.test.junit.AutoTests" name="[5] /home/travis/build/icyphy/ptII/ptolemy/domains/de/test/auto/CausalityInterface1.xml (RunModel)" time="0.013" />
  <testcase classname="ptolemy.util.test.junit.AutoTests" name="[6] /home/travis/build/icyphy/ptII/ptolemy/domains/de/test/auto/CausalityInterface15.xml (RunModel)" time="0.015" />
  <testcase classname="ptolemy.util.test.junit.AutoTests" name="[7] /home/travis/build/icyphy/ptII/ptolemy/domains/de/test/auto/CausalityInterface2.xml (RunModel)" time="0.012" />
  <testcase classname="ptolemy.util.test.junit.AutoTests" name="[8] /home/travis/build/icyphy/ptII/ptolemy/domains/de/test/auto/CausalityInterface3.xml (RunModel)" time="0.008" />
  <testcase classname="ptolemy.util.test.junit.AutoTests" name="[9] /home/travis/build/icyphy/ptII/ptolemy/domains/de/test/auto/ClockDrift.xml (RunModel)" time="0.04" />
  <testcase classname="ptolemy.util.test.junit.AutoTests" name="[10] /home/travis/build/icyphy/ptII/ptolemy/domains/de/test/auto/ClockDriftAndValueChange.xml (RunModel)" time="0.023" />
  <testcase classname="ptolemy.util.test.junit.AutoTests" name="[11] /home/travis/build/icyphy/ptII/ptolemy/domains/de/test/auto/ClockDriftChange.xml (RunModel)" time="0.024" />
  <testcase classname="ptolemy.util.test.junit.AutoTests" name="[12] /home/travis/build/icyphy/ptII/ptolemy/domains/de/test/auto/ComposableCausalityAnalysis.xml (RunModel)" time="0.017" />
  <testcase classname="ptolemy.util.test.junit.AutoTests" name="[13] /home/travis/build/icyphy/ptII/ptolemy/domains/de/test/auto/DEFixedPointLimitation.xml (RunModel)" time="0.011" />
  <testcase classname="ptolemy.util.test.junit.AutoTests" name="[14] /home/travis/build/icyphy/ptII/ptolemy/domains/de/test/auto/DEScheduleTest.xml (RunModel)" time="0.011" />
  <testcase classname="ptolemy.util.test.junit.AutoTests" name="[15] /home/travis/build/icyphy/ptII/ptolemy/domains/de/test/auto/DEinDEwithStartTimes.xml (RunModel)" time="0.013" />
  <testcase classname="ptolemy.util.test.junit.AutoTests" name="[16] /home/travis/build/icyphy/ptII/ptolemy/domains/de/test/auto/DEinDEwithStartTimes2.xml (RunModel)" time="0.013" />
  <testcase classname="ptolemy.util.test.junit.AutoTests" name="[17] /home/travis/build/icyphy/ptII/ptolemy/domains/de/test/auto/DateDemo.xml (RunModel)" time="0.033" />
  <testcase classname="ptolemy.util.test.junit.AutoTests" name="[18] /home/travis/build/icyphy/ptII/ptolemy/domains/de/test/auto/DateToEvent.xml (RunModel)" time="2.03" />
  <testcase classname="ptolemy.util.test.junit.AutoTests" name="[19] /home/travis/build/icyphy/ptII/ptolemy/domains/de/test/auto/DepthTest1.xml (RunModel)" time="0.01" />
  <testcase classname="ptolemy.util.test.junit.AutoTests" name="[20] /home/travis/build/icyphy/ptII/ptolemy/domains/de/test/auto/DepthTest2.xml (RunModel)" time="0.022" />
  <testcase classname="ptolemy.util.test.junit.AutoTests" name="[21] /home/travis/build/icyphy/ptII/ptolemy/domains/de/test/auto/DepthTest3.xml (RunModel)" time="0.011" />
  <testcase classname="ptolemy.util.test.junit.AutoTests" name="[22] /home/travis/build/icyphy/ptII/ptolemy/domains/de/test/auto/DepthTest4.xml (RunModel)" time="0.02" />
  <testcase classname="ptolemy.util.test.junit.AutoTests" name="[23] /home/travis/build/icyphy/ptII/ptolemy/domains/de/test/auto/DepthTest5.xml (RunModel)" time="0.017" />
  <testcase classname="ptolemy.util.test.junit.AutoTests" name="[24] /home/travis/build/icyphy/ptII/ptolemy/domains/de/test/auto/DepthTest6.xml (RunModel)" time="0.023" />
  <testcase classname="ptolemy.util.test.junit.AutoTests" name="[25] /home/travis/build/icyphy/ptII/ptolemy/domains/de/test/auto/DepthTest7.xml (RunModel)" time="0.017" />
  <testcase classname="ptolemy.util.test.junit.AutoTests" name="[26] /home/travis/build/icyphy/ptII/ptolemy/domains/de/test/auto/EventToDate.xml (RunModel)" time="3.048" />
  <testcase classname="ptolemy.util.test.junit.AutoTests" name="[27] /home/travis/build/icyphy/ptII/ptolemy/domains/de/test/auto/FSM1.xml (RunModel)" time="0.04" />
  <testcase classname="ptolemy.util.test.junit.AutoTests" name="[28] /home/travis/build/icyphy/ptII/ptolemy/domains/de/test/auto/FSM7.xml (RunModel)" time="0.042" />
  <testcase classname="ptolemy.util.test.junit.AutoTests" name="[29] /home/travis/build/icyphy/ptII/ptolemy/domains/de/test/auto/Inspection.xml (RunModel)" time="0.047" />
  <testcase classname="ptolemy.util.test.junit.AutoTests" name="[30] /home/travis/build/icyphy/ptII/ptolemy/domains/de/test/auto/Iteration.xml (RunModel)" time="0.029" />
  <testcase classname="ptolemy.util.test.junit.AutoTests" name="[31] /home/travis/build/icyphy/ptII/ptolemy/domains/de/test/auto/LineFault.xml (RunModel)" time="0.654" />
  <testcase classname="ptolemy.util.test.junit.AutoTests" name="[32] /home/travis/build/icyphy/ptII/ptolemy/domains/de/test/auto/MergeModel1Add.xml (RunModel)" time="0.055" />
  <testcase classname="ptolemy.util.test.junit.AutoTests" name="[33] /home/travis/build/icyphy/ptII/ptolemy/domains/de/test/auto/MergeModel2Add.xml (RunModel)" time="0.035" />
  <testcase classname="ptolemy.util.test.junit.AutoTests" name="[34] /home/travis/build/icyphy/ptII/ptolemy/domains/de/test/auto/MergeModel3Add.xml (RunModel)" time="0.045" />
  <testcase classname="ptolemy.util.test.junit.AutoTests" name="[35] /home/travis/build/icyphy/ptII/ptolemy/domains/de/test/auto/MergeWithoutDiscard.xml (RunModel)" time="0.013" />
  <testcase classname="ptolemy.util.test.junit.AutoTests" name="[36] /home/travis/build/icyphy/ptII/ptolemy/domains/de/test/auto/Modal1.xml (RunModel)" time="0.034" />
  <testcase classname="ptolemy.util.test.junit.AutoTests" name="[37] /home/travis/build/icyphy/ptII/ptolemy/domains/de/test/auto/Modal2.xml (RunModel)" time="0.035" />
  <testcase classname="ptolemy.util.test.junit.AutoTests" name="[38] /home/travis/build/icyphy/ptII/ptolemy/domains/de/test/auto/Modal3.xml (RunModel)" time="0.032" />
  <testcase classname="ptolemy.util.test.junit.AutoTests" name="[39] /home/travis/build/icyphy/ptII/ptolemy/domains/de/test/auto/Modal4.xml (RunModel)" time="0.034" />
  <testcase classname="ptolemy.util.test.junit.AutoTests" name="[40] /home/travis/build/icyphy/ptII/ptolemy/domains/de/test/auto/Modal5.xml (RunModel)" time="0.039" />
  <testcase classname="ptolemy.util.test.junit.AutoTests" name="[41] /home/travis/build/icyphy/ptII/ptolemy/domains/de/test/auto/Modal6.xml (RunModel)" time="0.027" />
  <testcase classname="ptolemy.util.test.junit.AutoTests" name="[42] /home/travis/build/icyphy/ptII/ptolemy/domains/de/test/auto/Modal7.xml (RunModel)" time="0.032" />
  <testcase classname="ptolemy.util.test.junit.AutoTests" name="[43] /home/travis/build/icyphy/ptII/ptolemy/domains/de/test/auto/ModalModel.xml (RunModel)" time="0.191" />
  <testcase classname="ptolemy.util.test.junit.AutoTests" name="[44] /home/travis/build/icyphy/ptII/ptolemy/domains/de/test/auto/ModalSource.xml (RunModel)" time="0.017" />
  <testcase classname="ptolemy.util.test.junit.AutoTests" name="[45] /home/travis/build/icyphy/ptII/ptolemy/domains/de/test/auto/NonInterruptibleTimerZeroDelay.xml (RunModel)" time="0.02" />
  <testcase classname="ptolemy.util.test.junit.AutoTests" name="[46] /home/travis/build/icyphy/ptII/ptolemy/domains/de/test/auto/OpenQueueingNetwork.xml (RunModel)" time="2.564" />
  <testcase classname="ptolemy.util.test.junit.AutoTests" name="[47] /home/travis/build/icyphy/ptII/ptolemy/domains/de/test/auto/OpenQueuingNetwork.xml (RunModel)" time="0.284" />
  <testcase classname="ptolemy.util.test.junit.AutoTests" name="[48] /home/travis/build/icyphy/ptII/ptolemy/domains/de/test/auto/PeriodicSampler.xml (RunModel)" time="0.015" />
  <testcase classname="ptolemy.util.test.junit.AutoTests" name="[49] /home/travis/build/icyphy/ptII/ptolemy/domains/de/test/auto/PersistentIO.xml (RunModel)" time="0.018" />
  <testcase classname="ptolemy.util.test.junit.AutoTests" name="[50] /home/travis/build/icyphy/ptII/ptolemy/domains/de/test/auto/PortParameterResetOnInitialize.xml (RunModel)" time="0.009" />
  <testcase classname="ptolemy.util.test.junit.AutoTests" name="[51] /home/travis/build/icyphy/ptII/ptolemy/domains/de/test/auto/PortParameterUpdates.xml (RunModel)" time="0.017" />
  <testcase classname="ptolemy.util.test.junit.AutoTests" name="[52] /home/travis/build/icyphy/ptII/ptolemy/domains/de/test/auto/QueueAndServer.xml (RunModel)" time="0.023" />
  <testcase classname="ptolemy.util.test.junit.AutoTests" name="[53] /home/travis/build/icyphy/ptII/ptolemy/domains/de/test/auto/Records.xml (RunModel)" time="0.022" />
  <testcase classname="ptolemy.util.test.junit.AutoTests" name="[54] /home/travis/build/icyphy/ptII/ptolemy/domains/de/test/auto/ResetTransitionWithStartTime1.xml (RunModel)" time="0.017" />
  <testcase classname="ptolemy.util.test.junit.AutoTests" name="[55] /home/travis/build/icyphy/ptII/ptolemy/domains/de/test/auto/ResetTransitionWithStartTime2.xml (RunModel)" time="0.018" />
  <testcase classname="ptolemy.util.test.junit.AutoTests" name="[56] /home/travis/build/icyphy/ptII/ptolemy/domains/de/test/auto/ResetTransitionWithStartTime3.xml (RunModel)" time="0.021" />
  <testcase classname="ptolemy.util.test.junit.AutoTests" name="[57] /home/travis/build/icyphy/ptII/ptolemy/domains/de/test/auto/ResetTransitionWithStartTime4.xml (RunModel)" time="0.018" />
  <testcase classname="ptolemy.util.test.junit.AutoTests" name="[58] /home/travis/build/icyphy/ptII/ptolemy/domains/de/test/auto/ResettableTimer1.xml (RunModel)" time="0.01" />
  <testcase classname="ptolemy.util.test.junit.AutoTests" name="[59] /home/travis/build/icyphy/ptII/ptolemy/domains/de/test/auto/ResettableTimer2.xml (RunModel)" time="0.008" />
  <testcase classname="ptolemy.util.test.junit.AutoTests" name="[60] /home/travis/build/icyphy/ptII/ptolemy/domains/de/test/auto/ResettableTimer3.xml (RunModel)" time="0.008" />
  <testcase classname="ptolemy.util.test.junit.AutoTests" name="[61] /home/travis/build/icyphy/ptII/ptolemy/domains/de/test/auto/ResettableTimer4.xml (RunModel)" time="0.01" />
  <testcase classname="ptolemy.util.test.junit.AutoTests" name="[62] /home/travis/build/icyphy/ptII/ptolemy/domains/de/test/auto/ResettableTimer5.xml (RunModel)" time="0.01" />
  <testcase classname="ptolemy.util.test.junit.AutoTests" name="[63] /home/travis/build/icyphy/ptII/ptolemy/domains/de/test/auto/ResettableTimer6.xml (RunModel)" time="0.016" />
  <testcase classname="ptolemy.util.test.junit.AutoTests" name="[64] /home/travis/build/icyphy/ptII/ptolemy/domains/de/test/auto/ServerZeroDelay.xml (RunModel)" time="0.009" />
  <testcase classname="ptolemy.util.test.junit.AutoTests" name="[65] /home/travis/build/icyphy/ptII/ptolemy/domains/de/test/auto/SmartSender.xml (RunModel)" time="3.008" />
  <testcase classname="ptolemy.util.test.junit.AutoTests" name="[66] /home/travis/build/icyphy/ptII/ptolemy/domains/de/test/auto/ThreadedComposite.xml (RunModel)" time="0.19" />
  <testcase classname="ptolemy.util.test.junit.AutoTests" name="[67] /home/travis/build/icyphy/ptII/ptolemy/domains/de/test/auto/Time.xml (RunModel)" time="0.434" />
  <testcase classname="ptolemy.util.test.junit.AutoTests" name="[68] /home/travis/build/icyphy/ptII/ptolemy/domains/de/test/auto/TimeDelayZeroDelay.xml (RunModel)" time="0.011" />
  <testcase classname="ptolemy.util.test.junit.AutoTests" name="[69] /home/travis/build/icyphy/ptII/ptolemy/domains/de/test/auto/TimerZeroDelay.xml (RunModel)" time="0.012" />
  <testcase classname="ptolemy.util.test.junit.AutoTests" name="[70] /home/travis/build/icyphy/ptII/ptolemy/domains/de/test/auto/TimingParadox.xml (RunModel)" time="0.373" />
  <testcase classname="ptolemy.util.test.junit.AutoTests" name="[71] /home/travis/build/icyphy/ptII/ptolemy/domains/de/test/auto/TransferInputs.xml (RunModel)" time="0.015" />
  <testcase classname="ptolemy.util.test.junit.AutoTests" name="[72] /home/travis/build/icyphy/ptII/ptolemy/domains/de/test/auto/TransferOutputs2.xml (RunModel)" time="0.016" />
  <testcase classname="ptolemy.util.test.junit.AutoTests" name="[73] /home/travis/build/icyphy/ptII/ptolemy/domains/de/test/auto/Trilateration.xml (RunModel)" time="12.646" />
  <testcase classname="ptolemy.util.test.junit.AutoTests" name="[74] /home/travis/build/icyphy/ptII/ptolemy/domains/de/test/auto/TwoSigmaDelta.xml (RunModel)" time="2.326" />
  <testcase classname="ptolemy.util.test.junit.AutoTests" name="[75] /home/travis/build/icyphy/ptII/ptolemy/domains/de/test/auto/VariableDelay.xml (RunModel)" time="0.014" />
  <testcase classname="ptolemy.util.test.junit.AutoTests" name="[76] /home/travis/build/icyphy/ptII/ptolemy/domains/de/test/auto/VariableDelay2.xml (RunModel)" time="0.013" />
  <testcase classname="ptolemy.util.test.junit.AutoTests" name="[77] /home/travis/build/icyphy/ptII/ptolemy/domains/de/test/auto/VariableDelayZeroDelay.xml (RunModel)" time="0.013" />
  <testcase classname="ptolemy.util.test.junit.AutoTests" name="[78] /home/travis/build/icyphy/ptII/ptolemy/domains/de/test/auto/VariableDelayZeroDelay2.xml (RunModel)" time="0.013" />
  <testcase classname="ptolemy.util.test.junit.AutoTests" name="[79] /home/travis/build/icyphy/ptII/ptolemy/domains/de/test/auto/deInCt.xml (RunModel)" time="0.016" />
  <testcase classname="ptolemy.util.test.junit.AutoTests" name="[80] /home/travis/build/icyphy/ptII/ptolemy/domains/de/test/auto/deInCt2.xml (RunModel)" time="0.015" />
  <testcase classname="ptolemy.util.test.junit.AutoTests" name="[81] /home/travis/build/icyphy/ptII/ptolemy/domains/de/test/auto/dynamicCausalityInterface1.xml (RunModel)" time="0.021" />
  <testcase classname="ptolemy.util.test.junit.AutoTests" name="[82] /home/travis/build/icyphy/ptII/ptolemy/domains/de/test/auto/fsm_de_test.xml (RunModel)" time="0.022" />
  <testcase classname="ptolemy.util.test.junit.AutoTests" name="[83] /home/travis/build/icyphy/ptII/ptolemy/domains/de/test/auto/functionDependencyReconstruction.xml (RunModel)" time="0.033" />
  <testcase classname="ptolemy.util.test.junit.AutoTests" name="[84] /home/travis/build/icyphy/ptII/ptolemy/domains/de/test/auto/multirate.xml (RunModel)" time="0.015" />
  <testcase classname="ptolemy.util.test.junit.AutoTests" name="[85] /home/travis/build/icyphy/ptII/ptolemy/domains/de/test/auto/multirate2.xml (RunModel)" time="0.015" />
  <testcase classname="ptolemy.util.test.junit.AutoTests" name="[86] /home/travis/build/icyphy/ptII/ptolemy/domains/de/test/auto/realtime.xml (RunModel)" time="10.012" />
  <testcase classname="ptolemy.util.test.junit.AutoTests" name="[87] /home/travis/build/icyphy/ptII/ptolemy/domains/de/test/auto/relationGroup.xml (RunModel)" time="0.007" />
  <testcase classname="ptolemy.util.test.junit.AutoTests" name="[88] /home/travis/build/icyphy/ptII/ptolemy/domains/de/test/auto/relationGroup2.xml (RunModel)" time="0.025" />
  <testcase classname="ptolemy.util.test.junit.AutoTests" name="[89] /home/travis/build/icyphy/ptII/ptolemy/domains/de/test/auto/sortWithOpaquePorts.xml (RunModel)" time="0.014" />
  <testcase classname="ptolemy.util.test.junit.AutoTests" name="[90] /home/travis/build/icyphy/ptII/ptolemy/domains/de/test/auto/transferInputsandOutputs.xml (RunModel)" time="0.017" />
  <testcase classname="ptolemy.util.test.junit.AutoTests" name="[91] /home/travis/build/icyphy/ptII/ptolemy/domains/de/test/auto/triggerType.xml (RunModel)" time="0.009" />
  <system-out><![CDATA[/home/travis/build/icyphy/ptII/ptolemy/domains/de/test/DependencyLoop.tcl
testDefs.tcl: setting time out to 9000 seconds at Thu Jul 11 01:48:49 UTC 2019
87 ms. Memory: 120832K Free: 101021K (84%)
46 ms. Memory: 161792K Free: 146601K (91%)
/home/travis/build/icyphy/ptII/ptolemy/domains/de/test/RunDETestsAsQSS.tcl
Run the DE tests using ptolemy.domains.qss.test.QSSDirectorTest, which extends QSSDirector and prints a message in the constructors.
------------------ testing $PTII/ptolemy/domains/de/test/auto/knownFailedTests/DirectFeedback.xml (Known Failure) 
64 ms. Memory: 161792K Free: 141290K (87%)


==== $PTIIhome/travis/build/icyphy/ptII/ptolemy/domains/de/test/../../../../: Auto Automatic test in file $PTII/ptolemy/domains/de/test/auto/knownFailedTests/DirectFeedback.xml
==== Contents of test case:

	    # FIXME: we should use $relativeFilename here, but it
	    # might have backslashes under Windows, which causes no end
	    # of trouble.
	    createAndExecute $file
	    list {}
	
.... Test generated KNOWN error:
    while executing
ptolemy.kernel.util.IllegalActionException: Test fails in iteration 1.
Value was: 1.0. Should have been: 2.0
  in .DirectFeedback.Test
	at ptolemy.actor.lib.Test.fire(Test.java:268)
	at ptolemy.domains.de.kernel.DEDirector._fire(DEDirector.java:1949)
	at ptolemy.domains.de.kernel.DEDirector.fire(DEDirector.java:502)
	at ptolemy.actor.CompositeActor.fire(CompositeActor.java:455)
	at ptolemy.actor.Manager.iterate(Manager.java:851)
	at ptolemy.actor.Manager.execute(Manager.java:369)
	at ptolemy.actor.Manager.run(Manager.java:1263)
	at ptolemy.actor.Manager$PtolemyRunThread.run(Manager.java:1915)

    while executing
ptolemy.kernel.util.IllegalActionException: Test fails in iteration 1.
Value was: 1.0. Should have been: 2.0
  in .DirectFeedback.Test
    while executing
"java::new ptolemy.moml.MoMLSimpleApplication $file
"
    (procedure "createAndExecute" line 2)
    invoked from within
"createAndExecute $file"
    ("uplevel" body line 5)
    invoked from within
"uplevel $contents_of_test"
------------------ testing $PTII/ptolemy/domains/de/test/auto/knownFailedTests/dependencyLoop.xml (Known Failure) 
23 ms. Memory: 161792K Free: 138481K (86%)


==== $PTIIhome/travis/build/icyphy/ptII/ptolemy/domains/de/test/../../../../: Auto Automatic test in file $PTII/ptolemy/domains/de/test/auto/knownFailedTests/dependencyLoop.xml
==== Contents of test case:

	    # FIXME: we should use $relativeFilename here, but it
	    # might have backslashes under Windows, which causes no end
	    # of trouble.
	    createAndExecute $file
	    list {}
	
.... Test generated KNOWN error:
    while executing
ptolemy.kernel.util.IllegalActionException: Found a zero delay loop containing .dependencyLoop.original
  in .dependencyLoop and .dependencyLoop.original
	at ptolemy.actor.util.CausalityInterfaceForComposites._computeOutputPortDepth(CausalityInterfaceForComposites.java:759)
	at ptolemy.actor.util.CausalityInterfaceForComposites._computeInputDepth(CausalityInterfaceForComposites.java:696)
	at ptolemy.actor.util.CausalityInterfaceForComposites._computeOutputPortDepth(CausalityInterfaceForComposites.java:765)
	at ptolemy.actor.util.CausalityInterfaceForComposites._computeInputDepth(CausalityInterfaceForComposites.java:696)
	at ptolemy.actor.util.CausalityInterfaceForComposites._computeOutputPortDepth(CausalityInterfaceForComposites.java:765)
	at ptolemy.actor.util.CausalityInterfaceForComposites._computeInputDepth(CausalityInterfaceForComposites.java:696)
	at ptolemy.actor.util.CausalityInterfaceForComposites._computeActorDepth(CausalityInterfaceForComposites.java:532)
	at ptolemy.actor.util.CausalityInterfaceForComposites.checkForCycles(CausalityInterfaceForComposites.java:96)
	at ptolemy.domains.de.kernel.DEDirector.preinitialize(DEDirector.java:1338)
	at ptolemy.actor.CompositeActor.preinitialize(CompositeActor.java:1828)
	at ptolemy.actor.Manager.preinitializeAndResolveTypes(Manager.java:1040)
	at ptolemy.actor.Manager.initialize(Manager.java:710)
	at ptolemy.actor.Manager.execute(Manager.java:356)
	at ptolemy.actor.Manager.run(Manager.java:1263)
	at ptolemy.actor.Manager$PtolemyRunThread.run(Manager.java:1915)

    while executing
ptolemy.kernel.util.IllegalActionException: Found a zero delay loop containing .dependencyLoop.original
  in .dependencyLoop and .dependencyLoop.original
    while executing
"java::new ptolemy.moml.MoMLSimpleApplication $file
"
    (procedure "createAndExecute" line 2)
    invoked from within
"createAndExecute $file"
    ("uplevel" body line 5)
    invoked from within
"uplevel $contents_of_test"
------------------ testing $PTII/ptolemy/domains/de/test/auto/knownFailedTests/FSMSource.xml (Known Failure) 
86 ms. Memory: 161792K Free: 129305K (80%)
!!!! Auto was marked as failing, but now passes
------------------ testing $PTII/ptolemy/domains/de/test/auto/knownFailedTests/HierarchicalModel.xml (Known Failure) 
8 ms. Memory: 161792K Free: 142850K (88%)


==== $PTIIhome/travis/build/icyphy/ptII/ptolemy/domains/de/test/../../../../: Auto Automatic test in file $PTII/ptolemy/domains/de/test/auto/knownFailedTests/HierarchicalModel.xml
==== Contents of test case:

	    # FIXME: we should use $relativeFilename here, but it
	    # might have backslashes under Windows, which causes no end
	    # of trouble.
	    createAndExecute $file
	    list {}
	
.... Test generated KNOWN error:
    while executing
ptolemy.kernel.util.IllegalActionException: Found a zero delay loop containing .HierarchicalModel.A
  in .HierarchicalModel and .HierarchicalModel.A
	at ptolemy.actor.util.CausalityInterfaceForComposites._computeOutputPortDepth(CausalityInterfaceForComposites.java:759)
	at ptolemy.actor.util.CausalityInterfaceForComposites._computeInputDepth(CausalityInterfaceForComposites.java:696)
	at ptolemy.actor.util.CausalityInterfaceForComposites._computeOutputPortDepth(CausalityInterfaceForComposites.java:765)
	at ptolemy.actor.util.CausalityInterfaceForComposites._computeInputDepth(CausalityInterfaceForComposites.java:696)
	at ptolemy.actor.util.CausalityInterfaceForComposites._computeOutputPortDepth(CausalityInterfaceForComposites.java:765)
	at ptolemy.actor.util.CausalityInterfaceForComposites._computeInputDepth(CausalityInterfaceForComposites.java:696)
	at ptolemy.actor.util.CausalityInterfaceForComposites._computeActorDepth(CausalityInterfaceForComposites.java:532)
	at ptolemy.actor.util.CausalityInterfaceForComposites.checkForCycles(CausalityInterfaceForComposites.java:96)
	at ptolemy.domains.de.kernel.DEDirector.preinitialize(DEDirector.java:1338)
	at ptolemy.actor.CompositeActor.preinitialize(CompositeActor.java:1828)
	at ptolemy.actor.Manager.preinitializeAndResolveTypes(Manager.java:1040)
	at ptolemy.actor.Manager.initialize(Manager.java:710)
	at ptolemy.actor.Manager.execute(Manager.java:356)
	at ptolemy.actor.Manager.run(Manager.java:1263)
	at ptolemy.actor.Manager$PtolemyRunThread.run(Manager.java:1915)

    while executing
ptolemy.kernel.util.IllegalActionException: Found a zero delay loop containing .HierarchicalModel.A
  in .HierarchicalModel and .HierarchicalModel.A
    while executing
"java::new ptolemy.moml.MoMLSimpleApplication $file
"
    (procedure "createAndExecute" line 2)
    invoked from within
"createAndExecute $file"
    ("uplevel" body line 5)
    invoked from within
"uplevel $contents_of_test"
------------------ testing $PTII/ptolemy/domains/de/test/auto/knownFailedTests/dependencyLoop2.xml (Known Failure) 
5 ms. Memory: 161792K Free: 126962K (78%)


==== $PTIIhome/travis/build/icyphy/ptII/ptolemy/domains/de/test/../../../../: Auto Automatic test in file $PTII/ptolemy/domains/de/test/auto/knownFailedTests/dependencyLoop2.xml
==== Contents of test case:

	    # FIXME: we should use $relativeFilename here, but it
	    # might have backslashes under Windows, which causes no end
	    # of trouble.
	    createAndExecute $file
	    list {}
	
.... Test generated KNOWN error:
    while executing
ptolemy.kernel.util.IllegalActionException: Found a zero delay loop containing .dependencyLoop2.original
  in .dependencyLoop2 and .dependencyLoop2.original
	at ptolemy.actor.util.CausalityInterfaceForComposites._computeOutputPortDepth(CausalityInterfaceForComposites.java:759)
	at ptolemy.actor.util.CausalityInterfaceForComposites._computeInputDepth(CausalityInterfaceForComposites.java:696)
	at ptolemy.actor.util.CausalityInterfaceForComposites._computeOutputPortDepth(CausalityInterfaceForComposites.java:765)
	at ptolemy.actor.util.CausalityInterfaceForComposites._computeInputDepth(CausalityInterfaceForComposites.java:696)
	at ptolemy.actor.util.CausalityInterfaceForComposites._computeOutputPortDepth(CausalityInterfaceForComposites.java:765)
	at ptolemy.actor.util.CausalityInterfaceForComposites._computeInputDepth(CausalityInterfaceForComposites.java:696)
	at ptolemy.actor.util.CausalityInterfaceForComposites._computeActorDepth(CausalityInterfaceForComposites.java:532)
	at ptolemy.actor.util.CausalityInterfaceForComposites.checkForCycles(CausalityInterfaceForComposites.java:96)
	at ptolemy.domains.de.kernel.DEDirector.preinitialize(DEDirector.java:1338)
	at ptolemy.actor.CompositeActor.preinitialize(CompositeActor.java:1828)
	at ptolemy.actor.Manager.preinitializeAndResolveTypes(Manager.java:1040)
	at ptolemy.actor.Manager.initialize(Manager.java:710)
	at ptolemy.actor.Manager.execute(Manager.java:356)
	at ptolemy.actor.Manager.run(Manager.java:1263)
	at ptolemy.actor.Manager$PtolemyRunThread.run(Manager.java:1915)

    while executing
ptolemy.kernel.util.IllegalActionException: Found a zero delay loop containing .dependencyLoop2.original
  in .dependencyLoop2 and .dependencyLoop2.original
    while executing
"java::new ptolemy.moml.MoMLSimpleApplication $file
"
    (procedure "createAndExecute" line 2)
    invoked from within
"createAndExecute $file"
    ("uplevel" body line 5)
    invoked from within
"uplevel $contents_of_test"
------------------ testing $PTII/ptolemy/domains/de/test/auto/knownFailedTests/DESDFClockTest.xml (Known Failure) 
2061 ms. Memory: 161792K Free: 113664K (70%)


==== $PTIIhome/travis/build/icyphy/ptII/ptolemy/domains/de/test/../../../../: Auto Automatic test in file $PTII/ptolemy/domains/de/test/auto/knownFailedTests/DESDFClockTest.xml
==== Contents of test case:

	    # FIXME: we should use $relativeFilename here, but it
	    # might have backslashes under Windows, which causes no end
	    # of trouble.
	    createAndExecute $file
	    list {}
	
.... Test generated KNOWN error:
    while executing
ptolemy.kernel.util.IllegalActionException: Actor is not ready to fire.  Perhaps UpSample.prefire() returned false? Try debugging the actor by selecting "Listen to Actor".  Also, for SDF check moml for tokenConsumptionRate on input.
  in .DESDFClockTest.Play Bell.Copy1:SDF Director and .DESDFClockTest.Play Bell.UpSample
	at ptolemy.actor.sched.StaticSchedulingDirector.fire(StaticSchedulingDirector.java:227)
	at ptolemy.domains.sdf.kernel.SDFDirector.fire(SDFDirector.java:500)
	at ptolemy.actor.CompositeActor.fire(CompositeActor.java:455)
	at ptolemy.domains.de.kernel.DEDirector._fire(DEDirector.java:1949)
	at ptolemy.domains.de.kernel.DEDirector.fire(DEDirector.java:502)
	at ptolemy.actor.CompositeActor.fire(CompositeActor.java:455)
	at ptolemy.actor.Manager.iterate(Manager.java:851)
	at ptolemy.actor.Manager.execute(Manager.java:369)
	at ptolemy.actor.Manager.run(Manager.java:1263)
	at ptolemy.actor.Manager$PtolemyRunThread.run(Manager.java:1915)

    while executing
ptolemy.kernel.util.IllegalActionException: Actor is not ready to fire.  Perhaps UpSample.prefire() returned false? Try debugging the actor by selecting "Listen to Actor".  Also, for SDF check moml for tokenConsumptionRate on input.
  in .DESDFClockTest.Play Bell.Copy1:SDF Director and .DESDFClockTest.Play Bell.UpSample
    while executing
"java::new ptolemy.moml.MoMLSimpleApplication $file
"
    (procedure "createAndExecute" line 2)
    invoked from within
"createAndExecute $file"
    ("uplevel" body line 5)
    invoked from within
"uplevel $contents_of_test"
------------------ testing $PTII/ptolemy/domains/de/test/auto/ActorDepthCalculation_actorWithoutPorts.xml
auto.tcl: Setting watchdog for 200 seconds at Thu Jul 11 01:48:53 UTC 2019
7 ms. Memory: 161792K Free: 105986K (66%)
ptolemy.util.test.WatchDog.cancel(): canceling Thu Jul 11 01:48:53 UTC 2019
auto.tcl: Setting watchdog for 200 seconds at Thu Jul 11 01:48:53 UTC 2019
5 ms. Memory: 161792K Free: 104434K (65%)
ptolemy.util.test.WatchDog.cancel(): canceling Thu Jul 11 01:48:53 UTC 2019
------------------ testing $PTII/ptolemy/domains/de/test/auto/AssemblyLine.xml
auto.tcl: Setting watchdog for 200 seconds at Thu Jul 11 01:48:53 UTC 2019
8 ms. Memory: 51200K Free: 28466K (56%)
ptolemy.util.test.WatchDog.cancel(): canceling Thu Jul 11 01:48:53 UTC 2019
auto.tcl: Setting watchdog for 200 seconds at Thu Jul 11 01:48:53 UTC 2019
13 ms. Memory: 51200K Free: 27538K (54%)
ptolemy.util.test.WatchDog.cancel(): canceling Thu Jul 11 01:48:53 UTC 2019
------------------ testing $PTII/ptolemy/domains/de/test/auto/CQBug1.xml
auto.tcl: Setting watchdog for 200 seconds at Thu Jul 11 01:48:53 UTC 2019
2 ms. Memory: 51200K Free: 33716K (66%)
ptolemy.util.test.WatchDog.cancel(): canceling Thu Jul 11 01:48:53 UTC 2019
auto.tcl: Setting watchdog for 200 seconds at Thu Jul 11 01:48:53 UTC 2019
2 ms. Memory: 51200K Free: 33329K (65%)
ptolemy.util.test.WatchDog.cancel(): canceling Thu Jul 11 01:48:53 UTC 2019
------------------ testing $PTII/ptolemy/domains/de/test/auto/CancelFireAt.xml
auto.tcl: Setting watchdog for 200 seconds at Thu Jul 11 01:48:53 UTC 2019
2 ms. Memory: 48128K Free: 31787K (66%)
ptolemy.util.test.WatchDog.cancel(): canceling Thu Jul 11 01:48:54 UTC 2019
auto.tcl: Setting watchdog for 200 seconds at Thu Jul 11 01:48:54 UTC 2019
2 ms. Memory: 48128K Free: 31432K (65%)
ptolemy.util.test.WatchDog.cancel(): canceling Thu Jul 11 01:48:54 UTC 2019
------------------ testing $PTII/ptolemy/domains/de/test/auto/CausalityAndComposabilityAnalysis.xml
auto.tcl: Setting watchdog for 200 seconds at Thu Jul 11 01:48:54 UTC 2019
14 ms. Memory: 48128K Free: 29997K (62%)
ptolemy.util.test.WatchDog.cancel(): canceling Thu Jul 11 01:48:54 UTC 2019
auto.tcl: Setting watchdog for 200 seconds at Thu Jul 11 01:48:54 UTC 2019
9 ms. Memory: 48128K Free: 29454K (61%)
ptolemy.util.test.WatchDog.cancel(): canceling Thu Jul 11 01:48:54 UTC 2019
------------------ testing $PTII/ptolemy/domains/de/test/auto/CausalityInterface1.xml
auto.tcl: Setting watchdog for 200 seconds at Thu Jul 11 01:48:54 UTC 2019
15 ms. Memory: 48128K Free: 28525K (59%)
ptolemy.util.test.WatchDog.cancel(): canceling Thu Jul 11 01:48:54 UTC 2019
auto.tcl: Setting watchdog for 200 seconds at Thu Jul 11 01:48:54 UTC 2019
8 ms. Memory: 48128K Free: 27755K (58%)
ptolemy.util.test.WatchDog.cancel(): canceling Thu Jul 11 01:48:54 UTC 2019
------------------ testing $PTII/ptolemy/domains/de/test/auto/CausalityInterface15.xml
auto.tcl: Setting watchdog for 200 seconds at Thu Jul 11 01:48:54 UTC 2019
9 ms. Memory: 48128K Free: 28857K (60%)
ptolemy.util.test.WatchDog.cancel(): canceling Thu Jul 11 01:48:54 UTC 2019
auto.tcl: Setting watchdog for 200 seconds at Thu Jul 11 01:48:54 UTC 2019
7 ms. Memory: 48128K Free: 27725K (58%)
ptolemy.util.test.WatchDog.cancel(): canceling Thu Jul 11 01:48:54 UTC 2019
------------------ testing $PTII/ptolemy/domains/de/test/auto/CausalityInterface2.xml
auto.tcl: Setting watchdog for 200 seconds at Thu Jul 11 01:48:54 UTC 2019
4 ms. Memory: 48128K Free: 29405K (61%)
ptolemy.util.test.WatchDog.cancel(): canceling Thu Jul 11 01:48:54 UTC 2019
auto.tcl: Setting watchdog for 200 seconds at Thu Jul 11 01:48:54 UTC 2019
4 ms. Memory: 48128K Free: 28735K (60%)
ptolemy.util.test.WatchDog.cancel(): canceling Thu Jul 11 01:48:54 UTC 2019
------------------ testing $PTII/ptolemy/domains/de/test/auto/CausalityInterface3.xml
auto.tcl: Setting watchdog for 200 seconds at Thu Jul 11 01:48:54 UTC 2019
3 ms. Memory: 48128K Free: 29087K (60%)
ptolemy.util.test.WatchDog.cancel(): canceling Thu Jul 11 01:48:54 UTC 2019
auto.tcl: Setting watchdog for 200 seconds at Thu Jul 11 01:48:54 UTC 2019
3 ms. Memory: 48128K Free: 28385K (59%)
ptolemy.util.test.WatchDog.cancel(): canceling Thu Jul 11 01:48:54 UTC 2019
------------------ testing $PTII/ptolemy/domains/de/test/auto/ClockDrift.xml
auto.tcl: Setting watchdog for 200 seconds at Thu Jul 11 01:48:54 UTC 2019
57 ms. Memory: 48128K Free: 21491K (45%)
ptolemy.util.test.WatchDog.cancel(): canceling Thu Jul 11 01:48:54 UTC 2019
auto.tcl: Setting watchdog for 200 seconds at Thu Jul 11 01:48:54 UTC 2019
52 ms. Memory: 48128K Free: 18505K (38%)
ptolemy.util.test.WatchDog.cancel(): canceling Thu Jul 11 01:48:54 UTC 2019
------------------ testing $PTII/ptolemy/domains/de/test/auto/ClockDriftAndValueChange.xml
auto.tcl: Setting watchdog for 200 seconds at Thu Jul 11 01:48:54 UTC 2019
59 ms. Memory: 48128K Free: 21950K (46%)
ptolemy.util.test.WatchDog.cancel(): canceling Thu Jul 11 01:48:54 UTC 2019
auto.tcl: Setting watchdog for 200 seconds at Thu Jul 11 01:48:54 UTC 2019
38 ms. Memory: 48128K Free: 18738K (39%)
ptolemy.util.test.WatchDog.cancel(): canceling Thu Jul 11 01:48:54 UTC 2019
------------------ testing $PTII/ptolemy/domains/de/test/auto/ClockDriftChange.xml
auto.tcl: Setting watchdog for 200 seconds at Thu Jul 11 01:48:54 UTC 2019
17 ms. Memory: 48128K Free: 23590K (49%)
ptolemy.util.test.WatchDog.cancel(): canceling Thu Jul 11 01:48:55 UTC 2019
auto.tcl: Setting watchdog for 200 seconds at Thu Jul 11 01:48:55 UTC 2019
24 ms. Memory: 48128K Free: 21104K (44%)
ptolemy.util.test.WatchDog.cancel(): canceling Thu Jul 11 01:48:55 UTC 2019
------------------ testing $PTII/ptolemy/domains/de/test/auto/ComposableCausalityAnalysis.xml
auto.tcl: Setting watchdog for 200 seconds at Thu Jul 11 01:48:55 UTC 2019
3 ms. Memory: 48128K Free: 28240K (59%)
ptolemy.util.test.WatchDog.cancel(): canceling Thu Jul 11 01:48:55 UTC 2019
auto.tcl: Setting watchdog for 200 seconds at Thu Jul 11 01:48:55 UTC 2019
2 ms. Memory: 48128K Free: 27177K (56%)
ptolemy.util.test.WatchDog.cancel(): canceling Thu Jul 11 01:48:55 UTC 2019
------------------ testing $PTII/ptolemy/domains/de/test/auto/DEFixedPointLimitation.xml
auto.tcl: Setting watchdog for 200 seconds at Thu Jul 11 01:48:55 UTC 2019
2 ms. Memory: 48128K Free: 29633K (62%)
ptolemy.util.test.WatchDog.cancel(): canceling Thu Jul 11 01:48:55 UTC 2019
auto.tcl: Setting watchdog for 200 seconds at Thu Jul 11 01:48:55 UTC 2019
1 ms. Memory: 48128K Free: 28674K (60%)
ptolemy.util.test.WatchDog.cancel(): canceling Thu Jul 11 01:48:55 UTC 2019
------------------ testing $PTII/ptolemy/domains/de/test/auto/DEScheduleTest.xml
auto.tcl: Setting watchdog for 200 seconds at Thu Jul 11 01:48:55 UTC 2019
4 ms. Memory: 48128K Free: 29851K (62%)
ptolemy.util.test.WatchDog.cancel(): canceling Thu Jul 11 01:48:55 UTC 2019
auto.tcl: Setting watchdog for 200 seconds at Thu Jul 11 01:48:55 UTC 2019
2 ms. Memory: 48128K Free: 29064K (60%)
ptolemy.util.test.WatchDog.cancel(): canceling Thu Jul 11 01:48:55 UTC 2019
------------------ testing $PTII/ptolemy/domains/de/test/auto/DEinDEwithStartTimes.xml
auto.tcl: Setting watchdog for 200 seconds at Thu Jul 11 01:48:55 UTC 2019
3 ms. Memory: 48128K Free: 28050K (58%)
ptolemy.util.test.WatchDog.cancel(): canceling Thu Jul 11 01:48:55 UTC 2019
auto.tcl: Setting watchdog for 200 seconds at Thu Jul 11 01:48:55 UTC 2019
3 ms. Memory: 48128K Free: 26966K (56%)
ptolemy.util.test.WatchDog.cancel(): canceling Thu Jul 11 01:48:55 UTC 2019
------------------ testing $PTII/ptolemy/domains/de/test/auto/DEinDEwithStartTimes2.xml
auto.tcl: Setting watchdog for 200 seconds at Thu Jul 11 01:48:55 UTC 2019
4 ms. Memory: 48128K Free: 27293K (57%)
ptolemy.util.test.WatchDog.cancel(): canceling Thu Jul 11 01:48:55 UTC 2019
auto.tcl: Setting watchdog for 200 seconds at Thu Jul 11 01:48:55 UTC 2019
5 ms. Memory: 48128K Free: 25923K (54%)
ptolemy.util.test.WatchDog.cancel(): canceling Thu Jul 11 01:48:55 UTC 2019
------------------ testing $PTII/ptolemy/domains/de/test/auto/DateDemo.xml
auto.tcl: Setting watchdog for 200 seconds at Thu Jul 11 01:48:55 UTC 2019
17 ms. Memory: 48128K Free: 21923K (46%)
ptolemy.util.test.WatchDog.cancel(): canceling Thu Jul 11 01:48:55 UTC 2019
auto.tcl: Setting watchdog for 200 seconds at Thu Jul 11 01:48:55 UTC 2019
6 ms. Memory: 48128K Free: 20453K (42%)
ptolemy.util.test.WatchDog.cancel(): canceling Thu Jul 11 01:48:55 UTC 2019
------------------ testing $PTII/ptolemy/domains/de/test/auto/DateToEvent.xml
auto.tcl: Setting watchdog for 200 seconds at Thu Jul 11 01:48:55 UTC 2019
2011 ms. Memory: 48128K Free: 17073K (35%)
ptolemy.util.test.WatchDog.cancel(): canceling Thu Jul 11 01:48:57 UTC 2019
auto.tcl: Setting watchdog for 200 seconds at Thu Jul 11 01:48:57 UTC 2019
2006 ms. Memory: 48128K Free: 16729K (35%)
ptolemy.util.test.WatchDog.cancel(): canceling Thu Jul 11 01:48:59 UTC 2019
------------------ testing $PTII/ptolemy/domains/de/test/auto/DepthTest1.xml
auto.tcl: Setting watchdog for 200 seconds at Thu Jul 11 01:48:59 UTC 2019
2 ms. Memory: 48128K Free: 30723K (64%)
ptolemy.util.test.WatchDog.cancel(): canceling Thu Jul 11 01:48:59 UTC 2019
auto.tcl: Setting watchdog for 200 seconds at Thu Jul 11 01:48:59 UTC 2019
1 ms. Memory: 48128K Free: 30291K (63%)
ptolemy.util.test.WatchDog.cancel(): canceling Thu Jul 11 01:48:59 UTC 2019
------------------ testing $PTII/ptolemy/domains/de/test/auto/DepthTest2.xml
auto.tcl: Setting watchdog for 200 seconds at Thu Jul 11 01:48:59 UTC 2019
4 ms. Memory: 48128K Free: 27521K (57%)
ptolemy.util.test.WatchDog.cancel(): canceling Thu Jul 11 01:48:59 UTC 2019
auto.tcl: Setting watchdog for 200 seconds at Thu Jul 11 01:48:59 UTC 2019
2 ms. Memory: 48128K Free: 26959K (56%)
ptolemy.util.test.WatchDog.cancel(): canceling Thu Jul 11 01:48:59 UTC 2019
------------------ testing $PTII/ptolemy/domains/de/test/auto/DepthTest3.xml
auto.tcl: Setting watchdog for 200 seconds at Thu Jul 11 01:49:00 UTC 2019
4 ms. Memory: 48128K Free: 30961K (64%)
ptolemy.util.test.WatchDog.cancel(): canceling Thu Jul 11 01:49:00 UTC 2019
auto.tcl: Setting watchdog for 200 seconds at Thu Jul 11 01:49:00 UTC 2019
1 ms. Memory: 48128K Free: 30580K (64%)
ptolemy.util.test.WatchDog.cancel(): canceling Thu Jul 11 01:49:00 UTC 2019
------------------ testing $PTII/ptolemy/domains/de/test/auto/DepthTest4.xml
auto.tcl: Setting watchdog for 200 seconds at Thu Jul 11 01:49:00 UTC 2019
4 ms. Memory: 48128K Free: 29372K (61%)
ptolemy.util.test.WatchDog.cancel(): canceling Thu Jul 11 01:49:00 UTC 2019
auto.tcl: Setting watchdog for 200 seconds at Thu Jul 11 01:49:00 UTC 2019
2 ms. Memory: 48128K Free: 28654K (60%)
ptolemy.util.test.WatchDog.cancel(): canceling Thu Jul 11 01:49:00 UTC 2019
------------------ testing $PTII/ptolemy/domains/de/test/auto/DepthTest5.xml
auto.tcl: Setting watchdog for 200 seconds at Thu Jul 11 01:49:00 UTC 2019
4 ms. Memory: 48128K Free: 28740K (60%)
ptolemy.util.test.WatchDog.cancel(): canceling Thu Jul 11 01:49:00 UTC 2019
auto.tcl: Setting watchdog for 200 seconds at Thu Jul 11 01:49:00 UTC 2019
2 ms. Memory: 48128K Free: 28043K (58%)
ptolemy.util.test.WatchDog.cancel(): canceling Thu Jul 11 01:49:00 UTC 2019
------------------ testing $PTII/ptolemy/domains/de/test/auto/DepthTest6.xml
auto.tcl: Setting watchdog for 200 seconds at Thu Jul 11 01:49:00 UTC 2019
5 ms. Memory: 48128K Free: 28427K (59%)
ptolemy.util.test.WatchDog.cancel(): canceling Thu Jul 11 01:49:00 UTC 2019
auto.tcl: Setting watchdog for 200 seconds at Thu Jul 11 01:49:00 UTC 2019
2 ms. Memory: 48128K Free: 27901K (58%)
ptolemy.util.test.WatchDog.cancel(): canceling Thu Jul 11 01:49:00 UTC 2019
------------------ testing $PTII/ptolemy/domains/de/test/auto/DepthTest7.xml
auto.tcl: Setting watchdog for 200 seconds at Thu Jul 11 01:49:00 UTC 2019
2 ms. Memory: 48128K Free: 29124K (61%)
ptolemy.util.test.WatchDog.cancel(): canceling Thu Jul 11 01:49:00 UTC 2019
auto.tcl: Setting watchdog for 200 seconds at Thu Jul 11 01:49:00 UTC 2019
3 ms. Memory: 48128K Free: 28169K (59%)
ptolemy.util.test.WatchDog.cancel(): canceling Thu Jul 11 01:49:00 UTC 2019
------------------ testing $PTII/ptolemy/domains/de/test/auto/EventToDate.xml
auto.tcl: Setting watchdog for 200 seconds at Thu Jul 11 01:49:00 UTC 2019
3006 ms. Memory: 48128K Free: 19726K (41%)
ptolemy.util.test.WatchDog.cancel(): canceling Thu Jul 11 01:49:03 UTC 2019
auto.tcl: Setting watchdog for 200 seconds at Thu Jul 11 01:49:03 UTC 2019
3007 ms. Memory: 48128K Free: 19021K (40%)
ptolemy.util.test.WatchDog.cancel(): canceling Thu Jul 11 01:49:06 UTC 2019
------------------ testing $PTII/ptolemy/domains/de/test/auto/FSM1.xml
auto.tcl: Setting watchdog for 200 seconds at Thu Jul 11 01:49:06 UTC 2019
24 ms. Memory: 48128K Free: 20817K (43%)
ptolemy.util.test.WatchDog.cancel(): canceling Thu Jul 11 01:49:06 UTC 2019
auto.tcl: Setting watchdog for 200 seconds at Thu Jul 11 01:49:06 UTC 2019
26 ms. Memory: 48128K Free: 17720K (37%)
ptolemy.util.test.WatchDog.cancel(): canceling Thu Jul 11 01:49:06 UTC 2019
------------------ testing $PTII/ptolemy/domains/de/test/auto/FSM7.xml
auto.tcl: Setting watchdog for 200 seconds at Thu Jul 11 01:49:06 UTC 2019
29 ms. Memory: 48128K Free: 21201K (44%)
ptolemy.util.test.WatchDog.cancel(): canceling Thu Jul 11 01:49:06 UTC 2019
auto.tcl: Setting watchdog for 200 seconds at Thu Jul 11 01:49:06 UTC 2019
26 ms. Memory: 48128K Free: 18241K (38%)
ptolemy.util.test.WatchDog.cancel(): canceling Thu Jul 11 01:49:06 UTC 2019
------------------ testing $PTII/ptolemy/domains/de/test/auto/Inspection.xml
auto.tcl: Setting watchdog for 200 seconds at Thu Jul 11 01:49:06 UTC 2019
41 ms. Memory: 48128K Free: 21068K (44%)
ptolemy.util.test.WatchDog.cancel(): canceling Thu Jul 11 01:49:06 UTC 2019
auto.tcl: Setting watchdog for 200 seconds at Thu Jul 11 01:49:06 UTC 2019
30 ms. Memory: 48128K Free: 19291K (40%)
ptolemy.util.test.WatchDog.cancel(): canceling Thu Jul 11 01:49:06 UTC 2019
------------------ testing $PTII/ptolemy/domains/de/test/auto/Iteration.xml
auto.tcl: Setting watchdog for 200 seconds at Thu Jul 11 01:49:07 UTC 2019
14 ms. Memory: 48128K Free: 26688K (55%)
ptolemy.util.test.WatchDog.cancel(): canceling Thu Jul 11 01:49:07 UTC 2019
auto.tcl: Setting watchdog for 200 seconds at Thu Jul 11 01:49:07 UTC 2019
7 ms. Memory: 48128K Free: 25664K (53%)
ptolemy.util.test.WatchDog.cancel(): canceling Thu Jul 11 01:49:07 UTC 2019
------------------ testing $PTII/ptolemy/domains/de/test/auto/LineFault.xml
auto.tcl: Setting watchdog for 200 seconds at Thu Jul 11 01:49:07 UTC 2019
480 ms. Memory: 59392K Free: 19711K (33%)
ptolemy.util.test.WatchDog.cancel(): canceling Thu Jul 11 01:49:07 UTC 2019
auto.tcl: Setting watchdog for 200 seconds at Thu Jul 11 01:49:07 UTC 2019
501 ms. Memory: 59392K Free: 19338K (33%)
ptolemy.util.test.WatchDog.cancel(): canceling Thu Jul 11 01:49:08 UTC 2019
------------------ testing $PTII/ptolemy/domains/de/test/auto/MergeModel1Add.xml
auto.tcl: Setting watchdog for 200 seconds at Thu Jul 11 01:49:08 UTC 2019
27 ms. Memory: 55296K Free: 20293K (37%)
ptolemy.util.test.WatchDog.cancel(): canceling Thu Jul 11 01:49:08 UTC 2019
auto.tcl: Setting watchdog for 200 seconds at Thu Jul 11 01:49:08 UTC 2019
10 ms. Memory: 55296K Free: 18621K (34%)
ptolemy.util.test.WatchDog.cancel(): canceling Thu Jul 11 01:49:08 UTC 2019
------------------ testing $PTII/ptolemy/domains/de/test/auto/MergeModel2Add.xml
auto.tcl: Setting watchdog for 200 seconds at Thu Jul 11 01:49:08 UTC 2019
11 ms. Memory: 51200K Free: 18052K (35%)
ptolemy.util.test.WatchDog.cancel(): canceling Thu Jul 11 01:49:08 UTC 2019
auto.tcl: Setting watchdog for 200 seconds at Thu Jul 11 01:49:08 UTC 2019
11 ms. Memory: 51200K Free: 16398K (32%)
ptolemy.util.test.WatchDog.cancel(): canceling Thu Jul 11 01:49:08 UTC 2019
------------------ testing $PTII/ptolemy/domains/de/test/auto/MergeModel3Add.xml
auto.tcl: Setting watchdog for 200 seconds at Thu Jul 11 01:49:08 UTC 2019
9 ms. Memory: 51200K Free: 18071K (35%)
ptolemy.util.test.WatchDog.cancel(): canceling Thu Jul 11 01:49:08 UTC 2019
auto.tcl: Setting watchdog for 200 seconds at Thu Jul 11 01:49:08 UTC 2019
7 ms. Memory: 51200K Free: 16847K (33%)
ptolemy.util.test.WatchDog.cancel(): canceling Thu Jul 11 01:49:08 UTC 2019
------------------ testing $PTII/ptolemy/domains/de/test/auto/MergeWithoutDiscard.xml
auto.tcl: Setting watchdog for 200 seconds at Thu Jul 11 01:49:08 UTC 2019
2 ms. Memory: 51200K Free: 32666K (64%)
ptolemy.util.test.WatchDog.cancel(): canceling Thu Jul 11 01:49:08 UTC 2019
auto.tcl: Setting watchdog for 200 seconds at Thu Jul 11 01:49:08 UTC 2019
2 ms. Memory: 51200K Free: 31771K (62%)
ptolemy.util.test.WatchDog.cancel(): canceling Thu Jul 11 01:49:08 UTC 2019
------------------ testing $PTII/ptolemy/domains/de/test/auto/Modal1.xml
auto.tcl: Setting watchdog for 200 seconds at Thu Jul 11 01:49:08 UTC 2019
17 ms. Memory: 51200K Free: 24253K (47%)
ptolemy.util.test.WatchDog.cancel(): canceling Thu Jul 11 01:49:08 UTC 2019
auto.tcl: Setting watchdog for 200 seconds at Thu Jul 11 01:49:08 UTC 2019
25 ms. Memory: 51200K Free: 20767K (41%)
ptolemy.util.test.WatchDog.cancel(): canceling Thu Jul 11 01:49:09 UTC 2019
------------------ testing $PTII/ptolemy/domains/de/test/auto/Modal2.xml
auto.tcl: Setting watchdog for 200 seconds at Thu Jul 11 01:49:09 UTC 2019
10 ms. Memory: 51200K Free: 24390K (48%)
ptolemy.util.test.WatchDog.cancel(): canceling Thu Jul 11 01:49:09 UTC 2019
auto.tcl: Setting watchdog for 200 seconds at Thu Jul 11 01:49:09 UTC 2019
11 ms. Memory: 51200K Free: 21130K (41%)
ptolemy.util.test.WatchDog.cancel(): canceling Thu Jul 11 01:49:09 UTC 2019
------------------ testing $PTII/ptolemy/domains/de/test/auto/Modal3.xml
auto.tcl: Setting watchdog for 200 seconds at Thu Jul 11 01:49:09 UTC 2019
10 ms. Memory: 51200K Free: 24375K (48%)
ptolemy.util.test.WatchDog.cancel(): canceling Thu Jul 11 01:49:09 UTC 2019
auto.tcl: Setting watchdog for 200 seconds at Thu Jul 11 01:49:09 UTC 2019
10 ms. Memory: 51200K Free: 21152K (41%)
ptolemy.util.test.WatchDog.cancel(): canceling Thu Jul 11 01:49:09 UTC 2019
------------------ testing $PTII/ptolemy/domains/de/test/auto/Modal4.xml
auto.tcl: Setting watchdog for 200 seconds at Thu Jul 11 01:49:09 UTC 2019
30 ms. Memory: 51200K Free: 23362K (46%)
ptolemy.util.test.WatchDog.cancel(): canceling Thu Jul 11 01:49:09 UTC 2019
auto.tcl: Setting watchdog for 200 seconds at Thu Jul 11 01:49:09 UTC 2019
16 ms. Memory: 51200K Free: 19675K (38%)
ptolemy.util.test.WatchDog.cancel(): canceling Thu Jul 11 01:49:09 UTC 2019
------------------ testing $PTII/ptolemy/domains/de/test/auto/Modal5.xml
auto.tcl: Setting watchdog for 200 seconds at Thu Jul 11 01:49:09 UTC 2019
13 ms. Memory: 51200K Free: 23341K (46%)
ptolemy.util.test.WatchDog.cancel(): canceling Thu Jul 11 01:49:09 UTC 2019
auto.tcl: Setting watchdog for 200 seconds at Thu Jul 11 01:49:09 UTC 2019
15 ms. Memory: 51200K Free: 19709K (38%)
ptolemy.util.test.WatchDog.cancel(): canceling Thu Jul 11 01:49:09 UTC 2019
------------------ testing $PTII/ptolemy/domains/de/test/auto/Modal6.xml
auto.tcl: Setting watchdog for 200 seconds at Thu Jul 11 01:49:09 UTC 2019
18 ms. Memory: 51200K Free: 24371K (48%)
ptolemy.util.test.WatchDog.cancel(): canceling Thu Jul 11 01:49:09 UTC 2019
auto.tcl: Setting watchdog for 200 seconds at Thu Jul 11 01:49:09 UTC 2019
20 ms. Memory: 51200K Free: 20127K (39%)
ptolemy.util.test.WatchDog.cancel(): canceling Thu Jul 11 01:49:09 UTC 2019
------------------ testing $PTII/ptolemy/domains/de/test/auto/Modal7.xml
auto.tcl: Setting watchdog for 200 seconds at Thu Jul 11 01:49:09 UTC 2019
17 ms. Memory: 51200K Free: 23088K (45%)
ptolemy.util.test.WatchDog.cancel(): canceling Thu Jul 11 01:49:09 UTC 2019
auto.tcl: Setting watchdog for 200 seconds at Thu Jul 11 01:49:09 UTC 2019
13 ms. Memory: 51200K Free: 19698K (38%)
ptolemy.util.test.WatchDog.cancel(): canceling Thu Jul 11 01:49:09 UTC 2019
------------------ testing $PTII/ptolemy/domains/de/test/auto/ModalModel.xml
auto.tcl: Setting watchdog for 200 seconds at Thu Jul 11 01:49:09 UTC 2019
201 ms. Memory: 51200K Free: 17269K (34%)
ptolemy.util.test.WatchDog.cancel(): canceling Thu Jul 11 01:49:10 UTC 2019
auto.tcl: Setting watchdog for 200 seconds at Thu Jul 11 01:49:10 UTC 2019
215 ms. Memory: 70656K Free: 28443K (40%)
ptolemy.util.test.WatchDog.cancel(): canceling Thu Jul 11 01:49:10 UTC 2019
------------------ testing $PTII/ptolemy/domains/de/test/auto/ModalSource.xml
auto.tcl: Setting watchdog for 200 seconds at Thu Jul 11 01:49:10 UTC 2019
11 ms. Memory: 51200K Free: 28193K (55%)
ptolemy.util.test.WatchDog.cancel(): canceling Thu Jul 11 01:49:10 UTC 2019
auto.tcl: Setting watchdog for 200 seconds at Thu Jul 11 01:49:10 UTC 2019
7 ms. Memory: 51200K Free: 26145K (51%)
ptolemy.util.test.WatchDog.cancel(): canceling Thu Jul 11 01:49:10 UTC 2019
------------------ testing $PTII/ptolemy/domains/de/test/auto/NonInterruptibleTimerZeroDelay.xml
auto.tcl: Setting watchdog for 200 seconds at Thu Jul 11 01:49:10 UTC 2019
3 ms. Memory: 51200K Free: 33144K (65%)
ptolemy.util.test.WatchDog.cancel(): canceling Thu Jul 11 01:49:10 UTC 2019
auto.tcl: Setting watchdog for 200 seconds at Thu Jul 11 01:49:10 UTC 2019
2 ms. Memory: 51200K Free: 32478K (63%)
ptolemy.util.test.WatchDog.cancel(): canceling Thu Jul 11 01:49:10 UTC 2019
------------------ testing $PTII/ptolemy/domains/de/test/auto/OpenQueueingNetwork.xml
auto.tcl: Setting watchdog for 200 seconds at Thu Jul 11 01:49:10 UTC 2019
2944 ms. Memory: 101376K Free: 41513K (41%)
ptolemy.util.test.WatchDog.cancel(): canceling Thu Jul 11 01:49:13 UTC 2019
auto.tcl: Setting watchdog for 200 seconds at Thu Jul 11 01:49:13 UTC 2019
2407 ms. Memory: 121856K Free: 54806K (45%)
ptolemy.util.test.WatchDog.cancel(): canceling Thu Jul 11 01:49:15 UTC 2019
------------------ testing $PTII/ptolemy/domains/de/test/auto/OpenQueuingNetwork.xml
auto.tcl: Setting watchdog for 200 seconds at Thu Jul 11 01:49:16 UTC 2019
245 ms. Memory: 58368K Free: 33359K (57%)
ptolemy.util.test.WatchDog.cancel(): canceling Thu Jul 11 01:49:16 UTC 2019
auto.tcl: Setting watchdog for 200 seconds at Thu Jul 11 01:49:16 UTC 2019
242 ms. Memory: 58368K Free: 16401K (28%)
ptolemy.util.test.WatchDog.cancel(): canceling Thu Jul 11 01:49:16 UTC 2019
------------------ testing $PTII/ptolemy/domains/de/test/auto/PeriodicSampler.xml
auto.tcl: Setting watchdog for 200 seconds at Thu Jul 11 01:49:16 UTC 2019
4 ms. Memory: 51200K Free: 32326K (63%)
ptolemy.util.test.WatchDog.cancel(): canceling Thu Jul 11 01:49:16 UTC 2019
auto.tcl: Setting watchdog for 200 seconds at Thu Jul 11 01:49:16 UTC 2019
2 ms. Memory: 51200K Free: 31782K (62%)
ptolemy.util.test.WatchDog.cancel(): canceling Thu Jul 11 01:49:16 UTC 2019
------------------ testing $PTII/ptolemy/domains/de/test/auto/PersistentIO.xml
auto.tcl: Setting watchdog for 200 seconds at Thu Jul 11 01:49:16 UTC 2019
16 ms. Memory: 51200K Free: 27251K (53%)
ptolemy.util.test.WatchDog.cancel(): canceling Thu Jul 11 01:49:16 UTC 2019
auto.tcl: Setting watchdog for 200 seconds at Thu Jul 11 01:49:16 UTC 2019
5 ms. Memory: 51200K Free: 25731K (50%)
ptolemy.util.test.WatchDog.cancel(): canceling Thu Jul 11 01:49:16 UTC 2019
------------------ testing $PTII/ptolemy/domains/de/test/auto/PortParameterResetOnInitialize.xml
auto.tcl: Setting watchdog for 200 seconds at Thu Jul 11 01:49:16 UTC 2019
9 ms. Memory: 51200K Free: 32249K (63%)
ptolemy.util.test.WatchDog.cancel(): canceling Thu Jul 11 01:49:16 UTC 2019
auto.tcl: Setting watchdog for 200 seconds at Thu Jul 11 01:49:16 UTC 2019
2 ms. Memory: 51200K Free: 31739K (62%)
ptolemy.util.test.WatchDog.cancel(): canceling Thu Jul 11 01:49:16 UTC 2019
------------------ testing $PTII/ptolemy/domains/de/test/auto/PortParameterUpdates.xml
auto.tcl: Setting watchdog for 200 seconds at Thu Jul 11 01:49:16 UTC 2019
5 ms. Memory: 51200K Free: 30533K (60%)
ptolemy.util.test.WatchDog.cancel(): canceling Thu Jul 11 01:49:16 UTC 2019
auto.tcl: Setting watchdog for 200 seconds at Thu Jul 11 01:49:16 UTC 2019
6 ms. Memory: 51200K Free: 29294K (57%)
ptolemy.util.test.WatchDog.cancel(): canceling Thu Jul 11 01:49:16 UTC 2019
------------------ testing $PTII/ptolemy/domains/de/test/auto/QueueAndServer.xml
auto.tcl: Setting watchdog for 200 seconds at Thu Jul 11 01:49:17 UTC 2019
14 ms. Memory: 51200K Free: 29487K (58%)
ptolemy.util.test.WatchDog.cancel(): canceling Thu Jul 11 01:49:17 UTC 2019
auto.tcl: Setting watchdog for 200 seconds at Thu Jul 11 01:49:17 UTC 2019
7 ms. Memory: 51200K Free: 28248K (55%)
ptolemy.util.test.WatchDog.cancel(): canceling Thu Jul 11 01:49:17 UTC 2019
------------------ testing $PTII/ptolemy/domains/de/test/auto/Records.xml
auto.tcl: Setting watchdog for 200 seconds at Thu Jul 11 01:49:17 UTC 2019
5 ms. Memory: 51200K Free: 31479K (61%)
ptolemy.util.test.WatchDog.cancel(): canceling Thu Jul 11 01:49:17 UTC 2019
auto.tcl: Setting watchdog for 200 seconds at Thu Jul 11 01:49:17 UTC 2019
2 ms. Memory: 51200K Free: 30967K (60%)
ptolemy.util.test.WatchDog.cancel(): canceling Thu Jul 11 01:49:17 UTC 2019
------------------ testing $PTII/ptolemy/domains/de/test/auto/ResetTransitionWithStartTime1.xml
auto.tcl: Setting watchdog for 200 seconds at Thu Jul 11 01:49:17 UTC 2019
7 ms. Memory: 51200K Free: 28771K (56%)
ptolemy.util.test.WatchDog.cancel(): canceling Thu Jul 11 01:49:17 UTC 2019
auto.tcl: Setting watchdog for 200 seconds at Thu Jul 11 01:49:17 UTC 2019
5 ms. Memory: 51200K Free: 26172K (51%)
ptolemy.util.test.WatchDog.cancel(): canceling Thu Jul 11 01:49:17 UTC 2019
------------------ testing $PTII/ptolemy/domains/de/test/auto/ResetTransitionWithStartTime2.xml
auto.tcl: Setting watchdog for 200 seconds at Thu Jul 11 01:49:17 UTC 2019
6 ms. Memory: 51200K Free: 28689K (56%)
ptolemy.util.test.WatchDog.cancel(): canceling Thu Jul 11 01:49:17 UTC 2019
auto.tcl: Setting watchdog for 200 seconds at Thu Jul 11 01:49:17 UTC 2019
6 ms. Memory: 51200K Free: 26127K (51%)
ptolemy.util.test.WatchDog.cancel(): canceling Thu Jul 11 01:49:17 UTC 2019
------------------ testing $PTII/ptolemy/domains/de/test/auto/ResetTransitionWithStartTime3.xml
auto.tcl: Setting watchdog for 200 seconds at Thu Jul 11 01:49:17 UTC 2019
9 ms. Memory: 51200K Free: 28688K (56%)
ptolemy.util.test.WatchDog.cancel(): canceling Thu Jul 11 01:49:17 UTC 2019
auto.tcl: Setting watchdog for 200 seconds at Thu Jul 11 01:49:17 UTC 2019
6 ms. Memory: 51200K Free: 26640K (52%)
ptolemy.util.test.WatchDog.cancel(): canceling Thu Jul 11 01:49:17 UTC 2019
------------------ testing $PTII/ptolemy/domains/de/test/auto/ResetTransitionWithStartTime4.xml
auto.tcl: Setting watchdog for 200 seconds at Thu Jul 11 01:49:17 UTC 2019
8 ms. Memory: 51200K Free: 29114K (57%)
ptolemy.util.test.WatchDog.cancel(): canceling Thu Jul 11 01:49:17 UTC 2019
auto.tcl: Setting watchdog for 200 seconds at Thu Jul 11 01:49:17 UTC 2019
5 ms. Memory: 51200K Free: 27663K (54%)
ptolemy.util.test.WatchDog.cancel(): canceling Thu Jul 11 01:49:17 UTC 2019
------------------ testing $PTII/ptolemy/domains/de/test/auto/ResettableTimer1.xml
auto.tcl: Setting watchdog for 200 seconds at Thu Jul 11 01:49:17 UTC 2019
2 ms. Memory: 51200K Free: 32861K (64%)
ptolemy.util.test.WatchDog.cancel(): canceling Thu Jul 11 01:49:17 UTC 2019
auto.tcl: Setting watchdog for 200 seconds at Thu Jul 11 01:49:17 UTC 2019
2 ms. Memory: 51200K Free: 32242K (63%)
ptolemy.util.test.WatchDog.cancel(): canceling Thu Jul 11 01:49:17 UTC 2019
------------------ testing $PTII/ptolemy/domains/de/test/auto/ResettableTimer2.xml
auto.tcl: Setting watchdog for 200 seconds at Thu Jul 11 01:49:17 UTC 2019
2 ms. Memory: 51200K Free: 32920K (64%)
ptolemy.util.test.WatchDog.cancel(): canceling Thu Jul 11 01:49:17 UTC 2019
auto.tcl: Setting watchdog for 200 seconds at Thu Jul 11 01:49:17 UTC 2019
2 ms. Memory: 51200K Free: 32293K (63%)
ptolemy.util.test.WatchDog.cancel(): canceling Thu Jul 11 01:49:17 UTC 2019
------------------ testing $PTII/ptolemy/domains/de/test/auto/ResettableTimer3.xml
auto.tcl: Setting watchdog for 200 seconds at Thu Jul 11 01:49:17 UTC 2019
1 ms. Memory: 51200K Free: 33330K (65%)
ptolemy.util.test.WatchDog.cancel(): canceling Thu Jul 11 01:49:17 UTC 2019
auto.tcl: Setting watchdog for 200 seconds at Thu Jul 11 01:49:17 UTC 2019
2 ms. Memory: 51200K Free: 32820K (64%)
ptolemy.util.test.WatchDog.cancel(): canceling Thu Jul 11 01:49:17 UTC 2019
------------------ testing $PTII/ptolemy/domains/de/test/auto/ResettableTimer4.xml
auto.tcl: Setting watchdog for 200 seconds at Thu Jul 11 01:49:17 UTC 2019
1 ms. Memory: 51200K Free: 33245K (65%)
ptolemy.util.test.WatchDog.cancel(): canceling Thu Jul 11 01:49:17 UTC 2019
auto.tcl: Setting watchdog for 200 seconds at Thu Jul 11 01:49:17 UTC 2019
1 ms. Memory: 51200K Free: 32305K (63%)
ptolemy.util.test.WatchDog.cancel(): canceling Thu Jul 11 01:49:17 UTC 2019
------------------ testing $PTII/ptolemy/domains/de/test/auto/ResettableTimer5.xml
auto.tcl: Setting watchdog for 200 seconds at Thu Jul 11 01:49:17 UTC 2019
2 ms. Memory: 51200K Free: 32832K (64%)
ptolemy.util.test.WatchDog.cancel(): canceling Thu Jul 11 01:49:17 UTC 2019
auto.tcl: Setting watchdog for 200 seconds at Thu Jul 11 01:49:17 UTC 2019
2 ms. Memory: 51200K Free: 32304K (63%)
ptolemy.util.test.WatchDog.cancel(): canceling Thu Jul 11 01:49:17 UTC 2019
------------------ testing $PTII/ptolemy/domains/de/test/auto/ResettableTimer6.xml
auto.tcl: Setting watchdog for 200 seconds at Thu Jul 11 01:49:17 UTC 2019
1 ms. Memory: 51200K Free: 32309K (63%)
ptolemy.util.test.WatchDog.cancel(): canceling Thu Jul 11 01:49:17 UTC 2019
auto.tcl: Setting watchdog for 200 seconds at Thu Jul 11 01:49:17 UTC 2019
1 ms. Memory: 51200K Free: 31799K (62%)
ptolemy.util.test.WatchDog.cancel(): canceling Thu Jul 11 01:49:17 UTC 2019
------------------ testing $PTII/ptolemy/domains/de/test/auto/ServerZeroDelay.xml
auto.tcl: Setting watchdog for 200 seconds at Thu Jul 11 01:49:18 UTC 2019
2 ms. Memory: 51200K Free: 32897K (64%)
ptolemy.util.test.WatchDog.cancel(): canceling Thu Jul 11 01:49:18 UTC 2019
auto.tcl: Setting watchdog for 200 seconds at Thu Jul 11 01:49:18 UTC 2019
2 ms. Memory: 51200K Free: 31790K (62%)
ptolemy.util.test.WatchDog.cancel(): canceling Thu Jul 11 01:49:18 UTC 2019
------------------ testing $PTII/ptolemy/domains/de/test/auto/SmartSender.xml
auto.tcl: Setting watchdog for 200 seconds at Thu Jul 11 01:49:18 UTC 2019
3002 ms. Memory: 51200K Free: 32808K (64%)
ptolemy.util.test.WatchDog.cancel(): canceling Thu Jul 11 01:49:21 UTC 2019
auto.tcl: Setting watchdog for 200 seconds at Thu Jul 11 01:49:21 UTC 2019
3002 ms. Memory: 51200K Free: 32264K (63%)
ptolemy.util.test.WatchDog.cancel(): canceling Thu Jul 11 01:49:24 UTC 2019
------------------ testing $PTII/ptolemy/domains/de/test/auto/ThreadedComposite.xml
auto.tcl: Setting watchdog for 200 seconds at Thu Jul 11 01:49:24 UTC 2019
249 ms. Memory: 51200K Free: 12342K (24%)
ptolemy.util.test.WatchDog.cancel(): canceling Thu Jul 11 01:49:24 UTC 2019
auto.tcl: Setting watchdog for 200 seconds at Thu Jul 11 01:49:24 UTC 2019
127 ms. Memory: 51200K Free: 29087K (57%)
ptolemy.util.test.WatchDog.cancel(): canceling Thu Jul 11 01:49:24 UTC 2019
------------------ testing $PTII/ptolemy/domains/de/test/auto/Time.xml
auto.tcl: Setting watchdog for 200 seconds at Thu Jul 11 01:49:24 UTC 2019
519 ms. Memory: 51200K Free: 13161K (26%)
ptolemy.util.test.WatchDog.cancel(): canceling Thu Jul 11 01:49:25 UTC 2019
auto.tcl: Setting watchdog for 200 seconds at Thu Jul 11 01:49:25 UTC 2019
480 ms. Memory: 51200K Free: 21786K (43%)
ptolemy.util.test.WatchDog.cancel(): canceling Thu Jul 11 01:49:25 UTC 2019
------------------ testing $PTII/ptolemy/domains/de/test/auto/TimeDelayZeroDelay.xml
auto.tcl: Setting watchdog for 200 seconds at Thu Jul 11 01:49:25 UTC 2019
2 ms. Memory: 51200K Free: 32735K (64%)
ptolemy.util.test.WatchDog.cancel(): canceling Thu Jul 11 01:49:25 UTC 2019
auto.tcl: Setting watchdog for 200 seconds at Thu Jul 11 01:49:25 UTC 2019
2 ms. Memory: 51200K Free: 32275K (63%)
ptolemy.util.test.WatchDog.cancel(): canceling Thu Jul 11 01:49:25 UTC 2019
------------------ testing $PTII/ptolemy/domains/de/test/auto/TimerZeroDelay.xml
auto.tcl: Setting watchdog for 200 seconds at Thu Jul 11 01:49:25 UTC 2019
4 ms. Memory: 51200K Free: 33192K (65%)
ptolemy.util.test.WatchDog.cancel(): canceling Thu Jul 11 01:49:25 UTC 2019
auto.tcl: Setting watchdog for 200 seconds at Thu Jul 11 01:49:25 UTC 2019
2 ms. Memory: 51200K Free: 32778K (64%)
ptolemy.util.test.WatchDog.cancel(): canceling Thu Jul 11 01:49:25 UTC 2019
------------------ testing $PTII/ptolemy/domains/de/test/auto/TimingParadox.xml
auto.tcl: Setting watchdog for 200 seconds at Thu Jul 11 01:49:25 UTC 2019
358 ms. Memory: 75776K Free: 22010K (29%)
ptolemy.util.test.WatchDog.cancel(): canceling Thu Jul 11 01:49:26 UTC 2019
auto.tcl: Setting watchdog for 200 seconds at Thu Jul 11 01:49:26 UTC 2019
335 ms. Memory: 75776K Free: 32123K (42%)
ptolemy.util.test.WatchDog.cancel(): canceling Thu Jul 11 01:49:26 UTC 2019
------------------ testing $PTII/ptolemy/domains/de/test/auto/TransferInputs.xml
auto.tcl: Setting watchdog for 200 seconds at Thu Jul 11 01:49:26 UTC 2019
2 ms. Memory: 58368K Free: 38421K (66%)
ptolemy.util.test.WatchDog.cancel(): canceling Thu Jul 11 01:49:26 UTC 2019
auto.tcl: Setting watchdog for 200 seconds at Thu Jul 11 01:49:26 UTC 2019
2 ms. Memory: 58368K Free: 37927K (65%)
ptolemy.util.test.WatchDog.cancel(): canceling Thu Jul 11 01:49:26 UTC 2019
------------------ testing $PTII/ptolemy/domains/de/test/auto/TransferOutputs2.xml
auto.tcl: Setting watchdog for 200 seconds at Thu Jul 11 01:49:26 UTC 2019
14 ms. Memory: 51200K Free: 28688K (56%)
ptolemy.util.test.WatchDog.cancel(): canceling Thu Jul 11 01:49:26 UTC 2019
auto.tcl: Setting watchdog for 200 seconds at Thu Jul 11 01:49:26 UTC 2019
3 ms. Memory: 51200K Free: 27206K (53%)
ptolemy.util.test.WatchDog.cancel(): canceling Thu Jul 11 01:49:26 UTC 2019
------------------ testing $PTII/ptolemy/domains/de/test/auto/Trilateration.xml
auto.tcl: Setting watchdog for 200 seconds at Thu Jul 11 01:49:26 UTC 2019
15038 ms. Memory: 485376K Free: 263394K (54%)
ptolemy.util.test.WatchDog.cancel(): canceling Thu Jul 11 01:49:43 UTC 2019
auto.tcl: Setting watchdog for 200 seconds at Thu Jul 11 01:49:43 UTC 2019
11301 ms. Memory: 485376K Free: 238785K (49%)
ptolemy.util.test.WatchDog.cancel(): canceling Thu Jul 11 01:49:54 UTC 2019
------------------ testing $PTII/ptolemy/domains/de/test/auto/TwoSigmaDelta.xml
auto.tcl: Setting watchdog for 200 seconds at Thu Jul 11 01:49:54 UTC 2019
2719 ms. Memory: 92160K Free: 30900K (34%)
ptolemy.util.test.WatchDog.cancel(): canceling Thu Jul 11 01:49:57 UTC 2019
auto.tcl: Setting watchdog for 200 seconds at Thu Jul 11 01:49:57 UTC 2019
2086 ms. Memory: 92160K Free: 36558K (40%)
ptolemy.util.test.WatchDog.cancel(): canceling Thu Jul 11 01:49:59 UTC 2019
------------------ testing $PTII/ptolemy/domains/de/test/auto/VariableDelay.xml
auto.tcl: Setting watchdog for 200 seconds at Thu Jul 11 01:49:59 UTC 2019
5 ms. Memory: 55296K Free: 35837K (65%)
ptolemy.util.test.WatchDog.cancel(): canceling Thu Jul 11 01:49:59 UTC 2019
auto.tcl: Setting watchdog for 200 seconds at Thu Jul 11 01:49:59 UTC 2019
2 ms. Memory: 55296K Free: 35333K (64%)
ptolemy.util.test.WatchDog.cancel(): canceling Thu Jul 11 01:49:59 UTC 2019
------------------ testing $PTII/ptolemy/domains/de/test/auto/VariableDelay2.xml
auto.tcl: Setting watchdog for 200 seconds at Thu Jul 11 01:49:59 UTC 2019
8 ms. Memory: 51200K Free: 32116K (63%)
ptolemy.util.test.WatchDog.cancel(): canceling Thu Jul 11 01:49:59 UTC 2019
auto.tcl: Setting watchdog for 200 seconds at Thu Jul 11 01:49:59 UTC 2019
2 ms. Memory: 51200K Free: 31636K (62%)
ptolemy.util.test.WatchDog.cancel(): canceling Thu Jul 11 01:49:59 UTC 2019
------------------ testing $PTII/ptolemy/domains/de/test/auto/VariableDelayZeroDelay.xml
auto.tcl: Setting watchdog for 200 seconds at Thu Jul 11 01:49:59 UTC 2019
2 ms. Memory: 51200K Free: 32660K (64%)
ptolemy.util.test.WatchDog.cancel(): canceling Thu Jul 11 01:49:59 UTC 2019
auto.tcl: Setting watchdog for 200 seconds at Thu Jul 11 01:49:59 UTC 2019
2 ms. Memory: 51200K Free: 32146K (63%)
ptolemy.util.test.WatchDog.cancel(): canceling Thu Jul 11 01:49:59 UTC 2019
------------------ testing $PTII/ptolemy/domains/de/test/auto/VariableDelayZeroDelay2.xml
auto.tcl: Setting watchdog for 200 seconds at Thu Jul 11 01:49:59 UTC 2019
5 ms. Memory: 51200K Free: 32658K (64%)
ptolemy.util.test.WatchDog.cancel(): canceling Thu Jul 11 01:49:59 UTC 2019
auto.tcl: Setting watchdog for 200 seconds at Thu Jul 11 01:49:59 UTC 2019
2 ms. Memory: 51200K Free: 31634K (62%)
ptolemy.util.test.WatchDog.cancel(): canceling Thu Jul 11 01:49:59 UTC 2019
------------------ testing $PTII/ptolemy/domains/de/test/auto/deInCt.xml
auto.tcl: Setting watchdog for 200 seconds at Thu Jul 11 01:49:59 UTC 2019
0
1
1
1
0
0
0
1
1
1
0
0
1
1
1
1
1
0
0
0
1
1
1
0
0
0
1
1
1
1
0
0
1
1
1
0
0
0
0
1
1
1
1
17 ms. Memory: 51200K Free: 31631K (62%)
ptolemy.util.test.WatchDog.cancel(): canceling Thu Jul 11 01:49:59 UTC 2019
auto.tcl: Setting watchdog for 200 seconds at Thu Jul 11 01:49:59 UTC 2019
0
1
1
1
0
0
0
0
1
1
1
1
0
0
0
1
1
1
1
0
0
0
1
1
1
1
1
1
0
0
0
1
1
1
1
15 ms. Memory: 51200K Free: 30093K (59%)
ptolemy.util.test.WatchDog.cancel(): canceling Thu Jul 11 01:49:59 UTC 2019
------------------ testing $PTII/ptolemy/domains/de/test/auto/deInCt2.xml
auto.tcl: Setting watchdog for 200 seconds at Thu Jul 11 01:49:59 UTC 2019
0
1
1
1
0
0
1
1
1
0
0
1
1
1
0
0
1
1
1
0
0
1
1
1
0
0
1
1
1
0
0
1
1
1
0
0
1
1
1
0
0
0
7 ms. Memory: 51200K Free: 31633K (62%)
ptolemy.util.test.WatchDog.cancel(): canceling Thu Jul 11 01:49:59 UTC 2019
auto.tcl: Setting watchdog for 200 seconds at Thu Jul 11 01:49:59 UTC 2019
0
1
1
1
0
0
1
1
1
0
0
1
1
1
0
0
1
1
1
0
0
1
1
1
0
0
1
1
1
0
0
1
1
1
0
0
1
1
1
0
0
0
5 ms. Memory: 51200K Free: 30098K (59%)
ptolemy.util.test.WatchDog.cancel(): canceling Thu Jul 11 01:49:59 UTC 2019
------------------ testing $PTII/ptolemy/domains/de/test/auto/dynamicCausalityInterface1.xml
auto.tcl: Setting watchdog for 200 seconds at Thu Jul 11 01:49:59 UTC 2019
1 ms. Memory: 51200K Free: 27531K (54%)
ptolemy.util.test.WatchDog.cancel(): canceling Thu Jul 11 01:50:00 UTC 2019
auto.tcl: Setting watchdog for 200 seconds at Thu Jul 11 01:50:00 UTC 2019
1 ms. Memory: 51200K Free: 27007K (53%)
ptolemy.util.test.WatchDog.cancel(): canceling Thu Jul 11 01:50:00 UTC 2019
------------------ testing $PTII/ptolemy/domains/de/test/auto/fsm_de_test.xml
auto.tcl: Setting watchdog for 200 seconds at Thu Jul 11 01:50:00 UTC 2019
9 ms. Memory: 51200K Free: 27430K (54%)
ptolemy.util.test.WatchDog.cancel(): canceling Thu Jul 11 01:50:00 UTC 2019
auto.tcl: Setting watchdog for 200 seconds at Thu Jul 11 01:50:00 UTC 2019
6 ms. Memory: 51200K Free: 25382K (50%)
ptolemy.util.test.WatchDog.cancel(): canceling Thu Jul 11 01:50:00 UTC 2019
------------------ testing $PTII/ptolemy/domains/de/test/auto/functionDependencyReconstruction.xml
auto.tcl: Setting watchdog for 200 seconds at Thu Jul 11 01:50:00 UTC 2019
4 ms. Memory: 51200K Free: 21276K (42%)
ptolemy.util.test.WatchDog.cancel(): canceling Thu Jul 11 01:50:00 UTC 2019
auto.tcl: Setting watchdog for 200 seconds at Thu Jul 11 01:50:00 UTC 2019
3 ms. Memory: 51200K Free: 19228K (38%)
ptolemy.util.test.WatchDog.cancel(): canceling Thu Jul 11 01:50:00 UTC 2019
------------------ testing $PTII/ptolemy/domains/de/test/auto/multirate.xml
auto.tcl: Setting watchdog for 200 seconds at Thu Jul 11 01:50:00 UTC 2019
3 ms. Memory: 51200K Free: 30070K (59%)
ptolemy.util.test.WatchDog.cancel(): canceling Thu Jul 11 01:50:00 UTC 2019
auto.tcl: Setting watchdog for 200 seconds at Thu Jul 11 01:50:00 UTC 2019
4 ms. Memory: 51200K Free: 28827K (56%)
ptolemy.util.test.WatchDog.cancel(): canceling Thu Jul 11 01:50:00 UTC 2019
------------------ testing $PTII/ptolemy/domains/de/test/auto/multirate2.xml
auto.tcl: Setting watchdog for 200 seconds at Thu Jul 11 01:50:00 UTC 2019
3 ms. Memory: 51200K Free: 30027K (59%)
ptolemy.util.test.WatchDog.cancel(): canceling Thu Jul 11 01:50:00 UTC 2019
auto.tcl: Setting watchdog for 200 seconds at Thu Jul 11 01:50:00 UTC 2019
4 ms. Memory: 51200K Free: 28507K (56%)
ptolemy.util.test.WatchDog.cancel(): canceling Thu Jul 11 01:50:00 UTC 2019
------------------ testing $PTII/ptolemy/domains/de/test/auto/realtime.xml
auto.tcl: Setting watchdog for 200 seconds at Thu Jul 11 01:50:00 UTC 2019
10003 ms. Memory: 51200K Free: 32088K (63%)
ptolemy.util.test.WatchDog.cancel(): canceling Thu Jul 11 01:50:10 UTC 2019
auto.tcl: Setting watchdog for 200 seconds at Thu Jul 11 01:50:10 UTC 2019
10003 ms. Memory: 51200K Free: 31578K (62%)
ptolemy.util.test.WatchDog.cancel(): canceling Thu Jul 11 01:50:20 UTC 2019
------------------ testing $PTII/ptolemy/domains/de/test/auto/relationGroup.xml
auto.tcl: Setting watchdog for 200 seconds at Thu Jul 11 01:50:20 UTC 2019
2 ms. Memory: 51200K Free: 33167K (65%)
ptolemy.util.test.WatchDog.cancel(): canceling Thu Jul 11 01:50:20 UTC 2019
auto.tcl: Setting watchdog for 200 seconds at Thu Jul 11 01:50:20 UTC 2019
2 ms. Memory: 51200K Free: 32657K (64%)
ptolemy.util.test.WatchDog.cancel(): canceling Thu Jul 11 01:50:20 UTC 2019
------------------ testing $PTII/ptolemy/domains/de/test/auto/relationGroup2.xml
auto.tcl: Setting watchdog for 200 seconds at Thu Jul 11 01:50:20 UTC 2019
1 ms. Memory: 51200K Free: 33194K (65%)
ptolemy.util.test.WatchDog.cancel(): canceling Thu Jul 11 01:50:20 UTC 2019
auto.tcl: Setting watchdog for 200 seconds at Thu Jul 11 01:50:20 UTC 2019
2 ms. Memory: 51200K Free: 32684K (64%)
ptolemy.util.test.WatchDog.cancel(): canceling Thu Jul 11 01:50:20 UTC 2019
------------------ testing $PTII/ptolemy/domains/de/test/auto/sortWithOpaquePorts.xml
auto.tcl: Setting watchdog for 200 seconds at Thu Jul 11 01:50:20 UTC 2019
2 ms. Memory: 51200K Free: 31661K (62%)
ptolemy.util.test.WatchDog.cancel(): canceling Thu Jul 11 01:50:20 UTC 2019
auto.tcl: Setting watchdog for 200 seconds at Thu Jul 11 01:50:20 UTC 2019
1 ms. Memory: 51200K Free: 30637K (60%)
ptolemy.util.test.WatchDog.cancel(): canceling Thu Jul 11 01:50:20 UTC 2019
------------------ testing $PTII/ptolemy/domains/de/test/auto/transferInputsandOutputs.xml
auto.tcl: Setting watchdog for 200 seconds at Thu Jul 11 01:50:20 UTC 2019
2 ms. Memory: 51200K Free: 29600K (58%)
ptolemy.util.test.WatchDog.cancel(): canceling Thu Jul 11 01:50:20 UTC 2019
auto.tcl: Setting watchdog for 200 seconds at Thu Jul 11 01:50:20 UTC 2019
2 ms. Memory: 51200K Free: 28576K (56%)
ptolemy.util.test.WatchDog.cancel(): canceling Thu Jul 11 01:50:20 UTC 2019
------------------ testing $PTII/ptolemy/domains/de/test/auto/triggerType.xml
auto.tcl: Setting watchdog for 200 seconds at Thu Jul 11 01:50:20 UTC 2019
2 ms. Memory: 51200K Free: 32625K (64%)
ptolemy.util.test.WatchDog.cancel(): canceling Thu Jul 11 01:50:20 UTC 2019
auto.tcl: Setting watchdog for 200 seconds at Thu Jul 11 01:50:20 UTC 2019
1 ms. Memory: 51200K Free: 31601K (62%)
ptolemy.util.test.WatchDog.cancel(): canceling Thu Jul 11 01:50:20 UTC 2019
07/11/19 01:50:20
Failed: 0  Total Tests: 192  ((Passed: 187, Newly Passed: 1)  Known Failed: 5) /home/travis/build/icyphy/ptII/ptolemy/domains/de/test
07/11/19 01:50:20
Failed: 0  Total Tests: 192  ((Passed: 187, Newly Passed: 1)  Known Failed: 5) /home/travis/build/icyphy/ptII/ptolemy/domains/de/test
----------------- testing (KnownFailure) /home/travis/build/icyphy/ptII/ptolemy/domains/de/test/auto/knownFailedTests/DESDFClockTest.xml
2010 ms. Memory: 51200K Free: 26020K (51%)
Known Failure: java.lang.reflect.InvocationTargetException
----------------- testing (KnownFailure) /home/travis/build/icyphy/ptII/ptolemy/domains/de/test/auto/knownFailedTests/DirectFeedback.xml
2 ms. Memory: 51200K Free: 22438K (44%)
Known Failure: java.lang.reflect.InvocationTargetException
----------------- testing (KnownFailure) /home/travis/build/icyphy/ptII/ptolemy/domains/de/test/auto/knownFailedTests/FSMSource.xml
12 ms. Memory: 51200K Free: 15270K (30%)
----------------- testing (KnownFailure) /home/travis/build/icyphy/ptII/ptolemy/domains/de/test/auto/knownFailedTests/HierarchicalModel.xml
3 ms. Memory: 51200K Free: 28443K (56%)
Known Failure: java.lang.reflect.InvocationTargetException
----------------- testing (KnownFailure) /home/travis/build/icyphy/ptII/ptolemy/domains/de/test/auto/knownFailedTests/dependencyLoop.xml
1 ms. Memory: 51200K Free: 13393K (26%)
Known Failure: java.lang.reflect.InvocationTargetException
----------------- testing (KnownFailure) /home/travis/build/icyphy/ptII/ptolemy/domains/de/test/auto/knownFailedTests/dependencyLoop2.xml
2 ms. Memory: 51200K Free: 27295K (53%)
Known Failure: java.lang.reflect.InvocationTargetException
No auto/linux-amd64/*.xml tests in /home/travis/build/icyphy/ptII/ptolemy/domains/de/test
AutoTests.java: About to close Vertx.
AutoTests.java: Vertx closed.

===========================================================================================
----------------- testing Thu Jul 11 01:50:23 UTC 2019 /home/travis/build/icyphy/ptII/ptolemy/domains/de/test/auto/ActorDepthCalculation_actorWithoutPorts.xml
----------------- Instantiating /home/travis/build/icyphy/ptII/ptolemy/domains/de/test/auto/ActorDepthCalculation_actorWithoutPorts.xml
2 ms. Memory: 51200K Free: 20548K (40%)
----------------- Invoking toplevel() on ptolemy.moml.MoMLSimpleApplication@33e36020
----------------- Done invoking toplevel() on ptolemy.moml.MoMLSimpleApplication@33e36020
reloadAllAccessors: .ActorDepthCalculation_actorWithoutPorts

===========================================================================================
----------------- testing Thu Jul 11 01:50:23 UTC 2019 /home/travis/build/icyphy/ptII/ptolemy/domains/de/test/auto/AssemblyLine.xml
----------------- Instantiating /home/travis/build/icyphy/ptII/ptolemy/domains/de/test/auto/AssemblyLine.xml
2 ms. Memory: 51200K Free: 13380K (26%)
----------------- Invoking toplevel() on ptolemy.moml.MoMLSimpleApplication@160cfe35
----------------- Done invoking toplevel() on ptolemy.moml.MoMLSimpleApplication@160cfe35
reloadAllAccessors: .AssemblyLine

===========================================================================================
----------------- testing Thu Jul 11 01:50:23 UTC 2019 /home/travis/build/icyphy/ptII/ptolemy/domains/de/test/auto/CQBug1.xml
----------------- Instantiating /home/travis/build/icyphy/ptII/ptolemy/domains/de/test/auto/CQBug1.xml
1 ms. Memory: 51200K Free: 10597K (21%)
----------------- Invoking toplevel() on ptolemy.moml.MoMLSimpleApplication@23d64256
----------------- Done invoking toplevel() on ptolemy.moml.MoMLSimpleApplication@23d64256
reloadAllAccessors: .CQBug1

===========================================================================================
----------------- testing Thu Jul 11 01:50:23 UTC 2019 /home/travis/build/icyphy/ptII/ptolemy/domains/de/test/auto/CancelFireAt.xml
----------------- Instantiating /home/travis/build/icyphy/ptII/ptolemy/domains/de/test/auto/CancelFireAt.xml
1 ms. Memory: 51200K Free: 8238K (16%)
----------------- Invoking toplevel() on ptolemy.moml.MoMLSimpleApplication@509fe3f4
----------------- Done invoking toplevel() on ptolemy.moml.MoMLSimpleApplication@509fe3f4
reloadAllAccessors: .CancelFireAt

===========================================================================================
----------------- testing Thu Jul 11 01:50:23 UTC 2019 /home/travis/build/icyphy/ptII/ptolemy/domains/de/test/auto/CausalityAndComposabilityAnalysis.xml
----------------- Instantiating /home/travis/build/icyphy/ptII/ptolemy/domains/de/test/auto/CausalityAndComposabilityAnalysis.xml
1 ms. Memory: 51200K Free: 32715K (64%)
----------------- Invoking toplevel() on ptolemy.moml.MoMLSimpleApplication@76f716ee
----------------- Done invoking toplevel() on ptolemy.moml.MoMLSimpleApplication@76f716ee
reloadAllAccessors: .CausalityAndComposabilityAnalysis

===========================================================================================
----------------- testing Thu Jul 11 01:50:23 UTC 2019 /home/travis/build/icyphy/ptII/ptolemy/domains/de/test/auto/CausalityInterface1.xml
----------------- Instantiating /home/travis/build/icyphy/ptII/ptolemy/domains/de/test/auto/CausalityInterface1.xml
4 ms. Memory: 51200K Free: 27611K (54%)
----------------- Invoking toplevel() on ptolemy.moml.MoMLSimpleApplication@78116016
----------------- Done invoking toplevel() on ptolemy.moml.MoMLSimpleApplication@78116016
reloadAllAccessors: .CausalityInterface1

===========================================================================================
----------------- testing Thu Jul 11 01:50:23 UTC 2019 /home/travis/build/icyphy/ptII/ptolemy/domains/de/test/auto/CausalityInterface15.xml
----------------- Instantiating /home/travis/build/icyphy/ptII/ptolemy/domains/de/test/auto/CausalityInterface15.xml
3 ms. Memory: 51200K Free: 22100K (43%)
----------------- Invoking toplevel() on ptolemy.moml.MoMLSimpleApplication@19676d57
----------------- Done invoking toplevel() on ptolemy.moml.MoMLSimpleApplication@19676d57
reloadAllAccessors: .CausalityInterface15

===========================================================================================
----------------- testing Thu Jul 11 01:50:23 UTC 2019 /home/travis/build/icyphy/ptII/ptolemy/domains/de/test/auto/CausalityInterface2.xml
----------------- Instantiating /home/travis/build/icyphy/ptII/ptolemy/domains/de/test/auto/CausalityInterface2.xml
1 ms. Memory: 51200K Free: 17657K (34%)
[...]
	at ptolemy.actor.Manager.run(Manager.java:1263)
	at ptolemy.actor.Manager$PtolemyRunThread.run(Manager.java:1915)
java.lang.RuntimeException: Execution failed
	at ptolemy.moml.MoMLSimpleApplication$UnloadThread.run(MoMLSimpleApplication.java:402)
Caused by: ptolemy.kernel.util.IllegalActionException: Actor is not ready to fire.  Perhaps UpSample.prefire() returned false? Try debugging the actor by selecting "Listen to Actor".  Also, for SDF check moml for tokenConsumptionRate on input.
  in .DESDFClockTest.Play Bell.Copy1:SDF Director and .DESDFClockTest.Play Bell.UpSample
	at ptolemy.actor.sched.StaticSchedulingDirector.fire(StaticSchedulingDirector.java:227)
	at ptolemy.domains.sdf.kernel.SDFDirector.fire(SDFDirector.java:500)
	at ptolemy.actor.CompositeActor.fire(CompositeActor.java:455)
	at ptolemy.domains.de.kernel.DEDirector._fire(DEDirector.java:1949)
	at ptolemy.domains.de.kernel.DEDirector.fire(DEDirector.java:502)
	at ptolemy.actor.CompositeActor.fire(CompositeActor.java:455)
	at ptolemy.actor.Manager.iterate(Manager.java:851)
	at ptolemy.actor.Manager.execute(Manager.java:369)
	at ptolemy.actor.Manager.run(Manager.java:1263)
	at ptolemy.actor.Manager$PtolemyRunThread.run(Manager.java:1915)
java.lang.reflect.InvocationTargetException
	at java.base/jdk.internal.reflect.NativeConstructorAccessorImpl.newInstance0(Native Method)
	at java.base/jdk.internal.reflect.NativeConstructorAccessorImpl.newInstance(NativeConstructorAccessorImpl.java:62)
	at java.base/jdk.internal.reflect.DelegatingConstructorAccessorImpl.newInstance(DelegatingConstructorAccessorImpl.java:45)
	at java.base/java.lang.reflect.Constructor.newInstance(Constructor.java:488)
	at ptolemy.util.test.junit.AutoKnownFailedTests.RunModel(AutoKnownFailedTests.java:105)
	at java.base/jdk.internal.reflect.NativeMethodAccessorImpl.invoke0(Native Method)
	at java.base/jdk.internal.reflect.NativeMethodAccessorImpl.invoke(NativeMethodAccessorImpl.java:62)
	at java.base/jdk.internal.reflect.DelegatingMethodAccessorImpl.invoke(DelegatingMethodAccessorImpl.java:43)
	at java.base/java.lang.reflect.Method.invoke(Method.java:564)
	at org.junit.runners.model.FrameworkMethod$1.runReflectiveCall(FrameworkMethod.java:44)
	at org.junit.internal.runners.model.ReflectiveCallable.run(ReflectiveCallable.java:15)
	at org.junit.runners.model.FrameworkMethod.invokeExplosively(FrameworkMethod.java:41)
	at junitparams.internal.InvokeParameterisedMethod.evaluate(InvokeParameterisedMethod.java:102)
	at org.junit.internal.runners.statements.FailOnTimeout$1.run(FailOnTimeout.java:28)
Caused by: ptolemy.kernel.util.IllegalActionException: Actor is not ready to fire.  Perhaps UpSample.prefire() returned false? Try debugging the actor by selecting "Listen to Actor".  Also, for SDF check moml for tokenConsumptionRate on input.
  in .DESDFClockTest.Play Bell.Copy1:SDF Director and .DESDFClockTest.Play Bell.UpSample
	at ptolemy.actor.sched.StaticSchedulingDirector.fire(StaticSchedulingDirector.java:227)
	at ptolemy.domains.sdf.kernel.SDFDirector.fire(SDFDirector.java:500)
	at ptolemy.actor.CompositeActor.fire(CompositeActor.java:455)
	at ptolemy.domains.de.kernel.DEDirector._fire(DEDirector.java:1949)
	at ptolemy.domains.de.kernel.DEDirector.fire(DEDirector.java:502)
	at ptolemy.actor.CompositeActor.fire(CompositeActor.java:455)
	at ptolemy.actor.Manager.iterate(Manager.java:851)
	at ptolemy.actor.Manager.execute(Manager.java:369)
	at ptolemy.actor.Manager.run(Manager.java:1263)
	at ptolemy.actor.Manager$PtolemyRunThread.run(Manager.java:1915)
java.lang.RuntimeException: Execution failed
	at ptolemy.moml.MoMLSimpleApplication$UnloadThread.run(MoMLSimpleApplication.java:402)
Caused by: ptolemy.kernel.util.IllegalActionException: Test fails in iteration 1.
Value was: 1.0. Should have been: 2.0
  in .DirectFeedback.Test
	at ptolemy.actor.lib.Test.fire(Test.java:268)
	at ptolemy.domains.de.kernel.DEDirector._fire(DEDirector.java:1949)
	at ptolemy.domains.de.kernel.DEDirector.fire(DEDirector.java:502)
	at ptolemy.actor.CompositeActor.fire(CompositeActor.java:455)
	at ptolemy.actor.Manager.iterate(Manager.java:851)
	at ptolemy.actor.Manager.execute(Manager.java:369)
	at ptolemy.actor.Manager.run(Manager.java:1263)
	at ptolemy.actor.Manager$PtolemyRunThread.run(Manager.java:1915)
java.lang.reflect.InvocationTargetException
	at java.base/jdk.internal.reflect.NativeConstructorAccessorImpl.newInstance0(Native Method)
	at java.base/jdk.internal.reflect.NativeConstructorAccessorImpl.newInstance(NativeConstructorAccessorImpl.java:62)
	at java.base/jdk.internal.reflect.DelegatingConstructorAccessorImpl.newInstance(DelegatingConstructorAccessorImpl.java:45)
	at java.base/java.lang.reflect.Constructor.newInstance(Constructor.java:488)
	at ptolemy.util.test.junit.AutoKnownFailedTests.RunModel(AutoKnownFailedTests.java:105)
	at java.base/jdk.internal.reflect.NativeMethodAccessorImpl.invoke0(Native Method)
	at java.base/jdk.internal.reflect.NativeMethodAccessorImpl.invoke(NativeMethodAccessorImpl.java:62)
	at java.base/jdk.internal.reflect.DelegatingMethodAccessorImpl.invoke(DelegatingMethodAccessorImpl.java:43)
	at java.base/java.lang.reflect.Method.invoke(Method.java:564)
	at org.junit.runners.model.FrameworkMethod$1.runReflectiveCall(FrameworkMethod.java:44)
	at org.junit.internal.runners.model.ReflectiveCallable.run(ReflectiveCallable.java:15)
	at org.junit.runners.model.FrameworkMethod.invokeExplosively(FrameworkMethod.java:41)
	at junitparams.internal.InvokeParameterisedMethod.evaluate(InvokeParameterisedMethod.java:102)
	at org.junit.internal.runners.statements.FailOnTimeout$1.run(FailOnTimeout.java:28)
Caused by: ptolemy.kernel.util.IllegalActionException: Test fails in iteration 1.
Value was: 1.0. Should have been: 2.0
  in .DirectFeedback.Test
	at ptolemy.actor.lib.Test.fire(Test.java:268)
	at ptolemy.domains.de.kernel.DEDirector._fire(DEDirector.java:1949)
	at ptolemy.domains.de.kernel.DEDirector.fire(DEDirector.java:502)
	at ptolemy.actor.CompositeActor.fire(CompositeActor.java:455)
	at ptolemy.actor.Manager.iterate(Manager.java:851)
	at ptolemy.actor.Manager.execute(Manager.java:369)
	at ptolemy.actor.Manager.run(Manager.java:1263)
	at ptolemy.actor.Manager$PtolemyRunThread.run(Manager.java:1915)
java.lang.RuntimeException: Execution failed
	at ptolemy.moml.MoMLSimpleApplication$UnloadThread.run(MoMLSimpleApplication.java:402)
Caused by: ptolemy.kernel.util.IllegalActionException: Found a zero delay loop containing .HierarchicalModel.A
  in .HierarchicalModel and .HierarchicalModel.A
	at ptolemy.actor.util.CausalityInterfaceForComposites._computeOutputPortDepth(CausalityInterfaceForComposites.java:759)
	at ptolemy.actor.util.CausalityInterfaceForComposites._computeInputDepth(CausalityInterfaceForComposites.java:696)
	at ptolemy.actor.util.CausalityInterfaceForComposites._computeOutputPortDepth(CausalityInterfaceForComposites.java:765)
	at ptolemy.actor.util.CausalityInterfaceForComposites._computeInputDepth(CausalityInterfaceForComposites.java:696)
	at ptolemy.actor.util.CausalityInterfaceForComposites._computeOutputPortDepth(CausalityInterfaceForComposites.java:765)
	at ptolemy.actor.util.CausalityInterfaceForComposites._computeInputDepth(CausalityInterfaceForComposites.java:696)
	at ptolemy.actor.util.CausalityInterfaceForComposites._computeActorDepth(CausalityInterfaceForComposites.java:532)
	at ptolemy.actor.util.CausalityInterfaceForComposites.checkForCycles(CausalityInterfaceForComposites.java:96)
	at ptolemy.domains.de.kernel.DEDirector.preinitialize(DEDirector.java:1338)
	at ptolemy.actor.CompositeActor.preinitialize(CompositeActor.java:1828)
	at ptolemy.actor.Manager.preinitializeAndResolveTypes(Manager.java:1040)
	at ptolemy.actor.Manager.initialize(Manager.java:710)
	at ptolemy.actor.Manager.execute(Manager.java:356)
	at ptolemy.actor.Manager.run(Manager.java:1263)
	at ptolemy.actor.Manager$PtolemyRunThread.run(Manager.java:1915)
java.lang.reflect.InvocationTargetException
	at java.base/jdk.internal.reflect.NativeConstructorAccessorImpl.newInstance0(Native Method)
	at java.base/jdk.internal.reflect.NativeConstructorAccessorImpl.newInstance(NativeConstructorAccessorImpl.java:62)
	at java.base/jdk.internal.reflect.DelegatingConstructorAccessorImpl.newInstance(DelegatingConstructorAccessorImpl.java:45)
	at java.base/java.lang.reflect.Constructor.newInstance(Constructor.java:488)
	at ptolemy.util.test.junit.AutoKnownFailedTests.RunModel(AutoKnownFailedTests.java:105)
	at java.base/jdk.internal.reflect.NativeMethodAccessorImpl.invoke0(Native Method)
	at java.base/jdk.internal.reflect.NativeMethodAccessorImpl.invoke(NativeMethodAccessorImpl.java:62)
	at java.base/jdk.internal.reflect.DelegatingMethodAccessorImpl.invoke(DelegatingMethodAccessorImpl.java:43)
	at java.base/java.lang.reflect.Method.invoke(Method.java:564)
	at org.junit.runners.model.FrameworkMethod$1.runReflectiveCall(FrameworkMethod.java:44)
	at org.junit.internal.runners.model.ReflectiveCallable.run(ReflectiveCallable.java:15)
	at org.junit.runners.model.FrameworkMethod.invokeExplosively(FrameworkMethod.java:41)
	at junitparams.internal.InvokeParameterisedMethod.evaluate(InvokeParameterisedMethod.java:102)
	at org.junit.internal.runners.statements.FailOnTimeout$1.run(FailOnTimeout.java:28)
Caused by: ptolemy.kernel.util.IllegalActionException: Found a zero delay loop containing .HierarchicalModel.A
  in .HierarchicalModel and .HierarchicalModel.A
	at ptolemy.actor.util.CausalityInterfaceForComposites._computeOutputPortDepth(CausalityInterfaceForComposites.java:759)
	at ptolemy.actor.util.CausalityInterfaceForComposites._computeInputDepth(CausalityInterfaceForComposites.java:696)
	at ptolemy.actor.util.CausalityInterfaceForComposites._computeOutputPortDepth(CausalityInterfaceForComposites.java:765)
	at ptolemy.actor.util.CausalityInterfaceForComposites._computeInputDepth(CausalityInterfaceForComposites.java:696)
	at ptolemy.actor.util.CausalityInterfaceForComposites._computeOutputPortDepth(CausalityInterfaceForComposites.java:765)
	at ptolemy.actor.util.CausalityInterfaceForComposites._computeInputDepth(CausalityInterfaceForComposites.java:696)
	at ptolemy.actor.util.CausalityInterfaceForComposites._computeActorDepth(CausalityInterfaceForComposites.java:532)
	at ptolemy.actor.util.CausalityInterfaceForComposites.checkForCycles(CausalityInterfaceForComposites.java:96)
	at ptolemy.domains.de.kernel.DEDirector.preinitialize(DEDirector.java:1338)
	at ptolemy.actor.CompositeActor.preinitialize(CompositeActor.java:1828)
	at ptolemy.actor.Manager.preinitializeAndResolveTypes(Manager.java:1040)
	at ptolemy.actor.Manager.initialize(Manager.java:710)
	at ptolemy.actor.Manager.execute(Manager.java:356)
	at ptolemy.actor.Manager.run(Manager.java:1263)
	at ptolemy.actor.Manager$PtolemyRunThread.run(Manager.java:1915)
java.lang.RuntimeException: Execution failed
	at ptolemy.moml.MoMLSimpleApplication$UnloadThread.run(MoMLSimpleApplication.java:402)
Caused by: ptolemy.kernel.util.IllegalActionException: Found a zero delay loop containing .dependencyLoop.original
  in .dependencyLoop and .dependencyLoop.original
	at ptolemy.actor.util.CausalityInterfaceForComposites._computeOutputPortDepth(CausalityInterfaceForComposites.java:759)
	at ptolemy.actor.util.CausalityInterfaceForComposites._computeInputDepth(CausalityInterfaceForComposites.java:696)
	at ptolemy.actor.util.CausalityInterfaceForComposites._computeOutputPortDepth(CausalityInterfaceForComposites.java:765)
	at ptolemy.actor.util.CausalityInterfaceForComposites._computeInputDepth(CausalityInterfaceForComposites.java:696)
	at ptolemy.actor.util.CausalityInterfaceForComposites._computeOutputPortDepth(CausalityInterfaceForComposites.java:765)
	at ptolemy.actor.util.CausalityInterfaceForComposites._computeInputDepth(CausalityInterfaceForComposites.java:696)
	at ptolemy.actor.util.CausalityInterfaceForComposites._computeActorDepth(CausalityInterfaceForComposites.java:532)
	at ptolemy.actor.util.CausalityInterfaceForComposites.checkForCycles(CausalityInterfaceForComposites.java:96)
	at ptolemy.domains.de.kernel.DEDirector.preinitialize(DEDirector.java:1338)
	at ptolemy.actor.CompositeActor.preinitialize(CompositeActor.java:1828)
	at ptolemy.actor.Manager.preinitializeAndResolveTypes(Manager.java:1040)
	at ptolemy.actor.Manager.initialize(Manager.java:710)
	at ptolemy.actor.Manager.execute(Manager.java:356)
	at ptolemy.actor.Manager.run(Manager.java:1263)
	at ptolemy.actor.Manager$PtolemyRunThread.run(Manager.java:1915)
java.lang.reflect.InvocationTargetException
	at java.base/jdk.internal.reflect.NativeConstructorAccessorImpl.newInstance0(Native Method)
	at java.base/jdk.internal.reflect.NativeConstructorAccessorImpl.newInstance(NativeConstructorAccessorImpl.java:62)
	at java.base/jdk.internal.reflect.DelegatingConstructorAccessorImpl.newInstance(DelegatingConstructorAccessorImpl.java:45)
	at java.base/java.lang.reflect.Constructor.newInstance(Constructor.java:488)
	at ptolemy.util.test.junit.AutoKnownFailedTests.RunModel(AutoKnownFailedTests.java:105)
	at java.base/jdk.internal.reflect.NativeMethodAccessorImpl.invoke0(Native Method)
	at java.base/jdk.internal.reflect.NativeMethodAccessorImpl.invoke(NativeMethodAccessorImpl.java:62)
	at java.base/jdk.internal.reflect.DelegatingMethodAccessorImpl.invoke(DelegatingMethodAccessorImpl.java:43)
	at java.base/java.lang.reflect.Method.invoke(Method.java:564)
	at org.junit.runners.model.FrameworkMethod$1.runReflectiveCall(FrameworkMethod.java:44)
	at org.junit.internal.runners.model.ReflectiveCallable.run(ReflectiveCallable.java:15)
	at org.junit.runners.model.FrameworkMethod.invokeExplosively(FrameworkMethod.java:41)
	at junitparams.internal.InvokeParameterisedMethod.evaluate(InvokeParameterisedMethod.java:102)
	at org.junit.internal.runners.statements.FailOnTimeout$1.run(FailOnTimeout.java:28)
Caused by: ptolemy.kernel.util.IllegalActionException: Found a zero delay loop containing .dependencyLoop.original
  in .dependencyLoop and .dependencyLoop.original
	at ptolemy.actor.util.CausalityInterfaceForComposites._computeOutputPortDepth(CausalityInterfaceForComposites.java:759)
	at ptolemy.actor.util.CausalityInterfaceForComposites._computeInputDepth(CausalityInterfaceForComposites.java:696)
	at ptolemy.actor.util.CausalityInterfaceForComposites._computeOutputPortDepth(CausalityInterfaceForComposites.java:765)
	at ptolemy.actor.util.CausalityInterfaceForComposites._computeInputDepth(CausalityInterfaceForComposites.java:696)
	at ptolemy.actor.util.CausalityInterfaceForComposites._computeOutputPortDepth(CausalityInterfaceForComposites.java:765)
	at ptolemy.actor.util.CausalityInterfaceForComposites._computeInputDepth(CausalityInterfaceForComposites.java:696)
	at ptolemy.actor.util.CausalityInterfaceForComposites._computeActorDepth(CausalityInterfaceForComposites.java:532)
	at ptolemy.actor.util.CausalityInterfaceForComposites.checkForCycles(CausalityInterfaceForComposites.java:96)
	at ptolemy.domains.de.kernel.DEDirector.preinitialize(DEDirector.java:1338)
	at ptolemy.actor.CompositeActor.preinitialize(CompositeActor.java:1828)
	at ptolemy.actor.Manager.preinitializeAndResolveTypes(Manager.java:1040)
	at ptolemy.actor.Manager.initialize(Manager.java:710)
	at ptolemy.actor.Manager.execute(Manager.java:356)
	at ptolemy.actor.Manager.run(Manager.java:1263)
	at ptolemy.actor.Manager$PtolemyRunThread.run(Manager.java:1915)
java.lang.RuntimeException: Execution failed
	at ptolemy.moml.MoMLSimpleApplication$UnloadThread.run(MoMLSimpleApplication.java:402)
Caused by: ptolemy.kernel.util.IllegalActionException: Found a zero delay loop containing .dependencyLoop2.original
  in .dependencyLoop2 and .dependencyLoop2.original
	at ptolemy.actor.util.CausalityInterfaceForComposites._computeOutputPortDepth(CausalityInterfaceForComposites.java:759)
	at ptolemy.actor.util.CausalityInterfaceForComposites._computeInputDepth(CausalityInterfaceForComposites.java:696)
	at ptolemy.actor.util.CausalityInterfaceForComposites._computeOutputPortDepth(CausalityInterfaceForComposites.java:765)
	at ptolemy.actor.util.CausalityInterfaceForComposites._computeInputDepth(CausalityInterfaceForComposites.java:696)
	at ptolemy.actor.util.CausalityInterfaceForComposites._computeOutputPortDepth(CausalityInterfaceForComposites.java:765)
	at ptolemy.actor.util.CausalityInterfaceForComposites._computeInputDepth(CausalityInterfaceForComposites.java:696)
	at ptolemy.actor.util.CausalityInterfaceForComposites._computeActorDepth(CausalityInterfaceForComposites.java:532)
	at ptolemy.actor.util.CausalityInterfaceForComposites.checkForCycles(CausalityInterfaceForComposites.java:96)
	at ptolemy.domains.de.kernel.DEDirector.preinitialize(DEDirector.java:1338)
	at ptolemy.actor.CompositeActor.preinitialize(CompositeActor.java:1828)
	at ptolemy.actor.Manager.preinitializeAndResolveTypes(Manager.java:1040)
	at ptolemy.actor.Manager.initialize(Manager.java:710)
	at ptolemy.actor.Manager.execute(Manager.java:356)
	at ptolemy.actor.Manager.run(Manager.java:1263)
	at ptolemy.actor.Manager$PtolemyRunThread.run(Manager.java:1915)
java.lang.reflect.InvocationTargetException
	at java.base/jdk.internal.reflect.NativeConstructorAccessorImpl.newInstance0(Native Method)
	at java.base/jdk.internal.reflect.NativeConstructorAccessorImpl.newInstance(NativeConstructorAccessorImpl.java:62)
	at java.base/jdk.internal.reflect.DelegatingConstructorAccessorImpl.newInstance(DelegatingConstructorAccessorImpl.java:45)
	at java.base/java.lang.reflect.Constructor.newInstance(Constructor.java:488)
	at ptolemy.util.test.junit.AutoKnownFailedTests.RunModel(AutoKnownFailedTests.java:105)
	at java.base/jdk.internal.reflect.NativeMethodAccessorImpl.invoke0(Native Method)
	at java.base/jdk.internal.reflect.NativeMethodAccessorImpl.invoke(NativeMethodAccessorImpl.java:62)
	at java.base/jdk.internal.reflect.DelegatingMethodAccessorImpl.invoke(DelegatingMethodAccessorImpl.java:43)
	at java.base/java.lang.reflect.Method.invoke(Method.java:564)
	at org.junit.runners.model.FrameworkMethod$1.runReflectiveCall(FrameworkMethod.java:44)
	at org.junit.internal.runners.model.ReflectiveCallable.run(ReflectiveCallable.java:15)
	at org.junit.runners.model.FrameworkMethod.invokeExplosively(FrameworkMethod.java:41)
	at junitparams.internal.InvokeParameterisedMethod.evaluate(InvokeParameterisedMethod.java:102)
	at org.junit.internal.runners.statements.FailOnTimeout$1.run(FailOnTimeout.java:28)
Caused by: ptolemy.kernel.util.IllegalActionException: Found a zero delay loop containing .dependencyLoop2.original
  in .dependencyLoop2 and .dependencyLoop2.original
	at ptolemy.actor.util.CausalityInterfaceForComposites._computeOutputPortDepth(CausalityInterfaceForComposites.java:759)
	at ptolemy.actor.util.CausalityInterfaceForComposites._computeInputDepth(CausalityInterfaceForComposites.java:696)
	at ptolemy.actor.util.CausalityInterfaceForComposites._computeOutputPortDepth(CausalityInterfaceForComposites.java:765)
	at ptolemy.actor.util.CausalityInterfaceForComposites._computeInputDepth(CausalityInterfaceForComposites.java:696)
	at ptolemy.actor.util.CausalityInterfaceForComposites._computeOutputPortDepth(CausalityInterfaceForComposites.java:765)
	at ptolemy.actor.util.CausalityInterfaceForComposites._computeInputDepth(CausalityInterfaceForComposites.java:696)
	at ptolemy.actor.util.CausalityInterfaceForComposites._computeActorDepth(CausalityInterfaceForComposites.java:532)
	at ptolemy.actor.util.CausalityInterfaceForComposites.checkForCycles(CausalityInterfaceForComposites.java:96)
	at ptolemy.domains.de.kernel.DEDirector.preinitialize(DEDirector.java:1338)
	at ptolemy.actor.CompositeActor.preinitialize(CompositeActor.java:1828)
	at ptolemy.actor.Manager.preinitializeAndResolveTypes(Manager.java:1040)
	at ptolemy.actor.Manager.initialize(Manager.java:710)
	at ptolemy.actor.Manager.execute(Manager.java:356)
	at ptolemy.actor.Manager.run(Manager.java:1263)
	at ptolemy.actor.Manager$PtolemyRunThread.run(Manager.java:1915)
]]></system-err>
</testsuite>
