<?xml version="1.0" encoding="UTF-8" ?>
<testsuite errors="0" failures="0" hostname="travis-job-43899a69-ae9d-4281-ae88-f4350ad7d380" name="org.terraswarm.accessor.test.junit.JUnitTclTest" skipped="0" tests="30" time="275.273" timestamp="2019-11-19T06:04:46">
  <properties>
[...]
</properties>
  <testcase classname="ptolemy.util.test.junit.TclTests" name="[0] /home/travis/build/icyphy/ptII/org/terraswarm/accessor/test/JSAccessor.tcl (RunTclFile)" time="37.902" />
  <testcase classname="ptolemy.util.test.junit.AutoKnownFailedTests" name="[0] ThereAreNoKnowFailedTests (RunModel)" time="0.007" />
  <testcase classname="ptolemy.util.test.junit.AutoNameArchTests" name="[0] ThereAreNoAutoArchTests (RunModel)" time="0.003" />
  <testcase classname="ptolemy.util.test.junit.AutoTests" name="[0] /home/travis/build/icyphy/ptII/org/terraswarm/accessor/test/auto/AccessViolation.xml (RunModel)" time="9.118" />
  <testcase classname="ptolemy.util.test.junit.AutoTests" name="[1] /home/travis/build/icyphy/ptII/org/terraswarm/accessor/test/auto/AccessViolation2.xml (RunModel)" time="7.42" />
  <testcase classname="ptolemy.util.test.junit.AutoTests" name="[2] /home/travis/build/icyphy/ptII/org/terraswarm/accessor/test/auto/Accessor1.xml (RunModel)" time="15.051" />
  <testcase classname="ptolemy.util.test.junit.AutoTests" name="[3] /home/travis/build/icyphy/ptII/org/terraswarm/accessor/test/auto/Accessor2.xml (RunModel)" time="7.132" />
  <testcase classname="ptolemy.util.test.junit.AutoTests" name="[4] /home/travis/build/icyphy/ptII/org/terraswarm/accessor/test/auto/CallbackWithSuppress.xml (RunModel)" time="12.397" />
  <testcase classname="ptolemy.util.test.junit.AutoTests" name="[5] /home/travis/build/icyphy/ptII/org/terraswarm/accessor/test/auto/Derived.xml (RunModel)" time="6.557" />
  <testcase classname="ptolemy.util.test.junit.AutoTests" name="[6] /home/travis/build/icyphy/ptII/org/terraswarm/accessor/test/auto/Derived2.xml (RunModel)" time="6.463" />
  <testcase classname="ptolemy.util.test.junit.AutoTests" name="[7] /home/travis/build/icyphy/ptII/org/terraswarm/accessor/test/auto/Derived3.xml (RunModel)" time="6.185" />
  <testcase classname="ptolemy.util.test.junit.AutoTests" name="[8] /home/travis/build/icyphy/ptII/org/terraswarm/accessor/test/auto/Derived4.xml (RunModel)" time="5.696" />
  <testcase classname="ptolemy.util.test.junit.AutoTests" name="[9] /home/travis/build/icyphy/ptII/org/terraswarm/accessor/test/auto/Derived5.xml (RunModel)" time="5.213" />
  <testcase classname="ptolemy.util.test.junit.AutoTests" name="[10] /home/travis/build/icyphy/ptII/org/terraswarm/accessor/test/auto/Derived6.xml (RunModel)" time="5.34" />
  <testcase classname="ptolemy.util.test.junit.AutoTests" name="[11] /home/travis/build/icyphy/ptII/org/terraswarm/accessor/test/auto/Derived8.xml (RunModel)" time="5.926" />
  <testcase classname="ptolemy.util.test.junit.AutoTests" name="[12] /home/travis/build/icyphy/ptII/org/terraswarm/accessor/test/auto/Derived9.xml (RunModel)" time="6.173" />
  <testcase classname="ptolemy.util.test.junit.AutoTests" name="[13] /home/travis/build/icyphy/ptII/org/terraswarm/accessor/test/auto/DerivedAgain.xml (RunModel)" time="7.737" />
  <testcase classname="ptolemy.util.test.junit.AutoTests" name="[14] /home/travis/build/icyphy/ptII/org/terraswarm/accessor/test/auto/DerivedAgain2.xml (RunModel)" time="6.966" />
  <testcase classname="ptolemy.util.test.junit.AutoTests" name="[15] /home/travis/build/icyphy/ptII/org/terraswarm/accessor/test/auto/DerivedAgain4.xml (RunModel)" time="6.806" />
  <testcase classname="ptolemy.util.test.junit.AutoTests" name="[16] /home/travis/build/icyphy/ptII/org/terraswarm/accessor/test/auto/DerivedAgain5.xml (RunModel)" time="5.629" />
  <testcase classname="ptolemy.util.test.junit.AutoTests" name="[17] /home/travis/build/icyphy/ptII/org/terraswarm/accessor/test/auto/DerivedAgain6.xml (RunModel)" time="7.519" />
  <testcase classname="ptolemy.util.test.junit.AutoTests" name="[18] /home/travis/build/icyphy/ptII/org/terraswarm/accessor/test/auto/DerivedAgain7.xml (RunModel)" time="6.939" />
  <testcase classname="ptolemy.util.test.junit.AutoTests" name="[19] /home/travis/build/icyphy/ptII/org/terraswarm/accessor/test/auto/GetDate.xml (RunModel)" time="0.001" />
  <testcase classname="ptolemy.util.test.junit.AutoTests" name="[20] /home/travis/build/icyphy/ptII/org/terraswarm/accessor/test/auto/HandlerWithSuppress.xml (RunModel)" time="10.507" />
  <testcase classname="ptolemy.util.test.junit.AutoTests" name="[21] /home/travis/build/icyphy/ptII/org/terraswarm/accessor/test/auto/HttpRequest.xml (RunModel)" time="6.376" />
  <testcase classname="ptolemy.util.test.junit.AutoTests" name="[22] /home/travis/build/icyphy/ptII/org/terraswarm/accessor/test/auto/JSON.xml (RunModel)" time="9.643" />
  <testcase classname="ptolemy.util.test.junit.AutoTests" name="[23] /home/travis/build/icyphy/ptII/org/terraswarm/accessor/test/auto/ReadURL.xml (RunModel)" time="27.068" />
  <testcase classname="ptolemy.util.test.junit.AutoTests" name="[24] /home/travis/build/icyphy/ptII/org/terraswarm/accessor/test/auto/SendNullToOwnInput.xml (RunModel)" time="9.944" />
  <testcase classname="ptolemy.util.test.junit.AutoTests" name="[25] /home/travis/build/icyphy/ptII/org/terraswarm/accessor/test/auto/Stop.xml (RunModel)" time="25.664" />
  <testcase classname="ptolemy.util.test.junit.AutoTests" name="[26] /home/travis/build/icyphy/ptII/org/terraswarm/accessor/test/auto/Stop2.xml (RunModel)" time="7.381" />
  <system-out><![CDATA[/home/travis/build/icyphy/ptII/org/terraswarm/accessor/test/JSAccessor.tcl
testDefs.tcl: setting time out to 9000 seconds at Tue Nov 19 06:04:46 UTC 2019
JSAccessor: PT_NO_NET environment variable is set, so git pull and ptdoc are not being run.
11/19/19 06:05:24
Failed: 0  Total Tests: 13  ((Passed: 13, Newly Passed: 0)  Known Failed: 0) /home/travis/build/icyphy/ptII/org/terraswarm/accessor/test
No auto/knownFailedTests/*.xml tests in /home/travis/build/icyphy/ptII/org/terraswarm/accessor/test
No auto/linux-amd64/*.xml tests in /home/travis/build/icyphy/ptII/org/terraswarm/accessor/test
AutoTests.java: About to close Vertx.
AutoTests.java: Vertx closed.

===========================================================================================
----------------- testing Tue Nov 19 06:05:25 UTC 2019 /home/travis/build/icyphy/ptII/org/terraswarm/accessor/test/auto/AccessViolation.xml
----------------- Instantiating /home/travis/build/icyphy/ptII/org/terraswarm/accessor/test/auto/AccessViolation.xml
4573 ms. Memory: 758784K Free: 493249K (65%)
----------------- Invoking toplevel() on ptolemy.moml.MoMLSimpleApplication@6fedf560
----------------- Done invoking toplevel() on ptolemy.moml.MoMLSimpleApplication@6fedf560
reloadAllAccessors: .AccessViolation
This is the first time that the reloadAllAccessors method has been invoked in this JVM, so the the accessors repo will be checked out or updated and JSDoc invoked. Note that running the tests may end up invoking a new JVM for each directory, so the repo may be checked out or updated and JSDoc invoked more than once when the tests are run.
-------------- Reloaded accessors, but skipping rerun for now. Tue Nov 19 06:05:34 UTC 2019 /home/travis/build/icyphy/ptII/org/terraswarm/accessor/test/auto/AccessViolation.xml

===========================================================================================
----------------- testing Tue Nov 19 06:05:34 UTC 2019 /home/travis/build/icyphy/ptII/org/terraswarm/accessor/test/auto/AccessViolation2.xml
----------------- Instantiating /home/travis/build/icyphy/ptII/org/terraswarm/accessor/test/auto/AccessViolation2.xml
3767 ms. Memory: 758784K Free: 525726K (69%)
----------------- Invoking toplevel() on ptolemy.moml.MoMLSimpleApplication@2006fc7d
----------------- Done invoking toplevel() on ptolemy.moml.MoMLSimpleApplication@2006fc7d
reloadAllAccessors: .AccessViolation2
-------------- Reloaded accessors, but skipping rerun for now. Tue Nov 19 06:05:41 UTC 2019 /home/travis/build/icyphy/ptII/org/terraswarm/accessor/test/auto/AccessViolation2.xml

===========================================================================================
----------------- testing Tue Nov 19 06:05:41 UTC 2019 /home/travis/build/icyphy/ptII/org/terraswarm/accessor/test/auto/Accessor1.xml
----------------- Instantiating /home/travis/build/icyphy/ptII/org/terraswarm/accessor/test/auto/Accessor1.xml
7447 ms. Memory: 758784K Free: 212990K (28%)
----------------- Invoking toplevel() on ptolemy.moml.MoMLSimpleApplication@62929e64
----------------- Done invoking toplevel() on ptolemy.moml.MoMLSimpleApplication@62929e64
reloadAllAccessors: .Accessor1
-------------- Reloaded accessors, but skipping rerun for now. Tue Nov 19 06:05:56 UTC 2019 /home/travis/build/icyphy/ptII/org/terraswarm/accessor/test/auto/Accessor1.xml

===========================================================================================
----------------- testing Tue Nov 19 06:05:56 UTC 2019 /home/travis/build/icyphy/ptII/org/terraswarm/accessor/test/auto/Accessor2.xml
----------------- Instantiating /home/travis/build/icyphy/ptII/org/terraswarm/accessor/test/auto/Accessor2.xml
3845 ms. Memory: 860160K Free: 565133K (66%)
----------------- Invoking toplevel() on ptolemy.moml.MoMLSimpleApplication@2fc7ca23
----------------- Done invoking toplevel() on ptolemy.moml.MoMLSimpleApplication@2fc7ca23
reloadAllAccessors: .Accessor2
-------------- Reloaded accessors, but skipping rerun for now. Tue Nov 19 06:06:03 UTC 2019 /home/travis/build/icyphy/ptII/org/terraswarm/accessor/test/auto/Accessor2.xml

===========================================================================================
----------------- testing Tue Nov 19 06:06:03 UTC 2019 /home/travis/build/icyphy/ptII/org/terraswarm/accessor/test/auto/CallbackWithSuppress.xml
----------------- Instantiating /home/travis/build/icyphy/ptII/org/terraswarm/accessor/test/auto/CallbackWithSuppress.xml
6214 ms. Memory: 860160K Free: 181246K (21%)
----------------- Invoking toplevel() on ptolemy.moml.MoMLSimpleApplication@7a36f045
----------------- Done invoking toplevel() on ptolemy.moml.MoMLSimpleApplication@7a36f045
reloadAllAccessors: .CallbackWithSuppress
Accessors in test/auto do not typically have documentation, so we are not running jsdoc on file:/home/travis/build/icyphy/ptII/org/terraswarm/accessor/test/auto/accessors/CallbackWithSuppress.js
-------------- Reloaded accessors, but skipping rerun for now. Tue Nov 19 06:06:16 UTC 2019 /home/travis/build/icyphy/ptII/org/terraswarm/accessor/test/auto/CallbackWithSuppress.xml

===========================================================================================
----------------- testing Tue Nov 19 06:06:16 UTC 2019 /home/travis/build/icyphy/ptII/org/terraswarm/accessor/test/auto/Derived.xml
----------------- Instantiating /home/travis/build/icyphy/ptII/org/terraswarm/accessor/test/auto/Derived.xml
DerivedA: base set up (Thread[Thread-22,5,main])
DerivedA: derived set up (Thread[Thread-22,5,main])
DerivedA: base set up (Thread[Thread-22,5,main])
DerivedA: derived set up (Thread[Thread-22,5,main])
DerivedA: base set up (Thread[Derived,1,main])
DerivedA: derived set up (Thread[Derived,1,main])
DerivedA: base set up (Thread[Derived,1,main])
DerivedA: derived set up (Thread[Derived,1,main])
DerivedA: base set up (Thread[Derived,1,main])
DerivedA: derived set up (Thread[Derived,1,main])
DerivedA: base set up (Thread[Derived,1,main])
DerivedA: derived set up (Thread[Derived,1,main])
DerivedA: base set up (Thread[Derived,1,main])
DerivedA: derived set up (Thread[Derived,1,main])
DerivedA: base init (Thread[Derived,1,main])
DerivedA: derived init (Thread[Derived,1,main])
DerivedA: derived wrapped up (Thread[Derived,1,main])
3502 ms. Memory: 976896K Free: 663550K (68%)
----------------- Invoking toplevel() on ptolemy.moml.MoMLSimpleApplication@4b32b3c
----------------- Done invoking toplevel() on ptolemy.moml.MoMLSimpleApplication@4b32b3c
reloadAllAccessors: .Derived
Accessors in test/auto do not typically have documentation, so we are not running jsdoc on file:/home/travis/build/icyphy/ptII/org/terraswarm/accessor/test/auto/accessors/DerivedA.js
DerivedA: base set up (Thread[Thread-22,5,main])
DerivedA: derived set up (Thread[Thread-22,5,main])
DerivedA: base set up (Thread[Thread-22,5,main])
DerivedA: derived set up (Thread[Thread-22,5,main])
-------------- Reloaded accessors, but skipping rerun for now. Tue Nov 19 06:06:22 UTC 2019 /home/travis/build/icyphy/ptII/org/terraswarm/accessor/test/auto/Derived.xml

===========================================================================================
----------------- testing Tue Nov 19 06:06:22 UTC 2019 /home/travis/build/icyphy/ptII/org/terraswarm/accessor/test/auto/Derived2.xml
----------------- Instantiating /home/travis/build/icyphy/ptII/org/terraswarm/accessor/test/auto/Derived2.xml
DerivedB2: printing non-prototype properties (Thread[Derived2,1,main])
DerivedB2: ssuper: [object Object] (Thread[Derived2,1,main])
DerivedB2: setup: function () {
        this.extend('BaseB');
    } (Thread[Derived2,1,main])
DerivedB2: inputHandler: function () {
    console.log('sending false');
    this.send('output', false);
} (Thread[Derived2,1,main])
DerivedB2: initialize: function () {
    exports.ssuper.initialize.call(this);
    printProperties(exports);
} (Thread[Derived2,1,main])
DerivedB2: printing protoytpe (Thread[Derived2,1,main])
DerivedB2: ssuper: [object Object] (Thread[Derived2,1,main])
DerivedB2: setup: function () {
        this.extend('BaseB');
    } (Thread[Derived2,1,main])
DerivedB2: initialize: function () {
    exports.ssuper.initialize.call(this);
    printProperties(exports);
} (Thread[Derived2,1,main])
DerivedB2: inputHandler: function () {
    console.log('sending false');
    this.send('output', false);
} (Thread[Derived2,1,main])
DerivedB2: sending false (Thread[Derived2,1,main])
3214 ms. Memory: 976896K Free: 337408K (35%)
----------------- Invoking toplevel() on ptolemy.moml.MoMLSimpleApplication@49bca74e
----------------- Done invoking toplevel() on ptolemy.moml.MoMLSimpleApplication@49bca74e
reloadAllAccessors: .Derived2
Accessors in test/auto do not typically have documentation, so we are not running jsdoc on file:/home/travis/build/icyphy/ptII/org/terraswarm/accessor/test/auto/accessors/DerivedB.js
-------------- Reloaded accessors, but skipping rerun for now. Tue Nov 19 06:06:29 UTC 2019 /home/travis/build/icyphy/ptII/org/terraswarm/accessor/test/auto/Derived2.xml

===========================================================================================
----------------- testing Tue Nov 19 06:06:29 UTC 2019 /home/travis/build/icyphy/ptII/org/terraswarm/accessor/test/auto/Derived3.xml
----------------- Instantiating /home/travis/build/icyphy/ptII/org/terraswarm/accessor/test/auto/Derived3.xml
3167 ms. Memory: 976896K Free: 594942K (61%)
----------------- Invoking toplevel() on ptolemy.moml.MoMLSimpleApplication@2796c44e
----------------- Done invoking toplevel() on ptolemy.moml.MoMLSimpleApplication@2796c44e
reloadAllAccessors: .Derived3
Accessors in test/auto do not typically have documentation, so we are not running jsdoc on file:/home/travis/build/icyphy/ptII/org/terraswarm/accessor/test/auto/accessors/DerivedC.js
-------------- Reloaded accessors, but skipping rerun for now. Tue Nov 19 06:06:35 UTC 2019 /home/travis/build/icyphy/ptII/org/terraswarm/accessor/test/auto/Derived3.xml

===========================================================================================
----------------- testing Tue Nov 19 06:06:35 UTC 2019 /home/travis/build/icyphy/ptII/org/terraswarm/accessor/test/auto/Derived4.xml
----------------- Instantiating /home/travis/build/icyphy/ptII/org/terraswarm/accessor/test/auto/Derived4.xml
2767 ms. Memory: 976896K Free: 469426K (48%)
----------------- Invoking toplevel() on ptolemy.moml.MoMLSimpleApplication@c9d1ad8
----------------- Done invoking toplevel() on ptolemy.moml.MoMLSimpleApplication@c9d1ad8
reloadAllAccessors: .Derived4
Accessors in test/auto do not typically have documentation, so we are not running jsdoc on file:/home/travis/build/icyphy/ptII/org/terraswarm/accessor/test/auto/accessors/DerivedD.js
-------------- Reloaded accessors, but skipping rerun for now. Tue Nov 19 06:06:41 UTC 2019 /home/travis/build/icyphy/ptII/org/terraswarm/accessor/test/auto/Derived4.xml

===========================================================================================
----------------- testing Tue Nov 19 06:06:41 UTC 2019 /home/travis/build/icyphy/ptII/org/terraswarm/accessor/test/auto/Derived5.xml
----------------- Instantiating /home/travis/build/icyphy/ptII/org/terraswarm/accessor/test/auto/Derived5.xml
2610 ms. Memory: 976896K Free: 282034K (29%)
----------------- Invoking toplevel() on ptolemy.moml.MoMLSimpleApplication@746f3656
----------------- Done invoking toplevel() on ptolemy.moml.MoMLSimpleApplication@746f3656
reloadAllAccessors: .Derived5
Accessors in test/auto do not typically have documentation, so we are not running jsdoc on file:/home/travis/build/icyphy/ptII/org/terraswarm/accessor/test/auto/accessors/DerivedE.js
-------------- Reloaded accessors, but skipping rerun for now. Tue Nov 19 06:06:46 UTC 2019 /home/travis/build/icyphy/ptII/org/terraswarm/accessor/test/auto/Derived5.xml

===========================================================================================
----------------- testing Tue Nov 19 06:06:46 UTC 2019 /home/travis/build/icyphy/ptII/org/terraswarm/accessor/test/auto/Derived6.xml
----------------- Instantiating /home/travis/build/icyphy/ptII/org/terraswarm/accessor/test/auto/Derived6.xml
2719 ms. Memory: 976896K Free: 556544K (57%)
----------------- Invoking toplevel() on ptolemy.moml.MoMLSimpleApplication@61ea014c
----------------- Done invoking toplevel() on ptolemy.moml.MoMLSimpleApplication@61ea014c
reloadAllAccessors: .Derived6
Accessors in test/auto do not typically have documentation, so we are not running jsdoc on file:/home/travis/build/icyphy/ptII/org/terraswarm/accessor/test/auto/accessors/DerivedF.js
-------------- Reloaded accessors, but skipping rerun for now. Tue Nov 19 06:06:51 UTC 2019 /home/travis/build/icyphy/ptII/org/terraswarm/accessor/test/auto/Derived6.xml

===========================================================================================
----------------- testing Tue Nov 19 06:06:51 UTC 2019 /home/travis/build/icyphy/ptII/org/terraswarm/accessor/test/auto/Derived8.xml
----------------- Instantiating /home/travis/build/icyphy/ptII/org/terraswarm/accessor/test/auto/Derived8.xml
3016 ms. Memory: 1069056K Free: 360446K (34%)
----------------- Invoking toplevel() on ptolemy.moml.MoMLSimpleApplication@aecc711
----------------- Done invoking toplevel() on ptolemy.moml.MoMLSimpleApplication@aecc711
reloadAllAccessors: .Derived8
Accessors in test/auto do not typically have documentation, so we are not running jsdoc on file:/home/travis/build/icyphy/ptII/org/terraswarm/accessor/test/auto/accessors/DerivedH.js
-------------- Reloaded accessors, but skipping rerun for now. Tue Nov 19 06:06:57 UTC 2019 /home/travis/build/icyphy/ptII/org/terraswarm/accessor/test/auto/Derived8.xml

===========================================================================================
----------------- testing Tue Nov 19 06:06:57 UTC 2019 /home/travis/build/icyphy/ptII/org/terraswarm/accessor/test/auto/Derived9.xml
----------------- Instantiating /home/travis/build/icyphy/ptII/org/terraswarm/accessor/test/auto/Derived9.xml
3297 ms. Memory: 1069056K Free: 621566K (58%)
----------------- Invoking toplevel() on ptolemy.moml.MoMLSimpleApplication@1a5d6ea6
----------------- Done invoking toplevel() on ptolemy.moml.MoMLSimpleApplication@1a5d6ea6
reloadAllAccessors: .Derived9
Accessors in test/auto do not typically have documentation, so we are not running jsdoc on file:/home/travis/build/icyphy/ptII/org/terraswarm/accessor/test/auto/accessors/DerivedI.js
-------------- Reloaded accessors, but skipping rerun for now. Tue Nov 19 06:07:03 UTC 2019 /home/travis/build/icyphy/ptII/org/terraswarm/accessor/test/auto/Derived9.xml

===========================================================================================
----------------- testing Tue Nov 19 06:07:03 UTC 2019 /home/travis/build/icyphy/ptII/org/terraswarm/accessor/test/auto/DerivedAgain.xml
----------------- Instantiating /home/travis/build/icyphy/ptII/org/terraswarm/accessor/test/auto/DerivedAgain.xml
4069 ms. Memory: 1069056K Free: 295422K (28%)
----------------- Invoking toplevel() on ptolemy.moml.MoMLSimpleApplication@62cbcdb9
----------------- Done invoking toplevel() on ptolemy.moml.MoMLSimpleApplication@62cbcdb9
reloadAllAccessors: .DerivedAgain
Accessors in test/auto do not typically have documentation, so we are not running jsdoc on file:/home/travis/build/icyphy/ptII/org/terraswarm/accessor/test/auto/accessors/DerivedAgainA.js
-------------- Reloaded accessors, but skipping rerun for now. Tue Nov 19 06:07:11 UTC 2019 /home/travis/build/icyphy/ptII/org/terraswarm/accessor/test/auto/DerivedAgain.xml

===========================================================================================
----------------- testing Tue Nov 19 06:07:11 UTC 2019 /home/travis/build/icyphy/ptII/org/terraswarm/accessor/test/auto/DerivedAgain2.xml
----------------- Instantiating /home/travis/build/icyphy/ptII/org/terraswarm/accessor/test/auto/DerivedAgain2.xml
3998 ms. Memory: 1069056K Free: 350208K (33%)
----------------- Invoking toplevel() on ptolemy.moml.MoMLSimpleApplication@497151a6
----------------- Done invoking toplevel() on ptolemy.moml.MoMLSimpleApplication@497151a6
reloadAllAccessors: .DerivedAgain2
Accessors in test/auto do not typically have documentation, so we are not running jsdoc on file:/home/travis/build/icyphy/ptII/org/terraswarm/accessor/test/auto/accessors/DerivedAgainB.js
-------------- Reloaded accessors, but skipping rerun for now. Tue Nov 19 06:07:18 UTC 2019 /home/travis/build/icyphy/ptII/org/terraswarm/accessor/test/auto/DerivedAgain2.xml

===========================================================================================
----------------- testing Tue Nov 19 06:07:18 UTC 2019 /home/travis/build/icyphy/ptII/org/terraswarm/accessor/test/auto/DerivedAgain4.xml
----------------- Instantiating /home/travis/build/icyphy/ptII/org/terraswarm/accessor/test/auto/DerivedAgain4.xml
3710 ms. Memory: 1069056K Free: 170496K (16%)
----------------- Invoking toplevel() on ptolemy.moml.MoMLSimpleApplication@1e647d8e
----------------- Done invoking toplevel() on ptolemy.moml.MoMLSimpleApplication@1e647d8e
reloadAllAccessors: .DerivedAgain4
Accessors in test/auto do not typically have documentation, so we are not running jsdoc on file:/home/travis/build/icyphy/ptII/org/terraswarm/accessor/test/auto/accessors/DerivedAgainD.js
-------------- Reloaded accessors, but skipping rerun for now. Tue Nov 19 06:07:25 UTC 2019 /home/travis/build/icyphy/ptII/org/terraswarm/accessor/test/auto/DerivedAgain4.xml

===========================================================================================
----------------- testing Tue Nov 19 06:07:25 UTC 2019 /home/travis/build/icyphy/ptII/org/terraswarm/accessor/test/auto/DerivedAgain5.xml
----------------- Instantiating /home/travis/build/icyphy/ptII/org/terraswarm/accessor/test/auto/DerivedAgain5.xml
3151 ms. Memory: 1069056K Free: 873046K (82%)
----------------- Invoking toplevel() on ptolemy.moml.MoMLSimpleApplication@6e2b53ee
----------------- Done invoking toplevel() on ptolemy.moml.MoMLSimpleApplication@6e2b53ee
reloadAllAccessors: .DerivedAgain5
Accessors in test/auto do not typically have documentation, so we are not running jsdoc on file:/home/travis/build/icyphy/ptII/org/terraswarm/accessor/test/auto/accessors/DerivedAgainE.js
-------------- Reloaded accessors, but skipping rerun for now. Tue Nov 19 06:07:30 UTC 2019 /home/travis/build/icyphy/ptII/org/terraswarm/accessor/test/auto/DerivedAgain5.xml

===========================================================================================
----------------- testing Tue Nov 19 06:07:30 UTC 2019 /home/travis/build/icyphy/ptII/org/terraswarm/accessor/test/auto/DerivedAgain6.xml
----------------- Instantiating /home/travis/build/icyphy/ptII/org/terraswarm/accessor/test/auto/DerivedAgain6.xml
2880 ms. Memory: 1069056K Free: 757183K (71%)
----------------- Invoking toplevel() on ptolemy.moml.MoMLSimpleApplication@2e5a9ad6
----------------- Done invoking toplevel() on ptolemy.moml.MoMLSimpleApplication@2e5a9ad6
reloadAllAccessors: .DerivedAgain6
Accessors in test/auto do not typically have documentation, so we are not running jsdoc on file:/home/travis/build/icyphy/ptII/org/terraswarm/accessor/test/auto/accessors/DerivedAgainD.js
-------------- Reloaded accessors, but skipping rerun for now. Tue Nov 19 06:07:38 UTC 2019 /home/travis/build/icyphy/ptII/org/terraswarm/accessor/test/auto/DerivedAgain6.xml

===========================================================================================
----------------- testing Tue Nov 19 06:07:38 UTC 2019 /home/travis/build/icyphy/ptII/org/terraswarm/accessor/test/auto/DerivedAgain7.xml
----------------- Instantiating /home/travis/build/icyphy/ptII/org/terraswarm/accessor/test/auto/DerivedAgain7.xml
3184 ms. Memory: 1197056K Free: 505344K (42%)
----------------- Invoking toplevel() on ptolemy.moml.MoMLSimpleApplication@6fb8880e
----------------- Done invoking toplevel() on ptolemy.moml.MoMLSimpleApplication@6fb8880e
reloadAllAccessors: .DerivedAgain7
Accessors in test/auto do not typically have documentation, so we are not running jsdoc on file:/home/travis/build/icyphy/ptII/org/terraswarm/accessor/test/auto/accessors/DerivedAgainD.js
-------------- Reloaded accessors, but skipping rerun for now. Tue Nov 19 06:07:45 UTC 2019 /home/travis/build/icyphy/ptII/org/terraswarm/accessor/test/auto/DerivedAgain7.xml

===========================================================================================
----------------- *** Skipping testing of /home/travis/build/icyphy/ptII/org/terraswarm/accessor/test/auto/GetDate.xml because it does fails under Travis.  To updated this list, edit ptolemy/util/test/junit/AutoTests.java

===========================================================================================
----------------- testing Tue Nov 19 06:07:45 UTC 2019 /home/travis/build/icyphy/ptII/org/terraswarm/accessor/test/auto/HandlerWithSuppress.xml
----------------- Instantiating /home/travis/build/icyphy/ptII/org/terraswarm/accessor/test/auto/HandlerWithSuppress.xml
5406 ms. Memory: 1197056K Free: 732672K (61%)
----------------- Invoking toplevel() on ptolemy.moml.MoMLSimpleApplication@c133b16
----------------- Done invoking toplevel() on ptolemy.moml.MoMLSimpleApplication@c133b16
reloadAllAccessors: .HandlerWithSuppress
Accessors in test/auto do not typically have documentation, so we are not running jsdoc on file:/home/travis/build/icyphy/ptII/org/terraswarm/accessor/test/auto/accessors/HandlerWithSuppress.js
-------------- Reloaded accessors, but skipping rerun for now. Tue Nov 19 06:07:55 UTC 2019 /home/travis/build/icyphy/ptII/org/terraswarm/accessor/test/auto/HandlerWithSuppress.xml

===========================================================================================
----------------- testing Tue Nov 19 06:07:55 UTC 2019 /home/travis/build/icyphy/ptII/org/terraswarm/accessor/test/auto/HttpRequest.xml
----------------- Instantiating /home/travis/build/icyphy/ptII/org/terraswarm/accessor/test/auto/HttpRequest.xml
2886 ms. Memory: 1197056K Free: 366063K (31%)
----------------- Invoking toplevel() on ptolemy.moml.MoMLSimpleApplication@26f552f8
----------------- Done invoking toplevel() on ptolemy.moml.MoMLSimpleApplication@26f552f8
reloadAllAccessors: .HttpRequest
-------------- Reloaded accessors, but skipping rerun for now. Tue Nov 19 06:08:02 UTC 2019 /home/travis/build/icyphy/ptII/org/terraswarm/accessor/test/auto/HttpRequest.xml

===========================================================================================
----------------- testing Tue Nov 19 06:08:02 UTC 2019 /home/travis/build/icyphy/ptII/org/terraswarm/accessor/test/auto/JSON.xml
----------------- Instantiating /home/travis/build/icyphy/ptII/org/terraswarm/accessor/test/auto/JSON.xml
JavaScript: { data: 1 } (Thread[JSON,1,main])
JavaScript3: 1 (Thread[JSON,1,main])
6556 ms. Memory: 1197056K Free: 649214K (54%)
----------------- Invoking toplevel() on ptolemy.moml.MoMLSimpleApplication@345fb5ca
----------------- Done invoking toplevel() on ptolemy.moml.MoMLSimpleApplication@345fb5ca
reloadAllAccessors: .JSON

===========================================================================================
----------------- testing Tue Nov 19 06:08:11 UTC 2019 /home/travis/build/icyphy/ptII/org/terraswarm/accessor/test/auto/ReadURL.xml
----------------- Instantiating /home/travis/build/icyphy/ptII/org/terraswarm/accessor/test/auto/ReadURL.xml
19664 ms. Memory: 1197056K Free: 864458K (72%)
----------------- Invoking toplevel() on ptolemy.moml.MoMLSimpleApplication@40f86ef0
----------------- Done invoking toplevel() on ptolemy.moml.MoMLSimpleApplication@40f86ef0
reloadAllAccessors: .ReadURL
-------------- Reloaded accessors, but skipping rerun for now. Tue Nov 19 06:08:38 UTC 2019 /home/travis/build/icyphy/ptII/org/terraswarm/accessor/test/auto/ReadURL.xml

===========================================================================================
----------------- testing Tue Nov 19 06:08:38 UTC 2019 /home/travis/build/icyphy/ptII/org/terraswarm/accessor/test/auto/SendNullToOwnInput.xml
----------------- Instantiating /home/travis/build/icyphy/ptII/org/terraswarm/accessor/test/auto/SendNullToOwnInput.xml
4861 ms. Memory: 1197056K Free: 626697K (52%)
----------------- Invoking toplevel() on ptolemy.moml.MoMLSimpleApplication@6a7a4c91
----------------- Done invoking toplevel() on ptolemy.moml.MoMLSimpleApplication@6a7a4c91
reloadAllAccessors: .SendNullToOwnInput
-------------- Reloaded accessors, but skipping rerun for now. Tue Nov 19 06:08:48 UTC 2019 /home/travis/build/icyphy/ptII/org/terraswarm/accessor/test/auto/SendNullToOwnInput.xml

===========================================================================================
----------------- testing Tue Nov 19 06:08:48 UTC 2019 /home/travis/build/icyphy/ptII/org/terraswarm/accessor/test/auto/Stop.xml
----------------- Instantiating /home/travis/build/icyphy/ptII/org/terraswarm/accessor/test/auto/Stop.xml
Manager.initialize() finished: 10938 ms. Memory: 1197056K Free: 212990K (18%)
TextDisplayHelper: 0
TextDisplayHelper: 1
TextDisplayHelper: 2
TextDisplayHelper: 3
15070 ms. Memory: 1197056K Free: 692222K (58%)
----------------- Invoking toplevel() on ptolemy.moml.MoMLSimpleApplication@3316c069
----------------- Done invoking toplevel() on ptolemy.moml.MoMLSimpleApplication@3316c069
reloadAllAccessors: .Stop
-------------- Reloaded accessors, but skipping rerun for now. Tue Nov 19 06:09:14 UTC 2019 /home/travis/build/icyphy/ptII/org/terraswarm/accessor/test/auto/Stop.xml

===========================================================================================
----------------- testing Tue Nov 19 06:09:14 UTC 2019 /home/travis/build/icyphy/ptII/org/terraswarm/accessor/test/auto/Stop2.xml
----------------- Instantiating /home/travis/build/icyphy/ptII/org/terraswarm/accessor/test/auto/Stop2.xml
4592 ms. Memory: 1197056K Free: 522240K (44%)
----------------- Invoking toplevel() on ptolemy.moml.MoMLSimpleApplication@d4f6af6
----------------- Done invoking toplevel() on ptolemy.moml.MoMLSimpleApplication@d4f6af6
reloadAllAccessors: .Stop2
-------------- Reloaded accessors, but skipping rerun for now. Tue Nov 19 06:09:21 UTC 2019 /home/travis/build/icyphy/ptII/org/terraswarm/accessor/test/auto/Stop2.xml
AutoTests.java: About to close Vertx.
AutoTests.java: Vertx closed.
]]></system-out>
  <system-err><![CDATA[Warning: Nashorn engine is planned to be removed from a future JDK release
Warning: Nashorn engine is planned to be removed from a future JDK release
Warning: Nashorn engine is planned to be removed from a future JDK release
Warning: Nashorn engine is planned to be removed from a future JDK release
Warning: Nashorn engine is planned to be removed from a future JDK release
Warning: Nashorn engine is planned to be removed from a future JDK release
Warning: Nashorn engine is planned to be removed from a future JDK release
Warning: Nashorn engine is planned to be removed from a future JDK release
Warning: Nashorn engine is planned to be removed from a future JDK release
Warning: Nashorn engine is planned to be removed from a future JDK release
Warning: Nashorn engine is planned to be removed from a future JDK release
Warning: Nashorn engine is planned to be removed from a future JDK release
Warning: Nashorn engine is planned to be removed from a future JDK release
Warning: Nashorn engine is planned to be removed from a future JDK release
Warning: Nashorn engine is planned to be removed from a future JDK release
Warning: Nashorn engine is planned to be removed from a future JDK release
Warning: Nashorn engine is planned to be removed from a future JDK release
Warning: Nashorn engine is planned to be removed from a future JDK release
Warning: Nashorn engine is planned to be removed from a future JDK release
Warning: Nashorn engine is planned to be removed from a future JDK release
Warning: Nashorn engine is planned to be removed from a future JDK release
Warning: Nashorn engine is planned to be removed from a future JDK release
Warning: Nashorn engine is planned to be removed from a future JDK release
Warning: Nashorn engine is planned to be removed from a future JDK release
Warning: Nashorn engine is planned to be removed from a future JDK release
Warning: Nashorn engine is planned to be removed from a future JDK release
Warning: Nashorn engine is planned to be removed from a future JDK release
Warning: Nashorn engine is planned to be removed from a future JDK release
Warning: Nashorn engine is planned to be removed from a future JDK release
Warning: Nashorn engine is planned to be removed from a future JDK release
Warning: Nashorn engine is planned to be removed from a future JDK release
Warning: Nashorn engine is planned to be removed from a future JDK release
Warning: Nashorn engine is planned to be removed from a future JDK release
Warning: Nashorn engine is planned to be removed from a future JDK release
Warning: Nashorn engine is planned to be removed from a future JDK release
Warning: Nashorn engine is planned to be removed from a future JDK release
Warning: Nashorn engine is planned to be removed from a future JDK release
Warning: Nashorn engine is planned to be removed from a future JDK release
Warning: Nashorn engine is planned to be removed from a future JDK release
Warning: Nashorn engine is planned to be removed from a future JDK release
Warning: Nashorn engine is planned to be removed from a future JDK release
Warning: Nashorn engine is planned to be removed from a future JDK release
Warning: Nashorn engine is planned to be removed from a future JDK release
Warning: Nashorn engine is planned to be removed from a future JDK release
Warning: Nashorn engine is planned to be removed from a future JDK release
Warning: Nashorn engine is planned to be removed from a future JDK release
Warning: Nashorn engine is planned to be removed from a future JDK release
Warning: Nashorn engine is planned to be removed from a future JDK release
Warning: Nashorn engine is planned to be removed from a future JDK release
Warning: Nashorn engine is planned to be removed from a future JDK release
Warning: Nashorn engine is planned to be removed from a future JDK release
Warning: Nashorn engine is planned to be removed from a future JDK release
Warning: Nashorn engine is planned to be removed from a future JDK release
Warning: Nashorn engine is planned to be removed from a future JDK release
Warning: Nashorn engine is planned to be removed from a future JDK release
Warning: Nashorn engine is planned to be removed from a future JDK release
Warning: Nashorn engine is planned to be removed from a future JDK release
Warning: Nashorn engine is planned to be removed from a future JDK release
Warning: Nashorn engine is planned to be removed from a future JDK release
Warning: Nashorn engine is planned to be removed from a future JDK release
Warning: Nashorn engine is planned to be removed from a future JDK release
Warning: Nashorn engine is planned to be removed from a future JDK release
Warning: Nashorn engine is planned to be removed from a future JDK release
Warning: Nashorn engine is planned to be removed from a future JDK release
Warning: Nashorn engine is planned to be removed from a future JDK release
Warning: Nashorn engine is planned to be removed from a future JDK release
Warning: Nashorn engine is planned to be removed from a future JDK release
Warning: Nashorn engine is planned to be removed from a future JDK release
Warning: Nashorn engine is planned to be removed from a future JDK release
Warning: Nashorn engine is planned to be removed from a future JDK release
Warning: Nashorn engine is planned to be removed from a future JDK release
Warning: Nashorn engine is planned to be removed from a future JDK release
Warning: Nashorn engine is planned to be removed from a future JDK release
Warning: Nashorn engine is planned to be removed from a future JDK release
Warning: Nashorn engine is planned to be removed from a future JDK release
Warning: Nashorn engine is planned to be removed from a future JDK release
Warning: Nashorn engine is planned to be removed from a future JDK release
Warning: Nashorn engine is planned to be removed from a future JDK release
Warning: Nashorn engine is planned to be removed from a future JDK release
Warning: Nashorn engine is planned to be removed from a future JDK release
Warning: Nashorn engine is planned to be removed from a future JDK release
Warning: Nashorn engine is planned to be removed from a future JDK release
Warning: Nashorn engine is planned to be removed from a future JDK release
Warning: Nashorn engine is planned to be removed from a future JDK release
Warning: Nashorn engine is planned to be removed from a future JDK release
Warning: Nashorn engine is planned to be removed from a future JDK release
Warning: Nashorn engine is planned to be removed from a future JDK release
Warning: Nashorn engine is planned to be removed from a future JDK release
Warning: Nashorn engine is planned to be removed from a future JDK release
Warning: Nashorn engine is planned to be removed from a future JDK release
Warning: Nashorn engine is planned to be removed from a future JDK release
Warning: Nashorn engine is planned to be removed from a future JDK release
Warning: Nashorn engine is planned to be removed from a future JDK release
Warning: Nashorn engine is planned to be removed from a future JDK release
Warning: Nashorn engine is planned to be removed from a future JDK release
Warning: Nashorn engine is planned to be removed from a future JDK release
Warning: Nashorn engine is planned to be removed from a future JDK release
Warning: Nashorn engine is planned to be removed from a future JDK release
Warning: Nashorn engine is planned to be removed from a future JDK release
WARNING: CallbackWithSuppress: Model stopped before executing actions (e.g. producing outputs) scheduled for execution at times [21.0]
Warning: Nashorn engine is planned to be removed from a future JDK release
Warning: Nashorn engine is planned to be removed from a future JDK release
Warning: Nashorn engine is planned to be removed from a future JDK release
Warning: Nashorn engine is planned to be removed from a future JDK release
Warning: Nashorn engine is planned to be removed from a future JDK release
Warning: Nashorn engine is planned to be removed from a future JDK release
Warning: Nashorn engine is planned to be removed from a future JDK release
Warning: Nashorn engine is planned to be removed from a future JDK release
Warning: Nashorn engine is planned to be removed from a future JDK release
Warning: Nashorn engine is planned to be removed from a future JDK release
Warning: Nashorn engine is planned to be removed from a future JDK release
Warning: Nashorn engine is planned to be removed from a future JDK release
Warning: Nashorn engine is planned to be removed from a future JDK release
Warning: Nashorn engine is planned to be removed from a future JDK release
Warning: Nashorn engine is planned to be removed from a future JDK release
Warning: Nashorn engine is planned to be removed from a future JDK release
Warning: Nashorn engine is planned to be removed from a future JDK release
Warning: Nashorn engine is planned to be removed from a future JDK release
Warning: Nashorn engine is planned to be removed from a future JDK release
Warning: Nashorn engine is planned to be removed from a future JDK release
Warning: Nashorn engine is planned to be removed from a future JDK release
Warning: Nashorn engine is planned to be removed from a future JDK release
Warning: Nashorn engine is planned to be removed from a future JDK release
Warning: Nashorn engine is planned to be removed from a future JDK release
Warning: Nashorn engine is planned to be removed from a future JDK release
Warning: Nashorn engine is planned to be removed from a future JDK release
Warning: Nashorn engine is planned to be removed from a future JDK release
Warning: Nashorn engine is planned to be removed from a future JDK release
Warning: Nashorn engine is planned to be removed from a future JDK release
Warning: Nashorn engine is planned to be removed from a future JDK release
Warning: Nashorn engine is planned to be removed from a future JDK release
Warning: Nashorn engine is planned to be removed from a future JDK release
Warning: Nashorn engine is planned to be removed from a future JDK release
Warning: Nashorn engine is planned to be removed from a future JDK release
Warning: Nashorn engine is planned to be removed from a future JDK release
Warning: Nashorn engine is planned to be removed from a future JDK release
Warning: Nashorn engine is planned to be removed from a future JDK release
Warning: Nashorn engine is planned to be removed from a future JDK release
Warning: Nashorn engine is planned to be removed from a future JDK release
Warning: Nashorn engine is planned to be removed from a future JDK release
Warning: Nashorn engine is planned to be removed from a future JDK release
Warning: Nashorn engine is planned to be removed from a future JDK release
Warning: Nashorn engine is planned to be removed from a future JDK release
Warning: Nashorn engine is planned to be removed from a future JDK release
Warning: Nashorn engine is planned to be removed from a future JDK release
Warning: Nashorn engine is planned to be removed from a future JDK release
Warning: Nashorn engine is planned to be removed from a future JDK release
Warning: Nashorn engine is planned to be removed from a future JDK release
Warning: Nashorn engine is planned to be removed from a future JDK release
Warning: Nashorn engine is planned to be removed from a future JDK release
Warning: Nashorn engine is planned to be removed from a future JDK release
Warning: Nashorn engine is planned to be removed from a future JDK release
Warning: Nashorn engine is planned to be removed from a future JDK release
Warning: Nashorn engine is planned to be removed from a future JDK release
Warning: Nashorn engine is planned to be removed from a future JDK release
Warning: Nashorn engine is planned to be removed from a future JDK release
Warning: Nashorn engine is planned to be removed from a future JDK release
Warning: Nashorn engine is planned to be removed from a future JDK release
Warning: Nashorn engine is planned to be removed from a future JDK release
Warning: Nashorn engine is planned to be removed from a future JDK release
Warning: Nashorn engine is planned to be removed from a future JDK release
Warning: Nashorn engine is planned to be removed from a future JDK release
Warning: Nashorn engine is planned to be removed from a future JDK release
Warning: Nashorn engine is planned to be removed from a future JDK release
Warning: Nashorn engine is planned to be removed from a future JDK release
Warning: Nashorn engine is planned to be removed from a future JDK release
Warning: Nashorn engine is planned to be removed from a future JDK release
Warning: Nashorn engine is planned to be removed from a future JDK release
Warning: Nashorn engine is planned to be removed from a future JDK release
Warning: Nashorn engine is planned to be removed from a future JDK release
Warning: Nashorn engine is planned to be removed from a future JDK release
Warning: Nashorn engine is planned to be removed from a future JDK release
Warning: Nashorn engine is planned to be removed from a future JDK release
Warning: Nashorn engine is planned to be removed from a future JDK release
Warning: Nashorn engine is planned to be removed from a future JDK release
Warning: Nashorn engine is planned to be removed from a future JDK release
Warning: Nashorn engine is planned to be removed from a future JDK release
Warning: Nashorn engine is planned to be removed from a future JDK release
Warning: Nashorn engine is planned to be removed from a future JDK release
Warning: Nashorn engine is planned to be removed from a future JDK release
Warning: Nashorn engine is planned to be removed from a future JDK release
Warning: Nashorn engine is planned to be removed from a future JDK release
Warning: Nashorn engine is planned to be removed from a future JDK release
Warning: Nashorn engine is planned to be removed from a future JDK release
Warning: Nashorn engine is planned to be removed from a future JDK release
Warning: Nashorn engine is planned to be removed from a future JDK release
Warning: Nashorn engine is planned to be removed from a future JDK release
Warning: Nashorn engine is planned to be removed from a future JDK release
Warning: Nashorn engine is planned to be removed from a future JDK release
Warning: Nashorn engine is planned to be removed from a future JDK release
Warning: Nashorn engine is planned to be removed from a future JDK release
Warning: Nashorn engine is planned to be removed from a future JDK release
Warning: Nashorn engine is planned to be removed from a future JDK release
Warning: Nashorn engine is planned to be removed from a future JDK release
Warning: Nashorn engine is planned to be removed from a future JDK release
Warning: Nashorn engine is planned to be removed from a future JDK release
Warning: Nashorn engine is planned to be removed from a future JDK release
Warning: Nashorn engine is planned to be removed from a future JDK release
Warning: Nashorn engine is planned to be removed from a future JDK release
Warning: Nashorn engine is planned to be removed from a future JDK release
Warning: Nashorn engine is planned to be removed from a future JDK release
Warning: Nashorn engine is planned to be removed from a future JDK release
Warning: Nashorn engine is planned to be removed from a future JDK release
Warning: Nashorn engine is planned to be removed from a future JDK release
Warning: Nashorn engine is planned to be removed from a future JDK release
Warning: Nashorn engine is planned to be removed from a future JDK release
Warning: Nashorn engine is planned to be removed from a future JDK release
Warning: Nashorn engine is planned to be removed from a future JDK release
Warning: Nashorn engine is planned to be removed from a future JDK release
Warning: Nashorn engine is planned to be removed from a future JDK release
Warning: Nashorn engine is planned to be removed from a future JDK release
Warning: Nashorn engine is planned to be removed from a future JDK release
Warning: Nashorn engine is planned to be removed from a future JDK release
Warning: Nashorn engine is planned to be removed from a future JDK release
Warning: Nashorn engine is planned to be removed from a future JDK release
Warning: Nashorn engine is planned to be removed from a future JDK release
Warning: Nashorn engine is planned to be removed from a future JDK release
Warning: Nashorn engine is planned to be removed from a future JDK release
Warning: Nashorn engine is planned to be removed from a future JDK release
Warning: Nashorn engine is planned to be removed from a future JDK release
Warning: Nashorn engine is planned to be removed from a future JDK release
Warning: Nashorn engine is planned to be removed from a future JDK release
Warning: Nashorn engine is planned to be removed from a future JDK release
Warning: Nashorn engine is planned to be removed from a future JDK release
Warning: Nashorn engine is planned to be removed from a future JDK release
Warning: Nashorn engine is planned to be removed from a future JDK release
Warning: Nashorn engine is planned to be removed from a future JDK release
Warning: Nashorn engine is planned to be removed from a future JDK release
Warning: Nashorn engine is planned to be removed from a future JDK release
Warning: Nashorn engine is planned to be removed from a future JDK release
Warning: Nashorn engine is planned to be removed from a future JDK release
Warning: Nashorn engine is planned to be removed from a future JDK release
Warning: Nashorn engine is planned to be removed from a future JDK release
Warning: Nashorn engine is planned to be removed from a future JDK release
Warning: Nashorn engine is planned to be removed from a future JDK release
Warning: Nashorn engine is planned to be removed from a future JDK release
Warning: Nashorn engine is planned to be removed from a future JDK release
Warning: Nashorn engine is planned to be removed from a future JDK release
Warning: Nashorn engine is planned to be removed from a future JDK release
Warning: Nashorn engine is planned to be removed from a future JDK release
Warning: Nashorn engine is planned to be removed from a future JDK release
Warning: Nashorn engine is planned to be removed from a future JDK release
Warning: Nashorn engine is planned to be removed from a future JDK release
Warning: Nashorn engine is planned to be removed from a future JDK release
Warning: Nashorn engine is planned to be removed from a future JDK release
Warning: Nashorn engine is planned to be removed from a future JDK release
Warning: Nashorn engine is planned to be removed from a future JDK release
Warning: Nashorn engine is planned to be removed from a future JDK release
Warning: Nashorn engine is planned to be removed from a future JDK release
Warning: Nashorn engine is planned to be removed from a future JDK release
Warning: Nashorn engine is planned to be removed from a future JDK release
Warning: Nashorn engine is planned to be removed from a future JDK release
Warning: Nashorn engine is planned to be removed from a future JDK release
Warning: Nashorn engine is planned to be removed from a future JDK release
Warning: Nashorn engine is planned to be removed from a future JDK release
Warning: Nashorn engine is planned to be removed from a future JDK release
Warning: Nashorn engine is planned to be removed from a future JDK release
Warning: Nashorn engine is planned to be removed from a future JDK release
Warning: Nashorn engine is planned to be removed from a future JDK release
Warning: Nashorn engine is planned to be removed from a future JDK release
Warning: Nashorn engine is planned to be removed from a future JDK release
Warning: Nashorn engine is planned to be removed from a future JDK release
Warning: Nashorn engine is planned to be removed from a future JDK release
Warning: Nashorn engine is planned to be removed from a future JDK release
Warning: Nashorn engine is planned to be removed from a future JDK release
Warning: Nashorn engine is planned to be removed from a future JDK release
Warning: Nashorn engine is planned to be removed from a future JDK release
Warning: Nashorn engine is planned to be removed from a future JDK release
WARNING: HandlerWithSuppress: Model stopped before executing actions (e.g. producing outputs) scheduled for execution at times [21.0]
Warning: Nashorn engine is planned to be removed from a future JDK release
Warning: Nashorn engine is planned to be removed from a future JDK release
Warning: Nashorn engine is planned to be removed from a future JDK release
Warning: Nashorn engine is planned to be removed from a future JDK release
Warning: Nashorn engine is planned to be removed from a future JDK release
Warning: Nashorn engine is planned to be removed from a future JDK release
Warning: Nashorn engine is planned to be removed from a future JDK release
Warning: Nashorn engine is planned to be removed from a future JDK release
Warning: Nashorn engine is planned to be removed from a future JDK release
Warning: Nashorn engine is planned to be removed from a future JDK release
Warning: Nashorn engine is planned to be removed from a future JDK release
Warning: Nashorn engine is planned to be removed from a future JDK release
Warning: Nashorn engine is planned to be removed from a future JDK release
Warning: Nashorn engine is planned to be removed from a future JDK release
Warning: Nashorn engine is planned to be removed from a future JDK release
Warning: Nashorn engine is planned to be removed from a future JDK release
Warning: Nashorn engine is planned to be removed from a future JDK release
Warning: Nashorn engine is planned to be removed from a future JDK release
Warning: Nashorn engine is planned to be removed from a future JDK release
Warning: Nashorn engine is planned to be removed from a future JDK release
Warning: Nashorn engine is planned to be removed from a future JDK release
Warning: Nashorn engine is planned to be removed from a future JDK release
Warning: Nashorn engine is planned to be removed from a future JDK release
Warning: Nashorn engine is planned to be removed from a future JDK release
Warning: Nashorn engine is planned to be removed from a future JDK release
Warning: Nashorn engine is planned to be removed from a future JDK release
Warning: Nashorn engine is planned to be removed from a future JDK release
Warning: Nashorn engine is planned to be removed from a future JDK release
Warning: Nashorn engine is planned to be removed from a future JDK release
Warning: Nashorn engine is planned to be removed from a future JDK release
Warning: Nashorn engine is planned to be removed from a future JDK release
Warning: Nashorn engine is planned to be removed from a future JDK release
Warning: Nashorn engine is planned to be removed from a future JDK release
Warning: Nashorn engine is planned to be removed from a future JDK release
Warning: Nashorn engine is planned to be removed from a future JDK release
Warning: Nashorn engine is planned to be removed from a future JDK release
Warning: Nashorn engine is planned to be removed from a future JDK release
Warning: Nashorn engine is planned to be removed from a future JDK release
Warning: Nashorn engine is planned to be removed from a future JDK release
Warning: Nashorn engine is planned to be removed from a future JDK release
Warning: Nashorn engine is planned to be removed from a future JDK release
Warning: Nashorn engine is planned to be removed from a future JDK release
Warning: Nashorn engine is planned to be removed from a future JDK release
Warning: Nashorn engine is planned to be removed from a future JDK release
Warning: Nashorn engine is planned to be removed from a future JDK release
Warning: Nashorn engine is planned to be removed from a future JDK release
Warning: Nashorn engine is planned to be removed from a future JDK release
Warning: Nashorn engine is planned to be removed from a future JDK release
Warning: Nashorn engine is planned to be removed from a future JDK release
Warning: Nashorn engine is planned to be removed from a future JDK release
Warning: Nashorn engine is planned to be removed from a future JDK release
Warning: Nashorn engine is planned to be removed from a future JDK release
Warning: Nashorn engine is planned to be removed from a future JDK release
Warning: Nashorn engine is planned to be removed from a future JDK release
Warning: Nashorn engine is planned to be removed from a future JDK release
Warning: Nashorn engine is planned to be removed from a future JDK release
Warning: Nashorn engine is planned to be removed from a future JDK release
Warning: Nashorn engine is planned to be removed from a future JDK release
Warning: Nashorn engine is planned to be removed from a future JDK release
Warning: Nashorn engine is planned to be removed from a future JDK release
Warning: Nashorn engine is planned to be removed from a future JDK release
Warning: Nashorn engine is planned to be removed from a future JDK release
Warning: Nashorn engine is planned to be removed from a future JDK release
Warning: Nashorn engine is planned to be removed from a future JDK release
Warning: Nashorn engine is planned to be removed from a future JDK release
Warning: Nashorn engine is planned to be removed from a future JDK release
Warning: Nashorn engine is planned to be removed from a future JDK release
Warning: Nashorn engine is planned to be removed from a future JDK release
Warning: Nashorn engine is planned to be removed from a future JDK release
Warning: Nashorn engine is planned to be removed from a future JDK release
Warning: Nashorn engine is planned to be removed from a future JDK release
Warning: Nashorn engine is planned to be removed from a future JDK release
Warning: Nashorn engine is planned to be removed from a future JDK release
Warning: Nashorn engine is planned to be removed from a future JDK release
Warning: Nashorn engine is planned to be removed from a future JDK release
Warning: Nashorn engine is planned to be removed from a future JDK release
Warning: Nashorn engine is planned to be removed from a future JDK release
Warning: Nashorn engine is planned to be removed from a future JDK release
Warning: Nashorn engine is planned to be removed from a future JDK release
Warning: Nashorn engine is planned to be removed from a future JDK release
Warning: Nashorn engine is planned to be removed from a future JDK release
Warning: Nashorn engine is planned to be removed from a future JDK release
Warning: Nashorn engine is planned to be removed from a future JDK release
Warning: Nashorn engine is planned to be removed from a future JDK release
Warning: Nashorn engine is planned to be removed from a future JDK release
Warning: Nashorn engine is planned to be removed from a future JDK release
Warning: Nashorn engine is planned to be removed from a future JDK release
Warning: Nashorn engine is planned to be removed from a future JDK release
Warning: Nashorn engine is planned to be removed from a future JDK release
Warning: Nashorn engine is planned to be removed from a future JDK release
Warning: Nashorn engine is planned to be removed from a future JDK release
Warning: Nashorn engine is planned to be removed from a future JDK release
Warning: Nashorn engine is planned to be removed from a future JDK release
Warning: Nashorn engine is planned to be removed from a future JDK release
Warning: Nashorn engine is planned to be removed from a future JDK release
Warning: Nashorn engine is planned to be removed from a future JDK release
Warning: Nashorn engine is planned to be removed from a future JDK release
Warning: Nashorn engine is planned to be removed from a future JDK release
Warning: Nashorn engine is planned to be removed from a future JDK release
Warning: Nashorn engine is planned to be removed from a future JDK release
Warning: Nashorn engine is planned to be removed from a future JDK release
Warning: Nashorn engine is planned to be removed from a future JDK release
Warning: Nashorn engine is planned to be removed from a future JDK release
Warning: Nashorn engine is planned to be removed from a future JDK release
Warning: Nashorn engine is planned to be removed from a future JDK release
Warning: Nashorn engine is planned to be removed from a future JDK release
Warning: Nashorn engine is planned to be removed from a future JDK release
Warning: Nashorn engine is planned to be removed from a future JDK release
Warning: Nashorn engine is planned to be removed from a future JDK release
Warning: Nashorn engine is planned to be removed from a future JDK release
WARNING: TestSpontaneous: Model stopped before executing actions (e.g. producing outputs) scheduled for execution at times [5.0]
Warning: Nashorn engine is planned to be removed from a future JDK release
Warning: Nashorn engine is planned to be removed from a future JDK release
Warning: Nashorn engine is planned to be removed from a future JDK release
Warning: Nashorn engine is planned to be removed from a future JDK release
Warning: Nashorn engine is planned to be removed from a future JDK release
Warning: Nashorn engine is planned to be removed from a future JDK release
Warning: Nashorn engine is planned to be removed from a future JDK release
Warning: Nashorn engine is planned to be removed from a future JDK release
Warning: Nashorn engine is planned to be removed from a future JDK release
Warning: Nashorn engine is planned to be removed from a future JDK release
Warning: Nashorn engine is planned to be removed from a future JDK release
Warning: Nashorn engine is planned to be removed from a future JDK release
Warning: Nashorn engine is planned to be removed from a future JDK release
Warning: Nashorn engine is planned to be removed from a future JDK release
Warning: Nashorn engine is planned to be removed from a future JDK release
Warning: Nashorn engine is planned to be removed from a future JDK release
]]></system-err>
</testsuite>
