<?xml version="1.0" encoding="UTF-8" ?>
<testsuite errors="0" failures="0" hostname="travis-job-0bf7ad8c-1c04-462a-abfe-91706aa2fa3d" name="ptolemy.domains.de.test.junit.JUnitTclTest" skipped="0" tests="101" time="127.431" timestamp="2018-06-18T18:09:06">
  <properties>
[...]
</properties>
  <testcase classname="ptolemy.util.test.junit.TclTests" name="[0] /home/travis/build/icyphy/ptII/ptolemy/domains/de/test/DependencyLoop.tcl (RunTclFile)" time="0.685" />
  <testcase classname="ptolemy.util.test.junit.TclTests" name="[1] /home/travis/build/icyphy/ptII/ptolemy/domains/de/test/RunDETestsAsQSS.tcl (RunTclFile)" time="87.044" />
  <testcase classname="ptolemy.util.test.junit.AutoKnownFailedTests" name="[0] /home/travis/build/icyphy/ptII/ptolemy/domains/de/test/auto/knownFailedTests/DESDFClockTest.xml (RunModel)" time="2.031" />
  <testcase classname="ptolemy.util.test.junit.AutoKnownFailedTests" name="[1] /home/travis/build/icyphy/ptII/ptolemy/domains/de/test/auto/knownFailedTests/DirectFeedback.xml (RunModel)" time="0.016" />
  <testcase classname="ptolemy.util.test.junit.AutoKnownFailedTests" name="[2] /home/travis/build/icyphy/ptII/ptolemy/domains/de/test/auto/knownFailedTests/FSMSource.xml (RunModel)" time="0.023" />
  <testcase classname="ptolemy.util.test.junit.AutoKnownFailedTests" name="[3] /home/travis/build/icyphy/ptII/ptolemy/domains/de/test/auto/knownFailedTests/HierarchicalModel.xml (RunModel)" time="0.042" />
  <testcase classname="ptolemy.util.test.junit.AutoKnownFailedTests" name="[4] /home/travis/build/icyphy/ptII/ptolemy/domains/de/test/auto/knownFailedTests/dependencyLoop.xml (RunModel)" time="0.026" />
  <testcase classname="ptolemy.util.test.junit.AutoKnownFailedTests" name="[5] /home/travis/build/icyphy/ptII/ptolemy/domains/de/test/auto/knownFailedTests/dependencyLoop2.xml (RunModel)" time="0.032" />
  <testcase classname="ptolemy.util.test.junit.AutoNameArchTests" name="[0] ThereAreNoAutoArchTests (RunModel)" time="0.0" />
  <testcase classname="ptolemy.util.test.junit.AutoTests" name="[0] /home/travis/build/icyphy/ptII/ptolemy/domains/de/test/auto/ActorDepthCalculation_actorWithoutPorts.xml (RunModel)" time="0.017" />
  <testcase classname="ptolemy.util.test.junit.AutoTests" name="[1] /home/travis/build/icyphy/ptII/ptolemy/domains/de/test/auto/AssemblyLine.xml (RunModel)" time="0.014" />
  <testcase classname="ptolemy.util.test.junit.AutoTests" name="[2] /home/travis/build/icyphy/ptII/ptolemy/domains/de/test/auto/CQBug1.xml (RunModel)" time="0.009" />
  <testcase classname="ptolemy.util.test.junit.AutoTests" name="[3] /home/travis/build/icyphy/ptII/ptolemy/domains/de/test/auto/CancelFireAt.xml (RunModel)" time="0.013" />
  <testcase classname="ptolemy.util.test.junit.AutoTests" name="[4] /home/travis/build/icyphy/ptII/ptolemy/domains/de/test/auto/CausalityAndComposabilityAnalysis.xml (RunModel)" time="0.011" />
  <testcase classname="ptolemy.util.test.junit.AutoTests" name="[5] /home/travis/build/icyphy/ptII/ptolemy/domains/de/test/auto/CausalityInterface1.xml (RunModel)" time="0.012" />
  <testcase classname="ptolemy.util.test.junit.AutoTests" name="[6] /home/travis/build/icyphy/ptII/ptolemy/domains/de/test/auto/CausalityInterface15.xml (RunModel)" time="0.011" />
  <testcase classname="ptolemy.util.test.junit.AutoTests" name="[7] /home/travis/build/icyphy/ptII/ptolemy/domains/de/test/auto/CausalityInterface2.xml (RunModel)" time="0.01" />
  <testcase classname="ptolemy.util.test.junit.AutoTests" name="[8] /home/travis/build/icyphy/ptII/ptolemy/domains/de/test/auto/CausalityInterface3.xml (RunModel)" time="0.015" />
  <testcase classname="ptolemy.util.test.junit.AutoTests" name="[9] /home/travis/build/icyphy/ptII/ptolemy/domains/de/test/auto/ClockDrift.xml (RunModel)" time="0.043" />
  <testcase classname="ptolemy.util.test.junit.AutoTests" name="[10] /home/travis/build/icyphy/ptII/ptolemy/domains/de/test/auto/ClockDriftAndValueChange.xml (RunModel)" time="0.033" />
  <testcase classname="ptolemy.util.test.junit.AutoTests" name="[11] /home/travis/build/icyphy/ptII/ptolemy/domains/de/test/auto/ClockDriftChange.xml (RunModel)" time="0.027" />
  <testcase classname="ptolemy.util.test.junit.AutoTests" name="[12] /home/travis/build/icyphy/ptII/ptolemy/domains/de/test/auto/ComposableCausalityAnalysis.xml (RunModel)" time="0.016" />
  <testcase classname="ptolemy.util.test.junit.AutoTests" name="[13] /home/travis/build/icyphy/ptII/ptolemy/domains/de/test/auto/DEFixedPointLimitation.xml (RunModel)" time="0.009" />
  <testcase classname="ptolemy.util.test.junit.AutoTests" name="[14] /home/travis/build/icyphy/ptII/ptolemy/domains/de/test/auto/DEScheduleTest.xml (RunModel)" time="0.012" />
  <testcase classname="ptolemy.util.test.junit.AutoTests" name="[15] /home/travis/build/icyphy/ptII/ptolemy/domains/de/test/auto/DEinDEwithStartTimes.xml (RunModel)" time="0.014" />
  <testcase classname="ptolemy.util.test.junit.AutoTests" name="[16] /home/travis/build/icyphy/ptII/ptolemy/domains/de/test/auto/DEinDEwithStartTimes2.xml (RunModel)" time="0.015" />
  <testcase classname="ptolemy.util.test.junit.AutoTests" name="[17] /home/travis/build/icyphy/ptII/ptolemy/domains/de/test/auto/DateDemo.xml (RunModel)" time="0.033" />
  <testcase classname="ptolemy.util.test.junit.AutoTests" name="[18] /home/travis/build/icyphy/ptII/ptolemy/domains/de/test/auto/DateToEvent.xml (RunModel)" time="2.039" />
  <testcase classname="ptolemy.util.test.junit.AutoTests" name="[19] /home/travis/build/icyphy/ptII/ptolemy/domains/de/test/auto/DepthTest1.xml (RunModel)" time="0.008" />
  <testcase classname="ptolemy.util.test.junit.AutoTests" name="[20] /home/travis/build/icyphy/ptII/ptolemy/domains/de/test/auto/DepthTest2.xml (RunModel)" time="0.016" />
  <testcase classname="ptolemy.util.test.junit.AutoTests" name="[21] /home/travis/build/icyphy/ptII/ptolemy/domains/de/test/auto/DepthTest3.xml (RunModel)" time="0.007" />
  <testcase classname="ptolemy.util.test.junit.AutoTests" name="[22] /home/travis/build/icyphy/ptII/ptolemy/domains/de/test/auto/DepthTest4.xml (RunModel)" time="0.016" />
  <testcase classname="ptolemy.util.test.junit.AutoTests" name="[23] /home/travis/build/icyphy/ptII/ptolemy/domains/de/test/auto/DepthTest5.xml (RunModel)" time="0.012" />
  <testcase classname="ptolemy.util.test.junit.AutoTests" name="[24] /home/travis/build/icyphy/ptII/ptolemy/domains/de/test/auto/DepthTest6.xml (RunModel)" time="0.012" />
  <testcase classname="ptolemy.util.test.junit.AutoTests" name="[25] /home/travis/build/icyphy/ptII/ptolemy/domains/de/test/auto/DepthTest7.xml (RunModel)" time="0.011" />
  <testcase classname="ptolemy.util.test.junit.AutoTests" name="[26] /home/travis/build/icyphy/ptII/ptolemy/domains/de/test/auto/EventToDate.xml (RunModel)" time="3.032" />
  <testcase classname="ptolemy.util.test.junit.AutoTests" name="[27] /home/travis/build/icyphy/ptII/ptolemy/domains/de/test/auto/FSM1.xml (RunModel)" time="0.029" />
  <testcase classname="ptolemy.util.test.junit.AutoTests" name="[28] /home/travis/build/icyphy/ptII/ptolemy/domains/de/test/auto/FSM7.xml (RunModel)" time="0.028" />
  <testcase classname="ptolemy.util.test.junit.AutoTests" name="[29] /home/travis/build/icyphy/ptII/ptolemy/domains/de/test/auto/Inspection.xml (RunModel)" time="0.036" />
  <testcase classname="ptolemy.util.test.junit.AutoTests" name="[30] /home/travis/build/icyphy/ptII/ptolemy/domains/de/test/auto/Iteration.xml (RunModel)" time="0.018" />
  <testcase classname="ptolemy.util.test.junit.AutoTests" name="[31] /home/travis/build/icyphy/ptII/ptolemy/domains/de/test/auto/LineFault.xml (RunModel)" time="0.539" />
  <testcase classname="ptolemy.util.test.junit.AutoTests" name="[32] /home/travis/build/icyphy/ptII/ptolemy/domains/de/test/auto/MergeModel1Add.xml (RunModel)" time="0.035" />
  <testcase classname="ptolemy.util.test.junit.AutoTests" name="[33] /home/travis/build/icyphy/ptII/ptolemy/domains/de/test/auto/MergeModel2Add.xml (RunModel)" time="0.032" />
  <testcase classname="ptolemy.util.test.junit.AutoTests" name="[34] /home/travis/build/icyphy/ptII/ptolemy/domains/de/test/auto/MergeModel3Add.xml (RunModel)" time="0.032" />
  <testcase classname="ptolemy.util.test.junit.AutoTests" name="[35] /home/travis/build/icyphy/ptII/ptolemy/domains/de/test/auto/MergeWithoutDiscard.xml (RunModel)" time="0.009" />
  <testcase classname="ptolemy.util.test.junit.AutoTests" name="[36] /home/travis/build/icyphy/ptII/ptolemy/domains/de/test/auto/Modal1.xml (RunModel)" time="0.025" />
  <testcase classname="ptolemy.util.test.junit.AutoTests" name="[37] /home/travis/build/icyphy/ptII/ptolemy/domains/de/test/auto/Modal2.xml (RunModel)" time="0.024" />
  <testcase classname="ptolemy.util.test.junit.AutoTests" name="[38] /home/travis/build/icyphy/ptII/ptolemy/domains/de/test/auto/Modal3.xml (RunModel)" time="0.024" />
  <testcase classname="ptolemy.util.test.junit.AutoTests" name="[39] /home/travis/build/icyphy/ptII/ptolemy/domains/de/test/auto/Modal4.xml (RunModel)" time="0.026" />
  <testcase classname="ptolemy.util.test.junit.AutoTests" name="[40] /home/travis/build/icyphy/ptII/ptolemy/domains/de/test/auto/Modal5.xml (RunModel)" time="0.026" />
  <testcase classname="ptolemy.util.test.junit.AutoTests" name="[41] /home/travis/build/icyphy/ptII/ptolemy/domains/de/test/auto/Modal6.xml (RunModel)" time="0.026" />
  <testcase classname="ptolemy.util.test.junit.AutoTests" name="[42] /home/travis/build/icyphy/ptII/ptolemy/domains/de/test/auto/Modal7.xml (RunModel)" time="0.026" />
  <testcase classname="ptolemy.util.test.junit.AutoTests" name="[43] /home/travis/build/icyphy/ptII/ptolemy/domains/de/test/auto/ModalModel.xml (RunModel)" time="0.137" />
  <testcase classname="ptolemy.util.test.junit.AutoTests" name="[44] /home/travis/build/icyphy/ptII/ptolemy/domains/de/test/auto/ModalSource.xml (RunModel)" time="0.016" />
  <testcase classname="ptolemy.util.test.junit.AutoTests" name="[45] /home/travis/build/icyphy/ptII/ptolemy/domains/de/test/auto/NonInterruptibleTimerZeroDelay.xml (RunModel)" time="0.009" />
  <testcase classname="ptolemy.util.test.junit.AutoTests" name="[46] /home/travis/build/icyphy/ptII/ptolemy/domains/de/test/auto/OpenQueueingNetwork.xml (RunModel)" time="2.084" />
  <testcase classname="ptolemy.util.test.junit.AutoTests" name="[47] /home/travis/build/icyphy/ptII/ptolemy/domains/de/test/auto/OpenQueuingNetwork.xml (RunModel)" time="0.266" />
  <testcase classname="ptolemy.util.test.junit.AutoTests" name="[48] /home/travis/build/icyphy/ptII/ptolemy/domains/de/test/auto/PeriodicSampler.xml (RunModel)" time="0.011" />
  <testcase classname="ptolemy.util.test.junit.AutoTests" name="[49] /home/travis/build/icyphy/ptII/ptolemy/domains/de/test/auto/PersistentIO.xml (RunModel)" time="0.016" />
  <testcase classname="ptolemy.util.test.junit.AutoTests" name="[50] /home/travis/build/icyphy/ptII/ptolemy/domains/de/test/auto/PortParameterResetOnInitialize.xml (RunModel)" time="0.011" />
  <testcase classname="ptolemy.util.test.junit.AutoTests" name="[51] /home/travis/build/icyphy/ptII/ptolemy/domains/de/test/auto/PortParameterUpdates.xml (RunModel)" time="0.017" />
  <testcase classname="ptolemy.util.test.junit.AutoTests" name="[52] /home/travis/build/icyphy/ptII/ptolemy/domains/de/test/auto/QueueAndServer.xml (RunModel)" time="0.021" />
  <testcase classname="ptolemy.util.test.junit.AutoTests" name="[53] /home/travis/build/icyphy/ptII/ptolemy/domains/de/test/auto/Records.xml (RunModel)" time="0.021" />
  <testcase classname="ptolemy.util.test.junit.AutoTests" name="[54] /home/travis/build/icyphy/ptII/ptolemy/domains/de/test/auto/ResetTransitionWithStartTime1.xml (RunModel)" time="0.016" />
  <testcase classname="ptolemy.util.test.junit.AutoTests" name="[55] /home/travis/build/icyphy/ptII/ptolemy/domains/de/test/auto/ResetTransitionWithStartTime2.xml (RunModel)" time="0.018" />
  <testcase classname="ptolemy.util.test.junit.AutoTests" name="[56] /home/travis/build/icyphy/ptII/ptolemy/domains/de/test/auto/ResetTransitionWithStartTime3.xml (RunModel)" time="0.02" />
  <testcase classname="ptolemy.util.test.junit.AutoTests" name="[57] /home/travis/build/icyphy/ptII/ptolemy/domains/de/test/auto/ResetTransitionWithStartTime4.xml (RunModel)" time="0.019" />
  <testcase classname="ptolemy.util.test.junit.AutoTests" name="[58] /home/travis/build/icyphy/ptII/ptolemy/domains/de/test/auto/ResettableTimer1.xml (RunModel)" time="0.009" />
  <testcase classname="ptolemy.util.test.junit.AutoTests" name="[59] /home/travis/build/icyphy/ptII/ptolemy/domains/de/test/auto/ResettableTimer2.xml (RunModel)" time="0.009" />
  <testcase classname="ptolemy.util.test.junit.AutoTests" name="[60] /home/travis/build/icyphy/ptII/ptolemy/domains/de/test/auto/ResettableTimer3.xml (RunModel)" time="0.008" />
  <testcase classname="ptolemy.util.test.junit.AutoTests" name="[61] /home/travis/build/icyphy/ptII/ptolemy/domains/de/test/auto/ResettableTimer4.xml (RunModel)" time="0.009" />
  <testcase classname="ptolemy.util.test.junit.AutoTests" name="[62] /home/travis/build/icyphy/ptII/ptolemy/domains/de/test/auto/ResettableTimer5.xml (RunModel)" time="0.01" />
  <testcase classname="ptolemy.util.test.junit.AutoTests" name="[63] /home/travis/build/icyphy/ptII/ptolemy/domains/de/test/auto/ResettableTimer6.xml (RunModel)" time="0.023" />
  <testcase classname="ptolemy.util.test.junit.AutoTests" name="[64] /home/travis/build/icyphy/ptII/ptolemy/domains/de/test/auto/ServerZeroDelay.xml (RunModel)" time="0.01" />
  <testcase classname="ptolemy.util.test.junit.AutoTests" name="[65] /home/travis/build/icyphy/ptII/ptolemy/domains/de/test/auto/SmartSender.xml (RunModel)" time="3.008" />
  <testcase classname="ptolemy.util.test.junit.AutoTests" name="[66] /home/travis/build/icyphy/ptII/ptolemy/domains/de/test/auto/ThreadedComposite.xml (RunModel)" time="0.172" />
  <testcase classname="ptolemy.util.test.junit.AutoTests" name="[67] /home/travis/build/icyphy/ptII/ptolemy/domains/de/test/auto/Time.xml (RunModel)" time="0.407" />
  <testcase classname="ptolemy.util.test.junit.AutoTests" name="[68] /home/travis/build/icyphy/ptII/ptolemy/domains/de/test/auto/TimeDelayZeroDelay.xml (RunModel)" time="0.009" />
  <testcase classname="ptolemy.util.test.junit.AutoTests" name="[69] /home/travis/build/icyphy/ptII/ptolemy/domains/de/test/auto/TimerZeroDelay.xml (RunModel)" time="0.008" />
  <testcase classname="ptolemy.util.test.junit.AutoTests" name="[70] /home/travis/build/icyphy/ptII/ptolemy/domains/de/test/auto/TimingParadox.xml (RunModel)" time="0.328" />
  <testcase classname="ptolemy.util.test.junit.AutoTests" name="[71] /home/travis/build/icyphy/ptII/ptolemy/domains/de/test/auto/TransferInputs.xml (RunModel)" time="0.013" />
  <testcase classname="ptolemy.util.test.junit.AutoTests" name="[72] /home/travis/build/icyphy/ptII/ptolemy/domains/de/test/auto/TransferOutputs2.xml (RunModel)" time="0.014" />
  <testcase classname="ptolemy.util.test.junit.AutoTests" name="[73] /home/travis/build/icyphy/ptII/ptolemy/domains/de/test/auto/Trilateration.xml (RunModel)" time="11.7" />
  <testcase classname="ptolemy.util.test.junit.AutoTests" name="[74] /home/travis/build/icyphy/ptII/ptolemy/domains/de/test/auto/TwoSigmaDelta.xml (RunModel)" time="2.193" />
  <testcase classname="ptolemy.util.test.junit.AutoTests" name="[75] /home/travis/build/icyphy/ptII/ptolemy/domains/de/test/auto/VariableDelay.xml (RunModel)" time="0.013" />
  <testcase classname="ptolemy.util.test.junit.AutoTests" name="[76] /home/travis/build/icyphy/ptII/ptolemy/domains/de/test/auto/VariableDelay2.xml (RunModel)" time="0.01" />
  <testcase classname="ptolemy.util.test.junit.AutoTests" name="[77] /home/travis/build/icyphy/ptII/ptolemy/domains/de/test/auto/VariableDelayZeroDelay.xml (RunModel)" time="0.012" />
  <testcase classname="ptolemy.util.test.junit.AutoTests" name="[78] /home/travis/build/icyphy/ptII/ptolemy/domains/de/test/auto/VariableDelayZeroDelay2.xml (RunModel)" time="0.012" />
  <testcase classname="ptolemy.util.test.junit.AutoTests" name="[79] /home/travis/build/icyphy/ptII/ptolemy/domains/de/test/auto/deInCt.xml (RunModel)" time="0.014" />
  <testcase classname="ptolemy.util.test.junit.AutoTests" name="[80] /home/travis/build/icyphy/ptII/ptolemy/domains/de/test/auto/deInCt2.xml (RunModel)" time="0.017" />
  <testcase classname="ptolemy.util.test.junit.AutoTests" name="[81] /home/travis/build/icyphy/ptII/ptolemy/domains/de/test/auto/dynamicCausalityInterface1.xml (RunModel)" time="0.018" />
  <testcase classname="ptolemy.util.test.junit.AutoTests" name="[82] /home/travis/build/icyphy/ptII/ptolemy/domains/de/test/auto/fsm_de_test.xml (RunModel)" time="0.029" />
  <testcase classname="ptolemy.util.test.junit.AutoTests" name="[83] /home/travis/build/icyphy/ptII/ptolemy/domains/de/test/auto/functionDependencyReconstruction.xml (RunModel)" time="0.031" />
  <testcase classname="ptolemy.util.test.junit.AutoTests" name="[84] /home/travis/build/icyphy/ptII/ptolemy/domains/de/test/auto/multirate.xml (RunModel)" time="0.016" />
  <testcase classname="ptolemy.util.test.junit.AutoTests" name="[85] /home/travis/build/icyphy/ptII/ptolemy/domains/de/test/auto/multirate2.xml (RunModel)" time="0.021" />
  <testcase classname="ptolemy.util.test.junit.AutoTests" name="[86] /home/travis/build/icyphy/ptII/ptolemy/domains/de/test/auto/realtime.xml (RunModel)" time="10.011" />
  <testcase classname="ptolemy.util.test.junit.AutoTests" name="[87] /home/travis/build/icyphy/ptII/ptolemy/domains/de/test/auto/relationGroup.xml (RunModel)" time="0.007" />
  <testcase classname="ptolemy.util.test.junit.AutoTests" name="[88] /home/travis/build/icyphy/ptII/ptolemy/domains/de/test/auto/relationGroup2.xml (RunModel)" time="0.021" />
  <testcase classname="ptolemy.util.test.junit.AutoTests" name="[89] /home/travis/build/icyphy/ptII/ptolemy/domains/de/test/auto/sortWithOpaquePorts.xml (RunModel)" time="0.009" />
  <testcase classname="ptolemy.util.test.junit.AutoTests" name="[90] /home/travis/build/icyphy/ptII/ptolemy/domains/de/test/auto/transferInputsandOutputs.xml (RunModel)" time="0.014" />
  <testcase classname="ptolemy.util.test.junit.AutoTests" name="[91] /home/travis/build/icyphy/ptII/ptolemy/domains/de/test/auto/triggerType.xml (RunModel)" time="0.009" />
  <system-out><![CDATA[/home/travis/build/icyphy/ptII/ptolemy/domains/de/test/DependencyLoop.tcl
testDefs.tcl: setting time out to 9000 seconds at Mon Jun 18 18:09:06 UTC 2018
14 ms. Memory: 116224K Free: 93859K (81%)
6 ms. Memory: 146944K Free: 135529K (92%)
/home/travis/build/icyphy/ptII/ptolemy/domains/de/test/RunDETestsAsQSS.tcl
Run the DE tests using ptolemy.domains.qss.test.QSSDirectorTest, which extends QSSDirector and prints a message in the constructors.
------------------ testing $PTII/ptolemy/domains/de/test/auto/knownFailedTests/dependencyLoop.xml (Known Failure) 
11 ms. Memory: 146944K Free: 132417K (90%)


==== $PTIIhome/travis/build/icyphy/ptII/ptolemy/domains/de/test/../../../../: Auto Automatic test in file $PTII/ptolemy/domains/de/test/auto/knownFailedTests/dependencyLoop.xml
==== Contents of test case:

	    # FIXME: we should use $relativeFilename here, but it
	    # might have backslashes under Windows, which causes no end
	    # of trouble.
	    createAndExecute $file
	    list {}
	
.... Test generated KNOWN error:
    while executing
ptolemy.kernel.util.IllegalActionException: Found a zero delay loop containing .dependencyLoop.original
  in .dependencyLoop and .dependencyLoop.original
	at ptolemy.actor.util.CausalityInterfaceForComposites._computeOutputPortDepth(CausalityInterfaceForComposites.java:759)
	at ptolemy.actor.util.CausalityInterfaceForComposites._computeInputDepth(CausalityInterfaceForComposites.java:696)
	at ptolemy.actor.util.CausalityInterfaceForComposites._computeOutputPortDepth(CausalityInterfaceForComposites.java:765)
	at ptolemy.actor.util.CausalityInterfaceForComposites._computeInputDepth(CausalityInterfaceForComposites.java:696)
	at ptolemy.actor.util.CausalityInterfaceForComposites._computeOutputPortDepth(CausalityInterfaceForComposites.java:765)
	at ptolemy.actor.util.CausalityInterfaceForComposites._computeInputDepth(CausalityInterfaceForComposites.java:696)
	at ptolemy.actor.util.CausalityInterfaceForComposites._computeActorDepth(CausalityInterfaceForComposites.java:532)
	at ptolemy.actor.util.CausalityInterfaceForComposites.checkForCycles(CausalityInterfaceForComposites.java:96)
	at ptolemy.domains.de.kernel.DEDirector.preinitialize(DEDirector.java:1338)
	at ptolemy.actor.CompositeActor.preinitialize(CompositeActor.java:1828)
	at ptolemy.actor.Manager.preinitializeAndResolveTypes(Manager.java:1040)
	at ptolemy.actor.Manager.initialize(Manager.java:710)
	at ptolemy.actor.Manager.execute(Manager.java:356)
	at ptolemy.actor.Manager.run(Manager.java:1263)
	at ptolemy.actor.Manager$PtolemyRunThread.run(Manager.java:1915)

    while executing
ptolemy.kernel.util.IllegalActionException: Found a zero delay loop containing .dependencyLoop.original
  in .dependencyLoop and .dependencyLoop.original
    while executing
"java::new ptolemy.moml.MoMLSimpleApplication $file
"
    (procedure "createAndExecute" line 2)
    invoked from within
"createAndExecute $file"
    ("uplevel" body line 5)
    invoked from within
"uplevel $contents_of_test"
------------------ testing $PTII/ptolemy/domains/de/test/auto/knownFailedTests/DESDFClockTest.xml (Known Failure) 
2055 ms. Memory: 146944K Free: 116594K (79%)


==== $PTIIhome/travis/build/icyphy/ptII/ptolemy/domains/de/test/../../../../: Auto Automatic test in file $PTII/ptolemy/domains/de/test/auto/knownFailedTests/DESDFClockTest.xml
==== Contents of test case:

	    # FIXME: we should use $relativeFilename here, but it
	    # might have backslashes under Windows, which causes no end
	    # of trouble.
	    createAndExecute $file
	    list {}
	
.... Test generated KNOWN error:
    while executing
ptolemy.kernel.util.IllegalActionException: Actor is not ready to fire.  Perhaps UpSample.prefire() returned false? Try debugging the actor by selecting "Listen to Actor".  Also, for SDF check moml for tokenConsumptionRate on input.
  in .DESDFClockTest.Play Bell.Copy1:SDF Director and .DESDFClockTest.Play Bell.UpSample
	at ptolemy.actor.sched.StaticSchedulingDirector.fire(StaticSchedulingDirector.java:227)
	at ptolemy.domains.sdf.kernel.SDFDirector.fire(SDFDirector.java:500)
	at ptolemy.actor.CompositeActor.fire(CompositeActor.java:455)
	at ptolemy.domains.de.kernel.DEDirector._fire(DEDirector.java:1949)
	at ptolemy.domains.de.kernel.DEDirector.fire(DEDirector.java:502)
	at ptolemy.actor.CompositeActor.fire(CompositeActor.java:455)
	at ptolemy.actor.Manager.iterate(Manager.java:851)
	at ptolemy.actor.Manager.execute(Manager.java:369)
	at ptolemy.actor.Manager.run(Manager.java:1263)
	at ptolemy.actor.Manager$PtolemyRunThread.run(Manager.java:1915)

    while executing
ptolemy.kernel.util.IllegalActionException: Actor is not ready to fire.  Perhaps UpSample.prefire() returned false? Try debugging the actor by selecting "Listen to Actor".  Also, for SDF check moml for tokenConsumptionRate on input.
  in .DESDFClockTest.Play Bell.Copy1:SDF Director and .DESDFClockTest.Play Bell.UpSample
    while executing
"java::new ptolemy.moml.MoMLSimpleApplication $file
"
    (procedure "createAndExecute" line 2)
    invoked from within
"createAndExecute $file"
    ("uplevel" body line 5)
    invoked from within
"uplevel $contents_of_test"
------------------ testing $PTII/ptolemy/domains/de/test/auto/knownFailedTests/FSMSource.xml (Known Failure) 
51 ms. Memory: 146944K Free: 107618K (73%)
!!!! Auto was marked as failing, but now passes
------------------ testing $PTII/ptolemy/domains/de/test/auto/knownFailedTests/dependencyLoop2.xml (Known Failure) 
5 ms. Memory: 146944K Free: 105735K (72%)


==== $PTIIhome/travis/build/icyphy/ptII/ptolemy/domains/de/test/../../../../: Auto Automatic test in file $PTII/ptolemy/domains/de/test/auto/knownFailedTests/dependencyLoop2.xml
==== Contents of test case:

	    # FIXME: we should use $relativeFilename here, but it
	    # might have backslashes under Windows, which causes no end
	    # of trouble.
	    createAndExecute $file
	    list {}
	
.... Test generated KNOWN error:
    while executing
ptolemy.kernel.util.IllegalActionException: Found a zero delay loop containing .dependencyLoop2.original
  in .dependencyLoop2 and .dependencyLoop2.original
	at ptolemy.actor.util.CausalityInterfaceForComposites._computeOutputPortDepth(CausalityInterfaceForComposites.java:759)
	at ptolemy.actor.util.CausalityInterfaceForComposites._computeInputDepth(CausalityInterfaceForComposites.java:696)
	at ptolemy.actor.util.CausalityInterfaceForComposites._computeOutputPortDepth(CausalityInterfaceForComposites.java:765)
	at ptolemy.actor.util.CausalityInterfaceForComposites._computeInputDepth(CausalityInterfaceForComposites.java:696)
	at ptolemy.actor.util.CausalityInterfaceForComposites._computeOutputPortDepth(CausalityInterfaceForComposites.java:765)
	at ptolemy.actor.util.CausalityInterfaceForComposites._computeInputDepth(CausalityInterfaceForComposites.java:696)
	at ptolemy.actor.util.CausalityInterfaceForComposites._computeActorDepth(CausalityInterfaceForComposites.java:532)
	at ptolemy.actor.util.CausalityInterfaceForComposites.checkForCycles(CausalityInterfaceForComposites.java:96)
	at ptolemy.domains.de.kernel.DEDirector.preinitialize(DEDirector.java:1338)
	at ptolemy.actor.CompositeActor.preinitialize(CompositeActor.java:1828)
	at ptolemy.actor.Manager.preinitializeAndResolveTypes(Manager.java:1040)
	at ptolemy.actor.Manager.initialize(Manager.java:710)
	at ptolemy.actor.Manager.execute(Manager.java:356)
	at ptolemy.actor.Manager.run(Manager.java:1263)
	at ptolemy.actor.Manager$PtolemyRunThread.run(Manager.java:1915)

    while executing
ptolemy.kernel.util.IllegalActionException: Found a zero delay loop containing .dependencyLoop2.original
  in .dependencyLoop2 and .dependencyLoop2.original
    while executing
"java::new ptolemy.moml.MoMLSimpleApplication $file
"
    (procedure "createAndExecute" line 2)
    invoked from within
"createAndExecute $file"
    ("uplevel" body line 5)
    invoked from within
"uplevel $contents_of_test"
------------------ testing $PTII/ptolemy/domains/de/test/auto/knownFailedTests/HierarchicalModel.xml (Known Failure) 
5 ms. Memory: 146944K Free: 85106K (58%)


==== $PTIIhome/travis/build/icyphy/ptII/ptolemy/domains/de/test/../../../../: Auto Automatic test in file $PTII/ptolemy/domains/de/test/auto/knownFailedTests/HierarchicalModel.xml
==== Contents of test case:

	    # FIXME: we should use $relativeFilename here, but it
	    # might have backslashes under Windows, which causes no end
	    # of trouble.
	    createAndExecute $file
	    list {}
	
.... Test generated KNOWN error:
    while executing
ptolemy.kernel.util.IllegalActionException: Found a zero delay loop containing .HierarchicalModel.A
  in .HierarchicalModel and .HierarchicalModel.A
	at ptolemy.actor.util.CausalityInterfaceForComposites._computeOutputPortDepth(CausalityInterfaceForComposites.java:759)
	at ptolemy.actor.util.CausalityInterfaceForComposites._computeInputDepth(CausalityInterfaceForComposites.java:696)
	at ptolemy.actor.util.CausalityInterfaceForComposites._computeOutputPortDepth(CausalityInterfaceForComposites.java:765)
	at ptolemy.actor.util.CausalityInterfaceForComposites._computeInputDepth(CausalityInterfaceForComposites.java:696)
	at ptolemy.actor.util.CausalityInterfaceForComposites._computeOutputPortDepth(CausalityInterfaceForComposites.java:765)
	at ptolemy.actor.util.CausalityInterfaceForComposites._computeInputDepth(CausalityInterfaceForComposites.java:696)
	at ptolemy.actor.util.CausalityInterfaceForComposites._computeActorDepth(CausalityInterfaceForComposites.java:532)
	at ptolemy.actor.util.CausalityInterfaceForComposites.checkForCycles(CausalityInterfaceForComposites.java:96)
	at ptolemy.domains.de.kernel.DEDirector.preinitialize(DEDirector.java:1338)
	at ptolemy.actor.CompositeActor.preinitialize(CompositeActor.java:1828)
	at ptolemy.actor.Manager.preinitializeAndResolveTypes(Manager.java:1040)
	at ptolemy.actor.Manager.initialize(Manager.java:710)
	at ptolemy.actor.Manager.execute(Manager.java:356)
	at ptolemy.actor.Manager.run(Manager.java:1263)
	at ptolemy.actor.Manager$PtolemyRunThread.run(Manager.java:1915)

    while executing
ptolemy.kernel.util.IllegalActionException: Found a zero delay loop containing .HierarchicalModel.A
  in .HierarchicalModel and .HierarchicalModel.A
    while executing
"java::new ptolemy.moml.MoMLSimpleApplication $file
"
    (procedure "createAndExecute" line 2)
    invoked from within
"createAndExecute $file"
    ("uplevel" body line 5)
    invoked from within
"uplevel $contents_of_test"
------------------ testing $PTII/ptolemy/domains/de/test/auto/knownFailedTests/DirectFeedback.xml (Known Failure) 
4 ms. Memory: 146944K Free: 141168K (96%)


==== $PTIIhome/travis/build/icyphy/ptII/ptolemy/domains/de/test/../../../../: Auto Automatic test in file $PTII/ptolemy/domains/de/test/auto/knownFailedTests/DirectFeedback.xml
==== Contents of test case:

	    # FIXME: we should use $relativeFilename here, but it
	    # might have backslashes under Windows, which causes no end
	    # of trouble.
	    createAndExecute $file
	    list {}
	
.... Test generated KNOWN error:
    while executing
ptolemy.kernel.util.IllegalActionException: Test fails in iteration 1.
Value was: 1.0. Should have been: 2.0
  in .DirectFeedback.Test
	at ptolemy.actor.lib.Test.fire(Test.java:268)
	at ptolemy.domains.de.kernel.DEDirector._fire(DEDirector.java:1949)
	at ptolemy.domains.de.kernel.DEDirector.fire(DEDirector.java:502)
	at ptolemy.actor.CompositeActor.fire(CompositeActor.java:455)
	at ptolemy.actor.Manager.iterate(Manager.java:851)
	at ptolemy.actor.Manager.execute(Manager.java:369)
	at ptolemy.actor.Manager.run(Manager.java:1263)
	at ptolemy.actor.Manager$PtolemyRunThread.run(Manager.java:1915)

    while executing
ptolemy.kernel.util.IllegalActionException: Test fails in iteration 1.
Value was: 1.0. Should have been: 2.0
  in .DirectFeedback.Test
    while executing
"java::new ptolemy.moml.MoMLSimpleApplication $file
"
    (procedure "createAndExecute" line 2)
    invoked from within
"createAndExecute $file"
    ("uplevel" body line 5)
    invoked from within
"uplevel $contents_of_test"
------------------ testing $PTII/ptolemy/domains/de/test/auto/ActorDepthCalculation_actorWithoutPorts.xml
auto.tcl: Setting watchdog for 200 seconds at Mon Jun 18 18:09:09 UTC 2018
7 ms. Memory: 146944K Free: 132482K (90%)
ptolemy.util.test.WatchDog.cancel(): canceling Mon Jun 18 18:09:09 UTC 2018
auto.tcl: Setting watchdog for 200 seconds at Mon Jun 18 18:09:09 UTC 2018
3 ms. Memory: 146944K Free: 131444K (89%)
ptolemy.util.test.WatchDog.cancel(): canceling Mon Jun 18 18:09:09 UTC 2018
------------------ testing $PTII/ptolemy/domains/de/test/auto/AssemblyLine.xml
auto.tcl: Setting watchdog for 200 seconds at Mon Jun 18 18:09:10 UTC 2018
21 ms. Memory: 208384K Free: 182843K (88%)
ptolemy.util.test.WatchDog.cancel(): canceling Mon Jun 18 18:09:10 UTC 2018
auto.tcl: Setting watchdog for 200 seconds at Mon Jun 18 18:09:10 UTC 2018
14 ms. Memory: 208384K Free: 182843K (88%)
ptolemy.util.test.WatchDog.cancel(): canceling Mon Jun 18 18:09:10 UTC 2018
------------------ testing $PTII/ptolemy/domains/de/test/auto/CQBug1.xml
auto.tcl: Setting watchdog for 200 seconds at Mon Jun 18 18:09:10 UTC 2018
3 ms. Memory: 208384K Free: 197717K (95%)
ptolemy.util.test.WatchDog.cancel(): canceling Mon Jun 18 18:09:10 UTC 2018
auto.tcl: Setting watchdog for 200 seconds at Mon Jun 18 18:09:10 UTC 2018
2 ms. Memory: 208384K Free: 197717K (95%)
ptolemy.util.test.WatchDog.cancel(): canceling Mon Jun 18 18:09:10 UTC 2018
------------------ testing $PTII/ptolemy/domains/de/test/auto/CancelFireAt.xml
auto.tcl: Setting watchdog for 200 seconds at Mon Jun 18 18:09:10 UTC 2018
3 ms. Memory: 208384K Free: 201438K (97%)
ptolemy.util.test.WatchDog.cancel(): canceling Mon Jun 18 18:09:10 UTC 2018
auto.tcl: Setting watchdog for 200 seconds at Mon Jun 18 18:09:10 UTC 2018
6 ms. Memory: 208384K Free: 199337K (96%)
ptolemy.util.test.WatchDog.cancel(): canceling Mon Jun 18 18:09:10 UTC 2018
------------------ testing $PTII/ptolemy/domains/de/test/auto/CausalityAndComposabilityAnalysis.xml
auto.tcl: Setting watchdog for 200 seconds at Mon Jun 18 18:09:10 UTC 2018
7 ms. Memory: 208384K Free: 196836K (94%)
ptolemy.util.test.WatchDog.cancel(): canceling Mon Jun 18 18:09:10 UTC 2018
auto.tcl: Setting watchdog for 200 seconds at Mon Jun 18 18:09:10 UTC 2018
6 ms. Memory: 208384K Free: 196836K (94%)
ptolemy.util.test.WatchDog.cancel(): canceling Mon Jun 18 18:09:10 UTC 2018
------------------ testing $PTII/ptolemy/domains/de/test/auto/CausalityInterface1.xml
auto.tcl: Setting watchdog for 200 seconds at Mon Jun 18 18:09:10 UTC 2018
13 ms. Memory: 208384K Free: 196437K (94%)
ptolemy.util.test.WatchDog.cancel(): canceling Mon Jun 18 18:09:10 UTC 2018
auto.tcl: Setting watchdog for 200 seconds at Mon Jun 18 18:09:10 UTC 2018
4 ms. Memory: 208384K Free: 196437K (94%)
ptolemy.util.test.WatchDog.cancel(): canceling Mon Jun 18 18:09:10 UTC 2018
------------------ testing $PTII/ptolemy/domains/de/test/auto/CausalityInterface15.xml
auto.tcl: Setting watchdog for 200 seconds at Mon Jun 18 18:09:10 UTC 2018
6 ms. Memory: 208384K Free: 196427K (94%)
ptolemy.util.test.WatchDog.cancel(): canceling Mon Jun 18 18:09:10 UTC 2018
auto.tcl: Setting watchdog for 200 seconds at Mon Jun 18 18:09:10 UTC 2018
9 ms. Memory: 208384K Free: 196427K (94%)
ptolemy.util.test.WatchDog.cancel(): canceling Mon Jun 18 18:09:10 UTC 2018
------------------ testing $PTII/ptolemy/domains/de/test/auto/CausalityInterface2.xml
auto.tcl: Setting watchdog for 200 seconds at Mon Jun 18 18:09:10 UTC 2018
4 ms. Memory: 208384K Free: 196411K (94%)
ptolemy.util.test.WatchDog.cancel(): canceling Mon Jun 18 18:09:10 UTC 2018
auto.tcl: Setting watchdog for 200 seconds at Mon Jun 18 18:09:10 UTC 2018
3 ms. Memory: 208384K Free: 196411K (94%)
ptolemy.util.test.WatchDog.cancel(): canceling Mon Jun 18 18:09:10 UTC 2018
------------------ testing $PTII/ptolemy/domains/de/test/auto/CausalityInterface3.xml
auto.tcl: Setting watchdog for 200 seconds at Mon Jun 18 18:09:10 UTC 2018
12 ms. Memory: 208384K Free: 196424K (94%)
ptolemy.util.test.WatchDog.cancel(): canceling Mon Jun 18 18:09:10 UTC 2018
auto.tcl: Setting watchdog for 200 seconds at Mon Jun 18 18:09:10 UTC 2018
7 ms. Memory: 208384K Free: 196424K (94%)
ptolemy.util.test.WatchDog.cancel(): canceling Mon Jun 18 18:09:10 UTC 2018
------------------ testing $PTII/ptolemy/domains/de/test/auto/ClockDrift.xml
auto.tcl: Setting watchdog for 200 seconds at Mon Jun 18 18:09:11 UTC 2018
97 ms. Memory: 208384K Free: 187656K (90%)
ptolemy.util.test.WatchDog.cancel(): canceling Mon Jun 18 18:09:11 UTC 2018
auto.tcl: Setting watchdog for 200 seconds at Mon Jun 18 18:09:11 UTC 2018
65 ms. Memory: 208384K Free: 185556K (89%)
ptolemy.util.test.WatchDog.cancel(): canceling Mon Jun 18 18:09:11 UTC 2018
------------------ testing $PTII/ptolemy/domains/de/test/auto/ClockDriftAndValueChange.xml
auto.tcl: Setting watchdog for 200 seconds at Mon Jun 18 18:09:11 UTC 2018
33 ms. Memory: 208384K Free: 187488K (90%)
ptolemy.util.test.WatchDog.cancel(): canceling Mon Jun 18 18:09:11 UTC 2018
auto.tcl: Setting watchdog for 200 seconds at Mon Jun 18 18:09:11 UTC 2018
22 ms. Memory: 208384K Free: 185388K (89%)
ptolemy.util.test.WatchDog.cancel(): canceling Mon Jun 18 18:09:11 UTC 2018
------------------ testing $PTII/ptolemy/domains/de/test/auto/ClockDriftChange.xml
auto.tcl: Setting watchdog for 200 seconds at Mon Jun 18 18:09:11 UTC 2018
29 ms. Memory: 208384K Free: 190811K (92%)
ptolemy.util.test.WatchDog.cancel(): canceling Mon Jun 18 18:09:11 UTC 2018
auto.tcl: Setting watchdog for 200 seconds at Mon Jun 18 18:09:11 UTC 2018
26 ms. Memory: 208384K Free: 188711K (91%)
ptolemy.util.test.WatchDog.cancel(): canceling Mon Jun 18 18:09:11 UTC 2018
------------------ testing $PTII/ptolemy/domains/de/test/auto/ComposableCausalityAnalysis.xml
auto.tcl: Setting watchdog for 200 seconds at Mon Jun 18 18:09:11 UTC 2018
2 ms. Memory: 208384K Free: 196277K (94%)
ptolemy.util.test.WatchDog.cancel(): canceling Mon Jun 18 18:09:11 UTC 2018
auto.tcl: Setting watchdog for 200 seconds at Mon Jun 18 18:09:11 UTC 2018
2 ms. Memory: 208384K Free: 194177K (93%)
ptolemy.util.test.WatchDog.cancel(): canceling Mon Jun 18 18:09:11 UTC 2018
------------------ testing $PTII/ptolemy/domains/de/test/auto/DEFixedPointLimitation.xml
auto.tcl: Setting watchdog for 200 seconds at Mon Jun 18 18:09:11 UTC 2018
2 ms. Memory: 208384K Free: 196358K (94%)
ptolemy.util.test.WatchDog.cancel(): canceling Mon Jun 18 18:09:11 UTC 2018
auto.tcl: Setting watchdog for 200 seconds at Mon Jun 18 18:09:11 UTC 2018
2 ms. Memory: 208384K Free: 196358K (94%)
ptolemy.util.test.WatchDog.cancel(): canceling Mon Jun 18 18:09:11 UTC 2018
------------------ testing $PTII/ptolemy/domains/de/test/auto/DEScheduleTest.xml
auto.tcl: Setting watchdog for 200 seconds at Mon Jun 18 18:09:11 UTC 2018
5 ms. Memory: 208384K Free: 198493K (95%)
ptolemy.util.test.WatchDog.cancel(): canceling Mon Jun 18 18:09:11 UTC 2018
auto.tcl: Setting watchdog for 200 seconds at Mon Jun 18 18:09:11 UTC 2018
6 ms. Memory: 208384K Free: 196393K (94%)
ptolemy.util.test.WatchDog.cancel(): canceling Mon Jun 18 18:09:11 UTC 2018
------------------ testing $PTII/ptolemy/domains/de/test/auto/DEinDEwithStartTimes.xml
auto.tcl: Setting watchdog for 200 seconds at Mon Jun 18 18:09:11 UTC 2018
6 ms. Memory: 208384K Free: 196363K (94%)
ptolemy.util.test.WatchDog.cancel(): canceling Mon Jun 18 18:09:11 UTC 2018
auto.tcl: Setting watchdog for 200 seconds at Mon Jun 18 18:09:11 UTC 2018
3 ms. Memory: 208384K Free: 194263K (93%)
ptolemy.util.test.WatchDog.cancel(): canceling Mon Jun 18 18:09:11 UTC 2018
------------------ testing $PTII/ptolemy/domains/de/test/auto/DEinDEwithStartTimes2.xml
auto.tcl: Setting watchdog for 200 seconds at Mon Jun 18 18:09:11 UTC 2018
5 ms. Memory: 208384K Free: 196681K (94%)
ptolemy.util.test.WatchDog.cancel(): canceling Mon Jun 18 18:09:11 UTC 2018
auto.tcl: Setting watchdog for 200 seconds at Mon Jun 18 18:09:11 UTC 2018
4 ms. Memory: 208384K Free: 194243K (93%)
ptolemy.util.test.WatchDog.cancel(): canceling Mon Jun 18 18:09:11 UTC 2018
------------------ testing $PTII/ptolemy/domains/de/test/auto/DateDemo.xml
auto.tcl: Setting watchdog for 200 seconds at Mon Jun 18 18:09:11 UTC 2018
8 ms. Memory: 208384K Free: 188781K (91%)
ptolemy.util.test.WatchDog.cancel(): canceling Mon Jun 18 18:09:12 UTC 2018
auto.tcl: Setting watchdog for 200 seconds at Mon Jun 18 18:09:12 UTC 2018
6 ms. Memory: 208384K Free: 186681K (90%)
ptolemy.util.test.WatchDog.cancel(): canceling Mon Jun 18 18:09:12 UTC 2018
------------------ testing $PTII/ptolemy/domains/de/test/auto/DateToEvent.xml
auto.tcl: Setting watchdog for 200 seconds at Mon Jun 18 18:09:12 UTC 2018
2010 ms. Memory: 208384K Free: 183495K (88%)
ptolemy.util.test.WatchDog.cancel(): canceling Mon Jun 18 18:09:14 UTC 2018
auto.tcl: Setting watchdog for 200 seconds at Mon Jun 18 18:09:14 UTC 2018
2005 ms. Memory: 208384K Free: 183495K (88%)
ptolemy.util.test.WatchDog.cancel(): canceling Mon Jun 18 18:09:16 UTC 2018
------------------ testing $PTII/ptolemy/domains/de/test/auto/DepthTest1.xml
auto.tcl: Setting watchdog for 200 seconds at Mon Jun 18 18:09:16 UTC 2018
4 ms. Memory: 208384K Free: 198021K (95%)
ptolemy.util.test.WatchDog.cancel(): canceling Mon Jun 18 18:09:16 UTC 2018
auto.tcl: Setting watchdog for 200 seconds at Mon Jun 18 18:09:16 UTC 2018
6 ms. Memory: 208384K Free: 198021K (95%)
ptolemy.util.test.WatchDog.cancel(): canceling Mon Jun 18 18:09:16 UTC 2018
------------------ testing $PTII/ptolemy/domains/de/test/auto/DepthTest2.xml
auto.tcl: Setting watchdog for 200 seconds at Mon Jun 18 18:09:16 UTC 2018
4 ms. Memory: 208384K Free: 194561K (93%)
ptolemy.util.test.WatchDog.cancel(): canceling Mon Jun 18 18:09:16 UTC 2018
auto.tcl: Setting watchdog for 200 seconds at Mon Jun 18 18:09:16 UTC 2018
3 ms. Memory: 208384K Free: 194561K (93%)
ptolemy.util.test.WatchDog.cancel(): canceling Mon Jun 18 18:09:16 UTC 2018
------------------ testing $PTII/ptolemy/domains/de/test/auto/DepthTest3.xml
auto.tcl: Setting watchdog for 200 seconds at Mon Jun 18 18:09:16 UTC 2018
2 ms. Memory: 208384K Free: 198356K (95%)
ptolemy.util.test.WatchDog.cancel(): canceling Mon Jun 18 18:09:16 UTC 2018
auto.tcl: Setting watchdog for 200 seconds at Mon Jun 18 18:09:16 UTC 2018
2 ms. Memory: 208384K Free: 198356K (95%)
ptolemy.util.test.WatchDog.cancel(): canceling Mon Jun 18 18:09:16 UTC 2018
------------------ testing $PTII/ptolemy/domains/de/test/auto/DepthTest4.xml
auto.tcl: Setting watchdog for 200 seconds at Mon Jun 18 18:09:16 UTC 2018
3 ms. Memory: 208384K Free: 196343K (94%)
ptolemy.util.test.WatchDog.cancel(): canceling Mon Jun 18 18:09:16 UTC 2018
auto.tcl: Setting watchdog for 200 seconds at Mon Jun 18 18:09:16 UTC 2018
2 ms. Memory: 208384K Free: 196343K (94%)
ptolemy.util.test.WatchDog.cancel(): canceling Mon Jun 18 18:09:16 UTC 2018
------------------ testing $PTII/ptolemy/domains/de/test/auto/DepthTest5.xml
auto.tcl: Setting watchdog for 200 seconds at Mon Jun 18 18:09:16 UTC 2018
3 ms. Memory: 208384K Free: 196291K (94%)
ptolemy.util.test.WatchDog.cancel(): canceling Mon Jun 18 18:09:16 UTC 2018
auto.tcl: Setting watchdog for 200 seconds at Mon Jun 18 18:09:16 UTC 2018
3 ms. Memory: 208384K Free: 196291K (94%)
ptolemy.util.test.WatchDog.cancel(): canceling Mon Jun 18 18:09:16 UTC 2018
------------------ testing $PTII/ptolemy/domains/de/test/auto/DepthTest6.xml
auto.tcl: Setting watchdog for 200 seconds at Mon Jun 18 18:09:16 UTC 2018
6 ms. Memory: 208384K Free: 196596K (94%)
ptolemy.util.test.WatchDog.cancel(): canceling Mon Jun 18 18:09:16 UTC 2018
auto.tcl: Setting watchdog for 200 seconds at Mon Jun 18 18:09:16 UTC 2018
2 ms. Memory: 208384K Free: 196596K (94%)
ptolemy.util.test.WatchDog.cancel(): canceling Mon Jun 18 18:09:16 UTC 2018
------------------ testing $PTII/ptolemy/domains/de/test/auto/DepthTest7.xml
auto.tcl: Setting watchdog for 200 seconds at Mon Jun 18 18:09:16 UTC 2018
2 ms. Memory: 208384K Free: 196248K (94%)
ptolemy.util.test.WatchDog.cancel(): canceling Mon Jun 18 18:09:16 UTC 2018
auto.tcl: Setting watchdog for 200 seconds at Mon Jun 18 18:09:16 UTC 2018
2 ms. Memory: 208384K Free: 196248K (94%)
ptolemy.util.test.WatchDog.cancel(): canceling Mon Jun 18 18:09:16 UTC 2018
------------------ testing $PTII/ptolemy/domains/de/test/auto/EventToDate.xml
auto.tcl: Setting watchdog for 200 seconds at Mon Jun 18 18:09:16 UTC 2018
3009 ms. Memory: 208384K Free: 183312K (88%)
ptolemy.util.test.WatchDog.cancel(): canceling Mon Jun 18 18:09:19 UTC 2018
auto.tcl: Setting watchdog for 200 seconds at Mon Jun 18 18:09:19 UTC 2018
3004 ms. Memory: 208384K Free: 183312K (88%)
ptolemy.util.test.WatchDog.cancel(): canceling Mon Jun 18 18:09:22 UTC 2018
------------------ testing $PTII/ptolemy/domains/de/test/auto/FSM1.xml
auto.tcl: Setting watchdog for 200 seconds at Mon Jun 18 18:09:22 UTC 2018
21 ms. Memory: 208384K Free: 189298K (91%)
ptolemy.util.test.WatchDog.cancel(): canceling Mon Jun 18 18:09:22 UTC 2018
auto.tcl: Setting watchdog for 200 seconds at Mon Jun 18 18:09:22 UTC 2018
14 ms. Memory: 208384K Free: 185098K (89%)
ptolemy.util.test.WatchDog.cancel(): canceling Mon Jun 18 18:09:22 UTC 2018
------------------ testing $PTII/ptolemy/domains/de/test/auto/FSM7.xml
auto.tcl: Setting watchdog for 200 seconds at Mon Jun 18 18:09:23 UTC 2018
18 ms. Memory: 208384K Free: 187401K (90%)
ptolemy.util.test.WatchDog.cancel(): canceling Mon Jun 18 18:09:23 UTC 2018
auto.tcl: Setting watchdog for 200 seconds at Mon Jun 18 18:09:23 UTC 2018
12 ms. Memory: 208384K Free: 185301K (89%)
ptolemy.util.test.WatchDog.cancel(): canceling Mon Jun 18 18:09:23 UTC 2018
------------------ testing $PTII/ptolemy/domains/de/test/auto/Inspection.xml
auto.tcl: Setting watchdog for 200 seconds at Mon Jun 18 18:09:23 UTC 2018
39 ms. Memory: 208384K Free: 188616K (91%)
ptolemy.util.test.WatchDog.cancel(): canceling Mon Jun 18 18:09:23 UTC 2018
auto.tcl: Setting watchdog for 200 seconds at Mon Jun 18 18:09:23 UTC 2018
29 ms. Memory: 208384K Free: 186516K (90%)
ptolemy.util.test.WatchDog.cancel(): canceling Mon Jun 18 18:09:23 UTC 2018
------------------ testing $PTII/ptolemy/domains/de/test/auto/Iteration.xml
auto.tcl: Setting watchdog for 200 seconds at Mon Jun 18 18:09:23 UTC 2018
7 ms. Memory: 208384K Free: 196052K (94%)
ptolemy.util.test.WatchDog.cancel(): canceling Mon Jun 18 18:09:23 UTC 2018
auto.tcl: Setting watchdog for 200 seconds at Mon Jun 18 18:09:23 UTC 2018
6 ms. Memory: 208384K Free: 193952K (93%)
ptolemy.util.test.WatchDog.cancel(): canceling Mon Jun 18 18:09:23 UTC 2018
------------------ testing $PTII/ptolemy/domains/de/test/auto/LineFault.xml
auto.tcl: Setting watchdog for 200 seconds at Mon Jun 18 18:09:23 UTC 2018
603 ms. Memory: 208384K Free: 196232K (94%)
ptolemy.util.test.WatchDog.cancel(): canceling Mon Jun 18 18:09:24 UTC 2018
auto.tcl: Setting watchdog for 200 seconds at Mon Jun 18 18:09:24 UTC 2018
549 ms. Memory: 208384K Free: 138902K (67%)
ptolemy.util.test.WatchDog.cancel(): canceling Mon Jun 18 18:09:24 UTC 2018
------------------ testing $PTII/ptolemy/domains/de/test/auto/MergeModel1Add.xml
auto.tcl: Setting watchdog for 200 seconds at Mon Jun 18 18:09:24 UTC 2018
23 ms. Memory: 331264K Free: 298867K (90%)
ptolemy.util.test.WatchDog.cancel(): canceling Mon Jun 18 18:09:25 UTC 2018
auto.tcl: Setting watchdog for 200 seconds at Mon Jun 18 18:09:25 UTC 2018
9 ms. Memory: 331264K Free: 298867K (90%)
ptolemy.util.test.WatchDog.cancel(): canceling Mon Jun 18 18:09:25 UTC 2018
------------------ testing $PTII/ptolemy/domains/de/test/auto/MergeModel2Add.xml
auto.tcl: Setting watchdog for 200 seconds at Mon Jun 18 18:09:25 UTC 2018
10 ms. Memory: 331264K Free: 304152K (92%)
ptolemy.util.test.WatchDog.cancel(): canceling Mon Jun 18 18:09:25 UTC 2018
auto.tcl: Setting watchdog for 200 seconds at Mon Jun 18 18:09:25 UTC 2018
8 ms. Memory: 331264K Free: 300205K (91%)
ptolemy.util.test.WatchDog.cancel(): canceling Mon Jun 18 18:09:25 UTC 2018
------------------ testing $PTII/ptolemy/domains/de/test/auto/MergeModel3Add.xml
auto.tcl: Setting watchdog for 200 seconds at Mon Jun 18 18:09:25 UTC 2018
15 ms. Memory: 331264K Free: 304163K (92%)
ptolemy.util.test.WatchDog.cancel(): canceling Mon Jun 18 18:09:25 UTC 2018
auto.tcl: Setting watchdog for 200 seconds at Mon Jun 18 18:09:25 UTC 2018
9 ms. Memory: 331264K Free: 300215K (91%)
ptolemy.util.test.WatchDog.cancel(): canceling Mon Jun 18 18:09:25 UTC 2018
------------------ testing $PTII/ptolemy/domains/de/test/auto/MergeWithoutDiscard.xml
auto.tcl: Setting watchdog for 200 seconds at Mon Jun 18 18:09:25 UTC 2018
2 ms. Memory: 331264K Free: 320236K (97%)
ptolemy.util.test.WatchDog.cancel(): canceling Mon Jun 18 18:09:25 UTC 2018
auto.tcl: Setting watchdog for 200 seconds at Mon Jun 18 18:09:25 UTC 2018
1 ms. Memory: 331264K Free: 316288K (95%)
ptolemy.util.test.WatchDog.cancel(): canceling Mon Jun 18 18:09:25 UTC 2018
------------------ testing $PTII/ptolemy/domains/de/test/auto/Modal1.xml
auto.tcl: Setting watchdog for 200 seconds at Mon Jun 18 18:09:25 UTC 2018
21 ms. Memory: 331264K Free: 309895K (94%)
ptolemy.util.test.WatchDog.cancel(): canceling Mon Jun 18 18:09:25 UTC 2018
auto.tcl: Setting watchdog for 200 seconds at Mon Jun 18 18:09:25 UTC 2018
26 ms. Memory: 331264K Free: 305948K (92%)
ptolemy.util.test.WatchDog.cancel(): canceling Mon Jun 18 18:09:25 UTC 2018
------------------ testing $PTII/ptolemy/domains/de/test/auto/Modal2.xml
auto.tcl: Setting watchdog for 200 seconds at Mon Jun 18 18:09:25 UTC 2018
16 ms. Memory: 331264K Free: 309769K (94%)
ptolemy.util.test.WatchDog.cancel(): canceling Mon Jun 18 18:09:25 UTC 2018
auto.tcl: Setting watchdog for 200 seconds at Mon Jun 18 18:09:25 UTC 2018
17 ms. Memory: 331264K Free: 305821K (92%)
ptolemy.util.test.WatchDog.cancel(): canceling Mon Jun 18 18:09:25 UTC 2018
------------------ testing $PTII/ptolemy/domains/de/test/auto/Modal3.xml
auto.tcl: Setting watchdog for 200 seconds at Mon Jun 18 18:09:25 UTC 2018
17 ms. Memory: 331264K Free: 310068K (94%)
ptolemy.util.test.WatchDog.cancel(): canceling Mon Jun 18 18:09:25 UTC 2018
auto.tcl: Setting watchdog for 200 seconds at Mon Jun 18 18:09:25 UTC 2018
10 ms. Memory: 331264K Free: 306121K (92%)
ptolemy.util.test.WatchDog.cancel(): canceling Mon Jun 18 18:09:25 UTC 2018
------------------ testing $PTII/ptolemy/domains/de/test/auto/Modal4.xml
auto.tcl: Setting watchdog for 200 seconds at Mon Jun 18 18:09:25 UTC 2018
12 ms. Memory: 331264K Free: 309781K (94%)
ptolemy.util.test.WatchDog.cancel(): canceling Mon Jun 18 18:09:25 UTC 2018
auto.tcl: Setting watchdog for 200 seconds at Mon Jun 18 18:09:25 UTC 2018
16 ms. Memory: 331264K Free: 305833K (92%)
ptolemy.util.test.WatchDog.cancel(): canceling Mon Jun 18 18:09:25 UTC 2018
------------------ testing $PTII/ptolemy/domains/de/test/auto/Modal5.xml
auto.tcl: Setting watchdog for 200 seconds at Mon Jun 18 18:09:25 UTC 2018
12 ms. Memory: 331264K Free: 304853K (92%)
ptolemy.util.test.WatchDog.cancel(): canceling Mon Jun 18 18:09:25 UTC 2018
auto.tcl: Setting watchdog for 200 seconds at Mon Jun 18 18:09:25 UTC 2018
12 ms. Memory: 331264K Free: 300905K (91%)
ptolemy.util.test.WatchDog.cancel(): canceling Mon Jun 18 18:09:25 UTC 2018
------------------ testing $PTII/ptolemy/domains/de/test/auto/Modal6.xml
auto.tcl: Setting watchdog for 200 seconds at Mon Jun 18 18:09:25 UTC 2018
13 ms. Memory: 331264K Free: 309765K (94%)
ptolemy.util.test.WatchDog.cancel(): canceling Mon Jun 18 18:09:25 UTC 2018
auto.tcl: Setting watchdog for 200 seconds at Mon Jun 18 18:09:25 UTC 2018
14 ms. Memory: 331264K Free: 305818K (92%)
ptolemy.util.test.WatchDog.cancel(): canceling Mon Jun 18 18:09:26 UTC 2018
------------------ testing $PTII/ptolemy/domains/de/test/auto/Modal7.xml
auto.tcl: Setting watchdog for 200 seconds at Mon Jun 18 18:09:26 UTC 2018
17 ms. Memory: 331264K Free: 309766K (94%)
ptolemy.util.test.WatchDog.cancel(): canceling Mon Jun 18 18:09:26 UTC 2018
auto.tcl: Setting watchdog for 200 seconds at Mon Jun 18 18:09:26 UTC 2018
10 ms. Memory: 331264K Free: 305818K (92%)
ptolemy.util.test.WatchDog.cancel(): canceling Mon Jun 18 18:09:26 UTC 2018
------------------ testing $PTII/ptolemy/domains/de/test/auto/ModalModel.xml
auto.tcl: Setting watchdog for 200 seconds at Mon Jun 18 18:09:26 UTC 2018
197 ms. Memory: 331264K Free: 246281K (74%)
ptolemy.util.test.WatchDog.cancel(): canceling Mon Jun 18 18:09:26 UTC 2018
auto.tcl: Setting watchdog for 200 seconds at Mon Jun 18 18:09:26 UTC 2018
169 ms. Memory: 331264K Free: 190936K (58%)
ptolemy.util.test.WatchDog.cancel(): canceling Mon Jun 18 18:09:26 UTC 2018
------------------ testing $PTII/ptolemy/domains/de/test/auto/ModalSource.xml
auto.tcl: Setting watchdog for 200 seconds at Mon Jun 18 18:09:26 UTC 2018
13 ms. Memory: 331264K Free: 316536K (96%)
ptolemy.util.test.WatchDog.cancel(): canceling Mon Jun 18 18:09:26 UTC 2018
auto.tcl: Setting watchdog for 200 seconds at Mon Jun 18 18:09:26 UTC 2018
7 ms. Memory: 331264K Free: 313020K (94%)
ptolemy.util.test.WatchDog.cancel(): canceling Mon Jun 18 18:09:26 UTC 2018
------------------ testing $PTII/ptolemy/domains/de/test/auto/NonInterruptibleTimerZeroDelay.xml
auto.tcl: Setting watchdog for 200 seconds at Mon Jun 18 18:09:26 UTC 2018
4 ms. Memory: 331264K Free: 320905K (97%)
ptolemy.util.test.WatchDog.cancel(): canceling Mon Jun 18 18:09:26 UTC 2018
auto.tcl: Setting watchdog for 200 seconds at Mon Jun 18 18:09:26 UTC 2018
2 ms. Memory: 331264K Free: 317374K (96%)
ptolemy.util.test.WatchDog.cancel(): canceling Mon Jun 18 18:09:26 UTC 2018
------------------ testing $PTII/ptolemy/domains/de/test/auto/OpenQueueingNetwork.xml
auto.tcl: Setting watchdog for 200 seconds at Mon Jun 18 18:09:26 UTC 2018
2643 ms. Memory: 573952K Free: 398464K (69%)
ptolemy.util.test.WatchDog.cancel(): canceling Mon Jun 18 18:09:29 UTC 2018
auto.tcl: Setting watchdog for 200 seconds at Mon Jun 18 18:09:29 UTC 2018
2376 ms. Memory: 550912K Free: 289740K (53%)
ptolemy.util.test.WatchDog.cancel(): canceling Mon Jun 18 18:09:31 UTC 2018
------------------ testing $PTII/ptolemy/domains/de/test/auto/OpenQueuingNetwork.xml
auto.tcl: Setting watchdog for 200 seconds at Mon Jun 18 18:09:32 UTC 2018
238 ms. Memory: 549888K Free: 445011K (81%)
ptolemy.util.test.WatchDog.cancel(): canceling Mon Jun 18 18:09:32 UTC 2018
auto.tcl: Setting watchdog for 200 seconds at Mon Jun 18 18:09:32 UTC 2018
230 ms. Memory: 549888K Free: 385072K (70%)
ptolemy.util.test.WatchDog.cancel(): canceling Mon Jun 18 18:09:32 UTC 2018
------------------ testing $PTII/ptolemy/domains/de/test/auto/PeriodicSampler.xml
auto.tcl: Setting watchdog for 200 seconds at Mon Jun 18 18:09:32 UTC 2018
3 ms. Memory: 551936K Free: 530689K (96%)
ptolemy.util.test.WatchDog.cancel(): canceling Mon Jun 18 18:09:32 UTC 2018
auto.tcl: Setting watchdog for 200 seconds at Mon Jun 18 18:09:32 UTC 2018
2 ms. Memory: 551936K Free: 530689K (96%)
ptolemy.util.test.WatchDog.cancel(): canceling Mon Jun 18 18:09:32 UTC 2018
------------------ testing $PTII/ptolemy/domains/de/test/auto/PersistentIO.xml
auto.tcl: Setting watchdog for 200 seconds at Mon Jun 18 18:09:32 UTC 2018
5 ms. Memory: 549376K Free: 522290K (95%)
ptolemy.util.test.WatchDog.cancel(): canceling Mon Jun 18 18:09:32 UTC 2018
auto.tcl: Setting watchdog for 200 seconds at Mon Jun 18 18:09:32 UTC 2018
4 ms. Memory: 549376K Free: 522290K (95%)
ptolemy.util.test.WatchDog.cancel(): canceling Mon Jun 18 18:09:32 UTC 2018
------------------ testing $PTII/ptolemy/domains/de/test/auto/PortParameterResetOnInitialize.xml
auto.tcl: Setting watchdog for 200 seconds at Mon Jun 18 18:09:32 UTC 2018
2 ms. Memory: 551424K Free: 530866K (96%)
ptolemy.util.test.WatchDog.cancel(): canceling Mon Jun 18 18:09:32 UTC 2018
auto.tcl: Setting watchdog for 200 seconds at Mon Jun 18 18:09:32 UTC 2018
2 ms. Memory: 551424K Free: 530866K (96%)
ptolemy.util.test.WatchDog.cancel(): canceling Mon Jun 18 18:09:32 UTC 2018
------------------ testing $PTII/ptolemy/domains/de/test/auto/PortParameterUpdates.xml
auto.tcl: Setting watchdog for 200 seconds at Mon Jun 18 18:09:32 UTC 2018
3 ms. Memory: 549376K Free: 528951K (96%)
ptolemy.util.test.WatchDog.cancel(): canceling Mon Jun 18 18:09:32 UTC 2018
auto.tcl: Setting watchdog for 200 seconds at Mon Jun 18 18:09:32 UTC 2018
4 ms. Memory: 549376K Free: 522062K (95%)
ptolemy.util.test.WatchDog.cancel(): canceling Mon Jun 18 18:09:32 UTC 2018
------------------ testing $PTII/ptolemy/domains/de/test/auto/QueueAndServer.xml
auto.tcl: Setting watchdog for 200 seconds at Mon Jun 18 18:09:32 UTC 2018
16 ms. Memory: 551424K Free: 530733K (96%)
ptolemy.util.test.WatchDog.cancel(): canceling Mon Jun 18 18:09:32 UTC 2018
auto.tcl: Setting watchdog for 200 seconds at Mon Jun 18 18:09:32 UTC 2018
6 ms. Memory: 551424K Free: 524057K (95%)
ptolemy.util.test.WatchDog.cancel(): canceling Mon Jun 18 18:09:32 UTC 2018
------------------ testing $PTII/ptolemy/domains/de/test/auto/Records.xml
auto.tcl: Setting watchdog for 200 seconds at Mon Jun 18 18:09:33 UTC 2018
4 ms. Memory: 549376K Free: 533305K (97%)
ptolemy.util.test.WatchDog.cancel(): canceling Mon Jun 18 18:09:33 UTC 2018
auto.tcl: Setting watchdog for 200 seconds at Mon Jun 18 18:09:33 UTC 2018
2 ms. Memory: 549376K Free: 533305K (97%)
ptolemy.util.test.WatchDog.cancel(): canceling Mon Jun 18 18:09:33 UTC 2018
------------------ testing $PTII/ptolemy/domains/de/test/auto/ResetTransitionWithStartTime1.xml
auto.tcl: Setting watchdog for 200 seconds at Mon Jun 18 18:09:33 UTC 2018
10 ms. Memory: 551424K Free: 535610K (97%)
ptolemy.util.test.WatchDog.cancel(): canceling Mon Jun 18 18:09:33 UTC 2018
auto.tcl: Setting watchdog for 200 seconds at Mon Jun 18 18:09:33 UTC 2018
4 ms. Memory: 551424K Free: 528720K (96%)
ptolemy.util.test.WatchDog.cancel(): canceling Mon Jun 18 18:09:33 UTC 2018
------------------ testing $PTII/ptolemy/domains/de/test/auto/ResetTransitionWithStartTime2.xml
auto.tcl: Setting watchdog for 200 seconds at Mon Jun 18 18:09:33 UTC 2018
5 ms. Memory: 549376K Free: 526892K (96%)
ptolemy.util.test.WatchDog.cancel(): canceling Mon Jun 18 18:09:33 UTC 2018
auto.tcl: Setting watchdog for 200 seconds at Mon Jun 18 18:09:33 UTC 2018
6 ms. Memory: 549376K Free: 526892K (96%)
ptolemy.util.test.WatchDog.cancel(): canceling Mon Jun 18 18:09:33 UTC 2018
------------------ testing $PTII/ptolemy/domains/de/test/auto/ResetTransitionWithStartTime3.xml
auto.tcl: Setting watchdog for 200 seconds at Mon Jun 18 18:09:33 UTC 2018
6 ms. Memory: 550912K Free: 528197K (96%)
ptolemy.util.test.WatchDog.cancel(): canceling Mon Jun 18 18:09:33 UTC 2018
auto.tcl: Setting watchdog for 200 seconds at Mon Jun 18 18:09:33 UTC 2018
5 ms. Memory: 550912K Free: 528197K (96%)
ptolemy.util.test.WatchDog.cancel(): canceling Mon Jun 18 18:09:33 UTC 2018
------------------ testing $PTII/ptolemy/domains/de/test/auto/ResetTransitionWithStartTime4.xml
auto.tcl: Setting watchdog for 200 seconds at Mon Jun 18 18:09:33 UTC 2018
4 ms. Memory: 549376K Free: 526652K (96%)
ptolemy.util.test.WatchDog.cancel(): canceling Mon Jun 18 18:09:33 UTC 2018
auto.tcl: Setting watchdog for 200 seconds at Mon Jun 18 18:09:33 UTC 2018
3 ms. Memory: 549376K Free: 526652K (96%)
ptolemy.util.test.WatchDog.cancel(): canceling Mon Jun 18 18:09:33 UTC 2018
------------------ testing $PTII/ptolemy/domains/de/test/auto/ResettableTimer1.xml
auto.tcl: Setting watchdog for 200 seconds at Mon Jun 18 18:09:33 UTC 2018
3 ms. Memory: 550912K Free: 534852K (97%)
ptolemy.util.test.WatchDog.cancel(): canceling Mon Jun 18 18:09:33 UTC 2018
auto.tcl: Setting watchdog for 200 seconds at Mon Jun 18 18:09:33 UTC 2018
2 ms. Memory: 550912K Free: 534852K (97%)
ptolemy.util.test.WatchDog.cancel(): canceling Mon Jun 18 18:09:33 UTC 2018
------------------ testing $PTII/ptolemy/domains/de/test/auto/ResettableTimer2.xml
auto.tcl: Setting watchdog for 200 seconds at Mon Jun 18 18:09:33 UTC 2018
4 ms. Memory: 549376K Free: 533603K (97%)
ptolemy.util.test.WatchDog.cancel(): canceling Mon Jun 18 18:09:33 UTC 2018
auto.tcl: Setting watchdog for 200 seconds at Mon Jun 18 18:09:33 UTC 2018
2 ms. Memory: 549376K Free: 533603K (97%)
ptolemy.util.test.WatchDog.cancel(): canceling Mon Jun 18 18:09:33 UTC 2018
------------------ testing $PTII/ptolemy/domains/de/test/auto/ResettableTimer3.xml
auto.tcl: Setting watchdog for 200 seconds at Mon Jun 18 18:09:33 UTC 2018
1 ms. Memory: 550912K Free: 534909K (97%)
ptolemy.util.test.WatchDog.cancel(): canceling Mon Jun 18 18:09:33 UTC 2018
auto.tcl: Setting watchdog for 200 seconds at Mon Jun 18 18:09:33 UTC 2018
1 ms. Memory: 550912K Free: 534909K (97%)
ptolemy.util.test.WatchDog.cancel(): canceling Mon Jun 18 18:09:33 UTC 2018
------------------ testing $PTII/ptolemy/domains/de/test/auto/ResettableTimer4.xml
auto.tcl: Setting watchdog for 200 seconds at Mon Jun 18 18:09:33 UTC 2018
1 ms. Memory: 549376K Free: 533616K (97%)
ptolemy.util.test.WatchDog.cancel(): canceling Mon Jun 18 18:09:33 UTC 2018
auto.tcl: Setting watchdog for 200 seconds at Mon Jun 18 18:09:33 UTC 2018
1 ms. Memory: 549376K Free: 533616K (97%)
ptolemy.util.test.WatchDog.cancel(): canceling Mon Jun 18 18:09:33 UTC 2018
------------------ testing $PTII/ptolemy/domains/de/test/auto/ResettableTimer5.xml
auto.tcl: Setting watchdog for 200 seconds at Mon Jun 18 18:09:33 UTC 2018
2 ms. Memory: 550400K Free: 529959K (96%)
ptolemy.util.test.WatchDog.cancel(): canceling Mon Jun 18 18:09:33 UTC 2018
auto.tcl: Setting watchdog for 200 seconds at Mon Jun 18 18:09:33 UTC 2018
1 ms. Memory: 550400K Free: 529959K (96%)
ptolemy.util.test.WatchDog.cancel(): canceling Mon Jun 18 18:09:33 UTC 2018
------------------ testing $PTII/ptolemy/domains/de/test/auto/ResettableTimer6.xml
auto.tcl: Setting watchdog for 200 seconds at Mon Jun 18 18:09:33 UTC 2018
2 ms. Memory: 549376K Free: 528654K (96%)
ptolemy.util.test.WatchDog.cancel(): canceling Mon Jun 18 18:09:33 UTC 2018
auto.tcl: Setting watchdog for 200 seconds at Mon Jun 18 18:09:33 UTC 2018
1 ms. Memory: 549376K Free: 528654K (96%)
ptolemy.util.test.WatchDog.cancel(): canceling Mon Jun 18 18:09:33 UTC 2018
------------------ testing $PTII/ptolemy/domains/de/test/auto/ServerZeroDelay.xml
auto.tcl: Setting watchdog for 200 seconds at Mon Jun 18 18:09:33 UTC 2018
4 ms. Memory: 550400K Free: 534578K (97%)
ptolemy.util.test.WatchDog.cancel(): canceling Mon Jun 18 18:09:33 UTC 2018
auto.tcl: Setting watchdog for 200 seconds at Mon Jun 18 18:09:33 UTC 2018
2 ms. Memory: 550400K Free: 534578K (97%)
ptolemy.util.test.WatchDog.cancel(): canceling Mon Jun 18 18:09:33 UTC 2018
------------------ testing $PTII/ptolemy/domains/de/test/auto/SmartSender.xml
auto.tcl: Setting watchdog for 200 seconds at Mon Jun 18 18:09:33 UTC 2018
3002 ms. Memory: 549376K Free: 528870K (96%)
ptolemy.util.test.WatchDog.cancel(): canceling Mon Jun 18 18:09:36 UTC 2018
auto.tcl: Setting watchdog for 200 seconds at Mon Jun 18 18:09:36 UTC 2018
3002 ms. Memory: 549376K Free: 528870K (96%)
ptolemy.util.test.WatchDog.cancel(): canceling Mon Jun 18 18:09:39 UTC 2018
------------------ testing $PTII/ptolemy/domains/de/test/auto/ThreadedComposite.xml
auto.tcl: Setting watchdog for 200 seconds at Mon Jun 18 18:09:39 UTC 2018
208 ms. Memory: 550400K Free: 513657K (93%)
ptolemy.util.test.WatchDog.cancel(): canceling Mon Jun 18 18:09:40 UTC 2018
auto.tcl: Setting watchdog for 200 seconds at Mon Jun 18 18:09:40 UTC 2018
115 ms. Memory: 550400K Free: 497622K (90%)
ptolemy.util.test.WatchDog.cancel(): canceling Mon Jun 18 18:09:40 UTC 2018
------------------ testing $PTII/ptolemy/domains/de/test/auto/Time.xml
auto.tcl: Setting watchdog for 200 seconds at Mon Jun 18 18:09:40 UTC 2018
509 ms. Memory: 549376K Free: 481568K (88%)
ptolemy.util.test.WatchDog.cancel(): canceling Mon Jun 18 18:09:40 UTC 2018
auto.tcl: Setting watchdog for 200 seconds at Mon Jun 18 18:09:40 UTC 2018
466 ms. Memory: 549376K Free: 428288K (78%)
ptolemy.util.test.WatchDog.cancel(): canceling Mon Jun 18 18:09:41 UTC 2018
------------------ testing $PTII/ptolemy/domains/de/test/auto/TimeDelayZeroDelay.xml
auto.tcl: Setting watchdog for 200 seconds at Mon Jun 18 18:09:41 UTC 2018
2 ms. Memory: 550400K Free: 534266K (97%)
ptolemy.util.test.WatchDog.cancel(): canceling Mon Jun 18 18:09:41 UTC 2018
auto.tcl: Setting watchdog for 200 seconds at Mon Jun 18 18:09:41 UTC 2018
1 ms. Memory: 550400K Free: 534266K (97%)
ptolemy.util.test.WatchDog.cancel(): canceling Mon Jun 18 18:09:41 UTC 2018
------------------ testing $PTII/ptolemy/domains/de/test/auto/TimerZeroDelay.xml
auto.tcl: Setting watchdog for 200 seconds at Mon Jun 18 18:09:41 UTC 2018
4 ms. Memory: 549376K Free: 533516K (97%)
ptolemy.util.test.WatchDog.cancel(): canceling Mon Jun 18 18:09:41 UTC 2018
auto.tcl: Setting watchdog for 200 seconds at Mon Jun 18 18:09:41 UTC 2018
2 ms. Memory: 549376K Free: 533516K (97%)
ptolemy.util.test.WatchDog.cancel(): canceling Mon Jun 18 18:09:41 UTC 2018
------------------ testing $PTII/ptolemy/domains/de/test/auto/TimingParadox.xml
auto.tcl: Setting watchdog for 200 seconds at Mon Jun 18 18:09:41 UTC 2018
333 ms. Memory: 549888K Free: 467692K (85%)
ptolemy.util.test.WatchDog.cancel(): canceling Mon Jun 18 18:09:41 UTC 2018
auto.tcl: Setting watchdog for 200 seconds at Mon Jun 18 18:09:41 UTC 2018
318 ms. Memory: 549888K Free: 434393K (79%)
ptolemy.util.test.WatchDog.cancel(): canceling Mon Jun 18 18:09:42 UTC 2018
------------------ testing $PTII/ptolemy/domains/de/test/auto/TransferInputs.xml
auto.tcl: Setting watchdog for 200 seconds at Mon Jun 18 18:09:42 UTC 2018
2 ms. Memory: 549888K Free: 532928K (97%)
ptolemy.util.test.WatchDog.cancel(): canceling Mon Jun 18 18:09:42 UTC 2018
auto.tcl: Setting watchdog for 200 seconds at Mon Jun 18 18:09:42 UTC 2018
2 ms. Memory: 549888K Free: 532928K (97%)
ptolemy.util.test.WatchDog.cancel(): canceling Mon Jun 18 18:09:42 UTC 2018
------------------ testing $PTII/ptolemy/domains/de/test/auto/TransferOutputs2.xml
auto.tcl: Setting watchdog for 200 seconds at Mon Jun 18 18:09:42 UTC 2018
4 ms. Memory: 549376K Free: 526843K (96%)
ptolemy.util.test.WatchDog.cancel(): canceling Mon Jun 18 18:09:42 UTC 2018
auto.tcl: Setting watchdog for 200 seconds at Mon Jun 18 18:09:42 UTC 2018
3 ms. Memory: 549376K Free: 526843K (96%)
ptolemy.util.test.WatchDog.cancel(): canceling Mon Jun 18 18:09:42 UTC 2018
------------------ testing $PTII/ptolemy/domains/de/test/auto/Trilateration.xml
auto.tcl: Setting watchdog for 200 seconds at Mon Jun 18 18:09:42 UTC 2018
13768 ms. Memory: 766976K Free: 228364K (30%)
ptolemy.util.test.WatchDog.cancel(): canceling Mon Jun 18 18:09:57 UTC 2018
auto.tcl: Setting watchdog for 200 seconds at Mon Jun 18 18:09:57 UTC 2018
10835 ms. Memory: 646144K Free: 80570K (12%)
ptolemy.util.test.WatchDog.cancel(): canceling Mon Jun 18 18:10:07 UTC 2018
------------------ testing $PTII/ptolemy/domains/de/test/auto/TwoSigmaDelta.xml
auto.tcl: Setting watchdog for 200 seconds at Mon Jun 18 18:10:08 UTC 2018
2700 ms. Memory: 649728K Free: 330920K (51%)
ptolemy.util.test.WatchDog.cancel(): canceling Mon Jun 18 18:10:10 UTC 2018
auto.tcl: Setting watchdog for 200 seconds at Mon Jun 18 18:10:10 UTC 2018
2007 ms. Memory: 649728K Free: 103018K (16%)
ptolemy.util.test.WatchDog.cancel(): canceling Mon Jun 18 18:10:12 UTC 2018
------------------ testing $PTII/ptolemy/domains/de/test/auto/VariableDelay.xml
auto.tcl: Setting watchdog for 200 seconds at Mon Jun 18 18:10:12 UTC 2018
3 ms. Memory: 646656K Free: 627323K (97%)
ptolemy.util.test.WatchDog.cancel(): canceling Mon Jun 18 18:10:12 UTC 2018
auto.tcl: Setting watchdog for 200 seconds at Mon Jun 18 18:10:12 UTC 2018
2 ms. Memory: 646656K Free: 627323K (97%)
ptolemy.util.test.WatchDog.cancel(): canceling Mon Jun 18 18:10:12 UTC 2018
------------------ testing $PTII/ptolemy/domains/de/test/auto/VariableDelay2.xml
auto.tcl: Setting watchdog for 200 seconds at Mon Jun 18 18:10:12 UTC 2018
6 ms. Memory: 646144K Free: 627257K (97%)
ptolemy.util.test.WatchDog.cancel(): canceling Mon Jun 18 18:10:12 UTC 2018
auto.tcl: Setting watchdog for 200 seconds at Mon Jun 18 18:10:12 UTC 2018
1 ms. Memory: 646144K Free: 627257K (97%)
ptolemy.util.test.WatchDog.cancel(): canceling Mon Jun 18 18:10:12 UTC 2018
------------------ testing $PTII/ptolemy/domains/de/test/auto/VariableDelayZeroDelay.xml
auto.tcl: Setting watchdog for 200 seconds at Mon Jun 18 18:10:13 UTC 2018
2 ms. Memory: 646144K Free: 621608K (96%)
ptolemy.util.test.WatchDog.cancel(): canceling Mon Jun 18 18:10:13 UTC 2018
auto.tcl: Setting watchdog for 200 seconds at Mon Jun 18 18:10:13 UTC 2018
1 ms. Memory: 646144K Free: 621608K (96%)
ptolemy.util.test.WatchDog.cancel(): canceling Mon Jun 18 18:10:13 UTC 2018
------------------ testing $PTII/ptolemy/domains/de/test/auto/VariableDelayZeroDelay2.xml
auto.tcl: Setting watchdog for 200 seconds at Mon Jun 18 18:10:13 UTC 2018
1 ms. Memory: 649216K Free: 624679K (96%)
ptolemy.util.test.WatchDog.cancel(): canceling Mon Jun 18 18:10:13 UTC 2018
auto.tcl: Setting watchdog for 200 seconds at Mon Jun 18 18:10:13 UTC 2018
2 ms. Memory: 649216K Free: 624679K (96%)
ptolemy.util.test.WatchDog.cancel(): canceling Mon Jun 18 18:10:13 UTC 2018
------------------ testing $PTII/ptolemy/domains/de/test/auto/deInCt.xml
auto.tcl: Setting watchdog for 200 seconds at Mon Jun 18 18:10:13 UTC 2018
0
1
1
0
0
0
1
1
1
1
0
0
0
0
0
1
1
1
0
0
1
1
1
0
0
0
1
1
1
1
1
1
1
0
0
0
0
10 ms. Memory: 646144K Free: 621572K (96%)
ptolemy.util.test.WatchDog.cancel(): canceling Mon Jun 18 18:10:13 UTC 2018
auto.tcl: Setting watchdog for 200 seconds at Mon Jun 18 18:10:13 UTC 2018
0
1
1
1
0
0
0
0
0
1
1
1
0
0
0
1
1
1
1
0
0
0
1
1
1
0
0
0
1
1
1
0
0
0
1
1
1
0
0
0
0
0
14 ms. Memory: 646144K Free: 621572K (96%)
ptolemy.util.test.WatchDog.cancel(): canceling Mon Jun 18 18:10:13 UTC 2018
------------------ testing $PTII/ptolemy/domains/de/test/auto/deInCt2.xml
auto.tcl: Setting watchdog for 200 seconds at Mon Jun 18 18:10:13 UTC 2018
0
1
1
1
0
0
1
1
1
0
0
1
1
1
0
0
1
1
1
0
0
1
1
1
0
0
1
1
1
0
0
1
1
1
0
0
1
1
1
0
0
0
9 ms. Memory: 648704K Free: 624131K (96%)
ptolemy.util.test.WatchDog.cancel(): canceling Mon Jun 18 18:10:13 UTC 2018
auto.tcl: Setting watchdog for 200 seconds at Mon Jun 18 18:10:13 UTC 2018
0
1
1
1
0
0
1
1
1
0
0
1
1
1
0
0
1
1
1
0
0
1
1
1
0
0
1
1
1
0
0
1
1
1
0
0
1
1
1
0
0
0
8 ms. Memory: 648704K Free: 624131K (96%)
ptolemy.util.test.WatchDog.cancel(): canceling Mon Jun 18 18:10:13 UTC 2018
------------------ testing $PTII/ptolemy/domains/de/test/auto/dynamicCausalityInterface1.xml
auto.tcl: Setting watchdog for 200 seconds at Mon Jun 18 18:10:13 UTC 2018
1 ms. Memory: 646144K Free: 618643K (96%)
ptolemy.util.test.WatchDog.cancel(): canceling Mon Jun 18 18:10:13 UTC 2018
auto.tcl: Setting watchdog for 200 seconds at Mon Jun 18 18:10:13 UTC 2018
1 ms. Memory: 646144K Free: 618643K (96%)
ptolemy.util.test.WatchDog.cancel(): canceling Mon Jun 18 18:10:13 UTC 2018
------------------ testing $PTII/ptolemy/domains/de/test/auto/fsm_de_test.xml
auto.tcl: Setting watchdog for 200 seconds at Mon Jun 18 18:10:13 UTC 2018
13 ms. Memory: 648192K Free: 623541K (96%)
ptolemy.util.test.WatchDog.cancel(): canceling Mon Jun 18 18:10:13 UTC 2018
auto.tcl: Setting watchdog for 200 seconds at Mon Jun 18 18:10:13 UTC 2018
5 ms. Memory: 648192K Free: 614954K (95%)
ptolemy.util.test.WatchDog.cancel(): canceling Mon Jun 18 18:10:13 UTC 2018
------------------ testing $PTII/ptolemy/domains/de/test/auto/functionDependencyReconstruction.xml
auto.tcl: Setting watchdog for 200 seconds at Mon Jun 18 18:10:13 UTC 2018
3 ms. Memory: 646144K Free: 612881K (95%)
ptolemy.util.test.WatchDog.cancel(): canceling Mon Jun 18 18:10:13 UTC 2018
auto.tcl: Setting watchdog for 200 seconds at Mon Jun 18 18:10:13 UTC 2018
2 ms. Memory: 646144K Free: 604278K (94%)
ptolemy.util.test.WatchDog.cancel(): canceling Mon Jun 18 18:10:13 UTC 2018
------------------ testing $PTII/ptolemy/domains/de/test/auto/multirate.xml
auto.tcl: Setting watchdog for 200 seconds at Mon Jun 18 18:10:13 UTC 2018
7 ms. Memory: 648192K Free: 623408K (96%)
ptolemy.util.test.WatchDog.cancel(): canceling Mon Jun 18 18:10:13 UTC 2018
auto.tcl: Setting watchdog for 200 seconds at Mon Jun 18 18:10:13 UTC 2018
3 ms. Memory: 648192K Free: 623408K (96%)
ptolemy.util.test.WatchDog.cancel(): canceling Mon Jun 18 18:10:13 UTC 2018
------------------ testing $PTII/ptolemy/domains/de/test/auto/multirate2.xml
auto.tcl: Setting watchdog for 200 seconds at Mon Jun 18 18:10:13 UTC 2018
3 ms. Memory: 646144K Free: 621549K (96%)
ptolemy.util.test.WatchDog.cancel(): canceling Mon Jun 18 18:10:13 UTC 2018
auto.tcl: Setting watchdog for 200 seconds at Mon Jun 18 18:10:13 UTC 2018
3 ms. Memory: 646144K Free: 621549K (96%)
ptolemy.util.test.WatchDog.cancel(): canceling Mon Jun 18 18:10:13 UTC 2018
------------------ testing $PTII/ptolemy/domains/de/test/auto/realtime.xml
auto.tcl: Setting watchdog for 200 seconds at Mon Jun 18 18:10:13 UTC 2018
10002 ms. Memory: 647680K Free: 623051K (96%)
ptolemy.util.test.WatchDog.cancel(): canceling Mon Jun 18 18:10:23 UTC 2018
auto.tcl: Setting watchdog for 200 seconds at Mon Jun 18 18:10:23 UTC 2018
10002 ms. Memory: 647680K Free: 623051K (96%)
ptolemy.util.test.WatchDog.cancel(): canceling Mon Jun 18 18:10:33 UTC 2018
------------------ testing $PTII/ptolemy/domains/de/test/auto/relationGroup.xml
auto.tcl: Setting watchdog for 200 seconds at Mon Jun 18 18:10:33 UTC 2018
8 ms. Memory: 646144K Free: 621573K (96%)
ptolemy.util.test.WatchDog.cancel(): canceling Mon Jun 18 18:10:33 UTC 2018
auto.tcl: Setting watchdog for 200 seconds at Mon Jun 18 18:10:33 UTC 2018
2 ms. Memory: 646144K Free: 621573K (96%)
ptolemy.util.test.WatchDog.cancel(): canceling Mon Jun 18 18:10:33 UTC 2018
------------------ testing $PTII/ptolemy/domains/de/test/auto/relationGroup2.xml
auto.tcl: Setting watchdog for 200 seconds at Mon Jun 18 18:10:33 UTC 2018
1 ms. Memory: 647680K Free: 623136K (96%)
ptolemy.util.test.WatchDog.cancel(): canceling Mon Jun 18 18:10:33 UTC 2018
auto.tcl: Setting watchdog for 200 seconds at Mon Jun 18 18:10:33 UTC 2018
7 ms. Memory: 647680K Free: 623136K (96%)
ptolemy.util.test.WatchDog.cancel(): canceling Mon Jun 18 18:10:33 UTC 2018
------------------ testing $PTII/ptolemy/domains/de/test/auto/sortWithOpaquePorts.xml
auto.tcl: Setting watchdog for 200 seconds at Mon Jun 18 18:10:33 UTC 2018
2 ms. Memory: 646144K Free: 621602K (96%)
ptolemy.util.test.WatchDog.cancel(): canceling Mon Jun 18 18:10:33 UTC 2018
auto.tcl: Setting watchdog for 200 seconds at Mon Jun 18 18:10:33 UTC 2018
2 ms. Memory: 646144K Free: 621602K (96%)
ptolemy.util.test.WatchDog.cancel(): canceling Mon Jun 18 18:10:33 UTC 2018
------------------ testing $PTII/ptolemy/domains/de/test/auto/transferInputsandOutputs.xml
auto.tcl: Setting watchdog for 200 seconds at Mon Jun 18 18:10:33 UTC 2018
2 ms. Memory: 647168K Free: 622613K (96%)
ptolemy.util.test.WatchDog.cancel(): canceling Mon Jun 18 18:10:33 UTC 2018
auto.tcl: Setting watchdog for 200 seconds at Mon Jun 18 18:10:33 UTC 2018
2 ms. Memory: 647168K Free: 622613K (96%)
ptolemy.util.test.WatchDog.cancel(): canceling Mon Jun 18 18:10:33 UTC 2018
------------------ testing $PTII/ptolemy/domains/de/test/auto/triggerType.xml
auto.tcl: Setting watchdog for 200 seconds at Mon Jun 18 18:10:34 UTC 2018
2 ms. Memory: 646144K Free: 621539K (96%)
ptolemy.util.test.WatchDog.cancel(): canceling Mon Jun 18 18:10:34 UTC 2018
auto.tcl: Setting watchdog for 200 seconds at Mon Jun 18 18:10:34 UTC 2018
1 ms. Memory: 646144K Free: 621539K (96%)
ptolemy.util.test.WatchDog.cancel(): canceling Mon Jun 18 18:10:34 UTC 2018
06/18/18 06:10:34
Failed: 0  Total Tests: 192  ((Passed: 187, Newly Passed: 1)  Known Failed: 5) /home/travis/build/icyphy/ptII/ptolemy/domains/de/test
06/18/18 06:10:34
Failed: 0  Total Tests: 192  ((Passed: 187, Newly Passed: 1)  Known Failed: 5) /home/travis/build/icyphy/ptII/ptolemy/domains/de/test
----------------- testing (KnownFailure) /home/travis/build/icyphy/ptII/ptolemy/domains/de/test/auto/knownFailedTests/DESDFClockTest.xml
2010 ms. Memory: 647168K Free: 611321K (94%)
Known Failure: java.lang.reflect.InvocationTargetException
----------------- testing (KnownFailure) /home/travis/build/icyphy/ptII/ptolemy/domains/de/test/auto/knownFailedTests/DirectFeedback.xml
1 ms. Memory: 647168K Free: 566142K (87%)
Known Failure: java.lang.reflect.InvocationTargetException
----------------- testing (KnownFailure) /home/travis/build/icyphy/ptII/ptolemy/domains/de/test/auto/knownFailedTests/FSMSource.xml
7 ms. Memory: 647168K Free: 520963K (80%)
----------------- testing (KnownFailure) /home/travis/build/icyphy/ptII/ptolemy/domains/de/test/auto/knownFailedTests/HierarchicalModel.xml
2 ms. Memory: 647168K Free: 487046K (75%)
Known Failure: java.lang.reflect.InvocationTargetException
----------------- testing (KnownFailure) /home/travis/build/icyphy/ptII/ptolemy/domains/de/test/auto/knownFailedTests/dependencyLoop.xml
1 ms. Memory: 647168K Free: 430564K (67%)
Known Failure: java.lang.reflect.InvocationTargetException
----------------- testing (KnownFailure) /home/travis/build/icyphy/ptII/ptolemy/domains/de/test/auto/knownFailedTests/dependencyLoop2.xml
2 ms. Memory: 647168K Free: 374074K (58%)
Known Failure: java.lang.reflect.InvocationTargetException
No auto/linux-amd64/*.xml tests in /home/travis/build/icyphy/ptII/ptolemy/domains/de/test
AutoTests.java: About to close Vertx.
AutoTests.java: Vertx closed.

===========================================================================================
----------------- testing Mon Jun 18 18:10:36 UTC 2018 /home/travis/build/icyphy/ptII/ptolemy/domains/de/test/auto/ActorDepthCalculation_actorWithoutPorts.xml
----------------- Instantiating /home/travis/build/icyphy/ptII/ptolemy/domains/de/test/auto/ActorDepthCalculation_actorWithoutPorts.xml
4 ms. Memory: 647168K Free: 317600K (49%)
----------------- Invoking toplevel() on ptolemy.moml.MoMLSimpleApplication@44fe6473
----------------- Done invoking toplevel() on ptolemy.moml.MoMLSimpleApplication@44fe6473
reloadAllAccessors: .ActorDepthCalculation_actorWithoutPorts

===========================================================================================
----------------- testing Mon Jun 18 18:10:36 UTC 2018 /home/travis/build/icyphy/ptII/ptolemy/domains/de/test/auto/AssemblyLine.xml
----------------- Instantiating /home/travis/build/icyphy/ptII/ptolemy/domains/de/test/auto/AssemblyLine.xml
2 ms. Memory: 647168K Free: 295011K (46%)
----------------- Invoking toplevel() on ptolemy.moml.MoMLSimpleApplication@4a4424e6
----------------- Done invoking toplevel() on ptolemy.moml.MoMLSimpleApplication@4a4424e6
reloadAllAccessors: .AssemblyLine

===========================================================================================
----------------- testing Mon Jun 18 18:10:36 UTC 2018 /home/travis/build/icyphy/ptII/ptolemy/domains/de/test/auto/CQBug1.xml
----------------- Instantiating /home/travis/build/icyphy/ptII/ptolemy/domains/de/test/auto/CQBug1.xml
1 ms. Memory: 647168K Free: 272421K (42%)
----------------- Invoking toplevel() on ptolemy.moml.MoMLSimpleApplication@4a175b61
----------------- Done invoking toplevel() on ptolemy.moml.MoMLSimpleApplication@4a175b61
reloadAllAccessors: .CQBug1

===========================================================================================
----------------- testing Mon Jun 18 18:10:36 UTC 2018 /home/travis/build/icyphy/ptII/ptolemy/domains/de/test/auto/CancelFireAt.xml
----------------- Instantiating /home/travis/build/icyphy/ptII/ptolemy/domains/de/test/auto/CancelFireAt.xml
1 ms. Memory: 647168K Free: 249832K (39%)
----------------- Invoking toplevel() on ptolemy.moml.MoMLSimpleApplication@4f91cde5
----------------- Done invoking toplevel() on ptolemy.moml.MoMLSimpleApplication@4f91cde5
reloadAllAccessors: .CancelFireAt

===========================================================================================
----------------- testing Mon Jun 18 18:10:36 UTC 2018 /home/travis/build/icyphy/ptII/ptolemy/domains/de/test/auto/CausalityAndComposabilityAnalysis.xml
----------------- Instantiating /home/travis/build/icyphy/ptII/ptolemy/domains/de/test/auto/CausalityAndComposabilityAnalysis.xml
1 ms. Memory: 647168K Free: 227242K (35%)
----------------- Invoking toplevel() on ptolemy.moml.MoMLSimpleApplication@16bc04f4
----------------- Done invoking toplevel() on ptolemy.moml.MoMLSimpleApplication@16bc04f4
reloadAllAccessors: .CausalityAndComposabilityAnalysis

===========================================================================================
----------------- testing Mon Jun 18 18:10:36 UTC 2018 /home/travis/build/icyphy/ptII/ptolemy/domains/de/test/auto/CausalityInterface1.xml
----------------- Instantiating /home/travis/build/icyphy/ptII/ptolemy/domains/de/test/auto/CausalityInterface1.xml
4 ms. Memory: 647168K Free: 204653K (32%)
----------------- Invoking toplevel() on ptolemy.moml.MoMLSimpleApplication@11150b12
----------------- Done invoking toplevel() on ptolemy.moml.MoMLSimpleApplication@11150b12
reloadAllAccessors: .CausalityInterface1

===========================================================================================
----------------- testing Mon Jun 18 18:10:36 UTC 2018 /home/travis/build/icyphy/ptII/ptolemy/domains/de/test/auto/CausalityInterface15.xml
----------------- Instantiating /home/travis/build/icyphy/ptII/ptolemy/domains/de/test/auto/CausalityInterface15.xml
1 ms. Memory: 647168K Free: 182063K (28%)
----------------- Invoking toplevel() on ptolemy.moml.MoMLSimpleApplication@2ebb5751
----------------- Done invoking toplevel() on ptolemy.moml.MoMLSimpleApplication@2ebb5751
reloadAllAccessors: .CausalityInterface15

[...]
java.lang.RuntimeException: Execution failed
	at ptolemy.moml.MoMLSimpleApplication$UnloadThread.run(MoMLSimpleApplication.java:402)
Caused by: ptolemy.kernel.util.IllegalActionException: Test fails in iteration 1.
Value was: 1.0. Should have been: 2.0
  in .DirectFeedback.Test
	at ptolemy.actor.lib.Test.fire(Test.java:268)
	at ptolemy.domains.de.kernel.DEDirector._fire(DEDirector.java:1949)
	at ptolemy.domains.de.kernel.DEDirector.fire(DEDirector.java:502)
	at ptolemy.actor.CompositeActor.fire(CompositeActor.java:455)
	at ptolemy.actor.Manager.iterate(Manager.java:851)
	at ptolemy.actor.Manager.execute(Manager.java:369)
	at ptolemy.actor.Manager.run(Manager.java:1263)
	at ptolemy.actor.Manager$PtolemyRunThread.run(Manager.java:1915)
java.lang.RuntimeException: Execution failed
	at ptolemy.moml.MoMLSimpleApplication$UnloadThread.run(MoMLSimpleApplication.java:402)
Caused by: ptolemy.kernel.util.IllegalActionException: Actor is not ready to fire.  Perhaps UpSample.prefire() returned false? Try debugging the actor by selecting "Listen to Actor".  Also, for SDF check moml for tokenConsumptionRate on input.
  in .DESDFClockTest.Play Bell.Copy1:SDF Director and .DESDFClockTest.Play Bell.UpSample
	at ptolemy.actor.sched.StaticSchedulingDirector.fire(StaticSchedulingDirector.java:227)
	at ptolemy.domains.sdf.kernel.SDFDirector.fire(SDFDirector.java:500)
	at ptolemy.actor.CompositeActor.fire(CompositeActor.java:455)
	at ptolemy.domains.de.kernel.DEDirector._fire(DEDirector.java:1949)
	at ptolemy.domains.de.kernel.DEDirector.fire(DEDirector.java:502)
	at ptolemy.actor.CompositeActor.fire(CompositeActor.java:455)
	at ptolemy.actor.Manager.iterate(Manager.java:851)
	at ptolemy.actor.Manager.execute(Manager.java:369)
	at ptolemy.actor.Manager.run(Manager.java:1263)
	at ptolemy.actor.Manager$PtolemyRunThread.run(Manager.java:1915)
java.lang.reflect.InvocationTargetException
	at sun.reflect.NativeConstructorAccessorImpl.newInstance0(Native Method)
	at sun.reflect.NativeConstructorAccessorImpl.newInstance(NativeConstructorAccessorImpl.java:62)
	at sun.reflect.DelegatingConstructorAccessorImpl.newInstance(DelegatingConstructorAccessorImpl.java:45)
	at java.lang.reflect.Constructor.newInstance(Constructor.java:423)
	at ptolemy.util.test.junit.AutoKnownFailedTests.RunModel(AutoKnownFailedTests.java:107)
	at sun.reflect.NativeMethodAccessorImpl.invoke0(Native Method)
	at sun.reflect.NativeMethodAccessorImpl.invoke(NativeMethodAccessorImpl.java:62)
	at sun.reflect.DelegatingMethodAccessorImpl.invoke(DelegatingMethodAccessorImpl.java:43)
	at java.lang.reflect.Method.invoke(Method.java:498)
	at org.junit.runners.model.FrameworkMethod$1.runReflectiveCall(FrameworkMethod.java:44)
	at org.junit.internal.runners.model.ReflectiveCallable.run(ReflectiveCallable.java:15)
	at org.junit.runners.model.FrameworkMethod.invokeExplosively(FrameworkMethod.java:41)
	at junitparams.internal.InvokeParameterisedMethod.evaluate(InvokeParameterisedMethod.java:102)
	at org.junit.internal.runners.statements.FailOnTimeout$1.run(FailOnTimeout.java:28)
Caused by: ptolemy.kernel.util.IllegalActionException: Actor is not ready to fire.  Perhaps UpSample.prefire() returned false? Try debugging the actor by selecting "Listen to Actor".  Also, for SDF check moml for tokenConsumptionRate on input.
  in .DESDFClockTest.Play Bell.Copy1:SDF Director and .DESDFClockTest.Play Bell.UpSample
	at ptolemy.actor.sched.StaticSchedulingDirector.fire(StaticSchedulingDirector.java:227)
	at ptolemy.domains.sdf.kernel.SDFDirector.fire(SDFDirector.java:500)
	at ptolemy.actor.CompositeActor.fire(CompositeActor.java:455)
	at ptolemy.domains.de.kernel.DEDirector._fire(DEDirector.java:1949)
	at ptolemy.domains.de.kernel.DEDirector.fire(DEDirector.java:502)
	at ptolemy.actor.CompositeActor.fire(CompositeActor.java:455)
	at ptolemy.actor.Manager.iterate(Manager.java:851)
	at ptolemy.actor.Manager.execute(Manager.java:369)
	at ptolemy.actor.Manager.run(Manager.java:1263)
	at ptolemy.actor.Manager$PtolemyRunThread.run(Manager.java:1915)
java.lang.RuntimeException: Execution failed
	at ptolemy.moml.MoMLSimpleApplication$UnloadThread.run(MoMLSimpleApplication.java:402)
Caused by: ptolemy.kernel.util.IllegalActionException: Test fails in iteration 1.
Value was: 1.0. Should have been: 2.0
  in .DirectFeedback.Test
	at ptolemy.actor.lib.Test.fire(Test.java:268)
	at ptolemy.domains.de.kernel.DEDirector._fire(DEDirector.java:1949)
	at ptolemy.domains.de.kernel.DEDirector.fire(DEDirector.java:502)
	at ptolemy.actor.CompositeActor.fire(CompositeActor.java:455)
	at ptolemy.actor.Manager.iterate(Manager.java:851)
	at ptolemy.actor.Manager.execute(Manager.java:369)
	at ptolemy.actor.Manager.run(Manager.java:1263)
	at ptolemy.actor.Manager$PtolemyRunThread.run(Manager.java:1915)
java.lang.reflect.InvocationTargetException
	at sun.reflect.NativeConstructorAccessorImpl.newInstance0(Native Method)
	at sun.reflect.NativeConstructorAccessorImpl.newInstance(NativeConstructorAccessorImpl.java:62)
	at sun.reflect.DelegatingConstructorAccessorImpl.newInstance(DelegatingConstructorAccessorImpl.java:45)
	at java.lang.reflect.Constructor.newInstance(Constructor.java:423)
	at ptolemy.util.test.junit.AutoKnownFailedTests.RunModel(AutoKnownFailedTests.java:107)
	at sun.reflect.NativeMethodAccessorImpl.invoke0(Native Method)
	at sun.reflect.NativeMethodAccessorImpl.invoke(NativeMethodAccessorImpl.java:62)
	at sun.reflect.DelegatingMethodAccessorImpl.invoke(DelegatingMethodAccessorImpl.java:43)
	at java.lang.reflect.Method.invoke(Method.java:498)
	at org.junit.runners.model.FrameworkMethod$1.runReflectiveCall(FrameworkMethod.java:44)
	at org.junit.internal.runners.model.ReflectiveCallable.run(ReflectiveCallable.java:15)
	at org.junit.runners.model.FrameworkMethod.invokeExplosively(FrameworkMethod.java:41)
	at junitparams.internal.InvokeParameterisedMethod.evaluate(InvokeParameterisedMethod.java:102)
	at org.junit.internal.runners.statements.FailOnTimeout$1.run(FailOnTimeout.java:28)
Caused by: ptolemy.kernel.util.IllegalActionException: Test fails in iteration 1.
Value was: 1.0. Should have been: 2.0
  in .DirectFeedback.Test
	at ptolemy.actor.lib.Test.fire(Test.java:268)
	at ptolemy.domains.de.kernel.DEDirector._fire(DEDirector.java:1949)
	at ptolemy.domains.de.kernel.DEDirector.fire(DEDirector.java:502)
	at ptolemy.actor.CompositeActor.fire(CompositeActor.java:455)
	at ptolemy.actor.Manager.iterate(Manager.java:851)
	at ptolemy.actor.Manager.execute(Manager.java:369)
	at ptolemy.actor.Manager.run(Manager.java:1263)
	at ptolemy.actor.Manager$PtolemyRunThread.run(Manager.java:1915)
java.lang.RuntimeException: Execution failed
	at ptolemy.moml.MoMLSimpleApplication$UnloadThread.run(MoMLSimpleApplication.java:402)
Caused by: ptolemy.kernel.util.IllegalActionException: Found a zero delay loop containing .HierarchicalModel.A
  in .HierarchicalModel and .HierarchicalModel.A
	at ptolemy.actor.util.CausalityInterfaceForComposites._computeOutputPortDepth(CausalityInterfaceForComposites.java:759)
	at ptolemy.actor.util.CausalityInterfaceForComposites._computeInputDepth(CausalityInterfaceForComposites.java:696)
	at ptolemy.actor.util.CausalityInterfaceForComposites._computeOutputPortDepth(CausalityInterfaceForComposites.java:765)
	at ptolemy.actor.util.CausalityInterfaceForComposites._computeInputDepth(CausalityInterfaceForComposites.java:696)
	at ptolemy.actor.util.CausalityInterfaceForComposites._computeOutputPortDepth(CausalityInterfaceForComposites.java:765)
	at ptolemy.actor.util.CausalityInterfaceForComposites._computeInputDepth(CausalityInterfaceForComposites.java:696)
	at ptolemy.actor.util.CausalityInterfaceForComposites._computeActorDepth(CausalityInterfaceForComposites.java:532)
	at ptolemy.actor.util.CausalityInterfaceForComposites.checkForCycles(CausalityInterfaceForComposites.java:96)
	at ptolemy.domains.de.kernel.DEDirector.preinitialize(DEDirector.java:1338)
	at ptolemy.actor.CompositeActor.preinitialize(CompositeActor.java:1828)
	at ptolemy.actor.Manager.preinitializeAndResolveTypes(Manager.java:1040)
	at ptolemy.actor.Manager.initialize(Manager.java:710)
	at ptolemy.actor.Manager.execute(Manager.java:356)
	at ptolemy.actor.Manager.run(Manager.java:1263)
	at ptolemy.actor.Manager$PtolemyRunThread.run(Manager.java:1915)
java.lang.reflect.InvocationTargetException
	at sun.reflect.NativeConstructorAccessorImpl.newInstance0(Native Method)
	at sun.reflect.NativeConstructorAccessorImpl.newInstance(NativeConstructorAccessorImpl.java:62)
	at sun.reflect.DelegatingConstructorAccessorImpl.newInstance(DelegatingConstructorAccessorImpl.java:45)
	at java.lang.reflect.Constructor.newInstance(Constructor.java:423)
	at ptolemy.util.test.junit.AutoKnownFailedTests.RunModel(AutoKnownFailedTests.java:107)
	at sun.reflect.NativeMethodAccessorImpl.invoke0(Native Method)
	at sun.reflect.NativeMethodAccessorImpl.invoke(NativeMethodAccessorImpl.java:62)
	at sun.reflect.DelegatingMethodAccessorImpl.invoke(DelegatingMethodAccessorImpl.java:43)
	at java.lang.reflect.Method.invoke(Method.java:498)
	at org.junit.runners.model.FrameworkMethod$1.runReflectiveCall(FrameworkMethod.java:44)
	at org.junit.internal.runners.model.ReflectiveCallable.run(ReflectiveCallable.java:15)
	at org.junit.runners.model.FrameworkMethod.invokeExplosively(FrameworkMethod.java:41)
	at junitparams.internal.InvokeParameterisedMethod.evaluate(InvokeParameterisedMethod.java:102)
	at org.junit.internal.runners.statements.FailOnTimeout$1.run(FailOnTimeout.java:28)
Caused by: ptolemy.kernel.util.IllegalActionException: Found a zero delay loop containing .HierarchicalModel.A
  in .HierarchicalModel and .HierarchicalModel.A
	at ptolemy.actor.util.CausalityInterfaceForComposites._computeOutputPortDepth(CausalityInterfaceForComposites.java:759)
	at ptolemy.actor.util.CausalityInterfaceForComposites._computeInputDepth(CausalityInterfaceForComposites.java:696)
	at ptolemy.actor.util.CausalityInterfaceForComposites._computeOutputPortDepth(CausalityInterfaceForComposites.java:765)
	at ptolemy.actor.util.CausalityInterfaceForComposites._computeInputDepth(CausalityInterfaceForComposites.java:696)
	at ptolemy.actor.util.CausalityInterfaceForComposites._computeOutputPortDepth(CausalityInterfaceForComposites.java:765)
	at ptolemy.actor.util.CausalityInterfaceForComposites._computeInputDepth(CausalityInterfaceForComposites.java:696)
	at ptolemy.actor.util.CausalityInterfaceForComposites._computeActorDepth(CausalityInterfaceForComposites.java:532)
	at ptolemy.actor.util.CausalityInterfaceForComposites.checkForCycles(CausalityInterfaceForComposites.java:96)
	at ptolemy.domains.de.kernel.DEDirector.preinitialize(DEDirector.java:1338)
	at ptolemy.actor.CompositeActor.preinitialize(CompositeActor.java:1828)
	at ptolemy.actor.Manager.preinitializeAndResolveTypes(Manager.java:1040)
	at ptolemy.actor.Manager.initialize(Manager.java:710)
	at ptolemy.actor.Manager.execute(Manager.java:356)
	at ptolemy.actor.Manager.run(Manager.java:1263)
	at ptolemy.actor.Manager$PtolemyRunThread.run(Manager.java:1915)
java.lang.RuntimeException: Execution failed
	at ptolemy.moml.MoMLSimpleApplication$UnloadThread.run(MoMLSimpleApplication.java:402)
Caused by: ptolemy.kernel.util.IllegalActionException: Found a zero delay loop containing .dependencyLoop.original
  in .dependencyLoop and .dependencyLoop.original
	at ptolemy.actor.util.CausalityInterfaceForComposites._computeOutputPortDepth(CausalityInterfaceForComposites.java:759)
	at ptolemy.actor.util.CausalityInterfaceForComposites._computeInputDepth(CausalityInterfaceForComposites.java:696)
	at ptolemy.actor.util.CausalityInterfaceForComposites._computeOutputPortDepth(CausalityInterfaceForComposites.java:765)
	at ptolemy.actor.util.CausalityInterfaceForComposites._computeInputDepth(CausalityInterfaceForComposites.java:696)
	at ptolemy.actor.util.CausalityInterfaceForComposites._computeOutputPortDepth(CausalityInterfaceForComposites.java:765)
	at ptolemy.actor.util.CausalityInterfaceForComposites._computeInputDepth(CausalityInterfaceForComposites.java:696)
	at ptolemy.actor.util.CausalityInterfaceForComposites._computeActorDepth(CausalityInterfaceForComposites.java:532)
	at ptolemy.actor.util.CausalityInterfaceForComposites.checkForCycles(CausalityInterfaceForComposites.java:96)
	at ptolemy.domains.de.kernel.DEDirector.preinitialize(DEDirector.java:1338)
	at ptolemy.actor.CompositeActor.preinitialize(CompositeActor.java:1828)
	at ptolemy.actor.Manager.preinitializeAndResolveTypes(Manager.java:1040)
	at ptolemy.actor.Manager.initialize(Manager.java:710)
	at ptolemy.actor.Manager.execute(Manager.java:356)
	at ptolemy.actor.Manager.run(Manager.java:1263)
	at ptolemy.actor.Manager$PtolemyRunThread.run(Manager.java:1915)
java.lang.reflect.InvocationTargetException
	at sun.reflect.NativeConstructorAccessorImpl.newInstance0(Native Method)
	at sun.reflect.NativeConstructorAccessorImpl.newInstance(NativeConstructorAccessorImpl.java:62)
	at sun.reflect.DelegatingConstructorAccessorImpl.newInstance(DelegatingConstructorAccessorImpl.java:45)
	at java.lang.reflect.Constructor.newInstance(Constructor.java:423)
	at ptolemy.util.test.junit.AutoKnownFailedTests.RunModel(AutoKnownFailedTests.java:107)
	at sun.reflect.NativeMethodAccessorImpl.invoke0(Native Method)
	at sun.reflect.NativeMethodAccessorImpl.invoke(NativeMethodAccessorImpl.java:62)
	at sun.reflect.DelegatingMethodAccessorImpl.invoke(DelegatingMethodAccessorImpl.java:43)
	at java.lang.reflect.Method.invoke(Method.java:498)
	at org.junit.runners.model.FrameworkMethod$1.runReflectiveCall(FrameworkMethod.java:44)
	at org.junit.internal.runners.model.ReflectiveCallable.run(ReflectiveCallable.java:15)
	at org.junit.runners.model.FrameworkMethod.invokeExplosively(FrameworkMethod.java:41)
	at junitparams.internal.InvokeParameterisedMethod.evaluate(InvokeParameterisedMethod.java:102)
	at org.junit.internal.runners.statements.FailOnTimeout$1.run(FailOnTimeout.java:28)
Caused by: ptolemy.kernel.util.IllegalActionException: Found a zero delay loop containing .dependencyLoop.original
  in .dependencyLoop and .dependencyLoop.original
	at ptolemy.actor.util.CausalityInterfaceForComposites._computeOutputPortDepth(CausalityInterfaceForComposites.java:759)
	at ptolemy.actor.util.CausalityInterfaceForComposites._computeInputDepth(CausalityInterfaceForComposites.java:696)
	at ptolemy.actor.util.CausalityInterfaceForComposites._computeOutputPortDepth(CausalityInterfaceForComposites.java:765)
	at ptolemy.actor.util.CausalityInterfaceForComposites._computeInputDepth(CausalityInterfaceForComposites.java:696)
	at ptolemy.actor.util.CausalityInterfaceForComposites._computeOutputPortDepth(CausalityInterfaceForComposites.java:765)
	at ptolemy.actor.util.CausalityInterfaceForComposites._computeInputDepth(CausalityInterfaceForComposites.java:696)
	at ptolemy.actor.util.CausalityInterfaceForComposites._computeActorDepth(CausalityInterfaceForComposites.java:532)
	at ptolemy.actor.util.CausalityInterfaceForComposites.checkForCycles(CausalityInterfaceForComposites.java:96)
	at ptolemy.domains.de.kernel.DEDirector.preinitialize(DEDirector.java:1338)
	at ptolemy.actor.CompositeActor.preinitialize(CompositeActor.java:1828)
	at ptolemy.actor.Manager.preinitializeAndResolveTypes(Manager.java:1040)
	at ptolemy.actor.Manager.initialize(Manager.java:710)
	at ptolemy.actor.Manager.execute(Manager.java:356)
	at ptolemy.actor.Manager.run(Manager.java:1263)
	at ptolemy.actor.Manager$PtolemyRunThread.run(Manager.java:1915)
java.lang.RuntimeException: Execution failed
	at ptolemy.moml.MoMLSimpleApplication$UnloadThread.run(MoMLSimpleApplication.java:402)
Caused by: ptolemy.kernel.util.IllegalActionException: Found a zero delay loop containing .dependencyLoop2.original
  in .dependencyLoop2 and .dependencyLoop2.original
	at ptolemy.actor.util.CausalityInterfaceForComposites._computeOutputPortDepth(CausalityInterfaceForComposites.java:759)
	at ptolemy.actor.util.CausalityInterfaceForComposites._computeInputDepth(CausalityInterfaceForComposites.java:696)
	at ptolemy.actor.util.CausalityInterfaceForComposites._computeOutputPortDepth(CausalityInterfaceForComposites.java:765)
	at ptolemy.actor.util.CausalityInterfaceForComposites._computeInputDepth(CausalityInterfaceForComposites.java:696)
	at ptolemy.actor.util.CausalityInterfaceForComposites._computeOutputPortDepth(CausalityInterfaceForComposites.java:765)
	at ptolemy.actor.util.CausalityInterfaceForComposites._computeInputDepth(CausalityInterfaceForComposites.java:696)
	at ptolemy.actor.util.CausalityInterfaceForComposites._computeActorDepth(CausalityInterfaceForComposites.java:532)
	at ptolemy.actor.util.CausalityInterfaceForComposites.checkForCycles(CausalityInterfaceForComposites.java:96)
	at ptolemy.domains.de.kernel.DEDirector.preinitialize(DEDirector.java:1338)
	at ptolemy.actor.CompositeActor.preinitialize(CompositeActor.java:1828)
	at ptolemy.actor.Manager.preinitializeAndResolveTypes(Manager.java:1040)
	at ptolemy.actor.Manager.initialize(Manager.java:710)
	at ptolemy.actor.Manager.execute(Manager.java:356)
	at ptolemy.actor.Manager.run(Manager.java:1263)
	at ptolemy.actor.Manager$PtolemyRunThread.run(Manager.java:1915)
java.lang.reflect.InvocationTargetException
	at sun.reflect.NativeConstructorAccessorImpl.newInstance0(Native Method)
	at sun.reflect.NativeConstructorAccessorImpl.newInstance(NativeConstructorAccessorImpl.java:62)
	at sun.reflect.DelegatingConstructorAccessorImpl.newInstance(DelegatingConstructorAccessorImpl.java:45)
	at java.lang.reflect.Constructor.newInstance(Constructor.java:423)
	at ptolemy.util.test.junit.AutoKnownFailedTests.RunModel(AutoKnownFailedTests.java:107)
	at sun.reflect.NativeMethodAccessorImpl.invoke0(Native Method)
	at sun.reflect.NativeMethodAccessorImpl.invoke(NativeMethodAccessorImpl.java:62)
	at sun.reflect.DelegatingMethodAccessorImpl.invoke(DelegatingMethodAccessorImpl.java:43)
	at java.lang.reflect.Method.invoke(Method.java:498)
	at org.junit.runners.model.FrameworkMethod$1.runReflectiveCall(FrameworkMethod.java:44)
	at org.junit.internal.runners.model.ReflectiveCallable.run(ReflectiveCallable.java:15)
	at org.junit.runners.model.FrameworkMethod.invokeExplosively(FrameworkMethod.java:41)
	at junitparams.internal.InvokeParameterisedMethod.evaluate(InvokeParameterisedMethod.java:102)
	at org.junit.internal.runners.statements.FailOnTimeout$1.run(FailOnTimeout.java:28)
Caused by: ptolemy.kernel.util.IllegalActionException: Found a zero delay loop containing .dependencyLoop2.original
  in .dependencyLoop2 and .dependencyLoop2.original
	at ptolemy.actor.util.CausalityInterfaceForComposites._computeOutputPortDepth(CausalityInterfaceForComposites.java:759)
	at ptolemy.actor.util.CausalityInterfaceForComposites._computeInputDepth(CausalityInterfaceForComposites.java:696)
	at ptolemy.actor.util.CausalityInterfaceForComposites._computeOutputPortDepth(CausalityInterfaceForComposites.java:765)
	at ptolemy.actor.util.CausalityInterfaceForComposites._computeInputDepth(CausalityInterfaceForComposites.java:696)
	at ptolemy.actor.util.CausalityInterfaceForComposites._computeOutputPortDepth(CausalityInterfaceForComposites.java:765)
	at ptolemy.actor.util.CausalityInterfaceForComposites._computeInputDepth(CausalityInterfaceForComposites.java:696)
	at ptolemy.actor.util.CausalityInterfaceForComposites._computeActorDepth(CausalityInterfaceForComposites.java:532)
	at ptolemy.actor.util.CausalityInterfaceForComposites.checkForCycles(CausalityInterfaceForComposites.java:96)
	at ptolemy.domains.de.kernel.DEDirector.preinitialize(DEDirector.java:1338)
	at ptolemy.actor.CompositeActor.preinitialize(CompositeActor.java:1828)
	at ptolemy.actor.Manager.preinitializeAndResolveTypes(Manager.java:1040)
	at ptolemy.actor.Manager.initialize(Manager.java:710)
	at ptolemy.actor.Manager.execute(Manager.java:356)
	at ptolemy.actor.Manager.run(Manager.java:1263)
	at ptolemy.actor.Manager$PtolemyRunThread.run(Manager.java:1915)
]]></system-err>
</testsuite>
