<?xml version="1.0" encoding="UTF-8" ?>
<testsuite errors="0" failures="0" hostname="travis-job-67362b65-4081-4a7e-b7e7-e9b914ead326" name="ptolemy.domains.modal.test.junit.JUnitTclTest" skipped="0" tests="148" time="11.353" timestamp="2018-08-16T01:58:49">
  <properties>
[...]
</properties>
  <testcase classname="ptolemy.util.test.junit.TclTests" name="[0] /home/travis/build/icyphy/ptII/ptolemy/domains/modal/test/SystemLevelType.tcl (RunTclFile)" time="2.002" />
  <testcase classname="ptolemy.util.test.junit.AutoKnownFailedTests" name="[0] /home/travis/build/icyphy/ptII/ptolemy/domains/modal/test/auto/knownFailedTests/CannotAnalysisWithPreemption.xml (RunModel)" time="0.174" />
  <testcase classname="ptolemy.util.test.junit.AutoNameArchTests" name="[0] ThereAreNoAutoArchTests (RunModel)" time="0.007" />
  <testcase classname="ptolemy.util.test.junit.AutoTests" name="[0] /home/travis/build/icyphy/ptII/ptolemy/domains/modal/test/auto/ABPTest.xml (RunModel)" time="0.842" />
  <testcase classname="ptolemy.util.test.junit.AutoTests" name="[1] /home/travis/build/icyphy/ptII/ptolemy/domains/modal/test/auto/ABROFlat.xml (RunModel)" time="0.1" />
  <testcase classname="ptolemy.util.test.junit.AutoTests" name="[2] /home/travis/build/icyphy/ptII/ptolemy/domains/modal/test/auto/ABROFlat2.xml (RunModel)" time="0.108" />
  <testcase classname="ptolemy.util.test.junit.AutoTests" name="[3] /home/travis/build/icyphy/ptII/ptolemy/domains/modal/test/auto/ABRO_present_hmm.xml (RunModel)" time="0.188" />
  <testcase classname="ptolemy.util.test.junit.AutoTests" name="[4] /home/travis/build/icyphy/ptII/ptolemy/domains/modal/test/auto/AMICoderExample.xml (RunModel)" time="0.083" />
  <testcase classname="ptolemy.util.test.junit.AutoTests" name="[5] /home/travis/build/icyphy/ptII/ptolemy/domains/modal/test/auto/AbsentToPresent.xml (RunModel)" time="0.032" />
  <testcase classname="ptolemy.util.test.junit.AutoTests" name="[6] /home/travis/build/icyphy/ptII/ptolemy/domains/modal/test/auto/Blending.xml (RunModel)" time="0.322" />
  <testcase classname="ptolemy.util.test.junit.AutoTests" name="[7] /home/travis/build/icyphy/ptII/ptolemy/domains/modal/test/auto/Broadcast.xml (RunModel)" time="0.052" />
  <testcase classname="ptolemy.util.test.junit.AutoTests" name="[8] /home/travis/build/icyphy/ptII/ptolemy/domains/modal/test/auto/BroadcastHierarchy.xml (RunModel)" time="0.086" />
  <testcase classname="ptolemy.util.test.junit.AutoTests" name="[9] /home/travis/build/icyphy/ptII/ptolemy/domains/modal/test/auto/BroadcastHierarchy2.xml (RunModel)" time="0.151" />
  <testcase classname="ptolemy.util.test.junit.AutoTests" name="[10] /home/travis/build/icyphy/ptII/ptolemy/domains/modal/test/auto/BroadcastHierarchy3.xml (RunModel)" time="0.115" />
  <testcase classname="ptolemy.util.test.junit.AutoTests" name="[11] /home/travis/build/icyphy/ptII/ptolemy/domains/modal/test/auto/BroadcastHierarchy4.xml (RunModel)" time="0.116" />
  <testcase classname="ptolemy.util.test.junit.AutoTests" name="[12] /home/travis/build/icyphy/ptII/ptolemy/domains/modal/test/auto/CannotAnalysisWithPreemption2.xml (RunModel)" time="0.038" />
  <testcase classname="ptolemy.util.test.junit.AutoTests" name="[13] /home/travis/build/icyphy/ptII/ptolemy/domains/modal/test/auto/CannotAnalysisWithPreemption3.xml (RunModel)" time="0.044" />
  <testcase classname="ptolemy.util.test.junit.AutoTests" name="[14] /home/travis/build/icyphy/ptII/ptolemy/domains/modal/test/auto/CannotProduce.xml (RunModel)" time="0.027" />
  <testcase classname="ptolemy.util.test.junit.AutoTests" name="[15] /home/travis/build/icyphy/ptII/ptolemy/domains/modal/test/auto/CannotProduceModal.xml (RunModel)" time="0.03" />
  <testcase classname="ptolemy.util.test.junit.AutoTests" name="[16] /home/travis/build/icyphy/ptII/ptolemy/domains/modal/test/auto/Case.xml (RunModel)" time="0.056" />
  <testcase classname="ptolemy.util.test.junit.AutoTests" name="[17] /home/travis/build/icyphy/ptII/ptolemy/domains/modal/test/auto/Case1.xml (RunModel)" time="0.042" />
  <testcase classname="ptolemy.util.test.junit.AutoTests" name="[18] /home/travis/build/icyphy/ptII/ptolemy/domains/modal/test/auto/Case2.xml (RunModel)" time="0.08" />
  <testcase classname="ptolemy.util.test.junit.AutoTests" name="[19] /home/travis/build/icyphy/ptII/ptolemy/domains/modal/test/auto/CausalityInterface1.xml (RunModel)" time="0.032" />
  <testcase classname="ptolemy.util.test.junit.AutoTests" name="[20] /home/travis/build/icyphy/ptII/ptolemy/domains/modal/test/auto/CausalityInterface10.xml (RunModel)" time="0.077" />
  <testcase classname="ptolemy.util.test.junit.AutoTests" name="[21] /home/travis/build/icyphy/ptII/ptolemy/domains/modal/test/auto/CausalityInterface11.xml (RunModel)" time="0.056" />
  <testcase classname="ptolemy.util.test.junit.AutoTests" name="[22] /home/travis/build/icyphy/ptII/ptolemy/domains/modal/test/auto/CausalityInterface12.xml (RunModel)" time="0.053" />
  <testcase classname="ptolemy.util.test.junit.AutoTests" name="[23] /home/travis/build/icyphy/ptII/ptolemy/domains/modal/test/auto/CausalityInterface13.xml (RunModel)" time="0.08" />
  <testcase classname="ptolemy.util.test.junit.AutoTests" name="[24] /home/travis/build/icyphy/ptII/ptolemy/domains/modal/test/auto/CausalityInterface14.xml (RunModel)" time="0.052" />
  <testcase classname="ptolemy.util.test.junit.AutoTests" name="[25] /home/travis/build/icyphy/ptII/ptolemy/domains/modal/test/auto/CausalityInterface2.xml (RunModel)" time="0.029" />
  <testcase classname="ptolemy.util.test.junit.AutoTests" name="[26] /home/travis/build/icyphy/ptII/ptolemy/domains/modal/test/auto/CausalityInterface3.xml (RunModel)" time="0.04" />
  <testcase classname="ptolemy.util.test.junit.AutoTests" name="[27] /home/travis/build/icyphy/ptII/ptolemy/domains/modal/test/auto/CausalityInterface4.xml (RunModel)" time="0.024" />
  <testcase classname="ptolemy.util.test.junit.AutoTests" name="[28] /home/travis/build/icyphy/ptII/ptolemy/domains/modal/test/auto/CausalityInterface5.xml (RunModel)" time="0.033" />
  <testcase classname="ptolemy.util.test.junit.AutoTests" name="[29] /home/travis/build/icyphy/ptII/ptolemy/domains/modal/test/auto/CausalityInterface6.xml (RunModel)" time="0.027" />
  <testcase classname="ptolemy.util.test.junit.AutoTests" name="[30] /home/travis/build/icyphy/ptII/ptolemy/domains/modal/test/auto/CausalityInterface7.xml (RunModel)" time="0.051" />
  <testcase classname="ptolemy.util.test.junit.AutoTests" name="[31] /home/travis/build/icyphy/ptII/ptolemy/domains/modal/test/auto/CausalityInterface8.xml (RunModel)" time="0.049" />
  <testcase classname="ptolemy.util.test.junit.AutoTests" name="[32] /home/travis/build/icyphy/ptII/ptolemy/domains/modal/test/auto/CausalityInterface9.xml (RunModel)" time="0.036" />
  <testcase classname="ptolemy.util.test.junit.AutoTests" name="[33] /home/travis/build/icyphy/ptII/ptolemy/domains/modal/test/auto/ChainedTransitions.xml (RunModel)" time="0.16" />
  <testcase classname="ptolemy.util.test.junit.AutoTests" name="[34] /home/travis/build/icyphy/ptII/ptolemy/domains/modal/test/auto/CycleOfImmediateTransitionsFSM.xml (RunModel)" time="0.028" />
  <testcase classname="ptolemy.util.test.junit.AutoTests" name="[35] /home/travis/build/icyphy/ptII/ptolemy/domains/modal/test/auto/CycleOfImmediateTransitionsModal.xml (RunModel)" time="0.028" />
  <testcase classname="ptolemy.util.test.junit.AutoTests" name="[36] /home/travis/build/icyphy/ptII/ptolemy/domains/modal/test/auto/CycleOfImmediateTransitionsModal2.xml (RunModel)" time="0.03" />
  <testcase classname="ptolemy.util.test.junit.AutoTests" name="[37] /home/travis/build/icyphy/ptII/ptolemy/domains/modal/test/auto/CycleOfImmediateTransitionsModal3.xml (RunModel)" time="0.09" />
  <testcase classname="ptolemy.util.test.junit.AutoTests" name="[38] /home/travis/build/icyphy/ptII/ptolemy/domains/modal/test/auto/DeepModal1.xml (RunModel)" time="0.052" />
  <testcase classname="ptolemy.util.test.junit.AutoTests" name="[39] /home/travis/build/icyphy/ptII/ptolemy/domains/modal/test/auto/DeepModal2.xml (RunModel)" time="0.056" />
  <testcase classname="ptolemy.util.test.junit.AutoTests" name="[40] /home/travis/build/icyphy/ptII/ptolemy/domains/modal/test/auto/DeepModal3.xml (RunModel)" time="0.058" />
  <testcase classname="ptolemy.util.test.junit.AutoTests" name="[41] /home/travis/build/icyphy/ptII/ptolemy/domains/modal/test/auto/DeepModal4.xml (RunModel)" time="0.083" />
  <testcase classname="ptolemy.util.test.junit.AutoTests" name="[42] /home/travis/build/icyphy/ptII/ptolemy/domains/modal/test/auto/Default1.xml (RunModel)" time="0.025" />
  <testcase classname="ptolemy.util.test.junit.AutoTests" name="[43] /home/travis/build/icyphy/ptII/ptolemy/domains/modal/test/auto/Default2.xml (RunModel)" time="0.017" />
  <testcase classname="ptolemy.util.test.junit.AutoTests" name="[44] /home/travis/build/icyphy/ptII/ptolemy/domains/modal/test/auto/Default3.xml (RunModel)" time="0.02" />
  <testcase classname="ptolemy.util.test.junit.AutoTests" name="[45] /home/travis/build/icyphy/ptII/ptolemy/domains/modal/test/auto/Default4.xml (RunModel)" time="0.022" />
  <testcase classname="ptolemy.util.test.junit.AutoTests" name="[46] /home/travis/build/icyphy/ptII/ptolemy/domains/modal/test/auto/Default5.xml (RunModel)" time="0.032" />
  <testcase classname="ptolemy.util.test.junit.AutoTests" name="[47] /home/travis/build/icyphy/ptII/ptolemy/domains/modal/test/auto/EmptyGuard.xml (RunModel)" time="0.025" />
  <testcase classname="ptolemy.util.test.junit.AutoTests" name="[48] /home/travis/build/icyphy/ptII/ptolemy/domains/modal/test/auto/ErrorTransition1.xml (RunModel)" time="0.027" />
  <testcase classname="ptolemy.util.test.junit.AutoTests" name="[49] /home/travis/build/icyphy/ptII/ptolemy/domains/modal/test/auto/ErrorTransition10.xml (RunModel)" time="0.037" />
  <testcase classname="ptolemy.util.test.junit.AutoTests" name="[50] /home/travis/build/icyphy/ptII/ptolemy/domains/modal/test/auto/ErrorTransition11.xml (RunModel)" time="0.036" />
  <testcase classname="ptolemy.util.test.junit.AutoTests" name="[51] /home/travis/build/icyphy/ptII/ptolemy/domains/modal/test/auto/ErrorTransition2.xml (RunModel)" time="0.028" />
  <testcase classname="ptolemy.util.test.junit.AutoTests" name="[52] /home/travis/build/icyphy/ptII/ptolemy/domains/modal/test/auto/ErrorTransition3.xml (RunModel)" time="0.029" />
  <testcase classname="ptolemy.util.test.junit.AutoTests" name="[53] /home/travis/build/icyphy/ptII/ptolemy/domains/modal/test/auto/ErrorTransition4.xml (RunModel)" time="0.029" />
  <testcase classname="ptolemy.util.test.junit.AutoTests" name="[54] /home/travis/build/icyphy/ptII/ptolemy/domains/modal/test/auto/ErrorTransition5.xml (RunModel)" time="0.027" />
  <testcase classname="ptolemy.util.test.junit.AutoTests" name="[55] /home/travis/build/icyphy/ptII/ptolemy/domains/modal/test/auto/ErrorTransition6.xml (RunModel)" time="0.031" />
  <testcase classname="ptolemy.util.test.junit.AutoTests" name="[56] /home/travis/build/icyphy/ptII/ptolemy/domains/modal/test/auto/ErrorTransition7.xml (RunModel)" time="0.051" />
  <testcase classname="ptolemy.util.test.junit.AutoTests" name="[57] /home/travis/build/icyphy/ptII/ptolemy/domains/modal/test/auto/ErrorTransition8.xml (RunModel)" time="0.056" />
  <testcase classname="ptolemy.util.test.junit.AutoTests" name="[58] /home/travis/build/icyphy/ptII/ptolemy/domains/modal/test/auto/ErrorTransition9.xml (RunModel)" time="0.063" />
  <testcase classname="ptolemy.util.test.junit.AutoTests" name="[59] /home/travis/build/icyphy/ptII/ptolemy/domains/modal/test/auto/ExtendedFSM.xml (RunModel)" time="0.027" />
  <testcase classname="ptolemy.util.test.junit.AutoTests" name="[60] /home/travis/build/icyphy/ptII/ptolemy/domains/modal/test/auto/FinalStates.xml (RunModel)" time="0.019" />
  <testcase classname="ptolemy.util.test.junit.AutoTests" name="[61] /home/travis/build/icyphy/ptII/ptolemy/domains/modal/test/auto/FixedPointFSM.xml (RunModel)" time="0.046" />
  <testcase classname="ptolemy.util.test.junit.AutoTests" name="[62] /home/travis/build/icyphy/ptII/ptolemy/domains/modal/test/auto/FixedPointIterationFSMActor.xml (RunModel)" time="0.032" />
  <testcase classname="ptolemy.util.test.junit.AutoTests" name="[63] /home/travis/build/icyphy/ptII/ptolemy/domains/modal/test/auto/FixedPointIterationFSMActor2.xml (RunModel)" time="0.041" />
  <testcase classname="ptolemy.util.test.junit.AutoTests" name="[64] /home/travis/build/icyphy/ptII/ptolemy/domains/modal/test/auto/ForbiddenInstantanousLoop.xml (RunModel)" time="0.039" />
  <testcase classname="ptolemy.util.test.junit.AutoTests" name="[65] /home/travis/build/icyphy/ptII/ptolemy/domains/modal/test/auto/FunctionDependencyOfFSMActorTest.xml (RunModel)" time="0.025" />
  <testcase classname="ptolemy.util.test.junit.AutoTests" name="[66] /home/travis/build/icyphy/ptII/ptolemy/domains/modal/test/auto/GuardExpression.xml (RunModel)" time="0.025" />
  <testcase classname="ptolemy.util.test.junit.AutoTests" name="[67] /home/travis/build/icyphy/ptII/ptolemy/domains/modal/test/auto/GuardNotEvaluated.xml (RunModel)" time="0.036" />
  <testcase classname="ptolemy.util.test.junit.AutoTests" name="[68] /home/travis/build/icyphy/ptII/ptolemy/domains/modal/test/auto/GuardNotEvaluated2.xml (RunModel)" time="0.034" />
  <testcase classname="ptolemy.util.test.junit.AutoTests" name="[69] /home/travis/build/icyphy/ptII/ptolemy/domains/modal/test/auto/GuardOnAbsent.xml (RunModel)" time="0.025" />
  <testcase classname="ptolemy.util.test.junit.AutoTests" name="[70] /home/travis/build/icyphy/ptII/ptolemy/domains/modal/test/auto/HierarchicalFSMTypeInference.xml (RunModel)" time="0.032" />
  <testcase classname="ptolemy.util.test.junit.AutoTests" name="[71] /home/travis/build/icyphy/ptII/ptolemy/domains/modal/test/auto/Hysteresis.xml (RunModel)" time="0.051" />
  <testcase classname="ptolemy.util.test.junit.AutoTests" name="[72] /home/travis/build/icyphy/ptII/ptolemy/domains/modal/test/auto/HysteresisWithDefault.xml (RunModel)" time="0.079" />
  <testcase classname="ptolemy.util.test.junit.AutoTests" name="[73] /home/travis/build/icyphy/ptII/ptolemy/domains/modal/test/auto/HysteresisWithDefault2.xml (RunModel)" time="0.087" />
  <testcase classname="ptolemy.util.test.junit.AutoTests" name="[74] /home/travis/build/icyphy/ptII/ptolemy/domains/modal/test/auto/ImmediateNonConstructiveness.xml (RunModel)" time="0.025" />
  <testcase classname="ptolemy.util.test.junit.AutoTests" name="[75] /home/travis/build/icyphy/ptII/ptolemy/domains/modal/test/auto/ImmediateNonConstructiveness2.xml (RunModel)" time="0.019" />
  <testcase classname="ptolemy.util.test.junit.AutoTests" name="[76] /home/travis/build/icyphy/ptII/ptolemy/domains/modal/test/auto/ImmediateTransitionReset.xml (RunModel)" time="0.038" />
  <testcase classname="ptolemy.util.test.junit.AutoTests" name="[77] /home/travis/build/icyphy/ptII/ptolemy/domains/modal/test/auto/ImmediateTransitions1.xml (RunModel)" time="0.014" />
  <testcase classname="ptolemy.util.test.junit.AutoTests" name="[78] /home/travis/build/icyphy/ptII/ptolemy/domains/modal/test/auto/ImmediateTransitionsInstantaneousCommunication.xml (RunModel)" time="0.048" />
  <testcase classname="ptolemy.util.test.junit.AutoTests" name="[79] /home/travis/build/icyphy/ptII/ptolemy/domains/modal/test/auto/InitialImmediateTransition.xml (RunModel)" time="0.018" />
  <testcase classname="ptolemy.util.test.junit.AutoTests" name="[80] /home/travis/build/icyphy/ptII/ptolemy/domains/modal/test/auto/InitialOutputs.xml (RunModel)" time="0.016" />
  <testcase classname="ptolemy.util.test.junit.AutoTests" name="[81] /home/travis/build/icyphy/ptII/ptolemy/domains/modal/test/auto/InitialStateTransition1.xml (RunModel)" time="0.023" />
  <testcase classname="ptolemy.util.test.junit.AutoTests" name="[82] /home/travis/build/icyphy/ptII/ptolemy/domains/modal/test/auto/InitialStateTransition2.xml (RunModel)" time="0.026" />
  <testcase classname="ptolemy.util.test.junit.AutoTests" name="[83] /home/travis/build/icyphy/ptII/ptolemy/domains/modal/test/auto/InitialStateTransition3.xml (RunModel)" time="0.026" />
  <testcase classname="ptolemy.util.test.junit.AutoTests" name="[84] /home/travis/build/icyphy/ptII/ptolemy/domains/modal/test/auto/InitialStateTransition4.xml (RunModel)" time="0.03" />
  <testcase classname="ptolemy.util.test.junit.AutoTests" name="[85] /home/travis/build/icyphy/ptII/ptolemy/domains/modal/test/auto/MalformedGuardExpressionNotCaught.xml (RunModel)" time="0.022" />
  <testcase classname="ptolemy.util.test.junit.AutoTests" name="[86] /home/travis/build/icyphy/ptII/ptolemy/domains/modal/test/auto/ModalBSC.xml (RunModel)" time="0.098" />
  <testcase classname="ptolemy.util.test.junit.AutoTests" name="[87] /home/travis/build/icyphy/ptII/ptolemy/domains/modal/test/auto/ModalClocks.xml (RunModel)" time="0.093" />
  <testcase classname="ptolemy.util.test.junit.AutoTests" name="[88] /home/travis/build/icyphy/ptII/ptolemy/domains/modal/test/auto/ModalDelay.xml (RunModel)" time="0.066" />
  <testcase classname="ptolemy.util.test.junit.AutoTests" name="[89] /home/travis/build/icyphy/ptII/ptolemy/domains/modal/test/auto/ModalDelay2.xml (RunModel)" time="0.049" />
  <testcase classname="ptolemy.util.test.junit.AutoTests" name="[90] /home/travis/build/icyphy/ptII/ptolemy/domains/modal/test/auto/ModalModelFromMemo.xml (RunModel)" time="0.066" />
  <testcase classname="ptolemy.util.test.junit.AutoTests" name="[91] /home/travis/build/icyphy/ptII/ptolemy/domains/modal/test/auto/ModalModelWithMultirateTransient.xml (RunModel)" time="0.054" />
  <testcase classname="ptolemy.util.test.junit.AutoTests" name="[92] /home/travis/build/icyphy/ptII/ptolemy/domains/modal/test/auto/ModalModelWithReset.xml (RunModel)" time="0.05" />
  <testcase classname="ptolemy.util.test.junit.AutoTests" name="[93] /home/travis/build/icyphy/ptII/ptolemy/domains/modal/test/auto/MouseClickFSM.xml (RunModel)" time="0.052" />
  <testcase classname="ptolemy.util.test.junit.AutoTests" name="[94] /home/travis/build/icyphy/ptII/ptolemy/domains/modal/test/auto/MouseClickFSMModal.xml (RunModel)" time="0.042" />
  <testcase classname="ptolemy.util.test.junit.AutoTests" name="[95] /home/travis/build/icyphy/ptII/ptolemy/domains/modal/test/auto/NonStrictFSM_FeedbackLoop.xml (RunModel)" time="0.054" />
  <testcase classname="ptolemy.util.test.junit.AutoTests" name="[96] /home/travis/build/icyphy/ptII/ptolemy/domains/modal/test/auto/NonStrictFSM_FeedbackLoop_Refinement.xml (RunModel)" time="0.078" />
  <testcase classname="ptolemy.util.test.junit.AutoTests" name="[97] /home/travis/build/icyphy/ptII/ptolemy/domains/modal/test/auto/NonStrictFSM_FeedbackLoop_preemptive.xml (RunModel)" time="0.048" />
  <testcase classname="ptolemy.util.test.junit.AutoTests" name="[98] /home/travis/build/icyphy/ptII/ptolemy/domains/modal/test/auto/NormalTermination.xml (RunModel)" time="0.062" />
  <testcase classname="ptolemy.util.test.junit.AutoTests" name="[99] /home/travis/build/icyphy/ptII/ptolemy/domains/modal/test/auto/Pong.xml (RunModel)" time="0.087" />
  <testcase classname="ptolemy.util.test.junit.AutoTests" name="[100] /home/travis/build/icyphy/ptII/ptolemy/domains/modal/test/auto/Pong_test.xml (RunModel)" time="0.113" />
  <testcase classname="ptolemy.util.test.junit.AutoTests" name="[101] /home/travis/build/icyphy/ptII/ptolemy/domains/modal/test/auto/PreemptionHierarchy.xml (RunModel)" time="0.029" />
  <testcase classname="ptolemy.util.test.junit.AutoTests" name="[102] /home/travis/build/icyphy/ptII/ptolemy/domains/modal/test/auto/PreemptionHierarchy2.xml (RunModel)" time="0.04" />
  <testcase classname="ptolemy.util.test.junit.AutoTests" name="[103] /home/travis/build/icyphy/ptII/ptolemy/domains/modal/test/auto/PreemptiveTransition.xml (RunModel)" time="0.038" />
  <testcase classname="ptolemy.util.test.junit.AutoTests" name="[104] /home/travis/build/icyphy/ptII/ptolemy/domains/modal/test/auto/Priorities.xml (RunModel)" time="0.1" />
  <testcase classname="ptolemy.util.test.junit.AutoTests" name="[105] /home/travis/build/icyphy/ptII/ptolemy/domains/modal/test/auto/ResetFinal.xml (RunModel)" time="0.046" />
  <testcase classname="ptolemy.util.test.junit.AutoTests" name="[106] /home/travis/build/icyphy/ptII/ptolemy/domains/modal/test/auto/ResetFinal2.xml (RunModel)" time="0.036" />
  <testcase classname="ptolemy.util.test.junit.AutoTests" name="[107] /home/travis/build/icyphy/ptII/ptolemy/domains/modal/test/auto/ResetTransitionWithStartTime.xml (RunModel)" time="0.039" />
  <testcase classname="ptolemy.util.test.junit.AutoTests" name="[108] /home/travis/build/icyphy/ptII/ptolemy/domains/modal/test/auto/SDF-FSMComposite.xml (RunModel)" time="0.026" />
  <testcase classname="ptolemy.util.test.junit.AutoTests" name="[109] /home/travis/build/icyphy/ptII/ptolemy/domains/modal/test/auto/SeeminglyNondeterminate.xml (RunModel)" time="0.089" />
  <testcase classname="ptolemy.util.test.junit.AutoTests" name="[110] /home/travis/build/icyphy/ptII/ptolemy/domains/modal/test/auto/SeeminglyNondeterminate2.xml (RunModel)" time="0.081" />
  <testcase classname="ptolemy.util.test.junit.AutoTests" name="[111] /home/travis/build/icyphy/ptII/ptolemy/domains/modal/test/auto/SpontaneousFSM.xml (RunModel)" time="0.048" />
  <testcase classname="ptolemy.util.test.junit.AutoTests" name="[112] /home/travis/build/icyphy/ptII/ptolemy/domains/modal/test/auto/SpontaneousFSM2.xml (RunModel)" time="0.034" />
  <testcase classname="ptolemy.util.test.junit.AutoTests" name="[113] /home/travis/build/icyphy/ptII/ptolemy/domains/modal/test/auto/SpontaneousFSM3.xml (RunModel)" time="0.044" />
  <testcase classname="ptolemy.util.test.junit.AutoTests" name="[114] /home/travis/build/icyphy/ptII/ptolemy/domains/modal/test/auto/SpontaneousFSM4.xml (RunModel)" time="0.043" />
  <testcase classname="ptolemy.util.test.junit.AutoTests" name="[115] /home/travis/build/icyphy/ptII/ptolemy/domains/modal/test/auto/StateTrackerTest.xml (RunModel)" time="0.069" />
  <testcase classname="ptolemy.util.test.junit.AutoTests" name="[116] /home/travis/build/icyphy/ptII/ptolemy/domains/modal/test/auto/StrongImmediateTransition.xml (RunModel)" time="0.033" />
  <testcase classname="ptolemy.util.test.junit.AutoTests" name="[117] /home/travis/build/icyphy/ptII/ptolemy/domains/modal/test/auto/SustainHierarchy.xml (RunModel)" time="0.04" />
  <testcase classname="ptolemy.util.test.junit.AutoTests" name="[118] /home/travis/build/icyphy/ptII/ptolemy/domains/modal/test/auto/TerminationTransition1.xml (RunModel)" time="0.024" />
  <testcase classname="ptolemy.util.test.junit.AutoTests" name="[119] /home/travis/build/icyphy/ptII/ptolemy/domains/modal/test/auto/TerminationTransition2.xml (RunModel)" time="0.03" />
  <testcase classname="ptolemy.util.test.junit.AutoTests" name="[120] /home/travis/build/icyphy/ptII/ptolemy/domains/modal/test/auto/TerminationTransition3.xml (RunModel)" time="0.029" />
  <testcase classname="ptolemy.util.test.junit.AutoTests" name="[121] /home/travis/build/icyphy/ptII/ptolemy/domains/modal/test/auto/TerminationTransition4.xml (RunModel)" time="0.042" />
  <testcase classname="ptolemy.util.test.junit.AutoTests" name="[122] /home/travis/build/icyphy/ptII/ptolemy/domains/modal/test/auto/TerminationTransition5.xml (RunModel)" time="0.036" />
  <testcase classname="ptolemy.util.test.junit.AutoTests" name="[123] /home/travis/build/icyphy/ptII/ptolemy/domains/modal/test/auto/TerminationTransition6.xml (RunModel)" time="0.023" />
  <testcase classname="ptolemy.util.test.junit.AutoTests" name="[124] /home/travis/build/icyphy/ptII/ptolemy/domains/modal/test/auto/TerminationTransition7.xml (RunModel)" time="0.025" />
  <testcase classname="ptolemy.util.test.junit.AutoTests" name="[125] /home/travis/build/icyphy/ptII/ptolemy/domains/modal/test/auto/TerminationTransition8.xml (RunModel)" time="0.025" />
  <testcase classname="ptolemy.util.test.junit.AutoTests" name="[126] /home/travis/build/icyphy/ptII/ptolemy/domains/modal/test/auto/Thermostat_NoHysteresis.xml (RunModel)" time="0.063" />
  <testcase classname="ptolemy.util.test.junit.AutoTests" name="[127] /home/travis/build/icyphy/ptII/ptolemy/domains/modal/test/auto/TimedFSM.xml (RunModel)" time="0.032" />
  <testcase classname="ptolemy.util.test.junit.AutoTests" name="[128] /home/travis/build/icyphy/ptII/ptolemy/domains/modal/test/auto/Timeout1.xml (RunModel)" time="0.015" />
  <testcase classname="ptolemy.util.test.junit.AutoTests" name="[129] /home/travis/build/icyphy/ptII/ptolemy/domains/modal/test/auto/Timeout2.xml (RunModel)" time="0.021" />
  <testcase classname="ptolemy.util.test.junit.AutoTests" name="[130] /home/travis/build/icyphy/ptII/ptolemy/domains/modal/test/auto/Timeout3.xml (RunModel)" time="0.016" />
  <testcase classname="ptolemy.util.test.junit.AutoTests" name="[131] /home/travis/build/icyphy/ptII/ptolemy/domains/modal/test/auto/Timeout4.xml (RunModel)" time="0.014" />
  <testcase classname="ptolemy.util.test.junit.AutoTests" name="[132] /home/travis/build/icyphy/ptII/ptolemy/domains/modal/test/auto/TransientstateModelAdvanced.xml (RunModel)" time="0.033" />
  <testcase classname="ptolemy.util.test.junit.AutoTests" name="[133] /home/travis/build/icyphy/ptII/ptolemy/domains/modal/test/auto/TransientstateModelAdvanced2.xml (RunModel)" time="0.037" />
  <testcase classname="ptolemy.util.test.junit.AutoTests" name="[134] /home/travis/build/icyphy/ptII/ptolemy/domains/modal/test/auto/TransitionRefinements.xml (RunModel)" time="0.031" />
  <testcase classname="ptolemy.util.test.junit.AutoTests" name="[135] /home/travis/build/icyphy/ptII/ptolemy/domains/modal/test/auto/TwoRefinements1.xml (RunModel)" time="0.028" />
  <testcase classname="ptolemy.util.test.junit.AutoTests" name="[136] /home/travis/build/icyphy/ptII/ptolemy/domains/modal/test/auto/TwoRefinements2.xml (RunModel)" time="0.029" />
  <testcase classname="ptolemy.util.test.junit.AutoTests" name="[137] /home/travis/build/icyphy/ptII/ptolemy/domains/modal/test/auto/WeakImmediateTransition.xml (RunModel)" time="0.026" />
  <testcase classname="ptolemy.util.test.junit.AutoTests" name="[138] /home/travis/build/icyphy/ptII/ptolemy/domains/modal/test/auto/booleanSelect.xml (RunModel)" time="0.084" />
  <testcase classname="ptolemy.util.test.junit.AutoTests" name="[139] /home/travis/build/icyphy/ptII/ptolemy/domains/modal/test/auto/modalChangingParams.xml (RunModel)" time="0.274" />
  <testcase classname="ptolemy.util.test.junit.AutoTests" name="[140] /home/travis/build/icyphy/ptII/ptolemy/domains/modal/test/auto/modalModel.xml (RunModel)" time="0.032" />
  <testcase classname="ptolemy.util.test.junit.AutoTests" name="[141] /home/travis/build/icyphy/ptII/ptolemy/domains/modal/test/auto/modalModel2.xml (RunModel)" time="0.033" />
  <testcase classname="ptolemy.util.test.junit.AutoTests" name="[142] /home/travis/build/icyphy/ptII/ptolemy/domains/modal/test/auto/modalModel3.xml (RunModel)" time="0.04" />
  <testcase classname="ptolemy.util.test.junit.AutoTests" name="[143] /home/travis/build/icyphy/ptII/ptolemy/domains/modal/test/auto/model1.xml (RunModel)" time="0.02" />
  <testcase classname="ptolemy.util.test.junit.AutoTests" name="[144] /home/travis/build/icyphy/ptII/ptolemy/domains/modal/test/auto/test-direct-in-out.xml (RunModel)" time="0.025" />
  <system-out><![CDATA[/home/travis/build/icyphy/ptII/ptolemy/domains/modal/test/SystemLevelType.tcl
testDefs.tcl: setting time out to 9000 seconds at Thu Aug 16 01:58:49 UTC 2018
08/16/18 01:58:51
Failed: 0  Total Tests: 1  ((Passed: 1, Newly Passed: 0)  Known Failed: 0) /home/travis/build/icyphy/ptII/ptolemy/domains/modal/test
----------------- testing (KnownFailure) /home/travis/build/icyphy/ptII/ptolemy/domains/modal/test/auto/knownFailedTests/CannotAnalysisWithPreemption.xml
63 ms. Memory: 208384K Free: 185715K (89%)
Known Failure: java.lang.reflect.InvocationTargetException
No auto/linux-amd64/*.xml tests in /home/travis/build/icyphy/ptII/ptolemy/domains/modal/test
AutoTests.java: About to close Vertx.
AutoTests.java: Vertx closed.

===========================================================================================
----------------- testing Thu Aug 16 01:58:51 UTC 2018 /home/travis/build/icyphy/ptII/ptolemy/domains/modal/test/auto/ABPTest.xml
----------------- Instantiating /home/travis/build/icyphy/ptII/ptolemy/domains/modal/test/auto/ABPTest.xml
417 ms. Memory: 332288K Free: 292734K (88%)
----------------- Invoking toplevel() on ptolemy.moml.MoMLSimpleApplication@62f6803a
----------------- Done invoking toplevel() on ptolemy.moml.MoMLSimpleApplication@62f6803a
reloadAllAccessors: .ABPTest

===========================================================================================
----------------- testing Thu Aug 16 01:58:52 UTC 2018 /home/travis/build/icyphy/ptII/ptolemy/domains/modal/test/auto/ABROFlat.xml
----------------- Instantiating /home/travis/build/icyphy/ptII/ptolemy/domains/modal/test/auto/ABROFlat.xml
27 ms. Memory: 332288K Free: 270545K (81%)
----------------- Invoking toplevel() on ptolemy.moml.MoMLSimpleApplication@2fcb363
----------------- Done invoking toplevel() on ptolemy.moml.MoMLSimpleApplication@2fcb363
reloadAllAccessors: .ABROFlat

===========================================================================================
----------------- testing Thu Aug 16 01:58:52 UTC 2018 /home/travis/build/icyphy/ptII/ptolemy/domains/modal/test/auto/ABROFlat2.xml
----------------- Instantiating /home/travis/build/icyphy/ptII/ptolemy/domains/modal/test/auto/ABROFlat2.xml
20 ms. Memory: 332288K Free: 252570K (76%)
----------------- Invoking toplevel() on ptolemy.moml.MoMLSimpleApplication@511956aa
----------------- Done invoking toplevel() on ptolemy.moml.MoMLSimpleApplication@511956aa
reloadAllAccessors: .ABROFlat2

===========================================================================================
----------------- testing Thu Aug 16 01:58:53 UTC 2018 /home/travis/build/icyphy/ptII/ptolemy/domains/modal/test/auto/ABRO_present_hmm.xml
----------------- Instantiating /home/travis/build/icyphy/ptII/ptolemy/domains/modal/test/auto/ABRO_present_hmm.xml
44 ms. Memory: 332288K Free: 219905K (66%)
----------------- Invoking toplevel() on ptolemy.moml.MoMLSimpleApplication@10a4d6c1
----------------- Done invoking toplevel() on ptolemy.moml.MoMLSimpleApplication@10a4d6c1
reloadAllAccessors: .ABRO_present_hmm

===========================================================================================
----------------- testing Thu Aug 16 01:58:53 UTC 2018 /home/travis/build/icyphy/ptII/ptolemy/domains/modal/test/auto/AMICoderExample.xml
----------------- Instantiating /home/travis/build/icyphy/ptII/ptolemy/domains/modal/test/auto/AMICoderExample.xml
28 ms. Memory: 332288K Free: 208460K (63%)
----------------- Invoking toplevel() on ptolemy.moml.MoMLSimpleApplication@5bf1afcd
----------------- Done invoking toplevel() on ptolemy.moml.MoMLSimpleApplication@5bf1afcd
reloadAllAccessors: .AMICoderExample

===========================================================================================
----------------- testing Thu Aug 16 01:58:53 UTC 2018 /home/travis/build/icyphy/ptII/ptolemy/domains/modal/test/auto/AbsentToPresent.xml
----------------- Instantiating /home/travis/build/icyphy/ptII/ptolemy/domains/modal/test/auto/AbsentToPresent.xml
7 ms. Memory: 332288K Free: 198500K (60%)
----------------- Invoking toplevel() on ptolemy.moml.MoMLSimpleApplication@4dad21ff
----------------- Done invoking toplevel() on ptolemy.moml.MoMLSimpleApplication@4dad21ff
reloadAllAccessors: .AbsentToPresent

===========================================================================================
----------------- testing Thu Aug 16 01:58:53 UTC 2018 /home/travis/build/icyphy/ptII/ptolemy/domains/modal/test/auto/Blending.xml
----------------- Instantiating /home/travis/build/icyphy/ptII/ptolemy/domains/modal/test/auto/Blending.xml
176 ms. Memory: 332288K Free: 147730K (44%)
----------------- Invoking toplevel() on ptolemy.moml.MoMLSimpleApplication@26914319
----------------- Done invoking toplevel() on ptolemy.moml.MoMLSimpleApplication@26914319
reloadAllAccessors: .Blending

===========================================================================================
----------------- testing Thu Aug 16 01:58:53 UTC 2018 /home/travis/build/icyphy/ptII/ptolemy/domains/modal/test/auto/Broadcast.xml
----------------- Instantiating /home/travis/build/icyphy/ptII/ptolemy/domains/modal/test/auto/Broadcast.xml
13 ms. Memory: 332288K Free: 129755K (39%)
----------------- Invoking toplevel() on ptolemy.moml.MoMLSimpleApplication@59da4d1f
----------------- Done invoking toplevel() on ptolemy.moml.MoMLSimpleApplication@59da4d1f
reloadAllAccessors: .Broadcast

===========================================================================================
----------------- testing Thu Aug 16 01:58:53 UTC 2018 /home/travis/build/icyphy/ptII/ptolemy/domains/modal/test/auto/BroadcastHierarchy.xml
----------------- Instantiating /home/travis/build/icyphy/ptII/ptolemy/domains/modal/test/auto/BroadcastHierarchy.xml
18 ms. Memory: 332288K Free: 111772K (34%)
----------------- Invoking toplevel() on ptolemy.moml.MoMLSimpleApplication@4da7b005
----------------- Done invoking toplevel() on ptolemy.moml.MoMLSimpleApplication@4da7b005
reloadAllAccessors: .BroadcastHierarchy

===========================================================================================
----------------- testing Thu Aug 16 01:58:53 UTC 2018 /home/travis/build/icyphy/ptII/ptolemy/domains/modal/test/auto/BroadcastHierarchy2.xml
----------------- Instantiating /home/travis/build/icyphy/ptII/ptolemy/domains/modal/test/auto/BroadcastHierarchy2.xml
29 ms. Memory: 332288K Free: 76687K (23%)
----------------- Invoking toplevel() on ptolemy.moml.MoMLSimpleApplication@c75b394
----------------- Done invoking toplevel() on ptolemy.moml.MoMLSimpleApplication@c75b394
reloadAllAccessors: .BroadcastHierarchy2

===========================================================================================
----------------- testing Thu Aug 16 01:58:53 UTC 2018 /home/travis/build/icyphy/ptII/ptolemy/domains/modal/test/auto/BroadcastHierarchy3.xml
----------------- Instantiating /home/travis/build/icyphy/ptII/ptolemy/domains/modal/test/auto/BroadcastHierarchy3.xml
21 ms. Memory: 333824K Free: 295593K (89%)
----------------- Invoking toplevel() on ptolemy.moml.MoMLSimpleApplication@2d7b12eb
----------------- Done invoking toplevel() on ptolemy.moml.MoMLSimpleApplication@2d7b12eb
reloadAllAccessors: .BroadcastHierarchy3

===========================================================================================
----------------- testing Thu Aug 16 01:58:54 UTC 2018 /home/travis/build/icyphy/ptII/ptolemy/domains/modal/test/auto/BroadcastHierarchy4.xml
----------------- Instantiating /home/travis/build/icyphy/ptII/ptolemy/domains/modal/test/auto/BroadcastHierarchy4.xml
20 ms. Memory: 333824K Free: 262909K (79%)
----------------- Invoking toplevel() on ptolemy.moml.MoMLSimpleApplication@516ddaf7
----------------- Done invoking toplevel() on ptolemy.moml.MoMLSimpleApplication@516ddaf7
reloadAllAccessors: .BroadcastHierarchy4

===========================================================================================
----------------- testing Thu Aug 16 01:58:54 UTC 2018 /home/travis/build/icyphy/ptII/ptolemy/domains/modal/test/auto/CannotAnalysisWithPreemption2.xml
----------------- Instantiating /home/travis/build/icyphy/ptII/ptolemy/domains/modal/test/auto/CannotAnalysisWithPreemption2.xml
4 ms. Memory: 333824K Free: 253108K (76%)
----------------- Invoking toplevel() on ptolemy.moml.MoMLSimpleApplication@77978131
----------------- Done invoking toplevel() on ptolemy.moml.MoMLSimpleApplication@77978131
reloadAllAccessors: .CannotAnalysisWithPreemption2

===========================================================================================
----------------- testing Thu Aug 16 01:58:54 UTC 2018 /home/travis/build/icyphy/ptII/ptolemy/domains/modal/test/auto/CannotAnalysisWithPreemption3.xml
----------------- Instantiating /home/travis/build/icyphy/ptII/ptolemy/domains/modal/test/auto/CannotAnalysisWithPreemption3.xml
4 ms. Memory: 333824K Free: 237760K (71%)
----------------- Invoking toplevel() on ptolemy.moml.MoMLSimpleApplication@75e1d2d5
----------------- Done invoking toplevel() on ptolemy.moml.MoMLSimpleApplication@75e1d2d5
reloadAllAccessors: .CannotAnalysisWithPreemption3

===========================================================================================
----------------- testing Thu Aug 16 01:58:54 UTC 2018 /home/travis/build/icyphy/ptII/ptolemy/domains/modal/test/auto/CannotProduce.xml
----------------- Instantiating /home/travis/build/icyphy/ptII/ptolemy/domains/modal/test/auto/CannotProduce.xml
6 ms. Memory: 333824K Free: 231239K (69%)
----------------- Invoking toplevel() on ptolemy.moml.MoMLSimpleApplication@3e57a238
----------------- Done invoking toplevel() on ptolemy.moml.MoMLSimpleApplication@3e57a238
reloadAllAccessors: .CannotProduce

===========================================================================================
----------------- testing Thu Aug 16 01:58:54 UTC 2018 /home/travis/build/icyphy/ptII/ptolemy/domains/modal/test/auto/CannotProduceModal.xml
----------------- Instantiating /home/travis/build/icyphy/ptII/ptolemy/domains/modal/test/auto/CannotProduceModal.xml
9 ms. Memory: 333824K Free: 223066K (67%)
----------------- Invoking toplevel() on ptolemy.moml.MoMLSimpleApplication@2b3e79f2
----------------- Done invoking toplevel() on ptolemy.moml.MoMLSimpleApplication@2b3e79f2
reloadAllAccessors: .CannotProduceModal

===========================================================================================
----------------- testing Thu Aug 16 01:58:54 UTC 2018 /home/travis/build/icyphy/ptII/ptolemy/domains/modal/test/auto/Case.xml
----------------- Instantiating /home/travis/build/icyphy/ptII/ptolemy/domains/modal/test/auto/Case.xml
19 ms. Memory: 333824K Free: 209985K (63%)
----------------- Invoking toplevel() on ptolemy.moml.MoMLSimpleApplication@382c7706
----------------- Done invoking toplevel() on ptolemy.moml.MoMLSimpleApplication@382c7706
reloadAllAccessors: .Case

===========================================================================================
----------------- testing Thu Aug 16 01:58:54 UTC 2018 /home/travis/build/icyphy/ptII/ptolemy/domains/modal/test/auto/Case1.xml
----------------- Instantiating /home/travis/build/icyphy/ptII/ptolemy/domains/modal/test/auto/Case1.xml
12 ms. Memory: 333824K Free: 199538K (60%)
----------------- Invoking toplevel() on ptolemy.moml.MoMLSimpleApplication@7bf22717
----------------- Done invoking toplevel() on ptolemy.moml.MoMLSimpleApplication@7bf22717
reloadAllAccessors: .Case1

===========================================================================================
----------------- testing Thu Aug 16 01:58:54 UTC 2018 /home/travis/build/icyphy/ptII/ptolemy/domains/modal/test/auto/Case2.xml
----------------- Instantiating /home/travis/build/icyphy/ptII/ptolemy/domains/modal/test/auto/Case2.xml
29 ms. Memory: 333824K Free: 188093K (56%)
----------------- Invoking toplevel() on ptolemy.moml.MoMLSimpleApplication@7f36d8c1
----------------- Done invoking toplevel() on ptolemy.moml.MoMLSimpleApplication@7f36d8c1
reloadAllAccessors: .Case2

===========================================================================================
----------------- testing Thu Aug 16 01:58:54 UTC 2018 /home/travis/build/icyphy/ptII/ptolemy/domains/modal/test/auto/CausalityInterface1.xml
----------------- Instantiating /home/travis/build/icyphy/ptII/ptolemy/domains/modal/test/auto/CausalityInterface1.xml
4 ms. Memory: 333824K Free: 181572K (54%)
----------------- Invoking toplevel() on ptolemy.moml.MoMLSimpleApplication@2e00a1ac
----------------- Done invoking toplevel() on ptolemy.moml.MoMLSimpleApplication@2e00a1ac
reloadAllAccessors: .CausalityInterface1

===========================================================================================
----------------- testing Thu Aug 16 01:58:54 UTC 2018 /home/travis/build/icyphy/ptII/ptolemy/domains/modal/test/auto/CausalityInterface10.xml
----------------- Instantiating /home/travis/build/icyphy/ptII/ptolemy/domains/modal/test/auto/CausalityInterface10.xml
9 ms. Memory: 333824K Free: 162977K (49%)
----------------- Invoking toplevel() on ptolemy.moml.MoMLSimpleApplication@1d65116f
----------------- Done invoking toplevel() on ptolemy.moml.MoMLSimpleApplication@1d65116f
reloadAllAccessors: .CausalityInterface10

===========================================================================================
----------------- testing Thu Aug 16 01:58:54 UTC 2018 /home/travis/build/icyphy/ptII/ptolemy/domains/modal/test/auto/CausalityInterface11.xml
----------------- Instantiating /home/travis/build/icyphy/ptII/ptolemy/domains/modal/test/auto/CausalityInterface11.xml
6 ms. Memory: 333824K Free: 146663K (44%)
----------------- Invoking toplevel() on ptolemy.moml.MoMLSimpleApplication@305e88ec
----------------- Done invoking toplevel() on ptolemy.moml.MoMLSimpleApplication@305e88ec
reloadAllAccessors: .CausalityInterface11

===========================================================================================
----------------- testing Thu Aug 16 01:58:54 UTC 2018 /home/travis/build/icyphy/ptII/ptolemy/domains/modal/test/auto/CausalityInterface12.xml
----------------- Instantiating /home/travis/build/icyphy/ptII/ptolemy/domains/modal/test/auto/CausalityInterface12.xml
7 ms. Memory: 333824K Free: 130333K (39%)
----------------- Invoking toplevel() on ptolemy.moml.MoMLSimpleApplication@7aa84a19
----------------- Done invoking toplevel() on ptolemy.moml.MoMLSimpleApplication@7aa84a19
reloadAllAccessors: .CausalityInterface12

===========================================================================================
----------------- testing Thu Aug 16 01:58:54 UTC 2018 /home/travis/build/icyphy/ptII/ptolemy/domains/modal/test/auto/CausalityInterface13.xml
----------------- Instantiating /home/travis/build/icyphy/ptII/ptolemy/domains/modal/test/auto/CausalityInterface13.xml
18 ms. Memory: 333824K Free: 111715K (33%)
----------------- Invoking toplevel() on ptolemy.moml.MoMLSimpleApplication@54355068
----------------- Done invoking toplevel() on ptolemy.moml.MoMLSimpleApplication@54355068
reloadAllAccessors: .CausalityInterface13

===========================================================================================
----------------- testing Thu Aug 16 01:58:54 UTC 2018 /home/travis/build/icyphy/ptII/ptolemy/domains/modal/test/auto/CausalityInterface14.xml
----------------- Instantiating /home/travis/build/icyphy/ptII/ptolemy/domains/modal/test/auto/CausalityInterface14.xml
7 ms. Memory: 333824K Free: 95369K (29%)
----------------- Invoking toplevel() on ptolemy.moml.MoMLSimpleApplication@56aacdce
----------------- Done invoking toplevel() on ptolemy.moml.MoMLSimpleApplication@56aacdce
reloadAllAccessors: .CausalityInterface14

===========================================================================================
----------------- testing Thu Aug 16 01:58:54 UTC 2018 /home/travis/build/icyphy/ptII/ptolemy/domains/modal/test/auto/CausalityInterface2.xml
----------------- Instantiating /home/travis/build/icyphy/ptII/ptolemy/domains/modal/test/auto/CausalityInterface2.xml
4 ms. Memory: 333824K Free: 87196K (26%)
----------------- Invoking toplevel() on ptolemy.moml.MoMLSimpleApplication@42501bcf
----------------- Done invoking toplevel() on ptolemy.moml.MoMLSimpleApplication@42501bcf
reloadAllAccessors: .CausalityInterface2

===========================================================================================
----------------- testing Thu Aug 16 01:58:54 UTC 2018 /home/travis/build/icyphy/ptII/ptolemy/domains/modal/test/auto/CausalityInterface3.xml
----------------- Instantiating /home/travis/build/icyphy/ptII/ptolemy/domains/modal/test/auto/CausalityInterface3.xml
3 ms. Memory: 578560K Free: 563540K (97%)
----------------- Invoking toplevel() on ptolemy.moml.MoMLSimpleApplication@196e5238
----------------- Done invoking toplevel() on ptolemy.moml.MoMLSimpleApplication@196e5238
reloadAllAccessors: .CausalityInterface3

===========================================================================================
----------------- testing Thu Aug 16 01:58:54 UTC 2018 /home/travis/build/icyphy/ptII/ptolemy/domains/modal/test/auto/CausalityInterface4.xml
----------------- Instantiating /home/travis/build/icyphy/ptII/ptolemy/domains/modal/test/auto/CausalityInterface4.xml
4 ms. Memory: 578560K Free: 550395K (95%)
----------------- Invoking toplevel() on ptolemy.moml.MoMLSimpleApplication@419beaf9
----------------- Done invoking toplevel() on ptolemy.moml.MoMLSimpleApplication@419beaf9
reloadAllAccessors: .CausalityInterface4

===========================================================================================
----------------- testing Thu Aug 16 01:58:55 UTC 2018 /home/travis/build/icyphy/ptII/ptolemy/domains/modal/test/auto/CausalityInterface5.xml
----------------- Instantiating /home/travis/build/icyphy/ptII/ptolemy/domains/modal/test/auto/CausalityInterface5.xml
6 ms. Memory: 578560K Free: 537370K (93%)
----------------- Invoking toplevel() on ptolemy.moml.MoMLSimpleApplication@48cb3d48
----------------- Done invoking toplevel() on ptolemy.moml.MoMLSimpleApplication@48cb3d48
reloadAllAccessors: .CausalityInterface5

===========================================================================================
----------------- testing Thu Aug 16 01:58:55 UTC 2018 /home/travis/build/icyphy/ptII/ptolemy/domains/modal/test/auto/CausalityInterface6.xml
----------------- Instantiating /home/travis/build/icyphy/ptII/ptolemy/domains/modal/test/auto/CausalityInterface6.xml
5 ms. Memory: 578560K Free: 524328K (91%)
----------------- Invoking toplevel() on ptolemy.moml.MoMLSimpleApplication@7f73985d
----------------- Done invoking toplevel() on ptolemy.moml.MoMLSimpleApplication@7f73985d
reloadAllAccessors: .CausalityInterface6

===========================================================================================
----------------- testing Thu Aug 16 01:58:55 UTC 2018 /home/travis/build/icyphy/ptII/ptolemy/domains/modal/test/auto/CausalityInterface7.xml
----------------- Instantiating /home/travis/build/icyphy/ptII/ptolemy/domains/modal/test/auto/CausalityInterface7.xml
11 ms. Memory: 578560K Free: 511303K (88%)
----------------- Invoking toplevel() on ptolemy.moml.MoMLSimpleApplication@7da25012
----------------- Done invoking toplevel() on ptolemy.moml.MoMLSimpleApplication@7da25012
reloadAllAccessors: .CausalityInterface7

===========================================================================================
----------------- testing Thu Aug 16 01:58:55 UTC 2018 /home/travis/build/icyphy/ptII/ptolemy/domains/modal/test/auto/CausalityInterface8.xml
----------------- Instantiating /home/travis/build/icyphy/ptII/ptolemy/domains/modal/test/auto/CausalityInterface8.xml
6 ms. Memory: 578560K Free: 495126K (86%)
----------------- Invoking toplevel() on ptolemy.moml.MoMLSimpleApplication@1abaf624
----------------- Done invoking toplevel() on ptolemy.moml.MoMLSimpleApplication@1abaf624
reloadAllAccessors: .CausalityInterface8

===========================================================================================
----------------- testing Thu Aug 16 01:58:55 UTC 2018 /home/travis/build/icyphy/ptII/ptolemy/domains/modal/test/auto/CausalityInterface9.xml
----------------- Instantiating /home/travis/build/icyphy/ptII/ptolemy/domains/modal/test/auto/CausalityInterface9.xml
8 ms. Memory: 578560K Free: 482069K (83%)
----------------- Invoking toplevel() on ptolemy.moml.MoMLSimpleApplication@1d742e34
----------------- Done invoking toplevel() on ptolemy.moml.MoMLSimpleApplication@1d742e34
reloadAllAccessors: .CausalityInterface9

===========================================================================================
----------------- testing Thu Aug 16 01:58:55 UTC 2018 /home/travis/build/icyphy/ptII/ptolemy/domains/modal/test/auto/ChainedTransitions.xml
----------------- Instantiating /home/travis/build/icyphy/ptII/ptolemy/domains/modal/test/auto/ChainedTransitions.xml
97 ms. Memory: 578560K Free: 452721K (78%)
----------------- Invoking toplevel() on ptolemy.moml.MoMLSimpleApplication@57d3aab5
----------------- Done invoking toplevel() on ptolemy.moml.MoMLSimpleApplication@57d3aab5
reloadAllAccessors: .ChainedTransitions

===========================================================================================
----------------- testing Thu Aug 16 01:58:55 UTC 2018 /home/travis/build/icyphy/ptII/ptolemy/domains/modal/test/auto/CycleOfImmediateTransitionsFSM.xml
----------------- Instantiating /home/travis/build/icyphy/ptII/ptolemy/domains/modal/test/auto/CycleOfImmediateTransitionsFSM.xml
5 ms. Memory: 578560K Free: 442936K (77%)
----------------- Invoking toplevel() on ptolemy.moml.MoMLSimpleApplication@1da0fb78
----------------- Done invoking toplevel() on ptolemy.moml.MoMLSimpleApplication@1da0fb78
reloadAllAccessors: .CycleOfImmediateTransitionsFSM

===========================================================================================
----------------- testing Thu Aug 16 01:58:55 UTC 2018 /home/travis/build/icyphy/ptII/ptolemy/domains/modal/test/auto/CycleOfImmediateTransitionsModal.xml
----------------- Instantiating /home/travis/build/icyphy/ptII/ptolemy/domains/modal/test/auto/CycleOfImmediateTransitionsModal.xml
3 ms. Memory: 578560K Free: 430016K (74%)
----------------- Invoking toplevel() on ptolemy.moml.MoMLSimpleApplication@77ec743e
----------------- Done invoking toplevel() on ptolemy.moml.MoMLSimpleApplication@77ec743e
reloadAllAccessors: .CycleOfImmediateTransitionsModal

===========================================================================================
----------------- testing Thu Aug 16 01:58:55 UTC 2018 /home/travis/build/icyphy/ptII/ptolemy/domains/modal/test/auto/CycleOfImmediateTransitionsModal2.xml
----------------- Instantiating /home/travis/build/icyphy/ptII/ptolemy/domains/modal/test/auto/CycleOfImmediateTransitionsModal2.xml
4 ms. Memory: 578560K Free: 420239K (73%)
----------------- Invoking toplevel() on ptolemy.moml.MoMLSimpleApplication@21bae68
----------------- Done invoking toplevel() on ptolemy.moml.MoMLSimpleApplication@21bae68
reloadAllAccessors: .CycleOfImmediateTransitionsModal2

===========================================================================================
----------------- testing Thu Aug 16 01:58:55 UTC 2018 /home/travis/build/icyphy/ptII/ptolemy/domains/modal/test/auto/CycleOfImmediateTransitionsModal3.xml
----------------- Instantiating /home/travis/build/icyphy/ptII/ptolemy/domains/modal/test/auto/CycleOfImmediateTransitionsModal3.xml
11 ms. Memory: 578560K Free: 390851K (68%)
----------------- Invoking toplevel() on ptolemy.moml.MoMLSimpleApplication@4d44c8fc
----------------- Done invoking toplevel() on ptolemy.moml.MoMLSimpleApplication@4d44c8fc
reloadAllAccessors: .CycleOfImmediateTransitionsModal3

===========================================================================================
----------------- testing Thu Aug 16 01:58:55 UTC 2018 /home/travis/build/icyphy/ptII/ptolemy/domains/modal/test/auto/DeepModal1.xml
----------------- Instantiating /home/travis/build/icyphy/ptII/ptolemy/domains/modal/test/auto/DeepModal1.xml
18 ms. Memory: 578560K Free: 371265K (64%)
----------------- Invoking toplevel() on ptolemy.moml.MoMLSimpleApplication@5a9fcb31
----------------- Done invoking toplevel() on ptolemy.moml.MoMLSimpleApplication@5a9fcb31
reloadAllAccessors: .DeepModal1

===========================================================================================
----------------- testing Thu Aug 16 01:58:55 UTC 2018 /home/travis/build/icyphy/ptII/ptolemy/domains/modal/test/auto/DeepModal2.xml
----------------- Instantiating /home/travis/build/icyphy/ptII/ptolemy/domains/modal/test/auto/DeepModal2.xml
16 ms. Memory: 578560K Free: 345319K (60%)
----------------- Invoking toplevel() on ptolemy.moml.MoMLSimpleApplication@68a1913
----------------- Done invoking toplevel() on ptolemy.moml.MoMLSimpleApplication@68a1913
reloadAllAccessors: .DeepModal2

===========================================================================================
----------------- testing Thu Aug 16 01:58:55 UTC 2018 /home/travis/build/icyphy/ptII/ptolemy/domains/modal/test/auto/DeepModal3.xml
----------------- Instantiating /home/travis/build/icyphy/ptII/ptolemy/domains/modal/test/auto/DeepModal3.xml
17 ms. Memory: 578560K Free: 322484K (56%)
----------------- Invoking toplevel() on ptolemy.moml.MoMLSimpleApplication@47756c05
----------------- Done invoking toplevel() on ptolemy.moml.MoMLSimpleApplication@47756c05
reloadAllAccessors: .DeepModal3

===========================================================================================
----------------- testing Thu Aug 16 01:58:55 UTC 2018 /home/travis/build/icyphy/ptII/ptolemy/domains/modal/test/auto/DeepModal4.xml
----------------- Instantiating /home/travis/build/icyphy/ptII/ptolemy/domains/modal/test/auto/DeepModal4.xml
39 ms. Memory: 578560K Free: 299650K (52%)
----------------- Invoking toplevel() on ptolemy.moml.MoMLSimpleApplication@2c73f665
----------------- Done invoking toplevel() on ptolemy.moml.MoMLSimpleApplication@2c73f665
reloadAllAccessors: .DeepModal4

===========================================================================================
----------------- testing Thu Aug 16 01:58:55 UTC 2018 /home/travis/build/icyphy/ptII/ptolemy/domains/modal/test/auto/Default1.xml
----------------- Instantiating /home/travis/build/icyphy/ptII/ptolemy/domains/modal/test/auto/Default1.xml
3 ms. Memory: 578560K Free: 289865K (50%)
----------------- Invoking toplevel() on ptolemy.moml.MoMLSimpleApplication@524a5b1c
----------------- Done invoking toplevel() on ptolemy.moml.MoMLSimpleApplication@524a5b1c
reloadAllAccessors: .Default1

===========================================================================================
----------------- testing Thu Aug 16 01:58:55 UTC 2018 /home/travis/build/icyphy/ptII/ptolemy/domains/modal/test/auto/Default2.xml
----------------- Instantiating /home/travis/build/icyphy/ptII/ptolemy/domains/modal/test/auto/Default2.xml
4 ms. Memory: 578560K Free: 276944K (48%)
----------------- Invoking toplevel() on ptolemy.moml.MoMLSimpleApplication@1c06ae6
----------------- Done invoking toplevel() on ptolemy.moml.MoMLSimpleApplication@1c06ae6
reloadAllAccessors: .Default2

===========================================================================================
----------------- testing Thu Aug 16 01:58:55 UTC 2018 /home/travis/build/icyphy/ptII/ptolemy/domains/modal/test/auto/Default3.xml
----------------- Instantiating /home/travis/build/icyphy/ptII/ptolemy/domains/modal/test/auto/Default3.xml
4 ms. Memory: 578560K Free: 267167K (46%)
----------------- Invoking toplevel() on ptolemy.moml.MoMLSimpleApplication@27dc4958
----------------- Done invoking toplevel() on ptolemy.moml.MoMLSimpleApplication@27dc4958
reloadAllAccessors: .Default3

===========================================================================================
----------------- testing Thu Aug 16 01:58:55 UTC 2018 /home/travis/build/icyphy/ptII/ptolemy/domains/modal/test/auto/Default4.xml
----------------- Instantiating /home/travis/build/icyphy/ptII/ptolemy/domains/modal/test/auto/Default4.xml
2 ms. Memory: 578560K Free: 257382K (44%)
----------------- Invoking toplevel() on ptolemy.moml.MoMLSimpleApplication@67fbcffe
----------------- Done invoking toplevel() on ptolemy.moml.MoMLSimpleApplication@67fbcffe
reloadAllAccessors: .Default4

===========================================================================================
----------------- testing Thu Aug 16 01:58:55 UTC 2018 /home/travis/build/icyphy/ptII/ptolemy/domains/modal/test/auto/Default5.xml
----------------- Instantiating /home/travis/build/icyphy/ptII/ptolemy/domains/modal/test/auto/Default5.xml
6 ms. Memory: 578560K Free: 244341K (42%)
----------------- Invoking toplevel() on ptolemy.moml.MoMLSimpleApplication@5833284a
----------------- Done invoking toplevel() on ptolemy.moml.MoMLSimpleApplication@5833284a
reloadAllAccessors: .Default5

===========================================================================================
----------------- testing Thu Aug 16 01:58:55 UTC 2018 /home/travis/build/icyphy/ptII/ptolemy/domains/modal/test/auto/EmptyGuard.xml
----------------- Instantiating /home/travis/build/icyphy/ptII/ptolemy/domains/modal/test/auto/EmptyGuard.xml
5 ms. Memory: 578560K Free: 231436K (40%)
----------------- Invoking toplevel() on ptolemy.moml.MoMLSimpleApplication@fceacc9
----------------- Done invoking toplevel() on ptolemy.moml.MoMLSimpleApplication@fceacc9
reloadAllAccessors: .EmptyGuard

===========================================================================================
----------------- testing Thu Aug 16 01:58:55 UTC 2018 /home/travis/build/icyphy/ptII/ptolemy/domains/modal/test/auto/ErrorTransition1.xml
----------------- Instantiating /home/travis/build/icyphy/ptII/ptolemy/domains/modal/test/auto/ErrorTransition1.xml
6 ms. Memory: 578560K Free: 218394K (38%)
----------------- Invoking toplevel() on ptolemy.moml.MoMLSimpleApplication@1528a8d9
----------------- Done invoking toplevel() on ptolemy.moml.MoMLSimpleApplication@1528a8d9
reloadAllAccessors: .ErrorTransition1

===========================================================================================
----------------- testing Thu Aug 16 01:58:56 UTC 2018 /home/travis/build/icyphy/ptII/ptolemy/domains/modal/test/auto/ErrorTransition10.xml
----------------- Instantiating /home/travis/build/icyphy/ptII/ptolemy/domains/modal/test/auto/ErrorTransition10.xml
8 ms. Memory: 578560K Free: 202081K (35%)
----------------- Invoking toplevel() on ptolemy.moml.MoMLSimpleApplication@566f84f6
----------------- Done invoking toplevel() on ptolemy.moml.MoMLSimpleApplication@566f84f6
reloadAllAccessors: .ErrorTransition10

===========================================================================================
----------------- testing Thu Aug 16 01:58:56 UTC 2018 /home/travis/build/icyphy/ptII/ptolemy/domains/modal/test/auto/ErrorTransition11.xml
----------------- Instantiating /home/travis/build/icyphy/ptII/ptolemy/domains/modal/test/auto/ErrorTransition11.xml
3 ms. Memory: 578560K Free: 185775K (32%)
----------------- Invoking toplevel() on ptolemy.moml.MoMLSimpleApplication@1833dea
----------------- Done invoking toplevel() on ptolemy.moml.MoMLSimpleApplication@1833dea
reloadAllAccessors: .ErrorTransition11

===========================================================================================
----------------- testing Thu Aug 16 01:58:56 UTC 2018 /home/travis/build/icyphy/ptII/ptolemy/domains/modal/test/auto/ErrorTransition2.xml
----------------- Instantiating /home/travis/build/icyphy/ptII/ptolemy/domains/modal/test/auto/ErrorTransition2.xml
5 ms. Memory: 578560K Free: 172734K (30%)
----------------- Invoking toplevel() on ptolemy.moml.MoMLSimpleApplication@67c472be
----------------- Done invoking toplevel() on ptolemy.moml.MoMLSimpleApplication@67c472be
reloadAllAccessors: .ErrorTransition2

===========================================================================================
----------------- testing Thu Aug 16 01:58:56 UTC 2018 /home/travis/build/icyphy/ptII/ptolemy/domains/modal/test/auto/ErrorTransition3.xml
----------------- Instantiating /home/travis/build/icyphy/ptII/ptolemy/domains/modal/test/auto/ErrorTransition3.xml
6 ms. Memory: 578560K Free: 156572K (27%)
----------------- Invoking toplevel() on ptolemy.moml.MoMLSimpleApplication@2d622f52
----------------- Done invoking toplevel() on ptolemy.moml.MoMLSimpleApplication@2d622f52
reloadAllAccessors: .ErrorTransition3

===========================================================================================
----------------- testing Thu Aug 16 01:58:56 UTC 2018 /home/travis/build/icyphy/ptII/ptolemy/domains/modal/test/auto/ErrorTransition4.xml
----------------- Instantiating /home/travis/build/icyphy/ptII/ptolemy/domains/modal/test/auto/ErrorTransition4.xml
5 ms. Memory: 578560K Free: 143531K (25%)
----------------- Invoking toplevel() on ptolemy.moml.MoMLSimpleApplication@7130a5
----------------- Done invoking toplevel() on ptolemy.moml.MoMLSimpleApplication@7130a5
reloadAllAccessors: .ErrorTransition4

===========================================================================================
----------------- testing Thu Aug 16 01:58:56 UTC 2018 /home/travis/build/icyphy/ptII/ptolemy/domains/modal/test/auto/ErrorTransition5.xml
----------------- Instantiating /home/travis/build/icyphy/ptII/ptolemy/domains/modal/test/auto/ErrorTransition5.xml
5 ms. Memory: 578560K Free: 130489K (23%)
----------------- Invoking toplevel() on ptolemy.moml.MoMLSimpleApplication@236ba716
----------------- Done invoking toplevel() on ptolemy.moml.MoMLSimpleApplication@236ba716
reloadAllAccessors: .ErrorTransition5

===========================================================================================
----------------- testing Thu Aug 16 01:58:56 UTC 2018 /home/travis/build/icyphy/ptII/ptolemy/domains/modal/test/auto/ErrorTransition6.xml
----------------- Instantiating /home/travis/build/icyphy/ptII/ptolemy/domains/modal/test/auto/ErrorTransition6.xml
6 ms. Memory: 578560K Free: 117448K (20%)
----------------- Invoking toplevel() on ptolemy.moml.MoMLSimpleApplication@704613a3
----------------- Done invoking toplevel() on ptolemy.moml.MoMLSimpleApplication@704613a3
reloadAllAccessors: .ErrorTransition6

===========================================================================================
----------------- testing Thu Aug 16 01:58:56 UTC 2018 /home/travis/build/icyphy/ptII/ptolemy/domains/modal/test/auto/ErrorTransition7.xml
----------------- Instantiating /home/travis/build/icyphy/ptII/ptolemy/domains/modal/test/auto/ErrorTransition7.xml
14 ms. Memory: 578560K Free: 98014K (17%)
----------------- Invoking toplevel() on ptolemy.moml.MoMLSimpleApplication@5f531b41
----------------- Done invoking toplevel() on ptolemy.moml.MoMLSimpleApplication@5f531b41
reloadAllAccessors: .ErrorTransition7

===========================================================================================
----------------- testing Thu Aug 16 01:58:56 UTC 2018 /home/travis/build/icyphy/ptII/ptolemy/domains/modal/test/auto/ErrorTransition8.xml
----------------- Instantiating /home/travis/build/icyphy/ptII/ptolemy/domains/modal/test/auto/ErrorTransition8.xml
25 ms. Memory: 578560K Free: 81709K (14%)
----------------- Invoking toplevel() on ptolemy.moml.MoMLSimpleApplication@626dd2fe
----------------- Done invoking toplevel() on ptolemy.moml.MoMLSimpleApplication@626dd2fe
reloadAllAccessors: .ErrorTransition8

===========================================================================================
----------------- testing Thu Aug 16 01:58:56 UTC 2018 /home/travis/build/icyphy/ptII/ptolemy/domains/modal/test/auto/ErrorTransition9.xml
----------------- Instantiating /home/travis/build/icyphy/ptII/ptolemy/domains/modal/test/auto/ErrorTransition9.xml
11 ms. Memory: 578560K Free: 554697K (96%)
----------------- Invoking toplevel() on ptolemy.moml.MoMLSimpleApplication@15b6595a
----------------- Done invoking toplevel() on ptolemy.moml.MoMLSimpleApplication@15b6595a
reloadAllAccessors: .ErrorTransition9

===========================================================================================
----------------- testing Thu Aug 16 01:58:56 UTC 2018 /home/travis/build/icyphy/ptII/ptolemy/domains/modal/test/auto/ExtendedFSM.xml
----------------- Instantiating /home/travis/build/icyphy/ptII/ptolemy/domains/modal/test/auto/ExtendedFSM.xml
11 ms. Memory: 578560K Free: 542718K (94%)
----------------- Invoking toplevel() on ptolemy.moml.MoMLSimpleApplication@68b3ee6c
----------------- Done invoking toplevel() on ptolemy.moml.MoMLSimpleApplication@68b3ee6c
reloadAllAccessors: .ExtendedFSM

===========================================================================================
----------------- testing Thu Aug 16 01:58:56 UTC 2018 /home/travis/build/icyphy/ptII/ptolemy/domains/modal/test/auto/FinalStates.xml
----------------- Instantiating /home/travis/build/icyphy/ptII/ptolemy/domains/modal/test/auto/FinalStates.xml
4 ms. Memory: 578560K Free: 532933K (92%)
----------------- Invoking toplevel() on ptolemy.moml.MoMLSimpleApplication@57d381e8
----------------- Done invoking toplevel() on ptolemy.moml.MoMLSimpleApplication@57d381e8
reloadAllAccessors: .FinalStates

===========================================================================================
----------------- testing Thu Aug 16 01:58:56 UTC 2018 /home/travis/build/icyphy/ptII/ptolemy/domains/modal/test/auto/FixedPointFSM.xml
----------------- Instantiating /home/travis/build/icyphy/ptII/ptolemy/domains/modal/test/auto/FixedPointFSM.xml
16 ms. Memory: 578560K Free: 511028K (88%)
----------------- Invoking toplevel() on ptolemy.moml.MoMLSimpleApplication@25a64fe8
----------------- Done invoking toplevel() on ptolemy.moml.MoMLSimpleApplication@25a64fe8
reloadAllAccessors: .FixedPointFSM

===========================================================================================
----------------- testing Thu Aug 16 01:58:56 UTC 2018 /home/travis/build/icyphy/ptII/ptolemy/domains/modal/test/auto/FixedPointIterationFSMActor.xml
----------------- Instantiating /home/travis/build/icyphy/ptII/ptolemy/domains/modal/test/auto/FixedPointIterationFSMActor.xml
7 ms. Memory: 578560K Free: 497987K (86%)
----------------- Invoking toplevel() on ptolemy.moml.MoMLSimpleApplication@23b64c7f
----------------- Done invoking toplevel() on ptolemy.moml.MoMLSimpleApplication@23b64c7f
reloadAllAccessors: .FixedPointIterationFSMActor

===========================================================================================
----------------- testing Thu Aug 16 01:58:56 UTC 2018 /home/travis/build/icyphy/ptII/ptolemy/domains/modal/test/auto/FixedPointIterationFSMActor2.xml
----------------- Instantiating /home/travis/build/icyphy/ptII/ptolemy/domains/modal/test/auto/FixedPointIterationFSMActor2.xml
16 ms. Memory: 578560K Free: 481689K (83%)
----------------- Invoking toplevel() on ptolemy.moml.MoMLSimpleApplication@33b4f8ef
----------------- Done invoking toplevel() on ptolemy.moml.MoMLSimpleApplication@33b4f8ef
reloadAllAccessors: .FixedPointIterationFSMActor2

===========================================================================================
----------------- testing Thu Aug 16 01:58:56 UTC 2018 /home/travis/build/icyphy/ptII/ptolemy/domains/modal/test/auto/ForbiddenInstantanousLoop.xml
----------------- Instantiating /home/travis/build/icyphy/ptII/ptolemy/domains/modal/test/auto/ForbiddenInstantanousLoop.xml
6 ms. Memory: 578560K Free: 463213K (80%)
----------------- Invoking toplevel() on ptolemy.moml.MoMLSimpleApplication@62eef889
----------------- Done invoking toplevel() on ptolemy.moml.MoMLSimpleApplication@62eef889
reloadAllAccessors: .ForbiddenInstantanousLoop

===========================================================================================
----------------- testing Thu Aug 16 01:58:56 UTC 2018 /home/travis/build/icyphy/ptII/ptolemy/domains/modal/test/auto/FunctionDependencyOfFSMActorTest.xml
----------------- Instantiating /home/travis/build/icyphy/ptII/ptolemy/domains/modal/test/auto/FunctionDependencyOfFSMActorTest.xml
7 ms. Memory: 578560K Free: 453436K (78%)
----------------- Invoking toplevel() on ptolemy.moml.MoMLSimpleApplication@39fb68e6
----------------- Done invoking toplevel() on ptolemy.moml.MoMLSimpleApplication@39fb68e6
reloadAllAccessors: .FunctionDependencyOfFSMActorTest

===========================================================================================
----------------- testing Thu Aug 16 01:58:56 UTC 2018 /home/travis/build/icyphy/ptII/ptolemy/domains/modal/test/auto/GuardExpression.xml
----------------- Instantiating /home/travis/build/icyphy/ptII/ptolemy/domains/modal/test/auto/GuardExpression.xml
2 ms. Memory: 578560K Free: 443659K (77%)
----------------- Invoking toplevel() on ptolemy.moml.MoMLSimpleApplication@45499702
----------------- Done invoking toplevel() on ptolemy.moml.MoMLSimpleApplication@45499702
reloadAllAccessors: .GuardExpression

===========================================================================================
----------------- testing Thu Aug 16 01:58:56 UTC 2018 /home/travis/build/icyphy/ptII/ptolemy/domains/modal/test/auto/GuardNotEvaluated.xml
----------------- Instantiating /home/travis/build/icyphy/ptII/ptolemy/domains/modal/test/auto/GuardNotEvaluated.xml
7 ms. Memory: 578560K Free: 428439K (74%)
----------------- Invoking toplevel() on ptolemy.moml.MoMLSimpleApplication@40fe365b
----------------- Done invoking toplevel() on ptolemy.moml.MoMLSimpleApplication@40fe365b
reloadAllAccessors: .GuardNotEvaluated

===========================================================================================
----------------- testing Thu Aug 16 01:58:56 UTC 2018 /home/travis/build/icyphy/ptII/ptolemy/domains/modal/test/auto/GuardNotEvaluated2.xml
----------------- Instantiating /home/travis/build/icyphy/ptII/ptolemy/domains/modal/test/auto/GuardNotEvaluated2.xml
9 ms. Memory: 578560K Free: 415398K (72%)
----------------- Invoking toplevel() on ptolemy.moml.MoMLSimpleApplication@7d0c7ab1
----------------- Done invoking toplevel() on ptolemy.moml.MoMLSimpleApplication@7d0c7ab1
reloadAllAccessors: .GuardNotEvaluated2

===========================================================================================
----------------- testing Thu Aug 16 01:58:56 UTC 2018 /home/travis/build/icyphy/ptII/ptolemy/domains/modal/test/auto/GuardOnAbsent.xml
----------------- Instantiating /home/travis/build/icyphy/ptII/ptolemy/domains/modal/test/auto/GuardOnAbsent.xml
9 ms. Memory: 578560K Free: 405613K (70%)
----------------- Invoking toplevel() on ptolemy.moml.MoMLSimpleApplication@2b09e01c
----------------- Done invoking toplevel() on ptolemy.moml.MoMLSimpleApplication@2b09e01c
reloadAllAccessors: .GuardOnAbsent

===========================================================================================
----------------- testing Thu Aug 16 01:58:56 UTC 2018 /home/travis/build/icyphy/ptII/ptolemy/domains/modal/test/auto/HierarchicalFSMTypeInference.xml
----------------- Instantiating /home/travis/build/icyphy/ptII/ptolemy/domains/modal/test/auto/HierarchicalFSMTypeInference.xml
5 ms. Memory: 578560K Free: 387120K (67%)
----------------- Invoking toplevel() on ptolemy.moml.MoMLSimpleApplication@1c67193
----------------- Done invoking toplevel() on ptolemy.moml.MoMLSimpleApplication@1c67193
reloadAllAccessors: .HierarchicalFSMTypeInference

===========================================================================================
----------------- testing Thu Aug 16 01:58:56 UTC 2018 /home/travis/build/icyphy/ptII/ptolemy/domains/modal/test/auto/Hysteresis.xml
----------------- Instantiating /home/travis/build/icyphy/ptII/ptolemy/domains/modal/test/auto/Hysteresis.xml
17 ms. Memory: 578560K Free: 367550K (64%)
----------------- Invoking toplevel() on ptolemy.moml.MoMLSimpleApplication@5fd71845
----------------- Done invoking toplevel() on ptolemy.moml.MoMLSimpleApplication@5fd71845
reloadAllAccessors: .Hysteresis

===========================================================================================
----------------- testing Thu Aug 16 01:58:56 UTC 2018 /home/travis/build/icyphy/ptII/ptolemy/domains/modal/test/auto/HysteresisWithDefault.xml
----------------- Instantiating /home/travis/build/icyphy/ptII/ptolemy/domains/modal/test/auto/HysteresisWithDefault.xml
44 ms. Memory: 578560K Free: 339225K (59%)
----------------- Invoking toplevel() on ptolemy.moml.MoMLSimpleApplication@3b8abfc6
----------------- Done invoking toplevel() on ptolemy.moml.MoMLSimpleApplication@3b8abfc6
reloadAllAccessors: .HysteresisWithDefault

===========================================================================================
----------------- testing Thu Aug 16 01:58:56 UTC 2018 /home/travis/build/icyphy/ptII/ptolemy/domains/modal/test/auto/HysteresisWithDefault2.xml
----------------- Instantiating /home/travis/build/icyphy/ptII/ptolemy/domains/modal/test/auto/HysteresisWithDefault2.xml
54 ms. Memory: 578560K Free: 306614K (53%)
----------------- Invoking toplevel() on ptolemy.moml.MoMLSimpleApplication@5161c98f
----------------- Done invoking toplevel() on ptolemy.moml.MoMLSimpleApplication@5161c98f
reloadAllAccessors: .HysteresisWithDefault2

===========================================================================================
----------------- testing Thu Aug 16 01:58:57 UTC 2018 /home/travis/build/icyphy/ptII/ptolemy/domains/modal/test/auto/ImmediateNonConstructiveness.xml
----------------- Instantiating /home/travis/build/icyphy/ptII/ptolemy/domains/modal/test/auto/ImmediateNonConstructiveness.xml
3 ms. Memory: 578560K Free: 296829K (51%)
----------------- Invoking toplevel() on ptolemy.moml.MoMLSimpleApplication@7408697f
----------------- Done invoking toplevel() on ptolemy.moml.MoMLSimpleApplication@7408697f
reloadAllAccessors: .ImmediateNonConstructiveness

===========================================================================================
----------------- testing Thu Aug 16 01:58:57 UTC 2018 /home/travis/build/icyphy/ptII/ptolemy/domains/modal/test/auto/ImmediateNonConstructiveness2.xml
----------------- Instantiating /home/travis/build/icyphy/ptII/ptolemy/domains/modal/test/auto/ImmediateNonConstructiveness2.xml
2 ms. Memory: 578560K Free: 284849K (49%)
----------------- Invoking toplevel() on ptolemy.moml.MoMLSimpleApplication@5f33886e
----------------- Done invoking toplevel() on ptolemy.moml.MoMLSimpleApplication@5f33886e
reloadAllAccessors: .ImmediateNonConstructiveness2

===========================================================================================
----------------- testing Thu Aug 16 01:58:57 UTC 2018 /home/travis/build/icyphy/ptII/ptolemy/domains/modal/test/auto/ImmediateTransitionReset.xml
----------------- Instantiating /home/travis/build/icyphy/ptII/ptolemy/domains/modal/test/auto/ImmediateTransitionReset.xml
5 ms. Memory: 578560K Free: 268544K (46%)
----------------- Invoking toplevel() on ptolemy.moml.MoMLSimpleApplication@6effd42d
----------------- Done invoking toplevel() on ptolemy.moml.MoMLSimpleApplication@6effd42d
reloadAllAccessors: .ImmediateTransitionReset

===========================================================================================
----------------- testing Thu Aug 16 01:58:57 UTC 2018 /home/travis/build/icyphy/ptII/ptolemy/domains/modal/test/auto/ImmediateTransitions1.xml
----------------- Instantiating /home/travis/build/icyphy/ptII/ptolemy/domains/modal/test/auto/ImmediateTransitions1.xml
1 ms. Memory: 578560K Free: 258775K (45%)
----------------- Invoking toplevel() on ptolemy.moml.MoMLSimpleApplication@6d8773c8
----------------- Done invoking toplevel() on ptolemy.moml.MoMLSimpleApplication@6d8773c8
reloadAllAccessors: .ImmediateTransitions1

===========================================================================================
----------------- testing Thu Aug 16 01:58:57 UTC 2018 /home/travis/build/icyphy/ptII/ptolemy/domains/modal/test/auto/ImmediateTransitionsInstantaneousCommunication.xml
----------------- Instantiating /home/travis/build/icyphy/ptII/ptolemy/domains/modal/test/auto/ImmediateTransitionsInstantaneousCommunication.xml
8 ms. Memory: 578560K Free: 240267K (42%)
----------------- Invoking toplevel() on ptolemy.moml.MoMLSimpleApplication@330487c5
----------------- Done invoking toplevel() on ptolemy.moml.MoMLSimpleApplication@330487c5
reloadAllAccessors: .ImmediateTransitionsInstantaneousCommunication

===========================================================================================
----------------- testing Thu Aug 16 01:58:57 UTC 2018 /home/travis/build/icyphy/ptII/ptolemy/domains/modal/test/auto/InitialImmediateTransition.xml
----------------- Instantiating /home/travis/build/icyphy/ptII/ptolemy/domains/modal/test/auto/InitialImmediateTransition.xml
4 ms. Memory: 578560K Free: 230482K (40%)
----------------- Invoking toplevel() on ptolemy.moml.MoMLSimpleApplication@54be1e9f
----------------- Done invoking toplevel() on ptolemy.moml.MoMLSimpleApplication@54be1e9f
reloadAllAccessors: .InitialImmediateTransition

===========================================================================================
----------------- testing Thu Aug 16 01:58:57 UTC 2018 /home/travis/build/icyphy/ptII/ptolemy/domains/modal/test/auto/InitialOutputs.xml
----------------- Instantiating /home/travis/build/icyphy/ptII/ptolemy/domains/modal/test/auto/InitialOutputs.xml
3 ms. Memory: 578560K Free: 220705K (38%)
----------------- Invoking toplevel() on ptolemy.moml.MoMLSimpleApplication@61545071
----------------- Done invoking toplevel() on ptolemy.moml.MoMLSimpleApplication@61545071
reloadAllAccessors: .InitialOutputs

===========================================================================================
----------------- testing Thu Aug 16 01:58:57 UTC 2018 /home/travis/build/icyphy/ptII/ptolemy/domains/modal/test/auto/InitialStateTransition1.xml
----------------- Instantiating /home/travis/build/icyphy/ptII/ptolemy/domains/modal/test/auto/InitialStateTransition1.xml
2 ms. Memory: 578560K Free: 205485K (36%)
----------------- Invoking toplevel() on ptolemy.moml.MoMLSimpleApplication@273a7ad9
----------------- Done invoking toplevel() on ptolemy.moml.MoMLSimpleApplication@273a7ad9
reloadAllAccessors: .InitialStateTransition1

===========================================================================================
----------------- testing Thu Aug 16 01:58:57 UTC 2018 /home/travis/build/icyphy/ptII/ptolemy/domains/modal/test/auto/InitialStateTransition2.xml
----------------- Instantiating /home/travis/build/icyphy/ptII/ptolemy/domains/modal/test/auto/InitialStateTransition2.xml
.InitialStateTransition2.TestExceptionAttributeNonConstructive: initialize() was not invoked, but wrapup() was.  This is unusual, but not always a problem.  For example, exporting JNLP will do this.
1 ms. Memory: 578560K Free: 192451K (33%)
----------------- Invoking toplevel() on ptolemy.moml.MoMLSimpleApplication@71f720ac
----------------- Done invoking toplevel() on ptolemy.moml.MoMLSimpleApplication@71f720ac
reloadAllAccessors: .InitialStateTransition2

===========================================================================================
----------------- testing Thu Aug 16 01:58:57 UTC 2018 /home/travis/build/icyphy/ptII/ptolemy/domains/modal/test/auto/InitialStateTransition3.xml
----------------- Instantiating /home/travis/build/icyphy/ptII/ptolemy/domains/modal/test/auto/InitialStateTransition3.xml
4 ms. Memory: 578560K Free: 177216K (31%)
----------------- Invoking toplevel() on ptolemy.moml.MoMLSimpleApplication@23f9715f
----------------- Done invoking toplevel() on ptolemy.moml.MoMLSimpleApplication@23f9715f
reloadAllAccessors: .InitialStateTransition3

===========================================================================================
----------------- testing Thu Aug 16 01:58:57 UTC 2018 /home/travis/build/icyphy/ptII/ptolemy/domains/modal/test/auto/InitialStateTransition4.xml
----------------- Instantiating /home/travis/build/icyphy/ptII/ptolemy/domains/modal/test/auto/InitialStateTransition4.xml
4 ms. Memory: 578560K Free: 164190K (28%)
----------------- Invoking toplevel() on ptolemy.moml.MoMLSimpleApplication@5507d474
----------------- Done invoking toplevel() on ptolemy.moml.MoMLSimpleApplication@5507d474
[...]
----------------- Done invoking toplevel() on ptolemy.moml.MoMLSimpleApplication@56633e8c
reloadAllAccessors: .TerminationTransition3

===========================================================================================
----------------- testing Thu Aug 16 01:58:59 UTC 2018 /home/travis/build/icyphy/ptII/ptolemy/domains/modal/test/auto/TerminationTransition4.xml
----------------- Instantiating /home/travis/build/icyphy/ptII/ptolemy/domains/modal/test/auto/TerminationTransition4.xml
7 ms. Memory: 872448K Free: 79857K (9%)
----------------- Invoking toplevel() on ptolemy.moml.MoMLSimpleApplication@409b7eaa
----------------- Done invoking toplevel() on ptolemy.moml.MoMLSimpleApplication@409b7eaa
reloadAllAccessors: .TerminationTransition4

===========================================================================================
----------------- testing Thu Aug 16 01:58:59 UTC 2018 /home/travis/build/icyphy/ptII/ptolemy/domains/modal/test/auto/TerminationTransition5.xml
----------------- Instantiating /home/travis/build/icyphy/ptII/ptolemy/domains/modal/test/auto/TerminationTransition5.xml
2 ms. Memory: 872448K Free: 838383K (96%)
----------------- Invoking toplevel() on ptolemy.moml.MoMLSimpleApplication@643b795e
----------------- Done invoking toplevel() on ptolemy.moml.MoMLSimpleApplication@643b795e
reloadAllAccessors: .TerminationTransition5

===========================================================================================
----------------- testing Thu Aug 16 01:58:59 UTC 2018 /home/travis/build/icyphy/ptII/ptolemy/domains/modal/test/auto/TerminationTransition6.xml
----------------- Instantiating /home/travis/build/icyphy/ptII/ptolemy/domains/modal/test/auto/TerminationTransition6.xml
1 ms. Memory: 872448K Free: 822730K (94%)
----------------- Invoking toplevel() on ptolemy.moml.MoMLSimpleApplication@1a7bc4a1
----------------- Done invoking toplevel() on ptolemy.moml.MoMLSimpleApplication@1a7bc4a1
reloadAllAccessors: .TerminationTransition6

===========================================================================================
----------------- testing Thu Aug 16 01:58:59 UTC 2018 /home/travis/build/icyphy/ptII/ptolemy/domains/modal/test/auto/TerminationTransition7.xml
----------------- Instantiating /home/travis/build/icyphy/ptII/ptolemy/domains/modal/test/auto/TerminationTransition7.xml
2 ms. Memory: 872448K Free: 805101K (92%)
----------------- Invoking toplevel() on ptolemy.moml.MoMLSimpleApplication@8ae9e3d
----------------- Done invoking toplevel() on ptolemy.moml.MoMLSimpleApplication@8ae9e3d
reloadAllAccessors: .TerminationTransition7

===========================================================================================
----------------- testing Thu Aug 16 01:58:59 UTC 2018 /home/travis/build/icyphy/ptII/ptolemy/domains/modal/test/auto/TerminationTransition8.xml
----------------- Instantiating /home/travis/build/icyphy/ptII/ptolemy/domains/modal/test/auto/TerminationTransition8.xml
1 ms. Memory: 872448K Free: 789449K (90%)
----------------- Invoking toplevel() on ptolemy.moml.MoMLSimpleApplication@54d6048a
----------------- Done invoking toplevel() on ptolemy.moml.MoMLSimpleApplication@54d6048a
reloadAllAccessors: .TerminationTransition8

===========================================================================================
----------------- testing Thu Aug 16 01:58:59 UTC 2018 /home/travis/build/icyphy/ptII/ptolemy/domains/modal/test/auto/Thermostat_NoHysteresis.xml
----------------- Instantiating /home/travis/build/icyphy/ptII/ptolemy/domains/modal/test/auto/Thermostat_NoHysteresis.xml
25 ms. Memory: 872448K Free: 756273K (87%)
----------------- Invoking toplevel() on ptolemy.moml.MoMLSimpleApplication@b1be30a
----------------- Done invoking toplevel() on ptolemy.moml.MoMLSimpleApplication@b1be30a
reloadAllAccessors: .Thermostat_NoHysteresis

===========================================================================================
----------------- testing Thu Aug 16 01:58:59 UTC 2018 /home/travis/build/icyphy/ptII/ptolemy/domains/modal/test/auto/TimedFSM.xml
----------------- Instantiating /home/travis/build/icyphy/ptII/ptolemy/domains/modal/test/auto/TimedFSM.xml
7 ms. Memory: 872448K Free: 740620K (85%)
----------------- Invoking toplevel() on ptolemy.moml.MoMLSimpleApplication@5cfe3cfd
----------------- Done invoking toplevel() on ptolemy.moml.MoMLSimpleApplication@5cfe3cfd
reloadAllAccessors: .TimedFSM

===========================================================================================
----------------- testing Thu Aug 16 01:58:59 UTC 2018 /home/travis/build/icyphy/ptII/ptolemy/domains/modal/test/auto/Timeout1.xml
----------------- Instantiating /home/travis/build/icyphy/ptII/ptolemy/domains/modal/test/auto/Timeout1.xml
3 ms. Memory: 872448K Free: 728325K (83%)
----------------- Invoking toplevel() on ptolemy.moml.MoMLSimpleApplication@90cb09f
----------------- Done invoking toplevel() on ptolemy.moml.MoMLSimpleApplication@90cb09f
reloadAllAccessors: .Timeout1

===========================================================================================
----------------- testing Thu Aug 16 01:58:59 UTC 2018 /home/travis/build/icyphy/ptII/ptolemy/domains/modal/test/auto/Timeout2.xml
----------------- Instantiating /home/travis/build/icyphy/ptII/ptolemy/domains/modal/test/auto/Timeout2.xml
6 ms. Memory: 872448K Free: 712673K (82%)
----------------- Invoking toplevel() on ptolemy.moml.MoMLSimpleApplication@10f1faa1
----------------- Done invoking toplevel() on ptolemy.moml.MoMLSimpleApplication@10f1faa1
reloadAllAccessors: .Timeout2

===========================================================================================
----------------- testing Thu Aug 16 01:58:59 UTC 2018 /home/travis/build/icyphy/ptII/ptolemy/domains/modal/test/auto/Timeout3.xml
----------------- Instantiating /home/travis/build/icyphy/ptII/ptolemy/domains/modal/test/auto/Timeout3.xml
5 ms. Memory: 872448K Free: 702249K (80%)
----------------- Invoking toplevel() on ptolemy.moml.MoMLSimpleApplication@37e12955
----------------- Done invoking toplevel() on ptolemy.moml.MoMLSimpleApplication@37e12955
reloadAllAccessors: .Timeout3

===========================================================================================
----------------- testing Thu Aug 16 01:58:59 UTC 2018 /home/travis/build/icyphy/ptII/ptolemy/domains/modal/test/auto/Timeout4.xml
----------------- Instantiating /home/travis/build/icyphy/ptII/ptolemy/domains/modal/test/auto/Timeout4.xml
2 ms. Memory: 872448K Free: 689954K (79%)
----------------- Invoking toplevel() on ptolemy.moml.MoMLSimpleApplication@6299b035
----------------- Done invoking toplevel() on ptolemy.moml.MoMLSimpleApplication@6299b035
reloadAllAccessors: .Timeout4

===========================================================================================
----------------- testing Thu Aug 16 01:58:59 UTC 2018 /home/travis/build/icyphy/ptII/ptolemy/domains/modal/test/auto/TransientstateModelAdvanced.xml
----------------- Instantiating /home/travis/build/icyphy/ptII/ptolemy/domains/modal/test/auto/TransientstateModelAdvanced.xml
3 ms. Memory: 872448K Free: 669105K (77%)
----------------- Invoking toplevel() on ptolemy.moml.MoMLSimpleApplication@466a6b6a
----------------- Done invoking toplevel() on ptolemy.moml.MoMLSimpleApplication@466a6b6a
reloadAllAccessors: .TransientstateModelAdvanced

===========================================================================================
----------------- testing Thu Aug 16 01:58:59 UTC 2018 /home/travis/build/icyphy/ptII/ptolemy/domains/modal/test/auto/TransientstateModelAdvanced2.xml
----------------- Instantiating /home/travis/build/icyphy/ptII/ptolemy/domains/modal/test/auto/TransientstateModelAdvanced2.xml
3 ms. Memory: 872448K Free: 646377K (74%)
----------------- Invoking toplevel() on ptolemy.moml.MoMLSimpleApplication@77f98dc8
----------------- Done invoking toplevel() on ptolemy.moml.MoMLSimpleApplication@77f98dc8
reloadAllAccessors: .transientstatemodelAdvanced

===========================================================================================
----------------- testing Thu Aug 16 01:58:59 UTC 2018 /home/travis/build/icyphy/ptII/ptolemy/domains/modal/test/auto/TransitionRefinements.xml
----------------- Instantiating /home/travis/build/icyphy/ptII/ptolemy/domains/modal/test/auto/TransitionRefinements.xml
10 ms. Memory: 872448K Free: 630733K (72%)
----------------- Invoking toplevel() on ptolemy.moml.MoMLSimpleApplication@38f1869d
----------------- Done invoking toplevel() on ptolemy.moml.MoMLSimpleApplication@38f1869d
reloadAllAccessors: .TransitionRefinements

===========================================================================================
----------------- testing Thu Aug 16 01:58:59 UTC 2018 /home/travis/build/icyphy/ptII/ptolemy/domains/modal/test/auto/TwoRefinements1.xml
----------------- Instantiating /home/travis/build/icyphy/ptII/ptolemy/domains/modal/test/auto/TwoRefinements1.xml
2 ms. Memory: 872448K Free: 613209K (70%)
----------------- Invoking toplevel() on ptolemy.moml.MoMLSimpleApplication@438067fa
----------------- Done invoking toplevel() on ptolemy.moml.MoMLSimpleApplication@438067fa
reloadAllAccessors: .TwoRefinements1

===========================================================================================
----------------- testing Thu Aug 16 01:58:59 UTC 2018 /home/travis/build/icyphy/ptII/ptolemy/domains/modal/test/auto/TwoRefinements2.xml
----------------- Instantiating /home/travis/build/icyphy/ptII/ptolemy/domains/modal/test/auto/TwoRefinements2.xml
2 ms. Memory: 872448K Free: 597557K (68%)
----------------- Invoking toplevel() on ptolemy.moml.MoMLSimpleApplication@5f696ccd
----------------- Done invoking toplevel() on ptolemy.moml.MoMLSimpleApplication@5f696ccd
reloadAllAccessors: .TwoRefinements2

===========================================================================================
----------------- testing Thu Aug 16 01:58:59 UTC 2018 /home/travis/build/icyphy/ptII/ptolemy/domains/modal/test/auto/WeakImmediateTransition.xml
----------------- Instantiating /home/travis/build/icyphy/ptII/ptolemy/domains/modal/test/auto/WeakImmediateTransition.xml
2 ms. Memory: 872448K Free: 580033K (66%)
----------------- Invoking toplevel() on ptolemy.moml.MoMLSimpleApplication@3ab3479f
----------------- Done invoking toplevel() on ptolemy.moml.MoMLSimpleApplication@3ab3479f
reloadAllAccessors: .WeakImmediateTransition

===========================================================================================
----------------- testing Thu Aug 16 01:59:00 UTC 2018 /home/travis/build/icyphy/ptII/ptolemy/domains/modal/test/auto/booleanSelect.xml
----------------- Instantiating /home/travis/build/icyphy/ptII/ptolemy/domains/modal/test/auto/booleanSelect.xml
35 ms. Memory: 872448K Free: 553957K (63%)
----------------- Invoking toplevel() on ptolemy.moml.MoMLSimpleApplication@63fda949
----------------- Done invoking toplevel() on ptolemy.moml.MoMLSimpleApplication@63fda949
reloadAllAccessors: .booleanSelect

===========================================================================================
----------------- testing Thu Aug 16 01:59:00 UTC 2018 /home/travis/build/icyphy/ptII/ptolemy/domains/modal/test/auto/modalChangingParams.xml
----------------- Instantiating /home/travis/build/icyphy/ptII/ptolemy/domains/modal/test/auto/modalChangingParams.xml
0
1
0
2
4
6
8
7
0
2
4
6
8
13
0
2
4
6
8
19
0
2
4
6
8
25
0
2
4
6
8
31
0
2
4
6
8
37
0
2
4
6
8
43
0
2
4
6
8
49
0
2
4
6
8
55
0
2
4
6
8
61
0
2
4
6
8
67
0
2
4
6
8
73
0
2
4
6
8
79
0
2
4
6
8
85
0
2
4
6
8
91
0
2
4
6
8
97
0
2
4
6
8
103
0
2
4
6
8
109
0
2
4
6
8
115
0
2
4
6
8
121
0
2
4
6
8
127
0
2
4
6
8
133
0
2
4
6
8
139
0
2
4
6
8
145
0
2
4
6
8
151
0
2
4
6
8
157
0
2
4
6
8
163
0
2
4
6
8
169
0
2
4
6
8
175
0
2
4
6
8
181
0
2
4
6
8
187
0
2
4
6
8
193
0
2
4
6
8
199
0
2
4
6
8
205
0
2
4
6
8
211
0
2
4
6
8
217
0
2
4
6
8
223
0
2
4
6
8
229
0
2
4
6
8
235
0
2
4
6
8
241
0
2
4
6
8
247
0
2
4
6
8
253
0
2
4
6
8
259
0
2
4
6
8
265
0
2
4
6
8
271
0
2
4
6
8
277
0
2
4
6
8
283
0
2
4
6
8
289
0
2
4
6
8
295
0
2
4
6
8
301
0
2
4
6
8
307
0
2
4
6
8
313
0
2
4
6
8
319
0
2
4
6
8
325
0
2
4
6
8
331
0
2
4
6
8
337
0
2
4
6
8
343
0
2
4
6
8
349
0
2
4
6
8
355
0
2
4
6
8
361
0
2
4
6
8
367
0
2
4
6
8
373
0
2
4
6
8
379
0
2
4
6
8
385
0
2
4
6
8
391
0
2
4
6
8
397
0
2
4
6
8
403
0
2
4
6
8
409
0
2
4
6
8
415
0
2
4
6
8
421
0
2
4
6
8
427
0
2
4
6
8
433
0
2
4
6
8
439
0
2
4
6
8
445
0
2
4
6
8
451
0
2
4
6
8
457
0
2
4
6
8
463
0
2
4
6
8
469
0
2
4
6
8
475
0
2
4
6
8
481
0
2
4
6
8
487
0
2
4
6
8
493
0
2
4
6
8
499
0
2
4
6
8
505
0
2
4
6
8
511
0
2
4
6
8
517
0
2
4
6
8
523
0
2
4
6
8
529
0
2
4
6
8
535
0
2
4
6
8
541
0
2
4
6
8
547
0
2
4
6
8
553
0
2
4
6
8
559
0
2
4
6
8
565
0
2
4
6
8
571
0
2
4
6
8
577
0
2
4
6
8
583
0
2
4
6
8
589
0
2
4
6
8
595
0
2
4
6
8
601
0
2
4
6
8
607
0
2
4
6
8
613
0
2
4
6
8
619
0
2
4
6
8
625
0
2
4
6
8
631
0
2
4
6
8
637
0
2
4
6
8
643
0
2
4
6
8
649
0
2
4
6
8
655
0
2
4
6
8
661
0
2
4
6
8
667
0
2
4
6
8
673
0
2
4
6
8
679
0
2
4
6
8
685
0
2
4
6
8
691
0
2
4
6
8
697
0
2
4
6
8
703
0
2
4
6
8
709
0
2
4
6
8
715
0
2
4
6
8
721
0
2
4
6
8
727
0
2
4
6
8
733
0
2
4
6
8
739
0
2
4
6
8
745
0
2
4
6
8
751
0
2
4
6
8
757
0
2
4
6
8
763
0
2
4
6
8
769
0
2
4
6
8
775
0
2
4
6
8
781
0
2
4
6
8
787
0
2
4
6
8
793
0
2
4
6
8
799
0
2
4
6
8
805
0
2
4
6
8
811
0
2
4
6
8
817
0
2
4
6
8
823
0
2
4
6
8
829
0
2
4
6
8
835
0
2
4
6
8
841
0
2
4
6
8
847
0
2
4
6
8
853
0
2
4
6
8
859
0
2
4
6
8
865
0
2
4
6
8
871
0
2
4
6
8
877
0
2
4
6
8
883
0
2
4
6
8
889
0
2
4
6
8
895
0
2
4
6
8
901
0
2
4
6
8
907
0
2
4
6
8
913
0
2
4
6
8
919
0
2
4
6
8
925
0
2
4
6
8
931
0
2
4
6
8
937
0
2
4
6
8
943
0
2
4
6
8
949
0
2
4
6
8
955
0
2
4
6
8
961
0
2
4
6
8
967
0
2
4
6
8
973
0
2
4
6
8
979
0
2
4
6
8
985
0
2
4
6
8
991
0
2
4
6
8
997
0
2
243 ms. Memory: 872448K Free: 437217K (50%)
----------------- Invoking toplevel() on ptolemy.moml.MoMLSimpleApplication@38aa7ac3
----------------- Done invoking toplevel() on ptolemy.moml.MoMLSimpleApplication@38aa7ac3
reloadAllAccessors: .modalChangingParams

===========================================================================================
----------------- testing Thu Aug 16 01:59:00 UTC 2018 /home/travis/build/icyphy/ptII/ptolemy/domains/modal/test/auto/modalModel.xml
----------------- Instantiating /home/travis/build/icyphy/ptII/ptolemy/domains/modal/test/auto/modalModel.xml
12 ms. Memory: 872448K Free: 421573K (48%)
----------------- Invoking toplevel() on ptolemy.moml.MoMLSimpleApplication@7142f09f
----------------- Done invoking toplevel() on ptolemy.moml.MoMLSimpleApplication@7142f09f
reloadAllAccessors: .modalModel

===========================================================================================
----------------- testing Thu Aug 16 01:59:00 UTC 2018 /home/travis/build/icyphy/ptII/ptolemy/domains/modal/test/auto/modalModel2.xml
----------------- Instantiating /home/travis/build/icyphy/ptII/ptolemy/domains/modal/test/auto/modalModel2.xml
6 ms. Memory: 872448K Free: 404050K (46%)
----------------- Invoking toplevel() on ptolemy.moml.MoMLSimpleApplication@77b789d0
----------------- Done invoking toplevel() on ptolemy.moml.MoMLSimpleApplication@77b789d0
reloadAllAccessors: .modalModel2

===========================================================================================
----------------- testing Thu Aug 16 01:59:00 UTC 2018 /home/travis/build/icyphy/ptII/ptolemy/domains/modal/test/auto/modalModel3.xml
----------------- Instantiating /home/travis/build/icyphy/ptII/ptolemy/domains/modal/test/auto/modalModel3.xml
0	0	0
3	2	1
6	4	2
9	6	3
4	0	4
7	2	5
10	4	6
13	6	7
8	0	8
11	2	9
14	4	10
17	6	11
12	0	12
15	2	13
18	4	14
13 ms. Memory: 872448K Free: 383193K (44%)
----------------- Invoking toplevel() on ptolemy.moml.MoMLSimpleApplication@13e712dc
----------------- Done invoking toplevel() on ptolemy.moml.MoMLSimpleApplication@13e712dc
reloadAllAccessors: .modalModel3

===========================================================================================
----------------- testing Thu Aug 16 01:59:00 UTC 2018 /home/travis/build/icyphy/ptII/ptolemy/domains/modal/test/auto/model1.xml
----------------- Instantiating /home/travis/build/icyphy/ptII/ptolemy/domains/modal/test/auto/model1.xml
11 ms. Memory: 872448K Free: 370898K (43%)
----------------- Invoking toplevel() on ptolemy.moml.MoMLSimpleApplication@47b5c10c
----------------- Done invoking toplevel() on ptolemy.moml.MoMLSimpleApplication@47b5c10c
reloadAllAccessors: .model1

===========================================================================================
----------------- testing Thu Aug 16 01:59:00 UTC 2018 /home/travis/build/icyphy/ptII/ptolemy/domains/modal/test/auto/test-direct-in-out.xml
----------------- Instantiating /home/travis/build/icyphy/ptII/ptolemy/domains/modal/test/auto/test-direct-in-out.xml
5 ms. Memory: 872448K Free: 355245K (41%)
----------------- Invoking toplevel() on ptolemy.moml.MoMLSimpleApplication@241c822
----------------- Done invoking toplevel() on ptolemy.moml.MoMLSimpleApplication@241c822
reloadAllAccessors: .test-direct-in-out
AutoTests.java: About to close Vertx.
AutoTests.java: Vertx closed.
]]></system-out>
  <system-err><![CDATA[java.lang.RuntimeException: Execution failed
	at ptolemy.moml.MoMLSimpleApplication$UnloadThread.run(MoMLSimpleApplication.java:402)
Caused by: ptolemy.kernel.util.IllegalActionException: Unknown inputs remain. Possible causality loop:
L_model_1893289564i

  in .CannotAnalysisWithPreemption.model_1893289564_region_1 and .CannotAnalysisWithPreemption.model_1893289564_region_1.L_model_1893289564i
	at ptolemy.actor.sched.FixedPointDirector.postfire(FixedPointDirector.java:515)
	at ptolemy.domains.sr.kernel.SRDirector.postfire(SRDirector.java:417)
	at ptolemy.actor.CompositeActor.postfire(CompositeActor.java:1668)
	at ptolemy.actor.Manager.iterate(Manager.java:852)
	at ptolemy.actor.Manager.execute(Manager.java:369)
	at ptolemy.actor.Manager.run(Manager.java:1263)
	at ptolemy.actor.Manager$PtolemyRunThread.run(Manager.java:1915)
java.lang.reflect.InvocationTargetException
	at sun.reflect.NativeConstructorAccessorImpl.newInstance0(Native Method)
	at sun.reflect.NativeConstructorAccessorImpl.newInstance(NativeConstructorAccessorImpl.java:62)
	at sun.reflect.DelegatingConstructorAccessorImpl.newInstance(DelegatingConstructorAccessorImpl.java:45)
	at java.lang.reflect.Constructor.newInstance(Constructor.java:423)
	at ptolemy.util.test.junit.AutoKnownFailedTests.RunModel(AutoKnownFailedTests.java:107)
	at sun.reflect.NativeMethodAccessorImpl.invoke0(Native Method)
	at sun.reflect.NativeMethodAccessorImpl.invoke(NativeMethodAccessorImpl.java:62)
	at sun.reflect.DelegatingMethodAccessorImpl.invoke(DelegatingMethodAccessorImpl.java:43)
	at java.lang.reflect.Method.invoke(Method.java:498)
	at org.junit.runners.model.FrameworkMethod$1.runReflectiveCall(FrameworkMethod.java:44)
	at org.junit.internal.runners.model.ReflectiveCallable.run(ReflectiveCallable.java:15)
	at org.junit.runners.model.FrameworkMethod.invokeExplosively(FrameworkMethod.java:41)
	at junitparams.internal.InvokeParameterisedMethod.evaluate(InvokeParameterisedMethod.java:102)
	at org.junit.internal.runners.statements.FailOnTimeout$1.run(FailOnTimeout.java:28)
Caused by: ptolemy.kernel.util.IllegalActionException: Unknown inputs remain. Possible causality loop:
L_model_1893289564i

  in .CannotAnalysisWithPreemption.model_1893289564_region_1 and .CannotAnalysisWithPreemption.model_1893289564_region_1.L_model_1893289564i
	at ptolemy.actor.sched.FixedPointDirector.postfire(FixedPointDirector.java:515)
	at ptolemy.domains.sr.kernel.SRDirector.postfire(SRDirector.java:417)
	at ptolemy.actor.CompositeActor.postfire(CompositeActor.java:1668)
	at ptolemy.actor.Manager.iterate(Manager.java:852)
	at ptolemy.actor.Manager.execute(Manager.java:369)
	at ptolemy.actor.Manager.run(Manager.java:1263)
	at ptolemy.actor.Manager$PtolemyRunThread.run(Manager.java:1915)
]]></system-err>
</testsuite>
