<?xml version="1.0" encoding="UTF-8" ?>
<testsuite errors="0" failures="0" hostname="travis-job-d9c837ea-0892-4c06-9463-17dd52addf1d" name="ptolemy.domains.sdf.lib.test.junit.JUnitTclTest" skipped="0" tests="82" time="8.473" timestamp="2020-01-05T06:55:11">
  <properties>
[...]
</properties>
  <testcase classname="ptolemy.util.test.junit.TclTests" name="[0] /home/travis/build/icyphy/ptII/ptolemy/domains/sdf/lib/test/ArrayToSequence.tcl (RunTclFile)" time="0.576" />
  <testcase classname="ptolemy.util.test.junit.TclTests" name="[1] /home/travis/build/icyphy/ptII/ptolemy/domains/sdf/lib/test/BitsToInt.tcl (RunTclFile)" time="0.062" />
  <testcase classname="ptolemy.util.test.junit.TclTests" name="[2] /home/travis/build/icyphy/ptII/ptolemy/domains/sdf/lib/test/DelayLine.tcl (RunTclFile)" time="0.038" />
  <testcase classname="ptolemy.util.test.junit.TclTests" name="[3] /home/travis/build/icyphy/ptII/ptolemy/domains/sdf/lib/test/FFT.tcl (RunTclFile)" time="0.035" />
  <testcase classname="ptolemy.util.test.junit.TclTests" name="[4] /home/travis/build/icyphy/ptII/ptolemy/domains/sdf/lib/test/FIR.tcl (RunTclFile)" time="0.188" />
  <testcase classname="ptolemy.util.test.junit.TclTests" name="[5] /home/travis/build/icyphy/ptII/ptolemy/domains/sdf/lib/test/IntToBits.tcl (RunTclFile)" time="0.051" />
  <testcase classname="ptolemy.util.test.junit.TclTests" name="[6] /home/travis/build/icyphy/ptII/ptolemy/domains/sdf/lib/test/MaximumEntropySpectrum.tcl (RunTclFile)" time="0.342" />
  <testcase classname="ptolemy.util.test.junit.TclTests" name="[7] /home/travis/build/icyphy/ptII/ptolemy/domains/sdf/lib/test/Repeat.tcl (RunTclFile)" time="0.036" />
  <testcase classname="ptolemy.util.test.junit.TclTests" name="[8] /home/travis/build/icyphy/ptII/ptolemy/domains/sdf/lib/test/SampleDelay.tcl (RunTclFile)" time="0.08" />
  <testcase classname="ptolemy.util.test.junit.TclTests" name="[9] /home/travis/build/icyphy/ptII/ptolemy/domains/sdf/lib/test/SequenceToArray.tcl (RunTclFile)" time="0.057" />
  <testcase classname="ptolemy.util.test.junit.AutoKnownFailedTests" name="[0] ThereAreNoKnowFailedTests (RunModel)" time="0.002" />
  <testcase classname="ptolemy.util.test.junit.AutoNameArchTests" name="[0] ThereAreNoAutoArchTests (RunModel)" time="0.002" />
  <testcase classname="ptolemy.util.test.junit.AutoTests" name="[0] /home/travis/build/icyphy/ptII/ptolemy/domains/sdf/lib/test/auto/ArrayToSequence.xml (RunModel)" time="0.239" />
  <testcase classname="ptolemy.util.test.junit.AutoTests" name="[1] /home/travis/build/icyphy/ptII/ptolemy/domains/sdf/lib/test/auto/ArrayToSequenceTest.xml (RunModel)" time="0.085" />
  <testcase classname="ptolemy.util.test.junit.AutoTests" name="[2] /home/travis/build/icyphy/ptII/ptolemy/domains/sdf/lib/test/auto/Autocorrelation.xml (RunModel)" time="0.066" />
  <testcase classname="ptolemy.util.test.junit.AutoTests" name="[3] /home/travis/build/icyphy/ptII/ptolemy/domains/sdf/lib/test/auto/Autocorrelation2.xml (RunModel)" time="0.036" />
  <testcase classname="ptolemy.util.test.junit.AutoTests" name="[4] /home/travis/build/icyphy/ptII/ptolemy/domains/sdf/lib/test/auto/Autocorrelation3.xml (RunModel)" time="0.019" />
  <testcase classname="ptolemy.util.test.junit.AutoTests" name="[5] /home/travis/build/icyphy/ptII/ptolemy/domains/sdf/lib/test/auto/Autocorrelation4.xml (RunModel)" time="0.05" />
  <testcase classname="ptolemy.util.test.junit.AutoTests" name="[6] /home/travis/build/icyphy/ptII/ptolemy/domains/sdf/lib/test/auto/Autocorrelation5.xml (RunModel)" time="0.12" />
  <testcase classname="ptolemy.util.test.junit.AutoTests" name="[7] /home/travis/build/icyphy/ptII/ptolemy/domains/sdf/lib/test/auto/BitsToInt.xml (RunModel)" time="0.027" />
  <testcase classname="ptolemy.util.test.junit.AutoTests" name="[8] /home/travis/build/icyphy/ptII/ptolemy/domains/sdf/lib/test/auto/BooleanJoin.xml (RunModel)" time="0.044" />
  <testcase classname="ptolemy.util.test.junit.AutoTests" name="[9] /home/travis/build/icyphy/ptII/ptolemy/domains/sdf/lib/test/auto/BootstrapSampleDelay.xml (RunModel)" time="0.044" />
  <testcase classname="ptolemy.util.test.junit.AutoTests" name="[10] /home/travis/build/icyphy/ptII/ptolemy/domains/sdf/lib/test/auto/Chop.xml (RunModel)" time="0.038" />
  <testcase classname="ptolemy.util.test.junit.AutoTests" name="[11] /home/travis/build/icyphy/ptII/ptolemy/domains/sdf/lib/test/auto/Chop2.xml (RunModel)" time="0.048" />
  <testcase classname="ptolemy.util.test.junit.AutoTests" name="[12] /home/travis/build/icyphy/ptII/ptolemy/domains/sdf/lib/test/auto/ComplexJoin.xml (RunModel)" time="0.056" />
  <testcase classname="ptolemy.util.test.junit.AutoTests" name="[13] /home/travis/build/icyphy/ptII/ptolemy/domains/sdf/lib/test/auto/CountTrues.xml (RunModel)" time="0.029" />
  <testcase classname="ptolemy.util.test.junit.AutoTests" name="[14] /home/travis/build/icyphy/ptII/ptolemy/domains/sdf/lib/test/auto/DelayLine.xml (RunModel)" time="0.034" />
  <testcase classname="ptolemy.util.test.junit.AutoTests" name="[15] /home/travis/build/icyphy/ptII/ptolemy/domains/sdf/lib/test/auto/DotProduct.xml (RunModel)" time="0.028" />
  <testcase classname="ptolemy.util.test.junit.AutoTests" name="[16] /home/travis/build/icyphy/ptII/ptolemy/domains/sdf/lib/test/auto/DotProductMatrix.xml (RunModel)" time="0.018" />
  <testcase classname="ptolemy.util.test.junit.AutoTests" name="[17] /home/travis/build/icyphy/ptII/ptolemy/domains/sdf/lib/test/auto/DownSample1.xml (RunModel)" time="0.025" />
  <testcase classname="ptolemy.util.test.junit.AutoTests" name="[18] /home/travis/build/icyphy/ptII/ptolemy/domains/sdf/lib/test/auto/DynamicRateChange.xml (RunModel)" time="0.051" />
  <testcase classname="ptolemy.util.test.junit.AutoTests" name="[19] /home/travis/build/icyphy/ptII/ptolemy/domains/sdf/lib/test/auto/DynamicRates.xml (RunModel)" time="0.049" />
  <testcase classname="ptolemy.util.test.junit.AutoTests" name="[20] /home/travis/build/icyphy/ptII/ptolemy/domains/sdf/lib/test/auto/FFT1.xml (RunModel)" time="0.05" />
  <testcase classname="ptolemy.util.test.junit.AutoTests" name="[21] /home/travis/build/icyphy/ptII/ptolemy/domains/sdf/lib/test/auto/FIR1.xml (RunModel)" time="0.047" />
  <testcase classname="ptolemy.util.test.junit.AutoTests" name="[22] /home/travis/build/icyphy/ptII/ptolemy/domains/sdf/lib/test/auto/FIR2.xml (RunModel)" time="0.018" />
  <testcase classname="ptolemy.util.test.junit.AutoTests" name="[23] /home/travis/build/icyphy/ptII/ptolemy/domains/sdf/lib/test/auto/FIR4.xml (RunModel)" time="0.04" />
  <testcase classname="ptolemy.util.test.junit.AutoTests" name="[24] /home/travis/build/icyphy/ptII/ptolemy/domains/sdf/lib/test/auto/FixJoin.xml (RunModel)" time="0.048" />
  <testcase classname="ptolemy.util.test.junit.AutoTests" name="[25] /home/travis/build/icyphy/ptII/ptolemy/domains/sdf/lib/test/auto/IntJoin1.xml (RunModel)" time="0.033" />
  <testcase classname="ptolemy.util.test.junit.AutoTests" name="[26] /home/travis/build/icyphy/ptII/ptolemy/domains/sdf/lib/test/auto/IntJoin2.xml (RunModel)" time="0.024" />
  <testcase classname="ptolemy.util.test.junit.AutoTests" name="[27] /home/travis/build/icyphy/ptII/ptolemy/domains/sdf/lib/test/auto/IntJoin3.xml (RunModel)" time="0.024" />
  <testcase classname="ptolemy.util.test.junit.AutoTests" name="[28] /home/travis/build/icyphy/ptII/ptolemy/domains/sdf/lib/test/auto/IntJoin4.xml (RunModel)" time="0.027" />
  <testcase classname="ptolemy.util.test.junit.AutoTests" name="[29] /home/travis/build/icyphy/ptII/ptolemy/domains/sdf/lib/test/auto/IntJoin5.xml (RunModel)" time="0.031" />
  <testcase classname="ptolemy.util.test.junit.AutoTests" name="[30] /home/travis/build/icyphy/ptII/ptolemy/domains/sdf/lib/test/auto/IntToBits.xml (RunModel)" time="0.026" />
  <testcase classname="ptolemy.util.test.junit.AutoTests" name="[31] /home/travis/build/icyphy/ptII/ptolemy/domains/sdf/lib/test/auto/LMSAdaptive.xml (RunModel)" time="0.068" />
  <testcase classname="ptolemy.util.test.junit.AutoTests" name="[32] /home/travis/build/icyphy/ptII/ptolemy/domains/sdf/lib/test/auto/LMSAdaptiveFIR.xml (RunModel)" time="0.406" />
  <testcase classname="ptolemy.util.test.junit.AutoTests" name="[33] /home/travis/build/icyphy/ptII/ptolemy/domains/sdf/lib/test/auto/LMSAdaptiveFIR2.xml (RunModel)" time="0.469" />
  <testcase classname="ptolemy.util.test.junit.AutoTests" name="[34] /home/travis/build/icyphy/ptII/ptolemy/domains/sdf/lib/test/auto/LongJoin.xml (RunModel)" time="0.029" />
  <testcase classname="ptolemy.util.test.junit.AutoTests" name="[35] /home/travis/build/icyphy/ptII/ptolemy/domains/sdf/lib/test/auto/Matrix1.xml (RunModel)" time="0.041" />
  <testcase classname="ptolemy.util.test.junit.AutoTests" name="[36] /home/travis/build/icyphy/ptII/ptolemy/domains/sdf/lib/test/auto/Matrix2.xml (RunModel)" time="0.032" />
  <testcase classname="ptolemy.util.test.junit.AutoTests" name="[37] /home/travis/build/icyphy/ptII/ptolemy/domains/sdf/lib/test/auto/MatrixJoin1.xml (RunModel)" time="0.034" />
  <testcase classname="ptolemy.util.test.junit.AutoTests" name="[38] /home/travis/build/icyphy/ptII/ptolemy/domains/sdf/lib/test/auto/MatrixJoin2.xml (RunModel)" time="0.022" />
  <testcase classname="ptolemy.util.test.junit.AutoTests" name="[39] /home/travis/build/icyphy/ptII/ptolemy/domains/sdf/lib/test/auto/MatrixJoin3.xml (RunModel)" time="0.022" />
  <testcase classname="ptolemy.util.test.junit.AutoTests" name="[40] /home/travis/build/icyphy/ptII/ptolemy/domains/sdf/lib/test/auto/MatrixJoin4.xml (RunModel)" time="0.026" />
  <testcase classname="ptolemy.util.test.junit.AutoTests" name="[41] /home/travis/build/icyphy/ptII/ptolemy/domains/sdf/lib/test/auto/MatrixJoin5.xml (RunModel)" time="0.016" />
  <testcase classname="ptolemy.util.test.junit.AutoTests" name="[42] /home/travis/build/icyphy/ptII/ptolemy/domains/sdf/lib/test/auto/MatrixSplit1.xml (RunModel)" time="0.025" />
  <testcase classname="ptolemy.util.test.junit.AutoTests" name="[43] /home/travis/build/icyphy/ptII/ptolemy/domains/sdf/lib/test/auto/MatrixSplit10.xml (RunModel)" time="0.014" />
  <testcase classname="ptolemy.util.test.junit.AutoTests" name="[44] /home/travis/build/icyphy/ptII/ptolemy/domains/sdf/lib/test/auto/MatrixSplit11.xml (RunModel)" time="0.013" />
  <testcase classname="ptolemy.util.test.junit.AutoTests" name="[45] /home/travis/build/icyphy/ptII/ptolemy/domains/sdf/lib/test/auto/MatrixSplit12.xml (RunModel)" time="0.018" />
  <testcase classname="ptolemy.util.test.junit.AutoTests" name="[46] /home/travis/build/icyphy/ptII/ptolemy/domains/sdf/lib/test/auto/MatrixSplit13.xml (RunModel)" time="0.023" />
  <testcase classname="ptolemy.util.test.junit.AutoTests" name="[47] /home/travis/build/icyphy/ptII/ptolemy/domains/sdf/lib/test/auto/MatrixSplit14.xml (RunModel)" time="0.011" />
  <testcase classname="ptolemy.util.test.junit.AutoTests" name="[48] /home/travis/build/icyphy/ptII/ptolemy/domains/sdf/lib/test/auto/MatrixSplit2.xml (RunModel)" time="0.013" />
  <testcase classname="ptolemy.util.test.junit.AutoTests" name="[49] /home/travis/build/icyphy/ptII/ptolemy/domains/sdf/lib/test/auto/MatrixSplit3.xml (RunModel)" time="0.015" />
  <testcase classname="ptolemy.util.test.junit.AutoTests" name="[50] /home/travis/build/icyphy/ptII/ptolemy/domains/sdf/lib/test/auto/MatrixSplit4.xml (RunModel)" time="0.013" />
  <testcase classname="ptolemy.util.test.junit.AutoTests" name="[51] /home/travis/build/icyphy/ptII/ptolemy/domains/sdf/lib/test/auto/MatrixSplit5.xml (RunModel)" time="0.02" />
  <testcase classname="ptolemy.util.test.junit.AutoTests" name="[52] /home/travis/build/icyphy/ptII/ptolemy/domains/sdf/lib/test/auto/MatrixSplit6.xml (RunModel)" time="0.012" />
  <testcase classname="ptolemy.util.test.junit.AutoTests" name="[53] /home/travis/build/icyphy/ptII/ptolemy/domains/sdf/lib/test/auto/MatrixSplit7.xml (RunModel)" time="0.013" />
  <testcase classname="ptolemy.util.test.junit.AutoTests" name="[54] /home/travis/build/icyphy/ptII/ptolemy/domains/sdf/lib/test/auto/MatrixSplit8.xml (RunModel)" time="0.014" />
  <testcase classname="ptolemy.util.test.junit.AutoTests" name="[55] /home/travis/build/icyphy/ptII/ptolemy/domains/sdf/lib/test/auto/MatrixSplit9.xml (RunModel)" time="0.025" />
  <testcase classname="ptolemy.util.test.junit.AutoTests" name="[56] /home/travis/build/icyphy/ptII/ptolemy/domains/sdf/lib/test/auto/MatrixToSequence.xml (RunModel)" time="0.038" />
  <testcase classname="ptolemy.util.test.junit.AutoTests" name="[57] /home/travis/build/icyphy/ptII/ptolemy/domains/sdf/lib/test/auto/MaximumEntropySpectrum.xml (RunModel)" time="0.093" />
  <testcase classname="ptolemy.util.test.junit.AutoTests" name="[58] /home/travis/build/icyphy/ptII/ptolemy/domains/sdf/lib/test/auto/SampleDelayConversion.xml (RunModel)" time="0.016" />
  <testcase classname="ptolemy.util.test.junit.AutoTests" name="[59] /home/travis/build/icyphy/ptII/ptolemy/domains/sdf/lib/test/auto/SequenceToArray.xml (RunModel)" time="0.044" />
  <testcase classname="ptolemy.util.test.junit.AutoTests" name="[60] /home/travis/build/icyphy/ptII/ptolemy/domains/sdf/lib/test/auto/SequenceToMatrix.xml (RunModel)" time="3.147" />
  <testcase classname="ptolemy.util.test.junit.AutoTests" name="[61] /home/travis/build/icyphy/ptII/ptolemy/domains/sdf/lib/test/auto/SmoothedPeriodogram.xml (RunModel)" time="0.055" />
  <testcase classname="ptolemy.util.test.junit.AutoTests" name="[62] /home/travis/build/icyphy/ptII/ptolemy/domains/sdf/lib/test/auto/UpDownSample1.xml (RunModel)" time="0.018" />
  <testcase classname="ptolemy.util.test.junit.AutoTests" name="[63] /home/travis/build/icyphy/ptII/ptolemy/domains/sdf/lib/test/auto/UpSample1.xml (RunModel)" time="0.013" />
  <testcase classname="ptolemy.util.test.junit.AutoTests" name="[64] /home/travis/build/icyphy/ptII/ptolemy/domains/sdf/lib/test/auto/VariableFIR.xml (RunModel)" time="0.015" />
  <testcase classname="ptolemy.util.test.junit.AutoTests" name="[65] /home/travis/build/icyphy/ptII/ptolemy/domains/sdf/lib/test/auto/VariableFIR2.xml (RunModel)" time="0.019" />
  <testcase classname="ptolemy.util.test.junit.AutoTests" name="[66] /home/travis/build/icyphy/ptII/ptolemy/domains/sdf/lib/test/auto/VariableLattice.xml (RunModel)" time="0.022" />
  <testcase classname="ptolemy.util.test.junit.AutoTests" name="[67] /home/travis/build/icyphy/ptII/ptolemy/domains/sdf/lib/test/auto/VariableLattice2.xml (RunModel)" time="0.018" />
  <testcase classname="ptolemy.util.test.junit.AutoTests" name="[68] /home/travis/build/icyphy/ptII/ptolemy/domains/sdf/lib/test/auto/VariableRecursiveLattice.xml (RunModel)" time="0.012" />
  <testcase classname="ptolemy.util.test.junit.AutoTests" name="[69] /home/travis/build/icyphy/ptII/ptolemy/domains/sdf/lib/test/auto/VariableRecursiveLattice2.xml (RunModel)" time="0.014" />
  <system-out><![CDATA[/home/travis/build/icyphy/ptII/ptolemy/domains/sdf/lib/test/ArrayToSequence.tcl
testDefs.tcl: setting time out to 9000 seconds at Sun Jan 05 06:55:11 UTC 2020
91 ms. Memory: 129024K Free: 94152K (73%)
16 ms. Memory: 129024K Free: 92104K (71%)
19 ms. Memory: 129024K Free: 90056K (70%)
15 ms. Memory: 129024K Free: 88518K (69%)
/home/travis/build/icyphy/ptII/ptolemy/domains/sdf/lib/test/BitsToInt.tcl
21 ms. Memory: 129024K Free: 86984K (67%)
15 ms. Memory: 129024K Free: 84936K (66%)
/home/travis/build/icyphy/ptII/ptolemy/domains/sdf/lib/test/DelayLine.tcl
15 ms. Memory: 129024K Free: 83367K (65%)
/home/travis/build/icyphy/ptII/ptolemy/domains/sdf/lib/test/FFT.tcl
5 ms. Memory: 129024K Free: 81350K (63%)
/home/travis/build/icyphy/ptII/ptolemy/domains/sdf/lib/test/FIR.tcl
8 ms. Memory: 129024K Free: 79816K (62%)
99 ms. Memory: 129024K Free: 75720K (59%)
ptolemy.kernel.util.IllegalActionException: multiplyReverse method not supported between ptolemy.data.FixToken 'fix(-0.0625,6,2)' and ptolemy.data.IntToken '1' because the types are incomparable.
  in .top.FIRclone
Because:
multiplyReverse method not supported between ptolemy.data.FixToken 'fix(-0.0625,6,2)' and ptolemy.data.IntToken '1' because the types are incomparable.
35 ms. Memory: 129024K Free: 73158K (57%)
/home/travis/build/icyphy/ptII/ptolemy/domains/sdf/lib/test/IntToBits.tcl
10 ms. Memory: 129024K Free: 71624K (56%)
12 ms. Memory: 129024K Free: 70071K (54%)
/home/travis/build/icyphy/ptII/ptolemy/domains/sdf/lib/test/MaximumEntropySpectrum.tcl
/home/travis/build/icyphy/ptII/ptolemy/domains/sdf/lib/test/Repeat.tcl
13 ms. Memory: 129024K Free: 48582K (38%)
/home/travis/build/icyphy/ptII/ptolemy/domains/sdf/lib/test/SampleDelay.tcl
10 ms. Memory: 129024K Free: 113275K (88%)
4 ms. Memory: 129024K Free: 112795K (87%)
8 ms. Memory: 129024K Free: 111771K (87%)
3 ms. Memory: 129024K Free: 111243K (86%)
9 ms. Memory: 129024K Free: 110233K (85%)
1 ms. Memory: 129024K Free: 109966K (85%)
/home/travis/build/icyphy/ptII/ptolemy/domains/sdf/lib/test/SequenceToArray.tcl
12 ms. Memory: 129024K Free: 108179K (84%)
3 ms. Memory: 129024K Free: 107161K (83%)
11 ms. Memory: 129024K Free: 105627K (82%)
7 ms. Memory: 129024K Free: 104603K (81%)
01/05/20 06:55:12
Failed: 0  Total Tests: 41  ((Passed: 41, Newly Passed: 0)  Known Failed: 0) /home/travis/build/icyphy/ptII/ptolemy/domains/sdf/lib/test
No auto/knownFailedTests/*.xml tests in /home/travis/build/icyphy/ptII/ptolemy/domains/sdf/lib/test
No auto/linux-amd64/*.xml tests in /home/travis/build/icyphy/ptII/ptolemy/domains/sdf/lib/test
AutoTests.java: About to close Vertx.
AutoTests.java: Vertx closed.

===========================================================================================
----------------- testing Sun Jan 05 06:55:13 UTC 2020 /home/travis/build/icyphy/ptII/ptolemy/domains/sdf/lib/test/auto/ArrayToSequence.xml
----------------- Instantiating /home/travis/build/icyphy/ptII/ptolemy/domains/sdf/lib/test/auto/ArrayToSequence.xml
37 ms. Memory: 129024K Free: 92937K (72%)
----------------- Invoking toplevel() on ptolemy.moml.MoMLSimpleApplication@3b7ecd2d
----------------- Done invoking toplevel() on ptolemy.moml.MoMLSimpleApplication@3b7ecd2d
reloadAllAccessors: .ArrayToSequence

===========================================================================================
----------------- testing Sun Jan 05 06:55:13 UTC 2020 /home/travis/build/icyphy/ptII/ptolemy/domains/sdf/lib/test/auto/ArrayToSequenceTest.xml
----------------- Instantiating /home/travis/build/icyphy/ptII/ptolemy/domains/sdf/lib/test/auto/ArrayToSequenceTest.xml
21 ms. Memory: 129024K Free: 87378K (68%)
----------------- Invoking toplevel() on ptolemy.moml.MoMLSimpleApplication@4879bece
----------------- Done invoking toplevel() on ptolemy.moml.MoMLSimpleApplication@4879bece
reloadAllAccessors: .ArrayToSequenceTest

===========================================================================================
----------------- testing Sun Jan 05 06:55:13 UTC 2020 /home/travis/build/icyphy/ptII/ptolemy/domains/sdf/lib/test/auto/Autocorrelation.xml
----------------- Instantiating /home/travis/build/icyphy/ptII/ptolemy/domains/sdf/lib/test/auto/Autocorrelation.xml
5 ms. Memory: 129024K Free: 82911K (64%)
----------------- Invoking toplevel() on ptolemy.moml.MoMLSimpleApplication@1318a4bb
----------------- Done invoking toplevel() on ptolemy.moml.MoMLSimpleApplication@1318a4bb
reloadAllAccessors: .Autocorrelation

===========================================================================================
----------------- testing Sun Jan 05 06:55:13 UTC 2020 /home/travis/build/icyphy/ptII/ptolemy/domains/sdf/lib/test/auto/Autocorrelation2.xml
----------------- Instantiating /home/travis/build/icyphy/ptII/ptolemy/domains/sdf/lib/test/auto/Autocorrelation2.xml
4 ms. Memory: 129024K Free: 109924K (85%)
----------------- Invoking toplevel() on ptolemy.moml.MoMLSimpleApplication@37f20901
----------------- Done invoking toplevel() on ptolemy.moml.MoMLSimpleApplication@37f20901
reloadAllAccessors: .Autocorrelation2

===========================================================================================
----------------- testing Sun Jan 05 06:55:13 UTC 2020 /home/travis/build/icyphy/ptII/ptolemy/domains/sdf/lib/test/auto/Autocorrelation3.xml
----------------- Instantiating /home/travis/build/icyphy/ptII/ptolemy/domains/sdf/lib/test/auto/Autocorrelation3.xml
3 ms. Memory: 129024K Free: 105829K (82%)
----------------- Invoking toplevel() on ptolemy.moml.MoMLSimpleApplication@3c2ae879
----------------- Done invoking toplevel() on ptolemy.moml.MoMLSimpleApplication@3c2ae879
reloadAllAccessors: .Autocorrelation3

===========================================================================================
----------------- testing Sun Jan 05 06:55:13 UTC 2020 /home/travis/build/icyphy/ptII/ptolemy/domains/sdf/lib/test/auto/Autocorrelation4.xml
----------------- Instantiating /home/travis/build/icyphy/ptII/ptolemy/domains/sdf/lib/test/auto/Autocorrelation4.xml
12 ms. Memory: 129024K Free: 101739K (79%)
----------------- Invoking toplevel() on ptolemy.moml.MoMLSimpleApplication@4e4513ca
----------------- Done invoking toplevel() on ptolemy.moml.MoMLSimpleApplication@4e4513ca
reloadAllAccessors: .Autocorrelation4

===========================================================================================
----------------- testing Sun Jan 05 06:55:13 UTC 2020 /home/travis/build/icyphy/ptII/ptolemy/domains/sdf/lib/test/auto/Autocorrelation5.xml
----------------- Instantiating /home/travis/build/icyphy/ptII/ptolemy/domains/sdf/lib/test/auto/Autocorrelation5.xml
58 ms. Memory: 129024K Free: 94571K (73%)
----------------- Invoking toplevel() on ptolemy.moml.MoMLSimpleApplication@64f167a1
----------------- Done invoking toplevel() on ptolemy.moml.MoMLSimpleApplication@64f167a1
reloadAllAccessors: .Autocorrelation5

===========================================================================================
----------------- testing Sun Jan 05 06:55:13 UTC 2020 /home/travis/build/icyphy/ptII/ptolemy/domains/sdf/lib/test/auto/BitsToInt.xml
----------------- Instantiating /home/travis/build/icyphy/ptII/ptolemy/domains/sdf/lib/test/auto/BitsToInt.xml
2 ms. Memory: 129024K Free: 91499K (71%)
----------------- Invoking toplevel() on ptolemy.moml.MoMLSimpleApplication@871167b
----------------- Done invoking toplevel() on ptolemy.moml.MoMLSimpleApplication@871167b
reloadAllAccessors: .BitsToInt

===========================================================================================
----------------- testing Sun Jan 05 06:55:13 UTC 2020 /home/travis/build/icyphy/ptII/ptolemy/domains/sdf/lib/test/auto/BooleanJoin.xml
----------------- Instantiating /home/travis/build/icyphy/ptII/ptolemy/domains/sdf/lib/test/auto/BooleanJoin.xml
7 ms. Memory: 129024K Free: 86786K (67%)
----------------- Invoking toplevel() on ptolemy.moml.MoMLSimpleApplication@27618be9
----------------- Done invoking toplevel() on ptolemy.moml.MoMLSimpleApplication@27618be9
reloadAllAccessors: .BooleanJoin

===========================================================================================
----------------- testing Sun Jan 05 06:55:13 UTC 2020 /home/travis/build/icyphy/ptII/ptolemy/domains/sdf/lib/test/auto/BootstrapSampleDelay.xml
----------------- Instantiating /home/travis/build/icyphy/ptII/ptolemy/domains/sdf/lib/test/auto/BootstrapSampleDelay.xml
17 ms. Memory: 129024K Free: 82969K (64%)
----------------- Invoking toplevel() on ptolemy.moml.MoMLSimpleApplication@36dcf1ef
----------------- Done invoking toplevel() on ptolemy.moml.MoMLSimpleApplication@36dcf1ef
reloadAllAccessors: .BootstrapSampleDelay

===========================================================================================
----------------- testing Sun Jan 05 06:55:13 UTC 2020 /home/travis/build/icyphy/ptII/ptolemy/domains/sdf/lib/test/auto/Chop.xml
----------------- Instantiating /home/travis/build/icyphy/ptII/ptolemy/domains/sdf/lib/test/auto/Chop.xml
9 ms. Memory: 129024K Free: 75461K (58%)
----------------- Invoking toplevel() on ptolemy.moml.MoMLSimpleApplication@7e560fdf
----------------- Done invoking toplevel() on ptolemy.moml.MoMLSimpleApplication@7e560fdf
reloadAllAccessors: .Chop

===========================================================================================
----------------- testing Sun Jan 05 06:55:13 UTC 2020 /home/travis/build/icyphy/ptII/ptolemy/domains/sdf/lib/test/auto/Chop2.xml
----------------- Instantiating /home/travis/build/icyphy/ptII/ptolemy/domains/sdf/lib/test/auto/Chop2.xml
6 ms. Memory: 129024K Free: 69348K (54%)
----------------- Invoking toplevel() on ptolemy.moml.MoMLSimpleApplication@60d0a4a9
----------------- Done invoking toplevel() on ptolemy.moml.MoMLSimpleApplication@60d0a4a9
reloadAllAccessors: .Chop2

===========================================================================================
----------------- testing Sun Jan 05 06:55:13 UTC 2020 /home/travis/build/icyphy/ptII/ptolemy/domains/sdf/lib/test/auto/ComplexJoin.xml
----------------- Instantiating /home/travis/build/icyphy/ptII/ptolemy/domains/sdf/lib/test/auto/ComplexJoin.xml
7 ms. Memory: 129024K Free: 109456K (85%)
----------------- Invoking toplevel() on ptolemy.moml.MoMLSimpleApplication@25e81aa7
----------------- Done invoking toplevel() on ptolemy.moml.MoMLSimpleApplication@25e81aa7
reloadAllAccessors: .ComplexJoin

===========================================================================================
----------------- testing Sun Jan 05 06:55:14 UTC 2020 /home/travis/build/icyphy/ptII/ptolemy/domains/sdf/lib/test/auto/CountTrues.xml
----------------- Instantiating /home/travis/build/icyphy/ptII/ptolemy/domains/sdf/lib/test/auto/CountTrues.xml
3 ms. Memory: 129024K Free: 105967K (82%)
----------------- Invoking toplevel() on ptolemy.moml.MoMLSimpleApplication@64217f42
----------------- Done invoking toplevel() on ptolemy.moml.MoMLSimpleApplication@64217f42
reloadAllAccessors: .CountTrues

===========================================================================================
----------------- testing Sun Jan 05 06:55:14 UTC 2020 /home/travis/build/icyphy/ptII/ptolemy/domains/sdf/lib/test/auto/DelayLine.xml
----------------- Instantiating /home/travis/build/icyphy/ptII/ptolemy/domains/sdf/lib/test/auto/DelayLine.xml
8 ms. Memory: 129024K Free: 101264K (78%)
----------------- Invoking toplevel() on ptolemy.moml.MoMLSimpleApplication@2ea93e38
----------------- Done invoking toplevel() on ptolemy.moml.MoMLSimpleApplication@2ea93e38
reloadAllAccessors: .DelayLine

===========================================================================================
----------------- testing Sun Jan 05 06:55:14 UTC 2020 /home/travis/build/icyphy/ptII/ptolemy/domains/sdf/lib/test/auto/DotProduct.xml
----------------- Instantiating /home/travis/build/icyphy/ptII/ptolemy/domains/sdf/lib/test/auto/DotProduct.xml
4 ms. Memory: 129024K Free: 98170K (76%)
----------------- Invoking toplevel() on ptolemy.moml.MoMLSimpleApplication@61c3e4
----------------- Done invoking toplevel() on ptolemy.moml.MoMLSimpleApplication@61c3e4
reloadAllAccessors: .DotProduct

===========================================================================================
----------------- testing Sun Jan 05 06:55:14 UTC 2020 /home/travis/build/icyphy/ptII/ptolemy/domains/sdf/lib/test/auto/DotProductMatrix.xml
----------------- Instantiating /home/travis/build/icyphy/ptII/ptolemy/domains/sdf/lib/test/auto/DotProductMatrix.xml
4 ms. Memory: 129024K Free: 95098K (74%)
----------------- Invoking toplevel() on ptolemy.moml.MoMLSimpleApplication@46ec653e
----------------- Done invoking toplevel() on ptolemy.moml.MoMLSimpleApplication@46ec653e
reloadAllAccessors: .DotProductMatrix

===========================================================================================
----------------- testing Sun Jan 05 06:55:14 UTC 2020 /home/travis/build/icyphy/ptII/ptolemy/domains/sdf/lib/test/auto/DownSample1.xml
----------------- Instantiating /home/travis/build/icyphy/ptII/ptolemy/domains/sdf/lib/test/auto/DownSample1.xml
4 ms. Memory: 129024K Free: 91615K (71%)
----------------- Invoking toplevel() on ptolemy.moml.MoMLSimpleApplication@3e522ce5
----------------- Done invoking toplevel() on ptolemy.moml.MoMLSimpleApplication@3e522ce5
reloadAllAccessors: .DownSample1

===========================================================================================
----------------- testing Sun Jan 05 06:55:14 UTC 2020 /home/travis/build/icyphy/ptII/ptolemy/domains/sdf/lib/test/auto/DynamicRateChange.xml
----------------- Instantiating /home/travis/build/icyphy/ptII/ptolemy/domains/sdf/lib/test/auto/DynamicRateChange.xml
16 ms. Memory: 129024K Free: 85904K (67%)
----------------- Invoking toplevel() on ptolemy.moml.MoMLSimpleApplication@5fd5e909
----------------- Done invoking toplevel() on ptolemy.moml.MoMLSimpleApplication@5fd5e909
reloadAllAccessors: .DynamicRateChange

===========================================================================================
----------------- testing Sun Jan 05 06:55:14 UTC 2020 /home/travis/build/icyphy/ptII/ptolemy/domains/sdf/lib/test/auto/DynamicRates.xml
----------------- Instantiating /home/travis/build/icyphy/ptII/ptolemy/domains/sdf/lib/test/auto/DynamicRates.xml
9 ms. Memory: 129024K Free: 80784K (63%)
----------------- Invoking toplevel() on ptolemy.moml.MoMLSimpleApplication@63afccff
----------------- Done invoking toplevel() on ptolemy.moml.MoMLSimpleApplication@63afccff
reloadAllAccessors: .DynamicRates

===========================================================================================
----------------- testing Sun Jan 05 06:55:14 UTC 2020 /home/travis/build/icyphy/ptII/ptolemy/domains/sdf/lib/test/auto/FFT1.xml
----------------- Instantiating /home/travis/build/icyphy/ptII/ptolemy/domains/sdf/lib/test/auto/FFT1.xml
10 ms. Memory: 129024K Free: 76271K (59%)
----------------- Invoking toplevel() on ptolemy.moml.MoMLSimpleApplication@441d1cbe
----------------- Done invoking toplevel() on ptolemy.moml.MoMLSimpleApplication@441d1cbe
reloadAllAccessors: .FFT1

===========================================================================================
----------------- testing Sun Jan 05 06:55:14 UTC 2020 /home/travis/build/icyphy/ptII/ptolemy/domains/sdf/lib/test/auto/FIR1.xml
----------------- Instantiating /home/travis/build/icyphy/ptII/ptolemy/domains/sdf/lib/test/auto/FIR1.xml
14 ms. Memory: 129024K Free: 69520K (54%)
----------------- Invoking toplevel() on ptolemy.moml.MoMLSimpleApplication@4996b15f
----------------- Done invoking toplevel() on ptolemy.moml.MoMLSimpleApplication@4996b15f
reloadAllAccessors: .FIR1

===========================================================================================
----------------- testing Sun Jan 05 06:55:14 UTC 2020 /home/travis/build/icyphy/ptII/ptolemy/domains/sdf/lib/test/auto/FIR2.xml
----------------- Instantiating /home/travis/build/icyphy/ptII/ptolemy/domains/sdf/lib/test/auto/FIR2.xml
3 ms. Memory: 129024K Free: 65842K (51%)
----------------- Invoking toplevel() on ptolemy.moml.MoMLSimpleApplication@42fc1a7a
----------------- Done invoking toplevel() on ptolemy.moml.MoMLSimpleApplication@42fc1a7a
reloadAllAccessors: .FIR2

===========================================================================================
----------------- testing Sun Jan 05 06:55:14 UTC 2020 /home/travis/build/icyphy/ptII/ptolemy/domains/sdf/lib/test/auto/FIR4.xml
----------------- Instantiating /home/travis/build/icyphy/ptII/ptolemy/domains/sdf/lib/test/auto/FIR4.xml
4 ms. Memory: 129024K Free: 58841K (46%)
----------------- Invoking toplevel() on ptolemy.moml.MoMLSimpleApplication@5daec23c
----------------- Done invoking toplevel() on ptolemy.moml.MoMLSimpleApplication@5daec23c
reloadAllAccessors: .FIR4

===========================================================================================
----------------- testing Sun Jan 05 06:55:14 UTC 2020 /home/travis/build/icyphy/ptII/ptolemy/domains/sdf/lib/test/auto/FixJoin.xml
----------------- Instantiating /home/travis/build/icyphy/ptII/ptolemy/domains/sdf/lib/test/auto/FixJoin.xml
4 ms. Memory: 129024K Free: 54138K (42%)
----------------- Invoking toplevel() on ptolemy.moml.MoMLSimpleApplication@14e32a88
----------------- Done invoking toplevel() on ptolemy.moml.MoMLSimpleApplication@14e32a88
reloadAllAccessors: .FixJoin

===========================================================================================
----------------- testing Sun Jan 05 06:55:14 UTC 2020 /home/travis/build/icyphy/ptII/ptolemy/domains/sdf/lib/test/auto/IntJoin1.xml
----------------- Instantiating /home/travis/build/icyphy/ptII/ptolemy/domains/sdf/lib/test/auto/IntJoin1.xml
2 ms. Memory: 129024K Free: 111855K (87%)
----------------- Invoking toplevel() on ptolemy.moml.MoMLSimpleApplication@4e2bc02a
----------------- Done invoking toplevel() on ptolemy.moml.MoMLSimpleApplication@4e2bc02a
reloadAllAccessors: .IntJoin1

===========================================================================================
----------------- testing Sun Jan 05 06:55:14 UTC 2020 /home/travis/build/icyphy/ptII/ptolemy/domains/sdf/lib/test/auto/IntJoin2.xml
----------------- Instantiating /home/travis/build/icyphy/ptII/ptolemy/domains/sdf/lib/test/auto/IntJoin2.xml
5 ms. Memory: 129024K Free: 107300K (83%)
----------------- Invoking toplevel() on ptolemy.moml.MoMLSimpleApplication@5ecc7de3
----------------- Done invoking toplevel() on ptolemy.moml.MoMLSimpleApplication@5ecc7de3
reloadAllAccessors: .IntJoin2

===========================================================================================
----------------- testing Sun Jan 05 06:55:14 UTC 2020 /home/travis/build/icyphy/ptII/ptolemy/domains/sdf/lib/test/auto/IntJoin3.xml
----------------- Instantiating /home/travis/build/icyphy/ptII/ptolemy/domains/sdf/lib/test/auto/IntJoin3.xml
3 ms. Memory: 129024K Free: 102637K (80%)
----------------- Invoking toplevel() on ptolemy.moml.MoMLSimpleApplication@83f7c7
----------------- Done invoking toplevel() on ptolemy.moml.MoMLSimpleApplication@83f7c7
reloadAllAccessors: .IntJoin3

===========================================================================================
----------------- testing Sun Jan 05 06:55:14 UTC 2020 /home/travis/build/icyphy/ptII/ptolemy/domains/sdf/lib/test/auto/IntJoin4.xml
----------------- Instantiating /home/travis/build/icyphy/ptII/ptolemy/domains/sdf/lib/test/auto/IntJoin4.xml
3 ms. Memory: 129024K Free: 98543K (76%)
----------------- Invoking toplevel() on ptolemy.moml.MoMLSimpleApplication@104c19e1
----------------- Done invoking toplevel() on ptolemy.moml.MoMLSimpleApplication@104c19e1
reloadAllAccessors: .IntJoin4

===========================================================================================
----------------- testing Sun Jan 05 06:55:14 UTC 2020 /home/travis/build/icyphy/ptII/ptolemy/domains/sdf/lib/test/auto/IntJoin5.xml
----------------- Instantiating /home/travis/build/icyphy/ptII/ptolemy/domains/sdf/lib/test/auto/IntJoin5.xml
5 ms. Memory: 129024K Free: 93980K (73%)
----------------- Invoking toplevel() on ptolemy.moml.MoMLSimpleApplication@14fed8b
----------------- Done invoking toplevel() on ptolemy.moml.MoMLSimpleApplication@14fed8b
reloadAllAccessors: .IntJoin5

===========================================================================================
----------------- testing Sun Jan 05 06:55:14 UTC 2020 /home/travis/build/icyphy/ptII/ptolemy/domains/sdf/lib/test/auto/IntToBits.xml
----------------- Instantiating /home/travis/build/icyphy/ptII/ptolemy/domains/sdf/lib/test/auto/IntToBits.xml
7 ms. Memory: 129024K Free: 91488K (71%)
----------------- Invoking toplevel() on ptolemy.moml.MoMLSimpleApplication@6674b199
----------------- Done invoking toplevel() on ptolemy.moml.MoMLSimpleApplication@6674b199
reloadAllAccessors: .IntToBits

===========================================================================================
----------------- testing Sun Jan 05 06:55:14 UTC 2020 /home/travis/build/icyphy/ptII/ptolemy/domains/sdf/lib/test/auto/LMSAdaptive.xml
----------------- Instantiating /home/travis/build/icyphy/ptII/ptolemy/domains/sdf/lib/test/auto/LMSAdaptive.xml
12 ms. Memory: 129024K Free: 82738K (64%)
----------------- Invoking toplevel() on ptolemy.moml.MoMLSimpleApplication@a93fc8a
----------------- Done invoking toplevel() on ptolemy.moml.MoMLSimpleApplication@a93fc8a
reloadAllAccessors: .LMSAdaptive

===========================================================================================
----------------- testing Sun Jan 05 06:55:14 UTC 2020 /home/travis/build/icyphy/ptII/ptolemy/domains/sdf/lib/test/auto/LMSAdaptiveFIR.xml
----------------- Instantiating /home/travis/build/icyphy/ptII/ptolemy/domains/sdf/lib/test/auto/LMSAdaptiveFIR.xml
310 ms. Memory: 129024K Free: 48946K (38%)
----------------- Invoking toplevel() on ptolemy.moml.MoMLSimpleApplication@40bf8e1a
----------------- Done invoking toplevel() on ptolemy.moml.MoMLSimpleApplication@40bf8e1a
reloadAllAccessors: .LMSAdaptiveFIR

===========================================================================================
----------------- testing Sun Jan 05 06:55:15 UTC 2020 /home/travis/build/icyphy/ptII/ptolemy/domains/sdf/lib/test/auto/LMSAdaptiveFIR2.xml
----------------- Instantiating /home/travis/build/icyphy/ptII/ptolemy/domains/sdf/lib/test/auto/LMSAdaptiveFIR2.xml
371 ms. Memory: 155648K Free: 88641K (57%)
----------------- Invoking toplevel() on ptolemy.moml.MoMLSimpleApplication@4bcd02df
----------------- Done invoking toplevel() on ptolemy.moml.MoMLSimpleApplication@4bcd02df
reloadAllAccessors: .LMSAdaptiveFIR2

===========================================================================================
----------------- testing Sun Jan 05 06:55:15 UTC 2020 /home/travis/build/icyphy/ptII/ptolemy/domains/sdf/lib/test/auto/LongJoin.xml
----------------- Instantiating /home/travis/build/icyphy/ptII/ptolemy/domains/sdf/lib/test/auto/LongJoin.xml
5 ms. Memory: 155648K Free: 84035K (54%)
----------------- Invoking toplevel() on ptolemy.moml.MoMLSimpleApplication@32b41427
----------------- Done invoking toplevel() on ptolemy.moml.MoMLSimpleApplication@32b41427
reloadAllAccessors: .LongJoin

===========================================================================================
----------------- testing Sun Jan 05 06:55:15 UTC 2020 /home/travis/build/icyphy/ptII/ptolemy/domains/sdf/lib/test/auto/Matrix1.xml
----------------- Instantiating /home/travis/build/icyphy/ptII/ptolemy/domains/sdf/lib/test/auto/Matrix1.xml
4 ms. Memory: 155648K Free: 79939K (51%)
----------------- Invoking toplevel() on ptolemy.moml.MoMLSimpleApplication@7af6882b
----------------- Done invoking toplevel() on ptolemy.moml.MoMLSimpleApplication@7af6882b
reloadAllAccessors: .Matrix1

===========================================================================================
----------------- testing Sun Jan 05 06:55:15 UTC 2020 /home/travis/build/icyphy/ptII/ptolemy/domains/sdf/lib/test/auto/Matrix2.xml
----------------- Instantiating /home/travis/build/icyphy/ptII/ptolemy/domains/sdf/lib/test/auto/Matrix2.xml
6 ms. Memory: 155648K Free: 75843K (49%)
----------------- Invoking toplevel() on ptolemy.moml.MoMLSimpleApplication@75707a2
----------------- Done invoking toplevel() on ptolemy.moml.MoMLSimpleApplication@75707a2
reloadAllAccessors: .Matrix2

===========================================================================================
----------------- testing Sun Jan 05 06:55:15 UTC 2020 /home/travis/build/icyphy/ptII/ptolemy/domains/sdf/lib/test/auto/MatrixJoin1.xml
----------------- Instantiating /home/travis/build/icyphy/ptII/ptolemy/domains/sdf/lib/test/auto/MatrixJoin1.xml
2 ms. Memory: 155648K Free: 71747K (46%)
----------------- Invoking toplevel() on ptolemy.moml.MoMLSimpleApplication@11cb0e06
----------------- Done invoking toplevel() on ptolemy.moml.MoMLSimpleApplication@11cb0e06
reloadAllAccessors: .MatrixJoin1

===========================================================================================
----------------- testing Sun Jan 05 06:55:15 UTC 2020 /home/travis/build/icyphy/ptII/ptolemy/domains/sdf/lib/test/auto/MatrixJoin2.xml
----------------- Instantiating /home/travis/build/icyphy/ptII/ptolemy/domains/sdf/lib/test/auto/MatrixJoin2.xml
3 ms. Memory: 155648K Free: 67137K (43%)
----------------- Invoking toplevel() on ptolemy.moml.MoMLSimpleApplication@95e9ba1
----------------- Done invoking toplevel() on ptolemy.moml.MoMLSimpleApplication@95e9ba1
reloadAllAccessors: .MatrixJoin2

===========================================================================================
----------------- testing Sun Jan 05 06:55:15 UTC 2020 /home/travis/build/icyphy/ptII/ptolemy/domains/sdf/lib/test/auto/MatrixJoin3.xml
----------------- Instantiating /home/travis/build/icyphy/ptII/ptolemy/domains/sdf/lib/test/auto/MatrixJoin3.xml
5 ms. Memory: 155648K Free: 62531K (40%)
----------------- Invoking toplevel() on ptolemy.moml.MoMLSimpleApplication@594e9b61
----------------- Done invoking toplevel() on ptolemy.moml.MoMLSimpleApplication@594e9b61
reloadAllAccessors: .MatrixJoin3

===========================================================================================
----------------- testing Sun Jan 05 06:55:15 UTC 2020 /home/travis/build/icyphy/ptII/ptolemy/domains/sdf/lib/test/auto/MatrixJoin4.xml
----------------- Instantiating /home/travis/build/icyphy/ptII/ptolemy/domains/sdf/lib/test/auto/MatrixJoin4.xml
2 ms. Memory: 155648K Free: 137676K (88%)
----------------- Invoking toplevel() on ptolemy.moml.MoMLSimpleApplication@562fb466
----------------- Done invoking toplevel() on ptolemy.moml.MoMLSimpleApplication@562fb466
reloadAllAccessors: .MatrixJoin4

===========================================================================================
----------------- testing Sun Jan 05 06:55:15 UTC 2020 /home/travis/build/icyphy/ptII/ptolemy/domains/sdf/lib/test/auto/MatrixJoin5.xml
----------------- Instantiating /home/travis/build/icyphy/ptII/ptolemy/domains/sdf/lib/test/auto/MatrixJoin5.xml
1 ms. Memory: 155648K Free: 133387K (86%)
----------------- Invoking toplevel() on ptolemy.moml.MoMLSimpleApplication@49f6038f
----------------- Done invoking toplevel() on ptolemy.moml.MoMLSimpleApplication@49f6038f
reloadAllAccessors: .MatrixJoin5

===========================================================================================
----------------- testing Sun Jan 05 06:55:15 UTC 2020 /home/travis/build/icyphy/ptII/ptolemy/domains/sdf/lib/test/auto/MatrixSplit1.xml
----------------- Instantiating /home/travis/build/icyphy/ptII/ptolemy/domains/sdf/lib/test/auto/MatrixSplit1.xml
3 ms. Memory: 155648K Free: 128267K (82%)
----------------- Invoking toplevel() on ptolemy.moml.MoMLSimpleApplication@2b0787a8
----------------- Done invoking toplevel() on ptolemy.moml.MoMLSimpleApplication@2b0787a8
reloadAllAccessors: .MatrixSplit1

===========================================================================================
----------------- testing Sun Jan 05 06:55:15 UTC 2020 /home/travis/build/icyphy/ptII/ptolemy/domains/sdf/lib/test/auto/MatrixSplit10.xml
----------------- Instantiating /home/travis/build/icyphy/ptII/ptolemy/domains/sdf/lib/test/auto/MatrixSplit10.xml
2 ms. Memory: 155648K Free: 124681K (80%)
----------------- Invoking toplevel() on ptolemy.moml.MoMLSimpleApplication@122c3735
----------------- Done invoking toplevel() on ptolemy.moml.MoMLSimpleApplication@122c3735
reloadAllAccessors: .MatrixSplit10

===========================================================================================
----------------- testing Sun Jan 05 06:55:15 UTC 2020 /home/travis/build/icyphy/ptII/ptolemy/domains/sdf/lib/test/auto/MatrixSplit11.xml
----------------- Instantiating /home/travis/build/icyphy/ptII/ptolemy/domains/sdf/lib/test/auto/MatrixSplit11.xml
1 ms. Memory: 155648K Free: 121099K (78%)
----------------- Invoking toplevel() on ptolemy.moml.MoMLSimpleApplication@4443d85a
----------------- Done invoking toplevel() on ptolemy.moml.MoMLSimpleApplication@4443d85a
reloadAllAccessors: .MatrixSplit11

===========================================================================================
----------------- testing Sun Jan 05 06:55:15 UTC 2020 /home/travis/build/icyphy/ptII/ptolemy/domains/sdf/lib/test/auto/MatrixSplit12.xml
----------------- Instantiating /home/travis/build/icyphy/ptII/ptolemy/domains/sdf/lib/test/auto/MatrixSplit12.xml
1 ms. Memory: 155648K Free: 117513K (75%)
----------------- Invoking toplevel() on ptolemy.moml.MoMLSimpleApplication@2c0d678f
----------------- Done invoking toplevel() on ptolemy.moml.MoMLSimpleApplication@2c0d678f
reloadAllAccessors: .MatrixSplit12

===========================================================================================
----------------- testing Sun Jan 05 06:55:15 UTC 2020 /home/travis/build/icyphy/ptII/ptolemy/domains/sdf/lib/test/auto/MatrixSplit13.xml
----------------- Instantiating /home/travis/build/icyphy/ptII/ptolemy/domains/sdf/lib/test/auto/MatrixSplit13.xml
2 ms. Memory: 155648K Free: 113931K (73%)
----------------- Invoking toplevel() on ptolemy.moml.MoMLSimpleApplication@6834806b
----------------- Done invoking toplevel() on ptolemy.moml.MoMLSimpleApplication@6834806b
reloadAllAccessors: .MatrixSplit13

===========================================================================================
----------------- testing Sun Jan 05 06:55:15 UTC 2020 /home/travis/build/icyphy/ptII/ptolemy/domains/sdf/lib/test/auto/MatrixSplit14.xml
----------------- Instantiating /home/travis/build/icyphy/ptII/ptolemy/domains/sdf/lib/test/auto/MatrixSplit14.xml
1 ms. Memory: 155648K Free: 110345K (71%)
----------------- Invoking toplevel() on ptolemy.moml.MoMLSimpleApplication@3b260b5e
----------------- Done invoking toplevel() on ptolemy.moml.MoMLSimpleApplication@3b260b5e
reloadAllAccessors: .MatrixSplit14

===========================================================================================
----------------- testing Sun Jan 05 06:55:15 UTC 2020 /home/travis/build/icyphy/ptII/ptolemy/domains/sdf/lib/test/auto/MatrixSplit2.xml
----------------- Instantiating /home/travis/build/icyphy/ptII/ptolemy/domains/sdf/lib/test/auto/MatrixSplit2.xml
2 ms. Memory: 155648K Free: 106763K (69%)
----------------- Invoking toplevel() on ptolemy.moml.MoMLSimpleApplication@115eda4c
----------------- Done invoking toplevel() on ptolemy.moml.MoMLSimpleApplication@115eda4c
reloadAllAccessors: .MatrixSplit2

===========================================================================================
----------------- testing Sun Jan 05 06:55:15 UTC 2020 /home/travis/build/icyphy/ptII/ptolemy/domains/sdf/lib/test/auto/MatrixSplit3.xml
----------------- Instantiating /home/travis/build/icyphy/ptII/ptolemy/domains/sdf/lib/test/auto/MatrixSplit3.xml
3 ms. Memory: 155648K Free: 103177K (66%)
----------------- Invoking toplevel() on ptolemy.moml.MoMLSimpleApplication@502ef045
----------------- Done invoking toplevel() on ptolemy.moml.MoMLSimpleApplication@502ef045
reloadAllAccessors: .MatrixSplit3

===========================================================================================
----------------- testing Sun Jan 05 06:55:15 UTC 2020 /home/travis/build/icyphy/ptII/ptolemy/domains/sdf/lib/test/auto/MatrixSplit4.xml
----------------- Instantiating /home/travis/build/icyphy/ptII/ptolemy/domains/sdf/lib/test/auto/MatrixSplit4.xml
2 ms. Memory: 155648K Free: 99595K (64%)
----------------- Invoking toplevel() on ptolemy.moml.MoMLSimpleApplication@63ee01f6
----------------- Done invoking toplevel() on ptolemy.moml.MoMLSimpleApplication@63ee01f6
reloadAllAccessors: .MatrixSplit4

===========================================================================================
----------------- testing Sun Jan 05 06:55:15 UTC 2020 /home/travis/build/icyphy/ptII/ptolemy/domains/sdf/lib/test/auto/MatrixSplit5.xml
----------------- Instantiating /home/travis/build/icyphy/ptII/ptolemy/domains/sdf/lib/test/auto/MatrixSplit5.xml
8 ms. Memory: 155648K Free: 96009K (62%)
----------------- Invoking toplevel() on ptolemy.moml.MoMLSimpleApplication@5f320082
----------------- Done invoking toplevel() on ptolemy.moml.MoMLSimpleApplication@5f320082
reloadAllAccessors: .MatrixSplit5

===========================================================================================
----------------- testing Sun Jan 05 06:55:16 UTC 2020 /home/travis/build/icyphy/ptII/ptolemy/domains/sdf/lib/test/auto/MatrixSplit6.xml
----------------- Instantiating /home/travis/build/icyphy/ptII/ptolemy/domains/sdf/lib/test/auto/MatrixSplit6.xml
1 ms. Memory: 155648K Free: 92427K (59%)
----------------- Invoking toplevel() on ptolemy.moml.MoMLSimpleApplication@69bd9175
----------------- Done invoking toplevel() on ptolemy.moml.MoMLSimpleApplication@69bd9175
reloadAllAccessors: .MatrixSplit6

===========================================================================================
----------------- testing Sun Jan 05 06:55:16 UTC 2020 /home/travis/build/icyphy/ptII/ptolemy/domains/sdf/lib/test/auto/MatrixSplit7.xml
----------------- Instantiating /home/travis/build/icyphy/ptII/ptolemy/domains/sdf/lib/test/auto/MatrixSplit7.xml
2 ms. Memory: 155648K Free: 88841K (57%)
----------------- Invoking toplevel() on ptolemy.moml.MoMLSimpleApplication@52efb0d1
----------------- Done invoking toplevel() on ptolemy.moml.MoMLSimpleApplication@52efb0d1
reloadAllAccessors: .MatrixSplit7

===========================================================================================
----------------- testing Sun Jan 05 06:55:16 UTC 2020 /home/travis/build/icyphy/ptII/ptolemy/domains/sdf/lib/test/auto/MatrixSplit8.xml
----------------- Instantiating /home/travis/build/icyphy/ptII/ptolemy/domains/sdf/lib/test/auto/MatrixSplit8.xml
1 ms. Memory: 155648K Free: 85259K (55%)
----------------- Invoking toplevel() on ptolemy.moml.MoMLSimpleApplication@c434459
----------------- Done invoking toplevel() on ptolemy.moml.MoMLSimpleApplication@c434459
reloadAllAccessors: .MatrixSplit8

===========================================================================================
----------------- testing Sun Jan 05 06:55:16 UTC 2020 /home/travis/build/icyphy/ptII/ptolemy/domains/sdf/lib/test/auto/MatrixSplit9.xml
----------------- Instantiating /home/travis/build/icyphy/ptII/ptolemy/domains/sdf/lib/test/auto/MatrixSplit9.xml
4 ms. Memory: 155648K Free: 81673K (52%)
----------------- Invoking toplevel() on ptolemy.moml.MoMLSimpleApplication@26dc83bf
----------------- Done invoking toplevel() on ptolemy.moml.MoMLSimpleApplication@26dc83bf
reloadAllAccessors: .MatrixSplit9

===========================================================================================
----------------- testing Sun Jan 05 06:55:16 UTC 2020 /home/travis/build/icyphy/ptII/ptolemy/domains/sdf/lib/test/auto/MatrixToSequence.xml
----------------- Instantiating /home/travis/build/icyphy/ptII/ptolemy/domains/sdf/lib/test/auto/MatrixToSequence.xml
12 ms. Memory: 155648K Free: 72969K (47%)
----------------- Invoking toplevel() on ptolemy.moml.MoMLSimpleApplication@414a023c
----------------- Done invoking toplevel() on ptolemy.moml.MoMLSimpleApplication@414a023c
reloadAllAccessors: .MatrixToSequence

===========================================================================================
----------------- testing Sun Jan 05 06:55:16 UTC 2020 /home/travis/build/icyphy/ptII/ptolemy/domains/sdf/lib/test/auto/MaximumEntropySpectrum.xml
----------------- Instantiating /home/travis/build/icyphy/ptII/ptolemy/domains/sdf/lib/test/auto/MaximumEntropySpectrum.xml
12 ms. Memory: 155648K Free: 133254K (86%)
----------------- Invoking toplevel() on ptolemy.moml.MoMLSimpleApplication@76b17a08
----------------- Done invoking toplevel() on ptolemy.moml.MoMLSimpleApplication@76b17a08
reloadAllAccessors: .MaximumEntropySpectrum

===========================================================================================
----------------- testing Sun Jan 05 06:55:16 UTC 2020 /home/travis/build/icyphy/ptII/ptolemy/domains/sdf/lib/test/auto/SampleDelayConversion.xml
----------------- Instantiating /home/travis/build/icyphy/ptII/ptolemy/domains/sdf/lib/test/auto/SampleDelayConversion.xml
2 ms. Memory: 155648K Free: 129158K (83%)
----------------- Invoking toplevel() on ptolemy.moml.MoMLSimpleApplication@3ecdd713
----------------- Done invoking toplevel() on ptolemy.moml.MoMLSimpleApplication@3ecdd713
reloadAllAccessors: .SampleDelayConversion

===========================================================================================
----------------- testing Sun Jan 05 06:55:16 UTC 2020 /home/travis/build/icyphy/ptII/ptolemy/domains/sdf/lib/test/auto/SequenceToArray.xml
----------------- Instantiating /home/travis/build/icyphy/ptII/ptolemy/domains/sdf/lib/test/auto/SequenceToArray.xml
9 ms. Memory: 155648K Free: 118408K (76%)
----------------- Invoking toplevel() on ptolemy.moml.MoMLSimpleApplication@46ef1d54
----------------- Done invoking toplevel() on ptolemy.moml.MoMLSimpleApplication@46ef1d54
reloadAllAccessors: .SequenceToArray

===========================================================================================
----------------- testing Sun Jan 05 06:55:16 UTC 2020 /home/travis/build/icyphy/ptII/ptolemy/domains/sdf/lib/test/auto/SequenceToMatrix.xml
----------------- Instantiating /home/travis/build/icyphy/ptII/ptolemy/domains/sdf/lib/test/auto/SequenceToMatrix.xml
3123 ms. Memory: 155648K Free: 123871K (80%)
----------------- Invoking toplevel() on ptolemy.moml.MoMLSimpleApplication@2727e5d1
----------------- Done invoking toplevel() on ptolemy.moml.MoMLSimpleApplication@2727e5d1
reloadAllAccessors: .SequenceToMatrix

===========================================================================================
----------------- testing Sun Jan 05 06:55:19 UTC 2020 /home/travis/build/icyphy/ptII/ptolemy/domains/sdf/lib/test/auto/SmoothedPeriodogram.xml
----------------- Instantiating /home/travis/build/icyphy/ptII/ptolemy/domains/sdf/lib/test/auto/SmoothedPeriodogram.xml
8 ms. Memory: 155648K Free: 108511K (70%)
----------------- Invoking toplevel() on ptolemy.moml.MoMLSimpleApplication@2a38f71b
----------------- Done invoking toplevel() on ptolemy.moml.MoMLSimpleApplication@2a38f71b
reloadAllAccessors: .SmoothedPeriodogram

===========================================================================================
----------------- testing Sun Jan 05 06:55:19 UTC 2020 /home/travis/build/icyphy/ptII/ptolemy/domains/sdf/lib/test/auto/UpDownSample1.xml
----------------- Instantiating /home/travis/build/icyphy/ptII/ptolemy/domains/sdf/lib/test/auto/UpDownSample1.xml
3 ms. Memory: 155648K Free: 104415K (67%)
----------------- Invoking toplevel() on ptolemy.moml.MoMLSimpleApplication@650804
----------------- Done invoking toplevel() on ptolemy.moml.MoMLSimpleApplication@650804
reloadAllAccessors: .UpDownSample1

===========================================================================================
----------------- testing Sun Jan 05 06:55:19 UTC 2020 /home/travis/build/icyphy/ptII/ptolemy/domains/sdf/lib/test/auto/UpSample1.xml
----------------- Instantiating /home/travis/build/icyphy/ptII/ptolemy/domains/sdf/lib/test/auto/UpSample1.xml
1 ms. Memory: 155648K Free: 100829K (65%)
----------------- Invoking toplevel() on ptolemy.moml.MoMLSimpleApplication@6d792730
----------------- Done invoking toplevel() on ptolemy.moml.MoMLSimpleApplication@6d792730
reloadAllAccessors: .UpSample1

===========================================================================================
----------------- testing Sun Jan 05 06:55:19 UTC 2020 /home/travis/build/icyphy/ptII/ptolemy/domains/sdf/lib/test/auto/VariableFIR.xml
----------------- Instantiating /home/travis/build/icyphy/ptII/ptolemy/domains/sdf/lib/test/auto/VariableFIR.xml
3 ms. Memory: 155648K Free: 95709K (61%)
----------------- Invoking toplevel() on ptolemy.moml.MoMLSimpleApplication@472c2d05
----------------- Done invoking toplevel() on ptolemy.moml.MoMLSimpleApplication@472c2d05
reloadAllAccessors: .VariableFIR

===========================================================================================
----------------- testing Sun Jan 05 06:55:19 UTC 2020 /home/travis/build/icyphy/ptII/ptolemy/domains/sdf/lib/test/auto/VariableFIR2.xml
----------------- Instantiating /home/travis/build/icyphy/ptII/ptolemy/domains/sdf/lib/test/auto/VariableFIR2.xml
6 ms. Memory: 155648K Free: 90575K (58%)
----------------- Invoking toplevel() on ptolemy.moml.MoMLSimpleApplication@46bc3925
----------------- Done invoking toplevel() on ptolemy.moml.MoMLSimpleApplication@46bc3925
reloadAllAccessors: .VariableFIR2

===========================================================================================
----------------- testing Sun Jan 05 06:55:19 UTC 2020 /home/travis/build/icyphy/ptII/ptolemy/domains/sdf/lib/test/auto/VariableLattice.xml
----------------- Instantiating /home/travis/build/icyphy/ptII/ptolemy/domains/sdf/lib/test/auto/VariableLattice.xml
5 ms. Memory: 155648K Free: 84445K (54%)
----------------- Invoking toplevel() on ptolemy.moml.MoMLSimpleApplication@23ef7209
----------------- Done invoking toplevel() on ptolemy.moml.MoMLSimpleApplication@23ef7209
reloadAllAccessors: .VariableLattice

===========================================================================================
----------------- testing Sun Jan 05 06:55:19 UTC 2020 /home/travis/build/icyphy/ptII/ptolemy/domains/sdf/lib/test/auto/VariableLattice2.xml
----------------- Instantiating /home/travis/build/icyphy/ptII/ptolemy/domains/sdf/lib/test/auto/VariableLattice2.xml
1.0
-1.999999602036
1.9099998677481
-0.9099996420674
0.205
0.0
0.0
1.0
-0.25
-0.5
0.0
0.0
0.0
0.0
5 ms. Memory: 155648K Free: 79839K (51%)
----------------- Invoking toplevel() on ptolemy.moml.MoMLSimpleApplication@788108d
----------------- Done invoking toplevel() on ptolemy.moml.MoMLSimpleApplication@788108d
reloadAllAccessors: .VariableLattice2

===========================================================================================
----------------- testing Sun Jan 05 06:55:19 UTC 2020 /home/travis/build/icyphy/ptII/ptolemy/domains/sdf/lib/test/auto/VariableRecursiveLattice.xml
----------------- Instantiating /home/travis/build/icyphy/ptII/ptolemy/domains/sdf/lib/test/auto/VariableRecursiveLattice.xml
2 ms. Memory: 155648K Free: 75229K (48%)
----------------- Invoking toplevel() on ptolemy.moml.MoMLSimpleApplication@3e28a20f
----------------- Done invoking toplevel() on ptolemy.moml.MoMLSimpleApplication@3e28a20f
reloadAllAccessors: .VariableRecursiveLattice

===========================================================================================
----------------- testing Sun Jan 05 06:55:19 UTC 2020 /home/travis/build/icyphy/ptII/ptolemy/domains/sdf/lib/test/auto/VariableRecursiveLattice2.xml
----------------- Instantiating /home/travis/build/icyphy/ptII/ptolemy/domains/sdf/lib/test/auto/VariableRecursiveLattice2.xml
2 ms. Memory: 155648K Free: 71133K (46%)
----------------- Invoking toplevel() on ptolemy.moml.MoMLSimpleApplication@3841b29c
----------------- Done invoking toplevel() on ptolemy.moml.MoMLSimpleApplication@3841b29c
reloadAllAccessors: .VariableRecursiveLattice2
AutoTests.java: About to close Vertx.
AutoTests.java: Vertx closed.
]]></system-out>
  <system-err><![CDATA[]]></system-err>
</testsuite>
