<?xml version="1.0" encoding="UTF-8" ?>
<testsuite errors="0" failures="0" hostname="travis-job-6fd68bf3-3579-410b-a484-267ba3e00baa" name="ptolemy.domains.de.test.junit.JUnitTclTest" skipped="0" tests="101" time="136.109" timestamp="2019-11-13T06:19:40">
  <properties>
[...]
</properties>
  <testcase classname="ptolemy.util.test.junit.TclTests" name="[0] /home/travis/build/icyphy/ptII/ptolemy/domains/de/test/DependencyLoop.tcl (RunTclFile)" time="1.092" />
  <testcase classname="ptolemy.util.test.junit.TclTests" name="[1] /home/travis/build/icyphy/ptII/ptolemy/domains/de/test/RunDETestsAsQSS.tcl (RunTclFile)" time="92.986" />
  <testcase classname="ptolemy.util.test.junit.AutoKnownFailedTests" name="[0] /home/travis/build/icyphy/ptII/ptolemy/domains/de/test/auto/knownFailedTests/DESDFClockTest.xml (RunModel)" time="2.063" />
  <testcase classname="ptolemy.util.test.junit.AutoKnownFailedTests" name="[1] /home/travis/build/icyphy/ptII/ptolemy/domains/de/test/auto/knownFailedTests/DirectFeedback.xml (RunModel)" time="0.026" />
  <testcase classname="ptolemy.util.test.junit.AutoKnownFailedTests" name="[2] /home/travis/build/icyphy/ptII/ptolemy/domains/de/test/auto/knownFailedTests/FSMSource.xml (RunModel)" time="0.021" />
  <testcase classname="ptolemy.util.test.junit.AutoKnownFailedTests" name="[3] /home/travis/build/icyphy/ptII/ptolemy/domains/de/test/auto/knownFailedTests/HierarchicalModel.xml (RunModel)" time="0.067" />
  <testcase classname="ptolemy.util.test.junit.AutoKnownFailedTests" name="[4] /home/travis/build/icyphy/ptII/ptolemy/domains/de/test/auto/knownFailedTests/dependencyLoop.xml (RunModel)" time="0.058" />
  <testcase classname="ptolemy.util.test.junit.AutoKnownFailedTests" name="[5] /home/travis/build/icyphy/ptII/ptolemy/domains/de/test/auto/knownFailedTests/dependencyLoop2.xml (RunModel)" time="0.041" />
  <testcase classname="ptolemy.util.test.junit.AutoNameArchTests" name="[0] ThereAreNoAutoArchTests (RunModel)" time="0.002" />
  <testcase classname="ptolemy.util.test.junit.AutoTests" name="[0] /home/travis/build/icyphy/ptII/ptolemy/domains/de/test/auto/ActorDepthCalculation_actorWithoutPorts.xml (RunModel)" time="0.021" />
  <testcase classname="ptolemy.util.test.junit.AutoTests" name="[1] /home/travis/build/icyphy/ptII/ptolemy/domains/de/test/auto/AssemblyLine.xml (RunModel)" time="0.03" />
  <testcase classname="ptolemy.util.test.junit.AutoTests" name="[2] /home/travis/build/icyphy/ptII/ptolemy/domains/de/test/auto/CQBug1.xml (RunModel)" time="0.01" />
  <testcase classname="ptolemy.util.test.junit.AutoTests" name="[3] /home/travis/build/icyphy/ptII/ptolemy/domains/de/test/auto/CancelFireAt.xml (RunModel)" time="0.014" />
  <testcase classname="ptolemy.util.test.junit.AutoTests" name="[4] /home/travis/build/icyphy/ptII/ptolemy/domains/de/test/auto/CausalityAndComposabilityAnalysis.xml (RunModel)" time="0.014" />
  <testcase classname="ptolemy.util.test.junit.AutoTests" name="[5] /home/travis/build/icyphy/ptII/ptolemy/domains/de/test/auto/CausalityInterface1.xml (RunModel)" time="0.018" />
  <testcase classname="ptolemy.util.test.junit.AutoTests" name="[6] /home/travis/build/icyphy/ptII/ptolemy/domains/de/test/auto/CausalityInterface15.xml (RunModel)" time="0.017" />
  <testcase classname="ptolemy.util.test.junit.AutoTests" name="[7] /home/travis/build/icyphy/ptII/ptolemy/domains/de/test/auto/CausalityInterface2.xml (RunModel)" time="0.018" />
  <testcase classname="ptolemy.util.test.junit.AutoTests" name="[8] /home/travis/build/icyphy/ptII/ptolemy/domains/de/test/auto/CausalityInterface3.xml (RunModel)" time="0.014" />
  <testcase classname="ptolemy.util.test.junit.AutoTests" name="[9] /home/travis/build/icyphy/ptII/ptolemy/domains/de/test/auto/ClockDrift.xml (RunModel)" time="0.041" />
  <testcase classname="ptolemy.util.test.junit.AutoTests" name="[10] /home/travis/build/icyphy/ptII/ptolemy/domains/de/test/auto/ClockDriftAndValueChange.xml (RunModel)" time="0.038" />
  <testcase classname="ptolemy.util.test.junit.AutoTests" name="[11] /home/travis/build/icyphy/ptII/ptolemy/domains/de/test/auto/ClockDriftChange.xml (RunModel)" time="0.042" />
  <testcase classname="ptolemy.util.test.junit.AutoTests" name="[12] /home/travis/build/icyphy/ptII/ptolemy/domains/de/test/auto/ComposableCausalityAnalysis.xml (RunModel)" time="0.02" />
  <testcase classname="ptolemy.util.test.junit.AutoTests" name="[13] /home/travis/build/icyphy/ptII/ptolemy/domains/de/test/auto/DEFixedPointLimitation.xml (RunModel)" time="0.014" />
  <testcase classname="ptolemy.util.test.junit.AutoTests" name="[14] /home/travis/build/icyphy/ptII/ptolemy/domains/de/test/auto/DEScheduleTest.xml (RunModel)" time="0.018" />
  <testcase classname="ptolemy.util.test.junit.AutoTests" name="[15] /home/travis/build/icyphy/ptII/ptolemy/domains/de/test/auto/DEinDEwithStartTimes.xml (RunModel)" time="0.017" />
  <testcase classname="ptolemy.util.test.junit.AutoTests" name="[16] /home/travis/build/icyphy/ptII/ptolemy/domains/de/test/auto/DEinDEwithStartTimes2.xml (RunModel)" time="0.021" />
  <testcase classname="ptolemy.util.test.junit.AutoTests" name="[17] /home/travis/build/icyphy/ptII/ptolemy/domains/de/test/auto/DateDemo.xml (RunModel)" time="0.038" />
  <testcase classname="ptolemy.util.test.junit.AutoTests" name="[18] /home/travis/build/icyphy/ptII/ptolemy/domains/de/test/auto/DateToEvent.xml (RunModel)" time="2.049" />
  <testcase classname="ptolemy.util.test.junit.AutoTests" name="[19] /home/travis/build/icyphy/ptII/ptolemy/domains/de/test/auto/DepthTest1.xml (RunModel)" time="0.01" />
  <testcase classname="ptolemy.util.test.junit.AutoTests" name="[20] /home/travis/build/icyphy/ptII/ptolemy/domains/de/test/auto/DepthTest2.xml (RunModel)" time="0.037" />
  <testcase classname="ptolemy.util.test.junit.AutoTests" name="[21] /home/travis/build/icyphy/ptII/ptolemy/domains/de/test/auto/DepthTest3.xml (RunModel)" time="0.01" />
  <testcase classname="ptolemy.util.test.junit.AutoTests" name="[22] /home/travis/build/icyphy/ptII/ptolemy/domains/de/test/auto/DepthTest4.xml (RunModel)" time="0.013" />
  <testcase classname="ptolemy.util.test.junit.AutoTests" name="[23] /home/travis/build/icyphy/ptII/ptolemy/domains/de/test/auto/DepthTest5.xml (RunModel)" time="0.016" />
  <testcase classname="ptolemy.util.test.junit.AutoTests" name="[24] /home/travis/build/icyphy/ptII/ptolemy/domains/de/test/auto/DepthTest6.xml (RunModel)" time="0.016" />
  <testcase classname="ptolemy.util.test.junit.AutoTests" name="[25] /home/travis/build/icyphy/ptII/ptolemy/domains/de/test/auto/DepthTest7.xml (RunModel)" time="0.019" />
  <testcase classname="ptolemy.util.test.junit.AutoTests" name="[26] /home/travis/build/icyphy/ptII/ptolemy/domains/de/test/auto/EventToDate.xml (RunModel)" time="3.052" />
  <testcase classname="ptolemy.util.test.junit.AutoTests" name="[27] /home/travis/build/icyphy/ptII/ptolemy/domains/de/test/auto/FSM1.xml (RunModel)" time="0.043" />
  <testcase classname="ptolemy.util.test.junit.AutoTests" name="[28] /home/travis/build/icyphy/ptII/ptolemy/domains/de/test/auto/FSM7.xml (RunModel)" time="0.037" />
  <testcase classname="ptolemy.util.test.junit.AutoTests" name="[29] /home/travis/build/icyphy/ptII/ptolemy/domains/de/test/auto/Inspection.xml (RunModel)" time="0.052" />
  <testcase classname="ptolemy.util.test.junit.AutoTests" name="[30] /home/travis/build/icyphy/ptII/ptolemy/domains/de/test/auto/Iteration.xml (RunModel)" time="0.03" />
  <testcase classname="ptolemy.util.test.junit.AutoTests" name="[31] /home/travis/build/icyphy/ptII/ptolemy/domains/de/test/auto/LineFault.xml (RunModel)" time="0.652" />
  <testcase classname="ptolemy.util.test.junit.AutoTests" name="[32] /home/travis/build/icyphy/ptII/ptolemy/domains/de/test/auto/MergeModel1Add.xml (RunModel)" time="0.051" />
  <testcase classname="ptolemy.util.test.junit.AutoTests" name="[33] /home/travis/build/icyphy/ptII/ptolemy/domains/de/test/auto/MergeModel2Add.xml (RunModel)" time="0.042" />
  <testcase classname="ptolemy.util.test.junit.AutoTests" name="[34] /home/travis/build/icyphy/ptII/ptolemy/domains/de/test/auto/MergeModel3Add.xml (RunModel)" time="0.061" />
  <testcase classname="ptolemy.util.test.junit.AutoTests" name="[35] /home/travis/build/icyphy/ptII/ptolemy/domains/de/test/auto/MergeWithoutDiscard.xml (RunModel)" time="0.015" />
  <testcase classname="ptolemy.util.test.junit.AutoTests" name="[36] /home/travis/build/icyphy/ptII/ptolemy/domains/de/test/auto/Modal1.xml (RunModel)" time="0.03" />
  <testcase classname="ptolemy.util.test.junit.AutoTests" name="[37] /home/travis/build/icyphy/ptII/ptolemy/domains/de/test/auto/Modal2.xml (RunModel)" time="0.03" />
  <testcase classname="ptolemy.util.test.junit.AutoTests" name="[38] /home/travis/build/icyphy/ptII/ptolemy/domains/de/test/auto/Modal3.xml (RunModel)" time="0.031" />
  <testcase classname="ptolemy.util.test.junit.AutoTests" name="[39] /home/travis/build/icyphy/ptII/ptolemy/domains/de/test/auto/Modal4.xml (RunModel)" time="0.04" />
  <testcase classname="ptolemy.util.test.junit.AutoTests" name="[40] /home/travis/build/icyphy/ptII/ptolemy/domains/de/test/auto/Modal5.xml (RunModel)" time="0.04" />
  <testcase classname="ptolemy.util.test.junit.AutoTests" name="[41] /home/travis/build/icyphy/ptII/ptolemy/domains/de/test/auto/Modal6.xml (RunModel)" time="0.031" />
  <testcase classname="ptolemy.util.test.junit.AutoTests" name="[42] /home/travis/build/icyphy/ptII/ptolemy/domains/de/test/auto/Modal7.xml (RunModel)" time="0.038" />
  <testcase classname="ptolemy.util.test.junit.AutoTests" name="[43] /home/travis/build/icyphy/ptII/ptolemy/domains/de/test/auto/ModalModel.xml (RunModel)" time="0.196" />
  <testcase classname="ptolemy.util.test.junit.AutoTests" name="[44] /home/travis/build/icyphy/ptII/ptolemy/domains/de/test/auto/ModalSource.xml (RunModel)" time="0.034" />
  <testcase classname="ptolemy.util.test.junit.AutoTests" name="[45] /home/travis/build/icyphy/ptII/ptolemy/domains/de/test/auto/NonInterruptibleTimerZeroDelay.xml (RunModel)" time="0.011" />
  <testcase classname="ptolemy.util.test.junit.AutoTests" name="[46] /home/travis/build/icyphy/ptII/ptolemy/domains/de/test/auto/OpenQueueingNetwork.xml (RunModel)" time="2.57" />
  <testcase classname="ptolemy.util.test.junit.AutoTests" name="[47] /home/travis/build/icyphy/ptII/ptolemy/domains/de/test/auto/OpenQueuingNetwork.xml (RunModel)" time="0.294" />
  <testcase classname="ptolemy.util.test.junit.AutoTests" name="[48] /home/travis/build/icyphy/ptII/ptolemy/domains/de/test/auto/PeriodicSampler.xml (RunModel)" time="0.014" />
  <testcase classname="ptolemy.util.test.junit.AutoTests" name="[49] /home/travis/build/icyphy/ptII/ptolemy/domains/de/test/auto/PersistentIO.xml (RunModel)" time="0.02" />
  <testcase classname="ptolemy.util.test.junit.AutoTests" name="[50] /home/travis/build/icyphy/ptII/ptolemy/domains/de/test/auto/PortParameterResetOnInitialize.xml (RunModel)" time="0.013" />
  <testcase classname="ptolemy.util.test.junit.AutoTests" name="[51] /home/travis/build/icyphy/ptII/ptolemy/domains/de/test/auto/PortParameterUpdates.xml (RunModel)" time="0.018" />
  <testcase classname="ptolemy.util.test.junit.AutoTests" name="[52] /home/travis/build/icyphy/ptII/ptolemy/domains/de/test/auto/QueueAndServer.xml (RunModel)" time="0.026" />
  <testcase classname="ptolemy.util.test.junit.AutoTests" name="[53] /home/travis/build/icyphy/ptII/ptolemy/domains/de/test/auto/Records.xml (RunModel)" time="0.023" />
  <testcase classname="ptolemy.util.test.junit.AutoTests" name="[54] /home/travis/build/icyphy/ptII/ptolemy/domains/de/test/auto/ResetTransitionWithStartTime1.xml (RunModel)" time="0.021" />
  <testcase classname="ptolemy.util.test.junit.AutoTests" name="[55] /home/travis/build/icyphy/ptII/ptolemy/domains/de/test/auto/ResetTransitionWithStartTime2.xml (RunModel)" time="0.023" />
  <testcase classname="ptolemy.util.test.junit.AutoTests" name="[56] /home/travis/build/icyphy/ptII/ptolemy/domains/de/test/auto/ResetTransitionWithStartTime3.xml (RunModel)" time="0.029" />
  <testcase classname="ptolemy.util.test.junit.AutoTests" name="[57] /home/travis/build/icyphy/ptII/ptolemy/domains/de/test/auto/ResetTransitionWithStartTime4.xml (RunModel)" time="0.02" />
  <testcase classname="ptolemy.util.test.junit.AutoTests" name="[58] /home/travis/build/icyphy/ptII/ptolemy/domains/de/test/auto/ResettableTimer1.xml (RunModel)" time="0.015" />
  <testcase classname="ptolemy.util.test.junit.AutoTests" name="[59] /home/travis/build/icyphy/ptII/ptolemy/domains/de/test/auto/ResettableTimer2.xml (RunModel)" time="0.011" />
  <testcase classname="ptolemy.util.test.junit.AutoTests" name="[60] /home/travis/build/icyphy/ptII/ptolemy/domains/de/test/auto/ResettableTimer3.xml (RunModel)" time="0.01" />
  <testcase classname="ptolemy.util.test.junit.AutoTests" name="[61] /home/travis/build/icyphy/ptII/ptolemy/domains/de/test/auto/ResettableTimer4.xml (RunModel)" time="0.009" />
  <testcase classname="ptolemy.util.test.junit.AutoTests" name="[62] /home/travis/build/icyphy/ptII/ptolemy/domains/de/test/auto/ResettableTimer5.xml (RunModel)" time="0.01" />
  <testcase classname="ptolemy.util.test.junit.AutoTests" name="[63] /home/travis/build/icyphy/ptII/ptolemy/domains/de/test/auto/ResettableTimer6.xml (RunModel)" time="0.017" />
  <testcase classname="ptolemy.util.test.junit.AutoTests" name="[64] /home/travis/build/icyphy/ptII/ptolemy/domains/de/test/auto/ServerZeroDelay.xml (RunModel)" time="0.014" />
  <testcase classname="ptolemy.util.test.junit.AutoTests" name="[65] /home/travis/build/icyphy/ptII/ptolemy/domains/de/test/auto/SmartSender.xml (RunModel)" time="3.011" />
  <testcase classname="ptolemy.util.test.junit.AutoTests" name="[66] /home/travis/build/icyphy/ptII/ptolemy/domains/de/test/auto/ThreadedComposite.xml (RunModel)" time="0.119" />
  <testcase classname="ptolemy.util.test.junit.AutoTests" name="[67] /home/travis/build/icyphy/ptII/ptolemy/domains/de/test/auto/Time.xml (RunModel)" time="0.457" />
  <testcase classname="ptolemy.util.test.junit.AutoTests" name="[68] /home/travis/build/icyphy/ptII/ptolemy/domains/de/test/auto/TimeDelayZeroDelay.xml (RunModel)" time="0.011" />
  <testcase classname="ptolemy.util.test.junit.AutoTests" name="[69] /home/travis/build/icyphy/ptII/ptolemy/domains/de/test/auto/TimerZeroDelay.xml (RunModel)" time="0.01" />
  <testcase classname="ptolemy.util.test.junit.AutoTests" name="[70] /home/travis/build/icyphy/ptII/ptolemy/domains/de/test/auto/TimingParadox.xml (RunModel)" time="0.405" />
  <testcase classname="ptolemy.util.test.junit.AutoTests" name="[71] /home/travis/build/icyphy/ptII/ptolemy/domains/de/test/auto/TransferInputs.xml (RunModel)" time="0.013" />
  <testcase classname="ptolemy.util.test.junit.AutoTests" name="[72] /home/travis/build/icyphy/ptII/ptolemy/domains/de/test/auto/TransferOutputs2.xml (RunModel)" time="0.016" />
  <testcase classname="ptolemy.util.test.junit.AutoTests" name="[73] /home/travis/build/icyphy/ptII/ptolemy/domains/de/test/auto/Trilateration.xml (RunModel)" time="12.725" />
  <testcase classname="ptolemy.util.test.junit.AutoTests" name="[74] /home/travis/build/icyphy/ptII/ptolemy/domains/de/test/auto/TwoSigmaDelta.xml (RunModel)" time="2.094" />
  <testcase classname="ptolemy.util.test.junit.AutoTests" name="[75] /home/travis/build/icyphy/ptII/ptolemy/domains/de/test/auto/VariableDelay.xml (RunModel)" time="0.019" />
  <testcase classname="ptolemy.util.test.junit.AutoTests" name="[76] /home/travis/build/icyphy/ptII/ptolemy/domains/de/test/auto/VariableDelay2.xml (RunModel)" time="0.01" />
  <testcase classname="ptolemy.util.test.junit.AutoTests" name="[77] /home/travis/build/icyphy/ptII/ptolemy/domains/de/test/auto/VariableDelayZeroDelay.xml (RunModel)" time="0.021" />
  <testcase classname="ptolemy.util.test.junit.AutoTests" name="[78] /home/travis/build/icyphy/ptII/ptolemy/domains/de/test/auto/VariableDelayZeroDelay2.xml (RunModel)" time="0.019" />
  <testcase classname="ptolemy.util.test.junit.AutoTests" name="[79] /home/travis/build/icyphy/ptII/ptolemy/domains/de/test/auto/deInCt.xml (RunModel)" time="0.015" />
  <testcase classname="ptolemy.util.test.junit.AutoTests" name="[80] /home/travis/build/icyphy/ptII/ptolemy/domains/de/test/auto/deInCt2.xml (RunModel)" time="0.016" />
  <testcase classname="ptolemy.util.test.junit.AutoTests" name="[81] /home/travis/build/icyphy/ptII/ptolemy/domains/de/test/auto/dynamicCausalityInterface1.xml (RunModel)" time="0.02" />
  <testcase classname="ptolemy.util.test.junit.AutoTests" name="[82] /home/travis/build/icyphy/ptII/ptolemy/domains/de/test/auto/fsm_de_test.xml (RunModel)" time="0.023" />
  <testcase classname="ptolemy.util.test.junit.AutoTests" name="[83] /home/travis/build/icyphy/ptII/ptolemy/domains/de/test/auto/functionDependencyReconstruction.xml (RunModel)" time="0.036" />
  <testcase classname="ptolemy.util.test.junit.AutoTests" name="[84] /home/travis/build/icyphy/ptII/ptolemy/domains/de/test/auto/multirate.xml (RunModel)" time="0.016" />
  <testcase classname="ptolemy.util.test.junit.AutoTests" name="[85] /home/travis/build/icyphy/ptII/ptolemy/domains/de/test/auto/multirate2.xml (RunModel)" time="0.02" />
  <testcase classname="ptolemy.util.test.junit.AutoTests" name="[86] /home/travis/build/icyphy/ptII/ptolemy/domains/de/test/auto/realtime.xml (RunModel)" time="10.01" />
  <testcase classname="ptolemy.util.test.junit.AutoTests" name="[87] /home/travis/build/icyphy/ptII/ptolemy/domains/de/test/auto/relationGroup.xml (RunModel)" time="0.011" />
  <testcase classname="ptolemy.util.test.junit.AutoTests" name="[88] /home/travis/build/icyphy/ptII/ptolemy/domains/de/test/auto/relationGroup2.xml (RunModel)" time="0.014" />
  <testcase classname="ptolemy.util.test.junit.AutoTests" name="[89] /home/travis/build/icyphy/ptII/ptolemy/domains/de/test/auto/sortWithOpaquePorts.xml (RunModel)" time="0.014" />
  <testcase classname="ptolemy.util.test.junit.AutoTests" name="[90] /home/travis/build/icyphy/ptII/ptolemy/domains/de/test/auto/transferInputsandOutputs.xml (RunModel)" time="0.019" />
  <testcase classname="ptolemy.util.test.junit.AutoTests" name="[91] /home/travis/build/icyphy/ptII/ptolemy/domains/de/test/auto/triggerType.xml (RunModel)" time="0.011" />
  <system-out><![CDATA[/home/travis/build/icyphy/ptII/ptolemy/domains/de/test/DependencyLoop.tcl
testDefs.tcl: setting time out to 9000 seconds at Wed Nov 13 06:19:40 UTC 2019
70 ms. Memory: 120832K Free: 71624K (59%)
32 ms. Memory: 120832K Free: 54216K (45%)
/home/travis/build/icyphy/ptII/ptolemy/domains/de/test/RunDETestsAsQSS.tcl
Run the DE tests using ptolemy.domains.qss.test.QSSDirectorTest, which extends QSSDirector and prints a message in the constructors.
------------------ testing $PTII/ptolemy/domains/de/test/auto/knownFailedTests/DirectFeedback.xml (Known Failure) 
65 ms. Memory: 120832K Free: 48582K (40%)


==== $PTIIhome/travis/build/icyphy/ptII/ptolemy/domains/de/test/../../../../: Auto Automatic test in file $PTII/ptolemy/domains/de/test/auto/knownFailedTests/DirectFeedback.xml
==== Contents of test case:

	    # FIXME: we should use $relativeFilename here, but it
	    # might have backslashes under Windows, which causes no end
	    # of trouble.
	    createAndExecute $file
	    list {}
	
.... Test generated KNOWN error:
    while executing
ptolemy.kernel.util.IllegalActionException: Test fails in iteration 1.
Value was: 1.0. Should have been: 2.0
  in .DirectFeedback.Test
	at ptolemy.actor.lib.Test.fire(Test.java:268)
	at ptolemy.domains.de.kernel.DEDirector._fire(DEDirector.java:1949)
	at ptolemy.domains.de.kernel.DEDirector.fire(DEDirector.java:502)
	at ptolemy.actor.CompositeActor.fire(CompositeActor.java:455)
	at ptolemy.actor.Manager.iterate(Manager.java:851)
	at ptolemy.actor.Manager.execute(Manager.java:369)
	at ptolemy.actor.Manager.run(Manager.java:1263)
	at ptolemy.actor.Manager$PtolemyRunThread.run(Manager.java:1933)

    while executing
ptolemy.kernel.util.IllegalActionException: Test fails in iteration 1.
Value was: 1.0. Should have been: 2.0
  in .DirectFeedback.Test
    while executing
"java::new ptolemy.moml.MoMLSimpleApplication $file
"
    (procedure "createAndExecute" line 2)
    invoked from within
"createAndExecute $file"
    ("uplevel" body line 5)
    invoked from within
"uplevel $contents_of_test"
------------------ testing $PTII/ptolemy/domains/de/test/auto/knownFailedTests/dependencyLoop.xml (Known Failure) 
41 ms. Memory: 120832K Free: 107894K (89%)


==== $PTIIhome/travis/build/icyphy/ptII/ptolemy/domains/de/test/../../../../: Auto Automatic test in file $PTII/ptolemy/domains/de/test/auto/knownFailedTests/dependencyLoop.xml
==== Contents of test case:

	    # FIXME: we should use $relativeFilename here, but it
	    # might have backslashes under Windows, which causes no end
	    # of trouble.
	    createAndExecute $file
	    list {}
	
.... Test generated KNOWN error:
    while executing
ptolemy.kernel.util.IllegalActionException: Found a zero delay loop containing .dependencyLoop.original
  in .dependencyLoop and .dependencyLoop.original
	at ptolemy.actor.util.CausalityInterfaceForComposites._computeOutputPortDepth(CausalityInterfaceForComposites.java:759)
	at ptolemy.actor.util.CausalityInterfaceForComposites._computeInputDepth(CausalityInterfaceForComposites.java:696)
	at ptolemy.actor.util.CausalityInterfaceForComposites._computeOutputPortDepth(CausalityInterfaceForComposites.java:765)
	at ptolemy.actor.util.CausalityInterfaceForComposites._computeInputDepth(CausalityInterfaceForComposites.java:696)
	at ptolemy.actor.util.CausalityInterfaceForComposites._computeOutputPortDepth(CausalityInterfaceForComposites.java:765)
	at ptolemy.actor.util.CausalityInterfaceForComposites._computeInputDepth(CausalityInterfaceForComposites.java:696)
	at ptolemy.actor.util.CausalityInterfaceForComposites._computeActorDepth(CausalityInterfaceForComposites.java:532)
	at ptolemy.actor.util.CausalityInterfaceForComposites.checkForCycles(CausalityInterfaceForComposites.java:96)
	at ptolemy.domains.de.kernel.DEDirector.preinitialize(DEDirector.java:1338)
	at ptolemy.actor.CompositeActor.preinitialize(CompositeActor.java:1828)
	at ptolemy.actor.Manager.preinitializeAndResolveTypes(Manager.java:1040)
	at ptolemy.actor.Manager.initialize(Manager.java:710)
	at ptolemy.actor.Manager.execute(Manager.java:356)
	at ptolemy.actor.Manager.run(Manager.java:1263)
	at ptolemy.actor.Manager$PtolemyRunThread.run(Manager.java:1933)

    while executing
ptolemy.kernel.util.IllegalActionException: Found a zero delay loop containing .dependencyLoop.original
  in .dependencyLoop and .dependencyLoop.original
    while executing
"java::new ptolemy.moml.MoMLSimpleApplication $file
"
    (procedure "createAndExecute" line 2)
    invoked from within
"createAndExecute $file"
    ("uplevel" body line 5)
    invoked from within
"uplevel $contents_of_test"
------------------ testing $PTII/ptolemy/domains/de/test/auto/knownFailedTests/FSMSource.xml (Known Failure) 
94 ms. Memory: 120832K Free: 99025K (82%)
!!!! Auto was marked as failing, but now passes
------------------ testing $PTII/ptolemy/domains/de/test/auto/knownFailedTests/HierarchicalModel.xml (Known Failure) 
6 ms. Memory: 120832K Free: 81570K (68%)


==== $PTIIhome/travis/build/icyphy/ptII/ptolemy/domains/de/test/../../../../: Auto Automatic test in file $PTII/ptolemy/domains/de/test/auto/knownFailedTests/HierarchicalModel.xml
==== Contents of test case:

	    # FIXME: we should use $relativeFilename here, but it
	    # might have backslashes under Windows, which causes no end
	    # of trouble.
	    createAndExecute $file
	    list {}
	
.... Test generated KNOWN error:
    while executing
ptolemy.kernel.util.IllegalActionException: Found a zero delay loop containing .HierarchicalModel.A
  in .HierarchicalModel and .HierarchicalModel.A
	at ptolemy.actor.util.CausalityInterfaceForComposites._computeOutputPortDepth(CausalityInterfaceForComposites.java:759)
	at ptolemy.actor.util.CausalityInterfaceForComposites._computeInputDepth(CausalityInterfaceForComposites.java:696)
	at ptolemy.actor.util.CausalityInterfaceForComposites._computeOutputPortDepth(CausalityInterfaceForComposites.java:765)
	at ptolemy.actor.util.CausalityInterfaceForComposites._computeInputDepth(CausalityInterfaceForComposites.java:696)
	at ptolemy.actor.util.CausalityInterfaceForComposites._computeOutputPortDepth(CausalityInterfaceForComposites.java:765)
	at ptolemy.actor.util.CausalityInterfaceForComposites._computeInputDepth(CausalityInterfaceForComposites.java:696)
	at ptolemy.actor.util.CausalityInterfaceForComposites._computeActorDepth(CausalityInterfaceForComposites.java:532)
	at ptolemy.actor.util.CausalityInterfaceForComposites.checkForCycles(CausalityInterfaceForComposites.java:96)
	at ptolemy.domains.de.kernel.DEDirector.preinitialize(DEDirector.java:1338)
	at ptolemy.actor.CompositeActor.preinitialize(CompositeActor.java:1828)
	at ptolemy.actor.Manager.preinitializeAndResolveTypes(Manager.java:1040)
	at ptolemy.actor.Manager.initialize(Manager.java:710)
	at ptolemy.actor.Manager.execute(Manager.java:356)
	at ptolemy.actor.Manager.run(Manager.java:1263)
	at ptolemy.actor.Manager$PtolemyRunThread.run(Manager.java:1933)

    while executing
ptolemy.kernel.util.IllegalActionException: Found a zero delay loop containing .HierarchicalModel.A
  in .HierarchicalModel and .HierarchicalModel.A
    while executing
"java::new ptolemy.moml.MoMLSimpleApplication $file
"
    (procedure "createAndExecute" line 2)
    invoked from within
"createAndExecute $file"
    ("uplevel" body line 5)
    invoked from within
"uplevel $contents_of_test"
------------------ testing $PTII/ptolemy/domains/de/test/auto/knownFailedTests/dependencyLoop2.xml (Known Failure) 
34 ms. Memory: 120832K Free: 105096K (87%)


==== $PTIIhome/travis/build/icyphy/ptII/ptolemy/domains/de/test/../../../../: Auto Automatic test in file $PTII/ptolemy/domains/de/test/auto/knownFailedTests/dependencyLoop2.xml
==== Contents of test case:

	    # FIXME: we should use $relativeFilename here, but it
	    # might have backslashes under Windows, which causes no end
	    # of trouble.
	    createAndExecute $file
	    list {}
	
.... Test generated KNOWN error:
    while executing
ptolemy.kernel.util.IllegalActionException: Found a zero delay loop containing .dependencyLoop2.original
  in .dependencyLoop2 and .dependencyLoop2.original
	at ptolemy.actor.util.CausalityInterfaceForComposites._computeOutputPortDepth(CausalityInterfaceForComposites.java:759)
	at ptolemy.actor.util.CausalityInterfaceForComposites._computeInputDepth(CausalityInterfaceForComposites.java:696)
	at ptolemy.actor.util.CausalityInterfaceForComposites._computeOutputPortDepth(CausalityInterfaceForComposites.java:765)
	at ptolemy.actor.util.CausalityInterfaceForComposites._computeInputDepth(CausalityInterfaceForComposites.java:696)
	at ptolemy.actor.util.CausalityInterfaceForComposites._computeOutputPortDepth(CausalityInterfaceForComposites.java:765)
	at ptolemy.actor.util.CausalityInterfaceForComposites._computeInputDepth(CausalityInterfaceForComposites.java:696)
	at ptolemy.actor.util.CausalityInterfaceForComposites._computeActorDepth(CausalityInterfaceForComposites.java:532)
	at ptolemy.actor.util.CausalityInterfaceForComposites.checkForCycles(CausalityInterfaceForComposites.java:96)
	at ptolemy.domains.de.kernel.DEDirector.preinitialize(DEDirector.java:1338)
	at ptolemy.actor.CompositeActor.preinitialize(CompositeActor.java:1828)
	at ptolemy.actor.Manager.preinitializeAndResolveTypes(Manager.java:1040)
	at ptolemy.actor.Manager.initialize(Manager.java:710)
	at ptolemy.actor.Manager.execute(Manager.java:356)
	at ptolemy.actor.Manager.run(Manager.java:1263)
	at ptolemy.actor.Manager$PtolemyRunThread.run(Manager.java:1933)

    while executing
ptolemy.kernel.util.IllegalActionException: Found a zero delay loop containing .dependencyLoop2.original
  in .dependencyLoop2 and .dependencyLoop2.original
    while executing
"java::new ptolemy.moml.MoMLSimpleApplication $file
"
    (procedure "createAndExecute" line 2)
    invoked from within
"createAndExecute $file"
    ("uplevel" body line 5)
    invoked from within
"uplevel $contents_of_test"
------------------ testing $PTII/ptolemy/domains/de/test/auto/knownFailedTests/DESDFClockTest.xml (Known Failure) 
2048 ms. Memory: 120832K Free: 92107K (76%)


==== $PTIIhome/travis/build/icyphy/ptII/ptolemy/domains/de/test/../../../../: Auto Automatic test in file $PTII/ptolemy/domains/de/test/auto/knownFailedTests/DESDFClockTest.xml
==== Contents of test case:

	    # FIXME: we should use $relativeFilename here, but it
	    # might have backslashes under Windows, which causes no end
	    # of trouble.
	    createAndExecute $file
	    list {}
	
.... Test generated KNOWN error:
    while executing
ptolemy.kernel.util.IllegalActionException: Actor is not ready to fire.  Perhaps UpSample.prefire() returned false? Try debugging the actor by selecting "Listen to Actor".  Also, for SDF check moml for tokenConsumptionRate on input.
  in .DESDFClockTest.Play Bell.Copy1:SDF Director and .DESDFClockTest.Play Bell.UpSample
	at ptolemy.actor.sched.StaticSchedulingDirector.fire(StaticSchedulingDirector.java:227)
	at ptolemy.domains.sdf.kernel.SDFDirector.fire(SDFDirector.java:500)
	at ptolemy.actor.CompositeActor.fire(CompositeActor.java:455)
	at ptolemy.domains.de.kernel.DEDirector._fire(DEDirector.java:1949)
	at ptolemy.domains.de.kernel.DEDirector.fire(DEDirector.java:502)
	at ptolemy.actor.CompositeActor.fire(CompositeActor.java:455)
	at ptolemy.actor.Manager.iterate(Manager.java:851)
	at ptolemy.actor.Manager.execute(Manager.java:369)
	at ptolemy.actor.Manager.run(Manager.java:1263)
	at ptolemy.actor.Manager$PtolemyRunThread.run(Manager.java:1933)

    while executing
ptolemy.kernel.util.IllegalActionException: Actor is not ready to fire.  Perhaps UpSample.prefire() returned false? Try debugging the actor by selecting "Listen to Actor".  Also, for SDF check moml for tokenConsumptionRate on input.
  in .DESDFClockTest.Play Bell.Copy1:SDF Director and .DESDFClockTest.Play Bell.UpSample
    while executing
"java::new ptolemy.moml.MoMLSimpleApplication $file
"
    (procedure "createAndExecute" line 2)
    invoked from within
"createAndExecute $file"
    ("uplevel" body line 5)
    invoked from within
"uplevel $contents_of_test"
------------------ testing $PTII/ptolemy/domains/de/test/auto/ActorDepthCalculation_actorWithoutPorts.xml
auto.tcl: Setting watchdog for 200 seconds at Wed Nov 13 06:19:44 UTC 2019
11 ms. Memory: 120832K Free: 85267K (71%)
ptolemy.util.test.WatchDog.cancel(): canceling Wed Nov 13 06:19:44 UTC 2019
auto.tcl: Setting watchdog for 200 seconds at Wed Nov 13 06:19:44 UTC 2019
10 ms. Memory: 120832K Free: 83592K (69%)
ptolemy.util.test.WatchDog.cancel(): canceling Wed Nov 13 06:19:44 UTC 2019
------------------ testing $PTII/ptolemy/domains/de/test/auto/AssemblyLine.xml
auto.tcl: Setting watchdog for 200 seconds at Wed Nov 13 06:19:44 UTC 2019
20 ms. Memory: 48128K Free: 26012K (54%)
ptolemy.util.test.WatchDog.cancel(): canceling Wed Nov 13 06:19:45 UTC 2019
auto.tcl: Setting watchdog for 200 seconds at Wed Nov 13 06:19:45 UTC 2019
17 ms. Memory: 48128K Free: 25340K (53%)
ptolemy.util.test.WatchDog.cancel(): canceling Wed Nov 13 06:19:45 UTC 2019
------------------ testing $PTII/ptolemy/domains/de/test/auto/CQBug1.xml
auto.tcl: Setting watchdog for 200 seconds at Wed Nov 13 06:19:45 UTC 2019
3 ms. Memory: 48128K Free: 31512K (65%)
ptolemy.util.test.WatchDog.cancel(): canceling Wed Nov 13 06:19:45 UTC 2019
auto.tcl: Setting watchdog for 200 seconds at Wed Nov 13 06:19:45 UTC 2019
2 ms. Memory: 48128K Free: 31068K (65%)
ptolemy.util.test.WatchDog.cancel(): canceling Wed Nov 13 06:19:45 UTC 2019
------------------ testing $PTII/ptolemy/domains/de/test/auto/CancelFireAt.xml
auto.tcl: Setting watchdog for 200 seconds at Wed Nov 13 06:19:45 UTC 2019
2 ms. Memory: 48128K Free: 32776K (68%)
ptolemy.util.test.WatchDog.cancel(): canceling Wed Nov 13 06:19:45 UTC 2019
auto.tcl: Setting watchdog for 200 seconds at Wed Nov 13 06:19:45 UTC 2019
2 ms. Memory: 48128K Free: 32332K (67%)
ptolemy.util.test.WatchDog.cancel(): canceling Wed Nov 13 06:19:45 UTC 2019
------------------ testing $PTII/ptolemy/domains/de/test/auto/CausalityAndComposabilityAnalysis.xml
auto.tcl: Setting watchdog for 200 seconds at Wed Nov 13 06:19:45 UTC 2019
7 ms. Memory: 48128K Free: 30489K (63%)
ptolemy.util.test.WatchDog.cancel(): canceling Wed Nov 13 06:19:45 UTC 2019
auto.tcl: Setting watchdog for 200 seconds at Wed Nov 13 06:19:45 UTC 2019
9 ms. Memory: 48128K Free: 30045K (62%)
ptolemy.util.test.WatchDog.cancel(): canceling Wed Nov 13 06:19:45 UTC 2019
------------------ testing $PTII/ptolemy/domains/de/test/auto/CausalityInterface1.xml
auto.tcl: Setting watchdog for 200 seconds at Wed Nov 13 06:19:45 UTC 2019
41 ms. Memory: 48128K Free: 29399K (61%)
ptolemy.util.test.WatchDog.cancel(): canceling Wed Nov 13 06:19:45 UTC 2019
auto.tcl: Setting watchdog for 200 seconds at Wed Nov 13 06:19:45 UTC 2019
5 ms. Memory: 48128K Free: 28449K (59%)
ptolemy.util.test.WatchDog.cancel(): canceling Wed Nov 13 06:19:45 UTC 2019
------------------ testing $PTII/ptolemy/domains/de/test/auto/CausalityInterface15.xml
auto.tcl: Setting watchdog for 200 seconds at Wed Nov 13 06:19:45 UTC 2019
6 ms. Memory: 48128K Free: 29596K (61%)
ptolemy.util.test.WatchDog.cancel(): canceling Wed Nov 13 06:19:45 UTC 2019
auto.tcl: Setting watchdog for 200 seconds at Wed Nov 13 06:19:45 UTC 2019
7 ms. Memory: 48128K Free: 28428K (59%)
ptolemy.util.test.WatchDog.cancel(): canceling Wed Nov 13 06:19:45 UTC 2019
------------------ testing $PTII/ptolemy/domains/de/test/auto/CausalityInterface2.xml
auto.tcl: Setting watchdog for 200 seconds at Wed Nov 13 06:19:45 UTC 2019
4 ms. Memory: 48128K Free: 30158K (63%)
ptolemy.util.test.WatchDog.cancel(): canceling Wed Nov 13 06:19:45 UTC 2019
auto.tcl: Setting watchdog for 200 seconds at Wed Nov 13 06:19:45 UTC 2019
3 ms. Memory: 48128K Free: 29440K (61%)
ptolemy.util.test.WatchDog.cancel(): canceling Wed Nov 13 06:19:45 UTC 2019
------------------ testing $PTII/ptolemy/domains/de/test/auto/CausalityInterface3.xml
auto.tcl: Setting watchdog for 200 seconds at Wed Nov 13 06:19:45 UTC 2019
10 ms. Memory: 48128K Free: 29331K (61%)
ptolemy.util.test.WatchDog.cancel(): canceling Wed Nov 13 06:19:45 UTC 2019
auto.tcl: Setting watchdog for 200 seconds at Wed Nov 13 06:19:45 UTC 2019
4 ms. Memory: 48128K Free: 28831K (60%)
ptolemy.util.test.WatchDog.cancel(): canceling Wed Nov 13 06:19:45 UTC 2019
------------------ testing $PTII/ptolemy/domains/de/test/auto/ClockDrift.xml
auto.tcl: Setting watchdog for 200 seconds at Wed Nov 13 06:19:45 UTC 2019
125 ms. Memory: 48128K Free: 22202K (46%)
ptolemy.util.test.WatchDog.cancel(): canceling Wed Nov 13 06:19:45 UTC 2019
auto.tcl: Setting watchdog for 200 seconds at Wed Nov 13 06:19:45 UTC 2019
68 ms. Memory: 48128K Free: 19214K (40%)
ptolemy.util.test.WatchDog.cancel(): canceling Wed Nov 13 06:19:46 UTC 2019
------------------ testing $PTII/ptolemy/domains/de/test/auto/ClockDriftAndValueChange.xml
auto.tcl: Setting watchdog for 200 seconds at Wed Nov 13 06:19:46 UTC 2019
50 ms. Memory: 48128K Free: 22285K (46%)
ptolemy.util.test.WatchDog.cancel(): canceling Wed Nov 13 06:19:46 UTC 2019
auto.tcl: Setting watchdog for 200 seconds at Wed Nov 13 06:19:46 UTC 2019
26 ms. Memory: 48128K Free: 19450K (40%)
ptolemy.util.test.WatchDog.cancel(): canceling Wed Nov 13 06:19:46 UTC 2019
------------------ testing $PTII/ptolemy/domains/de/test/auto/ClockDriftChange.xml
auto.tcl: Setting watchdog for 200 seconds at Wed Nov 13 06:19:46 UTC 2019
25 ms. Memory: 48128K Free: 24331K (51%)
ptolemy.util.test.WatchDog.cancel(): canceling Wed Nov 13 06:19:46 UTC 2019
auto.tcl: Setting watchdog for 200 seconds at Wed Nov 13 06:19:46 UTC 2019
24 ms. Memory: 48128K Free: 21775K (45%)
ptolemy.util.test.WatchDog.cancel(): canceling Wed Nov 13 06:19:46 UTC 2019
------------------ testing $PTII/ptolemy/domains/de/test/auto/ComposableCausalityAnalysis.xml
auto.tcl: Setting watchdog for 200 seconds at Wed Nov 13 06:19:46 UTC 2019
3 ms. Memory: 48128K Free: 28947K (60%)
ptolemy.util.test.WatchDog.cancel(): canceling Wed Nov 13 06:19:46 UTC 2019
auto.tcl: Setting watchdog for 200 seconds at Wed Nov 13 06:19:46 UTC 2019
5 ms. Memory: 48128K Free: 27883K (58%)
ptolemy.util.test.WatchDog.cancel(): canceling Wed Nov 13 06:19:46 UTC 2019
------------------ testing $PTII/ptolemy/domains/de/test/auto/DEFixedPointLimitation.xml
auto.tcl: Setting watchdog for 200 seconds at Wed Nov 13 06:19:46 UTC 2019
2 ms. Memory: 48128K Free: 30217K (63%)
ptolemy.util.test.WatchDog.cancel(): canceling Wed Nov 13 06:19:46 UTC 2019
auto.tcl: Setting watchdog for 200 seconds at Wed Nov 13 06:19:46 UTC 2019
2 ms. Memory: 48128K Free: 29393K (61%)
ptolemy.util.test.WatchDog.cancel(): canceling Wed Nov 13 06:19:46 UTC 2019
------------------ testing $PTII/ptolemy/domains/de/test/auto/DEScheduleTest.xml
auto.tcl: Setting watchdog for 200 seconds at Wed Nov 13 06:19:46 UTC 2019
5 ms. Memory: 48128K Free: 30612K (64%)
ptolemy.util.test.WatchDog.cancel(): canceling Wed Nov 13 06:19:46 UTC 2019
auto.tcl: Setting watchdog for 200 seconds at Wed Nov 13 06:19:46 UTC 2019
3 ms. Memory: 48128K Free: 29852K (62%)
ptolemy.util.test.WatchDog.cancel(): canceling Wed Nov 13 06:19:46 UTC 2019
------------------ testing $PTII/ptolemy/domains/de/test/auto/DEinDEwithStartTimes.xml
auto.tcl: Setting watchdog for 200 seconds at Wed Nov 13 06:19:46 UTC 2019
6 ms. Memory: 48128K Free: 28767K (60%)
ptolemy.util.test.WatchDog.cancel(): canceling Wed Nov 13 06:19:46 UTC 2019
auto.tcl: Setting watchdog for 200 seconds at Wed Nov 13 06:19:46 UTC 2019
4 ms. Memory: 48128K Free: 27743K (58%)
ptolemy.util.test.WatchDog.cancel(): canceling Wed Nov 13 06:19:46 UTC 2019
------------------ testing $PTII/ptolemy/domains/de/test/auto/DEinDEwithStartTimes2.xml
auto.tcl: Setting watchdog for 200 seconds at Wed Nov 13 06:19:46 UTC 2019
5 ms. Memory: 48128K Free: 27951K (58%)
ptolemy.util.test.WatchDog.cancel(): canceling Wed Nov 13 06:19:46 UTC 2019
auto.tcl: Setting watchdog for 200 seconds at Wed Nov 13 06:19:46 UTC 2019
4 ms. Memory: 48128K Free: 26698K (55%)
ptolemy.util.test.WatchDog.cancel(): canceling Wed Nov 13 06:19:46 UTC 2019
------------------ testing $PTII/ptolemy/domains/de/test/auto/DateDemo.xml
auto.tcl: Setting watchdog for 200 seconds at Wed Nov 13 06:19:46 UTC 2019
23 ms. Memory: 48128K Free: 22339K (46%)
ptolemy.util.test.WatchDog.cancel(): canceling Wed Nov 13 06:19:47 UTC 2019
auto.tcl: Setting watchdog for 200 seconds at Wed Nov 13 06:19:47 UTC 2019
11 ms. Memory: 48128K Free: 20784K (43%)
ptolemy.util.test.WatchDog.cancel(): canceling Wed Nov 13 06:19:47 UTC 2019
------------------ testing $PTII/ptolemy/domains/de/test/auto/DateToEvent.xml
auto.tcl: Setting watchdog for 200 seconds at Wed Nov 13 06:19:47 UTC 2019
2016 ms. Memory: 48128K Free: 18261K (38%)
ptolemy.util.test.WatchDog.cancel(): canceling Wed Nov 13 06:19:49 UTC 2019
auto.tcl: Setting watchdog for 200 seconds at Wed Nov 13 06:19:49 UTC 2019
2007 ms. Memory: 48128K Free: 17497K (36%)
ptolemy.util.test.WatchDog.cancel(): canceling Wed Nov 13 06:19:51 UTC 2019
------------------ testing $PTII/ptolemy/domains/de/test/auto/DepthTest1.xml
auto.tcl: Setting watchdog for 200 seconds at Wed Nov 13 06:19:51 UTC 2019
3 ms. Memory: 48128K Free: 31408K (65%)
ptolemy.util.test.WatchDog.cancel(): canceling Wed Nov 13 06:19:51 UTC 2019
auto.tcl: Setting watchdog for 200 seconds at Wed Nov 13 06:19:51 UTC 2019
1 ms. Memory: 48128K Free: 31004K (64%)
ptolemy.util.test.WatchDog.cancel(): canceling Wed Nov 13 06:19:51 UTC 2019
------------------ testing $PTII/ptolemy/domains/de/test/auto/DepthTest2.xml
auto.tcl: Setting watchdog for 200 seconds at Wed Nov 13 06:19:51 UTC 2019
5 ms. Memory: 48128K Free: 28196K (59%)
ptolemy.util.test.WatchDog.cancel(): canceling Wed Nov 13 06:19:51 UTC 2019
auto.tcl: Setting watchdog for 200 seconds at Wed Nov 13 06:19:51 UTC 2019
3 ms. Memory: 48128K Free: 27769K (58%)
ptolemy.util.test.WatchDog.cancel(): canceling Wed Nov 13 06:19:51 UTC 2019
------------------ testing $PTII/ptolemy/domains/de/test/auto/DepthTest3.xml
auto.tcl: Setting watchdog for 200 seconds at Wed Nov 13 06:19:51 UTC 2019
2 ms. Memory: 48128K Free: 31739K (66%)
ptolemy.util.test.WatchDog.cancel(): canceling Wed Nov 13 06:19:51 UTC 2019
auto.tcl: Setting watchdog for 200 seconds at Wed Nov 13 06:19:51 UTC 2019
1 ms. Memory: 48128K Free: 31304K (65%)
ptolemy.util.test.WatchDog.cancel(): canceling Wed Nov 13 06:19:51 UTC 2019
------------------ testing $PTII/ptolemy/domains/de/test/auto/DepthTest4.xml
auto.tcl: Setting watchdog for 200 seconds at Wed Nov 13 06:19:51 UTC 2019
7 ms. Memory: 48128K Free: 30011K (62%)
ptolemy.util.test.WatchDog.cancel(): canceling Wed Nov 13 06:19:51 UTC 2019
auto.tcl: Setting watchdog for 200 seconds at Wed Nov 13 06:19:51 UTC 2019
2 ms. Memory: 48128K Free: 29346K (61%)
ptolemy.util.test.WatchDog.cancel(): canceling Wed Nov 13 06:19:51 UTC 2019
------------------ testing $PTII/ptolemy/domains/de/test/auto/DepthTest5.xml
auto.tcl: Setting watchdog for 200 seconds at Wed Nov 13 06:19:51 UTC 2019
4 ms. Memory: 48128K Free: 29446K (61%)
ptolemy.util.test.WatchDog.cancel(): canceling Wed Nov 13 06:19:51 UTC 2019
auto.tcl: Setting watchdog for 200 seconds at Wed Nov 13 06:19:51 UTC 2019
5 ms. Memory: 48128K Free: 28700K (60%)
ptolemy.util.test.WatchDog.cancel(): canceling Wed Nov 13 06:19:51 UTC 2019
------------------ testing $PTII/ptolemy/domains/de/test/auto/DepthTest6.xml
auto.tcl: Setting watchdog for 200 seconds at Wed Nov 13 06:19:51 UTC 2019
5 ms. Memory: 48128K Free: 29154K (61%)
ptolemy.util.test.WatchDog.cancel(): canceling Wed Nov 13 06:19:51 UTC 2019
auto.tcl: Setting watchdog for 200 seconds at Wed Nov 13 06:19:51 UTC 2019
2 ms. Memory: 48128K Free: 28742K (60%)
ptolemy.util.test.WatchDog.cancel(): canceling Wed Nov 13 06:19:51 UTC 2019
------------------ testing $PTII/ptolemy/domains/de/test/auto/DepthTest7.xml
auto.tcl: Setting watchdog for 200 seconds at Wed Nov 13 06:19:51 UTC 2019
4 ms. Memory: 48128K Free: 29935K (62%)
ptolemy.util.test.WatchDog.cancel(): canceling Wed Nov 13 06:19:51 UTC 2019
auto.tcl: Setting watchdog for 200 seconds at Wed Nov 13 06:19:51 UTC 2019
2 ms. Memory: 48128K Free: 29255K (61%)
ptolemy.util.test.WatchDog.cancel(): canceling Wed Nov 13 06:19:51 UTC 2019
------------------ testing $PTII/ptolemy/domains/de/test/auto/EventToDate.xml
auto.tcl: Setting watchdog for 200 seconds at Wed Nov 13 06:19:51 UTC 2019
3009 ms. Memory: 48128K Free: 20733K (43%)
ptolemy.util.test.WatchDog.cancel(): canceling Wed Nov 13 06:19:54 UTC 2019
auto.tcl: Setting watchdog for 200 seconds at Wed Nov 13 06:19:54 UTC 2019
3005 ms. Memory: 48128K Free: 20089K (42%)
ptolemy.util.test.WatchDog.cancel(): canceling Wed Nov 13 06:19:57 UTC 2019
------------------ testing $PTII/ptolemy/domains/de/test/auto/FSM1.xml
auto.tcl: Setting watchdog for 200 seconds at Wed Nov 13 06:19:57 UTC 2019
38 ms. Memory: 48128K Free: 22006K (46%)
ptolemy.util.test.WatchDog.cancel(): canceling Wed Nov 13 06:19:58 UTC 2019
auto.tcl: Setting watchdog for 200 seconds at Wed Nov 13 06:19:58 UTC 2019
25 ms. Memory: 48128K Free: 18734K (39%)
ptolemy.util.test.WatchDog.cancel(): canceling Wed Nov 13 06:19:58 UTC 2019
------------------ testing $PTII/ptolemy/domains/de/test/auto/FSM7.xml
auto.tcl: Setting watchdog for 200 seconds at Wed Nov 13 06:19:58 UTC 2019
14 ms. Memory: 48128K Free: 21676K (45%)
ptolemy.util.test.WatchDog.cancel(): canceling Wed Nov 13 06:19:58 UTC 2019
auto.tcl: Setting watchdog for 200 seconds at Wed Nov 13 06:19:58 UTC 2019
28 ms. Memory: 48128K Free: 18519K (38%)
ptolemy.util.test.WatchDog.cancel(): canceling Wed Nov 13 06:19:58 UTC 2019
------------------ testing $PTII/ptolemy/domains/de/test/auto/Inspection.xml
auto.tcl: Setting watchdog for 200 seconds at Wed Nov 13 06:19:58 UTC 2019
27 ms. Memory: 48128K Free: 21724K (45%)
ptolemy.util.test.WatchDog.cancel(): canceling Wed Nov 13 06:19:58 UTC 2019
auto.tcl: Setting watchdog for 200 seconds at Wed Nov 13 06:19:58 UTC 2019
18 ms. Memory: 48128K Free: 20001K (42%)
ptolemy.util.test.WatchDog.cancel(): canceling Wed Nov 13 06:19:58 UTC 2019
------------------ testing $PTII/ptolemy/domains/de/test/auto/Iteration.xml
auto.tcl: Setting watchdog for 200 seconds at Wed Nov 13 06:19:58 UTC 2019
8 ms. Memory: 48128K Free: 27468K (57%)
ptolemy.util.test.WatchDog.cancel(): canceling Wed Nov 13 06:19:58 UTC 2019
auto.tcl: Setting watchdog for 200 seconds at Wed Nov 13 06:19:58 UTC 2019
9 ms. Memory: 48128K Free: 26057K (54%)
ptolemy.util.test.WatchDog.cancel(): canceling Wed Nov 13 06:19:58 UTC 2019
------------------ testing $PTII/ptolemy/domains/de/test/auto/LineFault.xml
auto.tcl: Setting watchdog for 200 seconds at Wed Nov 13 06:19:58 UTC 2019
782 ms. Memory: 48128K Free: 29782K (62%)
ptolemy.util.test.WatchDog.cancel(): canceling Wed Nov 13 06:19:59 UTC 2019
auto.tcl: Setting watchdog for 200 seconds at Wed Nov 13 06:19:59 UTC 2019
623 ms. Memory: 62464K Free: 31939K (51%)
ptolemy.util.test.WatchDog.cancel(): canceling Wed Nov 13 06:20:00 UTC 2019
------------------ testing $PTII/ptolemy/domains/de/test/auto/MergeModel1Add.xml
auto.tcl: Setting watchdog for 200 seconds at Wed Nov 13 06:20:00 UTC 2019
23 ms. Memory: 55296K Free: 20619K (37%)
ptolemy.util.test.WatchDog.cancel(): canceling Wed Nov 13 06:20:00 UTC 2019
auto.tcl: Setting watchdog for 200 seconds at Wed Nov 13 06:20:00 UTC 2019
23 ms. Memory: 55296K Free: 18929K (34%)
ptolemy.util.test.WatchDog.cancel(): canceling Wed Nov 13 06:20:00 UTC 2019
------------------ testing $PTII/ptolemy/domains/de/test/auto/MergeModel2Add.xml
auto.tcl: Setting watchdog for 200 seconds at Wed Nov 13 06:20:00 UTC 2019
16 ms. Memory: 48128K Free: 15303K (32%)
ptolemy.util.test.WatchDog.cancel(): canceling Wed Nov 13 06:20:00 UTC 2019
auto.tcl: Setting watchdog for 200 seconds at Wed Nov 13 06:20:00 UTC 2019
14 ms. Memory: 48128K Free: 13550K (28%)
ptolemy.util.test.WatchDog.cancel(): canceling Wed Nov 13 06:20:00 UTC 2019
------------------ testing $PTII/ptolemy/domains/de/test/auto/MergeModel3Add.xml
auto.tcl: Setting watchdog for 200 seconds at Wed Nov 13 06:20:00 UTC 2019
9 ms. Memory: 48128K Free: 15541K (32%)
ptolemy.util.test.WatchDog.cancel(): canceling Wed Nov 13 06:20:00 UTC 2019
auto.tcl: Setting watchdog for 200 seconds at Wed Nov 13 06:20:00 UTC 2019
9 ms. Memory: 48128K Free: 13988K (29%)
ptolemy.util.test.WatchDog.cancel(): canceling Wed Nov 13 06:20:00 UTC 2019
------------------ testing $PTII/ptolemy/domains/de/test/auto/MergeWithoutDiscard.xml
auto.tcl: Setting watchdog for 200 seconds at Wed Nov 13 06:20:00 UTC 2019
1 ms. Memory: 48128K Free: 29843K (62%)
ptolemy.util.test.WatchDog.cancel(): canceling Wed Nov 13 06:20:00 UTC 2019
auto.tcl: Setting watchdog for 200 seconds at Wed Nov 13 06:20:00 UTC 2019
1 ms. Memory: 48128K Free: 29407K (61%)
ptolemy.util.test.WatchDog.cancel(): canceling Wed Nov 13 06:20:00 UTC 2019
------------------ testing $PTII/ptolemy/domains/de/test/auto/Modal1.xml
auto.tcl: Setting watchdog for 200 seconds at Wed Nov 13 06:20:00 UTC 2019
17 ms. Memory: 48128K Free: 22016K (46%)
ptolemy.util.test.WatchDog.cancel(): canceling Wed Nov 13 06:20:00 UTC 2019
auto.tcl: Setting watchdog for 200 seconds at Wed Nov 13 06:20:00 UTC 2019
26 ms. Memory: 48128K Free: 18520K (38%)
ptolemy.util.test.WatchDog.cancel(): canceling Wed Nov 13 06:20:00 UTC 2019
------------------ testing $PTII/ptolemy/domains/de/test/auto/Modal2.xml
auto.tcl: Setting watchdog for 200 seconds at Wed Nov 13 06:20:00 UTC 2019
25 ms. Memory: 48128K Free: 22128K (46%)
ptolemy.util.test.WatchDog.cancel(): canceling Wed Nov 13 06:20:00 UTC 2019
auto.tcl: Setting watchdog for 200 seconds at Wed Nov 13 06:20:00 UTC 2019
22 ms. Memory: 48128K Free: 18863K (39%)
ptolemy.util.test.WatchDog.cancel(): canceling Wed Nov 13 06:20:00 UTC 2019
------------------ testing $PTII/ptolemy/domains/de/test/auto/Modal3.xml
auto.tcl: Setting watchdog for 200 seconds at Wed Nov 13 06:20:00 UTC 2019
17 ms. Memory: 48128K Free: 21845K (45%)
ptolemy.util.test.WatchDog.cancel(): canceling Wed Nov 13 06:20:01 UTC 2019
auto.tcl: Setting watchdog for 200 seconds at Wed Nov 13 06:20:01 UTC 2019
16 ms. Memory: 48128K Free: 18892K (39%)
ptolemy.util.test.WatchDog.cancel(): canceling Wed Nov 13 06:20:01 UTC 2019
------------------ testing $PTII/ptolemy/domains/de/test/auto/Modal4.xml
auto.tcl: Setting watchdog for 200 seconds at Wed Nov 13 06:20:01 UTC 2019
14 ms. Memory: 48128K Free: 21099K (44%)
ptolemy.util.test.WatchDog.cancel(): canceling Wed Nov 13 06:20:01 UTC 2019
auto.tcl: Setting watchdog for 200 seconds at Wed Nov 13 06:20:01 UTC 2019
16 ms. Memory: 48128K Free: 17241K (36%)
ptolemy.util.test.WatchDog.cancel(): canceling Wed Nov 13 06:20:01 UTC 2019
------------------ testing $PTII/ptolemy/domains/de/test/auto/Modal5.xml
auto.tcl: Setting watchdog for 200 seconds at Wed Nov 13 06:20:01 UTC 2019
13 ms. Memory: 48128K Free: 21064K (44%)
ptolemy.util.test.WatchDog.cancel(): canceling Wed Nov 13 06:20:01 UTC 2019
auto.tcl: Setting watchdog for 200 seconds at Wed Nov 13 06:20:01 UTC 2019
14 ms. Memory: 48128K Free: 17228K (36%)
ptolemy.util.test.WatchDog.cancel(): canceling Wed Nov 13 06:20:01 UTC 2019
------------------ testing $PTII/ptolemy/domains/de/test/auto/Modal6.xml
auto.tcl: Setting watchdog for 200 seconds at Wed Nov 13 06:20:01 UTC 2019
13 ms. Memory: 48128K Free: 21872K (45%)
ptolemy.util.test.WatchDog.cancel(): canceling Wed Nov 13 06:20:01 UTC 2019
auto.tcl: Setting watchdog for 200 seconds at Wed Nov 13 06:20:01 UTC 2019
14 ms. Memory: 48128K Free: 17873K (37%)
ptolemy.util.test.WatchDog.cancel(): canceling Wed Nov 13 06:20:01 UTC 2019
------------------ testing $PTII/ptolemy/domains/de/test/auto/Modal7.xml
auto.tcl: Setting watchdog for 200 seconds at Wed Nov 13 06:20:01 UTC 2019
11 ms. Memory: 48128K Free: 21039K (44%)
ptolemy.util.test.WatchDog.cancel(): canceling Wed Nov 13 06:20:01 UTC 2019
auto.tcl: Setting watchdog for 200 seconds at Wed Nov 13 06:20:01 UTC 2019
12 ms. Memory: 48128K Free: 17500K (36%)
ptolemy.util.test.WatchDog.cancel(): canceling Wed Nov 13 06:20:01 UTC 2019
------------------ testing $PTII/ptolemy/domains/de/test/auto/ModalModel.xml
auto.tcl: Setting watchdog for 200 seconds at Wed Nov 13 06:20:01 UTC 2019
206 ms. Memory: 48128K Free: 11384K (24%)
ptolemy.util.test.WatchDog.cancel(): canceling Wed Nov 13 06:20:01 UTC 2019
auto.tcl: Setting watchdog for 200 seconds at Wed Nov 13 06:20:01 UTC 2019
239 ms. Memory: 64512K Free: 48160K (75%)
ptolemy.util.test.WatchDog.cancel(): canceling Wed Nov 13 06:20:02 UTC 2019
------------------ testing $PTII/ptolemy/domains/de/test/auto/ModalSource.xml
auto.tcl: Setting watchdog for 200 seconds at Wed Nov 13 06:20:02 UTC 2019
7 ms. Memory: 51200K Free: 28974K (57%)
ptolemy.util.test.WatchDog.cancel(): canceling Wed Nov 13 06:20:02 UTC 2019
auto.tcl: Setting watchdog for 200 seconds at Wed Nov 13 06:20:02 UTC 2019
6 ms. Memory: 51200K Free: 26926K (53%)
ptolemy.util.test.WatchDog.cancel(): canceling Wed Nov 13 06:20:02 UTC 2019
------------------ testing $PTII/ptolemy/domains/de/test/auto/NonInterruptibleTimerZeroDelay.xml
auto.tcl: Setting watchdog for 200 seconds at Wed Nov 13 06:20:02 UTC 2019
4 ms. Memory: 48128K Free: 31130K (65%)
ptolemy.util.test.WatchDog.cancel(): canceling Wed Nov 13 06:20:02 UTC 2019
auto.tcl: Setting watchdog for 200 seconds at Wed Nov 13 06:20:02 UTC 2019
3 ms. Memory: 48128K Free: 30226K (63%)
ptolemy.util.test.WatchDog.cancel(): canceling Wed Nov 13 06:20:02 UTC 2019
------------------ testing $PTII/ptolemy/domains/de/test/auto/OpenQueueingNetwork.xml
auto.tcl: Setting watchdog for 200 seconds at Wed Nov 13 06:20:02 UTC 2019
3059 ms. Memory: 121856K Free: 70459K (58%)
ptolemy.util.test.WatchDog.cancel(): canceling Wed Nov 13 06:20:05 UTC 2019
auto.tcl: Setting watchdog for 200 seconds at Wed Nov 13 06:20:05 UTC 2019
2828 ms. Memory: 146432K Free: 90867K (62%)
ptolemy.util.test.WatchDog.cancel(): canceling Wed Nov 13 06:20:08 UTC 2019
------------------ testing $PTII/ptolemy/domains/de/test/auto/OpenQueuingNetwork.xml
auto.tcl: Setting watchdog for 200 seconds at Wed Nov 13 06:20:08 UTC 2019
238 ms. Memory: 55296K Free: 26598K (48%)
ptolemy.util.test.WatchDog.cancel(): canceling Wed Nov 13 06:20:08 UTC 2019
auto.tcl: Setting watchdog for 200 seconds at Wed Nov 13 06:20:08 UTC 2019
251 ms. Memory: 55296K Free: 36083K (65%)
ptolemy.util.test.WatchDog.cancel(): canceling Wed Nov 13 06:20:09 UTC 2019
------------------ testing $PTII/ptolemy/domains/de/test/auto/PeriodicSampler.xml
auto.tcl: Setting watchdog for 200 seconds at Wed Nov 13 06:20:09 UTC 2019
2 ms. Memory: 48128K Free: 30039K (62%)
ptolemy.util.test.WatchDog.cancel(): canceling Wed Nov 13 06:20:09 UTC 2019
auto.tcl: Setting watchdog for 200 seconds at Wed Nov 13 06:20:09 UTC 2019
2 ms. Memory: 48128K Free: 29534K (61%)
ptolemy.util.test.WatchDog.cancel(): canceling Wed Nov 13 06:20:09 UTC 2019
------------------ testing $PTII/ptolemy/domains/de/test/auto/PersistentIO.xml
auto.tcl: Setting watchdog for 200 seconds at Wed Nov 13 06:20:09 UTC 2019
11 ms. Memory: 48128K Free: 24972K (52%)
ptolemy.util.test.WatchDog.cancel(): canceling Wed Nov 13 06:20:09 UTC 2019
auto.tcl: Setting watchdog for 200 seconds at Wed Nov 13 06:20:09 UTC 2019
4 ms. Memory: 48128K Free: 23524K (49%)
ptolemy.util.test.WatchDog.cancel(): canceling Wed Nov 13 06:20:09 UTC 2019
------------------ testing $PTII/ptolemy/domains/de/test/auto/PortParameterResetOnInitialize.xml
auto.tcl: Setting watchdog for 200 seconds at Wed Nov 13 06:20:09 UTC 2019
6 ms. Memory: 48128K Free: 29960K (62%)
ptolemy.util.test.WatchDog.cancel(): canceling Wed Nov 13 06:20:09 UTC 2019
auto.tcl: Setting watchdog for 200 seconds at Wed Nov 13 06:20:09 UTC 2019
2 ms. Memory: 48128K Free: 29488K (61%)
ptolemy.util.test.WatchDog.cancel(): canceling Wed Nov 13 06:20:09 UTC 2019
------------------ testing $PTII/ptolemy/domains/de/test/auto/PortParameterUpdates.xml
auto.tcl: Setting watchdog for 200 seconds at Wed Nov 13 06:20:09 UTC 2019
3 ms. Memory: 48128K Free: 28046K (58%)
ptolemy.util.test.WatchDog.cancel(): canceling Wed Nov 13 06:20:09 UTC 2019
auto.tcl: Setting watchdog for 200 seconds at Wed Nov 13 06:20:09 UTC 2019
3 ms. Memory: 48128K Free: 26557K (55%)
ptolemy.util.test.WatchDog.cancel(): canceling Wed Nov 13 06:20:09 UTC 2019
------------------ testing $PTII/ptolemy/domains/de/test/auto/QueueAndServer.xml
auto.tcl: Setting watchdog for 200 seconds at Wed Nov 13 06:20:09 UTC 2019
6 ms. Memory: 48128K Free: 26965K (56%)
ptolemy.util.test.WatchDog.cancel(): canceling Wed Nov 13 06:20:09 UTC 2019
auto.tcl: Setting watchdog for 200 seconds at Wed Nov 13 06:20:09 UTC 2019
6 ms. Memory: 48128K Free: 25540K (53%)
ptolemy.util.test.WatchDog.cancel(): canceling Wed Nov 13 06:20:09 UTC 2019
------------------ testing $PTII/ptolemy/domains/de/test/auto/Records.xml
auto.tcl: Setting watchdog for 200 seconds at Wed Nov 13 06:20:09 UTC 2019
3 ms. Memory: 48128K Free: 29492K (61%)
ptolemy.util.test.WatchDog.cancel(): canceling Wed Nov 13 06:20:09 UTC 2019
auto.tcl: Setting watchdog for 200 seconds at Wed Nov 13 06:20:09 UTC 2019
3 ms. Memory: 48128K Free: 29003K (60%)
ptolemy.util.test.WatchDog.cancel(): canceling Wed Nov 13 06:20:09 UTC 2019
------------------ testing $PTII/ptolemy/domains/de/test/auto/ResetTransitionWithStartTime1.xml
auto.tcl: Setting watchdog for 200 seconds at Wed Nov 13 06:20:09 UTC 2019
14 ms. Memory: 48128K Free: 26447K (55%)
ptolemy.util.test.WatchDog.cancel(): canceling Wed Nov 13 06:20:09 UTC 2019
auto.tcl: Setting watchdog for 200 seconds at Wed Nov 13 06:20:09 UTC 2019
11 ms. Memory: 48128K Free: 24399K (51%)
ptolemy.util.test.WatchDog.cancel(): canceling Wed Nov 13 06:20:09 UTC 2019
------------------ testing $PTII/ptolemy/domains/de/test/auto/ResetTransitionWithStartTime2.xml
auto.tcl: Setting watchdog for 200 seconds at Wed Nov 13 06:20:09 UTC 2019
6 ms. Memory: 48128K Free: 26540K (55%)
ptolemy.util.test.WatchDog.cancel(): canceling Wed Nov 13 06:20:09 UTC 2019
auto.tcl: Setting watchdog for 200 seconds at Wed Nov 13 06:20:09 UTC 2019
7 ms. Memory: 48128K Free: 24355K (51%)
ptolemy.util.test.WatchDog.cancel(): canceling Wed Nov 13 06:20:09 UTC 2019
------------------ testing $PTII/ptolemy/domains/de/test/auto/ResetTransitionWithStartTime3.xml
auto.tcl: Setting watchdog for 200 seconds at Wed Nov 13 06:20:09 UTC 2019
8 ms. Memory: 48128K Free: 26402K (55%)
ptolemy.util.test.WatchDog.cancel(): canceling Wed Nov 13 06:20:09 UTC 2019
auto.tcl: Setting watchdog for 200 seconds at Wed Nov 13 06:20:09 UTC 2019
5 ms. Memory: 48128K Free: 23866K (50%)
ptolemy.util.test.WatchDog.cancel(): canceling Wed Nov 13 06:20:09 UTC 2019
------------------ testing $PTII/ptolemy/domains/de/test/auto/ResetTransitionWithStartTime4.xml
auto.tcl: Setting watchdog for 200 seconds at Wed Nov 13 06:20:09 UTC 2019
11 ms. Memory: 48128K Free: 26890K (56%)
ptolemy.util.test.WatchDog.cancel(): canceling Wed Nov 13 06:20:09 UTC 2019
auto.tcl: Setting watchdog for 200 seconds at Wed Nov 13 06:20:09 UTC 2019
4 ms. Memory: 48128K Free: 25456K (53%)
ptolemy.util.test.WatchDog.cancel(): canceling Wed Nov 13 06:20:09 UTC 2019
------------------ testing $PTII/ptolemy/domains/de/test/auto/ResettableTimer1.xml
auto.tcl: Setting watchdog for 200 seconds at Wed Nov 13 06:20:09 UTC 2019
3 ms. Memory: 48128K Free: 30880K (64%)
ptolemy.util.test.WatchDog.cancel(): canceling Wed Nov 13 06:20:09 UTC 2019
auto.tcl: Setting watchdog for 200 seconds at Wed Nov 13 06:20:09 UTC 2019
3 ms. Memory: 48128K Free: 30010K (62%)
ptolemy.util.test.WatchDog.cancel(): canceling Wed Nov 13 06:20:09 UTC 2019
------------------ testing $PTII/ptolemy/domains/de/test/auto/ResettableTimer2.xml
auto.tcl: Setting watchdog for 200 seconds at Wed Nov 13 06:20:09 UTC 2019
2 ms. Memory: 48128K Free: 30657K (64%)
ptolemy.util.test.WatchDog.cancel(): canceling Wed Nov 13 06:20:09 UTC 2019
auto.tcl: Setting watchdog for 200 seconds at Wed Nov 13 06:20:09 UTC 2019
2 ms. Memory: 48128K Free: 29586K (61%)
ptolemy.util.test.WatchDog.cancel(): canceling Wed Nov 13 06:20:10 UTC 2019
------------------ testing $PTII/ptolemy/domains/de/test/auto/ResettableTimer3.xml
auto.tcl: Setting watchdog for 200 seconds at Wed Nov 13 06:20:10 UTC 2019
1 ms. Memory: 48128K Free: 31015K (64%)
ptolemy.util.test.WatchDog.cancel(): canceling Wed Nov 13 06:20:10 UTC 2019
auto.tcl: Setting watchdog for 200 seconds at Wed Nov 13 06:20:10 UTC 2019
2 ms. Memory: 48128K Free: 30535K (63%)
ptolemy.util.test.WatchDog.cancel(): canceling Wed Nov 13 06:20:10 UTC 2019
------------------ testing $PTII/ptolemy/domains/de/test/auto/ResettableTimer4.xml
auto.tcl: Setting watchdog for 200 seconds at Wed Nov 13 06:20:10 UTC 2019
1 ms. Memory: 48128K Free: 30554K (63%)
ptolemy.util.test.WatchDog.cancel(): canceling Wed Nov 13 06:20:10 UTC 2019
auto.tcl: Setting watchdog for 200 seconds at Wed Nov 13 06:20:10 UTC 2019
1 ms. Memory: 48128K Free: 30058K (62%)
ptolemy.util.test.WatchDog.cancel(): canceling Wed Nov 13 06:20:10 UTC 2019
------------------ testing $PTII/ptolemy/domains/de/test/auto/ResettableTimer5.xml
auto.tcl: Setting watchdog for 200 seconds at Wed Nov 13 06:20:10 UTC 2019
2 ms. Memory: 48128K Free: 30002K (62%)
ptolemy.util.test.WatchDog.cancel(): canceling Wed Nov 13 06:20:10 UTC 2019
auto.tcl: Setting watchdog for 200 seconds at Wed Nov 13 06:20:10 UTC 2019
2 ms. Memory: 48128K Free: 29522K (61%)
ptolemy.util.test.WatchDog.cancel(): canceling Wed Nov 13 06:20:10 UTC 2019
------------------ testing $PTII/ptolemy/domains/de/test/auto/ResettableTimer6.xml
auto.tcl: Setting watchdog for 200 seconds at Wed Nov 13 06:20:10 UTC 2019
2 ms. Memory: 48128K Free: 30008K (62%)
ptolemy.util.test.WatchDog.cancel(): canceling Wed Nov 13 06:20:10 UTC 2019
auto.tcl: Setting watchdog for 200 seconds at Wed Nov 13 06:20:10 UTC 2019
2 ms. Memory: 48128K Free: 29512K (61%)
ptolemy.util.test.WatchDog.cancel(): canceling Wed Nov 13 06:20:10 UTC 2019
------------------ testing $PTII/ptolemy/domains/de/test/auto/ServerZeroDelay.xml
auto.tcl: Setting watchdog for 200 seconds at Wed Nov 13 06:20:10 UTC 2019
2 ms. Memory: 48128K Free: 30528K (63%)
ptolemy.util.test.WatchDog.cancel(): canceling Wed Nov 13 06:20:10 UTC 2019
auto.tcl: Setting watchdog for 200 seconds at Wed Nov 13 06:20:10 UTC 2019
3 ms. Memory: 48128K Free: 29613K (62%)
ptolemy.util.test.WatchDog.cancel(): canceling Wed Nov 13 06:20:10 UTC 2019
------------------ testing $PTII/ptolemy/domains/de/test/auto/SmartSender.xml
auto.tcl: Setting watchdog for 200 seconds at Wed Nov 13 06:20:10 UTC 2019
3002 ms. Memory: 48128K Free: 30554K (63%)
ptolemy.util.test.WatchDog.cancel(): canceling Wed Nov 13 06:20:13 UTC 2019
auto.tcl: Setting watchdog for 200 seconds at Wed Nov 13 06:20:13 UTC 2019
3001 ms. Memory: 48128K Free: 30050K (62%)
ptolemy.util.test.WatchDog.cancel(): canceling Wed Nov 13 06:20:16 UTC 2019
------------------ testing $PTII/ptolemy/domains/de/test/auto/ThreadedComposite.xml
auto.tcl: Setting watchdog for 200 seconds at Wed Nov 13 06:20:16 UTC 2019
223 ms. Memory: 48128K Free: 12104K (25%)
ptolemy.util.test.WatchDog.cancel(): canceling Wed Nov 13 06:20:16 UTC 2019
auto.tcl: Setting watchdog for 200 seconds at Wed Nov 13 06:20:16 UTC 2019
140 ms. Memory: 48128K Free: 25704K (53%)
ptolemy.util.test.WatchDog.cancel(): canceling Wed Nov 13 06:20:16 UTC 2019
------------------ testing $PTII/ptolemy/domains/de/test/auto/Time.xml
auto.tcl: Setting watchdog for 200 seconds at Wed Nov 13 06:20:16 UTC 2019
624 ms. Memory: 48128K Free: 30300K (63%)
ptolemy.util.test.WatchDog.cancel(): canceling Wed Nov 13 06:20:17 UTC 2019
auto.tcl: Setting watchdog for 200 seconds at Wed Nov 13 06:20:17 UTC 2019
588 ms. Memory: 48128K Free: 29083K (60%)
ptolemy.util.test.WatchDog.cancel(): canceling Wed Nov 13 06:20:18 UTC 2019
------------------ testing $PTII/ptolemy/domains/de/test/auto/TimeDelayZeroDelay.xml
auto.tcl: Setting watchdog for 200 seconds at Wed Nov 13 06:20:18 UTC 2019
3 ms. Memory: 48128K Free: 30449K (63%)
ptolemy.util.test.WatchDog.cancel(): canceling Wed Nov 13 06:20:18 UTC 2019
auto.tcl: Setting watchdog for 200 seconds at Wed Nov 13 06:20:18 UTC 2019
2 ms. Memory: 48128K Free: 29620K (62%)
ptolemy.util.test.WatchDog.cancel(): canceling Wed Nov 13 06:20:18 UTC 2019
------------------ testing $PTII/ptolemy/domains/de/test/auto/TimerZeroDelay.xml
auto.tcl: Setting watchdog for 200 seconds at Wed Nov 13 06:20:18 UTC 2019
4 ms. Memory: 48128K Free: 31002K (64%)
ptolemy.util.test.WatchDog.cancel(): canceling Wed Nov 13 06:20:18 UTC 2019
auto.tcl: Setting watchdog for 200 seconds at Wed Nov 13 06:20:18 UTC 2019
2 ms. Memory: 48128K Free: 30492K (63%)
ptolemy.util.test.WatchDog.cancel(): canceling Wed Nov 13 06:20:18 UTC 2019
------------------ testing $PTII/ptolemy/domains/de/test/auto/TimingParadox.xml
auto.tcl: Setting watchdog for 200 seconds at Wed Nov 13 06:20:18 UTC 2019
421 ms. Memory: 58368K Free: 23683K (41%)
ptolemy.util.test.WatchDog.cancel(): canceling Wed Nov 13 06:20:18 UTC 2019
auto.tcl: Setting watchdog for 200 seconds at Wed Nov 13 06:20:18 UTC 2019
395 ms. Memory: 58368K Free: 19795K (34%)
ptolemy.util.test.WatchDog.cancel(): canceling Wed Nov 13 06:20:19 UTC 2019
------------------ testing $PTII/ptolemy/domains/de/test/auto/TransferInputs.xml
auto.tcl: Setting watchdog for 200 seconds at Wed Nov 13 06:20:19 UTC 2019
2 ms. Memory: 55296K Free: 36128K (65%)
ptolemy.util.test.WatchDog.cancel(): canceling Wed Nov 13 06:20:19 UTC 2019
auto.tcl: Setting watchdog for 200 seconds at Wed Nov 13 06:20:19 UTC 2019
1 ms. Memory: 55296K Free: 35213K (64%)
ptolemy.util.test.WatchDog.cancel(): canceling Wed Nov 13 06:20:19 UTC 2019
------------------ testing $PTII/ptolemy/domains/de/test/auto/TransferOutputs2.xml
auto.tcl: Setting watchdog for 200 seconds at Wed Nov 13 06:20:19 UTC 2019
3 ms. Memory: 51200K Free: 29474K (58%)
ptolemy.util.test.WatchDog.cancel(): canceling Wed Nov 13 06:20:19 UTC 2019
auto.tcl: Setting watchdog for 200 seconds at Wed Nov 13 06:20:19 UTC 2019
4 ms. Memory: 51200K Free: 28046K (55%)
ptolemy.util.test.WatchDog.cancel(): canceling Wed Nov 13 06:20:19 UTC 2019
------------------ testing $PTII/ptolemy/domains/de/test/auto/Trilateration.xml
auto.tcl: Setting watchdog for 200 seconds at Wed Nov 13 06:20:19 UTC 2019
15612 ms. Memory: 451584K Free: 340164K (75%)
ptolemy.util.test.WatchDog.cancel(): canceling Wed Nov 13 06:20:36 UTC 2019
auto.tcl: Setting watchdog for 200 seconds at Wed Nov 13 06:20:36 UTC 2019
11573 ms. Memory: 451584K Free: 356958K (79%)
ptolemy.util.test.WatchDog.cancel(): canceling Wed Nov 13 06:20:47 UTC 2019
------------------ testing $PTII/ptolemy/domains/de/test/auto/TwoSigmaDelta.xml
auto.tcl: Setting watchdog for 200 seconds at Wed Nov 13 06:20:48 UTC 2019
2796 ms. Memory: 89088K Free: 21494K (24%)
ptolemy.util.test.WatchDog.cancel(): canceling Wed Nov 13 06:20:50 UTC 2019
auto.tcl: Setting watchdog for 200 seconds at Wed Nov 13 06:20:50 UTC 2019
2202 ms. Memory: 89088K Free: 15324K (17%)
ptolemy.util.test.WatchDog.cancel(): canceling Wed Nov 13 06:20:53 UTC 2019
------------------ testing $PTII/ptolemy/domains/de/test/auto/VariableDelay.xml
auto.tcl: Setting watchdog for 200 seconds at Wed Nov 13 06:20:53 UTC 2019
4 ms. Memory: 51200K Free: 32502K (63%)
ptolemy.util.test.WatchDog.cancel(): canceling Wed Nov 13 06:20:53 UTC 2019
auto.tcl: Setting watchdog for 200 seconds at Wed Nov 13 06:20:53 UTC 2019
2 ms. Memory: 51200K Free: 31508K (62%)
ptolemy.util.test.WatchDog.cancel(): canceling Wed Nov 13 06:20:53 UTC 2019
------------------ testing $PTII/ptolemy/domains/de/test/auto/VariableDelay2.xml
auto.tcl: Setting watchdog for 200 seconds at Wed Nov 13 06:20:53 UTC 2019
2 ms. Memory: 51200K Free: 33131K (65%)
ptolemy.util.test.WatchDog.cancel(): canceling Wed Nov 13 06:20:53 UTC 2019
auto.tcl: Setting watchdog for 200 seconds at Wed Nov 13 06:20:53 UTC 2019
2 ms. Memory: 51200K Free: 32603K (64%)
ptolemy.util.test.WatchDog.cancel(): canceling Wed Nov 13 06:20:53 UTC 2019
------------------ testing $PTII/ptolemy/domains/de/test/auto/VariableDelayZeroDelay.xml
auto.tcl: Setting watchdog for 200 seconds at Wed Nov 13 06:20:53 UTC 2019
3 ms. Memory: 48128K Free: 30371K (63%)
ptolemy.util.test.WatchDog.cancel(): canceling Wed Nov 13 06:20:53 UTC 2019
auto.tcl: Setting watchdog for 200 seconds at Wed Nov 13 06:20:53 UTC 2019
2 ms. Memory: 48128K Free: 29888K (62%)
ptolemy.util.test.WatchDog.cancel(): canceling Wed Nov 13 06:20:53 UTC 2019
------------------ testing $PTII/ptolemy/domains/de/test/auto/VariableDelayZeroDelay2.xml
auto.tcl: Setting watchdog for 200 seconds at Wed Nov 13 06:20:53 UTC 2019
3 ms. Memory: 48128K Free: 30370K (63%)
ptolemy.util.test.WatchDog.cancel(): canceling Wed Nov 13 06:20:53 UTC 2019
auto.tcl: Setting watchdog for 200 seconds at Wed Nov 13 06:20:53 UTC 2019
2 ms. Memory: 48128K Free: 29424K (61%)
ptolemy.util.test.WatchDog.cancel(): canceling Wed Nov 13 06:20:53 UTC 2019
------------------ testing $PTII/ptolemy/domains/de/test/auto/deInCt.xml
auto.tcl: Setting watchdog for 200 seconds at Wed Nov 13 06:20:53 UTC 2019
0
1
1
1
0
0
0
0
1
1
1
0
0
0
0
0
0
1
1
1
1
0
0
0
0
1
1
1
1
11 ms. Memory: 48128K Free: 29344K (61%)
ptolemy.util.test.WatchDog.cancel(): canceling Wed Nov 13 06:20:53 UTC 2019
auto.tcl: Setting watchdog for 200 seconds at Wed Nov 13 06:20:53 UTC 2019
0
1
1
1
1
0
0
0
1
1
1
0
0
0
0
1
1
1
0
0
0
1
1
1
0
0
0
0
1
1
1
1
0
0
1
1
0
0
0
1
1
1
1
13 ms. Memory: 48128K Free: 27833K (58%)
ptolemy.util.test.WatchDog.cancel(): canceling Wed Nov 13 06:20:53 UTC 2019
------------------ testing $PTII/ptolemy/domains/de/test/auto/deInCt2.xml
auto.tcl: Setting watchdog for 200 seconds at Wed Nov 13 06:20:53 UTC 2019
0
1
1
1
0
0
1
1
1
0
0
1
1
1
0
0
1
1
1
0
0
1
1
1
0
0
1
1
1
0
0
1
1
1
0
0
1
1
1
0
0
0
12 ms. Memory: 48128K Free: 29346K (61%)
ptolemy.util.test.WatchDog.cancel(): canceling Wed Nov 13 06:20:53 UTC 2019
auto.tcl: Setting watchdog for 200 seconds at Wed Nov 13 06:20:53 UTC 2019
0
1
1
1
0
0
1
1
1
0
0
1
1
1
0
0
1
1
1
0
0
1
1
1
0
0
1
1
1
0
0
1
1
1
0
0
1
1
1
0
0
0
9 ms. Memory: 48128K Free: 27839K (58%)
ptolemy.util.test.WatchDog.cancel(): canceling Wed Nov 13 06:20:53 UTC 2019
------------------ testing $PTII/ptolemy/domains/de/test/auto/dynamicCausalityInterface1.xml
auto.tcl: Setting watchdog for 200 seconds at Wed Nov 13 06:20:53 UTC 2019
1 ms. Memory: 48128K Free: 24701K (51%)
ptolemy.util.test.WatchDog.cancel(): canceling Wed Nov 13 06:20:53 UTC 2019
auto.tcl: Setting watchdog for 200 seconds at Wed Nov 13 06:20:53 UTC 2019
1 ms. Memory: 48128K Free: 24221K (50%)
ptolemy.util.test.WatchDog.cancel(): canceling Wed Nov 13 06:20:53 UTC 2019
------------------ testing $PTII/ptolemy/domains/de/test/auto/fsm_de_test.xml
auto.tcl: Setting watchdog for 200 seconds at Wed Nov 13 06:20:53 UTC 2019
8 ms. Memory: 48128K Free: 25143K (52%)
ptolemy.util.test.WatchDog.cancel(): canceling Wed Nov 13 06:20:53 UTC 2019
auto.tcl: Setting watchdog for 200 seconds at Wed Nov 13 06:20:53 UTC 2019
6 ms. Memory: 48128K Free: 23174K (48%)
ptolemy.util.test.WatchDog.cancel(): canceling Wed Nov 13 06:20:53 UTC 2019
------------------ testing $PTII/ptolemy/domains/de/test/auto/functionDependencyReconstruction.xml
auto.tcl: Setting watchdog for 200 seconds at Wed Nov 13 06:20:53 UTC 2019
3 ms. Memory: 48128K Free: 18989K (39%)
ptolemy.util.test.WatchDog.cancel(): canceling Wed Nov 13 06:20:53 UTC 2019
auto.tcl: Setting watchdog for 200 seconds at Wed Nov 13 06:20:53 UTC 2019
2 ms. Memory: 48128K Free: 16982K (35%)
ptolemy.util.test.WatchDog.cancel(): canceling Wed Nov 13 06:20:53 UTC 2019
------------------ testing $PTII/ptolemy/domains/de/test/auto/multirate.xml
auto.tcl: Setting watchdog for 200 seconds at Wed Nov 13 06:20:53 UTC 2019
3 ms. Memory: 48128K Free: 27560K (57%)
ptolemy.util.test.WatchDog.cancel(): canceling Wed Nov 13 06:20:54 UTC 2019
auto.tcl: Setting watchdog for 200 seconds at Wed Nov 13 06:20:54 UTC 2019
3 ms. Memory: 48128K Free: 26067K (54%)
ptolemy.util.test.WatchDog.cancel(): canceling Wed Nov 13 06:20:54 UTC 2019
------------------ testing $PTII/ptolemy/domains/de/test/auto/multirate2.xml
auto.tcl: Setting watchdog for 200 seconds at Wed Nov 13 06:20:54 UTC 2019
4 ms. Memory: 48128K Free: 27970K (58%)
ptolemy.util.test.WatchDog.cancel(): canceling Wed Nov 13 06:20:54 UTC 2019
auto.tcl: Setting watchdog for 200 seconds at Wed Nov 13 06:20:54 UTC 2019
3 ms. Memory: 48128K Free: 26297K (55%)
ptolemy.util.test.WatchDog.cancel(): canceling Wed Nov 13 06:20:54 UTC 2019
------------------ testing $PTII/ptolemy/domains/de/test/auto/realtime.xml
auto.tcl: Setting watchdog for 200 seconds at Wed Nov 13 06:20:54 UTC 2019
10003 ms. Memory: 48128K Free: 30032K (62%)
ptolemy.util.test.WatchDog.cancel(): canceling Wed Nov 13 06:21:04 UTC 2019
auto.tcl: Setting watchdog for 200 seconds at Wed Nov 13 06:21:04 UTC 2019
10001 ms. Memory: 48128K Free: 29290K (61%)
ptolemy.util.test.WatchDog.cancel(): canceling Wed Nov 13 06:21:14 UTC 2019
------------------ testing $PTII/ptolemy/domains/de/test/auto/relationGroup.xml
auto.tcl: Setting watchdog for 200 seconds at Wed Nov 13 06:21:14 UTC 2019
2 ms. Memory: 48128K Free: 31087K (65%)
ptolemy.util.test.WatchDog.cancel(): canceling Wed Nov 13 06:21:14 UTC 2019
auto.tcl: Setting watchdog for 200 seconds at Wed Nov 13 06:21:14 UTC 2019
1 ms. Memory: 48128K Free: 30371K (63%)
ptolemy.util.test.WatchDog.cancel(): canceling Wed Nov 13 06:21:14 UTC 2019
------------------ testing $PTII/ptolemy/domains/de/test/auto/relationGroup2.xml
auto.tcl: Setting watchdog for 200 seconds at Wed Nov 13 06:21:14 UTC 2019
2 ms. Memory: 48128K Free: 31143K (65%)
ptolemy.util.test.WatchDog.cancel(): canceling Wed Nov 13 06:21:14 UTC 2019
auto.tcl: Setting watchdog for 200 seconds at Wed Nov 13 06:21:14 UTC 2019
2 ms. Memory: 48128K Free: 30661K (64%)
ptolemy.util.test.WatchDog.cancel(): canceling Wed Nov 13 06:21:14 UTC 2019
------------------ testing $PTII/ptolemy/domains/de/test/auto/sortWithOpaquePorts.xml
auto.tcl: Setting watchdog for 200 seconds at Wed Nov 13 06:21:14 UTC 2019
1 ms. Memory: 48128K Free: 29871K (62%)
ptolemy.util.test.WatchDog.cancel(): canceling Wed Nov 13 06:21:14 UTC 2019
auto.tcl: Setting watchdog for 200 seconds at Wed Nov 13 06:21:14 UTC 2019
2 ms. Memory: 48128K Free: 28861K (60%)
ptolemy.util.test.WatchDog.cancel(): canceling Wed Nov 13 06:21:14 UTC 2019
------------------ testing $PTII/ptolemy/domains/de/test/auto/transferInputsandOutputs.xml
auto.tcl: Setting watchdog for 200 seconds at Wed Nov 13 06:21:14 UTC 2019
4 ms. Memory: 48128K Free: 27314K (57%)
ptolemy.util.test.WatchDog.cancel(): canceling Wed Nov 13 06:21:14 UTC 2019
auto.tcl: Setting watchdog for 200 seconds at Wed Nov 13 06:21:14 UTC 2019
2 ms. Memory: 48128K Free: 26354K (55%)
ptolemy.util.test.WatchDog.cancel(): canceling Wed Nov 13 06:21:14 UTC 2019
------------------ testing $PTII/ptolemy/domains/de/test/auto/triggerType.xml
auto.tcl: Setting watchdog for 200 seconds at Wed Nov 13 06:21:14 UTC 2019
2 ms. Memory: 48128K Free: 30339K (63%)
ptolemy.util.test.WatchDog.cancel(): canceling Wed Nov 13 06:21:14 UTC 2019
auto.tcl: Setting watchdog for 200 seconds at Wed Nov 13 06:21:14 UTC 2019
2 ms. Memory: 48128K Free: 29363K (61%)
ptolemy.util.test.WatchDog.cancel(): canceling Wed Nov 13 06:21:14 UTC 2019
11/13/19 06:21:14
Failed: 0  Total Tests: 192  ((Passed: 187, Newly Passed: 1)  Known Failed: 5) /home/travis/build/icyphy/ptII/ptolemy/domains/de/test
11/13/19 06:21:14
Failed: 0  Total Tests: 192  ((Passed: 187, Newly Passed: 1)  Known Failed: 5) /home/travis/build/icyphy/ptII/ptolemy/domains/de/test
----------------- testing (KnownFailure) /home/travis/build/icyphy/ptII/ptolemy/domains/de/test/auto/knownFailedTests/DESDFClockTest.xml
2011 ms. Memory: 48128K Free: 23224K (48%)
Known Failure: java.lang.reflect.InvocationTargetException
----------------- testing (KnownFailure) /home/travis/build/icyphy/ptII/ptolemy/domains/de/test/auto/knownFailedTests/DirectFeedback.xml
2 ms. Memory: 48128K Free: 19128K (40%)
Known Failure: java.lang.reflect.InvocationTargetException
----------------- testing (KnownFailure) /home/travis/build/icyphy/ptII/ptolemy/domains/de/test/auto/knownFailedTests/FSMSource.xml
8 ms. Memory: 48128K Free: 11960K (25%)
----------------- testing (KnownFailure) /home/travis/build/icyphy/ptII/ptolemy/domains/de/test/auto/knownFailedTests/HierarchicalModel.xml
4 ms. Memory: 48128K Free: 21786K (45%)
Known Failure: java.lang.reflect.InvocationTargetException
----------------- testing (KnownFailure) /home/travis/build/icyphy/ptII/ptolemy/domains/de/test/auto/knownFailedTests/dependencyLoop.xml
7 ms. Memory: 48128K Free: 32216K (67%)
Known Failure: java.lang.reflect.InvocationTargetException
----------------- testing (KnownFailure) /home/travis/build/icyphy/ptII/ptolemy/domains/de/test/auto/knownFailedTests/dependencyLoop2.xml
2 ms. Memory: 48128K Free: 16856K (35%)
Known Failure: java.lang.reflect.InvocationTargetException
No auto/linux-amd64/*.xml tests in /home/travis/build/icyphy/ptII/ptolemy/domains/de/test
AutoTests.java: About to close Vertx.
AutoTests.java: Vertx closed.

===========================================================================================
----------------- testing Wed Nov 13 06:21:16 UTC 2019 /home/travis/build/icyphy/ptII/ptolemy/domains/de/test/auto/ActorDepthCalculation_actorWithoutPorts.xml
----------------- Instantiating /home/travis/build/icyphy/ptII/ptolemy/domains/de/test/auto/ActorDepthCalculation_actorWithoutPorts.xml
1 ms. Memory: 48128K Free: 10288K (21%)
----------------- Invoking toplevel() on ptolemy.moml.MoMLSimpleApplication@1312c0a6
----------------- Done invoking toplevel() on ptolemy.moml.MoMLSimpleApplication@1312c0a6
reloadAllAccessors: .ActorDepthCalculation_actorWithoutPorts

===========================================================================================
----------------- testing Wed Nov 13 06:21:16 UTC 2019 /home/travis/build/icyphy/ptII/ptolemy/domains/de/test/auto/AssemblyLine.xml
----------------- Instantiating /home/travis/build/icyphy/ptII/ptolemy/domains/de/test/auto/AssemblyLine.xml
3 ms. Memory: 48128K Free: 28721K (60%)
----------------- Invoking toplevel() on ptolemy.moml.MoMLSimpleApplication@7e8df8ee
----------------- Done invoking toplevel() on ptolemy.moml.MoMLSimpleApplication@7e8df8ee
reloadAllAccessors: .AssemblyLine

===========================================================================================
----------------- testing Wed Nov 13 06:21:16 UTC 2019 /home/travis/build/icyphy/ptII/ptolemy/domains/de/test/auto/CQBug1.xml
----------------- Instantiating /home/travis/build/icyphy/ptII/ptolemy/domains/de/test/auto/CQBug1.xml
1 ms. Memory: 48128K Free: 25907K (54%)
----------------- Invoking toplevel() on ptolemy.moml.MoMLSimpleApplication@5a87a764
----------------- Done invoking toplevel() on ptolemy.moml.MoMLSimpleApplication@5a87a764
reloadAllAccessors: .CQBug1

===========================================================================================
----------------- testing Wed Nov 13 06:21:16 UTC 2019 /home/travis/build/icyphy/ptII/ptolemy/domains/de/test/auto/CancelFireAt.xml
----------------- Instantiating /home/travis/build/icyphy/ptII/ptolemy/domains/de/test/auto/CancelFireAt.xml
2 ms. Memory: 48128K Free: 23313K (48%)
----------------- Invoking toplevel() on ptolemy.moml.MoMLSimpleApplication@3c160055
----------------- Done invoking toplevel() on ptolemy.moml.MoMLSimpleApplication@3c160055
reloadAllAccessors: .CancelFireAt

===========================================================================================
----------------- testing Wed Nov 13 06:21:16 UTC 2019 /home/travis/build/icyphy/ptII/ptolemy/domains/de/test/auto/CausalityAndComposabilityAnalysis.xml
----------------- Instantiating /home/travis/build/icyphy/ptII/ptolemy/domains/de/test/auto/CausalityAndComposabilityAnalysis.xml
2 ms. Memory: 48128K Free: 19209K (40%)
----------------- Invoking toplevel() on ptolemy.moml.MoMLSimpleApplication@7d041765
----------------- Done invoking toplevel() on ptolemy.moml.MoMLSimpleApplication@7d041765
reloadAllAccessors: .CausalityAndComposabilityAnalysis

===========================================================================================
----------------- testing Wed Nov 13 06:21:17 UTC 2019 /home/travis/build/icyphy/ptII/ptolemy/domains/de/test/auto/CausalityInterface1.xml
----------------- Instantiating /home/travis/build/icyphy/ptII/ptolemy/domains/de/test/auto/CausalityInterface1.xml
5 ms. Memory: 48128K Free: 13827K (29%)
----------------- Invoking toplevel() on ptolemy.moml.MoMLSimpleApplication@15db2bbd
----------------- Done invoking toplevel() on ptolemy.moml.MoMLSimpleApplication@15db2bbd
reloadAllAccessors: .CausalityInterface1

===========================================================================================
----------------- testing Wed Nov 13 06:21:17 UTC 2019 /home/travis/build/icyphy/ptII/ptolemy/domains/de/test/auto/CausalityInterface15.xml
----------------- Instantiating /home/travis/build/icyphy/ptII/ptolemy/domains/de/test/auto/CausalityInterface15.xml
2 ms. Memory: 48128K Free: 8499K (18%)
----------------- Invoking toplevel() on ptolemy.moml.MoMLSimpleApplication@4fdd2eb0
----------------- Done invoking toplevel() on ptolemy.moml.MoMLSimpleApplication@4fdd2eb0
reloadAllAccessors: .CausalityInterface15

===========================================================================================
----------------- testing Wed Nov 13 06:21:17 UTC 2019 /home/travis/build/icyphy/ptII/ptolemy/domains/de/test/auto/CausalityInterface2.xml
----------------- Instantiating /home/travis/build/icyphy/ptII/ptolemy/domains/de/test/auto/CausalityInterface2.xml
1 ms. Memory: 48128K Free: 29719K (62%)
[...]
	at ptolemy.actor.Manager.run(Manager.java:1263)
	at ptolemy.actor.Manager$PtolemyRunThread.run(Manager.java:1933)
java.lang.RuntimeException: Execution failed
	at ptolemy.moml.MoMLSimpleApplication$UnloadThread.run(MoMLSimpleApplication.java:402)
Caused by: ptolemy.kernel.util.IllegalActionException: Actor is not ready to fire.  Perhaps UpSample.prefire() returned false? Try debugging the actor by selecting "Listen to Actor".  Also, for SDF check moml for tokenConsumptionRate on input.
  in .DESDFClockTest.Play Bell.Copy1:SDF Director and .DESDFClockTest.Play Bell.UpSample
	at ptolemy.actor.sched.StaticSchedulingDirector.fire(StaticSchedulingDirector.java:227)
	at ptolemy.domains.sdf.kernel.SDFDirector.fire(SDFDirector.java:500)
	at ptolemy.actor.CompositeActor.fire(CompositeActor.java:455)
	at ptolemy.domains.de.kernel.DEDirector._fire(DEDirector.java:1949)
	at ptolemy.domains.de.kernel.DEDirector.fire(DEDirector.java:502)
	at ptolemy.actor.CompositeActor.fire(CompositeActor.java:455)
	at ptolemy.actor.Manager.iterate(Manager.java:851)
	at ptolemy.actor.Manager.execute(Manager.java:369)
	at ptolemy.actor.Manager.run(Manager.java:1263)
	at ptolemy.actor.Manager$PtolemyRunThread.run(Manager.java:1933)
java.lang.reflect.InvocationTargetException
	at java.base/jdk.internal.reflect.NativeConstructorAccessorImpl.newInstance0(Native Method)
	at java.base/jdk.internal.reflect.NativeConstructorAccessorImpl.newInstance(NativeConstructorAccessorImpl.java:62)
	at java.base/jdk.internal.reflect.DelegatingConstructorAccessorImpl.newInstance(DelegatingConstructorAccessorImpl.java:45)
	at java.base/java.lang.reflect.Constructor.newInstance(Constructor.java:490)
	at ptolemy.util.test.junit.AutoKnownFailedTests.RunModel(AutoKnownFailedTests.java:105)
	at java.base/jdk.internal.reflect.NativeMethodAccessorImpl.invoke0(Native Method)
	at java.base/jdk.internal.reflect.NativeMethodAccessorImpl.invoke(NativeMethodAccessorImpl.java:62)
	at java.base/jdk.internal.reflect.DelegatingMethodAccessorImpl.invoke(DelegatingMethodAccessorImpl.java:43)
	at java.base/java.lang.reflect.Method.invoke(Method.java:566)
	at org.junit.runners.model.FrameworkMethod$1.runReflectiveCall(FrameworkMethod.java:44)
	at org.junit.internal.runners.model.ReflectiveCallable.run(ReflectiveCallable.java:15)
	at org.junit.runners.model.FrameworkMethod.invokeExplosively(FrameworkMethod.java:41)
	at junitparams.internal.InvokeParameterisedMethod.evaluate(InvokeParameterisedMethod.java:102)
	at org.junit.internal.runners.statements.FailOnTimeout$1.run(FailOnTimeout.java:28)
Caused by: ptolemy.kernel.util.IllegalActionException: Actor is not ready to fire.  Perhaps UpSample.prefire() returned false? Try debugging the actor by selecting "Listen to Actor".  Also, for SDF check moml for tokenConsumptionRate on input.
  in .DESDFClockTest.Play Bell.Copy1:SDF Director and .DESDFClockTest.Play Bell.UpSample
	at ptolemy.actor.sched.StaticSchedulingDirector.fire(StaticSchedulingDirector.java:227)
	at ptolemy.domains.sdf.kernel.SDFDirector.fire(SDFDirector.java:500)
	at ptolemy.actor.CompositeActor.fire(CompositeActor.java:455)
	at ptolemy.domains.de.kernel.DEDirector._fire(DEDirector.java:1949)
	at ptolemy.domains.de.kernel.DEDirector.fire(DEDirector.java:502)
	at ptolemy.actor.CompositeActor.fire(CompositeActor.java:455)
	at ptolemy.actor.Manager.iterate(Manager.java:851)
	at ptolemy.actor.Manager.execute(Manager.java:369)
	at ptolemy.actor.Manager.run(Manager.java:1263)
	at ptolemy.actor.Manager$PtolemyRunThread.run(Manager.java:1933)
java.lang.RuntimeException: Execution failed
	at ptolemy.moml.MoMLSimpleApplication$UnloadThread.run(MoMLSimpleApplication.java:402)
Caused by: ptolemy.kernel.util.IllegalActionException: Test fails in iteration 1.
Value was: 1.0. Should have been: 2.0
  in .DirectFeedback.Test
	at ptolemy.actor.lib.Test.fire(Test.java:268)
	at ptolemy.domains.de.kernel.DEDirector._fire(DEDirector.java:1949)
	at ptolemy.domains.de.kernel.DEDirector.fire(DEDirector.java:502)
	at ptolemy.actor.CompositeActor.fire(CompositeActor.java:455)
	at ptolemy.actor.Manager.iterate(Manager.java:851)
	at ptolemy.actor.Manager.execute(Manager.java:369)
	at ptolemy.actor.Manager.run(Manager.java:1263)
	at ptolemy.actor.Manager$PtolemyRunThread.run(Manager.java:1933)
java.lang.reflect.InvocationTargetException
	at java.base/jdk.internal.reflect.NativeConstructorAccessorImpl.newInstance0(Native Method)
	at java.base/jdk.internal.reflect.NativeConstructorAccessorImpl.newInstance(NativeConstructorAccessorImpl.java:62)
	at java.base/jdk.internal.reflect.DelegatingConstructorAccessorImpl.newInstance(DelegatingConstructorAccessorImpl.java:45)
	at java.base/java.lang.reflect.Constructor.newInstance(Constructor.java:490)
	at ptolemy.util.test.junit.AutoKnownFailedTests.RunModel(AutoKnownFailedTests.java:105)
	at java.base/jdk.internal.reflect.NativeMethodAccessorImpl.invoke0(Native Method)
	at java.base/jdk.internal.reflect.NativeMethodAccessorImpl.invoke(NativeMethodAccessorImpl.java:62)
	at java.base/jdk.internal.reflect.DelegatingMethodAccessorImpl.invoke(DelegatingMethodAccessorImpl.java:43)
	at java.base/java.lang.reflect.Method.invoke(Method.java:566)
	at org.junit.runners.model.FrameworkMethod$1.runReflectiveCall(FrameworkMethod.java:44)
	at org.junit.internal.runners.model.ReflectiveCallable.run(ReflectiveCallable.java:15)
	at org.junit.runners.model.FrameworkMethod.invokeExplosively(FrameworkMethod.java:41)
	at junitparams.internal.InvokeParameterisedMethod.evaluate(InvokeParameterisedMethod.java:102)
	at org.junit.internal.runners.statements.FailOnTimeout$1.run(FailOnTimeout.java:28)
Caused by: ptolemy.kernel.util.IllegalActionException: Test fails in iteration 1.
Value was: 1.0. Should have been: 2.0
  in .DirectFeedback.Test
	at ptolemy.actor.lib.Test.fire(Test.java:268)
	at ptolemy.domains.de.kernel.DEDirector._fire(DEDirector.java:1949)
	at ptolemy.domains.de.kernel.DEDirector.fire(DEDirector.java:502)
	at ptolemy.actor.CompositeActor.fire(CompositeActor.java:455)
	at ptolemy.actor.Manager.iterate(Manager.java:851)
	at ptolemy.actor.Manager.execute(Manager.java:369)
	at ptolemy.actor.Manager.run(Manager.java:1263)
	at ptolemy.actor.Manager$PtolemyRunThread.run(Manager.java:1933)
java.lang.RuntimeException: Execution failed
	at ptolemy.moml.MoMLSimpleApplication$UnloadThread.run(MoMLSimpleApplication.java:402)
Caused by: ptolemy.kernel.util.IllegalActionException: Found a zero delay loop containing .HierarchicalModel.A
  in .HierarchicalModel and .HierarchicalModel.A
	at ptolemy.actor.util.CausalityInterfaceForComposites._computeOutputPortDepth(CausalityInterfaceForComposites.java:759)
	at ptolemy.actor.util.CausalityInterfaceForComposites._computeInputDepth(CausalityInterfaceForComposites.java:696)
	at ptolemy.actor.util.CausalityInterfaceForComposites._computeOutputPortDepth(CausalityInterfaceForComposites.java:765)
	at ptolemy.actor.util.CausalityInterfaceForComposites._computeInputDepth(CausalityInterfaceForComposites.java:696)
	at ptolemy.actor.util.CausalityInterfaceForComposites._computeOutputPortDepth(CausalityInterfaceForComposites.java:765)
	at ptolemy.actor.util.CausalityInterfaceForComposites._computeInputDepth(CausalityInterfaceForComposites.java:696)
	at ptolemy.actor.util.CausalityInterfaceForComposites._computeActorDepth(CausalityInterfaceForComposites.java:532)
	at ptolemy.actor.util.CausalityInterfaceForComposites.checkForCycles(CausalityInterfaceForComposites.java:96)
	at ptolemy.domains.de.kernel.DEDirector.preinitialize(DEDirector.java:1338)
	at ptolemy.actor.CompositeActor.preinitialize(CompositeActor.java:1828)
	at ptolemy.actor.Manager.preinitializeAndResolveTypes(Manager.java:1040)
	at ptolemy.actor.Manager.initialize(Manager.java:710)
	at ptolemy.actor.Manager.execute(Manager.java:356)
	at ptolemy.actor.Manager.run(Manager.java:1263)
	at ptolemy.actor.Manager$PtolemyRunThread.run(Manager.java:1933)
java.lang.reflect.InvocationTargetException
	at java.base/jdk.internal.reflect.NativeConstructorAccessorImpl.newInstance0(Native Method)
	at java.base/jdk.internal.reflect.NativeConstructorAccessorImpl.newInstance(NativeConstructorAccessorImpl.java:62)
	at java.base/jdk.internal.reflect.DelegatingConstructorAccessorImpl.newInstance(DelegatingConstructorAccessorImpl.java:45)
	at java.base/java.lang.reflect.Constructor.newInstance(Constructor.java:490)
	at ptolemy.util.test.junit.AutoKnownFailedTests.RunModel(AutoKnownFailedTests.java:105)
	at java.base/jdk.internal.reflect.NativeMethodAccessorImpl.invoke0(Native Method)
	at java.base/jdk.internal.reflect.NativeMethodAccessorImpl.invoke(NativeMethodAccessorImpl.java:62)
	at java.base/jdk.internal.reflect.DelegatingMethodAccessorImpl.invoke(DelegatingMethodAccessorImpl.java:43)
	at java.base/java.lang.reflect.Method.invoke(Method.java:566)
	at org.junit.runners.model.FrameworkMethod$1.runReflectiveCall(FrameworkMethod.java:44)
	at org.junit.internal.runners.model.ReflectiveCallable.run(ReflectiveCallable.java:15)
	at org.junit.runners.model.FrameworkMethod.invokeExplosively(FrameworkMethod.java:41)
	at junitparams.internal.InvokeParameterisedMethod.evaluate(InvokeParameterisedMethod.java:102)
	at org.junit.internal.runners.statements.FailOnTimeout$1.run(FailOnTimeout.java:28)
Caused by: ptolemy.kernel.util.IllegalActionException: Found a zero delay loop containing .HierarchicalModel.A
  in .HierarchicalModel and .HierarchicalModel.A
	at ptolemy.actor.util.CausalityInterfaceForComposites._computeOutputPortDepth(CausalityInterfaceForComposites.java:759)
	at ptolemy.actor.util.CausalityInterfaceForComposites._computeInputDepth(CausalityInterfaceForComposites.java:696)
	at ptolemy.actor.util.CausalityInterfaceForComposites._computeOutputPortDepth(CausalityInterfaceForComposites.java:765)
	at ptolemy.actor.util.CausalityInterfaceForComposites._computeInputDepth(CausalityInterfaceForComposites.java:696)
	at ptolemy.actor.util.CausalityInterfaceForComposites._computeOutputPortDepth(CausalityInterfaceForComposites.java:765)
	at ptolemy.actor.util.CausalityInterfaceForComposites._computeInputDepth(CausalityInterfaceForComposites.java:696)
	at ptolemy.actor.util.CausalityInterfaceForComposites._computeActorDepth(CausalityInterfaceForComposites.java:532)
	at ptolemy.actor.util.CausalityInterfaceForComposites.checkForCycles(CausalityInterfaceForComposites.java:96)
	at ptolemy.domains.de.kernel.DEDirector.preinitialize(DEDirector.java:1338)
	at ptolemy.actor.CompositeActor.preinitialize(CompositeActor.java:1828)
	at ptolemy.actor.Manager.preinitializeAndResolveTypes(Manager.java:1040)
	at ptolemy.actor.Manager.initialize(Manager.java:710)
	at ptolemy.actor.Manager.execute(Manager.java:356)
	at ptolemy.actor.Manager.run(Manager.java:1263)
	at ptolemy.actor.Manager$PtolemyRunThread.run(Manager.java:1933)
java.lang.RuntimeException: Execution failed
	at ptolemy.moml.MoMLSimpleApplication$UnloadThread.run(MoMLSimpleApplication.java:402)
Caused by: ptolemy.kernel.util.IllegalActionException: Found a zero delay loop containing .dependencyLoop.original
  in .dependencyLoop and .dependencyLoop.original
	at ptolemy.actor.util.CausalityInterfaceForComposites._computeOutputPortDepth(CausalityInterfaceForComposites.java:759)
	at ptolemy.actor.util.CausalityInterfaceForComposites._computeInputDepth(CausalityInterfaceForComposites.java:696)
	at ptolemy.actor.util.CausalityInterfaceForComposites._computeOutputPortDepth(CausalityInterfaceForComposites.java:765)
	at ptolemy.actor.util.CausalityInterfaceForComposites._computeInputDepth(CausalityInterfaceForComposites.java:696)
	at ptolemy.actor.util.CausalityInterfaceForComposites._computeOutputPortDepth(CausalityInterfaceForComposites.java:765)
	at ptolemy.actor.util.CausalityInterfaceForComposites._computeInputDepth(CausalityInterfaceForComposites.java:696)
	at ptolemy.actor.util.CausalityInterfaceForComposites._computeActorDepth(CausalityInterfaceForComposites.java:532)
	at ptolemy.actor.util.CausalityInterfaceForComposites.checkForCycles(CausalityInterfaceForComposites.java:96)
	at ptolemy.domains.de.kernel.DEDirector.preinitialize(DEDirector.java:1338)
	at ptolemy.actor.CompositeActor.preinitialize(CompositeActor.java:1828)
	at ptolemy.actor.Manager.preinitializeAndResolveTypes(Manager.java:1040)
	at ptolemy.actor.Manager.initialize(Manager.java:710)
	at ptolemy.actor.Manager.execute(Manager.java:356)
	at ptolemy.actor.Manager.run(Manager.java:1263)
	at ptolemy.actor.Manager$PtolemyRunThread.run(Manager.java:1933)
java.lang.reflect.InvocationTargetException
	at java.base/jdk.internal.reflect.NativeConstructorAccessorImpl.newInstance0(Native Method)
	at java.base/jdk.internal.reflect.NativeConstructorAccessorImpl.newInstance(NativeConstructorAccessorImpl.java:62)
	at java.base/jdk.internal.reflect.DelegatingConstructorAccessorImpl.newInstance(DelegatingConstructorAccessorImpl.java:45)
	at java.base/java.lang.reflect.Constructor.newInstance(Constructor.java:490)
	at ptolemy.util.test.junit.AutoKnownFailedTests.RunModel(AutoKnownFailedTests.java:105)
	at java.base/jdk.internal.reflect.NativeMethodAccessorImpl.invoke0(Native Method)
	at java.base/jdk.internal.reflect.NativeMethodAccessorImpl.invoke(NativeMethodAccessorImpl.java:62)
	at java.base/jdk.internal.reflect.DelegatingMethodAccessorImpl.invoke(DelegatingMethodAccessorImpl.java:43)
	at java.base/java.lang.reflect.Method.invoke(Method.java:566)
	at org.junit.runners.model.FrameworkMethod$1.runReflectiveCall(FrameworkMethod.java:44)
	at org.junit.internal.runners.model.ReflectiveCallable.run(ReflectiveCallable.java:15)
	at org.junit.runners.model.FrameworkMethod.invokeExplosively(FrameworkMethod.java:41)
	at junitparams.internal.InvokeParameterisedMethod.evaluate(InvokeParameterisedMethod.java:102)
	at org.junit.internal.runners.statements.FailOnTimeout$1.run(FailOnTimeout.java:28)
Caused by: ptolemy.kernel.util.IllegalActionException: Found a zero delay loop containing .dependencyLoop.original
  in .dependencyLoop and .dependencyLoop.original
	at ptolemy.actor.util.CausalityInterfaceForComposites._computeOutputPortDepth(CausalityInterfaceForComposites.java:759)
	at ptolemy.actor.util.CausalityInterfaceForComposites._computeInputDepth(CausalityInterfaceForComposites.java:696)
	at ptolemy.actor.util.CausalityInterfaceForComposites._computeOutputPortDepth(CausalityInterfaceForComposites.java:765)
	at ptolemy.actor.util.CausalityInterfaceForComposites._computeInputDepth(CausalityInterfaceForComposites.java:696)
	at ptolemy.actor.util.CausalityInterfaceForComposites._computeOutputPortDepth(CausalityInterfaceForComposites.java:765)
	at ptolemy.actor.util.CausalityInterfaceForComposites._computeInputDepth(CausalityInterfaceForComposites.java:696)
	at ptolemy.actor.util.CausalityInterfaceForComposites._computeActorDepth(CausalityInterfaceForComposites.java:532)
	at ptolemy.actor.util.CausalityInterfaceForComposites.checkForCycles(CausalityInterfaceForComposites.java:96)
	at ptolemy.domains.de.kernel.DEDirector.preinitialize(DEDirector.java:1338)
	at ptolemy.actor.CompositeActor.preinitialize(CompositeActor.java:1828)
	at ptolemy.actor.Manager.preinitializeAndResolveTypes(Manager.java:1040)
	at ptolemy.actor.Manager.initialize(Manager.java:710)
	at ptolemy.actor.Manager.execute(Manager.java:356)
	at ptolemy.actor.Manager.run(Manager.java:1263)
	at ptolemy.actor.Manager$PtolemyRunThread.run(Manager.java:1933)
java.lang.RuntimeException: Execution failed
	at ptolemy.moml.MoMLSimpleApplication$UnloadThread.run(MoMLSimpleApplication.java:402)
Caused by: ptolemy.kernel.util.IllegalActionException: Found a zero delay loop containing .dependencyLoop2.original
  in .dependencyLoop2 and .dependencyLoop2.original
	at ptolemy.actor.util.CausalityInterfaceForComposites._computeOutputPortDepth(CausalityInterfaceForComposites.java:759)
	at ptolemy.actor.util.CausalityInterfaceForComposites._computeInputDepth(CausalityInterfaceForComposites.java:696)
	at ptolemy.actor.util.CausalityInterfaceForComposites._computeOutputPortDepth(CausalityInterfaceForComposites.java:765)
	at ptolemy.actor.util.CausalityInterfaceForComposites._computeInputDepth(CausalityInterfaceForComposites.java:696)
	at ptolemy.actor.util.CausalityInterfaceForComposites._computeOutputPortDepth(CausalityInterfaceForComposites.java:765)
	at ptolemy.actor.util.CausalityInterfaceForComposites._computeInputDepth(CausalityInterfaceForComposites.java:696)
	at ptolemy.actor.util.CausalityInterfaceForComposites._computeActorDepth(CausalityInterfaceForComposites.java:532)
	at ptolemy.actor.util.CausalityInterfaceForComposites.checkForCycles(CausalityInterfaceForComposites.java:96)
	at ptolemy.domains.de.kernel.DEDirector.preinitialize(DEDirector.java:1338)
	at ptolemy.actor.CompositeActor.preinitialize(CompositeActor.java:1828)
	at ptolemy.actor.Manager.preinitializeAndResolveTypes(Manager.java:1040)
	at ptolemy.actor.Manager.initialize(Manager.java:710)
	at ptolemy.actor.Manager.execute(Manager.java:356)
	at ptolemy.actor.Manager.run(Manager.java:1263)
	at ptolemy.actor.Manager$PtolemyRunThread.run(Manager.java:1933)
java.lang.reflect.InvocationTargetException
	at java.base/jdk.internal.reflect.NativeConstructorAccessorImpl.newInstance0(Native Method)
	at java.base/jdk.internal.reflect.NativeConstructorAccessorImpl.newInstance(NativeConstructorAccessorImpl.java:62)
	at java.base/jdk.internal.reflect.DelegatingConstructorAccessorImpl.newInstance(DelegatingConstructorAccessorImpl.java:45)
	at java.base/java.lang.reflect.Constructor.newInstance(Constructor.java:490)
	at ptolemy.util.test.junit.AutoKnownFailedTests.RunModel(AutoKnownFailedTests.java:105)
	at java.base/jdk.internal.reflect.NativeMethodAccessorImpl.invoke0(Native Method)
	at java.base/jdk.internal.reflect.NativeMethodAccessorImpl.invoke(NativeMethodAccessorImpl.java:62)
	at java.base/jdk.internal.reflect.DelegatingMethodAccessorImpl.invoke(DelegatingMethodAccessorImpl.java:43)
	at java.base/java.lang.reflect.Method.invoke(Method.java:566)
	at org.junit.runners.model.FrameworkMethod$1.runReflectiveCall(FrameworkMethod.java:44)
	at org.junit.internal.runners.model.ReflectiveCallable.run(ReflectiveCallable.java:15)
	at org.junit.runners.model.FrameworkMethod.invokeExplosively(FrameworkMethod.java:41)
	at junitparams.internal.InvokeParameterisedMethod.evaluate(InvokeParameterisedMethod.java:102)
	at org.junit.internal.runners.statements.FailOnTimeout$1.run(FailOnTimeout.java:28)
Caused by: ptolemy.kernel.util.IllegalActionException: Found a zero delay loop containing .dependencyLoop2.original
  in .dependencyLoop2 and .dependencyLoop2.original
	at ptolemy.actor.util.CausalityInterfaceForComposites._computeOutputPortDepth(CausalityInterfaceForComposites.java:759)
	at ptolemy.actor.util.CausalityInterfaceForComposites._computeInputDepth(CausalityInterfaceForComposites.java:696)
	at ptolemy.actor.util.CausalityInterfaceForComposites._computeOutputPortDepth(CausalityInterfaceForComposites.java:765)
	at ptolemy.actor.util.CausalityInterfaceForComposites._computeInputDepth(CausalityInterfaceForComposites.java:696)
	at ptolemy.actor.util.CausalityInterfaceForComposites._computeOutputPortDepth(CausalityInterfaceForComposites.java:765)
	at ptolemy.actor.util.CausalityInterfaceForComposites._computeInputDepth(CausalityInterfaceForComposites.java:696)
	at ptolemy.actor.util.CausalityInterfaceForComposites._computeActorDepth(CausalityInterfaceForComposites.java:532)
	at ptolemy.actor.util.CausalityInterfaceForComposites.checkForCycles(CausalityInterfaceForComposites.java:96)
	at ptolemy.domains.de.kernel.DEDirector.preinitialize(DEDirector.java:1338)
	at ptolemy.actor.CompositeActor.preinitialize(CompositeActor.java:1828)
	at ptolemy.actor.Manager.preinitializeAndResolveTypes(Manager.java:1040)
	at ptolemy.actor.Manager.initialize(Manager.java:710)
	at ptolemy.actor.Manager.execute(Manager.java:356)
	at ptolemy.actor.Manager.run(Manager.java:1263)
	at ptolemy.actor.Manager$PtolemyRunThread.run(Manager.java:1933)
]]></system-err>
</testsuite>
