<?xml version="1.0" encoding="UTF-8" ?>
<testsuite errors="0" failures="1" hostname="travis-job-266c3dcd-d3bc-4592-989c-7fed070fdcf6" name="ptolemy.vergil.basic.export.test.junit.ExportModelJUnitTestBatch3" skipped="0" tests="70" time="1346.32" timestamp="2018-06-12T03:04:34">
  <properties>
[...]
</properties>
  <testcase classname="ptolemy.vergil.basic.export.test.junit.ExportModelJUnitTestBatch3" name="[0] ptolemy/actor/lib/jjs/modules/iotAuth/demo/SecurePubSub/SecurePubSub.xml (RunExportModel)" time="31.869" />
  <testcase classname="ptolemy.vergil.basic.export.test.junit.ExportModelJUnitTestBatch3" name="[1] ptolemy/actor/lib/jjs/modules/localStorage/demo/LocalStorage/LocalStorage.xml (RunExportModel)" time="11.586" />
  <testcase classname="ptolemy.vergil.basic.export.test.junit.ExportModelJUnitTestBatch3" name="[2] ptolemy/actor/lib/jjs/modules/mqtt/demo/MQTTPubSub/MQTTPubSub.xml (RunExportModel)" time="23.388" />
  <testcase classname="ptolemy.vergil.basic.export.test.junit.ExportModelJUnitTestBatch3" name="[3] ptolemy/actor/lib/jjs/modules/socket/demo/SecureSocket/SecureSocket.xml (RunExportModel)" time="23.477" />
  <testcase classname="ptolemy.vergil.basic.export.test.junit.ExportModelJUnitTestBatch3" name="[4] ptolemy/actor/lib/jjs/modules/socket/demo/SocketDoubleArrayBatched/SocketDoubleArrayBatched.xml (RunExportModel)" time="13.852" />
  <testcase classname="ptolemy.vergil.basic.export.test.junit.ExportModelJUnitTestBatch3" name="[5] ptolemy/actor/lib/jjs/modules/socket/demo/SocketImage/SocketImage.xml (RunExportModel)" time="37.777" />
  <testcase classname="ptolemy.vergil.basic.export.test.junit.ExportModelJUnitTestBatch3" name="[6] ptolemy/actor/lib/jjs/modules/socket/demo/SocketString/SocketString.xml (RunExportModel)" time="17.85" />
  <testcase classname="ptolemy.vergil.basic.export.test.junit.ExportModelJUnitTestBatch3" name="[7] ptolemy/actor/lib/jjs/modules/socket/demo/SocketUnsignedShort/SocketUnsignedShort.xml (RunExportModel)" time="13.981" />
  <testcase classname="ptolemy.vergil.basic.export.test.junit.ExportModelJUnitTestBatch3" name="[8] ptolemy/actor/lib/jjs/modules/socket/demo/TCPSocket/TCPSocket.xml (RunExportModel)" time="8.213" />
  <testcase classname="ptolemy.vergil.basic.export.test.junit.ExportModelJUnitTestBatch3" name="[9] ptolemy/actor/lib/jjs/modules/socket/demo/TCPSocket/TCPSocketDoubleArrayBatched.xml (RunExportModel)" time="14.384" />
  <testcase classname="ptolemy.vergil.basic.export.test.junit.ExportModelJUnitTestBatch3" name="[10] ptolemy/actor/lib/jjs/modules/socket/demo/TCPSocket/TCPSocketImage.xml (RunExportModel)" time="33.955" />
  <testcase classname="ptolemy.vergil.basic.export.test.junit.ExportModelJUnitTestBatch3" name="[11] ptolemy/actor/lib/jjs/modules/socket/demo/TCPSocket/TCPSocketSecureServerClient.xml (RunExportModel)" time="21.131" />
  <testcase classname="ptolemy.vergil.basic.export.test.junit.ExportModelJUnitTestBatch3" name="[12] ptolemy/actor/lib/jjs/modules/socket/demo/TCPSocket/TCPSocketTwoClients.xml (RunExportModel)" time="35.064" />
  <testcase classname="ptolemy.vergil.basic.export.test.junit.ExportModelJUnitTestBatch3" name="[13] ptolemy/actor/lib/jjs/modules/socket/demo/TCPSocket/TCPSocketUnsignedShort.xml (RunExportModel)" time="14.411" />
  <testcase classname="ptolemy.vergil.basic.export.test.junit.ExportModelJUnitTestBatch3" name="[14] ptolemy/actor/lib/jjs/modules/speechRecognition/demo/SpeechRecognition/SpeechRecognition.xml (RunExportModel)" time="10.655" />
  <testcase classname="ptolemy.vergil.basic.export.test.junit.ExportModelJUnitTestBatch3" name="[15] ptolemy/actor/lib/jjs/modules/speechRecognition/demo/WatchCommandUpdater/WatchCommandUpdater.xml (RunExportModel)" time="12.669" />
  <testcase classname="ptolemy.vergil.basic.export.test.junit.ExportModelJUnitTestBatch3" name="[16] ptolemy/actor/lib/jjs/modules/testing/demo/Testing/Testing.xml (RunExportModel)" time="28.797" />
  <testcase classname="ptolemy.vergil.basic.export.test.junit.ExportModelJUnitTestBatch3" name="[17] ptolemy/actor/lib/jjs/modules/udpSocket/demo/UDPSocket/UDPSocket.xml (RunExportModel)" time="39.786" />
  <testcase classname="ptolemy.vergil.basic.export.test.junit.ExportModelJUnitTestBatch3" name="[18] ptolemy/actor/lib/jjs/modules/udpSocket/demo/WatchEmulator/WatchEmulator.xml (RunExportModel)" time="18.793">
    <failure message="Exporting HTML for ptolemy/actor/lib/jjs/modules/udpSocket/demo/WatchEmulator/WatchEmulator.xml failed: &#xa;java.lang.reflect.InvocationTargetException&#xa;&#x9;at java.awt.EventQueue.invokeAndWait(EventQueue.java:1321)&#xa;&#x9;at java.awt.EventQueue.invokeAndWait(EventQueue.java:1296)&#xa;&#x9;at javax.swing.SwingUtilities.invokeAndWait(SwingUtilities.java:1348)&#xa;&#x9;at ptolemy.vergil.basic.export.ExportModel.exportModel(ExportModel.java:401)&#xa;&#x9;at ptolemy.vergil.basic.export.test.junit.ExportModelJUnitTest.RunExportModel(ExportModelJUnitTest.java:153)&#xa;&#x9;at ptolemy.vergil.basic.export.test.junit.ExportModelJUnitTestBatch.RunExportModel(ExportModelJUnitTestBatch.java:84)&#xa;&#x9;at sun.reflect.GeneratedMethodAccessor18.invoke(Unknown Source)&#xa;&#x9;at sun.reflect.DelegatingMethodAccessorImpl.invoke(DelegatingMethodAccessorImpl.java:43)&#xa;&#x9;at java.lang.reflect.Method.invoke(Method.java:498)&#xa;&#x9;at org.junit.runners.model.FrameworkMethod$1.runReflectiveCall(FrameworkMethod.java:44)&#xa;&#x9;at org.junit.internal.runners.model.ReflectiveCallable.run(ReflectiveCallable.java:15)&#xa;&#x9;at org.junit.runners.model.FrameworkMethod.invokeExplosively(FrameworkMethod.java:41)&#xa;&#x9;at junitparams.internal.InvokeParameterisedMethod.evaluate(InvokeParameterisedMethod.java:102)&#xa;&#x9;at junitparams.internal.ParameterisedTestMethodRunner.runMethodInvoker(ParameterisedTestMethodRunner.java:47)&#xa;&#x9;at junitparams.internal.ParameterisedTestMethodRunner.runTestMethod(ParameterisedTestMethodRunner.java:41)&#xa;&#x9;at junitparams.internal.ParameterisedTestClassRunner.runParameterisedTest(ParameterisedTestClassRunner.java:143)&#xa;&#x9;at junitparams.JUnitParamsRunner.runChild(JUnitParamsRunner.java:237)&#xa;&#x9;at junitparams.JUnitParamsRunner.runChild(JUnitParamsRunner.java:215)&#xa;&#x9;at org.junit.runners.ParentRunner$3.run(ParentRunner.java:193)&#xa;&#x9;at org.junit.runners.ParentRunner$1.schedule(ParentRunner.java:52)&#xa;&#x9;at org.junit.runners.ParentRunner.runChildren(ParentRunner.java:191)&#xa;&#x9;at org.junit.runners.ParentRunner.access$000(ParentRunner.java:42)&#xa;&#x9;at org.junit.runners.ParentRunner$2.evaluate(ParentRunner.java:184)&#xa;&#x9;at org.junit.runners.ParentRunner.run(ParentRunner.java:236)&#xa;&#x9;at junit.framework.JUnit4TestAdapter.run(JUnit4TestAdapter.java:39)&#xa;&#x9;at org.apache.tools.ant.taskdefs.optional.junit.JUnitTestRunner.run(JUnitTestRunner.java:535)&#xa;&#x9;at org.apache.tools.ant.taskdefs.optional.junit.JUnitTestRunner.launch(JUnitTestRunner.java:1182)&#xa;&#x9;at org.apache.tools.ant.taskdefs.optional.junit.JUnitTestRunner.main(JUnitTestRunner.java:1033)&#xa;Caused by: java.lang.RuntimeException: ptolemy.kernel.util.IllegalActionException: Exceptions occurred during wrapup:&#xa;ptolemy.kernel.util.IllegalActionException: Failure executing the wrapup function: Error: TrainableTest2: The input handler of this accessor was never invoked. Usually, this is an error indicating that starvation is occurring. in &lt;function&gt; at line number 393 at column number 16&#xa;  in .WatchEmulator.TrainableTest2&#xa;Because:&#xa;Error: TrainableTest2: The input handler of this accessor was never invoked. Usually, this is an error indicating that starvation is occurring. in &lt;function&gt; at line number 393 at column number 16&#xa;&#xa;  in .WatchEmulator.DE Director&#xa;Because:&#xa;Failure executing the wrapup function: Error: TrainableTest2: The input handler of this accessor was never invoked. Usually, this is an error indicating that starvation is occurring. in &lt;function&gt; at line number 393 at column number 16&#xa;  in .WatchEmulator.TrainableTest2&#xa;Because:&#xa;Error: TrainableTest2: The input handler of this accessor was never invoked. Usually, this is an error indicating that starvation is occurring. in &lt;function&gt; at line number 393 at column number 16&#xa;&#x9;at ptolemy.vergil.basic.export.ExportModel$2.run(ExportModel.java:397)&#xa;&#x9;at java.awt.event.InvocationEvent.dispatch(InvocationEvent.java:301)&#xa;&#x9;at java.awt.EventQueue.dispatchEventImpl(EventQueue.java:756)&#xa;&#x9;at java.awt.EventQueue.access$500(EventQueue.java:97)&#xa;&#x9;at java.awt.EventQueue$3.run(EventQueue.java:709)&#xa;&#x9;at java.awt.EventQueue$3.run(EventQueue.java:703)&#xa;&#x9;at java.security.AccessController.doPrivileged(Native Method)&#xa;&#x9;at java.security.ProtectionDomain$JavaSecurityAccessImpl.doIntersectionPrivilege(ProtectionDomain.java:80)&#xa;&#x9;at java.awt.EventQueue.dispatchEvent(EventQueue.java:726)&#xa;&#x9;at java.awt.EventDispatchThread.pumpOneEventForFilters(EventDispatchThread.java:201)&#xa;&#x9;at java.awt.EventDispatchThread.pumpEventsForFilter(EventDispatchThread.java:116)&#xa;&#x9;at java.awt.EventDispatchThread.pumpEventsForHierarchy(EventDispatchThread.java:105)&#xa;&#x9;at java.awt.EventDispatchThread.pumpEvents(EventDispatchThread.java:101)&#xa;&#x9;at java.awt.EventDispatchThread.pumpEvents(EventDispatchThread.java:93)&#xa;&#x9;at java.awt.EventDispatchThread.run(EventDispatchThread.java:82)&#xa;Caused by: ptolemy.kernel.util.IllegalActionException: Exceptions occurred during wrapup:&#xa;ptolemy.kernel.util.IllegalActionException: Failure executing the wrapup function: Error: TrainableTest2: The input handler of this accessor was never invoked. Usually, this is an error indicating that starvation is occurring. in &lt;function&gt; at line number 393 at column number 16&#xa;  in .WatchEmulator.TrainableTest2&#xa;Because:&#xa;Error: TrainableTest2: The input handler of this accessor was never invoked. Usually, this is an error indicating that starvation is occurring. in &lt;function&gt; at line number 393 at column number 16&#xa;&#xa;  in .WatchEmulator.DE Director&#xa;Because:&#xa;Failure executing the wrapup function: Error: TrainableTest2: The input handler of this accessor was never invoked. Usually, this is an error indicating that starvation is occurring. in &lt;function&gt; at line number 393 at column number 16&#xa;  in .WatchEmulator.TrainableTest2&#xa;Because:&#xa;Error: TrainableTest2: The input handler of this accessor was never invoked. Usually, this is an error indicating that starvation is occurring. in &lt;function&gt; at line number 393 at column number 16&#xa;&#x9;at ptolemy.actor.Director.wrapup(Director.java:1736)&#xa;&#x9;at ptolemy.domains.de.kernel.DEDirector.wrapup(DEDirector.java:1527)&#xa;&#x9;at ptolemy.actor.CompositeActor.wrapup(CompositeActor.java:2735)&#xa;&#x9;at ptolemy.actor.Manager.wrapup(Manager.java:1512)&#xa;&#x9;at ptolemy.actor.Manager.execute(Manager.java:407)&#xa;&#x9;at ptolemy.vergil.basic.export.ExportModel$2.run(ExportModel.java:390)&#xa;&#x9;... 14 more&#xa;Caused by: ptolemy.kernel.util.IllegalActionException: Failure executing the wrapup function: Error: TrainableTest2: The input handler of this accessor was never invoked. Usually, this is an error indicating that starvation is occurring. in &lt;function&gt; at line number 393 at column number 16&#xa;  in .WatchEmulator.TrainableTest2&#xa;Because:&#xa;Error: TrainableTest2: The input handler of this accessor was never invoked. Usually, this is an error indicating that starvation is occurring. in &lt;function&gt; at line number 393 at column number 16&#xa;&#x9;at ptolemy.actor.lib.jjs.JavaScript._invokeMethodInContext(JavaScript.java:2243)&#xa;&#x9;at ptolemy.actor.lib.jjs.JavaScript.wrapup(JavaScript.java:2138)&#xa;&#x9;at ptolemy.actor.Director.wrapup(Director.java:1722)&#xa;&#x9;... 19 more&#xa;Caused by: javax.script.ScriptException: Error: TrainableTest2: The input handler of this accessor was never invoked. Usually, this is an error indicating that starvation is occurring. in &lt;function&gt; at line number 393 at column number 16&#xa;&#x9;at jdk.nashorn.api.scripting.NashornScriptEngine.throwAsScriptException(NashornScriptEngine.java:470)&#xa;&#x9;at jdk.nashorn.api.scripting.NashornScriptEngine.invokeImpl(NashornScriptEngine.java:392)&#xa;&#x9;at jdk.nashorn.api.scripting.NashornScriptEngine.invokeMethod(NashornScriptEngine.java:199)&#xa;&#x9;at ptolemy.actor.lib.jjs.JavaScript._invokeMethodInContext(JavaScript.java:2220)&#xa;&#x9;... 21 more&#xa;Caused by: &lt;function&gt;:393:16 Error: TrainableTest2: The input handler of this accessor was never invoked. Usually, this is an error indicating that starvation is occurring.&#xa;&#x9;at jdk.nashorn.internal.objects.NativeError.initException(NativeError.java:137)&#xa;&#x9;at jdk.nashorn.internal.objects.NativeError.&lt;init&gt;(NativeError.java:102)&#xa;&#x9;at jdk.nashorn.internal.objects.NativeError.&lt;init&gt;(NativeError.java:106)&#xa;&#x9;at jdk.nashorn.internal.objects.NativeError.&lt;init&gt;(NativeError.java:110)&#xa;&#x9;at jdk.nashorn.internal.objects.NativeError.constructor(NativeError.java:129)&#xa;&#x9;at jdk.nashorn.internal.scripts.Script$Recompilation$17652$18537$\^function\_.L:1#wrapup(&lt;function&gt;:393)&#xa;&#x9;at jdk.nashorn.internal.scripts.Script$Recompilation$17650$30640$require.L:1#Accessor#wrapup(/home/travis/build/icyphy/ptII/ptolemy/actor/lib/jjs/external/require.js#401:30&lt;eval&gt;:683)&#xa;&#x9;at jdk.nashorn.internal.runtime.ScriptFunctionData.invoke(ScriptFunctionData.java:637)&#xa;&#x9;at jdk.nashorn.internal.runtime.ScriptFunction.invoke(ScriptFunction.java:494)&#xa;&#x9;at jdk.nashorn.internal.runtime.ScriptRuntime.apply(ScriptRuntime.java:393)&#xa;&#x9;at jdk.nashorn.api.scripting.ScriptObjectMirror.callMember(ScriptObjectMirror.java:199)&#xa;&#x9;at jdk.nashorn.api.scripting.NashornScriptEngine.invokeImpl(NashornScriptEngine.java:386)&#xa;&#x9;... 23 more&#xa;" type="junit.framework.AssertionFailedError">junit.framework.AssertionFailedError: Exporting HTML for ptolemy/actor/lib/jjs/modules/udpSocket/demo/WatchEmulator/WatchEmulator.xml failed: 
java.lang.reflect.InvocationTargetException
	at java.awt.EventQueue.invokeAndWait(EventQueue.java:1321)
	at java.awt.EventQueue.invokeAndWait(EventQueue.java:1296)
	at javax.swing.SwingUtilities.invokeAndWait(SwingUtilities.java:1348)
	at ptolemy.vergil.basic.export.ExportModel.exportModel(ExportModel.java:401)
	at ptolemy.vergil.basic.export.test.junit.ExportModelJUnitTest.RunExportModel(ExportModelJUnitTest.java:153)
	at ptolemy.vergil.basic.export.test.junit.ExportModelJUnitTestBatch.RunExportModel(ExportModelJUnitTestBatch.java:84)
	at junitparams.internal.InvokeParameterisedMethod.evaluate(InvokeParameterisedMethod.java:102)
	at junitparams.internal.ParameterisedTestMethodRunner.runMethodInvoker(ParameterisedTestMethodRunner.java:47)
	at junitparams.internal.ParameterisedTestMethodRunner.runTestMethod(ParameterisedTestMethodRunner.java:41)
	at junitparams.internal.ParameterisedTestClassRunner.runParameterisedTest(ParameterisedTestClassRunner.java:143)
	at junitparams.JUnitParamsRunner.runChild(JUnitParamsRunner.java:237)
	at junitparams.JUnitParamsRunner.runChild(JUnitParamsRunner.java:215)
Caused by: java.lang.RuntimeException: ptolemy.kernel.util.IllegalActionException: Exceptions occurred during wrapup:
ptolemy.kernel.util.IllegalActionException: Failure executing the wrapup function: Error: TrainableTest2: The input handler of this accessor was never invoked. Usually, this is an error indicating that starvation is occurring. in &lt;function&gt; at line number 393 at column number 16
  in .WatchEmulator.TrainableTest2
Because:
Error: TrainableTest2: The input handler of this accessor was never invoked. Usually, this is an error indicating that starvation is occurring. in &lt;function&gt; at line number 393 at column number 16

  in .WatchEmulator.DE Director
Because:
Failure executing the wrapup function: Error: TrainableTest2: The input handler of this accessor was never invoked. Usually, this is an error indicating that starvation is occurring. in &lt;function&gt; at line number 393 at column number 16
  in .WatchEmulator.TrainableTest2
Because:
Error: TrainableTest2: The input handler of this accessor was never invoked. Usually, this is an error indicating that starvation is occurring. in &lt;function&gt; at line number 393 at column number 16
	at ptolemy.vergil.basic.export.ExportModel$2.run(ExportModel.java:397)
	at java.awt.event.InvocationEvent.dispatch(InvocationEvent.java:301)
	at java.awt.EventQueue.dispatchEventImpl(EventQueue.java:756)
	at java.awt.EventQueue.access$500(EventQueue.java:97)
	at java.awt.EventQueue$3.run(EventQueue.java:709)
	at java.awt.EventQueue$3.run(EventQueue.java:703)
	at java.security.AccessController.doPrivileged(Native Method)
	at java.security.ProtectionDomain$JavaSecurityAccessImpl.doIntersectionPrivilege(ProtectionDomain.java:80)
	at java.awt.EventQueue.dispatchEvent(EventQueue.java:726)
	at java.awt.EventDispatchThread.pumpOneEventForFilters(EventDispatchThread.java:201)
	at java.awt.EventDispatchThread.pumpEventsForFilter(EventDispatchThread.java:116)
	at java.awt.EventDispatchThread.pumpEventsForHierarchy(EventDispatchThread.java:105)
	at java.awt.EventDispatchThread.pumpEvents(EventDispatchThread.java:101)
	at java.awt.EventDispatchThread.pumpEvents(EventDispatchThread.java:93)
	at java.awt.EventDispatchThread.run(EventDispatchThread.java:82)
Caused by: ptolemy.kernel.util.IllegalActionException: Exceptions occurred during wrapup:
ptolemy.kernel.util.IllegalActionException: Failure executing the wrapup function: Error: TrainableTest2: The input handler of this accessor was never invoked. Usually, this is an error indicating that starvation is occurring. in &lt;function&gt; at line number 393 at column number 16
  in .WatchEmulator.TrainableTest2
Because:
Error: TrainableTest2: The input handler of this accessor was never invoked. Usually, this is an error indicating that starvation is occurring. in &lt;function&gt; at line number 393 at column number 16

  in .WatchEmulator.DE Director
Because:
Failure executing the wrapup function: Error: TrainableTest2: The input handler of this accessor was never invoked. Usually, this is an error indicating that starvation is occurring. in &lt;function&gt; at line number 393 at column number 16
  in .WatchEmulator.TrainableTest2
Because:
Error: TrainableTest2: The input handler of this accessor was never invoked. Usually, this is an error indicating that starvation is occurring. in &lt;function&gt; at line number 393 at column number 16
	at ptolemy.actor.Director.wrapup(Director.java:1736)
	at ptolemy.domains.de.kernel.DEDirector.wrapup(DEDirector.java:1527)
	at ptolemy.actor.CompositeActor.wrapup(CompositeActor.java:2735)
	at ptolemy.actor.Manager.wrapup(Manager.java:1512)
	at ptolemy.actor.Manager.execute(Manager.java:407)
	at ptolemy.vergil.basic.export.ExportModel$2.run(ExportModel.java:390)
Caused by: ptolemy.kernel.util.IllegalActionException: Failure executing the wrapup function: Error: TrainableTest2: The input handler of this accessor was never invoked. Usually, this is an error indicating that starvation is occurring. in &lt;function&gt; at line number 393 at column number 16
  in .WatchEmulator.TrainableTest2
Because:
Error: TrainableTest2: The input handler of this accessor was never invoked. Usually, this is an error indicating that starvation is occurring. in &lt;function&gt; at line number 393 at column number 16
	at ptolemy.actor.lib.jjs.JavaScript._invokeMethodInContext(JavaScript.java:2243)
	at ptolemy.actor.lib.jjs.JavaScript.wrapup(JavaScript.java:2138)
	at ptolemy.actor.Director.wrapup(Director.java:1722)
Caused by: javax.script.ScriptException: Error: TrainableTest2: The input handler of this accessor was never invoked. Usually, this is an error indicating that starvation is occurring. in &lt;function&gt; at line number 393 at column number 16
	at jdk.nashorn.api.scripting.NashornScriptEngine.throwAsScriptException(NashornScriptEngine.java:470)
	at jdk.nashorn.api.scripting.NashornScriptEngine.invokeImpl(NashornScriptEngine.java:392)
	at jdk.nashorn.api.scripting.NashornScriptEngine.invokeMethod(NashornScriptEngine.java:199)
	at ptolemy.actor.lib.jjs.JavaScript._invokeMethodInContext(JavaScript.java:2220)
Caused by: &lt;function&gt;:393:16 Error: TrainableTest2: The input handler of this accessor was never invoked. Usually, this is an error indicating that starvation is occurring.
	at jdk.nashorn.internal.objects.NativeError.initException(NativeError.java:137)
	at jdk.nashorn.internal.objects.NativeError.&lt;init&gt;(NativeError.java:102)
	at jdk.nashorn.internal.objects.NativeError.&lt;init&gt;(NativeError.java:106)
	at jdk.nashorn.internal.objects.NativeError.&lt;init&gt;(NativeError.java:110)
	at jdk.nashorn.internal.objects.NativeError.constructor(NativeError.java:129)
	at jdk.nashorn.internal.scripts.Script$Recompilation$17652$18537$\^function\_.L:1#wrapup(&lt;function&gt;:393)
	at jdk.nashorn.internal.scripts.Script$Recompilation$17650$30640$require.L:1#Accessor#wrapup(/home/travis/build/icyphy/ptII/ptolemy/actor/lib/jjs/external/require.js#401:30&lt;eval&gt;:683)
	at jdk.nashorn.internal.runtime.ScriptFunctionData.invoke(ScriptFunctionData.java:637)
	at jdk.nashorn.internal.runtime.ScriptFunction.invoke(ScriptFunction.java:494)
	at jdk.nashorn.internal.runtime.ScriptRuntime.apply(ScriptRuntime.java:393)
	at jdk.nashorn.api.scripting.ScriptObjectMirror.callMember(ScriptObjectMirror.java:199)
	at jdk.nashorn.api.scripting.NashornScriptEngine.invokeImpl(NashornScriptEngine.java:386)

	at ptolemy.vergil.basic.export.test.junit.ExportModelJUnitTest.RunExportModel(ExportModelJUnitTest.java:162)
	at ptolemy.vergil.basic.export.test.junit.ExportModelJUnitTestBatch.RunExportModel(ExportModelJUnitTestBatch.java:84)
	at junitparams.internal.InvokeParameterisedMethod.evaluate(InvokeParameterisedMethod.java:102)
	at junitparams.internal.ParameterisedTestMethodRunner.runMethodInvoker(ParameterisedTestMethodRunner.java:47)
	at junitparams.internal.ParameterisedTestMethodRunner.runTestMethod(ParameterisedTestMethodRunner.java:41)
	at junitparams.internal.ParameterisedTestClassRunner.runParameterisedTest(ParameterisedTestClassRunner.java:143)
	at junitparams.JUnitParamsRunner.runChild(JUnitParamsRunner.java:237)
	at junitparams.JUnitParamsRunner.runChild(JUnitParamsRunner.java:215)
</failure>
  </testcase>
  <testcase classname="ptolemy.vergil.basic.export.test.junit.ExportModelJUnitTestBatch3" name="[19] ptolemy/actor/lib/jjs/modules/userInterface/demo/Dots/Dots.xml (RunExportModel)" time="77.575" />
  <testcase classname="ptolemy.vergil.basic.export.test.junit.ExportModelJUnitTestBatch3" name="[20] ptolemy/actor/lib/jjs/modules/userInterface/demo/HelloUserInterface/HelloUserInterface.xml (RunExportModel)" time="21.911" />
  <testcase classname="ptolemy.vergil.basic.export.test.junit.ExportModelJUnitTestBatch3" name="[21] ptolemy/actor/lib/jjs/modules/userInterface/demo/UserInterface/UserInterface.xml (RunExportModel)" time="14.254" />
  <testcase classname="ptolemy.vergil.basic.export.test.junit.ExportModelJUnitTestBatch3" name="[22] ptolemy/actor/lib/jjs/modules/userInterface/demo/UserInterface/UserInterfaceBrowser.xml (RunExportModel)" time="41.669" />
  <testcase classname="ptolemy.vergil.basic.export.test.junit.ExportModelJUnitTestBatch3" name="[23] ptolemy/actor/lib/jjs/modules/userInterface/demo/UserInterface/UserInterfaceFixedPage.xml (RunExportModel)" time="16.302" />
  <testcase classname="ptolemy.vergil.basic.export.test.junit.ExportModelJUnitTestBatch3" name="[24] ptolemy/actor/lib/jjs/modules/userInterface/demo/UserInterface/UserInterfaceInteractive.xml (RunExportModel)" time="40.266" />
  <testcase classname="ptolemy.vergil.basic.export.test.junit.ExportModelJUnitTestBatch3" name="[25] ptolemy/actor/lib/jjs/modules/userInterface/demo/UserInterface/UserInterfaceRamp.xml (RunExportModel)" time="24.021" />
  <testcase classname="ptolemy.vergil.basic.export.test.junit.ExportModelJUnitTestBatch3" name="[26] ptolemy/actor/lib/jjs/modules/userInterface/demo/UserInterface/UserInterfaceUpdate.xml (RunExportModel)" time="25.866" />
  <testcase classname="ptolemy.vergil.basic.export.test.junit.ExportModelJUnitTestBatch3" name="[27] ptolemy/actor/lib/jjs/modules/userInterface/demo/UserInterface/UserInterfaceVideo.xml (RunExportModel)" time="40.761" />
  <testcase classname="ptolemy.vergil.basic.export.test.junit.ExportModelJUnitTestBatch3" name="[28] ptolemy/actor/lib/jjs/modules/webSocket/demo/SpeakingServerListeningClient/SpeakingServerListeningClient.xml (RunExportModel)" time="16.934" />
  <testcase classname="ptolemy.vergil.basic.export.test.junit.ExportModelJUnitTestBatch3" name="[29] ptolemy/actor/lib/jjs/modules/webSocket/demo/TwoWebSockets/TwoWebSockets.xml (RunExportModel)" time="16.138" />
  <testcase classname="ptolemy.vergil.basic.export.test.junit.ExportModelJUnitTestBatch3" name="[30] ptolemy/actor/lib/jjs/modules/webSocket/demo/WebSocketChat/Client.xml (RunExportModel)" time="8.77" />
  <testcase classname="ptolemy.vergil.basic.export.test.junit.ExportModelJUnitTestBatch3" name="[31] ptolemy/actor/lib/jjs/modules/webSocket/demo/WebSocketChat/SecureClient.xml (RunExportModel)" time="9.108" />
  <testcase classname="ptolemy.vergil.basic.export.test.junit.ExportModelJUnitTestBatch3" name="[32] ptolemy/actor/lib/jjs/modules/webSocket/demo/WebSocketChat/SecureServer.xml (RunExportModel)" time="39.765" />
  <testcase classname="ptolemy.vergil.basic.export.test.junit.ExportModelJUnitTestBatch3" name="[33] ptolemy/actor/lib/jjs/modules/webSocket/demo/WebSocketChat/Server.xml (RunExportModel)" time="39.934" />
  <testcase classname="ptolemy.vergil.basic.export.test.junit.ExportModelJUnitTestBatch3" name="[34] ptolemy/actor/lib/jjs/modules/webSocket/demo/WebSocketChat/WebSocketChat.xml (RunExportModel)" time="8.184" />
  <testcase classname="ptolemy.vergil.basic.export.test.junit.ExportModelJUnitTestBatch3" name="[35] ptolemy/actor/lib/jjs/modules/webSocket/demo/WebSocketClient/WebSocketClient.xml (RunExportModel)" time="8.992" />
  <testcase classname="ptolemy.vergil.basic.export.test.junit.ExportModelJUnitTestBatch3" name="[36] ptolemy/actor/lib/jjs/modules/webSocket/demo/WebSocketClient/WebSocketServer.xml (RunExportModel)" time="40.359" />
  <testcase classname="ptolemy.vergil.basic.export.test.junit.ExportModelJUnitTestBatch3" name="[37] ptolemy/actor/lib/jjs/modules/webSocket/demo/WebSocketFullDuplex/WebSocketFullDuplex.xml (RunExportModel)" time="41.733" />
  <testcase classname="ptolemy.vergil.basic.export.test.junit.ExportModelJUnitTestBatch3" name="[38] ptolemy/actor/lib/jjs/modules/webSocket/demo/WebSocketGraph/WebSocketGraph.xml (RunExportModel)" time="42.583" />
  <testcase classname="ptolemy.vergil.basic.export.test.junit.ExportModelJUnitTestBatch3" name="[39] ptolemy/actor/lib/jjs/modules/webSocket/demo/WebSocketImage/WebSocketImage.xml (RunExportModel)" time="42.202" />
  <testcase classname="ptolemy.vergil.basic.export.test.junit.ExportModelJUnitTestBatch3" name="[40] ptolemy/actor/lib/jjs/modules/webSocket/demo/WebSocketLog/WebSocketLog.xml (RunExportModel)" time="24.089" />
  <testcase classname="ptolemy.vergil.basic.export.test.junit.ExportModelJUnitTestBatch3" name="[41] ptolemy/actor/lib/jjs/modules/webSocket/demo/WebSocketsServerClient/WebSocketsServerClient.xml (RunExportModel)" time="22.448" />
  <testcase classname="ptolemy.vergil.basic.export.test.junit.ExportModelJUnitTestBatch3" name="[42] ptolemy/actor/lib/jjs/modules/xbee/demo/XBeeHelloWorld/XBeeDataTypes.xml (RunExportModel)" time="9.595" />
  <testcase classname="ptolemy.vergil.basic.export.test.junit.ExportModelJUnitTestBatch3" name="[43] ptolemy/actor/lib/jjs/modules/xbee/demo/XBeeHelloWorld/XBeeHelloWorld.xml (RunExportModel)" time="9.547" />
  <testcase classname="ptolemy.vergil.basic.export.test.junit.ExportModelJUnitTestBatch3" name="[44] ptolemy/actor/lib/jmf/demo/JMFJAI/JMFJAI.xml (RunExportModel)" time="3.175" />
  <testcase classname="ptolemy.vergil.basic.export.test.junit.ExportModelJUnitTestBatch3" name="[45] ptolemy/actor/lib/jmf/demo/VideoCapture/VideoCapture.xml (RunExportModel)" time="3.19" />
  <testcase classname="ptolemy.vergil.basic.export.test.junit.ExportModelJUnitTestBatch3" name="[46] ptolemy/actor/lib/mail/demo/ExceptionEmailer/ExceptionEmailer.xml (RunExportModel)" time="4.242" />
  <testcase classname="ptolemy.vergil.basic.export.test.junit.ExportModelJUnitTestBatch3" name="[47] ptolemy/actor/lib/mail/demo/SendMail/SendMail.xml (RunExportModel)" time="4.217" />
  <testcase classname="ptolemy.vergil.basic.export.test.junit.ExportModelJUnitTestBatch3" name="[48] ptolemy/actor/lib/python/demo/Ptolemnizer/Ptolemnizer.xml (RunExportModel)" time="6.811" />
  <testcase classname="ptolemy.vergil.basic.export.test.junit.ExportModelJUnitTestBatch3" name="[49] ptolemy/actor/lib/python/demo/PythonScale/PythonScale.xml (RunExportModel)" time="4.372" />
  <testcase classname="ptolemy.vergil.basic.export.test.junit.ExportModelJUnitTestBatch3" name="[50] ptolemy/actor/lib/python/demo/RecordManipulation/RecordManipulation.xml (RunExportModel)" time="3.282" />
  <testcase classname="ptolemy.vergil.basic.export.test.junit.ExportModelJUnitTestBatch3" name="[51] ptolemy/actor/lib/r/demo/R3DPlot/R3DPlot.xml (RunExportModel)" time="3.341" />
  <testcase classname="ptolemy.vergil.basic.export.test.junit.ExportModelJUnitTestBatch3" name="[52] ptolemy/actor/lib/r/demo/RRecordToDataframe/RRecordToDataframe.xml (RunExportModel)" time="3.199" />
  <testcase classname="ptolemy.vergil.basic.export.test.junit.ExportModelJUnitTestBatch3" name="[53] ptolemy/actor/lib/security/demo/Signature/Signature.xml (RunExportModel)" time="3.428" />
  <testcase classname="ptolemy.vergil.basic.export.test.junit.ExportModelJUnitTestBatch3" name="[54] ptolemy/actor/lib/video/demo/DCT2x2dc/DCT2x2dc.xml (RunExportModel)" time="4.419" />
  <testcase classname="ptolemy.vergil.basic.export.test.junit.ExportModelJUnitTestBatch3" name="[55] ptolemy/actor/lib/video/demo/DCT4x4dc/DCT4x4dc.xml (RunExportModel)" time="4.207" />
  <testcase classname="ptolemy.vergil.basic.export.test.junit.ExportModelJUnitTestBatch3" name="[56] ptolemy/actor/lib/video/demo/DCT8x8/DCT8x8.xml (RunExportModel)" time="4.194" />
  <testcase classname="ptolemy.vergil.basic.export.test.junit.ExportModelJUnitTestBatch3" name="[57] ptolemy/actor/lib/xslt/demo/MoMLFileTransformation/MoMLFileTransformation.xml (RunExportModel)" time="5.016" />
  <testcase classname="ptolemy.vergil.basic.export.test.junit.ExportModelJUnitTestBatch3" name="[58] ptolemy/actor/lib/xslt/demo/XMLInclusion/XMLInclusion.xml (RunExportModel)" time="4.228" />
  <testcase classname="ptolemy.vergil.basic.export.test.junit.ExportModelJUnitTestBatch3" name="[59] ptolemy/actor/parameters/demo/Bouncer/Bouncer.xml (RunExportModel)" time="14.421" />
  <testcase classname="ptolemy.vergil.basic.export.test.junit.ExportModelJUnitTestBatch3" name="[60] ptolemy/actor/parameters/demo/SliderParameter/SliderParameter.xml (RunExportModel)" time="34.257" />
  <testcase classname="ptolemy.vergil.basic.export.test.junit.ExportModelJUnitTestBatch3" name="[61] ptolemy/actor/ptalon/demo/CruiseControl/CruiseControl.xml (RunExportModel)" time="4.518" />
  <testcase classname="ptolemy.vergil.basic.export.test.junit.ExportModelJUnitTestBatch3" name="[62] ptolemy/actor/ptalon/demo/EightChannelFFT/EightChannelFFT.xml (RunExportModel)" time="5.427" />
  <testcase classname="ptolemy.vergil.basic.export.test.junit.ExportModelJUnitTestBatch3" name="[63] ptolemy/actor/ptalon/demo/GameOfLife/GameOfLife.xml (RunExportModel)" time="34.788" />
  <testcase classname="ptolemy.vergil.basic.export.test.junit.ExportModelJUnitTestBatch3" name="[64] ptolemy/actor/ptalon/demo/MapReduce/MapReduce.xml (RunExportModel)" time="5.093" />
  <testcase classname="ptolemy.vergil.basic.export.test.junit.ExportModelJUnitTestBatch3" name="[65] ptolemy/actor/ptalon/demo/ModelChange/ModelChange.xml (RunExportModel)" time="4.238" />
  <testcase classname="ptolemy.vergil.basic.export.test.junit.ExportModelJUnitTestBatch3" name="[66] ptolemy/actor/ptalon/demo/SmallWorld/ParameterSweepSmallWorldFSM.xml (RunExportModel)" time="35.61" />
  <testcase classname="ptolemy.vergil.basic.export.test.junit.ExportModelJUnitTestBatch3" name="[67] ptolemy/actor/ptalon/demo/SmallWorld/ParameterSweepSmallWorldSDF.xml (RunExportModel)" time="6.283" />
  <testcase classname="ptolemy.vergil.basic.export.test.junit.ExportModelJUnitTestBatch3" name="[68] ptolemy/actor/ptalon/demo/SmallWorld/SmallWorld.xml (RunExportModel)" time="5.326" />
  <testcase classname="ptolemy.vergil.basic.export.test.junit.ExportModelJUnitTestBatch3" name="[69] ptolemy/actor/ptalon/demo/SmallWorld/SmallWorldMultiInstanceComposite.xml (RunExportModel)" time="40.069" />
  <system-out><![CDATA[ExportModeJUnitTestBatch: There are 753 demos. Exporting demos: 221 to 290.
####### 1 Tue Jun 12 03:04:34 UTC 2018 $PTII/bin/ptinvoke ptolemy.vergil.basic.export.ExportModel -force htm -run -openComposites -timeOut 30000 -whiteBackground ptolemy/actor/lib/jjs/modules/iotAuth/demo/SecurePubSub/SecurePubSub.xml $PTII/ptolemy/actor/lib/jjs/modules/iotAuth/demo/SecurePubSub/SecurePubSub
----------------- Tue Jun 12 03:04:34 UTC 2018 About to sleep for 5.0 seconds before running or rerunning.  Test is: /home/travis/build/icyphy/ptII/ptolemy/actor/lib/jjs/modules/iotAuth/demo/SecurePubSub/SecurePubSub.xml
Done sleeping
JSAccessor: PT_NO_NET environment variable is set, so git pull and ptdoc are not being run.
Running .SecurePubSub
13717 ms. Memory: 371200K Free: 106714K (29%)
Exported /home/travis/build/icyphy/ptII/ptolemy/actor/lib/jjs/modules/iotAuth/demo/SecurePubSub/SecurePubSub/index.html
26853 ms. Memory: 437760K Free: 373484K (85%)
####### 2 Tue Jun 12 03:05:06 UTC 2018 $PTII/bin/ptinvoke ptolemy.vergil.basic.export.ExportModel -force htm -run -openComposites -timeOut 30000 -whiteBackground ptolemy/actor/lib/jjs/modules/localStorage/demo/LocalStorage/LocalStorage.xml $PTII/ptolemy/actor/lib/jjs/modules/localStorage/demo/LocalStorage/LocalStorage
----------------- Tue Jun 12 03:05:06 UTC 2018 About to sleep for 5.0 seconds before running or rerunning.  Test is: /home/travis/build/icyphy/ptII/ptolemy/actor/lib/jjs/modules/localStorage/demo/LocalStorage/LocalStorage.xml
Done sleeping
Running .LocalStorage
1708 ms. Memory: 474624K Free: 315503K (66%)
Exported /home/travis/build/icyphy/ptII/ptolemy/actor/lib/jjs/modules/localStorage/demo/LocalStorage/LocalStorage/index.html
6585 ms. Memory: 474624K Free: 281315K (59%)
####### 3 Tue Jun 12 03:05:18 UTC 2018 $PTII/bin/ptinvoke ptolemy.vergil.basic.export.ExportModel -force htm -run -openComposites -timeOut 30000 -whiteBackground ptolemy/actor/lib/jjs/modules/mqtt/demo/MQTTPubSub/MQTTPubSub.xml $PTII/ptolemy/actor/lib/jjs/modules/mqtt/demo/MQTTPubSub/MQTTPubSub
----------------- Tue Jun 12 03:05:18 UTC 2018 About to sleep for 5.0 seconds before running or rerunning.  Test is: /home/travis/build/icyphy/ptII/ptolemy/actor/lib/jjs/modules/mqtt/demo/MQTTPubSub/MQTTPubSub.xml
Done sleeping
Running .MQTTPubSub
12694 ms. Memory: 576000K Free: 259660K (45%)
Exported /home/travis/build/icyphy/ptII/ptolemy/actor/lib/jjs/modules/mqtt/demo/MQTTPubSub/MQTTPubSub/index.html
18386 ms. Memory: 576000K Free: 214065K (37%)
####### 4 Tue Jun 12 03:05:41 UTC 2018 $PTII/bin/ptinvoke ptolemy.vergil.basic.export.ExportModel -force htm -run -openComposites -timeOut 30000 -whiteBackground ptolemy/actor/lib/jjs/modules/socket/demo/SecureSocket/SecureSocket.xml $PTII/ptolemy/actor/lib/jjs/modules/socket/demo/SecureSocket/SecureSocket
----------------- Tue Jun 12 03:05:41 UTC 2018 About to sleep for 5.0 seconds before running or rerunning.  Test is: /home/travis/build/icyphy/ptII/ptolemy/actor/lib/jjs/modules/socket/demo/SecureSocket/SecureSocket.xml
Done sleeping
Running .SecureSocket
12856 ms. Memory: 751616K Free: 549445K (73%)
Exported /home/travis/build/icyphy/ptII/ptolemy/actor/lib/jjs/modules/socket/demo/SecureSocket/SecureSocket/index.html
18477 ms. Memory: 751616K Free: 501998K (67%)
####### 5 Tue Jun 12 03:06:05 UTC 2018 $PTII/bin/ptinvoke ptolemy.vergil.basic.export.ExportModel -force htm -run -openComposites -timeOut 30000 -whiteBackground ptolemy/actor/lib/jjs/modules/socket/demo/SocketDoubleArrayBatched/SocketDoubleArrayBatched.xml $PTII/ptolemy/actor/lib/jjs/modules/socket/demo/SocketDoubleArrayBatched/SocketDoubleArrayBatched
----------------- Tue Jun 12 03:06:05 UTC 2018 About to sleep for 5.0 seconds before running or rerunning.  Test is: /home/travis/build/icyphy/ptII/ptolemy/actor/lib/jjs/modules/socket/demo/SocketDoubleArrayBatched/SocketDoubleArrayBatched.xml
Done sleeping
Running .SocketDoubleArrayBatched
3917 ms. Memory: 880640K Free: 345684K (39%)
Exported /home/travis/build/icyphy/ptII/ptolemy/actor/lib/jjs/modules/socket/demo/SocketDoubleArrayBatched/SocketDoubleArrayBatched/index.html
8851 ms. Memory: 880640K Free: 313073K (36%)
####### 6 Tue Jun 12 03:06:18 UTC 2018 $PTII/bin/ptinvoke ptolemy.vergil.basic.export.ExportModel -force htm -run -openComposites -timeOut 30000 -whiteBackground ptolemy/actor/lib/jjs/modules/socket/demo/SocketImage/SocketImage.xml $PTII/ptolemy/actor/lib/jjs/modules/socket/demo/SocketImage/SocketImage
----------------- Tue Jun 12 03:06:18 UTC 2018 About to sleep for 5.0 seconds before running or rerunning.  Test is: /home/travis/build/icyphy/ptII/ptolemy/actor/lib/jjs/modules/socket/demo/SocketImage/SocketImage.xml
Done sleeping
No physical cameras found, using WebcamDummyDriver.
Running .SocketImage
23351 ms. Memory: 1488384K Free: 934555K (63%)
Exported /home/travis/build/icyphy/ptII/ptolemy/actor/lib/jjs/modules/socket/demo/SocketImage/SocketImage/index.html
32776 ms. Memory: 1488384K Free: 894064K (60%)
####### 7 Tue Jun 12 03:06:56 UTC 2018 $PTII/bin/ptinvoke ptolemy.vergil.basic.export.ExportModel -force htm -run -openComposites -timeOut 30000 -whiteBackground ptolemy/actor/lib/jjs/modules/socket/demo/SocketString/SocketString.xml $PTII/ptolemy/actor/lib/jjs/modules/socket/demo/SocketString/SocketString
----------------- Tue Jun 12 03:06:56 UTC 2018 About to sleep for 5.0 seconds before running or rerunning.  Test is: /home/travis/build/icyphy/ptII/ptolemy/actor/lib/jjs/modules/socket/demo/SocketString/SocketString.xml
Done sleeping
Running .SocketString
7625 ms. Memory: 1628160K Free: 1475250K (91%)
Exported /home/travis/build/icyphy/ptII/ptolemy/actor/lib/jjs/modules/socket/demo/SocketString/SocketString/index.html
12850 ms. Memory: 1628160K Free: 1439962K (88%)
####### 8 Tue Jun 12 03:07:14 UTC 2018 $PTII/bin/ptinvoke ptolemy.vergil.basic.export.ExportModel -force htm -run -openComposites -timeOut 30000 -whiteBackground ptolemy/actor/lib/jjs/modules/socket/demo/SocketUnsignedShort/SocketUnsignedShort.xml $PTII/ptolemy/actor/lib/jjs/modules/socket/demo/SocketUnsignedShort/SocketUnsignedShort
----------------- Tue Jun 12 03:07:14 UTC 2018 About to sleep for 5.0 seconds before running or rerunning.  Test is: /home/travis/build/icyphy/ptII/ptolemy/actor/lib/jjs/modules/socket/demo/SocketUnsignedShort/SocketUnsignedShort.xml
Done sleeping
Running .SocketUnsignedShort
Client: Sending data: -1,0,1,65535,65536 (Thread[AWT-EventQueue-0,6,main])
3922 ms. Memory: 1628160K Free: 634754K (39%)
Exported /home/travis/build/icyphy/ptII/ptolemy/actor/lib/jjs/modules/socket/demo/SocketUnsignedShort/SocketUnsignedShort/index.html
8980 ms. Memory: 1628160K Free: 601113K (37%)
####### 9 Tue Jun 12 03:07:28 UTC 2018 $PTII/bin/ptinvoke ptolemy.vergil.basic.export.ExportModel -force htm  -openComposites -timeOut 30000 -whiteBackground ptolemy/actor/lib/jjs/modules/socket/demo/TCPSocket/TCPSocket.xml $PTII/ptolemy/actor/lib/jjs/modules/socket/demo/TCPSocket/TCPSocket
Warning: not running ptolemy/actor/lib/jjs/modules/socket/demo/TCPSocket/TCPSocket.xml. See ptolemy/vergil/basic/export/test/junit/ExportModelJUnitTest.java
----------------- Tue Jun 12 03:07:28 UTC 2018 About to sleep for 5.0 seconds before running or rerunning.  Test is: /home/travis/build/icyphy/ptII/ptolemy/actor/lib/jjs/modules/socket/demo/TCPSocket/TCPSocket.xml
Done sleeping
Exported /home/travis/build/icyphy/ptII/ptolemy/actor/lib/jjs/modules/socket/demo/TCPSocket/TCPSocket/index.html
3212 ms. Memory: 1628160K Free: 475238K (29%)
####### 10 Tue Jun 12 03:07:36 UTC 2018 $PTII/bin/ptinvoke ptolemy.vergil.basic.export.ExportModel -force htm -run -openComposites -timeOut 30000 -whiteBackground ptolemy/actor/lib/jjs/modules/socket/demo/TCPSocket/TCPSocketDoubleArrayBatched.xml $PTII/ptolemy/actor/lib/jjs/modules/socket/demo/TCPSocket/TCPSocketDoubleArrayBatched
----------------- Tue Jun 12 03:07:36 UTC 2018 About to sleep for 5.0 seconds before running or rerunning.  Test is: /home/travis/build/icyphy/ptII/ptolemy/actor/lib/jjs/modules/socket/demo/TCPSocket/TCPSocketDoubleArrayBatched.xml
Done sleeping
Running .TCPSocketDoubleArrayBatched
4097 ms. Memory: 1626112K Free: 671988K (41%)
Exported /home/travis/build/icyphy/ptII/ptolemy/actor/lib/jjs/modules/socket/demo/TCPSocket/TCPSocketDoubleArrayBatched/index.html
9383 ms. Memory: 1626112K Free: 629495K (39%)
####### 11 Tue Jun 12 03:07:51 UTC 2018 $PTII/bin/ptinvoke ptolemy.vergil.basic.export.ExportModel -force htm -run -openComposites -timeOut 30000 -whiteBackground ptolemy/actor/lib/jjs/modules/socket/demo/TCPSocket/TCPSocketImage.xml $PTII/ptolemy/actor/lib/jjs/modules/socket/demo/TCPSocket/TCPSocketImage
----------------- Tue Jun 12 03:07:51 UTC 2018 About to sleep for 5.0 seconds before running or rerunning.  Test is: /home/travis/build/icyphy/ptII/ptolemy/actor/lib/jjs/modules/socket/demo/TCPSocket/TCPSocketImage.xml
Done sleeping
Running .TCPSocketImage
22944 ms. Memory: 1753088K Free: 999509K (57%)
Exported /home/travis/build/icyphy/ptII/ptolemy/actor/lib/jjs/modules/socket/demo/TCPSocket/TCPSocketImage/index.html
28954 ms. Memory: 1753088K Free: 968970K (55%)
####### 12 Tue Jun 12 03:08:25 UTC 2018 $PTII/bin/ptinvoke ptolemy.vergil.basic.export.ExportModel -force htm -run -openComposites -timeOut 30000 -whiteBackground ptolemy/actor/lib/jjs/modules/socket/demo/TCPSocket/TCPSocketSecureServerClient.xml $PTII/ptolemy/actor/lib/jjs/modules/socket/demo/TCPSocket/TCPSocketSecureServerClient
----------------- Tue Jun 12 03:08:25 UTC 2018 About to sleep for 5.0 seconds before running or rerunning.  Test is: /home/travis/build/icyphy/ptII/ptolemy/actor/lib/jjs/modules/socket/demo/TCPSocket/TCPSocketSecureServerClient.xml
Done sleeping
Running .TCPSocketSecureServerClient
9802 ms. Memory: 1824256K Free: 594755K (33%)
Exported /home/travis/build/icyphy/ptII/ptolemy/actor/lib/jjs/modules/socket/demo/TCPSocket/TCPSocketSecureServerClient/index.html
16131 ms. Memory: 1824256K Free: 557687K (31%)
####### 13 Tue Jun 12 03:08:46 UTC 2018 $PTII/bin/ptinvoke ptolemy.vergil.basic.export.ExportModel -force htm -run -openComposites -timeOut 30000 -whiteBackground ptolemy/actor/lib/jjs/modules/socket/demo/TCPSocket/TCPSocketTwoClients.xml $PTII/ptolemy/actor/lib/jjs/modules/socket/demo/TCPSocket/TCPSocketTwoClients
----------------- Tue Jun 12 03:08:46 UTC 2018 About to sleep for 5.0 seconds before running or rerunning.  Test is: /home/travis/build/icyphy/ptII/ptolemy/actor/lib/jjs/modules/socket/demo/TCPSocket/TCPSocketTwoClients.xml
Done sleeping
Running .TCPSocketTwoClients
24205 ms. Memory: 1843200K Free: 1521868K (83%)
Exported /home/travis/build/icyphy/ptII/ptolemy/actor/lib/jjs/modules/socket/demo/TCPSocket/TCPSocketTwoClients/index.html
30062 ms. Memory: 1843200K Free: 1471590K (80%)
####### 14 Tue Jun 12 03:09:21 UTC 2018 $PTII/bin/ptinvoke ptolemy.vergil.basic.export.ExportModel -force htm -run -openComposites -timeOut 30000 -whiteBackground ptolemy/actor/lib/jjs/modules/socket/demo/TCPSocket/TCPSocketUnsignedShort.xml $PTII/ptolemy/actor/lib/jjs/modules/socket/demo/TCPSocket/TCPSocketUnsignedShort
----------------- Tue Jun 12 03:09:21 UTC 2018 About to sleep for 5.0 seconds before running or rerunning.  Test is: /home/travis/build/icyphy/ptII/ptolemy/actor/lib/jjs/modules/socket/demo/TCPSocket/TCPSocketUnsignedShort.xml
Done sleeping
Running .TCPSocketUnsignedShort
4129 ms. Memory: 1843200K Free: 620888K (34%)
Exported /home/travis/build/icyphy/ptII/ptolemy/actor/lib/jjs/modules/socket/demo/TCPSocket/TCPSocketUnsignedShort/index.html
9410 ms. Memory: 1843200K Free: 579416K (31%)
####### 15 Tue Jun 12 03:09:35 UTC 2018 $PTII/bin/ptinvoke ptolemy.vergil.basic.export.ExportModel -force htm  -openComposites -timeOut 30000 -whiteBackground ptolemy/actor/lib/jjs/modules/speechRecognition/demo/SpeechRecognition/SpeechRecognition.xml $PTII/ptolemy/actor/lib/jjs/modules/speechRecognition/demo/SpeechRecognition/SpeechRecognition
Warning: not running ptolemy/actor/lib/jjs/modules/speechRecognition/demo/SpeechRecognition/SpeechRecognition.xml. See ptolemy/vergil/basic/export/test/junit/ExportModelJUnitTest.java
----------------- Tue Jun 12 03:09:35 UTC 2018 About to sleep for 5.0 seconds before running or rerunning.  Test is: /home/travis/build/icyphy/ptII/ptolemy/actor/lib/jjs/modules/speechRecognition/demo/SpeechRecognition/SpeechRecognition.xml
Done sleeping
Exported /home/travis/build/icyphy/ptII/ptolemy/actor/lib/jjs/modules/speechRecognition/demo/SpeechRecognition/SpeechRecognition/index.html
5654 ms. Memory: 1894400K Free: 1047705K (55%)
####### 16 Tue Jun 12 03:09:46 UTC 2018 $PTII/bin/ptinvoke ptolemy.vergil.basic.export.ExportModel -force htm  -openComposites -timeOut 30000 -whiteBackground ptolemy/actor/lib/jjs/modules/speechRecognition/demo/WatchCommandUpdater/WatchCommandUpdater.xml $PTII/ptolemy/actor/lib/jjs/modules/speechRecognition/demo/WatchCommandUpdater/WatchCommandUpdater
Warning: not running ptolemy/actor/lib/jjs/modules/speechRecognition/demo/WatchCommandUpdater/WatchCommandUpdater.xml. See ptolemy/vergil/basic/export/test/junit/ExportModelJUnitTest.java
----------------- Tue Jun 12 03:09:46 UTC 2018 About to sleep for 5.0 seconds before running or rerunning.  Test is: /home/travis/build/icyphy/ptII/ptolemy/actor/lib/jjs/modules/speechRecognition/demo/WatchCommandUpdater/WatchCommandUpdater.xml
Done sleeping
Exported /home/travis/build/icyphy/ptII/ptolemy/actor/lib/jjs/modules/speechRecognition/demo/WatchCommandUpdater/WatchCommandUpdater/index.html
7668 ms. Memory: 1865216K Free: 852394K (46%)
####### 17 Tue Jun 12 03:09:59 UTC 2018 $PTII/bin/ptinvoke ptolemy.vergil.basic.export.ExportModel -force htm -run -openComposites -timeOut 30000 -whiteBackground ptolemy/actor/lib/jjs/modules/testing/demo/Testing/Testing.xml $PTII/ptolemy/actor/lib/jjs/modules/testing/demo/Testing/Testing
----------------- Tue Jun 12 03:09:59 UTC 2018 About to sleep for 5.0 seconds before running or rerunning.  Test is: /home/travis/build/icyphy/ptII/ptolemy/actor/lib/jjs/modules/testing/demo/Testing/Testing.xml
Done sleeping
Running .Testing
MochaTest: Start of Common host: Basic (Thread[AWT-EventQueue-0,6,main])
MochaTest: End of Common host: Basic (Thread[AWT-EventQueue-0,6,main])
MochaTest: Start of Common host: Composite accessors (Thread[AWT-EventQueue-0,6,main])
MochaTest: Start of Common host: Spontaneous accessors (Thread[AWT-EventQueue-0,6,main])
MochaTest: Start of Common host: Spontaneous accessors (Thread[AWT-EventQueue-0,6,main])
MochaTest: Before Spontaneous accessor produces correct outputs after 1 and 2 seconds. (Thread[AWT-EventQueue-0,6,main])
MochaTest: After Spontaneous accessor produces correct outputs after 1 and 2 seconds. (Thread[AWT-EventQueue-0,6,main])
MochaTest: End of Common host: Spontaneous accessors (Thread[AWT-EventQueue-0,6,main])
MochaTest: Start of Common host: Inheritance (Thread[AWT-EventQueue-0,6,main])
MochaTest: End of Common host: Inheritance (Thread[AWT-EventQueue-0,6,main])
MochaTest: Instance of TestAccessor: [Circular]
Tests: (Thread[AWT-EventQueue-0,6,main])
MochaTest: TestAccessor.fire() invoked. (Thread[AWT-EventQueue-0,6,main])
MochaTest: TestAdder: fire(): inputLeft: 10 inputRight: 40 (Thread[AWT-EventQueue-0,6,main])
MochaTest: TestAdder: fire(): inputLeft: 5 inputRight: 20 (Thread[AWT-EventQueue-0,6,main])
MochaTest: TestAdder: fire(): inputLeft: 5 inputRight: 20 (Thread[AWT-EventQueue-0,6,main])
MochaTest: TestAccessor.fire() invoked. (Thread[AWT-EventQueue-0,6,main])
MochaTest: <?xml version="1.0" encoding="UTF-8"?>
 <testsuites>
 <testsuite name="Root Suite" tests="0">
 <testsuite name="Common host: Basic" tests="7">
 <testcase name="this.getParameter() returns default value." > </testcase>
 <testcase name="this.getParameter() returns value set by this.setParameter()." > </testcase>
 <testcase name="this.get() returns default value." > </testcase>
 <testcase name="this.get() returns null if no input yet provided." > </testcase>
 <testcase name="this.get() returns null if no input yet provided but type being boolean." > </testcase>
 <testcase name="this.get() returns value provided by provideInput()." > </testcase>
 <testcase name="latestOutput contains value provided by inputHandlers and send()." > </testcase>
 </testsuite>
 <testsuite name="Common host: Composite accessors" tests="2">
 <testcase name="Composite accessor produces correct output when manually scheduled." > </testcase>
 <testcase name="Composite accessor produces correct output when automatically scheduled." > </testcase>
 </testsuite>
 <testsuite name="Common host: Spontaneous accessors" tests="2">
 <testcase name="Spontaneous accessor produces correct outputs after 1 and 2 seconds." > </testcase>
 <testcase name="Composite spontaneous accessor produces correct outputs after 1 and 2 seconds." > </testcase>
 </testsuite>
 <testsuite name="Common host: Inheritance" tests="4">
 <testcase name="Inheritance, function overriding, and variable visiility should work properly." > </testcase>
 <testcase name="Implementing an interface should work properly." > </testcase>
 <testcase name="Exported fields of base classes can be accessed and initialize() is properly scoped." > </testcase>
 <testcase name="Two-level inheritance should work properly." > </testcase>
 </testsuite>
 </testsuite>
 </testsuites>
 (Thread[AWT-EventQueue-0,6,main])
17516 ms. Memory: 1884160K Free: 687717K (36%)
Exported /home/travis/build/icyphy/ptII/ptolemy/actor/lib/jjs/modules/testing/demo/Testing/Testing/index.html
23797 ms. Memory: 1884160K Free: 660520K (35%)
####### 18 Tue Jun 12 03:10:27 UTC 2018 $PTII/bin/ptinvoke ptolemy.vergil.basic.export.ExportModel -force htm -run -openComposites -timeOut 30000 -whiteBackground ptolemy/actor/lib/jjs/modules/udpSocket/demo/UDPSocket/UDPSocket.xml $PTII/ptolemy/actor/lib/jjs/modules/udpSocket/demo/UDPSocket/UDPSocket
----------------- Tue Jun 12 03:10:27 UTC 2018 About to sleep for 5.0 seconds before running or rerunning.  Test is: /home/travis/build/icyphy/ptII/ptolemy/actor/lib/jjs/modules/udpSocket/demo/UDPSocket/UDPSocket.xml
Done sleeping
Running .UDPSocket
ExportHTMLTimer went off after 30000 ms., calling getDirector().finish and getDirector().stopFire()
30009 ms. Memory: 1937408K Free: 1592061K (82%)
Exported /home/travis/build/icyphy/ptII/ptolemy/actor/lib/jjs/modules/udpSocket/demo/UDPSocket/UDPSocket/index.html
34784 ms. Memory: 1937408K Free: 1559468K (80%)
####### 19 Tue Jun 12 03:11:07 UTC 2018 $PTII/bin/ptinvoke ptolemy.vergil.basic.export.ExportModel -force htm -run -openComposites -timeOut 30000 -whiteBackground ptolemy/actor/lib/jjs/modules/udpSocket/demo/WatchEmulator/WatchEmulator.xml $PTII/ptolemy/actor/lib/jjs/modules/udpSocket/demo/WatchEmulator/WatchEmulator
----------------- Tue Jun 12 03:11:07 UTC 2018 About to sleep for 5.0 seconds before running or rerunning.  Test is: /home/travis/build/icyphy/ptII/ptolemy/actor/lib/jjs/modules/udpSocket/demo/WatchEmulator/WatchEmulator.xml
Done sleeping
Running .WatchEmulator
8839 ms. Memory: 1970688K Free: 1344650K (68%)
####### 20 Tue Jun 12 03:11:26 UTC 2018 $PTII/bin/ptinvoke ptolemy.vergil.basic.export.ExportModel -force htm -run -openComposites -timeOut 30000 -whiteBackground ptolemy/actor/lib/jjs/modules/userInterface/demo/Dots/Dots.xml $PTII/ptolemy/actor/lib/jjs/modules/userInterface/demo/Dots/Dots
----------------- Tue Jun 12 03:11:26 UTC 2018 About to sleep for 5.0 seconds before running or rerunning.  Test is: /home/travis/build/icyphy/ptII/ptolemy/actor/lib/jjs/modules/userInterface/demo/Dots/Dots.xml
Done sleeping
Running .Dots
BrowserLauncher: UnsupportedOperation: http://localhost:8089: java.lang.UnsupportedOperationException: The BROWSE action is not supported on the current platform!
ExportHTMLTimer went off after 30000 ms., calling getDirector().finish and getDirector().stopFire()
ExportHTMLTimer went off after 60000 ms., calling manager.stop().
66800 ms. Memory: 2067968K Free: 1761321K (85%)
Exported /home/travis/build/icyphy/ptII/ptolemy/actor/lib/jjs/modules/userInterface/demo/Dots/Dots/index.html
72574 ms. Memory: 2067968K Free: 1739680K (84%)
####### 21 Tue Jun 12 03:12:44 UTC 2018 $PTII/bin/ptinvoke ptolemy.vergil.basic.export.ExportModel -force htm -run -openComposites -timeOut 30000 -whiteBackground ptolemy/actor/lib/jjs/modules/userInterface/demo/HelloUserInterface/HelloUserInterface.xml $PTII/ptolemy/actor/lib/jjs/modules/userInterface/demo/HelloUserInterface/HelloUserInterface
----------------- Tue Jun 12 03:12:44 UTC 2018 About to sleep for 5.0 seconds before running or rerunning.  Test is: /home/travis/build/icyphy/ptII/ptolemy/actor/lib/jjs/modules/userInterface/demo/HelloUserInterface/HelloUserInterface.xml
Done sleeping
Running .HelloUserInterface
BrowserLauncher: UnsupportedOperation: http://localhost:8089: java.lang.UnsupportedOperationException: The BROWSE action is not supported on the current platform!
UserInterface: Connection closed because model is no longer running. (Thread[AWT-EventQueue-0,6,main])
11727 ms. Memory: 2067968K Free: 944701K (46%)
Exported /home/travis/build/icyphy/ptII/ptolemy/actor/lib/jjs/modules/userInterface/demo/HelloUserInterface/HelloUserInterface/index.html
16910 ms. Memory: 2067968K Free: 923135K (45%)
####### 22 Tue Jun 12 03:13:05 UTC 2018 $PTII/bin/ptinvoke ptolemy.vergil.basic.export.ExportModel -force htm -run -openComposites -timeOut 30000 -whiteBackground ptolemy/actor/lib/jjs/modules/userInterface/demo/UserInterface/UserInterface.xml $PTII/ptolemy/actor/lib/jjs/modules/userInterface/demo/UserInterface/UserInterface
----------------- Tue Jun 12 03:13:05 UTC 2018 About to sleep for 5.0 seconds before running or rerunning.  Test is: /home/travis/build/icyphy/ptII/ptolemy/actor/lib/jjs/modules/userInterface/demo/UserInterface/UserInterface.xml
Done sleeping
Running .UserInterface
5001 ms. Memory: 2067968K Free: 824763K (40%)
Exported /home/travis/build/icyphy/ptII/ptolemy/actor/lib/jjs/modules/userInterface/demo/UserInterface/UserInterface/index.html
9254 ms. Memory: 2067968K Free: 784080K (38%)
####### 23 Tue Jun 12 03:13:20 UTC 2018 $PTII/bin/ptinvoke ptolemy.vergil.basic.export.ExportModel -force htm -run -openComposites -timeOut 30000 -whiteBackground ptolemy/actor/lib/jjs/modules/userInterface/demo/UserInterface/UserInterfaceBrowser.xml $PTII/ptolemy/actor/lib/jjs/modules/userInterface/demo/UserInterface/UserInterfaceBrowser
----------------- Tue Jun 12 03:13:20 UTC 2018 About to sleep for 5.0 seconds before running or rerunning.  Test is: /home/travis/build/icyphy/ptII/ptolemy/actor/lib/jjs/modules/userInterface/demo/UserInterface/UserInterfaceBrowser.xml
Done sleeping
Running .UserInterfaceBrowser
BrowserLauncher: UnsupportedOperation: http://localhost:8090: java.lang.UnsupportedOperationException: The BROWSE action is not supported on the current platform!
ExportHTMLTimer went off after 30000 ms., calling getDirector().finish and getDirector().stopFire()
UserInterface: Connection closed because model is no longer running. (Thread[AWT-EventQueue-0,6,main])
30048 ms. Memory: 2060800K Free: 1618425K (79%)
Exported /home/travis/build/icyphy/ptII/ptolemy/actor/lib/jjs/modules/userInterface/demo/UserInterface/UserInterfaceBrowser/index.html
36669 ms. Memory: 2060800K Free: 1571888K (76%)
####### 24 Tue Jun 12 03:14:01 UTC 2018 $PTII/bin/ptinvoke ptolemy.vergil.basic.export.ExportModel -force htm -run -openComposites -timeOut 30000 -whiteBackground ptolemy/actor/lib/jjs/modules/userInterface/demo/UserInterface/UserInterfaceFixedPage.xml $PTII/ptolemy/actor/lib/jjs/modules/userInterface/demo/UserInterface/UserInterfaceFixedPage
----------------- Tue Jun 12 03:14:01 UTC 2018 About to sleep for 5.0 seconds before running or rerunning.  Test is: /home/travis/build/icyphy/ptII/ptolemy/actor/lib/jjs/modules/userInterface/demo/UserInterface/UserInterfaceFixedPage.xml
Done sleeping
Running .UserInterfaceFixedPage
BrowserLauncher: UnsupportedOperation: http://localhost:8089: java.lang.UnsupportedOperationException: The BROWSE action is not supported on the current platform!
UserInterface: Connection closed because model is no longer running. (Thread[AWT-EventQueue-0,6,main])
6330 ms. Memory: 2060800K Free: 1142240K (55%)
Exported /home/travis/build/icyphy/ptII/ptolemy/actor/lib/jjs/modules/userInterface/demo/UserInterface/UserInterfaceFixedPage/index.html
11301 ms. Memory: 2060800K Free: 1095753K (53%)
####### 25 Tue Jun 12 03:14:18 UTC 2018 $PTII/bin/ptinvoke ptolemy.vergil.basic.export.ExportModel -force htm -run -openComposites -timeOut 30000 -whiteBackground ptolemy/actor/lib/jjs/modules/userInterface/demo/UserInterface/UserInterfaceInteractive.xml $PTII/ptolemy/actor/lib/jjs/modules/userInterface/demo/UserInterface/UserInterfaceInteractive
----------------- Tue Jun 12 03:14:18 UTC 2018 About to sleep for 5.0 seconds before running or rerunning.  Test is: /home/travis/build/icyphy/ptII/ptolemy/actor/lib/jjs/modules/userInterface/demo/UserInterface/UserInterfaceInteractive.xml
Done sleeping
Running .UserInterfaceInteractive
BrowserLauncher: UnsupportedOperation: http://localhost:8090: java.lang.UnsupportedOperationException: The BROWSE action is not supported on the current platform!
ExportHTMLTimer went off after 30000 ms., calling getDirector().finish and getDirector().stopFire()
UserInterface: Connection closed because model is no longer running. (Thread[AWT-EventQueue-0,6,main])
30033 ms. Memory: 2076160K Free: 1517862K (73%)
Exported /home/travis/build/icyphy/ptII/ptolemy/actor/lib/jjs/modules/userInterface/demo/UserInterface/UserInterfaceInteractive/index.html
35265 ms. Memory: 2076160K Free: 1492966K (72%)
####### 26 Tue Jun 12 03:14:58 UTC 2018 $PTII/bin/ptinvoke ptolemy.vergil.basic.export.ExportModel -force htm -run -openComposites -timeOut 30000 -whiteBackground ptolemy/actor/lib/jjs/modules/userInterface/demo/UserInterface/UserInterfaceRamp.xml $PTII/ptolemy/actor/lib/jjs/modules/userInterface/demo/UserInterface/UserInterfaceRamp
----------------- Tue Jun 12 03:14:58 UTC 2018 About to sleep for 5.0 seconds before running or rerunning.  Test is: /home/travis/build/icyphy/ptII/ptolemy/actor/lib/jjs/modules/userInterface/demo/UserInterface/UserInterfaceRamp.xml
Done sleeping
Running .UserInterfaceRamp
BrowserLauncher: UnsupportedOperation: http://localhost:8089: java.lang.UnsupportedOperationException: The BROWSE action is not supported on the current platform!
UserInterface: Connection closed because model is no longer running. (Thread[AWT-EventQueue-0,6,main])
12958 ms. Memory: 2076160K Free: 391648K (19%)
Exported /home/travis/build/icyphy/ptII/ptolemy/actor/lib/jjs/modules/userInterface/demo/UserInterface/UserInterfaceRamp/index.html
19021 ms. Memory: 2076160K Free: 366792K (18%)
####### 27 Tue Jun 12 03:15:22 UTC 2018 $PTII/bin/ptinvoke ptolemy.vergil.basic.export.ExportModel -force htm -run -openComposites -timeOut 30000 -whiteBackground ptolemy/actor/lib/jjs/modules/userInterface/demo/UserInterface/UserInterfaceUpdate.xml $PTII/ptolemy/actor/lib/jjs/modules/userInterface/demo/UserInterface/UserInterfaceUpdate
----------------- Tue Jun 12 03:15:22 UTC 2018 About to sleep for 5.0 seconds before running or rerunning.  Test is: /home/travis/build/icyphy/ptII/ptolemy/actor/lib/jjs/modules/userInterface/demo/UserInterface/UserInterfaceUpdate.xml
Done sleeping
Running .UserInterfaceUpdate
BrowserLauncher: UnsupportedOperation: http://localhost:8090: java.lang.UnsupportedOperationException: The BROWSE action is not supported on the current platform!
UserInterface: Connection closed because model is no longer running. (Thread[AWT-EventQueue-0,6,main])
13615 ms. Memory: 2157056K Free: 1642603K (76%)
Exported /home/travis/build/icyphy/ptII/ptolemy/actor/lib/jjs/modules/userInterface/demo/UserInterface/UserInterfaceUpdate/index.html
20865 ms. Memory: 2157056K Free: 1615346K (75%)
####### 28 Tue Jun 12 03:15:48 UTC 2018 $PTII/bin/ptinvoke ptolemy.vergil.basic.export.ExportModel -force htm -run -openComposites -timeOut 30000 -whiteBackground ptolemy/actor/lib/jjs/modules/userInterface/demo/UserInterface/UserInterfaceVideo.xml $PTII/ptolemy/actor/lib/jjs/modules/userInterface/demo/UserInterface/UserInterfaceVideo
----------------- Tue Jun 12 03:15:48 UTC 2018 About to sleep for 5.0 seconds before running or rerunning.  Test is: /home/travis/build/icyphy/ptII/ptolemy/actor/lib/jjs/modules/userInterface/demo/UserInterface/UserInterfaceVideo.xml
Done sleeping
Running .UserInterfaceVideo
BrowserLauncher: UnsupportedOperation: http://localhost:8090: java.lang.UnsupportedOperationException: The BROWSE action is not supported on the current platform!
ExportHTMLTimer went off after 30000 ms., calling getDirector().finish and getDirector().stopFire()
UserInterface: Connection closed because model is no longer running. (Thread[AWT-EventQueue-0,6,main])
30053 ms. Memory: 2181632K Free: 1059841K (49%)
Exported /home/travis/build/icyphy/ptII/ptolemy/actor/lib/jjs/modules/userInterface/demo/UserInterface/UserInterfaceVideo/index.html
35760 ms. Memory: 2181632K Free: 1036478K (48%)
####### 29 Tue Jun 12 03:16:29 UTC 2018 $PTII/bin/ptinvoke ptolemy.vergil.basic.export.ExportModel -force htm -run -openComposites -timeOut 30000 -whiteBackground ptolemy/actor/lib/jjs/modules/webSocket/demo/SpeakingServerListeningClient/SpeakingServerListeningClient.xml $PTII/ptolemy/actor/lib/jjs/modules/webSocket/demo/SpeakingServerListeningClient/SpeakingServerListeningClient
----------------- Tue Jun 12 03:16:29 UTC 2018 About to sleep for 5.0 seconds before running or rerunning.  Test is: /home/travis/build/icyphy/ptII/ptolemy/actor/lib/jjs/modules/webSocket/demo/SpeakingServerListeningClient/SpeakingServerListeningClient.xml
Done sleeping
Running .SpeakingServerListeningClient
WSServer: *** server is listenting. (Thread[vert.x-eventloop-thread-0,6,main])
WSServer: *** server initialized. (Thread[AWT-EventQueue-0,6,main])
WSClient1: --- client 1 initialized. (Thread[AWT-EventQueue-0,6,main])
WSClient2: +++ client 2 initialized. (Thread[AWT-EventQueue-0,6,main])
WSServer: *** server received connection 0 (Thread[vert.x-eventloop-thread-0,6,main])
WSClient2: +++ connection established. Sending message to server. (Thread[vert.x-eventloop-thread-0,6,main])
WSClient2: +++ client 2 received message: Hello to client number 1 (Thread[AWT-EventQueue-0,6,main])
WSServer: *** server received message: Hello from the client (Thread[AWT-EventQueue-0,6,main])
WSServer: *** server wrapping up. (Thread[AWT-EventQueue-0,6,main])
WSClient1: --- client 1 wrapping up. (Thread[AWT-EventQueue-0,6,main])
WSClient1: Connection closed because model is no longer running. (Thread[AWT-EventQueue-0,6,main])
WSClient2: +++ client 2 wrapping up. (Thread[AWT-EventQueue-0,6,main])
WSClient2: Connection closed because model is no longer running. (Thread[AWT-EventQueue-0,6,main])
6036 ms. Memory: 2188288K Free: 1247268K (57%)
Exported /home/travis/build/icyphy/ptII/ptolemy/actor/lib/jjs/modules/webSocket/demo/SpeakingServerListeningClient/SpeakingServerListeningClient/index.html
11934 ms. Memory: 2188288K Free: 1224005K (56%)
####### 30 Tue Jun 12 03:16:46 UTC 2018 $PTII/bin/ptinvoke ptolemy.vergil.basic.export.ExportModel -force htm -run -openComposites -timeOut 30000 -whiteBackground ptolemy/actor/lib/jjs/modules/webSocket/demo/TwoWebSockets/TwoWebSockets.xml $PTII/ptolemy/actor/lib/jjs/modules/webSocket/demo/TwoWebSockets/TwoWebSockets
----------------- Tue Jun 12 03:16:46 UTC 2018 About to sleep for 5.0 seconds before running or rerunning.  Test is: /home/travis/build/icyphy/ptII/ptolemy/actor/lib/jjs/modules/webSocket/demo/TwoWebSockets/TwoWebSockets.xml
Done sleeping
Running .TwoWebSockets
JavaScript: Connection failed. Will try again: Connection refused: localhost/127.0.0.1:8080
Connection refused (Thread[vert.x-eventloop-thread-2,6,main])
JavaScript: Connection failed. Will try again: Connection refused: localhost/127.0.0.1:1984
Connection refused (Thread[vert.x-eventloop-thread-2,6,main])
JavaScript: Connection failed. Will try again: Connection refused: localhost/127.0.0.1:8080
Connection refused (Thread[vert.x-eventloop-thread-2,6,main])
JavaScript: Connection failed. Will try again: Connection refused: localhost/127.0.0.1:1984
Connection refused (Thread[vert.x-eventloop-thread-2,6,main])
JavaScript: Connection failed. Will try again: Connection refused: localhost/127.0.0.1:8080
Connection refused (Thread[vert.x-eventloop-thread-2,6,main])
JavaScript: Connection failed. Will try again: Connection refused: localhost/127.0.0.1:1984
Connection refused (Thread[vert.x-eventloop-thread-2,6,main])
JavaScript: Connection failed. Will try again: Connection refused: localhost/127.0.0.1:8080
Connection refused (Thread[vert.x-eventloop-thread-2,6,main])
JavaScript: Connection failed. Will try again: Connection refused: localhost/127.0.0.1:1984
Connection refused (Thread[vert.x-eventloop-thread-2,6,main])
JavaScript: Connection failed. Will try again: Connection refused: localhost/127.0.0.1:8080
Connection refused (Thread[vert.x-eventloop-thread-2,6,main])
JavaScript: Connection failed. Will try again: Connection refused: localhost/127.0.0.1:1984
Connection refused (Thread[vert.x-eventloop-thread-2,6,main])
JavaScript: Connection failed. Will try again: Connection refused: localhost/127.0.0.1:8080
Connection refused (Thread[vert.x-eventloop-thread-2,6,main])
JavaScript: Connection failed. Will try again: Connection refused: localhost/127.0.0.1:1984
Connection refused (Thread[vert.x-eventloop-thread-2,6,main])
JavaScript: Connection failed. Will try again: Connection refused: localhost/127.0.0.1:8080
Connection refused (Thread[vert.x-eventloop-thread-2,6,main])
JavaScript: Connection failed. Will try again: Connection refused: localhost/127.0.0.1:1984
Connection refused (Thread[vert.x-eventloop-thread-2,6,main])
JavaScript: Connection failed. Will try again: Connection refused: localhost/127.0.0.1:8080
Connection refused (Thread[vert.x-eventloop-thread-2,6,main])
JavaScript: Connection failed. Will try again: Connection refused: localhost/127.0.0.1:1984
Connection refused (Thread[vert.x-eventloop-thread-2,6,main])
JavaScript: Connection failed. Will try again: Connection refused: localhost/127.0.0.1:8080
Connection refused (Thread[vert.x-eventloop-thread-2,6,main])
JavaScript: Connection failed. Will try again: Connection refused: localhost/127.0.0.1:1984
Connection refused (Thread[vert.x-eventloop-thread-2,6,main])
JavaScript: Connection failed. Will try again: Connection refused: localhost/127.0.0.1:8080
Connection refused (Thread[vert.x-eventloop-thread-2,6,main])
JavaScript: Connection failed. Will try again: Connection refused: localhost/127.0.0.1:1984
Connection refused (Thread[vert.x-eventloop-thread-2,6,main])
6313 ms. Memory: 2188288K Free: 776989K (36%)
Exported /home/travis/build/icyphy/ptII/ptolemy/actor/lib/jjs/modules/webSocket/demo/TwoWebSockets/TwoWebSockets/index.html
11137 ms. Memory: 2188288K Free: 753744K (34%)
####### 31 Tue Jun 12 03:17:02 UTC 2018 $PTII/bin/ptinvoke ptolemy.vergil.basic.export.ExportModel -force htm -run -openComposites -timeOut 30000 -whiteBackground ptolemy/actor/lib/jjs/modules/webSocket/demo/WebSocketChat/Client.xml $PTII/ptolemy/actor/lib/jjs/modules/webSocket/demo/WebSocketChat/Client
----------------- Tue Jun 12 03:17:02 UTC 2018 About to sleep for 5.0 seconds before running or rerunning.  Test is: /home/travis/build/icyphy/ptII/ptolemy/actor/lib/jjs/modules/webSocket/demo/WebSocketChat/Client.xml
Done sleeping
.Client.InteractiveDialog invoked SwingUtilities.invokeAndWait()
Model ".Client" contains actors such cannot be run  as part of the export process from ExportModel or it has a WebExportParameters value that runBeforeExport set to false. To export run this model and export it, use vergil.
Exported /home/travis/build/icyphy/ptII/ptolemy/actor/lib/jjs/modules/webSocket/demo/WebSocketChat/Client/index.html
3769 ms. Memory: 2188288K Free: 493307K (23%)
####### 32 Tue Jun 12 03:17:10 UTC 2018 $PTII/bin/ptinvoke ptolemy.vergil.basic.export.ExportModel -force htm -run -openComposites -timeOut 30000 -whiteBackground ptolemy/actor/lib/jjs/modules/webSocket/demo/WebSocketChat/SecureClient.xml $PTII/ptolemy/actor/lib/jjs/modules/webSocket/demo/WebSocketChat/SecureClient
----------------- Tue Jun 12 03:17:10 UTC 2018 About to sleep for 5.0 seconds before running or rerunning.  Test is: /home/travis/build/icyphy/ptII/ptolemy/actor/lib/jjs/modules/webSocket/demo/WebSocketChat/SecureClient.xml
Done sleeping
.SecureClient.InteractiveDialog invoked SwingUtilities.invokeAndWait()
Model ".SecureClient" contains actors such cannot be run  as part of the export process from ExportModel or it has a WebExportParameters value that runBeforeExport set to false. To export run this model and export it, use vergil.
Exported /home/travis/build/icyphy/ptII/ptolemy/actor/lib/jjs/modules/webSocket/demo/WebSocketChat/SecureClient/index.html
4106 ms. Memory: 2171392K Free: 1490636K (69%)
####### 33 Tue Jun 12 03:17:20 UTC 2018 $PTII/bin/ptinvoke ptolemy.vergil.basic.export.ExportModel -force htm -run -openComposites -timeOut 30000 -whiteBackground ptolemy/actor/lib/jjs/modules/webSocket/demo/WebSocketChat/SecureServer.xml $PTII/ptolemy/actor/lib/jjs/modules/webSocket/demo/WebSocketChat/SecureServer
----------------- Tue Jun 12 03:17:20 UTC 2018 About to sleep for 5.0 seconds before running or rerunning.  Test is: /home/travis/build/icyphy/ptII/ptolemy/actor/lib/jjs/modules/webSocket/demo/WebSocketChat/SecureServer.xml
Done sleeping
Running .SecureServer
ExportHTMLTimer went off after 30000 ms., calling getDirector().finish and getDirector().stopFire()
30017 ms. Memory: 2171392K Free: 1041886K (48%)
Exported /home/travis/build/icyphy/ptII/ptolemy/actor/lib/jjs/modules/webSocket/demo/WebSocketChat/SecureServer/index.html
34764 ms. Memory: 2171392K Free: 1016531K (47%)
####### 34 Tue Jun 12 03:17:59 UTC 2018 $PTII/bin/ptinvoke ptolemy.vergil.basic.export.ExportModel -force htm -run -openComposites -timeOut 30000 -whiteBackground ptolemy/actor/lib/jjs/modules/webSocket/demo/WebSocketChat/Server.xml $PTII/ptolemy/actor/lib/jjs/modules/webSocket/demo/WebSocketChat/Server
----------------- Tue Jun 12 03:17:59 UTC 2018 About to sleep for 5.0 seconds before running or rerunning.  Test is: /home/travis/build/icyphy/ptII/ptolemy/actor/lib/jjs/modules/webSocket/demo/WebSocketChat/Server.xml
Done sleeping
Running .Server
ExportHTMLTimer went off after 30000 ms., calling getDirector().finish and getDirector().stopFire()
30013 ms. Memory: 2171392K Free: 593385K (27%)
Exported /home/travis/build/icyphy/ptII/ptolemy/actor/lib/jjs/modules/webSocket/demo/WebSocketChat/Server/index.html
34933 ms. Memory: 2171392K Free: 568030K (26%)
####### 35 Tue Jun 12 03:18:39 UTC 2018 $PTII/bin/ptinvoke ptolemy.vergil.basic.export.ExportModel -force htm  -openComposites -timeOut 30000 -whiteBackground ptolemy/actor/lib/jjs/modules/webSocket/demo/WebSocketChat/WebSocketChat.xml $PTII/ptolemy/actor/lib/jjs/modules/webSocket/demo/WebSocketChat/WebSocketChat
Warning: not running ptolemy/actor/lib/jjs/modules/webSocket/demo/WebSocketChat/WebSocketChat.xml. See ptolemy/vergil/basic/export/test/junit/ExportModelJUnitTest.java
----------------- Tue Jun 12 03:18:39 UTC 2018 About to sleep for 5.0 seconds before running or rerunning.  Test is: /home/travis/build/icyphy/ptII/ptolemy/actor/lib/jjs/modules/webSocket/demo/WebSocketChat/WebSocketChat.xml
Done sleeping
Exported /home/travis/build/icyphy/ptII/ptolemy/actor/lib/jjs/modules/webSocket/demo/WebSocketChat/WebSocketChat/index.html
3183 ms. Memory: 2171392K Free: 447605K (21%)
####### 36 Tue Jun 12 03:18:47 UTC 2018 $PTII/bin/ptinvoke ptolemy.vergil.basic.export.ExportModel -force htm  -openComposites -timeOut 30000 -whiteBackground ptolemy/actor/lib/jjs/modules/webSocket/demo/WebSocketClient/WebSocketClient.xml $PTII/ptolemy/actor/lib/jjs/modules/webSocket/demo/WebSocketClient/WebSocketClient
Warning: not running ptolemy/actor/lib/jjs/modules/webSocket/demo/WebSocketClient/WebSocketClient.xml. See ptolemy/vergil/basic/export/test/junit/ExportModelJUnitTest.java
----------------- Tue Jun 12 03:18:47 UTC 2018 About to sleep for 5.0 seconds before running or rerunning.  Test is: /home/travis/build/icyphy/ptII/ptolemy/actor/lib/jjs/modules/webSocket/demo/WebSocketClient/WebSocketClient.xml
Done sleeping
Exported /home/travis/build/icyphy/ptII/ptolemy/actor/lib/jjs/modules/webSocket/demo/WebSocketClient/WebSocketClient/index.html
3991 ms. Memory: 2183680K Free: 1456997K (67%)
####### 37 Tue Jun 12 03:18:56 UTC 2018 $PTII/bin/ptinvoke ptolemy.vergil.basic.export.ExportModel -force htm -run -openComposites -timeOut 30000 -whiteBackground ptolemy/actor/lib/jjs/modules/webSocket/demo/WebSocketClient/WebSocketServer.xml $PTII/ptolemy/actor/lib/jjs/modules/webSocket/demo/WebSocketClient/WebSocketServer
----------------- Tue Jun 12 03:18:56 UTC 2018 About to sleep for 5.0 seconds before running or rerunning.  Test is: /home/travis/build/icyphy/ptII/ptolemy/actor/lib/jjs/modules/webSocket/demo/WebSocketClient/WebSocketServer.xml
Done sleeping
Running .WebSocketServer
ExportHTMLTimer went off after 30000 ms., calling getDirector().finish and getDirector().stopFire()
30017 ms. Memory: 2183680K Free: 696116K (32%)
Exported /home/travis/build/icyphy/ptII/ptolemy/actor/lib/jjs/modules/webSocket/demo/WebSocketClient/WebSocketServer/index.html
35359 ms. Memory: 2183680K Free: 669623K (31%)
####### 38 Tue Jun 12 03:19:37 UTC 2018 $PTII/bin/ptinvoke ptolemy.vergil.basic.export.ExportModel -force htm -run -openComposites -timeOut 30000 -whiteBackground ptolemy/actor/lib/jjs/modules/webSocket/demo/WebSocketFullDuplex/WebSocketFullDuplex.xml $PTII/ptolemy/actor/lib/jjs/modules/webSocket/demo/WebSocketFullDuplex/WebSocketFullDuplex
----------------- Tue Jun 12 03:19:37 UTC 2018 About to sleep for 5.0 seconds before running or rerunning.  Test is: /home/travis/build/icyphy/ptII/ptolemy/actor/lib/jjs/modules/webSocket/demo/WebSocketFullDuplex/WebSocketFullDuplex.xml
Done sleeping
Running .WebSocketFullDuplex
WebSocketClient: Connection failed. Will try again: Connection refused: localhost/127.0.0.1:8080
Connection refused (Thread[vert.x-eventloop-thread-2,6,main])
WebSocketClient: Connection failed. Will try again: Connection refused: localhost/127.0.0.1:8080
Connection refused (Thread[vert.x-eventloop-thread-2,6,main])
WebSocketClient: Connection failed. Will try again: Connection refused: localhost/127.0.0.1:8080
Connection refused (Thread[vert.x-eventloop-thread-2,6,main])
WebSocketClient: Connection failed. Will try again: Connection refused: localhost/127.0.0.1:8080
Connection refused (Thread[vert.x-eventloop-thread-2,6,main])
WebSocketClient: Connection failed. Will try again: Connection refused: localhost/127.0.0.1:8080
Connection refused (Thread[vert.x-eventloop-thread-2,6,main])
WebSocketClient: undefined: WebSocketClient.js: Error: Connection failed after 6 tries: Connection refused: localhost/127.0.0.1:8080
Connection refused (Thread[vert.x-eventloop-thread-2,6,main])
ExportHTMLTimer went off after 30000 ms., calling getDirector().finish and getDirector().stopFire()
WebSocketClient: Connection closed because model is no longer running. (Thread[AWT-EventQueue-0,6,main])
WebSocketClient: undefined: WebSocketClient.js: Error: Unsent messages remain that were queued before the socket opened: [0, -1, -2, -3, -4, -5, -6, -7, -8, -9, -10, -11, -12, -13, -14, -15, -16, -17, -18, -19, -20, -21, -22, -23] (Thread[vert.x-eventloop-thread-2,6,main])
31162 ms. Memory: 2219008K Free: 1475169K (66%)
Exported /home/travis/build/icyphy/ptII/ptolemy/actor/lib/jjs/modules/webSocket/demo/WebSocketFullDuplex/WebSocketFullDuplex/index.html
36732 ms. Memory: 2219008K Free: 1449805K (65%)
####### 39 Tue Jun 12 03:20:19 UTC 2018 $PTII/bin/ptinvoke ptolemy.vergil.basic.export.ExportModel -force htm -run -openComposites -timeOut 30000 -whiteBackground ptolemy/actor/lib/jjs/modules/webSocket/demo/WebSocketGraph/WebSocketGraph.xml $PTII/ptolemy/actor/lib/jjs/modules/webSocket/demo/WebSocketGraph/WebSocketGraph
----------------- Tue Jun 12 03:20:19 UTC 2018 About to sleep for 5.0 seconds before running or rerunning.  Test is: /home/travis/build/icyphy/ptII/ptolemy/actor/lib/jjs/modules/webSocket/demo/WebSocketGraph/WebSocketGraph.xml
Done sleeping
Running .WebSocketGraph
BrowserLauncher: UnsupportedOperation: http://localhost:8089: java.lang.UnsupportedOperationException: The BROWSE action is not supported on the current platform!
ExportHTMLTimer went off after 30000 ms., calling getDirector().finish and getDirector().stopFire()
UserInterface: Connection closed because model is no longer running. (Thread[AWT-EventQueue-0,6,main])
30076 ms. Memory: 2258944K Free: 534793K (24%)
Exported /home/travis/build/icyphy/ptII/ptolemy/actor/lib/jjs/modules/webSocket/demo/WebSocketGraph/WebSocketGraph/index.html
37583 ms. Memory: 2234880K Free: 1646822K (74%)
####### 40 Tue Jun 12 03:21:01 UTC 2018 $PTII/bin/ptinvoke ptolemy.vergil.basic.export.ExportModel -force htm -run -openComposites -timeOut 30000 -whiteBackground ptolemy/actor/lib/jjs/modules/webSocket/demo/WebSocketImage/WebSocketImage.xml $PTII/ptolemy/actor/lib/jjs/modules/webSocket/demo/WebSocketImage/WebSocketImage
----------------- Tue Jun 12 03:21:01 UTC 2018 About to sleep for 5.0 seconds before running or rerunning.  Test is: /home/travis/build/icyphy/ptII/ptolemy/actor/lib/jjs/modules/webSocket/demo/WebSocketImage/WebSocketImage.xml
Done sleeping
Running .WebSocketImage
WebSocketClient: WebSocketClient: WebSocketClient.js: connect(): portValue: -1, which is less than 0. This could be a signal to close a previously open socket.  Returning. (Thread[AWT-EventQueue-0,6,main])
ExportHTMLTimer went off after 30000 ms., calling getDirector().finish and getDirector().stopFire()
WebSocketClient: Connection closed because model is no longer running. (Thread[AWT-EventQueue-0,6,main])
30304 ms. Memory: 2319360K Free: 1583328K (68%)
Exported /home/travis/build/icyphy/ptII/ptolemy/actor/lib/jjs/modules/webSocket/demo/WebSocketImage/WebSocketImage/index.html
37201 ms. Memory: 2319360K Free: 1555796K (67%)
####### 41 Tue Jun 12 03:21:43 UTC 2018 $PTII/bin/ptinvoke ptolemy.vergil.basic.export.ExportModel -force htm -run -openComposites -timeOut 30000 -whiteBackground ptolemy/actor/lib/jjs/modules/webSocket/demo/WebSocketLog/WebSocketLog.xml $PTII/ptolemy/actor/lib/jjs/modules/webSocket/demo/WebSocketLog/WebSocketLog
----------------- Tue Jun 12 03:21:43 UTC 2018 About to sleep for 5.0 seconds before running or rerunning.  Test is: /home/travis/build/icyphy/ptII/ptolemy/actor/lib/jjs/modules/webSocket/demo/WebSocketLog/WebSocketLog.xml
Done sleeping
Running .WebSocketLog
13192 ms. Memory: 2491392K Free: 1399368K (56%)
Exported /home/travis/build/icyphy/ptII/ptolemy/actor/lib/jjs/modules/webSocket/demo/WebSocketLog/WebSocketLog/index.html
[...]
	at jdk.nashorn.api.scripting.NashornScriptEngine.throwAsScriptException(NashornScriptEngine.java:470)
	at jdk.nashorn.api.scripting.NashornScriptEngine.invokeImpl(NashornScriptEngine.java:392)
	at jdk.nashorn.api.scripting.NashornScriptEngine.invokeMethod(NashornScriptEngine.java:199)
	at ptolemy.actor.lib.jjs.JavaScript._invokeMethodInContext(JavaScript.java:2220)
	... 21 more
Caused by: <function>:393:16 Error: TrainableTest2: The input handler of this accessor was never invoked. Usually, this is an error indicating that starvation is occurring.
	at jdk.nashorn.internal.objects.NativeError.initException(NativeError.java:137)
	at jdk.nashorn.internal.objects.NativeError.<init>(NativeError.java:102)
	at jdk.nashorn.internal.objects.NativeError.<init>(NativeError.java:106)
	at jdk.nashorn.internal.objects.NativeError.<init>(NativeError.java:110)
	at jdk.nashorn.internal.objects.NativeError.constructor(NativeError.java:129)
	at jdk.nashorn.internal.scripts.Script$Recompilation$17652$18537$\^function\_.L:1#wrapup(<function>:393)
	at jdk.nashorn.internal.scripts.Script$Recompilation$17650$30640$require.L:1#Accessor#wrapup(/home/travis/build/icyphy/ptII/ptolemy/actor/lib/jjs/external/require.js#401:30<eval>:683)
	at jdk.nashorn.internal.runtime.ScriptFunctionData.invoke(ScriptFunctionData.java:637)
	at jdk.nashorn.internal.runtime.ScriptFunction.invoke(ScriptFunction.java:494)
	at jdk.nashorn.internal.runtime.ScriptRuntime.apply(ScriptRuntime.java:393)
	at jdk.nashorn.api.scripting.ScriptObjectMirror.callMember(ScriptObjectMirror.java:199)
	at jdk.nashorn.api.scripting.NashornScriptEngine.invokeImpl(NashornScriptEngine.java:386)
	... 23 more
Caused by: javax.script.ScriptException: Error: TrainableTest2: The input handler of this accessor was never invoked. Usually, this is an error indicating that starvation is occurring. in <function> at line number 393 at column number 16
	at jdk.nashorn.api.scripting.NashornScriptEngine.throwAsScriptException(NashornScriptEngine.java:470)
	at jdk.nashorn.api.scripting.NashornScriptEngine.invokeImpl(NashornScriptEngine.java:392)
	at jdk.nashorn.api.scripting.NashornScriptEngine.invokeMethod(NashornScriptEngine.java:199)
	at ptolemy.actor.lib.jjs.JavaScript._invokeMethodInContext(JavaScript.java:2220)
	at ptolemy.actor.lib.jjs.JavaScript.wrapup(JavaScript.java:2138)
	at ptolemy.actor.Director.wrapup(Director.java:1722)
	at ptolemy.domains.de.kernel.DEDirector.wrapup(DEDirector.java:1527)
	at ptolemy.actor.CompositeActor.wrapup(CompositeActor.java:2735)
	at ptolemy.actor.Manager.wrapup(Manager.java:1512)
	at ptolemy.actor.Manager.execute(Manager.java:407)
	at ptolemy.vergil.basic.export.ExportModel$2.run(ExportModel.java:390)
	at java.awt.event.InvocationEvent.dispatch(InvocationEvent.java:301)
	at java.awt.EventQueue.dispatchEventImpl(EventQueue.java:756)
	at java.awt.EventQueue.access$500(EventQueue.java:97)
	at java.awt.EventQueue$3.run(EventQueue.java:709)
	at java.awt.EventQueue$3.run(EventQueue.java:703)
	at java.security.AccessController.doPrivileged(Native Method)
	at java.security.ProtectionDomain$JavaSecurityAccessImpl.doIntersectionPrivilege(ProtectionDomain.java:80)
	at java.awt.EventQueue.dispatchEvent(EventQueue.java:726)
	at java.awt.EventDispatchThread.pumpOneEventForFilters(EventDispatchThread.java:201)
	at java.awt.EventDispatchThread.pumpEventsForFilter(EventDispatchThread.java:116)
	at java.awt.EventDispatchThread.pumpEventsForHierarchy(EventDispatchThread.java:105)
	at java.awt.EventDispatchThread.pumpEvents(EventDispatchThread.java:101)
	at java.awt.EventDispatchThread.pumpEvents(EventDispatchThread.java:93)
	at java.awt.EventDispatchThread.run(EventDispatchThread.java:82)
Caused by: <function>:393:16 Error: TrainableTest2: The input handler of this accessor was never invoked. Usually, this is an error indicating that starvation is occurring.
	at jdk.nashorn.internal.objects.NativeError.initException(NativeError.java:137)
	at jdk.nashorn.internal.objects.NativeError.<init>(NativeError.java:102)
	at jdk.nashorn.internal.objects.NativeError.<init>(NativeError.java:106)
	at jdk.nashorn.internal.objects.NativeError.<init>(NativeError.java:110)
	at jdk.nashorn.internal.objects.NativeError.constructor(NativeError.java:129)
	at jdk.nashorn.internal.scripts.Script$Recompilation$17652$18537$\^function\_.L:1#wrapup(<function>:393)
	at jdk.nashorn.internal.scripts.Script$Recompilation$17650$30640$require.L:1#Accessor#wrapup(/home/travis/build/icyphy/ptII/ptolemy/actor/lib/jjs/external/require.js#401:30<eval>:683)
	at jdk.nashorn.internal.runtime.ScriptFunctionData.invoke(ScriptFunctionData.java:637)
	at jdk.nashorn.internal.runtime.ScriptFunction.invoke(ScriptFunction.java:494)
	at jdk.nashorn.internal.runtime.ScriptRuntime.apply(ScriptRuntime.java:393)
	at jdk.nashorn.api.scripting.ScriptObjectMirror.callMember(ScriptObjectMirror.java:199)
	at jdk.nashorn.api.scripting.NashornScriptEngine.invokeImpl(NashornScriptEngine.java:386)
	... 23 more
java.lang.reflect.InvocationTargetException
	at java.awt.EventQueue.invokeAndWait(EventQueue.java:1321)
	at java.awt.EventQueue.invokeAndWait(EventQueue.java:1296)
	at javax.swing.SwingUtilities.invokeAndWait(SwingUtilities.java:1348)
	at ptolemy.vergil.basic.export.ExportModel.exportModel(ExportModel.java:401)
	at ptolemy.vergil.basic.export.test.junit.ExportModelJUnitTest.RunExportModel(ExportModelJUnitTest.java:153)
	at ptolemy.vergil.basic.export.test.junit.ExportModelJUnitTestBatch.RunExportModel(ExportModelJUnitTestBatch.java:84)
	at sun.reflect.GeneratedMethodAccessor18.invoke(Unknown Source)
	at sun.reflect.DelegatingMethodAccessorImpl.invoke(DelegatingMethodAccessorImpl.java:43)
	at java.lang.reflect.Method.invoke(Method.java:498)
	at org.junit.runners.model.FrameworkMethod$1.runReflectiveCall(FrameworkMethod.java:44)
	at org.junit.internal.runners.model.ReflectiveCallable.run(ReflectiveCallable.java:15)
	at org.junit.runners.model.FrameworkMethod.invokeExplosively(FrameworkMethod.java:41)
	at junitparams.internal.InvokeParameterisedMethod.evaluate(InvokeParameterisedMethod.java:102)
	at junitparams.internal.ParameterisedTestMethodRunner.runMethodInvoker(ParameterisedTestMethodRunner.java:47)
	at junitparams.internal.ParameterisedTestMethodRunner.runTestMethod(ParameterisedTestMethodRunner.java:41)
	at junitparams.internal.ParameterisedTestClassRunner.runParameterisedTest(ParameterisedTestClassRunner.java:143)
	at junitparams.JUnitParamsRunner.runChild(JUnitParamsRunner.java:237)
	at junitparams.JUnitParamsRunner.runChild(JUnitParamsRunner.java:215)
	at org.junit.runners.ParentRunner$3.run(ParentRunner.java:193)
	at org.junit.runners.ParentRunner$1.schedule(ParentRunner.java:52)
	at org.junit.runners.ParentRunner.runChildren(ParentRunner.java:191)
	at org.junit.runners.ParentRunner.access$000(ParentRunner.java:42)
	at org.junit.runners.ParentRunner$2.evaluate(ParentRunner.java:184)
	at org.junit.runners.ParentRunner.run(ParentRunner.java:236)
	at junit.framework.JUnit4TestAdapter.run(JUnit4TestAdapter.java:39)
	at org.apache.tools.ant.taskdefs.optional.junit.JUnitTestRunner.run(JUnitTestRunner.java:535)
	at org.apache.tools.ant.taskdefs.optional.junit.JUnitTestRunner.launch(JUnitTestRunner.java:1182)
	at org.apache.tools.ant.taskdefs.optional.junit.JUnitTestRunner.main(JUnitTestRunner.java:1033)
Caused by: java.lang.RuntimeException: ptolemy.kernel.util.IllegalActionException: Exceptions occurred during wrapup:
ptolemy.kernel.util.IllegalActionException: Failure executing the wrapup function: Error: TrainableTest2: The input handler of this accessor was never invoked. Usually, this is an error indicating that starvation is occurring. in <function> at line number 393 at column number 16
  in .WatchEmulator.TrainableTest2
Because:
Error: TrainableTest2: The input handler of this accessor was never invoked. Usually, this is an error indicating that starvation is occurring. in <function> at line number 393 at column number 16

  in .WatchEmulator.DE Director
Because:
Failure executing the wrapup function: Error: TrainableTest2: The input handler of this accessor was never invoked. Usually, this is an error indicating that starvation is occurring. in <function> at line number 393 at column number 16
  in .WatchEmulator.TrainableTest2
Because:
Error: TrainableTest2: The input handler of this accessor was never invoked. Usually, this is an error indicating that starvation is occurring. in <function> at line number 393 at column number 16
	at ptolemy.vergil.basic.export.ExportModel$2.run(ExportModel.java:397)
	at java.awt.event.InvocationEvent.dispatch(InvocationEvent.java:301)
	at java.awt.EventQueue.dispatchEventImpl(EventQueue.java:756)
	at java.awt.EventQueue.access$500(EventQueue.java:97)
	at java.awt.EventQueue$3.run(EventQueue.java:709)
	at java.awt.EventQueue$3.run(EventQueue.java:703)
	at java.security.AccessController.doPrivileged(Native Method)
	at java.security.ProtectionDomain$JavaSecurityAccessImpl.doIntersectionPrivilege(ProtectionDomain.java:80)
	at java.awt.EventQueue.dispatchEvent(EventQueue.java:726)
	at java.awt.EventDispatchThread.pumpOneEventForFilters(EventDispatchThread.java:201)
	at java.awt.EventDispatchThread.pumpEventsForFilter(EventDispatchThread.java:116)
	at java.awt.EventDispatchThread.pumpEventsForHierarchy(EventDispatchThread.java:105)
	at java.awt.EventDispatchThread.pumpEvents(EventDispatchThread.java:101)
	at java.awt.EventDispatchThread.pumpEvents(EventDispatchThread.java:93)
	at java.awt.EventDispatchThread.run(EventDispatchThread.java:82)
Caused by: ptolemy.kernel.util.IllegalActionException: Exceptions occurred during wrapup:
ptolemy.kernel.util.IllegalActionException: Failure executing the wrapup function: Error: TrainableTest2: The input handler of this accessor was never invoked. Usually, this is an error indicating that starvation is occurring. in <function> at line number 393 at column number 16
  in .WatchEmulator.TrainableTest2
Because:
Error: TrainableTest2: The input handler of this accessor was never invoked. Usually, this is an error indicating that starvation is occurring. in <function> at line number 393 at column number 16

  in .WatchEmulator.DE Director
Because:
Failure executing the wrapup function: Error: TrainableTest2: The input handler of this accessor was never invoked. Usually, this is an error indicating that starvation is occurring. in <function> at line number 393 at column number 16
  in .WatchEmulator.TrainableTest2
Because:
Error: TrainableTest2: The input handler of this accessor was never invoked. Usually, this is an error indicating that starvation is occurring. in <function> at line number 393 at column number 16
	at ptolemy.actor.Director.wrapup(Director.java:1736)
	at ptolemy.domains.de.kernel.DEDirector.wrapup(DEDirector.java:1527)
	at ptolemy.actor.CompositeActor.wrapup(CompositeActor.java:2735)
	at ptolemy.actor.Manager.wrapup(Manager.java:1512)
	at ptolemy.actor.Manager.execute(Manager.java:407)
	at ptolemy.vergil.basic.export.ExportModel$2.run(ExportModel.java:390)
	... 14 more
Caused by: ptolemy.kernel.util.IllegalActionException: Failure executing the wrapup function: Error: TrainableTest2: The input handler of this accessor was never invoked. Usually, this is an error indicating that starvation is occurring. in <function> at line number 393 at column number 16
  in .WatchEmulator.TrainableTest2
Because:
Error: TrainableTest2: The input handler of this accessor was never invoked. Usually, this is an error indicating that starvation is occurring. in <function> at line number 393 at column number 16
	at ptolemy.actor.lib.jjs.JavaScript._invokeMethodInContext(JavaScript.java:2243)
	at ptolemy.actor.lib.jjs.JavaScript.wrapup(JavaScript.java:2138)
	at ptolemy.actor.Director.wrapup(Director.java:1722)
	... 19 more
Caused by: javax.script.ScriptException: Error: TrainableTest2: The input handler of this accessor was never invoked. Usually, this is an error indicating that starvation is occurring. in <function> at line number 393 at column number 16
	at jdk.nashorn.api.scripting.NashornScriptEngine.throwAsScriptException(NashornScriptEngine.java:470)
	at jdk.nashorn.api.scripting.NashornScriptEngine.invokeImpl(NashornScriptEngine.java:392)
	at jdk.nashorn.api.scripting.NashornScriptEngine.invokeMethod(NashornScriptEngine.java:199)
	at ptolemy.actor.lib.jjs.JavaScript._invokeMethodInContext(JavaScript.java:2220)
	... 21 more
Caused by: <function>:393:16 Error: TrainableTest2: The input handler of this accessor was never invoked. Usually, this is an error indicating that starvation is occurring.
	at jdk.nashorn.internal.objects.NativeError.initException(NativeError.java:137)
	at jdk.nashorn.internal.objects.NativeError.<init>(NativeError.java:102)
	at jdk.nashorn.internal.objects.NativeError.<init>(NativeError.java:106)
	at jdk.nashorn.internal.objects.NativeError.<init>(NativeError.java:110)
	at jdk.nashorn.internal.objects.NativeError.constructor(NativeError.java:129)
	at jdk.nashorn.internal.scripts.Script$Recompilation$17652$18537$\^function\_.L:1#wrapup(<function>:393)
	at jdk.nashorn.internal.scripts.Script$Recompilation$17650$30640$require.L:1#Accessor#wrapup(/home/travis/build/icyphy/ptII/ptolemy/actor/lib/jjs/external/require.js#401:30<eval>:683)
	at jdk.nashorn.internal.runtime.ScriptFunctionData.invoke(ScriptFunctionData.java:637)
	at jdk.nashorn.internal.runtime.ScriptFunction.invoke(ScriptFunction.java:494)
	at jdk.nashorn.internal.runtime.ScriptRuntime.apply(ScriptRuntime.java:393)
	at jdk.nashorn.api.scripting.ScriptObjectMirror.callMember(ScriptObjectMirror.java:199)
	at jdk.nashorn.api.scripting.NashornScriptEngine.invokeImpl(NashornScriptEngine.java:386)
	... 23 more
WARNING: Clock: Model stopped before executing actions (e.g. producing outputs) scheduled for execution at times [27.0]
WARNING: Invoking send() too late (probably in a callback), so WebSocketServer is not able to send the token {socketID = 0, status = "closed"} to the output connection. Token is discarded.
WARNING: Invoking send() too late (probably in a callback), so WebSocketServer is not able to send the token {socketID = 0, status = "closed"} to the output connection. Token is discarded.
WARNING: Clock: Model stopped before executing actions (e.g. producing outputs) scheduled for execution at times [11.0]
WARNING: Clock: Model stopped before executing actions (e.g. producing outputs) scheduled for execution at times [11.0]
WARNING: Invoking send() too late (probably in a callback), so WebSocketServer is not able to send the token {socketID = 0, status = "closed"} to the output connection. Token is discarded.
WARNING: Invoking send() too late (probably in a callback), so WebSocketServer is not able to send the token {socketID = 0, status = "closed"} to the output connection. Token is discarded.
[atomic-processor-1] INFO com.github.sarxos.webcam.ds.cgt.WebcamOpenTask - Opening webcam Dummy Webcam 0
[atomic-processor-1] INFO com.github.sarxos.webcam.ds.cgt.WebcamCloseTask - Closing Dummy Webcam 0
JavaScript: Connection failed after 11 tries: Connection refused: localhost/127.0.0.1:8080
Connection refused
WARNING: TestSpontaneous: Model stopped before executing actions (e.g. producing outputs) scheduled for execution at times [24.0]
WARNING: Invoking send() too late (probably in a callback), so WebSocketServer is not able to send the token {socketID = 0, status = "closed"} to the output connection. Token is discarded.
WARNING: Invoking send() too late (probably in a callback), so WebSocketServer is not able to send the token {socketID = 0, status = "closed"} to the output connection. Token is discarded.
[atomic-processor-1] INFO com.github.sarxos.webcam.ds.cgt.WebcamOpenTask - Opening webcam Dummy Webcam 0
[atomic-processor-1] INFO com.github.sarxos.webcam.ds.cgt.WebcamCloseTask - Closing Dummy Webcam 0
WARNING: Camera: Model stopped before executing actions (e.g. producing outputs) scheduled for execution at times [16.644000000000002, 6.87, 10.964, 7.288, 22.074, 11.068, 21.970000000000002, 7.184, 6.6610000000000005, 18.836000000000002, 7.811, 11.486, 7.079000000000001, 16.539, 22.179000000000002, 6.9750000000000005, 7.393000000000001, 13.388, 11.172, 6.767, 11.276, 5.407, 7.498, 6.347, 7.602, 6.243, 22.389, 16.749000000000002, 22.494, 7.707, 13.493, 6.138, 11.381, 5.51, 5.0920000000000005, 18.631, 5.3020000000000005, 11.593, 5.197, 10.648, 25.503, 6.452, 18.734, 22.284000000000002, 16.959, 21.235, 21.339000000000002, 16.222, 21.444, 10.543000000000001, 16.854, 6.556, 16.117, 4.777, 19.041, 12.964, 1.738, 14.123000000000001, 23.02, 1.4240000000000002, 21.13, 3.095, 20.92, 1.11, 2.8850000000000002, 16.432000000000002, 3.201, 11.806000000000001, 25.608, 1.6340000000000001, 4.987, 13.809000000000001, 25.712, 17.065, 10.332, 15.907, 23.335, 21.549, 2.365, 10.016, 19.143, 5.928, 7.922000000000001, 21.759, 13.703000000000001, 12.335, 9.177, 18.324, 23.545, 4.673, 10.122, 12.229000000000001, 22.704, 8.026, 10.859, 13.174000000000001, 11.700000000000001, 2.991, 15.801, 14.752, 15.068000000000001, 4.041, 4.1450000000000005, 9.282, 12.018, 3.7270000000000003, 14.858, 9.387, 9.911, 4.25, 20.081, 19.977, 19.661, 19.872, 8.968, 3.9370000000000003, 8.864, 17.906000000000002, 14.963000000000001, 12.123000000000001, 19.556, 19.348, 18.222, 8.758000000000001, 19.451, 3.411, 15.383000000000001, 20.396, 3.62, 12.648, 8.34, 14.542, 12.544, 17.801000000000002, 8.445, 20.291, 18.119, 8.549, 17.696, 17.591, 15.278, 20.186, 23.863, 3.306, 14.437000000000001, 3.515, 1.9480000000000002, 2.052, 9.597, 4.564, 15.173, 9.493, 23.757, 4.4590000000000005, 14.228, 11.913, 14.332, 23.125, 12.754000000000001, 8.653, 9.702, 4.355, 9.806000000000001, 1.843, 14.018, 13.914, 1.5290000000000001, 10.437000000000001, 2.156, 2.2600000000000002, 1.215, 12.859, 22.915, 10.227, 18.017, 18.529, 2.468, 2.572, 17.276, 13.069, 16.012, 17.382, 23.23, 17.17, 17.486, 21.025000000000002, 4.882000000000001, 2.7800000000000002, 20.605, 18.938000000000002, 8.235, 16.327, 20.501, 2.676, 6.033, 22.599, 12.438, 13.279, 21.654, 13.598, 15.488000000000001, 18.427, 15.592, 22.809, 5.823, 14.647, 19.246000000000002, 23.650000000000002, 15.696, 5.719, 8.131, 3.833, 5.615, 9.072000000000001, 23.44, 20.815, 10.754, 19.766000000000002, 20.711000000000002, 1.319, 21.864]
WARNING: TestSpontaneous: Model stopped before executing actions (e.g. producing outputs) scheduled for execution at times [12.5]
Warning: Running an XSLT 1.0 stylesheet with an XSLT 2.0 processor
Warning: Running an XSLT 1.0 stylesheet with an XSLT 2.0 processor
Warning: Running an XSLT 1.0 stylesheet with an XSLT 2.0 processor
Jun 12, 2018 3:25:32 AM sun.awt.X11.XToolkit processException
WARNING: Exception on Toolkit thread
java.lang.NullPointerException
	at java.awt.Component$BltBufferStrategy.contentsLost(Component.java:4479)
	at java.awt.Component$BltSubRegionBufferStrategy.showIfNotLost(Component.java:4542)
	at javax.swing.BufferStrategyPaintManager.show(BufferStrategyPaintManager.java:252)
	at javax.swing.RepaintManager.show(RepaintManager.java:1379)
	at javax.swing.SwingPaintEventDispatcher.createPaintEvent(SwingPaintEventDispatcher.java:61)
	at sun.awt.X11.XWindow.postPaintEvent(XWindow.java:564)
	at sun.awt.X11.XContentWindow.postPaintEvent(XContentWindow.java:163)
	at sun.awt.X11.XWindow.handleExposeEvent(XWindow.java:558)
	at sun.awt.X11.XContentWindow.handleExposeEvent(XContentWindow.java:45)
	at sun.awt.X11.XBaseWindow.dispatchEvent(XBaseWindow.java:1110)
	at sun.awt.X11.XBaseWindow.dispatchToWindow(XBaseWindow.java:1086)
	at sun.awt.X11.XToolkit.dispatchEvent(XToolkit.java:502)
	at sun.awt.X11.XToolkit.run(XToolkit.java:616)
	at sun.awt.X11.XToolkit.run(XToolkit.java:532)
	at java.lang.Thread.run(Thread.java:748)

]]></system-err>
</testsuite>
