<?xml version="1.0" encoding="UTF-8" ?>
<testsuite errors="0" failures="0" hostname="travis-job-7aa95fef-581c-4125-8308-6d74484ec64c" name="ptolemy.domains.de.test.junit.JUnitTclTest" skipped="0" tests="101" time="131.984" timestamp="2019-05-23T04:25:12">
  <properties>
[...]
</properties>
  <testcase classname="ptolemy.util.test.junit.TclTests" name="[0] /home/travis/build/icyphy/ptII/ptolemy/domains/de/test/DependencyLoop.tcl (RunTclFile)" time="0.829" />
  <testcase classname="ptolemy.util.test.junit.TclTests" name="[1] /home/travis/build/icyphy/ptII/ptolemy/domains/de/test/RunDETestsAsQSS.tcl (RunTclFile)" time="91.355" />
  <testcase classname="ptolemy.util.test.junit.AutoKnownFailedTests" name="[0] /home/travis/build/icyphy/ptII/ptolemy/domains/de/test/auto/knownFailedTests/DESDFClockTest.xml (RunModel)" time="2.032" />
  <testcase classname="ptolemy.util.test.junit.AutoKnownFailedTests" name="[1] /home/travis/build/icyphy/ptII/ptolemy/domains/de/test/auto/knownFailedTests/DirectFeedback.xml (RunModel)" time="0.03" />
  <testcase classname="ptolemy.util.test.junit.AutoKnownFailedTests" name="[2] /home/travis/build/icyphy/ptII/ptolemy/domains/de/test/auto/knownFailedTests/FSMSource.xml (RunModel)" time="0.023" />
  <testcase classname="ptolemy.util.test.junit.AutoKnownFailedTests" name="[3] /home/travis/build/icyphy/ptII/ptolemy/domains/de/test/auto/knownFailedTests/HierarchicalModel.xml (RunModel)" time="0.061" />
  <testcase classname="ptolemy.util.test.junit.AutoKnownFailedTests" name="[4] /home/travis/build/icyphy/ptII/ptolemy/domains/de/test/auto/knownFailedTests/dependencyLoop.xml (RunModel)" time="0.041" />
  <testcase classname="ptolemy.util.test.junit.AutoKnownFailedTests" name="[5] /home/travis/build/icyphy/ptII/ptolemy/domains/de/test/auto/knownFailedTests/dependencyLoop2.xml (RunModel)" time="0.041" />
  <testcase classname="ptolemy.util.test.junit.AutoNameArchTests" name="[0] ThereAreNoAutoArchTests (RunModel)" time="0.009" />
  <testcase classname="ptolemy.util.test.junit.AutoTests" name="[0] /home/travis/build/icyphy/ptII/ptolemy/domains/de/test/auto/ActorDepthCalculation_actorWithoutPorts.xml (RunModel)" time="0.02" />
  <testcase classname="ptolemy.util.test.junit.AutoTests" name="[1] /home/travis/build/icyphy/ptII/ptolemy/domains/de/test/auto/AssemblyLine.xml (RunModel)" time="0.021" />
  <testcase classname="ptolemy.util.test.junit.AutoTests" name="[2] /home/travis/build/icyphy/ptII/ptolemy/domains/de/test/auto/CQBug1.xml (RunModel)" time="0.013" />
  <testcase classname="ptolemy.util.test.junit.AutoTests" name="[3] /home/travis/build/icyphy/ptII/ptolemy/domains/de/test/auto/CancelFireAt.xml (RunModel)" time="0.008" />
  <testcase classname="ptolemy.util.test.junit.AutoTests" name="[4] /home/travis/build/icyphy/ptII/ptolemy/domains/de/test/auto/CausalityAndComposabilityAnalysis.xml (RunModel)" time="0.015" />
  <testcase classname="ptolemy.util.test.junit.AutoTests" name="[5] /home/travis/build/icyphy/ptII/ptolemy/domains/de/test/auto/CausalityInterface1.xml (RunModel)" time="0.015" />
  <testcase classname="ptolemy.util.test.junit.AutoTests" name="[6] /home/travis/build/icyphy/ptII/ptolemy/domains/de/test/auto/CausalityInterface15.xml (RunModel)" time="0.013" />
  <testcase classname="ptolemy.util.test.junit.AutoTests" name="[7] /home/travis/build/icyphy/ptII/ptolemy/domains/de/test/auto/CausalityInterface2.xml (RunModel)" time="0.01" />
  <testcase classname="ptolemy.util.test.junit.AutoTests" name="[8] /home/travis/build/icyphy/ptII/ptolemy/domains/de/test/auto/CausalityInterface3.xml (RunModel)" time="0.012" />
  <testcase classname="ptolemy.util.test.junit.AutoTests" name="[9] /home/travis/build/icyphy/ptII/ptolemy/domains/de/test/auto/ClockDrift.xml (RunModel)" time="0.032" />
  <testcase classname="ptolemy.util.test.junit.AutoTests" name="[10] /home/travis/build/icyphy/ptII/ptolemy/domains/de/test/auto/ClockDriftAndValueChange.xml (RunModel)" time="0.041" />
  <testcase classname="ptolemy.util.test.junit.AutoTests" name="[11] /home/travis/build/icyphy/ptII/ptolemy/domains/de/test/auto/ClockDriftChange.xml (RunModel)" time="0.035" />
  <testcase classname="ptolemy.util.test.junit.AutoTests" name="[12] /home/travis/build/icyphy/ptII/ptolemy/domains/de/test/auto/ComposableCausalityAnalysis.xml (RunModel)" time="0.018" />
  <testcase classname="ptolemy.util.test.junit.AutoTests" name="[13] /home/travis/build/icyphy/ptII/ptolemy/domains/de/test/auto/DEFixedPointLimitation.xml (RunModel)" time="0.017" />
  <testcase classname="ptolemy.util.test.junit.AutoTests" name="[14] /home/travis/build/icyphy/ptII/ptolemy/domains/de/test/auto/DEScheduleTest.xml (RunModel)" time="0.013" />
  <testcase classname="ptolemy.util.test.junit.AutoTests" name="[15] /home/travis/build/icyphy/ptII/ptolemy/domains/de/test/auto/DEinDEwithStartTimes.xml (RunModel)" time="0.017" />
  <testcase classname="ptolemy.util.test.junit.AutoTests" name="[16] /home/travis/build/icyphy/ptII/ptolemy/domains/de/test/auto/DEinDEwithStartTimes2.xml (RunModel)" time="0.016" />
  <testcase classname="ptolemy.util.test.junit.AutoTests" name="[17] /home/travis/build/icyphy/ptII/ptolemy/domains/de/test/auto/DateDemo.xml (RunModel)" time="0.032" />
  <testcase classname="ptolemy.util.test.junit.AutoTests" name="[18] /home/travis/build/icyphy/ptII/ptolemy/domains/de/test/auto/DateToEvent.xml (RunModel)" time="2.045" />
  <testcase classname="ptolemy.util.test.junit.AutoTests" name="[19] /home/travis/build/icyphy/ptII/ptolemy/domains/de/test/auto/DepthTest1.xml (RunModel)" time="0.012" />
  <testcase classname="ptolemy.util.test.junit.AutoTests" name="[20] /home/travis/build/icyphy/ptII/ptolemy/domains/de/test/auto/DepthTest2.xml (RunModel)" time="0.025" />
  <testcase classname="ptolemy.util.test.junit.AutoTests" name="[21] /home/travis/build/icyphy/ptII/ptolemy/domains/de/test/auto/DepthTest3.xml (RunModel)" time="0.007" />
  <testcase classname="ptolemy.util.test.junit.AutoTests" name="[22] /home/travis/build/icyphy/ptII/ptolemy/domains/de/test/auto/DepthTest4.xml (RunModel)" time="0.012" />
  <testcase classname="ptolemy.util.test.junit.AutoTests" name="[23] /home/travis/build/icyphy/ptII/ptolemy/domains/de/test/auto/DepthTest5.xml (RunModel)" time="0.013" />
  <testcase classname="ptolemy.util.test.junit.AutoTests" name="[24] /home/travis/build/icyphy/ptII/ptolemy/domains/de/test/auto/DepthTest6.xml (RunModel)" time="0.012" />
  <testcase classname="ptolemy.util.test.junit.AutoTests" name="[25] /home/travis/build/icyphy/ptII/ptolemy/domains/de/test/auto/DepthTest7.xml (RunModel)" time="0.018" />
  <testcase classname="ptolemy.util.test.junit.AutoTests" name="[26] /home/travis/build/icyphy/ptII/ptolemy/domains/de/test/auto/EventToDate.xml (RunModel)" time="3.035" />
  <testcase classname="ptolemy.util.test.junit.AutoTests" name="[27] /home/travis/build/icyphy/ptII/ptolemy/domains/de/test/auto/FSM1.xml (RunModel)" time="0.029" />
  <testcase classname="ptolemy.util.test.junit.AutoTests" name="[28] /home/travis/build/icyphy/ptII/ptolemy/domains/de/test/auto/FSM7.xml (RunModel)" time="0.029" />
  <testcase classname="ptolemy.util.test.junit.AutoTests" name="[29] /home/travis/build/icyphy/ptII/ptolemy/domains/de/test/auto/Inspection.xml (RunModel)" time="0.034" />
  <testcase classname="ptolemy.util.test.junit.AutoTests" name="[30] /home/travis/build/icyphy/ptII/ptolemy/domains/de/test/auto/Iteration.xml (RunModel)" time="0.018" />
  <testcase classname="ptolemy.util.test.junit.AutoTests" name="[31] /home/travis/build/icyphy/ptII/ptolemy/domains/de/test/auto/LineFault.xml (RunModel)" time="0.579" />
  <testcase classname="ptolemy.util.test.junit.AutoTests" name="[32] /home/travis/build/icyphy/ptII/ptolemy/domains/de/test/auto/MergeModel1Add.xml (RunModel)" time="0.043" />
  <testcase classname="ptolemy.util.test.junit.AutoTests" name="[33] /home/travis/build/icyphy/ptII/ptolemy/domains/de/test/auto/MergeModel2Add.xml (RunModel)" time="0.039" />
  <testcase classname="ptolemy.util.test.junit.AutoTests" name="[34] /home/travis/build/icyphy/ptII/ptolemy/domains/de/test/auto/MergeModel3Add.xml (RunModel)" time="0.04" />
  <testcase classname="ptolemy.util.test.junit.AutoTests" name="[35] /home/travis/build/icyphy/ptII/ptolemy/domains/de/test/auto/MergeWithoutDiscard.xml (RunModel)" time="0.011" />
  <testcase classname="ptolemy.util.test.junit.AutoTests" name="[36] /home/travis/build/icyphy/ptII/ptolemy/domains/de/test/auto/Modal1.xml (RunModel)" time="0.026" />
  <testcase classname="ptolemy.util.test.junit.AutoTests" name="[37] /home/travis/build/icyphy/ptII/ptolemy/domains/de/test/auto/Modal2.xml (RunModel)" time="0.029" />
  <testcase classname="ptolemy.util.test.junit.AutoTests" name="[38] /home/travis/build/icyphy/ptII/ptolemy/domains/de/test/auto/Modal3.xml (RunModel)" time="0.026" />
  <testcase classname="ptolemy.util.test.junit.AutoTests" name="[39] /home/travis/build/icyphy/ptII/ptolemy/domains/de/test/auto/Modal4.xml (RunModel)" time="0.026" />
  <testcase classname="ptolemy.util.test.junit.AutoTests" name="[40] /home/travis/build/icyphy/ptII/ptolemy/domains/de/test/auto/Modal5.xml (RunModel)" time="0.028" />
  <testcase classname="ptolemy.util.test.junit.AutoTests" name="[41] /home/travis/build/icyphy/ptII/ptolemy/domains/de/test/auto/Modal6.xml (RunModel)" time="0.027" />
  <testcase classname="ptolemy.util.test.junit.AutoTests" name="[42] /home/travis/build/icyphy/ptII/ptolemy/domains/de/test/auto/Modal7.xml (RunModel)" time="0.031" />
  <testcase classname="ptolemy.util.test.junit.AutoTests" name="[43] /home/travis/build/icyphy/ptII/ptolemy/domains/de/test/auto/ModalModel.xml (RunModel)" time="0.13" />
  <testcase classname="ptolemy.util.test.junit.AutoTests" name="[44] /home/travis/build/icyphy/ptII/ptolemy/domains/de/test/auto/ModalSource.xml (RunModel)" time="0.017" />
  <testcase classname="ptolemy.util.test.junit.AutoTests" name="[45] /home/travis/build/icyphy/ptII/ptolemy/domains/de/test/auto/NonInterruptibleTimerZeroDelay.xml (RunModel)" time="0.01" />
  <testcase classname="ptolemy.util.test.junit.AutoTests" name="[46] /home/travis/build/icyphy/ptII/ptolemy/domains/de/test/auto/OpenQueueingNetwork.xml (RunModel)" time="2.273" />
  <testcase classname="ptolemy.util.test.junit.AutoTests" name="[47] /home/travis/build/icyphy/ptII/ptolemy/domains/de/test/auto/OpenQueuingNetwork.xml (RunModel)" time="0.26" />
  <testcase classname="ptolemy.util.test.junit.AutoTests" name="[48] /home/travis/build/icyphy/ptII/ptolemy/domains/de/test/auto/PeriodicSampler.xml (RunModel)" time="0.007" />
  <testcase classname="ptolemy.util.test.junit.AutoTests" name="[49] /home/travis/build/icyphy/ptII/ptolemy/domains/de/test/auto/PersistentIO.xml (RunModel)" time="0.021" />
  <testcase classname="ptolemy.util.test.junit.AutoTests" name="[50] /home/travis/build/icyphy/ptII/ptolemy/domains/de/test/auto/PortParameterResetOnInitialize.xml (RunModel)" time="0.01" />
  <testcase classname="ptolemy.util.test.junit.AutoTests" name="[51] /home/travis/build/icyphy/ptII/ptolemy/domains/de/test/auto/PortParameterUpdates.xml (RunModel)" time="0.018" />
  <testcase classname="ptolemy.util.test.junit.AutoTests" name="[52] /home/travis/build/icyphy/ptII/ptolemy/domains/de/test/auto/QueueAndServer.xml (RunModel)" time="0.019" />
  <testcase classname="ptolemy.util.test.junit.AutoTests" name="[53] /home/travis/build/icyphy/ptII/ptolemy/domains/de/test/auto/Records.xml (RunModel)" time="0.012" />
  <testcase classname="ptolemy.util.test.junit.AutoTests" name="[54] /home/travis/build/icyphy/ptII/ptolemy/domains/de/test/auto/ResetTransitionWithStartTime1.xml (RunModel)" time="0.016" />
  <testcase classname="ptolemy.util.test.junit.AutoTests" name="[55] /home/travis/build/icyphy/ptII/ptolemy/domains/de/test/auto/ResetTransitionWithStartTime2.xml (RunModel)" time="0.016" />
  <testcase classname="ptolemy.util.test.junit.AutoTests" name="[56] /home/travis/build/icyphy/ptII/ptolemy/domains/de/test/auto/ResetTransitionWithStartTime3.xml (RunModel)" time="0.016" />
  <testcase classname="ptolemy.util.test.junit.AutoTests" name="[57] /home/travis/build/icyphy/ptII/ptolemy/domains/de/test/auto/ResetTransitionWithStartTime4.xml (RunModel)" time="0.016" />
  <testcase classname="ptolemy.util.test.junit.AutoTests" name="[58] /home/travis/build/icyphy/ptII/ptolemy/domains/de/test/auto/ResettableTimer1.xml (RunModel)" time="0.01" />
  <testcase classname="ptolemy.util.test.junit.AutoTests" name="[59] /home/travis/build/icyphy/ptII/ptolemy/domains/de/test/auto/ResettableTimer2.xml (RunModel)" time="0.009" />
  <testcase classname="ptolemy.util.test.junit.AutoTests" name="[60] /home/travis/build/icyphy/ptII/ptolemy/domains/de/test/auto/ResettableTimer3.xml (RunModel)" time="0.008" />
  <testcase classname="ptolemy.util.test.junit.AutoTests" name="[61] /home/travis/build/icyphy/ptII/ptolemy/domains/de/test/auto/ResettableTimer4.xml (RunModel)" time="0.008" />
  <testcase classname="ptolemy.util.test.junit.AutoTests" name="[62] /home/travis/build/icyphy/ptII/ptolemy/domains/de/test/auto/ResettableTimer5.xml (RunModel)" time="0.01" />
  <testcase classname="ptolemy.util.test.junit.AutoTests" name="[63] /home/travis/build/icyphy/ptII/ptolemy/domains/de/test/auto/ResettableTimer6.xml (RunModel)" time="0.01" />
  <testcase classname="ptolemy.util.test.junit.AutoTests" name="[64] /home/travis/build/icyphy/ptII/ptolemy/domains/de/test/auto/ServerZeroDelay.xml (RunModel)" time="0.009" />
  <testcase classname="ptolemy.util.test.junit.AutoTests" name="[65] /home/travis/build/icyphy/ptII/ptolemy/domains/de/test/auto/SmartSender.xml (RunModel)" time="3.008" />
  <testcase classname="ptolemy.util.test.junit.AutoTests" name="[66] /home/travis/build/icyphy/ptII/ptolemy/domains/de/test/auto/ThreadedComposite.xml (RunModel)" time="0.114" />
  <testcase classname="ptolemy.util.test.junit.AutoTests" name="[67] /home/travis/build/icyphy/ptII/ptolemy/domains/de/test/auto/Time.xml (RunModel)" time="0.445" />
  <testcase classname="ptolemy.util.test.junit.AutoTests" name="[68] /home/travis/build/icyphy/ptII/ptolemy/domains/de/test/auto/TimeDelayZeroDelay.xml (RunModel)" time="0.01" />
  <testcase classname="ptolemy.util.test.junit.AutoTests" name="[69] /home/travis/build/icyphy/ptII/ptolemy/domains/de/test/auto/TimerZeroDelay.xml (RunModel)" time="0.009" />
  <testcase classname="ptolemy.util.test.junit.AutoTests" name="[70] /home/travis/build/icyphy/ptII/ptolemy/domains/de/test/auto/TimingParadox.xml (RunModel)" time="0.352" />
  <testcase classname="ptolemy.util.test.junit.AutoTests" name="[71] /home/travis/build/icyphy/ptII/ptolemy/domains/de/test/auto/TransferInputs.xml (RunModel)" time="0.016" />
  <testcase classname="ptolemy.util.test.junit.AutoTests" name="[72] /home/travis/build/icyphy/ptII/ptolemy/domains/de/test/auto/TransferOutputs2.xml (RunModel)" time="0.019" />
  <testcase classname="ptolemy.util.test.junit.AutoTests" name="[73] /home/travis/build/icyphy/ptII/ptolemy/domains/de/test/auto/Trilateration.xml (RunModel)" time="11.427" />
  <testcase classname="ptolemy.util.test.junit.AutoTests" name="[74] /home/travis/build/icyphy/ptII/ptolemy/domains/de/test/auto/TwoSigmaDelta.xml (RunModel)" time="2.162" />
  <testcase classname="ptolemy.util.test.junit.AutoTests" name="[75] /home/travis/build/icyphy/ptII/ptolemy/domains/de/test/auto/VariableDelay.xml (RunModel)" time="0.01" />
  <testcase classname="ptolemy.util.test.junit.AutoTests" name="[76] /home/travis/build/icyphy/ptII/ptolemy/domains/de/test/auto/VariableDelay2.xml (RunModel)" time="0.009" />
  <testcase classname="ptolemy.util.test.junit.AutoTests" name="[77] /home/travis/build/icyphy/ptII/ptolemy/domains/de/test/auto/VariableDelayZeroDelay.xml (RunModel)" time="0.011" />
  <testcase classname="ptolemy.util.test.junit.AutoTests" name="[78] /home/travis/build/icyphy/ptII/ptolemy/domains/de/test/auto/VariableDelayZeroDelay2.xml (RunModel)" time="0.009" />
  <testcase classname="ptolemy.util.test.junit.AutoTests" name="[79] /home/travis/build/icyphy/ptII/ptolemy/domains/de/test/auto/deInCt.xml (RunModel)" time="0.02" />
  <testcase classname="ptolemy.util.test.junit.AutoTests" name="[80] /home/travis/build/icyphy/ptII/ptolemy/domains/de/test/auto/deInCt2.xml (RunModel)" time="0.018" />
  <testcase classname="ptolemy.util.test.junit.AutoTests" name="[81] /home/travis/build/icyphy/ptII/ptolemy/domains/de/test/auto/dynamicCausalityInterface1.xml (RunModel)" time="0.022" />
  <testcase classname="ptolemy.util.test.junit.AutoTests" name="[82] /home/travis/build/icyphy/ptII/ptolemy/domains/de/test/auto/fsm_de_test.xml (RunModel)" time="0.021" />
  <testcase classname="ptolemy.util.test.junit.AutoTests" name="[83] /home/travis/build/icyphy/ptII/ptolemy/domains/de/test/auto/functionDependencyReconstruction.xml (RunModel)" time="0.03" />
  <testcase classname="ptolemy.util.test.junit.AutoTests" name="[84] /home/travis/build/icyphy/ptII/ptolemy/domains/de/test/auto/multirate.xml (RunModel)" time="0.018" />
  <testcase classname="ptolemy.util.test.junit.AutoTests" name="[85] /home/travis/build/icyphy/ptII/ptolemy/domains/de/test/auto/multirate2.xml (RunModel)" time="0.02" />
  <testcase classname="ptolemy.util.test.junit.AutoTests" name="[86] /home/travis/build/icyphy/ptII/ptolemy/domains/de/test/auto/realtime.xml (RunModel)" time="10.014" />
  <testcase classname="ptolemy.util.test.junit.AutoTests" name="[87] /home/travis/build/icyphy/ptII/ptolemy/domains/de/test/auto/relationGroup.xml (RunModel)" time="0.009" />
  <testcase classname="ptolemy.util.test.junit.AutoTests" name="[88] /home/travis/build/icyphy/ptII/ptolemy/domains/de/test/auto/relationGroup2.xml (RunModel)" time="0.007" />
  <testcase classname="ptolemy.util.test.junit.AutoTests" name="[89] /home/travis/build/icyphy/ptII/ptolemy/domains/de/test/auto/sortWithOpaquePorts.xml (RunModel)" time="0.01" />
  <testcase classname="ptolemy.util.test.junit.AutoTests" name="[90] /home/travis/build/icyphy/ptII/ptolemy/domains/de/test/auto/transferInputsandOutputs.xml (RunModel)" time="0.014" />
  <testcase classname="ptolemy.util.test.junit.AutoTests" name="[91] /home/travis/build/icyphy/ptII/ptolemy/domains/de/test/auto/triggerType.xml (RunModel)" time="0.008" />
  <system-out><![CDATA[/home/travis/build/icyphy/ptII/ptolemy/domains/de/test/DependencyLoop.tcl
testDefs.tcl: setting time out to 9000 seconds at Thu May 23 04:25:12 UTC 2019
15 ms. Memory: 116224K Free: 97650K (84%)
29 ms. Memory: 146944K Free: 141158K (96%)
/home/travis/build/icyphy/ptII/ptolemy/domains/de/test/RunDETestsAsQSS.tcl
Run the DE tests using ptolemy.domains.qss.test.QSSDirectorTest, which extends QSSDirector and prints a message in the constructors.
------------------ testing $PTII/ptolemy/domains/de/test/auto/knownFailedTests/dependencyLoop.xml (Known Failure) 
7 ms. Memory: 146944K Free: 136913K (93%)


==== $PTIIhome/travis/build/icyphy/ptII/ptolemy/domains/de/test/../../../../: Auto Automatic test in file $PTII/ptolemy/domains/de/test/auto/knownFailedTests/dependencyLoop.xml
==== Contents of test case:

	    # FIXME: we should use $relativeFilename here, but it
	    # might have backslashes under Windows, which causes no end
	    # of trouble.
	    createAndExecute $file
	    list {}
	
.... Test generated KNOWN error:
    while executing
ptolemy.kernel.util.IllegalActionException: Found a zero delay loop containing .dependencyLoop.original
  in .dependencyLoop and .dependencyLoop.original
	at ptolemy.actor.util.CausalityInterfaceForComposites._computeOutputPortDepth(CausalityInterfaceForComposites.java:759)
	at ptolemy.actor.util.CausalityInterfaceForComposites._computeInputDepth(CausalityInterfaceForComposites.java:696)
	at ptolemy.actor.util.CausalityInterfaceForComposites._computeOutputPortDepth(CausalityInterfaceForComposites.java:765)
	at ptolemy.actor.util.CausalityInterfaceForComposites._computeInputDepth(CausalityInterfaceForComposites.java:696)
	at ptolemy.actor.util.CausalityInterfaceForComposites._computeOutputPortDepth(CausalityInterfaceForComposites.java:765)
	at ptolemy.actor.util.CausalityInterfaceForComposites._computeInputDepth(CausalityInterfaceForComposites.java:696)
	at ptolemy.actor.util.CausalityInterfaceForComposites._computeActorDepth(CausalityInterfaceForComposites.java:532)
	at ptolemy.actor.util.CausalityInterfaceForComposites.checkForCycles(CausalityInterfaceForComposites.java:96)
	at ptolemy.domains.de.kernel.DEDirector.preinitialize(DEDirector.java:1338)
	at ptolemy.actor.CompositeActor.preinitialize(CompositeActor.java:1828)
	at ptolemy.actor.Manager.preinitializeAndResolveTypes(Manager.java:1040)
	at ptolemy.actor.Manager.initialize(Manager.java:710)
	at ptolemy.actor.Manager.execute(Manager.java:356)
	at ptolemy.actor.Manager.run(Manager.java:1263)
	at ptolemy.actor.Manager$PtolemyRunThread.run(Manager.java:1915)

    while executing
ptolemy.kernel.util.IllegalActionException: Found a zero delay loop containing .dependencyLoop.original
  in .dependencyLoop and .dependencyLoop.original
    while executing
"java::new ptolemy.moml.MoMLSimpleApplication $file
"
    (procedure "createAndExecute" line 2)
    invoked from within
"createAndExecute $file"
    ("uplevel" body line 5)
    invoked from within
"uplevel $contents_of_test"
------------------ testing $PTII/ptolemy/domains/de/test/auto/knownFailedTests/DESDFClockTest.xml (Known Failure) 
2083 ms. Memory: 146944K Free: 121364K (83%)


==== $PTIIhome/travis/build/icyphy/ptII/ptolemy/domains/de/test/../../../../: Auto Automatic test in file $PTII/ptolemy/domains/de/test/auto/knownFailedTests/DESDFClockTest.xml
==== Contents of test case:

	    # FIXME: we should use $relativeFilename here, but it
	    # might have backslashes under Windows, which causes no end
	    # of trouble.
	    createAndExecute $file
	    list {}
	
.... Test generated KNOWN error:
    while executing
ptolemy.kernel.util.IllegalActionException: Actor is not ready to fire.  Perhaps UpSample.prefire() returned false? Try debugging the actor by selecting "Listen to Actor".  Also, for SDF check moml for tokenConsumptionRate on input.
  in .DESDFClockTest.Play Bell.Copy1:SDF Director and .DESDFClockTest.Play Bell.UpSample
	at ptolemy.actor.sched.StaticSchedulingDirector.fire(StaticSchedulingDirector.java:227)
	at ptolemy.domains.sdf.kernel.SDFDirector.fire(SDFDirector.java:500)
	at ptolemy.actor.CompositeActor.fire(CompositeActor.java:455)
	at ptolemy.domains.de.kernel.DEDirector._fire(DEDirector.java:1949)
	at ptolemy.domains.de.kernel.DEDirector.fire(DEDirector.java:502)
	at ptolemy.actor.CompositeActor.fire(CompositeActor.java:455)
	at ptolemy.actor.Manager.iterate(Manager.java:851)
	at ptolemy.actor.Manager.execute(Manager.java:369)
	at ptolemy.actor.Manager.run(Manager.java:1263)
	at ptolemy.actor.Manager$PtolemyRunThread.run(Manager.java:1915)

    while executing
ptolemy.kernel.util.IllegalActionException: Actor is not ready to fire.  Perhaps UpSample.prefire() returned false? Try debugging the actor by selecting "Listen to Actor".  Also, for SDF check moml for tokenConsumptionRate on input.
  in .DESDFClockTest.Play Bell.Copy1:SDF Director and .DESDFClockTest.Play Bell.UpSample
    while executing
"java::new ptolemy.moml.MoMLSimpleApplication $file
"
    (procedure "createAndExecute" line 2)
    invoked from within
"createAndExecute $file"
    ("uplevel" body line 5)
    invoked from within
"uplevel $contents_of_test"
------------------ testing $PTII/ptolemy/domains/de/test/auto/knownFailedTests/FSMSource.xml (Known Failure) 
20 ms. Memory: 146944K Free: 112525K (77%)
!!!! Auto was marked as failing, but now passes
------------------ testing $PTII/ptolemy/domains/de/test/auto/knownFailedTests/dependencyLoop2.xml (Known Failure) 
5 ms. Memory: 146944K Free: 110666K (75%)


==== $PTIIhome/travis/build/icyphy/ptII/ptolemy/domains/de/test/../../../../: Auto Automatic test in file $PTII/ptolemy/domains/de/test/auto/knownFailedTests/dependencyLoop2.xml
==== Contents of test case:

	    # FIXME: we should use $relativeFilename here, but it
	    # might have backslashes under Windows, which causes no end
	    # of trouble.
	    createAndExecute $file
	    list {}
	
.... Test generated KNOWN error:
    while executing
ptolemy.kernel.util.IllegalActionException: Found a zero delay loop containing .dependencyLoop2.original
  in .dependencyLoop2 and .dependencyLoop2.original
	at ptolemy.actor.util.CausalityInterfaceForComposites._computeOutputPortDepth(CausalityInterfaceForComposites.java:759)
	at ptolemy.actor.util.CausalityInterfaceForComposites._computeInputDepth(CausalityInterfaceForComposites.java:696)
	at ptolemy.actor.util.CausalityInterfaceForComposites._computeOutputPortDepth(CausalityInterfaceForComposites.java:765)
	at ptolemy.actor.util.CausalityInterfaceForComposites._computeInputDepth(CausalityInterfaceForComposites.java:696)
	at ptolemy.actor.util.CausalityInterfaceForComposites._computeOutputPortDepth(CausalityInterfaceForComposites.java:765)
	at ptolemy.actor.util.CausalityInterfaceForComposites._computeInputDepth(CausalityInterfaceForComposites.java:696)
	at ptolemy.actor.util.CausalityInterfaceForComposites._computeActorDepth(CausalityInterfaceForComposites.java:532)
	at ptolemy.actor.util.CausalityInterfaceForComposites.checkForCycles(CausalityInterfaceForComposites.java:96)
	at ptolemy.domains.de.kernel.DEDirector.preinitialize(DEDirector.java:1338)
	at ptolemy.actor.CompositeActor.preinitialize(CompositeActor.java:1828)
	at ptolemy.actor.Manager.preinitializeAndResolveTypes(Manager.java:1040)
	at ptolemy.actor.Manager.initialize(Manager.java:710)
	at ptolemy.actor.Manager.execute(Manager.java:356)
	at ptolemy.actor.Manager.run(Manager.java:1263)
	at ptolemy.actor.Manager$PtolemyRunThread.run(Manager.java:1915)

    while executing
ptolemy.kernel.util.IllegalActionException: Found a zero delay loop containing .dependencyLoop2.original
  in .dependencyLoop2 and .dependencyLoop2.original
    while executing
"java::new ptolemy.moml.MoMLSimpleApplication $file
"
    (procedure "createAndExecute" line 2)
    invoked from within
"createAndExecute $file"
    ("uplevel" body line 5)
    invoked from within
"uplevel $contents_of_test"
------------------ testing $PTII/ptolemy/domains/de/test/auto/knownFailedTests/HierarchicalModel.xml (Known Failure) 
12 ms. Memory: 146944K Free: 90588K (62%)


==== $PTIIhome/travis/build/icyphy/ptII/ptolemy/domains/de/test/../../../../: Auto Automatic test in file $PTII/ptolemy/domains/de/test/auto/knownFailedTests/HierarchicalModel.xml
==== Contents of test case:

	    # FIXME: we should use $relativeFilename here, but it
	    # might have backslashes under Windows, which causes no end
	    # of trouble.
	    createAndExecute $file
	    list {}
	
.... Test generated KNOWN error:
    while executing
ptolemy.kernel.util.IllegalActionException: Found a zero delay loop containing .HierarchicalModel.A
  in .HierarchicalModel and .HierarchicalModel.A
	at ptolemy.actor.util.CausalityInterfaceForComposites._computeOutputPortDepth(CausalityInterfaceForComposites.java:759)
	at ptolemy.actor.util.CausalityInterfaceForComposites._computeInputDepth(CausalityInterfaceForComposites.java:696)
	at ptolemy.actor.util.CausalityInterfaceForComposites._computeOutputPortDepth(CausalityInterfaceForComposites.java:765)
	at ptolemy.actor.util.CausalityInterfaceForComposites._computeInputDepth(CausalityInterfaceForComposites.java:696)
	at ptolemy.actor.util.CausalityInterfaceForComposites._computeOutputPortDepth(CausalityInterfaceForComposites.java:765)
	at ptolemy.actor.util.CausalityInterfaceForComposites._computeInputDepth(CausalityInterfaceForComposites.java:696)
	at ptolemy.actor.util.CausalityInterfaceForComposites._computeActorDepth(CausalityInterfaceForComposites.java:532)
	at ptolemy.actor.util.CausalityInterfaceForComposites.checkForCycles(CausalityInterfaceForComposites.java:96)
	at ptolemy.domains.de.kernel.DEDirector.preinitialize(DEDirector.java:1338)
	at ptolemy.actor.CompositeActor.preinitialize(CompositeActor.java:1828)
	at ptolemy.actor.Manager.preinitializeAndResolveTypes(Manager.java:1040)
	at ptolemy.actor.Manager.initialize(Manager.java:710)
	at ptolemy.actor.Manager.execute(Manager.java:356)
	at ptolemy.actor.Manager.run(Manager.java:1263)
	at ptolemy.actor.Manager$PtolemyRunThread.run(Manager.java:1915)

    while executing
ptolemy.kernel.util.IllegalActionException: Found a zero delay loop containing .HierarchicalModel.A
  in .HierarchicalModel and .HierarchicalModel.A
    while executing
"java::new ptolemy.moml.MoMLSimpleApplication $file
"
    (procedure "createAndExecute" line 2)
    invoked from within
"createAndExecute $file"
    ("uplevel" body line 5)
    invoked from within
"uplevel $contents_of_test"
------------------ testing $PTII/ptolemy/domains/de/test/auto/knownFailedTests/DirectFeedback.xml (Known Failure) 
4 ms. Memory: 146944K Free: 86447K (59%)


==== $PTIIhome/travis/build/icyphy/ptII/ptolemy/domains/de/test/../../../../: Auto Automatic test in file $PTII/ptolemy/domains/de/test/auto/knownFailedTests/DirectFeedback.xml
==== Contents of test case:

	    # FIXME: we should use $relativeFilename here, but it
	    # might have backslashes under Windows, which causes no end
	    # of trouble.
	    createAndExecute $file
	    list {}
	
.... Test generated KNOWN error:
    while executing
ptolemy.kernel.util.IllegalActionException: Test fails in iteration 1.
Value was: 1.0. Should have been: 2.0
  in .DirectFeedback.Test
	at ptolemy.actor.lib.Test.fire(Test.java:268)
	at ptolemy.domains.de.kernel.DEDirector._fire(DEDirector.java:1949)
	at ptolemy.domains.de.kernel.DEDirector.fire(DEDirector.java:502)
	at ptolemy.actor.CompositeActor.fire(CompositeActor.java:455)
	at ptolemy.actor.Manager.iterate(Manager.java:851)
	at ptolemy.actor.Manager.execute(Manager.java:369)
	at ptolemy.actor.Manager.run(Manager.java:1263)
	at ptolemy.actor.Manager$PtolemyRunThread.run(Manager.java:1915)

    while executing
ptolemy.kernel.util.IllegalActionException: Test fails in iteration 1.
Value was: 1.0. Should have been: 2.0
  in .DirectFeedback.Test
    while executing
"java::new ptolemy.moml.MoMLSimpleApplication $file
"
    (procedure "createAndExecute" line 2)
    invoked from within
"createAndExecute $file"
    ("uplevel" body line 5)
    invoked from within
"uplevel $contents_of_test"
------------------ testing $PTII/ptolemy/domains/de/test/auto/ActorDepthCalculation_actorWithoutPorts.xml
auto.tcl: Setting watchdog for 200 seconds at Thu May 23 04:25:16 UTC 2019
11 ms. Memory: 146944K Free: 138666K (94%)
ptolemy.util.test.WatchDog.cancel(): canceling Thu May 23 04:25:16 UTC 2019
auto.tcl: Setting watchdog for 200 seconds at Thu May 23 04:25:16 UTC 2019
3 ms. Memory: 146944K Free: 137637K (94%)
ptolemy.util.test.WatchDog.cancel(): canceling Thu May 23 04:25:16 UTC 2019
------------------ testing $PTII/ptolemy/domains/de/test/auto/AssemblyLine.xml
auto.tcl: Setting watchdog for 200 seconds at Thu May 23 04:25:16 UTC 2019
31 ms. Memory: 208384K Free: 183337K (88%)
ptolemy.util.test.WatchDog.cancel(): canceling Thu May 23 04:25:16 UTC 2019
auto.tcl: Setting watchdog for 200 seconds at Thu May 23 04:25:16 UTC 2019
11 ms. Memory: 208384K Free: 183337K (88%)
ptolemy.util.test.WatchDog.cancel(): canceling Thu May 23 04:25:16 UTC 2019
------------------ testing $PTII/ptolemy/domains/de/test/auto/CQBug1.xml
auto.tcl: Setting watchdog for 200 seconds at Thu May 23 04:25:16 UTC 2019
4 ms. Memory: 208384K Free: 197356K (95%)
ptolemy.util.test.WatchDog.cancel(): canceling Thu May 23 04:25:16 UTC 2019
auto.tcl: Setting watchdog for 200 seconds at Thu May 23 04:25:16 UTC 2019
2 ms. Memory: 208384K Free: 197356K (95%)
ptolemy.util.test.WatchDog.cancel(): canceling Thu May 23 04:25:16 UTC 2019
------------------ testing $PTII/ptolemy/domains/de/test/auto/CancelFireAt.xml
auto.tcl: Setting watchdog for 200 seconds at Thu May 23 04:25:16 UTC 2019
11 ms. Memory: 208384K Free: 201033K (96%)
ptolemy.util.test.WatchDog.cancel(): canceling Thu May 23 04:25:16 UTC 2019
auto.tcl: Setting watchdog for 200 seconds at Thu May 23 04:25:16 UTC 2019
6 ms. Memory: 208384K Free: 198975K (95%)
ptolemy.util.test.WatchDog.cancel(): canceling Thu May 23 04:25:16 UTC 2019
------------------ testing $PTII/ptolemy/domains/de/test/auto/CausalityAndComposabilityAnalysis.xml
auto.tcl: Setting watchdog for 200 seconds at Thu May 23 04:25:17 UTC 2019
14 ms. Memory: 208384K Free: 198982K (95%)
ptolemy.util.test.WatchDog.cancel(): canceling Thu May 23 04:25:17 UTC 2019
auto.tcl: Setting watchdog for 200 seconds at Thu May 23 04:25:17 UTC 2019
12 ms. Memory: 208384K Free: 196925K (95%)
ptolemy.util.test.WatchDog.cancel(): canceling Thu May 23 04:25:17 UTC 2019
------------------ testing $PTII/ptolemy/domains/de/test/auto/CausalityInterface1.xml
auto.tcl: Setting watchdog for 200 seconds at Thu May 23 04:25:17 UTC 2019
15 ms. Memory: 208384K Free: 198511K (95%)
ptolemy.util.test.WatchDog.cancel(): canceling Thu May 23 04:25:17 UTC 2019
auto.tcl: Setting watchdog for 200 seconds at Thu May 23 04:25:17 UTC 2019
4 ms. Memory: 208384K Free: 196454K (94%)
ptolemy.util.test.WatchDog.cancel(): canceling Thu May 23 04:25:17 UTC 2019
------------------ testing $PTII/ptolemy/domains/de/test/auto/CausalityInterface15.xml
auto.tcl: Setting watchdog for 200 seconds at Thu May 23 04:25:17 UTC 2019
5 ms. Memory: 208384K Free: 196446K (94%)
ptolemy.util.test.WatchDog.cancel(): canceling Thu May 23 04:25:17 UTC 2019
auto.tcl: Setting watchdog for 200 seconds at Thu May 23 04:25:17 UTC 2019
7 ms. Memory: 208384K Free: 196446K (94%)
ptolemy.util.test.WatchDog.cancel(): canceling Thu May 23 04:25:17 UTC 2019
------------------ testing $PTII/ptolemy/domains/de/test/auto/CausalityInterface2.xml
auto.tcl: Setting watchdog for 200 seconds at Thu May 23 04:25:17 UTC 2019
12 ms. Memory: 208384K Free: 196430K (94%)
ptolemy.util.test.WatchDog.cancel(): canceling Thu May 23 04:25:17 UTC 2019
auto.tcl: Setting watchdog for 200 seconds at Thu May 23 04:25:17 UTC 2019
4 ms. Memory: 208384K Free: 196430K (94%)
ptolemy.util.test.WatchDog.cancel(): canceling Thu May 23 04:25:17 UTC 2019
------------------ testing $PTII/ptolemy/domains/de/test/auto/CausalityInterface3.xml
auto.tcl: Setting watchdog for 200 seconds at Thu May 23 04:25:17 UTC 2019
10 ms. Memory: 208384K Free: 196436K (94%)
ptolemy.util.test.WatchDog.cancel(): canceling Thu May 23 04:25:17 UTC 2019
auto.tcl: Setting watchdog for 200 seconds at Thu May 23 04:25:17 UTC 2019
10 ms. Memory: 208384K Free: 196436K (94%)
ptolemy.util.test.WatchDog.cancel(): canceling Thu May 23 04:25:17 UTC 2019
------------------ testing $PTII/ptolemy/domains/de/test/auto/ClockDrift.xml
auto.tcl: Setting watchdog for 200 seconds at Thu May 23 04:25:17 UTC 2019
102 ms. Memory: 208384K Free: 187796K (90%)
ptolemy.util.test.WatchDog.cancel(): canceling Thu May 23 04:25:17 UTC 2019
auto.tcl: Setting watchdog for 200 seconds at Thu May 23 04:25:17 UTC 2019
60 ms. Memory: 208384K Free: 185739K (89%)
ptolemy.util.test.WatchDog.cancel(): canceling Thu May 23 04:25:17 UTC 2019
------------------ testing $PTII/ptolemy/domains/de/test/auto/ClockDriftAndValueChange.xml
auto.tcl: Setting watchdog for 200 seconds at Thu May 23 04:25:17 UTC 2019
43 ms. Memory: 208384K Free: 189686K (91%)
ptolemy.util.test.WatchDog.cancel(): canceling Thu May 23 04:25:17 UTC 2019
auto.tcl: Setting watchdog for 200 seconds at Thu May 23 04:25:17 UTC 2019
31 ms. Memory: 208384K Free: 185572K (89%)
ptolemy.util.test.WatchDog.cancel(): canceling Thu May 23 04:25:17 UTC 2019
------------------ testing $PTII/ptolemy/domains/de/test/auto/ClockDriftChange.xml
auto.tcl: Setting watchdog for 200 seconds at Thu May 23 04:25:18 UTC 2019
36 ms. Memory: 208384K Free: 190912K (92%)
ptolemy.util.test.WatchDog.cancel(): canceling Thu May 23 04:25:18 UTC 2019
auto.tcl: Setting watchdog for 200 seconds at Thu May 23 04:25:18 UTC 2019
20 ms. Memory: 208384K Free: 188855K (91%)
ptolemy.util.test.WatchDog.cancel(): canceling Thu May 23 04:25:18 UTC 2019
------------------ testing $PTII/ptolemy/domains/de/test/auto/ComposableCausalityAnalysis.xml
auto.tcl: Setting watchdog for 200 seconds at Thu May 23 04:25:18 UTC 2019
2 ms. Memory: 208384K Free: 196295K (94%)
ptolemy.util.test.WatchDog.cancel(): canceling Thu May 23 04:25:18 UTC 2019
auto.tcl: Setting watchdog for 200 seconds at Thu May 23 04:25:18 UTC 2019
2 ms. Memory: 208384K Free: 196295K (94%)
ptolemy.util.test.WatchDog.cancel(): canceling Thu May 23 04:25:18 UTC 2019
------------------ testing $PTII/ptolemy/domains/de/test/auto/DEFixedPointLimitation.xml
auto.tcl: Setting watchdog for 200 seconds at Thu May 23 04:25:18 UTC 2019
3 ms. Memory: 208384K Free: 198433K (95%)
ptolemy.util.test.WatchDog.cancel(): canceling Thu May 23 04:25:18 UTC 2019
auto.tcl: Setting watchdog for 200 seconds at Thu May 23 04:25:18 UTC 2019
2 ms. Memory: 208384K Free: 196376K (94%)
ptolemy.util.test.WatchDog.cancel(): canceling Thu May 23 04:25:18 UTC 2019
------------------ testing $PTII/ptolemy/domains/de/test/auto/DEScheduleTest.xml
auto.tcl: Setting watchdog for 200 seconds at Thu May 23 04:25:18 UTC 2019
8 ms. Memory: 208384K Free: 198469K (95%)
ptolemy.util.test.WatchDog.cancel(): canceling Thu May 23 04:25:18 UTC 2019
auto.tcl: Setting watchdog for 200 seconds at Thu May 23 04:25:18 UTC 2019
5 ms. Memory: 208384K Free: 196412K (94%)
ptolemy.util.test.WatchDog.cancel(): canceling Thu May 23 04:25:18 UTC 2019
------------------ testing $PTII/ptolemy/domains/de/test/auto/DEinDEwithStartTimes.xml
auto.tcl: Setting watchdog for 200 seconds at Thu May 23 04:25:18 UTC 2019
8 ms. Memory: 208384K Free: 196381K (94%)
ptolemy.util.test.WatchDog.cancel(): canceling Thu May 23 04:25:18 UTC 2019
auto.tcl: Setting watchdog for 200 seconds at Thu May 23 04:25:18 UTC 2019
5 ms. Memory: 208384K Free: 196381K (94%)
ptolemy.util.test.WatchDog.cancel(): canceling Thu May 23 04:25:18 UTC 2019
------------------ testing $PTII/ptolemy/domains/de/test/auto/DEinDEwithStartTimes2.xml
auto.tcl: Setting watchdog for 200 seconds at Thu May 23 04:25:18 UTC 2019
5 ms. Memory: 208384K Free: 196879K (94%)
ptolemy.util.test.WatchDog.cancel(): canceling Thu May 23 04:25:18 UTC 2019
auto.tcl: Setting watchdog for 200 seconds at Thu May 23 04:25:18 UTC 2019
5 ms. Memory: 208384K Free: 194302K (93%)
ptolemy.util.test.WatchDog.cancel(): canceling Thu May 23 04:25:18 UTC 2019
------------------ testing $PTII/ptolemy/domains/de/test/auto/DateDemo.xml
auto.tcl: Setting watchdog for 200 seconds at Thu May 23 04:25:18 UTC 2019
18 ms. Memory: 208384K Free: 188918K (91%)
ptolemy.util.test.WatchDog.cancel(): canceling Thu May 23 04:25:18 UTC 2019
auto.tcl: Setting watchdog for 200 seconds at Thu May 23 04:25:18 UTC 2019
13 ms. Memory: 208384K Free: 186861K (90%)
ptolemy.util.test.WatchDog.cancel(): canceling Thu May 23 04:25:18 UTC 2019
------------------ testing $PTII/ptolemy/domains/de/test/auto/DateToEvent.xml
auto.tcl: Setting watchdog for 200 seconds at Thu May 23 04:25:18 UTC 2019
2025 ms. Memory: 208384K Free: 183753K (88%)
ptolemy.util.test.WatchDog.cancel(): canceling Thu May 23 04:25:20 UTC 2019
auto.tcl: Setting watchdog for 200 seconds at Thu May 23 04:25:20 UTC 2019
2013 ms. Memory: 208384K Free: 183753K (88%)
ptolemy.util.test.WatchDog.cancel(): canceling Thu May 23 04:25:22 UTC 2019
------------------ testing $PTII/ptolemy/domains/de/test/auto/DepthTest1.xml
auto.tcl: Setting watchdog for 200 seconds at Thu May 23 04:25:22 UTC 2019
4 ms. Memory: 208384K Free: 198515K (95%)
ptolemy.util.test.WatchDog.cancel(): canceling Thu May 23 04:25:22 UTC 2019
auto.tcl: Setting watchdog for 200 seconds at Thu May 23 04:25:22 UTC 2019
1 ms. Memory: 208384K Free: 198515K (95%)
ptolemy.util.test.WatchDog.cancel(): canceling Thu May 23 04:25:22 UTC 2019
------------------ testing $PTII/ptolemy/domains/de/test/auto/DepthTest2.xml
auto.tcl: Setting watchdog for 200 seconds at Thu May 23 04:25:22 UTC 2019
8 ms. Memory: 208384K Free: 194284K (93%)
ptolemy.util.test.WatchDog.cancel(): canceling Thu May 23 04:25:23 UTC 2019
auto.tcl: Setting watchdog for 200 seconds at Thu May 23 04:25:23 UTC 2019
2 ms. Memory: 208384K Free: 194284K (93%)
ptolemy.util.test.WatchDog.cancel(): canceling Thu May 23 04:25:23 UTC 2019
------------------ testing $PTII/ptolemy/domains/de/test/auto/DepthTest3.xml
auto.tcl: Setting watchdog for 200 seconds at Thu May 23 04:25:23 UTC 2019
2 ms. Memory: 208384K Free: 198324K (95%)
ptolemy.util.test.WatchDog.cancel(): canceling Thu May 23 04:25:23 UTC 2019
auto.tcl: Setting watchdog for 200 seconds at Thu May 23 04:25:23 UTC 2019
2 ms. Memory: 208384K Free: 198324K (95%)
ptolemy.util.test.WatchDog.cancel(): canceling Thu May 23 04:25:23 UTC 2019
------------------ testing $PTII/ptolemy/domains/de/test/auto/DepthTest4.xml
auto.tcl: Setting watchdog for 200 seconds at Thu May 23 04:25:23 UTC 2019
10 ms. Memory: 208384K Free: 196345K (94%)
ptolemy.util.test.WatchDog.cancel(): canceling Thu May 23 04:25:23 UTC 2019
auto.tcl: Setting watchdog for 200 seconds at Thu May 23 04:25:23 UTC 2019
2 ms. Memory: 208384K Free: 196345K (94%)
ptolemy.util.test.WatchDog.cancel(): canceling Thu May 23 04:25:23 UTC 2019
------------------ testing $PTII/ptolemy/domains/de/test/auto/DepthTest5.xml
auto.tcl: Setting watchdog for 200 seconds at Thu May 23 04:25:23 UTC 2019
7 ms. Memory: 208384K Free: 196293K (94%)
ptolemy.util.test.WatchDog.cancel(): canceling Thu May 23 04:25:23 UTC 2019
auto.tcl: Setting watchdog for 200 seconds at Thu May 23 04:25:23 UTC 2019
2 ms. Memory: 208384K Free: 196293K (94%)
ptolemy.util.test.WatchDog.cancel(): canceling Thu May 23 04:25:23 UTC 2019
------------------ testing $PTII/ptolemy/domains/de/test/auto/DepthTest6.xml
auto.tcl: Setting watchdog for 200 seconds at Thu May 23 04:25:23 UTC 2019
8 ms. Memory: 208384K Free: 196803K (94%)
ptolemy.util.test.WatchDog.cancel(): canceling Thu May 23 04:25:23 UTC 2019
auto.tcl: Setting watchdog for 200 seconds at Thu May 23 04:25:23 UTC 2019
3 ms. Memory: 208384K Free: 196803K (94%)
ptolemy.util.test.WatchDog.cancel(): canceling Thu May 23 04:25:23 UTC 2019
------------------ testing $PTII/ptolemy/domains/de/test/auto/DepthTest7.xml
auto.tcl: Setting watchdog for 200 seconds at Thu May 23 04:25:23 UTC 2019
2 ms. Memory: 208384K Free: 196250K (94%)
ptolemy.util.test.WatchDog.cancel(): canceling Thu May 23 04:25:23 UTC 2019
auto.tcl: Setting watchdog for 200 seconds at Thu May 23 04:25:23 UTC 2019
2 ms. Memory: 208384K Free: 196250K (94%)
ptolemy.util.test.WatchDog.cancel(): canceling Thu May 23 04:25:23 UTC 2019
------------------ testing $PTII/ptolemy/domains/de/test/auto/EventToDate.xml
auto.tcl: Setting watchdog for 200 seconds at Thu May 23 04:25:23 UTC 2019
3009 ms. Memory: 208384K Free: 185537K (89%)
ptolemy.util.test.WatchDog.cancel(): canceling Thu May 23 04:25:26 UTC 2019
auto.tcl: Setting watchdog for 200 seconds at Thu May 23 04:25:26 UTC 2019
3004 ms. Memory: 208384K Free: 183463K (88%)
ptolemy.util.test.WatchDog.cancel(): canceling Thu May 23 04:25:29 UTC 2019
------------------ testing $PTII/ptolemy/domains/de/test/auto/FSM1.xml
auto.tcl: Setting watchdog for 200 seconds at Thu May 23 04:25:29 UTC 2019
24 ms. Memory: 208384K Free: 189757K (91%)
ptolemy.util.test.WatchDog.cancel(): canceling Thu May 23 04:25:29 UTC 2019
auto.tcl: Setting watchdog for 200 seconds at Thu May 23 04:25:29 UTC 2019
27 ms. Memory: 208384K Free: 185627K (89%)
ptolemy.util.test.WatchDog.cancel(): canceling Thu May 23 04:25:29 UTC 2019
------------------ testing $PTII/ptolemy/domains/de/test/auto/FSM7.xml
auto.tcl: Setting watchdog for 200 seconds at Thu May 23 04:25:29 UTC 2019
17 ms. Memory: 208384K Free: 189560K (91%)
ptolemy.util.test.WatchDog.cancel(): canceling Thu May 23 04:25:29 UTC 2019
auto.tcl: Setting watchdog for 200 seconds at Thu May 23 04:25:29 UTC 2019
13 ms. Memory: 208384K Free: 185414K (89%)
ptolemy.util.test.WatchDog.cancel(): canceling Thu May 23 04:25:29 UTC 2019
------------------ testing $PTII/ptolemy/domains/de/test/auto/Inspection.xml
auto.tcl: Setting watchdog for 200 seconds at Thu May 23 04:25:29 UTC 2019
22 ms. Memory: 208384K Free: 189254K (91%)
ptolemy.util.test.WatchDog.cancel(): canceling Thu May 23 04:25:29 UTC 2019
auto.tcl: Setting watchdog for 200 seconds at Thu May 23 04:25:29 UTC 2019
20 ms. Memory: 208384K Free: 187197K (90%)
ptolemy.util.test.WatchDog.cancel(): canceling Thu May 23 04:25:29 UTC 2019
------------------ testing $PTII/ptolemy/domains/de/test/auto/Iteration.xml
auto.tcl: Setting watchdog for 200 seconds at Thu May 23 04:25:30 UTC 2019
10 ms. Memory: 208384K Free: 196579K (94%)
ptolemy.util.test.WatchDog.cancel(): canceling Thu May 23 04:25:30 UTC 2019
auto.tcl: Setting watchdog for 200 seconds at Thu May 23 04:25:30 UTC 2019
7 ms. Memory: 208384K Free: 193994K (93%)
ptolemy.util.test.WatchDog.cancel(): canceling Thu May 23 04:25:30 UTC 2019
------------------ testing $PTII/ptolemy/domains/de/test/auto/LineFault.xml
auto.tcl: Setting watchdog for 200 seconds at Thu May 23 04:25:30 UTC 2019
765 ms. Memory: 208384K Free: 199534K (96%)
ptolemy.util.test.WatchDog.cancel(): canceling Thu May 23 04:25:31 UTC 2019
auto.tcl: Setting watchdog for 200 seconds at Thu May 23 04:25:31 UTC 2019
607 ms. Memory: 208384K Free: 143729K (69%)
ptolemy.util.test.WatchDog.cancel(): canceling Thu May 23 04:25:31 UTC 2019
------------------ testing $PTII/ptolemy/domains/de/test/auto/MergeModel1Add.xml
auto.tcl: Setting watchdog for 200 seconds at Thu May 23 04:25:31 UTC 2019
32 ms. Memory: 331264K Free: 300581K (91%)
ptolemy.util.test.WatchDog.cancel(): canceling Thu May 23 04:25:31 UTC 2019
auto.tcl: Setting watchdog for 200 seconds at Thu May 23 04:25:31 UTC 2019
11 ms. Memory: 331264K Free: 300581K (91%)
ptolemy.util.test.WatchDog.cancel(): canceling Thu May 23 04:25:31 UTC 2019
------------------ testing $PTII/ptolemy/domains/de/test/auto/MergeModel2Add.xml
auto.tcl: Setting watchdog for 200 seconds at Thu May 23 04:25:32 UTC 2019
10 ms. Memory: 331264K Free: 305564K (92%)
ptolemy.util.test.WatchDog.cancel(): canceling Thu May 23 04:25:32 UTC 2019
auto.tcl: Setting watchdog for 200 seconds at Thu May 23 04:25:32 UTC 2019
7 ms. Memory: 331264K Free: 301967K (91%)
ptolemy.util.test.WatchDog.cancel(): canceling Thu May 23 04:25:32 UTC 2019
------------------ testing $PTII/ptolemy/domains/de/test/auto/MergeModel3Add.xml
auto.tcl: Setting watchdog for 200 seconds at Thu May 23 04:25:32 UTC 2019
10 ms. Memory: 331264K Free: 305590K (92%)
ptolemy.util.test.WatchDog.cancel(): canceling Thu May 23 04:25:32 UTC 2019
auto.tcl: Setting watchdog for 200 seconds at Thu May 23 04:25:32 UTC 2019
9 ms. Memory: 331264K Free: 301977K (91%)
ptolemy.util.test.WatchDog.cancel(): canceling Thu May 23 04:25:32 UTC 2019
------------------ testing $PTII/ptolemy/domains/de/test/auto/MergeWithoutDiscard.xml
auto.tcl: Setting watchdog for 200 seconds at Thu May 23 04:25:32 UTC 2019
3 ms. Memory: 331264K Free: 317047K (96%)
ptolemy.util.test.WatchDog.cancel(): canceling Thu May 23 04:25:32 UTC 2019
auto.tcl: Setting watchdog for 200 seconds at Thu May 23 04:25:32 UTC 2019
1 ms. Memory: 331264K Free: 317047K (96%)
ptolemy.util.test.WatchDog.cancel(): canceling Thu May 23 04:25:32 UTC 2019
------------------ testing $PTII/ptolemy/domains/de/test/auto/Modal1.xml
auto.tcl: Setting watchdog for 200 seconds at Thu May 23 04:25:32 UTC 2019
20 ms. Memory: 331264K Free: 310607K (94%)
ptolemy.util.test.WatchDog.cancel(): canceling Thu May 23 04:25:32 UTC 2019
auto.tcl: Setting watchdog for 200 seconds at Thu May 23 04:25:32 UTC 2019
26 ms. Memory: 331264K Free: 307002K (93%)
ptolemy.util.test.WatchDog.cancel(): canceling Thu May 23 04:25:32 UTC 2019
------------------ testing $PTII/ptolemy/domains/de/test/auto/Modal2.xml
auto.tcl: Setting watchdog for 200 seconds at Thu May 23 04:25:32 UTC 2019
22 ms. Memory: 331264K Free: 305573K (92%)
ptolemy.util.test.WatchDog.cancel(): canceling Thu May 23 04:25:32 UTC 2019
auto.tcl: Setting watchdog for 200 seconds at Thu May 23 04:25:32 UTC 2019
10 ms. Memory: 331264K Free: 301976K (91%)
ptolemy.util.test.WatchDog.cancel(): canceling Thu May 23 04:25:32 UTC 2019
------------------ testing $PTII/ptolemy/domains/de/test/auto/Modal3.xml
auto.tcl: Setting watchdog for 200 seconds at Thu May 23 04:25:32 UTC 2019
16 ms. Memory: 331264K Free: 311145K (94%)
ptolemy.util.test.WatchDog.cancel(): canceling Thu May 23 04:25:32 UTC 2019
auto.tcl: Setting watchdog for 200 seconds at Thu May 23 04:25:32 UTC 2019
15 ms. Memory: 331264K Free: 306873K (93%)
ptolemy.util.test.WatchDog.cancel(): canceling Thu May 23 04:25:32 UTC 2019
------------------ testing $PTII/ptolemy/domains/de/test/auto/Modal4.xml
auto.tcl: Setting watchdog for 200 seconds at Thu May 23 04:25:32 UTC 2019
31 ms. Memory: 331264K Free: 310484K (94%)
ptolemy.util.test.WatchDog.cancel(): canceling Thu May 23 04:25:32 UTC 2019
auto.tcl: Setting watchdog for 200 seconds at Thu May 23 04:25:32 UTC 2019
23 ms. Memory: 331264K Free: 306871K (93%)
ptolemy.util.test.WatchDog.cancel(): canceling Thu May 23 04:25:32 UTC 2019
------------------ testing $PTII/ptolemy/domains/de/test/auto/Modal5.xml
auto.tcl: Setting watchdog for 200 seconds at Thu May 23 04:25:32 UTC 2019
26 ms. Memory: 331264K Free: 310487K (94%)
ptolemy.util.test.WatchDog.cancel(): canceling Thu May 23 04:25:32 UTC 2019
auto.tcl: Setting watchdog for 200 seconds at Thu May 23 04:25:32 UTC 2019
11 ms. Memory: 331264K Free: 306882K (93%)
ptolemy.util.test.WatchDog.cancel(): canceling Thu May 23 04:25:32 UTC 2019
------------------ testing $PTII/ptolemy/domains/de/test/auto/Modal6.xml
auto.tcl: Setting watchdog for 200 seconds at Thu May 23 04:25:33 UTC 2019
11 ms. Memory: 331264K Free: 310499K (94%)
ptolemy.util.test.WatchDog.cancel(): canceling Thu May 23 04:25:33 UTC 2019
auto.tcl: Setting watchdog for 200 seconds at Thu May 23 04:25:33 UTC 2019
12 ms. Memory: 331264K Free: 306886K (93%)
ptolemy.util.test.WatchDog.cancel(): canceling Thu May 23 04:25:33 UTC 2019
------------------ testing $PTII/ptolemy/domains/de/test/auto/Modal7.xml
auto.tcl: Setting watchdog for 200 seconds at Thu May 23 04:25:33 UTC 2019
22 ms. Memory: 331264K Free: 306871K (93%)
ptolemy.util.test.WatchDog.cancel(): canceling Thu May 23 04:25:33 UTC 2019
auto.tcl: Setting watchdog for 200 seconds at Thu May 23 04:25:33 UTC 2019
12 ms. Memory: 331264K Free: 303274K (92%)
ptolemy.util.test.WatchDog.cancel(): canceling Thu May 23 04:25:33 UTC 2019
------------------ testing $PTII/ptolemy/domains/de/test/auto/ModalModel.xml
auto.tcl: Setting watchdog for 200 seconds at Thu May 23 04:25:33 UTC 2019
199 ms. Memory: 331264K Free: 250275K (76%)
ptolemy.util.test.WatchDog.cancel(): canceling Thu May 23 04:25:33 UTC 2019
auto.tcl: Setting watchdog for 200 seconds at Thu May 23 04:25:33 UTC 2019
171 ms. Memory: 331264K Free: 192545K (58%)
ptolemy.util.test.WatchDog.cancel(): canceling Thu May 23 04:25:33 UTC 2019
------------------ testing $PTII/ptolemy/domains/de/test/auto/ModalSource.xml
auto.tcl: Setting watchdog for 200 seconds at Thu May 23 04:25:33 UTC 2019
6 ms. Memory: 331264K Free: 316539K (96%)
ptolemy.util.test.WatchDog.cancel(): canceling Thu May 23 04:25:33 UTC 2019
auto.tcl: Setting watchdog for 200 seconds at Thu May 23 04:25:33 UTC 2019
6 ms. Memory: 331264K Free: 313216K (95%)
ptolemy.util.test.WatchDog.cancel(): canceling Thu May 23 04:25:33 UTC 2019
------------------ testing $PTII/ptolemy/domains/de/test/auto/NonInterruptibleTimerZeroDelay.xml
auto.tcl: Setting watchdog for 200 seconds at Thu May 23 04:25:33 UTC 2019
4 ms. Memory: 331264K Free: 320937K (97%)
ptolemy.util.test.WatchDog.cancel(): canceling Thu May 23 04:25:33 UTC 2019
auto.tcl: Setting watchdog for 200 seconds at Thu May 23 04:25:33 UTC 2019
3 ms. Memory: 331264K Free: 317614K (96%)
ptolemy.util.test.WatchDog.cancel(): canceling Thu May 23 04:25:33 UTC 2019
------------------ testing $PTII/ptolemy/domains/de/test/auto/OpenQueueingNetwork.xml
auto.tcl: Setting watchdog for 200 seconds at Thu May 23 04:25:33 UTC 2019
2749 ms. Memory: 573952K Free: 436621K (76%)
ptolemy.util.test.WatchDog.cancel(): canceling Thu May 23 04:25:36 UTC 2019
auto.tcl: Setting watchdog for 200 seconds at Thu May 23 04:25:36 UTC 2019
2220 ms. Memory: 574464K Free: 364838K (64%)
ptolemy.util.test.WatchDog.cancel(): canceling Thu May 23 04:25:39 UTC 2019
------------------ testing $PTII/ptolemy/domains/de/test/auto/OpenQueuingNetwork.xml
auto.tcl: Setting watchdog for 200 seconds at Thu May 23 04:25:39 UTC 2019
228 ms. Memory: 1064960K Free: 945216K (89%)
ptolemy.util.test.WatchDog.cancel(): canceling Thu May 23 04:25:39 UTC 2019
auto.tcl: Setting watchdog for 200 seconds at Thu May 23 04:25:39 UTC 2019
213 ms. Memory: 1064960K Free: 888805K (83%)
ptolemy.util.test.WatchDog.cancel(): canceling Thu May 23 04:25:39 UTC 2019
------------------ testing $PTII/ptolemy/domains/de/test/auto/PeriodicSampler.xml
auto.tcl: Setting watchdog for 200 seconds at Thu May 23 04:25:39 UTC 2019
4 ms. Memory: 1065472K Free: 1038055K (97%)
ptolemy.util.test.WatchDog.cancel(): canceling Thu May 23 04:25:39 UTC 2019
auto.tcl: Setting watchdog for 200 seconds at Thu May 23 04:25:39 UTC 2019
2 ms. Memory: 1065472K Free: 1038055K (97%)
ptolemy.util.test.WatchDog.cancel(): canceling Thu May 23 04:25:39 UTC 2019
------------------ testing $PTII/ptolemy/domains/de/test/auto/PersistentIO.xml
auto.tcl: Setting watchdog for 200 seconds at Thu May 23 04:25:39 UTC 2019
6 ms. Memory: 1065472K Free: 1039783K (98%)
ptolemy.util.test.WatchDog.cancel(): canceling Thu May 23 04:25:39 UTC 2019
auto.tcl: Setting watchdog for 200 seconds at Thu May 23 04:25:39 UTC 2019
4 ms. Memory: 1065472K Free: 1039783K (98%)
ptolemy.util.test.WatchDog.cancel(): canceling Thu May 23 04:25:39 UTC 2019
------------------ testing $PTII/ptolemy/domains/de/test/auto/PortParameterResetOnInitialize.xml
auto.tcl: Setting watchdog for 200 seconds at Thu May 23 04:25:39 UTC 2019
3 ms. Memory: 1065472K Free: 1029824K (97%)
ptolemy.util.test.WatchDog.cancel(): canceling Thu May 23 04:25:39 UTC 2019
auto.tcl: Setting watchdog for 200 seconds at Thu May 23 04:25:39 UTC 2019
2 ms. Memory: 1065472K Free: 1029824K (97%)
ptolemy.util.test.WatchDog.cancel(): canceling Thu May 23 04:25:39 UTC 2019
------------------ testing $PTII/ptolemy/domains/de/test/auto/PortParameterUpdates.xml
auto.tcl: Setting watchdog for 200 seconds at Thu May 23 04:25:39 UTC 2019
4 ms. Memory: 1065472K Free: 1029958K (97%)
ptolemy.util.test.WatchDog.cancel(): canceling Thu May 23 04:25:39 UTC 2019
auto.tcl: Setting watchdog for 200 seconds at Thu May 23 04:25:39 UTC 2019
3 ms. Memory: 1065472K Free: 1028818K (97%)
ptolemy.util.test.WatchDog.cancel(): canceling Thu May 23 04:25:39 UTC 2019
------------------ testing $PTII/ptolemy/domains/de/test/auto/QueueAndServer.xml
auto.tcl: Setting watchdog for 200 seconds at Thu May 23 04:25:39 UTC 2019
6 ms. Memory: 1065472K Free: 1038601K (97%)
ptolemy.util.test.WatchDog.cancel(): canceling Thu May 23 04:25:39 UTC 2019
auto.tcl: Setting watchdog for 200 seconds at Thu May 23 04:25:39 UTC 2019
20 ms. Memory: 1065472K Free: 1038601K (97%)
ptolemy.util.test.WatchDog.cancel(): canceling Thu May 23 04:25:39 UTC 2019
------------------ testing $PTII/ptolemy/domains/de/test/auto/Records.xml
auto.tcl: Setting watchdog for 200 seconds at Thu May 23 04:25:40 UTC 2019
5 ms. Memory: 1065472K Free: 1038542K (97%)
ptolemy.util.test.WatchDog.cancel(): canceling Thu May 23 04:25:40 UTC 2019
auto.tcl: Setting watchdog for 200 seconds at Thu May 23 04:25:40 UTC 2019
2 ms. Memory: 1065472K Free: 1038542K (97%)
ptolemy.util.test.WatchDog.cancel(): canceling Thu May 23 04:25:40 UTC 2019
------------------ testing $PTII/ptolemy/domains/de/test/auto/ResetTransitionWithStartTime1.xml
auto.tcl: Setting watchdog for 200 seconds at Thu May 23 04:25:40 UTC 2019
6 ms. Memory: 1065472K Free: 1038564K (97%)
ptolemy.util.test.WatchDog.cancel(): canceling Thu May 23 04:25:40 UTC 2019
auto.tcl: Setting watchdog for 200 seconds at Thu May 23 04:25:40 UTC 2019
6 ms. Memory: 1065472K Free: 1038564K (97%)
ptolemy.util.test.WatchDog.cancel(): canceling Thu May 23 04:25:40 UTC 2019
------------------ testing $PTII/ptolemy/domains/de/test/auto/ResetTransitionWithStartTime2.xml
auto.tcl: Setting watchdog for 200 seconds at Thu May 23 04:25:40 UTC 2019
10 ms. Memory: 1064448K Free: 1038671K (98%)
ptolemy.util.test.WatchDog.cancel(): canceling Thu May 23 04:25:40 UTC 2019
auto.tcl: Setting watchdog for 200 seconds at Thu May 23 04:25:40 UTC 2019
6 ms. Memory: 1064448K Free: 1038671K (98%)
ptolemy.util.test.WatchDog.cancel(): canceling Thu May 23 04:25:40 UTC 2019
------------------ testing $PTII/ptolemy/domains/de/test/auto/ResetTransitionWithStartTime3.xml
auto.tcl: Setting watchdog for 200 seconds at Thu May 23 04:25:40 UTC 2019
9 ms. Memory: 1064960K Free: 1038042K (97%)
ptolemy.util.test.WatchDog.cancel(): canceling Thu May 23 04:25:40 UTC 2019
auto.tcl: Setting watchdog for 200 seconds at Thu May 23 04:25:40 UTC 2019
5 ms. Memory: 1064960K Free: 1038042K (97%)
ptolemy.util.test.WatchDog.cancel(): canceling Thu May 23 04:25:40 UTC 2019
------------------ testing $PTII/ptolemy/domains/de/test/auto/ResetTransitionWithStartTime4.xml
auto.tcl: Setting watchdog for 200 seconds at Thu May 23 04:25:40 UTC 2019
5 ms. Memory: 1064960K Free: 1038039K (97%)
ptolemy.util.test.WatchDog.cancel(): canceling Thu May 23 04:25:40 UTC 2019
auto.tcl: Setting watchdog for 200 seconds at Thu May 23 04:25:40 UTC 2019
4 ms. Memory: 1064960K Free: 1038039K (97%)
ptolemy.util.test.WatchDog.cancel(): canceling Thu May 23 04:25:40 UTC 2019
------------------ testing $PTII/ptolemy/domains/de/test/auto/ResettableTimer1.xml
auto.tcl: Setting watchdog for 200 seconds at Thu May 23 04:25:40 UTC 2019
3 ms. Memory: 1064960K Free: 1038035K (97%)
ptolemy.util.test.WatchDog.cancel(): canceling Thu May 23 04:25:40 UTC 2019
auto.tcl: Setting watchdog for 200 seconds at Thu May 23 04:25:40 UTC 2019
2 ms. Memory: 1064960K Free: 1038035K (97%)
ptolemy.util.test.WatchDog.cancel(): canceling Thu May 23 04:25:40 UTC 2019
------------------ testing $PTII/ptolemy/domains/de/test/auto/ResettableTimer2.xml
auto.tcl: Setting watchdog for 200 seconds at Thu May 23 04:25:40 UTC 2019
4 ms. Memory: 1064960K Free: 1039233K (98%)
ptolemy.util.test.WatchDog.cancel(): canceling Thu May 23 04:25:40 UTC 2019
auto.tcl: Setting watchdog for 200 seconds at Thu May 23 04:25:40 UTC 2019
2 ms. Memory: 1064960K Free: 1039233K (98%)
ptolemy.util.test.WatchDog.cancel(): canceling Thu May 23 04:25:40 UTC 2019
------------------ testing $PTII/ptolemy/domains/de/test/auto/ResettableTimer3.xml
auto.tcl: Setting watchdog for 200 seconds at Thu May 23 04:25:40 UTC 2019
1 ms. Memory: 1064960K Free: 1038092K (97%)
ptolemy.util.test.WatchDog.cancel(): canceling Thu May 23 04:25:40 UTC 2019
auto.tcl: Setting watchdog for 200 seconds at Thu May 23 04:25:40 UTC 2019
2 ms. Memory: 1064960K Free: 1038092K (97%)
ptolemy.util.test.WatchDog.cancel(): canceling Thu May 23 04:25:40 UTC 2019
------------------ testing $PTII/ptolemy/domains/de/test/auto/ResettableTimer4.xml
auto.tcl: Setting watchdog for 200 seconds at Thu May 23 04:25:40 UTC 2019
1 ms. Memory: 1063936K Free: 1037081K (97%)
ptolemy.util.test.WatchDog.cancel(): canceling Thu May 23 04:25:40 UTC 2019
auto.tcl: Setting watchdog for 200 seconds at Thu May 23 04:25:40 UTC 2019
1 ms. Memory: 1063936K Free: 1037081K (97%)
ptolemy.util.test.WatchDog.cancel(): canceling Thu May 23 04:25:40 UTC 2019
------------------ testing $PTII/ptolemy/domains/de/test/auto/ResettableTimer5.xml
auto.tcl: Setting watchdog for 200 seconds at Thu May 23 04:25:40 UTC 2019
6 ms. Memory: 1064448K Free: 1038731K (98%)
ptolemy.util.test.WatchDog.cancel(): canceling Thu May 23 04:25:40 UTC 2019
auto.tcl: Setting watchdog for 200 seconds at Thu May 23 04:25:40 UTC 2019
2 ms. Memory: 1064448K Free: 1038731K (98%)
ptolemy.util.test.WatchDog.cancel(): canceling Thu May 23 04:25:40 UTC 2019
------------------ testing $PTII/ptolemy/domains/de/test/auto/ResettableTimer6.xml
auto.tcl: Setting watchdog for 200 seconds at Thu May 23 04:25:40 UTC 2019
2 ms. Memory: 1064448K Free: 1037541K (97%)
ptolemy.util.test.WatchDog.cancel(): canceling Thu May 23 04:25:40 UTC 2019
auto.tcl: Setting watchdog for 200 seconds at Thu May 23 04:25:40 UTC 2019
1 ms. Memory: 1064448K Free: 1037541K (97%)
ptolemy.util.test.WatchDog.cancel(): canceling Thu May 23 04:25:40 UTC 2019
------------------ testing $PTII/ptolemy/domains/de/test/auto/ServerZeroDelay.xml
auto.tcl: Setting watchdog for 200 seconds at Thu May 23 04:25:40 UTC 2019
9 ms. Memory: 1064448K Free: 1038671K (98%)
ptolemy.util.test.WatchDog.cancel(): canceling Thu May 23 04:25:40 UTC 2019
auto.tcl: Setting watchdog for 200 seconds at Thu May 23 04:25:40 UTC 2019
7 ms. Memory: 1064448K Free: 1038671K (98%)
ptolemy.util.test.WatchDog.cancel(): canceling Thu May 23 04:25:40 UTC 2019
------------------ testing $PTII/ptolemy/domains/de/test/auto/SmartSender.xml
auto.tcl: Setting watchdog for 200 seconds at Thu May 23 04:25:40 UTC 2019
3001 ms. Memory: 1064448K Free: 1028846K (97%)
ptolemy.util.test.WatchDog.cancel(): canceling Thu May 23 04:25:43 UTC 2019
auto.tcl: Setting watchdog for 200 seconds at Thu May 23 04:25:43 UTC 2019
3002 ms. Memory: 1064448K Free: 1028846K (97%)
ptolemy.util.test.WatchDog.cancel(): canceling Thu May 23 04:25:46 UTC 2019
------------------ testing $PTII/ptolemy/domains/de/test/auto/ThreadedComposite.xml
auto.tcl: Setting watchdog for 200 seconds at Thu May 23 04:25:46 UTC 2019
248 ms. Memory: 1064448K Free: 996792K (94%)
ptolemy.util.test.WatchDog.cancel(): canceling Thu May 23 04:25:47 UTC 2019
auto.tcl: Setting watchdog for 200 seconds at Thu May 23 04:25:47 UTC 2019
182 ms. Memory: 1064448K Free: 977151K (92%)
ptolemy.util.test.WatchDog.cancel(): canceling Thu May 23 04:25:47 UTC 2019
------------------ testing $PTII/ptolemy/domains/de/test/auto/Time.xml
auto.tcl: Setting watchdog for 200 seconds at Thu May 23 04:25:47 UTC 2019
518 ms. Memory: 1064448K Free: 988150K (93%)
ptolemy.util.test.WatchDog.cancel(): canceling Thu May 23 04:25:48 UTC 2019
auto.tcl: Setting watchdog for 200 seconds at Thu May 23 04:25:48 UTC 2019
523 ms. Memory: 1064448K Free: 931710K (88%)
ptolemy.util.test.WatchDog.cancel(): canceling Thu May 23 04:25:48 UTC 2019
------------------ testing $PTII/ptolemy/domains/de/test/auto/TimeDelayZeroDelay.xml
auto.tcl: Setting watchdog for 200 seconds at Thu May 23 04:25:48 UTC 2019
3 ms. Memory: 1064448K Free: 1037448K (97%)
ptolemy.util.test.WatchDog.cancel(): canceling Thu May 23 04:25:48 UTC 2019
auto.tcl: Setting watchdog for 200 seconds at Thu May 23 04:25:48 UTC 2019
2 ms. Memory: 1064448K Free: 1037448K (97%)
ptolemy.util.test.WatchDog.cancel(): canceling Thu May 23 04:25:48 UTC 2019
------------------ testing $PTII/ptolemy/domains/de/test/auto/TimerZeroDelay.xml
auto.tcl: Setting watchdog for 200 seconds at Thu May 23 04:25:48 UTC 2019
3 ms. Memory: 1063424K Free: 1037608K (98%)
ptolemy.util.test.WatchDog.cancel(): canceling Thu May 23 04:25:48 UTC 2019
auto.tcl: Setting watchdog for 200 seconds at Thu May 23 04:25:48 UTC 2019
2 ms. Memory: 1063424K Free: 1037608K (98%)
ptolemy.util.test.WatchDog.cancel(): canceling Thu May 23 04:25:48 UTC 2019
------------------ testing $PTII/ptolemy/domains/de/test/auto/TimingParadox.xml
auto.tcl: Setting watchdog for 200 seconds at Thu May 23 04:25:48 UTC 2019
390 ms. Memory: 1063936K Free: 973639K (92%)
ptolemy.util.test.WatchDog.cancel(): canceling Thu May 23 04:25:49 UTC 2019
auto.tcl: Setting watchdog for 200 seconds at Thu May 23 04:25:49 UTC 2019
309 ms. Memory: 1063936K Free: 939775K (88%)
ptolemy.util.test.WatchDog.cancel(): canceling Thu May 23 04:25:49 UTC 2019
------------------ testing $PTII/ptolemy/domains/de/test/auto/TransferInputs.xml
auto.tcl: Setting watchdog for 200 seconds at Thu May 23 04:25:49 UTC 2019
5 ms. Memory: 1063424K Free: 1036580K (97%)
ptolemy.util.test.WatchDog.cancel(): canceling Thu May 23 04:25:49 UTC 2019
auto.tcl: Setting watchdog for 200 seconds at Thu May 23 04:25:49 UTC 2019
1 ms. Memory: 1063424K Free: 1036580K (97%)
ptolemy.util.test.WatchDog.cancel(): canceling Thu May 23 04:25:49 UTC 2019
------------------ testing $PTII/ptolemy/domains/de/test/auto/TransferOutputs2.xml
auto.tcl: Setting watchdog for 200 seconds at Thu May 23 04:25:49 UTC 2019
2 ms. Memory: 1063936K Free: 1028379K (97%)
ptolemy.util.test.WatchDog.cancel(): canceling Thu May 23 04:25:49 UTC 2019
auto.tcl: Setting watchdog for 200 seconds at Thu May 23 04:25:49 UTC 2019
3 ms. Memory: 1063936K Free: 1028379K (97%)
ptolemy.util.test.WatchDog.cancel(): canceling Thu May 23 04:25:49 UTC 2019
------------------ testing $PTII/ptolemy/domains/de/test/auto/Trilateration.xml
auto.tcl: Setting watchdog for 200 seconds at Thu May 23 04:25:49 UTC 2019
16175 ms. Memory: 976384K Free: 845033K (87%)
ptolemy.util.test.WatchDog.cancel(): canceling Thu May 23 04:26:06 UTC 2019
auto.tcl: Setting watchdog for 200 seconds at Thu May 23 04:26:06 UTC 2019
11517 ms. Memory: 849408K Free: 676221K (80%)
ptolemy.util.test.WatchDog.cancel(): canceling Thu May 23 04:26:18 UTC 2019
------------------ testing $PTII/ptolemy/domains/de/test/auto/TwoSigmaDelta.xml
auto.tcl: Setting watchdog for 200 seconds at Thu May 23 04:26:18 UTC 2019
2741 ms. Memory: 853504K Free: 549525K (64%)
ptolemy.util.test.WatchDog.cancel(): canceling Thu May 23 04:26:21 UTC 2019
auto.tcl: Setting watchdog for 200 seconds at Thu May 23 04:26:21 UTC 2019
2172 ms. Memory: 853504K Free: 315862K (37%)
ptolemy.util.test.WatchDog.cancel(): canceling Thu May 23 04:26:23 UTC 2019
------------------ testing $PTII/ptolemy/domains/de/test/auto/VariableDelay.xml
auto.tcl: Setting watchdog for 200 seconds at Thu May 23 04:26:23 UTC 2019
2 ms. Memory: 849920K Free: 825971K (97%)
ptolemy.util.test.WatchDog.cancel(): canceling Thu May 23 04:26:23 UTC 2019
auto.tcl: Setting watchdog for 200 seconds at Thu May 23 04:26:23 UTC 2019
1 ms. Memory: 849920K Free: 825971K (97%)
ptolemy.util.test.WatchDog.cancel(): canceling Thu May 23 04:26:23 UTC 2019
------------------ testing $PTII/ptolemy/domains/de/test/auto/VariableDelay2.xml
auto.tcl: Setting watchdog for 200 seconds at Thu May 23 04:26:23 UTC 2019
5 ms. Memory: 849408K Free: 825975K (97%)
ptolemy.util.test.WatchDog.cancel(): canceling Thu May 23 04:26:23 UTC 2019
auto.tcl: Setting watchdog for 200 seconds at Thu May 23 04:26:23 UTC 2019
2 ms. Memory: 849408K Free: 825975K (97%)
ptolemy.util.test.WatchDog.cancel(): canceling Thu May 23 04:26:23 UTC 2019
------------------ testing $PTII/ptolemy/domains/de/test/auto/VariableDelayZeroDelay.xml
auto.tcl: Setting watchdog for 200 seconds at Thu May 23 04:26:23 UTC 2019
2 ms. Memory: 849408K Free: 825974K (97%)
ptolemy.util.test.WatchDog.cancel(): canceling Thu May 23 04:26:23 UTC 2019
auto.tcl: Setting watchdog for 200 seconds at Thu May 23 04:26:23 UTC 2019
2 ms. Memory: 849408K Free: 825974K (97%)
ptolemy.util.test.WatchDog.cancel(): canceling Thu May 23 04:26:23 UTC 2019
------------------ testing $PTII/ptolemy/domains/de/test/auto/VariableDelayZeroDelay2.xml
auto.tcl: Setting watchdog for 200 seconds at Thu May 23 04:26:23 UTC 2019
2 ms. Memory: 852992K Free: 821877K (96%)
ptolemy.util.test.WatchDog.cancel(): canceling Thu May 23 04:26:23 UTC 2019
auto.tcl: Setting watchdog for 200 seconds at Thu May 23 04:26:23 UTC 2019
2 ms. Memory: 852992K Free: 821877K (96%)
ptolemy.util.test.WatchDog.cancel(): canceling Thu May 23 04:26:23 UTC 2019
------------------ testing $PTII/ptolemy/domains/de/test/auto/deInCt.xml
auto.tcl: Setting watchdog for 200 seconds at Thu May 23 04:26:23 UTC 2019
0
1
1
0
0
0
1
1
1
0
0
0
0
1
1
1
1
0
0
0
1
1
1
1
0
0
0
1
1
0
0
0
0
1
1
1
0
0
0
1
1
1
1
0
0
0
1
1
1
1
21 ms. Memory: 849408K Free: 818184K (96%)
ptolemy.util.test.WatchDog.cancel(): canceling Thu May 23 04:26:23 UTC 2019
auto.tcl: Setting watchdog for 200 seconds at Thu May 23 04:26:23 UTC 2019
0
1
1
1
0
0
0
0
1
1
1
1
1
1
1
1
0
0
0
1
1
1
1
0
0
0
1
1
1
0
0
0
7 ms. Memory: 849408K Free: 818184K (96%)
ptolemy.util.test.WatchDog.cancel(): canceling Thu May 23 04:26:23 UTC 2019
------------------ testing $PTII/ptolemy/domains/de/test/auto/deInCt2.xml
auto.tcl: Setting watchdog for 200 seconds at Thu May 23 04:26:23 UTC 2019
0
1
1
1
0
0
1
1
1
0
0
1
1
1
0
0
1
1
1
0
0
1
1
1
0
0
1
1
1
0
0
1
1
1
0
0
1
1
1
0
0
0
16 ms. Memory: 852480K Free: 821255K (96%)
ptolemy.util.test.WatchDog.cancel(): canceling Thu May 23 04:26:23 UTC 2019
auto.tcl: Setting watchdog for 200 seconds at Thu May 23 04:26:23 UTC 2019
0
1
1
1
0
0
1
1
1
0
0
1
1
1
0
0
1
1
1
0
0
1
1
1
0
0
1
1
1
0
0
1
1
1
0
0
1
1
1
0
0
0
11 ms. Memory: 852480K Free: 821255K (96%)
ptolemy.util.test.WatchDog.cancel(): canceling Thu May 23 04:26:23 UTC 2019
------------------ testing $PTII/ptolemy/domains/de/test/auto/dynamicCausalityInterface1.xml
auto.tcl: Setting watchdog for 200 seconds at Thu May 23 04:26:24 UTC 2019
1 ms. Memory: 849408K Free: 825962K (97%)
ptolemy.util.test.WatchDog.cancel(): canceling Thu May 23 04:26:24 UTC 2019
auto.tcl: Setting watchdog for 200 seconds at Thu May 23 04:26:24 UTC 2019
1 ms. Memory: 849408K Free: 825962K (97%)
ptolemy.util.test.WatchDog.cancel(): canceling Thu May 23 04:26:24 UTC 2019
------------------ testing $PTII/ptolemy/domains/de/test/auto/fsm_de_test.xml
auto.tcl: Setting watchdog for 200 seconds at Thu May 23 04:26:24 UTC 2019
14 ms. Memory: 851968K Free: 820737K (96%)
ptolemy.util.test.WatchDog.cancel(): canceling Thu May 23 04:26:24 UTC 2019
auto.tcl: Setting watchdog for 200 seconds at Thu May 23 04:26:24 UTC 2019
7 ms. Memory: 851968K Free: 820737K (96%)
ptolemy.util.test.WatchDog.cancel(): canceling Thu May 23 04:26:24 UTC 2019
------------------ testing $PTII/ptolemy/domains/de/test/auto/functionDependencyReconstruction.xml
auto.tcl: Setting watchdog for 200 seconds at Thu May 23 04:26:24 UTC 2019
3 ms. Memory: 849408K Free: 807168K (95%)
ptolemy.util.test.WatchDog.cancel(): canceling Thu May 23 04:26:24 UTC 2019
auto.tcl: Setting watchdog for 200 seconds at Thu May 23 04:26:24 UTC 2019
2 ms. Memory: 849408K Free: 807168K (95%)
ptolemy.util.test.WatchDog.cancel(): canceling Thu May 23 04:26:24 UTC 2019
------------------ testing $PTII/ptolemy/domains/de/test/auto/multirate.xml
auto.tcl: Setting watchdog for 200 seconds at Thu May 23 04:26:24 UTC 2019
3 ms. Memory: 851456K Free: 820091K (96%)
ptolemy.util.test.WatchDog.cancel(): canceling Thu May 23 04:26:24 UTC 2019
auto.tcl: Setting watchdog for 200 seconds at Thu May 23 04:26:24 UTC 2019
3 ms. Memory: 851456K Free: 819988K (96%)
ptolemy.util.test.WatchDog.cancel(): canceling Thu May 23 04:26:24 UTC 2019
------------------ testing $PTII/ptolemy/domains/de/test/auto/multirate2.xml
auto.tcl: Setting watchdog for 200 seconds at Thu May 23 04:26:24 UTC 2019
3 ms. Memory: 849408K Free: 818231K (96%)
ptolemy.util.test.WatchDog.cancel(): canceling Thu May 23 04:26:24 UTC 2019
auto.tcl: Setting watchdog for 200 seconds at Thu May 23 04:26:24 UTC 2019
3 ms. Memory: 849408K Free: 818231K (96%)
ptolemy.util.test.WatchDog.cancel(): canceling Thu May 23 04:26:24 UTC 2019
------------------ testing $PTII/ptolemy/domains/de/test/auto/realtime.xml
auto.tcl: Setting watchdog for 200 seconds at Thu May 23 04:26:24 UTC 2019
10001 ms. Memory: 851456K Free: 820174K (96%)
ptolemy.util.test.WatchDog.cancel(): canceling Thu May 23 04:26:34 UTC 2019
auto.tcl: Setting watchdog for 200 seconds at Thu May 23 04:26:34 UTC 2019
10003 ms. Memory: 851456K Free: 820174K (96%)
ptolemy.util.test.WatchDog.cancel(): canceling Thu May 23 04:26:44 UTC 2019
------------------ testing $PTII/ptolemy/domains/de/test/auto/relationGroup.xml
auto.tcl: Setting watchdog for 200 seconds at Thu May 23 04:26:44 UTC 2019
1 ms. Memory: 849408K Free: 825935K (97%)
ptolemy.util.test.WatchDog.cancel(): canceling Thu May 23 04:26:44 UTC 2019
auto.tcl: Setting watchdog for 200 seconds at Thu May 23 04:26:44 UTC 2019
2 ms. Memory: 849408K Free: 825935K (97%)
ptolemy.util.test.WatchDog.cancel(): canceling Thu May 23 04:26:44 UTC 2019
------------------ testing $PTII/ptolemy/domains/de/test/auto/relationGroup2.xml
auto.tcl: Setting watchdog for 200 seconds at Thu May 23 04:26:44 UTC 2019
0 ms. Memory: 850944K Free: 819818K (96%)
ptolemy.util.test.WatchDog.cancel(): canceling Thu May 23 04:26:44 UTC 2019
auto.tcl: Setting watchdog for 200 seconds at Thu May 23 04:26:44 UTC 2019
2 ms. Memory: 850944K Free: 819818K (96%)
ptolemy.util.test.WatchDog.cancel(): canceling Thu May 23 04:26:44 UTC 2019
------------------ testing $PTII/ptolemy/domains/de/test/auto/sortWithOpaquePorts.xml
auto.tcl: Setting watchdog for 200 seconds at Thu May 23 04:26:44 UTC 2019
4 ms. Memory: 849408K Free: 818283K (96%)
ptolemy.util.test.WatchDog.cancel(): canceling Thu May 23 04:26:44 UTC 2019
auto.tcl: Setting watchdog for 200 seconds at Thu May 23 04:26:44 UTC 2019
2 ms. Memory: 849408K Free: 818283K (96%)
ptolemy.util.test.WatchDog.cancel(): canceling Thu May 23 04:26:44 UTC 2019
------------------ testing $PTII/ptolemy/domains/de/test/auto/transferInputsandOutputs.xml
auto.tcl: Setting watchdog for 200 seconds at Thu May 23 04:26:44 UTC 2019
3 ms. Memory: 850944K Free: 819806K (96%)
ptolemy.util.test.WatchDog.cancel(): canceling Thu May 23 04:26:44 UTC 2019
auto.tcl: Setting watchdog for 200 seconds at Thu May 23 04:26:44 UTC 2019
2 ms. Memory: 850944K Free: 819806K (96%)
ptolemy.util.test.WatchDog.cancel(): canceling Thu May 23 04:26:44 UTC 2019
------------------ testing $PTII/ptolemy/domains/de/test/auto/triggerType.xml
auto.tcl: Setting watchdog for 200 seconds at Thu May 23 04:26:44 UTC 2019
1 ms. Memory: 849408K Free: 818220K (96%)
ptolemy.util.test.WatchDog.cancel(): canceling Thu May 23 04:26:44 UTC 2019
auto.tcl: Setting watchdog for 200 seconds at Thu May 23 04:26:44 UTC 2019
1 ms. Memory: 849408K Free: 818220K (96%)
ptolemy.util.test.WatchDog.cancel(): canceling Thu May 23 04:26:44 UTC 2019
05/23/19 04:26:44
Failed: 0  Total Tests: 192  ((Passed: 187, Newly Passed: 1)  Known Failed: 5) /home/travis/build/icyphy/ptII/ptolemy/domains/de/test
05/23/19 04:26:44
Failed: 0  Total Tests: 192  ((Passed: 187, Newly Passed: 1)  Known Failed: 5) /home/travis/build/icyphy/ptII/ptolemy/domains/de/test
----------------- testing (KnownFailure) /home/travis/build/icyphy/ptII/ptolemy/domains/de/test/auto/knownFailedTests/DESDFClockTest.xml
2011 ms. Memory: 850432K Free: 803834K (95%)
Known Failure: java.lang.reflect.InvocationTargetException
----------------- testing (KnownFailure) /home/travis/build/icyphy/ptII/ptolemy/domains/de/test/auto/knownFailedTests/DirectFeedback.xml
2 ms. Memory: 850432K Free: 742394K (87%)
Known Failure: java.lang.reflect.InvocationTargetException
----------------- testing (KnownFailure) /home/travis/build/icyphy/ptII/ptolemy/domains/de/test/auto/knownFailedTests/FSMSource.xml
7 ms. Memory: 850432K Free: 680954K (80%)
----------------- testing (KnownFailure) /home/travis/build/icyphy/ptII/ptolemy/domains/de/test/auto/knownFailedTests/HierarchicalModel.xml
3 ms. Memory: 850432K Free: 634857K (75%)
Known Failure: java.lang.reflect.InvocationTargetException
----------------- testing (KnownFailure) /home/travis/build/icyphy/ptII/ptolemy/domains/de/test/auto/knownFailedTests/dependencyLoop.xml
2 ms. Memory: 850432K Free: 573417K (67%)
Known Failure: java.lang.reflect.InvocationTargetException
----------------- testing (KnownFailure) /home/travis/build/icyphy/ptII/ptolemy/domains/de/test/auto/knownFailedTests/dependencyLoop2.xml
3 ms. Memory: 850432K Free: 511977K (60%)
Known Failure: java.lang.reflect.InvocationTargetException
No auto/linux-amd64/*.xml tests in /home/travis/build/icyphy/ptII/ptolemy/domains/de/test
AutoTests.java: About to close Vertx.
AutoTests.java: Vertx closed.

===========================================================================================
----------------- testing Thu May 23 04:26:47 UTC 2019 /home/travis/build/icyphy/ptII/ptolemy/domains/de/test/auto/ActorDepthCalculation_actorWithoutPorts.xml
----------------- Instantiating /home/travis/build/icyphy/ptII/ptolemy/domains/de/test/auto/ActorDepthCalculation_actorWithoutPorts.xml
2 ms. Memory: 850432K Free: 435177K (51%)
----------------- Invoking toplevel() on ptolemy.moml.MoMLSimpleApplication@7d41a8ec
----------------- Done invoking toplevel() on ptolemy.moml.MoMLSimpleApplication@7d41a8ec
reloadAllAccessors: .ActorDepthCalculation_actorWithoutPorts

===========================================================================================
----------------- testing Thu May 23 04:26:47 UTC 2019 /home/travis/build/icyphy/ptII/ptolemy/domains/de/test/auto/AssemblyLine.xml
----------------- Instantiating /home/travis/build/icyphy/ptII/ptolemy/domains/de/test/auto/AssemblyLine.xml
3 ms. Memory: 850432K Free: 404457K (48%)
----------------- Invoking toplevel() on ptolemy.moml.MoMLSimpleApplication@4b4066ff
----------------- Done invoking toplevel() on ptolemy.moml.MoMLSimpleApplication@4b4066ff
reloadAllAccessors: .AssemblyLine

===========================================================================================
----------------- testing Thu May 23 04:26:47 UTC 2019 /home/travis/build/icyphy/ptII/ptolemy/domains/de/test/auto/CQBug1.xml
----------------- Instantiating /home/travis/build/icyphy/ptII/ptolemy/domains/de/test/auto/CQBug1.xml
1 ms. Memory: 850432K Free: 373736K (44%)
----------------- Invoking toplevel() on ptolemy.moml.MoMLSimpleApplication@5cca4c0c
----------------- Done invoking toplevel() on ptolemy.moml.MoMLSimpleApplication@5cca4c0c
reloadAllAccessors: .CQBug1

===========================================================================================
----------------- testing Thu May 23 04:26:47 UTC 2019 /home/travis/build/icyphy/ptII/ptolemy/domains/de/test/auto/CancelFireAt.xml
----------------- Instantiating /home/travis/build/icyphy/ptII/ptolemy/domains/de/test/auto/CancelFireAt.xml
2 ms. Memory: 850432K Free: 343016K (40%)
----------------- Invoking toplevel() on ptolemy.moml.MoMLSimpleApplication@686b21e7
----------------- Done invoking toplevel() on ptolemy.moml.MoMLSimpleApplication@686b21e7
reloadAllAccessors: .CancelFireAt

===========================================================================================
----------------- testing Thu May 23 04:26:47 UTC 2019 /home/travis/build/icyphy/ptII/ptolemy/domains/de/test/auto/CausalityAndComposabilityAnalysis.xml
----------------- Instantiating /home/travis/build/icyphy/ptII/ptolemy/domains/de/test/auto/CausalityAndComposabilityAnalysis.xml
2 ms. Memory: 850432K Free: 312296K (37%)
----------------- Invoking toplevel() on ptolemy.moml.MoMLSimpleApplication@4e541955
----------------- Done invoking toplevel() on ptolemy.moml.MoMLSimpleApplication@4e541955
reloadAllAccessors: .CausalityAndComposabilityAnalysis

===========================================================================================
----------------- testing Thu May 23 04:26:47 UTC 2019 /home/travis/build/icyphy/ptII/ptolemy/domains/de/test/auto/CausalityInterface1.xml
----------------- Instantiating /home/travis/build/icyphy/ptII/ptolemy/domains/de/test/auto/CausalityInterface1.xml
6 ms. Memory: 850432K Free: 281576K (33%)
----------------- Invoking toplevel() on ptolemy.moml.MoMLSimpleApplication@36f8a70a
----------------- Done invoking toplevel() on ptolemy.moml.MoMLSimpleApplication@36f8a70a
reloadAllAccessors: .CausalityInterface1

===========================================================================================
----------------- testing Thu May 23 04:26:47 UTC 2019 /home/travis/build/icyphy/ptII/ptolemy/domains/de/test/auto/CausalityInterface15.xml
----------------- Instantiating /home/travis/build/icyphy/ptII/ptolemy/domains/de/test/auto/CausalityInterface15.xml
2 ms. Memory: 850432K Free: 250856K (29%)
----------------- Invoking toplevel() on ptolemy.moml.MoMLSimpleApplication@1203f4fa
[...]
java.lang.RuntimeException: Execution failed
	at ptolemy.moml.MoMLSimpleApplication$UnloadThread.run(MoMLSimpleApplication.java:402)
Caused by: ptolemy.kernel.util.IllegalActionException: Test fails in iteration 1.
Value was: 1.0. Should have been: 2.0
  in .DirectFeedback.Test
	at ptolemy.actor.lib.Test.fire(Test.java:268)
	at ptolemy.domains.de.kernel.DEDirector._fire(DEDirector.java:1949)
	at ptolemy.domains.de.kernel.DEDirector.fire(DEDirector.java:502)
	at ptolemy.actor.CompositeActor.fire(CompositeActor.java:455)
	at ptolemy.actor.Manager.iterate(Manager.java:851)
	at ptolemy.actor.Manager.execute(Manager.java:369)
	at ptolemy.actor.Manager.run(Manager.java:1263)
	at ptolemy.actor.Manager$PtolemyRunThread.run(Manager.java:1915)
java.lang.RuntimeException: Execution failed
	at ptolemy.moml.MoMLSimpleApplication$UnloadThread.run(MoMLSimpleApplication.java:402)
Caused by: ptolemy.kernel.util.IllegalActionException: Actor is not ready to fire.  Perhaps UpSample.prefire() returned false? Try debugging the actor by selecting "Listen to Actor".  Also, for SDF check moml for tokenConsumptionRate on input.
  in .DESDFClockTest.Play Bell.Copy1:SDF Director and .DESDFClockTest.Play Bell.UpSample
	at ptolemy.actor.sched.StaticSchedulingDirector.fire(StaticSchedulingDirector.java:227)
	at ptolemy.domains.sdf.kernel.SDFDirector.fire(SDFDirector.java:500)
	at ptolemy.actor.CompositeActor.fire(CompositeActor.java:455)
	at ptolemy.domains.de.kernel.DEDirector._fire(DEDirector.java:1949)
	at ptolemy.domains.de.kernel.DEDirector.fire(DEDirector.java:502)
	at ptolemy.actor.CompositeActor.fire(CompositeActor.java:455)
	at ptolemy.actor.Manager.iterate(Manager.java:851)
	at ptolemy.actor.Manager.execute(Manager.java:369)
	at ptolemy.actor.Manager.run(Manager.java:1263)
	at ptolemy.actor.Manager$PtolemyRunThread.run(Manager.java:1915)
java.lang.reflect.InvocationTargetException
	at sun.reflect.NativeConstructorAccessorImpl.newInstance0(Native Method)
	at sun.reflect.NativeConstructorAccessorImpl.newInstance(NativeConstructorAccessorImpl.java:62)
	at sun.reflect.DelegatingConstructorAccessorImpl.newInstance(DelegatingConstructorAccessorImpl.java:45)
	at java.lang.reflect.Constructor.newInstance(Constructor.java:423)
	at ptolemy.util.test.junit.AutoKnownFailedTests.RunModel(AutoKnownFailedTests.java:105)
	at sun.reflect.NativeMethodAccessorImpl.invoke0(Native Method)
	at sun.reflect.NativeMethodAccessorImpl.invoke(NativeMethodAccessorImpl.java:62)
	at sun.reflect.DelegatingMethodAccessorImpl.invoke(DelegatingMethodAccessorImpl.java:43)
	at java.lang.reflect.Method.invoke(Method.java:498)
	at org.junit.runners.model.FrameworkMethod$1.runReflectiveCall(FrameworkMethod.java:44)
	at org.junit.internal.runners.model.ReflectiveCallable.run(ReflectiveCallable.java:15)
	at org.junit.runners.model.FrameworkMethod.invokeExplosively(FrameworkMethod.java:41)
	at junitparams.internal.InvokeParameterisedMethod.evaluate(InvokeParameterisedMethod.java:102)
	at org.junit.internal.runners.statements.FailOnTimeout$1.run(FailOnTimeout.java:28)
Caused by: ptolemy.kernel.util.IllegalActionException: Actor is not ready to fire.  Perhaps UpSample.prefire() returned false? Try debugging the actor by selecting "Listen to Actor".  Also, for SDF check moml for tokenConsumptionRate on input.
  in .DESDFClockTest.Play Bell.Copy1:SDF Director and .DESDFClockTest.Play Bell.UpSample
	at ptolemy.actor.sched.StaticSchedulingDirector.fire(StaticSchedulingDirector.java:227)
	at ptolemy.domains.sdf.kernel.SDFDirector.fire(SDFDirector.java:500)
	at ptolemy.actor.CompositeActor.fire(CompositeActor.java:455)
	at ptolemy.domains.de.kernel.DEDirector._fire(DEDirector.java:1949)
	at ptolemy.domains.de.kernel.DEDirector.fire(DEDirector.java:502)
	at ptolemy.actor.CompositeActor.fire(CompositeActor.java:455)
	at ptolemy.actor.Manager.iterate(Manager.java:851)
	at ptolemy.actor.Manager.execute(Manager.java:369)
	at ptolemy.actor.Manager.run(Manager.java:1263)
	at ptolemy.actor.Manager$PtolemyRunThread.run(Manager.java:1915)
java.lang.RuntimeException: Execution failed
	at ptolemy.moml.MoMLSimpleApplication$UnloadThread.run(MoMLSimpleApplication.java:402)
Caused by: ptolemy.kernel.util.IllegalActionException: Test fails in iteration 1.
Value was: 1.0. Should have been: 2.0
  in .DirectFeedback.Test
	at ptolemy.actor.lib.Test.fire(Test.java:268)
	at ptolemy.domains.de.kernel.DEDirector._fire(DEDirector.java:1949)
	at ptolemy.domains.de.kernel.DEDirector.fire(DEDirector.java:502)
	at ptolemy.actor.CompositeActor.fire(CompositeActor.java:455)
	at ptolemy.actor.Manager.iterate(Manager.java:851)
	at ptolemy.actor.Manager.execute(Manager.java:369)
	at ptolemy.actor.Manager.run(Manager.java:1263)
	at ptolemy.actor.Manager$PtolemyRunThread.run(Manager.java:1915)
java.lang.reflect.InvocationTargetException
	at sun.reflect.NativeConstructorAccessorImpl.newInstance0(Native Method)
	at sun.reflect.NativeConstructorAccessorImpl.newInstance(NativeConstructorAccessorImpl.java:62)
	at sun.reflect.DelegatingConstructorAccessorImpl.newInstance(DelegatingConstructorAccessorImpl.java:45)
	at java.lang.reflect.Constructor.newInstance(Constructor.java:423)
	at ptolemy.util.test.junit.AutoKnownFailedTests.RunModel(AutoKnownFailedTests.java:105)
	at sun.reflect.NativeMethodAccessorImpl.invoke0(Native Method)
	at sun.reflect.NativeMethodAccessorImpl.invoke(NativeMethodAccessorImpl.java:62)
	at sun.reflect.DelegatingMethodAccessorImpl.invoke(DelegatingMethodAccessorImpl.java:43)
	at java.lang.reflect.Method.invoke(Method.java:498)
	at org.junit.runners.model.FrameworkMethod$1.runReflectiveCall(FrameworkMethod.java:44)
	at org.junit.internal.runners.model.ReflectiveCallable.run(ReflectiveCallable.java:15)
	at org.junit.runners.model.FrameworkMethod.invokeExplosively(FrameworkMethod.java:41)
	at junitparams.internal.InvokeParameterisedMethod.evaluate(InvokeParameterisedMethod.java:102)
	at org.junit.internal.runners.statements.FailOnTimeout$1.run(FailOnTimeout.java:28)
Caused by: ptolemy.kernel.util.IllegalActionException: Test fails in iteration 1.
Value was: 1.0. Should have been: 2.0
  in .DirectFeedback.Test
	at ptolemy.actor.lib.Test.fire(Test.java:268)
	at ptolemy.domains.de.kernel.DEDirector._fire(DEDirector.java:1949)
	at ptolemy.domains.de.kernel.DEDirector.fire(DEDirector.java:502)
	at ptolemy.actor.CompositeActor.fire(CompositeActor.java:455)
	at ptolemy.actor.Manager.iterate(Manager.java:851)
	at ptolemy.actor.Manager.execute(Manager.java:369)
	at ptolemy.actor.Manager.run(Manager.java:1263)
	at ptolemy.actor.Manager$PtolemyRunThread.run(Manager.java:1915)
java.lang.RuntimeException: Execution failed
	at ptolemy.moml.MoMLSimpleApplication$UnloadThread.run(MoMLSimpleApplication.java:402)
Caused by: ptolemy.kernel.util.IllegalActionException: Found a zero delay loop containing .HierarchicalModel.A
  in .HierarchicalModel and .HierarchicalModel.A
	at ptolemy.actor.util.CausalityInterfaceForComposites._computeOutputPortDepth(CausalityInterfaceForComposites.java:759)
	at ptolemy.actor.util.CausalityInterfaceForComposites._computeInputDepth(CausalityInterfaceForComposites.java:696)
	at ptolemy.actor.util.CausalityInterfaceForComposites._computeOutputPortDepth(CausalityInterfaceForComposites.java:765)
	at ptolemy.actor.util.CausalityInterfaceForComposites._computeInputDepth(CausalityInterfaceForComposites.java:696)
	at ptolemy.actor.util.CausalityInterfaceForComposites._computeOutputPortDepth(CausalityInterfaceForComposites.java:765)
	at ptolemy.actor.util.CausalityInterfaceForComposites._computeInputDepth(CausalityInterfaceForComposites.java:696)
	at ptolemy.actor.util.CausalityInterfaceForComposites._computeActorDepth(CausalityInterfaceForComposites.java:532)
	at ptolemy.actor.util.CausalityInterfaceForComposites.checkForCycles(CausalityInterfaceForComposites.java:96)
	at ptolemy.domains.de.kernel.DEDirector.preinitialize(DEDirector.java:1338)
	at ptolemy.actor.CompositeActor.preinitialize(CompositeActor.java:1828)
	at ptolemy.actor.Manager.preinitializeAndResolveTypes(Manager.java:1040)
	at ptolemy.actor.Manager.initialize(Manager.java:710)
	at ptolemy.actor.Manager.execute(Manager.java:356)
	at ptolemy.actor.Manager.run(Manager.java:1263)
	at ptolemy.actor.Manager$PtolemyRunThread.run(Manager.java:1915)
java.lang.reflect.InvocationTargetException
	at sun.reflect.NativeConstructorAccessorImpl.newInstance0(Native Method)
	at sun.reflect.NativeConstructorAccessorImpl.newInstance(NativeConstructorAccessorImpl.java:62)
	at sun.reflect.DelegatingConstructorAccessorImpl.newInstance(DelegatingConstructorAccessorImpl.java:45)
	at java.lang.reflect.Constructor.newInstance(Constructor.java:423)
	at ptolemy.util.test.junit.AutoKnownFailedTests.RunModel(AutoKnownFailedTests.java:105)
	at sun.reflect.NativeMethodAccessorImpl.invoke0(Native Method)
	at sun.reflect.NativeMethodAccessorImpl.invoke(NativeMethodAccessorImpl.java:62)
	at sun.reflect.DelegatingMethodAccessorImpl.invoke(DelegatingMethodAccessorImpl.java:43)
	at java.lang.reflect.Method.invoke(Method.java:498)
	at org.junit.runners.model.FrameworkMethod$1.runReflectiveCall(FrameworkMethod.java:44)
	at org.junit.internal.runners.model.ReflectiveCallable.run(ReflectiveCallable.java:15)
	at org.junit.runners.model.FrameworkMethod.invokeExplosively(FrameworkMethod.java:41)
	at junitparams.internal.InvokeParameterisedMethod.evaluate(InvokeParameterisedMethod.java:102)
	at org.junit.internal.runners.statements.FailOnTimeout$1.run(FailOnTimeout.java:28)
Caused by: ptolemy.kernel.util.IllegalActionException: Found a zero delay loop containing .HierarchicalModel.A
  in .HierarchicalModel and .HierarchicalModel.A
	at ptolemy.actor.util.CausalityInterfaceForComposites._computeOutputPortDepth(CausalityInterfaceForComposites.java:759)
	at ptolemy.actor.util.CausalityInterfaceForComposites._computeInputDepth(CausalityInterfaceForComposites.java:696)
	at ptolemy.actor.util.CausalityInterfaceForComposites._computeOutputPortDepth(CausalityInterfaceForComposites.java:765)
	at ptolemy.actor.util.CausalityInterfaceForComposites._computeInputDepth(CausalityInterfaceForComposites.java:696)
	at ptolemy.actor.util.CausalityInterfaceForComposites._computeOutputPortDepth(CausalityInterfaceForComposites.java:765)
	at ptolemy.actor.util.CausalityInterfaceForComposites._computeInputDepth(CausalityInterfaceForComposites.java:696)
	at ptolemy.actor.util.CausalityInterfaceForComposites._computeActorDepth(CausalityInterfaceForComposites.java:532)
	at ptolemy.actor.util.CausalityInterfaceForComposites.checkForCycles(CausalityInterfaceForComposites.java:96)
	at ptolemy.domains.de.kernel.DEDirector.preinitialize(DEDirector.java:1338)
	at ptolemy.actor.CompositeActor.preinitialize(CompositeActor.java:1828)
	at ptolemy.actor.Manager.preinitializeAndResolveTypes(Manager.java:1040)
	at ptolemy.actor.Manager.initialize(Manager.java:710)
	at ptolemy.actor.Manager.execute(Manager.java:356)
	at ptolemy.actor.Manager.run(Manager.java:1263)
	at ptolemy.actor.Manager$PtolemyRunThread.run(Manager.java:1915)
java.lang.RuntimeException: Execution failed
	at ptolemy.moml.MoMLSimpleApplication$UnloadThread.run(MoMLSimpleApplication.java:402)
Caused by: ptolemy.kernel.util.IllegalActionException: Found a zero delay loop containing .dependencyLoop.original
  in .dependencyLoop and .dependencyLoop.original
	at ptolemy.actor.util.CausalityInterfaceForComposites._computeOutputPortDepth(CausalityInterfaceForComposites.java:759)
	at ptolemy.actor.util.CausalityInterfaceForComposites._computeInputDepth(CausalityInterfaceForComposites.java:696)
	at ptolemy.actor.util.CausalityInterfaceForComposites._computeOutputPortDepth(CausalityInterfaceForComposites.java:765)
	at ptolemy.actor.util.CausalityInterfaceForComposites._computeInputDepth(CausalityInterfaceForComposites.java:696)
	at ptolemy.actor.util.CausalityInterfaceForComposites._computeOutputPortDepth(CausalityInterfaceForComposites.java:765)
	at ptolemy.actor.util.CausalityInterfaceForComposites._computeInputDepth(CausalityInterfaceForComposites.java:696)
	at ptolemy.actor.util.CausalityInterfaceForComposites._computeActorDepth(CausalityInterfaceForComposites.java:532)
	at ptolemy.actor.util.CausalityInterfaceForComposites.checkForCycles(CausalityInterfaceForComposites.java:96)
	at ptolemy.domains.de.kernel.DEDirector.preinitialize(DEDirector.java:1338)
	at ptolemy.actor.CompositeActor.preinitialize(CompositeActor.java:1828)
	at ptolemy.actor.Manager.preinitializeAndResolveTypes(Manager.java:1040)
	at ptolemy.actor.Manager.initialize(Manager.java:710)
	at ptolemy.actor.Manager.execute(Manager.java:356)
	at ptolemy.actor.Manager.run(Manager.java:1263)
	at ptolemy.actor.Manager$PtolemyRunThread.run(Manager.java:1915)
java.lang.reflect.InvocationTargetException
	at sun.reflect.NativeConstructorAccessorImpl.newInstance0(Native Method)
	at sun.reflect.NativeConstructorAccessorImpl.newInstance(NativeConstructorAccessorImpl.java:62)
	at sun.reflect.DelegatingConstructorAccessorImpl.newInstance(DelegatingConstructorAccessorImpl.java:45)
	at java.lang.reflect.Constructor.newInstance(Constructor.java:423)
	at ptolemy.util.test.junit.AutoKnownFailedTests.RunModel(AutoKnownFailedTests.java:105)
	at sun.reflect.NativeMethodAccessorImpl.invoke0(Native Method)
	at sun.reflect.NativeMethodAccessorImpl.invoke(NativeMethodAccessorImpl.java:62)
	at sun.reflect.DelegatingMethodAccessorImpl.invoke(DelegatingMethodAccessorImpl.java:43)
	at java.lang.reflect.Method.invoke(Method.java:498)
	at org.junit.runners.model.FrameworkMethod$1.runReflectiveCall(FrameworkMethod.java:44)
	at org.junit.internal.runners.model.ReflectiveCallable.run(ReflectiveCallable.java:15)
	at org.junit.runners.model.FrameworkMethod.invokeExplosively(FrameworkMethod.java:41)
	at junitparams.internal.InvokeParameterisedMethod.evaluate(InvokeParameterisedMethod.java:102)
	at org.junit.internal.runners.statements.FailOnTimeout$1.run(FailOnTimeout.java:28)
Caused by: ptolemy.kernel.util.IllegalActionException: Found a zero delay loop containing .dependencyLoop.original
  in .dependencyLoop and .dependencyLoop.original
	at ptolemy.actor.util.CausalityInterfaceForComposites._computeOutputPortDepth(CausalityInterfaceForComposites.java:759)
	at ptolemy.actor.util.CausalityInterfaceForComposites._computeInputDepth(CausalityInterfaceForComposites.java:696)
	at ptolemy.actor.util.CausalityInterfaceForComposites._computeOutputPortDepth(CausalityInterfaceForComposites.java:765)
	at ptolemy.actor.util.CausalityInterfaceForComposites._computeInputDepth(CausalityInterfaceForComposites.java:696)
	at ptolemy.actor.util.CausalityInterfaceForComposites._computeOutputPortDepth(CausalityInterfaceForComposites.java:765)
	at ptolemy.actor.util.CausalityInterfaceForComposites._computeInputDepth(CausalityInterfaceForComposites.java:696)
	at ptolemy.actor.util.CausalityInterfaceForComposites._computeActorDepth(CausalityInterfaceForComposites.java:532)
	at ptolemy.actor.util.CausalityInterfaceForComposites.checkForCycles(CausalityInterfaceForComposites.java:96)
	at ptolemy.domains.de.kernel.DEDirector.preinitialize(DEDirector.java:1338)
	at ptolemy.actor.CompositeActor.preinitialize(CompositeActor.java:1828)
	at ptolemy.actor.Manager.preinitializeAndResolveTypes(Manager.java:1040)
	at ptolemy.actor.Manager.initialize(Manager.java:710)
	at ptolemy.actor.Manager.execute(Manager.java:356)
	at ptolemy.actor.Manager.run(Manager.java:1263)
	at ptolemy.actor.Manager$PtolemyRunThread.run(Manager.java:1915)
java.lang.RuntimeException: Execution failed
	at ptolemy.moml.MoMLSimpleApplication$UnloadThread.run(MoMLSimpleApplication.java:402)
Caused by: ptolemy.kernel.util.IllegalActionException: Found a zero delay loop containing .dependencyLoop2.original
  in .dependencyLoop2 and .dependencyLoop2.original
	at ptolemy.actor.util.CausalityInterfaceForComposites._computeOutputPortDepth(CausalityInterfaceForComposites.java:759)
	at ptolemy.actor.util.CausalityInterfaceForComposites._computeInputDepth(CausalityInterfaceForComposites.java:696)
	at ptolemy.actor.util.CausalityInterfaceForComposites._computeOutputPortDepth(CausalityInterfaceForComposites.java:765)
	at ptolemy.actor.util.CausalityInterfaceForComposites._computeInputDepth(CausalityInterfaceForComposites.java:696)
	at ptolemy.actor.util.CausalityInterfaceForComposites._computeOutputPortDepth(CausalityInterfaceForComposites.java:765)
	at ptolemy.actor.util.CausalityInterfaceForComposites._computeInputDepth(CausalityInterfaceForComposites.java:696)
	at ptolemy.actor.util.CausalityInterfaceForComposites._computeActorDepth(CausalityInterfaceForComposites.java:532)
	at ptolemy.actor.util.CausalityInterfaceForComposites.checkForCycles(CausalityInterfaceForComposites.java:96)
	at ptolemy.domains.de.kernel.DEDirector.preinitialize(DEDirector.java:1338)
	at ptolemy.actor.CompositeActor.preinitialize(CompositeActor.java:1828)
	at ptolemy.actor.Manager.preinitializeAndResolveTypes(Manager.java:1040)
	at ptolemy.actor.Manager.initialize(Manager.java:710)
	at ptolemy.actor.Manager.execute(Manager.java:356)
	at ptolemy.actor.Manager.run(Manager.java:1263)
	at ptolemy.actor.Manager$PtolemyRunThread.run(Manager.java:1915)
java.lang.reflect.InvocationTargetException
	at sun.reflect.NativeConstructorAccessorImpl.newInstance0(Native Method)
	at sun.reflect.NativeConstructorAccessorImpl.newInstance(NativeConstructorAccessorImpl.java:62)
	at sun.reflect.DelegatingConstructorAccessorImpl.newInstance(DelegatingConstructorAccessorImpl.java:45)
	at java.lang.reflect.Constructor.newInstance(Constructor.java:423)
	at ptolemy.util.test.junit.AutoKnownFailedTests.RunModel(AutoKnownFailedTests.java:105)
	at sun.reflect.NativeMethodAccessorImpl.invoke0(Native Method)
	at sun.reflect.NativeMethodAccessorImpl.invoke(NativeMethodAccessorImpl.java:62)
	at sun.reflect.DelegatingMethodAccessorImpl.invoke(DelegatingMethodAccessorImpl.java:43)
	at java.lang.reflect.Method.invoke(Method.java:498)
	at org.junit.runners.model.FrameworkMethod$1.runReflectiveCall(FrameworkMethod.java:44)
	at org.junit.internal.runners.model.ReflectiveCallable.run(ReflectiveCallable.java:15)
	at org.junit.runners.model.FrameworkMethod.invokeExplosively(FrameworkMethod.java:41)
	at junitparams.internal.InvokeParameterisedMethod.evaluate(InvokeParameterisedMethod.java:102)
	at org.junit.internal.runners.statements.FailOnTimeout$1.run(FailOnTimeout.java:28)
Caused by: ptolemy.kernel.util.IllegalActionException: Found a zero delay loop containing .dependencyLoop2.original
  in .dependencyLoop2 and .dependencyLoop2.original
	at ptolemy.actor.util.CausalityInterfaceForComposites._computeOutputPortDepth(CausalityInterfaceForComposites.java:759)
	at ptolemy.actor.util.CausalityInterfaceForComposites._computeInputDepth(CausalityInterfaceForComposites.java:696)
	at ptolemy.actor.util.CausalityInterfaceForComposites._computeOutputPortDepth(CausalityInterfaceForComposites.java:765)
	at ptolemy.actor.util.CausalityInterfaceForComposites._computeInputDepth(CausalityInterfaceForComposites.java:696)
	at ptolemy.actor.util.CausalityInterfaceForComposites._computeOutputPortDepth(CausalityInterfaceForComposites.java:765)
	at ptolemy.actor.util.CausalityInterfaceForComposites._computeInputDepth(CausalityInterfaceForComposites.java:696)
	at ptolemy.actor.util.CausalityInterfaceForComposites._computeActorDepth(CausalityInterfaceForComposites.java:532)
	at ptolemy.actor.util.CausalityInterfaceForComposites.checkForCycles(CausalityInterfaceForComposites.java:96)
	at ptolemy.domains.de.kernel.DEDirector.preinitialize(DEDirector.java:1338)
	at ptolemy.actor.CompositeActor.preinitialize(CompositeActor.java:1828)
	at ptolemy.actor.Manager.preinitializeAndResolveTypes(Manager.java:1040)
	at ptolemy.actor.Manager.initialize(Manager.java:710)
	at ptolemy.actor.Manager.execute(Manager.java:356)
	at ptolemy.actor.Manager.run(Manager.java:1263)
	at ptolemy.actor.Manager$PtolemyRunThread.run(Manager.java:1915)
]]></system-err>
</testsuite>
