<?xml version="1.0" encoding="UTF-8" ?>
<testsuite errors="0" failures="0" hostname="travis-job-9935218e-880b-4827-9622-d0dbecfe1d5d" name="ptolemy.domains.continuous.test.junit.JUnitTclTest" skipped="0" tests="156" time="67.751" timestamp="2020-04-06T13:44:22">
  <properties>
[...]
</properties>
  <testcase classname="ptolemy.util.test.junit.TclTests" name="[0] ThereAreNoTclTests (RunTclFile)" time="0.014" />
  <testcase classname="ptolemy.util.test.junit.AutoKnownFailedTests" name="[0] ThereAreNoKnowFailedTests (RunModel)" time="0.005" />
  <testcase classname="ptolemy.util.test.junit.AutoNameArchTests" name="[0] ThereAreNoAutoArchTests (RunModel)" time="0.009" />
  <testcase classname="ptolemy.util.test.junit.AutoTests" name="[0] /home/travis/build/icyphy/ptII/ptolemy/domains/continuous/test/auto/BouncingBall.xml (RunModel)" time="2.85" />
  <testcase classname="ptolemy.util.test.junit.AutoTests" name="[1] /home/travis/build/icyphy/ptII/ptolemy/domains/continuous/test/auto/BouncingBallWithoutGR.xml (RunModel)" time="0.886" />
  <testcase classname="ptolemy.util.test.junit.AutoTests" name="[2] /home/travis/build/icyphy/ptII/ptolemy/domains/continuous/test/auto/Brownian.xml (RunModel)" time="0.085" />
  <testcase classname="ptolemy.util.test.junit.AutoTests" name="[3] /home/travis/build/icyphy/ptII/ptolemy/domains/continuous/test/auto/CarTracking.xml (RunModel)" time="3.646" />
  <testcase classname="ptolemy.util.test.junit.AutoTests" name="[4] /home/travis/build/icyphy/ptII/ptolemy/domains/continuous/test/auto/CartPendulum.xml (RunModel)" time="0.509" />
  <testcase classname="ptolemy.util.test.junit.AutoTests" name="[5] /home/travis/build/icyphy/ptII/ptolemy/domains/continuous/test/auto/CausalityInterface10.xml (RunModel)" time="0.054" />
  <testcase classname="ptolemy.util.test.junit.AutoTests" name="[6] /home/travis/build/icyphy/ptII/ptolemy/domains/continuous/test/auto/CausalityInterface11.xml (RunModel)" time="0.027" />
  <testcase classname="ptolemy.util.test.junit.AutoTests" name="[7] /home/travis/build/icyphy/ptII/ptolemy/domains/continuous/test/auto/CausalityInterface12.xml (RunModel)" time="0.023" />
  <testcase classname="ptolemy.util.test.junit.AutoTests" name="[8] /home/travis/build/icyphy/ptII/ptolemy/domains/continuous/test/auto/CausalityInterface13.xml (RunModel)" time="0.026" />
  <testcase classname="ptolemy.util.test.junit.AutoTests" name="[9] /home/travis/build/icyphy/ptII/ptolemy/domains/continuous/test/auto/CausalityInterface14.xml (RunModel)" time="0.023" />
  <testcase classname="ptolemy.util.test.junit.AutoTests" name="[10] /home/travis/build/icyphy/ptII/ptolemy/domains/continuous/test/auto/CausalityInterface4.xml (RunModel)" time="0.028" />
  <testcase classname="ptolemy.util.test.junit.AutoTests" name="[11] /home/travis/build/icyphy/ptII/ptolemy/domains/continuous/test/auto/CausalityInterface5.xml (RunModel)" time="0.032" />
  <testcase classname="ptolemy.util.test.junit.AutoTests" name="[12] /home/travis/build/icyphy/ptII/ptolemy/domains/continuous/test/auto/CausalityInterface6.xml (RunModel)" time="0.026" />
  <testcase classname="ptolemy.util.test.junit.AutoTests" name="[13] /home/travis/build/icyphy/ptII/ptolemy/domains/continuous/test/auto/CausalityInterface7.xml (RunModel)" time="0.037" />
  <testcase classname="ptolemy.util.test.junit.AutoTests" name="[14] /home/travis/build/icyphy/ptII/ptolemy/domains/continuous/test/auto/CausalityInterface8.xml (RunModel)" time="0.037" />
  <testcase classname="ptolemy.util.test.junit.AutoTests" name="[15] /home/travis/build/icyphy/ptII/ptolemy/domains/continuous/test/auto/CausalityInterface9.xml (RunModel)" time="0.046" />
  <testcase classname="ptolemy.util.test.junit.AutoTests" name="[16] /home/travis/build/icyphy/ptII/ptolemy/domains/continuous/test/auto/CausalityInterfaceFeedback1.xml (RunModel)" time="0.03" />
  <testcase classname="ptolemy.util.test.junit.AutoTests" name="[17] /home/travis/build/icyphy/ptII/ptolemy/domains/continuous/test/auto/CausalityInterfaceFeedback2.xml (RunModel)" time="0.031" />
  <testcase classname="ptolemy.util.test.junit.AutoTests" name="[18] /home/travis/build/icyphy/ptII/ptolemy/domains/continuous/test/auto/CompareWithCurrentTime.xml (RunModel)" time="0.017" />
  <testcase classname="ptolemy.util.test.junit.AutoTests" name="[19] /home/travis/build/icyphy/ptII/ptolemy/domains/continuous/test/auto/ComparedClocks.xml (RunModel)" time="0.075" />
  <testcase classname="ptolemy.util.test.junit.AutoTests" name="[20] /home/travis/build/icyphy/ptII/ptolemy/domains/continuous/test/auto/ContinuousAOCClone.xml (RunModel)" time="2.581" />
  <testcase classname="ptolemy.util.test.junit.AutoTests" name="[21] /home/travis/build/icyphy/ptII/ptolemy/domains/continuous/test/auto/ContinuousClock.xml (RunModel)" time="0.08" />
  <testcase classname="ptolemy.util.test.junit.AutoTests" name="[22] /home/travis/build/icyphy/ptII/ptolemy/domains/continuous/test/auto/ContinuousInContinuous.xml (RunModel)" time="0.079" />
  <testcase classname="ptolemy.util.test.junit.AutoTests" name="[23] /home/travis/build/icyphy/ptII/ptolemy/domains/continuous/test/auto/ContinuousInContinuousInContinuous.xml (RunModel)" time="0.029" />
  <testcase classname="ptolemy.util.test.junit.AutoTests" name="[24] /home/travis/build/icyphy/ptII/ptolemy/domains/continuous/test/auto/ContinuousInDE.xml (RunModel)" time="0.11" />
  <testcase classname="ptolemy.util.test.junit.AutoTests" name="[25] /home/travis/build/icyphy/ptII/ptolemy/domains/continuous/test/auto/ContinuousInDE2.xml (RunModel)" time="0.048" />
  <testcase classname="ptolemy.util.test.junit.AutoTests" name="[26] /home/travis/build/icyphy/ptII/ptolemy/domains/continuous/test/auto/ContinuousInDE3.xml (RunModel)" time="0.057" />
  <testcase classname="ptolemy.util.test.junit.AutoTests" name="[27] /home/travis/build/icyphy/ptII/ptolemy/domains/continuous/test/auto/ContinuousInDE4.xml (RunModel)" time="0.035" />
  <testcase classname="ptolemy.util.test.junit.AutoTests" name="[28] /home/travis/build/icyphy/ptII/ptolemy/domains/continuous/test/auto/ContinuousInDEDifferentRefinements.xml (RunModel)" time="0.128" />
  <testcase classname="ptolemy.util.test.junit.AutoTests" name="[29] /home/travis/build/icyphy/ptII/ptolemy/domains/continuous/test/auto/ContinuousInDEDifferentRefinementsPreemptive.xml (RunModel)" time="0.091" />
  <testcase classname="ptolemy.util.test.junit.AutoTests" name="[30] /home/travis/build/icyphy/ptII/ptolemy/domains/continuous/test/auto/ContinuousInDEInContinuous2.xml (RunModel)" time="0.052" />
  <testcase classname="ptolemy.util.test.junit.AutoTests" name="[31] /home/travis/build/icyphy/ptII/ptolemy/domains/continuous/test/auto/ContinuousInDEInContinuous3.xml (RunModel)" time="0.045" />
  <testcase classname="ptolemy.util.test.junit.AutoTests" name="[32] /home/travis/build/icyphy/ptII/ptolemy/domains/continuous/test/auto/ContinuousInDEInput.xml (RunModel)" time="0.031" />
  <testcase classname="ptolemy.util.test.junit.AutoTests" name="[33] /home/travis/build/icyphy/ptII/ptolemy/domains/continuous/test/auto/ContinuousInDEInput2.xml (RunModel)" time="0.031" />
  <testcase classname="ptolemy.util.test.junit.AutoTests" name="[34] /home/travis/build/icyphy/ptII/ptolemy/domains/continuous/test/auto/ContinuousInDEInput3.xml (RunModel)" time="0.025" />
  <testcase classname="ptolemy.util.test.junit.AutoTests" name="[35] /home/travis/build/icyphy/ptII/ptolemy/domains/continuous/test/auto/ContinuousInDESharingRefinement.xml (RunModel)" time="0.169" />
  <testcase classname="ptolemy.util.test.junit.AutoTests" name="[36] /home/travis/build/icyphy/ptII/ptolemy/domains/continuous/test/auto/ContinuousInDEwithNoPorts.xml (RunModel)" time="0.025" />
  <testcase classname="ptolemy.util.test.junit.AutoTests" name="[37] /home/travis/build/icyphy/ptII/ptolemy/domains/continuous/test/auto/ContinuousInsideDE.xml (RunModel)" time="0.072" />
  <testcase classname="ptolemy.util.test.junit.AutoTests" name="[38] /home/travis/build/icyphy/ptII/ptolemy/domains/continuous/test/auto/ContinuousMerge1.xml (RunModel)" time="0.023" />
  <testcase classname="ptolemy.util.test.junit.AutoTests" name="[39] /home/travis/build/icyphy/ptII/ptolemy/domains/continuous/test/auto/ContinuousMerge2.xml (RunModel)" time="0.045" />
  <testcase classname="ptolemy.util.test.junit.AutoTests" name="[40] /home/travis/build/icyphy/ptII/ptolemy/domains/continuous/test/auto/ContinuousMerge3.xml (RunModel)" time="0.055" />
  <testcase classname="ptolemy.util.test.junit.AutoTests" name="[41] /home/travis/build/icyphy/ptII/ptolemy/domains/continuous/test/auto/ContinuousWithinContinuous.xml (RunModel)" time="0.045" />
  <testcase classname="ptolemy.util.test.junit.AutoTests" name="[42] /home/travis/build/icyphy/ptII/ptolemy/domains/continuous/test/auto/ContinuousWithinContinuous2.xml (RunModel)" time="0.066" />
  <testcase classname="ptolemy.util.test.junit.AutoTests" name="[43] /home/travis/build/icyphy/ptII/ptolemy/domains/continuous/test/auto/ContinuousWithinContinuous3.xml (RunModel)" time="0.027" />
  <testcase classname="ptolemy.util.test.junit.AutoTests" name="[44] /home/travis/build/icyphy/ptII/ptolemy/domains/continuous/test/auto/ContinuousWithinContinuous4.xml (RunModel)" time="0.076" />
  <testcase classname="ptolemy.util.test.junit.AutoTests" name="[45] /home/travis/build/icyphy/ptII/ptolemy/domains/continuous/test/auto/ContinuousWithinContinuous5.xml (RunModel)" time="0.026" />
  <testcase classname="ptolemy.util.test.junit.AutoTests" name="[46] /home/travis/build/icyphy/ptII/ptolemy/domains/continuous/test/auto/ContinuousWithinContinuous6.xml (RunModel)" time="0.026" />
  <testcase classname="ptolemy.util.test.junit.AutoTests" name="[47] /home/travis/build/icyphy/ptII/ptolemy/domains/continuous/test/auto/ContinuousWithinContinuous7.xml (RunModel)" time="0.054" />
  <testcase classname="ptolemy.util.test.junit.AutoTests" name="[48] /home/travis/build/icyphy/ptII/ptolemy/domains/continuous/test/auto/DCMotor.xml (RunModel)" time="12.357" />
  <testcase classname="ptolemy.util.test.junit.AutoTests" name="[49] /home/travis/build/icyphy/ptII/ptolemy/domains/continuous/test/auto/DEInContinuous.xml (RunModel)" time="0.032" />
  <testcase classname="ptolemy.util.test.junit.AutoTests" name="[50] /home/travis/build/icyphy/ptII/ptolemy/domains/continuous/test/auto/DEinContinuous2.xml (RunModel)" time="0.03" />
  <testcase classname="ptolemy.util.test.junit.AutoTests" name="[51] /home/travis/build/icyphy/ptII/ptolemy/domains/continuous/test/auto/Derivative.xml (RunModel)" time="0.186" />
  <testcase classname="ptolemy.util.test.junit.AutoTests" name="[52] /home/travis/build/icyphy/ptII/ptolemy/domains/continuous/test/auto/Derivative1.xml (RunModel)" time="0.045" />
  <testcase classname="ptolemy.util.test.junit.AutoTests" name="[53] /home/travis/build/icyphy/ptII/ptolemy/domains/continuous/test/auto/DiscreteClock.xml (RunModel)" time="0.015" />
  <testcase classname="ptolemy.util.test.junit.AutoTests" name="[54] /home/travis/build/icyphy/ptII/ptolemy/domains/continuous/test/auto/EfficiencyCurve.xml (RunModel)" time="0.088" />
  <testcase classname="ptolemy.util.test.junit.AutoTests" name="[55] /home/travis/build/icyphy/ptII/ptolemy/domains/continuous/test/auto/ExponentialResponse.xml (RunModel)" time="0.127" />
  <testcase classname="ptolemy.util.test.junit.AutoTests" name="[56] /home/travis/build/icyphy/ptII/ptolemy/domains/continuous/test/auto/ExponentialResponseRK45.xml (RunModel)" time="0.034" />
  <testcase classname="ptolemy.util.test.junit.AutoTests" name="[57] /home/travis/build/icyphy/ptII/ptolemy/domains/continuous/test/auto/Friction.xml (RunModel)" time="1.703" />
  <testcase classname="ptolemy.util.test.junit.AutoTests" name="[58] /home/travis/build/icyphy/ptII/ptolemy/domains/continuous/test/auto/FurutaPendulum.xml (RunModel)" time="3.015" />
  <testcase classname="ptolemy.util.test.junit.AutoTests" name="[59] /home/travis/build/icyphy/ptII/ptolemy/domains/continuous/test/auto/HierarchicalExecution.xml (RunModel)" time="2.187" />
  <testcase classname="ptolemy.util.test.junit.AutoTests" name="[60] /home/travis/build/icyphy/ptII/ptolemy/domains/continuous/test/auto/HybridPlant.xml (RunModel)" time="0.566" />
  <testcase classname="ptolemy.util.test.junit.AutoTests" name="[61] /home/travis/build/icyphy/ptII/ptolemy/domains/continuous/test/auto/Hysteresis.xml (RunModel)" time="0.194" />
  <testcase classname="ptolemy.util.test.junit.AutoTests" name="[62] /home/travis/build/icyphy/ptII/ptolemy/domains/continuous/test/auto/HysteresisWithRandomDelay.xml (RunModel)" time="0.226" />
  <testcase classname="ptolemy.util.test.junit.AutoTests" name="[63] /home/travis/build/icyphy/ptII/ptolemy/domains/continuous/test/auto/HysteresisWithRandomLosses.xml (RunModel)" time="2.354" />
  <testcase classname="ptolemy.util.test.junit.AutoTests" name="[64] /home/travis/build/icyphy/ptII/ptolemy/domains/continuous/test/auto/ImmediateTransitions.xml (RunModel)" time="0.032" />
  <testcase classname="ptolemy.util.test.junit.AutoTests" name="[65] /home/travis/build/icyphy/ptII/ptolemy/domains/continuous/test/auto/ImpulseFeedback.xml (RunModel)" time="0.019" />
  <testcase classname="ptolemy.util.test.junit.AutoTests" name="[66] /home/travis/build/icyphy/ptII/ptolemy/domains/continuous/test/auto/ImpulseFeedback2.xml (RunModel)" time="0.019" />
  <testcase classname="ptolemy.util.test.junit.AutoTests" name="[67] /home/travis/build/icyphy/ptII/ptolemy/domains/continuous/test/auto/IncreasingRatePoisson.xml (RunModel)" time="0.67" />
  <testcase classname="ptolemy.util.test.junit.AutoTests" name="[68] /home/travis/build/icyphy/ptII/ptolemy/domains/continuous/test/auto/InitialStateFeedback.xml (RunModel)" time="0.014" />
  <testcase classname="ptolemy.util.test.junit.AutoTests" name="[69] /home/travis/build/icyphy/ptII/ptolemy/domains/continuous/test/auto/Integration.xml (RunModel)" time="0.008" />
  <testcase classname="ptolemy.util.test.junit.AutoTests" name="[70] /home/travis/build/icyphy/ptII/ptolemy/domains/continuous/test/auto/Integration2.xml (RunModel)" time="0.072" />
  <testcase classname="ptolemy.util.test.junit.AutoTests" name="[71] /home/travis/build/icyphy/ptII/ptolemy/domains/continuous/test/auto/Integration3.xml (RunModel)" time="0.021" />
  <testcase classname="ptolemy.util.test.junit.AutoTests" name="[72] /home/travis/build/icyphy/ptII/ptolemy/domains/continuous/test/auto/Integration5.xml (RunModel)" time="0.012" />
  <testcase classname="ptolemy.util.test.junit.AutoTests" name="[73] /home/travis/build/icyphy/ptII/ptolemy/domains/continuous/test/auto/IntegratorImpulse.xml (RunModel)" time="0.008" />
  <testcase classname="ptolemy.util.test.junit.AutoTests" name="[74] /home/travis/build/icyphy/ptII/ptolemy/domains/continuous/test/auto/IntegratorImpulse2.xml (RunModel)" time="0.01" />
  <testcase classname="ptolemy.util.test.junit.AutoTests" name="[75] /home/travis/build/icyphy/ptII/ptolemy/domains/continuous/test/auto/LevelCrossing1.xml (RunModel)" time="0.015" />
  <testcase classname="ptolemy.util.test.junit.AutoTests" name="[76] /home/travis/build/icyphy/ptII/ptolemy/domains/continuous/test/auto/LevelCrossing2.xml (RunModel)" time="0.011" />
  <testcase classname="ptolemy.util.test.junit.AutoTests" name="[77] /home/travis/build/icyphy/ptII/ptolemy/domains/continuous/test/auto/LevelCrossing3.xml (RunModel)" time="0.011" />
  <testcase classname="ptolemy.util.test.junit.AutoTests" name="[78] /home/travis/build/icyphy/ptII/ptolemy/domains/continuous/test/auto/LevelCrossing4.xml (RunModel)" time="0.013" />
  <testcase classname="ptolemy.util.test.junit.AutoTests" name="[79] /home/travis/build/icyphy/ptII/ptolemy/domains/continuous/test/auto/LevelCrossing5.xml (RunModel)" time="0.013" />
  <testcase classname="ptolemy.util.test.junit.AutoTests" name="[80] /home/travis/build/icyphy/ptII/ptolemy/domains/continuous/test/auto/LevelCrossing6.xml (RunModel)" time="0.011" />
  <testcase classname="ptolemy.util.test.junit.AutoTests" name="[81] /home/travis/build/icyphy/ptII/ptolemy/domains/continuous/test/auto/LevelCrossingDetector.xml (RunModel)" time="0.036" />
  <testcase classname="ptolemy.util.test.junit.AutoTests" name="[82] /home/travis/build/icyphy/ptII/ptolemy/domains/continuous/test/auto/LevelCrossingDetectorDetectingDirections.xml (RunModel)" time="0.083" />
  <testcase classname="ptolemy.util.test.junit.AutoTests" name="[83] /home/travis/build/icyphy/ptII/ptolemy/domains/continuous/test/auto/LevelCrossingDetectorDetectsGlitches.xml (RunModel)" time="0.055" />
  <testcase classname="ptolemy.util.test.junit.AutoTests" name="[84] /home/travis/build/icyphy/ptII/ptolemy/domains/continuous/test/auto/LevelCrossingNoInitialOuput.xml (RunModel)" time="0.013" />
  <testcase classname="ptolemy.util.test.junit.AutoTests" name="[85] /home/travis/build/icyphy/ptII/ptolemy/domains/continuous/test/auto/LinearStateSpaceExample.xml (RunModel)" time="0.06" />
  <testcase classname="ptolemy.util.test.junit.AutoTests" name="[86] /home/travis/build/icyphy/ptII/ptolemy/domains/continuous/test/auto/Lorenz.xml (RunModel)" time="3.191" />
  <testcase classname="ptolemy.util.test.junit.AutoTests" name="[87] /home/travis/build/icyphy/ptII/ptolemy/domains/continuous/test/auto/LorenzDifferentialSystem.xml (RunModel)" time="0.98" />
  <testcase classname="ptolemy.util.test.junit.AutoTests" name="[88] /home/travis/build/icyphy/ptII/ptolemy/domains/continuous/test/auto/LorenzDifferentialSystemWithInput.xml (RunModel)" time="1.146" />
  <testcase classname="ptolemy.util.test.junit.AutoTests" name="[89] /home/travis/build/icyphy/ptII/ptolemy/domains/continuous/test/auto/LorenzDifferentialSystemWithTime.xml (RunModel)" time="0.627" />
  <testcase classname="ptolemy.util.test.junit.AutoTests" name="[90] /home/travis/build/icyphy/ptII/ptolemy/domains/continuous/test/auto/Microsteps.xml (RunModel)" time="0.02" />
  <testcase classname="ptolemy.util.test.junit.AutoTests" name="[91] /home/travis/build/icyphy/ptII/ptolemy/domains/continuous/test/auto/Modal1.xml (RunModel)" time="0.035" />
  <testcase classname="ptolemy.util.test.junit.AutoTests" name="[92] /home/travis/build/icyphy/ptII/ptolemy/domains/continuous/test/auto/Modal2.xml (RunModel)" time="0.045" />
  <testcase classname="ptolemy.util.test.junit.AutoTests" name="[93] /home/travis/build/icyphy/ptII/ptolemy/domains/continuous/test/auto/ModalTransitionGuardWithReset.xml (RunModel)" time="0.024" />
  <testcase classname="ptolemy.util.test.junit.AutoTests" name="[94] /home/travis/build/icyphy/ptII/ptolemy/domains/continuous/test/auto/ModalTransitionGuardWithResetUsingPreemptiveTransition.xml (RunModel)" time="0.027" />
  <testcase classname="ptolemy.util.test.junit.AutoTests" name="[95] /home/travis/build/icyphy/ptII/ptolemy/domains/continuous/test/auto/ModalTransitionGuardWithResetUsingPreemptiveTransition2.xml (RunModel)" time="0.026" />
  <testcase classname="ptolemy.util.test.junit.AutoTests" name="[96] /home/travis/build/icyphy/ptII/ptolemy/domains/continuous/test/auto/ModalTransitionGuardWithResetUsingPreemptiveTransition3.xml (RunModel)" time="0.023" />
  <testcase classname="ptolemy.util.test.junit.AutoTests" name="[97] /home/travis/build/icyphy/ptII/ptolemy/domains/continuous/test/auto/NewtonsCradle.xml (RunModel)" time="0.786" />
  <testcase classname="ptolemy.util.test.junit.AutoTests" name="[98] /home/travis/build/icyphy/ptII/ptolemy/domains/continuous/test/auto/NewtonsCradleAnimated.xml (RunModel)" time="1.303" />
  <testcase classname="ptolemy.util.test.junit.AutoTests" name="[99] /home/travis/build/icyphy/ptII/ptolemy/domains/continuous/test/auto/NewtonsCradleComplicated.xml (RunModel)" time="0.847" />
  <testcase classname="ptolemy.util.test.junit.AutoTests" name="[100] /home/travis/build/icyphy/ptII/ptolemy/domains/continuous/test/auto/NewtonsCradleNondeterministic.xml (RunModel)" time="0.714" />
  <testcase classname="ptolemy.util.test.junit.AutoTests" name="[101] /home/travis/build/icyphy/ptII/ptolemy/domains/continuous/test/auto/NewtonsCradlePerfectlyInelastic1.xml (RunModel)" time="1.14" />
  <testcase classname="ptolemy.util.test.junit.AutoTests" name="[102] /home/travis/build/icyphy/ptII/ptolemy/domains/continuous/test/auto/Noise.xml (RunModel)" time="0.179" />
  <testcase classname="ptolemy.util.test.junit.AutoTests" name="[103] /home/travis/build/icyphy/ptII/ptolemy/domains/continuous/test/auto/NoiseSpectrum.xml (RunModel)" time="0.643" />
  <testcase classname="ptolemy.util.test.junit.AutoTests" name="[104] /home/travis/build/icyphy/ptII/ptolemy/domains/continuous/test/auto/ParameterizedNewtonsCradleAnimated.xml (RunModel)" time="0.348" />
  <testcase classname="ptolemy.util.test.junit.AutoTests" name="[105] /home/travis/build/icyphy/ptII/ptolemy/domains/continuous/test/auto/ParameterizedNewtonsCradleAnimatedNondeterministic.xml (RunModel)" time="1.069" />
  <testcase classname="ptolemy.util.test.junit.AutoTests" name="[106] /home/travis/build/icyphy/ptII/ptolemy/domains/continuous/test/auto/Pendulum3D.xml (RunModel)" time="0.155" />
  <testcase classname="ptolemy.util.test.junit.AutoTests" name="[107] /home/travis/build/icyphy/ptII/ptolemy/domains/continuous/test/auto/PeriodicSampler.xml (RunModel)" time="0.015" />
  <testcase classname="ptolemy.util.test.junit.AutoTests" name="[108] /home/travis/build/icyphy/ptII/ptolemy/domains/continuous/test/auto/PeriodicSampler1.xml (RunModel)" time="0.049" />
  <testcase classname="ptolemy.util.test.junit.AutoTests" name="[109] /home/travis/build/icyphy/ptII/ptolemy/domains/continuous/test/auto/PeriodicSampler2.xml (RunModel)" time="0.068" />
  <testcase classname="ptolemy.util.test.junit.AutoTests" name="[110] /home/travis/build/icyphy/ptII/ptolemy/domains/continuous/test/auto/Poisson.xml (RunModel)" time="0.425" />
  <testcase classname="ptolemy.util.test.junit.AutoTests" name="[111] /home/travis/build/icyphy/ptII/ptolemy/domains/continuous/test/auto/PoissonClock.xml (RunModel)" time="0.01" />
  <testcase classname="ptolemy.util.test.junit.AutoTests" name="[112] /home/travis/build/icyphy/ptII/ptolemy/domains/continuous/test/auto/PoissonClock2.xml (RunModel)" time="0.01" />
  <testcase classname="ptolemy.util.test.junit.AutoTests" name="[113] /home/travis/build/icyphy/ptII/ptolemy/domains/continuous/test/auto/PortParameterHierarchy.xml (RunModel)" time="0.025" />
  <testcase classname="ptolemy.util.test.junit.AutoTests" name="[114] /home/travis/build/icyphy/ptII/ptolemy/domains/continuous/test/auto/RandomHybridPlant.xml (RunModel)" time="0.558" />
  <testcase classname="ptolemy.util.test.junit.AutoTests" name="[115] /home/travis/build/icyphy/ptII/ptolemy/domains/continuous/test/auto/ResetTransitionWithStartTime1.xml (RunModel)" time="0.029" />
  <testcase classname="ptolemy.util.test.junit.AutoTests" name="[116] /home/travis/build/icyphy/ptII/ptolemy/domains/continuous/test/auto/ResetTransitionWithStartTime2.xml (RunModel)" time="0.044" />
  <testcase classname="ptolemy.util.test.junit.AutoTests" name="[117] /home/travis/build/icyphy/ptII/ptolemy/domains/continuous/test/auto/ResetTransitionWithStartTime3.xml (RunModel)" time="0.032" />
  <testcase classname="ptolemy.util.test.junit.AutoTests" name="[118] /home/travis/build/icyphy/ptII/ptolemy/domains/continuous/test/auto/ResetTransitionWithStartTime4.xml (RunModel)" time="0.029" />
  <testcase classname="ptolemy.util.test.junit.AutoTests" name="[119] /home/travis/build/icyphy/ptII/ptolemy/domains/continuous/test/auto/ResetTransitionWithStartTime5.xml (RunModel)" time="0.031" />
  <testcase classname="ptolemy.util.test.junit.AutoTests" name="[120] /home/travis/build/icyphy/ptII/ptolemy/domains/continuous/test/auto/ResetTransitionWithStartTime6.xml (RunModel)" time="0.026" />
  <testcase classname="ptolemy.util.test.junit.AutoTests" name="[121] /home/travis/build/icyphy/ptII/ptolemy/domains/continuous/test/auto/SRinContinuous.xml (RunModel)" time="0.024" />
  <testcase classname="ptolemy.util.test.junit.AutoTests" name="[122] /home/travis/build/icyphy/ptII/ptolemy/domains/continuous/test/auto/SampledClocks.xml (RunModel)" time="0.028" />
  <testcase classname="ptolemy.util.test.junit.AutoTests" name="[123] /home/travis/build/icyphy/ptII/ptolemy/domains/continuous/test/auto/Satellite.xml (RunModel)" time="0.668" />
  <testcase classname="ptolemy.util.test.junit.AutoTests" name="[124] /home/travis/build/icyphy/ptII/ptolemy/domains/continuous/test/auto/SigmaDelta.xml (RunModel)" time="1.919" />
  <testcase classname="ptolemy.util.test.junit.AutoTests" name="[125] /home/travis/build/icyphy/ptII/ptolemy/domains/continuous/test/auto/SingleRefinement.xml (RunModel)" time="0.388" />
  <testcase classname="ptolemy.util.test.junit.AutoTests" name="[126] /home/travis/build/icyphy/ptII/ptolemy/domains/continuous/test/auto/SinuBouncingBall.xml (RunModel)" time="0.785" />
  <testcase classname="ptolemy.util.test.junit.AutoTests" name="[127] /home/travis/build/icyphy/ptII/ptolemy/domains/continuous/test/auto/Sinusoid.xml (RunModel)" time="0.016" />
  <testcase classname="ptolemy.util.test.junit.AutoTests" name="[128] /home/travis/build/icyphy/ptII/ptolemy/domains/continuous/test/auto/SinusoidInNoise.xml (RunModel)" time="0.822" />
  <testcase classname="ptolemy.util.test.junit.AutoTests" name="[129] /home/travis/build/icyphy/ptII/ptolemy/domains/continuous/test/auto/SinusoidRK45.xml (RunModel)" time="0.018" />
  <testcase classname="ptolemy.util.test.junit.AutoTests" name="[130] /home/travis/build/icyphy/ptII/ptolemy/domains/continuous/test/auto/SinusoidWithMultipleImpulses.xml (RunModel)" time="0.015" />
  <testcase classname="ptolemy.util.test.junit.AutoTests" name="[131] /home/travis/build/icyphy/ptII/ptolemy/domains/continuous/test/auto/SquareWave.xml (RunModel)" time="0.147" />
  <testcase classname="ptolemy.util.test.junit.AutoTests" name="[132] /home/travis/build/icyphy/ptII/ptolemy/domains/continuous/test/auto/Starmac.xml (RunModel)" time="3.404" />
  <testcase classname="ptolemy.util.test.junit.AutoTests" name="[133] /home/travis/build/icyphy/ptII/ptolemy/domains/continuous/test/auto/StaticUnits.xml (RunModel)" time="2.291" />
  <testcase classname="ptolemy.util.test.junit.AutoTests" name="[134] /home/travis/build/icyphy/ptII/ptolemy/domains/continuous/test/auto/StickyMasses.xml (RunModel)" time="0.193" />
  <testcase classname="ptolemy.util.test.junit.AutoTests" name="[135] /home/travis/build/icyphy/ptII/ptolemy/domains/continuous/test/auto/StopTime.xml (RunModel)" time="0.054" />
  <testcase classname="ptolemy.util.test.junit.AutoTests" name="[136] /home/travis/build/icyphy/ptII/ptolemy/domains/continuous/test/auto/StopTime2.xml (RunModel)" time="0.064" />
  <testcase classname="ptolemy.util.test.junit.AutoTests" name="[137] /home/travis/build/icyphy/ptII/ptolemy/domains/continuous/test/auto/Switch.xml (RunModel)" time="0.055" />
  <testcase classname="ptolemy.util.test.junit.AutoTests" name="[138] /home/travis/build/icyphy/ptII/ptolemy/domains/continuous/test/auto/Thermostat.xml (RunModel)" time="0.183" />
  <testcase classname="ptolemy.util.test.junit.AutoTests" name="[139] /home/travis/build/icyphy/ptII/ptolemy/domains/continuous/test/auto/TimeDelay.xml (RunModel)" time="0.011" />
  <testcase classname="ptolemy.util.test.junit.AutoTests" name="[140] /home/travis/build/icyphy/ptII/ptolemy/domains/continuous/test/auto/TimeDelay2.xml (RunModel)" time="0.021" />
  <testcase classname="ptolemy.util.test.junit.AutoTests" name="[141] /home/travis/build/icyphy/ptII/ptolemy/domains/continuous/test/auto/TimeDelay3.xml (RunModel)" time="0.009" />
  <testcase classname="ptolemy.util.test.junit.AutoTests" name="[142] /home/travis/build/icyphy/ptII/ptolemy/domains/continuous/test/auto/TransferAbsentToInside.xml (RunModel)" time="0.089" />
  <testcase classname="ptolemy.util.test.junit.AutoTests" name="[143] /home/travis/build/icyphy/ptII/ptolemy/domains/continuous/test/auto/Transmission.xml (RunModel)" time="0.735" />
  <testcase classname="ptolemy.util.test.junit.AutoTests" name="[144] /home/travis/build/icyphy/ptII/ptolemy/domains/continuous/test/auto/TriggeredContinuousClock.xml (RunModel)" time="0.065" />
  <testcase classname="ptolemy.util.test.junit.AutoTests" name="[145] /home/travis/build/icyphy/ptII/ptolemy/domains/continuous/test/auto/TwoMachineInfiniteBusControl.xml (RunModel)" time="2.297" />
  <testcase classname="ptolemy.util.test.junit.AutoTests" name="[146] /home/travis/build/icyphy/ptII/ptolemy/domains/continuous/test/auto/V2V.xml (RunModel)" time="0.658" />
  <testcase classname="ptolemy.util.test.junit.AutoTests" name="[147] /home/travis/build/icyphy/ptII/ptolemy/domains/continuous/test/auto/hierarchicalModalModel.xml (RunModel)" time="0.042" />
  <testcase classname="ptolemy.util.test.junit.AutoTests" name="[148] /home/travis/build/icyphy/ptII/ptolemy/domains/continuous/test/auto/hierarchicalModalModel1.xml (RunModel)" time="0.028" />
  <testcase classname="ptolemy.util.test.junit.AutoTests" name="[149] /home/travis/build/icyphy/ptII/ptolemy/domains/continuous/test/auto/hierarchicalModalModel2.xml (RunModel)" time="0.032" />
  <testcase classname="ptolemy.util.test.junit.AutoTests" name="[150] /home/travis/build/icyphy/ptII/ptolemy/domains/continuous/test/auto/hierarchicalModalModel3.xml (RunModel)" time="0.02" />
  <testcase classname="ptolemy.util.test.junit.AutoTests" name="[151] /home/travis/build/icyphy/ptII/ptolemy/domains/continuous/test/auto/hierarchicalModalModel4.xml (RunModel)" time="0.023" />
  <testcase classname="ptolemy.util.test.junit.AutoTests" name="[152] /home/travis/build/icyphy/ptII/ptolemy/domains/continuous/test/auto/junk.xml (RunModel)" time="0.123" />
  <system-out><![CDATA[No tcl tests in /home/travis/build/icyphy/ptII/ptolemy/domains/continuous/test
No auto/knownFailedTests/*.xml tests in /home/travis/build/icyphy/ptII/ptolemy/domains/continuous/test
No auto/linux-amd64/*.xml tests in /home/travis/build/icyphy/ptII/ptolemy/domains/continuous/test
AutoTests.java: About to close Vertx.
AutoTests.java: Vertx closed.

===========================================================================================
----------------- testing Mon Apr 06 13:44:23 UTC 2020 /home/travis/build/icyphy/ptII/ptolemy/domains/continuous/test/auto/BouncingBall.xml
----------------- Instantiating /home/travis/build/icyphy/ptII/ptolemy/domains/continuous/test/auto/BouncingBall.xml
2184 ms. Memory: 129024K Free: 109223K (85%)
----------------- Invoking toplevel() on ptolemy.moml.MoMLSimpleApplication@430a4fbd
----------------- Done invoking toplevel() on ptolemy.moml.MoMLSimpleApplication@430a4fbd
reloadAllAccessors: .BouncingBall

===========================================================================================
----------------- testing Mon Apr 06 13:44:25 UTC 2020 /home/travis/build/icyphy/ptII/ptolemy/domains/continuous/test/auto/BouncingBallWithoutGR.xml
----------------- Instantiating /home/travis/build/icyphy/ptII/ptolemy/domains/continuous/test/auto/BouncingBallWithoutGR.xml
769 ms. Memory: 155648K Free: 106134K (68%)
----------------- Invoking toplevel() on ptolemy.moml.MoMLSimpleApplication@dbfb44a
----------------- Done invoking toplevel() on ptolemy.moml.MoMLSimpleApplication@dbfb44a
reloadAllAccessors: .BouncingBallWithoutGR

===========================================================================================
----------------- testing Mon Apr 06 13:44:26 UTC 2020 /home/travis/build/icyphy/ptII/ptolemy/domains/continuous/test/auto/Brownian.xml
----------------- Instantiating /home/travis/build/icyphy/ptII/ptolemy/domains/continuous/test/auto/Brownian.xml
17 ms. Memory: 155648K Free: 96918K (62%)
----------------- Invoking toplevel() on ptolemy.moml.MoMLSimpleApplication@6946331c
----------------- Done invoking toplevel() on ptolemy.moml.MoMLSimpleApplication@6946331c
reloadAllAccessors: .Brownian

===========================================================================================
----------------- testing Mon Apr 06 13:44:26 UTC 2020 /home/travis/build/icyphy/ptII/ptolemy/domains/continuous/test/auto/CarTracking.xml
----------------- Instantiating /home/travis/build/icyphy/ptII/ptolemy/domains/continuous/test/auto/CarTracking.xml
3234 ms. Memory: 187392K Free: 84172K (45%)
----------------- Invoking toplevel() on ptolemy.moml.MoMLSimpleApplication@6821bec9
----------------- Done invoking toplevel() on ptolemy.moml.MoMLSimpleApplication@6821bec9
reloadAllAccessors: .CarTracking

===========================================================================================
----------------- testing Mon Apr 06 13:44:30 UTC 2020 /home/travis/build/icyphy/ptII/ptolemy/domains/continuous/test/auto/CartPendulum.xml
----------------- Instantiating /home/travis/build/icyphy/ptII/ptolemy/domains/continuous/test/auto/CartPendulum.xml
371 ms. Memory: 225280K Free: 138674K (62%)
----------------- Invoking toplevel() on ptolemy.moml.MoMLSimpleApplication@6c723cb6
----------------- Done invoking toplevel() on ptolemy.moml.MoMLSimpleApplication@6c723cb6
reloadAllAccessors: .CartPendulum

===========================================================================================
----------------- testing Mon Apr 06 13:44:30 UTC 2020 /home/travis/build/icyphy/ptII/ptolemy/domains/continuous/test/auto/CausalityInterface10.xml
----------------- Instantiating /home/travis/build/icyphy/ptII/ptolemy/domains/continuous/test/auto/CausalityInterface10.xml
10 ms. Memory: 225280K Free: 128448K (57%)
----------------- Invoking toplevel() on ptolemy.moml.MoMLSimpleApplication@25d0a05f
----------------- Done invoking toplevel() on ptolemy.moml.MoMLSimpleApplication@25d0a05f
reloadAllAccessors: .CausalityInterface10

===========================================================================================
----------------- testing Mon Apr 06 13:44:31 UTC 2020 /home/travis/build/icyphy/ptII/ptolemy/domains/continuous/test/auto/CausalityInterface11.xml
----------------- Instantiating /home/travis/build/icyphy/ptII/ptolemy/domains/continuous/test/auto/CausalityInterface11.xml
4 ms. Memory: 225280K Free: 122290K (54%)
----------------- Invoking toplevel() on ptolemy.moml.MoMLSimpleApplication@61b7fc49
----------------- Done invoking toplevel() on ptolemy.moml.MoMLSimpleApplication@61b7fc49
reloadAllAccessors: .CausalityInterface11

===========================================================================================
----------------- testing Mon Apr 06 13:44:31 UTC 2020 /home/travis/build/icyphy/ptII/ptolemy/domains/continuous/test/auto/CausalityInterface12.xml
----------------- Instantiating /home/travis/build/icyphy/ptII/ptolemy/domains/continuous/test/auto/CausalityInterface12.xml
4 ms. Memory: 225280K Free: 116146K (52%)
----------------- Invoking toplevel() on ptolemy.moml.MoMLSimpleApplication@1ef937e8
----------------- Done invoking toplevel() on ptolemy.moml.MoMLSimpleApplication@1ef937e8
reloadAllAccessors: .CausalityInterface12

===========================================================================================
----------------- testing Mon Apr 06 13:44:31 UTC 2020 /home/travis/build/icyphy/ptII/ptolemy/domains/continuous/test/auto/CausalityInterface13.xml
----------------- Instantiating /home/travis/build/icyphy/ptII/ptolemy/domains/continuous/test/auto/CausalityInterface13.xml
3 ms. Memory: 225280K Free: 110016K (49%)
----------------- Invoking toplevel() on ptolemy.moml.MoMLSimpleApplication@21def57e
----------------- Done invoking toplevel() on ptolemy.moml.MoMLSimpleApplication@21def57e
reloadAllAccessors: .CausalityInterface13

===========================================================================================
----------------- testing Mon Apr 06 13:44:31 UTC 2020 /home/travis/build/icyphy/ptII/ptolemy/domains/continuous/test/auto/CausalityInterface14.xml
----------------- Instantiating /home/travis/build/icyphy/ptII/ptolemy/domains/continuous/test/auto/CausalityInterface14.xml
4 ms. Memory: 225280K Free: 104386K (46%)
----------------- Invoking toplevel() on ptolemy.moml.MoMLSimpleApplication@694c83a9
----------------- Done invoking toplevel() on ptolemy.moml.MoMLSimpleApplication@694c83a9
reloadAllAccessors: .CausalityInterface14

===========================================================================================
----------------- testing Mon Apr 06 13:44:31 UTC 2020 /home/travis/build/icyphy/ptII/ptolemy/domains/continuous/test/auto/CausalityInterface4.xml
----------------- Instantiating /home/travis/build/icyphy/ptII/ptolemy/domains/continuous/test/auto/CausalityInterface4.xml
4 ms. Memory: 225280K Free: 97714K (43%)
----------------- Invoking toplevel() on ptolemy.moml.MoMLSimpleApplication@3d6e006f
----------------- Done invoking toplevel() on ptolemy.moml.MoMLSimpleApplication@3d6e006f
reloadAllAccessors: .CausalityInterface4

===========================================================================================
----------------- testing Mon Apr 06 13:44:31 UTC 2020 /home/travis/build/icyphy/ptII/ptolemy/domains/continuous/test/auto/CausalityInterface5.xml
----------------- Instantiating /home/travis/build/icyphy/ptII/ptolemy/domains/continuous/test/auto/CausalityInterface5.xml
4 ms. Memory: 225280K Free: 89536K (40%)
----------------- Invoking toplevel() on ptolemy.moml.MoMLSimpleApplication@24547894
----------------- Done invoking toplevel() on ptolemy.moml.MoMLSimpleApplication@24547894
reloadAllAccessors: .CausalityInterface5

===========================================================================================
----------------- testing Mon Apr 06 13:44:31 UTC 2020 /home/travis/build/icyphy/ptII/ptolemy/domains/continuous/test/auto/CausalityInterface6.xml
----------------- Instantiating /home/travis/build/icyphy/ptII/ptolemy/domains/continuous/test/auto/CausalityInterface6.xml
5 ms. Memory: 225280K Free: 83906K (37%)
----------------- Invoking toplevel() on ptolemy.moml.MoMLSimpleApplication@58de4af2
----------------- Done invoking toplevel() on ptolemy.moml.MoMLSimpleApplication@58de4af2
reloadAllAccessors: .CausalityInterface6

===========================================================================================
----------------- testing Mon Apr 06 13:44:31 UTC 2020 /home/travis/build/icyphy/ptII/ptolemy/domains/continuous/test/auto/CausalityInterface7.xml
----------------- Instantiating /home/travis/build/icyphy/ptII/ptolemy/domains/continuous/test/auto/CausalityInterface7.xml
12 ms. Memory: 225280K Free: 209587K (93%)
----------------- Invoking toplevel() on ptolemy.moml.MoMLSimpleApplication@10d9c42d
----------------- Done invoking toplevel() on ptolemy.moml.MoMLSimpleApplication@10d9c42d
reloadAllAccessors: .CausalityInterface7

===========================================================================================
----------------- testing Mon Apr 06 13:44:31 UTC 2020 /home/travis/build/icyphy/ptII/ptolemy/domains/continuous/test/auto/CausalityInterface8.xml
----------------- Instantiating /home/travis/build/icyphy/ptII/ptolemy/domains/continuous/test/auto/CausalityInterface8.xml
6 ms. Memory: 225280K Free: 200187K (89%)
----------------- Invoking toplevel() on ptolemy.moml.MoMLSimpleApplication@5dbbccad
----------------- Done invoking toplevel() on ptolemy.moml.MoMLSimpleApplication@5dbbccad
reloadAllAccessors: .CausalityInterface8

===========================================================================================
----------------- testing Mon Apr 06 13:44:31 UTC 2020 /home/travis/build/icyphy/ptII/ptolemy/domains/continuous/test/auto/CausalityInterface9.xml
----------------- Instantiating /home/travis/build/icyphy/ptII/ptolemy/domains/continuous/test/auto/CausalityInterface9.xml
9 ms. Memory: 225280K Free: 189433K (84%)
----------------- Invoking toplevel() on ptolemy.moml.MoMLSimpleApplication@279cdbbd
----------------- Done invoking toplevel() on ptolemy.moml.MoMLSimpleApplication@279cdbbd
reloadAllAccessors: .CausalityInterface9

===========================================================================================
----------------- testing Mon Apr 06 13:44:31 UTC 2020 /home/travis/build/icyphy/ptII/ptolemy/domains/continuous/test/auto/CausalityInterfaceFeedback1.xml
----------------- Instantiating /home/travis/build/icyphy/ptII/ptolemy/domains/continuous/test/auto/CausalityInterfaceFeedback1.xml
6 ms. Memory: 225280K Free: 182779K (81%)
----------------- Invoking toplevel() on ptolemy.moml.MoMLSimpleApplication@1b5e0889
----------------- Done invoking toplevel() on ptolemy.moml.MoMLSimpleApplication@1b5e0889
reloadAllAccessors: .CausalityInterfaceFeedback1

===========================================================================================
----------------- testing Mon Apr 06 13:44:31 UTC 2020 /home/travis/build/icyphy/ptII/ptolemy/domains/continuous/test/auto/CausalityInterfaceFeedback2.xml
----------------- Instantiating /home/travis/build/icyphy/ptII/ptolemy/domains/continuous/test/auto/CausalityInterfaceFeedback2.xml
4 ms. Memory: 225280K Free: 176107K (78%)
----------------- Invoking toplevel() on ptolemy.moml.MoMLSimpleApplication@6d7315c4
----------------- Done invoking toplevel() on ptolemy.moml.MoMLSimpleApplication@6d7315c4
reloadAllAccessors: .CausalityInterfaceFeedback2

===========================================================================================
----------------- testing Mon Apr 06 13:44:31 UTC 2020 /home/travis/build/icyphy/ptII/ptolemy/domains/continuous/test/auto/CompareWithCurrentTime.xml
----------------- Instantiating /home/travis/build/icyphy/ptII/ptolemy/domains/continuous/test/auto/CompareWithCurrentTime.xml
3 ms. Memory: 225280K Free: 172025K (76%)
----------------- Invoking toplevel() on ptolemy.moml.MoMLSimpleApplication@46201752
----------------- Done invoking toplevel() on ptolemy.moml.MoMLSimpleApplication@46201752
reloadAllAccessors: .CompareWithCurrentTime

===========================================================================================
----------------- testing Mon Apr 06 13:44:31 UTC 2020 /home/travis/build/icyphy/ptII/ptolemy/domains/continuous/test/auto/ComparedClocks.xml
----------------- Instantiating /home/travis/build/icyphy/ptII/ptolemy/domains/continuous/test/auto/ComparedClocks.xml
11 ms. Memory: 225280K Free: 156651K (70%)
----------------- Invoking toplevel() on ptolemy.moml.MoMLSimpleApplication@12825345
----------------- Done invoking toplevel() on ptolemy.moml.MoMLSimpleApplication@12825345
reloadAllAccessors: .ComparedClocks

===========================================================================================
----------------- testing Mon Apr 06 13:44:31 UTC 2020 /home/travis/build/icyphy/ptII/ptolemy/domains/continuous/test/auto/ContinuousAOCClone.xml
----------------- Instantiating /home/travis/build/icyphy/ptII/ptolemy/domains/continuous/test/auto/ContinuousAOCClone.xml
2372 ms. Memory: 225280K Free: 163971K (73%)
----------------- Invoking toplevel() on ptolemy.moml.MoMLSimpleApplication@49f2bc11
----------------- Done invoking toplevel() on ptolemy.moml.MoMLSimpleApplication@49f2bc11
reloadAllAccessors: .ContinuousAOCClone

===========================================================================================
----------------- testing Mon Apr 06 13:44:34 UTC 2020 /home/travis/build/icyphy/ptII/ptolemy/domains/continuous/test/auto/ContinuousClock.xml
----------------- Instantiating /home/travis/build/icyphy/ptII/ptolemy/domains/continuous/test/auto/ContinuousClock.xml
26 ms. Memory: 225280K Free: 141957K (63%)
----------------- Invoking toplevel() on ptolemy.moml.MoMLSimpleApplication@77a4da05
----------------- Done invoking toplevel() on ptolemy.moml.MoMLSimpleApplication@77a4da05
reloadAllAccessors: .ContinuousClock

===========================================================================================
----------------- testing Mon Apr 06 13:44:34 UTC 2020 /home/travis/build/icyphy/ptII/ptolemy/domains/continuous/test/auto/ContinuousInContinuous.xml
----------------- Instantiating /home/travis/build/icyphy/ptII/ptolemy/domains/continuous/test/auto/ContinuousInContinuous.xml
43 ms. Memory: 225280K Free: 118405K (53%)
----------------- Invoking toplevel() on ptolemy.moml.MoMLSimpleApplication@213678d8
----------------- Done invoking toplevel() on ptolemy.moml.MoMLSimpleApplication@213678d8
reloadAllAccessors: .ContinuousInContinuous

===========================================================================================
----------------- testing Mon Apr 06 13:44:34 UTC 2020 /home/travis/build/icyphy/ptII/ptolemy/domains/continuous/test/auto/ContinuousInContinuousInContinuous.xml
----------------- Instantiating /home/travis/build/icyphy/ptII/ptolemy/domains/continuous/test/auto/ContinuousInContinuousInContinuous.xml
6 ms. Memory: 225280K Free: 110723K (49%)
----------------- Invoking toplevel() on ptolemy.moml.MoMLSimpleApplication@1be9c5ee
----------------- Done invoking toplevel() on ptolemy.moml.MoMLSimpleApplication@1be9c5ee
reloadAllAccessors: .ContinuousInContinuousInContinuous

===========================================================================================
----------------- testing Mon Apr 06 13:44:34 UTC 2020 /home/travis/build/icyphy/ptII/ptolemy/domains/continuous/test/auto/ContinuousInDE.xml
----------------- Instantiating /home/travis/build/icyphy/ptII/ptolemy/domains/continuous/test/auto/ContinuousInDE.xml
89 ms. Memory: 225280K Free: 99973K (44%)
----------------- Invoking toplevel() on ptolemy.moml.MoMLSimpleApplication@3770f16e
----------------- Done invoking toplevel() on ptolemy.moml.MoMLSimpleApplication@3770f16e
reloadAllAccessors: .ContinuousInDE

===========================================================================================
----------------- testing Mon Apr 06 13:44:34 UTC 2020 /home/travis/build/icyphy/ptII/ptolemy/domains/continuous/test/auto/ContinuousInDE2.xml
----------------- Instantiating /home/travis/build/icyphy/ptII/ptolemy/domains/continuous/test/auto/ContinuousInDE2.xml
32 ms. Memory: 225280K Free: 90243K (40%)
----------------- Invoking toplevel() on ptolemy.moml.MoMLSimpleApplication@52dc3b84
----------------- Done invoking toplevel() on ptolemy.moml.MoMLSimpleApplication@52dc3b84
reloadAllAccessors: .ContinuousInDE2

===========================================================================================
----------------- testing Mon Apr 06 13:44:34 UTC 2020 /home/travis/build/icyphy/ptII/ptolemy/domains/continuous/test/auto/ContinuousInDE3.xml
----------------- Instantiating /home/travis/build/icyphy/ptII/ptolemy/domains/continuous/test/auto/ContinuousInDE3.xml
37 ms. Memory: 225280K Free: 80517K (36%)
----------------- Invoking toplevel() on ptolemy.moml.MoMLSimpleApplication@1932f33d
----------------- Done invoking toplevel() on ptolemy.moml.MoMLSimpleApplication@1932f33d
reloadAllAccessors: .ContinuousInDE3

===========================================================================================
----------------- testing Mon Apr 06 13:44:34 UTC 2020 /home/travis/build/icyphy/ptII/ptolemy/domains/continuous/test/auto/ContinuousInDE4.xml
----------------- Instantiating /home/travis/build/icyphy/ptII/ptolemy/domains/continuous/test/auto/ContinuousInDE4.xml
18 ms. Memory: 270336K Free: 252962K (94%)
----------------- Invoking toplevel() on ptolemy.moml.MoMLSimpleApplication@1411c030
----------------- Done invoking toplevel() on ptolemy.moml.MoMLSimpleApplication@1411c030
reloadAllAccessors: .ContinuousInDE4

===========================================================================================
----------------- testing Mon Apr 06 13:44:34 UTC 2020 /home/travis/build/icyphy/ptII/ptolemy/domains/continuous/test/auto/ContinuousInDEDifferentRefinements.xml
----------------- Instantiating /home/travis/build/icyphy/ptII/ptolemy/domains/continuous/test/auto/ContinuousInDEDifferentRefinements.xml
71 ms. Memory: 270336K Free: 221218K (82%)
----------------- Invoking toplevel() on ptolemy.moml.MoMLSimpleApplication@52fd0b5a
----------------- Done invoking toplevel() on ptolemy.moml.MoMLSimpleApplication@52fd0b5a
reloadAllAccessors: .ContinuousInDEDifferentRefinements

===========================================================================================
----------------- testing Mon Apr 06 13:44:34 UTC 2020 /home/travis/build/icyphy/ptII/ptolemy/domains/continuous/test/auto/ContinuousInDEDifferentRefinementsPreemptive.xml
----------------- Instantiating /home/travis/build/icyphy/ptII/ptolemy/domains/continuous/test/auto/ContinuousInDEDifferentRefinementsPreemptive.xml
46 ms. Memory: 270336K Free: 190498K (70%)
----------------- Invoking toplevel() on ptolemy.moml.MoMLSimpleApplication@5bbea165
----------------- Done invoking toplevel() on ptolemy.moml.MoMLSimpleApplication@5bbea165
reloadAllAccessors: .ContinuousInDEDifferentRefinementsPreemptive

===========================================================================================
----------------- testing Mon Apr 06 13:44:34 UTC 2020 /home/travis/build/icyphy/ptII/ptolemy/domains/continuous/test/auto/ContinuousInDEInContinuous2.xml
----------------- Instantiating /home/travis/build/icyphy/ptII/ptolemy/domains/continuous/test/auto/ContinuousInDEInContinuous2.xml
32 ms. Memory: 270336K Free: 178720K (66%)
----------------- Invoking toplevel() on ptolemy.moml.MoMLSimpleApplication@106c81d9
----------------- Done invoking toplevel() on ptolemy.moml.MoMLSimpleApplication@106c81d9
reloadAllAccessors: .ContinuousInDEInContinuous2

===========================================================================================
----------------- testing Mon Apr 06 13:44:34 UTC 2020 /home/travis/build/icyphy/ptII/ptolemy/domains/continuous/test/auto/ContinuousInDEInContinuous3.xml
----------------- Instantiating /home/travis/build/icyphy/ptII/ptolemy/domains/continuous/test/auto/ContinuousInDEInContinuous3.xml
28 ms. Memory: 270336K Free: 166946K (62%)
----------------- Invoking toplevel() on ptolemy.moml.MoMLSimpleApplication@51c74e93
----------------- Done invoking toplevel() on ptolemy.moml.MoMLSimpleApplication@51c74e93
reloadAllAccessors: .ContinuousInDEInContinuous3

===========================================================================================
----------------- testing Mon Apr 06 13:44:34 UTC 2020 /home/travis/build/icyphy/ptII/ptolemy/domains/continuous/test/auto/ContinuousInDEInput.xml
----------------- Instantiating /home/travis/build/icyphy/ptII/ptolemy/domains/continuous/test/auto/ContinuousInDEInput.xml
12 ms. Memory: 270336K Free: 159778K (59%)
----------------- Invoking toplevel() on ptolemy.moml.MoMLSimpleApplication@5765beeb
----------------- Done invoking toplevel() on ptolemy.moml.MoMLSimpleApplication@5765beeb
reloadAllAccessors: .ContinuousInDEInput

===========================================================================================
----------------- testing Mon Apr 06 13:44:34 UTC 2020 /home/travis/build/icyphy/ptII/ptolemy/domains/continuous/test/auto/ContinuousInDEInput2.xml
----------------- Instantiating /home/travis/build/icyphy/ptII/ptolemy/domains/continuous/test/auto/ContinuousInDEInput2.xml
10 ms. Memory: 270336K Free: 152096K (56%)
----------------- Invoking toplevel() on ptolemy.moml.MoMLSimpleApplication@4a5b0f82
----------------- Done invoking toplevel() on ptolemy.moml.MoMLSimpleApplication@4a5b0f82
reloadAllAccessors: .ContinuousInDEInput2

===========================================================================================
----------------- testing Mon Apr 06 13:44:34 UTC 2020 /home/travis/build/icyphy/ptII/ptolemy/domains/continuous/test/auto/ContinuousInDEInput3.xml
----------------- Instantiating /home/travis/build/icyphy/ptII/ptolemy/domains/continuous/test/auto/ContinuousInDEInput3.xml
9 ms. Memory: 270336K Free: 144928K (54%)
----------------- Invoking toplevel() on ptolemy.moml.MoMLSimpleApplication@1e0d279a
----------------- Done invoking toplevel() on ptolemy.moml.MoMLSimpleApplication@1e0d279a
reloadAllAccessors: .ContinuousInDEInput3

===========================================================================================
----------------- testing Mon Apr 06 13:44:34 UTC 2020 /home/travis/build/icyphy/ptII/ptolemy/domains/continuous/test/auto/ContinuousInDESharingRefinement.xml
----------------- Instantiating /home/travis/build/icyphy/ptII/ptolemy/domains/continuous/test/auto/ContinuousInDESharingRefinement.xml
145 ms. Memory: 270336K Free: 212321K (79%)
----------------- Invoking toplevel() on ptolemy.moml.MoMLSimpleApplication@3cca6fb4
----------------- Done invoking toplevel() on ptolemy.moml.MoMLSimpleApplication@3cca6fb4
reloadAllAccessors: .ContinuousInDESharingRefinement

===========================================================================================
----------------- testing Mon Apr 06 13:44:35 UTC 2020 /home/travis/build/icyphy/ptII/ptolemy/domains/continuous/test/auto/ContinuousInDEwithNoPorts.xml
----------------- Instantiating /home/travis/build/icyphy/ptII/ptolemy/domains/continuous/test/auto/ContinuousInDEwithNoPorts.xml
6 ms. Memory: 270336K Free: 207697K (77%)
----------------- Invoking toplevel() on ptolemy.moml.MoMLSimpleApplication@d43a783
----------------- Done invoking toplevel() on ptolemy.moml.MoMLSimpleApplication@d43a783
reloadAllAccessors: .ContinuousInDEwithNoPorts

===========================================================================================
----------------- testing Mon Apr 06 13:44:35 UTC 2020 /home/travis/build/icyphy/ptII/ptolemy/domains/continuous/test/auto/ContinuousInsideDE.xml
----------------- Instantiating /home/travis/build/icyphy/ptII/ptolemy/domains/continuous/test/auto/ContinuousInsideDE.xml
28 ms. Memory: 270336K Free: 196447K (73%)
----------------- Invoking toplevel() on ptolemy.moml.MoMLSimpleApplication@7576a160
----------------- Done invoking toplevel() on ptolemy.moml.MoMLSimpleApplication@7576a160
reloadAllAccessors: .ContinuousInsideDE

===========================================================================================
----------------- testing Mon Apr 06 13:44:35 UTC 2020 /home/travis/build/icyphy/ptII/ptolemy/domains/continuous/test/auto/ContinuousMerge1.xml
----------------- Instantiating /home/travis/build/icyphy/ptII/ptolemy/domains/continuous/test/auto/ContinuousMerge1.xml
3 ms. Memory: 270336K Free: 191841K (71%)
----------------- Invoking toplevel() on ptolemy.moml.MoMLSimpleApplication@4e2eb34a
----------------- Done invoking toplevel() on ptolemy.moml.MoMLSimpleApplication@4e2eb34a
reloadAllAccessors: .ContinuousMerge1

===========================================================================================
----------------- testing Mon Apr 06 13:44:35 UTC 2020 /home/travis/build/icyphy/ptII/ptolemy/domains/continuous/test/auto/ContinuousMerge2.xml
----------------- Instantiating /home/travis/build/icyphy/ptII/ptolemy/domains/continuous/test/auto/ContinuousMerge2.xml
19 ms. Memory: 270336K Free: 181601K (67%)
----------------- Invoking toplevel() on ptolemy.moml.MoMLSimpleApplication@6e01475b
----------------- Done invoking toplevel() on ptolemy.moml.MoMLSimpleApplication@6e01475b
reloadAllAccessors: .ContinuousMerge2

===========================================================================================
----------------- testing Mon Apr 06 13:44:35 UTC 2020 /home/travis/build/icyphy/ptII/ptolemy/domains/continuous/test/auto/ContinuousMerge3.xml
----------------- Instantiating /home/travis/build/icyphy/ptII/ptolemy/domains/continuous/test/auto/ContinuousMerge3.xml
33 ms. Memory: 270336K Free: 170847K (63%)
----------------- Invoking toplevel() on ptolemy.moml.MoMLSimpleApplication@31062311
----------------- Done invoking toplevel() on ptolemy.moml.MoMLSimpleApplication@31062311
reloadAllAccessors: .ContinuousMerge3

===========================================================================================
----------------- testing Mon Apr 06 13:44:35 UTC 2020 /home/travis/build/icyphy/ptII/ptolemy/domains/continuous/test/auto/ContinuousWithinContinuous.xml
----------------- Instantiating /home/travis/build/icyphy/ptII/ptolemy/domains/continuous/test/auto/ContinuousWithinContinuous.xml
28 ms. Memory: 270336K Free: 161631K (60%)
----------------- Invoking toplevel() on ptolemy.moml.MoMLSimpleApplication@e7212cd
----------------- Done invoking toplevel() on ptolemy.moml.MoMLSimpleApplication@e7212cd
reloadAllAccessors: .ContinuousWithinContinuous

===========================================================================================
----------------- testing Mon Apr 06 13:44:35 UTC 2020 /home/travis/build/icyphy/ptII/ptolemy/domains/continuous/test/auto/ContinuousWithinContinuous2.xml
----------------- Instantiating /home/travis/build/icyphy/ptII/ptolemy/domains/continuous/test/auto/ContinuousWithinContinuous2.xml
55 ms. Memory: 270336K Free: 150367K (56%)
----------------- Invoking toplevel() on ptolemy.moml.MoMLSimpleApplication@17156a26
----------------- Done invoking toplevel() on ptolemy.moml.MoMLSimpleApplication@17156a26
reloadAllAccessors: .ContinuousWithinContinuous2

===========================================================================================
----------------- testing Mon Apr 06 13:44:35 UTC 2020 /home/travis/build/icyphy/ptII/ptolemy/domains/continuous/test/auto/ContinuousWithinContinuous3.xml
----------------- Instantiating /home/travis/build/icyphy/ptII/ptolemy/domains/continuous/test/auto/ContinuousWithinContinuous3.xml
10 ms. Memory: 270336K Free: 143713K (53%)
----------------- Invoking toplevel() on ptolemy.moml.MoMLSimpleApplication@58cc5495
----------------- Done invoking toplevel() on ptolemy.moml.MoMLSimpleApplication@58cc5495
reloadAllAccessors: .ContinuousWithinContinuous3

===========================================================================================
----------------- testing Mon Apr 06 13:44:35 UTC 2020 /home/travis/build/icyphy/ptII/ptolemy/domains/continuous/test/auto/ContinuousWithinContinuous4.xml
----------------- Instantiating /home/travis/build/icyphy/ptII/ptolemy/domains/continuous/test/auto/ContinuousWithinContinuous4.xml
54 ms. Memory: 270336K Free: 131425K (49%)
----------------- Invoking toplevel() on ptolemy.moml.MoMLSimpleApplication@632153c4
----------------- Done invoking toplevel() on ptolemy.moml.MoMLSimpleApplication@632153c4
reloadAllAccessors: .ContinuousWithinContinuous4

===========================================================================================
----------------- testing Mon Apr 06 13:44:35 UTC 2020 /home/travis/build/icyphy/ptII/ptolemy/domains/continuous/test/auto/ContinuousWithinContinuous5.xml
----------------- Instantiating /home/travis/build/icyphy/ptII/ptolemy/domains/continuous/test/auto/ContinuousWithinContinuous5.xml
9 ms. Memory: 270336K Free: 123743K (46%)
----------------- Invoking toplevel() on ptolemy.moml.MoMLSimpleApplication@3a0d0c43
----------------- Done invoking toplevel() on ptolemy.moml.MoMLSimpleApplication@3a0d0c43
reloadAllAccessors: .ContinuousWithinContinuous5

===========================================================================================
----------------- testing Mon Apr 06 13:44:35 UTC 2020 /home/travis/build/icyphy/ptII/ptolemy/domains/continuous/test/auto/ContinuousWithinContinuous6.xml
----------------- Instantiating /home/travis/build/icyphy/ptII/ptolemy/domains/continuous/test/auto/ContinuousWithinContinuous6.xml
11 ms. Memory: 270336K Free: 116575K (43%)
----------------- Invoking toplevel() on ptolemy.moml.MoMLSimpleApplication@219b6f4
----------------- Done invoking toplevel() on ptolemy.moml.MoMLSimpleApplication@219b6f4
reloadAllAccessors: .ContinuousWithinContinuous6

===========================================================================================
----------------- testing Mon Apr 06 13:44:35 UTC 2020 /home/travis/build/icyphy/ptII/ptolemy/domains/continuous/test/auto/ContinuousWithinContinuous7.xml
----------------- Instantiating /home/travis/build/icyphy/ptII/ptolemy/domains/continuous/test/auto/ContinuousWithinContinuous7.xml
42 ms. Memory: 270336K Free: 105311K (39%)
----------------- Invoking toplevel() on ptolemy.moml.MoMLSimpleApplication@43b3f664
----------------- Done invoking toplevel() on ptolemy.moml.MoMLSimpleApplication@43b3f664
reloadAllAccessors: .ContinuousWithinContinuous7

===========================================================================================
----------------- testing Mon Apr 06 13:44:35 UTC 2020 /home/travis/build/icyphy/ptII/ptolemy/domains/continuous/test/auto/DCMotor.xml
----------------- Instantiating /home/travis/build/icyphy/ptII/ptolemy/domains/continuous/test/auto/DCMotor.xml
12267 ms. Memory: 270336K Free: 249082K (92%)
----------------- Invoking toplevel() on ptolemy.moml.MoMLSimpleApplication@5a9b496e
----------------- Done invoking toplevel() on ptolemy.moml.MoMLSimpleApplication@5a9b496e
reloadAllAccessors: .DCMotor

===========================================================================================
----------------- testing Mon Apr 06 13:44:48 UTC 2020 /home/travis/build/icyphy/ptII/ptolemy/domains/continuous/test/auto/DEInContinuous.xml
----------------- Instantiating /home/travis/build/icyphy/ptII/ptolemy/domains/continuous/test/auto/DEInContinuous.xml
22 ms. Memory: 270336K Free: 242944K (90%)
----------------- Invoking toplevel() on ptolemy.moml.MoMLSimpleApplication@d05128b
----------------- Done invoking toplevel() on ptolemy.moml.MoMLSimpleApplication@d05128b
reloadAllAccessors: .DEInContinuous

===========================================================================================
----------------- testing Mon Apr 06 13:44:48 UTC 2020 /home/travis/build/icyphy/ptII/ptolemy/domains/continuous/test/auto/DEinContinuous2.xml
----------------- Instantiating /home/travis/build/icyphy/ptII/ptolemy/domains/continuous/test/auto/DEinContinuous2.xml
7 ms. Memory: 270336K Free: 235266K (87%)
----------------- Invoking toplevel() on ptolemy.moml.MoMLSimpleApplication@456efda
----------------- Done invoking toplevel() on ptolemy.moml.MoMLSimpleApplication@456efda
reloadAllAccessors: .DEinContinuous2

===========================================================================================
----------------- testing Mon Apr 06 13:44:48 UTC 2020 /home/travis/build/icyphy/ptII/ptolemy/domains/continuous/test/auto/Derivative.xml
----------------- Instantiating /home/travis/build/icyphy/ptII/ptolemy/domains/continuous/test/auto/Derivative.xml
146 ms. Memory: 270336K Free: 206080K (76%)
----------------- Invoking toplevel() on ptolemy.moml.MoMLSimpleApplication@5fcfca2b
----------------- Done invoking toplevel() on ptolemy.moml.MoMLSimpleApplication@5fcfca2b
reloadAllAccessors: .Derivative2

===========================================================================================
----------------- testing Mon Apr 06 13:44:48 UTC 2020 /home/travis/build/icyphy/ptII/ptolemy/domains/continuous/test/auto/Derivative1.xml
----------------- Instantiating /home/travis/build/icyphy/ptII/ptolemy/domains/continuous/test/auto/Derivative1.xml
24 ms. Memory: 270336K Free: 191744K (71%)
----------------- Invoking toplevel() on ptolemy.moml.MoMLSimpleApplication@39944348
----------------- Done invoking toplevel() on ptolemy.moml.MoMLSimpleApplication@39944348
reloadAllAccessors: .Derivative1

===========================================================================================
----------------- testing Mon Apr 06 13:44:48 UTC 2020 /home/travis/build/icyphy/ptII/ptolemy/domains/continuous/test/auto/DiscreteClock.xml
----------------- Instantiating /home/travis/build/icyphy/ptII/ptolemy/domains/continuous/test/auto/DiscreteClock.xml
5 ms. Memory: 270336K Free: 186624K (69%)
----------------- Invoking toplevel() on ptolemy.moml.MoMLSimpleApplication@74136d8
----------------- Done invoking toplevel() on ptolemy.moml.MoMLSimpleApplication@74136d8
reloadAllAccessors: .DiscreteClock

===========================================================================================
----------------- testing Mon Apr 06 13:44:48 UTC 2020 /home/travis/build/icyphy/ptII/ptolemy/domains/continuous/test/auto/EfficiencyCurve.xml
----------------- Instantiating /home/travis/build/icyphy/ptII/ptolemy/domains/continuous/test/auto/EfficiencyCurve.xml
55 ms. Memory: 270336K Free: 177408K (66%)
----------------- Invoking toplevel() on ptolemy.moml.MoMLSimpleApplication@61d91db4
----------------- Done invoking toplevel() on ptolemy.moml.MoMLSimpleApplication@61d91db4
reloadAllAccessors: .EfficiencyCurve

===========================================================================================
----------------- testing Mon Apr 06 13:44:48 UTC 2020 /home/travis/build/icyphy/ptII/ptolemy/domains/continuous/test/auto/ExponentialResponse.xml
----------------- Instantiating /home/travis/build/icyphy/ptII/ptolemy/domains/continuous/test/auto/ExponentialResponse.xml
119 ms. Memory: 270336K Free: 161538K (60%)
----------------- Invoking toplevel() on ptolemy.moml.MoMLSimpleApplication@7208786
----------------- Done invoking toplevel() on ptolemy.moml.MoMLSimpleApplication@7208786
reloadAllAccessors: .ExponentialResponse

===========================================================================================
----------------- testing Mon Apr 06 13:44:48 UTC 2020 /home/travis/build/icyphy/ptII/ptolemy/domains/continuous/test/auto/ExponentialResponseRK45.xml
----------------- Instantiating /home/travis/build/icyphy/ptII/ptolemy/domains/continuous/test/auto/ExponentialResponseRK45.xml
26 ms. Memory: 270336K Free: 154880K (57%)
----------------- Invoking toplevel() on ptolemy.moml.MoMLSimpleApplication@14d94602
----------------- Done invoking toplevel() on ptolemy.moml.MoMLSimpleApplication@14d94602
reloadAllAccessors: .ExponentialResponseRK45

===========================================================================================
----------------- testing Mon Apr 06 13:44:48 UTC 2020 /home/travis/build/icyphy/ptII/ptolemy/domains/continuous/test/auto/Friction.xml
----------------- Instantiating /home/travis/build/icyphy/ptII/ptolemy/domains/continuous/test/auto/Friction.xml
1599 ms. Memory: 270336K Free: 211151K (78%)
----------------- Invoking toplevel() on ptolemy.moml.MoMLSimpleApplication@683bab7a
----------------- Done invoking toplevel() on ptolemy.moml.MoMLSimpleApplication@683bab7a
reloadAllAccessors: .Friction

===========================================================================================
----------------- testing Mon Apr 06 13:44:50 UTC 2020 /home/travis/build/icyphy/ptII/ptolemy/domains/continuous/test/auto/FurutaPendulum.xml
----------------- Instantiating /home/travis/build/icyphy/ptII/ptolemy/domains/continuous/test/auto/FurutaPendulum.xml
2869 ms. Memory: 270336K Free: 189580K (70%)
----------------- Invoking toplevel() on ptolemy.moml.MoMLSimpleApplication@1e024f04
----------------- Done invoking toplevel() on ptolemy.moml.MoMLSimpleApplication@1e024f04
reloadAllAccessors: .FurutaPendulum

===========================================================================================
----------------- testing Mon Apr 06 13:44:53 UTC 2020 /home/travis/build/icyphy/ptII/ptolemy/domains/continuous/test/auto/HierarchicalExecution.xml
----------------- Instantiating /home/travis/build/icyphy/ptII/ptolemy/domains/continuous/test/auto/HierarchicalExecution.xml
1761 ms. Memory: 270336K Free: 216475K (80%)
----------------- Invoking toplevel() on ptolemy.moml.MoMLSimpleApplication@5855d46f
----------------- Done invoking toplevel() on ptolemy.moml.MoMLSimpleApplication@5855d46f
reloadAllAccessors: .HierarchicalExecution

===========================================================================================
----------------- testing Mon Apr 06 13:44:55 UTC 2020 /home/travis/build/icyphy/ptII/ptolemy/domains/continuous/test/auto/HybridPlant.xml
----------------- Instantiating /home/travis/build/icyphy/ptII/ptolemy/domains/continuous/test/auto/HybridPlant.xml
499 ms. Memory: 270336K Free: 113378K (42%)
----------------- Invoking toplevel() on ptolemy.moml.MoMLSimpleApplication@587be45e
----------------- Done invoking toplevel() on ptolemy.moml.MoMLSimpleApplication@587be45e
reloadAllAccessors: .HybridPlant

===========================================================================================
----------------- testing Mon Apr 06 13:44:56 UTC 2020 /home/travis/build/icyphy/ptII/ptolemy/domains/continuous/test/auto/Hysteresis.xml
----------------- Instantiating /home/travis/build/icyphy/ptII/ptolemy/domains/continuous/test/auto/Hysteresis.xml
148 ms. Memory: 270336K Free: 211790K (78%)
----------------- Invoking toplevel() on ptolemy.moml.MoMLSimpleApplication@6285fbe7
----------------- Done invoking toplevel() on ptolemy.moml.MoMLSimpleApplication@6285fbe7
reloadAllAccessors: .Hysteresis

===========================================================================================
----------------- testing Mon Apr 06 13:44:56 UTC 2020 /home/travis/build/icyphy/ptII/ptolemy/domains/continuous/test/auto/HysteresisWithRandomDelay.xml
----------------- Instantiating /home/travis/build/icyphy/ptII/ptolemy/domains/continuous/test/auto/HysteresisWithRandomDelay.xml
181 ms. Memory: 270336K Free: 140542K (52%)
----------------- Invoking toplevel() on ptolemy.moml.MoMLSimpleApplication@4d3d8570
----------------- Done invoking toplevel() on ptolemy.moml.MoMLSimpleApplication@4d3d8570
reloadAllAccessors: .HysteresisWithRandomDelay

===========================================================================================
----------------- testing Mon Apr 06 13:44:56 UTC 2020 /home/travis/build/icyphy/ptII/ptolemy/domains/continuous/test/auto/HysteresisWithRandomLosses.xml
----------------- Instantiating /home/travis/build/icyphy/ptII/ptolemy/domains/continuous/test/auto/HysteresisWithRandomLosses.xml
2280 ms. Memory: 324608K Free: 132544K (41%)
----------------- Invoking toplevel() on ptolemy.moml.MoMLSimpleApplication@7dfc407e
----------------- Done invoking toplevel() on ptolemy.moml.MoMLSimpleApplication@7dfc407e
reloadAllAccessors: .HysteresisWithRandomLosses

===========================================================================================
----------------- testing Mon Apr 06 13:44:58 UTC 2020 /home/travis/build/icyphy/ptII/ptolemy/domains/continuous/test/auto/ImmediateTransitions.xml
----------------- Instantiating /home/travis/build/icyphy/ptII/ptolemy/domains/continuous/test/auto/ImmediateTransitions.xml
12 ms. Memory: 324608K Free: 121776K (38%)
----------------- Invoking toplevel() on ptolemy.moml.MoMLSimpleApplication@1dc724f6
----------------- Done invoking toplevel() on ptolemy.moml.MoMLSimpleApplication@1dc724f6
reloadAllAccessors: .ImmediateTransitions

===========================================================================================
----------------- testing Mon Apr 06 13:44:58 UTC 2020 /home/travis/build/icyphy/ptII/ptolemy/domains/continuous/test/auto/ImpulseFeedback.xml
----------------- Instantiating /home/travis/build/icyphy/ptII/ptolemy/domains/continuous/test/auto/ImpulseFeedback.xml
6 ms. Memory: 324608K Free: 116160K (36%)
----------------- Invoking toplevel() on ptolemy.moml.MoMLSimpleApplication@654f3787
----------------- Done invoking toplevel() on ptolemy.moml.MoMLSimpleApplication@654f3787
reloadAllAccessors: .ImpulseFeedback

===========================================================================================
----------------- testing Mon Apr 06 13:44:58 UTC 2020 /home/travis/build/icyphy/ptII/ptolemy/domains/continuous/test/auto/ImpulseFeedback2.xml
----------------- Instantiating /home/travis/build/icyphy/ptII/ptolemy/domains/continuous/test/auto/ImpulseFeedback2.xml
5 ms. Memory: 324608K Free: 303757K (94%)
----------------- Invoking toplevel() on ptolemy.moml.MoMLSimpleApplication@188911d9
----------------- Done invoking toplevel() on ptolemy.moml.MoMLSimpleApplication@188911d9
reloadAllAccessors: .ImpulseFeedback2

===========================================================================================
----------------- testing Mon Apr 06 13:44:59 UTC 2020 /home/travis/build/icyphy/ptII/ptolemy/domains/continuous/test/auto/IncreasingRatePoisson.xml
----------------- Instantiating /home/travis/build/icyphy/ptII/ptolemy/domains/continuous/test/auto/IncreasingRatePoisson.xml
650 ms. Memory: 324608K Free: 198212K (61%)
----------------- Invoking toplevel() on ptolemy.moml.MoMLSimpleApplication@3552b44c
----------------- Done invoking toplevel() on ptolemy.moml.MoMLSimpleApplication@3552b44c
reloadAllAccessors: .IncreasingRatePoisson

===========================================================================================
----------------- testing Mon Apr 06 13:44:59 UTC 2020 /home/travis/build/icyphy/ptII/ptolemy/domains/continuous/test/auto/InitialStateFeedback.xml
----------------- Instantiating /home/travis/build/icyphy/ptII/ptolemy/domains/continuous/test/auto/InitialStateFeedback.xml
4 ms. Memory: 324608K Free: 193606K (60%)
----------------- Invoking toplevel() on ptolemy.moml.MoMLSimpleApplication@f60a408
----------------- Done invoking toplevel() on ptolemy.moml.MoMLSimpleApplication@f60a408
reloadAllAccessors: .InitialStateFeedback

===========================================================================================
----------------- testing Mon Apr 06 13:44:59 UTC 2020 /home/travis/build/icyphy/ptII/ptolemy/domains/continuous/test/auto/Integration.xml
----------------- Instantiating /home/travis/build/icyphy/ptII/ptolemy/domains/continuous/test/auto/Integration.xml
1 ms. Memory: 324608K Free: 189510K (58%)
----------------- Invoking toplevel() on ptolemy.moml.MoMLSimpleApplication@3a01407
----------------- Done invoking toplevel() on ptolemy.moml.MoMLSimpleApplication@3a01407
reloadAllAccessors: .Integration

===========================================================================================
----------------- testing Mon Apr 06 13:44:59 UTC 2020 /home/travis/build/icyphy/ptII/ptolemy/domains/continuous/test/auto/Integration2.xml
----------------- Instantiating /home/travis/build/icyphy/ptII/ptolemy/domains/continuous/test/auto/Integration2.xml
65 ms. Memory: 324608K Free: 175174K (54%)
----------------- Invoking toplevel() on ptolemy.moml.MoMLSimpleApplication@4f724ee5
----------------- Done invoking toplevel() on ptolemy.moml.MoMLSimpleApplication@4f724ee5
reloadAllAccessors: .Integration2

===========================================================================================
----------------- testing Mon Apr 06 13:44:59 UTC 2020 /home/travis/build/icyphy/ptII/ptolemy/domains/continuous/test/auto/Integration3.xml
----------------- Instantiating /home/travis/build/icyphy/ptII/ptolemy/domains/continuous/test/auto/Integration3.xml
2 ms. Memory: 324608K Free: 170564K (53%)
----------------- Invoking toplevel() on ptolemy.moml.MoMLSimpleApplication@4ef798ed
----------------- Done invoking toplevel() on ptolemy.moml.MoMLSimpleApplication@4ef798ed
reloadAllAccessors: .Integration3

===========================================================================================
----------------- testing Mon Apr 06 13:44:59 UTC 2020 /home/travis/build/icyphy/ptII/ptolemy/domains/continuous/test/auto/Integration5.xml
----------------- Instantiating /home/travis/build/icyphy/ptII/ptolemy/domains/continuous/test/auto/Integration5.xml
4 ms. Memory: 324608K Free: 166468K (51%)
----------------- Invoking toplevel() on ptolemy.moml.MoMLSimpleApplication@580fad91
----------------- Done invoking toplevel() on ptolemy.moml.MoMLSimpleApplication@580fad91
reloadAllAccessors: .Integration5

===========================================================================================
----------------- testing Mon Apr 06 13:44:59 UTC 2020 /home/travis/build/icyphy/ptII/ptolemy/domains/continuous/test/auto/IntegratorImpulse.xml
----------------- Instantiating /home/travis/build/icyphy/ptII/ptolemy/domains/continuous/test/auto/IntegratorImpulse.xml
1 ms. Memory: 324608K Free: 162358K (50%)
----------------- Invoking toplevel() on ptolemy.moml.MoMLSimpleApplication@57b355dc
----------------- Done invoking toplevel() on ptolemy.moml.MoMLSimpleApplication@57b355dc
reloadAllAccessors: .IntegratorImpulse

===========================================================================================
----------------- testing Mon Apr 06 13:44:59 UTC 2020 /home/travis/build/icyphy/ptII/ptolemy/domains/continuous/test/auto/IntegratorImpulse2.xml
----------------- Instantiating /home/travis/build/icyphy/ptII/ptolemy/domains/continuous/test/auto/IntegratorImpulse2.xml
3 ms. Memory: 324608K Free: 157766K (49%)
----------------- Invoking toplevel() on ptolemy.moml.MoMLSimpleApplication@4e54b680
----------------- Done invoking toplevel() on ptolemy.moml.MoMLSimpleApplication@4e54b680
reloadAllAccessors: .IntegratorImpulse2

===========================================================================================
----------------- testing Mon Apr 06 13:44:59 UTC 2020 /home/travis/build/icyphy/ptII/ptolemy/domains/continuous/test/auto/LevelCrossing1.xml
----------------- Instantiating /home/travis/build/icyphy/ptII/ptolemy/domains/continuous/test/auto/LevelCrossing1.xml
2 ms. Memory: 324608K Free: 152646K (47%)
----------------- Invoking toplevel() on ptolemy.moml.MoMLSimpleApplication@6dfd8a42
----------------- Done invoking toplevel() on ptolemy.moml.MoMLSimpleApplication@6dfd8a42
reloadAllAccessors: .LevelCrossing1

===========================================================================================
----------------- testing Mon Apr 06 13:44:59 UTC 2020 /home/travis/build/icyphy/ptII/ptolemy/domains/continuous/test/auto/LevelCrossing2.xml
----------------- Instantiating /home/travis/build/icyphy/ptII/ptolemy/domains/continuous/test/auto/LevelCrossing2.xml
3 ms. Memory: 324608K Free: 147526K (45%)
----------------- Invoking toplevel() on ptolemy.moml.MoMLSimpleApplication@61008e8c
----------------- Done invoking toplevel() on ptolemy.moml.MoMLSimpleApplication@61008e8c
reloadAllAccessors: .LevelCrossing2

===========================================================================================
----------------- testing Mon Apr 06 13:44:59 UTC 2020 /home/travis/build/icyphy/ptII/ptolemy/domains/continuous/test/auto/LevelCrossing3.xml
----------------- Instantiating /home/travis/build/icyphy/ptII/ptolemy/domains/continuous/test/auto/LevelCrossing3.xml
2 ms. Memory: 324608K Free: 142406K (44%)
----------------- Invoking toplevel() on ptolemy.moml.MoMLSimpleApplication@3fb35b80
----------------- Done invoking toplevel() on ptolemy.moml.MoMLSimpleApplication@3fb35b80
reloadAllAccessors: .LevelCrossing3

===========================================================================================
----------------- testing Mon Apr 06 13:44:59 UTC 2020 /home/travis/build/icyphy/ptII/ptolemy/domains/continuous/test/auto/LevelCrossing4.xml
----------------- Instantiating /home/travis/build/icyphy/ptII/ptolemy/domains/continuous/test/auto/LevelCrossing4.xml
4 ms. Memory: 324608K Free: 137286K (42%)
----------------- Invoking toplevel() on ptolemy.moml.MoMLSimpleApplication@48cc10bc
----------------- Done invoking toplevel() on ptolemy.moml.MoMLSimpleApplication@48cc10bc
reloadAllAccessors: .LevelCrossing4

===========================================================================================
----------------- testing Mon Apr 06 13:44:59 UTC 2020 /home/travis/build/icyphy/ptII/ptolemy/domains/continuous/test/auto/LevelCrossing5.xml
----------------- Instantiating /home/travis/build/icyphy/ptII/ptolemy/domains/continuous/test/auto/LevelCrossing5.xml
3 ms. Memory: 324608K Free: 132166K (41%)
----------------- Invoking toplevel() on ptolemy.moml.MoMLSimpleApplication@7d48f355
----------------- Done invoking toplevel() on ptolemy.moml.MoMLSimpleApplication@7d48f355
reloadAllAccessors: .LevelCrossing5

===========================================================================================
[...]
----------------- testing Mon Apr 06 13:45:14 UTC 2020 /home/travis/build/icyphy/ptII/ptolemy/domains/continuous/test/auto/SRinContinuous.xml
----------------- Instantiating /home/travis/build/icyphy/ptII/ptolemy/domains/continuous/test/auto/SRinContinuous.xml
5 ms. Memory: 324608K Free: 295055K (91%)
----------------- Invoking toplevel() on ptolemy.moml.MoMLSimpleApplication@39694f51
----------------- Done invoking toplevel() on ptolemy.moml.MoMLSimpleApplication@39694f51
reloadAllAccessors: .SRinContinuous

===========================================================================================
----------------- testing Mon Apr 06 13:45:14 UTC 2020 /home/travis/build/icyphy/ptII/ptolemy/domains/continuous/test/auto/SampledClocks.xml
----------------- Instantiating /home/travis/build/icyphy/ptII/ptolemy/domains/continuous/test/auto/SampledClocks.xml
4 ms. Memory: 324608K Free: 282257K (87%)
----------------- Invoking toplevel() on ptolemy.moml.MoMLSimpleApplication@3158a7c0
----------------- Done invoking toplevel() on ptolemy.moml.MoMLSimpleApplication@3158a7c0
reloadAllAccessors: .SampledClocks

===========================================================================================
----------------- testing Mon Apr 06 13:45:14 UTC 2020 /home/travis/build/icyphy/ptII/ptolemy/domains/continuous/test/auto/Satellite.xml
----------------- Instantiating /home/travis/build/icyphy/ptII/ptolemy/domains/continuous/test/auto/Satellite.xml
650 ms. Memory: 324608K Free: 280032K (86%)
----------------- Invoking toplevel() on ptolemy.moml.MoMLSimpleApplication@7ef32488
----------------- Done invoking toplevel() on ptolemy.moml.MoMLSimpleApplication@7ef32488
reloadAllAccessors: .Satellite

===========================================================================================
----------------- testing Mon Apr 06 13:45:15 UTC 2020 /home/travis/build/icyphy/ptII/ptolemy/domains/continuous/test/auto/SigmaDelta.xml
----------------- Instantiating /home/travis/build/icyphy/ptII/ptolemy/domains/continuous/test/auto/SigmaDelta.xml
1780 ms. Memory: 324608K Free: 213100K (66%)
----------------- Invoking toplevel() on ptolemy.moml.MoMLSimpleApplication@e1f7656
----------------- Done invoking toplevel() on ptolemy.moml.MoMLSimpleApplication@e1f7656
reloadAllAccessors: .SigmaDelta

===========================================================================================
----------------- testing Mon Apr 06 13:45:17 UTC 2020 /home/travis/build/icyphy/ptII/ptolemy/domains/continuous/test/auto/SingleRefinement.xml
----------------- Instantiating /home/travis/build/icyphy/ptII/ptolemy/domains/continuous/test/auto/SingleRefinement.xml
283 ms. Memory: 324608K Free: 220753K (68%)
----------------- Invoking toplevel() on ptolemy.moml.MoMLSimpleApplication@5092c268
----------------- Done invoking toplevel() on ptolemy.moml.MoMLSimpleApplication@5092c268
reloadAllAccessors: .SingleRefinement

===========================================================================================
----------------- testing Mon Apr 06 13:45:17 UTC 2020 /home/travis/build/icyphy/ptII/ptolemy/domains/continuous/test/auto/SinuBouncingBall.xml
----------------- Instantiating /home/travis/build/icyphy/ptII/ptolemy/domains/continuous/test/auto/SinuBouncingBall.xml
721 ms. Memory: 324608K Free: 195817K (60%)
----------------- Invoking toplevel() on ptolemy.moml.MoMLSimpleApplication@1865aba4
----------------- Done invoking toplevel() on ptolemy.moml.MoMLSimpleApplication@1865aba4
reloadAllAccessors: .SinuBouncingBall

===========================================================================================
----------------- testing Mon Apr 06 13:45:18 UTC 2020 /home/travis/build/icyphy/ptII/ptolemy/domains/continuous/test/auto/Sinusoid.xml
----------------- Instantiating /home/travis/build/icyphy/ptII/ptolemy/domains/continuous/test/auto/Sinusoid.xml
4 ms. Memory: 324608K Free: 191193K (59%)
----------------- Invoking toplevel() on ptolemy.moml.MoMLSimpleApplication@32bf12dc
----------------- Done invoking toplevel() on ptolemy.moml.MoMLSimpleApplication@32bf12dc
reloadAllAccessors: .Sinusoid

===========================================================================================
----------------- testing Mon Apr 06 13:45:18 UTC 2020 /home/travis/build/icyphy/ptII/ptolemy/domains/continuous/test/auto/SinusoidInNoise.xml
----------------- Instantiating /home/travis/build/icyphy/ptII/ptolemy/domains/continuous/test/auto/SinusoidInNoise.xml
785 ms. Memory: 324608K Free: 250469K (77%)
----------------- Invoking toplevel() on ptolemy.moml.MoMLSimpleApplication@583fd9de
----------------- Done invoking toplevel() on ptolemy.moml.MoMLSimpleApplication@583fd9de
reloadAllAccessors: .SinusoidInNoise

===========================================================================================
----------------- testing Mon Apr 06 13:45:19 UTC 2020 /home/travis/build/icyphy/ptII/ptolemy/domains/continuous/test/auto/SinusoidRK45.xml
----------------- Instantiating /home/travis/build/icyphy/ptII/ptolemy/domains/continuous/test/auto/SinusoidRK45.xml
4 ms. Memory: 324608K Free: 245863K (76%)
----------------- Invoking toplevel() on ptolemy.moml.MoMLSimpleApplication@55021eb2
----------------- Done invoking toplevel() on ptolemy.moml.MoMLSimpleApplication@55021eb2
reloadAllAccessors: .SinusoidRK45

===========================================================================================
----------------- testing Mon Apr 06 13:45:19 UTC 2020 /home/travis/build/icyphy/ptII/ptolemy/domains/continuous/test/auto/SinusoidWithMultipleImpulses.xml
----------------- Instantiating /home/travis/build/icyphy/ptII/ptolemy/domains/continuous/test/auto/SinusoidWithMultipleImpulses.xml
7 ms. Memory: 324608K Free: 241253K (74%)
----------------- Invoking toplevel() on ptolemy.moml.MoMLSimpleApplication@44dd6b0
----------------- Done invoking toplevel() on ptolemy.moml.MoMLSimpleApplication@44dd6b0
reloadAllAccessors: .SinusoidWithMultipleImpulses

===========================================================================================
----------------- testing Mon Apr 06 13:45:19 UTC 2020 /home/travis/build/icyphy/ptII/ptolemy/domains/continuous/test/auto/SquareWave.xml
----------------- Instantiating /home/travis/build/icyphy/ptII/ptolemy/domains/continuous/test/auto/SquareWave.xml
109 ms. Memory: 324608K Free: 214119K (66%)
----------------- Invoking toplevel() on ptolemy.moml.MoMLSimpleApplication@3bf54d3a
----------------- Done invoking toplevel() on ptolemy.moml.MoMLSimpleApplication@3bf54d3a
reloadAllAccessors: .SquareWave

===========================================================================================
----------------- testing Mon Apr 06 13:45:19 UTC 2020 /home/travis/build/icyphy/ptII/ptolemy/domains/continuous/test/auto/Starmac.xml
----------------- Instantiating /home/travis/build/icyphy/ptII/ptolemy/domains/continuous/test/auto/Starmac.xml
3085 ms. Memory: 324608K Free: 282198K (87%)
----------------- Invoking toplevel() on ptolemy.moml.MoMLSimpleApplication@762c6131
----------------- Done invoking toplevel() on ptolemy.moml.MoMLSimpleApplication@762c6131
reloadAllAccessors: .Starmac

===========================================================================================
----------------- testing Mon Apr 06 13:45:23 UTC 2020 /home/travis/build/icyphy/ptII/ptolemy/domains/continuous/test/auto/StaticUnits.xml
----------------- Instantiating /home/travis/build/icyphy/ptII/ptolemy/domains/continuous/test/auto/StaticUnits.xml
1651 ms. Memory: 324608K Free: 204857K (63%)
----------------- Invoking toplevel() on ptolemy.moml.MoMLSimpleApplication@2026efc8
----------------- Done invoking toplevel() on ptolemy.moml.MoMLSimpleApplication@2026efc8
reloadAllAccessors: .StaticUnits

===========================================================================================
----------------- testing Mon Apr 06 13:45:25 UTC 2020 /home/travis/build/icyphy/ptII/ptolemy/domains/continuous/test/auto/StickyMasses.xml
----------------- Instantiating /home/travis/build/icyphy/ptII/ptolemy/domains/continuous/test/auto/StickyMasses.xml
124 ms. Memory: 324608K Free: 155195K (48%)
----------------- Invoking toplevel() on ptolemy.moml.MoMLSimpleApplication@2de41b3f
----------------- Done invoking toplevel() on ptolemy.moml.MoMLSimpleApplication@2de41b3f
reloadAllAccessors: .StickyMasses

===========================================================================================
----------------- testing Mon Apr 06 13:45:25 UTC 2020 /home/travis/build/icyphy/ptII/ptolemy/domains/continuous/test/auto/StopTime.xml
----------------- Instantiating /home/travis/build/icyphy/ptII/ptolemy/domains/continuous/test/auto/StopTime.xml
35 ms. Memory: 324608K Free: 130619K (40%)
----------------- Invoking toplevel() on ptolemy.moml.MoMLSimpleApplication@63287501
----------------- Done invoking toplevel() on ptolemy.moml.MoMLSimpleApplication@63287501
reloadAllAccessors: .StopTime

===========================================================================================
----------------- testing Mon Apr 06 13:45:25 UTC 2020 /home/travis/build/icyphy/ptII/ptolemy/domains/continuous/test/auto/StopTime2.xml
----------------- Instantiating /home/travis/build/icyphy/ptII/ptolemy/domains/continuous/test/auto/StopTime2.xml
45 ms. Memory: 324608K Free: 298146K (92%)
----------------- Invoking toplevel() on ptolemy.moml.MoMLSimpleApplication@58bc2a19
----------------- Done invoking toplevel() on ptolemy.moml.MoMLSimpleApplication@58bc2a19
reloadAllAccessors: .StopTime2

===========================================================================================
----------------- testing Mon Apr 06 13:45:25 UTC 2020 /home/travis/build/icyphy/ptII/ptolemy/domains/continuous/test/auto/Switch.xml
----------------- Instantiating /home/travis/build/icyphy/ptII/ptolemy/domains/continuous/test/auto/Switch.xml
34 ms. Memory: 324608K Free: 272891K (84%)
----------------- Invoking toplevel() on ptolemy.moml.MoMLSimpleApplication@cb7dbbf
----------------- Done invoking toplevel() on ptolemy.moml.MoMLSimpleApplication@cb7dbbf
reloadAllAccessors: .Switch

===========================================================================================
----------------- testing Mon Apr 06 13:45:25 UTC 2020 /home/travis/build/icyphy/ptII/ptolemy/domains/continuous/test/auto/Thermostat.xml
----------------- Instantiating /home/travis/build/icyphy/ptII/ptolemy/domains/continuous/test/auto/Thermostat.xml
162 ms. Memory: 324608K Free: 200697K (62%)
----------------- Invoking toplevel() on ptolemy.moml.MoMLSimpleApplication@c6738d8
----------------- Done invoking toplevel() on ptolemy.moml.MoMLSimpleApplication@c6738d8
reloadAllAccessors: .Thermostat

===========================================================================================
----------------- testing Mon Apr 06 13:45:26 UTC 2020 /home/travis/build/icyphy/ptII/ptolemy/domains/continuous/test/auto/TimeDelay.xml
----------------- Instantiating /home/travis/build/icyphy/ptII/ptolemy/domains/continuous/test/auto/TimeDelay.xml
5 ms. Memory: 324608K Free: 196091K (60%)
----------------- Invoking toplevel() on ptolemy.moml.MoMLSimpleApplication@78029036
----------------- Done invoking toplevel() on ptolemy.moml.MoMLSimpleApplication@78029036
reloadAllAccessors: .TimeDelay

===========================================================================================
----------------- testing Mon Apr 06 13:45:26 UTC 2020 /home/travis/build/icyphy/ptII/ptolemy/domains/continuous/test/auto/TimeDelay2.xml
----------------- Instantiating /home/travis/build/icyphy/ptII/ptolemy/domains/continuous/test/auto/TimeDelay2.xml
6 ms. Memory: 324608K Free: 185851K (57%)
----------------- Invoking toplevel() on ptolemy.moml.MoMLSimpleApplication@e2d914a
----------------- Done invoking toplevel() on ptolemy.moml.MoMLSimpleApplication@e2d914a
reloadAllAccessors: .TimeDelay2

===========================================================================================
----------------- testing Mon Apr 06 13:45:26 UTC 2020 /home/travis/build/icyphy/ptII/ptolemy/domains/continuous/test/auto/TimeDelay3.xml
----------------- Instantiating /home/travis/build/icyphy/ptII/ptolemy/domains/continuous/test/auto/TimeDelay3.xml
2 ms. Memory: 324608K Free: 181227K (56%)
----------------- Invoking toplevel() on ptolemy.moml.MoMLSimpleApplication@4ee9fa65
----------------- Done invoking toplevel() on ptolemy.moml.MoMLSimpleApplication@4ee9fa65
reloadAllAccessors: .TimeDelay3

===========================================================================================
----------------- testing Mon Apr 06 13:45:26 UTC 2020 /home/travis/build/icyphy/ptII/ptolemy/domains/continuous/test/auto/TransferAbsentToInside.xml
----------------- Instantiating /home/travis/build/icyphy/ptII/ptolemy/domains/continuous/test/auto/TransferAbsentToInside.xml
27 ms. Memory: 324608K Free: 128507K (40%)
----------------- Invoking toplevel() on ptolemy.moml.MoMLSimpleApplication@6f54085b
----------------- Done invoking toplevel() on ptolemy.moml.MoMLSimpleApplication@6f54085b
reloadAllAccessors: .TransferAbsentToInside

===========================================================================================
----------------- testing Mon Apr 06 13:45:26 UTC 2020 /home/travis/build/icyphy/ptII/ptolemy/domains/continuous/test/auto/Transmission.xml
----------------- Instantiating /home/travis/build/icyphy/ptII/ptolemy/domains/continuous/test/auto/Transmission.xml
709 ms. Memory: 324608K Free: 274920K (85%)
----------------- Invoking toplevel() on ptolemy.moml.MoMLSimpleApplication@54ee14df
----------------- Done invoking toplevel() on ptolemy.moml.MoMLSimpleApplication@54ee14df
reloadAllAccessors: .Transmission

===========================================================================================
----------------- testing Mon Apr 06 13:45:26 UTC 2020 /home/travis/build/icyphy/ptII/ptolemy/domains/continuous/test/auto/TriggeredContinuousClock.xml
----------------- Instantiating /home/travis/build/icyphy/ptII/ptolemy/domains/continuous/test/auto/TriggeredContinuousClock.xml
35 ms. Memory: 324608K Free: 245224K (76%)
----------------- Invoking toplevel() on ptolemy.moml.MoMLSimpleApplication@7f378608
----------------- Done invoking toplevel() on ptolemy.moml.MoMLSimpleApplication@7f378608
reloadAllAccessors: .TriggeredContinuousClock

===========================================================================================
----------------- testing Mon Apr 06 13:45:26 UTC 2020 /home/travis/build/icyphy/ptII/ptolemy/domains/continuous/test/auto/TwoMachineInfiniteBusControl.xml
----------------- Instantiating /home/travis/build/icyphy/ptII/ptolemy/domains/continuous/test/auto/TwoMachineInfiniteBusControl.xml
2175 ms. Memory: 324608K Free: 236482K (73%)
----------------- Invoking toplevel() on ptolemy.moml.MoMLSimpleApplication@6125862e
----------------- Done invoking toplevel() on ptolemy.moml.MoMLSimpleApplication@6125862e
reloadAllAccessors: .TwoMachineInfiniteBusControl

===========================================================================================
----------------- testing Mon Apr 06 13:45:29 UTC 2020 /home/travis/build/icyphy/ptII/ptolemy/domains/continuous/test/auto/V2V.xml
----------------- Instantiating /home/travis/build/icyphy/ptII/ptolemy/domains/continuous/test/auto/V2V.xml
585 ms. Memory: 324608K Free: 237490K (73%)
----------------- Invoking toplevel() on ptolemy.moml.MoMLSimpleApplication@5d7d06cd
----------------- Done invoking toplevel() on ptolemy.moml.MoMLSimpleApplication@5d7d06cd
reloadAllAccessors: .V2V

===========================================================================================
----------------- testing Mon Apr 06 13:45:29 UTC 2020 /home/travis/build/icyphy/ptII/ptolemy/domains/continuous/test/auto/hierarchicalModalModel.xml
----------------- Instantiating /home/travis/build/icyphy/ptII/ptolemy/domains/continuous/test/auto/hierarchicalModalModel.xml
8 ms. Memory: 324608K Free: 223154K (69%)
----------------- Invoking toplevel() on ptolemy.moml.MoMLSimpleApplication@2ae5ace1
----------------- Done invoking toplevel() on ptolemy.moml.MoMLSimpleApplication@2ae5ace1
reloadAllAccessors: .hierarchicalModalModel

===========================================================================================
----------------- testing Mon Apr 06 13:45:29 UTC 2020 /home/travis/build/icyphy/ptII/ptolemy/domains/continuous/test/auto/hierarchicalModalModel1.xml
----------------- Instantiating /home/travis/build/icyphy/ptII/ptolemy/domains/continuous/test/auto/hierarchicalModalModel1.xml
8 ms. Memory: 324608K Free: 208304K (64%)
----------------- Invoking toplevel() on ptolemy.moml.MoMLSimpleApplication@12fea00f
----------------- Done invoking toplevel() on ptolemy.moml.MoMLSimpleApplication@12fea00f
reloadAllAccessors: .hierarchicalModalModel1

===========================================================================================
----------------- testing Mon Apr 06 13:45:29 UTC 2020 /home/travis/build/icyphy/ptII/ptolemy/domains/continuous/test/auto/hierarchicalModalModel2.xml
----------------- Instantiating /home/travis/build/icyphy/ptII/ptolemy/domains/continuous/test/auto/hierarchicalModalModel2.xml
10 ms. Memory: 324608K Free: 196001K (60%)
----------------- Invoking toplevel() on ptolemy.moml.MoMLSimpleApplication@deba1b
----------------- Done invoking toplevel() on ptolemy.moml.MoMLSimpleApplication@deba1b
reloadAllAccessors: .hierarchicalModalModel2

===========================================================================================
----------------- testing Mon Apr 06 13:45:30 UTC 2020 /home/travis/build/icyphy/ptII/ptolemy/domains/continuous/test/auto/hierarchicalModalModel3.xml
----------------- Instantiating /home/travis/build/icyphy/ptII/ptolemy/domains/continuous/test/auto/hierarchicalModalModel3.xml
5 ms. Memory: 324608K Free: 185266K (57%)
----------------- Invoking toplevel() on ptolemy.moml.MoMLSimpleApplication@4c031e3c
----------------- Done invoking toplevel() on ptolemy.moml.MoMLSimpleApplication@4c031e3c
reloadAllAccessors: .hierarchicalModalModel3

===========================================================================================
----------------- testing Mon Apr 06 13:45:30 UTC 2020 /home/travis/build/icyphy/ptII/ptolemy/domains/continuous/test/auto/hierarchicalModalModel4.xml
----------------- Instantiating /home/travis/build/icyphy/ptII/ptolemy/domains/continuous/test/auto/hierarchicalModalModel4.xml
4 ms. Memory: 324608K Free: 173488K (53%)
----------------- Invoking toplevel() on ptolemy.moml.MoMLSimpleApplication@21845938
----------------- Done invoking toplevel() on ptolemy.moml.MoMLSimpleApplication@21845938
reloadAllAccessors: .hierarchicalModalModel4

===========================================================================================
----------------- testing Mon Apr 06 13:45:30 UTC 2020 /home/travis/build/icyphy/ptII/ptolemy/domains/continuous/test/auto/junk.xml
----------------- Instantiating /home/travis/build/icyphy/ptII/ptolemy/domains/continuous/test/auto/junk.xml
104 ms. Memory: 324608K Free: 148402K (46%)
----------------- Invoking toplevel() on ptolemy.moml.MoMLSimpleApplication@766d9913
----------------- Done invoking toplevel() on ptolemy.moml.MoMLSimpleApplication@766d9913
reloadAllAccessors: .junk
AutoTests.java: About to close Vertx.
AutoTests.java: Vertx closed.
]]></system-out>
  <system-err><![CDATA[Warning: '.HysteresisWithRandomDelay.NonStrictTest3' The test produced only 15 tokens, yet the correctValues parameter was expecting 30 tokens.
Warning: '.IncreasingRatePoisson.NonStrictTest' The test produced only 390 tokens, yet the correctValues parameter was expecting 402 tokens.
Warning: '.Poisson.NonStrictTest' The test produced only 386 tokens, yet the correctValues parameter was expecting 430 tokens.
]]></system-err>
</testsuite>
