<?xml version="1.0" encoding="UTF-8" ?>
<testsuite errors="0" failures="0" hostname="travis-job-719bd372-ca45-4141-9b93-9080f3666dcd" name="ptolemy.domains.continuous.test.junit.JUnitTclTest" skipped="0" tests="155" time="75.896" timestamp="2018-06-09T20:03:45">
  <properties>
[...]
</properties>
  <testcase classname="ptolemy.util.test.junit.TclTests" name="[0] ThereAreNoTclTests (RunTclFile)" time="0.002" />
  <testcase classname="ptolemy.util.test.junit.AutoKnownFailedTests" name="[0] ThereAreNoKnowFailedTests (RunModel)" time="0.001" />
  <testcase classname="ptolemy.util.test.junit.AutoNameArchTests" name="[0] ThereAreNoAutoArchTests (RunModel)" time="0.0" />
  <testcase classname="ptolemy.util.test.junit.AutoTests" name="[0] /home/travis/build/icyphy/ptII/ptolemy/domains/continuous/test/auto/BouncingBall.xml (RunModel)" time="2.935" />
  <testcase classname="ptolemy.util.test.junit.AutoTests" name="[1] /home/travis/build/icyphy/ptII/ptolemy/domains/continuous/test/auto/BouncingBallWithoutGR.xml (RunModel)" time="0.87" />
  <testcase classname="ptolemy.util.test.junit.AutoTests" name="[2] /home/travis/build/icyphy/ptII/ptolemy/domains/continuous/test/auto/Brownian.xml (RunModel)" time="0.13" />
  <testcase classname="ptolemy.util.test.junit.AutoTests" name="[3] /home/travis/build/icyphy/ptII/ptolemy/domains/continuous/test/auto/CarTracking.xml (RunModel)" time="4.017" />
  <testcase classname="ptolemy.util.test.junit.AutoTests" name="[4] /home/travis/build/icyphy/ptII/ptolemy/domains/continuous/test/auto/CartPendulum.xml (RunModel)" time="0.564" />
  <testcase classname="ptolemy.util.test.junit.AutoTests" name="[5] /home/travis/build/icyphy/ptII/ptolemy/domains/continuous/test/auto/CausalityInterface10.xml (RunModel)" time="0.064" />
  <testcase classname="ptolemy.util.test.junit.AutoTests" name="[6] /home/travis/build/icyphy/ptII/ptolemy/domains/continuous/test/auto/CausalityInterface11.xml (RunModel)" time="0.041" />
  <testcase classname="ptolemy.util.test.junit.AutoTests" name="[7] /home/travis/build/icyphy/ptII/ptolemy/domains/continuous/test/auto/CausalityInterface12.xml (RunModel)" time="0.043" />
  <testcase classname="ptolemy.util.test.junit.AutoTests" name="[8] /home/travis/build/icyphy/ptII/ptolemy/domains/continuous/test/auto/CausalityInterface13.xml (RunModel)" time="0.043" />
  <testcase classname="ptolemy.util.test.junit.AutoTests" name="[9] /home/travis/build/icyphy/ptII/ptolemy/domains/continuous/test/auto/CausalityInterface14.xml (RunModel)" time="0.029" />
  <testcase classname="ptolemy.util.test.junit.AutoTests" name="[10] /home/travis/build/icyphy/ptII/ptolemy/domains/continuous/test/auto/CausalityInterface4.xml (RunModel)" time="0.035" />
  <testcase classname="ptolemy.util.test.junit.AutoTests" name="[11] /home/travis/build/icyphy/ptII/ptolemy/domains/continuous/test/auto/CausalityInterface5.xml (RunModel)" time="0.047" />
  <testcase classname="ptolemy.util.test.junit.AutoTests" name="[12] /home/travis/build/icyphy/ptII/ptolemy/domains/continuous/test/auto/CausalityInterface6.xml (RunModel)" time="0.034" />
  <testcase classname="ptolemy.util.test.junit.AutoTests" name="[13] /home/travis/build/icyphy/ptII/ptolemy/domains/continuous/test/auto/CausalityInterface7.xml (RunModel)" time="0.044" />
  <testcase classname="ptolemy.util.test.junit.AutoTests" name="[14] /home/travis/build/icyphy/ptII/ptolemy/domains/continuous/test/auto/CausalityInterface8.xml (RunModel)" time="0.033" />
  <testcase classname="ptolemy.util.test.junit.AutoTests" name="[15] /home/travis/build/icyphy/ptII/ptolemy/domains/continuous/test/auto/CausalityInterface9.xml (RunModel)" time="0.046" />
  <testcase classname="ptolemy.util.test.junit.AutoTests" name="[16] /home/travis/build/icyphy/ptII/ptolemy/domains/continuous/test/auto/CausalityInterfaceFeedback1.xml (RunModel)" time="0.029" />
  <testcase classname="ptolemy.util.test.junit.AutoTests" name="[17] /home/travis/build/icyphy/ptII/ptolemy/domains/continuous/test/auto/CausalityInterfaceFeedback2.xml (RunModel)" time="0.024" />
  <testcase classname="ptolemy.util.test.junit.AutoTests" name="[18] /home/travis/build/icyphy/ptII/ptolemy/domains/continuous/test/auto/CompareWithCurrentTime.xml (RunModel)" time="0.018" />
  <testcase classname="ptolemy.util.test.junit.AutoTests" name="[19] /home/travis/build/icyphy/ptII/ptolemy/domains/continuous/test/auto/ComparedClocks.xml (RunModel)" time="0.084" />
  <testcase classname="ptolemy.util.test.junit.AutoTests" name="[20] /home/travis/build/icyphy/ptII/ptolemy/domains/continuous/test/auto/ContinuousAOCClone.xml (RunModel)" time="2.588" />
  <testcase classname="ptolemy.util.test.junit.AutoTests" name="[21] /home/travis/build/icyphy/ptII/ptolemy/domains/continuous/test/auto/ContinuousClock.xml (RunModel)" time="0.114" />
  <testcase classname="ptolemy.util.test.junit.AutoTests" name="[22] /home/travis/build/icyphy/ptII/ptolemy/domains/continuous/test/auto/ContinuousInContinuous.xml (RunModel)" time="0.094" />
  <testcase classname="ptolemy.util.test.junit.AutoTests" name="[23] /home/travis/build/icyphy/ptII/ptolemy/domains/continuous/test/auto/ContinuousInContinuousInContinuous.xml (RunModel)" time="0.032" />
  <testcase classname="ptolemy.util.test.junit.AutoTests" name="[24] /home/travis/build/icyphy/ptII/ptolemy/domains/continuous/test/auto/ContinuousInDE.xml (RunModel)" time="0.152" />
  <testcase classname="ptolemy.util.test.junit.AutoTests" name="[25] /home/travis/build/icyphy/ptII/ptolemy/domains/continuous/test/auto/ContinuousInDE2.xml (RunModel)" time="0.064" />
  <testcase classname="ptolemy.util.test.junit.AutoTests" name="[26] /home/travis/build/icyphy/ptII/ptolemy/domains/continuous/test/auto/ContinuousInDE3.xml (RunModel)" time="0.055" />
  <testcase classname="ptolemy.util.test.junit.AutoTests" name="[27] /home/travis/build/icyphy/ptII/ptolemy/domains/continuous/test/auto/ContinuousInDE4.xml (RunModel)" time="0.037" />
  <testcase classname="ptolemy.util.test.junit.AutoTests" name="[28] /home/travis/build/icyphy/ptII/ptolemy/domains/continuous/test/auto/ContinuousInDEDifferentRefinements.xml (RunModel)" time="0.119" />
  <testcase classname="ptolemy.util.test.junit.AutoTests" name="[29] /home/travis/build/icyphy/ptII/ptolemy/domains/continuous/test/auto/ContinuousInDEDifferentRefinementsPreemptive.xml (RunModel)" time="0.112" />
  <testcase classname="ptolemy.util.test.junit.AutoTests" name="[30] /home/travis/build/icyphy/ptII/ptolemy/domains/continuous/test/auto/ContinuousInDEInContinuous2.xml (RunModel)" time="0.066" />
  <testcase classname="ptolemy.util.test.junit.AutoTests" name="[31] /home/travis/build/icyphy/ptII/ptolemy/domains/continuous/test/auto/ContinuousInDEInContinuous3.xml (RunModel)" time="0.061" />
  <testcase classname="ptolemy.util.test.junit.AutoTests" name="[32] /home/travis/build/icyphy/ptII/ptolemy/domains/continuous/test/auto/ContinuousInDEInput.xml (RunModel)" time="0.033" />
  <testcase classname="ptolemy.util.test.junit.AutoTests" name="[33] /home/travis/build/icyphy/ptII/ptolemy/domains/continuous/test/auto/ContinuousInDEInput2.xml (RunModel)" time="0.029" />
  <testcase classname="ptolemy.util.test.junit.AutoTests" name="[34] /home/travis/build/icyphy/ptII/ptolemy/domains/continuous/test/auto/ContinuousInDEInput3.xml (RunModel)" time="0.034" />
  <testcase classname="ptolemy.util.test.junit.AutoTests" name="[35] /home/travis/build/icyphy/ptII/ptolemy/domains/continuous/test/auto/ContinuousInDESharingRefinement.xml (RunModel)" time="0.202" />
  <testcase classname="ptolemy.util.test.junit.AutoTests" name="[36] /home/travis/build/icyphy/ptII/ptolemy/domains/continuous/test/auto/ContinuousInDEwithNoPorts.xml (RunModel)" time="0.022" />
  <testcase classname="ptolemy.util.test.junit.AutoTests" name="[37] /home/travis/build/icyphy/ptII/ptolemy/domains/continuous/test/auto/ContinuousInsideDE.xml (RunModel)" time="0.095" />
  <testcase classname="ptolemy.util.test.junit.AutoTests" name="[38] /home/travis/build/icyphy/ptII/ptolemy/domains/continuous/test/auto/ContinuousMerge1.xml (RunModel)" time="0.017" />
  <testcase classname="ptolemy.util.test.junit.AutoTests" name="[39] /home/travis/build/icyphy/ptII/ptolemy/domains/continuous/test/auto/ContinuousMerge2.xml (RunModel)" time="0.056" />
  <testcase classname="ptolemy.util.test.junit.AutoTests" name="[40] /home/travis/build/icyphy/ptII/ptolemy/domains/continuous/test/auto/ContinuousMerge3.xml (RunModel)" time="0.072" />
  <testcase classname="ptolemy.util.test.junit.AutoTests" name="[41] /home/travis/build/icyphy/ptII/ptolemy/domains/continuous/test/auto/ContinuousWithinContinuous.xml (RunModel)" time="0.064" />
  <testcase classname="ptolemy.util.test.junit.AutoTests" name="[42] /home/travis/build/icyphy/ptII/ptolemy/domains/continuous/test/auto/ContinuousWithinContinuous2.xml (RunModel)" time="0.085" />
  <testcase classname="ptolemy.util.test.junit.AutoTests" name="[43] /home/travis/build/icyphy/ptII/ptolemy/domains/continuous/test/auto/ContinuousWithinContinuous3.xml (RunModel)" time="0.038" />
  <testcase classname="ptolemy.util.test.junit.AutoTests" name="[44] /home/travis/build/icyphy/ptII/ptolemy/domains/continuous/test/auto/ContinuousWithinContinuous4.xml (RunModel)" time="0.091" />
  <testcase classname="ptolemy.util.test.junit.AutoTests" name="[45] /home/travis/build/icyphy/ptII/ptolemy/domains/continuous/test/auto/ContinuousWithinContinuous5.xml (RunModel)" time="0.031" />
  <testcase classname="ptolemy.util.test.junit.AutoTests" name="[46] /home/travis/build/icyphy/ptII/ptolemy/domains/continuous/test/auto/ContinuousWithinContinuous6.xml (RunModel)" time="0.03" />
  <testcase classname="ptolemy.util.test.junit.AutoTests" name="[47] /home/travis/build/icyphy/ptII/ptolemy/domains/continuous/test/auto/ContinuousWithinContinuous7.xml (RunModel)" time="0.074" />
  <testcase classname="ptolemy.util.test.junit.AutoTests" name="[48] /home/travis/build/icyphy/ptII/ptolemy/domains/continuous/test/auto/DCMotor.xml (RunModel)" time="15.565" />
  <testcase classname="ptolemy.util.test.junit.AutoTests" name="[49] /home/travis/build/icyphy/ptII/ptolemy/domains/continuous/test/auto/DEInContinuous.xml (RunModel)" time="0.035" />
  <testcase classname="ptolemy.util.test.junit.AutoTests" name="[50] /home/travis/build/icyphy/ptII/ptolemy/domains/continuous/test/auto/DEinContinuous2.xml (RunModel)" time="0.043" />
  <testcase classname="ptolemy.util.test.junit.AutoTests" name="[51] /home/travis/build/icyphy/ptII/ptolemy/domains/continuous/test/auto/Derivative.xml (RunModel)" time="0.23" />
  <testcase classname="ptolemy.util.test.junit.AutoTests" name="[52] /home/travis/build/icyphy/ptII/ptolemy/domains/continuous/test/auto/Derivative1.xml (RunModel)" time="0.062" />
  <testcase classname="ptolemy.util.test.junit.AutoTests" name="[53] /home/travis/build/icyphy/ptII/ptolemy/domains/continuous/test/auto/DiscreteClock.xml (RunModel)" time="0.029" />
  <testcase classname="ptolemy.util.test.junit.AutoTests" name="[54] /home/travis/build/icyphy/ptII/ptolemy/domains/continuous/test/auto/EfficiencyCurve.xml (RunModel)" time="0.093" />
  <testcase classname="ptolemy.util.test.junit.AutoTests" name="[55] /home/travis/build/icyphy/ptII/ptolemy/domains/continuous/test/auto/ExponentialResponse.xml (RunModel)" time="0.136" />
  <testcase classname="ptolemy.util.test.junit.AutoTests" name="[56] /home/travis/build/icyphy/ptII/ptolemy/domains/continuous/test/auto/ExponentialResponseRK45.xml (RunModel)" time="0.037" />
  <testcase classname="ptolemy.util.test.junit.AutoTests" name="[57] /home/travis/build/icyphy/ptII/ptolemy/domains/continuous/test/auto/Friction.xml (RunModel)" time="1.601" />
  <testcase classname="ptolemy.util.test.junit.AutoTests" name="[58] /home/travis/build/icyphy/ptII/ptolemy/domains/continuous/test/auto/FurutaPendulum.xml (RunModel)" time="2.934" />
  <testcase classname="ptolemy.util.test.junit.AutoTests" name="[59] /home/travis/build/icyphy/ptII/ptolemy/domains/continuous/test/auto/HierarchicalExecution.xml (RunModel)" time="1.948" />
  <testcase classname="ptolemy.util.test.junit.AutoTests" name="[60] /home/travis/build/icyphy/ptII/ptolemy/domains/continuous/test/auto/HybridPlant.xml (RunModel)" time="0.677" />
  <testcase classname="ptolemy.util.test.junit.AutoTests" name="[61] /home/travis/build/icyphy/ptII/ptolemy/domains/continuous/test/auto/Hysteresis.xml (RunModel)" time="0.2" />
  <testcase classname="ptolemy.util.test.junit.AutoTests" name="[62] /home/travis/build/icyphy/ptII/ptolemy/domains/continuous/test/auto/HysteresisWithRandomDelay.xml (RunModel)" time="0.238" />
  <testcase classname="ptolemy.util.test.junit.AutoTests" name="[63] /home/travis/build/icyphy/ptII/ptolemy/domains/continuous/test/auto/HysteresisWithRandomLosses.xml (RunModel)" time="2.422" />
  <testcase classname="ptolemy.util.test.junit.AutoTests" name="[64] /home/travis/build/icyphy/ptII/ptolemy/domains/continuous/test/auto/ImmediateTransitions.xml (RunModel)" time="0.036" />
  <testcase classname="ptolemy.util.test.junit.AutoTests" name="[65] /home/travis/build/icyphy/ptII/ptolemy/domains/continuous/test/auto/ImpulseFeedback.xml (RunModel)" time="0.017" />
  <testcase classname="ptolemy.util.test.junit.AutoTests" name="[66] /home/travis/build/icyphy/ptII/ptolemy/domains/continuous/test/auto/ImpulseFeedback2.xml (RunModel)" time="0.016" />
  <testcase classname="ptolemy.util.test.junit.AutoTests" name="[67] /home/travis/build/icyphy/ptII/ptolemy/domains/continuous/test/auto/IncreasingRatePoisson.xml (RunModel)" time="0.699" />
  <testcase classname="ptolemy.util.test.junit.AutoTests" name="[68] /home/travis/build/icyphy/ptII/ptolemy/domains/continuous/test/auto/InitialStateFeedback.xml (RunModel)" time="0.031" />
  <testcase classname="ptolemy.util.test.junit.AutoTests" name="[69] /home/travis/build/icyphy/ptII/ptolemy/domains/continuous/test/auto/Integration.xml (RunModel)" time="0.01" />
  <testcase classname="ptolemy.util.test.junit.AutoTests" name="[70] /home/travis/build/icyphy/ptII/ptolemy/domains/continuous/test/auto/Integration2.xml (RunModel)" time="0.106" />
  <testcase classname="ptolemy.util.test.junit.AutoTests" name="[71] /home/travis/build/icyphy/ptII/ptolemy/domains/continuous/test/auto/Integration3.xml (RunModel)" time="0.025" />
  <testcase classname="ptolemy.util.test.junit.AutoTests" name="[72] /home/travis/build/icyphy/ptII/ptolemy/domains/continuous/test/auto/Integration5.xml (RunModel)" time="0.011" />
  <testcase classname="ptolemy.util.test.junit.AutoTests" name="[73] /home/travis/build/icyphy/ptII/ptolemy/domains/continuous/test/auto/IntegratorImpulse.xml (RunModel)" time="0.01" />
  <testcase classname="ptolemy.util.test.junit.AutoTests" name="[74] /home/travis/build/icyphy/ptII/ptolemy/domains/continuous/test/auto/IntegratorImpulse2.xml (RunModel)" time="0.013" />
  <testcase classname="ptolemy.util.test.junit.AutoTests" name="[75] /home/travis/build/icyphy/ptII/ptolemy/domains/continuous/test/auto/LevelCrossing1.xml (RunModel)" time="0.012" />
  <testcase classname="ptolemy.util.test.junit.AutoTests" name="[76] /home/travis/build/icyphy/ptII/ptolemy/domains/continuous/test/auto/LevelCrossing2.xml (RunModel)" time="0.014" />
  <testcase classname="ptolemy.util.test.junit.AutoTests" name="[77] /home/travis/build/icyphy/ptII/ptolemy/domains/continuous/test/auto/LevelCrossing3.xml (RunModel)" time="0.012" />
  <testcase classname="ptolemy.util.test.junit.AutoTests" name="[78] /home/travis/build/icyphy/ptII/ptolemy/domains/continuous/test/auto/LevelCrossing4.xml (RunModel)" time="0.013" />
  <testcase classname="ptolemy.util.test.junit.AutoTests" name="[79] /home/travis/build/icyphy/ptII/ptolemy/domains/continuous/test/auto/LevelCrossing5.xml (RunModel)" time="0.013" />
  <testcase classname="ptolemy.util.test.junit.AutoTests" name="[80] /home/travis/build/icyphy/ptII/ptolemy/domains/continuous/test/auto/LevelCrossing6.xml (RunModel)" time="0.017" />
  <testcase classname="ptolemy.util.test.junit.AutoTests" name="[81] /home/travis/build/icyphy/ptII/ptolemy/domains/continuous/test/auto/LevelCrossingDetector.xml (RunModel)" time="0.044" />
  <testcase classname="ptolemy.util.test.junit.AutoTests" name="[82] /home/travis/build/icyphy/ptII/ptolemy/domains/continuous/test/auto/LevelCrossingDetectorDetectingDirections.xml (RunModel)" time="0.093" />
  <testcase classname="ptolemy.util.test.junit.AutoTests" name="[83] /home/travis/build/icyphy/ptII/ptolemy/domains/continuous/test/auto/LevelCrossingDetectorDetectsGlitches.xml (RunModel)" time="0.061" />
  <testcase classname="ptolemy.util.test.junit.AutoTests" name="[84] /home/travis/build/icyphy/ptII/ptolemy/domains/continuous/test/auto/LevelCrossingNoInitialOuput.xml (RunModel)" time="0.018" />
  <testcase classname="ptolemy.util.test.junit.AutoTests" name="[85] /home/travis/build/icyphy/ptII/ptolemy/domains/continuous/test/auto/LinearStateSpaceExample.xml (RunModel)" time="0.035" />
  <testcase classname="ptolemy.util.test.junit.AutoTests" name="[86] /home/travis/build/icyphy/ptII/ptolemy/domains/continuous/test/auto/Lorenz.xml (RunModel)" time="4.08" />
  <testcase classname="ptolemy.util.test.junit.AutoTests" name="[87] /home/travis/build/icyphy/ptII/ptolemy/domains/continuous/test/auto/LorenzDifferentialSystem.xml (RunModel)" time="1.311" />
  <testcase classname="ptolemy.util.test.junit.AutoTests" name="[88] /home/travis/build/icyphy/ptII/ptolemy/domains/continuous/test/auto/LorenzDifferentialSystemWithInput.xml (RunModel)" time="1.289" />
  <testcase classname="ptolemy.util.test.junit.AutoTests" name="[89] /home/travis/build/icyphy/ptII/ptolemy/domains/continuous/test/auto/LorenzDifferentialSystemWithTime.xml (RunModel)" time="0.69" />
  <testcase classname="ptolemy.util.test.junit.AutoTests" name="[90] /home/travis/build/icyphy/ptII/ptolemy/domains/continuous/test/auto/Microsteps.xml (RunModel)" time="0.019" />
  <testcase classname="ptolemy.util.test.junit.AutoTests" name="[91] /home/travis/build/icyphy/ptII/ptolemy/domains/continuous/test/auto/Modal1.xml (RunModel)" time="0.04" />
  <testcase classname="ptolemy.util.test.junit.AutoTests" name="[92] /home/travis/build/icyphy/ptII/ptolemy/domains/continuous/test/auto/Modal2.xml (RunModel)" time="0.062" />
  <testcase classname="ptolemy.util.test.junit.AutoTests" name="[93] /home/travis/build/icyphy/ptII/ptolemy/domains/continuous/test/auto/ModalTransitionGuardWithReset.xml (RunModel)" time="0.028" />
  <testcase classname="ptolemy.util.test.junit.AutoTests" name="[94] /home/travis/build/icyphy/ptII/ptolemy/domains/continuous/test/auto/ModalTransitionGuardWithResetUsingPreemptiveTransition.xml (RunModel)" time="0.033" />
  <testcase classname="ptolemy.util.test.junit.AutoTests" name="[95] /home/travis/build/icyphy/ptII/ptolemy/domains/continuous/test/auto/ModalTransitionGuardWithResetUsingPreemptiveTransition2.xml (RunModel)" time="0.043" />
  <testcase classname="ptolemy.util.test.junit.AutoTests" name="[96] /home/travis/build/icyphy/ptII/ptolemy/domains/continuous/test/auto/ModalTransitionGuardWithResetUsingPreemptiveTransition3.xml (RunModel)" time="0.026" />
  <testcase classname="ptolemy.util.test.junit.AutoTests" name="[97] /home/travis/build/icyphy/ptII/ptolemy/domains/continuous/test/auto/NewtonsCradle.xml (RunModel)" time="0.782" />
  <testcase classname="ptolemy.util.test.junit.AutoTests" name="[98] /home/travis/build/icyphy/ptII/ptolemy/domains/continuous/test/auto/NewtonsCradleAnimated.xml (RunModel)" time="1.194" />
  <testcase classname="ptolemy.util.test.junit.AutoTests" name="[99] /home/travis/build/icyphy/ptII/ptolemy/domains/continuous/test/auto/NewtonsCradleComplicated.xml (RunModel)" time="0.945" />
  <testcase classname="ptolemy.util.test.junit.AutoTests" name="[100] /home/travis/build/icyphy/ptII/ptolemy/domains/continuous/test/auto/NewtonsCradleNondeterministic.xml (RunModel)" time="0.715" />
  <testcase classname="ptolemy.util.test.junit.AutoTests" name="[101] /home/travis/build/icyphy/ptII/ptolemy/domains/continuous/test/auto/NewtonsCradlePerfectlyInelastic1.xml (RunModel)" time="1.178" />
  <testcase classname="ptolemy.util.test.junit.AutoTests" name="[102] /home/travis/build/icyphy/ptII/ptolemy/domains/continuous/test/auto/Noise.xml (RunModel)" time="0.186" />
  <testcase classname="ptolemy.util.test.junit.AutoTests" name="[103] /home/travis/build/icyphy/ptII/ptolemy/domains/continuous/test/auto/NoiseSpectrum.xml (RunModel)" time="0.827" />
  <testcase classname="ptolemy.util.test.junit.AutoTests" name="[104] /home/travis/build/icyphy/ptII/ptolemy/domains/continuous/test/auto/ParameterizedNewtonsCradleAnimated.xml (RunModel)" time="0.359" />
  <testcase classname="ptolemy.util.test.junit.AutoTests" name="[105] /home/travis/build/icyphy/ptII/ptolemy/domains/continuous/test/auto/ParameterizedNewtonsCradleAnimatedNondeterministic.xml (RunModel)" time="1.177" />
  <testcase classname="ptolemy.util.test.junit.AutoTests" name="[106] /home/travis/build/icyphy/ptII/ptolemy/domains/continuous/test/auto/Pendulum3D.xml (RunModel)" time="0.187" />
  <testcase classname="ptolemy.util.test.junit.AutoTests" name="[107] /home/travis/build/icyphy/ptII/ptolemy/domains/continuous/test/auto/PeriodicSampler.xml (RunModel)" time="0.01" />
  <testcase classname="ptolemy.util.test.junit.AutoTests" name="[108] /home/travis/build/icyphy/ptII/ptolemy/domains/continuous/test/auto/PeriodicSampler1.xml (RunModel)" time="0.048" />
  <testcase classname="ptolemy.util.test.junit.AutoTests" name="[109] /home/travis/build/icyphy/ptII/ptolemy/domains/continuous/test/auto/PeriodicSampler2.xml (RunModel)" time="0.075" />
  <testcase classname="ptolemy.util.test.junit.AutoTests" name="[110] /home/travis/build/icyphy/ptII/ptolemy/domains/continuous/test/auto/Poisson.xml (RunModel)" time="0.509" />
  <testcase classname="ptolemy.util.test.junit.AutoTests" name="[111] /home/travis/build/icyphy/ptII/ptolemy/domains/continuous/test/auto/PoissonClock.xml (RunModel)" time="0.013" />
  <testcase classname="ptolemy.util.test.junit.AutoTests" name="[112] /home/travis/build/icyphy/ptII/ptolemy/domains/continuous/test/auto/PoissonClock2.xml (RunModel)" time="0.014" />
  <testcase classname="ptolemy.util.test.junit.AutoTests" name="[113] /home/travis/build/icyphy/ptII/ptolemy/domains/continuous/test/auto/PortParameterHierarchy.xml (RunModel)" time="0.017" />
  <testcase classname="ptolemy.util.test.junit.AutoTests" name="[114] /home/travis/build/icyphy/ptII/ptolemy/domains/continuous/test/auto/RandomHybridPlant.xml (RunModel)" time="0.577" />
  <testcase classname="ptolemy.util.test.junit.AutoTests" name="[115] /home/travis/build/icyphy/ptII/ptolemy/domains/continuous/test/auto/ResetTransitionWithStartTime1.xml (RunModel)" time="0.03" />
  <testcase classname="ptolemy.util.test.junit.AutoTests" name="[116] /home/travis/build/icyphy/ptII/ptolemy/domains/continuous/test/auto/ResetTransitionWithStartTime2.xml (RunModel)" time="0.043" />
  <testcase classname="ptolemy.util.test.junit.AutoTests" name="[117] /home/travis/build/icyphy/ptII/ptolemy/domains/continuous/test/auto/ResetTransitionWithStartTime3.xml (RunModel)" time="0.041" />
  <testcase classname="ptolemy.util.test.junit.AutoTests" name="[118] /home/travis/build/icyphy/ptII/ptolemy/domains/continuous/test/auto/ResetTransitionWithStartTime4.xml (RunModel)" time="0.029" />
  <testcase classname="ptolemy.util.test.junit.AutoTests" name="[119] /home/travis/build/icyphy/ptII/ptolemy/domains/continuous/test/auto/ResetTransitionWithStartTime5.xml (RunModel)" time="0.038" />
  <testcase classname="ptolemy.util.test.junit.AutoTests" name="[120] /home/travis/build/icyphy/ptII/ptolemy/domains/continuous/test/auto/ResetTransitionWithStartTime6.xml (RunModel)" time="0.036" />
  <testcase classname="ptolemy.util.test.junit.AutoTests" name="[121] /home/travis/build/icyphy/ptII/ptolemy/domains/continuous/test/auto/SRinContinuous.xml (RunModel)" time="0.026" />
  <testcase classname="ptolemy.util.test.junit.AutoTests" name="[122] /home/travis/build/icyphy/ptII/ptolemy/domains/continuous/test/auto/SampledClocks.xml (RunModel)" time="0.04" />
  <testcase classname="ptolemy.util.test.junit.AutoTests" name="[123] /home/travis/build/icyphy/ptII/ptolemy/domains/continuous/test/auto/Satellite.xml (RunModel)" time="0.856" />
  <testcase classname="ptolemy.util.test.junit.AutoTests" name="[124] /home/travis/build/icyphy/ptII/ptolemy/domains/continuous/test/auto/SigmaDelta.xml (RunModel)" time="2.385" />
  <testcase classname="ptolemy.util.test.junit.AutoTests" name="[125] /home/travis/build/icyphy/ptII/ptolemy/domains/continuous/test/auto/SinuBouncingBall.xml (RunModel)" time="0.734" />
  <testcase classname="ptolemy.util.test.junit.AutoTests" name="[126] /home/travis/build/icyphy/ptII/ptolemy/domains/continuous/test/auto/Sinusoid.xml (RunModel)" time="0.013" />
  <testcase classname="ptolemy.util.test.junit.AutoTests" name="[127] /home/travis/build/icyphy/ptII/ptolemy/domains/continuous/test/auto/SinusoidInNoise.xml (RunModel)" time="0.864" />
  <testcase classname="ptolemy.util.test.junit.AutoTests" name="[128] /home/travis/build/icyphy/ptII/ptolemy/domains/continuous/test/auto/SinusoidRK45.xml (RunModel)" time="0.01" />
  <testcase classname="ptolemy.util.test.junit.AutoTests" name="[129] /home/travis/build/icyphy/ptII/ptolemy/domains/continuous/test/auto/SinusoidWithMultipleImpulses.xml (RunModel)" time="0.063" />
  <testcase classname="ptolemy.util.test.junit.AutoTests" name="[130] /home/travis/build/icyphy/ptII/ptolemy/domains/continuous/test/auto/SquareWave.xml (RunModel)" time="0.181" />
  <testcase classname="ptolemy.util.test.junit.AutoTests" name="[131] /home/travis/build/icyphy/ptII/ptolemy/domains/continuous/test/auto/Starmac.xml (RunModel)" time="3.42" />
  <testcase classname="ptolemy.util.test.junit.AutoTests" name="[132] /home/travis/build/icyphy/ptII/ptolemy/domains/continuous/test/auto/StaticUnits.xml (RunModel)" time="2.955" />
  <testcase classname="ptolemy.util.test.junit.AutoTests" name="[133] /home/travis/build/icyphy/ptII/ptolemy/domains/continuous/test/auto/StickyMasses.xml (RunModel)" time="0.2" />
  <testcase classname="ptolemy.util.test.junit.AutoTests" name="[134] /home/travis/build/icyphy/ptII/ptolemy/domains/continuous/test/auto/StopTime.xml (RunModel)" time="0.065" />
  <testcase classname="ptolemy.util.test.junit.AutoTests" name="[135] /home/travis/build/icyphy/ptII/ptolemy/domains/continuous/test/auto/StopTime2.xml (RunModel)" time="0.065" />
  <testcase classname="ptolemy.util.test.junit.AutoTests" name="[136] /home/travis/build/icyphy/ptII/ptolemy/domains/continuous/test/auto/Switch.xml (RunModel)" time="0.08" />
  <testcase classname="ptolemy.util.test.junit.AutoTests" name="[137] /home/travis/build/icyphy/ptII/ptolemy/domains/continuous/test/auto/Thermostat.xml (RunModel)" time="0.263" />
  <testcase classname="ptolemy.util.test.junit.AutoTests" name="[138] /home/travis/build/icyphy/ptII/ptolemy/domains/continuous/test/auto/TimeDelay.xml (RunModel)" time="0.015" />
  <testcase classname="ptolemy.util.test.junit.AutoTests" name="[139] /home/travis/build/icyphy/ptII/ptolemy/domains/continuous/test/auto/TimeDelay2.xml (RunModel)" time="0.034" />
  <testcase classname="ptolemy.util.test.junit.AutoTests" name="[140] /home/travis/build/icyphy/ptII/ptolemy/domains/continuous/test/auto/TimeDelay3.xml (RunModel)" time="0.015" />
  <testcase classname="ptolemy.util.test.junit.AutoTests" name="[141] /home/travis/build/icyphy/ptII/ptolemy/domains/continuous/test/auto/TransferAbsentToInside.xml (RunModel)" time="0.171" />
  <testcase classname="ptolemy.util.test.junit.AutoTests" name="[142] /home/travis/build/icyphy/ptII/ptolemy/domains/continuous/test/auto/Transmission.xml (RunModel)" time="0.957" />
  <testcase classname="ptolemy.util.test.junit.AutoTests" name="[143] /home/travis/build/icyphy/ptII/ptolemy/domains/continuous/test/auto/TriggeredContinuousClock.xml (RunModel)" time="0.079" />
  <testcase classname="ptolemy.util.test.junit.AutoTests" name="[144] /home/travis/build/icyphy/ptII/ptolemy/domains/continuous/test/auto/TwoMachineInfiniteBusControl.xml (RunModel)" time="2.574" />
  <testcase classname="ptolemy.util.test.junit.AutoTests" name="[145] /home/travis/build/icyphy/ptII/ptolemy/domains/continuous/test/auto/V2V.xml (RunModel)" time="0.837" />
  <testcase classname="ptolemy.util.test.junit.AutoTests" name="[146] /home/travis/build/icyphy/ptII/ptolemy/domains/continuous/test/auto/hierarchicalModalModel.xml (RunModel)" time="0.042" />
  <testcase classname="ptolemy.util.test.junit.AutoTests" name="[147] /home/travis/build/icyphy/ptII/ptolemy/domains/continuous/test/auto/hierarchicalModalModel1.xml (RunModel)" time="0.037" />
  <testcase classname="ptolemy.util.test.junit.AutoTests" name="[148] /home/travis/build/icyphy/ptII/ptolemy/domains/continuous/test/auto/hierarchicalModalModel2.xml (RunModel)" time="0.029" />
  <testcase classname="ptolemy.util.test.junit.AutoTests" name="[149] /home/travis/build/icyphy/ptII/ptolemy/domains/continuous/test/auto/hierarchicalModalModel3.xml (RunModel)" time="0.027" />
  <testcase classname="ptolemy.util.test.junit.AutoTests" name="[150] /home/travis/build/icyphy/ptII/ptolemy/domains/continuous/test/auto/hierarchicalModalModel4.xml (RunModel)" time="0.032" />
  <testcase classname="ptolemy.util.test.junit.AutoTests" name="[151] /home/travis/build/icyphy/ptII/ptolemy/domains/continuous/test/auto/junk.xml (RunModel)" time="0.146" />
  <system-out><![CDATA[No tcl tests in /home/travis/build/icyphy/ptII/ptolemy/domains/continuous/test
No auto/knownFailedTests/*.xml tests in /home/travis/build/icyphy/ptII/ptolemy/domains/continuous/test
No auto/linux-amd64/*.xml tests in /home/travis/build/icyphy/ptII/ptolemy/domains/continuous/test
AutoTests.java: About to close Vertx.
AutoTests.java: Vertx closed.

===========================================================================================
----------------- testing Sat Jun 09 20:03:46 UTC 2018 /home/travis/build/icyphy/ptII/ptolemy/domains/continuous/test/auto/BouncingBall.xml
----------------- Instantiating /home/travis/build/icyphy/ptII/ptolemy/domains/continuous/test/auto/BouncingBall.xml
2454 ms. Memory: 331264K Free: 321920K (97%)
----------------- Invoking toplevel() on ptolemy.moml.MoMLSimpleApplication@5fce5609
----------------- Done invoking toplevel() on ptolemy.moml.MoMLSimpleApplication@5fce5609
reloadAllAccessors: .BouncingBall

===========================================================================================
----------------- testing Sat Jun 09 20:03:49 UTC 2018 /home/travis/build/icyphy/ptII/ptolemy/domains/continuous/test/auto/BouncingBallWithoutGR.xml
----------------- Instantiating /home/travis/build/icyphy/ptII/ptolemy/domains/continuous/test/auto/BouncingBallWithoutGR.xml
767 ms. Memory: 331264K Free: 134358K (41%)
----------------- Invoking toplevel() on ptolemy.moml.MoMLSimpleApplication@4170d9f5
----------------- Done invoking toplevel() on ptolemy.moml.MoMLSimpleApplication@4170d9f5
reloadAllAccessors: .BouncingBallWithoutGR

===========================================================================================
----------------- testing Sat Jun 09 20:03:49 UTC 2018 /home/travis/build/icyphy/ptII/ptolemy/domains/continuous/test/auto/Brownian.xml
----------------- Instantiating /home/travis/build/icyphy/ptII/ptolemy/domains/continuous/test/auto/Brownian.xml
40 ms. Memory: 331264K Free: 122097K (37%)
----------------- Invoking toplevel() on ptolemy.moml.MoMLSimpleApplication@7b278d8c
----------------- Done invoking toplevel() on ptolemy.moml.MoMLSimpleApplication@7b278d8c
reloadAllAccessors: .Brownian

===========================================================================================
----------------- testing Sat Jun 09 20:03:50 UTC 2018 /home/travis/build/icyphy/ptII/ptolemy/domains/continuous/test/auto/CarTracking.xml
----------------- Instantiating /home/travis/build/icyphy/ptII/ptolemy/domains/continuous/test/auto/CarTracking.xml
3544 ms. Memory: 478720K Free: 325819K (68%)
----------------- Invoking toplevel() on ptolemy.moml.MoMLSimpleApplication@776aacae
----------------- Done invoking toplevel() on ptolemy.moml.MoMLSimpleApplication@776aacae
reloadAllAccessors: .CarTracking

===========================================================================================
----------------- testing Sat Jun 09 20:03:54 UTC 2018 /home/travis/build/icyphy/ptII/ptolemy/domains/continuous/test/auto/CartPendulum.xml
----------------- Instantiating /home/travis/build/icyphy/ptII/ptolemy/domains/continuous/test/auto/CartPendulum.xml
413 ms. Memory: 478720K Free: 221969K (46%)
----------------- Invoking toplevel() on ptolemy.moml.MoMLSimpleApplication@7e4b3c2c
----------------- Done invoking toplevel() on ptolemy.moml.MoMLSimpleApplication@7e4b3c2c
reloadAllAccessors: .CartPendulum

===========================================================================================
----------------- testing Sat Jun 09 20:03:54 UTC 2018 /home/travis/build/icyphy/ptII/ptolemy/domains/continuous/test/auto/CausalityInterface10.xml
----------------- Instantiating /home/travis/build/icyphy/ptII/ptolemy/domains/continuous/test/auto/CausalityInterface10.xml
14 ms. Memory: 478720K Free: 206294K (43%)
----------------- Invoking toplevel() on ptolemy.moml.MoMLSimpleApplication@5d685f1c
----------------- Done invoking toplevel() on ptolemy.moml.MoMLSimpleApplication@5d685f1c
reloadAllAccessors: .CausalityInterface10

===========================================================================================
----------------- testing Sat Jun 09 20:03:54 UTC 2018 /home/travis/build/icyphy/ptII/ptolemy/domains/continuous/test/auto/CausalityInterface11.xml
----------------- Instantiating /home/travis/build/icyphy/ptII/ptolemy/domains/continuous/test/auto/CausalityInterface11.xml
8 ms. Memory: 478720K Free: 194528K (41%)
----------------- Invoking toplevel() on ptolemy.moml.MoMLSimpleApplication@32448dda
----------------- Done invoking toplevel() on ptolemy.moml.MoMLSimpleApplication@32448dda
reloadAllAccessors: .CausalityInterface11

===========================================================================================
----------------- testing Sat Jun 09 20:03:54 UTC 2018 /home/travis/build/icyphy/ptII/ptolemy/domains/continuous/test/auto/CausalityInterface12.xml
----------------- Instantiating /home/travis/build/icyphy/ptII/ptolemy/domains/continuous/test/auto/CausalityInterface12.xml
12 ms. Memory: 478720K Free: 182761K (38%)
----------------- Invoking toplevel() on ptolemy.moml.MoMLSimpleApplication@5be3d20b
----------------- Done invoking toplevel() on ptolemy.moml.MoMLSimpleApplication@5be3d20b
reloadAllAccessors: .CausalityInterface12

===========================================================================================
----------------- testing Sat Jun 09 20:03:54 UTC 2018 /home/travis/build/icyphy/ptII/ptolemy/domains/continuous/test/auto/CausalityInterface13.xml
----------------- Instantiating /home/travis/build/icyphy/ptII/ptolemy/domains/continuous/test/auto/CausalityInterface13.xml
9 ms. Memory: 478720K Free: 170995K (36%)
----------------- Invoking toplevel() on ptolemy.moml.MoMLSimpleApplication@6f8adb4f
----------------- Done invoking toplevel() on ptolemy.moml.MoMLSimpleApplication@6f8adb4f
reloadAllAccessors: .CausalityInterface13

===========================================================================================
----------------- testing Sat Jun 09 20:03:54 UTC 2018 /home/travis/build/icyphy/ptII/ptolemy/domains/continuous/test/auto/CausalityInterface14.xml
----------------- Instantiating /home/travis/build/icyphy/ptII/ptolemy/domains/continuous/test/auto/CausalityInterface14.xml
4 ms. Memory: 478720K Free: 155411K (32%)
----------------- Invoking toplevel() on ptolemy.moml.MoMLSimpleApplication@505e1c94
----------------- Done invoking toplevel() on ptolemy.moml.MoMLSimpleApplication@505e1c94
reloadAllAccessors: .CausalityInterface14

===========================================================================================
----------------- testing Sat Jun 09 20:03:54 UTC 2018 /home/travis/build/icyphy/ptII/ptolemy/domains/continuous/test/auto/CausalityInterface4.xml
----------------- Instantiating /home/travis/build/icyphy/ptII/ptolemy/domains/continuous/test/auto/CausalityInterface4.xml
7 ms. Memory: 478720K Free: 143644K (30%)
----------------- Invoking toplevel() on ptolemy.moml.MoMLSimpleApplication@158c76c2
----------------- Done invoking toplevel() on ptolemy.moml.MoMLSimpleApplication@158c76c2
reloadAllAccessors: .CausalityInterface4

===========================================================================================
----------------- testing Sat Jun 09 20:03:54 UTC 2018 /home/travis/build/icyphy/ptII/ptolemy/domains/continuous/test/auto/CausalityInterface5.xml
----------------- Instantiating /home/travis/build/icyphy/ptII/ptolemy/domains/continuous/test/auto/CausalityInterface5.xml
7 ms. Memory: 478720K Free: 131878K (28%)
----------------- Invoking toplevel() on ptolemy.moml.MoMLSimpleApplication@7213e88a
----------------- Done invoking toplevel() on ptolemy.moml.MoMLSimpleApplication@7213e88a
reloadAllAccessors: .CausalityInterface5

===========================================================================================
----------------- testing Sat Jun 09 20:03:55 UTC 2018 /home/travis/build/icyphy/ptII/ptolemy/domains/continuous/test/auto/CausalityInterface6.xml
----------------- Instantiating /home/travis/build/icyphy/ptII/ptolemy/domains/continuous/test/auto/CausalityInterface6.xml
5 ms. Memory: 478720K Free: 120120K (25%)
----------------- Invoking toplevel() on ptolemy.moml.MoMLSimpleApplication@835a58b
----------------- Done invoking toplevel() on ptolemy.moml.MoMLSimpleApplication@835a58b
reloadAllAccessors: .CausalityInterface6

===========================================================================================
----------------- testing Sat Jun 09 20:03:55 UTC 2018 /home/travis/build/icyphy/ptII/ptolemy/domains/continuous/test/auto/CausalityInterface7.xml
----------------- Instantiating /home/travis/build/icyphy/ptII/ptolemy/domains/continuous/test/auto/CausalityInterface7.xml
12 ms. Memory: 478720K Free: 104536K (22%)
----------------- Invoking toplevel() on ptolemy.moml.MoMLSimpleApplication@1270fdca
----------------- Done invoking toplevel() on ptolemy.moml.MoMLSimpleApplication@1270fdca
reloadAllAccessors: .CausalityInterface7

===========================================================================================
----------------- testing Sat Jun 09 20:03:55 UTC 2018 /home/travis/build/icyphy/ptII/ptolemy/domains/continuous/test/auto/CausalityInterface8.xml
----------------- Instantiating /home/travis/build/icyphy/ptII/ptolemy/domains/continuous/test/auto/CausalityInterface8.xml
4 ms. Memory: 478720K Free: 88853K (19%)
----------------- Invoking toplevel() on ptolemy.moml.MoMLSimpleApplication@2ff11b28
----------------- Done invoking toplevel() on ptolemy.moml.MoMLSimpleApplication@2ff11b28
reloadAllAccessors: .CausalityInterface8

===========================================================================================
----------------- testing Sat Jun 09 20:03:55 UTC 2018 /home/travis/build/icyphy/ptII/ptolemy/domains/continuous/test/auto/CausalityInterface9.xml
----------------- Instantiating /home/travis/build/icyphy/ptII/ptolemy/domains/continuous/test/auto/CausalityInterface9.xml
4 ms. Memory: 455680K Free: 443594K (97%)
----------------- Invoking toplevel() on ptolemy.moml.MoMLSimpleApplication@58b2f433
----------------- Done invoking toplevel() on ptolemy.moml.MoMLSimpleApplication@58b2f433
reloadAllAccessors: .CausalityInterface9

===========================================================================================
----------------- testing Sat Jun 09 20:03:55 UTC 2018 /home/travis/build/icyphy/ptII/ptolemy/domains/continuous/test/auto/CausalityInterfaceFeedback1.xml
----------------- Instantiating /home/travis/build/icyphy/ptII/ptolemy/domains/continuous/test/auto/CausalityInterfaceFeedback1.xml
3 ms. Memory: 455680K Free: 431200K (95%)
----------------- Invoking toplevel() on ptolemy.moml.MoMLSimpleApplication@74635d9b
----------------- Done invoking toplevel() on ptolemy.moml.MoMLSimpleApplication@74635d9b
reloadAllAccessors: .CausalityInterfaceFeedback1

===========================================================================================
----------------- testing Sat Jun 09 20:03:55 UTC 2018 /home/travis/build/icyphy/ptII/ptolemy/domains/continuous/test/auto/CausalityInterfaceFeedback2.xml
----------------- Instantiating /home/travis/build/icyphy/ptII/ptolemy/domains/continuous/test/auto/CausalityInterfaceFeedback2.xml
3 ms. Memory: 455680K Free: 421225K (92%)
----------------- Invoking toplevel() on ptolemy.moml.MoMLSimpleApplication@255a2b84
----------------- Done invoking toplevel() on ptolemy.moml.MoMLSimpleApplication@255a2b84
reloadAllAccessors: .CausalityInterfaceFeedback2

===========================================================================================
----------------- testing Sat Jun 09 20:03:55 UTC 2018 /home/travis/build/icyphy/ptII/ptolemy/domains/continuous/test/auto/CompareWithCurrentTime.xml
----------------- Instantiating /home/travis/build/icyphy/ptII/ptolemy/domains/continuous/test/auto/CompareWithCurrentTime.xml
3 ms. Memory: 455680K Free: 413734K (91%)
----------------- Invoking toplevel() on ptolemy.moml.MoMLSimpleApplication@4de27b51
----------------- Done invoking toplevel() on ptolemy.moml.MoMLSimpleApplication@4de27b51
reloadAllAccessors: .CompareWithCurrentTime

===========================================================================================
----------------- testing Sat Jun 09 20:03:55 UTC 2018 /home/travis/build/icyphy/ptII/ptolemy/domains/continuous/test/auto/ComparedClocks.xml
----------------- Instantiating /home/travis/build/icyphy/ptII/ptolemy/domains/continuous/test/auto/ComparedClocks.xml
8 ms. Memory: 455680K Free: 391317K (86%)
----------------- Invoking toplevel() on ptolemy.moml.MoMLSimpleApplication@41aed3a4
----------------- Done invoking toplevel() on ptolemy.moml.MoMLSimpleApplication@41aed3a4
reloadAllAccessors: .ComparedClocks

===========================================================================================
----------------- testing Sat Jun 09 20:03:55 UTC 2018 /home/travis/build/icyphy/ptII/ptolemy/domains/continuous/test/auto/ContinuousAOCClone.xml
----------------- Instantiating /home/travis/build/icyphy/ptII/ptolemy/domains/continuous/test/auto/ContinuousAOCClone.xml
2350 ms. Memory: 443392K Free: 238650K (54%)
----------------- Invoking toplevel() on ptolemy.moml.MoMLSimpleApplication@30af43e1
----------------- Done invoking toplevel() on ptolemy.moml.MoMLSimpleApplication@30af43e1
reloadAllAccessors: .ContinuousAOCClone

===========================================================================================
----------------- testing Sat Jun 09 20:03:57 UTC 2018 /home/travis/build/icyphy/ptII/ptolemy/domains/continuous/test/auto/ContinuousClock.xml
----------------- Instantiating /home/travis/build/icyphy/ptII/ptolemy/domains/continuous/test/auto/ContinuousClock.xml
30 ms. Memory: 443392K Free: 211466K (48%)
----------------- Invoking toplevel() on ptolemy.moml.MoMLSimpleApplication@5013809c
----------------- Done invoking toplevel() on ptolemy.moml.MoMLSimpleApplication@5013809c
reloadAllAccessors: .ContinuousClock

===========================================================================================
----------------- testing Sat Jun 09 20:03:58 UTC 2018 /home/travis/build/icyphy/ptII/ptolemy/domains/continuous/test/auto/ContinuousInContinuous.xml
----------------- Instantiating /home/travis/build/icyphy/ptII/ptolemy/domains/continuous/test/auto/ContinuousInContinuous.xml
45 ms. Memory: 443392K Free: 183657K (41%)
----------------- Invoking toplevel() on ptolemy.moml.MoMLSimpleApplication@6b553157
----------------- Done invoking toplevel() on ptolemy.moml.MoMLSimpleApplication@6b553157
reloadAllAccessors: .ContinuousInContinuous

===========================================================================================
----------------- testing Sat Jun 09 20:03:58 UTC 2018 /home/travis/build/icyphy/ptII/ptolemy/domains/continuous/test/auto/ContinuousInContinuousInContinuous.xml
----------------- Instantiating /home/travis/build/icyphy/ptII/ptolemy/domains/continuous/test/auto/ContinuousInContinuousInContinuous.xml
8 ms. Memory: 443392K Free: 174140K (39%)
----------------- Invoking toplevel() on ptolemy.moml.MoMLSimpleApplication@4aa8b858
----------------- Done invoking toplevel() on ptolemy.moml.MoMLSimpleApplication@4aa8b858
reloadAllAccessors: .ContinuousInContinuousInContinuous

===========================================================================================
----------------- testing Sat Jun 09 20:03:58 UTC 2018 /home/travis/build/icyphy/ptII/ptolemy/domains/continuous/test/auto/ContinuousInDE.xml
----------------- Instantiating /home/travis/build/icyphy/ptII/ptolemy/domains/continuous/test/auto/ContinuousInDE.xml
128 ms. Memory: 443392K Free: 158306K (36%)
----------------- Invoking toplevel() on ptolemy.moml.MoMLSimpleApplication@33cfb24
----------------- Done invoking toplevel() on ptolemy.moml.MoMLSimpleApplication@33cfb24
reloadAllAccessors: .ContinuousInDE

===========================================================================================
----------------- testing Sat Jun 09 20:03:58 UTC 2018 /home/travis/build/icyphy/ptII/ptolemy/domains/continuous/test/auto/ContinuousInDE2.xml
----------------- Instantiating /home/travis/build/icyphy/ptII/ptolemy/domains/continuous/test/auto/ContinuousInDE2.xml
47 ms. Memory: 443392K Free: 146394K (33%)
----------------- Invoking toplevel() on ptolemy.moml.MoMLSimpleApplication@3ccb8632
----------------- Done invoking toplevel() on ptolemy.moml.MoMLSimpleApplication@3ccb8632
reloadAllAccessors: .ContinuousInDE2

===========================================================================================
----------------- testing Sat Jun 09 20:03:58 UTC 2018 /home/travis/build/icyphy/ptII/ptolemy/domains/continuous/test/auto/ContinuousInDE3.xml
----------------- Instantiating /home/travis/build/icyphy/ptII/ptolemy/domains/continuous/test/auto/ContinuousInDE3.xml
37 ms. Memory: 443392K Free: 132955K (30%)
----------------- Invoking toplevel() on ptolemy.moml.MoMLSimpleApplication@71c03a90
----------------- Done invoking toplevel() on ptolemy.moml.MoMLSimpleApplication@71c03a90
reloadAllAccessors: .ContinuousInDE3

===========================================================================================
----------------- testing Sat Jun 09 20:03:58 UTC 2018 /home/travis/build/icyphy/ptII/ptolemy/domains/continuous/test/auto/ContinuousInDE4.xml
----------------- Instantiating /home/travis/build/icyphy/ptII/ptolemy/domains/continuous/test/auto/ContinuousInDE4.xml
17 ms. Memory: 443392K Free: 125801K (28%)
----------------- Invoking toplevel() on ptolemy.moml.MoMLSimpleApplication@7d099e3f
----------------- Done invoking toplevel() on ptolemy.moml.MoMLSimpleApplication@7d099e3f
reloadAllAccessors: .ContinuousInDE4

===========================================================================================
----------------- testing Sat Jun 09 20:03:58 UTC 2018 /home/travis/build/icyphy/ptII/ptolemy/domains/continuous/test/auto/ContinuousInDEDifferentRefinements.xml
----------------- Instantiating /home/travis/build/icyphy/ptII/ptolemy/domains/continuous/test/auto/ContinuousInDEDifferentRefinements.xml
63 ms. Memory: 443392K Free: 88451K (20%)
----------------- Invoking toplevel() on ptolemy.moml.MoMLSimpleApplication@6fb8c7ce
----------------- Done invoking toplevel() on ptolemy.moml.MoMLSimpleApplication@6fb8c7ce
reloadAllAccessors: .ContinuousInDEDifferentRefinements

===========================================================================================
----------------- testing Sat Jun 09 20:03:58 UTC 2018 /home/travis/build/icyphy/ptII/ptolemy/domains/continuous/test/auto/ContinuousInDEDifferentRefinementsPreemptive.xml
----------------- Instantiating /home/travis/build/icyphy/ptII/ptolemy/domains/continuous/test/auto/ContinuousInDEDifferentRefinementsPreemptive.xml
51 ms. Memory: 422400K Free: 389673K (92%)
----------------- Invoking toplevel() on ptolemy.moml.MoMLSimpleApplication@69c58c73
----------------- Done invoking toplevel() on ptolemy.moml.MoMLSimpleApplication@69c58c73
reloadAllAccessors: .ContinuousInDEDifferentRefinementsPreemptive

===========================================================================================
----------------- testing Sat Jun 09 20:03:58 UTC 2018 /home/travis/build/icyphy/ptII/ptolemy/domains/continuous/test/auto/ContinuousInDEInContinuous2.xml
----------------- Instantiating /home/travis/build/icyphy/ptII/ptolemy/domains/continuous/test/auto/ContinuousInDEInContinuous2.xml
42 ms. Memory: 422400K Free: 372753K (88%)
----------------- Invoking toplevel() on ptolemy.moml.MoMLSimpleApplication@74bd0498
----------------- Done invoking toplevel() on ptolemy.moml.MoMLSimpleApplication@74bd0498
reloadAllAccessors: .ContinuousInDEInContinuous2

===========================================================================================
----------------- testing Sat Jun 09 20:03:58 UTC 2018 /home/travis/build/icyphy/ptII/ptolemy/domains/continuous/test/auto/ContinuousInDEInContinuous3.xml
----------------- Instantiating /home/travis/build/icyphy/ptII/ptolemy/domains/continuous/test/auto/ContinuousInDEInContinuous3.xml
39 ms. Memory: 422400K Free: 355834K (84%)
----------------- Invoking toplevel() on ptolemy.moml.MoMLSimpleApplication@1b8ae6f5
----------------- Done invoking toplevel() on ptolemy.moml.MoMLSimpleApplication@1b8ae6f5
reloadAllAccessors: .ContinuousInDEInContinuous3

===========================================================================================
----------------- testing Sat Jun 09 20:03:58 UTC 2018 /home/travis/build/icyphy/ptII/ptolemy/domains/continuous/test/auto/ContinuousInDEInput.xml
----------------- Instantiating /home/travis/build/icyphy/ptII/ptolemy/domains/continuous/test/auto/ContinuousInDEInput.xml
19 ms. Memory: 422400K Free: 343454K (81%)
----------------- Invoking toplevel() on ptolemy.moml.MoMLSimpleApplication@77f7c500
----------------- Done invoking toplevel() on ptolemy.moml.MoMLSimpleApplication@77f7c500
reloadAllAccessors: .ContinuousInDEInput

===========================================================================================
----------------- testing Sat Jun 09 20:03:58 UTC 2018 /home/travis/build/icyphy/ptII/ptolemy/domains/continuous/test/auto/ContinuousInDEInput2.xml
----------------- Instantiating /home/travis/build/icyphy/ptII/ptolemy/domains/continuous/test/auto/ContinuousInDEInput2.xml
14 ms. Memory: 422400K Free: 333360K (79%)
----------------- Invoking toplevel() on ptolemy.moml.MoMLSimpleApplication@213f7d61
----------------- Done invoking toplevel() on ptolemy.moml.MoMLSimpleApplication@213f7d61
reloadAllAccessors: .ContinuousInDEInput2

===========================================================================================
----------------- testing Sat Jun 09 20:03:58 UTC 2018 /home/travis/build/icyphy/ptII/ptolemy/domains/continuous/test/auto/ContinuousInDEInput3.xml
----------------- Instantiating /home/travis/build/icyphy/ptII/ptolemy/domains/continuous/test/auto/ContinuousInDEInput3.xml
17 ms. Memory: 422400K Free: 323266K (77%)
----------------- Invoking toplevel() on ptolemy.moml.MoMLSimpleApplication@44014442
----------------- Done invoking toplevel() on ptolemy.moml.MoMLSimpleApplication@44014442
reloadAllAccessors: .ContinuousInDEInput3

===========================================================================================
----------------- testing Sat Jun 09 20:03:58 UTC 2018 /home/travis/build/icyphy/ptII/ptolemy/domains/continuous/test/auto/ContinuousInDESharingRefinement.xml
----------------- Instantiating /home/travis/build/icyphy/ptII/ptolemy/domains/continuous/test/auto/ContinuousInDESharingRefinement.xml
165 ms. Memory: 422400K Free: 227507K (54%)
----------------- Invoking toplevel() on ptolemy.moml.MoMLSimpleApplication@6050d8ef
----------------- Done invoking toplevel() on ptolemy.moml.MoMLSimpleApplication@6050d8ef
reloadAllAccessors: .ContinuousInDESharingRefinement

===========================================================================================
----------------- testing Sat Jun 09 20:03:59 UTC 2018 /home/travis/build/icyphy/ptII/ptolemy/domains/continuous/test/auto/ContinuousInDEwithNoPorts.xml
----------------- Instantiating /home/travis/build/icyphy/ptII/ptolemy/domains/continuous/test/auto/ContinuousInDEwithNoPorts.xml
6 ms. Memory: 422400K Free: 219691K (52%)
----------------- Invoking toplevel() on ptolemy.moml.MoMLSimpleApplication@6330c29d
----------------- Done invoking toplevel() on ptolemy.moml.MoMLSimpleApplication@6330c29d
reloadAllAccessors: .ContinuousInDEwithNoPorts

===========================================================================================
----------------- testing Sat Jun 09 20:03:59 UTC 2018 /home/travis/build/icyphy/ptII/ptolemy/domains/continuous/test/auto/ContinuousInsideDE.xml
----------------- Instantiating /home/travis/build/icyphy/ptII/ptolemy/domains/continuous/test/auto/ContinuousInsideDE.xml
56 ms. Memory: 422400K Free: 205057K (49%)
----------------- Invoking toplevel() on ptolemy.moml.MoMLSimpleApplication@2edbfb9d
----------------- Done invoking toplevel() on ptolemy.moml.MoMLSimpleApplication@2edbfb9d
reloadAllAccessors: .ContinuousInsideDE

===========================================================================================
----------------- testing Sat Jun 09 20:03:59 UTC 2018 /home/travis/build/icyphy/ptII/ptolemy/domains/continuous/test/auto/ContinuousMerge1.xml
----------------- Instantiating /home/travis/build/icyphy/ptII/ptolemy/domains/continuous/test/auto/ContinuousMerge1.xml
3 ms. Memory: 422400K Free: 197249K (47%)
----------------- Invoking toplevel() on ptolemy.moml.MoMLSimpleApplication@67fe526d
----------------- Done invoking toplevel() on ptolemy.moml.MoMLSimpleApplication@67fe526d
reloadAllAccessors: .ContinuousMerge1

===========================================================================================
----------------- testing Sat Jun 09 20:03:59 UTC 2018 /home/travis/build/icyphy/ptII/ptolemy/domains/continuous/test/auto/ContinuousMerge2.xml
----------------- Instantiating /home/travis/build/icyphy/ptII/ptolemy/domains/continuous/test/auto/ContinuousMerge2.xml
16 ms. Memory: 422400K Free: 182615K (43%)
----------------- Invoking toplevel() on ptolemy.moml.MoMLSimpleApplication@31549458
----------------- Done invoking toplevel() on ptolemy.moml.MoMLSimpleApplication@31549458
reloadAllAccessors: .ContinuousMerge2

===========================================================================================
----------------- testing Sat Jun 09 20:03:59 UTC 2018 /home/travis/build/icyphy/ptII/ptolemy/domains/continuous/test/auto/ContinuousMerge3.xml
----------------- Instantiating /home/travis/build/icyphy/ptII/ptolemy/domains/continuous/test/auto/ContinuousMerge3.xml
50 ms. Memory: 422400K Free: 168980K (40%)
----------------- Invoking toplevel() on ptolemy.moml.MoMLSimpleApplication@142657d1
----------------- Done invoking toplevel() on ptolemy.moml.MoMLSimpleApplication@142657d1
reloadAllAccessors: .ContinuousMerge3

===========================================================================================
----------------- testing Sat Jun 09 20:03:59 UTC 2018 /home/travis/build/icyphy/ptII/ptolemy/domains/continuous/test/auto/ContinuousWithinContinuous.xml
----------------- Instantiating /home/travis/build/icyphy/ptII/ptolemy/domains/continuous/test/auto/ContinuousWithinContinuous.xml
41 ms. Memory: 422400K Free: 154314K (37%)
----------------- Invoking toplevel() on ptolemy.moml.MoMLSimpleApplication@2924855
----------------- Done invoking toplevel() on ptolemy.moml.MoMLSimpleApplication@2924855
reloadAllAccessors: .ContinuousWithinContinuous

===========================================================================================
----------------- testing Sat Jun 09 20:03:59 UTC 2018 /home/travis/build/icyphy/ptII/ptolemy/domains/continuous/test/auto/ContinuousWithinContinuous2.xml
----------------- Instantiating /home/travis/build/icyphy/ptII/ptolemy/domains/continuous/test/auto/ContinuousWithinContinuous2.xml
73 ms. Memory: 422400K Free: 139680K (33%)
----------------- Invoking toplevel() on ptolemy.moml.MoMLSimpleApplication@205659df
----------------- Done invoking toplevel() on ptolemy.moml.MoMLSimpleApplication@205659df
reloadAllAccessors: .ContinuousWithinContinuous2

===========================================================================================
----------------- testing Sat Jun 09 20:03:59 UTC 2018 /home/travis/build/icyphy/ptII/ptolemy/domains/continuous/test/auto/ContinuousWithinContinuous3.xml
----------------- Instantiating /home/travis/build/icyphy/ptII/ptolemy/domains/continuous/test/auto/ContinuousWithinContinuous3.xml
18 ms. Memory: 422400K Free: 129555K (31%)
----------------- Invoking toplevel() on ptolemy.moml.MoMLSimpleApplication@62239e13
----------------- Done invoking toplevel() on ptolemy.moml.MoMLSimpleApplication@62239e13
reloadAllAccessors: .ContinuousWithinContinuous3

===========================================================================================
----------------- testing Sat Jun 09 20:03:59 UTC 2018 /home/travis/build/icyphy/ptII/ptolemy/domains/continuous/test/auto/ContinuousWithinContinuous4.xml
----------------- Instantiating /home/travis/build/icyphy/ptII/ptolemy/domains/continuous/test/auto/ContinuousWithinContinuous4.xml
75 ms. Memory: 422400K Free: 114921K (27%)
----------------- Invoking toplevel() on ptolemy.moml.MoMLSimpleApplication@4e54b9b7
----------------- Done invoking toplevel() on ptolemy.moml.MoMLSimpleApplication@4e54b9b7
reloadAllAccessors: .ContinuousWithinContinuous4

===========================================================================================
----------------- testing Sat Jun 09 20:03:59 UTC 2018 /home/travis/build/icyphy/ptII/ptolemy/domains/continuous/test/auto/ContinuousWithinContinuous5.xml
----------------- Instantiating /home/travis/build/icyphy/ptII/ptolemy/domains/continuous/test/auto/ContinuousWithinContinuous5.xml
13 ms. Memory: 422400K Free: 105826K (25%)
----------------- Invoking toplevel() on ptolemy.moml.MoMLSimpleApplication@4c25f37b
----------------- Done invoking toplevel() on ptolemy.moml.MoMLSimpleApplication@4c25f37b
reloadAllAccessors: .ContinuousWithinContinuous5

===========================================================================================
----------------- testing Sat Jun 09 20:03:59 UTC 2018 /home/travis/build/icyphy/ptII/ptolemy/domains/continuous/test/auto/ContinuousWithinContinuous6.xml
----------------- Instantiating /home/travis/build/icyphy/ptII/ptolemy/domains/continuous/test/auto/ContinuousWithinContinuous6.xml
13 ms. Memory: 422400K Free: 95732K (23%)
----------------- Invoking toplevel() on ptolemy.moml.MoMLSimpleApplication@b83b534
----------------- Done invoking toplevel() on ptolemy.moml.MoMLSimpleApplication@b83b534
reloadAllAccessors: .ContinuousWithinContinuous6

===========================================================================================
----------------- testing Sat Jun 09 20:03:59 UTC 2018 /home/travis/build/icyphy/ptII/ptolemy/domains/continuous/test/auto/ContinuousWithinContinuous7.xml
----------------- Instantiating /home/travis/build/icyphy/ptII/ptolemy/domains/continuous/test/auto/ContinuousWithinContinuous7.xml
60 ms. Memory: 422400K Free: 81098K (19%)
----------------- Invoking toplevel() on ptolemy.moml.MoMLSimpleApplication@661c7e61
----------------- Done invoking toplevel() on ptolemy.moml.MoMLSimpleApplication@661c7e61
reloadAllAccessors: .ContinuousWithinContinuous7

===========================================================================================
----------------- testing Sat Jun 09 20:03:59 UTC 2018 /home/travis/build/icyphy/ptII/ptolemy/domains/continuous/test/auto/DCMotor.xml
----------------- Instantiating /home/travis/build/icyphy/ptII/ptolemy/domains/continuous/test/auto/DCMotor.xml
15463 ms. Memory: 264192K Free: 191607K (73%)
----------------- Invoking toplevel() on ptolemy.moml.MoMLSimpleApplication@404bf34d
----------------- Done invoking toplevel() on ptolemy.moml.MoMLSimpleApplication@404bf34d
reloadAllAccessors: .DCMotor

===========================================================================================
----------------- testing Sat Jun 09 20:04:15 UTC 2018 /home/travis/build/icyphy/ptII/ptolemy/domains/continuous/test/auto/DEInContinuous.xml
----------------- Instantiating /home/travis/build/icyphy/ptII/ptolemy/domains/continuous/test/auto/DEInContinuous.xml
14 ms. Memory: 264192K Free: 178880K (68%)
----------------- Invoking toplevel() on ptolemy.moml.MoMLSimpleApplication@76ca88aa
----------------- Done invoking toplevel() on ptolemy.moml.MoMLSimpleApplication@76ca88aa
reloadAllAccessors: .DEInContinuous

===========================================================================================
----------------- testing Sat Jun 09 20:04:15 UTC 2018 /home/travis/build/icyphy/ptII/ptolemy/domains/continuous/test/auto/DEinContinuous2.xml
----------------- Instantiating /home/travis/build/icyphy/ptII/ptolemy/domains/continuous/test/auto/DEinContinuous2.xml
9 ms. Memory: 264192K Free: 167080K (63%)
----------------- Invoking toplevel() on ptolemy.moml.MoMLSimpleApplication@628b6a16
----------------- Done invoking toplevel() on ptolemy.moml.MoMLSimpleApplication@628b6a16
reloadAllAccessors: .DEinContinuous2

===========================================================================================
----------------- testing Sat Jun 09 20:04:15 UTC 2018 /home/travis/build/icyphy/ptII/ptolemy/domains/continuous/test/auto/Derivative.xml
----------------- Instantiating /home/travis/build/icyphy/ptII/ptolemy/domains/continuous/test/auto/Derivative.xml
171 ms. Memory: 264192K Free: 129677K (49%)
----------------- Invoking toplevel() on ptolemy.moml.MoMLSimpleApplication@4c1bd97b
----------------- Done invoking toplevel() on ptolemy.moml.MoMLSimpleApplication@4c1bd97b
reloadAllAccessors: .Derivative2

===========================================================================================
----------------- testing Sat Jun 09 20:04:15 UTC 2018 /home/travis/build/icyphy/ptII/ptolemy/domains/continuous/test/auto/Derivative1.xml
----------------- Instantiating /home/travis/build/icyphy/ptII/ptolemy/domains/continuous/test/auto/Derivative1.xml
26 ms. Memory: 264192K Free: 110550K (42%)
----------------- Invoking toplevel() on ptolemy.moml.MoMLSimpleApplication@6b256981
----------------- Done invoking toplevel() on ptolemy.moml.MoMLSimpleApplication@6b256981
reloadAllAccessors: .Derivative1

===========================================================================================
----------------- testing Sat Jun 09 20:04:15 UTC 2018 /home/travis/build/icyphy/ptII/ptolemy/domains/continuous/test/auto/DiscreteClock.xml
----------------- Instantiating /home/travis/build/icyphy/ptII/ptolemy/domains/continuous/test/auto/DiscreteClock.xml
4 ms. Memory: 264192K Free: 98758K (37%)
----------------- Invoking toplevel() on ptolemy.moml.MoMLSimpleApplication@5bd998e9
----------------- Done invoking toplevel() on ptolemy.moml.MoMLSimpleApplication@5bd998e9
reloadAllAccessors: .DiscreteClock

===========================================================================================
----------------- testing Sat Jun 09 20:04:15 UTC 2018 /home/travis/build/icyphy/ptII/ptolemy/domains/continuous/test/auto/EfficiencyCurve.xml
----------------- Instantiating /home/travis/build/icyphy/ptII/ptolemy/domains/continuous/test/auto/EfficiencyCurve.xml
50 ms. Memory: 264192K Free: 83302K (32%)
----------------- Invoking toplevel() on ptolemy.moml.MoMLSimpleApplication@1f5640d9
----------------- Done invoking toplevel() on ptolemy.moml.MoMLSimpleApplication@1f5640d9
reloadAllAccessors: .EfficiencyCurve

===========================================================================================
----------------- testing Sat Jun 09 20:04:15 UTC 2018 /home/travis/build/icyphy/ptII/ptolemy/domains/continuous/test/auto/ExponentialResponse.xml
----------------- Instantiating /home/travis/build/icyphy/ptII/ptolemy/domains/continuous/test/auto/ExponentialResponse.xml
127 ms. Memory: 260608K Free: 244438K (94%)
----------------- Invoking toplevel() on ptolemy.moml.MoMLSimpleApplication@6ce55c25
----------------- Done invoking toplevel() on ptolemy.moml.MoMLSimpleApplication@6ce55c25
reloadAllAccessors: .ExponentialResponse

===========================================================================================
----------------- testing Sat Jun 09 20:04:16 UTC 2018 /home/travis/build/icyphy/ptII/ptolemy/domains/continuous/test/auto/ExponentialResponseRK45.xml
----------------- Instantiating /home/travis/build/icyphy/ptII/ptolemy/domains/continuous/test/auto/ExponentialResponseRK45.xml
27 ms. Memory: 260608K Free: 234797K (90%)
----------------- Invoking toplevel() on ptolemy.moml.MoMLSimpleApplication@3a4c8d97
----------------- Done invoking toplevel() on ptolemy.moml.MoMLSimpleApplication@3a4c8d97
reloadAllAccessors: .ExponentialResponseRK45

===========================================================================================
----------------- testing Sat Jun 09 20:04:16 UTC 2018 /home/travis/build/icyphy/ptII/ptolemy/domains/continuous/test/auto/Friction.xml
----------------- Instantiating /home/travis/build/icyphy/ptII/ptolemy/domains/continuous/test/auto/Friction.xml
1500 ms. Memory: 242688K Free: 119685K (49%)
----------------- Invoking toplevel() on ptolemy.moml.MoMLSimpleApplication@58a4915b
----------------- Done invoking toplevel() on ptolemy.moml.MoMLSimpleApplication@58a4915b
reloadAllAccessors: .Friction

===========================================================================================
----------------- testing Sat Jun 09 20:04:17 UTC 2018 /home/travis/build/icyphy/ptII/ptolemy/domains/continuous/test/auto/FurutaPendulum.xml
----------------- Instantiating /home/travis/build/icyphy/ptII/ptolemy/domains/continuous/test/auto/FurutaPendulum.xml
2771 ms. Memory: 223744K Free: 67805K (30%)
----------------- Invoking toplevel() on ptolemy.moml.MoMLSimpleApplication@152e73b
----------------- Done invoking toplevel() on ptolemy.moml.MoMLSimpleApplication@152e73b
reloadAllAccessors: .FurutaPendulum

===========================================================================================
----------------- testing Sat Jun 09 20:04:20 UTC 2018 /home/travis/build/icyphy/ptII/ptolemy/domains/continuous/test/auto/HierarchicalExecution.xml
----------------- Instantiating /home/travis/build/icyphy/ptII/ptolemy/domains/continuous/test/auto/HierarchicalExecution.xml
1688 ms. Memory: 207872K Free: 154205K (74%)
----------------- Invoking toplevel() on ptolemy.moml.MoMLSimpleApplication@9faf9ce
----------------- Done invoking toplevel() on ptolemy.moml.MoMLSimpleApplication@9faf9ce
reloadAllAccessors: .HierarchicalExecution

===========================================================================================
----------------- testing Sat Jun 09 20:04:22 UTC 2018 /home/travis/build/icyphy/ptII/ptolemy/domains/continuous/test/auto/HybridPlant.xml
----------------- Instantiating /home/travis/build/icyphy/ptII/ptolemy/domains/continuous/test/auto/HybridPlant.xml
611 ms. Memory: 203776K Free: 124193K (61%)
----------------- Invoking toplevel() on ptolemy.moml.MoMLSimpleApplication@2a7157f5
----------------- Done invoking toplevel() on ptolemy.moml.MoMLSimpleApplication@2a7157f5
reloadAllAccessors: .HybridPlant

===========================================================================================
----------------- testing Sat Jun 09 20:04:23 UTC 2018 /home/travis/build/icyphy/ptII/ptolemy/domains/continuous/test/auto/Hysteresis.xml
----------------- Instantiating /home/travis/build/icyphy/ptII/ptolemy/domains/continuous/test/auto/Hysteresis.xml
159 ms. Memory: 203776K Free: 60001K (29%)
----------------- Invoking toplevel() on ptolemy.moml.MoMLSimpleApplication@e00ad4a
----------------- Done invoking toplevel() on ptolemy.moml.MoMLSimpleApplication@e00ad4a
reloadAllAccessors: .Hysteresis

===========================================================================================
----------------- testing Sat Jun 09 20:04:23 UTC 2018 /home/travis/build/icyphy/ptII/ptolemy/domains/continuous/test/auto/HysteresisWithRandomDelay.xml
----------------- Instantiating /home/travis/build/icyphy/ptII/ptolemy/domains/continuous/test/auto/HysteresisWithRandomDelay.xml
184 ms. Memory: 194048K Free: 90607K (47%)
----------------- Invoking toplevel() on ptolemy.moml.MoMLSimpleApplication@6414f85c
----------------- Done invoking toplevel() on ptolemy.moml.MoMLSimpleApplication@6414f85c
reloadAllAccessors: .HysteresisWithRandomDelay

===========================================================================================
----------------- testing Sat Jun 09 20:04:23 UTC 2018 /home/travis/build/icyphy/ptII/ptolemy/domains/continuous/test/auto/HysteresisWithRandomLosses.xml
----------------- Instantiating /home/travis/build/icyphy/ptII/ptolemy/domains/continuous/test/auto/HysteresisWithRandomLosses.xml
2339 ms. Memory: 274432K Free: 228166K (83%)
----------------- Invoking toplevel() on ptolemy.moml.MoMLSimpleApplication@18334263
----------------- Done invoking toplevel() on ptolemy.moml.MoMLSimpleApplication@18334263
reloadAllAccessors: .HysteresisWithRandomLosses

===========================================================================================
----------------- testing Sat Jun 09 20:04:26 UTC 2018 /home/travis/build/icyphy/ptII/ptolemy/domains/continuous/test/auto/ImmediateTransitions.xml
----------------- Instantiating /home/travis/build/icyphy/ptII/ptolemy/domains/continuous/test/auto/ImmediateTransitions.xml
10 ms. Memory: 274432K Free: 214597K (78%)
----------------- Invoking toplevel() on ptolemy.moml.MoMLSimpleApplication@cdd21eb
----------------- Done invoking toplevel() on ptolemy.moml.MoMLSimpleApplication@cdd21eb
reloadAllAccessors: .ImmediateTransitions

===========================================================================================
----------------- testing Sat Jun 09 20:04:26 UTC 2018 /home/travis/build/icyphy/ptII/ptolemy/domains/continuous/test/auto/ImpulseFeedback.xml
----------------- Instantiating /home/travis/build/icyphy/ptII/ptolemy/domains/continuous/test/auto/ImpulseFeedback.xml
6 ms. Memory: 274432K Free: 202414K (74%)
----------------- Invoking toplevel() on ptolemy.moml.MoMLSimpleApplication@5c58856
----------------- Done invoking toplevel() on ptolemy.moml.MoMLSimpleApplication@5c58856
reloadAllAccessors: .ImpulseFeedback

===========================================================================================
----------------- testing Sat Jun 09 20:04:26 UTC 2018 /home/travis/build/icyphy/ptII/ptolemy/domains/continuous/test/auto/ImpulseFeedback2.xml
----------------- Instantiating /home/travis/build/icyphy/ptII/ptolemy/domains/continuous/test/auto/ImpulseFeedback2.xml
5 ms. Memory: 274432K Free: 190217K (69%)
----------------- Invoking toplevel() on ptolemy.moml.MoMLSimpleApplication@4df384b3
----------------- Done invoking toplevel() on ptolemy.moml.MoMLSimpleApplication@4df384b3
reloadAllAccessors: .ImpulseFeedback2

===========================================================================================
----------------- testing Sat Jun 09 20:04:26 UTC 2018 /home/travis/build/icyphy/ptII/ptolemy/domains/continuous/test/auto/IncreasingRatePoisson.xml
----------------- Instantiating /home/travis/build/icyphy/ptII/ptolemy/domains/continuous/test/auto/IncreasingRatePoisson.xml
675 ms. Memory: 258560K Free: 219248K (85%)
----------------- Invoking toplevel() on ptolemy.moml.MoMLSimpleApplication@4cefe9b4
----------------- Done invoking toplevel() on ptolemy.moml.MoMLSimpleApplication@4cefe9b4
reloadAllAccessors: .IncreasingRatePoisson

===========================================================================================
----------------- testing Sat Jun 09 20:04:26 UTC 2018 /home/travis/build/icyphy/ptII/ptolemy/domains/continuous/test/auto/InitialStateFeedback.xml
----------------- Instantiating /home/travis/build/icyphy/ptII/ptolemy/domains/continuous/test/auto/InitialStateFeedback.xml
10 ms. Memory: 258560K Free: 211344K (82%)
----------------- Invoking toplevel() on ptolemy.moml.MoMLSimpleApplication@42a5dba7
----------------- Done invoking toplevel() on ptolemy.moml.MoMLSimpleApplication@42a5dba7
reloadAllAccessors: .InitialStateFeedback

===========================================================================================
----------------- testing Sat Jun 09 20:04:27 UTC 2018 /home/travis/build/icyphy/ptII/ptolemy/domains/continuous/test/auto/Integration.xml
----------------- Instantiating /home/travis/build/icyphy/ptII/ptolemy/domains/continuous/test/auto/Integration.xml
3 ms. Memory: 258560K Free: 205244K (79%)
----------------- Invoking toplevel() on ptolemy.moml.MoMLSimpleApplication@88af53c
----------------- Done invoking toplevel() on ptolemy.moml.MoMLSimpleApplication@88af53c
reloadAllAccessors: .Integration

===========================================================================================
----------------- testing Sat Jun 09 20:04:27 UTC 2018 /home/travis/build/icyphy/ptII/ptolemy/domains/continuous/test/auto/Integration2.xml
----------------- Instantiating /home/travis/build/icyphy/ptII/ptolemy/domains/continuous/test/auto/Integration2.xml
91 ms. Memory: 258560K Free: 188791K (73%)
----------------- Invoking toplevel() on ptolemy.moml.MoMLSimpleApplication@3f20b23e
----------------- Done invoking toplevel() on ptolemy.moml.MoMLSimpleApplication@3f20b23e
reloadAllAccessors: .Integration2

===========================================================================================
----------------- testing Sat Jun 09 20:04:27 UTC 2018 /home/travis/build/icyphy/ptII/ptolemy/domains/continuous/test/auto/Integration3.xml
----------------- Instantiating /home/travis/build/icyphy/ptII/ptolemy/domains/continuous/test/auto/Integration3.xml
2 ms. Memory: 258560K Free: 182738K (71%)
----------------- Invoking toplevel() on ptolemy.moml.MoMLSimpleApplication@96aa7a6
----------------- Done invoking toplevel() on ptolemy.moml.MoMLSimpleApplication@96aa7a6
reloadAllAccessors: .Integration3

===========================================================================================
----------------- testing Sat Jun 09 20:04:27 UTC 2018 /home/travis/build/icyphy/ptII/ptolemy/domains/continuous/test/auto/Integration5.xml
----------------- Instantiating /home/travis/build/icyphy/ptII/ptolemy/domains/continuous/test/auto/Integration5.xml
2 ms. Memory: 258560K Free: 176654K (68%)
----------------- Invoking toplevel() on ptolemy.moml.MoMLSimpleApplication@4c7498a3
----------------- Done invoking toplevel() on ptolemy.moml.MoMLSimpleApplication@4c7498a3
reloadAllAccessors: .Integration5

===========================================================================================
----------------- testing Sat Jun 09 20:04:27 UTC 2018 /home/travis/build/icyphy/ptII/ptolemy/domains/continuous/test/auto/IntegratorImpulse.xml
----------------- Instantiating /home/travis/build/icyphy/ptII/ptolemy/domains/continuous/test/auto/IntegratorImpulse.xml
3 ms. Memory: 258560K Free: 170546K (66%)
----------------- Invoking toplevel() on ptolemy.moml.MoMLSimpleApplication@b8408de
----------------- Done invoking toplevel() on ptolemy.moml.MoMLSimpleApplication@b8408de
reloadAllAccessors: .IntegratorImpulse

===========================================================================================
----------------- testing Sat Jun 09 20:04:27 UTC 2018 /home/travis/build/icyphy/ptII/ptolemy/domains/continuous/test/auto/IntegratorImpulse2.xml
----------------- Instantiating /home/travis/build/icyphy/ptII/ptolemy/domains/continuous/test/auto/IntegratorImpulse2.xml
3 ms. Memory: 258560K Free: 164517K (64%)
----------------- Invoking toplevel() on ptolemy.moml.MoMLSimpleApplication@5641ed91
----------------- Done invoking toplevel() on ptolemy.moml.MoMLSimpleApplication@5641ed91
reloadAllAccessors: .IntegratorImpulse2

===========================================================================================
----------------- testing Sat Jun 09 20:04:27 UTC 2018 /home/travis/build/icyphy/ptII/ptolemy/domains/continuous/test/auto/LevelCrossing1.xml
----------------- Instantiating /home/travis/build/icyphy/ptII/ptolemy/domains/continuous/test/auto/LevelCrossing1.xml
2 ms. Memory: 258560K Free: 156681K (61%)
----------------- Invoking toplevel() on ptolemy.moml.MoMLSimpleApplication@4429b552
----------------- Done invoking toplevel() on ptolemy.moml.MoMLSimpleApplication@4429b552
reloadAllAccessors: .LevelCrossing1

===========================================================================================
----------------- testing Sat Jun 09 20:04:27 UTC 2018 /home/travis/build/icyphy/ptII/ptolemy/domains/continuous/test/auto/LevelCrossing2.xml
----------------- Instantiating /home/travis/build/icyphy/ptII/ptolemy/domains/continuous/test/auto/LevelCrossing2.xml
3 ms. Memory: 258560K Free: 148839K (58%)
----------------- Invoking toplevel() on ptolemy.moml.MoMLSimpleApplication@5723d8d8
----------------- Done invoking toplevel() on ptolemy.moml.MoMLSimpleApplication@5723d8d8
reloadAllAccessors: .LevelCrossing2

===========================================================================================
----------------- testing Sat Jun 09 20:04:27 UTC 2018 /home/travis/build/icyphy/ptII/ptolemy/domains/continuous/test/auto/LevelCrossing3.xml
----------------- Instantiating /home/travis/build/icyphy/ptII/ptolemy/domains/continuous/test/auto/LevelCrossing3.xml
2 ms. Memory: 258560K Free: 141051K (55%)
----------------- Invoking toplevel() on ptolemy.moml.MoMLSimpleApplication@449a5fb7
----------------- Done invoking toplevel() on ptolemy.moml.MoMLSimpleApplication@449a5fb7
reloadAllAccessors: .LevelCrossing3

===========================================================================================
----------------- testing Sat Jun 09 20:04:27 UTC 2018 /home/travis/build/icyphy/ptII/ptolemy/domains/continuous/test/auto/LevelCrossing4.xml
----------------- Instantiating /home/travis/build/icyphy/ptII/ptolemy/domains/continuous/test/auto/LevelCrossing4.xml
3 ms. Memory: 258560K Free: 133207K (52%)
----------------- Invoking toplevel() on ptolemy.moml.MoMLSimpleApplication@310daecf
----------------- Done invoking toplevel() on ptolemy.moml.MoMLSimpleApplication@310daecf
reloadAllAccessors: .LevelCrossing4

===========================================================================================
----------------- testing Sat Jun 09 20:04:27 UTC 2018 /home/travis/build/icyphy/ptII/ptolemy/domains/continuous/test/auto/LevelCrossing5.xml
----------------- Instantiating /home/travis/build/icyphy/ptII/ptolemy/domains/continuous/test/auto/LevelCrossing5.xml
3 ms. Memory: 258560K Free: 125363K (48%)
----------------- Invoking toplevel() on ptolemy.moml.MoMLSimpleApplication@2c6e85d0
----------------- Done invoking toplevel() on ptolemy.moml.MoMLSimpleApplication@2c6e85d0
reloadAllAccessors: .LevelCrossing5

===========================================================================================
----------------- testing Sat Jun 09 20:04:27 UTC 2018 /home/travis/build/icyphy/ptII/ptolemy/domains/continuous/test/auto/LevelCrossing6.xml
----------------- Instantiating /home/travis/build/icyphy/ptII/ptolemy/domains/continuous/test/auto/LevelCrossing6.xml
3 ms. Memory: 258560K Free: 117513K (45%)
[...]
----------------- Invoking toplevel() on ptolemy.moml.MoMLSimpleApplication@52a5ef70
----------------- Done invoking toplevel() on ptolemy.moml.MoMLSimpleApplication@52a5ef70
reloadAllAccessors: .ResetTransitionWithStartTime5

===========================================================================================
----------------- testing Sat Jun 09 20:04:44 UTC 2018 /home/travis/build/icyphy/ptII/ptolemy/domains/continuous/test/auto/ResetTransitionWithStartTime6.xml
----------------- Instantiating /home/travis/build/icyphy/ptII/ptolemy/domains/continuous/test/auto/ResetTransitionWithStartTime6.xml
20 ms. Memory: 499200K Free: 263312K (53%)
----------------- Invoking toplevel() on ptolemy.moml.MoMLSimpleApplication@1f004b2a
----------------- Done invoking toplevel() on ptolemy.moml.MoMLSimpleApplication@1f004b2a
reloadAllAccessors: .ResetTransitionWithStartTime6

===========================================================================================
----------------- testing Sat Jun 09 20:04:44 UTC 2018 /home/travis/build/icyphy/ptII/ptolemy/domains/continuous/test/auto/SRinContinuous.xml
----------------- Instantiating /home/travis/build/icyphy/ptII/ptolemy/domains/continuous/test/auto/SRinContinuous.xml
5 ms. Memory: 499200K Free: 251969K (50%)
----------------- Invoking toplevel() on ptolemy.moml.MoMLSimpleApplication@237934b6
----------------- Done invoking toplevel() on ptolemy.moml.MoMLSimpleApplication@237934b6
reloadAllAccessors: .SRinContinuous

===========================================================================================
----------------- testing Sat Jun 09 20:04:44 UTC 2018 /home/travis/build/icyphy/ptII/ptolemy/domains/continuous/test/auto/SampledClocks.xml
----------------- Instantiating /home/travis/build/icyphy/ptII/ptolemy/domains/continuous/test/auto/SampledClocks.xml
11 ms. Memory: 499200K Free: 234346K (47%)
----------------- Invoking toplevel() on ptolemy.moml.MoMLSimpleApplication@5976ada9
----------------- Done invoking toplevel() on ptolemy.moml.MoMLSimpleApplication@5976ada9
reloadAllAccessors: .SampledClocks

===========================================================================================
----------------- testing Sat Jun 09 20:04:44 UTC 2018 /home/travis/build/icyphy/ptII/ptolemy/domains/continuous/test/auto/Satellite.xml
----------------- Instantiating /home/travis/build/icyphy/ptII/ptolemy/domains/continuous/test/auto/Satellite.xml
833 ms. Memory: 499200K Free: 51984K (10%)
----------------- Invoking toplevel() on ptolemy.moml.MoMLSimpleApplication@7f152189
----------------- Done invoking toplevel() on ptolemy.moml.MoMLSimpleApplication@7f152189
reloadAllAccessors: .Satellite

===========================================================================================
----------------- testing Sat Jun 09 20:04:45 UTC 2018 /home/travis/build/icyphy/ptII/ptolemy/domains/continuous/test/auto/SigmaDelta.xml
----------------- Instantiating /home/travis/build/icyphy/ptII/ptolemy/domains/continuous/test/auto/SigmaDelta.xml
2267 ms. Memory: 484864K Free: 77879K (16%)
----------------- Invoking toplevel() on ptolemy.moml.MoMLSimpleApplication@3d3adcda
----------------- Done invoking toplevel() on ptolemy.moml.MoMLSimpleApplication@3d3adcda
reloadAllAccessors: .SigmaDelta

===========================================================================================
----------------- testing Sat Jun 09 20:04:47 UTC 2018 /home/travis/build/icyphy/ptII/ptolemy/domains/continuous/test/auto/SinuBouncingBall.xml
----------------- Instantiating /home/travis/build/icyphy/ptII/ptolemy/domains/continuous/test/auto/SinuBouncingBall.xml
612 ms. Memory: 465920K Free: 232230K (50%)
----------------- Invoking toplevel() on ptolemy.moml.MoMLSimpleApplication@633b889a
----------------- Done invoking toplevel() on ptolemy.moml.MoMLSimpleApplication@633b889a
reloadAllAccessors: .SinuBouncingBall

===========================================================================================
----------------- testing Sat Jun 09 20:04:48 UTC 2018 /home/travis/build/icyphy/ptII/ptolemy/domains/continuous/test/auto/Sinusoid.xml
----------------- Instantiating /home/travis/build/icyphy/ptII/ptolemy/domains/continuous/test/auto/Sinusoid.xml
4 ms. Memory: 465920K Free: 224701K (48%)
----------------- Invoking toplevel() on ptolemy.moml.MoMLSimpleApplication@67eb9209
----------------- Done invoking toplevel() on ptolemy.moml.MoMLSimpleApplication@67eb9209
reloadAllAccessors: .Sinusoid

===========================================================================================
----------------- testing Sat Jun 09 20:04:48 UTC 2018 /home/travis/build/icyphy/ptII/ptolemy/domains/continuous/test/auto/SinusoidInNoise.xml
----------------- Instantiating /home/travis/build/icyphy/ptII/ptolemy/domains/continuous/test/auto/SinusoidInNoise.xml
824 ms. Memory: 465920K Free: 23557K (5%)
----------------- Invoking toplevel() on ptolemy.moml.MoMLSimpleApplication@467599ae
----------------- Done invoking toplevel() on ptolemy.moml.MoMLSimpleApplication@467599ae
reloadAllAccessors: .SinusoidInNoise

===========================================================================================
----------------- testing Sat Jun 09 20:04:49 UTC 2018 /home/travis/build/icyphy/ptII/ptolemy/domains/continuous/test/auto/SinusoidRK45.xml
----------------- Instantiating /home/travis/build/icyphy/ptII/ptolemy/domains/continuous/test/auto/SinusoidRK45.xml
2 ms. Memory: 465920K Free: 17624K (4%)
----------------- Invoking toplevel() on ptolemy.moml.MoMLSimpleApplication@2f626a12
----------------- Done invoking toplevel() on ptolemy.moml.MoMLSimpleApplication@2f626a12
reloadAllAccessors: .SinusoidRK45

===========================================================================================
----------------- testing Sat Jun 09 20:04:49 UTC 2018 /home/travis/build/icyphy/ptII/ptolemy/domains/continuous/test/auto/SinusoidWithMultipleImpulses.xml
----------------- Instantiating /home/travis/build/icyphy/ptII/ptolemy/domains/continuous/test/auto/SinusoidWithMultipleImpulses.xml
53 ms. Memory: 407040K Free: 399713K (98%)
----------------- Invoking toplevel() on ptolemy.moml.MoMLSimpleApplication@4e70c9b
----------------- Done invoking toplevel() on ptolemy.moml.MoMLSimpleApplication@4e70c9b
reloadAllAccessors: .SinusoidWithMultipleImpulses

===========================================================================================
----------------- testing Sat Jun 09 20:04:49 UTC 2018 /home/travis/build/icyphy/ptII/ptolemy/domains/continuous/test/auto/SquareWave.xml
----------------- Instantiating /home/travis/build/icyphy/ptII/ptolemy/domains/continuous/test/auto/SquareWave.xml
146 ms. Memory: 407040K Free: 366120K (90%)
----------------- Invoking toplevel() on ptolemy.moml.MoMLSimpleApplication@d1b357d
----------------- Done invoking toplevel() on ptolemy.moml.MoMLSimpleApplication@d1b357d
reloadAllAccessors: .SquareWave

===========================================================================================
----------------- testing Sat Jun 09 20:04:49 UTC 2018 /home/travis/build/icyphy/ptII/ptolemy/domains/continuous/test/auto/Starmac.xml
----------------- Instantiating /home/travis/build/icyphy/ptII/ptolemy/domains/continuous/test/auto/Starmac.xml
3087 ms. Memory: 395264K Free: 342959K (87%)
----------------- Invoking toplevel() on ptolemy.moml.MoMLSimpleApplication@684ca564
----------------- Done invoking toplevel() on ptolemy.moml.MoMLSimpleApplication@684ca564
reloadAllAccessors: .Starmac

===========================================================================================
----------------- testing Sat Jun 09 20:04:52 UTC 2018 /home/travis/build/icyphy/ptII/ptolemy/domains/continuous/test/auto/StaticUnits.xml
----------------- Instantiating /home/travis/build/icyphy/ptII/ptolemy/domains/continuous/test/auto/StaticUnits.xml
2541 ms. Memory: 379392K Free: 188905K (50%)
----------------- Invoking toplevel() on ptolemy.moml.MoMLSimpleApplication@7b1c45ba
----------------- Done invoking toplevel() on ptolemy.moml.MoMLSimpleApplication@7b1c45ba
reloadAllAccessors: .StaticUnits

===========================================================================================
----------------- testing Sat Jun 09 20:04:55 UTC 2018 /home/travis/build/icyphy/ptII/ptolemy/domains/continuous/test/auto/StickyMasses.xml
----------------- Instantiating /home/travis/build/icyphy/ptII/ptolemy/domains/continuous/test/auto/StickyMasses.xml
143 ms. Memory: 379392K Free: 131444K (35%)
----------------- Invoking toplevel() on ptolemy.moml.MoMLSimpleApplication@b8e0afc
----------------- Done invoking toplevel() on ptolemy.moml.MoMLSimpleApplication@b8e0afc
reloadAllAccessors: .StickyMasses

===========================================================================================
----------------- testing Sat Jun 09 20:04:56 UTC 2018 /home/travis/build/icyphy/ptII/ptolemy/domains/continuous/test/auto/StopTime.xml
----------------- Instantiating /home/travis/build/icyphy/ptII/ptolemy/domains/continuous/test/auto/StopTime.xml
42 ms. Memory: 379392K Free: 102414K (27%)
----------------- Invoking toplevel() on ptolemy.moml.MoMLSimpleApplication@6a257924
----------------- Done invoking toplevel() on ptolemy.moml.MoMLSimpleApplication@6a257924
reloadAllAccessors: .StopTime

===========================================================================================
----------------- testing Sat Jun 09 20:04:56 UTC 2018 /home/travis/build/icyphy/ptII/ptolemy/domains/continuous/test/auto/StopTime2.xml
----------------- Instantiating /home/travis/build/icyphy/ptII/ptolemy/domains/continuous/test/auto/StopTime2.xml
41 ms. Memory: 379392K Free: 76602K (20%)
----------------- Invoking toplevel() on ptolemy.moml.MoMLSimpleApplication@4f3476cb
----------------- Done invoking toplevel() on ptolemy.moml.MoMLSimpleApplication@4f3476cb
reloadAllAccessors: .StopTime2

===========================================================================================
----------------- testing Sat Jun 09 20:04:56 UTC 2018 /home/travis/build/icyphy/ptII/ptolemy/domains/continuous/test/auto/Switch.xml
----------------- Instantiating /home/travis/build/icyphy/ptII/ptolemy/domains/continuous/test/auto/Switch.xml
56 ms. Memory: 379392K Free: 47572K (13%)
----------------- Invoking toplevel() on ptolemy.moml.MoMLSimpleApplication@94c77ea
----------------- Done invoking toplevel() on ptolemy.moml.MoMLSimpleApplication@94c77ea
reloadAllAccessors: .Switch

===========================================================================================
----------------- testing Sat Jun 09 20:04:56 UTC 2018 /home/travis/build/icyphy/ptII/ptolemy/domains/continuous/test/auto/Thermostat.xml
----------------- Instantiating /home/travis/build/icyphy/ptII/ptolemy/domains/continuous/test/auto/Thermostat.xml
231 ms. Memory: 359936K Free: 282238K (78%)
----------------- Invoking toplevel() on ptolemy.moml.MoMLSimpleApplication@2afb31d7
----------------- Done invoking toplevel() on ptolemy.moml.MoMLSimpleApplication@2afb31d7
reloadAllAccessors: .Thermostat

===========================================================================================
----------------- testing Sat Jun 09 20:04:56 UTC 2018 /home/travis/build/icyphy/ptII/ptolemy/domains/continuous/test/auto/TimeDelay.xml
----------------- Instantiating /home/travis/build/icyphy/ptII/ptolemy/domains/continuous/test/auto/TimeDelay.xml
6 ms. Memory: 359936K Free: 274127K (76%)
----------------- Invoking toplevel() on ptolemy.moml.MoMLSimpleApplication@dbc04ff
----------------- Done invoking toplevel() on ptolemy.moml.MoMLSimpleApplication@dbc04ff
reloadAllAccessors: .TimeDelay

===========================================================================================
----------------- testing Sat Jun 09 20:04:56 UTC 2018 /home/travis/build/icyphy/ptII/ptolemy/domains/continuous/test/auto/TimeDelay2.xml
----------------- Instantiating /home/travis/build/icyphy/ptII/ptolemy/domains/continuous/test/auto/TimeDelay2.xml
8 ms. Memory: 359936K Free: 260591K (72%)
----------------- Invoking toplevel() on ptolemy.moml.MoMLSimpleApplication@6c47a679
----------------- Done invoking toplevel() on ptolemy.moml.MoMLSimpleApplication@6c47a679
reloadAllAccessors: .TimeDelay2

===========================================================================================
----------------- testing Sat Jun 09 20:04:56 UTC 2018 /home/travis/build/icyphy/ptII/ptolemy/domains/continuous/test/auto/TimeDelay3.xml
----------------- Instantiating /home/travis/build/icyphy/ptII/ptolemy/domains/continuous/test/auto/TimeDelay3.xml
4 ms. Memory: 359936K Free: 253429K (70%)
----------------- Invoking toplevel() on ptolemy.moml.MoMLSimpleApplication@3cee2c00
----------------- Done invoking toplevel() on ptolemy.moml.MoMLSimpleApplication@3cee2c00
reloadAllAccessors: .TimeDelay3

===========================================================================================
----------------- testing Sat Jun 09 20:04:56 UTC 2018 /home/travis/build/icyphy/ptII/ptolemy/domains/continuous/test/auto/TransferAbsentToInside.xml
----------------- Instantiating /home/travis/build/icyphy/ptII/ptolemy/domains/continuous/test/auto/TransferAbsentToInside.xml
29 ms. Memory: 359936K Free: 193418K (54%)
----------------- Invoking toplevel() on ptolemy.moml.MoMLSimpleApplication@6ae4a41c
----------------- Done invoking toplevel() on ptolemy.moml.MoMLSimpleApplication@6ae4a41c
reloadAllAccessors: .TransferAbsentToInside

===========================================================================================
----------------- testing Sat Jun 09 20:04:56 UTC 2018 /home/travis/build/icyphy/ptII/ptolemy/domains/continuous/test/auto/Transmission.xml
----------------- Instantiating /home/travis/build/icyphy/ptII/ptolemy/domains/continuous/test/auto/Transmission.xml
866 ms. Memory: 353792K Free: 264544K (75%)
----------------- Invoking toplevel() on ptolemy.moml.MoMLSimpleApplication@1e0cba19
----------------- Done invoking toplevel() on ptolemy.moml.MoMLSimpleApplication@1e0cba19
reloadAllAccessors: .Transmission

===========================================================================================
----------------- testing Sat Jun 09 20:04:57 UTC 2018 /home/travis/build/icyphy/ptII/ptolemy/domains/continuous/test/auto/TriggeredContinuousClock.xml
----------------- Instantiating /home/travis/build/icyphy/ptII/ptolemy/domains/continuous/test/auto/TriggeredContinuousClock.xml
41 ms. Memory: 353792K Free: 230645K (65%)
----------------- Invoking toplevel() on ptolemy.moml.MoMLSimpleApplication@5ec0f29a
----------------- Done invoking toplevel() on ptolemy.moml.MoMLSimpleApplication@5ec0f29a
reloadAllAccessors: .TriggeredContinuousClock

===========================================================================================
----------------- testing Sat Jun 09 20:04:57 UTC 2018 /home/travis/build/icyphy/ptII/ptolemy/domains/continuous/test/auto/TwoMachineInfiniteBusControl.xml
----------------- Instantiating /home/travis/build/icyphy/ptII/ptolemy/domains/continuous/test/auto/TwoMachineInfiniteBusControl.xml
2415 ms. Memory: 319488K Free: 233110K (73%)
----------------- Invoking toplevel() on ptolemy.moml.MoMLSimpleApplication@1efb54c1
----------------- Done invoking toplevel() on ptolemy.moml.MoMLSimpleApplication@1efb54c1
reloadAllAccessors: .TwoMachineInfiniteBusControl

===========================================================================================
----------------- testing Sat Jun 09 20:05:00 UTC 2018 /home/travis/build/icyphy/ptII/ptolemy/domains/continuous/test/auto/V2V.xml
----------------- Instantiating /home/travis/build/icyphy/ptII/ptolemy/domains/continuous/test/auto/V2V.xml
732 ms. Memory: 319488K Free: 34022K (11%)
----------------- Invoking toplevel() on ptolemy.moml.MoMLSimpleApplication@556eb0fc
----------------- Done invoking toplevel() on ptolemy.moml.MoMLSimpleApplication@556eb0fc
reloadAllAccessors: .V2V

===========================================================================================
----------------- testing Sat Jun 09 20:05:01 UTC 2018 /home/travis/build/icyphy/ptII/ptolemy/domains/continuous/test/auto/hierarchicalModalModel.xml
----------------- Instantiating /home/travis/build/icyphy/ptII/ptolemy/domains/continuous/test/auto/hierarchicalModalModel.xml
8 ms. Memory: 307712K Free: 278971K (91%)
----------------- Invoking toplevel() on ptolemy.moml.MoMLSimpleApplication@52d0d286
----------------- Done invoking toplevel() on ptolemy.moml.MoMLSimpleApplication@52d0d286
reloadAllAccessors: .hierarchicalModalModel

===========================================================================================
----------------- testing Sat Jun 09 20:05:01 UTC 2018 /home/travis/build/icyphy/ptII/ptolemy/domains/continuous/test/auto/hierarchicalModalModel1.xml
----------------- Instantiating /home/travis/build/icyphy/ptII/ptolemy/domains/continuous/test/auto/hierarchicalModalModel1.xml
10 ms. Memory: 307712K Free: 262248K (85%)
----------------- Invoking toplevel() on ptolemy.moml.MoMLSimpleApplication@255fd377
----------------- Done invoking toplevel() on ptolemy.moml.MoMLSimpleApplication@255fd377
reloadAllAccessors: .hierarchicalModalModel1

===========================================================================================
----------------- testing Sat Jun 09 20:05:01 UTC 2018 /home/travis/build/icyphy/ptII/ptolemy/domains/continuous/test/auto/hierarchicalModalModel2.xml
----------------- Instantiating /home/travis/build/icyphy/ptII/ptolemy/domains/continuous/test/auto/hierarchicalModalModel2.xml
7 ms. Memory: 307712K Free: 247302K (80%)
----------------- Invoking toplevel() on ptolemy.moml.MoMLSimpleApplication@988a0ec
----------------- Done invoking toplevel() on ptolemy.moml.MoMLSimpleApplication@988a0ec
reloadAllAccessors: .hierarchicalModalModel2

===========================================================================================
----------------- testing Sat Jun 09 20:05:01 UTC 2018 /home/travis/build/icyphy/ptII/ptolemy/domains/continuous/test/auto/hierarchicalModalModel3.xml
----------------- Instantiating /home/travis/build/icyphy/ptII/ptolemy/domains/continuous/test/auto/hierarchicalModalModel3.xml
5 ms. Memory: 307712K Free: 234081K (76%)
----------------- Invoking toplevel() on ptolemy.moml.MoMLSimpleApplication@16129010
----------------- Done invoking toplevel() on ptolemy.moml.MoMLSimpleApplication@16129010
reloadAllAccessors: .hierarchicalModalModel3

===========================================================================================
----------------- testing Sat Jun 09 20:05:01 UTC 2018 /home/travis/build/icyphy/ptII/ptolemy/domains/continuous/test/auto/hierarchicalModalModel4.xml
----------------- Instantiating /home/travis/build/icyphy/ptII/ptolemy/domains/continuous/test/auto/hierarchicalModalModel4.xml
5 ms. Memory: 307712K Free: 219164K (71%)
----------------- Invoking toplevel() on ptolemy.moml.MoMLSimpleApplication@1828f564
----------------- Done invoking toplevel() on ptolemy.moml.MoMLSimpleApplication@1828f564
reloadAllAccessors: .hierarchicalModalModel4

===========================================================================================
----------------- testing Sat Jun 09 20:05:01 UTC 2018 /home/travis/build/icyphy/ptII/ptolemy/domains/continuous/test/auto/junk.xml
----------------- Instantiating /home/travis/build/icyphy/ptII/ptolemy/domains/continuous/test/auto/junk.xml
115 ms. Memory: 307712K Free: 181452K (59%)
----------------- Invoking toplevel() on ptolemy.moml.MoMLSimpleApplication@2cdd80ff
----------------- Done invoking toplevel() on ptolemy.moml.MoMLSimpleApplication@2cdd80ff
reloadAllAccessors: .junk
AutoTests.java: About to close Vertx.
AutoTests.java: Vertx closed.
]]></system-out>
  <system-err><![CDATA[Warning: '.Poisson.NonStrictTest' The test produced only 373 tokens, yet the correctValues parameter was expecting 430 tokens.
]]></system-err>
</testsuite>
