<?xml version="1.0" encoding="UTF-8" ?>
<testsuite errors="0" failures="0" hostname="travis-job-a1f00ce1-cf01-431d-acd0-e71ba8cc7587" name="ptolemy.domains.de.test.junit.JUnitTclTest" skipped="0" tests="101" time="130.159" timestamp="2018-11-09T02:42:39">
  <properties>
[...]
</properties>
  <testcase classname="ptolemy.util.test.junit.TclTests" name="[0] /home/travis/build/icyphy/ptII/ptolemy/domains/de/test/DependencyLoop.tcl (RunTclFile)" time="0.768" />
  <testcase classname="ptolemy.util.test.junit.TclTests" name="[1] /home/travis/build/icyphy/ptII/ptolemy/domains/de/test/RunDETestsAsQSS.tcl (RunTclFile)" time="89.532" />
  <testcase classname="ptolemy.util.test.junit.AutoKnownFailedTests" name="[0] /home/travis/build/icyphy/ptII/ptolemy/domains/de/test/auto/knownFailedTests/DESDFClockTest.xml (RunModel)" time="2.032" />
  <testcase classname="ptolemy.util.test.junit.AutoKnownFailedTests" name="[1] /home/travis/build/icyphy/ptII/ptolemy/domains/de/test/auto/knownFailedTests/DirectFeedback.xml (RunModel)" time="0.014" />
  <testcase classname="ptolemy.util.test.junit.AutoKnownFailedTests" name="[2] /home/travis/build/icyphy/ptII/ptolemy/domains/de/test/auto/knownFailedTests/FSMSource.xml (RunModel)" time="0.019" />
  <testcase classname="ptolemy.util.test.junit.AutoKnownFailedTests" name="[3] /home/travis/build/icyphy/ptII/ptolemy/domains/de/test/auto/knownFailedTests/HierarchicalModel.xml (RunModel)" time="0.052" />
  <testcase classname="ptolemy.util.test.junit.AutoKnownFailedTests" name="[4] /home/travis/build/icyphy/ptII/ptolemy/domains/de/test/auto/knownFailedTests/dependencyLoop.xml (RunModel)" time="0.046" />
  <testcase classname="ptolemy.util.test.junit.AutoKnownFailedTests" name="[5] /home/travis/build/icyphy/ptII/ptolemy/domains/de/test/auto/knownFailedTests/dependencyLoop2.xml (RunModel)" time="0.036" />
  <testcase classname="ptolemy.util.test.junit.AutoNameArchTests" name="[0] ThereAreNoAutoArchTests (RunModel)" time="0.001" />
  <testcase classname="ptolemy.util.test.junit.AutoTests" name="[0] /home/travis/build/icyphy/ptII/ptolemy/domains/de/test/auto/ActorDepthCalculation_actorWithoutPorts.xml (RunModel)" time="0.011" />
  <testcase classname="ptolemy.util.test.junit.AutoTests" name="[1] /home/travis/build/icyphy/ptII/ptolemy/domains/de/test/auto/AssemblyLine.xml (RunModel)" time="0.012" />
  <testcase classname="ptolemy.util.test.junit.AutoTests" name="[2] /home/travis/build/icyphy/ptII/ptolemy/domains/de/test/auto/CQBug1.xml (RunModel)" time="0.006" />
  <testcase classname="ptolemy.util.test.junit.AutoTests" name="[3] /home/travis/build/icyphy/ptII/ptolemy/domains/de/test/auto/CancelFireAt.xml (RunModel)" time="0.005" />
  <testcase classname="ptolemy.util.test.junit.AutoTests" name="[4] /home/travis/build/icyphy/ptII/ptolemy/domains/de/test/auto/CausalityAndComposabilityAnalysis.xml (RunModel)" time="0.008" />
  <testcase classname="ptolemy.util.test.junit.AutoTests" name="[5] /home/travis/build/icyphy/ptII/ptolemy/domains/de/test/auto/CausalityInterface1.xml (RunModel)" time="0.009" />
  <testcase classname="ptolemy.util.test.junit.AutoTests" name="[6] /home/travis/build/icyphy/ptII/ptolemy/domains/de/test/auto/CausalityInterface15.xml (RunModel)" time="0.014" />
  <testcase classname="ptolemy.util.test.junit.AutoTests" name="[7] /home/travis/build/icyphy/ptII/ptolemy/domains/de/test/auto/CausalityInterface2.xml (RunModel)" time="0.008" />
  <testcase classname="ptolemy.util.test.junit.AutoTests" name="[8] /home/travis/build/icyphy/ptII/ptolemy/domains/de/test/auto/CausalityInterface3.xml (RunModel)" time="0.008" />
  <testcase classname="ptolemy.util.test.junit.AutoTests" name="[9] /home/travis/build/icyphy/ptII/ptolemy/domains/de/test/auto/ClockDrift.xml (RunModel)" time="0.026" />
  <testcase classname="ptolemy.util.test.junit.AutoTests" name="[10] /home/travis/build/icyphy/ptII/ptolemy/domains/de/test/auto/ClockDriftAndValueChange.xml (RunModel)" time="0.023" />
  <testcase classname="ptolemy.util.test.junit.AutoTests" name="[11] /home/travis/build/icyphy/ptII/ptolemy/domains/de/test/auto/ClockDriftChange.xml (RunModel)" time="0.026" />
  <testcase classname="ptolemy.util.test.junit.AutoTests" name="[12] /home/travis/build/icyphy/ptII/ptolemy/domains/de/test/auto/ComposableCausalityAnalysis.xml (RunModel)" time="0.014" />
  <testcase classname="ptolemy.util.test.junit.AutoTests" name="[13] /home/travis/build/icyphy/ptII/ptolemy/domains/de/test/auto/DEFixedPointLimitation.xml (RunModel)" time="0.01" />
  <testcase classname="ptolemy.util.test.junit.AutoTests" name="[14] /home/travis/build/icyphy/ptII/ptolemy/domains/de/test/auto/DEScheduleTest.xml (RunModel)" time="0.011" />
  <testcase classname="ptolemy.util.test.junit.AutoTests" name="[15] /home/travis/build/icyphy/ptII/ptolemy/domains/de/test/auto/DEinDEwithStartTimes.xml (RunModel)" time="0.013" />
  <testcase classname="ptolemy.util.test.junit.AutoTests" name="[16] /home/travis/build/icyphy/ptII/ptolemy/domains/de/test/auto/DEinDEwithStartTimes2.xml (RunModel)" time="0.014" />
  <testcase classname="ptolemy.util.test.junit.AutoTests" name="[17] /home/travis/build/icyphy/ptII/ptolemy/domains/de/test/auto/DateDemo.xml (RunModel)" time="0.028" />
  <testcase classname="ptolemy.util.test.junit.AutoTests" name="[18] /home/travis/build/icyphy/ptII/ptolemy/domains/de/test/auto/DateToEvent.xml (RunModel)" time="2.033" />
  <testcase classname="ptolemy.util.test.junit.AutoTests" name="[19] /home/travis/build/icyphy/ptII/ptolemy/domains/de/test/auto/DepthTest1.xml (RunModel)" time="0.009" />
  <testcase classname="ptolemy.util.test.junit.AutoTests" name="[20] /home/travis/build/icyphy/ptII/ptolemy/domains/de/test/auto/DepthTest2.xml (RunModel)" time="0.016" />
  <testcase classname="ptolemy.util.test.junit.AutoTests" name="[21] /home/travis/build/icyphy/ptII/ptolemy/domains/de/test/auto/DepthTest3.xml (RunModel)" time="0.008" />
  <testcase classname="ptolemy.util.test.junit.AutoTests" name="[22] /home/travis/build/icyphy/ptII/ptolemy/domains/de/test/auto/DepthTest4.xml (RunModel)" time="0.011" />
  <testcase classname="ptolemy.util.test.junit.AutoTests" name="[23] /home/travis/build/icyphy/ptII/ptolemy/domains/de/test/auto/DepthTest5.xml (RunModel)" time="0.014" />
  <testcase classname="ptolemy.util.test.junit.AutoTests" name="[24] /home/travis/build/icyphy/ptII/ptolemy/domains/de/test/auto/DepthTest6.xml (RunModel)" time="0.013" />
  <testcase classname="ptolemy.util.test.junit.AutoTests" name="[25] /home/travis/build/icyphy/ptII/ptolemy/domains/de/test/auto/DepthTest7.xml (RunModel)" time="0.019" />
  <testcase classname="ptolemy.util.test.junit.AutoTests" name="[26] /home/travis/build/icyphy/ptII/ptolemy/domains/de/test/auto/EventToDate.xml (RunModel)" time="3.037" />
  <testcase classname="ptolemy.util.test.junit.AutoTests" name="[27] /home/travis/build/icyphy/ptII/ptolemy/domains/de/test/auto/FSM1.xml (RunModel)" time="0.029" />
  <testcase classname="ptolemy.util.test.junit.AutoTests" name="[28] /home/travis/build/icyphy/ptII/ptolemy/domains/de/test/auto/FSM7.xml (RunModel)" time="0.03" />
  <testcase classname="ptolemy.util.test.junit.AutoTests" name="[29] /home/travis/build/icyphy/ptII/ptolemy/domains/de/test/auto/Inspection.xml (RunModel)" time="0.038" />
  <testcase classname="ptolemy.util.test.junit.AutoTests" name="[30] /home/travis/build/icyphy/ptII/ptolemy/domains/de/test/auto/Iteration.xml (RunModel)" time="0.018" />
  <testcase classname="ptolemy.util.test.junit.AutoTests" name="[31] /home/travis/build/icyphy/ptII/ptolemy/domains/de/test/auto/LineFault.xml (RunModel)" time="0.539" />
  <testcase classname="ptolemy.util.test.junit.AutoTests" name="[32] /home/travis/build/icyphy/ptII/ptolemy/domains/de/test/auto/MergeModel1Add.xml (RunModel)" time="0.04" />
  <testcase classname="ptolemy.util.test.junit.AutoTests" name="[33] /home/travis/build/icyphy/ptII/ptolemy/domains/de/test/auto/MergeModel2Add.xml (RunModel)" time="0.036" />
  <testcase classname="ptolemy.util.test.junit.AutoTests" name="[34] /home/travis/build/icyphy/ptII/ptolemy/domains/de/test/auto/MergeModel3Add.xml (RunModel)" time="0.041" />
  <testcase classname="ptolemy.util.test.junit.AutoTests" name="[35] /home/travis/build/icyphy/ptII/ptolemy/domains/de/test/auto/MergeWithoutDiscard.xml (RunModel)" time="0.008" />
  <testcase classname="ptolemy.util.test.junit.AutoTests" name="[36] /home/travis/build/icyphy/ptII/ptolemy/domains/de/test/auto/Modal1.xml (RunModel)" time="0.025" />
  <testcase classname="ptolemy.util.test.junit.AutoTests" name="[37] /home/travis/build/icyphy/ptII/ptolemy/domains/de/test/auto/Modal2.xml (RunModel)" time="0.027" />
  <testcase classname="ptolemy.util.test.junit.AutoTests" name="[38] /home/travis/build/icyphy/ptII/ptolemy/domains/de/test/auto/Modal3.xml (RunModel)" time="0.025" />
  <testcase classname="ptolemy.util.test.junit.AutoTests" name="[39] /home/travis/build/icyphy/ptII/ptolemy/domains/de/test/auto/Modal4.xml (RunModel)" time="0.026" />
  <testcase classname="ptolemy.util.test.junit.AutoTests" name="[40] /home/travis/build/icyphy/ptII/ptolemy/domains/de/test/auto/Modal5.xml (RunModel)" time="0.029" />
  <testcase classname="ptolemy.util.test.junit.AutoTests" name="[41] /home/travis/build/icyphy/ptII/ptolemy/domains/de/test/auto/Modal6.xml (RunModel)" time="0.026" />
  <testcase classname="ptolemy.util.test.junit.AutoTests" name="[42] /home/travis/build/icyphy/ptII/ptolemy/domains/de/test/auto/Modal7.xml (RunModel)" time="0.025" />
  <testcase classname="ptolemy.util.test.junit.AutoTests" name="[43] /home/travis/build/icyphy/ptII/ptolemy/domains/de/test/auto/ModalModel.xml (RunModel)" time="0.154" />
  <testcase classname="ptolemy.util.test.junit.AutoTests" name="[44] /home/travis/build/icyphy/ptII/ptolemy/domains/de/test/auto/ModalSource.xml (RunModel)" time="0.018" />
  <testcase classname="ptolemy.util.test.junit.AutoTests" name="[45] /home/travis/build/icyphy/ptII/ptolemy/domains/de/test/auto/NonInterruptibleTimerZeroDelay.xml (RunModel)" time="0.011" />
  <testcase classname="ptolemy.util.test.junit.AutoTests" name="[46] /home/travis/build/icyphy/ptII/ptolemy/domains/de/test/auto/OpenQueueingNetwork.xml (RunModel)" time="2.113" />
  <testcase classname="ptolemy.util.test.junit.AutoTests" name="[47] /home/travis/build/icyphy/ptII/ptolemy/domains/de/test/auto/OpenQueuingNetwork.xml (RunModel)" time="0.267" />
  <testcase classname="ptolemy.util.test.junit.AutoTests" name="[48] /home/travis/build/icyphy/ptII/ptolemy/domains/de/test/auto/PeriodicSampler.xml (RunModel)" time="0.009" />
  <testcase classname="ptolemy.util.test.junit.AutoTests" name="[49] /home/travis/build/icyphy/ptII/ptolemy/domains/de/test/auto/PersistentIO.xml (RunModel)" time="0.019" />
  <testcase classname="ptolemy.util.test.junit.AutoTests" name="[50] /home/travis/build/icyphy/ptII/ptolemy/domains/de/test/auto/PortParameterResetOnInitialize.xml (RunModel)" time="0.011" />
  <testcase classname="ptolemy.util.test.junit.AutoTests" name="[51] /home/travis/build/icyphy/ptII/ptolemy/domains/de/test/auto/PortParameterUpdates.xml (RunModel)" time="0.019" />
  <testcase classname="ptolemy.util.test.junit.AutoTests" name="[52] /home/travis/build/icyphy/ptII/ptolemy/domains/de/test/auto/QueueAndServer.xml (RunModel)" time="0.022" />
  <testcase classname="ptolemy.util.test.junit.AutoTests" name="[53] /home/travis/build/icyphy/ptII/ptolemy/domains/de/test/auto/Records.xml (RunModel)" time="0.015" />
  <testcase classname="ptolemy.util.test.junit.AutoTests" name="[54] /home/travis/build/icyphy/ptII/ptolemy/domains/de/test/auto/ResetTransitionWithStartTime1.xml (RunModel)" time="0.021" />
  <testcase classname="ptolemy.util.test.junit.AutoTests" name="[55] /home/travis/build/icyphy/ptII/ptolemy/domains/de/test/auto/ResetTransitionWithStartTime2.xml (RunModel)" time="0.018" />
  <testcase classname="ptolemy.util.test.junit.AutoTests" name="[56] /home/travis/build/icyphy/ptII/ptolemy/domains/de/test/auto/ResetTransitionWithStartTime3.xml (RunModel)" time="0.017" />
  <testcase classname="ptolemy.util.test.junit.AutoTests" name="[57] /home/travis/build/icyphy/ptII/ptolemy/domains/de/test/auto/ResetTransitionWithStartTime4.xml (RunModel)" time="0.017" />
  <testcase classname="ptolemy.util.test.junit.AutoTests" name="[58] /home/travis/build/icyphy/ptII/ptolemy/domains/de/test/auto/ResettableTimer1.xml (RunModel)" time="0.01" />
  <testcase classname="ptolemy.util.test.junit.AutoTests" name="[59] /home/travis/build/icyphy/ptII/ptolemy/domains/de/test/auto/ResettableTimer2.xml (RunModel)" time="0.009" />
  <testcase classname="ptolemy.util.test.junit.AutoTests" name="[60] /home/travis/build/icyphy/ptII/ptolemy/domains/de/test/auto/ResettableTimer3.xml (RunModel)" time="0.009" />
  <testcase classname="ptolemy.util.test.junit.AutoTests" name="[61] /home/travis/build/icyphy/ptII/ptolemy/domains/de/test/auto/ResettableTimer4.xml (RunModel)" time="0.009" />
  <testcase classname="ptolemy.util.test.junit.AutoTests" name="[62] /home/travis/build/icyphy/ptII/ptolemy/domains/de/test/auto/ResettableTimer5.xml (RunModel)" time="0.01" />
  <testcase classname="ptolemy.util.test.junit.AutoTests" name="[63] /home/travis/build/icyphy/ptII/ptolemy/domains/de/test/auto/ResettableTimer6.xml (RunModel)" time="0.011" />
  <testcase classname="ptolemy.util.test.junit.AutoTests" name="[64] /home/travis/build/icyphy/ptII/ptolemy/domains/de/test/auto/ServerZeroDelay.xml (RunModel)" time="0.01" />
  <testcase classname="ptolemy.util.test.junit.AutoTests" name="[65] /home/travis/build/icyphy/ptII/ptolemy/domains/de/test/auto/SmartSender.xml (RunModel)" time="3.009" />
  <testcase classname="ptolemy.util.test.junit.AutoTests" name="[66] /home/travis/build/icyphy/ptII/ptolemy/domains/de/test/auto/ThreadedComposite.xml (RunModel)" time="0.144" />
  <testcase classname="ptolemy.util.test.junit.AutoTests" name="[67] /home/travis/build/icyphy/ptII/ptolemy/domains/de/test/auto/Time.xml (RunModel)" time="0.425" />
  <testcase classname="ptolemy.util.test.junit.AutoTests" name="[68] /home/travis/build/icyphy/ptII/ptolemy/domains/de/test/auto/TimeDelayZeroDelay.xml (RunModel)" time="0.01" />
  <testcase classname="ptolemy.util.test.junit.AutoTests" name="[69] /home/travis/build/icyphy/ptII/ptolemy/domains/de/test/auto/TimerZeroDelay.xml (RunModel)" time="0.009" />
  <testcase classname="ptolemy.util.test.junit.AutoTests" name="[70] /home/travis/build/icyphy/ptII/ptolemy/domains/de/test/auto/TimingParadox.xml (RunModel)" time="0.337" />
  <testcase classname="ptolemy.util.test.junit.AutoTests" name="[71] /home/travis/build/icyphy/ptII/ptolemy/domains/de/test/auto/TransferInputs.xml (RunModel)" time="0.013" />
  <testcase classname="ptolemy.util.test.junit.AutoTests" name="[72] /home/travis/build/icyphy/ptII/ptolemy/domains/de/test/auto/TransferOutputs2.xml (RunModel)" time="0.015" />
  <testcase classname="ptolemy.util.test.junit.AutoTests" name="[73] /home/travis/build/icyphy/ptII/ptolemy/domains/de/test/auto/Trilateration.xml (RunModel)" time="11.897" />
  <testcase classname="ptolemy.util.test.junit.AutoTests" name="[74] /home/travis/build/icyphy/ptII/ptolemy/domains/de/test/auto/TwoSigmaDelta.xml (RunModel)" time="2.137" />
  <testcase classname="ptolemy.util.test.junit.AutoTests" name="[75] /home/travis/build/icyphy/ptII/ptolemy/domains/de/test/auto/VariableDelay.xml (RunModel)" time="0.017" />
  <testcase classname="ptolemy.util.test.junit.AutoTests" name="[76] /home/travis/build/icyphy/ptII/ptolemy/domains/de/test/auto/VariableDelay2.xml (RunModel)" time="0.009" />
  <testcase classname="ptolemy.util.test.junit.AutoTests" name="[77] /home/travis/build/icyphy/ptII/ptolemy/domains/de/test/auto/VariableDelayZeroDelay.xml (RunModel)" time="0.01" />
  <testcase classname="ptolemy.util.test.junit.AutoTests" name="[78] /home/travis/build/icyphy/ptII/ptolemy/domains/de/test/auto/VariableDelayZeroDelay2.xml (RunModel)" time="0.01" />
  <testcase classname="ptolemy.util.test.junit.AutoTests" name="[79] /home/travis/build/icyphy/ptII/ptolemy/domains/de/test/auto/deInCt.xml (RunModel)" time="0.013" />
  <testcase classname="ptolemy.util.test.junit.AutoTests" name="[80] /home/travis/build/icyphy/ptII/ptolemy/domains/de/test/auto/deInCt2.xml (RunModel)" time="0.013" />
  <testcase classname="ptolemy.util.test.junit.AutoTests" name="[81] /home/travis/build/icyphy/ptII/ptolemy/domains/de/test/auto/dynamicCausalityInterface1.xml (RunModel)" time="0.018" />
  <testcase classname="ptolemy.util.test.junit.AutoTests" name="[82] /home/travis/build/icyphy/ptII/ptolemy/domains/de/test/auto/fsm_de_test.xml (RunModel)" time="0.021" />
  <testcase classname="ptolemy.util.test.junit.AutoTests" name="[83] /home/travis/build/icyphy/ptII/ptolemy/domains/de/test/auto/functionDependencyReconstruction.xml (RunModel)" time="0.033" />
  <testcase classname="ptolemy.util.test.junit.AutoTests" name="[84] /home/travis/build/icyphy/ptII/ptolemy/domains/de/test/auto/multirate.xml (RunModel)" time="0.014" />
  <testcase classname="ptolemy.util.test.junit.AutoTests" name="[85] /home/travis/build/icyphy/ptII/ptolemy/domains/de/test/auto/multirate2.xml (RunModel)" time="0.014" />
  <testcase classname="ptolemy.util.test.junit.AutoTests" name="[86] /home/travis/build/icyphy/ptII/ptolemy/domains/de/test/auto/realtime.xml (RunModel)" time="10.01" />
  <testcase classname="ptolemy.util.test.junit.AutoTests" name="[87] /home/travis/build/icyphy/ptII/ptolemy/domains/de/test/auto/relationGroup.xml (RunModel)" time="0.008" />
  <testcase classname="ptolemy.util.test.junit.AutoTests" name="[88] /home/travis/build/icyphy/ptII/ptolemy/domains/de/test/auto/relationGroup2.xml (RunModel)" time="0.006" />
  <testcase classname="ptolemy.util.test.junit.AutoTests" name="[89] /home/travis/build/icyphy/ptII/ptolemy/domains/de/test/auto/sortWithOpaquePorts.xml (RunModel)" time="0.008" />
  <testcase classname="ptolemy.util.test.junit.AutoTests" name="[90] /home/travis/build/icyphy/ptII/ptolemy/domains/de/test/auto/transferInputsandOutputs.xml (RunModel)" time="0.015" />
  <testcase classname="ptolemy.util.test.junit.AutoTests" name="[91] /home/travis/build/icyphy/ptII/ptolemy/domains/de/test/auto/triggerType.xml (RunModel)" time="0.009" />
  <system-out><![CDATA[/home/travis/build/icyphy/ptII/ptolemy/domains/de/test/DependencyLoop.tcl
testDefs.tcl: setting time out to 9000 seconds at Fri Nov 09 02:42:40 UTC 2018
14 ms. Memory: 116224K Free: 93947K (81%)
10 ms. Memory: 146944K Free: 135465K (92%)
/home/travis/build/icyphy/ptII/ptolemy/domains/de/test/RunDETestsAsQSS.tcl
Run the DE tests using ptolemy.domains.qss.test.QSSDirectorTest, which extends QSSDirector and prints a message in the constructors.
------------------ testing $PTII/ptolemy/domains/de/test/auto/knownFailedTests/dependencyLoop.xml (Known Failure) 
11 ms. Memory: 146944K Free: 132353K (90%)


==== $PTIIhome/travis/build/icyphy/ptII/ptolemy/domains/de/test/../../../../: Auto Automatic test in file $PTII/ptolemy/domains/de/test/auto/knownFailedTests/dependencyLoop.xml
==== Contents of test case:

	    # FIXME: we should use $relativeFilename here, but it
	    # might have backslashes under Windows, which causes no end
	    # of trouble.
	    createAndExecute $file
	    list {}
	
.... Test generated KNOWN error:
    while executing
ptolemy.kernel.util.IllegalActionException: Found a zero delay loop containing .dependencyLoop.original
  in .dependencyLoop and .dependencyLoop.original
	at ptolemy.actor.util.CausalityInterfaceForComposites._computeOutputPortDepth(CausalityInterfaceForComposites.java:759)
	at ptolemy.actor.util.CausalityInterfaceForComposites._computeInputDepth(CausalityInterfaceForComposites.java:696)
	at ptolemy.actor.util.CausalityInterfaceForComposites._computeOutputPortDepth(CausalityInterfaceForComposites.java:765)
	at ptolemy.actor.util.CausalityInterfaceForComposites._computeInputDepth(CausalityInterfaceForComposites.java:696)
	at ptolemy.actor.util.CausalityInterfaceForComposites._computeOutputPortDepth(CausalityInterfaceForComposites.java:765)
	at ptolemy.actor.util.CausalityInterfaceForComposites._computeInputDepth(CausalityInterfaceForComposites.java:696)
	at ptolemy.actor.util.CausalityInterfaceForComposites._computeActorDepth(CausalityInterfaceForComposites.java:532)
	at ptolemy.actor.util.CausalityInterfaceForComposites.checkForCycles(CausalityInterfaceForComposites.java:96)
	at ptolemy.domains.de.kernel.DEDirector.preinitialize(DEDirector.java:1338)
	at ptolemy.actor.CompositeActor.preinitialize(CompositeActor.java:1828)
	at ptolemy.actor.Manager.preinitializeAndResolveTypes(Manager.java:1040)
	at ptolemy.actor.Manager.initialize(Manager.java:710)
	at ptolemy.actor.Manager.execute(Manager.java:356)
	at ptolemy.actor.Manager.run(Manager.java:1263)
	at ptolemy.actor.Manager$PtolemyRunThread.run(Manager.java:1915)

    while executing
ptolemy.kernel.util.IllegalActionException: Found a zero delay loop containing .dependencyLoop.original
  in .dependencyLoop and .dependencyLoop.original
    while executing
"java::new ptolemy.moml.MoMLSimpleApplication $file
"
    (procedure "createAndExecute" line 2)
    invoked from within
"createAndExecute $file"
    ("uplevel" body line 5)
    invoked from within
"uplevel $contents_of_test"
------------------ testing $PTII/ptolemy/domains/de/test/auto/knownFailedTests/DESDFClockTest.xml (Known Failure) 
2052 ms. Memory: 146944K Free: 116523K (79%)


==== $PTIIhome/travis/build/icyphy/ptII/ptolemy/domains/de/test/../../../../: Auto Automatic test in file $PTII/ptolemy/domains/de/test/auto/knownFailedTests/DESDFClockTest.xml
==== Contents of test case:

	    # FIXME: we should use $relativeFilename here, but it
	    # might have backslashes under Windows, which causes no end
	    # of trouble.
	    createAndExecute $file
	    list {}
	
.... Test generated KNOWN error:
    while executing
ptolemy.kernel.util.IllegalActionException: Actor is not ready to fire.  Perhaps UpSample.prefire() returned false? Try debugging the actor by selecting "Listen to Actor".  Also, for SDF check moml for tokenConsumptionRate on input.
  in .DESDFClockTest.Play Bell.Copy1:SDF Director and .DESDFClockTest.Play Bell.UpSample
	at ptolemy.actor.sched.StaticSchedulingDirector.fire(StaticSchedulingDirector.java:227)
	at ptolemy.domains.sdf.kernel.SDFDirector.fire(SDFDirector.java:500)
	at ptolemy.actor.CompositeActor.fire(CompositeActor.java:455)
	at ptolemy.domains.de.kernel.DEDirector._fire(DEDirector.java:1949)
	at ptolemy.domains.de.kernel.DEDirector.fire(DEDirector.java:502)
	at ptolemy.actor.CompositeActor.fire(CompositeActor.java:455)
	at ptolemy.actor.Manager.iterate(Manager.java:851)
	at ptolemy.actor.Manager.execute(Manager.java:369)
	at ptolemy.actor.Manager.run(Manager.java:1263)
	at ptolemy.actor.Manager$PtolemyRunThread.run(Manager.java:1915)

    while executing
ptolemy.kernel.util.IllegalActionException: Actor is not ready to fire.  Perhaps UpSample.prefire() returned false? Try debugging the actor by selecting "Listen to Actor".  Also, for SDF check moml for tokenConsumptionRate on input.
  in .DESDFClockTest.Play Bell.Copy1:SDF Director and .DESDFClockTest.Play Bell.UpSample
    while executing
"java::new ptolemy.moml.MoMLSimpleApplication $file
"
    (procedure "createAndExecute" line 2)
    invoked from within
"createAndExecute $file"
    ("uplevel" body line 5)
    invoked from within
"uplevel $contents_of_test"
------------------ testing $PTII/ptolemy/domains/de/test/auto/knownFailedTests/FSMSource.xml (Known Failure) 
21 ms. Memory: 146944K Free: 107023K (73%)
!!!! Auto was marked as failing, but now passes
------------------ testing $PTII/ptolemy/domains/de/test/auto/knownFailedTests/dependencyLoop2.xml (Known Failure) 
6 ms. Memory: 146944K Free: 105164K (72%)


==== $PTIIhome/travis/build/icyphy/ptII/ptolemy/domains/de/test/../../../../: Auto Automatic test in file $PTII/ptolemy/domains/de/test/auto/knownFailedTests/dependencyLoop2.xml
==== Contents of test case:

	    # FIXME: we should use $relativeFilename here, but it
	    # might have backslashes under Windows, which causes no end
	    # of trouble.
	    createAndExecute $file
	    list {}
	
.... Test generated KNOWN error:
    while executing
ptolemy.kernel.util.IllegalActionException: Found a zero delay loop containing .dependencyLoop2.original
  in .dependencyLoop2 and .dependencyLoop2.original
	at ptolemy.actor.util.CausalityInterfaceForComposites._computeOutputPortDepth(CausalityInterfaceForComposites.java:759)
	at ptolemy.actor.util.CausalityInterfaceForComposites._computeInputDepth(CausalityInterfaceForComposites.java:696)
	at ptolemy.actor.util.CausalityInterfaceForComposites._computeOutputPortDepth(CausalityInterfaceForComposites.java:765)
	at ptolemy.actor.util.CausalityInterfaceForComposites._computeInputDepth(CausalityInterfaceForComposites.java:696)
	at ptolemy.actor.util.CausalityInterfaceForComposites._computeOutputPortDepth(CausalityInterfaceForComposites.java:765)
	at ptolemy.actor.util.CausalityInterfaceForComposites._computeInputDepth(CausalityInterfaceForComposites.java:696)
	at ptolemy.actor.util.CausalityInterfaceForComposites._computeActorDepth(CausalityInterfaceForComposites.java:532)
	at ptolemy.actor.util.CausalityInterfaceForComposites.checkForCycles(CausalityInterfaceForComposites.java:96)
	at ptolemy.domains.de.kernel.DEDirector.preinitialize(DEDirector.java:1338)
	at ptolemy.actor.CompositeActor.preinitialize(CompositeActor.java:1828)
	at ptolemy.actor.Manager.preinitializeAndResolveTypes(Manager.java:1040)
	at ptolemy.actor.Manager.initialize(Manager.java:710)
	at ptolemy.actor.Manager.execute(Manager.java:356)
	at ptolemy.actor.Manager.run(Manager.java:1263)
	at ptolemy.actor.Manager$PtolemyRunThread.run(Manager.java:1915)

    while executing
ptolemy.kernel.util.IllegalActionException: Found a zero delay loop containing .dependencyLoop2.original
  in .dependencyLoop2 and .dependencyLoop2.original
    while executing
"java::new ptolemy.moml.MoMLSimpleApplication $file
"
    (procedure "createAndExecute" line 2)
    invoked from within
"createAndExecute $file"
    ("uplevel" body line 5)
    invoked from within
"uplevel $contents_of_test"
------------------ testing $PTII/ptolemy/domains/de/test/auto/knownFailedTests/HierarchicalModel.xml (Known Failure) 
6 ms. Memory: 146944K Free: 83456K (57%)


==== $PTIIhome/travis/build/icyphy/ptII/ptolemy/domains/de/test/../../../../: Auto Automatic test in file $PTII/ptolemy/domains/de/test/auto/knownFailedTests/HierarchicalModel.xml
==== Contents of test case:

	    # FIXME: we should use $relativeFilename here, but it
	    # might have backslashes under Windows, which causes no end
	    # of trouble.
	    createAndExecute $file
	    list {}
	
.... Test generated KNOWN error:
    while executing
ptolemy.kernel.util.IllegalActionException: Found a zero delay loop containing .HierarchicalModel.A
  in .HierarchicalModel and .HierarchicalModel.A
	at ptolemy.actor.util.CausalityInterfaceForComposites._computeOutputPortDepth(CausalityInterfaceForComposites.java:759)
	at ptolemy.actor.util.CausalityInterfaceForComposites._computeInputDepth(CausalityInterfaceForComposites.java:696)
	at ptolemy.actor.util.CausalityInterfaceForComposites._computeOutputPortDepth(CausalityInterfaceForComposites.java:765)
	at ptolemy.actor.util.CausalityInterfaceForComposites._computeInputDepth(CausalityInterfaceForComposites.java:696)
	at ptolemy.actor.util.CausalityInterfaceForComposites._computeOutputPortDepth(CausalityInterfaceForComposites.java:765)
	at ptolemy.actor.util.CausalityInterfaceForComposites._computeInputDepth(CausalityInterfaceForComposites.java:696)
	at ptolemy.actor.util.CausalityInterfaceForComposites._computeActorDepth(CausalityInterfaceForComposites.java:532)
	at ptolemy.actor.util.CausalityInterfaceForComposites.checkForCycles(CausalityInterfaceForComposites.java:96)
	at ptolemy.domains.de.kernel.DEDirector.preinitialize(DEDirector.java:1338)
	at ptolemy.actor.CompositeActor.preinitialize(CompositeActor.java:1828)
	at ptolemy.actor.Manager.preinitializeAndResolveTypes(Manager.java:1040)
	at ptolemy.actor.Manager.initialize(Manager.java:710)
	at ptolemy.actor.Manager.execute(Manager.java:356)
	at ptolemy.actor.Manager.run(Manager.java:1263)
	at ptolemy.actor.Manager$PtolemyRunThread.run(Manager.java:1915)

    while executing
ptolemy.kernel.util.IllegalActionException: Found a zero delay loop containing .HierarchicalModel.A
  in .HierarchicalModel and .HierarchicalModel.A
    while executing
"java::new ptolemy.moml.MoMLSimpleApplication $file
"
    (procedure "createAndExecute" line 2)
    invoked from within
"createAndExecute $file"
    ("uplevel" body line 5)
    invoked from within
"uplevel $contents_of_test"
------------------ testing $PTII/ptolemy/domains/de/test/auto/knownFailedTests/DirectFeedback.xml (Known Failure) 
4 ms. Memory: 146944K Free: 140364K (96%)


==== $PTIIhome/travis/build/icyphy/ptII/ptolemy/domains/de/test/../../../../: Auto Automatic test in file $PTII/ptolemy/domains/de/test/auto/knownFailedTests/DirectFeedback.xml
==== Contents of test case:

	    # FIXME: we should use $relativeFilename here, but it
	    # might have backslashes under Windows, which causes no end
	    # of trouble.
	    createAndExecute $file
	    list {}
	
.... Test generated KNOWN error:
    while executing
ptolemy.kernel.util.IllegalActionException: Test fails in iteration 1.
Value was: 1.0. Should have been: 2.0
  in .DirectFeedback.Test
	at ptolemy.actor.lib.Test.fire(Test.java:268)
	at ptolemy.domains.de.kernel.DEDirector._fire(DEDirector.java:1949)
	at ptolemy.domains.de.kernel.DEDirector.fire(DEDirector.java:502)
	at ptolemy.actor.CompositeActor.fire(CompositeActor.java:455)
	at ptolemy.actor.Manager.iterate(Manager.java:851)
	at ptolemy.actor.Manager.execute(Manager.java:369)
	at ptolemy.actor.Manager.run(Manager.java:1263)
	at ptolemy.actor.Manager$PtolemyRunThread.run(Manager.java:1915)

    while executing
ptolemy.kernel.util.IllegalActionException: Test fails in iteration 1.
Value was: 1.0. Should have been: 2.0
  in .DirectFeedback.Test
    while executing
"java::new ptolemy.moml.MoMLSimpleApplication $file
"
    (procedure "createAndExecute" line 2)
    invoked from within
"createAndExecute $file"
    ("uplevel" body line 5)
    invoked from within
"uplevel $contents_of_test"
------------------ testing $PTII/ptolemy/domains/de/test/auto/ActorDepthCalculation_actorWithoutPorts.xml
auto.tcl: Setting watchdog for 200 seconds at Fri Nov 09 02:42:43 UTC 2018
8 ms. Memory: 146944K Free: 131448K (89%)
ptolemy.util.test.WatchDog.cancel(): canceling Fri Nov 09 02:42:43 UTC 2018
auto.tcl: Setting watchdog for 200 seconds at Fri Nov 09 02:42:43 UTC 2018
9 ms. Memory: 146944K Free: 130415K (89%)
ptolemy.util.test.WatchDog.cancel(): canceling Fri Nov 09 02:42:43 UTC 2018
------------------ testing $PTII/ptolemy/domains/de/test/auto/AssemblyLine.xml
auto.tcl: Setting watchdog for 200 seconds at Fri Nov 09 02:42:43 UTC 2018
12 ms. Memory: 208384K Free: 182848K (88%)
ptolemy.util.test.WatchDog.cancel(): canceling Fri Nov 09 02:42:43 UTC 2018
auto.tcl: Setting watchdog for 200 seconds at Fri Nov 09 02:42:43 UTC 2018
12 ms. Memory: 208384K Free: 182848K (88%)
ptolemy.util.test.WatchDog.cancel(): canceling Fri Nov 09 02:42:43 UTC 2018
------------------ testing $PTII/ptolemy/domains/de/test/auto/CQBug1.xml
auto.tcl: Setting watchdog for 200 seconds at Fri Nov 09 02:42:43 UTC 2018
4 ms. Memory: 208384K Free: 197714K (95%)
ptolemy.util.test.WatchDog.cancel(): canceling Fri Nov 09 02:42:44 UTC 2018
auto.tcl: Setting watchdog for 200 seconds at Fri Nov 09 02:42:44 UTC 2018
3 ms. Memory: 208384K Free: 197714K (95%)
ptolemy.util.test.WatchDog.cancel(): canceling Fri Nov 09 02:42:44 UTC 2018
------------------ testing $PTII/ptolemy/domains/de/test/auto/CancelFireAt.xml
auto.tcl: Setting watchdog for 200 seconds at Fri Nov 09 02:42:44 UTC 2018
4 ms. Memory: 208384K Free: 201094K (97%)
ptolemy.util.test.WatchDog.cancel(): canceling Fri Nov 09 02:42:44 UTC 2018
auto.tcl: Setting watchdog for 200 seconds at Fri Nov 09 02:42:44 UTC 2018
2 ms. Memory: 208384K Free: 198995K (95%)
ptolemy.util.test.WatchDog.cancel(): canceling Fri Nov 09 02:42:44 UTC 2018
------------------ testing $PTII/ptolemy/domains/de/test/auto/CausalityAndComposabilityAnalysis.xml
auto.tcl: Setting watchdog for 200 seconds at Fri Nov 09 02:42:44 UTC 2018
15 ms. Memory: 208384K Free: 196499K (94%)
ptolemy.util.test.WatchDog.cancel(): canceling Fri Nov 09 02:42:44 UTC 2018
auto.tcl: Setting watchdog for 200 seconds at Fri Nov 09 02:42:44 UTC 2018
5 ms. Memory: 208384K Free: 196499K (94%)
ptolemy.util.test.WatchDog.cancel(): canceling Fri Nov 09 02:42:44 UTC 2018
------------------ testing $PTII/ptolemy/domains/de/test/auto/CausalityInterface1.xml
auto.tcl: Setting watchdog for 200 seconds at Fri Nov 09 02:42:44 UTC 2018
13 ms. Memory: 208384K Free: 196430K (94%)
ptolemy.util.test.WatchDog.cancel(): canceling Fri Nov 09 02:42:44 UTC 2018
auto.tcl: Setting watchdog for 200 seconds at Fri Nov 09 02:42:44 UTC 2018
4 ms. Memory: 208384K Free: 196430K (94%)
ptolemy.util.test.WatchDog.cancel(): canceling Fri Nov 09 02:42:44 UTC 2018
------------------ testing $PTII/ptolemy/domains/de/test/auto/CausalityInterface15.xml
auto.tcl: Setting watchdog for 200 seconds at Fri Nov 09 02:42:44 UTC 2018
4 ms. Memory: 208384K Free: 196420K (94%)
ptolemy.util.test.WatchDog.cancel(): canceling Fri Nov 09 02:42:44 UTC 2018
auto.tcl: Setting watchdog for 200 seconds at Fri Nov 09 02:42:44 UTC 2018
7 ms. Memory: 208384K Free: 196420K (94%)
ptolemy.util.test.WatchDog.cancel(): canceling Fri Nov 09 02:42:44 UTC 2018
------------------ testing $PTII/ptolemy/domains/de/test/auto/CausalityInterface2.xml
auto.tcl: Setting watchdog for 200 seconds at Fri Nov 09 02:42:44 UTC 2018
10 ms. Memory: 208384K Free: 196403K (94%)
ptolemy.util.test.WatchDog.cancel(): canceling Fri Nov 09 02:42:44 UTC 2018
auto.tcl: Setting watchdog for 200 seconds at Fri Nov 09 02:42:44 UTC 2018
3 ms. Memory: 208384K Free: 196403K (94%)
ptolemy.util.test.WatchDog.cancel(): canceling Fri Nov 09 02:42:44 UTC 2018
------------------ testing $PTII/ptolemy/domains/de/test/auto/CausalityInterface3.xml
auto.tcl: Setting watchdog for 200 seconds at Fri Nov 09 02:42:44 UTC 2018
8 ms. Memory: 208384K Free: 196752K (94%)
ptolemy.util.test.WatchDog.cancel(): canceling Fri Nov 09 02:42:44 UTC 2018
auto.tcl: Setting watchdog for 200 seconds at Fri Nov 09 02:42:44 UTC 2018
3 ms. Memory: 208384K Free: 196752K (94%)
ptolemy.util.test.WatchDog.cancel(): canceling Fri Nov 09 02:42:44 UTC 2018
------------------ testing $PTII/ptolemy/domains/de/test/auto/ClockDrift.xml
auto.tcl: Setting watchdog for 200 seconds at Fri Nov 09 02:42:44 UTC 2018
95 ms. Memory: 208384K Free: 187658K (90%)
ptolemy.util.test.WatchDog.cancel(): canceling Fri Nov 09 02:42:44 UTC 2018
auto.tcl: Setting watchdog for 200 seconds at Fri Nov 09 02:42:44 UTC 2018
60 ms. Memory: 208384K Free: 185561K (89%)
ptolemy.util.test.WatchDog.cancel(): canceling Fri Nov 09 02:42:44 UTC 2018
------------------ testing $PTII/ptolemy/domains/de/test/auto/ClockDriftAndValueChange.xml
auto.tcl: Setting watchdog for 200 seconds at Fri Nov 09 02:42:44 UTC 2018
44 ms. Memory: 208384K Free: 187492K (90%)
ptolemy.util.test.WatchDog.cancel(): canceling Fri Nov 09 02:42:45 UTC 2018
auto.tcl: Setting watchdog for 200 seconds at Fri Nov 09 02:42:45 UTC 2018
22 ms. Memory: 208384K Free: 185395K (89%)
ptolemy.util.test.WatchDog.cancel(): canceling Fri Nov 09 02:42:45 UTC 2018
------------------ testing $PTII/ptolemy/domains/de/test/auto/ClockDriftChange.xml
auto.tcl: Setting watchdog for 200 seconds at Fri Nov 09 02:42:45 UTC 2018
33 ms. Memory: 208384K Free: 190817K (92%)
ptolemy.util.test.WatchDog.cancel(): canceling Fri Nov 09 02:42:45 UTC 2018
auto.tcl: Setting watchdog for 200 seconds at Fri Nov 09 02:42:45 UTC 2018
32 ms. Memory: 208384K Free: 188721K (91%)
ptolemy.util.test.WatchDog.cancel(): canceling Fri Nov 09 02:42:45 UTC 2018
------------------ testing $PTII/ptolemy/domains/de/test/auto/ComposableCausalityAnalysis.xml
auto.tcl: Setting watchdog for 200 seconds at Fri Nov 09 02:42:45 UTC 2018
3 ms. Memory: 208384K Free: 196029K (94%)
ptolemy.util.test.WatchDog.cancel(): canceling Fri Nov 09 02:42:45 UTC 2018
auto.tcl: Setting watchdog for 200 seconds at Fri Nov 09 02:42:45 UTC 2018
3 ms. Memory: 208384K Free: 193932K (93%)
ptolemy.util.test.WatchDog.cancel(): canceling Fri Nov 09 02:42:45 UTC 2018
------------------ testing $PTII/ptolemy/domains/de/test/auto/DEFixedPointLimitation.xml
auto.tcl: Setting watchdog for 200 seconds at Fri Nov 09 02:42:45 UTC 2018
2 ms. Memory: 208384K Free: 196109K (94%)
ptolemy.util.test.WatchDog.cancel(): canceling Fri Nov 09 02:42:45 UTC 2018
auto.tcl: Setting watchdog for 200 seconds at Fri Nov 09 02:42:45 UTC 2018
1 ms. Memory: 208384K Free: 196109K (94%)
ptolemy.util.test.WatchDog.cancel(): canceling Fri Nov 09 02:42:45 UTC 2018
------------------ testing $PTII/ptolemy/domains/de/test/auto/DEScheduleTest.xml
auto.tcl: Setting watchdog for 200 seconds at Fri Nov 09 02:42:45 UTC 2018
11 ms. Memory: 208384K Free: 198241K (95%)
ptolemy.util.test.WatchDog.cancel(): canceling Fri Nov 09 02:42:45 UTC 2018
auto.tcl: Setting watchdog for 200 seconds at Fri Nov 09 02:42:45 UTC 2018
2 ms. Memory: 208384K Free: 196145K (94%)
ptolemy.util.test.WatchDog.cancel(): canceling Fri Nov 09 02:42:45 UTC 2018
------------------ testing $PTII/ptolemy/domains/de/test/auto/DEinDEwithStartTimes.xml
auto.tcl: Setting watchdog for 200 seconds at Fri Nov 09 02:42:45 UTC 2018
3 ms. Memory: 208384K Free: 196114K (94%)
ptolemy.util.test.WatchDog.cancel(): canceling Fri Nov 09 02:42:45 UTC 2018
auto.tcl: Setting watchdog for 200 seconds at Fri Nov 09 02:42:45 UTC 2018
3 ms. Memory: 208384K Free: 194018K (93%)
ptolemy.util.test.WatchDog.cancel(): canceling Fri Nov 09 02:42:45 UTC 2018
------------------ testing $PTII/ptolemy/domains/de/test/auto/DEinDEwithStartTimes2.xml
auto.tcl: Setting watchdog for 200 seconds at Fri Nov 09 02:42:45 UTC 2018
8 ms. Memory: 208384K Free: 196431K (94%)
ptolemy.util.test.WatchDog.cancel(): canceling Fri Nov 09 02:42:45 UTC 2018
auto.tcl: Setting watchdog for 200 seconds at Fri Nov 09 02:42:45 UTC 2018
4 ms. Memory: 208384K Free: 193997K (93%)
ptolemy.util.test.WatchDog.cancel(): canceling Fri Nov 09 02:42:45 UTC 2018
------------------ testing $PTII/ptolemy/domains/de/test/auto/DateDemo.xml
auto.tcl: Setting watchdog for 200 seconds at Fri Nov 09 02:42:45 UTC 2018
9 ms. Memory: 208384K Free: 188542K (90%)
ptolemy.util.test.WatchDog.cancel(): canceling Fri Nov 09 02:42:45 UTC 2018
auto.tcl: Setting watchdog for 200 seconds at Fri Nov 09 02:42:45 UTC 2018
6 ms. Memory: 208384K Free: 186446K (89%)
ptolemy.util.test.WatchDog.cancel(): canceling Fri Nov 09 02:42:45 UTC 2018
------------------ testing $PTII/ptolemy/domains/de/test/auto/DateToEvent.xml
auto.tcl: Setting watchdog for 200 seconds at Fri Nov 09 02:42:45 UTC 2018
2018 ms. Memory: 208384K Free: 183267K (88%)
ptolemy.util.test.WatchDog.cancel(): canceling Fri Nov 09 02:42:47 UTC 2018
auto.tcl: Setting watchdog for 200 seconds at Fri Nov 09 02:42:47 UTC 2018
2005 ms. Memory: 208384K Free: 183267K (88%)
ptolemy.util.test.WatchDog.cancel(): canceling Fri Nov 09 02:42:49 UTC 2018
------------------ testing $PTII/ptolemy/domains/de/test/auto/DepthTest1.xml
auto.tcl: Setting watchdog for 200 seconds at Fri Nov 09 02:42:49 UTC 2018
3 ms. Memory: 208384K Free: 195312K (94%)
ptolemy.util.test.WatchDog.cancel(): canceling Fri Nov 09 02:42:50 UTC 2018
auto.tcl: Setting watchdog for 200 seconds at Fri Nov 09 02:42:50 UTC 2018
4 ms. Memory: 208384K Free: 195312K (94%)
ptolemy.util.test.WatchDog.cancel(): canceling Fri Nov 09 02:42:50 UTC 2018
------------------ testing $PTII/ptolemy/domains/de/test/auto/DepthTest2.xml
auto.tcl: Setting watchdog for 200 seconds at Fri Nov 09 02:42:50 UTC 2018
6 ms. Memory: 208384K Free: 193978K (93%)
ptolemy.util.test.WatchDog.cancel(): canceling Fri Nov 09 02:42:50 UTC 2018
auto.tcl: Setting watchdog for 200 seconds at Fri Nov 09 02:42:50 UTC 2018
4 ms. Memory: 208384K Free: 193978K (93%)
ptolemy.util.test.WatchDog.cancel(): canceling Fri Nov 09 02:42:50 UTC 2018
------------------ testing $PTII/ptolemy/domains/de/test/auto/DepthTest3.xml
auto.tcl: Setting watchdog for 200 seconds at Fri Nov 09 02:42:50 UTC 2018
2 ms. Memory: 208384K Free: 198104K (95%)
ptolemy.util.test.WatchDog.cancel(): canceling Fri Nov 09 02:42:50 UTC 2018
auto.tcl: Setting watchdog for 200 seconds at Fri Nov 09 02:42:50 UTC 2018
1 ms. Memory: 208384K Free: 198104K (95%)
ptolemy.util.test.WatchDog.cancel(): canceling Fri Nov 09 02:42:50 UTC 2018
------------------ testing $PTII/ptolemy/domains/de/test/auto/DepthTest4.xml
auto.tcl: Setting watchdog for 200 seconds at Fri Nov 09 02:42:50 UTC 2018
10 ms. Memory: 208384K Free: 196095K (94%)
ptolemy.util.test.WatchDog.cancel(): canceling Fri Nov 09 02:42:50 UTC 2018
auto.tcl: Setting watchdog for 200 seconds at Fri Nov 09 02:42:50 UTC 2018
3 ms. Memory: 208384K Free: 196095K (94%)
ptolemy.util.test.WatchDog.cancel(): canceling Fri Nov 09 02:42:50 UTC 2018
------------------ testing $PTII/ptolemy/domains/de/test/auto/DepthTest5.xml
auto.tcl: Setting watchdog for 200 seconds at Fri Nov 09 02:42:50 UTC 2018
3 ms. Memory: 208384K Free: 196042K (94%)
ptolemy.util.test.WatchDog.cancel(): canceling Fri Nov 09 02:42:50 UTC 2018
auto.tcl: Setting watchdog for 200 seconds at Fri Nov 09 02:42:50 UTC 2018
2 ms. Memory: 208384K Free: 196042K (94%)
ptolemy.util.test.WatchDog.cancel(): canceling Fri Nov 09 02:42:50 UTC 2018
------------------ testing $PTII/ptolemy/domains/de/test/auto/DepthTest6.xml
auto.tcl: Setting watchdog for 200 seconds at Fri Nov 09 02:42:50 UTC 2018
8 ms. Memory: 208384K Free: 196347K (94%)
ptolemy.util.test.WatchDog.cancel(): canceling Fri Nov 09 02:42:50 UTC 2018
auto.tcl: Setting watchdog for 200 seconds at Fri Nov 09 02:42:50 UTC 2018
2 ms. Memory: 208384K Free: 196347K (94%)
ptolemy.util.test.WatchDog.cancel(): canceling Fri Nov 09 02:42:50 UTC 2018
------------------ testing $PTII/ptolemy/domains/de/test/auto/DepthTest7.xml
auto.tcl: Setting watchdog for 200 seconds at Fri Nov 09 02:42:50 UTC 2018
3 ms. Memory: 208384K Free: 195999K (94%)
ptolemy.util.test.WatchDog.cancel(): canceling Fri Nov 09 02:42:50 UTC 2018
auto.tcl: Setting watchdog for 200 seconds at Fri Nov 09 02:42:50 UTC 2018
2 ms. Memory: 208384K Free: 195999K (94%)
ptolemy.util.test.WatchDog.cancel(): canceling Fri Nov 09 02:42:50 UTC 2018
------------------ testing $PTII/ptolemy/domains/de/test/auto/EventToDate.xml
auto.tcl: Setting watchdog for 200 seconds at Fri Nov 09 02:42:50 UTC 2018
3005 ms. Memory: 208384K Free: 185539K (89%)
ptolemy.util.test.WatchDog.cancel(): canceling Fri Nov 09 02:42:53 UTC 2018
auto.tcl: Setting watchdog for 200 seconds at Fri Nov 09 02:42:53 UTC 2018
3004 ms. Memory: 208384K Free: 185539K (89%)
ptolemy.util.test.WatchDog.cancel(): canceling Fri Nov 09 02:42:56 UTC 2018
------------------ testing $PTII/ptolemy/domains/de/test/auto/FSM1.xml
auto.tcl: Setting watchdog for 200 seconds at Fri Nov 09 02:42:56 UTC 2018
16 ms. Memory: 208384K Free: 189056K (91%)
ptolemy.util.test.WatchDog.cancel(): canceling Fri Nov 09 02:42:56 UTC 2018
auto.tcl: Setting watchdog for 200 seconds at Fri Nov 09 02:42:56 UTC 2018
15 ms. Memory: 208384K Free: 184864K (89%)
ptolemy.util.test.WatchDog.cancel(): canceling Fri Nov 09 02:42:56 UTC 2018
------------------ testing $PTII/ptolemy/domains/de/test/auto/FSM7.xml
auto.tcl: Setting watchdog for 200 seconds at Fri Nov 09 02:42:56 UTC 2018
14 ms. Memory: 208384K Free: 187165K (90%)
ptolemy.util.test.WatchDog.cancel(): canceling Fri Nov 09 02:42:56 UTC 2018
auto.tcl: Setting watchdog for 200 seconds at Fri Nov 09 02:42:56 UTC 2018
14 ms. Memory: 208384K Free: 185069K (89%)
ptolemy.util.test.WatchDog.cancel(): canceling Fri Nov 09 02:42:56 UTC 2018
------------------ testing $PTII/ptolemy/domains/de/test/auto/Inspection.xml
auto.tcl: Setting watchdog for 200 seconds at Fri Nov 09 02:42:56 UTC 2018
40 ms. Memory: 208384K Free: 188716K (91%)
ptolemy.util.test.WatchDog.cancel(): canceling Fri Nov 09 02:42:56 UTC 2018
auto.tcl: Setting watchdog for 200 seconds at Fri Nov 09 02:42:56 UTC 2018
41 ms. Memory: 208384K Free: 186620K (90%)
ptolemy.util.test.WatchDog.cancel(): canceling Fri Nov 09 02:42:56 UTC 2018
------------------ testing $PTII/ptolemy/domains/de/test/auto/Iteration.xml
auto.tcl: Setting watchdog for 200 seconds at Fri Nov 09 02:42:57 UTC 2018
10 ms. Memory: 208384K Free: 195806K (94%)
ptolemy.util.test.WatchDog.cancel(): canceling Fri Nov 09 02:42:57 UTC 2018
auto.tcl: Setting watchdog for 200 seconds at Fri Nov 09 02:42:57 UTC 2018
8 ms. Memory: 208384K Free: 193709K (93%)
ptolemy.util.test.WatchDog.cancel(): canceling Fri Nov 09 02:42:57 UTC 2018
------------------ testing $PTII/ptolemy/domains/de/test/auto/LineFault.xml
auto.tcl: Setting watchdog for 200 seconds at Fri Nov 09 02:42:57 UTC 2018
836 ms. Memory: 208384K Free: 196029K (94%)
ptolemy.util.test.WatchDog.cancel(): canceling Fri Nov 09 02:42:58 UTC 2018
auto.tcl: Setting watchdog for 200 seconds at Fri Nov 09 02:42:58 UTC 2018
639 ms. Memory: 208384K Free: 138792K (67%)
ptolemy.util.test.WatchDog.cancel(): canceling Fri Nov 09 02:42:58 UTC 2018
------------------ testing $PTII/ptolemy/domains/de/test/auto/MergeModel1Add.xml
auto.tcl: Setting watchdog for 200 seconds at Fri Nov 09 02:42:58 UTC 2018
31 ms. Memory: 331264K Free: 298603K (90%)
ptolemy.util.test.WatchDog.cancel(): canceling Fri Nov 09 02:42:59 UTC 2018
auto.tcl: Setting watchdog for 200 seconds at Fri Nov 09 02:42:59 UTC 2018
9 ms. Memory: 331264K Free: 298603K (90%)
ptolemy.util.test.WatchDog.cancel(): canceling Fri Nov 09 02:42:59 UTC 2018
------------------ testing $PTII/ptolemy/domains/de/test/auto/MergeModel2Add.xml
auto.tcl: Setting watchdog for 200 seconds at Fri Nov 09 02:42:59 UTC 2018
11 ms. Memory: 331264K Free: 303889K (92%)
ptolemy.util.test.WatchDog.cancel(): canceling Fri Nov 09 02:42:59 UTC 2018
auto.tcl: Setting watchdog for 200 seconds at Fri Nov 09 02:42:59 UTC 2018
8 ms. Memory: 331264K Free: 299941K (91%)
ptolemy.util.test.WatchDog.cancel(): canceling Fri Nov 09 02:42:59 UTC 2018
------------------ testing $PTII/ptolemy/domains/de/test/auto/MergeModel3Add.xml
auto.tcl: Setting watchdog for 200 seconds at Fri Nov 09 02:42:59 UTC 2018
11 ms. Memory: 331264K Free: 303899K (92%)
ptolemy.util.test.WatchDog.cancel(): canceling Fri Nov 09 02:42:59 UTC 2018
auto.tcl: Setting watchdog for 200 seconds at Fri Nov 09 02:42:59 UTC 2018
10 ms. Memory: 331264K Free: 299951K (91%)
ptolemy.util.test.WatchDog.cancel(): canceling Fri Nov 09 02:42:59 UTC 2018
------------------ testing $PTII/ptolemy/domains/de/test/auto/MergeWithoutDiscard.xml
auto.tcl: Setting watchdog for 200 seconds at Fri Nov 09 02:42:59 UTC 2018
2 ms. Memory: 331264K Free: 319573K (96%)
ptolemy.util.test.WatchDog.cancel(): canceling Fri Nov 09 02:42:59 UTC 2018
auto.tcl: Setting watchdog for 200 seconds at Fri Nov 09 02:42:59 UTC 2018
1 ms. Memory: 331264K Free: 315625K (95%)
ptolemy.util.test.WatchDog.cancel(): canceling Fri Nov 09 02:42:59 UTC 2018
------------------ testing $PTII/ptolemy/domains/de/test/auto/Modal1.xml
auto.tcl: Setting watchdog for 200 seconds at Fri Nov 09 02:42:59 UTC 2018
15 ms. Memory: 331264K Free: 309231K (93%)
ptolemy.util.test.WatchDog.cancel(): canceling Fri Nov 09 02:42:59 UTC 2018
auto.tcl: Setting watchdog for 200 seconds at Fri Nov 09 02:42:59 UTC 2018
11 ms. Memory: 331264K Free: 305283K (92%)
ptolemy.util.test.WatchDog.cancel(): canceling Fri Nov 09 02:42:59 UTC 2018
------------------ testing $PTII/ptolemy/domains/de/test/auto/Modal2.xml
auto.tcl: Setting watchdog for 200 seconds at Fri Nov 09 02:42:59 UTC 2018
9 ms. Memory: 331264K Free: 309113K (93%)
ptolemy.util.test.WatchDog.cancel(): canceling Fri Nov 09 02:42:59 UTC 2018
auto.tcl: Setting watchdog for 200 seconds at Fri Nov 09 02:42:59 UTC 2018
11 ms. Memory: 331264K Free: 305165K (92%)
ptolemy.util.test.WatchDog.cancel(): canceling Fri Nov 09 02:42:59 UTC 2018
------------------ testing $PTII/ptolemy/domains/de/test/auto/Modal3.xml
auto.tcl: Setting watchdog for 200 seconds at Fri Nov 09 02:42:59 UTC 2018
16 ms. Memory: 331264K Free: 309103K (93%)
ptolemy.util.test.WatchDog.cancel(): canceling Fri Nov 09 02:42:59 UTC 2018
auto.tcl: Setting watchdog for 200 seconds at Fri Nov 09 02:42:59 UTC 2018
14 ms. Memory: 331264K Free: 305155K (92%)
ptolemy.util.test.WatchDog.cancel(): canceling Fri Nov 09 02:42:59 UTC 2018
------------------ testing $PTII/ptolemy/domains/de/test/auto/Modal4.xml
auto.tcl: Setting watchdog for 200 seconds at Fri Nov 09 02:42:59 UTC 2018
12 ms. Memory: 331264K Free: 309116K (93%)
ptolemy.util.test.WatchDog.cancel(): canceling Fri Nov 09 02:42:59 UTC 2018
auto.tcl: Setting watchdog for 200 seconds at Fri Nov 09 02:42:59 UTC 2018
25 ms. Memory: 331264K Free: 300253K (91%)
ptolemy.util.test.WatchDog.cancel(): canceling Fri Nov 09 02:42:59 UTC 2018
------------------ testing $PTII/ptolemy/domains/de/test/auto/Modal5.xml
auto.tcl: Setting watchdog for 200 seconds at Fri Nov 09 02:42:59 UTC 2018
19 ms. Memory: 331264K Free: 309103K (93%)
ptolemy.util.test.WatchDog.cancel(): canceling Fri Nov 09 02:42:59 UTC 2018
auto.tcl: Setting watchdog for 200 seconds at Fri Nov 09 02:42:59 UTC 2018
13 ms. Memory: 331264K Free: 305155K (92%)
ptolemy.util.test.WatchDog.cancel(): canceling Fri Nov 09 02:42:59 UTC 2018
------------------ testing $PTII/ptolemy/domains/de/test/auto/Modal6.xml
auto.tcl: Setting watchdog for 200 seconds at Fri Nov 09 02:43:00 UTC 2018
13 ms. Memory: 331264K Free: 309101K (93%)
ptolemy.util.test.WatchDog.cancel(): canceling Fri Nov 09 02:43:00 UTC 2018
auto.tcl: Setting watchdog for 200 seconds at Fri Nov 09 02:43:00 UTC 2018
14 ms. Memory: 331264K Free: 305152K (92%)
ptolemy.util.test.WatchDog.cancel(): canceling Fri Nov 09 02:43:00 UTC 2018
------------------ testing $PTII/ptolemy/domains/de/test/auto/Modal7.xml
auto.tcl: Setting watchdog for 200 seconds at Fri Nov 09 02:43:00 UTC 2018
16 ms. Memory: 331264K Free: 309100K (93%)
ptolemy.util.test.WatchDog.cancel(): canceling Fri Nov 09 02:43:00 UTC 2018
auto.tcl: Setting watchdog for 200 seconds at Fri Nov 09 02:43:00 UTC 2018
11 ms. Memory: 331264K Free: 305152K (92%)
ptolemy.util.test.WatchDog.cancel(): canceling Fri Nov 09 02:43:00 UTC 2018
------------------ testing $PTII/ptolemy/domains/de/test/auto/ModalModel.xml
auto.tcl: Setting watchdog for 200 seconds at Fri Nov 09 02:43:00 UTC 2018
209 ms. Memory: 331264K Free: 245614K (74%)
ptolemy.util.test.WatchDog.cancel(): canceling Fri Nov 09 02:43:00 UTC 2018
auto.tcl: Setting watchdog for 200 seconds at Fri Nov 09 02:43:00 UTC 2018
178 ms. Memory: 331264K Free: 190142K (57%)
ptolemy.util.test.WatchDog.cancel(): canceling Fri Nov 09 02:43:00 UTC 2018
------------------ testing $PTII/ptolemy/domains/de/test/auto/ModalSource.xml
auto.tcl: Setting watchdog for 200 seconds at Fri Nov 09 02:43:00 UTC 2018
10 ms. Memory: 331264K Free: 316056K (95%)
ptolemy.util.test.WatchDog.cancel(): canceling Fri Nov 09 02:43:00 UTC 2018
auto.tcl: Setting watchdog for 200 seconds at Fri Nov 09 02:43:00 UTC 2018
6 ms. Memory: 331264K Free: 312525K (94%)
ptolemy.util.test.WatchDog.cancel(): canceling Fri Nov 09 02:43:00 UTC 2018
------------------ testing $PTII/ptolemy/domains/de/test/auto/NonInterruptibleTimerZeroDelay.xml
auto.tcl: Setting watchdog for 200 seconds at Fri Nov 09 02:43:00 UTC 2018
5 ms. Memory: 331264K Free: 320241K (97%)
ptolemy.util.test.WatchDog.cancel(): canceling Fri Nov 09 02:43:00 UTC 2018
auto.tcl: Setting watchdog for 200 seconds at Fri Nov 09 02:43:00 UTC 2018
2 ms. Memory: 331264K Free: 316709K (96%)
ptolemy.util.test.WatchDog.cancel(): canceling Fri Nov 09 02:43:00 UTC 2018
------------------ testing $PTII/ptolemy/domains/de/test/auto/OpenQueueingNetwork.xml
auto.tcl: Setting watchdog for 200 seconds at Fri Nov 09 02:43:00 UTC 2018
2714 ms. Memory: 573952K Free: 409159K (71%)
ptolemy.util.test.WatchDog.cancel(): canceling Fri Nov 09 02:43:03 UTC 2018
auto.tcl: Setting watchdog for 200 seconds at Fri Nov 09 02:43:03 UTC 2018
2355 ms. Memory: 550912K Free: 312347K (57%)
ptolemy.util.test.WatchDog.cancel(): canceling Fri Nov 09 02:43:06 UTC 2018
------------------ testing $PTII/ptolemy/domains/de/test/auto/OpenQueuingNetwork.xml
auto.tcl: Setting watchdog for 200 seconds at Fri Nov 09 02:43:06 UTC 2018
208 ms. Memory: 549888K Free: 445295K (81%)
ptolemy.util.test.WatchDog.cancel(): canceling Fri Nov 09 02:43:06 UTC 2018
auto.tcl: Setting watchdog for 200 seconds at Fri Nov 09 02:43:06 UTC 2018
211 ms. Memory: 549888K Free: 386032K (70%)
ptolemy.util.test.WatchDog.cancel(): canceling Fri Nov 09 02:43:06 UTC 2018
------------------ testing $PTII/ptolemy/domains/de/test/auto/PeriodicSampler.xml
auto.tcl: Setting watchdog for 200 seconds at Fri Nov 09 02:43:06 UTC 2018
3 ms. Memory: 551936K Free: 531527K (96%)
ptolemy.util.test.WatchDog.cancel(): canceling Fri Nov 09 02:43:06 UTC 2018
auto.tcl: Setting watchdog for 200 seconds at Fri Nov 09 02:43:06 UTC 2018
1 ms. Memory: 551936K Free: 531527K (96%)
ptolemy.util.test.WatchDog.cancel(): canceling Fri Nov 09 02:43:06 UTC 2018
------------------ testing $PTII/ptolemy/domains/de/test/auto/PersistentIO.xml
auto.tcl: Setting watchdog for 200 seconds at Fri Nov 09 02:43:06 UTC 2018
6 ms. Memory: 549376K Free: 524178K (95%)
ptolemy.util.test.WatchDog.cancel(): canceling Fri Nov 09 02:43:06 UTC 2018
auto.tcl: Setting watchdog for 200 seconds at Fri Nov 09 02:43:06 UTC 2018
4 ms. Memory: 549376K Free: 524178K (95%)
ptolemy.util.test.WatchDog.cancel(): canceling Fri Nov 09 02:43:06 UTC 2018
------------------ testing $PTII/ptolemy/domains/de/test/auto/PortParameterResetOnInitialize.xml
auto.tcl: Setting watchdog for 200 seconds at Fri Nov 09 02:43:06 UTC 2018
3 ms. Memory: 551424K Free: 531476K (96%)
ptolemy.util.test.WatchDog.cancel(): canceling Fri Nov 09 02:43:06 UTC 2018
auto.tcl: Setting watchdog for 200 seconds at Fri Nov 09 02:43:06 UTC 2018
2 ms. Memory: 551424K Free: 531476K (96%)
ptolemy.util.test.WatchDog.cancel(): canceling Fri Nov 09 02:43:06 UTC 2018
------------------ testing $PTII/ptolemy/domains/de/test/auto/PortParameterUpdates.xml
auto.tcl: Setting watchdog for 200 seconds at Fri Nov 09 02:43:06 UTC 2018
4 ms. Memory: 549376K Free: 523928K (95%)
ptolemy.util.test.WatchDog.cancel(): canceling Fri Nov 09 02:43:06 UTC 2018
auto.tcl: Setting watchdog for 200 seconds at Fri Nov 09 02:43:06 UTC 2018
3 ms. Memory: 549376K Free: 523928K (95%)
ptolemy.util.test.WatchDog.cancel(): canceling Fri Nov 09 02:43:06 UTC 2018
------------------ testing $PTII/ptolemy/domains/de/test/auto/QueueAndServer.xml
auto.tcl: Setting watchdog for 200 seconds at Fri Nov 09 02:43:07 UTC 2018
19 ms. Memory: 551424K Free: 525939K (95%)
ptolemy.util.test.WatchDog.cancel(): canceling Fri Nov 09 02:43:07 UTC 2018
auto.tcl: Setting watchdog for 200 seconds at Fri Nov 09 02:43:07 UTC 2018
6 ms. Memory: 551424K Free: 525939K (95%)
ptolemy.util.test.WatchDog.cancel(): canceling Fri Nov 09 02:43:07 UTC 2018
------------------ testing $PTII/ptolemy/domains/de/test/auto/Records.xml
auto.tcl: Setting watchdog for 200 seconds at Fri Nov 09 02:43:07 UTC 2018
13 ms. Memory: 549376K Free: 533917K (97%)
ptolemy.util.test.WatchDog.cancel(): canceling Fri Nov 09 02:43:07 UTC 2018
auto.tcl: Setting watchdog for 200 seconds at Fri Nov 09 02:43:07 UTC 2018
2 ms. Memory: 549376K Free: 528530K (96%)
ptolemy.util.test.WatchDog.cancel(): canceling Fri Nov 09 02:43:07 UTC 2018
------------------ testing $PTII/ptolemy/domains/de/test/auto/ResetTransitionWithStartTime1.xml
auto.tcl: Setting watchdog for 200 seconds at Fri Nov 09 02:43:07 UTC 2018
13 ms. Memory: 551424K Free: 530587K (96%)
ptolemy.util.test.WatchDog.cancel(): canceling Fri Nov 09 02:43:07 UTC 2018
auto.tcl: Setting watchdog for 200 seconds at Fri Nov 09 02:43:07 UTC 2018
5 ms. Memory: 551424K Free: 530587K (96%)
ptolemy.util.test.WatchDog.cancel(): canceling Fri Nov 09 02:43:07 UTC 2018
------------------ testing $PTII/ptolemy/domains/de/test/auto/ResetTransitionWithStartTime2.xml
auto.tcl: Setting watchdog for 200 seconds at Fri Nov 09 02:43:07 UTC 2018
5 ms. Memory: 549376K Free: 528760K (96%)
ptolemy.util.test.WatchDog.cancel(): canceling Fri Nov 09 02:43:07 UTC 2018
auto.tcl: Setting watchdog for 200 seconds at Fri Nov 09 02:43:07 UTC 2018
6 ms. Memory: 549376K Free: 528760K (96%)
ptolemy.util.test.WatchDog.cancel(): canceling Fri Nov 09 02:43:07 UTC 2018
------------------ testing $PTII/ptolemy/domains/de/test/auto/ResetTransitionWithStartTime3.xml
auto.tcl: Setting watchdog for 200 seconds at Fri Nov 09 02:43:07 UTC 2018
8 ms. Memory: 550912K Free: 530065K (96%)
ptolemy.util.test.WatchDog.cancel(): canceling Fri Nov 09 02:43:07 UTC 2018
auto.tcl: Setting watchdog for 200 seconds at Fri Nov 09 02:43:07 UTC 2018
7 ms. Memory: 550912K Free: 530065K (96%)
ptolemy.util.test.WatchDog.cancel(): canceling Fri Nov 09 02:43:07 UTC 2018
------------------ testing $PTII/ptolemy/domains/de/test/auto/ResetTransitionWithStartTime4.xml
auto.tcl: Setting watchdog for 200 seconds at Fri Nov 09 02:43:07 UTC 2018
4 ms. Memory: 549376K Free: 528544K (96%)
ptolemy.util.test.WatchDog.cancel(): canceling Fri Nov 09 02:43:07 UTC 2018
auto.tcl: Setting watchdog for 200 seconds at Fri Nov 09 02:43:07 UTC 2018
4 ms. Memory: 549376K Free: 528544K (96%)
ptolemy.util.test.WatchDog.cancel(): canceling Fri Nov 09 02:43:07 UTC 2018
------------------ testing $PTII/ptolemy/domains/de/test/auto/ResettableTimer1.xml
auto.tcl: Setting watchdog for 200 seconds at Fri Nov 09 02:43:07 UTC 2018
3 ms. Memory: 550912K Free: 535463K (97%)
ptolemy.util.test.WatchDog.cancel(): canceling Fri Nov 09 02:43:07 UTC 2018
auto.tcl: Setting watchdog for 200 seconds at Fri Nov 09 02:43:07 UTC 2018
2 ms. Memory: 550912K Free: 535463K (97%)
ptolemy.util.test.WatchDog.cancel(): canceling Fri Nov 09 02:43:07 UTC 2018
------------------ testing $PTII/ptolemy/domains/de/test/auto/ResettableTimer2.xml
auto.tcl: Setting watchdog for 200 seconds at Fri Nov 09 02:43:07 UTC 2018
2 ms. Memory: 549376K Free: 534215K (97%)
ptolemy.util.test.WatchDog.cancel(): canceling Fri Nov 09 02:43:07 UTC 2018
auto.tcl: Setting watchdog for 200 seconds at Fri Nov 09 02:43:07 UTC 2018
2 ms. Memory: 549376K Free: 534215K (97%)
ptolemy.util.test.WatchDog.cancel(): canceling Fri Nov 09 02:43:07 UTC 2018
------------------ testing $PTII/ptolemy/domains/de/test/auto/ResettableTimer3.xml
auto.tcl: Setting watchdog for 200 seconds at Fri Nov 09 02:43:07 UTC 2018
2 ms. Memory: 550912K Free: 535520K (97%)
ptolemy.util.test.WatchDog.cancel(): canceling Fri Nov 09 02:43:07 UTC 2018
auto.tcl: Setting watchdog for 200 seconds at Fri Nov 09 02:43:07 UTC 2018
1 ms. Memory: 550912K Free: 535520K (97%)
ptolemy.util.test.WatchDog.cancel(): canceling Fri Nov 09 02:43:07 UTC 2018
------------------ testing $PTII/ptolemy/domains/de/test/auto/ResettableTimer4.xml
auto.tcl: Setting watchdog for 200 seconds at Fri Nov 09 02:43:07 UTC 2018
1 ms. Memory: 549376K Free: 533997K (97%)
ptolemy.util.test.WatchDog.cancel(): canceling Fri Nov 09 02:43:07 UTC 2018
auto.tcl: Setting watchdog for 200 seconds at Fri Nov 09 02:43:07 UTC 2018
1 ms. Memory: 549376K Free: 533997K (97%)
ptolemy.util.test.WatchDog.cancel(): canceling Fri Nov 09 02:43:07 UTC 2018
------------------ testing $PTII/ptolemy/domains/de/test/auto/ResettableTimer5.xml
auto.tcl: Setting watchdog for 200 seconds at Fri Nov 09 02:43:07 UTC 2018
1 ms. Memory: 550400K Free: 535249K (97%)
ptolemy.util.test.WatchDog.cancel(): canceling Fri Nov 09 02:43:07 UTC 2018
auto.tcl: Setting watchdog for 200 seconds at Fri Nov 09 02:43:07 UTC 2018
2 ms. Memory: 550400K Free: 535249K (97%)
ptolemy.util.test.WatchDog.cancel(): canceling Fri Nov 09 02:43:07 UTC 2018
------------------ testing $PTII/ptolemy/domains/de/test/auto/ResettableTimer6.xml
auto.tcl: Setting watchdog for 200 seconds at Fri Nov 09 02:43:07 UTC 2018
1 ms. Memory: 549376K Free: 533945K (97%)
ptolemy.util.test.WatchDog.cancel(): canceling Fri Nov 09 02:43:07 UTC 2018
auto.tcl: Setting watchdog for 200 seconds at Fri Nov 09 02:43:07 UTC 2018
2 ms. Memory: 549376K Free: 533945K (97%)
ptolemy.util.test.WatchDog.cancel(): canceling Fri Nov 09 02:43:07 UTC 2018
------------------ testing $PTII/ptolemy/domains/de/test/auto/ServerZeroDelay.xml
auto.tcl: Setting watchdog for 200 seconds at Fri Nov 09 02:43:07 UTC 2018
2 ms. Memory: 550400K Free: 535190K (97%)
ptolemy.util.test.WatchDog.cancel(): canceling Fri Nov 09 02:43:07 UTC 2018
auto.tcl: Setting watchdog for 200 seconds at Fri Nov 09 02:43:07 UTC 2018
2 ms. Memory: 550400K Free: 535190K (97%)
ptolemy.util.test.WatchDog.cancel(): canceling Fri Nov 09 02:43:07 UTC 2018
------------------ testing $PTII/ptolemy/domains/de/test/auto/SmartSender.xml
auto.tcl: Setting watchdog for 200 seconds at Fri Nov 09 02:43:07 UTC 2018
3001 ms. Memory: 549376K Free: 529481K (96%)
ptolemy.util.test.WatchDog.cancel(): canceling Fri Nov 09 02:43:10 UTC 2018
auto.tcl: Setting watchdog for 200 seconds at Fri Nov 09 02:43:10 UTC 2018
3001 ms. Memory: 549376K Free: 529481K (96%)
ptolemy.util.test.WatchDog.cancel(): canceling Fri Nov 09 02:43:13 UTC 2018
------------------ testing $PTII/ptolemy/domains/de/test/auto/ThreadedComposite.xml
auto.tcl: Setting watchdog for 200 seconds at Fri Nov 09 02:43:14 UTC 2018
189 ms. Memory: 550400K Free: 510138K (93%)
ptolemy.util.test.WatchDog.cancel(): canceling Fri Nov 09 02:43:14 UTC 2018
auto.tcl: Setting watchdog for 200 seconds at Fri Nov 09 02:43:14 UTC 2018
105 ms. Memory: 550400K Free: 495391K (90%)
ptolemy.util.test.WatchDog.cancel(): canceling Fri Nov 09 02:43:14 UTC 2018
------------------ testing $PTII/ptolemy/domains/de/test/auto/Time.xml
auto.tcl: Setting watchdog for 200 seconds at Fri Nov 09 02:43:14 UTC 2018
529 ms. Memory: 549376K Free: 482179K (88%)
ptolemy.util.test.WatchDog.cancel(): canceling Fri Nov 09 02:43:14 UTC 2018
auto.tcl: Setting watchdog for 200 seconds at Fri Nov 09 02:43:14 UTC 2018
505 ms. Memory: 549376K Free: 428304K (78%)
ptolemy.util.test.WatchDog.cancel(): canceling Fri Nov 09 02:43:15 UTC 2018
------------------ testing $PTII/ptolemy/domains/de/test/auto/TimeDelayZeroDelay.xml
auto.tcl: Setting watchdog for 200 seconds at Fri Nov 09 02:43:15 UTC 2018
2 ms. Memory: 550400K Free: 534877K (97%)
ptolemy.util.test.WatchDog.cancel(): canceling Fri Nov 09 02:43:15 UTC 2018
auto.tcl: Setting watchdog for 200 seconds at Fri Nov 09 02:43:15 UTC 2018
2 ms. Memory: 550400K Free: 534877K (97%)
ptolemy.util.test.WatchDog.cancel(): canceling Fri Nov 09 02:43:15 UTC 2018
------------------ testing $PTII/ptolemy/domains/de/test/auto/TimerZeroDelay.xml
auto.tcl: Setting watchdog for 200 seconds at Fri Nov 09 02:43:15 UTC 2018
2 ms. Memory: 549376K Free: 534127K (97%)
ptolemy.util.test.WatchDog.cancel(): canceling Fri Nov 09 02:43:15 UTC 2018
auto.tcl: Setting watchdog for 200 seconds at Fri Nov 09 02:43:15 UTC 2018
2 ms. Memory: 549376K Free: 534127K (97%)
ptolemy.util.test.WatchDog.cancel(): canceling Fri Nov 09 02:43:15 UTC 2018
------------------ testing $PTII/ptolemy/domains/de/test/auto/TimingParadox.xml
auto.tcl: Setting watchdog for 200 seconds at Fri Nov 09 02:43:15 UTC 2018
372 ms. Memory: 549888K Free: 469325K (85%)
ptolemy.util.test.WatchDog.cancel(): canceling Fri Nov 09 02:43:16 UTC 2018
auto.tcl: Setting watchdog for 200 seconds at Fri Nov 09 02:43:16 UTC 2018
371 ms. Memory: 549888K Free: 431613K (78%)
ptolemy.util.test.WatchDog.cancel(): canceling Fri Nov 09 02:43:16 UTC 2018
------------------ testing $PTII/ptolemy/domains/de/test/auto/TransferInputs.xml
auto.tcl: Setting watchdog for 200 seconds at Fri Nov 09 02:43:16 UTC 2018
2 ms. Memory: 549888K Free: 533542K (97%)
ptolemy.util.test.WatchDog.cancel(): canceling Fri Nov 09 02:43:16 UTC 2018
auto.tcl: Setting watchdog for 200 seconds at Fri Nov 09 02:43:16 UTC 2018
2 ms. Memory: 549888K Free: 533542K (97%)
ptolemy.util.test.WatchDog.cancel(): canceling Fri Nov 09 02:43:16 UTC 2018
------------------ testing $PTII/ptolemy/domains/de/test/auto/TransferOutputs2.xml
auto.tcl: Setting watchdog for 200 seconds at Fri Nov 09 02:43:16 UTC 2018
3 ms. Memory: 549376K Free: 524050K (95%)
ptolemy.util.test.WatchDog.cancel(): canceling Fri Nov 09 02:43:16 UTC 2018
auto.tcl: Setting watchdog for 200 seconds at Fri Nov 09 02:43:16 UTC 2018
3 ms. Memory: 549376K Free: 524050K (95%)
ptolemy.util.test.WatchDog.cancel(): canceling Fri Nov 09 02:43:16 UTC 2018
------------------ testing $PTII/ptolemy/domains/de/test/auto/Trilateration.xml
auto.tcl: Setting watchdog for 200 seconds at Fri Nov 09 02:43:16 UTC 2018
14457 ms. Memory: 766976K Free: 191583K (25%)
ptolemy.util.test.WatchDog.cancel(): canceling Fri Nov 09 02:43:32 UTC 2018
auto.tcl: Setting watchdog for 200 seconds at Fri Nov 09 02:43:32 UTC 2018
11502 ms. Memory: 623104K Free: 595340K (96%)
ptolemy.util.test.WatchDog.cancel(): canceling Fri Nov 09 02:43:43 UTC 2018
------------------ testing $PTII/ptolemy/domains/de/test/auto/TwoSigmaDelta.xml
auto.tcl: Setting watchdog for 200 seconds at Fri Nov 09 02:43:44 UTC 2018
2786 ms. Memory: 619520K Free: 303720K (49%)
ptolemy.util.test.WatchDog.cancel(): canceling Fri Nov 09 02:43:46 UTC 2018
auto.tcl: Setting watchdog for 200 seconds at Fri Nov 09 02:43:46 UTC 2018
1993 ms. Memory: 619520K Free: 78231K (13%)
ptolemy.util.test.WatchDog.cancel(): canceling Fri Nov 09 02:43:48 UTC 2018
------------------ testing $PTII/ptolemy/domains/de/test/auto/VariableDelay.xml
auto.tcl: Setting watchdog for 200 seconds at Fri Nov 09 02:43:48 UTC 2018
3 ms. Memory: 623104K Free: 598446K (96%)
ptolemy.util.test.WatchDog.cancel(): canceling Fri Nov 09 02:43:48 UTC 2018
auto.tcl: Setting watchdog for 200 seconds at Fri Nov 09 02:43:48 UTC 2018
2 ms. Memory: 623104K Free: 598446K (96%)
ptolemy.util.test.WatchDog.cancel(): canceling Fri Nov 09 02:43:48 UTC 2018
------------------ testing $PTII/ptolemy/domains/de/test/auto/VariableDelay2.xml
auto.tcl: Setting watchdog for 200 seconds at Fri Nov 09 02:43:49 UTC 2018
2 ms. Memory: 619520K Free: 600688K (97%)
ptolemy.util.test.WatchDog.cancel(): canceling Fri Nov 09 02:43:49 UTC 2018
auto.tcl: Setting watchdog for 200 seconds at Fri Nov 09 02:43:49 UTC 2018
3 ms. Memory: 619520K Free: 600688K (97%)
ptolemy.util.test.WatchDog.cancel(): canceling Fri Nov 09 02:43:49 UTC 2018
------------------ testing $PTII/ptolemy/domains/de/test/auto/VariableDelayZeroDelay.xml
auto.tcl: Setting watchdog for 200 seconds at Fri Nov 09 02:43:49 UTC 2018
3 ms. Memory: 622592K Free: 598377K (96%)
ptolemy.util.test.WatchDog.cancel(): canceling Fri Nov 09 02:43:49 UTC 2018
auto.tcl: Setting watchdog for 200 seconds at Fri Nov 09 02:43:49 UTC 2018
3 ms. Memory: 622592K Free: 598377K (96%)
ptolemy.util.test.WatchDog.cancel(): canceling Fri Nov 09 02:43:49 UTC 2018
------------------ testing $PTII/ptolemy/domains/de/test/auto/VariableDelayZeroDelay2.xml
auto.tcl: Setting watchdog for 200 seconds at Fri Nov 09 02:43:49 UTC 2018
2 ms. Memory: 619520K Free: 595304K (96%)
ptolemy.util.test.WatchDog.cancel(): canceling Fri Nov 09 02:43:49 UTC 2018
auto.tcl: Setting watchdog for 200 seconds at Fri Nov 09 02:43:49 UTC 2018
2 ms. Memory: 619520K Free: 595304K (96%)
ptolemy.util.test.WatchDog.cancel(): canceling Fri Nov 09 02:43:49 UTC 2018
------------------ testing $PTII/ptolemy/domains/de/test/auto/deInCt.xml
auto.tcl: Setting watchdog for 200 seconds at Fri Nov 09 02:43:49 UTC 2018
0
1
1
1
0
0
1
1
0
0
0
0
1
1
1
0
0
0
1
1
0
0
0
1
1
1
1
0
0
0
1
1
1
0
0
0
1
1
1
0
0
0
1
1
1
0
0
0
0
12 ms. Memory: 622080K Free: 597830K (96%)
ptolemy.util.test.WatchDog.cancel(): canceling Fri Nov 09 02:43:49 UTC 2018
auto.tcl: Setting watchdog for 200 seconds at Fri Nov 09 02:43:49 UTC 2018
0
1
1
1
0
0
1
1
1
0
0
1
1
1
0
0
0
0
1
1
1
0
0
0
0
1
1
1
0
0
0
1
1
1
1
0
0
0
0
0
8 ms. Memory: 622080K Free: 597830K (96%)
ptolemy.util.test.WatchDog.cancel(): canceling Fri Nov 09 02:43:49 UTC 2018
------------------ testing $PTII/ptolemy/domains/de/test/auto/deInCt2.xml
auto.tcl: Setting watchdog for 200 seconds at Fri Nov 09 02:43:49 UTC 2018
0
1
1
1
0
0
1
1
1
0
0
1
1
1
0
0
1
1
1
0
0
1
1
1
0
0
1
1
1
0
0
1
1
1
0
0
1
1
1
0
0
0
17 ms. Memory: 619520K Free: 595270K (96%)
ptolemy.util.test.WatchDog.cancel(): canceling Fri Nov 09 02:43:49 UTC 2018
auto.tcl: Setting watchdog for 200 seconds at Fri Nov 09 02:43:49 UTC 2018
0
1
1
1
0
0
1
1
1
0
0
1
1
1
0
0
1
1
1
0
0
1
1
1
0
0
1
1
1
0
0
1
1
1
0
0
1
1
1
0
0
0
5 ms. Memory: 619520K Free: 595270K (96%)
ptolemy.util.test.WatchDog.cancel(): canceling Fri Nov 09 02:43:49 UTC 2018
------------------ testing $PTII/ptolemy/domains/de/test/auto/dynamicCausalityInterface1.xml
auto.tcl: Setting watchdog for 200 seconds at Fri Nov 09 02:43:49 UTC 2018
2 ms. Memory: 621568K Free: 594575K (96%)
ptolemy.util.test.WatchDog.cancel(): canceling Fri Nov 09 02:43:49 UTC 2018
auto.tcl: Setting watchdog for 200 seconds at Fri Nov 09 02:43:49 UTC 2018
1 ms. Memory: 621568K Free: 594575K (96%)
ptolemy.util.test.WatchDog.cancel(): canceling Fri Nov 09 02:43:49 UTC 2018
------------------ testing $PTII/ptolemy/domains/de/test/auto/fsm_de_test.xml
auto.tcl: Setting watchdog for 200 seconds at Fri Nov 09 02:43:49 UTC 2018
8 ms. Memory: 619520K Free: 595192K (96%)
ptolemy.util.test.WatchDog.cancel(): canceling Fri Nov 09 02:43:49 UTC 2018
auto.tcl: Setting watchdog for 200 seconds at Fri Nov 09 02:43:49 UTC 2018
12 ms. Memory: 619520K Free: 587057K (95%)
ptolemy.util.test.WatchDog.cancel(): canceling Fri Nov 09 02:43:49 UTC 2018
------------------ testing $PTII/ptolemy/domains/de/test/auto/functionDependencyReconstruction.xml
auto.tcl: Setting watchdog for 200 seconds at Fri Nov 09 02:43:49 UTC 2018
2 ms. Memory: 621568K Free: 589065K (95%)
ptolemy.util.test.WatchDog.cancel(): canceling Fri Nov 09 02:43:49 UTC 2018
auto.tcl: Setting watchdog for 200 seconds at Fri Nov 09 02:43:49 UTC 2018
2 ms. Memory: 621568K Free: 580915K (93%)
ptolemy.util.test.WatchDog.cancel(): canceling Fri Nov 09 02:43:49 UTC 2018
------------------ testing $PTII/ptolemy/domains/de/test/auto/multirate.xml
auto.tcl: Setting watchdog for 200 seconds at Fri Nov 09 02:43:49 UTC 2018
8 ms. Memory: 619520K Free: 600438K (97%)
ptolemy.util.test.WatchDog.cancel(): canceling Fri Nov 09 02:43:49 UTC 2018
auto.tcl: Setting watchdog for 200 seconds at Fri Nov 09 02:43:49 UTC 2018
3 ms. Memory: 619520K Free: 600438K (97%)
ptolemy.util.test.WatchDog.cancel(): canceling Fri Nov 09 02:43:49 UTC 2018
------------------ testing $PTII/ptolemy/domains/de/test/auto/multirate2.xml
auto.tcl: Setting watchdog for 200 seconds at Fri Nov 09 02:43:49 UTC 2018
3 ms. Memory: 621056K Free: 596781K (96%)
ptolemy.util.test.WatchDog.cancel(): canceling Fri Nov 09 02:43:49 UTC 2018
auto.tcl: Setting watchdog for 200 seconds at Fri Nov 09 02:43:49 UTC 2018
4 ms. Memory: 621056K Free: 596781K (96%)
ptolemy.util.test.WatchDog.cancel(): canceling Fri Nov 09 02:43:49 UTC 2018
------------------ testing $PTII/ptolemy/domains/de/test/auto/realtime.xml
auto.tcl: Setting watchdog for 200 seconds at Fri Nov 09 02:43:49 UTC 2018
10002 ms. Memory: 619520K Free: 595213K (96%)
ptolemy.util.test.WatchDog.cancel(): canceling Fri Nov 09 02:43:59 UTC 2018
auto.tcl: Setting watchdog for 200 seconds at Fri Nov 09 02:43:59 UTC 2018
10003 ms. Memory: 619520K Free: 595213K (96%)
ptolemy.util.test.WatchDog.cancel(): canceling Fri Nov 09 02:44:09 UTC 2018
------------------ testing $PTII/ptolemy/domains/de/test/auto/relationGroup.xml
auto.tcl: Setting watchdog for 200 seconds at Fri Nov 09 02:44:09 UTC 2018
2 ms. Memory: 621056K Free: 596806K (96%)
ptolemy.util.test.WatchDog.cancel(): canceling Fri Nov 09 02:44:10 UTC 2018
auto.tcl: Setting watchdog for 200 seconds at Fri Nov 09 02:44:10 UTC 2018
1 ms. Memory: 621056K Free: 596806K (96%)
ptolemy.util.test.WatchDog.cancel(): canceling Fri Nov 09 02:44:10 UTC 2018
------------------ testing $PTII/ptolemy/domains/de/test/auto/relationGroup2.xml
auto.tcl: Setting watchdog for 200 seconds at Fri Nov 09 02:44:10 UTC 2018
1 ms. Memory: 619520K Free: 595296K (96%)
ptolemy.util.test.WatchDog.cancel(): canceling Fri Nov 09 02:44:10 UTC 2018
auto.tcl: Setting watchdog for 200 seconds at Fri Nov 09 02:44:10 UTC 2018
1 ms. Memory: 619520K Free: 595296K (96%)
ptolemy.util.test.WatchDog.cancel(): canceling Fri Nov 09 02:44:10 UTC 2018
------------------ testing $PTII/ptolemy/domains/de/test/auto/sortWithOpaquePorts.xml
auto.tcl: Setting watchdog for 200 seconds at Fri Nov 09 02:44:10 UTC 2018
1 ms. Memory: 620544K Free: 596322K (96%)
ptolemy.util.test.WatchDog.cancel(): canceling Fri Nov 09 02:44:10 UTC 2018
auto.tcl: Setting watchdog for 200 seconds at Fri Nov 09 02:44:10 UTC 2018
1 ms. Memory: 620544K Free: 596322K (96%)
ptolemy.util.test.WatchDog.cancel(): canceling Fri Nov 09 02:44:10 UTC 2018
------------------ testing $PTII/ptolemy/domains/de/test/auto/transferInputsandOutputs.xml
auto.tcl: Setting watchdog for 200 seconds at Fri Nov 09 02:44:10 UTC 2018
3 ms. Memory: 619520K Free: 595285K (96%)
ptolemy.util.test.WatchDog.cancel(): canceling Fri Nov 09 02:44:10 UTC 2018
auto.tcl: Setting watchdog for 200 seconds at Fri Nov 09 02:44:10 UTC 2018
2 ms. Memory: 619520K Free: 595285K (96%)
ptolemy.util.test.WatchDog.cancel(): canceling Fri Nov 09 02:44:10 UTC 2018
------------------ testing $PTII/ptolemy/domains/de/test/auto/triggerType.xml
auto.tcl: Setting watchdog for 200 seconds at Fri Nov 09 02:44:10 UTC 2018
1 ms. Memory: 620544K Free: 596260K (96%)
ptolemy.util.test.WatchDog.cancel(): canceling Fri Nov 09 02:44:10 UTC 2018
auto.tcl: Setting watchdog for 200 seconds at Fri Nov 09 02:44:10 UTC 2018
1 ms. Memory: 620544K Free: 596260K (96%)
ptolemy.util.test.WatchDog.cancel(): canceling Fri Nov 09 02:44:10 UTC 2018
11/09/18 02:44:10
Failed: 0  Total Tests: 192  ((Passed: 187, Newly Passed: 1)  Known Failed: 5) /home/travis/build/icyphy/ptII/ptolemy/domains/de/test
11/09/18 02:44:10
Failed: 0  Total Tests: 192  ((Passed: 187, Newly Passed: 1)  Known Failed: 5) /home/travis/build/icyphy/ptII/ptolemy/domains/de/test
----------------- testing (KnownFailure) /home/travis/build/icyphy/ptII/ptolemy/domains/de/test/auto/knownFailedTests/DESDFClockTest.xml
2016 ms. Memory: 619520K Free: 584496K (94%)
Known Failure: java.lang.reflect.InvocationTargetException
----------------- testing (KnownFailure) /home/travis/build/icyphy/ptII/ptolemy/domains/de/test/auto/knownFailedTests/DirectFeedback.xml
1 ms. Memory: 619520K Free: 541447K (87%)
Known Failure: java.lang.reflect.InvocationTargetException
----------------- testing (KnownFailure) /home/travis/build/icyphy/ptII/ptolemy/domains/de/test/auto/knownFailedTests/FSMSource.xml
4 ms. Memory: 619520K Free: 498398K (80%)
----------------- testing (KnownFailure) /home/travis/build/icyphy/ptII/ptolemy/domains/de/test/auto/knownFailedTests/HierarchicalModel.xml
6 ms. Memory: 619520K Free: 466111K (75%)
Known Failure: java.lang.reflect.InvocationTargetException
----------------- testing (KnownFailure) /home/travis/build/icyphy/ptII/ptolemy/domains/de/test/auto/knownFailedTests/dependencyLoop.xml
2 ms. Memory: 619520K Free: 412299K (67%)
Known Failure: java.lang.reflect.InvocationTargetException
----------------- testing (KnownFailure) /home/travis/build/icyphy/ptII/ptolemy/domains/de/test/auto/knownFailedTests/dependencyLoop2.xml
1 ms. Memory: 619520K Free: 358472K (58%)
Known Failure: java.lang.reflect.InvocationTargetException
No auto/linux-amd64/*.xml tests in /home/travis/build/icyphy/ptII/ptolemy/domains/de/test
AutoTests.java: About to close Vertx.
AutoTests.java: Vertx closed.

===========================================================================================
----------------- testing Fri Nov 09 02:44:12 UTC 2018 /home/travis/build/icyphy/ptII/ptolemy/domains/de/test/auto/ActorDepthCalculation_actorWithoutPorts.xml
----------------- Instantiating /home/travis/build/icyphy/ptII/ptolemy/domains/de/test/auto/ActorDepthCalculation_actorWithoutPorts.xml
1 ms. Memory: 619520K Free: 304660K (49%)
----------------- Invoking toplevel() on ptolemy.moml.MoMLSimpleApplication@28bdddef
----------------- Done invoking toplevel() on ptolemy.moml.MoMLSimpleApplication@28bdddef
reloadAllAccessors: .ActorDepthCalculation_actorWithoutPorts

===========================================================================================
----------------- testing Fri Nov 09 02:44:12 UTC 2018 /home/travis/build/icyphy/ptII/ptolemy/domains/de/test/auto/AssemblyLine.xml
----------------- Instantiating /home/travis/build/icyphy/ptII/ptolemy/domains/de/test/auto/AssemblyLine.xml
1 ms. Memory: 619520K Free: 283136K (46%)
----------------- Invoking toplevel() on ptolemy.moml.MoMLSimpleApplication@6071ebf3
----------------- Done invoking toplevel() on ptolemy.moml.MoMLSimpleApplication@6071ebf3
reloadAllAccessors: .AssemblyLine

===========================================================================================
----------------- testing Fri Nov 09 02:44:12 UTC 2018 /home/travis/build/icyphy/ptII/ptolemy/domains/de/test/auto/CQBug1.xml
----------------- Instantiating /home/travis/build/icyphy/ptII/ptolemy/domains/de/test/auto/CQBug1.xml
1 ms. Memory: 619520K Free: 261611K (42%)
----------------- Invoking toplevel() on ptolemy.moml.MoMLSimpleApplication@2a84e63a
----------------- Done invoking toplevel() on ptolemy.moml.MoMLSimpleApplication@2a84e63a
reloadAllAccessors: .CQBug1

===========================================================================================
----------------- testing Fri Nov 09 02:44:12 UTC 2018 /home/travis/build/icyphy/ptII/ptolemy/domains/de/test/auto/CancelFireAt.xml
----------------- Instantiating /home/travis/build/icyphy/ptII/ptolemy/domains/de/test/auto/CancelFireAt.xml
0 ms. Memory: 619520K Free: 240087K (39%)
----------------- Invoking toplevel() on ptolemy.moml.MoMLSimpleApplication@1aa12546
----------------- Done invoking toplevel() on ptolemy.moml.MoMLSimpleApplication@1aa12546
reloadAllAccessors: .CancelFireAt

===========================================================================================
----------------- testing Fri Nov 09 02:44:12 UTC 2018 /home/travis/build/icyphy/ptII/ptolemy/domains/de/test/auto/CausalityAndComposabilityAnalysis.xml
----------------- Instantiating /home/travis/build/icyphy/ptII/ptolemy/domains/de/test/auto/CausalityAndComposabilityAnalysis.xml
1 ms. Memory: 619520K Free: 218562K (35%)
----------------- Invoking toplevel() on ptolemy.moml.MoMLSimpleApplication@52fa0e7a
----------------- Done invoking toplevel() on ptolemy.moml.MoMLSimpleApplication@52fa0e7a
reloadAllAccessors: .CausalityAndComposabilityAnalysis

===========================================================================================
----------------- testing Fri Nov 09 02:44:12 UTC 2018 /home/travis/build/icyphy/ptII/ptolemy/domains/de/test/auto/CausalityInterface1.xml
----------------- Instantiating /home/travis/build/icyphy/ptII/ptolemy/domains/de/test/auto/CausalityInterface1.xml
2 ms. Memory: 619520K Free: 197038K (32%)
----------------- Invoking toplevel() on ptolemy.moml.MoMLSimpleApplication@3e858b1c
----------------- Done invoking toplevel() on ptolemy.moml.MoMLSimpleApplication@3e858b1c
reloadAllAccessors: .CausalityInterface1

===========================================================================================
----------------- testing Fri Nov 09 02:44:12 UTC 2018 /home/travis/build/icyphy/ptII/ptolemy/domains/de/test/auto/CausalityInterface15.xml
----------------- Instantiating /home/travis/build/icyphy/ptII/ptolemy/domains/de/test/auto/CausalityInterface15.xml
1 ms. Memory: 619520K Free: 175513K (28%)
----------------- Invoking toplevel() on ptolemy.moml.MoMLSimpleApplication@7f835d9d
----------------- Done invoking toplevel() on ptolemy.moml.MoMLSimpleApplication@7f835d9d
reloadAllAccessors: .CausalityInterface15

[...]
java.lang.RuntimeException: Execution failed
	at ptolemy.moml.MoMLSimpleApplication$UnloadThread.run(MoMLSimpleApplication.java:402)
Caused by: ptolemy.kernel.util.IllegalActionException: Test fails in iteration 1.
Value was: 1.0. Should have been: 2.0
  in .DirectFeedback.Test
	at ptolemy.actor.lib.Test.fire(Test.java:268)
	at ptolemy.domains.de.kernel.DEDirector._fire(DEDirector.java:1949)
	at ptolemy.domains.de.kernel.DEDirector.fire(DEDirector.java:502)
	at ptolemy.actor.CompositeActor.fire(CompositeActor.java:455)
	at ptolemy.actor.Manager.iterate(Manager.java:851)
	at ptolemy.actor.Manager.execute(Manager.java:369)
	at ptolemy.actor.Manager.run(Manager.java:1263)
	at ptolemy.actor.Manager$PtolemyRunThread.run(Manager.java:1915)
java.lang.RuntimeException: Execution failed
	at ptolemy.moml.MoMLSimpleApplication$UnloadThread.run(MoMLSimpleApplication.java:402)
Caused by: ptolemy.kernel.util.IllegalActionException: Actor is not ready to fire.  Perhaps UpSample.prefire() returned false? Try debugging the actor by selecting "Listen to Actor".  Also, for SDF check moml for tokenConsumptionRate on input.
  in .DESDFClockTest.Play Bell.Copy1:SDF Director and .DESDFClockTest.Play Bell.UpSample
	at ptolemy.actor.sched.StaticSchedulingDirector.fire(StaticSchedulingDirector.java:227)
	at ptolemy.domains.sdf.kernel.SDFDirector.fire(SDFDirector.java:500)
	at ptolemy.actor.CompositeActor.fire(CompositeActor.java:455)
	at ptolemy.domains.de.kernel.DEDirector._fire(DEDirector.java:1949)
	at ptolemy.domains.de.kernel.DEDirector.fire(DEDirector.java:502)
	at ptolemy.actor.CompositeActor.fire(CompositeActor.java:455)
	at ptolemy.actor.Manager.iterate(Manager.java:851)
	at ptolemy.actor.Manager.execute(Manager.java:369)
	at ptolemy.actor.Manager.run(Manager.java:1263)
	at ptolemy.actor.Manager$PtolemyRunThread.run(Manager.java:1915)
java.lang.reflect.InvocationTargetException
	at sun.reflect.NativeConstructorAccessorImpl.newInstance0(Native Method)
	at sun.reflect.NativeConstructorAccessorImpl.newInstance(NativeConstructorAccessorImpl.java:62)
	at sun.reflect.DelegatingConstructorAccessorImpl.newInstance(DelegatingConstructorAccessorImpl.java:45)
	at java.lang.reflect.Constructor.newInstance(Constructor.java:423)
	at ptolemy.util.test.junit.AutoKnownFailedTests.RunModel(AutoKnownFailedTests.java:105)
	at sun.reflect.NativeMethodAccessorImpl.invoke0(Native Method)
	at sun.reflect.NativeMethodAccessorImpl.invoke(NativeMethodAccessorImpl.java:62)
	at sun.reflect.DelegatingMethodAccessorImpl.invoke(DelegatingMethodAccessorImpl.java:43)
	at java.lang.reflect.Method.invoke(Method.java:498)
	at org.junit.runners.model.FrameworkMethod$1.runReflectiveCall(FrameworkMethod.java:44)
	at org.junit.internal.runners.model.ReflectiveCallable.run(ReflectiveCallable.java:15)
	at org.junit.runners.model.FrameworkMethod.invokeExplosively(FrameworkMethod.java:41)
	at junitparams.internal.InvokeParameterisedMethod.evaluate(InvokeParameterisedMethod.java:102)
	at org.junit.internal.runners.statements.FailOnTimeout$1.run(FailOnTimeout.java:28)
Caused by: ptolemy.kernel.util.IllegalActionException: Actor is not ready to fire.  Perhaps UpSample.prefire() returned false? Try debugging the actor by selecting "Listen to Actor".  Also, for SDF check moml for tokenConsumptionRate on input.
  in .DESDFClockTest.Play Bell.Copy1:SDF Director and .DESDFClockTest.Play Bell.UpSample
	at ptolemy.actor.sched.StaticSchedulingDirector.fire(StaticSchedulingDirector.java:227)
	at ptolemy.domains.sdf.kernel.SDFDirector.fire(SDFDirector.java:500)
	at ptolemy.actor.CompositeActor.fire(CompositeActor.java:455)
	at ptolemy.domains.de.kernel.DEDirector._fire(DEDirector.java:1949)
	at ptolemy.domains.de.kernel.DEDirector.fire(DEDirector.java:502)
	at ptolemy.actor.CompositeActor.fire(CompositeActor.java:455)
	at ptolemy.actor.Manager.iterate(Manager.java:851)
	at ptolemy.actor.Manager.execute(Manager.java:369)
	at ptolemy.actor.Manager.run(Manager.java:1263)
	at ptolemy.actor.Manager$PtolemyRunThread.run(Manager.java:1915)
java.lang.RuntimeException: Execution failed
	at ptolemy.moml.MoMLSimpleApplication$UnloadThread.run(MoMLSimpleApplication.java:402)
Caused by: ptolemy.kernel.util.IllegalActionException: Test fails in iteration 1.
Value was: 1.0. Should have been: 2.0
  in .DirectFeedback.Test
	at ptolemy.actor.lib.Test.fire(Test.java:268)
	at ptolemy.domains.de.kernel.DEDirector._fire(DEDirector.java:1949)
	at ptolemy.domains.de.kernel.DEDirector.fire(DEDirector.java:502)
	at ptolemy.actor.CompositeActor.fire(CompositeActor.java:455)
	at ptolemy.actor.Manager.iterate(Manager.java:851)
	at ptolemy.actor.Manager.execute(Manager.java:369)
	at ptolemy.actor.Manager.run(Manager.java:1263)
	at ptolemy.actor.Manager$PtolemyRunThread.run(Manager.java:1915)
java.lang.reflect.InvocationTargetException
	at sun.reflect.NativeConstructorAccessorImpl.newInstance0(Native Method)
	at sun.reflect.NativeConstructorAccessorImpl.newInstance(NativeConstructorAccessorImpl.java:62)
	at sun.reflect.DelegatingConstructorAccessorImpl.newInstance(DelegatingConstructorAccessorImpl.java:45)
	at java.lang.reflect.Constructor.newInstance(Constructor.java:423)
	at ptolemy.util.test.junit.AutoKnownFailedTests.RunModel(AutoKnownFailedTests.java:105)
	at sun.reflect.NativeMethodAccessorImpl.invoke0(Native Method)
	at sun.reflect.NativeMethodAccessorImpl.invoke(NativeMethodAccessorImpl.java:62)
	at sun.reflect.DelegatingMethodAccessorImpl.invoke(DelegatingMethodAccessorImpl.java:43)
	at java.lang.reflect.Method.invoke(Method.java:498)
	at org.junit.runners.model.FrameworkMethod$1.runReflectiveCall(FrameworkMethod.java:44)
	at org.junit.internal.runners.model.ReflectiveCallable.run(ReflectiveCallable.java:15)
	at org.junit.runners.model.FrameworkMethod.invokeExplosively(FrameworkMethod.java:41)
	at junitparams.internal.InvokeParameterisedMethod.evaluate(InvokeParameterisedMethod.java:102)
	at org.junit.internal.runners.statements.FailOnTimeout$1.run(FailOnTimeout.java:28)
Caused by: ptolemy.kernel.util.IllegalActionException: Test fails in iteration 1.
Value was: 1.0. Should have been: 2.0
  in .DirectFeedback.Test
	at ptolemy.actor.lib.Test.fire(Test.java:268)
	at ptolemy.domains.de.kernel.DEDirector._fire(DEDirector.java:1949)
	at ptolemy.domains.de.kernel.DEDirector.fire(DEDirector.java:502)
	at ptolemy.actor.CompositeActor.fire(CompositeActor.java:455)
	at ptolemy.actor.Manager.iterate(Manager.java:851)
	at ptolemy.actor.Manager.execute(Manager.java:369)
	at ptolemy.actor.Manager.run(Manager.java:1263)
	at ptolemy.actor.Manager$PtolemyRunThread.run(Manager.java:1915)
java.lang.RuntimeException: Execution failed
	at ptolemy.moml.MoMLSimpleApplication$UnloadThread.run(MoMLSimpleApplication.java:402)
Caused by: ptolemy.kernel.util.IllegalActionException: Found a zero delay loop containing .HierarchicalModel.A
  in .HierarchicalModel and .HierarchicalModel.A
	at ptolemy.actor.util.CausalityInterfaceForComposites._computeOutputPortDepth(CausalityInterfaceForComposites.java:759)
	at ptolemy.actor.util.CausalityInterfaceForComposites._computeInputDepth(CausalityInterfaceForComposites.java:696)
	at ptolemy.actor.util.CausalityInterfaceForComposites._computeOutputPortDepth(CausalityInterfaceForComposites.java:765)
	at ptolemy.actor.util.CausalityInterfaceForComposites._computeInputDepth(CausalityInterfaceForComposites.java:696)
	at ptolemy.actor.util.CausalityInterfaceForComposites._computeOutputPortDepth(CausalityInterfaceForComposites.java:765)
	at ptolemy.actor.util.CausalityInterfaceForComposites._computeInputDepth(CausalityInterfaceForComposites.java:696)
	at ptolemy.actor.util.CausalityInterfaceForComposites._computeActorDepth(CausalityInterfaceForComposites.java:532)
	at ptolemy.actor.util.CausalityInterfaceForComposites.checkForCycles(CausalityInterfaceForComposites.java:96)
	at ptolemy.domains.de.kernel.DEDirector.preinitialize(DEDirector.java:1338)
	at ptolemy.actor.CompositeActor.preinitialize(CompositeActor.java:1828)
	at ptolemy.actor.Manager.preinitializeAndResolveTypes(Manager.java:1040)
	at ptolemy.actor.Manager.initialize(Manager.java:710)
	at ptolemy.actor.Manager.execute(Manager.java:356)
	at ptolemy.actor.Manager.run(Manager.java:1263)
	at ptolemy.actor.Manager$PtolemyRunThread.run(Manager.java:1915)
java.lang.reflect.InvocationTargetException
	at sun.reflect.NativeConstructorAccessorImpl.newInstance0(Native Method)
	at sun.reflect.NativeConstructorAccessorImpl.newInstance(NativeConstructorAccessorImpl.java:62)
	at sun.reflect.DelegatingConstructorAccessorImpl.newInstance(DelegatingConstructorAccessorImpl.java:45)
	at java.lang.reflect.Constructor.newInstance(Constructor.java:423)
	at ptolemy.util.test.junit.AutoKnownFailedTests.RunModel(AutoKnownFailedTests.java:105)
	at sun.reflect.NativeMethodAccessorImpl.invoke0(Native Method)
	at sun.reflect.NativeMethodAccessorImpl.invoke(NativeMethodAccessorImpl.java:62)
	at sun.reflect.DelegatingMethodAccessorImpl.invoke(DelegatingMethodAccessorImpl.java:43)
	at java.lang.reflect.Method.invoke(Method.java:498)
	at org.junit.runners.model.FrameworkMethod$1.runReflectiveCall(FrameworkMethod.java:44)
	at org.junit.internal.runners.model.ReflectiveCallable.run(ReflectiveCallable.java:15)
	at org.junit.runners.model.FrameworkMethod.invokeExplosively(FrameworkMethod.java:41)
	at junitparams.internal.InvokeParameterisedMethod.evaluate(InvokeParameterisedMethod.java:102)
	at org.junit.internal.runners.statements.FailOnTimeout$1.run(FailOnTimeout.java:28)
Caused by: ptolemy.kernel.util.IllegalActionException: Found a zero delay loop containing .HierarchicalModel.A
  in .HierarchicalModel and .HierarchicalModel.A
	at ptolemy.actor.util.CausalityInterfaceForComposites._computeOutputPortDepth(CausalityInterfaceForComposites.java:759)
	at ptolemy.actor.util.CausalityInterfaceForComposites._computeInputDepth(CausalityInterfaceForComposites.java:696)
	at ptolemy.actor.util.CausalityInterfaceForComposites._computeOutputPortDepth(CausalityInterfaceForComposites.java:765)
	at ptolemy.actor.util.CausalityInterfaceForComposites._computeInputDepth(CausalityInterfaceForComposites.java:696)
	at ptolemy.actor.util.CausalityInterfaceForComposites._computeOutputPortDepth(CausalityInterfaceForComposites.java:765)
	at ptolemy.actor.util.CausalityInterfaceForComposites._computeInputDepth(CausalityInterfaceForComposites.java:696)
	at ptolemy.actor.util.CausalityInterfaceForComposites._computeActorDepth(CausalityInterfaceForComposites.java:532)
	at ptolemy.actor.util.CausalityInterfaceForComposites.checkForCycles(CausalityInterfaceForComposites.java:96)
	at ptolemy.domains.de.kernel.DEDirector.preinitialize(DEDirector.java:1338)
	at ptolemy.actor.CompositeActor.preinitialize(CompositeActor.java:1828)
	at ptolemy.actor.Manager.preinitializeAndResolveTypes(Manager.java:1040)
	at ptolemy.actor.Manager.initialize(Manager.java:710)
	at ptolemy.actor.Manager.execute(Manager.java:356)
	at ptolemy.actor.Manager.run(Manager.java:1263)
	at ptolemy.actor.Manager$PtolemyRunThread.run(Manager.java:1915)
java.lang.RuntimeException: Execution failed
	at ptolemy.moml.MoMLSimpleApplication$UnloadThread.run(MoMLSimpleApplication.java:402)
Caused by: ptolemy.kernel.util.IllegalActionException: Found a zero delay loop containing .dependencyLoop.original
  in .dependencyLoop and .dependencyLoop.original
	at ptolemy.actor.util.CausalityInterfaceForComposites._computeOutputPortDepth(CausalityInterfaceForComposites.java:759)
	at ptolemy.actor.util.CausalityInterfaceForComposites._computeInputDepth(CausalityInterfaceForComposites.java:696)
	at ptolemy.actor.util.CausalityInterfaceForComposites._computeOutputPortDepth(CausalityInterfaceForComposites.java:765)
	at ptolemy.actor.util.CausalityInterfaceForComposites._computeInputDepth(CausalityInterfaceForComposites.java:696)
	at ptolemy.actor.util.CausalityInterfaceForComposites._computeOutputPortDepth(CausalityInterfaceForComposites.java:765)
	at ptolemy.actor.util.CausalityInterfaceForComposites._computeInputDepth(CausalityInterfaceForComposites.java:696)
	at ptolemy.actor.util.CausalityInterfaceForComposites._computeActorDepth(CausalityInterfaceForComposites.java:532)
	at ptolemy.actor.util.CausalityInterfaceForComposites.checkForCycles(CausalityInterfaceForComposites.java:96)
	at ptolemy.domains.de.kernel.DEDirector.preinitialize(DEDirector.java:1338)
	at ptolemy.actor.CompositeActor.preinitialize(CompositeActor.java:1828)
	at ptolemy.actor.Manager.preinitializeAndResolveTypes(Manager.java:1040)
	at ptolemy.actor.Manager.initialize(Manager.java:710)
	at ptolemy.actor.Manager.execute(Manager.java:356)
	at ptolemy.actor.Manager.run(Manager.java:1263)
	at ptolemy.actor.Manager$PtolemyRunThread.run(Manager.java:1915)
java.lang.reflect.InvocationTargetException
	at sun.reflect.NativeConstructorAccessorImpl.newInstance0(Native Method)
	at sun.reflect.NativeConstructorAccessorImpl.newInstance(NativeConstructorAccessorImpl.java:62)
	at sun.reflect.DelegatingConstructorAccessorImpl.newInstance(DelegatingConstructorAccessorImpl.java:45)
	at java.lang.reflect.Constructor.newInstance(Constructor.java:423)
	at ptolemy.util.test.junit.AutoKnownFailedTests.RunModel(AutoKnownFailedTests.java:105)
	at sun.reflect.NativeMethodAccessorImpl.invoke0(Native Method)
	at sun.reflect.NativeMethodAccessorImpl.invoke(NativeMethodAccessorImpl.java:62)
	at sun.reflect.DelegatingMethodAccessorImpl.invoke(DelegatingMethodAccessorImpl.java:43)
	at java.lang.reflect.Method.invoke(Method.java:498)
	at org.junit.runners.model.FrameworkMethod$1.runReflectiveCall(FrameworkMethod.java:44)
	at org.junit.internal.runners.model.ReflectiveCallable.run(ReflectiveCallable.java:15)
	at org.junit.runners.model.FrameworkMethod.invokeExplosively(FrameworkMethod.java:41)
	at junitparams.internal.InvokeParameterisedMethod.evaluate(InvokeParameterisedMethod.java:102)
	at org.junit.internal.runners.statements.FailOnTimeout$1.run(FailOnTimeout.java:28)
Caused by: ptolemy.kernel.util.IllegalActionException: Found a zero delay loop containing .dependencyLoop.original
  in .dependencyLoop and .dependencyLoop.original
	at ptolemy.actor.util.CausalityInterfaceForComposites._computeOutputPortDepth(CausalityInterfaceForComposites.java:759)
	at ptolemy.actor.util.CausalityInterfaceForComposites._computeInputDepth(CausalityInterfaceForComposites.java:696)
	at ptolemy.actor.util.CausalityInterfaceForComposites._computeOutputPortDepth(CausalityInterfaceForComposites.java:765)
	at ptolemy.actor.util.CausalityInterfaceForComposites._computeInputDepth(CausalityInterfaceForComposites.java:696)
	at ptolemy.actor.util.CausalityInterfaceForComposites._computeOutputPortDepth(CausalityInterfaceForComposites.java:765)
	at ptolemy.actor.util.CausalityInterfaceForComposites._computeInputDepth(CausalityInterfaceForComposites.java:696)
	at ptolemy.actor.util.CausalityInterfaceForComposites._computeActorDepth(CausalityInterfaceForComposites.java:532)
	at ptolemy.actor.util.CausalityInterfaceForComposites.checkForCycles(CausalityInterfaceForComposites.java:96)
	at ptolemy.domains.de.kernel.DEDirector.preinitialize(DEDirector.java:1338)
	at ptolemy.actor.CompositeActor.preinitialize(CompositeActor.java:1828)
	at ptolemy.actor.Manager.preinitializeAndResolveTypes(Manager.java:1040)
	at ptolemy.actor.Manager.initialize(Manager.java:710)
	at ptolemy.actor.Manager.execute(Manager.java:356)
	at ptolemy.actor.Manager.run(Manager.java:1263)
	at ptolemy.actor.Manager$PtolemyRunThread.run(Manager.java:1915)
java.lang.RuntimeException: Execution failed
	at ptolemy.moml.MoMLSimpleApplication$UnloadThread.run(MoMLSimpleApplication.java:402)
Caused by: ptolemy.kernel.util.IllegalActionException: Found a zero delay loop containing .dependencyLoop2.original
  in .dependencyLoop2 and .dependencyLoop2.original
	at ptolemy.actor.util.CausalityInterfaceForComposites._computeOutputPortDepth(CausalityInterfaceForComposites.java:759)
	at ptolemy.actor.util.CausalityInterfaceForComposites._computeInputDepth(CausalityInterfaceForComposites.java:696)
	at ptolemy.actor.util.CausalityInterfaceForComposites._computeOutputPortDepth(CausalityInterfaceForComposites.java:765)
	at ptolemy.actor.util.CausalityInterfaceForComposites._computeInputDepth(CausalityInterfaceForComposites.java:696)
	at ptolemy.actor.util.CausalityInterfaceForComposites._computeOutputPortDepth(CausalityInterfaceForComposites.java:765)
	at ptolemy.actor.util.CausalityInterfaceForComposites._computeInputDepth(CausalityInterfaceForComposites.java:696)
	at ptolemy.actor.util.CausalityInterfaceForComposites._computeActorDepth(CausalityInterfaceForComposites.java:532)
	at ptolemy.actor.util.CausalityInterfaceForComposites.checkForCycles(CausalityInterfaceForComposites.java:96)
	at ptolemy.domains.de.kernel.DEDirector.preinitialize(DEDirector.java:1338)
	at ptolemy.actor.CompositeActor.preinitialize(CompositeActor.java:1828)
	at ptolemy.actor.Manager.preinitializeAndResolveTypes(Manager.java:1040)
	at ptolemy.actor.Manager.initialize(Manager.java:710)
	at ptolemy.actor.Manager.execute(Manager.java:356)
	at ptolemy.actor.Manager.run(Manager.java:1263)
	at ptolemy.actor.Manager$PtolemyRunThread.run(Manager.java:1915)
java.lang.reflect.InvocationTargetException
	at sun.reflect.NativeConstructorAccessorImpl.newInstance0(Native Method)
	at sun.reflect.NativeConstructorAccessorImpl.newInstance(NativeConstructorAccessorImpl.java:62)
	at sun.reflect.DelegatingConstructorAccessorImpl.newInstance(DelegatingConstructorAccessorImpl.java:45)
	at java.lang.reflect.Constructor.newInstance(Constructor.java:423)
	at ptolemy.util.test.junit.AutoKnownFailedTests.RunModel(AutoKnownFailedTests.java:105)
	at sun.reflect.NativeMethodAccessorImpl.invoke0(Native Method)
	at sun.reflect.NativeMethodAccessorImpl.invoke(NativeMethodAccessorImpl.java:62)
	at sun.reflect.DelegatingMethodAccessorImpl.invoke(DelegatingMethodAccessorImpl.java:43)
	at java.lang.reflect.Method.invoke(Method.java:498)
	at org.junit.runners.model.FrameworkMethod$1.runReflectiveCall(FrameworkMethod.java:44)
	at org.junit.internal.runners.model.ReflectiveCallable.run(ReflectiveCallable.java:15)
	at org.junit.runners.model.FrameworkMethod.invokeExplosively(FrameworkMethod.java:41)
	at junitparams.internal.InvokeParameterisedMethod.evaluate(InvokeParameterisedMethod.java:102)
	at org.junit.internal.runners.statements.FailOnTimeout$1.run(FailOnTimeout.java:28)
Caused by: ptolemy.kernel.util.IllegalActionException: Found a zero delay loop containing .dependencyLoop2.original
  in .dependencyLoop2 and .dependencyLoop2.original
	at ptolemy.actor.util.CausalityInterfaceForComposites._computeOutputPortDepth(CausalityInterfaceForComposites.java:759)
	at ptolemy.actor.util.CausalityInterfaceForComposites._computeInputDepth(CausalityInterfaceForComposites.java:696)
	at ptolemy.actor.util.CausalityInterfaceForComposites._computeOutputPortDepth(CausalityInterfaceForComposites.java:765)
	at ptolemy.actor.util.CausalityInterfaceForComposites._computeInputDepth(CausalityInterfaceForComposites.java:696)
	at ptolemy.actor.util.CausalityInterfaceForComposites._computeOutputPortDepth(CausalityInterfaceForComposites.java:765)
	at ptolemy.actor.util.CausalityInterfaceForComposites._computeInputDepth(CausalityInterfaceForComposites.java:696)
	at ptolemy.actor.util.CausalityInterfaceForComposites._computeActorDepth(CausalityInterfaceForComposites.java:532)
	at ptolemy.actor.util.CausalityInterfaceForComposites.checkForCycles(CausalityInterfaceForComposites.java:96)
	at ptolemy.domains.de.kernel.DEDirector.preinitialize(DEDirector.java:1338)
	at ptolemy.actor.CompositeActor.preinitialize(CompositeActor.java:1828)
	at ptolemy.actor.Manager.preinitializeAndResolveTypes(Manager.java:1040)
	at ptolemy.actor.Manager.initialize(Manager.java:710)
	at ptolemy.actor.Manager.execute(Manager.java:356)
	at ptolemy.actor.Manager.run(Manager.java:1263)
	at ptolemy.actor.Manager$PtolemyRunThread.run(Manager.java:1915)
]]></system-err>
</testsuite>
