<?xml version="1.0" encoding="UTF-8" ?>
<testsuite errors="0" failures="0" hostname="travis-job-d988965b-0016-449d-b565-27d974e417ca" name="ptolemy.domains.continuous.test.junit.JUnitTclTest" skipped="0" tests="156" time="75.424" timestamp="2020-03-11T07:12:01">
  <properties>
[...]
</properties>
  <testcase classname="ptolemy.util.test.junit.TclTests" name="[0] ThereAreNoTclTests (RunTclFile)" time="0.009" />
  <testcase classname="ptolemy.util.test.junit.AutoKnownFailedTests" name="[0] ThereAreNoKnowFailedTests (RunModel)" time="0.005" />
  <testcase classname="ptolemy.util.test.junit.AutoNameArchTests" name="[0] ThereAreNoAutoArchTests (RunModel)" time="0.017" />
  <testcase classname="ptolemy.util.test.junit.AutoTests" name="[0] /home/travis/build/icyphy/ptII/ptolemy/domains/continuous/test/auto/BouncingBall.xml (RunModel)" time="3.032" />
  <testcase classname="ptolemy.util.test.junit.AutoTests" name="[1] /home/travis/build/icyphy/ptII/ptolemy/domains/continuous/test/auto/BouncingBallWithoutGR.xml (RunModel)" time="0.921" />
  <testcase classname="ptolemy.util.test.junit.AutoTests" name="[2] /home/travis/build/icyphy/ptII/ptolemy/domains/continuous/test/auto/Brownian.xml (RunModel)" time="0.106" />
  <testcase classname="ptolemy.util.test.junit.AutoTests" name="[3] /home/travis/build/icyphy/ptII/ptolemy/domains/continuous/test/auto/CarTracking.xml (RunModel)" time="4.07" />
  <testcase classname="ptolemy.util.test.junit.AutoTests" name="[4] /home/travis/build/icyphy/ptII/ptolemy/domains/continuous/test/auto/CartPendulum.xml (RunModel)" time="0.557" />
  <testcase classname="ptolemy.util.test.junit.AutoTests" name="[5] /home/travis/build/icyphy/ptII/ptolemy/domains/continuous/test/auto/CausalityInterface10.xml (RunModel)" time="0.05" />
  <testcase classname="ptolemy.util.test.junit.AutoTests" name="[6] /home/travis/build/icyphy/ptII/ptolemy/domains/continuous/test/auto/CausalityInterface11.xml (RunModel)" time="0.031" />
  <testcase classname="ptolemy.util.test.junit.AutoTests" name="[7] /home/travis/build/icyphy/ptII/ptolemy/domains/continuous/test/auto/CausalityInterface12.xml (RunModel)" time="0.036" />
  <testcase classname="ptolemy.util.test.junit.AutoTests" name="[8] /home/travis/build/icyphy/ptII/ptolemy/domains/continuous/test/auto/CausalityInterface13.xml (RunModel)" time="0.034" />
  <testcase classname="ptolemy.util.test.junit.AutoTests" name="[9] /home/travis/build/icyphy/ptII/ptolemy/domains/continuous/test/auto/CausalityInterface14.xml (RunModel)" time="0.026" />
  <testcase classname="ptolemy.util.test.junit.AutoTests" name="[10] /home/travis/build/icyphy/ptII/ptolemy/domains/continuous/test/auto/CausalityInterface4.xml (RunModel)" time="0.044" />
  <testcase classname="ptolemy.util.test.junit.AutoTests" name="[11] /home/travis/build/icyphy/ptII/ptolemy/domains/continuous/test/auto/CausalityInterface5.xml (RunModel)" time="0.039" />
  <testcase classname="ptolemy.util.test.junit.AutoTests" name="[12] /home/travis/build/icyphy/ptII/ptolemy/domains/continuous/test/auto/CausalityInterface6.xml (RunModel)" time="0.028" />
  <testcase classname="ptolemy.util.test.junit.AutoTests" name="[13] /home/travis/build/icyphy/ptII/ptolemy/domains/continuous/test/auto/CausalityInterface7.xml (RunModel)" time="0.037" />
  <testcase classname="ptolemy.util.test.junit.AutoTests" name="[14] /home/travis/build/icyphy/ptII/ptolemy/domains/continuous/test/auto/CausalityInterface8.xml (RunModel)" time="0.036" />
  <testcase classname="ptolemy.util.test.junit.AutoTests" name="[15] /home/travis/build/icyphy/ptII/ptolemy/domains/continuous/test/auto/CausalityInterface9.xml (RunModel)" time="0.051" />
  <testcase classname="ptolemy.util.test.junit.AutoTests" name="[16] /home/travis/build/icyphy/ptII/ptolemy/domains/continuous/test/auto/CausalityInterfaceFeedback1.xml (RunModel)" time="0.027" />
  <testcase classname="ptolemy.util.test.junit.AutoTests" name="[17] /home/travis/build/icyphy/ptII/ptolemy/domains/continuous/test/auto/CausalityInterfaceFeedback2.xml (RunModel)" time="0.025" />
  <testcase classname="ptolemy.util.test.junit.AutoTests" name="[18] /home/travis/build/icyphy/ptII/ptolemy/domains/continuous/test/auto/CompareWithCurrentTime.xml (RunModel)" time="0.013" />
  <testcase classname="ptolemy.util.test.junit.AutoTests" name="[19] /home/travis/build/icyphy/ptII/ptolemy/domains/continuous/test/auto/ComparedClocks.xml (RunModel)" time="0.08" />
  <testcase classname="ptolemy.util.test.junit.AutoTests" name="[20] /home/travis/build/icyphy/ptII/ptolemy/domains/continuous/test/auto/ContinuousAOCClone.xml (RunModel)" time="2.665" />
  <testcase classname="ptolemy.util.test.junit.AutoTests" name="[21] /home/travis/build/icyphy/ptII/ptolemy/domains/continuous/test/auto/ContinuousClock.xml (RunModel)" time="0.069" />
  <testcase classname="ptolemy.util.test.junit.AutoTests" name="[22] /home/travis/build/icyphy/ptII/ptolemy/domains/continuous/test/auto/ContinuousInContinuous.xml (RunModel)" time="0.091" />
  <testcase classname="ptolemy.util.test.junit.AutoTests" name="[23] /home/travis/build/icyphy/ptII/ptolemy/domains/continuous/test/auto/ContinuousInContinuousInContinuous.xml (RunModel)" time="0.025" />
  <testcase classname="ptolemy.util.test.junit.AutoTests" name="[24] /home/travis/build/icyphy/ptII/ptolemy/domains/continuous/test/auto/ContinuousInDE.xml (RunModel)" time="0.114" />
  <testcase classname="ptolemy.util.test.junit.AutoTests" name="[25] /home/travis/build/icyphy/ptII/ptolemy/domains/continuous/test/auto/ContinuousInDE2.xml (RunModel)" time="0.051" />
  <testcase classname="ptolemy.util.test.junit.AutoTests" name="[26] /home/travis/build/icyphy/ptII/ptolemy/domains/continuous/test/auto/ContinuousInDE3.xml (RunModel)" time="0.062" />
  <testcase classname="ptolemy.util.test.junit.AutoTests" name="[27] /home/travis/build/icyphy/ptII/ptolemy/domains/continuous/test/auto/ContinuousInDE4.xml (RunModel)" time="0.032" />
  <testcase classname="ptolemy.util.test.junit.AutoTests" name="[28] /home/travis/build/icyphy/ptII/ptolemy/domains/continuous/test/auto/ContinuousInDEDifferentRefinements.xml (RunModel)" time="0.11" />
  <testcase classname="ptolemy.util.test.junit.AutoTests" name="[29] /home/travis/build/icyphy/ptII/ptolemy/domains/continuous/test/auto/ContinuousInDEDifferentRefinementsPreemptive.xml (RunModel)" time="0.103" />
  <testcase classname="ptolemy.util.test.junit.AutoTests" name="[30] /home/travis/build/icyphy/ptII/ptolemy/domains/continuous/test/auto/ContinuousInDEInContinuous2.xml (RunModel)" time="0.054" />
  <testcase classname="ptolemy.util.test.junit.AutoTests" name="[31] /home/travis/build/icyphy/ptII/ptolemy/domains/continuous/test/auto/ContinuousInDEInContinuous3.xml (RunModel)" time="0.064" />
  <testcase classname="ptolemy.util.test.junit.AutoTests" name="[32] /home/travis/build/icyphy/ptII/ptolemy/domains/continuous/test/auto/ContinuousInDEInput.xml (RunModel)" time="0.033" />
  <testcase classname="ptolemy.util.test.junit.AutoTests" name="[33] /home/travis/build/icyphy/ptII/ptolemy/domains/continuous/test/auto/ContinuousInDEInput2.xml (RunModel)" time="0.035" />
  <testcase classname="ptolemy.util.test.junit.AutoTests" name="[34] /home/travis/build/icyphy/ptII/ptolemy/domains/continuous/test/auto/ContinuousInDEInput3.xml (RunModel)" time="0.029" />
  <testcase classname="ptolemy.util.test.junit.AutoTests" name="[35] /home/travis/build/icyphy/ptII/ptolemy/domains/continuous/test/auto/ContinuousInDESharingRefinement.xml (RunModel)" time="0.175" />
  <testcase classname="ptolemy.util.test.junit.AutoTests" name="[36] /home/travis/build/icyphy/ptII/ptolemy/domains/continuous/test/auto/ContinuousInDEwithNoPorts.xml (RunModel)" time="0.019" />
  <testcase classname="ptolemy.util.test.junit.AutoTests" name="[37] /home/travis/build/icyphy/ptII/ptolemy/domains/continuous/test/auto/ContinuousInsideDE.xml (RunModel)" time="0.085" />
  <testcase classname="ptolemy.util.test.junit.AutoTests" name="[38] /home/travis/build/icyphy/ptII/ptolemy/domains/continuous/test/auto/ContinuousMerge1.xml (RunModel)" time="0.015" />
  <testcase classname="ptolemy.util.test.junit.AutoTests" name="[39] /home/travis/build/icyphy/ptII/ptolemy/domains/continuous/test/auto/ContinuousMerge2.xml (RunModel)" time="0.045" />
  <testcase classname="ptolemy.util.test.junit.AutoTests" name="[40] /home/travis/build/icyphy/ptII/ptolemy/domains/continuous/test/auto/ContinuousMerge3.xml (RunModel)" time="0.083" />
  <testcase classname="ptolemy.util.test.junit.AutoTests" name="[41] /home/travis/build/icyphy/ptII/ptolemy/domains/continuous/test/auto/ContinuousWithinContinuous.xml (RunModel)" time="0.069" />
  <testcase classname="ptolemy.util.test.junit.AutoTests" name="[42] /home/travis/build/icyphy/ptII/ptolemy/domains/continuous/test/auto/ContinuousWithinContinuous2.xml (RunModel)" time="0.087" />
  <testcase classname="ptolemy.util.test.junit.AutoTests" name="[43] /home/travis/build/icyphy/ptII/ptolemy/domains/continuous/test/auto/ContinuousWithinContinuous3.xml (RunModel)" time="0.041" />
  <testcase classname="ptolemy.util.test.junit.AutoTests" name="[44] /home/travis/build/icyphy/ptII/ptolemy/domains/continuous/test/auto/ContinuousWithinContinuous4.xml (RunModel)" time="0.084" />
  <testcase classname="ptolemy.util.test.junit.AutoTests" name="[45] /home/travis/build/icyphy/ptII/ptolemy/domains/continuous/test/auto/ContinuousWithinContinuous5.xml (RunModel)" time="0.036" />
  <testcase classname="ptolemy.util.test.junit.AutoTests" name="[46] /home/travis/build/icyphy/ptII/ptolemy/domains/continuous/test/auto/ContinuousWithinContinuous6.xml (RunModel)" time="0.03" />
  <testcase classname="ptolemy.util.test.junit.AutoTests" name="[47] /home/travis/build/icyphy/ptII/ptolemy/domains/continuous/test/auto/ContinuousWithinContinuous7.xml (RunModel)" time="0.081" />
  <testcase classname="ptolemy.util.test.junit.AutoTests" name="[48] /home/travis/build/icyphy/ptII/ptolemy/domains/continuous/test/auto/DCMotor.xml (RunModel)" time="16.095" />
  <testcase classname="ptolemy.util.test.junit.AutoTests" name="[49] /home/travis/build/icyphy/ptII/ptolemy/domains/continuous/test/auto/DEInContinuous.xml (RunModel)" time="0.02" />
  <testcase classname="ptolemy.util.test.junit.AutoTests" name="[50] /home/travis/build/icyphy/ptII/ptolemy/domains/continuous/test/auto/DEinContinuous2.xml (RunModel)" time="0.02" />
  <testcase classname="ptolemy.util.test.junit.AutoTests" name="[51] /home/travis/build/icyphy/ptII/ptolemy/domains/continuous/test/auto/Derivative.xml (RunModel)" time="0.194" />
  <testcase classname="ptolemy.util.test.junit.AutoTests" name="[52] /home/travis/build/icyphy/ptII/ptolemy/domains/continuous/test/auto/Derivative1.xml (RunModel)" time="0.042" />
  <testcase classname="ptolemy.util.test.junit.AutoTests" name="[53] /home/travis/build/icyphy/ptII/ptolemy/domains/continuous/test/auto/DiscreteClock.xml (RunModel)" time="0.011" />
  <testcase classname="ptolemy.util.test.junit.AutoTests" name="[54] /home/travis/build/icyphy/ptII/ptolemy/domains/continuous/test/auto/EfficiencyCurve.xml (RunModel)" time="0.065" />
  <testcase classname="ptolemy.util.test.junit.AutoTests" name="[55] /home/travis/build/icyphy/ptII/ptolemy/domains/continuous/test/auto/ExponentialResponse.xml (RunModel)" time="0.123" />
  <testcase classname="ptolemy.util.test.junit.AutoTests" name="[56] /home/travis/build/icyphy/ptII/ptolemy/domains/continuous/test/auto/ExponentialResponseRK45.xml (RunModel)" time="0.033" />
  <testcase classname="ptolemy.util.test.junit.AutoTests" name="[57] /home/travis/build/icyphy/ptII/ptolemy/domains/continuous/test/auto/Friction.xml (RunModel)" time="1.589" />
  <testcase classname="ptolemy.util.test.junit.AutoTests" name="[58] /home/travis/build/icyphy/ptII/ptolemy/domains/continuous/test/auto/FurutaPendulum.xml (RunModel)" time="3.347" />
  <testcase classname="ptolemy.util.test.junit.AutoTests" name="[59] /home/travis/build/icyphy/ptII/ptolemy/domains/continuous/test/auto/HierarchicalExecution.xml (RunModel)" time="2.008" />
  <testcase classname="ptolemy.util.test.junit.AutoTests" name="[60] /home/travis/build/icyphy/ptII/ptolemy/domains/continuous/test/auto/HybridPlant.xml (RunModel)" time="0.596" />
  <testcase classname="ptolemy.util.test.junit.AutoTests" name="[61] /home/travis/build/icyphy/ptII/ptolemy/domains/continuous/test/auto/Hysteresis.xml (RunModel)" time="0.215" />
  <testcase classname="ptolemy.util.test.junit.AutoTests" name="[62] /home/travis/build/icyphy/ptII/ptolemy/domains/continuous/test/auto/HysteresisWithRandomDelay.xml (RunModel)" time="0.222" />
  <testcase classname="ptolemy.util.test.junit.AutoTests" name="[63] /home/travis/build/icyphy/ptII/ptolemy/domains/continuous/test/auto/HysteresisWithRandomLosses.xml (RunModel)" time="2.569" />
  <testcase classname="ptolemy.util.test.junit.AutoTests" name="[64] /home/travis/build/icyphy/ptII/ptolemy/domains/continuous/test/auto/ImmediateTransitions.xml (RunModel)" time="0.037" />
  <testcase classname="ptolemy.util.test.junit.AutoTests" name="[65] /home/travis/build/icyphy/ptII/ptolemy/domains/continuous/test/auto/ImpulseFeedback.xml (RunModel)" time="0.021" />
  <testcase classname="ptolemy.util.test.junit.AutoTests" name="[66] /home/travis/build/icyphy/ptII/ptolemy/domains/continuous/test/auto/ImpulseFeedback2.xml (RunModel)" time="0.017" />
  <testcase classname="ptolemy.util.test.junit.AutoTests" name="[67] /home/travis/build/icyphy/ptII/ptolemy/domains/continuous/test/auto/IncreasingRatePoisson.xml (RunModel)" time="0.807" />
  <testcase classname="ptolemy.util.test.junit.AutoTests" name="[68] /home/travis/build/icyphy/ptII/ptolemy/domains/continuous/test/auto/InitialStateFeedback.xml (RunModel)" time="0.013" />
  <testcase classname="ptolemy.util.test.junit.AutoTests" name="[69] /home/travis/build/icyphy/ptII/ptolemy/domains/continuous/test/auto/Integration.xml (RunModel)" time="0.016" />
  <testcase classname="ptolemy.util.test.junit.AutoTests" name="[70] /home/travis/build/icyphy/ptII/ptolemy/domains/continuous/test/auto/Integration2.xml (RunModel)" time="0.099" />
  <testcase classname="ptolemy.util.test.junit.AutoTests" name="[71] /home/travis/build/icyphy/ptII/ptolemy/domains/continuous/test/auto/Integration3.xml (RunModel)" time="0.018" />
  <testcase classname="ptolemy.util.test.junit.AutoTests" name="[72] /home/travis/build/icyphy/ptII/ptolemy/domains/continuous/test/auto/Integration5.xml (RunModel)" time="0.012" />
  <testcase classname="ptolemy.util.test.junit.AutoTests" name="[73] /home/travis/build/icyphy/ptII/ptolemy/domains/continuous/test/auto/IntegratorImpulse.xml (RunModel)" time="0.009" />
  <testcase classname="ptolemy.util.test.junit.AutoTests" name="[74] /home/travis/build/icyphy/ptII/ptolemy/domains/continuous/test/auto/IntegratorImpulse2.xml (RunModel)" time="0.012" />
  <testcase classname="ptolemy.util.test.junit.AutoTests" name="[75] /home/travis/build/icyphy/ptII/ptolemy/domains/continuous/test/auto/LevelCrossing1.xml (RunModel)" time="0.009" />
  <testcase classname="ptolemy.util.test.junit.AutoTests" name="[76] /home/travis/build/icyphy/ptII/ptolemy/domains/continuous/test/auto/LevelCrossing2.xml (RunModel)" time="0.015" />
  <testcase classname="ptolemy.util.test.junit.AutoTests" name="[77] /home/travis/build/icyphy/ptII/ptolemy/domains/continuous/test/auto/LevelCrossing3.xml (RunModel)" time="0.01" />
  <testcase classname="ptolemy.util.test.junit.AutoTests" name="[78] /home/travis/build/icyphy/ptII/ptolemy/domains/continuous/test/auto/LevelCrossing4.xml (RunModel)" time="0.014" />
  <testcase classname="ptolemy.util.test.junit.AutoTests" name="[79] /home/travis/build/icyphy/ptII/ptolemy/domains/continuous/test/auto/LevelCrossing5.xml (RunModel)" time="0.012" />
  <testcase classname="ptolemy.util.test.junit.AutoTests" name="[80] /home/travis/build/icyphy/ptII/ptolemy/domains/continuous/test/auto/LevelCrossing6.xml (RunModel)" time="0.012" />
  <testcase classname="ptolemy.util.test.junit.AutoTests" name="[81] /home/travis/build/icyphy/ptII/ptolemy/domains/continuous/test/auto/LevelCrossingDetector.xml (RunModel)" time="0.038" />
  <testcase classname="ptolemy.util.test.junit.AutoTests" name="[82] /home/travis/build/icyphy/ptII/ptolemy/domains/continuous/test/auto/LevelCrossingDetectorDetectingDirections.xml (RunModel)" time="0.092" />
  <testcase classname="ptolemy.util.test.junit.AutoTests" name="[83] /home/travis/build/icyphy/ptII/ptolemy/domains/continuous/test/auto/LevelCrossingDetectorDetectsGlitches.xml (RunModel)" time="0.063" />
  <testcase classname="ptolemy.util.test.junit.AutoTests" name="[84] /home/travis/build/icyphy/ptII/ptolemy/domains/continuous/test/auto/LevelCrossingNoInitialOuput.xml (RunModel)" time="0.014" />
  <testcase classname="ptolemy.util.test.junit.AutoTests" name="[85] /home/travis/build/icyphy/ptII/ptolemy/domains/continuous/test/auto/LinearStateSpaceExample.xml (RunModel)" time="0.065" />
  <testcase classname="ptolemy.util.test.junit.AutoTests" name="[86] /home/travis/build/icyphy/ptII/ptolemy/domains/continuous/test/auto/Lorenz.xml (RunModel)" time="3.976" />
  <testcase classname="ptolemy.util.test.junit.AutoTests" name="[87] /home/travis/build/icyphy/ptII/ptolemy/domains/continuous/test/auto/LorenzDifferentialSystem.xml (RunModel)" time="0.979" />
  <testcase classname="ptolemy.util.test.junit.AutoTests" name="[88] /home/travis/build/icyphy/ptII/ptolemy/domains/continuous/test/auto/LorenzDifferentialSystemWithInput.xml (RunModel)" time="1.349" />
  <testcase classname="ptolemy.util.test.junit.AutoTests" name="[89] /home/travis/build/icyphy/ptII/ptolemy/domains/continuous/test/auto/LorenzDifferentialSystemWithTime.xml (RunModel)" time="0.721" />
  <testcase classname="ptolemy.util.test.junit.AutoTests" name="[90] /home/travis/build/icyphy/ptII/ptolemy/domains/continuous/test/auto/Microsteps.xml (RunModel)" time="0.036" />
  <testcase classname="ptolemy.util.test.junit.AutoTests" name="[91] /home/travis/build/icyphy/ptII/ptolemy/domains/continuous/test/auto/Modal1.xml (RunModel)" time="0.052" />
  <testcase classname="ptolemy.util.test.junit.AutoTests" name="[92] /home/travis/build/icyphy/ptII/ptolemy/domains/continuous/test/auto/Modal2.xml (RunModel)" time="0.057" />
  <testcase classname="ptolemy.util.test.junit.AutoTests" name="[93] /home/travis/build/icyphy/ptII/ptolemy/domains/continuous/test/auto/ModalTransitionGuardWithReset.xml (RunModel)" time="0.022" />
  <testcase classname="ptolemy.util.test.junit.AutoTests" name="[94] /home/travis/build/icyphy/ptII/ptolemy/domains/continuous/test/auto/ModalTransitionGuardWithResetUsingPreemptiveTransition.xml (RunModel)" time="0.026" />
  <testcase classname="ptolemy.util.test.junit.AutoTests" name="[95] /home/travis/build/icyphy/ptII/ptolemy/domains/continuous/test/auto/ModalTransitionGuardWithResetUsingPreemptiveTransition2.xml (RunModel)" time="0.03" />
  <testcase classname="ptolemy.util.test.junit.AutoTests" name="[96] /home/travis/build/icyphy/ptII/ptolemy/domains/continuous/test/auto/ModalTransitionGuardWithResetUsingPreemptiveTransition3.xml (RunModel)" time="0.024" />
  <testcase classname="ptolemy.util.test.junit.AutoTests" name="[97] /home/travis/build/icyphy/ptII/ptolemy/domains/continuous/test/auto/NewtonsCradle.xml (RunModel)" time="0.804" />
  <testcase classname="ptolemy.util.test.junit.AutoTests" name="[98] /home/travis/build/icyphy/ptII/ptolemy/domains/continuous/test/auto/NewtonsCradleAnimated.xml (RunModel)" time="1.339" />
  <testcase classname="ptolemy.util.test.junit.AutoTests" name="[99] /home/travis/build/icyphy/ptII/ptolemy/domains/continuous/test/auto/NewtonsCradleComplicated.xml (RunModel)" time="1.008" />
  <testcase classname="ptolemy.util.test.junit.AutoTests" name="[100] /home/travis/build/icyphy/ptII/ptolemy/domains/continuous/test/auto/NewtonsCradleNondeterministic.xml (RunModel)" time="0.702" />
  <testcase classname="ptolemy.util.test.junit.AutoTests" name="[101] /home/travis/build/icyphy/ptII/ptolemy/domains/continuous/test/auto/NewtonsCradlePerfectlyInelastic1.xml (RunModel)" time="1.153" />
  <testcase classname="ptolemy.util.test.junit.AutoTests" name="[102] /home/travis/build/icyphy/ptII/ptolemy/domains/continuous/test/auto/Noise.xml (RunModel)" time="0.21" />
  <testcase classname="ptolemy.util.test.junit.AutoTests" name="[103] /home/travis/build/icyphy/ptII/ptolemy/domains/continuous/test/auto/NoiseSpectrum.xml (RunModel)" time="0.712" />
  <testcase classname="ptolemy.util.test.junit.AutoTests" name="[104] /home/travis/build/icyphy/ptII/ptolemy/domains/continuous/test/auto/ParameterizedNewtonsCradleAnimated.xml (RunModel)" time="0.35" />
  <testcase classname="ptolemy.util.test.junit.AutoTests" name="[105] /home/travis/build/icyphy/ptII/ptolemy/domains/continuous/test/auto/ParameterizedNewtonsCradleAnimatedNondeterministic.xml (RunModel)" time="1.072" />
  <testcase classname="ptolemy.util.test.junit.AutoTests" name="[106] /home/travis/build/icyphy/ptII/ptolemy/domains/continuous/test/auto/Pendulum3D.xml (RunModel)" time="0.166" />
  <testcase classname="ptolemy.util.test.junit.AutoTests" name="[107] /home/travis/build/icyphy/ptII/ptolemy/domains/continuous/test/auto/PeriodicSampler.xml (RunModel)" time="0.013" />
  <testcase classname="ptolemy.util.test.junit.AutoTests" name="[108] /home/travis/build/icyphy/ptII/ptolemy/domains/continuous/test/auto/PeriodicSampler1.xml (RunModel)" time="0.043" />
  <testcase classname="ptolemy.util.test.junit.AutoTests" name="[109] /home/travis/build/icyphy/ptII/ptolemy/domains/continuous/test/auto/PeriodicSampler2.xml (RunModel)" time="0.09" />
  <testcase classname="ptolemy.util.test.junit.AutoTests" name="[110] /home/travis/build/icyphy/ptII/ptolemy/domains/continuous/test/auto/Poisson.xml (RunModel)" time="0.437" />
  <testcase classname="ptolemy.util.test.junit.AutoTests" name="[111] /home/travis/build/icyphy/ptII/ptolemy/domains/continuous/test/auto/PoissonClock.xml (RunModel)" time="0.011" />
  <testcase classname="ptolemy.util.test.junit.AutoTests" name="[112] /home/travis/build/icyphy/ptII/ptolemy/domains/continuous/test/auto/PoissonClock2.xml (RunModel)" time="0.011" />
  <testcase classname="ptolemy.util.test.junit.AutoTests" name="[113] /home/travis/build/icyphy/ptII/ptolemy/domains/continuous/test/auto/PortParameterHierarchy.xml (RunModel)" time="0.023" />
  <testcase classname="ptolemy.util.test.junit.AutoTests" name="[114] /home/travis/build/icyphy/ptII/ptolemy/domains/continuous/test/auto/RandomHybridPlant.xml (RunModel)" time="0.541" />
  <testcase classname="ptolemy.util.test.junit.AutoTests" name="[115] /home/travis/build/icyphy/ptII/ptolemy/domains/continuous/test/auto/ResetTransitionWithStartTime1.xml (RunModel)" time="0.04" />
  <testcase classname="ptolemy.util.test.junit.AutoTests" name="[116] /home/travis/build/icyphy/ptII/ptolemy/domains/continuous/test/auto/ResetTransitionWithStartTime2.xml (RunModel)" time="0.035" />
  <testcase classname="ptolemy.util.test.junit.AutoTests" name="[117] /home/travis/build/icyphy/ptII/ptolemy/domains/continuous/test/auto/ResetTransitionWithStartTime3.xml (RunModel)" time="0.038" />
  <testcase classname="ptolemy.util.test.junit.AutoTests" name="[118] /home/travis/build/icyphy/ptII/ptolemy/domains/continuous/test/auto/ResetTransitionWithStartTime4.xml (RunModel)" time="0.026" />
  <testcase classname="ptolemy.util.test.junit.AutoTests" name="[119] /home/travis/build/icyphy/ptII/ptolemy/domains/continuous/test/auto/ResetTransitionWithStartTime5.xml (RunModel)" time="0.033" />
  <testcase classname="ptolemy.util.test.junit.AutoTests" name="[120] /home/travis/build/icyphy/ptII/ptolemy/domains/continuous/test/auto/ResetTransitionWithStartTime6.xml (RunModel)" time="0.024" />
  <testcase classname="ptolemy.util.test.junit.AutoTests" name="[121] /home/travis/build/icyphy/ptII/ptolemy/domains/continuous/test/auto/SRinContinuous.xml (RunModel)" time="0.026" />
  <testcase classname="ptolemy.util.test.junit.AutoTests" name="[122] /home/travis/build/icyphy/ptII/ptolemy/domains/continuous/test/auto/SampledClocks.xml (RunModel)" time="0.034" />
  <testcase classname="ptolemy.util.test.junit.AutoTests" name="[123] /home/travis/build/icyphy/ptII/ptolemy/domains/continuous/test/auto/Satellite.xml (RunModel)" time="0.668" />
  <testcase classname="ptolemy.util.test.junit.AutoTests" name="[124] /home/travis/build/icyphy/ptII/ptolemy/domains/continuous/test/auto/SigmaDelta.xml (RunModel)" time="2.084" />
  <testcase classname="ptolemy.util.test.junit.AutoTests" name="[125] /home/travis/build/icyphy/ptII/ptolemy/domains/continuous/test/auto/SingleRefinement.xml (RunModel)" time="0.435" />
  <testcase classname="ptolemy.util.test.junit.AutoTests" name="[126] /home/travis/build/icyphy/ptII/ptolemy/domains/continuous/test/auto/SinuBouncingBall.xml (RunModel)" time="0.783" />
  <testcase classname="ptolemy.util.test.junit.AutoTests" name="[127] /home/travis/build/icyphy/ptII/ptolemy/domains/continuous/test/auto/Sinusoid.xml (RunModel)" time="0.016" />
  <testcase classname="ptolemy.util.test.junit.AutoTests" name="[128] /home/travis/build/icyphy/ptII/ptolemy/domains/continuous/test/auto/SinusoidInNoise.xml (RunModel)" time="0.846" />
  <testcase classname="ptolemy.util.test.junit.AutoTests" name="[129] /home/travis/build/icyphy/ptII/ptolemy/domains/continuous/test/auto/SinusoidRK45.xml (RunModel)" time="0.01" />
  <testcase classname="ptolemy.util.test.junit.AutoTests" name="[130] /home/travis/build/icyphy/ptII/ptolemy/domains/continuous/test/auto/SinusoidWithMultipleImpulses.xml (RunModel)" time="0.022" />
  <testcase classname="ptolemy.util.test.junit.AutoTests" name="[131] /home/travis/build/icyphy/ptII/ptolemy/domains/continuous/test/auto/SquareWave.xml (RunModel)" time="0.16" />
  <testcase classname="ptolemy.util.test.junit.AutoTests" name="[132] /home/travis/build/icyphy/ptII/ptolemy/domains/continuous/test/auto/Starmac.xml (RunModel)" time="3.433" />
  <testcase classname="ptolemy.util.test.junit.AutoTests" name="[133] /home/travis/build/icyphy/ptII/ptolemy/domains/continuous/test/auto/StaticUnits.xml (RunModel)" time="2.347" />
  <testcase classname="ptolemy.util.test.junit.AutoTests" name="[134] /home/travis/build/icyphy/ptII/ptolemy/domains/continuous/test/auto/StickyMasses.xml (RunModel)" time="0.193" />
  <testcase classname="ptolemy.util.test.junit.AutoTests" name="[135] /home/travis/build/icyphy/ptII/ptolemy/domains/continuous/test/auto/StopTime.xml (RunModel)" time="0.052" />
  <testcase classname="ptolemy.util.test.junit.AutoTests" name="[136] /home/travis/build/icyphy/ptII/ptolemy/domains/continuous/test/auto/StopTime2.xml (RunModel)" time="0.051" />
  <testcase classname="ptolemy.util.test.junit.AutoTests" name="[137] /home/travis/build/icyphy/ptII/ptolemy/domains/continuous/test/auto/Switch.xml (RunModel)" time="0.064" />
  <testcase classname="ptolemy.util.test.junit.AutoTests" name="[138] /home/travis/build/icyphy/ptII/ptolemy/domains/continuous/test/auto/Thermostat.xml (RunModel)" time="0.235" />
  <testcase classname="ptolemy.util.test.junit.AutoTests" name="[139] /home/travis/build/icyphy/ptII/ptolemy/domains/continuous/test/auto/TimeDelay.xml (RunModel)" time="0.014" />
  <testcase classname="ptolemy.util.test.junit.AutoTests" name="[140] /home/travis/build/icyphy/ptII/ptolemy/domains/continuous/test/auto/TimeDelay2.xml (RunModel)" time="0.025" />
  <testcase classname="ptolemy.util.test.junit.AutoTests" name="[141] /home/travis/build/icyphy/ptII/ptolemy/domains/continuous/test/auto/TimeDelay3.xml (RunModel)" time="0.012" />
  <testcase classname="ptolemy.util.test.junit.AutoTests" name="[142] /home/travis/build/icyphy/ptII/ptolemy/domains/continuous/test/auto/TransferAbsentToInside.xml (RunModel)" time="0.103" />
  <testcase classname="ptolemy.util.test.junit.AutoTests" name="[143] /home/travis/build/icyphy/ptII/ptolemy/domains/continuous/test/auto/Transmission.xml (RunModel)" time="0.808" />
  <testcase classname="ptolemy.util.test.junit.AutoTests" name="[144] /home/travis/build/icyphy/ptII/ptolemy/domains/continuous/test/auto/TriggeredContinuousClock.xml (RunModel)" time="0.065" />
  <testcase classname="ptolemy.util.test.junit.AutoTests" name="[145] /home/travis/build/icyphy/ptII/ptolemy/domains/continuous/test/auto/TwoMachineInfiniteBusControl.xml (RunModel)" time="2.584" />
  <testcase classname="ptolemy.util.test.junit.AutoTests" name="[146] /home/travis/build/icyphy/ptII/ptolemy/domains/continuous/test/auto/V2V.xml (RunModel)" time="0.806" />
  <testcase classname="ptolemy.util.test.junit.AutoTests" name="[147] /home/travis/build/icyphy/ptII/ptolemy/domains/continuous/test/auto/hierarchicalModalModel.xml (RunModel)" time="0.028" />
  <testcase classname="ptolemy.util.test.junit.AutoTests" name="[148] /home/travis/build/icyphy/ptII/ptolemy/domains/continuous/test/auto/hierarchicalModalModel1.xml (RunModel)" time="0.027" />
  <testcase classname="ptolemy.util.test.junit.AutoTests" name="[149] /home/travis/build/icyphy/ptII/ptolemy/domains/continuous/test/auto/hierarchicalModalModel2.xml (RunModel)" time="0.023" />
  <testcase classname="ptolemy.util.test.junit.AutoTests" name="[150] /home/travis/build/icyphy/ptII/ptolemy/domains/continuous/test/auto/hierarchicalModalModel3.xml (RunModel)" time="0.025" />
  <testcase classname="ptolemy.util.test.junit.AutoTests" name="[151] /home/travis/build/icyphy/ptII/ptolemy/domains/continuous/test/auto/hierarchicalModalModel4.xml (RunModel)" time="0.026" />
  <testcase classname="ptolemy.util.test.junit.AutoTests" name="[152] /home/travis/build/icyphy/ptII/ptolemy/domains/continuous/test/auto/junk.xml (RunModel)" time="0.149" />
  <system-out><![CDATA[No tcl tests in /home/travis/build/icyphy/ptII/ptolemy/domains/continuous/test
No auto/knownFailedTests/*.xml tests in /home/travis/build/icyphy/ptII/ptolemy/domains/continuous/test
No auto/linux-amd64/*.xml tests in /home/travis/build/icyphy/ptII/ptolemy/domains/continuous/test
AutoTests.java: About to close Vertx.
AutoTests.java: Vertx closed.

===========================================================================================
----------------- testing Wed Mar 11 07:12:02 UTC 2020 /home/travis/build/icyphy/ptII/ptolemy/domains/continuous/test/auto/BouncingBall.xml
----------------- Instantiating /home/travis/build/icyphy/ptII/ptolemy/domains/continuous/test/auto/BouncingBall.xml
2447 ms. Memory: 187392K Free: 135431K (72%)
----------------- Invoking toplevel() on ptolemy.moml.MoMLSimpleApplication@624221d1
----------------- Done invoking toplevel() on ptolemy.moml.MoMLSimpleApplication@624221d1
reloadAllAccessors: .BouncingBall

===========================================================================================
----------------- testing Wed Mar 11 07:12:05 UTC 2020 /home/travis/build/icyphy/ptII/ptolemy/domains/continuous/test/auto/BouncingBallWithoutGR.xml
----------------- Instantiating /home/travis/build/icyphy/ptII/ptolemy/domains/continuous/test/auto/BouncingBallWithoutGR.xml
803 ms. Memory: 187392K Free: 172273K (92%)
----------------- Invoking toplevel() on ptolemy.moml.MoMLSimpleApplication@7575d26d
----------------- Done invoking toplevel() on ptolemy.moml.MoMLSimpleApplication@7575d26d
reloadAllAccessors: .BouncingBallWithoutGR

===========================================================================================
----------------- testing Wed Mar 11 07:12:06 UTC 2020 /home/travis/build/icyphy/ptII/ptolemy/domains/continuous/test/auto/Brownian.xml
----------------- Instantiating /home/travis/build/icyphy/ptII/ptolemy/domains/continuous/test/auto/Brownian.xml
30 ms. Memory: 187392K Free: 163057K (87%)
----------------- Invoking toplevel() on ptolemy.moml.MoMLSimpleApplication@58dcb50
----------------- Done invoking toplevel() on ptolemy.moml.MoMLSimpleApplication@58dcb50
reloadAllAccessors: .Brownian

===========================================================================================
----------------- testing Wed Mar 11 07:12:06 UTC 2020 /home/travis/build/icyphy/ptII/ptolemy/domains/continuous/test/auto/CarTracking.xml
----------------- Instantiating /home/travis/build/icyphy/ptII/ptolemy/domains/continuous/test/auto/CarTracking.xml
3646 ms. Memory: 225280K Free: 87388K (39%)
----------------- Invoking toplevel() on ptolemy.moml.MoMLSimpleApplication@1bfe6d2c
----------------- Done invoking toplevel() on ptolemy.moml.MoMLSimpleApplication@1bfe6d2c
reloadAllAccessors: .CarTracking

===========================================================================================
----------------- testing Wed Mar 11 07:12:10 UTC 2020 /home/travis/build/icyphy/ptII/ptolemy/domains/continuous/test/auto/CartPendulum.xml
----------------- Instantiating /home/travis/build/icyphy/ptII/ptolemy/domains/continuous/test/auto/CartPendulum.xml
417 ms. Memory: 270336K Free: 170152K (63%)
----------------- Invoking toplevel() on ptolemy.moml.MoMLSimpleApplication@52d78f3b
----------------- Done invoking toplevel() on ptolemy.moml.MoMLSimpleApplication@52d78f3b
reloadAllAccessors: .CartPendulum

===========================================================================================
----------------- testing Wed Mar 11 07:12:11 UTC 2020 /home/travis/build/icyphy/ptII/ptolemy/domains/continuous/test/auto/CausalityInterface10.xml
----------------- Instantiating /home/travis/build/icyphy/ptII/ptolemy/domains/continuous/test/auto/CausalityInterface10.xml
12 ms. Memory: 270336K Free: 159912K (59%)
----------------- Invoking toplevel() on ptolemy.moml.MoMLSimpleApplication@4ea74871
----------------- Done invoking toplevel() on ptolemy.moml.MoMLSimpleApplication@4ea74871
reloadAllAccessors: .CausalityInterface10

===========================================================================================
----------------- testing Wed Mar 11 07:12:11 UTC 2020 /home/travis/build/icyphy/ptII/ptolemy/domains/continuous/test/auto/CausalityInterface11.xml
----------------- Instantiating /home/travis/build/icyphy/ptII/ptolemy/domains/continuous/test/auto/CausalityInterface11.xml
8 ms. Memory: 270336K Free: 153768K (57%)
----------------- Invoking toplevel() on ptolemy.moml.MoMLSimpleApplication@23dade05
----------------- Done invoking toplevel() on ptolemy.moml.MoMLSimpleApplication@23dade05
reloadAllAccessors: .CausalityInterface11

===========================================================================================
----------------- testing Wed Mar 11 07:12:11 UTC 2020 /home/travis/build/icyphy/ptII/ptolemy/domains/continuous/test/auto/CausalityInterface12.xml
----------------- Instantiating /home/travis/build/icyphy/ptII/ptolemy/domains/continuous/test/auto/CausalityInterface12.xml
9 ms. Memory: 270336K Free: 147624K (55%)
----------------- Invoking toplevel() on ptolemy.moml.MoMLSimpleApplication@6aa8b43b
----------------- Done invoking toplevel() on ptolemy.moml.MoMLSimpleApplication@6aa8b43b
reloadAllAccessors: .CausalityInterface12

===========================================================================================
----------------- testing Wed Mar 11 07:12:11 UTC 2020 /home/travis/build/icyphy/ptII/ptolemy/domains/continuous/test/auto/CausalityInterface13.xml
----------------- Instantiating /home/travis/build/icyphy/ptII/ptolemy/domains/continuous/test/auto/CausalityInterface13.xml
6 ms. Memory: 270336K Free: 141480K (52%)
----------------- Invoking toplevel() on ptolemy.moml.MoMLSimpleApplication@799cbb1
----------------- Done invoking toplevel() on ptolemy.moml.MoMLSimpleApplication@799cbb1
reloadAllAccessors: .CausalityInterface13

===========================================================================================
----------------- testing Wed Mar 11 07:12:11 UTC 2020 /home/travis/build/icyphy/ptII/ptolemy/domains/continuous/test/auto/CausalityInterface14.xml
----------------- Instantiating /home/travis/build/icyphy/ptII/ptolemy/domains/continuous/test/auto/CausalityInterface14.xml
4 ms. Memory: 270336K Free: 135832K (50%)
----------------- Invoking toplevel() on ptolemy.moml.MoMLSimpleApplication@69288c2a
----------------- Done invoking toplevel() on ptolemy.moml.MoMLSimpleApplication@69288c2a
reloadAllAccessors: .CausalityInterface14

===========================================================================================
----------------- testing Wed Mar 11 07:12:11 UTC 2020 /home/travis/build/icyphy/ptII/ptolemy/domains/continuous/test/auto/CausalityInterface4.xml
----------------- Instantiating /home/travis/build/icyphy/ptII/ptolemy/domains/continuous/test/auto/CausalityInterface4.xml
8 ms. Memory: 270336K Free: 128648K (48%)
----------------- Invoking toplevel() on ptolemy.moml.MoMLSimpleApplication@68152099
----------------- Done invoking toplevel() on ptolemy.moml.MoMLSimpleApplication@68152099
reloadAllAccessors: .CausalityInterface4

===========================================================================================
----------------- testing Wed Mar 11 07:12:11 UTC 2020 /home/travis/build/icyphy/ptII/ptolemy/domains/continuous/test/auto/CausalityInterface5.xml
----------------- Instantiating /home/travis/build/icyphy/ptII/ptolemy/domains/continuous/test/auto/CausalityInterface5.xml
9 ms. Memory: 270336K Free: 120486K (45%)
----------------- Invoking toplevel() on ptolemy.moml.MoMLSimpleApplication@d059ac6
----------------- Done invoking toplevel() on ptolemy.moml.MoMLSimpleApplication@d059ac6
reloadAllAccessors: .CausalityInterface5

===========================================================================================
----------------- testing Wed Mar 11 07:12:11 UTC 2020 /home/travis/build/icyphy/ptII/ptolemy/domains/continuous/test/auto/CausalityInterface6.xml
----------------- Instantiating /home/travis/build/icyphy/ptII/ptolemy/domains/continuous/test/auto/CausalityInterface6.xml
6 ms. Memory: 270336K Free: 115366K (43%)
----------------- Invoking toplevel() on ptolemy.moml.MoMLSimpleApplication@642fc6c8
----------------- Done invoking toplevel() on ptolemy.moml.MoMLSimpleApplication@642fc6c8
reloadAllAccessors: .CausalityInterface6

===========================================================================================
----------------- testing Wed Mar 11 07:12:11 UTC 2020 /home/travis/build/icyphy/ptII/ptolemy/domains/continuous/test/auto/CausalityInterface7.xml
----------------- Instantiating /home/travis/build/icyphy/ptII/ptolemy/domains/continuous/test/auto/CausalityInterface7.xml
7 ms. Memory: 270336K Free: 106664K (39%)
----------------- Invoking toplevel() on ptolemy.moml.MoMLSimpleApplication@69eb0abc
----------------- Done invoking toplevel() on ptolemy.moml.MoMLSimpleApplication@69eb0abc
reloadAllAccessors: .CausalityInterface7

===========================================================================================
----------------- testing Wed Mar 11 07:12:11 UTC 2020 /home/travis/build/icyphy/ptII/ptolemy/domains/continuous/test/auto/CausalityInterface8.xml
----------------- Instantiating /home/travis/build/icyphy/ptII/ptolemy/domains/continuous/test/auto/CausalityInterface8.xml
6 ms. Memory: 270336K Free: 97448K (36%)
----------------- Invoking toplevel() on ptolemy.moml.MoMLSimpleApplication@53f3ccda
----------------- Done invoking toplevel() on ptolemy.moml.MoMLSimpleApplication@53f3ccda
reloadAllAccessors: .CausalityInterface8

===========================================================================================
----------------- testing Wed Mar 11 07:12:11 UTC 2020 /home/travis/build/icyphy/ptII/ptolemy/domains/continuous/test/auto/CausalityInterface9.xml
----------------- Instantiating /home/travis/build/icyphy/ptII/ptolemy/domains/continuous/test/auto/CausalityInterface9.xml
9 ms. Memory: 270336K Free: 245849K (91%)
----------------- Invoking toplevel() on ptolemy.moml.MoMLSimpleApplication@66c453ac
----------------- Done invoking toplevel() on ptolemy.moml.MoMLSimpleApplication@66c453ac
reloadAllAccessors: .CausalityInterface9

===========================================================================================
----------------- testing Wed Mar 11 07:12:11 UTC 2020 /home/travis/build/icyphy/ptII/ptolemy/domains/continuous/test/auto/CausalityInterfaceFeedback1.xml
----------------- Instantiating /home/travis/build/icyphy/ptII/ptolemy/domains/continuous/test/auto/CausalityInterfaceFeedback1.xml
3 ms. Memory: 270336K Free: 239195K (88%)
----------------- Invoking toplevel() on ptolemy.moml.MoMLSimpleApplication@1f96b8f5
----------------- Done invoking toplevel() on ptolemy.moml.MoMLSimpleApplication@1f96b8f5
reloadAllAccessors: .CausalityInterfaceFeedback1

===========================================================================================
----------------- testing Wed Mar 11 07:12:11 UTC 2020 /home/travis/build/icyphy/ptII/ptolemy/domains/continuous/test/auto/CausalityInterfaceFeedback2.xml
----------------- Instantiating /home/travis/build/icyphy/ptII/ptolemy/domains/continuous/test/auto/CausalityInterfaceFeedback2.xml
5 ms. Memory: 270336K Free: 232507K (86%)
----------------- Invoking toplevel() on ptolemy.moml.MoMLSimpleApplication@af72995
----------------- Done invoking toplevel() on ptolemy.moml.MoMLSimpleApplication@af72995
reloadAllAccessors: .CausalityInterfaceFeedback2

===========================================================================================
----------------- testing Wed Mar 11 07:12:11 UTC 2020 /home/travis/build/icyphy/ptII/ptolemy/domains/continuous/test/auto/CompareWithCurrentTime.xml
----------------- Instantiating /home/travis/build/icyphy/ptII/ptolemy/domains/continuous/test/auto/CompareWithCurrentTime.xml
3 ms. Memory: 270336K Free: 228441K (85%)
----------------- Invoking toplevel() on ptolemy.moml.MoMLSimpleApplication@716c9b00
----------------- Done invoking toplevel() on ptolemy.moml.MoMLSimpleApplication@716c9b00
reloadAllAccessors: .CompareWithCurrentTime

===========================================================================================
----------------- testing Wed Mar 11 07:12:11 UTC 2020 /home/travis/build/icyphy/ptII/ptolemy/domains/continuous/test/auto/ComparedClocks.xml
----------------- Instantiating /home/travis/build/icyphy/ptII/ptolemy/domains/continuous/test/auto/ComparedClocks.xml
6 ms. Memory: 270336K Free: 213067K (79%)
----------------- Invoking toplevel() on ptolemy.moml.MoMLSimpleApplication@505352b9
----------------- Done invoking toplevel() on ptolemy.moml.MoMLSimpleApplication@505352b9
reloadAllAccessors: .ComparedClocks

===========================================================================================
----------------- testing Wed Mar 11 07:12:11 UTC 2020 /home/travis/build/icyphy/ptII/ptolemy/domains/continuous/test/auto/ContinuousAOCClone.xml
----------------- Instantiating /home/travis/build/icyphy/ptII/ptolemy/domains/continuous/test/auto/ContinuousAOCClone.xml
2445 ms. Memory: 270336K Free: 151869K (56%)
----------------- Invoking toplevel() on ptolemy.moml.MoMLSimpleApplication@f70fc0d
----------------- Done invoking toplevel() on ptolemy.moml.MoMLSimpleApplication@f70fc0d
reloadAllAccessors: .ContinuousAOCClone

===========================================================================================
----------------- testing Wed Mar 11 07:12:14 UTC 2020 /home/travis/build/icyphy/ptII/ptolemy/domains/continuous/test/auto/ContinuousClock.xml
----------------- Instantiating /home/travis/build/icyphy/ptII/ptolemy/domains/continuous/test/auto/ContinuousClock.xml
31 ms. Memory: 270336K Free: 129855K (48%)
----------------- Invoking toplevel() on ptolemy.moml.MoMLSimpleApplication@243c83b5
----------------- Done invoking toplevel() on ptolemy.moml.MoMLSimpleApplication@243c83b5
reloadAllAccessors: .ContinuousClock

===========================================================================================
----------------- testing Wed Mar 11 07:12:14 UTC 2020 /home/travis/build/icyphy/ptII/ptolemy/domains/continuous/test/auto/ContinuousInContinuous.xml
----------------- Instantiating /home/travis/build/icyphy/ptII/ptolemy/domains/continuous/test/auto/ContinuousInContinuous.xml
49 ms. Memory: 270336K Free: 106303K (39%)
----------------- Invoking toplevel() on ptolemy.moml.MoMLSimpleApplication@2a7dead1
----------------- Done invoking toplevel() on ptolemy.moml.MoMLSimpleApplication@2a7dead1
reloadAllAccessors: .ContinuousInContinuous

===========================================================================================
----------------- testing Wed Mar 11 07:12:14 UTC 2020 /home/travis/build/icyphy/ptII/ptolemy/domains/continuous/test/auto/ContinuousInContinuousInContinuous.xml
----------------- Instantiating /home/travis/build/icyphy/ptII/ptolemy/domains/continuous/test/auto/ContinuousInContinuousInContinuous.xml
6 ms. Memory: 270336K Free: 98621K (36%)
----------------- Invoking toplevel() on ptolemy.moml.MoMLSimpleApplication@26a5683a
----------------- Done invoking toplevel() on ptolemy.moml.MoMLSimpleApplication@26a5683a
reloadAllAccessors: .ContinuousInContinuousInContinuous

===========================================================================================
----------------- testing Wed Mar 11 07:12:14 UTC 2020 /home/travis/build/icyphy/ptII/ptolemy/domains/continuous/test/auto/ContinuousInDE.xml
----------------- Instantiating /home/travis/build/icyphy/ptII/ptolemy/domains/continuous/test/auto/ContinuousInDE.xml
85 ms. Memory: 270336K Free: 248625K (92%)
----------------- Invoking toplevel() on ptolemy.moml.MoMLSimpleApplication@1b1d0252
----------------- Done invoking toplevel() on ptolemy.moml.MoMLSimpleApplication@1b1d0252
reloadAllAccessors: .ContinuousInDE

===========================================================================================
----------------- testing Wed Mar 11 07:12:14 UTC 2020 /home/travis/build/icyphy/ptII/ptolemy/domains/continuous/test/auto/ContinuousInDE2.xml
----------------- Instantiating /home/travis/build/icyphy/ptII/ptolemy/domains/continuous/test/auto/ContinuousInDE2.xml
36 ms. Memory: 270336K Free: 238899K (88%)
----------------- Invoking toplevel() on ptolemy.moml.MoMLSimpleApplication@3d65e6da
----------------- Done invoking toplevel() on ptolemy.moml.MoMLSimpleApplication@3d65e6da
reloadAllAccessors: .ContinuousInDE2

===========================================================================================
----------------- testing Wed Mar 11 07:12:14 UTC 2020 /home/travis/build/icyphy/ptII/ptolemy/domains/continuous/test/auto/ContinuousInDE3.xml
----------------- Instantiating /home/travis/build/icyphy/ptII/ptolemy/domains/continuous/test/auto/ContinuousInDE3.xml
39 ms. Memory: 270336K Free: 229169K (85%)
----------------- Invoking toplevel() on ptolemy.moml.MoMLSimpleApplication@45d59c58
----------------- Done invoking toplevel() on ptolemy.moml.MoMLSimpleApplication@45d59c58
reloadAllAccessors: .ContinuousInDE3

===========================================================================================
----------------- testing Wed Mar 11 07:12:14 UTC 2020 /home/travis/build/icyphy/ptII/ptolemy/domains/continuous/test/auto/ContinuousInDE4.xml
----------------- Instantiating /home/travis/build/icyphy/ptII/ptolemy/domains/continuous/test/auto/ContinuousInDE4.xml
12 ms. Memory: 270336K Free: 223025K (82%)
----------------- Invoking toplevel() on ptolemy.moml.MoMLSimpleApplication@5792d869
----------------- Done invoking toplevel() on ptolemy.moml.MoMLSimpleApplication@5792d869
reloadAllAccessors: .ContinuousInDE4

===========================================================================================
----------------- testing Wed Mar 11 07:12:14 UTC 2020 /home/travis/build/icyphy/ptII/ptolemy/domains/continuous/test/auto/ContinuousInDEDifferentRefinements.xml
----------------- Instantiating /home/travis/build/icyphy/ptII/ptolemy/domains/continuous/test/auto/ContinuousInDEDifferentRefinements.xml
61 ms. Memory: 270336K Free: 191795K (71%)
----------------- Invoking toplevel() on ptolemy.moml.MoMLSimpleApplication@62913ad3
----------------- Done invoking toplevel() on ptolemy.moml.MoMLSimpleApplication@62913ad3
reloadAllAccessors: .ContinuousInDEDifferentRefinements

===========================================================================================
----------------- testing Wed Mar 11 07:12:14 UTC 2020 /home/travis/build/icyphy/ptII/ptolemy/domains/continuous/test/auto/ContinuousInDEDifferentRefinementsPreemptive.xml
----------------- Instantiating /home/travis/build/icyphy/ptII/ptolemy/domains/continuous/test/auto/ContinuousInDEDifferentRefinementsPreemptive.xml
52 ms. Memory: 270336K Free: 161075K (60%)
----------------- Invoking toplevel() on ptolemy.moml.MoMLSimpleApplication@7af5d862
----------------- Done invoking toplevel() on ptolemy.moml.MoMLSimpleApplication@7af5d862
reloadAllAccessors: .ContinuousInDEDifferentRefinementsPreemptive

===========================================================================================
----------------- testing Wed Mar 11 07:12:14 UTC 2020 /home/travis/build/icyphy/ptII/ptolemy/domains/continuous/test/auto/ContinuousInDEInContinuous2.xml
----------------- Instantiating /home/travis/build/icyphy/ptII/ptolemy/domains/continuous/test/auto/ContinuousInDEInContinuous2.xml
31 ms. Memory: 270336K Free: 149811K (55%)
----------------- Invoking toplevel() on ptolemy.moml.MoMLSimpleApplication@25e14733
----------------- Done invoking toplevel() on ptolemy.moml.MoMLSimpleApplication@25e14733
reloadAllAccessors: .ContinuousInDEInContinuous2

===========================================================================================
----------------- testing Wed Mar 11 07:12:15 UTC 2020 /home/travis/build/icyphy/ptII/ptolemy/domains/continuous/test/auto/ContinuousInDEInContinuous3.xml
----------------- Instantiating /home/travis/build/icyphy/ptII/ptolemy/domains/continuous/test/auto/ContinuousInDEInContinuous3.xml
39 ms. Memory: 270336K Free: 137523K (51%)
----------------- Invoking toplevel() on ptolemy.moml.MoMLSimpleApplication@2119353e
----------------- Done invoking toplevel() on ptolemy.moml.MoMLSimpleApplication@2119353e
reloadAllAccessors: .ContinuousInDEInContinuous3

===========================================================================================
----------------- testing Wed Mar 11 07:12:15 UTC 2020 /home/travis/build/icyphy/ptII/ptolemy/domains/continuous/test/auto/ContinuousInDEInput.xml
----------------- Instantiating /home/travis/build/icyphy/ptII/ptolemy/domains/continuous/test/auto/ContinuousInDEInput.xml
16 ms. Memory: 270336K Free: 130355K (48%)
----------------- Invoking toplevel() on ptolemy.moml.MoMLSimpleApplication@29687436
----------------- Done invoking toplevel() on ptolemy.moml.MoMLSimpleApplication@29687436
reloadAllAccessors: .ContinuousInDEInput

===========================================================================================
----------------- testing Wed Mar 11 07:12:15 UTC 2020 /home/travis/build/icyphy/ptII/ptolemy/domains/continuous/test/auto/ContinuousInDEInput2.xml
----------------- Instantiating /home/travis/build/icyphy/ptII/ptolemy/domains/continuous/test/auto/ContinuousInDEInput2.xml
13 ms. Memory: 270336K Free: 122673K (45%)
----------------- Invoking toplevel() on ptolemy.moml.MoMLSimpleApplication@46f3cc76
----------------- Done invoking toplevel() on ptolemy.moml.MoMLSimpleApplication@46f3cc76
reloadAllAccessors: .ContinuousInDEInput2

===========================================================================================
----------------- testing Wed Mar 11 07:12:15 UTC 2020 /home/travis/build/icyphy/ptII/ptolemy/domains/continuous/test/auto/ContinuousInDEInput3.xml
----------------- Instantiating /home/travis/build/icyphy/ptII/ptolemy/domains/continuous/test/auto/ContinuousInDEInput3.xml
13 ms. Memory: 270336K Free: 115505K (43%)
----------------- Invoking toplevel() on ptolemy.moml.MoMLSimpleApplication@2d096502
----------------- Done invoking toplevel() on ptolemy.moml.MoMLSimpleApplication@2d096502
reloadAllAccessors: .ContinuousInDEInput3

===========================================================================================
----------------- testing Wed Mar 11 07:12:15 UTC 2020 /home/travis/build/icyphy/ptII/ptolemy/domains/continuous/test/auto/ContinuousInDESharingRefinement.xml
----------------- Instantiating /home/travis/build/icyphy/ptII/ptolemy/domains/continuous/test/auto/ContinuousInDESharingRefinement.xml
147 ms. Memory: 270336K Free: 181675K (67%)
----------------- Invoking toplevel() on ptolemy.moml.MoMLSimpleApplication@200a5e99
----------------- Done invoking toplevel() on ptolemy.moml.MoMLSimpleApplication@200a5e99
reloadAllAccessors: .ContinuousInDESharingRefinement

===========================================================================================
----------------- testing Wed Mar 11 07:12:15 UTC 2020 /home/travis/build/icyphy/ptII/ptolemy/domains/continuous/test/auto/ContinuousInDEwithNoPorts.xml
----------------- Instantiating /home/travis/build/icyphy/ptII/ptolemy/domains/continuous/test/auto/ContinuousInDEwithNoPorts.xml
6 ms. Memory: 270336K Free: 177051K (65%)
----------------- Invoking toplevel() on ptolemy.moml.MoMLSimpleApplication@4ee4a0fe
----------------- Done invoking toplevel() on ptolemy.moml.MoMLSimpleApplication@4ee4a0fe
reloadAllAccessors: .ContinuousInDEwithNoPorts

===========================================================================================
----------------- testing Wed Mar 11 07:12:15 UTC 2020 /home/travis/build/icyphy/ptII/ptolemy/domains/continuous/test/auto/ContinuousInsideDE.xml
----------------- Instantiating /home/travis/build/icyphy/ptII/ptolemy/domains/continuous/test/auto/ContinuousInsideDE.xml
39 ms. Memory: 270336K Free: 165801K (61%)
----------------- Invoking toplevel() on ptolemy.moml.MoMLSimpleApplication@79d65c31
----------------- Done invoking toplevel() on ptolemy.moml.MoMLSimpleApplication@79d65c31
reloadAllAccessors: .ContinuousInsideDE

===========================================================================================
----------------- testing Wed Mar 11 07:12:15 UTC 2020 /home/travis/build/icyphy/ptII/ptolemy/domains/continuous/test/auto/ContinuousMerge1.xml
----------------- Instantiating /home/travis/build/icyphy/ptII/ptolemy/domains/continuous/test/auto/ContinuousMerge1.xml
3 ms. Memory: 270336K Free: 161195K (60%)
----------------- Invoking toplevel() on ptolemy.moml.MoMLSimpleApplication@47651a9c
----------------- Done invoking toplevel() on ptolemy.moml.MoMLSimpleApplication@47651a9c
reloadAllAccessors: .ContinuousMerge1

===========================================================================================
----------------- testing Wed Mar 11 07:12:15 UTC 2020 /home/travis/build/icyphy/ptII/ptolemy/domains/continuous/test/auto/ContinuousMerge2.xml
----------------- Instantiating /home/travis/build/icyphy/ptII/ptolemy/domains/continuous/test/auto/ContinuousMerge2.xml
13 ms. Memory: 270336K Free: 150441K (56%)
----------------- Invoking toplevel() on ptolemy.moml.MoMLSimpleApplication@5a4072f
----------------- Done invoking toplevel() on ptolemy.moml.MoMLSimpleApplication@5a4072f
reloadAllAccessors: .ContinuousMerge2

===========================================================================================
----------------- testing Wed Mar 11 07:12:15 UTC 2020 /home/travis/build/icyphy/ptII/ptolemy/domains/continuous/test/auto/ContinuousMerge3.xml
----------------- Instantiating /home/travis/build/icyphy/ptII/ptolemy/domains/continuous/test/auto/ContinuousMerge3.xml
52 ms. Memory: 270336K Free: 139177K (51%)
----------------- Invoking toplevel() on ptolemy.moml.MoMLSimpleApplication@459d7333
----------------- Done invoking toplevel() on ptolemy.moml.MoMLSimpleApplication@459d7333
reloadAllAccessors: .ContinuousMerge3

===========================================================================================
----------------- testing Wed Mar 11 07:12:15 UTC 2020 /home/travis/build/icyphy/ptII/ptolemy/domains/continuous/test/auto/ContinuousWithinContinuous.xml
----------------- Instantiating /home/travis/build/icyphy/ptII/ptolemy/domains/continuous/test/auto/ContinuousWithinContinuous.xml
46 ms. Memory: 270336K Free: 129961K (48%)
----------------- Invoking toplevel() on ptolemy.moml.MoMLSimpleApplication@5c273fa4
----------------- Done invoking toplevel() on ptolemy.moml.MoMLSimpleApplication@5c273fa4
reloadAllAccessors: .ContinuousWithinContinuous

===========================================================================================
----------------- testing Wed Mar 11 07:12:15 UTC 2020 /home/travis/build/icyphy/ptII/ptolemy/domains/continuous/test/auto/ContinuousWithinContinuous2.xml
----------------- Instantiating /home/travis/build/icyphy/ptII/ptolemy/domains/continuous/test/auto/ContinuousWithinContinuous2.xml
74 ms. Memory: 270336K Free: 118697K (44%)
----------------- Invoking toplevel() on ptolemy.moml.MoMLSimpleApplication@1515d0e2
----------------- Done invoking toplevel() on ptolemy.moml.MoMLSimpleApplication@1515d0e2
reloadAllAccessors: .ContinuousWithinContinuous2

===========================================================================================
----------------- testing Wed Mar 11 07:12:15 UTC 2020 /home/travis/build/icyphy/ptII/ptolemy/domains/continuous/test/auto/ContinuousWithinContinuous3.xml
----------------- Instantiating /home/travis/build/icyphy/ptII/ptolemy/domains/continuous/test/auto/ContinuousWithinContinuous3.xml
23 ms. Memory: 270336K Free: 111529K (41%)
----------------- Invoking toplevel() on ptolemy.moml.MoMLSimpleApplication@4d0842fd
----------------- Done invoking toplevel() on ptolemy.moml.MoMLSimpleApplication@4d0842fd
reloadAllAccessors: .ContinuousWithinContinuous3

===========================================================================================
----------------- testing Wed Mar 11 07:12:15 UTC 2020 /home/travis/build/icyphy/ptII/ptolemy/domains/continuous/test/auto/ContinuousWithinContinuous4.xml
----------------- Instantiating /home/travis/build/icyphy/ptII/ptolemy/domains/continuous/test/auto/ContinuousWithinContinuous4.xml
69 ms. Memory: 270336K Free: 99241K (37%)
----------------- Invoking toplevel() on ptolemy.moml.MoMLSimpleApplication@75dc4a59
----------------- Done invoking toplevel() on ptolemy.moml.MoMLSimpleApplication@75dc4a59
reloadAllAccessors: .ContinuousWithinContinuous4

===========================================================================================
----------------- testing Wed Mar 11 07:12:15 UTC 2020 /home/travis/build/icyphy/ptII/ptolemy/domains/continuous/test/auto/ContinuousWithinContinuous5.xml
----------------- Instantiating /home/travis/build/icyphy/ptII/ptolemy/domains/continuous/test/auto/ContinuousWithinContinuous5.xml
14 ms. Memory: 270336K Free: 252342K (93%)
----------------- Invoking toplevel() on ptolemy.moml.MoMLSimpleApplication@4e4c4de7
----------------- Done invoking toplevel() on ptolemy.moml.MoMLSimpleApplication@4e4c4de7
reloadAllAccessors: .ContinuousWithinContinuous5

===========================================================================================
----------------- testing Wed Mar 11 07:12:15 UTC 2020 /home/travis/build/icyphy/ptII/ptolemy/domains/continuous/test/auto/ContinuousWithinContinuous6.xml
----------------- Instantiating /home/travis/build/icyphy/ptII/ptolemy/domains/continuous/test/auto/ContinuousWithinContinuous6.xml
12 ms. Memory: 270336K Free: 245174K (91%)
----------------- Invoking toplevel() on ptolemy.moml.MoMLSimpleApplication@741ba727
----------------- Done invoking toplevel() on ptolemy.moml.MoMLSimpleApplication@741ba727
reloadAllAccessors: .ContinuousWithinContinuous6

===========================================================================================
----------------- testing Wed Mar 11 07:12:16 UTC 2020 /home/travis/build/icyphy/ptII/ptolemy/domains/continuous/test/auto/ContinuousWithinContinuous7.xml
----------------- Instantiating /home/travis/build/icyphy/ptII/ptolemy/domains/continuous/test/auto/ContinuousWithinContinuous7.xml
68 ms. Memory: 270336K Free: 233910K (87%)
----------------- Invoking toplevel() on ptolemy.moml.MoMLSimpleApplication@70d9d0d0
----------------- Done invoking toplevel() on ptolemy.moml.MoMLSimpleApplication@70d9d0d0
reloadAllAccessors: .ContinuousWithinContinuous7

===========================================================================================
----------------- testing Wed Mar 11 07:12:16 UTC 2020 /home/travis/build/icyphy/ptII/ptolemy/domains/continuous/test/auto/DCMotor.xml
----------------- Instantiating /home/travis/build/icyphy/ptII/ptolemy/domains/continuous/test/auto/DCMotor.xml
15995 ms. Memory: 270336K Free: 148936K (55%)
----------------- Invoking toplevel() on ptolemy.moml.MoMLSimpleApplication@56917e49
----------------- Done invoking toplevel() on ptolemy.moml.MoMLSimpleApplication@56917e49
reloadAllAccessors: .DCMotor

===========================================================================================
----------------- testing Wed Mar 11 07:12:32 UTC 2020 /home/travis/build/icyphy/ptII/ptolemy/domains/continuous/test/auto/DEInContinuous.xml
----------------- Instantiating /home/travis/build/icyphy/ptII/ptolemy/domains/continuous/test/auto/DEInContinuous.xml
6 ms. Memory: 270336K Free: 142798K (53%)
----------------- Invoking toplevel() on ptolemy.moml.MoMLSimpleApplication@3c04bf07
----------------- Done invoking toplevel() on ptolemy.moml.MoMLSimpleApplication@3c04bf07
reloadAllAccessors: .DEInContinuous

===========================================================================================
----------------- testing Wed Mar 11 07:12:32 UTC 2020 /home/travis/build/icyphy/ptII/ptolemy/domains/continuous/test/auto/DEinContinuous2.xml
----------------- Instantiating /home/travis/build/icyphy/ptII/ptolemy/domains/continuous/test/auto/DEinContinuous2.xml
5 ms. Memory: 270336K Free: 135120K (50%)
----------------- Invoking toplevel() on ptolemy.moml.MoMLSimpleApplication@7f9f2e15
----------------- Done invoking toplevel() on ptolemy.moml.MoMLSimpleApplication@7f9f2e15
reloadAllAccessors: .DEinContinuous2

===========================================================================================
----------------- testing Wed Mar 11 07:12:32 UTC 2020 /home/travis/build/icyphy/ptII/ptolemy/domains/continuous/test/auto/Derivative.xml
----------------- Instantiating /home/travis/build/icyphy/ptII/ptolemy/domains/continuous/test/auto/Derivative.xml
143 ms. Memory: 270336K Free: 104400K (39%)
----------------- Invoking toplevel() on ptolemy.moml.MoMLSimpleApplication@1059c632
----------------- Done invoking toplevel() on ptolemy.moml.MoMLSimpleApplication@1059c632
reloadAllAccessors: .Derivative2

===========================================================================================
----------------- testing Wed Mar 11 07:12:32 UTC 2020 /home/travis/build/icyphy/ptII/ptolemy/domains/continuous/test/auto/Derivative1.xml
----------------- Instantiating /home/travis/build/icyphy/ptII/ptolemy/domains/continuous/test/auto/Derivative1.xml
16 ms. Memory: 270336K Free: 250812K (93%)
----------------- Invoking toplevel() on ptolemy.moml.MoMLSimpleApplication@58f0e97a
----------------- Done invoking toplevel() on ptolemy.moml.MoMLSimpleApplication@58f0e97a
reloadAllAccessors: .Derivative1

===========================================================================================
----------------- testing Wed Mar 11 07:12:32 UTC 2020 /home/travis/build/icyphy/ptII/ptolemy/domains/continuous/test/auto/DiscreteClock.xml
----------------- Instantiating /home/travis/build/icyphy/ptII/ptolemy/domains/continuous/test/auto/DiscreteClock.xml
3 ms. Memory: 270336K Free: 245438K (91%)
----------------- Invoking toplevel() on ptolemy.moml.MoMLSimpleApplication@17145892
----------------- Done invoking toplevel() on ptolemy.moml.MoMLSimpleApplication@17145892
reloadAllAccessors: .DiscreteClock

===========================================================================================
----------------- testing Wed Mar 11 07:12:32 UTC 2020 /home/travis/build/icyphy/ptII/ptolemy/domains/continuous/test/auto/EfficiencyCurve.xml
----------------- Instantiating /home/travis/build/icyphy/ptII/ptolemy/domains/continuous/test/auto/EfficiencyCurve.xml
43 ms. Memory: 270336K Free: 236222K (87%)
----------------- Invoking toplevel() on ptolemy.moml.MoMLSimpleApplication@6846fa99
----------------- Done invoking toplevel() on ptolemy.moml.MoMLSimpleApplication@6846fa99
reloadAllAccessors: .EfficiencyCurve

===========================================================================================
----------------- testing Wed Mar 11 07:12:32 UTC 2020 /home/travis/build/icyphy/ptII/ptolemy/domains/continuous/test/auto/ExponentialResponse.xml
----------------- Instantiating /home/travis/build/icyphy/ptII/ptolemy/domains/continuous/test/auto/ExponentialResponse.xml
111 ms. Memory: 270336K Free: 219838K (81%)
----------------- Invoking toplevel() on ptolemy.moml.MoMLSimpleApplication@77ea1d5a
----------------- Done invoking toplevel() on ptolemy.moml.MoMLSimpleApplication@77ea1d5a
reloadAllAccessors: .ExponentialResponse

===========================================================================================
----------------- testing Wed Mar 11 07:12:32 UTC 2020 /home/travis/build/icyphy/ptII/ptolemy/domains/continuous/test/auto/ExponentialResponseRK45.xml
----------------- Instantiating /home/travis/build/icyphy/ptII/ptolemy/domains/continuous/test/auto/ExponentialResponseRK45.xml
26 ms. Memory: 270336K Free: 213180K (79%)
----------------- Invoking toplevel() on ptolemy.moml.MoMLSimpleApplication@2576e73f
----------------- Done invoking toplevel() on ptolemy.moml.MoMLSimpleApplication@2576e73f
reloadAllAccessors: .ExponentialResponseRK45

===========================================================================================
----------------- testing Wed Mar 11 07:12:32 UTC 2020 /home/travis/build/icyphy/ptII/ptolemy/domains/continuous/test/auto/Friction.xml
----------------- Instantiating /home/travis/build/icyphy/ptII/ptolemy/domains/continuous/test/auto/Friction.xml
1470 ms. Memory: 270336K Free: 106611K (39%)
----------------- Invoking toplevel() on ptolemy.moml.MoMLSimpleApplication@1a7234a0
----------------- Done invoking toplevel() on ptolemy.moml.MoMLSimpleApplication@1a7234a0
reloadAllAccessors: .Friction

===========================================================================================
----------------- testing Wed Mar 11 07:12:34 UTC 2020 /home/travis/build/icyphy/ptII/ptolemy/domains/continuous/test/auto/FurutaPendulum.xml
----------------- Instantiating /home/travis/build/icyphy/ptII/ptolemy/domains/continuous/test/auto/FurutaPendulum.xml
3193 ms. Memory: 270336K Free: 246440K (91%)
----------------- Invoking toplevel() on ptolemy.moml.MoMLSimpleApplication@97679b2
----------------- Done invoking toplevel() on ptolemy.moml.MoMLSimpleApplication@97679b2
reloadAllAccessors: .FurutaPendulum

===========================================================================================
----------------- testing Wed Mar 11 07:12:37 UTC 2020 /home/travis/build/icyphy/ptII/ptolemy/domains/continuous/test/auto/HierarchicalExecution.xml
----------------- Instantiating /home/travis/build/icyphy/ptII/ptolemy/domains/continuous/test/auto/HierarchicalExecution.xml
1614 ms. Memory: 270336K Free: 119961K (44%)
----------------- Invoking toplevel() on ptolemy.moml.MoMLSimpleApplication@545d7056
----------------- Done invoking toplevel() on ptolemy.moml.MoMLSimpleApplication@545d7056
reloadAllAccessors: .HierarchicalExecution

===========================================================================================
----------------- testing Wed Mar 11 07:12:39 UTC 2020 /home/travis/build/icyphy/ptII/ptolemy/domains/continuous/test/auto/HybridPlant.xml
----------------- Instantiating /home/travis/build/icyphy/ptII/ptolemy/domains/continuous/test/auto/HybridPlant.xml
528 ms. Memory: 270336K Free: 175915K (65%)
----------------- Invoking toplevel() on ptolemy.moml.MoMLSimpleApplication@160e62b8
----------------- Done invoking toplevel() on ptolemy.moml.MoMLSimpleApplication@160e62b8
reloadAllAccessors: .HybridPlant

===========================================================================================
----------------- testing Wed Mar 11 07:12:40 UTC 2020 /home/travis/build/icyphy/ptII/ptolemy/domains/continuous/test/auto/Hysteresis.xml
----------------- Instantiating /home/travis/build/icyphy/ptII/ptolemy/domains/continuous/test/auto/Hysteresis.xml
163 ms. Memory: 270336K Free: 112937K (42%)
----------------- Invoking toplevel() on ptolemy.moml.MoMLSimpleApplication@65b06a00
----------------- Done invoking toplevel() on ptolemy.moml.MoMLSimpleApplication@65b06a00
reloadAllAccessors: .Hysteresis

===========================================================================================
----------------- testing Wed Mar 11 07:12:40 UTC 2020 /home/travis/build/icyphy/ptII/ptolemy/domains/continuous/test/auto/HysteresisWithRandomDelay.xml
----------------- Instantiating /home/travis/build/icyphy/ptII/ptolemy/domains/continuous/test/auto/HysteresisWithRandomDelay.xml
178 ms. Memory: 270336K Free: 201080K (74%)
----------------- Invoking toplevel() on ptolemy.moml.MoMLSimpleApplication@772128fb
----------------- Done invoking toplevel() on ptolemy.moml.MoMLSimpleApplication@772128fb
reloadAllAccessors: .HysteresisWithRandomDelay

===========================================================================================
----------------- testing Wed Mar 11 07:12:40 UTC 2020 /home/travis/build/icyphy/ptII/ptolemy/domains/continuous/test/auto/HysteresisWithRandomLosses.xml
----------------- Instantiating /home/travis/build/icyphy/ptII/ptolemy/domains/continuous/test/auto/HysteresisWithRandomLosses.xml
2493 ms. Memory: 270336K Free: 250497K (93%)
----------------- Invoking toplevel() on ptolemy.moml.MoMLSimpleApplication@85bf9b3
----------------- Done invoking toplevel() on ptolemy.moml.MoMLSimpleApplication@85bf9b3
reloadAllAccessors: .HysteresisWithRandomLosses

===========================================================================================
----------------- testing Wed Mar 11 07:12:43 UTC 2020 /home/travis/build/icyphy/ptII/ptolemy/domains/continuous/test/auto/ImmediateTransitions.xml
----------------- Instantiating /home/travis/build/icyphy/ptII/ptolemy/domains/continuous/test/auto/ImmediateTransitions.xml
11 ms. Memory: 270336K Free: 239712K (89%)
----------------- Invoking toplevel() on ptolemy.moml.MoMLSimpleApplication@4bcdfa3f
----------------- Done invoking toplevel() on ptolemy.moml.MoMLSimpleApplication@4bcdfa3f
reloadAllAccessors: .ImmediateTransitions

===========================================================================================
----------------- testing Wed Mar 11 07:12:43 UTC 2020 /home/travis/build/icyphy/ptII/ptolemy/domains/continuous/test/auto/ImpulseFeedback.xml
----------------- Instantiating /home/travis/build/icyphy/ptII/ptolemy/domains/continuous/test/auto/ImpulseFeedback.xml
10 ms. Memory: 270336K Free: 234113K (87%)
----------------- Invoking toplevel() on ptolemy.moml.MoMLSimpleApplication@5b732779
----------------- Done invoking toplevel() on ptolemy.moml.MoMLSimpleApplication@5b732779
reloadAllAccessors: .ImpulseFeedback

===========================================================================================
----------------- testing Wed Mar 11 07:12:43 UTC 2020 /home/travis/build/icyphy/ptII/ptolemy/domains/continuous/test/auto/ImpulseFeedback2.xml
----------------- Instantiating /home/travis/build/icyphy/ptII/ptolemy/domains/continuous/test/auto/ImpulseFeedback2.xml
5 ms. Memory: 270336K Free: 228479K (85%)
----------------- Invoking toplevel() on ptolemy.moml.MoMLSimpleApplication@74977d86
----------------- Done invoking toplevel() on ptolemy.moml.MoMLSimpleApplication@74977d86
reloadAllAccessors: .ImpulseFeedback2

===========================================================================================
----------------- testing Wed Mar 11 07:12:43 UTC 2020 /home/travis/build/icyphy/ptII/ptolemy/domains/continuous/test/auto/IncreasingRatePoisson.xml
----------------- Instantiating /home/travis/build/icyphy/ptII/ptolemy/domains/continuous/test/auto/IncreasingRatePoisson.xml
782 ms. Memory: 324608K Free: 130710K (40%)
----------------- Invoking toplevel() on ptolemy.moml.MoMLSimpleApplication@6ab6d227
----------------- Done invoking toplevel() on ptolemy.moml.MoMLSimpleApplication@6ab6d227
reloadAllAccessors: .IncreasingRatePoisson

===========================================================================================
----------------- testing Wed Mar 11 07:12:44 UTC 2020 /home/travis/build/icyphy/ptII/ptolemy/domains/continuous/test/auto/InitialStateFeedback.xml
----------------- Instantiating /home/travis/build/icyphy/ptII/ptolemy/domains/continuous/test/auto/InitialStateFeedback.xml
3 ms. Memory: 324608K Free: 125620K (39%)
----------------- Invoking toplevel() on ptolemy.moml.MoMLSimpleApplication@746cc9e
----------------- Done invoking toplevel() on ptolemy.moml.MoMLSimpleApplication@746cc9e
reloadAllAccessors: .InitialStateFeedback

===========================================================================================
----------------- testing Wed Mar 11 07:12:44 UTC 2020 /home/travis/build/icyphy/ptII/ptolemy/domains/continuous/test/auto/Integration.xml
----------------- Instantiating /home/travis/build/icyphy/ptII/ptolemy/domains/continuous/test/auto/Integration.xml
1 ms. Memory: 324608K Free: 121524K (37%)
----------------- Invoking toplevel() on ptolemy.moml.MoMLSimpleApplication@7274b286
----------------- Done invoking toplevel() on ptolemy.moml.MoMLSimpleApplication@7274b286
reloadAllAccessors: .Integration

===========================================================================================
----------------- testing Wed Mar 11 07:12:44 UTC 2020 /home/travis/build/icyphy/ptII/ptolemy/domains/continuous/test/auto/Integration2.xml
----------------- Instantiating /home/travis/build/icyphy/ptII/ptolemy/domains/continuous/test/auto/Integration2.xml
76 ms. Memory: 324608K Free: 301139K (93%)
----------------- Invoking toplevel() on ptolemy.moml.MoMLSimpleApplication@715c1d51
----------------- Done invoking toplevel() on ptolemy.moml.MoMLSimpleApplication@715c1d51
reloadAllAccessors: .Integration2

===========================================================================================
----------------- testing Wed Mar 11 07:12:44 UTC 2020 /home/travis/build/icyphy/ptII/ptolemy/domains/continuous/test/auto/Integration3.xml
----------------- Instantiating /home/travis/build/icyphy/ptII/ptolemy/domains/continuous/test/auto/Integration3.xml
4 ms. Memory: 324608K Free: 296308K (91%)
----------------- Invoking toplevel() on ptolemy.moml.MoMLSimpleApplication@28ec6efb
----------------- Done invoking toplevel() on ptolemy.moml.MoMLSimpleApplication@28ec6efb
reloadAllAccessors: .Integration3

===========================================================================================
----------------- testing Wed Mar 11 07:12:44 UTC 2020 /home/travis/build/icyphy/ptII/ptolemy/domains/continuous/test/auto/Integration5.xml
----------------- Instantiating /home/travis/build/icyphy/ptII/ptolemy/domains/continuous/test/auto/Integration5.xml
6 ms. Memory: 324608K Free: 292212K (90%)
----------------- Invoking toplevel() on ptolemy.moml.MoMLSimpleApplication@12cc1b32
----------------- Done invoking toplevel() on ptolemy.moml.MoMLSimpleApplication@12cc1b32
reloadAllAccessors: .Integration5

===========================================================================================
----------------- testing Wed Mar 11 07:12:44 UTC 2020 /home/travis/build/icyphy/ptII/ptolemy/domains/continuous/test/auto/IntegratorImpulse.xml
----------------- Instantiating /home/travis/build/icyphy/ptII/ptolemy/domains/continuous/test/auto/IntegratorImpulse.xml
3 ms. Memory: 324608K Free: 288116K (89%)
----------------- Invoking toplevel() on ptolemy.moml.MoMLSimpleApplication@34d01b7
----------------- Done invoking toplevel() on ptolemy.moml.MoMLSimpleApplication@34d01b7
reloadAllAccessors: .IntegratorImpulse

===========================================================================================
----------------- testing Wed Mar 11 07:12:44 UTC 2020 /home/travis/build/icyphy/ptII/ptolemy/domains/continuous/test/auto/IntegratorImpulse2.xml
----------------- Instantiating /home/travis/build/icyphy/ptII/ptolemy/domains/continuous/test/auto/IntegratorImpulse2.xml
6 ms. Memory: 324608K Free: 283476K (87%)
----------------- Invoking toplevel() on ptolemy.moml.MoMLSimpleApplication@1dc1e6b3
----------------- Done invoking toplevel() on ptolemy.moml.MoMLSimpleApplication@1dc1e6b3
reloadAllAccessors: .IntegratorImpulse2

===========================================================================================
----------------- testing Wed Mar 11 07:12:44 UTC 2020 /home/travis/build/icyphy/ptII/ptolemy/domains/continuous/test/auto/LevelCrossing1.xml
----------------- Instantiating /home/travis/build/icyphy/ptII/ptolemy/domains/continuous/test/auto/LevelCrossing1.xml
2 ms. Memory: 324608K Free: 278386K (86%)
----------------- Invoking toplevel() on ptolemy.moml.MoMLSimpleApplication@6f917b67
----------------- Done invoking toplevel() on ptolemy.moml.MoMLSimpleApplication@6f917b67
reloadAllAccessors: .LevelCrossing1

===========================================================================================
----------------- testing Wed Mar 11 07:12:44 UTC 2020 /home/travis/build/icyphy/ptII/ptolemy/domains/continuous/test/auto/LevelCrossing2.xml
----------------- Instantiating /home/travis/build/icyphy/ptII/ptolemy/domains/continuous/test/auto/LevelCrossing2.xml
3 ms. Memory: 324608K Free: 273266K (84%)
----------------- Invoking toplevel() on ptolemy.moml.MoMLSimpleApplication@6069cf0e
----------------- Done invoking toplevel() on ptolemy.moml.MoMLSimpleApplication@6069cf0e
reloadAllAccessors: .LevelCrossing2

===========================================================================================
----------------- testing Wed Mar 11 07:12:44 UTC 2020 /home/travis/build/icyphy/ptII/ptolemy/domains/continuous/test/auto/LevelCrossing3.xml
----------------- Instantiating /home/travis/build/icyphy/ptII/ptolemy/domains/continuous/test/auto/LevelCrossing3.xml
3 ms. Memory: 324608K Free: 268146K (83%)
----------------- Invoking toplevel() on ptolemy.moml.MoMLSimpleApplication@7532dfc7
----------------- Done invoking toplevel() on ptolemy.moml.MoMLSimpleApplication@7532dfc7
reloadAllAccessors: .LevelCrossing3

===========================================================================================
----------------- testing Wed Mar 11 07:12:44 UTC 2020 /home/travis/build/icyphy/ptII/ptolemy/domains/continuous/test/auto/LevelCrossing4.xml
----------------- Instantiating /home/travis/build/icyphy/ptII/ptolemy/domains/continuous/test/auto/LevelCrossing4.xml
3 ms. Memory: 324608K Free: 263026K (81%)
----------------- Invoking toplevel() on ptolemy.moml.MoMLSimpleApplication@26e9b15c
----------------- Done invoking toplevel() on ptolemy.moml.MoMLSimpleApplication@26e9b15c
reloadAllAccessors: .LevelCrossing4

===========================================================================================
----------------- testing Wed Mar 11 07:12:44 UTC 2020 /home/travis/build/icyphy/ptII/ptolemy/domains/continuous/test/auto/LevelCrossing5.xml
----------------- Instantiating /home/travis/build/icyphy/ptII/ptolemy/domains/continuous/test/auto/LevelCrossing5.xml
3 ms. Memory: 324608K Free: 257906K (79%)
----------------- Invoking toplevel() on ptolemy.moml.MoMLSimpleApplication@266ddaac
----------------- Done invoking toplevel() on ptolemy.moml.MoMLSimpleApplication@266ddaac
reloadAllAccessors: .LevelCrossing5

===========================================================================================
[...]
4 ms. Memory: 324608K Free: 201218K (62%)
----------------- Invoking toplevel() on ptolemy.moml.MoMLSimpleApplication@63b4b5e5
----------------- Done invoking toplevel() on ptolemy.moml.MoMLSimpleApplication@63b4b5e5
reloadAllAccessors: .SRinContinuous

===========================================================================================
----------------- testing Wed Mar 11 07:13:01 UTC 2020 /home/travis/build/icyphy/ptII/ptolemy/domains/continuous/test/auto/SampledClocks.xml
----------------- Instantiating /home/travis/build/icyphy/ptII/ptolemy/domains/continuous/test/auto/SampledClocks.xml
6 ms. Memory: 324608K Free: 188416K (58%)
----------------- Invoking toplevel() on ptolemy.moml.MoMLSimpleApplication@75b831e7
----------------- Done invoking toplevel() on ptolemy.moml.MoMLSimpleApplication@75b831e7
reloadAllAccessors: .SampledClocks

===========================================================================================
----------------- testing Wed Mar 11 07:13:01 UTC 2020 /home/travis/build/icyphy/ptII/ptolemy/domains/continuous/test/auto/Satellite.xml
----------------- Instantiating /home/travis/build/icyphy/ptII/ptolemy/domains/continuous/test/auto/Satellite.xml
649 ms. Memory: 324608K Free: 194726K (60%)
----------------- Invoking toplevel() on ptolemy.moml.MoMLSimpleApplication@41191405
----------------- Done invoking toplevel() on ptolemy.moml.MoMLSimpleApplication@41191405
reloadAllAccessors: .Satellite

===========================================================================================
----------------- testing Wed Mar 11 07:13:01 UTC 2020 /home/travis/build/icyphy/ptII/ptolemy/domains/continuous/test/auto/SigmaDelta.xml
----------------- Instantiating /home/travis/build/icyphy/ptII/ptolemy/domains/continuous/test/auto/SigmaDelta.xml
1941 ms. Memory: 324608K Free: 125422K (39%)
----------------- Invoking toplevel() on ptolemy.moml.MoMLSimpleApplication@7f28b70e
----------------- Done invoking toplevel() on ptolemy.moml.MoMLSimpleApplication@7f28b70e
reloadAllAccessors: .SigmaDelta

===========================================================================================
----------------- testing Wed Mar 11 07:13:03 UTC 2020 /home/travis/build/icyphy/ptII/ptolemy/domains/continuous/test/auto/SingleRefinement.xml
----------------- Instantiating /home/travis/build/icyphy/ptII/ptolemy/domains/continuous/test/auto/SingleRefinement.xml
322 ms. Memory: 324608K Free: 136531K (42%)
----------------- Invoking toplevel() on ptolemy.moml.MoMLSimpleApplication@2fad92f3
----------------- Done invoking toplevel() on ptolemy.moml.MoMLSimpleApplication@2fad92f3
reloadAllAccessors: .SingleRefinement

===========================================================================================
----------------- testing Wed Mar 11 07:13:04 UTC 2020 /home/travis/build/icyphy/ptII/ptolemy/domains/continuous/test/auto/SinuBouncingBall.xml
----------------- Instantiating /home/travis/build/icyphy/ptII/ptolemy/domains/continuous/test/auto/SinuBouncingBall.xml
710 ms. Memory: 324608K Free: 118035K (36%)
----------------- Invoking toplevel() on ptolemy.moml.MoMLSimpleApplication@da18ed0
----------------- Done invoking toplevel() on ptolemy.moml.MoMLSimpleApplication@da18ed0
reloadAllAccessors: .SinuBouncingBall

===========================================================================================
----------------- testing Wed Mar 11 07:13:05 UTC 2020 /home/travis/build/icyphy/ptII/ptolemy/domains/continuous/test/auto/Sinusoid.xml
----------------- Instantiating /home/travis/build/icyphy/ptII/ptolemy/domains/continuous/test/auto/Sinusoid.xml
10 ms. Memory: 324608K Free: 307394K (95%)
----------------- Invoking toplevel() on ptolemy.moml.MoMLSimpleApplication@1dab8e4
----------------- Done invoking toplevel() on ptolemy.moml.MoMLSimpleApplication@1dab8e4
reloadAllAccessors: .Sinusoid

===========================================================================================
----------------- testing Wed Mar 11 07:13:05 UTC 2020 /home/travis/build/icyphy/ptII/ptolemy/domains/continuous/test/auto/SinusoidInNoise.xml
----------------- Instantiating /home/travis/build/icyphy/ptII/ptolemy/domains/continuous/test/auto/SinusoidInNoise.xml
800 ms. Memory: 324608K Free: 171733K (53%)
----------------- Invoking toplevel() on ptolemy.moml.MoMLSimpleApplication@6fdd49da
----------------- Done invoking toplevel() on ptolemy.moml.MoMLSimpleApplication@6fdd49da
reloadAllAccessors: .SinusoidInNoise

===========================================================================================
----------------- testing Wed Mar 11 07:13:05 UTC 2020 /home/travis/build/icyphy/ptII/ptolemy/domains/continuous/test/auto/SinusoidRK45.xml
----------------- Instantiating /home/travis/build/icyphy/ptII/ptolemy/domains/continuous/test/auto/SinusoidRK45.xml
2 ms. Memory: 324608K Free: 167637K (52%)
----------------- Invoking toplevel() on ptolemy.moml.MoMLSimpleApplication@1b66f37f
----------------- Done invoking toplevel() on ptolemy.moml.MoMLSimpleApplication@1b66f37f
reloadAllAccessors: .SinusoidRK45

===========================================================================================
----------------- testing Wed Mar 11 07:13:05 UTC 2020 /home/travis/build/icyphy/ptII/ptolemy/domains/continuous/test/auto/SinusoidWithMultipleImpulses.xml
----------------- Instantiating /home/travis/build/icyphy/ptII/ptolemy/domains/continuous/test/auto/SinusoidWithMultipleImpulses.xml
3 ms. Memory: 324608K Free: 163027K (50%)
----------------- Invoking toplevel() on ptolemy.moml.MoMLSimpleApplication@6b2cf892
----------------- Done invoking toplevel() on ptolemy.moml.MoMLSimpleApplication@6b2cf892
reloadAllAccessors: .SinusoidWithMultipleImpulses

===========================================================================================
----------------- testing Wed Mar 11 07:13:05 UTC 2020 /home/travis/build/icyphy/ptII/ptolemy/domains/continuous/test/auto/SquareWave.xml
----------------- Instantiating /home/travis/build/icyphy/ptII/ptolemy/domains/continuous/test/auto/SquareWave.xml
128 ms. Memory: 324608K Free: 135893K (42%)
----------------- Invoking toplevel() on ptolemy.moml.MoMLSimpleApplication@1146e087
----------------- Done invoking toplevel() on ptolemy.moml.MoMLSimpleApplication@1146e087
reloadAllAccessors: .SquareWave

===========================================================================================
----------------- testing Wed Mar 11 07:13:06 UTC 2020 /home/travis/build/icyphy/ptII/ptolemy/domains/continuous/test/auto/Starmac.xml
----------------- Instantiating /home/travis/build/icyphy/ptII/ptolemy/domains/continuous/test/auto/Starmac.xml
3069 ms. Memory: 324608K Free: 213333K (66%)
----------------- Invoking toplevel() on ptolemy.moml.MoMLSimpleApplication@38ae2fe
----------------- Done invoking toplevel() on ptolemy.moml.MoMLSimpleApplication@38ae2fe
reloadAllAccessors: .Starmac

===========================================================================================
----------------- testing Wed Mar 11 07:13:09 UTC 2020 /home/travis/build/icyphy/ptII/ptolemy/domains/continuous/test/auto/StaticUnits.xml
----------------- Instantiating /home/travis/build/icyphy/ptII/ptolemy/domains/continuous/test/auto/StaticUnits.xml
1683 ms. Memory: 324608K Free: 150309K (46%)
----------------- Invoking toplevel() on ptolemy.moml.MoMLSimpleApplication@85f1e67
----------------- Done invoking toplevel() on ptolemy.moml.MoMLSimpleApplication@85f1e67
reloadAllAccessors: .StaticUnits

===========================================================================================
----------------- testing Wed Mar 11 07:13:11 UTC 2020 /home/travis/build/icyphy/ptII/ptolemy/domains/continuous/test/auto/StickyMasses.xml
----------------- Instantiating /home/travis/build/icyphy/ptII/ptolemy/domains/continuous/test/auto/StickyMasses.xml
144 ms. Memory: 324608K Free: 290005K (89%)
----------------- Invoking toplevel() on ptolemy.moml.MoMLSimpleApplication@34e3a1dd
----------------- Done invoking toplevel() on ptolemy.moml.MoMLSimpleApplication@34e3a1dd
reloadAllAccessors: .StickyMasses

===========================================================================================
----------------- testing Wed Mar 11 07:13:12 UTC 2020 /home/travis/build/icyphy/ptII/ptolemy/domains/continuous/test/auto/StopTime.xml
----------------- Instantiating /home/travis/build/icyphy/ptII/ptolemy/domains/continuous/test/auto/StopTime.xml
34 ms. Memory: 324608K Free: 264908K (82%)
----------------- Invoking toplevel() on ptolemy.moml.MoMLSimpleApplication@2bdebb7b
----------------- Done invoking toplevel() on ptolemy.moml.MoMLSimpleApplication@2bdebb7b
reloadAllAccessors: .StopTime

===========================================================================================
----------------- testing Wed Mar 11 07:13:12 UTC 2020 /home/travis/build/icyphy/ptII/ptolemy/domains/continuous/test/auto/StopTime2.xml
----------------- Instantiating /home/travis/build/icyphy/ptII/ptolemy/domains/continuous/test/auto/StopTime2.xml
34 ms. Memory: 324608K Free: 242901K (75%)
----------------- Invoking toplevel() on ptolemy.moml.MoMLSimpleApplication@1aac9f5a
----------------- Done invoking toplevel() on ptolemy.moml.MoMLSimpleApplication@1aac9f5a
reloadAllAccessors: .StopTime2

===========================================================================================
----------------- testing Wed Mar 11 07:13:12 UTC 2020 /home/travis/build/icyphy/ptII/ptolemy/domains/continuous/test/auto/Switch.xml
----------------- Instantiating /home/travis/build/icyphy/ptII/ptolemy/domains/continuous/test/auto/Switch.xml
41 ms. Memory: 324608K Free: 218325K (67%)
----------------- Invoking toplevel() on ptolemy.moml.MoMLSimpleApplication@441f3df1
----------------- Done invoking toplevel() on ptolemy.moml.MoMLSimpleApplication@441f3df1
reloadAllAccessors: .Switch

===========================================================================================
----------------- testing Wed Mar 11 07:13:12 UTC 2020 /home/travis/build/icyphy/ptII/ptolemy/domains/continuous/test/auto/Thermostat.xml
----------------- Instantiating /home/travis/build/icyphy/ptII/ptolemy/domains/continuous/test/auto/Thermostat.xml
210 ms. Memory: 324608K Free: 145621K (45%)
----------------- Invoking toplevel() on ptolemy.moml.MoMLSimpleApplication@24c5e992
----------------- Done invoking toplevel() on ptolemy.moml.MoMLSimpleApplication@24c5e992
reloadAllAccessors: .Thermostat

===========================================================================================
----------------- testing Wed Mar 11 07:13:12 UTC 2020 /home/travis/build/icyphy/ptII/ptolemy/domains/continuous/test/auto/TimeDelay.xml
----------------- Instantiating /home/travis/build/icyphy/ptII/ptolemy/domains/continuous/test/auto/TimeDelay.xml
6 ms. Memory: 324608K Free: 140980K (43%)
----------------- Invoking toplevel() on ptolemy.moml.MoMLSimpleApplication@44eb8359
----------------- Done invoking toplevel() on ptolemy.moml.MoMLSimpleApplication@44eb8359
reloadAllAccessors: .TimeDelay

===========================================================================================
----------------- testing Wed Mar 11 07:13:12 UTC 2020 /home/travis/build/icyphy/ptII/ptolemy/domains/continuous/test/auto/TimeDelay2.xml
----------------- Instantiating /home/travis/build/icyphy/ptII/ptolemy/domains/continuous/test/auto/TimeDelay2.xml
10 ms. Memory: 324608K Free: 130771K (40%)
----------------- Invoking toplevel() on ptolemy.moml.MoMLSimpleApplication@4f32a9cd
----------------- Done invoking toplevel() on ptolemy.moml.MoMLSimpleApplication@4f32a9cd
reloadAllAccessors: .TimeDelay2

===========================================================================================
----------------- testing Wed Mar 11 07:13:12 UTC 2020 /home/travis/build/icyphy/ptII/ptolemy/domains/continuous/test/auto/TimeDelay3.xml
----------------- Instantiating /home/travis/build/icyphy/ptII/ptolemy/domains/continuous/test/auto/TimeDelay3.xml
4 ms. Memory: 324608K Free: 126165K (39%)
----------------- Invoking toplevel() on ptolemy.moml.MoMLSimpleApplication@593a7560
----------------- Done invoking toplevel() on ptolemy.moml.MoMLSimpleApplication@593a7560
reloadAllAccessors: .TimeDelay3

===========================================================================================
----------------- testing Wed Mar 11 07:13:12 UTC 2020 /home/travis/build/icyphy/ptII/ptolemy/domains/continuous/test/auto/TransferAbsentToInside.xml
----------------- Instantiating /home/travis/build/icyphy/ptII/ptolemy/domains/continuous/test/auto/TransferAbsentToInside.xml
28 ms. Memory: 324608K Free: 261319K (81%)
----------------- Invoking toplevel() on ptolemy.moml.MoMLSimpleApplication@4dd4eccf
----------------- Done invoking toplevel() on ptolemy.moml.MoMLSimpleApplication@4dd4eccf
reloadAllAccessors: .TransferAbsentToInside

===========================================================================================
----------------- testing Wed Mar 11 07:13:12 UTC 2020 /home/travis/build/icyphy/ptII/ptolemy/domains/continuous/test/auto/Transmission.xml
----------------- Instantiating /home/travis/build/icyphy/ptII/ptolemy/domains/continuous/test/auto/Transmission.xml
779 ms. Memory: 324608K Free: 219339K (68%)
----------------- Invoking toplevel() on ptolemy.moml.MoMLSimpleApplication@4afd4bb8
----------------- Done invoking toplevel() on ptolemy.moml.MoMLSimpleApplication@4afd4bb8
reloadAllAccessors: .Transmission

===========================================================================================
----------------- testing Wed Mar 11 07:13:13 UTC 2020 /home/travis/build/icyphy/ptII/ptolemy/domains/continuous/test/auto/TriggeredContinuousClock.xml
----------------- Instantiating /home/travis/build/icyphy/ptII/ptolemy/domains/continuous/test/auto/TriggeredContinuousClock.xml
36 ms. Memory: 324608K Free: 189643K (58%)
----------------- Invoking toplevel() on ptolemy.moml.MoMLSimpleApplication@4298bec1
----------------- Done invoking toplevel() on ptolemy.moml.MoMLSimpleApplication@4298bec1
reloadAllAccessors: .TriggeredContinuousClock

===========================================================================================
----------------- testing Wed Mar 11 07:13:13 UTC 2020 /home/travis/build/icyphy/ptII/ptolemy/domains/continuous/test/auto/TwoMachineInfiniteBusControl.xml
----------------- Instantiating /home/travis/build/icyphy/ptII/ptolemy/domains/continuous/test/auto/TwoMachineInfiniteBusControl.xml
2460 ms. Memory: 324608K Free: 180904K (56%)
----------------- Invoking toplevel() on ptolemy.moml.MoMLSimpleApplication@3c852c94
----------------- Done invoking toplevel() on ptolemy.moml.MoMLSimpleApplication@3c852c94
reloadAllAccessors: .TwoMachineInfiniteBusControl

===========================================================================================
----------------- testing Wed Mar 11 07:13:16 UTC 2020 /home/travis/build/icyphy/ptII/ptolemy/domains/continuous/test/auto/V2V.xml
----------------- Instantiating /home/travis/build/icyphy/ptII/ptolemy/domains/continuous/test/auto/V2V.xml
735 ms. Memory: 324608K Free: 180351K (56%)
----------------- Invoking toplevel() on ptolemy.moml.MoMLSimpleApplication@483cb49d
----------------- Done invoking toplevel() on ptolemy.moml.MoMLSimpleApplication@483cb49d
reloadAllAccessors: .V2V

===========================================================================================
----------------- testing Wed Mar 11 07:13:16 UTC 2020 /home/travis/build/icyphy/ptII/ptolemy/domains/continuous/test/auto/hierarchicalModalModel.xml
----------------- Instantiating /home/travis/build/icyphy/ptII/ptolemy/domains/continuous/test/auto/hierarchicalModalModel.xml
8 ms. Memory: 324608K Free: 166007K (51%)
----------------- Invoking toplevel() on ptolemy.moml.MoMLSimpleApplication@7b7d8a1f
----------------- Done invoking toplevel() on ptolemy.moml.MoMLSimpleApplication@7b7d8a1f
reloadAllAccessors: .hierarchicalModalModel

===========================================================================================
----------------- testing Wed Mar 11 07:13:16 UTC 2020 /home/travis/build/icyphy/ptII/ptolemy/domains/continuous/test/auto/hierarchicalModalModel1.xml
----------------- Instantiating /home/travis/build/icyphy/ptII/ptolemy/domains/continuous/test/auto/hierarchicalModalModel1.xml
7 ms. Memory: 324608K Free: 151686K (47%)
----------------- Invoking toplevel() on ptolemy.moml.MoMLSimpleApplication@3f016eb0
----------------- Done invoking toplevel() on ptolemy.moml.MoMLSimpleApplication@3f016eb0
reloadAllAccessors: .hierarchicalModalModel1

===========================================================================================
----------------- testing Wed Mar 11 07:13:16 UTC 2020 /home/travis/build/icyphy/ptII/ptolemy/domains/continuous/test/auto/hierarchicalModalModel2.xml
----------------- Instantiating /home/travis/build/icyphy/ptII/ptolemy/domains/continuous/test/auto/hierarchicalModalModel2.xml
6 ms. Memory: 324608K Free: 139383K (43%)
----------------- Invoking toplevel() on ptolemy.moml.MoMLSimpleApplication@4a80fbf7
----------------- Done invoking toplevel() on ptolemy.moml.MoMLSimpleApplication@4a80fbf7
reloadAllAccessors: .hierarchicalModalModel2

===========================================================================================
----------------- testing Wed Mar 11 07:13:16 UTC 2020 /home/travis/build/icyphy/ptII/ptolemy/domains/continuous/test/auto/hierarchicalModalModel3.xml
----------------- Instantiating /home/travis/build/icyphy/ptII/ptolemy/domains/continuous/test/auto/hierarchicalModalModel3.xml
5 ms. Memory: 324608K Free: 128648K (40%)
----------------- Invoking toplevel() on ptolemy.moml.MoMLSimpleApplication@7ec5ae6e
----------------- Done invoking toplevel() on ptolemy.moml.MoMLSimpleApplication@7ec5ae6e
reloadAllAccessors: .hierarchicalModalModel3

===========================================================================================
----------------- testing Wed Mar 11 07:13:16 UTC 2020 /home/travis/build/icyphy/ptII/ptolemy/domains/continuous/test/auto/hierarchicalModalModel4.xml
----------------- Instantiating /home/travis/build/icyphy/ptII/ptolemy/domains/continuous/test/auto/hierarchicalModalModel4.xml
5 ms. Memory: 324608K Free: 116870K (36%)
----------------- Invoking toplevel() on ptolemy.moml.MoMLSimpleApplication@124a1595
----------------- Done invoking toplevel() on ptolemy.moml.MoMLSimpleApplication@124a1595
reloadAllAccessors: .hierarchicalModalModel4

===========================================================================================
----------------- testing Wed Mar 11 07:13:17 UTC 2020 /home/travis/build/icyphy/ptII/ptolemy/domains/continuous/test/auto/junk.xml
----------------- Instantiating /home/travis/build/icyphy/ptII/ptolemy/domains/continuous/test/auto/junk.xml
124 ms. Memory: 324608K Free: 279168K (86%)
----------------- Invoking toplevel() on ptolemy.moml.MoMLSimpleApplication@33f29047
----------------- Done invoking toplevel() on ptolemy.moml.MoMLSimpleApplication@33f29047
reloadAllAccessors: .junk
AutoTests.java: About to close Vertx.
AutoTests.java: Vertx closed.
]]></system-out>
  <system-err><![CDATA[Warning: '.HysteresisWithRandomDelay.NonStrictTest' The test produced only 221 tokens, yet the correctValues parameter was expecting 222 tokens.
Warning: '.HysteresisWithRandomDelay.NonStrictTest2' The test produced only 220 tokens, yet the correctValues parameter was expecting 221 tokens.
Warning: '.HysteresisWithRandomDelay.NonStrictTest3' The test produced only 25 tokens, yet the correctValues parameter was expecting 30 tokens.
Warning: '.IncreasingRatePoisson.NonStrictTest' The test produced only 400 tokens, yet the correctValues parameter was expecting 402 tokens.
Warning: '.Poisson.NonStrictTest' The test produced only 399 tokens, yet the correctValues parameter was expecting 430 tokens.
]]></system-err>
</testsuite>
