<?xml version="1.0" encoding="UTF-8" ?>
<testsuite errors="0" failures="0" hostname="travis-job-06692a14-7f2f-4718-a179-935519aa0cc1" name="ptolemy.domains.de.test.junit.JUnitTclTest" skipped="0" tests="101" time="132.911" timestamp="2019-11-30T06:19:51">
  <properties>
[...]
</properties>
  <testcase classname="ptolemy.util.test.junit.TclTests" name="[0] /home/travis/build/icyphy/ptII/ptolemy/domains/de/test/DependencyLoop.tcl (RunTclFile)" time="1.082" />
  <testcase classname="ptolemy.util.test.junit.TclTests" name="[1] /home/travis/build/icyphy/ptII/ptolemy/domains/de/test/RunDETestsAsQSS.tcl (RunTclFile)" time="89.742" />
  <testcase classname="ptolemy.util.test.junit.AutoKnownFailedTests" name="[0] /home/travis/build/icyphy/ptII/ptolemy/domains/de/test/auto/knownFailedTests/DESDFClockTest.xml (RunModel)" time="2.041" />
  <testcase classname="ptolemy.util.test.junit.AutoKnownFailedTests" name="[1] /home/travis/build/icyphy/ptII/ptolemy/domains/de/test/auto/knownFailedTests/DirectFeedback.xml (RunModel)" time="0.026" />
  <testcase classname="ptolemy.util.test.junit.AutoKnownFailedTests" name="[2] /home/travis/build/icyphy/ptII/ptolemy/domains/de/test/auto/knownFailedTests/FSMSource.xml (RunModel)" time="0.033" />
  <testcase classname="ptolemy.util.test.junit.AutoKnownFailedTests" name="[3] /home/travis/build/icyphy/ptII/ptolemy/domains/de/test/auto/knownFailedTests/HierarchicalModel.xml (RunModel)" time="0.052" />
  <testcase classname="ptolemy.util.test.junit.AutoKnownFailedTests" name="[4] /home/travis/build/icyphy/ptII/ptolemy/domains/de/test/auto/knownFailedTests/dependencyLoop.xml (RunModel)" time="0.051" />
  <testcase classname="ptolemy.util.test.junit.AutoKnownFailedTests" name="[5] /home/travis/build/icyphy/ptII/ptolemy/domains/de/test/auto/knownFailedTests/dependencyLoop2.xml (RunModel)" time="0.049" />
  <testcase classname="ptolemy.util.test.junit.AutoNameArchTests" name="[0] ThereAreNoAutoArchTests (RunModel)" time="0.002" />
  <testcase classname="ptolemy.util.test.junit.AutoTests" name="[0] /home/travis/build/icyphy/ptII/ptolemy/domains/de/test/auto/ActorDepthCalculation_actorWithoutPorts.xml (RunModel)" time="0.022" />
  <testcase classname="ptolemy.util.test.junit.AutoTests" name="[1] /home/travis/build/icyphy/ptII/ptolemy/domains/de/test/auto/AssemblyLine.xml (RunModel)" time="0.032" />
  <testcase classname="ptolemy.util.test.junit.AutoTests" name="[2] /home/travis/build/icyphy/ptII/ptolemy/domains/de/test/auto/CQBug1.xml (RunModel)" time="0.012" />
  <testcase classname="ptolemy.util.test.junit.AutoTests" name="[3] /home/travis/build/icyphy/ptII/ptolemy/domains/de/test/auto/CancelFireAt.xml (RunModel)" time="0.012" />
  <testcase classname="ptolemy.util.test.junit.AutoTests" name="[4] /home/travis/build/icyphy/ptII/ptolemy/domains/de/test/auto/CausalityAndComposabilityAnalysis.xml (RunModel)" time="0.031" />
  <testcase classname="ptolemy.util.test.junit.AutoTests" name="[5] /home/travis/build/icyphy/ptII/ptolemy/domains/de/test/auto/CausalityInterface1.xml (RunModel)" time="0.019" />
  <testcase classname="ptolemy.util.test.junit.AutoTests" name="[6] /home/travis/build/icyphy/ptII/ptolemy/domains/de/test/auto/CausalityInterface15.xml (RunModel)" time="0.016" />
  <testcase classname="ptolemy.util.test.junit.AutoTests" name="[7] /home/travis/build/icyphy/ptII/ptolemy/domains/de/test/auto/CausalityInterface2.xml (RunModel)" time="0.018" />
  <testcase classname="ptolemy.util.test.junit.AutoTests" name="[8] /home/travis/build/icyphy/ptII/ptolemy/domains/de/test/auto/CausalityInterface3.xml (RunModel)" time="0.013" />
  <testcase classname="ptolemy.util.test.junit.AutoTests" name="[9] /home/travis/build/icyphy/ptII/ptolemy/domains/de/test/auto/ClockDrift.xml (RunModel)" time="0.04" />
  <testcase classname="ptolemy.util.test.junit.AutoTests" name="[10] /home/travis/build/icyphy/ptII/ptolemy/domains/de/test/auto/ClockDriftAndValueChange.xml (RunModel)" time="0.035" />
  <testcase classname="ptolemy.util.test.junit.AutoTests" name="[11] /home/travis/build/icyphy/ptII/ptolemy/domains/de/test/auto/ClockDriftChange.xml (RunModel)" time="0.035" />
  <testcase classname="ptolemy.util.test.junit.AutoTests" name="[12] /home/travis/build/icyphy/ptII/ptolemy/domains/de/test/auto/ComposableCausalityAnalysis.xml (RunModel)" time="0.015" />
  <testcase classname="ptolemy.util.test.junit.AutoTests" name="[13] /home/travis/build/icyphy/ptII/ptolemy/domains/de/test/auto/DEFixedPointLimitation.xml (RunModel)" time="0.014" />
  <testcase classname="ptolemy.util.test.junit.AutoTests" name="[14] /home/travis/build/icyphy/ptII/ptolemy/domains/de/test/auto/DEScheduleTest.xml (RunModel)" time="0.011" />
  <testcase classname="ptolemy.util.test.junit.AutoTests" name="[15] /home/travis/build/icyphy/ptII/ptolemy/domains/de/test/auto/DEinDEwithStartTimes.xml (RunModel)" time="0.013" />
  <testcase classname="ptolemy.util.test.junit.AutoTests" name="[16] /home/travis/build/icyphy/ptII/ptolemy/domains/de/test/auto/DEinDEwithStartTimes2.xml (RunModel)" time="0.013" />
  <testcase classname="ptolemy.util.test.junit.AutoTests" name="[17] /home/travis/build/icyphy/ptII/ptolemy/domains/de/test/auto/DateDemo.xml (RunModel)" time="0.036" />
  <testcase classname="ptolemy.util.test.junit.AutoTests" name="[18] /home/travis/build/icyphy/ptII/ptolemy/domains/de/test/auto/DateToEvent.xml (RunModel)" time="2.043" />
  <testcase classname="ptolemy.util.test.junit.AutoTests" name="[19] /home/travis/build/icyphy/ptII/ptolemy/domains/de/test/auto/DepthTest1.xml (RunModel)" time="0.009" />
  <testcase classname="ptolemy.util.test.junit.AutoTests" name="[20] /home/travis/build/icyphy/ptII/ptolemy/domains/de/test/auto/DepthTest2.xml (RunModel)" time="0.024" />
  <testcase classname="ptolemy.util.test.junit.AutoTests" name="[21] /home/travis/build/icyphy/ptII/ptolemy/domains/de/test/auto/DepthTest3.xml (RunModel)" time="0.01" />
  <testcase classname="ptolemy.util.test.junit.AutoTests" name="[22] /home/travis/build/icyphy/ptII/ptolemy/domains/de/test/auto/DepthTest4.xml (RunModel)" time="0.019" />
  <testcase classname="ptolemy.util.test.junit.AutoTests" name="[23] /home/travis/build/icyphy/ptII/ptolemy/domains/de/test/auto/DepthTest5.xml (RunModel)" time="0.022" />
  <testcase classname="ptolemy.util.test.junit.AutoTests" name="[24] /home/travis/build/icyphy/ptII/ptolemy/domains/de/test/auto/DepthTest6.xml (RunModel)" time="0.018" />
  <testcase classname="ptolemy.util.test.junit.AutoTests" name="[25] /home/travis/build/icyphy/ptII/ptolemy/domains/de/test/auto/DepthTest7.xml (RunModel)" time="0.015" />
  <testcase classname="ptolemy.util.test.junit.AutoTests" name="[26] /home/travis/build/icyphy/ptII/ptolemy/domains/de/test/auto/EventToDate.xml (RunModel)" time="3.045" />
  <testcase classname="ptolemy.util.test.junit.AutoTests" name="[27] /home/travis/build/icyphy/ptII/ptolemy/domains/de/test/auto/FSM1.xml (RunModel)" time="0.052" />
  <testcase classname="ptolemy.util.test.junit.AutoTests" name="[28] /home/travis/build/icyphy/ptII/ptolemy/domains/de/test/auto/FSM7.xml (RunModel)" time="0.037" />
  <testcase classname="ptolemy.util.test.junit.AutoTests" name="[29] /home/travis/build/icyphy/ptII/ptolemy/domains/de/test/auto/Inspection.xml (RunModel)" time="0.06" />
  <testcase classname="ptolemy.util.test.junit.AutoTests" name="[30] /home/travis/build/icyphy/ptII/ptolemy/domains/de/test/auto/Iteration.xml (RunModel)" time="0.026" />
  <testcase classname="ptolemy.util.test.junit.AutoTests" name="[31] /home/travis/build/icyphy/ptII/ptolemy/domains/de/test/auto/LineFault.xml (RunModel)" time="0.681" />
  <testcase classname="ptolemy.util.test.junit.AutoTests" name="[32] /home/travis/build/icyphy/ptII/ptolemy/domains/de/test/auto/MergeModel1Add.xml (RunModel)" time="0.047" />
  <testcase classname="ptolemy.util.test.junit.AutoTests" name="[33] /home/travis/build/icyphy/ptII/ptolemy/domains/de/test/auto/MergeModel2Add.xml (RunModel)" time="0.046" />
  <testcase classname="ptolemy.util.test.junit.AutoTests" name="[34] /home/travis/build/icyphy/ptII/ptolemy/domains/de/test/auto/MergeModel3Add.xml (RunModel)" time="0.054" />
  <testcase classname="ptolemy.util.test.junit.AutoTests" name="[35] /home/travis/build/icyphy/ptII/ptolemy/domains/de/test/auto/MergeWithoutDiscard.xml (RunModel)" time="0.014" />
  <testcase classname="ptolemy.util.test.junit.AutoTests" name="[36] /home/travis/build/icyphy/ptII/ptolemy/domains/de/test/auto/Modal1.xml (RunModel)" time="0.031" />
  <testcase classname="ptolemy.util.test.junit.AutoTests" name="[37] /home/travis/build/icyphy/ptII/ptolemy/domains/de/test/auto/Modal2.xml (RunModel)" time="0.042" />
  <testcase classname="ptolemy.util.test.junit.AutoTests" name="[38] /home/travis/build/icyphy/ptII/ptolemy/domains/de/test/auto/Modal3.xml (RunModel)" time="0.031" />
  <testcase classname="ptolemy.util.test.junit.AutoTests" name="[39] /home/travis/build/icyphy/ptII/ptolemy/domains/de/test/auto/Modal4.xml (RunModel)" time="0.036" />
  <testcase classname="ptolemy.util.test.junit.AutoTests" name="[40] /home/travis/build/icyphy/ptII/ptolemy/domains/de/test/auto/Modal5.xml (RunModel)" time="0.031" />
  <testcase classname="ptolemy.util.test.junit.AutoTests" name="[41] /home/travis/build/icyphy/ptII/ptolemy/domains/de/test/auto/Modal6.xml (RunModel)" time="0.03" />
  <testcase classname="ptolemy.util.test.junit.AutoTests" name="[42] /home/travis/build/icyphy/ptII/ptolemy/domains/de/test/auto/Modal7.xml (RunModel)" time="0.041" />
  <testcase classname="ptolemy.util.test.junit.AutoTests" name="[43] /home/travis/build/icyphy/ptII/ptolemy/domains/de/test/auto/ModalModel.xml (RunModel)" time="0.189" />
  <testcase classname="ptolemy.util.test.junit.AutoTests" name="[44] /home/travis/build/icyphy/ptII/ptolemy/domains/de/test/auto/ModalSource.xml (RunModel)" time="0.023" />
  <testcase classname="ptolemy.util.test.junit.AutoTests" name="[45] /home/travis/build/icyphy/ptII/ptolemy/domains/de/test/auto/NonInterruptibleTimerZeroDelay.xml (RunModel)" time="0.009" />
  <testcase classname="ptolemy.util.test.junit.AutoTests" name="[46] /home/travis/build/icyphy/ptII/ptolemy/domains/de/test/auto/OpenQueueingNetwork.xml (RunModel)" time="2.411" />
  <testcase classname="ptolemy.util.test.junit.AutoTests" name="[47] /home/travis/build/icyphy/ptII/ptolemy/domains/de/test/auto/OpenQueuingNetwork.xml (RunModel)" time="0.293" />
  <testcase classname="ptolemy.util.test.junit.AutoTests" name="[48] /home/travis/build/icyphy/ptII/ptolemy/domains/de/test/auto/PeriodicSampler.xml (RunModel)" time="0.015" />
  <testcase classname="ptolemy.util.test.junit.AutoTests" name="[49] /home/travis/build/icyphy/ptII/ptolemy/domains/de/test/auto/PersistentIO.xml (RunModel)" time="0.018" />
  <testcase classname="ptolemy.util.test.junit.AutoTests" name="[50] /home/travis/build/icyphy/ptII/ptolemy/domains/de/test/auto/PortParameterResetOnInitialize.xml (RunModel)" time="0.009" />
  <testcase classname="ptolemy.util.test.junit.AutoTests" name="[51] /home/travis/build/icyphy/ptII/ptolemy/domains/de/test/auto/PortParameterUpdates.xml (RunModel)" time="0.016" />
  <testcase classname="ptolemy.util.test.junit.AutoTests" name="[52] /home/travis/build/icyphy/ptII/ptolemy/domains/de/test/auto/QueueAndServer.xml (RunModel)" time="0.022" />
  <testcase classname="ptolemy.util.test.junit.AutoTests" name="[53] /home/travis/build/icyphy/ptII/ptolemy/domains/de/test/auto/Records.xml (RunModel)" time="0.014" />
  <testcase classname="ptolemy.util.test.junit.AutoTests" name="[54] /home/travis/build/icyphy/ptII/ptolemy/domains/de/test/auto/ResetTransitionWithStartTime1.xml (RunModel)" time="0.017" />
  <testcase classname="ptolemy.util.test.junit.AutoTests" name="[55] /home/travis/build/icyphy/ptII/ptolemy/domains/de/test/auto/ResetTransitionWithStartTime2.xml (RunModel)" time="0.02" />
  <testcase classname="ptolemy.util.test.junit.AutoTests" name="[56] /home/travis/build/icyphy/ptII/ptolemy/domains/de/test/auto/ResetTransitionWithStartTime3.xml (RunModel)" time="0.02" />
  <testcase classname="ptolemy.util.test.junit.AutoTests" name="[57] /home/travis/build/icyphy/ptII/ptolemy/domains/de/test/auto/ResetTransitionWithStartTime4.xml (RunModel)" time="0.023" />
  <testcase classname="ptolemy.util.test.junit.AutoTests" name="[58] /home/travis/build/icyphy/ptII/ptolemy/domains/de/test/auto/ResettableTimer1.xml (RunModel)" time="0.013" />
  <testcase classname="ptolemy.util.test.junit.AutoTests" name="[59] /home/travis/build/icyphy/ptII/ptolemy/domains/de/test/auto/ResettableTimer2.xml (RunModel)" time="0.01" />
  <testcase classname="ptolemy.util.test.junit.AutoTests" name="[60] /home/travis/build/icyphy/ptII/ptolemy/domains/de/test/auto/ResettableTimer3.xml (RunModel)" time="0.013" />
  <testcase classname="ptolemy.util.test.junit.AutoTests" name="[61] /home/travis/build/icyphy/ptII/ptolemy/domains/de/test/auto/ResettableTimer4.xml (RunModel)" time="0.011" />
  <testcase classname="ptolemy.util.test.junit.AutoTests" name="[62] /home/travis/build/icyphy/ptII/ptolemy/domains/de/test/auto/ResettableTimer5.xml (RunModel)" time="0.024" />
  <testcase classname="ptolemy.util.test.junit.AutoTests" name="[63] /home/travis/build/icyphy/ptII/ptolemy/domains/de/test/auto/ResettableTimer6.xml (RunModel)" time="0.029" />
  <testcase classname="ptolemy.util.test.junit.AutoTests" name="[64] /home/travis/build/icyphy/ptII/ptolemy/domains/de/test/auto/ServerZeroDelay.xml (RunModel)" time="0.025" />
  <testcase classname="ptolemy.util.test.junit.AutoTests" name="[65] /home/travis/build/icyphy/ptII/ptolemy/domains/de/test/auto/SmartSender.xml (RunModel)" time="3.024" />
  <testcase classname="ptolemy.util.test.junit.AutoTests" name="[66] /home/travis/build/icyphy/ptII/ptolemy/domains/de/test/auto/ThreadedComposite.xml (RunModel)" time="0.235" />
  <testcase classname="ptolemy.util.test.junit.AutoTests" name="[67] /home/travis/build/icyphy/ptII/ptolemy/domains/de/test/auto/Time.xml (RunModel)" time="0.494" />
  <testcase classname="ptolemy.util.test.junit.AutoTests" name="[68] /home/travis/build/icyphy/ptII/ptolemy/domains/de/test/auto/TimeDelayZeroDelay.xml (RunModel)" time="0.015" />
  <testcase classname="ptolemy.util.test.junit.AutoTests" name="[69] /home/travis/build/icyphy/ptII/ptolemy/domains/de/test/auto/TimerZeroDelay.xml (RunModel)" time="0.014" />
  <testcase classname="ptolemy.util.test.junit.AutoTests" name="[70] /home/travis/build/icyphy/ptII/ptolemy/domains/de/test/auto/TimingParadox.xml (RunModel)" time="0.387" />
  <testcase classname="ptolemy.util.test.junit.AutoTests" name="[71] /home/travis/build/icyphy/ptII/ptolemy/domains/de/test/auto/TransferInputs.xml (RunModel)" time="0.009" />
  <testcase classname="ptolemy.util.test.junit.AutoTests" name="[72] /home/travis/build/icyphy/ptII/ptolemy/domains/de/test/auto/TransferOutputs2.xml (RunModel)" time="0.033" />
  <testcase classname="ptolemy.util.test.junit.AutoTests" name="[73] /home/travis/build/icyphy/ptII/ptolemy/domains/de/test/auto/Trilateration.xml (RunModel)" time="12.718" />
  <testcase classname="ptolemy.util.test.junit.AutoTests" name="[74] /home/travis/build/icyphy/ptII/ptolemy/domains/de/test/auto/TwoSigmaDelta.xml (RunModel)" time="2.207" />
  <testcase classname="ptolemy.util.test.junit.AutoTests" name="[75] /home/travis/build/icyphy/ptII/ptolemy/domains/de/test/auto/VariableDelay.xml (RunModel)" time="0.009" />
  <testcase classname="ptolemy.util.test.junit.AutoTests" name="[76] /home/travis/build/icyphy/ptII/ptolemy/domains/de/test/auto/VariableDelay2.xml (RunModel)" time="0.01" />
  <testcase classname="ptolemy.util.test.junit.AutoTests" name="[77] /home/travis/build/icyphy/ptII/ptolemy/domains/de/test/auto/VariableDelayZeroDelay.xml (RunModel)" time="0.013" />
  <testcase classname="ptolemy.util.test.junit.AutoTests" name="[78] /home/travis/build/icyphy/ptII/ptolemy/domains/de/test/auto/VariableDelayZeroDelay2.xml (RunModel)" time="0.008" />
  <testcase classname="ptolemy.util.test.junit.AutoTests" name="[79] /home/travis/build/icyphy/ptII/ptolemy/domains/de/test/auto/deInCt.xml (RunModel)" time="0.01" />
  <testcase classname="ptolemy.util.test.junit.AutoTests" name="[80] /home/travis/build/icyphy/ptII/ptolemy/domains/de/test/auto/deInCt2.xml (RunModel)" time="0.022" />
  <testcase classname="ptolemy.util.test.junit.AutoTests" name="[81] /home/travis/build/icyphy/ptII/ptolemy/domains/de/test/auto/dynamicCausalityInterface1.xml (RunModel)" time="0.019" />
  <testcase classname="ptolemy.util.test.junit.AutoTests" name="[82] /home/travis/build/icyphy/ptII/ptolemy/domains/de/test/auto/fsm_de_test.xml (RunModel)" time="0.02" />
  <testcase classname="ptolemy.util.test.junit.AutoTests" name="[83] /home/travis/build/icyphy/ptII/ptolemy/domains/de/test/auto/functionDependencyReconstruction.xml (RunModel)" time="0.042" />
  <testcase classname="ptolemy.util.test.junit.AutoTests" name="[84] /home/travis/build/icyphy/ptII/ptolemy/domains/de/test/auto/multirate.xml (RunModel)" time="0.013" />
  <testcase classname="ptolemy.util.test.junit.AutoTests" name="[85] /home/travis/build/icyphy/ptII/ptolemy/domains/de/test/auto/multirate2.xml (RunModel)" time="0.019" />
  <testcase classname="ptolemy.util.test.junit.AutoTests" name="[86] /home/travis/build/icyphy/ptII/ptolemy/domains/de/test/auto/realtime.xml (RunModel)" time="10.007" />
  <testcase classname="ptolemy.util.test.junit.AutoTests" name="[87] /home/travis/build/icyphy/ptII/ptolemy/domains/de/test/auto/relationGroup.xml (RunModel)" time="0.007" />
  <testcase classname="ptolemy.util.test.junit.AutoTests" name="[88] /home/travis/build/icyphy/ptII/ptolemy/domains/de/test/auto/relationGroup2.xml (RunModel)" time="0.01" />
  <testcase classname="ptolemy.util.test.junit.AutoTests" name="[89] /home/travis/build/icyphy/ptII/ptolemy/domains/de/test/auto/sortWithOpaquePorts.xml (RunModel)" time="0.007" />
  <testcase classname="ptolemy.util.test.junit.AutoTests" name="[90] /home/travis/build/icyphy/ptII/ptolemy/domains/de/test/auto/transferInputsandOutputs.xml (RunModel)" time="0.022" />
  <testcase classname="ptolemy.util.test.junit.AutoTests" name="[91] /home/travis/build/icyphy/ptII/ptolemy/domains/de/test/auto/triggerType.xml (RunModel)" time="0.008" />
  <system-out><![CDATA[/home/travis/build/icyphy/ptII/ptolemy/domains/de/test/DependencyLoop.tcl
testDefs.tcl: setting time out to 9000 seconds at Sat Nov 30 06:19:51 UTC 2019
92 ms. Memory: 120832K Free: 72137K (60%)
31 ms. Memory: 120832K Free: 54714K (45%)
/home/travis/build/icyphy/ptII/ptolemy/domains/de/test/RunDETestsAsQSS.tcl
Run the DE tests using ptolemy.domains.qss.test.QSSDirectorTest, which extends QSSDirector and prints a message in the constructors.
------------------ testing $PTII/ptolemy/domains/de/test/auto/knownFailedTests/DirectFeedback.xml (Known Failure) 
74 ms. Memory: 120832K Free: 48585K (40%)


==== $PTIIhome/travis/build/icyphy/ptII/ptolemy/domains/de/test/../../../../: Auto Automatic test in file $PTII/ptolemy/domains/de/test/auto/knownFailedTests/DirectFeedback.xml
==== Contents of test case:

	    # FIXME: we should use $relativeFilename here, but it
	    # might have backslashes under Windows, which causes no end
	    # of trouble.
	    createAndExecute $file
	    list {}
	
.... Test generated KNOWN error:
    while executing
ptolemy.kernel.util.IllegalActionException: Test fails in iteration 1.
Value was: 1.0. Should have been: 2.0
  in .DirectFeedback.Test
	at ptolemy.actor.lib.Test.fire(Test.java:268)
	at ptolemy.domains.de.kernel.DEDirector._fire(DEDirector.java:1949)
	at ptolemy.domains.de.kernel.DEDirector.fire(DEDirector.java:502)
	at ptolemy.actor.CompositeActor.fire(CompositeActor.java:455)
	at ptolemy.actor.Manager.iterate(Manager.java:851)
	at ptolemy.actor.Manager.execute(Manager.java:369)
	at ptolemy.actor.Manager.run(Manager.java:1263)
	at ptolemy.actor.Manager$PtolemyRunThread.run(Manager.java:1933)

    while executing
ptolemy.kernel.util.IllegalActionException: Test fails in iteration 1.
Value was: 1.0. Should have been: 2.0
  in .DirectFeedback.Test
    while executing
"java::new ptolemy.moml.MoMLSimpleApplication $file
"
    (procedure "createAndExecute" line 2)
    invoked from within
"createAndExecute $file"
    ("uplevel" body line 5)
    invoked from within
"uplevel $contents_of_test"
------------------ testing $PTII/ptolemy/domains/de/test/auto/knownFailedTests/dependencyLoop.xml (Known Failure) 
36 ms. Memory: 120832K Free: 107952K (89%)


==== $PTIIhome/travis/build/icyphy/ptII/ptolemy/domains/de/test/../../../../: Auto Automatic test in file $PTII/ptolemy/domains/de/test/auto/knownFailedTests/dependencyLoop.xml
==== Contents of test case:

	    # FIXME: we should use $relativeFilename here, but it
	    # might have backslashes under Windows, which causes no end
	    # of trouble.
	    createAndExecute $file
	    list {}
	
.... Test generated KNOWN error:
    while executing
ptolemy.kernel.util.IllegalActionException: Found a zero delay loop containing .dependencyLoop.original
  in .dependencyLoop and .dependencyLoop.original
	at ptolemy.actor.util.CausalityInterfaceForComposites._computeOutputPortDepth(CausalityInterfaceForComposites.java:759)
	at ptolemy.actor.util.CausalityInterfaceForComposites._computeInputDepth(CausalityInterfaceForComposites.java:696)
	at ptolemy.actor.util.CausalityInterfaceForComposites._computeOutputPortDepth(CausalityInterfaceForComposites.java:765)
	at ptolemy.actor.util.CausalityInterfaceForComposites._computeInputDepth(CausalityInterfaceForComposites.java:696)
	at ptolemy.actor.util.CausalityInterfaceForComposites._computeOutputPortDepth(CausalityInterfaceForComposites.java:765)
	at ptolemy.actor.util.CausalityInterfaceForComposites._computeInputDepth(CausalityInterfaceForComposites.java:696)
	at ptolemy.actor.util.CausalityInterfaceForComposites._computeActorDepth(CausalityInterfaceForComposites.java:532)
	at ptolemy.actor.util.CausalityInterfaceForComposites.checkForCycles(CausalityInterfaceForComposites.java:96)
	at ptolemy.domains.de.kernel.DEDirector.preinitialize(DEDirector.java:1338)
	at ptolemy.actor.CompositeActor.preinitialize(CompositeActor.java:1828)
	at ptolemy.actor.Manager.preinitializeAndResolveTypes(Manager.java:1040)
	at ptolemy.actor.Manager.initialize(Manager.java:710)
	at ptolemy.actor.Manager.execute(Manager.java:356)
	at ptolemy.actor.Manager.run(Manager.java:1263)
	at ptolemy.actor.Manager$PtolemyRunThread.run(Manager.java:1933)

    while executing
ptolemy.kernel.util.IllegalActionException: Found a zero delay loop containing .dependencyLoop.original
  in .dependencyLoop and .dependencyLoop.original
    while executing
"java::new ptolemy.moml.MoMLSimpleApplication $file
"
    (procedure "createAndExecute" line 2)
    invoked from within
"createAndExecute $file"
    ("uplevel" body line 5)
    invoked from within
"uplevel $contents_of_test"
------------------ testing $PTII/ptolemy/domains/de/test/auto/knownFailedTests/FSMSource.xml (Known Failure) 
87 ms. Memory: 120832K Free: 99091K (82%)
!!!! Auto was marked as failing, but now passes
------------------ testing $PTII/ptolemy/domains/de/test/auto/knownFailedTests/HierarchicalModel.xml (Known Failure) 
6 ms. Memory: 120832K Free: 81653K (68%)


==== $PTIIhome/travis/build/icyphy/ptII/ptolemy/domains/de/test/../../../../: Auto Automatic test in file $PTII/ptolemy/domains/de/test/auto/knownFailedTests/HierarchicalModel.xml
==== Contents of test case:

	    # FIXME: we should use $relativeFilename here, but it
	    # might have backslashes under Windows, which causes no end
	    # of trouble.
	    createAndExecute $file
	    list {}
	
.... Test generated KNOWN error:
    while executing
ptolemy.kernel.util.IllegalActionException: Found a zero delay loop containing .HierarchicalModel.A
  in .HierarchicalModel and .HierarchicalModel.A
	at ptolemy.actor.util.CausalityInterfaceForComposites._computeOutputPortDepth(CausalityInterfaceForComposites.java:759)
	at ptolemy.actor.util.CausalityInterfaceForComposites._computeInputDepth(CausalityInterfaceForComposites.java:696)
	at ptolemy.actor.util.CausalityInterfaceForComposites._computeOutputPortDepth(CausalityInterfaceForComposites.java:765)
	at ptolemy.actor.util.CausalityInterfaceForComposites._computeInputDepth(CausalityInterfaceForComposites.java:696)
	at ptolemy.actor.util.CausalityInterfaceForComposites._computeOutputPortDepth(CausalityInterfaceForComposites.java:765)
	at ptolemy.actor.util.CausalityInterfaceForComposites._computeInputDepth(CausalityInterfaceForComposites.java:696)
	at ptolemy.actor.util.CausalityInterfaceForComposites._computeActorDepth(CausalityInterfaceForComposites.java:532)
	at ptolemy.actor.util.CausalityInterfaceForComposites.checkForCycles(CausalityInterfaceForComposites.java:96)
	at ptolemy.domains.de.kernel.DEDirector.preinitialize(DEDirector.java:1338)
	at ptolemy.actor.CompositeActor.preinitialize(CompositeActor.java:1828)
	at ptolemy.actor.Manager.preinitializeAndResolveTypes(Manager.java:1040)
	at ptolemy.actor.Manager.initialize(Manager.java:710)
	at ptolemy.actor.Manager.execute(Manager.java:356)
	at ptolemy.actor.Manager.run(Manager.java:1263)
	at ptolemy.actor.Manager$PtolemyRunThread.run(Manager.java:1933)

    while executing
ptolemy.kernel.util.IllegalActionException: Found a zero delay loop containing .HierarchicalModel.A
  in .HierarchicalModel and .HierarchicalModel.A
    while executing
"java::new ptolemy.moml.MoMLSimpleApplication $file
"
    (procedure "createAndExecute" line 2)
    invoked from within
"createAndExecute $file"
    ("uplevel" body line 5)
    invoked from within
"uplevel $contents_of_test"
------------------ testing $PTII/ptolemy/domains/de/test/auto/knownFailedTests/dependencyLoop2.xml (Known Failure) 
14 ms. Memory: 120832K Free: 65726K (54%)


==== $PTIIhome/travis/build/icyphy/ptII/ptolemy/domains/de/test/../../../../: Auto Automatic test in file $PTII/ptolemy/domains/de/test/auto/knownFailedTests/dependencyLoop2.xml
==== Contents of test case:

	    # FIXME: we should use $relativeFilename here, but it
	    # might have backslashes under Windows, which causes no end
	    # of trouble.
	    createAndExecute $file
	    list {}
	
.... Test generated KNOWN error:
    while executing
ptolemy.kernel.util.IllegalActionException: Found a zero delay loop containing .dependencyLoop2.original
  in .dependencyLoop2 and .dependencyLoop2.original
	at ptolemy.actor.util.CausalityInterfaceForComposites._computeOutputPortDepth(CausalityInterfaceForComposites.java:759)
	at ptolemy.actor.util.CausalityInterfaceForComposites._computeInputDepth(CausalityInterfaceForComposites.java:696)
	at ptolemy.actor.util.CausalityInterfaceForComposites._computeOutputPortDepth(CausalityInterfaceForComposites.java:765)
	at ptolemy.actor.util.CausalityInterfaceForComposites._computeInputDepth(CausalityInterfaceForComposites.java:696)
	at ptolemy.actor.util.CausalityInterfaceForComposites._computeOutputPortDepth(CausalityInterfaceForComposites.java:765)
	at ptolemy.actor.util.CausalityInterfaceForComposites._computeInputDepth(CausalityInterfaceForComposites.java:696)
	at ptolemy.actor.util.CausalityInterfaceForComposites._computeActorDepth(CausalityInterfaceForComposites.java:532)
	at ptolemy.actor.util.CausalityInterfaceForComposites.checkForCycles(CausalityInterfaceForComposites.java:96)
	at ptolemy.domains.de.kernel.DEDirector.preinitialize(DEDirector.java:1338)
	at ptolemy.actor.CompositeActor.preinitialize(CompositeActor.java:1828)
	at ptolemy.actor.Manager.preinitializeAndResolveTypes(Manager.java:1040)
	at ptolemy.actor.Manager.initialize(Manager.java:710)
	at ptolemy.actor.Manager.execute(Manager.java:356)
	at ptolemy.actor.Manager.run(Manager.java:1263)
	at ptolemy.actor.Manager$PtolemyRunThread.run(Manager.java:1933)

    while executing
ptolemy.kernel.util.IllegalActionException: Found a zero delay loop containing .dependencyLoop2.original
  in .dependencyLoop2 and .dependencyLoop2.original
    while executing
"java::new ptolemy.moml.MoMLSimpleApplication $file
"
    (procedure "createAndExecute" line 2)
    invoked from within
"createAndExecute $file"
    ("uplevel" body line 5)
    invoked from within
"uplevel $contents_of_test"
------------------ testing $PTII/ptolemy/domains/de/test/auto/knownFailedTests/DESDFClockTest.xml (Known Failure) 
2070 ms. Memory: 120832K Free: 94306K (78%)


==== $PTIIhome/travis/build/icyphy/ptII/ptolemy/domains/de/test/../../../../: Auto Automatic test in file $PTII/ptolemy/domains/de/test/auto/knownFailedTests/DESDFClockTest.xml
==== Contents of test case:

	    # FIXME: we should use $relativeFilename here, but it
	    # might have backslashes under Windows, which causes no end
	    # of trouble.
	    createAndExecute $file
	    list {}
	
.... Test generated KNOWN error:
    while executing
ptolemy.kernel.util.IllegalActionException: Actor is not ready to fire.  Perhaps UpSample.prefire() returned false? Try debugging the actor by selecting "Listen to Actor".  Also, for SDF check moml for tokenConsumptionRate on input.
  in .DESDFClockTest.Play Bell.Copy1:SDF Director and .DESDFClockTest.Play Bell.UpSample
	at ptolemy.actor.sched.StaticSchedulingDirector.fire(StaticSchedulingDirector.java:227)
	at ptolemy.domains.sdf.kernel.SDFDirector.fire(SDFDirector.java:500)
	at ptolemy.actor.CompositeActor.fire(CompositeActor.java:455)
	at ptolemy.domains.de.kernel.DEDirector._fire(DEDirector.java:1949)
	at ptolemy.domains.de.kernel.DEDirector.fire(DEDirector.java:502)
	at ptolemy.actor.CompositeActor.fire(CompositeActor.java:455)
	at ptolemy.actor.Manager.iterate(Manager.java:851)
	at ptolemy.actor.Manager.execute(Manager.java:369)
	at ptolemy.actor.Manager.run(Manager.java:1263)
	at ptolemy.actor.Manager$PtolemyRunThread.run(Manager.java:1933)

    while executing
ptolemy.kernel.util.IllegalActionException: Actor is not ready to fire.  Perhaps UpSample.prefire() returned false? Try debugging the actor by selecting "Listen to Actor".  Also, for SDF check moml for tokenConsumptionRate on input.
  in .DESDFClockTest.Play Bell.Copy1:SDF Director and .DESDFClockTest.Play Bell.UpSample
    while executing
"java::new ptolemy.moml.MoMLSimpleApplication $file
"
    (procedure "createAndExecute" line 2)
    invoked from within
"createAndExecute $file"
    ("uplevel" body line 5)
    invoked from within
"uplevel $contents_of_test"
------------------ testing $PTII/ptolemy/domains/de/test/auto/ActorDepthCalculation_actorWithoutPorts.xml
auto.tcl: Setting watchdog for 200 seconds at Sat Nov 30 06:19:55 UTC 2019
16 ms. Memory: 120832K Free: 87108K (72%)
ptolemy.util.test.WatchDog.cancel(): canceling Sat Nov 30 06:19:55 UTC 2019
auto.tcl: Setting watchdog for 200 seconds at Sat Nov 30 06:19:55 UTC 2019
6 ms. Memory: 120832K Free: 85829K (71%)
ptolemy.util.test.WatchDog.cancel(): canceling Sat Nov 30 06:19:55 UTC 2019
------------------ testing $PTII/ptolemy/domains/de/test/auto/AssemblyLine.xml
auto.tcl: Setting watchdog for 200 seconds at Sat Nov 30 06:19:56 UTC 2019
12 ms. Memory: 48128K Free: 25223K (52%)
ptolemy.util.test.WatchDog.cancel(): canceling Sat Nov 30 06:19:56 UTC 2019
auto.tcl: Setting watchdog for 200 seconds at Sat Nov 30 06:19:56 UTC 2019
7 ms. Memory: 48128K Free: 24795K (52%)
ptolemy.util.test.WatchDog.cancel(): canceling Sat Nov 30 06:19:56 UTC 2019
------------------ testing $PTII/ptolemy/domains/de/test/auto/CQBug1.xml
auto.tcl: Setting watchdog for 200 seconds at Sat Nov 30 06:19:56 UTC 2019
2 ms. Memory: 48128K Free: 31474K (65%)
ptolemy.util.test.WatchDog.cancel(): canceling Sat Nov 30 06:19:56 UTC 2019
auto.tcl: Setting watchdog for 200 seconds at Sat Nov 30 06:19:56 UTC 2019
2 ms. Memory: 48128K Free: 31045K (65%)
ptolemy.util.test.WatchDog.cancel(): canceling Sat Nov 30 06:19:56 UTC 2019
------------------ testing $PTII/ptolemy/domains/de/test/auto/CancelFireAt.xml
auto.tcl: Setting watchdog for 200 seconds at Sat Nov 30 06:19:56 UTC 2019
4 ms. Memory: 45056K Free: 29475K (65%)
ptolemy.util.test.WatchDog.cancel(): canceling Sat Nov 30 06:19:56 UTC 2019
auto.tcl: Setting watchdog for 200 seconds at Sat Nov 30 06:19:56 UTC 2019
1 ms. Memory: 45056K Free: 29032K (64%)
ptolemy.util.test.WatchDog.cancel(): canceling Sat Nov 30 06:19:56 UTC 2019
------------------ testing $PTII/ptolemy/domains/de/test/auto/CausalityAndComposabilityAnalysis.xml
auto.tcl: Setting watchdog for 200 seconds at Sat Nov 30 06:19:56 UTC 2019
7 ms. Memory: 45056K Free: 27411K (61%)
ptolemy.util.test.WatchDog.cancel(): canceling Sat Nov 30 06:19:56 UTC 2019
auto.tcl: Setting watchdog for 200 seconds at Sat Nov 30 06:19:56 UTC 2019
9 ms. Memory: 45056K Free: 26984K (60%)
ptolemy.util.test.WatchDog.cancel(): canceling Sat Nov 30 06:19:56 UTC 2019
------------------ testing $PTII/ptolemy/domains/de/test/auto/CausalityInterface1.xml
auto.tcl: Setting watchdog for 200 seconds at Sat Nov 30 06:19:56 UTC 2019
32 ms. Memory: 45056K Free: 26372K (59%)
ptolemy.util.test.WatchDog.cancel(): canceling Sat Nov 30 06:19:56 UTC 2019
auto.tcl: Setting watchdog for 200 seconds at Sat Nov 30 06:19:56 UTC 2019
4 ms. Memory: 45056K Free: 25378K (56%)
ptolemy.util.test.WatchDog.cancel(): canceling Sat Nov 30 06:19:56 UTC 2019
------------------ testing $PTII/ptolemy/domains/de/test/auto/CausalityInterface15.xml
auto.tcl: Setting watchdog for 200 seconds at Sat Nov 30 06:19:56 UTC 2019
11 ms. Memory: 45056K Free: 26567K (59%)
ptolemy.util.test.WatchDog.cancel(): canceling Sat Nov 30 06:19:56 UTC 2019
auto.tcl: Setting watchdog for 200 seconds at Sat Nov 30 06:19:56 UTC 2019
4 ms. Memory: 45056K Free: 25362K (56%)
ptolemy.util.test.WatchDog.cancel(): canceling Sat Nov 30 06:19:56 UTC 2019
------------------ testing $PTII/ptolemy/domains/de/test/auto/CausalityInterface2.xml
auto.tcl: Setting watchdog for 200 seconds at Sat Nov 30 06:19:56 UTC 2019
4 ms. Memory: 45056K Free: 27102K (60%)
ptolemy.util.test.WatchDog.cancel(): canceling Sat Nov 30 06:19:57 UTC 2019
auto.tcl: Setting watchdog for 200 seconds at Sat Nov 30 06:19:57 UTC 2019
2 ms. Memory: 45056K Free: 26355K (58%)
ptolemy.util.test.WatchDog.cancel(): canceling Sat Nov 30 06:19:57 UTC 2019
------------------ testing $PTII/ptolemy/domains/de/test/auto/CausalityInterface3.xml
auto.tcl: Setting watchdog for 200 seconds at Sat Nov 30 06:19:57 UTC 2019
4 ms. Memory: 45056K Free: 26552K (59%)
ptolemy.util.test.WatchDog.cancel(): canceling Sat Nov 30 06:19:57 UTC 2019
auto.tcl: Setting watchdog for 200 seconds at Sat Nov 30 06:19:57 UTC 2019
2 ms. Memory: 45056K Free: 25766K (57%)
ptolemy.util.test.WatchDog.cancel(): canceling Sat Nov 30 06:19:57 UTC 2019
------------------ testing $PTII/ptolemy/domains/de/test/auto/ClockDrift.xml
auto.tcl: Setting watchdog for 200 seconds at Sat Nov 30 06:19:57 UTC 2019
101 ms. Memory: 45056K Free: 19135K (42%)
ptolemy.util.test.WatchDog.cancel(): canceling Sat Nov 30 06:19:57 UTC 2019
auto.tcl: Setting watchdog for 200 seconds at Sat Nov 30 06:19:57 UTC 2019
56 ms. Memory: 45056K Free: 15713K (35%)
ptolemy.util.test.WatchDog.cancel(): canceling Sat Nov 30 06:19:57 UTC 2019
------------------ testing $PTII/ptolemy/domains/de/test/auto/ClockDriftAndValueChange.xml
auto.tcl: Setting watchdog for 200 seconds at Sat Nov 30 06:19:57 UTC 2019
46 ms. Memory: 45056K Free: 19228K (43%)
ptolemy.util.test.WatchDog.cancel(): canceling Sat Nov 30 06:19:57 UTC 2019
auto.tcl: Setting watchdog for 200 seconds at Sat Nov 30 06:19:57 UTC 2019
36 ms. Memory: 45056K Free: 16384K (36%)
ptolemy.util.test.WatchDog.cancel(): canceling Sat Nov 30 06:19:57 UTC 2019
------------------ testing $PTII/ptolemy/domains/de/test/auto/ClockDriftChange.xml
auto.tcl: Setting watchdog for 200 seconds at Sat Nov 30 06:19:57 UTC 2019
22 ms. Memory: 45056K Free: 21266K (47%)
ptolemy.util.test.WatchDog.cancel(): canceling Sat Nov 30 06:19:57 UTC 2019
auto.tcl: Setting watchdog for 200 seconds at Sat Nov 30 06:19:57 UTC 2019
28 ms. Memory: 45056K Free: 18712K (42%)
ptolemy.util.test.WatchDog.cancel(): canceling Sat Nov 30 06:19:57 UTC 2019
------------------ testing $PTII/ptolemy/domains/de/test/auto/ComposableCausalityAnalysis.xml
auto.tcl: Setting watchdog for 200 seconds at Sat Nov 30 06:19:57 UTC 2019
2 ms. Memory: 45056K Free: 25880K (57%)
ptolemy.util.test.WatchDog.cancel(): canceling Sat Nov 30 06:19:57 UTC 2019
auto.tcl: Setting watchdog for 200 seconds at Sat Nov 30 06:19:57 UTC 2019
1 ms. Memory: 45056K Free: 24840K (55%)
ptolemy.util.test.WatchDog.cancel(): canceling Sat Nov 30 06:19:57 UTC 2019
------------------ testing $PTII/ptolemy/domains/de/test/auto/DEFixedPointLimitation.xml
auto.tcl: Setting watchdog for 200 seconds at Sat Nov 30 06:19:57 UTC 2019
2 ms. Memory: 45056K Free: 27241K (60%)
ptolemy.util.test.WatchDog.cancel(): canceling Sat Nov 30 06:19:57 UTC 2019
auto.tcl: Setting watchdog for 200 seconds at Sat Nov 30 06:19:57 UTC 2019
2 ms. Memory: 45056K Free: 26345K (58%)
ptolemy.util.test.WatchDog.cancel(): canceling Sat Nov 30 06:19:57 UTC 2019
------------------ testing $PTII/ptolemy/domains/de/test/auto/DEScheduleTest.xml
auto.tcl: Setting watchdog for 200 seconds at Sat Nov 30 06:19:57 UTC 2019
7 ms. Memory: 45056K Free: 27493K (61%)
ptolemy.util.test.WatchDog.cancel(): canceling Sat Nov 30 06:19:57 UTC 2019
auto.tcl: Setting watchdog for 200 seconds at Sat Nov 30 06:19:57 UTC 2019
2 ms. Memory: 45056K Free: 26767K (59%)
ptolemy.util.test.WatchDog.cancel(): canceling Sat Nov 30 06:19:57 UTC 2019
------------------ testing $PTII/ptolemy/domains/de/test/auto/DEinDEwithStartTimes.xml
auto.tcl: Setting watchdog for 200 seconds at Sat Nov 30 06:19:57 UTC 2019
5 ms. Memory: 45056K Free: 25712K (57%)
ptolemy.util.test.WatchDog.cancel(): canceling Sat Nov 30 06:19:57 UTC 2019
auto.tcl: Setting watchdog for 200 seconds at Sat Nov 30 06:19:57 UTC 2019
4 ms. Memory: 45056K Free: 24306K (54%)
ptolemy.util.test.WatchDog.cancel(): canceling Sat Nov 30 06:19:57 UTC 2019
------------------ testing $PTII/ptolemy/domains/de/test/auto/DEinDEwithStartTimes2.xml
auto.tcl: Setting watchdog for 200 seconds at Sat Nov 30 06:19:58 UTC 2019
6 ms. Memory: 45056K Free: 25009K (56%)
ptolemy.util.test.WatchDog.cancel(): canceling Sat Nov 30 06:19:58 UTC 2019
auto.tcl: Setting watchdog for 200 seconds at Sat Nov 30 06:19:58 UTC 2019
4 ms. Memory: 45056K Free: 23625K (52%)
ptolemy.util.test.WatchDog.cancel(): canceling Sat Nov 30 06:19:58 UTC 2019
------------------ testing $PTII/ptolemy/domains/de/test/auto/DateDemo.xml
auto.tcl: Setting watchdog for 200 seconds at Sat Nov 30 06:19:58 UTC 2019
30 ms. Memory: 45056K Free: 19278K (43%)
ptolemy.util.test.WatchDog.cancel(): canceling Sat Nov 30 06:19:58 UTC 2019
auto.tcl: Setting watchdog for 200 seconds at Sat Nov 30 06:19:58 UTC 2019
10 ms. Memory: 45056K Free: 17700K (39%)
ptolemy.util.test.WatchDog.cancel(): canceling Sat Nov 30 06:19:58 UTC 2019
------------------ testing $PTII/ptolemy/domains/de/test/auto/DateToEvent.xml
auto.tcl: Setting watchdog for 200 seconds at Sat Nov 30 06:19:58 UTC 2019
2016 ms. Memory: 45056K Free: 14971K (33%)
ptolemy.util.test.WatchDog.cancel(): canceling Sat Nov 30 06:20:00 UTC 2019
auto.tcl: Setting watchdog for 200 seconds at Sat Nov 30 06:20:00 UTC 2019
2007 ms. Memory: 45056K Free: 14262K (32%)
ptolemy.util.test.WatchDog.cancel(): canceling Sat Nov 30 06:20:02 UTC 2019
------------------ testing $PTII/ptolemy/domains/de/test/auto/DepthTest1.xml
auto.tcl: Setting watchdog for 200 seconds at Sat Nov 30 06:20:02 UTC 2019
3 ms. Memory: 45056K Free: 28464K (63%)
ptolemy.util.test.WatchDog.cancel(): canceling Sat Nov 30 06:20:02 UTC 2019
auto.tcl: Setting watchdog for 200 seconds at Sat Nov 30 06:20:02 UTC 2019
2 ms. Memory: 45056K Free: 27972K (62%)
ptolemy.util.test.WatchDog.cancel(): canceling Sat Nov 30 06:20:02 UTC 2019
------------------ testing $PTII/ptolemy/domains/de/test/auto/DepthTest2.xml
auto.tcl: Setting watchdog for 200 seconds at Sat Nov 30 06:20:02 UTC 2019
5 ms. Memory: 45056K Free: 25208K (56%)
ptolemy.util.test.WatchDog.cancel(): canceling Sat Nov 30 06:20:02 UTC 2019
auto.tcl: Setting watchdog for 200 seconds at Sat Nov 30 06:20:02 UTC 2019
4 ms. Memory: 45056K Free: 24829K (55%)
ptolemy.util.test.WatchDog.cancel(): canceling Sat Nov 30 06:20:02 UTC 2019
------------------ testing $PTII/ptolemy/domains/de/test/auto/DepthTest3.xml
auto.tcl: Setting watchdog for 200 seconds at Sat Nov 30 06:20:02 UTC 2019
3 ms. Memory: 45056K Free: 28664K (64%)
ptolemy.util.test.WatchDog.cancel(): canceling Sat Nov 30 06:20:02 UTC 2019
auto.tcl: Setting watchdog for 200 seconds at Sat Nov 30 06:20:02 UTC 2019
3 ms. Memory: 45056K Free: 28283K (63%)
ptolemy.util.test.WatchDog.cancel(): canceling Sat Nov 30 06:20:02 UTC 2019
------------------ testing $PTII/ptolemy/domains/de/test/auto/DepthTest4.xml
auto.tcl: Setting watchdog for 200 seconds at Sat Nov 30 06:20:02 UTC 2019
4 ms. Memory: 45056K Free: 27022K (60%)
ptolemy.util.test.WatchDog.cancel(): canceling Sat Nov 30 06:20:02 UTC 2019
auto.tcl: Setting watchdog for 200 seconds at Sat Nov 30 06:20:02 UTC 2019
3 ms. Memory: 45056K Free: 26297K (58%)
ptolemy.util.test.WatchDog.cancel(): canceling Sat Nov 30 06:20:02 UTC 2019
------------------ testing $PTII/ptolemy/domains/de/test/auto/DepthTest5.xml
auto.tcl: Setting watchdog for 200 seconds at Sat Nov 30 06:20:02 UTC 2019
12 ms. Memory: 45056K Free: 26175K (58%)
ptolemy.util.test.WatchDog.cancel(): canceling Sat Nov 30 06:20:02 UTC 2019
auto.tcl: Setting watchdog for 200 seconds at Sat Nov 30 06:20:02 UTC 2019
2 ms. Memory: 45056K Free: 25788K (57%)
ptolemy.util.test.WatchDog.cancel(): canceling Sat Nov 30 06:20:02 UTC 2019
------------------ testing $PTII/ptolemy/domains/de/test/auto/DepthTest6.xml
auto.tcl: Setting watchdog for 200 seconds at Sat Nov 30 06:20:02 UTC 2019
5 ms. Memory: 45056K Free: 26153K (58%)
ptolemy.util.test.WatchDog.cancel(): canceling Sat Nov 30 06:20:02 UTC 2019
auto.tcl: Setting watchdog for 200 seconds at Sat Nov 30 06:20:02 UTC 2019
2 ms. Memory: 45056K Free: 25734K (57%)
ptolemy.util.test.WatchDog.cancel(): canceling Sat Nov 30 06:20:02 UTC 2019
------------------ testing $PTII/ptolemy/domains/de/test/auto/DepthTest7.xml
auto.tcl: Setting watchdog for 200 seconds at Sat Nov 30 06:20:02 UTC 2019
2 ms. Memory: 45056K Free: 26946K (60%)
ptolemy.util.test.WatchDog.cancel(): canceling Sat Nov 30 06:20:02 UTC 2019
auto.tcl: Setting watchdog for 200 seconds at Sat Nov 30 06:20:02 UTC 2019
3 ms. Memory: 45056K Free: 26243K (58%)
ptolemy.util.test.WatchDog.cancel(): canceling Sat Nov 30 06:20:02 UTC 2019
------------------ testing $PTII/ptolemy/domains/de/test/auto/EventToDate.xml
auto.tcl: Setting watchdog for 200 seconds at Sat Nov 30 06:20:03 UTC 2019
3005 ms. Memory: 45056K Free: 17784K (39%)
ptolemy.util.test.WatchDog.cancel(): canceling Sat Nov 30 06:20:06 UTC 2019
auto.tcl: Setting watchdog for 200 seconds at Sat Nov 30 06:20:06 UTC 2019
3011 ms. Memory: 45056K Free: 17065K (38%)
ptolemy.util.test.WatchDog.cancel(): canceling Sat Nov 30 06:20:09 UTC 2019
------------------ testing $PTII/ptolemy/domains/de/test/auto/FSM1.xml
auto.tcl: Setting watchdog for 200 seconds at Sat Nov 30 06:20:09 UTC 2019
20 ms. Memory: 45056K Free: 18436K (41%)
ptolemy.util.test.WatchDog.cancel(): canceling Sat Nov 30 06:20:09 UTC 2019
auto.tcl: Setting watchdog for 200 seconds at Sat Nov 30 06:20:09 UTC 2019
18 ms. Memory: 45056K Free: 15355K (34%)
ptolemy.util.test.WatchDog.cancel(): canceling Sat Nov 30 06:20:09 UTC 2019
------------------ testing $PTII/ptolemy/domains/de/test/auto/FSM7.xml
auto.tcl: Setting watchdog for 200 seconds at Sat Nov 30 06:20:09 UTC 2019
32 ms. Memory: 45056K Free: 18691K (41%)
ptolemy.util.test.WatchDog.cancel(): canceling Sat Nov 30 06:20:09 UTC 2019
auto.tcl: Setting watchdog for 200 seconds at Sat Nov 30 06:20:09 UTC 2019
20 ms. Memory: 45056K Free: 15551K (35%)
ptolemy.util.test.WatchDog.cancel(): canceling Sat Nov 30 06:20:09 UTC 2019
------------------ testing $PTII/ptolemy/domains/de/test/auto/Inspection.xml
auto.tcl: Setting watchdog for 200 seconds at Sat Nov 30 06:20:09 UTC 2019
61 ms. Memory: 45056K Free: 18505K (41%)
ptolemy.util.test.WatchDog.cancel(): canceling Sat Nov 30 06:20:09 UTC 2019
auto.tcl: Setting watchdog for 200 seconds at Sat Nov 30 06:20:09 UTC 2019
27 ms. Memory: 45056K Free: 16753K (37%)
ptolemy.util.test.WatchDog.cancel(): canceling Sat Nov 30 06:20:09 UTC 2019
------------------ testing $PTII/ptolemy/domains/de/test/auto/Iteration.xml
auto.tcl: Setting watchdog for 200 seconds at Sat Nov 30 06:20:09 UTC 2019
6 ms. Memory: 45056K Free: 24198K (54%)
ptolemy.util.test.WatchDog.cancel(): canceling Sat Nov 30 06:20:09 UTC 2019
auto.tcl: Setting watchdog for 200 seconds at Sat Nov 30 06:20:09 UTC 2019
5 ms. Memory: 45056K Free: 22808K (51%)
ptolemy.util.test.WatchDog.cancel(): canceling Sat Nov 30 06:20:09 UTC 2019
------------------ testing $PTII/ptolemy/domains/de/test/auto/LineFault.xml
auto.tcl: Setting watchdog for 200 seconds at Sat Nov 30 06:20:09 UTC 2019
724 ms. Memory: 54272K Free: 37267K (69%)
ptolemy.util.test.WatchDog.cancel(): canceling Sat Nov 30 06:20:10 UTC 2019
auto.tcl: Setting watchdog for 200 seconds at Sat Nov 30 06:20:10 UTC 2019
582 ms. Memory: 54272K Free: 31016K (57%)
ptolemy.util.test.WatchDog.cancel(): canceling Sat Nov 30 06:20:11 UTC 2019
------------------ testing $PTII/ptolemy/domains/de/test/auto/MergeModel1Add.xml
auto.tcl: Setting watchdog for 200 seconds at Sat Nov 30 06:20:11 UTC 2019
19 ms. Memory: 54272K Free: 19376K (36%)
ptolemy.util.test.WatchDog.cancel(): canceling Sat Nov 30 06:20:11 UTC 2019
auto.tcl: Setting watchdog for 200 seconds at Sat Nov 30 06:20:11 UTC 2019
17 ms. Memory: 54272K Free: 17627K (32%)
ptolemy.util.test.WatchDog.cancel(): canceling Sat Nov 30 06:20:11 UTC 2019
------------------ testing $PTII/ptolemy/domains/de/test/auto/MergeModel2Add.xml
auto.tcl: Setting watchdog for 200 seconds at Sat Nov 30 06:20:11 UTC 2019
15 ms. Memory: 51200K Free: 18104K (35%)
ptolemy.util.test.WatchDog.cancel(): canceling Sat Nov 30 06:20:11 UTC 2019
auto.tcl: Setting watchdog for 200 seconds at Sat Nov 30 06:20:11 UTC 2019
9 ms. Memory: 51200K Free: 16368K (32%)
ptolemy.util.test.WatchDog.cancel(): canceling Sat Nov 30 06:20:11 UTC 2019
------------------ testing $PTII/ptolemy/domains/de/test/auto/MergeModel3Add.xml
auto.tcl: Setting watchdog for 200 seconds at Sat Nov 30 06:20:11 UTC 2019
10 ms. Memory: 48128K Free: 15294K (32%)
ptolemy.util.test.WatchDog.cancel(): canceling Sat Nov 30 06:20:11 UTC 2019
auto.tcl: Setting watchdog for 200 seconds at Sat Nov 30 06:20:11 UTC 2019
8 ms. Memory: 48128K Free: 13778K (29%)
ptolemy.util.test.WatchDog.cancel(): canceling Sat Nov 30 06:20:11 UTC 2019
------------------ testing $PTII/ptolemy/domains/de/test/auto/MergeWithoutDiscard.xml
auto.tcl: Setting watchdog for 200 seconds at Sat Nov 30 06:20:11 UTC 2019
2 ms. Memory: 48128K Free: 30178K (63%)
ptolemy.util.test.WatchDog.cancel(): canceling Sat Nov 30 06:20:11 UTC 2019
auto.tcl: Setting watchdog for 200 seconds at Sat Nov 30 06:20:11 UTC 2019
2 ms. Memory: 48128K Free: 29273K (61%)
ptolemy.util.test.WatchDog.cancel(): canceling Sat Nov 30 06:20:11 UTC 2019
------------------ testing $PTII/ptolemy/domains/de/test/auto/Modal1.xml
auto.tcl: Setting watchdog for 200 seconds at Sat Nov 30 06:20:11 UTC 2019
11 ms. Memory: 48128K Free: 21762K (45%)
ptolemy.util.test.WatchDog.cancel(): canceling Sat Nov 30 06:20:11 UTC 2019
auto.tcl: Setting watchdog for 200 seconds at Sat Nov 30 06:20:11 UTC 2019
12 ms. Memory: 48128K Free: 18319K (38%)
ptolemy.util.test.WatchDog.cancel(): canceling Sat Nov 30 06:20:11 UTC 2019
------------------ testing $PTII/ptolemy/domains/de/test/auto/Modal2.xml
auto.tcl: Setting watchdog for 200 seconds at Sat Nov 30 06:20:11 UTC 2019
11 ms. Memory: 48128K Free: 21908K (46%)
ptolemy.util.test.WatchDog.cancel(): canceling Sat Nov 30 06:20:11 UTC 2019
auto.tcl: Setting watchdog for 200 seconds at Sat Nov 30 06:20:11 UTC 2019
13 ms. Memory: 48128K Free: 18664K (39%)
ptolemy.util.test.WatchDog.cancel(): canceling Sat Nov 30 06:20:11 UTC 2019
------------------ testing $PTII/ptolemy/domains/de/test/auto/Modal3.xml
auto.tcl: Setting watchdog for 200 seconds at Sat Nov 30 06:20:12 UTC 2019
10 ms. Memory: 48128K Free: 21661K (45%)
ptolemy.util.test.WatchDog.cancel(): canceling Sat Nov 30 06:20:12 UTC 2019
auto.tcl: Setting watchdog for 200 seconds at Sat Nov 30 06:20:12 UTC 2019
12 ms. Memory: 48128K Free: 18680K (39%)
ptolemy.util.test.WatchDog.cancel(): canceling Sat Nov 30 06:20:12 UTC 2019
------------------ testing $PTII/ptolemy/domains/de/test/auto/Modal4.xml
auto.tcl: Setting watchdog for 200 seconds at Sat Nov 30 06:20:12 UTC 2019
13 ms. Memory: 48128K Free: 20865K (43%)
ptolemy.util.test.WatchDog.cancel(): canceling Sat Nov 30 06:20:12 UTC 2019
auto.tcl: Setting watchdog for 200 seconds at Sat Nov 30 06:20:12 UTC 2019
14 ms. Memory: 48128K Free: 17031K (35%)
ptolemy.util.test.WatchDog.cancel(): canceling Sat Nov 30 06:20:12 UTC 2019
------------------ testing $PTII/ptolemy/domains/de/test/auto/Modal5.xml
auto.tcl: Setting watchdog for 200 seconds at Sat Nov 30 06:20:12 UTC 2019
17 ms. Memory: 48128K Free: 20867K (43%)
ptolemy.util.test.WatchDog.cancel(): canceling Sat Nov 30 06:20:12 UTC 2019
auto.tcl: Setting watchdog for 200 seconds at Sat Nov 30 06:20:12 UTC 2019
25 ms. Memory: 48128K Free: 17019K (35%)
ptolemy.util.test.WatchDog.cancel(): canceling Sat Nov 30 06:20:12 UTC 2019
------------------ testing $PTII/ptolemy/domains/de/test/auto/Modal6.xml
auto.tcl: Setting watchdog for 200 seconds at Sat Nov 30 06:20:12 UTC 2019
12 ms. Memory: 48128K Free: 21611K (45%)
ptolemy.util.test.WatchDog.cancel(): canceling Sat Nov 30 06:20:12 UTC 2019
auto.tcl: Setting watchdog for 200 seconds at Sat Nov 30 06:20:12 UTC 2019
13 ms. Memory: 48128K Free: 17629K (37%)
ptolemy.util.test.WatchDog.cancel(): canceling Sat Nov 30 06:20:12 UTC 2019
------------------ testing $PTII/ptolemy/domains/de/test/auto/Modal7.xml
auto.tcl: Setting watchdog for 200 seconds at Sat Nov 30 06:20:12 UTC 2019
9 ms. Memory: 48128K Free: 20827K (43%)
ptolemy.util.test.WatchDog.cancel(): canceling Sat Nov 30 06:20:12 UTC 2019
auto.tcl: Setting watchdog for 200 seconds at Sat Nov 30 06:20:12 UTC 2019
11 ms. Memory: 48128K Free: 17278K (36%)
ptolemy.util.test.WatchDog.cancel(): canceling Sat Nov 30 06:20:12 UTC 2019
------------------ testing $PTII/ptolemy/domains/de/test/auto/ModalModel.xml
auto.tcl: Setting watchdog for 200 seconds at Sat Nov 30 06:20:12 UTC 2019
216 ms. Memory: 58368K Free: 27391K (47%)
ptolemy.util.test.WatchDog.cancel(): canceling Sat Nov 30 06:20:12 UTC 2019
auto.tcl: Setting watchdog for 200 seconds at Sat Nov 30 06:20:12 UTC 2019
184 ms. Memory: 58368K Free: 26891K (46%)
ptolemy.util.test.WatchDog.cancel(): canceling Sat Nov 30 06:20:13 UTC 2019
------------------ testing $PTII/ptolemy/domains/de/test/auto/ModalSource.xml
auto.tcl: Setting watchdog for 200 seconds at Sat Nov 30 06:20:13 UTC 2019
11 ms. Memory: 51200K Free: 28235K (55%)
ptolemy.util.test.WatchDog.cancel(): canceling Sat Nov 30 06:20:13 UTC 2019
auto.tcl: Setting watchdog for 200 seconds at Sat Nov 30 06:20:13 UTC 2019
6 ms. Memory: 51200K Free: 26259K (51%)
ptolemy.util.test.WatchDog.cancel(): canceling Sat Nov 30 06:20:13 UTC 2019
------------------ testing $PTII/ptolemy/domains/de/test/auto/NonInterruptibleTimerZeroDelay.xml
auto.tcl: Setting watchdog for 200 seconds at Sat Nov 30 06:20:13 UTC 2019
3 ms. Memory: 48128K Free: 30603K (64%)
ptolemy.util.test.WatchDog.cancel(): canceling Sat Nov 30 06:20:13 UTC 2019
auto.tcl: Setting watchdog for 200 seconds at Sat Nov 30 06:20:13 UTC 2019
3 ms. Memory: 48128K Free: 29951K (62%)
ptolemy.util.test.WatchDog.cancel(): canceling Sat Nov 30 06:20:13 UTC 2019
------------------ testing $PTII/ptolemy/domains/de/test/auto/OpenQueueingNetwork.xml
auto.tcl: Setting watchdog for 200 seconds at Sat Nov 30 06:20:13 UTC 2019
2949 ms. Memory: 115712K Free: 97294K (84%)
ptolemy.util.test.WatchDog.cancel(): canceling Sat Nov 30 06:20:16 UTC 2019
auto.tcl: Setting watchdog for 200 seconds at Sat Nov 30 06:20:16 UTC 2019
2384 ms. Memory: 139264K Free: 72662K (52%)
ptolemy.util.test.WatchDog.cancel(): canceling Sat Nov 30 06:20:18 UTC 2019
------------------ testing $PTII/ptolemy/domains/de/test/auto/OpenQueuingNetwork.xml
auto.tcl: Setting watchdog for 200 seconds at Sat Nov 30 06:20:18 UTC 2019
226 ms. Memory: 55296K Free: 25718K (47%)
ptolemy.util.test.WatchDog.cancel(): canceling Sat Nov 30 06:20:19 UTC 2019
auto.tcl: Setting watchdog for 200 seconds at Sat Nov 30 06:20:19 UTC 2019
224 ms. Memory: 55296K Free: 34341K (62%)
ptolemy.util.test.WatchDog.cancel(): canceling Sat Nov 30 06:20:19 UTC 2019
------------------ testing $PTII/ptolemy/domains/de/test/auto/PeriodicSampler.xml
auto.tcl: Setting watchdog for 200 seconds at Sat Nov 30 06:20:19 UTC 2019
3 ms. Memory: 48128K Free: 29822K (62%)
ptolemy.util.test.WatchDog.cancel(): canceling Sat Nov 30 06:20:19 UTC 2019
auto.tcl: Setting watchdog for 200 seconds at Sat Nov 30 06:20:19 UTC 2019
2 ms. Memory: 48128K Free: 29316K (61%)
ptolemy.util.test.WatchDog.cancel(): canceling Sat Nov 30 06:20:19 UTC 2019
------------------ testing $PTII/ptolemy/domains/de/test/auto/PersistentIO.xml
auto.tcl: Setting watchdog for 200 seconds at Sat Nov 30 06:20:19 UTC 2019
5 ms. Memory: 48128K Free: 24746K (51%)
ptolemy.util.test.WatchDog.cancel(): canceling Sat Nov 30 06:20:19 UTC 2019
auto.tcl: Setting watchdog for 200 seconds at Sat Nov 30 06:20:19 UTC 2019
5 ms. Memory: 48128K Free: 23292K (48%)
ptolemy.util.test.WatchDog.cancel(): canceling Sat Nov 30 06:20:19 UTC 2019
------------------ testing $PTII/ptolemy/domains/de/test/auto/PortParameterResetOnInitialize.xml
auto.tcl: Setting watchdog for 200 seconds at Sat Nov 30 06:20:19 UTC 2019
2 ms. Memory: 48128K Free: 29712K (62%)
ptolemy.util.test.WatchDog.cancel(): canceling Sat Nov 30 06:20:19 UTC 2019
auto.tcl: Setting watchdog for 200 seconds at Sat Nov 30 06:20:19 UTC 2019
2 ms. Memory: 48128K Free: 29238K (61%)
ptolemy.util.test.WatchDog.cancel(): canceling Sat Nov 30 06:20:19 UTC 2019
------------------ testing $PTII/ptolemy/domains/de/test/auto/PortParameterUpdates.xml
auto.tcl: Setting watchdog for 200 seconds at Sat Nov 30 06:20:19 UTC 2019
5 ms. Memory: 48128K Free: 28035K (58%)
ptolemy.util.test.WatchDog.cancel(): canceling Sat Nov 30 06:20:19 UTC 2019
auto.tcl: Setting watchdog for 200 seconds at Sat Nov 30 06:20:19 UTC 2019
5 ms. Memory: 48128K Free: 26813K (56%)
ptolemy.util.test.WatchDog.cancel(): canceling Sat Nov 30 06:20:19 UTC 2019
------------------ testing $PTII/ptolemy/domains/de/test/auto/QueueAndServer.xml
auto.tcl: Setting watchdog for 200 seconds at Sat Nov 30 06:20:19 UTC 2019
17 ms. Memory: 48128K Free: 26747K (56%)
ptolemy.util.test.WatchDog.cancel(): canceling Sat Nov 30 06:20:19 UTC 2019
auto.tcl: Setting watchdog for 200 seconds at Sat Nov 30 06:20:19 UTC 2019
6 ms. Memory: 48128K Free: 25320K (53%)
ptolemy.util.test.WatchDog.cancel(): canceling Sat Nov 30 06:20:19 UTC 2019
------------------ testing $PTII/ptolemy/domains/de/test/auto/Records.xml
auto.tcl: Setting watchdog for 200 seconds at Sat Nov 30 06:20:19 UTC 2019
5 ms. Memory: 48128K Free: 29289K (61%)
ptolemy.util.test.WatchDog.cancel(): canceling Sat Nov 30 06:20:19 UTC 2019
auto.tcl: Setting watchdog for 200 seconds at Sat Nov 30 06:20:19 UTC 2019
1 ms. Memory: 48128K Free: 28770K (60%)
ptolemy.util.test.WatchDog.cancel(): canceling Sat Nov 30 06:20:19 UTC 2019
------------------ testing $PTII/ptolemy/domains/de/test/auto/ResetTransitionWithStartTime1.xml
auto.tcl: Setting watchdog for 200 seconds at Sat Nov 30 06:20:19 UTC 2019
14 ms. Memory: 48128K Free: 26230K (55%)
ptolemy.util.test.WatchDog.cancel(): canceling Sat Nov 30 06:20:19 UTC 2019
auto.tcl: Setting watchdog for 200 seconds at Sat Nov 30 06:20:19 UTC 2019
6 ms. Memory: 48128K Free: 24182K (50%)
ptolemy.util.test.WatchDog.cancel(): canceling Sat Nov 30 06:20:19 UTC 2019
------------------ testing $PTII/ptolemy/domains/de/test/auto/ResetTransitionWithStartTime2.xml
auto.tcl: Setting watchdog for 200 seconds at Sat Nov 30 06:20:20 UTC 2019
6 ms. Memory: 48128K Free: 26186K (54%)
ptolemy.util.test.WatchDog.cancel(): canceling Sat Nov 30 06:20:20 UTC 2019
auto.tcl: Setting watchdog for 200 seconds at Sat Nov 30 06:20:20 UTC 2019
6 ms. Memory: 48128K Free: 23665K (49%)
ptolemy.util.test.WatchDog.cancel(): canceling Sat Nov 30 06:20:20 UTC 2019
------------------ testing $PTII/ptolemy/domains/de/test/auto/ResetTransitionWithStartTime3.xml
auto.tcl: Setting watchdog for 200 seconds at Sat Nov 30 06:20:20 UTC 2019
8 ms. Memory: 48128K Free: 26185K (54%)
ptolemy.util.test.WatchDog.cancel(): canceling Sat Nov 30 06:20:20 UTC 2019
auto.tcl: Setting watchdog for 200 seconds at Sat Nov 30 06:20:20 UTC 2019
5 ms. Memory: 48128K Free: 23648K (49%)
ptolemy.util.test.WatchDog.cancel(): canceling Sat Nov 30 06:20:20 UTC 2019
------------------ testing $PTII/ptolemy/domains/de/test/auto/ResetTransitionWithStartTime4.xml
auto.tcl: Setting watchdog for 200 seconds at Sat Nov 30 06:20:20 UTC 2019
11 ms. Memory: 48128K Free: 26672K (55%)
ptolemy.util.test.WatchDog.cancel(): canceling Sat Nov 30 06:20:20 UTC 2019
auto.tcl: Setting watchdog for 200 seconds at Sat Nov 30 06:20:20 UTC 2019
4 ms. Memory: 48128K Free: 25238K (52%)
ptolemy.util.test.WatchDog.cancel(): canceling Sat Nov 30 06:20:20 UTC 2019
------------------ testing $PTII/ptolemy/domains/de/test/auto/ResettableTimer1.xml
auto.tcl: Setting watchdog for 200 seconds at Sat Nov 30 06:20:20 UTC 2019
3 ms. Memory: 48128K Free: 30663K (64%)
ptolemy.util.test.WatchDog.cancel(): canceling Sat Nov 30 06:20:20 UTC 2019
auto.tcl: Setting watchdog for 200 seconds at Sat Nov 30 06:20:20 UTC 2019
2 ms. Memory: 48128K Free: 29793K (62%)
ptolemy.util.test.WatchDog.cancel(): canceling Sat Nov 30 06:20:20 UTC 2019
------------------ testing $PTII/ptolemy/domains/de/test/auto/ResettableTimer2.xml
auto.tcl: Setting watchdog for 200 seconds at Sat Nov 30 06:20:20 UTC 2019
3 ms. Memory: 48128K Free: 30479K (63%)
ptolemy.util.test.WatchDog.cancel(): canceling Sat Nov 30 06:20:20 UTC 2019
auto.tcl: Setting watchdog for 200 seconds at Sat Nov 30 06:20:20 UTC 2019
2 ms. Memory: 48128K Free: 29381K (61%)
ptolemy.util.test.WatchDog.cancel(): canceling Sat Nov 30 06:20:20 UTC 2019
------------------ testing $PTII/ptolemy/domains/de/test/auto/ResettableTimer3.xml
auto.tcl: Setting watchdog for 200 seconds at Sat Nov 30 06:20:20 UTC 2019
2 ms. Memory: 48128K Free: 30797K (64%)
ptolemy.util.test.WatchDog.cancel(): canceling Sat Nov 30 06:20:20 UTC 2019
auto.tcl: Setting watchdog for 200 seconds at Sat Nov 30 06:20:20 UTC 2019
1 ms. Memory: 48128K Free: 30317K (63%)
ptolemy.util.test.WatchDog.cancel(): canceling Sat Nov 30 06:20:20 UTC 2019
------------------ testing $PTII/ptolemy/domains/de/test/auto/ResettableTimer4.xml
auto.tcl: Setting watchdog for 200 seconds at Sat Nov 30 06:20:20 UTC 2019
1 ms. Memory: 48128K Free: 30370K (63%)
ptolemy.util.test.WatchDog.cancel(): canceling Sat Nov 30 06:20:20 UTC 2019
auto.tcl: Setting watchdog for 200 seconds at Sat Nov 30 06:20:20 UTC 2019
1 ms. Memory: 48128K Free: 29872K (62%)
ptolemy.util.test.WatchDog.cancel(): canceling Sat Nov 30 06:20:20 UTC 2019
------------------ testing $PTII/ptolemy/domains/de/test/auto/ResettableTimer5.xml
auto.tcl: Setting watchdog for 200 seconds at Sat Nov 30 06:20:20 UTC 2019
1 ms. Memory: 48128K Free: 29785K (62%)
ptolemy.util.test.WatchDog.cancel(): canceling Sat Nov 30 06:20:20 UTC 2019
auto.tcl: Setting watchdog for 200 seconds at Sat Nov 30 06:20:20 UTC 2019
1 ms. Memory: 48128K Free: 29305K (61%)
ptolemy.util.test.WatchDog.cancel(): canceling Sat Nov 30 06:20:20 UTC 2019
------------------ testing $PTII/ptolemy/domains/de/test/auto/ResettableTimer6.xml
auto.tcl: Setting watchdog for 200 seconds at Sat Nov 30 06:20:20 UTC 2019
2 ms. Memory: 48128K Free: 29791K (62%)
ptolemy.util.test.WatchDog.cancel(): canceling Sat Nov 30 06:20:20 UTC 2019
auto.tcl: Setting watchdog for 200 seconds at Sat Nov 30 06:20:20 UTC 2019
1 ms. Memory: 48128K Free: 29295K (61%)
ptolemy.util.test.WatchDog.cancel(): canceling Sat Nov 30 06:20:20 UTC 2019
------------------ testing $PTII/ptolemy/domains/de/test/auto/ServerZeroDelay.xml
auto.tcl: Setting watchdog for 200 seconds at Sat Nov 30 06:20:20 UTC 2019
4 ms. Memory: 48128K Free: 30311K (63%)
ptolemy.util.test.WatchDog.cancel(): canceling Sat Nov 30 06:20:20 UTC 2019
auto.tcl: Setting watchdog for 200 seconds at Sat Nov 30 06:20:20 UTC 2019
5 ms. Memory: 48128K Free: 29365K (61%)
ptolemy.util.test.WatchDog.cancel(): canceling Sat Nov 30 06:20:20 UTC 2019
------------------ testing $PTII/ptolemy/domains/de/test/auto/SmartSender.xml
auto.tcl: Setting watchdog for 200 seconds at Sat Nov 30 06:20:20 UTC 2019
3001 ms. Memory: 48128K Free: 30321K (63%)
ptolemy.util.test.WatchDog.cancel(): canceling Sat Nov 30 06:20:23 UTC 2019
auto.tcl: Setting watchdog for 200 seconds at Sat Nov 30 06:20:23 UTC 2019
3001 ms. Memory: 48128K Free: 29817K (62%)
ptolemy.util.test.WatchDog.cancel(): canceling Sat Nov 30 06:20:26 UTC 2019
------------------ testing $PTII/ptolemy/domains/de/test/auto/ThreadedComposite.xml
auto.tcl: Setting watchdog for 200 seconds at Sat Nov 30 06:20:26 UTC 2019
236 ms. Memory: 48128K Free: 9840K (20%)
ptolemy.util.test.WatchDog.cancel(): canceling Sat Nov 30 06:20:27 UTC 2019
auto.tcl: Setting watchdog for 200 seconds at Sat Nov 30 06:20:27 UTC 2019
151 ms. Memory: 48128K Free: 20790K (43%)
ptolemy.util.test.WatchDog.cancel(): canceling Sat Nov 30 06:20:27 UTC 2019
------------------ testing $PTII/ptolemy/domains/de/test/auto/Time.xml
auto.tcl: Setting watchdog for 200 seconds at Sat Nov 30 06:20:27 UTC 2019
551 ms. Memory: 48128K Free: 28042K (58%)
ptolemy.util.test.WatchDog.cancel(): canceling Sat Nov 30 06:20:27 UTC 2019
auto.tcl: Setting watchdog for 200 seconds at Sat Nov 30 06:20:27 UTC 2019
516 ms. Memory: 48128K Free: 25076K (52%)
ptolemy.util.test.WatchDog.cancel(): canceling Sat Nov 30 06:20:28 UTC 2019
------------------ testing $PTII/ptolemy/domains/de/test/auto/TimeDelayZeroDelay.xml
auto.tcl: Setting watchdog for 200 seconds at Sat Nov 30 06:20:28 UTC 2019
3 ms. Memory: 48128K Free: 30716K (64%)
ptolemy.util.test.WatchDog.cancel(): canceling Sat Nov 30 06:20:28 UTC 2019
auto.tcl: Setting watchdog for 200 seconds at Sat Nov 30 06:20:28 UTC 2019
2 ms. Memory: 48128K Free: 29859K (62%)
ptolemy.util.test.WatchDog.cancel(): canceling Sat Nov 30 06:20:28 UTC 2019
------------------ testing $PTII/ptolemy/domains/de/test/auto/TimerZeroDelay.xml
auto.tcl: Setting watchdog for 200 seconds at Sat Nov 30 06:20:28 UTC 2019
2 ms. Memory: 48128K Free: 30775K (64%)
ptolemy.util.test.WatchDog.cancel(): canceling Sat Nov 30 06:20:28 UTC 2019
auto.tcl: Setting watchdog for 200 seconds at Sat Nov 30 06:20:28 UTC 2019
2 ms. Memory: 48128K Free: 29902K (62%)
ptolemy.util.test.WatchDog.cancel(): canceling Sat Nov 30 06:20:28 UTC 2019
------------------ testing $PTII/ptolemy/domains/de/test/auto/TimingParadox.xml
auto.tcl: Setting watchdog for 200 seconds at Sat Nov 30 06:20:28 UTC 2019
405 ms. Memory: 48128K Free: 12326K (26%)
ptolemy.util.test.WatchDog.cancel(): canceling Sat Nov 30 06:20:29 UTC 2019
auto.tcl: Setting watchdog for 200 seconds at Sat Nov 30 06:20:29 UTC 2019
368 ms. Memory: 48128K Free: 24036K (50%)
ptolemy.util.test.WatchDog.cancel(): canceling Sat Nov 30 06:20:29 UTC 2019
------------------ testing $PTII/ptolemy/domains/de/test/auto/TransferInputs.xml
auto.tcl: Setting watchdog for 200 seconds at Sat Nov 30 06:20:29 UTC 2019
2 ms. Memory: 48128K Free: 28761K (60%)
ptolemy.util.test.WatchDog.cancel(): canceling Sat Nov 30 06:20:29 UTC 2019
auto.tcl: Setting watchdog for 200 seconds at Sat Nov 30 06:20:29 UTC 2019
1 ms. Memory: 48128K Free: 27906K (58%)
ptolemy.util.test.WatchDog.cancel(): canceling Sat Nov 30 06:20:29 UTC 2019
------------------ testing $PTII/ptolemy/domains/de/test/auto/TransferOutputs2.xml
auto.tcl: Setting watchdog for 200 seconds at Sat Nov 30 06:20:29 UTC 2019
2 ms. Memory: 48128K Free: 26189K (54%)
ptolemy.util.test.WatchDog.cancel(): canceling Sat Nov 30 06:20:29 UTC 2019
auto.tcl: Setting watchdog for 200 seconds at Sat Nov 30 06:20:29 UTC 2019
3 ms. Memory: 48128K Free: 24834K (52%)
ptolemy.util.test.WatchDog.cancel(): canceling Sat Nov 30 06:20:29 UTC 2019
------------------ testing $PTII/ptolemy/domains/de/test/auto/Trilateration.xml
auto.tcl: Setting watchdog for 200 seconds at Sat Nov 30 06:20:29 UTC 2019
14041 ms. Memory: 466944K Free: 298895K (64%)
ptolemy.util.test.WatchDog.cancel(): canceling Sat Nov 30 06:20:44 UTC 2019
auto.tcl: Setting watchdog for 200 seconds at Sat Nov 30 06:20:44 UTC 2019
11101 ms. Memory: 466944K Free: 412561K (88%)
ptolemy.util.test.WatchDog.cancel(): canceling Sat Nov 30 06:20:55 UTC 2019
------------------ testing $PTII/ptolemy/domains/de/test/auto/TwoSigmaDelta.xml
auto.tcl: Setting watchdog for 200 seconds at Sat Nov 30 06:20:56 UTC 2019
2812 ms. Memory: 89088K Free: 25386K (28%)
ptolemy.util.test.WatchDog.cancel(): canceling Sat Nov 30 06:20:58 UTC 2019
auto.tcl: Setting watchdog for 200 seconds at Sat Nov 30 06:20:58 UTC 2019
2124 ms. Memory: 89088K Free: 20239K (23%)
ptolemy.util.test.WatchDog.cancel(): canceling Sat Nov 30 06:21:01 UTC 2019
------------------ testing $PTII/ptolemy/domains/de/test/auto/VariableDelay.xml
auto.tcl: Setting watchdog for 200 seconds at Sat Nov 30 06:21:01 UTC 2019
3 ms. Memory: 51200K Free: 32295K (63%)
ptolemy.util.test.WatchDog.cancel(): canceling Sat Nov 30 06:21:01 UTC 2019
auto.tcl: Setting watchdog for 200 seconds at Sat Nov 30 06:21:01 UTC 2019
2 ms. Memory: 51200K Free: 31301K (61%)
ptolemy.util.test.WatchDog.cancel(): canceling Sat Nov 30 06:21:01 UTC 2019
------------------ testing $PTII/ptolemy/domains/de/test/auto/VariableDelay2.xml
auto.tcl: Setting watchdog for 200 seconds at Sat Nov 30 06:21:01 UTC 2019
2 ms. Memory: 51200K Free: 32710K (64%)
ptolemy.util.test.WatchDog.cancel(): canceling Sat Nov 30 06:21:01 UTC 2019
auto.tcl: Setting watchdog for 200 seconds at Sat Nov 30 06:21:01 UTC 2019
1 ms. Memory: 51200K Free: 32212K (63%)
ptolemy.util.test.WatchDog.cancel(): canceling Sat Nov 30 06:21:01 UTC 2019
------------------ testing $PTII/ptolemy/domains/de/test/auto/VariableDelayZeroDelay.xml
auto.tcl: Setting watchdog for 200 seconds at Sat Nov 30 06:21:01 UTC 2019
2 ms. Memory: 51200K Free: 33237K (65%)
ptolemy.util.test.WatchDog.cancel(): canceling Sat Nov 30 06:21:01 UTC 2019
auto.tcl: Setting watchdog for 200 seconds at Sat Nov 30 06:21:01 UTC 2019
2 ms. Memory: 51200K Free: 32693K (64%)
ptolemy.util.test.WatchDog.cancel(): canceling Sat Nov 30 06:21:01 UTC 2019
------------------ testing $PTII/ptolemy/domains/de/test/auto/VariableDelayZeroDelay2.xml
auto.tcl: Setting watchdog for 200 seconds at Sat Nov 30 06:21:01 UTC 2019
2 ms. Memory: 48128K Free: 30164K (63%)
ptolemy.util.test.WatchDog.cancel(): canceling Sat Nov 30 06:21:01 UTC 2019
auto.tcl: Setting watchdog for 200 seconds at Sat Nov 30 06:21:01 UTC 2019
2 ms. Memory: 48128K Free: 29184K (61%)
ptolemy.util.test.WatchDog.cancel(): canceling Sat Nov 30 06:21:01 UTC 2019
------------------ testing $PTII/ptolemy/domains/de/test/auto/deInCt.xml
auto.tcl: Setting watchdog for 200 seconds at Sat Nov 30 06:21:01 UTC 2019
0
1
1
1
1
0
0
0
1
1
1
0
0
0
0
0
1
1
1
1
0
0
0
0
1
1
1
1
0
0
0
0
15 ms. Memory: 48128K Free: 29137K (61%)
ptolemy.util.test.WatchDog.cancel(): canceling Sat Nov 30 06:21:01 UTC 2019
auto.tcl: Setting watchdog for 200 seconds at Sat Nov 30 06:21:01 UTC 2019
0
1
1
1
0
0
0
1
1
1
0
0
0
0
1
1
1
1
0
0
0
1
1
0
0
0
1
1
1
1
1
0
0
1
1
1
1
1
6 ms. Memory: 48128K Free: 27626K (57%)
ptolemy.util.test.WatchDog.cancel(): canceling Sat Nov 30 06:21:01 UTC 2019
------------------ testing $PTII/ptolemy/domains/de/test/auto/deInCt2.xml
auto.tcl: Setting watchdog for 200 seconds at Sat Nov 30 06:21:01 UTC 2019
0
1
1
1
0
0
1
1
1
0
0
1
1
1
0
0
1
1
1
0
0
1
1
1
0
0
1
1
1
0
0
1
1
1
0
0
1
1
1
0
0
0
9 ms. Memory: 48128K Free: 29140K (61%)
ptolemy.util.test.WatchDog.cancel(): canceling Sat Nov 30 06:21:01 UTC 2019
auto.tcl: Setting watchdog for 200 seconds at Sat Nov 30 06:21:01 UTC 2019
0
1
1
1
0
0
1
1
1
0
0
1
1
1
0
0
1
1
1
0
0
1
1
1
0
0
1
1
1
0
0
1
1
1
0
0
1
1
1
0
0
0
9 ms. Memory: 48128K Free: 27646K (57%)
ptolemy.util.test.WatchDog.cancel(): canceling Sat Nov 30 06:21:01 UTC 2019
------------------ testing $PTII/ptolemy/domains/de/test/auto/dynamicCausalityInterface1.xml
auto.tcl: Setting watchdog for 200 seconds at Sat Nov 30 06:21:01 UTC 2019
5 ms. Memory: 48128K Free: 24433K (51%)
ptolemy.util.test.WatchDog.cancel(): canceling Sat Nov 30 06:21:01 UTC 2019
auto.tcl: Setting watchdog for 200 seconds at Sat Nov 30 06:21:01 UTC 2019
1 ms. Memory: 48128K Free: 24014K (50%)
ptolemy.util.test.WatchDog.cancel(): canceling Sat Nov 30 06:21:01 UTC 2019
------------------ testing $PTII/ptolemy/domains/de/test/auto/fsm_de_test.xml
auto.tcl: Setting watchdog for 200 seconds at Sat Nov 30 06:21:01 UTC 2019
11 ms. Memory: 48128K Free: 24936K (52%)
ptolemy.util.test.WatchDog.cancel(): canceling Sat Nov 30 06:21:01 UTC 2019
auto.tcl: Setting watchdog for 200 seconds at Sat Nov 30 06:21:01 UTC 2019
8 ms. Memory: 48128K Free: 22888K (48%)
ptolemy.util.test.WatchDog.cancel(): canceling Sat Nov 30 06:21:01 UTC 2019
------------------ testing $PTII/ptolemy/domains/de/test/auto/functionDependencyReconstruction.xml
auto.tcl: Setting watchdog for 200 seconds at Sat Nov 30 06:21:01 UTC 2019
4 ms. Memory: 48128K Free: 18878K (39%)
ptolemy.util.test.WatchDog.cancel(): canceling Sat Nov 30 06:21:01 UTC 2019
auto.tcl: Setting watchdog for 200 seconds at Sat Nov 30 06:21:01 UTC 2019
3 ms. Memory: 48128K Free: 16785K (35%)
ptolemy.util.test.WatchDog.cancel(): canceling Sat Nov 30 06:21:01 UTC 2019
------------------ testing $PTII/ptolemy/domains/de/test/auto/multirate.xml
auto.tcl: Setting watchdog for 200 seconds at Sat Nov 30 06:21:01 UTC 2019
7 ms. Memory: 48128K Free: 27019K (56%)
ptolemy.util.test.WatchDog.cancel(): canceling Sat Nov 30 06:21:02 UTC 2019
auto.tcl: Setting watchdog for 200 seconds at Sat Nov 30 06:21:02 UTC 2019
3 ms. Memory: 48128K Free: 25898K (54%)
ptolemy.util.test.WatchDog.cancel(): canceling Sat Nov 30 06:21:02 UTC 2019
------------------ testing $PTII/ptolemy/domains/de/test/auto/multirate2.xml
auto.tcl: Setting watchdog for 200 seconds at Sat Nov 30 06:21:02 UTC 2019
4 ms. Memory: 48128K Free: 27762K (58%)
ptolemy.util.test.WatchDog.cancel(): canceling Sat Nov 30 06:21:02 UTC 2019
auto.tcl: Setting watchdog for 200 seconds at Sat Nov 30 06:21:02 UTC 2019
6 ms. Memory: 48128K Free: 26091K (54%)
ptolemy.util.test.WatchDog.cancel(): canceling Sat Nov 30 06:21:02 UTC 2019
------------------ testing $PTII/ptolemy/domains/de/test/auto/realtime.xml
auto.tcl: Setting watchdog for 200 seconds at Sat Nov 30 06:21:02 UTC 2019
10001 ms. Memory: 48128K Free: 29825K (62%)
ptolemy.util.test.WatchDog.cancel(): canceling Sat Nov 30 06:21:12 UTC 2019
auto.tcl: Setting watchdog for 200 seconds at Sat Nov 30 06:21:12 UTC 2019
10002 ms. Memory: 48128K Free: 29084K (60%)
ptolemy.util.test.WatchDog.cancel(): canceling Sat Nov 30 06:21:22 UTC 2019
------------------ testing $PTII/ptolemy/domains/de/test/auto/relationGroup.xml
auto.tcl: Setting watchdog for 200 seconds at Sat Nov 30 06:21:22 UTC 2019
2 ms. Memory: 48128K Free: 30874K (64%)
ptolemy.util.test.WatchDog.cancel(): canceling Sat Nov 30 06:21:22 UTC 2019
auto.tcl: Setting watchdog for 200 seconds at Sat Nov 30 06:21:22 UTC 2019
2 ms. Memory: 48128K Free: 30165K (63%)
ptolemy.util.test.WatchDog.cancel(): canceling Sat Nov 30 06:21:22 UTC 2019
------------------ testing $PTII/ptolemy/domains/de/test/auto/relationGroup2.xml
auto.tcl: Setting watchdog for 200 seconds at Sat Nov 30 06:21:22 UTC 2019
2 ms. Memory: 48128K Free: 30924K (64%)
ptolemy.util.test.WatchDog.cancel(): canceling Sat Nov 30 06:21:22 UTC 2019
auto.tcl: Setting watchdog for 200 seconds at Sat Nov 30 06:21:22 UTC 2019
2 ms. Memory: 48128K Free: 30420K (63%)
ptolemy.util.test.WatchDog.cancel(): canceling Sat Nov 30 06:21:22 UTC 2019
------------------ testing $PTII/ptolemy/domains/de/test/auto/sortWithOpaquePorts.xml
auto.tcl: Setting watchdog for 200 seconds at Sat Nov 30 06:21:22 UTC 2019
2 ms. Memory: 48128K Free: 29677K (62%)
ptolemy.util.test.WatchDog.cancel(): canceling Sat Nov 30 06:21:22 UTC 2019
auto.tcl: Setting watchdog for 200 seconds at Sat Nov 30 06:21:22 UTC 2019
3 ms. Memory: 48128K Free: 28208K (59%)
ptolemy.util.test.WatchDog.cancel(): canceling Sat Nov 30 06:21:22 UTC 2019
------------------ testing $PTII/ptolemy/domains/de/test/auto/transferInputsandOutputs.xml
auto.tcl: Setting watchdog for 200 seconds at Sat Nov 30 06:21:22 UTC 2019
7 ms. Memory: 48128K Free: 27106K (56%)
ptolemy.util.test.WatchDog.cancel(): canceling Sat Nov 30 06:21:22 UTC 2019
auto.tcl: Setting watchdog for 200 seconds at Sat Nov 30 06:21:22 UTC 2019
3 ms. Memory: 48128K Free: 26147K (54%)
ptolemy.util.test.WatchDog.cancel(): canceling Sat Nov 30 06:21:22 UTC 2019
------------------ testing $PTII/ptolemy/domains/de/test/auto/triggerType.xml
auto.tcl: Setting watchdog for 200 seconds at Sat Nov 30 06:21:22 UTC 2019
2 ms. Memory: 48128K Free: 30131K (63%)
ptolemy.util.test.WatchDog.cancel(): canceling Sat Nov 30 06:21:22 UTC 2019
auto.tcl: Setting watchdog for 200 seconds at Sat Nov 30 06:21:22 UTC 2019
5 ms. Memory: 48128K Free: 29165K (61%)
ptolemy.util.test.WatchDog.cancel(): canceling Sat Nov 30 06:21:22 UTC 2019
11/30/19 06:21:22
Failed: 0  Total Tests: 192  ((Passed: 187, Newly Passed: 1)  Known Failed: 5) /home/travis/build/icyphy/ptII/ptolemy/domains/de/test
11/30/19 06:21:22
Failed: 0  Total Tests: 192  ((Passed: 187, Newly Passed: 1)  Known Failed: 5) /home/travis/build/icyphy/ptII/ptolemy/domains/de/test
----------------- testing (KnownFailure) /home/travis/build/icyphy/ptII/ptolemy/domains/de/test/auto/knownFailedTests/DESDFClockTest.xml
2012 ms. Memory: 48128K Free: 23016K (48%)
Known Failure: java.lang.reflect.InvocationTargetException
----------------- testing (KnownFailure) /home/travis/build/icyphy/ptII/ptolemy/domains/de/test/auto/knownFailedTests/DirectFeedback.xml
1 ms. Memory: 48128K Free: 18920K (39%)
Known Failure: java.lang.reflect.InvocationTargetException
----------------- testing (KnownFailure) /home/travis/build/icyphy/ptII/ptolemy/domains/de/test/auto/knownFailedTests/FSMSource.xml
16 ms. Memory: 48128K Free: 11752K (24%)
----------------- testing (KnownFailure) /home/travis/build/icyphy/ptII/ptolemy/domains/de/test/auto/knownFailedTests/HierarchicalModel.xml
4 ms. Memory: 48128K Free: 21824K (45%)
Known Failure: java.lang.reflect.InvocationTargetException
----------------- testing (KnownFailure) /home/travis/build/icyphy/ptII/ptolemy/domains/de/test/auto/knownFailedTests/dependencyLoop.xml
10 ms. Memory: 48128K Free: 32511K (68%)
Known Failure: java.lang.reflect.InvocationTargetException
----------------- testing (KnownFailure) /home/travis/build/icyphy/ptII/ptolemy/domains/de/test/auto/knownFailedTests/dependencyLoop2.xml
8 ms. Memory: 48128K Free: 17291K (36%)
Known Failure: java.lang.reflect.InvocationTargetException
No auto/linux-amd64/*.xml tests in /home/travis/build/icyphy/ptII/ptolemy/domains/de/test
AutoTests.java: About to close Vertx.
AutoTests.java: Vertx closed.

===========================================================================================
----------------- testing Sat Nov 30 06:21:24 UTC 2019 /home/travis/build/icyphy/ptII/ptolemy/domains/de/test/auto/ActorDepthCalculation_actorWithoutPorts.xml
----------------- Instantiating /home/travis/build/icyphy/ptII/ptolemy/domains/de/test/auto/ActorDepthCalculation_actorWithoutPorts.xml
2 ms. Memory: 48128K Free: 10888K (23%)
----------------- Invoking toplevel() on ptolemy.moml.MoMLSimpleApplication@40bff221
----------------- Done invoking toplevel() on ptolemy.moml.MoMLSimpleApplication@40bff221
reloadAllAccessors: .ActorDepthCalculation_actorWithoutPorts

===========================================================================================
----------------- testing Sat Nov 30 06:21:24 UTC 2019 /home/travis/build/icyphy/ptII/ptolemy/domains/de/test/auto/AssemblyLine.xml
----------------- Instantiating /home/travis/build/icyphy/ptII/ptolemy/domains/de/test/auto/AssemblyLine.xml
5 ms. Memory: 48128K Free: 29401K (61%)
----------------- Invoking toplevel() on ptolemy.moml.MoMLSimpleApplication@5bf88bff
----------------- Done invoking toplevel() on ptolemy.moml.MoMLSimpleApplication@5bf88bff
reloadAllAccessors: .AssemblyLine

===========================================================================================
----------------- testing Sat Nov 30 06:21:25 UTC 2019 /home/travis/build/icyphy/ptII/ptolemy/domains/de/test/auto/CQBug1.xml
----------------- Instantiating /home/travis/build/icyphy/ptII/ptolemy/domains/de/test/auto/CQBug1.xml
1 ms. Memory: 48128K Free: 26469K (55%)
----------------- Invoking toplevel() on ptolemy.moml.MoMLSimpleApplication@362f9479
----------------- Done invoking toplevel() on ptolemy.moml.MoMLSimpleApplication@362f9479
reloadAllAccessors: .CQBug1

===========================================================================================
----------------- testing Sat Nov 30 06:21:25 UTC 2019 /home/travis/build/icyphy/ptII/ptolemy/domains/de/test/auto/CancelFireAt.xml
----------------- Instantiating /home/travis/build/icyphy/ptII/ptolemy/domains/de/test/auto/CancelFireAt.xml
1 ms. Memory: 48128K Free: 24265K (50%)
----------------- Invoking toplevel() on ptolemy.moml.MoMLSimpleApplication@3bc8f011
----------------- Done invoking toplevel() on ptolemy.moml.MoMLSimpleApplication@3bc8f011
reloadAllAccessors: .CancelFireAt

===========================================================================================
----------------- testing Sat Nov 30 06:21:25 UTC 2019 /home/travis/build/icyphy/ptII/ptolemy/domains/de/test/auto/CausalityAndComposabilityAnalysis.xml
----------------- Instantiating /home/travis/build/icyphy/ptII/ptolemy/domains/de/test/auto/CausalityAndComposabilityAnalysis.xml
8 ms. Memory: 48128K Free: 20155K (42%)
----------------- Invoking toplevel() on ptolemy.moml.MoMLSimpleApplication@14ee566c
----------------- Done invoking toplevel() on ptolemy.moml.MoMLSimpleApplication@14ee566c
reloadAllAccessors: .CausalityAndComposabilityAnalysis

===========================================================================================
----------------- testing Sat Nov 30 06:21:25 UTC 2019 /home/travis/build/icyphy/ptII/ptolemy/domains/de/test/auto/CausalityInterface1.xml
----------------- Instantiating /home/travis/build/icyphy/ptII/ptolemy/domains/de/test/auto/CausalityInterface1.xml
6 ms. Memory: 48128K Free: 15065K (31%)
----------------- Invoking toplevel() on ptolemy.moml.MoMLSimpleApplication@67fb2f2
----------------- Done invoking toplevel() on ptolemy.moml.MoMLSimpleApplication@67fb2f2
reloadAllAccessors: .CausalityInterface1

===========================================================================================
----------------- testing Sat Nov 30 06:21:25 UTC 2019 /home/travis/build/icyphy/ptII/ptolemy/domains/de/test/auto/CausalityInterface15.xml
----------------- Instantiating /home/travis/build/icyphy/ptII/ptolemy/domains/de/test/auto/CausalityInterface15.xml
1 ms. Memory: 48128K Free: 9672K (20%)
----------------- Invoking toplevel() on ptolemy.moml.MoMLSimpleApplication@5da45f40
----------------- Done invoking toplevel() on ptolemy.moml.MoMLSimpleApplication@5da45f40
reloadAllAccessors: .CausalityInterface15

===========================================================================================
----------------- testing Sat Nov 30 06:21:25 UTC 2019 /home/travis/build/icyphy/ptII/ptolemy/domains/de/test/auto/CausalityInterface2.xml
----------------- Instantiating /home/travis/build/icyphy/ptII/ptolemy/domains/de/test/auto/CausalityInterface2.xml
1 ms. Memory: 48128K Free: 30845K (64%)
[...]
	at ptolemy.actor.Manager.run(Manager.java:1263)
	at ptolemy.actor.Manager$PtolemyRunThread.run(Manager.java:1933)
java.lang.RuntimeException: Execution failed
	at ptolemy.moml.MoMLSimpleApplication$UnloadThread.run(MoMLSimpleApplication.java:402)
Caused by: ptolemy.kernel.util.IllegalActionException: Actor is not ready to fire.  Perhaps UpSample.prefire() returned false? Try debugging the actor by selecting "Listen to Actor".  Also, for SDF check moml for tokenConsumptionRate on input.
  in .DESDFClockTest.Play Bell.Copy1:SDF Director and .DESDFClockTest.Play Bell.UpSample
	at ptolemy.actor.sched.StaticSchedulingDirector.fire(StaticSchedulingDirector.java:227)
	at ptolemy.domains.sdf.kernel.SDFDirector.fire(SDFDirector.java:500)
	at ptolemy.actor.CompositeActor.fire(CompositeActor.java:455)
	at ptolemy.domains.de.kernel.DEDirector._fire(DEDirector.java:1949)
	at ptolemy.domains.de.kernel.DEDirector.fire(DEDirector.java:502)
	at ptolemy.actor.CompositeActor.fire(CompositeActor.java:455)
	at ptolemy.actor.Manager.iterate(Manager.java:851)
	at ptolemy.actor.Manager.execute(Manager.java:369)
	at ptolemy.actor.Manager.run(Manager.java:1263)
	at ptolemy.actor.Manager$PtolemyRunThread.run(Manager.java:1933)
java.lang.reflect.InvocationTargetException
	at java.base/jdk.internal.reflect.NativeConstructorAccessorImpl.newInstance0(Native Method)
	at java.base/jdk.internal.reflect.NativeConstructorAccessorImpl.newInstance(NativeConstructorAccessorImpl.java:62)
	at java.base/jdk.internal.reflect.DelegatingConstructorAccessorImpl.newInstance(DelegatingConstructorAccessorImpl.java:45)
	at java.base/java.lang.reflect.Constructor.newInstance(Constructor.java:490)
	at ptolemy.util.test.junit.AutoKnownFailedTests.RunModel(AutoKnownFailedTests.java:105)
	at java.base/jdk.internal.reflect.NativeMethodAccessorImpl.invoke0(Native Method)
	at java.base/jdk.internal.reflect.NativeMethodAccessorImpl.invoke(NativeMethodAccessorImpl.java:62)
	at java.base/jdk.internal.reflect.DelegatingMethodAccessorImpl.invoke(DelegatingMethodAccessorImpl.java:43)
	at java.base/java.lang.reflect.Method.invoke(Method.java:566)
	at org.junit.runners.model.FrameworkMethod$1.runReflectiveCall(FrameworkMethod.java:44)
	at org.junit.internal.runners.model.ReflectiveCallable.run(ReflectiveCallable.java:15)
	at org.junit.runners.model.FrameworkMethod.invokeExplosively(FrameworkMethod.java:41)
	at junitparams.internal.InvokeParameterisedMethod.evaluate(InvokeParameterisedMethod.java:102)
	at org.junit.internal.runners.statements.FailOnTimeout$1.run(FailOnTimeout.java:28)
Caused by: ptolemy.kernel.util.IllegalActionException: Actor is not ready to fire.  Perhaps UpSample.prefire() returned false? Try debugging the actor by selecting "Listen to Actor".  Also, for SDF check moml for tokenConsumptionRate on input.
  in .DESDFClockTest.Play Bell.Copy1:SDF Director and .DESDFClockTest.Play Bell.UpSample
	at ptolemy.actor.sched.StaticSchedulingDirector.fire(StaticSchedulingDirector.java:227)
	at ptolemy.domains.sdf.kernel.SDFDirector.fire(SDFDirector.java:500)
	at ptolemy.actor.CompositeActor.fire(CompositeActor.java:455)
	at ptolemy.domains.de.kernel.DEDirector._fire(DEDirector.java:1949)
	at ptolemy.domains.de.kernel.DEDirector.fire(DEDirector.java:502)
	at ptolemy.actor.CompositeActor.fire(CompositeActor.java:455)
	at ptolemy.actor.Manager.iterate(Manager.java:851)
	at ptolemy.actor.Manager.execute(Manager.java:369)
	at ptolemy.actor.Manager.run(Manager.java:1263)
	at ptolemy.actor.Manager$PtolemyRunThread.run(Manager.java:1933)
java.lang.RuntimeException: Execution failed
	at ptolemy.moml.MoMLSimpleApplication$UnloadThread.run(MoMLSimpleApplication.java:402)
Caused by: ptolemy.kernel.util.IllegalActionException: Test fails in iteration 1.
Value was: 1.0. Should have been: 2.0
  in .DirectFeedback.Test
	at ptolemy.actor.lib.Test.fire(Test.java:268)
	at ptolemy.domains.de.kernel.DEDirector._fire(DEDirector.java:1949)
	at ptolemy.domains.de.kernel.DEDirector.fire(DEDirector.java:502)
	at ptolemy.actor.CompositeActor.fire(CompositeActor.java:455)
	at ptolemy.actor.Manager.iterate(Manager.java:851)
	at ptolemy.actor.Manager.execute(Manager.java:369)
	at ptolemy.actor.Manager.run(Manager.java:1263)
	at ptolemy.actor.Manager$PtolemyRunThread.run(Manager.java:1933)
java.lang.reflect.InvocationTargetException
	at java.base/jdk.internal.reflect.NativeConstructorAccessorImpl.newInstance0(Native Method)
	at java.base/jdk.internal.reflect.NativeConstructorAccessorImpl.newInstance(NativeConstructorAccessorImpl.java:62)
	at java.base/jdk.internal.reflect.DelegatingConstructorAccessorImpl.newInstance(DelegatingConstructorAccessorImpl.java:45)
	at java.base/java.lang.reflect.Constructor.newInstance(Constructor.java:490)
	at ptolemy.util.test.junit.AutoKnownFailedTests.RunModel(AutoKnownFailedTests.java:105)
	at java.base/jdk.internal.reflect.NativeMethodAccessorImpl.invoke0(Native Method)
	at java.base/jdk.internal.reflect.NativeMethodAccessorImpl.invoke(NativeMethodAccessorImpl.java:62)
	at java.base/jdk.internal.reflect.DelegatingMethodAccessorImpl.invoke(DelegatingMethodAccessorImpl.java:43)
	at java.base/java.lang.reflect.Method.invoke(Method.java:566)
	at org.junit.runners.model.FrameworkMethod$1.runReflectiveCall(FrameworkMethod.java:44)
	at org.junit.internal.runners.model.ReflectiveCallable.run(ReflectiveCallable.java:15)
	at org.junit.runners.model.FrameworkMethod.invokeExplosively(FrameworkMethod.java:41)
	at junitparams.internal.InvokeParameterisedMethod.evaluate(InvokeParameterisedMethod.java:102)
	at org.junit.internal.runners.statements.FailOnTimeout$1.run(FailOnTimeout.java:28)
Caused by: ptolemy.kernel.util.IllegalActionException: Test fails in iteration 1.
Value was: 1.0. Should have been: 2.0
  in .DirectFeedback.Test
	at ptolemy.actor.lib.Test.fire(Test.java:268)
	at ptolemy.domains.de.kernel.DEDirector._fire(DEDirector.java:1949)
	at ptolemy.domains.de.kernel.DEDirector.fire(DEDirector.java:502)
	at ptolemy.actor.CompositeActor.fire(CompositeActor.java:455)
	at ptolemy.actor.Manager.iterate(Manager.java:851)
	at ptolemy.actor.Manager.execute(Manager.java:369)
	at ptolemy.actor.Manager.run(Manager.java:1263)
	at ptolemy.actor.Manager$PtolemyRunThread.run(Manager.java:1933)
java.lang.RuntimeException: Execution failed
	at ptolemy.moml.MoMLSimpleApplication$UnloadThread.run(MoMLSimpleApplication.java:402)
Caused by: ptolemy.kernel.util.IllegalActionException: Found a zero delay loop containing .HierarchicalModel.A
  in .HierarchicalModel and .HierarchicalModel.A
	at ptolemy.actor.util.CausalityInterfaceForComposites._computeOutputPortDepth(CausalityInterfaceForComposites.java:759)
	at ptolemy.actor.util.CausalityInterfaceForComposites._computeInputDepth(CausalityInterfaceForComposites.java:696)
	at ptolemy.actor.util.CausalityInterfaceForComposites._computeOutputPortDepth(CausalityInterfaceForComposites.java:765)
	at ptolemy.actor.util.CausalityInterfaceForComposites._computeInputDepth(CausalityInterfaceForComposites.java:696)
	at ptolemy.actor.util.CausalityInterfaceForComposites._computeOutputPortDepth(CausalityInterfaceForComposites.java:765)
	at ptolemy.actor.util.CausalityInterfaceForComposites._computeInputDepth(CausalityInterfaceForComposites.java:696)
	at ptolemy.actor.util.CausalityInterfaceForComposites._computeActorDepth(CausalityInterfaceForComposites.java:532)
	at ptolemy.actor.util.CausalityInterfaceForComposites.checkForCycles(CausalityInterfaceForComposites.java:96)
	at ptolemy.domains.de.kernel.DEDirector.preinitialize(DEDirector.java:1338)
	at ptolemy.actor.CompositeActor.preinitialize(CompositeActor.java:1828)
	at ptolemy.actor.Manager.preinitializeAndResolveTypes(Manager.java:1040)
	at ptolemy.actor.Manager.initialize(Manager.java:710)
	at ptolemy.actor.Manager.execute(Manager.java:356)
	at ptolemy.actor.Manager.run(Manager.java:1263)
	at ptolemy.actor.Manager$PtolemyRunThread.run(Manager.java:1933)
java.lang.reflect.InvocationTargetException
	at java.base/jdk.internal.reflect.NativeConstructorAccessorImpl.newInstance0(Native Method)
	at java.base/jdk.internal.reflect.NativeConstructorAccessorImpl.newInstance(NativeConstructorAccessorImpl.java:62)
	at java.base/jdk.internal.reflect.DelegatingConstructorAccessorImpl.newInstance(DelegatingConstructorAccessorImpl.java:45)
	at java.base/java.lang.reflect.Constructor.newInstance(Constructor.java:490)
	at ptolemy.util.test.junit.AutoKnownFailedTests.RunModel(AutoKnownFailedTests.java:105)
	at java.base/jdk.internal.reflect.NativeMethodAccessorImpl.invoke0(Native Method)
	at java.base/jdk.internal.reflect.NativeMethodAccessorImpl.invoke(NativeMethodAccessorImpl.java:62)
	at java.base/jdk.internal.reflect.DelegatingMethodAccessorImpl.invoke(DelegatingMethodAccessorImpl.java:43)
	at java.base/java.lang.reflect.Method.invoke(Method.java:566)
	at org.junit.runners.model.FrameworkMethod$1.runReflectiveCall(FrameworkMethod.java:44)
	at org.junit.internal.runners.model.ReflectiveCallable.run(ReflectiveCallable.java:15)
	at org.junit.runners.model.FrameworkMethod.invokeExplosively(FrameworkMethod.java:41)
	at junitparams.internal.InvokeParameterisedMethod.evaluate(InvokeParameterisedMethod.java:102)
	at org.junit.internal.runners.statements.FailOnTimeout$1.run(FailOnTimeout.java:28)
Caused by: ptolemy.kernel.util.IllegalActionException: Found a zero delay loop containing .HierarchicalModel.A
  in .HierarchicalModel and .HierarchicalModel.A
	at ptolemy.actor.util.CausalityInterfaceForComposites._computeOutputPortDepth(CausalityInterfaceForComposites.java:759)
	at ptolemy.actor.util.CausalityInterfaceForComposites._computeInputDepth(CausalityInterfaceForComposites.java:696)
	at ptolemy.actor.util.CausalityInterfaceForComposites._computeOutputPortDepth(CausalityInterfaceForComposites.java:765)
	at ptolemy.actor.util.CausalityInterfaceForComposites._computeInputDepth(CausalityInterfaceForComposites.java:696)
	at ptolemy.actor.util.CausalityInterfaceForComposites._computeOutputPortDepth(CausalityInterfaceForComposites.java:765)
	at ptolemy.actor.util.CausalityInterfaceForComposites._computeInputDepth(CausalityInterfaceForComposites.java:696)
	at ptolemy.actor.util.CausalityInterfaceForComposites._computeActorDepth(CausalityInterfaceForComposites.java:532)
	at ptolemy.actor.util.CausalityInterfaceForComposites.checkForCycles(CausalityInterfaceForComposites.java:96)
	at ptolemy.domains.de.kernel.DEDirector.preinitialize(DEDirector.java:1338)
	at ptolemy.actor.CompositeActor.preinitialize(CompositeActor.java:1828)
	at ptolemy.actor.Manager.preinitializeAndResolveTypes(Manager.java:1040)
	at ptolemy.actor.Manager.initialize(Manager.java:710)
	at ptolemy.actor.Manager.execute(Manager.java:356)
	at ptolemy.actor.Manager.run(Manager.java:1263)
	at ptolemy.actor.Manager$PtolemyRunThread.run(Manager.java:1933)
java.lang.RuntimeException: Execution failed
	at ptolemy.moml.MoMLSimpleApplication$UnloadThread.run(MoMLSimpleApplication.java:402)
Caused by: ptolemy.kernel.util.IllegalActionException: Found a zero delay loop containing .dependencyLoop.original
  in .dependencyLoop and .dependencyLoop.original
	at ptolemy.actor.util.CausalityInterfaceForComposites._computeOutputPortDepth(CausalityInterfaceForComposites.java:759)
	at ptolemy.actor.util.CausalityInterfaceForComposites._computeInputDepth(CausalityInterfaceForComposites.java:696)
	at ptolemy.actor.util.CausalityInterfaceForComposites._computeOutputPortDepth(CausalityInterfaceForComposites.java:765)
	at ptolemy.actor.util.CausalityInterfaceForComposites._computeInputDepth(CausalityInterfaceForComposites.java:696)
	at ptolemy.actor.util.CausalityInterfaceForComposites._computeOutputPortDepth(CausalityInterfaceForComposites.java:765)
	at ptolemy.actor.util.CausalityInterfaceForComposites._computeInputDepth(CausalityInterfaceForComposites.java:696)
	at ptolemy.actor.util.CausalityInterfaceForComposites._computeActorDepth(CausalityInterfaceForComposites.java:532)
	at ptolemy.actor.util.CausalityInterfaceForComposites.checkForCycles(CausalityInterfaceForComposites.java:96)
	at ptolemy.domains.de.kernel.DEDirector.preinitialize(DEDirector.java:1338)
	at ptolemy.actor.CompositeActor.preinitialize(CompositeActor.java:1828)
	at ptolemy.actor.Manager.preinitializeAndResolveTypes(Manager.java:1040)
	at ptolemy.actor.Manager.initialize(Manager.java:710)
	at ptolemy.actor.Manager.execute(Manager.java:356)
	at ptolemy.actor.Manager.run(Manager.java:1263)
	at ptolemy.actor.Manager$PtolemyRunThread.run(Manager.java:1933)
java.lang.reflect.InvocationTargetException
	at java.base/jdk.internal.reflect.NativeConstructorAccessorImpl.newInstance0(Native Method)
	at java.base/jdk.internal.reflect.NativeConstructorAccessorImpl.newInstance(NativeConstructorAccessorImpl.java:62)
	at java.base/jdk.internal.reflect.DelegatingConstructorAccessorImpl.newInstance(DelegatingConstructorAccessorImpl.java:45)
	at java.base/java.lang.reflect.Constructor.newInstance(Constructor.java:490)
	at ptolemy.util.test.junit.AutoKnownFailedTests.RunModel(AutoKnownFailedTests.java:105)
	at java.base/jdk.internal.reflect.NativeMethodAccessorImpl.invoke0(Native Method)
	at java.base/jdk.internal.reflect.NativeMethodAccessorImpl.invoke(NativeMethodAccessorImpl.java:62)
	at java.base/jdk.internal.reflect.DelegatingMethodAccessorImpl.invoke(DelegatingMethodAccessorImpl.java:43)
	at java.base/java.lang.reflect.Method.invoke(Method.java:566)
	at org.junit.runners.model.FrameworkMethod$1.runReflectiveCall(FrameworkMethod.java:44)
	at org.junit.internal.runners.model.ReflectiveCallable.run(ReflectiveCallable.java:15)
	at org.junit.runners.model.FrameworkMethod.invokeExplosively(FrameworkMethod.java:41)
	at junitparams.internal.InvokeParameterisedMethod.evaluate(InvokeParameterisedMethod.java:102)
	at org.junit.internal.runners.statements.FailOnTimeout$1.run(FailOnTimeout.java:28)
Caused by: ptolemy.kernel.util.IllegalActionException: Found a zero delay loop containing .dependencyLoop.original
  in .dependencyLoop and .dependencyLoop.original
	at ptolemy.actor.util.CausalityInterfaceForComposites._computeOutputPortDepth(CausalityInterfaceForComposites.java:759)
	at ptolemy.actor.util.CausalityInterfaceForComposites._computeInputDepth(CausalityInterfaceForComposites.java:696)
	at ptolemy.actor.util.CausalityInterfaceForComposites._computeOutputPortDepth(CausalityInterfaceForComposites.java:765)
	at ptolemy.actor.util.CausalityInterfaceForComposites._computeInputDepth(CausalityInterfaceForComposites.java:696)
	at ptolemy.actor.util.CausalityInterfaceForComposites._computeOutputPortDepth(CausalityInterfaceForComposites.java:765)
	at ptolemy.actor.util.CausalityInterfaceForComposites._computeInputDepth(CausalityInterfaceForComposites.java:696)
	at ptolemy.actor.util.CausalityInterfaceForComposites._computeActorDepth(CausalityInterfaceForComposites.java:532)
	at ptolemy.actor.util.CausalityInterfaceForComposites.checkForCycles(CausalityInterfaceForComposites.java:96)
	at ptolemy.domains.de.kernel.DEDirector.preinitialize(DEDirector.java:1338)
	at ptolemy.actor.CompositeActor.preinitialize(CompositeActor.java:1828)
	at ptolemy.actor.Manager.preinitializeAndResolveTypes(Manager.java:1040)
	at ptolemy.actor.Manager.initialize(Manager.java:710)
	at ptolemy.actor.Manager.execute(Manager.java:356)
	at ptolemy.actor.Manager.run(Manager.java:1263)
	at ptolemy.actor.Manager$PtolemyRunThread.run(Manager.java:1933)
java.lang.RuntimeException: Execution failed
	at ptolemy.moml.MoMLSimpleApplication$UnloadThread.run(MoMLSimpleApplication.java:402)
Caused by: ptolemy.kernel.util.IllegalActionException: Found a zero delay loop containing .dependencyLoop2.original
  in .dependencyLoop2 and .dependencyLoop2.original
	at ptolemy.actor.util.CausalityInterfaceForComposites._computeOutputPortDepth(CausalityInterfaceForComposites.java:759)
	at ptolemy.actor.util.CausalityInterfaceForComposites._computeInputDepth(CausalityInterfaceForComposites.java:696)
	at ptolemy.actor.util.CausalityInterfaceForComposites._computeOutputPortDepth(CausalityInterfaceForComposites.java:765)
	at ptolemy.actor.util.CausalityInterfaceForComposites._computeInputDepth(CausalityInterfaceForComposites.java:696)
	at ptolemy.actor.util.CausalityInterfaceForComposites._computeOutputPortDepth(CausalityInterfaceForComposites.java:765)
	at ptolemy.actor.util.CausalityInterfaceForComposites._computeInputDepth(CausalityInterfaceForComposites.java:696)
	at ptolemy.actor.util.CausalityInterfaceForComposites._computeActorDepth(CausalityInterfaceForComposites.java:532)
	at ptolemy.actor.util.CausalityInterfaceForComposites.checkForCycles(CausalityInterfaceForComposites.java:96)
	at ptolemy.domains.de.kernel.DEDirector.preinitialize(DEDirector.java:1338)
	at ptolemy.actor.CompositeActor.preinitialize(CompositeActor.java:1828)
	at ptolemy.actor.Manager.preinitializeAndResolveTypes(Manager.java:1040)
	at ptolemy.actor.Manager.initialize(Manager.java:710)
	at ptolemy.actor.Manager.execute(Manager.java:356)
	at ptolemy.actor.Manager.run(Manager.java:1263)
	at ptolemy.actor.Manager$PtolemyRunThread.run(Manager.java:1933)
java.lang.reflect.InvocationTargetException
	at java.base/jdk.internal.reflect.NativeConstructorAccessorImpl.newInstance0(Native Method)
	at java.base/jdk.internal.reflect.NativeConstructorAccessorImpl.newInstance(NativeConstructorAccessorImpl.java:62)
	at java.base/jdk.internal.reflect.DelegatingConstructorAccessorImpl.newInstance(DelegatingConstructorAccessorImpl.java:45)
	at java.base/java.lang.reflect.Constructor.newInstance(Constructor.java:490)
	at ptolemy.util.test.junit.AutoKnownFailedTests.RunModel(AutoKnownFailedTests.java:105)
	at java.base/jdk.internal.reflect.NativeMethodAccessorImpl.invoke0(Native Method)
	at java.base/jdk.internal.reflect.NativeMethodAccessorImpl.invoke(NativeMethodAccessorImpl.java:62)
	at java.base/jdk.internal.reflect.DelegatingMethodAccessorImpl.invoke(DelegatingMethodAccessorImpl.java:43)
	at java.base/java.lang.reflect.Method.invoke(Method.java:566)
	at org.junit.runners.model.FrameworkMethod$1.runReflectiveCall(FrameworkMethod.java:44)
	at org.junit.internal.runners.model.ReflectiveCallable.run(ReflectiveCallable.java:15)
	at org.junit.runners.model.FrameworkMethod.invokeExplosively(FrameworkMethod.java:41)
	at junitparams.internal.InvokeParameterisedMethod.evaluate(InvokeParameterisedMethod.java:102)
	at org.junit.internal.runners.statements.FailOnTimeout$1.run(FailOnTimeout.java:28)
Caused by: ptolemy.kernel.util.IllegalActionException: Found a zero delay loop containing .dependencyLoop2.original
  in .dependencyLoop2 and .dependencyLoop2.original
	at ptolemy.actor.util.CausalityInterfaceForComposites._computeOutputPortDepth(CausalityInterfaceForComposites.java:759)
	at ptolemy.actor.util.CausalityInterfaceForComposites._computeInputDepth(CausalityInterfaceForComposites.java:696)
	at ptolemy.actor.util.CausalityInterfaceForComposites._computeOutputPortDepth(CausalityInterfaceForComposites.java:765)
	at ptolemy.actor.util.CausalityInterfaceForComposites._computeInputDepth(CausalityInterfaceForComposites.java:696)
	at ptolemy.actor.util.CausalityInterfaceForComposites._computeOutputPortDepth(CausalityInterfaceForComposites.java:765)
	at ptolemy.actor.util.CausalityInterfaceForComposites._computeInputDepth(CausalityInterfaceForComposites.java:696)
	at ptolemy.actor.util.CausalityInterfaceForComposites._computeActorDepth(CausalityInterfaceForComposites.java:532)
	at ptolemy.actor.util.CausalityInterfaceForComposites.checkForCycles(CausalityInterfaceForComposites.java:96)
	at ptolemy.domains.de.kernel.DEDirector.preinitialize(DEDirector.java:1338)
	at ptolemy.actor.CompositeActor.preinitialize(CompositeActor.java:1828)
	at ptolemy.actor.Manager.preinitializeAndResolveTypes(Manager.java:1040)
	at ptolemy.actor.Manager.initialize(Manager.java:710)
	at ptolemy.actor.Manager.execute(Manager.java:356)
	at ptolemy.actor.Manager.run(Manager.java:1263)
	at ptolemy.actor.Manager$PtolemyRunThread.run(Manager.java:1933)
]]></system-err>
</testsuite>
