<?xml version="1.0" encoding="UTF-8" ?>
<testsuite errors="0" failures="0" hostname="travis-job-5ec70cc5-a27f-4bc7-824b-73f3e8171c87" name="ptolemy.domains.continuous.test.junit.JUnitTclTest" skipped="0" tests="156" time="73.167" timestamp="2019-06-03T17:38:18">
  <properties>
[...]
</properties>
  <testcase classname="ptolemy.util.test.junit.TclTests" name="[0] ThereAreNoTclTests (RunTclFile)" time="0.001" />
  <testcase classname="ptolemy.util.test.junit.AutoKnownFailedTests" name="[0] ThereAreNoKnowFailedTests (RunModel)" time="0.0" />
  <testcase classname="ptolemy.util.test.junit.AutoNameArchTests" name="[0] ThereAreNoAutoArchTests (RunModel)" time="0.001" />
  <testcase classname="ptolemy.util.test.junit.AutoTests" name="[0] /home/travis/build/icyphy/ptII/ptolemy/domains/continuous/test/auto/BouncingBall.xml (RunModel)" time="2.819" />
  <testcase classname="ptolemy.util.test.junit.AutoTests" name="[1] /home/travis/build/icyphy/ptII/ptolemy/domains/continuous/test/auto/BouncingBallWithoutGR.xml (RunModel)" time="0.909" />
  <testcase classname="ptolemy.util.test.junit.AutoTests" name="[2] /home/travis/build/icyphy/ptII/ptolemy/domains/continuous/test/auto/Brownian.xml (RunModel)" time="0.12" />
  <testcase classname="ptolemy.util.test.junit.AutoTests" name="[3] /home/travis/build/icyphy/ptII/ptolemy/domains/continuous/test/auto/CarTracking.xml (RunModel)" time="3.634" />
  <testcase classname="ptolemy.util.test.junit.AutoTests" name="[4] /home/travis/build/icyphy/ptII/ptolemy/domains/continuous/test/auto/CartPendulum.xml (RunModel)" time="0.502" />
  <testcase classname="ptolemy.util.test.junit.AutoTests" name="[5] /home/travis/build/icyphy/ptII/ptolemy/domains/continuous/test/auto/CausalityInterface10.xml (RunModel)" time="0.048" />
  <testcase classname="ptolemy.util.test.junit.AutoTests" name="[6] /home/travis/build/icyphy/ptII/ptolemy/domains/continuous/test/auto/CausalityInterface11.xml (RunModel)" time="0.031" />
  <testcase classname="ptolemy.util.test.junit.AutoTests" name="[7] /home/travis/build/icyphy/ptII/ptolemy/domains/continuous/test/auto/CausalityInterface12.xml (RunModel)" time="0.023" />
  <testcase classname="ptolemy.util.test.junit.AutoTests" name="[8] /home/travis/build/icyphy/ptII/ptolemy/domains/continuous/test/auto/CausalityInterface13.xml (RunModel)" time="0.02" />
  <testcase classname="ptolemy.util.test.junit.AutoTests" name="[9] /home/travis/build/icyphy/ptII/ptolemy/domains/continuous/test/auto/CausalityInterface14.xml (RunModel)" time="0.029" />
  <testcase classname="ptolemy.util.test.junit.AutoTests" name="[10] /home/travis/build/icyphy/ptII/ptolemy/domains/continuous/test/auto/CausalityInterface4.xml (RunModel)" time="0.035" />
  <testcase classname="ptolemy.util.test.junit.AutoTests" name="[11] /home/travis/build/icyphy/ptII/ptolemy/domains/continuous/test/auto/CausalityInterface5.xml (RunModel)" time="0.041" />
  <testcase classname="ptolemy.util.test.junit.AutoTests" name="[12] /home/travis/build/icyphy/ptII/ptolemy/domains/continuous/test/auto/CausalityInterface6.xml (RunModel)" time="0.024" />
  <testcase classname="ptolemy.util.test.junit.AutoTests" name="[13] /home/travis/build/icyphy/ptII/ptolemy/domains/continuous/test/auto/CausalityInterface7.xml (RunModel)" time="0.043" />
  <testcase classname="ptolemy.util.test.junit.AutoTests" name="[14] /home/travis/build/icyphy/ptII/ptolemy/domains/continuous/test/auto/CausalityInterface8.xml (RunModel)" time="0.039" />
  <testcase classname="ptolemy.util.test.junit.AutoTests" name="[15] /home/travis/build/icyphy/ptII/ptolemy/domains/continuous/test/auto/CausalityInterface9.xml (RunModel)" time="0.037" />
  <testcase classname="ptolemy.util.test.junit.AutoTests" name="[16] /home/travis/build/icyphy/ptII/ptolemy/domains/continuous/test/auto/CausalityInterfaceFeedback1.xml (RunModel)" time="0.035" />
  <testcase classname="ptolemy.util.test.junit.AutoTests" name="[17] /home/travis/build/icyphy/ptII/ptolemy/domains/continuous/test/auto/CausalityInterfaceFeedback2.xml (RunModel)" time="0.039" />
  <testcase classname="ptolemy.util.test.junit.AutoTests" name="[18] /home/travis/build/icyphy/ptII/ptolemy/domains/continuous/test/auto/CompareWithCurrentTime.xml (RunModel)" time="0.024" />
  <testcase classname="ptolemy.util.test.junit.AutoTests" name="[19] /home/travis/build/icyphy/ptII/ptolemy/domains/continuous/test/auto/ComparedClocks.xml (RunModel)" time="0.077" />
  <testcase classname="ptolemy.util.test.junit.AutoTests" name="[20] /home/travis/build/icyphy/ptII/ptolemy/domains/continuous/test/auto/ContinuousAOCClone.xml (RunModel)" time="2.532" />
  <testcase classname="ptolemy.util.test.junit.AutoTests" name="[21] /home/travis/build/icyphy/ptII/ptolemy/domains/continuous/test/auto/ContinuousClock.xml (RunModel)" time="0.088" />
  <testcase classname="ptolemy.util.test.junit.AutoTests" name="[22] /home/travis/build/icyphy/ptII/ptolemy/domains/continuous/test/auto/ContinuousInContinuous.xml (RunModel)" time="0.083" />
  <testcase classname="ptolemy.util.test.junit.AutoTests" name="[23] /home/travis/build/icyphy/ptII/ptolemy/domains/continuous/test/auto/ContinuousInContinuousInContinuous.xml (RunModel)" time="0.029" />
  <testcase classname="ptolemy.util.test.junit.AutoTests" name="[24] /home/travis/build/icyphy/ptII/ptolemy/domains/continuous/test/auto/ContinuousInDE.xml (RunModel)" time="0.107" />
  <testcase classname="ptolemy.util.test.junit.AutoTests" name="[25] /home/travis/build/icyphy/ptII/ptolemy/domains/continuous/test/auto/ContinuousInDE2.xml (RunModel)" time="0.072" />
  <testcase classname="ptolemy.util.test.junit.AutoTests" name="[26] /home/travis/build/icyphy/ptII/ptolemy/domains/continuous/test/auto/ContinuousInDE3.xml (RunModel)" time="0.058" />
  <testcase classname="ptolemy.util.test.junit.AutoTests" name="[27] /home/travis/build/icyphy/ptII/ptolemy/domains/continuous/test/auto/ContinuousInDE4.xml (RunModel)" time="0.031" />
  <testcase classname="ptolemy.util.test.junit.AutoTests" name="[28] /home/travis/build/icyphy/ptII/ptolemy/domains/continuous/test/auto/ContinuousInDEDifferentRefinements.xml (RunModel)" time="0.094" />
  <testcase classname="ptolemy.util.test.junit.AutoTests" name="[29] /home/travis/build/icyphy/ptII/ptolemy/domains/continuous/test/auto/ContinuousInDEDifferentRefinementsPreemptive.xml (RunModel)" time="0.095" />
  <testcase classname="ptolemy.util.test.junit.AutoTests" name="[30] /home/travis/build/icyphy/ptII/ptolemy/domains/continuous/test/auto/ContinuousInDEInContinuous2.xml (RunModel)" time="0.059" />
  <testcase classname="ptolemy.util.test.junit.AutoTests" name="[31] /home/travis/build/icyphy/ptII/ptolemy/domains/continuous/test/auto/ContinuousInDEInContinuous3.xml (RunModel)" time="0.08" />
  <testcase classname="ptolemy.util.test.junit.AutoTests" name="[32] /home/travis/build/icyphy/ptII/ptolemy/domains/continuous/test/auto/ContinuousInDEInput.xml (RunModel)" time="0.039" />
  <testcase classname="ptolemy.util.test.junit.AutoTests" name="[33] /home/travis/build/icyphy/ptII/ptolemy/domains/continuous/test/auto/ContinuousInDEInput2.xml (RunModel)" time="0.035" />
  <testcase classname="ptolemy.util.test.junit.AutoTests" name="[34] /home/travis/build/icyphy/ptII/ptolemy/domains/continuous/test/auto/ContinuousInDEInput3.xml (RunModel)" time="0.023" />
  <testcase classname="ptolemy.util.test.junit.AutoTests" name="[35] /home/travis/build/icyphy/ptII/ptolemy/domains/continuous/test/auto/ContinuousInDESharingRefinement.xml (RunModel)" time="0.184" />
  <testcase classname="ptolemy.util.test.junit.AutoTests" name="[36] /home/travis/build/icyphy/ptII/ptolemy/domains/continuous/test/auto/ContinuousInDEwithNoPorts.xml (RunModel)" time="0.022" />
  <testcase classname="ptolemy.util.test.junit.AutoTests" name="[37] /home/travis/build/icyphy/ptII/ptolemy/domains/continuous/test/auto/ContinuousInsideDE.xml (RunModel)" time="0.086" />
  <testcase classname="ptolemy.util.test.junit.AutoTests" name="[38] /home/travis/build/icyphy/ptII/ptolemy/domains/continuous/test/auto/ContinuousMerge1.xml (RunModel)" time="0.017" />
  <testcase classname="ptolemy.util.test.junit.AutoTests" name="[39] /home/travis/build/icyphy/ptII/ptolemy/domains/continuous/test/auto/ContinuousMerge2.xml (RunModel)" time="0.048" />
  <testcase classname="ptolemy.util.test.junit.AutoTests" name="[40] /home/travis/build/icyphy/ptII/ptolemy/domains/continuous/test/auto/ContinuousMerge3.xml (RunModel)" time="0.066" />
  <testcase classname="ptolemy.util.test.junit.AutoTests" name="[41] /home/travis/build/icyphy/ptII/ptolemy/domains/continuous/test/auto/ContinuousWithinContinuous.xml (RunModel)" time="0.065" />
  <testcase classname="ptolemy.util.test.junit.AutoTests" name="[42] /home/travis/build/icyphy/ptII/ptolemy/domains/continuous/test/auto/ContinuousWithinContinuous2.xml (RunModel)" time="0.085" />
  <testcase classname="ptolemy.util.test.junit.AutoTests" name="[43] /home/travis/build/icyphy/ptII/ptolemy/domains/continuous/test/auto/ContinuousWithinContinuous3.xml (RunModel)" time="0.04" />
  <testcase classname="ptolemy.util.test.junit.AutoTests" name="[44] /home/travis/build/icyphy/ptII/ptolemy/domains/continuous/test/auto/ContinuousWithinContinuous4.xml (RunModel)" time="0.091" />
  <testcase classname="ptolemy.util.test.junit.AutoTests" name="[45] /home/travis/build/icyphy/ptII/ptolemy/domains/continuous/test/auto/ContinuousWithinContinuous5.xml (RunModel)" time="0.028" />
  <testcase classname="ptolemy.util.test.junit.AutoTests" name="[46] /home/travis/build/icyphy/ptII/ptolemy/domains/continuous/test/auto/ContinuousWithinContinuous6.xml (RunModel)" time="0.029" />
  <testcase classname="ptolemy.util.test.junit.AutoTests" name="[47] /home/travis/build/icyphy/ptII/ptolemy/domains/continuous/test/auto/ContinuousWithinContinuous7.xml (RunModel)" time="0.065" />
  <testcase classname="ptolemy.util.test.junit.AutoTests" name="[48] /home/travis/build/icyphy/ptII/ptolemy/domains/continuous/test/auto/DCMotor.xml (RunModel)" time="14.364" />
  <testcase classname="ptolemy.util.test.junit.AutoTests" name="[49] /home/travis/build/icyphy/ptII/ptolemy/domains/continuous/test/auto/DEInContinuous.xml (RunModel)" time="0.029" />
  <testcase classname="ptolemy.util.test.junit.AutoTests" name="[50] /home/travis/build/icyphy/ptII/ptolemy/domains/continuous/test/auto/DEinContinuous2.xml (RunModel)" time="0.029" />
  <testcase classname="ptolemy.util.test.junit.AutoTests" name="[51] /home/travis/build/icyphy/ptII/ptolemy/domains/continuous/test/auto/Derivative.xml (RunModel)" time="0.195" />
  <testcase classname="ptolemy.util.test.junit.AutoTests" name="[52] /home/travis/build/icyphy/ptII/ptolemy/domains/continuous/test/auto/Derivative1.xml (RunModel)" time="0.036" />
  <testcase classname="ptolemy.util.test.junit.AutoTests" name="[53] /home/travis/build/icyphy/ptII/ptolemy/domains/continuous/test/auto/DiscreteClock.xml (RunModel)" time="0.02" />
  <testcase classname="ptolemy.util.test.junit.AutoTests" name="[54] /home/travis/build/icyphy/ptII/ptolemy/domains/continuous/test/auto/EfficiencyCurve.xml (RunModel)" time="0.106" />
  <testcase classname="ptolemy.util.test.junit.AutoTests" name="[55] /home/travis/build/icyphy/ptII/ptolemy/domains/continuous/test/auto/ExponentialResponse.xml (RunModel)" time="0.121" />
  <testcase classname="ptolemy.util.test.junit.AutoTests" name="[56] /home/travis/build/icyphy/ptII/ptolemy/domains/continuous/test/auto/ExponentialResponseRK45.xml (RunModel)" time="0.034" />
  <testcase classname="ptolemy.util.test.junit.AutoTests" name="[57] /home/travis/build/icyphy/ptII/ptolemy/domains/continuous/test/auto/Friction.xml (RunModel)" time="1.533" />
  <testcase classname="ptolemy.util.test.junit.AutoTests" name="[58] /home/travis/build/icyphy/ptII/ptolemy/domains/continuous/test/auto/FurutaPendulum.xml (RunModel)" time="3.607" />
  <testcase classname="ptolemy.util.test.junit.AutoTests" name="[59] /home/travis/build/icyphy/ptII/ptolemy/domains/continuous/test/auto/HierarchicalExecution.xml (RunModel)" time="2.455" />
  <testcase classname="ptolemy.util.test.junit.AutoTests" name="[60] /home/travis/build/icyphy/ptII/ptolemy/domains/continuous/test/auto/HybridPlant.xml (RunModel)" time="0.57" />
  <testcase classname="ptolemy.util.test.junit.AutoTests" name="[61] /home/travis/build/icyphy/ptII/ptolemy/domains/continuous/test/auto/Hysteresis.xml (RunModel)" time="0.191" />
  <testcase classname="ptolemy.util.test.junit.AutoTests" name="[62] /home/travis/build/icyphy/ptII/ptolemy/domains/continuous/test/auto/HysteresisWithRandomDelay.xml (RunModel)" time="0.201" />
  <testcase classname="ptolemy.util.test.junit.AutoTests" name="[63] /home/travis/build/icyphy/ptII/ptolemy/domains/continuous/test/auto/HysteresisWithRandomLosses.xml (RunModel)" time="2.246" />
  <testcase classname="ptolemy.util.test.junit.AutoTests" name="[64] /home/travis/build/icyphy/ptII/ptolemy/domains/continuous/test/auto/ImmediateTransitions.xml (RunModel)" time="0.036" />
  <testcase classname="ptolemy.util.test.junit.AutoTests" name="[65] /home/travis/build/icyphy/ptII/ptolemy/domains/continuous/test/auto/ImpulseFeedback.xml (RunModel)" time="0.028" />
  <testcase classname="ptolemy.util.test.junit.AutoTests" name="[66] /home/travis/build/icyphy/ptII/ptolemy/domains/continuous/test/auto/ImpulseFeedback2.xml (RunModel)" time="0.019" />
  <testcase classname="ptolemy.util.test.junit.AutoTests" name="[67] /home/travis/build/icyphy/ptII/ptolemy/domains/continuous/test/auto/IncreasingRatePoisson.xml (RunModel)" time="0.697" />
  <testcase classname="ptolemy.util.test.junit.AutoTests" name="[68] /home/travis/build/icyphy/ptII/ptolemy/domains/continuous/test/auto/InitialStateFeedback.xml (RunModel)" time="0.026" />
  <testcase classname="ptolemy.util.test.junit.AutoTests" name="[69] /home/travis/build/icyphy/ptII/ptolemy/domains/continuous/test/auto/Integration.xml (RunModel)" time="0.009" />
  <testcase classname="ptolemy.util.test.junit.AutoTests" name="[70] /home/travis/build/icyphy/ptII/ptolemy/domains/continuous/test/auto/Integration2.xml (RunModel)" time="0.09" />
  <testcase classname="ptolemy.util.test.junit.AutoTests" name="[71] /home/travis/build/icyphy/ptII/ptolemy/domains/continuous/test/auto/Integration3.xml (RunModel)" time="0.013" />
  <testcase classname="ptolemy.util.test.junit.AutoTests" name="[72] /home/travis/build/icyphy/ptII/ptolemy/domains/continuous/test/auto/Integration5.xml (RunModel)" time="0.022" />
  <testcase classname="ptolemy.util.test.junit.AutoTests" name="[73] /home/travis/build/icyphy/ptII/ptolemy/domains/continuous/test/auto/IntegratorImpulse.xml (RunModel)" time="0.01" />
  <testcase classname="ptolemy.util.test.junit.AutoTests" name="[74] /home/travis/build/icyphy/ptII/ptolemy/domains/continuous/test/auto/IntegratorImpulse2.xml (RunModel)" time="0.011" />
  <testcase classname="ptolemy.util.test.junit.AutoTests" name="[75] /home/travis/build/icyphy/ptII/ptolemy/domains/continuous/test/auto/LevelCrossing1.xml (RunModel)" time="0.01" />
  <testcase classname="ptolemy.util.test.junit.AutoTests" name="[76] /home/travis/build/icyphy/ptII/ptolemy/domains/continuous/test/auto/LevelCrossing2.xml (RunModel)" time="0.012" />
  <testcase classname="ptolemy.util.test.junit.AutoTests" name="[77] /home/travis/build/icyphy/ptII/ptolemy/domains/continuous/test/auto/LevelCrossing3.xml (RunModel)" time="0.012" />
  <testcase classname="ptolemy.util.test.junit.AutoTests" name="[78] /home/travis/build/icyphy/ptII/ptolemy/domains/continuous/test/auto/LevelCrossing4.xml (RunModel)" time="0.018" />
  <testcase classname="ptolemy.util.test.junit.AutoTests" name="[79] /home/travis/build/icyphy/ptII/ptolemy/domains/continuous/test/auto/LevelCrossing5.xml (RunModel)" time="0.013" />
  <testcase classname="ptolemy.util.test.junit.AutoTests" name="[80] /home/travis/build/icyphy/ptII/ptolemy/domains/continuous/test/auto/LevelCrossing6.xml (RunModel)" time="0.014" />
  <testcase classname="ptolemy.util.test.junit.AutoTests" name="[81] /home/travis/build/icyphy/ptII/ptolemy/domains/continuous/test/auto/LevelCrossingDetector.xml (RunModel)" time="0.036" />
  <testcase classname="ptolemy.util.test.junit.AutoTests" name="[82] /home/travis/build/icyphy/ptII/ptolemy/domains/continuous/test/auto/LevelCrossingDetectorDetectingDirections.xml (RunModel)" time="0.086" />
  <testcase classname="ptolemy.util.test.junit.AutoTests" name="[83] /home/travis/build/icyphy/ptII/ptolemy/domains/continuous/test/auto/LevelCrossingDetectorDetectsGlitches.xml (RunModel)" time="0.062" />
  <testcase classname="ptolemy.util.test.junit.AutoTests" name="[84] /home/travis/build/icyphy/ptII/ptolemy/domains/continuous/test/auto/LevelCrossingNoInitialOuput.xml (RunModel)" time="0.013" />
  <testcase classname="ptolemy.util.test.junit.AutoTests" name="[85] /home/travis/build/icyphy/ptII/ptolemy/domains/continuous/test/auto/LinearStateSpaceExample.xml (RunModel)" time="0.058" />
  <testcase classname="ptolemy.util.test.junit.AutoTests" name="[86] /home/travis/build/icyphy/ptII/ptolemy/domains/continuous/test/auto/Lorenz.xml (RunModel)" time="4.125" />
  <testcase classname="ptolemy.util.test.junit.AutoTests" name="[87] /home/travis/build/icyphy/ptII/ptolemy/domains/continuous/test/auto/LorenzDifferentialSystem.xml (RunModel)" time="0.991" />
  <testcase classname="ptolemy.util.test.junit.AutoTests" name="[88] /home/travis/build/icyphy/ptII/ptolemy/domains/continuous/test/auto/LorenzDifferentialSystemWithInput.xml (RunModel)" time="1.314" />
  <testcase classname="ptolemy.util.test.junit.AutoTests" name="[89] /home/travis/build/icyphy/ptII/ptolemy/domains/continuous/test/auto/LorenzDifferentialSystemWithTime.xml (RunModel)" time="0.897" />
  <testcase classname="ptolemy.util.test.junit.AutoTests" name="[90] /home/travis/build/icyphy/ptII/ptolemy/domains/continuous/test/auto/Microsteps.xml (RunModel)" time="0.018" />
  <testcase classname="ptolemy.util.test.junit.AutoTests" name="[91] /home/travis/build/icyphy/ptII/ptolemy/domains/continuous/test/auto/Modal1.xml (RunModel)" time="0.033" />
  <testcase classname="ptolemy.util.test.junit.AutoTests" name="[92] /home/travis/build/icyphy/ptII/ptolemy/domains/continuous/test/auto/Modal2.xml (RunModel)" time="0.035" />
  <testcase classname="ptolemy.util.test.junit.AutoTests" name="[93] /home/travis/build/icyphy/ptII/ptolemy/domains/continuous/test/auto/ModalTransitionGuardWithReset.xml (RunModel)" time="0.026" />
  <testcase classname="ptolemy.util.test.junit.AutoTests" name="[94] /home/travis/build/icyphy/ptII/ptolemy/domains/continuous/test/auto/ModalTransitionGuardWithResetUsingPreemptiveTransition.xml (RunModel)" time="0.021" />
  <testcase classname="ptolemy.util.test.junit.AutoTests" name="[95] /home/travis/build/icyphy/ptII/ptolemy/domains/continuous/test/auto/ModalTransitionGuardWithResetUsingPreemptiveTransition2.xml (RunModel)" time="0.022" />
  <testcase classname="ptolemy.util.test.junit.AutoTests" name="[96] /home/travis/build/icyphy/ptII/ptolemy/domains/continuous/test/auto/ModalTransitionGuardWithResetUsingPreemptiveTransition3.xml (RunModel)" time="0.028" />
  <testcase classname="ptolemy.util.test.junit.AutoTests" name="[97] /home/travis/build/icyphy/ptII/ptolemy/domains/continuous/test/auto/NewtonsCradle.xml (RunModel)" time="0.749" />
  <testcase classname="ptolemy.util.test.junit.AutoTests" name="[98] /home/travis/build/icyphy/ptII/ptolemy/domains/continuous/test/auto/NewtonsCradleAnimated.xml (RunModel)" time="1.107" />
  <testcase classname="ptolemy.util.test.junit.AutoTests" name="[99] /home/travis/build/icyphy/ptII/ptolemy/domains/continuous/test/auto/NewtonsCradleComplicated.xml (RunModel)" time="0.92" />
  <testcase classname="ptolemy.util.test.junit.AutoTests" name="[100] /home/travis/build/icyphy/ptII/ptolemy/domains/continuous/test/auto/NewtonsCradleNondeterministic.xml (RunModel)" time="0.602" />
  <testcase classname="ptolemy.util.test.junit.AutoTests" name="[101] /home/travis/build/icyphy/ptII/ptolemy/domains/continuous/test/auto/NewtonsCradlePerfectlyInelastic1.xml (RunModel)" time="1.145" />
  <testcase classname="ptolemy.util.test.junit.AutoTests" name="[102] /home/travis/build/icyphy/ptII/ptolemy/domains/continuous/test/auto/Noise.xml (RunModel)" time="0.175" />
  <testcase classname="ptolemy.util.test.junit.AutoTests" name="[103] /home/travis/build/icyphy/ptII/ptolemy/domains/continuous/test/auto/NoiseSpectrum.xml (RunModel)" time="0.759" />
  <testcase classname="ptolemy.util.test.junit.AutoTests" name="[104] /home/travis/build/icyphy/ptII/ptolemy/domains/continuous/test/auto/ParameterizedNewtonsCradleAnimated.xml (RunModel)" time="0.335" />
  <testcase classname="ptolemy.util.test.junit.AutoTests" name="[105] /home/travis/build/icyphy/ptII/ptolemy/domains/continuous/test/auto/ParameterizedNewtonsCradleAnimatedNondeterministic.xml (RunModel)" time="1.148" />
  <testcase classname="ptolemy.util.test.junit.AutoTests" name="[106] /home/travis/build/icyphy/ptII/ptolemy/domains/continuous/test/auto/Pendulum3D.xml (RunModel)" time="0.172" />
  <testcase classname="ptolemy.util.test.junit.AutoTests" name="[107] /home/travis/build/icyphy/ptII/ptolemy/domains/continuous/test/auto/PeriodicSampler.xml (RunModel)" time="0.01" />
  <testcase classname="ptolemy.util.test.junit.AutoTests" name="[108] /home/travis/build/icyphy/ptII/ptolemy/domains/continuous/test/auto/PeriodicSampler1.xml (RunModel)" time="0.041" />
  <testcase classname="ptolemy.util.test.junit.AutoTests" name="[109] /home/travis/build/icyphy/ptII/ptolemy/domains/continuous/test/auto/PeriodicSampler2.xml (RunModel)" time="0.069" />
  <testcase classname="ptolemy.util.test.junit.AutoTests" name="[110] /home/travis/build/icyphy/ptII/ptolemy/domains/continuous/test/auto/Poisson.xml (RunModel)" time="0.427" />
  <testcase classname="ptolemy.util.test.junit.AutoTests" name="[111] /home/travis/build/icyphy/ptII/ptolemy/domains/continuous/test/auto/PoissonClock.xml (RunModel)" time="0.012" />
  <testcase classname="ptolemy.util.test.junit.AutoTests" name="[112] /home/travis/build/icyphy/ptII/ptolemy/domains/continuous/test/auto/PoissonClock2.xml (RunModel)" time="0.017" />
  <testcase classname="ptolemy.util.test.junit.AutoTests" name="[113] /home/travis/build/icyphy/ptII/ptolemy/domains/continuous/test/auto/PortParameterHierarchy.xml (RunModel)" time="0.018" />
  <testcase classname="ptolemy.util.test.junit.AutoTests" name="[114] /home/travis/build/icyphy/ptII/ptolemy/domains/continuous/test/auto/RandomHybridPlant.xml (RunModel)" time="0.499" />
  <testcase classname="ptolemy.util.test.junit.AutoTests" name="[115] /home/travis/build/icyphy/ptII/ptolemy/domains/continuous/test/auto/ResetTransitionWithStartTime1.xml (RunModel)" time="0.028" />
  <testcase classname="ptolemy.util.test.junit.AutoTests" name="[116] /home/travis/build/icyphy/ptII/ptolemy/domains/continuous/test/auto/ResetTransitionWithStartTime2.xml (RunModel)" time="0.035" />
  <testcase classname="ptolemy.util.test.junit.AutoTests" name="[117] /home/travis/build/icyphy/ptII/ptolemy/domains/continuous/test/auto/ResetTransitionWithStartTime3.xml (RunModel)" time="0.032" />
  <testcase classname="ptolemy.util.test.junit.AutoTests" name="[118] /home/travis/build/icyphy/ptII/ptolemy/domains/continuous/test/auto/ResetTransitionWithStartTime4.xml (RunModel)" time="0.023" />
  <testcase classname="ptolemy.util.test.junit.AutoTests" name="[119] /home/travis/build/icyphy/ptII/ptolemy/domains/continuous/test/auto/ResetTransitionWithStartTime5.xml (RunModel)" time="0.028" />
  <testcase classname="ptolemy.util.test.junit.AutoTests" name="[120] /home/travis/build/icyphy/ptII/ptolemy/domains/continuous/test/auto/ResetTransitionWithStartTime6.xml (RunModel)" time="0.023" />
  <testcase classname="ptolemy.util.test.junit.AutoTests" name="[121] /home/travis/build/icyphy/ptII/ptolemy/domains/continuous/test/auto/SRinContinuous.xml (RunModel)" time="0.027" />
  <testcase classname="ptolemy.util.test.junit.AutoTests" name="[122] /home/travis/build/icyphy/ptII/ptolemy/domains/continuous/test/auto/SampledClocks.xml (RunModel)" time="0.028" />
  <testcase classname="ptolemy.util.test.junit.AutoTests" name="[123] /home/travis/build/icyphy/ptII/ptolemy/domains/continuous/test/auto/Satellite.xml (RunModel)" time="0.777" />
  <testcase classname="ptolemy.util.test.junit.AutoTests" name="[124] /home/travis/build/icyphy/ptII/ptolemy/domains/continuous/test/auto/SigmaDelta.xml (RunModel)" time="2.327" />
  <testcase classname="ptolemy.util.test.junit.AutoTests" name="[125] /home/travis/build/icyphy/ptII/ptolemy/domains/continuous/test/auto/SingleRefinement.xml (RunModel)" time="0.457" />
  <testcase classname="ptolemy.util.test.junit.AutoTests" name="[126] /home/travis/build/icyphy/ptII/ptolemy/domains/continuous/test/auto/SinuBouncingBall.xml (RunModel)" time="0.796" />
  <testcase classname="ptolemy.util.test.junit.AutoTests" name="[127] /home/travis/build/icyphy/ptII/ptolemy/domains/continuous/test/auto/Sinusoid.xml (RunModel)" time="0.016" />
  <testcase classname="ptolemy.util.test.junit.AutoTests" name="[128] /home/travis/build/icyphy/ptII/ptolemy/domains/continuous/test/auto/SinusoidInNoise.xml (RunModel)" time="0.881" />
  <testcase classname="ptolemy.util.test.junit.AutoTests" name="[129] /home/travis/build/icyphy/ptII/ptolemy/domains/continuous/test/auto/SinusoidRK45.xml (RunModel)" time="0.009" />
  <testcase classname="ptolemy.util.test.junit.AutoTests" name="[130] /home/travis/build/icyphy/ptII/ptolemy/domains/continuous/test/auto/SinusoidWithMultipleImpulses.xml (RunModel)" time="0.01" />
  <testcase classname="ptolemy.util.test.junit.AutoTests" name="[131] /home/travis/build/icyphy/ptII/ptolemy/domains/continuous/test/auto/SquareWave.xml (RunModel)" time="0.186" />
  <testcase classname="ptolemy.util.test.junit.AutoTests" name="[132] /home/travis/build/icyphy/ptII/ptolemy/domains/continuous/test/auto/Starmac.xml (RunModel)" time="3.344" />
  <testcase classname="ptolemy.util.test.junit.AutoTests" name="[133] /home/travis/build/icyphy/ptII/ptolemy/domains/continuous/test/auto/StaticUnits.xml (RunModel)" time="2.474" />
  <testcase classname="ptolemy.util.test.junit.AutoTests" name="[134] /home/travis/build/icyphy/ptII/ptolemy/domains/continuous/test/auto/StickyMasses.xml (RunModel)" time="0.178" />
  <testcase classname="ptolemy.util.test.junit.AutoTests" name="[135] /home/travis/build/icyphy/ptII/ptolemy/domains/continuous/test/auto/StopTime.xml (RunModel)" time="0.068" />
  <testcase classname="ptolemy.util.test.junit.AutoTests" name="[136] /home/travis/build/icyphy/ptII/ptolemy/domains/continuous/test/auto/StopTime2.xml (RunModel)" time="0.049" />
  <testcase classname="ptolemy.util.test.junit.AutoTests" name="[137] /home/travis/build/icyphy/ptII/ptolemy/domains/continuous/test/auto/Switch.xml (RunModel)" time="0.055" />
  <testcase classname="ptolemy.util.test.junit.AutoTests" name="[138] /home/travis/build/icyphy/ptII/ptolemy/domains/continuous/test/auto/Thermostat.xml (RunModel)" time="0.208" />
  <testcase classname="ptolemy.util.test.junit.AutoTests" name="[139] /home/travis/build/icyphy/ptII/ptolemy/domains/continuous/test/auto/TimeDelay.xml (RunModel)" time="0.016" />
  <testcase classname="ptolemy.util.test.junit.AutoTests" name="[140] /home/travis/build/icyphy/ptII/ptolemy/domains/continuous/test/auto/TimeDelay2.xml (RunModel)" time="0.016" />
  <testcase classname="ptolemy.util.test.junit.AutoTests" name="[141] /home/travis/build/icyphy/ptII/ptolemy/domains/continuous/test/auto/TimeDelay3.xml (RunModel)" time="0.01" />
  <testcase classname="ptolemy.util.test.junit.AutoTests" name="[142] /home/travis/build/icyphy/ptII/ptolemy/domains/continuous/test/auto/TransferAbsentToInside.xml (RunModel)" time="0.12" />
  <testcase classname="ptolemy.util.test.junit.AutoTests" name="[143] /home/travis/build/icyphy/ptII/ptolemy/domains/continuous/test/auto/Transmission.xml (RunModel)" time="0.712" />
  <testcase classname="ptolemy.util.test.junit.AutoTests" name="[144] /home/travis/build/icyphy/ptII/ptolemy/domains/continuous/test/auto/TriggeredContinuousClock.xml (RunModel)" time="0.097" />
  <testcase classname="ptolemy.util.test.junit.AutoTests" name="[145] /home/travis/build/icyphy/ptII/ptolemy/domains/continuous/test/auto/TwoMachineInfiniteBusControl.xml (RunModel)" time="2.742" />
  <testcase classname="ptolemy.util.test.junit.AutoTests" name="[146] /home/travis/build/icyphy/ptII/ptolemy/domains/continuous/test/auto/V2V.xml (RunModel)" time="0.774" />
  <testcase classname="ptolemy.util.test.junit.AutoTests" name="[147] /home/travis/build/icyphy/ptII/ptolemy/domains/continuous/test/auto/hierarchicalModalModel.xml (RunModel)" time="0.031" />
  <testcase classname="ptolemy.util.test.junit.AutoTests" name="[148] /home/travis/build/icyphy/ptII/ptolemy/domains/continuous/test/auto/hierarchicalModalModel1.xml (RunModel)" time="0.031" />
  <testcase classname="ptolemy.util.test.junit.AutoTests" name="[149] /home/travis/build/icyphy/ptII/ptolemy/domains/continuous/test/auto/hierarchicalModalModel2.xml (RunModel)" time="0.024" />
  <testcase classname="ptolemy.util.test.junit.AutoTests" name="[150] /home/travis/build/icyphy/ptII/ptolemy/domains/continuous/test/auto/hierarchicalModalModel3.xml (RunModel)" time="0.021" />
  <testcase classname="ptolemy.util.test.junit.AutoTests" name="[151] /home/travis/build/icyphy/ptII/ptolemy/domains/continuous/test/auto/hierarchicalModalModel4.xml (RunModel)" time="0.023" />
  <testcase classname="ptolemy.util.test.junit.AutoTests" name="[152] /home/travis/build/icyphy/ptII/ptolemy/domains/continuous/test/auto/junk.xml (RunModel)" time="0.157" />
  <system-out><![CDATA[No tcl tests in /home/travis/build/icyphy/ptII/ptolemy/domains/continuous/test
No auto/knownFailedTests/*.xml tests in /home/travis/build/icyphy/ptII/ptolemy/domains/continuous/test
No auto/linux-amd64/*.xml tests in /home/travis/build/icyphy/ptII/ptolemy/domains/continuous/test
AutoTests.java: About to close Vertx.
AutoTests.java: Vertx closed.

===========================================================================================
----------------- testing Mon Jun 03 17:38:19 UTC 2019 /home/travis/build/icyphy/ptII/ptolemy/domains/continuous/test/auto/BouncingBall.xml
----------------- Instantiating /home/travis/build/icyphy/ptII/ptolemy/domains/continuous/test/auto/BouncingBall.xml
2367 ms. Memory: 332288K Free: 258715K (78%)
----------------- Invoking toplevel() on ptolemy.moml.MoMLSimpleApplication@a05f5ba
----------------- Done invoking toplevel() on ptolemy.moml.MoMLSimpleApplication@a05f5ba
reloadAllAccessors: .BouncingBall

===========================================================================================
----------------- testing Mon Jun 03 17:38:22 UTC 2019 /home/travis/build/icyphy/ptII/ptolemy/domains/continuous/test/auto/BouncingBallWithoutGR.xml
----------------- Instantiating /home/travis/build/icyphy/ptII/ptolemy/domains/continuous/test/auto/BouncingBallWithoutGR.xml
774 ms. Memory: 332288K Free: 310257K (93%)
----------------- Invoking toplevel() on ptolemy.moml.MoMLSimpleApplication@1b0cea00
----------------- Done invoking toplevel() on ptolemy.moml.MoMLSimpleApplication@1b0cea00
reloadAllAccessors: .BouncingBallWithoutGR

===========================================================================================
----------------- testing Mon Jun 03 17:38:22 UTC 2019 /home/travis/build/icyphy/ptII/ptolemy/domains/continuous/test/auto/Brownian.xml
----------------- Instantiating /home/travis/build/icyphy/ptII/ptolemy/domains/continuous/test/auto/Brownian.xml
37 ms. Memory: 332288K Free: 296563K (89%)
----------------- Invoking toplevel() on ptolemy.moml.MoMLSimpleApplication@160d8a8e
----------------- Done invoking toplevel() on ptolemy.moml.MoMLSimpleApplication@160d8a8e
reloadAllAccessors: .Brownian

===========================================================================================
----------------- testing Mon Jun 03 17:38:23 UTC 2019 /home/travis/build/icyphy/ptII/ptolemy/domains/continuous/test/auto/CarTracking.xml
----------------- Instantiating /home/travis/build/icyphy/ptII/ptolemy/domains/continuous/test/auto/CarTracking.xml
3258 ms. Memory: 578560K Free: 459719K (79%)
----------------- Invoking toplevel() on ptolemy.moml.MoMLSimpleApplication@46562107
----------------- Done invoking toplevel() on ptolemy.moml.MoMLSimpleApplication@46562107
reloadAllAccessors: .CarTracking

===========================================================================================
----------------- testing Mon Jun 03 17:38:26 UTC 2019 /home/travis/build/icyphy/ptII/ptolemy/domains/continuous/test/auto/CartPendulum.xml
----------------- Instantiating /home/travis/build/icyphy/ptII/ptolemy/domains/continuous/test/auto/CartPendulum.xml
406 ms. Memory: 578560K Free: 355612K (61%)
----------------- Invoking toplevel() on ptolemy.moml.MoMLSimpleApplication@2b7869ef
----------------- Done invoking toplevel() on ptolemy.moml.MoMLSimpleApplication@2b7869ef
reloadAllAccessors: .CartPendulum

===========================================================================================
----------------- testing Mon Jun 03 17:38:27 UTC 2019 /home/travis/build/icyphy/ptII/ptolemy/domains/continuous/test/auto/CausalityInterface10.xml
----------------- Instantiating /home/travis/build/icyphy/ptII/ptolemy/domains/continuous/test/auto/CausalityInterface10.xml
12 ms. Memory: 578560K Free: 342247K (59%)
----------------- Invoking toplevel() on ptolemy.moml.MoMLSimpleApplication@39ba7513
----------------- Done invoking toplevel() on ptolemy.moml.MoMLSimpleApplication@39ba7513
reloadAllAccessors: .CausalityInterface10

===========================================================================================
----------------- testing Mon Jun 03 17:38:27 UTC 2019 /home/travis/build/icyphy/ptII/ptolemy/domains/continuous/test/auto/CausalityInterface11.xml
----------------- Instantiating /home/travis/build/icyphy/ptII/ptolemy/domains/continuous/test/auto/CausalityInterface11.xml
7 ms. Memory: 578560K Free: 332400K (57%)
----------------- Invoking toplevel() on ptolemy.moml.MoMLSimpleApplication@4b932f36
----------------- Done invoking toplevel() on ptolemy.moml.MoMLSimpleApplication@4b932f36
reloadAllAccessors: .CausalityInterface11

===========================================================================================
----------------- testing Mon Jun 03 17:38:27 UTC 2019 /home/travis/build/icyphy/ptII/ptolemy/domains/continuous/test/auto/CausalityInterface12.xml
----------------- Instantiating /home/travis/build/icyphy/ptII/ptolemy/domains/continuous/test/auto/CausalityInterface12.xml
4 ms. Memory: 578560K Free: 319671K (55%)
----------------- Invoking toplevel() on ptolemy.moml.MoMLSimpleApplication@7bb2aa67
----------------- Done invoking toplevel() on ptolemy.moml.MoMLSimpleApplication@7bb2aa67
reloadAllAccessors: .CausalityInterface12

===========================================================================================
----------------- testing Mon Jun 03 17:38:27 UTC 2019 /home/travis/build/icyphy/ptII/ptolemy/domains/continuous/test/auto/CausalityInterface13.xml
----------------- Instantiating /home/travis/build/icyphy/ptII/ptolemy/domains/continuous/test/auto/CausalityInterface13.xml
3 ms. Memory: 578560K Free: 309824K (54%)
----------------- Invoking toplevel() on ptolemy.moml.MoMLSimpleApplication@179197df
----------------- Done invoking toplevel() on ptolemy.moml.MoMLSimpleApplication@179197df
reloadAllAccessors: .CausalityInterface13

===========================================================================================
----------------- testing Mon Jun 03 17:38:27 UTC 2019 /home/travis/build/icyphy/ptII/ptolemy/domains/continuous/test/auto/CausalityInterface14.xml
----------------- Instantiating /home/travis/build/icyphy/ptII/ptolemy/domains/continuous/test/auto/CausalityInterface14.xml
2 ms. Memory: 578560K Free: 299978K (52%)
----------------- Invoking toplevel() on ptolemy.moml.MoMLSimpleApplication@141940b4
----------------- Done invoking toplevel() on ptolemy.moml.MoMLSimpleApplication@141940b4
reloadAllAccessors: .CausalityInterface14

===========================================================================================
----------------- testing Mon Jun 03 17:38:27 UTC 2019 /home/travis/build/icyphy/ptII/ptolemy/domains/continuous/test/auto/CausalityInterface4.xml
----------------- Instantiating /home/travis/build/icyphy/ptII/ptolemy/domains/continuous/test/auto/CausalityInterface4.xml
6 ms. Memory: 578560K Free: 290147K (50%)
----------------- Invoking toplevel() on ptolemy.moml.MoMLSimpleApplication@79a31e7b
----------------- Done invoking toplevel() on ptolemy.moml.MoMLSimpleApplication@79a31e7b
reloadAllAccessors: .CausalityInterface4

===========================================================================================
----------------- testing Mon Jun 03 17:38:27 UTC 2019 /home/travis/build/icyphy/ptII/ptolemy/domains/continuous/test/auto/CausalityInterface5.xml
----------------- Instantiating /home/travis/build/icyphy/ptII/ptolemy/domains/continuous/test/auto/CausalityInterface5.xml
8 ms. Memory: 578560K Free: 274133K (47%)
----------------- Invoking toplevel() on ptolemy.moml.MoMLSimpleApplication@1cb9828f
----------------- Done invoking toplevel() on ptolemy.moml.MoMLSimpleApplication@1cb9828f
reloadAllAccessors: .CausalityInterface5

===========================================================================================
----------------- testing Mon Jun 03 17:38:27 UTC 2019 /home/travis/build/icyphy/ptII/ptolemy/domains/continuous/test/auto/CausalityInterface6.xml
----------------- Instantiating /home/travis/build/icyphy/ptII/ptolemy/domains/continuous/test/auto/CausalityInterface6.xml
4 ms. Memory: 578560K Free: 264302K (46%)
----------------- Invoking toplevel() on ptolemy.moml.MoMLSimpleApplication@453a3159
----------------- Done invoking toplevel() on ptolemy.moml.MoMLSimpleApplication@453a3159
reloadAllAccessors: .CausalityInterface6

===========================================================================================
----------------- testing Mon Jun 03 17:38:27 UTC 2019 /home/travis/build/icyphy/ptII/ptolemy/domains/continuous/test/auto/CausalityInterface7.xml
----------------- Instantiating /home/travis/build/icyphy/ptII/ptolemy/domains/continuous/test/auto/CausalityInterface7.xml
10 ms. Memory: 578560K Free: 251179K (43%)
----------------- Invoking toplevel() on ptolemy.moml.MoMLSimpleApplication@5ece06e0
----------------- Done invoking toplevel() on ptolemy.moml.MoMLSimpleApplication@5ece06e0
reloadAllAccessors: .CausalityInterface7

===========================================================================================
----------------- testing Mon Jun 03 17:38:27 UTC 2019 /home/travis/build/icyphy/ptII/ptolemy/domains/continuous/test/auto/CausalityInterface8.xml
----------------- Instantiating /home/travis/build/icyphy/ptII/ptolemy/domains/continuous/test/auto/CausalityInterface8.xml
8 ms. Memory: 578560K Free: 238032K (41%)
----------------- Invoking toplevel() on ptolemy.moml.MoMLSimpleApplication@3e620433
----------------- Done invoking toplevel() on ptolemy.moml.MoMLSimpleApplication@3e620433
reloadAllAccessors: .CausalityInterface8

===========================================================================================
----------------- testing Mon Jun 03 17:38:27 UTC 2019 /home/travis/build/icyphy/ptII/ptolemy/domains/continuous/test/auto/CausalityInterface9.xml
----------------- Instantiating /home/travis/build/icyphy/ptII/ptolemy/domains/continuous/test/auto/CausalityInterface9.xml
5 ms. Memory: 578560K Free: 222041K (38%)
----------------- Invoking toplevel() on ptolemy.moml.MoMLSimpleApplication@33d0c486
----------------- Done invoking toplevel() on ptolemy.moml.MoMLSimpleApplication@33d0c486
reloadAllAccessors: .CausalityInterface9

===========================================================================================
----------------- testing Mon Jun 03 17:38:27 UTC 2019 /home/travis/build/icyphy/ptII/ptolemy/domains/continuous/test/auto/CausalityInterfaceFeedback1.xml
----------------- Instantiating /home/travis/build/icyphy/ptII/ptolemy/domains/continuous/test/auto/CausalityInterfaceFeedback1.xml
5 ms. Memory: 578560K Free: 208918K (36%)
----------------- Invoking toplevel() on ptolemy.moml.MoMLSimpleApplication@2120ea0a
----------------- Done invoking toplevel() on ptolemy.moml.MoMLSimpleApplication@2120ea0a
reloadAllAccessors: .CausalityInterfaceFeedback1

===========================================================================================
----------------- testing Mon Jun 03 17:38:27 UTC 2019 /home/travis/build/icyphy/ptII/ptolemy/domains/continuous/test/auto/CausalityInterfaceFeedback2.xml
----------------- Instantiating /home/travis/build/icyphy/ptII/ptolemy/domains/continuous/test/auto/CausalityInterfaceFeedback2.xml
6 ms. Memory: 578560K Free: 199087K (34%)
----------------- Invoking toplevel() on ptolemy.moml.MoMLSimpleApplication@72aac879
----------------- Done invoking toplevel() on ptolemy.moml.MoMLSimpleApplication@72aac879
reloadAllAccessors: .CausalityInterfaceFeedback2

===========================================================================================
----------------- testing Mon Jun 03 17:38:27 UTC 2019 /home/travis/build/icyphy/ptII/ptolemy/domains/continuous/test/auto/CompareWithCurrentTime.xml
----------------- Instantiating /home/travis/build/icyphy/ptII/ptolemy/domains/continuous/test/auto/CompareWithCurrentTime.xml
2 ms. Memory: 578560K Free: 189650K (33%)
----------------- Invoking toplevel() on ptolemy.moml.MoMLSimpleApplication@61b446e8
----------------- Done invoking toplevel() on ptolemy.moml.MoMLSimpleApplication@61b446e8
reloadAllAccessors: .CompareWithCurrentTime

===========================================================================================
----------------- testing Mon Jun 03 17:38:27 UTC 2019 /home/travis/build/icyphy/ptII/ptolemy/domains/continuous/test/auto/ComparedClocks.xml
----------------- Instantiating /home/travis/build/icyphy/ptII/ptolemy/domains/continuous/test/auto/ComparedClocks.xml
14 ms. Memory: 578560K Free: 169981K (29%)
----------------- Invoking toplevel() on ptolemy.moml.MoMLSimpleApplication@6faa01e8
----------------- Done invoking toplevel() on ptolemy.moml.MoMLSimpleApplication@6faa01e8
reloadAllAccessors: .ComparedClocks

===========================================================================================
----------------- testing Mon Jun 03 17:38:27 UTC 2019 /home/travis/build/icyphy/ptII/ptolemy/domains/continuous/test/auto/ContinuousAOCClone.xml
----------------- Instantiating /home/travis/build/icyphy/ptII/ptolemy/domains/continuous/test/auto/ContinuousAOCClone.xml
2308 ms. Memory: 872960K Free: 427808K (49%)
----------------- Invoking toplevel() on ptolemy.moml.MoMLSimpleApplication@364e8550
----------------- Done invoking toplevel() on ptolemy.moml.MoMLSimpleApplication@364e8550
reloadAllAccessors: .ContinuousAOCClone

===========================================================================================
----------------- testing Mon Jun 03 17:38:30 UTC 2019 /home/travis/build/icyphy/ptII/ptolemy/domains/continuous/test/auto/ContinuousClock.xml
----------------- Instantiating /home/travis/build/icyphy/ptII/ptolemy/domains/continuous/test/auto/ContinuousClock.xml
27 ms. Memory: 872960K Free: 394897K (45%)
----------------- Invoking toplevel() on ptolemy.moml.MoMLSimpleApplication@59f35439
----------------- Done invoking toplevel() on ptolemy.moml.MoMLSimpleApplication@59f35439
reloadAllAccessors: .ContinuousClock

===========================================================================================
----------------- testing Mon Jun 03 17:38:30 UTC 2019 /home/travis/build/icyphy/ptII/ptolemy/domains/continuous/test/auto/ContinuousInContinuous.xml
----------------- Instantiating /home/travis/build/icyphy/ptII/ptolemy/domains/continuous/test/auto/ContinuousInContinuous.xml
43 ms. Memory: 872960K Free: 363429K (42%)
----------------- Invoking toplevel() on ptolemy.moml.MoMLSimpleApplication@4a53a05b
----------------- Done invoking toplevel() on ptolemy.moml.MoMLSimpleApplication@4a53a05b
reloadAllAccessors: .ContinuousInContinuous

===========================================================================================
----------------- testing Mon Jun 03 17:38:30 UTC 2019 /home/travis/build/icyphy/ptII/ptolemy/domains/continuous/test/auto/ContinuousInContinuousInContinuous.xml
----------------- Instantiating /home/travis/build/icyphy/ptII/ptolemy/domains/continuous/test/auto/ContinuousInContinuousInContinuous.xml
9 ms. Memory: 872960K Free: 347710K (40%)
----------------- Invoking toplevel() on ptolemy.moml.MoMLSimpleApplication@3952181c
----------------- Done invoking toplevel() on ptolemy.moml.MoMLSimpleApplication@3952181c
reloadAllAccessors: .ContinuousInContinuousInContinuous

===========================================================================================
----------------- testing Mon Jun 03 17:38:30 UTC 2019 /home/travis/build/icyphy/ptII/ptolemy/domains/continuous/test/auto/ContinuousInDE.xml
----------------- Instantiating /home/travis/build/icyphy/ptII/ptolemy/domains/continuous/test/auto/ContinuousInDE.xml
82 ms. Memory: 872960K Free: 328866K (38%)
----------------- Invoking toplevel() on ptolemy.moml.MoMLSimpleApplication@137dacba
----------------- Done invoking toplevel() on ptolemy.moml.MoMLSimpleApplication@137dacba
reloadAllAccessors: .ContinuousInDE

===========================================================================================
----------------- testing Mon Jun 03 17:38:30 UTC 2019 /home/travis/build/icyphy/ptII/ptolemy/domains/continuous/test/auto/ContinuousInDE2.xml
----------------- Instantiating /home/travis/build/icyphy/ptII/ptolemy/domains/continuous/test/auto/ContinuousInDE2.xml
39 ms. Memory: 872960K Free: 313148K (36%)
----------------- Invoking toplevel() on ptolemy.moml.MoMLSimpleApplication@466b1798
----------------- Done invoking toplevel() on ptolemy.moml.MoMLSimpleApplication@466b1798
reloadAllAccessors: .ContinuousInDE2

===========================================================================================
----------------- testing Mon Jun 03 17:38:30 UTC 2019 /home/travis/build/icyphy/ptII/ptolemy/domains/continuous/test/auto/ContinuousInDE3.xml
----------------- Instantiating /home/travis/build/icyphy/ptII/ptolemy/domains/continuous/test/auto/ContinuousInDE3.xml
38 ms. Memory: 872960K Free: 297429K (34%)
----------------- Invoking toplevel() on ptolemy.moml.MoMLSimpleApplication@76bbf118
----------------- Done invoking toplevel() on ptolemy.moml.MoMLSimpleApplication@76bbf118
reloadAllAccessors: .ContinuousInDE3

===========================================================================================
----------------- testing Mon Jun 03 17:38:30 UTC 2019 /home/travis/build/icyphy/ptII/ptolemy/domains/continuous/test/auto/ContinuousInDE4.xml
----------------- Instantiating /home/travis/build/icyphy/ptII/ptolemy/domains/continuous/test/auto/ContinuousInDE4.xml
10 ms. Memory: 872960K Free: 286950K (33%)
----------------- Invoking toplevel() on ptolemy.moml.MoMLSimpleApplication@427d2a42
----------------- Done invoking toplevel() on ptolemy.moml.MoMLSimpleApplication@427d2a42
reloadAllAccessors: .ContinuousInDE4

===========================================================================================
----------------- testing Mon Jun 03 17:38:30 UTC 2019 /home/travis/build/icyphy/ptII/ptolemy/domains/continuous/test/auto/ContinuousInDEDifferentRefinements.xml
----------------- Instantiating /home/travis/build/icyphy/ptII/ptolemy/domains/continuous/test/auto/ContinuousInDEDifferentRefinements.xml
56 ms. Memory: 872960K Free: 247092K (28%)
----------------- Invoking toplevel() on ptolemy.moml.MoMLSimpleApplication@3f74354d
----------------- Done invoking toplevel() on ptolemy.moml.MoMLSimpleApplication@3f74354d
reloadAllAccessors: .ContinuousInDEDifferentRefinements

===========================================================================================
----------------- testing Mon Jun 03 17:38:30 UTC 2019 /home/travis/build/icyphy/ptII/ptolemy/domains/continuous/test/auto/ContinuousInDEDifferentRefinementsPreemptive.xml
----------------- Instantiating /home/travis/build/icyphy/ptII/ptolemy/domains/continuous/test/auto/ContinuousInDEDifferentRefinementsPreemptive.xml
49 ms. Memory: 872960K Free: 210391K (24%)
----------------- Invoking toplevel() on ptolemy.moml.MoMLSimpleApplication@c4c298f
----------------- Done invoking toplevel() on ptolemy.moml.MoMLSimpleApplication@c4c298f
reloadAllAccessors: .ContinuousInDEDifferentRefinementsPreemptive

===========================================================================================
----------------- testing Mon Jun 03 17:38:31 UTC 2019 /home/travis/build/icyphy/ptII/ptolemy/domains/continuous/test/auto/ContinuousInDEInContinuous2.xml
----------------- Instantiating /home/travis/build/icyphy/ptII/ptolemy/domains/continuous/test/auto/ContinuousInDEInContinuous2.xml
38 ms. Memory: 872960K Free: 194657K (22%)
----------------- Invoking toplevel() on ptolemy.moml.MoMLSimpleApplication@4f524c30
----------------- Done invoking toplevel() on ptolemy.moml.MoMLSimpleApplication@4f524c30
reloadAllAccessors: .ContinuousInDEInContinuous2

===========================================================================================
----------------- testing Mon Jun 03 17:38:31 UTC 2019 /home/travis/build/icyphy/ptII/ptolemy/domains/continuous/test/auto/ContinuousInDEInContinuous3.xml
----------------- Instantiating /home/travis/build/icyphy/ptII/ptolemy/domains/continuous/test/auto/ContinuousInDEInContinuous3.xml
43 ms. Memory: 872960K Free: 173683K (20%)
----------------- Invoking toplevel() on ptolemy.moml.MoMLSimpleApplication@57257c55
----------------- Done invoking toplevel() on ptolemy.moml.MoMLSimpleApplication@57257c55
reloadAllAccessors: .ContinuousInDEInContinuous3

===========================================================================================
----------------- testing Mon Jun 03 17:38:31 UTC 2019 /home/travis/build/icyphy/ptII/ptolemy/domains/continuous/test/auto/ContinuousInDEInput.xml
----------------- Instantiating /home/travis/build/icyphy/ptII/ptolemy/domains/continuous/test/auto/ContinuousInDEInput.xml
17 ms. Memory: 872960K Free: 160078K (18%)
----------------- Invoking toplevel() on ptolemy.moml.MoMLSimpleApplication@1465986a
----------------- Done invoking toplevel() on ptolemy.moml.MoMLSimpleApplication@1465986a
reloadAllAccessors: .ContinuousInDEInput

===========================================================================================
----------------- testing Mon Jun 03 17:38:31 UTC 2019 /home/travis/build/icyphy/ptII/ptolemy/domains/continuous/test/auto/ContinuousInDEInput2.xml
----------------- Instantiating /home/travis/build/icyphy/ptII/ptolemy/domains/continuous/test/auto/ContinuousInDEInput2.xml
12 ms. Memory: 872960K Free: 149599K (17%)
----------------- Invoking toplevel() on ptolemy.moml.MoMLSimpleApplication@5417ec45
----------------- Done invoking toplevel() on ptolemy.moml.MoMLSimpleApplication@5417ec45
reloadAllAccessors: .ContinuousInDEInput2

===========================================================================================
----------------- testing Mon Jun 03 17:38:31 UTC 2019 /home/travis/build/icyphy/ptII/ptolemy/domains/continuous/test/auto/ContinuousInDEInput3.xml
----------------- Instantiating /home/travis/build/icyphy/ptII/ptolemy/domains/continuous/test/auto/ContinuousInDEInput3.xml
10 ms. Memory: 872960K Free: 139120K (16%)
----------------- Invoking toplevel() on ptolemy.moml.MoMLSimpleApplication@3983147a
----------------- Done invoking toplevel() on ptolemy.moml.MoMLSimpleApplication@3983147a
reloadAllAccessors: .ContinuousInDEInput3

===========================================================================================
----------------- testing Mon Jun 03 17:38:31 UTC 2019 /home/travis/build/icyphy/ptII/ptolemy/domains/continuous/test/auto/ContinuousInDESharingRefinement.xml
----------------- Instantiating /home/travis/build/icyphy/ptII/ptolemy/domains/continuous/test/auto/ContinuousInDESharingRefinement.xml
152 ms. Memory: 829952K Free: 783845K (94%)
----------------- Invoking toplevel() on ptolemy.moml.MoMLSimpleApplication@544964d1
----------------- Done invoking toplevel() on ptolemy.moml.MoMLSimpleApplication@544964d1
reloadAllAccessors: .ContinuousInDESharingRefinement

===========================================================================================
----------------- testing Mon Jun 03 17:38:31 UTC 2019 /home/travis/build/icyphy/ptII/ptolemy/domains/continuous/test/auto/ContinuousInDEwithNoPorts.xml
----------------- Instantiating /home/travis/build/icyphy/ptII/ptolemy/domains/continuous/test/auto/ContinuousInDEwithNoPorts.xml
5 ms. Memory: 829952K Free: 771806K (93%)
----------------- Invoking toplevel() on ptolemy.moml.MoMLSimpleApplication@64cf6c2
----------------- Done invoking toplevel() on ptolemy.moml.MoMLSimpleApplication@64cf6c2
reloadAllAccessors: .ContinuousInDEwithNoPorts

===========================================================================================
----------------- testing Mon Jun 03 17:38:31 UTC 2019 /home/travis/build/icyphy/ptII/ptolemy/domains/continuous/test/auto/ContinuousInsideDE.xml
----------------- Instantiating /home/travis/build/icyphy/ptII/ptolemy/domains/continuous/test/auto/ContinuousInsideDE.xml
47 ms. Memory: 829952K Free: 753092K (91%)
----------------- Invoking toplevel() on ptolemy.moml.MoMLSimpleApplication@dce2dfe
----------------- Done invoking toplevel() on ptolemy.moml.MoMLSimpleApplication@dce2dfe
reloadAllAccessors: .ContinuousInsideDE

===========================================================================================
----------------- testing Mon Jun 03 17:38:31 UTC 2019 /home/travis/build/icyphy/ptII/ptolemy/domains/continuous/test/auto/ContinuousMerge1.xml
----------------- Instantiating /home/travis/build/icyphy/ptII/ptolemy/domains/continuous/test/auto/ContinuousMerge1.xml
2 ms. Memory: 829952K Free: 743598K (90%)
----------------- Invoking toplevel() on ptolemy.moml.MoMLSimpleApplication@6ec3d4e9
----------------- Done invoking toplevel() on ptolemy.moml.MoMLSimpleApplication@6ec3d4e9
reloadAllAccessors: .ContinuousMerge1

===========================================================================================
----------------- testing Mon Jun 03 17:38:31 UTC 2019 /home/travis/build/icyphy/ptII/ptolemy/domains/continuous/test/auto/ContinuousMerge2.xml
----------------- Instantiating /home/travis/build/icyphy/ptII/ptolemy/domains/continuous/test/auto/ContinuousMerge2.xml
12 ms. Memory: 829952K Free: 728463K (88%)
----------------- Invoking toplevel() on ptolemy.moml.MoMLSimpleApplication@8a7e76d
----------------- Done invoking toplevel() on ptolemy.moml.MoMLSimpleApplication@8a7e76d
reloadAllAccessors: .ContinuousMerge2

===========================================================================================
----------------- testing Mon Jun 03 17:38:31 UTC 2019 /home/travis/build/icyphy/ptII/ptolemy/domains/continuous/test/auto/ContinuousMerge3.xml
----------------- Instantiating /home/travis/build/icyphy/ptII/ptolemy/domains/continuous/test/auto/ContinuousMerge3.xml
42 ms. Memory: 829952K Free: 711468K (86%)
----------------- Invoking toplevel() on ptolemy.moml.MoMLSimpleApplication@28ef6261
----------------- Done invoking toplevel() on ptolemy.moml.MoMLSimpleApplication@28ef6261
reloadAllAccessors: .ContinuousMerge3

===========================================================================================
----------------- testing Mon Jun 03 17:38:31 UTC 2019 /home/travis/build/icyphy/ptII/ptolemy/domains/continuous/test/auto/ContinuousWithinContinuous.xml
----------------- Instantiating /home/travis/build/icyphy/ptII/ptolemy/domains/continuous/test/auto/ContinuousWithinContinuous.xml
42 ms. Memory: 829952K Free: 696481K (84%)
----------------- Invoking toplevel() on ptolemy.moml.MoMLSimpleApplication@4ba71233
----------------- Done invoking toplevel() on ptolemy.moml.MoMLSimpleApplication@4ba71233
reloadAllAccessors: .ContinuousWithinContinuous

===========================================================================================
----------------- testing Mon Jun 03 17:38:31 UTC 2019 /home/travis/build/icyphy/ptII/ptolemy/domains/continuous/test/auto/ContinuousWithinContinuous2.xml
----------------- Instantiating /home/travis/build/icyphy/ptII/ptolemy/domains/continuous/test/auto/ContinuousWithinContinuous2.xml
70 ms. Memory: 829952K Free: 685253K (83%)
----------------- Invoking toplevel() on ptolemy.moml.MoMLSimpleApplication@4ae90e1
----------------- Done invoking toplevel() on ptolemy.moml.MoMLSimpleApplication@4ae90e1
reloadAllAccessors: .ContinuousWithinContinuous2

===========================================================================================
----------------- testing Mon Jun 03 17:38:31 UTC 2019 /home/travis/build/icyphy/ptII/ptolemy/domains/continuous/test/auto/ContinuousWithinContinuous3.xml
----------------- Instantiating /home/travis/build/icyphy/ptII/ptolemy/domains/continuous/test/auto/ContinuousWithinContinuous3.xml
21 ms. Memory: 829952K Free: 671999K (81%)
----------------- Invoking toplevel() on ptolemy.moml.MoMLSimpleApplication@3bf2b91a
----------------- Done invoking toplevel() on ptolemy.moml.MoMLSimpleApplication@3bf2b91a
reloadAllAccessors: .ContinuousWithinContinuous3

===========================================================================================
----------------- testing Mon Jun 03 17:38:31 UTC 2019 /home/travis/build/icyphy/ptII/ptolemy/domains/continuous/test/auto/ContinuousWithinContinuous4.xml
----------------- Instantiating /home/travis/build/icyphy/ptII/ptolemy/domains/continuous/test/auto/ContinuousWithinContinuous4.xml
72 ms. Memory: 829952K Free: 653270K (79%)
----------------- Invoking toplevel() on ptolemy.moml.MoMLSimpleApplication@2edaf80b
----------------- Done invoking toplevel() on ptolemy.moml.MoMLSimpleApplication@2edaf80b
reloadAllAccessors: .ContinuousWithinContinuous4

===========================================================================================
----------------- testing Mon Jun 03 17:38:32 UTC 2019 /home/travis/build/icyphy/ptII/ptolemy/domains/continuous/test/auto/ContinuousWithinContinuous5.xml
----------------- Instantiating /home/travis/build/icyphy/ptII/ptolemy/domains/continuous/test/auto/ContinuousWithinContinuous5.xml
13 ms. Memory: 829952K Free: 640025K (77%)
----------------- Invoking toplevel() on ptolemy.moml.MoMLSimpleApplication@539d95fe
----------------- Done invoking toplevel() on ptolemy.moml.MoMLSimpleApplication@539d95fe
reloadAllAccessors: .ContinuousWithinContinuous5

===========================================================================================
----------------- testing Mon Jun 03 17:38:32 UTC 2019 /home/travis/build/icyphy/ptII/ptolemy/domains/continuous/test/auto/ContinuousWithinContinuous6.xml
----------------- Instantiating /home/travis/build/icyphy/ptII/ptolemy/domains/continuous/test/auto/ContinuousWithinContinuous6.xml
13 ms. Memory: 829952K Free: 628796K (76%)
----------------- Invoking toplevel() on ptolemy.moml.MoMLSimpleApplication@aa8ea72
----------------- Done invoking toplevel() on ptolemy.moml.MoMLSimpleApplication@aa8ea72
reloadAllAccessors: .ContinuousWithinContinuous6

===========================================================================================
----------------- testing Mon Jun 03 17:38:32 UTC 2019 /home/travis/build/icyphy/ptII/ptolemy/domains/continuous/test/auto/ContinuousWithinContinuous7.xml
----------------- Instantiating /home/travis/build/icyphy/ptII/ptolemy/domains/continuous/test/auto/ContinuousWithinContinuous7.xml
53 ms. Memory: 829952K Free: 617568K (74%)
----------------- Invoking toplevel() on ptolemy.moml.MoMLSimpleApplication@4866b692
----------------- Done invoking toplevel() on ptolemy.moml.MoMLSimpleApplication@4866b692
reloadAllAccessors: .ContinuousWithinContinuous7

===========================================================================================
----------------- testing Mon Jun 03 17:38:32 UTC 2019 /home/travis/build/icyphy/ptII/ptolemy/domains/continuous/test/auto/DCMotor.xml
----------------- Instantiating /home/travis/build/icyphy/ptII/ptolemy/domains/continuous/test/auto/DCMotor.xml
14272 ms. Memory: 668160K Free: 505763K (76%)
----------------- Invoking toplevel() on ptolemy.moml.MoMLSimpleApplication@c613791
----------------- Done invoking toplevel() on ptolemy.moml.MoMLSimpleApplication@c613791
reloadAllAccessors: .DCMotor

===========================================================================================
----------------- testing Mon Jun 03 17:38:46 UTC 2019 /home/travis/build/icyphy/ptII/ptolemy/domains/continuous/test/auto/DEInContinuous.xml
----------------- Instantiating /home/travis/build/icyphy/ptII/ptolemy/domains/continuous/test/auto/DEInContinuous.xml
16 ms. Memory: 668160K Free: 491263K (74%)
----------------- Invoking toplevel() on ptolemy.moml.MoMLSimpleApplication@7740ea84
----------------- Done invoking toplevel() on ptolemy.moml.MoMLSimpleApplication@7740ea84
reloadAllAccessors: .DEInContinuous

===========================================================================================
----------------- testing Mon Jun 03 17:38:46 UTC 2019 /home/travis/build/icyphy/ptII/ptolemy/domains/continuous/test/auto/DEinContinuous2.xml
----------------- Instantiating /home/travis/build/icyphy/ptII/ptolemy/domains/continuous/test/auto/DEinContinuous2.xml
13 ms. Memory: 668160K Free: 472551K (71%)
----------------- Invoking toplevel() on ptolemy.moml.MoMLSimpleApplication@6460f90
----------------- Done invoking toplevel() on ptolemy.moml.MoMLSimpleApplication@6460f90
reloadAllAccessors: .DEinContinuous2

===========================================================================================
----------------- testing Mon Jun 03 17:38:46 UTC 2019 /home/travis/build/icyphy/ptII/ptolemy/domains/continuous/test/auto/Derivative.xml
----------------- Instantiating /home/travis/build/icyphy/ptII/ptolemy/domains/continuous/test/auto/Derivative.xml
147 ms. Memory: 668160K Free: 436178K (65%)
----------------- Invoking toplevel() on ptolemy.moml.MoMLSimpleApplication@5c6a686e
----------------- Done invoking toplevel() on ptolemy.moml.MoMLSimpleApplication@5c6a686e
reloadAllAccessors: .Derivative2

===========================================================================================
----------------- testing Mon Jun 03 17:38:46 UTC 2019 /home/travis/build/icyphy/ptII/ptolemy/domains/continuous/test/auto/Derivative1.xml
----------------- Instantiating /home/travis/build/icyphy/ptII/ptolemy/domains/continuous/test/auto/Derivative1.xml
15 ms. Memory: 668160K Free: 417466K (62%)
----------------- Invoking toplevel() on ptolemy.moml.MoMLSimpleApplication@4acc57be
----------------- Done invoking toplevel() on ptolemy.moml.MoMLSimpleApplication@4acc57be
reloadAllAccessors: .Derivative1

===========================================================================================
----------------- testing Mon Jun 03 17:38:46 UTC 2019 /home/travis/build/icyphy/ptII/ptolemy/domains/continuous/test/auto/DiscreteClock.xml
----------------- Instantiating /home/travis/build/icyphy/ptII/ptolemy/domains/continuous/test/auto/DiscreteClock.xml
9 ms. Memory: 668160K Free: 405731K (61%)
----------------- Invoking toplevel() on ptolemy.moml.MoMLSimpleApplication@cae4ce9
----------------- Done invoking toplevel() on ptolemy.moml.MoMLSimpleApplication@cae4ce9
reloadAllAccessors: .DiscreteClock

===========================================================================================
----------------- testing Mon Jun 03 17:38:46 UTC 2019 /home/travis/build/icyphy/ptII/ptolemy/domains/continuous/test/auto/EfficiencyCurve.xml
----------------- Instantiating /home/travis/build/icyphy/ptII/ptolemy/domains/continuous/test/auto/EfficiencyCurve.xml
58 ms. Memory: 668160K Free: 392903K (59%)
----------------- Invoking toplevel() on ptolemy.moml.MoMLSimpleApplication@40c1209c
----------------- Done invoking toplevel() on ptolemy.moml.MoMLSimpleApplication@40c1209c
reloadAllAccessors: .EfficiencyCurve

===========================================================================================
----------------- testing Mon Jun 03 17:38:46 UTC 2019 /home/travis/build/icyphy/ptII/ptolemy/domains/continuous/test/auto/ExponentialResponse.xml
----------------- Instantiating /home/travis/build/icyphy/ptII/ptolemy/domains/continuous/test/auto/ExponentialResponse.xml
112 ms. Memory: 668160K Free: 368340K (55%)
----------------- Invoking toplevel() on ptolemy.moml.MoMLSimpleApplication@4d8b9bbe
----------------- Done invoking toplevel() on ptolemy.moml.MoMLSimpleApplication@4d8b9bbe
reloadAllAccessors: .ExponentialResponse

===========================================================================================
----------------- testing Mon Jun 03 17:38:47 UTC 2019 /home/travis/build/icyphy/ptII/ptolemy/domains/continuous/test/auto/ExponentialResponseRK45.xml
----------------- Instantiating /home/travis/build/icyphy/ptII/ptolemy/domains/continuous/test/auto/ExponentialResponseRK45.xml
26 ms. Memory: 668160K Free: 355512K (53%)
----------------- Invoking toplevel() on ptolemy.moml.MoMLSimpleApplication@30fe025e
----------------- Done invoking toplevel() on ptolemy.moml.MoMLSimpleApplication@30fe025e
reloadAllAccessors: .ExponentialResponseRK45

===========================================================================================
----------------- testing Mon Jun 03 17:38:47 UTC 2019 /home/travis/build/icyphy/ptII/ptolemy/domains/continuous/test/auto/Friction.xml
----------------- Instantiating /home/travis/build/icyphy/ptII/ptolemy/domains/continuous/test/auto/Friction.xml
1447 ms. Memory: 647168K Free: 466573K (72%)
----------------- Invoking toplevel() on ptolemy.moml.MoMLSimpleApplication@27431a43
----------------- Done invoking toplevel() on ptolemy.moml.MoMLSimpleApplication@27431a43
reloadAllAccessors: .Friction

===========================================================================================
----------------- testing Mon Jun 03 17:38:48 UTC 2019 /home/travis/build/icyphy/ptII/ptolemy/domains/continuous/test/auto/FurutaPendulum.xml
----------------- Instantiating /home/travis/build/icyphy/ptII/ptolemy/domains/continuous/test/auto/FurutaPendulum.xml
3449 ms. Memory: 617472K Free: 471064K (76%)
----------------- Invoking toplevel() on ptolemy.moml.MoMLSimpleApplication@1942f49
----------------- Done invoking toplevel() on ptolemy.moml.MoMLSimpleApplication@1942f49
reloadAllAccessors: .FurutaPendulum

===========================================================================================
----------------- testing Mon Jun 03 17:38:52 UTC 2019 /home/travis/build/icyphy/ptII/ptolemy/domains/continuous/test/auto/HierarchicalExecution.xml
----------------- Instantiating /home/travis/build/icyphy/ptII/ptolemy/domains/continuous/test/auto/HierarchicalExecution.xml
2071 ms. Memory: 617472K Free: 166342K (27%)
----------------- Invoking toplevel() on ptolemy.moml.MoMLSimpleApplication@5621596e
----------------- Done invoking toplevel() on ptolemy.moml.MoMLSimpleApplication@5621596e
reloadAllAccessors: .HierarchicalExecution

===========================================================================================
----------------- testing Mon Jun 03 17:38:54 UTC 2019 /home/travis/build/icyphy/ptII/ptolemy/domains/continuous/test/auto/HybridPlant.xml
----------------- Instantiating /home/travis/build/icyphy/ptII/ptolemy/domains/continuous/test/auto/HybridPlant.xml
510 ms. Memory: 589824K Free: 396895K (67%)
----------------- Invoking toplevel() on ptolemy.moml.MoMLSimpleApplication@ffb724d
----------------- Done invoking toplevel() on ptolemy.moml.MoMLSimpleApplication@ffb724d
reloadAllAccessors: .HybridPlant

===========================================================================================
----------------- testing Mon Jun 03 17:38:55 UTC 2019 /home/travis/build/icyphy/ptII/ptolemy/domains/continuous/test/auto/Hysteresis.xml
----------------- Instantiating /home/travis/build/icyphy/ptII/ptolemy/domains/continuous/test/auto/Hysteresis.xml
143 ms. Memory: 589824K Free: 330868K (56%)
----------------- Invoking toplevel() on ptolemy.moml.MoMLSimpleApplication@4fd6d90e
----------------- Done invoking toplevel() on ptolemy.moml.MoMLSimpleApplication@4fd6d90e
reloadAllAccessors: .Hysteresis

===========================================================================================
----------------- testing Mon Jun 03 17:38:55 UTC 2019 /home/travis/build/icyphy/ptII/ptolemy/domains/continuous/test/auto/HysteresisWithRandomDelay.xml
----------------- Instantiating /home/travis/build/icyphy/ptII/ptolemy/domains/continuous/test/auto/HysteresisWithRandomDelay.xml
160 ms. Memory: 589824K Free: 253565K (43%)
----------------- Invoking toplevel() on ptolemy.moml.MoMLSimpleApplication@54b80a95
----------------- Done invoking toplevel() on ptolemy.moml.MoMLSimpleApplication@54b80a95
reloadAllAccessors: .HysteresisWithRandomDelay

===========================================================================================
----------------- testing Mon Jun 03 17:38:55 UTC 2019 /home/travis/build/icyphy/ptII/ptolemy/domains/continuous/test/auto/HysteresisWithRandomLosses.xml
----------------- Instantiating /home/travis/build/icyphy/ptII/ptolemy/domains/continuous/test/auto/HysteresisWithRandomLosses.xml
2172 ms. Memory: 543232K Free: 432047K (80%)
----------------- Invoking toplevel() on ptolemy.moml.MoMLSimpleApplication@816b941
----------------- Done invoking toplevel() on ptolemy.moml.MoMLSimpleApplication@816b941
reloadAllAccessors: .HysteresisWithRandomLosses

===========================================================================================
----------------- testing Mon Jun 03 17:38:57 UTC 2019 /home/travis/build/icyphy/ptII/ptolemy/domains/continuous/test/auto/ImmediateTransitions.xml
----------------- Instantiating /home/travis/build/icyphy/ptII/ptolemy/domains/continuous/test/auto/ImmediateTransitions.xml
15 ms. Memory: 543232K Free: 414307K (76%)
----------------- Invoking toplevel() on ptolemy.moml.MoMLSimpleApplication@437d0cad
----------------- Done invoking toplevel() on ptolemy.moml.MoMLSimpleApplication@437d0cad
reloadAllAccessors: .ImmediateTransitions

===========================================================================================
----------------- testing Mon Jun 03 17:38:57 UTC 2019 /home/travis/build/icyphy/ptII/ptolemy/domains/continuous/test/auto/ImpulseFeedback.xml
----------------- Instantiating /home/travis/build/icyphy/ptII/ptolemy/domains/continuous/test/auto/ImpulseFeedback.xml
12 ms. Memory: 543232K Free: 404301K (74%)
----------------- Invoking toplevel() on ptolemy.moml.MoMLSimpleApplication@1cd48f3a
----------------- Done invoking toplevel() on ptolemy.moml.MoMLSimpleApplication@1cd48f3a
reloadAllAccessors: .ImpulseFeedback

===========================================================================================
----------------- testing Mon Jun 03 17:38:57 UTC 2019 /home/travis/build/icyphy/ptII/ptolemy/domains/continuous/test/auto/ImpulseFeedback2.xml
----------------- Instantiating /home/travis/build/icyphy/ptII/ptolemy/domains/continuous/test/auto/ImpulseFeedback2.xml
6 ms. Memory: 543232K Free: 394097K (73%)
----------------- Invoking toplevel() on ptolemy.moml.MoMLSimpleApplication@bf3471d
----------------- Done invoking toplevel() on ptolemy.moml.MoMLSimpleApplication@bf3471d
reloadAllAccessors: .ImpulseFeedback2

===========================================================================================
----------------- testing Mon Jun 03 17:38:58 UTC 2019 /home/travis/build/icyphy/ptII/ptolemy/domains/continuous/test/auto/IncreasingRatePoisson.xml
----------------- Instantiating /home/travis/build/icyphy/ptII/ptolemy/domains/continuous/test/auto/IncreasingRatePoisson.xml
675 ms. Memory: 543232K Free: 62879K (12%)
----------------- Invoking toplevel() on ptolemy.moml.MoMLSimpleApplication@263628d
----------------- Done invoking toplevel() on ptolemy.moml.MoMLSimpleApplication@263628d
reloadAllAccessors: .IncreasingRatePoisson

===========================================================================================
----------------- testing Mon Jun 03 17:38:58 UTC 2019 /home/travis/build/icyphy/ptII/ptolemy/domains/continuous/test/auto/InitialStateFeedback.xml
----------------- Instantiating /home/travis/build/icyphy/ptII/ptolemy/domains/continuous/test/auto/InitialStateFeedback.xml
10 ms. Memory: 521728K Free: 495154K (95%)
----------------- Invoking toplevel() on ptolemy.moml.MoMLSimpleApplication@4a723e71
----------------- Done invoking toplevel() on ptolemy.moml.MoMLSimpleApplication@4a723e71
reloadAllAccessors: .InitialStateFeedback

===========================================================================================
----------------- testing Mon Jun 03 17:38:58 UTC 2019 /home/travis/build/icyphy/ptII/ptolemy/domains/continuous/test/auto/Integration.xml
----------------- Instantiating /home/travis/build/icyphy/ptII/ptolemy/domains/continuous/test/auto/Integration.xml
1 ms. Memory: 521728K Free: 488408K (94%)
----------------- Invoking toplevel() on ptolemy.moml.MoMLSimpleApplication@429ced66
----------------- Done invoking toplevel() on ptolemy.moml.MoMLSimpleApplication@429ced66
reloadAllAccessors: .Integration

===========================================================================================
----------------- testing Mon Jun 03 17:38:58 UTC 2019 /home/travis/build/icyphy/ptII/ptolemy/domains/continuous/test/auto/Integration2.xml
----------------- Instantiating /home/travis/build/icyphy/ptII/ptolemy/domains/continuous/test/auto/Integration2.xml
75 ms. Memory: 521728K Free: 469902K (90%)
----------------- Invoking toplevel() on ptolemy.moml.MoMLSimpleApplication@292808b9
----------------- Done invoking toplevel() on ptolemy.moml.MoMLSimpleApplication@292808b9
reloadAllAccessors: .Integration2

===========================================================================================
----------------- testing Mon Jun 03 17:38:58 UTC 2019 /home/travis/build/icyphy/ptII/ptolemy/domains/continuous/test/auto/Integration3.xml
----------------- Instantiating /home/travis/build/icyphy/ptII/ptolemy/domains/continuous/test/auto/Integration3.xml
2 ms. Memory: 521728K Free: 463155K (89%)
----------------- Invoking toplevel() on ptolemy.moml.MoMLSimpleApplication@33719b6a
----------------- Done invoking toplevel() on ptolemy.moml.MoMLSimpleApplication@33719b6a
reloadAllAccessors: .Integration3

===========================================================================================
----------------- testing Mon Jun 03 17:38:58 UTC 2019 /home/travis/build/icyphy/ptII/ptolemy/domains/continuous/test/auto/Integration5.xml
----------------- Instantiating /home/travis/build/icyphy/ptII/ptolemy/domains/continuous/test/auto/Integration5.xml
3 ms. Memory: 521728K Free: 456408K (87%)
----------------- Invoking toplevel() on ptolemy.moml.MoMLSimpleApplication@3e2fd085
----------------- Done invoking toplevel() on ptolemy.moml.MoMLSimpleApplication@3e2fd085
reloadAllAccessors: .Integration5

===========================================================================================
----------------- testing Mon Jun 03 17:38:58 UTC 2019 /home/travis/build/icyphy/ptII/ptolemy/domains/continuous/test/auto/IntegratorImpulse.xml
----------------- Instantiating /home/travis/build/icyphy/ptII/ptolemy/domains/continuous/test/auto/IntegratorImpulse.xml
2 ms. Memory: 521728K Free: 449661K (86%)
----------------- Invoking toplevel() on ptolemy.moml.MoMLSimpleApplication@2ac2403d
----------------- Done invoking toplevel() on ptolemy.moml.MoMLSimpleApplication@2ac2403d
reloadAllAccessors: .IntegratorImpulse

===========================================================================================
----------------- testing Mon Jun 03 17:38:58 UTC 2019 /home/travis/build/icyphy/ptII/ptolemy/domains/continuous/test/auto/IntegratorImpulse2.xml
----------------- Instantiating /home/travis/build/icyphy/ptII/ptolemy/domains/continuous/test/auto/IntegratorImpulse2.xml
4 ms. Memory: 521728K Free: 442914K (85%)
----------------- Invoking toplevel() on ptolemy.moml.MoMLSimpleApplication@7d4202f5
----------------- Done invoking toplevel() on ptolemy.moml.MoMLSimpleApplication@7d4202f5
reloadAllAccessors: .IntegratorImpulse2

===========================================================================================
----------------- testing Mon Jun 03 17:38:58 UTC 2019 /home/travis/build/icyphy/ptII/ptolemy/domains/continuous/test/auto/LevelCrossing1.xml
----------------- Instantiating /home/travis/build/icyphy/ptII/ptolemy/domains/continuous/test/auto/LevelCrossing1.xml
2 ms. Memory: 521728K Free: 433216K (83%)
----------------- Invoking toplevel() on ptolemy.moml.MoMLSimpleApplication@7a079818
----------------- Done invoking toplevel() on ptolemy.moml.MoMLSimpleApplication@7a079818
reloadAllAccessors: .LevelCrossing1

===========================================================================================
----------------- testing Mon Jun 03 17:38:58 UTC 2019 /home/travis/build/icyphy/ptII/ptolemy/domains/continuous/test/auto/LevelCrossing2.xml
----------------- Instantiating /home/travis/build/icyphy/ptII/ptolemy/domains/continuous/test/auto/LevelCrossing2.xml
3 ms. Memory: 521728K Free: 423655K (81%)
----------------- Invoking toplevel() on ptolemy.moml.MoMLSimpleApplication@3d2e83ee
----------------- Done invoking toplevel() on ptolemy.moml.MoMLSimpleApplication@3d2e83ee
reloadAllAccessors: .LevelCrossing2

===========================================================================================
----------------- testing Mon Jun 03 17:38:58 UTC 2019 /home/travis/build/icyphy/ptII/ptolemy/domains/continuous/test/auto/LevelCrossing3.xml
----------------- Instantiating /home/travis/build/icyphy/ptII/ptolemy/domains/continuous/test/auto/LevelCrossing3.xml
3 ms. Memory: 521728K Free: 413972K (79%)
----------------- Invoking toplevel() on ptolemy.moml.MoMLSimpleApplication@2f29b216
----------------- Done invoking toplevel() on ptolemy.moml.MoMLSimpleApplication@2f29b216
reloadAllAccessors: .LevelCrossing3

===========================================================================================
----------------- testing Mon Jun 03 17:38:58 UTC 2019 /home/travis/build/icyphy/ptII/ptolemy/domains/continuous/test/auto/LevelCrossing4.xml
----------------- Instantiating /home/travis/build/icyphy/ptII/ptolemy/domains/continuous/test/auto/LevelCrossing4.xml
3 ms. Memory: 521728K Free: 404273K (77%)
----------------- Invoking toplevel() on ptolemy.moml.MoMLSimpleApplication@4c826767
----------------- Done invoking toplevel() on ptolemy.moml.MoMLSimpleApplication@4c826767
reloadAllAccessors: .LevelCrossing4

===========================================================================================
----------------- testing Mon Jun 03 17:38:58 UTC 2019 /home/travis/build/icyphy/ptII/ptolemy/domains/continuous/test/auto/LevelCrossing5.xml
----------------- Instantiating /home/travis/build/icyphy/ptII/ptolemy/domains/continuous/test/auto/LevelCrossing5.xml
2 ms. Memory: 521728K Free: 394574K (76%)
----------------- Invoking toplevel() on ptolemy.moml.MoMLSimpleApplication@52412f78
----------------- Done invoking toplevel() on ptolemy.moml.MoMLSimpleApplication@52412f78
reloadAllAccessors: .LevelCrossing5

===========================================================================================
[...]
----------------- Done invoking toplevel() on ptolemy.moml.MoMLSimpleApplication@3f3c835c
reloadAllAccessors: .ResetTransitionWithStartTime6

===========================================================================================
----------------- testing Mon Jun 03 17:39:15 UTC 2019 /home/travis/build/icyphy/ptII/ptolemy/domains/continuous/test/auto/SRinContinuous.xml
----------------- Instantiating /home/travis/build/icyphy/ptII/ptolemy/domains/continuous/test/auto/SRinContinuous.xml
4 ms. Memory: 780288K Free: 392736K (50%)
----------------- Invoking toplevel() on ptolemy.moml.MoMLSimpleApplication@b2d91fd
----------------- Done invoking toplevel() on ptolemy.moml.MoMLSimpleApplication@b2d91fd
reloadAllAccessors: .SRinContinuous

===========================================================================================
----------------- testing Mon Jun 03 17:39:15 UTC 2019 /home/travis/build/icyphy/ptII/ptolemy/domains/continuous/test/auto/SampledClocks.xml
----------------- Instantiating /home/travis/build/icyphy/ptII/ptolemy/domains/continuous/test/auto/SampledClocks.xml
5 ms. Memory: 780288K Free: 377761K (48%)
----------------- Invoking toplevel() on ptolemy.moml.MoMLSimpleApplication@46c77ddc
----------------- Done invoking toplevel() on ptolemy.moml.MoMLSimpleApplication@46c77ddc
reloadAllAccessors: .SampledClocks

===========================================================================================
----------------- testing Mon Jun 03 17:39:15 UTC 2019 /home/travis/build/icyphy/ptII/ptolemy/domains/continuous/test/auto/Satellite.xml
----------------- Instantiating /home/travis/build/icyphy/ptII/ptolemy/domains/continuous/test/auto/Satellite.xml
756 ms. Memory: 780288K Free: 188461K (24%)
----------------- Invoking toplevel() on ptolemy.moml.MoMLSimpleApplication@104757d5
----------------- Done invoking toplevel() on ptolemy.moml.MoMLSimpleApplication@104757d5
reloadAllAccessors: .Satellite

===========================================================================================
----------------- testing Mon Jun 03 17:39:16 UTC 2019 /home/travis/build/icyphy/ptII/ptolemy/domains/continuous/test/auto/SigmaDelta.xml
----------------- Instantiating /home/travis/build/icyphy/ptII/ptolemy/domains/continuous/test/auto/SigmaDelta.xml
2209 ms. Memory: 787456K Free: 512833K (65%)
----------------- Invoking toplevel() on ptolemy.moml.MoMLSimpleApplication@2b4b3a0e
----------------- Done invoking toplevel() on ptolemy.moml.MoMLSimpleApplication@2b4b3a0e
reloadAllAccessors: .SigmaDelta

===========================================================================================
----------------- testing Mon Jun 03 17:39:18 UTC 2019 /home/travis/build/icyphy/ptII/ptolemy/domains/continuous/test/auto/SingleRefinement.xml
----------------- Instantiating /home/travis/build/icyphy/ptII/ptolemy/domains/continuous/test/auto/SingleRefinement.xml
326 ms. Memory: 787456K Free: 324285K (41%)
----------------- Invoking toplevel() on ptolemy.moml.MoMLSimpleApplication@21e23625
----------------- Done invoking toplevel() on ptolemy.moml.MoMLSimpleApplication@21e23625
reloadAllAccessors: .SingleRefinement

===========================================================================================
----------------- testing Mon Jun 03 17:39:18 UTC 2019 /home/travis/build/icyphy/ptII/ptolemy/domains/continuous/test/auto/SinuBouncingBall.xml
----------------- Instantiating /home/travis/build/icyphy/ptII/ptolemy/domains/continuous/test/auto/SinuBouncingBall.xml
728 ms. Memory: 787456K Free: 96215K (12%)
----------------- Invoking toplevel() on ptolemy.moml.MoMLSimpleApplication@47ac6cd0
----------------- Done invoking toplevel() on ptolemy.moml.MoMLSimpleApplication@47ac6cd0
reloadAllAccessors: .SinuBouncingBall

===========================================================================================
----------------- testing Mon Jun 03 17:39:19 UTC 2019 /home/travis/build/icyphy/ptII/ptolemy/domains/continuous/test/auto/Sinusoid.xml
----------------- Instantiating /home/travis/build/icyphy/ptII/ptolemy/domains/continuous/test/auto/Sinusoid.xml
4 ms. Memory: 787456K Free: 88220K (11%)
----------------- Invoking toplevel() on ptolemy.moml.MoMLSimpleApplication@11eee9ff
----------------- Done invoking toplevel() on ptolemy.moml.MoMLSimpleApplication@11eee9ff
reloadAllAccessors: .Sinusoid

===========================================================================================
----------------- testing Mon Jun 03 17:39:19 UTC 2019 /home/travis/build/icyphy/ptII/ptolemy/domains/continuous/test/auto/SinusoidInNoise.xml
----------------- Instantiating /home/travis/build/icyphy/ptII/ptolemy/domains/continuous/test/auto/SinusoidInNoise.xml
845 ms. Memory: 747520K Free: 543401K (73%)
----------------- Invoking toplevel() on ptolemy.moml.MoMLSimpleApplication@5a1ab58
----------------- Done invoking toplevel() on ptolemy.moml.MoMLSimpleApplication@5a1ab58
reloadAllAccessors: .SinusoidInNoise

===========================================================================================
----------------- testing Mon Jun 03 17:39:20 UTC 2019 /home/travis/build/icyphy/ptII/ptolemy/domains/continuous/test/auto/SinusoidRK45.xml
----------------- Instantiating /home/travis/build/icyphy/ptII/ptolemy/domains/continuous/test/auto/SinusoidRK45.xml
2 ms. Memory: 747520K Free: 533960K (71%)
----------------- Invoking toplevel() on ptolemy.moml.MoMLSimpleApplication@6a82e7c0
----------------- Done invoking toplevel() on ptolemy.moml.MoMLSimpleApplication@6a82e7c0
reloadAllAccessors: .SinusoidRK45

===========================================================================================
----------------- testing Mon Jun 03 17:39:20 UTC 2019 /home/travis/build/icyphy/ptII/ptolemy/domains/continuous/test/auto/SinusoidWithMultipleImpulses.xml
----------------- Instantiating /home/travis/build/icyphy/ptII/ptolemy/domains/continuous/test/auto/SinusoidWithMultipleImpulses.xml
3 ms. Memory: 747520K Free: 526395K (70%)
----------------- Invoking toplevel() on ptolemy.moml.MoMLSimpleApplication@2a407d05
----------------- Done invoking toplevel() on ptolemy.moml.MoMLSimpleApplication@2a407d05
reloadAllAccessors: .SinusoidWithMultipleImpulses

===========================================================================================
----------------- testing Mon Jun 03 17:39:20 UTC 2019 /home/travis/build/icyphy/ptII/ptolemy/domains/continuous/test/auto/SquareWave.xml
----------------- Instantiating /home/travis/build/icyphy/ptII/ptolemy/domains/continuous/test/auto/SquareWave.xml
162 ms. Memory: 747520K Free: 495569K (66%)
----------------- Invoking toplevel() on ptolemy.moml.MoMLSimpleApplication@2e2c8130
----------------- Done invoking toplevel() on ptolemy.moml.MoMLSimpleApplication@2e2c8130
reloadAllAccessors: .SquareWave

===========================================================================================
----------------- testing Mon Jun 03 17:39:20 UTC 2019 /home/travis/build/icyphy/ptII/ptolemy/domains/continuous/test/auto/Starmac.xml
----------------- Instantiating /home/travis/build/icyphy/ptII/ptolemy/domains/continuous/test/auto/Starmac.xml
3060 ms. Memory: 747520K Free: 135505K (18%)
----------------- Invoking toplevel() on ptolemy.moml.MoMLSimpleApplication@241fb5d7
----------------- Done invoking toplevel() on ptolemy.moml.MoMLSimpleApplication@241fb5d7
reloadAllAccessors: .Starmac

===========================================================================================
----------------- testing Mon Jun 03 17:39:24 UTC 2019 /home/travis/build/icyphy/ptII/ptolemy/domains/continuous/test/auto/StaticUnits.xml
----------------- Instantiating /home/travis/build/icyphy/ptII/ptolemy/domains/continuous/test/auto/StaticUnits.xml
2074 ms. Memory: 722944K Free: 312796K (43%)
----------------- Invoking toplevel() on ptolemy.moml.MoMLSimpleApplication@54172adb
----------------- Done invoking toplevel() on ptolemy.moml.MoMLSimpleApplication@54172adb
reloadAllAccessors: .StaticUnits

===========================================================================================
----------------- testing Mon Jun 03 17:39:26 UTC 2019 /home/travis/build/icyphy/ptII/ptolemy/domains/continuous/test/auto/StickyMasses.xml
----------------- Instantiating /home/travis/build/icyphy/ptII/ptolemy/domains/continuous/test/auto/StickyMasses.xml
129 ms. Memory: 722944K Free: 252432K (35%)
----------------- Invoking toplevel() on ptolemy.moml.MoMLSimpleApplication@53ad80da
----------------- Done invoking toplevel() on ptolemy.moml.MoMLSimpleApplication@53ad80da
reloadAllAccessors: .StickyMasses

===========================================================================================
----------------- testing Mon Jun 03 17:39:26 UTC 2019 /home/travis/build/icyphy/ptII/ptolemy/domains/continuous/test/auto/StopTime.xml
----------------- Instantiating /home/travis/build/icyphy/ptII/ptolemy/domains/continuous/test/auto/StopTime.xml
45 ms. Memory: 722944K Free: 222977K (31%)
----------------- Invoking toplevel() on ptolemy.moml.MoMLSimpleApplication@7db79f1e
----------------- Done invoking toplevel() on ptolemy.moml.MoMLSimpleApplication@7db79f1e
reloadAllAccessors: .StopTime

===========================================================================================
----------------- testing Mon Jun 03 17:39:26 UTC 2019 /home/travis/build/icyphy/ptII/ptolemy/domains/continuous/test/auto/StopTime2.xml
----------------- Instantiating /home/travis/build/icyphy/ptII/ptolemy/domains/continuous/test/auto/StopTime2.xml
30 ms. Memory: 722944K Free: 196679K (27%)
----------------- Invoking toplevel() on ptolemy.moml.MoMLSimpleApplication@7792a643
----------------- Done invoking toplevel() on ptolemy.moml.MoMLSimpleApplication@7792a643
reloadAllAccessors: .StopTime2

===========================================================================================
----------------- testing Mon Jun 03 17:39:26 UTC 2019 /home/travis/build/icyphy/ptII/ptolemy/domains/continuous/test/auto/Switch.xml
----------------- Instantiating /home/travis/build/icyphy/ptII/ptolemy/domains/continuous/test/auto/Switch.xml
35 ms. Memory: 722944K Free: 167257K (23%)
----------------- Invoking toplevel() on ptolemy.moml.MoMLSimpleApplication@7f75e066
----------------- Done invoking toplevel() on ptolemy.moml.MoMLSimpleApplication@7f75e066
reloadAllAccessors: .Switch

===========================================================================================
----------------- testing Mon Jun 03 17:39:26 UTC 2019 /home/travis/build/icyphy/ptII/ptolemy/domains/continuous/test/auto/Thermostat.xml
----------------- Instantiating /home/travis/build/icyphy/ptII/ptolemy/domains/continuous/test/auto/Thermostat.xml
171 ms. Memory: 722944K Free: 90235K (12%)
----------------- Invoking toplevel() on ptolemy.moml.MoMLSimpleApplication@15761295
----------------- Done invoking toplevel() on ptolemy.moml.MoMLSimpleApplication@15761295
reloadAllAccessors: .Thermostat

===========================================================================================
----------------- testing Mon Jun 03 17:39:27 UTC 2019 /home/travis/build/icyphy/ptII/ptolemy/domains/continuous/test/auto/TimeDelay.xml
----------------- Instantiating /home/travis/build/icyphy/ptII/ptolemy/domains/continuous/test/auto/TimeDelay.xml
5 ms. Memory: 722944K Free: 82884K (11%)
----------------- Invoking toplevel() on ptolemy.moml.MoMLSimpleApplication@19c655f5
----------------- Done invoking toplevel() on ptolemy.moml.MoMLSimpleApplication@19c655f5
reloadAllAccessors: .TimeDelay

===========================================================================================
----------------- testing Mon Jun 03 17:39:27 UTC 2019 /home/travis/build/icyphy/ptII/ptolemy/domains/continuous/test/auto/TimeDelay2.xml
----------------- Instantiating /home/travis/build/icyphy/ptII/ptolemy/domains/continuous/test/auto/TimeDelay2.xml
6 ms. Memory: 722944K Free: 72454K (10%)
----------------- Invoking toplevel() on ptolemy.moml.MoMLSimpleApplication@71a3ce15
----------------- Done invoking toplevel() on ptolemy.moml.MoMLSimpleApplication@71a3ce15
reloadAllAccessors: .TimeDelay2

===========================================================================================
----------------- testing Mon Jun 03 17:39:27 UTC 2019 /home/travis/build/icyphy/ptII/ptolemy/domains/continuous/test/auto/TimeDelay3.xml
----------------- Instantiating /home/travis/build/icyphy/ptII/ptolemy/domains/continuous/test/auto/TimeDelay3.xml
2 ms. Memory: 722944K Free: 65205K (9%)
----------------- Invoking toplevel() on ptolemy.moml.MoMLSimpleApplication@5b48a97
----------------- Done invoking toplevel() on ptolemy.moml.MoMLSimpleApplication@5b48a97
reloadAllAccessors: .TimeDelay3

===========================================================================================
----------------- testing Mon Jun 03 17:39:27 UTC 2019 /home/travis/build/icyphy/ptII/ptolemy/domains/continuous/test/auto/TransferAbsentToInside.xml
----------------- Instantiating /home/travis/build/icyphy/ptII/ptolemy/domains/continuous/test/auto/TransferAbsentToInside.xml
24 ms. Memory: 685568K Free: 601315K (88%)
----------------- Invoking toplevel() on ptolemy.moml.MoMLSimpleApplication@39d847d7
----------------- Done invoking toplevel() on ptolemy.moml.MoMLSimpleApplication@39d847d7
reloadAllAccessors: .TransferAbsentToInside

===========================================================================================
----------------- testing Mon Jun 03 17:39:27 UTC 2019 /home/travis/build/icyphy/ptII/ptolemy/domains/continuous/test/auto/Transmission.xml
----------------- Instantiating /home/travis/build/icyphy/ptII/ptolemy/domains/continuous/test/auto/Transmission.xml
685 ms. Memory: 685568K Free: 362671K (53%)
----------------- Invoking toplevel() on ptolemy.moml.MoMLSimpleApplication@66bd3700
----------------- Done invoking toplevel() on ptolemy.moml.MoMLSimpleApplication@66bd3700
reloadAllAccessors: .Transmission

===========================================================================================
----------------- testing Mon Jun 03 17:39:28 UTC 2019 /home/travis/build/icyphy/ptII/ptolemy/domains/continuous/test/auto/TriggeredContinuousClock.xml
----------------- Instantiating /home/travis/build/icyphy/ptII/ptolemy/domains/continuous/test/auto/TriggeredContinuousClock.xml
64 ms. Memory: 685568K Free: 329514K (48%)
----------------- Invoking toplevel() on ptolemy.moml.MoMLSimpleApplication@1810164d
----------------- Done invoking toplevel() on ptolemy.moml.MoMLSimpleApplication@1810164d
reloadAllAccessors: .TriggeredContinuousClock

===========================================================================================
----------------- testing Mon Jun 03 17:39:28 UTC 2019 /home/travis/build/icyphy/ptII/ptolemy/domains/continuous/test/auto/TwoMachineInfiniteBusControl.xml
----------------- Instantiating /home/travis/build/icyphy/ptII/ptolemy/domains/continuous/test/auto/TwoMachineInfiniteBusControl.xml
2525 ms. Memory: 657408K Free: 316391K (48%)
----------------- Invoking toplevel() on ptolemy.moml.MoMLSimpleApplication@1177a89d
----------------- Done invoking toplevel() on ptolemy.moml.MoMLSimpleApplication@1177a89d
reloadAllAccessors: .TwoMachineInfiniteBusControl

===========================================================================================
----------------- testing Mon Jun 03 17:39:30 UTC 2019 /home/travis/build/icyphy/ptII/ptolemy/domains/continuous/test/auto/V2V.xml
----------------- Instantiating /home/travis/build/icyphy/ptII/ptolemy/domains/continuous/test/auto/V2V.xml
705 ms. Memory: 657408K Free: 120041K (18%)
----------------- Invoking toplevel() on ptolemy.moml.MoMLSimpleApplication@5f2b00d5
----------------- Done invoking toplevel() on ptolemy.moml.MoMLSimpleApplication@5f2b00d5
reloadAllAccessors: .V2V

===========================================================================================
----------------- testing Mon Jun 03 17:39:31 UTC 2019 /home/travis/build/icyphy/ptII/ptolemy/domains/continuous/test/auto/hierarchicalModalModel.xml
----------------- Instantiating /home/travis/build/icyphy/ptII/ptolemy/domains/continuous/test/auto/hierarchicalModalModel.xml
7 ms. Memory: 657408K Free: 101850K (15%)
----------------- Invoking toplevel() on ptolemy.moml.MoMLSimpleApplication@6d42544d
----------------- Done invoking toplevel() on ptolemy.moml.MoMLSimpleApplication@6d42544d
reloadAllAccessors: .hierarchicalModalModel

===========================================================================================
----------------- testing Mon Jun 03 17:39:31 UTC 2019 /home/travis/build/icyphy/ptII/ptolemy/domains/continuous/test/auto/hierarchicalModalModel1.xml
----------------- Instantiating /home/travis/build/icyphy/ptII/ptolemy/domains/continuous/test/auto/hierarchicalModalModel1.xml
6 ms. Memory: 657408K Free: 83635K (13%)
----------------- Invoking toplevel() on ptolemy.moml.MoMLSimpleApplication@49a0df3c
----------------- Done invoking toplevel() on ptolemy.moml.MoMLSimpleApplication@49a0df3c
reloadAllAccessors: .hierarchicalModalModel1

===========================================================================================
----------------- testing Mon Jun 03 17:39:31 UTC 2019 /home/travis/build/icyphy/ptII/ptolemy/domains/continuous/test/auto/hierarchicalModalModel2.xml
----------------- Instantiating /home/travis/build/icyphy/ptII/ptolemy/domains/continuous/test/auto/hierarchicalModalModel2.xml
6 ms. Memory: 657408K Free: 68223K (10%)
----------------- Invoking toplevel() on ptolemy.moml.MoMLSimpleApplication@713226d9
----------------- Done invoking toplevel() on ptolemy.moml.MoMLSimpleApplication@713226d9
reloadAllAccessors: .hierarchicalModalModel2

===========================================================================================
----------------- testing Mon Jun 03 17:39:31 UTC 2019 /home/travis/build/icyphy/ptII/ptolemy/domains/continuous/test/auto/hierarchicalModalModel3.xml
----------------- Instantiating /home/travis/build/icyphy/ptII/ptolemy/domains/continuous/test/auto/hierarchicalModalModel3.xml
5 ms. Memory: 657408K Free: 55792K (8%)
----------------- Invoking toplevel() on ptolemy.moml.MoMLSimpleApplication@32d510c5
----------------- Done invoking toplevel() on ptolemy.moml.MoMLSimpleApplication@32d510c5
reloadAllAccessors: .hierarchicalModalModel3

===========================================================================================
----------------- testing Mon Jun 03 17:39:31 UTC 2019 /home/travis/build/icyphy/ptII/ptolemy/domains/continuous/test/auto/hierarchicalModalModel4.xml
----------------- Instantiating /home/travis/build/icyphy/ptII/ptolemy/domains/continuous/test/auto/hierarchicalModalModel4.xml
4 ms. Memory: 657408K Free: 40481K (6%)
----------------- Invoking toplevel() on ptolemy.moml.MoMLSimpleApplication@1828f564
----------------- Done invoking toplevel() on ptolemy.moml.MoMLSimpleApplication@1828f564
reloadAllAccessors: .hierarchicalModalModel4

===========================================================================================
----------------- testing Mon Jun 03 17:39:31 UTC 2019 /home/travis/build/icyphy/ptII/ptolemy/domains/continuous/test/auto/junk.xml
----------------- Instantiating /home/travis/build/icyphy/ptII/ptolemy/domains/continuous/test/auto/junk.xml
141 ms. Memory: 629248K Free: 551577K (88%)
----------------- Invoking toplevel() on ptolemy.moml.MoMLSimpleApplication@d71a3f8
----------------- Done invoking toplevel() on ptolemy.moml.MoMLSimpleApplication@d71a3f8
reloadAllAccessors: .junk
AutoTests.java: About to close Vertx.
AutoTests.java: Vertx closed.
]]></system-out>
  <system-err><![CDATA[Warning: '.HysteresisWithRandomDelay.NonStrictTest3' The test produced only 27 tokens, yet the correctValues parameter was expecting 30 tokens.
Warning: '.Poisson.NonStrictTest' The test produced only 390 tokens, yet the correctValues parameter was expecting 430 tokens.
]]></system-err>
</testsuite>
