<?xml version="1.0" encoding="UTF-8" ?>
<testsuite errors="0" failures="0" hostname="travis-job-593017b2-178e-4608-868d-68594a21d127" name="ptolemy.actor.lib.hoc.test.junit.JUnitTclTest" skipped="0" tests="58" time="24.813" timestamp="2019-03-09T03:38:44">
  <properties>
[...]
</properties>
  <testcase classname="ptolemy.util.test.junit.TclTests" name="[0] /home/travis/build/icyphy/ptII/ptolemy/actor/lib/hoc/test/IterateOverArray.tcl (RunTclFile)" time="0.275" />
  <testcase classname="ptolemy.util.test.junit.AutoKnownFailedTests" name="[0] /home/travis/build/icyphy/ptII/ptolemy/actor/lib/hoc/test/auto/knownFailedTests/PreinitializeMustBeInvokedRunComposite.xml (RunModel)" time="0.233" />
  <testcase classname="ptolemy.util.test.junit.AutoNameArchTests" name="[0] ThereAreNoAutoArchTests (RunModel)" time="0.001" />
  <testcase classname="ptolemy.util.test.junit.AutoTests" name="[0] /home/travis/build/icyphy/ptII/ptolemy/actor/lib/hoc/test/auto/AllToAllMultiInstanceComposite.xml (RunModel)" time="0.252" />
  <testcase classname="ptolemy.util.test.junit.AutoTests" name="[1] /home/travis/build/icyphy/ptII/ptolemy/actor/lib/hoc/test/auto/ApplyFFTTest.xml (RunModel)" time="0.281" />
  <testcase classname="ptolemy.util.test.junit.AutoTests" name="[2] /home/travis/build/icyphy/ptII/ptolemy/actor/lib/hoc/test/auto/ApplyFunction.xml (RunModel)" time="0.059" />
  <testcase classname="ptolemy.util.test.junit.AutoTests" name="[3] /home/travis/build/icyphy/ptII/ptolemy/actor/lib/hoc/test/auto/BackgroundExecution.xml (RunModel)" time="0.753" />
  <testcase classname="ptolemy.util.test.junit.AutoTests" name="[4] /home/travis/build/icyphy/ptII/ptolemy/actor/lib/hoc/test/auto/Case.xml (RunModel)" time="0.074" />
  <testcase classname="ptolemy.util.test.junit.AutoTests" name="[5] /home/travis/build/icyphy/ptII/ptolemy/actor/lib/hoc/test/auto/Case1.xml (RunModel)" time="0.067" />
  <testcase classname="ptolemy.util.test.junit.AutoTests" name="[6] /home/travis/build/icyphy/ptII/ptolemy/actor/lib/hoc/test/auto/Case2.xml (RunModel)" time="0.129" />
  <testcase classname="ptolemy.util.test.junit.AutoTests" name="[7] /home/travis/build/icyphy/ptII/ptolemy/actor/lib/hoc/test/auto/Case3.xml (RunModel)" time="0.036" />
  <testcase classname="ptolemy.util.test.junit.AutoTests" name="[8] /home/travis/build/icyphy/ptII/ptolemy/actor/lib/hoc/test/auto/Case4.xml (RunModel)" time="0.06" />
  <testcase classname="ptolemy.util.test.junit.AutoTests" name="[9] /home/travis/build/icyphy/ptII/ptolemy/actor/lib/hoc/test/auto/Case5.xml (RunModel)" time="0.069" />
  <testcase classname="ptolemy.util.test.junit.AutoTests" name="[10] /home/travis/build/icyphy/ptII/ptolemy/actor/lib/hoc/test/auto/Case6.xml (RunModel)" time="0.116" />
  <testcase classname="ptolemy.util.test.junit.AutoTests" name="[11] /home/travis/build/icyphy/ptII/ptolemy/actor/lib/hoc/test/auto/CaseString2.xml (RunModel)" time="0.05" />
  <testcase classname="ptolemy.util.test.junit.AutoTests" name="[12] /home/travis/build/icyphy/ptII/ptolemy/actor/lib/hoc/test/auto/CatchUpComposite1.xml (RunModel)" time="0.1" />
  <testcase classname="ptolemy.util.test.junit.AutoTests" name="[13] /home/travis/build/icyphy/ptII/ptolemy/actor/lib/hoc/test/auto/CatchUpComposite2.xml (RunModel)" time="0.066" />
  <testcase classname="ptolemy.util.test.junit.AutoTests" name="[14] /home/travis/build/icyphy/ptII/ptolemy/actor/lib/hoc/test/auto/CatchUpComposite3.xml (RunModel)" time="0.056" />
  <testcase classname="ptolemy.util.test.junit.AutoTests" name="[15] /home/travis/build/icyphy/ptII/ptolemy/actor/lib/hoc/test/auto/CatchUpComposite4.xml (RunModel)" time="0.058" />
  <testcase classname="ptolemy.util.test.junit.AutoTests" name="[16] /home/travis/build/icyphy/ptII/ptolemy/actor/lib/hoc/test/auto/CatchUpComposite5.xml (RunModel)" time="0.039" />
  <testcase classname="ptolemy.util.test.junit.AutoTests" name="[17] /home/travis/build/icyphy/ptII/ptolemy/actor/lib/hoc/test/auto/CatchUpComposite6.xml (RunModel)" time="0.19" />
  <testcase classname="ptolemy.util.test.junit.AutoTests" name="[18] /home/travis/build/icyphy/ptII/ptolemy/actor/lib/hoc/test/auto/CatchUpComposite7.xml (RunModel)" time="0.107" />
  <testcase classname="ptolemy.util.test.junit.AutoTests" name="[19] /home/travis/build/icyphy/ptII/ptolemy/actor/lib/hoc/test/auto/ConcurrentExecutionTimeSDF.xml (RunModel)" time="1.229" />
  <testcase classname="ptolemy.util.test.junit.AutoTests" name="[20] /home/travis/build/icyphy/ptII/ptolemy/actor/lib/hoc/test/auto/ConcurrentSleep.xml (RunModel)" time="0.785" />
  <testcase classname="ptolemy.util.test.junit.AutoTests" name="[21] /home/travis/build/icyphy/ptII/ptolemy/actor/lib/hoc/test/auto/DEInPNInRunCompositeActor.xml (RunModel)" time="0.046" />
  <testcase classname="ptolemy.util.test.junit.AutoTests" name="[22] /home/travis/build/icyphy/ptII/ptolemy/actor/lib/hoc/test/auto/DFTSubSetTest.xml (RunModel)" time="0.31" />
  <testcase classname="ptolemy.util.test.junit.AutoTests" name="[23] /home/travis/build/icyphy/ptII/ptolemy/actor/lib/hoc/test/auto/HocDE.xml (RunModel)" time="0.175" />
  <testcase classname="ptolemy.util.test.junit.AutoTests" name="[24] /home/travis/build/icyphy/ptII/ptolemy/actor/lib/hoc/test/auto/IterateOverArray.xml (RunModel)" time="0.04" />
  <testcase classname="ptolemy.util.test.junit.AutoTests" name="[25] /home/travis/build/icyphy/ptII/ptolemy/actor/lib/hoc/test/auto/IterateOverArray10.xml (RunModel)" time="0.027" />
  <testcase classname="ptolemy.util.test.junit.AutoTests" name="[26] /home/travis/build/icyphy/ptII/ptolemy/actor/lib/hoc/test/auto/IterateOverArray11.xml (RunModel)" time="0.029" />
  <testcase classname="ptolemy.util.test.junit.AutoTests" name="[27] /home/travis/build/icyphy/ptII/ptolemy/actor/lib/hoc/test/auto/IterateOverArray12.xml (RunModel)" time="0.047" />
  <testcase classname="ptolemy.util.test.junit.AutoTests" name="[28] /home/travis/build/icyphy/ptII/ptolemy/actor/lib/hoc/test/auto/IterateOverArray13.xml (RunModel)" time="0.134" />
  <testcase classname="ptolemy.util.test.junit.AutoTests" name="[29] /home/travis/build/icyphy/ptII/ptolemy/actor/lib/hoc/test/auto/IterateOverArray14.xml (RunModel)" time="0.167" />
  <testcase classname="ptolemy.util.test.junit.AutoTests" name="[30] /home/travis/build/icyphy/ptII/ptolemy/actor/lib/hoc/test/auto/IterateOverArray2.xml (RunModel)" time="0.034" />
  <testcase classname="ptolemy.util.test.junit.AutoTests" name="[31] /home/travis/build/icyphy/ptII/ptolemy/actor/lib/hoc/test/auto/IterateOverArray3.xml (RunModel)" time="0.05" />
  <testcase classname="ptolemy.util.test.junit.AutoTests" name="[32] /home/travis/build/icyphy/ptII/ptolemy/actor/lib/hoc/test/auto/IterateOverArray4.xml (RunModel)" time="0.024" />
  <testcase classname="ptolemy.util.test.junit.AutoTests" name="[33] /home/travis/build/icyphy/ptII/ptolemy/actor/lib/hoc/test/auto/IterateOverArray5.xml (RunModel)" time="0.024" />
  <testcase classname="ptolemy.util.test.junit.AutoTests" name="[34] /home/travis/build/icyphy/ptII/ptolemy/actor/lib/hoc/test/auto/IterateOverArray6.xml (RunModel)" time="0.016" />
  <testcase classname="ptolemy.util.test.junit.AutoTests" name="[35] /home/travis/build/icyphy/ptII/ptolemy/actor/lib/hoc/test/auto/IterateOverArray7.xml (RunModel)" time="0.021" />
  <testcase classname="ptolemy.util.test.junit.AutoTests" name="[36] /home/travis/build/icyphy/ptII/ptolemy/actor/lib/hoc/test/auto/IterateOverArray8.xml (RunModel)" time="0.026" />
  <testcase classname="ptolemy.util.test.junit.AutoTests" name="[37] /home/travis/build/icyphy/ptII/ptolemy/actor/lib/hoc/test/auto/IterateOverArray9.xml (RunModel)" time="0.025" />
  <testcase classname="ptolemy.util.test.junit.AutoTests" name="[38] /home/travis/build/icyphy/ptII/ptolemy/actor/lib/hoc/test/auto/IterateOverArrayCoercedOutputType.xml (RunModel)" time="0.029" />
  <testcase classname="ptolemy.util.test.junit.AutoTests" name="[39] /home/travis/build/icyphy/ptII/ptolemy/actor/lib/hoc/test/auto/IterateOverArrayInferredOutputType.xml (RunModel)" time="0.029" />
  <testcase classname="ptolemy.util.test.junit.AutoTests" name="[40] /home/travis/build/icyphy/ptII/ptolemy/actor/lib/hoc/test/auto/MobileFunctionTest.xml (RunModel)" time="0.029" />
  <testcase classname="ptolemy.util.test.junit.AutoTests" name="[41] /home/travis/build/icyphy/ptII/ptolemy/actor/lib/hoc/test/auto/MobileModelTest.xml (RunModel)" time="0.113" />
  <testcase classname="ptolemy.util.test.junit.AutoTests" name="[42] /home/travis/build/icyphy/ptII/ptolemy/actor/lib/hoc/test/auto/ModelReference.xml (RunModel)" time="0.089" />
  <testcase classname="ptolemy.util.test.junit.AutoTests" name="[43] /home/travis/build/icyphy/ptII/ptolemy/actor/lib/hoc/test/auto/ModelReference3.xml (RunModel)" time="0.076" />
  <testcase classname="ptolemy.util.test.junit.AutoTests" name="[44] /home/travis/build/icyphy/ptII/ptolemy/actor/lib/hoc/test/auto/ModelReference4.xml (RunModel)" time="10.035" />
  <testcase classname="ptolemy.util.test.junit.AutoTests" name="[45] /home/travis/build/icyphy/ptII/ptolemy/actor/lib/hoc/test/auto/MultiInstanceComposite.xml (RunModel)" time="0.054" />
  <testcase classname="ptolemy.util.test.junit.AutoTests" name="[46] /home/travis/build/icyphy/ptII/ptolemy/actor/lib/hoc/test/auto/MultiInstanceComposite2.xml (RunModel)" time="0.037" />
  <testcase classname="ptolemy.util.test.junit.AutoTests" name="[47] /home/travis/build/icyphy/ptII/ptolemy/actor/lib/hoc/test/auto/MulticoreExecution.xml (RunModel)" time="1.191" />
  <testcase classname="ptolemy.util.test.junit.AutoTests" name="[48] /home/travis/build/icyphy/ptII/ptolemy/actor/lib/hoc/test/auto/ParallelExecution.xml (RunModel)" time="0.957" />
  <testcase classname="ptolemy.util.test.junit.AutoTests" name="[49] /home/travis/build/icyphy/ptII/ptolemy/actor/lib/hoc/test/auto/RunCompositeActor.xml (RunModel)" time="0.023" />
  <testcase classname="ptolemy.util.test.junit.AutoTests" name="[50] /home/travis/build/icyphy/ptII/ptolemy/actor/lib/hoc/test/auto/RunCompositeActor2.xml (RunModel)" time="0.031" />
  <testcase classname="ptolemy.util.test.junit.AutoTests" name="[51] /home/travis/build/icyphy/ptII/ptolemy/actor/lib/hoc/test/auto/RunCompositeActor3.xml (RunModel)" time="0.03" />
  <testcase classname="ptolemy.util.test.junit.AutoTests" name="[52] /home/travis/build/icyphy/ptII/ptolemy/actor/lib/hoc/test/auto/RunCompositeActor4.xml (RunModel)" time="0.046" />
  <testcase classname="ptolemy.util.test.junit.AutoTests" name="[53] /home/travis/build/icyphy/ptII/ptolemy/actor/lib/hoc/test/auto/RunCompositeIterateOverArray.xml (RunModel)" time="0.024" />
  <testcase classname="ptolemy.util.test.junit.AutoTests" name="[54] /home/travis/build/icyphy/ptII/ptolemy/actor/lib/hoc/test/auto/ThreadedJS.xml (RunModel)" time="5.23" />
  <system-out><![CDATA[/home/travis/build/icyphy/ptII/ptolemy/actor/lib/hoc/test/IterateOverArray.tcl
testDefs.tcl: setting time out to 9000 seconds at Sat Mar 09 03:38:44 UTC 2019
03/09/19 03:38:44
Failed: 0  Total Tests: 2  ((Passed: 2, Newly Passed: 0)  Known Failed: 0) /home/travis/build/icyphy/ptII/ptolemy/actor/lib/hoc/test
----------------- testing (KnownFailure) /home/travis/build/icyphy/ptII/ptolemy/actor/lib/hoc/test/auto/knownFailedTests/PreinitializeMustBeInvokedRunComposite.xml
46 ms. Memory: 116224K Free: 106881K (92%)
Known Failure: java.lang.reflect.InvocationTargetException
No auto/linux-amd64/*.xml tests in /home/travis/build/icyphy/ptII/ptolemy/actor/lib/hoc/test
AutoTests.java: About to close Vertx.
AutoTests.java: Vertx closed.

===========================================================================================
----------------- testing Sat Mar 09 03:38:45 UTC 2019 /home/travis/build/icyphy/ptII/ptolemy/actor/lib/hoc/test/auto/AllToAllMultiInstanceComposite.xml
----------------- Instantiating /home/travis/build/icyphy/ptII/ptolemy/actor/lib/hoc/test/auto/AllToAllMultiInstanceComposite.xml
83 ms. Memory: 146944K Free: 120751K (82%)
----------------- Invoking toplevel() on ptolemy.moml.MoMLSimpleApplication@99cb615
----------------- Done invoking toplevel() on ptolemy.moml.MoMLSimpleApplication@99cb615
reloadAllAccessors: .AllToAllMultiInstanceComposite

===========================================================================================
----------------- testing Sat Mar 09 03:38:45 UTC 2019 /home/travis/build/icyphy/ptII/ptolemy/actor/lib/hoc/test/auto/ApplyFFTTest.xml
----------------- Instantiating /home/travis/build/icyphy/ptII/ptolemy/actor/lib/hoc/test/auto/ApplyFFTTest.xml
116 ms. Memory: 146944K Free: 100465K (68%)
----------------- Invoking toplevel() on ptolemy.moml.MoMLSimpleApplication@76dd290d
----------------- Done invoking toplevel() on ptolemy.moml.MoMLSimpleApplication@76dd290d
reloadAllAccessors: .ApplyFFTTest

===========================================================================================
----------------- testing Sat Mar 09 03:38:45 UTC 2019 /home/travis/build/icyphy/ptII/ptolemy/actor/lib/hoc/test/auto/ApplyFunction.xml
----------------- Instantiating /home/travis/build/icyphy/ptII/ptolemy/actor/lib/hoc/test/auto/ApplyFunction.xml
24 ms. Memory: 146944K Free: 97099K (66%)
----------------- Invoking toplevel() on ptolemy.moml.MoMLSimpleApplication@2fdb5ec5
----------------- Done invoking toplevel() on ptolemy.moml.MoMLSimpleApplication@2fdb5ec5
reloadAllAccessors: .ApplyFunction

===========================================================================================
----------------- testing Sat Mar 09 03:38:45 UTC 2019 /home/travis/build/icyphy/ptII/ptolemy/actor/lib/hoc/test/auto/BackgroundExecution.xml
----------------- Instantiating /home/travis/build/icyphy/ptII/ptolemy/actor/lib/hoc/test/auto/BackgroundExecution.xml
645 ms. Memory: 146944K Free: 89563K (61%)
----------------- Invoking toplevel() on ptolemy.moml.MoMLSimpleApplication@575a7226
----------------- Done invoking toplevel() on ptolemy.moml.MoMLSimpleApplication@575a7226
reloadAllAccessors: .BackgroundExecution

===========================================================================================
----------------- testing Sat Mar 09 03:38:46 UTC 2019 /home/travis/build/icyphy/ptII/ptolemy/actor/lib/hoc/test/auto/Case.xml
----------------- Instantiating /home/travis/build/icyphy/ptII/ptolemy/actor/lib/hoc/test/auto/Case.xml
28 ms. Memory: 146944K Free: 81048K (55%)
----------------- Invoking toplevel() on ptolemy.moml.MoMLSimpleApplication@2af11381
----------------- Done invoking toplevel() on ptolemy.moml.MoMLSimpleApplication@2af11381
reloadAllAccessors: .Case

===========================================================================================
----------------- testing Sat Mar 09 03:38:46 UTC 2019 /home/travis/build/icyphy/ptII/ptolemy/actor/lib/hoc/test/auto/Case1.xml
----------------- Instantiating /home/travis/build/icyphy/ptII/ptolemy/actor/lib/hoc/test/auto/Case1.xml
16 ms. Memory: 146944K Free: 135902K (92%)
----------------- Invoking toplevel() on ptolemy.moml.MoMLSimpleApplication@461b6e93
----------------- Done invoking toplevel() on ptolemy.moml.MoMLSimpleApplication@461b6e93
reloadAllAccessors: .Case1

===========================================================================================
----------------- testing Sat Mar 09 03:38:46 UTC 2019 /home/travis/build/icyphy/ptII/ptolemy/actor/lib/hoc/test/auto/Case2.xml
----------------- Instantiating /home/travis/build/icyphy/ptII/ptolemy/actor/lib/hoc/test/auto/Case2.xml
52 ms. Memory: 146944K Free: 124726K (85%)
----------------- Invoking toplevel() on ptolemy.moml.MoMLSimpleApplication@6b84d065
----------------- Done invoking toplevel() on ptolemy.moml.MoMLSimpleApplication@6b84d065
reloadAllAccessors: .Case2

===========================================================================================
----------------- testing Sat Mar 09 03:38:46 UTC 2019 /home/travis/build/icyphy/ptII/ptolemy/actor/lib/hoc/test/auto/Case3.xml
----------------- Instantiating /home/travis/build/icyphy/ptII/ptolemy/actor/lib/hoc/test/auto/Case3.xml
8 ms. Memory: 146944K Free: 118413K (81%)
----------------- Invoking toplevel() on ptolemy.moml.MoMLSimpleApplication@3b869440
----------------- Done invoking toplevel() on ptolemy.moml.MoMLSimpleApplication@3b869440
reloadAllAccessors: .Case3

===========================================================================================
----------------- testing Sat Mar 09 03:38:47 UTC 2019 /home/travis/build/icyphy/ptII/ptolemy/actor/lib/hoc/test/auto/Case4.xml
----------------- Instantiating /home/travis/build/icyphy/ptII/ptolemy/actor/lib/hoc/test/auto/Case4.xml
14 ms. Memory: 146944K Free: 109780K (75%)
----------------- Invoking toplevel() on ptolemy.moml.MoMLSimpleApplication@16a62342
----------------- Done invoking toplevel() on ptolemy.moml.MoMLSimpleApplication@16a62342
reloadAllAccessors: .Case4

===========================================================================================
----------------- testing Sat Mar 09 03:38:47 UTC 2019 /home/travis/build/icyphy/ptII/ptolemy/actor/lib/hoc/test/auto/Case5.xml
----------------- Instantiating /home/travis/build/icyphy/ptII/ptolemy/actor/lib/hoc/test/auto/Case5.xml
43 ms. Memory: 146944K Free: 102978K (70%)
----------------- Invoking toplevel() on ptolemy.moml.MoMLSimpleApplication@7f968efc
----------------- Done invoking toplevel() on ptolemy.moml.MoMLSimpleApplication@7f968efc
reloadAllAccessors: .junk

===========================================================================================
----------------- testing Sat Mar 09 03:38:47 UTC 2019 /home/travis/build/icyphy/ptII/ptolemy/actor/lib/hoc/test/auto/Case6.xml
----------------- Instantiating /home/travis/build/icyphy/ptII/ptolemy/actor/lib/hoc/test/auto/Case6.xml
54 ms. Memory: 146944K Free: 89446K (61%)
----------------- Invoking toplevel() on ptolemy.moml.MoMLSimpleApplication@107de0d6
----------------- Done invoking toplevel() on ptolemy.moml.MoMLSimpleApplication@107de0d6
reloadAllAccessors: .Case6

===========================================================================================
----------------- testing Sat Mar 09 03:38:47 UTC 2019 /home/travis/build/icyphy/ptII/ptolemy/actor/lib/hoc/test/auto/CaseString2.xml
----------------- Instantiating /home/travis/build/icyphy/ptII/ptolemy/actor/lib/hoc/test/auto/CaseString2.xml
12 ms. Memory: 146944K Free: 81479K (55%)
----------------- Invoking toplevel() on ptolemy.moml.MoMLSimpleApplication@5b357fc6
----------------- Done invoking toplevel() on ptolemy.moml.MoMLSimpleApplication@5b357fc6
reloadAllAccessors: .CaseString2

===========================================================================================
----------------- testing Sat Mar 09 03:38:47 UTC 2019 /home/travis/build/icyphy/ptII/ptolemy/actor/lib/hoc/test/auto/CatchUpComposite1.xml
----------------- Instantiating /home/travis/build/icyphy/ptII/ptolemy/actor/lib/hoc/test/auto/CatchUpComposite1.xml
28 ms. Memory: 208384K Free: 194560K (93%)
----------------- Invoking toplevel() on ptolemy.moml.MoMLSimpleApplication@2034a7c9
----------------- Done invoking toplevel() on ptolemy.moml.MoMLSimpleApplication@2034a7c9
reloadAllAccessors: .CatchUpComposite1

===========================================================================================
----------------- testing Sat Mar 09 03:38:47 UTC 2019 /home/travis/build/icyphy/ptII/ptolemy/actor/lib/hoc/test/auto/CatchUpComposite2.xml
----------------- Instantiating /home/travis/build/icyphy/ptII/ptolemy/actor/lib/hoc/test/auto/CatchUpComposite2.xml
18 ms. Memory: 208384K Free: 184692K (89%)
----------------- Invoking toplevel() on ptolemy.moml.MoMLSimpleApplication@3703357d
----------------- Done invoking toplevel() on ptolemy.moml.MoMLSimpleApplication@3703357d
reloadAllAccessors: .CatchUpComposite2

===========================================================================================
----------------- testing Sat Mar 09 03:38:47 UTC 2019 /home/travis/build/icyphy/ptII/ptolemy/actor/lib/hoc/test/auto/CatchUpComposite3.xml
----------------- Instantiating /home/travis/build/icyphy/ptII/ptolemy/actor/lib/hoc/test/auto/CatchUpComposite3.xml
6 ms. Memory: 208384K Free: 174848K (84%)
----------------- Invoking toplevel() on ptolemy.moml.MoMLSimpleApplication@3347e40
----------------- Done invoking toplevel() on ptolemy.moml.MoMLSimpleApplication@3347e40
reloadAllAccessors: .CatchUpComposite3

===========================================================================================
----------------- testing Sat Mar 09 03:38:47 UTC 2019 /home/travis/build/icyphy/ptII/ptolemy/actor/lib/hoc/test/auto/CatchUpComposite4.xml
----------------- Instantiating /home/travis/build/icyphy/ptII/ptolemy/actor/lib/hoc/test/auto/CatchUpComposite4.xml
20 ms. Memory: 208384K Free: 164979K (79%)
----------------- Invoking toplevel() on ptolemy.moml.MoMLSimpleApplication@74ffc422
----------------- Done invoking toplevel() on ptolemy.moml.MoMLSimpleApplication@74ffc422
reloadAllAccessors: .CatchUpComposite4

===========================================================================================
----------------- testing Sat Mar 09 03:38:47 UTC 2019 /home/travis/build/icyphy/ptII/ptolemy/actor/lib/hoc/test/auto/CatchUpComposite5.xml
----------------- Instantiating /home/travis/build/icyphy/ptII/ptolemy/actor/lib/hoc/test/auto/CatchUpComposite5.xml
11 ms. Memory: 208384K Free: 156755K (75%)
----------------- Invoking toplevel() on ptolemy.moml.MoMLSimpleApplication@673fcb61
----------------- Done invoking toplevel() on ptolemy.moml.MoMLSimpleApplication@673fcb61
reloadAllAccessors: .CatchUpComposite5

===========================================================================================
----------------- testing Sat Mar 09 03:38:47 UTC 2019 /home/travis/build/icyphy/ptII/ptolemy/actor/lib/hoc/test/auto/CatchUpComposite6.xml
----------------- Instantiating /home/travis/build/icyphy/ptII/ptolemy/actor/lib/hoc/test/auto/CatchUpComposite6.xml
WARNING: The execution aspects in this model can influence the timing of actors by delaying the 
execution, potentially changing the behavior. There is no guarantee that actors fire at the 
time they request to be fired. 
Use Ptides for deterministic DE behavior that is not influenced by execution aspects. 

108 ms. Memory: 208384K Free: 139518K (67%)
----------------- Invoking toplevel() on ptolemy.moml.MoMLSimpleApplication@24ba4afe
----------------- Done invoking toplevel() on ptolemy.moml.MoMLSimpleApplication@24ba4afe
reloadAllAccessors: .CatchUpComposite6

===========================================================================================
----------------- testing Sat Mar 09 03:38:47 UTC 2019 /home/travis/build/icyphy/ptII/ptolemy/actor/lib/hoc/test/auto/CatchUpComposite7.xml
----------------- Instantiating /home/travis/build/icyphy/ptII/ptolemy/actor/lib/hoc/test/auto/CatchUpComposite7.xml
WARNING: The execution aspects in this model can influence the timing of actors by delaying the 
execution, potentially changing the behavior. There is no guarantee that actors fire at the 
time they request to be fired. 
Use Ptides for deterministic DE behavior that is not influenced by execution aspects. 

50 ms. Memory: 208384K Free: 123096K (59%)
----------------- Invoking toplevel() on ptolemy.moml.MoMLSimpleApplication@269416ae
----------------- Done invoking toplevel() on ptolemy.moml.MoMLSimpleApplication@269416ae
reloadAllAccessors: .CatchUpComposite7

===========================================================================================
----------------- testing Sat Mar 09 03:38:47 UTC 2019 /home/travis/build/icyphy/ptII/ptolemy/actor/lib/hoc/test/auto/ConcurrentExecutionTimeSDF.xml
----------------- Instantiating /home/travis/build/icyphy/ptII/ptolemy/actor/lib/hoc/test/auto/ConcurrentExecutionTimeSDF.xml
Fired ExecutionTime: 40400000
Fired ExecutionTime: 40400000
Fired ExecutionTime: 40400000
Fired ExecutionTime: 40400000
Fired ExecutionTime: 40400000
Fired ExecutionTime: 40400000
Fired ExecutionTime: 40400000
Fired ExecutionTime: 40400000
Fired ExecutionTime: 40400000
Fired ExecutionTime: 40400000
Fired ExecutionTime: 40400000
Fired ExecutionTime: 40400000
Fired ExecutionTime: 40400000
Fired ExecutionTime: 40400000
Fired ExecutionTime: 40400000
Fired ExecutionTime: 40400000
Fired ExecutionTime: 40400000
Fired ExecutionTime: 40400000
Fired ExecutionTime: 40400000
Fired ExecutionTime: 40400000
1192 ms. Memory: 208384K Free: 114903K (55%)
----------------- Invoking toplevel() on ptolemy.moml.MoMLSimpleApplication@1908434
----------------- Done invoking toplevel() on ptolemy.moml.MoMLSimpleApplication@1908434
reloadAllAccessors: .ConcurrentExecutionTimeSDF

===========================================================================================
----------------- testing Sat Mar 09 03:38:49 UTC 2019 /home/travis/build/icyphy/ptII/ptolemy/actor/lib/hoc/test/auto/ConcurrentSleep.xml
----------------- Instantiating /home/travis/build/icyphy/ptII/ptolemy/actor/lib/hoc/test/auto/ConcurrentSleep.xml
743 ms. Memory: 208384K Free: 100929K (48%)
----------------- Invoking toplevel() on ptolemy.moml.MoMLSimpleApplication@52bc740
----------------- Done invoking toplevel() on ptolemy.moml.MoMLSimpleApplication@52bc740
reloadAllAccessors: .ConcurrentSleep

===========================================================================================
----------------- testing Sat Mar 09 03:38:49 UTC 2019 /home/travis/build/icyphy/ptII/ptolemy/actor/lib/hoc/test/auto/DEInPNInRunCompositeActor.xml
----------------- Instantiating /home/travis/build/icyphy/ptII/ptolemy/actor/lib/hoc/test/auto/DEInPNInRunCompositeActor.xml
15 ms. Memory: 208384K Free: 92699K (44%)
----------------- Invoking toplevel() on ptolemy.moml.MoMLSimpleApplication@5ddd1f4e
----------------- Done invoking toplevel() on ptolemy.moml.MoMLSimpleApplication@5ddd1f4e
reloadAllAccessors: .DEInPNInRunCompositeActor

===========================================================================================
----------------- testing Sat Mar 09 03:38:50 UTC 2019 /home/travis/build/icyphy/ptII/ptolemy/actor/lib/hoc/test/auto/DFTSubSetTest.xml
----------------- Instantiating /home/travis/build/icyphy/ptII/ptolemy/actor/lib/hoc/test/auto/DFTSubSetTest.xml
183 ms. Memory: 208384K Free: 169496K (81%)
----------------- Invoking toplevel() on ptolemy.moml.MoMLSimpleApplication@46009a32
----------------- Done invoking toplevel() on ptolemy.moml.MoMLSimpleApplication@46009a32
reloadAllAccessors: .DFTSubSetTest

===========================================================================================
----------------- testing Sat Mar 09 03:38:50 UTC 2019 /home/travis/build/icyphy/ptII/ptolemy/actor/lib/hoc/test/auto/HocDE.xml
----------------- Instantiating /home/travis/build/icyphy/ptII/ptolemy/actor/lib/hoc/test/auto/HocDE.xml
131 ms. Memory: 208384K Free: 142705K (68%)
----------------- Invoking toplevel() on ptolemy.moml.MoMLSimpleApplication@3a81111b
----------------- Done invoking toplevel() on ptolemy.moml.MoMLSimpleApplication@3a81111b
reloadAllAccessors: .HocDE

===========================================================================================
----------------- testing Sat Mar 09 03:38:50 UTC 2019 /home/travis/build/icyphy/ptII/ptolemy/actor/lib/hoc/test/auto/IterateOverArray.xml
----------------- Instantiating /home/travis/build/icyphy/ptII/ptolemy/actor/lib/hoc/test/auto/IterateOverArray.xml
5 ms. Memory: 208384K Free: 137150K (66%)
----------------- Invoking toplevel() on ptolemy.moml.MoMLSimpleApplication@3d9bbcc8
----------------- Done invoking toplevel() on ptolemy.moml.MoMLSimpleApplication@3d9bbcc8
reloadAllAccessors: .IterateOverArray

===========================================================================================
----------------- testing Sat Mar 09 03:38:50 UTC 2019 /home/travis/build/icyphy/ptII/ptolemy/actor/lib/hoc/test/auto/IterateOverArray10.xml
----------------- Instantiating /home/travis/build/icyphy/ptII/ptolemy/actor/lib/hoc/test/auto/IterateOverArray10.xml
3 ms. Memory: 208384K Free: 133038K (64%)
----------------- Invoking toplevel() on ptolemy.moml.MoMLSimpleApplication@1a6f073d
----------------- Done invoking toplevel() on ptolemy.moml.MoMLSimpleApplication@1a6f073d
reloadAllAccessors: .IterateOverArray10

===========================================================================================
----------------- testing Sat Mar 09 03:38:50 UTC 2019 /home/travis/build/icyphy/ptII/ptolemy/actor/lib/hoc/test/auto/IterateOverArray11.xml
----------------- Instantiating /home/travis/build/icyphy/ptII/ptolemy/actor/lib/hoc/test/auto/IterateOverArray11.xml
7 ms. Memory: 208384K Free: 127499K (61%)
----------------- Invoking toplevel() on ptolemy.moml.MoMLSimpleApplication@7ee99e90
----------------- Done invoking toplevel() on ptolemy.moml.MoMLSimpleApplication@7ee99e90
reloadAllAccessors: .IterateOverArray11

===========================================================================================
----------------- testing Sat Mar 09 03:38:50 UTC 2019 /home/travis/build/icyphy/ptII/ptolemy/actor/lib/hoc/test/auto/IterateOverArray12.xml
----------------- Instantiating /home/travis/build/icyphy/ptII/ptolemy/actor/lib/hoc/test/auto/IterateOverArray12.xml
21 ms. Memory: 208384K Free: 120913K (58%)
----------------- Invoking toplevel() on ptolemy.moml.MoMLSimpleApplication@5dba057c
----------------- Done invoking toplevel() on ptolemy.moml.MoMLSimpleApplication@5dba057c
reloadAllAccessors: .IterateOverArray12

===========================================================================================
----------------- testing Sat Mar 09 03:38:50 UTC 2019 /home/travis/build/icyphy/ptII/ptolemy/actor/lib/hoc/test/auto/IterateOverArray13.xml
----------------- Instantiating /home/travis/build/icyphy/ptII/ptolemy/actor/lib/hoc/test/auto/IterateOverArray13.xml
65 ms. Memory: 208384K Free: 92420K (44%)
----------------- Invoking toplevel() on ptolemy.moml.MoMLSimpleApplication@3d96f229
----------------- Done invoking toplevel() on ptolemy.moml.MoMLSimpleApplication@3d96f229
reloadAllAccessors: .IterateOverArray13

===========================================================================================
----------------- testing Sat Mar 09 03:38:50 UTC 2019 /home/travis/build/icyphy/ptII/ptolemy/actor/lib/hoc/test/auto/IterateOverArray14.xml
----------------- Instantiating /home/travis/build/icyphy/ptII/ptolemy/actor/lib/hoc/test/auto/IterateOverArray14.xml
63 ms. Memory: 332288K Free: 302652K (91%)
----------------- Invoking toplevel() on ptolemy.moml.MoMLSimpleApplication@5d615d0
----------------- Done invoking toplevel() on ptolemy.moml.MoMLSimpleApplication@5d615d0
reloadAllAccessors: .IterateOverArray14

===========================================================================================
----------------- testing Sat Mar 09 03:38:50 UTC 2019 /home/travis/build/icyphy/ptII/ptolemy/actor/lib/hoc/test/auto/IterateOverArray2.xml
----------------- Instantiating /home/travis/build/icyphy/ptII/ptolemy/actor/lib/hoc/test/auto/IterateOverArray2.xml
12 ms. Memory: 332288K Free: 295327K (89%)
----------------- Invoking toplevel() on ptolemy.moml.MoMLSimpleApplication@79c99e80
----------------- Done invoking toplevel() on ptolemy.moml.MoMLSimpleApplication@79c99e80
reloadAllAccessors: .IterateOverArray2

===========================================================================================
----------------- testing Sat Mar 09 03:38:50 UTC 2019 /home/travis/build/icyphy/ptII/ptolemy/actor/lib/hoc/test/auto/IterateOverArray3.xml
----------------- Instantiating /home/travis/build/icyphy/ptII/ptolemy/actor/lib/hoc/test/auto/IterateOverArray3.xml
21 ms. Memory: 332288K Free: 288787K (87%)
----------------- Invoking toplevel() on ptolemy.moml.MoMLSimpleApplication@26db6c99
----------------- Done invoking toplevel() on ptolemy.moml.MoMLSimpleApplication@26db6c99
reloadAllAccessors: .IterateOverArray3

===========================================================================================
----------------- testing Sat Mar 09 03:38:51 UTC 2019 /home/travis/build/icyphy/ptII/ptolemy/actor/lib/hoc/test/auto/IterateOverArray4.xml
----------------- Instantiating /home/travis/build/icyphy/ptII/ptolemy/actor/lib/hoc/test/auto/IterateOverArray4.xml
5 ms. Memory: 332288K Free: 283104K (85%)
----------------- Invoking toplevel() on ptolemy.moml.MoMLSimpleApplication@49b6f817
----------------- Done invoking toplevel() on ptolemy.moml.MoMLSimpleApplication@49b6f817
reloadAllAccessors: .IterateOverArray4

===========================================================================================
----------------- testing Sat Mar 09 03:38:51 UTC 2019 /home/travis/build/icyphy/ptII/ptolemy/actor/lib/hoc/test/auto/IterateOverArray5.xml
----------------- Instantiating /home/travis/build/icyphy/ptII/ptolemy/actor/lib/hoc/test/auto/IterateOverArray5.xml
4 ms. Memory: 332288K Free: 278199K (84%)
----------------- Invoking toplevel() on ptolemy.moml.MoMLSimpleApplication@7d868d04
----------------- Done invoking toplevel() on ptolemy.moml.MoMLSimpleApplication@7d868d04
reloadAllAccessors: .IterateOverArray5

===========================================================================================
----------------- testing Sat Mar 09 03:38:51 UTC 2019 /home/travis/build/icyphy/ptII/ptolemy/actor/lib/hoc/test/auto/IterateOverArray6.xml
----------------- Instantiating /home/travis/build/icyphy/ptII/ptolemy/actor/lib/hoc/test/auto/IterateOverArray6.xml
2 ms. Memory: 332288K Free: 272517K (82%)
----------------- Invoking toplevel() on ptolemy.moml.MoMLSimpleApplication@5e497c9d
----------------- Done invoking toplevel() on ptolemy.moml.MoMLSimpleApplication@5e497c9d
reloadAllAccessors: .IterateOverArray6

===========================================================================================
----------------- testing Sat Mar 09 03:38:51 UTC 2019 /home/travis/build/icyphy/ptII/ptolemy/actor/lib/hoc/test/auto/IterateOverArray7.xml
----------------- Instantiating /home/travis/build/icyphy/ptII/ptolemy/actor/lib/hoc/test/auto/IterateOverArray7.xml
3 ms. Memory: 332288K Free: 267612K (81%)
----------------- Invoking toplevel() on ptolemy.moml.MoMLSimpleApplication@2a43da70
----------------- Done invoking toplevel() on ptolemy.moml.MoMLSimpleApplication@2a43da70
reloadAllAccessors: .IterateOverArray7

===========================================================================================
----------------- testing Sat Mar 09 03:38:51 UTC 2019 /home/travis/build/icyphy/ptII/ptolemy/actor/lib/hoc/test/auto/IterateOverArray8.xml
----------------- Instantiating /home/travis/build/icyphy/ptII/ptolemy/actor/lib/hoc/test/auto/IterateOverArray8.xml
5 ms. Memory: 332288K Free: 262707K (79%)
----------------- Invoking toplevel() on ptolemy.moml.MoMLSimpleApplication@1973c3a9
----------------- Done invoking toplevel() on ptolemy.moml.MoMLSimpleApplication@1973c3a9
reloadAllAccessors: .IterateOverArray8

===========================================================================================
----------------- testing Sat Mar 09 03:38:51 UTC 2019 /home/travis/build/icyphy/ptII/ptolemy/actor/lib/hoc/test/auto/IterateOverArray9.xml
----------------- Instantiating /home/travis/build/icyphy/ptII/ptolemy/actor/lib/hoc/test/auto/IterateOverArray9.xml
8 ms. Memory: 332288K Free: 257025K (77%)
----------------- Invoking toplevel() on ptolemy.moml.MoMLSimpleApplication@107b19
----------------- Done invoking toplevel() on ptolemy.moml.MoMLSimpleApplication@107b19
reloadAllAccessors: .IterateOverArray9

===========================================================================================
----------------- testing Sat Mar 09 03:38:51 UTC 2019 /home/travis/build/icyphy/ptII/ptolemy/actor/lib/hoc/test/auto/IterateOverArrayCoercedOutputType.xml
----------------- Instantiating /home/travis/build/icyphy/ptII/ptolemy/actor/lib/hoc/test/auto/IterateOverArrayCoercedOutputType.xml
5 ms. Memory: 332288K Free: 250485K (75%)
----------------- Invoking toplevel() on ptolemy.moml.MoMLSimpleApplication@7f3e6aa0
----------------- Done invoking toplevel() on ptolemy.moml.MoMLSimpleApplication@7f3e6aa0
reloadAllAccessors: .IterateOverArrayCoercedOutputType

===========================================================================================
----------------- testing Sat Mar 09 03:38:51 UTC 2019 /home/travis/build/icyphy/ptII/ptolemy/actor/lib/hoc/test/auto/IterateOverArrayInferredOutputType.xml
----------------- Instantiating /home/travis/build/icyphy/ptII/ptolemy/actor/lib/hoc/test/auto/IterateOverArrayInferredOutputType.xml
8 ms. Memory: 332288K Free: 243167K (73%)
----------------- Invoking toplevel() on ptolemy.moml.MoMLSimpleApplication@1015b79a
----------------- Done invoking toplevel() on ptolemy.moml.MoMLSimpleApplication@1015b79a
reloadAllAccessors: .IterateOverArrayInferredOutputType

===========================================================================================
----------------- testing Sat Mar 09 03:38:51 UTC 2019 /home/travis/build/icyphy/ptII/ptolemy/actor/lib/hoc/test/auto/MobileFunctionTest.xml
----------------- Instantiating /home/travis/build/icyphy/ptII/ptolemy/actor/lib/hoc/test/auto/MobileFunctionTest.xml
5 ms. Memory: 332288K Free: 238262K (72%)
----------------- Invoking toplevel() on ptolemy.moml.MoMLSimpleApplication@271487af
----------------- Done invoking toplevel() on ptolemy.moml.MoMLSimpleApplication@271487af
reloadAllAccessors: .MobileFunctionTest

===========================================================================================
----------------- testing Sat Mar 09 03:38:51 UTC 2019 /home/travis/build/icyphy/ptII/ptolemy/actor/lib/hoc/test/auto/MobileModelTest.xml
----------------- Instantiating /home/travis/build/icyphy/ptII/ptolemy/actor/lib/hoc/test/auto/MobileModelTest.xml
77 ms. Memory: 332288K Free: 216213K (65%)
----------------- Invoking toplevel() on ptolemy.moml.MoMLSimpleApplication@5170aa23
----------------- Done invoking toplevel() on ptolemy.moml.MoMLSimpleApplication@5170aa23
reloadAllAccessors: .MobileModelTest

===========================================================================================
----------------- testing Sat Mar 09 03:38:51 UTC 2019 /home/travis/build/icyphy/ptII/ptolemy/actor/lib/hoc/test/auto/ModelReference.xml
----------------- Instantiating /home/travis/build/icyphy/ptII/ptolemy/actor/lib/hoc/test/auto/ModelReference.xml
4 ms. Memory: 332288K Free: 208038K (63%)
2 ms. Memory: 332288K Free: 208038K (63%)
2 ms. Memory: 332288K Free: 206403K (62%)
2 ms. Memory: 332288K Free: 206403K (62%)
4 ms. Memory: 332288K Free: 204768K (62%)
5 ms. Memory: 332288K Free: 204768K (62%)
2 ms. Memory: 332288K Free: 203133K (61%)
2 ms. Memory: 332288K Free: 203133K (61%)
1 ms. Memory: 332288K Free: 201498K (61%)
3 ms. Memory: 332288K Free: 201498K (61%)
36 ms. Memory: 332288K Free: 201498K (61%)
----------------- Invoking toplevel() on ptolemy.moml.MoMLSimpleApplication@1a109002
----------------- Done invoking toplevel() on ptolemy.moml.MoMLSimpleApplication@1a109002
reloadAllAccessors: .ModelReference

===========================================================================================
----------------- testing Sat Mar 09 03:38:51 UTC 2019 /home/travis/build/icyphy/ptII/ptolemy/actor/lib/hoc/test/auto/ModelReference3.xml
----------------- Instantiating /home/travis/build/icyphy/ptII/ptolemy/actor/lib/hoc/test/auto/ModelReference3.xml
2 ms. Memory: 332288K Free: 196593K (59%)
1 ms. Memory: 332288K Free: 194958K (59%)
1 ms. Memory: 332288K Free: 194958K (59%)
2 ms. Memory: 332288K Free: 193323K (58%)
1 ms. Memory: 332288K Free: 193323K (58%)
2 ms. Memory: 332288K Free: 191688K (58%)
2 ms. Memory: 332288K Free: 191688K (58%)
5 ms. Memory: 332288K Free: 190053K (57%)
2 ms. Memory: 332288K Free: 190053K (57%)
3 ms. Memory: 332288K Free: 188418K (57%)
31 ms. Memory: 332288K Free: 188418K (57%)
----------------- Invoking toplevel() on ptolemy.moml.MoMLSimpleApplication@a1c8f2c
----------------- Done invoking toplevel() on ptolemy.moml.MoMLSimpleApplication@a1c8f2c
reloadAllAccessors: .ModelReference3

===========================================================================================
----------------- testing Sat Mar 09 03:38:51 UTC 2019 /home/travis/build/icyphy/ptII/ptolemy/actor/lib/hoc/test/auto/ModelReference4.xml
----------------- Instantiating /home/travis/build/icyphy/ptII/ptolemy/actor/lib/hoc/test/auto/ModelReference4.xml
3 ms. Memory: 332288K Free: 181100K (55%)
3 ms. Memory: 332288K Free: 179465K (54%)
2 ms. Memory: 332288K Free: 177830K (54%)
5 ms. Memory: 332288K Free: 176195K (53%)
2 ms. Memory: 332288K Free: 172909K (52%)
7 ms. Memory: 332288K Free: 171274K (52%)
2 ms. Memory: 332288K Free: 169639K (51%)
8 ms. Memory: 332288K Free: 168004K (51%)
2 ms. Memory: 332288K Free: 166370K (50%)
3 ms. Memory: 332288K Free: 164735K (50%)
10020 ms. Memory: 332288K Free: 164735K (50%)
----------------- Invoking toplevel() on ptolemy.moml.MoMLSimpleApplication@116a5db9
----------------- Done invoking toplevel() on ptolemy.moml.MoMLSimpleApplication@116a5db9
reloadAllAccessors: .ModelReference4

===========================================================================================
----------------- testing Sat Mar 09 03:39:01 UTC 2019 /home/travis/build/icyphy/ptII/ptolemy/actor/lib/hoc/test/auto/MultiInstanceComposite.xml
----------------- Instantiating /home/travis/build/icyphy/ptII/ptolemy/actor/lib/hoc/test/auto/MultiInstanceComposite.xml
30 ms. Memory: 332288K Free: 146717K (44%)
----------------- Invoking toplevel() on ptolemy.moml.MoMLSimpleApplication@237919d6
----------------- Done invoking toplevel() on ptolemy.moml.MoMLSimpleApplication@237919d6
reloadAllAccessors: .MultiInstanceComposite

===========================================================================================
----------------- testing Sat Mar 09 03:39:01 UTC 2019 /home/travis/build/icyphy/ptII/ptolemy/actor/lib/hoc/test/auto/MultiInstanceComposite2.xml
----------------- Instantiating /home/travis/build/icyphy/ptII/ptolemy/actor/lib/hoc/test/auto/MultiInstanceComposite2.xml
15 ms. Memory: 332288K Free: 132787K (40%)
----------------- Invoking toplevel() on ptolemy.moml.MoMLSimpleApplication@5e8ffd93
----------------- Done invoking toplevel() on ptolemy.moml.MoMLSimpleApplication@5e8ffd93
reloadAllAccessors: .MultiInstanceComposite2

===========================================================================================
----------------- testing Sat Mar 09 03:39:01 UTC 2019 /home/travis/build/icyphy/ptII/ptolemy/actor/lib/hoc/test/auto/MulticoreExecution.xml
----------------- Instantiating /home/travis/build/icyphy/ptII/ptolemy/actor/lib/hoc/test/auto/MulticoreExecution.xml
Fired ExecutionTime: 2800000
Fired ExecutionTime: 3200000
Fired ExecutionTime: 2000000
Fired ExecutionTime: 4400000
Fired ExecutionTime: 2800000
Fired ExecutionTime: 2800000
Fired ExecutionTime: 2800000
Fired ExecutionTime: 3200000
Fired ExecutionTime: 4400000
Fired ExecutionTime: 2000000
Fired ExecutionTime: 2800000
Fired ExecutionTime: 3200000
Fired ExecutionTime: 2800000
Fired ExecutionTime: 3600000
Fired ExecutionTime: 2800000
Fired ExecutionTime: 3200000
Fired ExecutionTime: 2400000
Fired ExecutionTime: 12000000
Fired ExecutionTime: 52400000
Fired ExecutionTime: 60400000
1170 ms. Memory: 332288K Free: 119659K (36%)
----------------- Invoking toplevel() on ptolemy.moml.MoMLSimpleApplication@bd564ab
----------------- Done invoking toplevel() on ptolemy.moml.MoMLSimpleApplication@bd564ab
reloadAllAccessors: .MulticoreExecution

===========================================================================================
----------------- testing Sat Mar 09 03:39:02 UTC 2019 /home/travis/build/icyphy/ptII/ptolemy/actor/lib/hoc/test/auto/ParallelExecution.xml
----------------- Instantiating /home/travis/build/icyphy/ptII/ptolemy/actor/lib/hoc/test/auto/ParallelExecution.xml
931 ms. Memory: 332288K Free: 107405K (32%)
----------------- Invoking toplevel() on ptolemy.moml.MoMLSimpleApplication@bce3c6f
----------------- Done invoking toplevel() on ptolemy.moml.MoMLSimpleApplication@bce3c6f
reloadAllAccessors: .ParallelExecution

===========================================================================================
----------------- testing Sat Mar 09 03:39:03 UTC 2019 /home/travis/build/icyphy/ptII/ptolemy/actor/lib/hoc/test/auto/RunCompositeActor.xml
----------------- Instantiating /home/travis/build/icyphy/ptII/ptolemy/actor/lib/hoc/test/auto/RunCompositeActor.xml
5 ms. Memory: 332288K Free: 99206K (30%)
----------------- Invoking toplevel() on ptolemy.moml.MoMLSimpleApplication@69575a03
----------------- Done invoking toplevel() on ptolemy.moml.MoMLSimpleApplication@69575a03
reloadAllAccessors: .RunCompositeActor

===========================================================================================
----------------- testing Sat Mar 09 03:39:03 UTC 2019 /home/travis/build/icyphy/ptII/ptolemy/actor/lib/hoc/test/auto/RunCompositeActor2.xml
----------------- Instantiating /home/travis/build/icyphy/ptII/ptolemy/actor/lib/hoc/test/auto/RunCompositeActor2.xml
9 ms. Memory: 332288K Free: 92650K (28%)
----------------- Invoking toplevel() on ptolemy.moml.MoMLSimpleApplication@6116fde6
----------------- Done invoking toplevel() on ptolemy.moml.MoMLSimpleApplication@6116fde6
reloadAllAccessors: .RunCompositeActor2

===========================================================================================
----------------- testing Sat Mar 09 03:39:03 UTC 2019 /home/travis/build/icyphy/ptII/ptolemy/actor/lib/hoc/test/auto/RunCompositeActor3.xml
----------------- Instantiating /home/travis/build/icyphy/ptII/ptolemy/actor/lib/hoc/test/auto/RunCompositeActor3.xml
9 ms. Memory: 332288K Free: 85332K (26%)
----------------- Invoking toplevel() on ptolemy.moml.MoMLSimpleApplication@76f91e38
----------------- Done invoking toplevel() on ptolemy.moml.MoMLSimpleApplication@76f91e38
reloadAllAccessors: .RunCompositeActor3

===========================================================================================
----------------- testing Sat Mar 09 03:39:03 UTC 2019 /home/travis/build/icyphy/ptII/ptolemy/actor/lib/hoc/test/auto/RunCompositeActor4.xml
----------------- Instantiating /home/travis/build/icyphy/ptII/ptolemy/actor/lib/hoc/test/auto/RunCompositeActor4.xml
29 ms. Memory: 332800K Free: 321843K (97%)
----------------- Invoking toplevel() on ptolemy.moml.MoMLSimpleApplication@1efaaa8a
----------------- Done invoking toplevel() on ptolemy.moml.MoMLSimpleApplication@1efaaa8a
reloadAllAccessors: .RunCompositeActor4

===========================================================================================
----------------- testing Sat Mar 09 03:39:03 UTC 2019 /home/travis/build/icyphy/ptII/ptolemy/actor/lib/hoc/test/auto/RunCompositeIterateOverArray.xml
----------------- Instantiating /home/travis/build/icyphy/ptII/ptolemy/actor/lib/hoc/test/auto/RunCompositeIterateOverArray.xml
5 ms. Memory: 332800K Free: 313872K (94%)
----------------- Invoking toplevel() on ptolemy.moml.MoMLSimpleApplication@79a9385b
----------------- Done invoking toplevel() on ptolemy.moml.MoMLSimpleApplication@79a9385b
reloadAllAccessors: .RunCompositeIterateOverArray

===========================================================================================
----------------- testing Sat Mar 09 03:39:04 UTC 2019 /home/travis/build/icyphy/ptII/ptolemy/actor/lib/hoc/test/auto/ThreadedJS.xml
----------------- Instantiating /home/travis/build/icyphy/ptII/ptolemy/actor/lib/hoc/test/auto/ThreadedJS.xml
1964 ms. Memory: 540160K Free: 171541K (32%)
----------------- Invoking toplevel() on ptolemy.moml.MoMLSimpleApplication@52f0e69b
----------------- Done invoking toplevel() on ptolemy.moml.MoMLSimpleApplication@52f0e69b
reloadAllAccessors: .ThreadedJS
AutoTests.java: About to close Vertx.
AutoTests.java: Vertx closed.
]]></system-out>
  <system-err><![CDATA[java.lang.RuntimeException: Execution failed
	at ptolemy.moml.MoMLSimpleApplication$UnloadThread.run(MoMLSimpleApplication.java:402)
Caused by: ptolemy.kernel.util.IllegalActionException: initialize() was called after wrapup() was called but preinitialize() was not called after wrapup().
	at ptolemy.actor.lib.hoc.test.PreinitializeMustBeInvoked.initialize(PreinitializeMustBeInvoked.java:78)
	at ptolemy.actor.Director.initialize(Director.java:938)
	at ptolemy.actor.Director.initialize(Director.java:907)
	at ptolemy.actor.sched.StaticSchedulingDirector.initialize(StaticSchedulingDirector.java:159)
	at ptolemy.domains.sdf.kernel.SDFDirector.initialize(SDFDirector.java:544)
	at ptolemy.actor.CompositeActor.initialize(CompositeActor.java:935)
	at ptolemy.actor.lib.hoc.LifeCycleManager._executeInsideModel(LifeCycleManager.java:339)
	at ptolemy.actor.lib.hoc.RunCompositeActor.fire(RunCompositeActor.java:205)
	at ptolemy.actor.CompositeActor.iterate(CompositeActor.java:1146)
	at ptolemy.actor.sched.StaticSchedulingDirector.fire(StaticSchedulingDirector.java:216)
	at ptolemy.domains.sdf.kernel.SDFDirector.fire(SDFDirector.java:500)
	at ptolemy.actor.CompositeActor.fire(CompositeActor.java:455)
	at ptolemy.actor.Manager.iterate(Manager.java:851)
	at ptolemy.actor.Manager.execute(Manager.java:369)
	at ptolemy.actor.Manager.run(Manager.java:1263)
	at ptolemy.actor.Manager$PtolemyRunThread.run(Manager.java:1915)
java.lang.reflect.InvocationTargetException
	at sun.reflect.NativeConstructorAccessorImpl.newInstance0(Native Method)
	at sun.reflect.NativeConstructorAccessorImpl.newInstance(NativeConstructorAccessorImpl.java:62)
	at sun.reflect.DelegatingConstructorAccessorImpl.newInstance(DelegatingConstructorAccessorImpl.java:45)
	at java.lang.reflect.Constructor.newInstance(Constructor.java:423)
	at ptolemy.util.test.junit.AutoKnownFailedTests.RunModel(AutoKnownFailedTests.java:105)
	at sun.reflect.NativeMethodAccessorImpl.invoke0(Native Method)
	at sun.reflect.NativeMethodAccessorImpl.invoke(NativeMethodAccessorImpl.java:62)
	at sun.reflect.DelegatingMethodAccessorImpl.invoke(DelegatingMethodAccessorImpl.java:43)
	at java.lang.reflect.Method.invoke(Method.java:498)
	at org.junit.runners.model.FrameworkMethod$1.runReflectiveCall(FrameworkMethod.java:44)
	at org.junit.internal.runners.model.ReflectiveCallable.run(ReflectiveCallable.java:15)
	at org.junit.runners.model.FrameworkMethod.invokeExplosively(FrameworkMethod.java:41)
	at junitparams.internal.InvokeParameterisedMethod.evaluate(InvokeParameterisedMethod.java:102)
	at org.junit.internal.runners.statements.FailOnTimeout$1.run(FailOnTimeout.java:28)
Caused by: ptolemy.kernel.util.IllegalActionException: initialize() was called after wrapup() was called but preinitialize() was not called after wrapup().
	at ptolemy.actor.lib.hoc.test.PreinitializeMustBeInvoked.initialize(PreinitializeMustBeInvoked.java:78)
	at ptolemy.actor.Director.initialize(Director.java:938)
	at ptolemy.actor.Director.initialize(Director.java:907)
	at ptolemy.actor.sched.StaticSchedulingDirector.initialize(StaticSchedulingDirector.java:159)
	at ptolemy.domains.sdf.kernel.SDFDirector.initialize(SDFDirector.java:544)
	at ptolemy.actor.CompositeActor.initialize(CompositeActor.java:935)
	at ptolemy.actor.lib.hoc.LifeCycleManager._executeInsideModel(LifeCycleManager.java:339)
	at ptolemy.actor.lib.hoc.RunCompositeActor.fire(RunCompositeActor.java:205)
	at ptolemy.actor.CompositeActor.iterate(CompositeActor.java:1146)
	at ptolemy.actor.sched.StaticSchedulingDirector.fire(StaticSchedulingDirector.java:216)
	at ptolemy.domains.sdf.kernel.SDFDirector.fire(SDFDirector.java:500)
	at ptolemy.actor.CompositeActor.fire(CompositeActor.java:455)
	at ptolemy.actor.Manager.iterate(Manager.java:851)
	at ptolemy.actor.Manager.execute(Manager.java:369)
	at ptolemy.actor.Manager.run(Manager.java:1263)
	at ptolemy.actor.Manager$PtolemyRunThread.run(Manager.java:1915)
]]></system-err>
</testsuite>
