<?xml version="1.0" encoding="UTF-8" ?>
<testsuite errors="0" failures="0" hostname="travis-job-0ced6a23-4453-473e-9b92-689b8505c686" name="ptolemy.domains.de.test.junit.JUnitTclTest" skipped="0" tests="101" time="135.606" timestamp="2019-07-10T00:49:48">
  <properties>
[...]
</properties>
  <testcase classname="ptolemy.util.test.junit.TclTests" name="[0] /home/travis/build/icyphy/ptII/ptolemy/domains/de/test/DependencyLoop.tcl (RunTclFile)" time="1.034" />
  <testcase classname="ptolemy.util.test.junit.TclTests" name="[1] /home/travis/build/icyphy/ptII/ptolemy/domains/de/test/RunDETestsAsQSS.tcl (RunTclFile)" time="92.214" />
  <testcase classname="ptolemy.util.test.junit.AutoKnownFailedTests" name="[0] /home/travis/build/icyphy/ptII/ptolemy/domains/de/test/auto/knownFailedTests/DESDFClockTest.xml (RunModel)" time="2.042" />
  <testcase classname="ptolemy.util.test.junit.AutoKnownFailedTests" name="[1] /home/travis/build/icyphy/ptII/ptolemy/domains/de/test/auto/knownFailedTests/DirectFeedback.xml (RunModel)" time="0.027" />
  <testcase classname="ptolemy.util.test.junit.AutoKnownFailedTests" name="[2] /home/travis/build/icyphy/ptII/ptolemy/domains/de/test/auto/knownFailedTests/FSMSource.xml (RunModel)" time="0.019" />
  <testcase classname="ptolemy.util.test.junit.AutoKnownFailedTests" name="[3] /home/travis/build/icyphy/ptII/ptolemy/domains/de/test/auto/knownFailedTests/HierarchicalModel.xml (RunModel)" time="0.056" />
  <testcase classname="ptolemy.util.test.junit.AutoKnownFailedTests" name="[4] /home/travis/build/icyphy/ptII/ptolemy/domains/de/test/auto/knownFailedTests/dependencyLoop.xml (RunModel)" time="0.045" />
  <testcase classname="ptolemy.util.test.junit.AutoKnownFailedTests" name="[5] /home/travis/build/icyphy/ptII/ptolemy/domains/de/test/auto/knownFailedTests/dependencyLoop2.xml (RunModel)" time="0.049" />
  <testcase classname="ptolemy.util.test.junit.AutoNameArchTests" name="[0] ThereAreNoAutoArchTests (RunModel)" time="0.005" />
  <testcase classname="ptolemy.util.test.junit.AutoTests" name="[0] /home/travis/build/icyphy/ptII/ptolemy/domains/de/test/auto/ActorDepthCalculation_actorWithoutPorts.xml (RunModel)" time="0.028" />
  <testcase classname="ptolemy.util.test.junit.AutoTests" name="[1] /home/travis/build/icyphy/ptII/ptolemy/domains/de/test/auto/AssemblyLine.xml (RunModel)" time="0.028" />
  <testcase classname="ptolemy.util.test.junit.AutoTests" name="[2] /home/travis/build/icyphy/ptII/ptolemy/domains/de/test/auto/CQBug1.xml (RunModel)" time="0.013" />
  <testcase classname="ptolemy.util.test.junit.AutoTests" name="[3] /home/travis/build/icyphy/ptII/ptolemy/domains/de/test/auto/CancelFireAt.xml (RunModel)" time="0.025" />
  <testcase classname="ptolemy.util.test.junit.AutoTests" name="[4] /home/travis/build/icyphy/ptII/ptolemy/domains/de/test/auto/CausalityAndComposabilityAnalysis.xml (RunModel)" time="0.025" />
  <testcase classname="ptolemy.util.test.junit.AutoTests" name="[5] /home/travis/build/icyphy/ptII/ptolemy/domains/de/test/auto/CausalityInterface1.xml (RunModel)" time="0.015" />
  <testcase classname="ptolemy.util.test.junit.AutoTests" name="[6] /home/travis/build/icyphy/ptII/ptolemy/domains/de/test/auto/CausalityInterface15.xml (RunModel)" time="0.018" />
  <testcase classname="ptolemy.util.test.junit.AutoTests" name="[7] /home/travis/build/icyphy/ptII/ptolemy/domains/de/test/auto/CausalityInterface2.xml (RunModel)" time="0.015" />
  <testcase classname="ptolemy.util.test.junit.AutoTests" name="[8] /home/travis/build/icyphy/ptII/ptolemy/domains/de/test/auto/CausalityInterface3.xml (RunModel)" time="0.011" />
  <testcase classname="ptolemy.util.test.junit.AutoTests" name="[9] /home/travis/build/icyphy/ptII/ptolemy/domains/de/test/auto/ClockDrift.xml (RunModel)" time="0.051" />
  <testcase classname="ptolemy.util.test.junit.AutoTests" name="[10] /home/travis/build/icyphy/ptII/ptolemy/domains/de/test/auto/ClockDriftAndValueChange.xml (RunModel)" time="0.037" />
  <testcase classname="ptolemy.util.test.junit.AutoTests" name="[11] /home/travis/build/icyphy/ptII/ptolemy/domains/de/test/auto/ClockDriftChange.xml (RunModel)" time="0.032" />
  <testcase classname="ptolemy.util.test.junit.AutoTests" name="[12] /home/travis/build/icyphy/ptII/ptolemy/domains/de/test/auto/ComposableCausalityAnalysis.xml (RunModel)" time="0.017" />
  <testcase classname="ptolemy.util.test.junit.AutoTests" name="[13] /home/travis/build/icyphy/ptII/ptolemy/domains/de/test/auto/DEFixedPointLimitation.xml (RunModel)" time="0.008" />
  <testcase classname="ptolemy.util.test.junit.AutoTests" name="[14] /home/travis/build/icyphy/ptII/ptolemy/domains/de/test/auto/DEScheduleTest.xml (RunModel)" time="0.008" />
  <testcase classname="ptolemy.util.test.junit.AutoTests" name="[15] /home/travis/build/icyphy/ptII/ptolemy/domains/de/test/auto/DEinDEwithStartTimes.xml (RunModel)" time="0.016" />
  <testcase classname="ptolemy.util.test.junit.AutoTests" name="[16] /home/travis/build/icyphy/ptII/ptolemy/domains/de/test/auto/DEinDEwithStartTimes2.xml (RunModel)" time="0.011" />
  <testcase classname="ptolemy.util.test.junit.AutoTests" name="[17] /home/travis/build/icyphy/ptII/ptolemy/domains/de/test/auto/DateDemo.xml (RunModel)" time="0.027" />
  <testcase classname="ptolemy.util.test.junit.AutoTests" name="[18] /home/travis/build/icyphy/ptII/ptolemy/domains/de/test/auto/DateToEvent.xml (RunModel)" time="2.035" />
  <testcase classname="ptolemy.util.test.junit.AutoTests" name="[19] /home/travis/build/icyphy/ptII/ptolemy/domains/de/test/auto/DepthTest1.xml (RunModel)" time="0.013" />
  <testcase classname="ptolemy.util.test.junit.AutoTests" name="[20] /home/travis/build/icyphy/ptII/ptolemy/domains/de/test/auto/DepthTest2.xml (RunModel)" time="0.02" />
  <testcase classname="ptolemy.util.test.junit.AutoTests" name="[21] /home/travis/build/icyphy/ptII/ptolemy/domains/de/test/auto/DepthTest3.xml (RunModel)" time="0.013" />
  <testcase classname="ptolemy.util.test.junit.AutoTests" name="[22] /home/travis/build/icyphy/ptII/ptolemy/domains/de/test/auto/DepthTest4.xml (RunModel)" time="0.019" />
  <testcase classname="ptolemy.util.test.junit.AutoTests" name="[23] /home/travis/build/icyphy/ptII/ptolemy/domains/de/test/auto/DepthTest5.xml (RunModel)" time="0.028" />
  <testcase classname="ptolemy.util.test.junit.AutoTests" name="[24] /home/travis/build/icyphy/ptII/ptolemy/domains/de/test/auto/DepthTest6.xml (RunModel)" time="0.013" />
  <testcase classname="ptolemy.util.test.junit.AutoTests" name="[25] /home/travis/build/icyphy/ptII/ptolemy/domains/de/test/auto/DepthTest7.xml (RunModel)" time="0.022" />
  <testcase classname="ptolemy.util.test.junit.AutoTests" name="[26] /home/travis/build/icyphy/ptII/ptolemy/domains/de/test/auto/EventToDate.xml (RunModel)" time="3.04" />
  <testcase classname="ptolemy.util.test.junit.AutoTests" name="[27] /home/travis/build/icyphy/ptII/ptolemy/domains/de/test/auto/FSM1.xml (RunModel)" time="0.043" />
  <testcase classname="ptolemy.util.test.junit.AutoTests" name="[28] /home/travis/build/icyphy/ptII/ptolemy/domains/de/test/auto/FSM7.xml (RunModel)" time="0.044" />
  <testcase classname="ptolemy.util.test.junit.AutoTests" name="[29] /home/travis/build/icyphy/ptII/ptolemy/domains/de/test/auto/Inspection.xml (RunModel)" time="0.051" />
  <testcase classname="ptolemy.util.test.junit.AutoTests" name="[30] /home/travis/build/icyphy/ptII/ptolemy/domains/de/test/auto/Iteration.xml (RunModel)" time="0.026" />
  <testcase classname="ptolemy.util.test.junit.AutoTests" name="[31] /home/travis/build/icyphy/ptII/ptolemy/domains/de/test/auto/LineFault.xml (RunModel)" time="0.596" />
  <testcase classname="ptolemy.util.test.junit.AutoTests" name="[32] /home/travis/build/icyphy/ptII/ptolemy/domains/de/test/auto/MergeModel1Add.xml (RunModel)" time="0.048" />
  <testcase classname="ptolemy.util.test.junit.AutoTests" name="[33] /home/travis/build/icyphy/ptII/ptolemy/domains/de/test/auto/MergeModel2Add.xml (RunModel)" time="0.042" />
  <testcase classname="ptolemy.util.test.junit.AutoTests" name="[34] /home/travis/build/icyphy/ptII/ptolemy/domains/de/test/auto/MergeModel3Add.xml (RunModel)" time="0.048" />
  <testcase classname="ptolemy.util.test.junit.AutoTests" name="[35] /home/travis/build/icyphy/ptII/ptolemy/domains/de/test/auto/MergeWithoutDiscard.xml (RunModel)" time="0.012" />
  <testcase classname="ptolemy.util.test.junit.AutoTests" name="[36] /home/travis/build/icyphy/ptII/ptolemy/domains/de/test/auto/Modal1.xml (RunModel)" time="0.026" />
  <testcase classname="ptolemy.util.test.junit.AutoTests" name="[37] /home/travis/build/icyphy/ptII/ptolemy/domains/de/test/auto/Modal2.xml (RunModel)" time="0.039" />
  <testcase classname="ptolemy.util.test.junit.AutoTests" name="[38] /home/travis/build/icyphy/ptII/ptolemy/domains/de/test/auto/Modal3.xml (RunModel)" time="0.027" />
  <testcase classname="ptolemy.util.test.junit.AutoTests" name="[39] /home/travis/build/icyphy/ptII/ptolemy/domains/de/test/auto/Modal4.xml (RunModel)" time="0.034" />
  <testcase classname="ptolemy.util.test.junit.AutoTests" name="[40] /home/travis/build/icyphy/ptII/ptolemy/domains/de/test/auto/Modal5.xml (RunModel)" time="0.032" />
  <testcase classname="ptolemy.util.test.junit.AutoTests" name="[41] /home/travis/build/icyphy/ptII/ptolemy/domains/de/test/auto/Modal6.xml (RunModel)" time="0.033" />
  <testcase classname="ptolemy.util.test.junit.AutoTests" name="[42] /home/travis/build/icyphy/ptII/ptolemy/domains/de/test/auto/Modal7.xml (RunModel)" time="0.032" />
  <testcase classname="ptolemy.util.test.junit.AutoTests" name="[43] /home/travis/build/icyphy/ptII/ptolemy/domains/de/test/auto/ModalModel.xml (RunModel)" time="0.197" />
  <testcase classname="ptolemy.util.test.junit.AutoTests" name="[44] /home/travis/build/icyphy/ptII/ptolemy/domains/de/test/auto/ModalSource.xml (RunModel)" time="0.024" />
  <testcase classname="ptolemy.util.test.junit.AutoTests" name="[45] /home/travis/build/icyphy/ptII/ptolemy/domains/de/test/auto/NonInterruptibleTimerZeroDelay.xml (RunModel)" time="0.014" />
  <testcase classname="ptolemy.util.test.junit.AutoTests" name="[46] /home/travis/build/icyphy/ptII/ptolemy/domains/de/test/auto/OpenQueueingNetwork.xml (RunModel)" time="2.406" />
  <testcase classname="ptolemy.util.test.junit.AutoTests" name="[47] /home/travis/build/icyphy/ptII/ptolemy/domains/de/test/auto/OpenQueuingNetwork.xml (RunModel)" time="0.278" />
  <testcase classname="ptolemy.util.test.junit.AutoTests" name="[48] /home/travis/build/icyphy/ptII/ptolemy/domains/de/test/auto/PeriodicSampler.xml (RunModel)" time="0.011" />
  <testcase classname="ptolemy.util.test.junit.AutoTests" name="[49] /home/travis/build/icyphy/ptII/ptolemy/domains/de/test/auto/PersistentIO.xml (RunModel)" time="0.018" />
  <testcase classname="ptolemy.util.test.junit.AutoTests" name="[50] /home/travis/build/icyphy/ptII/ptolemy/domains/de/test/auto/PortParameterResetOnInitialize.xml (RunModel)" time="0.009" />
  <testcase classname="ptolemy.util.test.junit.AutoTests" name="[51] /home/travis/build/icyphy/ptII/ptolemy/domains/de/test/auto/PortParameterUpdates.xml (RunModel)" time="0.015" />
  <testcase classname="ptolemy.util.test.junit.AutoTests" name="[52] /home/travis/build/icyphy/ptII/ptolemy/domains/de/test/auto/QueueAndServer.xml (RunModel)" time="0.023" />
  <testcase classname="ptolemy.util.test.junit.AutoTests" name="[53] /home/travis/build/icyphy/ptII/ptolemy/domains/de/test/auto/Records.xml (RunModel)" time="0.015" />
  <testcase classname="ptolemy.util.test.junit.AutoTests" name="[54] /home/travis/build/icyphy/ptII/ptolemy/domains/de/test/auto/ResetTransitionWithStartTime1.xml (RunModel)" time="0.022" />
  <testcase classname="ptolemy.util.test.junit.AutoTests" name="[55] /home/travis/build/icyphy/ptII/ptolemy/domains/de/test/auto/ResetTransitionWithStartTime2.xml (RunModel)" time="0.02" />
  <testcase classname="ptolemy.util.test.junit.AutoTests" name="[56] /home/travis/build/icyphy/ptII/ptolemy/domains/de/test/auto/ResetTransitionWithStartTime3.xml (RunModel)" time="0.02" />
  <testcase classname="ptolemy.util.test.junit.AutoTests" name="[57] /home/travis/build/icyphy/ptII/ptolemy/domains/de/test/auto/ResetTransitionWithStartTime4.xml (RunModel)" time="0.026" />
  <testcase classname="ptolemy.util.test.junit.AutoTests" name="[58] /home/travis/build/icyphy/ptII/ptolemy/domains/de/test/auto/ResettableTimer1.xml (RunModel)" time="0.011" />
  <testcase classname="ptolemy.util.test.junit.AutoTests" name="[59] /home/travis/build/icyphy/ptII/ptolemy/domains/de/test/auto/ResettableTimer2.xml (RunModel)" time="0.01" />
  <testcase classname="ptolemy.util.test.junit.AutoTests" name="[60] /home/travis/build/icyphy/ptII/ptolemy/domains/de/test/auto/ResettableTimer3.xml (RunModel)" time="0.01" />
  <testcase classname="ptolemy.util.test.junit.AutoTests" name="[61] /home/travis/build/icyphy/ptII/ptolemy/domains/de/test/auto/ResettableTimer4.xml (RunModel)" time="0.009" />
  <testcase classname="ptolemy.util.test.junit.AutoTests" name="[62] /home/travis/build/icyphy/ptII/ptolemy/domains/de/test/auto/ResettableTimer5.xml (RunModel)" time="0.011" />
  <testcase classname="ptolemy.util.test.junit.AutoTests" name="[63] /home/travis/build/icyphy/ptII/ptolemy/domains/de/test/auto/ResettableTimer6.xml (RunModel)" time="0.018" />
  <testcase classname="ptolemy.util.test.junit.AutoTests" name="[64] /home/travis/build/icyphy/ptII/ptolemy/domains/de/test/auto/ServerZeroDelay.xml (RunModel)" time="0.01" />
  <testcase classname="ptolemy.util.test.junit.AutoTests" name="[65] /home/travis/build/icyphy/ptII/ptolemy/domains/de/test/auto/SmartSender.xml (RunModel)" time="3.01" />
  <testcase classname="ptolemy.util.test.junit.AutoTests" name="[66] /home/travis/build/icyphy/ptII/ptolemy/domains/de/test/auto/ThreadedComposite.xml (RunModel)" time="0.122" />
  <testcase classname="ptolemy.util.test.junit.AutoTests" name="[67] /home/travis/build/icyphy/ptII/ptolemy/domains/de/test/auto/Time.xml (RunModel)" time="0.454" />
  <testcase classname="ptolemy.util.test.junit.AutoTests" name="[68] /home/travis/build/icyphy/ptII/ptolemy/domains/de/test/auto/TimeDelayZeroDelay.xml (RunModel)" time="0.014" />
  <testcase classname="ptolemy.util.test.junit.AutoTests" name="[69] /home/travis/build/icyphy/ptII/ptolemy/domains/de/test/auto/TimerZeroDelay.xml (RunModel)" time="0.011" />
  <testcase classname="ptolemy.util.test.junit.AutoTests" name="[70] /home/travis/build/icyphy/ptII/ptolemy/domains/de/test/auto/TimingParadox.xml (RunModel)" time="0.384" />
  <testcase classname="ptolemy.util.test.junit.AutoTests" name="[71] /home/travis/build/icyphy/ptII/ptolemy/domains/de/test/auto/TransferInputs.xml (RunModel)" time="0.016" />
  <testcase classname="ptolemy.util.test.junit.AutoTests" name="[72] /home/travis/build/icyphy/ptII/ptolemy/domains/de/test/auto/TransferOutputs2.xml (RunModel)" time="0.02" />
  <testcase classname="ptolemy.util.test.junit.AutoTests" name="[73] /home/travis/build/icyphy/ptII/ptolemy/domains/de/test/auto/Trilateration.xml (RunModel)" time="13.409" />
  <testcase classname="ptolemy.util.test.junit.AutoTests" name="[74] /home/travis/build/icyphy/ptII/ptolemy/domains/de/test/auto/TwoSigmaDelta.xml (RunModel)" time="2.067" />
  <testcase classname="ptolemy.util.test.junit.AutoTests" name="[75] /home/travis/build/icyphy/ptII/ptolemy/domains/de/test/auto/VariableDelay.xml (RunModel)" time="0.015" />
  <testcase classname="ptolemy.util.test.junit.AutoTests" name="[76] /home/travis/build/icyphy/ptII/ptolemy/domains/de/test/auto/VariableDelay2.xml (RunModel)" time="0.017" />
  <testcase classname="ptolemy.util.test.junit.AutoTests" name="[77] /home/travis/build/icyphy/ptII/ptolemy/domains/de/test/auto/VariableDelayZeroDelay.xml (RunModel)" time="0.032" />
  <testcase classname="ptolemy.util.test.junit.AutoTests" name="[78] /home/travis/build/icyphy/ptII/ptolemy/domains/de/test/auto/VariableDelayZeroDelay2.xml (RunModel)" time="0.02" />
  <testcase classname="ptolemy.util.test.junit.AutoTests" name="[79] /home/travis/build/icyphy/ptII/ptolemy/domains/de/test/auto/deInCt.xml (RunModel)" time="0.017" />
  <testcase classname="ptolemy.util.test.junit.AutoTests" name="[80] /home/travis/build/icyphy/ptII/ptolemy/domains/de/test/auto/deInCt2.xml (RunModel)" time="0.02" />
  <testcase classname="ptolemy.util.test.junit.AutoTests" name="[81] /home/travis/build/icyphy/ptII/ptolemy/domains/de/test/auto/dynamicCausalityInterface1.xml (RunModel)" time="0.019" />
  <testcase classname="ptolemy.util.test.junit.AutoTests" name="[82] /home/travis/build/icyphy/ptII/ptolemy/domains/de/test/auto/fsm_de_test.xml (RunModel)" time="0.025" />
  <testcase classname="ptolemy.util.test.junit.AutoTests" name="[83] /home/travis/build/icyphy/ptII/ptolemy/domains/de/test/auto/functionDependencyReconstruction.xml (RunModel)" time="0.035" />
  <testcase classname="ptolemy.util.test.junit.AutoTests" name="[84] /home/travis/build/icyphy/ptII/ptolemy/domains/de/test/auto/multirate.xml (RunModel)" time="0.016" />
  <testcase classname="ptolemy.util.test.junit.AutoTests" name="[85] /home/travis/build/icyphy/ptII/ptolemy/domains/de/test/auto/multirate2.xml (RunModel)" time="0.019" />
  <testcase classname="ptolemy.util.test.junit.AutoTests" name="[86] /home/travis/build/icyphy/ptII/ptolemy/domains/de/test/auto/realtime.xml (RunModel)" time="10.014" />
  <testcase classname="ptolemy.util.test.junit.AutoTests" name="[87] /home/travis/build/icyphy/ptII/ptolemy/domains/de/test/auto/relationGroup.xml (RunModel)" time="0.01" />
  <testcase classname="ptolemy.util.test.junit.AutoTests" name="[88] /home/travis/build/icyphy/ptII/ptolemy/domains/de/test/auto/relationGroup2.xml (RunModel)" time="0.013" />
  <testcase classname="ptolemy.util.test.junit.AutoTests" name="[89] /home/travis/build/icyphy/ptII/ptolemy/domains/de/test/auto/sortWithOpaquePorts.xml (RunModel)" time="0.016" />
  <testcase classname="ptolemy.util.test.junit.AutoTests" name="[90] /home/travis/build/icyphy/ptII/ptolemy/domains/de/test/auto/transferInputsandOutputs.xml (RunModel)" time="0.016" />
  <testcase classname="ptolemy.util.test.junit.AutoTests" name="[91] /home/travis/build/icyphy/ptII/ptolemy/domains/de/test/auto/triggerType.xml (RunModel)" time="0.01" />
  <system-out><![CDATA[/home/travis/build/icyphy/ptII/ptolemy/domains/de/test/DependencyLoop.tcl
testDefs.tcl: setting time out to 9000 seconds at Wed Jul 10 00:49:48 UTC 2019
78 ms. Memory: 120832K Free: 96740K (80%)
13 ms. Memory: 120832K Free: 80318K (66%)
/home/travis/build/icyphy/ptII/ptolemy/domains/de/test/RunDETestsAsQSS.tcl
Run the DE tests using ptolemy.domains.qss.test.QSSDirectorTest, which extends QSSDirector and prints a message in the constructors.
------------------ testing $PTII/ptolemy/domains/de/test/auto/knownFailedTests/DirectFeedback.xml (Known Failure) 
47 ms. Memory: 120832K Free: 75236K (62%)


==== $PTIIhome/travis/build/icyphy/ptII/ptolemy/domains/de/test/../../../../: Auto Automatic test in file $PTII/ptolemy/domains/de/test/auto/knownFailedTests/DirectFeedback.xml
==== Contents of test case:

	    # FIXME: we should use $relativeFilename here, but it
	    # might have backslashes under Windows, which causes no end
	    # of trouble.
	    createAndExecute $file
	    list {}
	
.... Test generated KNOWN error:
    while executing
ptolemy.kernel.util.IllegalActionException: Test fails in iteration 1.
Value was: 1.0. Should have been: 2.0
  in .DirectFeedback.Test
	at ptolemy.actor.lib.Test.fire(Test.java:268)
	at ptolemy.domains.de.kernel.DEDirector._fire(DEDirector.java:1949)
	at ptolemy.domains.de.kernel.DEDirector.fire(DEDirector.java:502)
	at ptolemy.actor.CompositeActor.fire(CompositeActor.java:455)
	at ptolemy.actor.Manager.iterate(Manager.java:851)
	at ptolemy.actor.Manager.execute(Manager.java:369)
	at ptolemy.actor.Manager.run(Manager.java:1263)
	at ptolemy.actor.Manager$PtolemyRunThread.run(Manager.java:1915)

    while executing
ptolemy.kernel.util.IllegalActionException: Test fails in iteration 1.
Value was: 1.0. Should have been: 2.0
  in .DirectFeedback.Test
    while executing
"java::new ptolemy.moml.MoMLSimpleApplication $file
"
    (procedure "createAndExecute" line 2)
    invoked from within
"createAndExecute $file"
    ("uplevel" body line 5)
    invoked from within
"uplevel $contents_of_test"
------------------ testing $PTII/ptolemy/domains/de/test/auto/knownFailedTests/dependencyLoop.xml (Known Failure) 
10 ms. Memory: 120832K Free: 72142K (60%)


==== $PTIIhome/travis/build/icyphy/ptII/ptolemy/domains/de/test/../../../../: Auto Automatic test in file $PTII/ptolemy/domains/de/test/auto/knownFailedTests/dependencyLoop.xml
==== Contents of test case:

	    # FIXME: we should use $relativeFilename here, but it
	    # might have backslashes under Windows, which causes no end
	    # of trouble.
	    createAndExecute $file
	    list {}
	
.... Test generated KNOWN error:
    while executing
ptolemy.kernel.util.IllegalActionException: Found a zero delay loop containing .dependencyLoop.original
  in .dependencyLoop and .dependencyLoop.original
	at ptolemy.actor.util.CausalityInterfaceForComposites._computeOutputPortDepth(CausalityInterfaceForComposites.java:759)
	at ptolemy.actor.util.CausalityInterfaceForComposites._computeInputDepth(CausalityInterfaceForComposites.java:696)
	at ptolemy.actor.util.CausalityInterfaceForComposites._computeOutputPortDepth(CausalityInterfaceForComposites.java:765)
	at ptolemy.actor.util.CausalityInterfaceForComposites._computeInputDepth(CausalityInterfaceForComposites.java:696)
	at ptolemy.actor.util.CausalityInterfaceForComposites._computeOutputPortDepth(CausalityInterfaceForComposites.java:765)
	at ptolemy.actor.util.CausalityInterfaceForComposites._computeInputDepth(CausalityInterfaceForComposites.java:696)
	at ptolemy.actor.util.CausalityInterfaceForComposites._computeActorDepth(CausalityInterfaceForComposites.java:532)
	at ptolemy.actor.util.CausalityInterfaceForComposites.checkForCycles(CausalityInterfaceForComposites.java:96)
	at ptolemy.domains.de.kernel.DEDirector.preinitialize(DEDirector.java:1338)
	at ptolemy.actor.CompositeActor.preinitialize(CompositeActor.java:1828)
	at ptolemy.actor.Manager.preinitializeAndResolveTypes(Manager.java:1040)
	at ptolemy.actor.Manager.initialize(Manager.java:710)
	at ptolemy.actor.Manager.execute(Manager.java:356)
	at ptolemy.actor.Manager.run(Manager.java:1263)
	at ptolemy.actor.Manager$PtolemyRunThread.run(Manager.java:1915)

    while executing
ptolemy.kernel.util.IllegalActionException: Found a zero delay loop containing .dependencyLoop.original
  in .dependencyLoop and .dependencyLoop.original
    while executing
"java::new ptolemy.moml.MoMLSimpleApplication $file
"
    (procedure "createAndExecute" line 2)
    invoked from within
"createAndExecute $file"
    ("uplevel" body line 5)
    invoked from within
"uplevel $contents_of_test"
------------------ testing $PTII/ptolemy/domains/de/test/auto/knownFailedTests/FSMSource.xml (Known Failure) 
64 ms. Memory: 120832K Free: 63483K (53%)
!!!! Auto was marked as failing, but now passes
------------------ testing $PTII/ptolemy/domains/de/test/auto/knownFailedTests/HierarchicalModel.xml (Known Failure) 
20 ms. Memory: 120832K Free: 46075K (38%)


==== $PTIIhome/travis/build/icyphy/ptII/ptolemy/domains/de/test/../../../../: Auto Automatic test in file $PTII/ptolemy/domains/de/test/auto/knownFailedTests/HierarchicalModel.xml
==== Contents of test case:

	    # FIXME: we should use $relativeFilename here, but it
	    # might have backslashes under Windows, which causes no end
	    # of trouble.
	    createAndExecute $file
	    list {}
	
.... Test generated KNOWN error:
    while executing
ptolemy.kernel.util.IllegalActionException: Found a zero delay loop containing .HierarchicalModel.A
  in .HierarchicalModel and .HierarchicalModel.A
	at ptolemy.actor.util.CausalityInterfaceForComposites._computeOutputPortDepth(CausalityInterfaceForComposites.java:759)
	at ptolemy.actor.util.CausalityInterfaceForComposites._computeInputDepth(CausalityInterfaceForComposites.java:696)
	at ptolemy.actor.util.CausalityInterfaceForComposites._computeOutputPortDepth(CausalityInterfaceForComposites.java:765)
	at ptolemy.actor.util.CausalityInterfaceForComposites._computeInputDepth(CausalityInterfaceForComposites.java:696)
	at ptolemy.actor.util.CausalityInterfaceForComposites._computeOutputPortDepth(CausalityInterfaceForComposites.java:765)
	at ptolemy.actor.util.CausalityInterfaceForComposites._computeInputDepth(CausalityInterfaceForComposites.java:696)
	at ptolemy.actor.util.CausalityInterfaceForComposites._computeActorDepth(CausalityInterfaceForComposites.java:532)
	at ptolemy.actor.util.CausalityInterfaceForComposites.checkForCycles(CausalityInterfaceForComposites.java:96)
	at ptolemy.domains.de.kernel.DEDirector.preinitialize(DEDirector.java:1338)
	at ptolemy.actor.CompositeActor.preinitialize(CompositeActor.java:1828)
	at ptolemy.actor.Manager.preinitializeAndResolveTypes(Manager.java:1040)
	at ptolemy.actor.Manager.initialize(Manager.java:710)
	at ptolemy.actor.Manager.execute(Manager.java:356)
	at ptolemy.actor.Manager.run(Manager.java:1263)
	at ptolemy.actor.Manager$PtolemyRunThread.run(Manager.java:1915)

    while executing
ptolemy.kernel.util.IllegalActionException: Found a zero delay loop containing .HierarchicalModel.A
  in .HierarchicalModel and .HierarchicalModel.A
    while executing
"java::new ptolemy.moml.MoMLSimpleApplication $file
"
    (procedure "createAndExecute" line 2)
    invoked from within
"createAndExecute $file"
    ("uplevel" body line 5)
    invoked from within
"uplevel $contents_of_test"
------------------ testing $PTII/ptolemy/domains/de/test/auto/knownFailedTests/dependencyLoop2.xml (Known Failure) 
19 ms. Memory: 120832K Free: 42987K (36%)


==== $PTIIhome/travis/build/icyphy/ptII/ptolemy/domains/de/test/../../../../: Auto Automatic test in file $PTII/ptolemy/domains/de/test/auto/knownFailedTests/dependencyLoop2.xml
==== Contents of test case:

	    # FIXME: we should use $relativeFilename here, but it
	    # might have backslashes under Windows, which causes no end
	    # of trouble.
	    createAndExecute $file
	    list {}
	
.... Test generated KNOWN error:
    while executing
ptolemy.kernel.util.IllegalActionException: Found a zero delay loop containing .dependencyLoop2.original
  in .dependencyLoop2 and .dependencyLoop2.original
	at ptolemy.actor.util.CausalityInterfaceForComposites._computeOutputPortDepth(CausalityInterfaceForComposites.java:759)
	at ptolemy.actor.util.CausalityInterfaceForComposites._computeInputDepth(CausalityInterfaceForComposites.java:696)
	at ptolemy.actor.util.CausalityInterfaceForComposites._computeOutputPortDepth(CausalityInterfaceForComposites.java:765)
	at ptolemy.actor.util.CausalityInterfaceForComposites._computeInputDepth(CausalityInterfaceForComposites.java:696)
	at ptolemy.actor.util.CausalityInterfaceForComposites._computeOutputPortDepth(CausalityInterfaceForComposites.java:765)
	at ptolemy.actor.util.CausalityInterfaceForComposites._computeInputDepth(CausalityInterfaceForComposites.java:696)
	at ptolemy.actor.util.CausalityInterfaceForComposites._computeActorDepth(CausalityInterfaceForComposites.java:532)
	at ptolemy.actor.util.CausalityInterfaceForComposites.checkForCycles(CausalityInterfaceForComposites.java:96)
	at ptolemy.domains.de.kernel.DEDirector.preinitialize(DEDirector.java:1338)
	at ptolemy.actor.CompositeActor.preinitialize(CompositeActor.java:1828)
	at ptolemy.actor.Manager.preinitializeAndResolveTypes(Manager.java:1040)
	at ptolemy.actor.Manager.initialize(Manager.java:710)
	at ptolemy.actor.Manager.execute(Manager.java:356)
	at ptolemy.actor.Manager.run(Manager.java:1263)
	at ptolemy.actor.Manager$PtolemyRunThread.run(Manager.java:1915)

    while executing
ptolemy.kernel.util.IllegalActionException: Found a zero delay loop containing .dependencyLoop2.original
  in .dependencyLoop2 and .dependencyLoop2.original
    while executing
"java::new ptolemy.moml.MoMLSimpleApplication $file
"
    (procedure "createAndExecute" line 2)
    invoked from within
"createAndExecute $file"
    ("uplevel" body line 5)
    invoked from within
"uplevel $contents_of_test"
------------------ testing $PTII/ptolemy/domains/de/test/auto/knownFailedTests/DESDFClockTest.xml (Known Failure) 
2086 ms. Memory: 162816K Free: 137272K (84%)


==== $PTIIhome/travis/build/icyphy/ptII/ptolemy/domains/de/test/../../../../: Auto Automatic test in file $PTII/ptolemy/domains/de/test/auto/knownFailedTests/DESDFClockTest.xml
==== Contents of test case:

	    # FIXME: we should use $relativeFilename here, but it
	    # might have backslashes under Windows, which causes no end
	    # of trouble.
	    createAndExecute $file
	    list {}
	
.... Test generated KNOWN error:
    while executing
ptolemy.kernel.util.IllegalActionException: Actor is not ready to fire.  Perhaps UpSample.prefire() returned false? Try debugging the actor by selecting "Listen to Actor".  Also, for SDF check moml for tokenConsumptionRate on input.
  in .DESDFClockTest.Play Bell.Copy1:SDF Director and .DESDFClockTest.Play Bell.UpSample
	at ptolemy.actor.sched.StaticSchedulingDirector.fire(StaticSchedulingDirector.java:227)
	at ptolemy.domains.sdf.kernel.SDFDirector.fire(SDFDirector.java:500)
	at ptolemy.actor.CompositeActor.fire(CompositeActor.java:455)
	at ptolemy.domains.de.kernel.DEDirector._fire(DEDirector.java:1949)
	at ptolemy.domains.de.kernel.DEDirector.fire(DEDirector.java:502)
	at ptolemy.actor.CompositeActor.fire(CompositeActor.java:455)
	at ptolemy.actor.Manager.iterate(Manager.java:851)
	at ptolemy.actor.Manager.execute(Manager.java:369)
	at ptolemy.actor.Manager.run(Manager.java:1263)
	at ptolemy.actor.Manager$PtolemyRunThread.run(Manager.java:1915)

    while executing
ptolemy.kernel.util.IllegalActionException: Actor is not ready to fire.  Perhaps UpSample.prefire() returned false? Try debugging the actor by selecting "Listen to Actor".  Also, for SDF check moml for tokenConsumptionRate on input.
  in .DESDFClockTest.Play Bell.Copy1:SDF Director and .DESDFClockTest.Play Bell.UpSample
    while executing
"java::new ptolemy.moml.MoMLSimpleApplication $file
"
    (procedure "createAndExecute" line 2)
    invoked from within
"createAndExecute $file"
    ("uplevel" body line 5)
    invoked from within
"uplevel $contents_of_test"
------------------ testing $PTII/ptolemy/domains/de/test/auto/ActorDepthCalculation_actorWithoutPorts.xml
auto.tcl: Setting watchdog for 200 seconds at Wed Jul 10 00:49:52 UTC 2019
10 ms. Memory: 162816K Free: 129762K (80%)
ptolemy.util.test.WatchDog.cancel(): canceling Wed Jul 10 00:49:52 UTC 2019
auto.tcl: Setting watchdog for 200 seconds at Wed Jul 10 00:49:52 UTC 2019
12 ms. Memory: 162816K Free: 128224K (79%)
ptolemy.util.test.WatchDog.cancel(): canceling Wed Jul 10 00:49:52 UTC 2019
------------------ testing $PTII/ptolemy/domains/de/test/auto/AssemblyLine.xml
auto.tcl: Setting watchdog for 200 seconds at Wed Jul 10 00:49:52 UTC 2019
12 ms. Memory: 48128K Free: 26888K (56%)
ptolemy.util.test.WatchDog.cancel(): canceling Wed Jul 10 00:49:52 UTC 2019
auto.tcl: Setting watchdog for 200 seconds at Wed Jul 10 00:49:52 UTC 2019
15 ms. Memory: 48128K Free: 25928K (54%)
ptolemy.util.test.WatchDog.cancel(): canceling Wed Jul 10 00:49:52 UTC 2019
------------------ testing $PTII/ptolemy/domains/de/test/auto/CQBug1.xml
auto.tcl: Setting watchdog for 200 seconds at Wed Jul 10 00:49:53 UTC 2019
3 ms. Memory: 48128K Free: 32336K (67%)
ptolemy.util.test.WatchDog.cancel(): canceling Wed Jul 10 00:49:53 UTC 2019
auto.tcl: Setting watchdog for 200 seconds at Wed Jul 10 00:49:53 UTC 2019
3 ms. Memory: 48128K Free: 31999K (66%)
ptolemy.util.test.WatchDog.cancel(): canceling Wed Jul 10 00:49:53 UTC 2019
------------------ testing $PTII/ptolemy/domains/de/test/auto/CancelFireAt.xml
auto.tcl: Setting watchdog for 200 seconds at Wed Jul 10 00:49:53 UTC 2019
3 ms. Memory: 45056K Free: 30234K (67%)
ptolemy.util.test.WatchDog.cancel(): canceling Wed Jul 10 00:49:53 UTC 2019
auto.tcl: Setting watchdog for 200 seconds at Wed Jul 10 00:49:53 UTC 2019
2 ms. Memory: 45056K Free: 29664K (66%)
ptolemy.util.test.WatchDog.cancel(): canceling Wed Jul 10 00:49:53 UTC 2019
------------------ testing $PTII/ptolemy/domains/de/test/auto/CausalityAndComposabilityAnalysis.xml
auto.tcl: Setting watchdog for 200 seconds at Wed Jul 10 00:49:53 UTC 2019
14 ms. Memory: 45056K Free: 28228K (63%)
ptolemy.util.test.WatchDog.cancel(): canceling Wed Jul 10 00:49:53 UTC 2019
auto.tcl: Setting watchdog for 200 seconds at Wed Jul 10 00:49:53 UTC 2019
10 ms. Memory: 45056K Free: 27675K (61%)
ptolemy.util.test.WatchDog.cancel(): canceling Wed Jul 10 00:49:53 UTC 2019
------------------ testing $PTII/ptolemy/domains/de/test/auto/CausalityInterface1.xml
auto.tcl: Setting watchdog for 200 seconds at Wed Jul 10 00:49:53 UTC 2019
33 ms. Memory: 45056K Free: 26798K (59%)
ptolemy.util.test.WatchDog.cancel(): canceling Wed Jul 10 00:49:53 UTC 2019
auto.tcl: Setting watchdog for 200 seconds at Wed Jul 10 00:49:53 UTC 2019
5 ms. Memory: 45056K Free: 25998K (58%)
ptolemy.util.test.WatchDog.cancel(): canceling Wed Jul 10 00:49:53 UTC 2019
------------------ testing $PTII/ptolemy/domains/de/test/auto/CausalityInterface15.xml
auto.tcl: Setting watchdog for 200 seconds at Wed Jul 10 00:49:53 UTC 2019
15 ms. Memory: 45056K Free: 27122K (60%)
ptolemy.util.test.WatchDog.cancel(): canceling Wed Jul 10 00:49:53 UTC 2019
auto.tcl: Setting watchdog for 200 seconds at Wed Jul 10 00:49:53 UTC 2019
4 ms. Memory: 45056K Free: 25963K (58%)
ptolemy.util.test.WatchDog.cancel(): canceling Wed Jul 10 00:49:53 UTC 2019
------------------ testing $PTII/ptolemy/domains/de/test/auto/CausalityInterface2.xml
auto.tcl: Setting watchdog for 200 seconds at Wed Jul 10 00:49:53 UTC 2019
4 ms. Memory: 45056K Free: 27700K (61%)
ptolemy.util.test.WatchDog.cancel(): canceling Wed Jul 10 00:49:53 UTC 2019
auto.tcl: Setting watchdog for 200 seconds at Wed Jul 10 00:49:53 UTC 2019
3 ms. Memory: 45056K Free: 26972K (60%)
ptolemy.util.test.WatchDog.cancel(): canceling Wed Jul 10 00:49:53 UTC 2019
------------------ testing $PTII/ptolemy/domains/de/test/auto/CausalityInterface3.xml
auto.tcl: Setting watchdog for 200 seconds at Wed Jul 10 00:49:53 UTC 2019
3 ms. Memory: 45056K Free: 27546K (61%)
ptolemy.util.test.WatchDog.cancel(): canceling Wed Jul 10 00:49:53 UTC 2019
auto.tcl: Setting watchdog for 200 seconds at Wed Jul 10 00:49:53 UTC 2019
3 ms. Memory: 45056K Free: 26678K (59%)
ptolemy.util.test.WatchDog.cancel(): canceling Wed Jul 10 00:49:53 UTC 2019
------------------ testing $PTII/ptolemy/domains/de/test/auto/ClockDrift.xml
auto.tcl: Setting watchdog for 200 seconds at Wed Jul 10 00:49:53 UTC 2019
65 ms. Memory: 45056K Free: 19774K (44%)
ptolemy.util.test.WatchDog.cancel(): canceling Wed Jul 10 00:49:53 UTC 2019
auto.tcl: Setting watchdog for 200 seconds at Wed Jul 10 00:49:53 UTC 2019
57 ms. Memory: 45056K Free: 16493K (37%)
ptolemy.util.test.WatchDog.cancel(): canceling Wed Jul 10 00:49:53 UTC 2019
------------------ testing $PTII/ptolemy/domains/de/test/auto/ClockDriftAndValueChange.xml
auto.tcl: Setting watchdog for 200 seconds at Wed Jul 10 00:49:53 UTC 2019
43 ms. Memory: 45056K Free: 20275K (45%)
ptolemy.util.test.WatchDog.cancel(): canceling Wed Jul 10 00:49:54 UTC 2019
auto.tcl: Setting watchdog for 200 seconds at Wed Jul 10 00:49:54 UTC 2019
21 ms. Memory: 45056K Free: 17066K (38%)
ptolemy.util.test.WatchDog.cancel(): canceling Wed Jul 10 00:49:54 UTC 2019
------------------ testing $PTII/ptolemy/domains/de/test/auto/ClockDriftChange.xml
auto.tcl: Setting watchdog for 200 seconds at Wed Jul 10 00:49:54 UTC 2019
28 ms. Memory: 45056K Free: 21646K (48%)
ptolemy.util.test.WatchDog.cancel(): canceling Wed Jul 10 00:49:54 UTC 2019
auto.tcl: Setting watchdog for 200 seconds at Wed Jul 10 00:49:54 UTC 2019
31 ms. Memory: 45056K Free: 19116K (42%)
ptolemy.util.test.WatchDog.cancel(): canceling Wed Jul 10 00:49:54 UTC 2019
------------------ testing $PTII/ptolemy/domains/de/test/auto/ComposableCausalityAnalysis.xml
auto.tcl: Setting watchdog for 200 seconds at Wed Jul 10 00:49:54 UTC 2019
3 ms. Memory: 45056K Free: 26275K (58%)
ptolemy.util.test.WatchDog.cancel(): canceling Wed Jul 10 00:49:54 UTC 2019
auto.tcl: Setting watchdog for 200 seconds at Wed Jul 10 00:49:54 UTC 2019
3 ms. Memory: 45056K Free: 25249K (56%)
ptolemy.util.test.WatchDog.cancel(): canceling Wed Jul 10 00:49:54 UTC 2019
------------------ testing $PTII/ptolemy/domains/de/test/auto/DEFixedPointLimitation.xml
auto.tcl: Setting watchdog for 200 seconds at Wed Jul 10 00:49:54 UTC 2019
6 ms. Memory: 45056K Free: 27654K (61%)
ptolemy.util.test.WatchDog.cancel(): canceling Wed Jul 10 00:49:54 UTC 2019
auto.tcl: Setting watchdog for 200 seconds at Wed Jul 10 00:49:54 UTC 2019
5 ms. Memory: 45056K Free: 26925K (60%)
ptolemy.util.test.WatchDog.cancel(): canceling Wed Jul 10 00:49:54 UTC 2019
------------------ testing $PTII/ptolemy/domains/de/test/auto/DEScheduleTest.xml
auto.tcl: Setting watchdog for 200 seconds at Wed Jul 10 00:49:54 UTC 2019
7 ms. Memory: 45056K Free: 28108K (62%)
ptolemy.util.test.WatchDog.cancel(): canceling Wed Jul 10 00:49:54 UTC 2019
auto.tcl: Setting watchdog for 200 seconds at Wed Jul 10 00:49:54 UTC 2019
3 ms. Memory: 45056K Free: 27260K (61%)
ptolemy.util.test.WatchDog.cancel(): canceling Wed Jul 10 00:49:54 UTC 2019
------------------ testing $PTII/ptolemy/domains/de/test/auto/DEinDEwithStartTimes.xml
auto.tcl: Setting watchdog for 200 seconds at Wed Jul 10 00:49:54 UTC 2019
7 ms. Memory: 45056K Free: 26499K (59%)
ptolemy.util.test.WatchDog.cancel(): canceling Wed Jul 10 00:49:54 UTC 2019
auto.tcl: Setting watchdog for 200 seconds at Wed Jul 10 00:49:54 UTC 2019
6 ms. Memory: 45056K Free: 25163K (56%)
ptolemy.util.test.WatchDog.cancel(): canceling Wed Jul 10 00:49:54 UTC 2019
------------------ testing $PTII/ptolemy/domains/de/test/auto/DEinDEwithStartTimes2.xml
auto.tcl: Setting watchdog for 200 seconds at Wed Jul 10 00:49:54 UTC 2019
9 ms. Memory: 45056K Free: 25612K (57%)
ptolemy.util.test.WatchDog.cancel(): canceling Wed Jul 10 00:49:54 UTC 2019
auto.tcl: Setting watchdog for 200 seconds at Wed Jul 10 00:49:54 UTC 2019
4 ms. Memory: 45056K Free: 24298K (54%)
ptolemy.util.test.WatchDog.cancel(): canceling Wed Jul 10 00:49:54 UTC 2019
------------------ testing $PTII/ptolemy/domains/de/test/auto/DateDemo.xml
auto.tcl: Setting watchdog for 200 seconds at Wed Jul 10 00:49:54 UTC 2019
18 ms. Memory: 45056K Free: 19943K (44%)
ptolemy.util.test.WatchDog.cancel(): canceling Wed Jul 10 00:49:54 UTC 2019
auto.tcl: Setting watchdog for 200 seconds at Wed Jul 10 00:49:54 UTC 2019
6 ms. Memory: 45056K Free: 18255K (41%)
ptolemy.util.test.WatchDog.cancel(): canceling Wed Jul 10 00:49:54 UTC 2019
------------------ testing $PTII/ptolemy/domains/de/test/auto/DateToEvent.xml
auto.tcl: Setting watchdog for 200 seconds at Wed Jul 10 00:49:54 UTC 2019
2020 ms. Memory: 45056K Free: 30836K (68%)
ptolemy.util.test.WatchDog.cancel(): canceling Wed Jul 10 00:49:56 UTC 2019
auto.tcl: Setting watchdog for 200 seconds at Wed Jul 10 00:49:57 UTC 2019
2005 ms. Memory: 45056K Free: 30180K (67%)
ptolemy.util.test.WatchDog.cancel(): canceling Wed Jul 10 00:49:59 UTC 2019
------------------ testing $PTII/ptolemy/domains/de/test/auto/DepthTest1.xml
auto.tcl: Setting watchdog for 200 seconds at Wed Jul 10 00:49:59 UTC 2019
3 ms. Memory: 45056K Free: 28807K (64%)
ptolemy.util.test.WatchDog.cancel(): canceling Wed Jul 10 00:49:59 UTC 2019
auto.tcl: Setting watchdog for 200 seconds at Wed Jul 10 00:49:59 UTC 2019
2 ms. Memory: 45056K Free: 28379K (63%)
ptolemy.util.test.WatchDog.cancel(): canceling Wed Jul 10 00:49:59 UTC 2019
------------------ testing $PTII/ptolemy/domains/de/test/auto/DepthTest2.xml
auto.tcl: Setting watchdog for 200 seconds at Wed Jul 10 00:49:59 UTC 2019
6 ms. Memory: 45056K Free: 25655K (57%)
ptolemy.util.test.WatchDog.cancel(): canceling Wed Jul 10 00:49:59 UTC 2019
auto.tcl: Setting watchdog for 200 seconds at Wed Jul 10 00:49:59 UTC 2019
3 ms. Memory: 45056K Free: 25037K (56%)
ptolemy.util.test.WatchDog.cancel(): canceling Wed Jul 10 00:49:59 UTC 2019
------------------ testing $PTII/ptolemy/domains/de/test/auto/DepthTest3.xml
auto.tcl: Setting watchdog for 200 seconds at Wed Jul 10 00:49:59 UTC 2019
3 ms. Memory: 45056K Free: 29108K (65%)
ptolemy.util.test.WatchDog.cancel(): canceling Wed Jul 10 00:49:59 UTC 2019
auto.tcl: Setting watchdog for 200 seconds at Wed Jul 10 00:49:59 UTC 2019
1 ms. Memory: 45056K Free: 28685K (64%)
ptolemy.util.test.WatchDog.cancel(): canceling Wed Jul 10 00:49:59 UTC 2019
------------------ testing $PTII/ptolemy/domains/de/test/auto/DepthTest4.xml
auto.tcl: Setting watchdog for 200 seconds at Wed Jul 10 00:49:59 UTC 2019
6 ms. Memory: 45056K Free: 27488K (61%)
ptolemy.util.test.WatchDog.cancel(): canceling Wed Jul 10 00:49:59 UTC 2019
auto.tcl: Setting watchdog for 200 seconds at Wed Jul 10 00:49:59 UTC 2019
2 ms. Memory: 45056K Free: 26736K (59%)
ptolemy.util.test.WatchDog.cancel(): canceling Wed Jul 10 00:49:59 UTC 2019
------------------ testing $PTII/ptolemy/domains/de/test/auto/DepthTest5.xml
auto.tcl: Setting watchdog for 200 seconds at Wed Jul 10 00:49:59 UTC 2019
3 ms. Memory: 45056K Free: 26639K (59%)
ptolemy.util.test.WatchDog.cancel(): canceling Wed Jul 10 00:49:59 UTC 2019
auto.tcl: Setting watchdog for 200 seconds at Wed Jul 10 00:49:59 UTC 2019
5 ms. Memory: 45056K Free: 26001K (58%)
ptolemy.util.test.WatchDog.cancel(): canceling Wed Jul 10 00:49:59 UTC 2019
------------------ testing $PTII/ptolemy/domains/de/test/auto/DepthTest6.xml
auto.tcl: Setting watchdog for 200 seconds at Wed Jul 10 00:49:59 UTC 2019
5 ms. Memory: 45056K Free: 26602K (59%)
ptolemy.util.test.WatchDog.cancel(): canceling Wed Jul 10 00:49:59 UTC 2019
auto.tcl: Setting watchdog for 200 seconds at Wed Jul 10 00:49:59 UTC 2019
2 ms. Memory: 45056K Free: 25979K (58%)
ptolemy.util.test.WatchDog.cancel(): canceling Wed Jul 10 00:49:59 UTC 2019
------------------ testing $PTII/ptolemy/domains/de/test/auto/DepthTest7.xml
auto.tcl: Setting watchdog for 200 seconds at Wed Jul 10 00:49:59 UTC 2019
2 ms. Memory: 45056K Free: 27268K (61%)
ptolemy.util.test.WatchDog.cancel(): canceling Wed Jul 10 00:49:59 UTC 2019
auto.tcl: Setting watchdog for 200 seconds at Wed Jul 10 00:49:59 UTC 2019
2 ms. Memory: 45056K Free: 26321K (58%)
ptolemy.util.test.WatchDog.cancel(): canceling Wed Jul 10 00:49:59 UTC 2019
------------------ testing $PTII/ptolemy/domains/de/test/auto/EventToDate.xml
auto.tcl: Setting watchdog for 200 seconds at Wed Jul 10 00:49:59 UTC 2019
3007 ms. Memory: 45056K Free: 18272K (41%)
ptolemy.util.test.WatchDog.cancel(): canceling Wed Jul 10 00:50:02 UTC 2019
auto.tcl: Setting watchdog for 200 seconds at Wed Jul 10 00:50:02 UTC 2019
3005 ms. Memory: 45056K Free: 17487K (39%)
ptolemy.util.test.WatchDog.cancel(): canceling Wed Jul 10 00:50:05 UTC 2019
------------------ testing $PTII/ptolemy/domains/de/test/auto/FSM1.xml
auto.tcl: Setting watchdog for 200 seconds at Wed Jul 10 00:50:05 UTC 2019
37 ms. Memory: 45056K Free: 19358K (43%)
ptolemy.util.test.WatchDog.cancel(): canceling Wed Jul 10 00:50:05 UTC 2019
auto.tcl: Setting watchdog for 200 seconds at Wed Jul 10 00:50:05 UTC 2019
26 ms. Memory: 45056K Free: 16141K (36%)
ptolemy.util.test.WatchDog.cancel(): canceling Wed Jul 10 00:50:05 UTC 2019
------------------ testing $PTII/ptolemy/domains/de/test/auto/FSM7.xml
auto.tcl: Setting watchdog for 200 seconds at Wed Jul 10 00:50:05 UTC 2019
18 ms. Memory: 45056K Free: 19173K (43%)
ptolemy.util.test.WatchDog.cancel(): canceling Wed Jul 10 00:50:05 UTC 2019
auto.tcl: Setting watchdog for 200 seconds at Wed Jul 10 00:50:05 UTC 2019
20 ms. Memory: 45056K Free: 16025K (36%)
ptolemy.util.test.WatchDog.cancel(): canceling Wed Jul 10 00:50:05 UTC 2019
------------------ testing $PTII/ptolemy/domains/de/test/auto/Inspection.xml
auto.tcl: Setting watchdog for 200 seconds at Wed Jul 10 00:50:05 UTC 2019
46 ms. Memory: 45056K Free: 19142K (42%)
ptolemy.util.test.WatchDog.cancel(): canceling Wed Jul 10 00:50:06 UTC 2019
auto.tcl: Setting watchdog for 200 seconds at Wed Jul 10 00:50:06 UTC 2019
36 ms. Memory: 45056K Free: 17365K (39%)
ptolemy.util.test.WatchDog.cancel(): canceling Wed Jul 10 00:50:06 UTC 2019
------------------ testing $PTII/ptolemy/domains/de/test/auto/Iteration.xml
auto.tcl: Setting watchdog for 200 seconds at Wed Jul 10 00:50:06 UTC 2019
7 ms. Memory: 45056K Free: 24906K (55%)
ptolemy.util.test.WatchDog.cancel(): canceling Wed Jul 10 00:50:06 UTC 2019
auto.tcl: Setting watchdog for 200 seconds at Wed Jul 10 00:50:06 UTC 2019
7 ms. Memory: 45056K Free: 23436K (52%)
ptolemy.util.test.WatchDog.cancel(): canceling Wed Jul 10 00:50:06 UTC 2019
------------------ testing $PTII/ptolemy/domains/de/test/auto/LineFault.xml
auto.tcl: Setting watchdog for 200 seconds at Wed Jul 10 00:50:06 UTC 2019
719 ms. Memory: 54272K Free: 30023K (55%)
ptolemy.util.test.WatchDog.cancel(): canceling Wed Jul 10 00:50:07 UTC 2019
auto.tcl: Setting watchdog for 200 seconds at Wed Jul 10 00:50:07 UTC 2019
552 ms. Memory: 65536K Free: 37439K (57%)
ptolemy.util.test.WatchDog.cancel(): canceling Wed Jul 10 00:50:07 UTC 2019
------------------ testing $PTII/ptolemy/domains/de/test/auto/MergeModel1Add.xml
auto.tcl: Setting watchdog for 200 seconds at Wed Jul 10 00:50:07 UTC 2019
37 ms. Memory: 51200K Free: 17333K (34%)
ptolemy.util.test.WatchDog.cancel(): canceling Wed Jul 10 00:50:07 UTC 2019
auto.tcl: Setting watchdog for 200 seconds at Wed Jul 10 00:50:07 UTC 2019
13 ms. Memory: 51200K Free: 15725K (31%)
ptolemy.util.test.WatchDog.cancel(): canceling Wed Jul 10 00:50:07 UTC 2019
------------------ testing $PTII/ptolemy/domains/de/test/auto/MergeModel2Add.xml
auto.tcl: Setting watchdog for 200 seconds at Wed Jul 10 00:50:08 UTC 2019
8 ms. Memory: 48128K Free: 16404K (34%)
ptolemy.util.test.WatchDog.cancel(): canceling Wed Jul 10 00:50:08 UTC 2019
auto.tcl: Setting watchdog for 200 seconds at Wed Jul 10 00:50:08 UTC 2019
8 ms. Memory: 48128K Free: 14977K (31%)
ptolemy.util.test.WatchDog.cancel(): canceling Wed Jul 10 00:50:08 UTC 2019
------------------ testing $PTII/ptolemy/domains/de/test/auto/MergeModel3Add.xml
auto.tcl: Setting watchdog for 200 seconds at Wed Jul 10 00:50:08 UTC 2019
8 ms. Memory: 48128K Free: 15899K (33%)
ptolemy.util.test.WatchDog.cancel(): canceling Wed Jul 10 00:50:08 UTC 2019
auto.tcl: Setting watchdog for 200 seconds at Wed Jul 10 00:50:08 UTC 2019
8 ms. Memory: 48128K Free: 14545K (30%)
ptolemy.util.test.WatchDog.cancel(): canceling Wed Jul 10 00:50:08 UTC 2019
------------------ testing $PTII/ptolemy/domains/de/test/auto/MergeWithoutDiscard.xml
auto.tcl: Setting watchdog for 200 seconds at Wed Jul 10 00:50:08 UTC 2019
2 ms. Memory: 48128K Free: 30807K (64%)
ptolemy.util.test.WatchDog.cancel(): canceling Wed Jul 10 00:50:08 UTC 2019
auto.tcl: Setting watchdog for 200 seconds at Wed Jul 10 00:50:08 UTC 2019
1 ms. Memory: 48128K Free: 30315K (63%)
ptolemy.util.test.WatchDog.cancel(): canceling Wed Jul 10 00:50:08 UTC 2019
------------------ testing $PTII/ptolemy/domains/de/test/auto/Modal1.xml
auto.tcl: Setting watchdog for 200 seconds at Wed Jul 10 00:50:08 UTC 2019
19 ms. Memory: 48128K Free: 22875K (48%)
ptolemy.util.test.WatchDog.cancel(): canceling Wed Jul 10 00:50:08 UTC 2019
auto.tcl: Setting watchdog for 200 seconds at Wed Jul 10 00:50:08 UTC 2019
20 ms. Memory: 48128K Free: 19331K (40%)
ptolemy.util.test.WatchDog.cancel(): canceling Wed Jul 10 00:50:08 UTC 2019
------------------ testing $PTII/ptolemy/domains/de/test/auto/Modal2.xml
auto.tcl: Setting watchdog for 200 seconds at Wed Jul 10 00:50:08 UTC 2019
15 ms. Memory: 45056K Free: 19424K (43%)
ptolemy.util.test.WatchDog.cancel(): canceling Wed Jul 10 00:50:08 UTC 2019
auto.tcl: Setting watchdog for 200 seconds at Wed Jul 10 00:50:08 UTC 2019
21 ms. Memory: 45056K Free: 16171K (36%)
ptolemy.util.test.WatchDog.cancel(): canceling Wed Jul 10 00:50:08 UTC 2019
------------------ testing $PTII/ptolemy/domains/de/test/auto/Modal3.xml
auto.tcl: Setting watchdog for 200 seconds at Wed Jul 10 00:50:08 UTC 2019
15 ms. Memory: 45056K Free: 19134K (42%)
ptolemy.util.test.WatchDog.cancel(): canceling Wed Jul 10 00:50:08 UTC 2019
auto.tcl: Setting watchdog for 200 seconds at Wed Jul 10 00:50:08 UTC 2019
16 ms. Memory: 45056K Free: 16182K (36%)
ptolemy.util.test.WatchDog.cancel(): canceling Wed Jul 10 00:50:08 UTC 2019
------------------ testing $PTII/ptolemy/domains/de/test/auto/Modal4.xml
auto.tcl: Setting watchdog for 200 seconds at Wed Jul 10 00:50:08 UTC 2019
14 ms. Memory: 45056K Free: 18152K (40%)
ptolemy.util.test.WatchDog.cancel(): canceling Wed Jul 10 00:50:08 UTC 2019
auto.tcl: Setting watchdog for 200 seconds at Wed Jul 10 00:50:08 UTC 2019
16 ms. Memory: 45056K Free: 14166K (31%)
ptolemy.util.test.WatchDog.cancel(): canceling Wed Jul 10 00:50:08 UTC 2019
------------------ testing $PTII/ptolemy/domains/de/test/auto/Modal5.xml
auto.tcl: Setting watchdog for 200 seconds at Wed Jul 10 00:50:08 UTC 2019
14 ms. Memory: 45056K Free: 18157K (40%)
ptolemy.util.test.WatchDog.cancel(): canceling Wed Jul 10 00:50:08 UTC 2019
auto.tcl: Setting watchdog for 200 seconds at Wed Jul 10 00:50:08 UTC 2019
16 ms. Memory: 45056K Free: 14528K (32%)
ptolemy.util.test.WatchDog.cancel(): canceling Wed Jul 10 00:50:08 UTC 2019
------------------ testing $PTII/ptolemy/domains/de/test/auto/Modal6.xml
auto.tcl: Setting watchdog for 200 seconds at Wed Jul 10 00:50:08 UTC 2019
26 ms. Memory: 45056K Free: 19163K (43%)
ptolemy.util.test.WatchDog.cancel(): canceling Wed Jul 10 00:50:08 UTC 2019
auto.tcl: Setting watchdog for 200 seconds at Wed Jul 10 00:50:08 UTC 2019
20 ms. Memory: 45056K Free: 15209K (34%)
ptolemy.util.test.WatchDog.cancel(): canceling Wed Jul 10 00:50:09 UTC 2019
------------------ testing $PTII/ptolemy/domains/de/test/auto/Modal7.xml
auto.tcl: Setting watchdog for 200 seconds at Wed Jul 10 00:50:09 UTC 2019
10 ms. Memory: 45056K Free: 18146K (40%)
ptolemy.util.test.WatchDog.cancel(): canceling Wed Jul 10 00:50:09 UTC 2019
auto.tcl: Setting watchdog for 200 seconds at Wed Jul 10 00:50:09 UTC 2019
11 ms. Memory: 45056K Free: 14879K (33%)
ptolemy.util.test.WatchDog.cancel(): canceling Wed Jul 10 00:50:09 UTC 2019
------------------ testing $PTII/ptolemy/domains/de/test/auto/ModalModel.xml
auto.tcl: Setting watchdog for 200 seconds at Wed Jul 10 00:50:09 UTC 2019
216 ms. Memory: 60416K Free: 42473K (70%)
ptolemy.util.test.WatchDog.cancel(): canceling Wed Jul 10 00:50:09 UTC 2019
auto.tcl: Setting watchdog for 200 seconds at Wed Jul 10 00:50:09 UTC 2019
213 ms. Memory: 60416K Free: 40215K (67%)
ptolemy.util.test.WatchDog.cancel(): canceling Wed Jul 10 00:50:09 UTC 2019
------------------ testing $PTII/ptolemy/domains/de/test/auto/ModalSource.xml
auto.tcl: Setting watchdog for 200 seconds at Wed Jul 10 00:50:09 UTC 2019
11 ms. Memory: 48128K Free: 26278K (55%)
ptolemy.util.test.WatchDog.cancel(): canceling Wed Jul 10 00:50:09 UTC 2019
auto.tcl: Setting watchdog for 200 seconds at Wed Jul 10 00:50:09 UTC 2019
6 ms. Memory: 48128K Free: 24221K (50%)
ptolemy.util.test.WatchDog.cancel(): canceling Wed Jul 10 00:50:09 UTC 2019
------------------ testing $PTII/ptolemy/domains/de/test/auto/NonInterruptibleTimerZeroDelay.xml
auto.tcl: Setting watchdog for 200 seconds at Wed Jul 10 00:50:09 UTC 2019
3 ms. Memory: 45056K Free: 27952K (62%)
ptolemy.util.test.WatchDog.cancel(): canceling Wed Jul 10 00:50:09 UTC 2019
auto.tcl: Setting watchdog for 200 seconds at Wed Jul 10 00:50:09 UTC 2019
2 ms. Memory: 45056K Free: 27068K (60%)
ptolemy.util.test.WatchDog.cancel(): canceling Wed Jul 10 00:50:09 UTC 2019
------------------ testing $PTII/ptolemy/domains/de/test/auto/OpenQueueingNetwork.xml
auto.tcl: Setting watchdog for 200 seconds at Wed Jul 10 00:50:09 UTC 2019
3005 ms. Memory: 97280K Free: 43036K (44%)
ptolemy.util.test.WatchDog.cancel(): canceling Wed Jul 10 00:50:13 UTC 2019
auto.tcl: Setting watchdog for 200 seconds at Wed Jul 10 00:50:13 UTC 2019
2597 ms. Memory: 124928K Free: 78915K (63%)
ptolemy.util.test.WatchDog.cancel(): canceling Wed Jul 10 00:50:15 UTC 2019
------------------ testing $PTII/ptolemy/domains/de/test/auto/OpenQueuingNetwork.xml
auto.tcl: Setting watchdog for 200 seconds at Wed Jul 10 00:50:15 UTC 2019
302 ms. Memory: 55296K Free: 25686K (46%)
ptolemy.util.test.WatchDog.cancel(): canceling Wed Jul 10 00:50:16 UTC 2019
auto.tcl: Setting watchdog for 200 seconds at Wed Jul 10 00:50:16 UTC 2019
269 ms. Memory: 55296K Free: 34916K (63%)
ptolemy.util.test.WatchDog.cancel(): canceling Wed Jul 10 00:50:16 UTC 2019
------------------ testing $PTII/ptolemy/domains/de/test/auto/PeriodicSampler.xml
auto.tcl: Setting watchdog for 200 seconds at Wed Jul 10 00:50:16 UTC 2019
2 ms. Memory: 48128K Free: 30403K (63%)
ptolemy.util.test.WatchDog.cancel(): canceling Wed Jul 10 00:50:16 UTC 2019
auto.tcl: Setting watchdog for 200 seconds at Wed Jul 10 00:50:16 UTC 2019
2 ms. Memory: 48128K Free: 29913K (62%)
ptolemy.util.test.WatchDog.cancel(): canceling Wed Jul 10 00:50:16 UTC 2019
------------------ testing $PTII/ptolemy/domains/de/test/auto/PersistentIO.xml
auto.tcl: Setting watchdog for 200 seconds at Wed Jul 10 00:50:16 UTC 2019
8 ms. Memory: 45056K Free: 22263K (49%)
ptolemy.util.test.WatchDog.cancel(): canceling Wed Jul 10 00:50:16 UTC 2019
auto.tcl: Setting watchdog for 200 seconds at Wed Jul 10 00:50:16 UTC 2019
4 ms. Memory: 45056K Free: 20834K (46%)
ptolemy.util.test.WatchDog.cancel(): canceling Wed Jul 10 00:50:16 UTC 2019
------------------ testing $PTII/ptolemy/domains/de/test/auto/PortParameterResetOnInitialize.xml
auto.tcl: Setting watchdog for 200 seconds at Wed Jul 10 00:50:16 UTC 2019
3 ms. Memory: 45056K Free: 27223K (60%)
ptolemy.util.test.WatchDog.cancel(): canceling Wed Jul 10 00:50:16 UTC 2019
auto.tcl: Setting watchdog for 200 seconds at Wed Jul 10 00:50:16 UTC 2019
2 ms. Memory: 45056K Free: 26753K (59%)
ptolemy.util.test.WatchDog.cancel(): canceling Wed Jul 10 00:50:16 UTC 2019
------------------ testing $PTII/ptolemy/domains/de/test/auto/PortParameterUpdates.xml
auto.tcl: Setting watchdog for 200 seconds at Wed Jul 10 00:50:16 UTC 2019
4 ms. Memory: 45056K Free: 25358K (56%)
ptolemy.util.test.WatchDog.cancel(): canceling Wed Jul 10 00:50:16 UTC 2019
auto.tcl: Setting watchdog for 200 seconds at Wed Jul 10 00:50:16 UTC 2019
6 ms. Memory: 45056K Free: 23959K (53%)
ptolemy.util.test.WatchDog.cancel(): canceling Wed Jul 10 00:50:16 UTC 2019
------------------ testing $PTII/ptolemy/domains/de/test/auto/QueueAndServer.xml
auto.tcl: Setting watchdog for 200 seconds at Wed Jul 10 00:50:16 UTC 2019
16 ms. Memory: 45056K Free: 24298K (54%)
ptolemy.util.test.WatchDog.cancel(): canceling Wed Jul 10 00:50:16 UTC 2019
auto.tcl: Setting watchdog for 200 seconds at Wed Jul 10 00:50:16 UTC 2019
6 ms. Memory: 45056K Free: 22877K (51%)
ptolemy.util.test.WatchDog.cancel(): canceling Wed Jul 10 00:50:16 UTC 2019
------------------ testing $PTII/ptolemy/domains/de/test/auto/Records.xml
auto.tcl: Setting watchdog for 200 seconds at Wed Jul 10 00:50:16 UTC 2019
5 ms. Memory: 45056K Free: 26815K (60%)
ptolemy.util.test.WatchDog.cancel(): canceling Wed Jul 10 00:50:16 UTC 2019
auto.tcl: Setting watchdog for 200 seconds at Wed Jul 10 00:50:16 UTC 2019
2 ms. Memory: 45056K Free: 26339K (58%)
ptolemy.util.test.WatchDog.cancel(): canceling Wed Jul 10 00:50:16 UTC 2019
------------------ testing $PTII/ptolemy/domains/de/test/auto/ResetTransitionWithStartTime1.xml
auto.tcl: Setting watchdog for 200 seconds at Wed Jul 10 00:50:16 UTC 2019
13 ms. Memory: 45056K Free: 23739K (53%)
ptolemy.util.test.WatchDog.cancel(): canceling Wed Jul 10 00:50:16 UTC 2019
auto.tcl: Setting watchdog for 200 seconds at Wed Jul 10 00:50:16 UTC 2019
10 ms. Memory: 45056K Free: 21237K (47%)
ptolemy.util.test.WatchDog.cancel(): canceling Wed Jul 10 00:50:16 UTC 2019
------------------ testing $PTII/ptolemy/domains/de/test/auto/ResetTransitionWithStartTime2.xml
auto.tcl: Setting watchdog for 200 seconds at Wed Jul 10 00:50:16 UTC 2019
6 ms. Memory: 45056K Free: 23694K (53%)
ptolemy.util.test.WatchDog.cancel(): canceling Wed Jul 10 00:50:17 UTC 2019
auto.tcl: Setting watchdog for 200 seconds at Wed Jul 10 00:50:17 UTC 2019
7 ms. Memory: 45056K Free: 21192K (47%)
ptolemy.util.test.WatchDog.cancel(): canceling Wed Jul 10 00:50:17 UTC 2019
------------------ testing $PTII/ptolemy/domains/de/test/auto/ResetTransitionWithStartTime3.xml
auto.tcl: Setting watchdog for 200 seconds at Wed Jul 10 00:50:17 UTC 2019
10 ms. Memory: 45056K Free: 23892K (53%)
ptolemy.util.test.WatchDog.cancel(): canceling Wed Jul 10 00:50:17 UTC 2019
auto.tcl: Setting watchdog for 200 seconds at Wed Jul 10 00:50:17 UTC 2019
6 ms. Memory: 45056K Free: 21645K (48%)
ptolemy.util.test.WatchDog.cancel(): canceling Wed Jul 10 00:50:17 UTC 2019
------------------ testing $PTII/ptolemy/domains/de/test/auto/ResetTransitionWithStartTime4.xml
auto.tcl: Setting watchdog for 200 seconds at Wed Jul 10 00:50:17 UTC 2019
15 ms. Memory: 45056K Free: 24202K (54%)
ptolemy.util.test.WatchDog.cancel(): canceling Wed Jul 10 00:50:17 UTC 2019
auto.tcl: Setting watchdog for 200 seconds at Wed Jul 10 00:50:17 UTC 2019
4 ms. Memory: 45056K Free: 22783K (51%)
ptolemy.util.test.WatchDog.cancel(): canceling Wed Jul 10 00:50:17 UTC 2019
------------------ testing $PTII/ptolemy/domains/de/test/auto/ResettableTimer1.xml
auto.tcl: Setting watchdog for 200 seconds at Wed Jul 10 00:50:17 UTC 2019
2 ms. Memory: 45056K Free: 28017K (62%)
ptolemy.util.test.WatchDog.cancel(): canceling Wed Jul 10 00:50:17 UTC 2019
auto.tcl: Setting watchdog for 200 seconds at Wed Jul 10 00:50:17 UTC 2019
3 ms. Memory: 45056K Free: 27317K (61%)
ptolemy.util.test.WatchDog.cancel(): canceling Wed Jul 10 00:50:17 UTC 2019
------------------ testing $PTII/ptolemy/domains/de/test/auto/ResettableTimer2.xml
auto.tcl: Setting watchdog for 200 seconds at Wed Jul 10 00:50:17 UTC 2019
2 ms. Memory: 45056K Free: 28018K (62%)
ptolemy.util.test.WatchDog.cancel(): canceling Wed Jul 10 00:50:17 UTC 2019
auto.tcl: Setting watchdog for 200 seconds at Wed Jul 10 00:50:17 UTC 2019
2 ms. Memory: 45056K Free: 26918K (60%)
ptolemy.util.test.WatchDog.cancel(): canceling Wed Jul 10 00:50:17 UTC 2019
------------------ testing $PTII/ptolemy/domains/de/test/auto/ResettableTimer3.xml
auto.tcl: Setting watchdog for 200 seconds at Wed Jul 10 00:50:17 UTC 2019
3 ms. Memory: 45056K Free: 28356K (63%)
ptolemy.util.test.WatchDog.cancel(): canceling Wed Jul 10 00:50:17 UTC 2019
auto.tcl: Setting watchdog for 200 seconds at Wed Jul 10 00:50:17 UTC 2019
2 ms. Memory: 45056K Free: 27826K (62%)
ptolemy.util.test.WatchDog.cancel(): canceling Wed Jul 10 00:50:17 UTC 2019
------------------ testing $PTII/ptolemy/domains/de/test/auto/ResettableTimer4.xml
auto.tcl: Setting watchdog for 200 seconds at Wed Jul 10 00:50:17 UTC 2019
2 ms. Memory: 45056K Free: 27949K (62%)
ptolemy.util.test.WatchDog.cancel(): canceling Wed Jul 10 00:50:17 UTC 2019
auto.tcl: Setting watchdog for 200 seconds at Wed Jul 10 00:50:17 UTC 2019
2 ms. Memory: 45056K Free: 27839K (62%)
ptolemy.util.test.WatchDog.cancel(): canceling Wed Jul 10 00:50:17 UTC 2019
------------------ testing $PTII/ptolemy/domains/de/test/auto/ResettableTimer5.xml
auto.tcl: Setting watchdog for 200 seconds at Wed Jul 10 00:50:17 UTC 2019
2 ms. Memory: 45056K Free: 27917K (62%)
ptolemy.util.test.WatchDog.cancel(): canceling Wed Jul 10 00:50:17 UTC 2019
auto.tcl: Setting watchdog for 200 seconds at Wed Jul 10 00:50:17 UTC 2019
2 ms. Memory: 45056K Free: 27414K (61%)
ptolemy.util.test.WatchDog.cancel(): canceling Wed Jul 10 00:50:17 UTC 2019
------------------ testing $PTII/ptolemy/domains/de/test/auto/ResettableTimer6.xml
auto.tcl: Setting watchdog for 200 seconds at Wed Jul 10 00:50:17 UTC 2019
2 ms. Memory: 45056K Free: 27296K (61%)
ptolemy.util.test.WatchDog.cancel(): canceling Wed Jul 10 00:50:17 UTC 2019
auto.tcl: Setting watchdog for 200 seconds at Wed Jul 10 00:50:17 UTC 2019
1 ms. Memory: 45056K Free: 26804K (59%)
ptolemy.util.test.WatchDog.cancel(): canceling Wed Jul 10 00:50:17 UTC 2019
------------------ testing $PTII/ptolemy/domains/de/test/auto/ServerZeroDelay.xml
auto.tcl: Setting watchdog for 200 seconds at Wed Jul 10 00:50:17 UTC 2019
3 ms. Memory: 45056K Free: 27837K (62%)
ptolemy.util.test.WatchDog.cancel(): canceling Wed Jul 10 00:50:17 UTC 2019
auto.tcl: Setting watchdog for 200 seconds at Wed Jul 10 00:50:17 UTC 2019
3 ms. Memory: 45056K Free: 26976K (60%)
ptolemy.util.test.WatchDog.cancel(): canceling Wed Jul 10 00:50:17 UTC 2019
------------------ testing $PTII/ptolemy/domains/de/test/auto/SmartSender.xml
auto.tcl: Setting watchdog for 200 seconds at Wed Jul 10 00:50:17 UTC 2019
3001 ms. Memory: 45056K Free: 27923K (62%)
ptolemy.util.test.WatchDog.cancel(): canceling Wed Jul 10 00:50:20 UTC 2019
auto.tcl: Setting watchdog for 200 seconds at Wed Jul 10 00:50:20 UTC 2019
3002 ms. Memory: 45056K Free: 27377K (61%)
ptolemy.util.test.WatchDog.cancel(): canceling Wed Jul 10 00:50:23 UTC 2019
------------------ testing $PTII/ptolemy/domains/de/test/auto/ThreadedComposite.xml
auto.tcl: Setting watchdog for 200 seconds at Wed Jul 10 00:50:23 UTC 2019
157 ms. Memory: 45056K Free: 8902K (20%)
ptolemy.util.test.WatchDog.cancel(): canceling Wed Jul 10 00:50:23 UTC 2019
auto.tcl: Setting watchdog for 200 seconds at Wed Jul 10 00:50:23 UTC 2019
229 ms. Memory: 54272K Free: 26473K (49%)
ptolemy.util.test.WatchDog.cancel(): canceling Wed Jul 10 00:50:24 UTC 2019
------------------ testing $PTII/ptolemy/domains/de/test/auto/Time.xml
auto.tcl: Setting watchdog for 200 seconds at Wed Jul 10 00:50:24 UTC 2019
578 ms. Memory: 48128K Free: 31680K (66%)
ptolemy.util.test.WatchDog.cancel(): canceling Wed Jul 10 00:50:24 UTC 2019
auto.tcl: Setting watchdog for 200 seconds at Wed Jul 10 00:50:24 UTC 2019
530 ms. Memory: 48128K Free: 33132K (69%)
ptolemy.util.test.WatchDog.cancel(): canceling Wed Jul 10 00:50:25 UTC 2019
------------------ testing $PTII/ptolemy/domains/de/test/auto/TimeDelayZeroDelay.xml
auto.tcl: Setting watchdog for 200 seconds at Wed Jul 10 00:50:25 UTC 2019
2 ms. Memory: 45056K Free: 28248K (63%)
ptolemy.util.test.WatchDog.cancel(): canceling Wed Jul 10 00:50:25 UTC 2019
auto.tcl: Setting watchdog for 200 seconds at Wed Jul 10 00:50:25 UTC 2019
2 ms. Memory: 45056K Free: 27744K (62%)
ptolemy.util.test.WatchDog.cancel(): canceling Wed Jul 10 00:50:25 UTC 2019
------------------ testing $PTII/ptolemy/domains/de/test/auto/TimerZeroDelay.xml
auto.tcl: Setting watchdog for 200 seconds at Wed Jul 10 00:50:25 UTC 2019
4 ms. Memory: 45056K Free: 28279K (63%)
ptolemy.util.test.WatchDog.cancel(): canceling Wed Jul 10 00:50:25 UTC 2019
auto.tcl: Setting watchdog for 200 seconds at Wed Jul 10 00:50:25 UTC 2019
2 ms. Memory: 45056K Free: 27404K (61%)
ptolemy.util.test.WatchDog.cancel(): canceling Wed Jul 10 00:50:25 UTC 2019
------------------ testing $PTII/ptolemy/domains/de/test/auto/TimingParadox.xml
auto.tcl: Setting watchdog for 200 seconds at Wed Jul 10 00:50:25 UTC 2019
401 ms. Memory: 45056K Free: 29339K (65%)
ptolemy.util.test.WatchDog.cancel(): canceling Wed Jul 10 00:50:26 UTC 2019
auto.tcl: Setting watchdog for 200 seconds at Wed Jul 10 00:50:26 UTC 2019
363 ms. Memory: 45056K Free: 15632K (35%)
ptolemy.util.test.WatchDog.cancel(): canceling Wed Jul 10 00:50:26 UTC 2019
------------------ testing $PTII/ptolemy/domains/de/test/auto/TransferInputs.xml
auto.tcl: Setting watchdog for 200 seconds at Wed Jul 10 00:50:26 UTC 2019
3 ms. Memory: 45056K Free: 26316K (58%)
ptolemy.util.test.WatchDog.cancel(): canceling Wed Jul 10 00:50:26 UTC 2019
auto.tcl: Setting watchdog for 200 seconds at Wed Jul 10 00:50:26 UTC 2019
2 ms. Memory: 45056K Free: 25343K (56%)
ptolemy.util.test.WatchDog.cancel(): canceling Wed Jul 10 00:50:26 UTC 2019
------------------ testing $PTII/ptolemy/domains/de/test/auto/TransferOutputs2.xml
auto.tcl: Setting watchdog for 200 seconds at Wed Jul 10 00:50:26 UTC 2019
3 ms. Memory: 45056K Free: 23731K (53%)
ptolemy.util.test.WatchDog.cancel(): canceling Wed Jul 10 00:50:26 UTC 2019
auto.tcl: Setting watchdog for 200 seconds at Wed Jul 10 00:50:26 UTC 2019
3 ms. Memory: 45056K Free: 22247K (49%)
ptolemy.util.test.WatchDog.cancel(): canceling Wed Jul 10 00:50:26 UTC 2019
------------------ testing $PTII/ptolemy/domains/de/test/auto/Trilateration.xml
auto.tcl: Setting watchdog for 200 seconds at Wed Jul 10 00:50:26 UTC 2019
15403 ms. Memory: 515072K Free: 230938K (45%)
ptolemy.util.test.WatchDog.cancel(): canceling Wed Jul 10 00:50:43 UTC 2019
auto.tcl: Setting watchdog for 200 seconds at Wed Jul 10 00:50:43 UTC 2019
11649 ms. Memory: 515072K Free: 338857K (66%)
ptolemy.util.test.WatchDog.cancel(): canceling Wed Jul 10 00:50:54 UTC 2019
------------------ testing $PTII/ptolemy/domains/de/test/auto/TwoSigmaDelta.xml
auto.tcl: Setting watchdog for 200 seconds at Wed Jul 10 00:50:55 UTC 2019
2992 ms. Memory: 86016K Free: 49492K (58%)
ptolemy.util.test.WatchDog.cancel(): canceling Wed Jul 10 00:50:58 UTC 2019
auto.tcl: Setting watchdog for 200 seconds at Wed Jul 10 00:50:58 UTC 2019
2154 ms. Memory: 86016K Free: 39245K (46%)
ptolemy.util.test.WatchDog.cancel(): canceling Wed Jul 10 00:51:00 UTC 2019
------------------ testing $PTII/ptolemy/domains/de/test/auto/VariableDelay.xml
auto.tcl: Setting watchdog for 200 seconds at Wed Jul 10 00:51:00 UTC 2019
6 ms. Memory: 48128K Free: 29814K (62%)
ptolemy.util.test.WatchDog.cancel(): canceling Wed Jul 10 00:51:00 UTC 2019
auto.tcl: Setting watchdog for 200 seconds at Wed Jul 10 00:51:00 UTC 2019
2 ms. Memory: 48128K Free: 29318K (61%)
ptolemy.util.test.WatchDog.cancel(): canceling Wed Jul 10 00:51:00 UTC 2019
------------------ testing $PTII/ptolemy/domains/de/test/auto/VariableDelay2.xml
auto.tcl: Setting watchdog for 200 seconds at Wed Jul 10 00:51:00 UTC 2019
7 ms. Memory: 48128K Free: 30213K (63%)
ptolemy.util.test.WatchDog.cancel(): canceling Wed Jul 10 00:51:00 UTC 2019
auto.tcl: Setting watchdog for 200 seconds at Wed Jul 10 00:51:00 UTC 2019
3 ms. Memory: 48128K Free: 29717K (62%)
ptolemy.util.test.WatchDog.cancel(): canceling Wed Jul 10 00:51:00 UTC 2019
------------------ testing $PTII/ptolemy/domains/de/test/auto/VariableDelayZeroDelay.xml
auto.tcl: Setting watchdog for 200 seconds at Wed Jul 10 00:51:00 UTC 2019
2 ms. Memory: 48128K Free: 30740K (64%)
ptolemy.util.test.WatchDog.cancel(): canceling Wed Jul 10 00:51:00 UTC 2019
auto.tcl: Setting watchdog for 200 seconds at Wed Jul 10 00:51:00 UTC 2019
2 ms. Memory: 48128K Free: 30239K (63%)
ptolemy.util.test.WatchDog.cancel(): canceling Wed Jul 10 00:51:00 UTC 2019
------------------ testing $PTII/ptolemy/domains/de/test/auto/VariableDelayZeroDelay2.xml
auto.tcl: Setting watchdog for 200 seconds at Wed Jul 10 00:51:00 UTC 2019
2 ms. Memory: 48128K Free: 30739K (64%)
ptolemy.util.test.WatchDog.cancel(): canceling Wed Jul 10 00:51:00 UTC 2019
auto.tcl: Setting watchdog for 200 seconds at Wed Jul 10 00:51:00 UTC 2019
2 ms. Memory: 48128K Free: 29731K (62%)
ptolemy.util.test.WatchDog.cancel(): canceling Wed Jul 10 00:51:00 UTC 2019
------------------ testing $PTII/ptolemy/domains/de/test/auto/deInCt.xml
auto.tcl: Setting watchdog for 200 seconds at Wed Jul 10 00:51:00 UTC 2019
0
1
1
1
0
0
1
1
1
0
0
0
1
1
1
0
0
0
1
1
1
0
0
0
0
0
1
1
1
1
1
0
0
1
1
1
1
1
1
11 ms. Memory: 48128K Free: 29712K (62%)
ptolemy.util.test.WatchDog.cancel(): canceling Wed Jul 10 00:51:00 UTC 2019
auto.tcl: Setting watchdog for 200 seconds at Wed Jul 10 00:51:00 UTC 2019
0
1
1
1
1
0
0
0
1
1
1
1
1
0
0
0
1
1
1
1
0
0
0
0
1
1
1
1
0
0
0
1
1
1
1
9 ms. Memory: 48128K Free: 28187K (59%)
ptolemy.util.test.WatchDog.cancel(): canceling Wed Jul 10 00:51:00 UTC 2019
------------------ testing $PTII/ptolemy/domains/de/test/auto/deInCt2.xml
auto.tcl: Setting watchdog for 200 seconds at Wed Jul 10 00:51:00 UTC 2019
0
1
1
1
0
0
1
1
1
0
0
1
1
1
0
0
1
1
1
0
0
1
1
1
0
0
1
1
1
0
0
1
1
1
0
0
1
1
1
0
0
0
12 ms. Memory: 48128K Free: 29714K (62%)
ptolemy.util.test.WatchDog.cancel(): canceling Wed Jul 10 00:51:00 UTC 2019
auto.tcl: Setting watchdog for 200 seconds at Wed Jul 10 00:51:00 UTC 2019
0
1
1
1
0
0
1
1
1
0
0
1
1
1
0
0
1
1
1
0
0
1
1
1
0
0
1
1
1
0
0
1
1
1
0
0
1
1
1
0
0
0
11 ms. Memory: 48128K Free: 28175K (59%)
ptolemy.util.test.WatchDog.cancel(): canceling Wed Jul 10 00:51:00 UTC 2019
------------------ testing $PTII/ptolemy/domains/de/test/auto/dynamicCausalityInterface1.xml
auto.tcl: Setting watchdog for 200 seconds at Wed Jul 10 00:51:00 UTC 2019
2 ms. Memory: 48128K Free: 25613K (53%)
ptolemy.util.test.WatchDog.cancel(): canceling Wed Jul 10 00:51:00 UTC 2019
auto.tcl: Setting watchdog for 200 seconds at Wed Jul 10 00:51:00 UTC 2019
0 ms. Memory: 48128K Free: 25112K (52%)
ptolemy.util.test.WatchDog.cancel(): canceling Wed Jul 10 00:51:00 UTC 2019
------------------ testing $PTII/ptolemy/domains/de/test/auto/fsm_de_test.xml
auto.tcl: Setting watchdog for 200 seconds at Wed Jul 10 00:51:00 UTC 2019
8 ms. Memory: 48128K Free: 25511K (53%)
ptolemy.util.test.WatchDog.cancel(): canceling Wed Jul 10 00:51:00 UTC 2019
auto.tcl: Setting watchdog for 200 seconds at Wed Jul 10 00:51:00 UTC 2019
6 ms. Memory: 48128K Free: 23463K (49%)
ptolemy.util.test.WatchDog.cancel(): canceling Wed Jul 10 00:51:00 UTC 2019
------------------ testing $PTII/ptolemy/domains/de/test/auto/functionDependencyReconstruction.xml
auto.tcl: Setting watchdog for 200 seconds at Wed Jul 10 00:51:00 UTC 2019
2 ms. Memory: 48128K Free: 19357K (40%)
ptolemy.util.test.WatchDog.cancel(): canceling Wed Jul 10 00:51:01 UTC 2019
auto.tcl: Setting watchdog for 200 seconds at Wed Jul 10 00:51:01 UTC 2019
3 ms. Memory: 48128K Free: 17309K (36%)
ptolemy.util.test.WatchDog.cancel(): canceling Wed Jul 10 00:51:01 UTC 2019
------------------ testing $PTII/ptolemy/domains/de/test/auto/multirate.xml
auto.tcl: Setting watchdog for 200 seconds at Wed Jul 10 00:51:01 UTC 2019
3 ms. Memory: 48128K Free: 27935K (58%)
ptolemy.util.test.WatchDog.cancel(): canceling Wed Jul 10 00:51:01 UTC 2019
auto.tcl: Setting watchdog for 200 seconds at Wed Jul 10 00:51:01 UTC 2019
3 ms. Memory: 48128K Free: 26421K (55%)
ptolemy.util.test.WatchDog.cancel(): canceling Wed Jul 10 00:51:01 UTC 2019
------------------ testing $PTII/ptolemy/domains/de/test/auto/multirate2.xml
auto.tcl: Setting watchdog for 200 seconds at Wed Jul 10 00:51:01 UTC 2019
3 ms. Memory: 48128K Free: 28109K (58%)
ptolemy.util.test.WatchDog.cancel(): canceling Wed Jul 10 00:51:01 UTC 2019
auto.tcl: Setting watchdog for 200 seconds at Wed Jul 10 00:51:01 UTC 2019
3 ms. Memory: 48128K Free: 26611K (55%)
ptolemy.util.test.WatchDog.cancel(): canceling Wed Jul 10 00:51:01 UTC 2019
------------------ testing $PTII/ptolemy/domains/de/test/auto/realtime.xml
auto.tcl: Setting watchdog for 200 seconds at Wed Jul 10 00:51:01 UTC 2019
10001 ms. Memory: 48128K Free: 30404K (63%)
ptolemy.util.test.WatchDog.cancel(): canceling Wed Jul 10 00:51:11 UTC 2019
auto.tcl: Setting watchdog for 200 seconds at Wed Jul 10 00:51:11 UTC 2019
10001 ms. Memory: 48128K Free: 29659K (62%)
ptolemy.util.test.WatchDog.cancel(): canceling Wed Jul 10 00:51:21 UTC 2019
------------------ testing $PTII/ptolemy/domains/de/test/auto/relationGroup.xml
auto.tcl: Setting watchdog for 200 seconds at Wed Jul 10 00:51:21 UTC 2019
1 ms. Memory: 48128K Free: 31454K (65%)
ptolemy.util.test.WatchDog.cancel(): canceling Wed Jul 10 00:51:21 UTC 2019
auto.tcl: Setting watchdog for 200 seconds at Wed Jul 10 00:51:21 UTC 2019
1 ms. Memory: 48128K Free: 30957K (64%)
ptolemy.util.test.WatchDog.cancel(): canceling Wed Jul 10 00:51:21 UTC 2019
------------------ testing $PTII/ptolemy/domains/de/test/auto/relationGroup2.xml
auto.tcl: Setting watchdog for 200 seconds at Wed Jul 10 00:51:21 UTC 2019
1 ms. Memory: 48128K Free: 31481K (65%)
ptolemy.util.test.WatchDog.cancel(): canceling Wed Jul 10 00:51:21 UTC 2019
auto.tcl: Setting watchdog for 200 seconds at Wed Jul 10 00:51:21 UTC 2019
1 ms. Memory: 48128K Free: 30735K (64%)
ptolemy.util.test.WatchDog.cancel(): canceling Wed Jul 10 00:51:21 UTC 2019
------------------ testing $PTII/ptolemy/domains/de/test/auto/sortWithOpaquePorts.xml
auto.tcl: Setting watchdog for 200 seconds at Wed Jul 10 00:51:21 UTC 2019
1 ms. Memory: 48128K Free: 30238K (63%)
ptolemy.util.test.WatchDog.cancel(): canceling Wed Jul 10 00:51:21 UTC 2019
auto.tcl: Setting watchdog for 200 seconds at Wed Jul 10 00:51:21 UTC 2019
2 ms. Memory: 48128K Free: 29236K (61%)
ptolemy.util.test.WatchDog.cancel(): canceling Wed Jul 10 00:51:21 UTC 2019
------------------ testing $PTII/ptolemy/domains/de/test/auto/transferInputsandOutputs.xml
auto.tcl: Setting watchdog for 200 seconds at Wed Jul 10 00:51:21 UTC 2019
3 ms. Memory: 48128K Free: 27681K (58%)
ptolemy.util.test.WatchDog.cancel(): canceling Wed Jul 10 00:51:21 UTC 2019
auto.tcl: Setting watchdog for 200 seconds at Wed Jul 10 00:51:21 UTC 2019
3 ms. Memory: 48128K Free: 26694K (55%)
ptolemy.util.test.WatchDog.cancel(): canceling Wed Jul 10 00:51:21 UTC 2019
------------------ testing $PTII/ptolemy/domains/de/test/auto/triggerType.xml
auto.tcl: Setting watchdog for 200 seconds at Wed Jul 10 00:51:21 UTC 2019
2 ms. Memory: 48128K Free: 30706K (64%)
ptolemy.util.test.WatchDog.cancel(): canceling Wed Jul 10 00:51:21 UTC 2019
auto.tcl: Setting watchdog for 200 seconds at Wed Jul 10 00:51:21 UTC 2019
2 ms. Memory: 48128K Free: 29710K (62%)
ptolemy.util.test.WatchDog.cancel(): canceling Wed Jul 10 00:51:21 UTC 2019
07/10/19 12:51:21
Failed: 0  Total Tests: 192  ((Passed: 187, Newly Passed: 1)  Known Failed: 5) /home/travis/build/icyphy/ptII/ptolemy/domains/de/test
07/10/19 12:51:21
Failed: 0  Total Tests: 192  ((Passed: 187, Newly Passed: 1)  Known Failed: 5) /home/travis/build/icyphy/ptII/ptolemy/domains/de/test
----------------- testing (KnownFailure) /home/travis/build/icyphy/ptII/ptolemy/domains/de/test/auto/knownFailedTests/DESDFClockTest.xml
2012 ms. Memory: 48128K Free: 24101K (50%)
Known Failure: java.lang.reflect.InvocationTargetException
----------------- testing (KnownFailure) /home/travis/build/icyphy/ptII/ptolemy/domains/de/test/auto/knownFailedTests/DirectFeedback.xml
2 ms. Memory: 48128K Free: 20005K (42%)
Known Failure: java.lang.reflect.InvocationTargetException
----------------- testing (KnownFailure) /home/travis/build/icyphy/ptII/ptolemy/domains/de/test/auto/knownFailedTests/FSMSource.xml
7 ms. Memory: 48128K Free: 12327K (26%)
----------------- testing (KnownFailure) /home/travis/build/icyphy/ptII/ptolemy/domains/de/test/auto/knownFailedTests/HierarchicalModel.xml
3 ms. Memory: 48128K Free: 23468K (49%)
Known Failure: java.lang.reflect.InvocationTargetException
----------------- testing (KnownFailure) /home/travis/build/icyphy/ptII/ptolemy/domains/de/test/auto/knownFailedTests/dependencyLoop.xml
3 ms. Memory: 48128K Free: 8421K (17%)
Known Failure: java.lang.reflect.InvocationTargetException
----------------- testing (KnownFailure) /home/travis/build/icyphy/ptII/ptolemy/domains/de/test/auto/knownFailedTests/dependencyLoop2.xml
2 ms. Memory: 48128K Free: 20745K (43%)
Known Failure: java.lang.reflect.InvocationTargetException
No auto/linux-amd64/*.xml tests in /home/travis/build/icyphy/ptII/ptolemy/domains/de/test
AutoTests.java: About to close Vertx.
AutoTests.java: Vertx closed.

===========================================================================================
----------------- testing Wed Jul 10 00:51:23 UTC 2019 /home/travis/build/icyphy/ptII/ptolemy/domains/de/test/auto/ActorDepthCalculation_actorWithoutPorts.xml
----------------- Instantiating /home/travis/build/icyphy/ptII/ptolemy/domains/de/test/auto/ActorDepthCalculation_actorWithoutPorts.xml
2 ms. Memory: 48128K Free: 13890K (29%)
----------------- Invoking toplevel() on ptolemy.moml.MoMLSimpleApplication@2bd99dba
----------------- Done invoking toplevel() on ptolemy.moml.MoMLSimpleApplication@2bd99dba
reloadAllAccessors: .ActorDepthCalculation_actorWithoutPorts

===========================================================================================
----------------- testing Wed Jul 10 00:51:23 UTC 2019 /home/travis/build/icyphy/ptII/ptolemy/domains/de/test/auto/AssemblyLine.xml
----------------- Instantiating /home/travis/build/icyphy/ptII/ptolemy/domains/de/test/auto/AssemblyLine.xml
3 ms. Memory: 48128K Free: 33216K (69%)
----------------- Invoking toplevel() on ptolemy.moml.MoMLSimpleApplication@5e0adad2
----------------- Done invoking toplevel() on ptolemy.moml.MoMLSimpleApplication@5e0adad2
reloadAllAccessors: .AssemblyLine

===========================================================================================
----------------- testing Wed Jul 10 00:51:23 UTC 2019 /home/travis/build/icyphy/ptII/ptolemy/domains/de/test/auto/CQBug1.xml
----------------- Instantiating /home/travis/build/icyphy/ptII/ptolemy/domains/de/test/auto/CQBug1.xml
1 ms. Memory: 48128K Free: 30412K (63%)
----------------- Invoking toplevel() on ptolemy.moml.MoMLSimpleApplication@19eb2f0e
----------------- Done invoking toplevel() on ptolemy.moml.MoMLSimpleApplication@19eb2f0e
reloadAllAccessors: .CQBug1

===========================================================================================
----------------- testing Wed Jul 10 00:51:24 UTC 2019 /home/travis/build/icyphy/ptII/ptolemy/domains/de/test/auto/CancelFireAt.xml
----------------- Instantiating /home/travis/build/icyphy/ptII/ptolemy/domains/de/test/auto/CancelFireAt.xml
9 ms. Memory: 48128K Free: 27814K (58%)
----------------- Invoking toplevel() on ptolemy.moml.MoMLSimpleApplication@b500cea
----------------- Done invoking toplevel() on ptolemy.moml.MoMLSimpleApplication@b500cea
reloadAllAccessors: .CancelFireAt

===========================================================================================
----------------- testing Wed Jul 10 00:51:24 UTC 2019 /home/travis/build/icyphy/ptII/ptolemy/domains/de/test/auto/CausalityAndComposabilityAnalysis.xml
----------------- Instantiating /home/travis/build/icyphy/ptII/ptolemy/domains/de/test/auto/CausalityAndComposabilityAnalysis.xml
2 ms. Memory: 48128K Free: 23452K (49%)
----------------- Invoking toplevel() on ptolemy.moml.MoMLSimpleApplication@6d581a7d
----------------- Done invoking toplevel() on ptolemy.moml.MoMLSimpleApplication@6d581a7d
reloadAllAccessors: .CausalityAndComposabilityAnalysis

===========================================================================================
----------------- testing Wed Jul 10 00:51:24 UTC 2019 /home/travis/build/icyphy/ptII/ptolemy/domains/de/test/auto/CausalityInterface1.xml
----------------- Instantiating /home/travis/build/icyphy/ptII/ptolemy/domains/de/test/auto/CausalityInterface1.xml
6 ms. Memory: 48128K Free: 18270K (38%)
----------------- Invoking toplevel() on ptolemy.moml.MoMLSimpleApplication@6e9d30
----------------- Done invoking toplevel() on ptolemy.moml.MoMLSimpleApplication@6e9d30
reloadAllAccessors: .CausalityInterface1

===========================================================================================
----------------- testing Wed Jul 10 00:51:24 UTC 2019 /home/travis/build/icyphy/ptII/ptolemy/domains/de/test/auto/CausalityInterface15.xml
----------------- Instantiating /home/travis/build/icyphy/ptII/ptolemy/domains/de/test/auto/CausalityInterface15.xml
2 ms. Memory: 48128K Free: 12698K (26%)
----------------- Invoking toplevel() on ptolemy.moml.MoMLSimpleApplication@7d723228
----------------- Done invoking toplevel() on ptolemy.moml.MoMLSimpleApplication@7d723228
reloadAllAccessors: .CausalityInterface15

===========================================================================================
----------------- testing Wed Jul 10 00:51:24 UTC 2019 /home/travis/build/icyphy/ptII/ptolemy/domains/de/test/auto/CausalityInterface2.xml
----------------- Instantiating /home/travis/build/icyphy/ptII/ptolemy/domains/de/test/auto/CausalityInterface2.xml
2 ms. Memory: 48128K Free: 8060K (17%)
[...]
	at ptolemy.actor.Manager.run(Manager.java:1263)
	at ptolemy.actor.Manager$PtolemyRunThread.run(Manager.java:1915)
java.lang.RuntimeException: Execution failed
	at ptolemy.moml.MoMLSimpleApplication$UnloadThread.run(MoMLSimpleApplication.java:402)
Caused by: ptolemy.kernel.util.IllegalActionException: Actor is not ready to fire.  Perhaps UpSample.prefire() returned false? Try debugging the actor by selecting "Listen to Actor".  Also, for SDF check moml for tokenConsumptionRate on input.
  in .DESDFClockTest.Play Bell.Copy1:SDF Director and .DESDFClockTest.Play Bell.UpSample
	at ptolemy.actor.sched.StaticSchedulingDirector.fire(StaticSchedulingDirector.java:227)
	at ptolemy.domains.sdf.kernel.SDFDirector.fire(SDFDirector.java:500)
	at ptolemy.actor.CompositeActor.fire(CompositeActor.java:455)
	at ptolemy.domains.de.kernel.DEDirector._fire(DEDirector.java:1949)
	at ptolemy.domains.de.kernel.DEDirector.fire(DEDirector.java:502)
	at ptolemy.actor.CompositeActor.fire(CompositeActor.java:455)
	at ptolemy.actor.Manager.iterate(Manager.java:851)
	at ptolemy.actor.Manager.execute(Manager.java:369)
	at ptolemy.actor.Manager.run(Manager.java:1263)
	at ptolemy.actor.Manager$PtolemyRunThread.run(Manager.java:1915)
java.lang.reflect.InvocationTargetException
	at java.base/jdk.internal.reflect.NativeConstructorAccessorImpl.newInstance0(Native Method)
	at java.base/jdk.internal.reflect.NativeConstructorAccessorImpl.newInstance(NativeConstructorAccessorImpl.java:62)
	at java.base/jdk.internal.reflect.DelegatingConstructorAccessorImpl.newInstance(DelegatingConstructorAccessorImpl.java:45)
	at java.base/java.lang.reflect.Constructor.newInstance(Constructor.java:490)
	at ptolemy.util.test.junit.AutoKnownFailedTests.RunModel(AutoKnownFailedTests.java:105)
	at java.base/jdk.internal.reflect.NativeMethodAccessorImpl.invoke0(Native Method)
	at java.base/jdk.internal.reflect.NativeMethodAccessorImpl.invoke(NativeMethodAccessorImpl.java:62)
	at java.base/jdk.internal.reflect.DelegatingMethodAccessorImpl.invoke(DelegatingMethodAccessorImpl.java:43)
	at java.base/java.lang.reflect.Method.invoke(Method.java:566)
	at org.junit.runners.model.FrameworkMethod$1.runReflectiveCall(FrameworkMethod.java:44)
	at org.junit.internal.runners.model.ReflectiveCallable.run(ReflectiveCallable.java:15)
	at org.junit.runners.model.FrameworkMethod.invokeExplosively(FrameworkMethod.java:41)
	at junitparams.internal.InvokeParameterisedMethod.evaluate(InvokeParameterisedMethod.java:102)
	at org.junit.internal.runners.statements.FailOnTimeout$1.run(FailOnTimeout.java:28)
Caused by: ptolemy.kernel.util.IllegalActionException: Actor is not ready to fire.  Perhaps UpSample.prefire() returned false? Try debugging the actor by selecting "Listen to Actor".  Also, for SDF check moml for tokenConsumptionRate on input.
  in .DESDFClockTest.Play Bell.Copy1:SDF Director and .DESDFClockTest.Play Bell.UpSample
	at ptolemy.actor.sched.StaticSchedulingDirector.fire(StaticSchedulingDirector.java:227)
	at ptolemy.domains.sdf.kernel.SDFDirector.fire(SDFDirector.java:500)
	at ptolemy.actor.CompositeActor.fire(CompositeActor.java:455)
	at ptolemy.domains.de.kernel.DEDirector._fire(DEDirector.java:1949)
	at ptolemy.domains.de.kernel.DEDirector.fire(DEDirector.java:502)
	at ptolemy.actor.CompositeActor.fire(CompositeActor.java:455)
	at ptolemy.actor.Manager.iterate(Manager.java:851)
	at ptolemy.actor.Manager.execute(Manager.java:369)
	at ptolemy.actor.Manager.run(Manager.java:1263)
	at ptolemy.actor.Manager$PtolemyRunThread.run(Manager.java:1915)
java.lang.RuntimeException: Execution failed
	at ptolemy.moml.MoMLSimpleApplication$UnloadThread.run(MoMLSimpleApplication.java:402)
Caused by: ptolemy.kernel.util.IllegalActionException: Test fails in iteration 1.
Value was: 1.0. Should have been: 2.0
  in .DirectFeedback.Test
	at ptolemy.actor.lib.Test.fire(Test.java:268)
	at ptolemy.domains.de.kernel.DEDirector._fire(DEDirector.java:1949)
	at ptolemy.domains.de.kernel.DEDirector.fire(DEDirector.java:502)
	at ptolemy.actor.CompositeActor.fire(CompositeActor.java:455)
	at ptolemy.actor.Manager.iterate(Manager.java:851)
	at ptolemy.actor.Manager.execute(Manager.java:369)
	at ptolemy.actor.Manager.run(Manager.java:1263)
	at ptolemy.actor.Manager$PtolemyRunThread.run(Manager.java:1915)
java.lang.reflect.InvocationTargetException
	at java.base/jdk.internal.reflect.NativeConstructorAccessorImpl.newInstance0(Native Method)
	at java.base/jdk.internal.reflect.NativeConstructorAccessorImpl.newInstance(NativeConstructorAccessorImpl.java:62)
	at java.base/jdk.internal.reflect.DelegatingConstructorAccessorImpl.newInstance(DelegatingConstructorAccessorImpl.java:45)
	at java.base/java.lang.reflect.Constructor.newInstance(Constructor.java:490)
	at ptolemy.util.test.junit.AutoKnownFailedTests.RunModel(AutoKnownFailedTests.java:105)
	at java.base/jdk.internal.reflect.NativeMethodAccessorImpl.invoke0(Native Method)
	at java.base/jdk.internal.reflect.NativeMethodAccessorImpl.invoke(NativeMethodAccessorImpl.java:62)
	at java.base/jdk.internal.reflect.DelegatingMethodAccessorImpl.invoke(DelegatingMethodAccessorImpl.java:43)
	at java.base/java.lang.reflect.Method.invoke(Method.java:566)
	at org.junit.runners.model.FrameworkMethod$1.runReflectiveCall(FrameworkMethod.java:44)
	at org.junit.internal.runners.model.ReflectiveCallable.run(ReflectiveCallable.java:15)
	at org.junit.runners.model.FrameworkMethod.invokeExplosively(FrameworkMethod.java:41)
	at junitparams.internal.InvokeParameterisedMethod.evaluate(InvokeParameterisedMethod.java:102)
	at org.junit.internal.runners.statements.FailOnTimeout$1.run(FailOnTimeout.java:28)
Caused by: ptolemy.kernel.util.IllegalActionException: Test fails in iteration 1.
Value was: 1.0. Should have been: 2.0
  in .DirectFeedback.Test
	at ptolemy.actor.lib.Test.fire(Test.java:268)
	at ptolemy.domains.de.kernel.DEDirector._fire(DEDirector.java:1949)
	at ptolemy.domains.de.kernel.DEDirector.fire(DEDirector.java:502)
	at ptolemy.actor.CompositeActor.fire(CompositeActor.java:455)
	at ptolemy.actor.Manager.iterate(Manager.java:851)
	at ptolemy.actor.Manager.execute(Manager.java:369)
	at ptolemy.actor.Manager.run(Manager.java:1263)
	at ptolemy.actor.Manager$PtolemyRunThread.run(Manager.java:1915)
java.lang.RuntimeException: Execution failed
	at ptolemy.moml.MoMLSimpleApplication$UnloadThread.run(MoMLSimpleApplication.java:402)
Caused by: ptolemy.kernel.util.IllegalActionException: Found a zero delay loop containing .HierarchicalModel.A
  in .HierarchicalModel and .HierarchicalModel.A
	at ptolemy.actor.util.CausalityInterfaceForComposites._computeOutputPortDepth(CausalityInterfaceForComposites.java:759)
	at ptolemy.actor.util.CausalityInterfaceForComposites._computeInputDepth(CausalityInterfaceForComposites.java:696)
	at ptolemy.actor.util.CausalityInterfaceForComposites._computeOutputPortDepth(CausalityInterfaceForComposites.java:765)
	at ptolemy.actor.util.CausalityInterfaceForComposites._computeInputDepth(CausalityInterfaceForComposites.java:696)
	at ptolemy.actor.util.CausalityInterfaceForComposites._computeOutputPortDepth(CausalityInterfaceForComposites.java:765)
	at ptolemy.actor.util.CausalityInterfaceForComposites._computeInputDepth(CausalityInterfaceForComposites.java:696)
	at ptolemy.actor.util.CausalityInterfaceForComposites._computeActorDepth(CausalityInterfaceForComposites.java:532)
	at ptolemy.actor.util.CausalityInterfaceForComposites.checkForCycles(CausalityInterfaceForComposites.java:96)
	at ptolemy.domains.de.kernel.DEDirector.preinitialize(DEDirector.java:1338)
	at ptolemy.actor.CompositeActor.preinitialize(CompositeActor.java:1828)
	at ptolemy.actor.Manager.preinitializeAndResolveTypes(Manager.java:1040)
	at ptolemy.actor.Manager.initialize(Manager.java:710)
	at ptolemy.actor.Manager.execute(Manager.java:356)
	at ptolemy.actor.Manager.run(Manager.java:1263)
	at ptolemy.actor.Manager$PtolemyRunThread.run(Manager.java:1915)
java.lang.reflect.InvocationTargetException
	at java.base/jdk.internal.reflect.NativeConstructorAccessorImpl.newInstance0(Native Method)
	at java.base/jdk.internal.reflect.NativeConstructorAccessorImpl.newInstance(NativeConstructorAccessorImpl.java:62)
	at java.base/jdk.internal.reflect.DelegatingConstructorAccessorImpl.newInstance(DelegatingConstructorAccessorImpl.java:45)
	at java.base/java.lang.reflect.Constructor.newInstance(Constructor.java:490)
	at ptolemy.util.test.junit.AutoKnownFailedTests.RunModel(AutoKnownFailedTests.java:105)
	at java.base/jdk.internal.reflect.NativeMethodAccessorImpl.invoke0(Native Method)
	at java.base/jdk.internal.reflect.NativeMethodAccessorImpl.invoke(NativeMethodAccessorImpl.java:62)
	at java.base/jdk.internal.reflect.DelegatingMethodAccessorImpl.invoke(DelegatingMethodAccessorImpl.java:43)
	at java.base/java.lang.reflect.Method.invoke(Method.java:566)
	at org.junit.runners.model.FrameworkMethod$1.runReflectiveCall(FrameworkMethod.java:44)
	at org.junit.internal.runners.model.ReflectiveCallable.run(ReflectiveCallable.java:15)
	at org.junit.runners.model.FrameworkMethod.invokeExplosively(FrameworkMethod.java:41)
	at junitparams.internal.InvokeParameterisedMethod.evaluate(InvokeParameterisedMethod.java:102)
	at org.junit.internal.runners.statements.FailOnTimeout$1.run(FailOnTimeout.java:28)
Caused by: ptolemy.kernel.util.IllegalActionException: Found a zero delay loop containing .HierarchicalModel.A
  in .HierarchicalModel and .HierarchicalModel.A
	at ptolemy.actor.util.CausalityInterfaceForComposites._computeOutputPortDepth(CausalityInterfaceForComposites.java:759)
	at ptolemy.actor.util.CausalityInterfaceForComposites._computeInputDepth(CausalityInterfaceForComposites.java:696)
	at ptolemy.actor.util.CausalityInterfaceForComposites._computeOutputPortDepth(CausalityInterfaceForComposites.java:765)
	at ptolemy.actor.util.CausalityInterfaceForComposites._computeInputDepth(CausalityInterfaceForComposites.java:696)
	at ptolemy.actor.util.CausalityInterfaceForComposites._computeOutputPortDepth(CausalityInterfaceForComposites.java:765)
	at ptolemy.actor.util.CausalityInterfaceForComposites._computeInputDepth(CausalityInterfaceForComposites.java:696)
	at ptolemy.actor.util.CausalityInterfaceForComposites._computeActorDepth(CausalityInterfaceForComposites.java:532)
	at ptolemy.actor.util.CausalityInterfaceForComposites.checkForCycles(CausalityInterfaceForComposites.java:96)
	at ptolemy.domains.de.kernel.DEDirector.preinitialize(DEDirector.java:1338)
	at ptolemy.actor.CompositeActor.preinitialize(CompositeActor.java:1828)
	at ptolemy.actor.Manager.preinitializeAndResolveTypes(Manager.java:1040)
	at ptolemy.actor.Manager.initialize(Manager.java:710)
	at ptolemy.actor.Manager.execute(Manager.java:356)
	at ptolemy.actor.Manager.run(Manager.java:1263)
	at ptolemy.actor.Manager$PtolemyRunThread.run(Manager.java:1915)
java.lang.RuntimeException: Execution failed
	at ptolemy.moml.MoMLSimpleApplication$UnloadThread.run(MoMLSimpleApplication.java:402)
Caused by: ptolemy.kernel.util.IllegalActionException: Found a zero delay loop containing .dependencyLoop.original
  in .dependencyLoop and .dependencyLoop.original
	at ptolemy.actor.util.CausalityInterfaceForComposites._computeOutputPortDepth(CausalityInterfaceForComposites.java:759)
	at ptolemy.actor.util.CausalityInterfaceForComposites._computeInputDepth(CausalityInterfaceForComposites.java:696)
	at ptolemy.actor.util.CausalityInterfaceForComposites._computeOutputPortDepth(CausalityInterfaceForComposites.java:765)
	at ptolemy.actor.util.CausalityInterfaceForComposites._computeInputDepth(CausalityInterfaceForComposites.java:696)
	at ptolemy.actor.util.CausalityInterfaceForComposites._computeOutputPortDepth(CausalityInterfaceForComposites.java:765)
	at ptolemy.actor.util.CausalityInterfaceForComposites._computeInputDepth(CausalityInterfaceForComposites.java:696)
	at ptolemy.actor.util.CausalityInterfaceForComposites._computeActorDepth(CausalityInterfaceForComposites.java:532)
	at ptolemy.actor.util.CausalityInterfaceForComposites.checkForCycles(CausalityInterfaceForComposites.java:96)
	at ptolemy.domains.de.kernel.DEDirector.preinitialize(DEDirector.java:1338)
	at ptolemy.actor.CompositeActor.preinitialize(CompositeActor.java:1828)
	at ptolemy.actor.Manager.preinitializeAndResolveTypes(Manager.java:1040)
	at ptolemy.actor.Manager.initialize(Manager.java:710)
	at ptolemy.actor.Manager.execute(Manager.java:356)
	at ptolemy.actor.Manager.run(Manager.java:1263)
	at ptolemy.actor.Manager$PtolemyRunThread.run(Manager.java:1915)
java.lang.reflect.InvocationTargetException
	at java.base/jdk.internal.reflect.NativeConstructorAccessorImpl.newInstance0(Native Method)
	at java.base/jdk.internal.reflect.NativeConstructorAccessorImpl.newInstance(NativeConstructorAccessorImpl.java:62)
	at java.base/jdk.internal.reflect.DelegatingConstructorAccessorImpl.newInstance(DelegatingConstructorAccessorImpl.java:45)
	at java.base/java.lang.reflect.Constructor.newInstance(Constructor.java:490)
	at ptolemy.util.test.junit.AutoKnownFailedTests.RunModel(AutoKnownFailedTests.java:105)
	at java.base/jdk.internal.reflect.NativeMethodAccessorImpl.invoke0(Native Method)
	at java.base/jdk.internal.reflect.NativeMethodAccessorImpl.invoke(NativeMethodAccessorImpl.java:62)
	at java.base/jdk.internal.reflect.DelegatingMethodAccessorImpl.invoke(DelegatingMethodAccessorImpl.java:43)
	at java.base/java.lang.reflect.Method.invoke(Method.java:566)
	at org.junit.runners.model.FrameworkMethod$1.runReflectiveCall(FrameworkMethod.java:44)
	at org.junit.internal.runners.model.ReflectiveCallable.run(ReflectiveCallable.java:15)
	at org.junit.runners.model.FrameworkMethod.invokeExplosively(FrameworkMethod.java:41)
	at junitparams.internal.InvokeParameterisedMethod.evaluate(InvokeParameterisedMethod.java:102)
	at org.junit.internal.runners.statements.FailOnTimeout$1.run(FailOnTimeout.java:28)
Caused by: ptolemy.kernel.util.IllegalActionException: Found a zero delay loop containing .dependencyLoop.original
  in .dependencyLoop and .dependencyLoop.original
	at ptolemy.actor.util.CausalityInterfaceForComposites._computeOutputPortDepth(CausalityInterfaceForComposites.java:759)
	at ptolemy.actor.util.CausalityInterfaceForComposites._computeInputDepth(CausalityInterfaceForComposites.java:696)
	at ptolemy.actor.util.CausalityInterfaceForComposites._computeOutputPortDepth(CausalityInterfaceForComposites.java:765)
	at ptolemy.actor.util.CausalityInterfaceForComposites._computeInputDepth(CausalityInterfaceForComposites.java:696)
	at ptolemy.actor.util.CausalityInterfaceForComposites._computeOutputPortDepth(CausalityInterfaceForComposites.java:765)
	at ptolemy.actor.util.CausalityInterfaceForComposites._computeInputDepth(CausalityInterfaceForComposites.java:696)
	at ptolemy.actor.util.CausalityInterfaceForComposites._computeActorDepth(CausalityInterfaceForComposites.java:532)
	at ptolemy.actor.util.CausalityInterfaceForComposites.checkForCycles(CausalityInterfaceForComposites.java:96)
	at ptolemy.domains.de.kernel.DEDirector.preinitialize(DEDirector.java:1338)
	at ptolemy.actor.CompositeActor.preinitialize(CompositeActor.java:1828)
	at ptolemy.actor.Manager.preinitializeAndResolveTypes(Manager.java:1040)
	at ptolemy.actor.Manager.initialize(Manager.java:710)
	at ptolemy.actor.Manager.execute(Manager.java:356)
	at ptolemy.actor.Manager.run(Manager.java:1263)
	at ptolemy.actor.Manager$PtolemyRunThread.run(Manager.java:1915)
java.lang.RuntimeException: Execution failed
	at ptolemy.moml.MoMLSimpleApplication$UnloadThread.run(MoMLSimpleApplication.java:402)
Caused by: ptolemy.kernel.util.IllegalActionException: Found a zero delay loop containing .dependencyLoop2.original
  in .dependencyLoop2 and .dependencyLoop2.original
	at ptolemy.actor.util.CausalityInterfaceForComposites._computeOutputPortDepth(CausalityInterfaceForComposites.java:759)
	at ptolemy.actor.util.CausalityInterfaceForComposites._computeInputDepth(CausalityInterfaceForComposites.java:696)
	at ptolemy.actor.util.CausalityInterfaceForComposites._computeOutputPortDepth(CausalityInterfaceForComposites.java:765)
	at ptolemy.actor.util.CausalityInterfaceForComposites._computeInputDepth(CausalityInterfaceForComposites.java:696)
	at ptolemy.actor.util.CausalityInterfaceForComposites._computeOutputPortDepth(CausalityInterfaceForComposites.java:765)
	at ptolemy.actor.util.CausalityInterfaceForComposites._computeInputDepth(CausalityInterfaceForComposites.java:696)
	at ptolemy.actor.util.CausalityInterfaceForComposites._computeActorDepth(CausalityInterfaceForComposites.java:532)
	at ptolemy.actor.util.CausalityInterfaceForComposites.checkForCycles(CausalityInterfaceForComposites.java:96)
	at ptolemy.domains.de.kernel.DEDirector.preinitialize(DEDirector.java:1338)
	at ptolemy.actor.CompositeActor.preinitialize(CompositeActor.java:1828)
	at ptolemy.actor.Manager.preinitializeAndResolveTypes(Manager.java:1040)
	at ptolemy.actor.Manager.initialize(Manager.java:710)
	at ptolemy.actor.Manager.execute(Manager.java:356)
	at ptolemy.actor.Manager.run(Manager.java:1263)
	at ptolemy.actor.Manager$PtolemyRunThread.run(Manager.java:1915)
java.lang.reflect.InvocationTargetException
	at java.base/jdk.internal.reflect.NativeConstructorAccessorImpl.newInstance0(Native Method)
	at java.base/jdk.internal.reflect.NativeConstructorAccessorImpl.newInstance(NativeConstructorAccessorImpl.java:62)
	at java.base/jdk.internal.reflect.DelegatingConstructorAccessorImpl.newInstance(DelegatingConstructorAccessorImpl.java:45)
	at java.base/java.lang.reflect.Constructor.newInstance(Constructor.java:490)
	at ptolemy.util.test.junit.AutoKnownFailedTests.RunModel(AutoKnownFailedTests.java:105)
	at java.base/jdk.internal.reflect.NativeMethodAccessorImpl.invoke0(Native Method)
	at java.base/jdk.internal.reflect.NativeMethodAccessorImpl.invoke(NativeMethodAccessorImpl.java:62)
	at java.base/jdk.internal.reflect.DelegatingMethodAccessorImpl.invoke(DelegatingMethodAccessorImpl.java:43)
	at java.base/java.lang.reflect.Method.invoke(Method.java:566)
	at org.junit.runners.model.FrameworkMethod$1.runReflectiveCall(FrameworkMethod.java:44)
	at org.junit.internal.runners.model.ReflectiveCallable.run(ReflectiveCallable.java:15)
	at org.junit.runners.model.FrameworkMethod.invokeExplosively(FrameworkMethod.java:41)
	at junitparams.internal.InvokeParameterisedMethod.evaluate(InvokeParameterisedMethod.java:102)
	at org.junit.internal.runners.statements.FailOnTimeout$1.run(FailOnTimeout.java:28)
Caused by: ptolemy.kernel.util.IllegalActionException: Found a zero delay loop containing .dependencyLoop2.original
  in .dependencyLoop2 and .dependencyLoop2.original
	at ptolemy.actor.util.CausalityInterfaceForComposites._computeOutputPortDepth(CausalityInterfaceForComposites.java:759)
	at ptolemy.actor.util.CausalityInterfaceForComposites._computeInputDepth(CausalityInterfaceForComposites.java:696)
	at ptolemy.actor.util.CausalityInterfaceForComposites._computeOutputPortDepth(CausalityInterfaceForComposites.java:765)
	at ptolemy.actor.util.CausalityInterfaceForComposites._computeInputDepth(CausalityInterfaceForComposites.java:696)
	at ptolemy.actor.util.CausalityInterfaceForComposites._computeOutputPortDepth(CausalityInterfaceForComposites.java:765)
	at ptolemy.actor.util.CausalityInterfaceForComposites._computeInputDepth(CausalityInterfaceForComposites.java:696)
	at ptolemy.actor.util.CausalityInterfaceForComposites._computeActorDepth(CausalityInterfaceForComposites.java:532)
	at ptolemy.actor.util.CausalityInterfaceForComposites.checkForCycles(CausalityInterfaceForComposites.java:96)
	at ptolemy.domains.de.kernel.DEDirector.preinitialize(DEDirector.java:1338)
	at ptolemy.actor.CompositeActor.preinitialize(CompositeActor.java:1828)
	at ptolemy.actor.Manager.preinitializeAndResolveTypes(Manager.java:1040)
	at ptolemy.actor.Manager.initialize(Manager.java:710)
	at ptolemy.actor.Manager.execute(Manager.java:356)
	at ptolemy.actor.Manager.run(Manager.java:1263)
	at ptolemy.actor.Manager$PtolemyRunThread.run(Manager.java:1915)
]]></system-err>
</testsuite>
