<?xml version="1.0" encoding="UTF-8" ?>
<testsuite errors="0" failures="0" hostname="travis-job-b483015b-720e-4a8a-9e15-c2b51410432b" name="ptolemy.domains.de.test.junit.JUnitTclTest" skipped="0" tests="101" time="118.477" timestamp="2020-05-26T14:26:11">
  <properties>
[...]
</properties>
  <testcase classname="ptolemy.util.test.junit.TclTests" name="[0] /home/travis/build/icyphy/ptII/ptolemy/domains/de/test/DependencyLoop.tcl (RunTclFile)" time="0.918" />
  <testcase classname="ptolemy.util.test.junit.TclTests" name="[1] /home/travis/build/icyphy/ptII/ptolemy/domains/de/test/RunDETestsAsQSS.tcl (RunTclFile)" time="80.475" />
  <testcase classname="ptolemy.util.test.junit.AutoKnownFailedTests" name="[0] /home/travis/build/icyphy/ptII/ptolemy/domains/de/test/auto/knownFailedTests/DESDFClockTest.xml (RunModel)" time="2.056" />
  <testcase classname="ptolemy.util.test.junit.AutoKnownFailedTests" name="[1] /home/travis/build/icyphy/ptII/ptolemy/domains/de/test/auto/knownFailedTests/DirectFeedback.xml (RunModel)" time="0.016" />
  <testcase classname="ptolemy.util.test.junit.AutoKnownFailedTests" name="[2] /home/travis/build/icyphy/ptII/ptolemy/domains/de/test/auto/knownFailedTests/FSMSource.xml (RunModel)" time="0.025" />
  <testcase classname="ptolemy.util.test.junit.AutoKnownFailedTests" name="[3] /home/travis/build/icyphy/ptII/ptolemy/domains/de/test/auto/knownFailedTests/HierarchicalModel.xml (RunModel)" time="0.049" />
  <testcase classname="ptolemy.util.test.junit.AutoKnownFailedTests" name="[4] /home/travis/build/icyphy/ptII/ptolemy/domains/de/test/auto/knownFailedTests/dependencyLoop.xml (RunModel)" time="0.035" />
  <testcase classname="ptolemy.util.test.junit.AutoKnownFailedTests" name="[5] /home/travis/build/icyphy/ptII/ptolemy/domains/de/test/auto/knownFailedTests/dependencyLoop2.xml (RunModel)" time="0.047" />
  <testcase classname="ptolemy.util.test.junit.AutoNameArchTests" name="[0] ThereAreNoAutoArchTests (RunModel)" time="0.001" />
  <testcase classname="ptolemy.util.test.junit.AutoTests" name="[0] /home/travis/build/icyphy/ptII/ptolemy/domains/de/test/auto/ActorDepthCalculation_actorWithoutPorts.xml (RunModel)" time="0.022" />
  <testcase classname="ptolemy.util.test.junit.AutoTests" name="[1] /home/travis/build/icyphy/ptII/ptolemy/domains/de/test/auto/AssemblyLine.xml (RunModel)" time="0.022" />
  <testcase classname="ptolemy.util.test.junit.AutoTests" name="[2] /home/travis/build/icyphy/ptII/ptolemy/domains/de/test/auto/CQBug1.xml (RunModel)" time="0.01" />
  <testcase classname="ptolemy.util.test.junit.AutoTests" name="[3] /home/travis/build/icyphy/ptII/ptolemy/domains/de/test/auto/CancelFireAt.xml (RunModel)" time="0.011" />
  <testcase classname="ptolemy.util.test.junit.AutoTests" name="[4] /home/travis/build/icyphy/ptII/ptolemy/domains/de/test/auto/CausalityAndComposabilityAnalysis.xml (RunModel)" time="0.01" />
  <testcase classname="ptolemy.util.test.junit.AutoTests" name="[5] /home/travis/build/icyphy/ptII/ptolemy/domains/de/test/auto/CausalityInterface1.xml (RunModel)" time="0.014" />
  <testcase classname="ptolemy.util.test.junit.AutoTests" name="[6] /home/travis/build/icyphy/ptII/ptolemy/domains/de/test/auto/CausalityInterface15.xml (RunModel)" time="0.014" />
  <testcase classname="ptolemy.util.test.junit.AutoTests" name="[7] /home/travis/build/icyphy/ptII/ptolemy/domains/de/test/auto/CausalityInterface2.xml (RunModel)" time="0.012" />
  <testcase classname="ptolemy.util.test.junit.AutoTests" name="[8] /home/travis/build/icyphy/ptII/ptolemy/domains/de/test/auto/CausalityInterface3.xml (RunModel)" time="0.011" />
  <testcase classname="ptolemy.util.test.junit.AutoTests" name="[9] /home/travis/build/icyphy/ptII/ptolemy/domains/de/test/auto/ClockDrift.xml (RunModel)" time="0.031" />
  <testcase classname="ptolemy.util.test.junit.AutoTests" name="[10] /home/travis/build/icyphy/ptII/ptolemy/domains/de/test/auto/ClockDriftAndValueChange.xml (RunModel)" time="0.027" />
  <testcase classname="ptolemy.util.test.junit.AutoTests" name="[11] /home/travis/build/icyphy/ptII/ptolemy/domains/de/test/auto/ClockDriftChange.xml (RunModel)" time="0.029" />
  <testcase classname="ptolemy.util.test.junit.AutoTests" name="[12] /home/travis/build/icyphy/ptII/ptolemy/domains/de/test/auto/ComposableCausalityAnalysis.xml (RunModel)" time="0.018" />
  <testcase classname="ptolemy.util.test.junit.AutoTests" name="[13] /home/travis/build/icyphy/ptII/ptolemy/domains/de/test/auto/DEFixedPointLimitation.xml (RunModel)" time="0.008" />
  <testcase classname="ptolemy.util.test.junit.AutoTests" name="[14] /home/travis/build/icyphy/ptII/ptolemy/domains/de/test/auto/DEScheduleTest.xml (RunModel)" time="0.01" />
  <testcase classname="ptolemy.util.test.junit.AutoTests" name="[15] /home/travis/build/icyphy/ptII/ptolemy/domains/de/test/auto/DEinDEwithStartTimes.xml (RunModel)" time="0.015" />
  <testcase classname="ptolemy.util.test.junit.AutoTests" name="[16] /home/travis/build/icyphy/ptII/ptolemy/domains/de/test/auto/DEinDEwithStartTimes2.xml (RunModel)" time="0.013" />
  <testcase classname="ptolemy.util.test.junit.AutoTests" name="[17] /home/travis/build/icyphy/ptII/ptolemy/domains/de/test/auto/DateDemo.xml (RunModel)" time="0.035" />
  <testcase classname="ptolemy.util.test.junit.AutoTests" name="[18] /home/travis/build/icyphy/ptII/ptolemy/domains/de/test/auto/DateToEvent.xml (RunModel)" time="2.036" />
  <testcase classname="ptolemy.util.test.junit.AutoTests" name="[19] /home/travis/build/icyphy/ptII/ptolemy/domains/de/test/auto/DepthTest1.xml (RunModel)" time="0.014" />
  <testcase classname="ptolemy.util.test.junit.AutoTests" name="[20] /home/travis/build/icyphy/ptII/ptolemy/domains/de/test/auto/DepthTest2.xml (RunModel)" time="0.018" />
  <testcase classname="ptolemy.util.test.junit.AutoTests" name="[21] /home/travis/build/icyphy/ptII/ptolemy/domains/de/test/auto/DepthTest3.xml (RunModel)" time="0.008" />
  <testcase classname="ptolemy.util.test.junit.AutoTests" name="[22] /home/travis/build/icyphy/ptII/ptolemy/domains/de/test/auto/DepthTest4.xml (RunModel)" time="0.018" />
  <testcase classname="ptolemy.util.test.junit.AutoTests" name="[23] /home/travis/build/icyphy/ptII/ptolemy/domains/de/test/auto/DepthTest5.xml (RunModel)" time="0.011" />
  <testcase classname="ptolemy.util.test.junit.AutoTests" name="[24] /home/travis/build/icyphy/ptII/ptolemy/domains/de/test/auto/DepthTest6.xml (RunModel)" time="0.01" />
  <testcase classname="ptolemy.util.test.junit.AutoTests" name="[25] /home/travis/build/icyphy/ptII/ptolemy/domains/de/test/auto/DepthTest7.xml (RunModel)" time="0.012" />
  <testcase classname="ptolemy.util.test.junit.AutoTests" name="[26] /home/travis/build/icyphy/ptII/ptolemy/domains/de/test/auto/EventToDate.xml (RunModel)" time="3.052" />
  <testcase classname="ptolemy.util.test.junit.AutoTests" name="[27] /home/travis/build/icyphy/ptII/ptolemy/domains/de/test/auto/FSM1.xml (RunModel)" time="0.049" />
  <testcase classname="ptolemy.util.test.junit.AutoTests" name="[28] /home/travis/build/icyphy/ptII/ptolemy/domains/de/test/auto/FSM7.xml (RunModel)" time="0.032" />
  <testcase classname="ptolemy.util.test.junit.AutoTests" name="[29] /home/travis/build/icyphy/ptII/ptolemy/domains/de/test/auto/Inspection.xml (RunModel)" time="0.038" />
  <testcase classname="ptolemy.util.test.junit.AutoTests" name="[30] /home/travis/build/icyphy/ptII/ptolemy/domains/de/test/auto/Iteration.xml (RunModel)" time="0.023" />
  <testcase classname="ptolemy.util.test.junit.AutoTests" name="[31] /home/travis/build/icyphy/ptII/ptolemy/domains/de/test/auto/LineFault.xml (RunModel)" time="0.478" />
  <testcase classname="ptolemy.util.test.junit.AutoTests" name="[32] /home/travis/build/icyphy/ptII/ptolemy/domains/de/test/auto/MergeModel1Add.xml (RunModel)" time="0.048" />
  <testcase classname="ptolemy.util.test.junit.AutoTests" name="[33] /home/travis/build/icyphy/ptII/ptolemy/domains/de/test/auto/MergeModel2Add.xml (RunModel)" time="0.034" />
  <testcase classname="ptolemy.util.test.junit.AutoTests" name="[34] /home/travis/build/icyphy/ptII/ptolemy/domains/de/test/auto/MergeModel3Add.xml (RunModel)" time="0.037" />
  <testcase classname="ptolemy.util.test.junit.AutoTests" name="[35] /home/travis/build/icyphy/ptII/ptolemy/domains/de/test/auto/MergeWithoutDiscard.xml (RunModel)" time="0.009" />
  <testcase classname="ptolemy.util.test.junit.AutoTests" name="[36] /home/travis/build/icyphy/ptII/ptolemy/domains/de/test/auto/Modal1.xml (RunModel)" time="0.027" />
  <testcase classname="ptolemy.util.test.junit.AutoTests" name="[37] /home/travis/build/icyphy/ptII/ptolemy/domains/de/test/auto/Modal2.xml (RunModel)" time="0.025" />
  <testcase classname="ptolemy.util.test.junit.AutoTests" name="[38] /home/travis/build/icyphy/ptII/ptolemy/domains/de/test/auto/Modal3.xml (RunModel)" time="0.025" />
  <testcase classname="ptolemy.util.test.junit.AutoTests" name="[39] /home/travis/build/icyphy/ptII/ptolemy/domains/de/test/auto/Modal4.xml (RunModel)" time="0.027" />
  <testcase classname="ptolemy.util.test.junit.AutoTests" name="[40] /home/travis/build/icyphy/ptII/ptolemy/domains/de/test/auto/Modal5.xml (RunModel)" time="0.03" />
  <testcase classname="ptolemy.util.test.junit.AutoTests" name="[41] /home/travis/build/icyphy/ptII/ptolemy/domains/de/test/auto/Modal6.xml (RunModel)" time="0.026" />
  <testcase classname="ptolemy.util.test.junit.AutoTests" name="[42] /home/travis/build/icyphy/ptII/ptolemy/domains/de/test/auto/Modal7.xml (RunModel)" time="0.03" />
  <testcase classname="ptolemy.util.test.junit.AutoTests" name="[43] /home/travis/build/icyphy/ptII/ptolemy/domains/de/test/auto/ModalModel.xml (RunModel)" time="0.163" />
  <testcase classname="ptolemy.util.test.junit.AutoTests" name="[44] /home/travis/build/icyphy/ptII/ptolemy/domains/de/test/auto/ModalSource.xml (RunModel)" time="0.019" />
  <testcase classname="ptolemy.util.test.junit.AutoTests" name="[45] /home/travis/build/icyphy/ptII/ptolemy/domains/de/test/auto/NonInterruptibleTimerZeroDelay.xml (RunModel)" time="0.007" />
  <testcase classname="ptolemy.util.test.junit.AutoTests" name="[46] /home/travis/build/icyphy/ptII/ptolemy/domains/de/test/auto/OpenQueueingNetwork.xml (RunModel)" time="2.196" />
  <testcase classname="ptolemy.util.test.junit.AutoTests" name="[47] /home/travis/build/icyphy/ptII/ptolemy/domains/de/test/auto/OpenQueuingNetwork.xml (RunModel)" time="0.285" />
  <testcase classname="ptolemy.util.test.junit.AutoTests" name="[48] /home/travis/build/icyphy/ptII/ptolemy/domains/de/test/auto/PeriodicSampler.xml (RunModel)" time="0.012" />
  <testcase classname="ptolemy.util.test.junit.AutoTests" name="[49] /home/travis/build/icyphy/ptII/ptolemy/domains/de/test/auto/PersistentIO.xml (RunModel)" time="0.016" />
  <testcase classname="ptolemy.util.test.junit.AutoTests" name="[50] /home/travis/build/icyphy/ptII/ptolemy/domains/de/test/auto/PortParameterResetOnInitialize.xml (RunModel)" time="0.01" />
  <testcase classname="ptolemy.util.test.junit.AutoTests" name="[51] /home/travis/build/icyphy/ptII/ptolemy/domains/de/test/auto/PortParameterUpdates.xml (RunModel)" time="0.012" />
  <testcase classname="ptolemy.util.test.junit.AutoTests" name="[52] /home/travis/build/icyphy/ptII/ptolemy/domains/de/test/auto/QueueAndServer.xml (RunModel)" time="0.018" />
  <testcase classname="ptolemy.util.test.junit.AutoTests" name="[53] /home/travis/build/icyphy/ptII/ptolemy/domains/de/test/auto/Records.xml (RunModel)" time="0.016" />
  <testcase classname="ptolemy.util.test.junit.AutoTests" name="[54] /home/travis/build/icyphy/ptII/ptolemy/domains/de/test/auto/ResetTransitionWithStartTime1.xml (RunModel)" time="0.022" />
  <testcase classname="ptolemy.util.test.junit.AutoTests" name="[55] /home/travis/build/icyphy/ptII/ptolemy/domains/de/test/auto/ResetTransitionWithStartTime2.xml (RunModel)" time="0.021" />
  <testcase classname="ptolemy.util.test.junit.AutoTests" name="[56] /home/travis/build/icyphy/ptII/ptolemy/domains/de/test/auto/ResetTransitionWithStartTime3.xml (RunModel)" time="0.017" />
  <testcase classname="ptolemy.util.test.junit.AutoTests" name="[57] /home/travis/build/icyphy/ptII/ptolemy/domains/de/test/auto/ResetTransitionWithStartTime4.xml (RunModel)" time="0.014" />
  <testcase classname="ptolemy.util.test.junit.AutoTests" name="[58] /home/travis/build/icyphy/ptII/ptolemy/domains/de/test/auto/ResettableTimer1.xml (RunModel)" time="0.009" />
  <testcase classname="ptolemy.util.test.junit.AutoTests" name="[59] /home/travis/build/icyphy/ptII/ptolemy/domains/de/test/auto/ResettableTimer2.xml (RunModel)" time="0.009" />
  <testcase classname="ptolemy.util.test.junit.AutoTests" name="[60] /home/travis/build/icyphy/ptII/ptolemy/domains/de/test/auto/ResettableTimer3.xml (RunModel)" time="0.008" />
  <testcase classname="ptolemy.util.test.junit.AutoTests" name="[61] /home/travis/build/icyphy/ptII/ptolemy/domains/de/test/auto/ResettableTimer4.xml (RunModel)" time="0.008" />
  <testcase classname="ptolemy.util.test.junit.AutoTests" name="[62] /home/travis/build/icyphy/ptII/ptolemy/domains/de/test/auto/ResettableTimer5.xml (RunModel)" time="0.008" />
  <testcase classname="ptolemy.util.test.junit.AutoTests" name="[63] /home/travis/build/icyphy/ptII/ptolemy/domains/de/test/auto/ResettableTimer6.xml (RunModel)" time="0.013" />
  <testcase classname="ptolemy.util.test.junit.AutoTests" name="[64] /home/travis/build/icyphy/ptII/ptolemy/domains/de/test/auto/ServerZeroDelay.xml (RunModel)" time="0.008" />
  <testcase classname="ptolemy.util.test.junit.AutoTests" name="[65] /home/travis/build/icyphy/ptII/ptolemy/domains/de/test/auto/SmartSender.xml (RunModel)" time="3.007" />
  <testcase classname="ptolemy.util.test.junit.AutoTests" name="[66] /home/travis/build/icyphy/ptII/ptolemy/domains/de/test/auto/ThreadedComposite.xml (RunModel)" time="0.146" />
  <testcase classname="ptolemy.util.test.junit.AutoTests" name="[67] /home/travis/build/icyphy/ptII/ptolemy/domains/de/test/auto/Time.xml (RunModel)" time="0.313" />
  <testcase classname="ptolemy.util.test.junit.AutoTests" name="[68] /home/travis/build/icyphy/ptII/ptolemy/domains/de/test/auto/TimeDelayZeroDelay.xml (RunModel)" time="0.014" />
  <testcase classname="ptolemy.util.test.junit.AutoTests" name="[69] /home/travis/build/icyphy/ptII/ptolemy/domains/de/test/auto/TimerZeroDelay.xml (RunModel)" time="0.009" />
  <testcase classname="ptolemy.util.test.junit.AutoTests" name="[70] /home/travis/build/icyphy/ptII/ptolemy/domains/de/test/auto/TimingParadox.xml (RunModel)" time="0.268" />
  <testcase classname="ptolemy.util.test.junit.AutoTests" name="[71] /home/travis/build/icyphy/ptII/ptolemy/domains/de/test/auto/TransferInputs.xml (RunModel)" time="0.009" />
  <testcase classname="ptolemy.util.test.junit.AutoTests" name="[72] /home/travis/build/icyphy/ptII/ptolemy/domains/de/test/auto/TransferOutputs2.xml (RunModel)" time="0.012" />
  <testcase classname="ptolemy.util.test.junit.AutoTests" name="[73] /home/travis/build/icyphy/ptII/ptolemy/domains/de/test/auto/Trilateration.xml (RunModel)" time="9.436" />
  <testcase classname="ptolemy.util.test.junit.AutoTests" name="[74] /home/travis/build/icyphy/ptII/ptolemy/domains/de/test/auto/TwoSigmaDelta.xml (RunModel)" time="1.753" />
  <testcase classname="ptolemy.util.test.junit.AutoTests" name="[75] /home/travis/build/icyphy/ptII/ptolemy/domains/de/test/auto/VariableDelay.xml (RunModel)" time="0.009" />
  <testcase classname="ptolemy.util.test.junit.AutoTests" name="[76] /home/travis/build/icyphy/ptII/ptolemy/domains/de/test/auto/VariableDelay2.xml (RunModel)" time="0.015" />
  <testcase classname="ptolemy.util.test.junit.AutoTests" name="[77] /home/travis/build/icyphy/ptII/ptolemy/domains/de/test/auto/VariableDelayZeroDelay.xml (RunModel)" time="0.011" />
  <testcase classname="ptolemy.util.test.junit.AutoTests" name="[78] /home/travis/build/icyphy/ptII/ptolemy/domains/de/test/auto/VariableDelayZeroDelay2.xml (RunModel)" time="0.009" />
  <testcase classname="ptolemy.util.test.junit.AutoTests" name="[79] /home/travis/build/icyphy/ptII/ptolemy/domains/de/test/auto/deInCt.xml (RunModel)" time="0.011" />
  <testcase classname="ptolemy.util.test.junit.AutoTests" name="[80] /home/travis/build/icyphy/ptII/ptolemy/domains/de/test/auto/deInCt2.xml (RunModel)" time="0.014" />
  <testcase classname="ptolemy.util.test.junit.AutoTests" name="[81] /home/travis/build/icyphy/ptII/ptolemy/domains/de/test/auto/dynamicCausalityInterface1.xml (RunModel)" time="0.015" />
  <testcase classname="ptolemy.util.test.junit.AutoTests" name="[82] /home/travis/build/icyphy/ptII/ptolemy/domains/de/test/auto/fsm_de_test.xml (RunModel)" time="0.018" />
  <testcase classname="ptolemy.util.test.junit.AutoTests" name="[83] /home/travis/build/icyphy/ptII/ptolemy/domains/de/test/auto/functionDependencyReconstruction.xml (RunModel)" time="0.025" />
  <testcase classname="ptolemy.util.test.junit.AutoTests" name="[84] /home/travis/build/icyphy/ptII/ptolemy/domains/de/test/auto/multirate.xml (RunModel)" time="0.013" />
  <testcase classname="ptolemy.util.test.junit.AutoTests" name="[85] /home/travis/build/icyphy/ptII/ptolemy/domains/de/test/auto/multirate2.xml (RunModel)" time="0.024" />
  <testcase classname="ptolemy.util.test.junit.AutoTests" name="[86] /home/travis/build/icyphy/ptII/ptolemy/domains/de/test/auto/realtime.xml (RunModel)" time="10.009" />
  <testcase classname="ptolemy.util.test.junit.AutoTests" name="[87] /home/travis/build/icyphy/ptII/ptolemy/domains/de/test/auto/relationGroup.xml (RunModel)" time="0.007" />
  <testcase classname="ptolemy.util.test.junit.AutoTests" name="[88] /home/travis/build/icyphy/ptII/ptolemy/domains/de/test/auto/relationGroup2.xml (RunModel)" time="0.03" />
  <testcase classname="ptolemy.util.test.junit.AutoTests" name="[89] /home/travis/build/icyphy/ptII/ptolemy/domains/de/test/auto/sortWithOpaquePorts.xml (RunModel)" time="0.019" />
  <testcase classname="ptolemy.util.test.junit.AutoTests" name="[90] /home/travis/build/icyphy/ptII/ptolemy/domains/de/test/auto/transferInputsandOutputs.xml (RunModel)" time="0.015" />
  <testcase classname="ptolemy.util.test.junit.AutoTests" name="[91] /home/travis/build/icyphy/ptII/ptolemy/domains/de/test/auto/triggerType.xml (RunModel)" time="0.01" />
  <system-out><![CDATA[/home/travis/build/icyphy/ptII/ptolemy/domains/de/test/DependencyLoop.tcl
testDefs.tcl: setting time out to 9000 seconds at Tue May 26 14:26:11 UTC 2020
44 ms. Memory: 129024K Free: 78792K (61%)
23 ms. Memory: 129024K Free: 61384K (48%)
/home/travis/build/icyphy/ptII/ptolemy/domains/de/test/RunDETestsAsQSS.tcl
Run the DE tests using ptolemy.domains.qss.test.QSSDirectorTest, which extends QSSDirector and prints a message in the constructors.
------------------ testing $PTII/ptolemy/domains/de/test/auto/knownFailedTests/DirectFeedback.xml (Known Failure) 
42 ms. Memory: 129024K Free: 56264K (44%)


==== $PTIIhome/travis/build/icyphy/ptII/ptolemy/domains/de/test/../../../../: Auto Automatic test in file $PTII/ptolemy/domains/de/test/auto/knownFailedTests/DirectFeedback.xml
==== Contents of test case:

	    # FIXME: we should use $relativeFilename here, but it
	    # might have backslashes under Windows, which causes no end
	    # of trouble.
	    createAndExecute $file
	    list {}
	
.... Test generated KNOWN error:
    while executing
ptolemy.kernel.util.IllegalActionException: Test fails in iteration 1.
Value was: 1.0. Should have been: 2.0
  in .DirectFeedback.Test
	at ptolemy.actor.lib.Test.fire(Test.java:268)
	at ptolemy.domains.de.kernel.DEDirector._fire(DEDirector.java:1949)
	at ptolemy.domains.de.kernel.DEDirector.fire(DEDirector.java:502)
	at ptolemy.actor.CompositeActor.fire(CompositeActor.java:455)
	at ptolemy.actor.Manager.iterate(Manager.java:851)
	at ptolemy.actor.Manager.execute(Manager.java:369)
	at ptolemy.actor.Manager.run(Manager.java:1263)
	at ptolemy.actor.Manager$PtolemyRunThread.run(Manager.java:1933)

    while executing
ptolemy.kernel.util.IllegalActionException: Test fails in iteration 1.
Value was: 1.0. Should have been: 2.0
  in .DirectFeedback.Test
    while executing
"java::new ptolemy.moml.MoMLSimpleApplication $file
"
    (procedure "createAndExecute" line 2)
    invoked from within
"createAndExecute $file"
    ("uplevel" body line 5)
    invoked from within
"uplevel $contents_of_test"
------------------ testing $PTII/ptolemy/domains/de/test/auto/knownFailedTests/dependencyLoop.xml (Known Failure) 
21 ms. Memory: 129024K Free: 53192K (41%)


==== $PTIIhome/travis/build/icyphy/ptII/ptolemy/domains/de/test/../../../../: Auto Automatic test in file $PTII/ptolemy/domains/de/test/auto/knownFailedTests/dependencyLoop.xml
==== Contents of test case:

	    # FIXME: we should use $relativeFilename here, but it
	    # might have backslashes under Windows, which causes no end
	    # of trouble.
	    createAndExecute $file
	    list {}
	
.... Test generated KNOWN error:
    while executing
ptolemy.kernel.util.IllegalActionException: Found a zero delay loop containing .dependencyLoop.original
  in .dependencyLoop and .dependencyLoop.original
	at ptolemy.actor.util.CausalityInterfaceForComposites._computeOutputPortDepth(CausalityInterfaceForComposites.java:759)
	at ptolemy.actor.util.CausalityInterfaceForComposites._computeInputDepth(CausalityInterfaceForComposites.java:696)
	at ptolemy.actor.util.CausalityInterfaceForComposites._computeOutputPortDepth(CausalityInterfaceForComposites.java:765)
	at ptolemy.actor.util.CausalityInterfaceForComposites._computeInputDepth(CausalityInterfaceForComposites.java:696)
	at ptolemy.actor.util.CausalityInterfaceForComposites._computeOutputPortDepth(CausalityInterfaceForComposites.java:765)
	at ptolemy.actor.util.CausalityInterfaceForComposites._computeInputDepth(CausalityInterfaceForComposites.java:696)
	at ptolemy.actor.util.CausalityInterfaceForComposites._computeActorDepth(CausalityInterfaceForComposites.java:532)
	at ptolemy.actor.util.CausalityInterfaceForComposites.checkForCycles(CausalityInterfaceForComposites.java:96)
	at ptolemy.domains.de.kernel.DEDirector.preinitialize(DEDirector.java:1338)
	at ptolemy.actor.CompositeActor.preinitialize(CompositeActor.java:1828)
	at ptolemy.actor.Manager.preinitializeAndResolveTypes(Manager.java:1040)
	at ptolemy.actor.Manager.initialize(Manager.java:710)
	at ptolemy.actor.Manager.execute(Manager.java:356)
	at ptolemy.actor.Manager.run(Manager.java:1263)
	at ptolemy.actor.Manager$PtolemyRunThread.run(Manager.java:1933)

    while executing
ptolemy.kernel.util.IllegalActionException: Found a zero delay loop containing .dependencyLoop.original
  in .dependencyLoop and .dependencyLoop.original
    while executing
"java::new ptolemy.moml.MoMLSimpleApplication $file
"
    (procedure "createAndExecute" line 2)
    invoked from within
"createAndExecute $file"
    ("uplevel" body line 5)
    invoked from within
"uplevel $contents_of_test"
------------------ testing $PTII/ptolemy/domains/de/test/auto/knownFailedTests/FSMSource.xml (Known Failure) 
72 ms. Memory: 129024K Free: 111462K (86%)
!!!! Auto was marked as failing, but now passes
------------------ testing $PTII/ptolemy/domains/de/test/auto/knownFailedTests/HierarchicalModel.xml (Known Failure) 
5 ms. Memory: 129024K Free: 94021K (73%)


==== $PTIIhome/travis/build/icyphy/ptII/ptolemy/domains/de/test/../../../../: Auto Automatic test in file $PTII/ptolemy/domains/de/test/auto/knownFailedTests/HierarchicalModel.xml
==== Contents of test case:

	    # FIXME: we should use $relativeFilename here, but it
	    # might have backslashes under Windows, which causes no end
	    # of trouble.
	    createAndExecute $file
	    list {}
	
.... Test generated KNOWN error:
    while executing
ptolemy.kernel.util.IllegalActionException: Found a zero delay loop containing .HierarchicalModel.A
  in .HierarchicalModel and .HierarchicalModel.A
	at ptolemy.actor.util.CausalityInterfaceForComposites._computeOutputPortDepth(CausalityInterfaceForComposites.java:759)
	at ptolemy.actor.util.CausalityInterfaceForComposites._computeInputDepth(CausalityInterfaceForComposites.java:696)
	at ptolemy.actor.util.CausalityInterfaceForComposites._computeOutputPortDepth(CausalityInterfaceForComposites.java:765)
	at ptolemy.actor.util.CausalityInterfaceForComposites._computeInputDepth(CausalityInterfaceForComposites.java:696)
	at ptolemy.actor.util.CausalityInterfaceForComposites._computeOutputPortDepth(CausalityInterfaceForComposites.java:765)
	at ptolemy.actor.util.CausalityInterfaceForComposites._computeInputDepth(CausalityInterfaceForComposites.java:696)
	at ptolemy.actor.util.CausalityInterfaceForComposites._computeActorDepth(CausalityInterfaceForComposites.java:532)
	at ptolemy.actor.util.CausalityInterfaceForComposites.checkForCycles(CausalityInterfaceForComposites.java:96)
	at ptolemy.domains.de.kernel.DEDirector.preinitialize(DEDirector.java:1338)
	at ptolemy.actor.CompositeActor.preinitialize(CompositeActor.java:1828)
	at ptolemy.actor.Manager.preinitializeAndResolveTypes(Manager.java:1040)
	at ptolemy.actor.Manager.initialize(Manager.java:710)
	at ptolemy.actor.Manager.execute(Manager.java:356)
	at ptolemy.actor.Manager.run(Manager.java:1263)
	at ptolemy.actor.Manager$PtolemyRunThread.run(Manager.java:1933)

    while executing
ptolemy.kernel.util.IllegalActionException: Found a zero delay loop containing .HierarchicalModel.A
  in .HierarchicalModel and .HierarchicalModel.A
    while executing
"java::new ptolemy.moml.MoMLSimpleApplication $file
"
    (procedure "createAndExecute" line 2)
    invoked from within
"createAndExecute $file"
    ("uplevel" body line 5)
    invoked from within
"uplevel $contents_of_test"
------------------ testing $PTII/ptolemy/domains/de/test/auto/knownFailedTests/dependencyLoop2.xml (Known Failure) 
13 ms. Memory: 129024K Free: 77692K (60%)


==== $PTIIhome/travis/build/icyphy/ptII/ptolemy/domains/de/test/../../../../: Auto Automatic test in file $PTII/ptolemy/domains/de/test/auto/knownFailedTests/dependencyLoop2.xml
==== Contents of test case:

	    # FIXME: we should use $relativeFilename here, but it
	    # might have backslashes under Windows, which causes no end
	    # of trouble.
	    createAndExecute $file
	    list {}
	
.... Test generated KNOWN error:
    while executing
ptolemy.kernel.util.IllegalActionException: Found a zero delay loop containing .dependencyLoop2.original
  in .dependencyLoop2 and .dependencyLoop2.original
	at ptolemy.actor.util.CausalityInterfaceForComposites._computeOutputPortDepth(CausalityInterfaceForComposites.java:759)
	at ptolemy.actor.util.CausalityInterfaceForComposites._computeInputDepth(CausalityInterfaceForComposites.java:696)
	at ptolemy.actor.util.CausalityInterfaceForComposites._computeOutputPortDepth(CausalityInterfaceForComposites.java:765)
	at ptolemy.actor.util.CausalityInterfaceForComposites._computeInputDepth(CausalityInterfaceForComposites.java:696)
	at ptolemy.actor.util.CausalityInterfaceForComposites._computeOutputPortDepth(CausalityInterfaceForComposites.java:765)
	at ptolemy.actor.util.CausalityInterfaceForComposites._computeInputDepth(CausalityInterfaceForComposites.java:696)
	at ptolemy.actor.util.CausalityInterfaceForComposites._computeActorDepth(CausalityInterfaceForComposites.java:532)
	at ptolemy.actor.util.CausalityInterfaceForComposites.checkForCycles(CausalityInterfaceForComposites.java:96)
	at ptolemy.domains.de.kernel.DEDirector.preinitialize(DEDirector.java:1338)
	at ptolemy.actor.CompositeActor.preinitialize(CompositeActor.java:1828)
	at ptolemy.actor.Manager.preinitializeAndResolveTypes(Manager.java:1040)
	at ptolemy.actor.Manager.initialize(Manager.java:710)
	at ptolemy.actor.Manager.execute(Manager.java:356)
	at ptolemy.actor.Manager.run(Manager.java:1263)
	at ptolemy.actor.Manager$PtolemyRunThread.run(Manager.java:1933)

    while executing
ptolemy.kernel.util.IllegalActionException: Found a zero delay loop containing .dependencyLoop2.original
  in .dependencyLoop2 and .dependencyLoop2.original
    while executing
"java::new ptolemy.moml.MoMLSimpleApplication $file
"
    (procedure "createAndExecute" line 2)
    invoked from within
"createAndExecute $file"
    ("uplevel" body line 5)
    invoked from within
"uplevel $contents_of_test"
------------------ testing $PTII/ptolemy/domains/de/test/auto/knownFailedTests/DESDFClockTest.xml (Known Failure) 
2038 ms. Memory: 129024K Free: 108154K (84%)


==== $PTIIhome/travis/build/icyphy/ptII/ptolemy/domains/de/test/../../../../: Auto Automatic test in file $PTII/ptolemy/domains/de/test/auto/knownFailedTests/DESDFClockTest.xml
==== Contents of test case:

	    # FIXME: we should use $relativeFilename here, but it
	    # might have backslashes under Windows, which causes no end
	    # of trouble.
	    createAndExecute $file
	    list {}
	
.... Test generated KNOWN error:
    while executing
ptolemy.kernel.util.IllegalActionException: Actor is not ready to fire.  Perhaps UpSample.prefire() returned false? Try debugging the actor by selecting "Listen to Actor".  Also, for SDF check moml for tokenConsumptionRate on input.
  in .DESDFClockTest.Play Bell.Copy1:SDF Director and .DESDFClockTest.Play Bell.UpSample
	at ptolemy.actor.sched.StaticSchedulingDirector.fire(StaticSchedulingDirector.java:227)
	at ptolemy.domains.sdf.kernel.SDFDirector.fire(SDFDirector.java:500)
	at ptolemy.actor.CompositeActor.fire(CompositeActor.java:455)
	at ptolemy.domains.de.kernel.DEDirector._fire(DEDirector.java:1949)
	at ptolemy.domains.de.kernel.DEDirector.fire(DEDirector.java:502)
	at ptolemy.actor.CompositeActor.fire(CompositeActor.java:455)
	at ptolemy.actor.Manager.iterate(Manager.java:851)
	at ptolemy.actor.Manager.execute(Manager.java:369)
	at ptolemy.actor.Manager.run(Manager.java:1263)
	at ptolemy.actor.Manager$PtolemyRunThread.run(Manager.java:1933)

    while executing
ptolemy.kernel.util.IllegalActionException: Actor is not ready to fire.  Perhaps UpSample.prefire() returned false? Try debugging the actor by selecting "Listen to Actor".  Also, for SDF check moml for tokenConsumptionRate on input.
  in .DESDFClockTest.Play Bell.Copy1:SDF Director and .DESDFClockTest.Play Bell.UpSample
    while executing
"java::new ptolemy.moml.MoMLSimpleApplication $file
"
    (procedure "createAndExecute" line 2)
    invoked from within
"createAndExecute $file"
    ("uplevel" body line 5)
    invoked from within
"uplevel $contents_of_test"
------------------ testing $PTII/ptolemy/domains/de/test/auto/ActorDepthCalculation_actorWithoutPorts.xml
auto.tcl: Setting watchdog for 200 seconds at Tue May 26 14:26:15 UTC 2020
4 ms. Memory: 129024K Free: 100458K (78%)
ptolemy.util.test.WatchDog.cancel(): canceling Tue May 26 14:26:15 UTC 2020
auto.tcl: Setting watchdog for 200 seconds at Tue May 26 14:26:15 UTC 2020
4 ms. Memory: 129024K Free: 98938K (77%)
ptolemy.util.test.WatchDog.cancel(): canceling Tue May 26 14:26:15 UTC 2020
------------------ testing $PTII/ptolemy/domains/de/test/auto/AssemblyLine.xml
auto.tcl: Setting watchdog for 200 seconds at Tue May 26 14:26:15 UTC 2020
15 ms. Memory: 51200K Free: 27486K (54%)
ptolemy.util.test.WatchDog.cancel(): canceling Tue May 26 14:26:15 UTC 2020
auto.tcl: Setting watchdog for 200 seconds at Tue May 26 14:26:15 UTC 2020
6 ms. Memory: 51200K Free: 27001K (53%)
ptolemy.util.test.WatchDog.cancel(): canceling Tue May 26 14:26:15 UTC 2020
------------------ testing $PTII/ptolemy/domains/de/test/auto/CQBug1.xml
auto.tcl: Setting watchdog for 200 seconds at Tue May 26 14:26:16 UTC 2020
3 ms. Memory: 51200K Free: 33274K (65%)
ptolemy.util.test.WatchDog.cancel(): canceling Tue May 26 14:26:16 UTC 2020
auto.tcl: Setting watchdog for 200 seconds at Tue May 26 14:26:16 UTC 2020
2 ms. Memory: 51200K Free: 32804K (64%)
ptolemy.util.test.WatchDog.cancel(): canceling Tue May 26 14:26:16 UTC 2020
------------------ testing $PTII/ptolemy/domains/de/test/auto/CancelFireAt.xml
auto.tcl: Setting watchdog for 200 seconds at Tue May 26 14:26:16 UTC 2020
2 ms. Memory: 48128K Free: 31421K (65%)
ptolemy.util.test.WatchDog.cancel(): canceling Tue May 26 14:26:16 UTC 2020
auto.tcl: Setting watchdog for 200 seconds at Tue May 26 14:26:16 UTC 2020
2 ms. Memory: 48128K Free: 30964K (64%)
ptolemy.util.test.WatchDog.cancel(): canceling Tue May 26 14:26:16 UTC 2020
------------------ testing $PTII/ptolemy/domains/de/test/auto/CausalityAndComposabilityAnalysis.xml
auto.tcl: Setting watchdog for 200 seconds at Tue May 26 14:26:16 UTC 2020
12 ms. Memory: 48128K Free: 29380K (61%)
ptolemy.util.test.WatchDog.cancel(): canceling Tue May 26 14:26:16 UTC 2020
auto.tcl: Setting watchdog for 200 seconds at Tue May 26 14:26:16 UTC 2020
5 ms. Memory: 48128K Free: 28931K (60%)
ptolemy.util.test.WatchDog.cancel(): canceling Tue May 26 14:26:16 UTC 2020
------------------ testing $PTII/ptolemy/domains/de/test/auto/CausalityInterface1.xml
auto.tcl: Setting watchdog for 200 seconds at Tue May 26 14:26:16 UTC 2020
16 ms. Memory: 48128K Free: 28354K (59%)
ptolemy.util.test.WatchDog.cancel(): canceling Tue May 26 14:26:16 UTC 2020
auto.tcl: Setting watchdog for 200 seconds at Tue May 26 14:26:16 UTC 2020
7 ms. Memory: 48128K Free: 27372K (57%)
ptolemy.util.test.WatchDog.cancel(): canceling Tue May 26 14:26:16 UTC 2020
------------------ testing $PTII/ptolemy/domains/de/test/auto/CausalityInterface15.xml
auto.tcl: Setting watchdog for 200 seconds at Tue May 26 14:26:16 UTC 2020
9 ms. Memory: 48128K Free: 28274K (59%)
ptolemy.util.test.WatchDog.cancel(): canceling Tue May 26 14:26:16 UTC 2020
auto.tcl: Setting watchdog for 200 seconds at Tue May 26 14:26:16 UTC 2020
3 ms. Memory: 48128K Free: 27336K (57%)
ptolemy.util.test.WatchDog.cancel(): canceling Tue May 26 14:26:16 UTC 2020
------------------ testing $PTII/ptolemy/domains/de/test/auto/CausalityInterface2.xml
auto.tcl: Setting watchdog for 200 seconds at Tue May 26 14:26:16 UTC 2020
7 ms. Memory: 48128K Free: 29236K (61%)
ptolemy.util.test.WatchDog.cancel(): canceling Tue May 26 14:26:16 UTC 2020
auto.tcl: Setting watchdog for 200 seconds at Tue May 26 14:26:16 UTC 2020
6 ms. Memory: 48128K Free: 28324K (59%)
ptolemy.util.test.WatchDog.cancel(): canceling Tue May 26 14:26:16 UTC 2020
------------------ testing $PTII/ptolemy/domains/de/test/auto/CausalityInterface3.xml
auto.tcl: Setting watchdog for 200 seconds at Tue May 26 14:26:16 UTC 2020
11 ms. Memory: 48128K Free: 28536K (59%)
ptolemy.util.test.WatchDog.cancel(): canceling Tue May 26 14:26:16 UTC 2020
auto.tcl: Setting watchdog for 200 seconds at Tue May 26 14:26:16 UTC 2020
2 ms. Memory: 48128K Free: 28105K (58%)
ptolemy.util.test.WatchDog.cancel(): canceling Tue May 26 14:26:16 UTC 2020
------------------ testing $PTII/ptolemy/domains/de/test/auto/ClockDrift.xml
auto.tcl: Setting watchdog for 200 seconds at Tue May 26 14:26:16 UTC 2020
48 ms. Memory: 48128K Free: 20649K (43%)
ptolemy.util.test.WatchDog.cancel(): canceling Tue May 26 14:26:16 UTC 2020
auto.tcl: Setting watchdog for 200 seconds at Tue May 26 14:26:16 UTC 2020
35 ms. Memory: 48128K Free: 17689K (37%)
ptolemy.util.test.WatchDog.cancel(): canceling Tue May 26 14:26:16 UTC 2020
------------------ testing $PTII/ptolemy/domains/de/test/auto/ClockDriftAndValueChange.xml
auto.tcl: Setting watchdog for 200 seconds at Tue May 26 14:26:16 UTC 2020
52 ms. Memory: 48128K Free: 20987K (44%)
ptolemy.util.test.WatchDog.cancel(): canceling Tue May 26 14:26:16 UTC 2020
auto.tcl: Setting watchdog for 200 seconds at Tue May 26 14:26:16 UTC 2020
33 ms. Memory: 48128K Free: 17988K (37%)
ptolemy.util.test.WatchDog.cancel(): canceling Tue May 26 14:26:16 UTC 2020
------------------ testing $PTII/ptolemy/domains/de/test/auto/ClockDriftChange.xml
auto.tcl: Setting watchdog for 200 seconds at Tue May 26 14:26:16 UTC 2020
15 ms. Memory: 48128K Free: 23239K (48%)
ptolemy.util.test.WatchDog.cancel(): canceling Tue May 26 14:26:17 UTC 2020
auto.tcl: Setting watchdog for 200 seconds at Tue May 26 14:26:17 UTC 2020
24 ms. Memory: 48128K Free: 20662K (43%)
ptolemy.util.test.WatchDog.cancel(): canceling Tue May 26 14:26:17 UTC 2020
------------------ testing $PTII/ptolemy/domains/de/test/auto/ComposableCausalityAnalysis.xml
auto.tcl: Setting watchdog for 200 seconds at Tue May 26 14:26:17 UTC 2020
2 ms. Memory: 48128K Free: 27871K (58%)
ptolemy.util.test.WatchDog.cancel(): canceling Tue May 26 14:26:17 UTC 2020
auto.tcl: Setting watchdog for 200 seconds at Tue May 26 14:26:17 UTC 2020
1 ms. Memory: 48128K Free: 26833K (56%)
ptolemy.util.test.WatchDog.cancel(): canceling Tue May 26 14:26:17 UTC 2020
------------------ testing $PTII/ptolemy/domains/de/test/auto/DEFixedPointLimitation.xml
auto.tcl: Setting watchdog for 200 seconds at Tue May 26 14:26:17 UTC 2020
2 ms. Memory: 48128K Free: 29249K (61%)
ptolemy.util.test.WatchDog.cancel(): canceling Tue May 26 14:26:17 UTC 2020
auto.tcl: Setting watchdog for 200 seconds at Tue May 26 14:26:17 UTC 2020
2 ms. Memory: 48128K Free: 28309K (59%)
ptolemy.util.test.WatchDog.cancel(): canceling Tue May 26 14:26:17 UTC 2020
------------------ testing $PTII/ptolemy/domains/de/test/auto/DEScheduleTest.xml
auto.tcl: Setting watchdog for 200 seconds at Tue May 26 14:26:17 UTC 2020
4 ms. Memory: 48128K Free: 29508K (61%)
ptolemy.util.test.WatchDog.cancel(): canceling Tue May 26 14:26:17 UTC 2020
auto.tcl: Setting watchdog for 200 seconds at Tue May 26 14:26:17 UTC 2020
2 ms. Memory: 48128K Free: 28750K (60%)
ptolemy.util.test.WatchDog.cancel(): canceling Tue May 26 14:26:17 UTC 2020
------------------ testing $PTII/ptolemy/domains/de/test/auto/DEinDEwithStartTimes.xml
auto.tcl: Setting watchdog for 200 seconds at Tue May 26 14:26:17 UTC 2020
4 ms. Memory: 48128K Free: 27687K (58%)
ptolemy.util.test.WatchDog.cancel(): canceling Tue May 26 14:26:17 UTC 2020
auto.tcl: Setting watchdog for 200 seconds at Tue May 26 14:26:17 UTC 2020
4 ms. Memory: 48128K Free: 26650K (55%)
ptolemy.util.test.WatchDog.cancel(): canceling Tue May 26 14:26:17 UTC 2020
------------------ testing $PTII/ptolemy/domains/de/test/auto/DEinDEwithStartTimes2.xml
auto.tcl: Setting watchdog for 200 seconds at Tue May 26 14:26:17 UTC 2020
4 ms. Memory: 48128K Free: 26906K (56%)
ptolemy.util.test.WatchDog.cancel(): canceling Tue May 26 14:26:17 UTC 2020
auto.tcl: Setting watchdog for 200 seconds at Tue May 26 14:26:17 UTC 2020
4 ms. Memory: 48128K Free: 25606K (53%)
ptolemy.util.test.WatchDog.cancel(): canceling Tue May 26 14:26:17 UTC 2020
------------------ testing $PTII/ptolemy/domains/de/test/auto/DateDemo.xml
auto.tcl: Setting watchdog for 200 seconds at Tue May 26 14:26:17 UTC 2020
18 ms. Memory: 48128K Free: 21246K (44%)
ptolemy.util.test.WatchDog.cancel(): canceling Tue May 26 14:26:17 UTC 2020
auto.tcl: Setting watchdog for 200 seconds at Tue May 26 14:26:17 UTC 2020
7 ms. Memory: 48128K Free: 19648K (41%)
ptolemy.util.test.WatchDog.cancel(): canceling Tue May 26 14:26:17 UTC 2020
------------------ testing $PTII/ptolemy/domains/de/test/auto/DateToEvent.xml
auto.tcl: Setting watchdog for 200 seconds at Tue May 26 14:26:17 UTC 2020
2009 ms. Memory: 48128K Free: 17169K (36%)
ptolemy.util.test.WatchDog.cancel(): canceling Tue May 26 14:26:19 UTC 2020
auto.tcl: Setting watchdog for 200 seconds at Tue May 26 14:26:19 UTC 2020
2006 ms. Memory: 48128K Free: 16385K (34%)
ptolemy.util.test.WatchDog.cancel(): canceling Tue May 26 14:26:21 UTC 2020
------------------ testing $PTII/ptolemy/domains/de/test/auto/DepthTest1.xml
auto.tcl: Setting watchdog for 200 seconds at Tue May 26 14:26:21 UTC 2020
3 ms. Memory: 48128K Free: 30316K (63%)
ptolemy.util.test.WatchDog.cancel(): canceling Tue May 26 14:26:21 UTC 2020
auto.tcl: Setting watchdog for 200 seconds at Tue May 26 14:26:21 UTC 2020
1 ms. Memory: 48128K Free: 29533K (61%)
ptolemy.util.test.WatchDog.cancel(): canceling Tue May 26 14:26:21 UTC 2020
------------------ testing $PTII/ptolemy/domains/de/test/auto/DepthTest2.xml
auto.tcl: Setting watchdog for 200 seconds at Tue May 26 14:26:21 UTC 2020
4 ms. Memory: 48128K Free: 27133K (56%)
ptolemy.util.test.WatchDog.cancel(): canceling Tue May 26 14:26:21 UTC 2020
auto.tcl: Setting watchdog for 200 seconds at Tue May 26 14:26:21 UTC 2020
2 ms. Memory: 48128K Free: 26717K (56%)
ptolemy.util.test.WatchDog.cancel(): canceling Tue May 26 14:26:21 UTC 2020
------------------ testing $PTII/ptolemy/domains/de/test/auto/DepthTest3.xml
auto.tcl: Setting watchdog for 200 seconds at Tue May 26 14:26:21 UTC 2020
2 ms. Memory: 48128K Free: 30646K (64%)
ptolemy.util.test.WatchDog.cancel(): canceling Tue May 26 14:26:21 UTC 2020
auto.tcl: Setting watchdog for 200 seconds at Tue May 26 14:26:21 UTC 2020
1 ms. Memory: 48128K Free: 30214K (63%)
ptolemy.util.test.WatchDog.cancel(): canceling Tue May 26 14:26:21 UTC 2020
------------------ testing $PTII/ptolemy/domains/de/test/auto/DepthTest4.xml
auto.tcl: Setting watchdog for 200 seconds at Tue May 26 14:26:21 UTC 2020
6 ms. Memory: 48128K Free: 29003K (60%)
ptolemy.util.test.WatchDog.cancel(): canceling Tue May 26 14:26:21 UTC 2020
auto.tcl: Setting watchdog for 200 seconds at Tue May 26 14:26:21 UTC 2020
2 ms. Memory: 48128K Free: 28267K (59%)
ptolemy.util.test.WatchDog.cancel(): canceling Tue May 26 14:26:21 UTC 2020
------------------ testing $PTII/ptolemy/domains/de/test/auto/DepthTest5.xml
auto.tcl: Setting watchdog for 200 seconds at Tue May 26 14:26:21 UTC 2020
4 ms. Memory: 48128K Free: 28391K (59%)
ptolemy.util.test.WatchDog.cancel(): canceling Tue May 26 14:26:21 UTC 2020
auto.tcl: Setting watchdog for 200 seconds at Tue May 26 14:26:21 UTC 2020
4 ms. Memory: 48128K Free: 27605K (57%)
ptolemy.util.test.WatchDog.cancel(): canceling Tue May 26 14:26:21 UTC 2020
------------------ testing $PTII/ptolemy/domains/de/test/auto/DepthTest6.xml
auto.tcl: Setting watchdog for 200 seconds at Tue May 26 14:26:22 UTC 2020
4 ms. Memory: 48128K Free: 28134K (58%)
ptolemy.util.test.WatchDog.cancel(): canceling Tue May 26 14:26:22 UTC 2020
auto.tcl: Setting watchdog for 200 seconds at Tue May 26 14:26:22 UTC 2020
2 ms. Memory: 48128K Free: 27712K (58%)
ptolemy.util.test.WatchDog.cancel(): canceling Tue May 26 14:26:22 UTC 2020
------------------ testing $PTII/ptolemy/domains/de/test/auto/DepthTest7.xml
auto.tcl: Setting watchdog for 200 seconds at Tue May 26 14:26:22 UTC 2020
2 ms. Memory: 48128K Free: 28928K (60%)
ptolemy.util.test.WatchDog.cancel(): canceling Tue May 26 14:26:22 UTC 2020
auto.tcl: Setting watchdog for 200 seconds at Tue May 26 14:26:22 UTC 2020
2 ms. Memory: 48128K Free: 28200K (59%)
ptolemy.util.test.WatchDog.cancel(): canceling Tue May 26 14:26:22 UTC 2020
------------------ testing $PTII/ptolemy/domains/de/test/auto/EventToDate.xml
auto.tcl: Setting watchdog for 200 seconds at Tue May 26 14:26:22 UTC 2020
3012 ms. Memory: 48128K Free: 19735K (41%)
ptolemy.util.test.WatchDog.cancel(): canceling Tue May 26 14:26:25 UTC 2020
auto.tcl: Setting watchdog for 200 seconds at Tue May 26 14:26:25 UTC 2020
3003 ms. Memory: 48128K Free: 19026K (40%)
ptolemy.util.test.WatchDog.cancel(): canceling Tue May 26 14:26:28 UTC 2020
------------------ testing $PTII/ptolemy/domains/de/test/auto/FSM1.xml
auto.tcl: Setting watchdog for 200 seconds at Tue May 26 14:26:28 UTC 2020
29 ms. Memory: 48128K Free: 20921K (43%)
ptolemy.util.test.WatchDog.cancel(): canceling Tue May 26 14:26:28 UTC 2020
auto.tcl: Setting watchdog for 200 seconds at Tue May 26 14:26:28 UTC 2020
15 ms. Memory: 48128K Free: 17684K (37%)
ptolemy.util.test.WatchDog.cancel(): canceling Tue May 26 14:26:28 UTC 2020
------------------ testing $PTII/ptolemy/domains/de/test/auto/FSM7.xml
auto.tcl: Setting watchdog for 200 seconds at Tue May 26 14:26:28 UTC 2020
12 ms. Memory: 48128K Free: 20624K (43%)
ptolemy.util.test.WatchDog.cancel(): canceling Tue May 26 14:26:28 UTC 2020
auto.tcl: Setting watchdog for 200 seconds at Tue May 26 14:26:28 UTC 2020
14 ms. Memory: 48128K Free: 17497K (36%)
ptolemy.util.test.WatchDog.cancel(): canceling Tue May 26 14:26:28 UTC 2020
------------------ testing $PTII/ptolemy/domains/de/test/auto/Inspection.xml
auto.tcl: Setting watchdog for 200 seconds at Tue May 26 14:26:28 UTC 2020
21 ms. Memory: 48128K Free: 20660K (43%)
ptolemy.util.test.WatchDog.cancel(): canceling Tue May 26 14:26:28 UTC 2020
auto.tcl: Setting watchdog for 200 seconds at Tue May 26 14:26:28 UTC 2020
18 ms. Memory: 48128K Free: 18923K (39%)
ptolemy.util.test.WatchDog.cancel(): canceling Tue May 26 14:26:28 UTC 2020
------------------ testing $PTII/ptolemy/domains/de/test/auto/Iteration.xml
auto.tcl: Setting watchdog for 200 seconds at Tue May 26 14:26:28 UTC 2020
7 ms. Memory: 48128K Free: 26392K (55%)
ptolemy.util.test.WatchDog.cancel(): canceling Tue May 26 14:26:28 UTC 2020
auto.tcl: Setting watchdog for 200 seconds at Tue May 26 14:26:28 UTC 2020
5 ms. Memory: 48128K Free: 24979K (52%)
ptolemy.util.test.WatchDog.cancel(): canceling Tue May 26 14:26:28 UTC 2020
------------------ testing $PTII/ptolemy/domains/de/test/auto/LineFault.xml
auto.tcl: Setting watchdog for 200 seconds at Tue May 26 14:26:28 UTC 2020
581 ms. Memory: 60416K Free: 30750K (51%)
ptolemy.util.test.WatchDog.cancel(): canceling Tue May 26 14:26:29 UTC 2020
auto.tcl: Setting watchdog for 200 seconds at Tue May 26 14:26:29 UTC 2020
449 ms. Memory: 60416K Free: 24801K (41%)
ptolemy.util.test.WatchDog.cancel(): canceling Tue May 26 14:26:29 UTC 2020
------------------ testing $PTII/ptolemy/domains/de/test/auto/MergeModel1Add.xml
auto.tcl: Setting watchdog for 200 seconds at Tue May 26 14:26:29 UTC 2020
18 ms. Memory: 55296K Free: 19527K (35%)
ptolemy.util.test.WatchDog.cancel(): canceling Tue May 26 14:26:30 UTC 2020
auto.tcl: Setting watchdog for 200 seconds at Tue May 26 14:26:30 UTC 2020
13 ms. Memory: 55296K Free: 17865K (32%)
ptolemy.util.test.WatchDog.cancel(): canceling Tue May 26 14:26:30 UTC 2020
------------------ testing $PTII/ptolemy/domains/de/test/auto/MergeModel2Add.xml
auto.tcl: Setting watchdog for 200 seconds at Tue May 26 14:26:30 UTC 2020
10 ms. Memory: 55296K Free: 21568K (39%)
ptolemy.util.test.WatchDog.cancel(): canceling Tue May 26 14:26:30 UTC 2020
auto.tcl: Setting watchdog for 200 seconds at Tue May 26 14:26:30 UTC 2020
7 ms. Memory: 55296K Free: 19598K (35%)
ptolemy.util.test.WatchDog.cancel(): canceling Tue May 26 14:26:30 UTC 2020
------------------ testing $PTII/ptolemy/domains/de/test/auto/MergeModel3Add.xml
auto.tcl: Setting watchdog for 200 seconds at Tue May 26 14:26:30 UTC 2020
7 ms. Memory: 55296K Free: 21577K (39%)
ptolemy.util.test.WatchDog.cancel(): canceling Tue May 26 14:26:30 UTC 2020
auto.tcl: Setting watchdog for 200 seconds at Tue May 26 14:26:30 UTC 2020
6 ms. Memory: 55296K Free: 20166K (36%)
ptolemy.util.test.WatchDog.cancel(): canceling Tue May 26 14:26:30 UTC 2020
------------------ testing $PTII/ptolemy/domains/de/test/auto/MergeWithoutDiscard.xml
auto.tcl: Setting watchdog for 200 seconds at Tue May 26 14:26:30 UTC 2020
1 ms. Memory: 51200K Free: 32033K (63%)
ptolemy.util.test.WatchDog.cancel(): canceling Tue May 26 14:26:30 UTC 2020
auto.tcl: Setting watchdog for 200 seconds at Tue May 26 14:26:30 UTC 2020
1 ms. Memory: 51200K Free: 31598K (62%)
ptolemy.util.test.WatchDog.cancel(): canceling Tue May 26 14:26:30 UTC 2020
------------------ testing $PTII/ptolemy/domains/de/test/auto/Modal1.xml
auto.tcl: Setting watchdog for 200 seconds at Tue May 26 14:26:30 UTC 2020
19 ms. Memory: 51200K Free: 23961K (47%)
ptolemy.util.test.WatchDog.cancel(): canceling Tue May 26 14:26:30 UTC 2020
auto.tcl: Setting watchdog for 200 seconds at Tue May 26 14:26:30 UTC 2020
21 ms. Memory: 51200K Free: 20523K (40%)
ptolemy.util.test.WatchDog.cancel(): canceling Tue May 26 14:26:30 UTC 2020
------------------ testing $PTII/ptolemy/domains/de/test/auto/Modal2.xml
auto.tcl: Setting watchdog for 200 seconds at Tue May 26 14:26:30 UTC 2020
14 ms. Memory: 51200K Free: 24098K (47%)
ptolemy.util.test.WatchDog.cancel(): canceling Tue May 26 14:26:30 UTC 2020
auto.tcl: Setting watchdog for 200 seconds at Tue May 26 14:26:30 UTC 2020
16 ms. Memory: 51200K Free: 20859K (41%)
ptolemy.util.test.WatchDog.cancel(): canceling Tue May 26 14:26:30 UTC 2020
------------------ testing $PTII/ptolemy/domains/de/test/auto/Modal3.xml
auto.tcl: Setting watchdog for 200 seconds at Tue May 26 14:26:30 UTC 2020
10 ms. Memory: 51200K Free: 23837K (47%)
ptolemy.util.test.WatchDog.cancel(): canceling Tue May 26 14:26:30 UTC 2020
auto.tcl: Setting watchdog for 200 seconds at Tue May 26 14:26:30 UTC 2020
10 ms. Memory: 51200K Free: 20869K (41%)
ptolemy.util.test.WatchDog.cancel(): canceling Tue May 26 14:26:30 UTC 2020
------------------ testing $PTII/ptolemy/domains/de/test/auto/Modal4.xml
auto.tcl: Setting watchdog for 200 seconds at Tue May 26 14:26:30 UTC 2020
25 ms. Memory: 51200K Free: 22794K (45%)
ptolemy.util.test.WatchDog.cancel(): canceling Tue May 26 14:26:30 UTC 2020
auto.tcl: Setting watchdog for 200 seconds at Tue May 26 14:26:30 UTC 2020
16 ms. Memory: 51200K Free: 18826K (37%)
ptolemy.util.test.WatchDog.cancel(): canceling Tue May 26 14:26:30 UTC 2020
------------------ testing $PTII/ptolemy/domains/de/test/auto/Modal5.xml
auto.tcl: Setting watchdog for 200 seconds at Tue May 26 14:26:30 UTC 2020
10 ms. Memory: 51200K Free: 23018K (45%)
ptolemy.util.test.WatchDog.cancel(): canceling Tue May 26 14:26:30 UTC 2020
auto.tcl: Setting watchdog for 200 seconds at Tue May 26 14:26:30 UTC 2020
12 ms. Memory: 51200K Free: 19208K (38%)
ptolemy.util.test.WatchDog.cancel(): canceling Tue May 26 14:26:30 UTC 2020
------------------ testing $PTII/ptolemy/domains/de/test/auto/Modal6.xml
auto.tcl: Setting watchdog for 200 seconds at Tue May 26 14:26:30 UTC 2020
12 ms. Memory: 51200K Free: 23818K (47%)
ptolemy.util.test.WatchDog.cancel(): canceling Tue May 26 14:26:30 UTC 2020
auto.tcl: Setting watchdog for 200 seconds at Tue May 26 14:26:30 UTC 2020
12 ms. Memory: 51200K Free: 19833K (39%)
ptolemy.util.test.WatchDog.cancel(): canceling Tue May 26 14:26:30 UTC 2020
------------------ testing $PTII/ptolemy/domains/de/test/auto/Modal7.xml
auto.tcl: Setting watchdog for 200 seconds at Tue May 26 14:26:30 UTC 2020
9 ms. Memory: 51200K Free: 22788K (45%)
ptolemy.util.test.WatchDog.cancel(): canceling Tue May 26 14:26:30 UTC 2020
auto.tcl: Setting watchdog for 200 seconds at Tue May 26 14:26:30 UTC 2020
9 ms. Memory: 51200K Free: 19207K (38%)
ptolemy.util.test.WatchDog.cancel(): canceling Tue May 26 14:26:30 UTC 2020
------------------ testing $PTII/ptolemy/domains/de/test/auto/ModalModel.xml
auto.tcl: Setting watchdog for 200 seconds at Tue May 26 14:26:30 UTC 2020
160 ms. Memory: 51200K Free: 14947K (29%)
ptolemy.util.test.WatchDog.cancel(): canceling Tue May 26 14:26:31 UTC 2020
auto.tcl: Setting watchdog for 200 seconds at Tue May 26 14:26:31 UTC 2020
193 ms. Memory: 68608K Free: 29716K (43%)
ptolemy.util.test.WatchDog.cancel(): canceling Tue May 26 14:26:31 UTC 2020
------------------ testing $PTII/ptolemy/domains/de/test/auto/ModalSource.xml
auto.tcl: Setting watchdog for 200 seconds at Tue May 26 14:26:31 UTC 2020
7 ms. Memory: 55296K Free: 31977K (58%)
ptolemy.util.test.WatchDog.cancel(): canceling Tue May 26 14:26:31 UTC 2020
auto.tcl: Setting watchdog for 200 seconds at Tue May 26 14:26:31 UTC 2020
8 ms. Memory: 55296K Free: 29929K (54%)
ptolemy.util.test.WatchDog.cancel(): canceling Tue May 26 14:26:31 UTC 2020
------------------ testing $PTII/ptolemy/domains/de/test/auto/NonInterruptibleTimerZeroDelay.xml
auto.tcl: Setting watchdog for 200 seconds at Tue May 26 14:26:31 UTC 2020
3 ms. Memory: 55296K Free: 36874K (67%)
ptolemy.util.test.WatchDog.cancel(): canceling Tue May 26 14:26:31 UTC 2020
auto.tcl: Setting watchdog for 200 seconds at Tue May 26 14:26:31 UTC 2020
2 ms. Memory: 55296K Free: 36264K (66%)
ptolemy.util.test.WatchDog.cancel(): canceling Tue May 26 14:26:31 UTC 2020
------------------ testing $PTII/ptolemy/domains/de/test/auto/OpenQueueingNetwork.xml
auto.tcl: Setting watchdog for 200 seconds at Tue May 26 14:26:31 UTC 2020
2612 ms. Memory: 128000K Free: 84103K (66%)
ptolemy.util.test.WatchDog.cancel(): canceling Tue May 26 14:26:34 UTC 2020
auto.tcl: Setting watchdog for 200 seconds at Tue May 26 14:26:34 UTC 2020
2209 ms. Memory: 153600K Free: 124548K (81%)
ptolemy.util.test.WatchDog.cancel(): canceling Tue May 26 14:26:36 UTC 2020
------------------ testing $PTII/ptolemy/domains/de/test/auto/OpenQueuingNetwork.xml
auto.tcl: Setting watchdog for 200 seconds at Tue May 26 14:26:36 UTC 2020
218 ms. Memory: 55296K Free: 25890K (47%)
ptolemy.util.test.WatchDog.cancel(): canceling Tue May 26 14:26:36 UTC 2020
auto.tcl: Setting watchdog for 200 seconds at Tue May 26 14:26:36 UTC 2020
206 ms. Memory: 55296K Free: 36016K (65%)
ptolemy.util.test.WatchDog.cancel(): canceling Tue May 26 14:26:37 UTC 2020
------------------ testing $PTII/ptolemy/domains/de/test/auto/PeriodicSampler.xml
auto.tcl: Setting watchdog for 200 seconds at Tue May 26 14:26:37 UTC 2020
2 ms. Memory: 55296K Free: 36110K (65%)
ptolemy.util.test.WatchDog.cancel(): canceling Tue May 26 14:26:37 UTC 2020
auto.tcl: Setting watchdog for 200 seconds at Tue May 26 14:26:37 UTC 2020
2 ms. Memory: 55296K Free: 35590K (64%)
ptolemy.util.test.WatchDog.cancel(): canceling Tue May 26 14:26:37 UTC 2020
------------------ testing $PTII/ptolemy/domains/de/test/auto/PersistentIO.xml
auto.tcl: Setting watchdog for 200 seconds at Tue May 26 14:26:37 UTC 2020
5 ms. Memory: 55296K Free: 31034K (56%)
ptolemy.util.test.WatchDog.cancel(): canceling Tue May 26 14:26:37 UTC 2020
auto.tcl: Setting watchdog for 200 seconds at Tue May 26 14:26:37 UTC 2020
4 ms. Memory: 55296K Free: 29514K (53%)
ptolemy.util.test.WatchDog.cancel(): canceling Tue May 26 14:26:37 UTC 2020
------------------ testing $PTII/ptolemy/domains/de/test/auto/PortParameterResetOnInitialize.xml
auto.tcl: Setting watchdog for 200 seconds at Tue May 26 14:26:37 UTC 2020
2 ms. Memory: 55296K Free: 36033K (65%)
ptolemy.util.test.WatchDog.cancel(): canceling Tue May 26 14:26:37 UTC 2020
auto.tcl: Setting watchdog for 200 seconds at Tue May 26 14:26:37 UTC 2020
1 ms. Memory: 55296K Free: 35523K (64%)
ptolemy.util.test.WatchDog.cancel(): canceling Tue May 26 14:26:37 UTC 2020
------------------ testing $PTII/ptolemy/domains/de/test/auto/PortParameterUpdates.xml
auto.tcl: Setting watchdog for 200 seconds at Tue May 26 14:26:37 UTC 2020
3 ms. Memory: 55296K Free: 34103K (62%)
ptolemy.util.test.WatchDog.cancel(): canceling Tue May 26 14:26:37 UTC 2020
auto.tcl: Setting watchdog for 200 seconds at Tue May 26 14:26:37 UTC 2020
3 ms. Memory: 55296K Free: 33090K (60%)
ptolemy.util.test.WatchDog.cancel(): canceling Tue May 26 14:26:37 UTC 2020
------------------ testing $PTII/ptolemy/domains/de/test/auto/QueueAndServer.xml
auto.tcl: Setting watchdog for 200 seconds at Tue May 26 14:26:37 UTC 2020
12 ms. Memory: 55296K Free: 33056K (60%)
ptolemy.util.test.WatchDog.cancel(): canceling Tue May 26 14:26:37 UTC 2020
auto.tcl: Setting watchdog for 200 seconds at Tue May 26 14:26:37 UTC 2020
7 ms. Memory: 55296K Free: 31522K (57%)
ptolemy.util.test.WatchDog.cancel(): canceling Tue May 26 14:26:37 UTC 2020
------------------ testing $PTII/ptolemy/domains/de/test/auto/Records.xml
auto.tcl: Setting watchdog for 200 seconds at Tue May 26 14:26:37 UTC 2020
4 ms. Memory: 55296K Free: 35261K (64%)
ptolemy.util.test.WatchDog.cancel(): canceling Tue May 26 14:26:37 UTC 2020
auto.tcl: Setting watchdog for 200 seconds at Tue May 26 14:26:37 UTC 2020
2 ms. Memory: 55296K Free: 34749K (63%)
ptolemy.util.test.WatchDog.cancel(): canceling Tue May 26 14:26:37 UTC 2020
------------------ testing $PTII/ptolemy/domains/de/test/auto/ResetTransitionWithStartTime1.xml
auto.tcl: Setting watchdog for 200 seconds at Tue May 26 14:26:37 UTC 2020
13 ms. Memory: 55296K Free: 32519K (59%)
ptolemy.util.test.WatchDog.cancel(): canceling Tue May 26 14:26:37 UTC 2020
auto.tcl: Setting watchdog for 200 seconds at Tue May 26 14:26:37 UTC 2020
8 ms. Memory: 55296K Free: 30471K (55%)
ptolemy.util.test.WatchDog.cancel(): canceling Tue May 26 14:26:37 UTC 2020
------------------ testing $PTII/ptolemy/domains/de/test/auto/ResetTransitionWithStartTime2.xml
auto.tcl: Setting watchdog for 200 seconds at Tue May 26 14:26:37 UTC 2020
4 ms. Memory: 55296K Free: 32475K (59%)
ptolemy.util.test.WatchDog.cancel(): canceling Tue May 26 14:26:37 UTC 2020
auto.tcl: Setting watchdog for 200 seconds at Tue May 26 14:26:37 UTC 2020
6 ms. Memory: 55296K Free: 30427K (55%)
ptolemy.util.test.WatchDog.cancel(): canceling Tue May 26 14:26:37 UTC 2020
------------------ testing $PTII/ptolemy/domains/de/test/auto/ResetTransitionWithStartTime3.xml
auto.tcl: Setting watchdog for 200 seconds at Tue May 26 14:26:37 UTC 2020
5 ms. Memory: 51200K Free: 28378K (55%)
ptolemy.util.test.WatchDog.cancel(): canceling Tue May 26 14:26:37 UTC 2020
auto.tcl: Setting watchdog for 200 seconds at Tue May 26 14:26:37 UTC 2020
4 ms. Memory: 51200K Free: 26363K (51%)
ptolemy.util.test.WatchDog.cancel(): canceling Tue May 26 14:26:37 UTC 2020
------------------ testing $PTII/ptolemy/domains/de/test/auto/ResetTransitionWithStartTime4.xml
auto.tcl: Setting watchdog for 200 seconds at Tue May 26 14:26:37 UTC 2020
6 ms. Memory: 51200K Free: 28784K (56%)
ptolemy.util.test.WatchDog.cancel(): canceling Tue May 26 14:26:37 UTC 2020
auto.tcl: Setting watchdog for 200 seconds at Tue May 26 14:26:37 UTC 2020
3 ms. Memory: 51200K Free: 27371K (53%)
ptolemy.util.test.WatchDog.cancel(): canceling Tue May 26 14:26:37 UTC 2020
------------------ testing $PTII/ptolemy/domains/de/test/auto/ResettableTimer1.xml
auto.tcl: Setting watchdog for 200 seconds at Tue May 26 14:26:37 UTC 2020
2 ms. Memory: 51200K Free: 32592K (64%)
ptolemy.util.test.WatchDog.cancel(): canceling Tue May 26 14:26:37 UTC 2020
auto.tcl: Setting watchdog for 200 seconds at Tue May 26 14:26:37 UTC 2020
2 ms. Memory: 51200K Free: 31936K (62%)
ptolemy.util.test.WatchDog.cancel(): canceling Tue May 26 14:26:37 UTC 2020
------------------ testing $PTII/ptolemy/domains/de/test/auto/ResettableTimer2.xml
auto.tcl: Setting watchdog for 200 seconds at Tue May 26 14:26:37 UTC 2020
2 ms. Memory: 51200K Free: 32649K (64%)
ptolemy.util.test.WatchDog.cancel(): canceling Tue May 26 14:26:37 UTC 2020
auto.tcl: Setting watchdog for 200 seconds at Tue May 26 14:26:37 UTC 2020
2 ms. Memory: 51200K Free: 32015K (63%)
ptolemy.util.test.WatchDog.cancel(): canceling Tue May 26 14:26:37 UTC 2020
------------------ testing $PTII/ptolemy/domains/de/test/auto/ResettableTimer3.xml
auto.tcl: Setting watchdog for 200 seconds at Tue May 26 14:26:37 UTC 2020
2 ms. Memory: 51200K Free: 32512K (64%)
ptolemy.util.test.WatchDog.cancel(): canceling Tue May 26 14:26:37 UTC 2020
auto.tcl: Setting watchdog for 200 seconds at Tue May 26 14:26:37 UTC 2020
1 ms. Memory: 51200K Free: 32512K (64%)
ptolemy.util.test.WatchDog.cancel(): canceling Tue May 26 14:26:37 UTC 2020
------------------ testing $PTII/ptolemy/domains/de/test/auto/ResettableTimer4.xml
auto.tcl: Setting watchdog for 200 seconds at Tue May 26 14:26:37 UTC 2020
1 ms. Memory: 51200K Free: 32523K (64%)
ptolemy.util.test.WatchDog.cancel(): canceling Tue May 26 14:26:37 UTC 2020
auto.tcl: Setting watchdog for 200 seconds at Tue May 26 14:26:37 UTC 2020
1 ms. Memory: 51200K Free: 32027K (63%)
ptolemy.util.test.WatchDog.cancel(): canceling Tue May 26 14:26:37 UTC 2020
------------------ testing $PTII/ptolemy/domains/de/test/auto/ResettableTimer5.xml
auto.tcl: Setting watchdog for 200 seconds at Tue May 26 14:26:37 UTC 2020
2 ms. Memory: 51200K Free: 32002K (63%)
ptolemy.util.test.WatchDog.cancel(): canceling Tue May 26 14:26:38 UTC 2020
auto.tcl: Setting watchdog for 200 seconds at Tue May 26 14:26:38 UTC 2020
1 ms. Memory: 51200K Free: 31508K (62%)
ptolemy.util.test.WatchDog.cancel(): canceling Tue May 26 14:26:38 UTC 2020
------------------ testing $PTII/ptolemy/domains/de/test/auto/ResettableTimer6.xml
auto.tcl: Setting watchdog for 200 seconds at Tue May 26 14:26:38 UTC 2020
1 ms. Memory: 51200K Free: 31998K (62%)
ptolemy.util.test.WatchDog.cancel(): canceling Tue May 26 14:26:38 UTC 2020
auto.tcl: Setting watchdog for 200 seconds at Tue May 26 14:26:38 UTC 2020
1 ms. Memory: 51200K Free: 31504K (62%)
ptolemy.util.test.WatchDog.cancel(): canceling Tue May 26 14:26:38 UTC 2020
------------------ testing $PTII/ptolemy/domains/de/test/auto/ServerZeroDelay.xml
auto.tcl: Setting watchdog for 200 seconds at Tue May 26 14:26:38 UTC 2020
3 ms. Memory: 51200K Free: 32571K (64%)
ptolemy.util.test.WatchDog.cancel(): canceling Tue May 26 14:26:38 UTC 2020
auto.tcl: Setting watchdog for 200 seconds at Tue May 26 14:26:38 UTC 2020
2 ms. Memory: 51200K Free: 31480K (61%)
ptolemy.util.test.WatchDog.cancel(): canceling Tue May 26 14:26:38 UTC 2020
------------------ testing $PTII/ptolemy/domains/de/test/auto/SmartSender.xml
auto.tcl: Setting watchdog for 200 seconds at Tue May 26 14:26:38 UTC 2020
3002 ms. Memory: 51200K Free: 32498K (63%)
ptolemy.util.test.WatchDog.cancel(): canceling Tue May 26 14:26:41 UTC 2020
auto.tcl: Setting watchdog for 200 seconds at Tue May 26 14:26:41 UTC 2020
3001 ms. Memory: 51200K Free: 31980K (62%)
ptolemy.util.test.WatchDog.cancel(): canceling Tue May 26 14:26:44 UTC 2020
------------------ testing $PTII/ptolemy/domains/de/test/auto/ThreadedComposite.xml
auto.tcl: Setting watchdog for 200 seconds at Tue May 26 14:26:44 UTC 2020
139 ms. Memory: 51200K Free: 13566K (26%)
ptolemy.util.test.WatchDog.cancel(): canceling Tue May 26 14:26:44 UTC 2020
auto.tcl: Setting watchdog for 200 seconds at Tue May 26 14:26:44 UTC 2020
143 ms. Memory: 51200K Free: 28482K (56%)
ptolemy.util.test.WatchDog.cancel(): canceling Tue May 26 14:26:44 UTC 2020
------------------ testing $PTII/ptolemy/domains/de/test/auto/Time.xml
auto.tcl: Setting watchdog for 200 seconds at Tue May 26 14:26:44 UTC 2020
440 ms. Memory: 51200K Free: 9150K (18%)
ptolemy.util.test.WatchDog.cancel(): canceling Tue May 26 14:26:45 UTC 2020
auto.tcl: Setting watchdog for 200 seconds at Tue May 26 14:26:45 UTC 2020
449 ms. Memory: 69632K Free: 32659K (47%)
ptolemy.util.test.WatchDog.cancel(): canceling Tue May 26 14:26:45 UTC 2020
------------------ testing $PTII/ptolemy/domains/de/test/auto/TimeDelayZeroDelay.xml
auto.tcl: Setting watchdog for 200 seconds at Tue May 26 14:26:45 UTC 2020
2 ms. Memory: 51200K Free: 32932K (64%)
ptolemy.util.test.WatchDog.cancel(): canceling Tue May 26 14:26:45 UTC 2020
auto.tcl: Setting watchdog for 200 seconds at Tue May 26 14:26:45 UTC 2020
2 ms. Memory: 51200K Free: 32018K (63%)
ptolemy.util.test.WatchDog.cancel(): canceling Tue May 26 14:26:45 UTC 2020
------------------ testing $PTII/ptolemy/domains/de/test/auto/TimerZeroDelay.xml
auto.tcl: Setting watchdog for 200 seconds at Tue May 26 14:26:45 UTC 2020
2 ms. Memory: 51200K Free: 32889K (64%)
ptolemy.util.test.WatchDog.cancel(): canceling Tue May 26 14:26:45 UTC 2020
auto.tcl: Setting watchdog for 200 seconds at Tue May 26 14:26:45 UTC 2020
2 ms. Memory: 51200K Free: 32061K (63%)
ptolemy.util.test.WatchDog.cancel(): canceling Tue May 26 14:26:45 UTC 2020
------------------ testing $PTII/ptolemy/domains/de/test/auto/TimingParadox.xml
auto.tcl: Setting watchdog for 200 seconds at Tue May 26 14:26:45 UTC 2020
258 ms. Memory: 51200K Free: 19043K (37%)
ptolemy.util.test.WatchDog.cancel(): canceling Tue May 26 14:26:45 UTC 2020
auto.tcl: Setting watchdog for 200 seconds at Tue May 26 14:26:45 UTC 2020
250 ms. Memory: 51200K Free: 33953K (66%)
ptolemy.util.test.WatchDog.cancel(): canceling Tue May 26 14:26:46 UTC 2020
------------------ testing $PTII/ptolemy/domains/de/test/auto/TransferInputs.xml
auto.tcl: Setting watchdog for 200 seconds at Tue May 26 14:26:46 UTC 2020
1 ms. Memory: 51200K Free: 30953K (60%)
ptolemy.util.test.WatchDog.cancel(): canceling Tue May 26 14:26:46 UTC 2020
auto.tcl: Setting watchdog for 200 seconds at Tue May 26 14:26:46 UTC 2020
1 ms. Memory: 51200K Free: 30032K (59%)
ptolemy.util.test.WatchDog.cancel(): canceling Tue May 26 14:26:46 UTC 2020
------------------ testing $PTII/ptolemy/domains/de/test/auto/TransferOutputs2.xml
auto.tcl: Setting watchdog for 200 seconds at Tue May 26 14:26:46 UTC 2020
2 ms. Memory: 51200K Free: 28381K (55%)
ptolemy.util.test.WatchDog.cancel(): canceling Tue May 26 14:26:46 UTC 2020
auto.tcl: Setting watchdog for 200 seconds at Tue May 26 14:26:46 UTC 2020
3 ms. Memory: 51200K Free: 26977K (53%)
ptolemy.util.test.WatchDog.cancel(): canceling Tue May 26 14:26:46 UTC 2020
------------------ testing $PTII/ptolemy/domains/de/test/auto/Trilateration.xml
auto.tcl: Setting watchdog for 200 seconds at Tue May 26 14:26:46 UTC 2020
11743 ms. Memory: 548864K Free: 326167K (59%)
ptolemy.util.test.WatchDog.cancel(): canceling Tue May 26 14:26:59 UTC 2020
auto.tcl: Setting watchdog for 200 seconds at Tue May 26 14:26:59 UTC 2020
8679 ms. Memory: 548864K Free: 296149K (54%)
ptolemy.util.test.WatchDog.cancel(): canceling Tue May 26 14:27:07 UTC 2020
------------------ testing $PTII/ptolemy/domains/de/test/auto/TwoSigmaDelta.xml
auto.tcl: Setting watchdog for 200 seconds at Tue May 26 14:27:07 UTC 2020
2266 ms. Memory: 89088K Free: 14269K (16%)
ptolemy.util.test.WatchDog.cancel(): canceling Tue May 26 14:27:10 UTC 2020
auto.tcl: Setting watchdog for 200 seconds at Tue May 26 14:27:10 UTC 2020
1744 ms. Memory: 89088K Free: 14248K (16%)
ptolemy.util.test.WatchDog.cancel(): canceling Tue May 26 14:27:12 UTC 2020
------------------ testing $PTII/ptolemy/domains/de/test/auto/VariableDelay.xml
auto.tcl: Setting watchdog for 200 seconds at Tue May 26 14:27:12 UTC 2020
3 ms. Memory: 55296K Free: 35519K (64%)
ptolemy.util.test.WatchDog.cancel(): canceling Tue May 26 14:27:12 UTC 2020
auto.tcl: Setting watchdog for 200 seconds at Tue May 26 14:27:12 UTC 2020
2 ms. Memory: 55296K Free: 34525K (62%)
ptolemy.util.test.WatchDog.cancel(): canceling Tue May 26 14:27:12 UTC 2020
------------------ testing $PTII/ptolemy/domains/de/test/auto/VariableDelay2.xml
auto.tcl: Setting watchdog for 200 seconds at Tue May 26 14:27:12 UTC 2020
4 ms. Memory: 55296K Free: 36128K (65%)
ptolemy.util.test.WatchDog.cancel(): canceling Tue May 26 14:27:12 UTC 2020
auto.tcl: Setting watchdog for 200 seconds at Tue May 26 14:27:12 UTC 2020
2 ms. Memory: 55296K Free: 35600K (64%)
ptolemy.util.test.WatchDog.cancel(): canceling Tue May 26 14:27:12 UTC 2020
------------------ testing $PTII/ptolemy/domains/de/test/auto/VariableDelayZeroDelay.xml
auto.tcl: Setting watchdog for 200 seconds at Tue May 26 14:27:12 UTC 2020
2 ms. Memory: 51200K Free: 32365K (63%)
ptolemy.util.test.WatchDog.cancel(): canceling Tue May 26 14:27:12 UTC 2020
auto.tcl: Setting watchdog for 200 seconds at Tue May 26 14:27:12 UTC 2020
2 ms. Memory: 51200K Free: 31824K (62%)
ptolemy.util.test.WatchDog.cancel(): canceling Tue May 26 14:27:12 UTC 2020
------------------ testing $PTII/ptolemy/domains/de/test/auto/VariableDelayZeroDelay2.xml
auto.tcl: Setting watchdog for 200 seconds at Tue May 26 14:27:12 UTC 2020
1 ms. Memory: 51200K Free: 32364K (63%)
ptolemy.util.test.WatchDog.cancel(): canceling Tue May 26 14:27:12 UTC 2020
auto.tcl: Setting watchdog for 200 seconds at Tue May 26 14:27:12 UTC 2020
1 ms. Memory: 51200K Free: 31371K (61%)
ptolemy.util.test.WatchDog.cancel(): canceling Tue May 26 14:27:12 UTC 2020
------------------ testing $PTII/ptolemy/domains/de/test/auto/deInCt.xml
auto.tcl: Setting watchdog for 200 seconds at Tue May 26 14:27:12 UTC 2020
0
1
1
1
0
0
0
1
1
0
0
0
1
1
1
0
0
0
0
0
1
1
1
0
0
0
0
1
1
1
0
0
0
1
1
1
0
0
0
1
1
1
1
0
0
0
0
18 ms. Memory: 51200K Free: 31337K (61%)
ptolemy.util.test.WatchDog.cancel(): canceling Tue May 26 14:27:12 UTC 2020
auto.tcl: Setting watchdog for 200 seconds at Tue May 26 14:27:12 UTC 2020
0
1
1
1
0
0
0
1
1
1
1
0
0
1
1
1
0
0
0
1
1
1
1
1
0
0
0
1
1
1
0
0
0
1
1
1
1
0
0
0
0
7 ms. Memory: 51200K Free: 29789K (58%)
ptolemy.util.test.WatchDog.cancel(): canceling Tue May 26 14:27:12 UTC 2020
------------------ testing $PTII/ptolemy/domains/de/test/auto/deInCt2.xml
auto.tcl: Setting watchdog for 200 seconds at Tue May 26 14:27:12 UTC 2020
0
1
1
1
0
0
1
1
1
0
0
1
1
1
0
0
1
1
1
0
0
1
1
1
0
0
1
1
1
0
0
1
1
1
0
0
1
1
1
0
0
0
6 ms. Memory: 51200K Free: 31382K (61%)
ptolemy.util.test.WatchDog.cancel(): canceling Tue May 26 14:27:12 UTC 2020
auto.tcl: Setting watchdog for 200 seconds at Tue May 26 14:27:12 UTC 2020
0
1
1
1
0
0
1
1
1
0
0
1
1
1
0
0
1
1
1
0
0
1
1
1
0
0
1
1
1
0
0
1
1
1
0
0
1
1
1
0
0
0
6 ms. Memory: 51200K Free: 29785K (58%)
ptolemy.util.test.WatchDog.cancel(): canceling Tue May 26 14:27:12 UTC 2020
------------------ testing $PTII/ptolemy/domains/de/test/auto/dynamicCausalityInterface1.xml
auto.tcl: Setting watchdog for 200 seconds at Tue May 26 14:27:12 UTC 2020
1 ms. Memory: 51200K Free: 26652K (52%)
ptolemy.util.test.WatchDog.cancel(): canceling Tue May 26 14:27:12 UTC 2020
auto.tcl: Setting watchdog for 200 seconds at Tue May 26 14:27:12 UTC 2020
1 ms. Memory: 51200K Free: 26652K (52%)
ptolemy.util.test.WatchDog.cancel(): canceling Tue May 26 14:27:12 UTC 2020
------------------ testing $PTII/ptolemy/domains/de/test/auto/fsm_de_test.xml
auto.tcl: Setting watchdog for 200 seconds at Tue May 26 14:27:12 UTC 2020
12 ms. Memory: 51200K Free: 27243K (53%)
ptolemy.util.test.WatchDog.cancel(): canceling Tue May 26 14:27:12 UTC 2020
auto.tcl: Setting watchdog for 200 seconds at Tue May 26 14:27:12 UTC 2020
12 ms. Memory: 51200K Free: 25087K (49%)
ptolemy.util.test.WatchDog.cancel(): canceling Tue May 26 14:27:12 UTC 2020
------------------ testing $PTII/ptolemy/domains/de/test/auto/functionDependencyReconstruction.xml
auto.tcl: Setting watchdog for 200 seconds at Tue May 26 14:27:12 UTC 2020
2 ms. Memory: 51200K Free: 20980K (41%)
ptolemy.util.test.WatchDog.cancel(): canceling Tue May 26 14:27:12 UTC 2020
auto.tcl: Setting watchdog for 200 seconds at Tue May 26 14:27:12 UTC 2020
2 ms. Memory: 51200K Free: 18955K (37%)
ptolemy.util.test.WatchDog.cancel(): canceling Tue May 26 14:27:12 UTC 2020
------------------ testing $PTII/ptolemy/domains/de/test/auto/multirate.xml
auto.tcl: Setting watchdog for 200 seconds at Tue May 26 14:27:12 UTC 2020
3 ms. Memory: 51200K Free: 29179K (57%)
ptolemy.util.test.WatchDog.cancel(): canceling Tue May 26 14:27:12 UTC 2020
auto.tcl: Setting watchdog for 200 seconds at Tue May 26 14:27:12 UTC 2020
3 ms. Memory: 51200K Free: 28035K (55%)
ptolemy.util.test.WatchDog.cancel(): canceling Tue May 26 14:27:12 UTC 2020
------------------ testing $PTII/ptolemy/domains/de/test/auto/multirate2.xml
auto.tcl: Setting watchdog for 200 seconds at Tue May 26 14:27:12 UTC 2020
3 ms. Memory: 51200K Free: 29929K (58%)
ptolemy.util.test.WatchDog.cancel(): canceling Tue May 26 14:27:12 UTC 2020
auto.tcl: Setting watchdog for 200 seconds at Tue May 26 14:27:12 UTC 2020
3 ms. Memory: 51200K Free: 28210K (55%)
ptolemy.util.test.WatchDog.cancel(): canceling Tue May 26 14:27:12 UTC 2020
------------------ testing $PTII/ptolemy/domains/de/test/auto/realtime.xml
auto.tcl: Setting watchdog for 200 seconds at Tue May 26 14:27:12 UTC 2020
10003 ms. Memory: 51200K Free: 31994K (62%)
ptolemy.util.test.WatchDog.cancel(): canceling Tue May 26 14:27:22 UTC 2020
auto.tcl: Setting watchdog for 200 seconds at Tue May 26 14:27:22 UTC 2020
10001 ms. Memory: 51200K Free: 31281K (61%)
ptolemy.util.test.WatchDog.cancel(): canceling Tue May 26 14:27:32 UTC 2020
------------------ testing $PTII/ptolemy/domains/de/test/auto/relationGroup.xml
auto.tcl: Setting watchdog for 200 seconds at Tue May 26 14:27:32 UTC 2020
4 ms. Memory: 51200K Free: 33066K (65%)
ptolemy.util.test.WatchDog.cancel(): canceling Tue May 26 14:27:32 UTC 2020
auto.tcl: Setting watchdog for 200 seconds at Tue May 26 14:27:32 UTC 2020
2 ms. Memory: 51200K Free: 32331K (63%)
ptolemy.util.test.WatchDog.cancel(): canceling Tue May 26 14:27:32 UTC 2020
------------------ testing $PTII/ptolemy/domains/de/test/auto/relationGroup2.xml
auto.tcl: Setting watchdog for 200 seconds at Tue May 26 14:27:32 UTC 2020
2 ms. Memory: 51200K Free: 33122K (65%)
ptolemy.util.test.WatchDog.cancel(): canceling Tue May 26 14:27:32 UTC 2020
auto.tcl: Setting watchdog for 200 seconds at Tue May 26 14:27:32 UTC 2020
1 ms. Memory: 51200K Free: 32620K (64%)
ptolemy.util.test.WatchDog.cancel(): canceling Tue May 26 14:27:32 UTC 2020
------------------ testing $PTII/ptolemy/domains/de/test/auto/sortWithOpaquePorts.xml
auto.tcl: Setting watchdog for 200 seconds at Tue May 26 14:27:32 UTC 2020
1 ms. Memory: 51200K Free: 31860K (62%)
ptolemy.util.test.WatchDog.cancel(): canceling Tue May 26 14:27:32 UTC 2020
auto.tcl: Setting watchdog for 200 seconds at Tue May 26 14:27:32 UTC 2020
3 ms. Memory: 51200K Free: 30837K (60%)
ptolemy.util.test.WatchDog.cancel(): canceling Tue May 26 14:27:32 UTC 2020
------------------ testing $PTII/ptolemy/domains/de/test/auto/transferInputsandOutputs.xml
auto.tcl: Setting watchdog for 200 seconds at Tue May 26 14:27:33 UTC 2020
4 ms. Memory: 51200K Free: 29303K (57%)
ptolemy.util.test.WatchDog.cancel(): canceling Tue May 26 14:27:33 UTC 2020
auto.tcl: Setting watchdog for 200 seconds at Tue May 26 14:27:33 UTC 2020
3 ms. Memory: 51200K Free: 28279K (55%)
ptolemy.util.test.WatchDog.cancel(): canceling Tue May 26 14:27:33 UTC 2020
------------------ testing $PTII/ptolemy/domains/de/test/auto/triggerType.xml
auto.tcl: Setting watchdog for 200 seconds at Tue May 26 14:27:33 UTC 2020
1 ms. Memory: 51200K Free: 32328K (63%)
ptolemy.util.test.WatchDog.cancel(): canceling Tue May 26 14:27:33 UTC 2020
auto.tcl: Setting watchdog for 200 seconds at Tue May 26 14:27:33 UTC 2020
1 ms. Memory: 51200K Free: 31304K (61%)
ptolemy.util.test.WatchDog.cancel(): canceling Tue May 26 14:27:33 UTC 2020
05/26/20 02:27:33
Failed: 0  Total Tests: 192  ((Passed: 187, Newly Passed: 1)  Known Failed: 5) /home/travis/build/icyphy/ptII/ptolemy/domains/de/test
05/26/20 02:27:33
Failed: 0  Total Tests: 192  ((Passed: 187, Newly Passed: 1)  Known Failed: 5) /home/travis/build/icyphy/ptII/ptolemy/domains/de/test
----------------- testing (KnownFailure) /home/travis/build/icyphy/ptII/ptolemy/domains/de/test/auto/knownFailedTests/DESDFClockTest.xml
2016 ms. Memory: 51200K Free: 25213K (49%)
Known Failure: java.lang.reflect.InvocationTargetException
----------------- testing (KnownFailure) /home/travis/build/icyphy/ptII/ptolemy/domains/de/test/auto/knownFailedTests/DirectFeedback.xml
2 ms. Memory: 51200K Free: 21627K (42%)
Known Failure: java.lang.reflect.InvocationTargetException
----------------- testing (KnownFailure) /home/travis/build/icyphy/ptII/ptolemy/domains/de/test/auto/knownFailedTests/FSMSource.xml
14 ms. Memory: 51200K Free: 13405K (26%)
----------------- testing (KnownFailure) /home/travis/build/icyphy/ptII/ptolemy/domains/de/test/auto/knownFailedTests/HierarchicalModel.xml
3 ms. Memory: 51200K Free: 26424K (52%)
Known Failure: java.lang.reflect.InvocationTargetException
----------------- testing (KnownFailure) /home/travis/build/icyphy/ptII/ptolemy/domains/de/test/auto/knownFailedTests/dependencyLoop.xml
1 ms. Memory: 51200K Free: 11488K (22%)
Known Failure: java.lang.reflect.InvocationTargetException
----------------- testing (KnownFailure) /home/travis/build/icyphy/ptII/ptolemy/domains/de/test/auto/knownFailedTests/dependencyLoop2.xml
6 ms. Memory: 51200K Free: 24990K (49%)
Known Failure: java.lang.reflect.InvocationTargetException
No auto/linux-amd64/*.xml tests in /home/travis/build/icyphy/ptII/ptolemy/domains/de/test
AutoTests.java: About to close Vertx.
AutoTests.java: Vertx closed.

===========================================================================================
----------------- testing Tue May 26 14:27:35 UTC 2020 /home/travis/build/icyphy/ptII/ptolemy/domains/de/test/auto/ActorDepthCalculation_actorWithoutPorts.xml
----------------- Instantiating /home/travis/build/icyphy/ptII/ptolemy/domains/de/test/auto/ActorDepthCalculation_actorWithoutPorts.xml
1 ms. Memory: 51200K Free: 18173K (35%)
----------------- Invoking toplevel() on ptolemy.moml.MoMLSimpleApplication@541cd17b
----------------- Done invoking toplevel() on ptolemy.moml.MoMLSimpleApplication@541cd17b
reloadAllAccessors: .ActorDepthCalculation_actorWithoutPorts

===========================================================================================
----------------- testing Tue May 26 14:27:35 UTC 2020 /home/travis/build/icyphy/ptII/ptolemy/domains/de/test/auto/AssemblyLine.xml
----------------- Instantiating /home/travis/build/icyphy/ptII/ptolemy/domains/de/test/auto/AssemblyLine.xml
3 ms. Memory: 51200K Free: 11308K (22%)
----------------- Invoking toplevel() on ptolemy.moml.MoMLSimpleApplication@e7fa92a
----------------- Done invoking toplevel() on ptolemy.moml.MoMLSimpleApplication@e7fa92a
reloadAllAccessors: .AssemblyLine

===========================================================================================
----------------- testing Tue May 26 14:27:35 UTC 2020 /home/travis/build/icyphy/ptII/ptolemy/domains/de/test/auto/CQBug1.xml
----------------- Instantiating /home/travis/build/icyphy/ptII/ptolemy/domains/de/test/auto/CQBug1.xml
1 ms. Memory: 51200K Free: 8343K (16%)
----------------- Invoking toplevel() on ptolemy.moml.MoMLSimpleApplication@5af4269d
----------------- Done invoking toplevel() on ptolemy.moml.MoMLSimpleApplication@5af4269d
reloadAllAccessors: .CQBug1

===========================================================================================
----------------- testing Tue May 26 14:27:35 UTC 2020 /home/travis/build/icyphy/ptII/ptolemy/domains/de/test/auto/CancelFireAt.xml
----------------- Instantiating /home/travis/build/icyphy/ptII/ptolemy/domains/de/test/auto/CancelFireAt.xml
1 ms. Memory: 51200K Free: 34731K (68%)
----------------- Invoking toplevel() on ptolemy.moml.MoMLSimpleApplication@3c160055
----------------- Done invoking toplevel() on ptolemy.moml.MoMLSimpleApplication@3c160055
reloadAllAccessors: .CancelFireAt

===========================================================================================
----------------- testing Tue May 26 14:27:35 UTC 2020 /home/travis/build/icyphy/ptII/ptolemy/domains/de/test/auto/CausalityAndComposabilityAnalysis.xml
----------------- Instantiating /home/travis/build/icyphy/ptII/ptolemy/domains/de/test/auto/CausalityAndComposabilityAnalysis.xml
1 ms. Memory: 51200K Free: 30380K (59%)
----------------- Invoking toplevel() on ptolemy.moml.MoMLSimpleApplication@7374e9bc
----------------- Done invoking toplevel() on ptolemy.moml.MoMLSimpleApplication@7374e9bc
reloadAllAccessors: .CausalityAndComposabilityAnalysis

===========================================================================================
----------------- testing Tue May 26 14:27:35 UTC 2020 /home/travis/build/icyphy/ptII/ptolemy/domains/de/test/auto/CausalityInterface1.xml
----------------- Instantiating /home/travis/build/icyphy/ptII/ptolemy/domains/de/test/auto/CausalityInterface1.xml
5 ms. Memory: 51200K Free: 25268K (49%)
----------------- Invoking toplevel() on ptolemy.moml.MoMLSimpleApplication@6acfa111
----------------- Done invoking toplevel() on ptolemy.moml.MoMLSimpleApplication@6acfa111
reloadAllAccessors: .CausalityInterface1

===========================================================================================
----------------- testing Tue May 26 14:27:35 UTC 2020 /home/travis/build/icyphy/ptII/ptolemy/domains/de/test/auto/CausalityInterface15.xml
----------------- Instantiating /home/travis/build/icyphy/ptII/ptolemy/domains/de/test/auto/CausalityInterface15.xml
1 ms. Memory: 51200K Free: 19821K (39%)
----------------- Invoking toplevel() on ptolemy.moml.MoMLSimpleApplication@7709d530
----------------- Done invoking toplevel() on ptolemy.moml.MoMLSimpleApplication@7709d530
reloadAllAccessors: .CausalityInterface15

===========================================================================================
----------------- testing Tue May 26 14:27:35 UTC 2020 /home/travis/build/icyphy/ptII/ptolemy/domains/de/test/auto/CausalityInterface2.xml
----------------- Instantiating /home/travis/build/icyphy/ptII/ptolemy/domains/de/test/auto/CausalityInterface2.xml
3 ms. Memory: 51200K Free: 15331K (30%)
[...]
	at ptolemy.actor.Manager.run(Manager.java:1263)
	at ptolemy.actor.Manager$PtolemyRunThread.run(Manager.java:1933)
java.lang.RuntimeException: Execution failed
	at ptolemy.moml.MoMLSimpleApplication$UnloadThread.run(MoMLSimpleApplication.java:402)
Caused by: ptolemy.kernel.util.IllegalActionException: Actor is not ready to fire.  Perhaps UpSample.prefire() returned false? Try debugging the actor by selecting "Listen to Actor".  Also, for SDF check moml for tokenConsumptionRate on input.
  in .DESDFClockTest.Play Bell.Copy1:SDF Director and .DESDFClockTest.Play Bell.UpSample
	at ptolemy.actor.sched.StaticSchedulingDirector.fire(StaticSchedulingDirector.java:227)
	at ptolemy.domains.sdf.kernel.SDFDirector.fire(SDFDirector.java:500)
	at ptolemy.actor.CompositeActor.fire(CompositeActor.java:455)
	at ptolemy.domains.de.kernel.DEDirector._fire(DEDirector.java:1949)
	at ptolemy.domains.de.kernel.DEDirector.fire(DEDirector.java:502)
	at ptolemy.actor.CompositeActor.fire(CompositeActor.java:455)
	at ptolemy.actor.Manager.iterate(Manager.java:851)
	at ptolemy.actor.Manager.execute(Manager.java:369)
	at ptolemy.actor.Manager.run(Manager.java:1263)
	at ptolemy.actor.Manager$PtolemyRunThread.run(Manager.java:1933)
java.lang.reflect.InvocationTargetException
	at java.base/jdk.internal.reflect.NativeConstructorAccessorImpl.newInstance0(Native Method)
	at java.base/jdk.internal.reflect.NativeConstructorAccessorImpl.newInstance(NativeConstructorAccessorImpl.java:62)
	at java.base/jdk.internal.reflect.DelegatingConstructorAccessorImpl.newInstance(DelegatingConstructorAccessorImpl.java:45)
	at java.base/java.lang.reflect.Constructor.newInstance(Constructor.java:490)
	at ptolemy.util.test.junit.AutoKnownFailedTests.RunModel(AutoKnownFailedTests.java:105)
	at java.base/jdk.internal.reflect.NativeMethodAccessorImpl.invoke0(Native Method)
	at java.base/jdk.internal.reflect.NativeMethodAccessorImpl.invoke(NativeMethodAccessorImpl.java:62)
	at java.base/jdk.internal.reflect.DelegatingMethodAccessorImpl.invoke(DelegatingMethodAccessorImpl.java:43)
	at java.base/java.lang.reflect.Method.invoke(Method.java:566)
	at org.junit.runners.model.FrameworkMethod$1.runReflectiveCall(FrameworkMethod.java:44)
	at org.junit.internal.runners.model.ReflectiveCallable.run(ReflectiveCallable.java:15)
	at org.junit.runners.model.FrameworkMethod.invokeExplosively(FrameworkMethod.java:41)
	at junitparams.internal.InvokeParameterisedMethod.evaluate(InvokeParameterisedMethod.java:102)
	at org.junit.internal.runners.statements.FailOnTimeout$1.run(FailOnTimeout.java:28)
Caused by: ptolemy.kernel.util.IllegalActionException: Actor is not ready to fire.  Perhaps UpSample.prefire() returned false? Try debugging the actor by selecting "Listen to Actor".  Also, for SDF check moml for tokenConsumptionRate on input.
  in .DESDFClockTest.Play Bell.Copy1:SDF Director and .DESDFClockTest.Play Bell.UpSample
	at ptolemy.actor.sched.StaticSchedulingDirector.fire(StaticSchedulingDirector.java:227)
	at ptolemy.domains.sdf.kernel.SDFDirector.fire(SDFDirector.java:500)
	at ptolemy.actor.CompositeActor.fire(CompositeActor.java:455)
	at ptolemy.domains.de.kernel.DEDirector._fire(DEDirector.java:1949)
	at ptolemy.domains.de.kernel.DEDirector.fire(DEDirector.java:502)
	at ptolemy.actor.CompositeActor.fire(CompositeActor.java:455)
	at ptolemy.actor.Manager.iterate(Manager.java:851)
	at ptolemy.actor.Manager.execute(Manager.java:369)
	at ptolemy.actor.Manager.run(Manager.java:1263)
	at ptolemy.actor.Manager$PtolemyRunThread.run(Manager.java:1933)
java.lang.RuntimeException: Execution failed
	at ptolemy.moml.MoMLSimpleApplication$UnloadThread.run(MoMLSimpleApplication.java:402)
Caused by: ptolemy.kernel.util.IllegalActionException: Test fails in iteration 1.
Value was: 1.0. Should have been: 2.0
  in .DirectFeedback.Test
	at ptolemy.actor.lib.Test.fire(Test.java:268)
	at ptolemy.domains.de.kernel.DEDirector._fire(DEDirector.java:1949)
	at ptolemy.domains.de.kernel.DEDirector.fire(DEDirector.java:502)
	at ptolemy.actor.CompositeActor.fire(CompositeActor.java:455)
	at ptolemy.actor.Manager.iterate(Manager.java:851)
	at ptolemy.actor.Manager.execute(Manager.java:369)
	at ptolemy.actor.Manager.run(Manager.java:1263)
	at ptolemy.actor.Manager$PtolemyRunThread.run(Manager.java:1933)
java.lang.reflect.InvocationTargetException
	at java.base/jdk.internal.reflect.NativeConstructorAccessorImpl.newInstance0(Native Method)
	at java.base/jdk.internal.reflect.NativeConstructorAccessorImpl.newInstance(NativeConstructorAccessorImpl.java:62)
	at java.base/jdk.internal.reflect.DelegatingConstructorAccessorImpl.newInstance(DelegatingConstructorAccessorImpl.java:45)
	at java.base/java.lang.reflect.Constructor.newInstance(Constructor.java:490)
	at ptolemy.util.test.junit.AutoKnownFailedTests.RunModel(AutoKnownFailedTests.java:105)
	at java.base/jdk.internal.reflect.NativeMethodAccessorImpl.invoke0(Native Method)
	at java.base/jdk.internal.reflect.NativeMethodAccessorImpl.invoke(NativeMethodAccessorImpl.java:62)
	at java.base/jdk.internal.reflect.DelegatingMethodAccessorImpl.invoke(DelegatingMethodAccessorImpl.java:43)
	at java.base/java.lang.reflect.Method.invoke(Method.java:566)
	at org.junit.runners.model.FrameworkMethod$1.runReflectiveCall(FrameworkMethod.java:44)
	at org.junit.internal.runners.model.ReflectiveCallable.run(ReflectiveCallable.java:15)
	at org.junit.runners.model.FrameworkMethod.invokeExplosively(FrameworkMethod.java:41)
	at junitparams.internal.InvokeParameterisedMethod.evaluate(InvokeParameterisedMethod.java:102)
	at org.junit.internal.runners.statements.FailOnTimeout$1.run(FailOnTimeout.java:28)
Caused by: ptolemy.kernel.util.IllegalActionException: Test fails in iteration 1.
Value was: 1.0. Should have been: 2.0
  in .DirectFeedback.Test
	at ptolemy.actor.lib.Test.fire(Test.java:268)
	at ptolemy.domains.de.kernel.DEDirector._fire(DEDirector.java:1949)
	at ptolemy.domains.de.kernel.DEDirector.fire(DEDirector.java:502)
	at ptolemy.actor.CompositeActor.fire(CompositeActor.java:455)
	at ptolemy.actor.Manager.iterate(Manager.java:851)
	at ptolemy.actor.Manager.execute(Manager.java:369)
	at ptolemy.actor.Manager.run(Manager.java:1263)
	at ptolemy.actor.Manager$PtolemyRunThread.run(Manager.java:1933)
java.lang.RuntimeException: Execution failed
	at ptolemy.moml.MoMLSimpleApplication$UnloadThread.run(MoMLSimpleApplication.java:402)
Caused by: ptolemy.kernel.util.IllegalActionException: Found a zero delay loop containing .HierarchicalModel.A
  in .HierarchicalModel and .HierarchicalModel.A
	at ptolemy.actor.util.CausalityInterfaceForComposites._computeOutputPortDepth(CausalityInterfaceForComposites.java:759)
	at ptolemy.actor.util.CausalityInterfaceForComposites._computeInputDepth(CausalityInterfaceForComposites.java:696)
	at ptolemy.actor.util.CausalityInterfaceForComposites._computeOutputPortDepth(CausalityInterfaceForComposites.java:765)
	at ptolemy.actor.util.CausalityInterfaceForComposites._computeInputDepth(CausalityInterfaceForComposites.java:696)
	at ptolemy.actor.util.CausalityInterfaceForComposites._computeOutputPortDepth(CausalityInterfaceForComposites.java:765)
	at ptolemy.actor.util.CausalityInterfaceForComposites._computeInputDepth(CausalityInterfaceForComposites.java:696)
	at ptolemy.actor.util.CausalityInterfaceForComposites._computeActorDepth(CausalityInterfaceForComposites.java:532)
	at ptolemy.actor.util.CausalityInterfaceForComposites.checkForCycles(CausalityInterfaceForComposites.java:96)
	at ptolemy.domains.de.kernel.DEDirector.preinitialize(DEDirector.java:1338)
	at ptolemy.actor.CompositeActor.preinitialize(CompositeActor.java:1828)
	at ptolemy.actor.Manager.preinitializeAndResolveTypes(Manager.java:1040)
	at ptolemy.actor.Manager.initialize(Manager.java:710)
	at ptolemy.actor.Manager.execute(Manager.java:356)
	at ptolemy.actor.Manager.run(Manager.java:1263)
	at ptolemy.actor.Manager$PtolemyRunThread.run(Manager.java:1933)
java.lang.reflect.InvocationTargetException
	at java.base/jdk.internal.reflect.NativeConstructorAccessorImpl.newInstance0(Native Method)
	at java.base/jdk.internal.reflect.NativeConstructorAccessorImpl.newInstance(NativeConstructorAccessorImpl.java:62)
	at java.base/jdk.internal.reflect.DelegatingConstructorAccessorImpl.newInstance(DelegatingConstructorAccessorImpl.java:45)
	at java.base/java.lang.reflect.Constructor.newInstance(Constructor.java:490)
	at ptolemy.util.test.junit.AutoKnownFailedTests.RunModel(AutoKnownFailedTests.java:105)
	at java.base/jdk.internal.reflect.NativeMethodAccessorImpl.invoke0(Native Method)
	at java.base/jdk.internal.reflect.NativeMethodAccessorImpl.invoke(NativeMethodAccessorImpl.java:62)
	at java.base/jdk.internal.reflect.DelegatingMethodAccessorImpl.invoke(DelegatingMethodAccessorImpl.java:43)
	at java.base/java.lang.reflect.Method.invoke(Method.java:566)
	at org.junit.runners.model.FrameworkMethod$1.runReflectiveCall(FrameworkMethod.java:44)
	at org.junit.internal.runners.model.ReflectiveCallable.run(ReflectiveCallable.java:15)
	at org.junit.runners.model.FrameworkMethod.invokeExplosively(FrameworkMethod.java:41)
	at junitparams.internal.InvokeParameterisedMethod.evaluate(InvokeParameterisedMethod.java:102)
	at org.junit.internal.runners.statements.FailOnTimeout$1.run(FailOnTimeout.java:28)
Caused by: ptolemy.kernel.util.IllegalActionException: Found a zero delay loop containing .HierarchicalModel.A
  in .HierarchicalModel and .HierarchicalModel.A
	at ptolemy.actor.util.CausalityInterfaceForComposites._computeOutputPortDepth(CausalityInterfaceForComposites.java:759)
	at ptolemy.actor.util.CausalityInterfaceForComposites._computeInputDepth(CausalityInterfaceForComposites.java:696)
	at ptolemy.actor.util.CausalityInterfaceForComposites._computeOutputPortDepth(CausalityInterfaceForComposites.java:765)
	at ptolemy.actor.util.CausalityInterfaceForComposites._computeInputDepth(CausalityInterfaceForComposites.java:696)
	at ptolemy.actor.util.CausalityInterfaceForComposites._computeOutputPortDepth(CausalityInterfaceForComposites.java:765)
	at ptolemy.actor.util.CausalityInterfaceForComposites._computeInputDepth(CausalityInterfaceForComposites.java:696)
	at ptolemy.actor.util.CausalityInterfaceForComposites._computeActorDepth(CausalityInterfaceForComposites.java:532)
	at ptolemy.actor.util.CausalityInterfaceForComposites.checkForCycles(CausalityInterfaceForComposites.java:96)
	at ptolemy.domains.de.kernel.DEDirector.preinitialize(DEDirector.java:1338)
	at ptolemy.actor.CompositeActor.preinitialize(CompositeActor.java:1828)
	at ptolemy.actor.Manager.preinitializeAndResolveTypes(Manager.java:1040)
	at ptolemy.actor.Manager.initialize(Manager.java:710)
	at ptolemy.actor.Manager.execute(Manager.java:356)
	at ptolemy.actor.Manager.run(Manager.java:1263)
	at ptolemy.actor.Manager$PtolemyRunThread.run(Manager.java:1933)
java.lang.RuntimeException: Execution failed
	at ptolemy.moml.MoMLSimpleApplication$UnloadThread.run(MoMLSimpleApplication.java:402)
Caused by: ptolemy.kernel.util.IllegalActionException: Found a zero delay loop containing .dependencyLoop.original
  in .dependencyLoop and .dependencyLoop.original
	at ptolemy.actor.util.CausalityInterfaceForComposites._computeOutputPortDepth(CausalityInterfaceForComposites.java:759)
	at ptolemy.actor.util.CausalityInterfaceForComposites._computeInputDepth(CausalityInterfaceForComposites.java:696)
	at ptolemy.actor.util.CausalityInterfaceForComposites._computeOutputPortDepth(CausalityInterfaceForComposites.java:765)
	at ptolemy.actor.util.CausalityInterfaceForComposites._computeInputDepth(CausalityInterfaceForComposites.java:696)
	at ptolemy.actor.util.CausalityInterfaceForComposites._computeOutputPortDepth(CausalityInterfaceForComposites.java:765)
	at ptolemy.actor.util.CausalityInterfaceForComposites._computeInputDepth(CausalityInterfaceForComposites.java:696)
	at ptolemy.actor.util.CausalityInterfaceForComposites._computeActorDepth(CausalityInterfaceForComposites.java:532)
	at ptolemy.actor.util.CausalityInterfaceForComposites.checkForCycles(CausalityInterfaceForComposites.java:96)
	at ptolemy.domains.de.kernel.DEDirector.preinitialize(DEDirector.java:1338)
	at ptolemy.actor.CompositeActor.preinitialize(CompositeActor.java:1828)
	at ptolemy.actor.Manager.preinitializeAndResolveTypes(Manager.java:1040)
	at ptolemy.actor.Manager.initialize(Manager.java:710)
	at ptolemy.actor.Manager.execute(Manager.java:356)
	at ptolemy.actor.Manager.run(Manager.java:1263)
	at ptolemy.actor.Manager$PtolemyRunThread.run(Manager.java:1933)
java.lang.reflect.InvocationTargetException
	at java.base/jdk.internal.reflect.NativeConstructorAccessorImpl.newInstance0(Native Method)
	at java.base/jdk.internal.reflect.NativeConstructorAccessorImpl.newInstance(NativeConstructorAccessorImpl.java:62)
	at java.base/jdk.internal.reflect.DelegatingConstructorAccessorImpl.newInstance(DelegatingConstructorAccessorImpl.java:45)
	at java.base/java.lang.reflect.Constructor.newInstance(Constructor.java:490)
	at ptolemy.util.test.junit.AutoKnownFailedTests.RunModel(AutoKnownFailedTests.java:105)
	at java.base/jdk.internal.reflect.NativeMethodAccessorImpl.invoke0(Native Method)
	at java.base/jdk.internal.reflect.NativeMethodAccessorImpl.invoke(NativeMethodAccessorImpl.java:62)
	at java.base/jdk.internal.reflect.DelegatingMethodAccessorImpl.invoke(DelegatingMethodAccessorImpl.java:43)
	at java.base/java.lang.reflect.Method.invoke(Method.java:566)
	at org.junit.runners.model.FrameworkMethod$1.runReflectiveCall(FrameworkMethod.java:44)
	at org.junit.internal.runners.model.ReflectiveCallable.run(ReflectiveCallable.java:15)
	at org.junit.runners.model.FrameworkMethod.invokeExplosively(FrameworkMethod.java:41)
	at junitparams.internal.InvokeParameterisedMethod.evaluate(InvokeParameterisedMethod.java:102)
	at org.junit.internal.runners.statements.FailOnTimeout$1.run(FailOnTimeout.java:28)
Caused by: ptolemy.kernel.util.IllegalActionException: Found a zero delay loop containing .dependencyLoop.original
  in .dependencyLoop and .dependencyLoop.original
	at ptolemy.actor.util.CausalityInterfaceForComposites._computeOutputPortDepth(CausalityInterfaceForComposites.java:759)
	at ptolemy.actor.util.CausalityInterfaceForComposites._computeInputDepth(CausalityInterfaceForComposites.java:696)
	at ptolemy.actor.util.CausalityInterfaceForComposites._computeOutputPortDepth(CausalityInterfaceForComposites.java:765)
	at ptolemy.actor.util.CausalityInterfaceForComposites._computeInputDepth(CausalityInterfaceForComposites.java:696)
	at ptolemy.actor.util.CausalityInterfaceForComposites._computeOutputPortDepth(CausalityInterfaceForComposites.java:765)
	at ptolemy.actor.util.CausalityInterfaceForComposites._computeInputDepth(CausalityInterfaceForComposites.java:696)
	at ptolemy.actor.util.CausalityInterfaceForComposites._computeActorDepth(CausalityInterfaceForComposites.java:532)
	at ptolemy.actor.util.CausalityInterfaceForComposites.checkForCycles(CausalityInterfaceForComposites.java:96)
	at ptolemy.domains.de.kernel.DEDirector.preinitialize(DEDirector.java:1338)
	at ptolemy.actor.CompositeActor.preinitialize(CompositeActor.java:1828)
	at ptolemy.actor.Manager.preinitializeAndResolveTypes(Manager.java:1040)
	at ptolemy.actor.Manager.initialize(Manager.java:710)
	at ptolemy.actor.Manager.execute(Manager.java:356)
	at ptolemy.actor.Manager.run(Manager.java:1263)
	at ptolemy.actor.Manager$PtolemyRunThread.run(Manager.java:1933)
java.lang.RuntimeException: Execution failed
	at ptolemy.moml.MoMLSimpleApplication$UnloadThread.run(MoMLSimpleApplication.java:402)
Caused by: ptolemy.kernel.util.IllegalActionException: Found a zero delay loop containing .dependencyLoop2.original
  in .dependencyLoop2 and .dependencyLoop2.original
	at ptolemy.actor.util.CausalityInterfaceForComposites._computeOutputPortDepth(CausalityInterfaceForComposites.java:759)
	at ptolemy.actor.util.CausalityInterfaceForComposites._computeInputDepth(CausalityInterfaceForComposites.java:696)
	at ptolemy.actor.util.CausalityInterfaceForComposites._computeOutputPortDepth(CausalityInterfaceForComposites.java:765)
	at ptolemy.actor.util.CausalityInterfaceForComposites._computeInputDepth(CausalityInterfaceForComposites.java:696)
	at ptolemy.actor.util.CausalityInterfaceForComposites._computeOutputPortDepth(CausalityInterfaceForComposites.java:765)
	at ptolemy.actor.util.CausalityInterfaceForComposites._computeInputDepth(CausalityInterfaceForComposites.java:696)
	at ptolemy.actor.util.CausalityInterfaceForComposites._computeActorDepth(CausalityInterfaceForComposites.java:532)
	at ptolemy.actor.util.CausalityInterfaceForComposites.checkForCycles(CausalityInterfaceForComposites.java:96)
	at ptolemy.domains.de.kernel.DEDirector.preinitialize(DEDirector.java:1338)
	at ptolemy.actor.CompositeActor.preinitialize(CompositeActor.java:1828)
	at ptolemy.actor.Manager.preinitializeAndResolveTypes(Manager.java:1040)
	at ptolemy.actor.Manager.initialize(Manager.java:710)
	at ptolemy.actor.Manager.execute(Manager.java:356)
	at ptolemy.actor.Manager.run(Manager.java:1263)
	at ptolemy.actor.Manager$PtolemyRunThread.run(Manager.java:1933)
java.lang.reflect.InvocationTargetException
	at java.base/jdk.internal.reflect.NativeConstructorAccessorImpl.newInstance0(Native Method)
	at java.base/jdk.internal.reflect.NativeConstructorAccessorImpl.newInstance(NativeConstructorAccessorImpl.java:62)
	at java.base/jdk.internal.reflect.DelegatingConstructorAccessorImpl.newInstance(DelegatingConstructorAccessorImpl.java:45)
	at java.base/java.lang.reflect.Constructor.newInstance(Constructor.java:490)
	at ptolemy.util.test.junit.AutoKnownFailedTests.RunModel(AutoKnownFailedTests.java:105)
	at java.base/jdk.internal.reflect.NativeMethodAccessorImpl.invoke0(Native Method)
	at java.base/jdk.internal.reflect.NativeMethodAccessorImpl.invoke(NativeMethodAccessorImpl.java:62)
	at java.base/jdk.internal.reflect.DelegatingMethodAccessorImpl.invoke(DelegatingMethodAccessorImpl.java:43)
	at java.base/java.lang.reflect.Method.invoke(Method.java:566)
	at org.junit.runners.model.FrameworkMethod$1.runReflectiveCall(FrameworkMethod.java:44)
	at org.junit.internal.runners.model.ReflectiveCallable.run(ReflectiveCallable.java:15)
	at org.junit.runners.model.FrameworkMethod.invokeExplosively(FrameworkMethod.java:41)
	at junitparams.internal.InvokeParameterisedMethod.evaluate(InvokeParameterisedMethod.java:102)
	at org.junit.internal.runners.statements.FailOnTimeout$1.run(FailOnTimeout.java:28)
Caused by: ptolemy.kernel.util.IllegalActionException: Found a zero delay loop containing .dependencyLoop2.original
  in .dependencyLoop2 and .dependencyLoop2.original
	at ptolemy.actor.util.CausalityInterfaceForComposites._computeOutputPortDepth(CausalityInterfaceForComposites.java:759)
	at ptolemy.actor.util.CausalityInterfaceForComposites._computeInputDepth(CausalityInterfaceForComposites.java:696)
	at ptolemy.actor.util.CausalityInterfaceForComposites._computeOutputPortDepth(CausalityInterfaceForComposites.java:765)
	at ptolemy.actor.util.CausalityInterfaceForComposites._computeInputDepth(CausalityInterfaceForComposites.java:696)
	at ptolemy.actor.util.CausalityInterfaceForComposites._computeOutputPortDepth(CausalityInterfaceForComposites.java:765)
	at ptolemy.actor.util.CausalityInterfaceForComposites._computeInputDepth(CausalityInterfaceForComposites.java:696)
	at ptolemy.actor.util.CausalityInterfaceForComposites._computeActorDepth(CausalityInterfaceForComposites.java:532)
	at ptolemy.actor.util.CausalityInterfaceForComposites.checkForCycles(CausalityInterfaceForComposites.java:96)
	at ptolemy.domains.de.kernel.DEDirector.preinitialize(DEDirector.java:1338)
	at ptolemy.actor.CompositeActor.preinitialize(CompositeActor.java:1828)
	at ptolemy.actor.Manager.preinitializeAndResolveTypes(Manager.java:1040)
	at ptolemy.actor.Manager.initialize(Manager.java:710)
	at ptolemy.actor.Manager.execute(Manager.java:356)
	at ptolemy.actor.Manager.run(Manager.java:1263)
	at ptolemy.actor.Manager$PtolemyRunThread.run(Manager.java:1933)
]]></system-err>
</testsuite>
