<?xml version="1.0" encoding="UTF-8" ?>
<testsuite errors="0" failures="0" hostname="travis-job-faab0f7b-0cb0-400b-84da-474cdf1375f4" name="ptolemy.domains.continuous.test.junit.JUnitTclTest" skipped="0" tests="156" time="69.808" timestamp="2019-12-28T06:29:48">
  <properties>
[...]
</properties>
  <testcase classname="ptolemy.util.test.junit.TclTests" name="[0] ThereAreNoTclTests (RunTclFile)" time="0.008" />
  <testcase classname="ptolemy.util.test.junit.AutoKnownFailedTests" name="[0] ThereAreNoKnowFailedTests (RunModel)" time="0.002" />
  <testcase classname="ptolemy.util.test.junit.AutoNameArchTests" name="[0] ThereAreNoAutoArchTests (RunModel)" time="0.012" />
  <testcase classname="ptolemy.util.test.junit.AutoTests" name="[0] /home/travis/build/icyphy/ptII/ptolemy/domains/continuous/test/auto/BouncingBall.xml (RunModel)" time="2.968" />
  <testcase classname="ptolemy.util.test.junit.AutoTests" name="[1] /home/travis/build/icyphy/ptII/ptolemy/domains/continuous/test/auto/BouncingBallWithoutGR.xml (RunModel)" time="0.887" />
  <testcase classname="ptolemy.util.test.junit.AutoTests" name="[2] /home/travis/build/icyphy/ptII/ptolemy/domains/continuous/test/auto/Brownian.xml (RunModel)" time="0.113" />
  <testcase classname="ptolemy.util.test.junit.AutoTests" name="[3] /home/travis/build/icyphy/ptII/ptolemy/domains/continuous/test/auto/CarTracking.xml (RunModel)" time="3.939" />
  <testcase classname="ptolemy.util.test.junit.AutoTests" name="[4] /home/travis/build/icyphy/ptII/ptolemy/domains/continuous/test/auto/CartPendulum.xml (RunModel)" time="0.495" />
  <testcase classname="ptolemy.util.test.junit.AutoTests" name="[5] /home/travis/build/icyphy/ptII/ptolemy/domains/continuous/test/auto/CausalityInterface10.xml (RunModel)" time="0.054" />
  <testcase classname="ptolemy.util.test.junit.AutoTests" name="[6] /home/travis/build/icyphy/ptII/ptolemy/domains/continuous/test/auto/CausalityInterface11.xml (RunModel)" time="0.026" />
  <testcase classname="ptolemy.util.test.junit.AutoTests" name="[7] /home/travis/build/icyphy/ptII/ptolemy/domains/continuous/test/auto/CausalityInterface12.xml (RunModel)" time="0.038" />
  <testcase classname="ptolemy.util.test.junit.AutoTests" name="[8] /home/travis/build/icyphy/ptII/ptolemy/domains/continuous/test/auto/CausalityInterface13.xml (RunModel)" time="0.023" />
  <testcase classname="ptolemy.util.test.junit.AutoTests" name="[9] /home/travis/build/icyphy/ptII/ptolemy/domains/continuous/test/auto/CausalityInterface14.xml (RunModel)" time="0.024" />
  <testcase classname="ptolemy.util.test.junit.AutoTests" name="[10] /home/travis/build/icyphy/ptII/ptolemy/domains/continuous/test/auto/CausalityInterface4.xml (RunModel)" time="0.032" />
  <testcase classname="ptolemy.util.test.junit.AutoTests" name="[11] /home/travis/build/icyphy/ptII/ptolemy/domains/continuous/test/auto/CausalityInterface5.xml (RunModel)" time="0.033" />
  <testcase classname="ptolemy.util.test.junit.AutoTests" name="[12] /home/travis/build/icyphy/ptII/ptolemy/domains/continuous/test/auto/CausalityInterface6.xml (RunModel)" time="0.022" />
  <testcase classname="ptolemy.util.test.junit.AutoTests" name="[13] /home/travis/build/icyphy/ptII/ptolemy/domains/continuous/test/auto/CausalityInterface7.xml (RunModel)" time="0.035" />
  <testcase classname="ptolemy.util.test.junit.AutoTests" name="[14] /home/travis/build/icyphy/ptII/ptolemy/domains/continuous/test/auto/CausalityInterface8.xml (RunModel)" time="0.049" />
  <testcase classname="ptolemy.util.test.junit.AutoTests" name="[15] /home/travis/build/icyphy/ptII/ptolemy/domains/continuous/test/auto/CausalityInterface9.xml (RunModel)" time="0.047" />
  <testcase classname="ptolemy.util.test.junit.AutoTests" name="[16] /home/travis/build/icyphy/ptII/ptolemy/domains/continuous/test/auto/CausalityInterfaceFeedback1.xml (RunModel)" time="0.034" />
  <testcase classname="ptolemy.util.test.junit.AutoTests" name="[17] /home/travis/build/icyphy/ptII/ptolemy/domains/continuous/test/auto/CausalityInterfaceFeedback2.xml (RunModel)" time="0.03" />
  <testcase classname="ptolemy.util.test.junit.AutoTests" name="[18] /home/travis/build/icyphy/ptII/ptolemy/domains/continuous/test/auto/CompareWithCurrentTime.xml (RunModel)" time="0.013" />
  <testcase classname="ptolemy.util.test.junit.AutoTests" name="[19] /home/travis/build/icyphy/ptII/ptolemy/domains/continuous/test/auto/ComparedClocks.xml (RunModel)" time="0.068" />
  <testcase classname="ptolemy.util.test.junit.AutoTests" name="[20] /home/travis/build/icyphy/ptII/ptolemy/domains/continuous/test/auto/ContinuousAOCClone.xml (RunModel)" time="2.492" />
  <testcase classname="ptolemy.util.test.junit.AutoTests" name="[21] /home/travis/build/icyphy/ptII/ptolemy/domains/continuous/test/auto/ContinuousClock.xml (RunModel)" time="0.084" />
  <testcase classname="ptolemy.util.test.junit.AutoTests" name="[22] /home/travis/build/icyphy/ptII/ptolemy/domains/continuous/test/auto/ContinuousInContinuous.xml (RunModel)" time="0.083" />
  <testcase classname="ptolemy.util.test.junit.AutoTests" name="[23] /home/travis/build/icyphy/ptII/ptolemy/domains/continuous/test/auto/ContinuousInContinuousInContinuous.xml (RunModel)" time="0.028" />
  <testcase classname="ptolemy.util.test.junit.AutoTests" name="[24] /home/travis/build/icyphy/ptII/ptolemy/domains/continuous/test/auto/ContinuousInDE.xml (RunModel)" time="0.118" />
  <testcase classname="ptolemy.util.test.junit.AutoTests" name="[25] /home/travis/build/icyphy/ptII/ptolemy/domains/continuous/test/auto/ContinuousInDE2.xml (RunModel)" time="0.046" />
  <testcase classname="ptolemy.util.test.junit.AutoTests" name="[26] /home/travis/build/icyphy/ptII/ptolemy/domains/continuous/test/auto/ContinuousInDE3.xml (RunModel)" time="0.063" />
  <testcase classname="ptolemy.util.test.junit.AutoTests" name="[27] /home/travis/build/icyphy/ptII/ptolemy/domains/continuous/test/auto/ContinuousInDE4.xml (RunModel)" time="0.037" />
  <testcase classname="ptolemy.util.test.junit.AutoTests" name="[28] /home/travis/build/icyphy/ptII/ptolemy/domains/continuous/test/auto/ContinuousInDEDifferentRefinements.xml (RunModel)" time="0.085" />
  <testcase classname="ptolemy.util.test.junit.AutoTests" name="[29] /home/travis/build/icyphy/ptII/ptolemy/domains/continuous/test/auto/ContinuousInDEDifferentRefinementsPreemptive.xml (RunModel)" time="0.096" />
  <testcase classname="ptolemy.util.test.junit.AutoTests" name="[30] /home/travis/build/icyphy/ptII/ptolemy/domains/continuous/test/auto/ContinuousInDEInContinuous2.xml (RunModel)" time="0.058" />
  <testcase classname="ptolemy.util.test.junit.AutoTests" name="[31] /home/travis/build/icyphy/ptII/ptolemy/domains/continuous/test/auto/ContinuousInDEInContinuous3.xml (RunModel)" time="0.061" />
  <testcase classname="ptolemy.util.test.junit.AutoTests" name="[32] /home/travis/build/icyphy/ptII/ptolemy/domains/continuous/test/auto/ContinuousInDEInput.xml (RunModel)" time="0.036" />
  <testcase classname="ptolemy.util.test.junit.AutoTests" name="[33] /home/travis/build/icyphy/ptII/ptolemy/domains/continuous/test/auto/ContinuousInDEInput2.xml (RunModel)" time="0.04" />
  <testcase classname="ptolemy.util.test.junit.AutoTests" name="[34] /home/travis/build/icyphy/ptII/ptolemy/domains/continuous/test/auto/ContinuousInDEInput3.xml (RunModel)" time="0.028" />
  <testcase classname="ptolemy.util.test.junit.AutoTests" name="[35] /home/travis/build/icyphy/ptII/ptolemy/domains/continuous/test/auto/ContinuousInDESharingRefinement.xml (RunModel)" time="0.16" />
  <testcase classname="ptolemy.util.test.junit.AutoTests" name="[36] /home/travis/build/icyphy/ptII/ptolemy/domains/continuous/test/auto/ContinuousInDEwithNoPorts.xml (RunModel)" time="0.018" />
  <testcase classname="ptolemy.util.test.junit.AutoTests" name="[37] /home/travis/build/icyphy/ptII/ptolemy/domains/continuous/test/auto/ContinuousInsideDE.xml (RunModel)" time="0.078" />
  <testcase classname="ptolemy.util.test.junit.AutoTests" name="[38] /home/travis/build/icyphy/ptII/ptolemy/domains/continuous/test/auto/ContinuousMerge1.xml (RunModel)" time="0.013" />
  <testcase classname="ptolemy.util.test.junit.AutoTests" name="[39] /home/travis/build/icyphy/ptII/ptolemy/domains/continuous/test/auto/ContinuousMerge2.xml (RunModel)" time="0.043" />
  <testcase classname="ptolemy.util.test.junit.AutoTests" name="[40] /home/travis/build/icyphy/ptII/ptolemy/domains/continuous/test/auto/ContinuousMerge3.xml (RunModel)" time="0.056" />
  <testcase classname="ptolemy.util.test.junit.AutoTests" name="[41] /home/travis/build/icyphy/ptII/ptolemy/domains/continuous/test/auto/ContinuousWithinContinuous.xml (RunModel)" time="0.052" />
  <testcase classname="ptolemy.util.test.junit.AutoTests" name="[42] /home/travis/build/icyphy/ptII/ptolemy/domains/continuous/test/auto/ContinuousWithinContinuous2.xml (RunModel)" time="0.064" />
  <testcase classname="ptolemy.util.test.junit.AutoTests" name="[43] /home/travis/build/icyphy/ptII/ptolemy/domains/continuous/test/auto/ContinuousWithinContinuous3.xml (RunModel)" time="0.029" />
  <testcase classname="ptolemy.util.test.junit.AutoTests" name="[44] /home/travis/build/icyphy/ptII/ptolemy/domains/continuous/test/auto/ContinuousWithinContinuous4.xml (RunModel)" time="0.068" />
  <testcase classname="ptolemy.util.test.junit.AutoTests" name="[45] /home/travis/build/icyphy/ptII/ptolemy/domains/continuous/test/auto/ContinuousWithinContinuous5.xml (RunModel)" time="0.028" />
  <testcase classname="ptolemy.util.test.junit.AutoTests" name="[46] /home/travis/build/icyphy/ptII/ptolemy/domains/continuous/test/auto/ContinuousWithinContinuous6.xml (RunModel)" time="0.026" />
  <testcase classname="ptolemy.util.test.junit.AutoTests" name="[47] /home/travis/build/icyphy/ptII/ptolemy/domains/continuous/test/auto/ContinuousWithinContinuous7.xml (RunModel)" time="0.063" />
  <testcase classname="ptolemy.util.test.junit.AutoTests" name="[48] /home/travis/build/icyphy/ptII/ptolemy/domains/continuous/test/auto/DCMotor.xml (RunModel)" time="12.857" />
  <testcase classname="ptolemy.util.test.junit.AutoTests" name="[49] /home/travis/build/icyphy/ptII/ptolemy/domains/continuous/test/auto/DEInContinuous.xml (RunModel)" time="0.036" />
  <testcase classname="ptolemy.util.test.junit.AutoTests" name="[50] /home/travis/build/icyphy/ptII/ptolemy/domains/continuous/test/auto/DEinContinuous2.xml (RunModel)" time="0.022" />
  <testcase classname="ptolemy.util.test.junit.AutoTests" name="[51] /home/travis/build/icyphy/ptII/ptolemy/domains/continuous/test/auto/Derivative.xml (RunModel)" time="0.184" />
  <testcase classname="ptolemy.util.test.junit.AutoTests" name="[52] /home/travis/build/icyphy/ptII/ptolemy/domains/continuous/test/auto/Derivative1.xml (RunModel)" time="0.044" />
  <testcase classname="ptolemy.util.test.junit.AutoTests" name="[53] /home/travis/build/icyphy/ptII/ptolemy/domains/continuous/test/auto/DiscreteClock.xml (RunModel)" time="0.012" />
  <testcase classname="ptolemy.util.test.junit.AutoTests" name="[54] /home/travis/build/icyphy/ptII/ptolemy/domains/continuous/test/auto/EfficiencyCurve.xml (RunModel)" time="0.079" />
  <testcase classname="ptolemy.util.test.junit.AutoTests" name="[55] /home/travis/build/icyphy/ptII/ptolemy/domains/continuous/test/auto/ExponentialResponse.xml (RunModel)" time="0.106" />
  <testcase classname="ptolemy.util.test.junit.AutoTests" name="[56] /home/travis/build/icyphy/ptII/ptolemy/domains/continuous/test/auto/ExponentialResponseRK45.xml (RunModel)" time="0.03" />
  <testcase classname="ptolemy.util.test.junit.AutoTests" name="[57] /home/travis/build/icyphy/ptII/ptolemy/domains/continuous/test/auto/Friction.xml (RunModel)" time="1.664" />
  <testcase classname="ptolemy.util.test.junit.AutoTests" name="[58] /home/travis/build/icyphy/ptII/ptolemy/domains/continuous/test/auto/FurutaPendulum.xml (RunModel)" time="3.315" />
  <testcase classname="ptolemy.util.test.junit.AutoTests" name="[59] /home/travis/build/icyphy/ptII/ptolemy/domains/continuous/test/auto/HierarchicalExecution.xml (RunModel)" time="2.185" />
  <testcase classname="ptolemy.util.test.junit.AutoTests" name="[60] /home/travis/build/icyphy/ptII/ptolemy/domains/continuous/test/auto/HybridPlant.xml (RunModel)" time="0.491" />
  <testcase classname="ptolemy.util.test.junit.AutoTests" name="[61] /home/travis/build/icyphy/ptII/ptolemy/domains/continuous/test/auto/Hysteresis.xml (RunModel)" time="0.192" />
  <testcase classname="ptolemy.util.test.junit.AutoTests" name="[62] /home/travis/build/icyphy/ptII/ptolemy/domains/continuous/test/auto/HysteresisWithRandomDelay.xml (RunModel)" time="0.221" />
  <testcase classname="ptolemy.util.test.junit.AutoTests" name="[63] /home/travis/build/icyphy/ptII/ptolemy/domains/continuous/test/auto/HysteresisWithRandomLosses.xml (RunModel)" time="2.306" />
  <testcase classname="ptolemy.util.test.junit.AutoTests" name="[64] /home/travis/build/icyphy/ptII/ptolemy/domains/continuous/test/auto/ImmediateTransitions.xml (RunModel)" time="0.035" />
  <testcase classname="ptolemy.util.test.junit.AutoTests" name="[65] /home/travis/build/icyphy/ptII/ptolemy/domains/continuous/test/auto/ImpulseFeedback.xml (RunModel)" time="0.019" />
  <testcase classname="ptolemy.util.test.junit.AutoTests" name="[66] /home/travis/build/icyphy/ptII/ptolemy/domains/continuous/test/auto/ImpulseFeedback2.xml (RunModel)" time="0.017" />
  <testcase classname="ptolemy.util.test.junit.AutoTests" name="[67] /home/travis/build/icyphy/ptII/ptolemy/domains/continuous/test/auto/IncreasingRatePoisson.xml (RunModel)" time="0.728" />
  <testcase classname="ptolemy.util.test.junit.AutoTests" name="[68] /home/travis/build/icyphy/ptII/ptolemy/domains/continuous/test/auto/InitialStateFeedback.xml (RunModel)" time="0.017" />
  <testcase classname="ptolemy.util.test.junit.AutoTests" name="[69] /home/travis/build/icyphy/ptII/ptolemy/domains/continuous/test/auto/Integration.xml (RunModel)" time="0.018" />
  <testcase classname="ptolemy.util.test.junit.AutoTests" name="[70] /home/travis/build/icyphy/ptII/ptolemy/domains/continuous/test/auto/Integration2.xml (RunModel)" time="0.088" />
  <testcase classname="ptolemy.util.test.junit.AutoTests" name="[71] /home/travis/build/icyphy/ptII/ptolemy/domains/continuous/test/auto/Integration3.xml (RunModel)" time="0.011" />
  <testcase classname="ptolemy.util.test.junit.AutoTests" name="[72] /home/travis/build/icyphy/ptII/ptolemy/domains/continuous/test/auto/Integration5.xml (RunModel)" time="0.01" />
  <testcase classname="ptolemy.util.test.junit.AutoTests" name="[73] /home/travis/build/icyphy/ptII/ptolemy/domains/continuous/test/auto/IntegratorImpulse.xml (RunModel)" time="0.008" />
  <testcase classname="ptolemy.util.test.junit.AutoTests" name="[74] /home/travis/build/icyphy/ptII/ptolemy/domains/continuous/test/auto/IntegratorImpulse2.xml (RunModel)" time="0.011" />
  <testcase classname="ptolemy.util.test.junit.AutoTests" name="[75] /home/travis/build/icyphy/ptII/ptolemy/domains/continuous/test/auto/LevelCrossing1.xml (RunModel)" time="0.011" />
  <testcase classname="ptolemy.util.test.junit.AutoTests" name="[76] /home/travis/build/icyphy/ptII/ptolemy/domains/continuous/test/auto/LevelCrossing2.xml (RunModel)" time="0.015" />
  <testcase classname="ptolemy.util.test.junit.AutoTests" name="[77] /home/travis/build/icyphy/ptII/ptolemy/domains/continuous/test/auto/LevelCrossing3.xml (RunModel)" time="0.011" />
  <testcase classname="ptolemy.util.test.junit.AutoTests" name="[78] /home/travis/build/icyphy/ptII/ptolemy/domains/continuous/test/auto/LevelCrossing4.xml (RunModel)" time="0.016" />
  <testcase classname="ptolemy.util.test.junit.AutoTests" name="[79] /home/travis/build/icyphy/ptII/ptolemy/domains/continuous/test/auto/LevelCrossing5.xml (RunModel)" time="0.019" />
  <testcase classname="ptolemy.util.test.junit.AutoTests" name="[80] /home/travis/build/icyphy/ptII/ptolemy/domains/continuous/test/auto/LevelCrossing6.xml (RunModel)" time="0.015" />
  <testcase classname="ptolemy.util.test.junit.AutoTests" name="[81] /home/travis/build/icyphy/ptII/ptolemy/domains/continuous/test/auto/LevelCrossingDetector.xml (RunModel)" time="0.038" />
  <testcase classname="ptolemy.util.test.junit.AutoTests" name="[82] /home/travis/build/icyphy/ptII/ptolemy/domains/continuous/test/auto/LevelCrossingDetectorDetectingDirections.xml (RunModel)" time="0.102" />
  <testcase classname="ptolemy.util.test.junit.AutoTests" name="[83] /home/travis/build/icyphy/ptII/ptolemy/domains/continuous/test/auto/LevelCrossingDetectorDetectsGlitches.xml (RunModel)" time="0.064" />
  <testcase classname="ptolemy.util.test.junit.AutoTests" name="[84] /home/travis/build/icyphy/ptII/ptolemy/domains/continuous/test/auto/LevelCrossingNoInitialOuput.xml (RunModel)" time="0.015" />
  <testcase classname="ptolemy.util.test.junit.AutoTests" name="[85] /home/travis/build/icyphy/ptII/ptolemy/domains/continuous/test/auto/LinearStateSpaceExample.xml (RunModel)" time="0.075" />
  <testcase classname="ptolemy.util.test.junit.AutoTests" name="[86] /home/travis/build/icyphy/ptII/ptolemy/domains/continuous/test/auto/Lorenz.xml (RunModel)" time="3.413" />
  <testcase classname="ptolemy.util.test.junit.AutoTests" name="[87] /home/travis/build/icyphy/ptII/ptolemy/domains/continuous/test/auto/LorenzDifferentialSystem.xml (RunModel)" time="0.945" />
  <testcase classname="ptolemy.util.test.junit.AutoTests" name="[88] /home/travis/build/icyphy/ptII/ptolemy/domains/continuous/test/auto/LorenzDifferentialSystemWithInput.xml (RunModel)" time="1.285" />
  <testcase classname="ptolemy.util.test.junit.AutoTests" name="[89] /home/travis/build/icyphy/ptII/ptolemy/domains/continuous/test/auto/LorenzDifferentialSystemWithTime.xml (RunModel)" time="0.731" />
  <testcase classname="ptolemy.util.test.junit.AutoTests" name="[90] /home/travis/build/icyphy/ptII/ptolemy/domains/continuous/test/auto/Microsteps.xml (RunModel)" time="0.027" />
  <testcase classname="ptolemy.util.test.junit.AutoTests" name="[91] /home/travis/build/icyphy/ptII/ptolemy/domains/continuous/test/auto/Modal1.xml (RunModel)" time="0.044" />
  <testcase classname="ptolemy.util.test.junit.AutoTests" name="[92] /home/travis/build/icyphy/ptII/ptolemy/domains/continuous/test/auto/Modal2.xml (RunModel)" time="0.052" />
  <testcase classname="ptolemy.util.test.junit.AutoTests" name="[93] /home/travis/build/icyphy/ptII/ptolemy/domains/continuous/test/auto/ModalTransitionGuardWithReset.xml (RunModel)" time="0.026" />
  <testcase classname="ptolemy.util.test.junit.AutoTests" name="[94] /home/travis/build/icyphy/ptII/ptolemy/domains/continuous/test/auto/ModalTransitionGuardWithResetUsingPreemptiveTransition.xml (RunModel)" time="0.031" />
  <testcase classname="ptolemy.util.test.junit.AutoTests" name="[95] /home/travis/build/icyphy/ptII/ptolemy/domains/continuous/test/auto/ModalTransitionGuardWithResetUsingPreemptiveTransition2.xml (RunModel)" time="0.033" />
  <testcase classname="ptolemy.util.test.junit.AutoTests" name="[96] /home/travis/build/icyphy/ptII/ptolemy/domains/continuous/test/auto/ModalTransitionGuardWithResetUsingPreemptiveTransition3.xml (RunModel)" time="0.022" />
  <testcase classname="ptolemy.util.test.junit.AutoTests" name="[97] /home/travis/build/icyphy/ptII/ptolemy/domains/continuous/test/auto/NewtonsCradle.xml (RunModel)" time="0.795" />
  <testcase classname="ptolemy.util.test.junit.AutoTests" name="[98] /home/travis/build/icyphy/ptII/ptolemy/domains/continuous/test/auto/NewtonsCradleAnimated.xml (RunModel)" time="1.285" />
  <testcase classname="ptolemy.util.test.junit.AutoTests" name="[99] /home/travis/build/icyphy/ptII/ptolemy/domains/continuous/test/auto/NewtonsCradleComplicated.xml (RunModel)" time="0.959" />
  <testcase classname="ptolemy.util.test.junit.AutoTests" name="[100] /home/travis/build/icyphy/ptII/ptolemy/domains/continuous/test/auto/NewtonsCradleNondeterministic.xml (RunModel)" time="0.663" />
  <testcase classname="ptolemy.util.test.junit.AutoTests" name="[101] /home/travis/build/icyphy/ptII/ptolemy/domains/continuous/test/auto/NewtonsCradlePerfectlyInelastic1.xml (RunModel)" time="1.196" />
  <testcase classname="ptolemy.util.test.junit.AutoTests" name="[102] /home/travis/build/icyphy/ptII/ptolemy/domains/continuous/test/auto/Noise.xml (RunModel)" time="0.184" />
  <testcase classname="ptolemy.util.test.junit.AutoTests" name="[103] /home/travis/build/icyphy/ptII/ptolemy/domains/continuous/test/auto/NoiseSpectrum.xml (RunModel)" time="0.703" />
  <testcase classname="ptolemy.util.test.junit.AutoTests" name="[104] /home/travis/build/icyphy/ptII/ptolemy/domains/continuous/test/auto/ParameterizedNewtonsCradleAnimated.xml (RunModel)" time="0.347" />
  <testcase classname="ptolemy.util.test.junit.AutoTests" name="[105] /home/travis/build/icyphy/ptII/ptolemy/domains/continuous/test/auto/ParameterizedNewtonsCradleAnimatedNondeterministic.xml (RunModel)" time="1.132" />
  <testcase classname="ptolemy.util.test.junit.AutoTests" name="[106] /home/travis/build/icyphy/ptII/ptolemy/domains/continuous/test/auto/Pendulum3D.xml (RunModel)" time="0.178" />
  <testcase classname="ptolemy.util.test.junit.AutoTests" name="[107] /home/travis/build/icyphy/ptII/ptolemy/domains/continuous/test/auto/PeriodicSampler.xml (RunModel)" time="0.009" />
  <testcase classname="ptolemy.util.test.junit.AutoTests" name="[108] /home/travis/build/icyphy/ptII/ptolemy/domains/continuous/test/auto/PeriodicSampler1.xml (RunModel)" time="0.039" />
  <testcase classname="ptolemy.util.test.junit.AutoTests" name="[109] /home/travis/build/icyphy/ptII/ptolemy/domains/continuous/test/auto/PeriodicSampler2.xml (RunModel)" time="0.088" />
  <testcase classname="ptolemy.util.test.junit.AutoTests" name="[110] /home/travis/build/icyphy/ptII/ptolemy/domains/continuous/test/auto/Poisson.xml (RunModel)" time="0.436" />
  <testcase classname="ptolemy.util.test.junit.AutoTests" name="[111] /home/travis/build/icyphy/ptII/ptolemy/domains/continuous/test/auto/PoissonClock.xml (RunModel)" time="0.01" />
  <testcase classname="ptolemy.util.test.junit.AutoTests" name="[112] /home/travis/build/icyphy/ptII/ptolemy/domains/continuous/test/auto/PoissonClock2.xml (RunModel)" time="0.011" />
  <testcase classname="ptolemy.util.test.junit.AutoTests" name="[113] /home/travis/build/icyphy/ptII/ptolemy/domains/continuous/test/auto/PortParameterHierarchy.xml (RunModel)" time="0.026" />
  <testcase classname="ptolemy.util.test.junit.AutoTests" name="[114] /home/travis/build/icyphy/ptII/ptolemy/domains/continuous/test/auto/RandomHybridPlant.xml (RunModel)" time="0.51" />
  <testcase classname="ptolemy.util.test.junit.AutoTests" name="[115] /home/travis/build/icyphy/ptII/ptolemy/domains/continuous/test/auto/ResetTransitionWithStartTime1.xml (RunModel)" time="0.036" />
  <testcase classname="ptolemy.util.test.junit.AutoTests" name="[116] /home/travis/build/icyphy/ptII/ptolemy/domains/continuous/test/auto/ResetTransitionWithStartTime2.xml (RunModel)" time="0.036" />
  <testcase classname="ptolemy.util.test.junit.AutoTests" name="[117] /home/travis/build/icyphy/ptII/ptolemy/domains/continuous/test/auto/ResetTransitionWithStartTime3.xml (RunModel)" time="0.04" />
  <testcase classname="ptolemy.util.test.junit.AutoTests" name="[118] /home/travis/build/icyphy/ptII/ptolemy/domains/continuous/test/auto/ResetTransitionWithStartTime4.xml (RunModel)" time="0.028" />
  <testcase classname="ptolemy.util.test.junit.AutoTests" name="[119] /home/travis/build/icyphy/ptII/ptolemy/domains/continuous/test/auto/ResetTransitionWithStartTime5.xml (RunModel)" time="0.035" />
  <testcase classname="ptolemy.util.test.junit.AutoTests" name="[120] /home/travis/build/icyphy/ptII/ptolemy/domains/continuous/test/auto/ResetTransitionWithStartTime6.xml (RunModel)" time="0.023" />
  <testcase classname="ptolemy.util.test.junit.AutoTests" name="[121] /home/travis/build/icyphy/ptII/ptolemy/domains/continuous/test/auto/SRinContinuous.xml (RunModel)" time="0.021" />
  <testcase classname="ptolemy.util.test.junit.AutoTests" name="[122] /home/travis/build/icyphy/ptII/ptolemy/domains/continuous/test/auto/SampledClocks.xml (RunModel)" time="0.031" />
  <testcase classname="ptolemy.util.test.junit.AutoTests" name="[123] /home/travis/build/icyphy/ptII/ptolemy/domains/continuous/test/auto/Satellite.xml (RunModel)" time="0.726" />
  <testcase classname="ptolemy.util.test.junit.AutoTests" name="[124] /home/travis/build/icyphy/ptII/ptolemy/domains/continuous/test/auto/SigmaDelta.xml (RunModel)" time="1.982" />
  <testcase classname="ptolemy.util.test.junit.AutoTests" name="[125] /home/travis/build/icyphy/ptII/ptolemy/domains/continuous/test/auto/SingleRefinement.xml (RunModel)" time="0.425" />
  <testcase classname="ptolemy.util.test.junit.AutoTests" name="[126] /home/travis/build/icyphy/ptII/ptolemy/domains/continuous/test/auto/SinuBouncingBall.xml (RunModel)" time="0.897" />
  <testcase classname="ptolemy.util.test.junit.AutoTests" name="[127] /home/travis/build/icyphy/ptII/ptolemy/domains/continuous/test/auto/Sinusoid.xml (RunModel)" time="0.018" />
  <testcase classname="ptolemy.util.test.junit.AutoTests" name="[128] /home/travis/build/icyphy/ptII/ptolemy/domains/continuous/test/auto/SinusoidInNoise.xml (RunModel)" time="0.855" />
  <testcase classname="ptolemy.util.test.junit.AutoTests" name="[129] /home/travis/build/icyphy/ptII/ptolemy/domains/continuous/test/auto/SinusoidRK45.xml (RunModel)" time="0.011" />
  <testcase classname="ptolemy.util.test.junit.AutoTests" name="[130] /home/travis/build/icyphy/ptII/ptolemy/domains/continuous/test/auto/SinusoidWithMultipleImpulses.xml (RunModel)" time="0.01" />
  <testcase classname="ptolemy.util.test.junit.AutoTests" name="[131] /home/travis/build/icyphy/ptII/ptolemy/domains/continuous/test/auto/SquareWave.xml (RunModel)" time="0.157" />
  <testcase classname="ptolemy.util.test.junit.AutoTests" name="[132] /home/travis/build/icyphy/ptII/ptolemy/domains/continuous/test/auto/Starmac.xml (RunModel)" time="3.389" />
  <testcase classname="ptolemy.util.test.junit.AutoTests" name="[133] /home/travis/build/icyphy/ptII/ptolemy/domains/continuous/test/auto/StaticUnits.xml (RunModel)" time="2.143" />
  <testcase classname="ptolemy.util.test.junit.AutoTests" name="[134] /home/travis/build/icyphy/ptII/ptolemy/domains/continuous/test/auto/StickyMasses.xml (RunModel)" time="0.19" />
  <testcase classname="ptolemy.util.test.junit.AutoTests" name="[135] /home/travis/build/icyphy/ptII/ptolemy/domains/continuous/test/auto/StopTime.xml (RunModel)" time="0.066" />
  <testcase classname="ptolemy.util.test.junit.AutoTests" name="[136] /home/travis/build/icyphy/ptII/ptolemy/domains/continuous/test/auto/StopTime2.xml (RunModel)" time="0.05" />
  <testcase classname="ptolemy.util.test.junit.AutoTests" name="[137] /home/travis/build/icyphy/ptII/ptolemy/domains/continuous/test/auto/Switch.xml (RunModel)" time="0.059" />
  <testcase classname="ptolemy.util.test.junit.AutoTests" name="[138] /home/travis/build/icyphy/ptII/ptolemy/domains/continuous/test/auto/Thermostat.xml (RunModel)" time="0.197" />
  <testcase classname="ptolemy.util.test.junit.AutoTests" name="[139] /home/travis/build/icyphy/ptII/ptolemy/domains/continuous/test/auto/TimeDelay.xml (RunModel)" time="0.015" />
  <testcase classname="ptolemy.util.test.junit.AutoTests" name="[140] /home/travis/build/icyphy/ptII/ptolemy/domains/continuous/test/auto/TimeDelay2.xml (RunModel)" time="0.029" />
  <testcase classname="ptolemy.util.test.junit.AutoTests" name="[141] /home/travis/build/icyphy/ptII/ptolemy/domains/continuous/test/auto/TimeDelay3.xml (RunModel)" time="0.015" />
  <testcase classname="ptolemy.util.test.junit.AutoTests" name="[142] /home/travis/build/icyphy/ptII/ptolemy/domains/continuous/test/auto/TransferAbsentToInside.xml (RunModel)" time="0.108" />
  <testcase classname="ptolemy.util.test.junit.AutoTests" name="[143] /home/travis/build/icyphy/ptII/ptolemy/domains/continuous/test/auto/Transmission.xml (RunModel)" time="0.732" />
  <testcase classname="ptolemy.util.test.junit.AutoTests" name="[144] /home/travis/build/icyphy/ptII/ptolemy/domains/continuous/test/auto/TriggeredContinuousClock.xml (RunModel)" time="0.061" />
  <testcase classname="ptolemy.util.test.junit.AutoTests" name="[145] /home/travis/build/icyphy/ptII/ptolemy/domains/continuous/test/auto/TwoMachineInfiniteBusControl.xml (RunModel)" time="2.299" />
  <testcase classname="ptolemy.util.test.junit.AutoTests" name="[146] /home/travis/build/icyphy/ptII/ptolemy/domains/continuous/test/auto/V2V.xml (RunModel)" time="0.732" />
  <testcase classname="ptolemy.util.test.junit.AutoTests" name="[147] /home/travis/build/icyphy/ptII/ptolemy/domains/continuous/test/auto/hierarchicalModalModel.xml (RunModel)" time="0.028" />
  <testcase classname="ptolemy.util.test.junit.AutoTests" name="[148] /home/travis/build/icyphy/ptII/ptolemy/domains/continuous/test/auto/hierarchicalModalModel1.xml (RunModel)" time="0.029" />
  <testcase classname="ptolemy.util.test.junit.AutoTests" name="[149] /home/travis/build/icyphy/ptII/ptolemy/domains/continuous/test/auto/hierarchicalModalModel2.xml (RunModel)" time="0.026" />
  <testcase classname="ptolemy.util.test.junit.AutoTests" name="[150] /home/travis/build/icyphy/ptII/ptolemy/domains/continuous/test/auto/hierarchicalModalModel3.xml (RunModel)" time="0.024" />
  <testcase classname="ptolemy.util.test.junit.AutoTests" name="[151] /home/travis/build/icyphy/ptII/ptolemy/domains/continuous/test/auto/hierarchicalModalModel4.xml (RunModel)" time="0.03" />
  <testcase classname="ptolemy.util.test.junit.AutoTests" name="[152] /home/travis/build/icyphy/ptII/ptolemy/domains/continuous/test/auto/junk.xml (RunModel)" time="0.126" />
  <system-out><![CDATA[No tcl tests in /home/travis/build/icyphy/ptII/ptolemy/domains/continuous/test
No auto/knownFailedTests/*.xml tests in /home/travis/build/icyphy/ptII/ptolemy/domains/continuous/test
No auto/linux-amd64/*.xml tests in /home/travis/build/icyphy/ptII/ptolemy/domains/continuous/test
AutoTests.java: About to close Vertx.
AutoTests.java: Vertx closed.

===========================================================================================
----------------- testing Sat Dec 28 06:29:49 UTC 2019 /home/travis/build/icyphy/ptII/ptolemy/domains/continuous/test/auto/BouncingBall.xml
----------------- Instantiating /home/travis/build/icyphy/ptII/ptolemy/domains/continuous/test/auto/BouncingBall.xml
2287 ms. Memory: 157696K Free: 78294K (50%)
----------------- Invoking toplevel() on ptolemy.moml.MoMLSimpleApplication@624221d1
----------------- Done invoking toplevel() on ptolemy.moml.MoMLSimpleApplication@624221d1
reloadAllAccessors: .BouncingBall

===========================================================================================
----------------- testing Sat Dec 28 06:29:51 UTC 2019 /home/travis/build/icyphy/ptII/ptolemy/domains/continuous/test/auto/BouncingBallWithoutGR.xml
----------------- Instantiating /home/travis/build/icyphy/ptII/ptolemy/domains/continuous/test/auto/BouncingBallWithoutGR.xml
769 ms. Memory: 157696K Free: 80223K (51%)
----------------- Invoking toplevel() on ptolemy.moml.MoMLSimpleApplication@251af5a8
----------------- Done invoking toplevel() on ptolemy.moml.MoMLSimpleApplication@251af5a8
reloadAllAccessors: .BouncingBallWithoutGR

===========================================================================================
----------------- testing Sat Dec 28 06:29:52 UTC 2019 /home/travis/build/icyphy/ptII/ptolemy/domains/continuous/test/auto/Brownian.xml
----------------- Instantiating /home/travis/build/icyphy/ptII/ptolemy/domains/continuous/test/auto/Brownian.xml
36 ms. Memory: 157696K Free: 71521K (45%)
----------------- Invoking toplevel() on ptolemy.moml.MoMLSimpleApplication@67164b76
----------------- Done invoking toplevel() on ptolemy.moml.MoMLSimpleApplication@67164b76
reloadAllAccessors: .Brownian

===========================================================================================
----------------- testing Sat Dec 28 06:29:52 UTC 2019 /home/travis/build/icyphy/ptII/ptolemy/domains/continuous/test/auto/CarTracking.xml
----------------- Instantiating /home/travis/build/icyphy/ptII/ptolemy/domains/continuous/test/auto/CarTracking.xml
3449 ms. Memory: 227328K Free: 210398K (93%)
----------------- Invoking toplevel() on ptolemy.moml.MoMLSimpleApplication@4071832e
----------------- Done invoking toplevel() on ptolemy.moml.MoMLSimpleApplication@4071832e
reloadAllAccessors: .CarTracking

===========================================================================================
----------------- testing Sat Dec 28 06:29:56 UTC 2019 /home/travis/build/icyphy/ptII/ptolemy/domains/continuous/test/auto/CartPendulum.xml
----------------- Instantiating /home/travis/build/icyphy/ptII/ptolemy/domains/continuous/test/auto/CartPendulum.xml
345 ms. Memory: 227328K Free: 116190K (51%)
----------------- Invoking toplevel() on ptolemy.moml.MoMLSimpleApplication@7bcb8e19
----------------- Done invoking toplevel() on ptolemy.moml.MoMLSimpleApplication@7bcb8e19
reloadAllAccessors: .CartPendulum

===========================================================================================
----------------- testing Sat Dec 28 06:29:57 UTC 2019 /home/travis/build/icyphy/ptII/ptolemy/domains/continuous/test/auto/CausalityInterface10.xml
----------------- Instantiating /home/travis/build/icyphy/ptII/ptolemy/domains/continuous/test/auto/CausalityInterface10.xml
10 ms. Memory: 227328K Free: 105950K (47%)
----------------- Invoking toplevel() on ptolemy.moml.MoMLSimpleApplication@466e6bf2
----------------- Done invoking toplevel() on ptolemy.moml.MoMLSimpleApplication@466e6bf2
reloadAllAccessors: .CausalityInterface10

===========================================================================================
----------------- testing Sat Dec 28 06:29:57 UTC 2019 /home/travis/build/icyphy/ptII/ptolemy/domains/continuous/test/auto/CausalityInterface11.xml
----------------- Instantiating /home/travis/build/icyphy/ptII/ptolemy/domains/continuous/test/auto/CausalityInterface11.xml
4 ms. Memory: 227328K Free: 99776K (44%)
----------------- Invoking toplevel() on ptolemy.moml.MoMLSimpleApplication@6707e14a
----------------- Done invoking toplevel() on ptolemy.moml.MoMLSimpleApplication@6707e14a
reloadAllAccessors: .CausalityInterface11

===========================================================================================
----------------- testing Sat Dec 28 06:29:57 UTC 2019 /home/travis/build/icyphy/ptII/ptolemy/domains/continuous/test/auto/CausalityInterface12.xml
----------------- Instantiating /home/travis/build/icyphy/ptII/ptolemy/domains/continuous/test/auto/CausalityInterface12.xml
16 ms. Memory: 227328K Free: 93662K (41%)
----------------- Invoking toplevel() on ptolemy.moml.MoMLSimpleApplication@66218eb1
----------------- Done invoking toplevel() on ptolemy.moml.MoMLSimpleApplication@66218eb1
reloadAllAccessors: .CausalityInterface12

===========================================================================================
----------------- testing Sat Dec 28 06:29:57 UTC 2019 /home/travis/build/icyphy/ptII/ptolemy/domains/continuous/test/auto/CausalityInterface13.xml
----------------- Instantiating /home/travis/build/icyphy/ptII/ptolemy/domains/continuous/test/auto/CausalityInterface13.xml
5 ms. Memory: 227328K Free: 87518K (38%)
----------------- Invoking toplevel() on ptolemy.moml.MoMLSimpleApplication@29b055b6
----------------- Done invoking toplevel() on ptolemy.moml.MoMLSimpleApplication@29b055b6
reloadAllAccessors: .CausalityInterface13

===========================================================================================
----------------- testing Sat Dec 28 06:29:57 UTC 2019 /home/travis/build/icyphy/ptII/ptolemy/domains/continuous/test/auto/CausalityInterface14.xml
----------------- Instantiating /home/travis/build/icyphy/ptII/ptolemy/domains/continuous/test/auto/CausalityInterface14.xml
4 ms. Memory: 227328K Free: 81888K (36%)
----------------- Invoking toplevel() on ptolemy.moml.MoMLSimpleApplication@6a14cd09
----------------- Done invoking toplevel() on ptolemy.moml.MoMLSimpleApplication@6a14cd09
reloadAllAccessors: .CausalityInterface14

===========================================================================================
----------------- testing Sat Dec 28 06:29:57 UTC 2019 /home/travis/build/icyphy/ptII/ptolemy/domains/continuous/test/auto/CausalityInterface4.xml
----------------- Instantiating /home/travis/build/icyphy/ptII/ptolemy/domains/continuous/test/auto/CausalityInterface4.xml
5 ms. Memory: 227328K Free: 208985K (92%)
----------------- Invoking toplevel() on ptolemy.moml.MoMLSimpleApplication@1b844633
----------------- Done invoking toplevel() on ptolemy.moml.MoMLSimpleApplication@1b844633
reloadAllAccessors: .CausalityInterface4

===========================================================================================
----------------- testing Sat Dec 28 06:29:57 UTC 2019 /home/travis/build/icyphy/ptII/ptolemy/domains/continuous/test/auto/CausalityInterface5.xml
----------------- Instantiating /home/travis/build/icyphy/ptII/ptolemy/domains/continuous/test/auto/CausalityInterface5.xml
6 ms. Memory: 227328K Free: 200823K (88%)
----------------- Invoking toplevel() on ptolemy.moml.MoMLSimpleApplication@3f391696
----------------- Done invoking toplevel() on ptolemy.moml.MoMLSimpleApplication@3f391696
reloadAllAccessors: .CausalityInterface5

===========================================================================================
----------------- testing Sat Dec 28 06:29:57 UTC 2019 /home/travis/build/icyphy/ptII/ptolemy/domains/continuous/test/auto/CausalityInterface6.xml
----------------- Instantiating /home/travis/build/icyphy/ptII/ptolemy/domains/continuous/test/auto/CausalityInterface6.xml
5 ms. Memory: 227328K Free: 195193K (86%)
----------------- Invoking toplevel() on ptolemy.moml.MoMLSimpleApplication@64d47cac
----------------- Done invoking toplevel() on ptolemy.moml.MoMLSimpleApplication@64d47cac
reloadAllAccessors: .CausalityInterface6

===========================================================================================
----------------- testing Sat Dec 28 06:29:57 UTC 2019 /home/travis/build/icyphy/ptII/ptolemy/domains/continuous/test/auto/CausalityInterface7.xml
----------------- Instantiating /home/travis/build/icyphy/ptII/ptolemy/domains/continuous/test/auto/CausalityInterface7.xml
10 ms. Memory: 227328K Free: 186487K (82%)
----------------- Invoking toplevel() on ptolemy.moml.MoMLSimpleApplication@9823488
----------------- Done invoking toplevel() on ptolemy.moml.MoMLSimpleApplication@9823488
reloadAllAccessors: .CausalityInterface7

===========================================================================================
----------------- testing Sat Dec 28 06:29:57 UTC 2019 /home/travis/build/icyphy/ptII/ptolemy/domains/continuous/test/auto/CausalityInterface8.xml
----------------- Instantiating /home/travis/build/icyphy/ptII/ptolemy/domains/continuous/test/auto/CausalityInterface8.xml
9 ms. Memory: 227328K Free: 177271K (78%)
----------------- Invoking toplevel() on ptolemy.moml.MoMLSimpleApplication@522f5127
----------------- Done invoking toplevel() on ptolemy.moml.MoMLSimpleApplication@522f5127
reloadAllAccessors: .CausalityInterface8

===========================================================================================
----------------- testing Sat Dec 28 06:29:57 UTC 2019 /home/travis/build/icyphy/ptII/ptolemy/domains/continuous/test/auto/CausalityInterface9.xml
----------------- Instantiating /home/travis/build/icyphy/ptII/ptolemy/domains/continuous/test/auto/CausalityInterface9.xml
9 ms. Memory: 227328K Free: 166521K (73%)
----------------- Invoking toplevel() on ptolemy.moml.MoMLSimpleApplication@6938fa9c
----------------- Done invoking toplevel() on ptolemy.moml.MoMLSimpleApplication@6938fa9c
reloadAllAccessors: .CausalityInterface9

===========================================================================================
----------------- testing Sat Dec 28 06:29:57 UTC 2019 /home/travis/build/icyphy/ptII/ptolemy/domains/continuous/test/auto/CausalityInterfaceFeedback1.xml
----------------- Instantiating /home/travis/build/icyphy/ptII/ptolemy/domains/continuous/test/auto/CausalityInterfaceFeedback1.xml
5 ms. Memory: 227328K Free: 159849K (70%)
----------------- Invoking toplevel() on ptolemy.moml.MoMLSimpleApplication@759188af
----------------- Done invoking toplevel() on ptolemy.moml.MoMLSimpleApplication@759188af
reloadAllAccessors: .CausalityInterfaceFeedback1

===========================================================================================
----------------- testing Sat Dec 28 06:29:57 UTC 2019 /home/travis/build/icyphy/ptII/ptolemy/domains/continuous/test/auto/CausalityInterfaceFeedback2.xml
----------------- Instantiating /home/travis/build/icyphy/ptII/ptolemy/domains/continuous/test/auto/CausalityInterfaceFeedback2.xml
3 ms. Memory: 227328K Free: 153209K (67%)
----------------- Invoking toplevel() on ptolemy.moml.MoMLSimpleApplication@6dd4b0d7
----------------- Done invoking toplevel() on ptolemy.moml.MoMLSimpleApplication@6dd4b0d7
reloadAllAccessors: .CausalityInterfaceFeedback2

===========================================================================================
----------------- testing Sat Dec 28 06:29:57 UTC 2019 /home/travis/build/icyphy/ptII/ptolemy/domains/continuous/test/auto/CompareWithCurrentTime.xml
----------------- Instantiating /home/travis/build/icyphy/ptII/ptolemy/domains/continuous/test/auto/CompareWithCurrentTime.xml
3 ms. Memory: 227328K Free: 149113K (66%)
----------------- Invoking toplevel() on ptolemy.moml.MoMLSimpleApplication@72e0d4c5
----------------- Done invoking toplevel() on ptolemy.moml.MoMLSimpleApplication@72e0d4c5
reloadAllAccessors: .CompareWithCurrentTime

===========================================================================================
----------------- testing Sat Dec 28 06:29:57 UTC 2019 /home/travis/build/icyphy/ptII/ptolemy/domains/continuous/test/auto/ComparedClocks.xml
----------------- Instantiating /home/travis/build/icyphy/ptII/ptolemy/domains/continuous/test/auto/ComparedClocks.xml
10 ms. Memory: 227328K Free: 133753K (59%)
----------------- Invoking toplevel() on ptolemy.moml.MoMLSimpleApplication@898545a
----------------- Done invoking toplevel() on ptolemy.moml.MoMLSimpleApplication@898545a
reloadAllAccessors: .ComparedClocks

===========================================================================================
----------------- testing Sat Dec 28 06:29:57 UTC 2019 /home/travis/build/icyphy/ptII/ptolemy/domains/continuous/test/auto/ContinuousAOCClone.xml
----------------- Instantiating /home/travis/build/icyphy/ptII/ptolemy/domains/continuous/test/auto/ContinuousAOCClone.xml
2301 ms. Memory: 273408K Free: 231762K (85%)
----------------- Invoking toplevel() on ptolemy.moml.MoMLSimpleApplication@5649de0c
----------------- Done invoking toplevel() on ptolemy.moml.MoMLSimpleApplication@5649de0c
reloadAllAccessors: .ContinuousAOCClone

===========================================================================================
----------------- testing Sat Dec 28 06:30:00 UTC 2019 /home/travis/build/icyphy/ptII/ptolemy/domains/continuous/test/auto/ContinuousClock.xml
----------------- Instantiating /home/travis/build/icyphy/ptII/ptolemy/domains/continuous/test/auto/ContinuousClock.xml
31 ms. Memory: 273408K Free: 209730K (77%)
----------------- Invoking toplevel() on ptolemy.moml.MoMLSimpleApplication@17c6a8ea
----------------- Done invoking toplevel() on ptolemy.moml.MoMLSimpleApplication@17c6a8ea
reloadAllAccessors: .ContinuousClock

===========================================================================================
----------------- testing Sat Dec 28 06:30:00 UTC 2019 /home/travis/build/icyphy/ptII/ptolemy/domains/continuous/test/auto/ContinuousInContinuous.xml
----------------- Instantiating /home/travis/build/icyphy/ptII/ptolemy/domains/continuous/test/auto/ContinuousInContinuous.xml
44 ms. Memory: 273408K Free: 186186K (68%)
----------------- Invoking toplevel() on ptolemy.moml.MoMLSimpleApplication@30eec38d
----------------- Done invoking toplevel() on ptolemy.moml.MoMLSimpleApplication@30eec38d
reloadAllAccessors: .ContinuousInContinuous

===========================================================================================
----------------- testing Sat Dec 28 06:30:00 UTC 2019 /home/travis/build/icyphy/ptII/ptolemy/domains/continuous/test/auto/ContinuousInContinuousInContinuous.xml
----------------- Instantiating /home/travis/build/icyphy/ptII/ptolemy/domains/continuous/test/auto/ContinuousInContinuousInContinuous.xml
6 ms. Memory: 273408K Free: 178000K (65%)
----------------- Invoking toplevel() on ptolemy.moml.MoMLSimpleApplication@3a224ad7
----------------- Done invoking toplevel() on ptolemy.moml.MoMLSimpleApplication@3a224ad7
reloadAllAccessors: .ContinuousInContinuousInContinuous

===========================================================================================
----------------- testing Sat Dec 28 06:30:00 UTC 2019 /home/travis/build/icyphy/ptII/ptolemy/domains/continuous/test/auto/ContinuousInDE.xml
----------------- Instantiating /home/travis/build/icyphy/ptII/ptolemy/domains/continuous/test/auto/ContinuousInDE.xml
93 ms. Memory: 273408K Free: 167250K (61%)
----------------- Invoking toplevel() on ptolemy.moml.MoMLSimpleApplication@6122a890
----------------- Done invoking toplevel() on ptolemy.moml.MoMLSimpleApplication@6122a890
reloadAllAccessors: .ContinuousInDE

===========================================================================================
----------------- testing Sat Dec 28 06:30:00 UTC 2019 /home/travis/build/icyphy/ptII/ptolemy/domains/continuous/test/auto/ContinuousInDE2.xml
----------------- Instantiating /home/travis/build/icyphy/ptII/ptolemy/domains/continuous/test/auto/ContinuousInDE2.xml
29 ms. Memory: 273408K Free: 157520K (58%)
----------------- Invoking toplevel() on ptolemy.moml.MoMLSimpleApplication@2f94b2cc
----------------- Done invoking toplevel() on ptolemy.moml.MoMLSimpleApplication@2f94b2cc
reloadAllAccessors: .ContinuousInDE2

===========================================================================================
----------------- testing Sat Dec 28 06:30:00 UTC 2019 /home/travis/build/icyphy/ptII/ptolemy/domains/continuous/test/auto/ContinuousInDE3.xml
----------------- Instantiating /home/travis/build/icyphy/ptII/ptolemy/domains/continuous/test/auto/ContinuousInDE3.xml
42 ms. Memory: 273408K Free: 147794K (54%)
----------------- Invoking toplevel() on ptolemy.moml.MoMLSimpleApplication@46f81257
----------------- Done invoking toplevel() on ptolemy.moml.MoMLSimpleApplication@46f81257
reloadAllAccessors: .ContinuousInDE3

===========================================================================================
----------------- testing Sat Dec 28 06:30:00 UTC 2019 /home/travis/build/icyphy/ptII/ptolemy/domains/continuous/test/auto/ContinuousInDE4.xml
----------------- Instantiating /home/travis/build/icyphy/ptII/ptolemy/domains/continuous/test/auto/ContinuousInDE4.xml
22 ms. Memory: 273408K Free: 141650K (52%)
----------------- Invoking toplevel() on ptolemy.moml.MoMLSimpleApplication@1b204af9
----------------- Done invoking toplevel() on ptolemy.moml.MoMLSimpleApplication@1b204af9
reloadAllAccessors: .ContinuousInDE4

===========================================================================================
----------------- testing Sat Dec 28 06:30:00 UTC 2019 /home/travis/build/icyphy/ptII/ptolemy/domains/continuous/test/auto/ContinuousInDEDifferentRefinements.xml
----------------- Instantiating /home/travis/build/icyphy/ptII/ptolemy/domains/continuous/test/auto/ContinuousInDEDifferentRefinements.xml
48 ms. Memory: 273408K Free: 110416K (40%)
----------------- Invoking toplevel() on ptolemy.moml.MoMLSimpleApplication@c20ba76
----------------- Done invoking toplevel() on ptolemy.moml.MoMLSimpleApplication@c20ba76
reloadAllAccessors: .ContinuousInDEDifferentRefinements

===========================================================================================
----------------- testing Sat Dec 28 06:30:01 UTC 2019 /home/travis/build/icyphy/ptII/ptolemy/domains/continuous/test/auto/ContinuousInDEDifferentRefinementsPreemptive.xml
----------------- Instantiating /home/travis/build/icyphy/ptII/ptolemy/domains/continuous/test/auto/ContinuousInDEDifferentRefinementsPreemptive.xml
55 ms. Memory: 273408K Free: 242218K (89%)
----------------- Invoking toplevel() on ptolemy.moml.MoMLSimpleApplication@77899f7
----------------- Done invoking toplevel() on ptolemy.moml.MoMLSimpleApplication@77899f7
reloadAllAccessors: .ContinuousInDEDifferentRefinementsPreemptive

===========================================================================================
----------------- testing Sat Dec 28 06:30:01 UTC 2019 /home/travis/build/icyphy/ptII/ptolemy/domains/continuous/test/auto/ContinuousInDEInContinuous2.xml
----------------- Instantiating /home/travis/build/icyphy/ptII/ptolemy/domains/continuous/test/auto/ContinuousInDEInContinuous2.xml
37 ms. Memory: 273408K Free: 230222K (84%)
----------------- Invoking toplevel() on ptolemy.moml.MoMLSimpleApplication@2a4834c
----------------- Done invoking toplevel() on ptolemy.moml.MoMLSimpleApplication@2a4834c
reloadAllAccessors: .ContinuousInDEInContinuous2

===========================================================================================
----------------- testing Sat Dec 28 06:30:01 UTC 2019 /home/travis/build/icyphy/ptII/ptolemy/domains/continuous/test/auto/ContinuousInDEInContinuous3.xml
----------------- Instantiating /home/travis/build/icyphy/ptII/ptolemy/domains/continuous/test/auto/ContinuousInDEInContinuous3.xml
37 ms. Memory: 273408K Free: 218444K (80%)
----------------- Invoking toplevel() on ptolemy.moml.MoMLSimpleApplication@6e40a666
----------------- Done invoking toplevel() on ptolemy.moml.MoMLSimpleApplication@6e40a666
reloadAllAccessors: .ContinuousInDEInContinuous3

===========================================================================================
----------------- testing Sat Dec 28 06:30:01 UTC 2019 /home/travis/build/icyphy/ptII/ptolemy/domains/continuous/test/auto/ContinuousInDEInput.xml
----------------- Instantiating /home/travis/build/icyphy/ptII/ptolemy/domains/continuous/test/auto/ContinuousInDEInput.xml
16 ms. Memory: 273408K Free: 211276K (77%)
----------------- Invoking toplevel() on ptolemy.moml.MoMLSimpleApplication@14103950
----------------- Done invoking toplevel() on ptolemy.moml.MoMLSimpleApplication@14103950
reloadAllAccessors: .ContinuousInDEInput

===========================================================================================
----------------- testing Sat Dec 28 06:30:01 UTC 2019 /home/travis/build/icyphy/ptII/ptolemy/domains/continuous/test/auto/ContinuousInDEInput2.xml
----------------- Instantiating /home/travis/build/icyphy/ptII/ptolemy/domains/continuous/test/auto/ContinuousInDEInput2.xml
14 ms. Memory: 273408K Free: 204108K (75%)
----------------- Invoking toplevel() on ptolemy.moml.MoMLSimpleApplication@480d798a
----------------- Done invoking toplevel() on ptolemy.moml.MoMLSimpleApplication@480d798a
reloadAllAccessors: .ContinuousInDEInput2

===========================================================================================
----------------- testing Sat Dec 28 06:30:01 UTC 2019 /home/travis/build/icyphy/ptII/ptolemy/domains/continuous/test/auto/ContinuousInDEInput3.xml
----------------- Instantiating /home/travis/build/icyphy/ptII/ptolemy/domains/continuous/test/auto/ContinuousInDEInput3.xml
12 ms. Memory: 273408K Free: 196940K (72%)
----------------- Invoking toplevel() on ptolemy.moml.MoMLSimpleApplication@26bbd06d
----------------- Done invoking toplevel() on ptolemy.moml.MoMLSimpleApplication@26bbd06d
reloadAllAccessors: .ContinuousInDEInput3

===========================================================================================
----------------- testing Sat Dec 28 06:30:01 UTC 2019 /home/travis/build/icyphy/ptII/ptolemy/domains/continuous/test/auto/ContinuousInDESharingRefinement.xml
----------------- Instantiating /home/travis/build/icyphy/ptII/ptolemy/domains/continuous/test/auto/ContinuousInDESharingRefinement.xml
136 ms. Memory: 273408K Free: 102732K (38%)
----------------- Invoking toplevel() on ptolemy.moml.MoMLSimpleApplication@1577fdfe
----------------- Done invoking toplevel() on ptolemy.moml.MoMLSimpleApplication@1577fdfe
reloadAllAccessors: .ContinuousInDESharingRefinement

===========================================================================================
----------------- testing Sat Dec 28 06:30:01 UTC 2019 /home/travis/build/icyphy/ptII/ptolemy/domains/continuous/test/auto/ContinuousInDEwithNoPorts.xml
----------------- Instantiating /home/travis/build/icyphy/ptII/ptolemy/domains/continuous/test/auto/ContinuousInDEwithNoPorts.xml
5 ms. Memory: 273408K Free: 98605K (36%)
----------------- Invoking toplevel() on ptolemy.moml.MoMLSimpleApplication@2411471
----------------- Done invoking toplevel() on ptolemy.moml.MoMLSimpleApplication@2411471
reloadAllAccessors: .ContinuousInDEwithNoPorts

===========================================================================================
----------------- testing Sat Dec 28 06:30:01 UTC 2019 /home/travis/build/icyphy/ptII/ptolemy/domains/continuous/test/auto/ContinuousInsideDE.xml
----------------- Instantiating /home/travis/build/icyphy/ptII/ptolemy/domains/continuous/test/auto/ContinuousInsideDE.xml
38 ms. Memory: 273408K Free: 249125K (91%)
----------------- Invoking toplevel() on ptolemy.moml.MoMLSimpleApplication@79d65c31
----------------- Done invoking toplevel() on ptolemy.moml.MoMLSimpleApplication@79d65c31
reloadAllAccessors: .ContinuousInsideDE

===========================================================================================
----------------- testing Sat Dec 28 06:30:01 UTC 2019 /home/travis/build/icyphy/ptII/ptolemy/domains/continuous/test/auto/ContinuousMerge1.xml
----------------- Instantiating /home/travis/build/icyphy/ptII/ptolemy/domains/continuous/test/auto/ContinuousMerge1.xml
2 ms. Memory: 273408K Free: 244501K (89%)
----------------- Invoking toplevel() on ptolemy.moml.MoMLSimpleApplication@162ead04
----------------- Done invoking toplevel() on ptolemy.moml.MoMLSimpleApplication@162ead04
reloadAllAccessors: .ContinuousMerge1

===========================================================================================
----------------- testing Sat Dec 28 06:30:01 UTC 2019 /home/travis/build/icyphy/ptII/ptolemy/domains/continuous/test/auto/ContinuousMerge2.xml
----------------- Instantiating /home/travis/build/icyphy/ptII/ptolemy/domains/continuous/test/auto/ContinuousMerge2.xml
16 ms. Memory: 273408K Free: 234275K (86%)
----------------- Invoking toplevel() on ptolemy.moml.MoMLSimpleApplication@559e5e69
----------------- Done invoking toplevel() on ptolemy.moml.MoMLSimpleApplication@559e5e69
reloadAllAccessors: .ContinuousMerge2

===========================================================================================
----------------- testing Sat Dec 28 06:30:01 UTC 2019 /home/travis/build/icyphy/ptII/ptolemy/domains/continuous/test/auto/ContinuousMerge3.xml
----------------- Instantiating /home/travis/build/icyphy/ptII/ptolemy/domains/continuous/test/auto/ContinuousMerge3.xml
38 ms. Memory: 273408K Free: 223525K (82%)
----------------- Invoking toplevel() on ptolemy.moml.MoMLSimpleApplication@1ad12a46
----------------- Done invoking toplevel() on ptolemy.moml.MoMLSimpleApplication@1ad12a46
reloadAllAccessors: .ContinuousMerge3

===========================================================================================
----------------- testing Sat Dec 28 06:30:01 UTC 2019 /home/travis/build/icyphy/ptII/ptolemy/domains/continuous/test/auto/ContinuousWithinContinuous.xml
----------------- Instantiating /home/travis/build/icyphy/ptII/ptolemy/domains/continuous/test/auto/ContinuousWithinContinuous.xml
38 ms. Memory: 273408K Free: 214309K (78%)
----------------- Invoking toplevel() on ptolemy.moml.MoMLSimpleApplication@28cdc0b6
----------------- Done invoking toplevel() on ptolemy.moml.MoMLSimpleApplication@28cdc0b6
reloadAllAccessors: .ContinuousWithinContinuous

===========================================================================================
----------------- testing Sat Dec 28 06:30:01 UTC 2019 /home/travis/build/icyphy/ptII/ptolemy/domains/continuous/test/auto/ContinuousWithinContinuous2.xml
----------------- Instantiating /home/travis/build/icyphy/ptII/ptolemy/domains/continuous/test/auto/ContinuousWithinContinuous2.xml
52 ms. Memory: 273408K Free: 204069K (75%)
----------------- Invoking toplevel() on ptolemy.moml.MoMLSimpleApplication@4f032c8
----------------- Done invoking toplevel() on ptolemy.moml.MoMLSimpleApplication@4f032c8
reloadAllAccessors: .ContinuousWithinContinuous2

===========================================================================================
----------------- testing Sat Dec 28 06:30:01 UTC 2019 /home/travis/build/icyphy/ptII/ptolemy/domains/continuous/test/auto/ContinuousWithinContinuous3.xml
----------------- Instantiating /home/travis/build/icyphy/ptII/ptolemy/domains/continuous/test/auto/ContinuousWithinContinuous3.xml
14 ms. Memory: 273408K Free: 196901K (72%)
----------------- Invoking toplevel() on ptolemy.moml.MoMLSimpleApplication@bf884e2
----------------- Done invoking toplevel() on ptolemy.moml.MoMLSimpleApplication@bf884e2
reloadAllAccessors: .ContinuousWithinContinuous3

===========================================================================================
----------------- testing Sat Dec 28 06:30:01 UTC 2019 /home/travis/build/icyphy/ptII/ptolemy/domains/continuous/test/auto/ContinuousWithinContinuous4.xml
----------------- Instantiating /home/travis/build/icyphy/ptII/ptolemy/domains/continuous/test/auto/ContinuousWithinContinuous4.xml
55 ms. Memory: 273408K Free: 185123K (68%)
----------------- Invoking toplevel() on ptolemy.moml.MoMLSimpleApplication@5859dd10
----------------- Done invoking toplevel() on ptolemy.moml.MoMLSimpleApplication@5859dd10
reloadAllAccessors: .ContinuousWithinContinuous4

===========================================================================================
----------------- testing Sat Dec 28 06:30:01 UTC 2019 /home/travis/build/icyphy/ptII/ptolemy/domains/continuous/test/auto/ContinuousWithinContinuous5.xml
----------------- Instantiating /home/travis/build/icyphy/ptII/ptolemy/domains/continuous/test/auto/ContinuousWithinContinuous5.xml
10 ms. Memory: 273408K Free: 177955K (65%)
----------------- Invoking toplevel() on ptolemy.moml.MoMLSimpleApplication@7bd885ab
----------------- Done invoking toplevel() on ptolemy.moml.MoMLSimpleApplication@7bd885ab
reloadAllAccessors: .ContinuousWithinContinuous5

===========================================================================================
----------------- testing Sat Dec 28 06:30:01 UTC 2019 /home/travis/build/icyphy/ptII/ptolemy/domains/continuous/test/auto/ContinuousWithinContinuous6.xml
----------------- Instantiating /home/travis/build/icyphy/ptII/ptolemy/domains/continuous/test/auto/ContinuousWithinContinuous6.xml
10 ms. Memory: 273408K Free: 170787K (62%)
----------------- Invoking toplevel() on ptolemy.moml.MoMLSimpleApplication@1e9191ff
----------------- Done invoking toplevel() on ptolemy.moml.MoMLSimpleApplication@1e9191ff
reloadAllAccessors: .ContinuousWithinContinuous6

===========================================================================================
----------------- testing Sat Dec 28 06:30:02 UTC 2019 /home/travis/build/icyphy/ptII/ptolemy/domains/continuous/test/auto/ContinuousWithinContinuous7.xml
----------------- Instantiating /home/travis/build/icyphy/ptII/ptolemy/domains/continuous/test/auto/ContinuousWithinContinuous7.xml
43 ms. Memory: 273408K Free: 160037K (59%)
----------------- Invoking toplevel() on ptolemy.moml.MoMLSimpleApplication@4a92b773
----------------- Done invoking toplevel() on ptolemy.moml.MoMLSimpleApplication@4a92b773
reloadAllAccessors: .ContinuousWithinContinuous7

===========================================================================================
----------------- testing Sat Dec 28 06:30:02 UTC 2019 /home/travis/build/icyphy/ptII/ptolemy/domains/continuous/test/auto/DCMotor.xml
----------------- Instantiating /home/travis/build/icyphy/ptII/ptolemy/domains/continuous/test/auto/DCMotor.xml
12771 ms. Memory: 273408K Free: 173502K (63%)
----------------- Invoking toplevel() on ptolemy.moml.MoMLSimpleApplication@eddc87
----------------- Done invoking toplevel() on ptolemy.moml.MoMLSimpleApplication@eddc87
reloadAllAccessors: .DCMotor

===========================================================================================
----------------- testing Sat Dec 28 06:30:14 UTC 2019 /home/travis/build/icyphy/ptII/ptolemy/domains/continuous/test/auto/DEInContinuous.xml
----------------- Instantiating /home/travis/build/icyphy/ptII/ptolemy/domains/continuous/test/auto/DEInContinuous.xml
22 ms. Memory: 273408K Free: 166862K (61%)
----------------- Invoking toplevel() on ptolemy.moml.MoMLSimpleApplication@7f12ced4
----------------- Done invoking toplevel() on ptolemy.moml.MoMLSimpleApplication@7f12ced4
reloadAllAccessors: .DEInContinuous

===========================================================================================
----------------- testing Sat Dec 28 06:30:14 UTC 2019 /home/travis/build/icyphy/ptII/ptolemy/domains/continuous/test/auto/DEinContinuous2.xml
----------------- Instantiating /home/travis/build/icyphy/ptII/ptolemy/domains/continuous/test/auto/DEinContinuous2.xml
6 ms. Memory: 273408K Free: 158670K (58%)
----------------- Invoking toplevel() on ptolemy.moml.MoMLSimpleApplication@33cc6bda
----------------- Done invoking toplevel() on ptolemy.moml.MoMLSimpleApplication@33cc6bda
reloadAllAccessors: .DEinContinuous2

===========================================================================================
----------------- testing Sat Dec 28 06:30:15 UTC 2019 /home/travis/build/icyphy/ptII/ptolemy/domains/continuous/test/auto/Derivative.xml
----------------- Instantiating /home/travis/build/icyphy/ptII/ptolemy/domains/continuous/test/auto/Derivative.xml
144 ms. Memory: 273408K Free: 129998K (48%)
----------------- Invoking toplevel() on ptolemy.moml.MoMLSimpleApplication@68f575eb
----------------- Done invoking toplevel() on ptolemy.moml.MoMLSimpleApplication@68f575eb
reloadAllAccessors: .Derivative2

===========================================================================================
----------------- testing Sat Dec 28 06:30:15 UTC 2019 /home/travis/build/icyphy/ptII/ptolemy/domains/continuous/test/auto/Derivative1.xml
----------------- Instantiating /home/travis/build/icyphy/ptII/ptolemy/domains/continuous/test/auto/Derivative1.xml
21 ms. Memory: 273408K Free: 115662K (42%)
----------------- Invoking toplevel() on ptolemy.moml.MoMLSimpleApplication@3bd280f0
----------------- Done invoking toplevel() on ptolemy.moml.MoMLSimpleApplication@3bd280f0
reloadAllAccessors: .Derivative1

===========================================================================================
----------------- testing Sat Dec 28 06:30:15 UTC 2019 /home/travis/build/icyphy/ptII/ptolemy/domains/continuous/test/auto/DiscreteClock.xml
----------------- Instantiating /home/travis/build/icyphy/ptII/ptolemy/domains/continuous/test/auto/DiscreteClock.xml
4 ms. Memory: 273408K Free: 110028K (40%)
----------------- Invoking toplevel() on ptolemy.moml.MoMLSimpleApplication@6040e63d
----------------- Done invoking toplevel() on ptolemy.moml.MoMLSimpleApplication@6040e63d
reloadAllAccessors: .DiscreteClock

===========================================================================================
----------------- testing Sat Dec 28 06:30:15 UTC 2019 /home/travis/build/icyphy/ptII/ptolemy/domains/continuous/test/auto/EfficiencyCurve.xml
----------------- Instantiating /home/travis/build/icyphy/ptII/ptolemy/domains/continuous/test/auto/EfficiencyCurve.xml
51 ms. Memory: 273408K Free: 101326K (37%)
----------------- Invoking toplevel() on ptolemy.moml.MoMLSimpleApplication@1a90c16f
----------------- Done invoking toplevel() on ptolemy.moml.MoMLSimpleApplication@1a90c16f
reloadAllAccessors: .EfficiencyCurve

===========================================================================================
----------------- testing Sat Dec 28 06:30:15 UTC 2019 /home/travis/build/icyphy/ptII/ptolemy/domains/continuous/test/auto/ExponentialResponse.xml
----------------- Instantiating /home/travis/build/icyphy/ptII/ptolemy/domains/continuous/test/auto/ExponentialResponse.xml
90 ms. Memory: 273408K Free: 248326K (91%)
----------------- Invoking toplevel() on ptolemy.moml.MoMLSimpleApplication@68052328
----------------- Done invoking toplevel() on ptolemy.moml.MoMLSimpleApplication@68052328
reloadAllAccessors: .ExponentialResponse

===========================================================================================
----------------- testing Sat Dec 28 06:30:15 UTC 2019 /home/travis/build/icyphy/ptII/ptolemy/domains/continuous/test/auto/ExponentialResponseRK45.xml
----------------- Instantiating /home/travis/build/icyphy/ptII/ptolemy/domains/continuous/test/auto/ExponentialResponseRK45.xml
22 ms. Memory: 273408K Free: 241436K (88%)
----------------- Invoking toplevel() on ptolemy.moml.MoMLSimpleApplication@244e7b57
----------------- Done invoking toplevel() on ptolemy.moml.MoMLSimpleApplication@244e7b57
reloadAllAccessors: .ExponentialResponseRK45

===========================================================================================
----------------- testing Sat Dec 28 06:30:15 UTC 2019 /home/travis/build/icyphy/ptII/ptolemy/domains/continuous/test/auto/Friction.xml
----------------- Instantiating /home/travis/build/icyphy/ptII/ptolemy/domains/continuous/test/auto/Friction.xml
1534 ms. Memory: 273408K Free: 135974K (50%)
----------------- Invoking toplevel() on ptolemy.moml.MoMLSimpleApplication@231af3fd
----------------- Done invoking toplevel() on ptolemy.moml.MoMLSimpleApplication@231af3fd
reloadAllAccessors: .Friction

===========================================================================================
----------------- testing Sat Dec 28 06:30:17 UTC 2019 /home/travis/build/icyphy/ptII/ptolemy/domains/continuous/test/auto/FurutaPendulum.xml
----------------- Instantiating /home/travis/build/icyphy/ptII/ptolemy/domains/continuous/test/auto/FurutaPendulum.xml
3160 ms. Memory: 273408K Free: 254282K (93%)
----------------- Invoking toplevel() on ptolemy.moml.MoMLSimpleApplication@5785060a
----------------- Done invoking toplevel() on ptolemy.moml.MoMLSimpleApplication@5785060a
reloadAllAccessors: .FurutaPendulum

===========================================================================================
----------------- testing Sat Dec 28 06:30:20 UTC 2019 /home/travis/build/icyphy/ptII/ptolemy/domains/continuous/test/auto/HierarchicalExecution.xml
----------------- Instantiating /home/travis/build/icyphy/ptII/ptolemy/domains/continuous/test/auto/HierarchicalExecution.xml
1709 ms. Memory: 328704K Free: 199482K (61%)
----------------- Invoking toplevel() on ptolemy.moml.MoMLSimpleApplication@163dee3a
----------------- Done invoking toplevel() on ptolemy.moml.MoMLSimpleApplication@163dee3a
reloadAllAccessors: .HierarchicalExecution

===========================================================================================
----------------- testing Sat Dec 28 06:30:22 UTC 2019 /home/travis/build/icyphy/ptII/ptolemy/domains/continuous/test/auto/HybridPlant.xml
----------------- Instantiating /home/travis/build/icyphy/ptII/ptolemy/domains/continuous/test/auto/HybridPlant.xml
435 ms. Memory: 328704K Free: 129492K (39%)
----------------- Invoking toplevel() on ptolemy.moml.MoMLSimpleApplication@5178fd22
----------------- Done invoking toplevel() on ptolemy.moml.MoMLSimpleApplication@5178fd22
reloadAllAccessors: .HybridPlant

===========================================================================================
----------------- testing Sat Dec 28 06:30:23 UTC 2019 /home/travis/build/icyphy/ptII/ptolemy/domains/continuous/test/auto/Hysteresis.xml
----------------- Instantiating /home/travis/build/icyphy/ptII/ptolemy/domains/continuous/test/auto/Hysteresis.xml
144 ms. Memory: 328704K Free: 262828K (80%)
----------------- Invoking toplevel() on ptolemy.moml.MoMLSimpleApplication@1423d31f
----------------- Done invoking toplevel() on ptolemy.moml.MoMLSimpleApplication@1423d31f
reloadAllAccessors: .Hysteresis

===========================================================================================
----------------- testing Sat Dec 28 06:30:23 UTC 2019 /home/travis/build/icyphy/ptII/ptolemy/domains/continuous/test/auto/HysteresisWithRandomDelay.xml
----------------- Instantiating /home/travis/build/icyphy/ptII/ptolemy/domains/continuous/test/auto/HysteresisWithRandomDelay.xml
174 ms. Memory: 328704K Free: 191668K (58%)
----------------- Invoking toplevel() on ptolemy.moml.MoMLSimpleApplication@2c14c582
----------------- Done invoking toplevel() on ptolemy.moml.MoMLSimpleApplication@2c14c582
reloadAllAccessors: .HysteresisWithRandomDelay

===========================================================================================
----------------- testing Sat Dec 28 06:30:23 UTC 2019 /home/travis/build/icyphy/ptII/ptolemy/domains/continuous/test/auto/HysteresisWithRandomLosses.xml
----------------- Instantiating /home/travis/build/icyphy/ptII/ptolemy/domains/continuous/test/auto/HysteresisWithRandomLosses.xml
2234 ms. Memory: 328704K Free: 247632K (75%)
----------------- Invoking toplevel() on ptolemy.moml.MoMLSimpleApplication@3ae31f9d
----------------- Done invoking toplevel() on ptolemy.moml.MoMLSimpleApplication@3ae31f9d
reloadAllAccessors: .HysteresisWithRandomLosses

===========================================================================================
----------------- testing Sat Dec 28 06:30:25 UTC 2019 /home/travis/build/icyphy/ptII/ptolemy/domains/continuous/test/auto/ImmediateTransitions.xml
----------------- Instantiating /home/travis/build/icyphy/ptII/ptolemy/domains/continuous/test/auto/ImmediateTransitions.xml
9 ms. Memory: 328704K Free: 236882K (72%)
----------------- Invoking toplevel() on ptolemy.moml.MoMLSimpleApplication@5b90388e
----------------- Done invoking toplevel() on ptolemy.moml.MoMLSimpleApplication@5b90388e
reloadAllAccessors: .ImmediateTransitions

===========================================================================================
----------------- testing Sat Dec 28 06:30:25 UTC 2019 /home/travis/build/icyphy/ptII/ptolemy/domains/continuous/test/auto/ImpulseFeedback.xml
----------------- Instantiating /home/travis/build/icyphy/ptII/ptolemy/domains/continuous/test/auto/ImpulseFeedback.xml
7 ms. Memory: 328704K Free: 231248K (70%)
----------------- Invoking toplevel() on ptolemy.moml.MoMLSimpleApplication@6d970b15
----------------- Done invoking toplevel() on ptolemy.moml.MoMLSimpleApplication@6d970b15
reloadAllAccessors: .ImpulseFeedback

===========================================================================================
----------------- testing Sat Dec 28 06:30:25 UTC 2019 /home/travis/build/icyphy/ptII/ptolemy/domains/continuous/test/auto/ImpulseFeedback2.xml
----------------- Instantiating /home/travis/build/icyphy/ptII/ptolemy/domains/continuous/test/auto/ImpulseFeedback2.xml
6 ms. Memory: 328704K Free: 225618K (69%)
----------------- Invoking toplevel() on ptolemy.moml.MoMLSimpleApplication@6ec793a6
----------------- Done invoking toplevel() on ptolemy.moml.MoMLSimpleApplication@6ec793a6
reloadAllAccessors: .ImpulseFeedback2

===========================================================================================
----------------- testing Sat Dec 28 06:30:25 UTC 2019 /home/travis/build/icyphy/ptII/ptolemy/domains/continuous/test/auto/IncreasingRatePoisson.xml
----------------- Instantiating /home/travis/build/icyphy/ptII/ptolemy/domains/continuous/test/auto/IncreasingRatePoisson.xml
695 ms. Memory: 328704K Free: 119616K (36%)
----------------- Invoking toplevel() on ptolemy.moml.MoMLSimpleApplication@3e3738dc
----------------- Done invoking toplevel() on ptolemy.moml.MoMLSimpleApplication@3e3738dc
reloadAllAccessors: .IncreasingRatePoisson

===========================================================================================
----------------- testing Sat Dec 28 06:30:26 UTC 2019 /home/travis/build/icyphy/ptII/ptolemy/domains/continuous/test/auto/InitialStateFeedback.xml
----------------- Instantiating /home/travis/build/icyphy/ptII/ptolemy/domains/continuous/test/auto/InitialStateFeedback.xml
3 ms. Memory: 328704K Free: 310574K (94%)
----------------- Invoking toplevel() on ptolemy.moml.MoMLSimpleApplication@4c720560
----------------- Done invoking toplevel() on ptolemy.moml.MoMLSimpleApplication@4c720560
reloadAllAccessors: .InitialStateFeedback

===========================================================================================
----------------- testing Sat Dec 28 06:30:26 UTC 2019 /home/travis/build/icyphy/ptII/ptolemy/domains/continuous/test/auto/Integration.xml
----------------- Instantiating /home/travis/build/icyphy/ptII/ptolemy/domains/continuous/test/auto/Integration.xml
5 ms. Memory: 328704K Free: 306478K (93%)
----------------- Invoking toplevel() on ptolemy.moml.MoMLSimpleApplication@3ba15d9e
----------------- Done invoking toplevel() on ptolemy.moml.MoMLSimpleApplication@3ba15d9e
reloadAllAccessors: .Integration

===========================================================================================
----------------- testing Sat Dec 28 06:30:26 UTC 2019 /home/travis/build/icyphy/ptII/ptolemy/domains/continuous/test/auto/Integration2.xml
----------------- Instantiating /home/travis/build/icyphy/ptII/ptolemy/domains/continuous/test/auto/Integration2.xml
70 ms. Memory: 328704K Free: 292142K (89%)
----------------- Invoking toplevel() on ptolemy.moml.MoMLSimpleApplication@b19a648
----------------- Done invoking toplevel() on ptolemy.moml.MoMLSimpleApplication@b19a648
reloadAllAccessors: .Integration2

===========================================================================================
----------------- testing Sat Dec 28 06:30:26 UTC 2019 /home/travis/build/icyphy/ptII/ptolemy/domains/continuous/test/auto/Integration3.xml
----------------- Instantiating /home/travis/build/icyphy/ptII/ptolemy/domains/continuous/test/auto/Integration3.xml
2 ms. Memory: 328704K Free: 287532K (87%)
----------------- Invoking toplevel() on ptolemy.moml.MoMLSimpleApplication@16a69e65
----------------- Done invoking toplevel() on ptolemy.moml.MoMLSimpleApplication@16a69e65
reloadAllAccessors: .Integration3

===========================================================================================
----------------- testing Sat Dec 28 06:30:26 UTC 2019 /home/travis/build/icyphy/ptII/ptolemy/domains/continuous/test/auto/Integration5.xml
----------------- Instantiating /home/travis/build/icyphy/ptII/ptolemy/domains/continuous/test/auto/Integration5.xml
2 ms. Memory: 328704K Free: 283436K (86%)
----------------- Invoking toplevel() on ptolemy.moml.MoMLSimpleApplication@337e5e6e
----------------- Done invoking toplevel() on ptolemy.moml.MoMLSimpleApplication@337e5e6e
reloadAllAccessors: .Integration5

===========================================================================================
----------------- testing Sat Dec 28 06:30:26 UTC 2019 /home/travis/build/icyphy/ptII/ptolemy/domains/continuous/test/auto/IntegratorImpulse.xml
----------------- Instantiating /home/travis/build/icyphy/ptII/ptolemy/domains/continuous/test/auto/IntegratorImpulse.xml
2 ms. Memory: 328704K Free: 279326K (85%)
----------------- Invoking toplevel() on ptolemy.moml.MoMLSimpleApplication@73d457b9
----------------- Done invoking toplevel() on ptolemy.moml.MoMLSimpleApplication@73d457b9
reloadAllAccessors: .IntegratorImpulse

===========================================================================================
----------------- testing Sat Dec 28 06:30:26 UTC 2019 /home/travis/build/icyphy/ptII/ptolemy/domains/continuous/test/auto/IntegratorImpulse2.xml
----------------- Instantiating /home/travis/build/icyphy/ptII/ptolemy/domains/continuous/test/auto/IntegratorImpulse2.xml
4 ms. Memory: 328704K Free: 274734K (84%)
----------------- Invoking toplevel() on ptolemy.moml.MoMLSimpleApplication@49b3cd74
----------------- Done invoking toplevel() on ptolemy.moml.MoMLSimpleApplication@49b3cd74
reloadAllAccessors: .IntegratorImpulse2

===========================================================================================
----------------- testing Sat Dec 28 06:30:26 UTC 2019 /home/travis/build/icyphy/ptII/ptolemy/domains/continuous/test/auto/LevelCrossing1.xml
----------------- Instantiating /home/travis/build/icyphy/ptII/ptolemy/domains/continuous/test/auto/LevelCrossing1.xml
3 ms. Memory: 328704K Free: 269614K (82%)
----------------- Invoking toplevel() on ptolemy.moml.MoMLSimpleApplication@23d7ca4b
----------------- Done invoking toplevel() on ptolemy.moml.MoMLSimpleApplication@23d7ca4b
reloadAllAccessors: .LevelCrossing1

===========================================================================================
----------------- testing Sat Dec 28 06:30:26 UTC 2019 /home/travis/build/icyphy/ptII/ptolemy/domains/continuous/test/auto/LevelCrossing2.xml
----------------- Instantiating /home/travis/build/icyphy/ptII/ptolemy/domains/continuous/test/auto/LevelCrossing2.xml
3 ms. Memory: 328704K Free: 264494K (80%)
----------------- Invoking toplevel() on ptolemy.moml.MoMLSimpleApplication@4f308284
----------------- Done invoking toplevel() on ptolemy.moml.MoMLSimpleApplication@4f308284
reloadAllAccessors: .LevelCrossing2

===========================================================================================
----------------- testing Sat Dec 28 06:30:26 UTC 2019 /home/travis/build/icyphy/ptII/ptolemy/domains/continuous/test/auto/LevelCrossing3.xml
----------------- Instantiating /home/travis/build/icyphy/ptII/ptolemy/domains/continuous/test/auto/LevelCrossing3.xml
2 ms. Memory: 328704K Free: 259374K (79%)
----------------- Invoking toplevel() on ptolemy.moml.MoMLSimpleApplication@3402d9c6
----------------- Done invoking toplevel() on ptolemy.moml.MoMLSimpleApplication@3402d9c6
reloadAllAccessors: .LevelCrossing3

===========================================================================================
----------------- testing Sat Dec 28 06:30:26 UTC 2019 /home/travis/build/icyphy/ptII/ptolemy/domains/continuous/test/auto/LevelCrossing4.xml
----------------- Instantiating /home/travis/build/icyphy/ptII/ptolemy/domains/continuous/test/auto/LevelCrossing4.xml
3 ms. Memory: 328704K Free: 254254K (77%)
----------------- Invoking toplevel() on ptolemy.moml.MoMLSimpleApplication@4d750bbd
----------------- Done invoking toplevel() on ptolemy.moml.MoMLSimpleApplication@4d750bbd
reloadAllAccessors: .LevelCrossing4

===========================================================================================
----------------- testing Sat Dec 28 06:30:26 UTC 2019 /home/travis/build/icyphy/ptII/ptolemy/domains/continuous/test/auto/LevelCrossing5.xml
----------------- Instantiating /home/travis/build/icyphy/ptII/ptolemy/domains/continuous/test/auto/LevelCrossing5.xml
3 ms. Memory: 328704K Free: 249134K (76%)
----------------- Invoking toplevel() on ptolemy.moml.MoMLSimpleApplication@77d129b5
----------------- Done invoking toplevel() on ptolemy.moml.MoMLSimpleApplication@77d129b5
reloadAllAccessors: .LevelCrossing5

===========================================================================================
[...]
----------------- testing Sat Dec 28 06:30:42 UTC 2019 /home/travis/build/icyphy/ptII/ptolemy/domains/continuous/test/auto/SRinContinuous.xml
----------------- Instantiating /home/travis/build/icyphy/ptII/ptolemy/domains/continuous/test/auto/SRinContinuous.xml
4 ms. Memory: 328704K Free: 232285K (71%)
----------------- Invoking toplevel() on ptolemy.moml.MoMLSimpleApplication@4015fe32
----------------- Done invoking toplevel() on ptolemy.moml.MoMLSimpleApplication@4015fe32
reloadAllAccessors: .SRinContinuous

===========================================================================================
----------------- testing Sat Dec 28 06:30:42 UTC 2019 /home/travis/build/icyphy/ptII/ptolemy/domains/continuous/test/auto/SampledClocks.xml
----------------- Instantiating /home/travis/build/icyphy/ptII/ptolemy/domains/continuous/test/auto/SampledClocks.xml
6 ms. Memory: 328704K Free: 219483K (67%)
----------------- Invoking toplevel() on ptolemy.moml.MoMLSimpleApplication@41345116
----------------- Done invoking toplevel() on ptolemy.moml.MoMLSimpleApplication@41345116
reloadAllAccessors: .SampledClocks

===========================================================================================
----------------- testing Sat Dec 28 06:30:42 UTC 2019 /home/travis/build/icyphy/ptII/ptolemy/domains/continuous/test/auto/Satellite.xml
----------------- Instantiating /home/travis/build/icyphy/ptII/ptolemy/domains/continuous/test/auto/Satellite.xml
709 ms. Memory: 328704K Free: 215737K (66%)
----------------- Invoking toplevel() on ptolemy.moml.MoMLSimpleApplication@75a4b674
----------------- Done invoking toplevel() on ptolemy.moml.MoMLSimpleApplication@75a4b674
reloadAllAccessors: .Satellite

===========================================================================================
----------------- testing Sat Dec 28 06:30:43 UTC 2019 /home/travis/build/icyphy/ptII/ptolemy/domains/continuous/test/auto/SigmaDelta.xml
----------------- Instantiating /home/travis/build/icyphy/ptII/ptolemy/domains/continuous/test/auto/SigmaDelta.xml
1843 ms. Memory: 328704K Free: 152898K (47%)
----------------- Invoking toplevel() on ptolemy.moml.MoMLSimpleApplication@4cb2237a
----------------- Done invoking toplevel() on ptolemy.moml.MoMLSimpleApplication@4cb2237a
reloadAllAccessors: .SigmaDelta

===========================================================================================
----------------- testing Sat Dec 28 06:30:45 UTC 2019 /home/travis/build/icyphy/ptII/ptolemy/domains/continuous/test/auto/SingleRefinement.xml
----------------- Instantiating /home/travis/build/icyphy/ptII/ptolemy/domains/continuous/test/auto/SingleRefinement.xml
300 ms. Memory: 328704K Free: 165186K (50%)
----------------- Invoking toplevel() on ptolemy.moml.MoMLSimpleApplication@7a8c1997
----------------- Done invoking toplevel() on ptolemy.moml.MoMLSimpleApplication@7a8c1997
reloadAllAccessors: .SingleRefinement

===========================================================================================
----------------- testing Sat Dec 28 06:30:45 UTC 2019 /home/travis/build/icyphy/ptII/ptolemy/domains/continuous/test/auto/SinuBouncingBall.xml
----------------- Instantiating /home/travis/build/icyphy/ptII/ptolemy/domains/continuous/test/auto/SinuBouncingBall.xml
829 ms. Memory: 328704K Free: 144034K (44%)
----------------- Invoking toplevel() on ptolemy.moml.MoMLSimpleApplication@24f4848c
----------------- Done invoking toplevel() on ptolemy.moml.MoMLSimpleApplication@24f4848c
reloadAllAccessors: .SinuBouncingBall

===========================================================================================
----------------- testing Sat Dec 28 06:30:46 UTC 2019 /home/travis/build/icyphy/ptII/ptolemy/domains/continuous/test/auto/Sinusoid.xml
----------------- Instantiating /home/travis/build/icyphy/ptII/ptolemy/domains/continuous/test/auto/Sinusoid.xml
5 ms. Memory: 328704K Free: 139394K (42%)
----------------- Invoking toplevel() on ptolemy.moml.MoMLSimpleApplication@4b8b1d89
----------------- Done invoking toplevel() on ptolemy.moml.MoMLSimpleApplication@4b8b1d89
reloadAllAccessors: .Sinusoid

===========================================================================================
----------------- testing Sat Dec 28 06:30:46 UTC 2019 /home/travis/build/icyphy/ptII/ptolemy/domains/continuous/test/auto/SinusoidInNoise.xml
----------------- Instantiating /home/travis/build/icyphy/ptII/ptolemy/domains/continuous/test/auto/SinusoidInNoise.xml
815 ms. Memory: 328704K Free: 203116K (62%)
----------------- Invoking toplevel() on ptolemy.moml.MoMLSimpleApplication@6ecbd8aa
----------------- Done invoking toplevel() on ptolemy.moml.MoMLSimpleApplication@6ecbd8aa
reloadAllAccessors: .SinusoidInNoise

===========================================================================================
----------------- testing Sat Dec 28 06:30:47 UTC 2019 /home/travis/build/icyphy/ptII/ptolemy/domains/continuous/test/auto/SinusoidRK45.xml
----------------- Instantiating /home/travis/build/icyphy/ptII/ptolemy/domains/continuous/test/auto/SinusoidRK45.xml
2 ms. Memory: 328704K Free: 198965K (61%)
----------------- Invoking toplevel() on ptolemy.moml.MoMLSimpleApplication@6fe88293
----------------- Done invoking toplevel() on ptolemy.moml.MoMLSimpleApplication@6fe88293
reloadAllAccessors: .SinusoidRK45

===========================================================================================
----------------- testing Sat Dec 28 06:30:47 UTC 2019 /home/travis/build/icyphy/ptII/ptolemy/domains/continuous/test/auto/SinusoidWithMultipleImpulses.xml
----------------- Instantiating /home/travis/build/icyphy/ptII/ptolemy/domains/continuous/test/auto/SinusoidWithMultipleImpulses.xml
3 ms. Memory: 328704K Free: 194355K (59%)
----------------- Invoking toplevel() on ptolemy.moml.MoMLSimpleApplication@2f3541ed
----------------- Done invoking toplevel() on ptolemy.moml.MoMLSimpleApplication@2f3541ed
reloadAllAccessors: .SinusoidWithMultipleImpulses

===========================================================================================
----------------- testing Sat Dec 28 06:30:47 UTC 2019 /home/travis/build/icyphy/ptII/ptolemy/domains/continuous/test/auto/SquareWave.xml
----------------- Instantiating /home/travis/build/icyphy/ptII/ptolemy/domains/continuous/test/auto/SquareWave.xml
127 ms. Memory: 328704K Free: 167221K (51%)
----------------- Invoking toplevel() on ptolemy.moml.MoMLSimpleApplication@236061ef
----------------- Done invoking toplevel() on ptolemy.moml.MoMLSimpleApplication@236061ef
reloadAllAccessors: .SquareWave

===========================================================================================
----------------- testing Sat Dec 28 06:30:47 UTC 2019 /home/travis/build/icyphy/ptII/ptolemy/domains/continuous/test/auto/Starmac.xml
----------------- Instantiating /home/travis/build/icyphy/ptII/ptolemy/domains/continuous/test/auto/Starmac.xml
3035 ms. Memory: 328704K Free: 243498K (74%)
----------------- Invoking toplevel() on ptolemy.moml.MoMLSimpleApplication@2ef7c42
----------------- Done invoking toplevel() on ptolemy.moml.MoMLSimpleApplication@2ef7c42
reloadAllAccessors: .Starmac

===========================================================================================
----------------- testing Sat Dec 28 06:30:51 UTC 2019 /home/travis/build/icyphy/ptII/ptolemy/domains/continuous/test/auto/StaticUnits.xml
----------------- Instantiating /home/travis/build/icyphy/ptII/ptolemy/domains/continuous/test/auto/StaticUnits.xml
1642 ms. Memory: 328704K Free: 171295K (52%)
----------------- Invoking toplevel() on ptolemy.moml.MoMLSimpleApplication@3e3272d9
----------------- Done invoking toplevel() on ptolemy.moml.MoMLSimpleApplication@3e3272d9
reloadAllAccessors: .StaticUnits

===========================================================================================
----------------- testing Sat Dec 28 06:30:53 UTC 2019 /home/travis/build/icyphy/ptII/ptolemy/domains/continuous/test/auto/StickyMasses.xml
----------------- Instantiating /home/travis/build/icyphy/ptII/ptolemy/domains/continuous/test/auto/StickyMasses.xml
133 ms. Memory: 328704K Free: 121633K (37%)
----------------- Invoking toplevel() on ptolemy.moml.MoMLSimpleApplication@3c2a5598
----------------- Done invoking toplevel() on ptolemy.moml.MoMLSimpleApplication@3c2a5598
reloadAllAccessors: .StickyMasses

===========================================================================================
----------------- testing Sat Dec 28 06:30:53 UTC 2019 /home/travis/build/icyphy/ptII/ptolemy/domains/continuous/test/auto/StopTime.xml
----------------- Instantiating /home/travis/build/icyphy/ptII/ptolemy/domains/continuous/test/auto/StopTime.xml
39 ms. Memory: 328704K Free: 287940K (88%)
----------------- Invoking toplevel() on ptolemy.moml.MoMLSimpleApplication@63e48d8f
----------------- Done invoking toplevel() on ptolemy.moml.MoMLSimpleApplication@63e48d8f
reloadAllAccessors: .StopTime

===========================================================================================
----------------- testing Sat Dec 28 06:30:53 UTC 2019 /home/travis/build/icyphy/ptII/ptolemy/domains/continuous/test/auto/StopTime2.xml
----------------- Instantiating /home/travis/build/icyphy/ptII/ptolemy/domains/continuous/test/auto/StopTime2.xml
33 ms. Memory: 328704K Free: 265941K (81%)
----------------- Invoking toplevel() on ptolemy.moml.MoMLSimpleApplication@7f199fc8
----------------- Done invoking toplevel() on ptolemy.moml.MoMLSimpleApplication@7f199fc8
reloadAllAccessors: .StopTime2

===========================================================================================
----------------- testing Sat Dec 28 06:30:53 UTC 2019 /home/travis/build/icyphy/ptII/ptolemy/domains/continuous/test/auto/Switch.xml
----------------- Instantiating /home/travis/build/icyphy/ptII/ptolemy/domains/continuous/test/auto/Switch.xml
38 ms. Memory: 328704K Free: 240836K (73%)
----------------- Invoking toplevel() on ptolemy.moml.MoMLSimpleApplication@280cad37
----------------- Done invoking toplevel() on ptolemy.moml.MoMLSimpleApplication@280cad37
reloadAllAccessors: .Switch

===========================================================================================
----------------- testing Sat Dec 28 06:30:53 UTC 2019 /home/travis/build/icyphy/ptII/ptolemy/domains/continuous/test/auto/Thermostat.xml
----------------- Instantiating /home/travis/build/icyphy/ptII/ptolemy/domains/continuous/test/auto/Thermostat.xml
175 ms. Memory: 328704K Free: 169685K (52%)
----------------- Invoking toplevel() on ptolemy.moml.MoMLSimpleApplication@72c10c78
----------------- Done invoking toplevel() on ptolemy.moml.MoMLSimpleApplication@72c10c78
reloadAllAccessors: .Thermostat

===========================================================================================
----------------- testing Sat Dec 28 06:30:53 UTC 2019 /home/travis/build/icyphy/ptII/ptolemy/domains/continuous/test/auto/TimeDelay.xml
----------------- Instantiating /home/travis/build/icyphy/ptII/ptolemy/domains/continuous/test/auto/TimeDelay.xml
5 ms. Memory: 328704K Free: 165060K (50%)
----------------- Invoking toplevel() on ptolemy.moml.MoMLSimpleApplication@17dd54ec
----------------- Done invoking toplevel() on ptolemy.moml.MoMLSimpleApplication@17dd54ec
reloadAllAccessors: .TimeDelay

===========================================================================================
----------------- testing Sat Dec 28 06:30:53 UTC 2019 /home/travis/build/icyphy/ptII/ptolemy/domains/continuous/test/auto/TimeDelay2.xml
----------------- Instantiating /home/travis/build/icyphy/ptII/ptolemy/domains/continuous/test/auto/TimeDelay2.xml
10 ms. Memory: 328704K Free: 154835K (47%)
----------------- Invoking toplevel() on ptolemy.moml.MoMLSimpleApplication@4cef20a1
----------------- Done invoking toplevel() on ptolemy.moml.MoMLSimpleApplication@4cef20a1
reloadAllAccessors: .TimeDelay2

===========================================================================================
----------------- testing Sat Dec 28 06:30:54 UTC 2019 /home/travis/build/icyphy/ptII/ptolemy/domains/continuous/test/auto/TimeDelay3.xml
----------------- Instantiating /home/travis/build/icyphy/ptII/ptolemy/domains/continuous/test/auto/TimeDelay3.xml
5 ms. Memory: 328704K Free: 150227K (46%)
----------------- Invoking toplevel() on ptolemy.moml.MoMLSimpleApplication@34d03c89
----------------- Done invoking toplevel() on ptolemy.moml.MoMLSimpleApplication@34d03c89
reloadAllAccessors: .TimeDelay3

===========================================================================================
----------------- testing Sat Dec 28 06:30:54 UTC 2019 /home/travis/build/icyphy/ptII/ptolemy/domains/continuous/test/auto/TransferAbsentToInside.xml
----------------- Instantiating /home/travis/build/icyphy/ptII/ptolemy/domains/continuous/test/auto/TransferAbsentToInside.xml
27 ms. Memory: 328704K Free: 286896K (87%)
----------------- Invoking toplevel() on ptolemy.moml.MoMLSimpleApplication@31f78c2e
----------------- Done invoking toplevel() on ptolemy.moml.MoMLSimpleApplication@31f78c2e
reloadAllAccessors: .TransferAbsentToInside

===========================================================================================
----------------- testing Sat Dec 28 06:30:54 UTC 2019 /home/travis/build/icyphy/ptII/ptolemy/domains/continuous/test/auto/Transmission.xml
----------------- Instantiating /home/travis/build/icyphy/ptII/ptolemy/domains/continuous/test/auto/Transmission.xml
703 ms. Memory: 328704K Free: 251051K (76%)
----------------- Invoking toplevel() on ptolemy.moml.MoMLSimpleApplication@283105bc
----------------- Done invoking toplevel() on ptolemy.moml.MoMLSimpleApplication@283105bc
reloadAllAccessors: .Transmission

===========================================================================================
----------------- testing Sat Dec 28 06:30:54 UTC 2019 /home/travis/build/icyphy/ptII/ptolemy/domains/continuous/test/auto/TriggeredContinuousClock.xml
----------------- Instantiating /home/travis/build/icyphy/ptII/ptolemy/domains/continuous/test/auto/TriggeredContinuousClock.xml
34 ms. Memory: 328704K Free: 221900K (68%)
----------------- Invoking toplevel() on ptolemy.moml.MoMLSimpleApplication@58d2b523
----------------- Done invoking toplevel() on ptolemy.moml.MoMLSimpleApplication@58d2b523
reloadAllAccessors: .TriggeredContinuousClock

===========================================================================================
----------------- testing Sat Dec 28 06:30:54 UTC 2019 /home/travis/build/icyphy/ptII/ptolemy/domains/continuous/test/auto/TwoMachineInfiniteBusControl.xml
----------------- Instantiating /home/travis/build/icyphy/ptII/ptolemy/domains/continuous/test/auto/TwoMachineInfiniteBusControl.xml
2185 ms. Memory: 328704K Free: 216234K (66%)
----------------- Invoking toplevel() on ptolemy.moml.MoMLSimpleApplication@7426c76b
----------------- Done invoking toplevel() on ptolemy.moml.MoMLSimpleApplication@7426c76b
reloadAllAccessors: .TwoMachineInfiniteBusControl

===========================================================================================
----------------- testing Sat Dec 28 06:30:57 UTC 2019 /home/travis/build/icyphy/ptII/ptolemy/domains/continuous/test/auto/V2V.xml
----------------- Instantiating /home/travis/build/icyphy/ptII/ptolemy/domains/continuous/test/auto/V2V.xml
661 ms. Memory: 328704K Free: 220814K (67%)
----------------- Invoking toplevel() on ptolemy.moml.MoMLSimpleApplication@be9be1e
----------------- Done invoking toplevel() on ptolemy.moml.MoMLSimpleApplication@be9be1e
reloadAllAccessors: .V2V

===========================================================================================
----------------- testing Sat Dec 28 06:30:57 UTC 2019 /home/travis/build/icyphy/ptII/ptolemy/domains/continuous/test/auto/hierarchicalModalModel.xml
----------------- Instantiating /home/travis/build/icyphy/ptII/ptolemy/domains/continuous/test/auto/hierarchicalModalModel.xml
8 ms. Memory: 328704K Free: 205964K (63%)
----------------- Invoking toplevel() on ptolemy.moml.MoMLSimpleApplication@53628296
----------------- Done invoking toplevel() on ptolemy.moml.MoMLSimpleApplication@53628296
reloadAllAccessors: .hierarchicalModalModel

===========================================================================================
----------------- testing Sat Dec 28 06:30:57 UTC 2019 /home/travis/build/icyphy/ptII/ptolemy/domains/continuous/test/auto/hierarchicalModalModel1.xml
----------------- Instantiating /home/travis/build/icyphy/ptII/ptolemy/domains/continuous/test/auto/hierarchicalModalModel1.xml
9 ms. Memory: 328704K Free: 191628K (58%)
----------------- Invoking toplevel() on ptolemy.moml.MoMLSimpleApplication@4738c4a2
----------------- Done invoking toplevel() on ptolemy.moml.MoMLSimpleApplication@4738c4a2
reloadAllAccessors: .hierarchicalModalModel1

===========================================================================================
----------------- testing Sat Dec 28 06:30:58 UTC 2019 /home/travis/build/icyphy/ptII/ptolemy/domains/continuous/test/auto/hierarchicalModalModel2.xml
----------------- Instantiating /home/travis/build/icyphy/ptII/ptolemy/domains/continuous/test/auto/hierarchicalModalModel2.xml
6 ms. Memory: 328704K Free: 179340K (55%)
----------------- Invoking toplevel() on ptolemy.moml.MoMLSimpleApplication@54c3096c
----------------- Done invoking toplevel() on ptolemy.moml.MoMLSimpleApplication@54c3096c
reloadAllAccessors: .hierarchicalModalModel2

===========================================================================================
----------------- testing Sat Dec 28 06:30:58 UTC 2019 /home/travis/build/icyphy/ptII/ptolemy/domains/continuous/test/auto/hierarchicalModalModel3.xml
----------------- Instantiating /home/travis/build/icyphy/ptII/ptolemy/domains/continuous/test/auto/hierarchicalModalModel3.xml
5 ms. Memory: 328704K Free: 168590K (51%)
----------------- Invoking toplevel() on ptolemy.moml.MoMLSimpleApplication@5285b351
----------------- Done invoking toplevel() on ptolemy.moml.MoMLSimpleApplication@5285b351
reloadAllAccessors: .hierarchicalModalModel3

===========================================================================================
----------------- testing Sat Dec 28 06:30:58 UTC 2019 /home/travis/build/icyphy/ptII/ptolemy/domains/continuous/test/auto/hierarchicalModalModel4.xml
----------------- Instantiating /home/travis/build/icyphy/ptII/ptolemy/domains/continuous/test/auto/hierarchicalModalModel4.xml
8 ms. Memory: 328704K Free: 156812K (48%)
----------------- Invoking toplevel() on ptolemy.moml.MoMLSimpleApplication@2abbabf3
----------------- Done invoking toplevel() on ptolemy.moml.MoMLSimpleApplication@2abbabf3
reloadAllAccessors: .hierarchicalModalModel4

===========================================================================================
----------------- testing Sat Dec 28 06:30:58 UTC 2019 /home/travis/build/icyphy/ptII/ptolemy/domains/continuous/test/auto/junk.xml
----------------- Instantiating /home/travis/build/icyphy/ptII/ptolemy/domains/continuous/test/auto/junk.xml
104 ms. Memory: 328704K Free: 132236K (40%)
----------------- Invoking toplevel() on ptolemy.moml.MoMLSimpleApplication@4f66d78b
----------------- Done invoking toplevel() on ptolemy.moml.MoMLSimpleApplication@4f66d78b
reloadAllAccessors: .junk
AutoTests.java: About to close Vertx.
AutoTests.java: Vertx closed.
]]></system-out>
  <system-err><![CDATA[Warning: '.HysteresisWithRandomDelay.NonStrictTest3' The test produced only 27 tokens, yet the correctValues parameter was expecting 30 tokens.
Warning: '.IncreasingRatePoisson.NonStrictTest' The test produced only 396 tokens, yet the correctValues parameter was expecting 402 tokens.
Warning: '.Poisson.NonStrictTest' The test produced only 413 tokens, yet the correctValues parameter was expecting 430 tokens.
]]></system-err>
</testsuite>
