<?xml version="1.0" encoding="UTF-8" ?>
<testsuite errors="0" failures="0" hostname="travis-job-8d884ae0-c4b5-4869-91d5-4d189b61fbb1" name="ptolemy.actor.lib.hoc.test.junit.JUnitTclTest" skipped="0" tests="58" time="34.306" timestamp="2020-10-13T13:14:54">
  <properties>
[...]
</properties>
  <testcase classname="ptolemy.util.test.junit.TclTests" name="[0] /home/travis/build/icyphy/ptII/ptolemy/actor/lib/hoc/test/IterateOverArray.tcl (RunTclFile)" time="0.322" />
  <testcase classname="ptolemy.util.test.junit.AutoKnownFailedTests" name="[0] /home/travis/build/icyphy/ptII/ptolemy/actor/lib/hoc/test/auto/knownFailedTests/PreinitializeMustBeInvokedRunComposite.xml (RunModel)" time="0.45" />
  <testcase classname="ptolemy.util.test.junit.AutoNameArchTests" name="[0] ThereAreNoAutoArchTests (RunModel)" time="0.001" />
  <testcase classname="ptolemy.util.test.junit.AutoTests" name="[0] /home/travis/build/icyphy/ptII/ptolemy/actor/lib/hoc/test/auto/AllToAllMultiInstanceComposite.xml (RunModel)" time="0.44" />
  <testcase classname="ptolemy.util.test.junit.AutoTests" name="[1] /home/travis/build/icyphy/ptII/ptolemy/actor/lib/hoc/test/auto/ApplyFFTTest.xml (RunModel)" time="0.46" />
  <testcase classname="ptolemy.util.test.junit.AutoTests" name="[2] /home/travis/build/icyphy/ptII/ptolemy/actor/lib/hoc/test/auto/ApplyFunction.xml (RunModel)" time="0.08" />
  <testcase classname="ptolemy.util.test.junit.AutoTests" name="[3] /home/travis/build/icyphy/ptII/ptolemy/actor/lib/hoc/test/auto/BackgroundExecution.xml (RunModel)" time="0.784" />
  <testcase classname="ptolemy.util.test.junit.AutoTests" name="[4] /home/travis/build/icyphy/ptII/ptolemy/actor/lib/hoc/test/auto/Case.xml (RunModel)" time="0.068" />
  <testcase classname="ptolemy.util.test.junit.AutoTests" name="[5] /home/travis/build/icyphy/ptII/ptolemy/actor/lib/hoc/test/auto/Case1.xml (RunModel)" time="0.083" />
  <testcase classname="ptolemy.util.test.junit.AutoTests" name="[6] /home/travis/build/icyphy/ptII/ptolemy/actor/lib/hoc/test/auto/Case2.xml (RunModel)" time="0.135" />
  <testcase classname="ptolemy.util.test.junit.AutoTests" name="[7] /home/travis/build/icyphy/ptII/ptolemy/actor/lib/hoc/test/auto/Case3.xml (RunModel)" time="0.045" />
  <testcase classname="ptolemy.util.test.junit.AutoTests" name="[8] /home/travis/build/icyphy/ptII/ptolemy/actor/lib/hoc/test/auto/Case4.xml (RunModel)" time="0.062" />
  <testcase classname="ptolemy.util.test.junit.AutoTests" name="[9] /home/travis/build/icyphy/ptII/ptolemy/actor/lib/hoc/test/auto/Case5.xml (RunModel)" time="0.084" />
  <testcase classname="ptolemy.util.test.junit.AutoTests" name="[10] /home/travis/build/icyphy/ptII/ptolemy/actor/lib/hoc/test/auto/Case6.xml (RunModel)" time="0.064" />
  <testcase classname="ptolemy.util.test.junit.AutoTests" name="[11] /home/travis/build/icyphy/ptII/ptolemy/actor/lib/hoc/test/auto/CaseString2.xml (RunModel)" time="0.045" />
  <testcase classname="ptolemy.util.test.junit.AutoTests" name="[12] /home/travis/build/icyphy/ptII/ptolemy/actor/lib/hoc/test/auto/CatchUpComposite1.xml (RunModel)" time="0.09" />
  <testcase classname="ptolemy.util.test.junit.AutoTests" name="[13] /home/travis/build/icyphy/ptII/ptolemy/actor/lib/hoc/test/auto/CatchUpComposite2.xml (RunModel)" time="0.074" />
  <testcase classname="ptolemy.util.test.junit.AutoTests" name="[14] /home/travis/build/icyphy/ptII/ptolemy/actor/lib/hoc/test/auto/CatchUpComposite3.xml (RunModel)" time="0.068" />
  <testcase classname="ptolemy.util.test.junit.AutoTests" name="[15] /home/travis/build/icyphy/ptII/ptolemy/actor/lib/hoc/test/auto/CatchUpComposite4.xml (RunModel)" time="0.076" />
  <testcase classname="ptolemy.util.test.junit.AutoTests" name="[16] /home/travis/build/icyphy/ptII/ptolemy/actor/lib/hoc/test/auto/CatchUpComposite5.xml (RunModel)" time="0.052" />
  <testcase classname="ptolemy.util.test.junit.AutoTests" name="[17] /home/travis/build/icyphy/ptII/ptolemy/actor/lib/hoc/test/auto/CatchUpComposite6.xml (RunModel)" time="0.205" />
  <testcase classname="ptolemy.util.test.junit.AutoTests" name="[18] /home/travis/build/icyphy/ptII/ptolemy/actor/lib/hoc/test/auto/CatchUpComposite7.xml (RunModel)" time="0.098" />
  <testcase classname="ptolemy.util.test.junit.AutoTests" name="[19] /home/travis/build/icyphy/ptII/ptolemy/actor/lib/hoc/test/auto/ConcurrentExecutionTimeSDF.xml (RunModel)" time="1.959" />
  <testcase classname="ptolemy.util.test.junit.AutoTests" name="[20] /home/travis/build/icyphy/ptII/ptolemy/actor/lib/hoc/test/auto/ConcurrentSleep.xml (RunModel)" time="0.769" />
  <testcase classname="ptolemy.util.test.junit.AutoTests" name="[21] /home/travis/build/icyphy/ptII/ptolemy/actor/lib/hoc/test/auto/DEInPNInRunCompositeActor.xml (RunModel)" time="0.043" />
  <testcase classname="ptolemy.util.test.junit.AutoTests" name="[22] /home/travis/build/icyphy/ptII/ptolemy/actor/lib/hoc/test/auto/DFTSubSetTest.xml (RunModel)" time="0.338" />
  <testcase classname="ptolemy.util.test.junit.AutoTests" name="[23] /home/travis/build/icyphy/ptII/ptolemy/actor/lib/hoc/test/auto/HocDE.xml (RunModel)" time="0.202" />
  <testcase classname="ptolemy.util.test.junit.AutoTests" name="[24] /home/travis/build/icyphy/ptII/ptolemy/actor/lib/hoc/test/auto/IterateOverArray.xml (RunModel)" time="0.033" />
  <testcase classname="ptolemy.util.test.junit.AutoTests" name="[25] /home/travis/build/icyphy/ptII/ptolemy/actor/lib/hoc/test/auto/IterateOverArray10.xml (RunModel)" time="0.035" />
  <testcase classname="ptolemy.util.test.junit.AutoTests" name="[26] /home/travis/build/icyphy/ptII/ptolemy/actor/lib/hoc/test/auto/IterateOverArray11.xml (RunModel)" time="0.024" />
  <testcase classname="ptolemy.util.test.junit.AutoTests" name="[27] /home/travis/build/icyphy/ptII/ptolemy/actor/lib/hoc/test/auto/IterateOverArray12.xml (RunModel)" time="0.037" />
  <testcase classname="ptolemy.util.test.junit.AutoTests" name="[28] /home/travis/build/icyphy/ptII/ptolemy/actor/lib/hoc/test/auto/IterateOverArray13.xml (RunModel)" time="0.165" />
  <testcase classname="ptolemy.util.test.junit.AutoTests" name="[29] /home/travis/build/icyphy/ptII/ptolemy/actor/lib/hoc/test/auto/IterateOverArray14.xml (RunModel)" time="0.146" />
  <testcase classname="ptolemy.util.test.junit.AutoTests" name="[30] /home/travis/build/icyphy/ptII/ptolemy/actor/lib/hoc/test/auto/IterateOverArray2.xml (RunModel)" time="0.025" />
  <testcase classname="ptolemy.util.test.junit.AutoTests" name="[31] /home/travis/build/icyphy/ptII/ptolemy/actor/lib/hoc/test/auto/IterateOverArray3.xml (RunModel)" time="0.032" />
  <testcase classname="ptolemy.util.test.junit.AutoTests" name="[32] /home/travis/build/icyphy/ptII/ptolemy/actor/lib/hoc/test/auto/IterateOverArray4.xml (RunModel)" time="0.024" />
  <testcase classname="ptolemy.util.test.junit.AutoTests" name="[33] /home/travis/build/icyphy/ptII/ptolemy/actor/lib/hoc/test/auto/IterateOverArray5.xml (RunModel)" time="0.021" />
  <testcase classname="ptolemy.util.test.junit.AutoTests" name="[34] /home/travis/build/icyphy/ptII/ptolemy/actor/lib/hoc/test/auto/IterateOverArray6.xml (RunModel)" time="0.021" />
  <testcase classname="ptolemy.util.test.junit.AutoTests" name="[35] /home/travis/build/icyphy/ptII/ptolemy/actor/lib/hoc/test/auto/IterateOverArray7.xml (RunModel)" time="0.019" />
  <testcase classname="ptolemy.util.test.junit.AutoTests" name="[36] /home/travis/build/icyphy/ptII/ptolemy/actor/lib/hoc/test/auto/IterateOverArray8.xml (RunModel)" time="0.022" />
  <testcase classname="ptolemy.util.test.junit.AutoTests" name="[37] /home/travis/build/icyphy/ptII/ptolemy/actor/lib/hoc/test/auto/IterateOverArray9.xml (RunModel)" time="0.032" />
  <testcase classname="ptolemy.util.test.junit.AutoTests" name="[38] /home/travis/build/icyphy/ptII/ptolemy/actor/lib/hoc/test/auto/IterateOverArrayCoercedOutputType.xml (RunModel)" time="0.049" />
  <testcase classname="ptolemy.util.test.junit.AutoTests" name="[39] /home/travis/build/icyphy/ptII/ptolemy/actor/lib/hoc/test/auto/IterateOverArrayInferredOutputType.xml (RunModel)" time="0.035" />
  <testcase classname="ptolemy.util.test.junit.AutoTests" name="[40] /home/travis/build/icyphy/ptII/ptolemy/actor/lib/hoc/test/auto/MobileFunctionTest.xml (RunModel)" time="0.022" />
  <testcase classname="ptolemy.util.test.junit.AutoTests" name="[41] /home/travis/build/icyphy/ptII/ptolemy/actor/lib/hoc/test/auto/MobileModelTest.xml (RunModel)" time="0.183" />
  <testcase classname="ptolemy.util.test.junit.AutoTests" name="[42] /home/travis/build/icyphy/ptII/ptolemy/actor/lib/hoc/test/auto/ModelReference.xml (RunModel)" time="0.073" />
  <testcase classname="ptolemy.util.test.junit.AutoTests" name="[43] /home/travis/build/icyphy/ptII/ptolemy/actor/lib/hoc/test/auto/ModelReference3.xml (RunModel)" time="0.078" />
  <testcase classname="ptolemy.util.test.junit.AutoTests" name="[44] /home/travis/build/icyphy/ptII/ptolemy/actor/lib/hoc/test/auto/ModelReference4.xml (RunModel)" time="10.031" />
  <testcase classname="ptolemy.util.test.junit.AutoTests" name="[45] /home/travis/build/icyphy/ptII/ptolemy/actor/lib/hoc/test/auto/MultiInstanceComposite.xml (RunModel)" time="0.065" />
  <testcase classname="ptolemy.util.test.junit.AutoTests" name="[46] /home/travis/build/icyphy/ptII/ptolemy/actor/lib/hoc/test/auto/MultiInstanceComposite2.xml (RunModel)" time="0.043" />
  <testcase classname="ptolemy.util.test.junit.AutoTests" name="[47] /home/travis/build/icyphy/ptII/ptolemy/actor/lib/hoc/test/auto/MulticoreExecution.xml (RunModel)" time="1.084" />
  <testcase classname="ptolemy.util.test.junit.AutoTests" name="[48] /home/travis/build/icyphy/ptII/ptolemy/actor/lib/hoc/test/auto/ParallelExecution.xml (RunModel)" time="0.936" />
  <testcase classname="ptolemy.util.test.junit.AutoTests" name="[49] /home/travis/build/icyphy/ptII/ptolemy/actor/lib/hoc/test/auto/RunCompositeActor.xml (RunModel)" time="0.022" />
  <testcase classname="ptolemy.util.test.junit.AutoTests" name="[50] /home/travis/build/icyphy/ptII/ptolemy/actor/lib/hoc/test/auto/RunCompositeActor2.xml (RunModel)" time="0.025" />
  <testcase classname="ptolemy.util.test.junit.AutoTests" name="[51] /home/travis/build/icyphy/ptII/ptolemy/actor/lib/hoc/test/auto/RunCompositeActor3.xml (RunModel)" time="0.02" />
  <testcase classname="ptolemy.util.test.junit.AutoTests" name="[52] /home/travis/build/icyphy/ptII/ptolemy/actor/lib/hoc/test/auto/RunCompositeActor4.xml (RunModel)" time="0.027" />
  <testcase classname="ptolemy.util.test.junit.AutoTests" name="[53] /home/travis/build/icyphy/ptII/ptolemy/actor/lib/hoc/test/auto/RunCompositeIterateOverArray.xml (RunModel)" time="0.023" />
  <testcase classname="ptolemy.util.test.junit.AutoTests" name="[54] /home/travis/build/icyphy/ptII/ptolemy/actor/lib/hoc/test/auto/ThreadedJS.xml (RunModel)" time="13.098" />
  <system-out><![CDATA[/home/travis/build/icyphy/ptII/ptolemy/actor/lib/hoc/test/IterateOverArray.tcl
testDefs.tcl: setting time out to 9000 seconds at Tue Oct 13 13:14:54 UTC 2020
10/13/20 01:14:54
Failed: 0  Total Tests: 2  ((Passed: 2, Newly Passed: 0)  Known Failed: 0) /home/travis/build/icyphy/ptII/ptolemy/actor/lib/hoc/test
----------------- testing (KnownFailure) /home/travis/build/icyphy/ptII/ptolemy/actor/lib/hoc/test/auto/knownFailedTests/PreinitializeMustBeInvokedRunComposite.xml
122 ms. Memory: 129024K Free: 85960K (67%)
Known Failure: java.lang.reflect.InvocationTargetException
No auto/linux-amd64/*.xml tests in /home/travis/build/icyphy/ptII/ptolemy/actor/lib/hoc/test
AutoTests.java: About to close Vertx.
AutoTests.java: Vertx closed.

===========================================================================================
----------------- testing Tue Oct 13 13:14:55 UTC 2020 /home/travis/build/icyphy/ptII/ptolemy/actor/lib/hoc/test/auto/AllToAllMultiInstanceComposite.xml
----------------- Instantiating /home/travis/build/icyphy/ptII/ptolemy/actor/lib/hoc/test/auto/AllToAllMultiInstanceComposite.xml
231 ms. Memory: 129024K Free: 105646K (82%)
----------------- Invoking toplevel() on ptolemy.moml.MoMLSimpleApplication@4a2b48c6
----------------- Done invoking toplevel() on ptolemy.moml.MoMLSimpleApplication@4a2b48c6
reloadAllAccessors: .AllToAllMultiInstanceComposite

===========================================================================================
----------------- testing Tue Oct 13 13:14:56 UTC 2020 /home/travis/build/icyphy/ptII/ptolemy/actor/lib/hoc/test/auto/ApplyFFTTest.xml
----------------- Instantiating /home/travis/build/icyphy/ptII/ptolemy/actor/lib/hoc/test/auto/ApplyFFTTest.xml
206 ms. Memory: 129024K Free: 86976K (67%)
----------------- Invoking toplevel() on ptolemy.moml.MoMLSimpleApplication@fc714dc
----------------- Done invoking toplevel() on ptolemy.moml.MoMLSimpleApplication@fc714dc
reloadAllAccessors: .ApplyFFTTest

===========================================================================================
----------------- testing Tue Oct 13 13:14:56 UTC 2020 /home/travis/build/icyphy/ptII/ptolemy/actor/lib/hoc/test/auto/ApplyFunction.xml
----------------- Instantiating /home/travis/build/icyphy/ptII/ptolemy/actor/lib/hoc/test/auto/ApplyFunction.xml
9 ms. Memory: 129024K Free: 83866K (65%)
----------------- Invoking toplevel() on ptolemy.moml.MoMLSimpleApplication@1f293f9d
----------------- Done invoking toplevel() on ptolemy.moml.MoMLSimpleApplication@1f293f9d
reloadAllAccessors: .ApplyFunction

===========================================================================================
----------------- testing Tue Oct 13 13:14:56 UTC 2020 /home/travis/build/icyphy/ptII/ptolemy/actor/lib/hoc/test/auto/BackgroundExecution.xml
----------------- Instantiating /home/travis/build/icyphy/ptII/ptolemy/actor/lib/hoc/test/auto/BackgroundExecution.xml
657 ms. Memory: 129024K Free: 76471K (59%)
----------------- Invoking toplevel() on ptolemy.moml.MoMLSimpleApplication@765ea89d
----------------- Done invoking toplevel() on ptolemy.moml.MoMLSimpleApplication@765ea89d
reloadAllAccessors: .BackgroundExecution

===========================================================================================
----------------- testing Tue Oct 13 13:14:57 UTC 2020 /home/travis/build/icyphy/ptII/ptolemy/actor/lib/hoc/test/auto/Case.xml
----------------- Instantiating /home/travis/build/icyphy/ptII/ptolemy/actor/lib/hoc/test/auto/Case.xml
24 ms. Memory: 129024K Free: 69568K (54%)
----------------- Invoking toplevel() on ptolemy.moml.MoMLSimpleApplication@1ccc184e
----------------- Done invoking toplevel() on ptolemy.moml.MoMLSimpleApplication@1ccc184e
reloadAllAccessors: .Case

===========================================================================================
----------------- testing Tue Oct 13 13:14:57 UTC 2020 /home/travis/build/icyphy/ptII/ptolemy/actor/lib/hoc/test/auto/Case1.xml
----------------- Instantiating /home/travis/build/icyphy/ptII/ptolemy/actor/lib/hoc/test/auto/Case1.xml
22 ms. Memory: 129024K Free: 109448K (85%)
----------------- Invoking toplevel() on ptolemy.moml.MoMLSimpleApplication@4a7d6237
----------------- Done invoking toplevel() on ptolemy.moml.MoMLSimpleApplication@4a7d6237
reloadAllAccessors: .Case1

===========================================================================================
----------------- testing Tue Oct 13 13:14:57 UTC 2020 /home/travis/build/icyphy/ptII/ptolemy/actor/lib/hoc/test/auto/Case2.xml
----------------- Instantiating /home/travis/build/icyphy/ptII/ptolemy/actor/lib/hoc/test/auto/Case2.xml
58 ms. Memory: 129024K Free: 99120K (77%)
----------------- Invoking toplevel() on ptolemy.moml.MoMLSimpleApplication@60a901e7
----------------- Done invoking toplevel() on ptolemy.moml.MoMLSimpleApplication@60a901e7
reloadAllAccessors: .Case2

===========================================================================================
----------------- testing Tue Oct 13 13:14:57 UTC 2020 /home/travis/build/icyphy/ptII/ptolemy/actor/lib/hoc/test/auto/Case3.xml
----------------- Instantiating /home/travis/build/icyphy/ptII/ptolemy/actor/lib/hoc/test/auto/Case3.xml
11 ms. Memory: 129024K Free: 92737K (72%)
----------------- Invoking toplevel() on ptolemy.moml.MoMLSimpleApplication@5c35516b
----------------- Done invoking toplevel() on ptolemy.moml.MoMLSimpleApplication@5c35516b
reloadAllAccessors: .Case3

===========================================================================================
----------------- testing Tue Oct 13 13:14:57 UTC 2020 /home/travis/build/icyphy/ptII/ptolemy/actor/lib/hoc/test/auto/Case4.xml
----------------- Instantiating /home/travis/build/icyphy/ptII/ptolemy/actor/lib/hoc/test/auto/Case4.xml
8 ms. Memory: 129024K Free: 85306K (66%)
----------------- Invoking toplevel() on ptolemy.moml.MoMLSimpleApplication@4796fc2a
----------------- Done invoking toplevel() on ptolemy.moml.MoMLSimpleApplication@4796fc2a
reloadAllAccessors: .Case4

===========================================================================================
----------------- testing Tue Oct 13 13:14:57 UTC 2020 /home/travis/build/icyphy/ptII/ptolemy/actor/lib/hoc/test/auto/Case5.xml
----------------- Instantiating /home/travis/build/icyphy/ptII/ptolemy/actor/lib/hoc/test/auto/Case5.xml
47 ms. Memory: 129024K Free: 78586K (61%)
----------------- Invoking toplevel() on ptolemy.moml.MoMLSimpleApplication@2a5432fd
----------------- Done invoking toplevel() on ptolemy.moml.MoMLSimpleApplication@2a5432fd
reloadAllAccessors: .junk

===========================================================================================
----------------- testing Tue Oct 13 13:14:58 UTC 2020 /home/travis/build/icyphy/ptII/ptolemy/actor/lib/hoc/test/auto/Case6.xml
----------------- Instantiating /home/travis/build/icyphy/ptII/ptolemy/actor/lib/hoc/test/auto/Case6.xml
22 ms. Memory: 129024K Free: 67376K (52%)
----------------- Invoking toplevel() on ptolemy.moml.MoMLSimpleApplication@644cc244
----------------- Done invoking toplevel() on ptolemy.moml.MoMLSimpleApplication@644cc244
reloadAllAccessors: .Case6

===========================================================================================
----------------- testing Tue Oct 13 13:14:58 UTC 2020 /home/travis/build/icyphy/ptII/ptolemy/actor/lib/hoc/test/auto/CaseString2.xml
----------------- Instantiating /home/travis/build/icyphy/ptII/ptolemy/actor/lib/hoc/test/auto/CaseString2.xml
17 ms. Memory: 129024K Free: 111503K (86%)
----------------- Invoking toplevel() on ptolemy.moml.MoMLSimpleApplication@70ffede7
----------------- Done invoking toplevel() on ptolemy.moml.MoMLSimpleApplication@70ffede7
reloadAllAccessors: .CaseString2

===========================================================================================
----------------- testing Tue Oct 13 13:14:58 UTC 2020 /home/travis/build/icyphy/ptII/ptolemy/actor/lib/hoc/test/auto/CatchUpComposite1.xml
----------------- Instantiating /home/travis/build/icyphy/ptII/ptolemy/actor/lib/hoc/test/auto/CatchUpComposite1.xml
32 ms. Memory: 129024K Free: 102287K (79%)
----------------- Invoking toplevel() on ptolemy.moml.MoMLSimpleApplication@7c86c5f5
----------------- Done invoking toplevel() on ptolemy.moml.MoMLSimpleApplication@7c86c5f5
reloadAllAccessors: .CatchUpComposite1

===========================================================================================
----------------- testing Tue Oct 13 13:14:58 UTC 2020 /home/travis/build/icyphy/ptII/ptolemy/actor/lib/hoc/test/auto/CatchUpComposite2.xml
----------------- Instantiating /home/travis/build/icyphy/ptII/ptolemy/actor/lib/hoc/test/auto/CatchUpComposite2.xml
19 ms. Memory: 129024K Free: 94534K (73%)
----------------- Invoking toplevel() on ptolemy.moml.MoMLSimpleApplication@387116a9
----------------- Done invoking toplevel() on ptolemy.moml.MoMLSimpleApplication@387116a9
reloadAllAccessors: .CatchUpComposite2

===========================================================================================
----------------- testing Tue Oct 13 13:14:58 UTC 2020 /home/travis/build/icyphy/ptII/ptolemy/actor/lib/hoc/test/auto/CatchUpComposite3.xml
----------------- Instantiating /home/travis/build/icyphy/ptII/ptolemy/actor/lib/hoc/test/auto/CatchUpComposite3.xml
22 ms. Memory: 129024K Free: 85466K (66%)
----------------- Invoking toplevel() on ptolemy.moml.MoMLSimpleApplication@303f168a
----------------- Done invoking toplevel() on ptolemy.moml.MoMLSimpleApplication@303f168a
reloadAllAccessors: .CatchUpComposite3

===========================================================================================
----------------- testing Tue Oct 13 13:14:58 UTC 2020 /home/travis/build/icyphy/ptII/ptolemy/actor/lib/hoc/test/auto/CatchUpComposite4.xml
----------------- Instantiating /home/travis/build/icyphy/ptII/ptolemy/actor/lib/hoc/test/auto/CatchUpComposite4.xml
23 ms. Memory: 129024K Free: 77711K (60%)
----------------- Invoking toplevel() on ptolemy.moml.MoMLSimpleApplication@3b5e2bcb
----------------- Done invoking toplevel() on ptolemy.moml.MoMLSimpleApplication@3b5e2bcb
reloadAllAccessors: .CatchUpComposite4

===========================================================================================
----------------- testing Tue Oct 13 13:14:58 UTC 2020 /home/travis/build/icyphy/ptII/ptolemy/actor/lib/hoc/test/auto/CatchUpComposite5.xml
----------------- Instantiating /home/travis/build/icyphy/ptII/ptolemy/actor/lib/hoc/test/auto/CatchUpComposite5.xml
18 ms. Memory: 129024K Free: 70036K (54%)
----------------- Invoking toplevel() on ptolemy.moml.MoMLSimpleApplication@5f67b0d1
----------------- Done invoking toplevel() on ptolemy.moml.MoMLSimpleApplication@5f67b0d1
reloadAllAccessors: .CatchUpComposite5

===========================================================================================
----------------- testing Tue Oct 13 13:14:58 UTC 2020 /home/travis/build/icyphy/ptII/ptolemy/actor/lib/hoc/test/auto/CatchUpComposite6.xml
----------------- Instantiating /home/travis/build/icyphy/ptII/ptolemy/actor/lib/hoc/test/auto/CatchUpComposite6.xml
WARNING: The execution aspects in this model can influence the timing of actors by delaying the 
execution, potentially changing the behavior. There is no guarantee that actors fire at the 
time they request to be fired. 
Use Ptides for deterministic DE behavior that is not influenced by execution aspects. 

107 ms. Memory: 129024K Free: 55770K (43%)
----------------- Invoking toplevel() on ptolemy.moml.MoMLSimpleApplication@4668ae4a
----------------- Done invoking toplevel() on ptolemy.moml.MoMLSimpleApplication@4668ae4a
reloadAllAccessors: .CatchUpComposite6

===========================================================================================
----------------- testing Tue Oct 13 13:14:58 UTC 2020 /home/travis/build/icyphy/ptII/ptolemy/actor/lib/hoc/test/auto/CatchUpComposite7.xml
----------------- Instantiating /home/travis/build/icyphy/ptII/ptolemy/actor/lib/hoc/test/auto/CatchUpComposite7.xml
WARNING: The execution aspects in this model can influence the timing of actors by delaying the 
execution, potentially changing the behavior. There is no guarantee that actors fire at the 
time they request to be fired. 
Use Ptides for deterministic DE behavior that is not influenced by execution aspects. 

29 ms. Memory: 129024K Free: 107722K (83%)
----------------- Invoking toplevel() on ptolemy.moml.MoMLSimpleApplication@b8adcbd
----------------- Done invoking toplevel() on ptolemy.moml.MoMLSimpleApplication@b8adcbd
reloadAllAccessors: .CatchUpComposite7

===========================================================================================
----------------- testing Tue Oct 13 13:14:58 UTC 2020 /home/travis/build/icyphy/ptII/ptolemy/actor/lib/hoc/test/auto/ConcurrentExecutionTimeSDF.xml
----------------- Instantiating /home/travis/build/icyphy/ptII/ptolemy/actor/lib/hoc/test/auto/ConcurrentExecutionTimeSDF.xml
Fired ExecutionTime: 40400000
Fired ExecutionTime: 40400000
Fired ExecutionTime: 40400000
Fired ExecutionTime: 40400000
Fired ExecutionTime: 40400000
Fired ExecutionTime: 40400000
Fired ExecutionTime: 40400000
Fired ExecutionTime: 40400000
Fired ExecutionTime: 40400000
Fired ExecutionTime: 40400000
Fired ExecutionTime: 40400000
Fired ExecutionTime: 40400000
Fired ExecutionTime: 40400000
Fired ExecutionTime: 40400000
Fired ExecutionTime: 40400000
Fired ExecutionTime: 40400000
Fired ExecutionTime: 40400000
Fired ExecutionTime: 40400000
Fired ExecutionTime: 40400000
Fired ExecutionTime: 40400000
1939 ms. Memory: 129024K Free: 100554K (78%)
----------------- Invoking toplevel() on ptolemy.moml.MoMLSimpleApplication@51ea9c22
----------------- Done invoking toplevel() on ptolemy.moml.MoMLSimpleApplication@51ea9c22
reloadAllAccessors: .ConcurrentExecutionTimeSDF

===========================================================================================
----------------- testing Tue Oct 13 13:15:00 UTC 2020 /home/travis/build/icyphy/ptII/ptolemy/actor/lib/hoc/test/auto/ConcurrentSleep.xml
----------------- Instantiating /home/travis/build/icyphy/ptII/ptolemy/actor/lib/hoc/test/auto/ConcurrentSleep.xml
732 ms. Memory: 129024K Free: 90275K (70%)
----------------- Invoking toplevel() on ptolemy.moml.MoMLSimpleApplication@362d97e3
----------------- Done invoking toplevel() on ptolemy.moml.MoMLSimpleApplication@362d97e3
reloadAllAccessors: .ConcurrentSleep

===========================================================================================
----------------- testing Tue Oct 13 13:15:01 UTC 2020 /home/travis/build/icyphy/ptII/ptolemy/actor/lib/hoc/test/auto/DEInPNInRunCompositeActor.xml
----------------- Instantiating /home/travis/build/icyphy/ptII/ptolemy/actor/lib/hoc/test/auto/DEInPNInRunCompositeActor.xml
18 ms. Memory: 129024K Free: 84148K (65%)
----------------- Invoking toplevel() on ptolemy.moml.MoMLSimpleApplication@4d541fa3
----------------- Done invoking toplevel() on ptolemy.moml.MoMLSimpleApplication@4d541fa3
reloadAllAccessors: .DEInPNInRunCompositeActor

===========================================================================================
----------------- testing Tue Oct 13 13:15:01 UTC 2020 /home/travis/build/icyphy/ptII/ptolemy/actor/lib/hoc/test/auto/DFTSubSetTest.xml
----------------- Instantiating /home/travis/build/icyphy/ptII/ptolemy/actor/lib/hoc/test/auto/DFTSubSetTest.xml
217 ms. Memory: 129024K Free: 41162K (32%)
----------------- Invoking toplevel() on ptolemy.moml.MoMLSimpleApplication@7bab30f7
----------------- Done invoking toplevel() on ptolemy.moml.MoMLSimpleApplication@7bab30f7
reloadAllAccessors: .DFTSubSetTest

===========================================================================================
----------------- testing Tue Oct 13 13:15:01 UTC 2020 /home/travis/build/icyphy/ptII/ptolemy/actor/lib/hoc/test/auto/HocDE.xml
----------------- Instantiating /home/travis/build/icyphy/ptII/ptolemy/actor/lib/hoc/test/auto/HocDE.xml
136 ms. Memory: 129024K Free: 90348K (70%)
----------------- Invoking toplevel() on ptolemy.moml.MoMLSimpleApplication@1d36c31
----------------- Done invoking toplevel() on ptolemy.moml.MoMLSimpleApplication@1d36c31
reloadAllAccessors: .HocDE

===========================================================================================
----------------- testing Tue Oct 13 13:15:02 UTC 2020 /home/travis/build/icyphy/ptII/ptolemy/actor/lib/hoc/test/auto/IterateOverArray.xml
----------------- Instantiating /home/travis/build/icyphy/ptII/ptolemy/actor/lib/hoc/test/auto/IterateOverArray.xml
6 ms. Memory: 129024K Free: 86252K (67%)
----------------- Invoking toplevel() on ptolemy.moml.MoMLSimpleApplication@18820b12
----------------- Done invoking toplevel() on ptolemy.moml.MoMLSimpleApplication@18820b12
reloadAllAccessors: .IterateOverArray

===========================================================================================
----------------- testing Tue Oct 13 13:15:02 UTC 2020 /home/travis/build/icyphy/ptII/ptolemy/actor/lib/hoc/test/auto/IterateOverArray10.xml
----------------- Instantiating /home/travis/build/icyphy/ptII/ptolemy/actor/lib/hoc/test/auto/IterateOverArray10.xml
5 ms. Memory: 129024K Free: 83155K (64%)
----------------- Invoking toplevel() on ptolemy.moml.MoMLSimpleApplication@729089b9
----------------- Done invoking toplevel() on ptolemy.moml.MoMLSimpleApplication@729089b9
reloadAllAccessors: .IterateOverArray10

===========================================================================================
----------------- testing Tue Oct 13 13:15:02 UTC 2020 /home/travis/build/icyphy/ptII/ptolemy/actor/lib/hoc/test/auto/IterateOverArray11.xml
----------------- Instantiating /home/travis/build/icyphy/ptII/ptolemy/actor/lib/hoc/test/auto/IterateOverArray11.xml
5 ms. Memory: 129024K Free: 79084K (61%)
----------------- Invoking toplevel() on ptolemy.moml.MoMLSimpleApplication@717331f7
----------------- Done invoking toplevel() on ptolemy.moml.MoMLSimpleApplication@717331f7
reloadAllAccessors: .IterateOverArray11

===========================================================================================
----------------- testing Tue Oct 13 13:15:02 UTC 2020 /home/travis/build/icyphy/ptII/ptolemy/actor/lib/hoc/test/auto/IterateOverArray12.xml
----------------- Instantiating /home/travis/build/icyphy/ptII/ptolemy/actor/lib/hoc/test/auto/IterateOverArray12.xml
12 ms. Memory: 129024K Free: 72915K (57%)
----------------- Invoking toplevel() on ptolemy.moml.MoMLSimpleApplication@4ee69db4
----------------- Done invoking toplevel() on ptolemy.moml.MoMLSimpleApplication@4ee69db4
reloadAllAccessors: .IterateOverArray12

===========================================================================================
----------------- testing Tue Oct 13 13:15:02 UTC 2020 /home/travis/build/icyphy/ptII/ptolemy/actor/lib/hoc/test/auto/IterateOverArray13.xml
----------------- Instantiating /home/travis/build/icyphy/ptII/ptolemy/actor/lib/hoc/test/auto/IterateOverArray13.xml
78 ms. Memory: 129024K Free: 43742K (34%)
----------------- Invoking toplevel() on ptolemy.moml.MoMLSimpleApplication@4071252f
----------------- Done invoking toplevel() on ptolemy.moml.MoMLSimpleApplication@4071252f
reloadAllAccessors: .IterateOverArray13

===========================================================================================
----------------- testing Tue Oct 13 13:15:02 UTC 2020 /home/travis/build/icyphy/ptII/ptolemy/actor/lib/hoc/test/auto/IterateOverArray14.xml
----------------- Instantiating /home/travis/build/icyphy/ptII/ptolemy/actor/lib/hoc/test/auto/IterateOverArray14.xml
56 ms. Memory: 161792K Free: 116785K (72%)
----------------- Invoking toplevel() on ptolemy.moml.MoMLSimpleApplication@11d7210a
----------------- Done invoking toplevel() on ptolemy.moml.MoMLSimpleApplication@11d7210a
reloadAllAccessors: .IterateOverArray14

===========================================================================================
----------------- testing Tue Oct 13 13:15:02 UTC 2020 /home/travis/build/icyphy/ptII/ptolemy/actor/lib/hoc/test/auto/IterateOverArray2.xml
----------------- Instantiating /home/travis/build/icyphy/ptII/ptolemy/actor/lib/hoc/test/auto/IterateOverArray2.xml
7 ms. Memory: 161792K Free: 112175K (69%)
----------------- Invoking toplevel() on ptolemy.moml.MoMLSimpleApplication@dd0d931
----------------- Done invoking toplevel() on ptolemy.moml.MoMLSimpleApplication@dd0d931
reloadAllAccessors: .IterateOverArray2

===========================================================================================
----------------- testing Tue Oct 13 13:15:02 UTC 2020 /home/travis/build/icyphy/ptII/ptolemy/actor/lib/hoc/test/auto/IterateOverArray3.xml
----------------- Instantiating /home/travis/build/icyphy/ptII/ptolemy/actor/lib/hoc/test/auto/IterateOverArray3.xml
7 ms. Memory: 161792K Free: 106031K (66%)
----------------- Invoking toplevel() on ptolemy.moml.MoMLSimpleApplication@3588153
----------------- Done invoking toplevel() on ptolemy.moml.MoMLSimpleApplication@3588153
reloadAllAccessors: .IterateOverArray3

===========================================================================================
----------------- testing Tue Oct 13 13:15:02 UTC 2020 /home/travis/build/icyphy/ptII/ptolemy/actor/lib/hoc/test/auto/IterateOverArray4.xml
----------------- Instantiating /home/travis/build/icyphy/ptII/ptolemy/actor/lib/hoc/test/auto/IterateOverArray4.xml
3 ms. Memory: 161792K Free: 101935K (63%)
----------------- Invoking toplevel() on ptolemy.moml.MoMLSimpleApplication@51bbe787
----------------- Done invoking toplevel() on ptolemy.moml.MoMLSimpleApplication@51bbe787
reloadAllAccessors: .IterateOverArray4

===========================================================================================
----------------- testing Tue Oct 13 13:15:02 UTC 2020 /home/travis/build/icyphy/ptII/ptolemy/actor/lib/hoc/test/auto/IterateOverArray5.xml
----------------- Instantiating /home/travis/build/icyphy/ptII/ptolemy/actor/lib/hoc/test/auto/IterateOverArray5.xml
4 ms. Memory: 161792K Free: 97839K (60%)
----------------- Invoking toplevel() on ptolemy.moml.MoMLSimpleApplication@377a1641
----------------- Done invoking toplevel() on ptolemy.moml.MoMLSimpleApplication@377a1641
reloadAllAccessors: .IterateOverArray5

===========================================================================================
----------------- testing Tue Oct 13 13:15:02 UTC 2020 /home/travis/build/icyphy/ptII/ptolemy/actor/lib/hoc/test/auto/IterateOverArray6.xml
----------------- Instantiating /home/travis/build/icyphy/ptII/ptolemy/actor/lib/hoc/test/auto/IterateOverArray6.xml
4 ms. Memory: 161792K Free: 94257K (58%)
----------------- Invoking toplevel() on ptolemy.moml.MoMLSimpleApplication@7fa4d8d9
----------------- Done invoking toplevel() on ptolemy.moml.MoMLSimpleApplication@7fa4d8d9
reloadAllAccessors: .IterateOverArray6

===========================================================================================
----------------- testing Tue Oct 13 13:15:02 UTC 2020 /home/travis/build/icyphy/ptII/ptolemy/actor/lib/hoc/test/auto/IterateOverArray7.xml
----------------- Instantiating /home/travis/build/icyphy/ptII/ptolemy/actor/lib/hoc/test/auto/IterateOverArray7.xml
5 ms. Memory: 161792K Free: 89647K (55%)
----------------- Invoking toplevel() on ptolemy.moml.MoMLSimpleApplication@43e4c1c
----------------- Done invoking toplevel() on ptolemy.moml.MoMLSimpleApplication@43e4c1c
reloadAllAccessors: .IterateOverArray7

===========================================================================================
----------------- testing Tue Oct 13 13:15:02 UTC 2020 /home/travis/build/icyphy/ptII/ptolemy/actor/lib/hoc/test/auto/IterateOverArray8.xml
----------------- Instantiating /home/travis/build/icyphy/ptII/ptolemy/actor/lib/hoc/test/auto/IterateOverArray8.xml
4 ms. Memory: 161792K Free: 85551K (53%)
----------------- Invoking toplevel() on ptolemy.moml.MoMLSimpleApplication@51f0594d
----------------- Done invoking toplevel() on ptolemy.moml.MoMLSimpleApplication@51f0594d
reloadAllAccessors: .IterateOverArray8

===========================================================================================
----------------- testing Tue Oct 13 13:15:02 UTC 2020 /home/travis/build/icyphy/ptII/ptolemy/actor/lib/hoc/test/auto/IterateOverArray9.xml
----------------- Instantiating /home/travis/build/icyphy/ptII/ptolemy/actor/lib/hoc/test/auto/IterateOverArray9.xml
9 ms. Memory: 161792K Free: 81455K (50%)
----------------- Invoking toplevel() on ptolemy.moml.MoMLSimpleApplication@3ccf2717
----------------- Done invoking toplevel() on ptolemy.moml.MoMLSimpleApplication@3ccf2717
reloadAllAccessors: .IterateOverArray9

===========================================================================================
----------------- testing Tue Oct 13 13:15:02 UTC 2020 /home/travis/build/icyphy/ptII/ptolemy/actor/lib/hoc/test/auto/IterateOverArrayCoercedOutputType.xml
----------------- Instantiating /home/travis/build/icyphy/ptII/ptolemy/actor/lib/hoc/test/auto/IterateOverArrayCoercedOutputType.xml
4 ms. Memory: 161792K Free: 76335K (47%)
----------------- Invoking toplevel() on ptolemy.moml.MoMLSimpleApplication@79f5ece5
----------------- Done invoking toplevel() on ptolemy.moml.MoMLSimpleApplication@79f5ece5
reloadAllAccessors: .IterateOverArrayCoercedOutputType

===========================================================================================
----------------- testing Tue Oct 13 13:15:02 UTC 2020 /home/travis/build/icyphy/ptII/ptolemy/actor/lib/hoc/test/auto/IterateOverArrayInferredOutputType.xml
----------------- Instantiating /home/travis/build/icyphy/ptII/ptolemy/actor/lib/hoc/test/auto/IterateOverArrayInferredOutputType.xml
11 ms. Memory: 161792K Free: 71729K (44%)
----------------- Invoking toplevel() on ptolemy.moml.MoMLSimpleApplication@7d04d740
----------------- Done invoking toplevel() on ptolemy.moml.MoMLSimpleApplication@7d04d740
reloadAllAccessors: .IterateOverArrayInferredOutputType

===========================================================================================
----------------- testing Tue Oct 13 13:15:02 UTC 2020 /home/travis/build/icyphy/ptII/ptolemy/actor/lib/hoc/test/auto/MobileFunctionTest.xml
----------------- Instantiating /home/travis/build/icyphy/ptII/ptolemy/actor/lib/hoc/test/auto/MobileFunctionTest.xml
4 ms. Memory: 161792K Free: 67633K (42%)
----------------- Invoking toplevel() on ptolemy.moml.MoMLSimpleApplication@6d5fac13
----------------- Done invoking toplevel() on ptolemy.moml.MoMLSimpleApplication@6d5fac13
reloadAllAccessors: .MobileFunctionTest

===========================================================================================
----------------- testing Tue Oct 13 13:15:02 UTC 2020 /home/travis/build/icyphy/ptII/ptolemy/actor/lib/hoc/test/auto/MobileModelTest.xml
----------------- Instantiating /home/travis/build/icyphy/ptII/ptolemy/actor/lib/hoc/test/auto/MobileModelTest.xml
159 ms. Memory: 161792K Free: 134323K (83%)
----------------- Invoking toplevel() on ptolemy.moml.MoMLSimpleApplication@3dea5b5f
----------------- Done invoking toplevel() on ptolemy.moml.MoMLSimpleApplication@3dea5b5f
reloadAllAccessors: .MobileModelTest

===========================================================================================
----------------- testing Tue Oct 13 13:15:03 UTC 2020 /home/travis/build/icyphy/ptII/ptolemy/actor/lib/hoc/test/auto/ModelReference.xml
----------------- Instantiating /home/travis/build/icyphy/ptII/ptolemy/actor/lib/hoc/test/auto/ModelReference.xml
10 ms. Memory: 161792K Free: 127532K (79%)
5 ms. Memory: 161792K Free: 126988K (78%)
3 ms. Memory: 161792K Free: 125980K (78%)
4 ms. Memory: 161792K Free: 124956K (77%)
1 ms. Memory: 161792K Free: 124460K (77%)
1 ms. Memory: 161792K Free: 123436K (76%)
2 ms. Memory: 161792K Free: 122892K (76%)
5 ms. Memory: 161792K Free: 121884K (75%)
2 ms. Memory: 161792K Free: 120860K (75%)
1 ms. Memory: 161792K Free: 120364K (74%)
44 ms. Memory: 161792K Free: 120364K (74%)
----------------- Invoking toplevel() on ptolemy.moml.MoMLSimpleApplication@4613f71f
----------------- Done invoking toplevel() on ptolemy.moml.MoMLSimpleApplication@4613f71f
reloadAllAccessors: .ModelReference

===========================================================================================
----------------- testing Tue Oct 13 13:15:03 UTC 2020 /home/travis/build/icyphy/ptII/ptolemy/actor/lib/hoc/test/auto/ModelReference3.xml
----------------- Instantiating /home/travis/build/icyphy/ptII/ptolemy/actor/lib/hoc/test/auto/ModelReference3.xml
2 ms. Memory: 161792K Free: 115244K (71%)
4 ms. Memory: 161792K Free: 114700K (71%)
1 ms. Memory: 161792K Free: 113706K (70%)
4 ms. Memory: 161792K Free: 113196K (70%)
3 ms. Memory: 161792K Free: 112172K (69%)
1 ms. Memory: 161792K Free: 111148K (69%)
3 ms. Memory: 161792K Free: 110620K (68%)
4 ms. Memory: 161792K Free: 109610K (68%)
3 ms. Memory: 161792K Free: 109100K (67%)
2 ms. Memory: 161792K Free: 108076K (67%)
37 ms. Memory: 161792K Free: 108076K (67%)
----------------- Invoking toplevel() on ptolemy.moml.MoMLSimpleApplication@2bd0c1e8
----------------- Done invoking toplevel() on ptolemy.moml.MoMLSimpleApplication@2bd0c1e8
reloadAllAccessors: .ModelReference3

===========================================================================================
----------------- testing Tue Oct 13 13:15:03 UTC 2020 /home/travis/build/icyphy/ptII/ptolemy/actor/lib/hoc/test/auto/ModelReference4.xml
----------------- Instantiating /home/travis/build/icyphy/ptII/ptolemy/actor/lib/hoc/test/auto/ModelReference4.xml
2 ms. Memory: 161792K Free: 103452K (64%)
2 ms. Memory: 161792K Free: 101932K (63%)
2 ms. Memory: 161792K Free: 100908K (62%)
2 ms. Memory: 161792K Free: 99364K (61%)
5 ms. Memory: 161792K Free: 98332K (61%)
2 ms. Memory: 161792K Free: 97316K (60%)
2 ms. Memory: 161792K Free: 95788K (59%)
4 ms. Memory: 161792K Free: 94764K (59%)
2 ms. Memory: 161792K Free: 93196K (58%)
4 ms. Memory: 161792K Free: 92202K (57%)
10019 ms. Memory: 161792K Free: 92202K (57%)
----------------- Invoking toplevel() on ptolemy.moml.MoMLSimpleApplication@3d6cf5d0
----------------- Done invoking toplevel() on ptolemy.moml.MoMLSimpleApplication@3d6cf5d0
reloadAllAccessors: .ModelReference4

===========================================================================================
----------------- testing Tue Oct 13 13:15:13 UTC 2020 /home/travis/build/icyphy/ptII/ptolemy/actor/lib/hoc/test/auto/MultiInstanceComposite.xml
----------------- Instantiating /home/travis/build/icyphy/ptII/ptolemy/actor/lib/hoc/test/auto/MultiInstanceComposite.xml
32 ms. Memory: 161792K Free: 73260K (45%)
----------------- Invoking toplevel() on ptolemy.moml.MoMLSimpleApplication@4f37adbe
----------------- Done invoking toplevel() on ptolemy.moml.MoMLSimpleApplication@4f37adbe
reloadAllAccessors: .MultiInstanceComposite

===========================================================================================
----------------- testing Tue Oct 13 13:15:13 UTC 2020 /home/travis/build/icyphy/ptII/ptolemy/actor/lib/hoc/test/auto/MultiInstanceComposite2.xml
----------------- Instantiating /home/travis/build/icyphy/ptII/ptolemy/actor/lib/hoc/test/auto/MultiInstanceComposite2.xml
23 ms. Memory: 161792K Free: 61996K (38%)
----------------- Invoking toplevel() on ptolemy.moml.MoMLSimpleApplication@7a3e3e2c
----------------- Done invoking toplevel() on ptolemy.moml.MoMLSimpleApplication@7a3e3e2c
reloadAllAccessors: .MultiInstanceComposite2

===========================================================================================
----------------- testing Tue Oct 13 13:15:13 UTC 2020 /home/travis/build/icyphy/ptII/ptolemy/actor/lib/hoc/test/auto/MulticoreExecution.xml
----------------- Instantiating /home/travis/build/icyphy/ptII/ptolemy/actor/lib/hoc/test/auto/MulticoreExecution.xml
Fired ExecutionTime: 3600000
Fired ExecutionTime: 2800000
Fired ExecutionTime: 42000000
Fired ExecutionTime: 43600000
Fired ExecutionTime: 61200000
Fired ExecutionTime: 31600000
Fired ExecutionTime: 105200000
Fired ExecutionTime: 106000000
Fired ExecutionTime: 108800000
Fired ExecutionTime: 110400000
Fired ExecutionTime: 106400000
Fired ExecutionTime: 106400000
Fired ExecutionTime: 105600000
Fired ExecutionTime: 104800000
Fired ExecutionTime: 108800000
Fired ExecutionTime: 60000000
Fired ExecutionTime: 97200000
Fired ExecutionTime: 105200000
Fired ExecutionTime: 102800000
Fired ExecutionTime: 104000000
1060 ms. Memory: 161792K Free: 52780K (33%)
----------------- Invoking toplevel() on ptolemy.moml.MoMLSimpleApplication@1f0940ed
----------------- Done invoking toplevel() on ptolemy.moml.MoMLSimpleApplication@1f0940ed
reloadAllAccessors: .MulticoreExecution

===========================================================================================
----------------- testing Tue Oct 13 13:15:14 UTC 2020 /home/travis/build/icyphy/ptII/ptolemy/actor/lib/hoc/test/auto/ParallelExecution.xml
----------------- Instantiating /home/travis/build/icyphy/ptII/ptolemy/actor/lib/hoc/test/auto/ParallelExecution.xml
916 ms. Memory: 161792K Free: 138799K (86%)
----------------- Invoking toplevel() on ptolemy.moml.MoMLSimpleApplication@3f3c9185
----------------- Done invoking toplevel() on ptolemy.moml.MoMLSimpleApplication@3f3c9185
reloadAllAccessors: .ParallelExecution

===========================================================================================
----------------- testing Tue Oct 13 13:15:15 UTC 2020 /home/travis/build/icyphy/ptII/ptolemy/actor/lib/hoc/test/auto/RunCompositeActor.xml
----------------- Instantiating /home/travis/build/icyphy/ptII/ptolemy/actor/lib/hoc/test/auto/RunCompositeActor.xml
8 ms. Memory: 161792K Free: 131625K (81%)
----------------- Invoking toplevel() on ptolemy.moml.MoMLSimpleApplication@9071124
----------------- Done invoking toplevel() on ptolemy.moml.MoMLSimpleApplication@9071124
reloadAllAccessors: .RunCompositeActor

===========================================================================================
----------------- testing Tue Oct 13 13:15:15 UTC 2020 /home/travis/build/icyphy/ptII/ptolemy/actor/lib/hoc/test/auto/RunCompositeActor2.xml
----------------- Instantiating /home/travis/build/icyphy/ptII/ptolemy/actor/lib/hoc/test/auto/RunCompositeActor2.xml
7 ms. Memory: 161792K Free: 125473K (78%)
----------------- Invoking toplevel() on ptolemy.moml.MoMLSimpleApplication@412f679e
----------------- Done invoking toplevel() on ptolemy.moml.MoMLSimpleApplication@412f679e
reloadAllAccessors: .RunCompositeActor2

===========================================================================================
----------------- testing Tue Oct 13 13:15:15 UTC 2020 /home/travis/build/icyphy/ptII/ptolemy/actor/lib/hoc/test/auto/RunCompositeActor3.xml
----------------- Instantiating /home/travis/build/icyphy/ptII/ptolemy/actor/lib/hoc/test/auto/RunCompositeActor3.xml
4 ms. Memory: 161792K Free: 119857K (74%)
----------------- Invoking toplevel() on ptolemy.moml.MoMLSimpleApplication@5f5baa78
----------------- Done invoking toplevel() on ptolemy.moml.MoMLSimpleApplication@5f5baa78
reloadAllAccessors: .RunCompositeActor3

===========================================================================================
----------------- testing Tue Oct 13 13:15:15 UTC 2020 /home/travis/build/icyphy/ptII/ptolemy/actor/lib/hoc/test/auto/RunCompositeActor4.xml
----------------- Instantiating /home/travis/build/icyphy/ptII/ptolemy/actor/lib/hoc/test/auto/RunCompositeActor4.xml
12 ms. Memory: 161792K Free: 111665K (69%)
----------------- Invoking toplevel() on ptolemy.moml.MoMLSimpleApplication@3de79524
----------------- Done invoking toplevel() on ptolemy.moml.MoMLSimpleApplication@3de79524
reloadAllAccessors: .RunCompositeActor4

===========================================================================================
----------------- testing Tue Oct 13 13:15:15 UTC 2020 /home/travis/build/icyphy/ptII/ptolemy/actor/lib/hoc/test/auto/RunCompositeIterateOverArray.xml
----------------- Instantiating /home/travis/build/icyphy/ptII/ptolemy/actor/lib/hoc/test/auto/RunCompositeIterateOverArray.xml
5 ms. Memory: 161792K Free: 106031K (66%)
----------------- Invoking toplevel() on ptolemy.moml.MoMLSimpleApplication@6c7e29cc
----------------- Done invoking toplevel() on ptolemy.moml.MoMLSimpleApplication@6c7e29cc
reloadAllAccessors: .RunCompositeIterateOverArray

===========================================================================================
----------------- testing Tue Oct 13 13:15:15 UTC 2020 /home/travis/build/icyphy/ptII/ptolemy/actor/lib/hoc/test/auto/ThreadedJS.xml
----------------- Instantiating /home/travis/build/icyphy/ptII/ptolemy/actor/lib/hoc/test/auto/ThreadedJS.xml
6096 ms. Memory: 194560K Free: 56889K (29%)
----------------- Invoking toplevel() on ptolemy.moml.MoMLSimpleApplication@58c7f18d
----------------- Done invoking toplevel() on ptolemy.moml.MoMLSimpleApplication@58c7f18d
reloadAllAccessors: .ThreadedJS
AutoTests.java: About to close Vertx.
AutoTests.java: Vertx closed.
]]></system-out>
  <system-err><![CDATA[java.lang.RuntimeException: Execution failed
	at ptolemy.moml.MoMLSimpleApplication$UnloadThread.run(MoMLSimpleApplication.java:402)
Caused by: ptolemy.kernel.util.IllegalActionException: initialize() was called after wrapup() was called but preinitialize() was not called after wrapup().
	at ptolemy.actor.lib.hoc.test.PreinitializeMustBeInvoked.initialize(PreinitializeMustBeInvoked.java:78)
	at ptolemy.actor.Director.initialize(Director.java:938)
	at ptolemy.actor.Director.initialize(Director.java:907)
	at ptolemy.actor.sched.StaticSchedulingDirector.initialize(StaticSchedulingDirector.java:159)
	at ptolemy.domains.sdf.kernel.SDFDirector.initialize(SDFDirector.java:544)
	at ptolemy.actor.CompositeActor.initialize(CompositeActor.java:935)
	at ptolemy.actor.lib.hoc.LifeCycleManager._executeInsideModel(LifeCycleManager.java:339)
	at ptolemy.actor.lib.hoc.RunCompositeActor.fire(RunCompositeActor.java:205)
	at ptolemy.actor.CompositeActor.iterate(CompositeActor.java:1146)
	at ptolemy.actor.sched.StaticSchedulingDirector.fire(StaticSchedulingDirector.java:216)
	at ptolemy.domains.sdf.kernel.SDFDirector.fire(SDFDirector.java:500)
	at ptolemy.actor.CompositeActor.fire(CompositeActor.java:455)
	at ptolemy.actor.Manager.iterate(Manager.java:851)
	at ptolemy.actor.Manager.execute(Manager.java:369)
	at ptolemy.actor.Manager.run(Manager.java:1263)
	at ptolemy.actor.Manager$PtolemyRunThread.run(Manager.java:1933)
java.lang.reflect.InvocationTargetException
	at java.base/jdk.internal.reflect.NativeConstructorAccessorImpl.newInstance0(Native Method)
	at java.base/jdk.internal.reflect.NativeConstructorAccessorImpl.newInstance(NativeConstructorAccessorImpl.java:62)
	at java.base/jdk.internal.reflect.DelegatingConstructorAccessorImpl.newInstance(DelegatingConstructorAccessorImpl.java:45)
	at java.base/java.lang.reflect.Constructor.newInstance(Constructor.java:490)
	at ptolemy.util.test.junit.AutoKnownFailedTests.RunModel(AutoKnownFailedTests.java:105)
	at java.base/jdk.internal.reflect.NativeMethodAccessorImpl.invoke0(Native Method)
	at java.base/jdk.internal.reflect.NativeMethodAccessorImpl.invoke(NativeMethodAccessorImpl.java:62)
	at java.base/jdk.internal.reflect.DelegatingMethodAccessorImpl.invoke(DelegatingMethodAccessorImpl.java:43)
	at java.base/java.lang.reflect.Method.invoke(Method.java:566)
	at org.junit.runners.model.FrameworkMethod$1.runReflectiveCall(FrameworkMethod.java:44)
	at org.junit.internal.runners.model.ReflectiveCallable.run(ReflectiveCallable.java:15)
	at org.junit.runners.model.FrameworkMethod.invokeExplosively(FrameworkMethod.java:41)
	at junitparams.internal.InvokeParameterisedMethod.evaluate(InvokeParameterisedMethod.java:102)
	at org.junit.internal.runners.statements.FailOnTimeout$1.run(FailOnTimeout.java:28)
Caused by: ptolemy.kernel.util.IllegalActionException: initialize() was called after wrapup() was called but preinitialize() was not called after wrapup().
	at ptolemy.actor.lib.hoc.test.PreinitializeMustBeInvoked.initialize(PreinitializeMustBeInvoked.java:78)
	at ptolemy.actor.Director.initialize(Director.java:938)
	at ptolemy.actor.Director.initialize(Director.java:907)
	at ptolemy.actor.sched.StaticSchedulingDirector.initialize(StaticSchedulingDirector.java:159)
	at ptolemy.domains.sdf.kernel.SDFDirector.initialize(SDFDirector.java:544)
	at ptolemy.actor.CompositeActor.initialize(CompositeActor.java:935)
	at ptolemy.actor.lib.hoc.LifeCycleManager._executeInsideModel(LifeCycleManager.java:339)
	at ptolemy.actor.lib.hoc.RunCompositeActor.fire(RunCompositeActor.java:205)
	at ptolemy.actor.CompositeActor.iterate(CompositeActor.java:1146)
	at ptolemy.actor.sched.StaticSchedulingDirector.fire(StaticSchedulingDirector.java:216)
	at ptolemy.domains.sdf.kernel.SDFDirector.fire(SDFDirector.java:500)
	at ptolemy.actor.CompositeActor.fire(CompositeActor.java:455)
	at ptolemy.actor.Manager.iterate(Manager.java:851)
	at ptolemy.actor.Manager.execute(Manager.java:369)
	at ptolemy.actor.Manager.run(Manager.java:1263)
	at ptolemy.actor.Manager$PtolemyRunThread.run(Manager.java:1933)
Warning: Nashorn engine is planned to be removed from a future JDK release
Warning: Nashorn engine is planned to be removed from a future JDK release
Warning: Nashorn engine is planned to be removed from a future JDK release
Warning: Nashorn engine is planned to be removed from a future JDK release
Warning: Nashorn engine is planned to be removed from a future JDK release
Warning: Nashorn engine is planned to be removed from a future JDK release
Warning: Nashorn engine is planned to be removed from a future JDK release
Warning: Nashorn engine is planned to be removed from a future JDK release
]]></system-err>
</testsuite>
