<?xml version="1.0" encoding="UTF-8" ?>
<testsuite errors="0" failures="0" hostname="travis-job-c70e04f4-4e4a-4258-b9de-a695b7f58597" name="ptolemy.domains.continuous.test.junit.JUnitTclTest" skipped="0" tests="156" time="71.403" timestamp="2020-09-25T16:16:30">
  <properties>
[...]
</properties>
  <testcase classname="ptolemy.util.test.junit.TclTests" name="[0] ThereAreNoTclTests (RunTclFile)" time="0.02" />
  <testcase classname="ptolemy.util.test.junit.AutoKnownFailedTests" name="[0] ThereAreNoKnowFailedTests (RunModel)" time="0.002" />
  <testcase classname="ptolemy.util.test.junit.AutoNameArchTests" name="[0] ThereAreNoAutoArchTests (RunModel)" time="0.03" />
  <testcase classname="ptolemy.util.test.junit.AutoTests" name="[0] /home/travis/build/icyphy/ptII/ptolemy/domains/continuous/test/auto/BouncingBall.xml (RunModel)" time="2.968" />
  <testcase classname="ptolemy.util.test.junit.AutoTests" name="[1] /home/travis/build/icyphy/ptII/ptolemy/domains/continuous/test/auto/BouncingBallWithoutGR.xml (RunModel)" time="0.975" />
  <testcase classname="ptolemy.util.test.junit.AutoTests" name="[2] /home/travis/build/icyphy/ptII/ptolemy/domains/continuous/test/auto/Brownian.xml (RunModel)" time="0.115" />
  <testcase classname="ptolemy.util.test.junit.AutoTests" name="[3] /home/travis/build/icyphy/ptII/ptolemy/domains/continuous/test/auto/CarTracking.xml (RunModel)" time="3.844" />
  <testcase classname="ptolemy.util.test.junit.AutoTests" name="[4] /home/travis/build/icyphy/ptII/ptolemy/domains/continuous/test/auto/CartPendulum.xml (RunModel)" time="0.474" />
  <testcase classname="ptolemy.util.test.junit.AutoTests" name="[5] /home/travis/build/icyphy/ptII/ptolemy/domains/continuous/test/auto/CausalityInterface10.xml (RunModel)" time="0.038" />
  <testcase classname="ptolemy.util.test.junit.AutoTests" name="[6] /home/travis/build/icyphy/ptII/ptolemy/domains/continuous/test/auto/CausalityInterface11.xml (RunModel)" time="0.031" />
  <testcase classname="ptolemy.util.test.junit.AutoTests" name="[7] /home/travis/build/icyphy/ptII/ptolemy/domains/continuous/test/auto/CausalityInterface12.xml (RunModel)" time="0.035" />
  <testcase classname="ptolemy.util.test.junit.AutoTests" name="[8] /home/travis/build/icyphy/ptII/ptolemy/domains/continuous/test/auto/CausalityInterface13.xml (RunModel)" time="0.042" />
  <testcase classname="ptolemy.util.test.junit.AutoTests" name="[9] /home/travis/build/icyphy/ptII/ptolemy/domains/continuous/test/auto/CausalityInterface14.xml (RunModel)" time="0.033" />
  <testcase classname="ptolemy.util.test.junit.AutoTests" name="[10] /home/travis/build/icyphy/ptII/ptolemy/domains/continuous/test/auto/CausalityInterface4.xml (RunModel)" time="0.03" />
  <testcase classname="ptolemy.util.test.junit.AutoTests" name="[11] /home/travis/build/icyphy/ptII/ptolemy/domains/continuous/test/auto/CausalityInterface5.xml (RunModel)" time="0.034" />
  <testcase classname="ptolemy.util.test.junit.AutoTests" name="[12] /home/travis/build/icyphy/ptII/ptolemy/domains/continuous/test/auto/CausalityInterface6.xml (RunModel)" time="0.023" />
  <testcase classname="ptolemy.util.test.junit.AutoTests" name="[13] /home/travis/build/icyphy/ptII/ptolemy/domains/continuous/test/auto/CausalityInterface7.xml (RunModel)" time="0.039" />
  <testcase classname="ptolemy.util.test.junit.AutoTests" name="[14] /home/travis/build/icyphy/ptII/ptolemy/domains/continuous/test/auto/CausalityInterface8.xml (RunModel)" time="0.037" />
  <testcase classname="ptolemy.util.test.junit.AutoTests" name="[15] /home/travis/build/icyphy/ptII/ptolemy/domains/continuous/test/auto/CausalityInterface9.xml (RunModel)" time="0.036" />
  <testcase classname="ptolemy.util.test.junit.AutoTests" name="[16] /home/travis/build/icyphy/ptII/ptolemy/domains/continuous/test/auto/CausalityInterfaceFeedback1.xml (RunModel)" time="0.029" />
  <testcase classname="ptolemy.util.test.junit.AutoTests" name="[17] /home/travis/build/icyphy/ptII/ptolemy/domains/continuous/test/auto/CausalityInterfaceFeedback2.xml (RunModel)" time="0.032" />
  <testcase classname="ptolemy.util.test.junit.AutoTests" name="[18] /home/travis/build/icyphy/ptII/ptolemy/domains/continuous/test/auto/CompareWithCurrentTime.xml (RunModel)" time="0.026" />
  <testcase classname="ptolemy.util.test.junit.AutoTests" name="[19] /home/travis/build/icyphy/ptII/ptolemy/domains/continuous/test/auto/ComparedClocks.xml (RunModel)" time="0.075" />
  <testcase classname="ptolemy.util.test.junit.AutoTests" name="[20] /home/travis/build/icyphy/ptII/ptolemy/domains/continuous/test/auto/ContinuousAOCClone.xml (RunModel)" time="2.355" />
  <testcase classname="ptolemy.util.test.junit.AutoTests" name="[21] /home/travis/build/icyphy/ptII/ptolemy/domains/continuous/test/auto/ContinuousClock.xml (RunModel)" time="0.089" />
  <testcase classname="ptolemy.util.test.junit.AutoTests" name="[22] /home/travis/build/icyphy/ptII/ptolemy/domains/continuous/test/auto/ContinuousInContinuous.xml (RunModel)" time="0.085" />
  <testcase classname="ptolemy.util.test.junit.AutoTests" name="[23] /home/travis/build/icyphy/ptII/ptolemy/domains/continuous/test/auto/ContinuousInContinuousInContinuous.xml (RunModel)" time="0.032" />
  <testcase classname="ptolemy.util.test.junit.AutoTests" name="[24] /home/travis/build/icyphy/ptII/ptolemy/domains/continuous/test/auto/ContinuousInDE.xml (RunModel)" time="0.082" />
  <testcase classname="ptolemy.util.test.junit.AutoTests" name="[25] /home/travis/build/icyphy/ptII/ptolemy/domains/continuous/test/auto/ContinuousInDE2.xml (RunModel)" time="0.062" />
  <testcase classname="ptolemy.util.test.junit.AutoTests" name="[26] /home/travis/build/icyphy/ptII/ptolemy/domains/continuous/test/auto/ContinuousInDE3.xml (RunModel)" time="0.043" />
  <testcase classname="ptolemy.util.test.junit.AutoTests" name="[27] /home/travis/build/icyphy/ptII/ptolemy/domains/continuous/test/auto/ContinuousInDE4.xml (RunModel)" time="0.027" />
  <testcase classname="ptolemy.util.test.junit.AutoTests" name="[28] /home/travis/build/icyphy/ptII/ptolemy/domains/continuous/test/auto/ContinuousInDEDifferentRefinements.xml (RunModel)" time="0.079" />
  <testcase classname="ptolemy.util.test.junit.AutoTests" name="[29] /home/travis/build/icyphy/ptII/ptolemy/domains/continuous/test/auto/ContinuousInDEDifferentRefinementsPreemptive.xml (RunModel)" time="0.087" />
  <testcase classname="ptolemy.util.test.junit.AutoTests" name="[30] /home/travis/build/icyphy/ptII/ptolemy/domains/continuous/test/auto/ContinuousInDEInContinuous2.xml (RunModel)" time="0.058" />
  <testcase classname="ptolemy.util.test.junit.AutoTests" name="[31] /home/travis/build/icyphy/ptII/ptolemy/domains/continuous/test/auto/ContinuousInDEInContinuous3.xml (RunModel)" time="0.065" />
  <testcase classname="ptolemy.util.test.junit.AutoTests" name="[32] /home/travis/build/icyphy/ptII/ptolemy/domains/continuous/test/auto/ContinuousInDEInput.xml (RunModel)" time="0.03" />
  <testcase classname="ptolemy.util.test.junit.AutoTests" name="[33] /home/travis/build/icyphy/ptII/ptolemy/domains/continuous/test/auto/ContinuousInDEInput2.xml (RunModel)" time="0.035" />
  <testcase classname="ptolemy.util.test.junit.AutoTests" name="[34] /home/travis/build/icyphy/ptII/ptolemy/domains/continuous/test/auto/ContinuousInDEInput3.xml (RunModel)" time="0.028" />
  <testcase classname="ptolemy.util.test.junit.AutoTests" name="[35] /home/travis/build/icyphy/ptII/ptolemy/domains/continuous/test/auto/ContinuousInDESharingRefinement.xml (RunModel)" time="0.186" />
  <testcase classname="ptolemy.util.test.junit.AutoTests" name="[36] /home/travis/build/icyphy/ptII/ptolemy/domains/continuous/test/auto/ContinuousInDEwithNoPorts.xml (RunModel)" time="0.014" />
  <testcase classname="ptolemy.util.test.junit.AutoTests" name="[37] /home/travis/build/icyphy/ptII/ptolemy/domains/continuous/test/auto/ContinuousInsideDE.xml (RunModel)" time="0.086" />
  <testcase classname="ptolemy.util.test.junit.AutoTests" name="[38] /home/travis/build/icyphy/ptII/ptolemy/domains/continuous/test/auto/ContinuousMerge1.xml (RunModel)" time="0.014" />
  <testcase classname="ptolemy.util.test.junit.AutoTests" name="[39] /home/travis/build/icyphy/ptII/ptolemy/domains/continuous/test/auto/ContinuousMerge2.xml (RunModel)" time="0.048" />
  <testcase classname="ptolemy.util.test.junit.AutoTests" name="[40] /home/travis/build/icyphy/ptII/ptolemy/domains/continuous/test/auto/ContinuousMerge3.xml (RunModel)" time="0.059" />
  <testcase classname="ptolemy.util.test.junit.AutoTests" name="[41] /home/travis/build/icyphy/ptII/ptolemy/domains/continuous/test/auto/ContinuousWithinContinuous.xml (RunModel)" time="0.052" />
  <testcase classname="ptolemy.util.test.junit.AutoTests" name="[42] /home/travis/build/icyphy/ptII/ptolemy/domains/continuous/test/auto/ContinuousWithinContinuous2.xml (RunModel)" time="0.076" />
  <testcase classname="ptolemy.util.test.junit.AutoTests" name="[43] /home/travis/build/icyphy/ptII/ptolemy/domains/continuous/test/auto/ContinuousWithinContinuous3.xml (RunModel)" time="0.029" />
  <testcase classname="ptolemy.util.test.junit.AutoTests" name="[44] /home/travis/build/icyphy/ptII/ptolemy/domains/continuous/test/auto/ContinuousWithinContinuous4.xml (RunModel)" time="0.07" />
  <testcase classname="ptolemy.util.test.junit.AutoTests" name="[45] /home/travis/build/icyphy/ptII/ptolemy/domains/continuous/test/auto/ContinuousWithinContinuous5.xml (RunModel)" time="0.032" />
  <testcase classname="ptolemy.util.test.junit.AutoTests" name="[46] /home/travis/build/icyphy/ptII/ptolemy/domains/continuous/test/auto/ContinuousWithinContinuous6.xml (RunModel)" time="0.028" />
  <testcase classname="ptolemy.util.test.junit.AutoTests" name="[47] /home/travis/build/icyphy/ptII/ptolemy/domains/continuous/test/auto/ContinuousWithinContinuous7.xml (RunModel)" time="0.069" />
  <testcase classname="ptolemy.util.test.junit.AutoTests" name="[48] /home/travis/build/icyphy/ptII/ptolemy/domains/continuous/test/auto/DCMotor.xml (RunModel)" time="13.124" />
  <testcase classname="ptolemy.util.test.junit.AutoTests" name="[49] /home/travis/build/icyphy/ptII/ptolemy/domains/continuous/test/auto/DEInContinuous.xml (RunModel)" time="0.041" />
  <testcase classname="ptolemy.util.test.junit.AutoTests" name="[50] /home/travis/build/icyphy/ptII/ptolemy/domains/continuous/test/auto/DEinContinuous2.xml (RunModel)" time="0.033" />
  <testcase classname="ptolemy.util.test.junit.AutoTests" name="[51] /home/travis/build/icyphy/ptII/ptolemy/domains/continuous/test/auto/Derivative.xml (RunModel)" time="0.166" />
  <testcase classname="ptolemy.util.test.junit.AutoTests" name="[52] /home/travis/build/icyphy/ptII/ptolemy/domains/continuous/test/auto/Derivative1.xml (RunModel)" time="0.053" />
  <testcase classname="ptolemy.util.test.junit.AutoTests" name="[53] /home/travis/build/icyphy/ptII/ptolemy/domains/continuous/test/auto/DiscreteClock.xml (RunModel)" time="0.016" />
  <testcase classname="ptolemy.util.test.junit.AutoTests" name="[54] /home/travis/build/icyphy/ptII/ptolemy/domains/continuous/test/auto/EfficiencyCurve.xml (RunModel)" time="0.084" />
  <testcase classname="ptolemy.util.test.junit.AutoTests" name="[55] /home/travis/build/icyphy/ptII/ptolemy/domains/continuous/test/auto/ExponentialResponse.xml (RunModel)" time="0.11" />
  <testcase classname="ptolemy.util.test.junit.AutoTests" name="[56] /home/travis/build/icyphy/ptII/ptolemy/domains/continuous/test/auto/ExponentialResponseRK45.xml (RunModel)" time="0.032" />
  <testcase classname="ptolemy.util.test.junit.AutoTests" name="[57] /home/travis/build/icyphy/ptII/ptolemy/domains/continuous/test/auto/Friction.xml (RunModel)" time="1.596" />
  <testcase classname="ptolemy.util.test.junit.AutoTests" name="[58] /home/travis/build/icyphy/ptII/ptolemy/domains/continuous/test/auto/FurutaPendulum.xml (RunModel)" time="3.031" />
  <testcase classname="ptolemy.util.test.junit.AutoTests" name="[59] /home/travis/build/icyphy/ptII/ptolemy/domains/continuous/test/auto/HierarchicalExecution.xml (RunModel)" time="1.894" />
  <testcase classname="ptolemy.util.test.junit.AutoTests" name="[60] /home/travis/build/icyphy/ptII/ptolemy/domains/continuous/test/auto/HybridPlant.xml (RunModel)" time="0.56" />
  <testcase classname="ptolemy.util.test.junit.AutoTests" name="[61] /home/travis/build/icyphy/ptII/ptolemy/domains/continuous/test/auto/Hysteresis.xml (RunModel)" time="0.19" />
  <testcase classname="ptolemy.util.test.junit.AutoTests" name="[62] /home/travis/build/icyphy/ptII/ptolemy/domains/continuous/test/auto/HysteresisWithRandomDelay.xml (RunModel)" time="0.219" />
  <testcase classname="ptolemy.util.test.junit.AutoTests" name="[63] /home/travis/build/icyphy/ptII/ptolemy/domains/continuous/test/auto/HysteresisWithRandomLosses.xml (RunModel)" time="2.298" />
  <testcase classname="ptolemy.util.test.junit.AutoTests" name="[64] /home/travis/build/icyphy/ptII/ptolemy/domains/continuous/test/auto/ImmediateTransitions.xml (RunModel)" time="0.027" />
  <testcase classname="ptolemy.util.test.junit.AutoTests" name="[65] /home/travis/build/icyphy/ptII/ptolemy/domains/continuous/test/auto/ImpulseFeedback.xml (RunModel)" time="0.021" />
  <testcase classname="ptolemy.util.test.junit.AutoTests" name="[66] /home/travis/build/icyphy/ptII/ptolemy/domains/continuous/test/auto/ImpulseFeedback2.xml (RunModel)" time="0.017" />
  <testcase classname="ptolemy.util.test.junit.AutoTests" name="[67] /home/travis/build/icyphy/ptII/ptolemy/domains/continuous/test/auto/IncreasingRatePoisson.xml (RunModel)" time="0.721" />
  <testcase classname="ptolemy.util.test.junit.AutoTests" name="[68] /home/travis/build/icyphy/ptII/ptolemy/domains/continuous/test/auto/InitialStateFeedback.xml (RunModel)" time="0.014" />
  <testcase classname="ptolemy.util.test.junit.AutoTests" name="[69] /home/travis/build/icyphy/ptII/ptolemy/domains/continuous/test/auto/Integration.xml (RunModel)" time="0.011" />
  <testcase classname="ptolemy.util.test.junit.AutoTests" name="[70] /home/travis/build/icyphy/ptII/ptolemy/domains/continuous/test/auto/Integration2.xml (RunModel)" time="0.08" />
  <testcase classname="ptolemy.util.test.junit.AutoTests" name="[71] /home/travis/build/icyphy/ptII/ptolemy/domains/continuous/test/auto/Integration3.xml (RunModel)" time="0.012" />
  <testcase classname="ptolemy.util.test.junit.AutoTests" name="[72] /home/travis/build/icyphy/ptII/ptolemy/domains/continuous/test/auto/Integration5.xml (RunModel)" time="0.017" />
  <testcase classname="ptolemy.util.test.junit.AutoTests" name="[73] /home/travis/build/icyphy/ptII/ptolemy/domains/continuous/test/auto/IntegratorImpulse.xml (RunModel)" time="0.01" />
  <testcase classname="ptolemy.util.test.junit.AutoTests" name="[74] /home/travis/build/icyphy/ptII/ptolemy/domains/continuous/test/auto/IntegratorImpulse2.xml (RunModel)" time="0.015" />
  <testcase classname="ptolemy.util.test.junit.AutoTests" name="[75] /home/travis/build/icyphy/ptII/ptolemy/domains/continuous/test/auto/LevelCrossing1.xml (RunModel)" time="0.012" />
  <testcase classname="ptolemy.util.test.junit.AutoTests" name="[76] /home/travis/build/icyphy/ptII/ptolemy/domains/continuous/test/auto/LevelCrossing2.xml (RunModel)" time="0.018" />
  <testcase classname="ptolemy.util.test.junit.AutoTests" name="[77] /home/travis/build/icyphy/ptII/ptolemy/domains/continuous/test/auto/LevelCrossing3.xml (RunModel)" time="0.012" />
  <testcase classname="ptolemy.util.test.junit.AutoTests" name="[78] /home/travis/build/icyphy/ptII/ptolemy/domains/continuous/test/auto/LevelCrossing4.xml (RunModel)" time="0.015" />
  <testcase classname="ptolemy.util.test.junit.AutoTests" name="[79] /home/travis/build/icyphy/ptII/ptolemy/domains/continuous/test/auto/LevelCrossing5.xml (RunModel)" time="0.014" />
  <testcase classname="ptolemy.util.test.junit.AutoTests" name="[80] /home/travis/build/icyphy/ptII/ptolemy/domains/continuous/test/auto/LevelCrossing6.xml (RunModel)" time="0.014" />
  <testcase classname="ptolemy.util.test.junit.AutoTests" name="[81] /home/travis/build/icyphy/ptII/ptolemy/domains/continuous/test/auto/LevelCrossingDetector.xml (RunModel)" time="0.037" />
  <testcase classname="ptolemy.util.test.junit.AutoTests" name="[82] /home/travis/build/icyphy/ptII/ptolemy/domains/continuous/test/auto/LevelCrossingDetectorDetectingDirections.xml (RunModel)" time="0.078" />
  <testcase classname="ptolemy.util.test.junit.AutoTests" name="[83] /home/travis/build/icyphy/ptII/ptolemy/domains/continuous/test/auto/LevelCrossingDetectorDetectsGlitches.xml (RunModel)" time="0.054" />
  <testcase classname="ptolemy.util.test.junit.AutoTests" name="[84] /home/travis/build/icyphy/ptII/ptolemy/domains/continuous/test/auto/LevelCrossingNoInitialOuput.xml (RunModel)" time="0.013" />
  <testcase classname="ptolemy.util.test.junit.AutoTests" name="[85] /home/travis/build/icyphy/ptII/ptolemy/domains/continuous/test/auto/LinearStateSpaceExample.xml (RunModel)" time="0.057" />
  <testcase classname="ptolemy.util.test.junit.AutoTests" name="[86] /home/travis/build/icyphy/ptII/ptolemy/domains/continuous/test/auto/Lorenz.xml (RunModel)" time="3.771" />
  <testcase classname="ptolemy.util.test.junit.AutoTests" name="[87] /home/travis/build/icyphy/ptII/ptolemy/domains/continuous/test/auto/LorenzDifferentialSystem.xml (RunModel)" time="0.949" />
  <testcase classname="ptolemy.util.test.junit.AutoTests" name="[88] /home/travis/build/icyphy/ptII/ptolemy/domains/continuous/test/auto/LorenzDifferentialSystemWithInput.xml (RunModel)" time="1.268" />
  <testcase classname="ptolemy.util.test.junit.AutoTests" name="[89] /home/travis/build/icyphy/ptII/ptolemy/domains/continuous/test/auto/LorenzDifferentialSystemWithTime.xml (RunModel)" time="0.759" />
  <testcase classname="ptolemy.util.test.junit.AutoTests" name="[90] /home/travis/build/icyphy/ptII/ptolemy/domains/continuous/test/auto/Microsteps.xml (RunModel)" time="0.019" />
  <testcase classname="ptolemy.util.test.junit.AutoTests" name="[91] /home/travis/build/icyphy/ptII/ptolemy/domains/continuous/test/auto/Modal1.xml (RunModel)" time="0.049" />
  <testcase classname="ptolemy.util.test.junit.AutoTests" name="[92] /home/travis/build/icyphy/ptII/ptolemy/domains/continuous/test/auto/Modal2.xml (RunModel)" time="0.045" />
  <testcase classname="ptolemy.util.test.junit.AutoTests" name="[93] /home/travis/build/icyphy/ptII/ptolemy/domains/continuous/test/auto/ModalTransitionGuardWithReset.xml (RunModel)" time="0.022" />
  <testcase classname="ptolemy.util.test.junit.AutoTests" name="[94] /home/travis/build/icyphy/ptII/ptolemy/domains/continuous/test/auto/ModalTransitionGuardWithResetUsingPreemptiveTransition.xml (RunModel)" time="0.038" />
  <testcase classname="ptolemy.util.test.junit.AutoTests" name="[95] /home/travis/build/icyphy/ptII/ptolemy/domains/continuous/test/auto/ModalTransitionGuardWithResetUsingPreemptiveTransition2.xml (RunModel)" time="0.036" />
  <testcase classname="ptolemy.util.test.junit.AutoTests" name="[96] /home/travis/build/icyphy/ptII/ptolemy/domains/continuous/test/auto/ModalTransitionGuardWithResetUsingPreemptiveTransition3.xml (RunModel)" time="0.024" />
  <testcase classname="ptolemy.util.test.junit.AutoTests" name="[97] /home/travis/build/icyphy/ptII/ptolemy/domains/continuous/test/auto/NewtonsCradle.xml (RunModel)" time="0.782" />
  <testcase classname="ptolemy.util.test.junit.AutoTests" name="[98] /home/travis/build/icyphy/ptII/ptolemy/domains/continuous/test/auto/NewtonsCradleAnimated.xml (RunModel)" time="1.242" />
  <testcase classname="ptolemy.util.test.junit.AutoTests" name="[99] /home/travis/build/icyphy/ptII/ptolemy/domains/continuous/test/auto/NewtonsCradleComplicated.xml (RunModel)" time="0.91" />
  <testcase classname="ptolemy.util.test.junit.AutoTests" name="[100] /home/travis/build/icyphy/ptII/ptolemy/domains/continuous/test/auto/NewtonsCradleNondeterministic.xml (RunModel)" time="0.698" />
  <testcase classname="ptolemy.util.test.junit.AutoTests" name="[101] /home/travis/build/icyphy/ptII/ptolemy/domains/continuous/test/auto/NewtonsCradlePerfectlyInelastic1.xml (RunModel)" time="1.192" />
  <testcase classname="ptolemy.util.test.junit.AutoTests" name="[102] /home/travis/build/icyphy/ptII/ptolemy/domains/continuous/test/auto/Noise.xml (RunModel)" time="0.175" />
  <testcase classname="ptolemy.util.test.junit.AutoTests" name="[103] /home/travis/build/icyphy/ptII/ptolemy/domains/continuous/test/auto/NoiseSpectrum.xml (RunModel)" time="0.718" />
  <testcase classname="ptolemy.util.test.junit.AutoTests" name="[104] /home/travis/build/icyphy/ptII/ptolemy/domains/continuous/test/auto/ParameterizedNewtonsCradleAnimated.xml (RunModel)" time="0.35" />
  <testcase classname="ptolemy.util.test.junit.AutoTests" name="[105] /home/travis/build/icyphy/ptII/ptolemy/domains/continuous/test/auto/ParameterizedNewtonsCradleAnimatedNondeterministic.xml (RunModel)" time="1.151" />
  <testcase classname="ptolemy.util.test.junit.AutoTests" name="[106] /home/travis/build/icyphy/ptII/ptolemy/domains/continuous/test/auto/Pendulum3D.xml (RunModel)" time="0.189" />
  <testcase classname="ptolemy.util.test.junit.AutoTests" name="[107] /home/travis/build/icyphy/ptII/ptolemy/domains/continuous/test/auto/PeriodicSampler.xml (RunModel)" time="0.012" />
  <testcase classname="ptolemy.util.test.junit.AutoTests" name="[108] /home/travis/build/icyphy/ptII/ptolemy/domains/continuous/test/auto/PeriodicSampler1.xml (RunModel)" time="0.046" />
  <testcase classname="ptolemy.util.test.junit.AutoTests" name="[109] /home/travis/build/icyphy/ptII/ptolemy/domains/continuous/test/auto/PeriodicSampler2.xml (RunModel)" time="0.082" />
  <testcase classname="ptolemy.util.test.junit.AutoTests" name="[110] /home/travis/build/icyphy/ptII/ptolemy/domains/continuous/test/auto/Poisson.xml (RunModel)" time="0.453" />
  <testcase classname="ptolemy.util.test.junit.AutoTests" name="[111] /home/travis/build/icyphy/ptII/ptolemy/domains/continuous/test/auto/PoissonClock.xml (RunModel)" time="0.013" />
  <testcase classname="ptolemy.util.test.junit.AutoTests" name="[112] /home/travis/build/icyphy/ptII/ptolemy/domains/continuous/test/auto/PoissonClock2.xml (RunModel)" time="0.011" />
  <testcase classname="ptolemy.util.test.junit.AutoTests" name="[113] /home/travis/build/icyphy/ptII/ptolemy/domains/continuous/test/auto/PortParameterHierarchy.xml (RunModel)" time="0.024" />
  <testcase classname="ptolemy.util.test.junit.AutoTests" name="[114] /home/travis/build/icyphy/ptII/ptolemy/domains/continuous/test/auto/RandomHybridPlant.xml (RunModel)" time="0.545" />
  <testcase classname="ptolemy.util.test.junit.AutoTests" name="[115] /home/travis/build/icyphy/ptII/ptolemy/domains/continuous/test/auto/ResetTransitionWithStartTime1.xml (RunModel)" time="0.032" />
  <testcase classname="ptolemy.util.test.junit.AutoTests" name="[116] /home/travis/build/icyphy/ptII/ptolemy/domains/continuous/test/auto/ResetTransitionWithStartTime2.xml (RunModel)" time="0.034" />
  <testcase classname="ptolemy.util.test.junit.AutoTests" name="[117] /home/travis/build/icyphy/ptII/ptolemy/domains/continuous/test/auto/ResetTransitionWithStartTime3.xml (RunModel)" time="0.038" />
  <testcase classname="ptolemy.util.test.junit.AutoTests" name="[118] /home/travis/build/icyphy/ptII/ptolemy/domains/continuous/test/auto/ResetTransitionWithStartTime4.xml (RunModel)" time="0.022" />
  <testcase classname="ptolemy.util.test.junit.AutoTests" name="[119] /home/travis/build/icyphy/ptII/ptolemy/domains/continuous/test/auto/ResetTransitionWithStartTime5.xml (RunModel)" time="0.034" />
  <testcase classname="ptolemy.util.test.junit.AutoTests" name="[120] /home/travis/build/icyphy/ptII/ptolemy/domains/continuous/test/auto/ResetTransitionWithStartTime6.xml (RunModel)" time="0.027" />
  <testcase classname="ptolemy.util.test.junit.AutoTests" name="[121] /home/travis/build/icyphy/ptII/ptolemy/domains/continuous/test/auto/SRinContinuous.xml (RunModel)" time="0.02" />
  <testcase classname="ptolemy.util.test.junit.AutoTests" name="[122] /home/travis/build/icyphy/ptII/ptolemy/domains/continuous/test/auto/SampledClocks.xml (RunModel)" time="0.031" />
  <testcase classname="ptolemy.util.test.junit.AutoTests" name="[123] /home/travis/build/icyphy/ptII/ptolemy/domains/continuous/test/auto/Satellite.xml (RunModel)" time="0.885" />
  <testcase classname="ptolemy.util.test.junit.AutoTests" name="[124] /home/travis/build/icyphy/ptII/ptolemy/domains/continuous/test/auto/SigmaDelta.xml (RunModel)" time="2.459" />
  <testcase classname="ptolemy.util.test.junit.AutoTests" name="[125] /home/travis/build/icyphy/ptII/ptolemy/domains/continuous/test/auto/SingleRefinement.xml (RunModel)" time="0.406" />
  <testcase classname="ptolemy.util.test.junit.AutoTests" name="[126] /home/travis/build/icyphy/ptII/ptolemy/domains/continuous/test/auto/SinuBouncingBall.xml (RunModel)" time="0.815" />
  <testcase classname="ptolemy.util.test.junit.AutoTests" name="[127] /home/travis/build/icyphy/ptII/ptolemy/domains/continuous/test/auto/Sinusoid.xml (RunModel)" time="0.017" />
  <testcase classname="ptolemy.util.test.junit.AutoTests" name="[128] /home/travis/build/icyphy/ptII/ptolemy/domains/continuous/test/auto/SinusoidInNoise.xml (RunModel)" time="0.866" />
  <testcase classname="ptolemy.util.test.junit.AutoTests" name="[129] /home/travis/build/icyphy/ptII/ptolemy/domains/continuous/test/auto/SinusoidRK45.xml (RunModel)" time="0.015" />
  <testcase classname="ptolemy.util.test.junit.AutoTests" name="[130] /home/travis/build/icyphy/ptII/ptolemy/domains/continuous/test/auto/SinusoidWithMultipleImpulses.xml (RunModel)" time="0.012" />
  <testcase classname="ptolemy.util.test.junit.AutoTests" name="[131] /home/travis/build/icyphy/ptII/ptolemy/domains/continuous/test/auto/SquareWave.xml (RunModel)" time="0.174" />
  <testcase classname="ptolemy.util.test.junit.AutoTests" name="[132] /home/travis/build/icyphy/ptII/ptolemy/domains/continuous/test/auto/Starmac.xml (RunModel)" time="3.302" />
  <testcase classname="ptolemy.util.test.junit.AutoTests" name="[133] /home/travis/build/icyphy/ptII/ptolemy/domains/continuous/test/auto/StaticUnits.xml (RunModel)" time="2.678" />
  <testcase classname="ptolemy.util.test.junit.AutoTests" name="[134] /home/travis/build/icyphy/ptII/ptolemy/domains/continuous/test/auto/StickyMasses.xml (RunModel)" time="0.208" />
  <testcase classname="ptolemy.util.test.junit.AutoTests" name="[135] /home/travis/build/icyphy/ptII/ptolemy/domains/continuous/test/auto/StopTime.xml (RunModel)" time="0.071" />
  <testcase classname="ptolemy.util.test.junit.AutoTests" name="[136] /home/travis/build/icyphy/ptII/ptolemy/domains/continuous/test/auto/StopTime2.xml (RunModel)" time="0.058" />
  <testcase classname="ptolemy.util.test.junit.AutoTests" name="[137] /home/travis/build/icyphy/ptII/ptolemy/domains/continuous/test/auto/Switch.xml (RunModel)" time="0.065" />
  <testcase classname="ptolemy.util.test.junit.AutoTests" name="[138] /home/travis/build/icyphy/ptII/ptolemy/domains/continuous/test/auto/Thermostat.xml (RunModel)" time="0.212" />
  <testcase classname="ptolemy.util.test.junit.AutoTests" name="[139] /home/travis/build/icyphy/ptII/ptolemy/domains/continuous/test/auto/TimeDelay.xml (RunModel)" time="0.015" />
  <testcase classname="ptolemy.util.test.junit.AutoTests" name="[140] /home/travis/build/icyphy/ptII/ptolemy/domains/continuous/test/auto/TimeDelay2.xml (RunModel)" time="0.027" />
  <testcase classname="ptolemy.util.test.junit.AutoTests" name="[141] /home/travis/build/icyphy/ptII/ptolemy/domains/continuous/test/auto/TimeDelay3.xml (RunModel)" time="0.011" />
  <testcase classname="ptolemy.util.test.junit.AutoTests" name="[142] /home/travis/build/icyphy/ptII/ptolemy/domains/continuous/test/auto/TransferAbsentToInside.xml (RunModel)" time="0.119" />
  <testcase classname="ptolemy.util.test.junit.AutoTests" name="[143] /home/travis/build/icyphy/ptII/ptolemy/domains/continuous/test/auto/Transmission.xml (RunModel)" time="0.836" />
  <testcase classname="ptolemy.util.test.junit.AutoTests" name="[144] /home/travis/build/icyphy/ptII/ptolemy/domains/continuous/test/auto/TriggeredContinuousClock.xml (RunModel)" time="0.065" />
  <testcase classname="ptolemy.util.test.junit.AutoTests" name="[145] /home/travis/build/icyphy/ptII/ptolemy/domains/continuous/test/auto/TwoMachineInfiniteBusControl.xml (RunModel)" time="2.598" />
  <testcase classname="ptolemy.util.test.junit.AutoTests" name="[146] /home/travis/build/icyphy/ptII/ptolemy/domains/continuous/test/auto/V2V.xml (RunModel)" time="0.887" />
  <testcase classname="ptolemy.util.test.junit.AutoTests" name="[147] /home/travis/build/icyphy/ptII/ptolemy/domains/continuous/test/auto/hierarchicalModalModel.xml (RunModel)" time="0.031" />
  <testcase classname="ptolemy.util.test.junit.AutoTests" name="[148] /home/travis/build/icyphy/ptII/ptolemy/domains/continuous/test/auto/hierarchicalModalModel1.xml (RunModel)" time="0.028" />
  <testcase classname="ptolemy.util.test.junit.AutoTests" name="[149] /home/travis/build/icyphy/ptII/ptolemy/domains/continuous/test/auto/hierarchicalModalModel2.xml (RunModel)" time="0.028" />
  <testcase classname="ptolemy.util.test.junit.AutoTests" name="[150] /home/travis/build/icyphy/ptII/ptolemy/domains/continuous/test/auto/hierarchicalModalModel3.xml (RunModel)" time="0.037" />
  <testcase classname="ptolemy.util.test.junit.AutoTests" name="[151] /home/travis/build/icyphy/ptII/ptolemy/domains/continuous/test/auto/hierarchicalModalModel4.xml (RunModel)" time="0.025" />
  <testcase classname="ptolemy.util.test.junit.AutoTests" name="[152] /home/travis/build/icyphy/ptII/ptolemy/domains/continuous/test/auto/junk.xml (RunModel)" time="0.142" />
  <system-out><![CDATA[No tcl tests in /home/travis/build/icyphy/ptII/ptolemy/domains/continuous/test
No auto/knownFailedTests/*.xml tests in /home/travis/build/icyphy/ptII/ptolemy/domains/continuous/test
No auto/linux-amd64/*.xml tests in /home/travis/build/icyphy/ptII/ptolemy/domains/continuous/test
AutoTests.java: About to close Vertx.
AutoTests.java: Vertx closed.

===========================================================================================
----------------- testing Fri Sep 25 16:16:31 UTC 2020 /home/travis/build/icyphy/ptII/ptolemy/domains/continuous/test/auto/BouncingBall.xml
----------------- Instantiating /home/travis/build/icyphy/ptII/ptolemy/domains/continuous/test/auto/BouncingBall.xml
2345 ms. Memory: 155648K Free: 86170K (55%)
----------------- Invoking toplevel() on ptolemy.moml.MoMLSimpleApplication@34cb5e90
----------------- Done invoking toplevel() on ptolemy.moml.MoMLSimpleApplication@34cb5e90
reloadAllAccessors: .BouncingBall

===========================================================================================
----------------- testing Fri Sep 25 16:16:34 UTC 2020 /home/travis/build/icyphy/ptII/ptolemy/domains/continuous/test/auto/BouncingBallWithoutGR.xml
----------------- Instantiating /home/travis/build/icyphy/ptII/ptolemy/domains/continuous/test/auto/BouncingBallWithoutGR.xml
834 ms. Memory: 187392K Free: 120804K (64%)
----------------- Invoking toplevel() on ptolemy.moml.MoMLSimpleApplication@45219584
----------------- Done invoking toplevel() on ptolemy.moml.MoMLSimpleApplication@45219584
reloadAllAccessors: .BouncingBallWithoutGR

===========================================================================================
----------------- testing Fri Sep 25 16:16:35 UTC 2020 /home/travis/build/icyphy/ptII/ptolemy/domains/continuous/test/auto/Brownian.xml
----------------- Instantiating /home/travis/build/icyphy/ptII/ptolemy/domains/continuous/test/auto/Brownian.xml
36 ms. Memory: 187392K Free: 111588K (60%)
----------------- Invoking toplevel() on ptolemy.moml.MoMLSimpleApplication@6a1ed4c1
----------------- Done invoking toplevel() on ptolemy.moml.MoMLSimpleApplication@6a1ed4c1
reloadAllAccessors: .Brownian

===========================================================================================
----------------- testing Fri Sep 25 16:16:35 UTC 2020 /home/travis/build/icyphy/ptII/ptolemy/domains/continuous/test/auto/CarTracking.xml
----------------- Instantiating /home/travis/build/icyphy/ptII/ptolemy/domains/continuous/test/auto/CarTracking.xml
3319 ms. Memory: 225280K Free: 123625K (55%)
----------------- Invoking toplevel() on ptolemy.moml.MoMLSimpleApplication@3bb8cde1
----------------- Done invoking toplevel() on ptolemy.moml.MoMLSimpleApplication@3bb8cde1
reloadAllAccessors: .CarTracking

===========================================================================================
----------------- testing Fri Sep 25 16:16:39 UTC 2020 /home/travis/build/icyphy/ptII/ptolemy/domains/continuous/test/auto/CartPendulum.xml
----------------- Instantiating /home/travis/build/icyphy/ptII/ptolemy/domains/continuous/test/auto/CartPendulum.xml
340 ms. Memory: 225280K Free: 165042K (73%)
----------------- Invoking toplevel() on ptolemy.moml.MoMLSimpleApplication@1b4e1506
----------------- Done invoking toplevel() on ptolemy.moml.MoMLSimpleApplication@1b4e1506
reloadAllAccessors: .CartPendulum

===========================================================================================
----------------- testing Fri Sep 25 16:16:39 UTC 2020 /home/travis/build/icyphy/ptII/ptolemy/domains/continuous/test/auto/CausalityInterface10.xml
----------------- Instantiating /home/travis/build/icyphy/ptII/ptolemy/domains/continuous/test/auto/CausalityInterface10.xml
6 ms. Memory: 225280K Free: 154736K (69%)
----------------- Invoking toplevel() on ptolemy.moml.MoMLSimpleApplication@5bc9003d
----------------- Done invoking toplevel() on ptolemy.moml.MoMLSimpleApplication@5bc9003d
reloadAllAccessors: .CausalityInterface10

===========================================================================================
----------------- testing Fri Sep 25 16:16:39 UTC 2020 /home/travis/build/icyphy/ptII/ptolemy/domains/continuous/test/auto/CausalityInterface11.xml
----------------- Instantiating /home/travis/build/icyphy/ptII/ptolemy/domains/continuous/test/auto/CausalityInterface11.xml
8 ms. Memory: 225280K Free: 148592K (66%)
----------------- Invoking toplevel() on ptolemy.moml.MoMLSimpleApplication@57596a0e
----------------- Done invoking toplevel() on ptolemy.moml.MoMLSimpleApplication@57596a0e
reloadAllAccessors: .CausalityInterface11

===========================================================================================
----------------- testing Fri Sep 25 16:16:39 UTC 2020 /home/travis/build/icyphy/ptII/ptolemy/domains/continuous/test/auto/CausalityInterface12.xml
----------------- Instantiating /home/travis/build/icyphy/ptII/ptolemy/domains/continuous/test/auto/CausalityInterface12.xml
4 ms. Memory: 225280K Free: 142448K (63%)
----------------- Invoking toplevel() on ptolemy.moml.MoMLSimpleApplication@60f852f1
----------------- Done invoking toplevel() on ptolemy.moml.MoMLSimpleApplication@60f852f1
reloadAllAccessors: .CausalityInterface12

===========================================================================================
----------------- testing Fri Sep 25 16:16:39 UTC 2020 /home/travis/build/icyphy/ptII/ptolemy/domains/continuous/test/auto/CausalityInterface13.xml
----------------- Instantiating /home/travis/build/icyphy/ptII/ptolemy/domains/continuous/test/auto/CausalityInterface13.xml
8 ms. Memory: 225280K Free: 136302K (61%)
----------------- Invoking toplevel() on ptolemy.moml.MoMLSimpleApplication@207f14aa
----------------- Done invoking toplevel() on ptolemy.moml.MoMLSimpleApplication@207f14aa
reloadAllAccessors: .CausalityInterface13

===========================================================================================
----------------- testing Fri Sep 25 16:16:39 UTC 2020 /home/travis/build/icyphy/ptII/ptolemy/domains/continuous/test/auto/CausalityInterface14.xml
----------------- Instantiating /home/travis/build/icyphy/ptII/ptolemy/domains/continuous/test/auto/CausalityInterface14.xml
6 ms. Memory: 225280K Free: 130656K (58%)
----------------- Invoking toplevel() on ptolemy.moml.MoMLSimpleApplication@5ebd6ce
----------------- Done invoking toplevel() on ptolemy.moml.MoMLSimpleApplication@5ebd6ce
reloadAllAccessors: .CausalityInterface14

===========================================================================================
----------------- testing Fri Sep 25 16:16:39 UTC 2020 /home/travis/build/icyphy/ptII/ptolemy/domains/continuous/test/auto/CausalityInterface4.xml
----------------- Instantiating /home/travis/build/icyphy/ptII/ptolemy/domains/continuous/test/auto/CausalityInterface4.xml
5 ms. Memory: 225280K Free: 124016K (55%)
----------------- Invoking toplevel() on ptolemy.moml.MoMLSimpleApplication@25a886bd
----------------- Done invoking toplevel() on ptolemy.moml.MoMLSimpleApplication@25a886bd
reloadAllAccessors: .CausalityInterface4

===========================================================================================
----------------- testing Fri Sep 25 16:16:39 UTC 2020 /home/travis/build/icyphy/ptII/ptolemy/domains/continuous/test/auto/CausalityInterface5.xml
----------------- Instantiating /home/travis/build/icyphy/ptII/ptolemy/domains/continuous/test/auto/CausalityInterface5.xml
7 ms. Memory: 225280K Free: 115824K (51%)
----------------- Invoking toplevel() on ptolemy.moml.MoMLSimpleApplication@6f47c08c
----------------- Done invoking toplevel() on ptolemy.moml.MoMLSimpleApplication@6f47c08c
reloadAllAccessors: .CausalityInterface5

===========================================================================================
----------------- testing Fri Sep 25 16:16:40 UTC 2020 /home/travis/build/icyphy/ptII/ptolemy/domains/continuous/test/auto/CausalityInterface6.xml
----------------- Instantiating /home/travis/build/icyphy/ptII/ptolemy/domains/continuous/test/auto/CausalityInterface6.xml
6 ms. Memory: 225280K Free: 110704K (49%)
----------------- Invoking toplevel() on ptolemy.moml.MoMLSimpleApplication@3bcf09fb
----------------- Done invoking toplevel() on ptolemy.moml.MoMLSimpleApplication@3bcf09fb
reloadAllAccessors: .CausalityInterface6

===========================================================================================
----------------- testing Fri Sep 25 16:16:40 UTC 2020 /home/travis/build/icyphy/ptII/ptolemy/domains/continuous/test/auto/CausalityInterface7.xml
----------------- Instantiating /home/travis/build/icyphy/ptII/ptolemy/domains/continuous/test/auto/CausalityInterface7.xml
11 ms. Memory: 225280K Free: 101998K (45%)
----------------- Invoking toplevel() on ptolemy.moml.MoMLSimpleApplication@48b62bf8
----------------- Done invoking toplevel() on ptolemy.moml.MoMLSimpleApplication@48b62bf8
reloadAllAccessors: .CausalityInterface7

===========================================================================================
----------------- testing Fri Sep 25 16:16:40 UTC 2020 /home/travis/build/icyphy/ptII/ptolemy/domains/continuous/test/auto/CausalityInterface8.xml
----------------- Instantiating /home/travis/build/icyphy/ptII/ptolemy/domains/continuous/test/auto/CausalityInterface8.xml
6 ms. Memory: 225280K Free: 93296K (41%)
----------------- Invoking toplevel() on ptolemy.moml.MoMLSimpleApplication@5a0d92ff
----------------- Done invoking toplevel() on ptolemy.moml.MoMLSimpleApplication@5a0d92ff
reloadAllAccessors: .CausalityInterface8

===========================================================================================
----------------- testing Fri Sep 25 16:16:40 UTC 2020 /home/travis/build/icyphy/ptII/ptolemy/domains/continuous/test/auto/CausalityInterface9.xml
----------------- Instantiating /home/travis/build/icyphy/ptII/ptolemy/domains/continuous/test/auto/CausalityInterface9.xml
5 ms. Memory: 225280K Free: 82032K (36%)
----------------- Invoking toplevel() on ptolemy.moml.MoMLSimpleApplication@2b684f10
----------------- Done invoking toplevel() on ptolemy.moml.MoMLSimpleApplication@2b684f10
reloadAllAccessors: .CausalityInterface9

===========================================================================================
----------------- testing Fri Sep 25 16:16:40 UTC 2020 /home/travis/build/icyphy/ptII/ptolemy/domains/continuous/test/auto/CausalityInterfaceFeedback1.xml
----------------- Instantiating /home/travis/build/icyphy/ptII/ptolemy/domains/continuous/test/auto/CausalityInterfaceFeedback1.xml
3 ms. Memory: 225280K Free: 208877K (93%)
----------------- Invoking toplevel() on ptolemy.moml.MoMLSimpleApplication@3b2aafd9
----------------- Done invoking toplevel() on ptolemy.moml.MoMLSimpleApplication@3b2aafd9
reloadAllAccessors: .CausalityInterfaceFeedback1

===========================================================================================
----------------- testing Fri Sep 25 16:16:40 UTC 2020 /home/travis/build/icyphy/ptII/ptolemy/domains/continuous/test/auto/CausalityInterfaceFeedback2.xml
----------------- Instantiating /home/travis/build/icyphy/ptII/ptolemy/domains/continuous/test/auto/CausalityInterfaceFeedback2.xml
5 ms. Memory: 225280K Free: 202253K (90%)
----------------- Invoking toplevel() on ptolemy.moml.MoMLSimpleApplication@1c585e2
----------------- Done invoking toplevel() on ptolemy.moml.MoMLSimpleApplication@1c585e2
reloadAllAccessors: .CausalityInterfaceFeedback2

===========================================================================================
----------------- testing Fri Sep 25 16:16:40 UTC 2020 /home/travis/build/icyphy/ptII/ptolemy/domains/continuous/test/auto/CompareWithCurrentTime.xml
----------------- Instantiating /home/travis/build/icyphy/ptII/ptolemy/domains/continuous/test/auto/CompareWithCurrentTime.xml
7 ms. Memory: 225280K Free: 198157K (88%)
----------------- Invoking toplevel() on ptolemy.moml.MoMLSimpleApplication@448f39a1
----------------- Done invoking toplevel() on ptolemy.moml.MoMLSimpleApplication@448f39a1
reloadAllAccessors: .CompareWithCurrentTime

===========================================================================================
----------------- testing Fri Sep 25 16:16:40 UTC 2020 /home/travis/build/icyphy/ptII/ptolemy/domains/continuous/test/auto/ComparedClocks.xml
----------------- Instantiating /home/travis/build/icyphy/ptII/ptolemy/domains/continuous/test/auto/ComparedClocks.xml
8 ms. Memory: 225280K Free: 182797K (81%)
----------------- Invoking toplevel() on ptolemy.moml.MoMLSimpleApplication@4c7dcf98
----------------- Done invoking toplevel() on ptolemy.moml.MoMLSimpleApplication@4c7dcf98
reloadAllAccessors: .ComparedClocks

===========================================================================================
----------------- testing Fri Sep 25 16:16:40 UTC 2020 /home/travis/build/icyphy/ptII/ptolemy/domains/continuous/test/auto/ContinuousAOCClone.xml
----------------- Instantiating /home/travis/build/icyphy/ptII/ptolemy/domains/continuous/test/auto/ContinuousAOCClone.xml
2169 ms. Memory: 270336K Free: 146081K (54%)
----------------- Invoking toplevel() on ptolemy.moml.MoMLSimpleApplication@7a90b69a
----------------- Done invoking toplevel() on ptolemy.moml.MoMLSimpleApplication@7a90b69a
reloadAllAccessors: .ContinuousAOCClone

===========================================================================================
----------------- testing Fri Sep 25 16:16:42 UTC 2020 /home/travis/build/icyphy/ptII/ptolemy/domains/continuous/test/auto/ContinuousClock.xml
----------------- Instantiating /home/travis/build/icyphy/ptII/ptolemy/domains/continuous/test/auto/ContinuousClock.xml
33 ms. Memory: 270336K Free: 124063K (46%)
----------------- Invoking toplevel() on ptolemy.moml.MoMLSimpleApplication@64cf8d7e
----------------- Done invoking toplevel() on ptolemy.moml.MoMLSimpleApplication@64cf8d7e
reloadAllAccessors: .ContinuousClock

===========================================================================================
----------------- testing Fri Sep 25 16:16:42 UTC 2020 /home/travis/build/icyphy/ptII/ptolemy/domains/continuous/test/auto/ContinuousInContinuous.xml
----------------- Instantiating /home/travis/build/icyphy/ptII/ptolemy/domains/continuous/test/auto/ContinuousInContinuous.xml
39 ms. Memory: 270336K Free: 100497K (37%)
----------------- Invoking toplevel() on ptolemy.moml.MoMLSimpleApplication@7085414c
----------------- Done invoking toplevel() on ptolemy.moml.MoMLSimpleApplication@7085414c
reloadAllAccessors: .ContinuousInContinuous

===========================================================================================
----------------- testing Fri Sep 25 16:16:42 UTC 2020 /home/travis/build/icyphy/ptII/ptolemy/domains/continuous/test/auto/ContinuousInContinuousInContinuous.xml
----------------- Instantiating /home/travis/build/icyphy/ptII/ptolemy/domains/continuous/test/auto/ContinuousInContinuousInContinuous.xml
8 ms. Memory: 270336K Free: 253075K (94%)
----------------- Invoking toplevel() on ptolemy.moml.MoMLSimpleApplication@26a5683a
----------------- Done invoking toplevel() on ptolemy.moml.MoMLSimpleApplication@26a5683a
reloadAllAccessors: .ContinuousInContinuousInContinuous

===========================================================================================
----------------- testing Fri Sep 25 16:16:42 UTC 2020 /home/travis/build/icyphy/ptII/ptolemy/domains/continuous/test/auto/ContinuousInDE.xml
----------------- Instantiating /home/travis/build/icyphy/ptII/ptolemy/domains/continuous/test/auto/ContinuousInDE.xml
62 ms. Memory: 270336K Free: 242321K (90%)
----------------- Invoking toplevel() on ptolemy.moml.MoMLSimpleApplication@70de2af1
----------------- Done invoking toplevel() on ptolemy.moml.MoMLSimpleApplication@70de2af1
reloadAllAccessors: .ContinuousInDE

===========================================================================================
----------------- testing Fri Sep 25 16:16:42 UTC 2020 /home/travis/build/icyphy/ptII/ptolemy/domains/continuous/test/auto/ContinuousInDE2.xml
----------------- Instantiating /home/travis/build/icyphy/ptII/ptolemy/domains/continuous/test/auto/ContinuousInDE2.xml
40 ms. Memory: 270336K Free: 232595K (86%)
----------------- Invoking toplevel() on ptolemy.moml.MoMLSimpleApplication@6fdebf6f
----------------- Done invoking toplevel() on ptolemy.moml.MoMLSimpleApplication@6fdebf6f
reloadAllAccessors: .ContinuousInDE2

===========================================================================================
----------------- testing Fri Sep 25 16:16:43 UTC 2020 /home/travis/build/icyphy/ptII/ptolemy/domains/continuous/test/auto/ContinuousInDE3.xml
----------------- Instantiating /home/travis/build/icyphy/ptII/ptolemy/domains/continuous/test/auto/ContinuousInDE3.xml
32 ms. Memory: 270336K Free: 222865K (82%)
----------------- Invoking toplevel() on ptolemy.moml.MoMLSimpleApplication@45d59c58
----------------- Done invoking toplevel() on ptolemy.moml.MoMLSimpleApplication@45d59c58
reloadAllAccessors: .ContinuousInDE3

===========================================================================================
----------------- testing Fri Sep 25 16:16:43 UTC 2020 /home/travis/build/icyphy/ptII/ptolemy/domains/continuous/test/auto/ContinuousInDE4.xml
----------------- Instantiating /home/travis/build/icyphy/ptII/ptolemy/domains/continuous/test/auto/ContinuousInDE4.xml
12 ms. Memory: 270336K Free: 216721K (80%)
----------------- Invoking toplevel() on ptolemy.moml.MoMLSimpleApplication@5792d869
----------------- Done invoking toplevel() on ptolemy.moml.MoMLSimpleApplication@5792d869
reloadAllAccessors: .ContinuousInDE4

===========================================================================================
----------------- testing Fri Sep 25 16:16:43 UTC 2020 /home/travis/build/icyphy/ptII/ptolemy/domains/continuous/test/auto/ContinuousInDEDifferentRefinements.xml
----------------- Instantiating /home/travis/build/icyphy/ptII/ptolemy/domains/continuous/test/auto/ContinuousInDEDifferentRefinements.xml
47 ms. Memory: 270336K Free: 185491K (69%)
----------------- Invoking toplevel() on ptolemy.moml.MoMLSimpleApplication@c20ba76
----------------- Done invoking toplevel() on ptolemy.moml.MoMLSimpleApplication@c20ba76
reloadAllAccessors: .ContinuousInDEDifferentRefinements

===========================================================================================
----------------- testing Fri Sep 25 16:16:43 UTC 2020 /home/travis/build/icyphy/ptII/ptolemy/domains/continuous/test/auto/ContinuousInDEDifferentRefinementsPreemptive.xml
----------------- Instantiating /home/travis/build/icyphy/ptII/ptolemy/domains/continuous/test/auto/ContinuousInDEDifferentRefinementsPreemptive.xml
43 ms. Memory: 270336K Free: 155250K (57%)
----------------- Invoking toplevel() on ptolemy.moml.MoMLSimpleApplication@32868611
----------------- Done invoking toplevel() on ptolemy.moml.MoMLSimpleApplication@32868611
reloadAllAccessors: .ContinuousInDEDifferentRefinementsPreemptive

===========================================================================================
----------------- testing Fri Sep 25 16:16:43 UTC 2020 /home/travis/build/icyphy/ptII/ptolemy/domains/continuous/test/auto/ContinuousInDEInContinuous2.xml
----------------- Instantiating /home/travis/build/icyphy/ptII/ptolemy/domains/continuous/test/auto/ContinuousInDEInContinuous2.xml
37 ms. Memory: 270336K Free: 144017K (53%)
----------------- Invoking toplevel() on ptolemy.moml.MoMLSimpleApplication@72b35dc4
----------------- Done invoking toplevel() on ptolemy.moml.MoMLSimpleApplication@72b35dc4
reloadAllAccessors: .ContinuousInDEInContinuous2

===========================================================================================
----------------- testing Fri Sep 25 16:16:43 UTC 2020 /home/travis/build/icyphy/ptII/ptolemy/domains/continuous/test/auto/ContinuousInDEInContinuous3.xml
----------------- Instantiating /home/travis/build/icyphy/ptII/ptolemy/domains/continuous/test/auto/ContinuousInDEInContinuous3.xml
33 ms. Memory: 270336K Free: 132243K (49%)
----------------- Invoking toplevel() on ptolemy.moml.MoMLSimpleApplication@5f8ebd9b
----------------- Done invoking toplevel() on ptolemy.moml.MoMLSimpleApplication@5f8ebd9b
reloadAllAccessors: .ContinuousInDEInContinuous3

===========================================================================================
----------------- testing Fri Sep 25 16:16:43 UTC 2020 /home/travis/build/icyphy/ptII/ptolemy/domains/continuous/test/auto/ContinuousInDEInput.xml
----------------- Instantiating /home/travis/build/icyphy/ptII/ptolemy/domains/continuous/test/auto/ContinuousInDEInput.xml
12 ms. Memory: 270336K Free: 125075K (46%)
----------------- Invoking toplevel() on ptolemy.moml.MoMLSimpleApplication@36bf3016
----------------- Done invoking toplevel() on ptolemy.moml.MoMLSimpleApplication@36bf3016
reloadAllAccessors: .ContinuousInDEInput

===========================================================================================
----------------- testing Fri Sep 25 16:16:43 UTC 2020 /home/travis/build/icyphy/ptII/ptolemy/domains/continuous/test/auto/ContinuousInDEInput2.xml
----------------- Instantiating /home/travis/build/icyphy/ptII/ptolemy/domains/continuous/test/auto/ContinuousInDEInput2.xml
14 ms. Memory: 270336K Free: 117907K (44%)
----------------- Invoking toplevel() on ptolemy.moml.MoMLSimpleApplication@40727d2c
----------------- Done invoking toplevel() on ptolemy.moml.MoMLSimpleApplication@40727d2c
reloadAllAccessors: .ContinuousInDEInput2

===========================================================================================
----------------- testing Fri Sep 25 16:16:43 UTC 2020 /home/travis/build/icyphy/ptII/ptolemy/domains/continuous/test/auto/ContinuousInDEInput3.xml
----------------- Instantiating /home/travis/build/icyphy/ptII/ptolemy/domains/continuous/test/auto/ContinuousInDEInput3.xml
10 ms. Memory: 270336K Free: 110739K (41%)
----------------- Invoking toplevel() on ptolemy.moml.MoMLSimpleApplication@35fcad7c
----------------- Done invoking toplevel() on ptolemy.moml.MoMLSimpleApplication@35fcad7c
reloadAllAccessors: .ContinuousInDEInput3

===========================================================================================
----------------- testing Fri Sep 25 16:16:43 UTC 2020 /home/travis/build/icyphy/ptII/ptolemy/domains/continuous/test/auto/ContinuousInDESharingRefinement.xml
----------------- Instantiating /home/travis/build/icyphy/ptII/ptolemy/domains/continuous/test/auto/ContinuousInDESharingRefinement.xml
154 ms. Memory: 270336K Free: 177628K (66%)
----------------- Invoking toplevel() on ptolemy.moml.MoMLSimpleApplication@82e23a1
----------------- Done invoking toplevel() on ptolemy.moml.MoMLSimpleApplication@82e23a1
reloadAllAccessors: .ContinuousInDESharingRefinement

===========================================================================================
----------------- testing Fri Sep 25 16:16:43 UTC 2020 /home/travis/build/icyphy/ptII/ptolemy/domains/continuous/test/auto/ContinuousInDEwithNoPorts.xml
----------------- Instantiating /home/travis/build/icyphy/ptII/ptolemy/domains/continuous/test/auto/ContinuousInDEwithNoPorts.xml
3 ms. Memory: 270336K Free: 173255K (64%)
----------------- Invoking toplevel() on ptolemy.moml.MoMLSimpleApplication@5b5a8b8c
----------------- Done invoking toplevel() on ptolemy.moml.MoMLSimpleApplication@5b5a8b8c
reloadAllAccessors: .ContinuousInDEwithNoPorts

===========================================================================================
----------------- testing Fri Sep 25 16:16:43 UTC 2020 /home/travis/build/icyphy/ptII/ptolemy/domains/continuous/test/auto/ContinuousInsideDE.xml
----------------- Instantiating /home/travis/build/icyphy/ptII/ptolemy/domains/continuous/test/auto/ContinuousInsideDE.xml
37 ms. Memory: 270336K Free: 161991K (60%)
----------------- Invoking toplevel() on ptolemy.moml.MoMLSimpleApplication@53ae2af0
----------------- Done invoking toplevel() on ptolemy.moml.MoMLSimpleApplication@53ae2af0
reloadAllAccessors: .ContinuousInsideDE

===========================================================================================
----------------- testing Fri Sep 25 16:16:43 UTC 2020 /home/travis/build/icyphy/ptII/ptolemy/domains/continuous/test/auto/ContinuousMerge1.xml
----------------- Instantiating /home/travis/build/icyphy/ptII/ptolemy/domains/continuous/test/auto/ContinuousMerge1.xml
2 ms. Memory: 270336K Free: 157895K (58%)
----------------- Invoking toplevel() on ptolemy.moml.MoMLSimpleApplication@2daa4d24
----------------- Done invoking toplevel() on ptolemy.moml.MoMLSimpleApplication@2daa4d24
reloadAllAccessors: .ContinuousMerge1

===========================================================================================
----------------- testing Fri Sep 25 16:16:43 UTC 2020 /home/travis/build/icyphy/ptII/ptolemy/domains/continuous/test/auto/ContinuousMerge2.xml
----------------- Instantiating /home/travis/build/icyphy/ptII/ptolemy/domains/continuous/test/auto/ContinuousMerge2.xml
17 ms. Memory: 270336K Free: 147141K (54%)
----------------- Invoking toplevel() on ptolemy.moml.MoMLSimpleApplication@6465f750
----------------- Done invoking toplevel() on ptolemy.moml.MoMLSimpleApplication@6465f750
reloadAllAccessors: .ContinuousMerge2

===========================================================================================
----------------- testing Fri Sep 25 16:16:43 UTC 2020 /home/travis/build/icyphy/ptII/ptolemy/domains/continuous/test/auto/ContinuousMerge3.xml
----------------- Instantiating /home/travis/build/icyphy/ptII/ptolemy/domains/continuous/test/auto/ContinuousMerge3.xml
41 ms. Memory: 270336K Free: 136391K (50%)
----------------- Invoking toplevel() on ptolemy.moml.MoMLSimpleApplication@61b70014
----------------- Done invoking toplevel() on ptolemy.moml.MoMLSimpleApplication@61b70014
reloadAllAccessors: .ContinuousMerge3

===========================================================================================
----------------- testing Fri Sep 25 16:16:43 UTC 2020 /home/travis/build/icyphy/ptII/ptolemy/domains/continuous/test/auto/ContinuousWithinContinuous.xml
----------------- Instantiating /home/travis/build/icyphy/ptII/ptolemy/domains/continuous/test/auto/ContinuousWithinContinuous.xml
33 ms. Memory: 270336K Free: 127175K (47%)
----------------- Invoking toplevel() on ptolemy.moml.MoMLSimpleApplication@67cdd9e0
----------------- Done invoking toplevel() on ptolemy.moml.MoMLSimpleApplication@67cdd9e0
reloadAllAccessors: .ContinuousWithinContinuous

===========================================================================================
----------------- testing Fri Sep 25 16:16:44 UTC 2020 /home/travis/build/icyphy/ptII/ptolemy/domains/continuous/test/auto/ContinuousWithinContinuous2.xml
----------------- Instantiating /home/travis/build/icyphy/ptII/ptolemy/domains/continuous/test/auto/ContinuousWithinContinuous2.xml
60 ms. Memory: 270336K Free: 115911K (43%)
----------------- Invoking toplevel() on ptolemy.moml.MoMLSimpleApplication@3bf7ca6f
----------------- Done invoking toplevel() on ptolemy.moml.MoMLSimpleApplication@3bf7ca6f
reloadAllAccessors: .ContinuousWithinContinuous2

===========================================================================================
----------------- testing Fri Sep 25 16:16:44 UTC 2020 /home/travis/build/icyphy/ptII/ptolemy/domains/continuous/test/auto/ContinuousWithinContinuous3.xml
----------------- Instantiating /home/travis/build/icyphy/ptII/ptolemy/domains/continuous/test/auto/ContinuousWithinContinuous3.xml
11 ms. Memory: 270336K Free: 109253K (40%)
----------------- Invoking toplevel() on ptolemy.moml.MoMLSimpleApplication@32948456
----------------- Done invoking toplevel() on ptolemy.moml.MoMLSimpleApplication@32948456
reloadAllAccessors: .ContinuousWithinContinuous3

===========================================================================================
----------------- testing Fri Sep 25 16:16:44 UTC 2020 /home/travis/build/icyphy/ptII/ptolemy/domains/continuous/test/auto/ContinuousWithinContinuous4.xml
----------------- Instantiating /home/travis/build/icyphy/ptII/ptolemy/domains/continuous/test/auto/ContinuousWithinContinuous4.xml
54 ms. Memory: 270336K Free: 96965K (36%)
----------------- Invoking toplevel() on ptolemy.moml.MoMLSimpleApplication@2ddd1849
----------------- Done invoking toplevel() on ptolemy.moml.MoMLSimpleApplication@2ddd1849
reloadAllAccessors: .ContinuousWithinContinuous4

===========================================================================================
----------------- testing Fri Sep 25 16:16:44 UTC 2020 /home/travis/build/icyphy/ptII/ptolemy/domains/continuous/test/auto/ContinuousWithinContinuous5.xml
----------------- Instantiating /home/travis/build/icyphy/ptII/ptolemy/domains/continuous/test/auto/ContinuousWithinContinuous5.xml
11 ms. Memory: 270336K Free: 250090K (93%)
----------------- Invoking toplevel() on ptolemy.moml.MoMLSimpleApplication@1701ebbb
----------------- Done invoking toplevel() on ptolemy.moml.MoMLSimpleApplication@1701ebbb
reloadAllAccessors: .ContinuousWithinContinuous5

===========================================================================================
----------------- testing Fri Sep 25 16:16:44 UTC 2020 /home/travis/build/icyphy/ptII/ptolemy/domains/continuous/test/auto/ContinuousWithinContinuous6.xml
----------------- Instantiating /home/travis/build/icyphy/ptII/ptolemy/domains/continuous/test/auto/ContinuousWithinContinuous6.xml
10 ms. Memory: 270336K Free: 242922K (90%)
----------------- Invoking toplevel() on ptolemy.moml.MoMLSimpleApplication@2bcd8f77
----------------- Done invoking toplevel() on ptolemy.moml.MoMLSimpleApplication@2bcd8f77
reloadAllAccessors: .ContinuousWithinContinuous6

===========================================================================================
----------------- testing Fri Sep 25 16:16:44 UTC 2020 /home/travis/build/icyphy/ptII/ptolemy/domains/continuous/test/auto/ContinuousWithinContinuous7.xml
----------------- Instantiating /home/travis/build/icyphy/ptII/ptolemy/domains/continuous/test/auto/ContinuousWithinContinuous7.xml
44 ms. Memory: 270336K Free: 232168K (86%)
----------------- Invoking toplevel() on ptolemy.moml.MoMLSimpleApplication@3e1d78ec
----------------- Done invoking toplevel() on ptolemy.moml.MoMLSimpleApplication@3e1d78ec
reloadAllAccessors: .ContinuousWithinContinuous7

===========================================================================================
----------------- testing Fri Sep 25 16:16:44 UTC 2020 /home/travis/build/icyphy/ptII/ptolemy/domains/continuous/test/auto/DCMotor.xml
----------------- Instantiating /home/travis/build/icyphy/ptII/ptolemy/domains/continuous/test/auto/DCMotor.xml
13041 ms. Memory: 270336K Free: 189722K (70%)
----------------- Invoking toplevel() on ptolemy.moml.MoMLSimpleApplication@1db62c06
----------------- Done invoking toplevel() on ptolemy.moml.MoMLSimpleApplication@1db62c06
reloadAllAccessors: .DCMotor

===========================================================================================
----------------- testing Fri Sep 25 16:16:57 UTC 2020 /home/travis/build/icyphy/ptII/ptolemy/domains/continuous/test/auto/DEInContinuous.xml
----------------- Instantiating /home/travis/build/icyphy/ptII/ptolemy/domains/continuous/test/auto/DEInContinuous.xml
14 ms. Memory: 270336K Free: 183592K (68%)
----------------- Invoking toplevel() on ptolemy.moml.MoMLSimpleApplication@17586a88
----------------- Done invoking toplevel() on ptolemy.moml.MoMLSimpleApplication@17586a88
reloadAllAccessors: .DEInContinuous

===========================================================================================
----------------- testing Fri Sep 25 16:16:57 UTC 2020 /home/travis/build/icyphy/ptII/ptolemy/domains/continuous/test/auto/DEinContinuous2.xml
----------------- Instantiating /home/travis/build/icyphy/ptII/ptolemy/domains/continuous/test/auto/DEinContinuous2.xml
9 ms. Memory: 270336K Free: 175914K (65%)
----------------- Invoking toplevel() on ptolemy.moml.MoMLSimpleApplication@15e7f052
----------------- Done invoking toplevel() on ptolemy.moml.MoMLSimpleApplication@15e7f052
reloadAllAccessors: .DEinContinuous2

===========================================================================================
----------------- testing Fri Sep 25 16:16:57 UTC 2020 /home/travis/build/icyphy/ptII/ptolemy/domains/continuous/test/auto/Derivative.xml
----------------- Instantiating /home/travis/build/icyphy/ptII/ptolemy/domains/continuous/test/auto/Derivative.xml
124 ms. Memory: 270336K Free: 147242K (54%)
----------------- Invoking toplevel() on ptolemy.moml.MoMLSimpleApplication@1ec45fa7
----------------- Done invoking toplevel() on ptolemy.moml.MoMLSimpleApplication@1ec45fa7
reloadAllAccessors: .Derivative2

===========================================================================================
----------------- testing Fri Sep 25 16:16:57 UTC 2020 /home/travis/build/icyphy/ptII/ptolemy/domains/continuous/test/auto/Derivative1.xml
----------------- Instantiating /home/travis/build/icyphy/ptII/ptolemy/domains/continuous/test/auto/Derivative1.xml
25 ms. Memory: 270336K Free: 133416K (49%)
----------------- Invoking toplevel() on ptolemy.moml.MoMLSimpleApplication@4ac9a1d8
----------------- Done invoking toplevel() on ptolemy.moml.MoMLSimpleApplication@4ac9a1d8
reloadAllAccessors: .Derivative1

===========================================================================================
----------------- testing Fri Sep 25 16:16:57 UTC 2020 /home/travis/build/icyphy/ptII/ptolemy/domains/continuous/test/auto/DiscreteClock.xml
----------------- Instantiating /home/travis/build/icyphy/ptII/ptolemy/domains/continuous/test/auto/DiscreteClock.xml
4 ms. Memory: 270336K Free: 127786K (47%)
----------------- Invoking toplevel() on ptolemy.moml.MoMLSimpleApplication@7bd9b74
----------------- Done invoking toplevel() on ptolemy.moml.MoMLSimpleApplication@7bd9b74
reloadAllAccessors: .DiscreteClock

===========================================================================================
----------------- testing Fri Sep 25 16:16:57 UTC 2020 /home/travis/build/icyphy/ptII/ptolemy/domains/continuous/test/auto/EfficiencyCurve.xml
----------------- Instantiating /home/travis/build/icyphy/ptII/ptolemy/domains/continuous/test/auto/EfficiencyCurve.xml
42 ms. Memory: 270336K Free: 118570K (44%)
----------------- Invoking toplevel() on ptolemy.moml.MoMLSimpleApplication@290853bf
----------------- Done invoking toplevel() on ptolemy.moml.MoMLSimpleApplication@290853bf
reloadAllAccessors: .EfficiencyCurve

===========================================================================================
----------------- testing Fri Sep 25 16:16:57 UTC 2020 /home/travis/build/icyphy/ptII/ptolemy/domains/continuous/test/auto/ExponentialResponse.xml
----------------- Instantiating /home/travis/build/icyphy/ptII/ptolemy/domains/continuous/test/auto/ExponentialResponse.xml
99 ms. Memory: 270336K Free: 103210K (38%)
----------------- Invoking toplevel() on ptolemy.moml.MoMLSimpleApplication@225f21ee
----------------- Done invoking toplevel() on ptolemy.moml.MoMLSimpleApplication@225f21ee
reloadAllAccessors: .ExponentialResponse

===========================================================================================
----------------- testing Fri Sep 25 16:16:57 UTC 2020 /home/travis/build/icyphy/ptII/ptolemy/domains/continuous/test/auto/ExponentialResponseRK45.xml
----------------- Instantiating /home/travis/build/icyphy/ptII/ptolemy/domains/continuous/test/auto/ExponentialResponseRK45.xml
22 ms. Memory: 270336K Free: 96552K (36%)
----------------- Invoking toplevel() on ptolemy.moml.MoMLSimpleApplication@425fecf2
----------------- Done invoking toplevel() on ptolemy.moml.MoMLSimpleApplication@425fecf2
reloadAllAccessors: .ExponentialResponseRK45

===========================================================================================
----------------- testing Fri Sep 25 16:16:58 UTC 2020 /home/travis/build/icyphy/ptII/ptolemy/domains/continuous/test/auto/Friction.xml
----------------- Instantiating /home/travis/build/icyphy/ptII/ptolemy/domains/continuous/test/auto/Friction.xml
1468 ms. Memory: 270336K Free: 149102K (55%)
----------------- Invoking toplevel() on ptolemy.moml.MoMLSimpleApplication@3faf61a0
----------------- Done invoking toplevel() on ptolemy.moml.MoMLSimpleApplication@3faf61a0
reloadAllAccessors: .Friction

===========================================================================================
----------------- testing Fri Sep 25 16:16:59 UTC 2020 /home/travis/build/icyphy/ptII/ptolemy/domains/continuous/test/auto/FurutaPendulum.xml
----------------- Instantiating /home/travis/build/icyphy/ptII/ptolemy/domains/continuous/test/auto/FurutaPendulum.xml
2903 ms. Memory: 270336K Free: 133822K (50%)
----------------- Invoking toplevel() on ptolemy.moml.MoMLSimpleApplication@79e2e090
----------------- Done invoking toplevel() on ptolemy.moml.MoMLSimpleApplication@79e2e090
reloadAllAccessors: .FurutaPendulum

===========================================================================================
----------------- testing Fri Sep 25 16:17:02 UTC 2020 /home/travis/build/icyphy/ptII/ptolemy/domains/continuous/test/auto/HierarchicalExecution.xml
----------------- Instantiating /home/travis/build/icyphy/ptII/ptolemy/domains/continuous/test/auto/HierarchicalExecution.xml
1524 ms. Memory: 270336K Free: 168502K (62%)
----------------- Invoking toplevel() on ptolemy.moml.MoMLSimpleApplication@393e8ea1
----------------- Done invoking toplevel() on ptolemy.moml.MoMLSimpleApplication@393e8ea1
reloadAllAccessors: .HierarchicalExecution

===========================================================================================
----------------- testing Fri Sep 25 16:17:04 UTC 2020 /home/travis/build/icyphy/ptII/ptolemy/domains/continuous/test/auto/HybridPlant.xml
----------------- Instantiating /home/travis/build/icyphy/ptII/ptolemy/domains/continuous/test/auto/HybridPlant.xml
491 ms. Memory: 270336K Free: 225578K (83%)
----------------- Invoking toplevel() on ptolemy.moml.MoMLSimpleApplication@5c92c67e
----------------- Done invoking toplevel() on ptolemy.moml.MoMLSimpleApplication@5c92c67e
reloadAllAccessors: .HybridPlant

===========================================================================================
----------------- testing Fri Sep 25 16:17:05 UTC 2020 /home/travis/build/icyphy/ptII/ptolemy/domains/continuous/test/auto/Hysteresis.xml
----------------- Instantiating /home/travis/build/icyphy/ptII/ptolemy/domains/continuous/test/auto/Hysteresis.xml
147 ms. Memory: 270336K Free: 163114K (60%)
----------------- Invoking toplevel() on ptolemy.moml.MoMLSimpleApplication@538159f0
----------------- Done invoking toplevel() on ptolemy.moml.MoMLSimpleApplication@538159f0
reloadAllAccessors: .Hysteresis

===========================================================================================
----------------- testing Fri Sep 25 16:17:05 UTC 2020 /home/travis/build/icyphy/ptII/ptolemy/domains/continuous/test/auto/HysteresisWithRandomDelay.xml
----------------- Instantiating /home/travis/build/icyphy/ptII/ptolemy/domains/continuous/test/auto/HysteresisWithRandomDelay.xml
169 ms. Memory: 270336K Free: 251820K (93%)
----------------- Invoking toplevel() on ptolemy.moml.MoMLSimpleApplication@2c14c582
----------------- Done invoking toplevel() on ptolemy.moml.MoMLSimpleApplication@2c14c582
reloadAllAccessors: .HysteresisWithRandomDelay

===========================================================================================
----------------- testing Fri Sep 25 16:17:05 UTC 2020 /home/travis/build/icyphy/ptII/ptolemy/domains/continuous/test/auto/HysteresisWithRandomLosses.xml
----------------- Instantiating /home/travis/build/icyphy/ptII/ptolemy/domains/continuous/test/auto/HysteresisWithRandomLosses.xml
2223 ms. Memory: 270336K Free: 137163K (51%)
----------------- Invoking toplevel() on ptolemy.moml.MoMLSimpleApplication@1cd6fee3
----------------- Done invoking toplevel() on ptolemy.moml.MoMLSimpleApplication@1cd6fee3
reloadAllAccessors: .HysteresisWithRandomLosses

===========================================================================================
----------------- testing Fri Sep 25 16:17:07 UTC 2020 /home/travis/build/icyphy/ptII/ptolemy/domains/continuous/test/auto/ImmediateTransitions.xml
----------------- Instantiating /home/travis/build/icyphy/ptII/ptolemy/domains/continuous/test/auto/ImmediateTransitions.xml
10 ms. Memory: 270336K Free: 126427K (47%)
----------------- Invoking toplevel() on ptolemy.moml.MoMLSimpleApplication@56566f29
----------------- Done invoking toplevel() on ptolemy.moml.MoMLSimpleApplication@56566f29
reloadAllAccessors: .ImmediateTransitions

===========================================================================================
----------------- testing Fri Sep 25 16:17:07 UTC 2020 /home/travis/build/icyphy/ptII/ptolemy/domains/continuous/test/auto/ImpulseFeedback.xml
----------------- Instantiating /home/travis/build/icyphy/ptII/ptolemy/domains/continuous/test/auto/ImpulseFeedback.xml
8 ms. Memory: 270336K Free: 120793K (45%)
----------------- Invoking toplevel() on ptolemy.moml.MoMLSimpleApplication@660c50a3
----------------- Done invoking toplevel() on ptolemy.moml.MoMLSimpleApplication@660c50a3
reloadAllAccessors: .ImpulseFeedback

===========================================================================================
----------------- testing Fri Sep 25 16:17:07 UTC 2020 /home/travis/build/icyphy/ptII/ptolemy/domains/continuous/test/auto/ImpulseFeedback2.xml
----------------- Instantiating /home/travis/build/icyphy/ptII/ptolemy/domains/continuous/test/auto/ImpulseFeedback2.xml
6 ms. Memory: 270336K Free: 115163K (43%)
----------------- Invoking toplevel() on ptolemy.moml.MoMLSimpleApplication@6d970b15
----------------- Done invoking toplevel() on ptolemy.moml.MoMLSimpleApplication@6d970b15
reloadAllAccessors: .ImpulseFeedback2

===========================================================================================
----------------- testing Fri Sep 25 16:17:07 UTC 2020 /home/travis/build/icyphy/ptII/ptolemy/domains/continuous/test/auto/IncreasingRatePoisson.xml
----------------- Instantiating /home/travis/build/icyphy/ptII/ptolemy/domains/continuous/test/auto/IncreasingRatePoisson.xml
690 ms. Memory: 324608K Free: 214157K (66%)
----------------- Invoking toplevel() on ptolemy.moml.MoMLSimpleApplication@592a2ff7
----------------- Done invoking toplevel() on ptolemy.moml.MoMLSimpleApplication@592a2ff7
reloadAllAccessors: .IncreasingRatePoisson

===========================================================================================
----------------- testing Fri Sep 25 16:17:08 UTC 2020 /home/travis/build/icyphy/ptII/ptolemy/domains/continuous/test/auto/InitialStateFeedback.xml
----------------- Instantiating /home/travis/build/icyphy/ptII/ptolemy/domains/continuous/test/auto/InitialStateFeedback.xml
5 ms. Memory: 324608K Free: 209547K (65%)
----------------- Invoking toplevel() on ptolemy.moml.MoMLSimpleApplication@5ddf50f4
----------------- Done invoking toplevel() on ptolemy.moml.MoMLSimpleApplication@5ddf50f4
reloadAllAccessors: .InitialStateFeedback

===========================================================================================
----------------- testing Fri Sep 25 16:17:08 UTC 2020 /home/travis/build/icyphy/ptII/ptolemy/domains/continuous/test/auto/Integration.xml
----------------- Instantiating /home/travis/build/icyphy/ptII/ptolemy/domains/continuous/test/auto/Integration.xml
1 ms. Memory: 324608K Free: 205451K (63%)
----------------- Invoking toplevel() on ptolemy.moml.MoMLSimpleApplication@69104936
----------------- Done invoking toplevel() on ptolemy.moml.MoMLSimpleApplication@69104936
reloadAllAccessors: .Integration

===========================================================================================
----------------- testing Fri Sep 25 16:17:08 UTC 2020 /home/travis/build/icyphy/ptII/ptolemy/domains/continuous/test/auto/Integration2.xml
----------------- Instantiating /home/travis/build/icyphy/ptII/ptolemy/domains/continuous/test/auto/Integration2.xml
67 ms. Memory: 324608K Free: 191629K (59%)
----------------- Invoking toplevel() on ptolemy.moml.MoMLSimpleApplication@5db3f4cb
----------------- Done invoking toplevel() on ptolemy.moml.MoMLSimpleApplication@5db3f4cb
reloadAllAccessors: .Integration2

===========================================================================================
----------------- testing Fri Sep 25 16:17:08 UTC 2020 /home/travis/build/icyphy/ptII/ptolemy/domains/continuous/test/auto/Integration3.xml
----------------- Instantiating /home/travis/build/icyphy/ptII/ptolemy/domains/continuous/test/auto/Integration3.xml
2 ms. Memory: 324608K Free: 187005K (58%)
----------------- Invoking toplevel() on ptolemy.moml.MoMLSimpleApplication@22aca67a
----------------- Done invoking toplevel() on ptolemy.moml.MoMLSimpleApplication@22aca67a
reloadAllAccessors: .Integration3

===========================================================================================
----------------- testing Fri Sep 25 16:17:08 UTC 2020 /home/travis/build/icyphy/ptII/ptolemy/domains/continuous/test/auto/Integration5.xml
----------------- Instantiating /home/travis/build/icyphy/ptII/ptolemy/domains/continuous/test/auto/Integration5.xml
2 ms. Memory: 324608K Free: 182923K (56%)
----------------- Invoking toplevel() on ptolemy.moml.MoMLSimpleApplication@76c2d104
----------------- Done invoking toplevel() on ptolemy.moml.MoMLSimpleApplication@76c2d104
reloadAllAccessors: .Integration5

===========================================================================================
----------------- testing Fri Sep 25 16:17:08 UTC 2020 /home/travis/build/icyphy/ptII/ptolemy/domains/continuous/test/auto/IntegratorImpulse.xml
----------------- Instantiating /home/travis/build/icyphy/ptII/ptolemy/domains/continuous/test/auto/IntegratorImpulse.xml
2 ms. Memory: 324608K Free: 178821K (55%)
----------------- Invoking toplevel() on ptolemy.moml.MoMLSimpleApplication@75cf4a95
----------------- Done invoking toplevel() on ptolemy.moml.MoMLSimpleApplication@75cf4a95
reloadAllAccessors: .IntegratorImpulse

===========================================================================================
----------------- testing Fri Sep 25 16:17:08 UTC 2020 /home/travis/build/icyphy/ptII/ptolemy/domains/continuous/test/auto/IntegratorImpulse2.xml
----------------- Instantiating /home/travis/build/icyphy/ptII/ptolemy/domains/continuous/test/auto/IntegratorImpulse2.xml
4 ms. Memory: 324608K Free: 174221K (54%)
----------------- Invoking toplevel() on ptolemy.moml.MoMLSimpleApplication@76f74a6e
----------------- Done invoking toplevel() on ptolemy.moml.MoMLSimpleApplication@76f74a6e
reloadAllAccessors: .IntegratorImpulse2

===========================================================================================
----------------- testing Fri Sep 25 16:17:08 UTC 2020 /home/travis/build/icyphy/ptII/ptolemy/domains/continuous/test/auto/LevelCrossing1.xml
----------------- Instantiating /home/travis/build/icyphy/ptII/ptolemy/domains/continuous/test/auto/LevelCrossing1.xml
3 ms. Memory: 324608K Free: 169101K (52%)
----------------- Invoking toplevel() on ptolemy.moml.MoMLSimpleApplication@15574897
----------------- Done invoking toplevel() on ptolemy.moml.MoMLSimpleApplication@15574897
reloadAllAccessors: .LevelCrossing1

===========================================================================================
----------------- testing Fri Sep 25 16:17:08 UTC 2020 /home/travis/build/icyphy/ptII/ptolemy/domains/continuous/test/auto/LevelCrossing2.xml
----------------- Instantiating /home/travis/build/icyphy/ptII/ptolemy/domains/continuous/test/auto/LevelCrossing2.xml
8 ms. Memory: 324608K Free: 163981K (51%)
----------------- Invoking toplevel() on ptolemy.moml.MoMLSimpleApplication@23d7ca4b
----------------- Done invoking toplevel() on ptolemy.moml.MoMLSimpleApplication@23d7ca4b
reloadAllAccessors: .LevelCrossing2

===========================================================================================
----------------- testing Fri Sep 25 16:17:08 UTC 2020 /home/travis/build/icyphy/ptII/ptolemy/domains/continuous/test/auto/LevelCrossing3.xml
----------------- Instantiating /home/travis/build/icyphy/ptII/ptolemy/domains/continuous/test/auto/LevelCrossing3.xml
3 ms. Memory: 324608K Free: 158861K (49%)
----------------- Invoking toplevel() on ptolemy.moml.MoMLSimpleApplication@4f308284
----------------- Done invoking toplevel() on ptolemy.moml.MoMLSimpleApplication@4f308284
reloadAllAccessors: .LevelCrossing3

===========================================================================================
----------------- testing Fri Sep 25 16:17:08 UTC 2020 /home/travis/build/icyphy/ptII/ptolemy/domains/continuous/test/auto/LevelCrossing4.xml
----------------- Instantiating /home/travis/build/icyphy/ptII/ptolemy/domains/continuous/test/auto/LevelCrossing4.xml
4 ms. Memory: 324608K Free: 153741K (47%)
----------------- Invoking toplevel() on ptolemy.moml.MoMLSimpleApplication@544c104b
----------------- Done invoking toplevel() on ptolemy.moml.MoMLSimpleApplication@544c104b
reloadAllAccessors: .LevelCrossing4

===========================================================================================
----------------- testing Fri Sep 25 16:17:08 UTC 2020 /home/travis/build/icyphy/ptII/ptolemy/domains/continuous/test/auto/LevelCrossing5.xml
----------------- Instantiating /home/travis/build/icyphy/ptII/ptolemy/domains/continuous/test/auto/LevelCrossing5.xml
4 ms. Memory: 324608K Free: 148621K (46%)
----------------- Invoking toplevel() on ptolemy.moml.MoMLSimpleApplication@2959ef72
----------------- Done invoking toplevel() on ptolemy.moml.MoMLSimpleApplication@2959ef72
reloadAllAccessors: .LevelCrossing5

===========================================================================================
[...]
4 ms. Memory: 324608K Free: 278671K (86%)
----------------- Invoking toplevel() on ptolemy.moml.MoMLSimpleApplication@4407f6a9
----------------- Done invoking toplevel() on ptolemy.moml.MoMLSimpleApplication@4407f6a9
reloadAllAccessors: .SRinContinuous

===========================================================================================
----------------- testing Fri Sep 25 16:17:24 UTC 2020 /home/travis/build/icyphy/ptII/ptolemy/domains/continuous/test/auto/SampledClocks.xml
----------------- Instantiating /home/travis/build/icyphy/ptII/ptolemy/domains/continuous/test/auto/SampledClocks.xml
6 ms. Memory: 324608K Free: 265873K (82%)
----------------- Invoking toplevel() on ptolemy.moml.MoMLSimpleApplication@2b0958bd
----------------- Done invoking toplevel() on ptolemy.moml.MoMLSimpleApplication@2b0958bd
reloadAllAccessors: .SampledClocks

===========================================================================================
----------------- testing Fri Sep 25 16:17:25 UTC 2020 /home/travis/build/icyphy/ptII/ptolemy/domains/continuous/test/auto/Satellite.xml
----------------- Instantiating /home/travis/build/icyphy/ptII/ptolemy/domains/continuous/test/auto/Satellite.xml
867 ms. Memory: 324608K Free: 262662K (81%)
----------------- Invoking toplevel() on ptolemy.moml.MoMLSimpleApplication@2828a49a
----------------- Done invoking toplevel() on ptolemy.moml.MoMLSimpleApplication@2828a49a
reloadAllAccessors: .Satellite

===========================================================================================
----------------- testing Fri Sep 25 16:17:25 UTC 2020 /home/travis/build/icyphy/ptII/ptolemy/domains/continuous/test/auto/SigmaDelta.xml
----------------- Instantiating /home/travis/build/icyphy/ptII/ptolemy/domains/continuous/test/auto/SigmaDelta.xml
2339 ms. Memory: 324608K Free: 184976K (57%)
----------------- Invoking toplevel() on ptolemy.moml.MoMLSimpleApplication@7f1f34bf
----------------- Done invoking toplevel() on ptolemy.moml.MoMLSimpleApplication@7f1f34bf
reloadAllAccessors: .SigmaDelta

===========================================================================================
----------------- testing Fri Sep 25 16:17:28 UTC 2020 /home/travis/build/icyphy/ptII/ptolemy/domains/continuous/test/auto/SingleRefinement.xml
----------------- Instantiating /home/travis/build/icyphy/ptII/ptolemy/domains/continuous/test/auto/SingleRefinement.xml
298 ms. Memory: 324608K Free: 193920K (60%)
----------------- Invoking toplevel() on ptolemy.moml.MoMLSimpleApplication@55b7022e
----------------- Done invoking toplevel() on ptolemy.moml.MoMLSimpleApplication@55b7022e
reloadAllAccessors: .SingleRefinement

===========================================================================================
----------------- testing Fri Sep 25 16:17:28 UTC 2020 /home/travis/build/icyphy/ptII/ptolemy/domains/continuous/test/auto/SinuBouncingBall.xml
----------------- Instantiating /home/travis/build/icyphy/ptII/ptolemy/domains/continuous/test/auto/SinuBouncingBall.xml
745 ms. Memory: 324608K Free: 168195K (52%)
----------------- Invoking toplevel() on ptolemy.moml.MoMLSimpleApplication@7646f2a5
----------------- Done invoking toplevel() on ptolemy.moml.MoMLSimpleApplication@7646f2a5
reloadAllAccessors: .SinuBouncingBall

===========================================================================================
----------------- testing Fri Sep 25 16:17:29 UTC 2020 /home/travis/build/icyphy/ptII/ptolemy/domains/continuous/test/auto/Sinusoid.xml
----------------- Instantiating /home/travis/build/icyphy/ptII/ptolemy/domains/continuous/test/auto/Sinusoid.xml
4 ms. Memory: 324608K Free: 163555K (50%)
----------------- Invoking toplevel() on ptolemy.moml.MoMLSimpleApplication@77ddd7d2
----------------- Done invoking toplevel() on ptolemy.moml.MoMLSimpleApplication@77ddd7d2
reloadAllAccessors: .Sinusoid

===========================================================================================
----------------- testing Fri Sep 25 16:17:29 UTC 2020 /home/travis/build/icyphy/ptII/ptolemy/domains/continuous/test/auto/SinusoidInNoise.xml
----------------- Instantiating /home/travis/build/icyphy/ptII/ptolemy/domains/continuous/test/auto/SinusoidInNoise.xml
825 ms. Memory: 324608K Free: 212611K (65%)
----------------- Invoking toplevel() on ptolemy.moml.MoMLSimpleApplication@5e52feda
----------------- Done invoking toplevel() on ptolemy.moml.MoMLSimpleApplication@5e52feda
reloadAllAccessors: .SinusoidInNoise

===========================================================================================
----------------- testing Fri Sep 25 16:17:30 UTC 2020 /home/travis/build/icyphy/ptII/ptolemy/domains/continuous/test/auto/SinusoidRK45.xml
----------------- Instantiating /home/travis/build/icyphy/ptII/ptolemy/domains/continuous/test/auto/SinusoidRK45.xml
2 ms. Memory: 324608K Free: 208005K (64%)
----------------- Invoking toplevel() on ptolemy.moml.MoMLSimpleApplication@73757004
----------------- Done invoking toplevel() on ptolemy.moml.MoMLSimpleApplication@73757004
reloadAllAccessors: .SinusoidRK45

===========================================================================================
----------------- testing Fri Sep 25 16:17:30 UTC 2020 /home/travis/build/icyphy/ptII/ptolemy/domains/continuous/test/auto/SinusoidWithMultipleImpulses.xml
----------------- Instantiating /home/travis/build/icyphy/ptII/ptolemy/domains/continuous/test/auto/SinusoidWithMultipleImpulses.xml
3 ms. Memory: 324608K Free: 203395K (63%)
----------------- Invoking toplevel() on ptolemy.moml.MoMLSimpleApplication@bbc665e
----------------- Done invoking toplevel() on ptolemy.moml.MoMLSimpleApplication@bbc665e
reloadAllAccessors: .SinusoidWithMultipleImpulses

===========================================================================================
----------------- testing Fri Sep 25 16:17:30 UTC 2020 /home/travis/build/icyphy/ptII/ptolemy/domains/continuous/test/auto/SquareWave.xml
----------------- Instantiating /home/travis/build/icyphy/ptII/ptolemy/domains/continuous/test/auto/SquareWave.xml
146 ms. Memory: 324608K Free: 176261K (54%)
----------------- Invoking toplevel() on ptolemy.moml.MoMLSimpleApplication@79df7e39
----------------- Done invoking toplevel() on ptolemy.moml.MoMLSimpleApplication@79df7e39
reloadAllAccessors: .SquareWave

===========================================================================================
----------------- testing Fri Sep 25 16:17:30 UTC 2020 /home/travis/build/icyphy/ptII/ptolemy/domains/continuous/test/auto/Starmac.xml
----------------- Instantiating /home/travis/build/icyphy/ptII/ptolemy/domains/continuous/test/auto/Starmac.xml
3039 ms. Memory: 324608K Free: 237176K (73%)
----------------- Invoking toplevel() on ptolemy.moml.MoMLSimpleApplication@f8917a8
----------------- Done invoking toplevel() on ptolemy.moml.MoMLSimpleApplication@f8917a8
reloadAllAccessors: .Starmac

===========================================================================================
----------------- testing Fri Sep 25 16:17:34 UTC 2020 /home/travis/build/icyphy/ptII/ptolemy/domains/continuous/test/auto/StaticUnits.xml
----------------- Instantiating /home/travis/build/icyphy/ptII/ptolemy/domains/continuous/test/auto/StaticUnits.xml
2185 ms. Memory: 324608K Free: 146013K (45%)
----------------- Invoking toplevel() on ptolemy.moml.MoMLSimpleApplication@71bed0c2
----------------- Done invoking toplevel() on ptolemy.moml.MoMLSimpleApplication@71bed0c2
reloadAllAccessors: .StaticUnits

===========================================================================================
----------------- testing Fri Sep 25 16:17:36 UTC 2020 /home/travis/build/icyphy/ptII/ptolemy/domains/continuous/test/auto/StickyMasses.xml
----------------- Instantiating /home/travis/build/icyphy/ptII/ptolemy/domains/continuous/test/auto/StickyMasses.xml
164 ms. Memory: 324608K Free: 284705K (88%)
----------------- Invoking toplevel() on ptolemy.moml.MoMLSimpleApplication@127c3c7a
----------------- Done invoking toplevel() on ptolemy.moml.MoMLSimpleApplication@127c3c7a
reloadAllAccessors: .StickyMasses

===========================================================================================
----------------- testing Fri Sep 25 16:17:36 UTC 2020 /home/travis/build/icyphy/ptII/ptolemy/domains/continuous/test/auto/StopTime.xml
----------------- Instantiating /home/travis/build/icyphy/ptII/ptolemy/domains/continuous/test/auto/StopTime.xml
49 ms. Memory: 324608K Free: 259105K (80%)
----------------- Invoking toplevel() on ptolemy.moml.MoMLSimpleApplication@4b4f2916
----------------- Done invoking toplevel() on ptolemy.moml.MoMLSimpleApplication@4b4f2916
reloadAllAccessors: .StopTime

===========================================================================================
----------------- testing Fri Sep 25 16:17:36 UTC 2020 /home/travis/build/icyphy/ptII/ptolemy/domains/continuous/test/auto/StopTime2.xml
----------------- Instantiating /home/travis/build/icyphy/ptII/ptolemy/domains/continuous/test/auto/StopTime2.xml
38 ms. Memory: 324608K Free: 237057K (73%)
----------------- Invoking toplevel() on ptolemy.moml.MoMLSimpleApplication@1d2fa7
----------------- Done invoking toplevel() on ptolemy.moml.MoMLSimpleApplication@1d2fa7
reloadAllAccessors: .StopTime2

===========================================================================================
----------------- testing Fri Sep 25 16:17:37 UTC 2020 /home/travis/build/icyphy/ptII/ptolemy/domains/continuous/test/auto/Switch.xml
----------------- Instantiating /home/travis/build/icyphy/ptII/ptolemy/domains/continuous/test/auto/Switch.xml
44 ms. Memory: 324608K Free: 211473K (65%)
----------------- Invoking toplevel() on ptolemy.moml.MoMLSimpleApplication@128a6b15
----------------- Done invoking toplevel() on ptolemy.moml.MoMLSimpleApplication@128a6b15
reloadAllAccessors: .Switch

===========================================================================================
----------------- testing Fri Sep 25 16:17:37 UTC 2020 /home/travis/build/icyphy/ptII/ptolemy/domains/continuous/test/auto/Thermostat.xml
----------------- Instantiating /home/travis/build/icyphy/ptII/ptolemy/domains/continuous/test/auto/Thermostat.xml
190 ms. Memory: 324608K Free: 138273K (43%)
----------------- Invoking toplevel() on ptolemy.moml.MoMLSimpleApplication@1a76c67a
----------------- Done invoking toplevel() on ptolemy.moml.MoMLSimpleApplication@1a76c67a
reloadAllAccessors: .Thermostat

===========================================================================================
----------------- testing Fri Sep 25 16:17:37 UTC 2020 /home/travis/build/icyphy/ptII/ptolemy/domains/continuous/test/auto/TimeDelay.xml
----------------- Instantiating /home/travis/build/icyphy/ptII/ptolemy/domains/continuous/test/auto/TimeDelay.xml
6 ms. Memory: 324608K Free: 133153K (41%)
----------------- Invoking toplevel() on ptolemy.moml.MoMLSimpleApplication@19d69c70
----------------- Done invoking toplevel() on ptolemy.moml.MoMLSimpleApplication@19d69c70
reloadAllAccessors: .TimeDelay

===========================================================================================
----------------- testing Fri Sep 25 16:17:37 UTC 2020 /home/travis/build/icyphy/ptII/ptolemy/domains/continuous/test/auto/TimeDelay2.xml
----------------- Instantiating /home/travis/build/icyphy/ptII/ptolemy/domains/continuous/test/auto/TimeDelay2.xml
11 ms. Memory: 324608K Free: 123423K (38%)
----------------- Invoking toplevel() on ptolemy.moml.MoMLSimpleApplication@cd63ab3
----------------- Done invoking toplevel() on ptolemy.moml.MoMLSimpleApplication@cd63ab3
reloadAllAccessors: .TimeDelay2

===========================================================================================
----------------- testing Fri Sep 25 16:17:37 UTC 2020 /home/travis/build/icyphy/ptII/ptolemy/domains/continuous/test/auto/TimeDelay3.xml
----------------- Instantiating /home/travis/build/icyphy/ptII/ptolemy/domains/continuous/test/auto/TimeDelay3.xml
5 ms. Memory: 324608K Free: 118817K (37%)
----------------- Invoking toplevel() on ptolemy.moml.MoMLSimpleApplication@4ed7971a
----------------- Done invoking toplevel() on ptolemy.moml.MoMLSimpleApplication@4ed7971a
reloadAllAccessors: .TimeDelay3

===========================================================================================
----------------- testing Fri Sep 25 16:17:37 UTC 2020 /home/travis/build/icyphy/ptII/ptolemy/domains/continuous/test/auto/TransferAbsentToInside.xml
----------------- Instantiating /home/travis/build/icyphy/ptII/ptolemy/domains/continuous/test/auto/TransferAbsentToInside.xml
28 ms. Memory: 324608K Free: 253983K (78%)
----------------- Invoking toplevel() on ptolemy.moml.MoMLSimpleApplication@271986e6
----------------- Done invoking toplevel() on ptolemy.moml.MoMLSimpleApplication@271986e6
reloadAllAccessors: .TransferAbsentToInside

===========================================================================================
----------------- testing Fri Sep 25 16:17:37 UTC 2020 /home/travis/build/icyphy/ptII/ptolemy/domains/continuous/test/auto/Transmission.xml
----------------- Instantiating /home/travis/build/icyphy/ptII/ptolemy/domains/continuous/test/auto/Transmission.xml
807 ms. Memory: 324608K Free: 210440K (65%)
----------------- Invoking toplevel() on ptolemy.moml.MoMLSimpleApplication@25dab2c1
----------------- Done invoking toplevel() on ptolemy.moml.MoMLSimpleApplication@25dab2c1
reloadAllAccessors: .Transmission

===========================================================================================
----------------- testing Fri Sep 25 16:17:38 UTC 2020 /home/travis/build/icyphy/ptII/ptolemy/domains/continuous/test/auto/TriggeredContinuousClock.xml
----------------- Instantiating /home/travis/build/icyphy/ptII/ptolemy/domains/continuous/test/auto/TriggeredContinuousClock.xml
37 ms. Memory: 324608K Free: 180736K (56%)
----------------- Invoking toplevel() on ptolemy.moml.MoMLSimpleApplication@3fc7e82e
----------------- Done invoking toplevel() on ptolemy.moml.MoMLSimpleApplication@3fc7e82e
reloadAllAccessors: .TriggeredContinuousClock

===========================================================================================
----------------- testing Fri Sep 25 16:17:38 UTC 2020 /home/travis/build/icyphy/ptII/ptolemy/domains/continuous/test/auto/TwoMachineInfiniteBusControl.xml
----------------- Instantiating /home/travis/build/icyphy/ptII/ptolemy/domains/continuous/test/auto/TwoMachineInfiniteBusControl.xml
2479 ms. Memory: 324608K Free: 161229K (50%)
----------------- Invoking toplevel() on ptolemy.moml.MoMLSimpleApplication@7dd6ac48
----------------- Done invoking toplevel() on ptolemy.moml.MoMLSimpleApplication@7dd6ac48
reloadAllAccessors: .TwoMachineInfiniteBusControl

===========================================================================================
----------------- testing Fri Sep 25 16:17:40 UTC 2020 /home/travis/build/icyphy/ptII/ptolemy/domains/continuous/test/auto/V2V.xml
----------------- Instantiating /home/travis/build/icyphy/ptII/ptolemy/domains/continuous/test/auto/V2V.xml
802 ms. Memory: 324608K Free: 157753K (49%)
----------------- Invoking toplevel() on ptolemy.moml.MoMLSimpleApplication@54c7de39
----------------- Done invoking toplevel() on ptolemy.moml.MoMLSimpleApplication@54c7de39
reloadAllAccessors: .V2V

===========================================================================================
----------------- testing Fri Sep 25 16:17:41 UTC 2020 /home/travis/build/icyphy/ptII/ptolemy/domains/continuous/test/auto/hierarchicalModalModel.xml
----------------- Instantiating /home/travis/build/icyphy/ptII/ptolemy/domains/continuous/test/auto/hierarchicalModalModel.xml
8 ms. Memory: 324608K Free: 143323K (44%)
----------------- Invoking toplevel() on ptolemy.moml.MoMLSimpleApplication@4229e766
----------------- Done invoking toplevel() on ptolemy.moml.MoMLSimpleApplication@4229e766
reloadAllAccessors: .hierarchicalModalModel

===========================================================================================
----------------- testing Fri Sep 25 16:17:41 UTC 2020 /home/travis/build/icyphy/ptII/ptolemy/domains/continuous/test/auto/hierarchicalModalModel1.xml
----------------- Instantiating /home/travis/build/icyphy/ptII/ptolemy/domains/continuous/test/auto/hierarchicalModalModel1.xml
8 ms. Memory: 324608K Free: 128987K (40%)
----------------- Invoking toplevel() on ptolemy.moml.MoMLSimpleApplication@60420948
----------------- Done invoking toplevel() on ptolemy.moml.MoMLSimpleApplication@60420948
reloadAllAccessors: .hierarchicalModalModel1

===========================================================================================
----------------- testing Fri Sep 25 16:17:41 UTC 2020 /home/travis/build/icyphy/ptII/ptolemy/domains/continuous/test/auto/hierarchicalModalModel2.xml
----------------- Instantiating /home/travis/build/icyphy/ptII/ptolemy/domains/continuous/test/auto/hierarchicalModalModel2.xml
7 ms. Memory: 324608K Free: 116684K (36%)
----------------- Invoking toplevel() on ptolemy.moml.MoMLSimpleApplication@5d53a77b
----------------- Done invoking toplevel() on ptolemy.moml.MoMLSimpleApplication@5d53a77b
reloadAllAccessors: .hierarchicalModalModel2

===========================================================================================
----------------- testing Fri Sep 25 16:17:41 UTC 2020 /home/travis/build/icyphy/ptII/ptolemy/domains/continuous/test/auto/hierarchicalModalModel3.xml
----------------- Instantiating /home/travis/build/icyphy/ptII/ptolemy/domains/continuous/test/auto/hierarchicalModalModel3.xml
6 ms. Memory: 324608K Free: 294356K (91%)
----------------- Invoking toplevel() on ptolemy.moml.MoMLSimpleApplication@25a9c2a0
----------------- Done invoking toplevel() on ptolemy.moml.MoMLSimpleApplication@25a9c2a0
reloadAllAccessors: .hierarchicalModalModel3

===========================================================================================
----------------- testing Fri Sep 25 16:17:42 UTC 2020 /home/travis/build/icyphy/ptII/ptolemy/domains/continuous/test/auto/hierarchicalModalModel4.xml
----------------- Instantiating /home/travis/build/icyphy/ptII/ptolemy/domains/continuous/test/auto/hierarchicalModalModel4.xml
6 ms. Memory: 324608K Free: 282578K (87%)
----------------- Invoking toplevel() on ptolemy.moml.MoMLSimpleApplication@124a1595
----------------- Done invoking toplevel() on ptolemy.moml.MoMLSimpleApplication@124a1595
reloadAllAccessors: .hierarchicalModalModel4

===========================================================================================
----------------- testing Fri Sep 25 16:17:42 UTC 2020 /home/travis/build/icyphy/ptII/ptolemy/domains/continuous/test/auto/junk.xml
----------------- Instantiating /home/travis/build/icyphy/ptII/ptolemy/domains/continuous/test/auto/junk.xml
119 ms. Memory: 324608K Free: 253396K (78%)
----------------- Invoking toplevel() on ptolemy.moml.MoMLSimpleApplication@26ec4ba5
----------------- Done invoking toplevel() on ptolemy.moml.MoMLSimpleApplication@26ec4ba5
reloadAllAccessors: .junk
AutoTests.java: About to close Vertx.
AutoTests.java: Vertx closed.
]]></system-out>
  <system-err><![CDATA[Warning: '.HysteresisWithRandomDelay.NonStrictTest' The test produced only 221 tokens, yet the correctValues parameter was expecting 222 tokens.
Warning: '.HysteresisWithRandomDelay.NonStrictTest2' The test produced only 220 tokens, yet the correctValues parameter was expecting 221 tokens.
Warning: '.HysteresisWithRandomDelay.NonStrictTest3' The test produced only 22 tokens, yet the correctValues parameter was expecting 30 tokens.
Warning: '.IncreasingRatePoisson.NonStrictTest' The test produced only 399 tokens, yet the correctValues parameter was expecting 402 tokens.
Warning: '.Poisson.NonStrictTest' The test produced only 398 tokens, yet the correctValues parameter was expecting 430 tokens.
]]></system-err>
</testsuite>
