<?xml version="1.0" encoding="UTF-8" ?>
<testsuite errors="0" failures="0" hostname="travis-job-c6caa71c-58cc-4a67-b387-238c878b35a5" name="ptolemy.domains.de.test.junit.JUnitTclTest" skipped="0" tests="101" time="128.297" timestamp="2019-02-05T03:27:31">
  <properties>
[...]
</properties>
  <testcase classname="ptolemy.util.test.junit.TclTests" name="[0] /home/travis/build/icyphy/ptII/ptolemy/domains/de/test/DependencyLoop.tcl (RunTclFile)" time="0.815" />
  <testcase classname="ptolemy.util.test.junit.TclTests" name="[1] /home/travis/build/icyphy/ptII/ptolemy/domains/de/test/RunDETestsAsQSS.tcl (RunTclFile)" time="87.799" />
  <testcase classname="ptolemy.util.test.junit.AutoKnownFailedTests" name="[0] /home/travis/build/icyphy/ptII/ptolemy/domains/de/test/auto/knownFailedTests/DESDFClockTest.xml (RunModel)" time="2.041" />
  <testcase classname="ptolemy.util.test.junit.AutoKnownFailedTests" name="[1] /home/travis/build/icyphy/ptII/ptolemy/domains/de/test/auto/knownFailedTests/DirectFeedback.xml (RunModel)" time="0.015" />
  <testcase classname="ptolemy.util.test.junit.AutoKnownFailedTests" name="[2] /home/travis/build/icyphy/ptII/ptolemy/domains/de/test/auto/knownFailedTests/FSMSource.xml (RunModel)" time="0.025" />
  <testcase classname="ptolemy.util.test.junit.AutoKnownFailedTests" name="[3] /home/travis/build/icyphy/ptII/ptolemy/domains/de/test/auto/knownFailedTests/HierarchicalModel.xml (RunModel)" time="0.041" />
  <testcase classname="ptolemy.util.test.junit.AutoKnownFailedTests" name="[4] /home/travis/build/icyphy/ptII/ptolemy/domains/de/test/auto/knownFailedTests/dependencyLoop.xml (RunModel)" time="0.035" />
  <testcase classname="ptolemy.util.test.junit.AutoKnownFailedTests" name="[5] /home/travis/build/icyphy/ptII/ptolemy/domains/de/test/auto/knownFailedTests/dependencyLoop2.xml (RunModel)" time="0.045" />
  <testcase classname="ptolemy.util.test.junit.AutoNameArchTests" name="[0] ThereAreNoAutoArchTests (RunModel)" time="0.0" />
  <testcase classname="ptolemy.util.test.junit.AutoTests" name="[0] /home/travis/build/icyphy/ptII/ptolemy/domains/de/test/auto/ActorDepthCalculation_actorWithoutPorts.xml (RunModel)" time="0.018" />
  <testcase classname="ptolemy.util.test.junit.AutoTests" name="[1] /home/travis/build/icyphy/ptII/ptolemy/domains/de/test/auto/AssemblyLine.xml (RunModel)" time="0.017" />
  <testcase classname="ptolemy.util.test.junit.AutoTests" name="[2] /home/travis/build/icyphy/ptII/ptolemy/domains/de/test/auto/CQBug1.xml (RunModel)" time="0.006" />
  <testcase classname="ptolemy.util.test.junit.AutoTests" name="[3] /home/travis/build/icyphy/ptII/ptolemy/domains/de/test/auto/CancelFireAt.xml (RunModel)" time="0.005" />
  <testcase classname="ptolemy.util.test.junit.AutoTests" name="[4] /home/travis/build/icyphy/ptII/ptolemy/domains/de/test/auto/CausalityAndComposabilityAnalysis.xml (RunModel)" time="0.01" />
  <testcase classname="ptolemy.util.test.junit.AutoTests" name="[5] /home/travis/build/icyphy/ptII/ptolemy/domains/de/test/auto/CausalityInterface1.xml (RunModel)" time="0.012" />
  <testcase classname="ptolemy.util.test.junit.AutoTests" name="[6] /home/travis/build/icyphy/ptII/ptolemy/domains/de/test/auto/CausalityInterface15.xml (RunModel)" time="0.014" />
  <testcase classname="ptolemy.util.test.junit.AutoTests" name="[7] /home/travis/build/icyphy/ptII/ptolemy/domains/de/test/auto/CausalityInterface2.xml (RunModel)" time="0.01" />
  <testcase classname="ptolemy.util.test.junit.AutoTests" name="[8] /home/travis/build/icyphy/ptII/ptolemy/domains/de/test/auto/CausalityInterface3.xml (RunModel)" time="0.011" />
  <testcase classname="ptolemy.util.test.junit.AutoTests" name="[9] /home/travis/build/icyphy/ptII/ptolemy/domains/de/test/auto/ClockDrift.xml (RunModel)" time="0.032" />
  <testcase classname="ptolemy.util.test.junit.AutoTests" name="[10] /home/travis/build/icyphy/ptII/ptolemy/domains/de/test/auto/ClockDriftAndValueChange.xml (RunModel)" time="0.029" />
  <testcase classname="ptolemy.util.test.junit.AutoTests" name="[11] /home/travis/build/icyphy/ptII/ptolemy/domains/de/test/auto/ClockDriftChange.xml (RunModel)" time="0.026" />
  <testcase classname="ptolemy.util.test.junit.AutoTests" name="[12] /home/travis/build/icyphy/ptII/ptolemy/domains/de/test/auto/ComposableCausalityAnalysis.xml (RunModel)" time="0.015" />
  <testcase classname="ptolemy.util.test.junit.AutoTests" name="[13] /home/travis/build/icyphy/ptII/ptolemy/domains/de/test/auto/DEFixedPointLimitation.xml (RunModel)" time="0.008" />
  <testcase classname="ptolemy.util.test.junit.AutoTests" name="[14] /home/travis/build/icyphy/ptII/ptolemy/domains/de/test/auto/DEScheduleTest.xml (RunModel)" time="0.011" />
  <testcase classname="ptolemy.util.test.junit.AutoTests" name="[15] /home/travis/build/icyphy/ptII/ptolemy/domains/de/test/auto/DEinDEwithStartTimes.xml (RunModel)" time="0.011" />
  <testcase classname="ptolemy.util.test.junit.AutoTests" name="[16] /home/travis/build/icyphy/ptII/ptolemy/domains/de/test/auto/DEinDEwithStartTimes2.xml (RunModel)" time="0.012" />
  <testcase classname="ptolemy.util.test.junit.AutoTests" name="[17] /home/travis/build/icyphy/ptII/ptolemy/domains/de/test/auto/DateDemo.xml (RunModel)" time="0.033" />
  <testcase classname="ptolemy.util.test.junit.AutoTests" name="[18] /home/travis/build/icyphy/ptII/ptolemy/domains/de/test/auto/DateToEvent.xml (RunModel)" time="2.043" />
  <testcase classname="ptolemy.util.test.junit.AutoTests" name="[19] /home/travis/build/icyphy/ptII/ptolemy/domains/de/test/auto/DepthTest1.xml (RunModel)" time="0.006" />
  <testcase classname="ptolemy.util.test.junit.AutoTests" name="[20] /home/travis/build/icyphy/ptII/ptolemy/domains/de/test/auto/DepthTest2.xml (RunModel)" time="0.016" />
  <testcase classname="ptolemy.util.test.junit.AutoTests" name="[21] /home/travis/build/icyphy/ptII/ptolemy/domains/de/test/auto/DepthTest3.xml (RunModel)" time="0.009" />
  <testcase classname="ptolemy.util.test.junit.AutoTests" name="[22] /home/travis/build/icyphy/ptII/ptolemy/domains/de/test/auto/DepthTest4.xml (RunModel)" time="0.016" />
  <testcase classname="ptolemy.util.test.junit.AutoTests" name="[23] /home/travis/build/icyphy/ptII/ptolemy/domains/de/test/auto/DepthTest5.xml (RunModel)" time="0.018" />
  <testcase classname="ptolemy.util.test.junit.AutoTests" name="[24] /home/travis/build/icyphy/ptII/ptolemy/domains/de/test/auto/DepthTest6.xml (RunModel)" time="0.015" />
  <testcase classname="ptolemy.util.test.junit.AutoTests" name="[25] /home/travis/build/icyphy/ptII/ptolemy/domains/de/test/auto/DepthTest7.xml (RunModel)" time="0.016" />
  <testcase classname="ptolemy.util.test.junit.AutoTests" name="[26] /home/travis/build/icyphy/ptII/ptolemy/domains/de/test/auto/EventToDate.xml (RunModel)" time="3.037" />
  <testcase classname="ptolemy.util.test.junit.AutoTests" name="[27] /home/travis/build/icyphy/ptII/ptolemy/domains/de/test/auto/FSM1.xml (RunModel)" time="0.031" />
  <testcase classname="ptolemy.util.test.junit.AutoTests" name="[28] /home/travis/build/icyphy/ptII/ptolemy/domains/de/test/auto/FSM7.xml (RunModel)" time="0.027" />
  <testcase classname="ptolemy.util.test.junit.AutoTests" name="[29] /home/travis/build/icyphy/ptII/ptolemy/domains/de/test/auto/Inspection.xml (RunModel)" time="0.034" />
  <testcase classname="ptolemy.util.test.junit.AutoTests" name="[30] /home/travis/build/icyphy/ptII/ptolemy/domains/de/test/auto/Iteration.xml (RunModel)" time="0.016" />
  <testcase classname="ptolemy.util.test.junit.AutoTests" name="[31] /home/travis/build/icyphy/ptII/ptolemy/domains/de/test/auto/LineFault.xml (RunModel)" time="0.528" />
  <testcase classname="ptolemy.util.test.junit.AutoTests" name="[32] /home/travis/build/icyphy/ptII/ptolemy/domains/de/test/auto/MergeModel1Add.xml (RunModel)" time="0.038" />
  <testcase classname="ptolemy.util.test.junit.AutoTests" name="[33] /home/travis/build/icyphy/ptII/ptolemy/domains/de/test/auto/MergeModel2Add.xml (RunModel)" time="0.042" />
  <testcase classname="ptolemy.util.test.junit.AutoTests" name="[34] /home/travis/build/icyphy/ptII/ptolemy/domains/de/test/auto/MergeModel3Add.xml (RunModel)" time="0.04" />
  <testcase classname="ptolemy.util.test.junit.AutoTests" name="[35] /home/travis/build/icyphy/ptII/ptolemy/domains/de/test/auto/MergeWithoutDiscard.xml (RunModel)" time="0.014" />
  <testcase classname="ptolemy.util.test.junit.AutoTests" name="[36] /home/travis/build/icyphy/ptII/ptolemy/domains/de/test/auto/Modal1.xml (RunModel)" time="0.033" />
  <testcase classname="ptolemy.util.test.junit.AutoTests" name="[37] /home/travis/build/icyphy/ptII/ptolemy/domains/de/test/auto/Modal2.xml (RunModel)" time="0.024" />
  <testcase classname="ptolemy.util.test.junit.AutoTests" name="[38] /home/travis/build/icyphy/ptII/ptolemy/domains/de/test/auto/Modal3.xml (RunModel)" time="0.024" />
  <testcase classname="ptolemy.util.test.junit.AutoTests" name="[39] /home/travis/build/icyphy/ptII/ptolemy/domains/de/test/auto/Modal4.xml (RunModel)" time="0.027" />
  <testcase classname="ptolemy.util.test.junit.AutoTests" name="[40] /home/travis/build/icyphy/ptII/ptolemy/domains/de/test/auto/Modal5.xml (RunModel)" time="0.026" />
  <testcase classname="ptolemy.util.test.junit.AutoTests" name="[41] /home/travis/build/icyphy/ptII/ptolemy/domains/de/test/auto/Modal6.xml (RunModel)" time="0.027" />
  <testcase classname="ptolemy.util.test.junit.AutoTests" name="[42] /home/travis/build/icyphy/ptII/ptolemy/domains/de/test/auto/Modal7.xml (RunModel)" time="0.026" />
  <testcase classname="ptolemy.util.test.junit.AutoTests" name="[43] /home/travis/build/icyphy/ptII/ptolemy/domains/de/test/auto/ModalModel.xml (RunModel)" time="0.174" />
  <testcase classname="ptolemy.util.test.junit.AutoTests" name="[44] /home/travis/build/icyphy/ptII/ptolemy/domains/de/test/auto/ModalSource.xml (RunModel)" time="0.016" />
  <testcase classname="ptolemy.util.test.junit.AutoTests" name="[45] /home/travis/build/icyphy/ptII/ptolemy/domains/de/test/auto/NonInterruptibleTimerZeroDelay.xml (RunModel)" time="0.008" />
  <testcase classname="ptolemy.util.test.junit.AutoTests" name="[46] /home/travis/build/icyphy/ptII/ptolemy/domains/de/test/auto/OpenQueueingNetwork.xml (RunModel)" time="2.225" />
  <testcase classname="ptolemy.util.test.junit.AutoTests" name="[47] /home/travis/build/icyphy/ptII/ptolemy/domains/de/test/auto/OpenQueuingNetwork.xml (RunModel)" time="0.265" />
  <testcase classname="ptolemy.util.test.junit.AutoTests" name="[48] /home/travis/build/icyphy/ptII/ptolemy/domains/de/test/auto/PeriodicSampler.xml (RunModel)" time="0.007" />
  <testcase classname="ptolemy.util.test.junit.AutoTests" name="[49] /home/travis/build/icyphy/ptII/ptolemy/domains/de/test/auto/PersistentIO.xml (RunModel)" time="0.02" />
  <testcase classname="ptolemy.util.test.junit.AutoTests" name="[50] /home/travis/build/icyphy/ptII/ptolemy/domains/de/test/auto/PortParameterResetOnInitialize.xml (RunModel)" time="0.009" />
  <testcase classname="ptolemy.util.test.junit.AutoTests" name="[51] /home/travis/build/icyphy/ptII/ptolemy/domains/de/test/auto/PortParameterUpdates.xml (RunModel)" time="0.016" />
  <testcase classname="ptolemy.util.test.junit.AutoTests" name="[52] /home/travis/build/icyphy/ptII/ptolemy/domains/de/test/auto/QueueAndServer.xml (RunModel)" time="0.018" />
  <testcase classname="ptolemy.util.test.junit.AutoTests" name="[53] /home/travis/build/icyphy/ptII/ptolemy/domains/de/test/auto/Records.xml (RunModel)" time="0.012" />
  <testcase classname="ptolemy.util.test.junit.AutoTests" name="[54] /home/travis/build/icyphy/ptII/ptolemy/domains/de/test/auto/ResetTransitionWithStartTime1.xml (RunModel)" time="0.021" />
  <testcase classname="ptolemy.util.test.junit.AutoTests" name="[55] /home/travis/build/icyphy/ptII/ptolemy/domains/de/test/auto/ResetTransitionWithStartTime2.xml (RunModel)" time="0.018" />
  <testcase classname="ptolemy.util.test.junit.AutoTests" name="[56] /home/travis/build/icyphy/ptII/ptolemy/domains/de/test/auto/ResetTransitionWithStartTime3.xml (RunModel)" time="0.017" />
  <testcase classname="ptolemy.util.test.junit.AutoTests" name="[57] /home/travis/build/icyphy/ptII/ptolemy/domains/de/test/auto/ResetTransitionWithStartTime4.xml (RunModel)" time="0.018" />
  <testcase classname="ptolemy.util.test.junit.AutoTests" name="[58] /home/travis/build/icyphy/ptII/ptolemy/domains/de/test/auto/ResettableTimer1.xml (RunModel)" time="0.011" />
  <testcase classname="ptolemy.util.test.junit.AutoTests" name="[59] /home/travis/build/icyphy/ptII/ptolemy/domains/de/test/auto/ResettableTimer2.xml (RunModel)" time="0.009" />
  <testcase classname="ptolemy.util.test.junit.AutoTests" name="[60] /home/travis/build/icyphy/ptII/ptolemy/domains/de/test/auto/ResettableTimer3.xml (RunModel)" time="0.009" />
  <testcase classname="ptolemy.util.test.junit.AutoTests" name="[61] /home/travis/build/icyphy/ptII/ptolemy/domains/de/test/auto/ResettableTimer4.xml (RunModel)" time="0.009" />
  <testcase classname="ptolemy.util.test.junit.AutoTests" name="[62] /home/travis/build/icyphy/ptII/ptolemy/domains/de/test/auto/ResettableTimer5.xml (RunModel)" time="0.01" />
  <testcase classname="ptolemy.util.test.junit.AutoTests" name="[63] /home/travis/build/icyphy/ptII/ptolemy/domains/de/test/auto/ResettableTimer6.xml (RunModel)" time="0.018" />
  <testcase classname="ptolemy.util.test.junit.AutoTests" name="[64] /home/travis/build/icyphy/ptII/ptolemy/domains/de/test/auto/ServerZeroDelay.xml (RunModel)" time="0.015" />
  <testcase classname="ptolemy.util.test.junit.AutoTests" name="[65] /home/travis/build/icyphy/ptII/ptolemy/domains/de/test/auto/SmartSender.xml (RunModel)" time="3.009" />
  <testcase classname="ptolemy.util.test.junit.AutoTests" name="[66] /home/travis/build/icyphy/ptII/ptolemy/domains/de/test/auto/ThreadedComposite.xml (RunModel)" time="0.137" />
  <testcase classname="ptolemy.util.test.junit.AutoTests" name="[67] /home/travis/build/icyphy/ptII/ptolemy/domains/de/test/auto/Time.xml (RunModel)" time="0.421" />
  <testcase classname="ptolemy.util.test.junit.AutoTests" name="[68] /home/travis/build/icyphy/ptII/ptolemy/domains/de/test/auto/TimeDelayZeroDelay.xml (RunModel)" time="0.01" />
  <testcase classname="ptolemy.util.test.junit.AutoTests" name="[69] /home/travis/build/icyphy/ptII/ptolemy/domains/de/test/auto/TimerZeroDelay.xml (RunModel)" time="0.008" />
  <testcase classname="ptolemy.util.test.junit.AutoTests" name="[70] /home/travis/build/icyphy/ptII/ptolemy/domains/de/test/auto/TimingParadox.xml (RunModel)" time="0.342" />
  <testcase classname="ptolemy.util.test.junit.AutoTests" name="[71] /home/travis/build/icyphy/ptII/ptolemy/domains/de/test/auto/TransferInputs.xml (RunModel)" time="0.012" />
  <testcase classname="ptolemy.util.test.junit.AutoTests" name="[72] /home/travis/build/icyphy/ptII/ptolemy/domains/de/test/auto/TransferOutputs2.xml (RunModel)" time="0.014" />
  <testcase classname="ptolemy.util.test.junit.AutoTests" name="[73] /home/travis/build/icyphy/ptII/ptolemy/domains/de/test/auto/Trilateration.xml (RunModel)" time="11.522" />
  <testcase classname="ptolemy.util.test.junit.AutoTests" name="[74] /home/travis/build/icyphy/ptII/ptolemy/domains/de/test/auto/TwoSigmaDelta.xml (RunModel)" time="2.2" />
  <testcase classname="ptolemy.util.test.junit.AutoTests" name="[75] /home/travis/build/icyphy/ptII/ptolemy/domains/de/test/auto/VariableDelay.xml (RunModel)" time="0.009" />
  <testcase classname="ptolemy.util.test.junit.AutoTests" name="[76] /home/travis/build/icyphy/ptII/ptolemy/domains/de/test/auto/VariableDelay2.xml (RunModel)" time="0.008" />
  <testcase classname="ptolemy.util.test.junit.AutoTests" name="[77] /home/travis/build/icyphy/ptII/ptolemy/domains/de/test/auto/VariableDelayZeroDelay.xml (RunModel)" time="0.009" />
  <testcase classname="ptolemy.util.test.junit.AutoTests" name="[78] /home/travis/build/icyphy/ptII/ptolemy/domains/de/test/auto/VariableDelayZeroDelay2.xml (RunModel)" time="0.008" />
  <testcase classname="ptolemy.util.test.junit.AutoTests" name="[79] /home/travis/build/icyphy/ptII/ptolemy/domains/de/test/auto/deInCt.xml (RunModel)" time="0.011" />
  <testcase classname="ptolemy.util.test.junit.AutoTests" name="[80] /home/travis/build/icyphy/ptII/ptolemy/domains/de/test/auto/deInCt2.xml (RunModel)" time="0.015" />
  <testcase classname="ptolemy.util.test.junit.AutoTests" name="[81] /home/travis/build/icyphy/ptII/ptolemy/domains/de/test/auto/dynamicCausalityInterface1.xml (RunModel)" time="0.016" />
  <testcase classname="ptolemy.util.test.junit.AutoTests" name="[82] /home/travis/build/icyphy/ptII/ptolemy/domains/de/test/auto/fsm_de_test.xml (RunModel)" time="0.019" />
  <testcase classname="ptolemy.util.test.junit.AutoTests" name="[83] /home/travis/build/icyphy/ptII/ptolemy/domains/de/test/auto/functionDependencyReconstruction.xml (RunModel)" time="0.028" />
  <testcase classname="ptolemy.util.test.junit.AutoTests" name="[84] /home/travis/build/icyphy/ptII/ptolemy/domains/de/test/auto/multirate.xml (RunModel)" time="0.013" />
  <testcase classname="ptolemy.util.test.junit.AutoTests" name="[85] /home/travis/build/icyphy/ptII/ptolemy/domains/de/test/auto/multirate2.xml (RunModel)" time="0.013" />
  <testcase classname="ptolemy.util.test.junit.AutoTests" name="[86] /home/travis/build/icyphy/ptII/ptolemy/domains/de/test/auto/realtime.xml (RunModel)" time="10.009" />
  <testcase classname="ptolemy.util.test.junit.AutoTests" name="[87] /home/travis/build/icyphy/ptII/ptolemy/domains/de/test/auto/relationGroup.xml (RunModel)" time="0.006" />
  <testcase classname="ptolemy.util.test.junit.AutoTests" name="[88] /home/travis/build/icyphy/ptII/ptolemy/domains/de/test/auto/relationGroup2.xml (RunModel)" time="0.007" />
  <testcase classname="ptolemy.util.test.junit.AutoTests" name="[89] /home/travis/build/icyphy/ptII/ptolemy/domains/de/test/auto/sortWithOpaquePorts.xml (RunModel)" time="0.008" />
  <testcase classname="ptolemy.util.test.junit.AutoTests" name="[90] /home/travis/build/icyphy/ptII/ptolemy/domains/de/test/auto/transferInputsandOutputs.xml (RunModel)" time="0.014" />
  <testcase classname="ptolemy.util.test.junit.AutoTests" name="[91] /home/travis/build/icyphy/ptII/ptolemy/domains/de/test/auto/triggerType.xml (RunModel)" time="0.007" />
  <system-out><![CDATA[/home/travis/build/icyphy/ptII/ptolemy/domains/de/test/DependencyLoop.tcl
testDefs.tcl: setting time out to 9000 seconds at Tue Feb 05 03:27:31 UTC 2019
15 ms. Memory: 116224K Free: 97593K (84%)
40 ms. Memory: 146944K Free: 141184K (96%)
/home/travis/build/icyphy/ptII/ptolemy/domains/de/test/RunDETestsAsQSS.tcl
Run the DE tests using ptolemy.domains.qss.test.QSSDirectorTest, which extends QSSDirector and prints a message in the constructors.
------------------ testing $PTII/ptolemy/domains/de/test/auto/knownFailedTests/dependencyLoop.xml (Known Failure) 
22 ms. Memory: 146944K Free: 136939K (93%)


==== $PTIIhome/travis/build/icyphy/ptII/ptolemy/domains/de/test/../../../../: Auto Automatic test in file $PTII/ptolemy/domains/de/test/auto/knownFailedTests/dependencyLoop.xml
==== Contents of test case:

	    # FIXME: we should use $relativeFilename here, but it
	    # might have backslashes under Windows, which causes no end
	    # of trouble.
	    createAndExecute $file
	    list {}
	
.... Test generated KNOWN error:
    while executing
ptolemy.kernel.util.IllegalActionException: Found a zero delay loop containing .dependencyLoop.original
  in .dependencyLoop and .dependencyLoop.original
	at ptolemy.actor.util.CausalityInterfaceForComposites._computeOutputPortDepth(CausalityInterfaceForComposites.java:759)
	at ptolemy.actor.util.CausalityInterfaceForComposites._computeInputDepth(CausalityInterfaceForComposites.java:696)
	at ptolemy.actor.util.CausalityInterfaceForComposites._computeOutputPortDepth(CausalityInterfaceForComposites.java:765)
	at ptolemy.actor.util.CausalityInterfaceForComposites._computeInputDepth(CausalityInterfaceForComposites.java:696)
	at ptolemy.actor.util.CausalityInterfaceForComposites._computeOutputPortDepth(CausalityInterfaceForComposites.java:765)
	at ptolemy.actor.util.CausalityInterfaceForComposites._computeInputDepth(CausalityInterfaceForComposites.java:696)
	at ptolemy.actor.util.CausalityInterfaceForComposites._computeActorDepth(CausalityInterfaceForComposites.java:532)
	at ptolemy.actor.util.CausalityInterfaceForComposites.checkForCycles(CausalityInterfaceForComposites.java:96)
	at ptolemy.domains.de.kernel.DEDirector.preinitialize(DEDirector.java:1338)
	at ptolemy.actor.CompositeActor.preinitialize(CompositeActor.java:1828)
	at ptolemy.actor.Manager.preinitializeAndResolveTypes(Manager.java:1040)
	at ptolemy.actor.Manager.initialize(Manager.java:710)
	at ptolemy.actor.Manager.execute(Manager.java:356)
	at ptolemy.actor.Manager.run(Manager.java:1263)
	at ptolemy.actor.Manager$PtolemyRunThread.run(Manager.java:1915)

    while executing
ptolemy.kernel.util.IllegalActionException: Found a zero delay loop containing .dependencyLoop.original
  in .dependencyLoop and .dependencyLoop.original
    while executing
"java::new ptolemy.moml.MoMLSimpleApplication $file
"
    (procedure "createAndExecute" line 2)
    invoked from within
"createAndExecute $file"
    ("uplevel" body line 5)
    invoked from within
"uplevel $contents_of_test"
------------------ testing $PTII/ptolemy/domains/de/test/auto/knownFailedTests/DESDFClockTest.xml (Known Failure) 
2048 ms. Memory: 146944K Free: 121352K (83%)


==== $PTIIhome/travis/build/icyphy/ptII/ptolemy/domains/de/test/../../../../: Auto Automatic test in file $PTII/ptolemy/domains/de/test/auto/knownFailedTests/DESDFClockTest.xml
==== Contents of test case:

	    # FIXME: we should use $relativeFilename here, but it
	    # might have backslashes under Windows, which causes no end
	    # of trouble.
	    createAndExecute $file
	    list {}
	
.... Test generated KNOWN error:
    while executing
ptolemy.kernel.util.IllegalActionException: Actor is not ready to fire.  Perhaps UpSample.prefire() returned false? Try debugging the actor by selecting "Listen to Actor".  Also, for SDF check moml for tokenConsumptionRate on input.
  in .DESDFClockTest.Play Bell.Copy1:SDF Director and .DESDFClockTest.Play Bell.UpSample
	at ptolemy.actor.sched.StaticSchedulingDirector.fire(StaticSchedulingDirector.java:227)
	at ptolemy.domains.sdf.kernel.SDFDirector.fire(SDFDirector.java:500)
	at ptolemy.actor.CompositeActor.fire(CompositeActor.java:455)
	at ptolemy.domains.de.kernel.DEDirector._fire(DEDirector.java:1949)
	at ptolemy.domains.de.kernel.DEDirector.fire(DEDirector.java:502)
	at ptolemy.actor.CompositeActor.fire(CompositeActor.java:455)
	at ptolemy.actor.Manager.iterate(Manager.java:851)
	at ptolemy.actor.Manager.execute(Manager.java:369)
	at ptolemy.actor.Manager.run(Manager.java:1263)
	at ptolemy.actor.Manager$PtolemyRunThread.run(Manager.java:1915)

    while executing
ptolemy.kernel.util.IllegalActionException: Actor is not ready to fire.  Perhaps UpSample.prefire() returned false? Try debugging the actor by selecting "Listen to Actor".  Also, for SDF check moml for tokenConsumptionRate on input.
  in .DESDFClockTest.Play Bell.Copy1:SDF Director and .DESDFClockTest.Play Bell.UpSample
    while executing
"java::new ptolemy.moml.MoMLSimpleApplication $file
"
    (procedure "createAndExecute" line 2)
    invoked from within
"createAndExecute $file"
    ("uplevel" body line 5)
    invoked from within
"uplevel $contents_of_test"
------------------ testing $PTII/ptolemy/domains/de/test/auto/knownFailedTests/FSMSource.xml (Known Failure) 
28 ms. Memory: 146944K Free: 112485K (77%)
!!!! Auto was marked as failing, but now passes
------------------ testing $PTII/ptolemy/domains/de/test/auto/knownFailedTests/dependencyLoop2.xml (Known Failure) 
6 ms. Memory: 146944K Free: 110602K (75%)


==== $PTIIhome/travis/build/icyphy/ptII/ptolemy/domains/de/test/../../../../: Auto Automatic test in file $PTII/ptolemy/domains/de/test/auto/knownFailedTests/dependencyLoop2.xml
==== Contents of test case:

	    # FIXME: we should use $relativeFilename here, but it
	    # might have backslashes under Windows, which causes no end
	    # of trouble.
	    createAndExecute $file
	    list {}
	
.... Test generated KNOWN error:
    while executing
ptolemy.kernel.util.IllegalActionException: Found a zero delay loop containing .dependencyLoop2.original
  in .dependencyLoop2 and .dependencyLoop2.original
	at ptolemy.actor.util.CausalityInterfaceForComposites._computeOutputPortDepth(CausalityInterfaceForComposites.java:759)
	at ptolemy.actor.util.CausalityInterfaceForComposites._computeInputDepth(CausalityInterfaceForComposites.java:696)
	at ptolemy.actor.util.CausalityInterfaceForComposites._computeOutputPortDepth(CausalityInterfaceForComposites.java:765)
	at ptolemy.actor.util.CausalityInterfaceForComposites._computeInputDepth(CausalityInterfaceForComposites.java:696)
	at ptolemy.actor.util.CausalityInterfaceForComposites._computeOutputPortDepth(CausalityInterfaceForComposites.java:765)
	at ptolemy.actor.util.CausalityInterfaceForComposites._computeInputDepth(CausalityInterfaceForComposites.java:696)
	at ptolemy.actor.util.CausalityInterfaceForComposites._computeActorDepth(CausalityInterfaceForComposites.java:532)
	at ptolemy.actor.util.CausalityInterfaceForComposites.checkForCycles(CausalityInterfaceForComposites.java:96)
	at ptolemy.domains.de.kernel.DEDirector.preinitialize(DEDirector.java:1338)
	at ptolemy.actor.CompositeActor.preinitialize(CompositeActor.java:1828)
	at ptolemy.actor.Manager.preinitializeAndResolveTypes(Manager.java:1040)
	at ptolemy.actor.Manager.initialize(Manager.java:710)
	at ptolemy.actor.Manager.execute(Manager.java:356)
	at ptolemy.actor.Manager.run(Manager.java:1263)
	at ptolemy.actor.Manager$PtolemyRunThread.run(Manager.java:1915)

    while executing
ptolemy.kernel.util.IllegalActionException: Found a zero delay loop containing .dependencyLoop2.original
  in .dependencyLoop2 and .dependencyLoop2.original
    while executing
"java::new ptolemy.moml.MoMLSimpleApplication $file
"
    (procedure "createAndExecute" line 2)
    invoked from within
"createAndExecute $file"
    ("uplevel" body line 5)
    invoked from within
"uplevel $contents_of_test"
------------------ testing $PTII/ptolemy/domains/de/test/auto/knownFailedTests/HierarchicalModel.xml (Known Failure) 
5 ms. Memory: 146944K Free: 90458K (62%)


==== $PTIIhome/travis/build/icyphy/ptII/ptolemy/domains/de/test/../../../../: Auto Automatic test in file $PTII/ptolemy/domains/de/test/auto/knownFailedTests/HierarchicalModel.xml
==== Contents of test case:

	    # FIXME: we should use $relativeFilename here, but it
	    # might have backslashes under Windows, which causes no end
	    # of trouble.
	    createAndExecute $file
	    list {}
	
.... Test generated KNOWN error:
    while executing
ptolemy.kernel.util.IllegalActionException: Found a zero delay loop containing .HierarchicalModel.A
  in .HierarchicalModel and .HierarchicalModel.A
	at ptolemy.actor.util.CausalityInterfaceForComposites._computeOutputPortDepth(CausalityInterfaceForComposites.java:759)
	at ptolemy.actor.util.CausalityInterfaceForComposites._computeInputDepth(CausalityInterfaceForComposites.java:696)
	at ptolemy.actor.util.CausalityInterfaceForComposites._computeOutputPortDepth(CausalityInterfaceForComposites.java:765)
	at ptolemy.actor.util.CausalityInterfaceForComposites._computeInputDepth(CausalityInterfaceForComposites.java:696)
	at ptolemy.actor.util.CausalityInterfaceForComposites._computeOutputPortDepth(CausalityInterfaceForComposites.java:765)
	at ptolemy.actor.util.CausalityInterfaceForComposites._computeInputDepth(CausalityInterfaceForComposites.java:696)
	at ptolemy.actor.util.CausalityInterfaceForComposites._computeActorDepth(CausalityInterfaceForComposites.java:532)
	at ptolemy.actor.util.CausalityInterfaceForComposites.checkForCycles(CausalityInterfaceForComposites.java:96)
	at ptolemy.domains.de.kernel.DEDirector.preinitialize(DEDirector.java:1338)
	at ptolemy.actor.CompositeActor.preinitialize(CompositeActor.java:1828)
	at ptolemy.actor.Manager.preinitializeAndResolveTypes(Manager.java:1040)
	at ptolemy.actor.Manager.initialize(Manager.java:710)
	at ptolemy.actor.Manager.execute(Manager.java:356)
	at ptolemy.actor.Manager.run(Manager.java:1263)
	at ptolemy.actor.Manager$PtolemyRunThread.run(Manager.java:1915)

    while executing
ptolemy.kernel.util.IllegalActionException: Found a zero delay loop containing .HierarchicalModel.A
  in .HierarchicalModel and .HierarchicalModel.A
    while executing
"java::new ptolemy.moml.MoMLSimpleApplication $file
"
    (procedure "createAndExecute" line 2)
    invoked from within
"createAndExecute $file"
    ("uplevel" body line 5)
    invoked from within
"uplevel $contents_of_test"
------------------ testing $PTII/ptolemy/domains/de/test/auto/knownFailedTests/DirectFeedback.xml (Known Failure) 
4 ms. Memory: 146944K Free: 86348K (59%)


==== $PTIIhome/travis/build/icyphy/ptII/ptolemy/domains/de/test/../../../../: Auto Automatic test in file $PTII/ptolemy/domains/de/test/auto/knownFailedTests/DirectFeedback.xml
==== Contents of test case:

	    # FIXME: we should use $relativeFilename here, but it
	    # might have backslashes under Windows, which causes no end
	    # of trouble.
	    createAndExecute $file
	    list {}
	
.... Test generated KNOWN error:
    while executing
ptolemy.kernel.util.IllegalActionException: Test fails in iteration 1.
Value was: 1.0. Should have been: 2.0
  in .DirectFeedback.Test
	at ptolemy.actor.lib.Test.fire(Test.java:268)
	at ptolemy.domains.de.kernel.DEDirector._fire(DEDirector.java:1949)
	at ptolemy.domains.de.kernel.DEDirector.fire(DEDirector.java:502)
	at ptolemy.actor.CompositeActor.fire(CompositeActor.java:455)
	at ptolemy.actor.Manager.iterate(Manager.java:851)
	at ptolemy.actor.Manager.execute(Manager.java:369)
	at ptolemy.actor.Manager.run(Manager.java:1263)
	at ptolemy.actor.Manager$PtolemyRunThread.run(Manager.java:1915)

    while executing
ptolemy.kernel.util.IllegalActionException: Test fails in iteration 1.
Value was: 1.0. Should have been: 2.0
  in .DirectFeedback.Test
    while executing
"java::new ptolemy.moml.MoMLSimpleApplication $file
"
    (procedure "createAndExecute" line 2)
    invoked from within
"createAndExecute $file"
    ("uplevel" body line 5)
    invoked from within
"uplevel $contents_of_test"
------------------ testing $PTII/ptolemy/domains/de/test/auto/ActorDepthCalculation_actorWithoutPorts.xml
auto.tcl: Setting watchdog for 200 seconds at Tue Feb 05 03:27:35 UTC 2019
5 ms. Memory: 146944K Free: 139678K (95%)
ptolemy.util.test.WatchDog.cancel(): canceling Tue Feb 05 03:27:35 UTC 2019
auto.tcl: Setting watchdog for 200 seconds at Tue Feb 05 03:27:35 UTC 2019
4 ms. Memory: 146944K Free: 137638K (94%)
ptolemy.util.test.WatchDog.cancel(): canceling Tue Feb 05 03:27:35 UTC 2019
------------------ testing $PTII/ptolemy/domains/de/test/auto/AssemblyLine.xml
auto.tcl: Setting watchdog for 200 seconds at Tue Feb 05 03:27:35 UTC 2019
14 ms. Memory: 208384K Free: 183403K (88%)
ptolemy.util.test.WatchDog.cancel(): canceling Tue Feb 05 03:27:35 UTC 2019
auto.tcl: Setting watchdog for 200 seconds at Tue Feb 05 03:27:35 UTC 2019
10 ms. Memory: 208384K Free: 183403K (88%)
ptolemy.util.test.WatchDog.cancel(): canceling Tue Feb 05 03:27:35 UTC 2019
------------------ testing $PTII/ptolemy/domains/de/test/auto/CQBug1.xml
auto.tcl: Setting watchdog for 200 seconds at Tue Feb 05 03:27:35 UTC 2019
8 ms. Memory: 208384K Free: 197908K (95%)
ptolemy.util.test.WatchDog.cancel(): canceling Tue Feb 05 03:27:35 UTC 2019
auto.tcl: Setting watchdog for 200 seconds at Tue Feb 05 03:27:35 UTC 2019
2 ms. Memory: 208384K Free: 197908K (95%)
ptolemy.util.test.WatchDog.cancel(): canceling Tue Feb 05 03:27:35 UTC 2019
------------------ testing $PTII/ptolemy/domains/de/test/auto/CancelFireAt.xml
auto.tcl: Setting watchdog for 200 seconds at Tue Feb 05 03:27:35 UTC 2019
4 ms. Memory: 208384K Free: 201050K (96%)
ptolemy.util.test.WatchDog.cancel(): canceling Tue Feb 05 03:27:35 UTC 2019
auto.tcl: Setting watchdog for 200 seconds at Tue Feb 05 03:27:35 UTC 2019
5 ms. Memory: 208384K Free: 199009K (96%)
ptolemy.util.test.WatchDog.cancel(): canceling Tue Feb 05 03:27:36 UTC 2019
------------------ testing $PTII/ptolemy/domains/de/test/auto/CausalityAndComposabilityAnalysis.xml
auto.tcl: Setting watchdog for 200 seconds at Tue Feb 05 03:27:36 UTC 2019
11 ms. Memory: 208384K Free: 198606K (95%)
ptolemy.util.test.WatchDog.cancel(): canceling Tue Feb 05 03:27:36 UTC 2019
auto.tcl: Setting watchdog for 200 seconds at Tue Feb 05 03:27:36 UTC 2019
5 ms. Memory: 208384K Free: 196566K (94%)
ptolemy.util.test.WatchDog.cancel(): canceling Tue Feb 05 03:27:36 UTC 2019
------------------ testing $PTII/ptolemy/domains/de/test/auto/CausalityInterface1.xml
auto.tcl: Setting watchdog for 200 seconds at Tue Feb 05 03:27:36 UTC 2019
13 ms. Memory: 208384K Free: 196501K (94%)
ptolemy.util.test.WatchDog.cancel(): canceling Tue Feb 05 03:27:36 UTC 2019
auto.tcl: Setting watchdog for 200 seconds at Tue Feb 05 03:27:36 UTC 2019
3 ms. Memory: 208384K Free: 196501K (94%)
ptolemy.util.test.WatchDog.cancel(): canceling Tue Feb 05 03:27:36 UTC 2019
------------------ testing $PTII/ptolemy/domains/de/test/auto/CausalityInterface15.xml
auto.tcl: Setting watchdog for 200 seconds at Tue Feb 05 03:27:36 UTC 2019
8 ms. Memory: 208384K Free: 196459K (94%)
ptolemy.util.test.WatchDog.cancel(): canceling Tue Feb 05 03:27:36 UTC 2019
auto.tcl: Setting watchdog for 200 seconds at Tue Feb 05 03:27:36 UTC 2019
4 ms. Memory: 208384K Free: 196459K (94%)
ptolemy.util.test.WatchDog.cancel(): canceling Tue Feb 05 03:27:36 UTC 2019
------------------ testing $PTII/ptolemy/domains/de/test/auto/CausalityInterface2.xml
auto.tcl: Setting watchdog for 200 seconds at Tue Feb 05 03:27:36 UTC 2019
3 ms. Memory: 208384K Free: 196373K (94%)
ptolemy.util.test.WatchDog.cancel(): canceling Tue Feb 05 03:27:36 UTC 2019
auto.tcl: Setting watchdog for 200 seconds at Tue Feb 05 03:27:36 UTC 2019
3 ms. Memory: 208384K Free: 196373K (94%)
ptolemy.util.test.WatchDog.cancel(): canceling Tue Feb 05 03:27:36 UTC 2019
------------------ testing $PTII/ptolemy/domains/de/test/auto/CausalityInterface3.xml
auto.tcl: Setting watchdog for 200 seconds at Tue Feb 05 03:27:36 UTC 2019
3 ms. Memory: 208384K Free: 196905K (94%)
ptolemy.util.test.WatchDog.cancel(): canceling Tue Feb 05 03:27:36 UTC 2019
auto.tcl: Setting watchdog for 200 seconds at Tue Feb 05 03:27:36 UTC 2019
7 ms. Memory: 208384K Free: 196385K (94%)
ptolemy.util.test.WatchDog.cancel(): canceling Tue Feb 05 03:27:36 UTC 2019
------------------ testing $PTII/ptolemy/domains/de/test/auto/ClockDrift.xml
auto.tcl: Setting watchdog for 200 seconds at Tue Feb 05 03:27:36 UTC 2019
84 ms. Memory: 208384K Free: 187796K (90%)
ptolemy.util.test.WatchDog.cancel(): canceling Tue Feb 05 03:27:36 UTC 2019
auto.tcl: Setting watchdog for 200 seconds at Tue Feb 05 03:27:36 UTC 2019
39 ms. Memory: 208384K Free: 185756K (89%)
ptolemy.util.test.WatchDog.cancel(): canceling Tue Feb 05 03:27:36 UTC 2019
------------------ testing $PTII/ptolemy/domains/de/test/auto/ClockDriftAndValueChange.xml
auto.tcl: Setting watchdog for 200 seconds at Tue Feb 05 03:27:36 UTC 2019
59 ms. Memory: 208384K Free: 187632K (90%)
ptolemy.util.test.WatchDog.cancel(): canceling Tue Feb 05 03:27:36 UTC 2019
auto.tcl: Setting watchdog for 200 seconds at Tue Feb 05 03:27:36 UTC 2019
42 ms. Memory: 208384K Free: 185591K (89%)
ptolemy.util.test.WatchDog.cancel(): canceling Tue Feb 05 03:27:36 UTC 2019
------------------ testing $PTII/ptolemy/domains/de/test/auto/ClockDriftChange.xml
auto.tcl: Setting watchdog for 200 seconds at Tue Feb 05 03:27:36 UTC 2019
37 ms. Memory: 208384K Free: 190893K (92%)
ptolemy.util.test.WatchDog.cancel(): canceling Tue Feb 05 03:27:37 UTC 2019
auto.tcl: Setting watchdog for 200 seconds at Tue Feb 05 03:27:37 UTC 2019
26 ms. Memory: 208384K Free: 188852K (91%)
ptolemy.util.test.WatchDog.cancel(): canceling Tue Feb 05 03:27:37 UTC 2019
------------------ testing $PTII/ptolemy/domains/de/test/auto/ComposableCausalityAnalysis.xml
auto.tcl: Setting watchdog for 200 seconds at Tue Feb 05 03:27:37 UTC 2019
2 ms. Memory: 208384K Free: 196241K (94%)
ptolemy.util.test.WatchDog.cancel(): canceling Tue Feb 05 03:27:37 UTC 2019
auto.tcl: Setting watchdog for 200 seconds at Tue Feb 05 03:27:37 UTC 2019
2 ms. Memory: 208384K Free: 194200K (93%)
ptolemy.util.test.WatchDog.cancel(): canceling Tue Feb 05 03:27:37 UTC 2019
------------------ testing $PTII/ptolemy/domains/de/test/auto/DEFixedPointLimitation.xml
auto.tcl: Setting watchdog for 200 seconds at Tue Feb 05 03:27:37 UTC 2019
2 ms. Memory: 208384K Free: 198362K (95%)
ptolemy.util.test.WatchDog.cancel(): canceling Tue Feb 05 03:27:37 UTC 2019
auto.tcl: Setting watchdog for 200 seconds at Tue Feb 05 03:27:37 UTC 2019
1 ms. Memory: 208384K Free: 196321K (94%)
ptolemy.util.test.WatchDog.cancel(): canceling Tue Feb 05 03:27:37 UTC 2019
------------------ testing $PTII/ptolemy/domains/de/test/auto/DEScheduleTest.xml
auto.tcl: Setting watchdog for 200 seconds at Tue Feb 05 03:27:37 UTC 2019
9 ms. Memory: 208384K Free: 198396K (95%)
ptolemy.util.test.WatchDog.cancel(): canceling Tue Feb 05 03:27:37 UTC 2019
auto.tcl: Setting watchdog for 200 seconds at Tue Feb 05 03:27:37 UTC 2019
3 ms. Memory: 208384K Free: 196356K (94%)
ptolemy.util.test.WatchDog.cancel(): canceling Tue Feb 05 03:27:37 UTC 2019
------------------ testing $PTII/ptolemy/domains/de/test/auto/DEinDEwithStartTimes.xml
auto.tcl: Setting watchdog for 200 seconds at Tue Feb 05 03:27:37 UTC 2019
3 ms. Memory: 208384K Free: 196325K (94%)
ptolemy.util.test.WatchDog.cancel(): canceling Tue Feb 05 03:27:37 UTC 2019
auto.tcl: Setting watchdog for 200 seconds at Tue Feb 05 03:27:37 UTC 2019
3 ms. Memory: 208384K Free: 196325K (94%)
ptolemy.util.test.WatchDog.cancel(): canceling Tue Feb 05 03:27:37 UTC 2019
------------------ testing $PTII/ptolemy/domains/de/test/auto/DEinDEwithStartTimes2.xml
auto.tcl: Setting watchdog for 200 seconds at Tue Feb 05 03:27:37 UTC 2019
3 ms. Memory: 208384K Free: 196305K (94%)
ptolemy.util.test.WatchDog.cancel(): canceling Tue Feb 05 03:27:37 UTC 2019
auto.tcl: Setting watchdog for 200 seconds at Tue Feb 05 03:27:37 UTC 2019
8 ms. Memory: 208384K Free: 194265K (93%)
ptolemy.util.test.WatchDog.cancel(): canceling Tue Feb 05 03:27:37 UTC 2019
------------------ testing $PTII/ptolemy/domains/de/test/auto/DateDemo.xml
auto.tcl: Setting watchdog for 200 seconds at Tue Feb 05 03:27:37 UTC 2019
14 ms. Memory: 208384K Free: 188914K (91%)
ptolemy.util.test.WatchDog.cancel(): canceling Tue Feb 05 03:27:37 UTC 2019
auto.tcl: Setting watchdog for 200 seconds at Tue Feb 05 03:27:37 UTC 2019
11 ms. Memory: 208384K Free: 186873K (90%)
ptolemy.util.test.WatchDog.cancel(): canceling Tue Feb 05 03:27:37 UTC 2019
------------------ testing $PTII/ptolemy/domains/de/test/auto/DateToEvent.xml
auto.tcl: Setting watchdog for 200 seconds at Tue Feb 05 03:27:37 UTC 2019
2010 ms. Memory: 208384K Free: 183799K (88%)
ptolemy.util.test.WatchDog.cancel(): canceling Tue Feb 05 03:27:39 UTC 2019
auto.tcl: Setting watchdog for 200 seconds at Tue Feb 05 03:27:39 UTC 2019
2005 ms. Memory: 208384K Free: 183799K (88%)
ptolemy.util.test.WatchDog.cancel(): canceling Tue Feb 05 03:27:41 UTC 2019
------------------ testing $PTII/ptolemy/domains/de/test/auto/DepthTest1.xml
auto.tcl: Setting watchdog for 200 seconds at Tue Feb 05 03:27:41 UTC 2019
3 ms. Memory: 208384K Free: 195985K (94%)
ptolemy.util.test.WatchDog.cancel(): canceling Tue Feb 05 03:27:41 UTC 2019
auto.tcl: Setting watchdog for 200 seconds at Tue Feb 05 03:27:41 UTC 2019
2 ms. Memory: 208384K Free: 195985K (94%)
ptolemy.util.test.WatchDog.cancel(): canceling Tue Feb 05 03:27:41 UTC 2019
------------------ testing $PTII/ptolemy/domains/de/test/auto/DepthTest2.xml
auto.tcl: Setting watchdog for 200 seconds at Tue Feb 05 03:27:41 UTC 2019
6 ms. Memory: 208384K Free: 194277K (93%)
ptolemy.util.test.WatchDog.cancel(): canceling Tue Feb 05 03:27:41 UTC 2019
auto.tcl: Setting watchdog for 200 seconds at Tue Feb 05 03:27:41 UTC 2019
5 ms. Memory: 208384K Free: 194277K (93%)
ptolemy.util.test.WatchDog.cancel(): canceling Tue Feb 05 03:27:41 UTC 2019
------------------ testing $PTII/ptolemy/domains/de/test/auto/DepthTest3.xml
auto.tcl: Setting watchdog for 200 seconds at Tue Feb 05 03:27:41 UTC 2019
2 ms. Memory: 208384K Free: 198260K (95%)
ptolemy.util.test.WatchDog.cancel(): canceling Tue Feb 05 03:27:41 UTC 2019
auto.tcl: Setting watchdog for 200 seconds at Tue Feb 05 03:27:41 UTC 2019
2 ms. Memory: 208384K Free: 198260K (95%)
ptolemy.util.test.WatchDog.cancel(): canceling Tue Feb 05 03:27:41 UTC 2019
------------------ testing $PTII/ptolemy/domains/de/test/auto/DepthTest4.xml
auto.tcl: Setting watchdog for 200 seconds at Tue Feb 05 03:27:42 UTC 2019
4 ms. Memory: 208384K Free: 196307K (94%)
ptolemy.util.test.WatchDog.cancel(): canceling Tue Feb 05 03:27:42 UTC 2019
auto.tcl: Setting watchdog for 200 seconds at Tue Feb 05 03:27:42 UTC 2019
2 ms. Memory: 208384K Free: 196307K (94%)
ptolemy.util.test.WatchDog.cancel(): canceling Tue Feb 05 03:27:42 UTC 2019
------------------ testing $PTII/ptolemy/domains/de/test/auto/DepthTest5.xml
auto.tcl: Setting watchdog for 200 seconds at Tue Feb 05 03:27:42 UTC 2019
5 ms. Memory: 208384K Free: 196255K (94%)
ptolemy.util.test.WatchDog.cancel(): canceling Tue Feb 05 03:27:42 UTC 2019
auto.tcl: Setting watchdog for 200 seconds at Tue Feb 05 03:27:42 UTC 2019
2 ms. Memory: 208384K Free: 196255K (94%)
ptolemy.util.test.WatchDog.cancel(): canceling Tue Feb 05 03:27:42 UTC 2019
------------------ testing $PTII/ptolemy/domains/de/test/auto/DepthTest6.xml
auto.tcl: Setting watchdog for 200 seconds at Tue Feb 05 03:27:42 UTC 2019
10 ms. Memory: 208384K Free: 196230K (94%)
ptolemy.util.test.WatchDog.cancel(): canceling Tue Feb 05 03:27:42 UTC 2019
auto.tcl: Setting watchdog for 200 seconds at Tue Feb 05 03:27:42 UTC 2019
2 ms. Memory: 208384K Free: 196230K (94%)
ptolemy.util.test.WatchDog.cancel(): canceling Tue Feb 05 03:27:42 UTC 2019
------------------ testing $PTII/ptolemy/domains/de/test/auto/DepthTest7.xml
auto.tcl: Setting watchdog for 200 seconds at Tue Feb 05 03:27:42 UTC 2019
2 ms. Memory: 208384K Free: 196211K (94%)
ptolemy.util.test.WatchDog.cancel(): canceling Tue Feb 05 03:27:42 UTC 2019
auto.tcl: Setting watchdog for 200 seconds at Tue Feb 05 03:27:42 UTC 2019
3 ms. Memory: 208384K Free: 196211K (94%)
ptolemy.util.test.WatchDog.cancel(): canceling Tue Feb 05 03:27:42 UTC 2019
------------------ testing $PTII/ptolemy/domains/de/test/auto/EventToDate.xml
auto.tcl: Setting watchdog for 200 seconds at Tue Feb 05 03:27:42 UTC 2019
3011 ms. Memory: 208384K Free: 186023K (89%)
ptolemy.util.test.WatchDog.cancel(): canceling Tue Feb 05 03:27:45 UTC 2019
auto.tcl: Setting watchdog for 200 seconds at Tue Feb 05 03:27:45 UTC 2019
3005 ms. Memory: 208384K Free: 186023K (89%)
ptolemy.util.test.WatchDog.cancel(): canceling Tue Feb 05 03:27:48 UTC 2019
------------------ testing $PTII/ptolemy/domains/de/test/auto/FSM1.xml
auto.tcl: Setting watchdog for 200 seconds at Tue Feb 05 03:27:48 UTC 2019
31 ms. Memory: 208384K Free: 189383K (91%)
ptolemy.util.test.WatchDog.cancel(): canceling Tue Feb 05 03:27:48 UTC 2019
auto.tcl: Setting watchdog for 200 seconds at Tue Feb 05 03:27:48 UTC 2019
14 ms. Memory: 208384K Free: 185302K (89%)
ptolemy.util.test.WatchDog.cancel(): canceling Tue Feb 05 03:27:48 UTC 2019
------------------ testing $PTII/ptolemy/domains/de/test/auto/FSM7.xml
auto.tcl: Setting watchdog for 200 seconds at Tue Feb 05 03:27:48 UTC 2019
16 ms. Memory: 208384K Free: 189585K (91%)
ptolemy.util.test.WatchDog.cancel(): canceling Tue Feb 05 03:27:48 UTC 2019
auto.tcl: Setting watchdog for 200 seconds at Tue Feb 05 03:27:48 UTC 2019
16 ms. Memory: 208384K Free: 185504K (89%)
ptolemy.util.test.WatchDog.cancel(): canceling Tue Feb 05 03:27:48 UTC 2019
------------------ testing $PTII/ptolemy/domains/de/test/auto/Inspection.xml
auto.tcl: Setting watchdog for 200 seconds at Tue Feb 05 03:27:48 UTC 2019
40 ms. Memory: 208384K Free: 189277K (91%)
ptolemy.util.test.WatchDog.cancel(): canceling Tue Feb 05 03:27:48 UTC 2019
auto.tcl: Setting watchdog for 200 seconds at Tue Feb 05 03:27:48 UTC 2019
29 ms. Memory: 208384K Free: 186717K (90%)
ptolemy.util.test.WatchDog.cancel(): canceling Tue Feb 05 03:27:48 UTC 2019
------------------ testing $PTII/ptolemy/domains/de/test/auto/Iteration.xml
auto.tcl: Setting watchdog for 200 seconds at Tue Feb 05 03:27:48 UTC 2019
10 ms. Memory: 208384K Free: 196016K (94%)
ptolemy.util.test.WatchDog.cancel(): canceling Tue Feb 05 03:27:48 UTC 2019
auto.tcl: Setting watchdog for 200 seconds at Tue Feb 05 03:27:48 UTC 2019
6 ms. Memory: 208384K Free: 193976K (93%)
ptolemy.util.test.WatchDog.cancel(): canceling Tue Feb 05 03:27:48 UTC 2019
------------------ testing $PTII/ptolemy/domains/de/test/auto/LineFault.xml
auto.tcl: Setting watchdog for 200 seconds at Tue Feb 05 03:27:48 UTC 2019
763 ms. Memory: 208384K Free: 199754K (96%)
ptolemy.util.test.WatchDog.cancel(): canceling Tue Feb 05 03:27:49 UTC 2019
auto.tcl: Setting watchdog for 200 seconds at Tue Feb 05 03:27:49 UTC 2019
605 ms. Memory: 208384K Free: 142368K (68%)
ptolemy.util.test.WatchDog.cancel(): canceling Tue Feb 05 03:27:50 UTC 2019
------------------ testing $PTII/ptolemy/domains/de/test/auto/MergeModel1Add.xml
auto.tcl: Setting watchdog for 200 seconds at Tue Feb 05 03:27:50 UTC 2019
27 ms. Memory: 331264K Free: 300719K (91%)
ptolemy.util.test.WatchDog.cancel(): canceling Tue Feb 05 03:27:50 UTC 2019
auto.tcl: Setting watchdog for 200 seconds at Tue Feb 05 03:27:50 UTC 2019
10 ms. Memory: 331264K Free: 300719K (91%)
ptolemy.util.test.WatchDog.cancel(): canceling Tue Feb 05 03:27:50 UTC 2019
------------------ testing $PTII/ptolemy/domains/de/test/auto/MergeModel2Add.xml
auto.tcl: Setting watchdog for 200 seconds at Tue Feb 05 03:27:50 UTC 2019
6 ms. Memory: 331264K Free: 305638K (92%)
ptolemy.util.test.WatchDog.cancel(): canceling Tue Feb 05 03:27:50 UTC 2019
auto.tcl: Setting watchdog for 200 seconds at Tue Feb 05 03:27:50 UTC 2019
7 ms. Memory: 331264K Free: 302073K (91%)
ptolemy.util.test.WatchDog.cancel(): canceling Tue Feb 05 03:27:50 UTC 2019
------------------ testing $PTII/ptolemy/domains/de/test/auto/MergeModel3Add.xml
auto.tcl: Setting watchdog for 200 seconds at Tue Feb 05 03:27:50 UTC 2019
10 ms. Memory: 331264K Free: 305617K (92%)
ptolemy.util.test.WatchDog.cancel(): canceling Tue Feb 05 03:27:51 UTC 2019
auto.tcl: Setting watchdog for 200 seconds at Tue Feb 05 03:27:51 UTC 2019
8 ms. Memory: 331264K Free: 302051K (91%)
ptolemy.util.test.WatchDog.cancel(): canceling Tue Feb 05 03:27:51 UTC 2019
------------------ testing $PTII/ptolemy/domains/de/test/auto/MergeWithoutDiscard.xml
auto.tcl: Setting watchdog for 200 seconds at Tue Feb 05 03:27:51 UTC 2019
3 ms. Memory: 331264K Free: 317018K (96%)
ptolemy.util.test.WatchDog.cancel(): canceling Tue Feb 05 03:27:51 UTC 2019
auto.tcl: Setting watchdog for 200 seconds at Tue Feb 05 03:27:51 UTC 2019
1 ms. Memory: 331264K Free: 317018K (96%)
ptolemy.util.test.WatchDog.cancel(): canceling Tue Feb 05 03:27:51 UTC 2019
------------------ testing $PTII/ptolemy/domains/de/test/auto/Modal1.xml
auto.tcl: Setting watchdog for 200 seconds at Tue Feb 05 03:27:51 UTC 2019
23 ms. Memory: 331264K Free: 310618K (94%)
ptolemy.util.test.WatchDog.cancel(): canceling Tue Feb 05 03:27:51 UTC 2019
auto.tcl: Setting watchdog for 200 seconds at Tue Feb 05 03:27:51 UTC 2019
18 ms. Memory: 331264K Free: 307052K (93%)
ptolemy.util.test.WatchDog.cancel(): canceling Tue Feb 05 03:27:51 UTC 2019
------------------ testing $PTII/ptolemy/domains/de/test/auto/Modal2.xml
auto.tcl: Setting watchdog for 200 seconds at Tue Feb 05 03:27:51 UTC 2019
14 ms. Memory: 331264K Free: 310502K (94%)
ptolemy.util.test.WatchDog.cancel(): canceling Tue Feb 05 03:27:51 UTC 2019
auto.tcl: Setting watchdog for 200 seconds at Tue Feb 05 03:27:51 UTC 2019
20 ms. Memory: 331264K Free: 306937K (93%)
ptolemy.util.test.WatchDog.cancel(): canceling Tue Feb 05 03:27:51 UTC 2019
------------------ testing $PTII/ptolemy/domains/de/test/auto/Modal3.xml
auto.tcl: Setting watchdog for 200 seconds at Tue Feb 05 03:27:51 UTC 2019
10 ms. Memory: 331264K Free: 311164K (94%)
ptolemy.util.test.WatchDog.cancel(): canceling Tue Feb 05 03:27:51 UTC 2019
auto.tcl: Setting watchdog for 200 seconds at Tue Feb 05 03:27:51 UTC 2019
10 ms. Memory: 331264K Free: 306924K (93%)
ptolemy.util.test.WatchDog.cancel(): canceling Tue Feb 05 03:27:51 UTC 2019
------------------ testing $PTII/ptolemy/domains/de/test/auto/Modal4.xml
auto.tcl: Setting watchdog for 200 seconds at Tue Feb 05 03:27:51 UTC 2019
20 ms. Memory: 331264K Free: 310502K (94%)
ptolemy.util.test.WatchDog.cancel(): canceling Tue Feb 05 03:27:51 UTC 2019
auto.tcl: Setting watchdog for 200 seconds at Tue Feb 05 03:27:51 UTC 2019
20 ms. Memory: 331264K Free: 306937K (93%)
ptolemy.util.test.WatchDog.cancel(): canceling Tue Feb 05 03:27:51 UTC 2019
------------------ testing $PTII/ptolemy/domains/de/test/auto/Modal5.xml
auto.tcl: Setting watchdog for 200 seconds at Tue Feb 05 03:27:51 UTC 2019
15 ms. Memory: 331264K Free: 310491K (94%)
ptolemy.util.test.WatchDog.cancel(): canceling Tue Feb 05 03:27:51 UTC 2019
auto.tcl: Setting watchdog for 200 seconds at Tue Feb 05 03:27:51 UTC 2019
14 ms. Memory: 331264K Free: 302010K (91%)
ptolemy.util.test.WatchDog.cancel(): canceling Tue Feb 05 03:27:51 UTC 2019
------------------ testing $PTII/ptolemy/domains/de/test/auto/Modal6.xml
auto.tcl: Setting watchdog for 200 seconds at Tue Feb 05 03:27:51 UTC 2019
11 ms. Memory: 331264K Free: 310488K (94%)
ptolemy.util.test.WatchDog.cancel(): canceling Tue Feb 05 03:27:51 UTC 2019
auto.tcl: Setting watchdog for 200 seconds at Tue Feb 05 03:27:51 UTC 2019
12 ms. Memory: 331264K Free: 306923K (93%)
ptolemy.util.test.WatchDog.cancel(): canceling Tue Feb 05 03:27:51 UTC 2019
------------------ testing $PTII/ptolemy/domains/de/test/auto/Modal7.xml
auto.tcl: Setting watchdog for 200 seconds at Tue Feb 05 03:27:51 UTC 2019
17 ms. Memory: 331264K Free: 306923K (93%)
ptolemy.util.test.WatchDog.cancel(): canceling Tue Feb 05 03:27:51 UTC 2019
auto.tcl: Setting watchdog for 200 seconds at Tue Feb 05 03:27:51 UTC 2019
12 ms. Memory: 331264K Free: 303357K (92%)
ptolemy.util.test.WatchDog.cancel(): canceling Tue Feb 05 03:27:51 UTC 2019
------------------ testing $PTII/ptolemy/domains/de/test/auto/ModalModel.xml
auto.tcl: Setting watchdog for 200 seconds at Tue Feb 05 03:27:51 UTC 2019
218 ms. Memory: 331264K Free: 248150K (75%)
ptolemy.util.test.WatchDog.cancel(): canceling Tue Feb 05 03:27:52 UTC 2019
auto.tcl: Setting watchdog for 200 seconds at Tue Feb 05 03:27:52 UTC 2019
182 ms. Memory: 331264K Free: 191021K (58%)
ptolemy.util.test.WatchDog.cancel(): canceling Tue Feb 05 03:27:52 UTC 2019
------------------ testing $PTII/ptolemy/domains/de/test/auto/ModalSource.xml
auto.tcl: Setting watchdog for 200 seconds at Tue Feb 05 03:27:52 UTC 2019
11 ms. Memory: 331264K Free: 316748K (96%)
ptolemy.util.test.WatchDog.cancel(): canceling Tue Feb 05 03:27:52 UTC 2019
auto.tcl: Setting watchdog for 200 seconds at Tue Feb 05 03:27:52 UTC 2019
6 ms. Memory: 331264K Free: 313474K (95%)
ptolemy.util.test.WatchDog.cancel(): canceling Tue Feb 05 03:27:52 UTC 2019
------------------ testing $PTII/ptolemy/domains/de/test/auto/NonInterruptibleTimerZeroDelay.xml
auto.tcl: Setting watchdog for 200 seconds at Tue Feb 05 03:27:52 UTC 2019
4 ms. Memory: 331264K Free: 321121K (97%)
ptolemy.util.test.WatchDog.cancel(): canceling Tue Feb 05 03:27:52 UTC 2019
auto.tcl: Setting watchdog for 200 seconds at Tue Feb 05 03:27:52 UTC 2019
2 ms. Memory: 331264K Free: 317839K (96%)
ptolemy.util.test.WatchDog.cancel(): canceling Tue Feb 05 03:27:52 UTC 2019
------------------ testing $PTII/ptolemy/domains/de/test/auto/OpenQueueingNetwork.xml
auto.tcl: Setting watchdog for 200 seconds at Tue Feb 05 03:27:52 UTC 2019
2712 ms. Memory: 573952K Free: 422006K (74%)
ptolemy.util.test.WatchDog.cancel(): canceling Tue Feb 05 03:27:55 UTC 2019
auto.tcl: Setting watchdog for 200 seconds at Tue Feb 05 03:27:55 UTC 2019
2217 ms. Memory: 550912K Free: 328537K (60%)
ptolemy.util.test.WatchDog.cancel(): canceling Tue Feb 05 03:27:57 UTC 2019
------------------ testing $PTII/ptolemy/domains/de/test/auto/OpenQueuingNetwork.xml
auto.tcl: Setting watchdog for 200 seconds at Tue Feb 05 03:27:57 UTC 2019
230 ms. Memory: 549888K Free: 446063K (81%)
ptolemy.util.test.WatchDog.cancel(): canceling Tue Feb 05 03:27:58 UTC 2019
auto.tcl: Setting watchdog for 200 seconds at Tue Feb 05 03:27:58 UTC 2019
218 ms. Memory: 549888K Free: 382810K (70%)
ptolemy.util.test.WatchDog.cancel(): canceling Tue Feb 05 03:27:58 UTC 2019
------------------ testing $PTII/ptolemy/domains/de/test/auto/PeriodicSampler.xml
auto.tcl: Setting watchdog for 200 seconds at Tue Feb 05 03:27:58 UTC 2019
3 ms. Memory: 551936K Free: 536952K (97%)
ptolemy.util.test.WatchDog.cancel(): canceling Tue Feb 05 03:27:58 UTC 2019
auto.tcl: Setting watchdog for 200 seconds at Tue Feb 05 03:27:58 UTC 2019
2 ms. Memory: 551936K Free: 536952K (97%)
ptolemy.util.test.WatchDog.cancel(): canceling Tue Feb 05 03:27:58 UTC 2019
------------------ testing $PTII/ptolemy/domains/de/test/auto/PersistentIO.xml
auto.tcl: Setting watchdog for 200 seconds at Tue Feb 05 03:27:58 UTC 2019
4 ms. Memory: 549376K Free: 525024K (96%)
ptolemy.util.test.WatchDog.cancel(): canceling Tue Feb 05 03:27:58 UTC 2019
auto.tcl: Setting watchdog for 200 seconds at Tue Feb 05 03:27:58 UTC 2019
3 ms. Memory: 549376K Free: 525024K (96%)
ptolemy.util.test.WatchDog.cancel(): canceling Tue Feb 05 03:27:58 UTC 2019
------------------ testing $PTII/ptolemy/domains/de/test/auto/PortParameterResetOnInitialize.xml
auto.tcl: Setting watchdog for 200 seconds at Tue Feb 05 03:27:58 UTC 2019
2 ms. Memory: 551424K Free: 532222K (97%)
ptolemy.util.test.WatchDog.cancel(): canceling Tue Feb 05 03:27:58 UTC 2019
auto.tcl: Setting watchdog for 200 seconds at Tue Feb 05 03:27:58 UTC 2019
2 ms. Memory: 551424K Free: 532222K (97%)
ptolemy.util.test.WatchDog.cancel(): canceling Tue Feb 05 03:27:58 UTC 2019
------------------ testing $PTII/ptolemy/domains/de/test/auto/PortParameterUpdates.xml
auto.tcl: Setting watchdog for 200 seconds at Tue Feb 05 03:27:58 UTC 2019
3 ms. Memory: 549376K Free: 529764K (96%)
ptolemy.util.test.WatchDog.cancel(): canceling Tue Feb 05 03:27:58 UTC 2019
auto.tcl: Setting watchdog for 200 seconds at Tue Feb 05 03:27:58 UTC 2019
3 ms. Memory: 549376K Free: 524477K (95%)
ptolemy.util.test.WatchDog.cancel(): canceling Tue Feb 05 03:27:58 UTC 2019
------------------ testing $PTII/ptolemy/domains/de/test/auto/QueueAndServer.xml
auto.tcl: Setting watchdog for 200 seconds at Tue Feb 05 03:27:58 UTC 2019
18 ms. Memory: 551424K Free: 526488K (95%)
ptolemy.util.test.WatchDog.cancel(): canceling Tue Feb 05 03:27:58 UTC 2019
auto.tcl: Setting watchdog for 200 seconds at Tue Feb 05 03:27:58 UTC 2019
6 ms. Memory: 551424K Free: 526488K (95%)
ptolemy.util.test.WatchDog.cancel(): canceling Tue Feb 05 03:27:58 UTC 2019
------------------ testing $PTII/ptolemy/domains/de/test/auto/Records.xml
auto.tcl: Setting watchdog for 200 seconds at Tue Feb 05 03:27:58 UTC 2019
8 ms. Memory: 549376K Free: 534349K (97%)
ptolemy.util.test.WatchDog.cancel(): canceling Tue Feb 05 03:27:58 UTC 2019
auto.tcl: Setting watchdog for 200 seconds at Tue Feb 05 03:27:58 UTC 2019
2 ms. Memory: 549376K Free: 529078K (96%)
ptolemy.util.test.WatchDog.cancel(): canceling Tue Feb 05 03:27:58 UTC 2019
------------------ testing $PTII/ptolemy/domains/de/test/auto/ResetTransitionWithStartTime1.xml
auto.tcl: Setting watchdog for 200 seconds at Tue Feb 05 03:27:58 UTC 2019
11 ms. Memory: 551424K Free: 531152K (96%)
ptolemy.util.test.WatchDog.cancel(): canceling Tue Feb 05 03:27:58 UTC 2019
auto.tcl: Setting watchdog for 200 seconds at Tue Feb 05 03:27:58 UTC 2019
6 ms. Memory: 551424K Free: 531152K (96%)
ptolemy.util.test.WatchDog.cancel(): canceling Tue Feb 05 03:27:58 UTC 2019
------------------ testing $PTII/ptolemy/domains/de/test/auto/ResetTransitionWithStartTime2.xml
auto.tcl: Setting watchdog for 200 seconds at Tue Feb 05 03:27:58 UTC 2019
4 ms. Memory: 549376K Free: 529079K (96%)
ptolemy.util.test.WatchDog.cancel(): canceling Tue Feb 05 03:27:58 UTC 2019
auto.tcl: Setting watchdog for 200 seconds at Tue Feb 05 03:27:58 UTC 2019
6 ms. Memory: 549376K Free: 529079K (96%)
ptolemy.util.test.WatchDog.cancel(): canceling Tue Feb 05 03:27:58 UTC 2019
------------------ testing $PTII/ptolemy/domains/de/test/auto/ResetTransitionWithStartTime3.xml
auto.tcl: Setting watchdog for 200 seconds at Tue Feb 05 03:27:58 UTC 2019
8 ms. Memory: 550912K Free: 530613K (96%)
ptolemy.util.test.WatchDog.cancel(): canceling Tue Feb 05 03:27:58 UTC 2019
auto.tcl: Setting watchdog for 200 seconds at Tue Feb 05 03:27:58 UTC 2019
5 ms. Memory: 550912K Free: 530613K (96%)
ptolemy.util.test.WatchDog.cancel(): canceling Tue Feb 05 03:27:58 UTC 2019
------------------ testing $PTII/ptolemy/domains/de/test/auto/ResetTransitionWithStartTime4.xml
auto.tcl: Setting watchdog for 200 seconds at Tue Feb 05 03:27:58 UTC 2019
4 ms. Memory: 549376K Free: 529076K (96%)
ptolemy.util.test.WatchDog.cancel(): canceling Tue Feb 05 03:27:59 UTC 2019
auto.tcl: Setting watchdog for 200 seconds at Tue Feb 05 03:27:59 UTC 2019
4 ms. Memory: 549376K Free: 529076K (96%)
ptolemy.util.test.WatchDog.cancel(): canceling Tue Feb 05 03:27:59 UTC 2019
------------------ testing $PTII/ptolemy/domains/de/test/auto/ResettableTimer1.xml
auto.tcl: Setting watchdog for 200 seconds at Tue Feb 05 03:27:59 UTC 2019
3 ms. Memory: 550912K Free: 535895K (97%)
ptolemy.util.test.WatchDog.cancel(): canceling Tue Feb 05 03:27:59 UTC 2019
auto.tcl: Setting watchdog for 200 seconds at Tue Feb 05 03:27:59 UTC 2019
2 ms. Memory: 550912K Free: 535895K (97%)
ptolemy.util.test.WatchDog.cancel(): canceling Tue Feb 05 03:27:59 UTC 2019
------------------ testing $PTII/ptolemy/domains/de/test/auto/ResettableTimer2.xml
auto.tcl: Setting watchdog for 200 seconds at Tue Feb 05 03:27:59 UTC 2019
2 ms. Memory: 549376K Free: 534960K (97%)
ptolemy.util.test.WatchDog.cancel(): canceling Tue Feb 05 03:27:59 UTC 2019
auto.tcl: Setting watchdog for 200 seconds at Tue Feb 05 03:27:59 UTC 2019
2 ms. Memory: 549376K Free: 534960K (97%)
ptolemy.util.test.WatchDog.cancel(): canceling Tue Feb 05 03:27:59 UTC 2019
------------------ testing $PTII/ptolemy/domains/de/test/auto/ResettableTimer3.xml
auto.tcl: Setting watchdog for 200 seconds at Tue Feb 05 03:27:59 UTC 2019
2 ms. Memory: 550912K Free: 535953K (97%)
ptolemy.util.test.WatchDog.cancel(): canceling Tue Feb 05 03:27:59 UTC 2019
auto.tcl: Setting watchdog for 200 seconds at Tue Feb 05 03:27:59 UTC 2019
1 ms. Memory: 550912K Free: 535953K (97%)
ptolemy.util.test.WatchDog.cancel(): canceling Tue Feb 05 03:27:59 UTC 2019
------------------ testing $PTII/ptolemy/domains/de/test/auto/ResettableTimer4.xml
auto.tcl: Setting watchdog for 200 seconds at Tue Feb 05 03:27:59 UTC 2019
1 ms. Memory: 549376K Free: 534973K (97%)
ptolemy.util.test.WatchDog.cancel(): canceling Tue Feb 05 03:27:59 UTC 2019
auto.tcl: Setting watchdog for 200 seconds at Tue Feb 05 03:27:59 UTC 2019
1 ms. Memory: 549376K Free: 534973K (97%)
ptolemy.util.test.WatchDog.cancel(): canceling Tue Feb 05 03:27:59 UTC 2019
------------------ testing $PTII/ptolemy/domains/de/test/auto/ResettableTimer5.xml
auto.tcl: Setting watchdog for 200 seconds at Tue Feb 05 03:27:59 UTC 2019
1 ms. Memory: 550400K Free: 530770K (96%)
ptolemy.util.test.WatchDog.cancel(): canceling Tue Feb 05 03:27:59 UTC 2019
auto.tcl: Setting watchdog for 200 seconds at Tue Feb 05 03:27:59 UTC 2019
1 ms. Memory: 550400K Free: 530770K (96%)
ptolemy.util.test.WatchDog.cancel(): canceling Tue Feb 05 03:27:59 UTC 2019
------------------ testing $PTII/ptolemy/domains/de/test/auto/ResettableTimer6.xml
auto.tcl: Setting watchdog for 200 seconds at Tue Feb 05 03:27:59 UTC 2019
1 ms. Memory: 549376K Free: 534375K (97%)
ptolemy.util.test.WatchDog.cancel(): canceling Tue Feb 05 03:27:59 UTC 2019
auto.tcl: Setting watchdog for 200 seconds at Tue Feb 05 03:27:59 UTC 2019
1 ms. Memory: 549376K Free: 534375K (97%)
ptolemy.util.test.WatchDog.cancel(): canceling Tue Feb 05 03:27:59 UTC 2019
------------------ testing $PTII/ptolemy/domains/de/test/auto/ServerZeroDelay.xml
auto.tcl: Setting watchdog for 200 seconds at Tue Feb 05 03:27:59 UTC 2019
6 ms. Memory: 550400K Free: 535933K (97%)
ptolemy.util.test.WatchDog.cancel(): canceling Tue Feb 05 03:27:59 UTC 2019
auto.tcl: Setting watchdog for 200 seconds at Tue Feb 05 03:27:59 UTC 2019
3 ms. Memory: 550400K Free: 535933K (97%)
ptolemy.util.test.WatchDog.cancel(): canceling Tue Feb 05 03:27:59 UTC 2019
------------------ testing $PTII/ptolemy/domains/de/test/auto/SmartSender.xml
auto.tcl: Setting watchdog for 200 seconds at Tue Feb 05 03:27:59 UTC 2019
3001 ms. Memory: 549376K Free: 534904K (97%)
ptolemy.util.test.WatchDog.cancel(): canceling Tue Feb 05 03:28:02 UTC 2019
auto.tcl: Setting watchdog for 200 seconds at Tue Feb 05 03:28:02 UTC 2019
3002 ms. Memory: 549376K Free: 534904K (97%)
ptolemy.util.test.WatchDog.cancel(): canceling Tue Feb 05 03:28:05 UTC 2019
------------------ testing $PTII/ptolemy/domains/de/test/auto/ThreadedComposite.xml
auto.tcl: Setting watchdog for 200 seconds at Tue Feb 05 03:28:05 UTC 2019
202 ms. Memory: 550400K Free: 510785K (93%)
ptolemy.util.test.WatchDog.cancel(): canceling Tue Feb 05 03:28:05 UTC 2019
auto.tcl: Setting watchdog for 200 seconds at Tue Feb 05 03:28:05 UTC 2019
159 ms. Memory: 550400K Free: 486795K (88%)
ptolemy.util.test.WatchDog.cancel(): canceling Tue Feb 05 03:28:05 UTC 2019
------------------ testing $PTII/ptolemy/domains/de/test/auto/Time.xml
auto.tcl: Setting watchdog for 200 seconds at Tue Feb 05 03:28:05 UTC 2019
468 ms. Memory: 549376K Free: 482609K (88%)
ptolemy.util.test.WatchDog.cancel(): canceling Tue Feb 05 03:28:06 UTC 2019
auto.tcl: Setting watchdog for 200 seconds at Tue Feb 05 03:28:06 UTC 2019
441 ms. Memory: 549376K Free: 429898K (78%)
ptolemy.util.test.WatchDog.cancel(): canceling Tue Feb 05 03:28:06 UTC 2019
------------------ testing $PTII/ptolemy/domains/de/test/auto/TimeDelayZeroDelay.xml
auto.tcl: Setting watchdog for 200 seconds at Tue Feb 05 03:28:06 UTC 2019
2 ms. Memory: 550400K Free: 535307K (97%)
ptolemy.util.test.WatchDog.cancel(): canceling Tue Feb 05 03:28:06 UTC 2019
auto.tcl: Setting watchdog for 200 seconds at Tue Feb 05 03:28:06 UTC 2019
2 ms. Memory: 550400K Free: 535307K (97%)
ptolemy.util.test.WatchDog.cancel(): canceling Tue Feb 05 03:28:06 UTC 2019
------------------ testing $PTII/ptolemy/domains/de/test/auto/TimerZeroDelay.xml
auto.tcl: Setting watchdog for 200 seconds at Tue Feb 05 03:28:06 UTC 2019
2 ms. Memory: 549376K Free: 534871K (97%)
ptolemy.util.test.WatchDog.cancel(): canceling Tue Feb 05 03:28:06 UTC 2019
auto.tcl: Setting watchdog for 200 seconds at Tue Feb 05 03:28:06 UTC 2019
2 ms. Memory: 549376K Free: 534871K (97%)
ptolemy.util.test.WatchDog.cancel(): canceling Tue Feb 05 03:28:06 UTC 2019
------------------ testing $PTII/ptolemy/domains/de/test/auto/TimingParadox.xml
auto.tcl: Setting watchdog for 200 seconds at Tue Feb 05 03:28:07 UTC 2019
313 ms. Memory: 549888K Free: 470398K (86%)
ptolemy.util.test.WatchDog.cancel(): canceling Tue Feb 05 03:28:07 UTC 2019
auto.tcl: Setting watchdog for 200 seconds at Tue Feb 05 03:28:07 UTC 2019
305 ms. Memory: 549888K Free: 438772K (80%)
ptolemy.util.test.WatchDog.cancel(): canceling Tue Feb 05 03:28:07 UTC 2019
------------------ testing $PTII/ptolemy/domains/de/test/auto/TransferInputs.xml
auto.tcl: Setting watchdog for 200 seconds at Tue Feb 05 03:28:07 UTC 2019
2 ms. Memory: 549888K Free: 534344K (97%)
ptolemy.util.test.WatchDog.cancel(): canceling Tue Feb 05 03:28:07 UTC 2019
auto.tcl: Setting watchdog for 200 seconds at Tue Feb 05 03:28:07 UTC 2019
1 ms. Memory: 549888K Free: 534344K (97%)
ptolemy.util.test.WatchDog.cancel(): canceling Tue Feb 05 03:28:07 UTC 2019
------------------ testing $PTII/ptolemy/domains/de/test/auto/TransferOutputs2.xml
auto.tcl: Setting watchdog for 200 seconds at Tue Feb 05 03:28:07 UTC 2019
6 ms. Memory: 549376K Free: 524966K (96%)
ptolemy.util.test.WatchDog.cancel(): canceling Tue Feb 05 03:28:07 UTC 2019
auto.tcl: Setting watchdog for 200 seconds at Tue Feb 05 03:28:07 UTC 2019
3 ms. Memory: 549376K Free: 524966K (96%)
ptolemy.util.test.WatchDog.cancel(): canceling Tue Feb 05 03:28:07 UTC 2019
------------------ testing $PTII/ptolemy/domains/de/test/auto/Trilateration.xml
auto.tcl: Setting watchdog for 200 seconds at Tue Feb 05 03:28:07 UTC 2019
14476 ms. Memory: 453632K Free: 145357K (32%)
ptolemy.util.test.WatchDog.cancel(): canceling Tue Feb 05 03:28:23 UTC 2019
auto.tcl: Setting watchdog for 200 seconds at Tue Feb 05 03:28:23 UTC 2019
11111 ms. Memory: 331264K Free: 250753K (76%)
ptolemy.util.test.WatchDog.cancel(): canceling Tue Feb 05 03:28:34 UTC 2019
------------------ testing $PTII/ptolemy/domains/de/test/auto/TwoSigmaDelta.xml
auto.tcl: Setting watchdog for 200 seconds at Tue Feb 05 03:28:34 UTC 2019
2599 ms. Memory: 320000K Free: 275888K (86%)
ptolemy.util.test.WatchDog.cancel(): canceling Tue Feb 05 03:28:37 UTC 2019
auto.tcl: Setting watchdog for 200 seconds at Tue Feb 05 03:28:37 UTC 2019
2058 ms. Memory: 307712K Free: 266994K (87%)
ptolemy.util.test.WatchDog.cancel(): canceling Tue Feb 05 03:28:39 UTC 2019
------------------ testing $PTII/ptolemy/domains/de/test/auto/VariableDelay.xml
auto.tcl: Setting watchdog for 200 seconds at Tue Feb 05 03:28:39 UTC 2019
2 ms. Memory: 309760K Free: 296811K (96%)
ptolemy.util.test.WatchDog.cancel(): canceling Tue Feb 05 03:28:39 UTC 2019
auto.tcl: Setting watchdog for 200 seconds at Tue Feb 05 03:28:39 UTC 2019
2 ms. Memory: 309760K Free: 293440K (95%)
ptolemy.util.test.WatchDog.cancel(): canceling Tue Feb 05 03:28:39 UTC 2019
------------------ testing $PTII/ptolemy/domains/de/test/auto/VariableDelay2.xml
auto.tcl: Setting watchdog for 200 seconds at Tue Feb 05 03:28:39 UTC 2019
7 ms. Memory: 307712K Free: 294073K (96%)
ptolemy.util.test.WatchDog.cancel(): canceling Tue Feb 05 03:28:39 UTC 2019
auto.tcl: Setting watchdog for 200 seconds at Tue Feb 05 03:28:39 UTC 2019
2 ms. Memory: 307712K Free: 294073K (96%)
ptolemy.util.test.WatchDog.cancel(): canceling Tue Feb 05 03:28:39 UTC 2019
------------------ testing $PTII/ptolemy/domains/de/test/auto/VariableDelayZeroDelay.xml
auto.tcl: Setting watchdog for 200 seconds at Tue Feb 05 03:28:39 UTC 2019
2 ms. Memory: 309248K Free: 296724K (96%)
ptolemy.util.test.WatchDog.cancel(): canceling Tue Feb 05 03:28:39 UTC 2019
auto.tcl: Setting watchdog for 200 seconds at Tue Feb 05 03:28:39 UTC 2019
2 ms. Memory: 309248K Free: 293337K (95%)
ptolemy.util.test.WatchDog.cancel(): canceling Tue Feb 05 03:28:39 UTC 2019
------------------ testing $PTII/ptolemy/domains/de/test/auto/VariableDelayZeroDelay2.xml
auto.tcl: Setting watchdog for 200 seconds at Tue Feb 05 03:28:39 UTC 2019
2 ms. Memory: 307712K Free: 295186K (96%)
ptolemy.util.test.WatchDog.cancel(): canceling Tue Feb 05 03:28:39 UTC 2019
auto.tcl: Setting watchdog for 200 seconds at Tue Feb 05 03:28:39 UTC 2019
2 ms. Memory: 307712K Free: 291799K (95%)
ptolemy.util.test.WatchDog.cancel(): canceling Tue Feb 05 03:28:39 UTC 2019
------------------ testing $PTII/ptolemy/domains/de/test/auto/deInCt.xml
auto.tcl: Setting watchdog for 200 seconds at Tue Feb 05 03:28:39 UTC 2019
0
1
1
1
0
0
0
1
1
1
0
0
0
1
1
0
0
0
1
1
1
0
0
0
1
1
1
1
0
0
0
0
1
1
1
0
0
0
0
1
1
0
0
0
1
1
1
0
0
1
1
1
0
0
0
0
18 ms. Memory: 309248K Free: 293312K (95%)
ptolemy.util.test.WatchDog.cancel(): canceling Tue Feb 05 03:28:39 UTC 2019
auto.tcl: Setting watchdog for 200 seconds at Tue Feb 05 03:28:39 UTC 2019
0
1
1
1
1
0
0
0
0
1
1
1
0
0
0
1
1
1
0
0
0
1
1
0
0
0
1
1
1
0
0
0
0
0
5 ms. Memory: 309248K Free: 293312K (95%)
ptolemy.util.test.WatchDog.cancel(): canceling Tue Feb 05 03:28:39 UTC 2019
------------------ testing $PTII/ptolemy/domains/de/test/auto/deInCt2.xml
auto.tcl: Setting watchdog for 200 seconds at Tue Feb 05 03:28:39 UTC 2019
0
1
1
1
0
0
1
1
1
0
0
1
1
1
0
0
1
1
1
0
0
1
1
1
0
0
1
1
1
0
0
1
1
1
0
0
1
1
1
0
0
0
15 ms. Memory: 307712K Free: 291784K (95%)
ptolemy.util.test.WatchDog.cancel(): canceling Tue Feb 05 03:28:39 UTC 2019
auto.tcl: Setting watchdog for 200 seconds at Tue Feb 05 03:28:39 UTC 2019
0
1
1
1
0
0
1
1
1
0
0
1
1
1
0
0
1
1
1
0
0
1
1
1
0
0
1
1
1
0
0
1
1
1
0
0
1
1
1
0
0
0
7 ms. Memory: 307712K Free: 291784K (95%)
ptolemy.util.test.WatchDog.cancel(): canceling Tue Feb 05 03:28:39 UTC 2019
------------------ testing $PTII/ptolemy/domains/de/test/auto/dynamicCausalityInterface1.xml
auto.tcl: Setting watchdog for 200 seconds at Tue Feb 05 03:28:39 UTC 2019
3 ms. Memory: 308736K Free: 291715K (94%)
ptolemy.util.test.WatchDog.cancel(): canceling Tue Feb 05 03:28:39 UTC 2019
auto.tcl: Setting watchdog for 200 seconds at Tue Feb 05 03:28:39 UTC 2019
1 ms. Memory: 308736K Free: 291715K (94%)
ptolemy.util.test.WatchDog.cancel(): canceling Tue Feb 05 03:28:39 UTC 2019
------------------ testing $PTII/ptolemy/domains/de/test/auto/fsm_de_test.xml
auto.tcl: Setting watchdog for 200 seconds at Tue Feb 05 03:28:39 UTC 2019
9 ms. Memory: 307712K Free: 288307K (94%)
ptolemy.util.test.WatchDog.cancel(): canceling Tue Feb 05 03:28:39 UTC 2019
auto.tcl: Setting watchdog for 200 seconds at Tue Feb 05 03:28:39 UTC 2019
8 ms. Memory: 307712K Free: 288307K (94%)
ptolemy.util.test.WatchDog.cancel(): canceling Tue Feb 05 03:28:39 UTC 2019
------------------ testing $PTII/ptolemy/domains/de/test/auto/functionDependencyReconstruction.xml
auto.tcl: Setting watchdog for 200 seconds at Tue Feb 05 03:28:39 UTC 2019
4 ms. Memory: 308736K Free: 282603K (92%)
ptolemy.util.test.WatchDog.cancel(): canceling Tue Feb 05 03:28:39 UTC 2019
auto.tcl: Setting watchdog for 200 seconds at Tue Feb 05 03:28:39 UTC 2019
3 ms. Memory: 308736K Free: 282603K (92%)
ptolemy.util.test.WatchDog.cancel(): canceling Tue Feb 05 03:28:39 UTC 2019
------------------ testing $PTII/ptolemy/domains/de/test/auto/multirate.xml
auto.tcl: Setting watchdog for 200 seconds at Tue Feb 05 03:28:40 UTC 2019
7 ms. Memory: 307712K Free: 293813K (95%)
ptolemy.util.test.WatchDog.cancel(): canceling Tue Feb 05 03:28:40 UTC 2019
auto.tcl: Setting watchdog for 200 seconds at Tue Feb 05 03:28:40 UTC 2019
3 ms. Memory: 307712K Free: 293813K (95%)
ptolemy.util.test.WatchDog.cancel(): canceling Tue Feb 05 03:28:40 UTC 2019
------------------ testing $PTII/ptolemy/domains/de/test/auto/multirate2.xml
auto.tcl: Setting watchdog for 200 seconds at Tue Feb 05 03:28:40 UTC 2019
3 ms. Memory: 308736K Free: 292762K (95%)
ptolemy.util.test.WatchDog.cancel(): canceling Tue Feb 05 03:28:40 UTC 2019
auto.tcl: Setting watchdog for 200 seconds at Tue Feb 05 03:28:40 UTC 2019
2 ms. Memory: 308736K Free: 292762K (95%)
ptolemy.util.test.WatchDog.cancel(): canceling Tue Feb 05 03:28:40 UTC 2019
------------------ testing $PTII/ptolemy/domains/de/test/auto/realtime.xml
auto.tcl: Setting watchdog for 200 seconds at Tue Feb 05 03:28:40 UTC 2019
10003 ms. Memory: 307712K Free: 291733K (95%)
ptolemy.util.test.WatchDog.cancel(): canceling Tue Feb 05 03:28:50 UTC 2019
auto.tcl: Setting watchdog for 200 seconds at Tue Feb 05 03:28:50 UTC 2019
10002 ms. Memory: 307712K Free: 291733K (95%)
ptolemy.util.test.WatchDog.cancel(): canceling Tue Feb 05 03:29:00 UTC 2019
------------------ testing $PTII/ptolemy/domains/de/test/auto/relationGroup.xml
auto.tcl: Setting watchdog for 200 seconds at Tue Feb 05 03:29:00 UTC 2019
1 ms. Memory: 308224K Free: 295661K (96%)
ptolemy.util.test.WatchDog.cancel(): canceling Tue Feb 05 03:29:00 UTC 2019
auto.tcl: Setting watchdog for 200 seconds at Tue Feb 05 03:29:00 UTC 2019
2 ms. Memory: 308224K Free: 295661K (96%)
ptolemy.util.test.WatchDog.cancel(): canceling Tue Feb 05 03:29:00 UTC 2019
------------------ testing $PTII/ptolemy/domains/de/test/auto/relationGroup2.xml
auto.tcl: Setting watchdog for 200 seconds at Tue Feb 05 03:29:00 UTC 2019
1 ms. Memory: 307712K Free: 295175K (96%)
ptolemy.util.test.WatchDog.cancel(): canceling Tue Feb 05 03:29:00 UTC 2019
auto.tcl: Setting watchdog for 200 seconds at Tue Feb 05 03:29:00 UTC 2019
2 ms. Memory: 307712K Free: 295175K (96%)
ptolemy.util.test.WatchDog.cancel(): canceling Tue Feb 05 03:29:00 UTC 2019
------------------ testing $PTII/ptolemy/domains/de/test/auto/sortWithOpaquePorts.xml
auto.tcl: Setting watchdog for 200 seconds at Tue Feb 05 03:29:00 UTC 2019
1 ms. Memory: 308224K Free: 295688K (96%)
ptolemy.util.test.WatchDog.cancel(): canceling Tue Feb 05 03:29:00 UTC 2019
auto.tcl: Setting watchdog for 200 seconds at Tue Feb 05 03:29:00 UTC 2019
2 ms. Memory: 308224K Free: 292315K (95%)
ptolemy.util.test.WatchDog.cancel(): canceling Tue Feb 05 03:29:00 UTC 2019
------------------ testing $PTII/ptolemy/domains/de/test/auto/transferInputsandOutputs.xml
auto.tcl: Setting watchdog for 200 seconds at Tue Feb 05 03:29:00 UTC 2019
1 ms. Memory: 307712K Free: 291777K (95%)
ptolemy.util.test.WatchDog.cancel(): canceling Tue Feb 05 03:29:00 UTC 2019
auto.tcl: Setting watchdog for 200 seconds at Tue Feb 05 03:29:00 UTC 2019
2 ms. Memory: 307712K Free: 288406K (94%)
ptolemy.util.test.WatchDog.cancel(): canceling Tue Feb 05 03:29:00 UTC 2019
------------------ testing $PTII/ptolemy/domains/de/test/auto/triggerType.xml
auto.tcl: Setting watchdog for 200 seconds at Tue Feb 05 03:29:00 UTC 2019
1 ms. Memory: 308224K Free: 295625K (96%)
ptolemy.util.test.WatchDog.cancel(): canceling Tue Feb 05 03:29:00 UTC 2019
auto.tcl: Setting watchdog for 200 seconds at Tue Feb 05 03:29:00 UTC 2019
2 ms. Memory: 308224K Free: 292255K (95%)
ptolemy.util.test.WatchDog.cancel(): canceling Tue Feb 05 03:29:00 UTC 2019
02/05/19 03:29:00
Failed: 0  Total Tests: 192  ((Passed: 187, Newly Passed: 1)  Known Failed: 5) /home/travis/build/icyphy/ptII/ptolemy/domains/de/test
02/05/19 03:29:00
Failed: 0  Total Tests: 192  ((Passed: 187, Newly Passed: 1)  Known Failed: 5) /home/travis/build/icyphy/ptII/ptolemy/domains/de/test
----------------- testing (KnownFailure) /home/travis/build/icyphy/ptII/ptolemy/domains/de/test/auto/knownFailedTests/DESDFClockTest.xml
2016 ms. Memory: 307712K Free: 286079K (93%)
Known Failure: java.lang.reflect.InvocationTargetException
----------------- testing (KnownFailure) /home/travis/build/icyphy/ptII/ptolemy/domains/de/test/auto/knownFailedTests/DirectFeedback.xml
5 ms. Memory: 307712K Free: 267974K (87%)
Known Failure: java.lang.reflect.InvocationTargetException
----------------- testing (KnownFailure) /home/travis/build/icyphy/ptII/ptolemy/domains/de/test/auto/knownFailedTests/FSMSource.xml
13 ms. Memory: 307712K Free: 245336K (80%)
----------------- testing (KnownFailure) /home/travis/build/icyphy/ptII/ptolemy/domains/de/test/auto/knownFailedTests/HierarchicalModel.xml
2 ms. Memory: 307712K Free: 222673K (72%)
Known Failure: java.lang.reflect.InvocationTargetException
----------------- testing (KnownFailure) /home/travis/build/icyphy/ptII/ptolemy/domains/de/test/auto/knownFailedTests/dependencyLoop.xml
2 ms. Memory: 307712K Free: 190966K (62%)
Known Failure: java.lang.reflect.InvocationTargetException
----------------- testing (KnownFailure) /home/travis/build/icyphy/ptII/ptolemy/domains/de/test/auto/knownFailedTests/dependencyLoop2.xml
3 ms. Memory: 307712K Free: 159267K (52%)
Known Failure: java.lang.reflect.InvocationTargetException
No auto/linux-amd64/*.xml tests in /home/travis/build/icyphy/ptII/ptolemy/domains/de/test
AutoTests.java: About to close Vertx.
AutoTests.java: Vertx closed.

===========================================================================================
----------------- testing Tue Feb 05 03:29:02 UTC 2019 /home/travis/build/icyphy/ptII/ptolemy/domains/de/test/auto/ActorDepthCalculation_actorWithoutPorts.xml
----------------- Instantiating /home/travis/build/icyphy/ptII/ptolemy/domains/de/test/auto/ActorDepthCalculation_actorWithoutPorts.xml
2 ms. Memory: 307712K Free: 136636K (44%)
----------------- Invoking toplevel() on ptolemy.moml.MoMLSimpleApplication@501351b9
----------------- Done invoking toplevel() on ptolemy.moml.MoMLSimpleApplication@501351b9
reloadAllAccessors: .ActorDepthCalculation_actorWithoutPorts

===========================================================================================
----------------- testing Tue Feb 05 03:29:02 UTC 2019 /home/travis/build/icyphy/ptII/ptolemy/domains/de/test/auto/AssemblyLine.xml
----------------- Instantiating /home/travis/build/icyphy/ptII/ptolemy/domains/de/test/auto/AssemblyLine.xml
2 ms. Memory: 307712K Free: 123058K (40%)
----------------- Invoking toplevel() on ptolemy.moml.MoMLSimpleApplication@949e2e3
----------------- Done invoking toplevel() on ptolemy.moml.MoMLSimpleApplication@949e2e3
reloadAllAccessors: .AssemblyLine

===========================================================================================
----------------- testing Tue Feb 05 03:29:02 UTC 2019 /home/travis/build/icyphy/ptII/ptolemy/domains/de/test/auto/CQBug1.xml
----------------- Instantiating /home/travis/build/icyphy/ptII/ptolemy/domains/de/test/auto/CQBug1.xml
1 ms. Memory: 307712K Free: 114006K (37%)
----------------- Invoking toplevel() on ptolemy.moml.MoMLSimpleApplication@61bd345f
----------------- Done invoking toplevel() on ptolemy.moml.MoMLSimpleApplication@61bd345f
reloadAllAccessors: .CQBug1

===========================================================================================
----------------- testing Tue Feb 05 03:29:02 UTC 2019 /home/travis/build/icyphy/ptII/ptolemy/domains/de/test/auto/CancelFireAt.xml
----------------- Instantiating /home/travis/build/icyphy/ptII/ptolemy/domains/de/test/auto/CancelFireAt.xml
1 ms. Memory: 307712K Free: 104954K (34%)
----------------- Invoking toplevel() on ptolemy.moml.MoMLSimpleApplication@5776bf08
----------------- Done invoking toplevel() on ptolemy.moml.MoMLSimpleApplication@5776bf08
reloadAllAccessors: .CancelFireAt

===========================================================================================
----------------- testing Tue Feb 05 03:29:02 UTC 2019 /home/travis/build/icyphy/ptII/ptolemy/domains/de/test/auto/CausalityAndComposabilityAnalysis.xml
----------------- Instantiating /home/travis/build/icyphy/ptII/ptolemy/domains/de/test/auto/CausalityAndComposabilityAnalysis.xml
1 ms. Memory: 307712K Free: 95901K (31%)
----------------- Invoking toplevel() on ptolemy.moml.MoMLSimpleApplication@1496603b
----------------- Done invoking toplevel() on ptolemy.moml.MoMLSimpleApplication@1496603b
reloadAllAccessors: .CausalityAndComposabilityAnalysis

===========================================================================================
----------------- testing Tue Feb 05 03:29:02 UTC 2019 /home/travis/build/icyphy/ptII/ptolemy/domains/de/test/auto/CausalityInterface1.xml
----------------- Instantiating /home/travis/build/icyphy/ptII/ptolemy/domains/de/test/auto/CausalityInterface1.xml
3 ms. Memory: 307712K Free: 83478K (27%)
----------------- Invoking toplevel() on ptolemy.moml.MoMLSimpleApplication@4b799b3
----------------- Done invoking toplevel() on ptolemy.moml.MoMLSimpleApplication@4b799b3
reloadAllAccessors: .CausalityInterface1

===========================================================================================
----------------- testing Tue Feb 05 03:29:02 UTC 2019 /home/travis/build/icyphy/ptII/ptolemy/domains/de/test/auto/CausalityInterface15.xml
----------------- Instantiating /home/travis/build/icyphy/ptII/ptolemy/domains/de/test/auto/CausalityInterface15.xml
4 ms. Memory: 298496K Free: 289163K (97%)
----------------- Invoking toplevel() on ptolemy.moml.MoMLSimpleApplication@6f8adf1f
----------------- Done invoking toplevel() on ptolemy.moml.MoMLSimpleApplication@6f8adf1f
reloadAllAccessors: .CausalityInterface15

[...]
java.lang.RuntimeException: Execution failed
	at ptolemy.moml.MoMLSimpleApplication$UnloadThread.run(MoMLSimpleApplication.java:402)
Caused by: ptolemy.kernel.util.IllegalActionException: Test fails in iteration 1.
Value was: 1.0. Should have been: 2.0
  in .DirectFeedback.Test
	at ptolemy.actor.lib.Test.fire(Test.java:268)
	at ptolemy.domains.de.kernel.DEDirector._fire(DEDirector.java:1949)
	at ptolemy.domains.de.kernel.DEDirector.fire(DEDirector.java:502)
	at ptolemy.actor.CompositeActor.fire(CompositeActor.java:455)
	at ptolemy.actor.Manager.iterate(Manager.java:851)
	at ptolemy.actor.Manager.execute(Manager.java:369)
	at ptolemy.actor.Manager.run(Manager.java:1263)
	at ptolemy.actor.Manager$PtolemyRunThread.run(Manager.java:1915)
java.lang.RuntimeException: Execution failed
	at ptolemy.moml.MoMLSimpleApplication$UnloadThread.run(MoMLSimpleApplication.java:402)
Caused by: ptolemy.kernel.util.IllegalActionException: Actor is not ready to fire.  Perhaps UpSample.prefire() returned false? Try debugging the actor by selecting "Listen to Actor".  Also, for SDF check moml for tokenConsumptionRate on input.
  in .DESDFClockTest.Play Bell.Copy1:SDF Director and .DESDFClockTest.Play Bell.UpSample
	at ptolemy.actor.sched.StaticSchedulingDirector.fire(StaticSchedulingDirector.java:227)
	at ptolemy.domains.sdf.kernel.SDFDirector.fire(SDFDirector.java:500)
	at ptolemy.actor.CompositeActor.fire(CompositeActor.java:455)
	at ptolemy.domains.de.kernel.DEDirector._fire(DEDirector.java:1949)
	at ptolemy.domains.de.kernel.DEDirector.fire(DEDirector.java:502)
	at ptolemy.actor.CompositeActor.fire(CompositeActor.java:455)
	at ptolemy.actor.Manager.iterate(Manager.java:851)
	at ptolemy.actor.Manager.execute(Manager.java:369)
	at ptolemy.actor.Manager.run(Manager.java:1263)
	at ptolemy.actor.Manager$PtolemyRunThread.run(Manager.java:1915)
java.lang.reflect.InvocationTargetException
	at sun.reflect.NativeConstructorAccessorImpl.newInstance0(Native Method)
	at sun.reflect.NativeConstructorAccessorImpl.newInstance(NativeConstructorAccessorImpl.java:62)
	at sun.reflect.DelegatingConstructorAccessorImpl.newInstance(DelegatingConstructorAccessorImpl.java:45)
	at java.lang.reflect.Constructor.newInstance(Constructor.java:423)
	at ptolemy.util.test.junit.AutoKnownFailedTests.RunModel(AutoKnownFailedTests.java:105)
	at sun.reflect.NativeMethodAccessorImpl.invoke0(Native Method)
	at sun.reflect.NativeMethodAccessorImpl.invoke(NativeMethodAccessorImpl.java:62)
	at sun.reflect.DelegatingMethodAccessorImpl.invoke(DelegatingMethodAccessorImpl.java:43)
	at java.lang.reflect.Method.invoke(Method.java:498)
	at org.junit.runners.model.FrameworkMethod$1.runReflectiveCall(FrameworkMethod.java:44)
	at org.junit.internal.runners.model.ReflectiveCallable.run(ReflectiveCallable.java:15)
	at org.junit.runners.model.FrameworkMethod.invokeExplosively(FrameworkMethod.java:41)
	at junitparams.internal.InvokeParameterisedMethod.evaluate(InvokeParameterisedMethod.java:102)
	at org.junit.internal.runners.statements.FailOnTimeout$1.run(FailOnTimeout.java:28)
Caused by: ptolemy.kernel.util.IllegalActionException: Actor is not ready to fire.  Perhaps UpSample.prefire() returned false? Try debugging the actor by selecting "Listen to Actor".  Also, for SDF check moml for tokenConsumptionRate on input.
  in .DESDFClockTest.Play Bell.Copy1:SDF Director and .DESDFClockTest.Play Bell.UpSample
	at ptolemy.actor.sched.StaticSchedulingDirector.fire(StaticSchedulingDirector.java:227)
	at ptolemy.domains.sdf.kernel.SDFDirector.fire(SDFDirector.java:500)
	at ptolemy.actor.CompositeActor.fire(CompositeActor.java:455)
	at ptolemy.domains.de.kernel.DEDirector._fire(DEDirector.java:1949)
	at ptolemy.domains.de.kernel.DEDirector.fire(DEDirector.java:502)
	at ptolemy.actor.CompositeActor.fire(CompositeActor.java:455)
	at ptolemy.actor.Manager.iterate(Manager.java:851)
	at ptolemy.actor.Manager.execute(Manager.java:369)
	at ptolemy.actor.Manager.run(Manager.java:1263)
	at ptolemy.actor.Manager$PtolemyRunThread.run(Manager.java:1915)
java.lang.RuntimeException: Execution failed
	at ptolemy.moml.MoMLSimpleApplication$UnloadThread.run(MoMLSimpleApplication.java:402)
Caused by: ptolemy.kernel.util.IllegalActionException: Test fails in iteration 1.
Value was: 1.0. Should have been: 2.0
  in .DirectFeedback.Test
	at ptolemy.actor.lib.Test.fire(Test.java:268)
	at ptolemy.domains.de.kernel.DEDirector._fire(DEDirector.java:1949)
	at ptolemy.domains.de.kernel.DEDirector.fire(DEDirector.java:502)
	at ptolemy.actor.CompositeActor.fire(CompositeActor.java:455)
	at ptolemy.actor.Manager.iterate(Manager.java:851)
	at ptolemy.actor.Manager.execute(Manager.java:369)
	at ptolemy.actor.Manager.run(Manager.java:1263)
	at ptolemy.actor.Manager$PtolemyRunThread.run(Manager.java:1915)
java.lang.reflect.InvocationTargetException
	at sun.reflect.NativeConstructorAccessorImpl.newInstance0(Native Method)
	at sun.reflect.NativeConstructorAccessorImpl.newInstance(NativeConstructorAccessorImpl.java:62)
	at sun.reflect.DelegatingConstructorAccessorImpl.newInstance(DelegatingConstructorAccessorImpl.java:45)
	at java.lang.reflect.Constructor.newInstance(Constructor.java:423)
	at ptolemy.util.test.junit.AutoKnownFailedTests.RunModel(AutoKnownFailedTests.java:105)
	at sun.reflect.NativeMethodAccessorImpl.invoke0(Native Method)
	at sun.reflect.NativeMethodAccessorImpl.invoke(NativeMethodAccessorImpl.java:62)
	at sun.reflect.DelegatingMethodAccessorImpl.invoke(DelegatingMethodAccessorImpl.java:43)
	at java.lang.reflect.Method.invoke(Method.java:498)
	at org.junit.runners.model.FrameworkMethod$1.runReflectiveCall(FrameworkMethod.java:44)
	at org.junit.internal.runners.model.ReflectiveCallable.run(ReflectiveCallable.java:15)
	at org.junit.runners.model.FrameworkMethod.invokeExplosively(FrameworkMethod.java:41)
	at junitparams.internal.InvokeParameterisedMethod.evaluate(InvokeParameterisedMethod.java:102)
	at org.junit.internal.runners.statements.FailOnTimeout$1.run(FailOnTimeout.java:28)
Caused by: ptolemy.kernel.util.IllegalActionException: Test fails in iteration 1.
Value was: 1.0. Should have been: 2.0
  in .DirectFeedback.Test
	at ptolemy.actor.lib.Test.fire(Test.java:268)
	at ptolemy.domains.de.kernel.DEDirector._fire(DEDirector.java:1949)
	at ptolemy.domains.de.kernel.DEDirector.fire(DEDirector.java:502)
	at ptolemy.actor.CompositeActor.fire(CompositeActor.java:455)
	at ptolemy.actor.Manager.iterate(Manager.java:851)
	at ptolemy.actor.Manager.execute(Manager.java:369)
	at ptolemy.actor.Manager.run(Manager.java:1263)
	at ptolemy.actor.Manager$PtolemyRunThread.run(Manager.java:1915)
java.lang.RuntimeException: Execution failed
	at ptolemy.moml.MoMLSimpleApplication$UnloadThread.run(MoMLSimpleApplication.java:402)
Caused by: ptolemy.kernel.util.IllegalActionException: Found a zero delay loop containing .HierarchicalModel.A
  in .HierarchicalModel and .HierarchicalModel.A
	at ptolemy.actor.util.CausalityInterfaceForComposites._computeOutputPortDepth(CausalityInterfaceForComposites.java:759)
	at ptolemy.actor.util.CausalityInterfaceForComposites._computeInputDepth(CausalityInterfaceForComposites.java:696)
	at ptolemy.actor.util.CausalityInterfaceForComposites._computeOutputPortDepth(CausalityInterfaceForComposites.java:765)
	at ptolemy.actor.util.CausalityInterfaceForComposites._computeInputDepth(CausalityInterfaceForComposites.java:696)
	at ptolemy.actor.util.CausalityInterfaceForComposites._computeOutputPortDepth(CausalityInterfaceForComposites.java:765)
	at ptolemy.actor.util.CausalityInterfaceForComposites._computeInputDepth(CausalityInterfaceForComposites.java:696)
	at ptolemy.actor.util.CausalityInterfaceForComposites._computeActorDepth(CausalityInterfaceForComposites.java:532)
	at ptolemy.actor.util.CausalityInterfaceForComposites.checkForCycles(CausalityInterfaceForComposites.java:96)
	at ptolemy.domains.de.kernel.DEDirector.preinitialize(DEDirector.java:1338)
	at ptolemy.actor.CompositeActor.preinitialize(CompositeActor.java:1828)
	at ptolemy.actor.Manager.preinitializeAndResolveTypes(Manager.java:1040)
	at ptolemy.actor.Manager.initialize(Manager.java:710)
	at ptolemy.actor.Manager.execute(Manager.java:356)
	at ptolemy.actor.Manager.run(Manager.java:1263)
	at ptolemy.actor.Manager$PtolemyRunThread.run(Manager.java:1915)
java.lang.reflect.InvocationTargetException
	at sun.reflect.NativeConstructorAccessorImpl.newInstance0(Native Method)
	at sun.reflect.NativeConstructorAccessorImpl.newInstance(NativeConstructorAccessorImpl.java:62)
	at sun.reflect.DelegatingConstructorAccessorImpl.newInstance(DelegatingConstructorAccessorImpl.java:45)
	at java.lang.reflect.Constructor.newInstance(Constructor.java:423)
	at ptolemy.util.test.junit.AutoKnownFailedTests.RunModel(AutoKnownFailedTests.java:105)
	at sun.reflect.NativeMethodAccessorImpl.invoke0(Native Method)
	at sun.reflect.NativeMethodAccessorImpl.invoke(NativeMethodAccessorImpl.java:62)
	at sun.reflect.DelegatingMethodAccessorImpl.invoke(DelegatingMethodAccessorImpl.java:43)
	at java.lang.reflect.Method.invoke(Method.java:498)
	at org.junit.runners.model.FrameworkMethod$1.runReflectiveCall(FrameworkMethod.java:44)
	at org.junit.internal.runners.model.ReflectiveCallable.run(ReflectiveCallable.java:15)
	at org.junit.runners.model.FrameworkMethod.invokeExplosively(FrameworkMethod.java:41)
	at junitparams.internal.InvokeParameterisedMethod.evaluate(InvokeParameterisedMethod.java:102)
	at org.junit.internal.runners.statements.FailOnTimeout$1.run(FailOnTimeout.java:28)
Caused by: ptolemy.kernel.util.IllegalActionException: Found a zero delay loop containing .HierarchicalModel.A
  in .HierarchicalModel and .HierarchicalModel.A
	at ptolemy.actor.util.CausalityInterfaceForComposites._computeOutputPortDepth(CausalityInterfaceForComposites.java:759)
	at ptolemy.actor.util.CausalityInterfaceForComposites._computeInputDepth(CausalityInterfaceForComposites.java:696)
	at ptolemy.actor.util.CausalityInterfaceForComposites._computeOutputPortDepth(CausalityInterfaceForComposites.java:765)
	at ptolemy.actor.util.CausalityInterfaceForComposites._computeInputDepth(CausalityInterfaceForComposites.java:696)
	at ptolemy.actor.util.CausalityInterfaceForComposites._computeOutputPortDepth(CausalityInterfaceForComposites.java:765)
	at ptolemy.actor.util.CausalityInterfaceForComposites._computeInputDepth(CausalityInterfaceForComposites.java:696)
	at ptolemy.actor.util.CausalityInterfaceForComposites._computeActorDepth(CausalityInterfaceForComposites.java:532)
	at ptolemy.actor.util.CausalityInterfaceForComposites.checkForCycles(CausalityInterfaceForComposites.java:96)
	at ptolemy.domains.de.kernel.DEDirector.preinitialize(DEDirector.java:1338)
	at ptolemy.actor.CompositeActor.preinitialize(CompositeActor.java:1828)
	at ptolemy.actor.Manager.preinitializeAndResolveTypes(Manager.java:1040)
	at ptolemy.actor.Manager.initialize(Manager.java:710)
	at ptolemy.actor.Manager.execute(Manager.java:356)
	at ptolemy.actor.Manager.run(Manager.java:1263)
	at ptolemy.actor.Manager$PtolemyRunThread.run(Manager.java:1915)
java.lang.RuntimeException: Execution failed
	at ptolemy.moml.MoMLSimpleApplication$UnloadThread.run(MoMLSimpleApplication.java:402)
Caused by: ptolemy.kernel.util.IllegalActionException: Found a zero delay loop containing .dependencyLoop.original
  in .dependencyLoop and .dependencyLoop.original
	at ptolemy.actor.util.CausalityInterfaceForComposites._computeOutputPortDepth(CausalityInterfaceForComposites.java:759)
	at ptolemy.actor.util.CausalityInterfaceForComposites._computeInputDepth(CausalityInterfaceForComposites.java:696)
	at ptolemy.actor.util.CausalityInterfaceForComposites._computeOutputPortDepth(CausalityInterfaceForComposites.java:765)
	at ptolemy.actor.util.CausalityInterfaceForComposites._computeInputDepth(CausalityInterfaceForComposites.java:696)
	at ptolemy.actor.util.CausalityInterfaceForComposites._computeOutputPortDepth(CausalityInterfaceForComposites.java:765)
	at ptolemy.actor.util.CausalityInterfaceForComposites._computeInputDepth(CausalityInterfaceForComposites.java:696)
	at ptolemy.actor.util.CausalityInterfaceForComposites._computeActorDepth(CausalityInterfaceForComposites.java:532)
	at ptolemy.actor.util.CausalityInterfaceForComposites.checkForCycles(CausalityInterfaceForComposites.java:96)
	at ptolemy.domains.de.kernel.DEDirector.preinitialize(DEDirector.java:1338)
	at ptolemy.actor.CompositeActor.preinitialize(CompositeActor.java:1828)
	at ptolemy.actor.Manager.preinitializeAndResolveTypes(Manager.java:1040)
	at ptolemy.actor.Manager.initialize(Manager.java:710)
	at ptolemy.actor.Manager.execute(Manager.java:356)
	at ptolemy.actor.Manager.run(Manager.java:1263)
	at ptolemy.actor.Manager$PtolemyRunThread.run(Manager.java:1915)
java.lang.reflect.InvocationTargetException
	at sun.reflect.NativeConstructorAccessorImpl.newInstance0(Native Method)
	at sun.reflect.NativeConstructorAccessorImpl.newInstance(NativeConstructorAccessorImpl.java:62)
	at sun.reflect.DelegatingConstructorAccessorImpl.newInstance(DelegatingConstructorAccessorImpl.java:45)
	at java.lang.reflect.Constructor.newInstance(Constructor.java:423)
	at ptolemy.util.test.junit.AutoKnownFailedTests.RunModel(AutoKnownFailedTests.java:105)
	at sun.reflect.NativeMethodAccessorImpl.invoke0(Native Method)
	at sun.reflect.NativeMethodAccessorImpl.invoke(NativeMethodAccessorImpl.java:62)
	at sun.reflect.DelegatingMethodAccessorImpl.invoke(DelegatingMethodAccessorImpl.java:43)
	at java.lang.reflect.Method.invoke(Method.java:498)
	at org.junit.runners.model.FrameworkMethod$1.runReflectiveCall(FrameworkMethod.java:44)
	at org.junit.internal.runners.model.ReflectiveCallable.run(ReflectiveCallable.java:15)
	at org.junit.runners.model.FrameworkMethod.invokeExplosively(FrameworkMethod.java:41)
	at junitparams.internal.InvokeParameterisedMethod.evaluate(InvokeParameterisedMethod.java:102)
	at org.junit.internal.runners.statements.FailOnTimeout$1.run(FailOnTimeout.java:28)
Caused by: ptolemy.kernel.util.IllegalActionException: Found a zero delay loop containing .dependencyLoop.original
  in .dependencyLoop and .dependencyLoop.original
	at ptolemy.actor.util.CausalityInterfaceForComposites._computeOutputPortDepth(CausalityInterfaceForComposites.java:759)
	at ptolemy.actor.util.CausalityInterfaceForComposites._computeInputDepth(CausalityInterfaceForComposites.java:696)
	at ptolemy.actor.util.CausalityInterfaceForComposites._computeOutputPortDepth(CausalityInterfaceForComposites.java:765)
	at ptolemy.actor.util.CausalityInterfaceForComposites._computeInputDepth(CausalityInterfaceForComposites.java:696)
	at ptolemy.actor.util.CausalityInterfaceForComposites._computeOutputPortDepth(CausalityInterfaceForComposites.java:765)
	at ptolemy.actor.util.CausalityInterfaceForComposites._computeInputDepth(CausalityInterfaceForComposites.java:696)
	at ptolemy.actor.util.CausalityInterfaceForComposites._computeActorDepth(CausalityInterfaceForComposites.java:532)
	at ptolemy.actor.util.CausalityInterfaceForComposites.checkForCycles(CausalityInterfaceForComposites.java:96)
	at ptolemy.domains.de.kernel.DEDirector.preinitialize(DEDirector.java:1338)
	at ptolemy.actor.CompositeActor.preinitialize(CompositeActor.java:1828)
	at ptolemy.actor.Manager.preinitializeAndResolveTypes(Manager.java:1040)
	at ptolemy.actor.Manager.initialize(Manager.java:710)
	at ptolemy.actor.Manager.execute(Manager.java:356)
	at ptolemy.actor.Manager.run(Manager.java:1263)
	at ptolemy.actor.Manager$PtolemyRunThread.run(Manager.java:1915)
java.lang.RuntimeException: Execution failed
	at ptolemy.moml.MoMLSimpleApplication$UnloadThread.run(MoMLSimpleApplication.java:402)
Caused by: ptolemy.kernel.util.IllegalActionException: Found a zero delay loop containing .dependencyLoop2.original
  in .dependencyLoop2 and .dependencyLoop2.original
	at ptolemy.actor.util.CausalityInterfaceForComposites._computeOutputPortDepth(CausalityInterfaceForComposites.java:759)
	at ptolemy.actor.util.CausalityInterfaceForComposites._computeInputDepth(CausalityInterfaceForComposites.java:696)
	at ptolemy.actor.util.CausalityInterfaceForComposites._computeOutputPortDepth(CausalityInterfaceForComposites.java:765)
	at ptolemy.actor.util.CausalityInterfaceForComposites._computeInputDepth(CausalityInterfaceForComposites.java:696)
	at ptolemy.actor.util.CausalityInterfaceForComposites._computeOutputPortDepth(CausalityInterfaceForComposites.java:765)
	at ptolemy.actor.util.CausalityInterfaceForComposites._computeInputDepth(CausalityInterfaceForComposites.java:696)
	at ptolemy.actor.util.CausalityInterfaceForComposites._computeActorDepth(CausalityInterfaceForComposites.java:532)
	at ptolemy.actor.util.CausalityInterfaceForComposites.checkForCycles(CausalityInterfaceForComposites.java:96)
	at ptolemy.domains.de.kernel.DEDirector.preinitialize(DEDirector.java:1338)
	at ptolemy.actor.CompositeActor.preinitialize(CompositeActor.java:1828)
	at ptolemy.actor.Manager.preinitializeAndResolveTypes(Manager.java:1040)
	at ptolemy.actor.Manager.initialize(Manager.java:710)
	at ptolemy.actor.Manager.execute(Manager.java:356)
	at ptolemy.actor.Manager.run(Manager.java:1263)
	at ptolemy.actor.Manager$PtolemyRunThread.run(Manager.java:1915)
java.lang.reflect.InvocationTargetException
	at sun.reflect.NativeConstructorAccessorImpl.newInstance0(Native Method)
	at sun.reflect.NativeConstructorAccessorImpl.newInstance(NativeConstructorAccessorImpl.java:62)
	at sun.reflect.DelegatingConstructorAccessorImpl.newInstance(DelegatingConstructorAccessorImpl.java:45)
	at java.lang.reflect.Constructor.newInstance(Constructor.java:423)
	at ptolemy.util.test.junit.AutoKnownFailedTests.RunModel(AutoKnownFailedTests.java:105)
	at sun.reflect.NativeMethodAccessorImpl.invoke0(Native Method)
	at sun.reflect.NativeMethodAccessorImpl.invoke(NativeMethodAccessorImpl.java:62)
	at sun.reflect.DelegatingMethodAccessorImpl.invoke(DelegatingMethodAccessorImpl.java:43)
	at java.lang.reflect.Method.invoke(Method.java:498)
	at org.junit.runners.model.FrameworkMethod$1.runReflectiveCall(FrameworkMethod.java:44)
	at org.junit.internal.runners.model.ReflectiveCallable.run(ReflectiveCallable.java:15)
	at org.junit.runners.model.FrameworkMethod.invokeExplosively(FrameworkMethod.java:41)
	at junitparams.internal.InvokeParameterisedMethod.evaluate(InvokeParameterisedMethod.java:102)
	at org.junit.internal.runners.statements.FailOnTimeout$1.run(FailOnTimeout.java:28)
Caused by: ptolemy.kernel.util.IllegalActionException: Found a zero delay loop containing .dependencyLoop2.original
  in .dependencyLoop2 and .dependencyLoop2.original
	at ptolemy.actor.util.CausalityInterfaceForComposites._computeOutputPortDepth(CausalityInterfaceForComposites.java:759)
	at ptolemy.actor.util.CausalityInterfaceForComposites._computeInputDepth(CausalityInterfaceForComposites.java:696)
	at ptolemy.actor.util.CausalityInterfaceForComposites._computeOutputPortDepth(CausalityInterfaceForComposites.java:765)
	at ptolemy.actor.util.CausalityInterfaceForComposites._computeInputDepth(CausalityInterfaceForComposites.java:696)
	at ptolemy.actor.util.CausalityInterfaceForComposites._computeOutputPortDepth(CausalityInterfaceForComposites.java:765)
	at ptolemy.actor.util.CausalityInterfaceForComposites._computeInputDepth(CausalityInterfaceForComposites.java:696)
	at ptolemy.actor.util.CausalityInterfaceForComposites._computeActorDepth(CausalityInterfaceForComposites.java:532)
	at ptolemy.actor.util.CausalityInterfaceForComposites.checkForCycles(CausalityInterfaceForComposites.java:96)
	at ptolemy.domains.de.kernel.DEDirector.preinitialize(DEDirector.java:1338)
	at ptolemy.actor.CompositeActor.preinitialize(CompositeActor.java:1828)
	at ptolemy.actor.Manager.preinitializeAndResolveTypes(Manager.java:1040)
	at ptolemy.actor.Manager.initialize(Manager.java:710)
	at ptolemy.actor.Manager.execute(Manager.java:356)
	at ptolemy.actor.Manager.run(Manager.java:1263)
	at ptolemy.actor.Manager$PtolemyRunThread.run(Manager.java:1915)
]]></system-err>
</testsuite>
