<?xml version="1.0" encoding="UTF-8" ?>
<testsuite errors="0" failures="0" hostname="travis-job-74cf700c-8876-4737-9edd-63a30c7b100c" name="ptolemy.domains.sdf.test.junit.JUnitTclTest" skipped="0" tests="66" time="20.514" timestamp="2018-07-10T01:40:42">
  <properties>
[...]
</properties>
  <testcase classname="ptolemy.util.test.junit.TclTests" name="[0] /home/travis/build/icyphy/ptII/ptolemy/domains/sdf/test/SDFSchedulerErrors.tcl (RunTclFile)" time="0.682" />
  <testcase classname="ptolemy.util.test.junit.TclTests" name="[1] /home/travis/build/icyphy/ptII/ptolemy/domains/sdf/test/composition.tcl (RunTclFile)" time="0.175" />
  <testcase classname="ptolemy.util.test.junit.TclTests" name="[2] /home/travis/build/icyphy/ptII/ptolemy/domains/sdf/test/cycle.tcl (RunTclFile)" time="0.058" />
  <testcase classname="ptolemy.util.test.junit.AutoKnownFailedTests" name="[0] ThereAreNoKnowFailedTests (RunModel)" time="0.0" />
  <testcase classname="ptolemy.util.test.junit.AutoNameArchTests" name="[0] ThereAreNoAutoArchTests (RunModel)" time="0.0" />
  <testcase classname="ptolemy.util.test.junit.AutoTests" name="[0] /home/travis/build/icyphy/ptII/ptolemy/domains/sdf/test/auto/Array.xml (RunModel)" time="0.194" />
  <testcase classname="ptolemy.util.test.junit.AutoTests" name="[1] /home/travis/build/icyphy/ptII/ptolemy/domains/sdf/test/auto/Butterfly.xml (RunModel)" time="0.159" />
  <testcase classname="ptolemy.util.test.junit.AutoTests" name="[2] /home/travis/build/icyphy/ptII/ptolemy/domains/sdf/test/auto/Expression.xml (RunModel)" time="0.124" />
  <testcase classname="ptolemy.util.test.junit.AutoTests" name="[3] /home/travis/build/icyphy/ptII/ptolemy/domains/sdf/test/auto/Eye.xml (RunModel)" time="0.334" />
  <testcase classname="ptolemy.util.test.junit.AutoTests" name="[4] /home/travis/build/icyphy/ptII/ptolemy/domains/sdf/test/auto/FixFIR.xml (RunModel)" time="0.269" />
  <testcase classname="ptolemy.util.test.junit.AutoTests" name="[5] /home/travis/build/icyphy/ptII/ptolemy/domains/sdf/test/auto/FixPoint.xml (RunModel)" time="0.068" />
  <testcase classname="ptolemy.util.test.junit.AutoTests" name="[6] /home/travis/build/icyphy/ptII/ptolemy/domains/sdf/test/auto/Gravitation.xml (RunModel)" time="3.259" />
  <testcase classname="ptolemy.util.test.junit.AutoTests" name="[7] /home/travis/build/icyphy/ptII/ptolemy/domains/sdf/test/auto/GravitationWithCollisionDetection.xml (RunModel)" time="6.477" />
  <testcase classname="ptolemy.util.test.junit.AutoTests" name="[8] /home/travis/build/icyphy/ptII/ptolemy/domains/sdf/test/auto/HDF.xml (RunModel)" time="0.144" />
  <testcase classname="ptolemy.util.test.junit.AutoTests" name="[9] /home/travis/build/icyphy/ptII/ptolemy/domains/sdf/test/auto/HDFwithTransientStates.xml (RunModel)" time="0.109" />
  <testcase classname="ptolemy.util.test.junit.AutoTests" name="[10] /home/travis/build/icyphy/ptII/ptolemy/domains/sdf/test/auto/HTVQ.xml (RunModel)" time="0.935" />
  <testcase classname="ptolemy.util.test.junit.AutoTests" name="[11] /home/travis/build/icyphy/ptII/ptolemy/domains/sdf/test/auto/InferInitProduction.xml (RunModel)" time="0.031" />
  <testcase classname="ptolemy.util.test.junit.AutoTests" name="[12] /home/travis/build/icyphy/ptII/ptolemy/domains/sdf/test/auto/InferInitProductionDeeper.xml (RunModel)" time="0.024" />
  <testcase classname="ptolemy.util.test.junit.AutoTests" name="[13] /home/travis/build/icyphy/ptII/ptolemy/domains/sdf/test/auto/LMSAdaptive.xml (RunModel)" time="0.088" />
  <testcase classname="ptolemy.util.test.junit.AutoTests" name="[14] /home/travis/build/icyphy/ptII/ptolemy/domains/sdf/test/auto/LogisticMap.xml (RunModel)" time="0.473" />
  <testcase classname="ptolemy.util.test.junit.AutoTests" name="[15] /home/travis/build/icyphy/ptII/ptolemy/domains/sdf/test/auto/MaximumEntropySpectrum.xml (RunModel)" time="0.295" />
  <testcase classname="ptolemy.util.test.junit.AutoTests" name="[16] /home/travis/build/icyphy/ptII/ptolemy/domains/sdf/test/auto/MultirateSDF.xml (RunModel)" time="0.081" />
  <testcase classname="ptolemy.util.test.junit.AutoTests" name="[17] /home/travis/build/icyphy/ptII/ptolemy/domains/sdf/test/auto/MultirateSDFwithTransientStates.xml (RunModel)" time="0.089" />
  <testcase classname="ptolemy.util.test.junit.AutoTests" name="[18] /home/travis/build/icyphy/ptII/ptolemy/domains/sdf/test/auto/NoisySinewave.xml (RunModel)" time="0.066" />
  <testcase classname="ptolemy.util.test.junit.AutoTests" name="[19] /home/travis/build/icyphy/ptII/ptolemy/domains/sdf/test/auto/Objects.xml (RunModel)" time="0.092" />
  <testcase classname="ptolemy.util.test.junit.AutoTests" name="[20] /home/travis/build/icyphy/ptII/ptolemy/domains/sdf/test/auto/OrthogonalCom.xml (RunModel)" time="0.049" />
  <testcase classname="ptolemy.util.test.junit.AutoTests" name="[21] /home/travis/build/icyphy/ptII/ptolemy/domains/sdf/test/auto/RijndaelEncryption.xml (RunModel)" time="0.623" />
  <testcase classname="ptolemy.util.test.junit.AutoTests" name="[22] /home/travis/build/icyphy/ptII/ptolemy/domains/sdf/test/auto/SDFEmptyIterations.xml (RunModel)" time="0.027" />
  <testcase classname="ptolemy.util.test.junit.AutoTests" name="[23] /home/travis/build/icyphy/ptII/ptolemy/domains/sdf/test/auto/Spectrum.xml (RunModel)" time="0.107" />
  <testcase classname="ptolemy.util.test.junit.AutoTests" name="[24] /home/travis/build/icyphy/ptII/ptolemy/domains/sdf/test/auto/de_inside_sdf.xml (RunModel)" time="0.025" />
  <testcase classname="ptolemy.util.test.junit.AutoTests" name="[25] /home/travis/build/icyphy/ptII/ptolemy/domains/sdf/test/auto/disconnectedHierarchicalSDF.xml (RunModel)" time="0.028" />
  <testcase classname="ptolemy.util.test.junit.AutoTests" name="[26] /home/travis/build/icyphy/ptII/ptolemy/domains/sdf/test/auto/disconnectedSDF.xml (RunModel)" time="0.02" />
  <testcase classname="ptolemy.util.test.junit.AutoTests" name="[27] /home/travis/build/icyphy/ptII/ptolemy/domains/sdf/test/auto/emptyRefinement.xml (RunModel)" time="0.025" />
  <testcase classname="ptolemy.util.test.junit.AutoTests" name="[28] /home/travis/build/icyphy/ptII/ptolemy/domains/sdf/test/auto/filePortParameter.xml (RunModel)" time="0.048" />
  <testcase classname="ptolemy.util.test.junit.AutoTests" name="[29] /home/travis/build/icyphy/ptII/ptolemy/domains/sdf/test/auto/inferRelationWidth1.xml (RunModel)" time="0.019" />
  <testcase classname="ptolemy.util.test.junit.AutoTests" name="[30] /home/travis/build/icyphy/ptII/ptolemy/domains/sdf/test/auto/initProductionInference.xml (RunModel)" time="0.025" />
  <testcase classname="ptolemy.util.test.junit.AutoTests" name="[31] /home/travis/build/icyphy/ptII/ptolemy/domains/sdf/test/auto/relationGroup.xml (RunModel)" time="0.018" />
  <testcase classname="ptolemy.util.test.junit.AutoTests" name="[32] /home/travis/build/icyphy/ptII/ptolemy/domains/sdf/test/auto/relationGroup10.xml (RunModel)" time="0.019" />
  <testcase classname="ptolemy.util.test.junit.AutoTests" name="[33] /home/travis/build/icyphy/ptII/ptolemy/domains/sdf/test/auto/relationGroup11.xml (RunModel)" time="0.017" />
  <testcase classname="ptolemy.util.test.junit.AutoTests" name="[34] /home/travis/build/icyphy/ptII/ptolemy/domains/sdf/test/auto/relationGroup12.xml (RunModel)" time="0.013" />
  <testcase classname="ptolemy.util.test.junit.AutoTests" name="[35] /home/travis/build/icyphy/ptII/ptolemy/domains/sdf/test/auto/relationGroup13.xml (RunModel)" time="0.025" />
  <testcase classname="ptolemy.util.test.junit.AutoTests" name="[36] /home/travis/build/icyphy/ptII/ptolemy/domains/sdf/test/auto/relationGroup14.xml (RunModel)" time="0.025" />
  <testcase classname="ptolemy.util.test.junit.AutoTests" name="[37] /home/travis/build/icyphy/ptII/ptolemy/domains/sdf/test/auto/relationGroup15.xml (RunModel)" time="0.018" />
  <testcase classname="ptolemy.util.test.junit.AutoTests" name="[38] /home/travis/build/icyphy/ptII/ptolemy/domains/sdf/test/auto/relationGroup2.xml (RunModel)" time="0.013" />
  <testcase classname="ptolemy.util.test.junit.AutoTests" name="[39] /home/travis/build/icyphy/ptII/ptolemy/domains/sdf/test/auto/relationGroup3.xml (RunModel)" time="0.009" />
  <testcase classname="ptolemy.util.test.junit.AutoTests" name="[40] /home/travis/build/icyphy/ptII/ptolemy/domains/sdf/test/auto/relationGroup4.xml (RunModel)" time="0.029" />
  <testcase classname="ptolemy.util.test.junit.AutoTests" name="[41] /home/travis/build/icyphy/ptII/ptolemy/domains/sdf/test/auto/relationGroup5.xml (RunModel)" time="0.019" />
  <testcase classname="ptolemy.util.test.junit.AutoTests" name="[42] /home/travis/build/icyphy/ptII/ptolemy/domains/sdf/test/auto/relationGroup6.xml (RunModel)" time="0.022" />
  <testcase classname="ptolemy.util.test.junit.AutoTests" name="[43] /home/travis/build/icyphy/ptII/ptolemy/domains/sdf/test/auto/relationGroup7.xml (RunModel)" time="0.013" />
  <testcase classname="ptolemy.util.test.junit.AutoTests" name="[44] /home/travis/build/icyphy/ptII/ptolemy/domains/sdf/test/auto/relationGroup8.xml (RunModel)" time="0.018" />
  <testcase classname="ptolemy.util.test.junit.AutoTests" name="[45] /home/travis/build/icyphy/ptII/ptolemy/domains/sdf/test/auto/relationGroup9.xml (RunModel)" time="0.029" />
  <testcase classname="ptolemy.util.test.junit.AutoTests" name="[46] /home/travis/build/icyphy/ptII/ptolemy/domains/sdf/test/auto/sdf_inside_de.xml (RunModel)" time="0.049" />
  <testcase classname="ptolemy.util.test.junit.AutoTests" name="[47] /home/travis/build/icyphy/ptII/ptolemy/domains/sdf/test/auto/sdf_inside_pn.xml (RunModel)" time="0.071" />
  <testcase classname="ptolemy.util.test.junit.AutoTests" name="[48] /home/travis/build/icyphy/ptII/ptolemy/domains/sdf/test/auto/sdf_sdf1.xml (RunModel)" time="0.02" />
  <testcase classname="ptolemy.util.test.junit.AutoTests" name="[49] /home/travis/build/icyphy/ptII/ptolemy/domains/sdf/test/auto/test1.xml (RunModel)" time="0.017" />
  <testcase classname="ptolemy.util.test.junit.AutoTests" name="[50] /home/travis/build/icyphy/ptII/ptolemy/domains/sdf/test/auto/time1.xml (RunModel)" time="0.009" />
  <testcase classname="ptolemy.util.test.junit.AutoTests" name="[51] /home/travis/build/icyphy/ptII/ptolemy/domains/sdf/test/auto/time2.xml (RunModel)" time="0.01" />
  <testcase classname="ptolemy.util.test.junit.AutoTests" name="[52] /home/travis/build/icyphy/ptII/ptolemy/domains/sdf/test/auto/time3.xml (RunModel)" time="0.017" />
  <testcase classname="ptolemy.util.test.junit.AutoTests" name="[53] /home/travis/build/icyphy/ptII/ptolemy/domains/sdf/test/auto/time4.xml (RunModel)" time="0.017" />
  <testcase classname="ptolemy.util.test.junit.AutoTests" name="[54] /home/travis/build/icyphy/ptII/ptolemy/domains/sdf/test/auto/time5.xml (RunModel)" time="4.011" />
  <testcase classname="ptolemy.util.test.junit.AutoTests" name="[55] /home/travis/build/icyphy/ptII/ptolemy/domains/sdf/test/auto/typeSystem_Const_Integer_smallest_Type.xml (RunModel)" time="0.024" />
  <testcase classname="ptolemy.util.test.junit.AutoTests" name="[56] /home/travis/build/icyphy/ptII/ptolemy/domains/sdf/test/auto/typeSystem_declared_Inports_OutportTypeException.xml (RunModel)" time="0.023" />
  <testcase classname="ptolemy.util.test.junit.AutoTests" name="[57] /home/travis/build/icyphy/ptII/ptolemy/domains/sdf/test/auto/typeSystem_oneDeclaredInportType_wrongTypeOutport.xml (RunModel)" time="0.017" />
  <testcase classname="ptolemy.util.test.junit.AutoTests" name="[58] /home/travis/build/icyphy/ptII/ptolemy/domains/sdf/test/auto/width.xml (RunModel)" time="0.012" />
  <testcase classname="ptolemy.util.test.junit.AutoTests" name="[59] /home/travis/build/icyphy/ptII/ptolemy/domains/sdf/test/auto/width2.xml (RunModel)" time="0.052" />
  <testcase classname="ptolemy.util.test.junit.AutoTests" name="[60] /home/travis/build/icyphy/ptII/ptolemy/domains/sdf/test/auto/width3.xml (RunModel)" time="0.043" />
  <system-out><![CDATA[/home/travis/build/icyphy/ptII/ptolemy/domains/sdf/test/SDFSchedulerErrors.tcl
testDefs.tcl: setting time out to 9000 seconds at Tue Jul 10 01:40:42 UTC 2018
18 ms. Memory: 116224K Free: 105608K (91%)
11 ms. Memory: 116224K Free: 98608K (85%)
12 ms. Memory: 116224K Free: 91463K (79%)
3 ms. Memory: 116224K Free: 88402K (76%)
/home/travis/build/icyphy/ptII/ptolemy/domains/sdf/test/composition.tcl
29 ms. Memory: 116224K Free: 84722K (73%)
7 ms. Memory: 116224K Free: 82930K (71%)
/home/travis/build/icyphy/ptII/ptolemy/domains/sdf/test/cycle.tcl
.Toplevel.Director Preinitializing ...
Invoking preinitialize():  .Toplevel.Actor1
Invoking preinitialize():  .Toplevel.Actor2
Invoking preinitialize():  .Toplevel.Delay
.Toplevel.Director Finished preinitialize().
### Schedule:
Execute Schedule{
Fire Actor ptolemy.domains.sdf.kernel.test.SDFTestDelay {.Toplevel.Actor1}
Fire Actor ptolemy.domains.sdf.kernel.test.SDFTestDelay {.Toplevel.Actor2}
Fire Actor ptolemy.domains.sdf.lib.SampleDelay {.Toplevel.Delay}
}
### End schedule
Called initialize().
Invoking initialize():  .Toplevel.Actor1
Initializing actor: .Toplevel.Actor1.
Invoking initialize():  .Toplevel.Actor2
Initializing actor: .Toplevel.Actor2.
Invoking initialize():  .Toplevel.Delay
Initializing actor: .Toplevel.Delay.
Director: Called prefire().
-- Setting current time to 0.0
Director prefire returns true.
The actor .Toplevel.Actor1 will be iterated.
The actor .Toplevel.Actor1 was iterated.
The actor .Toplevel.Actor2 will be iterated.
The actor .Toplevel.Actor2 was iterated.
The actor .Toplevel.Delay will be iterated.
The actor .Toplevel.Delay was iterated.
Director: Called postfire().
Postfire returns: true
Director: Called prefire().
-- Setting current time to 0.0
Director prefire returns true.
The actor .Toplevel.Actor1 will be iterated.
The actor .Toplevel.Actor1 was iterated.
The actor .Toplevel.Actor2 will be iterated.
The actor .Toplevel.Actor2 was iterated.
The actor .Toplevel.Delay will be iterated.
The actor .Toplevel.Delay was iterated.
Director: Called postfire().
Postfire returns: true
Director: Called prefire().
-- Setting current time to 0.0
Director prefire returns true.
The actor .Toplevel.Actor1 will be iterated.
The actor .Toplevel.Actor1 was iterated.
The actor .Toplevel.Actor2 will be iterated.
The actor .Toplevel.Actor2 was iterated.
The actor .Toplevel.Delay will be iterated.
The actor .Toplevel.Delay was iterated.
Director: Called postfire().
Postfire returns: true
Director: Called prefire().
-- Setting current time to 0.0
Director prefire returns true.
The actor .Toplevel.Actor1 will be iterated.
The actor .Toplevel.Actor1 was iterated.
The actor .Toplevel.Actor2 will be iterated.
The actor .Toplevel.Actor2 was iterated.
The actor .Toplevel.Delay will be iterated.
The actor .Toplevel.Delay was iterated.
Director: Called postfire().
Postfire returns: true
Director: Called prefire().
-- Setting current time to 0.0
Director prefire returns true.
The actor .Toplevel.Actor1 will be iterated.
The actor .Toplevel.Actor1 was iterated.
The actor .Toplevel.Actor2 will be iterated.
The actor .Toplevel.Actor2 was iterated.
The actor .Toplevel.Delay will be iterated.
The actor .Toplevel.Delay was iterated.
Director: Called postfire().
Postfire returns: true
Director: Called prefire().
-- Setting current time to 0.0
Director prefire returns true.
The actor .Toplevel.Actor1 will be iterated.
The actor .Toplevel.Actor1 was iterated.
The actor .Toplevel.Actor2 will be iterated.
The actor .Toplevel.Actor2 was iterated.
The actor .Toplevel.Delay will be iterated.
The actor .Toplevel.Delay was iterated.
Reached specified number of iterations: 6
Director: Called wrapup().
17 ms. Memory: 146944K Free: 141115K (96%)
07/10/18 01:40:43
Failed: 0  Total Tests: 8  ((Passed: 8, Newly Passed: 0)  Known Failed: 0) /home/travis/build/icyphy/ptII/ptolemy/domains/sdf/test
No auto/knownFailedTests/*.xml tests in /home/travis/build/icyphy/ptII/ptolemy/domains/sdf/test
No auto/linux-amd64/*.xml tests in /home/travis/build/icyphy/ptII/ptolemy/domains/sdf/test
AutoTests.java: About to close Vertx.
AutoTests.java: Vertx closed.

===========================================================================================
----------------- testing Tue Jul 10 01:40:43 UTC 2018 /home/travis/build/icyphy/ptII/ptolemy/domains/sdf/test/auto/Array.xml
----------------- Instantiating /home/travis/build/icyphy/ptII/ptolemy/domains/sdf/test/auto/Array.xml
32 ms. Memory: 146944K Free: 101427K (69%)
----------------- Invoking toplevel() on ptolemy.moml.MoMLSimpleApplication@4b25aadf
----------------- Done invoking toplevel() on ptolemy.moml.MoMLSimpleApplication@4b25aadf
reloadAllAccessors: .Array

===========================================================================================
----------------- testing Tue Jul 10 01:40:44 UTC 2018 /home/travis/build/icyphy/ptII/ptolemy/domains/sdf/test/auto/Butterfly.xml
----------------- Instantiating /home/travis/build/icyphy/ptII/ptolemy/domains/sdf/test/auto/Butterfly.xml
110 ms. Memory: 146944K Free: 94155K (64%)
----------------- Invoking toplevel() on ptolemy.moml.MoMLSimpleApplication@170dcd04
----------------- Done invoking toplevel() on ptolemy.moml.MoMLSimpleApplication@170dcd04
reloadAllAccessors: .Butterfly

===========================================================================================
----------------- testing Tue Jul 10 01:40:44 UTC 2018 /home/travis/build/icyphy/ptII/ptolemy/domains/sdf/test/auto/Expression.xml
----------------- Instantiating /home/travis/build/icyphy/ptII/ptolemy/domains/sdf/test/auto/Expression.xml
54 ms. Memory: 146944K Free: 88569K (60%)
----------------- Invoking toplevel() on ptolemy.moml.MoMLSimpleApplication@c164466
----------------- Done invoking toplevel() on ptolemy.moml.MoMLSimpleApplication@c164466
reloadAllAccessors: .Expression

===========================================================================================
----------------- testing Tue Jul 10 01:40:44 UTC 2018 /home/travis/build/icyphy/ptII/ptolemy/domains/sdf/test/auto/Eye.xml
----------------- Instantiating /home/travis/build/icyphy/ptII/ptolemy/domains/sdf/test/auto/Eye.xml
211 ms. Memory: 146944K Free: 119495K (81%)
----------------- Invoking toplevel() on ptolemy.moml.MoMLSimpleApplication@1c2411f6
----------------- Done invoking toplevel() on ptolemy.moml.MoMLSimpleApplication@1c2411f6
reloadAllAccessors: .Eye

===========================================================================================
----------------- testing Tue Jul 10 01:40:44 UTC 2018 /home/travis/build/icyphy/ptII/ptolemy/domains/sdf/test/auto/FixFIR.xml
----------------- Instantiating /home/travis/build/icyphy/ptII/ptolemy/domains/sdf/test/auto/FixFIR.xml
145 ms. Memory: 146944K Free: 82873K (56%)
----------------- Invoking toplevel() on ptolemy.moml.MoMLSimpleApplication@5a1c8c83
----------------- Done invoking toplevel() on ptolemy.moml.MoMLSimpleApplication@5a1c8c83
reloadAllAccessors: .FixFIR

===========================================================================================
----------------- testing Tue Jul 10 01:40:45 UTC 2018 /home/travis/build/icyphy/ptII/ptolemy/domains/sdf/test/auto/FixPoint.xml
----------------- Instantiating /home/travis/build/icyphy/ptII/ptolemy/domains/sdf/test/auto/FixPoint.xml
30 ms. Memory: 208384K Free: 201072K (96%)
----------------- Invoking toplevel() on ptolemy.moml.MoMLSimpleApplication@798737f0
----------------- Done invoking toplevel() on ptolemy.moml.MoMLSimpleApplication@798737f0
reloadAllAccessors: .FixPoint

===========================================================================================
----------------- testing Tue Jul 10 01:40:45 UTC 2018 /home/travis/build/icyphy/ptII/ptolemy/domains/sdf/test/auto/Gravitation.xml
----------------- Instantiating /home/travis/build/icyphy/ptII/ptolemy/domains/sdf/test/auto/Gravitation.xml
3148 ms. Memory: 208384K Free: 107715K (52%)
----------------- Invoking toplevel() on ptolemy.moml.MoMLSimpleApplication@583f116c
----------------- Done invoking toplevel() on ptolemy.moml.MoMLSimpleApplication@583f116c
reloadAllAccessors: .Gravitation

===========================================================================================
----------------- testing Tue Jul 10 01:40:48 UTC 2018 /home/travis/build/icyphy/ptII/ptolemy/domains/sdf/test/auto/GravitationWithCollisionDetection.xml
----------------- Instantiating /home/travis/build/icyphy/ptII/ptolemy/domains/sdf/test/auto/GravitationWithCollisionDetection.xml
6250 ms. Memory: 528384K Free: 477866K (90%)
----------------- Invoking toplevel() on ptolemy.moml.MoMLSimpleApplication@47dd023d
----------------- Done invoking toplevel() on ptolemy.moml.MoMLSimpleApplication@47dd023d
reloadAllAccessors: .GravitationWithCollisionDetection

===========================================================================================
----------------- testing Tue Jul 10 01:40:54 UTC 2018 /home/travis/build/icyphy/ptII/ptolemy/domains/sdf/test/auto/HDF.xml
----------------- Instantiating /home/travis/build/icyphy/ptII/ptolemy/domains/sdf/test/auto/HDF.xml
40 ms. Memory: 528384K Free: 451454K (85%)
----------------- Invoking toplevel() on ptolemy.moml.MoMLSimpleApplication@42f3a41e
----------------- Done invoking toplevel() on ptolemy.moml.MoMLSimpleApplication@42f3a41e
reloadAllAccessors: .HDF

===========================================================================================
----------------- testing Tue Jul 10 01:40:54 UTC 2018 /home/travis/build/icyphy/ptII/ptolemy/domains/sdf/test/auto/HDFwithTransientStates.xml
----------------- Instantiating /home/travis/build/icyphy/ptII/ptolemy/domains/sdf/test/auto/HDFwithTransientStates.xml
34 ms. Memory: 528384K Free: 424587K (80%)
----------------- Invoking toplevel() on ptolemy.moml.MoMLSimpleApplication@64eb86af
----------------- Done invoking toplevel() on ptolemy.moml.MoMLSimpleApplication@64eb86af
reloadAllAccessors: .HDFwithTransientStates

===========================================================================================
----------------- testing Tue Jul 10 01:40:55 UTC 2018 /home/travis/build/icyphy/ptII/ptolemy/domains/sdf/test/auto/HTVQ.xml
----------------- Instantiating /home/travis/build/icyphy/ptII/ptolemy/domains/sdf/test/auto/HTVQ.xml
884 ms. Memory: 528384K Free: 258990K (49%)
----------------- Invoking toplevel() on ptolemy.moml.MoMLSimpleApplication@4380501b
----------------- Done invoking toplevel() on ptolemy.moml.MoMLSimpleApplication@4380501b
reloadAllAccessors: .HTVQ

===========================================================================================
----------------- testing Tue Jul 10 01:40:56 UTC 2018 /home/travis/build/icyphy/ptII/ptolemy/domains/sdf/test/auto/InferInitProduction.xml
----------------- Instantiating /home/travis/build/icyphy/ptII/ptolemy/domains/sdf/test/auto/InferInitProduction.xml
8 ms. Memory: 528384K Free: 250051K (47%)
----------------- Invoking toplevel() on ptolemy.moml.MoMLSimpleApplication@7cc02a87
----------------- Done invoking toplevel() on ptolemy.moml.MoMLSimpleApplication@7cc02a87
reloadAllAccessors: .InferInitProduction

===========================================================================================
----------------- testing Tue Jul 10 01:40:56 UTC 2018 /home/travis/build/icyphy/ptII/ptolemy/domains/sdf/test/auto/InferInitProductionDeeper.xml
----------------- Instantiating /home/travis/build/icyphy/ptII/ptolemy/domains/sdf/test/auto/InferInitProductionDeeper.xml
8 ms. Memory: 528384K Free: 241111K (46%)
----------------- Invoking toplevel() on ptolemy.moml.MoMLSimpleApplication@29392cb7
----------------- Done invoking toplevel() on ptolemy.moml.MoMLSimpleApplication@29392cb7
reloadAllAccessors: .InferInitProductionDeeper

===========================================================================================
----------------- testing Tue Jul 10 01:40:56 UTC 2018 /home/travis/build/icyphy/ptII/ptolemy/domains/sdf/test/auto/LMSAdaptive.xml
----------------- Instantiating /home/travis/build/icyphy/ptII/ptolemy/domains/sdf/test/auto/LMSAdaptive.xml
20 ms. Memory: 528384K Free: 225915K (43%)
----------------- Invoking toplevel() on ptolemy.moml.MoMLSimpleApplication@5159ad71
----------------- Done invoking toplevel() on ptolemy.moml.MoMLSimpleApplication@5159ad71
reloadAllAccessors: .LMSAdaptive

===========================================================================================
----------------- testing Tue Jul 10 01:40:56 UTC 2018 /home/travis/build/icyphy/ptII/ptolemy/domains/sdf/test/auto/LogisticMap.xml
----------------- Instantiating /home/travis/build/icyphy/ptII/ptolemy/domains/sdf/test/auto/LogisticMap.xml
443 ms. Memory: 528384K Free: 216975K (41%)
----------------- Invoking toplevel() on ptolemy.moml.MoMLSimpleApplication@6f58a498
----------------- Done invoking toplevel() on ptolemy.moml.MoMLSimpleApplication@6f58a498
reloadAllAccessors: .LogisticMap

===========================================================================================
----------------- testing Tue Jul 10 01:40:56 UTC 2018 /home/travis/build/icyphy/ptII/ptolemy/domains/sdf/test/auto/MaximumEntropySpectrum.xml
----------------- Instantiating /home/travis/build/icyphy/ptII/ptolemy/domains/sdf/test/auto/MaximumEntropySpectrum.xml
79 ms. Memory: 528384K Free: 145347K (28%)
----------------- Invoking toplevel() on ptolemy.moml.MoMLSimpleApplication@3567386e
----------------- Done invoking toplevel() on ptolemy.moml.MoMLSimpleApplication@3567386e
reloadAllAccessors: .MaximumEntropySpectrum

===========================================================================================
----------------- testing Tue Jul 10 01:40:56 UTC 2018 /home/travis/build/icyphy/ptII/ptolemy/domains/sdf/test/auto/MultirateSDF.xml
----------------- Instantiating /home/travis/build/icyphy/ptII/ptolemy/domains/sdf/test/auto/MultirateSDF.xml
20 ms. Memory: 528384K Free: 122966K (23%)
----------------- Invoking toplevel() on ptolemy.moml.MoMLSimpleApplication@5e13bf2d
----------------- Done invoking toplevel() on ptolemy.moml.MoMLSimpleApplication@5e13bf2d
reloadAllAccessors: .MultirateSDF

===========================================================================================
----------------- testing Tue Jul 10 01:40:57 UTC 2018 /home/travis/build/icyphy/ptII/ptolemy/domains/sdf/test/auto/MultirateSDFwithTransientStates.xml
----------------- Instantiating /home/travis/build/icyphy/ptII/ptolemy/domains/sdf/test/auto/MultirateSDFwithTransientStates.xml
17 ms. Memory: 528384K Free: 96099K (18%)
----------------- Invoking toplevel() on ptolemy.moml.MoMLSimpleApplication@431af75a
----------------- Done invoking toplevel() on ptolemy.moml.MoMLSimpleApplication@431af75a
reloadAllAccessors: .MultirateSDFwithTransientStates

===========================================================================================
----------------- testing Tue Jul 10 01:40:57 UTC 2018 /home/travis/build/icyphy/ptII/ptolemy/domains/sdf/test/auto/NoisySinewave.xml
----------------- Instantiating /home/travis/build/icyphy/ptII/ptolemy/domains/sdf/test/auto/NoisySinewave.xml
15 ms. Memory: 528384K Free: 73734K (14%)
----------------- Invoking toplevel() on ptolemy.moml.MoMLSimpleApplication@30b14ec6
----------------- Done invoking toplevel() on ptolemy.moml.MoMLSimpleApplication@30b14ec6
reloadAllAccessors: .NoisySinewave

===========================================================================================
----------------- testing Tue Jul 10 01:40:57 UTC 2018 /home/travis/build/icyphy/ptII/ptolemy/domains/sdf/test/auto/Objects.xml
----------------- Instantiating /home/travis/build/icyphy/ptII/ptolemy/domains/sdf/test/auto/Objects.xml
3 ms. Memory: 507904K Free: 484340K (95%)
----------------- Invoking toplevel() on ptolemy.moml.MoMLSimpleApplication@427e45a
----------------- Done invoking toplevel() on ptolemy.moml.MoMLSimpleApplication@427e45a
reloadAllAccessors: .Objects

===========================================================================================
----------------- testing Tue Jul 10 01:40:57 UTC 2018 /home/travis/build/icyphy/ptII/ptolemy/domains/sdf/test/auto/OrthogonalCom.xml
----------------- Instantiating /home/travis/build/icyphy/ptII/ptolemy/domains/sdf/test/auto/OrthogonalCom.xml
8 ms. Memory: 507904K Free: 470401K (93%)
----------------- Invoking toplevel() on ptolemy.moml.MoMLSimpleApplication@38d0dd41
----------------- Done invoking toplevel() on ptolemy.moml.MoMLSimpleApplication@38d0dd41
reloadAllAccessors: .OrthogonalCom

===========================================================================================
----------------- testing Tue Jul 10 01:40:57 UTC 2018 /home/travis/build/icyphy/ptII/ptolemy/domains/sdf/test/auto/RijndaelEncryption.xml
----------------- Instantiating /home/travis/build/icyphy/ptII/ptolemy/domains/sdf/test/auto/RijndaelEncryption.xml
302 ms. Memory: 507904K Free: 307937K (61%)
----------------- Invoking toplevel() on ptolemy.moml.MoMLSimpleApplication@66edaa86
----------------- Done invoking toplevel() on ptolemy.moml.MoMLSimpleApplication@66edaa86
reloadAllAccessors: .RijndaelEncryption

===========================================================================================
----------------- testing Tue Jul 10 01:40:57 UTC 2018 /home/travis/build/icyphy/ptII/ptolemy/domains/sdf/test/auto/SDFEmptyIterations.xml
----------------- Instantiating /home/travis/build/icyphy/ptII/ptolemy/domains/sdf/test/auto/SDFEmptyIterations.xml
6 ms. Memory: 507904K Free: 299408K (59%)
----------------- Invoking toplevel() on ptolemy.moml.MoMLSimpleApplication@27de683
----------------- Done invoking toplevel() on ptolemy.moml.MoMLSimpleApplication@27de683
reloadAllAccessors: .SDFEmptyIterations

===========================================================================================
----------------- testing Tue Jul 10 01:40:58 UTC 2018 /home/travis/build/icyphy/ptII/ptolemy/domains/sdf/test/auto/Spectrum.xml
----------------- Instantiating /home/travis/build/icyphy/ptII/ptolemy/domains/sdf/test/auto/Spectrum.xml
32 ms. Memory: 507904K Free: 264128K (52%)
----------------- Invoking toplevel() on ptolemy.moml.MoMLSimpleApplication@14c02cd7
----------------- Done invoking toplevel() on ptolemy.moml.MoMLSimpleApplication@14c02cd7
reloadAllAccessors: .Spectrum

===========================================================================================
----------------- testing Tue Jul 10 01:40:58 UTC 2018 /home/travis/build/icyphy/ptII/ptolemy/domains/sdf/test/auto/de_inside_sdf.xml
----------------- Instantiating /home/travis/build/icyphy/ptII/ptolemy/domains/sdf/test/auto/de_inside_sdf.xml
8 ms. Memory: 507904K Free: 255598K (50%)
----------------- Invoking toplevel() on ptolemy.moml.MoMLSimpleApplication@621cf54
----------------- Done invoking toplevel() on ptolemy.moml.MoMLSimpleApplication@621cf54
reloadAllAccessors: .de_inside_sdf

===========================================================================================
----------------- testing Tue Jul 10 01:40:58 UTC 2018 /home/travis/build/icyphy/ptII/ptolemy/domains/sdf/test/auto/disconnectedHierarchicalSDF.xml
----------------- Instantiating /home/travis/build/icyphy/ptII/ptolemy/domains/sdf/test/auto/disconnectedHierarchicalSDF.xml
5 ms. Memory: 507904K Free: 242803K (48%)
----------------- Invoking toplevel() on ptolemy.moml.MoMLSimpleApplication@2789d3d3
----------------- Done invoking toplevel() on ptolemy.moml.MoMLSimpleApplication@2789d3d3
reloadAllAccessors: .disconnectedHierarchicalSDF

===========================================================================================
----------------- testing Tue Jul 10 01:40:58 UTC 2018 /home/travis/build/icyphy/ptII/ptolemy/domains/sdf/test/auto/disconnectedSDF.xml
----------------- Instantiating /home/travis/build/icyphy/ptII/ptolemy/domains/sdf/test/auto/disconnectedSDF.xml
3 ms. Memory: 507904K Free: 233145K (46%)
----------------- Invoking toplevel() on ptolemy.moml.MoMLSimpleApplication@46dc45c3
----------------- Done invoking toplevel() on ptolemy.moml.MoMLSimpleApplication@46dc45c3
reloadAllAccessors: .disconnectedSDF

===========================================================================================
----------------- testing Tue Jul 10 01:40:58 UTC 2018 /home/travis/build/icyphy/ptII/ptolemy/domains/sdf/test/auto/emptyRefinement.xml
----------------- Instantiating /home/travis/build/icyphy/ptII/ptolemy/domains/sdf/test/auto/emptyRefinement.xml
7 ms. Memory: 507904K Free: 224615K (44%)
----------------- Invoking toplevel() on ptolemy.moml.MoMLSimpleApplication@7f7a47f9
----------------- Done invoking toplevel() on ptolemy.moml.MoMLSimpleApplication@7f7a47f9
reloadAllAccessors: .emptyRefinement

===========================================================================================
----------------- testing Tue Jul 10 01:40:58 UTC 2018 /home/travis/build/icyphy/ptII/ptolemy/domains/sdf/test/auto/filePortParameter.xml
----------------- Instantiating /home/travis/build/icyphy/ptII/ptolemy/domains/sdf/test/auto/filePortParameter.xml
20 ms. Memory: 507904K Free: 211804K (42%)
----------------- Invoking toplevel() on ptolemy.moml.MoMLSimpleApplication@962c70
----------------- Done invoking toplevel() on ptolemy.moml.MoMLSimpleApplication@962c70
reloadAllAccessors: .filePortParameter

===========================================================================================
----------------- testing Tue Jul 10 01:40:58 UTC 2018 /home/travis/build/icyphy/ptII/ptolemy/domains/sdf/test/auto/inferRelationWidth1.xml
----------------- Instantiating /home/travis/build/icyphy/ptII/ptolemy/domains/sdf/test/auto/inferRelationWidth1.xml
3 ms. Memory: 507904K Free: 203274K (40%)
----------------- Invoking toplevel() on ptolemy.moml.MoMLSimpleApplication@4ed251bf
----------------- Done invoking toplevel() on ptolemy.moml.MoMLSimpleApplication@4ed251bf
reloadAllAccessors: .inferRelationWidth1

===========================================================================================
----------------- testing Tue Jul 10 01:40:58 UTC 2018 /home/travis/build/icyphy/ptII/ptolemy/domains/sdf/test/auto/initProductionInference.xml
----------------- Instantiating /home/travis/build/icyphy/ptII/ptolemy/domains/sdf/test/auto/initProductionInference.xml
9 ms. Memory: 507904K Free: 193617K (38%)
----------------- Invoking toplevel() on ptolemy.moml.MoMLSimpleApplication@1aecf24f
----------------- Done invoking toplevel() on ptolemy.moml.MoMLSimpleApplication@1aecf24f
reloadAllAccessors: .initProductionInference

===========================================================================================
----------------- testing Tue Jul 10 01:40:58 UTC 2018 /home/travis/build/icyphy/ptII/ptolemy/domains/sdf/test/auto/relationGroup.xml
----------------- Instantiating /home/travis/build/icyphy/ptII/ptolemy/domains/sdf/test/auto/relationGroup.xml
1 ms. Memory: 507904K Free: 185087K (36%)
----------------- Invoking toplevel() on ptolemy.moml.MoMLSimpleApplication@5e674c69
----------------- Done invoking toplevel() on ptolemy.moml.MoMLSimpleApplication@5e674c69
reloadAllAccessors: .relationGroup

===========================================================================================
----------------- testing Tue Jul 10 01:40:58 UTC 2018 /home/travis/build/icyphy/ptII/ptolemy/domains/sdf/test/auto/relationGroup10.xml
----------------- Instantiating /home/travis/build/icyphy/ptII/ptolemy/domains/sdf/test/auto/relationGroup10.xml
3 ms. Memory: 507904K Free: 176557K (35%)
----------------- Invoking toplevel() on ptolemy.moml.MoMLSimpleApplication@385903e
----------------- Done invoking toplevel() on ptolemy.moml.MoMLSimpleApplication@385903e
reloadAllAccessors: .relationGroup10

===========================================================================================
----------------- testing Tue Jul 10 01:40:58 UTC 2018 /home/travis/build/icyphy/ptII/ptolemy/domains/sdf/test/auto/relationGroup11.xml
----------------- Instantiating /home/travis/build/icyphy/ptII/ptolemy/domains/sdf/test/auto/relationGroup11.xml
2 ms. Memory: 507904K Free: 166900K (33%)
----------------- Invoking toplevel() on ptolemy.moml.MoMLSimpleApplication@3d0daf20
----------------- Done invoking toplevel() on ptolemy.moml.MoMLSimpleApplication@3d0daf20
reloadAllAccessors: .relationGroup11

===========================================================================================
----------------- testing Tue Jul 10 01:40:58 UTC 2018 /home/travis/build/icyphy/ptII/ptolemy/domains/sdf/test/auto/relationGroup12.xml
----------------- Instantiating /home/travis/build/icyphy/ptII/ptolemy/domains/sdf/test/auto/relationGroup12.xml
3 ms. Memory: 507904K Free: 158370K (31%)
----------------- Invoking toplevel() on ptolemy.moml.MoMLSimpleApplication@4031a672
----------------- Done invoking toplevel() on ptolemy.moml.MoMLSimpleApplication@4031a672
reloadAllAccessors: .relationGroup12

===========================================================================================
----------------- testing Tue Jul 10 01:40:58 UTC 2018 /home/travis/build/icyphy/ptII/ptolemy/domains/sdf/test/auto/relationGroup13.xml
----------------- Instantiating /home/travis/build/icyphy/ptII/ptolemy/domains/sdf/test/auto/relationGroup13.xml
11 ms. Memory: 507904K Free: 149840K (30%)
----------------- Invoking toplevel() on ptolemy.moml.MoMLSimpleApplication@7856e1b3
----------------- Done invoking toplevel() on ptolemy.moml.MoMLSimpleApplication@7856e1b3
reloadAllAccessors: .relationGroup13

===========================================================================================
----------------- testing Tue Jul 10 01:40:58 UTC 2018 /home/travis/build/icyphy/ptII/ptolemy/domains/sdf/test/auto/relationGroup14.xml
----------------- Instantiating /home/travis/build/icyphy/ptII/ptolemy/domains/sdf/test/auto/relationGroup14.xml
5 ms. Memory: 507904K Free: 140182K (28%)
----------------- Invoking toplevel() on ptolemy.moml.MoMLSimpleApplication@8acc9ef
----------------- Done invoking toplevel() on ptolemy.moml.MoMLSimpleApplication@8acc9ef
reloadAllAccessors: .relationGroup14

===========================================================================================
----------------- testing Tue Jul 10 01:40:58 UTC 2018 /home/travis/build/icyphy/ptII/ptolemy/domains/sdf/test/auto/relationGroup15.xml
----------------- Instantiating /home/travis/build/icyphy/ptII/ptolemy/domains/sdf/test/auto/relationGroup15.xml
2 ms. Memory: 507904K Free: 131653K (26%)
----------------- Invoking toplevel() on ptolemy.moml.MoMLSimpleApplication@51f00a06
----------------- Done invoking toplevel() on ptolemy.moml.MoMLSimpleApplication@51f00a06
reloadAllAccessors: .relationGroup15

===========================================================================================
----------------- testing Tue Jul 10 01:40:58 UTC 2018 /home/travis/build/icyphy/ptII/ptolemy/domains/sdf/test/auto/relationGroup2.xml
----------------- Instantiating /home/travis/build/icyphy/ptII/ptolemy/domains/sdf/test/auto/relationGroup2.xml
2 ms. Memory: 507904K Free: 123123K (24%)
----------------- Invoking toplevel() on ptolemy.moml.MoMLSimpleApplication@587c7f3
----------------- Done invoking toplevel() on ptolemy.moml.MoMLSimpleApplication@587c7f3
reloadAllAccessors: .relationGroup2

===========================================================================================
----------------- testing Tue Jul 10 01:40:58 UTC 2018 /home/travis/build/icyphy/ptII/ptolemy/domains/sdf/test/auto/relationGroup3.xml
----------------- Instantiating /home/travis/build/icyphy/ptII/ptolemy/domains/sdf/test/auto/relationGroup3.xml
2 ms. Memory: 507904K Free: 113457K (22%)
----------------- Invoking toplevel() on ptolemy.moml.MoMLSimpleApplication@1c0d4b3c
----------------- Done invoking toplevel() on ptolemy.moml.MoMLSimpleApplication@1c0d4b3c
reloadAllAccessors: .relationGroup3

===========================================================================================
----------------- testing Tue Jul 10 01:40:58 UTC 2018 /home/travis/build/icyphy/ptII/ptolemy/domains/sdf/test/auto/relationGroup4.xml
----------------- Instantiating /home/travis/build/icyphy/ptII/ptolemy/domains/sdf/test/auto/relationGroup4.xml
10 ms. Memory: 507904K Free: 104927K (21%)
----------------- Invoking toplevel() on ptolemy.moml.MoMLSimpleApplication@2333ad7a
----------------- Done invoking toplevel() on ptolemy.moml.MoMLSimpleApplication@2333ad7a
reloadAllAccessors: .relationGroup4

===========================================================================================
----------------- testing Tue Jul 10 01:40:58 UTC 2018 /home/travis/build/icyphy/ptII/ptolemy/domains/sdf/test/auto/relationGroup5.xml
----------------- Instantiating /home/travis/build/icyphy/ptII/ptolemy/domains/sdf/test/auto/relationGroup5.xml
3 ms. Memory: 507904K Free: 96397K (19%)
----------------- Invoking toplevel() on ptolemy.moml.MoMLSimpleApplication@74039631
----------------- Done invoking toplevel() on ptolemy.moml.MoMLSimpleApplication@74039631
reloadAllAccessors: .relationGroup5

===========================================================================================
----------------- testing Tue Jul 10 01:40:58 UTC 2018 /home/travis/build/icyphy/ptII/ptolemy/domains/sdf/test/auto/relationGroup6.xml
----------------- Instantiating /home/travis/build/icyphy/ptII/ptolemy/domains/sdf/test/auto/relationGroup6.xml
5 ms. Memory: 507904K Free: 87868K (17%)
----------------- Invoking toplevel() on ptolemy.moml.MoMLSimpleApplication@10681020
----------------- Done invoking toplevel() on ptolemy.moml.MoMLSimpleApplication@10681020
reloadAllAccessors: .relationGroup6

===========================================================================================
----------------- testing Tue Jul 10 01:40:58 UTC 2018 /home/travis/build/icyphy/ptII/ptolemy/domains/sdf/test/auto/relationGroup7.xml
----------------- Instantiating /home/travis/build/icyphy/ptII/ptolemy/domains/sdf/test/auto/relationGroup7.xml
2 ms. Memory: 507904K Free: 78210K (15%)
----------------- Invoking toplevel() on ptolemy.moml.MoMLSimpleApplication@1c0d2130
----------------- Done invoking toplevel() on ptolemy.moml.MoMLSimpleApplication@1c0d2130
reloadAllAccessors: .relationGroup7

===========================================================================================
----------------- testing Tue Jul 10 01:40:58 UTC 2018 /home/travis/build/icyphy/ptII/ptolemy/domains/sdf/test/auto/relationGroup8.xml
----------------- Instantiating /home/travis/build/icyphy/ptII/ptolemy/domains/sdf/test/auto/relationGroup8.xml
2 ms. Memory: 507904K Free: 70695K (14%)
----------------- Invoking toplevel() on ptolemy.moml.MoMLSimpleApplication@2f4de845
----------------- Done invoking toplevel() on ptolemy.moml.MoMLSimpleApplication@2f4de845
reloadAllAccessors: .relationGroup8

===========================================================================================
----------------- testing Tue Jul 10 01:40:58 UTC 2018 /home/travis/build/icyphy/ptII/ptolemy/domains/sdf/test/auto/relationGroup9.xml
----------------- Instantiating /home/travis/build/icyphy/ptII/ptolemy/domains/sdf/test/auto/relationGroup9.xml
6 ms. Memory: 496128K Free: 476995K (96%)
----------------- Invoking toplevel() on ptolemy.moml.MoMLSimpleApplication@2ca3381e
----------------- Done invoking toplevel() on ptolemy.moml.MoMLSimpleApplication@2ca3381e
reloadAllAccessors: .relationGroup9

===========================================================================================
----------------- testing Tue Jul 10 01:40:58 UTC 2018 /home/travis/build/icyphy/ptII/ptolemy/domains/sdf/test/auto/sdf_inside_de.xml
----------------- Instantiating /home/travis/build/icyphy/ptII/ptolemy/domains/sdf/test/auto/sdf_inside_de.xml
15 ms. Memory: 496128K Free: 464013K (94%)
----------------- Invoking toplevel() on ptolemy.moml.MoMLSimpleApplication@27d170ba
----------------- Done invoking toplevel() on ptolemy.moml.MoMLSimpleApplication@27d170ba
reloadAllAccessors: .sdf_inside_de

===========================================================================================
----------------- testing Tue Jul 10 01:40:58 UTC 2018 /home/travis/build/icyphy/ptII/ptolemy/domains/sdf/test/auto/sdf_inside_pn.xml
----------------- Instantiating /home/travis/build/icyphy/ptII/ptolemy/domains/sdf/test/auto/sdf_inside_pn.xml
47 ms. Memory: 496128K Free: 431434K (87%)
----------------- Invoking toplevel() on ptolemy.moml.MoMLSimpleApplication@55bb4bfd
----------------- Done invoking toplevel() on ptolemy.moml.MoMLSimpleApplication@55bb4bfd
reloadAllAccessors: .sdf_inside_pn

===========================================================================================
----------------- testing Tue Jul 10 01:40:58 UTC 2018 /home/travis/build/icyphy/ptII/ptolemy/domains/sdf/test/auto/sdf_sdf1.xml
----------------- Instantiating /home/travis/build/icyphy/ptII/ptolemy/domains/sdf/test/auto/sdf_sdf1.xml
4 ms. Memory: 496128K Free: 418453K (84%)
----------------- Invoking toplevel() on ptolemy.moml.MoMLSimpleApplication@6b9d7583
----------------- Done invoking toplevel() on ptolemy.moml.MoMLSimpleApplication@6b9d7583
reloadAllAccessors: .sdf_sdf1

===========================================================================================
----------------- testing Tue Jul 10 01:40:58 UTC 2018 /home/travis/build/icyphy/ptII/ptolemy/domains/sdf/test/auto/test1.xml
----------------- Instantiating /home/travis/build/icyphy/ptII/ptolemy/domains/sdf/test/auto/test1.xml
2 ms. Memory: 496128K Free: 410312K (83%)
----------------- Invoking toplevel() on ptolemy.moml.MoMLSimpleApplication@300168e1
----------------- Done invoking toplevel() on ptolemy.moml.MoMLSimpleApplication@300168e1
reloadAllAccessors: .test1

===========================================================================================
----------------- testing Tue Jul 10 01:40:58 UTC 2018 /home/travis/build/icyphy/ptII/ptolemy/domains/sdf/test/auto/time1.xml
----------------- Instantiating /home/travis/build/icyphy/ptII/ptolemy/domains/sdf/test/auto/time1.xml
2 ms. Memory: 496128K Free: 401417K (81%)
----------------- Invoking toplevel() on ptolemy.moml.MoMLSimpleApplication@32c95ee5
----------------- Done invoking toplevel() on ptolemy.moml.MoMLSimpleApplication@32c95ee5
reloadAllAccessors: .time1

===========================================================================================
----------------- testing Tue Jul 10 01:40:58 UTC 2018 /home/travis/build/icyphy/ptII/ptolemy/domains/sdf/test/auto/time2.xml
----------------- Instantiating /home/travis/build/icyphy/ptII/ptolemy/domains/sdf/test/auto/time2.xml
1 ms. Memory: 496128K Free: 393276K (79%)
----------------- Invoking toplevel() on ptolemy.moml.MoMLSimpleApplication@22a33a37
----------------- Done invoking toplevel() on ptolemy.moml.MoMLSimpleApplication@22a33a37
reloadAllAccessors: .time2

===========================================================================================
----------------- testing Tue Jul 10 01:40:58 UTC 2018 /home/travis/build/icyphy/ptII/ptolemy/domains/sdf/test/auto/time3.xml
----------------- Instantiating /home/travis/build/icyphy/ptII/ptolemy/domains/sdf/test/auto/time3.xml
3 ms. Memory: 496128K Free: 384382K (77%)
----------------- Invoking toplevel() on ptolemy.moml.MoMLSimpleApplication@3bbdde5a
----------------- Done invoking toplevel() on ptolemy.moml.MoMLSimpleApplication@3bbdde5a
reloadAllAccessors: .time3

===========================================================================================
----------------- testing Tue Jul 10 01:40:58 UTC 2018 /home/travis/build/icyphy/ptII/ptolemy/domains/sdf/test/auto/time4.xml
----------------- Instantiating /home/travis/build/icyphy/ptII/ptolemy/domains/sdf/test/auto/time4.xml
4 ms. Memory: 496128K Free: 372154K (75%)
----------------- Invoking toplevel() on ptolemy.moml.MoMLSimpleApplication@3c88224e
----------------- Done invoking toplevel() on ptolemy.moml.MoMLSimpleApplication@3c88224e
reloadAllAccessors: .time4

===========================================================================================
----------------- testing Tue Jul 10 01:40:58 UTC 2018 /home/travis/build/icyphy/ptII/ptolemy/domains/sdf/test/auto/time5.xml
----------------- Instantiating /home/travis/build/icyphy/ptII/ptolemy/domains/sdf/test/auto/time5.xml
4003 ms. Memory: 496128K Free: 363260K (73%)
----------------- Invoking toplevel() on ptolemy.moml.MoMLSimpleApplication@47fc3e15
----------------- Done invoking toplevel() on ptolemy.moml.MoMLSimpleApplication@47fc3e15
reloadAllAccessors: .time5

===========================================================================================
----------------- testing Tue Jul 10 01:41:02 UTC 2018 /home/travis/build/icyphy/ptII/ptolemy/domains/sdf/test/auto/typeSystem_Const_Integer_smallest_Type.xml
----------------- Instantiating /home/travis/build/icyphy/ptII/ptolemy/domains/sdf/test/auto/typeSystem_Const_Integer_smallest_Type.xml
3 ms. Memory: 496128K Free: 355119K (72%)
----------------- Invoking toplevel() on ptolemy.moml.MoMLSimpleApplication@21746e93
----------------- Done invoking toplevel() on ptolemy.moml.MoMLSimpleApplication@21746e93
reloadAllAccessors: .typeSystem_Const_Integer_smallest_Type

===========================================================================================
----------------- testing Tue Jul 10 01:41:02 UTC 2018 /home/travis/build/icyphy/ptII/ptolemy/domains/sdf/test/auto/typeSystem_declared_Inports_OutportTypeException.xml
----------------- Instantiating /home/travis/build/icyphy/ptII/ptolemy/domains/sdf/test/auto/typeSystem_declared_Inports_OutportTypeException.xml
.typeSystem_declared_Inports_OutportTypeException.TestExceptionAttribute: initialize() was not invoked, but wrapup() was.  This is unusual, but not always a problem.  For example, exporting JNLP will do this.
3 ms. Memory: 496128K Free: 346224K (70%)
----------------- Invoking toplevel() on ptolemy.moml.MoMLSimpleApplication@45cf18bb
----------------- Done invoking toplevel() on ptolemy.moml.MoMLSimpleApplication@45cf18bb
reloadAllAccessors: .typeSystem_declared_Inports_OutportTypeException

===========================================================================================
----------------- testing Tue Jul 10 01:41:02 UTC 2018 /home/travis/build/icyphy/ptII/ptolemy/domains/sdf/test/auto/typeSystem_oneDeclaredInportType_wrongTypeOutport.xml
----------------- Instantiating /home/travis/build/icyphy/ptII/ptolemy/domains/sdf/test/auto/typeSystem_oneDeclaredInportType_wrongTypeOutport.xml
3 ms. Memory: 496128K Free: 338083K (68%)
----------------- Invoking toplevel() on ptolemy.moml.MoMLSimpleApplication@64906b74
----------------- Done invoking toplevel() on ptolemy.moml.MoMLSimpleApplication@64906b74
reloadAllAccessors: .typeSystem_oneDeclaredInportType_wrongTypeOutport

===========================================================================================
----------------- testing Tue Jul 10 01:41:02 UTC 2018 /home/travis/build/icyphy/ptII/ptolemy/domains/sdf/test/auto/width.xml
----------------- Instantiating /home/travis/build/icyphy/ptII/ptolemy/domains/sdf/test/auto/width.xml
1 ms. Memory: 496128K Free: 329189K (66%)
----------------- Invoking toplevel() on ptolemy.moml.MoMLSimpleApplication@5ee34669
----------------- Done invoking toplevel() on ptolemy.moml.MoMLSimpleApplication@5ee34669
reloadAllAccessors: .width

===========================================================================================
----------------- testing Tue Jul 10 01:41:02 UTC 2018 /home/travis/build/icyphy/ptII/ptolemy/domains/sdf/test/auto/width2.xml
----------------- Instantiating /home/travis/build/icyphy/ptII/ptolemy/domains/sdf/test/auto/width2.xml
38 ms. Memory: 496128K Free: 321048K (65%)
----------------- Invoking toplevel() on ptolemy.moml.MoMLSimpleApplication@74a650fb
----------------- Done invoking toplevel() on ptolemy.moml.MoMLSimpleApplication@74a650fb
reloadAllAccessors: .width2

===========================================================================================
----------------- testing Tue Jul 10 01:41:03 UTC 2018 /home/travis/build/icyphy/ptII/ptolemy/domains/sdf/test/auto/width3.xml
----------------- Instantiating /home/travis/build/icyphy/ptII/ptolemy/domains/sdf/test/auto/width3.xml
32 ms. Memory: 496128K Free: 312153K (63%)
----------------- Invoking toplevel() on ptolemy.moml.MoMLSimpleApplication@7e48be3b
----------------- Done invoking toplevel() on ptolemy.moml.MoMLSimpleApplication@7e48be3b
reloadAllAccessors: .width3
AutoTests.java: About to close Vertx.
AutoTests.java: Vertx closed.
]]></system-out>
  <system-err><![CDATA[java.lang.RuntimeException: Execution failed
	at ptolemy.moml.MoMLSimpleApplication$UnloadThread.run(MoMLSimpleApplication.java:402)
Caused by: ptolemy.actor.sched.NotSchedulableException: No solution exists for the balance equations.
Graph is not consistent under the SDF domain detected on external port .rateConsistency.actor.port2
  in .rateConsistency.SDF Director.Scheduler
	at ptolemy.domains.sdf.kernel.SDFScheduler._propagatePort(SDFScheduler.java:1425)
	at ptolemy.domains.sdf.kernel.SDFScheduler._solveBalanceEquations(SDFScheduler.java:710)
	at ptolemy.domains.sdf.kernel.SDFScheduler._getSchedule(SDFScheduler.java:566)
	at ptolemy.actor.sched.Scheduler.getSchedule(Scheduler.java:189)
	at ptolemy.domains.sdf.kernel.SDFDirector.createSchedule(SDFDirector.java:408)
	at ptolemy.domains.sdf.kernel.SDFDirector.preinitialize(SDFDirector.java:764)
	at ptolemy.actor.CompositeActor.preinitialize(CompositeActor.java:1828)
	at ptolemy.actor.Manager.preinitializeAndResolveTypes(Manager.java:1040)
	at ptolemy.actor.Manager.initialize(Manager.java:710)
	at ptolemy.actor.Manager.execute(Manager.java:356)
	at ptolemy.actor.Manager.run(Manager.java:1263)
	at ptolemy.actor.Manager$PtolemyRunThread.run(Manager.java:1915)
java.lang.RuntimeException: Execution failed
	at ptolemy.moml.MoMLSimpleApplication$UnloadThread.run(MoMLSimpleApplication.java:402)
Caused by: ptolemy.kernel.util.IllegalActionException: Failed to compute schedule:
  in .badRateChanges.typed composite actor.SDF Director
Because:
The SDF rate parameter may change. This is not allowed in SDF models that will be run through the code generator.  If you don't care about code generation, then you might consider setting the allowRateChanges parameter of the SDF director to false.
  in .badRateChanges.typed composite actor.Repeat.output.tokenProductionRate
	at ptolemy.domains.sdf.kernel.SDFDirector.createSchedule(SDFDirector.java:418)
	at ptolemy.domains.sdf.kernel.SDFDirector.preinitialize(SDFDirector.java:764)
	at ptolemy.actor.CompositeActor.preinitialize(CompositeActor.java:1828)
	at ptolemy.actor.Director.preinitialize(Director.java:1302)
	at ptolemy.actor.Director.preinitialize(Director.java:1257)
	at ptolemy.domains.sdf.kernel.SDFDirector.preinitialize(SDFDirector.java:763)
	at ptolemy.actor.CompositeActor.preinitialize(CompositeActor.java:1828)
	at ptolemy.actor.Manager.preinitializeAndResolveTypes(Manager.java:1040)
	at ptolemy.actor.Manager.initialize(Manager.java:710)
	at ptolemy.actor.Manager.execute(Manager.java:356)
	at ptolemy.actor.Manager.run(Manager.java:1263)
	at ptolemy.actor.Manager$PtolemyRunThread.run(Manager.java:1915)
Caused by: ptolemy.kernel.util.IllegalActionException: The SDF rate parameter may change. This is not allowed in SDF models that will be run through the code generator.  If you don't care about code generation, then you might consider setting the allowRateChanges parameter of the SDF director to false.
  in .badRateChanges.typed composite actor.Repeat.output.tokenProductionRate
	at ptolemy.domains.sdf.kernel.SDFScheduler._assertDynamicRateVariable(SDFScheduler.java:931)
	at ptolemy.domains.sdf.kernel.SDFScheduler._checkDynamicRateVariables(SDFScheduler.java:339)
	at ptolemy.domains.sdf.kernel.SDFScheduler._getSchedule(SDFScheduler.java:527)
	at ptolemy.actor.sched.Scheduler.getSchedule(Scheduler.java:189)
	at ptolemy.domains.sdf.kernel.SDFDirector.createSchedule(SDFDirector.java:408)
	... 11 more
java.lang.RuntimeException: Execution failed
	at ptolemy.moml.MoMLSimpleApplication$UnloadThread.run(MoMLSimpleApplication.java:402)
Caused by: ptolemy.kernel.util.IllegalActionException: Failed to compute schedule:
  in .badRateChanges2.typed composite actor.SDF Director
Because:
The SDF rate parameter may change. This is not allowed in SDF models that will be run through the code generator.  If you don't care about code generation, then you might consider setting the allowRateChanges parameter of the SDF director to false.
  in .badRateChanges2.typed composite actor.Repeat.output.tokenProductionRate
	at ptolemy.domains.sdf.kernel.SDFDirector.createSchedule(SDFDirector.java:418)
	at ptolemy.domains.sdf.kernel.SDFDirector.preinitialize(SDFDirector.java:764)
	at ptolemy.actor.CompositeActor.preinitialize(CompositeActor.java:1828)
	at ptolemy.actor.Director.preinitialize(Director.java:1302)
	at ptolemy.actor.Director.preinitialize(Director.java:1257)
	at ptolemy.domains.sdf.kernel.SDFDirector.preinitialize(SDFDirector.java:763)
	at ptolemy.actor.CompositeActor.preinitialize(CompositeActor.java:1828)
	at ptolemy.actor.Manager.preinitializeAndResolveTypes(Manager.java:1040)
	at ptolemy.actor.Manager.initialize(Manager.java:710)
	at ptolemy.actor.Manager.execute(Manager.java:356)
	at ptolemy.actor.Manager.run(Manager.java:1263)
	at ptolemy.actor.Manager$PtolemyRunThread.run(Manager.java:1915)
Caused by: ptolemy.kernel.util.IllegalActionException: The SDF rate parameter may change. This is not allowed in SDF models that will be run through the code generator.  If you don't care about code generation, then you might consider setting the allowRateChanges parameter of the SDF director to false.
  in .badRateChanges2.typed composite actor.Repeat.output.tokenProductionRate
	at ptolemy.domains.sdf.kernel.SDFScheduler._assertDynamicRateVariable(SDFScheduler.java:931)
	at ptolemy.domains.sdf.kernel.SDFScheduler._checkDynamicRateVariables(SDFScheduler.java:339)
	at ptolemy.domains.sdf.kernel.SDFScheduler._getSchedule(SDFScheduler.java:527)
	at ptolemy.actor.sched.Scheduler.getSchedule(Scheduler.java:189)
	at ptolemy.domains.sdf.kernel.SDFDirector.createSchedule(SDFDirector.java:408)
	... 11 more
java.lang.RuntimeException: Execution failed
	at ptolemy.moml.MoMLSimpleApplication$UnloadThread.run(MoMLSimpleApplication.java:402)
Caused by: ptolemy.actor.sched.NotSchedulableException: Actors remain that cannot be scheduled!

There are several possible reasons:
* SDF Graphs with feedback loops should have an actor with a delay in the loop, such as a SampleDelay.
* The SDF director has an "allowDisconnectedGraphs"parameter, which, when true, permits disconnected SDF graphs.
* The token consumption rate and production rates might be mismatched.
Usually, actors produce one token or consume one token on a port.  To produce or consume multiple tokens per firing, add a "tokenConsumptionRate" or "tokenProductionRate" parameter to the appropriate port.
Unscheduled actors:
.partiallyConnected.Const2 
Scheduled actors:
.partiallyConnected.Const 
  in .partiallyConnected.SDF Director.Scheduler
	at ptolemy.domains.sdf.kernel.SDFScheduler._scheduleConnectedActors(SDFScheduler.java:1828)
	at ptolemy.domains.sdf.kernel.SDFScheduler._getSchedule(SDFScheduler.java:587)
	at ptolemy.actor.sched.Scheduler.getSchedule(Scheduler.java:189)
	at ptolemy.domains.sdf.kernel.SDFDirector.createSchedule(SDFDirector.java:408)
	at ptolemy.domains.sdf.kernel.SDFDirector.preinitialize(SDFDirector.java:764)
	at ptolemy.actor.CompositeActor.preinitialize(CompositeActor.java:1828)
	at ptolemy.actor.Manager.preinitializeAndResolveTypes(Manager.java:1040)
	at ptolemy.actor.Manager.initialize(Manager.java:710)
	at ptolemy.actor.Manager.execute(Manager.java:356)
	at ptolemy.actor.Manager.run(Manager.java:1263)
	at ptolemy.actor.Manager$PtolemyRunThread.run(Manager.java:1915)
]]></system-err>
</testsuite>
