/home/travis/build/icyphy/ptII/bin/ant: Running /home/travis/build/icyphy/ptII/ant/bin/ant build test.export5.xml
Buildfile: /home/travis/build/icyphy/ptII/build.xml

build-message:
     [echo] Use ant -p to see other targets. JAVA_HOME=/usr/local/lib/jvm/openjdk11
     [echo] tools.jar is necessary for compilation of doc/doclets/.
     [echo] If compilation fails, try setting JAVA_HOME to the location of the JDK.
     [echo] For example:
     [echo]   [bldmastr@sisyphus ptII]$ which java
     [echo]   /usr/bin/java
     [echo]   [bldmastr@sisyphus ptII]$ ls -l /usr/bin/java
     [echo]   lrwxrwxrwx 1 root root 26 Jul 31 10:12 /usr/bin/java -> /usr/java/default/bin/java
     [echo]   [bldmastr@sisyphus ptII]$ export JAVA_HOME=/usr/java/default
     [echo]     

-build-subprojects-empty:

build-subprojects:

-check-node:

-check-node-works:
     [exec] v7.10.1

-check-npm:

-check-npm-works:
     [exec] 4.2.0

-check-if-npmjs-org-is-up:
     [echo] Check to see if https://www.npmjs.org is up.

-jsdoc-no-network-message:

-check-jsdoc:

jsdoc-install:

jsdoc-update:

-ptdoc-no-node:

-ptdoc-no-npm:

ptdoc:
     [echo] 
     [echo]       If the ptdoc target fails, then try running:
     [echo]           ant build-project build-bin
     [echo]     

-check-node:

-check-node-works:
     [exec] v7.10.1

-check-npm:

-check-npm-works:
     [exec] 4.2.0

-check-if-npmjs-org-is-up:
     [echo] Check to see if https://www.npmjs.org is up or $TRAVIS is set.

-jsdoc-no-network-message:

-check-jsdoc:
     [echo] To stop CapeCode from invoking jsdoc and svn, set the PT_NO_NET environment variable.  
     [echo]     Under BASH:
     [echo]         export PT_NO_NET=true
     [echo]     If ptdoc fails, and you are building from $PTII, try:
     [echo]         ant build-project build-bin
     [echo]     

jsdoc-install:
     [echo] npm.executable: npm
    [mkdir] Created dir: /home/travis/build/icyphy/ptII/org/terraswarm/accessor/accessors/node_modules
     [exec] /home/travis/build/icyphy/ptII/org/terraswarm/accessor/accessors
     [exec] └─┬ @terraswarm/jsdoc@3.5.1-dev 
     [exec]   ├── bluebird@3.4.7 
     [exec]   ├─┬ catharsis@0.8.11 
     [exec]   │ └── lodash@4.17.15 
     [exec]   ├── escape-string-regexp@1.0.5 
     [exec]   ├─┬ espree@3.1.7 
     [exec]   │ ├── acorn@3.3.0 
     [exec]   │ └── acorn-jsx@3.0.1 
     [exec]   ├── js2xmlparser@1.0.0 
     [exec]   ├─┬ klaw@1.3.1 
     [exec]   │ └── graceful-fs@4.2.3 
     [exec]   ├── marked@0.3.19 
     [exec]   ├─┬ mkdirp@0.5.1 
     [exec]   │ └── minimist@0.0.8 
     [exec]   ├── requizzle@0.2.3 
     [exec]   ├── strip-json-comments@2.0.1 
     [exec]   ├── taffydb@2.6.2 
     [exec]   └── underscore@1.8.3 
     [exec] 
     [exec] npm WARN enoent ENOENT: no such file or directory, open '/home/travis/build/icyphy/ptII/org/terraswarm/accessor/accessors/package.json'
     [exec] npm WARN accessors No description
     [exec] npm WARN accessors No repository field.
     [exec] npm WARN accessors No README data
     [exec] npm WARN accessors No license field.

jsdoc-update:

-ptdoc-no-node-message:

-ptdoc-no-npm-message:

-check-jsdoc-again:

-jsdoc-command-message:

ptdoc:
     [echo] Invoke /home/travis/build/icyphy/ptII/org/terraswarm/accessor/accessors/web/../node_modules/@terraswarm/jsdoc/jsdoc.js to read *.js files and generate *PtDoc.xml files suitable for Ptolemy.
     [echo]     See https://chess.eecs.berkeley.edu/ptexternal/wiki/Main/JSDocSystems
     [echo]     See jsdoc/jsdoc.json
     [echo]     See jsdoc/plugins/accessorJSDocTags.js
     [echo]     See jsdoc/templates/ptdoc/publish.js
     [echo] 
     [echo]     If the ptdoc target fails, the there is likely a problem with node or npm.  It is possible
     [echo]     to use CapeCode even if the ptdoc target fails.
     [echo]     
     [echo]     If you are building from $PTII, try:
     [echo]         ant build-project build-bin
     [echo] 
     [echo]     
     [exec] Generating output files...
     [exec] Finished running in 17.69 seconds.

build-project:
     [echo] ptII: /home/travis/build/icyphy/ptII/build.xml
    [javac] Compiling 4251 source files to /home/travis/build/icyphy/ptII
    [javac] /home/travis/build/icyphy/ptII/ptolemy/util/StringUtilities.java:48: warning: Unsafe is internal proprietary API and may be removed in a future release
    [javac] import sun.misc.Unsafe;
    [javac]                ^
    [javac] /home/travis/build/icyphy/ptII/ptolemy/actor/lib/jjs/JavaScript.java:2673: warning: [removal] ScriptObjectMirror in jdk.nashorn.api.scripting has been deprecated and marked for removal
    [javac]                 if (possibilities instanceof ScriptObjectMirror) {
    [javac]                                              ^
    [javac] /home/travis/build/icyphy/ptII/ptolemy/actor/lib/jjs/JavaScript.java:2674: warning: [removal] ScriptObjectMirror in jdk.nashorn.api.scripting has been deprecated and marked for removal
    [javac]                     choices = ((ScriptObjectMirror) possibilities).values();
    [javac]                                 ^
    [javac] /home/travis/build/icyphy/ptII/ptolemy/actor/lib/jjs/HelperBase.java:71: warning: [removal] ScriptObjectMirror in jdk.nashorn.api.scripting has been deprecated and marked for removal
    [javac]     public HelperBase(Object actor, ScriptObjectMirror helping) {
    [javac]                                     ^
    [javac] /home/travis/build/icyphy/ptII/ptolemy/actor/lib/jjs/HelperBase.java:93: warning: [removal] ScriptObjectMirror in jdk.nashorn.api.scripting has been deprecated and marked for removal
    [javac]     public ScriptObjectMirror getHelping() {
    [javac]            ^
    [javac] /home/travis/build/icyphy/ptII/ptolemy/actor/lib/jjs/HelperBase.java:178: warning: [removal] ScriptObjectMirror in jdk.nashorn.api.scripting has been deprecated and marked for removal
    [javac]     protected void _error(ScriptObjectMirror emitter, final String message) {
    [javac]                           ^
    [javac] /home/travis/build/icyphy/ptII/ptolemy/actor/lib/jjs/HelperBase.java:202: warning: [removal] ScriptObjectMirror in jdk.nashorn.api.scripting has been deprecated and marked for removal
    [javac]     protected void _error(ScriptObjectMirror emitter, final String message,
    [javac]                           ^
    [javac] /home/travis/build/icyphy/ptII/ptolemy/actor/lib/jjs/HelperBase.java:462: warning: [removal] ScriptObjectMirror in jdk.nashorn.api.scripting has been deprecated and marked for removal
    [javac]         if (object instanceof ScriptObjectMirror /* || object instanceof NativeArray*/) {
    [javac]                               ^
    [javac] /home/travis/build/icyphy/ptII/ptolemy/actor/lib/jjs/HelperBase.java:465: warning: [removal] ScriptObjectMirror in jdk.nashorn.api.scripting has been deprecated and marked for removal
    [javac]             ScriptObjectMirror objectMirror = ((ScriptObjectMirror) object);
    [javac]             ^
    [javac] /home/travis/build/icyphy/ptII/ptolemy/actor/lib/jjs/HelperBase.java:465: warning: [removal] ScriptObjectMirror in jdk.nashorn.api.scripting has been deprecated and marked for removal
    [javac]             ScriptObjectMirror objectMirror = ((ScriptObjectMirror) object);
    [javac]                                                 ^
    [javac] /home/travis/build/icyphy/ptII/ptolemy/actor/lib/jjs/HelperBase.java:537: warning: [removal] ScriptObjectMirror in jdk.nashorn.api.scripting has been deprecated and marked for removal
    [javac]     protected ScriptObjectMirror _currentObj;
    [javac]               ^
    [javac] /home/travis/build/icyphy/ptII/ptolemy/actor/lib/jjs/NashornAccessorHostApplication.java:459: warning: [removal] ScriptObjectMirror in jdk.nashorn.api.scripting has been deprecated and marked for removal
    [javac]         public void setTopLevelAccessor(ScriptObjectMirror accessor) {
    [javac]                                         ^
    [javac] /home/travis/build/icyphy/ptII/ptolemy/actor/lib/jjs/VertxHelperBase.java:286: warning: [removal] ScriptObjectMirror in jdk.nashorn.api.scripting has been deprecated and marked for removal
    [javac]     protected VertxHelperBase(Object actor, ScriptObjectMirror helping) {
    [javac]                                             ^
    [javac] /home/travis/build/icyphy/ptII/ptolemy/actor/lib/jjs/VertxHelperBase.java:300: warning: [removal] ScriptObjectMirror in jdk.nashorn.api.scripting has been deprecated and marked for removal
    [javac]     protected VertxHelperBase(Object actor, ScriptObjectMirror helping,
    [javac]                                             ^
    [javac] /home/travis/build/icyphy/ptII/ptolemy/actor/lib/jjs/modules/audio/AudioHelper.java:71: warning: [removal] ScriptObjectMirror in jdk.nashorn.api.scripting has been deprecated and marked for removal
    [javac]     public AudioHelper(Object actor, ScriptObjectMirror currentObj) {
    [javac]                                      ^
    [javac] /home/travis/build/icyphy/ptII/ptolemy/actor/lib/jjs/modules/audio/ClipPlayerHelper.java:57: warning: [removal] ScriptObjectMirror in jdk.nashorn.api.scripting has been deprecated and marked for removal
    [javac]     public ClipPlayerHelper(Object actor, ScriptObjectMirror helping) {
    [javac]                                           ^
    [javac] /home/travis/build/icyphy/ptII/ptolemy/actor/lib/jjs/modules/cameras/CameraHelper.java:107: warning: [removal] ScriptObjectMirror in jdk.nashorn.api.scripting has been deprecated and marked for removal
    [javac]     public CameraHelper(Object actor, ScriptObjectMirror currentObj)
    [javac]                                       ^
    [javac] /home/travis/build/icyphy/ptII/ptolemy/actor/lib/jjs/modules/cameras/CameraHelper.java:121: warning: [removal] ScriptObjectMirror in jdk.nashorn.api.scripting has been deprecated and marked for removal
    [javac]     public CameraHelper(Object actor, ScriptObjectMirror currentObj,
    [javac]                                       ^
    [javac] /home/travis/build/icyphy/ptII/ptolemy/actor/lib/jjs/modules/crypto/CryptoHelper.java:81: warning: [removal] ScriptObjectMirror in jdk.nashorn.api.scripting has been deprecated and marked for removal
    [javac]     public CryptoHelper(Object actor, ScriptObjectMirror currentObj) {
    [javac]                                       ^
    [javac] /home/travis/build/icyphy/ptII/ptolemy/actor/lib/jjs/modules/dataConverter/DataConverterHelper.java:58: warning: [removal] ScriptObjectMirror in jdk.nashorn.api.scripting has been deprecated and marked for removal
    [javac]     public DataConverterHelper(Object actor, ScriptObjectMirror currentObj) {
    [javac]                                              ^
    [javac] /home/travis/build/icyphy/ptII/ptolemy/actor/lib/jjs/modules/eventbus/EventBusHelper.java:95: warning: [removal] ScriptObjectMirror in jdk.nashorn.api.scripting has been deprecated and marked for removal
    [javac]     public EventBusHelper(Object actor, ScriptObjectMirror vertxBusJS,
    [javac]                                         ^
    [javac] /home/travis/build/icyphy/ptII/ptolemy/actor/lib/jjs/modules/eventbus/EventBusHelper.java:277: warning: [removal] ScriptObjectMirror in jdk.nashorn.api.scripting has been deprecated and marked for removal
    [javac]     private ScriptObjectMirror _vertxBusJS;
    [javac]             ^
    [javac] /home/travis/build/icyphy/ptII/ptolemy/actor/lib/jjs/modules/httpClient/HttpClientHelper.java:132: warning: [removal] ScriptObjectMirror in jdk.nashorn.api.scripting has been deprecated and marked for removal
    [javac]     public void request(ScriptObjectMirror currentObj,
    [javac]                         ^
    [javac] /home/travis/build/icyphy/ptII/ptolemy/actor/lib/jjs/modules/httpClient/HttpClientHelper.java:148: warning: [removal] ScriptObjectMirror in jdk.nashorn.api.scripting has been deprecated and marked for removal
    [javac]             ScriptObjectMirror helping) {
    [javac]             ^
    [javac] /home/travis/build/icyphy/ptII/ptolemy/actor/lib/jjs/modules/httpClient/HttpClientHelper.java:212: warning: [removal] ScriptObjectMirror in jdk.nashorn.api.scripting has been deprecated and marked for removal
    [javac]     protected HttpClientHelper(Object actor, ScriptObjectMirror helping) {
    [javac]                                              ^
    [javac] /home/travis/build/icyphy/ptII/ptolemy/actor/lib/jjs/modules/httpClient/HttpClientHelper.java:221: warning: [removal] ScriptObjectMirror in jdk.nashorn.api.scripting has been deprecated and marked for removal
    [javac]     protected HttpClientHelper(Object actor, ScriptObjectMirror helping,
    [javac]                                              ^
    [javac] /home/travis/build/icyphy/ptII/ptolemy/actor/lib/jjs/modules/httpClient/HttpClientHelper.java:246: warning: [removal] ScriptObjectMirror in jdk.nashorn.api.scripting has been deprecated and marked for removal
    [javac]         protected ScriptObjectMirror _requestObj;
    [javac]                   ^
    [javac] /home/travis/build/icyphy/ptII/ptolemy/actor/lib/jjs/modules/httpClient/HttpClientHelper.java:248: warning: [removal] ScriptObjectMirror in jdk.nashorn.api.scripting has been deprecated and marked for removal
    [javac]         public HttpClientExceptionHandler(ScriptObjectMirror requestObj,
    [javac]                                           ^
    [javac] /home/travis/build/icyphy/ptII/ptolemy/actor/lib/jjs/modules/httpClient/HttpClientHelper.java:310: warning: [removal] ScriptObjectMirror in jdk.nashorn.api.scripting has been deprecated and marked for removal
    [javac]         protected ScriptObjectMirror _requestObj;
    [javac]                   ^
    [javac] /home/travis/build/icyphy/ptII/ptolemy/actor/lib/jjs/modules/httpClient/HttpClientHelper.java:312: warning: [removal] ScriptObjectMirror in jdk.nashorn.api.scripting has been deprecated and marked for removal
    [javac]         public HttpClientResponseHandler(ScriptObjectMirror requestObj,
    [javac]                                          ^
    [javac] /home/travis/build/icyphy/ptII/ptolemy/actor/lib/jjs/modules/httpClient/HttpClientHelper.java:604: warning: [removal] ScriptObjectMirror in jdk.nashorn.api.scripting has been deprecated and marked for removal
    [javac]         protected ScriptObjectMirror _requestObj;
    [javac]                   ^
    [javac] /home/travis/build/icyphy/ptII/ptolemy/actor/lib/jjs/modules/httpClient/HttpClientHelper.java:606: warning: [removal] ScriptObjectMirror in jdk.nashorn.api.scripting has been deprecated and marked for removal
    [javac]         public StartHttpRequest(ScriptObjectMirror requestObj,
    [javac]                                 ^
    [javac] /home/travis/build/icyphy/ptII/ptolemy/actor/lib/jjs/modules/httpServer/HttpServerHelper.java:138: warning: [removal] ScriptObjectMirror in jdk.nashorn.api.scripting has been deprecated and marked for removal
    [javac]             ScriptObjectMirror currentObj, String hostInterface, int port) {
    [javac]             ^
    [javac] /home/travis/build/icyphy/ptII/ptolemy/actor/lib/jjs/modules/httpServer/HttpServerHelper.java:306: warning: [removal] ScriptObjectMirror in jdk.nashorn.api.scripting has been deprecated and marked for removal
    [javac]     private HttpServerHelper(Object actor, ScriptObjectMirror currentObj,
    [javac]                                            ^
    [javac] /home/travis/build/icyphy/ptII/ptolemy/actor/lib/jjs/modules/mqtt/MQTTHelper.java:73: warning: [removal] ScriptObjectMirror in jdk.nashorn.api.scripting has been deprecated and marked for removal
    [javac]     public MQTTHelper(Object actor, ScriptObjectMirror helping) {
    [javac]                                     ^
    [javac] /home/travis/build/icyphy/ptII/ptolemy/actor/lib/jjs/modules/mqtt/MQTTHelper.java:89: warning: [removal] ScriptObjectMirror in jdk.nashorn.api.scripting has been deprecated and marked for removal
    [javac]             ScriptObjectMirror helping) {
    [javac]             ^
    [javac] /home/travis/build/icyphy/ptII/ptolemy/actor/lib/jjs/modules/mqtt/MQTTHelper.java:146: warning: [removal] ScriptObjectMirror in jdk.nashorn.api.scripting has been deprecated and marked for removal
    [javac]         public MQTTClientWrapper(ScriptObjectMirror currentObj, int port,
    [javac]                                  ^
    [javac] /home/travis/build/icyphy/ptII/ptolemy/actor/lib/jjs/modules/mqtt/MQTTHelper.java:298: warning: [removal] ScriptObjectMirror in jdk.nashorn.api.scripting has been deprecated and marked for removal
    [javac]         private ScriptObjectMirror _currentObj;
    [javac]                 ^
    [javac] /home/travis/build/icyphy/ptII/ptolemy/actor/lib/jjs/modules/serial/SerialHelper.java:77: warning: [removal] ScriptObjectMirror in jdk.nashorn.api.scripting has been deprecated and marked for removal
    [javac]     public SerialHelper(Object actor, ScriptObjectMirror helping,
    [javac]                                       ^
    [javac] /home/travis/build/icyphy/ptII/ptolemy/actor/lib/jjs/modules/shell/ShellHelper.java:74: warning: [removal] ScriptObjectMirror in jdk.nashorn.api.scripting has been deprecated and marked for removal
    [javac]     public static ShellHelper createShell(ScriptObjectMirror scriptObjectMirror,
    [javac]                                           ^
    [javac] /home/travis/build/icyphy/ptII/ptolemy/actor/lib/jjs/modules/shell/ShellHelper.java:148: warning: [removal] ScriptObjectMirror in jdk.nashorn.api.scripting has been deprecated and marked for removal
    [javac]     private ShellHelper(ScriptObjectMirror currentObj, String command) {
    [javac]                         ^
    [javac] /home/travis/build/icyphy/ptII/ptolemy/actor/lib/jjs/modules/shell/ShellHelper.java:232: warning: [removal] ScriptObjectMirror in jdk.nashorn.api.scripting has been deprecated and marked for removal
    [javac]     private ScriptObjectMirror _currentObj;
    [javac]             ^
    [javac] /home/travis/build/icyphy/ptII/ptolemy/actor/lib/jjs/modules/socket/SocketHelper.java:98: warning: [removal] ScriptObjectMirror in jdk.nashorn.api.scripting has been deprecated and marked for removal
    [javac]     public SocketHelper(Object actor, ScriptObjectMirror helping) {
    [javac]                                       ^
    [javac] /home/travis/build/icyphy/ptII/ptolemy/actor/lib/jjs/modules/socket/SocketHelper.java:122: warning: [removal] ScriptObjectMirror in jdk.nashorn.api.scripting has been deprecated and marked for removal
    [javac]     public void openClientSocket(final ScriptObjectMirror socketClient,
    [javac]                                        ^
    [javac] /home/travis/build/icyphy/ptII/ptolemy/actor/lib/jjs/modules/socket/SocketHelper.java:246: warning: [removal] ScriptObjectMirror in jdk.nashorn.api.scripting has been deprecated and marked for removal
    [javac]             ScriptObjectMirror helping) {
    [javac]             ^
    [javac] /home/travis/build/icyphy/ptII/ptolemy/actor/lib/jjs/modules/socket/SocketHelper.java:298: warning: [removal] ScriptObjectMirror in jdk.nashorn.api.scripting has been deprecated and marked for removal
    [javac]     public void startServer(final ScriptObjectMirror socketServer,
    [javac]                                   ^
    [javac] /home/travis/build/icyphy/ptII/ptolemy/actor/lib/jjs/modules/socket/SocketHelper.java:548: warning: [removal] ScriptObjectMirror in jdk.nashorn.api.scripting has been deprecated and marked for removal
    [javac]         public SocketWrapper(ScriptObjectMirror eventEmitter, Object socket,
    [javac]                              ^
    [javac] /home/travis/build/icyphy/ptII/ptolemy/actor/lib/jjs/modules/socket/SocketHelper.java:1015: warning: [removal] ScriptObjectMirror in jdk.nashorn.api.scripting has been deprecated and marked for removal
    [javac]         private ScriptObjectMirror _eventEmitter;
    [javac]                 ^
    [javac] /home/travis/build/icyphy/ptII/ptolemy/actor/lib/jjs/modules/speechRecognition/SpeechRecognitionHelper.java:92: warning: [removal] ScriptObjectMirror in jdk.nashorn.api.scripting has been deprecated and marked for removal
    [javac]     public SpeechRecognitionHelper(Object actor, ScriptObjectMirror helping,
    [javac]                                                  ^
    [javac] /home/travis/build/icyphy/ptII/ptolemy/actor/lib/jjs/modules/speechRecognition/SpeechRecognitionHelper.java:93: warning: [removal] ScriptObjectMirror in jdk.nashorn.api.scripting has been deprecated and marked for removal
    [javac]             ScriptObjectMirror options) throws IllegalActionException {
    [javac]             ^
    [javac] /home/travis/build/icyphy/ptII/ptolemy/actor/lib/jjs/modules/speechRecognition/SpeechRecognitionHelper.java:167: warning: [removal] ScriptObjectMirror in jdk.nashorn.api.scripting has been deprecated and marked for removal
    [javac]     public void setOptions(ScriptObjectMirror options)
    [javac]                            ^
    [javac] /home/travis/build/icyphy/ptII/ptolemy/actor/lib/jjs/modules/textDisplay/TextDisplayHelper.java:66: warning: [removal] ScriptObjectMirror in jdk.nashorn.api.scripting has been deprecated and marked for removal
    [javac]     public TextDisplayHelper(Object actor, ScriptObjectMirror currentObj) {
    [javac]                                            ^
    [javac] /home/travis/build/icyphy/ptII/ptolemy/actor/lib/jjs/modules/textDisplay/TextDisplayHelper.java:75: warning: [removal] ScriptObjectMirror in jdk.nashorn.api.scripting has been deprecated and marked for removal
    [javac]     public TextDisplayHelper(Object actor, ScriptObjectMirror currentObj,
    [javac]                                            ^
    [javac] /home/travis/build/icyphy/ptII/ptolemy/actor/lib/jjs/modules/udpSocket/UDPSocketHelper.java:71: warning: [removal] ScriptObjectMirror in jdk.nashorn.api.scripting has been deprecated and marked for removal
    [javac]     public UDPSocketHelper(Object actor, ScriptObjectMirror helping) {
    [javac]                                          ^
    [javac] /home/travis/build/icyphy/ptII/ptolemy/actor/lib/jjs/modules/udpSocket/UDPSocketHelper.java:83: warning: [removal] ScriptObjectMirror in jdk.nashorn.api.scripting has been deprecated and marked for removal
    [javac]     public UDPSocket createSocket(ScriptObjectMirror scriptObjectMirror,
    [javac]                                   ^
    [javac] /home/travis/build/icyphy/ptII/ptolemy/actor/lib/jjs/modules/udpSocket/UDPSocketHelper.java:97: warning: [removal] ScriptObjectMirror in jdk.nashorn.api.scripting has been deprecated and marked for removal
    [javac]             ScriptObjectMirror helping) {
    [javac]             ^
    [javac] /home/travis/build/icyphy/ptII/ptolemy/actor/lib/jjs/modules/udpSocket/UDPSocketHelper.java:139: warning: [removal] ScriptObjectMirror in jdk.nashorn.api.scripting has been deprecated and marked for removal
    [javac]         public UDPSocket(ScriptObjectMirror currentObj,
    [javac]                          ^
    [javac] /home/travis/build/icyphy/ptII/ptolemy/actor/lib/jjs/modules/udpSocket/UDPSocketHelper.java:161: warning: [removal] ScriptObjectMirror in jdk.nashorn.api.scripting has been deprecated and marked for removal
    [javac]                 final ScriptObjectMirror callback) {
    [javac]                       ^
    [javac] /home/travis/build/icyphy/ptII/ptolemy/actor/lib/jjs/modules/udpSocket/UDPSocketHelper.java:249: warning: [removal] ScriptObjectMirror in jdk.nashorn.api.scripting has been deprecated and marked for removal
    [javac]                 final String hostname, final ScriptObjectMirror callback) {
    [javac]                                              ^
    [javac] /home/travis/build/icyphy/ptII/ptolemy/actor/lib/jjs/modules/udpSocket/UDPSocketHelper.java:263: warning: [removal] ScriptObjectMirror in jdk.nashorn.api.scripting has been deprecated and marked for removal
    [javac]                 } else if (data instanceof ScriptObjectMirror) {
    [javac]                                            ^
    [javac] /home/travis/build/icyphy/ptII/ptolemy/actor/lib/jjs/modules/udpSocket/UDPSocketHelper.java:277: warning: [removal] ScriptObjectMirror in jdk.nashorn.api.scripting has been deprecated and marked for removal
    [javac]                         for (Object element : ((ScriptObjectMirror) data)
    [javac]                                                 ^
    [javac] /home/travis/build/icyphy/ptII/ptolemy/actor/lib/jjs/modules/udpSocket/UDPSocketHelper.java:285: warning: [removal] ScriptObjectMirror in jdk.nashorn.api.scripting has been deprecated and marked for removal
    [javac]                         for (Object element : ((ScriptObjectMirror) data)
    [javac]                                                 ^
    [javac] /home/travis/build/icyphy/ptII/ptolemy/actor/lib/jjs/modules/udpSocket/UDPSocketHelper.java:468: warning: [removal] ScriptObjectMirror in jdk.nashorn.api.scripting has been deprecated and marked for removal
    [javac]         private ScriptObjectMirror _currentObj;
    [javac]                 ^
    [javac] /home/travis/build/icyphy/ptII/ptolemy/actor/lib/jjs/modules/userInterface/VertxBrowserHelper.java:73: warning: [removal] ScriptObjectMirror in jdk.nashorn.api.scripting has been deprecated and marked for removal
    [javac]     public VertxBrowserHelper(Object actor, ScriptObjectMirror currentObj)
    [javac]                                             ^
    [javac] /home/travis/build/icyphy/ptII/ptolemy/actor/lib/jjs/modules/webSocket/WebSocketHelper.java:138: warning: [removal] ScriptObjectMirror in jdk.nashorn.api.scripting has been deprecated and marked for removal
    [javac]             ScriptObjectMirror currentObj, String host, boolean sslTls,
    [javac]             ^
    [javac] /home/travis/build/icyphy/ptII/ptolemy/actor/lib/jjs/modules/webSocket/WebSocketHelper.java:170: warning: [removal] ScriptObjectMirror in jdk.nashorn.api.scripting has been deprecated and marked for removal
    [javac]             ScriptObjectMirror currentObj, WebSocketBase serverWebSocket,
    [javac]             ^
    [javac] /home/travis/build/icyphy/ptII/ptolemy/actor/lib/jjs/modules/webSocket/WebSocketHelper.java:471: warning: [removal] ScriptObjectMirror in jdk.nashorn.api.scripting has been deprecated and marked for removal
    [javac]     private WebSocketHelper(Object actor, ScriptObjectMirror currentObj,
    [javac]                                           ^
    [javac] /home/travis/build/icyphy/ptII/ptolemy/actor/lib/jjs/modules/webSocket/WebSocketHelper.java:542: warning: [removal] ScriptObjectMirror in jdk.nashorn.api.scripting has been deprecated and marked for removal
    [javac]     private WebSocketHelper(Object actor, ScriptObjectMirror currentObj,
    [javac]                                           ^
    [javac] /home/travis/build/icyphy/ptII/ptolemy/actor/lib/jjs/modules/webSocket/WebSocketServerHelper.java:123: warning: [removal] ScriptObjectMirror in jdk.nashorn.api.scripting has been deprecated and marked for removal
    [javac]             ScriptObjectMirror currentObj, String hostInterface, boolean sslTls,
    [javac]             ^
    [javac] /home/travis/build/icyphy/ptII/ptolemy/actor/lib/jjs/modules/webSocket/WebSocketServerHelper.java:304: warning: [removal] ScriptObjectMirror in jdk.nashorn.api.scripting has been deprecated and marked for removal
    [javac]     private WebSocketServerHelper(Object actor, ScriptObjectMirror currentObj,
    [javac]                                                 ^
    [javac] /home/travis/build/icyphy/ptII/ptolemy/actor/lib/jjs/modules/xbee/XBeeHelper.java:69: warning: [removal] ScriptObjectMirror in jdk.nashorn.api.scripting has been deprecated and marked for removal
    [javac]     public XBeeHelper(Object actor, ScriptObjectMirror helping, String portName,
    [javac]                                     ^
    [javac] /home/travis/build/icyphy/ptII/ptolemy/util/StringUtilities.java:118: warning: Unsafe is internal proprietary API and may be removed in a future release
    [javac]             Field theUnsafe = Unsafe.class.getDeclaredField("theUnsafe");
    [javac]                               ^
    [javac] /home/travis/build/icyphy/ptII/ptolemy/util/StringUtilities.java:120: warning: Unsafe is internal proprietary API and may be removed in a future release
    [javac]             Unsafe unsafe = (Unsafe) theUnsafe.get(null);
    [javac]             ^
    [javac] /home/travis/build/icyphy/ptII/ptolemy/util/StringUtilities.java:120: warning: Unsafe is internal proprietary API and may be removed in a future release
    [javac]             Unsafe unsafe = (Unsafe) theUnsafe.get(null);
    [javac]                              ^
    [javac] Note: Some input files use or override a deprecated API.
    [javac] Note: Recompile with -Xlint:deprecation for details.
    [javac] Note: Some input files use unchecked or unsafe operations.
    [javac] Note: Recompile with -Xlint:unchecked for details.
    [javac] 74 warnings

-check-ptII-mk-file:

-check-bin-vergil:

-check-make-bin-vergil:

build-bin-not:

build-not-bin-vergil:
     [echo] 
     [echo] 	$PTII/bin/vergil does not exist, perhaps (cd $PTII/bin; make) has not been run?
     [echo] 	This can happen if the make binary cannot be found in the path or if $PTII/mk/ptII.mk
     [echo] 	is not present.
     [echo] 	Skipping running make in $PTII/bin, which creates scripts like $PTII/bin/vergil.
     [echo] 	This is only an issue if you want to invoke "$PTII/bin/vergil" instead of "ant vergil".
     [echo] 	However, $PTII/bin does include other scripts that may be of use.
     [echo]       

build-bin:
     [exec] for file in .momllib-util .nc2moml-util .ncapp2moml-util capecode convertToLazy copernicus decompile emachine giottoc histogram homer jode mescal moml obfuscate ptcg ptcodegen ptexecute ptjacl ptjaclapp ptplot ptstartjini ptolemy ptweb pxgraph soot tinicomm tinic tiniconverter startjini.gui vergil; do \
     [exec] 	echo "$file"; \
     [exec] 	rm -f "$file"; \
     [exec] 	ln -s ptinvoke "$file"; \
     [exec] 	chmod a+x "$file"; \
     [exec] done
     [exec] .momllib-util
     [exec] .nc2moml-util
     [exec] .ncapp2moml-util
     [exec] capecode
     [exec] convertToLazy
     [exec] copernicus
     [exec] decompile
     [exec] emachine
     [exec] giottoc
     [exec] histogram
     [exec] homer
     [exec] jode
     [exec] mescal
     [exec] moml
     [exec] obfuscate
     [exec] ptcg
     [exec] ptcodegen
     [exec] ptexecute
     [exec] ptjacl
     [exec] ptjaclapp
     [exec] ptplot
     [exec] ptstartjini
     [exec] ptolemy
     [exec] ptweb
     [exec] pxgraph
     [exec] soot
     [exec] tinicomm
     [exec] tinic
     [exec] tiniconverter
     [exec] startjini.gui
     [exec] vergil
     [exec] rm -f makebat
     [exec] ln -s ptinvoke makebat
     [exec] rm -f ".momllib-util.bat"
     [exec] ./makebat -q "`basename .momllib-util.bat .bat`"
     [exec] rm -f ".nc2moml-util.bat"
     [exec] ./makebat -q "`basename .nc2moml-util.bat .bat`"
     [exec] rm -f ".ncapp2moml-util.bat"
     [exec] ./makebat -q "`basename .ncapp2moml-util.bat .bat`"
     [exec] rm -f "capecode.bat"
     [exec] ./makebat -q "`basename capecode.bat .bat`"
     [exec] rm -f "convertToLazy.bat"
     [exec] ./makebat -q "`basename convertToLazy.bat .bat`"
     [exec] rm -f "copernicus.bat"
     [exec] ./makebat -q "`basename copernicus.bat .bat`"
     [exec] rm -f "decompile.bat"
     [exec] ./makebat -q "`basename decompile.bat .bat`"
     [exec] rm -f "emachine.bat"
     [exec] ./makebat -q "`basename emachine.bat .bat`"
     [exec] rm -f "giottoc.bat"
     [exec] ./makebat -q "`basename giottoc.bat .bat`"
     [exec] rm -f "histogram.bat"
     [exec] ./makebat -q "`basename histogram.bat .bat`"
     [exec] rm -f "homer.bat"
     [exec] ./makebat -q "`basename homer.bat .bat`"
     [exec] rm -f "jode.bat"
     [exec] ./makebat -q "`basename jode.bat .bat`"
     [exec] rm -f "mescal.bat"
     [exec] ./makebat -q "`basename mescal.bat .bat`"
     [exec] LD_LIBRARY_PATH = /home/travis/build/icyphy/ptII/mescal/lib:/home/travis/build/icyphy/ptII/mescal/bin:/usr/local/lib:/home/travis/build/icyphy/ptII/lib:/home/travis/pthla/certi-tools/lib:/home/travis/pthla/certi-tools/lib:/usr/lib/jni:/usr/local/share/OpenCV/java/:/usr/share/OpenCV/java:
     [exec] rm -f "moml.bat"
     [exec] ./makebat -q "`basename moml.bat .bat`"
     [exec] rm -f "obfuscate.bat"
     [exec] ./makebat -q "`basename obfuscate.bat .bat`"
     [exec] rm -f "ptcg.bat"
     [exec] ./makebat -q "`basename ptcg.bat .bat`"
     [exec] rm -f "ptcodegen.bat"
     [exec] ./makebat -q "`basename ptcodegen.bat .bat`"
     [exec] rm -f "ptexecute.bat"
     [exec] ./makebat -q "`basename ptexecute.bat .bat`"
     [exec] rm -f "ptjacl.bat"
     [exec] ./makebat -q "`basename ptjacl.bat .bat`"
     [exec] rm -f "ptjaclapp.bat"
     [exec] ./makebat -q "`basename ptjaclapp.bat .bat`"
     [exec] rm -f "ptplot.bat"
     [exec] ./makebat -q "`basename ptplot.bat .bat`"
     [exec] rm -f "ptstartjini.bat"
     [exec] ./makebat -q "`basename ptstartjini.bat .bat`"
     [exec] rm -f "ptolemy.bat"
     [exec] ./makebat -q "`basename ptolemy.bat .bat`"
     [exec] rm -f "ptweb.bat"
     [exec] ./makebat -q "`basename ptweb.bat .bat`"
     [exec] rm -f "pxgraph.bat"
     [exec] ./makebat -q "`basename pxgraph.bat .bat`"
     [exec] rm -f "soot.bat"
     [exec] ./makebat -q "`basename soot.bat .bat`"
     [exec] rm -f "tinicomm.bat"
     [exec] ./makebat -q "`basename tinicomm.bat .bat`"
     [exec] rm -f "tinic.bat"
     [exec] ./makebat -q "`basename tinic.bat .bat`"
     [exec] rm -f "tiniconverter.bat"
     [exec] ./makebat -q "`basename tiniconverter.bat .bat`"
     [exec] rm -f "startjini.gui.bat"
     [exec] ./makebat -q "`basename startjini.gui.bat .bat`"
     [exec] rm -f "vergil.bat"
     [exec] ./makebat -q "`basename vergil.bat .bat`"
     [exec] rm -f makeapp
     [exec] ln -s ptinvoke makeapp
     [exec] chmod a+x ptinvoke makeapp
     [exec] ./makeapp CapeCode.app CAPECODE -capecode
     [exec] ./makeapp: /home/travis/build/icyphy/ptII/vendors/universalJavaApplicationStub/src/universalJavaApplicationStub does not exist, creating it from GitHub.
     [exec] Cloning into 'universalJavaApplicationStub'...
     [exec] Updating universalJavaApplicationStub from /home/travis/build/icyphy/ptII/vendors/universalJavaApplicationStub/src/universalJavaApplicationStub
     [exec] Unrecognized option: -d32
     [exec] Error: Could not create the Java Virtual Machine.
     [exec] Error: A fatal exception has occurred. Program will exit.
     [exec] configure: WARNING: Running java -d32 -version failed,
     [exec]     and ./bin/java does not exist.
     [exec]     Perhaps you need to install a separate 32-bit JVM
     [exec]     or rerun configure with --with-java32?
     [exec]     The 32-bit JVM is only needed for certain 32-bit FMI tests.
     [exec]     In general, under a 64-bit JVM, FMI will work fine without a 32-bit JVM.
     [exec] configure: WARNING: Cannot find '/usr/local/lib/jvm/openjdk11/bin/javaws'.
     [exec]     or '/Commands/javaws', looking in the path.
     [exec]     This is only a problem when testing the Java Webstart (JNLP) files.
     [exec] configure: WARNING: The javaws command "" is not executable or not found.
     [exec]     This is only a problem when testing the Java Webstart (JNLP) files.
     [exec] configure: WARNING: Failed to find /usr/local/include/boost/numeric/odeint.hpp
     [exec]     This is only a problem if you want to rebuild the Functional
     [exec]     Mock-up Interface ++ C files in actor/lib/fmi/fmipp.
     [exec]     Most users can use the shared libraries in /home/travis/build/icyphy/ptII/lib or /home/travis/build/icyphy/ptII/bin.
     [exec] configure: WARNING: Failed to find Checkstyle in /home/travis/build/icyphy/ptII/vendors/checkstyle-6.2
     [exec]     Checkstyle is only necessary for code cleaning.
     [exec]     Checkstyle is LGPL'd, so while it could be in the ptII repo, we don't add it.
     [exec]     Checkstyle may be downloaded from http://checkstyle.sourceforge.net/
     [exec] configure: WARNING: Did not find /home/travis/build/icyphy/ptII/vendors/misc/colt/colt.jar,
     [exec]     using /home/travis/build/icyphy/ptII/lib/ptcolt.jar
     [exec] CORBATest.java:28: error: package org.omg.CORBA does not exist
     [exec] import org.omg.CORBA.Object;
     [exec]                     ^
     [exec] CORBATest.java:46: error: package org.omg.CORBA does not exist
     [exec]     public static org.omg.CORBA.Object corbaObject = null;
     [exec]                                ^
     [exec] 2 errors
     [exec] configure: WARNING: '"/usr/local/lib/jvm/openjdk11/bin/javac" CORBATest.java' failed.
     [exec]     perhaps you are running an JDK 1.9?
     [exec]     You will not be able to run the ptolemy.actor.corba actors,
     [exec]     which is probably not a problem.
     [exec] configure: WARNING: Failed to find Cobertura in /home/travis/build/icyphy/ptII/vendors/corbertura-2.0.3
     [exec]     Cobertura is only necessary to for code coverage.
     [exec]     Cobertura is GPL'd, so we don't check it in to the ptII repository.
     [exec]     Cobertura may be downloaded from http://cobertura.github.io/cobertura/
     [exec] configure: WARNING: Failed to find CUnit in /usr/local or
     [exec]     /home/travis/build/icyphy/ptII/vendors/CUnit.
     [exec]     CUnit is only necessary to test the C templates of the code generation facility
     [exec] configure: WARNING: Could not find tools.jar, checking for classes.jar
     [exec] configure: WARNING: Could not find tools.jar or classes.jar in
     [exec]     PTJAVA_HOME = /usr/local/lib/jvm/openjdk11
     [exec]     Usually, tools.jar is in PTJAVA_HOME/../lib/tools.jar
     [exec]     or classes.jar is in PTJAVA_HOME/../Classes/classes.jar
     [exec]     Since tools.jar and classes.jar cannot be found,
     [exec]     we will not use doclets from ptII/doc/doclets, which
     [exec]     means that the actor documentation index system will not work.
     [exec] configure: WARNING: Failed to find /home/travis/build/icyphy/ptII/vendors/mbed/gcc-arm/bin/arm-none-eabi-gcc
     [exec]     so the Mbed CG facility will not be run.
     [exec] JAITest.java:32: error: package com.sun.image.codec.jpeg does not exist
     [exec] import com.sun.image.codec.jpeg.JPEGCodec;
     [exec]                                ^
     [exec] JAITest.java:28: error: package javax.media.jai does not exist
     [exec] import javax.media.jai.*;
     [exec] ^
     [exec] 2 errors
     [exec] configure: WARNING: JAI not found in the default classpath
     [exec] JAITest.java:32: error: package com.sun.image.codec.jpeg does not exist
     [exec] import com.sun.image.codec.jpeg.JPEGCodec;
     [exec]                                ^
     [exec] 1 error
     [exec] configure: WARNING: JAI not found in /home/travis/build/icyphy/ptII/vendors/jai-1_1_3
     [exec] configure: WARNING: '"/usr/local/lib/jvm/openjdk11/bin/javac" JAITest.java' failed and JAI jars were not found
     [exec]     in /home/travis/build/icyphy/ptII/vendors
     [exec]     perhaps the Java Advanced Imaging API is not installed?
     [exec] 
     [exec]     Note that JAI does not work in Java 9 and later because Java 9 removed
     [exec]     internal classes used by JAI.
     [exec]     See https://wiki.eecs.berkeley.edu/ptexternal/Main/JAI
     [exec] 
     [exec]     You need not download Jai unless you plan on using the video
     [exec]     actors in /home/travis/build/icyphy/ptII/ptolemy/actor/lib/jai
     [exec]     The JAI API can be downloaded from
     [exec]     http://www.oracle.com/technetwork/java/javasebusiness/downloads/java-archive-downloads-java-client-419417.html
     [exec] configure: WARNING: Failed to find /usr/local/jmodelica/include/jmi.h
     [exec]     which is part of JModelica.
     [exec]     Ptolemy optionally includes one or more FMUs that use JModelica.
     [exec]     To install JModelica, see https://svn.jmodelica.org/trunk/INSTALL
     [exec] JavaFXTest.java:28: error: package javafx.embed.swing does not exist
     [exec] import javafx.embed.swing.JFXPanel;
     [exec]                          ^
     [exec] JavaFXTest.java:29: error: package javafx.scene.media does not exist
     [exec] import javafx.scene.media.Media;
     [exec]                          ^
     [exec] JavaFXTest.java:49: error: cannot find symbol
     [exec]     public static JFXPanel fxPanel = null;
     [exec]                   ^
     [exec]   symbol:   class JFXPanel
     [exec]   location: class JavaFXTest
     [exec] 3 errors
     [exec] configure: WARNING: JavaFX not yet found
     [exec] JMFTest.java:28: error: package javax.media does not exist
     [exec] import javax.media.CaptureDeviceInfo;
     [exec]                   ^
     [exec] 1 error
     [exec] configure: WARNING: JMF not found in the default classpath, will check elsewhere next.
     [exec] Exception in thread "main" java.lang.RuntimeException: Could not load opencv_java320.
     [exec]     java.library.path = /home/travis/build/icyphy/ptII/lib:/home/travis/build/icyphy/ptII/lib:/home/travis/pthla/certi-tools/lib:/home/travis/pthla/certi-tools/lib:/usr/lib/jni:/usr/local/share/OpenCV/java/:/usr/share/OpenCV/java::/usr/java/packages/lib:/usr/lib64:/lib64:/lib:/usr/lib
     [exec] 	at OpenCVTest.main(OpenCVTest.java:75)
     [exec] Caused by: java.lang.UnsatisfiedLinkError: no opencv_java320 in java.library.path: [/home/travis/build/icyphy/ptII/lib, /home/travis/build/icyphy/ptII/lib, /home/travis/pthla/certi-tools/lib, /home/travis/pthla/certi-tools/lib, /usr/lib/jni, /usr/local/share/OpenCV/java/, /usr/share/OpenCV/java, ., /usr/java/packages/lib, /usr/lib64, /lib64, /lib, /usr/lib]
     [exec] 	at java.base/java.lang.ClassLoader.loadLibrary(ClassLoader.java:2660)
     [exec] 	at java.base/java.lang.Runtime.loadLibrary0(Runtime.java:829)
     [exec] 	at java.base/java.lang.System.loadLibrary(System.java:1867)
     [exec] 	at OpenCVTest.main(OpenCVTest.java:52)
     [exec] configure: WARNING: Failed to run OpenCV test program in /home/travis/build/icyphy/ptII/config with
     [exec]     /usr/local/lib/jvm/openjdk11/bin/java -classpath /home/travis/build/icyphy/ptII/lib/opencv-320.jar:. OpenCVTest
     [exec]     so we will try other jars.
     [exec] configure: WARNING: Could not find directory
     [exec]     '/home/travis/build/icyphy/ptII/vendors/sun/javacc-5.0'
     [exec]     so we search for the jjtree command.
     [exec] configure: WARNING: Failed to find jjtree
     [exec] configure: WARNING: Failed to find javacc, perhaps JavaCC is not installed?
     [exec]     You need not download JavaCC unless you plan on modifying .jjt files
     [exec]     in ptolemy/data/expr.
     [exec]     JavaCC is available from
     [exec]     https://javacc.org
     [exec] 
     [exec]     Note that the zip file that gets downloaded is actually an installer
     [exec]     that must be run to install the JavaCC.zip file that contains the classes.
     [exec] 
     [exec]     Note that JavaCC-4.1 and 4.2 will not work, there are problems with
     [exec]     ReInit() being static or not static.
     [exec] 
     [exec]     JavaCC-6.0 seems to not include the jjtree and javacc scripts, so
     [exec]     we recommend JavaCC-5.0.
     [exec] 
     [exec]     Try:
     [exec]     cd /home/travis/build/icyphy/ptII/vendors/sun
     [exec]     wget https://javacc.org/downloads/javacc-5.0.tar.gz
     [exec]     tar -zxf javacc-5.0.tar.gz
     [exec]     cd /home/travis/build/icyphy/ptII
     [exec]     ./configure
     [exec] 
     [exec]     Configure looks for JavaCC in /home/travis/build/icyphy/ptII/vendors/sun/javacc-5.0
     [exec]     so either install JavaCC in that location or use the --with-javacc= flag
     [exec]     and then rerun configure.'
     [exec] ls: cannot access '/home/travis/build/icyphy/ptII/vendors/jogl/lib/natives/linux-amd64/*.jar': No such file or directory
     [exec] configure: WARNING: /usr/local/lib/jvm/openjdk11/../include was not found.  As a result, compilation of JNI actors will fail.
     [exec] configure: WARNING: Failed to find matlab executable in the path.
     [exec]     Perhaps Matlab is not installed?
     [exec]     If Matlab is not present, then the Ptolemy II/Matlab interface in
     [exec]     $PTII/ptolemy/matlab will not be usable.
     [exec] configure: WARNING: Matlab was not found, but compiling the .java files in ptolemy/matlab/ should be ok.
     [exec] configure: WARNING: Failed to find the scalac binary,
     [exec]     so org/ptolemy/scala will be excluded
     [exec] SystemJar.main(): java.io.FileNotFoundException: /usr/local/lib/jvm/openjdk11/lib/rt.jar and /usr/local/lib/jvm/openjdk11/lib/core.jar and /usr/local/lib/jvm/openjdk11/../Classes/classes.jar either do not exist or are not readableSystemJar.main(): java.io.FileNotFoundException: /usr/local/lib/jvm/openjdk11/lib/rt.jar and /usr/local/lib/jvm/openjdk11/lib/core.jar and /usr/local/lib/jvm/openjdk11/../Classes/classes.jar either do not exist or are not readableconfigure: WARNING: ojdbc6.jar not found,
     [exec]     but only necessary to use database actors with Oracle.
     [exec]     If the mysql jar file is present, then the Oracle Java Database Connector is not necessary
     [exec]     To install ojdbc5.jar or ojdbc6.jar,
     [exec]     download it from https://www.oracle.com/technetwork/database/features/jdbc/jdbc-drivers-12c-download-1958347.html
     [exec]     copy it to ptolemy/actor/lib/database
     [exec]     and rerun ./configure
     [exec] configure: WARNING: Failed to find Batik Jar file
     [exec]     You need only have Batik if you are planning on rebuilding diva.jar
     [exec]     for use with Kepler.
     [exec]     Batik can be downloaded from http://xmlgraphics.apache.org/batik/,
     [exec]     batike-1.9/lib/batik-all-1.9.jar copied to /home/travis/build/icyphy/ptII/lib
     [exec]     and ./configure rerun.
     [exec] configure: WARNING: $TOSROOT is not set.  It must be set to use PtinyOS.
     [exec] configure: WARNING: $TOSROOT is set to '',
     [exec]      but there is no directory by that name, so we will not set up for PtinyOS.
     [exec]      For details, see /home/travis/build/icyphy/ptII/ptolemy/domains/ptinyos/README.txt.
     [exec] configure: WARNING: Failed to find giotto/gdk.jar
     [exec]     perhaps Giotto is not installed?
     [exec]     You need not download Giotto unless you plan on generating code for
     [exec]     Giotto models.
     [exec]     The Giotto SDK can be
     [exec]     downloaded from https://embedded.eecs.berkeley.edu/giotto/
     [exec]     Copy gdk.jar to /home/travis/build/icyphy/ptII/vendors/giotto, for example:
     [exec]         mkdir -p /home/travis/build/icyphy/ptII/vendors/giotto
     [exec]         cp C:/Program\ Files/Giotto*/gdk.jar /home/travis/build/icyphy/ptII/vendors/giotto/
     [exec] configure: WARNING: Failed to find boost/numeric/odeint.hpp, so FMI ++
     [exec]     will not be compiled. FMI++ is an extension of the
     [exec]     Functional Mockup Interface, see
     [exec]     http://sourceforge.net/p/fmipp/wiki/Home/
     [exec] Untaring /home/travis/build/icyphy/ptII/vendors/installer/MacJVM.tar.gz in /home/travis/build/icyphy/ptII/ now: Sat Dec 14 07:14:20 UTC 2019
     [exec] ./makeapp: Installation of /home/travis/build/icyphy/ptII/jdk succeeded.
     [exec] ./makeapp: copying /home/travis/build/icyphy/ptII/vendors/jogl to /home/travis/build/icyphy/ptII/bin
     [exec] touch CapeCode.app
     [exec] ./makeapp Vergil.app FULL -full
     [exec] Updating universalJavaApplicationStub from /home/travis/build/icyphy/ptII/vendors/universalJavaApplicationStub/src/universalJavaApplicationStub
     [exec] Untaring /home/travis/build/icyphy/ptII/vendors/installer/MacJVM.tar.gz in /home/travis/build/icyphy/ptII/ now: Sat Dec 14 07:14:23 UTC 2019
     [exec] ./makeapp: Installation of /home/travis/build/icyphy/ptII/jdk succeeded.
     [exec] touch Vergil.app
     [exec] chmod a+x ant cyphysim hyvisual startjini mkjnlp mkl4j mkosgi mkptdemo mkptlivelinkdemo mkpttest node npm ptjunit ptIITravisBuild.sh reloadAllAccessors updateFmu viptos 

build:

initReports:
    [mkdir] Created dir: /home/travis/build/icyphy/ptII/reports/doccheck
    [mkdir] Created dir: /home/travis/build/icyphy/ptII/reports/ojdcheck

test.export5.xml:
     [echo] 
     [echo]       ==test.export5.xml ==
     [echo]       This target runs the fifth batch of export demo tests
     [echo]       and generates JUnit xml output.
     [echo]       timeout = 4000000 milliseconds
     [echo]     
    [junit] javachdir: directory = ptolemy/vergil/basic/export/test
    [junit] javachdir: pwd: /home/travis/build/icyphy/ptII/ptolemy/vergil/basic/export/test  Invoking with -Djava.net.preferIPv4Stack=true
    [junit] +java --module-path /home/travis/build/icyphy/ptII/vendors/javafx/javafx-sdk-11.0.2/lib: --add-modules javafx.controls,javafx.swing,javafx.media, -Djava.net.preferIPv4Stack=true -Djavafx.verbose=true -Dprism.verbose=true -Dptolemy.ptII.dir=/home/travis/build/icyphy/ptII -Dptolemy.ptII.batchMode=true -Xmx3200m -classpath /home/travis/build/icyphy/ptII:/home/travis/build/icyphy/ptII/lib/bsh-2.0b4.jar:/home/travis/build/icyphy/ptII/lib/ptCal.jar:/home/travis/build/icyphy/ptII/lib/java_cup.jar:/home/travis/build/icyphy/ptII/lib/saxon8.jar:/home/travis/build/icyphy/ptII/lib/saxon8-dom.jar:/home/travis/build/icyphy/ptII/lib/chic.jar:/home/travis/build/icyphy/ptII/lib/ptcolt.jar:/home/travis/build/icyphy/ptII/vendors/misc/itext/iText.jar:/home/travis/build/icyphy/ptII/lib/g4ltl.jar:/home/travis/build/icyphy/ptII/lib/StructuralCoder.jar:/home/travis/build/icyphy/ptII/lib/jcerti.jar:/home/travis/build/icyphy/ptII/lib/javax.mail.jar:/home/travis/build/icyphy/ptII/vendors/JMF-2.1.1e/lib/jmf.jar:/home/travis/build/icyphy/ptII/lib/jna-4.0.0-variadic.jar:/home/travis/build/icyphy/ptII/vendors/misc/joystick/Joystick.jar:/home/travis/build/icyphy/ptII/lib/ptjacl.jar:/home/travis/build/icyphy/ptII/lib/jsoup-1.8.2.jar:/home/travis/build/icyphy/ptII/lib/junit-4.8.2.jar:/home/travis/build/icyphy/ptII/lib/JUnitParams-0.4.0.jar:/home/travis/build/icyphy/ptII/ptolemy/actor/lib/excel/jxl.jar:/home/travis/build/icyphy/ptII/lib/jython.jar:/home/travis/build/icyphy/ptII/lib/kieler.jar:/home/travis/build/icyphy/ptII/vendors/opencv/share/OpenCV/java/opencv-341.jar:/home/travis/build/icyphy/ptII/lib/oscP5.jar:/home/travis/build/icyphy/ptII/lib/nrjavaserial-3.11.0.devel.jar:/home/travis/build/icyphy/ptII/vendors/j3d/lib/Linux/j3dcore.jar:/home/travis/build/icyphy/ptII/vendors/j3d/lib/Linux/j3dutils.jar:/home/travis/build/icyphy/ptII/vendors/j3d/lib/Linux/vecmath.jar:/home/travis/build/icyphy/ptII/vendors/jogl/lib/Linux/gluegen-rt-natives-linux-amd64.jar:/home/travis/build/icyphy/ptII/vendors/jogl/lib/Linux/gluegen-rt.jar:/home/travis/build/icyphy/ptII/vendors/jogl/lib/Linux/jogl-all-natives-linux-amd64.jar:/home/travis/build/icyphy/ptII/vendors/jogl/lib/Linux/jogl-all.jar:/home/travis/build/icyphy/ptII/ptolemy/distributed/jini/jar/jini-core.jar:/home/travis/build/icyphy/ptII/ptolemy/distributed/jini/jar/jini-ext.jar:/home/travis/build/icyphy/ptII/ptolemy/distributed/jini/jar/sun-util.jar:/home/travis/build/icyphy/ptII/lib/protobuf-java-2.4.1.jar:/home/travis/build/icyphy/ptII/lib/org.eclipse.paho.client.mqttv3.jar:/home/travis/build/icyphy/ptII/lib/mapss.jar:/home/travis/build/icyphy/ptII/ptolemy/actor/ptalon/antlr/antlr.jar:/home/travis/build/icyphy/ptII/lib/JRI.jar:/home/travis/build/icyphy/ptII/lib/commons-lang-2.6.jar:/home/travis/build/icyphy/ptII/lib/commons-logging-1.1.1.jar:/home/travis/build/icyphy/ptII/lib/sootclasses.jar:/home/travis/build/icyphy/ptII/ptolemy/actor/lib/database/mysql-connector-java-5.1.6-bin.jar:/home/travis/build/icyphy/ptII/vendors/misc/sphinx4/sphinx4-data-5prealpha.jar:/home/travis/build/icyphy/ptII/vendors/misc/sphinx4/sphinx4-core-5prealpha.jar:/home/travis/build/icyphy/ptII/lib/PDFRenderer.jar:/home/travis/build/icyphy/ptII/lib/svgSalamander.jar:/home/travis/build/icyphy/ptII/lib/rsyntaxtextarea-2.6.0-SNAPSHOT.jar:/home/travis/build/icyphy/ptII/lib/hazelcast-3.8.2.jar:/home/travis/build/icyphy/ptII/lib/jackson-annotations-2.9.0.jar:/home/travis/build/icyphy/ptII/lib/jackson-core-2.9.3.jar:/home/travis/build/icyphy/ptII/lib/jackson-databind-2.9.3.jar:/home/travis/build/icyphy/ptII/lib/netty-buffer-4.1.19.Final.jar:/home/travis/build/icyphy/ptII/lib/netty-codec-4.1.19.Final.jar:/home/travis/build/icyphy/ptII/lib/netty-codec-dns-4.1.19.Final.jar:/home/travis/build/icyphy/ptII/lib/netty-codec-http-4.1.19.Final.jar:/home/travis/build/icyphy/ptII/lib/netty-codec-http2-4.1.19.Final.jar:/home/travis/build/icyphy/ptII/lib/netty-common-4.1.19.Final.jar:/home/travis/build/icyphy/ptII/lib/netty-handler-4.1.19.Final.jar:/home/travis/build/icyphy/ptII/lib/netty-resolver-4.1.19.Final.jar:/home/travis/build/icyphy/ptII/lib/netty-resolver-dns-4.1.19.Final.jar:/home/travis/build/icyphy/ptII/lib/netty-transport-4.1.19.Final.jar:/home/travis/build/icyphy/ptII/lib/vertx-codegen-3.5.1.jar:/home/travis/build/icyphy/ptII/lib/vertx-core-3.5.2-SNAPSHOT.jar:/home/travis/build/icyphy/ptII/lib/vertx-hazelcast-3.5.1.jar:/home/travis/build/icyphy/ptII/lib/vertx-lang-js-3.5.1.jar:/home/travis/build/icyphy/ptII/lib/vertx-service-proxy-3.5.1.jar:/home/travis/build/icyphy/ptII/lib/vertx-web-3.5.1.jar:/home/travis/build/icyphy/ptII/lib/slf4j-api-1.7.13.jar:/home/travis/build/icyphy/ptII/lib/slf4j-simple-1.7.13.jar:/home/travis/build/icyphy/ptII/lib/webcam-capture-0.3.12.jar:/home/travis/build/icyphy/ptII/lib/bridj-0.7.0.jar:/home/travis/build/icyphy/ptII/lib/xbjlib-1.1.0.nrjavaserial.jar:/home/travis/build/icyphy/ptII/ptolemy/moml/test:/home/travis/build/icyphy/ptII/ant/lib/ant-launcher.jar:/home/travis/build/icyphy/ptII/ant/lib/ant.jar:/home/travis/build/icyphy/ptII/ant/lib/ant-junit.jar:/home/travis/build/icyphy/ptII/ant/lib/ant-junit4.jar org.apache.tools.ant.taskdefs.optional.junit.JUnitTestRunner ptolemy.vergil.basic.export.test.junit.ExportModelJUnitTestBatch5 skipNonTests=false filtertrace=true haltOnError=false haltOnFailure=false formatter=org.apache.tools.ant.taskdefs.optional.junit.OutErrSummaryJUnitResultFormatter showoutput=true outputtoformatters=true logfailedtests=true threadid=0 logtestlistenerevents=false formatter=org.apache.tools.ant.taskdefs.optional.junit.XMLJUnitResultFormatter,/home/travis/build/icyphy/ptII/reports/junit/TEST-ptolemy.vergil.basic.export.test.junit.ExportModelJUnitTestBatch5.xml crashfile=/home/travis/build/icyphy/ptII/junitvmwatcher18008088957644346261.properties propsfile=/home/travis/build/icyphy/ptII/junit7579197981547547095.properties
    [junit] ExportModeJUnitTestBatch: There are 741 demos. Exporting demos: 441 to 590.
    [junit] Running ptolemy.vergil.basic.export.test.junit.ExportModelJUnitTestBatch5
    [junit] ####### 1 Sat Dec 14 07:14:27 UTC 2019 $PTII/bin/ptinvoke ptolemy.vergil.basic.export.ExportModel -force htm  -openComposites -timeOut 30000 -whiteBackground ptolemy/demo/RobotMPC/CollisionAvoidanceWithAccModel.xml $PTII/ptolemy/demo/RobotMPC/CollisionAvoidanceWithAccModel
    [junit] Warning: not running ptolemy/demo/RobotMPC/CollisionAvoidanceWithAccModel.xml. See ptolemy/vergil/basic/export/test/junit/ExportModelJUnitTest.java
    [junit] Exported /home/travis/build/icyphy/ptII/ptolemy/demo/RobotMPC/CollisionAvoidanceWithAccModel/index.html
    [junit] 18034 ms. Memory: 505856K Free: 268843K (53%)
    [junit] ####### 2 Sat Dec 14 07:14:45 UTC 2019 $PTII/bin/ptinvoke ptolemy.vergil.basic.export.ExportModel -force htm  -openComposites -timeOut 30000 -whiteBackground ptolemy/demo/RobotMPC/CollisionAvoidanceWithObservationRobots.xml $PTII/ptolemy/demo/RobotMPC/CollisionAvoidanceWithObservationRobots
    [junit] Warning: not running ptolemy/demo/RobotMPC/CollisionAvoidanceWithObservationRobots.xml. See ptolemy/vergil/basic/export/test/junit/ExportModelJUnitTest.java
    [junit] Exported /home/travis/build/icyphy/ptII/ptolemy/demo/RobotMPC/CollisionAvoidanceWithObservationRobots/index.html
    [junit] 98849 ms. Memory: 957440K Free: 462541K (48%)
    [junit] ####### 3 Sat Dec 14 07:16:24 UTC 2019 $PTII/bin/ptinvoke ptolemy.vergil.basic.export.ExportModel -force htm  -openComposites -timeOut 30000 -whiteBackground ptolemy/demo/RobotMPC/CollisionAvoidanceWithUncertainMeasurement.xml $PTII/ptolemy/demo/RobotMPC/CollisionAvoidanceWithUncertainMeasurement
    [junit] Warning: not running ptolemy/demo/RobotMPC/CollisionAvoidanceWithUncertainMeasurement.xml. See ptolemy/vergil/basic/export/test/junit/ExportModelJUnitTest.java
    [junit] Exported /home/travis/build/icyphy/ptII/ptolemy/demo/RobotMPC/CollisionAvoidanceWithUncertainMeasurement/index.html
    [junit] 18178 ms. Memory: 957440K Free: 323909K (34%)
    [junit] ####### 4 Sat Dec 14 07:16:42 UTC 2019 $PTII/bin/ptinvoke ptolemy.vergil.basic.export.ExportModel -force htm  -openComposites -timeOut 30000 -whiteBackground ptolemy/demo/RobotMPC/RobotMPC.xml $PTII/ptolemy/demo/RobotMPC/RobotMPC
    [junit] Warning: not running ptolemy/demo/RobotMPC/RobotMPC.xml. See ptolemy/vergil/basic/export/test/junit/ExportModelJUnitTest.java
    [junit] Exported /home/travis/build/icyphy/ptII/ptolemy/demo/RobotMPC/RobotMPC/index.html
    [junit] 3247 ms. Memory: 957440K Free: 181559K (19%)
    [junit] ####### 5 Sat Dec 14 07:16:45 UTC 2019 $PTII/bin/ptinvoke ptolemy.vergil.basic.export.ExportModel -force htm  -openComposites -timeOut 30000 -whiteBackground ptolemy/demo/RobotMPC/SimpleChase.xml $PTII/ptolemy/demo/RobotMPC/SimpleChase
    [junit] Warning: not running ptolemy/demo/RobotMPC/SimpleChase.xml. See ptolemy/vergil/basic/export/test/junit/ExportModelJUnitTest.java
    [junit] Exported /home/travis/build/icyphy/ptII/ptolemy/demo/RobotMPC/SimpleChase/index.html
    [junit] 7166 ms. Memory: 957440K Free: 596993K (62%)
    [junit] ####### 6 Sat Dec 14 07:16:53 UTC 2019 $PTII/bin/ptinvoke ptolemy.vergil.basic.export.ExportModel -force htm  -openComposites -timeOut 30000 -whiteBackground ptolemy/distributed/demo/Sleep/Sleep.xml $PTII/ptolemy/distributed/demo/Sleep/Sleep
    [junit] Warning: not running ptolemy/distributed/demo/Sleep/Sleep.xml. See ptolemy/vergil/basic/export/test/junit/ExportModelJUnitTest.java
    [junit] Exported /home/travis/build/icyphy/ptII/ptolemy/distributed/demo/Sleep/Sleep/index.html
    [junit] 3317 ms. Memory: 957440K Free: 473086K (49%)
    [junit] ####### 7 Sat Dec 14 07:16:56 UTC 2019 $PTII/bin/ptinvoke ptolemy.vergil.basic.export.ExportModel -force htm -run -openComposites -timeOut 30000 -whiteBackground ptolemy/domains/algebraic/demo/HeaterOpenTank/HeaterOpenTank.xml $PTII/ptolemy/domains/algebraic/demo/HeaterOpenTank/HeaterOpenTank
    [junit] Running .HeaterOpenTank
    [junit] 848 ms. Memory: 957440K Free: 321039K (34%)
    [junit] Exported /home/travis/build/icyphy/ptII/ptolemy/domains/algebraic/demo/HeaterOpenTank/HeaterOpenTank/index.html
    [junit] 5388 ms. Memory: 957440K Free: 565238K (59%)
    [junit] ####### 8 Sat Dec 14 07:17:01 UTC 2019 $PTII/bin/ptinvoke ptolemy.vergil.basic.export.ExportModel -force htm -run -openComposites -timeOut 30000 -whiteBackground ptolemy/domains/algebraic/demo/HeaterOpenTank/HeaterOpenTankRefactored.xml $PTII/ptolemy/domains/algebraic/demo/HeaterOpenTank/HeaterOpenTankRefactored
    [junit] Running .HeaterOpenTankRefactored
    [junit] 105 ms. Memory: 957440K Free: 460813K (48%)
    [junit] Exported /home/travis/build/icyphy/ptII/ptolemy/domains/algebraic/demo/HeaterOpenTank/HeaterOpenTankRefactored/index.html
    [junit] 4465 ms. Memory: 957440K Free: 284655K (30%)
    [junit] ####### 9 Sat Dec 14 07:17:06 UTC 2019 $PTII/bin/ptinvoke ptolemy.vergil.basic.export.ExportModel -force htm -run -openComposites -timeOut 30000 -whiteBackground ptolemy/domains/algebraic/demo/RLC/RLC.xml $PTII/ptolemy/domains/algebraic/demo/RLC/RLC
    [junit] Running .RLC
    [junit] 102 ms. Memory: 957440K Free: 172559K (18%)
    [junit] Exported /home/travis/build/icyphy/ptII/ptolemy/domains/algebraic/demo/RLC/RLC/index.html
    [junit] 4469 ms. Memory: 957440K Free: 572361K (60%)
    [junit] ####### 10 Sat Dec 14 07:17:10 UTC 2019 $PTII/bin/ptinvoke ptolemy.vergil.basic.export.ExportModel -force htm -run -openComposites -timeOut 30000 -whiteBackground ptolemy/domains/atc/demo/FirstPolicy/FirstPolicy.xml $PTII/ptolemy/domains/atc/demo/FirstPolicy/FirstPolicy
    [junit] Running .FirstPolicy
    [junit] ExportHTMLTimer went off after 30000 ms., calling getDirector().finish and getDirector().stopFire()
    [junit] 30006 ms. Memory: 957440K Free: 316943K (33%)
    [junit] Exported /home/travis/build/icyphy/ptII/ptolemy/domains/atc/demo/FirstPolicy/FirstPolicy/index.html
    [junit] 35192 ms. Memory: 957440K Free: 546075K (57%)
    [junit] ####### 11 Sat Dec 14 07:17:45 UTC 2019 $PTII/bin/ptinvoke ptolemy.vergil.basic.export.ExportModel -force htm -run -openComposites -timeOut 30000 -whiteBackground ptolemy/domains/atc/demo/SecondPolicy/SecondPolicy.xml $PTII/ptolemy/domains/atc/demo/SecondPolicy/SecondPolicy
    [junit] Running .SecondPolicy
    [junit] ExportHTMLTimer went off after 30000 ms., calling getDirector().finish and getDirector().stopFire()
    [junit] 30001 ms. Memory: 957440K Free: 296975K (31%)
    [junit] Exported /home/travis/build/icyphy/ptII/ptolemy/domains/atc/demo/SecondPolicy/SecondPolicy/index.html
    [junit] 34932 ms. Memory: 957440K Free: 524754K (55%)
    [junit] ####### 12 Sat Dec 14 07:18:20 UTC 2019 $PTII/bin/ptinvoke ptolemy.vergil.basic.export.ExportModel -force htm -run -openComposites -timeOut 30000 -whiteBackground ptolemy/domains/ca/demo/Conway/Conway.xml $PTII/ptolemy/domains/ca/demo/Conway/Conway
    [junit] Running .Conway
    [junit] 20556 ms. Memory: 957440K Free: 325133K (34%)
    [junit] Exported /home/travis/build/icyphy/ptII/ptolemy/domains/ca/demo/Conway/Conway/index.html
    [junit] 24864 ms. Memory: 957440K Free: 197087K (21%)
    [junit] ####### 13 Sat Dec 14 07:18:45 UTC 2019 $PTII/bin/ptinvoke ptolemy.vergil.basic.export.ExportModel -force htm -run -openComposites -timeOut 30000 -whiteBackground ptolemy/domains/ca/demo/ConwayRandom/ConwayRandom.xml $PTII/ptolemy/domains/ca/demo/ConwayRandom/ConwayRandom
    [junit] Running .ConwayRandom
    [junit] ExportHTMLTimer went off after 30000 ms., calling getDirector().finish and getDirector().stopFire()
    [junit] ExportHTMLTimer went off after 60000 ms., calling manager.stop().
    [junit] 60095 ms. Memory: 957440K Free: 235196K (25%)
    [junit] Exported /home/travis/build/icyphy/ptII/ptolemy/domains/ca/demo/ConwayRandom/ConwayRandom/index.html
    [junit] 64440 ms. Memory: 957440K Free: 679486K (71%)
    [junit] ####### 14 Sat Dec 14 07:19:50 UTC 2019 $PTII/bin/ptinvoke ptolemy.vergil.basic.export.ExportModel -force htm -run -openComposites -timeOut 30000 -whiteBackground ptolemy/domains/ci/demo/Router/Router.xml $PTII/ptolemy/domains/ci/demo/Router/Router
    [junit] Running .Router
    [junit] ExportHTMLTimer went off after 30000 ms., calling getDirector().finish and getDirector().stopFire()
    [junit] 30002 ms. Memory: 957440K Free: 542291K (57%)
    [junit] Exported /home/travis/build/icyphy/ptII/ptolemy/domains/ci/demo/Router/Router/index.html
    [junit] 34438 ms. Memory: 957440K Free: 303621K (32%)
    [junit] ####### 15 Sat Dec 14 07:20:24 UTC 2019 $PTII/bin/ptinvoke ptolemy.vergil.basic.export.ExportModel -force htm -run -openComposites -timeOut 30000 -whiteBackground ptolemy/domains/continuous/demo/BouncingBall/BouncingBall.xml $PTII/ptolemy/domains/continuous/demo/BouncingBall/BouncingBall
    [junit] Running .BouncingBall
    [junit] WARNING: An illegal reflective access operation has occurred
    [junit] WARNING: Illegal reflective access by javax.media.j3d.JoglPipeline (file:/home/travis/build/icyphy/ptII/vendors/j3d/lib/Linux/j3dcore.jar) to method sun.awt.AppContext.getAppContext()
    [junit] WARNING: Please consider reporting this to the maintainers of javax.media.j3d.JoglPipeline
    [junit] WARNING: Use --illegal-access=warn to enable warnings of further illegal reflective access operations
    [junit] WARNING: All illegal access operations will be denied in a future release
    [junit] ExportHTMLTimer went off after 30000 ms., calling getDirector().finish and getDirector().stopFire()
    [junit] 30014 ms. Memory: 957440K Free: 368128K (38%)
    [junit] Exported /home/travis/build/icyphy/ptII/ptolemy/domains/continuous/demo/BouncingBall/BouncingBall/index.html
    [junit] 34554 ms. Memory: 957440K Free: 171969K (18%)
    [junit] ####### 16 Sat Dec 14 07:20:59 UTC 2019 $PTII/bin/ptinvoke ptolemy.vergil.basic.export.ExportModel -force htm -run -openComposites -timeOut 30000 -whiteBackground ptolemy/domains/continuous/demo/BouncingBall/BouncingBallWithoutGR.xml $PTII/ptolemy/domains/continuous/demo/BouncingBall/BouncingBallWithoutGR
    [junit] Running .BouncingBallWithoutGR
    [junit] 769 ms. Memory: 957440K Free: 482723K (50%)
    [junit] Exported /home/travis/build/icyphy/ptII/ptolemy/domains/continuous/demo/BouncingBall/BouncingBallWithoutGR/index.html
    [junit] 5307 ms. Memory: 957440K Free: 331465K (35%)
    [junit] ####### 17 Sat Dec 14 07:21:04 UTC 2019 $PTII/bin/ptinvoke ptolemy.vergil.basic.export.ExportModel -force htm -run -openComposites -timeOut 30000 -whiteBackground ptolemy/domains/continuous/demo/Brownian/Brownian.xml $PTII/ptolemy/domains/continuous/demo/Brownian/Brownian
    [junit] Running .Brownian
    [junit] 273 ms. Memory: 957440K Free: 190369K (20%)
    [junit] Exported /home/travis/build/icyphy/ptII/ptolemy/domains/continuous/demo/Brownian/Brownian/index.html
    [junit] 4515 ms. Memory: 957440K Free: 696418K (73%)
    [junit] ####### 18 Sat Dec 14 07:21:09 UTC 2019 $PTII/bin/ptinvoke ptolemy.vergil.basic.export.ExportModel -force htm -run -openComposites -timeOut 30000 -whiteBackground ptolemy/domains/continuous/demo/CartPendulum/CartPendulum.xml $PTII/ptolemy/domains/continuous/demo/CartPendulum/CartPendulum
    [junit] Running .CartPendulum
    [junit] 18168 ms. Memory: 957440K Free: 686731K (72%)
    [junit] Exported /home/travis/build/icyphy/ptII/ptolemy/domains/continuous/demo/CartPendulum/CartPendulum/index.html
    [junit] 22953 ms. Memory: 957440K Free: 268906K (28%)
    [junit] ####### 19 Sat Dec 14 07:21:32 UTC 2019 $PTII/bin/ptinvoke ptolemy.vergil.basic.export.ExportModel -force htm -run -openComposites -timeOut 30000 -whiteBackground ptolemy/domains/continuous/demo/CarTracking/CarTracking.xml $PTII/ptolemy/domains/continuous/demo/CarTracking/CarTracking
    [junit] Running .CarTracking
    [junit] 3316 ms. Memory: 957440K Free: 539952K (56%)
    [junit] Exported /home/travis/build/icyphy/ptII/ptolemy/domains/continuous/demo/CarTracking/CarTracking/index.html
    [junit] 9178 ms. Memory: 957440K Free: 430871K (45%)
    [junit] ####### 20 Sat Dec 14 07:21:41 UTC 2019 $PTII/bin/ptinvoke ptolemy.vergil.basic.export.ExportModel -force htm -run -openComposites -timeOut 30000 -whiteBackground ptolemy/domains/continuous/demo/ComparedClocks/ComparedClocks.xml $PTII/ptolemy/domains/continuous/demo/ComparedClocks/ComparedClocks
    [junit] Running .ComparedClocks
    [junit] 125 ms. Memory: 957440K Free: 268592K (28%)
    [junit] Exported /home/travis/build/icyphy/ptII/ptolemy/domains/continuous/demo/ComparedClocks/ComparedClocks/index.html
    [junit] 4571 ms. Memory: 957440K Free: 552130K (58%)
    [junit] ####### 21 Sat Dec 14 07:21:45 UTC 2019 $PTII/bin/ptinvoke ptolemy.vergil.basic.export.ExportModel -force htm -run -openComposites -timeOut 30000 -whiteBackground ptolemy/domains/continuous/demo/ContinuousInsideDE/ContinuousInsideDE.xml $PTII/ptolemy/domains/continuous/demo/ContinuousInsideDE/ContinuousInsideDE
    [junit] Running .ContinuousInsideDE
    [junit] 89 ms. Memory: 957440K Free: 417617K (44%)
    [junit] Exported /home/travis/build/icyphy/ptII/ptolemy/domains/continuous/demo/ContinuousInsideDE/ContinuousInsideDE/index.html
    [junit] 4380 ms. Memory: 957440K Free: 304430K (32%)
    [junit] ####### 22 Sat Dec 14 07:21:50 UTC 2019 $PTII/bin/ptinvoke ptolemy.vergil.basic.export.ExportModel -force htm -run -openComposites -timeOut 30000 -whiteBackground ptolemy/domains/continuous/demo/DCMotor/DCMotor.xml $PTII/ptolemy/domains/continuous/demo/DCMotor/DCMotor
    [junit] Running .DCMotor
    [junit] ExportHTMLTimer went off after 30000 ms., calling getDirector().finish and getDirector().stopFire()
    [junit] 30009 ms. Memory: 957440K Free: 253721K (26%)
    [junit] Exported /home/travis/build/icyphy/ptII/ptolemy/domains/continuous/demo/DCMotor/DCMotor/index.html
    [junit] 34408 ms. Memory: 957440K Free: 595032K (62%)
    [junit] ####### 23 Sat Dec 14 07:22:24 UTC 2019 $PTII/bin/ptinvoke ptolemy.vergil.basic.export.ExportModel -force htm -run -openComposites -timeOut 30000 -whiteBackground ptolemy/domains/continuous/demo/Derivative/Derivative.xml $PTII/ptolemy/domains/continuous/demo/Derivative/Derivative
    [junit] Running .Derivative
    [junit] 166 ms. Memory: 957440K Free: 452279K (47%)
    [junit] Exported /home/travis/build/icyphy/ptII/ptolemy/domains/continuous/demo/Derivative/Derivative/index.html
    [junit] 4425 ms. Memory: 957440K Free: 327328K (34%)
    [junit] ####### 24 Sat Dec 14 07:22:28 UTC 2019 $PTII/bin/ptinvoke ptolemy.vergil.basic.export.ExportModel -force htm -run -openComposites -timeOut 30000 -whiteBackground ptolemy/domains/continuous/demo/Friction/Friction.xml $PTII/ptolemy/domains/continuous/demo/Friction/Friction
    [junit] Running .Friction
    [junit] 1381 ms. Memory: 957440K Free: 375114K (39%)
    [junit] Exported /home/travis/build/icyphy/ptII/ptolemy/domains/continuous/demo/Friction/Friction/index.html
    [junit] 6413 ms. Memory: 957440K Free: 475692K (50%)
    [junit] ####### 25 Sat Dec 14 07:22:35 UTC 2019 $PTII/bin/ptinvoke ptolemy.vergil.basic.export.ExportModel -force htm -run -openComposites -timeOut 30000 -whiteBackground ptolemy/domains/continuous/demo/FurutaPendulum/FurutaPendulum.xml $PTII/ptolemy/domains/continuous/demo/FurutaPendulum/FurutaPendulum
    [junit] Running .FurutaPendulum
    [junit] 24012 ms. Memory: 957440K Free: 358774K (37%)
    [junit] Exported /home/travis/build/icyphy/ptII/ptolemy/domains/continuous/demo/FurutaPendulum/FurutaPendulum/index.html
    [junit] 30016 ms. Memory: 957440K Free: 109577K (11%)
    [junit] ####### 26 Sat Dec 14 07:23:05 UTC 2019 $PTII/bin/ptinvoke ptolemy.vergil.basic.export.ExportModel -force htm -run -openComposites -timeOut 30000 -whiteBackground ptolemy/domains/continuous/demo/HierarchicalExecution/HierarchicalExecution.xml $PTII/ptolemy/domains/continuous/demo/HierarchicalExecution/HierarchicalExecution
    [junit] Running .HierarchicalExecution
    [junit] 1617 ms. Memory: 957440K Free: 364459K (38%)
    [junit] Exported /home/travis/build/icyphy/ptII/ptolemy/domains/continuous/demo/HierarchicalExecution/HierarchicalExecution/index.html
    [junit] 5844 ms. Memory: 957440K Free: 273795K (29%)
    [junit] ####### 27 Sat Dec 14 07:23:11 UTC 2019 $PTII/bin/ptinvoke ptolemy.vergil.basic.export.ExportModel -force htm -run -openComposites -timeOut 30000 -whiteBackground ptolemy/domains/continuous/demo/HybridPlant/HybridPlant.xml $PTII/ptolemy/domains/continuous/demo/HybridPlant/HybridPlant
    [junit] Running .HybridPlant
    [junit] 715 ms. Memory: 957440K Free: 475936K (50%)
    [junit] Exported /home/travis/build/icyphy/ptII/ptolemy/domains/continuous/demo/HybridPlant/HybridPlant/index.html
    [junit] 5098 ms. Memory: 957440K Free: 230117K (24%)
    [junit] ####### 28 Sat Dec 14 07:23:16 UTC 2019 $PTII/bin/ptinvoke ptolemy.vergil.basic.export.ExportModel -force htm -run -openComposites -timeOut 30000 -whiteBackground ptolemy/domains/continuous/demo/HybridPlant/RandomHybridPlant.xml $PTII/ptolemy/domains/continuous/demo/HybridPlant/RandomHybridPlant
    [junit] Running .RandomHybridPlant
    [junit] 560 ms. Memory: 957440K Free: 387651K (40%)
    [junit] Exported /home/travis/build/icyphy/ptII/ptolemy/domains/continuous/demo/HybridPlant/RandomHybridPlant/index.html
    [junit] 4995 ms. Memory: 957440K Free: 133636K (14%)
    [junit] ####### 29 Sat Dec 14 07:23:21 UTC 2019 $PTII/bin/ptinvoke ptolemy.vergil.basic.export.ExportModel -force htm -run -openComposites -timeOut 30000 -whiteBackground ptolemy/domains/continuous/demo/Hysteresis/Hysteresis.xml $PTII/ptolemy/domains/continuous/demo/Hysteresis/Hysteresis
    [junit] Running .Hysteresis
    [junit] 156 ms. Memory: 957440K Free: 557967K (58%)
    [junit] Exported /home/travis/build/icyphy/ptII/ptolemy/domains/continuous/demo/Hysteresis/Hysteresis/index.html
    [junit] 4489 ms. Memory: 957440K Free: 381808K (40%)
    [junit] ####### 30 Sat Dec 14 07:23:25 UTC 2019 $PTII/bin/ptinvoke ptolemy.vergil.basic.export.ExportModel -force htm -run -openComposites -timeOut 30000 -whiteBackground ptolemy/domains/continuous/demo/Hysteresis/HysteresisWithRandomDelay.xml $PTII/ptolemy/domains/continuous/demo/Hysteresis/HysteresisWithRandomDelay
    [junit] Running .HysteresisWithRandomDelay
    [junit] 188 ms. Memory: 957440K Free: 168302K (18%)
    [junit] Exported /home/travis/build/icyphy/ptII/ptolemy/domains/continuous/demo/Hysteresis/HysteresisWithRandomDelay/index.html
    [junit] 4513 ms. Memory: 957440K Free: 613296K (64%)
    [junit] ####### 31 Sat Dec 14 07:23:30 UTC 2019 $PTII/bin/ptinvoke ptolemy.vergil.basic.export.ExportModel -force htm -run -openComposites -timeOut 30000 -whiteBackground ptolemy/domains/continuous/demo/Hysteresis/HysteresisWithRandomLosses.xml $PTII/ptolemy/domains/continuous/demo/Hysteresis/HysteresisWithRandomLosses
    [junit] Running .HysteresisWithRandomLosses
    [junit] 1127 ms. Memory: 957440K Free: 654909K (68%)
    [junit] Exported /home/travis/build/icyphy/ptII/ptolemy/domains/continuous/demo/Hysteresis/HysteresisWithRandomLosses/index.html
    [junit] 5429 ms. Memory: 957440K Free: 478753K (50%)
    [junit] ####### 32 Sat Dec 14 07:23:35 UTC 2019 $PTII/bin/ptinvoke ptolemy.vergil.basic.export.ExportModel -force htm -run -openComposites -timeOut 30000 -whiteBackground ptolemy/domains/continuous/demo/LevelCrossingDetector/LevelCrossingDetector.xml $PTII/ptolemy/domains/continuous/demo/LevelCrossingDetector/LevelCrossingDetector
    [junit] Running .LevelCrossingDetector
    [junit] 27 ms. Memory: 957440K Free: 568574K (59%)
    [junit] Exported /home/travis/build/icyphy/ptII/ptolemy/domains/continuous/demo/LevelCrossingDetector/LevelCrossingDetector/index.html
    [junit] 4202 ms. Memory: 957440K Free: 493794K (52%)
    [junit] ####### 33 Sat Dec 14 07:23:40 UTC 2019 $PTII/bin/ptinvoke ptolemy.vergil.basic.export.ExportModel -force htm -run -openComposites -timeOut 30000 -whiteBackground ptolemy/domains/continuous/demo/LevelCrossingDetector/LevelCrossingDetectorDetectingDirections.xml $PTII/ptolemy/domains/continuous/demo/LevelCrossingDetector/LevelCrossingDetectorDetectingDirections
    [junit] Running .LevelCrossingDetectorDetectingDirections
    [junit] 65 ms. Memory: 957440K Free: 589221K (62%)
    [junit] Exported /home/travis/build/icyphy/ptII/ptolemy/domains/continuous/demo/LevelCrossingDetector/LevelCrossingDetectorDetectingDirections/index.html
    [junit] 4288 ms. Memory: 957440K Free: 484732K (51%)
    [junit] ####### 34 Sat Dec 14 07:23:44 UTC 2019 $PTII/bin/ptinvoke ptolemy.vergil.basic.export.ExportModel -force htm -run -openComposites -timeOut 30000 -whiteBackground ptolemy/domains/continuous/demo/LevelCrossingDetectorDetectsGlitches/LevelCrossingDetectorDetectsGlitches.xml $PTII/ptolemy/domains/continuous/demo/LevelCrossingDetectorDetectsGlitches/LevelCrossingDetectorDetectsGlitches
    [junit] Running .LevelCrossingDetectorDetectsGlitches
    [junit] 62 ms. Memory: 957440K Free: 613687K (64%)
    [junit] Exported /home/travis/build/icyphy/ptII/ptolemy/domains/continuous/demo/LevelCrossingDetectorDetectsGlitches/LevelCrossingDetectorDetectsGlitches/index.html
    [junit] 4420 ms. Memory: 957440K Free: 559918K (58%)
    [junit] ####### 35 Sat Dec 14 07:23:48 UTC 2019 $PTII/bin/ptinvoke ptolemy.vergil.basic.export.ExportModel -force htm -run -openComposites -timeOut 30000 -whiteBackground ptolemy/domains/continuous/demo/Lorenz/Lorenz.xml $PTII/ptolemy/domains/continuous/demo/Lorenz/Lorenz
    [junit] Running .Lorenz
    [junit] 3793 ms. Memory: 957440K Free: 262487K (27%)
    [junit] Exported /home/travis/build/icyphy/ptII/ptolemy/domains/continuous/demo/Lorenz/Lorenz/index.html
    [junit] 7931 ms. Memory: 957440K Free: 646464K (68%)
    [junit] ####### 36 Sat Dec 14 07:23:56 UTC 2019 $PTII/bin/ptinvoke ptolemy.vergil.basic.export.ExportModel -force htm -run -openComposites -timeOut 30000 -whiteBackground ptolemy/domains/continuous/demo/Lorenz/LorenzDifferentialSystem.xml $PTII/ptolemy/domains/continuous/demo/Lorenz/LorenzDifferentialSystem
    [junit] Running .LorenzDifferentialSystem
    [junit] 9227 ms. Memory: 957440K Free: 190295K (20%)
    [junit] Exported /home/travis/build/icyphy/ptII/ptolemy/domains/continuous/demo/Lorenz/LorenzDifferentialSystem/index.html
    [junit] 13411 ms. Memory: 957440K Free: 566072K (59%)
    [junit] ####### 37 Sat Dec 14 07:24:10 UTC 2019 $PTII/bin/ptinvoke ptolemy.vergil.basic.export.ExportModel -force htm -run -openComposites -timeOut 30000 -whiteBackground ptolemy/domains/continuous/demo/NewtonsCradle/NewtonsCradle.xml $PTII/ptolemy/domains/continuous/demo/NewtonsCradle/NewtonsCradle
    [junit] Running .NewtonsCradle
    [junit] 2683 ms. Memory: 957440K Free: 321487K (34%)
    [junit] Exported /home/travis/build/icyphy/ptII/ptolemy/domains/continuous/demo/NewtonsCradle/NewtonsCradle/index.html
    [junit] 8617 ms. Memory: 957440K Free: 501184K (52%)
    [junit] ####### 38 Sat Dec 14 07:24:18 UTC 2019 $PTII/bin/ptinvoke ptolemy.vergil.basic.export.ExportModel -force htm -run -openComposites -timeOut 30000 -whiteBackground ptolemy/domains/continuous/demo/NewtonsCradle/NewtonsCradleAnimated.xml $PTII/ptolemy/domains/continuous/demo/NewtonsCradle/NewtonsCradleAnimated
    [junit] Running .NewtonsCradleAnimated
    [junit] ExportHTMLTimer went off after 30000 ms., calling getDirector().finish and getDirector().stopFire()
    [junit] 30087 ms. Memory: 957440K Free: 638431K (67%)
    [junit] Exported /home/travis/build/icyphy/ptII/ptolemy/domains/continuous/demo/NewtonsCradle/NewtonsCradleAnimated/index.html
    [junit] 37129 ms. Memory: 957440K Free: 605628K (63%)
    [junit] ####### 39 Sat Dec 14 07:24:55 UTC 2019 $PTII/bin/ptinvoke ptolemy.vergil.basic.export.ExportModel -force htm -run -openComposites -timeOut 30000 -whiteBackground ptolemy/domains/continuous/demo/NewtonsCradle/NewtonsCradleComplicated.xml $PTII/ptolemy/domains/continuous/demo/NewtonsCradle/NewtonsCradleComplicated
    [junit] Running .NewtonsCradleComplicated
    [junit] ExportHTMLTimer went off after 30000 ms., calling getDirector().finish and getDirector().stopFire()
    [junit] 30034 ms. Memory: 957440K Free: 610746K (64%)
    [junit] Exported /home/travis/build/icyphy/ptII/ptolemy/domains/continuous/demo/NewtonsCradle/NewtonsCradleComplicated/index.html
    [junit] 34838 ms. Memory: 957440K Free: 617358K (64%)
    [junit] ####### 40 Sat Dec 14 07:25:30 UTC 2019 $PTII/bin/ptinvoke ptolemy.vergil.basic.export.ExportModel -force htm -run -openComposites -timeOut 30000 -whiteBackground ptolemy/domains/continuous/demo/NewtonsCradle/NewtonsCradleNondeterministic.xml $PTII/ptolemy/domains/continuous/demo/NewtonsCradle/NewtonsCradleNondeterministic
    [junit] Running .NewtonsCradleNondeterministic
    [junit] ExportHTMLTimer went off after 30000 ms., calling getDirector().finish and getDirector().stopFire()
    [junit] 30015 ms. Memory: 957440K Free: 574233K (60%)
    [junit] Exported /home/travis/build/icyphy/ptII/ptolemy/domains/continuous/demo/NewtonsCradle/NewtonsCradleNondeterministic/index.html
    [junit] 34982 ms. Memory: 957440K Free: 321973K (34%)
    [junit] ####### 41 Sat Dec 14 07:26:05 UTC 2019 $PTII/bin/ptinvoke ptolemy.vergil.basic.export.ExportModel -force htm -run -openComposites -timeOut 30000 -whiteBackground ptolemy/domains/continuous/demo/NewtonsCradle/NewtonsCradlePerfectlyInelastic1.xml $PTII/ptolemy/domains/continuous/demo/NewtonsCradle/NewtonsCradlePerfectlyInelastic1
    [junit] Running .NewtonsCradlePerfectlyInelastic1
    [junit] 7200 ms. Memory: 957440K Free: 386488K (40%)
    [junit] Exported /home/travis/build/icyphy/ptII/ptolemy/domains/continuous/demo/NewtonsCradle/NewtonsCradlePerfectlyInelastic1/index.html
    [junit] 11987 ms. Memory: 957440K Free: 411605K (43%)
    [junit] ####### 42 Sat Dec 14 07:26:17 UTC 2019 $PTII/bin/ptinvoke ptolemy.vergil.basic.export.ExportModel -force htm -run -openComposites -timeOut 30000 -whiteBackground ptolemy/domains/continuous/demo/NewtonsCradle/ParameterizedNewtonsCradleAnimated.xml $PTII/ptolemy/domains/continuous/demo/NewtonsCradle/ParameterizedNewtonsCradleAnimated
    [junit] Running .ParameterizedNewtonsCradleAnimated
    [junit] 9064 ms. Memory: 957440K Free: 284720K (30%)
    [junit] Exported /home/travis/build/icyphy/ptII/ptolemy/domains/continuous/demo/NewtonsCradle/ParameterizedNewtonsCradleAnimated/index.html
    [junit] 13928 ms. Memory: 957440K Free: 150547K (16%)
    [junit] ####### 43 Sat Dec 14 07:26:31 UTC 2019 $PTII/bin/ptinvoke ptolemy.vergil.basic.export.ExportModel -force htm -run -openComposites -timeOut 30000 -whiteBackground ptolemy/domains/continuous/demo/NewtonsCradle/ParameterizedNewtonsCradleAnimatedNondeterministic.xml $PTII/ptolemy/domains/continuous/demo/NewtonsCradle/ParameterizedNewtonsCradleAnimatedNondeterministic
    [junit] Running .ParameterizedNewtonsCradleAnimatedNondeterministic
    [junit] ExportHTMLTimer went off after 30000 ms., calling getDirector().finish and getDirector().stopFire()
    [junit] 30054 ms. Memory: 957440K Free: 554196K (58%)
    [junit] Exported /home/travis/build/icyphy/ptII/ptolemy/domains/continuous/demo/NewtonsCradle/ParameterizedNewtonsCradleAnimatedNondeterministic/index.html
    [junit] 34915 ms. Memory: 957440K Free: 428817K (45%)
    [junit] ####### 44 Sat Dec 14 07:27:06 UTC 2019 $PTII/bin/ptinvoke ptolemy.vergil.basic.export.ExportModel -force htm -run -openComposites -timeOut 30000 -whiteBackground ptolemy/domains/continuous/demo/Noise/Noise.xml $PTII/ptolemy/domains/continuous/demo/Noise/Noise
    [junit] Running .Noise
    [junit] 119 ms. Memory: 957440K Free: 261471K (27%)
    [junit] Exported /home/travis/build/icyphy/ptII/ptolemy/domains/continuous/demo/Noise/Noise/index.html
    [junit] 4383 ms. Memory: 957440K Free: 588627K (61%)
    [junit] ####### 45 Sat Dec 14 07:27:10 UTC 2019 $PTII/bin/ptinvoke ptolemy.vergil.basic.export.ExportModel -force htm -run -openComposites -timeOut 30000 -whiteBackground ptolemy/domains/continuous/demo/Noise/NoiseSpectrum.xml $PTII/ptolemy/domains/continuous/demo/Noise/NoiseSpectrum
    [junit] Running .NoiseSpectrum
    [junit] 691 ms. Memory: 957440K Free: 344879K (36%)
    [junit] Exported /home/travis/build/icyphy/ptII/ptolemy/domains/continuous/demo/Noise/NoiseSpectrum/index.html
    [junit] 5071 ms. Memory: 957440K Free: 152433K (16%)
    [junit] ####### 46 Sat Dec 14 07:27:15 UTC 2019 $PTII/bin/ptinvoke ptolemy.vergil.basic.export.ExportModel -force htm -run -openComposites -timeOut 30000 -whiteBackground ptolemy/domains/continuous/demo/Noise/SinusoidInNoise.xml $PTII/ptolemy/domains/continuous/demo/Noise/SinusoidInNoise
    [junit] Running .SinusoidInNoise
    [junit] 1434 ms. Memory: 957440K Free: 303616K (32%)
    [junit] Exported /home/travis/build/icyphy/ptII/ptolemy/domains/continuous/demo/Noise/SinusoidInNoise/index.html
    [junit] 5826 ms. Memory: 957440K Free: 147402K (15%)
    [junit] ####### 47 Sat Dec 14 07:27:21 UTC 2019 $PTII/bin/ptinvoke ptolemy.vergil.basic.export.ExportModel -force htm -run -openComposites -timeOut 30000 -whiteBackground ptolemy/domains/continuous/demo/Pendulum3D/Pendulum3D.xml $PTII/ptolemy/domains/continuous/demo/Pendulum3D/Pendulum3D
    [junit] Running .Pendulum3D
    [junit] ExportHTMLTimer went off after 30000 ms., calling getDirector().finish and getDirector().stopFire()
    [junit] 30021 ms. Memory: 957440K Free: 133120K (14%)
    [junit] Exported /home/travis/build/icyphy/ptII/ptolemy/domains/continuous/demo/Pendulum3D/Pendulum3D/index.html
    [junit] 34675 ms. Memory: 957440K Free: 209894K (22%)
    [junit] ####### 48 Sat Dec 14 07:27:56 UTC 2019 $PTII/bin/ptinvoke ptolemy.vergil.basic.export.ExportModel -force htm -run -openComposites -timeOut 30000 -whiteBackground ptolemy/domains/continuous/demo/Poisson/IncreasingRatePoisson.xml $PTII/ptolemy/domains/continuous/demo/Poisson/IncreasingRatePoisson
    [junit] Running .IncreasingRatePoisson
    [junit] 609 ms. Memory: 957440K Free: 295936K (31%)
    [junit] Exported /home/travis/build/icyphy/ptII/ptolemy/domains/continuous/demo/Poisson/IncreasingRatePoisson/index.html
    [junit] 4816 ms. Memory: 957440K Free: 145857K (15%)
    [junit] ####### 49 Sat Dec 14 07:28:01 UTC 2019 $PTII/bin/ptinvoke ptolemy.vergil.basic.export.ExportModel -force htm -run -openComposites -timeOut 30000 -whiteBackground ptolemy/domains/continuous/demo/Poisson/Poisson.xml $PTII/ptolemy/domains/continuous/demo/Poisson/Poisson
    [junit] Running .Poisson
    [junit] 351 ms. Memory: 957440K Free: 314847K (33%)
    [junit] Exported /home/travis/build/icyphy/ptII/ptolemy/domains/continuous/demo/Poisson/Poisson/index.html
    [junit] 4573 ms. Memory: 957440K Free: 165313K (17%)
    [junit] ####### 50 Sat Dec 14 07:28:05 UTC 2019 $PTII/bin/ptinvoke ptolemy.vergil.basic.export.ExportModel -force htm -run -openComposites -timeOut 30000 -whiteBackground ptolemy/domains/continuous/demo/SampledClocks/SampledClocks.xml $PTII/ptolemy/domains/continuous/demo/SampledClocks/SampledClocks
    [junit] Running .SampledClocks
    [junit] 65 ms. Memory: 957440K Free: 535542K (56%)
    [junit] Exported /home/travis/build/icyphy/ptII/ptolemy/domains/continuous/demo/SampledClocks/SampledClocks/index.html
    [junit] 4322 ms. Memory: 957440K Free: 434665K (45%)
    [junit] ####### 51 Sat Dec 14 07:28:10 UTC 2019 $PTII/bin/ptinvoke ptolemy.vergil.basic.export.ExportModel -force htm -run -openComposites -timeOut 30000 -whiteBackground ptolemy/domains/continuous/demo/Satellite/Satellite.xml $PTII/ptolemy/domains/continuous/demo/Satellite/Satellite
    [junit] Running .Satellite
    [junit] 859 ms. Memory: 957440K Free: 563200K (59%)
    [junit] Exported /home/travis/build/icyphy/ptII/ptolemy/domains/continuous/demo/Satellite/Satellite/index.html
    [junit] 4997 ms. Memory: 957440K Free: 494566K (52%)
    [junit] ####### 52 Sat Dec 14 07:28:15 UTC 2019 $PTII/bin/ptinvoke ptolemy.vergil.basic.export.ExportModel -force htm -run -openComposites -timeOut 30000 -whiteBackground ptolemy/domains/continuous/demo/SigmaDelta/SigmaDelta.xml $PTII/ptolemy/domains/continuous/demo/SigmaDelta/SigmaDelta
    [junit] Running .SigmaDelta
    [junit] 29136 ms. Memory: 957440K Free: 418494K (44%)
    [junit] Exported /home/travis/build/icyphy/ptII/ptolemy/domains/continuous/demo/SigmaDelta/SigmaDelta/index.html
    [junit] 33376 ms. Memory: 957440K Free: 303764K (32%)
    [junit] ####### 53 Sat Dec 14 07:28:48 UTC 2019 $PTII/bin/ptinvoke ptolemy.vergil.basic.export.ExportModel -force htm -run -openComposites -timeOut 30000 -whiteBackground ptolemy/domains/continuous/demo/SinuBouncingBall/SinuBouncingBall.xml $PTII/ptolemy/domains/continuous/demo/SinuBouncingBall/SinuBouncingBall
    [junit] Running .SinuBouncingBall
    [junit] 2740 ms. Memory: 957440K Free: 354816K (37%)
    [junit] Exported /home/travis/build/icyphy/ptII/ptolemy/domains/continuous/demo/SinuBouncingBall/SinuBouncingBall/index.html
    [junit] 7055 ms. Memory: 957440K Free: 124377K (13%)
    [junit] ####### 54 Sat Dec 14 07:28:55 UTC 2019 $PTII/bin/ptinvoke ptolemy.vergil.basic.export.ExportModel -force htm -run -openComposites -timeOut 30000 -whiteBackground ptolemy/domains/continuous/demo/Sinusoid/Sinusoid.xml $PTII/ptolemy/domains/continuous/demo/Sinusoid/Sinusoid
    [junit] Running .Sinusoid
    [junit] 22 ms. Memory: 957440K Free: 470526K (49%)
    [junit] Exported /home/travis/build/icyphy/ptII/ptolemy/domains/continuous/demo/Sinusoid/Sinusoid/index.html
    [junit] 4169 ms. Memory: 957440K Free: 420838K (44%)
    [junit] ####### 55 Sat Dec 14 07:28:59 UTC 2019 $PTII/bin/ptinvoke ptolemy.vergil.basic.export.ExportModel -force htm -run -openComposites -timeOut 30000 -whiteBackground ptolemy/domains/continuous/demo/SquareWave/SquareWave.xml $PTII/ptolemy/domains/continuous/demo/SquareWave/SquareWave
    [junit] Running .SquareWave
    [junit] 266 ms. Memory: 957440K Free: 295422K (31%)
    [junit] Exported /home/travis/build/icyphy/ptII/ptolemy/domains/continuous/demo/SquareWave/SquareWave/index.html
    [junit] 4474 ms. Memory: 957440K Free: 177126K (18%)
    [junit] ####### 56 Sat Dec 14 07:29:04 UTC 2019 $PTII/bin/ptinvoke ptolemy.vergil.basic.export.ExportModel -force htm -run -openComposites -timeOut 30000 -whiteBackground ptolemy/domains/continuous/demo/Starmac/Starmac.xml $PTII/ptolemy/domains/continuous/demo/Starmac/Starmac
    [junit] Running .Starmac
    [junit] 5545 ms. Memory: 957440K Free: 462447K (48%)
    [junit] Exported /home/travis/build/icyphy/ptII/ptolemy/domains/continuous/demo/Starmac/Starmac/index.html
    [junit] 20785 ms. Memory: 957440K Free: 646731K (68%)
    [junit] ####### 57 Sat Dec 14 07:29:25 UTC 2019 $PTII/bin/ptinvoke ptolemy.vergil.basic.export.ExportModel -force htm -run -openComposites -timeOut 30000 -whiteBackground ptolemy/domains/continuous/demo/StickyMasses/StickyMasses.xml $PTII/ptolemy/domains/continuous/demo/StickyMasses/StickyMasses
    [junit] Running .StickyMasses
    [junit] 13101 ms. Memory: 957440K Free: 262747K (27%)
    [junit] Exported /home/travis/build/icyphy/ptII/ptolemy/domains/continuous/demo/StickyMasses/StickyMasses/index.html
    [junit] 19686 ms. Memory: 957440K Free: 460222K (48%)
    [junit] ####### 58 Sat Dec 14 07:29:44 UTC 2019 $PTII/bin/ptinvoke ptolemy.vergil.basic.export.ExportModel -force htm -run -openComposites -timeOut 30000 -whiteBackground ptolemy/domains/continuous/demo/Switch/Switch.xml $PTII/ptolemy/domains/continuous/demo/Switch/Switch
    [junit] Running .Switch
    [junit] 92 ms. Memory: 957440K Free: 316416K (33%)
    [junit] Exported /home/travis/build/icyphy/ptII/ptolemy/domains/continuous/demo/Switch/Switch/index.html
    [junit] 4330 ms. Memory: 957440K Free: 181703K (19%)
    [junit] ####### 59 Sat Dec 14 07:29:49 UTC 2019 $PTII/bin/ptinvoke ptolemy.vergil.basic.export.ExportModel -force htm -run -openComposites -timeOut 30000 -whiteBackground ptolemy/domains/continuous/demo/Thermostat/Thermostat.xml $PTII/ptolemy/domains/continuous/demo/Thermostat/Thermostat
    [junit] Running .Thermostat
    [junit] 160 ms. Memory: 957440K Free: 580096K (61%)
    [junit] Exported /home/travis/build/icyphy/ptII/ptolemy/domains/continuous/demo/Thermostat/Thermostat/index.html
    [junit] 4413 ms. Memory: 957440K Free: 395212K (41%)
    [junit] ####### 60 Sat Dec 14 07:29:53 UTC 2019 $PTII/bin/ptinvoke ptolemy.vergil.basic.export.ExportModel -force htm -run -openComposites -timeOut 30000 -whiteBackground ptolemy/domains/continuous/demo/Transmission/EfficiencyCurve.xml $PTII/ptolemy/domains/continuous/demo/Transmission/EfficiencyCurve
    [junit] Running .EfficiencyCurve
    [junit] 34 ms. Memory: 957440K Free: 308736K (32%)
    [junit] Exported /home/travis/build/icyphy/ptII/ptolemy/domains/continuous/demo/Transmission/EfficiencyCurve/index.html
    [junit] 4157 ms. Memory: 957440K Free: 258024K (27%)
    [junit] ####### 61 Sat Dec 14 07:29:57 UTC 2019 $PTII/bin/ptinvoke ptolemy.vergil.basic.export.ExportModel -force htm -run -openComposites -timeOut 30000 -whiteBackground ptolemy/domains/continuous/demo/Transmission/Transmission.xml $PTII/ptolemy/domains/continuous/demo/Transmission/Transmission
    [junit] Running .Transmission
    [junit] 569 ms. Memory: 957440K Free: 474591K (50%)
    [junit] Exported /home/travis/build/icyphy/ptII/ptolemy/domains/continuous/demo/Transmission/Transmission/index.html
    [junit] 4844 ms. Memory: 957440K Free: 326087K (34%)
    [junit] ####### 62 Sat Dec 14 07:30:02 UTC 2019 $PTII/bin/ptinvoke ptolemy.vergil.basic.export.ExportModel -force htm -run -openComposites -timeOut 30000 -whiteBackground ptolemy/domains/continuous/demo/TwoMachineInfiniteBusControl/TwoMachineInfiniteBusControl.xml $PTII/ptolemy/domains/continuous/demo/TwoMachineInfiniteBusControl/TwoMachineInfiniteBusControl
    [junit] Running .TwoMachineInfiniteBusControl
    [junit] 2719 ms. Memory: 957440K Free: 553603K (58%)
    [junit] Exported /home/travis/build/icyphy/ptII/ptolemy/domains/continuous/demo/TwoMachineInfiniteBusControl/TwoMachineInfiniteBusControl/index.html
    [junit] 7855 ms. Memory: 957440K Free: 566867K (59%)
    [junit] ####### 63 Sat Dec 14 07:30:10 UTC 2019 $PTII/bin/ptinvoke ptolemy.vergil.basic.export.ExportModel -force htm -run -openComposites -timeOut 30000 -whiteBackground ptolemy/domains/continuous/demo/V2V/V2V.xml $PTII/ptolemy/domains/continuous/demo/V2V/V2V
    [junit] Running .V2V
    [junit] 822 ms. Memory: 957440K Free: 637603K (67%)
    [junit] Exported /home/travis/build/icyphy/ptII/ptolemy/domains/continuous/demo/V2V/V2V/index.html
    [junit] 5274 ms. Memory: 957440K Free: 287849K (30%)
    [junit] ####### 64 Sat Dec 14 07:30:15 UTC 2019 $PTII/bin/ptinvoke ptolemy.vergil.basic.export.ExportModel -force htm -run -openComposites -timeOut 30000 -whiteBackground ptolemy/domains/csp/demo/Barrier/Barrier.xml $PTII/ptolemy/domains/csp/demo/Barrier/Barrier
    [junit] Running .Barrier
    [junit] ExportHTMLTimer went off after 30000 ms., calling getDirector().finish and getDirector().stopFire()
    [junit] 30179 ms. Memory: 957440K Free: 400625K (42%)
    [junit] Exported /home/travis/build/icyphy/ptII/ptolemy/domains/csp/demo/Barrier/Barrier/index.html
    [junit] 34848 ms. Memory: 957440K Free: 207590K (22%)
    [junit] ####### 65 Sat Dec 14 07:30:50 UTC 2019 $PTII/bin/ptinvoke ptolemy.vergil.basic.export.ExportModel -force htm -run -openComposites -timeOut 30000 -whiteBackground ptolemy/domains/csp/demo/ResourcePool/ResourcePool.xml $PTII/ptolemy/domains/csp/demo/ResourcePool/ResourcePool
    [junit] Running .ResourcePool
    [junit] ExportHTMLTimer went off after 30000 ms., calling getDirector().finish and getDirector().stopFire()
    [junit] 30150 ms. Memory: 957440K Free: 394256K (41%)
    [junit] Exported /home/travis/build/icyphy/ptII/ptolemy/domains/csp/demo/ResourcePool/ResourcePool/index.html
    [junit] 34346 ms. Memory: 957440K Free: 356838K (37%)
    [junit] ####### 66 Sat Dec 14 07:31:24 UTC 2019 $PTII/bin/ptinvoke ptolemy.vergil.basic.export.ExportModel -force htm -run -openComposites -timeOut 30000 -whiteBackground ptolemy/domains/csp/demo/WriteRegulator/WriteRegulator.xml $PTII/ptolemy/domains/csp/demo/WriteRegulator/WriteRegulator
    [junit] Running .WriteRegulator
    [junit] ExportHTMLTimer went off after 30000 ms., calling getDirector().finish and getDirector().stopFire()
    [junit] 30266 ms. Memory: 957440K Free: 225808K (24%)
    [junit] Exported /home/travis/build/icyphy/ptII/ptolemy/domains/csp/demo/WriteRegulator/WriteRegulator/index.html
    [junit] 34381 ms. Memory: 957440K Free: 188411K (20%)
    [junit] ####### 67 Sat Dec 14 07:31:59 UTC 2019 $PTII/bin/ptinvoke ptolemy.vergil.basic.export.ExportModel -force htm -run -openComposites -timeOut 30000 -whiteBackground ptolemy/domains/curriculum/demo/Curriculum/Curriculum.xml $PTII/ptolemy/domains/curriculum/demo/Curriculum/Curriculum
    [junit] Model ".Curriculum" contains actors such cannot be run  as part of the export process from ExportModel or it has a WebExportParameters value that runBeforeExport set to false. To export run this model and export it, use vergil.
    [junit] Exported /home/travis/build/icyphy/ptII/ptolemy/domains/curriculum/demo/Curriculum/Curriculum/index.html
    [junit] 3582 ms. Memory: 957440K Free: 297475K (31%)
    [junit] ####### 68 Sat Dec 14 07:32:02 UTC 2019 $PTII/bin/ptinvoke ptolemy.vergil.basic.export.ExportModel -force htm -run -openComposites -timeOut 30000 -whiteBackground ptolemy/domains/dde/demo/LocalZeno/LocalZeno.xml $PTII/ptolemy/domains/dde/demo/LocalZeno/LocalZeno
    [junit] Running .LocalZeno
    [junit] ExportHTMLTimer went off after 30000 ms., calling getDirector().finish and getDirector().stopFire()
    [junit] 30086 ms. Memory: 957440K Free: 160274K (17%)
    [junit] Exported /home/travis/build/icyphy/ptII/ptolemy/domains/dde/demo/LocalZeno/LocalZeno/index.html
    [junit] 34230 ms. Memory: 957440K Free: 638454K (67%)
    [junit] ####### 69 Sat Dec 14 07:32:36 UTC 2019 $PTII/bin/ptinvoke ptolemy.vergil.basic.export.ExportModel -force htm -run -openComposites -timeOut 30000 -whiteBackground ptolemy/domains/ddf/demo/Eratosthenes/Eratosthenes.xml $PTII/ptolemy/domains/ddf/demo/Eratosthenes/Eratosthenes
    [junit] Running .Eratosthenes
    [junit] 883 ms. Memory: 957440K Free: 147986K (15%)
    [junit] Exported /home/travis/build/icyphy/ptII/ptolemy/domains/ddf/demo/Eratosthenes/Eratosthenes/index.html
    [junit] 10858 ms. Memory: 957440K Free: 585288K (61%)
    [junit] ####### 70 Sat Dec 14 07:32:47 UTC 2019 $PTII/bin/ptinvoke ptolemy.vergil.basic.export.ExportModel -force htm -run -openComposites -timeOut 30000 -whiteBackground ptolemy/domains/ddf/demo/Factorial/Factorial.xml $PTII/ptolemy/domains/ddf/demo/Factorial/Factorial
    [junit] Running .Factorial
    [junit] 86 ms. Memory: 957440K Free: 464977K (49%)
    [junit] Exported /home/travis/build/icyphy/ptII/ptolemy/domains/ddf/demo/Factorial/Factorial/index.html
    [junit] 6611 ms. Memory: 957440K Free: 606279K (63%)
    [junit] ####### 71 Sat Dec 14 07:32:54 UTC 2019 $PTII/bin/ptinvoke ptolemy.vergil.basic.export.ExportModel -force htm -run -openComposites -timeOut 30000 -whiteBackground ptolemy/domains/ddf/demo/HanoiTower/HanoiTower.xml $PTII/ptolemy/domains/ddf/demo/HanoiTower/HanoiTower
    [junit] Running .HanoiTower
    [junit] ExportHTMLTimer went off after 30000 ms., calling getDirector().finish and getDirector().stopFire()
    [junit] 30018 ms. Memory: 957440K Free: 440439K (46%)
    [junit] Exported /home/travis/build/icyphy/ptII/ptolemy/domains/ddf/demo/HanoiTower/HanoiTower/index.html
    [junit] 73189 ms. Memory: 1050624K Free: 297869K (28%)
    [junit] ####### 72 Sat Dec 14 07:34:07 UTC 2019 $PTII/bin/ptinvoke ptolemy.vergil.basic.export.ExportModel -force htm -run -openComposites -timeOut 30000 -whiteBackground ptolemy/domains/ddf/demo/IfThenElse/IfThenElse.xml $PTII/ptolemy/domains/ddf/demo/IfThenElse/IfThenElse
    [junit] Running .IfThenElse
    [junit] 22 ms. Memory: 1050624K Free: 184214K (18%)
    [junit] Exported /home/travis/build/icyphy/ptII/ptolemy/domains/ddf/demo/IfThenElse/IfThenElse/index.html
    [junit] 4209 ms. Memory: 1050624K Free: 643892K (61%)
    [junit] ####### 73 Sat Dec 14 07:34:11 UTC 2019 $PTII/bin/ptinvoke ptolemy.vergil.basic.export.ExportModel -force htm -run -openComposites -timeOut 30000 -whiteBackground ptolemy/domains/ddf/demo/IfThenElse/IfThenElseFSM.xml $PTII/ptolemy/domains/ddf/demo/IfThenElse/IfThenElseFSM
    [junit] Running .IfThenElseFSM
    [junit] 54 ms. Memory: 1050624K Free: 514399K (49%)
    [junit] Exported /home/travis/build/icyphy/ptII/ptolemy/domains/ddf/demo/IfThenElse/IfThenElseFSM/index.html
    [junit] 4318 ms. Memory: 1050624K Free: 300838K (29%)
    [junit] ####### 74 Sat Dec 14 07:34:16 UTC 2019 $PTII/bin/ptinvoke ptolemy.vergil.basic.export.ExportModel -force htm -run -openComposites -timeOut 30000 -whiteBackground ptolemy/domains/ddf/demo/Loop/Loop.xml $PTII/ptolemy/domains/ddf/demo/Loop/Loop
    [junit] Running .Loop
    [junit] 31 ms. Memory: 1050624K Free: 196445K (19%)
    [junit] Exported /home/travis/build/icyphy/ptII/ptolemy/domains/ddf/demo/Loop/Loop/index.html
    [junit] 4167 ms. Memory: 1050624K Free: 660281K (63%)
    [junit] ####### 75 Sat Dec 14 07:34:20 UTC 2019 $PTII/bin/ptinvoke ptolemy.vergil.basic.export.ExportModel -force htm -run -openComposites -timeOut 30000 -whiteBackground ptolemy/domains/ddf/demo/OrderedMerge/OrderedMerge.xml $PTII/ptolemy/domains/ddf/demo/OrderedMerge/OrderedMerge
    [junit] Running .OrderedMerge
    [junit] 24 ms. Memory: 1050624K Free: 557919K (53%)
    [junit] Exported /home/travis/build/icyphy/ptII/ptolemy/domains/ddf/demo/OrderedMerge/OrderedMerge/index.html
    [junit] 4182 ms. Memory: 1050624K Free: 520502K (50%)
    [junit] ####### 76 Sat Dec 14 07:34:24 UTC 2019 $PTII/bin/ptinvoke ptolemy.vergil.basic.export.ExportModel -force htm -run -openComposites -timeOut 30000 -whiteBackground ptolemy/domains/ddf/demo/RandomWalk/RandomWalk.xml $PTII/ptolemy/domains/ddf/demo/RandomWalk/RandomWalk
    [junit] Running .RandomWalk
    [junit] 34 ms. Memory: 1050624K Free: 397149K (38%)
    [junit] Exported /home/travis/build/icyphy/ptII/ptolemy/domains/ddf/demo/RandomWalk/RandomWalk/index.html
    [junit] 4222 ms. Memory: 1050624K Free: 261403K (25%)
    [junit] ####### 77 Sat Dec 14 07:34:28 UTC 2019 $PTII/bin/ptinvoke ptolemy.vergil.basic.export.ExportModel -force htm  -openComposites -timeOut 30000 -whiteBackground ptolemy/domains/ddf/demo/RijndaelEncryption/RijndaelEncryption.xml $PTII/ptolemy/domains/ddf/demo/RijndaelEncryption/RijndaelEncryption
    [junit] Warning: not running ptolemy/domains/ddf/demo/RijndaelEncryption/RijndaelEncryption.xml. See ptolemy/vergil/basic/export/test/junit/ExportModelJUnitTest.java
    [junit] Exported /home/travis/build/icyphy/ptII/ptolemy/domains/ddf/demo/RijndaelEncryption/RijndaelEncryption/index.html
    [junit] 5172 ms. Memory: 1050624K Free: 591137K (56%)
    [junit] ####### 78 Sat Dec 14 07:34:33 UTC 2019 $PTII/bin/ptinvoke ptolemy.vergil.basic.export.ExportModel -force htm -run -openComposites -timeOut 30000 -whiteBackground ptolemy/domains/de/demo/AFDX/AFDX.xml $PTII/ptolemy/domains/de/demo/AFDX/AFDX
    [junit] Running .AFDX
    [junit] 87 ms. Memory: 1050624K Free: 457032K (44%)
    [junit] Exported /home/travis/build/icyphy/ptII/ptolemy/domains/de/demo/AFDX/AFDX/index.html
    [junit] 4393 ms. Memory: 1050624K Free: 237815K (23%)
    [junit] ####### 79 Sat Dec 14 07:34:38 UTC 2019 $PTII/bin/ptinvoke ptolemy.vergil.basic.export.ExportModel -force htm -run -openComposites -timeOut 30000 -whiteBackground ptolemy/domains/de/demo/AssemblyLine/AssemblyLine.xml $PTII/ptolemy/domains/de/demo/AssemblyLine/AssemblyLine
    [junit] Running .AssemblyLine
    [junit] 22 ms. Memory: 1050624K Free: 643417K (61%)
    [junit] Exported /home/travis/build/icyphy/ptII/ptolemy/domains/de/demo/AssemblyLine/AssemblyLine/index.html
    [junit] 4222 ms. Memory: 1050624K Free: 583491K (56%)
    [junit] ####### 80 Sat Dec 14 07:34:42 UTC 2019 $PTII/bin/ptinvoke ptolemy.vergil.basic.export.ExportModel -force htm -run -openComposites -timeOut 30000 -whiteBackground ptolemy/domains/de/demo/Bus/Bus.xml $PTII/ptolemy/domains/de/demo/Bus/Bus
    [junit] Running .Bus
    [junit] 15 ms. Memory: 1050624K Free: 498514K (47%)
    [junit] Exported /home/travis/build/icyphy/ptII/ptolemy/domains/de/demo/Bus/Bus/index.html
    [junit] 4206 ms. Memory: 1050624K Free: 343856K (33%)
    [junit] ####### 81 Sat Dec 14 07:34:46 UTC 2019 $PTII/bin/ptinvoke ptolemy.vergil.basic.export.ExportModel -force htm  -openComposites -timeOut 30000 -whiteBackground ptolemy/domains/de/demo/Clock/Clock.xml $PTII/ptolemy/domains/de/demo/Clock/Clock
    [junit] Warning: not running ptolemy/domains/de/demo/Clock/Clock.xml. See ptolemy/vergil/basic/export/test/junit/ExportModelJUnitTest.java
    [junit] Exported /home/travis/build/icyphy/ptII/ptolemy/domains/de/demo/Clock/Clock/index.html
    [junit] 3214 ms. Memory: 1050624K Free: 141112K (13%)
    [junit] ####### 82 Sat Dec 14 07:34:49 UTC 2019 $PTII/bin/ptinvoke ptolemy.vergil.basic.export.ExportModel -force htm -run -openComposites -timeOut 30000 -whiteBackground ptolemy/domains/de/demo/ClockDrift/ClockDrift.xml $PTII/ptolemy/domains/de/demo/ClockDrift/ClockDrift
    [junit] Running .ClockDrift
    [junit] 27 ms. Memory: 1050624K Free: 593660K (57%)
    [junit] Exported /home/travis/build/icyphy/ptII/ptolemy/domains/de/demo/ClockDrift/ClockDrift/index.html
    [junit] 4282 ms. Memory: 1050624K Free: 459982K (44%)
    [junit] ####### 83 Sat Dec 14 07:34:54 UTC 2019 $PTII/bin/ptinvoke ptolemy.vergil.basic.export.ExportModel -force htm -run -openComposites -timeOut 30000 -whiteBackground ptolemy/domains/de/demo/DateDemo/DateDemo.xml $PTII/ptolemy/domains/de/demo/DateDemo/DateDemo
    [junit] Running .DateDemo
    [junit] 3114 ms. Memory: 1050624K Free: 180474K (17%)
    [junit] Exported /home/travis/build/icyphy/ptII/ptolemy/domains/de/demo/DateDemo/DateDemo/index.html
    [junit] 7500 ms. Memory: 1050624K Free: 629851K (60%)
    [junit] ####### 84 Sat Dec 14 07:35:01 UTC 2019 $PTII/bin/ptinvoke ptolemy.vergil.basic.export.ExportModel -force htm -run -openComposites -timeOut 30000 -whiteBackground ptolemy/domains/de/demo/EventButton/EventButton.xml $PTII/ptolemy/domains/de/demo/EventButton/EventButton
    [junit] Running .EventButton
    [junit] ExportHTMLTimer went off after 30000 ms., calling getDirector().finish and getDirector().stopFire()
    [junit] 30002 ms. Memory: 1050624K Free: 545912K (52%)
    [junit] Exported /home/travis/build/icyphy/ptII/ptolemy/domains/de/demo/EventButton/EventButton/index.html
    [junit] 34136 ms. Memory: 1050624K Free: 508517K (48%)
    [junit] ####### 85 Sat Dec 14 07:35:35 UTC 2019 $PTII/bin/ptinvoke ptolemy.vergil.basic.export.ExportModel -force htm -run -openComposites -timeOut 30000 -whiteBackground ptolemy/domains/de/demo/Inspection/Inspection.xml $PTII/ptolemy/domains/de/demo/Inspection/Inspection
    [junit] Running .Inspection
    [junit] 57 ms. Memory: 1050624K Free: 355437K (34%)
    [junit] Exported /home/travis/build/icyphy/ptII/ptolemy/domains/de/demo/Inspection/Inspection/index.html
    [junit] 4395 ms. Memory: 1050624K Free: 199732K (19%)
    [junit] ####### 86 Sat Dec 14 07:35:40 UTC 2019 $PTII/bin/ptinvoke ptolemy.vergil.basic.export.ExportModel -force htm  -openComposites -timeOut 30000 -whiteBackground ptolemy/domains/de/demo/LineFault/LineFault.xml $PTII/ptolemy/domains/de/demo/LineFault/LineFault
    [junit] Warning: not running ptolemy/domains/de/demo/LineFault/LineFault.xml. See ptolemy/vergil/basic/export/test/junit/ExportModelJUnitTest.java
    [junit] Exported /home/travis/build/icyphy/ptII/ptolemy/domains/de/demo/LineFault/LineFault/index.html
    [junit] 7130 ms. Memory: 1050624K Free: 528693K (50%)
    [junit] ####### 87 Sat Dec 14 07:35:47 UTC 2019 $PTII/bin/ptinvoke ptolemy.vergil.basic.export.ExportModel -force htm  -openComposites -timeOut 30000 -whiteBackground ptolemy/domains/de/demo/LongRuns/LongRuns.xml $PTII/ptolemy/domains/de/demo/LongRuns/LongRuns
    [junit] Warning: not running ptolemy/domains/de/demo/LongRuns/LongRuns.xml. See ptolemy/vergil/basic/export/test/junit/ExportModelJUnitTest.java
    [junit] Exported /home/travis/build/icyphy/ptII/ptolemy/domains/de/demo/LongRuns/LongRuns/index.html
    [junit] 3137 ms. Memory: 1050624K Free: 390446K (37%)
    [junit] ####### 88 Sat Dec 14 07:35:50 UTC 2019 $PTII/bin/ptinvoke ptolemy.vergil.basic.export.ExportModel -force htm -run -openComposites -timeOut 30000 -whiteBackground ptolemy/domains/de/demo/ModalModel/ModalModel.xml $PTII/ptolemy/domains/de/demo/ModalModel/ModalModel
    [junit] Running .ModalModel
    [junit] 200 ms. Memory: 1050624K Free: 190272K (18%)
    [junit] Exported /home/travis/build/icyphy/ptII/ptolemy/domains/de/demo/ModalModel/ModalModel/index.html
    [junit] 4529 ms. Memory: 1050624K Free: 541300K (52%)
    [junit] ####### 89 Sat Dec 14 07:35:55 UTC 2019 $PTII/bin/ptinvoke ptolemy.vergil.basic.export.ExportModel -force htm -run -openComposites -timeOut 30000 -whiteBackground ptolemy/domains/de/demo/OpenQueueingNetwork/OpenQueueingNetwork.xml $PTII/ptolemy/domains/de/demo/OpenQueueingNetwork/OpenQueueingNetwork
    [junit] Running .OpenQueueingNetwork
    [junit] 2883 ms. Memory: 1050624K Free: 368615K (35%)
    [junit] Exported /home/travis/build/icyphy/ptII/ptolemy/domains/de/demo/OpenQueueingNetwork/OpenQueueingNetwork/index.html
    [junit] 7217 ms. Memory: 1050624K Free: 164278K (16%)
    [junit] ####### 90 Sat Dec 14 07:36:02 UTC 2019 $PTII/bin/ptinvoke ptolemy.vergil.basic.export.ExportModel -force htm -run -openComposites -timeOut 30000 -whiteBackground ptolemy/domains/de/demo/PersistentIO/PersistentIO.xml $PTII/ptolemy/domains/de/demo/PersistentIO/PersistentIO
    [junit] Running .PersistentIO
    [junit] 9 ms. Memory: 1050624K Free: 612544K (58%)
    [junit] Exported /home/travis/build/icyphy/ptII/ptolemy/domains/de/demo/PersistentIO/PersistentIO/index.html
    [junit] 4254 ms. Memory: 1050624K Free: 518833K (49%)
    [junit] ####### 91 Sat Dec 14 07:36:06 UTC 2019 $PTII/bin/ptinvoke ptolemy.vergil.basic.export.ExportModel -force htm -run -openComposites -timeOut 30000 -whiteBackground ptolemy/domains/de/demo/QueueAndServer/QueueAndServer.xml $PTII/ptolemy/domains/de/demo/QueueAndServer/QueueAndServer
    [junit] Running .QueueAndServer
    [junit] 25 ms. Memory: 1050624K Free: 379605K (36%)
    [junit] Exported /home/travis/build/icyphy/ptII/ptolemy/domains/de/demo/QueueAndServer/QueueAndServer/index.html
    [junit] 4195 ms. Memory: 1050624K Free: 307904K (29%)
    [junit] ####### 92 Sat Dec 14 07:36:10 UTC 2019 $PTII/bin/ptinvoke ptolemy.vergil.basic.export.ExportModel -force htm  -openComposites -timeOut 30000 -whiteBackground ptolemy/domains/de/demo/RealTimeComposite/RealTimeComposite.xml $PTII/ptolemy/domains/de/demo/RealTimeComposite/RealTimeComposite
    [junit] Warning: not running ptolemy/domains/de/demo/RealTimeComposite/RealTimeComposite.xml. See ptolemy/vergil/basic/export/test/junit/ExportModelJUnitTest.java
    [junit] Exported /home/travis/build/icyphy/ptII/ptolemy/domains/de/demo/RealTimeComposite/RealTimeComposite/index.html
    [junit] 3405 ms. Memory: 1050624K Free: 170127K (16%)
    [junit] ####### 93 Sat Dec 14 07:36:14 UTC 2019 $PTII/bin/ptinvoke ptolemy.vergil.basic.export.ExportModel -force htm -run -openComposites -timeOut 30000 -whiteBackground ptolemy/domains/de/demo/SmartSender/SmartSender.xml $PTII/ptolemy/domains/de/demo/SmartSender/SmartSender
    [junit] Running .SmartSender
    [junit] ExportHTMLTimer went off after 30000 ms., calling getDirector().finish and getDirector().stopFire()
    [junit] 30001 ms. Memory: 1050624K Free: 636606K (61%)
    [junit] Exported /home/travis/build/icyphy/ptII/ptolemy/domains/de/demo/SmartSender/SmartSender/index.html
    [junit] 34159 ms. Memory: 1050624K Free: 603303K (57%)
    [junit] ####### 94 Sat Dec 14 07:36:48 UTC 2019 $PTII/bin/ptinvoke ptolemy.vergil.basic.export.ExportModel -force htm -run -openComposites -timeOut 30000 -whiteBackground ptolemy/domains/de/demo/Switch/Switch.xml $PTII/ptolemy/domains/de/demo/Switch/Switch
    [junit] Running .Switch
    [junit] 45 ms. Memory: 1050624K Free: 487102K (46%)
    [junit] Exported /home/travis/build/icyphy/ptII/ptolemy/domains/de/demo/Switch/Switch/index.html
    [junit] 4515 ms. Memory: 1050624K Free: 128665K (12%)
    [junit] ####### 95 Sat Dec 14 07:36:52 UTC 2019 $PTII/bin/ptinvoke ptolemy.vergil.basic.export.ExportModel -force htm -run -openComposites -timeOut 30000 -whiteBackground ptolemy/domains/de/demo/TimingParadox/TimingParadox.xml $PTII/ptolemy/domains/de/demo/TimingParadox/TimingParadox
    [junit] Running .TimingParadox
    [junit] 3298 ms. Memory: 1050624K Free: 156723K (15%)
    [junit] Exported /home/travis/build/icyphy/ptII/ptolemy/domains/de/demo/TimingParadox/TimingParadox/index.html
    [junit] 7502 ms. Memory: 1050624K Free: 562650K (54%)
    [junit] ####### 96 Sat Dec 14 07:37:00 UTC 2019 $PTII/bin/ptinvoke ptolemy.vergil.basic.export.ExportModel -force htm -run -openComposites -timeOut 30000 -whiteBackground ptolemy/domains/de/demo/Trilateration/Trilateration.xml $PTII/ptolemy/domains/de/demo/Trilateration/Trilateration
    [junit] Running .Trilateration
    [junit] 14008 ms. Memory: 1050624K Free: 187103K (18%)
    [junit] Exported /home/travis/build/icyphy/ptII/ptolemy/domains/de/demo/Trilateration/Trilateration/index.html
    [junit] 57296 ms. Memory: 1050624K Free: 365712K (35%)
    [junit] ####### 97 Sat Dec 14 07:37:57 UTC 2019 $PTII/bin/ptinvoke ptolemy.vergil.basic.export.ExportModel -force htm -run -openComposites -timeOut 30000 -whiteBackground ptolemy/domains/de/demo/TTE/TTE.xml $PTII/ptolemy/domains/de/demo/TTE/TTE
    [junit] Running .TTE
    [junit] 13 ms. Memory: 1050624K Free: 267411K (25%)
    [junit] Exported /home/travis/build/icyphy/ptII/ptolemy/domains/de/demo/TTE/TTE/index.html
    [junit] 4276 ms. Memory: 1050624K Free: 522368K (50%)
    [junit] ####### 98 Sat Dec 14 07:38:01 UTC 2019 $PTII/bin/ptinvoke ptolemy.vergil.basic.export.ExportModel -force htm -run -openComposites -timeOut 30000 -whiteBackground ptolemy/domains/de/demo/VariableDelay/VariableDelay.xml $PTII/ptolemy/domains/de/demo/VariableDelay/VariableDelay
    [junit] Running .VariableDelay
    [junit] 11 ms. Memory: 1050624K Free: 438932K (42%)
    [junit] Exported /home/travis/build/icyphy/ptII/ptolemy/domains/de/demo/VariableDelay/VariableDelay/index.html
    [junit] 4132 ms. Memory: 1050624K Free: 388226K (37%)
    [junit] ####### 99 Sat Dec 14 07:38:06 UTC 2019 $PTII/bin/ptinvoke ptolemy.vergil.basic.export.ExportModel -force htm -run -openComposites -timeOut 30000 -whiteBackground ptolemy/domains/dt/demo/Eye/Eye.xml $PTII/ptolemy/domains/dt/demo/Eye/Eye
    [junit] Running .Eye
    [junit] ExportHTMLTimer went off after 30000 ms., calling getDirector().finish and getDirector().stopFire()
    [junit] 30001 ms. Memory: 1050624K Free: 444842K (42%)
    [junit] Exported /home/travis/build/icyphy/ptII/ptolemy/domains/dt/demo/Eye/Eye/index.html
    [junit] 34191 ms. Memory: 1050624K Free: 394633K (38%)
    [junit] ####### 100 Sat Dec 14 07:38:40 UTC 2019 $PTII/bin/ptinvoke ptolemy.vergil.basic.export.ExportModel -force htm -run -openComposites -timeOut 30000 -whiteBackground ptolemy/domains/giotto/cgc/demo/SoundGenerator/SoundGenerator.xml $PTII/ptolemy/domains/giotto/cgc/demo/SoundGenerator/SoundGenerator
    [junit] Running .SoundGenerator
    [junit] ExportHTMLTimer went off after 30000 ms., calling getDirector().finish and getDirector().stopFire()
    [junit] 30001 ms. Memory: 1050624K Free: 610903K (58%)
    [junit] Exported /home/travis/build/icyphy/ptII/ptolemy/domains/giotto/cgc/demo/SoundGenerator/SoundGenerator/index.html
    [junit] 34185 ms. Memory: 1050624K Free: 579650K (55%)
    [junit] ####### 101 Sat Dec 14 07:39:14 UTC 2019 $PTII/bin/ptinvoke ptolemy.vergil.basic.export.ExportModel -force htm -run -openComposites -timeOut 30000 -whiteBackground ptolemy/domains/giotto/demo/Composite/Composite.xml $PTII/ptolemy/domains/giotto/demo/Composite/Composite
    [junit] Running .Composite
    [junit] 16 ms. Memory: 1050624K Free: 484426K (46%)
    [junit] Exported /home/travis/build/icyphy/ptII/ptolemy/domains/giotto/demo/Composite/Composite/index.html
    [junit] 4180 ms. Memory: 1050624K Free: 384559K (37%)
    [junit] ####### 102 Sat Dec 14 07:39:18 UTC 2019 $PTII/bin/ptinvoke ptolemy.vergil.basic.export.ExportModel -force htm -run -openComposites -timeOut 30000 -whiteBackground ptolemy/domains/giotto/demo/Hierarchy/Hierarchy.xml $PTII/ptolemy/domains/giotto/demo/Hierarchy/Hierarchy
    [junit] Running .Hierarchy
    [junit] 8 ms. Memory: 1050624K Free: 292441K (28%)
    [junit] Exported /home/travis/build/icyphy/ptII/ptolemy/domains/giotto/demo/Hierarchy/Hierarchy/index.html
    [junit] 4174 ms. Memory: 1050624K Free: 156712K (15%)
    [junit] ####### 103 Sat Dec 14 07:39:22 UTC 2019 $PTII/bin/ptinvoke ptolemy.vergil.basic.export.ExportModel -force htm -run -openComposites -timeOut 30000 -whiteBackground ptolemy/domains/giotto/demo/Multimode/Multimode.xml $PTII/ptolemy/domains/giotto/demo/Multimode/Multimode
    [junit] Running .Multimode
    [junit] 64 ms. Memory: 1050624K Free: 613919K (58%)
    [junit] Exported /home/travis/build/icyphy/ptII/ptolemy/domains/giotto/demo/Multimode/Multimode/index.html
    [junit] 4348 ms. Memory: 1050624K Free: 391142K (37%)
    [junit] ####### 104 Sat Dec 14 07:39:27 UTC 2019 $PTII/bin/ptinvoke ptolemy.vergil.basic.export.ExportModel -force htm -run -openComposites -timeOut 30000 -whiteBackground ptolemy/domains/giotto/demo/Simple/Simple.xml $PTII/ptolemy/domains/giotto/demo/Simple/Simple
    [junit] Running .Simple
    [junit] 17 ms. Memory: 1050624K Free: 287757K (27%)
    [junit] Exported /home/travis/build/icyphy/ptII/ptolemy/domains/giotto/demo/Simple/Simple/index.html
    [junit] 4132 ms. Memory: 1050624K Free: 234493K (22%)
    [junit] ####### 105 Sat Dec 14 07:39:31 UTC 2019 $PTII/bin/ptinvoke ptolemy.vergil.basic.export.ExportModel -force htm -run -openComposites -timeOut 30000 -whiteBackground ptolemy/domains/gr/demo/FurutaPendulum/FurutaPendulum.xml $PTII/ptolemy/domains/gr/demo/FurutaPendulum/FurutaPendulum
    [junit] Running .FurutaPendulum
    [junit] 24059 ms. Memory: 1050624K Free: 593499K (56%)
    [junit] Exported /home/travis/build/icyphy/ptII/ptolemy/domains/gr/demo/FurutaPendulum/FurutaPendulum/index.html
    [junit] 29408 ms. Memory: 1050624K Free: 333868K (32%)
    [junit] ####### 106 Sat Dec 14 07:40:00 UTC 2019 $PTII/bin/ptinvoke ptolemy.vergil.basic.export.ExportModel -force htm -run -openComposites -timeOut 30000 -whiteBackground ptolemy/domains/gr/demo/Helen/Helen.xml $PTII/ptolemy/domains/gr/demo/Helen/Helen
    [junit] Running .Helen
    [junit] ExportHTMLTimer went off after 30000 ms., calling getDirector().finish and getDirector().stopFire()
    [junit] ExportHTMLTimer went off after 60000 ms., calling manager.stop().
    [junit] 60081 ms. Memory: 1050624K Free: 201307K (19%)
    [junit] Exported /home/travis/build/icyphy/ptII/ptolemy/domains/gr/demo/Helen/Helen/index.html
    [junit] 64271 ms. Memory: 1050624K Free: 87093K (8%)
    [junit] ####### 107 Sat Dec 14 07:41:04 UTC 2019 $PTII/bin/ptinvoke ptolemy.vergil.basic.export.ExportModel -force htm -run -openComposites -timeOut 30000 -whiteBackground ptolemy/domains/gr/demo/Pendulum/Pendulum.xml $PTII/ptolemy/domains/gr/demo/Pendulum/Pendulum
    [junit] Running .Pendulum
    [junit] ExportHTMLTimer went off after 30000 ms., calling getDirector().finish and getDirector().stopFire()
    [junit] ExportHTMLTimer went off after 60000 ms., calling manager.stop().
    [junit] 60026 ms. Memory: 1050624K Free: 457305K (44%)
    [junit] Exported /home/travis/build/icyphy/ptII/ptolemy/domains/gr/demo/Pendulum/Pendulum/index.html
    [junit] 64268 ms. Memory: 1050624K Free: 345654K (33%)
    [junit] ####### 108 Sat Dec 14 07:42:09 UTC 2019 $PTII/bin/ptinvoke ptolemy.vergil.basic.export.ExportModel -force htm -run -openComposites -timeOut 30000 -whiteBackground ptolemy/domains/gr/demo/Pong/Pong.xml $PTII/ptolemy/domains/gr/demo/Pong/Pong
    [junit] Running .Pong
    [junit] 5786 ms. Memory: 1050624K Free: 624821K (59%)
    [junit] Exported /home/travis/build/icyphy/ptII/ptolemy/domains/gr/demo/Pong/Pong/index.html
    [junit] 10694 ms. Memory: 1050624K Free: 103583K (10%)
    [junit] ####### 109 Sat Dec 14 07:42:19 UTC 2019 $PTII/bin/ptinvoke ptolemy.vergil.basic.export.ExportModel -force htm -run -openComposites -timeOut 30000 -whiteBackground ptolemy/domains/gr/demo/SolarSystem/SolarSystem.xml $PTII/ptolemy/domains/gr/demo/SolarSystem/SolarSystem
    [junit] Running .SolarSystem
    [junit] ExportHTMLTimer went off after 30000 ms., calling getDirector().finish and getDirector().stopFire()
    [junit] ExportHTMLTimer went off after 60000 ms., calling manager.stop().
    [junit] 60017 ms. Memory: 1050624K Free: 587487K (56%)
    [junit] Exported /home/travis/build/icyphy/ptII/ptolemy/domains/gr/demo/SolarSystem/SolarSystem/index.html
    [junit] 64510 ms. Memory: 1050624K Free: 453328K (43%)
    [junit] ####### 110 Sat Dec 14 07:43:24 UTC 2019 $PTII/bin/ptinvoke ptolemy.vergil.basic.export.ExportModel -force htm -run -openComposites -timeOut 30000 -whiteBackground ptolemy/domains/gr/demo/StickyMasses/StickyMasses.xml $PTII/ptolemy/domains/gr/demo/StickyMasses/StickyMasses
    [junit] Running .StickyMasses
    [junit] 18544 ms. Memory: 1050624K Free: 412131K (39%)
    [junit] Exported /home/travis/build/icyphy/ptII/ptolemy/domains/gr/demo/StickyMasses/StickyMasses/index.html
    [junit] 23754 ms. Memory: 1050624K Free: 116198K (11%)
    [junit] ####### 111 Sat Dec 14 07:43:48 UTC 2019 $PTII/bin/ptinvoke ptolemy.vergil.basic.export.ExportModel -force htm -run -openComposites -timeOut 30000 -whiteBackground ptolemy/domains/gr/demo/Universe/Universe.xml $PTII/ptolemy/domains/gr/demo/Universe/Universe
    [junit] Running .Universe
    [junit] ExportHTMLTimer went off after 30000 ms., calling getDirector().finish and getDirector().stopFire()
    [junit] ExportHTMLTimer went off after 60000 ms., calling manager.stop().
    [junit] 60043 ms. Memory: 1050624K Free: 515593K (49%)
    [junit] Exported /home/travis/build/icyphy/ptII/ptolemy/domains/gr/demo/Universe/Universe/index.html
    [junit] 64212 ms. Memory: 1050624K Free: 469971K (45%)
    [junit] ####### 112 Sat Dec 14 07:44:52 UTC 2019 $PTII/bin/ptinvoke ptolemy.vergil.basic.export.ExportModel -force htm -run -openComposites -timeOut 30000 -whiteBackground ptolemy/domains/hdf/demo/AdaptiveCoding/AdaptiveCoding.xml $PTII/ptolemy/domains/hdf/demo/AdaptiveCoding/AdaptiveCoding
    [junit] Running .AdaptiveCoding
    [junit] 873 ms. Memory: 1050624K Free: 301070K (29%)
    [junit] Exported /home/travis/build/icyphy/ptII/ptolemy/domains/hdf/demo/AdaptiveCoding/AdaptiveCoding/index.html
    [junit] 5279 ms. Memory: 1050624K Free: 383335K (36%)
    [junit] ####### 113 Sat Dec 14 07:44:57 UTC 2019 $PTII/bin/ptinvoke ptolemy.vergil.basic.export.ExportModel -force htm -run -openComposites -timeOut 30000 -whiteBackground ptolemy/domains/hdf/demo/Fibonacci/Fibonacci.xml $PTII/ptolemy/domains/hdf/demo/Fibonacci/Fibonacci
    [junit] Running .Fibonacci
    [junit] 354 ms. Memory: 1050624K Free: 516891K (49%)
    [junit] Exported /home/travis/build/icyphy/ptII/ptolemy/domains/hdf/demo/Fibonacci/Fibonacci/index.html
    [junit] 4543 ms. Memory: 1050624K Free: 392588K (37%)
    [junit] ####### 114 Sat Dec 14 07:45:02 UTC 2019 $PTII/bin/ptinvoke ptolemy.vergil.basic.export.ExportModel -force htm -run -openComposites -timeOut 30000 -whiteBackground ptolemy/domains/hdf/demo/Hysteresis/Hysteresis.xml $PTII/ptolemy/domains/hdf/demo/Hysteresis/Hysteresis
    [junit] Running .Hysteresis
    [junit] 69 ms. Memory: 1050624K Free: 237987K (23%)
    [junit] Exported /home/travis/build/icyphy/ptII/ptolemy/domains/hdf/demo/Hysteresis/Hysteresis/index.html
    [junit] 4342 ms. Memory: 1050624K Free: 538410K (51%)
    [junit] ####### 115 Sat Dec 14 07:45:06 UTC 2019 $PTII/bin/ptinvoke ptolemy.vergil.basic.export.ExportModel -force htm -run -openComposites -timeOut 30000 -whiteBackground ptolemy/domains/hdf/demo/Merge/Merge.xml $PTII/ptolemy/domains/hdf/demo/Merge/Merge
    [junit] Running .Merge
    [junit] 120 ms. Memory: 1050624K Free: 291546K (28%)
    [junit] Exported /home/travis/build/icyphy/ptII/ptolemy/domains/hdf/demo/Merge/Merge/index.html
    [junit] 4422 ms. Memory: 1050624K Free: 574697K (55%)
    [junit] ####### 116 Sat Dec 14 07:45:11 UTC 2019 $PTII/bin/ptinvoke ptolemy.vergil.basic.export.ExportModel -force htm -run -openComposites -timeOut 30000 -whiteBackground ptolemy/domains/modal/demo/ABP/ABP.xml $PTII/ptolemy/domains/modal/demo/ABP/ABP
    [junit] Running .ABP
    [junit] 122 ms. Memory: 1050624K Free: 296242K (28%)
    [junit] Exported /home/travis/build/icyphy/ptII/ptolemy/domains/modal/demo/ABP/ABP/index.html
    [junit] 4674 ms. Memory: 1050624K Free: 449041K (43%)
    [junit] ####### 117 Sat Dec 14 07:45:15 UTC 2019 $PTII/bin/ptinvoke ptolemy.vergil.basic.export.ExportModel -force htm -run -openComposites -timeOut 30000 -whiteBackground ptolemy/domains/modal/demo/Blending/Blending.xml $PTII/ptolemy/domains/modal/demo/Blending/Blending
    [junit] Running .Blending
    [junit] 230 ms. Memory: 1050624K Free: 187943K (18%)
    [junit] Exported /home/travis/build/icyphy/ptII/ptolemy/domains/modal/demo/Blending/Blending/index.html
    [junit] 4553 ms. Memory: 1050624K Free: 328699K (31%)
    [junit] ####### 118 Sat Dec 14 07:45:20 UTC 2019 $PTII/bin/ptinvoke ptolemy.vergil.basic.export.ExportModel -force htm -run -openComposites -timeOut 30000 -whiteBackground ptolemy/domains/modal/demo/Case/Case.xml $PTII/ptolemy/domains/modal/demo/Case/Case
    [junit] Running .Case
    [junit] 36 ms. Memory: 1050624K Free: 212517K (20%)
    [junit] Exported /home/travis/build/icyphy/ptII/ptolemy/domains/modal/demo/Case/Case/index.html
    [junit] 4288 ms. Memory: 1050624K Free: 499723K (48%)
    [junit] ####### 119 Sat Dec 14 07:45:24 UTC 2019 $PTII/bin/ptinvoke ptolemy.vergil.basic.export.ExportModel -force htm -run -openComposites -timeOut 30000 -whiteBackground ptolemy/domains/modal/demo/ChainedTransitions/ChainedTransitions.xml $PTII/ptolemy/domains/modal/demo/ChainedTransitions/ChainedTransitions
    [junit] Running .ChainedTransitions
    [junit] 29 ms. Memory: 1050624K Free: 373799K (36%)
    [junit] Exported /home/travis/build/icyphy/ptII/ptolemy/domains/modal/demo/ChainedTransitions/ChainedTransitions/index.html
    [junit] 4266 ms. Memory: 1050624K Free: 153623K (15%)
    [junit] ####### 120 Sat Dec 14 07:45:28 UTC 2019 $PTII/bin/ptinvoke ptolemy.vergil.basic.export.ExportModel -force htm -run -openComposites -timeOut 30000 -whiteBackground ptolemy/domains/modal/demo/ModalBSC/ModalBSC.xml $PTII/ptolemy/domains/modal/demo/ModalBSC/ModalBSC
    [junit] Running .ModalBSC
    [junit] 51 ms. Memory: 1050624K Free: 492583K (47%)
    [junit] Exported /home/travis/build/icyphy/ptII/ptolemy/domains/modal/demo/ModalBSC/ModalBSC/index.html
    [junit] 4367 ms. Memory: 1050624K Free: 322573K (31%)
    [junit] ####### 121 Sat Dec 14 07:45:33 UTC 2019 $PTII/bin/ptinvoke ptolemy.vergil.basic.export.ExportModel -force htm -run -openComposites -timeOut 30000 -whiteBackground ptolemy/domains/modal/demo/MultipleRuns/MultipleRuns.xml $PTII/ptolemy/domains/modal/demo/MultipleRuns/MultipleRuns
    [junit] Running .MultipleRuns
    [junit] 619 ms. Memory: 1050624K Free: 149022K (14%)
    [junit] Exported /home/travis/build/icyphy/ptII/ptolemy/domains/modal/demo/MultipleRuns/MultipleRuns/index.html
    [junit] 4802 ms. Memory: 1050624K Free: 476529K (45%)
    [junit] ####### 122 Sat Dec 14 07:45:37 UTC 2019 $PTII/bin/ptinvoke ptolemy.vergil.basic.export.ExportModel -force htm -run -openComposites -timeOut 30000 -whiteBackground ptolemy/domains/modal/demo/PersistentIO/PersistentIO.xml $PTII/ptolemy/domains/modal/demo/PersistentIO/PersistentIO
    [junit] Running .PersistentIO
    [junit] 41 ms. Memory: 1050624K Free: 359300K (34%)
    [junit] Exported /home/travis/build/icyphy/ptII/ptolemy/domains/modal/demo/PersistentIO/PersistentIO/index.html
    [junit] 4270 ms. Memory: 1050624K Free: 221532K (21%)
    [junit] ####### 123 Sat Dec 14 07:45:42 UTC 2019 $PTII/bin/ptinvoke ptolemy.vergil.basic.export.ExportModel -force htm -run -openComposites -timeOut 30000 -whiteBackground ptolemy/domains/modal/demo/StateTracker/StateTracker.xml $PTII/ptolemy/domains/modal/demo/StateTracker/StateTracker
    [junit] Running .StateTracker
    [junit] 23 ms. Memory: 1050624K Free: 116102K (11%)
    [junit] Exported /home/travis/build/icyphy/ptII/ptolemy/domains/modal/demo/StateTracker/StateTracker/index.html
    [junit] 4430 ms. Memory: 1050624K Free: 382914K (36%)
    [junit] ####### 124 Sat Dec 14 07:45:46 UTC 2019 $PTII/bin/ptinvoke ptolemy.vergil.basic.export.ExportModel -force htm  -openComposites -timeOut 30000 -whiteBackground ptolemy/domains/modal/demo/SystemLevelType/CSPDomain.xml $PTII/ptolemy/domains/modal/demo/SystemLevelType/CSPDomain
    [junit] Warning: not running ptolemy/domains/modal/demo/SystemLevelType/CSPDomain.xml. See ptolemy/vergil/basic/export/test/junit/ExportModelJUnitTest.java
    [junit] Exported /home/travis/build/icyphy/ptII/ptolemy/domains/modal/demo/SystemLevelType/CSPDomain/index.html
    [junit] 3154 ms. Memory: 1050624K Free: 246801K (23%)
    [junit] ####### 125 Sat Dec 14 07:45:49 UTC 2019 $PTII/bin/ptinvoke ptolemy.vergil.basic.export.ExportModel -force htm  -openComposites -timeOut 30000 -whiteBackground ptolemy/domains/modal/demo/SystemLevelType/CSPDomain_PolyActor.xml $PTII/ptolemy/domains/modal/demo/SystemLevelType/CSPDomain_PolyActor
    [junit] Warning: not running ptolemy/domains/modal/demo/SystemLevelType/CSPDomain_PolyActor.xml. See ptolemy/vergil/basic/export/test/junit/ExportModelJUnitTest.java
    [junit] Exported /home/travis/build/icyphy/ptII/ptolemy/domains/modal/demo/SystemLevelType/CSPDomain_PolyActor/index.html
    [junit] 3124 ms. Memory: 1050624K Free: 124948K (12%)
    [junit] ####### 126 Sat Dec 14 07:45:52 UTC 2019 $PTII/bin/ptinvoke ptolemy.vergil.basic.export.ExportModel -force htm  -openComposites -timeOut 30000 -whiteBackground ptolemy/domains/modal/demo/SystemLevelType/CSPDomain_SDFActor.xml $PTII/ptolemy/domains/modal/demo/SystemLevelType/CSPDomain_SDFActor
    [junit] Warning: not running ptolemy/domains/modal/demo/SystemLevelType/CSPDomain_SDFActor.xml. See ptolemy/vergil/basic/export/test/junit/ExportModelJUnitTest.java
    [junit] Exported /home/travis/build/icyphy/ptII/ptolemy/domains/modal/demo/SystemLevelType/CSPDomain_SDFActor/index.html
    [junit] 3200 ms. Memory: 1050624K Free: 495122K (47%)
    [junit] ####### 127 Sat Dec 14 07:45:56 UTC 2019 $PTII/bin/ptinvoke ptolemy.vergil.basic.export.ExportModel -force htm  -openComposites -timeOut 30000 -whiteBackground ptolemy/domains/modal/demo/SystemLevelType/DEDomain.xml $PTII/ptolemy/domains/modal/demo/SystemLevelType/DEDomain
    [junit] Warning: not running ptolemy/domains/modal/demo/SystemLevelType/DEDomain.xml. See ptolemy/vergil/basic/export/test/junit/ExportModelJUnitTest.java
    [junit] Exported /home/travis/build/icyphy/ptII/ptolemy/domains/modal/demo/SystemLevelType/DEDomain/index.html
    [junit] 3142 ms. Memory: 1050624K Free: 359956K (34%)
    [junit] ####### 128 Sat Dec 14 07:45:59 UTC 2019 $PTII/bin/ptinvoke ptolemy.vergil.basic.export.ExportModel -force htm  -openComposites -timeOut 30000 -whiteBackground ptolemy/domains/modal/demo/SystemLevelType/DEDomain_PolyActor.xml $PTII/ptolemy/domains/modal/demo/SystemLevelType/DEDomain_PolyActor
    [junit] Warning: not running ptolemy/domains/modal/demo/SystemLevelType/DEDomain_PolyActor.xml. See ptolemy/vergil/basic/export/test/junit/ExportModelJUnitTest.java
    [junit] Exported /home/travis/build/icyphy/ptII/ptolemy/domains/modal/demo/SystemLevelType/DEDomain_PolyActor/index.html
    [junit] 3171 ms. Memory: 1050624K Free: 222737K (21%)
    [junit] ####### 129 Sat Dec 14 07:46:02 UTC 2019 $PTII/bin/ptinvoke ptolemy.vergil.basic.export.ExportModel -force htm  -openComposites -timeOut 30000 -whiteBackground ptolemy/domains/modal/demo/SystemLevelType/DEDomain_SDFActor.xml $PTII/ptolemy/domains/modal/demo/SystemLevelType/DEDomain_SDFActor
    [junit] Warning: not running ptolemy/domains/modal/demo/SystemLevelType/DEDomain_SDFActor.xml. See ptolemy/vergil/basic/export/test/junit/ExportModelJUnitTest.java
    [junit] Exported /home/travis/build/icyphy/ptII/ptolemy/domains/modal/demo/SystemLevelType/DEDomain_SDFActor/index.html
    [junit] 3104 ms. Memory: 1050624K Free: 575480K (55%)
    [junit] ####### 130 Sat Dec 14 07:46:05 UTC 2019 $PTII/bin/ptinvoke ptolemy.vergil.basic.export.ExportModel -force htm  -openComposites -timeOut 30000 -whiteBackground ptolemy/domains/modal/demo/SystemLevelType/DP.xml $PTII/ptolemy/domains/modal/demo/SystemLevelType/DP
    [junit] Warning: not running ptolemy/domains/modal/demo/SystemLevelType/DP.xml. See ptolemy/vergil/basic/export/test/junit/ExportModelJUnitTest.java
    [junit] Exported /home/travis/build/icyphy/ptII/ptolemy/domains/modal/demo/SystemLevelType/DP/index.html
    [junit] 3137 ms. Memory: 1050624K Free: 451093K (43%)
    [junit] ####### 131 Sat Dec 14 07:46:08 UTC 2019 $PTII/bin/ptinvoke ptolemy.vergil.basic.export.ExportModel -force htm  -openComposites -timeOut 30000 -whiteBackground ptolemy/domains/modal/demo/SystemLevelType/DummyDirector1.xml $PTII/ptolemy/domains/modal/demo/SystemLevelType/DummyDirector1
    [junit] Warning: not running ptolemy/domains/modal/demo/SystemLevelType/DummyDirector1.xml. See ptolemy/vergil/basic/export/test/junit/ExportModelJUnitTest.java
    [junit] Exported /home/travis/build/icyphy/ptII/ptolemy/domains/modal/demo/SystemLevelType/DummyDirector1/index.html
    [junit] 3153 ms. Memory: 1050624K Free: 342549K (33%)
    [junit] ####### 132 Sat Dec 14 07:46:11 UTC 2019 $PTII/bin/ptinvoke ptolemy.vergil.basic.export.ExportModel -force htm  -openComposites -timeOut 30000 -whiteBackground ptolemy/domains/modal/demo/SystemLevelType/DummyDirector1_SDFActor.xml $PTII/ptolemy/domains/modal/demo/SystemLevelType/DummyDirector1_SDFActor
    [junit] Warning: not running ptolemy/domains/modal/demo/SystemLevelType/DummyDirector1_SDFActor.xml. See ptolemy/vergil/basic/export/test/junit/ExportModelJUnitTest.java
    [junit] Exported /home/travis/build/icyphy/ptII/ptolemy/domains/modal/demo/SystemLevelType/DummyDirector1_SDFActor/index.html
    [junit] 3113 ms. Memory: 1050624K Free: 229905K (22%)
    [junit] ####### 133 Sat Dec 14 07:46:15 UTC 2019 $PTII/bin/ptinvoke ptolemy.vergil.basic.export.ExportModel -force htm  -openComposites -timeOut 30000 -whiteBackground ptolemy/domains/modal/demo/SystemLevelType/DummyDirector2.xml $PTII/ptolemy/domains/modal/demo/SystemLevelType/DummyDirector2
    [junit] Warning: not running ptolemy/domains/modal/demo/SystemLevelType/DummyDirector2.xml. See ptolemy/vergil/basic/export/test/junit/ExportModelJUnitTest.java
    [junit] Exported /home/travis/build/icyphy/ptII/ptolemy/domains/modal/demo/SystemLevelType/DummyDirector2/index.html
    [junit] 3104 ms. Memory: 1050624K Free: 119320K (11%)
    [junit] ####### 134 Sat Dec 14 07:46:18 UTC 2019 $PTII/bin/ptinvoke ptolemy.vergil.basic.export.ExportModel -force htm  -openComposites -timeOut 30000 -whiteBackground ptolemy/domains/modal/demo/SystemLevelType/DummyDirector2_SDFActor.xml $PTII/ptolemy/domains/modal/demo/SystemLevelType/DummyDirector2_SDFActor
    [junit] Warning: not running ptolemy/domains/modal/demo/SystemLevelType/DummyDirector2_SDFActor.xml. See ptolemy/vergil/basic/export/test/junit/ExportModelJUnitTest.java
    [junit] Exported /home/travis/build/icyphy/ptII/ptolemy/domains/modal/demo/SystemLevelType/DummyDirector2_SDFActor/index.html
    [junit] 3161 ms. Memory: 1050624K Free: 492130K (47%)
    [junit] ####### 135 Sat Dec 14 07:46:21 UTC 2019 $PTII/bin/ptinvoke ptolemy.vergil.basic.export.ExportModel -force htm  -openComposites -timeOut 30000 -whiteBackground ptolemy/domains/modal/demo/SystemLevelType/InterruptableWaitingThreadA.xml $PTII/ptolemy/domains/modal/demo/SystemLevelType/InterruptableWaitingThreadA
    [junit] Warning: not running ptolemy/domains/modal/demo/SystemLevelType/InterruptableWaitingThreadA.xml. See ptolemy/vergil/basic/export/test/junit/ExportModelJUnitTest.java
    [junit] Exported /home/travis/build/icyphy/ptII/ptolemy/domains/modal/demo/SystemLevelType/InterruptableWaitingThreadA/index.html
    [junit] 3144 ms. Memory: 1050624K Free: 340063K (32%)
    [junit] ####### 136 Sat Dec 14 07:46:24 UTC 2019 $PTII/bin/ptinvoke ptolemy.vergil.basic.export.ExportModel -force htm  -openComposites -timeOut 30000 -whiteBackground ptolemy/domains/modal/demo/SystemLevelType/Interrupter.xml $PTII/ptolemy/domains/modal/demo/SystemLevelType/Interrupter
    [junit] Warning: not running ptolemy/domains/modal/demo/SystemLevelType/Interrupter.xml. See ptolemy/vergil/basic/export/test/junit/ExportModelJUnitTest.java
    [junit] Exported /home/travis/build/icyphy/ptII/ptolemy/domains/modal/demo/SystemLevelType/Interrupter/index.html
    [junit] 3123 ms. Memory: 1050624K Free: 213090K (20%)
    [junit] ####### 137 Sat Dec 14 07:46:27 UTC 2019 $PTII/bin/ptinvoke ptolemy.vergil.basic.export.ExportModel -force htm  -openComposites -timeOut 30000 -whiteBackground ptolemy/domains/modal/demo/SystemLevelType/Monitor.xml $PTII/ptolemy/domains/modal/demo/SystemLevelType/Monitor
    [junit] Warning: not running ptolemy/domains/modal/demo/SystemLevelType/Monitor.xml. See ptolemy/vergil/basic/export/test/junit/ExportModelJUnitTest.java
    [junit] Exported /home/travis/build/icyphy/ptII/ptolemy/domains/modal/demo/SystemLevelType/Monitor/index.html
    [junit] 3125 ms. Memory: 1050624K Free: 572928K (55%)
    [junit] ####### 138 Sat Dec 14 07:46:30 UTC 2019 $PTII/bin/ptinvoke ptolemy.vergil.basic.export.ExportModel -force htm  -openComposites -timeOut 30000 -whiteBackground ptolemy/domains/modal/demo/SystemLevelType/PNDomain.xml $PTII/ptolemy/domains/modal/demo/SystemLevelType/PNDomain
    [junit] Warning: not running ptolemy/domains/modal/demo/SystemLevelType/PNDomain.xml. See ptolemy/vergil/basic/export/test/junit/ExportModelJUnitTest.java
    [junit] Exported /home/travis/build/icyphy/ptII/ptolemy/domains/modal/demo/SystemLevelType/PNDomain/index.html
    [junit] 3132 ms. Memory: 1050624K Free: 431651K (41%)
    [junit] ####### 139 Sat Dec 14 07:46:33 UTC 2019 $PTII/bin/ptinvoke ptolemy.vergil.basic.export.ExportModel -force htm  -openComposites -timeOut 30000 -whiteBackground ptolemy/domains/modal/demo/SystemLevelType/PNDomain_PolyActor.xml $PTII/ptolemy/domains/modal/demo/SystemLevelType/PNDomain_PolyActor
    [junit] Warning: not running ptolemy/domains/modal/demo/SystemLevelType/PNDomain_PolyActor.xml. See ptolemy/vergil/basic/export/test/junit/ExportModelJUnitTest.java
    [junit] Exported /home/travis/build/icyphy/ptII/ptolemy/domains/modal/demo/SystemLevelType/PNDomain_PolyActor/index.html
    [junit] 3131 ms. Memory: 1050624K Free: 313344K (30%)
    [junit] ####### 140 Sat Dec 14 07:46:36 UTC 2019 $PTII/bin/ptinvoke ptolemy.vergil.basic.export.ExportModel -force htm  -openComposites -timeOut 30000 -whiteBackground ptolemy/domains/modal/demo/SystemLevelType/PNDomain_SDFActor.xml $PTII/ptolemy/domains/modal/demo/SystemLevelType/PNDomain_SDFActor
    [junit] Warning: not running ptolemy/domains/modal/demo/SystemLevelType/PNDomain_SDFActor.xml. See ptolemy/vergil/basic/export/test/junit/ExportModelJUnitTest.java
    [junit] Exported /home/travis/build/icyphy/ptII/ptolemy/domains/modal/demo/SystemLevelType/PNDomain_SDFActor/index.html
    [junit] 3111 ms. Memory: 1050624K Free: 198181K (19%)
    [junit] ####### 141 Sat Dec 14 07:46:40 UTC 2019 $PTII/bin/ptinvoke ptolemy.vergil.basic.export.ExportModel -force htm  -openComposites -timeOut 30000 -whiteBackground ptolemy/domains/modal/demo/SystemLevelType/PolyActor.xml $PTII/ptolemy/domains/modal/demo/SystemLevelType/PolyActor
    [junit] Warning: not running ptolemy/domains/modal/demo/SystemLevelType/PolyActor.xml. See ptolemy/vergil/basic/export/test/junit/ExportModelJUnitTest.java
    [junit] Exported /home/travis/build/icyphy/ptII/ptolemy/domains/modal/demo/SystemLevelType/PolyActor/index.html
    [junit] 3149 ms. Memory: 1050624K Free: 547073K (52%)
    [junit] ####### 142 Sat Dec 14 07:46:43 UTC 2019 $PTII/bin/ptinvoke ptolemy.vergil.basic.export.ExportModel -force htm  -openComposites -timeOut 30000 -whiteBackground ptolemy/domains/modal/demo/SystemLevelType/SDFActor.xml $PTII/ptolemy/domains/modal/demo/SystemLevelType/SDFActor
    [junit] Warning: not running ptolemy/domains/modal/demo/SystemLevelType/SDFActor.xml. See ptolemy/vergil/basic/export/test/junit/ExportModelJUnitTest.java
    [junit] Exported /home/travis/build/icyphy/ptII/ptolemy/domains/modal/demo/SystemLevelType/SDFActor/index.html
    [junit] 3120 ms. Memory: 1050624K Free: 426251K (41%)
    [junit] ####### 143 Sat Dec 14 07:46:46 UTC 2019 $PTII/bin/ptinvoke ptolemy.vergil.basic.export.ExportModel -force htm  -openComposites -timeOut 30000 -whiteBackground ptolemy/domains/modal/demo/SystemLevelType/SDFDomain.xml $PTII/ptolemy/domains/modal/demo/SystemLevelType/SDFDomain
    [junit] Warning: not running ptolemy/domains/modal/demo/SystemLevelType/SDFDomain.xml. See ptolemy/vergil/basic/export/test/junit/ExportModelJUnitTest.java
    [junit] Exported /home/travis/build/icyphy/ptII/ptolemy/domains/modal/demo/SystemLevelType/SDFDomain/index.html
    [junit] 3115 ms. Memory: 1050624K Free: 295180K (28%)
    [junit] ####### 144 Sat Dec 14 07:46:49 UTC 2019 $PTII/bin/ptinvoke ptolemy.vergil.basic.export.ExportModel -force htm  -openComposites -timeOut 30000 -whiteBackground ptolemy/domains/modal/demo/SystemLevelType/SDFDomain_PolyActor.xml $PTII/ptolemy/domains/modal/demo/SystemLevelType/SDFDomain_PolyActor
    [junit] Warning: not running ptolemy/domains/modal/demo/SystemLevelType/SDFDomain_PolyActor.xml. See ptolemy/vergil/basic/export/test/junit/ExportModelJUnitTest.java
    [junit] Exported /home/travis/build/icyphy/ptII/ptolemy/domains/modal/demo/SystemLevelType/SDFDomain_PolyActor/index.html
    [junit] 3117 ms. Memory: 1050624K Free: 162051K (15%)
    [junit] ####### 145 Sat Dec 14 07:46:52 UTC 2019 $PTII/bin/ptinvoke ptolemy.vergil.basic.export.ExportModel -force htm  -openComposites -timeOut 30000 -whiteBackground ptolemy/domains/modal/demo/SystemLevelType/SDFDomain_SDFActor.xml $PTII/ptolemy/domains/modal/demo/SystemLevelType/SDFDomain_SDFActor
    [junit] Warning: not running ptolemy/domains/modal/demo/SystemLevelType/SDFDomain_SDFActor.xml. See ptolemy/vergil/basic/export/test/junit/ExportModelJUnitTest.java
    [junit] Exported /home/travis/build/icyphy/ptII/ptolemy/domains/modal/demo/SystemLevelType/SDFDomain_SDFActor/index.html
    [junit] 3179 ms. Memory: 1050624K Free: 517614K (49%)
    [junit] ####### 146 Sat Dec 14 07:46:55 UTC 2019 $PTII/bin/ptinvoke ptolemy.vergil.basic.export.ExportModel -force htm  -openComposites -timeOut 30000 -whiteBackground ptolemy/domains/modal/demo/SystemLevelType/ThreadA.xml $PTII/ptolemy/domains/modal/demo/SystemLevelType/ThreadA
    [junit] Warning: not running ptolemy/domains/modal/demo/SystemLevelType/ThreadA.xml. See ptolemy/vergil/basic/export/test/junit/ExportModelJUnitTest.java
    [junit] Exported /home/travis/build/icyphy/ptII/ptolemy/domains/modal/demo/SystemLevelType/ThreadA/index.html
    [junit] 3132 ms. Memory: 1050624K Free: 518157K (49%)
    [junit] ####### 147 Sat Dec 14 07:46:58 UTC 2019 $PTII/bin/ptinvoke ptolemy.vergil.basic.export.ExportModel -force htm  -openComposites -timeOut 30000 -whiteBackground ptolemy/domains/modal/demo/SystemLevelType/ThreadA_Monitor_ThreadB.xml $PTII/ptolemy/domains/modal/demo/SystemLevelType/ThreadA_Monitor_ThreadB
    [junit] Warning: not running ptolemy/domains/modal/demo/SystemLevelType/ThreadA_Monitor_ThreadB.xml. See ptolemy/vergil/basic/export/test/junit/ExportModelJUnitTest.java
    [junit] Exported /home/travis/build/icyphy/ptII/ptolemy/domains/modal/demo/SystemLevelType/ThreadA_Monitor_ThreadB/index.html
    [junit] 3146 ms. Memory: 1050624K Free: 518159K (49%)
    [junit] ####### 148 Sat Dec 14 07:47:02 UTC 2019 $PTII/bin/ptinvoke ptolemy.vergil.basic.export.ExportModel -force htm  -openComposites -timeOut 30000 -whiteBackground ptolemy/domains/modal/demo/SystemLevelType/ThreadB.xml $PTII/ptolemy/domains/modal/demo/SystemLevelType/ThreadB
    [junit] Warning: not running ptolemy/domains/modal/demo/SystemLevelType/ThreadB.xml. See ptolemy/vergil/basic/export/test/junit/ExportModelJUnitTest.java
    [junit] Exported /home/travis/build/icyphy/ptII/ptolemy/domains/modal/demo/SystemLevelType/ThreadB/index.html
    [junit] 3129 ms. Memory: 1050624K Free: 563743K (54%)
    [junit] ####### 149 Sat Dec 14 07:47:05 UTC 2019 $PTII/bin/ptinvoke ptolemy.vergil.basic.export.ExportModel -force htm  -openComposites -timeOut 30000 -whiteBackground ptolemy/domains/modal/demo/SystemLevelType/ThreadBNotifies.xml $PTII/ptolemy/domains/modal/demo/SystemLevelType/ThreadBNotifies
    [junit] Warning: not running ptolemy/domains/modal/demo/SystemLevelType/ThreadBNotifies.xml. See ptolemy/vergil/basic/export/test/junit/ExportModelJUnitTest.java
    [junit] Exported /home/travis/build/icyphy/ptII/ptolemy/domains/modal/demo/SystemLevelType/ThreadBNotifies/index.html
    [junit] 3108 ms. Memory: 1050624K Free: 452126K (43%)
    [junit] ####### 150 Sat Dec 14 07:47:08 UTC 2019 $PTII/bin/ptinvoke ptolemy.vergil.basic.export.ExportModel -force htm  -openComposites -timeOut 30000 -whiteBackground ptolemy/domains/modal/demo/SystemLevelType/Trigger.xml $PTII/ptolemy/domains/modal/demo/SystemLevelType/Trigger
    [junit] Warning: not running ptolemy/domains/modal/demo/SystemLevelType/Trigger.xml. See ptolemy/vergil/basic/export/test/junit/ExportModelJUnitTest.java
    [junit] Exported /home/travis/build/icyphy/ptII/ptolemy/domains/modal/demo/SystemLevelType/Trigger/index.html
    [junit] 3116 ms. Memory: 1050624K Free: 530446K (50%)
    [junit] Tests run: 150, Failures: 0, Errors: 0, Skipped: 0, Time elapsed: 1,964.115 sec
    [junit] Output:
    [junit] ExportModeJUnitTestBatch: There are 741 demos. Exporting demos: 441 to 590.
    [junit] ####### 1 Sat Dec 14 07:14:27 UTC 2019 $PTII/bin/ptinvoke ptolemy.vergil.basic.export.ExportModel -force htm  -openComposites -timeOut 30000 -whiteBackground ptolemy/demo/RobotMPC/CollisionAvoidanceWithAccModel.xml $PTII/ptolemy/demo/RobotMPC/CollisionAvoidanceWithAccModel
    [junit] Warning: not running ptolemy/demo/RobotMPC/CollisionAvoidanceWithAccModel.xml. See ptolemy/vergil/basic/export/test/junit/ExportModelJUnitTest.java
    [junit] Exported /home/travis/build/icyphy/ptII/ptolemy/demo/RobotMPC/CollisionAvoidanceWithAccModel/index.html
    [junit] 18034 ms. Memory: 505856K Free: 268843K (53%)
    [junit] ####### 2 Sat Dec 14 07:14:45 UTC 2019 $PTII/bin/ptinvoke ptolemy.vergil.basic.export.ExportModel -force htm  -openComposites -timeOut 30000 -whiteBackground ptolemy/demo/RobotMPC/CollisionAvoidanceWithObservationRobots.xml $PTII/ptolemy/demo/RobotMPC/CollisionAvoidanceWithObservationRobots
    [junit] Warning: not running ptolemy/demo/RobotMPC/CollisionAvoidanceWithObservationRobots.xml. See ptolemy/vergil/basic/export/test/junit/ExportModelJUnitTest.java
    [junit] Exported /home/travis/build/icyphy/ptII/ptolemy/demo/RobotMPC/CollisionAvoidanceWithObservationRobots/index.html
    [junit] 98849 ms. Memory: 957440K Free: 462541K (48%)
    [junit] ####### 3 Sat Dec 14 07:16:24 UTC 2019 $PTII/bin/ptinvoke ptolemy.vergil.basic.export.ExportModel -force htm  -openComposites -timeOut 30000 -whiteBackground ptolemy/demo/RobotMPC/CollisionAvoidanceWithUncertainMeasurement.xml $PTII/ptolemy/demo/RobotMPC/CollisionAvoidanceWithUncertainMeasurement
    [junit] Warning: not running ptolemy/demo/RobotMPC/CollisionAvoidanceWithUncertainMeasurement.xml. See ptolemy/vergil/basic/export/test/junit/ExportModelJUnitTest.java
    [junit] Exported /home/travis/build/icyphy/ptII/ptolemy/demo/RobotMPC/CollisionAvoidanceWithUncertainMeasurement/index.html
    [junit] 18178 ms. Memory: 957440K Free: 323909K (34%)
    [junit] ####### 4 Sat Dec 14 07:16:42 UTC 2019 $PTII/bin/ptinvoke ptolemy.vergil.basic.export.ExportModel -force htm  -openComposites -timeOut 30000 -whiteBackground ptolemy/demo/RobotMPC/RobotMPC.xml $PTII/ptolemy/demo/RobotMPC/RobotMPC
    [junit] Warning: not running ptolemy/demo/RobotMPC/RobotMPC.xml. See ptolemy/vergil/basic/export/test/junit/ExportModelJUnitTest.java
    [junit] Exported /home/travis/build/icyphy/ptII/ptolemy/demo/RobotMPC/RobotMPC/index.html
    [junit] 3247 ms. Memory: 957440K Free: 181559K (19%)
    [junit] ####### 5 Sat Dec 14 07:16:45 UTC 2019 $PTII/bin/ptinvoke ptolemy.vergil.basic.export.ExportModel -force htm  -openComposites -timeOut 30000 -whiteBackground ptolemy/demo/RobotMPC/SimpleChase.xml $PTII/ptolemy/demo/RobotMPC/SimpleChase
    [junit] Warning: not running ptolemy/demo/RobotMPC/SimpleChase.xml. See ptolemy/vergil/basic/export/test/junit/ExportModelJUnitTest.java
    [junit] Exported /home/travis/build/icyphy/ptII/ptolemy/demo/RobotMPC/SimpleChase/index.html
    [junit] 7166 ms. Memory: 957440K Free: 596993K (62%)
    [junit] ####### 6 Sat Dec 14 07:16:53 UTC 2019 $PTII/bin/ptinvoke ptolemy.vergil.basic.export.ExportModel -force htm  -openComposites -timeOut 30000 -whiteBackground ptolemy/distributed/demo/Sleep/Sleep.xml $PTII/ptolemy/distributed/demo/Sleep/Sleep
    [junit] Warning: not running ptolemy/distributed/demo/Sleep/Sleep.xml. See ptolemy/vergil/basic/export/test/junit/ExportModelJUnitTest.java
    [junit] Exported /home/travis/build/icyphy/ptII/ptolemy/distributed/demo/Sleep/Sleep/index.html
    [junit] 3317 ms. Memory: 957440K Free: 473086K (49%)
    [junit] ####### 7 Sat Dec 14 07:16:56 UTC 2019 $PTII/bin/ptinvoke ptolemy.vergil.basic.export.ExportModel -force htm -run -openComposites -timeOut 30000 -whiteBackground ptolemy/domains/algebraic/demo/HeaterOpenTank/HeaterOpenTank.xml $PTII/ptolemy/domains/algebraic/demo/HeaterOpenTank/HeaterOpenTank
    [junit] Running .HeaterOpenTank
    [junit] 848 ms. Memory: 957440K Free: 321039K (34%)
    [junit] Exported /home/travis/build/icyphy/ptII/ptolemy/domains/algebraic/demo/HeaterOpenTank/HeaterOpenTank/index.html
    [junit] 5388 ms. Memory: 957440K Free: 565238K (59%)
    [junit] ####### 8 Sat Dec 14 07:17:01 UTC 2019 $PTII/bin/ptinvoke ptolemy.vergil.basic.export.ExportModel -force htm -run -openComposites -timeOut 30000 -whiteBackground ptolemy/domains/algebraic/demo/HeaterOpenTank/HeaterOpenTankRefactored.xml $PTII/ptolemy/domains/algebraic/demo/HeaterOpenTank/HeaterOpenTankRefactored
    [junit] Running .HeaterOpenTankRefactored
    [junit] 105 ms. Memory: 957440K Free: 460813K (48%)
    [junit] Exported /home/travis/build/icyphy/ptII/ptolemy/domains/algebraic/demo/HeaterOpenTank/HeaterOpenTankRefactored/index.html
    [junit] 4465 ms. Memory: 957440K Free: 284655K (30%)
    [junit] ####### 9 Sat Dec 14 07:17:06 UTC 2019 $PTII/bin/ptinvoke ptolemy.vergil.basic.export.ExportModel -force htm -run -openComposites -timeOut 30000 -whiteBackground ptolemy/domains/algebraic/demo/RLC/RLC.xml $PTII/ptolemy/domains/algebraic/demo/RLC/RLC
    [junit] Running .RLC
    [junit] 102 ms. Memory: 957440K Free: 172559K (18%)
    [junit] Exported /home/travis/build/icyphy/ptII/ptolemy/domains/algebraic/demo/RLC/RLC/index.html
    [junit] 4469 ms. Memory: 957440K Free: 572361K (60%)
    [junit] ####### 10 Sat Dec 14 07:17:10 UTC 2019 $PTII/bin/ptinvoke ptolemy.vergil.basic.export.ExportModel -force htm -run -openComposites -timeOut 30000 -whiteBackground ptolemy/domains/atc/demo/FirstPolicy/FirstPolicy.xml $PTII/ptolemy/domains/atc/demo/FirstPolicy/FirstPolicy
    [junit] Running .FirstPolicy
    [junit] ExportHTMLTimer went off after 30000 ms., calling getDirector().finish and getDirector().stopFire()
    [junit] 30006 ms. Memory: 957440K Free: 316943K (33%)
    [junit] Exported /home/travis/build/icyphy/ptII/ptolemy/domains/atc/demo/FirstPolicy/FirstPolicy/index.html
    [junit] 35192 ms. Memory: 957440K Free: 546075K (57%)
    [junit] ####### 11 Sat Dec 14 07:17:45 UTC 2019 $PTII/bin/ptinvoke ptolemy.vergil.basic.export.ExportModel -force htm -run -openComposites -timeOut 30000 -whiteBackground ptolemy/domains/atc/demo/SecondPolicy/SecondPolicy.xml $PTII/ptolemy/domains/atc/demo/SecondPolicy/SecondPolicy
    [junit] Running .SecondPolicy
    [junit] ExportHTMLTimer went off after 30000 ms., calling getDirector().finish and getDirector().stopFire()
    [junit] 30001 ms. Memory: 957440K Free: 296975K (31%)
    [junit] Exported /home/travis/build/icyphy/ptII/ptolemy/domains/atc/demo/SecondPolicy/SecondPolicy/index.html
    [junit] 34932 ms. Memory: 957440K Free: 524754K (55%)
    [junit] ####### 12 Sat Dec 14 07:18:20 UTC 2019 $PTII/bin/ptinvoke ptolemy.vergil.basic.export.ExportModel -force htm -run -openComposites -timeOut 30000 -whiteBackground ptolemy/domains/ca/demo/Conway/Conway.xml $PTII/ptolemy/domains/ca/demo/Conway/Conway
    [junit] Running .Conway
    [junit] 20556 ms. Memory: 957440K Free: 325133K (34%)
    [junit] Exported /home/travis/build/icyphy/ptII/ptolemy/domains/ca/demo/Conway/Conway/index.html
    [junit] 24864 ms. Memory: 957440K Free: 197087K (21%)
    [junit] ####### 13 Sat Dec 14 07:18:45 UTC 2019 $PTII/bin/ptinvoke ptolemy.vergil.basic.export.ExportModel -force htm -run -openComposites -timeOut 30000 -whiteBackground ptolemy/domains/ca/demo/ConwayRandom/ConwayRandom.xml $PTII/ptolemy/domains/ca/demo/ConwayRandom/ConwayRandom
    [junit] Running .ConwayRandom
    [junit] ExportHTMLTimer went off after 30000 ms., calling getDirector().finish and getDirector().stopFire()
    [junit] ExportHTMLTimer went off after 60000 ms., calling manager.stop().
    [junit] 60095 ms. Memory: 957440K Free: 235196K (25%)
    [junit] Exported /home/travis/build/icyphy/ptII/ptolemy/domains/ca/demo/ConwayRandom/ConwayRandom/index.html
    [junit] 64440 ms. Memory: 957440K Free: 679486K (71%)
    [junit] ####### 14 Sat Dec 14 07:19:50 UTC 2019 $PTII/bin/ptinvoke ptolemy.vergil.basic.export.ExportModel -force htm -run -openComposites -timeOut 30000 -whiteBackground ptolemy/domains/ci/demo/Router/Router.xml $PTII/ptolemy/domains/ci/demo/Router/Router
    [junit] Running .Router
    [junit] ExportHTMLTimer went off after 30000 ms., calling getDirector().finish and getDirector().stopFire()
    [junit] 30002 ms. Memory: 957440K Free: 542291K (57%)
    [junit] Exported /home/travis/build/icyphy/ptII/ptolemy/domains/ci/demo/Router/Router/index.html
    [junit] 34438 ms. Memory: 957440K Free: 303621K (32%)
    [junit] ####### 15 Sat Dec 14 07:20:24 UTC 2019 $PTII/bin/ptinvoke ptolemy.vergil.basic.export.ExportModel -force htm -run -openComposites -timeOut 30000 -whiteBackground ptolemy/domains/continuous/demo/BouncingBall/BouncingBall.xml $PTII/ptolemy/domains/continuous/demo/BouncingBall/BouncingBall
    [junit] Running .BouncingBall
    [junit] ExportHTMLTimer went off after 30000 ms., calling getDirector().finish and getDirector().stopFire()
    [junit] 30014 ms. Memory: 957440K Free: 368128K (38%)
    [junit] Exported /home/travis/build/icyphy/ptII/ptolemy/domains/continuous/demo/BouncingBall/BouncingBall/index.html
    [junit] 34554 ms. Memory: 957440K Free: 171969K (18%)
    [junit] ####### 16 Sat Dec 14 07:20:59 UTC 2019 $PTII/bin/ptinvoke ptolemy.vergil.basic.export.ExportModel -force htm -run -openComposites -timeOut 30000 -whiteBackground ptolemy/domains/continuous/demo/BouncingBall/BouncingBallWithoutGR.xml $PTII/ptolemy/domains/continuous/demo/BouncingBall/BouncingBallWithoutGR
    [junit] Running .BouncingBallWithoutGR
    [junit] 769 ms. Memory: 957440K Free: 482723K (50%)
    [junit] Exported /home/travis/build/icyphy/ptII/ptolemy/domains/continuous/demo/BouncingBall/BouncingBallWithoutGR/index.html
    [junit] 5307 ms. Memory: 957440K Free: 331465K (35%)
    [junit] ####### 17 Sat Dec 14 07:21:04 UTC 2019 $PTII/bin/ptinvoke ptolemy.vergil.basic.export.ExportModel -force htm -run -openComposites -timeOut 30000 -whiteBackground ptolemy/domains/continuous/demo/Brownian/Brownian.xml $PTII/ptolemy/domains/continuous/demo/Brownian/Brownian
    [junit] Running .Brownian
    [junit] 273 ms. Memory: 957440K Free: 190369K (20%)
    [junit] Exported /home/travis/build/icyphy/ptII/ptolemy/domains/continuous/demo/Brownian/Brownian/index.html
    [junit] 4515 ms. Memory: 957440K Free: 696418K (73%)
    [junit] ####### 18 Sat Dec 14 07:21:09 UTC 2019 $PTII/bin/ptinvoke ptolemy.vergil.basic.export.ExportModel -force htm -run -openComposites -timeOut 30000 -whiteBackground ptolemy/domains/continuous/demo/CartPendulum/CartPendulum.xml $PTII/ptolemy/domains/continuous/demo/CartPendulum/CartPendulum
    [junit] Running .CartPendulum
    [junit] 18168 ms. Memory: 957440K Free: 686731K (72%)
    [junit] Exported /home/travis/build/icyphy/ptII/ptolemy/domains/continuous/demo/CartPendulum/CartPendulum/index.html
    [junit] 22953 ms. Memory: 957440K Free: 268906K (28%)
    [junit] ####### 19 Sat Dec 14 07:21:32 UTC 2019 $PTII/bin/ptinvoke ptolemy.vergil.basic.export.ExportModel -force htm -run -openComposites -timeOut 30000 -whiteBackground ptolemy/domains/continuous/demo/CarTracking/CarTracking.xml $PTII/ptolemy/domains/continuous/demo/CarTracking/CarTracking
    [junit] Running .CarTracking
    [junit] 3316 ms. Memory: 957440K Free: 539952K (56%)
    [junit] Exported /home/travis/build/icyphy/ptII/ptolemy/domains/continuous/demo/CarTracking/CarTracking/index.html
    [junit] 9178 ms. Memory: 957440K Free: 430871K (45%)
    [junit] ####### 20 Sat Dec 14 07:21:41 UTC 2019 $PTII/bin/ptinvoke ptolemy.vergil.basic.export.ExportModel -force htm -run -openComposites -timeOut 30000 -whiteBackground ptolemy/domains/continuous/demo/ComparedClocks/ComparedClocks.xml $PTII/ptolemy/domains/continuous/demo/ComparedClocks/ComparedClocks
    [junit] Running .ComparedClocks
    [junit] 125 ms. Memory: 957440K Free: 268592K (28%)
    [junit] Exported /home/travis/build/icyphy/ptII/ptolemy/domains/continuous/demo/ComparedClocks/ComparedClocks/index.html
    [junit] 4571 ms. Memory: 957440K Free: 552130K (58%)
    [junit] ####### 21 Sat Dec 14 07:21:45 UTC 2019 $PTII/bin/ptinvoke ptolemy.vergil.basic.export.ExportModel -force htm -run -openComposites -timeOut 30000 -whiteBackground ptolemy/domains/continuous/demo/ContinuousInsideDE/ContinuousInsideDE.xml $PTII/ptolemy/domains/continuous/demo/ContinuousInsideDE/ContinuousInsideDE
    [junit] Running .ContinuousInsideDE
    [junit] 89 ms. Memory: 957440K Free: 417617K (44%)
    [junit] Exported /home/travis/build/icyphy/ptII/ptolemy/domains/continuous/demo/ContinuousInsideDE/ContinuousInsideDE/index.html
    [junit] 4380 ms. Memory: 957440K Free: 304430K (32%)
    [junit] ####### 22 Sat Dec 14 07:21:50 UTC 2019 $PTII/bin/ptinvoke ptolemy.vergil.basic.export.ExportModel -force htm -run -openComposites -timeOut 30000 -whiteBackground ptolemy/domains/continuous/demo/DCMotor/DCMotor.xml $PTII/ptolemy/domains/continuous/demo/DCMotor/DCMotor
    [junit] Running .DCMotor
    [junit] ExportHTMLTimer went off after 30000 ms., calling getDirector().finish and getDirector().stopFire()
    [junit] 30009 ms. Memory: 957440K Free: 253721K (26%)
    [junit] Exported /home/travis/build/icyphy/ptII/ptolemy/domains/continuous/demo/DCMotor/DCMotor/index.html
    [junit] 34408 ms. Memory: 957440K Free: 595032K (62%)
    [junit] ####### 23 Sat Dec 14 07:22:24 UTC 2019 $PTII/bin/ptinvoke ptolemy.vergil.basic.export.ExportModel -force htm -run -openComposites -timeOut 30000 -whiteBackground ptolemy/domains/continuous/demo/Derivative/Derivative.xml $PTII/ptolemy/domains/continuous/demo/Derivative/Derivative
    [junit] Running .Derivative
    [junit] 166 ms. Memory: 957440K Free: 452279K (47%)
    [junit] Exported /home/travis/build/icyphy/ptII/ptolemy/domains/continuous/demo/Derivative/Derivative/index.html
    [junit] 4425 ms. Memory: 957440K Free: 327328K (34%)
    [junit] ####### 24 Sat Dec 14 07:22:28 UTC 2019 $PTII/bin/ptinvoke ptolemy.vergil.basic.export.ExportModel -force htm -run -openComposites -timeOut 30000 -whiteBackground ptolemy/domains/continuous/demo/Friction/Friction.xml $PTII/ptolemy/domains/continuous/demo/Friction/Friction
    [junit] Running .Friction
    [junit] 1381 ms. Memory: 957440K Free: 375114K (39%)
    [junit] Exported /home/travis/build/icyphy/ptII/ptolemy/domains/continuous/demo/Friction/Friction/index.html
    [junit] 6413 ms. Memory: 957440K Free: 475692K (50%)
    [junit] ####### 25 Sat Dec 14 07:22:35 UTC 2019 $PTII/bin/ptinvoke ptolemy.vergil.basic.export.ExportModel -force htm -run -openComposites -timeOut 30000 -whiteBackground ptolemy/domains/continuous/demo/FurutaPendulum/FurutaPendulum.xml $PTII/ptolemy/domains/continuous/demo/FurutaPendulum/FurutaPendulum
    [junit] Running .FurutaPendulum
    [junit] 24012 ms. Memory: 957440K Free: 358774K (37%)
    [junit] Exported /home/travis/build/icyphy/ptII/ptolemy/domains/continuous/demo/FurutaPendulum/FurutaPendulum/index.html
    [junit] 30016 ms. Memory: 957440K Free: 109577K (11%)
    [junit] ####### 26 Sat Dec 14 07:23:05 UTC 2019 $PTII/bin/ptinvoke ptolemy.vergil.basic.export.ExportModel -force htm -run -openComposites -timeOut 30000 -whiteBackground ptolemy/domains/continuous/demo/HierarchicalExecution/HierarchicalExecution.xml $PTII/ptolemy/domains/continuous/demo/HierarchicalExecution/HierarchicalExecution
    [junit] Running .HierarchicalExecution
    [junit] 1617 ms. Memory: 957440K Free: 364459K (38%)
    [junit] Exported /home/travis/build/icyphy/ptII/ptolemy/domains/continuous/demo/HierarchicalExecution/HierarchicalExecution/index.html
    [junit] 5844 ms. Memory: 957440K Free: 273795K (29%)
    [junit] ####### 27 Sat Dec 14 07:23:11 UTC 2019 $PTII/bin/ptinvoke ptolemy.vergil.basic.export.ExportModel -force htm -run -openComposites -timeOut 30000 -whiteBackground ptolemy/domains/continuous/demo/HybridPlant/HybridPlant.xml $PTII/ptolemy/domains/continuous/demo/HybridPlant/HybridPlant
    [junit] Running .HybridPlant
    [junit] 715 ms. Memory: 957440K Free: 475936K (50%)
    [junit] Exported /home/travis/build/icyphy/ptII/ptolemy/domains/continuous/demo/HybridPlant/HybridPlant/index.html
    [junit] 5098 ms. Memory: 957440K Free: 230117K (24%)
    [junit] ####### 28 Sat Dec 14 07:23:16 UTC 2019 $PTII/bin/ptinvoke ptolemy.vergil.basic.export.ExportModel -force htm -run -openComposites -timeOut 30000 -whiteBackground ptolemy/domains/continuous/demo/HybridPlant/RandomHybridPlant.xml $PTII/ptolemy/domains/continuous/demo/HybridPlant/RandomHybridPlant
    [junit] Running .RandomHybridPlant
    [junit] 560 ms. Memory: 957440K Free: 387651K (40%)
    [junit] Exported /home/travis/build/icyphy/ptII/ptolemy/domains/continuous/demo/HybridPlant/RandomHybridPlant/index.html
    [junit] 4995 ms. Memory: 957440K Free: 133636K (14%)
    [junit] ####### 29 Sat Dec 14 07:23:21 UTC 2019 $PTII/bin/ptinvoke ptolemy.vergil.basic.export.ExportModel -force htm -run -openComposites -timeOut 30000 -whiteBackground ptolemy/domains/continuous/demo/Hysteresis/Hysteresis.xml $PTII/ptolemy/domains/continuous/demo/Hysteresis/Hysteresis
    [junit] Running .Hysteresis
    [junit] 156 ms. Memory: 957440K Free: 557967K (58%)
    [junit] Exported /home/travis/build/icyphy/ptII/ptolemy/domains/continuous/demo/Hysteresis/Hysteresis/index.html
    [junit] 4489 ms. Memory: 957440K Free: 381808K (40%)
    [junit] ####### 30 Sat Dec 14 07:23:25 UTC 2019 $PTII/bin/ptinvoke ptolemy.vergil.basic.export.ExportModel -force htm -run -openComposites -timeOut 30000 -whiteBackground ptolemy/domains/continuous/demo/Hysteresis/HysteresisWithRandomDelay.xml $PTII/ptolemy/domains/continuous/demo/Hysteresis/HysteresisWithRandomDelay
    [junit] Running .HysteresisWithRandomDelay
    [junit] 188 ms. Memory: 957440K Free: 168302K (18%)
    [junit] Exported /home/travis/build/icyphy/ptII/ptolemy/domains/continuous/demo/Hysteresis/HysteresisWithRandomDelay/index.html
    [junit] 4513 ms. Memory: 957440K Free: 613296K (64%)
    [junit] ####### 31 Sat Dec 14 07:23:30 UTC 2019 $PTII/bin/ptinvoke ptolemy.vergil.basic.export.ExportModel -force htm -run -openComposites -timeOut 30000 -whiteBackground ptolemy/domains/continuous/demo/Hysteresis/HysteresisWithRandomLosses.xml $PTII/ptolemy/domains/continuous/demo/Hysteresis/HysteresisWithRandomLosses
    [junit] Running .HysteresisWithRandomLosses
    [junit] 1127 ms. Memory: 957440K Free: 654909K (68%)
    [junit] Exported /home/travis/build/icyphy/ptII/ptolemy/domains/continuous/demo/Hysteresis/HysteresisWithRandomLosses/index.html
    [junit] 5429 ms. Memory: 957440K Free: 478753K (50%)
    [junit] ####### 32 Sat Dec 14 07:23:35 UTC 2019 $PTII/bin/ptinvoke ptolemy.vergil.basic.export.ExportModel -force htm -run -openComposites -timeOut 30000 -whiteBackground ptolemy/domains/continuous/demo/LevelCrossingDetector/LevelCrossingDetector.xml $PTII/ptolemy/domains/continuous/demo/LevelCrossingDetector/LevelCrossingDetector
    [junit] Running .LevelCrossingDetector
    [junit] 27 ms. Memory: 957440K Free: 568574K (59%)
    [junit] Exported /home/travis/build/icyphy/ptII/ptolemy/domains/continuous/demo/LevelCrossingDetector/LevelCrossingDetector/index.html
    [junit] 4202 ms. Memory: 957440K Free: 493794K (52%)
    [junit] ####### 33 Sat Dec 14 07:23:40 UTC 2019 $PTII/bin/ptinvoke ptolemy.vergil.basic.export.ExportModel -force htm -run -openComposites -timeOut 30000 -whiteBackground ptolemy/domains/continuous/demo/LevelCrossingDetector/LevelCrossingDetectorDetectingDirections.xml $PTII/ptolemy/domains/continuous/demo/LevelCrossingDetector/LevelCrossingDetectorDetectingDirections
    [junit] Running .LevelCrossingDetectorDetectingDirections
    [junit] 65 ms. Memory: 957440K Free: 589221K (62%)
    [junit] Exported /home/travis/build/icyphy/ptII/ptolemy/domains/continuous/demo/LevelCrossingDetector/LevelCrossingDetectorDetectingDirections/index.html
    [junit] 4288 ms. Memory: 957440K Free: 484732K (51%)
    [junit] ####### 34 Sat Dec 14 07:23:44 UTC 2019 $PTII/bin/ptinvoke ptolemy.vergil.basic.export.ExportModel -force htm -run -openComposites -timeOut 30000 -whiteBackground ptolemy/domains/continuous/demo/LevelCrossingDetectorDetectsGlitches/LevelCrossingDetectorDetectsGlitches.xml $PTII/ptolemy/domains/continuous/demo/LevelCrossingDetectorDetectsGlitches/LevelCrossingDetectorDetectsGlitches
    [junit] Running .LevelCrossingDetectorDetectsGlitches
    [junit] 62 ms. Memory: 957440K Free: 613687K (64%)
    [junit] Exported /home/travis/build/icyphy/ptII/ptolemy/domains/continuous/demo/LevelCrossingDetectorDetectsGlitches/LevelCrossingDetectorDetectsGlitches/index.html
    [junit] 4420 ms. Memory: 957440K Free: 559918K (58%)
    [junit] ####### 35 Sat Dec 14 07:23:48 UTC 2019 $PTII/bin/ptinvoke ptolemy.vergil.basic.export.ExportModel -force htm -run -openComposites -timeOut 30000 -whiteBackground ptolemy/domains/continuous/demo/Lorenz/Lorenz.xml $PTII/ptolemy/domains/continuous/demo/Lorenz/Lorenz
    [junit] Running .Lorenz
    [junit] 3793 ms. Memory: 957440K Free: 262487K (27%)
    [junit] Exported /home/travis/build/icyphy/ptII/ptolemy/domains/continuous/demo/Lorenz/Lorenz/index.html
    [junit] 7931 ms. Memory: 957440K Free: 646464K (68%)
    [junit] ####### 36 Sat Dec 14 07:23:56 UTC 2019 $PTII/bin/ptinvoke ptolemy.vergil.basic.export.ExportModel -force htm -run -openComposites -timeOut 30000 -whiteBackground ptolemy/domains/continuous/demo/Lorenz/LorenzDifferentialSystem.xml $PTII/ptolemy/domains/continuous/demo/Lorenz/LorenzDifferentialSystem
    [junit] Running .LorenzDifferentialSystem
    [junit] 9227 ms. Memory: 957440K Free: 190295K (20%)
    [junit] Exported /home/travis/build/icyphy/ptII/ptolemy/domains/continuous/demo/Lorenz/LorenzDifferentialSystem/index.html
    [junit] 13411 ms. Memory: 957440K Free: 566072K (59%)
    [junit] ####### 37 Sat Dec 14 07:24:10 UTC 2019 $PTII/bin/ptinvoke ptolemy.vergil.basic.export.ExportModel -force htm -run -openComposites -timeOut 30000 -whiteBackground ptolemy/domains/continuous/demo/NewtonsCradle/NewtonsCradle.xml $PTII/ptolemy/domains/continuous/demo/NewtonsCradle/NewtonsCradle
    [junit] Running .NewtonsCradle
    [junit] 2683 ms. Memory: 957440K Free: 321487K (34%)
    [junit] Exported /home/travis/build/icyphy/ptII/ptolemy/domains/continuous/demo/NewtonsCradle/NewtonsCradle/index.html
    [junit] 8617 ms. Memory: 957440K Free: 501184K (52%)
    [junit] ####### 38 Sat Dec 14 07:24:18 UTC 2019 $PTII/bin/ptinvoke ptolemy.vergil.basic.export.ExportModel -force htm -run -openComposites -timeOut 30000 -whiteBackground ptolemy/domains/continuous/demo/NewtonsCradle/NewtonsCradleAnimated.xml $PTII/ptolemy/domains/continuous/demo/NewtonsCradle/NewtonsCradleAnimated
    [junit] Running .NewtonsCradleAnimated
    [junit] ExportHTMLTimer went off after 30000 ms., calling getDirector().finish and getDirector().stopFire()
    [junit] 30087 ms. Memory: 957440K Free: 638431K (67%)
    [junit] Exported /home/travis/build/icyphy/ptII/ptolemy/domains/continuous/demo/NewtonsCradle/NewtonsCradleAnimated/index.html
    [junit] 37129 ms. Memory: 957440K Free: 605628K (63%)
    [junit] ####### 39 Sat Dec 14 07:24:55 UTC 2019 $PTII/bin/ptinvoke ptolemy.vergil.basic.export.ExportModel -force htm -run -openComposites -timeOut 30000 -whiteBackground ptolemy/domains/continuous/demo/NewtonsCradle/NewtonsCradleComplicated.xml $PTII/ptolemy/domains/continuous/demo/NewtonsCradle/NewtonsCradleComplicated
    [junit] Running .NewtonsCradleComplicated
    [junit] ExportHTMLTimer went off after 30000 ms., calling getDirector().finish and getDirector().stopFire()
    [junit] 30034 ms. Memory: 957440K Free: 610746K (64%)
    [junit] Exported /home/travis/build/icyphy/ptII/ptolemy/domains/continuous/demo/NewtonsCradle/NewtonsCradleComplicated/index.html
    [junit] 34838 ms. Memory: 957440K Free: 617358K (64%)
    [junit] ####### 40 Sat Dec 14 07:25:30 UTC 2019 $PTII/bin/ptinvoke ptolemy.vergil.basic.export.ExportModel -force htm -run -openComposites -timeOut 30000 -whiteBackground ptolemy/domains/continuous/demo/NewtonsCradle/NewtonsCradleNondeterministic.xml $PTII/ptolemy/domains/continuous/demo/NewtonsCradle/NewtonsCradleNondeterministic
    [junit] Running .NewtonsCradleNondeterministic
    [junit] ExportHTMLTimer went off after 30000 ms., calling getDirector().finish and getDirector().stopFire()
    [junit] 30015 ms. Memory: 957440K Free: 574233K (60%)
    [junit] Exported /home/travis/build/icyphy/ptII/ptolemy/domains/continuous/demo/NewtonsCradle/NewtonsCradleNondeterministic/index.html
    [junit] 34982 ms. Memory: 957440K Free: 321973K (34%)
    [junit] ####### 41 Sat Dec 14 07:26:05 UTC 2019 $PTII/bin/ptinvoke ptolemy.vergil.basic.export.ExportModel -force htm -run -openComposites -timeOut 30000 -whiteBackground ptolemy/domains/continuous/demo/NewtonsCradle/NewtonsCradlePerfectlyInelastic1.xml $PTII/ptolemy/domains/continuous/demo/NewtonsCradle/NewtonsCradlePerfectlyInelastic1
    [junit] Running .NewtonsCradlePerfectlyInelastic1
    [junit] 7200 ms. Memory: 957440K Free: 386488K (40%)
    [junit] Exported /home/travis/build/icyphy/ptII/ptolemy/domains/continuous/demo/NewtonsCradle/NewtonsCradlePerfectlyInelastic1/index.html
    [junit] 11987 ms. Memory: 957440K Free: 411605K (43%)
    [junit] ####### 42 Sat Dec 14 07:26:17 UTC 2019 $PTII/bin/ptinvoke ptolemy.vergil.basic.export.ExportModel -force htm -run -openComposites -timeOut 30000 -whiteBackground ptolemy/domains/continuous/demo/NewtonsCradle/ParameterizedNewtonsCradleAnimated.xml $PTII/ptolemy/domains/continuous/demo/NewtonsCradle/ParameterizedNewtonsCradleAnimated
    [junit] Running .ParameterizedNewtonsCradleAnimated
    [junit] 9064 ms. Memory: 957440K Free: 284720K (30%)
    [junit] Exported /home/travis/build/icyphy/ptII/ptolemy/domains/continuous/demo/NewtonsCradle/ParameterizedNewtonsCradleAnimated/index.html
    [junit] 13928 ms. Memory: 957440K Free: 150547K (16%)
    [junit] ####### 43 Sat Dec 14 07:26:31 UTC 2019 $PTII/bin/ptinvoke ptolemy.vergil.basic.export.ExportModel -force htm -run -openComposites -timeOut 30000 -whiteBackground ptolemy/domains/continuous/demo/NewtonsCradle/ParameterizedNewtonsCradleAnimatedNondeterministic.xml $PTII/ptolemy/domains/continuous/demo/NewtonsCradle/ParameterizedNewtonsCradleAnimatedNondeterministic
    [junit] Running .ParameterizedNewtonsCradleAnimatedNondeterministic
    [junit] ExportHTMLTimer went off after 30000 ms., calling getDirector().finish and getDirector().stopFire()
    [junit] 30054 ms. Memory: 957440K Free: 554196K (58%)
    [junit] Exported /home/travis/build/icyphy/ptII/ptolemy/domains/continuous/demo/NewtonsCradle/ParameterizedNewtonsCradleAnimatedNondeterministic/index.html
    [junit] 34915 ms. Memory: 957440K Free: 428817K (45%)
    [junit] ####### 44 Sat Dec 14 07:27:06 UTC 2019 $PTII/bin/ptinvoke ptolemy.vergil.basic.export.ExportModel -force htm -run -openComposites -timeOut 30000 -whiteBackground ptolemy/domains/continuous/demo/Noise/Noise.xml $PTII/ptolemy/domains/continuous/demo/Noise/Noise
    [junit] Running .Noise
    [junit] 119 ms. Memory: 957440K Free: 261471K (27%)
    [junit] Exported /home/travis/build/icyphy/ptII/ptolemy/domains/continuous/demo/Noise/Noise/index.html
    [junit] 4383 ms. Memory: 957440K Free: 588627K (61%)
    [junit] ####### 45 Sat Dec 14 07:27:10 UTC 2019 $PTII/bin/ptinvoke ptolemy.vergil.basic.export.ExportModel -force htm -run -openComposites -timeOut 30000 -whiteBackground ptolemy/domains/continuous/demo/Noise/NoiseSpectrum.xml $PTII/ptolemy/domains/continuous/demo/Noise/NoiseSpectrum
    [junit] Running .NoiseSpectrum
    [junit] 691 ms. Memory: 957440K Free: 344879K (36%)
    [junit] Exported /home/travis/build/icyphy/ptII/ptolemy/domains/continuous/demo/Noise/NoiseSpectrum/index.html
    [junit] 5071 ms. Memory: 957440K Free: 152433K (16%)
    [junit] ####### 46 Sat Dec 14 07:27:15 UTC 2019 $PTII/bin/ptinvoke ptolemy.vergil.basic.export.ExportModel -force htm -run -openComposites -timeOut 30000 -whiteBackground ptolemy/domains/continuous/demo/Noise/SinusoidInNoise.xml $PTII/ptolemy/domains/continuous/demo/Noise/SinusoidInNoise
    [junit] Running .SinusoidInNoise
    [junit] 1434 ms. Memory: 957440K Free: 303616K (32%)
    [junit] Exported /home/travis/build/icyphy/ptII/ptolemy/domains/continuous/demo/Noise/SinusoidInNoise/index.html
    [junit] 5826 ms. Memory: 957440K Free: 147402K (15%)
    [junit] ####### 47 Sat Dec 14 07:27:21 UTC 2019 $PTII/bin/ptinvoke ptolemy.vergil.basic.export.ExportModel -force htm -run -openComposites -timeOut 30000 -whiteBackground ptolemy/domains/continuous/demo/Pendulum3D/Pendulum3D.xml $PTII/ptolemy/domains/continuous/demo/Pendulum3D/Pendulum3D
    [junit] Running .Pendulum3D
    [junit] ExportHTMLTimer went off after 30000 ms., calling getDirector().finish and getDirector().stopFire()
    [junit] 30021 ms. Memory: 957440K Free: 133120K (14%)
    [junit] Exported /home/travis/build/icyphy/ptII/ptolemy/domains/continuous/demo/Pendulum3D/Pendulum3D/index.html
    [junit] 34675 ms. Memory: 957440K Free: 209894K (22%)
    [junit] ####### 48 Sat Dec 14 07:27:56 UTC 2019 $PTII/bin/ptinvoke ptolemy.vergil.basic.export.ExportModel -force htm -run -openComposites -timeOut 30000 -whiteBackground ptolemy/domains/continuous/demo/Poisson/IncreasingRatePoisson.xml $PTII/ptolemy/domains/continuous/demo/Poisson/IncreasingRatePoisson
    [junit] Running .IncreasingRatePoisson
    [junit] 609 ms. Memory: 957440K Free: 295936K (31%)
    [junit] Exported /home/travis/build/icyphy/ptII/ptolemy/domains/continuous/demo/Poisson/IncreasingRatePoisson/index.html
    [junit] 4816 ms. Memory: 957440K Free: 145857K (15%)
    [junit] ####### 49 Sat Dec 14 07:28:01 UTC 2019 $PTII/bin/ptinvoke ptolemy.vergil.basic.export.ExportModel -force htm -run -openComposites -timeOut 30000 -whiteBackground ptolemy/domains/continuous/demo/Poisson/Poisson.xml $PTII/ptolemy/domains/continuous/demo/Poisson/Poisson
    [junit] Running .Poisson
    [junit] 351 ms. Memory: 957440K Free: 314847K (33%)
    [junit] Exported /home/travis/build/icyphy/ptII/ptolemy/domains/continuous/demo/Poisson/Poisson/index.html
    [junit] 4573 ms. Memory: 957440K Free: 165313K (17%)
    [junit] ####### 50 Sat Dec 14 07:28:05 UTC 2019 $PTII/bin/ptinvoke ptolemy.vergil.basic.export.ExportModel -force htm -run -openComposites -timeOut 30000 -whiteBackground ptolemy/domains/continuous/demo/SampledClocks/SampledClocks.xml $PTII/ptolemy/domains/continuous/demo/SampledClocks/SampledClocks
    [junit] Running .SampledClocks
    [junit] 65 ms. Memory: 957440K Free: 535542K (56%)
    [junit] Exported /home/travis/build/icyphy/ptII/ptolemy/domains/continuous/demo/SampledClocks/SampledClocks/index.html
    [junit] 4322 ms. Memory: 957440K Free: 434665K (45%)
    [junit] ####### 51 Sat Dec 14 07:28:10 UTC 2019 $PTII/bin/ptinvoke ptolemy.vergil.basic.export.ExportModel -force htm -run -openComposites -timeOut 30000 -whiteBackground ptolemy/domains/continuous/demo/Satellite/Satellite.xml $PTII/ptolemy/domains/continuous/demo/Satellite/Satellite
    [junit] Running .Satellite
    [junit] 859 ms. Memory: 957440K Free: 563200K (59%)
    [junit] Exported /home/travis/build/icyphy/ptII/ptolemy/domains/continuous/demo/Satellite/Satellite/index.html
    [junit] 4997 ms. Memory: 957440K Free: 494566K (52%)
    [junit] ####### 52 Sat Dec 14 07:28:15 UTC 2019 $PTII/bin/ptinvoke ptolemy.vergil.basic.export.ExportModel -force htm -run -openComposites -timeOut 30000 -whiteBackground ptolemy/domains/continuous/demo/SigmaDelta/SigmaDelta.xml $PTII/ptolemy/domains/continuous/demo/SigmaDelta/SigmaDelta
    [junit] Running .SigmaDelta
    [junit] 29136 ms. Memory: 957440K Free: 418494K (44%)
    [junit] Exported /home/travis/build/icyphy/ptII/ptolemy/domains/continuous/demo/SigmaDelta/SigmaDelta/index.html
    [junit] 33376 ms. Memory: 957440K Free: 303764K (32%)
    [junit] ####### 53 Sat Dec 14 07:28:48 UTC 2019 $PTII/bin/ptinvoke ptolemy.vergil.basic.export.ExportModel -force htm -run -openComposites -timeOut 30000 -whiteBackground ptolemy/domains/continuous/demo/SinuBouncingBall/SinuBouncingBall.xml $PTII/ptolemy/domains/continuous/demo/SinuBouncingBall/SinuBouncingBall
    [junit] Running .SinuBouncingBall
    [junit] 2740 ms. Memory: 957440K Free: 354816K (37%)
    [junit] Exported /home/travis/build/icyphy/ptII/ptolemy/domains/continuous/demo/SinuBouncingBall/SinuBouncingBall/index.html
    [junit] 7055 ms. Memory: 957440K Free: 124377K (13%)
    [junit] ####### 54 Sat Dec 14 07:28:55 UTC 2019 $PTII/bin/ptinvoke ptolemy.vergil.basic.export.ExportModel -force htm -run -openComposites -timeOut 30000 -whiteBackground ptolemy/domains/continuous/demo/Sinusoid/Sinusoid.xml $PTII/ptolemy/domains/continuous/demo/Sinusoid/Sinusoid
    [junit] Running .Sinusoid
    [junit] 22 ms. Memory: 957440K Free: 470526K (49%)
    [junit] Exported /home/travis/build/icyphy/ptII/ptolemy/domains/continuous/demo/Sinusoid/Sinusoid/index.html
    [junit] 4169 ms. Memory: 957440K Free: 420838K (44%)
    [junit] ####### 55 Sat Dec 14 07:28:59 UTC 2019 $PTII/bin/ptinvoke ptolemy.vergil.basic.export.ExportModel -force htm -run -openComposites -timeOut 30000 -whiteBackground ptolemy/domains/continuous/demo/SquareWave/SquareWave.xml $PTII/ptolemy/domains/continuous/demo/SquareWave/SquareWave
    [junit] Running .SquareWave
    [junit] 266 ms. Memory: 957440K Free: 295422K (31%)
    [junit] Exported /home/travis/build/icyphy/ptII/ptolemy/domains/continuous/demo/SquareWave/SquareWave/index.html
    [junit] 4474 ms. Memory: 957440K Free: 177126K (18%)
    [junit] ####### 56 Sat Dec 14 07:29:04 UTC 2019 $PTII/bin/ptinvoke ptolemy.vergil.basic.export.ExportModel -force htm -run -openComposites -timeOut 30000 -whiteBackground ptolemy/domains/continuous/demo/Starmac/Starmac.xml $PTII/ptolemy/domains/continuous/demo/Starmac/Starmac
    [junit] Running .Starmac
    [junit] 5545 ms. Memory: 957440K Free: 462447K (48%)
    [junit] Exported /home/travis/build/icyphy/ptII/ptolemy/domains/continuous/demo/Starmac/Starmac/index.html
    [junit] 20785 ms. Memory: 957440K Free: 646731K (68%)
    [junit] ####### 57 Sat Dec 14 07:29:25 UTC 2019 $PTII/bin/ptinvoke ptolemy.vergil.basic.export.ExportModel -force htm -run -openComposites -timeOut 30000 -whiteBackground ptolemy/domains/continuous/demo/StickyMasses/StickyMasses.xml $PTII/ptolemy/domains/continuous/demo/StickyMasses/StickyMasses
    [junit] Running .StickyMasses
    [junit] 13101 ms. Memory: 957440K Free: 262747K (27%)
    [junit] Exported /home/travis/build/icyphy/ptII/ptolemy/domains/continuous/demo/StickyMasses/StickyMasses/index.html
    [junit] 19686 ms. Memory: 957440K Free: 460222K (48%)
    [junit] ####### 58 Sat Dec 14 07:29:44 UTC 2019 $PTII/bin/ptinvoke ptolemy.vergil.basic.export.ExportModel -force htm -run -openComposites -timeOut 30000 -whiteBackground ptolemy/domains/continuous/demo/Switch/Switch.xml $PTII/ptolemy/domains/continuous/demo/Switch/Switch
    [junit] Running .Switch
    [junit] 92 ms. Memory: 957440K Free: 316416K (33%)
    [junit] Exported /home/travis/build/icyphy/ptII/ptolemy/domains/continuous/demo/Switch/Switch/index.html
    [junit] 4330 ms. Memory: 957440K Free: 181703K (19%)
    [junit] ####### 59 Sat Dec 14 07:29:49 UTC 2019 $PTII/bin/ptinvoke ptolemy.vergil.basic.export.ExportModel -force htm -run -openComposites -timeOut 30000 -whiteBackground ptolemy/domains/continuous/demo/Thermostat/Thermostat.xml $PTII/ptolemy/domains/continuous/demo/Thermostat/Thermostat
    [junit] Running .Thermostat
    [junit] 160 ms. Memory: 957440K Free: 580096K (61%)
    [junit] Exported /home/travis/build/icyphy/ptII/ptolemy/domains/continuous/demo/Thermostat/Thermostat/index.html
    [junit] 4413 ms. Memory: 957440K Free: 395212K (41%)
    [junit] ####### 60 Sat Dec 14 07:29:53 UTC 2019 $PTII/bin/ptinvoke ptolemy.vergil.basic.export.ExportModel -force htm -run -openComposites -timeOut 30000 -whiteBackground ptolemy/domains/continuous/demo/Transmission/EfficiencyCurve.xml $PTII/ptolemy/domains/continuous/demo/Transmission/EfficiencyCurve
    [junit] Running .EfficiencyCurve
    [junit] 34 ms. Memory: 957440K Free: 308736K (32%)
    [junit] Exported /home/travis/build/icyphy/ptII/ptolemy/domains/continuous/demo/Transmission/EfficiencyCurve/index.html
    [junit] 4157 ms. Memory: 957440K Free: 258024K (27%)
    [junit] ####### 61 Sat Dec 14 07:29:57 UTC 2019 $PTII/bin/ptinvoke ptolemy.vergil.basic.export.ExportModel -force htm -run -openComposites -timeOut 30000 -whiteBackground ptolemy/domains/continuous/demo/Transmission/Transmission.xml $PTII/ptolemy/domains/continuous/demo/Transmission/Transmission
    [junit] Running .Transmission
    [junit] 569 ms. Memory: 957440K Free: 474591K (50%)
    [junit] Exported /home/travis/build/icyphy/ptII/ptolemy/domains/continuous/demo/Transmission/Transmission/index.html
    [junit] 4844 ms. Memory: 957440K Free: 326087K (34%)
    [junit] ####### 62 Sat Dec 14 07:30:02 UTC 2019 $PTII/bin/ptinvoke ptolemy.vergil.basic.export.ExportModel -force htm -run -openComposites -timeOut 30000 -whiteBackground ptolemy/domains/continuous/demo/TwoMachineInfiniteBusControl/TwoMachineInfiniteBusControl.xml $PTII/ptolemy/domains/continuous/demo/TwoMachineInfiniteBusControl/TwoMachineInfiniteBusControl
    [junit] Running .TwoMachineInfiniteBusControl
    [junit] 2719 ms. Memory: 957440K Free: 553603K (58%)
    [junit] Exported /home/travis/build/icyphy/ptII/ptolemy/domains/continuous/demo/TwoMachineInfiniteBusControl/TwoMachineInfiniteBusControl/index.html
    [junit] 7855 ms. Memory: 957440K Free: 566867K (59%)
    [junit] ####### 63 Sat Dec 14 07:30:10 UTC 2019 $PTII/bin/ptinvoke ptolemy.vergil.basic.export.ExportModel -force htm -run -openComposites -timeOut 30000 -whiteBackground ptolemy/domains/continuous/demo/V2V/V2V.xml $PTII/ptolemy/domains/continuous/demo/V2V/V2V
    [junit] Running .V2V
    [junit] 822 ms. Memory: 957440K Free: 637603K (67%)
    [junit] Exported /home/travis/build/icyphy/ptII/ptolemy/domains/continuous/demo/V2V/V2V/index.html
    [junit] 5274 ms. Memory: 957440K Free: 287849K (30%)
    [junit] ####### 64 Sat Dec 14 07:30:15 UTC 2019 $PTII/bin/ptinvoke ptolemy.vergil.basic.export.ExportModel -force htm -run -openComposites -timeOut 30000 -whiteBackground ptolemy/domains/csp/demo/Barrier/Barrier.xml $PTII/ptolemy/domains/csp/demo/Barrier/Barrier
    [junit] Running .Barrier
    [junit] ExportHTMLTimer went off after 30000 ms., calling getDirector().finish and getDirector().stopFire()
    [junit] 30179 ms. Memory: 957440K Free: 400625K (42%)
    [junit] Exported /home/travis/build/icyphy/ptII/ptolemy/domains/csp/demo/Barrier/Barrier/index.html
    [junit] 34848 ms. Memory: 957440K Free: 207590K (22%)
    [junit] ####### 65 Sat Dec 14 07:30:50 UTC 2019 $PTII/bin/ptinvoke ptolemy.vergil.basic.export.ExportModel -force htm -run -openComposites -timeOut 30000 -whiteBackground ptolemy/domains/csp/demo/ResourcePool/ResourcePool.xml $PTII/ptolemy/domains/csp/demo/ResourcePool/ResourcePool
    [junit] Running .ResourcePool
    [junit] ExportHTMLTimer went off after 30000 ms., calling getDirector().finish and getDirector().stopFire()
    [junit] 30150 ms. Memory: 957440K Free: 394256K (41%)
    [junit] Exported /home/travis/build/icyphy/ptII/ptolemy/domains/csp/demo/ResourcePool/ResourcePool/index.html
    [junit] 34346 ms. Memory: 957440K Free: 356838K (37%)
    [junit] ####### 66 Sat Dec 14 07:31:24 UTC 2019 $PTII/bin/ptinvoke ptolemy.vergil.basic.export.ExportModel -force htm -run -openComposites -timeOut 30000 -whiteBackground ptolemy/domains/csp/demo/WriteRegulator/WriteRegulator.xml $PTII/ptolemy/domains/csp/demo/WriteRegulator/WriteRegulator
    [junit] Running .WriteRegulator
    [junit] ExportHTMLTimer went off after 30000 ms., calling getDirector().finish and getDirector().stopFire()
    [junit] 30266 ms. Memory: 957440K Free: 225808K (24%)
    [junit] Exported /home/travis/build/icyphy/ptII/ptolemy/domains/csp/demo/WriteRegulator/WriteRegulator/index.html
    [junit] 34381 ms. Memory: 957440K Free: 188411K (20%)
    [junit] ####### 67 Sat Dec 14 07:31:59 UTC 2019 $PTII/bin/ptinvoke ptolemy.vergil.basic.export.ExportModel -force htm -run -openComposites -timeOut 30000 -whiteBackground ptolemy/domains/curriculum/demo/Curriculum/Curriculum.xml $PTII/ptolemy/domains/curriculum/demo/Curriculum/Curriculum
    [junit] Model ".Curriculum" contains actors such cannot be run  as part of the export process from ExportModel or it has a WebExportParameters value that runBeforeExport set to false. To export run this model and export it, use vergil.
    [junit] Exported /home/travis/build/icyphy/ptII/ptolemy/domains/curriculum/demo/Curriculum/Curriculum/index.html
    [junit] 3582 ms. Memory: 957440K Free: 297475K (31%)
    [junit] ####### 68 Sat Dec 14 07:32:02 UTC 2019 $PTII/bin/ptinvoke ptolemy.vergil.basic.export.ExportModel -force htm -run -openComposites -timeOut 30000 -whiteBackground ptolemy/domains/dde/demo/LocalZeno/LocalZeno.xml $PTII/ptolemy/domains/dde/demo/LocalZeno/LocalZeno
    [junit] Running .LocalZeno
    [junit] ExportHTMLTimer went off after 30000 ms., calling getDirector().finish and getDirector().stopFire()
    [junit] 30086 ms. Memory: 957440K Free: 160274K (17%)
    [junit] Exported /home/travis/build/icyphy/ptII/ptolemy/domains/dde/demo/LocalZeno/LocalZeno/index.html
    [junit] 34230 ms. Memory: 957440K Free: 638454K (67%)
    [junit] ####### 69 Sat Dec 14 07:32:36 UTC 2019 $PTII/bin/ptinvoke ptolemy.vergil.basic.export.ExportModel -force htm -run -openComposites -timeOut 30000 -whiteBackground ptolemy/domains/ddf/demo/Eratosthenes/Eratosthenes.xml $PTII/ptolemy/domains/ddf/demo/Eratosthenes/Eratosthenes
    [junit] Running .Eratosthenes
    [junit] 883 ms. Memory: 957440K Free: 147986K (15%)
    [junit] Exported /home/travis/build/icyphy/ptII/ptolemy/domains/ddf/demo/Eratosthenes/Eratosthenes/index.html
    [junit] 10858 ms. Memory: 957440K Free: 585288K (61%)
    [junit] ####### 70 Sat Dec 14 07:32:47 UTC 2019 $PTII/bin/ptinvoke ptolemy.vergil.basic.export.ExportModel -force htm -run -openComposites -timeOut 30000 -whiteBackground ptolemy/domains/ddf/demo/Factorial/Factorial.xml $PTII/ptolemy/domains/ddf/demo/Factorial/Factorial
    [junit] Running .Factorial
    [junit] 86 ms. Memory: 957440K Free: 464977K (49%)
    [junit] Exported /home/travis/build/icyphy/ptII/ptolemy/domains/ddf/demo/Factorial/Factorial/index.html
    [junit] 6611 ms. Memory: 957440K Free: 606279K (63%)
    [junit] ####### 71 Sat Dec 14 07:32:54 UTC 2019 $PTII/bin/ptinvoke ptolemy.vergil.basic.export.ExportModel -force htm -run -openComposites -timeOut 30000 -whiteBackground ptolemy/domains/ddf/demo/HanoiTower/HanoiTower.xml $PTII/ptolemy/domains/ddf/demo/HanoiTower/HanoiTower
    [junit] Running .HanoiTower
    [junit] ExportHTMLTimer went off after 30000 ms., calling getDirector().finish and getDirector().stopFire()
    [junit] 30018 ms. Memory: 957440K Free: 440439K (46%)
    [junit] Exported /home/travis/build/icyphy/ptII/ptolemy/domains/ddf/demo/HanoiTower/HanoiTower/index.html
    [junit] 73189 ms. Memory: 1050624K Free: 297869K (28%)
    [junit] ####### 72 Sat Dec 14 07:34:07 UTC 2019 $PTII/bin/ptinvoke ptolemy.vergil.basic.export.ExportModel -force htm -run -openComposites -timeOut 30000 -whiteBackground ptolemy/domains/ddf/demo/IfThenElse/IfThenElse.xml $PTII/ptolemy/domains/ddf/demo/IfThenElse/IfThenElse
    [junit] Running .IfThenElse
    [junit] 22 ms. Memory: 1050624K Free: 184214K (18%)
    [junit] Exported /home/travis/build/icyphy/ptII/ptolemy/domains/ddf/demo/IfThenElse/IfThenElse/index.html
    [junit] 4209 ms. Memory: 1050624K Free: 643892K (61%)
    [junit] ####### 73 Sat Dec 14 07:34:11 UTC 2019 $PTII/bin/ptinvoke ptolemy.vergil.basic.export.ExportModel -force htm -run -openComposites -timeOut 30000 -whiteBackground ptolemy/domains/ddf/demo/IfThenElse/IfThenElseFSM.xml $PTII/ptolemy/domains/ddf/demo/IfThenElse/IfThenElseFSM
    [junit] Running .IfThenElseFSM
    [junit] 54 ms. Memory: 1050624K Free: 514399K (49%)
    [junit] Exported /home/travis/build/icyphy/ptII/ptolemy/domains/ddf/demo/IfThenElse/IfThenElseFSM/index.html
    [junit] 4318 ms. Memory: 1050624K Free: 300838K (29%)
    [junit] ####### 74 Sat Dec 14 07:34:16 UTC 2019 $PTII/bin/ptinvoke ptolemy.vergil.basic.export.ExportModel -force htm -run -openComposites -timeOut 30000 -whiteBackground ptolemy/domains/ddf/demo/Loop/Loop.xml $PTII/ptolemy/domains/ddf/demo/Loop/Loop
    [junit] Running .Loop
    [junit] 31 ms. Memory: 1050624K Free: 196445K (19%)
    [junit] Exported /home/travis/build/icyphy/ptII/ptolemy/domains/ddf/demo/Loop/Loop/index.html
    [junit] 4167 ms. Memory: 1050624K Free: 660281K (63%)
    [junit] ####### 75 Sat Dec 14 07:34:20 UTC 2019 $PTII/bin/ptinvoke ptolemy.vergil.basic.export.ExportModel -force htm -run -openComposites -timeOut 30000 -whiteBackground ptolemy/domains/ddf/demo/OrderedMerge/OrderedMerge.xml $PTII/ptolemy/domains/ddf/demo/OrderedMerge/OrderedMerge
    [junit] Running .OrderedMerge
    [junit] 24 ms. Memory: 1050624K Free: 557919K (53%)
    [junit] Exported /home/travis/build/icyphy/ptII/ptolemy/domains/ddf/demo/OrderedMerge/OrderedMerge/index.html
    [junit] 4182 ms. Memory: 1050624K Free: 520502K (50%)
    [junit] ####### 76 Sat Dec 14 07:34:24 UTC 2019 $PTII/bin/ptinvoke ptolemy.vergil.basic.export.ExportModel -force htm -run -openComposites -timeOut 30000 -whiteBackground ptolemy/domains/ddf/demo/RandomWalk/RandomWalk.xml $PTII/ptolemy/domains/ddf/demo/RandomWalk/RandomWalk
    [junit] Running .RandomWalk
    [junit] 34 ms. Memory: 1050624K Free: 397149K (38%)
    [junit] Exported /home/travis/build/icyphy/ptII/ptolemy/domains/ddf/demo/RandomWalk/RandomWalk/index.html
    [junit] 4222 ms. Memory: 1050624K Free: 261403K (25%)
    [junit] ####### 77 Sat Dec 14 07:34:28 UTC 2019 $PTII/bin/ptinvoke ptolemy.vergil.basic.export.ExportModel -force htm  -openComposites -timeOut 30000 -whiteBackground ptolemy/domains/ddf/demo/RijndaelEncryption/RijndaelEncryption.xml $PTII/ptolemy/domains/ddf/demo/RijndaelEncryption/RijndaelEncryption
    [junit] Warning: not running ptolemy/domains/ddf/demo/RijndaelEncryption/RijndaelEncryption.xml. See ptolemy/vergil/basic/export/test/junit/ExportModelJUnitTest.java
    [junit] Exported /home/travis/build/icyphy/ptII/ptolemy/domains/ddf/demo/RijndaelEncryption/RijndaelEncryption/index.html
    [junit] 5172 ms. Memory: 1050624K Free: 591137K (56%)
    [junit] ####### 78 Sat Dec 14 07:34:33 UTC 2019 $PTII/bin/ptinvoke ptolemy.vergil.basic.export.ExportModel -force htm -run -openComposites -timeOut 30000 -whiteBackground ptolemy/domains/de/demo/AFDX/AFDX.xml $PTII/ptolemy/domains/de/demo/AFDX/AFDX
    [junit] Running .AFDX
    [junit] 87 ms. Memory: 1050624K Free: 457032K (44%)
    [junit] Exported /home/travis/build/icyphy/ptII/ptolemy/domains/de/demo/AFDX/AFDX/index.html
    [junit] 4393 ms. Memory: 1050624K Free: 237815K (23%)
    [junit] ####### 79 Sat Dec 14 07:34:38 UTC 2019 $PTII/bin/ptinvoke ptolemy.vergil.basic.export.ExportModel -force htm -run -openComposites -timeOut 30000 -whiteBackground ptolemy/domains/de/demo/AssemblyLine/AssemblyLine.xml $PTII/ptolemy/domains/de/demo/AssemblyLine/AssemblyLine
    [junit] Running .AssemblyLine
    [junit] 22 ms. Memory: 1050624K Free: 643417K (61%)
    [junit] Exported /home/travis/build/icyphy/ptII/ptolemy/domains/de/demo/AssemblyLine/AssemblyLine/index.html
    [junit] 4222 ms. Memory: 1050624K Free: 583491K (56%)
    [junit] ####### 80 Sat Dec 14 07:34:42 UTC 2019 $PTII/bin/ptinvoke ptolemy.vergil.basic.export.ExportModel -force htm -run -openComposites -timeOut 30000 -whiteBackground ptolemy/domains/de/demo/Bus/Bus.xml $PTII/ptolemy/domains/de/demo/Bus/Bus
    [junit] Running .Bus
    [junit] 15 ms. Memory: 1050624K Free: 498514K (47%)
    [junit] Exported /home/travis/build/icyphy/ptII/ptolemy/domains/de/demo/Bus/Bus/index.html
    [junit] 4206 ms. Memory: 1050624K Free: 343856K (33%)
    [junit] ####### 81 Sat Dec 14 07:34:46 UTC 2019 $PTII/bin/ptinvoke ptolemy.vergil.basic.export.ExportModel -force htm  -openComposites -timeOut 30000 -whiteBackground ptolemy/domains/de/demo/Clock/Clock.xml $PTII/ptolemy/domains/de/demo/Clock/Clock
    [junit] Warning: not running ptolemy/domains/de/demo/Clock/Clock.xml. See ptolemy/vergil/basic/export/test/junit/ExportModelJUnitTest.java
    [junit] Exported /home/travis/build/icyphy/ptII/ptolemy/domains/de/demo/Clock/Clock/index.html
    [junit] 3214 ms. Memory: 1050624K Free: 141112K (13%)
    [junit] ####### 82 Sat Dec 14 07:34:49 UTC 2019 $PTII/bin/ptinvoke ptolemy.vergil.basic.export.ExportModel -force htm -run -openComposites -timeOut 30000 -whiteBackground ptolemy/domains/de/demo/ClockDrift/ClockDrift.xml $PTII/ptolemy/domains/de/demo/ClockDrift/ClockDrift
    [junit] Running .ClockDrift
    [junit] 27 ms. Memory: 1050624K Free: 593660K (57%)
    [junit] Exported /home/travis/build/icyphy/ptII/ptolemy/domains/de/demo/ClockDrift/ClockDrift/index.html
    [junit] 4282 ms. Memory: 1050624K Free: 459982K (44%)
    [junit] ####### 83 Sat Dec 14 07:34:54 UTC 2019 $PTII/bin/ptinvoke ptolemy.vergil.basic.export.ExportModel -force htm -run -openComposites -timeOut 30000 -whiteBackground ptolemy/domains/de/demo/DateDemo/DateDemo.xml $PTII/ptolemy/domains/de/demo/DateDemo/DateDemo
    [junit] Running .DateDemo
    [junit] 3114 ms. Memory: 1050624K Free: 180474K (17%)
    [junit] Exported /home/travis/build/icyphy/ptII/ptolemy/domains/de/demo/DateDemo/DateDemo/index.html
    [junit] 7500 ms. Memory: 1050624K Free: 629851K (60%)
    [junit] ####### 84 Sat Dec 14 07:35:01 UTC 2019 $PTII/bin/ptinvoke ptolemy.vergil.basic.export.ExportModel -force htm -run -openComposites -timeOut 30000 -whiteBackground ptolemy/domains/de/demo/EventButton/EventButton.xml $PTII/ptolemy/domains/de/demo/EventButton/EventButton
    [junit] Running .EventButton
    [junit] ExportHTMLTimer went off after 30000 ms., calling getDirector().finish and getDirector().stopFire()
    [junit] 30002 ms. Memory: 1050624K Free: 545912K (52%)
    [junit] Exported /home/travis/build/icyphy/ptII/ptolemy/domains/de/demo/EventButton/EventButton/index.html
    [junit] 34136 ms. Memory: 1050624K Free: 508517K (48%)
    [junit] ####### 85 Sat Dec 14 07:35:35 UTC 2019 $PTII/bin/ptinvoke ptolemy.vergil.basic.export.ExportModel -force htm -run -openComposites -timeOut 30000 -whiteBackground ptolemy/domains/de/demo/Inspection/Inspection.xml $PTII/ptolemy/domains/de/demo/Inspection/Inspection
    [junit] Running .Inspection
    [junit] 57 ms. Memory: 1050624K Free: 355437K (34%)
    [junit] Exported /home/travis/build/icyphy/ptII/ptolemy/domains/de/demo/Inspection/Inspection/index.html
    [junit] 4395 ms. Memory: 1050624K Free: 199732K (19%)
    [junit] ####### 86 Sat Dec 14 07:35:40 UTC 2019 $PTII/bin/ptinvoke ptolemy.vergil.basic.export.ExportModel -force htm  -openComposites -timeOut 30000 -whiteBackground ptolemy/domains/de/demo/LineFault/LineFault.xml $PTII/ptolemy/domains/de/demo/LineFault/LineFault
    [junit] Warning: not running ptolemy/domains/de/demo/LineFault/LineFault.xml. See ptolemy/vergil/basic/export/test/junit/ExportModelJUnitTest.java
    [junit] Exported /home/travis/build/icyphy/ptII/ptolemy/domains/de/demo/LineFault/LineFault/index.html
    [junit] 7130 ms. Memory: 1050624K Free: 528693K (50%)
    [junit] ####### 87 Sat Dec 14 07:35:47 UTC 2019 $PTII/bin/ptinvoke ptolemy.vergil.basic.export.ExportModel -force htm  -openComposites -timeOut 30000 -whiteBackground ptolemy/domains/de/demo/LongRuns/LongRuns.xml $PTII/ptolemy/domains/de/demo/LongRuns/LongRuns
    [junit] Warning: not running ptolemy/domains/de/demo/LongRuns/LongRuns.xml. See ptolemy/vergil/basic/export/test/junit/ExportModelJUnitTest.java
    [junit] Exported /home/travis/build/icyphy/ptII/ptolemy/domains/de/demo/LongRuns/LongRuns/index.html
    [junit] 3137 ms. Memory: 1050624K Free: 390446K (37%)
    [junit] ####### 88 Sat Dec 14 07:35:50 UTC 2019 $PTII/bin/ptinvoke ptolemy.vergil.basic.export.ExportModel -force htm -run -openComposites -timeOut 30000 -whiteBackground ptolemy/domains/de/demo/ModalModel/ModalModel.xml $PTII/ptolemy/domains/de/demo/ModalModel/ModalModel
    [junit] Running .ModalModel
    [junit] 200 ms. Memory: 1050624K Free: 190272K (18%)
    [junit] Exported /home/travis/build/icyphy/ptII/ptolemy/domains/de/demo/ModalModel/ModalModel/index.html
    [junit] 4529 ms. Memory: 1050624K Free: 541300K (52%)
    [junit] ####### 89 Sat Dec 14 07:35:55 UTC 2019 $PTII/bin/ptinvoke ptolemy.vergil.basic.export.ExportModel -force htm -run -openComposites -timeOut 30000 -whiteBackground ptolemy/domains/de/demo/OpenQueueingNetwork/OpenQueueingNetwork.xml $PTII/ptolemy/domains/de/demo/OpenQueueingNetwork/OpenQueueingNetwork
    [junit] Running .OpenQueueingNetwork
    [junit] 2883 ms. Memory: 1050624K Free: 368615K (35%)
    [junit] Exported /home/travis/build/icyphy/ptII/ptolemy/domains/de/demo/OpenQueueingNetwork/OpenQueueingNetwork/index.html
    [junit] 7217 ms. Memory: 1050624K Free: 164278K (16%)
    [junit] ####### 90 Sat Dec 14 07:36:02 UTC 2019 $PTII/bin/ptinvoke ptolemy.vergil.basic.export.ExportModel -force htm -run -openComposites -timeOut 30000 -whiteBackground ptolemy/domains/de/demo/PersistentIO/PersistentIO.xml $PTII/ptolemy/domains/de/demo/PersistentIO/PersistentIO
    [junit] Running .PersistentIO
    [junit] 9 ms. Memory: 1050624K Free: 612544K (58%)
    [junit] Exported /home/travis/build/icyphy/ptII/ptolemy/domains/de/demo/PersistentIO/PersistentIO/index.html
    [junit] 4254 ms. Memory: 1050624K Free: 518833K (49%)
    [junit] ####### 91 Sat Dec 14 07:36:06 UTC 2019 $PTII/bin/ptinvoke ptolemy.vergil.basic.export.ExportModel -force htm -run -openComposites -timeOut 30000 -whiteBackground ptolemy/domains/de/demo/QueueAndServer/QueueAndServer.xml $PTII/ptolemy/domains/de/demo/QueueAndServer/QueueAndServer
    [junit] Running .QueueAndServer
    [junit] 25 ms. Memory: 1050624K Free: 379605K (36%)
    [junit] Exported /home/travis/build/icyphy/ptII/ptolemy/domains/de/demo/QueueAndServer/QueueAndServer/index.html
    [junit] 4195 ms. Memory: 1050624K Free: 307904K (29%)
    [junit] ####### 92 Sat Dec 14 07:36:10 UTC 2019 $PTII/bin/ptinvoke ptolemy.vergil.basic.export.ExportModel -force htm  -openComposites -timeOut 30000 -whiteBackground ptolemy/domains/de/demo/RealTimeComposite/RealTimeComposite.xml $PTII/ptolemy/domains/de/demo/RealTimeComposite/RealTimeComposite
    [junit] Warning: not running ptolemy/domains/de/demo/RealTimeComposite/RealTimeComposite.xml. See ptolemy/vergil/basic/export/test/junit/ExportModelJUnitTest.java
    [junit] Exported /home/travis/build/icyphy/ptII/ptolemy/domains/de/demo/RealTimeComposite/RealTimeComposite/index.html
    [junit] 3405 ms. Memory: 1050624K Free: 170127K (16%)
    [junit] ####### 93 Sat Dec 14 07:36:14 UTC 2019 $PTII/bin/ptinvoke ptolemy.vergil.basic.export.ExportModel -force htm -run -openComposites -timeOut 30000 -whiteBackground ptolemy/domains/de/demo/SmartSender/SmartSender.xml $PTII/ptolemy/domains/de/demo/SmartSender/SmartSender
    [junit] Running .SmartSender
    [junit] ExportHTMLTimer went off after 30000 ms., calling getDirector().finish and getDirector().stopFire()
    [junit] 30001 ms. Memory: 1050624K Free: 636606K (61%)
    [junit] Exported /home/travis/build/icyphy/ptII/ptolemy/domains/de/demo/SmartSender/SmartSender/index.html
    [junit] 34159 ms. Memory: 1050624K Free: 603303K (57%)
    [junit] ####### 94 Sat Dec 14 07:36:48 UTC 2019 $PTII/bin/ptinvoke ptolemy.vergil.basic.export.ExportModel -force htm -run -openComposites -timeOut 30000 -whiteBackground ptolemy/domains/de/demo/Switch/Switch.xml $PTII/ptolemy/domains/de/demo/Switch/Switch
    [junit] Running .Switch
    [junit] 45 ms. Memory: 1050624K Free: 487102K (46%)
    [junit] Exported /home/travis/build/icyphy/ptII/ptolemy/domains/de/demo/Switch/Switch/index.html
    [junit] 4515 ms. Memory: 1050624K Free: 128665K (12%)
    [junit] ####### 95 Sat Dec 14 07:36:52 UTC 2019 $PTII/bin/ptinvoke ptolemy.vergil.basic.export.ExportModel -force htm -run -openComposites -timeOut 30000 -whiteBackground ptolemy/domains/de/demo/TimingParadox/TimingParadox.xml $PTII/ptolemy/domains/de/demo/TimingParadox/TimingParadox
    [junit] Running .TimingParadox
    [junit] 3298 ms. Memory: 1050624K Free: 156723K (15%)
    [junit] Exported /home/travis/build/icyphy/ptII/ptolemy/domains/de/demo/TimingParadox/TimingParadox/index.html
    [junit] 7502 ms. Memory: 1050624K Free: 562650K (54%)
    [junit] ####### 96 Sat Dec 14 07:37:00 UTC 2019 $PTII/bin/ptinvoke ptolemy.vergil.basic.export.ExportModel -force htm -run -openComposites -timeOut 30000 -whiteBackground ptolemy/domains/de/demo/Trilateration/Trilateration.xml $PTII/ptolemy/domains/de/demo/Trilateration/Trilateration
    [junit] Running .Trilateration
    [junit] 14008 ms. Memory: 1050624K Free: 187103K (18%)
    [junit] Exported /home/travis/build/icyphy/ptII/ptolemy/domains/de/demo/Trilateration/Trilateration/index.html
    [junit] 57296 ms. Memory: 1050624K Free: 365712K (35%)
    [junit] ####### 97 Sat Dec 14 07:37:57 UTC 2019 $PTII/bin/ptinvoke ptolemy.vergil.basic.export.ExportModel -force htm -run -openComposites -timeOut 30000 -whiteBackground ptolemy/domains/de/demo/TTE/TTE.xml $PTII/ptolemy/domains/de/demo/TTE/TTE
    [junit] Running .TTE
    [junit] 13 ms. Memory: 1050624K Free: 267411K (25%)
    [junit] Exported /home/travis/build/icyphy/ptII/ptolemy/domains/de/demo/TTE/TTE/index.html
    [junit] 4276 ms. Memory: 1050624K Free: 522368K (50%)
    [junit] ####### 98 Sat Dec 14 07:38:01 UTC 2019 $PTII/bin/ptinvoke ptolemy.vergil.basic.export.ExportModel -force htm -run -openComposites -timeOut 30000 -whiteBackground ptolemy/domains/de/demo/VariableDelay/VariableDelay.xml $PTII/ptolemy/domains/de/demo/VariableDelay/VariableDelay
    [junit] Running .VariableDelay
    [junit] 11 ms. Memory: 1050624K Free: 438932K (42%)
    [junit] Exported /home/travis/build/icyphy/ptII/ptolemy/domains/de/demo/VariableDelay/VariableDelay/index.html
    [junit] 4132 ms. Memory: 1050624K Free: 388226K (37%)
    [junit] ####### 99 Sat Dec 14 07:38:06 UTC 2019 $PTII/bin/ptinvoke ptolemy.vergil.basic.export.ExportModel -force htm -run -openComposites -timeOut 30000 -whiteBackground ptolemy/domains/dt/demo/Eye/Eye.xml $PTII/ptolemy/domains/dt/demo/Eye/Eye
    [junit] Running .Eye
    [junit] ExportHTMLTimer went off after 30000 ms., calling getDirector().finish and getDirector().stopFire()
    [junit] 30001 ms. Memory: 1050624K Free: 444842K (42%)
    [junit] Exported /home/travis/build/icyphy/ptII/ptolemy/domains/dt/demo/Eye/Eye/index.html
    [junit] 34191 ms. Memory: 1050624K Free: 394633K (38%)
    [junit] ####### 100 Sat Dec 14 07:38:40 UTC 2019 $PTII/bin/ptinvoke ptolemy.vergil.basic.export.ExportModel -force htm -run -openComposites -timeOut 30000 -whiteBackground ptolemy/domains/giotto/cgc/demo/SoundGenerator/SoundGenerator.xml $PTII/ptolemy/domains/giotto/cgc/demo/SoundGenerator/SoundGenerator
    [junit] Running .SoundGenerator
    [junit] ExportHTMLTimer went off after 30000 ms., calling getDirector().finish and getDirector().stopFire()
    [junit] 30001 ms. Memory: 1050624K Free: 610903K (58%)
    [junit] Exported /home/travis/build/icyphy/ptII/ptolemy/domains/giotto/cgc/demo/SoundGenerator/SoundGenerator/index.html
    [junit] 34185 ms. Memory: 1050624K Free: 579650K (55%)
    [junit] ####### 101 Sat Dec 14 07:39:14 UTC 2019 $PTII/bin/ptinvoke ptolemy.vergil.basic.export.ExportModel -force htm -run -openComposites -timeOut 30000 -whiteBackground ptolemy/domains/giotto/demo/Composite/Composite.xml $PTII/ptolemy/domains/giotto/demo/Composite/Composite
    [junit] Running .Composite
    [junit] 16 ms. Memory: 1050624K Free: 484426K (46%)
    [junit] Exported /home/travis/build/icyphy/ptII/ptolemy/domains/giotto/demo/Composite/Composite/index.html
    [junit] 4180 ms. Memory: 1050624K Free: 384559K (37%)
    [junit] ####### 102 Sat Dec 14 07:39:18 UTC 2019 $PTII/bin/ptinvoke ptolemy.vergil.basic.export.ExportModel -force htm -run -openComposites -timeOut 30000 -whiteBackground ptolemy/domains/giotto/demo/Hierarchy/Hierarchy.xml $PTII/ptolemy/domains/giotto/demo/Hierarchy/Hierarchy
    [junit] Running .Hierarchy
    [junit] 8 ms. Memory: 1050624K Free: 292441K (28%)
    [junit] Exported /home/travis/build/icyphy/ptII/ptolemy/domains/giotto/demo/Hierarchy/Hierarchy/index.html
    [junit] 4174 ms. Memory: 1050624K Free: 156712K (15%)
    [junit] ####### 103 Sat Dec 14 07:39:22 UTC 2019 $PTII/bin/ptinvoke ptolemy.vergil.basic.export.ExportModel -force htm -run -openComposites -timeOut 30000 -whiteBackground ptolemy/domains/giotto/demo/Multimode/Multimode.xml $PTII/ptolemy/domains/giotto/demo/Multimode/Multimode
    [junit] Running .Multimode
    [junit] 64 ms. Memory: 1050624K Free: 613919K (58%)
    [junit] Exported /home/travis/build/icyphy/ptII/ptolemy/domains/giotto/demo/Multimode/Multimode/index.html
    [junit] 4348 ms. Memory: 1050624K Free: 391142K (37%)
    [junit] ####### 104 Sat Dec 14 07:39:27 UTC 2019 $PTII/bin/ptinvoke ptolemy.vergil.basic.export.ExportModel -force htm -run -openComposites -timeOut 30000 -whiteBackground ptolemy/domains/giotto/demo/Simple/Simple.xml $PTII/ptolemy/domains/giotto/demo/Simple/Simple
    [junit] Running .Simple
    [junit] 17 ms. Memory: 1050624K Free: 287757K (27%)
    [junit] Exported /home/travis/build/icyphy/ptII/ptolemy/domains/giotto/demo/Simple/Simple/index.html
    [junit] 4132 ms. Memory: 1050624K Free: 234493K (22%)
    [junit] ####### 105 Sat Dec 14 07:39:31 UTC 2019 $PTII/bin/ptinvoke ptolemy.vergil.basic.export.ExportModel -force htm -run -openComposites -timeOut 30000 -whiteBackground ptolemy/domains/gr/demo/FurutaPendulum/FurutaPendulum.xml $PTII/ptolemy/domains/gr/demo/FurutaPendulum/FurutaPendulum
    [junit] Running .FurutaPendulum
    [junit] 24059 ms. Memory: 1050624K Free: 593499K (56%)
    [junit] Exported /home/travis/build/icyphy/ptII/ptolemy/domains/gr/demo/FurutaPendulum/FurutaPendulum/index.html
    [junit] 29408 ms. Memory: 1050624K Free: 333868K (32%)
    [junit] ####### 106 Sat Dec 14 07:40:00 UTC 2019 $PTII/bin/ptinvoke ptolemy.vergil.basic.export.ExportModel -force htm -run -openComposites -timeOut 30000 -whiteBackground ptolemy/domains/gr/demo/Helen/Helen.xml $PTII/ptolemy/domains/gr/demo/Helen/Helen
    [junit] Running .Helen
    [junit] ExportHTMLTimer went off after 30000 ms., calling getDirector().finish and getDirector().stopFire()
    [junit] ExportHTMLTimer went off after 60000 ms., calling manager.stop().
    [junit] 60081 ms. Memory: 1050624K Free: 201307K (19%)
    [junit] Exported /home/travis/build/icyphy/ptII/ptolemy/domains/gr/demo/Helen/Helen/index.html
    [junit] 64271 ms. Memory: 1050624K Free: 87093K (8%)
    [junit] ####### 107 Sat Dec 14 07:41:04 UTC 2019 $PTII/bin/ptinvoke ptolemy.vergil.basic.export.ExportModel -force htm -run -openComposites -timeOut 30000 -whiteBackground ptolemy/domains/gr/demo/Pendulum/Pendulum.xml $PTII/ptolemy/domains/gr/demo/Pendulum/Pendulum
    [junit] Running .Pendulum
    [junit] ExportHTMLTimer went off after 30000 ms., calling getDirector().finish and getDirector().stopFire()
    [junit] ExportHTMLTimer went off after 60000 ms., calling manager.stop().
    [junit] 60026 ms. Memory: 1050624K Free: 457305K (44%)
    [junit] Exported /home/travis/build/icyphy/ptII/ptolemy/domains/gr/demo/Pendulum/Pendulum/index.html
    [junit] 64268 ms. Memory: 1050624K Free: 345654K (33%)
    [junit] ####### 108 Sat Dec 14 07:42:09 UTC 2019 $PTII/bin/ptinvoke ptolemy.vergil.basic.export.ExportModel -force htm -run -openComposites -timeOut 30000 -whiteBackground ptolemy/domains/gr/demo/Pong/Pong.xml $PTII/ptolemy/domains/gr/demo/Pong/Pong
    [junit] Running .Pong
    [junit] 5786 ms. Memory: 1050624K Free: 624821K (59%)
    [junit] Exported /home/travis/build/icyphy/ptII/ptolemy/domains/gr/demo/Pong/Pong/index.html
    [junit] 10694 ms. Memory: 1050624K Free: 103583K (10%)
    [junit] ####### 109 Sat Dec 14 07:42:19 UTC 2019 $PTII/bin/ptinvoke ptolemy.vergil.basic.export.ExportModel -force htm -run -openComposites -timeOut 30000 -whiteBackground ptolemy/domains/gr/demo/SolarSystem/SolarSystem.xml $PTII/ptolemy/domains/gr/demo/SolarSystem/SolarSystem
    [junit] Running .SolarSystem
    [junit] ExportHTMLTimer went off after 30000 ms., calling getDirector().finish and getDirector().stopFire()
    [junit] ExportHTMLTimer went off after 60000 ms., calling manager.stop().
    [junit] 60017 ms. Memory: 1050624K Free: 587487K (56%)
    [junit] Exported /home/travis/build/icyphy/ptII/ptolemy/domains/gr/demo/SolarSystem/SolarSystem/index.html
    [junit] 64510 ms. Memory: 1050624K Free: 453328K (43%)
    [junit] ####### 110 Sat Dec 14 07:43:24 UTC 2019 $PTII/bin/ptinvoke ptolemy.vergil.basic.export.ExportModel -force htm -run -openComposites -timeOut 30000 -whiteBackground ptolemy/domains/gr/demo/StickyMasses/StickyMasses.xml $PTII/ptolemy/domains/gr/demo/StickyMasses/StickyMasses
    [junit] Running .StickyMasses
    [junit] 18544 ms. Memory: 1050624K Free: 412131K (39%)
    [junit] Exported /home/travis/build/icyphy/ptII/ptolemy/domains/gr/demo/StickyMasses/StickyMasses/index.html
    [junit] 23754 ms. Memory: 1050624K Free: 116198K (11%)
    [junit] ####### 111 Sat Dec 14 07:43:48 UTC 2019 $PTII/bin/ptinvoke ptolemy.vergil.basic.export.ExportModel -force htm -run -openComposites -timeOut 30000 -whiteBackground ptolemy/domains/gr/demo/Universe/Universe.xml $PTII/ptolemy/domains/gr/demo/Universe/Universe
    [junit] Running .Universe
    [junit] ExportHTMLTimer went off after 30000 ms., calling getDirector().finish and getDirector().stopFire()
    [junit] ExportHTMLTimer went off after 60000 ms., calling manager.stop().
    [junit] 60043 ms. Memory: 1050624K Free: 515593K (49%)
    [junit] Exported /home/travis/build/icyphy/ptII/ptolemy/domains/gr/demo/Universe/Universe/index.html
    [junit] 64212 ms. Memory: 1050624K Free: 469971K (45%)
    [junit] ####### 112 Sat Dec 14 07:44:52 UTC 2019 $PTII/bin/ptinvoke ptolemy.vergil.basic.export.ExportModel -force htm -run -openComposites -timeOut 30000 -whiteBackground ptolemy/domains/hdf/demo/AdaptiveCoding/AdaptiveCoding.xml $PTII/ptolemy/domains/hdf/demo/AdaptiveCoding/AdaptiveCoding
    [junit] Running .AdaptiveCoding
    [junit] 873 ms. Memory: 1050624K Free: 301070K (29%)
    [junit] Exported /home/travis/build/icyphy/ptII/ptolemy/domains/hdf/demo/AdaptiveCoding/AdaptiveCoding/index.html
    [junit] 5279 ms. Memory: 1050624K Free: 383335K (36%)
    [junit] ####### 113 Sat Dec 14 07:44:57 UTC 2019 $PTII/bin/ptinvoke ptolemy.vergil.basic.export.ExportModel -force htm -run -openComposites -timeOut 30000 -whiteBackground ptolemy/domains/hdf/demo/Fibonacci/Fibonacci.xml $PTII/ptolemy/domains/hdf/demo/Fibonacci/Fibonacci
    [junit] Running .Fibonacci
    [junit] 354 ms. Memory: 1050624K Free: 516891K (49%)
    [junit] Exported /home/travis/build/icyphy/ptII/ptolemy/domains/hdf/demo/Fibonacci/Fibonacci/index.html
    [junit] 4543 ms. Memory: 1050624K Free: 392588K (37%)
    [junit] ####### 114 Sat Dec 14 07:45:02 UTC 2019 $PTII/bin/ptinvoke ptolemy.vergil.basic.export.ExportModel -force htm -run -openComposites -timeOut 30000 -whiteBackground ptolemy/domains/hdf/demo/Hysteresis/Hysteresis.xml $PTII/ptolemy/domains/hdf/demo/Hysteresis/Hysteresis
    [junit] Running .Hysteresis
    [junit] 69 ms. Memory: 1050624K Free: 237987K (23%)
    [junit] Exported /home/travis/build/icyphy/ptII/ptolemy/domains/hdf/demo/Hysteresis/Hysteresis/index.html
    [junit] 4342 ms. Memory: 1050624K Free: 538410K (51%)
    [junit] ####### 115 Sat Dec 14 07:45:06 UTC 2019 $PTII/bin/ptinvoke ptolemy.vergil.basic.export.ExportModel -force htm -run -openComposites -timeOut 30000 -whiteBackground ptolemy/domains/hdf/demo/Merge/Merge.xml $PTII/ptolemy/domains/hdf/demo/Merge/Merge
    [junit] Running .Merge
    [junit] 120 ms. Memory: 1050624K Free: 291546K (28%)
    [junit] Exported /home/travis/build/icyphy/ptII/ptolemy/domains/hdf/demo/Merge/Merge/index.html
    [junit] 4422 ms. Memory: 1050624K Free: 574697K (55%)
    [junit] ####### 116 Sat Dec 14 07:45:11 UTC 2019 $PTII/bin/ptinvoke ptolemy.vergil.basic.export.ExportModel -force htm -run -openComposites -timeOut 30000 -whiteBackground ptolemy/domains/modal/demo/ABP/ABP.xml $PTII/ptolemy/domains/modal/demo/ABP/ABP
    [junit] Running .ABP
    [junit] 122 ms. Memory: 1050624K Free: 296242K (28%)
    [junit] Exported /home/travis/build/icyphy/ptII/ptolemy/domains/modal/demo/ABP/ABP/index.html
    [junit] 4674 ms. Memory: 1050624K Free: 449041K (43%)
    [junit] ####### 117 Sat Dec 14 07:45:15 UTC 2019 $PTII/bin/ptinvoke ptolemy.vergil.basic.export.ExportModel -force htm -run -openComposites -timeOut 30000 -whiteBackground ptolemy/domains/modal/demo/Blending/Blending.xml $PTII/ptolemy/domains/modal/demo/Blending/Blending
    [junit] Running .Blending
    [junit] 230 ms. Memory: 1050624K Free: 187943K (18%)
    [junit] Exported /home/travis/build/icyphy/ptII/ptolemy/domains/modal/demo/Blending/Blending/index.html
    [junit] 4553 ms. Memory: 1050624K Free: 328699K (31%)
    [junit] ####### 118 Sat Dec 14 07:45:20 UTC 2019 $PTII/bin/ptinvoke ptolemy.vergil.basic.export.ExportModel -force htm -run -openComposites -timeOut 30000 -whiteBackground ptolemy/domains/modal/demo/Case/Case.xml $PTII/ptolemy/domains/modal/demo/Case/Case
    [junit] Running .Case
    [junit] 36 ms. Memory: 1050624K Free: 212517K (20%)
    [junit] Exported /home/travis/build/icyphy/ptII/ptolemy/domains/modal/demo/Case/Case/index.html
    [junit] 4288 ms. Memory: 1050624K Free: 499723K (48%)
    [junit] ####### 119 Sat Dec 14 07:45:24 UTC 2019 $PTII/bin/ptinvoke ptolemy.vergil.basic.export.ExportModel -force htm -run -openComposites -timeOut 30000 -whiteBackground ptolemy/domains/modal/demo/ChainedTransitions/ChainedTransitions.xml $PTII/ptolemy/domains/modal/demo/ChainedTransitions/ChainedTransitions
    [junit] Running .ChainedTransitions
    [junit] 29 ms. Memory: 1050624K Free: 373799K (36%)
    [junit] Exported /home/travis/build/icyphy/ptII/ptolemy/domains/modal/demo/ChainedTransitions/ChainedTransitions/index.html
    [junit] 4266 ms. Memory: 1050624K Free: 153623K (15%)
    [junit] ####### 120 Sat Dec 14 07:45:28 UTC 2019 $PTII/bin/ptinvoke ptolemy.vergil.basic.export.ExportModel -force htm -run -openComposites -timeOut 30000 -whiteBackground ptolemy/domains/modal/demo/ModalBSC/ModalBSC.xml $PTII/ptolemy/domains/modal/demo/ModalBSC/ModalBSC
    [junit] Running .ModalBSC
    [junit] 51 ms. Memory: 1050624K Free: 492583K (47%)
    [junit] Exported /home/travis/build/icyphy/ptII/ptolemy/domains/modal/demo/ModalBSC/ModalBSC/index.html
    [junit] 4367 ms. Memory: 1050624K Free: 322573K (31%)
    [junit] ####### 121 Sat Dec 14 07:45:33 UTC 2019 $PTII/bin/ptinvoke ptolemy.vergil.basic.export.ExportModel -force htm -run -openComposites -timeOut 30000 -whiteBackground ptolemy/domains/modal/demo/MultipleRuns/MultipleRuns.xml $PTII/ptolemy/domains/modal/demo/MultipleRuns/MultipleRuns
    [junit] Running .MultipleRuns
    [junit] 619 ms. Memory: 1050624K Free: 149022K (14%)
    [junit] Exported /home/travis/build/icyphy/ptII/ptolemy/domains/modal/demo/MultipleRuns/MultipleRuns/index.html
    [junit] 4802 ms. Memory: 1050624K Free: 476529K (45%)
    [junit] ####### 122 Sat Dec 14 07:45:37 UTC 2019 $PTII/bin/ptinvoke ptolemy.vergil.basic.export.ExportModel -force htm -run -openComposites -timeOut 30000 -whiteBackground ptolemy/domains/modal/demo/PersistentIO/PersistentIO.xml $PTII/ptolemy/domains/modal/demo/PersistentIO/PersistentIO
    [junit] Running .PersistentIO
    [junit] 41 ms. Memory: 1050624K Free: 359300K (34%)
    [junit] Exported /home/travis/build/icyphy/ptII/ptolemy/domains/modal/demo/PersistentIO/PersistentIO/index.html
    [junit] 4270 ms. Memory: 1050624K Free: 221532K (21%)
    [junit] ####### 123 Sat Dec 14 07:45:42 UTC 2019 $PTII/bin/ptinvoke ptolemy.vergil.basic.export.ExportModel -force htm -run -openComposites -timeOut 30000 -whiteBackground ptolemy/domains/modal/demo/StateTracker/StateTracker.xml $PTII/ptolemy/domains/modal/demo/StateTracker/StateTracker
    [junit] Running .StateTracker
    [junit] 23 ms. Memory: 1050624K Free: 116102K (11%)
    [junit] Exported /home/travis/build/icyphy/ptII/ptolemy/domains/modal/demo/StateTracker/StateTracker/index.html
    [junit] 4430 ms. Memory: 1050624K Free: 382914K (36%)
    [junit] ####### 124 Sat Dec 14 07:45:46 UTC 2019 $PTII/bin/ptinvoke ptolemy.vergil.basic.export.ExportModel -force htm  -openComposites -timeOut 30000 -whiteBackground ptolemy/domains/modal/demo/SystemLevelType/CSPDomain.xml $PTII/ptolemy/domains/modal/demo/SystemLevelType/CSPDomain
    [junit] Warning: not running ptolemy/domains/modal/demo/SystemLevelType/CSPDomain.xml. See ptolemy/vergil/basic/export/test/junit/ExportModelJUnitTest.java
    [junit] Exported /home/travis/build/icyphy/ptII/ptolemy/domains/modal/demo/SystemLevelType/CSPDomain/index.html
    [junit] 3154 ms. Memory: 1050624K Free: 246801K (23%)
    [junit] ####### 125 Sat Dec 14 07:45:49 UTC 2019 $PTII/bin/ptinvoke ptolemy.vergil.basic.export.ExportModel -force htm  -openComposites -timeOut 30000 -whiteBackground ptolemy/domains/modal/demo/SystemLevelType/CSPDomain_PolyActor.xml $PTII/ptolemy/domains/modal/demo/SystemLevelType/CSPDomain_PolyActor
    [junit] Warning: not running ptolemy/domains/modal/demo/SystemLevelType/CSPDomain_PolyActor.xml. See ptolemy/vergil/basic/export/test/junit/ExportModelJUnitTest.java
    [junit] Exported /home/travis/build/icyphy/ptII/ptolemy/domains/modal/demo/SystemLevelType/CSPDomain_PolyActor/index.html
    [junit] 3124 ms. Memory: 1050624K Free: 124948K (12%)
    [junit] ####### 126 Sat Dec 14 07:45:52 UTC 2019 $PTII/bin/ptinvoke ptolemy.vergil.basic.export.ExportModel -force htm  -openComposites -timeOut 30000 -whiteBackground ptolemy/domains/modal/demo/SystemLevelType/CSPDomain_SDFActor.xml $PTII/ptolemy/domains/modal/demo/SystemLevelType/CSPDomain_SDFActor
    [junit] Warning: not running ptolemy/domains/modal/demo/SystemLevelType/CSPDomain_SDFActor.xml. See ptolemy/vergil/basic/export/test/junit/ExportModelJUnitTest.java
    [junit] Exported /home/travis/build/icyphy/ptII/ptolemy/domains/modal/demo/SystemLevelType/CSPDomain_SDFActor/index.html
    [junit] 3200 ms. Memory: 1050624K Free: 495122K (47%)
    [junit] ####### 127 Sat Dec 14 07:45:56 UTC 2019 $PTII/bin/ptinvoke ptolemy.vergil.basic.export.ExportModel -force htm  -openComposites -timeOut 30000 -whiteBackground ptolemy/domains/modal/demo/SystemLevelType/DEDomain.xml $PTII/ptolemy/domains/modal/demo/SystemLevelType/DEDomain
    [junit] Warning: not running ptolemy/domains/modal/demo/SystemLevelType/DEDomain.xml. See ptolemy/vergil/basic/export/test/junit/ExportModelJUnitTest.java
    [junit] Exported /home/travis/build/icyphy/ptII/ptolemy/domains/modal/demo/SystemLevelType/DEDomain/index.html
    [junit] 3142 ms. Memory: 1050624K Free: 359956K (34%)
    [junit] ####### 128 Sat Dec 14 07:45:59 UTC 2019 $PTII/bin/ptinvoke ptolemy.vergil.basic.export.ExportModel -force htm  -openComposites -timeOut 30000 -whiteBackground ptolemy/domains/modal/demo/SystemLevelType/DEDomain_PolyActor.xml $PTII/ptolemy/domains/modal/demo/SystemLevelType/DEDomain_PolyActor
    [junit] Warning: not running ptolemy/domains/modal/demo/SystemLevelType/DEDomain_PolyActor.xml. See ptolemy/vergil/basic/export/test/junit/ExportModelJUnitTest.java
    [junit] Exported /home/travis/build/icyphy/ptII/ptolemy/domains/modal/demo/SystemLevelType/DEDomain_PolyActor/index.html
    [junit] 3171 ms. Memory: 1050624K Free: 222737K (21%)
    [junit] ####### 129 Sat Dec 14 07:46:02 UTC 2019 $PTII/bin/ptinvoke ptolemy.vergil.basic.export.ExportModel -force htm  -openComposites -timeOut 30000 -whiteBackground ptolemy/domains/modal/demo/SystemLevelType/DEDomain_SDFActor.xml $PTII/ptolemy/domains/modal/demo/SystemLevelType/DEDomain_SDFActor
    [junit] Warning: not running ptolemy/domains/modal/demo/SystemLevelType/DEDomain_SDFActor.xml. See ptolemy/vergil/basic/export/test/junit/ExportModelJUnitTest.java
    [junit] Exported /home/travis/build/icyphy/ptII/ptolemy/domains/modal/demo/SystemLevelType/DEDomain_SDFActor/index.html
    [junit] 3104 ms. Memory: 1050624K Free: 575480K (55%)
    [junit] ####### 130 Sat Dec 14 07:46:05 UTC 2019 $PTII/bin/ptinvoke ptolemy.vergil.basic.export.ExportModel -force htm  -openComposites -timeOut 30000 -whiteBackground ptolemy/domains/modal/demo/SystemLevelType/DP.xml $PTII/ptolemy/domains/modal/demo/SystemLevelType/DP
    [junit] Warning: not running ptolemy/domains/modal/demo/SystemLevelType/DP.xml. See ptolemy/vergil/basic/export/test/junit/ExportModelJUnitTest.java
    [junit] Exported /home/travis/build/icyphy/ptII/ptolemy/domains/modal/demo/SystemLevelType/DP/index.html
    [junit] 3137 ms. Memory: 1050624K Free: 451093K (43%)
    [junit] ####### 131 Sat Dec 14 07:46:08 UTC 2019 $PTII/bin/ptinvoke ptolemy.vergil.basic.export.ExportModel -force htm  -openComposites -timeOut 30000 -whiteBackground ptolemy/domains/modal/demo/SystemLevelType/DummyDirector1.xml $PTII/ptolemy/domains/modal/demo/SystemLevelType/DummyDirector1
    [junit] Warning: not running ptolemy/domains/modal/demo/SystemLevelType/DummyDirector1.xml. See ptolemy/vergil/basic/export/test/junit/ExportModelJUnitTest.java
    [junit] Exported /home/travis/build/icyphy/ptII/ptolemy/domains/modal/demo/SystemLevelType/DummyDirector1/index.html
    [junit] 3153 ms. Memory: 1050624K Free: 342549K (33%)
    [junit] ####### 132 Sat Dec 14 07:46:11 UTC 2019 $PTII/bin/ptinvoke ptolemy.vergil.basic.export.ExportModel -force htm  -openComposites -timeOut 30000 -whiteBackground ptolemy/domains/modal/demo/SystemLevelType/DummyDirector1_SDFActor.xml $PTII/ptolemy/domains/modal/demo/SystemLevelType/DummyDirector1_SDFActor
    [junit] Warning: not running ptolemy/domains/modal/demo/SystemLevelType/DummyDirector1_SDFActor.xml. See ptolemy/vergil/basic/export/test/junit/ExportModelJUnitTest.java
    [junit] Exported /home/travis/build/icyphy/ptII/ptolemy/domains/modal/demo/SystemLevelType/DummyDirector1_SDFActor/index.html
    [junit] 3113 ms. Memory: 1050624K Free: 229905K (22%)
    [junit] ####### 133 Sat Dec 14 07:46:15 UTC 2019 $PTII/bin/ptinvoke ptolemy.vergil.basic.export.ExportModel -force htm  -openComposites -timeOut 30000 -whiteBackground ptolemy/domains/modal/demo/SystemLevelType/DummyDirector2.xml $PTII/ptolemy/domains/modal/demo/SystemLevelType/DummyDirector2
    [junit] Warning: not running ptolemy/domains/modal/demo/SystemLevelType/DummyDirector2.xml. See ptolemy/vergil/basic/export/test/junit/ExportModelJUnitTest.java
    [junit] Exported /home/travis/build/icyphy/ptII/ptolemy/domains/modal/demo/SystemLevelType/DummyDirector2/index.html
    [junit] 3104 ms. Memory: 1050624K Free: 119320K (11%)
    [junit] ####### 134 Sat Dec 14 07:46:18 UTC 2019 $PTII/bin/ptinvoke ptolemy.vergil.basic.export.ExportModel -force htm  -openComposites -timeOut 30000 -whiteBackground ptolemy/domains/modal/demo/SystemLevelType/DummyDirector2_SDFActor.xml $PTII/ptolemy/domains/modal/demo/SystemLevelType/DummyDirector2_SDFActor
    [junit] Warning: not running ptolemy/domains/modal/demo/SystemLevelType/DummyDirector2_SDFActor.xml. See ptolemy/vergil/basic/export/test/junit/ExportModelJUnitTest.java
    [junit] Exported /home/travis/build/icyphy/ptII/ptolemy/domains/modal/demo/SystemLevelType/DummyDirector2_SDFActor/index.html
    [junit] 3161 ms. Memory: 1050624K Free: 492130K (47%)
    [junit] ####### 135 Sat Dec 14 07:46:21 UTC 2019 $PTII/bin/ptinvoke ptolemy.vergil.basic.export.ExportModel -force htm  -openComposites -timeOut 30000 -whiteBackground ptolemy/domains/modal/demo/SystemLevelType/InterruptableWaitingThreadA.xml $PTII/ptolemy/domains/modal/demo/SystemLevelType/InterruptableWaitingThreadA
    [junit] Warning: not running ptolemy/domains/modal/demo/SystemLevelType/InterruptableWaitingThreadA.xml. See ptolemy/vergil/basic/export/test/junit/ExportModelJUnitTest.java
    [junit] Exported /home/travis/build/icyphy/ptII/ptolemy/domains/modal/demo/SystemLevelType/InterruptableWaitingThreadA/index.html
    [junit] 3144 ms. Memory: 1050624K Free: 340063K (32%)
    [junit] ####### 136 Sat Dec 14 07:46:24 UTC 2019 $PTII/bin/ptinvoke ptolemy.vergil.basic.export.ExportModel -force htm  -openComposites -timeOut 30000 -whiteBackground ptolemy/domains/modal/demo/SystemLevelType/Interrupter.xml $PTII/ptolemy/domains/modal/demo/SystemLevelType/Interrupter
    [junit] Warning: not running ptolemy/domains/modal/demo/SystemLevelType/Interrupter.xml. See ptolemy/vergil/basic/export/test/junit/ExportModelJUnitTest.java
    [junit] Exported /home/travis/build/icyphy/ptII/ptolemy/domains/modal/demo/SystemLevelType/Interrupter/index.html
    [junit] 3123 ms. Memory: 1050624K Free: 213090K (20%)
    [junit] ####### 137 Sat Dec 14 07:46:27 UTC 2019 $PTII/bin/ptinvoke ptolemy.vergil.basic.export.ExportModel -force htm  -openComposites -timeOut 30000 -whiteBackground ptolemy/domains/modal/demo/SystemLevelType/Monitor.xml $PTII/ptolemy/domains/modal/demo/SystemLevelType/Monitor
    [junit] Warning: not running ptolemy/domains/modal/demo/SystemLevelType/Monitor.xml. See ptolemy/vergil/basic/export/test/junit/ExportModelJUnitTest.java
    [junit] Exported /home/travis/build/icyphy/ptII/ptolemy/domains/modal/demo/SystemLevelType/Monitor/index.html
    [junit] 3125 ms. Memory: 1050624K Free: 572928K (55%)
    [junit] ####### 138 Sat Dec 14 07:46:30 UTC 2019 $PTII/bin/ptinvoke ptolemy.vergil.basic.export.ExportModel -force htm  -openComposites -timeOut 30000 -whiteBackground ptolemy/domains/modal/demo/SystemLevelType/PNDomain.xml $PTII/ptolemy/domains/modal/demo/SystemLevelType/PNDomain
    [junit] Warning: not running ptolemy/domains/modal/demo/SystemLevelType/PNDomain.xml. See ptolemy/vergil/basic/export/test/junit/ExportModelJUnitTest.java
    [junit] Exported /home/travis/build/icyphy/ptII/ptolemy/domains/modal/demo/SystemLevelType/PNDomain/index.html
    [junit] 3132 ms. Memory: 1050624K Free: 431651K (41%)
    [junit] ####### 139 Sat Dec 14 07:46:33 UTC 2019 $PTII/bin/ptinvoke ptolemy.vergil.basic.export.ExportModel -force htm  -openComposites -timeOut 30000 -whiteBackground ptolemy/domains/modal/demo/SystemLevelType/PNDomain_PolyActor.xml $PTII/ptolemy/domains/modal/demo/SystemLevelType/PNDomain_PolyActor
    [junit] Warning: not running ptolemy/domains/modal/demo/SystemLevelType/PNDomain_PolyActor.xml. See ptolemy/vergil/basic/export/test/junit/ExportModelJUnitTest.java
    [junit] Exported /home/travis/build/icyphy/ptII/ptolemy/domains/modal/demo/SystemLevelType/PNDomain_PolyActor/index.html
    [junit] 3131 ms. Memory: 1050624K Free: 313344K (30%)
    [junit] ####### 140 Sat Dec 14 07:46:36 UTC 2019 $PTII/bin/ptinvoke ptolemy.vergil.basic.export.ExportModel -force htm  -openComposites -timeOut 30000 -whiteBackground ptolemy/domains/modal/demo/SystemLevelType/PNDomain_SDFActor.xml $PTII/ptolemy/domains/modal/demo/SystemLevelType/PNDomain_SDFActor
    [junit] Warning: not running ptolemy/domains/modal/demo/SystemLevelType/PNDomain_SDFActor.xml. See ptolemy/vergil/basic/export/test/junit/ExportModelJUnitTest.java
    [junit] Exported /home/travis/build/icyphy/ptII/ptolemy/domains/modal/demo/SystemLevelType/PNDomain_SDFActor/index.html
    [junit] 3111 ms. Memory: 1050624K Free: 198181K (19%)
    [junit] ####### 141 Sat Dec 14 07:46:40 UTC 2019 $PTII/bin/ptinvoke ptolemy.vergil.basic.export.ExportModel -force htm  -openComposites -timeOut 30000 -whiteBackground ptolemy/domains/modal/demo/SystemLevelType/PolyActor.xml $PTII/ptolemy/domains/modal/demo/SystemLevelType/PolyActor
    [junit] Warning: not running ptolemy/domains/modal/demo/SystemLevelType/PolyActor.xml. See ptolemy/vergil/basic/export/test/junit/ExportModelJUnitTest.java
    [junit] Exported /home/travis/build/icyphy/ptII/ptolemy/domains/modal/demo/SystemLevelType/PolyActor/index.html
    [junit] 3149 ms. Memory: 1050624K Free: 547073K (52%)
    [junit] ####### 142 Sat Dec 14 07:46:43 UTC 2019 $PTII/bin/ptinvoke ptolemy.vergil.basic.export.ExportModel -force htm  -openComposites -timeOut 30000 -whiteBackground ptolemy/domains/modal/demo/SystemLevelType/SDFActor.xml $PTII/ptolemy/domains/modal/demo/SystemLevelType/SDFActor
    [junit] Warning: not running ptolemy/domains/modal/demo/SystemLevelType/SDFActor.xml. See ptolemy/vergil/basic/export/test/junit/ExportModelJUnitTest.java
    [junit] Exported /home/travis/build/icyphy/ptII/ptolemy/domains/modal/demo/SystemLevelType/SDFActor/index.html
    [junit] 3120 ms. Memory: 1050624K Free: 426251K (41%)
    [junit] ####### 143 Sat Dec 14 07:46:46 UTC 2019 $PTII/bin/ptinvoke ptolemy.vergil.basic.export.ExportModel -force htm  -openComposites -timeOut 30000 -whiteBackground ptolemy/domains/modal/demo/SystemLevelType/SDFDomain.xml $PTII/ptolemy/domains/modal/demo/SystemLevelType/SDFDomain
    [junit] Warning: not running ptolemy/domains/modal/demo/SystemLevelType/SDFDomain.xml. See ptolemy/vergil/basic/export/test/junit/ExportModelJUnitTest.java
    [junit] Exported /home/travis/build/icyphy/ptII/ptolemy/domains/modal/demo/SystemLevelType/SDFDomain/index.html
    [junit] 3115 ms. Memory: 1050624K Free: 295180K (28%)
    [junit] ####### 144 Sat Dec 14 07:46:49 UTC 2019 $PTII/bin/ptinvoke ptolemy.vergil.basic.export.ExportModel -force htm  -openComposites -timeOut 30000 -whiteBackground ptolemy/domains/modal/demo/SystemLevelType/SDFDomain_PolyActor.xml $PTII/ptolemy/domains/modal/demo/SystemLevelType/SDFDomain_PolyActor
    [junit] Warning: not running ptolemy/domains/modal/demo/SystemLevelType/SDFDomain_PolyActor.xml. See ptolemy/vergil/basic/export/test/junit/ExportModelJUnitTest.java
    [junit] Exported /home/travis/build/icyphy/ptII/ptolemy/domains/modal/demo/SystemLevelType/SDFDomain_PolyActor/index.html
    [junit] 3117 ms. Memory: 1050624K Free: 162051K (15%)
    [junit] ####### 145 Sat Dec 14 07:46:52 UTC 2019 $PTII/bin/ptinvoke ptolemy.vergil.basic.export.ExportModel -force htm  -openComposites -timeOut 30000 -whiteBackground ptolemy/domains/modal/demo/SystemLevelType/SDFDomain_SDFActor.xml $PTII/ptolemy/domains/modal/demo/SystemLevelType/SDFDomain_SDFActor
    [junit] Warning: not running ptolemy/domains/modal/demo/SystemLevelType/SDFDomain_SDFActor.xml. See ptolemy/vergil/basic/export/test/junit/ExportModelJUnitTest.java
    [junit] Exported /home/travis/build/icyphy/ptII/ptolemy/domains/modal/demo/SystemLevelType/SDFDomain_SDFActor/index.html
    [junit] 3179 ms. Memory: 1050624K Free: 517614K (49%)
    [junit] ####### 146 Sat Dec 14 07:46:55 UTC 2019 $PTII/bin/ptinvoke ptolemy.vergil.basic.export.ExportModel -force htm  -openComposites -timeOut 30000 -whiteBackground ptolemy/domains/modal/demo/SystemLevelType/ThreadA.xml $PTII/ptolemy/domains/modal/demo/SystemLevelType/ThreadA
    [junit] Warning: not running ptolemy/domains/modal/demo/SystemLevelType/ThreadA.xml. See ptolemy/vergil/basic/export/test/junit/ExportModelJUnitTest.java
    [junit] Exported /home/travis/build/icyphy/ptII/ptolemy/domains/modal/demo/SystemLevelType/ThreadA/index.html
    [junit] 3132 ms. Memory: 1050624K Free: 518157K (49%)
    [junit] ####### 147 Sat Dec 14 07:46:58 UTC 2019 $PTII/bin/ptinvoke ptolemy.vergil.basic.export.ExportModel -force htm  -openComposites -timeOut 30000 -whiteBackground ptolemy/domains/modal/demo/SystemLevelType/ThreadA_Monitor_ThreadB.xml $PTII/ptolemy/domains/modal/demo/SystemLevelType/ThreadA_Monitor_ThreadB
    [junit] Warning: not running ptolemy/domains/modal/demo/SystemLevelType/ThreadA_Monitor_ThreadB.xml. See ptolemy/vergil/basic/export/test/junit/ExportModelJUnitTest.java
    [junit] Exported /home/travis/build/icyphy/ptII/ptolemy/domains/modal/demo/SystemLevelType/ThreadA_Monitor_ThreadB/index.html
    [junit] 3146 ms. Memory: 1050624K Free: 518159K (49%)
    [junit] ####### 148 Sat Dec 14 07:47:02 UTC 2019 $PTII/bin/ptinvoke ptolemy.vergil.basic.export.ExportModel -force htm  -openComposites -timeOut 30000 -whiteBackground ptolemy/domains/modal/demo/SystemLevelType/ThreadB.xml $PTII/ptolemy/domains/modal/demo/SystemLevelType/ThreadB
    [junit] Warning: not running ptolemy/domains/modal/demo/SystemLevelType/ThreadB.xml. See ptolemy/vergil/basic/export/test/junit/ExportModelJUnitTest.java
    [junit] Exported /home/travis/build/icyphy/ptII/ptolemy/domains/modal/demo/SystemLevelType/ThreadB/index.html
    [junit] 3129 ms. Memory: 1050624K Free: 563743K (54%)
    [junit] ####### 149 Sat Dec 14 07:47:05 UTC 2019 $PTII/bin/ptinvoke ptolemy.vergil.basic.export.ExportModel -force htm  -openComposites -timeOut 30000 -whiteBackground ptolemy/domains/modal/demo/SystemLevelType/ThreadBNotifies.xml $PTII/ptolemy/domains/modal/demo/SystemLevelType/ThreadBNotifies
    [junit] Warning: not running ptolemy/domains/modal/demo/SystemLevelType/ThreadBNotifies.xml. See ptolemy/vergil/basic/export/test/junit/ExportModelJUnitTest.java
    [junit] Exported /home/travis/build/icyphy/ptII/ptolemy/domains/modal/demo/SystemLevelType/ThreadBNotifies/index.html
    [junit] 3108 ms. Memory: 1050624K Free: 452126K (43%)
    [junit] ####### 150 Sat Dec 14 07:47:08 UTC 2019 $PTII/bin/ptinvoke ptolemy.vergil.basic.export.ExportModel -force htm  -openComposites -timeOut 30000 -whiteBackground ptolemy/domains/modal/demo/SystemLevelType/Trigger.xml $PTII/ptolemy/domains/modal/demo/SystemLevelType/Trigger
    [junit] Warning: not running ptolemy/domains/modal/demo/SystemLevelType/Trigger.xml. See ptolemy/vergil/basic/export/test/junit/ExportModelJUnitTest.java
    [junit] Exported /home/travis/build/icyphy/ptII/ptolemy/domains/modal/demo/SystemLevelType/Trigger/index.html
    [junit] 3116 ms. Memory: 1050624K Free: 530446K (50%)
    [junit] 
    [junit] X11Util.Display: Shutdown (JVM shutdown: true, open (no close attempt): 20/20, reusable (open, marked uncloseable): 0, pending (open in creation order): 20)
    [junit] X11Util: Open X11 Display Connections: 20
    [junit] X11Util: Open[0]: NamedX11Display[:99.0, 0x7fbfac463390, refCount 1, unCloseable false]
    [junit] X11Util: Open[1]: NamedX11Display[:99.0, 0x7fbfaca89320, refCount 1, unCloseable false]
    [junit] X11Util: Open[2]: NamedX11Display[:99.0, 0x7fbfad0e8980, refCount 1, unCloseable false]
    [junit] X11Util: Open[3]: NamedX11Display[:99.0, 0x7fbfad572790, refCount 1, unCloseable false]
    [junit] X11Util: Open[4]: NamedX11Display[:99.0, 0x7fbfadb49be0, refCount 1, unCloseable false]
    [junit] X11Util: Open[5]: NamedX11Display[:99.0, 0x7fbfae109710, refCount 1, unCloseable false]
    [junit] X11Util: Open[6]: NamedX11Display[:99.0, 0x7fbfae76d230, refCount 1, unCloseable false]
    [junit] X11Util: Open[7]: NamedX11Display[:99.0, 0x7fbfaec69240, refCount 1, unCloseable false]
    [junit] X11Util: Open[8]: NamedX11Display[:99.0, 0x7fbfaf22fed0, refCount 1, unCloseable false]
    [junit] X11Util: Open[9]: NamedX11Display[:99.0, 0x7fbfaf7eb390, refCount 1, unCloseable false]
    [junit] X11Util: Open[10]: NamedX11Display[:99.0, 0x7fbfafd74c40, refCount 1, unCloseable false]
    [junit] X11Util: Open[11]: NamedX11Display[:99.0, 0x7fbf643bcb90, refCount 1, unCloseable false]
    [junit] X11Util: Open[12]: NamedX11Display[:99.0, 0x7fbf6452baf0, refCount 1, unCloseable false]
    [junit] X11Util: Open[13]: NamedX11Display[:99.0, 0x7fbf64fd88b0, refCount 1, unCloseable false]
    [junit] X11Util: Open[14]: NamedX11Display[:99.0, 0x7fbf655f50b0, refCount 1, unCloseable false]
    [junit] X11Util: Open[15]: NamedX11Display[:99.0, 0x7fbf65c66870, refCount 1, unCloseable false]
    [junit] X11Util: Open[16]: NamedX11Display[:99.0, 0x7fbf6609ff70, refCount 1, unCloseable false]
    [junit] X11Util: Open[17]: NamedX11Display[:99.0, 0x7fbf6679e610, refCount 1, unCloseable false]
    [junit] X11Util: Open[18]: NamedX11Display[:99.0, 0x7fbf66af8600, refCount 1, unCloseable false]
    [junit] X11Util: Open[19]: NamedX11Display[:99.0, 0x7fbf67333540, refCount 1, unCloseable false]

BUILD SUCCESSFUL
Total time: 34 minutes 30 seconds
