<?xml version="1.0" encoding="UTF-8" ?>
<testsuite errors="0" failures="0" hostname="travis-job-989aabda-34ff-4e89-9b34-ea7c2cc54e26" name="ptolemy.actor.lib.fmi.test.junit.JUnitTclTest" skipped="0" tests="63" time="19.284" timestamp="2019-01-03T03:06:45">
  <properties>
[...]
</properties>
  <testcase classname="ptolemy.util.test.junit.TclTests" name="[0] /home/travis/build/icyphy/ptII/ptolemy/actor/lib/fmi/test/FMUImport.tcl (RunTclFile)" time="2.53" />
  <testcase classname="ptolemy.util.test.junit.TclTests" name="[1] /home/travis/build/icyphy/ptII/ptolemy/actor/lib/fmi/test/FMUQSS.tcl (RunTclFile)" time="0.067" />
  <testcase classname="ptolemy.util.test.junit.AutoKnownFailedTests" name="[0] /home/travis/build/icyphy/ptII/ptolemy/actor/lib/fmi/test/auto/knownFailedTests/FMUContinuousInc20.xml (RunModel)" time="0.117" />
  <testcase classname="ptolemy.util.test.junit.AutoNameArchTests" name="[0] /home/travis/build/icyphy/ptII/ptolemy/actor/lib/fmi/test/auto/linux-amd64/FMUQSSAirOulet1_QSS1.xml (RunModel)" time="1.029" />
  <testcase classname="ptolemy.util.test.junit.AutoNameArchTests" name="[1] /home/travis/build/icyphy/ptII/ptolemy/actor/lib/fmi/test/auto/linux-amd64/FMUQSSAirToOulet1_QSS1.xml (RunModel)" time="0.706" />
  <testcase classname="ptolemy.util.test.junit.AutoNameArchTests" name="[2] /home/travis/build/icyphy/ptII/ptolemy/actor/lib/fmi/test/auto/linux-amd64/FMUQSSAirToOulet2_QSS1.xml (RunModel)" time="1.848" />
  <testcase classname="ptolemy.util.test.junit.AutoNameArchTests" name="[3] /home/travis/build/icyphy/ptII/ptolemy/actor/lib/fmi/test/auto/linux-amd64/FMUQSSStateEvent1_QSS1.xml (RunModel)" time="0.15" />
  <testcase classname="ptolemy.util.test.junit.AutoNameArchTests" name="[4] /home/travis/build/icyphy/ptII/ptolemy/actor/lib/fmi/test/auto/linux-amd64/FMUQSSStateEvent1_QSS2.xml (RunModel)" time="1.051" />
  <testcase classname="ptolemy.util.test.junit.AutoNameArchTests" name="[5] /home/travis/build/icyphy/ptII/ptolemy/actor/lib/fmi/test/auto/linux-amd64/FMUQSSStateEvent1_QSS3.xml (RunModel)" time="0.197" />
  <testcase classname="ptolemy.util.test.junit.AutoNameArchTests" name="[6] /home/travis/build/icyphy/ptII/ptolemy/actor/lib/fmi/test/auto/linux-amd64/FMUQSSStateEvent2_QSS1.xml (RunModel)" time="0.606" />
  <testcase classname="ptolemy.util.test.junit.AutoNameArchTests" name="[7] /home/travis/build/icyphy/ptII/ptolemy/actor/lib/fmi/test/auto/linux-amd64/FMUQSSStateEvent2_QSS2.xml (RunModel)" time="0.879" />
  <testcase classname="ptolemy.util.test.junit.AutoNameArchTests" name="[8] /home/travis/build/icyphy/ptII/ptolemy/actor/lib/fmi/test/auto/linux-amd64/FMUQSSStateEvent4_QSS1.xml (RunModel)" time="0.154" />
  <testcase classname="ptolemy.util.test.junit.AutoNameArchTests" name="[9] /home/travis/build/icyphy/ptII/ptolemy/actor/lib/fmi/test/auto/linux-amd64/FMUQSSStateEvent4_QSS2.xml (RunModel)" time="0.091" />
  <testcase classname="ptolemy.util.test.junit.AutoNameArchTests" name="[10] /home/travis/build/icyphy/ptII/ptolemy/actor/lib/fmi/test/auto/linux-amd64/FMUQSSStateEvent4_QSS3.xml (RunModel)" time="0.106" />
  <testcase classname="ptolemy.util.test.junit.AutoNameArchTests" name="[11] /home/travis/build/icyphy/ptII/ptolemy/actor/lib/fmi/test/auto/linux-amd64/FMUQSSStateEvent5_QSS1.xml (RunModel)" time="0.204" />
  <testcase classname="ptolemy.util.test.junit.AutoNameArchTests" name="[12] /home/travis/build/icyphy/ptII/ptolemy/actor/lib/fmi/test/auto/linux-amd64/FMUQSSStateEvent5_QSS2.xml (RunModel)" time="0.397" />
  <testcase classname="ptolemy.util.test.junit.AutoNameArchTests" name="[13] /home/travis/build/icyphy/ptII/ptolemy/actor/lib/fmi/test/auto/linux-amd64/FMUQSSStateEvent5_QSS3.xml (RunModel)" time="0.085" />
  <testcase classname="ptolemy.util.test.junit.AutoNameArchTests" name="[14] /home/travis/build/icyphy/ptII/ptolemy/actor/lib/fmi/test/auto/linux-amd64/FMUQSSStateEvent6_QSS1.xml (RunModel)" time="0.627" />
  <testcase classname="ptolemy.util.test.junit.AutoNameArchTests" name="[15] /home/travis/build/icyphy/ptII/ptolemy/actor/lib/fmi/test/auto/linux-amd64/FMUQSSStateEvent6_QSS2.xml (RunModel)" time="0.619" />
  <testcase classname="ptolemy.util.test.junit.AutoTests" name="[0] /home/travis/build/icyphy/ptII/ptolemy/actor/lib/fmi/test/auto/FMU30Inc.xml (RunModel)" time="0.613" />
  <testcase classname="ptolemy.util.test.junit.AutoTests" name="[1] /home/travis/build/icyphy/ptII/ptolemy/actor/lib/fmi/test/auto/FMUBouncingBall.xml (RunModel)" time="0.231" />
  <testcase classname="ptolemy.util.test.junit.AutoTests" name="[2] /home/travis/build/icyphy/ptII/ptolemy/actor/lib/fmi/test/auto/FMUBouncingBallME20.xml (RunModel)" time="0.228" />
  <testcase classname="ptolemy.util.test.junit.AutoTests" name="[3] /home/travis/build/icyphy/ptII/ptolemy/actor/lib/fmi/test/auto/FMUDQ.xml (RunModel)" time="0.033" />
  <testcase classname="ptolemy.util.test.junit.AutoTests" name="[4] /home/travis/build/icyphy/ptII/ptolemy/actor/lib/fmi/test/auto/FMUDq20.xml (RunModel)" time="0.082" />
  <testcase classname="ptolemy.util.test.junit.AutoTests" name="[5] /home/travis/build/icyphy/ptII/ptolemy/actor/lib/fmi/test/auto/FMUDqME20.xml (RunModel)" time="0.04" />
  <testcase classname="ptolemy.util.test.junit.AutoTests" name="[6] /home/travis/build/icyphy/ptII/ptolemy/actor/lib/fmi/test/auto/FMUFourInputsFourOutputsME20.xml (RunModel)" time="0.045" />
  <testcase classname="ptolemy.util.test.junit.AutoTests" name="[7] /home/travis/build/icyphy/ptII/ptolemy/actor/lib/fmi/test/auto/FMUHeaterFlowResistance.xml (RunModel)" time="0.154" />
  <testcase classname="ptolemy.util.test.junit.AutoTests" name="[8] /home/travis/build/icyphy/ptII/ptolemy/actor/lib/fmi/test/auto/FMUHelloWorld.xml (RunModel)" time="0.031" />
  <testcase classname="ptolemy.util.test.junit.AutoTests" name="[9] /home/travis/build/icyphy/ptII/ptolemy/actor/lib/fmi/test/auto/FMUHelloWorldUnBuilt.xml (RunModel)" time="0.094" />
  <testcase classname="ptolemy.util.test.junit.AutoTests" name="[10] /home/travis/build/icyphy/ptII/ptolemy/actor/lib/fmi/test/auto/FMUInc.xml (RunModel)" time="0.018" />
  <testcase classname="ptolemy.util.test.junit.AutoTests" name="[11] /home/travis/build/icyphy/ptII/ptolemy/actor/lib/fmi/test/auto/FMUInc2.xml (RunModel)" time="0.039" />
  <testcase classname="ptolemy.util.test.junit.AutoTests" name="[12] /home/travis/build/icyphy/ptII/ptolemy/actor/lib/fmi/test/auto/FMUIncME1.xml (RunModel)" time="0.029" />
  <testcase classname="ptolemy.util.test.junit.AutoTests" name="[13] /home/travis/build/icyphy/ptII/ptolemy/actor/lib/fmi/test/auto/FMUIncME20.xml (RunModel)" time="0.028" />
  <testcase classname="ptolemy.util.test.junit.AutoTests" name="[14] /home/travis/build/icyphy/ptII/ptolemy/actor/lib/fmi/test/auto/FMUIncScale20RC1pt.xml (RunModel)" time="0.032" />
  <testcase classname="ptolemy.util.test.junit.AutoTests" name="[15] /home/travis/build/icyphy/ptII/ptolemy/actor/lib/fmi/test/auto/FMULevelStairs.xml (RunModel)" time="0.06" />
  <testcase classname="ptolemy.util.test.junit.AutoTests" name="[16] /home/travis/build/icyphy/ptII/ptolemy/actor/lib/fmi/test/auto/FMUPumpConstantSpeed.xml (RunModel)" time="0.103" />
  <testcase classname="ptolemy.util.test.junit.AutoTests" name="[17] /home/travis/build/icyphy/ptII/ptolemy/actor/lib/fmi/test/auto/FMUQSSTankOpen.xml (RunModel)" time="2.725" />
  <testcase classname="ptolemy.util.test.junit.AutoTests" name="[18] /home/travis/build/icyphy/ptII/ptolemy/actor/lib/fmi/test/auto/FMUSDFBouncingBall.xml (RunModel)" time="0.026" />
  <testcase classname="ptolemy.util.test.junit.AutoTests" name="[19] /home/travis/build/icyphy/ptII/ptolemy/actor/lib/fmi/test/auto/FMUSDFBouncingBall20.xml (RunModel)" time="0.232" />
  <testcase classname="ptolemy.util.test.junit.AutoTests" name="[20] /home/travis/build/icyphy/ptII/ptolemy/actor/lib/fmi/test/auto/FMUSDFBouncingBall20RC1.xml (RunModel)" time="0.033" />
  <testcase classname="ptolemy.util.test.junit.AutoTests" name="[21] /home/travis/build/icyphy/ptII/ptolemy/actor/lib/fmi/test/auto/FMUSDFInc20.xml (RunModel)" time="0.032" />
  <testcase classname="ptolemy.util.test.junit.AutoTests" name="[22] /home/travis/build/icyphy/ptII/ptolemy/actor/lib/fmi/test/auto/FMUStairs.xml (RunModel)" time="0.039" />
  <testcase classname="ptolemy.util.test.junit.AutoTests" name="[23] /home/travis/build/icyphy/ptII/ptolemy/actor/lib/fmi/test/auto/FMUStepCounter1.xml (RunModel)" time="0.105" />
  <testcase classname="ptolemy.util.test.junit.AutoTests" name="[24] /home/travis/build/icyphy/ptII/ptolemy/actor/lib/fmi/test/auto/FMUStepCounter2.xml (RunModel)" time="0.118" />
  <testcase classname="ptolemy.util.test.junit.AutoTests" name="[25] /home/travis/build/icyphy/ptII/ptolemy/actor/lib/fmi/test/auto/FMUStepCounterContinuous1.xml (RunModel)" time="0.021" />
  <testcase classname="ptolemy.util.test.junit.AutoTests" name="[26] /home/travis/build/icyphy/ptII/ptolemy/actor/lib/fmi/test/auto/FMUStepCounterContinuous2.xml (RunModel)" time="0.026" />
  <testcase classname="ptolemy.util.test.junit.AutoTests" name="[27] /home/travis/build/icyphy/ptII/ptolemy/actor/lib/fmi/test/auto/FMUStepCounterContinuousTwoFMUs1.xml (RunModel)" time="0.029" />
  <testcase classname="ptolemy.util.test.junit.AutoTests" name="[28] /home/travis/build/icyphy/ptII/ptolemy/actor/lib/fmi/test/auto/FMUStepCounterContinuousTwoFMUs2.xml (RunModel)" time="0.042" />
  <testcase classname="ptolemy.util.test.junit.AutoTests" name="[29] /home/travis/build/icyphy/ptII/ptolemy/actor/lib/fmi/test/auto/FMUStepCounterExtendedFMI.xml (RunModel)" time="0.123" />
  <testcase classname="ptolemy.util.test.junit.AutoTests" name="[30] /home/travis/build/icyphy/ptII/ptolemy/actor/lib/fmi/test/auto/FMUStepCounterPeriodInNameContinuous2.xml (RunModel)" time="0.125" />
  <testcase classname="ptolemy.util.test.junit.AutoTests" name="[31] /home/travis/build/icyphy/ptII/ptolemy/actor/lib/fmi/test/auto/FMUTankOpen.xml (RunModel)" time="0.073" />
  <testcase classname="ptolemy.util.test.junit.AutoTests" name="[32] /home/travis/build/icyphy/ptII/ptolemy/actor/lib/fmi/test/auto/FMUTwoBallCollision.xml (RunModel)" time="0.356" />
  <testcase classname="ptolemy.util.test.junit.AutoTests" name="[33] /home/travis/build/icyphy/ptII/ptolemy/actor/lib/fmi/test/auto/FMUValues.xml (RunModel)" time="0.042" />
  <testcase classname="ptolemy.util.test.junit.AutoTests" name="[34] /home/travis/build/icyphy/ptII/ptolemy/actor/lib/fmi/test/auto/FMUValues20.xml (RunModel)" time="0.035" />
  <testcase classname="ptolemy.util.test.junit.AutoTests" name="[35] /home/travis/build/icyphy/ptII/ptolemy/actor/lib/fmi/test/auto/FMUValuesME20.xml (RunModel)" time="0.075" />
  <testcase classname="ptolemy.util.test.junit.AutoTests" name="[36] /home/travis/build/icyphy/ptII/ptolemy/actor/lib/fmi/test/auto/FMUVanDerPol.xml (RunModel)" time="0.02" />
  <testcase classname="ptolemy.util.test.junit.AutoTests" name="[37] /home/travis/build/icyphy/ptII/ptolemy/actor/lib/fmi/test/auto/FMUVanDerPol20.xml (RunModel)" time="0.088" />
  <testcase classname="ptolemy.util.test.junit.AutoTests" name="[38] /home/travis/build/icyphy/ptII/ptolemy/actor/lib/fmi/test/auto/FMUVanDerPolME20.xml (RunModel)" time="0.037" />
  <testcase classname="ptolemy.util.test.junit.AutoTests" name="[39] /home/travis/build/icyphy/ptII/ptolemy/actor/lib/fmi/test/auto/FMUdq20RC1.xml (RunModel)" time="0.015" />
  <testcase classname="ptolemy.util.test.junit.AutoTests" name="[40] /home/travis/build/icyphy/ptII/ptolemy/actor/lib/fmi/test/auto/FMUvalues20RC1.xml (RunModel)" time="0.031" />
  <testcase classname="ptolemy.util.test.junit.AutoTests" name="[41] /home/travis/build/icyphy/ptII/ptolemy/actor/lib/fmi/test/auto/FMUvanDerPol20RC1.xml (RunModel)" time="0.021" />
  <testcase classname="ptolemy.util.test.junit.AutoTests" name="[42] /home/travis/build/icyphy/ptII/ptolemy/actor/lib/fmi/test/auto/TestZeroDelayFeedback.xml (RunModel)" time="1.105" />
  <testcase classname="ptolemy.util.test.junit.AutoTests" name="[43] /home/travis/build/icyphy/ptII/ptolemy/actor/lib/fmi/test/auto/helloWorldME2.xml (RunModel)" time="0.017" />
  <system-out><![CDATA[/home/travis/build/icyphy/ptII/ptolemy/actor/lib/fmi/test/FMUImport.tcl
testDefs.tcl: setting time out to 9000 seconds at Thu Jan 03 03:06:45 UTC 2019
.top.ballDynamics
FMUImport.tcl: auto/tankOpen.fmu is to be imported as a modelExchange fmu.
.top.tankOpen
.top.fmuD20pt
Warning: FMU modelDescription provides Integer representation of time, but precision is not specified
.top.SamplerIT
Warning: FMU modelDescription provides Integer representation of time, but precision is not specified
.top.ConstantIT
Warning: FMU modelDescription provides Integer representation of time, but precision is not specified
.top.AdderIT
Warning: FMU modelDescription provides Integer representation of time, but precision is not specified
.top.IntegratorIT
FMUImport.tcl: auto/dqME1.fmu is to be imported as a modelExchange fmu.
.top.dqME
.top.values20RC
Warning: FMU modelDescription provides Integer representation of time, but precision is not specified
.top.ZeroCrossingDetector
Warning: FMU modelDescription provides Integer representation of time, but precision is not specified
.top.ClockW
FMUImport.tcl: auto/valuesME20.fmu is to be imported as a modelExchange fmu.
.top.valuesME
Warning: FMU modelDescription provides Integer representation of time, but precision is not specified
.top.HybridSequenceCheck
Warning: FMU modelDescription provides Integer representation of time, but precision is not specified
.top.ClockIT
.top.inc20RC
Warning: FMU modelDescription provides Integer representation of time, but precision is not specified
.top.CheckEqualityIT
Warning: FMU modelDescription provides Integer representation of time, but precision is not specified
.top.Constant
Warning: FMU modelDescription provides Integer representation of time, but precision is not specified
.top.CTClockW
.top.dq
.top.fmuA20pt
Warning: FMU modelDescription provides Integer representation of time, but precision is not specified
.top.Clock
.top.stepCounter
.top.stepCounter
.top.onOffSupervisor
.top.SamplerFP
FMUImport.tcl: auto/vanDerPolME20.fmu is to be imported as a modelExchange fmu.
.top.vanDerPolME
Warning: FMU modelDescription provides Integer representation of time, but precision is not specified
.top.HybridIntegratorReset
.top.helloWorldUnBuilt
.top.heaterFlowResistance
Warning: FMU modelDescription provides Integer representation of time, but precision is not specified
.top.CTClockIT
.top.stairsB
Warning: FMU modelDescription provides Integer representation of time, but precision is not specified
.top.DelayIT
Warning: FMU modelDescription provides Integer representation of time, but precision is not specified
.top.HybridZeroCrossingDetector
FMUImport.tcl: auto/bouncingBallME1.fmu is to be imported as a modelExchange fmu.
.top.bouncingBallME
.top.stairsA
.top.scale20RC
Warning: FMU modelDescription provides Integer representation of time, but precision is not specified
.top.ZeroCrossingDetectorIT
FMUImport.tcl: auto/dqME20.fmu is to be imported as a modelExchange fmu.
.top.dqME
Warning: FMU modelDescription provides Integer representation of time, but precision is not specified
.top.Delay
.top.bouncingBall
FMUImport.tcl: auto/incME1.fmu is to be imported as a modelExchange fmu.
.top.incME
.top.stepCounterExtendedFMI
.top.dq20RC
Warning: FMU modelDescription provides Integer representation of time, but precision is not specified
.top.DelayW
Warning: FMU modelDescription provides Integer representation of time, but precision is not specified
.top.Integrator
Warning: FMU modelDescription provides Integer representation of time, but precision is not specified
.top.HybridAdder
FMUImport.tcl: auto/incME20.fmu is to be imported as a modelExchange fmu.
.top.incME
.top.qss1State1OutputNoBinaries
Warning: FMU modelDescription provides Integer representation of time, but precision is not specified
.top.HybridConstantSignalGenerator
.top.ClockFP
.top.pumpConstantSpeed
.top.vanDerPol20RC
.top.inc20pt
.top.out20pt
.top.scale20pt
.top.helloWorldME
Warning: FMU modelDescription provides Integer representation of time, but precision is not specified
.top.HybridTriggeredConst
FMUImport.tcl: auto/fourInputsFourOutputsME20.fmu is to be imported as a modelExchange fmu.
.top.fourInputsFourOutputsME
.top.fmuC20pt
FMUImport.tcl: auto/bouncingBallME20.fmu is to be imported as a modelExchange fmu.
.top.bouncingBallME
.top.values
Warning: FMU modelDescription provides Integer representation of time, but precision is not specified
.top.Adder
.top.inc
.top.helloWorld
.top.stepCounterPeriodInName
.top.levelStairs
.top.stairsA20RC1F
.top.fmuB20pt
.top.vanDerPol
Warning: FMU modelDescription provides Integer representation of time, but precision is not specified
.top.HybridDelay
FMUImport.tcl: auto/valuesME1.fmu is to be imported as a modelExchange fmu.
.top.valuesME
FMUImport.tcl: auto/vanDerPolME1.fmu is to be imported as a modelExchange fmu.
.top.vanDerPolME
.top.CheckEqualityFP
.top.bouncingBall20RC
/home/travis/build/icyphy/ptII/ptolemy/actor/lib/fmi/test/FMUQSS.tcl
01/03/19 03:06:47
Failed: 0  Total Tests: 80  ((Passed: 80, Newly Passed: 0)  Known Failed: 0) /home/travis/build/icyphy/ptII/ptolemy/actor/lib/fmi/test
----------------- testing (KnownFailure) /home/travis/build/icyphy/ptII/ptolemy/actor/lib/fmi/test/auto/knownFailedTests/FMUContinuousInc20.xml
63 ms. Memory: 208384K Free: 147540K (71%)
Known Failure: java.lang.reflect.InvocationTargetException

===========================================================================================
----------------- testing Thu Jan 03 03:06:48 UTC 2019 /home/travis/build/icyphy/ptII/ptolemy/actor/lib/fmi/test/auto/linux-amd64/FMUQSSAirOulet1_QSS1.xml
----------------- Instantiating /home/travis/build/icyphy/ptII/ptolemy/actor/lib/fmi/test/auto/linux-amd64/FMUQSSAirOulet1_QSS1.xml
 Number of steps: 1811
  stateEvents: 3
  stepEvents: 0
  timeEvents: 0
858 ms. Memory: 208384K Free: 92243K (44%)
----------------- Invoking toplevel() on ptolemy.moml.MoMLSimpleApplication@affd3c8
----------------- Done invoking toplevel() on ptolemy.moml.MoMLSimpleApplication@affd3c8
reloadAllAccessors: .FMUQSSAirOulet1_QSS1

===========================================================================================
----------------- testing Thu Jan 03 03:06:49 UTC 2019 /home/travis/build/icyphy/ptII/ptolemy/actor/lib/fmi/test/auto/linux-amd64/FMUQSSAirToOulet1_QSS1.xml
----------------- Instantiating /home/travis/build/icyphy/ptII/ptolemy/actor/lib/fmi/test/auto/linux-amd64/FMUQSSAirToOulet1_QSS1.xml
 Number of steps: 1811
  stateEvents: 3
  stepEvents: 0
  timeEvents: 0
601 ms. Memory: 208384K Free: 157214K (75%)
----------------- Invoking toplevel() on ptolemy.moml.MoMLSimpleApplication@35274bd7
----------------- Done invoking toplevel() on ptolemy.moml.MoMLSimpleApplication@35274bd7
reloadAllAccessors: .FMUQSSAirToOulet1_QSS1

===========================================================================================
----------------- testing Thu Jan 03 03:06:49 UTC 2019 /home/travis/build/icyphy/ptII/ptolemy/actor/lib/fmi/test/auto/linux-amd64/FMUQSSAirToOulet2_QSS1.xml
----------------- Instantiating /home/travis/build/icyphy/ptII/ptolemy/actor/lib/fmi/test/auto/linux-amd64/FMUQSSAirToOulet2_QSS1.xml
 Number of steps: 9936
  stateEvents: 1
  stepEvents: 0
  timeEvents: 8
1755 ms. Memory: 332800K Free: 170207K (51%)
----------------- Invoking toplevel() on ptolemy.moml.MoMLSimpleApplication@1cb3f39b
----------------- Done invoking toplevel() on ptolemy.moml.MoMLSimpleApplication@1cb3f39b
reloadAllAccessors: .FMUQSSAirToOulet2_QSS1

===========================================================================================
----------------- testing Thu Jan 03 03:06:51 UTC 2019 /home/travis/build/icyphy/ptII/ptolemy/actor/lib/fmi/test/auto/linux-amd64/FMUQSSStateEvent1_QSS1.xml
----------------- Instantiating /home/travis/build/icyphy/ptII/ptolemy/actor/lib/fmi/test/auto/linux-amd64/FMUQSSStateEvent1_QSS1.xml
 Number of steps: 295
  stateEvents: 1
  stepEvents: 0
  timeEvents: 0
88 ms. Memory: 332800K Free: 152040K (46%)
----------------- Invoking toplevel() on ptolemy.moml.MoMLSimpleApplication@399680cf
----------------- Done invoking toplevel() on ptolemy.moml.MoMLSimpleApplication@399680cf
reloadAllAccessors: .FMUQSSStateEvent1_QSS1

===========================================================================================
----------------- testing Thu Jan 03 03:06:51 UTC 2019 /home/travis/build/icyphy/ptII/ptolemy/actor/lib/fmi/test/auto/linux-amd64/FMUQSSStateEvent1_QSS2.xml
----------------- Instantiating /home/travis/build/icyphy/ptII/ptolemy/actor/lib/fmi/test/auto/linux-amd64/FMUQSSStateEvent1_QSS2.xml
 Number of steps: 6179
  stateEvents: 1
  stepEvents: 0
  timeEvents: 0
994 ms. Memory: 336384K Free: 248062K (74%)
----------------- Invoking toplevel() on ptolemy.moml.MoMLSimpleApplication@1f8365b3
----------------- Done invoking toplevel() on ptolemy.moml.MoMLSimpleApplication@1f8365b3
reloadAllAccessors: .FMUQSSStateEvent1_QSS2

===========================================================================================
----------------- testing Thu Jan 03 03:06:52 UTC 2019 /home/travis/build/icyphy/ptII/ptolemy/actor/lib/fmi/test/auto/linux-amd64/FMUQSSStateEvent1_QSS3.xml
----------------- Instantiating /home/travis/build/icyphy/ptII/ptolemy/actor/lib/fmi/test/auto/linux-amd64/FMUQSSStateEvent1_QSS3.xml
 Number of steps: 1067
  stateEvents: 1
  stepEvents: 0
  timeEvents: 0
174 ms. Memory: 336384K Free: 216580K (64%)
----------------- Invoking toplevel() on ptolemy.moml.MoMLSimpleApplication@33a814f
----------------- Done invoking toplevel() on ptolemy.moml.MoMLSimpleApplication@33a814f
reloadAllAccessors: .FMUQSSStateEvent1_QSS3

===========================================================================================
----------------- testing Thu Jan 03 03:06:53 UTC 2019 /home/travis/build/icyphy/ptII/ptolemy/actor/lib/fmi/test/auto/linux-amd64/FMUQSSStateEvent2_QSS1.xml
----------------- Instantiating /home/travis/build/icyphy/ptII/ptolemy/actor/lib/fmi/test/auto/linux-amd64/FMUQSSStateEvent2_QSS1.xml
 Number of steps: 3368
  stateEvents: 8
  stepEvents: 0
  timeEvents: 0
512 ms. Memory: 336384K Free: 130605K (39%)
----------------- Invoking toplevel() on ptolemy.moml.MoMLSimpleApplication@1d9a5357
----------------- Done invoking toplevel() on ptolemy.moml.MoMLSimpleApplication@1d9a5357
reloadAllAccessors: .FMUQSSStateEvent2_QSS1

===========================================================================================
----------------- testing Thu Jan 03 03:06:53 UTC 2019 /home/travis/build/icyphy/ptII/ptolemy/actor/lib/fmi/test/auto/linux-amd64/FMUQSSStateEvent2_QSS2.xml
----------------- Instantiating /home/travis/build/icyphy/ptII/ptolemy/actor/lib/fmi/test/auto/linux-amd64/FMUQSSStateEvent2_QSS2.xml
 Number of steps: 2499
  stateEvents: 8
  stepEvents: 0
  timeEvents: 0
686 ms. Memory: 580608K Free: 493982K (85%)
----------------- Invoking toplevel() on ptolemy.moml.MoMLSimpleApplication@360f74c
----------------- Done invoking toplevel() on ptolemy.moml.MoMLSimpleApplication@360f74c
reloadAllAccessors: .FMUQSSStateEvent2_QSS2

===========================================================================================
----------------- testing Thu Jan 03 03:06:54 UTC 2019 /home/travis/build/icyphy/ptII/ptolemy/actor/lib/fmi/test/auto/linux-amd64/FMUQSSStateEvent4_QSS1.xml
----------------- Instantiating /home/travis/build/icyphy/ptII/ptolemy/actor/lib/fmi/test/auto/linux-amd64/FMUQSSStateEvent4_QSS1.xml
 Number of steps: 707
  stateEvents: 1
  stepEvents: 0
  timeEvents: 1
104 ms. Memory: 580608K Free: 466086K (80%)
----------------- Invoking toplevel() on ptolemy.moml.MoMLSimpleApplication@45aeb48e
----------------- Done invoking toplevel() on ptolemy.moml.MoMLSimpleApplication@45aeb48e
reloadAllAccessors: .FMUQSSStateEvent4_QSS1

===========================================================================================
----------------- testing Thu Jan 03 03:06:54 UTC 2019 /home/travis/build/icyphy/ptII/ptolemy/actor/lib/fmi/test/auto/linux-amd64/FMUQSSStateEvent4_QSS2.xml
----------------- Instantiating /home/travis/build/icyphy/ptII/ptolemy/actor/lib/fmi/test/auto/linux-amd64/FMUQSSStateEvent4_QSS2.xml
 Number of steps: 528
  stateEvents: 1
  stepEvents: 0
  timeEvents: 1
74 ms. Memory: 580608K Free: 449295K (77%)
----------------- Invoking toplevel() on ptolemy.moml.MoMLSimpleApplication@5b85ce19
----------------- Done invoking toplevel() on ptolemy.moml.MoMLSimpleApplication@5b85ce19
reloadAllAccessors: .FMUQSSStateEvent4_QSS2

===========================================================================================
----------------- testing Thu Jan 03 03:06:54 UTC 2019 /home/travis/build/icyphy/ptII/ptolemy/actor/lib/fmi/test/auto/linux-amd64/FMUQSSStateEvent4_QSS3.xml
----------------- Instantiating /home/travis/build/icyphy/ptII/ptolemy/actor/lib/fmi/test/auto/linux-amd64/FMUQSSStateEvent4_QSS3.xml
 Number of steps: 546
  stateEvents: 1
  stepEvents: 0
  timeEvents: 1
87 ms. Memory: 580608K Free: 430105K (74%)
----------------- Invoking toplevel() on ptolemy.moml.MoMLSimpleApplication@2e62b8f7
----------------- Done invoking toplevel() on ptolemy.moml.MoMLSimpleApplication@2e62b8f7
reloadAllAccessors: .FMUQSSStateEvent4_QSS3

===========================================================================================
----------------- testing Thu Jan 03 03:06:54 UTC 2019 /home/travis/build/icyphy/ptII/ptolemy/actor/lib/fmi/test/auto/linux-amd64/FMUQSSStateEvent5_QSS1.xml
----------------- Instantiating /home/travis/build/icyphy/ptII/ptolemy/actor/lib/fmi/test/auto/linux-amd64/FMUQSSStateEvent5_QSS1.xml
 Number of steps: 991
  stateEvents: 2
  stepEvents: 0
  timeEvents: 0
140 ms. Memory: 580608K Free: 398921K (69%)
----------------- Invoking toplevel() on ptolemy.moml.MoMLSimpleApplication@699b418
----------------- Done invoking toplevel() on ptolemy.moml.MoMLSimpleApplication@699b418
reloadAllAccessors: .FMUQSSStateEvent5_QSS1

===========================================================================================
----------------- testing Thu Jan 03 03:06:55 UTC 2019 /home/travis/build/icyphy/ptII/ptolemy/actor/lib/fmi/test/auto/linux-amd64/FMUQSSStateEvent5_QSS2.xml
----------------- Instantiating /home/travis/build/icyphy/ptII/ptolemy/actor/lib/fmi/test/auto/linux-amd64/FMUQSSStateEvent5_QSS2.xml
 Number of steps: 3082
  stateEvents: 2
  stepEvents: 0
  timeEvents: 0
358 ms. Memory: 580608K Free: 326958K (56%)
----------------- Invoking toplevel() on ptolemy.moml.MoMLSimpleApplication@64ebd774
----------------- Done invoking toplevel() on ptolemy.moml.MoMLSimpleApplication@64ebd774
reloadAllAccessors: .FMUQSSStateEvent5_QSS2

===========================================================================================
----------------- testing Thu Jan 03 03:06:55 UTC 2019 /home/travis/build/icyphy/ptII/ptolemy/actor/lib/fmi/test/auto/linux-amd64/FMUQSSStateEvent5_QSS3.xml
----------------- Instantiating /home/travis/build/icyphy/ptII/ptolemy/actor/lib/fmi/test/auto/linux-amd64/FMUQSSStateEvent5_QSS3.xml
 Number of steps: 416
  stateEvents: 2
  stepEvents: 0
  timeEvents: 0
64 ms. Memory: 580608K Free: 310167K (53%)
----------------- Invoking toplevel() on ptolemy.moml.MoMLSimpleApplication@292abfed
----------------- Done invoking toplevel() on ptolemy.moml.MoMLSimpleApplication@292abfed
reloadAllAccessors: .FMUQSSStateEvent5_QSS3

===========================================================================================
----------------- testing Thu Jan 03 03:06:55 UTC 2019 /home/travis/build/icyphy/ptII/ptolemy/actor/lib/fmi/test/auto/linux-amd64/FMUQSSStateEvent6_QSS1.xml
----------------- Instantiating /home/travis/build/icyphy/ptII/ptolemy/actor/lib/fmi/test/auto/linux-amd64/FMUQSSStateEvent6_QSS1.xml
 Number of steps: 4328
  stateEvents: 8
  stepEvents: 0
  timeEvents: 0
540 ms. Memory: 580608K Free: 204622K (35%)
----------------- Invoking toplevel() on ptolemy.moml.MoMLSimpleApplication@387a8280
----------------- Done invoking toplevel() on ptolemy.moml.MoMLSimpleApplication@387a8280
reloadAllAccessors: .FMUQSSStateEvent6_QSS1

===========================================================================================
----------------- testing Thu Jan 03 03:06:56 UTC 2019 /home/travis/build/icyphy/ptII/ptolemy/actor/lib/fmi/test/auto/linux-amd64/FMUQSSStateEvent6_QSS2.xml
----------------- Instantiating /home/travis/build/icyphy/ptII/ptolemy/actor/lib/fmi/test/auto/linux-amd64/FMUQSSStateEvent6_QSS2.xml
 Number of steps: 2682
  stateEvents: 9
  stepEvents: 0
  timeEvents: 0
517 ms. Memory: 580608K Free: 91880K (16%)
----------------- Invoking toplevel() on ptolemy.moml.MoMLSimpleApplication@413fd48e
----------------- Done invoking toplevel() on ptolemy.moml.MoMLSimpleApplication@413fd48e
reloadAllAccessors: .FMUQSSStateEvent6_QSS2
AutoTests.java: About to close Vertx.
AutoTests.java: Vertx closed.

===========================================================================================
----------------- testing Thu Jan 03 03:06:57 UTC 2019 /home/travis/build/icyphy/ptII/ptolemy/actor/lib/fmi/test/auto/FMU30Inc.xml
----------------- Instantiating /home/travis/build/icyphy/ptII/ptolemy/actor/lib/fmi/test/auto/FMU30Inc.xml
223 ms. Memory: 585216K Free: 464109K (79%)
----------------- Invoking toplevel() on ptolemy.moml.MoMLSimpleApplication@1abbc876
----------------- Done invoking toplevel() on ptolemy.moml.MoMLSimpleApplication@1abbc876
reloadAllAccessors: .FMU30Inc

===========================================================================================
----------------- testing Thu Jan 03 03:06:57 UTC 2019 /home/travis/build/icyphy/ptII/ptolemy/actor/lib/fmi/test/auto/FMUBouncingBall.xml
----------------- Instantiating /home/travis/build/icyphy/ptII/ptolemy/actor/lib/fmi/test/auto/FMUBouncingBall.xml
127 ms. Memory: 585216K Free: 446039K (76%)
----------------- Invoking toplevel() on ptolemy.moml.MoMLSimpleApplication@3ffec091
----------------- Done invoking toplevel() on ptolemy.moml.MoMLSimpleApplication@3ffec091
reloadAllAccessors: .FMUBouncingBall

===========================================================================================
----------------- testing Thu Jan 03 03:06:57 UTC 2019 /home/travis/build/icyphy/ptII/ptolemy/actor/lib/fmi/test/auto/FMUBouncingBallME20.xml
----------------- Instantiating /home/travis/build/icyphy/ptII/ptolemy/actor/lib/fmi/test/auto/FMUBouncingBallME20.xml
155 ms. Memory: 585216K Free: 428768K (73%)
----------------- Invoking toplevel() on ptolemy.moml.MoMLSimpleApplication@3f63ca6
----------------- Done invoking toplevel() on ptolemy.moml.MoMLSimpleApplication@3f63ca6
reloadAllAccessors: .FMUBouncingBallME20

===========================================================================================
----------------- testing Thu Jan 03 03:06:58 UTC 2019 /home/travis/build/icyphy/ptII/ptolemy/actor/lib/fmi/test/auto/FMUDQ.xml
----------------- Instantiating /home/travis/build/icyphy/ptII/ptolemy/actor/lib/fmi/test/auto/FMUDQ.xml
12 ms. Memory: 585216K Free: 421092K (72%)
----------------- Invoking toplevel() on ptolemy.moml.MoMLSimpleApplication@486a0e17
----------------- Done invoking toplevel() on ptolemy.moml.MoMLSimpleApplication@486a0e17
reloadAllAccessors: .FMUDQ

===========================================================================================
----------------- testing Thu Jan 03 03:06:58 UTC 2019 /home/travis/build/icyphy/ptII/ptolemy/actor/lib/fmi/test/auto/FMUDq20.xml
----------------- Instantiating /home/travis/build/icyphy/ptII/ptolemy/actor/lib/fmi/test/auto/FMUDq20.xml
30 ms. Memory: 585216K Free: 407659K (70%)
----------------- Invoking toplevel() on ptolemy.moml.MoMLSimpleApplication@371756e5
----------------- Done invoking toplevel() on ptolemy.moml.MoMLSimpleApplication@371756e5
reloadAllAccessors: .FMUDq20

===========================================================================================
----------------- testing Thu Jan 03 03:06:58 UTC 2019 /home/travis/build/icyphy/ptII/ptolemy/actor/lib/fmi/test/auto/FMUDqME20.xml
----------------- Instantiating /home/travis/build/icyphy/ptII/ptolemy/actor/lib/fmi/test/auto/FMUDqME20.xml
13 ms. Memory: 585216K Free: 398064K (68%)
----------------- Invoking toplevel() on ptolemy.moml.MoMLSimpleApplication@139f95ed
----------------- Done invoking toplevel() on ptolemy.moml.MoMLSimpleApplication@139f95ed
reloadAllAccessors: .FMUDqME20

===========================================================================================
----------------- testing Thu Jan 03 03:06:58 UTC 2019 /home/travis/build/icyphy/ptII/ptolemy/actor/lib/fmi/test/auto/FMUFourInputsFourOutputsME20.xml
----------------- Instantiating /home/travis/build/icyphy/ptII/ptolemy/actor/lib/fmi/test/auto/FMUFourInputsFourOutputsME20.xml
16 ms. Memory: 585216K Free: 386550K (66%)
----------------- Invoking toplevel() on ptolemy.moml.MoMLSimpleApplication@59f9fd51
----------------- Done invoking toplevel() on ptolemy.moml.MoMLSimpleApplication@59f9fd51
reloadAllAccessors: .FMUFourInputsFourOutputsME20

===========================================================================================
----------------- testing Thu Jan 03 03:06:58 UTC 2019 /home/travis/build/icyphy/ptII/ptolemy/actor/lib/fmi/test/auto/FMUHeaterFlowResistance.xml
----------------- Instantiating /home/travis/build/icyphy/ptII/ptolemy/actor/lib/fmi/test/auto/FMUHeaterFlowResistance.xml
FMU Builder messages:

Attempting to build /tmp/FMUFile7096757457128476979.tmp/binaries/linux64/heaterFlowResistance.so
architecture: linux64 isWindows: false  command: make target: linux64
make ARCH=linux64 CBITSFLAGS=-fvisibility=hidden PIC=-fPIC SHARED_LIBRARY_SUFFIX=so heaterFlowResistance.so
make[1]: Entering directory `/tmp/FMUFile7096757457128476979.tmp/sources'
echo `pwd`
/tmp/FMUFile7096757457128476979.tmp/sources
cc -g -c -fvisibility=hidden -fPIC -Wall -DFMI_COSIMULATION -I.  heaterFlowResistance.c -o heaterFlowResistance.o
Creating ../binaries/linux64/
cc -fvisibility=hidden -g -Wall -shared -Wl,-soname,heaterFlowResistance.so -DFMI_COSIMULATION -I. -o ../binaries/linux64/heaterFlowResistance.so heaterFlowResistance.o 
rm heaterFlowResistance.o
make[1]: Leaving directory `/tmp/FMUFile7096757457128476979.tmp/sources'

127 ms. Memory: 585216K Free: 366833K (63%)
----------------- Invoking toplevel() on ptolemy.moml.MoMLSimpleApplication@11491473
----------------- Done invoking toplevel() on ptolemy.moml.MoMLSimpleApplication@11491473
reloadAllAccessors: .FMUHeaterFlowResistance

===========================================================================================
----------------- testing Thu Jan 03 03:06:58 UTC 2019 /home/travis/build/icyphy/ptII/ptolemy/actor/lib/fmi/test/auto/FMUHelloWorld.xml
----------------- Instantiating /home/travis/build/icyphy/ptII/ptolemy/actor/lib/fmi/test/auto/FMUHelloWorld.xml
13 ms. Memory: 585216K Free: 361060K (62%)
----------------- Invoking toplevel() on ptolemy.moml.MoMLSimpleApplication@26073a2
----------------- Done invoking toplevel() on ptolemy.moml.MoMLSimpleApplication@26073a2
reloadAllAccessors: .FMUHelloWorld

===========================================================================================
----------------- testing Thu Jan 03 03:06:58 UTC 2019 /home/travis/build/icyphy/ptII/ptolemy/actor/lib/fmi/test/auto/FMUHelloWorldUnBuilt.xml
----------------- Instantiating /home/travis/build/icyphy/ptII/ptolemy/actor/lib/fmi/test/auto/FMUHelloWorldUnBuilt.xml
FMU Builder messages:

Attempting to build /tmp/FMUFile6920767073069399484.tmp/binaries/linux64/helloWorld.so
architecture: linux64 isWindows: false  command: make target: linux64
make ARCH=linux64 CBITSFLAGS=-fvisibility=hidden PIC=-fPIC SHARED_LIBRARY_SUFFIX=so helloWorld.so
make[1]: Entering directory `/tmp/FMUFile6920767073069399484.tmp/sources'
echo `pwd`
/tmp/FMUFile6920767073069399484.tmp/sources
cc -g -c -fvisibility=hidden -fPIC -Wall -DFMI_COSIMULATION -I.  helloWorld.c -o helloWorld.o
Creating ../binaries/linux64/
cc -fvisibility=hidden -g -Wall -shared -Wl,-soname,helloWorld.so -DFMI_COSIMULATION -I. -o ../binaries/linux64/helloWorld.so helloWorld.o 
rm helloWorld.o
make[1]: Leaving directory `/tmp/FMUFile6920767073069399484.tmp/sources'

77 ms. Memory: 585216K Free: 351465K (60%)
----------------- Invoking toplevel() on ptolemy.moml.MoMLSimpleApplication@16c19890
----------------- Done invoking toplevel() on ptolemy.moml.MoMLSimpleApplication@16c19890
reloadAllAccessors: .FMUHelloWorldUnBuilt

===========================================================================================
----------------- testing Thu Jan 03 03:06:58 UTC 2019 /home/travis/build/icyphy/ptII/ptolemy/actor/lib/fmi/test/auto/FMUInc.xml
----------------- Instantiating /home/travis/build/icyphy/ptII/ptolemy/actor/lib/fmi/test/auto/FMUInc.xml
7 ms. Memory: 585216K Free: 345708K (59%)
----------------- Invoking toplevel() on ptolemy.moml.MoMLSimpleApplication@2de42939
----------------- Done invoking toplevel() on ptolemy.moml.MoMLSimpleApplication@2de42939
reloadAllAccessors: .FMUInc

===========================================================================================
----------------- testing Thu Jan 03 03:06:58 UTC 2019 /home/travis/build/icyphy/ptII/ptolemy/actor/lib/fmi/test/auto/FMUInc2.xml
----------------- Instantiating /home/travis/build/icyphy/ptII/ptolemy/actor/lib/fmi/test/auto/FMUInc2.xml
20 ms. Memory: 585216K Free: 339935K (58%)
----------------- Invoking toplevel() on ptolemy.moml.MoMLSimpleApplication@1dfac3ef
----------------- Done invoking toplevel() on ptolemy.moml.MoMLSimpleApplication@1dfac3ef
reloadAllAccessors: .FMUInc2

===========================================================================================
----------------- testing Thu Jan 03 03:06:58 UTC 2019 /home/travis/build/icyphy/ptII/ptolemy/actor/lib/fmi/test/auto/FMUIncME1.xml
----------------- Instantiating /home/travis/build/icyphy/ptII/ptolemy/actor/lib/fmi/test/auto/FMUIncME1.xml
14 ms. Memory: 585216K Free: 334178K (57%)
----------------- Invoking toplevel() on ptolemy.moml.MoMLSimpleApplication@205af926
----------------- Done invoking toplevel() on ptolemy.moml.MoMLSimpleApplication@205af926
reloadAllAccessors: .FMUIncME1

===========================================================================================
----------------- testing Thu Jan 03 03:06:58 UTC 2019 /home/travis/build/icyphy/ptII/ptolemy/actor/lib/fmi/test/auto/FMUIncME20.xml
----------------- Instantiating /home/travis/build/icyphy/ptII/ptolemy/actor/lib/fmi/test/auto/FMUIncME20.xml
13 ms. Memory: 585216K Free: 326918K (56%)
----------------- Invoking toplevel() on ptolemy.moml.MoMLSimpleApplication@24b333f5
----------------- Done invoking toplevel() on ptolemy.moml.MoMLSimpleApplication@24b333f5
reloadAllAccessors: .FMUIncME20

===========================================================================================
----------------- testing Thu Jan 03 03:06:58 UTC 2019 /home/travis/build/icyphy/ptII/ptolemy/actor/lib/fmi/test/auto/FMUIncScale20RC1pt.xml
----------------- Instantiating /home/travis/build/icyphy/ptII/ptolemy/actor/lib/fmi/test/auto/FMUIncScale20RC1pt.xml
15 ms. Memory: 585216K Free: 319226K (55%)
----------------- Invoking toplevel() on ptolemy.moml.MoMLSimpleApplication@5389662e
----------------- Done invoking toplevel() on ptolemy.moml.MoMLSimpleApplication@5389662e
reloadAllAccessors: .FMUIncScale20RC1pt

===========================================================================================
----------------- testing Thu Jan 03 03:06:58 UTC 2019 /home/travis/build/icyphy/ptII/ptolemy/actor/lib/fmi/test/auto/FMULevelStairs.xml
----------------- Instantiating /home/travis/build/icyphy/ptII/ptolemy/actor/lib/fmi/test/auto/FMULevelStairs.xml
30 ms. Memory: 585216K Free: 313453K (54%)
----------------- Invoking toplevel() on ptolemy.moml.MoMLSimpleApplication@23b76dfd
----------------- Done invoking toplevel() on ptolemy.moml.MoMLSimpleApplication@23b76dfd
reloadAllAccessors: .FMULevelStairs

===========================================================================================
----------------- testing Thu Jan 03 03:06:58 UTC 2019 /home/travis/build/icyphy/ptII/ptolemy/actor/lib/fmi/test/auto/FMUPumpConstantSpeed.xml
----------------- Instantiating /home/travis/build/icyphy/ptII/ptolemy/actor/lib/fmi/test/auto/FMUPumpConstantSpeed.xml
FMU Builder messages:

Attempting to build /tmp/FMUFile2517919173572593547.tmp/binaries/linux64/pumpConstantSpeed.so
architecture: linux64 isWindows: false  command: make target: linux64
make ARCH=linux64 CBITSFLAGS=-fvisibility=hidden PIC=-fPIC SHARED_LIBRARY_SUFFIX=so pumpConstantSpeed.so
make[1]: Entering directory `/tmp/FMUFile2517919173572593547.tmp/sources'
echo `pwd`
/tmp/FMUFile2517919173572593547.tmp/sources
cc -g -c -fvisibility=hidden -fPIC -Wall -DFMI_COSIMULATION -I.  pumpConstantSpeed.c -o pumpConstantSpeed.o
Creating ../binaries/linux64/
cc -fvisibility=hidden -g -Wall -shared -Wl,-soname,pumpConstantSpeed.so -DFMI_COSIMULATION -I. -o ../binaries/linux64/pumpConstantSpeed.so pumpConstantSpeed.o 
rm pumpConstantSpeed.o
make[1]: Leaving directory `/tmp/FMUFile2517919173572593547.tmp/sources'

80 ms. Memory: 585216K Free: 300020K (51%)
----------------- Invoking toplevel() on ptolemy.moml.MoMLSimpleApplication@48f79026
----------------- Done invoking toplevel() on ptolemy.moml.MoMLSimpleApplication@48f79026
reloadAllAccessors: .FMUPumpConstantSpeed

===========================================================================================
----------------- testing Thu Jan 03 03:06:58 UTC 2019 /home/travis/build/icyphy/ptII/ptolemy/actor/lib/fmi/test/auto/FMUQSSTankOpen.xml
----------------- Instantiating /home/travis/build/icyphy/ptII/ptolemy/actor/lib/fmi/test/auto/FMUQSSTankOpen.xml
FMU Builder messages:

Attempting to build /tmp/FMUFile8770845413706717826.tmp/binaries/linux64/tankOpen.so
architecture: linux64 isWindows: false  command: make target: linux64
make ARCH=linux64 CBITSFLAGS=-fvisibility=hidden PIC=-fPIC SHARED_LIBRARY_SUFFIX=so tankOpen.so
make[1]: Entering directory `/tmp/FMUFile8770845413706717826.tmp/sources'
echo `pwd`
/tmp/FMUFile8770845413706717826.tmp/sources
cc -g -c -fvisibility=hidden -fPIC -Wall -DFMI_COSIMULATION -I.  tankOpen.c -o tankOpen.o
Creating ../binaries/linux64/
cc -fvisibility=hidden -g -Wall -shared -Wl,-soname,tankOpen.so -DFMI_COSIMULATION -I. -o ../binaries/linux64/tankOpen.so tankOpen.o -lm
rm tankOpen.o
make[1]: Leaving directory `/tmp/FMUFile8770845413706717826.tmp/sources'

 Number of steps: 39894
  stateEvents: 0
  stepEvents: 0
  timeEvents: 0
2663 ms. Memory: 883200K Free: 742982K (84%)
----------------- Invoking toplevel() on ptolemy.moml.MoMLSimpleApplication@126b06e6
----------------- Done invoking toplevel() on ptolemy.moml.MoMLSimpleApplication@126b06e6
reloadAllAccessors: .FMUQSSTankOpen

===========================================================================================
----------------- testing Thu Jan 03 03:07:01 UTC 2019 /home/travis/build/icyphy/ptII/ptolemy/actor/lib/fmi/test/auto/FMUSDFBouncingBall.xml
----------------- Instantiating /home/travis/build/icyphy/ptII/ptolemy/actor/lib/fmi/test/auto/FMUSDFBouncingBall.xml
4 ms. Memory: 883200K Free: 730301K (83%)
----------------- Invoking toplevel() on ptolemy.moml.MoMLSimpleApplication@336ce59e
----------------- Done invoking toplevel() on ptolemy.moml.MoMLSimpleApplication@336ce59e
reloadAllAccessors: .FMUSDFBouncingBall

===========================================================================================
----------------- testing Thu Jan 03 03:07:01 UTC 2019 /home/travis/build/icyphy/ptII/ptolemy/actor/lib/fmi/test/auto/FMUSDFBouncingBall20.xml
----------------- Instantiating /home/travis/build/icyphy/ptII/ptolemy/actor/lib/fmi/test/auto/FMUSDFBouncingBall20.xml
133 ms. Memory: 883200K Free: 687297K (78%)
----------------- Invoking toplevel() on ptolemy.moml.MoMLSimpleApplication@4cc104f9
----------------- Done invoking toplevel() on ptolemy.moml.MoMLSimpleApplication@4cc104f9
reloadAllAccessors: .FMUSDFBouncingBall20

===========================================================================================
----------------- testing Thu Jan 03 03:07:01 UTC 2019 /home/travis/build/icyphy/ptII/ptolemy/actor/lib/fmi/test/auto/FMUSDFBouncingBall20RC1.xml
----------------- Instantiating /home/travis/build/icyphy/ptII/ptolemy/actor/lib/fmi/test/auto/FMUSDFBouncingBall20RC1.xml
10 ms. Memory: 883200K Free: 678071K (77%)
----------------- Invoking toplevel() on ptolemy.moml.MoMLSimpleApplication@1a874cbe
----------------- Done invoking toplevel() on ptolemy.moml.MoMLSimpleApplication@1a874cbe
reloadAllAccessors: .FMUSDFBouncingBall20RC1

===========================================================================================
----------------- testing Thu Jan 03 03:07:01 UTC 2019 /home/travis/build/icyphy/ptII/ptolemy/actor/lib/fmi/test/auto/FMUSDFInc20.xml
----------------- Instantiating /home/travis/build/icyphy/ptII/ptolemy/actor/lib/fmi/test/auto/FMUSDFInc20.xml
8 ms. Memory: 883200K Free: 668861K (76%)
----------------- Invoking toplevel() on ptolemy.moml.MoMLSimpleApplication@4a83503c
----------------- Done invoking toplevel() on ptolemy.moml.MoMLSimpleApplication@4a83503c
reloadAllAccessors: .FMUSDFInc20

===========================================================================================
----------------- testing Thu Jan 03 03:07:01 UTC 2019 /home/travis/build/icyphy/ptII/ptolemy/actor/lib/fmi/test/auto/FMUStairs.xml
----------------- Instantiating /home/travis/build/icyphy/ptII/ptolemy/actor/lib/fmi/test/auto/FMUStairs.xml
25 ms. Memory: 883200K Free: 659635K (75%)
----------------- Invoking toplevel() on ptolemy.moml.MoMLSimpleApplication@701e2cb6
----------------- Done invoking toplevel() on ptolemy.moml.MoMLSimpleApplication@701e2cb6
reloadAllAccessors: .FMUStairs

===========================================================================================
----------------- testing Thu Jan 03 03:07:01 UTC 2019 /home/travis/build/icyphy/ptII/ptolemy/actor/lib/fmi/test/auto/FMUStepCounter1.xml
----------------- Instantiating /home/travis/build/icyphy/ptII/ptolemy/actor/lib/fmi/test/auto/FMUStepCounter1.xml
FMU Builder messages:

Attempting to build /tmp/FMUFile454743780332251534.tmp/binaries/linux64/stepCounter1.so
architecture: linux64 isWindows: false  command: make target: linux64
make ARCH=linux64 CBITSFLAGS=-fvisibility=hidden PIC=-fPIC SHARED_LIBRARY_SUFFIX=so stepCounter1.so
make[1]: Entering directory `/tmp/FMUFile454743780332251534.tmp/sources'
echo `pwd`
/tmp/FMUFile454743780332251534.tmp/sources
cc -g -c -fvisibility=hidden -fPIC -Wall -DFMI_COSIMULATION -I.  stepCounter1.c -o stepCounter1.o
Creating ../binaries/linux64/
cc -fvisibility=hidden -g -Wall -shared -Wl,-soname,stepCounter1.so -DFMI_COSIMULATION -I. -o ../binaries/linux64/stepCounter1.so stepCounter1.o 
rm stepCounter1.o
make[1]: Leaving directory `/tmp/FMUFile454743780332251534.tmp/sources'

86 ms. Memory: 883200K Free: 639281K (72%)
----------------- Invoking toplevel() on ptolemy.moml.MoMLSimpleApplication@77ab4524
----------------- Done invoking toplevel() on ptolemy.moml.MoMLSimpleApplication@77ab4524
reloadAllAccessors: .FMUStepCounter1

===========================================================================================
----------------- testing Thu Jan 03 03:07:02 UTC 2019 /home/travis/build/icyphy/ptII/ptolemy/actor/lib/fmi/test/auto/FMUStepCounter2.xml
----------------- Instantiating /home/travis/build/icyphy/ptII/ptolemy/actor/lib/fmi/test/auto/FMUStepCounter2.xml
FMU Builder messages:

Attempting to build /tmp/FMUFile2452388933784222270.tmp/binaries/linux64/stepCounter.so
architecture: linux64 isWindows: false  command: make target: linux64
make ARCH=linux64 CBITSFLAGS=-fvisibility=hidden PIC=-fPIC SHARED_LIBRARY_SUFFIX=so stepCounter.so
make[1]: Entering directory `/tmp/FMUFile2452388933784222270.tmp/sources'
echo `pwd`
/tmp/FMUFile2452388933784222270.tmp/sources
cc -g -c -fvisibility=hidden -fPIC -Wall -DFMI_COSIMULATION -I.  stepCounter.c -o stepCounter.o
Creating ../binaries/linux64/
cc -fvisibility=hidden -g -Wall -shared -Wl,-soname,stepCounter.so -DFMI_COSIMULATION -I. -o ../binaries/linux64/stepCounter.so stepCounter.o 
rm stepCounter.o
make[1]: Leaving directory `/tmp/FMUFile2452388933784222270.tmp/sources'

97 ms. Memory: 883200K Free: 622322K (70%)
----------------- Invoking toplevel() on ptolemy.moml.MoMLSimpleApplication@65f13875
----------------- Done invoking toplevel() on ptolemy.moml.MoMLSimpleApplication@65f13875
reloadAllAccessors: .FMUStepCounter2

===========================================================================================
----------------- testing Thu Jan 03 03:07:02 UTC 2019 /home/travis/build/icyphy/ptII/ptolemy/actor/lib/fmi/test/auto/FMUStepCounterContinuous1.xml
----------------- Instantiating /home/travis/build/icyphy/ptII/ptolemy/actor/lib/fmi/test/auto/FMUStepCounterContinuous1.xml
8 ms. Memory: 883200K Free: 616182K (70%)
----------------- Invoking toplevel() on ptolemy.moml.MoMLSimpleApplication@2de47ec
----------------- Done invoking toplevel() on ptolemy.moml.MoMLSimpleApplication@2de47ec
reloadAllAccessors: .FMUStepCounterContinuous

===========================================================================================
----------------- testing Thu Jan 03 03:07:02 UTC 2019 /home/travis/build/icyphy/ptII/ptolemy/actor/lib/fmi/test/auto/FMUStepCounterContinuous2.xml
----------------- Instantiating /home/travis/build/icyphy/ptII/ptolemy/actor/lib/fmi/test/auto/FMUStepCounterContinuous2.xml
12 ms. Memory: 883200K Free: 610042K (69%)
----------------- Invoking toplevel() on ptolemy.moml.MoMLSimpleApplication@1db9ef1e
----------------- Done invoking toplevel() on ptolemy.moml.MoMLSimpleApplication@1db9ef1e
reloadAllAccessors: .FMUStepCounterContinuous2

===========================================================================================
----------------- testing Thu Jan 03 03:07:02 UTC 2019 /home/travis/build/icyphy/ptII/ptolemy/actor/lib/fmi/test/auto/FMUStepCounterContinuousTwoFMUs1.xml
----------------- Instantiating /home/travis/build/icyphy/ptII/ptolemy/actor/lib/fmi/test/auto/FMUStepCounterContinuousTwoFMUs1.xml
16 ms. Memory: 883200K Free: 600817K (68%)
----------------- Invoking toplevel() on ptolemy.moml.MoMLSimpleApplication@5f2424d5
----------------- Done invoking toplevel() on ptolemy.moml.MoMLSimpleApplication@5f2424d5
reloadAllAccessors: .FMUStepCounterContinuousTwoFMUs

===========================================================================================
----------------- testing Thu Jan 03 03:07:02 UTC 2019 /home/travis/build/icyphy/ptII/ptolemy/actor/lib/fmi/test/auto/FMUStepCounterContinuousTwoFMUs2.xml
----------------- Instantiating /home/travis/build/icyphy/ptII/ptolemy/actor/lib/fmi/test/auto/FMUStepCounterContinuousTwoFMUs2.xml
27 ms. Memory: 883200K Free: 591591K (67%)
----------------- Invoking toplevel() on ptolemy.moml.MoMLSimpleApplication@6c3db17f
----------------- Done invoking toplevel() on ptolemy.moml.MoMLSimpleApplication@6c3db17f
reloadAllAccessors: .FMUStepCounterContinuousTwoFMUs2

===========================================================================================
----------------- testing Thu Jan 03 03:07:02 UTC 2019 /home/travis/build/icyphy/ptII/ptolemy/actor/lib/fmi/test/auto/FMUStepCounterExtendedFMI.xml
----------------- Instantiating /home/travis/build/icyphy/ptII/ptolemy/actor/lib/fmi/test/auto/FMUStepCounterExtendedFMI.xml
FMU Builder messages:

Attempting to build /tmp/FMUFile5346425299307647046.tmp/binaries/linux64/stepCounterExtendedFMI.so
architecture: linux64 isWindows: false  command: make target: linux64
make ARCH=linux64 CBITSFLAGS=-fvisibility=hidden PIC=-fPIC SHARED_LIBRARY_SUFFIX=so stepCounterExtendedFMI.so
make[1]: Entering directory `/tmp/FMUFile5346425299307647046.tmp/sources'
echo `pwd`
/tmp/FMUFile5346425299307647046.tmp/sources
cc -g -c -fvisibility=hidden -fPIC -Wall -DFMI_COSIMULATION -I.  stepCounterExtendedFMI.c -o stepCounterExtendedFMI.o
Creating ../binaries/linux64/
cc -fvisibility=hidden -g -Wall -shared -Wl,-soname,stepCounterExtendedFMI.so -DFMI_COSIMULATION -I. -o ../binaries/linux64/stepCounterExtendedFMI.so stepCounterExtendedFMI.o 
rm stepCounterExtendedFMI.o
make[1]: Leaving directory `/tmp/FMUFile5346425299307647046.tmp/sources'

102 ms. Memory: 883200K Free: 576225K (65%)
----------------- Invoking toplevel() on ptolemy.moml.MoMLSimpleApplication@68e206fe
----------------- Done invoking toplevel() on ptolemy.moml.MoMLSimpleApplication@68e206fe
reloadAllAccessors: .FMUStepCounterExtendedFMI

===========================================================================================
----------------- testing Thu Jan 03 03:07:02 UTC 2019 /home/travis/build/icyphy/ptII/ptolemy/actor/lib/fmi/test/auto/FMUStepCounterPeriodInNameContinuous2.xml
----------------- Instantiating /home/travis/build/icyphy/ptII/ptolemy/actor/lib/fmi/test/auto/FMUStepCounterPeriodInNameContinuous2.xml
FMU Builder messages:

Attempting to build /tmp/FMUFile3231586817211539470.tmp/binaries/linux64/stepCounterPeriodInName.so
architecture: linux64 isWindows: false  command: make target: linux64
make ARCH=linux64 CBITSFLAGS=-fvisibility=hidden PIC=-fPIC SHARED_LIBRARY_SUFFIX=so stepCounterPeriodInName.so
make[1]: Entering directory `/tmp/FMUFile3231586817211539470.tmp/sources'
echo `pwd`
/tmp/FMUFile3231586817211539470.tmp/sources
cc -g -c -fvisibility=hidden -fPIC -Wall -DFMI_COSIMULATION -I.  stepCounterPeriodInName.c -o stepCounterPeriodInName.o
Creating ../binaries/linux64/
cc -fvisibility=hidden -g -Wall -shared -Wl,-soname,stepCounterPeriodInName.so -DFMI_COSIMULATION -I. -o ../binaries/linux64/stepCounterPeriodInName.so stepCounterPeriodInName.o 
rm stepCounterPeriodInName.o
make[1]: Leaving directory `/tmp/FMUFile3231586817211539470.tmp/sources'

114 ms. Memory: 883200K Free: 559266K (63%)
----------------- Invoking toplevel() on ptolemy.moml.MoMLSimpleApplication@3c4d8a0d
----------------- Done invoking toplevel() on ptolemy.moml.MoMLSimpleApplication@3c4d8a0d
reloadAllAccessors: .FMUStepCounterPeriodInNameContinuous2

===========================================================================================
----------------- testing Thu Jan 03 03:07:02 UTC 2019 /home/travis/build/icyphy/ptII/ptolemy/actor/lib/fmi/test/auto/FMUTankOpen.xml
----------------- Instantiating /home/travis/build/icyphy/ptII/ptolemy/actor/lib/fmi/test/auto/FMUTankOpen.xml
22 ms. Memory: 883200K Free: 546970K (62%)
----------------- Invoking toplevel() on ptolemy.moml.MoMLSimpleApplication@625da8d2
----------------- Done invoking toplevel() on ptolemy.moml.MoMLSimpleApplication@625da8d2
reloadAllAccessors: .FMUTankOpen

===========================================================================================
----------------- testing Thu Jan 03 03:07:02 UTC 2019 /home/travis/build/icyphy/ptII/ptolemy/actor/lib/fmi/test/auto/FMUTwoBallCollision.xml
----------------- Instantiating /home/travis/build/icyphy/ptII/ptolemy/actor/lib/fmi/test/auto/FMUTwoBallCollision.xml
161 ms. Memory: 883200K Free: 503910K (57%)
----------------- Invoking toplevel() on ptolemy.moml.MoMLSimpleApplication@39ece731
----------------- Done invoking toplevel() on ptolemy.moml.MoMLSimpleApplication@39ece731
reloadAllAccessors: .FMUTwoBallCollision

===========================================================================================
----------------- testing Thu Jan 03 03:07:03 UTC 2019 /home/travis/build/icyphy/ptII/ptolemy/actor/lib/fmi/test/auto/FMUValues.xml
----------------- Instantiating /home/travis/build/icyphy/ptII/ptolemy/actor/lib/fmi/test/auto/FMUValues.xml
15 ms. Memory: 883200K Free: 491599K (56%)
----------------- Invoking toplevel() on ptolemy.moml.MoMLSimpleApplication@3881c66d
----------------- Done invoking toplevel() on ptolemy.moml.MoMLSimpleApplication@3881c66d
reloadAllAccessors: .FMUValues

===========================================================================================
----------------- testing Thu Jan 03 03:07:03 UTC 2019 /home/travis/build/icyphy/ptII/ptolemy/actor/lib/fmi/test/auto/FMUValues20.xml
----------------- Instantiating /home/travis/build/icyphy/ptII/ptolemy/actor/lib/fmi/test/auto/FMUValues20.xml
10 ms. Memory: 883200K Free: 479303K (54%)
----------------- Invoking toplevel() on ptolemy.moml.MoMLSimpleApplication@723de47
----------------- Done invoking toplevel() on ptolemy.moml.MoMLSimpleApplication@723de47
reloadAllAccessors: .FMUValues20

===========================================================================================
----------------- testing Thu Jan 03 03:07:03 UTC 2019 /home/travis/build/icyphy/ptII/ptolemy/actor/lib/fmi/test/auto/FMUValuesME20.xml
----------------- Instantiating /home/travis/build/icyphy/ptII/ptolemy/actor/lib/fmi/test/auto/FMUValuesME20.xml
44 ms. Memory: 883200K Free: 460851K (52%)
----------------- Invoking toplevel() on ptolemy.moml.MoMLSimpleApplication@16b88927
----------------- Done invoking toplevel() on ptolemy.moml.MoMLSimpleApplication@16b88927
reloadAllAccessors: .FMUValuesME20

===========================================================================================
----------------- testing Thu Jan 03 03:07:03 UTC 2019 /home/travis/build/icyphy/ptII/ptolemy/actor/lib/fmi/test/auto/FMUVanDerPol.xml
----------------- Instantiating /home/travis/build/icyphy/ptII/ptolemy/actor/lib/fmi/test/auto/FMUVanDerPol.xml
5 ms. Memory: 883200K Free: 450032K (51%)
----------------- Invoking toplevel() on ptolemy.moml.MoMLSimpleApplication@719efb5a
----------------- Done invoking toplevel() on ptolemy.moml.MoMLSimpleApplication@719efb5a
reloadAllAccessors: .FMUVanDerPol

===========================================================================================
----------------- testing Thu Jan 03 03:07:03 UTC 2019 /home/travis/build/icyphy/ptII/ptolemy/actor/lib/fmi/test/auto/FMUVanDerPol20.xml
----------------- Instantiating /home/travis/build/icyphy/ptII/ptolemy/actor/lib/fmi/test/auto/FMUVanDerPol20.xml
57 ms. Memory: 883200K Free: 431597K (49%)
----------------- Invoking toplevel() on ptolemy.moml.MoMLSimpleApplication@4e6fc81d
----------------- Done invoking toplevel() on ptolemy.moml.MoMLSimpleApplication@4e6fc81d
reloadAllAccessors: .FMUVanDerPol20

===========================================================================================
----------------- testing Thu Jan 03 03:07:03 UTC 2019 /home/travis/build/icyphy/ptII/ptolemy/actor/lib/fmi/test/auto/FMUVanDerPolME20.xml
----------------- Instantiating /home/travis/build/icyphy/ptII/ptolemy/actor/lib/fmi/test/auto/FMUVanDerPolME20.xml
13 ms. Memory: 883200K Free: 416223K (47%)
----------------- Invoking toplevel() on ptolemy.moml.MoMLSimpleApplication@2764eac5
----------------- Done invoking toplevel() on ptolemy.moml.MoMLSimpleApplication@2764eac5
reloadAllAccessors: .FMUVanDerPolME20

===========================================================================================
----------------- testing Thu Jan 03 03:07:03 UTC 2019 /home/travis/build/icyphy/ptII/ptolemy/actor/lib/fmi/test/auto/FMUdq20RC1.xml
----------------- Instantiating /home/travis/build/icyphy/ptII/ptolemy/actor/lib/fmi/test/auto/FMUdq20RC1.xml
4 ms. Memory: 883200K Free: 406997K (46%)
----------------- Invoking toplevel() on ptolemy.moml.MoMLSimpleApplication@352ab9ec
----------------- Done invoking toplevel() on ptolemy.moml.MoMLSimpleApplication@352ab9ec
reloadAllAccessors: .FMUdq20RC1

===========================================================================================
----------------- testing Thu Jan 03 03:07:03 UTC 2019 /home/travis/build/icyphy/ptII/ptolemy/actor/lib/fmi/test/auto/FMUvalues20RC1.xml
----------------- Instantiating /home/travis/build/icyphy/ptII/ptolemy/actor/lib/fmi/test/auto/FMUvalues20RC1.xml
11 ms. Memory: 883200K Free: 394701K (45%)
----------------- Invoking toplevel() on ptolemy.moml.MoMLSimpleApplication@5b13065
----------------- Done invoking toplevel() on ptolemy.moml.MoMLSimpleApplication@5b13065
reloadAllAccessors: .FMUvalues20RC1

===========================================================================================
----------------- testing Thu Jan 03 03:07:03 UTC 2019 /home/travis/build/icyphy/ptII/ptolemy/actor/lib/fmi/test/auto/FMUvanDerPol20RC1.xml
----------------- Instantiating /home/travis/build/icyphy/ptII/ptolemy/actor/lib/fmi/test/auto/FMUvanDerPol20RC1.xml
7 ms. Memory: 883200K Free: 383883K (43%)
----------------- Invoking toplevel() on ptolemy.moml.MoMLSimpleApplication@59f68296
----------------- Done invoking toplevel() on ptolemy.moml.MoMLSimpleApplication@59f68296
reloadAllAccessors: .FMUvanDerPol20RC1

===========================================================================================
----------------- testing Thu Jan 03 03:07:03 UTC 2019 /home/travis/build/icyphy/ptII/ptolemy/actor/lib/fmi/test/auto/TestZeroDelayFeedback.xml
----------------- Instantiating /home/travis/build/icyphy/ptII/ptolemy/actor/lib/fmi/test/auto/TestZeroDelayFeedback.xml
FMU Builder messages:

Attempting to build /tmp/FMUFile5868291404787812320.tmp/binaries/linux64/Constant.so
architecture: linux64 isWindows: false  command: make target: linux64
make ARCH=linux64 CBITSFLAGS=-fvisibility=hidden PIC=-fPIC SHARED_LIBRARY_SUFFIX=so Constant.so
make[1]: Entering directory `/tmp/FMUFile5868291404787812320.tmp/sources'
echo `pwd`
/tmp/FMUFile5868291404787812320.tmp/sources
cc -g -c -fvisibility=hidden -fPIC -Wall -DFMI_COSIMULATION -I.  Constant.c -o Constant.o
Creating ../binaries/linux64/
cc -fvisibility=hidden -g -Wall -shared -Wl,-soname,Constant.so -DFMI_COSIMULATION -I. -o ../binaries/linux64/Constant.so Constant.o 
rm Constant.o
make[1]: Leaving directory `/tmp/FMUFile5868291404787812320.tmp/sources'

FMU Builder messages:

Attempting to build /tmp/FMUFile3172103568283462207.tmp/binaries/linux64/Integrator.so
architecture: linux64 isWindows: false  command: make target: linux64
make ARCH=linux64 CBITSFLAGS=-fvisibility=hidden PIC=-fPIC SHARED_LIBRARY_SUFFIX=so Integrator.so
make[1]: Entering directory `/tmp/FMUFile3172103568283462207.tmp/sources'
echo `pwd`
/tmp/FMUFile3172103568283462207.tmp/sources
cc -g -c -fvisibility=hidden -fPIC -Wall -DFMI_COSIMULATION -I.  Integrator.c -o Integrator.o
Integrator.c: In function ‘fmi2HybridGetMaxStepSize’:
Integrator.c:112:20: warning: unused variable ‘comp’ [-Wunused-variable]
     ModelInstance *comp = (ModelInstance *)c;
                    ^
In file included from Integrator.c:123:0:
fmuTemplate.c: In function ‘fmi2HybridDoStep’:
fmuTemplate.c:992:12: warning: variable ‘prevState’ set but not used [-Wunused-but-set-variable]
     double prevState[max(NUMBER_OF_STATES, 1)];
            ^
Creating ../binaries/linux64/
cc -fvisibility=hidden -g -Wall -shared -Wl,-soname,Integrator.so -DFMI_COSIMULATION -I. -o ../binaries/linux64/Integrator.so Integrator.o 
rm Integrator.o
make[1]: Leaving directory `/tmp/FMUFile3172103568283462207.tmp/sources'

FMU Builder messages:

Attempting to build /tmp/FMUFile3850830403287035325.tmp/binaries/linux64/Adder.so
architecture: linux64 isWindows: false  command: make target: linux64
make ARCH=linux64 CBITSFLAGS=-fvisibility=hidden PIC=-fPIC SHARED_LIBRARY_SUFFIX=so Adder.so
make[1]: Entering directory `/tmp/FMUFile3850830403287035325.tmp/sources'
echo `pwd`
/tmp/FMUFile3850830403287035325.tmp/sources
cc -g -c -fvisibility=hidden -fPIC -Wall -DFMI_COSIMULATION -I.  Adder.c -o Adder.o
Creating ../binaries/linux64/
cc -fvisibility=hidden -g -Wall -shared -Wl,-soname,Adder.so -DFMI_COSIMULATION -I. -o ../binaries/linux64/Adder.so Adder.o 
rm Adder.o
make[1]: Leaving directory `/tmp/FMUFile3850830403287035325.tmp/sources'

FMU Builder messages:

Attempting to build /tmp/FMUFile6387249434923053688.tmp/binaries/linux64/ZeroCrossingDetector.so
architecture: linux64 isWindows: false  command: make target: linux64
make ARCH=linux64 CBITSFLAGS=-fvisibility=hidden PIC=-fPIC SHARED_LIBRARY_SUFFIX=so ZeroCrossingDetector.so
make[1]: Entering directory `/tmp/FMUFile6387249434923053688.tmp/sources'
echo `pwd`
/tmp/FMUFile6387249434923053688.tmp/sources
cc -g -c -fvisibility=hidden -fPIC -Wall -DFMI_COSIMULATION -I.  ZeroCrossingDetector.c -o ZeroCrossingDetector.o
Creating ../binaries/linux64/
cc -fvisibility=hidden -g -Wall -shared -Wl,-soname,ZeroCrossingDetector.so -DFMI_COSIMULATION -I. -o ../binaries/linux64/ZeroCrossingDetector.so ZeroCrossingDetector.o 
rm ZeroCrossingDetector.o
make[1]: Leaving directory `/tmp/FMUFile6387249434923053688.tmp/sources'

FMU Builder messages:

Attempting to build /tmp/FMUFile3641077040811365849.tmp/binaries/linux64/Delay.so
architecture: linux64 isWindows: false  command: make target: linux64
make ARCH=linux64 CBITSFLAGS=-fvisibility=hidden PIC=-fPIC SHARED_LIBRARY_SUFFIX=so Delay.so
make[1]: Entering directory `/tmp/FMUFile3641077040811365849.tmp/sources'
echo `pwd`
/tmp/FMUFile3641077040811365849.tmp/sources
cc -g -c -fvisibility=hidden -fPIC -Wall -DFMI_COSIMULATION -I.  Delay.c -o Delay.o
Creating ../binaries/linux64/
cc -fvisibility=hidden -g -Wall -shared -Wl,-soname,Delay.so -DFMI_COSIMULATION -I. -o ../binaries/linux64/Delay.so Delay.o 
rm Delay.o
make[1]: Leaving directory `/tmp/FMUFile3641077040811365849.tmp/sources'

1080 ms. Memory: 883200K Free: 337801K (38%)
----------------- Invoking toplevel() on ptolemy.moml.MoMLSimpleApplication@7936af6c
----------------- Done invoking toplevel() on ptolemy.moml.MoMLSimpleApplication@7936af6c
reloadAllAccessors: .TestZeroDelayFeedback

===========================================================================================
----------------- testing Thu Jan 03 03:07:04 UTC 2019 /home/travis/build/icyphy/ptII/ptolemy/actor/lib/fmi/test/auto/helloWorldME2.xml
----------------- Instantiating /home/travis/build/icyphy/ptII/ptolemy/actor/lib/fmi/test/auto/helloWorldME2.xml
8 ms. Memory: 883200K Free: 331661K (38%)
----------------- Invoking toplevel() on ptolemy.moml.MoMLSimpleApplication@6cc8d912
----------------- Done invoking toplevel() on ptolemy.moml.MoMLSimpleApplication@6cc8d912
reloadAllAccessors: .helloWorldME2
AutoTests.java: About to close Vertx.
AutoTests.java: Vertx closed.
]]></system-out>
  <system-err><![CDATA[java.lang.RuntimeException: Execution failed
	at ptolemy.moml.MoMLSimpleApplication$UnloadThread.run(MoMLSimpleApplication.java:402)
Caused by: ptolemy.kernel.util.IllegalActionException: Could not simulate, inc20_fmiDoStep(Component, /* time */ 0.0, /* stepSize */0.0, /* newStep */ 1) returned fmiError
  in .FMUInc20.inc20
	at ptolemy.actor.lib.fmi.FMUImport._fmiDoStep(FMUImport.java:2739)
	at ptolemy.actor.lib.fmi.FMUImport.fire(FMUImport.java:675)
	at ptolemy.actor.sched.FixedPointDirector._fireActor(FixedPointDirector.java:768)
	at ptolemy.actor.sched.FixedPointDirector.fire(FixedPointDirector.java:244)
	at ptolemy.domains.continuous.kernel.ContinuousDirector.fire(ContinuousDirector.java:494)
	at ptolemy.actor.CompositeActor.fire(CompositeActor.java:455)
	at ptolemy.actor.Manager.iterate(Manager.java:851)
	at ptolemy.actor.Manager.execute(Manager.java:369)
	at ptolemy.actor.Manager.run(Manager.java:1263)
	at ptolemy.actor.Manager$PtolemyRunThread.run(Manager.java:1915)
java.lang.reflect.InvocationTargetException
	at sun.reflect.NativeConstructorAccessorImpl.newInstance0(Native Method)
	at sun.reflect.NativeConstructorAccessorImpl.newInstance(NativeConstructorAccessorImpl.java:62)
	at sun.reflect.DelegatingConstructorAccessorImpl.newInstance(DelegatingConstructorAccessorImpl.java:45)
	at java.lang.reflect.Constructor.newInstance(Constructor.java:423)
	at ptolemy.util.test.junit.AutoKnownFailedTests.RunModel(AutoKnownFailedTests.java:105)
	at sun.reflect.NativeMethodAccessorImpl.invoke0(Native Method)
	at sun.reflect.NativeMethodAccessorImpl.invoke(NativeMethodAccessorImpl.java:62)
	at sun.reflect.DelegatingMethodAccessorImpl.invoke(DelegatingMethodAccessorImpl.java:43)
	at java.lang.reflect.Method.invoke(Method.java:498)
	at org.junit.runners.model.FrameworkMethod$1.runReflectiveCall(FrameworkMethod.java:44)
	at org.junit.internal.runners.model.ReflectiveCallable.run(ReflectiveCallable.java:15)
	at org.junit.runners.model.FrameworkMethod.invokeExplosively(FrameworkMethod.java:41)
	at junitparams.internal.InvokeParameterisedMethod.evaluate(InvokeParameterisedMethod.java:102)
	at org.junit.internal.runners.statements.FailOnTimeout$1.run(FailOnTimeout.java:28)
Caused by: ptolemy.kernel.util.IllegalActionException: Could not simulate, inc20_fmiDoStep(Component, /* time */ 0.0, /* stepSize */0.0, /* newStep */ 1) returned fmiError
  in .FMUInc20.inc20
	at ptolemy.actor.lib.fmi.FMUImport._fmiDoStep(FMUImport.java:2739)
	at ptolemy.actor.lib.fmi.FMUImport.fire(FMUImport.java:675)
	at ptolemy.actor.sched.FixedPointDirector._fireActor(FixedPointDirector.java:768)
	at ptolemy.actor.sched.FixedPointDirector.fire(FixedPointDirector.java:244)
	at ptolemy.domains.continuous.kernel.ContinuousDirector.fire(ContinuousDirector.java:494)
	at ptolemy.actor.CompositeActor.fire(CompositeActor.java:455)
	at ptolemy.actor.Manager.iterate(Manager.java:851)
	at ptolemy.actor.Manager.execute(Manager.java:369)
	at ptolemy.actor.Manager.run(Manager.java:1263)
	at ptolemy.actor.Manager$PtolemyRunThread.run(Manager.java:1915)
]]></system-err>
</testsuite>
