<?xml version="1.0" encoding="UTF-8" ?>
<testsuite errors="0" failures="0" hostname="travis-job-877d6ae1-5cec-4320-9ccd-7e7810620b13" name="ptolemy.domains.modal.test.junit.JUnitTclTest" skipped="0" tests="148" time="9.852" timestamp="2020-10-02T00:59:53">
  <properties>
[...]
</properties>
  <testcase classname="ptolemy.util.test.junit.TclTests" name="[0] /home/travis/build/icyphy/ptII/ptolemy/domains/modal/test/SystemLevelType.tcl (RunTclFile)" time="1.752" />
  <testcase classname="ptolemy.util.test.junit.AutoKnownFailedTests" name="[0] /home/travis/build/icyphy/ptII/ptolemy/domains/modal/test/auto/knownFailedTests/CannotAnalysisWithPreemption.xml (RunModel)" time="0.22" />
  <testcase classname="ptolemy.util.test.junit.AutoNameArchTests" name="[0] ThereAreNoAutoArchTests (RunModel)" time="0.001" />
  <testcase classname="ptolemy.util.test.junit.AutoTests" name="[0] /home/travis/build/icyphy/ptII/ptolemy/domains/modal/test/auto/ABPTest.xml (RunModel)" time="0.732" />
  <testcase classname="ptolemy.util.test.junit.AutoTests" name="[1] /home/travis/build/icyphy/ptII/ptolemy/domains/modal/test/auto/ABROFlat.xml (RunModel)" time="0.083" />
  <testcase classname="ptolemy.util.test.junit.AutoTests" name="[2] /home/travis/build/icyphy/ptII/ptolemy/domains/modal/test/auto/ABROFlat2.xml (RunModel)" time="0.061" />
  <testcase classname="ptolemy.util.test.junit.AutoTests" name="[3] /home/travis/build/icyphy/ptII/ptolemy/domains/modal/test/auto/ABRO_present_hmm.xml (RunModel)" time="0.11" />
  <testcase classname="ptolemy.util.test.junit.AutoTests" name="[4] /home/travis/build/icyphy/ptII/ptolemy/domains/modal/test/auto/AMICoderExample.xml (RunModel)" time="0.067" />
  <testcase classname="ptolemy.util.test.junit.AutoTests" name="[5] /home/travis/build/icyphy/ptII/ptolemy/domains/modal/test/auto/AbsentToPresent.xml (RunModel)" time="0.026" />
  <testcase classname="ptolemy.util.test.junit.AutoTests" name="[6] /home/travis/build/icyphy/ptII/ptolemy/domains/modal/test/auto/Blending.xml (RunModel)" time="0.233" />
  <testcase classname="ptolemy.util.test.junit.AutoTests" name="[7] /home/travis/build/icyphy/ptII/ptolemy/domains/modal/test/auto/Broadcast.xml (RunModel)" time="0.042" />
  <testcase classname="ptolemy.util.test.junit.AutoTests" name="[8] /home/travis/build/icyphy/ptII/ptolemy/domains/modal/test/auto/BroadcastHierarchy.xml (RunModel)" time="0.066" />
  <testcase classname="ptolemy.util.test.junit.AutoTests" name="[9] /home/travis/build/icyphy/ptII/ptolemy/domains/modal/test/auto/BroadcastHierarchy2.xml (RunModel)" time="0.13" />
  <testcase classname="ptolemy.util.test.junit.AutoTests" name="[10] /home/travis/build/icyphy/ptII/ptolemy/domains/modal/test/auto/BroadcastHierarchy3.xml (RunModel)" time="0.081" />
  <testcase classname="ptolemy.util.test.junit.AutoTests" name="[11] /home/travis/build/icyphy/ptII/ptolemy/domains/modal/test/auto/BroadcastHierarchy4.xml (RunModel)" time="0.095" />
  <testcase classname="ptolemy.util.test.junit.AutoTests" name="[12] /home/travis/build/icyphy/ptII/ptolemy/domains/modal/test/auto/CannotAnalysisWithPreemption2.xml (RunModel)" time="0.03" />
  <testcase classname="ptolemy.util.test.junit.AutoTests" name="[13] /home/travis/build/icyphy/ptII/ptolemy/domains/modal/test/auto/CannotAnalysisWithPreemption3.xml (RunModel)" time="0.043" />
  <testcase classname="ptolemy.util.test.junit.AutoTests" name="[14] /home/travis/build/icyphy/ptII/ptolemy/domains/modal/test/auto/CannotProduce.xml (RunModel)" time="0.053" />
  <testcase classname="ptolemy.util.test.junit.AutoTests" name="[15] /home/travis/build/icyphy/ptII/ptolemy/domains/modal/test/auto/CannotProduceModal.xml (RunModel)" time="0.031" />
  <testcase classname="ptolemy.util.test.junit.AutoTests" name="[16] /home/travis/build/icyphy/ptII/ptolemy/domains/modal/test/auto/Case.xml (RunModel)" time="0.086" />
  <testcase classname="ptolemy.util.test.junit.AutoTests" name="[17] /home/travis/build/icyphy/ptII/ptolemy/domains/modal/test/auto/Case1.xml (RunModel)" time="0.029" />
  <testcase classname="ptolemy.util.test.junit.AutoTests" name="[18] /home/travis/build/icyphy/ptII/ptolemy/domains/modal/test/auto/Case2.xml (RunModel)" time="0.063" />
  <testcase classname="ptolemy.util.test.junit.AutoTests" name="[19] /home/travis/build/icyphy/ptII/ptolemy/domains/modal/test/auto/CausalityInterface1.xml (RunModel)" time="0.033" />
  <testcase classname="ptolemy.util.test.junit.AutoTests" name="[20] /home/travis/build/icyphy/ptII/ptolemy/domains/modal/test/auto/CausalityInterface10.xml (RunModel)" time="0.062" />
  <testcase classname="ptolemy.util.test.junit.AutoTests" name="[21] /home/travis/build/icyphy/ptII/ptolemy/domains/modal/test/auto/CausalityInterface11.xml (RunModel)" time="0.066" />
  <testcase classname="ptolemy.util.test.junit.AutoTests" name="[22] /home/travis/build/icyphy/ptII/ptolemy/domains/modal/test/auto/CausalityInterface12.xml (RunModel)" time="0.046" />
  <testcase classname="ptolemy.util.test.junit.AutoTests" name="[23] /home/travis/build/icyphy/ptII/ptolemy/domains/modal/test/auto/CausalityInterface13.xml (RunModel)" time="0.063" />
  <testcase classname="ptolemy.util.test.junit.AutoTests" name="[24] /home/travis/build/icyphy/ptII/ptolemy/domains/modal/test/auto/CausalityInterface14.xml (RunModel)" time="0.042" />
  <testcase classname="ptolemy.util.test.junit.AutoTests" name="[25] /home/travis/build/icyphy/ptII/ptolemy/domains/modal/test/auto/CausalityInterface2.xml (RunModel)" time="0.037" />
  <testcase classname="ptolemy.util.test.junit.AutoTests" name="[26] /home/travis/build/icyphy/ptII/ptolemy/domains/modal/test/auto/CausalityInterface3.xml (RunModel)" time="0.021" />
  <testcase classname="ptolemy.util.test.junit.AutoTests" name="[27] /home/travis/build/icyphy/ptII/ptolemy/domains/modal/test/auto/CausalityInterface4.xml (RunModel)" time="0.022" />
  <testcase classname="ptolemy.util.test.junit.AutoTests" name="[28] /home/travis/build/icyphy/ptII/ptolemy/domains/modal/test/auto/CausalityInterface5.xml (RunModel)" time="0.03" />
  <testcase classname="ptolemy.util.test.junit.AutoTests" name="[29] /home/travis/build/icyphy/ptII/ptolemy/domains/modal/test/auto/CausalityInterface6.xml (RunModel)" time="0.034" />
  <testcase classname="ptolemy.util.test.junit.AutoTests" name="[30] /home/travis/build/icyphy/ptII/ptolemy/domains/modal/test/auto/CausalityInterface7.xml (RunModel)" time="0.032" />
  <testcase classname="ptolemy.util.test.junit.AutoTests" name="[31] /home/travis/build/icyphy/ptII/ptolemy/domains/modal/test/auto/CausalityInterface8.xml (RunModel)" time="0.03" />
  <testcase classname="ptolemy.util.test.junit.AutoTests" name="[32] /home/travis/build/icyphy/ptII/ptolemy/domains/modal/test/auto/CausalityInterface9.xml (RunModel)" time="0.043" />
  <testcase classname="ptolemy.util.test.junit.AutoTests" name="[33] /home/travis/build/icyphy/ptII/ptolemy/domains/modal/test/auto/ChainedTransitions.xml (RunModel)" time="0.113" />
  <testcase classname="ptolemy.util.test.junit.AutoTests" name="[34] /home/travis/build/icyphy/ptII/ptolemy/domains/modal/test/auto/CycleOfImmediateTransitionsFSM.xml (RunModel)" time="0.015" />
  <testcase classname="ptolemy.util.test.junit.AutoTests" name="[35] /home/travis/build/icyphy/ptII/ptolemy/domains/modal/test/auto/CycleOfImmediateTransitionsModal.xml (RunModel)" time="0.014" />
  <testcase classname="ptolemy.util.test.junit.AutoTests" name="[36] /home/travis/build/icyphy/ptII/ptolemy/domains/modal/test/auto/CycleOfImmediateTransitionsModal2.xml (RunModel)" time="0.031" />
  <testcase classname="ptolemy.util.test.junit.AutoTests" name="[37] /home/travis/build/icyphy/ptII/ptolemy/domains/modal/test/auto/CycleOfImmediateTransitionsModal3.xml (RunModel)" time="0.066" />
  <testcase classname="ptolemy.util.test.junit.AutoTests" name="[38] /home/travis/build/icyphy/ptII/ptolemy/domains/modal/test/auto/DeepModal1.xml (RunModel)" time="0.041" />
  <testcase classname="ptolemy.util.test.junit.AutoTests" name="[39] /home/travis/build/icyphy/ptII/ptolemy/domains/modal/test/auto/DeepModal2.xml (RunModel)" time="0.05" />
  <testcase classname="ptolemy.util.test.junit.AutoTests" name="[40] /home/travis/build/icyphy/ptII/ptolemy/domains/modal/test/auto/DeepModal3.xml (RunModel)" time="0.055" />
  <testcase classname="ptolemy.util.test.junit.AutoTests" name="[41] /home/travis/build/icyphy/ptII/ptolemy/domains/modal/test/auto/DeepModal4.xml (RunModel)" time="0.059" />
  <testcase classname="ptolemy.util.test.junit.AutoTests" name="[42] /home/travis/build/icyphy/ptII/ptolemy/domains/modal/test/auto/Default1.xml (RunModel)" time="0.026" />
  <testcase classname="ptolemy.util.test.junit.AutoTests" name="[43] /home/travis/build/icyphy/ptII/ptolemy/domains/modal/test/auto/Default2.xml (RunModel)" time="0.019" />
  <testcase classname="ptolemy.util.test.junit.AutoTests" name="[44] /home/travis/build/icyphy/ptII/ptolemy/domains/modal/test/auto/Default3.xml (RunModel)" time="0.017" />
  <testcase classname="ptolemy.util.test.junit.AutoTests" name="[45] /home/travis/build/icyphy/ptII/ptolemy/domains/modal/test/auto/Default4.xml (RunModel)" time="0.015" />
  <testcase classname="ptolemy.util.test.junit.AutoTests" name="[46] /home/travis/build/icyphy/ptII/ptolemy/domains/modal/test/auto/Default5.xml (RunModel)" time="0.037" />
  <testcase classname="ptolemy.util.test.junit.AutoTests" name="[47] /home/travis/build/icyphy/ptII/ptolemy/domains/modal/test/auto/EmptyGuard.xml (RunModel)" time="0.026" />
  <testcase classname="ptolemy.util.test.junit.AutoTests" name="[48] /home/travis/build/icyphy/ptII/ptolemy/domains/modal/test/auto/ErrorTransition1.xml (RunModel)" time="0.027" />
  <testcase classname="ptolemy.util.test.junit.AutoTests" name="[49] /home/travis/build/icyphy/ptII/ptolemy/domains/modal/test/auto/ErrorTransition10.xml (RunModel)" time="0.04" />
  <testcase classname="ptolemy.util.test.junit.AutoTests" name="[50] /home/travis/build/icyphy/ptII/ptolemy/domains/modal/test/auto/ErrorTransition11.xml (RunModel)" time="0.031" />
  <testcase classname="ptolemy.util.test.junit.AutoTests" name="[51] /home/travis/build/icyphy/ptII/ptolemy/domains/modal/test/auto/ErrorTransition2.xml (RunModel)" time="0.022" />
  <testcase classname="ptolemy.util.test.junit.AutoTests" name="[52] /home/travis/build/icyphy/ptII/ptolemy/domains/modal/test/auto/ErrorTransition3.xml (RunModel)" time="0.043" />
  <testcase classname="ptolemy.util.test.junit.AutoTests" name="[53] /home/travis/build/icyphy/ptII/ptolemy/domains/modal/test/auto/ErrorTransition4.xml (RunModel)" time="0.035" />
  <testcase classname="ptolemy.util.test.junit.AutoTests" name="[54] /home/travis/build/icyphy/ptII/ptolemy/domains/modal/test/auto/ErrorTransition5.xml (RunModel)" time="0.028" />
  <testcase classname="ptolemy.util.test.junit.AutoTests" name="[55] /home/travis/build/icyphy/ptII/ptolemy/domains/modal/test/auto/ErrorTransition6.xml (RunModel)" time="0.029" />
  <testcase classname="ptolemy.util.test.junit.AutoTests" name="[56] /home/travis/build/icyphy/ptII/ptolemy/domains/modal/test/auto/ErrorTransition7.xml (RunModel)" time="0.036" />
  <testcase classname="ptolemy.util.test.junit.AutoTests" name="[57] /home/travis/build/icyphy/ptII/ptolemy/domains/modal/test/auto/ErrorTransition8.xml (RunModel)" time="0.069" />
  <testcase classname="ptolemy.util.test.junit.AutoTests" name="[58] /home/travis/build/icyphy/ptII/ptolemy/domains/modal/test/auto/ErrorTransition9.xml (RunModel)" time="0.037" />
  <testcase classname="ptolemy.util.test.junit.AutoTests" name="[59] /home/travis/build/icyphy/ptII/ptolemy/domains/modal/test/auto/ExtendedFSM.xml (RunModel)" time="0.024" />
  <testcase classname="ptolemy.util.test.junit.AutoTests" name="[60] /home/travis/build/icyphy/ptII/ptolemy/domains/modal/test/auto/FinalStates.xml (RunModel)" time="0.028" />
  <testcase classname="ptolemy.util.test.junit.AutoTests" name="[61] /home/travis/build/icyphy/ptII/ptolemy/domains/modal/test/auto/FixedPointFSM.xml (RunModel)" time="0.04" />
  <testcase classname="ptolemy.util.test.junit.AutoTests" name="[62] /home/travis/build/icyphy/ptII/ptolemy/domains/modal/test/auto/FixedPointIterationFSMActor.xml (RunModel)" time="0.026" />
  <testcase classname="ptolemy.util.test.junit.AutoTests" name="[63] /home/travis/build/icyphy/ptII/ptolemy/domains/modal/test/auto/FixedPointIterationFSMActor2.xml (RunModel)" time="0.028" />
  <testcase classname="ptolemy.util.test.junit.AutoTests" name="[64] /home/travis/build/icyphy/ptII/ptolemy/domains/modal/test/auto/ForbiddenInstantanousLoop.xml (RunModel)" time="0.028" />
  <testcase classname="ptolemy.util.test.junit.AutoTests" name="[65] /home/travis/build/icyphy/ptII/ptolemy/domains/modal/test/auto/FunctionDependencyOfFSMActorTest.xml (RunModel)" time="0.027" />
  <testcase classname="ptolemy.util.test.junit.AutoTests" name="[66] /home/travis/build/icyphy/ptII/ptolemy/domains/modal/test/auto/GuardExpression.xml (RunModel)" time="0.012" />
  <testcase classname="ptolemy.util.test.junit.AutoTests" name="[67] /home/travis/build/icyphy/ptII/ptolemy/domains/modal/test/auto/GuardNotEvaluated.xml (RunModel)" time="0.026" />
  <testcase classname="ptolemy.util.test.junit.AutoTests" name="[68] /home/travis/build/icyphy/ptII/ptolemy/domains/modal/test/auto/GuardNotEvaluated2.xml (RunModel)" time="0.022" />
  <testcase classname="ptolemy.util.test.junit.AutoTests" name="[69] /home/travis/build/icyphy/ptII/ptolemy/domains/modal/test/auto/GuardOnAbsent.xml (RunModel)" time="0.021" />
  <testcase classname="ptolemy.util.test.junit.AutoTests" name="[70] /home/travis/build/icyphy/ptII/ptolemy/domains/modal/test/auto/HierarchicalFSMTypeInference.xml (RunModel)" time="0.025" />
  <testcase classname="ptolemy.util.test.junit.AutoTests" name="[71] /home/travis/build/icyphy/ptII/ptolemy/domains/modal/test/auto/Hysteresis.xml (RunModel)" time="0.052" />
  <testcase classname="ptolemy.util.test.junit.AutoTests" name="[72] /home/travis/build/icyphy/ptII/ptolemy/domains/modal/test/auto/HysteresisWithDefault.xml (RunModel)" time="0.07" />
  <testcase classname="ptolemy.util.test.junit.AutoTests" name="[73] /home/travis/build/icyphy/ptII/ptolemy/domains/modal/test/auto/HysteresisWithDefault2.xml (RunModel)" time="0.069" />
  <testcase classname="ptolemy.util.test.junit.AutoTests" name="[74] /home/travis/build/icyphy/ptII/ptolemy/domains/modal/test/auto/ImmediateNonConstructiveness.xml (RunModel)" time="0.014" />
  <testcase classname="ptolemy.util.test.junit.AutoTests" name="[75] /home/travis/build/icyphy/ptII/ptolemy/domains/modal/test/auto/ImmediateNonConstructiveness2.xml (RunModel)" time="0.014" />
  <testcase classname="ptolemy.util.test.junit.AutoTests" name="[76] /home/travis/build/icyphy/ptII/ptolemy/domains/modal/test/auto/ImmediateTransitionReset.xml (RunModel)" time="0.035" />
  <testcase classname="ptolemy.util.test.junit.AutoTests" name="[77] /home/travis/build/icyphy/ptII/ptolemy/domains/modal/test/auto/ImmediateTransitions1.xml (RunModel)" time="0.01" />
  <testcase classname="ptolemy.util.test.junit.AutoTests" name="[78] /home/travis/build/icyphy/ptII/ptolemy/domains/modal/test/auto/ImmediateTransitionsInstantaneousCommunication.xml (RunModel)" time="0.028" />
  <testcase classname="ptolemy.util.test.junit.AutoTests" name="[79] /home/travis/build/icyphy/ptII/ptolemy/domains/modal/test/auto/InitialImmediateTransition.xml (RunModel)" time="0.014" />
  <testcase classname="ptolemy.util.test.junit.AutoTests" name="[80] /home/travis/build/icyphy/ptII/ptolemy/domains/modal/test/auto/InitialOutputs.xml (RunModel)" time="0.013" />
  <testcase classname="ptolemy.util.test.junit.AutoTests" name="[81] /home/travis/build/icyphy/ptII/ptolemy/domains/modal/test/auto/InitialStateTransition1.xml (RunModel)" time="0.017" />
  <testcase classname="ptolemy.util.test.junit.AutoTests" name="[82] /home/travis/build/icyphy/ptII/ptolemy/domains/modal/test/auto/InitialStateTransition2.xml (RunModel)" time="0.021" />
  <testcase classname="ptolemy.util.test.junit.AutoTests" name="[83] /home/travis/build/icyphy/ptII/ptolemy/domains/modal/test/auto/InitialStateTransition3.xml (RunModel)" time="0.044" />
  <testcase classname="ptolemy.util.test.junit.AutoTests" name="[84] /home/travis/build/icyphy/ptII/ptolemy/domains/modal/test/auto/InitialStateTransition4.xml (RunModel)" time="0.023" />
  <testcase classname="ptolemy.util.test.junit.AutoTests" name="[85] /home/travis/build/icyphy/ptII/ptolemy/domains/modal/test/auto/MalformedGuardExpressionNotCaught.xml (RunModel)" time="0.022" />
  <testcase classname="ptolemy.util.test.junit.AutoTests" name="[86] /home/travis/build/icyphy/ptII/ptolemy/domains/modal/test/auto/ModalBSC.xml (RunModel)" time="0.081" />
  <testcase classname="ptolemy.util.test.junit.AutoTests" name="[87] /home/travis/build/icyphy/ptII/ptolemy/domains/modal/test/auto/ModalClocks.xml (RunModel)" time="0.07" />
  <testcase classname="ptolemy.util.test.junit.AutoTests" name="[88] /home/travis/build/icyphy/ptII/ptolemy/domains/modal/test/auto/ModalDelay.xml (RunModel)" time="0.044" />
  <testcase classname="ptolemy.util.test.junit.AutoTests" name="[89] /home/travis/build/icyphy/ptII/ptolemy/domains/modal/test/auto/ModalDelay2.xml (RunModel)" time="0.038" />
  <testcase classname="ptolemy.util.test.junit.AutoTests" name="[90] /home/travis/build/icyphy/ptII/ptolemy/domains/modal/test/auto/ModalModelFromMemo.xml (RunModel)" time="0.045" />
  <testcase classname="ptolemy.util.test.junit.AutoTests" name="[91] /home/travis/build/icyphy/ptII/ptolemy/domains/modal/test/auto/ModalModelWithMultirateTransient.xml (RunModel)" time="0.043" />
  <testcase classname="ptolemy.util.test.junit.AutoTests" name="[92] /home/travis/build/icyphy/ptII/ptolemy/domains/modal/test/auto/ModalModelWithReset.xml (RunModel)" time="0.057" />
  <testcase classname="ptolemy.util.test.junit.AutoTests" name="[93] /home/travis/build/icyphy/ptII/ptolemy/domains/modal/test/auto/MouseClickFSM.xml (RunModel)" time="0.037" />
  <testcase classname="ptolemy.util.test.junit.AutoTests" name="[94] /home/travis/build/icyphy/ptII/ptolemy/domains/modal/test/auto/MouseClickFSMModal.xml (RunModel)" time="0.031" />
  <testcase classname="ptolemy.util.test.junit.AutoTests" name="[95] /home/travis/build/icyphy/ptII/ptolemy/domains/modal/test/auto/NonStrictFSM_FeedbackLoop.xml (RunModel)" time="0.037" />
  <testcase classname="ptolemy.util.test.junit.AutoTests" name="[96] /home/travis/build/icyphy/ptII/ptolemy/domains/modal/test/auto/NonStrictFSM_FeedbackLoop_Refinement.xml (RunModel)" time="0.079" />
  <testcase classname="ptolemy.util.test.junit.AutoTests" name="[97] /home/travis/build/icyphy/ptII/ptolemy/domains/modal/test/auto/NonStrictFSM_FeedbackLoop_preemptive.xml (RunModel)" time="0.042" />
  <testcase classname="ptolemy.util.test.junit.AutoTests" name="[98] /home/travis/build/icyphy/ptII/ptolemy/domains/modal/test/auto/NormalTermination.xml (RunModel)" time="0.044" />
  <testcase classname="ptolemy.util.test.junit.AutoTests" name="[99] /home/travis/build/icyphy/ptII/ptolemy/domains/modal/test/auto/Pong.xml (RunModel)" time="0.083" />
  <testcase classname="ptolemy.util.test.junit.AutoTests" name="[100] /home/travis/build/icyphy/ptII/ptolemy/domains/modal/test/auto/Pong_test.xml (RunModel)" time="0.118" />
  <testcase classname="ptolemy.util.test.junit.AutoTests" name="[101] /home/travis/build/icyphy/ptII/ptolemy/domains/modal/test/auto/PreemptionHierarchy.xml (RunModel)" time="0.029" />
  <testcase classname="ptolemy.util.test.junit.AutoTests" name="[102] /home/travis/build/icyphy/ptII/ptolemy/domains/modal/test/auto/PreemptionHierarchy2.xml (RunModel)" time="0.038" />
  <testcase classname="ptolemy.util.test.junit.AutoTests" name="[103] /home/travis/build/icyphy/ptII/ptolemy/domains/modal/test/auto/PreemptiveTransition.xml (RunModel)" time="0.022" />
  <testcase classname="ptolemy.util.test.junit.AutoTests" name="[104] /home/travis/build/icyphy/ptII/ptolemy/domains/modal/test/auto/Priorities.xml (RunModel)" time="0.082" />
  <testcase classname="ptolemy.util.test.junit.AutoTests" name="[105] /home/travis/build/icyphy/ptII/ptolemy/domains/modal/test/auto/ResetFinal.xml (RunModel)" time="0.042" />
  <testcase classname="ptolemy.util.test.junit.AutoTests" name="[106] /home/travis/build/icyphy/ptII/ptolemy/domains/modal/test/auto/ResetFinal2.xml (RunModel)" time="0.037" />
  <testcase classname="ptolemy.util.test.junit.AutoTests" name="[107] /home/travis/build/icyphy/ptII/ptolemy/domains/modal/test/auto/ResetTransitionWithStartTime.xml (RunModel)" time="0.03" />
  <testcase classname="ptolemy.util.test.junit.AutoTests" name="[108] /home/travis/build/icyphy/ptII/ptolemy/domains/modal/test/auto/SDF-FSMComposite.xml (RunModel)" time="0.02" />
  <testcase classname="ptolemy.util.test.junit.AutoTests" name="[109] /home/travis/build/icyphy/ptII/ptolemy/domains/modal/test/auto/SeeminglyNondeterminate.xml (RunModel)" time="0.092" />
  <testcase classname="ptolemy.util.test.junit.AutoTests" name="[110] /home/travis/build/icyphy/ptII/ptolemy/domains/modal/test/auto/SeeminglyNondeterminate2.xml (RunModel)" time="0.107" />
  <testcase classname="ptolemy.util.test.junit.AutoTests" name="[111] /home/travis/build/icyphy/ptII/ptolemy/domains/modal/test/auto/SpontaneousFSM.xml (RunModel)" time="0.045" />
  <testcase classname="ptolemy.util.test.junit.AutoTests" name="[112] /home/travis/build/icyphy/ptII/ptolemy/domains/modal/test/auto/SpontaneousFSM2.xml (RunModel)" time="0.037" />
  <testcase classname="ptolemy.util.test.junit.AutoTests" name="[113] /home/travis/build/icyphy/ptII/ptolemy/domains/modal/test/auto/SpontaneousFSM3.xml (RunModel)" time="0.041" />
  <testcase classname="ptolemy.util.test.junit.AutoTests" name="[114] /home/travis/build/icyphy/ptII/ptolemy/domains/modal/test/auto/SpontaneousFSM4.xml (RunModel)" time="0.046" />
  <testcase classname="ptolemy.util.test.junit.AutoTests" name="[115] /home/travis/build/icyphy/ptII/ptolemy/domains/modal/test/auto/StateTrackerTest.xml (RunModel)" time="0.066" />
  <testcase classname="ptolemy.util.test.junit.AutoTests" name="[116] /home/travis/build/icyphy/ptII/ptolemy/domains/modal/test/auto/StrongImmediateTransition.xml (RunModel)" time="0.023" />
  <testcase classname="ptolemy.util.test.junit.AutoTests" name="[117] /home/travis/build/icyphy/ptII/ptolemy/domains/modal/test/auto/SustainHierarchy.xml (RunModel)" time="0.03" />
  <testcase classname="ptolemy.util.test.junit.AutoTests" name="[118] /home/travis/build/icyphy/ptII/ptolemy/domains/modal/test/auto/TerminationTransition1.xml (RunModel)" time="0.018" />
  <testcase classname="ptolemy.util.test.junit.AutoTests" name="[119] /home/travis/build/icyphy/ptII/ptolemy/domains/modal/test/auto/TerminationTransition2.xml (RunModel)" time="0.022" />
  <testcase classname="ptolemy.util.test.junit.AutoTests" name="[120] /home/travis/build/icyphy/ptII/ptolemy/domains/modal/test/auto/TerminationTransition3.xml (RunModel)" time="0.021" />
  <testcase classname="ptolemy.util.test.junit.AutoTests" name="[121] /home/travis/build/icyphy/ptII/ptolemy/domains/modal/test/auto/TerminationTransition4.xml (RunModel)" time="0.029" />
  <testcase classname="ptolemy.util.test.junit.AutoTests" name="[122] /home/travis/build/icyphy/ptII/ptolemy/domains/modal/test/auto/TerminationTransition5.xml (RunModel)" time="0.038" />
  <testcase classname="ptolemy.util.test.junit.AutoTests" name="[123] /home/travis/build/icyphy/ptII/ptolemy/domains/modal/test/auto/TerminationTransition6.xml (RunModel)" time="0.018" />
  <testcase classname="ptolemy.util.test.junit.AutoTests" name="[124] /home/travis/build/icyphy/ptII/ptolemy/domains/modal/test/auto/TerminationTransition7.xml (RunModel)" time="0.017" />
  <testcase classname="ptolemy.util.test.junit.AutoTests" name="[125] /home/travis/build/icyphy/ptII/ptolemy/domains/modal/test/auto/TerminationTransition8.xml (RunModel)" time="0.02" />
  <testcase classname="ptolemy.util.test.junit.AutoTests" name="[126] /home/travis/build/icyphy/ptII/ptolemy/domains/modal/test/auto/Thermostat_NoHysteresis.xml (RunModel)" time="0.05" />
  <testcase classname="ptolemy.util.test.junit.AutoTests" name="[127] /home/travis/build/icyphy/ptII/ptolemy/domains/modal/test/auto/TimedFSM.xml (RunModel)" time="0.033" />
  <testcase classname="ptolemy.util.test.junit.AutoTests" name="[128] /home/travis/build/icyphy/ptII/ptolemy/domains/modal/test/auto/Timeout1.xml (RunModel)" time="0.014" />
  <testcase classname="ptolemy.util.test.junit.AutoTests" name="[129] /home/travis/build/icyphy/ptII/ptolemy/domains/modal/test/auto/Timeout2.xml (RunModel)" time="0.022" />
  <testcase classname="ptolemy.util.test.junit.AutoTests" name="[130] /home/travis/build/icyphy/ptII/ptolemy/domains/modal/test/auto/Timeout3.xml (RunModel)" time="0.011" />
  <testcase classname="ptolemy.util.test.junit.AutoTests" name="[131] /home/travis/build/icyphy/ptII/ptolemy/domains/modal/test/auto/Timeout4.xml (RunModel)" time="0.011" />
  <testcase classname="ptolemy.util.test.junit.AutoTests" name="[132] /home/travis/build/icyphy/ptII/ptolemy/domains/modal/test/auto/TransientstateModelAdvanced.xml (RunModel)" time="0.027" />
  <testcase classname="ptolemy.util.test.junit.AutoTests" name="[133] /home/travis/build/icyphy/ptII/ptolemy/domains/modal/test/auto/TransientstateModelAdvanced2.xml (RunModel)" time="0.031" />
  <testcase classname="ptolemy.util.test.junit.AutoTests" name="[134] /home/travis/build/icyphy/ptII/ptolemy/domains/modal/test/auto/TransitionRefinements.xml (RunModel)" time="0.023" />
  <testcase classname="ptolemy.util.test.junit.AutoTests" name="[135] /home/travis/build/icyphy/ptII/ptolemy/domains/modal/test/auto/TwoRefinements1.xml (RunModel)" time="0.025" />
  <testcase classname="ptolemy.util.test.junit.AutoTests" name="[136] /home/travis/build/icyphy/ptII/ptolemy/domains/modal/test/auto/TwoRefinements2.xml (RunModel)" time="0.024" />
  <testcase classname="ptolemy.util.test.junit.AutoTests" name="[137] /home/travis/build/icyphy/ptII/ptolemy/domains/modal/test/auto/WeakImmediateTransition.xml (RunModel)" time="0.025" />
  <testcase classname="ptolemy.util.test.junit.AutoTests" name="[138] /home/travis/build/icyphy/ptII/ptolemy/domains/modal/test/auto/booleanSelect.xml (RunModel)" time="0.084" />
  <testcase classname="ptolemy.util.test.junit.AutoTests" name="[139] /home/travis/build/icyphy/ptII/ptolemy/domains/modal/test/auto/modalChangingParams.xml (RunModel)" time="0.316" />
  <testcase classname="ptolemy.util.test.junit.AutoTests" name="[140] /home/travis/build/icyphy/ptII/ptolemy/domains/modal/test/auto/modalModel.xml (RunModel)" time="0.027" />
  <testcase classname="ptolemy.util.test.junit.AutoTests" name="[141] /home/travis/build/icyphy/ptII/ptolemy/domains/modal/test/auto/modalModel2.xml (RunModel)" time="0.024" />
  <testcase classname="ptolemy.util.test.junit.AutoTests" name="[142] /home/travis/build/icyphy/ptII/ptolemy/domains/modal/test/auto/modalModel3.xml (RunModel)" time="0.034" />
  <testcase classname="ptolemy.util.test.junit.AutoTests" name="[143] /home/travis/build/icyphy/ptII/ptolemy/domains/modal/test/auto/model1.xml (RunModel)" time="0.016" />
  <testcase classname="ptolemy.util.test.junit.AutoTests" name="[144] /home/travis/build/icyphy/ptII/ptolemy/domains/modal/test/auto/test-direct-in-out.xml (RunModel)" time="0.034" />
  <system-out><![CDATA[/home/travis/build/icyphy/ptII/ptolemy/domains/modal/test/SystemLevelType.tcl
testDefs.tcl: setting time out to 9000 seconds at Fri Oct 02 00:59:53 UTC 2020
10/02/20 12:59:55
Failed: 0  Total Tests: 1  ((Passed: 1, Newly Passed: 0)  Known Failed: 0) /home/travis/build/icyphy/ptII/ptolemy/domains/modal/test
----------------- testing (KnownFailure) /home/travis/build/icyphy/ptII/ptolemy/domains/modal/test/auto/knownFailedTests/CannotAnalysisWithPreemption.xml
112 ms. Memory: 129024K Free: 86998K (67%)
Known Failure: java.lang.reflect.InvocationTargetException
No auto/linux-amd64/*.xml tests in /home/travis/build/icyphy/ptII/ptolemy/domains/modal/test
AutoTests.java: About to close Vertx.
AutoTests.java: Vertx closed.

===========================================================================================
----------------- testing Fri Oct 02 00:59:55 UTC 2020 /home/travis/build/icyphy/ptII/ptolemy/domains/modal/test/auto/ABPTest.xml
----------------- Instantiating /home/travis/build/icyphy/ptII/ptolemy/domains/modal/test/auto/ABPTest.xml
350 ms. Memory: 155648K Free: 112869K (73%)
----------------- Invoking toplevel() on ptolemy.moml.MoMLSimpleApplication@687b2431
----------------- Done invoking toplevel() on ptolemy.moml.MoMLSimpleApplication@687b2431
reloadAllAccessors: .ABPTest

===========================================================================================
----------------- testing Fri Oct 02 00:59:56 UTC 2020 /home/travis/build/icyphy/ptII/ptolemy/domains/modal/test/auto/ABROFlat.xml
----------------- Instantiating /home/travis/build/icyphy/ptII/ptolemy/domains/modal/test/auto/ABROFlat.xml
24 ms. Memory: 155648K Free: 97410K (63%)
----------------- Invoking toplevel() on ptolemy.moml.MoMLSimpleApplication@1cdab5e
----------------- Done invoking toplevel() on ptolemy.moml.MoMLSimpleApplication@1cdab5e
reloadAllAccessors: .ABROFlat

===========================================================================================
----------------- testing Fri Oct 02 00:59:56 UTC 2020 /home/travis/build/icyphy/ptII/ptolemy/domains/modal/test/auto/ABROFlat2.xml
----------------- Instantiating /home/travis/build/icyphy/ptII/ptolemy/domains/modal/test/auto/ABROFlat2.xml
20 ms. Memory: 155648K Free: 80562K (52%)
----------------- Invoking toplevel() on ptolemy.moml.MoMLSimpleApplication@7acdcdcf
----------------- Done invoking toplevel() on ptolemy.moml.MoMLSimpleApplication@7acdcdcf
reloadAllAccessors: .ABROFlat2

===========================================================================================
----------------- testing Fri Oct 02 00:59:56 UTC 2020 /home/travis/build/icyphy/ptII/ptolemy/domains/modal/test/auto/ABRO_present_hmm.xml
----------------- Instantiating /home/travis/build/icyphy/ptII/ptolemy/domains/modal/test/auto/ABRO_present_hmm.xml
20 ms. Memory: 155648K Free: 53938K (35%)
----------------- Invoking toplevel() on ptolemy.moml.MoMLSimpleApplication@24ba1972
----------------- Done invoking toplevel() on ptolemy.moml.MoMLSimpleApplication@24ba1972
reloadAllAccessors: .ABRO_present_hmm

===========================================================================================
----------------- testing Fri Oct 02 00:59:56 UTC 2020 /home/travis/build/icyphy/ptII/ptolemy/domains/modal/test/auto/AMICoderExample.xml
----------------- Instantiating /home/travis/build/icyphy/ptII/ptolemy/domains/modal/test/auto/AMICoderExample.xml
30 ms. Memory: 155648K Free: 130179K (84%)
----------------- Invoking toplevel() on ptolemy.moml.MoMLSimpleApplication@7376223c
----------------- Done invoking toplevel() on ptolemy.moml.MoMLSimpleApplication@7376223c
reloadAllAccessors: .AMICoderExample

===========================================================================================
----------------- testing Fri Oct 02 00:59:56 UTC 2020 /home/travis/build/icyphy/ptII/ptolemy/domains/modal/test/auto/AbsentToPresent.xml
----------------- Instantiating /home/travis/build/icyphy/ptII/ptolemy/domains/modal/test/auto/AbsentToPresent.xml
6 ms. Memory: 155648K Free: 125656K (81%)
----------------- Invoking toplevel() on ptolemy.moml.MoMLSimpleApplication@74cfdb4d
----------------- Done invoking toplevel() on ptolemy.moml.MoMLSimpleApplication@74cfdb4d
reloadAllAccessors: .AbsentToPresent

===========================================================================================
----------------- testing Fri Oct 02 00:59:56 UTC 2020 /home/travis/build/icyphy/ptII/ptolemy/domains/modal/test/auto/Blending.xml
----------------- Instantiating /home/travis/build/icyphy/ptII/ptolemy/domains/modal/test/auto/Blending.xml
138 ms. Memory: 155648K Free: 80583K (52%)
----------------- Invoking toplevel() on ptolemy.moml.MoMLSimpleApplication@327c5522
----------------- Done invoking toplevel() on ptolemy.moml.MoMLSimpleApplication@327c5522
reloadAllAccessors: .Blending

===========================================================================================
----------------- testing Fri Oct 02 00:59:57 UTC 2020 /home/travis/build/icyphy/ptII/ptolemy/domains/modal/test/auto/Broadcast.xml
----------------- Instantiating /home/travis/build/icyphy/ptII/ptolemy/domains/modal/test/auto/Broadcast.xml
9 ms. Memory: 155648K Free: 70809K (45%)
----------------- Invoking toplevel() on ptolemy.moml.MoMLSimpleApplication@32263a42
----------------- Done invoking toplevel() on ptolemy.moml.MoMLSimpleApplication@32263a42
reloadAllAccessors: .Broadcast

===========================================================================================
----------------- testing Fri Oct 02 00:59:57 UTC 2020 /home/travis/build/icyphy/ptII/ptolemy/domains/modal/test/auto/BroadcastHierarchy.xml
----------------- Instantiating /home/travis/build/icyphy/ptII/ptolemy/domains/modal/test/auto/BroadcastHierarchy.xml
9 ms. Memory: 155648K Free: 57031K (37%)
----------------- Invoking toplevel() on ptolemy.moml.MoMLSimpleApplication@20d10293
----------------- Done invoking toplevel() on ptolemy.moml.MoMLSimpleApplication@20d10293
reloadAllAccessors: .BroadcastHierarchy

===========================================================================================
----------------- testing Fri Oct 02 00:59:57 UTC 2020 /home/travis/build/icyphy/ptII/ptolemy/domains/modal/test/auto/BroadcastHierarchy2.xml
----------------- Instantiating /home/travis/build/icyphy/ptII/ptolemy/domains/modal/test/auto/BroadcastHierarchy2.xml
30 ms. Memory: 155648K Free: 115790K (74%)
----------------- Invoking toplevel() on ptolemy.moml.MoMLSimpleApplication@15f81a31
----------------- Done invoking toplevel() on ptolemy.moml.MoMLSimpleApplication@15f81a31
reloadAllAccessors: .BroadcastHierarchy2

===========================================================================================
----------------- testing Fri Oct 02 00:59:57 UTC 2020 /home/travis/build/icyphy/ptII/ptolemy/domains/modal/test/auto/BroadcastHierarchy3.xml
----------------- Instantiating /home/travis/build/icyphy/ptII/ptolemy/domains/modal/test/auto/BroadcastHierarchy3.xml
17 ms. Memory: 155648K Free: 95310K (61%)
----------------- Invoking toplevel() on ptolemy.moml.MoMLSimpleApplication@65278477
----------------- Done invoking toplevel() on ptolemy.moml.MoMLSimpleApplication@65278477
reloadAllAccessors: .BroadcastHierarchy3

===========================================================================================
----------------- testing Fri Oct 02 00:59:57 UTC 2020 /home/travis/build/icyphy/ptII/ptolemy/domains/modal/test/auto/BroadcastHierarchy4.xml
----------------- Instantiating /home/travis/build/icyphy/ptII/ptolemy/domains/modal/test/auto/BroadcastHierarchy4.xml
18 ms. Memory: 155648K Free: 70734K (45%)
----------------- Invoking toplevel() on ptolemy.moml.MoMLSimpleApplication@430e74b4
----------------- Done invoking toplevel() on ptolemy.moml.MoMLSimpleApplication@430e74b4
reloadAllAccessors: .BroadcastHierarchy4

===========================================================================================
----------------- testing Fri Oct 02 00:59:57 UTC 2020 /home/travis/build/icyphy/ptII/ptolemy/domains/modal/test/auto/CannotAnalysisWithPreemption2.xml
----------------- Instantiating /home/travis/build/icyphy/ptII/ptolemy/domains/modal/test/auto/CannotAnalysisWithPreemption2.xml
4 ms. Memory: 155648K Free: 63566K (41%)
----------------- Invoking toplevel() on ptolemy.moml.MoMLSimpleApplication@7ed7d54a
----------------- Done invoking toplevel() on ptolemy.moml.MoMLSimpleApplication@7ed7d54a
reloadAllAccessors: .CannotAnalysisWithPreemption2

===========================================================================================
----------------- testing Fri Oct 02 00:59:57 UTC 2020 /home/travis/build/icyphy/ptII/ptolemy/domains/modal/test/auto/CannotAnalysisWithPreemption3.xml
----------------- Instantiating /home/travis/build/icyphy/ptII/ptolemy/domains/modal/test/auto/CannotAnalysisWithPreemption3.xml
5 ms. Memory: 155648K Free: 53326K (34%)
----------------- Invoking toplevel() on ptolemy.moml.MoMLSimpleApplication@5d4acfb6
----------------- Done invoking toplevel() on ptolemy.moml.MoMLSimpleApplication@5d4acfb6
reloadAllAccessors: .CannotAnalysisWithPreemption3

===========================================================================================
----------------- testing Fri Oct 02 00:59:57 UTC 2020 /home/travis/build/icyphy/ptII/ptolemy/domains/modal/test/auto/CannotProduce.xml
----------------- Instantiating /home/travis/build/icyphy/ptII/ptolemy/domains/modal/test/auto/CannotProduce.xml
17 ms. Memory: 199680K Free: 178254K (89%)
----------------- Invoking toplevel() on ptolemy.moml.MoMLSimpleApplication@7805e82c
----------------- Done invoking toplevel() on ptolemy.moml.MoMLSimpleApplication@7805e82c
reloadAllAccessors: .CannotProduce

===========================================================================================
----------------- testing Fri Oct 02 00:59:57 UTC 2020 /home/travis/build/icyphy/ptII/ptolemy/domains/modal/test/auto/CannotProduceModal.xml
----------------- Instantiating /home/travis/build/icyphy/ptII/ptolemy/domains/modal/test/auto/CannotProduceModal.xml
7 ms. Memory: 199680K Free: 171590K (86%)
----------------- Invoking toplevel() on ptolemy.moml.MoMLSimpleApplication@323ed3f8
----------------- Done invoking toplevel() on ptolemy.moml.MoMLSimpleApplication@323ed3f8
reloadAllAccessors: .CannotProduceModal

===========================================================================================
----------------- testing Fri Oct 02 00:59:57 UTC 2020 /home/travis/build/icyphy/ptII/ptolemy/domains/modal/test/auto/Case.xml
----------------- Instantiating /home/travis/build/icyphy/ptII/ptolemy/domains/modal/test/auto/Case.xml
24 ms. Memory: 199680K Free: 160332K (80%)
----------------- Invoking toplevel() on ptolemy.moml.MoMLSimpleApplication@4bfbe2d8
----------------- Done invoking toplevel() on ptolemy.moml.MoMLSimpleApplication@4bfbe2d8
reloadAllAccessors: .Case

===========================================================================================
----------------- testing Fri Oct 02 00:59:57 UTC 2020 /home/travis/build/icyphy/ptII/ptolemy/domains/modal/test/auto/Case1.xml
----------------- Instantiating /home/travis/build/icyphy/ptII/ptolemy/domains/modal/test/auto/Case1.xml
9 ms. Memory: 199680K Free: 153164K (77%)
----------------- Invoking toplevel() on ptolemy.moml.MoMLSimpleApplication@449bba45
----------------- Done invoking toplevel() on ptolemy.moml.MoMLSimpleApplication@449bba45
reloadAllAccessors: .Case1

===========================================================================================
----------------- testing Fri Oct 02 00:59:57 UTC 2020 /home/travis/build/icyphy/ptII/ptolemy/domains/modal/test/auto/Case2.xml
----------------- Instantiating /home/travis/build/icyphy/ptII/ptolemy/domains/modal/test/auto/Case2.xml
27 ms. Memory: 199680K Free: 142414K (71%)
----------------- Invoking toplevel() on ptolemy.moml.MoMLSimpleApplication@605239cd
----------------- Done invoking toplevel() on ptolemy.moml.MoMLSimpleApplication@605239cd
reloadAllAccessors: .Case2

===========================================================================================
----------------- testing Fri Oct 02 00:59:57 UTC 2020 /home/travis/build/icyphy/ptII/ptolemy/domains/modal/test/auto/CausalityInterface1.xml
----------------- Instantiating /home/travis/build/icyphy/ptII/ptolemy/domains/modal/test/auto/CausalityInterface1.xml
5 ms. Memory: 199680K Free: 137294K (69%)
----------------- Invoking toplevel() on ptolemy.moml.MoMLSimpleApplication@669ae82b
----------------- Done invoking toplevel() on ptolemy.moml.MoMLSimpleApplication@669ae82b
reloadAllAccessors: .CausalityInterface1

===========================================================================================
----------------- testing Fri Oct 02 00:59:57 UTC 2020 /home/travis/build/icyphy/ptII/ptolemy/domains/modal/test/auto/CausalityInterface10.xml
----------------- Instantiating /home/travis/build/icyphy/ptII/ptolemy/domains/modal/test/auto/CausalityInterface10.xml
11 ms. Memory: 199680K Free: 123982K (62%)
----------------- Invoking toplevel() on ptolemy.moml.MoMLSimpleApplication@3fb7c22f
----------------- Done invoking toplevel() on ptolemy.moml.MoMLSimpleApplication@3fb7c22f
reloadAllAccessors: .CausalityInterface10

===========================================================================================
----------------- testing Fri Oct 02 00:59:57 UTC 2020 /home/travis/build/icyphy/ptII/ptolemy/domains/modal/test/auto/CausalityInterface11.xml
----------------- Instantiating /home/travis/build/icyphy/ptII/ptolemy/domains/modal/test/auto/CausalityInterface11.xml
6 ms. Memory: 199680K Free: 110670K (55%)
----------------- Invoking toplevel() on ptolemy.moml.MoMLSimpleApplication@3505b542
----------------- Done invoking toplevel() on ptolemy.moml.MoMLSimpleApplication@3505b542
reloadAllAccessors: .CausalityInterface11

===========================================================================================
----------------- testing Fri Oct 02 00:59:58 UTC 2020 /home/travis/build/icyphy/ptII/ptolemy/domains/modal/test/auto/CausalityInterface12.xml
----------------- Instantiating /home/travis/build/icyphy/ptII/ptolemy/domains/modal/test/auto/CausalityInterface12.xml
5 ms. Memory: 199680K Free: 97358K (49%)
----------------- Invoking toplevel() on ptolemy.moml.MoMLSimpleApplication@360b3bc6
----------------- Done invoking toplevel() on ptolemy.moml.MoMLSimpleApplication@360b3bc6
reloadAllAccessors: .CausalityInterface12

===========================================================================================
----------------- testing Fri Oct 02 00:59:58 UTC 2020 /home/travis/build/icyphy/ptII/ptolemy/domains/modal/test/auto/CausalityInterface13.xml
----------------- Instantiating /home/travis/build/icyphy/ptII/ptolemy/domains/modal/test/auto/CausalityInterface13.xml
9 ms. Memory: 199680K Free: 83526K (42%)
----------------- Invoking toplevel() on ptolemy.moml.MoMLSimpleApplication@39b1e737
----------------- Done invoking toplevel() on ptolemy.moml.MoMLSimpleApplication@39b1e737
reloadAllAccessors: .CausalityInterface13

===========================================================================================
----------------- testing Fri Oct 02 00:59:58 UTC 2020 /home/travis/build/icyphy/ptII/ptolemy/domains/modal/test/auto/CausalityInterface14.xml
----------------- Instantiating /home/travis/build/icyphy/ptII/ptolemy/domains/modal/test/auto/CausalityInterface14.xml
6 ms. Memory: 199680K Free: 69710K (35%)
----------------- Invoking toplevel() on ptolemy.moml.MoMLSimpleApplication@520755ac
----------------- Done invoking toplevel() on ptolemy.moml.MoMLSimpleApplication@520755ac
reloadAllAccessors: .CausalityInterface14

===========================================================================================
----------------- testing Fri Oct 02 00:59:58 UTC 2020 /home/travis/build/icyphy/ptII/ptolemy/domains/modal/test/auto/CausalityInterface2.xml
----------------- Instantiating /home/travis/build/icyphy/ptII/ptolemy/domains/modal/test/auto/CausalityInterface2.xml
3 ms. Memory: 199680K Free: 177742K (89%)
----------------- Invoking toplevel() on ptolemy.moml.MoMLSimpleApplication@68fbbae6
----------------- Done invoking toplevel() on ptolemy.moml.MoMLSimpleApplication@68fbbae6
reloadAllAccessors: .CausalityInterface2

===========================================================================================
----------------- testing Fri Oct 02 00:59:58 UTC 2020 /home/travis/build/icyphy/ptII/ptolemy/domains/modal/test/auto/CausalityInterface3.xml
----------------- Instantiating /home/travis/build/icyphy/ptII/ptolemy/domains/modal/test/auto/CausalityInterface3.xml
3 ms. Memory: 199680K Free: 171054K (86%)
----------------- Invoking toplevel() on ptolemy.moml.MoMLSimpleApplication@6b8bf1de
----------------- Done invoking toplevel() on ptolemy.moml.MoMLSimpleApplication@6b8bf1de
reloadAllAccessors: .CausalityInterface3

===========================================================================================
----------------- testing Fri Oct 02 00:59:58 UTC 2020 /home/travis/build/icyphy/ptII/ptolemy/domains/modal/test/auto/CausalityInterface4.xml
----------------- Instantiating /home/travis/build/icyphy/ptII/ptolemy/domains/modal/test/auto/CausalityInterface4.xml
3 ms. Memory: 199680K Free: 164934K (83%)
----------------- Invoking toplevel() on ptolemy.moml.MoMLSimpleApplication@6fc015e
----------------- Done invoking toplevel() on ptolemy.moml.MoMLSimpleApplication@6fc015e
reloadAllAccessors: .CausalityInterface4

===========================================================================================
----------------- testing Fri Oct 02 00:59:58 UTC 2020 /home/travis/build/icyphy/ptII/ptolemy/domains/modal/test/auto/CausalityInterface5.xml
----------------- Instantiating /home/travis/build/icyphy/ptII/ptolemy/domains/modal/test/auto/CausalityInterface5.xml
5 ms. Memory: 199680K Free: 156734K (78%)
----------------- Invoking toplevel() on ptolemy.moml.MoMLSimpleApplication@316790f3
----------------- Done invoking toplevel() on ptolemy.moml.MoMLSimpleApplication@316790f3
reloadAllAccessors: .CausalityInterface5

===========================================================================================
----------------- testing Fri Oct 02 00:59:58 UTC 2020 /home/travis/build/icyphy/ptII/ptolemy/domains/modal/test/auto/CausalityInterface6.xml
----------------- Instantiating /home/travis/build/icyphy/ptII/ptolemy/domains/modal/test/auto/CausalityInterface6.xml
2 ms. Memory: 199680K Free: 148542K (74%)
----------------- Invoking toplevel() on ptolemy.moml.MoMLSimpleApplication@39689f82
----------------- Done invoking toplevel() on ptolemy.moml.MoMLSimpleApplication@39689f82
reloadAllAccessors: .CausalityInterface6

===========================================================================================
----------------- testing Fri Oct 02 00:59:58 UTC 2020 /home/travis/build/icyphy/ptII/ptolemy/domains/modal/test/auto/CausalityInterface7.xml
----------------- Instantiating /home/travis/build/icyphy/ptII/ptolemy/domains/modal/test/auto/CausalityInterface7.xml
7 ms. Memory: 199680K Free: 140350K (70%)
----------------- Invoking toplevel() on ptolemy.moml.MoMLSimpleApplication@191f0e5f
----------------- Done invoking toplevel() on ptolemy.moml.MoMLSimpleApplication@191f0e5f
reloadAllAccessors: .CausalityInterface7

===========================================================================================
----------------- testing Fri Oct 02 00:59:58 UTC 2020 /home/travis/build/icyphy/ptII/ptolemy/domains/modal/test/auto/CausalityInterface8.xml
----------------- Instantiating /home/travis/build/icyphy/ptII/ptolemy/domains/modal/test/auto/CausalityInterface8.xml
4 ms. Memory: 199680K Free: 131662K (66%)
----------------- Invoking toplevel() on ptolemy.moml.MoMLSimpleApplication@5553c67c
----------------- Done invoking toplevel() on ptolemy.moml.MoMLSimpleApplication@5553c67c
reloadAllAccessors: .CausalityInterface8

===========================================================================================
----------------- testing Fri Oct 02 00:59:58 UTC 2020 /home/travis/build/icyphy/ptII/ptolemy/domains/modal/test/auto/CausalityInterface9.xml
----------------- Instantiating /home/travis/build/icyphy/ptII/ptolemy/domains/modal/test/auto/CausalityInterface9.xml
11 ms. Memory: 199680K Free: 121932K (61%)
----------------- Invoking toplevel() on ptolemy.moml.MoMLSimpleApplication@50d4bb7
----------------- Done invoking toplevel() on ptolemy.moml.MoMLSimpleApplication@50d4bb7
reloadAllAccessors: .CausalityInterface9

===========================================================================================
----------------- testing Fri Oct 02 00:59:58 UTC 2020 /home/travis/build/icyphy/ptII/ptolemy/domains/modal/test/auto/ChainedTransitions.xml
----------------- Instantiating /home/travis/build/icyphy/ptII/ptolemy/domains/modal/test/auto/ChainedTransitions.xml
57 ms. Memory: 199680K Free: 97342K (49%)
----------------- Invoking toplevel() on ptolemy.moml.MoMLSimpleApplication@2da958e0
----------------- Done invoking toplevel() on ptolemy.moml.MoMLSimpleApplication@2da958e0
reloadAllAccessors: .ChainedTransitions

===========================================================================================
----------------- testing Fri Oct 02 00:59:58 UTC 2020 /home/travis/build/icyphy/ptII/ptolemy/domains/modal/test/auto/CycleOfImmediateTransitionsFSM.xml
----------------- Instantiating /home/travis/build/icyphy/ptII/ptolemy/domains/modal/test/auto/CycleOfImmediateTransitionsFSM.xml
2 ms. Memory: 199680K Free: 91726K (46%)
----------------- Invoking toplevel() on ptolemy.moml.MoMLSimpleApplication@5330a83c
----------------- Done invoking toplevel() on ptolemy.moml.MoMLSimpleApplication@5330a83c
reloadAllAccessors: .CycleOfImmediateTransitionsFSM

===========================================================================================
----------------- testing Fri Oct 02 00:59:58 UTC 2020 /home/travis/build/icyphy/ptII/ptolemy/domains/modal/test/auto/CycleOfImmediateTransitionsModal.xml
----------------- Instantiating /home/travis/build/icyphy/ptII/ptolemy/domains/modal/test/auto/CycleOfImmediateTransitionsModal.xml
2 ms. Memory: 199680K Free: 85582K (43%)
----------------- Invoking toplevel() on ptolemy.moml.MoMLSimpleApplication@59651ed
----------------- Done invoking toplevel() on ptolemy.moml.MoMLSimpleApplication@59651ed
reloadAllAccessors: .CycleOfImmediateTransitionsModal

===========================================================================================
----------------- testing Fri Oct 02 00:59:58 UTC 2020 /home/travis/build/icyphy/ptII/ptolemy/domains/modal/test/auto/CycleOfImmediateTransitionsModal2.xml
----------------- Instantiating /home/travis/build/icyphy/ptII/ptolemy/domains/modal/test/auto/CycleOfImmediateTransitionsModal2.xml
7 ms. Memory: 199680K Free: 79438K (40%)
----------------- Invoking toplevel() on ptolemy.moml.MoMLSimpleApplication@52685049
----------------- Done invoking toplevel() on ptolemy.moml.MoMLSimpleApplication@52685049
reloadAllAccessors: .CycleOfImmediateTransitionsModal2

===========================================================================================
----------------- testing Fri Oct 02 00:59:58 UTC 2020 /home/travis/build/icyphy/ptII/ptolemy/domains/modal/test/auto/CycleOfImmediateTransitionsModal3.xml
----------------- Instantiating /home/travis/build/icyphy/ptII/ptolemy/domains/modal/test/auto/CycleOfImmediateTransitionsModal3.xml
6 ms. Memory: 199680K Free: 170062K (85%)
----------------- Invoking toplevel() on ptolemy.moml.MoMLSimpleApplication@1ae478d7
----------------- Done invoking toplevel() on ptolemy.moml.MoMLSimpleApplication@1ae478d7
reloadAllAccessors: .CycleOfImmediateTransitionsModal3

===========================================================================================
----------------- testing Fri Oct 02 00:59:58 UTC 2020 /home/travis/build/icyphy/ptII/ptolemy/domains/modal/test/auto/DeepModal1.xml
----------------- Instantiating /home/travis/build/icyphy/ptII/ptolemy/domains/modal/test/auto/DeepModal1.xml
18 ms. Memory: 199680K Free: 155726K (78%)
----------------- Invoking toplevel() on ptolemy.moml.MoMLSimpleApplication@3fc42667
----------------- Done invoking toplevel() on ptolemy.moml.MoMLSimpleApplication@3fc42667
reloadAllAccessors: .DeepModal1

===========================================================================================
----------------- testing Fri Oct 02 00:59:58 UTC 2020 /home/travis/build/icyphy/ptII/ptolemy/domains/modal/test/auto/DeepModal2.xml
----------------- Instantiating /home/travis/build/icyphy/ptII/ptolemy/domains/modal/test/auto/DeepModal2.xml
23 ms. Memory: 199680K Free: 136780K (68%)
----------------- Invoking toplevel() on ptolemy.moml.MoMLSimpleApplication@5a240ca8
----------------- Done invoking toplevel() on ptolemy.moml.MoMLSimpleApplication@5a240ca8
reloadAllAccessors: .DeepModal2

===========================================================================================
----------------- testing Fri Oct 02 00:59:58 UTC 2020 /home/travis/build/icyphy/ptII/ptolemy/domains/modal/test/auto/DeepModal3.xml
----------------- Instantiating /home/travis/build/icyphy/ptII/ptolemy/domains/modal/test/auto/DeepModal3.xml
22 ms. Memory: 199680K Free: 117310K (59%)
----------------- Invoking toplevel() on ptolemy.moml.MoMLSimpleApplication@9bc5eb6
----------------- Done invoking toplevel() on ptolemy.moml.MoMLSimpleApplication@9bc5eb6
reloadAllAccessors: .DeepModal3

===========================================================================================
----------------- testing Fri Oct 02 00:59:58 UTC 2020 /home/travis/build/icyphy/ptII/ptolemy/domains/modal/test/auto/DeepModal4.xml
----------------- Instantiating /home/travis/build/icyphy/ptII/ptolemy/domains/modal/test/auto/DeepModal4.xml
24 ms. Memory: 199680K Free: 97868K (49%)
----------------- Invoking toplevel() on ptolemy.moml.MoMLSimpleApplication@4f898ab4
----------------- Done invoking toplevel() on ptolemy.moml.MoMLSimpleApplication@4f898ab4
reloadAllAccessors: .DeepModal4

===========================================================================================
----------------- testing Fri Oct 02 00:59:58 UTC 2020 /home/travis/build/icyphy/ptII/ptolemy/domains/modal/test/auto/Default1.xml
----------------- Instantiating /home/travis/build/icyphy/ptII/ptolemy/domains/modal/test/auto/Default1.xml
8 ms. Memory: 199680K Free: 91724K (46%)
----------------- Invoking toplevel() on ptolemy.moml.MoMLSimpleApplication@18b2da4d
----------------- Done invoking toplevel() on ptolemy.moml.MoMLSimpleApplication@18b2da4d
reloadAllAccessors: .Default1

===========================================================================================
----------------- testing Fri Oct 02 00:59:58 UTC 2020 /home/travis/build/icyphy/ptII/ptolemy/domains/modal/test/auto/Default2.xml
----------------- Instantiating /home/travis/build/icyphy/ptII/ptolemy/domains/modal/test/auto/Default2.xml
7 ms. Memory: 199680K Free: 86094K (43%)
----------------- Invoking toplevel() on ptolemy.moml.MoMLSimpleApplication@2d62c42b
----------------- Done invoking toplevel() on ptolemy.moml.MoMLSimpleApplication@2d62c42b
reloadAllAccessors: .Default2

===========================================================================================
----------------- testing Fri Oct 02 00:59:58 UTC 2020 /home/travis/build/icyphy/ptII/ptolemy/domains/modal/test/auto/Default3.xml
----------------- Instantiating /home/travis/build/icyphy/ptII/ptolemy/domains/modal/test/auto/Default3.xml
5 ms. Memory: 199680K Free: 79950K (40%)
----------------- Invoking toplevel() on ptolemy.moml.MoMLSimpleApplication@4722de02
----------------- Done invoking toplevel() on ptolemy.moml.MoMLSimpleApplication@4722de02
reloadAllAccessors: .Default3

===========================================================================================
----------------- testing Fri Oct 02 00:59:58 UTC 2020 /home/travis/build/icyphy/ptII/ptolemy/domains/modal/test/auto/Default4.xml
----------------- Instantiating /home/travis/build/icyphy/ptII/ptolemy/domains/modal/test/auto/Default4.xml
6 ms. Memory: 199680K Free: 73806K (37%)
----------------- Invoking toplevel() on ptolemy.moml.MoMLSimpleApplication@59edd821
----------------- Done invoking toplevel() on ptolemy.moml.MoMLSimpleApplication@59edd821
reloadAllAccessors: .Default4

===========================================================================================
----------------- testing Fri Oct 02 00:59:58 UTC 2020 /home/travis/build/icyphy/ptII/ptolemy/domains/modal/test/auto/Default5.xml
----------------- Instantiating /home/travis/build/icyphy/ptII/ptolemy/domains/modal/test/auto/Default5.xml
5 ms. Memory: 199680K Free: 178750K (90%)
----------------- Invoking toplevel() on ptolemy.moml.MoMLSimpleApplication@73075e6a
----------------- Done invoking toplevel() on ptolemy.moml.MoMLSimpleApplication@73075e6a
reloadAllAccessors: .Default5

===========================================================================================
----------------- testing Fri Oct 02 00:59:59 UTC 2020 /home/travis/build/icyphy/ptII/ptolemy/domains/modal/test/auto/EmptyGuard.xml
----------------- Instantiating /home/travis/build/icyphy/ptII/ptolemy/domains/modal/test/auto/EmptyGuard.xml
8 ms. Memory: 199680K Free: 170566K (85%)
----------------- Invoking toplevel() on ptolemy.moml.MoMLSimpleApplication@342b8aa
----------------- Done invoking toplevel() on ptolemy.moml.MoMLSimpleApplication@342b8aa
reloadAllAccessors: .EmptyGuard

===========================================================================================
----------------- testing Fri Oct 02 00:59:59 UTC 2020 /home/travis/build/icyphy/ptII/ptolemy/domains/modal/test/auto/ErrorTransition1.xml
----------------- Instantiating /home/travis/build/icyphy/ptII/ptolemy/domains/modal/test/auto/ErrorTransition1.xml
9 ms. Memory: 199680K Free: 161356K (81%)
----------------- Invoking toplevel() on ptolemy.moml.MoMLSimpleApplication@101efef5
----------------- Done invoking toplevel() on ptolemy.moml.MoMLSimpleApplication@101efef5
reloadAllAccessors: .ErrorTransition1

===========================================================================================
----------------- testing Fri Oct 02 00:59:59 UTC 2020 /home/travis/build/icyphy/ptII/ptolemy/domains/modal/test/auto/ErrorTransition10.xml
----------------- Instantiating /home/travis/build/icyphy/ptII/ptolemy/domains/modal/test/auto/ErrorTransition10.xml
10 ms. Memory: 199680K Free: 147534K (74%)
----------------- Invoking toplevel() on ptolemy.moml.MoMLSimpleApplication@72ca45b1
----------------- Done invoking toplevel() on ptolemy.moml.MoMLSimpleApplication@72ca45b1
reloadAllAccessors: .ErrorTransition10

===========================================================================================
----------------- testing Fri Oct 02 00:59:59 UTC 2020 /home/travis/build/icyphy/ptII/ptolemy/domains/modal/test/auto/ErrorTransition11.xml
----------------- Instantiating /home/travis/build/icyphy/ptII/ptolemy/domains/modal/test/auto/ErrorTransition11.xml
4 ms. Memory: 199680K Free: 136270K (68%)
----------------- Invoking toplevel() on ptolemy.moml.MoMLSimpleApplication@503478db
----------------- Done invoking toplevel() on ptolemy.moml.MoMLSimpleApplication@503478db
reloadAllAccessors: .ErrorTransition11

===========================================================================================
----------------- testing Fri Oct 02 00:59:59 UTC 2020 /home/travis/build/icyphy/ptII/ptolemy/domains/modal/test/auto/ErrorTransition2.xml
----------------- Instantiating /home/travis/build/icyphy/ptII/ptolemy/domains/modal/test/auto/ErrorTransition2.xml
6 ms. Memory: 199680K Free: 127564K (64%)
----------------- Invoking toplevel() on ptolemy.moml.MoMLSimpleApplication@9214528
----------------- Done invoking toplevel() on ptolemy.moml.MoMLSimpleApplication@9214528
reloadAllAccessors: .ErrorTransition2

===========================================================================================
----------------- testing Fri Oct 02 00:59:59 UTC 2020 /home/travis/build/icyphy/ptII/ptolemy/domains/modal/test/auto/ErrorTransition3.xml
----------------- Instantiating /home/travis/build/icyphy/ptII/ptolemy/domains/modal/test/auto/ErrorTransition3.xml
19 ms. Memory: 199680K Free: 117838K (59%)
----------------- Invoking toplevel() on ptolemy.moml.MoMLSimpleApplication@a62e9b3
----------------- Done invoking toplevel() on ptolemy.moml.MoMLSimpleApplication@a62e9b3
reloadAllAccessors: .ErrorTransition3

===========================================================================================
----------------- testing Fri Oct 02 00:59:59 UTC 2020 /home/travis/build/icyphy/ptII/ptolemy/domains/modal/test/auto/ErrorTransition4.xml
----------------- Instantiating /home/travis/build/icyphy/ptII/ptolemy/domains/modal/test/auto/ErrorTransition4.xml
10 ms. Memory: 199680K Free: 106574K (53%)
----------------- Invoking toplevel() on ptolemy.moml.MoMLSimpleApplication@47ae1f9e
----------------- Done invoking toplevel() on ptolemy.moml.MoMLSimpleApplication@47ae1f9e
reloadAllAccessors: .ErrorTransition4

===========================================================================================
----------------- testing Fri Oct 02 00:59:59 UTC 2020 /home/travis/build/icyphy/ptII/ptolemy/domains/modal/test/auto/ErrorTransition5.xml
----------------- Instantiating /home/travis/build/icyphy/ptII/ptolemy/domains/modal/test/auto/ErrorTransition5.xml
7 ms. Memory: 199680K Free: 96334K (48%)
----------------- Invoking toplevel() on ptolemy.moml.MoMLSimpleApplication@4355a5bf
----------------- Done invoking toplevel() on ptolemy.moml.MoMLSimpleApplication@4355a5bf
reloadAllAccessors: .ErrorTransition5

===========================================================================================
----------------- testing Fri Oct 02 00:59:59 UTC 2020 /home/travis/build/icyphy/ptII/ptolemy/domains/modal/test/auto/ErrorTransition6.xml
----------------- Instantiating /home/travis/build/icyphy/ptII/ptolemy/domains/modal/test/auto/ErrorTransition6.xml
8 ms. Memory: 199680K Free: 85580K (43%)
----------------- Invoking toplevel() on ptolemy.moml.MoMLSimpleApplication@3b5867cd
----------------- Done invoking toplevel() on ptolemy.moml.MoMLSimpleApplication@3b5867cd
reloadAllAccessors: .ErrorTransition6

===========================================================================================
----------------- testing Fri Oct 02 00:59:59 UTC 2020 /home/travis/build/icyphy/ptII/ptolemy/domains/modal/test/auto/ErrorTransition7.xml
----------------- Instantiating /home/travis/build/icyphy/ptII/ptolemy/domains/modal/test/auto/ErrorTransition7.xml
13 ms. Memory: 199680K Free: 73286K (37%)
----------------- Invoking toplevel() on ptolemy.moml.MoMLSimpleApplication@1e59c81b
----------------- Done invoking toplevel() on ptolemy.moml.MoMLSimpleApplication@1e59c81b
reloadAllAccessors: .ErrorTransition7

===========================================================================================
----------------- testing Fri Oct 02 00:59:59 UTC 2020 /home/travis/build/icyphy/ptII/ptolemy/domains/modal/test/auto/ErrorTransition8.xml
----------------- Instantiating /home/travis/build/icyphy/ptII/ptolemy/domains/modal/test/auto/ErrorTransition8.xml
33 ms. Memory: 239616K Free: 214094K (89%)
----------------- Invoking toplevel() on ptolemy.moml.MoMLSimpleApplication@3e7dc2cf
----------------- Done invoking toplevel() on ptolemy.moml.MoMLSimpleApplication@3e7dc2cf
reloadAllAccessors: .ErrorTransition8

===========================================================================================
----------------- testing Fri Oct 02 00:59:59 UTC 2020 /home/travis/build/icyphy/ptII/ptolemy/domains/modal/test/auto/ErrorTransition9.xml
----------------- Instantiating /home/travis/build/icyphy/ptII/ptolemy/domains/modal/test/auto/ErrorTransition9.xml
10 ms. Memory: 239616K Free: 200254K (84%)
----------------- Invoking toplevel() on ptolemy.moml.MoMLSimpleApplication@681be607
----------------- Done invoking toplevel() on ptolemy.moml.MoMLSimpleApplication@681be607
reloadAllAccessors: .ErrorTransition9

===========================================================================================
----------------- testing Fri Oct 02 00:59:59 UTC 2020 /home/travis/build/icyphy/ptII/ptolemy/domains/modal/test/auto/ExtendedFSM.xml
----------------- Instantiating /home/travis/build/icyphy/ptII/ptolemy/domains/modal/test/auto/ExtendedFSM.xml
7 ms. Memory: 239616K Free: 192062K (80%)
----------------- Invoking toplevel() on ptolemy.moml.MoMLSimpleApplication@77ed3644
----------------- Done invoking toplevel() on ptolemy.moml.MoMLSimpleApplication@77ed3644
reloadAllAccessors: .ExtendedFSM

===========================================================================================
----------------- testing Fri Oct 02 00:59:59 UTC 2020 /home/travis/build/icyphy/ptII/ptolemy/domains/modal/test/auto/FinalStates.xml
----------------- Instantiating /home/travis/build/icyphy/ptII/ptolemy/domains/modal/test/auto/FinalStates.xml
7 ms. Memory: 239616K Free: 183854K (77%)
----------------- Invoking toplevel() on ptolemy.moml.MoMLSimpleApplication@2f827ab6
----------------- Done invoking toplevel() on ptolemy.moml.MoMLSimpleApplication@2f827ab6
reloadAllAccessors: .FinalStates

===========================================================================================
----------------- testing Fri Oct 02 00:59:59 UTC 2020 /home/travis/build/icyphy/ptII/ptolemy/domains/modal/test/auto/FixedPointFSM.xml
----------------- Instantiating /home/travis/build/icyphy/ptII/ptolemy/domains/modal/test/auto/FixedPointFSM.xml
16 ms. Memory: 239616K Free: 169038K (71%)
----------------- Invoking toplevel() on ptolemy.moml.MoMLSimpleApplication@e358288
----------------- Done invoking toplevel() on ptolemy.moml.MoMLSimpleApplication@e358288
reloadAllAccessors: .FixedPointFSM

===========================================================================================
----------------- testing Fri Oct 02 00:59:59 UTC 2020 /home/travis/build/icyphy/ptII/ptolemy/domains/modal/test/auto/FixedPointIterationFSMActor.xml
----------------- Instantiating /home/travis/build/icyphy/ptII/ptolemy/domains/modal/test/auto/FixedPointIterationFSMActor.xml
9 ms. Memory: 239616K Free: 158278K (66%)
----------------- Invoking toplevel() on ptolemy.moml.MoMLSimpleApplication@4eb896ec
----------------- Done invoking toplevel() on ptolemy.moml.MoMLSimpleApplication@4eb896ec
reloadAllAccessors: .FixedPointIterationFSMActor

===========================================================================================
----------------- testing Fri Oct 02 00:59:59 UTC 2020 /home/travis/build/icyphy/ptII/ptolemy/domains/modal/test/auto/FixedPointIterationFSMActor2.xml
----------------- Instantiating /home/travis/build/icyphy/ptII/ptolemy/domains/modal/test/auto/FixedPointIterationFSMActor2.xml
10 ms. Memory: 239616K Free: 146510K (61%)
----------------- Invoking toplevel() on ptolemy.moml.MoMLSimpleApplication@556e0a76
----------------- Done invoking toplevel() on ptolemy.moml.MoMLSimpleApplication@556e0a76
reloadAllAccessors: .FixedPointIterationFSMActor2

===========================================================================================
----------------- testing Fri Oct 02 00:59:59 UTC 2020 /home/travis/build/icyphy/ptII/ptolemy/domains/modal/test/auto/ForbiddenInstantanousLoop.xml
----------------- Instantiating /home/travis/build/icyphy/ptII/ptolemy/domains/modal/test/auto/ForbiddenInstantanousLoop.xml
6 ms. Memory: 239616K Free: 134222K (56%)
----------------- Invoking toplevel() on ptolemy.moml.MoMLSimpleApplication@183f3304
----------------- Done invoking toplevel() on ptolemy.moml.MoMLSimpleApplication@183f3304
reloadAllAccessors: .ForbiddenInstantanousLoop

===========================================================================================
----------------- testing Fri Oct 02 00:59:59 UTC 2020 /home/travis/build/icyphy/ptII/ptolemy/domains/modal/test/auto/FunctionDependencyOfFSMActorTest.xml
----------------- Instantiating /home/travis/build/icyphy/ptII/ptolemy/domains/modal/test/auto/FunctionDependencyOfFSMActorTest.xml
12 ms. Memory: 239616K Free: 127564K (53%)
----------------- Invoking toplevel() on ptolemy.moml.MoMLSimpleApplication@6116f732
----------------- Done invoking toplevel() on ptolemy.moml.MoMLSimpleApplication@6116f732
reloadAllAccessors: .FunctionDependencyOfFSMActorTest

===========================================================================================
----------------- testing Fri Oct 02 00:59:59 UTC 2020 /home/travis/build/icyphy/ptII/ptolemy/domains/modal/test/auto/GuardExpression.xml
----------------- Instantiating /home/travis/build/icyphy/ptII/ptolemy/domains/modal/test/auto/GuardExpression.xml
1 ms. Memory: 239616K Free: 122444K (51%)
----------------- Invoking toplevel() on ptolemy.moml.MoMLSimpleApplication@23687688
----------------- Done invoking toplevel() on ptolemy.moml.MoMLSimpleApplication@23687688
reloadAllAccessors: .GuardExpression

===========================================================================================
----------------- testing Fri Oct 02 00:59:59 UTC 2020 /home/travis/build/icyphy/ptII/ptolemy/domains/modal/test/auto/GuardNotEvaluated.xml
----------------- Instantiating /home/travis/build/icyphy/ptII/ptolemy/domains/modal/test/auto/GuardNotEvaluated.xml
7 ms. Memory: 239616K Free: 113742K (47%)
----------------- Invoking toplevel() on ptolemy.moml.MoMLSimpleApplication@2f5124f3
----------------- Done invoking toplevel() on ptolemy.moml.MoMLSimpleApplication@2f5124f3
reloadAllAccessors: .GuardNotEvaluated

===========================================================================================
----------------- testing Fri Oct 02 00:59:59 UTC 2020 /home/travis/build/icyphy/ptII/ptolemy/domains/modal/test/auto/GuardNotEvaluated2.xml
----------------- Instantiating /home/travis/build/icyphy/ptII/ptolemy/domains/modal/test/auto/GuardNotEvaluated2.xml
8 ms. Memory: 239616K Free: 104012K (43%)
----------------- Invoking toplevel() on ptolemy.moml.MoMLSimpleApplication@a8cb02d
----------------- Done invoking toplevel() on ptolemy.moml.MoMLSimpleApplication@a8cb02d
reloadAllAccessors: .GuardNotEvaluated2

===========================================================================================
----------------- testing Fri Oct 02 00:59:59 UTC 2020 /home/travis/build/icyphy/ptII/ptolemy/domains/modal/test/auto/GuardOnAbsent.xml
----------------- Instantiating /home/travis/build/icyphy/ptII/ptolemy/domains/modal/test/auto/GuardOnAbsent.xml
10 ms. Memory: 239616K Free: 96814K (40%)
----------------- Invoking toplevel() on ptolemy.moml.MoMLSimpleApplication@7b5e1ea
----------------- Done invoking toplevel() on ptolemy.moml.MoMLSimpleApplication@7b5e1ea
reloadAllAccessors: .GuardOnAbsent

===========================================================================================
----------------- testing Fri Oct 02 00:59:59 UTC 2020 /home/travis/build/icyphy/ptII/ptolemy/domains/modal/test/auto/HierarchicalFSMTypeInference.xml
----------------- Instantiating /home/travis/build/icyphy/ptII/ptolemy/domains/modal/test/auto/HierarchicalFSMTypeInference.xml
4 ms. Memory: 239616K Free: 86604K (36%)
----------------- Invoking toplevel() on ptolemy.moml.MoMLSimpleApplication@6c0b36d3
----------------- Done invoking toplevel() on ptolemy.moml.MoMLSimpleApplication@6c0b36d3
reloadAllAccessors: .HierarchicalFSMTypeInference

===========================================================================================
----------------- testing Fri Oct 02 00:59:59 UTC 2020 /home/travis/build/icyphy/ptII/ptolemy/domains/modal/test/auto/Hysteresis.xml
----------------- Instantiating /home/travis/build/icyphy/ptII/ptolemy/domains/modal/test/auto/Hysteresis.xml
13 ms. Memory: 239616K Free: 209982K (88%)
----------------- Invoking toplevel() on ptolemy.moml.MoMLSimpleApplication@40eaaf3e
----------------- Done invoking toplevel() on ptolemy.moml.MoMLSimpleApplication@40eaaf3e
reloadAllAccessors: .Hysteresis

===========================================================================================
----------------- testing Fri Oct 02 00:59:59 UTC 2020 /home/travis/build/icyphy/ptII/ptolemy/domains/modal/test/auto/HysteresisWithDefault.xml
----------------- Instantiating /home/travis/build/icyphy/ptII/ptolemy/domains/modal/test/auto/HysteresisWithDefault.xml
42 ms. Memory: 239616K Free: 186444K (78%)
----------------- Invoking toplevel() on ptolemy.moml.MoMLSimpleApplication@7940bfae
----------------- Done invoking toplevel() on ptolemy.moml.MoMLSimpleApplication@7940bfae
reloadAllAccessors: .HysteresisWithDefault

===========================================================================================
----------------- testing Fri Oct 02 00:59:59 UTC 2020 /home/travis/build/icyphy/ptII/ptolemy/domains/modal/test/auto/HysteresisWithDefault2.xml
----------------- Instantiating /home/travis/build/icyphy/ptII/ptolemy/domains/modal/test/auto/HysteresisWithDefault2.xml
44 ms. Memory: 239616K Free: 156748K (65%)
----------------- Invoking toplevel() on ptolemy.moml.MoMLSimpleApplication@57ab2d7e
----------------- Done invoking toplevel() on ptolemy.moml.MoMLSimpleApplication@57ab2d7e
reloadAllAccessors: .HysteresisWithDefault2

===========================================================================================
----------------- testing Fri Oct 02 01:00:00 UTC 2020 /home/travis/build/icyphy/ptII/ptolemy/domains/modal/test/auto/ImmediateNonConstructiveness.xml
----------------- Instantiating /home/travis/build/icyphy/ptII/ptolemy/domains/modal/test/auto/ImmediateNonConstructiveness.xml
3 ms. Memory: 239616K Free: 149550K (62%)
----------------- Invoking toplevel() on ptolemy.moml.MoMLSimpleApplication@2dc127d
----------------- Done invoking toplevel() on ptolemy.moml.MoMLSimpleApplication@2dc127d
reloadAllAccessors: .ImmediateNonConstructiveness

===========================================================================================
----------------- testing Fri Oct 02 01:00:00 UTC 2020 /home/travis/build/icyphy/ptII/ptolemy/domains/modal/test/auto/ImmediateNonConstructiveness2.xml
----------------- Instantiating /home/travis/build/icyphy/ptII/ptolemy/domains/modal/test/auto/ImmediateNonConstructiveness2.xml
1 ms. Memory: 239616K Free: 142926K (60%)
----------------- Invoking toplevel() on ptolemy.moml.MoMLSimpleApplication@74cac768
----------------- Done invoking toplevel() on ptolemy.moml.MoMLSimpleApplication@74cac768
reloadAllAccessors: .ImmediateNonConstructiveness2

===========================================================================================
----------------- testing Fri Oct 02 01:00:00 UTC 2020 /home/travis/build/icyphy/ptII/ptolemy/domains/modal/test/auto/ImmediateTransitionReset.xml
----------------- Instantiating /home/travis/build/icyphy/ptII/ptolemy/domains/modal/test/auto/ImmediateTransitionReset.xml
5 ms. Memory: 239616K Free: 131148K (55%)
----------------- Invoking toplevel() on ptolemy.moml.MoMLSimpleApplication@32540abb
----------------- Done invoking toplevel() on ptolemy.moml.MoMLSimpleApplication@32540abb
reloadAllAccessors: .ImmediateTransitionReset

===========================================================================================
----------------- testing Fri Oct 02 01:00:00 UTC 2020 /home/travis/build/icyphy/ptII/ptolemy/domains/modal/test/auto/ImmediateTransitions1.xml
----------------- Instantiating /home/travis/build/icyphy/ptII/ptolemy/domains/modal/test/auto/ImmediateTransitions1.xml
2 ms. Memory: 239616K Free: 126028K (53%)
----------------- Invoking toplevel() on ptolemy.moml.MoMLSimpleApplication@3d53805f
----------------- Done invoking toplevel() on ptolemy.moml.MoMLSimpleApplication@3d53805f
reloadAllAccessors: .ImmediateTransitions1

===========================================================================================
----------------- testing Fri Oct 02 01:00:00 UTC 2020 /home/travis/build/icyphy/ptII/ptolemy/domains/modal/test/auto/ImmediateTransitionsInstantaneousCommunication.xml
----------------- Instantiating /home/travis/build/icyphy/ptII/ptolemy/domains/modal/test/auto/ImmediateTransitionsInstantaneousCommunication.xml
4 ms. Memory: 239616K Free: 113740K (47%)
----------------- Invoking toplevel() on ptolemy.moml.MoMLSimpleApplication@6e5b70e2
----------------- Done invoking toplevel() on ptolemy.moml.MoMLSimpleApplication@6e5b70e2
reloadAllAccessors: .ImmediateTransitionsInstantaneousCommunication

===========================================================================================
----------------- testing Fri Oct 02 01:00:00 UTC 2020 /home/travis/build/icyphy/ptII/ptolemy/domains/modal/test/auto/InitialImmediateTransition.xml
----------------- Instantiating /home/travis/build/icyphy/ptII/ptolemy/domains/modal/test/auto/InitialImmediateTransition.xml
3 ms. Memory: 239616K Free: 106566K (44%)
----------------- Invoking toplevel() on ptolemy.moml.MoMLSimpleApplication@5d65d380
----------------- Done invoking toplevel() on ptolemy.moml.MoMLSimpleApplication@5d65d380
reloadAllAccessors: .InitialImmediateTransition

===========================================================================================
----------------- testing Fri Oct 02 01:00:00 UTC 2020 /home/travis/build/icyphy/ptII/ptolemy/domains/modal/test/auto/InitialOutputs.xml
----------------- Instantiating /home/travis/build/icyphy/ptII/ptolemy/domains/modal/test/auto/InitialOutputs.xml
2 ms. Memory: 239616K Free: 99918K (42%)
----------------- Invoking toplevel() on ptolemy.moml.MoMLSimpleApplication@21e12403
----------------- Done invoking toplevel() on ptolemy.moml.MoMLSimpleApplication@21e12403
reloadAllAccessors: .InitialOutputs

===========================================================================================
----------------- testing Fri Oct 02 01:00:00 UTC 2020 /home/travis/build/icyphy/ptII/ptolemy/domains/modal/test/auto/InitialStateTransition1.xml
----------------- Instantiating /home/travis/build/icyphy/ptII/ptolemy/domains/modal/test/auto/InitialStateTransition1.xml
2 ms. Memory: 239616K Free: 92750K (39%)
----------------- Invoking toplevel() on ptolemy.moml.MoMLSimpleApplication@16424900
----------------- Done invoking toplevel() on ptolemy.moml.MoMLSimpleApplication@16424900
reloadAllAccessors: .InitialStateTransition1

===========================================================================================
----------------- testing Fri Oct 02 01:00:00 UTC 2020 /home/travis/build/icyphy/ptII/ptolemy/domains/modal/test/auto/InitialStateTransition2.xml
----------------- Instantiating /home/travis/build/icyphy/ptII/ptolemy/domains/modal/test/auto/InitialStateTransition2.xml
.InitialStateTransition2.TestExceptionAttributeNonConstructive: initialize() was not invoked, but wrapup() was.  This is unusual, but not always a problem.  For example, exporting JNLP will do this.
3 ms. Memory: 239616K Free: 85582K (36%)
----------------- Invoking toplevel() on ptolemy.moml.MoMLSimpleApplication@46dcb60
----------------- Done invoking toplevel() on ptolemy.moml.MoMLSimpleApplication@46dcb60
reloadAllAccessors: .InitialStateTransition2

===========================================================================================
----------------- testing Fri Oct 02 01:00:00 UTC 2020 /home/travis/build/icyphy/ptII/ptolemy/domains/modal/test/auto/InitialStateTransition3.xml
----------------- Instantiating /home/travis/build/icyphy/ptII/ptolemy/domains/modal/test/auto/InitialStateTransition3.xml
3 ms. Memory: 239616K Free: 213068K (89%)
----------------- Invoking toplevel() on ptolemy.moml.MoMLSimpleApplication@6ccde62
----------------- Done invoking toplevel() on ptolemy.moml.MoMLSimpleApplication@6ccde62
reloadAllAccessors: .InitialStateTransition3

===========================================================================================
----------------- testing Fri Oct 02 01:00:00 UTC 2020 /home/travis/build/icyphy/ptII/ptolemy/domains/modal/test/auto/InitialStateTransition4.xml
----------------- Instantiating /home/travis/build/icyphy/ptII/ptolemy/domains/modal/test/auto/InitialStateTransition4.xml
2 ms. Memory: 239616K Free: 203342K (85%)
----------------- Invoking toplevel() on ptolemy.moml.MoMLSimpleApplication@2b3497af
----------------- Done invoking toplevel() on ptolemy.moml.MoMLSimpleApplication@2b3497af
reloadAllAccessors: .InitialStateTransition4

[...]
reloadAllAccessors: .TerminationTransition3

===========================================================================================
----------------- testing Fri Oct 02 01:00:02 UTC 2020 /home/travis/build/icyphy/ptII/ptolemy/domains/modal/test/auto/TerminationTransition4.xml
----------------- Instantiating /home/travis/build/icyphy/ptII/ptolemy/domains/modal/test/auto/TerminationTransition4.xml
4 ms. Memory: 287744K Free: 106948K (37%)
----------------- Invoking toplevel() on ptolemy.moml.MoMLSimpleApplication@17b8c013
----------------- Done invoking toplevel() on ptolemy.moml.MoMLSimpleApplication@17b8c013
reloadAllAccessors: .TerminationTransition4

===========================================================================================
----------------- testing Fri Oct 02 01:00:02 UTC 2020 /home/travis/build/icyphy/ptII/ptolemy/domains/modal/test/auto/TerminationTransition5.xml
----------------- Instantiating /home/travis/build/icyphy/ptII/ptolemy/domains/modal/test/auto/TerminationTransition5.xml
2 ms. Memory: 287744K Free: 260165K (90%)
----------------- Invoking toplevel() on ptolemy.moml.MoMLSimpleApplication@46d874d6
----------------- Done invoking toplevel() on ptolemy.moml.MoMLSimpleApplication@46d874d6
reloadAllAccessors: .TerminationTransition5

===========================================================================================
----------------- testing Fri Oct 02 01:00:02 UTC 2020 /home/travis/build/icyphy/ptII/ptolemy/domains/modal/test/auto/TerminationTransition6.xml
----------------- Instantiating /home/travis/build/icyphy/ptII/ptolemy/domains/modal/test/auto/TerminationTransition6.xml
1 ms. Memory: 287744K Free: 251307K (87%)
----------------- Invoking toplevel() on ptolemy.moml.MoMLSimpleApplication@76da99b6
----------------- Done invoking toplevel() on ptolemy.moml.MoMLSimpleApplication@76da99b6
reloadAllAccessors: .TerminationTransition6

===========================================================================================
----------------- testing Fri Oct 02 01:00:02 UTC 2020 /home/travis/build/icyphy/ptII/ptolemy/domains/modal/test/auto/TerminationTransition7.xml
----------------- Instantiating /home/travis/build/icyphy/ptII/ptolemy/domains/modal/test/auto/TerminationTransition7.xml
2 ms. Memory: 287744K Free: 242091K (84%)
----------------- Invoking toplevel() on ptolemy.moml.MoMLSimpleApplication@1d801ccf
----------------- Done invoking toplevel() on ptolemy.moml.MoMLSimpleApplication@1d801ccf
reloadAllAccessors: .TerminationTransition7

===========================================================================================
----------------- testing Fri Oct 02 01:00:02 UTC 2020 /home/travis/build/icyphy/ptII/ptolemy/domains/modal/test/auto/TerminationTransition8.xml
----------------- Instantiating /home/travis/build/icyphy/ptII/ptolemy/domains/modal/test/auto/TerminationTransition8.xml
1 ms. Memory: 287744K Free: 232875K (81%)
----------------- Invoking toplevel() on ptolemy.moml.MoMLSimpleApplication@689dd1f6
----------------- Done invoking toplevel() on ptolemy.moml.MoMLSimpleApplication@689dd1f6
reloadAllAccessors: .TerminationTransition8

===========================================================================================
----------------- testing Fri Oct 02 01:00:02 UTC 2020 /home/travis/build/icyphy/ptII/ptolemy/domains/modal/test/auto/Thermostat_NoHysteresis.xml
----------------- Instantiating /home/travis/build/icyphy/ptII/ptolemy/domains/modal/test/auto/Thermostat_NoHysteresis.xml
24 ms. Memory: 287744K Free: 208299K (72%)
----------------- Invoking toplevel() on ptolemy.moml.MoMLSimpleApplication@4e6824e8
----------------- Done invoking toplevel() on ptolemy.moml.MoMLSimpleApplication@4e6824e8
reloadAllAccessors: .Thermostat_NoHysteresis

===========================================================================================
----------------- testing Fri Oct 02 01:00:02 UTC 2020 /home/travis/build/icyphy/ptII/ptolemy/domains/modal/test/auto/TimedFSM.xml
----------------- Instantiating /home/travis/build/icyphy/ptII/ptolemy/domains/modal/test/auto/TimedFSM.xml
8 ms. Memory: 287744K Free: 196525K (68%)
----------------- Invoking toplevel() on ptolemy.moml.MoMLSimpleApplication@56d3a416
----------------- Done invoking toplevel() on ptolemy.moml.MoMLSimpleApplication@56d3a416
reloadAllAccessors: .TimedFSM

===========================================================================================
----------------- testing Fri Oct 02 01:00:02 UTC 2020 /home/travis/build/icyphy/ptII/ptolemy/domains/modal/test/auto/Timeout1.xml
----------------- Instantiating /home/travis/build/icyphy/ptII/ptolemy/domains/modal/test/auto/Timeout1.xml
3 ms. Memory: 287744K Free: 190877K (66%)
----------------- Invoking toplevel() on ptolemy.moml.MoMLSimpleApplication@540b3d40
----------------- Done invoking toplevel() on ptolemy.moml.MoMLSimpleApplication@540b3d40
reloadAllAccessors: .Timeout1

===========================================================================================
----------------- testing Fri Oct 02 01:00:02 UTC 2020 /home/travis/build/icyphy/ptII/ptolemy/domains/modal/test/auto/Timeout2.xml
----------------- Instantiating /home/travis/build/icyphy/ptII/ptolemy/domains/modal/test/auto/Timeout2.xml
8 ms. Memory: 287744K Free: 182189K (63%)
----------------- Invoking toplevel() on ptolemy.moml.MoMLSimpleApplication@22719d24
----------------- Done invoking toplevel() on ptolemy.moml.MoMLSimpleApplication@22719d24
reloadAllAccessors: .Timeout2

===========================================================================================
----------------- testing Fri Oct 02 01:00:02 UTC 2020 /home/travis/build/icyphy/ptII/ptolemy/domains/modal/test/auto/Timeout3.xml
----------------- Instantiating /home/travis/build/icyphy/ptII/ptolemy/domains/modal/test/auto/Timeout3.xml
2 ms. Memory: 287744K Free: 177069K (62%)
----------------- Invoking toplevel() on ptolemy.moml.MoMLSimpleApplication@66a33c74
----------------- Done invoking toplevel() on ptolemy.moml.MoMLSimpleApplication@66a33c74
reloadAllAccessors: .Timeout3

===========================================================================================
----------------- testing Fri Oct 02 01:00:02 UTC 2020 /home/travis/build/icyphy/ptII/ptolemy/domains/modal/test/auto/Timeout4.xml
----------------- Instantiating /home/travis/build/icyphy/ptII/ptolemy/domains/modal/test/auto/Timeout4.xml
1 ms. Memory: 287744K Free: 171949K (60%)
----------------- Invoking toplevel() on ptolemy.moml.MoMLSimpleApplication@1aded2c6
----------------- Done invoking toplevel() on ptolemy.moml.MoMLSimpleApplication@1aded2c6
reloadAllAccessors: .Timeout4

===========================================================================================
----------------- testing Fri Oct 02 01:00:02 UTC 2020 /home/travis/build/icyphy/ptII/ptolemy/domains/modal/test/auto/TransientstateModelAdvanced.xml
----------------- Instantiating /home/travis/build/icyphy/ptII/ptolemy/domains/modal/test/auto/TransientstateModelAdvanced.xml
3 ms. Memory: 287744K Free: 159661K (55%)
----------------- Invoking toplevel() on ptolemy.moml.MoMLSimpleApplication@d156297
----------------- Done invoking toplevel() on ptolemy.moml.MoMLSimpleApplication@d156297
reloadAllAccessors: .TransientstateModelAdvanced

===========================================================================================
----------------- testing Fri Oct 02 01:00:02 UTC 2020 /home/travis/build/icyphy/ptII/ptolemy/domains/modal/test/auto/TransientstateModelAdvanced2.xml
----------------- Instantiating /home/travis/build/icyphy/ptII/ptolemy/domains/modal/test/auto/TransientstateModelAdvanced2.xml
3 ms. Memory: 287744K Free: 145325K (51%)
----------------- Invoking toplevel() on ptolemy.moml.MoMLSimpleApplication@40259514
----------------- Done invoking toplevel() on ptolemy.moml.MoMLSimpleApplication@40259514
reloadAllAccessors: .transientstatemodelAdvanced

===========================================================================================
----------------- testing Fri Oct 02 01:00:02 UTC 2020 /home/travis/build/icyphy/ptII/ptolemy/domains/modal/test/auto/TransitionRefinements.xml
----------------- Instantiating /home/travis/build/icyphy/ptII/ptolemy/domains/modal/test/auto/TransitionRefinements.xml
7 ms. Memory: 287744K Free: 135581K (47%)
----------------- Invoking toplevel() on ptolemy.moml.MoMLSimpleApplication@59acd6a4
----------------- Done invoking toplevel() on ptolemy.moml.MoMLSimpleApplication@59acd6a4
reloadAllAccessors: .TransitionRefinements

===========================================================================================
----------------- testing Fri Oct 02 01:00:02 UTC 2020 /home/travis/build/icyphy/ptII/ptolemy/domains/modal/test/auto/TwoRefinements1.xml
----------------- Instantiating /home/travis/build/icyphy/ptII/ptolemy/domains/modal/test/auto/TwoRefinements1.xml
3 ms. Memory: 287744K Free: 125869K (44%)
----------------- Invoking toplevel() on ptolemy.moml.MoMLSimpleApplication@db0e9ee
----------------- Done invoking toplevel() on ptolemy.moml.MoMLSimpleApplication@db0e9ee
reloadAllAccessors: .TwoRefinements1

===========================================================================================
----------------- testing Fri Oct 02 01:00:02 UTC 2020 /home/travis/build/icyphy/ptII/ptolemy/domains/modal/test/auto/TwoRefinements2.xml
----------------- Instantiating /home/travis/build/icyphy/ptII/ptolemy/domains/modal/test/auto/TwoRefinements2.xml
2 ms. Memory: 287744K Free: 115629K (40%)
----------------- Invoking toplevel() on ptolemy.moml.MoMLSimpleApplication@6b50225
----------------- Done invoking toplevel() on ptolemy.moml.MoMLSimpleApplication@6b50225
reloadAllAccessors: .TwoRefinements2

===========================================================================================
----------------- testing Fri Oct 02 01:00:02 UTC 2020 /home/travis/build/icyphy/ptII/ptolemy/domains/modal/test/auto/WeakImmediateTransition.xml
----------------- Instantiating /home/travis/build/icyphy/ptII/ptolemy/domains/modal/test/auto/WeakImmediateTransition.xml
2 ms. Memory: 287744K Free: 106923K (37%)
----------------- Invoking toplevel() on ptolemy.moml.MoMLSimpleApplication@68453d5a
----------------- Done invoking toplevel() on ptolemy.moml.MoMLSimpleApplication@68453d5a
reloadAllAccessors: .WeakImmediateTransition

===========================================================================================
----------------- testing Fri Oct 02 01:00:02 UTC 2020 /home/travis/build/icyphy/ptII/ptolemy/domains/modal/test/auto/booleanSelect.xml
----------------- Instantiating /home/travis/build/icyphy/ptII/ptolemy/domains/modal/test/auto/booleanSelect.xml
46 ms. Memory: 287744K Free: 257516K (89%)
----------------- Invoking toplevel() on ptolemy.moml.MoMLSimpleApplication@1355e78b
----------------- Done invoking toplevel() on ptolemy.moml.MoMLSimpleApplication@1355e78b
reloadAllAccessors: .booleanSelect

===========================================================================================
----------------- testing Fri Oct 02 01:00:02 UTC 2020 /home/travis/build/icyphy/ptII/ptolemy/domains/modal/test/auto/modalChangingParams.xml
----------------- Instantiating /home/travis/build/icyphy/ptII/ptolemy/domains/modal/test/auto/modalChangingParams.xml
0
1
0
2
4
6
8
7
0
2
4
6
8
13
0
2
4
6
8
19
0
2
4
6
8
25
0
2
4
6
8
31
0
2
4
6
8
37
0
2
4
6
8
43
0
2
4
6
8
49
0
2
4
6
8
55
0
2
4
6
8
61
0
2
4
6
8
67
0
2
4
6
8
73
0
2
4
6
8
79
0
2
4
6
8
85
0
2
4
6
8
91
0
2
4
6
8
97
0
2
4
6
8
103
0
2
4
6
8
109
0
2
4
6
8
115
0
2
4
6
8
121
0
2
4
6
8
127
0
2
4
6
8
133
0
2
4
6
8
139
0
2
4
6
8
145
0
2
4
6
8
151
0
2
4
6
8
157
0
2
4
6
8
163
0
2
4
6
8
169
0
2
4
6
8
175
0
2
4
6
8
181
0
2
4
6
8
187
0
2
4
6
8
193
0
2
4
6
8
199
0
2
4
6
8
205
0
2
4
6
8
211
0
2
4
6
8
217
0
2
4
6
8
223
0
2
4
6
8
229
0
2
4
6
8
235
0
2
4
6
8
241
0
2
4
6
8
247
0
2
4
6
8
253
0
2
4
6
8
259
0
2
4
6
8
265
0
2
4
6
8
271
0
2
4
6
8
277
0
2
4
6
8
283
0
2
4
6
8
289
0
2
4
6
8
295
0
2
4
6
8
301
0
2
4
6
8
307
0
2
4
6
8
313
0
2
4
6
8
319
0
2
4
6
8
325
0
2
4
6
8
331
0
2
4
6
8
337
0
2
4
6
8
343
0
2
4
6
8
349
0
2
4
6
8
355
0
2
4
6
8
361
0
2
4
6
8
367
0
2
4
6
8
373
0
2
4
6
8
379
0
2
4
6
8
385
0
2
4
6
8
391
0
2
4
6
8
397
0
2
4
6
8
403
0
2
4
6
8
409
0
2
4
6
8
415
0
2
4
6
8
421
0
2
4
6
8
427
0
2
4
6
8
433
0
2
4
6
8
439
0
2
4
6
8
445
0
2
4
6
8
451
0
2
4
6
8
457
0
2
4
6
8
463
0
2
4
6
8
469
0
2
4
6
8
475
0
2
4
6
8
481
0
2
4
6
8
487
0
2
4
6
8
493
0
2
4
6
8
499
0
2
4
6
8
505
0
2
4
6
8
511
0
2
4
6
8
517
0
2
4
6
8
523
0
2
4
6
8
529
0
2
4
6
8
535
0
2
4
6
8
541
0
2
4
6
8
547
0
2
4
6
8
553
0
2
4
6
8
559
0
2
4
6
8
565
0
2
4
6
8
571
0
2
4
6
8
577
0
2
4
6
8
583
0
2
4
6
8
589
0
2
4
6
8
595
0
2
4
6
8
601
0
2
4
6
8
607
0
2
4
6
8
613
0
2
4
6
8
619
0
2
4
6
8
625
0
2
4
6
8
631
0
2
4
6
8
637
0
2
4
6
8
643
0
2
4
6
8
649
0
2
4
6
8
655
0
2
4
6
8
661
0
2
4
6
8
667
0
2
4
6
8
673
0
2
4
6
8
679
0
2
4
6
8
685
0
2
4
6
8
691
0
2
4
6
8
697
0
2
4
6
8
703
0
2
4
6
8
709
0
2
4
6
8
715
0
2
4
6
8
721
0
2
4
6
8
727
0
2
4
6
8
733
0
2
4
6
8
739
0
2
4
6
8
745
0
2
4
6
8
751
0
2
4
6
8
757
0
2
4
6
8
763
0
2
4
6
8
769
0
2
4
6
8
775
0
2
4
6
8
781
0
2
4
6
8
787
0
2
4
6
8
793
0
2
4
6
8
799
0
2
4
6
8
805
0
2
4
6
8
811
0
2
4
6
8
817
0
2
4
6
8
823
0
2
4
6
8
829
0
2
4
6
8
835
0
2
4
6
8
841
0
2
4
6
8
847
0
2
4
6
8
853
0
2
4
6
8
859
0
2
4
6
8
865
0
2
4
6
8
871
0
2
4
6
8
877
0
2
4
6
8
883
0
2
4
6
8
889
0
2
4
6
8
895
0
2
4
6
8
901
0
2
4
6
8
907
0
2
4
6
8
913
0
2
4
6
8
919
0
2
4
6
8
925
0
2
4
6
8
931
0
2
4
6
8
937
0
2
4
6
8
943
0
2
4
6
8
949
0
2
4
6
8
955
0
2
4
6
8
961
0
2
4
6
8
967
0
2
4
6
8
973
0
2
4
6
8
979
0
2
4
6
8
985
0
2
4
6
8
991
0
2
4
6
8
997
0
2
287 ms. Memory: 287744K Free: 142631K (50%)
----------------- Invoking toplevel() on ptolemy.moml.MoMLSimpleApplication@25bc8856
----------------- Done invoking toplevel() on ptolemy.moml.MoMLSimpleApplication@25bc8856
reloadAllAccessors: .modalChangingParams

===========================================================================================
----------------- testing Fri Oct 02 01:00:02 UTC 2020 /home/travis/build/icyphy/ptII/ptolemy/domains/modal/test/auto/modalModel.xml
----------------- Instantiating /home/travis/build/icyphy/ptII/ptolemy/domains/modal/test/auto/modalModel.xml
4 ms. Memory: 287744K Free: 133911K (47%)
----------------- Invoking toplevel() on ptolemy.moml.MoMLSimpleApplication@3cf61f8c
----------------- Done invoking toplevel() on ptolemy.moml.MoMLSimpleApplication@3cf61f8c
reloadAllAccessors: .modalModel

===========================================================================================
----------------- testing Fri Oct 02 01:00:02 UTC 2020 /home/travis/build/icyphy/ptII/ptolemy/domains/modal/test/auto/modalModel2.xml
----------------- Instantiating /home/travis/build/icyphy/ptII/ptolemy/domains/modal/test/auto/modalModel2.xml
9 ms. Memory: 287744K Free: 123175K (43%)
----------------- Invoking toplevel() on ptolemy.moml.MoMLSimpleApplication@33e9f08e
----------------- Done invoking toplevel() on ptolemy.moml.MoMLSimpleApplication@33e9f08e
reloadAllAccessors: .modalModel2

===========================================================================================
----------------- testing Fri Oct 02 01:00:03 UTC 2020 /home/travis/build/icyphy/ptII/ptolemy/domains/modal/test/auto/modalModel3.xml
----------------- Instantiating /home/travis/build/icyphy/ptII/ptolemy/domains/modal/test/auto/modalModel3.xml
0	0	0
3	2	1
6	4	2
9	6	3
4	0	4
7	2	5
10	4	6
13	6	7
8	0	8
11	2	9
14	4	10
17	6	11
12	0	12
15	2	13
18	4	14
15 ms. Memory: 287744K Free: 108311K (38%)
----------------- Invoking toplevel() on ptolemy.moml.MoMLSimpleApplication@72b62167
----------------- Done invoking toplevel() on ptolemy.moml.MoMLSimpleApplication@72b62167
reloadAllAccessors: .modalModel3

===========================================================================================
----------------- testing Fri Oct 02 01:00:03 UTC 2020 /home/travis/build/icyphy/ptII/ptolemy/domains/modal/test/auto/model1.xml
----------------- Instantiating /home/travis/build/icyphy/ptII/ptolemy/domains/modal/test/auto/model1.xml
10 ms. Memory: 287744K Free: 102695K (36%)
----------------- Invoking toplevel() on ptolemy.moml.MoMLSimpleApplication@f428d41
----------------- Done invoking toplevel() on ptolemy.moml.MoMLSimpleApplication@f428d41
reloadAllAccessors: .model1

===========================================================================================
----------------- testing Fri Oct 02 01:00:03 UTC 2020 /home/travis/build/icyphy/ptII/ptolemy/domains/modal/test/auto/test-direct-in-out.xml
----------------- Instantiating /home/travis/build/icyphy/ptII/ptolemy/domains/modal/test/auto/test-direct-in-out.xml
6 ms. Memory: 347136K Free: 322963K (93%)
----------------- Invoking toplevel() on ptolemy.moml.MoMLSimpleApplication@74d7a866
----------------- Done invoking toplevel() on ptolemy.moml.MoMLSimpleApplication@74d7a866
reloadAllAccessors: .test-direct-in-out
AutoTests.java: About to close Vertx.
AutoTests.java: Vertx closed.
]]></system-out>
  <system-err><![CDATA[java.lang.RuntimeException: Execution failed
	at ptolemy.moml.MoMLSimpleApplication$UnloadThread.run(MoMLSimpleApplication.java:402)
Caused by: ptolemy.kernel.util.IllegalActionException: Unknown inputs remain. Possible causality loop:
L_model_1893289564i

  in .CannotAnalysisWithPreemption.model_1893289564_region_1 and .CannotAnalysisWithPreemption.model_1893289564_region_1.L_model_1893289564i
	at ptolemy.actor.sched.FixedPointDirector.postfire(FixedPointDirector.java:515)
	at ptolemy.domains.sr.kernel.SRDirector.postfire(SRDirector.java:417)
	at ptolemy.actor.CompositeActor.postfire(CompositeActor.java:1668)
	at ptolemy.actor.Manager.iterate(Manager.java:852)
	at ptolemy.actor.Manager.execute(Manager.java:369)
	at ptolemy.actor.Manager.run(Manager.java:1263)
	at ptolemy.actor.Manager$PtolemyRunThread.run(Manager.java:1933)
java.lang.reflect.InvocationTargetException
	at java.base/jdk.internal.reflect.NativeConstructorAccessorImpl.newInstance0(Native Method)
	at java.base/jdk.internal.reflect.NativeConstructorAccessorImpl.newInstance(NativeConstructorAccessorImpl.java:62)
	at java.base/jdk.internal.reflect.DelegatingConstructorAccessorImpl.newInstance(DelegatingConstructorAccessorImpl.java:45)
	at java.base/java.lang.reflect.Constructor.newInstance(Constructor.java:490)
	at ptolemy.util.test.junit.AutoKnownFailedTests.RunModel(AutoKnownFailedTests.java:105)
	at java.base/jdk.internal.reflect.NativeMethodAccessorImpl.invoke0(Native Method)
	at java.base/jdk.internal.reflect.NativeMethodAccessorImpl.invoke(NativeMethodAccessorImpl.java:62)
	at java.base/jdk.internal.reflect.DelegatingMethodAccessorImpl.invoke(DelegatingMethodAccessorImpl.java:43)
	at java.base/java.lang.reflect.Method.invoke(Method.java:566)
	at org.junit.runners.model.FrameworkMethod$1.runReflectiveCall(FrameworkMethod.java:44)
	at org.junit.internal.runners.model.ReflectiveCallable.run(ReflectiveCallable.java:15)
	at org.junit.runners.model.FrameworkMethod.invokeExplosively(FrameworkMethod.java:41)
	at junitparams.internal.InvokeParameterisedMethod.evaluate(InvokeParameterisedMethod.java:102)
	at org.junit.internal.runners.statements.FailOnTimeout$1.run(FailOnTimeout.java:28)
Caused by: ptolemy.kernel.util.IllegalActionException: Unknown inputs remain. Possible causality loop:
L_model_1893289564i

  in .CannotAnalysisWithPreemption.model_1893289564_region_1 and .CannotAnalysisWithPreemption.model_1893289564_region_1.L_model_1893289564i
	at ptolemy.actor.sched.FixedPointDirector.postfire(FixedPointDirector.java:515)
	at ptolemy.domains.sr.kernel.SRDirector.postfire(SRDirector.java:417)
	at ptolemy.actor.CompositeActor.postfire(CompositeActor.java:1668)
	at ptolemy.actor.Manager.iterate(Manager.java:852)
	at ptolemy.actor.Manager.execute(Manager.java:369)
	at ptolemy.actor.Manager.run(Manager.java:1263)
	at ptolemy.actor.Manager$PtolemyRunThread.run(Manager.java:1933)
]]></system-err>
</testsuite>
