<?xml version="1.0" encoding="UTF-8" ?>
<testsuite errors="0" failures="0" hostname="travis-job-ce6e6f0b-3a05-422d-b312-839aa70a11d8" name="ptolemy.domains.de.test.junit.JUnitTclTest" skipped="0" tests="101" time="123.211" timestamp="2021-08-23T21:10:22">
  <properties>
[...]
</properties>
  <testcase classname="ptolemy.util.test.junit.TclTests" name="[0] /home/travis/build/icyphy/ptII/ptolemy/domains/de/test/DependencyLoop.tcl (RunTclFile)" time="0.956" />
  <testcase classname="ptolemy.util.test.junit.TclTests" name="[1] /home/travis/build/icyphy/ptII/ptolemy/domains/de/test/RunDETestsAsQSS.tcl (RunTclFile)" time="83.453" />
  <testcase classname="ptolemy.util.test.junit.AutoKnownFailedTests" name="[0] /home/travis/build/icyphy/ptII/ptolemy/domains/de/test/auto/knownFailedTests/DESDFClockTest.xml (RunModel)" time="2.053" />
  <testcase classname="ptolemy.util.test.junit.AutoKnownFailedTests" name="[1] /home/travis/build/icyphy/ptII/ptolemy/domains/de/test/auto/knownFailedTests/DirectFeedback.xml (RunModel)" time="0.016" />
  <testcase classname="ptolemy.util.test.junit.AutoKnownFailedTests" name="[2] /home/travis/build/icyphy/ptII/ptolemy/domains/de/test/auto/knownFailedTests/FSMSource.xml (RunModel)" time="0.035" />
  <testcase classname="ptolemy.util.test.junit.AutoKnownFailedTests" name="[3] /home/travis/build/icyphy/ptII/ptolemy/domains/de/test/auto/knownFailedTests/HierarchicalModel.xml (RunModel)" time="0.039" />
  <testcase classname="ptolemy.util.test.junit.AutoKnownFailedTests" name="[4] /home/travis/build/icyphy/ptII/ptolemy/domains/de/test/auto/knownFailedTests/dependencyLoop.xml (RunModel)" time="0.046" />
  <testcase classname="ptolemy.util.test.junit.AutoKnownFailedTests" name="[5] /home/travis/build/icyphy/ptII/ptolemy/domains/de/test/auto/knownFailedTests/dependencyLoop2.xml (RunModel)" time="0.048" />
  <testcase classname="ptolemy.util.test.junit.AutoNameArchTests" name="[0] ThereAreNoAutoArchTests (RunModel)" time="0.002" />
  <testcase classname="ptolemy.util.test.junit.AutoTests" name="[0] /home/travis/build/icyphy/ptII/ptolemy/domains/de/test/auto/ActorDepthCalculation_actorWithoutPorts.xml (RunModel)" time="0.024" />
  <testcase classname="ptolemy.util.test.junit.AutoTests" name="[1] /home/travis/build/icyphy/ptII/ptolemy/domains/de/test/auto/AssemblyLine.xml (RunModel)" time="0.019" />
  <testcase classname="ptolemy.util.test.junit.AutoTests" name="[2] /home/travis/build/icyphy/ptII/ptolemy/domains/de/test/auto/CQBug1.xml (RunModel)" time="0.009" />
  <testcase classname="ptolemy.util.test.junit.AutoTests" name="[3] /home/travis/build/icyphy/ptII/ptolemy/domains/de/test/auto/CancelFireAt.xml (RunModel)" time="0.023" />
  <testcase classname="ptolemy.util.test.junit.AutoTests" name="[4] /home/travis/build/icyphy/ptII/ptolemy/domains/de/test/auto/CausalityAndComposabilityAnalysis.xml (RunModel)" time="0.019" />
  <testcase classname="ptolemy.util.test.junit.AutoTests" name="[5] /home/travis/build/icyphy/ptII/ptolemy/domains/de/test/auto/CausalityInterface1.xml (RunModel)" time="0.013" />
  <testcase classname="ptolemy.util.test.junit.AutoTests" name="[6] /home/travis/build/icyphy/ptII/ptolemy/domains/de/test/auto/CausalityInterface15.xml (RunModel)" time="0.015" />
  <testcase classname="ptolemy.util.test.junit.AutoTests" name="[7] /home/travis/build/icyphy/ptII/ptolemy/domains/de/test/auto/CausalityInterface2.xml (RunModel)" time="0.015" />
  <testcase classname="ptolemy.util.test.junit.AutoTests" name="[8] /home/travis/build/icyphy/ptII/ptolemy/domains/de/test/auto/CausalityInterface3.xml (RunModel)" time="0.012" />
  <testcase classname="ptolemy.util.test.junit.AutoTests" name="[9] /home/travis/build/icyphy/ptII/ptolemy/domains/de/test/auto/ClockDrift.xml (RunModel)" time="0.038" />
  <testcase classname="ptolemy.util.test.junit.AutoTests" name="[10] /home/travis/build/icyphy/ptII/ptolemy/domains/de/test/auto/ClockDriftAndValueChange.xml (RunModel)" time="0.031" />
  <testcase classname="ptolemy.util.test.junit.AutoTests" name="[11] /home/travis/build/icyphy/ptII/ptolemy/domains/de/test/auto/ClockDriftChange.xml (RunModel)" time="0.029" />
  <testcase classname="ptolemy.util.test.junit.AutoTests" name="[12] /home/travis/build/icyphy/ptII/ptolemy/domains/de/test/auto/ComposableCausalityAnalysis.xml (RunModel)" time="0.014" />
  <testcase classname="ptolemy.util.test.junit.AutoTests" name="[13] /home/travis/build/icyphy/ptII/ptolemy/domains/de/test/auto/DEFixedPointLimitation.xml (RunModel)" time="0.01" />
  <testcase classname="ptolemy.util.test.junit.AutoTests" name="[14] /home/travis/build/icyphy/ptII/ptolemy/domains/de/test/auto/DEScheduleTest.xml (RunModel)" time="0.015" />
  <testcase classname="ptolemy.util.test.junit.AutoTests" name="[15] /home/travis/build/icyphy/ptII/ptolemy/domains/de/test/auto/DEinDEwithStartTimes.xml (RunModel)" time="0.017" />
  <testcase classname="ptolemy.util.test.junit.AutoTests" name="[16] /home/travis/build/icyphy/ptII/ptolemy/domains/de/test/auto/DEinDEwithStartTimes2.xml (RunModel)" time="0.019" />
  <testcase classname="ptolemy.util.test.junit.AutoTests" name="[17] /home/travis/build/icyphy/ptII/ptolemy/domains/de/test/auto/DateDemo.xml (RunModel)" time="0.038" />
  <testcase classname="ptolemy.util.test.junit.AutoTests" name="[18] /home/travis/build/icyphy/ptII/ptolemy/domains/de/test/auto/DateToEvent.xml (RunModel)" time="2.042" />
  <testcase classname="ptolemy.util.test.junit.AutoTests" name="[19] /home/travis/build/icyphy/ptII/ptolemy/domains/de/test/auto/DepthTest1.xml (RunModel)" time="0.012" />
  <testcase classname="ptolemy.util.test.junit.AutoTests" name="[20] /home/travis/build/icyphy/ptII/ptolemy/domains/de/test/auto/DepthTest2.xml (RunModel)" time="0.029" />
  <testcase classname="ptolemy.util.test.junit.AutoTests" name="[21] /home/travis/build/icyphy/ptII/ptolemy/domains/de/test/auto/DepthTest3.xml (RunModel)" time="0.02" />
  <testcase classname="ptolemy.util.test.junit.AutoTests" name="[22] /home/travis/build/icyphy/ptII/ptolemy/domains/de/test/auto/DepthTest4.xml (RunModel)" time="0.023" />
  <testcase classname="ptolemy.util.test.junit.AutoTests" name="[23] /home/travis/build/icyphy/ptII/ptolemy/domains/de/test/auto/DepthTest5.xml (RunModel)" time="0.014" />
  <testcase classname="ptolemy.util.test.junit.AutoTests" name="[24] /home/travis/build/icyphy/ptII/ptolemy/domains/de/test/auto/DepthTest6.xml (RunModel)" time="0.017" />
  <testcase classname="ptolemy.util.test.junit.AutoTests" name="[25] /home/travis/build/icyphy/ptII/ptolemy/domains/de/test/auto/DepthTest7.xml (RunModel)" time="0.019" />
  <testcase classname="ptolemy.util.test.junit.AutoTests" name="[26] /home/travis/build/icyphy/ptII/ptolemy/domains/de/test/auto/EventToDate.xml (RunModel)" time="3.031" />
  <testcase classname="ptolemy.util.test.junit.AutoTests" name="[27] /home/travis/build/icyphy/ptII/ptolemy/domains/de/test/auto/FSM1.xml (RunModel)" time="0.051" />
  <testcase classname="ptolemy.util.test.junit.AutoTests" name="[28] /home/travis/build/icyphy/ptII/ptolemy/domains/de/test/auto/FSM7.xml (RunModel)" time="0.036" />
  <testcase classname="ptolemy.util.test.junit.AutoTests" name="[29] /home/travis/build/icyphy/ptII/ptolemy/domains/de/test/auto/Inspection.xml (RunModel)" time="0.044" />
  <testcase classname="ptolemy.util.test.junit.AutoTests" name="[30] /home/travis/build/icyphy/ptII/ptolemy/domains/de/test/auto/Iteration.xml (RunModel)" time="0.025" />
  <testcase classname="ptolemy.util.test.junit.AutoTests" name="[31] /home/travis/build/icyphy/ptII/ptolemy/domains/de/test/auto/LineFault.xml (RunModel)" time="0.543" />
  <testcase classname="ptolemy.util.test.junit.AutoTests" name="[32] /home/travis/build/icyphy/ptII/ptolemy/domains/de/test/auto/MergeModel1Add.xml (RunModel)" time="0.05" />
  <testcase classname="ptolemy.util.test.junit.AutoTests" name="[33] /home/travis/build/icyphy/ptII/ptolemy/domains/de/test/auto/MergeModel2Add.xml (RunModel)" time="0.033" />
  <testcase classname="ptolemy.util.test.junit.AutoTests" name="[34] /home/travis/build/icyphy/ptII/ptolemy/domains/de/test/auto/MergeModel3Add.xml (RunModel)" time="0.041" />
  <testcase classname="ptolemy.util.test.junit.AutoTests" name="[35] /home/travis/build/icyphy/ptII/ptolemy/domains/de/test/auto/MergeWithoutDiscard.xml (RunModel)" time="0.011" />
  <testcase classname="ptolemy.util.test.junit.AutoTests" name="[36] /home/travis/build/icyphy/ptII/ptolemy/domains/de/test/auto/Modal1.xml (RunModel)" time="0.03" />
  <testcase classname="ptolemy.util.test.junit.AutoTests" name="[37] /home/travis/build/icyphy/ptII/ptolemy/domains/de/test/auto/Modal2.xml (RunModel)" time="0.025" />
  <testcase classname="ptolemy.util.test.junit.AutoTests" name="[38] /home/travis/build/icyphy/ptII/ptolemy/domains/de/test/auto/Modal3.xml (RunModel)" time="0.029" />
  <testcase classname="ptolemy.util.test.junit.AutoTests" name="[39] /home/travis/build/icyphy/ptII/ptolemy/domains/de/test/auto/Modal4.xml (RunModel)" time="0.027" />
  <testcase classname="ptolemy.util.test.junit.AutoTests" name="[40] /home/travis/build/icyphy/ptII/ptolemy/domains/de/test/auto/Modal5.xml (RunModel)" time="0.029" />
  <testcase classname="ptolemy.util.test.junit.AutoTests" name="[41] /home/travis/build/icyphy/ptII/ptolemy/domains/de/test/auto/Modal6.xml (RunModel)" time="0.024" />
  <testcase classname="ptolemy.util.test.junit.AutoTests" name="[42] /home/travis/build/icyphy/ptII/ptolemy/domains/de/test/auto/Modal7.xml (RunModel)" time="0.029" />
  <testcase classname="ptolemy.util.test.junit.AutoTests" name="[43] /home/travis/build/icyphy/ptII/ptolemy/domains/de/test/auto/ModalModel.xml (RunModel)" time="0.171" />
  <testcase classname="ptolemy.util.test.junit.AutoTests" name="[44] /home/travis/build/icyphy/ptII/ptolemy/domains/de/test/auto/ModalSource.xml (RunModel)" time="0.021" />
  <testcase classname="ptolemy.util.test.junit.AutoTests" name="[45] /home/travis/build/icyphy/ptII/ptolemy/domains/de/test/auto/NonInterruptibleTimerZeroDelay.xml (RunModel)" time="0.009" />
  <testcase classname="ptolemy.util.test.junit.AutoTests" name="[46] /home/travis/build/icyphy/ptII/ptolemy/domains/de/test/auto/OpenQueueingNetwork.xml (RunModel)" time="2.149" />
  <testcase classname="ptolemy.util.test.junit.AutoTests" name="[47] /home/travis/build/icyphy/ptII/ptolemy/domains/de/test/auto/OpenQueuingNetwork.xml (RunModel)" time="0.283" />
  <testcase classname="ptolemy.util.test.junit.AutoTests" name="[48] /home/travis/build/icyphy/ptII/ptolemy/domains/de/test/auto/PeriodicSampler.xml (RunModel)" time="0.008" />
  <testcase classname="ptolemy.util.test.junit.AutoTests" name="[49] /home/travis/build/icyphy/ptII/ptolemy/domains/de/test/auto/PersistentIO.xml (RunModel)" time="0.02" />
  <testcase classname="ptolemy.util.test.junit.AutoTests" name="[50] /home/travis/build/icyphy/ptII/ptolemy/domains/de/test/auto/PortParameterResetOnInitialize.xml (RunModel)" time="0.011" />
  <testcase classname="ptolemy.util.test.junit.AutoTests" name="[51] /home/travis/build/icyphy/ptII/ptolemy/domains/de/test/auto/PortParameterUpdates.xml (RunModel)" time="0.017" />
  <testcase classname="ptolemy.util.test.junit.AutoTests" name="[52] /home/travis/build/icyphy/ptII/ptolemy/domains/de/test/auto/QueueAndServer.xml (RunModel)" time="0.02" />
  <testcase classname="ptolemy.util.test.junit.AutoTests" name="[53] /home/travis/build/icyphy/ptII/ptolemy/domains/de/test/auto/Records.xml (RunModel)" time="0.016" />
  <testcase classname="ptolemy.util.test.junit.AutoTests" name="[54] /home/travis/build/icyphy/ptII/ptolemy/domains/de/test/auto/ResetTransitionWithStartTime1.xml (RunModel)" time="0.017" />
  <testcase classname="ptolemy.util.test.junit.AutoTests" name="[55] /home/travis/build/icyphy/ptII/ptolemy/domains/de/test/auto/ResetTransitionWithStartTime2.xml (RunModel)" time="0.019" />
  <testcase classname="ptolemy.util.test.junit.AutoTests" name="[56] /home/travis/build/icyphy/ptII/ptolemy/domains/de/test/auto/ResetTransitionWithStartTime3.xml (RunModel)" time="0.018" />
  <testcase classname="ptolemy.util.test.junit.AutoTests" name="[57] /home/travis/build/icyphy/ptII/ptolemy/domains/de/test/auto/ResetTransitionWithStartTime4.xml (RunModel)" time="0.018" />
  <testcase classname="ptolemy.util.test.junit.AutoTests" name="[58] /home/travis/build/icyphy/ptII/ptolemy/domains/de/test/auto/ResettableTimer1.xml (RunModel)" time="0.009" />
  <testcase classname="ptolemy.util.test.junit.AutoTests" name="[59] /home/travis/build/icyphy/ptII/ptolemy/domains/de/test/auto/ResettableTimer2.xml (RunModel)" time="0.009" />
  <testcase classname="ptolemy.util.test.junit.AutoTests" name="[60] /home/travis/build/icyphy/ptII/ptolemy/domains/de/test/auto/ResettableTimer3.xml (RunModel)" time="0.009" />
  <testcase classname="ptolemy.util.test.junit.AutoTests" name="[61] /home/travis/build/icyphy/ptII/ptolemy/domains/de/test/auto/ResettableTimer4.xml (RunModel)" time="0.009" />
  <testcase classname="ptolemy.util.test.junit.AutoTests" name="[62] /home/travis/build/icyphy/ptII/ptolemy/domains/de/test/auto/ResettableTimer5.xml (RunModel)" time="0.009" />
  <testcase classname="ptolemy.util.test.junit.AutoTests" name="[63] /home/travis/build/icyphy/ptII/ptolemy/domains/de/test/auto/ResettableTimer6.xml (RunModel)" time="0.019" />
  <testcase classname="ptolemy.util.test.junit.AutoTests" name="[64] /home/travis/build/icyphy/ptII/ptolemy/domains/de/test/auto/ServerZeroDelay.xml (RunModel)" time="0.009" />
  <testcase classname="ptolemy.util.test.junit.AutoTests" name="[65] /home/travis/build/icyphy/ptII/ptolemy/domains/de/test/auto/SmartSender.xml (RunModel)" time="3.007" />
  <testcase classname="ptolemy.util.test.junit.AutoTests" name="[66] /home/travis/build/icyphy/ptII/ptolemy/domains/de/test/auto/ThreadedComposite.xml (RunModel)" time="0.113" />
  <testcase classname="ptolemy.util.test.junit.AutoTests" name="[67] /home/travis/build/icyphy/ptII/ptolemy/domains/de/test/auto/Time.xml (RunModel)" time="0.361" />
  <testcase classname="ptolemy.util.test.junit.AutoTests" name="[68] /home/travis/build/icyphy/ptII/ptolemy/domains/de/test/auto/TimeDelayZeroDelay.xml (RunModel)" time="0.015" />
  <testcase classname="ptolemy.util.test.junit.AutoTests" name="[69] /home/travis/build/icyphy/ptII/ptolemy/domains/de/test/auto/TimerZeroDelay.xml (RunModel)" time="0.012" />
  <testcase classname="ptolemy.util.test.junit.AutoTests" name="[70] /home/travis/build/icyphy/ptII/ptolemy/domains/de/test/auto/TimingParadox.xml (RunModel)" time="0.304" />
  <testcase classname="ptolemy.util.test.junit.AutoTests" name="[71] /home/travis/build/icyphy/ptII/ptolemy/domains/de/test/auto/TransferInputs.xml (RunModel)" time="0.014" />
  <testcase classname="ptolemy.util.test.junit.AutoTests" name="[72] /home/travis/build/icyphy/ptII/ptolemy/domains/de/test/auto/TransferOutputs2.xml (RunModel)" time="0.02" />
  <testcase classname="ptolemy.util.test.junit.AutoTests" name="[73] /home/travis/build/icyphy/ptII/ptolemy/domains/de/test/auto/Trilateration.xml (RunModel)" time="11.011" />
  <testcase classname="ptolemy.util.test.junit.AutoTests" name="[74] /home/travis/build/icyphy/ptII/ptolemy/domains/de/test/auto/TwoSigmaDelta.xml (RunModel)" time="1.662" />
  <testcase classname="ptolemy.util.test.junit.AutoTests" name="[75] /home/travis/build/icyphy/ptII/ptolemy/domains/de/test/auto/VariableDelay.xml (RunModel)" time="0.017" />
  <testcase classname="ptolemy.util.test.junit.AutoTests" name="[76] /home/travis/build/icyphy/ptII/ptolemy/domains/de/test/auto/VariableDelay2.xml (RunModel)" time="0.011" />
  <testcase classname="ptolemy.util.test.junit.AutoTests" name="[77] /home/travis/build/icyphy/ptII/ptolemy/domains/de/test/auto/VariableDelayZeroDelay.xml (RunModel)" time="0.015" />
  <testcase classname="ptolemy.util.test.junit.AutoTests" name="[78] /home/travis/build/icyphy/ptII/ptolemy/domains/de/test/auto/VariableDelayZeroDelay2.xml (RunModel)" time="0.009" />
  <testcase classname="ptolemy.util.test.junit.AutoTests" name="[79] /home/travis/build/icyphy/ptII/ptolemy/domains/de/test/auto/deInCt.xml (RunModel)" time="0.023" />
  <testcase classname="ptolemy.util.test.junit.AutoTests" name="[80] /home/travis/build/icyphy/ptII/ptolemy/domains/de/test/auto/deInCt2.xml (RunModel)" time="0.009" />
  <testcase classname="ptolemy.util.test.junit.AutoTests" name="[81] /home/travis/build/icyphy/ptII/ptolemy/domains/de/test/auto/dynamicCausalityInterface1.xml (RunModel)" time="0.015" />
  <testcase classname="ptolemy.util.test.junit.AutoTests" name="[82] /home/travis/build/icyphy/ptII/ptolemy/domains/de/test/auto/fsm_de_test.xml (RunModel)" time="0.023" />
  <testcase classname="ptolemy.util.test.junit.AutoTests" name="[83] /home/travis/build/icyphy/ptII/ptolemy/domains/de/test/auto/functionDependencyReconstruction.xml (RunModel)" time="0.033" />
  <testcase classname="ptolemy.util.test.junit.AutoTests" name="[84] /home/travis/build/icyphy/ptII/ptolemy/domains/de/test/auto/multirate.xml (RunModel)" time="0.014" />
  <testcase classname="ptolemy.util.test.junit.AutoTests" name="[85] /home/travis/build/icyphy/ptII/ptolemy/domains/de/test/auto/multirate2.xml (RunModel)" time="0.018" />
  <testcase classname="ptolemy.util.test.junit.AutoTests" name="[86] /home/travis/build/icyphy/ptII/ptolemy/domains/de/test/auto/realtime.xml (RunModel)" time="10.016" />
  <testcase classname="ptolemy.util.test.junit.AutoTests" name="[87] /home/travis/build/icyphy/ptII/ptolemy/domains/de/test/auto/relationGroup.xml (RunModel)" time="0.007" />
  <testcase classname="ptolemy.util.test.junit.AutoTests" name="[88] /home/travis/build/icyphy/ptII/ptolemy/domains/de/test/auto/relationGroup2.xml (RunModel)" time="0.007" />
  <testcase classname="ptolemy.util.test.junit.AutoTests" name="[89] /home/travis/build/icyphy/ptII/ptolemy/domains/de/test/auto/sortWithOpaquePorts.xml (RunModel)" time="0.009" />
  <testcase classname="ptolemy.util.test.junit.AutoTests" name="[90] /home/travis/build/icyphy/ptII/ptolemy/domains/de/test/auto/transferInputsandOutputs.xml (RunModel)" time="0.013" />
  <testcase classname="ptolemy.util.test.junit.AutoTests" name="[91] /home/travis/build/icyphy/ptII/ptolemy/domains/de/test/auto/triggerType.xml (RunModel)" time="0.009" />
  <system-out><![CDATA[/home/travis/build/icyphy/ptII/ptolemy/domains/de/test/DependencyLoop.tcl
testDefs.tcl: setting time out to 9000 seconds at Mon Aug 23 21:10:23 UTC 2021
65 ms. Memory: 129024K Free: 78278K (61%)
27 ms. Memory: 129024K Free: 60839K (47%)
/home/travis/build/icyphy/ptII/ptolemy/domains/de/test/RunDETestsAsQSS.tcl
Run the DE tests using ptolemy.domains.qss.test.QSSDirectorTest, which extends QSSDirector and prints a message in the constructors.
------------------ testing $PTII/ptolemy/domains/de/test/auto/knownFailedTests/DirectFeedback.xml (Known Failure) 
38 ms. Memory: 129024K Free: 55240K (43%)


==== $PTIIhome/travis/build/icyphy/ptII/ptolemy/domains/de/test/../../../../: Auto Automatic test in file $PTII/ptolemy/domains/de/test/auto/knownFailedTests/DirectFeedback.xml
==== Contents of test case:

	    # FIXME: we should use $relativeFilename here, but it
	    # might have backslashes under Windows, which causes no end
	    # of trouble.
	    createAndExecute $file
	    list {}
	
.... Test generated KNOWN error:
    while executing
ptolemy.kernel.util.IllegalActionException: Test fails in iteration 1.
Value was: 1.0. Should have been: 2.0
  in .DirectFeedback.Test
	at ptolemy.actor.lib.Test.fire(Test.java:268)
	at ptolemy.domains.de.kernel.DEDirector._fire(DEDirector.java:1949)
	at ptolemy.domains.de.kernel.DEDirector.fire(DEDirector.java:502)
	at ptolemy.actor.CompositeActor.fire(CompositeActor.java:455)
	at ptolemy.actor.Manager.iterate(Manager.java:851)
	at ptolemy.actor.Manager.execute(Manager.java:369)
	at ptolemy.actor.Manager.run(Manager.java:1263)
	at ptolemy.actor.Manager$PtolemyRunThread.run(Manager.java:1933)

    while executing
ptolemy.kernel.util.IllegalActionException: Test fails in iteration 1.
Value was: 1.0. Should have been: 2.0
  in .DirectFeedback.Test
    while executing
"java::new ptolemy.moml.MoMLSimpleApplication $file
"
    (procedure "createAndExecute" line 2)
    invoked from within
"createAndExecute $file"
    ("uplevel" body line 5)
    invoked from within
"uplevel $contents_of_test"
------------------ testing $PTII/ptolemy/domains/de/test/auto/knownFailedTests/dependencyLoop.xml (Known Failure) 
12 ms. Memory: 129024K Free: 52168K (40%)


==== $PTIIhome/travis/build/icyphy/ptII/ptolemy/domains/de/test/../../../../: Auto Automatic test in file $PTII/ptolemy/domains/de/test/auto/knownFailedTests/dependencyLoop.xml
==== Contents of test case:

	    # FIXME: we should use $relativeFilename here, but it
	    # might have backslashes under Windows, which causes no end
	    # of trouble.
	    createAndExecute $file
	    list {}
	
.... Test generated KNOWN error:
    while executing
ptolemy.kernel.util.IllegalActionException: Found a zero delay loop containing .dependencyLoop.original
  in .dependencyLoop and .dependencyLoop.original
	at ptolemy.actor.util.CausalityInterfaceForComposites._computeOutputPortDepth(CausalityInterfaceForComposites.java:759)
	at ptolemy.actor.util.CausalityInterfaceForComposites._computeInputDepth(CausalityInterfaceForComposites.java:696)
	at ptolemy.actor.util.CausalityInterfaceForComposites._computeOutputPortDepth(CausalityInterfaceForComposites.java:765)
	at ptolemy.actor.util.CausalityInterfaceForComposites._computeInputDepth(CausalityInterfaceForComposites.java:696)
	at ptolemy.actor.util.CausalityInterfaceForComposites._computeOutputPortDepth(CausalityInterfaceForComposites.java:765)
	at ptolemy.actor.util.CausalityInterfaceForComposites._computeInputDepth(CausalityInterfaceForComposites.java:696)
	at ptolemy.actor.util.CausalityInterfaceForComposites._computeActorDepth(CausalityInterfaceForComposites.java:532)
	at ptolemy.actor.util.CausalityInterfaceForComposites.checkForCycles(CausalityInterfaceForComposites.java:96)
	at ptolemy.domains.de.kernel.DEDirector.preinitialize(DEDirector.java:1338)
	at ptolemy.actor.CompositeActor.preinitialize(CompositeActor.java:1828)
	at ptolemy.actor.Manager.preinitializeAndResolveTypes(Manager.java:1040)
	at ptolemy.actor.Manager.initialize(Manager.java:710)
	at ptolemy.actor.Manager.execute(Manager.java:356)
	at ptolemy.actor.Manager.run(Manager.java:1263)
	at ptolemy.actor.Manager$PtolemyRunThread.run(Manager.java:1933)

    while executing
ptolemy.kernel.util.IllegalActionException: Found a zero delay loop containing .dependencyLoop.original
  in .dependencyLoop and .dependencyLoop.original
    while executing
"java::new ptolemy.moml.MoMLSimpleApplication $file
"
    (procedure "createAndExecute" line 2)
    invoked from within
"createAndExecute $file"
    ("uplevel" body line 5)
    invoked from within
"uplevel $contents_of_test"
------------------ testing $PTII/ptolemy/domains/de/test/auto/knownFailedTests/FSMSource.xml (Known Failure) 
73 ms. Memory: 129024K Free: 110855K (86%)
!!!! Auto was marked as failing, but now passes
------------------ testing $PTII/ptolemy/domains/de/test/auto/knownFailedTests/HierarchicalModel.xml (Known Failure) 
6 ms. Memory: 129024K Free: 93756K (73%)


==== $PTIIhome/travis/build/icyphy/ptII/ptolemy/domains/de/test/../../../../: Auto Automatic test in file $PTII/ptolemy/domains/de/test/auto/knownFailedTests/HierarchicalModel.xml
==== Contents of test case:

	    # FIXME: we should use $relativeFilename here, but it
	    # might have backslashes under Windows, which causes no end
	    # of trouble.
	    createAndExecute $file
	    list {}
	
.... Test generated KNOWN error:
    while executing
ptolemy.kernel.util.IllegalActionException: Found a zero delay loop containing .HierarchicalModel.A
  in .HierarchicalModel and .HierarchicalModel.A
	at ptolemy.actor.util.CausalityInterfaceForComposites._computeOutputPortDepth(CausalityInterfaceForComposites.java:759)
	at ptolemy.actor.util.CausalityInterfaceForComposites._computeInputDepth(CausalityInterfaceForComposites.java:696)
	at ptolemy.actor.util.CausalityInterfaceForComposites._computeOutputPortDepth(CausalityInterfaceForComposites.java:765)
	at ptolemy.actor.util.CausalityInterfaceForComposites._computeInputDepth(CausalityInterfaceForComposites.java:696)
	at ptolemy.actor.util.CausalityInterfaceForComposites._computeOutputPortDepth(CausalityInterfaceForComposites.java:765)
	at ptolemy.actor.util.CausalityInterfaceForComposites._computeInputDepth(CausalityInterfaceForComposites.java:696)
	at ptolemy.actor.util.CausalityInterfaceForComposites._computeActorDepth(CausalityInterfaceForComposites.java:532)
	at ptolemy.actor.util.CausalityInterfaceForComposites.checkForCycles(CausalityInterfaceForComposites.java:96)
	at ptolemy.domains.de.kernel.DEDirector.preinitialize(DEDirector.java:1338)
	at ptolemy.actor.CompositeActor.preinitialize(CompositeActor.java:1828)
	at ptolemy.actor.Manager.preinitializeAndResolveTypes(Manager.java:1040)
	at ptolemy.actor.Manager.initialize(Manager.java:710)
	at ptolemy.actor.Manager.execute(Manager.java:356)
	at ptolemy.actor.Manager.run(Manager.java:1263)
	at ptolemy.actor.Manager$PtolemyRunThread.run(Manager.java:1933)

    while executing
ptolemy.kernel.util.IllegalActionException: Found a zero delay loop containing .HierarchicalModel.A
  in .HierarchicalModel and .HierarchicalModel.A
    while executing
"java::new ptolemy.moml.MoMLSimpleApplication $file
"
    (procedure "createAndExecute" line 2)
    invoked from within
"createAndExecute $file"
    ("uplevel" body line 5)
    invoked from within
"uplevel $contents_of_test"
------------------ testing $PTII/ptolemy/domains/de/test/auto/knownFailedTests/dependencyLoop2.xml (Known Failure) 
5 ms. Memory: 129024K Free: 77316K (60%)


==== $PTIIhome/travis/build/icyphy/ptII/ptolemy/domains/de/test/../../../../: Auto Automatic test in file $PTII/ptolemy/domains/de/test/auto/knownFailedTests/dependencyLoop2.xml
==== Contents of test case:

	    # FIXME: we should use $relativeFilename here, but it
	    # might have backslashes under Windows, which causes no end
	    # of trouble.
	    createAndExecute $file
	    list {}
	
.... Test generated KNOWN error:
    while executing
ptolemy.kernel.util.IllegalActionException: Found a zero delay loop containing .dependencyLoop2.original
  in .dependencyLoop2 and .dependencyLoop2.original
	at ptolemy.actor.util.CausalityInterfaceForComposites._computeOutputPortDepth(CausalityInterfaceForComposites.java:759)
	at ptolemy.actor.util.CausalityInterfaceForComposites._computeInputDepth(CausalityInterfaceForComposites.java:696)
	at ptolemy.actor.util.CausalityInterfaceForComposites._computeOutputPortDepth(CausalityInterfaceForComposites.java:765)
	at ptolemy.actor.util.CausalityInterfaceForComposites._computeInputDepth(CausalityInterfaceForComposites.java:696)
	at ptolemy.actor.util.CausalityInterfaceForComposites._computeOutputPortDepth(CausalityInterfaceForComposites.java:765)
	at ptolemy.actor.util.CausalityInterfaceForComposites._computeInputDepth(CausalityInterfaceForComposites.java:696)
	at ptolemy.actor.util.CausalityInterfaceForComposites._computeActorDepth(CausalityInterfaceForComposites.java:532)
	at ptolemy.actor.util.CausalityInterfaceForComposites.checkForCycles(CausalityInterfaceForComposites.java:96)
	at ptolemy.domains.de.kernel.DEDirector.preinitialize(DEDirector.java:1338)
	at ptolemy.actor.CompositeActor.preinitialize(CompositeActor.java:1828)
	at ptolemy.actor.Manager.preinitializeAndResolveTypes(Manager.java:1040)
	at ptolemy.actor.Manager.initialize(Manager.java:710)
	at ptolemy.actor.Manager.execute(Manager.java:356)
	at ptolemy.actor.Manager.run(Manager.java:1263)
	at ptolemy.actor.Manager$PtolemyRunThread.run(Manager.java:1933)

    while executing
ptolemy.kernel.util.IllegalActionException: Found a zero delay loop containing .dependencyLoop2.original
  in .dependencyLoop2 and .dependencyLoop2.original
    while executing
"java::new ptolemy.moml.MoMLSimpleApplication $file
"
    (procedure "createAndExecute" line 2)
    invoked from within
"createAndExecute $file"
    ("uplevel" body line 5)
    invoked from within
"uplevel $contents_of_test"
------------------ testing $PTII/ptolemy/domains/de/test/auto/knownFailedTests/DESDFClockTest.xml (Known Failure) 
2065 ms. Memory: 129024K Free: 107262K (83%)


==== $PTIIhome/travis/build/icyphy/ptII/ptolemy/domains/de/test/../../../../: Auto Automatic test in file $PTII/ptolemy/domains/de/test/auto/knownFailedTests/DESDFClockTest.xml
==== Contents of test case:

	    # FIXME: we should use $relativeFilename here, but it
	    # might have backslashes under Windows, which causes no end
	    # of trouble.
	    createAndExecute $file
	    list {}
	
.... Test generated KNOWN error:
    while executing
ptolemy.kernel.util.IllegalActionException: Actor is not ready to fire.  Perhaps UpSample.prefire() returned false? Try debugging the actor by selecting "Listen to Actor".  Also, for SDF check moml for tokenConsumptionRate on input.
  in .DESDFClockTest.Play Bell.Copy1:SDF Director and .DESDFClockTest.Play Bell.UpSample
	at ptolemy.actor.sched.StaticSchedulingDirector.fire(StaticSchedulingDirector.java:227)
	at ptolemy.domains.sdf.kernel.SDFDirector.fire(SDFDirector.java:500)
	at ptolemy.actor.CompositeActor.fire(CompositeActor.java:455)
	at ptolemy.domains.de.kernel.DEDirector._fire(DEDirector.java:1949)
	at ptolemy.domains.de.kernel.DEDirector.fire(DEDirector.java:502)
	at ptolemy.actor.CompositeActor.fire(CompositeActor.java:455)
	at ptolemy.actor.Manager.iterate(Manager.java:851)
	at ptolemy.actor.Manager.execute(Manager.java:369)
	at ptolemy.actor.Manager.run(Manager.java:1263)
	at ptolemy.actor.Manager$PtolemyRunThread.run(Manager.java:1933)

    while executing
ptolemy.kernel.util.IllegalActionException: Actor is not ready to fire.  Perhaps UpSample.prefire() returned false? Try debugging the actor by selecting "Listen to Actor".  Also, for SDF check moml for tokenConsumptionRate on input.
  in .DESDFClockTest.Play Bell.Copy1:SDF Director and .DESDFClockTest.Play Bell.UpSample
    while executing
"java::new ptolemy.moml.MoMLSimpleApplication $file
"
    (procedure "createAndExecute" line 2)
    invoked from within
"createAndExecute $file"
    ("uplevel" body line 5)
    invoked from within
"uplevel $contents_of_test"
------------------ testing $PTII/ptolemy/domains/de/test/auto/ActorDepthCalculation_actorWithoutPorts.xml
auto.tcl: Setting watchdog for 200 seconds at Mon Aug 23 21:10:26 UTC 2021
6 ms. Memory: 129024K Free: 99566K (77%)
ptolemy.util.test.WatchDog.cancel(): canceling Mon Aug 23 21:10:26 UTC 2021
auto.tcl: Setting watchdog for 200 seconds at Mon Aug 23 21:10:26 UTC 2021
7 ms. Memory: 129024K Free: 98542K (76%)
ptolemy.util.test.WatchDog.cancel(): canceling Mon Aug 23 21:10:26 UTC 2021
------------------ testing $PTII/ptolemy/domains/de/test/auto/AssemblyLine.xml
auto.tcl: Setting watchdog for 200 seconds at Mon Aug 23 21:10:27 UTC 2021
7 ms. Memory: 51200K Free: 27573K (54%)
ptolemy.util.test.WatchDog.cancel(): canceling Mon Aug 23 21:10:27 UTC 2021
auto.tcl: Setting watchdog for 200 seconds at Mon Aug 23 21:10:27 UTC 2021
7 ms. Memory: 51200K Free: 27090K (53%)
ptolemy.util.test.WatchDog.cancel(): canceling Mon Aug 23 21:10:27 UTC 2021
------------------ testing $PTII/ptolemy/domains/de/test/auto/CQBug1.xml
auto.tcl: Setting watchdog for 200 seconds at Mon Aug 23 21:10:27 UTC 2021
3 ms. Memory: 51200K Free: 33372K (65%)
ptolemy.util.test.WatchDog.cancel(): canceling Mon Aug 23 21:10:27 UTC 2021
auto.tcl: Setting watchdog for 200 seconds at Mon Aug 23 21:10:27 UTC 2021
2 ms. Memory: 51200K Free: 33372K (65%)
ptolemy.util.test.WatchDog.cancel(): canceling Mon Aug 23 21:10:27 UTC 2021
------------------ testing $PTII/ptolemy/domains/de/test/auto/CancelFireAt.xml
auto.tcl: Setting watchdog for 200 seconds at Mon Aug 23 21:10:27 UTC 2021
3 ms. Memory: 48128K Free: 31642K (66%)
ptolemy.util.test.WatchDog.cancel(): canceling Mon Aug 23 21:10:27 UTC 2021
auto.tcl: Setting watchdog for 200 seconds at Mon Aug 23 21:10:27 UTC 2021
2 ms. Memory: 48128K Free: 31106K (65%)
ptolemy.util.test.WatchDog.cancel(): canceling Mon Aug 23 21:10:27 UTC 2021
------------------ testing $PTII/ptolemy/domains/de/test/auto/CausalityAndComposabilityAnalysis.xml
auto.tcl: Setting watchdog for 200 seconds at Mon Aug 23 21:10:27 UTC 2021
11 ms. Memory: 48128K Free: 29416K (61%)
ptolemy.util.test.WatchDog.cancel(): canceling Mon Aug 23 21:10:27 UTC 2021
auto.tcl: Setting watchdog for 200 seconds at Mon Aug 23 21:10:27 UTC 2021
9 ms. Memory: 48128K Free: 28987K (60%)
ptolemy.util.test.WatchDog.cancel(): canceling Mon Aug 23 21:10:27 UTC 2021
------------------ testing $PTII/ptolemy/domains/de/test/auto/CausalityInterface1.xml
auto.tcl: Setting watchdog for 200 seconds at Mon Aug 23 21:10:27 UTC 2021
15 ms. Memory: 48128K Free: 28333K (59%)
ptolemy.util.test.WatchDog.cancel(): canceling Mon Aug 23 21:10:27 UTC 2021
auto.tcl: Setting watchdog for 200 seconds at Mon Aug 23 21:10:27 UTC 2021
3 ms. Memory: 48128K Free: 27355K (57%)
ptolemy.util.test.WatchDog.cancel(): canceling Mon Aug 23 21:10:27 UTC 2021
------------------ testing $PTII/ptolemy/domains/de/test/auto/CausalityInterface15.xml
auto.tcl: Setting watchdog for 200 seconds at Mon Aug 23 21:10:27 UTC 2021
11 ms. Memory: 48128K Free: 28507K (59%)
ptolemy.util.test.WatchDog.cancel(): canceling Mon Aug 23 21:10:27 UTC 2021
auto.tcl: Setting watchdog for 200 seconds at Mon Aug 23 21:10:27 UTC 2021
6 ms. Memory: 48128K Free: 27334K (57%)
ptolemy.util.test.WatchDog.cancel(): canceling Mon Aug 23 21:10:27 UTC 2021
------------------ testing $PTII/ptolemy/domains/de/test/auto/CausalityInterface2.xml
auto.tcl: Setting watchdog for 200 seconds at Mon Aug 23 21:10:27 UTC 2021
4 ms. Memory: 48128K Free: 29013K (60%)
ptolemy.util.test.WatchDog.cancel(): canceling Mon Aug 23 21:10:27 UTC 2021
auto.tcl: Setting watchdog for 200 seconds at Mon Aug 23 21:10:27 UTC 2021
3 ms. Memory: 48128K Free: 28306K (59%)
ptolemy.util.test.WatchDog.cancel(): canceling Mon Aug 23 21:10:27 UTC 2021
------------------ testing $PTII/ptolemy/domains/de/test/auto/CausalityInterface3.xml
auto.tcl: Setting watchdog for 200 seconds at Mon Aug 23 21:10:27 UTC 2021
5 ms. Memory: 48128K Free: 28534K (59%)
ptolemy.util.test.WatchDog.cancel(): canceling Mon Aug 23 21:10:27 UTC 2021
auto.tcl: Setting watchdog for 200 seconds at Mon Aug 23 21:10:27 UTC 2021
3 ms. Memory: 48128K Free: 27747K (58%)
ptolemy.util.test.WatchDog.cancel(): canceling Mon Aug 23 21:10:27 UTC 2021
------------------ testing $PTII/ptolemy/domains/de/test/auto/ClockDrift.xml
auto.tcl: Setting watchdog for 200 seconds at Mon Aug 23 21:10:28 UTC 2021
56 ms. Memory: 48128K Free: 21117K (44%)
ptolemy.util.test.WatchDog.cancel(): canceling Mon Aug 23 21:10:28 UTC 2021
auto.tcl: Setting watchdog for 200 seconds at Mon Aug 23 21:10:28 UTC 2021
65 ms. Memory: 48128K Free: 18103K (38%)
ptolemy.util.test.WatchDog.cancel(): canceling Mon Aug 23 21:10:28 UTC 2021
------------------ testing $PTII/ptolemy/domains/de/test/auto/ClockDriftAndValueChange.xml
auto.tcl: Setting watchdog for 200 seconds at Mon Aug 23 21:10:28 UTC 2021
44 ms. Memory: 48128K Free: 21517K (45%)
ptolemy.util.test.WatchDog.cancel(): canceling Mon Aug 23 21:10:28 UTC 2021
auto.tcl: Setting watchdog for 200 seconds at Mon Aug 23 21:10:28 UTC 2021
27 ms. Memory: 48128K Free: 18365K (38%)
ptolemy.util.test.WatchDog.cancel(): canceling Mon Aug 23 21:10:28 UTC 2021
------------------ testing $PTII/ptolemy/domains/de/test/auto/ClockDriftChange.xml
auto.tcl: Setting watchdog for 200 seconds at Mon Aug 23 21:10:28 UTC 2021
21 ms. Memory: 48128K Free: 23243K (48%)
ptolemy.util.test.WatchDog.cancel(): canceling Mon Aug 23 21:10:28 UTC 2021
auto.tcl: Setting watchdog for 200 seconds at Mon Aug 23 21:10:28 UTC 2021
19 ms. Memory: 48128K Free: 20666K (43%)
ptolemy.util.test.WatchDog.cancel(): canceling Mon Aug 23 21:10:28 UTC 2021
------------------ testing $PTII/ptolemy/domains/de/test/auto/ComposableCausalityAnalysis.xml
auto.tcl: Setting watchdog for 200 seconds at Mon Aug 23 21:10:28 UTC 2021
2 ms. Memory: 48128K Free: 27628K (57%)
ptolemy.util.test.WatchDog.cancel(): canceling Mon Aug 23 21:10:28 UTC 2021
auto.tcl: Setting watchdog for 200 seconds at Mon Aug 23 21:10:28 UTC 2021
2 ms. Memory: 48128K Free: 26613K (55%)
ptolemy.util.test.WatchDog.cancel(): canceling Mon Aug 23 21:10:28 UTC 2021
------------------ testing $PTII/ptolemy/domains/de/test/auto/DEFixedPointLimitation.xml
auto.tcl: Setting watchdog for 200 seconds at Mon Aug 23 21:10:28 UTC 2021
3 ms. Memory: 48128K Free: 28992K (60%)
ptolemy.util.test.WatchDog.cancel(): canceling Mon Aug 23 21:10:28 UTC 2021
auto.tcl: Setting watchdog for 200 seconds at Mon Aug 23 21:10:28 UTC 2021
1 ms. Memory: 48128K Free: 28073K (58%)
ptolemy.util.test.WatchDog.cancel(): canceling Mon Aug 23 21:10:28 UTC 2021
------------------ testing $PTII/ptolemy/domains/de/test/auto/DEScheduleTest.xml
auto.tcl: Setting watchdog for 200 seconds at Mon Aug 23 21:10:28 UTC 2021
10 ms. Memory: 48128K Free: 29230K (61%)
ptolemy.util.test.WatchDog.cancel(): canceling Mon Aug 23 21:10:28 UTC 2021
auto.tcl: Setting watchdog for 200 seconds at Mon Aug 23 21:10:28 UTC 2021
4 ms. Memory: 48128K Free: 28514K (59%)
ptolemy.util.test.WatchDog.cancel(): canceling Mon Aug 23 21:10:28 UTC 2021
------------------ testing $PTII/ptolemy/domains/de/test/auto/DEinDEwithStartTimes.xml
auto.tcl: Setting watchdog for 200 seconds at Mon Aug 23 21:10:28 UTC 2021
6 ms. Memory: 48128K Free: 27467K (57%)
ptolemy.util.test.WatchDog.cancel(): canceling Mon Aug 23 21:10:28 UTC 2021
auto.tcl: Setting watchdog for 200 seconds at Mon Aug 23 21:10:28 UTC 2021
4 ms. Memory: 48128K Free: 26417K (55%)
ptolemy.util.test.WatchDog.cancel(): canceling Mon Aug 23 21:10:28 UTC 2021
------------------ testing $PTII/ptolemy/domains/de/test/auto/DEinDEwithStartTimes2.xml
auto.tcl: Setting watchdog for 200 seconds at Mon Aug 23 21:10:28 UTC 2021
8 ms. Memory: 48128K Free: 26658K (55%)
ptolemy.util.test.WatchDog.cancel(): canceling Mon Aug 23 21:10:28 UTC 2021
auto.tcl: Setting watchdog for 200 seconds at Mon Aug 23 21:10:28 UTC 2021
13 ms. Memory: 48128K Free: 25372K (53%)
ptolemy.util.test.WatchDog.cancel(): canceling Mon Aug 23 21:10:28 UTC 2021
------------------ testing $PTII/ptolemy/domains/de/test/auto/DateDemo.xml
auto.tcl: Setting watchdog for 200 seconds at Mon Aug 23 21:10:28 UTC 2021
23 ms. Memory: 48128K Free: 21316K (44%)
ptolemy.util.test.WatchDog.cancel(): canceling Mon Aug 23 21:10:29 UTC 2021
auto.tcl: Setting watchdog for 200 seconds at Mon Aug 23 21:10:29 UTC 2021
11 ms. Memory: 48128K Free: 19440K (40%)
ptolemy.util.test.WatchDog.cancel(): canceling Mon Aug 23 21:10:29 UTC 2021
------------------ testing $PTII/ptolemy/domains/de/test/auto/DateToEvent.xml
auto.tcl: Setting watchdog for 200 seconds at Mon Aug 23 21:10:29 UTC 2021
2010 ms. Memory: 48128K Free: 16937K (35%)
ptolemy.util.test.WatchDog.cancel(): canceling Mon Aug 23 21:10:31 UTC 2021
auto.tcl: Setting watchdog for 200 seconds at Mon Aug 23 21:10:31 UTC 2021
2004 ms. Memory: 48128K Free: 16159K (34%)
ptolemy.util.test.WatchDog.cancel(): canceling Mon Aug 23 21:10:33 UTC 2021
------------------ testing $PTII/ptolemy/domains/de/test/auto/DepthTest1.xml
auto.tcl: Setting watchdog for 200 seconds at Mon Aug 23 21:10:33 UTC 2021
2 ms. Memory: 48128K Free: 30083K (63%)
ptolemy.util.test.WatchDog.cancel(): canceling Mon Aug 23 21:10:33 UTC 2021
auto.tcl: Setting watchdog for 200 seconds at Mon Aug 23 21:10:33 UTC 2021
2 ms. Memory: 48128K Free: 29649K (62%)
ptolemy.util.test.WatchDog.cancel(): canceling Mon Aug 23 21:10:33 UTC 2021
------------------ testing $PTII/ptolemy/domains/de/test/auto/DepthTest2.xml
auto.tcl: Setting watchdog for 200 seconds at Mon Aug 23 21:10:33 UTC 2021
6 ms. Memory: 48128K Free: 26950K (56%)
ptolemy.util.test.WatchDog.cancel(): canceling Mon Aug 23 21:10:33 UTC 2021
auto.tcl: Setting watchdog for 200 seconds at Mon Aug 23 21:10:33 UTC 2021
3 ms. Memory: 48128K Free: 26548K (55%)
ptolemy.util.test.WatchDog.cancel(): canceling Mon Aug 23 21:10:33 UTC 2021
------------------ testing $PTII/ptolemy/domains/de/test/auto/DepthTest3.xml
auto.tcl: Setting watchdog for 200 seconds at Mon Aug 23 21:10:33 UTC 2021
3 ms. Memory: 48128K Free: 30412K (63%)
ptolemy.util.test.WatchDog.cancel(): canceling Mon Aug 23 21:10:33 UTC 2021
auto.tcl: Setting watchdog for 200 seconds at Mon Aug 23 21:10:33 UTC 2021
1 ms. Memory: 48128K Free: 29978K (62%)
ptolemy.util.test.WatchDog.cancel(): canceling Mon Aug 23 21:10:33 UTC 2021
------------------ testing $PTII/ptolemy/domains/de/test/auto/DepthTest4.xml
auto.tcl: Setting watchdog for 200 seconds at Mon Aug 23 21:10:33 UTC 2021
3 ms. Memory: 48128K Free: 28762K (60%)
ptolemy.util.test.WatchDog.cancel(): canceling Mon Aug 23 21:10:33 UTC 2021
auto.tcl: Setting watchdog for 200 seconds at Mon Aug 23 21:10:33 UTC 2021
2 ms. Memory: 48128K Free: 28021K (58%)
ptolemy.util.test.WatchDog.cancel(): canceling Mon Aug 23 21:10:33 UTC 2021
------------------ testing $PTII/ptolemy/domains/de/test/auto/DepthTest5.xml
auto.tcl: Setting watchdog for 200 seconds at Mon Aug 23 21:10:33 UTC 2021
3 ms. Memory: 48128K Free: 28145K (58%)
ptolemy.util.test.WatchDog.cancel(): canceling Mon Aug 23 21:10:33 UTC 2021
auto.tcl: Setting watchdog for 200 seconds at Mon Aug 23 21:10:33 UTC 2021
2 ms. Memory: 48128K Free: 27373K (57%)
ptolemy.util.test.WatchDog.cancel(): canceling Mon Aug 23 21:10:33 UTC 2021
------------------ testing $PTII/ptolemy/domains/de/test/auto/DepthTest6.xml
auto.tcl: Setting watchdog for 200 seconds at Mon Aug 23 21:10:33 UTC 2021
3 ms. Memory: 48128K Free: 27880K (58%)
ptolemy.util.test.WatchDog.cancel(): canceling Mon Aug 23 21:10:33 UTC 2021
auto.tcl: Setting watchdog for 200 seconds at Mon Aug 23 21:10:33 UTC 2021
3 ms. Memory: 48128K Free: 27462K (57%)
ptolemy.util.test.WatchDog.cancel(): canceling Mon Aug 23 21:10:33 UTC 2021
------------------ testing $PTII/ptolemy/domains/de/test/auto/DepthTest7.xml
auto.tcl: Setting watchdog for 200 seconds at Mon Aug 23 21:10:33 UTC 2021
2 ms. Memory: 48128K Free: 28451K (59%)
ptolemy.util.test.WatchDog.cancel(): canceling Mon Aug 23 21:10:33 UTC 2021
auto.tcl: Setting watchdog for 200 seconds at Mon Aug 23 21:10:33 UTC 2021
2 ms. Memory: 48128K Free: 27536K (57%)
ptolemy.util.test.WatchDog.cancel(): canceling Mon Aug 23 21:10:33 UTC 2021
------------------ testing $PTII/ptolemy/domains/de/test/auto/EventToDate.xml
auto.tcl: Setting watchdog for 200 seconds at Mon Aug 23 21:10:33 UTC 2021
3008 ms. Memory: 48128K Free: 19255K (40%)
ptolemy.util.test.WatchDog.cancel(): canceling Mon Aug 23 21:10:36 UTC 2021
auto.tcl: Setting watchdog for 200 seconds at Mon Aug 23 21:10:36 UTC 2021
3004 ms. Memory: 48128K Free: 18772K (39%)
ptolemy.util.test.WatchDog.cancel(): canceling Mon Aug 23 21:10:39 UTC 2021
------------------ testing $PTII/ptolemy/domains/de/test/auto/FSM1.xml
auto.tcl: Setting watchdog for 200 seconds at Mon Aug 23 21:10:39 UTC 2021
40 ms. Memory: 48128K Free: 20678K (43%)
ptolemy.util.test.WatchDog.cancel(): canceling Mon Aug 23 21:10:39 UTC 2021
auto.tcl: Setting watchdog for 200 seconds at Mon Aug 23 21:10:39 UTC 2021
23 ms. Memory: 48128K Free: 17418K (36%)
ptolemy.util.test.WatchDog.cancel(): canceling Mon Aug 23 21:10:39 UTC 2021
------------------ testing $PTII/ptolemy/domains/de/test/auto/FSM7.xml
auto.tcl: Setting watchdog for 200 seconds at Mon Aug 23 21:10:39 UTC 2021
29 ms. Memory: 48128K Free: 20378K (42%)
ptolemy.util.test.WatchDog.cancel(): canceling Mon Aug 23 21:10:40 UTC 2021
auto.tcl: Setting watchdog for 200 seconds at Mon Aug 23 21:10:40 UTC 2021
24 ms. Memory: 48128K Free: 17260K (36%)
ptolemy.util.test.WatchDog.cancel(): canceling Mon Aug 23 21:10:40 UTC 2021
------------------ testing $PTII/ptolemy/domains/de/test/auto/Inspection.xml
auto.tcl: Setting watchdog for 200 seconds at Mon Aug 23 21:10:40 UTC 2021
37 ms. Memory: 48128K Free: 20395K (42%)
ptolemy.util.test.WatchDog.cancel(): canceling Mon Aug 23 21:10:40 UTC 2021
auto.tcl: Setting watchdog for 200 seconds at Mon Aug 23 21:10:40 UTC 2021
28 ms. Memory: 48128K Free: 18671K (39%)
ptolemy.util.test.WatchDog.cancel(): canceling Mon Aug 23 21:10:40 UTC 2021
------------------ testing $PTII/ptolemy/domains/de/test/auto/Iteration.xml
auto.tcl: Setting watchdog for 200 seconds at Mon Aug 23 21:10:40 UTC 2021
7 ms. Memory: 48128K Free: 26138K (54%)
ptolemy.util.test.WatchDog.cancel(): canceling Mon Aug 23 21:10:40 UTC 2021
auto.tcl: Setting watchdog for 200 seconds at Mon Aug 23 21:10:40 UTC 2021
6 ms. Memory: 48128K Free: 25114K (52%)
ptolemy.util.test.WatchDog.cancel(): canceling Mon Aug 23 21:10:40 UTC 2021
------------------ testing $PTII/ptolemy/domains/de/test/auto/LineFault.xml
auto.tcl: Setting watchdog for 200 seconds at Mon Aug 23 21:10:40 UTC 2021
618 ms. Memory: 58368K Free: 33830K (58%)
ptolemy.util.test.WatchDog.cancel(): canceling Mon Aug 23 21:10:41 UTC 2021
auto.tcl: Setting watchdog for 200 seconds at Mon Aug 23 21:10:41 UTC 2021
568 ms. Memory: 58368K Free: 28066K (48%)
ptolemy.util.test.WatchDog.cancel(): canceling Mon Aug 23 21:10:41 UTC 2021
------------------ testing $PTII/ptolemy/domains/de/test/auto/MergeModel1Add.xml
auto.tcl: Setting watchdog for 200 seconds at Mon Aug 23 21:10:41 UTC 2021
24 ms. Memory: 58368K Free: 22354K (38%)
ptolemy.util.test.WatchDog.cancel(): canceling Mon Aug 23 21:10:41 UTC 2021
auto.tcl: Setting watchdog for 200 seconds at Mon Aug 23 21:10:41 UTC 2021
25 ms. Memory: 58368K Free: 20656K (35%)
ptolemy.util.test.WatchDog.cancel(): canceling Mon Aug 23 21:10:41 UTC 2021
------------------ testing $PTII/ptolemy/domains/de/test/auto/MergeModel2Add.xml
auto.tcl: Setting watchdog for 200 seconds at Mon Aug 23 21:10:41 UTC 2021
12 ms. Memory: 55296K Free: 21284K (38%)
ptolemy.util.test.WatchDog.cancel(): canceling Mon Aug 23 21:10:42 UTC 2021
auto.tcl: Setting watchdog for 200 seconds at Mon Aug 23 21:10:42 UTC 2021
10 ms. Memory: 55296K Free: 19365K (35%)
ptolemy.util.test.WatchDog.cancel(): canceling Mon Aug 23 21:10:42 UTC 2021
------------------ testing $PTII/ptolemy/domains/de/test/auto/MergeModel3Add.xml
auto.tcl: Setting watchdog for 200 seconds at Mon Aug 23 21:10:42 UTC 2021
10 ms. Memory: 51200K Free: 17258K (34%)
ptolemy.util.test.WatchDog.cancel(): canceling Mon Aug 23 21:10:42 UTC 2021
auto.tcl: Setting watchdog for 200 seconds at Mon Aug 23 21:10:42 UTC 2021
10 ms. Memory: 51200K Free: 15868K (31%)
ptolemy.util.test.WatchDog.cancel(): canceling Mon Aug 23 21:10:42 UTC 2021
------------------ testing $PTII/ptolemy/domains/de/test/auto/MergeWithoutDiscard.xml
auto.tcl: Setting watchdog for 200 seconds at Mon Aug 23 21:10:42 UTC 2021
1 ms. Memory: 51200K Free: 32155K (63%)
ptolemy.util.test.WatchDog.cancel(): canceling Mon Aug 23 21:10:42 UTC 2021
auto.tcl: Setting watchdog for 200 seconds at Mon Aug 23 21:10:42 UTC 2021
2 ms. Memory: 51200K Free: 31244K (61%)
ptolemy.util.test.WatchDog.cancel(): canceling Mon Aug 23 21:10:42 UTC 2021
------------------ testing $PTII/ptolemy/domains/de/test/auto/Modal1.xml
auto.tcl: Setting watchdog for 200 seconds at Mon Aug 23 21:10:42 UTC 2021
14 ms. Memory: 51200K Free: 23726K (46%)
ptolemy.util.test.WatchDog.cancel(): canceling Mon Aug 23 21:10:42 UTC 2021
auto.tcl: Setting watchdog for 200 seconds at Mon Aug 23 21:10:42 UTC 2021
15 ms. Memory: 51200K Free: 20281K (40%)
ptolemy.util.test.WatchDog.cancel(): canceling Mon Aug 23 21:10:42 UTC 2021
------------------ testing $PTII/ptolemy/domains/de/test/auto/Modal2.xml
auto.tcl: Setting watchdog for 200 seconds at Mon Aug 23 21:10:42 UTC 2021
10 ms. Memory: 51200K Free: 24111K (47%)
ptolemy.util.test.WatchDog.cancel(): canceling Mon Aug 23 21:10:42 UTC 2021
auto.tcl: Setting watchdog for 200 seconds at Mon Aug 23 21:10:42 UTC 2021
11 ms. Memory: 51200K Free: 20625K (40%)
ptolemy.util.test.WatchDog.cancel(): canceling Mon Aug 23 21:10:42 UTC 2021
------------------ testing $PTII/ptolemy/domains/de/test/auto/Modal3.xml
auto.tcl: Setting watchdog for 200 seconds at Mon Aug 23 21:10:42 UTC 2021
10 ms. Memory: 51200K Free: 23848K (47%)
ptolemy.util.test.WatchDog.cancel(): canceling Mon Aug 23 21:10:42 UTC 2021
auto.tcl: Setting watchdog for 200 seconds at Mon Aug 23 21:10:42 UTC 2021
11 ms. Memory: 51200K Free: 20609K (40%)
ptolemy.util.test.WatchDog.cancel(): canceling Mon Aug 23 21:10:42 UTC 2021
------------------ testing $PTII/ptolemy/domains/de/test/auto/Modal4.xml
auto.tcl: Setting watchdog for 200 seconds at Mon Aug 23 21:10:42 UTC 2021
29 ms. Memory: 51200K Free: 22835K (45%)
ptolemy.util.test.WatchDog.cancel(): canceling Mon Aug 23 21:10:42 UTC 2021
auto.tcl: Setting watchdog for 200 seconds at Mon Aug 23 21:10:42 UTC 2021
21 ms. Memory: 51200K Free: 18986K (37%)
ptolemy.util.test.WatchDog.cancel(): canceling Mon Aug 23 21:10:42 UTC 2021
------------------ testing $PTII/ptolemy/domains/de/test/auto/Modal5.xml
auto.tcl: Setting watchdog for 200 seconds at Mon Aug 23 21:10:42 UTC 2021
12 ms. Memory: 51200K Free: 22807K (45%)
ptolemy.util.test.WatchDog.cancel(): canceling Mon Aug 23 21:10:42 UTC 2021
auto.tcl: Setting watchdog for 200 seconds at Mon Aug 23 21:10:42 UTC 2021
13 ms. Memory: 51200K Free: 19177K (37%)
ptolemy.util.test.WatchDog.cancel(): canceling Mon Aug 23 21:10:42 UTC 2021
------------------ testing $PTII/ptolemy/domains/de/test/auto/Modal6.xml
auto.tcl: Setting watchdog for 200 seconds at Mon Aug 23 21:10:42 UTC 2021
18 ms. Memory: 51200K Free: 23805K (46%)
ptolemy.util.test.WatchDog.cancel(): canceling Mon Aug 23 21:10:42 UTC 2021
auto.tcl: Setting watchdog for 200 seconds at Mon Aug 23 21:10:42 UTC 2021
18 ms. Memory: 51200K Free: 19596K (38%)
ptolemy.util.test.WatchDog.cancel(): canceling Mon Aug 23 21:10:42 UTC 2021
------------------ testing $PTII/ptolemy/domains/de/test/auto/Modal7.xml
auto.tcl: Setting watchdog for 200 seconds at Mon Aug 23 21:10:42 UTC 2021
9 ms. Memory: 51200K Free: 22553K (44%)
ptolemy.util.test.WatchDog.cancel(): canceling Mon Aug 23 21:10:43 UTC 2021
auto.tcl: Setting watchdog for 200 seconds at Mon Aug 23 21:10:43 UTC 2021
11 ms. Memory: 51200K Free: 19220K (38%)
ptolemy.util.test.WatchDog.cancel(): canceling Mon Aug 23 21:10:43 UTC 2021
------------------ testing $PTII/ptolemy/domains/de/test/auto/ModalModel.xml
auto.tcl: Setting watchdog for 200 seconds at Mon Aug 23 21:10:43 UTC 2021
213 ms. Memory: 51200K Free: 14944K (29%)
ptolemy.util.test.WatchDog.cancel(): canceling Mon Aug 23 21:10:43 UTC 2021
auto.tcl: Setting watchdog for 200 seconds at Mon Aug 23 21:10:43 UTC 2021
196 ms. Memory: 67584K Free: 28927K (43%)
ptolemy.util.test.WatchDog.cancel(): canceling Mon Aug 23 21:10:43 UTC 2021
------------------ testing $PTII/ptolemy/domains/de/test/auto/ModalSource.xml
auto.tcl: Setting watchdog for 200 seconds at Mon Aug 23 21:10:43 UTC 2021
7 ms. Memory: 55296K Free: 31742K (57%)
ptolemy.util.test.WatchDog.cancel(): canceling Mon Aug 23 21:10:43 UTC 2021
auto.tcl: Setting watchdog for 200 seconds at Mon Aug 23 21:10:43 UTC 2021
5 ms. Memory: 55296K Free: 29694K (54%)
ptolemy.util.test.WatchDog.cancel(): canceling Mon Aug 23 21:10:43 UTC 2021
------------------ testing $PTII/ptolemy/domains/de/test/auto/NonInterruptibleTimerZeroDelay.xml
auto.tcl: Setting watchdog for 200 seconds at Mon Aug 23 21:10:43 UTC 2021
3 ms. Memory: 51200K Free: 32797K (64%)
ptolemy.util.test.WatchDog.cancel(): canceling Mon Aug 23 21:10:43 UTC 2021
auto.tcl: Setting watchdog for 200 seconds at Mon Aug 23 21:10:43 UTC 2021
2 ms. Memory: 51200K Free: 31937K (62%)
ptolemy.util.test.WatchDog.cancel(): canceling Mon Aug 23 21:10:43 UTC 2021
------------------ testing $PTII/ptolemy/domains/de/test/auto/OpenQueueingNetwork.xml
auto.tcl: Setting watchdog for 200 seconds at Mon Aug 23 21:10:43 UTC 2021
2725 ms. Memory: 107520K Free: 64418K (60%)
ptolemy.util.test.WatchDog.cancel(): canceling Mon Aug 23 21:10:46 UTC 2021
auto.tcl: Setting watchdog for 200 seconds at Mon Aug 23 21:10:46 UTC 2021
2530 ms. Memory: 129024K Free: 102871K (80%)
ptolemy.util.test.WatchDog.cancel(): canceling Mon Aug 23 21:10:49 UTC 2021
------------------ testing $PTII/ptolemy/domains/de/test/auto/OpenQueuingNetwork.xml
auto.tcl: Setting watchdog for 200 seconds at Mon Aug 23 21:10:49 UTC 2021
240 ms. Memory: 58368K Free: 32404K (56%)
ptolemy.util.test.WatchDog.cancel(): canceling Mon Aug 23 21:10:49 UTC 2021
auto.tcl: Setting watchdog for 200 seconds at Mon Aug 23 21:10:49 UTC 2021
228 ms. Memory: 58368K Free: 14315K (25%)
ptolemy.util.test.WatchDog.cancel(): canceling Mon Aug 23 21:10:49 UTC 2021
------------------ testing $PTII/ptolemy/domains/de/test/auto/PeriodicSampler.xml
auto.tcl: Setting watchdog for 200 seconds at Mon Aug 23 21:10:49 UTC 2021
3 ms. Memory: 55296K Free: 35881K (65%)
ptolemy.util.test.WatchDog.cancel(): canceling Mon Aug 23 21:10:49 UTC 2021
auto.tcl: Setting watchdog for 200 seconds at Mon Aug 23 21:10:49 UTC 2021
1 ms. Memory: 55296K Free: 35361K (64%)
ptolemy.util.test.WatchDog.cancel(): canceling Mon Aug 23 21:10:49 UTC 2021
------------------ testing $PTII/ptolemy/domains/de/test/auto/PersistentIO.xml
auto.tcl: Setting watchdog for 200 seconds at Mon Aug 23 21:10:49 UTC 2021
14 ms. Memory: 51200K Free: 26709K (52%)
ptolemy.util.test.WatchDog.cancel(): canceling Mon Aug 23 21:10:49 UTC 2021
auto.tcl: Setting watchdog for 200 seconds at Mon Aug 23 21:10:49 UTC 2021
4 ms. Memory: 51200K Free: 25189K (49%)
ptolemy.util.test.WatchDog.cancel(): canceling Mon Aug 23 21:10:49 UTC 2021
------------------ testing $PTII/ptolemy/domains/de/test/auto/PortParameterResetOnInitialize.xml
auto.tcl: Setting watchdog for 200 seconds at Mon Aug 23 21:10:49 UTC 2021
2 ms. Memory: 51200K Free: 31892K (62%)
ptolemy.util.test.WatchDog.cancel(): canceling Mon Aug 23 21:10:49 UTC 2021
auto.tcl: Setting watchdog for 200 seconds at Mon Aug 23 21:10:49 UTC 2021
2 ms. Memory: 51200K Free: 31380K (61%)
ptolemy.util.test.WatchDog.cancel(): canceling Mon Aug 23 21:10:49 UTC 2021
------------------ testing $PTII/ptolemy/domains/de/test/auto/PortParameterUpdates.xml
auto.tcl: Setting watchdog for 200 seconds at Mon Aug 23 21:10:49 UTC 2021
3 ms. Memory: 51200K Free: 29778K (58%)
ptolemy.util.test.WatchDog.cancel(): canceling Mon Aug 23 21:10:50 UTC 2021
auto.tcl: Setting watchdog for 200 seconds at Mon Aug 23 21:10:50 UTC 2021
4 ms. Memory: 51200K Free: 28757K (56%)
ptolemy.util.test.WatchDog.cancel(): canceling Mon Aug 23 21:10:50 UTC 2021
------------------ testing $PTII/ptolemy/domains/de/test/auto/QueueAndServer.xml
auto.tcl: Setting watchdog for 200 seconds at Mon Aug 23 21:10:50 UTC 2021
15 ms. Memory: 51200K Free: 28672K (56%)
ptolemy.util.test.WatchDog.cancel(): canceling Mon Aug 23 21:10:50 UTC 2021
auto.tcl: Setting watchdog for 200 seconds at Mon Aug 23 21:10:50 UTC 2021
6 ms. Memory: 51200K Free: 27199K (53%)
ptolemy.util.test.WatchDog.cancel(): canceling Mon Aug 23 21:10:50 UTC 2021
------------------ testing $PTII/ptolemy/domains/de/test/auto/Records.xml
auto.tcl: Setting watchdog for 200 seconds at Mon Aug 23 21:10:50 UTC 2021
3 ms. Memory: 51200K Free: 30950K (60%)
ptolemy.util.test.WatchDog.cancel(): canceling Mon Aug 23 21:10:50 UTC 2021
auto.tcl: Setting watchdog for 200 seconds at Mon Aug 23 21:10:50 UTC 2021
3 ms. Memory: 51200K Free: 30411K (59%)
ptolemy.util.test.WatchDog.cancel(): canceling Mon Aug 23 21:10:50 UTC 2021
------------------ testing $PTII/ptolemy/domains/de/test/auto/ResetTransitionWithStartTime1.xml
auto.tcl: Setting watchdog for 200 seconds at Mon Aug 23 21:10:50 UTC 2021
6 ms. Memory: 51200K Free: 28231K (55%)
ptolemy.util.test.WatchDog.cancel(): canceling Mon Aug 23 21:10:50 UTC 2021
auto.tcl: Setting watchdog for 200 seconds at Mon Aug 23 21:10:50 UTC 2021
6 ms. Memory: 51200K Free: 26146K (51%)
ptolemy.util.test.WatchDog.cancel(): canceling Mon Aug 23 21:10:50 UTC 2021
------------------ testing $PTII/ptolemy/domains/de/test/auto/ResetTransitionWithStartTime2.xml
auto.tcl: Setting watchdog for 200 seconds at Mon Aug 23 21:10:50 UTC 2021
6 ms. Memory: 51200K Free: 28148K (55%)
ptolemy.util.test.WatchDog.cancel(): canceling Mon Aug 23 21:10:50 UTC 2021
auto.tcl: Setting watchdog for 200 seconds at Mon Aug 23 21:10:50 UTC 2021
6 ms. Memory: 51200K Free: 26100K (51%)
ptolemy.util.test.WatchDog.cancel(): canceling Mon Aug 23 21:10:50 UTC 2021
------------------ testing $PTII/ptolemy/domains/de/test/auto/ResetTransitionWithStartTime3.xml
auto.tcl: Setting watchdog for 200 seconds at Mon Aug 23 21:10:50 UTC 2021
12 ms. Memory: 51200K Free: 28148K (55%)
ptolemy.util.test.WatchDog.cancel(): canceling Mon Aug 23 21:10:50 UTC 2021
auto.tcl: Setting watchdog for 200 seconds at Mon Aug 23 21:10:50 UTC 2021
6 ms. Memory: 51200K Free: 26103K (51%)
ptolemy.util.test.WatchDog.cancel(): canceling Mon Aug 23 21:10:50 UTC 2021
------------------ testing $PTII/ptolemy/domains/de/test/auto/ResetTransitionWithStartTime4.xml
auto.tcl: Setting watchdog for 200 seconds at Mon Aug 23 21:10:50 UTC 2021
12 ms. Memory: 51200K Free: 28574K (56%)
ptolemy.util.test.WatchDog.cancel(): canceling Mon Aug 23 21:10:50 UTC 2021
auto.tcl: Setting watchdog for 200 seconds at Mon Aug 23 21:10:50 UTC 2021
5 ms. Memory: 51200K Free: 27122K (53%)
ptolemy.util.test.WatchDog.cancel(): canceling Mon Aug 23 21:10:50 UTC 2021
------------------ testing $PTII/ptolemy/domains/de/test/auto/ResettableTimer1.xml
auto.tcl: Setting watchdog for 200 seconds at Mon Aug 23 21:10:50 UTC 2021
3 ms. Memory: 51200K Free: 32362K (63%)
ptolemy.util.test.WatchDog.cancel(): canceling Mon Aug 23 21:10:50 UTC 2021
auto.tcl: Setting watchdog for 200 seconds at Mon Aug 23 21:10:50 UTC 2021
2 ms. Memory: 51200K Free: 31702K (62%)
ptolemy.util.test.WatchDog.cancel(): canceling Mon Aug 23 21:10:50 UTC 2021
------------------ testing $PTII/ptolemy/domains/de/test/auto/ResettableTimer2.xml
auto.tcl: Setting watchdog for 200 seconds at Mon Aug 23 21:10:50 UTC 2021
3 ms. Memory: 51200K Free: 32418K (63%)
ptolemy.util.test.WatchDog.cancel(): canceling Mon Aug 23 21:10:50 UTC 2021
auto.tcl: Setting watchdog for 200 seconds at Mon Aug 23 21:10:50 UTC 2021
3 ms. Memory: 51200K Free: 31760K (62%)
ptolemy.util.test.WatchDog.cancel(): canceling Mon Aug 23 21:10:50 UTC 2021
------------------ testing $PTII/ptolemy/domains/de/test/auto/ResettableTimer3.xml
auto.tcl: Setting watchdog for 200 seconds at Mon Aug 23 21:10:50 UTC 2021
1 ms. Memory: 51200K Free: 32283K (63%)
ptolemy.util.test.WatchDog.cancel(): canceling Mon Aug 23 21:10:50 UTC 2021
auto.tcl: Setting watchdog for 200 seconds at Mon Aug 23 21:10:50 UTC 2021
1 ms. Memory: 51200K Free: 32283K (63%)
ptolemy.util.test.WatchDog.cancel(): canceling Mon Aug 23 21:10:50 UTC 2021
------------------ testing $PTII/ptolemy/domains/de/test/auto/ResettableTimer4.xml
auto.tcl: Setting watchdog for 200 seconds at Mon Aug 23 21:10:50 UTC 2021
1 ms. Memory: 51200K Free: 32297K (63%)
ptolemy.util.test.WatchDog.cancel(): canceling Mon Aug 23 21:10:50 UTC 2021
auto.tcl: Setting watchdog for 200 seconds at Mon Aug 23 21:10:50 UTC 2021
1 ms. Memory: 51200K Free: 31785K (62%)
ptolemy.util.test.WatchDog.cancel(): canceling Mon Aug 23 21:10:50 UTC 2021
------------------ testing $PTII/ptolemy/domains/de/test/auto/ResettableTimer5.xml
auto.tcl: Setting watchdog for 200 seconds at Mon Aug 23 21:10:50 UTC 2021
2 ms. Memory: 51200K Free: 31777K (62%)
ptolemy.util.test.WatchDog.cancel(): canceling Mon Aug 23 21:10:50 UTC 2021
auto.tcl: Setting watchdog for 200 seconds at Mon Aug 23 21:10:50 UTC 2021
2 ms. Memory: 51200K Free: 31777K (62%)
ptolemy.util.test.WatchDog.cancel(): canceling Mon Aug 23 21:10:50 UTC 2021
------------------ testing $PTII/ptolemy/domains/de/test/auto/ResettableTimer6.xml
auto.tcl: Setting watchdog for 200 seconds at Mon Aug 23 21:10:50 UTC 2021
2 ms. Memory: 51200K Free: 31768K (62%)
ptolemy.util.test.WatchDog.cancel(): canceling Mon Aug 23 21:10:50 UTC 2021
auto.tcl: Setting watchdog for 200 seconds at Mon Aug 23 21:10:50 UTC 2021
1 ms. Memory: 51200K Free: 31258K (61%)
ptolemy.util.test.WatchDog.cancel(): canceling Mon Aug 23 21:10:50 UTC 2021
------------------ testing $PTII/ptolemy/domains/de/test/auto/ServerZeroDelay.xml
auto.tcl: Setting watchdog for 200 seconds at Mon Aug 23 21:10:50 UTC 2021
4 ms. Memory: 51200K Free: 32274K (63%)
ptolemy.util.test.WatchDog.cancel(): canceling Mon Aug 23 21:10:50 UTC 2021
auto.tcl: Setting watchdog for 200 seconds at Mon Aug 23 21:10:50 UTC 2021
3 ms. Memory: 51200K Free: 31250K (61%)
ptolemy.util.test.WatchDog.cancel(): canceling Mon Aug 23 21:10:50 UTC 2021
------------------ testing $PTII/ptolemy/domains/de/test/auto/SmartSender.xml
auto.tcl: Setting watchdog for 200 seconds at Mon Aug 23 21:10:50 UTC 2021
3001 ms. Memory: 51200K Free: 32268K (63%)
ptolemy.util.test.WatchDog.cancel(): canceling Mon Aug 23 21:10:53 UTC 2021
auto.tcl: Setting watchdog for 200 seconds at Mon Aug 23 21:10:53 UTC 2021
3002 ms. Memory: 51200K Free: 31740K (62%)
ptolemy.util.test.WatchDog.cancel(): canceling Mon Aug 23 21:10:56 UTC 2021
------------------ testing $PTII/ptolemy/domains/de/test/auto/ThreadedComposite.xml
auto.tcl: Setting watchdog for 200 seconds at Mon Aug 23 21:10:56 UTC 2021
240 ms. Memory: 51200K Free: 13274K (26%)
ptolemy.util.test.WatchDog.cancel(): canceling Mon Aug 23 21:10:57 UTC 2021
auto.tcl: Setting watchdog for 200 seconds at Mon Aug 23 21:10:57 UTC 2021
143 ms. Memory: 61440K Free: 39216K (64%)
ptolemy.util.test.WatchDog.cancel(): canceling Mon Aug 23 21:10:57 UTC 2021
------------------ testing $PTII/ptolemy/domains/de/test/auto/Time.xml
auto.tcl: Setting watchdog for 200 seconds at Mon Aug 23 21:10:57 UTC 2021
435 ms. Memory: 55296K Free: 16056K (29%)
ptolemy.util.test.WatchDog.cancel(): canceling Mon Aug 23 21:10:57 UTC 2021
auto.tcl: Setting watchdog for 200 seconds at Mon Aug 23 21:10:57 UTC 2021
396 ms. Memory: 55296K Free: 26995K (49%)
ptolemy.util.test.WatchDog.cancel(): canceling Mon Aug 23 21:10:58 UTC 2021
------------------ testing $PTII/ptolemy/domains/de/test/auto/TimeDelayZeroDelay.xml
auto.tcl: Setting watchdog for 200 seconds at Mon Aug 23 21:10:58 UTC 2021
2 ms. Memory: 55296K Free: 36789K (67%)
ptolemy.util.test.WatchDog.cancel(): canceling Mon Aug 23 21:10:58 UTC 2021
auto.tcl: Setting watchdog for 200 seconds at Mon Aug 23 21:10:58 UTC 2021
2 ms. Memory: 55296K Free: 35909K (65%)
ptolemy.util.test.WatchDog.cancel(): canceling Mon Aug 23 21:10:58 UTC 2021
------------------ testing $PTII/ptolemy/domains/de/test/auto/TimerZeroDelay.xml
auto.tcl: Setting watchdog for 200 seconds at Mon Aug 23 21:10:58 UTC 2021
2 ms. Memory: 55296K Free: 36649K (66%)
ptolemy.util.test.WatchDog.cancel(): canceling Mon Aug 23 21:10:58 UTC 2021
auto.tcl: Setting watchdog for 200 seconds at Mon Aug 23 21:10:58 UTC 2021
2 ms. Memory: 55296K Free: 35952K (65%)
ptolemy.util.test.WatchDog.cancel(): canceling Mon Aug 23 21:10:58 UTC 2021
------------------ testing $PTII/ptolemy/domains/de/test/auto/TimingParadox.xml
auto.tcl: Setting watchdog for 200 seconds at Mon Aug 23 21:10:58 UTC 2021
254 ms. Memory: 55296K Free: 29022K (52%)
ptolemy.util.test.WatchDog.cancel(): canceling Mon Aug 23 21:10:58 UTC 2021
auto.tcl: Setting watchdog for 200 seconds at Mon Aug 23 21:10:58 UTC 2021
259 ms. Memory: 55296K Free: 22497K (41%)
ptolemy.util.test.WatchDog.cancel(): canceling Mon Aug 23 21:10:59 UTC 2021
------------------ testing $PTII/ptolemy/domains/de/test/auto/TransferInputs.xml
auto.tcl: Setting watchdog for 200 seconds at Mon Aug 23 21:10:59 UTC 2021
2 ms. Memory: 55296K Free: 34804K (63%)
ptolemy.util.test.WatchDog.cancel(): canceling Mon Aug 23 21:10:59 UTC 2021
auto.tcl: Setting watchdog for 200 seconds at Mon Aug 23 21:10:59 UTC 2021
2 ms. Memory: 55296K Free: 33843K (61%)
ptolemy.util.test.WatchDog.cancel(): canceling Mon Aug 23 21:10:59 UTC 2021
------------------ testing $PTII/ptolemy/domains/de/test/auto/TransferOutputs2.xml
auto.tcl: Setting watchdog for 200 seconds at Mon Aug 23 21:10:59 UTC 2021
3 ms. Memory: 55296K Free: 32247K (58%)
ptolemy.util.test.WatchDog.cancel(): canceling Mon Aug 23 21:10:59 UTC 2021
auto.tcl: Setting watchdog for 200 seconds at Mon Aug 23 21:10:59 UTC 2021
2 ms. Memory: 55296K Free: 30787K (56%)
ptolemy.util.test.WatchDog.cancel(): canceling Mon Aug 23 21:10:59 UTC 2021
------------------ testing $PTII/ptolemy/domains/de/test/auto/Trilateration.xml
auto.tcl: Setting watchdog for 200 seconds at Mon Aug 23 21:10:59 UTC 2021
12170 ms. Memory: 451584K Free: 412287K (91%)
ptolemy.util.test.WatchDog.cancel(): canceling Mon Aug 23 21:11:12 UTC 2021
auto.tcl: Setting watchdog for 200 seconds at Mon Aug 23 21:11:12 UTC 2021
9341 ms. Memory: 451584K Free: 188746K (42%)
ptolemy.util.test.WatchDog.cancel(): canceling Mon Aug 23 21:11:21 UTC 2021
------------------ testing $PTII/ptolemy/domains/de/test/auto/TwoSigmaDelta.xml
auto.tcl: Setting watchdog for 200 seconds at Mon Aug 23 21:11:21 UTC 2021
2377 ms. Memory: 92160K Free: 21710K (24%)
ptolemy.util.test.WatchDog.cancel(): canceling Mon Aug 23 21:11:24 UTC 2021
auto.tcl: Setting watchdog for 200 seconds at Mon Aug 23 21:11:24 UTC 2021
1799 ms. Memory: 92160K Free: 23735K (26%)
ptolemy.util.test.WatchDog.cancel(): canceling Mon Aug 23 21:11:26 UTC 2021
------------------ testing $PTII/ptolemy/domains/de/test/auto/VariableDelay.xml
auto.tcl: Setting watchdog for 200 seconds at Mon Aug 23 21:11:26 UTC 2021
2 ms. Memory: 55296K Free: 35298K (64%)
ptolemy.util.test.WatchDog.cancel(): canceling Mon Aug 23 21:11:26 UTC 2021
auto.tcl: Setting watchdog for 200 seconds at Mon Aug 23 21:11:26 UTC 2021
2 ms. Memory: 55296K Free: 34258K (62%)
ptolemy.util.test.WatchDog.cancel(): canceling Mon Aug 23 21:11:26 UTC 2021
------------------ testing $PTII/ptolemy/domains/de/test/auto/VariableDelay2.xml
auto.tcl: Setting watchdog for 200 seconds at Mon Aug 23 21:11:26 UTC 2021
7 ms. Memory: 55296K Free: 35883K (65%)
ptolemy.util.test.WatchDog.cancel(): canceling Mon Aug 23 21:11:26 UTC 2021
auto.tcl: Setting watchdog for 200 seconds at Mon Aug 23 21:11:26 UTC 2021
2 ms. Memory: 55296K Free: 35371K (64%)
ptolemy.util.test.WatchDog.cancel(): canceling Mon Aug 23 21:11:26 UTC 2021
------------------ testing $PTII/ptolemy/domains/de/test/auto/VariableDelayZeroDelay.xml
auto.tcl: Setting watchdog for 200 seconds at Mon Aug 23 21:11:26 UTC 2021
2 ms. Memory: 55296K Free: 36224K (66%)
ptolemy.util.test.WatchDog.cancel(): canceling Mon Aug 23 21:11:26 UTC 2021
auto.tcl: Setting watchdog for 200 seconds at Mon Aug 23 21:11:26 UTC 2021
2 ms. Memory: 55296K Free: 35710K (65%)
ptolemy.util.test.WatchDog.cancel(): canceling Mon Aug 23 21:11:26 UTC 2021
------------------ testing $PTII/ptolemy/domains/de/test/auto/VariableDelayZeroDelay2.xml
auto.tcl: Setting watchdog for 200 seconds at Mon Aug 23 21:11:26 UTC 2021
2 ms. Memory: 55296K Free: 36223K (66%)
ptolemy.util.test.WatchDog.cancel(): canceling Mon Aug 23 21:11:26 UTC 2021
auto.tcl: Setting watchdog for 200 seconds at Mon Aug 23 21:11:26 UTC 2021
2 ms. Memory: 55296K Free: 35199K (64%)
ptolemy.util.test.WatchDog.cancel(): canceling Mon Aug 23 21:11:26 UTC 2021
------------------ testing $PTII/ptolemy/domains/de/test/auto/deInCt.xml
auto.tcl: Setting watchdog for 200 seconds at Mon Aug 23 21:11:26 UTC 2021
0
1
1
1
0
0
0
1
1
1
0
0
1
1
1
1
1
0
0
0
1
1
1
1
0
0
0
1
1
1
0
0
0
1
1
1
1
1
1
12 ms. Memory: 55296K Free: 35196K (64%)
ptolemy.util.test.WatchDog.cancel(): canceling Mon Aug 23 21:11:26 UTC 2021
auto.tcl: Setting watchdog for 200 seconds at Mon Aug 23 21:11:26 UTC 2021
0
1
1
1
0
0
0
0
1
1
1
0
0
0
1
1
1
1
1
1
1
0
0
0
1
1
1
1
0
0
0
1
1
1
9 ms. Memory: 55296K Free: 33658K (61%)
ptolemy.util.test.WatchDog.cancel(): canceling Mon Aug 23 21:11:26 UTC 2021
------------------ testing $PTII/ptolemy/domains/de/test/auto/deInCt2.xml
auto.tcl: Setting watchdog for 200 seconds at Mon Aug 23 21:11:26 UTC 2021
0
1
1
1
0
0
1
1
1
0
0
1
1
1
0
0
1
1
1
0
0
1
1
1
0
0
1
1
1
0
0
1
1
1
0
0
1
1
1
0
0
0
11 ms. Memory: 55296K Free: 35196K (64%)
ptolemy.util.test.WatchDog.cancel(): canceling Mon Aug 23 21:11:26 UTC 2021
auto.tcl: Setting watchdog for 200 seconds at Mon Aug 23 21:11:26 UTC 2021
0
1
1
1
0
0
1
1
1
0
0
1
1
1
0
0
1
1
1
0
0
1
1
1
0
0
1
1
1
0
0
1
1
1
0
0
1
1
1
0
0
0
8 ms. Memory: 55296K Free: 33658K (61%)
ptolemy.util.test.WatchDog.cancel(): canceling Mon Aug 23 21:11:26 UTC 2021
------------------ testing $PTII/ptolemy/domains/de/test/auto/dynamicCausalityInterface1.xml
auto.tcl: Setting watchdog for 200 seconds at Mon Aug 23 21:11:26 UTC 2021
1 ms. Memory: 51200K Free: 26999K (53%)
ptolemy.util.test.WatchDog.cancel(): canceling Mon Aug 23 21:11:26 UTC 2021
auto.tcl: Setting watchdog for 200 seconds at Mon Aug 23 21:11:26 UTC 2021
1 ms. Memory: 51200K Free: 26485K (52%)
ptolemy.util.test.WatchDog.cancel(): canceling Mon Aug 23 21:11:26 UTC 2021
------------------ testing $PTII/ptolemy/domains/de/test/auto/fsm_de_test.xml
auto.tcl: Setting watchdog for 200 seconds at Mon Aug 23 21:11:26 UTC 2021
7 ms. Memory: 51200K Free: 26980K (53%)
ptolemy.util.test.WatchDog.cancel(): canceling Mon Aug 23 21:11:26 UTC 2021
auto.tcl: Setting watchdog for 200 seconds at Mon Aug 23 21:11:26 UTC 2021
5 ms. Memory: 51200K Free: 24850K (49%)
ptolemy.util.test.WatchDog.cancel(): canceling Mon Aug 23 21:11:26 UTC 2021
------------------ testing $PTII/ptolemy/domains/de/test/auto/functionDependencyReconstruction.xml
auto.tcl: Setting watchdog for 200 seconds at Mon Aug 23 21:11:26 UTC 2021
2 ms. Memory: 51200K Free: 20743K (41%)
ptolemy.util.test.WatchDog.cancel(): canceling Mon Aug 23 21:11:26 UTC 2021
auto.tcl: Setting watchdog for 200 seconds at Mon Aug 23 21:11:26 UTC 2021
1 ms. Memory: 51200K Free: 18695K (37%)
ptolemy.util.test.WatchDog.cancel(): canceling Mon Aug 23 21:11:26 UTC 2021
------------------ testing $PTII/ptolemy/domains/de/test/auto/multirate.xml
auto.tcl: Setting watchdog for 200 seconds at Mon Aug 23 21:11:26 UTC 2021
8 ms. Memory: 51200K Free: 29539K (58%)
ptolemy.util.test.WatchDog.cancel(): canceling Mon Aug 23 21:11:26 UTC 2021
auto.tcl: Setting watchdog for 200 seconds at Mon Aug 23 21:11:26 UTC 2021
3 ms. Memory: 51200K Free: 27798K (54%)
ptolemy.util.test.WatchDog.cancel(): canceling Mon Aug 23 21:11:26 UTC 2021
------------------ testing $PTII/ptolemy/domains/de/test/auto/multirate2.xml
auto.tcl: Setting watchdog for 200 seconds at Mon Aug 23 21:11:27 UTC 2021
3 ms. Memory: 51200K Free: 29703K (58%)
ptolemy.util.test.WatchDog.cancel(): canceling Mon Aug 23 21:11:27 UTC 2021
auto.tcl: Setting watchdog for 200 seconds at Mon Aug 23 21:11:27 UTC 2021
2 ms. Memory: 51200K Free: 27995K (55%)
ptolemy.util.test.WatchDog.cancel(): canceling Mon Aug 23 21:11:27 UTC 2021
------------------ testing $PTII/ptolemy/domains/de/test/auto/realtime.xml
auto.tcl: Setting watchdog for 200 seconds at Mon Aug 23 21:11:27 UTC 2021
10002 ms. Memory: 51200K Free: 31779K (62%)
ptolemy.util.test.WatchDog.cancel(): canceling Mon Aug 23 21:11:37 UTC 2021
auto.tcl: Setting watchdog for 200 seconds at Mon Aug 23 21:11:37 UTC 2021
10001 ms. Memory: 51200K Free: 31044K (61%)
ptolemy.util.test.WatchDog.cancel(): canceling Mon Aug 23 21:11:47 UTC 2021
------------------ testing $PTII/ptolemy/domains/de/test/auto/relationGroup.xml
auto.tcl: Setting watchdog for 200 seconds at Mon Aug 23 21:11:47 UTC 2021
2 ms. Memory: 51200K Free: 32858K (64%)
ptolemy.util.test.WatchDog.cancel(): canceling Mon Aug 23 21:11:47 UTC 2021
auto.tcl: Setting watchdog for 200 seconds at Mon Aug 23 21:11:47 UTC 2021
1 ms. Memory: 51200K Free: 32350K (63%)
ptolemy.util.test.WatchDog.cancel(): canceling Mon Aug 23 21:11:47 UTC 2021
------------------ testing $PTII/ptolemy/domains/de/test/auto/relationGroup2.xml
auto.tcl: Setting watchdog for 200 seconds at Mon Aug 23 21:11:47 UTC 2021
1 ms. Memory: 51200K Free: 32884K (64%)
ptolemy.util.test.WatchDog.cancel(): canceling Mon Aug 23 21:11:47 UTC 2021
auto.tcl: Setting watchdog for 200 seconds at Mon Aug 23 21:11:47 UTC 2021
2 ms. Memory: 51200K Free: 32372K (63%)
ptolemy.util.test.WatchDog.cancel(): canceling Mon Aug 23 21:11:47 UTC 2021
------------------ testing $PTII/ptolemy/domains/de/test/auto/sortWithOpaquePorts.xml
auto.tcl: Setting watchdog for 200 seconds at Mon Aug 23 21:11:47 UTC 2021
1 ms. Memory: 51200K Free: 32150K (63%)
ptolemy.util.test.WatchDog.cancel(): canceling Mon Aug 23 21:11:47 UTC 2021
auto.tcl: Setting watchdog for 200 seconds at Mon Aug 23 21:11:47 UTC 2021
3 ms. Memory: 51200K Free: 30624K (60%)
ptolemy.util.test.WatchDog.cancel(): canceling Mon Aug 23 21:11:47 UTC 2021
------------------ testing $PTII/ptolemy/domains/de/test/auto/transferInputsandOutputs.xml
auto.tcl: Setting watchdog for 200 seconds at Mon Aug 23 21:11:47 UTC 2021
4 ms. Memory: 51200K Free: 29065K (57%)
ptolemy.util.test.WatchDog.cancel(): canceling Mon Aug 23 21:11:47 UTC 2021
auto.tcl: Setting watchdog for 200 seconds at Mon Aug 23 21:11:47 UTC 2021
3 ms. Memory: 51200K Free: 28041K (55%)
ptolemy.util.test.WatchDog.cancel(): canceling Mon Aug 23 21:11:47 UTC 2021
------------------ testing $PTII/ptolemy/domains/de/test/auto/triggerType.xml
auto.tcl: Setting watchdog for 200 seconds at Mon Aug 23 21:11:47 UTC 2021
2 ms. Memory: 51200K Free: 32091K (63%)
ptolemy.util.test.WatchDog.cancel(): canceling Mon Aug 23 21:11:47 UTC 2021
auto.tcl: Setting watchdog for 200 seconds at Mon Aug 23 21:11:47 UTC 2021
2 ms. Memory: 51200K Free: 31067K (61%)
ptolemy.util.test.WatchDog.cancel(): canceling Mon Aug 23 21:11:47 UTC 2021
08/23/21 09:11:47
Failed: 0  Total Tests: 192  ((Passed: 187, Newly Passed: 1)  Known Failed: 5) /home/travis/build/icyphy/ptII/ptolemy/domains/de/test
08/23/21 09:11:47
Failed: 0  Total Tests: 192  ((Passed: 187, Newly Passed: 1)  Known Failed: 5) /home/travis/build/icyphy/ptII/ptolemy/domains/de/test
----------------- testing (KnownFailure) /home/travis/build/icyphy/ptII/ptolemy/domains/de/test/auto/knownFailedTests/DESDFClockTest.xml
2012 ms. Memory: 51200K Free: 25485K (50%)
Known Failure: java.lang.reflect.InvocationTargetException
----------------- testing (KnownFailure) /home/travis/build/icyphy/ptII/ptolemy/domains/de/test/auto/knownFailedTests/DirectFeedback.xml
2 ms. Memory: 51200K Free: 21903K (43%)
Known Failure: java.lang.reflect.InvocationTargetException
----------------- testing (KnownFailure) /home/travis/build/icyphy/ptII/ptolemy/domains/de/test/auto/knownFailedTests/FSMSource.xml
11 ms. Memory: 51200K Free: 14735K (29%)
----------------- testing (KnownFailure) /home/travis/build/icyphy/ptII/ptolemy/domains/de/test/auto/knownFailedTests/HierarchicalModel.xml
3 ms. Memory: 51200K Free: 27947K (55%)
Known Failure: java.lang.reflect.InvocationTargetException
----------------- testing (KnownFailure) /home/travis/build/icyphy/ptII/ptolemy/domains/de/test/auto/knownFailedTests/dependencyLoop.xml
2 ms. Memory: 51200K Free: 12595K (25%)
Known Failure: java.lang.reflect.InvocationTargetException
----------------- testing (KnownFailure) /home/travis/build/icyphy/ptII/ptolemy/domains/de/test/auto/knownFailedTests/dependencyLoop2.xml
7 ms. Memory: 51200K Free: 26506K (52%)
Known Failure: java.lang.reflect.InvocationTargetException
No auto/linux-amd64/*.xml tests in /home/travis/build/icyphy/ptII/ptolemy/domains/de/test
AutoTests.java: About to close Vertx.
AutoTests.java: Vertx closed.

===========================================================================================
----------------- testing Mon Aug 23 21:11:49 UTC 2021 /home/travis/build/icyphy/ptII/ptolemy/domains/de/test/auto/ActorDepthCalculation_actorWithoutPorts.xml
----------------- Instantiating /home/travis/build/icyphy/ptII/ptolemy/domains/de/test/auto/ActorDepthCalculation_actorWithoutPorts.xml
2 ms. Memory: 51200K Free: 19692K (38%)
----------------- Invoking toplevel() on ptolemy.moml.MoMLSimpleApplication@1312c0a6
----------------- Done invoking toplevel() on ptolemy.moml.MoMLSimpleApplication@1312c0a6
reloadAllAccessors: .ActorDepthCalculation_actorWithoutPorts

===========================================================================================
----------------- testing Mon Aug 23 21:11:49 UTC 2021 /home/travis/build/icyphy/ptII/ptolemy/domains/de/test/auto/AssemblyLine.xml
----------------- Instantiating /home/travis/build/icyphy/ptII/ptolemy/domains/de/test/auto/AssemblyLine.xml
2 ms. Memory: 51200K Free: 12572K (25%)
----------------- Invoking toplevel() on ptolemy.moml.MoMLSimpleApplication@6fb5d65
----------------- Done invoking toplevel() on ptolemy.moml.MoMLSimpleApplication@6fb5d65
reloadAllAccessors: .AssemblyLine

===========================================================================================
----------------- testing Mon Aug 23 21:11:49 UTC 2021 /home/travis/build/icyphy/ptII/ptolemy/domains/de/test/auto/CQBug1.xml
----------------- Instantiating /home/travis/build/icyphy/ptII/ptolemy/domains/de/test/auto/CQBug1.xml
1 ms. Memory: 51200K Free: 9538K (19%)
----------------- Invoking toplevel() on ptolemy.moml.MoMLSimpleApplication@7ac096c4
----------------- Done invoking toplevel() on ptolemy.moml.MoMLSimpleApplication@7ac096c4
reloadAllAccessors: .CQBug1

===========================================================================================
----------------- testing Mon Aug 23 21:11:49 UTC 2021 /home/travis/build/icyphy/ptII/ptolemy/domains/de/test/auto/CancelFireAt.xml
----------------- Instantiating /home/travis/build/icyphy/ptII/ptolemy/domains/de/test/auto/CancelFireAt.xml
8 ms. Memory: 51200K Free: 7050K (14%)
----------------- Invoking toplevel() on ptolemy.moml.MoMLSimpleApplication@49da2dc6
----------------- Done invoking toplevel() on ptolemy.moml.MoMLSimpleApplication@49da2dc6
reloadAllAccessors: .CancelFireAt

===========================================================================================
----------------- testing Mon Aug 23 21:11:49 UTC 2021 /home/travis/build/icyphy/ptII/ptolemy/domains/de/test/auto/CausalityAndComposabilityAnalysis.xml
----------------- Instantiating /home/travis/build/icyphy/ptII/ptolemy/domains/de/test/auto/CausalityAndComposabilityAnalysis.xml
2 ms. Memory: 51200K Free: 31675K (62%)
----------------- Invoking toplevel() on ptolemy.moml.MoMLSimpleApplication@74f0be85
----------------- Done invoking toplevel() on ptolemy.moml.MoMLSimpleApplication@74f0be85
reloadAllAccessors: .CausalityAndComposabilityAnalysis

===========================================================================================
----------------- testing Mon Aug 23 21:11:49 UTC 2021 /home/travis/build/icyphy/ptII/ptolemy/domains/de/test/auto/CausalityInterface1.xml
----------------- Instantiating /home/travis/build/icyphy/ptII/ptolemy/domains/de/test/auto/CausalityInterface1.xml
6 ms. Memory: 51200K Free: 26844K (52%)
----------------- Invoking toplevel() on ptolemy.moml.MoMLSimpleApplication@6dd6182f
----------------- Done invoking toplevel() on ptolemy.moml.MoMLSimpleApplication@6dd6182f
reloadAllAccessors: .CausalityInterface1

===========================================================================================
----------------- testing Mon Aug 23 21:11:49 UTC 2021 /home/travis/build/icyphy/ptII/ptolemy/domains/de/test/auto/CausalityInterface15.xml
----------------- Instantiating /home/travis/build/icyphy/ptII/ptolemy/domains/de/test/auto/CausalityInterface15.xml
3 ms. Memory: 51200K Free: 21398K (42%)
----------------- Invoking toplevel() on ptolemy.moml.MoMLSimpleApplication@372cfe18
----------------- Done invoking toplevel() on ptolemy.moml.MoMLSimpleApplication@372cfe18
reloadAllAccessors: .CausalityInterface15

===========================================================================================
----------------- testing Mon Aug 23 21:11:49 UTC 2021 /home/travis/build/icyphy/ptII/ptolemy/domains/de/test/auto/CausalityInterface2.xml
----------------- Instantiating /home/travis/build/icyphy/ptII/ptolemy/domains/de/test/auto/CausalityInterface2.xml
1 ms. Memory: 51200K Free: 16766K (33%)
[...]
	at ptolemy.actor.Manager.run(Manager.java:1263)
	at ptolemy.actor.Manager$PtolemyRunThread.run(Manager.java:1933)
java.lang.RuntimeException: Execution failed
	at ptolemy.moml.MoMLSimpleApplication$UnloadThread.run(MoMLSimpleApplication.java:402)
Caused by: ptolemy.kernel.util.IllegalActionException: Actor is not ready to fire.  Perhaps UpSample.prefire() returned false? Try debugging the actor by selecting "Listen to Actor".  Also, for SDF check moml for tokenConsumptionRate on input.
  in .DESDFClockTest.Play Bell.Copy1:SDF Director and .DESDFClockTest.Play Bell.UpSample
	at ptolemy.actor.sched.StaticSchedulingDirector.fire(StaticSchedulingDirector.java:227)
	at ptolemy.domains.sdf.kernel.SDFDirector.fire(SDFDirector.java:500)
	at ptolemy.actor.CompositeActor.fire(CompositeActor.java:455)
	at ptolemy.domains.de.kernel.DEDirector._fire(DEDirector.java:1949)
	at ptolemy.domains.de.kernel.DEDirector.fire(DEDirector.java:502)
	at ptolemy.actor.CompositeActor.fire(CompositeActor.java:455)
	at ptolemy.actor.Manager.iterate(Manager.java:851)
	at ptolemy.actor.Manager.execute(Manager.java:369)
	at ptolemy.actor.Manager.run(Manager.java:1263)
	at ptolemy.actor.Manager$PtolemyRunThread.run(Manager.java:1933)
java.lang.reflect.InvocationTargetException
	at java.base/jdk.internal.reflect.NativeConstructorAccessorImpl.newInstance0(Native Method)
	at java.base/jdk.internal.reflect.NativeConstructorAccessorImpl.newInstance(NativeConstructorAccessorImpl.java:62)
	at java.base/jdk.internal.reflect.DelegatingConstructorAccessorImpl.newInstance(DelegatingConstructorAccessorImpl.java:45)
	at java.base/java.lang.reflect.Constructor.newInstance(Constructor.java:490)
	at ptolemy.util.test.junit.AutoKnownFailedTests.RunModel(AutoKnownFailedTests.java:105)
	at java.base/jdk.internal.reflect.NativeMethodAccessorImpl.invoke0(Native Method)
	at java.base/jdk.internal.reflect.NativeMethodAccessorImpl.invoke(NativeMethodAccessorImpl.java:62)
	at java.base/jdk.internal.reflect.DelegatingMethodAccessorImpl.invoke(DelegatingMethodAccessorImpl.java:43)
	at java.base/java.lang.reflect.Method.invoke(Method.java:566)
	at org.junit.runners.model.FrameworkMethod$1.runReflectiveCall(FrameworkMethod.java:44)
	at org.junit.internal.runners.model.ReflectiveCallable.run(ReflectiveCallable.java:15)
	at org.junit.runners.model.FrameworkMethod.invokeExplosively(FrameworkMethod.java:41)
	at junitparams.internal.InvokeParameterisedMethod.evaluate(InvokeParameterisedMethod.java:102)
	at org.junit.internal.runners.statements.FailOnTimeout$1.run(FailOnTimeout.java:28)
Caused by: ptolemy.kernel.util.IllegalActionException: Actor is not ready to fire.  Perhaps UpSample.prefire() returned false? Try debugging the actor by selecting "Listen to Actor".  Also, for SDF check moml for tokenConsumptionRate on input.
  in .DESDFClockTest.Play Bell.Copy1:SDF Director and .DESDFClockTest.Play Bell.UpSample
	at ptolemy.actor.sched.StaticSchedulingDirector.fire(StaticSchedulingDirector.java:227)
	at ptolemy.domains.sdf.kernel.SDFDirector.fire(SDFDirector.java:500)
	at ptolemy.actor.CompositeActor.fire(CompositeActor.java:455)
	at ptolemy.domains.de.kernel.DEDirector._fire(DEDirector.java:1949)
	at ptolemy.domains.de.kernel.DEDirector.fire(DEDirector.java:502)
	at ptolemy.actor.CompositeActor.fire(CompositeActor.java:455)
	at ptolemy.actor.Manager.iterate(Manager.java:851)
	at ptolemy.actor.Manager.execute(Manager.java:369)
	at ptolemy.actor.Manager.run(Manager.java:1263)
	at ptolemy.actor.Manager$PtolemyRunThread.run(Manager.java:1933)
java.lang.RuntimeException: Execution failed
	at ptolemy.moml.MoMLSimpleApplication$UnloadThread.run(MoMLSimpleApplication.java:402)
Caused by: ptolemy.kernel.util.IllegalActionException: Test fails in iteration 1.
Value was: 1.0. Should have been: 2.0
  in .DirectFeedback.Test
	at ptolemy.actor.lib.Test.fire(Test.java:268)
	at ptolemy.domains.de.kernel.DEDirector._fire(DEDirector.java:1949)
	at ptolemy.domains.de.kernel.DEDirector.fire(DEDirector.java:502)
	at ptolemy.actor.CompositeActor.fire(CompositeActor.java:455)
	at ptolemy.actor.Manager.iterate(Manager.java:851)
	at ptolemy.actor.Manager.execute(Manager.java:369)
	at ptolemy.actor.Manager.run(Manager.java:1263)
	at ptolemy.actor.Manager$PtolemyRunThread.run(Manager.java:1933)
java.lang.reflect.InvocationTargetException
	at java.base/jdk.internal.reflect.NativeConstructorAccessorImpl.newInstance0(Native Method)
	at java.base/jdk.internal.reflect.NativeConstructorAccessorImpl.newInstance(NativeConstructorAccessorImpl.java:62)
	at java.base/jdk.internal.reflect.DelegatingConstructorAccessorImpl.newInstance(DelegatingConstructorAccessorImpl.java:45)
	at java.base/java.lang.reflect.Constructor.newInstance(Constructor.java:490)
	at ptolemy.util.test.junit.AutoKnownFailedTests.RunModel(AutoKnownFailedTests.java:105)
	at java.base/jdk.internal.reflect.NativeMethodAccessorImpl.invoke0(Native Method)
	at java.base/jdk.internal.reflect.NativeMethodAccessorImpl.invoke(NativeMethodAccessorImpl.java:62)
	at java.base/jdk.internal.reflect.DelegatingMethodAccessorImpl.invoke(DelegatingMethodAccessorImpl.java:43)
	at java.base/java.lang.reflect.Method.invoke(Method.java:566)
	at org.junit.runners.model.FrameworkMethod$1.runReflectiveCall(FrameworkMethod.java:44)
	at org.junit.internal.runners.model.ReflectiveCallable.run(ReflectiveCallable.java:15)
	at org.junit.runners.model.FrameworkMethod.invokeExplosively(FrameworkMethod.java:41)
	at junitparams.internal.InvokeParameterisedMethod.evaluate(InvokeParameterisedMethod.java:102)
	at org.junit.internal.runners.statements.FailOnTimeout$1.run(FailOnTimeout.java:28)
Caused by: ptolemy.kernel.util.IllegalActionException: Test fails in iteration 1.
Value was: 1.0. Should have been: 2.0
  in .DirectFeedback.Test
	at ptolemy.actor.lib.Test.fire(Test.java:268)
	at ptolemy.domains.de.kernel.DEDirector._fire(DEDirector.java:1949)
	at ptolemy.domains.de.kernel.DEDirector.fire(DEDirector.java:502)
	at ptolemy.actor.CompositeActor.fire(CompositeActor.java:455)
	at ptolemy.actor.Manager.iterate(Manager.java:851)
	at ptolemy.actor.Manager.execute(Manager.java:369)
	at ptolemy.actor.Manager.run(Manager.java:1263)
	at ptolemy.actor.Manager$PtolemyRunThread.run(Manager.java:1933)
java.lang.RuntimeException: Execution failed
	at ptolemy.moml.MoMLSimpleApplication$UnloadThread.run(MoMLSimpleApplication.java:402)
Caused by: ptolemy.kernel.util.IllegalActionException: Found a zero delay loop containing .HierarchicalModel.A
  in .HierarchicalModel and .HierarchicalModel.A
	at ptolemy.actor.util.CausalityInterfaceForComposites._computeOutputPortDepth(CausalityInterfaceForComposites.java:759)
	at ptolemy.actor.util.CausalityInterfaceForComposites._computeInputDepth(CausalityInterfaceForComposites.java:696)
	at ptolemy.actor.util.CausalityInterfaceForComposites._computeOutputPortDepth(CausalityInterfaceForComposites.java:765)
	at ptolemy.actor.util.CausalityInterfaceForComposites._computeInputDepth(CausalityInterfaceForComposites.java:696)
	at ptolemy.actor.util.CausalityInterfaceForComposites._computeOutputPortDepth(CausalityInterfaceForComposites.java:765)
	at ptolemy.actor.util.CausalityInterfaceForComposites._computeInputDepth(CausalityInterfaceForComposites.java:696)
	at ptolemy.actor.util.CausalityInterfaceForComposites._computeActorDepth(CausalityInterfaceForComposites.java:532)
	at ptolemy.actor.util.CausalityInterfaceForComposites.checkForCycles(CausalityInterfaceForComposites.java:96)
	at ptolemy.domains.de.kernel.DEDirector.preinitialize(DEDirector.java:1338)
	at ptolemy.actor.CompositeActor.preinitialize(CompositeActor.java:1828)
	at ptolemy.actor.Manager.preinitializeAndResolveTypes(Manager.java:1040)
	at ptolemy.actor.Manager.initialize(Manager.java:710)
	at ptolemy.actor.Manager.execute(Manager.java:356)
	at ptolemy.actor.Manager.run(Manager.java:1263)
	at ptolemy.actor.Manager$PtolemyRunThread.run(Manager.java:1933)
java.lang.reflect.InvocationTargetException
	at java.base/jdk.internal.reflect.NativeConstructorAccessorImpl.newInstance0(Native Method)
	at java.base/jdk.internal.reflect.NativeConstructorAccessorImpl.newInstance(NativeConstructorAccessorImpl.java:62)
	at java.base/jdk.internal.reflect.DelegatingConstructorAccessorImpl.newInstance(DelegatingConstructorAccessorImpl.java:45)
	at java.base/java.lang.reflect.Constructor.newInstance(Constructor.java:490)
	at ptolemy.util.test.junit.AutoKnownFailedTests.RunModel(AutoKnownFailedTests.java:105)
	at java.base/jdk.internal.reflect.NativeMethodAccessorImpl.invoke0(Native Method)
	at java.base/jdk.internal.reflect.NativeMethodAccessorImpl.invoke(NativeMethodAccessorImpl.java:62)
	at java.base/jdk.internal.reflect.DelegatingMethodAccessorImpl.invoke(DelegatingMethodAccessorImpl.java:43)
	at java.base/java.lang.reflect.Method.invoke(Method.java:566)
	at org.junit.runners.model.FrameworkMethod$1.runReflectiveCall(FrameworkMethod.java:44)
	at org.junit.internal.runners.model.ReflectiveCallable.run(ReflectiveCallable.java:15)
	at org.junit.runners.model.FrameworkMethod.invokeExplosively(FrameworkMethod.java:41)
	at junitparams.internal.InvokeParameterisedMethod.evaluate(InvokeParameterisedMethod.java:102)
	at org.junit.internal.runners.statements.FailOnTimeout$1.run(FailOnTimeout.java:28)
Caused by: ptolemy.kernel.util.IllegalActionException: Found a zero delay loop containing .HierarchicalModel.A
  in .HierarchicalModel and .HierarchicalModel.A
	at ptolemy.actor.util.CausalityInterfaceForComposites._computeOutputPortDepth(CausalityInterfaceForComposites.java:759)
	at ptolemy.actor.util.CausalityInterfaceForComposites._computeInputDepth(CausalityInterfaceForComposites.java:696)
	at ptolemy.actor.util.CausalityInterfaceForComposites._computeOutputPortDepth(CausalityInterfaceForComposites.java:765)
	at ptolemy.actor.util.CausalityInterfaceForComposites._computeInputDepth(CausalityInterfaceForComposites.java:696)
	at ptolemy.actor.util.CausalityInterfaceForComposites._computeOutputPortDepth(CausalityInterfaceForComposites.java:765)
	at ptolemy.actor.util.CausalityInterfaceForComposites._computeInputDepth(CausalityInterfaceForComposites.java:696)
	at ptolemy.actor.util.CausalityInterfaceForComposites._computeActorDepth(CausalityInterfaceForComposites.java:532)
	at ptolemy.actor.util.CausalityInterfaceForComposites.checkForCycles(CausalityInterfaceForComposites.java:96)
	at ptolemy.domains.de.kernel.DEDirector.preinitialize(DEDirector.java:1338)
	at ptolemy.actor.CompositeActor.preinitialize(CompositeActor.java:1828)
	at ptolemy.actor.Manager.preinitializeAndResolveTypes(Manager.java:1040)
	at ptolemy.actor.Manager.initialize(Manager.java:710)
	at ptolemy.actor.Manager.execute(Manager.java:356)
	at ptolemy.actor.Manager.run(Manager.java:1263)
	at ptolemy.actor.Manager$PtolemyRunThread.run(Manager.java:1933)
java.lang.RuntimeException: Execution failed
	at ptolemy.moml.MoMLSimpleApplication$UnloadThread.run(MoMLSimpleApplication.java:402)
Caused by: ptolemy.kernel.util.IllegalActionException: Found a zero delay loop containing .dependencyLoop.original
  in .dependencyLoop and .dependencyLoop.original
	at ptolemy.actor.util.CausalityInterfaceForComposites._computeOutputPortDepth(CausalityInterfaceForComposites.java:759)
	at ptolemy.actor.util.CausalityInterfaceForComposites._computeInputDepth(CausalityInterfaceForComposites.java:696)
	at ptolemy.actor.util.CausalityInterfaceForComposites._computeOutputPortDepth(CausalityInterfaceForComposites.java:765)
	at ptolemy.actor.util.CausalityInterfaceForComposites._computeInputDepth(CausalityInterfaceForComposites.java:696)
	at ptolemy.actor.util.CausalityInterfaceForComposites._computeOutputPortDepth(CausalityInterfaceForComposites.java:765)
	at ptolemy.actor.util.CausalityInterfaceForComposites._computeInputDepth(CausalityInterfaceForComposites.java:696)
	at ptolemy.actor.util.CausalityInterfaceForComposites._computeActorDepth(CausalityInterfaceForComposites.java:532)
	at ptolemy.actor.util.CausalityInterfaceForComposites.checkForCycles(CausalityInterfaceForComposites.java:96)
	at ptolemy.domains.de.kernel.DEDirector.preinitialize(DEDirector.java:1338)
	at ptolemy.actor.CompositeActor.preinitialize(CompositeActor.java:1828)
	at ptolemy.actor.Manager.preinitializeAndResolveTypes(Manager.java:1040)
	at ptolemy.actor.Manager.initialize(Manager.java:710)
	at ptolemy.actor.Manager.execute(Manager.java:356)
	at ptolemy.actor.Manager.run(Manager.java:1263)
	at ptolemy.actor.Manager$PtolemyRunThread.run(Manager.java:1933)
java.lang.reflect.InvocationTargetException
	at java.base/jdk.internal.reflect.NativeConstructorAccessorImpl.newInstance0(Native Method)
	at java.base/jdk.internal.reflect.NativeConstructorAccessorImpl.newInstance(NativeConstructorAccessorImpl.java:62)
	at java.base/jdk.internal.reflect.DelegatingConstructorAccessorImpl.newInstance(DelegatingConstructorAccessorImpl.java:45)
	at java.base/java.lang.reflect.Constructor.newInstance(Constructor.java:490)
	at ptolemy.util.test.junit.AutoKnownFailedTests.RunModel(AutoKnownFailedTests.java:105)
	at java.base/jdk.internal.reflect.NativeMethodAccessorImpl.invoke0(Native Method)
	at java.base/jdk.internal.reflect.NativeMethodAccessorImpl.invoke(NativeMethodAccessorImpl.java:62)
	at java.base/jdk.internal.reflect.DelegatingMethodAccessorImpl.invoke(DelegatingMethodAccessorImpl.java:43)
	at java.base/java.lang.reflect.Method.invoke(Method.java:566)
	at org.junit.runners.model.FrameworkMethod$1.runReflectiveCall(FrameworkMethod.java:44)
	at org.junit.internal.runners.model.ReflectiveCallable.run(ReflectiveCallable.java:15)
	at org.junit.runners.model.FrameworkMethod.invokeExplosively(FrameworkMethod.java:41)
	at junitparams.internal.InvokeParameterisedMethod.evaluate(InvokeParameterisedMethod.java:102)
	at org.junit.internal.runners.statements.FailOnTimeout$1.run(FailOnTimeout.java:28)
Caused by: ptolemy.kernel.util.IllegalActionException: Found a zero delay loop containing .dependencyLoop.original
  in .dependencyLoop and .dependencyLoop.original
	at ptolemy.actor.util.CausalityInterfaceForComposites._computeOutputPortDepth(CausalityInterfaceForComposites.java:759)
	at ptolemy.actor.util.CausalityInterfaceForComposites._computeInputDepth(CausalityInterfaceForComposites.java:696)
	at ptolemy.actor.util.CausalityInterfaceForComposites._computeOutputPortDepth(CausalityInterfaceForComposites.java:765)
	at ptolemy.actor.util.CausalityInterfaceForComposites._computeInputDepth(CausalityInterfaceForComposites.java:696)
	at ptolemy.actor.util.CausalityInterfaceForComposites._computeOutputPortDepth(CausalityInterfaceForComposites.java:765)
	at ptolemy.actor.util.CausalityInterfaceForComposites._computeInputDepth(CausalityInterfaceForComposites.java:696)
	at ptolemy.actor.util.CausalityInterfaceForComposites._computeActorDepth(CausalityInterfaceForComposites.java:532)
	at ptolemy.actor.util.CausalityInterfaceForComposites.checkForCycles(CausalityInterfaceForComposites.java:96)
	at ptolemy.domains.de.kernel.DEDirector.preinitialize(DEDirector.java:1338)
	at ptolemy.actor.CompositeActor.preinitialize(CompositeActor.java:1828)
	at ptolemy.actor.Manager.preinitializeAndResolveTypes(Manager.java:1040)
	at ptolemy.actor.Manager.initialize(Manager.java:710)
	at ptolemy.actor.Manager.execute(Manager.java:356)
	at ptolemy.actor.Manager.run(Manager.java:1263)
	at ptolemy.actor.Manager$PtolemyRunThread.run(Manager.java:1933)
java.lang.RuntimeException: Execution failed
	at ptolemy.moml.MoMLSimpleApplication$UnloadThread.run(MoMLSimpleApplication.java:402)
Caused by: ptolemy.kernel.util.IllegalActionException: Found a zero delay loop containing .dependencyLoop2.original
  in .dependencyLoop2 and .dependencyLoop2.original
	at ptolemy.actor.util.CausalityInterfaceForComposites._computeOutputPortDepth(CausalityInterfaceForComposites.java:759)
	at ptolemy.actor.util.CausalityInterfaceForComposites._computeInputDepth(CausalityInterfaceForComposites.java:696)
	at ptolemy.actor.util.CausalityInterfaceForComposites._computeOutputPortDepth(CausalityInterfaceForComposites.java:765)
	at ptolemy.actor.util.CausalityInterfaceForComposites._computeInputDepth(CausalityInterfaceForComposites.java:696)
	at ptolemy.actor.util.CausalityInterfaceForComposites._computeOutputPortDepth(CausalityInterfaceForComposites.java:765)
	at ptolemy.actor.util.CausalityInterfaceForComposites._computeInputDepth(CausalityInterfaceForComposites.java:696)
	at ptolemy.actor.util.CausalityInterfaceForComposites._computeActorDepth(CausalityInterfaceForComposites.java:532)
	at ptolemy.actor.util.CausalityInterfaceForComposites.checkForCycles(CausalityInterfaceForComposites.java:96)
	at ptolemy.domains.de.kernel.DEDirector.preinitialize(DEDirector.java:1338)
	at ptolemy.actor.CompositeActor.preinitialize(CompositeActor.java:1828)
	at ptolemy.actor.Manager.preinitializeAndResolveTypes(Manager.java:1040)
	at ptolemy.actor.Manager.initialize(Manager.java:710)
	at ptolemy.actor.Manager.execute(Manager.java:356)
	at ptolemy.actor.Manager.run(Manager.java:1263)
	at ptolemy.actor.Manager$PtolemyRunThread.run(Manager.java:1933)
java.lang.reflect.InvocationTargetException
	at java.base/jdk.internal.reflect.NativeConstructorAccessorImpl.newInstance0(Native Method)
	at java.base/jdk.internal.reflect.NativeConstructorAccessorImpl.newInstance(NativeConstructorAccessorImpl.java:62)
	at java.base/jdk.internal.reflect.DelegatingConstructorAccessorImpl.newInstance(DelegatingConstructorAccessorImpl.java:45)
	at java.base/java.lang.reflect.Constructor.newInstance(Constructor.java:490)
	at ptolemy.util.test.junit.AutoKnownFailedTests.RunModel(AutoKnownFailedTests.java:105)
	at java.base/jdk.internal.reflect.NativeMethodAccessorImpl.invoke0(Native Method)
	at java.base/jdk.internal.reflect.NativeMethodAccessorImpl.invoke(NativeMethodAccessorImpl.java:62)
	at java.base/jdk.internal.reflect.DelegatingMethodAccessorImpl.invoke(DelegatingMethodAccessorImpl.java:43)
	at java.base/java.lang.reflect.Method.invoke(Method.java:566)
	at org.junit.runners.model.FrameworkMethod$1.runReflectiveCall(FrameworkMethod.java:44)
	at org.junit.internal.runners.model.ReflectiveCallable.run(ReflectiveCallable.java:15)
	at org.junit.runners.model.FrameworkMethod.invokeExplosively(FrameworkMethod.java:41)
	at junitparams.internal.InvokeParameterisedMethod.evaluate(InvokeParameterisedMethod.java:102)
	at org.junit.internal.runners.statements.FailOnTimeout$1.run(FailOnTimeout.java:28)
Caused by: ptolemy.kernel.util.IllegalActionException: Found a zero delay loop containing .dependencyLoop2.original
  in .dependencyLoop2 and .dependencyLoop2.original
	at ptolemy.actor.util.CausalityInterfaceForComposites._computeOutputPortDepth(CausalityInterfaceForComposites.java:759)
	at ptolemy.actor.util.CausalityInterfaceForComposites._computeInputDepth(CausalityInterfaceForComposites.java:696)
	at ptolemy.actor.util.CausalityInterfaceForComposites._computeOutputPortDepth(CausalityInterfaceForComposites.java:765)
	at ptolemy.actor.util.CausalityInterfaceForComposites._computeInputDepth(CausalityInterfaceForComposites.java:696)
	at ptolemy.actor.util.CausalityInterfaceForComposites._computeOutputPortDepth(CausalityInterfaceForComposites.java:765)
	at ptolemy.actor.util.CausalityInterfaceForComposites._computeInputDepth(CausalityInterfaceForComposites.java:696)
	at ptolemy.actor.util.CausalityInterfaceForComposites._computeActorDepth(CausalityInterfaceForComposites.java:532)
	at ptolemy.actor.util.CausalityInterfaceForComposites.checkForCycles(CausalityInterfaceForComposites.java:96)
	at ptolemy.domains.de.kernel.DEDirector.preinitialize(DEDirector.java:1338)
	at ptolemy.actor.CompositeActor.preinitialize(CompositeActor.java:1828)
	at ptolemy.actor.Manager.preinitializeAndResolveTypes(Manager.java:1040)
	at ptolemy.actor.Manager.initialize(Manager.java:710)
	at ptolemy.actor.Manager.execute(Manager.java:356)
	at ptolemy.actor.Manager.run(Manager.java:1263)
	at ptolemy.actor.Manager$PtolemyRunThread.run(Manager.java:1933)
]]></system-err>
</testsuite>
