<?xml version="1.0" encoding="UTF-8" ?>
<testsuite errors="0" failures="0" hostname="travis-job-21ab088d-6b6f-4033-bf27-52e6215c2e3d" name="ptolemy.domains.sdf.lib.test.junit.JUnitTclTest" skipped="0" tests="82" time="9.609" timestamp="2018-10-26T02:39:29">
  <properties>
[...]
</properties>
  <testcase classname="ptolemy.util.test.junit.TclTests" name="[0] /home/travis/build/icyphy/ptII/ptolemy/domains/sdf/lib/test/ArrayToSequence.tcl (RunTclFile)" time="0.594" />
  <testcase classname="ptolemy.util.test.junit.TclTests" name="[1] /home/travis/build/icyphy/ptII/ptolemy/domains/sdf/lib/test/BitsToInt.tcl (RunTclFile)" time="0.072" />
  <testcase classname="ptolemy.util.test.junit.TclTests" name="[2] /home/travis/build/icyphy/ptII/ptolemy/domains/sdf/lib/test/DelayLine.tcl (RunTclFile)" time="0.049" />
  <testcase classname="ptolemy.util.test.junit.TclTests" name="[3] /home/travis/build/icyphy/ptII/ptolemy/domains/sdf/lib/test/FFT.tcl (RunTclFile)" time="0.036" />
  <testcase classname="ptolemy.util.test.junit.TclTests" name="[4] /home/travis/build/icyphy/ptII/ptolemy/domains/sdf/lib/test/FIR.tcl (RunTclFile)" time="0.092" />
  <testcase classname="ptolemy.util.test.junit.TclTests" name="[5] /home/travis/build/icyphy/ptII/ptolemy/domains/sdf/lib/test/IntToBits.tcl (RunTclFile)" time="0.032" />
  <testcase classname="ptolemy.util.test.junit.TclTests" name="[6] /home/travis/build/icyphy/ptII/ptolemy/domains/sdf/lib/test/MaximumEntropySpectrum.tcl (RunTclFile)" time="0.296" />
  <testcase classname="ptolemy.util.test.junit.TclTests" name="[7] /home/travis/build/icyphy/ptII/ptolemy/domains/sdf/lib/test/Repeat.tcl (RunTclFile)" time="0.023" />
  <testcase classname="ptolemy.util.test.junit.TclTests" name="[8] /home/travis/build/icyphy/ptII/ptolemy/domains/sdf/lib/test/SampleDelay.tcl (RunTclFile)" time="0.075" />
  <testcase classname="ptolemy.util.test.junit.TclTests" name="[9] /home/travis/build/icyphy/ptII/ptolemy/domains/sdf/lib/test/SequenceToArray.tcl (RunTclFile)" time="0.038" />
  <testcase classname="ptolemy.util.test.junit.AutoKnownFailedTests" name="[0] ThereAreNoKnowFailedTests (RunModel)" time="0.001" />
  <testcase classname="ptolemy.util.test.junit.AutoNameArchTests" name="[0] ThereAreNoAutoArchTests (RunModel)" time="0.001" />
  <testcase classname="ptolemy.util.test.junit.AutoTests" name="[0] /home/travis/build/icyphy/ptII/ptolemy/domains/sdf/lib/test/auto/ArrayToSequence.xml (RunModel)" time="0.134" />
  <testcase classname="ptolemy.util.test.junit.AutoTests" name="[1] /home/travis/build/icyphy/ptII/ptolemy/domains/sdf/lib/test/auto/ArrayToSequenceTest.xml (RunModel)" time="0.066" />
  <testcase classname="ptolemy.util.test.junit.AutoTests" name="[2] /home/travis/build/icyphy/ptII/ptolemy/domains/sdf/lib/test/auto/Autocorrelation.xml (RunModel)" time="0.029" />
  <testcase classname="ptolemy.util.test.junit.AutoTests" name="[3] /home/travis/build/icyphy/ptII/ptolemy/domains/sdf/lib/test/auto/Autocorrelation2.xml (RunModel)" time="0.041" />
  <testcase classname="ptolemy.util.test.junit.AutoTests" name="[4] /home/travis/build/icyphy/ptII/ptolemy/domains/sdf/lib/test/auto/Autocorrelation3.xml (RunModel)" time="0.036" />
  <testcase classname="ptolemy.util.test.junit.AutoTests" name="[5] /home/travis/build/icyphy/ptII/ptolemy/domains/sdf/lib/test/auto/Autocorrelation4.xml (RunModel)" time="0.022" />
  <testcase classname="ptolemy.util.test.junit.AutoTests" name="[6] /home/travis/build/icyphy/ptII/ptolemy/domains/sdf/lib/test/auto/Autocorrelation5.xml (RunModel)" time="0.069" />
  <testcase classname="ptolemy.util.test.junit.AutoTests" name="[7] /home/travis/build/icyphy/ptII/ptolemy/domains/sdf/lib/test/auto/BitsToInt.xml (RunModel)" time="0.016" />
  <testcase classname="ptolemy.util.test.junit.AutoTests" name="[8] /home/travis/build/icyphy/ptII/ptolemy/domains/sdf/lib/test/auto/BooleanJoin.xml (RunModel)" time="0.03" />
  <testcase classname="ptolemy.util.test.junit.AutoTests" name="[9] /home/travis/build/icyphy/ptII/ptolemy/domains/sdf/lib/test/auto/BootstrapSampleDelay.xml (RunModel)" time="0.024" />
  <testcase classname="ptolemy.util.test.junit.AutoTests" name="[10] /home/travis/build/icyphy/ptII/ptolemy/domains/sdf/lib/test/auto/Chop.xml (RunModel)" time="0.093" />
  <testcase classname="ptolemy.util.test.junit.AutoTests" name="[11] /home/travis/build/icyphy/ptII/ptolemy/domains/sdf/lib/test/auto/Chop2.xml (RunModel)" time="0.072" />
  <testcase classname="ptolemy.util.test.junit.AutoTests" name="[12] /home/travis/build/icyphy/ptII/ptolemy/domains/sdf/lib/test/auto/ComplexJoin.xml (RunModel)" time="0.064" />
  <testcase classname="ptolemy.util.test.junit.AutoTests" name="[13] /home/travis/build/icyphy/ptII/ptolemy/domains/sdf/lib/test/auto/CountTrues.xml (RunModel)" time="0.024" />
  <testcase classname="ptolemy.util.test.junit.AutoTests" name="[14] /home/travis/build/icyphy/ptII/ptolemy/domains/sdf/lib/test/auto/DelayLine.xml (RunModel)" time="0.052" />
  <testcase classname="ptolemy.util.test.junit.AutoTests" name="[15] /home/travis/build/icyphy/ptII/ptolemy/domains/sdf/lib/test/auto/DotProduct.xml (RunModel)" time="0.038" />
  <testcase classname="ptolemy.util.test.junit.AutoTests" name="[16] /home/travis/build/icyphy/ptII/ptolemy/domains/sdf/lib/test/auto/DotProductMatrix.xml (RunModel)" time="0.014" />
  <testcase classname="ptolemy.util.test.junit.AutoTests" name="[17] /home/travis/build/icyphy/ptII/ptolemy/domains/sdf/lib/test/auto/DownSample1.xml (RunModel)" time="0.014" />
  <testcase classname="ptolemy.util.test.junit.AutoTests" name="[18] /home/travis/build/icyphy/ptII/ptolemy/domains/sdf/lib/test/auto/DynamicRateChange.xml (RunModel)" time="0.049" />
  <testcase classname="ptolemy.util.test.junit.AutoTests" name="[19] /home/travis/build/icyphy/ptII/ptolemy/domains/sdf/lib/test/auto/DynamicRates.xml (RunModel)" time="0.043" />
  <testcase classname="ptolemy.util.test.junit.AutoTests" name="[20] /home/travis/build/icyphy/ptII/ptolemy/domains/sdf/lib/test/auto/FFT1.xml (RunModel)" time="0.039" />
  <testcase classname="ptolemy.util.test.junit.AutoTests" name="[21] /home/travis/build/icyphy/ptII/ptolemy/domains/sdf/lib/test/auto/FIR1.xml (RunModel)" time="0.075" />
  <testcase classname="ptolemy.util.test.junit.AutoTests" name="[22] /home/travis/build/icyphy/ptII/ptolemy/domains/sdf/lib/test/auto/FIR2.xml (RunModel)" time="0.032" />
  <testcase classname="ptolemy.util.test.junit.AutoTests" name="[23] /home/travis/build/icyphy/ptII/ptolemy/domains/sdf/lib/test/auto/FIR4.xml (RunModel)" time="0.062" />
  <testcase classname="ptolemy.util.test.junit.AutoTests" name="[24] /home/travis/build/icyphy/ptII/ptolemy/domains/sdf/lib/test/auto/FixJoin.xml (RunModel)" time="0.051" />
  <testcase classname="ptolemy.util.test.junit.AutoTests" name="[25] /home/travis/build/icyphy/ptII/ptolemy/domains/sdf/lib/test/auto/IntJoin1.xml (RunModel)" time="0.039" />
  <testcase classname="ptolemy.util.test.junit.AutoTests" name="[26] /home/travis/build/icyphy/ptII/ptolemy/domains/sdf/lib/test/auto/IntJoin2.xml (RunModel)" time="0.026" />
  <testcase classname="ptolemy.util.test.junit.AutoTests" name="[27] /home/travis/build/icyphy/ptII/ptolemy/domains/sdf/lib/test/auto/IntJoin3.xml (RunModel)" time="0.038" />
  <testcase classname="ptolemy.util.test.junit.AutoTests" name="[28] /home/travis/build/icyphy/ptII/ptolemy/domains/sdf/lib/test/auto/IntJoin4.xml (RunModel)" time="0.031" />
  <testcase classname="ptolemy.util.test.junit.AutoTests" name="[29] /home/travis/build/icyphy/ptII/ptolemy/domains/sdf/lib/test/auto/IntJoin5.xml (RunModel)" time="0.028" />
  <testcase classname="ptolemy.util.test.junit.AutoTests" name="[30] /home/travis/build/icyphy/ptII/ptolemy/domains/sdf/lib/test/auto/IntToBits.xml (RunModel)" time="0.021" />
  <testcase classname="ptolemy.util.test.junit.AutoTests" name="[31] /home/travis/build/icyphy/ptII/ptolemy/domains/sdf/lib/test/auto/LMSAdaptive.xml (RunModel)" time="0.081" />
  <testcase classname="ptolemy.util.test.junit.AutoTests" name="[32] /home/travis/build/icyphy/ptII/ptolemy/domains/sdf/lib/test/auto/LMSAdaptiveFIR.xml (RunModel)" time="0.426" />
  <testcase classname="ptolemy.util.test.junit.AutoTests" name="[33] /home/travis/build/icyphy/ptII/ptolemy/domains/sdf/lib/test/auto/LMSAdaptiveFIR2.xml (RunModel)" time="0.47" />
  <testcase classname="ptolemy.util.test.junit.AutoTests" name="[34] /home/travis/build/icyphy/ptII/ptolemy/domains/sdf/lib/test/auto/LongJoin.xml (RunModel)" time="0.029" />
  <testcase classname="ptolemy.util.test.junit.AutoTests" name="[35] /home/travis/build/icyphy/ptII/ptolemy/domains/sdf/lib/test/auto/Matrix1.xml (RunModel)" time="0.023" />
  <testcase classname="ptolemy.util.test.junit.AutoTests" name="[36] /home/travis/build/icyphy/ptII/ptolemy/domains/sdf/lib/test/auto/Matrix2.xml (RunModel)" time="0.018" />
  <testcase classname="ptolemy.util.test.junit.AutoTests" name="[37] /home/travis/build/icyphy/ptII/ptolemy/domains/sdf/lib/test/auto/MatrixJoin1.xml (RunModel)" time="0.057" />
  <testcase classname="ptolemy.util.test.junit.AutoTests" name="[38] /home/travis/build/icyphy/ptII/ptolemy/domains/sdf/lib/test/auto/MatrixJoin2.xml (RunModel)" time="0.025" />
  <testcase classname="ptolemy.util.test.junit.AutoTests" name="[39] /home/travis/build/icyphy/ptII/ptolemy/domains/sdf/lib/test/auto/MatrixJoin3.xml (RunModel)" time="0.039" />
  <testcase classname="ptolemy.util.test.junit.AutoTests" name="[40] /home/travis/build/icyphy/ptII/ptolemy/domains/sdf/lib/test/auto/MatrixJoin4.xml (RunModel)" time="0.023" />
  <testcase classname="ptolemy.util.test.junit.AutoTests" name="[41] /home/travis/build/icyphy/ptII/ptolemy/domains/sdf/lib/test/auto/MatrixJoin5.xml (RunModel)" time="0.025" />
  <testcase classname="ptolemy.util.test.junit.AutoTests" name="[42] /home/travis/build/icyphy/ptII/ptolemy/domains/sdf/lib/test/auto/MatrixSplit1.xml (RunModel)" time="0.036" />
  <testcase classname="ptolemy.util.test.junit.AutoTests" name="[43] /home/travis/build/icyphy/ptII/ptolemy/domains/sdf/lib/test/auto/MatrixSplit10.xml (RunModel)" time="0.028" />
  <testcase classname="ptolemy.util.test.junit.AutoTests" name="[44] /home/travis/build/icyphy/ptII/ptolemy/domains/sdf/lib/test/auto/MatrixSplit11.xml (RunModel)" time="0.018" />
  <testcase classname="ptolemy.util.test.junit.AutoTests" name="[45] /home/travis/build/icyphy/ptII/ptolemy/domains/sdf/lib/test/auto/MatrixSplit12.xml (RunModel)" time="0.019" />
  <testcase classname="ptolemy.util.test.junit.AutoTests" name="[46] /home/travis/build/icyphy/ptII/ptolemy/domains/sdf/lib/test/auto/MatrixSplit13.xml (RunModel)" time="0.02" />
  <testcase classname="ptolemy.util.test.junit.AutoTests" name="[47] /home/travis/build/icyphy/ptII/ptolemy/domains/sdf/lib/test/auto/MatrixSplit14.xml (RunModel)" time="0.023" />
  <testcase classname="ptolemy.util.test.junit.AutoTests" name="[48] /home/travis/build/icyphy/ptII/ptolemy/domains/sdf/lib/test/auto/MatrixSplit2.xml (RunModel)" time="0.019" />
  <testcase classname="ptolemy.util.test.junit.AutoTests" name="[49] /home/travis/build/icyphy/ptII/ptolemy/domains/sdf/lib/test/auto/MatrixSplit3.xml (RunModel)" time="0.015" />
  <testcase classname="ptolemy.util.test.junit.AutoTests" name="[50] /home/travis/build/icyphy/ptII/ptolemy/domains/sdf/lib/test/auto/MatrixSplit4.xml (RunModel)" time="0.017" />
  <testcase classname="ptolemy.util.test.junit.AutoTests" name="[51] /home/travis/build/icyphy/ptII/ptolemy/domains/sdf/lib/test/auto/MatrixSplit5.xml (RunModel)" time="0.017" />
  <testcase classname="ptolemy.util.test.junit.AutoTests" name="[52] /home/travis/build/icyphy/ptII/ptolemy/domains/sdf/lib/test/auto/MatrixSplit6.xml (RunModel)" time="0.017" />
  <testcase classname="ptolemy.util.test.junit.AutoTests" name="[53] /home/travis/build/icyphy/ptII/ptolemy/domains/sdf/lib/test/auto/MatrixSplit7.xml (RunModel)" time="0.019" />
  <testcase classname="ptolemy.util.test.junit.AutoTests" name="[54] /home/travis/build/icyphy/ptII/ptolemy/domains/sdf/lib/test/auto/MatrixSplit8.xml (RunModel)" time="0.025" />
  <testcase classname="ptolemy.util.test.junit.AutoTests" name="[55] /home/travis/build/icyphy/ptII/ptolemy/domains/sdf/lib/test/auto/MatrixSplit9.xml (RunModel)" time="0.035" />
  <testcase classname="ptolemy.util.test.junit.AutoTests" name="[56] /home/travis/build/icyphy/ptII/ptolemy/domains/sdf/lib/test/auto/MatrixToSequence.xml (RunModel)" time="0.052" />
  <testcase classname="ptolemy.util.test.junit.AutoTests" name="[57] /home/travis/build/icyphy/ptII/ptolemy/domains/sdf/lib/test/auto/MaximumEntropySpectrum.xml (RunModel)" time="0.1" />
  <testcase classname="ptolemy.util.test.junit.AutoTests" name="[58] /home/travis/build/icyphy/ptII/ptolemy/domains/sdf/lib/test/auto/SampleDelayConversion.xml (RunModel)" time="0.029" />
  <testcase classname="ptolemy.util.test.junit.AutoTests" name="[59] /home/travis/build/icyphy/ptII/ptolemy/domains/sdf/lib/test/auto/SequenceToArray.xml (RunModel)" time="0.058" />
  <testcase classname="ptolemy.util.test.junit.AutoTests" name="[60] /home/travis/build/icyphy/ptII/ptolemy/domains/sdf/lib/test/auto/SequenceToMatrix.xml (RunModel)" time="4.317" />
  <testcase classname="ptolemy.util.test.junit.AutoTests" name="[61] /home/travis/build/icyphy/ptII/ptolemy/domains/sdf/lib/test/auto/SmoothedPeriodogram.xml (RunModel)" time="0.057" />
  <testcase classname="ptolemy.util.test.junit.AutoTests" name="[62] /home/travis/build/icyphy/ptII/ptolemy/domains/sdf/lib/test/auto/UpDownSample1.xml (RunModel)" time="0.025" />
  <testcase classname="ptolemy.util.test.junit.AutoTests" name="[63] /home/travis/build/icyphy/ptII/ptolemy/domains/sdf/lib/test/auto/UpSample1.xml (RunModel)" time="0.025" />
  <testcase classname="ptolemy.util.test.junit.AutoTests" name="[64] /home/travis/build/icyphy/ptII/ptolemy/domains/sdf/lib/test/auto/VariableFIR.xml (RunModel)" time="0.036" />
  <testcase classname="ptolemy.util.test.junit.AutoTests" name="[65] /home/travis/build/icyphy/ptII/ptolemy/domains/sdf/lib/test/auto/VariableFIR2.xml (RunModel)" time="0.035" />
  <testcase classname="ptolemy.util.test.junit.AutoTests" name="[66] /home/travis/build/icyphy/ptII/ptolemy/domains/sdf/lib/test/auto/VariableLattice.xml (RunModel)" time="0.031" />
  <testcase classname="ptolemy.util.test.junit.AutoTests" name="[67] /home/travis/build/icyphy/ptII/ptolemy/domains/sdf/lib/test/auto/VariableLattice2.xml (RunModel)" time="0.025" />
  <testcase classname="ptolemy.util.test.junit.AutoTests" name="[68] /home/travis/build/icyphy/ptII/ptolemy/domains/sdf/lib/test/auto/VariableRecursiveLattice.xml (RunModel)" time="0.028" />
  <testcase classname="ptolemy.util.test.junit.AutoTests" name="[69] /home/travis/build/icyphy/ptII/ptolemy/domains/sdf/lib/test/auto/VariableRecursiveLattice2.xml (RunModel)" time="0.025" />
  <system-out><![CDATA[/home/travis/build/icyphy/ptII/ptolemy/domains/sdf/lib/test/ArrayToSequence.tcl
testDefs.tcl: setting time out to 9000 seconds at Fri Oct 26 02:39:29 UTC 2018
78 ms. Memory: 116224K Free: 110143K (95%)
8 ms. Memory: 116224K Free: 108369K (93%)
11 ms. Memory: 116224K Free: 106579K (92%)
18 ms. Memory: 116224K Free: 105391K (91%)
/home/travis/build/icyphy/ptII/ptolemy/domains/sdf/lib/test/BitsToInt.tcl
19 ms. Memory: 116224K Free: 103031K (89%)
13 ms. Memory: 116224K Free: 101842K (88%)
/home/travis/build/icyphy/ptII/ptolemy/domains/sdf/lib/test/DelayLine.tcl
19 ms. Memory: 116224K Free: 100044K (86%)
/home/travis/build/icyphy/ptII/ptolemy/domains/sdf/lib/test/FFT.tcl
5 ms. Memory: 116224K Free: 98262K (85%)
/home/travis/build/icyphy/ptII/ptolemy/domains/sdf/lib/test/FIR.tcl
14 ms. Memory: 116224K Free: 95886K (83%)
4 ms. Memory: 116224K Free: 95300K (82%)
ptolemy.kernel.util.IllegalActionException: multiplyReverse method not supported between ptolemy.data.FixToken 'fix(-0.0625,6,2)' and ptolemy.data.IntToken '1' because the types are incomparable.
  in .top.FIRclone
Because:
multiplyReverse method not supported between ptolemy.data.FixToken 'fix(-0.0625,6,2)' and ptolemy.data.IntToken '1' because the types are incomparable.
17 ms. Memory: 116224K Free: 92331K (79%)
/home/travis/build/icyphy/ptII/ptolemy/domains/sdf/lib/test/IntToBits.tcl
4 ms. Memory: 116224K Free: 91143K (78%)
5 ms. Memory: 116224K Free: 89352K (77%)
/home/travis/build/icyphy/ptII/ptolemy/domains/sdf/lib/test/MaximumEntropySpectrum.tcl
/home/travis/build/icyphy/ptII/ptolemy/domains/sdf/lib/test/Repeat.tcl
6 ms. Memory: 146944K Free: 119496K (81%)
/home/travis/build/icyphy/ptII/ptolemy/domains/sdf/lib/test/SampleDelay.tcl
9 ms. Memory: 146944K Free: 117111K (80%)
9 ms. Memory: 146944K Free: 117111K (80%)
4 ms. Memory: 146944K Free: 114691K (78%)
4 ms. Memory: 146944K Free: 113484K (77%)
2 ms. Memory: 146944K Free: 113484K (77%)
1 ms. Memory: 146944K Free: 112276K (76%)
/home/travis/build/icyphy/ptII/ptolemy/domains/sdf/lib/test/SequenceToArray.tcl
6 ms. Memory: 146944K Free: 111069K (76%)
5 ms. Memory: 146944K Free: 109878K (75%)
5 ms. Memory: 146944K Free: 108679K (74%)
5 ms. Memory: 146944K Free: 107471K (73%)
10/26/18 02:39:30
Failed: 0  Total Tests: 41  ((Passed: 41, Newly Passed: 0)  Known Failed: 0) /home/travis/build/icyphy/ptII/ptolemy/domains/sdf/lib/test
No auto/knownFailedTests/*.xml tests in /home/travis/build/icyphy/ptII/ptolemy/domains/sdf/lib/test
No auto/linux-amd64/*.xml tests in /home/travis/build/icyphy/ptII/ptolemy/domains/sdf/lib/test
AutoTests.java: About to close Vertx.
AutoTests.java: Vertx closed.

===========================================================================================
----------------- testing Fri Oct 26 02:39:31 UTC 2018 /home/travis/build/icyphy/ptII/ptolemy/domains/sdf/lib/test/auto/ArrayToSequence.xml
----------------- Instantiating /home/travis/build/icyphy/ptII/ptolemy/domains/sdf/lib/test/auto/ArrayToSequence.xml
22 ms. Memory: 146944K Free: 126369K (86%)
----------------- Invoking toplevel() on ptolemy.moml.MoMLSimpleApplication@17f84754
----------------- Done invoking toplevel() on ptolemy.moml.MoMLSimpleApplication@17f84754
reloadAllAccessors: .ArrayToSequence

===========================================================================================
----------------- testing Fri Oct 26 02:39:31 UTC 2018 /home/travis/build/icyphy/ptII/ptolemy/domains/sdf/lib/test/auto/ArrayToSequenceTest.xml
----------------- Instantiating /home/travis/build/icyphy/ptII/ptolemy/domains/sdf/lib/test/auto/ArrayToSequenceTest.xml
8 ms. Memory: 146944K Free: 118841K (81%)
----------------- Invoking toplevel() on ptolemy.moml.MoMLSimpleApplication@52f9eef2
----------------- Done invoking toplevel() on ptolemy.moml.MoMLSimpleApplication@52f9eef2
reloadAllAccessors: .ArrayToSequenceTest

===========================================================================================
----------------- testing Fri Oct 26 02:39:31 UTC 2018 /home/travis/build/icyphy/ptII/ptolemy/domains/sdf/lib/test/auto/Autocorrelation.xml
----------------- Instantiating /home/travis/build/icyphy/ptII/ptolemy/domains/sdf/lib/test/auto/Autocorrelation.xml
4 ms. Memory: 146944K Free: 114283K (78%)
----------------- Invoking toplevel() on ptolemy.moml.MoMLSimpleApplication@50404e06
----------------- Done invoking toplevel() on ptolemy.moml.MoMLSimpleApplication@50404e06
reloadAllAccessors: .Autocorrelation

===========================================================================================
----------------- testing Fri Oct 26 02:39:31 UTC 2018 /home/travis/build/icyphy/ptII/ptolemy/domains/sdf/lib/test/auto/Autocorrelation2.xml
----------------- Instantiating /home/travis/build/icyphy/ptII/ptolemy/domains/sdf/lib/test/auto/Autocorrelation2.xml
4 ms. Memory: 146944K Free: 109920K (75%)
----------------- Invoking toplevel() on ptolemy.moml.MoMLSimpleApplication@2e187540
----------------- Done invoking toplevel() on ptolemy.moml.MoMLSimpleApplication@2e187540
reloadAllAccessors: .Autocorrelation2

===========================================================================================
----------------- testing Fri Oct 26 02:39:31 UTC 2018 /home/travis/build/icyphy/ptII/ptolemy/domains/sdf/lib/test/auto/Autocorrelation3.xml
----------------- Instantiating /home/travis/build/icyphy/ptII/ptolemy/domains/sdf/lib/test/auto/Autocorrelation3.xml
3 ms. Memory: 146944K Free: 104787K (71%)
----------------- Invoking toplevel() on ptolemy.moml.MoMLSimpleApplication@21ee0c13
----------------- Done invoking toplevel() on ptolemy.moml.MoMLSimpleApplication@21ee0c13
reloadAllAccessors: .Autocorrelation3

===========================================================================================
----------------- testing Fri Oct 26 02:39:31 UTC 2018 /home/travis/build/icyphy/ptII/ptolemy/domains/sdf/lib/test/auto/Autocorrelation4.xml
----------------- Instantiating /home/travis/build/icyphy/ptII/ptolemy/domains/sdf/lib/test/auto/Autocorrelation4.xml
4 ms. Memory: 146944K Free: 100441K (68%)
----------------- Invoking toplevel() on ptolemy.moml.MoMLSimpleApplication@3e3d0ea1
----------------- Done invoking toplevel() on ptolemy.moml.MoMLSimpleApplication@3e3d0ea1
reloadAllAccessors: .Autocorrelation4

===========================================================================================
----------------- testing Fri Oct 26 02:39:31 UTC 2018 /home/travis/build/icyphy/ptII/ptolemy/domains/sdf/lib/test/auto/Autocorrelation5.xml
----------------- Instantiating /home/travis/build/icyphy/ptII/ptolemy/domains/sdf/lib/test/auto/Autocorrelation5.xml
39 ms. Memory: 146944K Free: 93139K (63%)
----------------- Invoking toplevel() on ptolemy.moml.MoMLSimpleApplication@3939b4f8
----------------- Done invoking toplevel() on ptolemy.moml.MoMLSimpleApplication@3939b4f8
reloadAllAccessors: .Autocorrelation5

===========================================================================================
----------------- testing Fri Oct 26 02:39:31 UTC 2018 /home/travis/build/icyphy/ptII/ptolemy/domains/sdf/lib/test/auto/BitsToInt.xml
----------------- Instantiating /home/travis/build/icyphy/ptII/ptolemy/domains/sdf/lib/test/auto/BitsToInt.xml
2 ms. Memory: 146944K Free: 88732K (60%)
----------------- Invoking toplevel() on ptolemy.moml.MoMLSimpleApplication@5601492d
----------------- Done invoking toplevel() on ptolemy.moml.MoMLSimpleApplication@5601492d
reloadAllAccessors: .BitsToInt

===========================================================================================
----------------- testing Fri Oct 26 02:39:31 UTC 2018 /home/travis/build/icyphy/ptII/ptolemy/domains/sdf/lib/test/auto/BooleanJoin.xml
----------------- Instantiating /home/travis/build/icyphy/ptII/ptolemy/domains/sdf/lib/test/auto/BooleanJoin.xml
3 ms. Memory: 146944K Free: 84294K (57%)
----------------- Invoking toplevel() on ptolemy.moml.MoMLSimpleApplication@69c11d0a
----------------- Done invoking toplevel() on ptolemy.moml.MoMLSimpleApplication@69c11d0a
reloadAllAccessors: .BooleanJoin

===========================================================================================
----------------- testing Fri Oct 26 02:39:31 UTC 2018 /home/travis/build/icyphy/ptII/ptolemy/domains/sdf/lib/test/auto/BootstrapSampleDelay.xml
----------------- Instantiating /home/travis/build/icyphy/ptII/ptolemy/domains/sdf/lib/test/auto/BootstrapSampleDelay.xml
6 ms. Memory: 146944K Free: 80059K (54%)
----------------- Invoking toplevel() on ptolemy.moml.MoMLSimpleApplication@2930f8db
----------------- Done invoking toplevel() on ptolemy.moml.MoMLSimpleApplication@2930f8db
reloadAllAccessors: .BootstrapSampleDelay

===========================================================================================
----------------- testing Fri Oct 26 02:39:31 UTC 2018 /home/travis/build/icyphy/ptII/ptolemy/domains/sdf/lib/test/auto/Chop.xml
----------------- Instantiating /home/travis/build/icyphy/ptII/ptolemy/domains/sdf/lib/test/auto/Chop.xml
14 ms. Memory: 208384K Free: 192362K (92%)
----------------- Invoking toplevel() on ptolemy.moml.MoMLSimpleApplication@184f134d
----------------- Done invoking toplevel() on ptolemy.moml.MoMLSimpleApplication@184f134d
reloadAllAccessors: .Chop

===========================================================================================
----------------- testing Fri Oct 26 02:39:31 UTC 2018 /home/travis/build/icyphy/ptII/ptolemy/domains/sdf/lib/test/auto/Chop2.xml
----------------- Instantiating /home/travis/build/icyphy/ptII/ptolemy/domains/sdf/lib/test/auto/Chop2.xml
13 ms. Memory: 208384K Free: 183955K (88%)
----------------- Invoking toplevel() on ptolemy.moml.MoMLSimpleApplication@3db7a6ba
----------------- Done invoking toplevel() on ptolemy.moml.MoMLSimpleApplication@3db7a6ba
reloadAllAccessors: .Chop2

===========================================================================================
----------------- testing Fri Oct 26 02:39:31 UTC 2018 /home/travis/build/icyphy/ptII/ptolemy/domains/sdf/lib/test/auto/ComplexJoin.xml
----------------- Instantiating /home/travis/build/icyphy/ptII/ptolemy/domains/sdf/lib/test/auto/ComplexJoin.xml
3 ms. Memory: 208384K Free: 179622K (86%)
----------------- Invoking toplevel() on ptolemy.moml.MoMLSimpleApplication@c88c292
----------------- Done invoking toplevel() on ptolemy.moml.MoMLSimpleApplication@c88c292
reloadAllAccessors: .ComplexJoin

===========================================================================================
----------------- testing Fri Oct 26 02:39:31 UTC 2018 /home/travis/build/icyphy/ptII/ptolemy/domains/sdf/lib/test/auto/CountTrues.xml
----------------- Instantiating /home/travis/build/icyphy/ptII/ptolemy/domains/sdf/lib/test/auto/CountTrues.xml
2 ms. Memory: 208384K Free: 176510K (85%)
----------------- Invoking toplevel() on ptolemy.moml.MoMLSimpleApplication@3c8bc5f1
----------------- Done invoking toplevel() on ptolemy.moml.MoMLSimpleApplication@3c8bc5f1
reloadAllAccessors: .CountTrues

===========================================================================================
----------------- testing Fri Oct 26 02:39:31 UTC 2018 /home/travis/build/icyphy/ptII/ptolemy/domains/sdf/lib/test/auto/DelayLine.xml
----------------- Instantiating /home/travis/build/icyphy/ptII/ptolemy/domains/sdf/lib/test/auto/DelayLine.xml
7 ms. Memory: 208384K Free: 170932K (82%)
----------------- Invoking toplevel() on ptolemy.moml.MoMLSimpleApplication@4f48c9ac
----------------- Done invoking toplevel() on ptolemy.moml.MoMLSimpleApplication@4f48c9ac
reloadAllAccessors: .DelayLine

===========================================================================================
----------------- testing Fri Oct 26 02:39:31 UTC 2018 /home/travis/build/icyphy/ptII/ptolemy/domains/sdf/lib/test/auto/DotProduct.xml
----------------- Instantiating /home/travis/build/icyphy/ptII/ptolemy/domains/sdf/lib/test/auto/DotProduct.xml
8 ms. Memory: 208384K Free: 166274K (80%)
----------------- Invoking toplevel() on ptolemy.moml.MoMLSimpleApplication@73d07273
----------------- Done invoking toplevel() on ptolemy.moml.MoMLSimpleApplication@73d07273
reloadAllAccessors: .DotProduct

===========================================================================================
----------------- testing Fri Oct 26 02:39:31 UTC 2018 /home/travis/build/icyphy/ptII/ptolemy/domains/sdf/lib/test/auto/DotProductMatrix.xml
----------------- Instantiating /home/travis/build/icyphy/ptII/ptolemy/domains/sdf/lib/test/auto/DotProductMatrix.xml
3 ms. Memory: 208384K Free: 163186K (78%)
----------------- Invoking toplevel() on ptolemy.moml.MoMLSimpleApplication@6890b8f2
----------------- Done invoking toplevel() on ptolemy.moml.MoMLSimpleApplication@6890b8f2
reloadAllAccessors: .DotProductMatrix

===========================================================================================
----------------- testing Fri Oct 26 02:39:31 UTC 2018 /home/travis/build/icyphy/ptII/ptolemy/domains/sdf/lib/test/auto/DownSample1.xml
----------------- Instantiating /home/travis/build/icyphy/ptII/ptolemy/domains/sdf/lib/test/auto/DownSample1.xml
3 ms. Memory: 208384K Free: 159483K (77%)
----------------- Invoking toplevel() on ptolemy.moml.MoMLSimpleApplication@11c3301
----------------- Done invoking toplevel() on ptolemy.moml.MoMLSimpleApplication@11c3301
reloadAllAccessors: .DownSample1

===========================================================================================
----------------- testing Fri Oct 26 02:39:31 UTC 2018 /home/travis/build/icyphy/ptII/ptolemy/domains/sdf/lib/test/auto/DynamicRateChange.xml
----------------- Instantiating /home/travis/build/icyphy/ptII/ptolemy/domains/sdf/lib/test/auto/DynamicRateChange.xml
17 ms. Memory: 208384K Free: 153339K (74%)
----------------- Invoking toplevel() on ptolemy.moml.MoMLSimpleApplication@634a59c7
----------------- Done invoking toplevel() on ptolemy.moml.MoMLSimpleApplication@634a59c7
reloadAllAccessors: .DynamicRateChange

===========================================================================================
----------------- testing Fri Oct 26 02:39:31 UTC 2018 /home/travis/build/icyphy/ptII/ptolemy/domains/sdf/lib/test/auto/DynamicRates.xml
----------------- Instantiating /home/travis/build/icyphy/ptII/ptolemy/domains/sdf/lib/test/auto/DynamicRates.xml
14 ms. Memory: 208384K Free: 146258K (70%)
----------------- Invoking toplevel() on ptolemy.moml.MoMLSimpleApplication@41abdc1
----------------- Done invoking toplevel() on ptolemy.moml.MoMLSimpleApplication@41abdc1
reloadAllAccessors: .DynamicRates

===========================================================================================
----------------- testing Fri Oct 26 02:39:32 UTC 2018 /home/travis/build/icyphy/ptII/ptolemy/domains/sdf/lib/test/auto/FFT1.xml
----------------- Instantiating /home/travis/build/icyphy/ptII/ptolemy/domains/sdf/lib/test/auto/FFT1.xml
8 ms. Memory: 208384K Free: 141247K (68%)
----------------- Invoking toplevel() on ptolemy.moml.MoMLSimpleApplication@2a6fdb9b
----------------- Done invoking toplevel() on ptolemy.moml.MoMLSimpleApplication@2a6fdb9b
reloadAllAccessors: .FFT1

===========================================================================================
----------------- testing Fri Oct 26 02:39:32 UTC 2018 /home/travis/build/icyphy/ptII/ptolemy/domains/sdf/lib/test/auto/FIR1.xml
----------------- Instantiating /home/travis/build/icyphy/ptII/ptolemy/domains/sdf/lib/test/auto/FIR1.xml
23 ms. Memory: 208384K Free: 133179K (64%)
----------------- Invoking toplevel() on ptolemy.moml.MoMLSimpleApplication@6acac053
----------------- Done invoking toplevel() on ptolemy.moml.MoMLSimpleApplication@6acac053
reloadAllAccessors: .FIR1

===========================================================================================
----------------- testing Fri Oct 26 02:39:32 UTC 2018 /home/travis/build/icyphy/ptII/ptolemy/domains/sdf/lib/test/auto/FIR2.xml
----------------- Instantiating /home/travis/build/icyphy/ptII/ptolemy/domains/sdf/lib/test/auto/FIR2.xml
5 ms. Memory: 208384K Free: 129492K (62%)
----------------- Invoking toplevel() on ptolemy.moml.MoMLSimpleApplication@75d6188e
----------------- Done invoking toplevel() on ptolemy.moml.MoMLSimpleApplication@75d6188e
reloadAllAccessors: .FIR2

===========================================================================================
----------------- testing Fri Oct 26 02:39:32 UTC 2018 /home/travis/build/icyphy/ptII/ptolemy/domains/sdf/lib/test/auto/FIR4.xml
----------------- Instantiating /home/travis/build/icyphy/ptII/ptolemy/domains/sdf/lib/test/auto/FIR4.xml
10 ms. Memory: 208384K Free: 119291K (57%)
----------------- Invoking toplevel() on ptolemy.moml.MoMLSimpleApplication@4e3e9e7b
----------------- Done invoking toplevel() on ptolemy.moml.MoMLSimpleApplication@4e3e9e7b
reloadAllAccessors: .FIR4

===========================================================================================
----------------- testing Fri Oct 26 02:39:32 UTC 2018 /home/travis/build/icyphy/ptII/ptolemy/domains/sdf/lib/test/auto/FixJoin.xml
----------------- Instantiating /home/travis/build/icyphy/ptII/ptolemy/domains/sdf/lib/test/auto/FixJoin.xml
7 ms. Memory: 208384K Free: 114312K (55%)
----------------- Invoking toplevel() on ptolemy.moml.MoMLSimpleApplication@3a2e4503
----------------- Done invoking toplevel() on ptolemy.moml.MoMLSimpleApplication@3a2e4503
reloadAllAccessors: .FixJoin

===========================================================================================
----------------- testing Fri Oct 26 02:39:32 UTC 2018 /home/travis/build/icyphy/ptII/ptolemy/domains/sdf/lib/test/auto/IntJoin1.xml
----------------- Instantiating /home/travis/build/icyphy/ptII/ptolemy/domains/sdf/lib/test/auto/IntJoin1.xml
5 ms. Memory: 208384K Free: 109979K (53%)
----------------- Invoking toplevel() on ptolemy.moml.MoMLSimpleApplication@11510c42
----------------- Done invoking toplevel() on ptolemy.moml.MoMLSimpleApplication@11510c42
reloadAllAccessors: .IntJoin1

===========================================================================================
----------------- testing Fri Oct 26 02:39:32 UTC 2018 /home/travis/build/icyphy/ptII/ptolemy/domains/sdf/lib/test/auto/IntJoin2.xml
----------------- Instantiating /home/travis/build/icyphy/ptII/ptolemy/domains/sdf/lib/test/auto/IntJoin2.xml
4 ms. Memory: 208384K Free: 105646K (51%)
----------------- Invoking toplevel() on ptolemy.moml.MoMLSimpleApplication@3de5b818
----------------- Done invoking toplevel() on ptolemy.moml.MoMLSimpleApplication@3de5b818
reloadAllAccessors: .IntJoin2

===========================================================================================
----------------- testing Fri Oct 26 02:39:32 UTC 2018 /home/travis/build/icyphy/ptII/ptolemy/domains/sdf/lib/test/auto/IntJoin3.xml
----------------- Instantiating /home/travis/build/icyphy/ptII/ptolemy/domains/sdf/lib/test/auto/IntJoin3.xml
6 ms. Memory: 208384K Free: 99171K (48%)
----------------- Invoking toplevel() on ptolemy.moml.MoMLSimpleApplication@2c4e98a2
----------------- Done invoking toplevel() on ptolemy.moml.MoMLSimpleApplication@2c4e98a2
reloadAllAccessors: .IntJoin3

===========================================================================================
----------------- testing Fri Oct 26 02:39:32 UTC 2018 /home/travis/build/icyphy/ptII/ptolemy/domains/sdf/lib/test/auto/IntJoin4.xml
----------------- Instantiating /home/travis/build/icyphy/ptII/ptolemy/domains/sdf/lib/test/auto/IntJoin4.xml
5 ms. Memory: 208384K Free: 94822K (46%)
----------------- Invoking toplevel() on ptolemy.moml.MoMLSimpleApplication@1bb3a87
----------------- Done invoking toplevel() on ptolemy.moml.MoMLSimpleApplication@1bb3a87
reloadAllAccessors: .IntJoin4

===========================================================================================
----------------- testing Fri Oct 26 02:39:32 UTC 2018 /home/travis/build/icyphy/ptII/ptolemy/domains/sdf/lib/test/auto/IntJoin5.xml
----------------- Instantiating /home/travis/build/icyphy/ptII/ptolemy/domains/sdf/lib/test/auto/IntJoin5.xml
4 ms. Memory: 208384K Free: 89899K (43%)
----------------- Invoking toplevel() on ptolemy.moml.MoMLSimpleApplication@628a0d64
----------------- Done invoking toplevel() on ptolemy.moml.MoMLSimpleApplication@628a0d64
reloadAllAccessors: .IntJoin5

===========================================================================================
----------------- testing Fri Oct 26 02:39:32 UTC 2018 /home/travis/build/icyphy/ptII/ptolemy/domains/sdf/lib/test/auto/IntToBits.xml
----------------- Instantiating /home/travis/build/icyphy/ptII/ptolemy/domains/sdf/lib/test/auto/IntToBits.xml
2 ms. Memory: 208384K Free: 86827K (42%)
----------------- Invoking toplevel() on ptolemy.moml.MoMLSimpleApplication@21817a23
----------------- Done invoking toplevel() on ptolemy.moml.MoMLSimpleApplication@21817a23
reloadAllAccessors: .IntToBits

===========================================================================================
----------------- testing Fri Oct 26 02:39:32 UTC 2018 /home/travis/build/icyphy/ptII/ptolemy/domains/sdf/lib/test/auto/LMSAdaptive.xml
----------------- Instantiating /home/travis/build/icyphy/ptII/ptolemy/domains/sdf/lib/test/auto/LMSAdaptive.xml
27 ms. Memory: 208384K Free: 199316K (96%)
----------------- Invoking toplevel() on ptolemy.moml.MoMLSimpleApplication@6472eab0
----------------- Done invoking toplevel() on ptolemy.moml.MoMLSimpleApplication@6472eab0
reloadAllAccessors: .LMSAdaptive

===========================================================================================
----------------- testing Fri Oct 26 02:39:32 UTC 2018 /home/travis/build/icyphy/ptII/ptolemy/domains/sdf/lib/test/auto/LMSAdaptiveFIR.xml
----------------- Instantiating /home/travis/build/icyphy/ptII/ptolemy/domains/sdf/lib/test/auto/LMSAdaptiveFIR.xml
304 ms. Memory: 208384K Free: 158225K (76%)
----------------- Invoking toplevel() on ptolemy.moml.MoMLSimpleApplication@c5a35c1
----------------- Done invoking toplevel() on ptolemy.moml.MoMLSimpleApplication@c5a35c1
reloadAllAccessors: .LMSAdaptiveFIR

===========================================================================================
----------------- testing Fri Oct 26 02:39:33 UTC 2018 /home/travis/build/icyphy/ptII/ptolemy/domains/sdf/lib/test/auto/LMSAdaptiveFIR2.xml
----------------- Instantiating /home/travis/build/icyphy/ptII/ptolemy/domains/sdf/lib/test/auto/LMSAdaptiveFIR2.xml
363 ms. Memory: 208384K Free: 97242K (47%)
----------------- Invoking toplevel() on ptolemy.moml.MoMLSimpleApplication@63c93fa3
----------------- Done invoking toplevel() on ptolemy.moml.MoMLSimpleApplication@63c93fa3
reloadAllAccessors: .LMSAdaptiveFIR2

===========================================================================================
----------------- testing Fri Oct 26 02:39:33 UTC 2018 /home/travis/build/icyphy/ptII/ptolemy/domains/sdf/lib/test/auto/LongJoin.xml
----------------- Instantiating /home/travis/build/icyphy/ptII/ptolemy/domains/sdf/lib/test/auto/LongJoin.xml
4 ms. Memory: 208384K Free: 91248K (44%)
----------------- Invoking toplevel() on ptolemy.moml.MoMLSimpleApplication@1d7f5ab4
----------------- Done invoking toplevel() on ptolemy.moml.MoMLSimpleApplication@1d7f5ab4
reloadAllAccessors: .LongJoin

===========================================================================================
----------------- testing Fri Oct 26 02:39:33 UTC 2018 /home/travis/build/icyphy/ptII/ptolemy/domains/sdf/lib/test/auto/Matrix1.xml
----------------- Instantiating /home/travis/build/icyphy/ptII/ptolemy/domains/sdf/lib/test/auto/Matrix1.xml
2 ms. Memory: 208384K Free: 86883K (42%)
----------------- Invoking toplevel() on ptolemy.moml.MoMLSimpleApplication@4b9f09fa
----------------- Done invoking toplevel() on ptolemy.moml.MoMLSimpleApplication@4b9f09fa
reloadAllAccessors: .Matrix1

===========================================================================================
----------------- testing Fri Oct 26 02:39:33 UTC 2018 /home/travis/build/icyphy/ptII/ptolemy/domains/sdf/lib/test/auto/Matrix2.xml
----------------- Instantiating /home/travis/build/icyphy/ptII/ptolemy/domains/sdf/lib/test/auto/Matrix2.xml
3 ms. Memory: 208384K Free: 82566K (40%)
----------------- Invoking toplevel() on ptolemy.moml.MoMLSimpleApplication@7a128f56
----------------- Done invoking toplevel() on ptolemy.moml.MoMLSimpleApplication@7a128f56
reloadAllAccessors: .Matrix2

===========================================================================================
----------------- testing Fri Oct 26 02:39:33 UTC 2018 /home/travis/build/icyphy/ptII/ptolemy/domains/sdf/lib/test/auto/MatrixJoin1.xml
----------------- Instantiating /home/travis/build/icyphy/ptII/ptolemy/domains/sdf/lib/test/auto/MatrixJoin1.xml
19 ms. Memory: 332800K Free: 324435K (97%)
----------------- Invoking toplevel() on ptolemy.moml.MoMLSimpleApplication@17eb2f47
----------------- Done invoking toplevel() on ptolemy.moml.MoMLSimpleApplication@17eb2f47
reloadAllAccessors: .MatrixJoin1

===========================================================================================
----------------- testing Fri Oct 26 02:39:33 UTC 2018 /home/travis/build/icyphy/ptII/ptolemy/domains/sdf/lib/test/auto/MatrixJoin2.xml
----------------- Instantiating /home/travis/build/icyphy/ptII/ptolemy/domains/sdf/lib/test/auto/MatrixJoin2.xml
2 ms. Memory: 332800K Free: 315896K (95%)
----------------- Invoking toplevel() on ptolemy.moml.MoMLSimpleApplication@1fbca476
----------------- Done invoking toplevel() on ptolemy.moml.MoMLSimpleApplication@1fbca476
reloadAllAccessors: .MatrixJoin2

===========================================================================================
----------------- testing Fri Oct 26 02:39:33 UTC 2018 /home/travis/build/icyphy/ptII/ptolemy/domains/sdf/lib/test/auto/MatrixJoin3.xml
----------------- Instantiating /home/travis/build/icyphy/ptII/ptolemy/domains/sdf/lib/test/auto/MatrixJoin3.xml
5 ms. Memory: 332800K Free: 309736K (93%)
----------------- Invoking toplevel() on ptolemy.moml.MoMLSimpleApplication@606690b8
----------------- Done invoking toplevel() on ptolemy.moml.MoMLSimpleApplication@606690b8
reloadAllAccessors: .MatrixJoin3

===========================================================================================
----------------- testing Fri Oct 26 02:39:33 UTC 2018 /home/travis/build/icyphy/ptII/ptolemy/domains/sdf/lib/test/auto/MatrixJoin4.xml
----------------- Instantiating /home/travis/build/icyphy/ptII/ptolemy/domains/sdf/lib/test/auto/MatrixJoin4.xml
2 ms. Memory: 332800K Free: 303576K (91%)
----------------- Invoking toplevel() on ptolemy.moml.MoMLSimpleApplication@53a93816
----------------- Done invoking toplevel() on ptolemy.moml.MoMLSimpleApplication@53a93816
reloadAllAccessors: .MatrixJoin4

===========================================================================================
----------------- testing Fri Oct 26 02:39:33 UTC 2018 /home/travis/build/icyphy/ptII/ptolemy/domains/sdf/lib/test/auto/MatrixJoin5.xml
----------------- Instantiating /home/travis/build/icyphy/ptII/ptolemy/domains/sdf/lib/test/auto/MatrixJoin5.xml
5 ms. Memory: 332800K Free: 297233K (89%)
----------------- Invoking toplevel() on ptolemy.moml.MoMLSimpleApplication@6707f08a
----------------- Done invoking toplevel() on ptolemy.moml.MoMLSimpleApplication@6707f08a
reloadAllAccessors: .MatrixJoin5

===========================================================================================
----------------- testing Fri Oct 26 02:39:33 UTC 2018 /home/travis/build/icyphy/ptII/ptolemy/domains/sdf/lib/test/auto/MatrixSplit1.xml
----------------- Instantiating /home/travis/build/icyphy/ptII/ptolemy/domains/sdf/lib/test/auto/MatrixSplit1.xml
6 ms. Memory: 332800K Free: 289860K (87%)
----------------- Invoking toplevel() on ptolemy.moml.MoMLSimpleApplication@d07eb0f
----------------- Done invoking toplevel() on ptolemy.moml.MoMLSimpleApplication@d07eb0f
reloadAllAccessors: .MatrixSplit1

===========================================================================================
----------------- testing Fri Oct 26 02:39:33 UTC 2018 /home/travis/build/icyphy/ptII/ptolemy/domains/sdf/lib/test/auto/MatrixSplit10.xml
----------------- Instantiating /home/travis/build/icyphy/ptII/ptolemy/domains/sdf/lib/test/auto/MatrixSplit10.xml
4 ms. Memory: 332800K Free: 284945K (86%)
----------------- Invoking toplevel() on ptolemy.moml.MoMLSimpleApplication@53b25159
----------------- Done invoking toplevel() on ptolemy.moml.MoMLSimpleApplication@53b25159
reloadAllAccessors: .MatrixSplit10

===========================================================================================
----------------- testing Fri Oct 26 02:39:33 UTC 2018 /home/travis/build/icyphy/ptII/ptolemy/domains/sdf/lib/test/auto/MatrixSplit11.xml
----------------- Instantiating /home/travis/build/icyphy/ptII/ptolemy/domains/sdf/lib/test/auto/MatrixSplit11.xml
2 ms. Memory: 332800K Free: 280029K (84%)
----------------- Invoking toplevel() on ptolemy.moml.MoMLSimpleApplication@7528f1b3
----------------- Done invoking toplevel() on ptolemy.moml.MoMLSimpleApplication@7528f1b3
reloadAllAccessors: .MatrixSplit11

===========================================================================================
----------------- testing Fri Oct 26 02:39:33 UTC 2018 /home/travis/build/icyphy/ptII/ptolemy/domains/sdf/lib/test/auto/MatrixSplit12.xml
----------------- Instantiating /home/travis/build/icyphy/ptII/ptolemy/domains/sdf/lib/test/auto/MatrixSplit12.xml
2 ms. Memory: 332800K Free: 273702K (82%)
----------------- Invoking toplevel() on ptolemy.moml.MoMLSimpleApplication@2a57ecc9
----------------- Done invoking toplevel() on ptolemy.moml.MoMLSimpleApplication@2a57ecc9
reloadAllAccessors: .MatrixSplit12

===========================================================================================
----------------- testing Fri Oct 26 02:39:33 UTC 2018 /home/travis/build/icyphy/ptII/ptolemy/domains/sdf/lib/test/auto/MatrixSplit13.xml
----------------- Instantiating /home/travis/build/icyphy/ptII/ptolemy/domains/sdf/lib/test/auto/MatrixSplit13.xml
2 ms. Memory: 332800K Free: 268787K (81%)
----------------- Invoking toplevel() on ptolemy.moml.MoMLSimpleApplication@45e8f2a2
----------------- Done invoking toplevel() on ptolemy.moml.MoMLSimpleApplication@45e8f2a2
reloadAllAccessors: .MatrixSplit13

===========================================================================================
----------------- testing Fri Oct 26 02:39:33 UTC 2018 /home/travis/build/icyphy/ptII/ptolemy/domains/sdf/lib/test/auto/MatrixSplit14.xml
----------------- Instantiating /home/travis/build/icyphy/ptII/ptolemy/domains/sdf/lib/test/auto/MatrixSplit14.xml
2 ms. Memory: 332800K Free: 263872K (79%)
----------------- Invoking toplevel() on ptolemy.moml.MoMLSimpleApplication@52db7ba
----------------- Done invoking toplevel() on ptolemy.moml.MoMLSimpleApplication@52db7ba
reloadAllAccessors: .MatrixSplit14

===========================================================================================
----------------- testing Fri Oct 26 02:39:33 UTC 2018 /home/travis/build/icyphy/ptII/ptolemy/domains/sdf/lib/test/auto/MatrixSplit2.xml
----------------- Instantiating /home/travis/build/icyphy/ptII/ptolemy/domains/sdf/lib/test/auto/MatrixSplit2.xml
2 ms. Memory: 332800K Free: 257545K (77%)
----------------- Invoking toplevel() on ptolemy.moml.MoMLSimpleApplication@7c4a10f3
----------------- Done invoking toplevel() on ptolemy.moml.MoMLSimpleApplication@7c4a10f3
reloadAllAccessors: .MatrixSplit2

===========================================================================================
----------------- testing Fri Oct 26 02:39:33 UTC 2018 /home/travis/build/icyphy/ptII/ptolemy/domains/sdf/lib/test/auto/MatrixSplit3.xml
----------------- Instantiating /home/travis/build/icyphy/ptII/ptolemy/domains/sdf/lib/test/auto/MatrixSplit3.xml
1 ms. Memory: 332800K Free: 252629K (76%)
----------------- Invoking toplevel() on ptolemy.moml.MoMLSimpleApplication@77f31933
----------------- Done invoking toplevel() on ptolemy.moml.MoMLSimpleApplication@77f31933
reloadAllAccessors: .MatrixSplit3

===========================================================================================
----------------- testing Fri Oct 26 02:39:33 UTC 2018 /home/travis/build/icyphy/ptII/ptolemy/domains/sdf/lib/test/auto/MatrixSplit4.xml
----------------- Instantiating /home/travis/build/icyphy/ptII/ptolemy/domains/sdf/lib/test/auto/MatrixSplit4.xml
2 ms. Memory: 332800K Free: 247714K (74%)
----------------- Invoking toplevel() on ptolemy.moml.MoMLSimpleApplication@268e48b1
----------------- Done invoking toplevel() on ptolemy.moml.MoMLSimpleApplication@268e48b1
reloadAllAccessors: .MatrixSplit4

===========================================================================================
----------------- testing Fri Oct 26 02:39:33 UTC 2018 /home/travis/build/icyphy/ptII/ptolemy/domains/sdf/lib/test/auto/MatrixSplit5.xml
----------------- Instantiating /home/travis/build/icyphy/ptII/ptolemy/domains/sdf/lib/test/auto/MatrixSplit5.xml
2 ms. Memory: 332800K Free: 242799K (73%)
----------------- Invoking toplevel() on ptolemy.moml.MoMLSimpleApplication@76d6e292
----------------- Done invoking toplevel() on ptolemy.moml.MoMLSimpleApplication@76d6e292
reloadAllAccessors: .MatrixSplit5

===========================================================================================
----------------- testing Fri Oct 26 02:39:33 UTC 2018 /home/travis/build/icyphy/ptII/ptolemy/domains/sdf/lib/test/auto/MatrixSplit6.xml
----------------- Instantiating /home/travis/build/icyphy/ptII/ptolemy/domains/sdf/lib/test/auto/MatrixSplit6.xml
2 ms. Memory: 332800K Free: 236471K (71%)
----------------- Invoking toplevel() on ptolemy.moml.MoMLSimpleApplication@2615cafa
----------------- Done invoking toplevel() on ptolemy.moml.MoMLSimpleApplication@2615cafa
reloadAllAccessors: .MatrixSplit6

===========================================================================================
----------------- testing Fri Oct 26 02:39:33 UTC 2018 /home/travis/build/icyphy/ptII/ptolemy/domains/sdf/lib/test/auto/MatrixSplit7.xml
----------------- Instantiating /home/travis/build/icyphy/ptII/ptolemy/domains/sdf/lib/test/auto/MatrixSplit7.xml
2 ms. Memory: 332800K Free: 231556K (70%)
----------------- Invoking toplevel() on ptolemy.moml.MoMLSimpleApplication@4b498c7f
----------------- Done invoking toplevel() on ptolemy.moml.MoMLSimpleApplication@4b498c7f
reloadAllAccessors: .MatrixSplit7

===========================================================================================
----------------- testing Fri Oct 26 02:39:34 UTC 2018 /home/travis/build/icyphy/ptII/ptolemy/domains/sdf/lib/test/auto/MatrixSplit8.xml
----------------- Instantiating /home/travis/build/icyphy/ptII/ptolemy/domains/sdf/lib/test/auto/MatrixSplit8.xml
2 ms. Memory: 332800K Free: 226641K (68%)
----------------- Invoking toplevel() on ptolemy.moml.MoMLSimpleApplication@6a0faaf2
----------------- Done invoking toplevel() on ptolemy.moml.MoMLSimpleApplication@6a0faaf2
reloadAllAccessors: .MatrixSplit8

===========================================================================================
----------------- testing Fri Oct 26 02:39:34 UTC 2018 /home/travis/build/icyphy/ptII/ptolemy/domains/sdf/lib/test/auto/MatrixSplit9.xml
----------------- Instantiating /home/travis/build/icyphy/ptII/ptolemy/domains/sdf/lib/test/auto/MatrixSplit9.xml
2 ms. Memory: 332800K Free: 220313K (66%)
----------------- Invoking toplevel() on ptolemy.moml.MoMLSimpleApplication@32ef1387
----------------- Done invoking toplevel() on ptolemy.moml.MoMLSimpleApplication@32ef1387
reloadAllAccessors: .MatrixSplit9

===========================================================================================
----------------- testing Fri Oct 26 02:39:34 UTC 2018 /home/travis/build/icyphy/ptII/ptolemy/domains/sdf/lib/test/auto/MatrixToSequence.xml
----------------- Instantiating /home/travis/build/icyphy/ptII/ptolemy/domains/sdf/lib/test/auto/MatrixToSequence.xml
9 ms. Memory: 332800K Free: 210483K (63%)
----------------- Invoking toplevel() on ptolemy.moml.MoMLSimpleApplication@657e544
----------------- Done invoking toplevel() on ptolemy.moml.MoMLSimpleApplication@657e544
reloadAllAccessors: .MatrixToSequence

===========================================================================================
----------------- testing Fri Oct 26 02:39:34 UTC 2018 /home/travis/build/icyphy/ptII/ptolemy/domains/sdf/lib/test/auto/MaximumEntropySpectrum.xml
----------------- Instantiating /home/travis/build/icyphy/ptII/ptolemy/domains/sdf/lib/test/auto/MaximumEntropySpectrum.xml
21 ms. Memory: 332800K Free: 187111K (56%)
----------------- Invoking toplevel() on ptolemy.moml.MoMLSimpleApplication@29ec5908
----------------- Done invoking toplevel() on ptolemy.moml.MoMLSimpleApplication@29ec5908
reloadAllAccessors: .MaximumEntropySpectrum

===========================================================================================
----------------- testing Fri Oct 26 02:39:34 UTC 2018 /home/travis/build/icyphy/ptII/ptolemy/domains/sdf/lib/test/auto/SampleDelayConversion.xml
----------------- Instantiating /home/travis/build/icyphy/ptII/ptolemy/domains/sdf/lib/test/auto/SampleDelayConversion.xml
3 ms. Memory: 332800K Free: 180783K (54%)
----------------- Invoking toplevel() on ptolemy.moml.MoMLSimpleApplication@7bc4b4a7
----------------- Done invoking toplevel() on ptolemy.moml.MoMLSimpleApplication@7bc4b4a7
reloadAllAccessors: .SampleDelayConversion

===========================================================================================
----------------- testing Fri Oct 26 02:39:34 UTC 2018 /home/travis/build/icyphy/ptII/ptolemy/domains/sdf/lib/test/auto/SequenceToArray.xml
----------------- Instantiating /home/travis/build/icyphy/ptII/ptolemy/domains/sdf/lib/test/auto/SequenceToArray.xml
15 ms. Memory: 332800K Free: 167267K (50%)
----------------- Invoking toplevel() on ptolemy.moml.MoMLSimpleApplication@533746ba
----------------- Done invoking toplevel() on ptolemy.moml.MoMLSimpleApplication@533746ba
reloadAllAccessors: .SequenceToArray

===========================================================================================
----------------- testing Fri Oct 26 02:39:34 UTC 2018 /home/travis/build/icyphy/ptII/ptolemy/domains/sdf/lib/test/auto/SequenceToMatrix.xml
----------------- Instantiating /home/travis/build/icyphy/ptII/ptolemy/domains/sdf/lib/test/auto/SequenceToMatrix.xml
4283 ms. Memory: 579072K Free: 497182K (86%)
----------------- Invoking toplevel() on ptolemy.moml.MoMLSimpleApplication@57881437
----------------- Done invoking toplevel() on ptolemy.moml.MoMLSimpleApplication@57881437
reloadAllAccessors: .SequenceToMatrix

===========================================================================================
----------------- testing Fri Oct 26 02:39:38 UTC 2018 /home/travis/build/icyphy/ptII/ptolemy/domains/sdf/lib/test/auto/SmoothedPeriodogram.xml
----------------- Instantiating /home/travis/build/icyphy/ptII/ptolemy/domains/sdf/lib/test/auto/SmoothedPeriodogram.xml
7 ms. Memory: 579072K Free: 473971K (82%)
----------------- Invoking toplevel() on ptolemy.moml.MoMLSimpleApplication@5f1e1879
----------------- Done invoking toplevel() on ptolemy.moml.MoMLSimpleApplication@5f1e1879
reloadAllAccessors: .SmoothedPeriodogram

===========================================================================================
----------------- testing Fri Oct 26 02:39:38 UTC 2018 /home/travis/build/icyphy/ptII/ptolemy/domains/sdf/lib/test/auto/UpDownSample1.xml
----------------- Instantiating /home/travis/build/icyphy/ptII/ptolemy/domains/sdf/lib/test/auto/UpDownSample1.xml
10 ms. Memory: 579072K Free: 467424K (81%)
----------------- Invoking toplevel() on ptolemy.moml.MoMLSimpleApplication@7f8ec3ef
----------------- Done invoking toplevel() on ptolemy.moml.MoMLSimpleApplication@7f8ec3ef
reloadAllAccessors: .UpDownSample1

===========================================================================================
----------------- testing Fri Oct 26 02:39:38 UTC 2018 /home/travis/build/icyphy/ptII/ptolemy/domains/sdf/lib/test/auto/UpSample1.xml
----------------- Instantiating /home/travis/build/icyphy/ptII/ptolemy/domains/sdf/lib/test/auto/UpSample1.xml
2 ms. Memory: 579072K Free: 460878K (80%)
----------------- Invoking toplevel() on ptolemy.moml.MoMLSimpleApplication@2f3a9321
----------------- Done invoking toplevel() on ptolemy.moml.MoMLSimpleApplication@2f3a9321
reloadAllAccessors: .UpSample1

===========================================================================================
----------------- testing Fri Oct 26 02:39:38 UTC 2018 /home/travis/build/icyphy/ptII/ptolemy/domains/sdf/lib/test/auto/VariableFIR.xml
----------------- Instantiating /home/travis/build/icyphy/ptII/ptolemy/domains/sdf/lib/test/auto/VariableFIR.xml
9 ms. Memory: 579072K Free: 451058K (78%)
----------------- Invoking toplevel() on ptolemy.moml.MoMLSimpleApplication@739f6e86
----------------- Done invoking toplevel() on ptolemy.moml.MoMLSimpleApplication@739f6e86
reloadAllAccessors: .VariableFIR

===========================================================================================
----------------- testing Fri Oct 26 02:39:38 UTC 2018 /home/travis/build/icyphy/ptII/ptolemy/domains/sdf/lib/test/auto/VariableFIR2.xml
----------------- Instantiating /home/travis/build/icyphy/ptII/ptolemy/domains/sdf/lib/test/auto/VariableFIR2.xml
7 ms. Memory: 579072K Free: 439282K (76%)
----------------- Invoking toplevel() on ptolemy.moml.MoMLSimpleApplication@5a93b68
----------------- Done invoking toplevel() on ptolemy.moml.MoMLSimpleApplication@5a93b68
reloadAllAccessors: .VariableFIR2

===========================================================================================
----------------- testing Fri Oct 26 02:39:38 UTC 2018 /home/travis/build/icyphy/ptII/ptolemy/domains/sdf/lib/test/auto/VariableLattice.xml
----------------- Instantiating /home/travis/build/icyphy/ptII/ptolemy/domains/sdf/lib/test/auto/VariableLattice.xml
8 ms. Memory: 579072K Free: 429462K (74%)
----------------- Invoking toplevel() on ptolemy.moml.MoMLSimpleApplication@4f8212fd
----------------- Done invoking toplevel() on ptolemy.moml.MoMLSimpleApplication@4f8212fd
reloadAllAccessors: .VariableLattice

===========================================================================================
----------------- testing Fri Oct 26 02:39:38 UTC 2018 /home/travis/build/icyphy/ptII/ptolemy/domains/sdf/lib/test/auto/VariableLattice2.xml
----------------- Instantiating /home/travis/build/icyphy/ptII/ptolemy/domains/sdf/lib/test/auto/VariableLattice2.xml
1.0
-1.999999602036
1.9099998677481
-0.9099996420674
0.205
0.0
0.0
1.0
-0.25
-0.5
0.0
0.0
0.0
0.0
6 ms. Memory: 579072K Free: 419642K (72%)
----------------- Invoking toplevel() on ptolemy.moml.MoMLSimpleApplication@1e781203
----------------- Done invoking toplevel() on ptolemy.moml.MoMLSimpleApplication@1e781203
reloadAllAccessors: .VariableLattice2

===========================================================================================
----------------- testing Fri Oct 26 02:39:38 UTC 2018 /home/travis/build/icyphy/ptII/ptolemy/domains/sdf/lib/test/auto/VariableRecursiveLattice.xml
----------------- Instantiating /home/travis/build/icyphy/ptII/ptolemy/domains/sdf/lib/test/auto/VariableRecursiveLattice.xml
4 ms. Memory: 579072K Free: 409822K (71%)
----------------- Invoking toplevel() on ptolemy.moml.MoMLSimpleApplication@38453720
----------------- Done invoking toplevel() on ptolemy.moml.MoMLSimpleApplication@38453720
reloadAllAccessors: .VariableRecursiveLattice

===========================================================================================
----------------- testing Fri Oct 26 02:39:38 UTC 2018 /home/travis/build/icyphy/ptII/ptolemy/domains/sdf/lib/test/auto/VariableRecursiveLattice2.xml
----------------- Instantiating /home/travis/build/icyphy/ptII/ptolemy/domains/sdf/lib/test/auto/VariableRecursiveLattice2.xml
2 ms. Memory: 579072K Free: 403275K (70%)
----------------- Invoking toplevel() on ptolemy.moml.MoMLSimpleApplication@670045a5
----------------- Done invoking toplevel() on ptolemy.moml.MoMLSimpleApplication@670045a5
reloadAllAccessors: .VariableRecursiveLattice2
AutoTests.java: About to close Vertx.
AutoTests.java: Vertx closed.
]]></system-out>
  <system-err><![CDATA[]]></system-err>
</testsuite>
