<?xml version="1.0" encoding="UTF-8" ?>
<testsuite errors="0" failures="0" hostname="travis-job-8ae18e68-8a2c-49c3-8bfc-1f0201b8e923" name="ptolemy.domains.de.test.junit.JUnitTclTest" skipped="0" tests="101" time="121.598" timestamp="2020-06-10T14:37:50">
  <properties>
[...]
</properties>
  <testcase classname="ptolemy.util.test.junit.TclTests" name="[0] /home/travis/build/icyphy/ptII/ptolemy/domains/de/test/DependencyLoop.tcl (RunTclFile)" time="1.077" />
  <testcase classname="ptolemy.util.test.junit.TclTests" name="[1] /home/travis/build/icyphy/ptII/ptolemy/domains/de/test/RunDETestsAsQSS.tcl (RunTclFile)" time="82.301" />
  <testcase classname="ptolemy.util.test.junit.AutoKnownFailedTests" name="[0] /home/travis/build/icyphy/ptII/ptolemy/domains/de/test/auto/knownFailedTests/DESDFClockTest.xml (RunModel)" time="2.042" />
  <testcase classname="ptolemy.util.test.junit.AutoKnownFailedTests" name="[1] /home/travis/build/icyphy/ptII/ptolemy/domains/de/test/auto/knownFailedTests/DirectFeedback.xml (RunModel)" time="0.022" />
  <testcase classname="ptolemy.util.test.junit.AutoKnownFailedTests" name="[2] /home/travis/build/icyphy/ptII/ptolemy/domains/de/test/auto/knownFailedTests/FSMSource.xml (RunModel)" time="0.022" />
  <testcase classname="ptolemy.util.test.junit.AutoKnownFailedTests" name="[3] /home/travis/build/icyphy/ptII/ptolemy/domains/de/test/auto/knownFailedTests/HierarchicalModel.xml (RunModel)" time="0.052" />
  <testcase classname="ptolemy.util.test.junit.AutoKnownFailedTests" name="[4] /home/travis/build/icyphy/ptII/ptolemy/domains/de/test/auto/knownFailedTests/dependencyLoop.xml (RunModel)" time="0.044" />
  <testcase classname="ptolemy.util.test.junit.AutoKnownFailedTests" name="[5] /home/travis/build/icyphy/ptII/ptolemy/domains/de/test/auto/knownFailedTests/dependencyLoop2.xml (RunModel)" time="0.039" />
  <testcase classname="ptolemy.util.test.junit.AutoNameArchTests" name="[0] ThereAreNoAutoArchTests (RunModel)" time="0.001" />
  <testcase classname="ptolemy.util.test.junit.AutoTests" name="[0] /home/travis/build/icyphy/ptII/ptolemy/domains/de/test/auto/ActorDepthCalculation_actorWithoutPorts.xml (RunModel)" time="0.024" />
  <testcase classname="ptolemy.util.test.junit.AutoTests" name="[1] /home/travis/build/icyphy/ptII/ptolemy/domains/de/test/auto/AssemblyLine.xml (RunModel)" time="0.02" />
  <testcase classname="ptolemy.util.test.junit.AutoTests" name="[2] /home/travis/build/icyphy/ptII/ptolemy/domains/de/test/auto/CQBug1.xml (RunModel)" time="0.009" />
  <testcase classname="ptolemy.util.test.junit.AutoTests" name="[3] /home/travis/build/icyphy/ptII/ptolemy/domains/de/test/auto/CancelFireAt.xml (RunModel)" time="0.013" />
  <testcase classname="ptolemy.util.test.junit.AutoTests" name="[4] /home/travis/build/icyphy/ptII/ptolemy/domains/de/test/auto/CausalityAndComposabilityAnalysis.xml (RunModel)" time="0.011" />
  <testcase classname="ptolemy.util.test.junit.AutoTests" name="[5] /home/travis/build/icyphy/ptII/ptolemy/domains/de/test/auto/CausalityInterface1.xml (RunModel)" time="0.013" />
  <testcase classname="ptolemy.util.test.junit.AutoTests" name="[6] /home/travis/build/icyphy/ptII/ptolemy/domains/de/test/auto/CausalityInterface15.xml (RunModel)" time="0.014" />
  <testcase classname="ptolemy.util.test.junit.AutoTests" name="[7] /home/travis/build/icyphy/ptII/ptolemy/domains/de/test/auto/CausalityInterface2.xml (RunModel)" time="0.013" />
  <testcase classname="ptolemy.util.test.junit.AutoTests" name="[8] /home/travis/build/icyphy/ptII/ptolemy/domains/de/test/auto/CausalityInterface3.xml (RunModel)" time="0.012" />
  <testcase classname="ptolemy.util.test.junit.AutoTests" name="[9] /home/travis/build/icyphy/ptII/ptolemy/domains/de/test/auto/ClockDrift.xml (RunModel)" time="0.036" />
  <testcase classname="ptolemy.util.test.junit.AutoTests" name="[10] /home/travis/build/icyphy/ptII/ptolemy/domains/de/test/auto/ClockDriftAndValueChange.xml (RunModel)" time="0.031" />
  <testcase classname="ptolemy.util.test.junit.AutoTests" name="[11] /home/travis/build/icyphy/ptII/ptolemy/domains/de/test/auto/ClockDriftChange.xml (RunModel)" time="0.034" />
  <testcase classname="ptolemy.util.test.junit.AutoTests" name="[12] /home/travis/build/icyphy/ptII/ptolemy/domains/de/test/auto/ComposableCausalityAnalysis.xml (RunModel)" time="0.015" />
  <testcase classname="ptolemy.util.test.junit.AutoTests" name="[13] /home/travis/build/icyphy/ptII/ptolemy/domains/de/test/auto/DEFixedPointLimitation.xml (RunModel)" time="0.008" />
  <testcase classname="ptolemy.util.test.junit.AutoTests" name="[14] /home/travis/build/icyphy/ptII/ptolemy/domains/de/test/auto/DEScheduleTest.xml (RunModel)" time="0.014" />
  <testcase classname="ptolemy.util.test.junit.AutoTests" name="[15] /home/travis/build/icyphy/ptII/ptolemy/domains/de/test/auto/DEinDEwithStartTimes.xml (RunModel)" time="0.013" />
  <testcase classname="ptolemy.util.test.junit.AutoTests" name="[16] /home/travis/build/icyphy/ptII/ptolemy/domains/de/test/auto/DEinDEwithStartTimes2.xml (RunModel)" time="0.016" />
  <testcase classname="ptolemy.util.test.junit.AutoTests" name="[17] /home/travis/build/icyphy/ptII/ptolemy/domains/de/test/auto/DateDemo.xml (RunModel)" time="0.033" />
  <testcase classname="ptolemy.util.test.junit.AutoTests" name="[18] /home/travis/build/icyphy/ptII/ptolemy/domains/de/test/auto/DateToEvent.xml (RunModel)" time="2.041" />
  <testcase classname="ptolemy.util.test.junit.AutoTests" name="[19] /home/travis/build/icyphy/ptII/ptolemy/domains/de/test/auto/DepthTest1.xml (RunModel)" time="0.012" />
  <testcase classname="ptolemy.util.test.junit.AutoTests" name="[20] /home/travis/build/icyphy/ptII/ptolemy/domains/de/test/auto/DepthTest2.xml (RunModel)" time="0.022" />
  <testcase classname="ptolemy.util.test.junit.AutoTests" name="[21] /home/travis/build/icyphy/ptII/ptolemy/domains/de/test/auto/DepthTest3.xml (RunModel)" time="0.015" />
  <testcase classname="ptolemy.util.test.junit.AutoTests" name="[22] /home/travis/build/icyphy/ptII/ptolemy/domains/de/test/auto/DepthTest4.xml (RunModel)" time="0.019" />
  <testcase classname="ptolemy.util.test.junit.AutoTests" name="[23] /home/travis/build/icyphy/ptII/ptolemy/domains/de/test/auto/DepthTest5.xml (RunModel)" time="0.013" />
  <testcase classname="ptolemy.util.test.junit.AutoTests" name="[24] /home/travis/build/icyphy/ptII/ptolemy/domains/de/test/auto/DepthTest6.xml (RunModel)" time="0.012" />
  <testcase classname="ptolemy.util.test.junit.AutoTests" name="[25] /home/travis/build/icyphy/ptII/ptolemy/domains/de/test/auto/DepthTest7.xml (RunModel)" time="0.013" />
  <testcase classname="ptolemy.util.test.junit.AutoTests" name="[26] /home/travis/build/icyphy/ptII/ptolemy/domains/de/test/auto/EventToDate.xml (RunModel)" time="3.044" />
  <testcase classname="ptolemy.util.test.junit.AutoTests" name="[27] /home/travis/build/icyphy/ptII/ptolemy/domains/de/test/auto/FSM1.xml (RunModel)" time="0.047" />
  <testcase classname="ptolemy.util.test.junit.AutoTests" name="[28] /home/travis/build/icyphy/ptII/ptolemy/domains/de/test/auto/FSM7.xml (RunModel)" time="0.032" />
  <testcase classname="ptolemy.util.test.junit.AutoTests" name="[29] /home/travis/build/icyphy/ptII/ptolemy/domains/de/test/auto/Inspection.xml (RunModel)" time="0.043" />
  <testcase classname="ptolemy.util.test.junit.AutoTests" name="[30] /home/travis/build/icyphy/ptII/ptolemy/domains/de/test/auto/Iteration.xml (RunModel)" time="0.029" />
  <testcase classname="ptolemy.util.test.junit.AutoTests" name="[31] /home/travis/build/icyphy/ptII/ptolemy/domains/de/test/auto/LineFault.xml (RunModel)" time="0.553" />
  <testcase classname="ptolemy.util.test.junit.AutoTests" name="[32] /home/travis/build/icyphy/ptII/ptolemy/domains/de/test/auto/MergeModel1Add.xml (RunModel)" time="0.046" />
  <testcase classname="ptolemy.util.test.junit.AutoTests" name="[33] /home/travis/build/icyphy/ptII/ptolemy/domains/de/test/auto/MergeModel2Add.xml (RunModel)" time="0.035" />
  <testcase classname="ptolemy.util.test.junit.AutoTests" name="[34] /home/travis/build/icyphy/ptII/ptolemy/domains/de/test/auto/MergeModel3Add.xml (RunModel)" time="0.045" />
  <testcase classname="ptolemy.util.test.junit.AutoTests" name="[35] /home/travis/build/icyphy/ptII/ptolemy/domains/de/test/auto/MergeWithoutDiscard.xml (RunModel)" time="0.013" />
  <testcase classname="ptolemy.util.test.junit.AutoTests" name="[36] /home/travis/build/icyphy/ptII/ptolemy/domains/de/test/auto/Modal1.xml (RunModel)" time="0.029" />
  <testcase classname="ptolemy.util.test.junit.AutoTests" name="[37] /home/travis/build/icyphy/ptII/ptolemy/domains/de/test/auto/Modal2.xml (RunModel)" time="0.025" />
  <testcase classname="ptolemy.util.test.junit.AutoTests" name="[38] /home/travis/build/icyphy/ptII/ptolemy/domains/de/test/auto/Modal3.xml (RunModel)" time="0.032" />
  <testcase classname="ptolemy.util.test.junit.AutoTests" name="[39] /home/travis/build/icyphy/ptII/ptolemy/domains/de/test/auto/Modal4.xml (RunModel)" time="0.031" />
  <testcase classname="ptolemy.util.test.junit.AutoTests" name="[40] /home/travis/build/icyphy/ptII/ptolemy/domains/de/test/auto/Modal5.xml (RunModel)" time="0.031" />
  <testcase classname="ptolemy.util.test.junit.AutoTests" name="[41] /home/travis/build/icyphy/ptII/ptolemy/domains/de/test/auto/Modal6.xml (RunModel)" time="0.027" />
  <testcase classname="ptolemy.util.test.junit.AutoTests" name="[42] /home/travis/build/icyphy/ptII/ptolemy/domains/de/test/auto/Modal7.xml (RunModel)" time="0.03" />
  <testcase classname="ptolemy.util.test.junit.AutoTests" name="[43] /home/travis/build/icyphy/ptII/ptolemy/domains/de/test/auto/ModalModel.xml (RunModel)" time="0.167" />
  <testcase classname="ptolemy.util.test.junit.AutoTests" name="[44] /home/travis/build/icyphy/ptII/ptolemy/domains/de/test/auto/ModalSource.xml (RunModel)" time="0.016" />
  <testcase classname="ptolemy.util.test.junit.AutoTests" name="[45] /home/travis/build/icyphy/ptII/ptolemy/domains/de/test/auto/NonInterruptibleTimerZeroDelay.xml (RunModel)" time="0.008" />
  <testcase classname="ptolemy.util.test.junit.AutoTests" name="[46] /home/travis/build/icyphy/ptII/ptolemy/domains/de/test/auto/OpenQueueingNetwork.xml (RunModel)" time="2.188" />
  <testcase classname="ptolemy.util.test.junit.AutoTests" name="[47] /home/travis/build/icyphy/ptII/ptolemy/domains/de/test/auto/OpenQueuingNetwork.xml (RunModel)" time="0.272" />
  <testcase classname="ptolemy.util.test.junit.AutoTests" name="[48] /home/travis/build/icyphy/ptII/ptolemy/domains/de/test/auto/PeriodicSampler.xml (RunModel)" time="0.012" />
  <testcase classname="ptolemy.util.test.junit.AutoTests" name="[49] /home/travis/build/icyphy/ptII/ptolemy/domains/de/test/auto/PersistentIO.xml (RunModel)" time="0.021" />
  <testcase classname="ptolemy.util.test.junit.AutoTests" name="[50] /home/travis/build/icyphy/ptII/ptolemy/domains/de/test/auto/PortParameterResetOnInitialize.xml (RunModel)" time="0.008" />
  <testcase classname="ptolemy.util.test.junit.AutoTests" name="[51] /home/travis/build/icyphy/ptII/ptolemy/domains/de/test/auto/PortParameterUpdates.xml (RunModel)" time="0.016" />
  <testcase classname="ptolemy.util.test.junit.AutoTests" name="[52] /home/travis/build/icyphy/ptII/ptolemy/domains/de/test/auto/QueueAndServer.xml (RunModel)" time="0.022" />
  <testcase classname="ptolemy.util.test.junit.AutoTests" name="[53] /home/travis/build/icyphy/ptII/ptolemy/domains/de/test/auto/Records.xml (RunModel)" time="0.019" />
  <testcase classname="ptolemy.util.test.junit.AutoTests" name="[54] /home/travis/build/icyphy/ptII/ptolemy/domains/de/test/auto/ResetTransitionWithStartTime1.xml (RunModel)" time="0.022" />
  <testcase classname="ptolemy.util.test.junit.AutoTests" name="[55] /home/travis/build/icyphy/ptII/ptolemy/domains/de/test/auto/ResetTransitionWithStartTime2.xml (RunModel)" time="0.021" />
  <testcase classname="ptolemy.util.test.junit.AutoTests" name="[56] /home/travis/build/icyphy/ptII/ptolemy/domains/de/test/auto/ResetTransitionWithStartTime3.xml (RunModel)" time="0.018" />
  <testcase classname="ptolemy.util.test.junit.AutoTests" name="[57] /home/travis/build/icyphy/ptII/ptolemy/domains/de/test/auto/ResetTransitionWithStartTime4.xml (RunModel)" time="0.018" />
  <testcase classname="ptolemy.util.test.junit.AutoTests" name="[58] /home/travis/build/icyphy/ptII/ptolemy/domains/de/test/auto/ResettableTimer1.xml (RunModel)" time="0.011" />
  <testcase classname="ptolemy.util.test.junit.AutoTests" name="[59] /home/travis/build/icyphy/ptII/ptolemy/domains/de/test/auto/ResettableTimer2.xml (RunModel)" time="0.008" />
  <testcase classname="ptolemy.util.test.junit.AutoTests" name="[60] /home/travis/build/icyphy/ptII/ptolemy/domains/de/test/auto/ResettableTimer3.xml (RunModel)" time="0.008" />
  <testcase classname="ptolemy.util.test.junit.AutoTests" name="[61] /home/travis/build/icyphy/ptII/ptolemy/domains/de/test/auto/ResettableTimer4.xml (RunModel)" time="0.008" />
  <testcase classname="ptolemy.util.test.junit.AutoTests" name="[62] /home/travis/build/icyphy/ptII/ptolemy/domains/de/test/auto/ResettableTimer5.xml (RunModel)" time="0.009" />
  <testcase classname="ptolemy.util.test.junit.AutoTests" name="[63] /home/travis/build/icyphy/ptII/ptolemy/domains/de/test/auto/ResettableTimer6.xml (RunModel)" time="0.019" />
  <testcase classname="ptolemy.util.test.junit.AutoTests" name="[64] /home/travis/build/icyphy/ptII/ptolemy/domains/de/test/auto/ServerZeroDelay.xml (RunModel)" time="0.009" />
  <testcase classname="ptolemy.util.test.junit.AutoTests" name="[65] /home/travis/build/icyphy/ptII/ptolemy/domains/de/test/auto/SmartSender.xml (RunModel)" time="3.009" />
  <testcase classname="ptolemy.util.test.junit.AutoTests" name="[66] /home/travis/build/icyphy/ptII/ptolemy/domains/de/test/auto/ThreadedComposite.xml (RunModel)" time="0.121" />
  <testcase classname="ptolemy.util.test.junit.AutoTests" name="[67] /home/travis/build/icyphy/ptII/ptolemy/domains/de/test/auto/Time.xml (RunModel)" time="0.327" />
  <testcase classname="ptolemy.util.test.junit.AutoTests" name="[68] /home/travis/build/icyphy/ptII/ptolemy/domains/de/test/auto/TimeDelayZeroDelay.xml (RunModel)" time="0.013" />
  <testcase classname="ptolemy.util.test.junit.AutoTests" name="[69] /home/travis/build/icyphy/ptII/ptolemy/domains/de/test/auto/TimerZeroDelay.xml (RunModel)" time="0.011" />
  <testcase classname="ptolemy.util.test.junit.AutoTests" name="[70] /home/travis/build/icyphy/ptII/ptolemy/domains/de/test/auto/TimingParadox.xml (RunModel)" time="0.313" />
  <testcase classname="ptolemy.util.test.junit.AutoTests" name="[71] /home/travis/build/icyphy/ptII/ptolemy/domains/de/test/auto/TransferInputs.xml (RunModel)" time="0.015" />
  <testcase classname="ptolemy.util.test.junit.AutoTests" name="[72] /home/travis/build/icyphy/ptII/ptolemy/domains/de/test/auto/TransferOutputs2.xml (RunModel)" time="0.016" />
  <testcase classname="ptolemy.util.test.junit.AutoTests" name="[73] /home/travis/build/icyphy/ptII/ptolemy/domains/de/test/auto/Trilateration.xml (RunModel)" time="10.434" />
  <testcase classname="ptolemy.util.test.junit.AutoTests" name="[74] /home/travis/build/icyphy/ptII/ptolemy/domains/de/test/auto/TwoSigmaDelta.xml (RunModel)" time="1.705" />
  <testcase classname="ptolemy.util.test.junit.AutoTests" name="[75] /home/travis/build/icyphy/ptII/ptolemy/domains/de/test/auto/VariableDelay.xml (RunModel)" time="0.02" />
  <testcase classname="ptolemy.util.test.junit.AutoTests" name="[76] /home/travis/build/icyphy/ptII/ptolemy/domains/de/test/auto/VariableDelay2.xml (RunModel)" time="0.009" />
  <testcase classname="ptolemy.util.test.junit.AutoTests" name="[77] /home/travis/build/icyphy/ptII/ptolemy/domains/de/test/auto/VariableDelayZeroDelay.xml (RunModel)" time="0.01" />
  <testcase classname="ptolemy.util.test.junit.AutoTests" name="[78] /home/travis/build/icyphy/ptII/ptolemy/domains/de/test/auto/VariableDelayZeroDelay2.xml (RunModel)" time="0.013" />
  <testcase classname="ptolemy.util.test.junit.AutoTests" name="[79] /home/travis/build/icyphy/ptII/ptolemy/domains/de/test/auto/deInCt.xml (RunModel)" time="0.015" />
  <testcase classname="ptolemy.util.test.junit.AutoTests" name="[80] /home/travis/build/icyphy/ptII/ptolemy/domains/de/test/auto/deInCt2.xml (RunModel)" time="0.017" />
  <testcase classname="ptolemy.util.test.junit.AutoTests" name="[81] /home/travis/build/icyphy/ptII/ptolemy/domains/de/test/auto/dynamicCausalityInterface1.xml (RunModel)" time="0.016" />
  <testcase classname="ptolemy.util.test.junit.AutoTests" name="[82] /home/travis/build/icyphy/ptII/ptolemy/domains/de/test/auto/fsm_de_test.xml (RunModel)" time="0.021" />
  <testcase classname="ptolemy.util.test.junit.AutoTests" name="[83] /home/travis/build/icyphy/ptII/ptolemy/domains/de/test/auto/functionDependencyReconstruction.xml (RunModel)" time="0.027" />
  <testcase classname="ptolemy.util.test.junit.AutoTests" name="[84] /home/travis/build/icyphy/ptII/ptolemy/domains/de/test/auto/multirate.xml (RunModel)" time="0.015" />
  <testcase classname="ptolemy.util.test.junit.AutoTests" name="[85] /home/travis/build/icyphy/ptII/ptolemy/domains/de/test/auto/multirate2.xml (RunModel)" time="0.023" />
  <testcase classname="ptolemy.util.test.junit.AutoTests" name="[86] /home/travis/build/icyphy/ptII/ptolemy/domains/de/test/auto/realtime.xml (RunModel)" time="10.009" />
  <testcase classname="ptolemy.util.test.junit.AutoTests" name="[87] /home/travis/build/icyphy/ptII/ptolemy/domains/de/test/auto/relationGroup.xml (RunModel)" time="0.01" />
  <testcase classname="ptolemy.util.test.junit.AutoTests" name="[88] /home/travis/build/icyphy/ptII/ptolemy/domains/de/test/auto/relationGroup2.xml (RunModel)" time="0.008" />
  <testcase classname="ptolemy.util.test.junit.AutoTests" name="[89] /home/travis/build/icyphy/ptII/ptolemy/domains/de/test/auto/sortWithOpaquePorts.xml (RunModel)" time="0.01" />
  <testcase classname="ptolemy.util.test.junit.AutoTests" name="[90] /home/travis/build/icyphy/ptII/ptolemy/domains/de/test/auto/transferInputsandOutputs.xml (RunModel)" time="0.016" />
  <testcase classname="ptolemy.util.test.junit.AutoTests" name="[91] /home/travis/build/icyphy/ptII/ptolemy/domains/de/test/auto/triggerType.xml (RunModel)" time="0.011" />
  <system-out><![CDATA[/home/travis/build/icyphy/ptII/ptolemy/domains/de/test/DependencyLoop.tcl
testDefs.tcl: setting time out to 9000 seconds at Wed Jun 10 14:37:50 UTC 2020
84 ms. Memory: 129024K Free: 78792K (61%)
22 ms. Memory: 129024K Free: 61384K (48%)
/home/travis/build/icyphy/ptII/ptolemy/domains/de/test/RunDETestsAsQSS.tcl
Run the DE tests using ptolemy.domains.qss.test.QSSDirectorTest, which extends QSSDirector and prints a message in the constructors.
------------------ testing $PTII/ptolemy/domains/de/test/auto/knownFailedTests/DirectFeedback.xml (Known Failure) 
45 ms. Memory: 129024K Free: 56264K (44%)


==== $PTIIhome/travis/build/icyphy/ptII/ptolemy/domains/de/test/../../../../: Auto Automatic test in file $PTII/ptolemy/domains/de/test/auto/knownFailedTests/DirectFeedback.xml
==== Contents of test case:

	    # FIXME: we should use $relativeFilename here, but it
	    # might have backslashes under Windows, which causes no end
	    # of trouble.
	    createAndExecute $file
	    list {}
	
.... Test generated KNOWN error:
    while executing
ptolemy.kernel.util.IllegalActionException: Test fails in iteration 1.
Value was: 1.0. Should have been: 2.0
  in .DirectFeedback.Test
	at ptolemy.actor.lib.Test.fire(Test.java:268)
	at ptolemy.domains.de.kernel.DEDirector._fire(DEDirector.java:1949)
	at ptolemy.domains.de.kernel.DEDirector.fire(DEDirector.java:502)
	at ptolemy.actor.CompositeActor.fire(CompositeActor.java:455)
	at ptolemy.actor.Manager.iterate(Manager.java:851)
	at ptolemy.actor.Manager.execute(Manager.java:369)
	at ptolemy.actor.Manager.run(Manager.java:1263)
	at ptolemy.actor.Manager$PtolemyRunThread.run(Manager.java:1933)

    while executing
ptolemy.kernel.util.IllegalActionException: Test fails in iteration 1.
Value was: 1.0. Should have been: 2.0
  in .DirectFeedback.Test
    while executing
"java::new ptolemy.moml.MoMLSimpleApplication $file
"
    (procedure "createAndExecute" line 2)
    invoked from within
"createAndExecute $file"
    ("uplevel" body line 5)
    invoked from within
"uplevel $contents_of_test"
------------------ testing $PTII/ptolemy/domains/de/test/auto/knownFailedTests/dependencyLoop.xml (Known Failure) 
14 ms. Memory: 129024K Free: 53192K (41%)


==== $PTIIhome/travis/build/icyphy/ptII/ptolemy/domains/de/test/../../../../: Auto Automatic test in file $PTII/ptolemy/domains/de/test/auto/knownFailedTests/dependencyLoop.xml
==== Contents of test case:

	    # FIXME: we should use $relativeFilename here, but it
	    # might have backslashes under Windows, which causes no end
	    # of trouble.
	    createAndExecute $file
	    list {}
	
.... Test generated KNOWN error:
    while executing
ptolemy.kernel.util.IllegalActionException: Found a zero delay loop containing .dependencyLoop.original
  in .dependencyLoop and .dependencyLoop.original
	at ptolemy.actor.util.CausalityInterfaceForComposites._computeOutputPortDepth(CausalityInterfaceForComposites.java:759)
	at ptolemy.actor.util.CausalityInterfaceForComposites._computeInputDepth(CausalityInterfaceForComposites.java:696)
	at ptolemy.actor.util.CausalityInterfaceForComposites._computeOutputPortDepth(CausalityInterfaceForComposites.java:765)
	at ptolemy.actor.util.CausalityInterfaceForComposites._computeInputDepth(CausalityInterfaceForComposites.java:696)
	at ptolemy.actor.util.CausalityInterfaceForComposites._computeOutputPortDepth(CausalityInterfaceForComposites.java:765)
	at ptolemy.actor.util.CausalityInterfaceForComposites._computeInputDepth(CausalityInterfaceForComposites.java:696)
	at ptolemy.actor.util.CausalityInterfaceForComposites._computeActorDepth(CausalityInterfaceForComposites.java:532)
	at ptolemy.actor.util.CausalityInterfaceForComposites.checkForCycles(CausalityInterfaceForComposites.java:96)
	at ptolemy.domains.de.kernel.DEDirector.preinitialize(DEDirector.java:1338)
	at ptolemy.actor.CompositeActor.preinitialize(CompositeActor.java:1828)
	at ptolemy.actor.Manager.preinitializeAndResolveTypes(Manager.java:1040)
	at ptolemy.actor.Manager.initialize(Manager.java:710)
	at ptolemy.actor.Manager.execute(Manager.java:356)
	at ptolemy.actor.Manager.run(Manager.java:1263)
	at ptolemy.actor.Manager$PtolemyRunThread.run(Manager.java:1933)

    while executing
ptolemy.kernel.util.IllegalActionException: Found a zero delay loop containing .dependencyLoop.original
  in .dependencyLoop and .dependencyLoop.original
    while executing
"java::new ptolemy.moml.MoMLSimpleApplication $file
"
    (procedure "createAndExecute" line 2)
    invoked from within
"createAndExecute $file"
    ("uplevel" body line 5)
    invoked from within
"uplevel $contents_of_test"
------------------ testing $PTII/ptolemy/domains/de/test/auto/knownFailedTests/FSMSource.xml (Known Failure) 
35 ms. Memory: 129024K Free: 111677K (87%)
!!!! Auto was marked as failing, but now passes
------------------ testing $PTII/ptolemy/domains/de/test/auto/knownFailedTests/HierarchicalModel.xml (Known Failure) 
11 ms. Memory: 129024K Free: 94237K (73%)


==== $PTIIhome/travis/build/icyphy/ptII/ptolemy/domains/de/test/../../../../: Auto Automatic test in file $PTII/ptolemy/domains/de/test/auto/knownFailedTests/HierarchicalModel.xml
==== Contents of test case:

	    # FIXME: we should use $relativeFilename here, but it
	    # might have backslashes under Windows, which causes no end
	    # of trouble.
	    createAndExecute $file
	    list {}
	
.... Test generated KNOWN error:
    while executing
ptolemy.kernel.util.IllegalActionException: Found a zero delay loop containing .HierarchicalModel.A
  in .HierarchicalModel and .HierarchicalModel.A
	at ptolemy.actor.util.CausalityInterfaceForComposites._computeOutputPortDepth(CausalityInterfaceForComposites.java:759)
	at ptolemy.actor.util.CausalityInterfaceForComposites._computeInputDepth(CausalityInterfaceForComposites.java:696)
	at ptolemy.actor.util.CausalityInterfaceForComposites._computeOutputPortDepth(CausalityInterfaceForComposites.java:765)
	at ptolemy.actor.util.CausalityInterfaceForComposites._computeInputDepth(CausalityInterfaceForComposites.java:696)
	at ptolemy.actor.util.CausalityInterfaceForComposites._computeOutputPortDepth(CausalityInterfaceForComposites.java:765)
	at ptolemy.actor.util.CausalityInterfaceForComposites._computeInputDepth(CausalityInterfaceForComposites.java:696)
	at ptolemy.actor.util.CausalityInterfaceForComposites._computeActorDepth(CausalityInterfaceForComposites.java:532)
	at ptolemy.actor.util.CausalityInterfaceForComposites.checkForCycles(CausalityInterfaceForComposites.java:96)
	at ptolemy.domains.de.kernel.DEDirector.preinitialize(DEDirector.java:1338)
	at ptolemy.actor.CompositeActor.preinitialize(CompositeActor.java:1828)
	at ptolemy.actor.Manager.preinitializeAndResolveTypes(Manager.java:1040)
	at ptolemy.actor.Manager.initialize(Manager.java:710)
	at ptolemy.actor.Manager.execute(Manager.java:356)
	at ptolemy.actor.Manager.run(Manager.java:1263)
	at ptolemy.actor.Manager$PtolemyRunThread.run(Manager.java:1933)

    while executing
ptolemy.kernel.util.IllegalActionException: Found a zero delay loop containing .HierarchicalModel.A
  in .HierarchicalModel and .HierarchicalModel.A
    while executing
"java::new ptolemy.moml.MoMLSimpleApplication $file
"
    (procedure "createAndExecute" line 2)
    invoked from within
"createAndExecute $file"
    ("uplevel" body line 5)
    invoked from within
"uplevel $contents_of_test"
------------------ testing $PTII/ptolemy/domains/de/test/auto/knownFailedTests/dependencyLoop2.xml (Known Failure) 
10 ms. Memory: 129024K Free: 78209K (61%)


==== $PTIIhome/travis/build/icyphy/ptII/ptolemy/domains/de/test/../../../../: Auto Automatic test in file $PTII/ptolemy/domains/de/test/auto/knownFailedTests/dependencyLoop2.xml
==== Contents of test case:

	    # FIXME: we should use $relativeFilename here, but it
	    # might have backslashes under Windows, which causes no end
	    # of trouble.
	    createAndExecute $file
	    list {}
	
.... Test generated KNOWN error:
    while executing
ptolemy.kernel.util.IllegalActionException: Found a zero delay loop containing .dependencyLoop2.original
  in .dependencyLoop2 and .dependencyLoop2.original
	at ptolemy.actor.util.CausalityInterfaceForComposites._computeOutputPortDepth(CausalityInterfaceForComposites.java:759)
	at ptolemy.actor.util.CausalityInterfaceForComposites._computeInputDepth(CausalityInterfaceForComposites.java:696)
	at ptolemy.actor.util.CausalityInterfaceForComposites._computeOutputPortDepth(CausalityInterfaceForComposites.java:765)
	at ptolemy.actor.util.CausalityInterfaceForComposites._computeInputDepth(CausalityInterfaceForComposites.java:696)
	at ptolemy.actor.util.CausalityInterfaceForComposites._computeOutputPortDepth(CausalityInterfaceForComposites.java:765)
	at ptolemy.actor.util.CausalityInterfaceForComposites._computeInputDepth(CausalityInterfaceForComposites.java:696)
	at ptolemy.actor.util.CausalityInterfaceForComposites._computeActorDepth(CausalityInterfaceForComposites.java:532)
	at ptolemy.actor.util.CausalityInterfaceForComposites.checkForCycles(CausalityInterfaceForComposites.java:96)
	at ptolemy.domains.de.kernel.DEDirector.preinitialize(DEDirector.java:1338)
	at ptolemy.actor.CompositeActor.preinitialize(CompositeActor.java:1828)
	at ptolemy.actor.Manager.preinitializeAndResolveTypes(Manager.java:1040)
	at ptolemy.actor.Manager.initialize(Manager.java:710)
	at ptolemy.actor.Manager.execute(Manager.java:356)
	at ptolemy.actor.Manager.run(Manager.java:1263)
	at ptolemy.actor.Manager$PtolemyRunThread.run(Manager.java:1933)

    while executing
ptolemy.kernel.util.IllegalActionException: Found a zero delay loop containing .dependencyLoop2.original
  in .dependencyLoop2 and .dependencyLoop2.original
    while executing
"java::new ptolemy.moml.MoMLSimpleApplication $file
"
    (procedure "createAndExecute" line 2)
    invoked from within
"createAndExecute $file"
    ("uplevel" body line 5)
    invoked from within
"uplevel $contents_of_test"
------------------ testing $PTII/ptolemy/domains/de/test/auto/knownFailedTests/DESDFClockTest.xml (Known Failure) 
2060 ms. Memory: 129024K Free: 109728K (85%)


==== $PTIIhome/travis/build/icyphy/ptII/ptolemy/domains/de/test/../../../../: Auto Automatic test in file $PTII/ptolemy/domains/de/test/auto/knownFailedTests/DESDFClockTest.xml
==== Contents of test case:

	    # FIXME: we should use $relativeFilename here, but it
	    # might have backslashes under Windows, which causes no end
	    # of trouble.
	    createAndExecute $file
	    list {}
	
.... Test generated KNOWN error:
    while executing
ptolemy.kernel.util.IllegalActionException: Actor is not ready to fire.  Perhaps UpSample.prefire() returned false? Try debugging the actor by selecting "Listen to Actor".  Also, for SDF check moml for tokenConsumptionRate on input.
  in .DESDFClockTest.Play Bell.Copy1:SDF Director and .DESDFClockTest.Play Bell.UpSample
	at ptolemy.actor.sched.StaticSchedulingDirector.fire(StaticSchedulingDirector.java:227)
	at ptolemy.domains.sdf.kernel.SDFDirector.fire(SDFDirector.java:500)
	at ptolemy.actor.CompositeActor.fire(CompositeActor.java:455)
	at ptolemy.domains.de.kernel.DEDirector._fire(DEDirector.java:1949)
	at ptolemy.domains.de.kernel.DEDirector.fire(DEDirector.java:502)
	at ptolemy.actor.CompositeActor.fire(CompositeActor.java:455)
	at ptolemy.actor.Manager.iterate(Manager.java:851)
	at ptolemy.actor.Manager.execute(Manager.java:369)
	at ptolemy.actor.Manager.run(Manager.java:1263)
	at ptolemy.actor.Manager$PtolemyRunThread.run(Manager.java:1933)

    while executing
ptolemy.kernel.util.IllegalActionException: Actor is not ready to fire.  Perhaps UpSample.prefire() returned false? Try debugging the actor by selecting "Listen to Actor".  Also, for SDF check moml for tokenConsumptionRate on input.
  in .DESDFClockTest.Play Bell.Copy1:SDF Director and .DESDFClockTest.Play Bell.UpSample
    while executing
"java::new ptolemy.moml.MoMLSimpleApplication $file
"
    (procedure "createAndExecute" line 2)
    invoked from within
"createAndExecute $file"
    ("uplevel" body line 5)
    invoked from within
"uplevel $contents_of_test"
------------------ testing $PTII/ptolemy/domains/de/test/auto/ActorDepthCalculation_actorWithoutPorts.xml
auto.tcl: Setting watchdog for 200 seconds at Wed Jun 10 14:37:54 UTC 2020
4 ms. Memory: 129024K Free: 101522K (79%)
ptolemy.util.test.WatchDog.cancel(): canceling Wed Jun 10 14:37:54 UTC 2020
auto.tcl: Setting watchdog for 200 seconds at Wed Jun 10 14:37:54 UTC 2020
4 ms. Memory: 129024K Free: 100498K (78%)
ptolemy.util.test.WatchDog.cancel(): canceling Wed Jun 10 14:37:54 UTC 2020
------------------ testing $PTII/ptolemy/domains/de/test/auto/AssemblyLine.xml
auto.tcl: Setting watchdog for 200 seconds at Wed Jun 10 14:37:54 UTC 2020
16 ms. Memory: 51200K Free: 28178K (55%)
ptolemy.util.test.WatchDog.cancel(): canceling Wed Jun 10 14:37:54 UTC 2020
auto.tcl: Setting watchdog for 200 seconds at Wed Jun 10 14:37:54 UTC 2020
6 ms. Memory: 51200K Free: 27277K (53%)
ptolemy.util.test.WatchDog.cancel(): canceling Wed Jun 10 14:37:54 UTC 2020
------------------ testing $PTII/ptolemy/domains/de/test/auto/CQBug1.xml
auto.tcl: Setting watchdog for 200 seconds at Wed Jun 10 14:37:54 UTC 2020
8 ms. Memory: 51200K Free: 33232K (65%)
ptolemy.util.test.WatchDog.cancel(): canceling Wed Jun 10 14:37:54 UTC 2020
auto.tcl: Setting watchdog for 200 seconds at Wed Jun 10 14:37:54 UTC 2020
2 ms. Memory: 51200K Free: 32797K (64%)
ptolemy.util.test.WatchDog.cancel(): canceling Wed Jun 10 14:37:54 UTC 2020
------------------ testing $PTII/ptolemy/domains/de/test/auto/CancelFireAt.xml
auto.tcl: Setting watchdog for 200 seconds at Wed Jun 10 14:37:54 UTC 2020
2 ms. Memory: 51200K Free: 34473K (67%)
ptolemy.util.test.WatchDog.cancel(): canceling Wed Jun 10 14:37:54 UTC 2020
auto.tcl: Setting watchdog for 200 seconds at Wed Jun 10 14:37:54 UTC 2020
2 ms. Memory: 51200K Free: 33997K (66%)
ptolemy.util.test.WatchDog.cancel(): canceling Wed Jun 10 14:37:54 UTC 2020
------------------ testing $PTII/ptolemy/domains/de/test/auto/CausalityAndComposabilityAnalysis.xml
auto.tcl: Setting watchdog for 200 seconds at Wed Jun 10 14:37:54 UTC 2020
11 ms. Memory: 51200K Free: 32712K (64%)
ptolemy.util.test.WatchDog.cancel(): canceling Wed Jun 10 14:37:54 UTC 2020
auto.tcl: Setting watchdog for 200 seconds at Wed Jun 10 14:37:54 UTC 2020
4 ms. Memory: 51200K Free: 31956K (62%)
ptolemy.util.test.WatchDog.cancel(): canceling Wed Jun 10 14:37:54 UTC 2020
------------------ testing $PTII/ptolemy/domains/de/test/auto/CausalityInterface1.xml
auto.tcl: Setting watchdog for 200 seconds at Wed Jun 10 14:37:54 UTC 2020
29 ms. Memory: 51200K Free: 31359K (61%)
ptolemy.util.test.WatchDog.cancel(): canceling Wed Jun 10 14:37:54 UTC 2020
auto.tcl: Setting watchdog for 200 seconds at Wed Jun 10 14:37:54 UTC 2020
5 ms. Memory: 51200K Free: 30396K (59%)
ptolemy.util.test.WatchDog.cancel(): canceling Wed Jun 10 14:37:54 UTC 2020
------------------ testing $PTII/ptolemy/domains/de/test/auto/CausalityInterface15.xml
auto.tcl: Setting watchdog for 200 seconds at Wed Jun 10 14:37:54 UTC 2020
6 ms. Memory: 51200K Free: 31275K (61%)
ptolemy.util.test.WatchDog.cancel(): canceling Wed Jun 10 14:37:54 UTC 2020
auto.tcl: Setting watchdog for 200 seconds at Wed Jun 10 14:37:54 UTC 2020
5 ms. Memory: 51200K Free: 30323K (59%)
ptolemy.util.test.WatchDog.cancel(): canceling Wed Jun 10 14:37:54 UTC 2020
------------------ testing $PTII/ptolemy/domains/de/test/auto/CausalityInterface2.xml
auto.tcl: Setting watchdog for 200 seconds at Wed Jun 10 14:37:55 UTC 2020
4 ms. Memory: 51200K Free: 31883K (62%)
ptolemy.util.test.WatchDog.cancel(): canceling Wed Jun 10 14:37:55 UTC 2020
auto.tcl: Setting watchdog for 200 seconds at Wed Jun 10 14:37:55 UTC 2020
3 ms. Memory: 51200K Free: 31256K (61%)
ptolemy.util.test.WatchDog.cancel(): canceling Wed Jun 10 14:37:55 UTC 2020
------------------ testing $PTII/ptolemy/domains/de/test/auto/CausalityInterface3.xml
auto.tcl: Setting watchdog for 200 seconds at Wed Jun 10 14:37:55 UTC 2020
4 ms. Memory: 51200K Free: 31463K (61%)
ptolemy.util.test.WatchDog.cancel(): canceling Wed Jun 10 14:37:55 UTC 2020
auto.tcl: Setting watchdog for 200 seconds at Wed Jun 10 14:37:55 UTC 2020
2 ms. Memory: 51200K Free: 30976K (61%)
ptolemy.util.test.WatchDog.cancel(): canceling Wed Jun 10 14:37:55 UTC 2020
------------------ testing $PTII/ptolemy/domains/de/test/auto/ClockDrift.xml
auto.tcl: Setting watchdog for 200 seconds at Wed Jun 10 14:37:55 UTC 2020
55 ms. Memory: 51200K Free: 24025K (47%)
ptolemy.util.test.WatchDog.cancel(): canceling Wed Jun 10 14:37:55 UTC 2020
auto.tcl: Setting watchdog for 200 seconds at Wed Jun 10 14:37:55 UTC 2020
45 ms. Memory: 51200K Free: 21014K (41%)
ptolemy.util.test.WatchDog.cancel(): canceling Wed Jun 10 14:37:55 UTC 2020
------------------ testing $PTII/ptolemy/domains/de/test/auto/ClockDriftAndValueChange.xml
auto.tcl: Setting watchdog for 200 seconds at Wed Jun 10 14:37:55 UTC 2020
35 ms. Memory: 51200K Free: 23874K (47%)
ptolemy.util.test.WatchDog.cancel(): canceling Wed Jun 10 14:37:55 UTC 2020
auto.tcl: Setting watchdog for 200 seconds at Wed Jun 10 14:37:55 UTC 2020
27 ms. Memory: 51200K Free: 20885K (41%)
ptolemy.util.test.WatchDog.cancel(): canceling Wed Jun 10 14:37:55 UTC 2020
------------------ testing $PTII/ptolemy/domains/de/test/auto/ClockDriftChange.xml
auto.tcl: Setting watchdog for 200 seconds at Wed Jun 10 14:37:55 UTC 2020
19 ms. Memory: 51200K Free: 25943K (51%)
ptolemy.util.test.WatchDog.cancel(): canceling Wed Jun 10 14:37:55 UTC 2020
auto.tcl: Setting watchdog for 200 seconds at Wed Jun 10 14:37:55 UTC 2020
18 ms. Memory: 51200K Free: 23578K (46%)
ptolemy.util.test.WatchDog.cancel(): canceling Wed Jun 10 14:37:55 UTC 2020
------------------ testing $PTII/ptolemy/domains/de/test/auto/ComposableCausalityAnalysis.xml
auto.tcl: Setting watchdog for 200 seconds at Wed Jun 10 14:37:55 UTC 2020
2 ms. Memory: 51200K Free: 30783K (60%)
ptolemy.util.test.WatchDog.cancel(): canceling Wed Jun 10 14:37:55 UTC 2020
auto.tcl: Setting watchdog for 200 seconds at Wed Jun 10 14:37:55 UTC 2020
5 ms. Memory: 51200K Free: 29707K (58%)
ptolemy.util.test.WatchDog.cancel(): canceling Wed Jun 10 14:37:55 UTC 2020
------------------ testing $PTII/ptolemy/domains/de/test/auto/DEFixedPointLimitation.xml
auto.tcl: Setting watchdog for 200 seconds at Wed Jun 10 14:37:55 UTC 2020
2 ms. Memory: 51200K Free: 32123K (63%)
ptolemy.util.test.WatchDog.cancel(): canceling Wed Jun 10 14:37:55 UTC 2020
auto.tcl: Setting watchdog for 200 seconds at Wed Jun 10 14:37:55 UTC 2020
1 ms. Memory: 51200K Free: 31263K (61%)
ptolemy.util.test.WatchDog.cancel(): canceling Wed Jun 10 14:37:55 UTC 2020
------------------ testing $PTII/ptolemy/domains/de/test/auto/DEScheduleTest.xml
auto.tcl: Setting watchdog for 200 seconds at Wed Jun 10 14:37:55 UTC 2020
3 ms. Memory: 51200K Free: 32486K (63%)
ptolemy.util.test.WatchDog.cancel(): canceling Wed Jun 10 14:37:55 UTC 2020
auto.tcl: Setting watchdog for 200 seconds at Wed Jun 10 14:37:55 UTC 2020
2 ms. Memory: 51200K Free: 31730K (62%)
ptolemy.util.test.WatchDog.cancel(): canceling Wed Jun 10 14:37:55 UTC 2020
------------------ testing $PTII/ptolemy/domains/de/test/auto/DEinDEwithStartTimes.xml
auto.tcl: Setting watchdog for 200 seconds at Wed Jun 10 14:37:55 UTC 2020
5 ms. Memory: 51200K Free: 30657K (60%)
ptolemy.util.test.WatchDog.cancel(): canceling Wed Jun 10 14:37:55 UTC 2020
auto.tcl: Setting watchdog for 200 seconds at Wed Jun 10 14:37:55 UTC 2020
3 ms. Memory: 51200K Free: 29633K (58%)
ptolemy.util.test.WatchDog.cancel(): canceling Wed Jun 10 14:37:55 UTC 2020
------------------ testing $PTII/ptolemy/domains/de/test/auto/DEinDEwithStartTimes2.xml
auto.tcl: Setting watchdog for 200 seconds at Wed Jun 10 14:37:55 UTC 2020
4 ms. Memory: 51200K Free: 29757K (58%)
ptolemy.util.test.WatchDog.cancel(): canceling Wed Jun 10 14:37:55 UTC 2020
auto.tcl: Setting watchdog for 200 seconds at Wed Jun 10 14:37:55 UTC 2020
4 ms. Memory: 51200K Free: 28588K (56%)
ptolemy.util.test.WatchDog.cancel(): canceling Wed Jun 10 14:37:55 UTC 2020
------------------ testing $PTII/ptolemy/domains/de/test/auto/DateDemo.xml
auto.tcl: Setting watchdog for 200 seconds at Wed Jun 10 14:37:55 UTC 2020
21 ms. Memory: 51200K Free: 23934K (47%)
ptolemy.util.test.WatchDog.cancel(): canceling Wed Jun 10 14:37:56 UTC 2020
auto.tcl: Setting watchdog for 200 seconds at Wed Jun 10 14:37:56 UTC 2020
6 ms. Memory: 51200K Free: 22552K (44%)
ptolemy.util.test.WatchDog.cancel(): canceling Wed Jun 10 14:37:56 UTC 2020
------------------ testing $PTII/ptolemy/domains/de/test/auto/DateToEvent.xml
auto.tcl: Setting watchdog for 200 seconds at Wed Jun 10 14:37:56 UTC 2020
2023 ms. Memory: 51200K Free: 20150K (39%)
ptolemy.util.test.WatchDog.cancel(): canceling Wed Jun 10 14:37:58 UTC 2020
auto.tcl: Setting watchdog for 200 seconds at Wed Jun 10 14:37:58 UTC 2020
2004 ms. Memory: 51200K Free: 19293K (38%)
ptolemy.util.test.WatchDog.cancel(): canceling Wed Jun 10 14:38:00 UTC 2020
------------------ testing $PTII/ptolemy/domains/de/test/auto/DepthTest1.xml
auto.tcl: Setting watchdog for 200 seconds at Wed Jun 10 14:38:00 UTC 2020
4 ms. Memory: 51200K Free: 33326K (65%)
ptolemy.util.test.WatchDog.cancel(): canceling Wed Jun 10 14:38:00 UTC 2020
auto.tcl: Setting watchdog for 200 seconds at Wed Jun 10 14:38:00 UTC 2020
2 ms. Memory: 51200K Free: 32838K (64%)
ptolemy.util.test.WatchDog.cancel(): canceling Wed Jun 10 14:38:00 UTC 2020
------------------ testing $PTII/ptolemy/domains/de/test/auto/DepthTest2.xml
auto.tcl: Setting watchdog for 200 seconds at Wed Jun 10 14:38:00 UTC 2020
3 ms. Memory: 51200K Free: 30100K (59%)
ptolemy.util.test.WatchDog.cancel(): canceling Wed Jun 10 14:38:00 UTC 2020
auto.tcl: Setting watchdog for 200 seconds at Wed Jun 10 14:38:00 UTC 2020
1 ms. Memory: 51200K Free: 29625K (58%)
ptolemy.util.test.WatchDog.cancel(): canceling Wed Jun 10 14:38:00 UTC 2020
------------------ testing $PTII/ptolemy/domains/de/test/auto/DepthTest3.xml
auto.tcl: Setting watchdog for 200 seconds at Wed Jun 10 14:38:00 UTC 2020
2 ms. Memory: 51200K Free: 33656K (66%)
ptolemy.util.test.WatchDog.cancel(): canceling Wed Jun 10 14:38:00 UTC 2020
auto.tcl: Setting watchdog for 200 seconds at Wed Jun 10 14:38:00 UTC 2020
2 ms. Memory: 51200K Free: 33166K (65%)
ptolemy.util.test.WatchDog.cancel(): canceling Wed Jun 10 14:38:00 UTC 2020
------------------ testing $PTII/ptolemy/domains/de/test/auto/DepthTest4.xml
auto.tcl: Setting watchdog for 200 seconds at Wed Jun 10 14:38:00 UTC 2020
6 ms. Memory: 51200K Free: 31869K (62%)
ptolemy.util.test.WatchDog.cancel(): canceling Wed Jun 10 14:38:00 UTC 2020
auto.tcl: Setting watchdog for 200 seconds at Wed Jun 10 14:38:00 UTC 2020
2 ms. Memory: 51200K Free: 30772K (60%)
ptolemy.util.test.WatchDog.cancel(): canceling Wed Jun 10 14:38:00 UTC 2020
------------------ testing $PTII/ptolemy/domains/de/test/auto/DepthTest5.xml
auto.tcl: Setting watchdog for 200 seconds at Wed Jun 10 14:38:00 UTC 2020
7 ms. Memory: 51200K Free: 31321K (61%)
ptolemy.util.test.WatchDog.cancel(): canceling Wed Jun 10 14:38:00 UTC 2020
auto.tcl: Setting watchdog for 200 seconds at Wed Jun 10 14:38:00 UTC 2020
3 ms. Memory: 51200K Free: 30588K (60%)
ptolemy.util.test.WatchDog.cancel(): canceling Wed Jun 10 14:38:00 UTC 2020
------------------ testing $PTII/ptolemy/domains/de/test/auto/DepthTest6.xml
auto.tcl: Setting watchdog for 200 seconds at Wed Jun 10 14:38:00 UTC 2020
3 ms. Memory: 51200K Free: 30773K (60%)
ptolemy.util.test.WatchDog.cancel(): canceling Wed Jun 10 14:38:00 UTC 2020
auto.tcl: Setting watchdog for 200 seconds at Wed Jun 10 14:38:00 UTC 2020
3 ms. Memory: 51200K Free: 30090K (59%)
ptolemy.util.test.WatchDog.cancel(): canceling Wed Jun 10 14:38:00 UTC 2020
------------------ testing $PTII/ptolemy/domains/de/test/auto/DepthTest7.xml
auto.tcl: Setting watchdog for 200 seconds at Wed Jun 10 14:38:00 UTC 2020
2 ms. Memory: 51200K Free: 31794K (62%)
ptolemy.util.test.WatchDog.cancel(): canceling Wed Jun 10 14:38:00 UTC 2020
auto.tcl: Setting watchdog for 200 seconds at Wed Jun 10 14:38:00 UTC 2020
2 ms. Memory: 51200K Free: 31126K (61%)
ptolemy.util.test.WatchDog.cancel(): canceling Wed Jun 10 14:38:00 UTC 2020
------------------ testing $PTII/ptolemy/domains/de/test/auto/EventToDate.xml
auto.tcl: Setting watchdog for 200 seconds at Wed Jun 10 14:38:00 UTC 2020
3006 ms. Memory: 51200K Free: 22544K (44%)
ptolemy.util.test.WatchDog.cancel(): canceling Wed Jun 10 14:38:03 UTC 2020
auto.tcl: Setting watchdog for 200 seconds at Wed Jun 10 14:38:03 UTC 2020
3005 ms. Memory: 51200K Free: 21945K (43%)
ptolemy.util.test.WatchDog.cancel(): canceling Wed Jun 10 14:38:06 UTC 2020
------------------ testing $PTII/ptolemy/domains/de/test/auto/FSM1.xml
auto.tcl: Setting watchdog for 200 seconds at Wed Jun 10 14:38:06 UTC 2020
30 ms. Memory: 51200K Free: 23289K (45%)
ptolemy.util.test.WatchDog.cancel(): canceling Wed Jun 10 14:38:06 UTC 2020
auto.tcl: Setting watchdog for 200 seconds at Wed Jun 10 14:38:06 UTC 2020
22 ms. Memory: 51200K Free: 20134K (39%)
ptolemy.util.test.WatchDog.cancel(): canceling Wed Jun 10 14:38:06 UTC 2020
------------------ testing $PTII/ptolemy/domains/de/test/auto/FSM7.xml
auto.tcl: Setting watchdog for 200 seconds at Wed Jun 10 14:38:06 UTC 2020
28 ms. Memory: 51200K Free: 23765K (46%)
ptolemy.util.test.WatchDog.cancel(): canceling Wed Jun 10 14:38:07 UTC 2020
auto.tcl: Setting watchdog for 200 seconds at Wed Jun 10 14:38:07 UTC 2020
20 ms. Memory: 51200K Free: 20413K (40%)
ptolemy.util.test.WatchDog.cancel(): canceling Wed Jun 10 14:38:07 UTC 2020
------------------ testing $PTII/ptolemy/domains/de/test/auto/Inspection.xml
auto.tcl: Setting watchdog for 200 seconds at Wed Jun 10 14:38:07 UTC 2020
21 ms. Memory: 51200K Free: 23548K (46%)
ptolemy.util.test.WatchDog.cancel(): canceling Wed Jun 10 14:38:07 UTC 2020
auto.tcl: Setting watchdog for 200 seconds at Wed Jun 10 14:38:07 UTC 2020
17 ms. Memory: 51200K Free: 21853K (43%)
ptolemy.util.test.WatchDog.cancel(): canceling Wed Jun 10 14:38:07 UTC 2020
------------------ testing $PTII/ptolemy/domains/de/test/auto/Iteration.xml
auto.tcl: Setting watchdog for 200 seconds at Wed Jun 10 14:38:07 UTC 2020
8 ms. Memory: 51200K Free: 29083K (57%)
ptolemy.util.test.WatchDog.cancel(): canceling Wed Jun 10 14:38:07 UTC 2020
auto.tcl: Setting watchdog for 200 seconds at Wed Jun 10 14:38:07 UTC 2020
6 ms. Memory: 51200K Free: 27894K (54%)
ptolemy.util.test.WatchDog.cancel(): canceling Wed Jun 10 14:38:07 UTC 2020
------------------ testing $PTII/ptolemy/domains/de/test/auto/LineFault.xml
auto.tcl: Setting watchdog for 200 seconds at Wed Jun 10 14:38:07 UTC 2020
582 ms. Memory: 51200K Free: 17020K (33%)
ptolemy.util.test.WatchDog.cancel(): canceling Wed Jun 10 14:38:08 UTC 2020
auto.tcl: Setting watchdog for 200 seconds at Wed Jun 10 14:38:08 UTC 2020
556 ms. Memory: 70656K Free: 53044K (75%)
ptolemy.util.test.WatchDog.cancel(): canceling Wed Jun 10 14:38:08 UTC 2020
------------------ testing $PTII/ptolemy/domains/de/test/auto/MergeModel1Add.xml
auto.tcl: Setting watchdog for 200 seconds at Wed Jun 10 14:38:08 UTC 2020
15 ms. Memory: 55296K Free: 19423K (35%)
ptolemy.util.test.WatchDog.cancel(): canceling Wed Jun 10 14:38:08 UTC 2020
auto.tcl: Setting watchdog for 200 seconds at Wed Jun 10 14:38:08 UTC 2020
10 ms. Memory: 55296K Free: 17798K (32%)
ptolemy.util.test.WatchDog.cancel(): canceling Wed Jun 10 14:38:08 UTC 2020
------------------ testing $PTII/ptolemy/domains/de/test/auto/MergeModel2Add.xml
auto.tcl: Setting watchdog for 200 seconds at Wed Jun 10 14:38:08 UTC 2020
9 ms. Memory: 51200K Free: 17110K (33%)
ptolemy.util.test.WatchDog.cancel(): canceling Wed Jun 10 14:38:08 UTC 2020
auto.tcl: Setting watchdog for 200 seconds at Wed Jun 10 14:38:08 UTC 2020
12 ms. Memory: 51200K Free: 15429K (30%)
ptolemy.util.test.WatchDog.cancel(): canceling Wed Jun 10 14:38:08 UTC 2020
------------------ testing $PTII/ptolemy/domains/de/test/auto/MergeModel3Add.xml
auto.tcl: Setting watchdog for 200 seconds at Wed Jun 10 14:38:08 UTC 2020
9 ms. Memory: 51200K Free: 17377K (34%)
ptolemy.util.test.WatchDog.cancel(): canceling Wed Jun 10 14:38:09 UTC 2020
auto.tcl: Setting watchdog for 200 seconds at Wed Jun 10 14:38:09 UTC 2020
9 ms. Memory: 51200K Free: 15967K (31%)
ptolemy.util.test.WatchDog.cancel(): canceling Wed Jun 10 14:38:09 UTC 2020
------------------ testing $PTII/ptolemy/domains/de/test/auto/MergeWithoutDiscard.xml
auto.tcl: Setting watchdog for 200 seconds at Wed Jun 10 14:38:09 UTC 2020
3 ms. Memory: 51200K Free: 31762K (62%)
ptolemy.util.test.WatchDog.cancel(): canceling Wed Jun 10 14:38:09 UTC 2020
auto.tcl: Setting watchdog for 200 seconds at Wed Jun 10 14:38:09 UTC 2020
2 ms. Memory: 51200K Free: 31336K (61%)
ptolemy.util.test.WatchDog.cancel(): canceling Wed Jun 10 14:38:09 UTC 2020
------------------ testing $PTII/ptolemy/domains/de/test/auto/Modal1.xml
auto.tcl: Setting watchdog for 200 seconds at Wed Jun 10 14:38:09 UTC 2020
11 ms. Memory: 51200K Free: 23845K (47%)
ptolemy.util.test.WatchDog.cancel(): canceling Wed Jun 10 14:38:09 UTC 2020
auto.tcl: Setting watchdog for 200 seconds at Wed Jun 10 14:38:09 UTC 2020
17 ms. Memory: 51200K Free: 20383K (40%)
ptolemy.util.test.WatchDog.cancel(): canceling Wed Jun 10 14:38:09 UTC 2020
------------------ testing $PTII/ptolemy/domains/de/test/auto/Modal2.xml
auto.tcl: Setting watchdog for 200 seconds at Wed Jun 10 14:38:09 UTC 2020
16 ms. Memory: 51200K Free: 24251K (47%)
ptolemy.util.test.WatchDog.cancel(): canceling Wed Jun 10 14:38:09 UTC 2020
auto.tcl: Setting watchdog for 200 seconds at Wed Jun 10 14:38:09 UTC 2020
21 ms. Memory: 51200K Free: 20740K (41%)
ptolemy.util.test.WatchDog.cancel(): canceling Wed Jun 10 14:38:09 UTC 2020
------------------ testing $PTII/ptolemy/domains/de/test/auto/Modal3.xml
auto.tcl: Setting watchdog for 200 seconds at Wed Jun 10 14:38:09 UTC 2020
17 ms. Memory: 51200K Free: 23954K (47%)
ptolemy.util.test.WatchDog.cancel(): canceling Wed Jun 10 14:38:09 UTC 2020
auto.tcl: Setting watchdog for 200 seconds at Wed Jun 10 14:38:09 UTC 2020
15 ms. Memory: 51200K Free: 20727K (40%)
ptolemy.util.test.WatchDog.cancel(): canceling Wed Jun 10 14:38:09 UTC 2020
------------------ testing $PTII/ptolemy/domains/de/test/auto/Modal4.xml
auto.tcl: Setting watchdog for 200 seconds at Wed Jun 10 14:38:09 UTC 2020
26 ms. Memory: 51200K Free: 22945K (45%)
ptolemy.util.test.WatchDog.cancel(): canceling Wed Jun 10 14:38:09 UTC 2020
auto.tcl: Setting watchdog for 200 seconds at Wed Jun 10 14:38:09 UTC 2020
21 ms. Memory: 51200K Free: 19127K (37%)
ptolemy.util.test.WatchDog.cancel(): canceling Wed Jun 10 14:38:09 UTC 2020
------------------ testing $PTII/ptolemy/domains/de/test/auto/Modal5.xml
auto.tcl: Setting watchdog for 200 seconds at Wed Jun 10 14:38:09 UTC 2020
11 ms. Memory: 51200K Free: 22921K (45%)
ptolemy.util.test.WatchDog.cancel(): canceling Wed Jun 10 14:38:09 UTC 2020
auto.tcl: Setting watchdog for 200 seconds at Wed Jun 10 14:38:09 UTC 2020
13 ms. Memory: 51200K Free: 19113K (37%)
ptolemy.util.test.WatchDog.cancel(): canceling Wed Jun 10 14:38:09 UTC 2020
------------------ testing $PTII/ptolemy/domains/de/test/auto/Modal6.xml
auto.tcl: Setting watchdog for 200 seconds at Wed Jun 10 14:38:09 UTC 2020
17 ms. Memory: 51200K Free: 23701K (46%)
ptolemy.util.test.WatchDog.cancel(): canceling Wed Jun 10 14:38:09 UTC 2020
auto.tcl: Setting watchdog for 200 seconds at Wed Jun 10 14:38:09 UTC 2020
17 ms. Memory: 51200K Free: 19737K (39%)
ptolemy.util.test.WatchDog.cancel(): canceling Wed Jun 10 14:38:09 UTC 2020
------------------ testing $PTII/ptolemy/domains/de/test/auto/Modal7.xml
auto.tcl: Setting watchdog for 200 seconds at Wed Jun 10 14:38:09 UTC 2020
15 ms. Memory: 51200K Free: 22662K (44%)
ptolemy.util.test.WatchDog.cancel(): canceling Wed Jun 10 14:38:09 UTC 2020
auto.tcl: Setting watchdog for 200 seconds at Wed Jun 10 14:38:09 UTC 2020
21 ms. Memory: 51200K Free: 19341K (38%)
ptolemy.util.test.WatchDog.cancel(): canceling Wed Jun 10 14:38:09 UTC 2020
------------------ testing $PTII/ptolemy/domains/de/test/auto/ModalModel.xml
auto.tcl: Setting watchdog for 200 seconds at Wed Jun 10 14:38:09 UTC 2020
215 ms. Memory: 51200K Free: 14738K (29%)
ptolemy.util.test.WatchDog.cancel(): canceling Wed Jun 10 14:38:10 UTC 2020
auto.tcl: Setting watchdog for 200 seconds at Wed Jun 10 14:38:10 UTC 2020
218 ms. Memory: 65536K Free: 20470K (31%)
ptolemy.util.test.WatchDog.cancel(): canceling Wed Jun 10 14:38:10 UTC 2020
------------------ testing $PTII/ptolemy/domains/de/test/auto/ModalSource.xml
auto.tcl: Setting watchdog for 200 seconds at Wed Jun 10 14:38:10 UTC 2020
6 ms. Memory: 51200K Free: 27786K (54%)
ptolemy.util.test.WatchDog.cancel(): canceling Wed Jun 10 14:38:10 UTC 2020
auto.tcl: Setting watchdog for 200 seconds at Wed Jun 10 14:38:10 UTC 2020
6 ms. Memory: 51200K Free: 25738K (50%)
ptolemy.util.test.WatchDog.cancel(): canceling Wed Jun 10 14:38:10 UTC 2020
------------------ testing $PTII/ptolemy/domains/de/test/auto/NonInterruptibleTimerZeroDelay.xml
auto.tcl: Setting watchdog for 200 seconds at Wed Jun 10 14:38:10 UTC 2020
3 ms. Memory: 51200K Free: 32752K (64%)
ptolemy.util.test.WatchDog.cancel(): canceling Wed Jun 10 14:38:10 UTC 2020
auto.tcl: Setting watchdog for 200 seconds at Wed Jun 10 14:38:10 UTC 2020
2 ms. Memory: 51200K Free: 32060K (63%)
ptolemy.util.test.WatchDog.cancel(): canceling Wed Jun 10 14:38:10 UTC 2020
------------------ testing $PTII/ptolemy/domains/de/test/auto/OpenQueueingNetwork.xml
auto.tcl: Setting watchdog for 200 seconds at Wed Jun 10 14:38:10 UTC 2020
2964 ms. Memory: 118784K Free: 56852K (48%)
ptolemy.util.test.WatchDog.cancel(): canceling Wed Jun 10 14:38:13 UTC 2020
auto.tcl: Setting watchdog for 200 seconds at Wed Jun 10 14:38:13 UTC 2020
2206 ms. Memory: 146432K Free: 58864K (40%)
ptolemy.util.test.WatchDog.cancel(): canceling Wed Jun 10 14:38:15 UTC 2020
------------------ testing $PTII/ptolemy/domains/de/test/auto/OpenQueuingNetwork.xml
auto.tcl: Setting watchdog for 200 seconds at Wed Jun 10 14:38:15 UTC 2020
279 ms. Memory: 58368K Free: 32360K (55%)
ptolemy.util.test.WatchDog.cancel(): canceling Wed Jun 10 14:38:16 UTC 2020
auto.tcl: Setting watchdog for 200 seconds at Wed Jun 10 14:38:16 UTC 2020
212 ms. Memory: 58368K Free: 13936K (24%)
ptolemy.util.test.WatchDog.cancel(): canceling Wed Jun 10 14:38:16 UTC 2020
------------------ testing $PTII/ptolemy/domains/de/test/auto/PeriodicSampler.xml
auto.tcl: Setting watchdog for 200 seconds at Wed Jun 10 14:38:16 UTC 2020
3 ms. Memory: 55296K Free: 36013K (65%)
ptolemy.util.test.WatchDog.cancel(): canceling Wed Jun 10 14:38:16 UTC 2020
auto.tcl: Setting watchdog for 200 seconds at Wed Jun 10 14:38:16 UTC 2020
2 ms. Memory: 55296K Free: 35493K (64%)
ptolemy.util.test.WatchDog.cancel(): canceling Wed Jun 10 14:38:16 UTC 2020
------------------ testing $PTII/ptolemy/domains/de/test/auto/PersistentIO.xml
auto.tcl: Setting watchdog for 200 seconds at Wed Jun 10 14:38:16 UTC 2020
11 ms. Memory: 51200K Free: 26842K (52%)
ptolemy.util.test.WatchDog.cancel(): canceling Wed Jun 10 14:38:16 UTC 2020
auto.tcl: Setting watchdog for 200 seconds at Wed Jun 10 14:38:16 UTC 2020
4 ms. Memory: 51200K Free: 25322K (49%)
ptolemy.util.test.WatchDog.cancel(): canceling Wed Jun 10 14:38:16 UTC 2020
------------------ testing $PTII/ptolemy/domains/de/test/auto/PortParameterResetOnInitialize.xml
auto.tcl: Setting watchdog for 200 seconds at Wed Jun 10 14:38:16 UTC 2020
7 ms. Memory: 51200K Free: 31837K (62%)
ptolemy.util.test.WatchDog.cancel(): canceling Wed Jun 10 14:38:16 UTC 2020
auto.tcl: Setting watchdog for 200 seconds at Wed Jun 10 14:38:16 UTC 2020
2 ms. Memory: 51200K Free: 31329K (61%)
ptolemy.util.test.WatchDog.cancel(): canceling Wed Jun 10 14:38:16 UTC 2020
------------------ testing $PTII/ptolemy/domains/de/test/auto/PortParameterUpdates.xml
auto.tcl: Setting watchdog for 200 seconds at Wed Jun 10 14:38:16 UTC 2020
3 ms. Memory: 51200K Free: 30125K (59%)
ptolemy.util.test.WatchDog.cancel(): canceling Wed Jun 10 14:38:16 UTC 2020
auto.tcl: Setting watchdog for 200 seconds at Wed Jun 10 14:38:16 UTC 2020
3 ms. Memory: 51200K Free: 28900K (56%)
ptolemy.util.test.WatchDog.cancel(): canceling Wed Jun 10 14:38:16 UTC 2020
------------------ testing $PTII/ptolemy/domains/de/test/auto/QueueAndServer.xml
auto.tcl: Setting watchdog for 200 seconds at Wed Jun 10 14:38:16 UTC 2020
6 ms. Memory: 51200K Free: 28783K (56%)
ptolemy.util.test.WatchDog.cancel(): canceling Wed Jun 10 14:38:16 UTC 2020
auto.tcl: Setting watchdog for 200 seconds at Wed Jun 10 14:38:16 UTC 2020
6 ms. Memory: 51200K Free: 27330K (53%)
ptolemy.util.test.WatchDog.cancel(): canceling Wed Jun 10 14:38:16 UTC 2020
------------------ testing $PTII/ptolemy/domains/de/test/auto/Records.xml
auto.tcl: Setting watchdog for 200 seconds at Wed Jun 10 14:38:16 UTC 2020
3 ms. Memory: 51200K Free: 31071K (61%)
ptolemy.util.test.WatchDog.cancel(): canceling Wed Jun 10 14:38:16 UTC 2020
auto.tcl: Setting watchdog for 200 seconds at Wed Jun 10 14:38:16 UTC 2020
3 ms. Memory: 51200K Free: 30557K (60%)
ptolemy.util.test.WatchDog.cancel(): canceling Wed Jun 10 14:38:16 UTC 2020
------------------ testing $PTII/ptolemy/domains/de/test/auto/ResetTransitionWithStartTime1.xml
auto.tcl: Setting watchdog for 200 seconds at Wed Jun 10 14:38:16 UTC 2020
7 ms. Memory: 51200K Free: 28364K (55%)
ptolemy.util.test.WatchDog.cancel(): canceling Wed Jun 10 14:38:17 UTC 2020
auto.tcl: Setting watchdog for 200 seconds at Wed Jun 10 14:38:17 UTC 2020
5 ms. Memory: 51200K Free: 26279K (51%)
ptolemy.util.test.WatchDog.cancel(): canceling Wed Jun 10 14:38:17 UTC 2020
------------------ testing $PTII/ptolemy/domains/de/test/auto/ResetTransitionWithStartTime2.xml
auto.tcl: Setting watchdog for 200 seconds at Wed Jun 10 14:38:17 UTC 2020
6 ms. Memory: 51200K Free: 28282K (55%)
ptolemy.util.test.WatchDog.cancel(): canceling Wed Jun 10 14:38:17 UTC 2020
auto.tcl: Setting watchdog for 200 seconds at Wed Jun 10 14:38:17 UTC 2020
7 ms. Memory: 51200K Free: 26234K (51%)
ptolemy.util.test.WatchDog.cancel(): canceling Wed Jun 10 14:38:17 UTC 2020
------------------ testing $PTII/ptolemy/domains/de/test/auto/ResetTransitionWithStartTime3.xml
auto.tcl: Setting watchdog for 200 seconds at Wed Jun 10 14:38:17 UTC 2020
8 ms. Memory: 51200K Free: 28281K (55%)
ptolemy.util.test.WatchDog.cancel(): canceling Wed Jun 10 14:38:17 UTC 2020
auto.tcl: Setting watchdog for 200 seconds at Wed Jun 10 14:38:17 UTC 2020
6 ms. Memory: 51200K Free: 26233K (51%)
ptolemy.util.test.WatchDog.cancel(): canceling Wed Jun 10 14:38:17 UTC 2020
------------------ testing $PTII/ptolemy/domains/de/test/auto/ResetTransitionWithStartTime4.xml
auto.tcl: Setting watchdog for 200 seconds at Wed Jun 10 14:38:17 UTC 2020
7 ms. Memory: 51200K Free: 28705K (56%)
ptolemy.util.test.WatchDog.cancel(): canceling Wed Jun 10 14:38:17 UTC 2020
auto.tcl: Setting watchdog for 200 seconds at Wed Jun 10 14:38:17 UTC 2020
3 ms. Memory: 51200K Free: 27255K (53%)
ptolemy.util.test.WatchDog.cancel(): canceling Wed Jun 10 14:38:17 UTC 2020
------------------ testing $PTII/ptolemy/domains/de/test/auto/ResettableTimer1.xml
auto.tcl: Setting watchdog for 200 seconds at Wed Jun 10 14:38:17 UTC 2020
3 ms. Memory: 51200K Free: 32454K (63%)
ptolemy.util.test.WatchDog.cancel(): canceling Wed Jun 10 14:38:17 UTC 2020
auto.tcl: Setting watchdog for 200 seconds at Wed Jun 10 14:38:17 UTC 2020
2 ms. Memory: 51200K Free: 31827K (62%)
ptolemy.util.test.WatchDog.cancel(): canceling Wed Jun 10 14:38:17 UTC 2020
------------------ testing $PTII/ptolemy/domains/de/test/auto/ResettableTimer2.xml
auto.tcl: Setting watchdog for 200 seconds at Wed Jun 10 14:38:17 UTC 2020
3 ms. Memory: 51200K Free: 32513K (64%)
ptolemy.util.test.WatchDog.cancel(): canceling Wed Jun 10 14:38:17 UTC 2020
auto.tcl: Setting watchdog for 200 seconds at Wed Jun 10 14:38:17 UTC 2020
2 ms. Memory: 51200K Free: 31894K (62%)
ptolemy.util.test.WatchDog.cancel(): canceling Wed Jun 10 14:38:17 UTC 2020
------------------ testing $PTII/ptolemy/domains/de/test/auto/ResettableTimer3.xml
auto.tcl: Setting watchdog for 200 seconds at Wed Jun 10 14:38:17 UTC 2020
1 ms. Memory: 51200K Free: 32811K (64%)
ptolemy.util.test.WatchDog.cancel(): canceling Wed Jun 10 14:38:17 UTC 2020
auto.tcl: Setting watchdog for 200 seconds at Wed Jun 10 14:38:17 UTC 2020
1 ms. Memory: 51200K Free: 31869K (62%)
ptolemy.util.test.WatchDog.cancel(): canceling Wed Jun 10 14:38:17 UTC 2020
------------------ testing $PTII/ptolemy/domains/de/test/auto/ResettableTimer4.xml
auto.tcl: Setting watchdog for 200 seconds at Wed Jun 10 14:38:17 UTC 2020
1 ms. Memory: 51200K Free: 32427K (63%)
ptolemy.util.test.WatchDog.cancel(): canceling Wed Jun 10 14:38:17 UTC 2020
auto.tcl: Setting watchdog for 200 seconds at Wed Jun 10 14:38:17 UTC 2020
1 ms. Memory: 51200K Free: 31913K (62%)
ptolemy.util.test.WatchDog.cancel(): canceling Wed Jun 10 14:38:17 UTC 2020
------------------ testing $PTII/ptolemy/domains/de/test/auto/ResettableTimer5.xml
auto.tcl: Setting watchdog for 200 seconds at Wed Jun 10 14:38:17 UTC 2020
2 ms. Memory: 51200K Free: 31911K (62%)
ptolemy.util.test.WatchDog.cancel(): canceling Wed Jun 10 14:38:17 UTC 2020
auto.tcl: Setting watchdog for 200 seconds at Wed Jun 10 14:38:17 UTC 2020
1 ms. Memory: 51200K Free: 31401K (61%)
ptolemy.util.test.WatchDog.cancel(): canceling Wed Jun 10 14:38:17 UTC 2020
------------------ testing $PTII/ptolemy/domains/de/test/auto/ResettableTimer6.xml
auto.tcl: Setting watchdog for 200 seconds at Wed Jun 10 14:38:17 UTC 2020
1 ms. Memory: 51200K Free: 31901K (62%)
ptolemy.util.test.WatchDog.cancel(): canceling Wed Jun 10 14:38:17 UTC 2020
auto.tcl: Setting watchdog for 200 seconds at Wed Jun 10 14:38:17 UTC 2020
2 ms. Memory: 51200K Free: 31391K (61%)
ptolemy.util.test.WatchDog.cancel(): canceling Wed Jun 10 14:38:17 UTC 2020
------------------ testing $PTII/ptolemy/domains/de/test/auto/ServerZeroDelay.xml
auto.tcl: Setting watchdog for 200 seconds at Wed Jun 10 14:38:17 UTC 2020
3 ms. Memory: 51200K Free: 32407K (63%)
ptolemy.util.test.WatchDog.cancel(): canceling Wed Jun 10 14:38:17 UTC 2020
auto.tcl: Setting watchdog for 200 seconds at Wed Jun 10 14:38:17 UTC 2020
5 ms. Memory: 51200K Free: 31383K (61%)
ptolemy.util.test.WatchDog.cancel(): canceling Wed Jun 10 14:38:17 UTC 2020
------------------ testing $PTII/ptolemy/domains/de/test/auto/SmartSender.xml
auto.tcl: Setting watchdog for 200 seconds at Wed Jun 10 14:38:17 UTC 2020
3002 ms. Memory: 51200K Free: 31888K (62%)
ptolemy.util.test.WatchDog.cancel(): canceling Wed Jun 10 14:38:20 UTC 2020
auto.tcl: Setting watchdog for 200 seconds at Wed Jun 10 14:38:20 UTC 2020
3002 ms. Memory: 51200K Free: 31378K (61%)
ptolemy.util.test.WatchDog.cancel(): canceling Wed Jun 10 14:38:23 UTC 2020
------------------ testing $PTII/ptolemy/domains/de/test/auto/ThreadedComposite.xml
auto.tcl: Setting watchdog for 200 seconds at Wed Jun 10 14:38:23 UTC 2020
178 ms. Memory: 51200K Free: 13469K (26%)
ptolemy.util.test.WatchDog.cancel(): canceling Wed Jun 10 14:38:23 UTC 2020
auto.tcl: Setting watchdog for 200 seconds at Wed Jun 10 14:38:23 UTC 2020
125 ms. Memory: 51200K Free: 29412K (57%)
ptolemy.util.test.WatchDog.cancel(): canceling Wed Jun 10 14:38:24 UTC 2020
------------------ testing $PTII/ptolemy/domains/de/test/auto/Time.xml
auto.tcl: Setting watchdog for 200 seconds at Wed Jun 10 14:38:24 UTC 2020
520 ms. Memory: 51200K Free: 34187K (67%)
ptolemy.util.test.WatchDog.cancel(): canceling Wed Jun 10 14:38:24 UTC 2020
auto.tcl: Setting watchdog for 200 seconds at Wed Jun 10 14:38:24 UTC 2020
486 ms. Memory: 51200K Free: 8427K (16%)
ptolemy.util.test.WatchDog.cancel(): canceling Wed Jun 10 14:38:25 UTC 2020
------------------ testing $PTII/ptolemy/domains/de/test/auto/TimeDelayZeroDelay.xml
auto.tcl: Setting watchdog for 200 seconds at Wed Jun 10 14:38:25 UTC 2020
2 ms. Memory: 51200K Free: 32332K (63%)
ptolemy.util.test.WatchDog.cancel(): canceling Wed Jun 10 14:38:25 UTC 2020
auto.tcl: Setting watchdog for 200 seconds at Wed Jun 10 14:38:25 UTC 2020
1 ms. Memory: 51200K Free: 31846K (62%)
ptolemy.util.test.WatchDog.cancel(): canceling Wed Jun 10 14:38:25 UTC 2020
------------------ testing $PTII/ptolemy/domains/de/test/auto/TimerZeroDelay.xml
auto.tcl: Setting watchdog for 200 seconds at Wed Jun 10 14:38:25 UTC 2020
5 ms. Memory: 51200K Free: 32749K (64%)
ptolemy.util.test.WatchDog.cancel(): canceling Wed Jun 10 14:38:25 UTC 2020
auto.tcl: Setting watchdog for 200 seconds at Wed Jun 10 14:38:25 UTC 2020
2 ms. Memory: 51200K Free: 31911K (62%)
ptolemy.util.test.WatchDog.cancel(): canceling Wed Jun 10 14:38:25 UTC 2020
------------------ testing $PTII/ptolemy/domains/de/test/auto/TimingParadox.xml
auto.tcl: Setting watchdog for 200 seconds at Wed Jun 10 14:38:25 UTC 2020
303 ms. Memory: 63488K Free: 41437K (65%)
ptolemy.util.test.WatchDog.cancel(): canceling Wed Jun 10 14:38:25 UTC 2020
auto.tcl: Setting watchdog for 200 seconds at Wed Jun 10 14:38:25 UTC 2020
258 ms. Memory: 63488K Free: 40418K (64%)
ptolemy.util.test.WatchDog.cancel(): canceling Wed Jun 10 14:38:25 UTC 2020
------------------ testing $PTII/ptolemy/domains/de/test/auto/TransferInputs.xml
auto.tcl: Setting watchdog for 200 seconds at Wed Jun 10 14:38:26 UTC 2020
2 ms. Memory: 58368K Free: 38010K (65%)
ptolemy.util.test.WatchDog.cancel(): canceling Wed Jun 10 14:38:26 UTC 2020
auto.tcl: Setting watchdog for 200 seconds at Wed Jun 10 14:38:26 UTC 2020
1 ms. Memory: 58368K Free: 37069K (64%)
ptolemy.util.test.WatchDog.cancel(): canceling Wed Jun 10 14:38:26 UTC 2020
------------------ testing $PTII/ptolemy/domains/de/test/auto/TransferOutputs2.xml
auto.tcl: Setting watchdog for 200 seconds at Wed Jun 10 14:38:26 UTC 2020
2 ms. Memory: 51200K Free: 28285K (55%)
ptolemy.util.test.WatchDog.cancel(): canceling Wed Jun 10 14:38:26 UTC 2020
auto.tcl: Setting watchdog for 200 seconds at Wed Jun 10 14:38:26 UTC 2020
3 ms. Memory: 51200K Free: 26871K (52%)
ptolemy.util.test.WatchDog.cancel(): canceling Wed Jun 10 14:38:26 UTC 2020
------------------ testing $PTII/ptolemy/domains/de/test/auto/Trilateration.xml
auto.tcl: Setting watchdog for 200 seconds at Wed Jun 10 14:38:26 UTC 2020
12512 ms. Memory: 434176K Free: 182077K (42%)
ptolemy.util.test.WatchDog.cancel(): canceling Wed Jun 10 14:38:39 UTC 2020
auto.tcl: Setting watchdog for 200 seconds at Wed Jun 10 14:38:39 UTC 2020
8748 ms. Memory: 434176K Free: 372536K (86%)
ptolemy.util.test.WatchDog.cancel(): canceling Wed Jun 10 14:38:48 UTC 2020
------------------ testing $PTII/ptolemy/domains/de/test/auto/TwoSigmaDelta.xml
auto.tcl: Setting watchdog for 200 seconds at Wed Jun 10 14:38:48 UTC 2020
2185 ms. Memory: 92160K Free: 34088K (37%)
ptolemy.util.test.WatchDog.cancel(): canceling Wed Jun 10 14:38:50 UTC 2020
auto.tcl: Setting watchdog for 200 seconds at Wed Jun 10 14:38:50 UTC 2020
1661 ms. Memory: 92160K Free: 35652K (39%)
ptolemy.util.test.WatchDog.cancel(): canceling Wed Jun 10 14:38:52 UTC 2020
------------------ testing $PTII/ptolemy/domains/de/test/auto/VariableDelay.xml
auto.tcl: Setting watchdog for 200 seconds at Wed Jun 10 14:38:52 UTC 2020
2 ms. Memory: 55296K Free: 35432K (64%)
ptolemy.util.test.WatchDog.cancel(): canceling Wed Jun 10 14:38:52 UTC 2020
auto.tcl: Setting watchdog for 200 seconds at Wed Jun 10 14:38:52 UTC 2020
2 ms. Memory: 55296K Free: 34422K (62%)
ptolemy.util.test.WatchDog.cancel(): canceling Wed Jun 10 14:38:52 UTC 2020
------------------ testing $PTII/ptolemy/domains/de/test/auto/VariableDelay2.xml
auto.tcl: Setting watchdog for 200 seconds at Wed Jun 10 14:38:52 UTC 2020
3 ms. Memory: 51200K Free: 31932K (62%)
ptolemy.util.test.WatchDog.cancel(): canceling Wed Jun 10 14:38:52 UTC 2020
auto.tcl: Setting watchdog for 200 seconds at Wed Jun 10 14:38:52 UTC 2020
2 ms. Memory: 51200K Free: 31420K (61%)
ptolemy.util.test.WatchDog.cancel(): canceling Wed Jun 10 14:38:52 UTC 2020
------------------ testing $PTII/ptolemy/domains/de/test/auto/VariableDelayZeroDelay.xml
auto.tcl: Setting watchdog for 200 seconds at Wed Jun 10 14:38:52 UTC 2020
2 ms. Memory: 51200K Free: 32359K (63%)
ptolemy.util.test.WatchDog.cancel(): canceling Wed Jun 10 14:38:52 UTC 2020
auto.tcl: Setting watchdog for 200 seconds at Wed Jun 10 14:38:52 UTC 2020
2 ms. Memory: 51200K Free: 31732K (62%)
ptolemy.util.test.WatchDog.cancel(): canceling Wed Jun 10 14:38:52 UTC 2020
------------------ testing $PTII/ptolemy/domains/de/test/auto/VariableDelayZeroDelay2.xml
auto.tcl: Setting watchdog for 200 seconds at Wed Jun 10 14:38:52 UTC 2020
1 ms. Memory: 51200K Free: 32259K (63%)
ptolemy.util.test.WatchDog.cancel(): canceling Wed Jun 10 14:38:52 UTC 2020
auto.tcl: Setting watchdog for 200 seconds at Wed Jun 10 14:38:52 UTC 2020
2 ms. Memory: 51200K Free: 31235K (61%)
ptolemy.util.test.WatchDog.cancel(): canceling Wed Jun 10 14:38:52 UTC 2020
------------------ testing $PTII/ptolemy/domains/de/test/auto/deInCt.xml
auto.tcl: Setting watchdog for 200 seconds at Wed Jun 10 14:38:52 UTC 2020
0
1
1
1
0
0
1
1
1
0
0
0
1
1
1
0
0
0
0
0
0
1
1
1
0
0
0
1
1
1
0
0
0
0
1
1
1
1
12 ms. Memory: 51200K Free: 31232K (61%)
ptolemy.util.test.WatchDog.cancel(): canceling Wed Jun 10 14:38:52 UTC 2020
auto.tcl: Setting watchdog for 200 seconds at Wed Jun 10 14:38:52 UTC 2020
0
1
1
1
0
0
0
1
1
1
0
0
0
1
1
1
0
0
0
1
1
1
1
0
0
0
1
1
1
1
1
1
1
0
0
0
0
10 ms. Memory: 51200K Free: 29694K (58%)
ptolemy.util.test.WatchDog.cancel(): canceling Wed Jun 10 14:38:52 UTC 2020
------------------ testing $PTII/ptolemy/domains/de/test/auto/deInCt2.xml
auto.tcl: Setting watchdog for 200 seconds at Wed Jun 10 14:38:52 UTC 2020
0
1
1
1
0
0
1
1
1
0
0
1
1
1
0
0
1
1
1
0
0
1
1
1
0
0
1
1
1
0
0
1
1
1
0
0
1
1
1
0
0
0
7 ms. Memory: 51200K Free: 31278K (61%)
ptolemy.util.test.WatchDog.cancel(): canceling Wed Jun 10 14:38:52 UTC 2020
auto.tcl: Setting watchdog for 200 seconds at Wed Jun 10 14:38:52 UTC 2020
0
1
1
1
0
0
1
1
1
0
0
1
1
1
0
0
1
1
1
0
0
1
1
1
0
0
1
1
1
0
0
1
1
1
0
0
1
1
1
0
0
0
7 ms. Memory: 51200K Free: 29681K (58%)
ptolemy.util.test.WatchDog.cancel(): canceling Wed Jun 10 14:38:52 UTC 2020
------------------ testing $PTII/ptolemy/domains/de/test/auto/dynamicCausalityInterface1.xml
auto.tcl: Setting watchdog for 200 seconds at Wed Jun 10 14:38:52 UTC 2020
2 ms. Memory: 51200K Free: 27131K (53%)
ptolemy.util.test.WatchDog.cancel(): canceling Wed Jun 10 14:38:52 UTC 2020
auto.tcl: Setting watchdog for 200 seconds at Wed Jun 10 14:38:52 UTC 2020
1 ms. Memory: 51200K Free: 26617K (52%)
ptolemy.util.test.WatchDog.cancel(): canceling Wed Jun 10 14:38:52 UTC 2020
------------------ testing $PTII/ptolemy/domains/de/test/auto/fsm_de_test.xml
auto.tcl: Setting watchdog for 200 seconds at Wed Jun 10 14:38:52 UTC 2020
8 ms. Memory: 51200K Free: 27030K (53%)
ptolemy.util.test.WatchDog.cancel(): canceling Wed Jun 10 14:38:52 UTC 2020
auto.tcl: Setting watchdog for 200 seconds at Wed Jun 10 14:38:52 UTC 2020
5 ms. Memory: 51200K Free: 24982K (49%)
ptolemy.util.test.WatchDog.cancel(): canceling Wed Jun 10 14:38:52 UTC 2020
------------------ testing $PTII/ptolemy/domains/de/test/auto/functionDependencyReconstruction.xml
auto.tcl: Setting watchdog for 200 seconds at Wed Jun 10 14:38:53 UTC 2020
3 ms. Memory: 51200K Free: 20965K (41%)
ptolemy.util.test.WatchDog.cancel(): canceling Wed Jun 10 14:38:53 UTC 2020
auto.tcl: Setting watchdog for 200 seconds at Wed Jun 10 14:38:53 UTC 2020
3 ms. Memory: 51200K Free: 18827K (37%)
ptolemy.util.test.WatchDog.cancel(): canceling Wed Jun 10 14:38:53 UTC 2020
------------------ testing $PTII/ptolemy/domains/de/test/auto/multirate.xml
auto.tcl: Setting watchdog for 200 seconds at Wed Jun 10 14:38:53 UTC 2020
5 ms. Memory: 51200K Free: 29604K (58%)
ptolemy.util.test.WatchDog.cancel(): canceling Wed Jun 10 14:38:53 UTC 2020
auto.tcl: Setting watchdog for 200 seconds at Wed Jun 10 14:38:53 UTC 2020
3 ms. Memory: 51200K Free: 27925K (55%)
ptolemy.util.test.WatchDog.cancel(): canceling Wed Jun 10 14:38:53 UTC 2020
------------------ testing $PTII/ptolemy/domains/de/test/auto/multirate2.xml
auto.tcl: Setting watchdog for 200 seconds at Wed Jun 10 14:38:53 UTC 2020
2 ms. Memory: 51200K Free: 29824K (58%)
ptolemy.util.test.WatchDog.cancel(): canceling Wed Jun 10 14:38:53 UTC 2020
auto.tcl: Setting watchdog for 200 seconds at Wed Jun 10 14:38:53 UTC 2020
3 ms. Memory: 51200K Free: 28105K (55%)
ptolemy.util.test.WatchDog.cancel(): canceling Wed Jun 10 14:38:53 UTC 2020
------------------ testing $PTII/ptolemy/domains/de/test/auto/realtime.xml
auto.tcl: Setting watchdog for 200 seconds at Wed Jun 10 14:38:53 UTC 2020
10001 ms. Memory: 51200K Free: 31901K (62%)
ptolemy.util.test.WatchDog.cancel(): canceling Wed Jun 10 14:39:03 UTC 2020
auto.tcl: Setting watchdog for 200 seconds at Wed Jun 10 14:39:03 UTC 2020
10001 ms. Memory: 51200K Free: 31176K (61%)
ptolemy.util.test.WatchDog.cancel(): canceling Wed Jun 10 14:39:13 UTC 2020
------------------ testing $PTII/ptolemy/domains/de/test/auto/relationGroup.xml
auto.tcl: Setting watchdog for 200 seconds at Wed Jun 10 14:39:13 UTC 2020
2 ms. Memory: 51200K Free: 32961K (64%)
ptolemy.util.test.WatchDog.cancel(): canceling Wed Jun 10 14:39:13 UTC 2020
auto.tcl: Setting watchdog for 200 seconds at Wed Jun 10 14:39:13 UTC 2020
2 ms. Memory: 51200K Free: 32424K (63%)
ptolemy.util.test.WatchDog.cancel(): canceling Wed Jun 10 14:39:13 UTC 2020
------------------ testing $PTII/ptolemy/domains/de/test/auto/relationGroup2.xml
auto.tcl: Setting watchdog for 200 seconds at Wed Jun 10 14:39:13 UTC 2020
2 ms. Memory: 51200K Free: 33018K (64%)
ptolemy.util.test.WatchDog.cancel(): canceling Wed Jun 10 14:39:13 UTC 2020
auto.tcl: Setting watchdog for 200 seconds at Wed Jun 10 14:39:13 UTC 2020
1 ms. Memory: 51200K Free: 32506K (63%)
ptolemy.util.test.WatchDog.cancel(): canceling Wed Jun 10 14:39:13 UTC 2020
------------------ testing $PTII/ptolemy/domains/de/test/auto/sortWithOpaquePorts.xml
auto.tcl: Setting watchdog for 200 seconds at Wed Jun 10 14:39:13 UTC 2020
2 ms. Memory: 51200K Free: 31760K (62%)
ptolemy.util.test.WatchDog.cancel(): canceling Wed Jun 10 14:39:13 UTC 2020
auto.tcl: Setting watchdog for 200 seconds at Wed Jun 10 14:39:13 UTC 2020
2 ms. Memory: 51200K Free: 30738K (60%)
ptolemy.util.test.WatchDog.cancel(): canceling Wed Jun 10 14:39:13 UTC 2020
------------------ testing $PTII/ptolemy/domains/de/test/auto/transferInputsandOutputs.xml
auto.tcl: Setting watchdog for 200 seconds at Wed Jun 10 14:39:13 UTC 2020
2 ms. Memory: 51200K Free: 29199K (57%)
ptolemy.util.test.WatchDog.cancel(): canceling Wed Jun 10 14:39:13 UTC 2020
auto.tcl: Setting watchdog for 200 seconds at Wed Jun 10 14:39:13 UTC 2020
1 ms. Memory: 51200K Free: 28175K (55%)
ptolemy.util.test.WatchDog.cancel(): canceling Wed Jun 10 14:39:13 UTC 2020
------------------ testing $PTII/ptolemy/domains/de/test/auto/triggerType.xml
auto.tcl: Setting watchdog for 200 seconds at Wed Jun 10 14:39:13 UTC 2020
1 ms. Memory: 51200K Free: 32225K (63%)
ptolemy.util.test.WatchDog.cancel(): canceling Wed Jun 10 14:39:13 UTC 2020
auto.tcl: Setting watchdog for 200 seconds at Wed Jun 10 14:39:13 UTC 2020
1 ms. Memory: 51200K Free: 31201K (61%)
ptolemy.util.test.WatchDog.cancel(): canceling Wed Jun 10 14:39:13 UTC 2020
06/10/20 02:39:13
Failed: 0  Total Tests: 192  ((Passed: 187, Newly Passed: 1)  Known Failed: 5) /home/travis/build/icyphy/ptII/ptolemy/domains/de/test
06/10/20 02:39:13
Failed: 0  Total Tests: 192  ((Passed: 187, Newly Passed: 1)  Known Failed: 5) /home/travis/build/icyphy/ptII/ptolemy/domains/de/test
----------------- testing (KnownFailure) /home/travis/build/icyphy/ptII/ptolemy/domains/de/test/auto/knownFailedTests/DESDFClockTest.xml
2013 ms. Memory: 51200K Free: 25619K (50%)
Known Failure: java.lang.reflect.InvocationTargetException
----------------- testing (KnownFailure) /home/travis/build/icyphy/ptII/ptolemy/domains/de/test/auto/knownFailedTests/DirectFeedback.xml
2 ms. Memory: 51200K Free: 21523K (42%)
Known Failure: java.lang.reflect.InvocationTargetException
----------------- testing (KnownFailure) /home/travis/build/icyphy/ptII/ptolemy/domains/de/test/auto/knownFailedTests/FSMSource.xml
7 ms. Memory: 51200K Free: 13317K (26%)
----------------- testing (KnownFailure) /home/travis/build/icyphy/ptII/ptolemy/domains/de/test/auto/knownFailedTests/HierarchicalModel.xml
4 ms. Memory: 51200K Free: 26383K (52%)
Known Failure: java.lang.reflect.InvocationTargetException
----------------- testing (KnownFailure) /home/travis/build/icyphy/ptII/ptolemy/domains/de/test/auto/knownFailedTests/dependencyLoop.xml
3 ms. Memory: 51200K Free: 11416K (22%)
Known Failure: java.lang.reflect.InvocationTargetException
----------------- testing (KnownFailure) /home/travis/build/icyphy/ptII/ptolemy/domains/de/test/auto/knownFailedTests/dependencyLoop2.xml
3 ms. Memory: 51200K Free: 24892K (49%)
Known Failure: java.lang.reflect.InvocationTargetException
No auto/linux-amd64/*.xml tests in /home/travis/build/icyphy/ptII/ptolemy/domains/de/test
AutoTests.java: About to close Vertx.
AutoTests.java: Vertx closed.

===========================================================================================
----------------- testing Wed Jun 10 14:39:15 UTC 2020 /home/travis/build/icyphy/ptII/ptolemy/domains/de/test/auto/ActorDepthCalculation_actorWithoutPorts.xml
----------------- Instantiating /home/travis/build/icyphy/ptII/ptolemy/domains/de/test/auto/ActorDepthCalculation_actorWithoutPorts.xml
3 ms. Memory: 51200K Free: 18035K (35%)
----------------- Invoking toplevel() on ptolemy.moml.MoMLSimpleApplication@125ac775
----------------- Done invoking toplevel() on ptolemy.moml.MoMLSimpleApplication@125ac775
reloadAllAccessors: .ActorDepthCalculation_actorWithoutPorts

===========================================================================================
----------------- testing Wed Jun 10 14:39:15 UTC 2020 /home/travis/build/icyphy/ptII/ptolemy/domains/de/test/auto/AssemblyLine.xml
----------------- Instantiating /home/travis/build/icyphy/ptII/ptolemy/domains/de/test/auto/AssemblyLine.xml
2 ms. Memory: 51200K Free: 10881K (21%)
----------------- Invoking toplevel() on ptolemy.moml.MoMLSimpleApplication@4c21b793
----------------- Done invoking toplevel() on ptolemy.moml.MoMLSimpleApplication@4c21b793
reloadAllAccessors: .AssemblyLine

===========================================================================================
----------------- testing Wed Jun 10 14:39:15 UTC 2020 /home/travis/build/icyphy/ptII/ptolemy/domains/de/test/auto/CQBug1.xml
----------------- Instantiating /home/travis/build/icyphy/ptII/ptolemy/domains/de/test/auto/CQBug1.xml
1 ms. Memory: 51200K Free: 8097K (16%)
----------------- Invoking toplevel() on ptolemy.moml.MoMLSimpleApplication@789429c5
----------------- Done invoking toplevel() on ptolemy.moml.MoMLSimpleApplication@789429c5
reloadAllAccessors: .CQBug1

===========================================================================================
----------------- testing Wed Jun 10 14:39:15 UTC 2020 /home/travis/build/icyphy/ptII/ptolemy/domains/de/test/auto/CancelFireAt.xml
----------------- Instantiating /home/travis/build/icyphy/ptII/ptolemy/domains/de/test/auto/CancelFireAt.xml
1 ms. Memory: 51200K Free: 34469K (67%)
----------------- Invoking toplevel() on ptolemy.moml.MoMLSimpleApplication@60a0fc5b
----------------- Done invoking toplevel() on ptolemy.moml.MoMLSimpleApplication@60a0fc5b
reloadAllAccessors: .CancelFireAt

===========================================================================================
----------------- testing Wed Jun 10 14:39:15 UTC 2020 /home/travis/build/icyphy/ptII/ptolemy/domains/de/test/auto/CausalityAndComposabilityAnalysis.xml
----------------- Instantiating /home/travis/build/icyphy/ptII/ptolemy/domains/de/test/auto/CausalityAndComposabilityAnalysis.xml
2 ms. Memory: 51200K Free: 30365K (59%)
----------------- Invoking toplevel() on ptolemy.moml.MoMLSimpleApplication@5a057b4a
----------------- Done invoking toplevel() on ptolemy.moml.MoMLSimpleApplication@5a057b4a
reloadAllAccessors: .CausalityAndComposabilityAnalysis

===========================================================================================
----------------- testing Wed Jun 10 14:39:15 UTC 2020 /home/travis/build/icyphy/ptII/ptolemy/domains/de/test/auto/CausalityInterface1.xml
----------------- Instantiating /home/travis/build/icyphy/ptII/ptolemy/domains/de/test/auto/CausalityInterface1.xml
5 ms. Memory: 51200K Free: 25253K (49%)
----------------- Invoking toplevel() on ptolemy.moml.MoMLSimpleApplication@22a1a435
----------------- Done invoking toplevel() on ptolemy.moml.MoMLSimpleApplication@22a1a435
reloadAllAccessors: .CausalityInterface1

===========================================================================================
----------------- testing Wed Jun 10 14:39:15 UTC 2020 /home/travis/build/icyphy/ptII/ptolemy/domains/de/test/auto/CausalityInterface15.xml
----------------- Instantiating /home/travis/build/icyphy/ptII/ptolemy/domains/de/test/auto/CausalityInterface15.xml
2 ms. Memory: 51200K Free: 19752K (39%)
----------------- Invoking toplevel() on ptolemy.moml.MoMLSimpleApplication@29e34d70
----------------- Done invoking toplevel() on ptolemy.moml.MoMLSimpleApplication@29e34d70
reloadAllAccessors: .CausalityInterface15

===========================================================================================
----------------- testing Wed Jun 10 14:39:16 UTC 2020 /home/travis/build/icyphy/ptII/ptolemy/domains/de/test/auto/CausalityInterface2.xml
----------------- Instantiating /home/travis/build/icyphy/ptII/ptolemy/domains/de/test/auto/CausalityInterface2.xml
1 ms. Memory: 51200K Free: 15262K (30%)
[...]
	at ptolemy.actor.Manager.run(Manager.java:1263)
	at ptolemy.actor.Manager$PtolemyRunThread.run(Manager.java:1933)
java.lang.RuntimeException: Execution failed
	at ptolemy.moml.MoMLSimpleApplication$UnloadThread.run(MoMLSimpleApplication.java:402)
Caused by: ptolemy.kernel.util.IllegalActionException: Actor is not ready to fire.  Perhaps UpSample.prefire() returned false? Try debugging the actor by selecting "Listen to Actor".  Also, for SDF check moml for tokenConsumptionRate on input.
  in .DESDFClockTest.Play Bell.Copy1:SDF Director and .DESDFClockTest.Play Bell.UpSample
	at ptolemy.actor.sched.StaticSchedulingDirector.fire(StaticSchedulingDirector.java:227)
	at ptolemy.domains.sdf.kernel.SDFDirector.fire(SDFDirector.java:500)
	at ptolemy.actor.CompositeActor.fire(CompositeActor.java:455)
	at ptolemy.domains.de.kernel.DEDirector._fire(DEDirector.java:1949)
	at ptolemy.domains.de.kernel.DEDirector.fire(DEDirector.java:502)
	at ptolemy.actor.CompositeActor.fire(CompositeActor.java:455)
	at ptolemy.actor.Manager.iterate(Manager.java:851)
	at ptolemy.actor.Manager.execute(Manager.java:369)
	at ptolemy.actor.Manager.run(Manager.java:1263)
	at ptolemy.actor.Manager$PtolemyRunThread.run(Manager.java:1933)
java.lang.reflect.InvocationTargetException
	at java.base/jdk.internal.reflect.NativeConstructorAccessorImpl.newInstance0(Native Method)
	at java.base/jdk.internal.reflect.NativeConstructorAccessorImpl.newInstance(NativeConstructorAccessorImpl.java:62)
	at java.base/jdk.internal.reflect.DelegatingConstructorAccessorImpl.newInstance(DelegatingConstructorAccessorImpl.java:45)
	at java.base/java.lang.reflect.Constructor.newInstance(Constructor.java:490)
	at ptolemy.util.test.junit.AutoKnownFailedTests.RunModel(AutoKnownFailedTests.java:105)
	at java.base/jdk.internal.reflect.NativeMethodAccessorImpl.invoke0(Native Method)
	at java.base/jdk.internal.reflect.NativeMethodAccessorImpl.invoke(NativeMethodAccessorImpl.java:62)
	at java.base/jdk.internal.reflect.DelegatingMethodAccessorImpl.invoke(DelegatingMethodAccessorImpl.java:43)
	at java.base/java.lang.reflect.Method.invoke(Method.java:566)
	at org.junit.runners.model.FrameworkMethod$1.runReflectiveCall(FrameworkMethod.java:44)
	at org.junit.internal.runners.model.ReflectiveCallable.run(ReflectiveCallable.java:15)
	at org.junit.runners.model.FrameworkMethod.invokeExplosively(FrameworkMethod.java:41)
	at junitparams.internal.InvokeParameterisedMethod.evaluate(InvokeParameterisedMethod.java:102)
	at org.junit.internal.runners.statements.FailOnTimeout$1.run(FailOnTimeout.java:28)
Caused by: ptolemy.kernel.util.IllegalActionException: Actor is not ready to fire.  Perhaps UpSample.prefire() returned false? Try debugging the actor by selecting "Listen to Actor".  Also, for SDF check moml for tokenConsumptionRate on input.
  in .DESDFClockTest.Play Bell.Copy1:SDF Director and .DESDFClockTest.Play Bell.UpSample
	at ptolemy.actor.sched.StaticSchedulingDirector.fire(StaticSchedulingDirector.java:227)
	at ptolemy.domains.sdf.kernel.SDFDirector.fire(SDFDirector.java:500)
	at ptolemy.actor.CompositeActor.fire(CompositeActor.java:455)
	at ptolemy.domains.de.kernel.DEDirector._fire(DEDirector.java:1949)
	at ptolemy.domains.de.kernel.DEDirector.fire(DEDirector.java:502)
	at ptolemy.actor.CompositeActor.fire(CompositeActor.java:455)
	at ptolemy.actor.Manager.iterate(Manager.java:851)
	at ptolemy.actor.Manager.execute(Manager.java:369)
	at ptolemy.actor.Manager.run(Manager.java:1263)
	at ptolemy.actor.Manager$PtolemyRunThread.run(Manager.java:1933)
java.lang.RuntimeException: Execution failed
	at ptolemy.moml.MoMLSimpleApplication$UnloadThread.run(MoMLSimpleApplication.java:402)
Caused by: ptolemy.kernel.util.IllegalActionException: Test fails in iteration 1.
Value was: 1.0. Should have been: 2.0
  in .DirectFeedback.Test
	at ptolemy.actor.lib.Test.fire(Test.java:268)
	at ptolemy.domains.de.kernel.DEDirector._fire(DEDirector.java:1949)
	at ptolemy.domains.de.kernel.DEDirector.fire(DEDirector.java:502)
	at ptolemy.actor.CompositeActor.fire(CompositeActor.java:455)
	at ptolemy.actor.Manager.iterate(Manager.java:851)
	at ptolemy.actor.Manager.execute(Manager.java:369)
	at ptolemy.actor.Manager.run(Manager.java:1263)
	at ptolemy.actor.Manager$PtolemyRunThread.run(Manager.java:1933)
java.lang.reflect.InvocationTargetException
	at java.base/jdk.internal.reflect.NativeConstructorAccessorImpl.newInstance0(Native Method)
	at java.base/jdk.internal.reflect.NativeConstructorAccessorImpl.newInstance(NativeConstructorAccessorImpl.java:62)
	at java.base/jdk.internal.reflect.DelegatingConstructorAccessorImpl.newInstance(DelegatingConstructorAccessorImpl.java:45)
	at java.base/java.lang.reflect.Constructor.newInstance(Constructor.java:490)
	at ptolemy.util.test.junit.AutoKnownFailedTests.RunModel(AutoKnownFailedTests.java:105)
	at java.base/jdk.internal.reflect.NativeMethodAccessorImpl.invoke0(Native Method)
	at java.base/jdk.internal.reflect.NativeMethodAccessorImpl.invoke(NativeMethodAccessorImpl.java:62)
	at java.base/jdk.internal.reflect.DelegatingMethodAccessorImpl.invoke(DelegatingMethodAccessorImpl.java:43)
	at java.base/java.lang.reflect.Method.invoke(Method.java:566)
	at org.junit.runners.model.FrameworkMethod$1.runReflectiveCall(FrameworkMethod.java:44)
	at org.junit.internal.runners.model.ReflectiveCallable.run(ReflectiveCallable.java:15)
	at org.junit.runners.model.FrameworkMethod.invokeExplosively(FrameworkMethod.java:41)
	at junitparams.internal.InvokeParameterisedMethod.evaluate(InvokeParameterisedMethod.java:102)
	at org.junit.internal.runners.statements.FailOnTimeout$1.run(FailOnTimeout.java:28)
Caused by: ptolemy.kernel.util.IllegalActionException: Test fails in iteration 1.
Value was: 1.0. Should have been: 2.0
  in .DirectFeedback.Test
	at ptolemy.actor.lib.Test.fire(Test.java:268)
	at ptolemy.domains.de.kernel.DEDirector._fire(DEDirector.java:1949)
	at ptolemy.domains.de.kernel.DEDirector.fire(DEDirector.java:502)
	at ptolemy.actor.CompositeActor.fire(CompositeActor.java:455)
	at ptolemy.actor.Manager.iterate(Manager.java:851)
	at ptolemy.actor.Manager.execute(Manager.java:369)
	at ptolemy.actor.Manager.run(Manager.java:1263)
	at ptolemy.actor.Manager$PtolemyRunThread.run(Manager.java:1933)
java.lang.RuntimeException: Execution failed
	at ptolemy.moml.MoMLSimpleApplication$UnloadThread.run(MoMLSimpleApplication.java:402)
Caused by: ptolemy.kernel.util.IllegalActionException: Found a zero delay loop containing .HierarchicalModel.A
  in .HierarchicalModel and .HierarchicalModel.A
	at ptolemy.actor.util.CausalityInterfaceForComposites._computeOutputPortDepth(CausalityInterfaceForComposites.java:759)
	at ptolemy.actor.util.CausalityInterfaceForComposites._computeInputDepth(CausalityInterfaceForComposites.java:696)
	at ptolemy.actor.util.CausalityInterfaceForComposites._computeOutputPortDepth(CausalityInterfaceForComposites.java:765)
	at ptolemy.actor.util.CausalityInterfaceForComposites._computeInputDepth(CausalityInterfaceForComposites.java:696)
	at ptolemy.actor.util.CausalityInterfaceForComposites._computeOutputPortDepth(CausalityInterfaceForComposites.java:765)
	at ptolemy.actor.util.CausalityInterfaceForComposites._computeInputDepth(CausalityInterfaceForComposites.java:696)
	at ptolemy.actor.util.CausalityInterfaceForComposites._computeActorDepth(CausalityInterfaceForComposites.java:532)
	at ptolemy.actor.util.CausalityInterfaceForComposites.checkForCycles(CausalityInterfaceForComposites.java:96)
	at ptolemy.domains.de.kernel.DEDirector.preinitialize(DEDirector.java:1338)
	at ptolemy.actor.CompositeActor.preinitialize(CompositeActor.java:1828)
	at ptolemy.actor.Manager.preinitializeAndResolveTypes(Manager.java:1040)
	at ptolemy.actor.Manager.initialize(Manager.java:710)
	at ptolemy.actor.Manager.execute(Manager.java:356)
	at ptolemy.actor.Manager.run(Manager.java:1263)
	at ptolemy.actor.Manager$PtolemyRunThread.run(Manager.java:1933)
java.lang.reflect.InvocationTargetException
	at java.base/jdk.internal.reflect.NativeConstructorAccessorImpl.newInstance0(Native Method)
	at java.base/jdk.internal.reflect.NativeConstructorAccessorImpl.newInstance(NativeConstructorAccessorImpl.java:62)
	at java.base/jdk.internal.reflect.DelegatingConstructorAccessorImpl.newInstance(DelegatingConstructorAccessorImpl.java:45)
	at java.base/java.lang.reflect.Constructor.newInstance(Constructor.java:490)
	at ptolemy.util.test.junit.AutoKnownFailedTests.RunModel(AutoKnownFailedTests.java:105)
	at java.base/jdk.internal.reflect.NativeMethodAccessorImpl.invoke0(Native Method)
	at java.base/jdk.internal.reflect.NativeMethodAccessorImpl.invoke(NativeMethodAccessorImpl.java:62)
	at java.base/jdk.internal.reflect.DelegatingMethodAccessorImpl.invoke(DelegatingMethodAccessorImpl.java:43)
	at java.base/java.lang.reflect.Method.invoke(Method.java:566)
	at org.junit.runners.model.FrameworkMethod$1.runReflectiveCall(FrameworkMethod.java:44)
	at org.junit.internal.runners.model.ReflectiveCallable.run(ReflectiveCallable.java:15)
	at org.junit.runners.model.FrameworkMethod.invokeExplosively(FrameworkMethod.java:41)
	at junitparams.internal.InvokeParameterisedMethod.evaluate(InvokeParameterisedMethod.java:102)
	at org.junit.internal.runners.statements.FailOnTimeout$1.run(FailOnTimeout.java:28)
Caused by: ptolemy.kernel.util.IllegalActionException: Found a zero delay loop containing .HierarchicalModel.A
  in .HierarchicalModel and .HierarchicalModel.A
	at ptolemy.actor.util.CausalityInterfaceForComposites._computeOutputPortDepth(CausalityInterfaceForComposites.java:759)
	at ptolemy.actor.util.CausalityInterfaceForComposites._computeInputDepth(CausalityInterfaceForComposites.java:696)
	at ptolemy.actor.util.CausalityInterfaceForComposites._computeOutputPortDepth(CausalityInterfaceForComposites.java:765)
	at ptolemy.actor.util.CausalityInterfaceForComposites._computeInputDepth(CausalityInterfaceForComposites.java:696)
	at ptolemy.actor.util.CausalityInterfaceForComposites._computeOutputPortDepth(CausalityInterfaceForComposites.java:765)
	at ptolemy.actor.util.CausalityInterfaceForComposites._computeInputDepth(CausalityInterfaceForComposites.java:696)
	at ptolemy.actor.util.CausalityInterfaceForComposites._computeActorDepth(CausalityInterfaceForComposites.java:532)
	at ptolemy.actor.util.CausalityInterfaceForComposites.checkForCycles(CausalityInterfaceForComposites.java:96)
	at ptolemy.domains.de.kernel.DEDirector.preinitialize(DEDirector.java:1338)
	at ptolemy.actor.CompositeActor.preinitialize(CompositeActor.java:1828)
	at ptolemy.actor.Manager.preinitializeAndResolveTypes(Manager.java:1040)
	at ptolemy.actor.Manager.initialize(Manager.java:710)
	at ptolemy.actor.Manager.execute(Manager.java:356)
	at ptolemy.actor.Manager.run(Manager.java:1263)
	at ptolemy.actor.Manager$PtolemyRunThread.run(Manager.java:1933)
java.lang.RuntimeException: Execution failed
	at ptolemy.moml.MoMLSimpleApplication$UnloadThread.run(MoMLSimpleApplication.java:402)
Caused by: ptolemy.kernel.util.IllegalActionException: Found a zero delay loop containing .dependencyLoop.original
  in .dependencyLoop and .dependencyLoop.original
	at ptolemy.actor.util.CausalityInterfaceForComposites._computeOutputPortDepth(CausalityInterfaceForComposites.java:759)
	at ptolemy.actor.util.CausalityInterfaceForComposites._computeInputDepth(CausalityInterfaceForComposites.java:696)
	at ptolemy.actor.util.CausalityInterfaceForComposites._computeOutputPortDepth(CausalityInterfaceForComposites.java:765)
	at ptolemy.actor.util.CausalityInterfaceForComposites._computeInputDepth(CausalityInterfaceForComposites.java:696)
	at ptolemy.actor.util.CausalityInterfaceForComposites._computeOutputPortDepth(CausalityInterfaceForComposites.java:765)
	at ptolemy.actor.util.CausalityInterfaceForComposites._computeInputDepth(CausalityInterfaceForComposites.java:696)
	at ptolemy.actor.util.CausalityInterfaceForComposites._computeActorDepth(CausalityInterfaceForComposites.java:532)
	at ptolemy.actor.util.CausalityInterfaceForComposites.checkForCycles(CausalityInterfaceForComposites.java:96)
	at ptolemy.domains.de.kernel.DEDirector.preinitialize(DEDirector.java:1338)
	at ptolemy.actor.CompositeActor.preinitialize(CompositeActor.java:1828)
	at ptolemy.actor.Manager.preinitializeAndResolveTypes(Manager.java:1040)
	at ptolemy.actor.Manager.initialize(Manager.java:710)
	at ptolemy.actor.Manager.execute(Manager.java:356)
	at ptolemy.actor.Manager.run(Manager.java:1263)
	at ptolemy.actor.Manager$PtolemyRunThread.run(Manager.java:1933)
java.lang.reflect.InvocationTargetException
	at java.base/jdk.internal.reflect.NativeConstructorAccessorImpl.newInstance0(Native Method)
	at java.base/jdk.internal.reflect.NativeConstructorAccessorImpl.newInstance(NativeConstructorAccessorImpl.java:62)
	at java.base/jdk.internal.reflect.DelegatingConstructorAccessorImpl.newInstance(DelegatingConstructorAccessorImpl.java:45)
	at java.base/java.lang.reflect.Constructor.newInstance(Constructor.java:490)
	at ptolemy.util.test.junit.AutoKnownFailedTests.RunModel(AutoKnownFailedTests.java:105)
	at java.base/jdk.internal.reflect.NativeMethodAccessorImpl.invoke0(Native Method)
	at java.base/jdk.internal.reflect.NativeMethodAccessorImpl.invoke(NativeMethodAccessorImpl.java:62)
	at java.base/jdk.internal.reflect.DelegatingMethodAccessorImpl.invoke(DelegatingMethodAccessorImpl.java:43)
	at java.base/java.lang.reflect.Method.invoke(Method.java:566)
	at org.junit.runners.model.FrameworkMethod$1.runReflectiveCall(FrameworkMethod.java:44)
	at org.junit.internal.runners.model.ReflectiveCallable.run(ReflectiveCallable.java:15)
	at org.junit.runners.model.FrameworkMethod.invokeExplosively(FrameworkMethod.java:41)
	at junitparams.internal.InvokeParameterisedMethod.evaluate(InvokeParameterisedMethod.java:102)
	at org.junit.internal.runners.statements.FailOnTimeout$1.run(FailOnTimeout.java:28)
Caused by: ptolemy.kernel.util.IllegalActionException: Found a zero delay loop containing .dependencyLoop.original
  in .dependencyLoop and .dependencyLoop.original
	at ptolemy.actor.util.CausalityInterfaceForComposites._computeOutputPortDepth(CausalityInterfaceForComposites.java:759)
	at ptolemy.actor.util.CausalityInterfaceForComposites._computeInputDepth(CausalityInterfaceForComposites.java:696)
	at ptolemy.actor.util.CausalityInterfaceForComposites._computeOutputPortDepth(CausalityInterfaceForComposites.java:765)
	at ptolemy.actor.util.CausalityInterfaceForComposites._computeInputDepth(CausalityInterfaceForComposites.java:696)
	at ptolemy.actor.util.CausalityInterfaceForComposites._computeOutputPortDepth(CausalityInterfaceForComposites.java:765)
	at ptolemy.actor.util.CausalityInterfaceForComposites._computeInputDepth(CausalityInterfaceForComposites.java:696)
	at ptolemy.actor.util.CausalityInterfaceForComposites._computeActorDepth(CausalityInterfaceForComposites.java:532)
	at ptolemy.actor.util.CausalityInterfaceForComposites.checkForCycles(CausalityInterfaceForComposites.java:96)
	at ptolemy.domains.de.kernel.DEDirector.preinitialize(DEDirector.java:1338)
	at ptolemy.actor.CompositeActor.preinitialize(CompositeActor.java:1828)
	at ptolemy.actor.Manager.preinitializeAndResolveTypes(Manager.java:1040)
	at ptolemy.actor.Manager.initialize(Manager.java:710)
	at ptolemy.actor.Manager.execute(Manager.java:356)
	at ptolemy.actor.Manager.run(Manager.java:1263)
	at ptolemy.actor.Manager$PtolemyRunThread.run(Manager.java:1933)
java.lang.RuntimeException: Execution failed
	at ptolemy.moml.MoMLSimpleApplication$UnloadThread.run(MoMLSimpleApplication.java:402)
Caused by: ptolemy.kernel.util.IllegalActionException: Found a zero delay loop containing .dependencyLoop2.original
  in .dependencyLoop2 and .dependencyLoop2.original
	at ptolemy.actor.util.CausalityInterfaceForComposites._computeOutputPortDepth(CausalityInterfaceForComposites.java:759)
	at ptolemy.actor.util.CausalityInterfaceForComposites._computeInputDepth(CausalityInterfaceForComposites.java:696)
	at ptolemy.actor.util.CausalityInterfaceForComposites._computeOutputPortDepth(CausalityInterfaceForComposites.java:765)
	at ptolemy.actor.util.CausalityInterfaceForComposites._computeInputDepth(CausalityInterfaceForComposites.java:696)
	at ptolemy.actor.util.CausalityInterfaceForComposites._computeOutputPortDepth(CausalityInterfaceForComposites.java:765)
	at ptolemy.actor.util.CausalityInterfaceForComposites._computeInputDepth(CausalityInterfaceForComposites.java:696)
	at ptolemy.actor.util.CausalityInterfaceForComposites._computeActorDepth(CausalityInterfaceForComposites.java:532)
	at ptolemy.actor.util.CausalityInterfaceForComposites.checkForCycles(CausalityInterfaceForComposites.java:96)
	at ptolemy.domains.de.kernel.DEDirector.preinitialize(DEDirector.java:1338)
	at ptolemy.actor.CompositeActor.preinitialize(CompositeActor.java:1828)
	at ptolemy.actor.Manager.preinitializeAndResolveTypes(Manager.java:1040)
	at ptolemy.actor.Manager.initialize(Manager.java:710)
	at ptolemy.actor.Manager.execute(Manager.java:356)
	at ptolemy.actor.Manager.run(Manager.java:1263)
	at ptolemy.actor.Manager$PtolemyRunThread.run(Manager.java:1933)
java.lang.reflect.InvocationTargetException
	at java.base/jdk.internal.reflect.NativeConstructorAccessorImpl.newInstance0(Native Method)
	at java.base/jdk.internal.reflect.NativeConstructorAccessorImpl.newInstance(NativeConstructorAccessorImpl.java:62)
	at java.base/jdk.internal.reflect.DelegatingConstructorAccessorImpl.newInstance(DelegatingConstructorAccessorImpl.java:45)
	at java.base/java.lang.reflect.Constructor.newInstance(Constructor.java:490)
	at ptolemy.util.test.junit.AutoKnownFailedTests.RunModel(AutoKnownFailedTests.java:105)
	at java.base/jdk.internal.reflect.NativeMethodAccessorImpl.invoke0(Native Method)
	at java.base/jdk.internal.reflect.NativeMethodAccessorImpl.invoke(NativeMethodAccessorImpl.java:62)
	at java.base/jdk.internal.reflect.DelegatingMethodAccessorImpl.invoke(DelegatingMethodAccessorImpl.java:43)
	at java.base/java.lang.reflect.Method.invoke(Method.java:566)
	at org.junit.runners.model.FrameworkMethod$1.runReflectiveCall(FrameworkMethod.java:44)
	at org.junit.internal.runners.model.ReflectiveCallable.run(ReflectiveCallable.java:15)
	at org.junit.runners.model.FrameworkMethod.invokeExplosively(FrameworkMethod.java:41)
	at junitparams.internal.InvokeParameterisedMethod.evaluate(InvokeParameterisedMethod.java:102)
	at org.junit.internal.runners.statements.FailOnTimeout$1.run(FailOnTimeout.java:28)
Caused by: ptolemy.kernel.util.IllegalActionException: Found a zero delay loop containing .dependencyLoop2.original
  in .dependencyLoop2 and .dependencyLoop2.original
	at ptolemy.actor.util.CausalityInterfaceForComposites._computeOutputPortDepth(CausalityInterfaceForComposites.java:759)
	at ptolemy.actor.util.CausalityInterfaceForComposites._computeInputDepth(CausalityInterfaceForComposites.java:696)
	at ptolemy.actor.util.CausalityInterfaceForComposites._computeOutputPortDepth(CausalityInterfaceForComposites.java:765)
	at ptolemy.actor.util.CausalityInterfaceForComposites._computeInputDepth(CausalityInterfaceForComposites.java:696)
	at ptolemy.actor.util.CausalityInterfaceForComposites._computeOutputPortDepth(CausalityInterfaceForComposites.java:765)
	at ptolemy.actor.util.CausalityInterfaceForComposites._computeInputDepth(CausalityInterfaceForComposites.java:696)
	at ptolemy.actor.util.CausalityInterfaceForComposites._computeActorDepth(CausalityInterfaceForComposites.java:532)
	at ptolemy.actor.util.CausalityInterfaceForComposites.checkForCycles(CausalityInterfaceForComposites.java:96)
	at ptolemy.domains.de.kernel.DEDirector.preinitialize(DEDirector.java:1338)
	at ptolemy.actor.CompositeActor.preinitialize(CompositeActor.java:1828)
	at ptolemy.actor.Manager.preinitializeAndResolveTypes(Manager.java:1040)
	at ptolemy.actor.Manager.initialize(Manager.java:710)
	at ptolemy.actor.Manager.execute(Manager.java:356)
	at ptolemy.actor.Manager.run(Manager.java:1263)
	at ptolemy.actor.Manager$PtolemyRunThread.run(Manager.java:1933)
]]></system-err>
</testsuite>
