<?xml version="1.0" encoding="UTF-8" ?>
<testsuite errors="0" failures="0" hostname="travis-job-718fa6c0-55db-47f7-807c-5ed9a8f06422" name="ptolemy.domains.de.test.junit.JUnitTclTest" skipped="0" tests="101" time="121.07" timestamp="2020-09-22T15:46:28">
  <properties>
[...]
</properties>
  <testcase classname="ptolemy.util.test.junit.TclTests" name="[0] /home/travis/build/icyphy/ptII/ptolemy/domains/de/test/DependencyLoop.tcl (RunTclFile)" time="1.077" />
  <testcase classname="ptolemy.util.test.junit.TclTests" name="[1] /home/travis/build/icyphy/ptII/ptolemy/domains/de/test/RunDETestsAsQSS.tcl (RunTclFile)" time="81.826" />
  <testcase classname="ptolemy.util.test.junit.AutoKnownFailedTests" name="[0] /home/travis/build/icyphy/ptII/ptolemy/domains/de/test/auto/knownFailedTests/DESDFClockTest.xml (RunModel)" time="2.034" />
  <testcase classname="ptolemy.util.test.junit.AutoKnownFailedTests" name="[1] /home/travis/build/icyphy/ptII/ptolemy/domains/de/test/auto/knownFailedTests/DirectFeedback.xml (RunModel)" time="0.022" />
  <testcase classname="ptolemy.util.test.junit.AutoKnownFailedTests" name="[2] /home/travis/build/icyphy/ptII/ptolemy/domains/de/test/auto/knownFailedTests/FSMSource.xml (RunModel)" time="0.026" />
  <testcase classname="ptolemy.util.test.junit.AutoKnownFailedTests" name="[3] /home/travis/build/icyphy/ptII/ptolemy/domains/de/test/auto/knownFailedTests/HierarchicalModel.xml (RunModel)" time="0.049" />
  <testcase classname="ptolemy.util.test.junit.AutoKnownFailedTests" name="[4] /home/travis/build/icyphy/ptII/ptolemy/domains/de/test/auto/knownFailedTests/dependencyLoop.xml (RunModel)" time="0.04" />
  <testcase classname="ptolemy.util.test.junit.AutoKnownFailedTests" name="[5] /home/travis/build/icyphy/ptII/ptolemy/domains/de/test/auto/knownFailedTests/dependencyLoop2.xml (RunModel)" time="0.049" />
  <testcase classname="ptolemy.util.test.junit.AutoNameArchTests" name="[0] ThereAreNoAutoArchTests (RunModel)" time="0.001" />
  <testcase classname="ptolemy.util.test.junit.AutoTests" name="[0] /home/travis/build/icyphy/ptII/ptolemy/domains/de/test/auto/ActorDepthCalculation_actorWithoutPorts.xml (RunModel)" time="0.022" />
  <testcase classname="ptolemy.util.test.junit.AutoTests" name="[1] /home/travis/build/icyphy/ptII/ptolemy/domains/de/test/auto/AssemblyLine.xml (RunModel)" time="0.025" />
  <testcase classname="ptolemy.util.test.junit.AutoTests" name="[2] /home/travis/build/icyphy/ptII/ptolemy/domains/de/test/auto/CQBug1.xml (RunModel)" time="0.008" />
  <testcase classname="ptolemy.util.test.junit.AutoTests" name="[3] /home/travis/build/icyphy/ptII/ptolemy/domains/de/test/auto/CancelFireAt.xml (RunModel)" time="0.006" />
  <testcase classname="ptolemy.util.test.junit.AutoTests" name="[4] /home/travis/build/icyphy/ptII/ptolemy/domains/de/test/auto/CausalityAndComposabilityAnalysis.xml (RunModel)" time="0.013" />
  <testcase classname="ptolemy.util.test.junit.AutoTests" name="[5] /home/travis/build/icyphy/ptII/ptolemy/domains/de/test/auto/CausalityInterface1.xml (RunModel)" time="0.014" />
  <testcase classname="ptolemy.util.test.junit.AutoTests" name="[6] /home/travis/build/icyphy/ptII/ptolemy/domains/de/test/auto/CausalityInterface15.xml (RunModel)" time="0.015" />
  <testcase classname="ptolemy.util.test.junit.AutoTests" name="[7] /home/travis/build/icyphy/ptII/ptolemy/domains/de/test/auto/CausalityInterface2.xml (RunModel)" time="0.009" />
  <testcase classname="ptolemy.util.test.junit.AutoTests" name="[8] /home/travis/build/icyphy/ptII/ptolemy/domains/de/test/auto/CausalityInterface3.xml (RunModel)" time="0.014" />
  <testcase classname="ptolemy.util.test.junit.AutoTests" name="[9] /home/travis/build/icyphy/ptII/ptolemy/domains/de/test/auto/ClockDrift.xml (RunModel)" time="0.036" />
  <testcase classname="ptolemy.util.test.junit.AutoTests" name="[10] /home/travis/build/icyphy/ptII/ptolemy/domains/de/test/auto/ClockDriftAndValueChange.xml (RunModel)" time="0.03" />
  <testcase classname="ptolemy.util.test.junit.AutoTests" name="[11] /home/travis/build/icyphy/ptII/ptolemy/domains/de/test/auto/ClockDriftChange.xml (RunModel)" time="0.034" />
  <testcase classname="ptolemy.util.test.junit.AutoTests" name="[12] /home/travis/build/icyphy/ptII/ptolemy/domains/de/test/auto/ComposableCausalityAnalysis.xml (RunModel)" time="0.014" />
  <testcase classname="ptolemy.util.test.junit.AutoTests" name="[13] /home/travis/build/icyphy/ptII/ptolemy/domains/de/test/auto/DEFixedPointLimitation.xml (RunModel)" time="0.009" />
  <testcase classname="ptolemy.util.test.junit.AutoTests" name="[14] /home/travis/build/icyphy/ptII/ptolemy/domains/de/test/auto/DEScheduleTest.xml (RunModel)" time="0.018" />
  <testcase classname="ptolemy.util.test.junit.AutoTests" name="[15] /home/travis/build/icyphy/ptII/ptolemy/domains/de/test/auto/DEinDEwithStartTimes.xml (RunModel)" time="0.015" />
  <testcase classname="ptolemy.util.test.junit.AutoTests" name="[16] /home/travis/build/icyphy/ptII/ptolemy/domains/de/test/auto/DEinDEwithStartTimes2.xml (RunModel)" time="0.016" />
  <testcase classname="ptolemy.util.test.junit.AutoTests" name="[17] /home/travis/build/icyphy/ptII/ptolemy/domains/de/test/auto/DateDemo.xml (RunModel)" time="0.035" />
  <testcase classname="ptolemy.util.test.junit.AutoTests" name="[18] /home/travis/build/icyphy/ptII/ptolemy/domains/de/test/auto/DateToEvent.xml (RunModel)" time="2.047" />
  <testcase classname="ptolemy.util.test.junit.AutoTests" name="[19] /home/travis/build/icyphy/ptII/ptolemy/domains/de/test/auto/DepthTest1.xml (RunModel)" time="0.009" />
  <testcase classname="ptolemy.util.test.junit.AutoTests" name="[20] /home/travis/build/icyphy/ptII/ptolemy/domains/de/test/auto/DepthTest2.xml (RunModel)" time="0.017" />
  <testcase classname="ptolemy.util.test.junit.AutoTests" name="[21] /home/travis/build/icyphy/ptII/ptolemy/domains/de/test/auto/DepthTest3.xml (RunModel)" time="0.007" />
  <testcase classname="ptolemy.util.test.junit.AutoTests" name="[22] /home/travis/build/icyphy/ptII/ptolemy/domains/de/test/auto/DepthTest4.xml (RunModel)" time="0.021" />
  <testcase classname="ptolemy.util.test.junit.AutoTests" name="[23] /home/travis/build/icyphy/ptII/ptolemy/domains/de/test/auto/DepthTest5.xml (RunModel)" time="0.015" />
  <testcase classname="ptolemy.util.test.junit.AutoTests" name="[24] /home/travis/build/icyphy/ptII/ptolemy/domains/de/test/auto/DepthTest6.xml (RunModel)" time="0.011" />
  <testcase classname="ptolemy.util.test.junit.AutoTests" name="[25] /home/travis/build/icyphy/ptII/ptolemy/domains/de/test/auto/DepthTest7.xml (RunModel)" time="0.011" />
  <testcase classname="ptolemy.util.test.junit.AutoTests" name="[26] /home/travis/build/icyphy/ptII/ptolemy/domains/de/test/auto/EventToDate.xml (RunModel)" time="3.047" />
  <testcase classname="ptolemy.util.test.junit.AutoTests" name="[27] /home/travis/build/icyphy/ptII/ptolemy/domains/de/test/auto/FSM1.xml (RunModel)" time="0.037" />
  <testcase classname="ptolemy.util.test.junit.AutoTests" name="[28] /home/travis/build/icyphy/ptII/ptolemy/domains/de/test/auto/FSM7.xml (RunModel)" time="0.042" />
  <testcase classname="ptolemy.util.test.junit.AutoTests" name="[29] /home/travis/build/icyphy/ptII/ptolemy/domains/de/test/auto/Inspection.xml (RunModel)" time="0.044" />
  <testcase classname="ptolemy.util.test.junit.AutoTests" name="[30] /home/travis/build/icyphy/ptII/ptolemy/domains/de/test/auto/Iteration.xml (RunModel)" time="0.021" />
  <testcase classname="ptolemy.util.test.junit.AutoTests" name="[31] /home/travis/build/icyphy/ptII/ptolemy/domains/de/test/auto/LineFault.xml (RunModel)" time="0.537" />
  <testcase classname="ptolemy.util.test.junit.AutoTests" name="[32] /home/travis/build/icyphy/ptII/ptolemy/domains/de/test/auto/MergeModel1Add.xml (RunModel)" time="0.048" />
  <testcase classname="ptolemy.util.test.junit.AutoTests" name="[33] /home/travis/build/icyphy/ptII/ptolemy/domains/de/test/auto/MergeModel2Add.xml (RunModel)" time="0.04" />
  <testcase classname="ptolemy.util.test.junit.AutoTests" name="[34] /home/travis/build/icyphy/ptII/ptolemy/domains/de/test/auto/MergeModel3Add.xml (RunModel)" time="0.04" />
  <testcase classname="ptolemy.util.test.junit.AutoTests" name="[35] /home/travis/build/icyphy/ptII/ptolemy/domains/de/test/auto/MergeWithoutDiscard.xml (RunModel)" time="0.015" />
  <testcase classname="ptolemy.util.test.junit.AutoTests" name="[36] /home/travis/build/icyphy/ptII/ptolemy/domains/de/test/auto/Modal1.xml (RunModel)" time="0.027" />
  <testcase classname="ptolemy.util.test.junit.AutoTests" name="[37] /home/travis/build/icyphy/ptII/ptolemy/domains/de/test/auto/Modal2.xml (RunModel)" time="0.028" />
  <testcase classname="ptolemy.util.test.junit.AutoTests" name="[38] /home/travis/build/icyphy/ptII/ptolemy/domains/de/test/auto/Modal3.xml (RunModel)" time="0.024" />
  <testcase classname="ptolemy.util.test.junit.AutoTests" name="[39] /home/travis/build/icyphy/ptII/ptolemy/domains/de/test/auto/Modal4.xml (RunModel)" time="0.029" />
  <testcase classname="ptolemy.util.test.junit.AutoTests" name="[40] /home/travis/build/icyphy/ptII/ptolemy/domains/de/test/auto/Modal5.xml (RunModel)" time="0.028" />
  <testcase classname="ptolemy.util.test.junit.AutoTests" name="[41] /home/travis/build/icyphy/ptII/ptolemy/domains/de/test/auto/Modal6.xml (RunModel)" time="0.032" />
  <testcase classname="ptolemy.util.test.junit.AutoTests" name="[42] /home/travis/build/icyphy/ptII/ptolemy/domains/de/test/auto/Modal7.xml (RunModel)" time="0.031" />
  <testcase classname="ptolemy.util.test.junit.AutoTests" name="[43] /home/travis/build/icyphy/ptII/ptolemy/domains/de/test/auto/ModalModel.xml (RunModel)" time="0.169" />
  <testcase classname="ptolemy.util.test.junit.AutoTests" name="[44] /home/travis/build/icyphy/ptII/ptolemy/domains/de/test/auto/ModalSource.xml (RunModel)" time="0.025" />
  <testcase classname="ptolemy.util.test.junit.AutoTests" name="[45] /home/travis/build/icyphy/ptII/ptolemy/domains/de/test/auto/NonInterruptibleTimerZeroDelay.xml (RunModel)" time="0.01" />
  <testcase classname="ptolemy.util.test.junit.AutoTests" name="[46] /home/travis/build/icyphy/ptII/ptolemy/domains/de/test/auto/OpenQueueingNetwork.xml (RunModel)" time="2.367" />
  <testcase classname="ptolemy.util.test.junit.AutoTests" name="[47] /home/travis/build/icyphy/ptII/ptolemy/domains/de/test/auto/OpenQueuingNetwork.xml (RunModel)" time="0.26" />
  <testcase classname="ptolemy.util.test.junit.AutoTests" name="[48] /home/travis/build/icyphy/ptII/ptolemy/domains/de/test/auto/PeriodicSampler.xml (RunModel)" time="0.016" />
  <testcase classname="ptolemy.util.test.junit.AutoTests" name="[49] /home/travis/build/icyphy/ptII/ptolemy/domains/de/test/auto/PersistentIO.xml (RunModel)" time="0.025" />
  <testcase classname="ptolemy.util.test.junit.AutoTests" name="[50] /home/travis/build/icyphy/ptII/ptolemy/domains/de/test/auto/PortParameterResetOnInitialize.xml (RunModel)" time="0.01" />
  <testcase classname="ptolemy.util.test.junit.AutoTests" name="[51] /home/travis/build/icyphy/ptII/ptolemy/domains/de/test/auto/PortParameterUpdates.xml (RunModel)" time="0.017" />
  <testcase classname="ptolemy.util.test.junit.AutoTests" name="[52] /home/travis/build/icyphy/ptII/ptolemy/domains/de/test/auto/QueueAndServer.xml (RunModel)" time="0.021" />
  <testcase classname="ptolemy.util.test.junit.AutoTests" name="[53] /home/travis/build/icyphy/ptII/ptolemy/domains/de/test/auto/Records.xml (RunModel)" time="0.014" />
  <testcase classname="ptolemy.util.test.junit.AutoTests" name="[54] /home/travis/build/icyphy/ptII/ptolemy/domains/de/test/auto/ResetTransitionWithStartTime1.xml (RunModel)" time="0.021" />
  <testcase classname="ptolemy.util.test.junit.AutoTests" name="[55] /home/travis/build/icyphy/ptII/ptolemy/domains/de/test/auto/ResetTransitionWithStartTime2.xml (RunModel)" time="0.019" />
  <testcase classname="ptolemy.util.test.junit.AutoTests" name="[56] /home/travis/build/icyphy/ptII/ptolemy/domains/de/test/auto/ResetTransitionWithStartTime3.xml (RunModel)" time="0.019" />
  <testcase classname="ptolemy.util.test.junit.AutoTests" name="[57] /home/travis/build/icyphy/ptII/ptolemy/domains/de/test/auto/ResetTransitionWithStartTime4.xml (RunModel)" time="0.017" />
  <testcase classname="ptolemy.util.test.junit.AutoTests" name="[58] /home/travis/build/icyphy/ptII/ptolemy/domains/de/test/auto/ResettableTimer1.xml (RunModel)" time="0.012" />
  <testcase classname="ptolemy.util.test.junit.AutoTests" name="[59] /home/travis/build/icyphy/ptII/ptolemy/domains/de/test/auto/ResettableTimer2.xml (RunModel)" time="0.009" />
  <testcase classname="ptolemy.util.test.junit.AutoTests" name="[60] /home/travis/build/icyphy/ptII/ptolemy/domains/de/test/auto/ResettableTimer3.xml (RunModel)" time="0.008" />
  <testcase classname="ptolemy.util.test.junit.AutoTests" name="[61] /home/travis/build/icyphy/ptII/ptolemy/domains/de/test/auto/ResettableTimer4.xml (RunModel)" time="0.007" />
  <testcase classname="ptolemy.util.test.junit.AutoTests" name="[62] /home/travis/build/icyphy/ptII/ptolemy/domains/de/test/auto/ResettableTimer5.xml (RunModel)" time="0.01" />
  <testcase classname="ptolemy.util.test.junit.AutoTests" name="[63] /home/travis/build/icyphy/ptII/ptolemy/domains/de/test/auto/ResettableTimer6.xml (RunModel)" time="0.014" />
  <testcase classname="ptolemy.util.test.junit.AutoTests" name="[64] /home/travis/build/icyphy/ptII/ptolemy/domains/de/test/auto/ServerZeroDelay.xml (RunModel)" time="0.011" />
  <testcase classname="ptolemy.util.test.junit.AutoTests" name="[65] /home/travis/build/icyphy/ptII/ptolemy/domains/de/test/auto/SmartSender.xml (RunModel)" time="3.008" />
  <testcase classname="ptolemy.util.test.junit.AutoTests" name="[66] /home/travis/build/icyphy/ptII/ptolemy/domains/de/test/auto/ThreadedComposite.xml (RunModel)" time="0.34" />
  <testcase classname="ptolemy.util.test.junit.AutoTests" name="[67] /home/travis/build/icyphy/ptII/ptolemy/domains/de/test/auto/Time.xml (RunModel)" time="0.366" />
  <testcase classname="ptolemy.util.test.junit.AutoTests" name="[68] /home/travis/build/icyphy/ptII/ptolemy/domains/de/test/auto/TimeDelayZeroDelay.xml (RunModel)" time="0.012" />
  <testcase classname="ptolemy.util.test.junit.AutoTests" name="[69] /home/travis/build/icyphy/ptII/ptolemy/domains/de/test/auto/TimerZeroDelay.xml (RunModel)" time="0.009" />
  <testcase classname="ptolemy.util.test.junit.AutoTests" name="[70] /home/travis/build/icyphy/ptII/ptolemy/domains/de/test/auto/TimingParadox.xml (RunModel)" time="0.292" />
  <testcase classname="ptolemy.util.test.junit.AutoTests" name="[71] /home/travis/build/icyphy/ptII/ptolemy/domains/de/test/auto/TransferInputs.xml (RunModel)" time="0.008" />
  <testcase classname="ptolemy.util.test.junit.AutoTests" name="[72] /home/travis/build/icyphy/ptII/ptolemy/domains/de/test/auto/TransferOutputs2.xml (RunModel)" time="0.014" />
  <testcase classname="ptolemy.util.test.junit.AutoTests" name="[73] /home/travis/build/icyphy/ptII/ptolemy/domains/de/test/auto/Trilateration.xml (RunModel)" time="10.156" />
  <testcase classname="ptolemy.util.test.junit.AutoTests" name="[74] /home/travis/build/icyphy/ptII/ptolemy/domains/de/test/auto/TwoSigmaDelta.xml (RunModel)" time="1.544" />
  <testcase classname="ptolemy.util.test.junit.AutoTests" name="[75] /home/travis/build/icyphy/ptII/ptolemy/domains/de/test/auto/VariableDelay.xml (RunModel)" time="0.012" />
  <testcase classname="ptolemy.util.test.junit.AutoTests" name="[76] /home/travis/build/icyphy/ptII/ptolemy/domains/de/test/auto/VariableDelay2.xml (RunModel)" time="0.019" />
  <testcase classname="ptolemy.util.test.junit.AutoTests" name="[77] /home/travis/build/icyphy/ptII/ptolemy/domains/de/test/auto/VariableDelayZeroDelay.xml (RunModel)" time="0.017" />
  <testcase classname="ptolemy.util.test.junit.AutoTests" name="[78] /home/travis/build/icyphy/ptII/ptolemy/domains/de/test/auto/VariableDelayZeroDelay2.xml (RunModel)" time="0.009" />
  <testcase classname="ptolemy.util.test.junit.AutoTests" name="[79] /home/travis/build/icyphy/ptII/ptolemy/domains/de/test/auto/deInCt.xml (RunModel)" time="0.017" />
  <testcase classname="ptolemy.util.test.junit.AutoTests" name="[80] /home/travis/build/icyphy/ptII/ptolemy/domains/de/test/auto/deInCt2.xml (RunModel)" time="0.01" />
  <testcase classname="ptolemy.util.test.junit.AutoTests" name="[81] /home/travis/build/icyphy/ptII/ptolemy/domains/de/test/auto/dynamicCausalityInterface1.xml (RunModel)" time="0.022" />
  <testcase classname="ptolemy.util.test.junit.AutoTests" name="[82] /home/travis/build/icyphy/ptII/ptolemy/domains/de/test/auto/fsm_de_test.xml (RunModel)" time="0.025" />
  <testcase classname="ptolemy.util.test.junit.AutoTests" name="[83] /home/travis/build/icyphy/ptII/ptolemy/domains/de/test/auto/functionDependencyReconstruction.xml (RunModel)" time="0.026" />
  <testcase classname="ptolemy.util.test.junit.AutoTests" name="[84] /home/travis/build/icyphy/ptII/ptolemy/domains/de/test/auto/multirate.xml (RunModel)" time="0.012" />
  <testcase classname="ptolemy.util.test.junit.AutoTests" name="[85] /home/travis/build/icyphy/ptII/ptolemy/domains/de/test/auto/multirate2.xml (RunModel)" time="0.015" />
  <testcase classname="ptolemy.util.test.junit.AutoTests" name="[86] /home/travis/build/icyphy/ptII/ptolemy/domains/de/test/auto/realtime.xml (RunModel)" time="10.01" />
  <testcase classname="ptolemy.util.test.junit.AutoTests" name="[87] /home/travis/build/icyphy/ptII/ptolemy/domains/de/test/auto/relationGroup.xml (RunModel)" time="0.013" />
  <testcase classname="ptolemy.util.test.junit.AutoTests" name="[88] /home/travis/build/icyphy/ptII/ptolemy/domains/de/test/auto/relationGroup2.xml (RunModel)" time="0.012" />
  <testcase classname="ptolemy.util.test.junit.AutoTests" name="[89] /home/travis/build/icyphy/ptII/ptolemy/domains/de/test/auto/sortWithOpaquePorts.xml (RunModel)" time="0.011" />
  <testcase classname="ptolemy.util.test.junit.AutoTests" name="[90] /home/travis/build/icyphy/ptII/ptolemy/domains/de/test/auto/transferInputsandOutputs.xml (RunModel)" time="0.014" />
  <testcase classname="ptolemy.util.test.junit.AutoTests" name="[91] /home/travis/build/icyphy/ptII/ptolemy/domains/de/test/auto/triggerType.xml (RunModel)" time="0.008" />
  <system-out><![CDATA[/home/travis/build/icyphy/ptII/ptolemy/domains/de/test/DependencyLoop.tcl
testDefs.tcl: setting time out to 9000 seconds at Tue Sep 22 15:46:28 UTC 2020
89 ms. Memory: 129024K Free: 78670K (61%)
26 ms. Memory: 129024K Free: 61757K (48%)
/home/travis/build/icyphy/ptII/ptolemy/domains/de/test/RunDETestsAsQSS.tcl
Run the DE tests using ptolemy.domains.qss.test.QSSDirectorTest, which extends QSSDirector and prints a message in the constructors.
------------------ testing $PTII/ptolemy/domains/de/test/auto/knownFailedTests/DirectFeedback.xml (Known Failure) 
41 ms. Memory: 129024K Free: 55628K (43%)


==== $PTIIhome/travis/build/icyphy/ptII/ptolemy/domains/de/test/../../../../: Auto Automatic test in file $PTII/ptolemy/domains/de/test/auto/knownFailedTests/DirectFeedback.xml
==== Contents of test case:

	    # FIXME: we should use $relativeFilename here, but it
	    # might have backslashes under Windows, which causes no end
	    # of trouble.
	    createAndExecute $file
	    list {}
	
.... Test generated KNOWN error:
    while executing
ptolemy.kernel.util.IllegalActionException: Test fails in iteration 1.
Value was: 1.0. Should have been: 2.0
  in .DirectFeedback.Test
	at ptolemy.actor.lib.Test.fire(Test.java:268)
	at ptolemy.domains.de.kernel.DEDirector._fire(DEDirector.java:1949)
	at ptolemy.domains.de.kernel.DEDirector.fire(DEDirector.java:502)
	at ptolemy.actor.CompositeActor.fire(CompositeActor.java:455)
	at ptolemy.actor.Manager.iterate(Manager.java:851)
	at ptolemy.actor.Manager.execute(Manager.java:369)
	at ptolemy.actor.Manager.run(Manager.java:1263)
	at ptolemy.actor.Manager$PtolemyRunThread.run(Manager.java:1933)

    while executing
ptolemy.kernel.util.IllegalActionException: Test fails in iteration 1.
Value was: 1.0. Should have been: 2.0
  in .DirectFeedback.Test
    while executing
"java::new ptolemy.moml.MoMLSimpleApplication $file
"
    (procedure "createAndExecute" line 2)
    invoked from within
"createAndExecute $file"
    ("uplevel" body line 5)
    invoked from within
"uplevel $contents_of_test"
------------------ testing $PTII/ptolemy/domains/de/test/auto/knownFailedTests/dependencyLoop.xml (Known Failure) 
16 ms. Memory: 129024K Free: 52556K (41%)


==== $PTIIhome/travis/build/icyphy/ptII/ptolemy/domains/de/test/../../../../: Auto Automatic test in file $PTII/ptolemy/domains/de/test/auto/knownFailedTests/dependencyLoop.xml
==== Contents of test case:

	    # FIXME: we should use $relativeFilename here, but it
	    # might have backslashes under Windows, which causes no end
	    # of trouble.
	    createAndExecute $file
	    list {}
	
.... Test generated KNOWN error:
    while executing
ptolemy.kernel.util.IllegalActionException: Found a zero delay loop containing .dependencyLoop.original
  in .dependencyLoop and .dependencyLoop.original
	at ptolemy.actor.util.CausalityInterfaceForComposites._computeOutputPortDepth(CausalityInterfaceForComposites.java:759)
	at ptolemy.actor.util.CausalityInterfaceForComposites._computeInputDepth(CausalityInterfaceForComposites.java:696)
	at ptolemy.actor.util.CausalityInterfaceForComposites._computeOutputPortDepth(CausalityInterfaceForComposites.java:765)
	at ptolemy.actor.util.CausalityInterfaceForComposites._computeInputDepth(CausalityInterfaceForComposites.java:696)
	at ptolemy.actor.util.CausalityInterfaceForComposites._computeOutputPortDepth(CausalityInterfaceForComposites.java:765)
	at ptolemy.actor.util.CausalityInterfaceForComposites._computeInputDepth(CausalityInterfaceForComposites.java:696)
	at ptolemy.actor.util.CausalityInterfaceForComposites._computeActorDepth(CausalityInterfaceForComposites.java:532)
	at ptolemy.actor.util.CausalityInterfaceForComposites.checkForCycles(CausalityInterfaceForComposites.java:96)
	at ptolemy.domains.de.kernel.DEDirector.preinitialize(DEDirector.java:1338)
	at ptolemy.actor.CompositeActor.preinitialize(CompositeActor.java:1828)
	at ptolemy.actor.Manager.preinitializeAndResolveTypes(Manager.java:1040)
	at ptolemy.actor.Manager.initialize(Manager.java:710)
	at ptolemy.actor.Manager.execute(Manager.java:356)
	at ptolemy.actor.Manager.run(Manager.java:1263)
	at ptolemy.actor.Manager$PtolemyRunThread.run(Manager.java:1933)

    while executing
ptolemy.kernel.util.IllegalActionException: Found a zero delay loop containing .dependencyLoop.original
  in .dependencyLoop and .dependencyLoop.original
    while executing
"java::new ptolemy.moml.MoMLSimpleApplication $file
"
    (procedure "createAndExecute" line 2)
    invoked from within
"createAndExecute $file"
    ("uplevel" body line 5)
    invoked from within
"uplevel $contents_of_test"
------------------ testing $PTII/ptolemy/domains/de/test/auto/knownFailedTests/FSMSource.xml (Known Failure) 
58 ms. Memory: 129024K Free: 111120K (86%)
!!!! Auto was marked as failing, but now passes
------------------ testing $PTII/ptolemy/domains/de/test/auto/knownFailedTests/HierarchicalModel.xml (Known Failure) 
8 ms. Memory: 129024K Free: 93218K (72%)


==== $PTIIhome/travis/build/icyphy/ptII/ptolemy/domains/de/test/../../../../: Auto Automatic test in file $PTII/ptolemy/domains/de/test/auto/knownFailedTests/HierarchicalModel.xml
==== Contents of test case:

	    # FIXME: we should use $relativeFilename here, but it
	    # might have backslashes under Windows, which causes no end
	    # of trouble.
	    createAndExecute $file
	    list {}
	
.... Test generated KNOWN error:
    while executing
ptolemy.kernel.util.IllegalActionException: Found a zero delay loop containing .HierarchicalModel.A
  in .HierarchicalModel and .HierarchicalModel.A
	at ptolemy.actor.util.CausalityInterfaceForComposites._computeOutputPortDepth(CausalityInterfaceForComposites.java:759)
	at ptolemy.actor.util.CausalityInterfaceForComposites._computeInputDepth(CausalityInterfaceForComposites.java:696)
	at ptolemy.actor.util.CausalityInterfaceForComposites._computeOutputPortDepth(CausalityInterfaceForComposites.java:765)
	at ptolemy.actor.util.CausalityInterfaceForComposites._computeInputDepth(CausalityInterfaceForComposites.java:696)
	at ptolemy.actor.util.CausalityInterfaceForComposites._computeOutputPortDepth(CausalityInterfaceForComposites.java:765)
	at ptolemy.actor.util.CausalityInterfaceForComposites._computeInputDepth(CausalityInterfaceForComposites.java:696)
	at ptolemy.actor.util.CausalityInterfaceForComposites._computeActorDepth(CausalityInterfaceForComposites.java:532)
	at ptolemy.actor.util.CausalityInterfaceForComposites.checkForCycles(CausalityInterfaceForComposites.java:96)
	at ptolemy.domains.de.kernel.DEDirector.preinitialize(DEDirector.java:1338)
	at ptolemy.actor.CompositeActor.preinitialize(CompositeActor.java:1828)
	at ptolemy.actor.Manager.preinitializeAndResolveTypes(Manager.java:1040)
	at ptolemy.actor.Manager.initialize(Manager.java:710)
	at ptolemy.actor.Manager.execute(Manager.java:356)
	at ptolemy.actor.Manager.run(Manager.java:1263)
	at ptolemy.actor.Manager$PtolemyRunThread.run(Manager.java:1933)

    while executing
ptolemy.kernel.util.IllegalActionException: Found a zero delay loop containing .HierarchicalModel.A
  in .HierarchicalModel and .HierarchicalModel.A
    while executing
"java::new ptolemy.moml.MoMLSimpleApplication $file
"
    (procedure "createAndExecute" line 2)
    invoked from within
"createAndExecute $file"
    ("uplevel" body line 5)
    invoked from within
"uplevel $contents_of_test"
------------------ testing $PTII/ptolemy/domains/de/test/auto/knownFailedTests/dependencyLoop2.xml (Known Failure) 
9 ms. Memory: 129024K Free: 77277K (60%)


==== $PTIIhome/travis/build/icyphy/ptII/ptolemy/domains/de/test/../../../../: Auto Automatic test in file $PTII/ptolemy/domains/de/test/auto/knownFailedTests/dependencyLoop2.xml
==== Contents of test case:

	    # FIXME: we should use $relativeFilename here, but it
	    # might have backslashes under Windows, which causes no end
	    # of trouble.
	    createAndExecute $file
	    list {}
	
.... Test generated KNOWN error:
    while executing
ptolemy.kernel.util.IllegalActionException: Found a zero delay loop containing .dependencyLoop2.original
  in .dependencyLoop2 and .dependencyLoop2.original
	at ptolemy.actor.util.CausalityInterfaceForComposites._computeOutputPortDepth(CausalityInterfaceForComposites.java:759)
	at ptolemy.actor.util.CausalityInterfaceForComposites._computeInputDepth(CausalityInterfaceForComposites.java:696)
	at ptolemy.actor.util.CausalityInterfaceForComposites._computeOutputPortDepth(CausalityInterfaceForComposites.java:765)
	at ptolemy.actor.util.CausalityInterfaceForComposites._computeInputDepth(CausalityInterfaceForComposites.java:696)
	at ptolemy.actor.util.CausalityInterfaceForComposites._computeOutputPortDepth(CausalityInterfaceForComposites.java:765)
	at ptolemy.actor.util.CausalityInterfaceForComposites._computeInputDepth(CausalityInterfaceForComposites.java:696)
	at ptolemy.actor.util.CausalityInterfaceForComposites._computeActorDepth(CausalityInterfaceForComposites.java:532)
	at ptolemy.actor.util.CausalityInterfaceForComposites.checkForCycles(CausalityInterfaceForComposites.java:96)
	at ptolemy.domains.de.kernel.DEDirector.preinitialize(DEDirector.java:1338)
	at ptolemy.actor.CompositeActor.preinitialize(CompositeActor.java:1828)
	at ptolemy.actor.Manager.preinitializeAndResolveTypes(Manager.java:1040)
	at ptolemy.actor.Manager.initialize(Manager.java:710)
	at ptolemy.actor.Manager.execute(Manager.java:356)
	at ptolemy.actor.Manager.run(Manager.java:1263)
	at ptolemy.actor.Manager$PtolemyRunThread.run(Manager.java:1933)

    while executing
ptolemy.kernel.util.IllegalActionException: Found a zero delay loop containing .dependencyLoop2.original
  in .dependencyLoop2 and .dependencyLoop2.original
    while executing
"java::new ptolemy.moml.MoMLSimpleApplication $file
"
    (procedure "createAndExecute" line 2)
    invoked from within
"createAndExecute $file"
    ("uplevel" body line 5)
    invoked from within
"uplevel $contents_of_test"
------------------ testing $PTII/ptolemy/domains/de/test/auto/knownFailedTests/DESDFClockTest.xml (Known Failure) 
2043 ms. Memory: 129024K Free: 108157K (84%)


==== $PTIIhome/travis/build/icyphy/ptII/ptolemy/domains/de/test/../../../../: Auto Automatic test in file $PTII/ptolemy/domains/de/test/auto/knownFailedTests/DESDFClockTest.xml
==== Contents of test case:

	    # FIXME: we should use $relativeFilename here, but it
	    # might have backslashes under Windows, which causes no end
	    # of trouble.
	    createAndExecute $file
	    list {}
	
.... Test generated KNOWN error:
    while executing
ptolemy.kernel.util.IllegalActionException: Actor is not ready to fire.  Perhaps UpSample.prefire() returned false? Try debugging the actor by selecting "Listen to Actor".  Also, for SDF check moml for tokenConsumptionRate on input.
  in .DESDFClockTest.Play Bell.Copy1:SDF Director and .DESDFClockTest.Play Bell.UpSample
	at ptolemy.actor.sched.StaticSchedulingDirector.fire(StaticSchedulingDirector.java:227)
	at ptolemy.domains.sdf.kernel.SDFDirector.fire(SDFDirector.java:500)
	at ptolemy.actor.CompositeActor.fire(CompositeActor.java:455)
	at ptolemy.domains.de.kernel.DEDirector._fire(DEDirector.java:1949)
	at ptolemy.domains.de.kernel.DEDirector.fire(DEDirector.java:502)
	at ptolemy.actor.CompositeActor.fire(CompositeActor.java:455)
	at ptolemy.actor.Manager.iterate(Manager.java:851)
	at ptolemy.actor.Manager.execute(Manager.java:369)
	at ptolemy.actor.Manager.run(Manager.java:1263)
	at ptolemy.actor.Manager$PtolemyRunThread.run(Manager.java:1933)

    while executing
ptolemy.kernel.util.IllegalActionException: Actor is not ready to fire.  Perhaps UpSample.prefire() returned false? Try debugging the actor by selecting "Listen to Actor".  Also, for SDF check moml for tokenConsumptionRate on input.
  in .DESDFClockTest.Play Bell.Copy1:SDF Director and .DESDFClockTest.Play Bell.UpSample
    while executing
"java::new ptolemy.moml.MoMLSimpleApplication $file
"
    (procedure "createAndExecute" line 2)
    invoked from within
"createAndExecute $file"
    ("uplevel" body line 5)
    invoked from within
"uplevel $contents_of_test"
------------------ testing $PTII/ptolemy/domains/de/test/auto/ActorDepthCalculation_actorWithoutPorts.xml
auto.tcl: Setting watchdog for 200 seconds at Tue Sep 22 15:46:32 UTC 2020
11 ms. Memory: 129024K Free: 100461K (78%)
ptolemy.util.test.WatchDog.cancel(): canceling Tue Sep 22 15:46:32 UTC 2020
auto.tcl: Setting watchdog for 200 seconds at Tue Sep 22 15:46:32 UTC 2020
4 ms. Memory: 129024K Free: 99437K (77%)
ptolemy.util.test.WatchDog.cancel(): canceling Tue Sep 22 15:46:32 UTC 2020
------------------ testing $PTII/ptolemy/domains/de/test/auto/AssemblyLine.xml
auto.tcl: Setting watchdog for 200 seconds at Tue Sep 22 15:46:32 UTC 2020
8 ms. Memory: 51200K Free: 27449K (54%)
ptolemy.util.test.WatchDog.cancel(): canceling Tue Sep 22 15:46:32 UTC 2020
auto.tcl: Setting watchdog for 200 seconds at Tue Sep 22 15:46:32 UTC 2020
6 ms. Memory: 51200K Free: 26961K (53%)
ptolemy.util.test.WatchDog.cancel(): canceling Tue Sep 22 15:46:32 UTC 2020
------------------ testing $PTII/ptolemy/domains/de/test/auto/CQBug1.xml
auto.tcl: Setting watchdog for 200 seconds at Tue Sep 22 15:46:32 UTC 2020
15 ms. Memory: 51200K Free: 33262K (65%)
ptolemy.util.test.WatchDog.cancel(): canceling Tue Sep 22 15:46:32 UTC 2020
auto.tcl: Setting watchdog for 200 seconds at Tue Sep 22 15:46:32 UTC 2020
2 ms. Memory: 51200K Free: 32803K (64%)
ptolemy.util.test.WatchDog.cancel(): canceling Tue Sep 22 15:46:32 UTC 2020
------------------ testing $PTII/ptolemy/domains/de/test/auto/CancelFireAt.xml
auto.tcl: Setting watchdog for 200 seconds at Tue Sep 22 15:46:32 UTC 2020
5 ms. Memory: 51200K Free: 34478K (67%)
ptolemy.util.test.WatchDog.cancel(): canceling Tue Sep 22 15:46:32 UTC 2020
auto.tcl: Setting watchdog for 200 seconds at Tue Sep 22 15:46:32 UTC 2020
2 ms. Memory: 51200K Free: 34003K (66%)
ptolemy.util.test.WatchDog.cancel(): canceling Tue Sep 22 15:46:32 UTC 2020
------------------ testing $PTII/ptolemy/domains/de/test/auto/CausalityAndComposabilityAnalysis.xml
auto.tcl: Setting watchdog for 200 seconds at Tue Sep 22 15:46:32 UTC 2020
11 ms. Memory: 51200K Free: 32718K (64%)
ptolemy.util.test.WatchDog.cancel(): canceling Tue Sep 22 15:46:32 UTC 2020
auto.tcl: Setting watchdog for 200 seconds at Tue Sep 22 15:46:32 UTC 2020
5 ms. Memory: 51200K Free: 31962K (62%)
ptolemy.util.test.WatchDog.cancel(): canceling Tue Sep 22 15:46:32 UTC 2020
------------------ testing $PTII/ptolemy/domains/de/test/auto/CausalityInterface1.xml
auto.tcl: Setting watchdog for 200 seconds at Tue Sep 22 15:46:32 UTC 2020
22 ms. Memory: 51200K Free: 31365K (61%)
ptolemy.util.test.WatchDog.cancel(): canceling Tue Sep 22 15:46:33 UTC 2020
auto.tcl: Setting watchdog for 200 seconds at Tue Sep 22 15:46:33 UTC 2020
4 ms. Memory: 51200K Free: 30402K (59%)
ptolemy.util.test.WatchDog.cancel(): canceling Tue Sep 22 15:46:33 UTC 2020
------------------ testing $PTII/ptolemy/domains/de/test/auto/CausalityInterface15.xml
auto.tcl: Setting watchdog for 200 seconds at Tue Sep 22 15:46:33 UTC 2020
5 ms. Memory: 51200K Free: 31548K (62%)
ptolemy.util.test.WatchDog.cancel(): canceling Tue Sep 22 15:46:33 UTC 2020
auto.tcl: Setting watchdog for 200 seconds at Tue Sep 22 15:46:33 UTC 2020
5 ms. Memory: 51200K Free: 30356K (59%)
ptolemy.util.test.WatchDog.cancel(): canceling Tue Sep 22 15:46:33 UTC 2020
------------------ testing $PTII/ptolemy/domains/de/test/auto/CausalityInterface2.xml
auto.tcl: Setting watchdog for 200 seconds at Tue Sep 22 15:46:33 UTC 2020
5 ms. Memory: 51200K Free: 31989K (62%)
ptolemy.util.test.WatchDog.cancel(): canceling Tue Sep 22 15:46:33 UTC 2020
auto.tcl: Setting watchdog for 200 seconds at Tue Sep 22 15:46:33 UTC 2020
6 ms. Memory: 51200K Free: 31333K (61%)
ptolemy.util.test.WatchDog.cancel(): canceling Tue Sep 22 15:46:33 UTC 2020
------------------ testing $PTII/ptolemy/domains/de/test/auto/CausalityInterface3.xml
auto.tcl: Setting watchdog for 200 seconds at Tue Sep 22 15:46:33 UTC 2020
7 ms. Memory: 51200K Free: 31559K (62%)
ptolemy.util.test.WatchDog.cancel(): canceling Tue Sep 22 15:46:33 UTC 2020
auto.tcl: Setting watchdog for 200 seconds at Tue Sep 22 15:46:33 UTC 2020
3 ms. Memory: 51200K Free: 30823K (60%)
ptolemy.util.test.WatchDog.cancel(): canceling Tue Sep 22 15:46:33 UTC 2020
------------------ testing $PTII/ptolemy/domains/de/test/auto/ClockDrift.xml
auto.tcl: Setting watchdog for 200 seconds at Tue Sep 22 15:46:33 UTC 2020
81 ms. Memory: 51200K Free: 23642K (46%)
ptolemy.util.test.WatchDog.cancel(): canceling Tue Sep 22 15:46:33 UTC 2020
auto.tcl: Setting watchdog for 200 seconds at Tue Sep 22 15:46:33 UTC 2020
50 ms. Memory: 51200K Free: 20649K (40%)
ptolemy.util.test.WatchDog.cancel(): canceling Tue Sep 22 15:46:33 UTC 2020
------------------ testing $PTII/ptolemy/domains/de/test/auto/ClockDriftAndValueChange.xml
auto.tcl: Setting watchdog for 200 seconds at Tue Sep 22 15:46:33 UTC 2020
36 ms. Memory: 51200K Free: 24697K (48%)
ptolemy.util.test.WatchDog.cancel(): canceling Tue Sep 22 15:46:33 UTC 2020
auto.tcl: Setting watchdog for 200 seconds at Tue Sep 22 15:46:33 UTC 2020
33 ms. Memory: 51200K Free: 21602K (42%)
ptolemy.util.test.WatchDog.cancel(): canceling Tue Sep 22 15:46:33 UTC 2020
------------------ testing $PTII/ptolemy/domains/de/test/auto/ClockDriftChange.xml
auto.tcl: Setting watchdog for 200 seconds at Tue Sep 22 15:46:33 UTC 2020
26 ms. Memory: 51200K Free: 25784K (50%)
ptolemy.util.test.WatchDog.cancel(): canceling Tue Sep 22 15:46:33 UTC 2020
auto.tcl: Setting watchdog for 200 seconds at Tue Sep 22 15:46:33 UTC 2020
21 ms. Memory: 51200K Free: 23381K (46%)
ptolemy.util.test.WatchDog.cancel(): canceling Tue Sep 22 15:46:33 UTC 2020
------------------ testing $PTII/ptolemy/domains/de/test/auto/ComposableCausalityAnalysis.xml
auto.tcl: Setting watchdog for 200 seconds at Tue Sep 22 15:46:33 UTC 2020
2 ms. Memory: 51200K Free: 30549K (60%)
ptolemy.util.test.WatchDog.cancel(): canceling Tue Sep 22 15:46:33 UTC 2020
auto.tcl: Setting watchdog for 200 seconds at Tue Sep 22 15:46:33 UTC 2020
3 ms. Memory: 51200K Free: 29546K (58%)
ptolemy.util.test.WatchDog.cancel(): canceling Tue Sep 22 15:46:33 UTC 2020
------------------ testing $PTII/ptolemy/domains/de/test/auto/DEFixedPointLimitation.xml
auto.tcl: Setting watchdog for 200 seconds at Tue Sep 22 15:46:33 UTC 2020
3 ms. Memory: 51200K Free: 31986K (62%)
ptolemy.util.test.WatchDog.cancel(): canceling Tue Sep 22 15:46:33 UTC 2020
auto.tcl: Setting watchdog for 200 seconds at Tue Sep 22 15:46:33 UTC 2020
1 ms. Memory: 51200K Free: 31127K (61%)
ptolemy.util.test.WatchDog.cancel(): canceling Tue Sep 22 15:46:33 UTC 2020
------------------ testing $PTII/ptolemy/domains/de/test/auto/DEScheduleTest.xml
auto.tcl: Setting watchdog for 200 seconds at Tue Sep 22 15:46:33 UTC 2020
5 ms. Memory: 51200K Free: 32356K (63%)
ptolemy.util.test.WatchDog.cancel(): canceling Tue Sep 22 15:46:34 UTC 2020
auto.tcl: Setting watchdog for 200 seconds at Tue Sep 22 15:46:34 UTC 2020
3 ms. Memory: 51200K Free: 31590K (62%)
ptolemy.util.test.WatchDog.cancel(): canceling Tue Sep 22 15:46:34 UTC 2020
------------------ testing $PTII/ptolemy/domains/de/test/auto/DEinDEwithStartTimes.xml
auto.tcl: Setting watchdog for 200 seconds at Tue Sep 22 15:46:34 UTC 2020
3 ms. Memory: 51200K Free: 30517K (60%)
ptolemy.util.test.WatchDog.cancel(): canceling Tue Sep 22 15:46:34 UTC 2020
auto.tcl: Setting watchdog for 200 seconds at Tue Sep 22 15:46:34 UTC 2020
3 ms. Memory: 51200K Free: 29493K (58%)
ptolemy.util.test.WatchDog.cancel(): canceling Tue Sep 22 15:46:34 UTC 2020
------------------ testing $PTII/ptolemy/domains/de/test/auto/DEinDEwithStartTimes2.xml
auto.tcl: Setting watchdog for 200 seconds at Tue Sep 22 15:46:34 UTC 2020
6 ms. Memory: 51200K Free: 29640K (58%)
ptolemy.util.test.WatchDog.cancel(): canceling Tue Sep 22 15:46:34 UTC 2020
auto.tcl: Setting watchdog for 200 seconds at Tue Sep 22 15:46:34 UTC 2020
3 ms. Memory: 51200K Free: 28579K (56%)
ptolemy.util.test.WatchDog.cancel(): canceling Tue Sep 22 15:46:34 UTC 2020
------------------ testing $PTII/ptolemy/domains/de/test/auto/DateDemo.xml
auto.tcl: Setting watchdog for 200 seconds at Tue Sep 22 15:46:34 UTC 2020
16 ms. Memory: 51200K Free: 24431K (48%)
ptolemy.util.test.WatchDog.cancel(): canceling Tue Sep 22 15:46:34 UTC 2020
auto.tcl: Setting watchdog for 200 seconds at Tue Sep 22 15:46:34 UTC 2020
6 ms. Memory: 51200K Free: 22818K (45%)
ptolemy.util.test.WatchDog.cancel(): canceling Tue Sep 22 15:46:34 UTC 2020
------------------ testing $PTII/ptolemy/domains/de/test/auto/DateToEvent.xml
auto.tcl: Setting watchdog for 200 seconds at Tue Sep 22 15:46:34 UTC 2020
2013 ms. Memory: 51200K Free: 19237K (38%)
ptolemy.util.test.WatchDog.cancel(): canceling Tue Sep 22 15:46:36 UTC 2020
auto.tcl: Setting watchdog for 200 seconds at Tue Sep 22 15:46:36 UTC 2020
2004 ms. Memory: 51200K Free: 18558K (36%)
ptolemy.util.test.WatchDog.cancel(): canceling Tue Sep 22 15:46:38 UTC 2020
------------------ testing $PTII/ptolemy/domains/de/test/auto/DepthTest1.xml
auto.tcl: Setting watchdog for 200 seconds at Tue Sep 22 15:46:38 UTC 2020
6 ms. Memory: 51200K Free: 33152K (65%)
ptolemy.util.test.WatchDog.cancel(): canceling Tue Sep 22 15:46:38 UTC 2020
auto.tcl: Setting watchdog for 200 seconds at Tue Sep 22 15:46:38 UTC 2020
1 ms. Memory: 51200K Free: 32699K (64%)
ptolemy.util.test.WatchDog.cancel(): canceling Tue Sep 22 15:46:38 UTC 2020
------------------ testing $PTII/ptolemy/domains/de/test/auto/DepthTest2.xml
auto.tcl: Setting watchdog for 200 seconds at Tue Sep 22 15:46:38 UTC 2020
3 ms. Memory: 51200K Free: 29924K (58%)
ptolemy.util.test.WatchDog.cancel(): canceling Tue Sep 22 15:46:38 UTC 2020
auto.tcl: Setting watchdog for 200 seconds at Tue Sep 22 15:46:38 UTC 2020
3 ms. Memory: 51200K Free: 29480K (58%)
ptolemy.util.test.WatchDog.cancel(): canceling Tue Sep 22 15:46:38 UTC 2020
------------------ testing $PTII/ptolemy/domains/de/test/auto/DepthTest3.xml
auto.tcl: Setting watchdog for 200 seconds at Tue Sep 22 15:46:38 UTC 2020
3 ms. Memory: 51200K Free: 33516K (65%)
ptolemy.util.test.WatchDog.cancel(): canceling Tue Sep 22 15:46:38 UTC 2020
auto.tcl: Setting watchdog for 200 seconds at Tue Sep 22 15:46:38 UTC 2020
2 ms. Memory: 51200K Free: 33030K (65%)
ptolemy.util.test.WatchDog.cancel(): canceling Tue Sep 22 15:46:38 UTC 2020
------------------ testing $PTII/ptolemy/domains/de/test/auto/DepthTest4.xml
auto.tcl: Setting watchdog for 200 seconds at Tue Sep 22 15:46:38 UTC 2020
10 ms. Memory: 51200K Free: 31246K (61%)
ptolemy.util.test.WatchDog.cancel(): canceling Tue Sep 22 15:46:38 UTC 2020
auto.tcl: Setting watchdog for 200 seconds at Tue Sep 22 15:46:38 UTC 2020
2 ms. Memory: 51200K Free: 30809K (60%)
ptolemy.util.test.WatchDog.cancel(): canceling Tue Sep 22 15:46:38 UTC 2020
------------------ testing $PTII/ptolemy/domains/de/test/auto/DepthTest5.xml
auto.tcl: Setting watchdog for 200 seconds at Tue Sep 22 15:46:38 UTC 2020
3 ms. Memory: 51200K Free: 31180K (61%)
ptolemy.util.test.WatchDog.cancel(): canceling Tue Sep 22 15:46:38 UTC 2020
auto.tcl: Setting watchdog for 200 seconds at Tue Sep 22 15:46:38 UTC 2020
2 ms. Memory: 51200K Free: 30444K (59%)
ptolemy.util.test.WatchDog.cancel(): canceling Tue Sep 22 15:46:38 UTC 2020
------------------ testing $PTII/ptolemy/domains/de/test/auto/DepthTest6.xml
auto.tcl: Setting watchdog for 200 seconds at Tue Sep 22 15:46:38 UTC 2020
5 ms. Memory: 51200K Free: 30877K (60%)
ptolemy.util.test.WatchDog.cancel(): canceling Tue Sep 22 15:46:38 UTC 2020
auto.tcl: Setting watchdog for 200 seconds at Tue Sep 22 15:46:38 UTC 2020
2 ms. Memory: 51200K Free: 30433K (59%)
ptolemy.util.test.WatchDog.cancel(): canceling Tue Sep 22 15:46:38 UTC 2020
------------------ testing $PTII/ptolemy/domains/de/test/auto/DepthTest7.xml
auto.tcl: Setting watchdog for 200 seconds at Tue Sep 22 15:46:38 UTC 2020
2 ms. Memory: 51200K Free: 31154K (61%)
ptolemy.util.test.WatchDog.cancel(): canceling Tue Sep 22 15:46:38 UTC 2020
auto.tcl: Setting watchdog for 200 seconds at Tue Sep 22 15:46:38 UTC 2020
2 ms. Memory: 51200K Free: 30702K (60%)
ptolemy.util.test.WatchDog.cancel(): canceling Tue Sep 22 15:46:38 UTC 2020
------------------ testing $PTII/ptolemy/domains/de/test/auto/EventToDate.xml
auto.tcl: Setting watchdog for 200 seconds at Tue Sep 22 15:46:38 UTC 2020
3005 ms. Memory: 51200K Free: 22247K (43%)
ptolemy.util.test.WatchDog.cancel(): canceling Tue Sep 22 15:46:41 UTC 2020
auto.tcl: Setting watchdog for 200 seconds at Tue Sep 22 15:46:41 UTC 2020
3010 ms. Memory: 51200K Free: 21315K (42%)
ptolemy.util.test.WatchDog.cancel(): canceling Tue Sep 22 15:46:44 UTC 2020
------------------ testing $PTII/ptolemy/domains/de/test/auto/FSM1.xml
auto.tcl: Setting watchdog for 200 seconds at Tue Sep 22 15:46:45 UTC 2020
20 ms. Memory: 51200K Free: 23171K (45%)
ptolemy.util.test.WatchDog.cancel(): canceling Tue Sep 22 15:46:45 UTC 2020
auto.tcl: Setting watchdog for 200 seconds at Tue Sep 22 15:46:45 UTC 2020
26 ms. Memory: 51200K Free: 20012K (39%)
ptolemy.util.test.WatchDog.cancel(): canceling Tue Sep 22 15:46:45 UTC 2020
------------------ testing $PTII/ptolemy/domains/de/test/auto/FSM7.xml
auto.tcl: Setting watchdog for 200 seconds at Tue Sep 22 15:46:45 UTC 2020
16 ms. Memory: 51200K Free: 23609K (46%)
ptolemy.util.test.WatchDog.cancel(): canceling Tue Sep 22 15:46:45 UTC 2020
auto.tcl: Setting watchdog for 200 seconds at Tue Sep 22 15:46:45 UTC 2020
14 ms. Memory: 51200K Free: 20672K (40%)
ptolemy.util.test.WatchDog.cancel(): canceling Tue Sep 22 15:46:45 UTC 2020
------------------ testing $PTII/ptolemy/domains/de/test/auto/Inspection.xml
auto.tcl: Setting watchdog for 200 seconds at Tue Sep 22 15:46:45 UTC 2020
33 ms. Memory: 51200K Free: 23153K (45%)
ptolemy.util.test.WatchDog.cancel(): canceling Tue Sep 22 15:46:45 UTC 2020
auto.tcl: Setting watchdog for 200 seconds at Tue Sep 22 15:46:45 UTC 2020
31 ms. Memory: 51200K Free: 21259K (42%)
ptolemy.util.test.WatchDog.cancel(): canceling Tue Sep 22 15:46:45 UTC 2020
------------------ testing $PTII/ptolemy/domains/de/test/auto/Iteration.xml
auto.tcl: Setting watchdog for 200 seconds at Tue Sep 22 15:46:45 UTC 2020
10 ms. Memory: 51200K Free: 28954K (57%)
ptolemy.util.test.WatchDog.cancel(): canceling Tue Sep 22 15:46:45 UTC 2020
auto.tcl: Setting watchdog for 200 seconds at Tue Sep 22 15:46:45 UTC 2020
6 ms. Memory: 51200K Free: 27766K (54%)
ptolemy.util.test.WatchDog.cancel(): canceling Tue Sep 22 15:46:45 UTC 2020
------------------ testing $PTII/ptolemy/domains/de/test/auto/LineFault.xml
auto.tcl: Setting watchdog for 200 seconds at Tue Sep 22 15:46:45 UTC 2020
512 ms. Memory: 51200K Free: 12501K (24%)
ptolemy.util.test.WatchDog.cancel(): canceling Tue Sep 22 15:46:46 UTC 2020
auto.tcl: Setting watchdog for 200 seconds at Tue Sep 22 15:46:46 UTC 2020
532 ms. Memory: 61440K Free: 40297K (66%)
ptolemy.util.test.WatchDog.cancel(): canceling Tue Sep 22 15:46:46 UTC 2020
------------------ testing $PTII/ptolemy/domains/de/test/auto/MergeModel1Add.xml
auto.tcl: Setting watchdog for 200 seconds at Tue Sep 22 15:46:46 UTC 2020
31 ms. Memory: 58368K Free: 22067K (38%)
ptolemy.util.test.WatchDog.cancel(): canceling Tue Sep 22 15:46:46 UTC 2020
auto.tcl: Setting watchdog for 200 seconds at Tue Sep 22 15:46:46 UTC 2020
12 ms. Memory: 58368K Free: 20576K (35%)
ptolemy.util.test.WatchDog.cancel(): canceling Tue Sep 22 15:46:46 UTC 2020
------------------ testing $PTII/ptolemy/domains/de/test/auto/MergeModel2Add.xml
auto.tcl: Setting watchdog for 200 seconds at Tue Sep 22 15:46:47 UTC 2020
12 ms. Memory: 55296K Free: 21601K (39%)
ptolemy.util.test.WatchDog.cancel(): canceling Tue Sep 22 15:46:47 UTC 2020
auto.tcl: Setting watchdog for 200 seconds at Tue Sep 22 15:46:47 UTC 2020
8 ms. Memory: 55296K Free: 19931K (36%)
ptolemy.util.test.WatchDog.cancel(): canceling Tue Sep 22 15:46:47 UTC 2020
------------------ testing $PTII/ptolemy/domains/de/test/auto/MergeModel3Add.xml
auto.tcl: Setting watchdog for 200 seconds at Tue Sep 22 15:46:47 UTC 2020
7 ms. Memory: 55296K Free: 21321K (39%)
ptolemy.util.test.WatchDog.cancel(): canceling Tue Sep 22 15:46:47 UTC 2020
auto.tcl: Setting watchdog for 200 seconds at Tue Sep 22 15:46:47 UTC 2020
6 ms. Memory: 55296K Free: 19952K (36%)
ptolemy.util.test.WatchDog.cancel(): canceling Tue Sep 22 15:46:47 UTC 2020
------------------ testing $PTII/ptolemy/domains/de/test/auto/MergeWithoutDiscard.xml
auto.tcl: Setting watchdog for 200 seconds at Tue Sep 22 15:46:47 UTC 2020
2 ms. Memory: 51200K Free: 31602K (62%)
ptolemy.util.test.WatchDog.cancel(): canceling Tue Sep 22 15:46:47 UTC 2020
auto.tcl: Setting watchdog for 200 seconds at Tue Sep 22 15:46:47 UTC 2020
1 ms. Memory: 51200K Free: 31155K (61%)
ptolemy.util.test.WatchDog.cancel(): canceling Tue Sep 22 15:46:47 UTC 2020
------------------ testing $PTII/ptolemy/domains/de/test/auto/Modal1.xml
auto.tcl: Setting watchdog for 200 seconds at Tue Sep 22 15:46:47 UTC 2020
15 ms. Memory: 51200K Free: 23720K (46%)
ptolemy.util.test.WatchDog.cancel(): canceling Tue Sep 22 15:46:47 UTC 2020
auto.tcl: Setting watchdog for 200 seconds at Tue Sep 22 15:46:47 UTC 2020
16 ms. Memory: 51200K Free: 20250K (40%)
ptolemy.util.test.WatchDog.cancel(): canceling Tue Sep 22 15:46:47 UTC 2020
------------------ testing $PTII/ptolemy/domains/de/test/auto/Modal2.xml
auto.tcl: Setting watchdog for 200 seconds at Tue Sep 22 15:46:47 UTC 2020
10 ms. Memory: 51200K Free: 23863K (47%)
ptolemy.util.test.WatchDog.cancel(): canceling Tue Sep 22 15:46:47 UTC 2020
auto.tcl: Setting watchdog for 200 seconds at Tue Sep 22 15:46:47 UTC 2020
16 ms. Memory: 51200K Free: 20629K (40%)
ptolemy.util.test.WatchDog.cancel(): canceling Tue Sep 22 15:46:47 UTC 2020
------------------ testing $PTII/ptolemy/domains/de/test/auto/Modal3.xml
auto.tcl: Setting watchdog for 200 seconds at Tue Sep 22 15:46:47 UTC 2020
14 ms. Memory: 51200K Free: 23368K (46%)
ptolemy.util.test.WatchDog.cancel(): canceling Tue Sep 22 15:46:47 UTC 2020
auto.tcl: Setting watchdog for 200 seconds at Tue Sep 22 15:46:47 UTC 2020
13 ms. Memory: 51200K Free: 20224K (40%)
ptolemy.util.test.WatchDog.cancel(): canceling Tue Sep 22 15:46:47 UTC 2020
------------------ testing $PTII/ptolemy/domains/de/test/auto/Modal4.xml
auto.tcl: Setting watchdog for 200 seconds at Tue Sep 22 15:46:47 UTC 2020
12 ms. Memory: 51200K Free: 22786K (45%)
ptolemy.util.test.WatchDog.cancel(): canceling Tue Sep 22 15:46:47 UTC 2020
auto.tcl: Setting watchdog for 200 seconds at Tue Sep 22 15:46:47 UTC 2020
14 ms. Memory: 51200K Free: 18986K (37%)
ptolemy.util.test.WatchDog.cancel(): canceling Tue Sep 22 15:46:47 UTC 2020
------------------ testing $PTII/ptolemy/domains/de/test/auto/Modal5.xml
auto.tcl: Setting watchdog for 200 seconds at Tue Sep 22 15:46:47 UTC 2020
15 ms. Memory: 51200K Free: 22797K (45%)
ptolemy.util.test.WatchDog.cancel(): canceling Tue Sep 22 15:46:47 UTC 2020
auto.tcl: Setting watchdog for 200 seconds at Tue Sep 22 15:46:47 UTC 2020
12 ms. Memory: 51200K Free: 18973K (37%)
ptolemy.util.test.WatchDog.cancel(): canceling Tue Sep 22 15:46:47 UTC 2020
------------------ testing $PTII/ptolemy/domains/de/test/auto/Modal6.xml
auto.tcl: Setting watchdog for 200 seconds at Tue Sep 22 15:46:47 UTC 2020
11 ms. Memory: 51200K Free: 23545K (46%)
ptolemy.util.test.WatchDog.cancel(): canceling Tue Sep 22 15:46:47 UTC 2020
auto.tcl: Setting watchdog for 200 seconds at Tue Sep 22 15:46:47 UTC 2020
13 ms. Memory: 51200K Free: 19575K (38%)
ptolemy.util.test.WatchDog.cancel(): canceling Tue Sep 22 15:46:47 UTC 2020
------------------ testing $PTII/ptolemy/domains/de/test/auto/Modal7.xml
auto.tcl: Setting watchdog for 200 seconds at Tue Sep 22 15:46:47 UTC 2020
10 ms. Memory: 51200K Free: 22552K (44%)
ptolemy.util.test.WatchDog.cancel(): canceling Tue Sep 22 15:46:48 UTC 2020
auto.tcl: Setting watchdog for 200 seconds at Tue Sep 22 15:46:48 UTC 2020
12 ms. Memory: 51200K Free: 19205K (38%)
ptolemy.util.test.WatchDog.cancel(): canceling Tue Sep 22 15:46:48 UTC 2020
------------------ testing $PTII/ptolemy/domains/de/test/auto/ModalModel.xml
auto.tcl: Setting watchdog for 200 seconds at Tue Sep 22 15:46:48 UTC 2020
216 ms. Memory: 51200K Free: 14103K (28%)
ptolemy.util.test.WatchDog.cancel(): canceling Tue Sep 22 15:46:48 UTC 2020
auto.tcl: Setting watchdog for 200 seconds at Tue Sep 22 15:46:48 UTC 2020
199 ms. Memory: 62464K Free: 20750K (33%)
ptolemy.util.test.WatchDog.cancel(): canceling Tue Sep 22 15:46:48 UTC 2020
------------------ testing $PTII/ptolemy/domains/de/test/auto/ModalSource.xml
auto.tcl: Setting watchdog for 200 seconds at Tue Sep 22 15:46:48 UTC 2020
8 ms. Memory: 58368K Free: 34814K (60%)
ptolemy.util.test.WatchDog.cancel(): canceling Tue Sep 22 15:46:48 UTC 2020
auto.tcl: Setting watchdog for 200 seconds at Tue Sep 22 15:46:48 UTC 2020
6 ms. Memory: 58368K Free: 32766K (56%)
ptolemy.util.test.WatchDog.cancel(): canceling Tue Sep 22 15:46:48 UTC 2020
------------------ testing $PTII/ptolemy/domains/de/test/auto/NonInterruptibleTimerZeroDelay.xml
auto.tcl: Setting watchdog for 200 seconds at Tue Sep 22 15:46:48 UTC 2020
3 ms. Memory: 51200K Free: 32550K (64%)
ptolemy.util.test.WatchDog.cancel(): canceling Tue Sep 22 15:46:48 UTC 2020
auto.tcl: Setting watchdog for 200 seconds at Tue Sep 22 15:46:48 UTC 2020
2 ms. Memory: 51200K Free: 31916K (62%)
ptolemy.util.test.WatchDog.cancel(): canceling Tue Sep 22 15:46:48 UTC 2020
------------------ testing $PTII/ptolemy/domains/de/test/auto/OpenQueueingNetwork.xml
auto.tcl: Setting watchdog for 200 seconds at Tue Sep 22 15:46:48 UTC 2020
2692 ms. Memory: 83968K Free: 49139K (59%)
ptolemy.util.test.WatchDog.cancel(): canceling Tue Sep 22 15:46:51 UTC 2020
auto.tcl: Setting watchdog for 200 seconds at Tue Sep 22 15:46:51 UTC 2020
2210 ms. Memory: 83968K Free: 29675K (35%)
ptolemy.util.test.WatchDog.cancel(): canceling Tue Sep 22 15:46:53 UTC 2020
------------------ testing $PTII/ptolemy/domains/de/test/auto/OpenQueuingNetwork.xml
auto.tcl: Setting watchdog for 200 seconds at Tue Sep 22 15:46:53 UTC 2020
228 ms. Memory: 58368K Free: 31389K (54%)
ptolemy.util.test.WatchDog.cancel(): canceling Tue Sep 22 15:46:54 UTC 2020
auto.tcl: Setting watchdog for 200 seconds at Tue Sep 22 15:46:54 UTC 2020
198 ms. Memory: 58368K Free: 13743K (24%)
ptolemy.util.test.WatchDog.cancel(): canceling Tue Sep 22 15:46:54 UTC 2020
------------------ testing $PTII/ptolemy/domains/de/test/auto/PeriodicSampler.xml
auto.tcl: Setting watchdog for 200 seconds at Tue Sep 22 15:46:54 UTC 2020
2 ms. Memory: 55296K Free: 35873K (65%)
ptolemy.util.test.WatchDog.cancel(): canceling Tue Sep 22 15:46:54 UTC 2020
auto.tcl: Setting watchdog for 200 seconds at Tue Sep 22 15:46:54 UTC 2020
2 ms. Memory: 55296K Free: 35353K (64%)
ptolemy.util.test.WatchDog.cancel(): canceling Tue Sep 22 15:46:54 UTC 2020
------------------ testing $PTII/ptolemy/domains/de/test/auto/PersistentIO.xml
auto.tcl: Setting watchdog for 200 seconds at Tue Sep 22 15:46:54 UTC 2020
16 ms. Memory: 55296K Free: 30797K (56%)
ptolemy.util.test.WatchDog.cancel(): canceling Tue Sep 22 15:46:54 UTC 2020
auto.tcl: Setting watchdog for 200 seconds at Tue Sep 22 15:46:54 UTC 2020
3 ms. Memory: 55296K Free: 29277K (53%)
ptolemy.util.test.WatchDog.cancel(): canceling Tue Sep 22 15:46:54 UTC 2020
------------------ testing $PTII/ptolemy/domains/de/test/auto/PortParameterResetOnInitialize.xml
auto.tcl: Setting watchdog for 200 seconds at Tue Sep 22 15:46:54 UTC 2020
2 ms. Memory: 55296K Free: 35787K (65%)
ptolemy.util.test.WatchDog.cancel(): canceling Tue Sep 22 15:46:54 UTC 2020
auto.tcl: Setting watchdog for 200 seconds at Tue Sep 22 15:46:54 UTC 2020
1 ms. Memory: 55296K Free: 35285K (64%)
ptolemy.util.test.WatchDog.cancel(): canceling Tue Sep 22 15:46:54 UTC 2020
------------------ testing $PTII/ptolemy/domains/de/test/auto/PortParameterUpdates.xml
auto.tcl: Setting watchdog for 200 seconds at Tue Sep 22 15:46:54 UTC 2020
5 ms. Memory: 55296K Free: 33866K (61%)
ptolemy.util.test.WatchDog.cancel(): canceling Tue Sep 22 15:46:54 UTC 2020
auto.tcl: Setting watchdog for 200 seconds at Tue Sep 22 15:46:54 UTC 2020
5 ms. Memory: 55296K Free: 32853K (59%)
ptolemy.util.test.WatchDog.cancel(): canceling Tue Sep 22 15:46:54 UTC 2020
------------------ testing $PTII/ptolemy/domains/de/test/auto/QueueAndServer.xml
auto.tcl: Setting watchdog for 200 seconds at Tue Sep 22 15:46:54 UTC 2020
14 ms. Memory: 55296K Free: 33024K (60%)
ptolemy.util.test.WatchDog.cancel(): canceling Tue Sep 22 15:46:54 UTC 2020
auto.tcl: Setting watchdog for 200 seconds at Tue Sep 22 15:46:54 UTC 2020
8 ms. Memory: 55296K Free: 31781K (57%)
ptolemy.util.test.WatchDog.cancel(): canceling Tue Sep 22 15:46:54 UTC 2020
------------------ testing $PTII/ptolemy/domains/de/test/auto/Records.xml
auto.tcl: Setting watchdog for 200 seconds at Tue Sep 22 15:46:54 UTC 2020
5 ms. Memory: 55296K Free: 35014K (63%)
ptolemy.util.test.WatchDog.cancel(): canceling Tue Sep 22 15:46:54 UTC 2020
auto.tcl: Setting watchdog for 200 seconds at Tue Sep 22 15:46:54 UTC 2020
2 ms. Memory: 55296K Free: 34470K (62%)
ptolemy.util.test.WatchDog.cancel(): canceling Tue Sep 22 15:46:54 UTC 2020
------------------ testing $PTII/ptolemy/domains/de/test/auto/ResetTransitionWithStartTime1.xml
auto.tcl: Setting watchdog for 200 seconds at Tue Sep 22 15:46:54 UTC 2020
11 ms. Memory: 55296K Free: 32327K (58%)
ptolemy.util.test.WatchDog.cancel(): canceling Tue Sep 22 15:46:54 UTC 2020
auto.tcl: Setting watchdog for 200 seconds at Tue Sep 22 15:46:54 UTC 2020
6 ms. Memory: 55296K Free: 29705K (54%)
ptolemy.util.test.WatchDog.cancel(): canceling Tue Sep 22 15:46:54 UTC 2020
------------------ testing $PTII/ptolemy/domains/de/test/auto/ResetTransitionWithStartTime2.xml
auto.tcl: Setting watchdog for 200 seconds at Tue Sep 22 15:46:54 UTC 2020
7 ms. Memory: 55296K Free: 32237K (58%)
ptolemy.util.test.WatchDog.cancel(): canceling Tue Sep 22 15:46:54 UTC 2020
auto.tcl: Setting watchdog for 200 seconds at Tue Sep 22 15:46:54 UTC 2020
6 ms. Memory: 55296K Free: 30189K (55%)
ptolemy.util.test.WatchDog.cancel(): canceling Tue Sep 22 15:46:54 UTC 2020
------------------ testing $PTII/ptolemy/domains/de/test/auto/ResetTransitionWithStartTime3.xml
auto.tcl: Setting watchdog for 200 seconds at Tue Sep 22 15:46:54 UTC 2020
7 ms. Memory: 55296K Free: 32273K (58%)
ptolemy.util.test.WatchDog.cancel(): canceling Tue Sep 22 15:46:55 UTC 2020
auto.tcl: Setting watchdog for 200 seconds at Tue Sep 22 15:46:55 UTC 2020
7 ms. Memory: 55296K Free: 30187K (55%)
ptolemy.util.test.WatchDog.cancel(): canceling Tue Sep 22 15:46:55 UTC 2020
------------------ testing $PTII/ptolemy/domains/de/test/auto/ResetTransitionWithStartTime4.xml
auto.tcl: Setting watchdog for 200 seconds at Tue Sep 22 15:46:55 UTC 2020
8 ms. Memory: 55296K Free: 32642K (59%)
ptolemy.util.test.WatchDog.cancel(): canceling Tue Sep 22 15:46:55 UTC 2020
auto.tcl: Setting watchdog for 200 seconds at Tue Sep 22 15:46:55 UTC 2020
4 ms. Memory: 55296K Free: 31210K (56%)
ptolemy.util.test.WatchDog.cancel(): canceling Tue Sep 22 15:46:55 UTC 2020
------------------ testing $PTII/ptolemy/domains/de/test/auto/ResettableTimer1.xml
auto.tcl: Setting watchdog for 200 seconds at Tue Sep 22 15:46:55 UTC 2020
3 ms. Memory: 51200K Free: 32313K (63%)
ptolemy.util.test.WatchDog.cancel(): canceling Tue Sep 22 15:46:55 UTC 2020
auto.tcl: Setting watchdog for 200 seconds at Tue Sep 22 15:46:55 UTC 2020
2 ms. Memory: 51200K Free: 31686K (62%)
ptolemy.util.test.WatchDog.cancel(): canceling Tue Sep 22 15:46:55 UTC 2020
------------------ testing $PTII/ptolemy/domains/de/test/auto/ResettableTimer2.xml
auto.tcl: Setting watchdog for 200 seconds at Tue Sep 22 15:46:55 UTC 2020
2 ms. Memory: 51200K Free: 32402K (63%)
ptolemy.util.test.WatchDog.cancel(): canceling Tue Sep 22 15:46:55 UTC 2020
auto.tcl: Setting watchdog for 200 seconds at Tue Sep 22 15:46:55 UTC 2020
2 ms. Memory: 51200K Free: 31767K (62%)
ptolemy.util.test.WatchDog.cancel(): canceling Tue Sep 22 15:46:55 UTC 2020
------------------ testing $PTII/ptolemy/domains/de/test/auto/ResettableTimer3.xml
auto.tcl: Setting watchdog for 200 seconds at Tue Sep 22 15:46:55 UTC 2020
1 ms. Memory: 51200K Free: 32782K (64%)
ptolemy.util.test.WatchDog.cancel(): canceling Tue Sep 22 15:46:55 UTC 2020
auto.tcl: Setting watchdog for 200 seconds at Tue Sep 22 15:46:55 UTC 2020
1 ms. Memory: 51200K Free: 32272K (63%)
ptolemy.util.test.WatchDog.cancel(): canceling Tue Sep 22 15:46:55 UTC 2020
------------------ testing $PTII/ptolemy/domains/de/test/auto/ResettableTimer4.xml
auto.tcl: Setting watchdog for 200 seconds at Tue Sep 22 15:46:55 UTC 2020
1 ms. Memory: 51200K Free: 32285K (63%)
ptolemy.util.test.WatchDog.cancel(): canceling Tue Sep 22 15:46:55 UTC 2020
auto.tcl: Setting watchdog for 200 seconds at Tue Sep 22 15:46:55 UTC 2020
1 ms. Memory: 51200K Free: 32285K (63%)
ptolemy.util.test.WatchDog.cancel(): canceling Tue Sep 22 15:46:55 UTC 2020
------------------ testing $PTII/ptolemy/domains/de/test/auto/ResettableTimer5.xml
auto.tcl: Setting watchdog for 200 seconds at Tue Sep 22 15:46:55 UTC 2020
2 ms. Memory: 51200K Free: 32284K (63%)
ptolemy.util.test.WatchDog.cancel(): canceling Tue Sep 22 15:46:55 UTC 2020
auto.tcl: Setting watchdog for 200 seconds at Tue Sep 22 15:46:55 UTC 2020
1 ms. Memory: 51200K Free: 31777K (62%)
ptolemy.util.test.WatchDog.cancel(): canceling Tue Sep 22 15:46:55 UTC 2020
------------------ testing $PTII/ptolemy/domains/de/test/auto/ResettableTimer6.xml
auto.tcl: Setting watchdog for 200 seconds at Tue Sep 22 15:46:55 UTC 2020
1 ms. Memory: 51200K Free: 31760K (62%)
ptolemy.util.test.WatchDog.cancel(): canceling Tue Sep 22 15:46:55 UTC 2020
auto.tcl: Setting watchdog for 200 seconds at Tue Sep 22 15:46:55 UTC 2020
1 ms. Memory: 51200K Free: 31250K (61%)
ptolemy.util.test.WatchDog.cancel(): canceling Tue Sep 22 15:46:55 UTC 2020
------------------ testing $PTII/ptolemy/domains/de/test/auto/ServerZeroDelay.xml
auto.tcl: Setting watchdog for 200 seconds at Tue Sep 22 15:46:55 UTC 2020
5 ms. Memory: 51200K Free: 32265K (63%)
ptolemy.util.test.WatchDog.cancel(): canceling Tue Sep 22 15:46:55 UTC 2020
auto.tcl: Setting watchdog for 200 seconds at Tue Sep 22 15:46:55 UTC 2020
4 ms. Memory: 51200K Free: 31241K (61%)
ptolemy.util.test.WatchDog.cancel(): canceling Tue Sep 22 15:46:55 UTC 2020
------------------ testing $PTII/ptolemy/domains/de/test/auto/SmartSender.xml
auto.tcl: Setting watchdog for 200 seconds at Tue Sep 22 15:46:55 UTC 2020
3002 ms. Memory: 51200K Free: 32260K (63%)
ptolemy.util.test.WatchDog.cancel(): canceling Tue Sep 22 15:46:58 UTC 2020
auto.tcl: Setting watchdog for 200 seconds at Tue Sep 22 15:46:58 UTC 2020
3001 ms. Memory: 51200K Free: 31746K (62%)
ptolemy.util.test.WatchDog.cancel(): canceling Tue Sep 22 15:47:01 UTC 2020
------------------ testing $PTII/ptolemy/domains/de/test/auto/ThreadedComposite.xml
auto.tcl: Setting watchdog for 200 seconds at Tue Sep 22 15:47:01 UTC 2020
159 ms. Memory: 51200K Free: 13328K (26%)
ptolemy.util.test.WatchDog.cancel(): canceling Tue Sep 22 15:47:01 UTC 2020
auto.tcl: Setting watchdog for 200 seconds at Tue Sep 22 15:47:01 UTC 2020
114 ms. Memory: 51200K Free: 28199K (55%)
ptolemy.util.test.WatchDog.cancel(): canceling Tue Sep 22 15:47:01 UTC 2020
------------------ testing $PTII/ptolemy/domains/de/test/auto/Time.xml
auto.tcl: Setting watchdog for 200 seconds at Tue Sep 22 15:47:01 UTC 2020
480 ms. Memory: 51200K Free: 35483K (69%)
ptolemy.util.test.WatchDog.cancel(): canceling Tue Sep 22 15:47:02 UTC 2020
auto.tcl: Setting watchdog for 200 seconds at Tue Sep 22 15:47:02 UTC 2020
426 ms. Memory: 51200K Free: 12000K (23%)
ptolemy.util.test.WatchDog.cancel(): canceling Tue Sep 22 15:47:02 UTC 2020
------------------ testing $PTII/ptolemy/domains/de/test/auto/TimeDelayZeroDelay.xml
auto.tcl: Setting watchdog for 200 seconds at Tue Sep 22 15:47:02 UTC 2020
2 ms. Memory: 51200K Free: 32190K (63%)
ptolemy.util.test.WatchDog.cancel(): canceling Tue Sep 22 15:47:02 UTC 2020
auto.tcl: Setting watchdog for 200 seconds at Tue Sep 22 15:47:02 UTC 2020
1 ms. Memory: 51200K Free: 31710K (62%)
ptolemy.util.test.WatchDog.cancel(): canceling Tue Sep 22 15:47:02 UTC 2020
------------------ testing $PTII/ptolemy/domains/de/test/auto/TimerZeroDelay.xml
auto.tcl: Setting watchdog for 200 seconds at Tue Sep 22 15:47:02 UTC 2020
2 ms. Memory: 51200K Free: 32386K (63%)
ptolemy.util.test.WatchDog.cancel(): canceling Tue Sep 22 15:47:03 UTC 2020
auto.tcl: Setting watchdog for 200 seconds at Tue Sep 22 15:47:03 UTC 2020
1 ms. Memory: 51200K Free: 31761K (62%)
ptolemy.util.test.WatchDog.cancel(): canceling Tue Sep 22 15:47:03 UTC 2020
------------------ testing $PTII/ptolemy/domains/de/test/auto/TimingParadox.xml
auto.tcl: Setting watchdog for 200 seconds at Tue Sep 22 15:47:03 UTC 2020
319 ms. Memory: 51200K Free: 20927K (41%)
ptolemy.util.test.WatchDog.cancel(): canceling Tue Sep 22 15:47:03 UTC 2020
auto.tcl: Setting watchdog for 200 seconds at Tue Sep 22 15:47:03 UTC 2020
287 ms. Memory: 51200K Free: 12584K (25%)
ptolemy.util.test.WatchDog.cancel(): canceling Tue Sep 22 15:47:03 UTC 2020
------------------ testing $PTII/ptolemy/domains/de/test/auto/TransferInputs.xml
auto.tcl: Setting watchdog for 200 seconds at Tue Sep 22 15:47:03 UTC 2020
2 ms. Memory: 51200K Free: 30700K (60%)
ptolemy.util.test.WatchDog.cancel(): canceling Tue Sep 22 15:47:03 UTC 2020
auto.tcl: Setting watchdog for 200 seconds at Tue Sep 22 15:47:03 UTC 2020
2 ms. Memory: 51200K Free: 29797K (58%)
ptolemy.util.test.WatchDog.cancel(): canceling Tue Sep 22 15:47:03 UTC 2020
------------------ testing $PTII/ptolemy/domains/de/test/auto/TransferOutputs2.xml
auto.tcl: Setting watchdog for 200 seconds at Tue Sep 22 15:47:03 UTC 2020
3 ms. Memory: 51200K Free: 28143K (55%)
ptolemy.util.test.WatchDog.cancel(): canceling Tue Sep 22 15:47:03 UTC 2020
auto.tcl: Setting watchdog for 200 seconds at Tue Sep 22 15:47:03 UTC 2020
1 ms. Memory: 51200K Free: 26725K (52%)
ptolemy.util.test.WatchDog.cancel(): canceling Tue Sep 22 15:47:03 UTC 2020
------------------ testing $PTII/ptolemy/domains/de/test/auto/Trilateration.xml
auto.tcl: Setting watchdog for 200 seconds at Tue Sep 22 15:47:03 UTC 2020
11975 ms. Memory: 529408K Free: 366396K (69%)
ptolemy.util.test.WatchDog.cancel(): canceling Tue Sep 22 15:47:17 UTC 2020
auto.tcl: Setting watchdog for 200 seconds at Tue Sep 22 15:47:17 UTC 2020
8775 ms. Memory: 529408K Free: 214049K (40%)
ptolemy.util.test.WatchDog.cancel(): canceling Tue Sep 22 15:47:25 UTC 2020
------------------ testing $PTII/ptolemy/domains/de/test/auto/TwoSigmaDelta.xml
auto.tcl: Setting watchdog for 200 seconds at Tue Sep 22 15:47:25 UTC 2020
2122 ms. Memory: 92160K Free: 28360K (31%)
ptolemy.util.test.WatchDog.cancel(): canceling Tue Sep 22 15:47:28 UTC 2020
auto.tcl: Setting watchdog for 200 seconds at Tue Sep 22 15:47:28 UTC 2020
1762 ms. Memory: 92160K Free: 25268K (27%)
ptolemy.util.test.WatchDog.cancel(): canceling Tue Sep 22 15:47:29 UTC 2020
------------------ testing $PTII/ptolemy/domains/de/test/auto/VariableDelay.xml
auto.tcl: Setting watchdog for 200 seconds at Tue Sep 22 15:47:29 UTC 2020
3 ms. Memory: 55296K Free: 35272K (64%)
ptolemy.util.test.WatchDog.cancel(): canceling Tue Sep 22 15:47:29 UTC 2020
auto.tcl: Setting watchdog for 200 seconds at Tue Sep 22 15:47:29 UTC 2020
1 ms. Memory: 55296K Free: 34278K (62%)
ptolemy.util.test.WatchDog.cancel(): canceling Tue Sep 22 15:47:29 UTC 2020
------------------ testing $PTII/ptolemy/domains/de/test/auto/VariableDelay2.xml
auto.tcl: Setting watchdog for 200 seconds at Tue Sep 22 15:47:29 UTC 2020
7 ms. Memory: 55296K Free: 35866K (65%)
ptolemy.util.test.WatchDog.cancel(): canceling Tue Sep 22 15:47:29 UTC 2020
auto.tcl: Setting watchdog for 200 seconds at Tue Sep 22 15:47:29 UTC 2020
1 ms. Memory: 55296K Free: 35191K (64%)
ptolemy.util.test.WatchDog.cancel(): canceling Tue Sep 22 15:47:30 UTC 2020
------------------ testing $PTII/ptolemy/domains/de/test/auto/VariableDelayZeroDelay.xml
auto.tcl: Setting watchdog for 200 seconds at Tue Sep 22 15:47:30 UTC 2020
2 ms. Memory: 51200K Free: 32217K (63%)
ptolemy.util.test.WatchDog.cancel(): canceling Tue Sep 22 15:47:30 UTC 2020
auto.tcl: Setting watchdog for 200 seconds at Tue Sep 22 15:47:30 UTC 2020
2 ms. Memory: 51200K Free: 31574K (62%)
ptolemy.util.test.WatchDog.cancel(): canceling Tue Sep 22 15:47:30 UTC 2020
------------------ testing $PTII/ptolemy/domains/de/test/auto/VariableDelayZeroDelay2.xml
auto.tcl: Setting watchdog for 200 seconds at Tue Sep 22 15:47:30 UTC 2020
2 ms. Memory: 51200K Free: 32117K (63%)
ptolemy.util.test.WatchDog.cancel(): canceling Tue Sep 22 15:47:30 UTC 2020
auto.tcl: Setting watchdog for 200 seconds at Tue Sep 22 15:47:30 UTC 2020
2 ms. Memory: 51200K Free: 31106K (61%)
ptolemy.util.test.WatchDog.cancel(): canceling Tue Sep 22 15:47:30 UTC 2020
------------------ testing $PTII/ptolemy/domains/de/test/auto/deInCt.xml
auto.tcl: Setting watchdog for 200 seconds at Tue Sep 22 15:47:30 UTC 2020
0
1
1
1
0
0
0
1
1
1
1
0
0
0
1
1
1
0
0
0
0
1
1
1
0
0
0
0
1
1
1
1
0
0
0
0
11 ms. Memory: 51200K Free: 31091K (61%)
ptolemy.util.test.WatchDog.cancel(): canceling Tue Sep 22 15:47:30 UTC 2020
auto.tcl: Setting watchdog for 200 seconds at Tue Sep 22 15:47:30 UTC 2020
0
1
1
1
1
1
0
0
0
0
1
1
1
0
0
0
1
1
1
0
0
1
1
1
0
0
0
0
0
0
1
1
1
1
8 ms. Memory: 51200K Free: 29561K (58%)
ptolemy.util.test.WatchDog.cancel(): canceling Tue Sep 22 15:47:30 UTC 2020
------------------ testing $PTII/ptolemy/domains/de/test/auto/deInCt2.xml
auto.tcl: Setting watchdog for 200 seconds at Tue Sep 22 15:47:30 UTC 2020
0
1
1
1
0
0
1
1
1
0
0
1
1
1
0
0
1
1
1
0
0
1
1
1
0
0
1
1
1
0
0
1
1
1
0
0
1
1
1
0
0
0
11 ms. Memory: 51200K Free: 31091K (61%)
ptolemy.util.test.WatchDog.cancel(): canceling Tue Sep 22 15:47:30 UTC 2020
auto.tcl: Setting watchdog for 200 seconds at Tue Sep 22 15:47:30 UTC 2020
0
1
1
1
0
0
1
1
1
0
0
1
1
1
0
0
1
1
1
0
0
1
1
1
0
0
1
1
1
0
0
1
1
1
0
0
1
1
1
0
0
0
8 ms. Memory: 51200K Free: 29539K (58%)
ptolemy.util.test.WatchDog.cancel(): canceling Tue Sep 22 15:47:30 UTC 2020
------------------ testing $PTII/ptolemy/domains/de/test/auto/dynamicCausalityInterface1.xml
auto.tcl: Setting watchdog for 200 seconds at Tue Sep 22 15:47:30 UTC 2020
1 ms. Memory: 51200K Free: 26476K (52%)
ptolemy.util.test.WatchDog.cancel(): canceling Tue Sep 22 15:47:30 UTC 2020
auto.tcl: Setting watchdog for 200 seconds at Tue Sep 22 15:47:30 UTC 2020
1 ms. Memory: 51200K Free: 25966K (51%)
ptolemy.util.test.WatchDog.cancel(): canceling Tue Sep 22 15:47:30 UTC 2020
------------------ testing $PTII/ptolemy/domains/de/test/auto/fsm_de_test.xml
auto.tcl: Setting watchdog for 200 seconds at Tue Sep 22 15:47:30 UTC 2020
10 ms. Memory: 51200K Free: 26374K (52%)
ptolemy.util.test.WatchDog.cancel(): canceling Tue Sep 22 15:47:30 UTC 2020
auto.tcl: Setting watchdog for 200 seconds at Tue Sep 22 15:47:30 UTC 2020
5 ms. Memory: 51200K Free: 24840K (49%)
ptolemy.util.test.WatchDog.cancel(): canceling Tue Sep 22 15:47:30 UTC 2020
------------------ testing $PTII/ptolemy/domains/de/test/auto/functionDependencyReconstruction.xml
auto.tcl: Setting watchdog for 200 seconds at Tue Sep 22 15:47:30 UTC 2020
3 ms. Memory: 51200K Free: 20734K (40%)
ptolemy.util.test.WatchDog.cancel(): canceling Tue Sep 22 15:47:30 UTC 2020
auto.tcl: Setting watchdog for 200 seconds at Tue Sep 22 15:47:30 UTC 2020
2 ms. Memory: 51200K Free: 18686K (36%)
ptolemy.util.test.WatchDog.cancel(): canceling Tue Sep 22 15:47:30 UTC 2020
------------------ testing $PTII/ptolemy/domains/de/test/auto/multirate.xml
auto.tcl: Setting watchdog for 200 seconds at Tue Sep 22 15:47:30 UTC 2020
3 ms. Memory: 51200K Free: 28808K (56%)
ptolemy.util.test.WatchDog.cancel(): canceling Tue Sep 22 15:47:30 UTC 2020
auto.tcl: Setting watchdog for 200 seconds at Tue Sep 22 15:47:30 UTC 2020
2 ms. Memory: 51200K Free: 27784K (54%)
ptolemy.util.test.WatchDog.cancel(): canceling Tue Sep 22 15:47:30 UTC 2020
------------------ testing $PTII/ptolemy/domains/de/test/auto/multirate2.xml
auto.tcl: Setting watchdog for 200 seconds at Tue Sep 22 15:47:30 UTC 2020
9 ms. Memory: 51200K Free: 29695K (58%)
ptolemy.util.test.WatchDog.cancel(): canceling Tue Sep 22 15:47:30 UTC 2020
auto.tcl: Setting watchdog for 200 seconds at Tue Sep 22 15:47:30 UTC 2020
2 ms. Memory: 51200K Free: 27966K (55%)
ptolemy.util.test.WatchDog.cancel(): canceling Tue Sep 22 15:47:30 UTC 2020
------------------ testing $PTII/ptolemy/domains/de/test/auto/realtime.xml
auto.tcl: Setting watchdog for 200 seconds at Tue Sep 22 15:47:30 UTC 2020
10002 ms. Memory: 51200K Free: 31761K (62%)
ptolemy.util.test.WatchDog.cancel(): canceling Tue Sep 22 15:47:40 UTC 2020
auto.tcl: Setting watchdog for 200 seconds at Tue Sep 22 15:47:40 UTC 2020
10001 ms. Memory: 51200K Free: 31036K (61%)
ptolemy.util.test.WatchDog.cancel(): canceling Tue Sep 22 15:47:50 UTC 2020
------------------ testing $PTII/ptolemy/domains/de/test/auto/relationGroup.xml
auto.tcl: Setting watchdog for 200 seconds at Tue Sep 22 15:47:50 UTC 2020
7 ms. Memory: 51200K Free: 32821K (64%)
ptolemy.util.test.WatchDog.cancel(): canceling Tue Sep 22 15:47:50 UTC 2020
auto.tcl: Setting watchdog for 200 seconds at Tue Sep 22 15:47:50 UTC 2020
2 ms. Memory: 51200K Free: 32321K (63%)
ptolemy.util.test.WatchDog.cancel(): canceling Tue Sep 22 15:47:50 UTC 2020
------------------ testing $PTII/ptolemy/domains/de/test/auto/relationGroup2.xml
auto.tcl: Setting watchdog for 200 seconds at Tue Sep 22 15:47:50 UTC 2020
2 ms. Memory: 51200K Free: 32878K (64%)
ptolemy.util.test.WatchDog.cancel(): canceling Tue Sep 22 15:47:50 UTC 2020
auto.tcl: Setting watchdog for 200 seconds at Tue Sep 22 15:47:50 UTC 2020
2 ms. Memory: 51200K Free: 32143K (63%)
ptolemy.util.test.WatchDog.cancel(): canceling Tue Sep 22 15:47:50 UTC 2020
------------------ testing $PTII/ptolemy/domains/de/test/auto/sortWithOpaquePorts.xml
auto.tcl: Setting watchdog for 200 seconds at Tue Sep 22 15:47:50 UTC 2020
2 ms. Memory: 51200K Free: 31600K (62%)
ptolemy.util.test.WatchDog.cancel(): canceling Tue Sep 22 15:47:50 UTC 2020
auto.tcl: Setting watchdog for 200 seconds at Tue Sep 22 15:47:50 UTC 2020
4 ms. Memory: 51200K Free: 30604K (60%)
ptolemy.util.test.WatchDog.cancel(): canceling Tue Sep 22 15:47:50 UTC 2020
------------------ testing $PTII/ptolemy/domains/de/test/auto/transferInputsandOutputs.xml
auto.tcl: Setting watchdog for 200 seconds at Tue Sep 22 15:47:50 UTC 2020
3 ms. Memory: 51200K Free: 29059K (57%)
ptolemy.util.test.WatchDog.cancel(): canceling Tue Sep 22 15:47:50 UTC 2020
auto.tcl: Setting watchdog for 200 seconds at Tue Sep 22 15:47:50 UTC 2020
1 ms. Memory: 51200K Free: 28035K (55%)
ptolemy.util.test.WatchDog.cancel(): canceling Tue Sep 22 15:47:50 UTC 2020
------------------ testing $PTII/ptolemy/domains/de/test/auto/triggerType.xml
auto.tcl: Setting watchdog for 200 seconds at Tue Sep 22 15:47:51 UTC 2020
1 ms. Memory: 51200K Free: 32084K (63%)
ptolemy.util.test.WatchDog.cancel(): canceling Tue Sep 22 15:47:51 UTC 2020
auto.tcl: Setting watchdog for 200 seconds at Tue Sep 22 15:47:51 UTC 2020
2 ms. Memory: 51200K Free: 31060K (61%)
ptolemy.util.test.WatchDog.cancel(): canceling Tue Sep 22 15:47:51 UTC 2020
09/22/20 03:47:51
Failed: 0  Total Tests: 192  ((Passed: 187, Newly Passed: 1)  Known Failed: 5) /home/travis/build/icyphy/ptII/ptolemy/domains/de/test
09/22/20 03:47:51
Failed: 0  Total Tests: 192  ((Passed: 187, Newly Passed: 1)  Known Failed: 5) /home/travis/build/icyphy/ptII/ptolemy/domains/de/test
----------------- testing (KnownFailure) /home/travis/build/icyphy/ptII/ptolemy/domains/de/test/auto/knownFailedTests/DESDFClockTest.xml
2011 ms. Memory: 51200K Free: 24969K (49%)
Known Failure: java.lang.reflect.InvocationTargetException
----------------- testing (KnownFailure) /home/travis/build/icyphy/ptII/ptolemy/domains/de/test/auto/knownFailedTests/DirectFeedback.xml
1 ms. Memory: 51200K Free: 20873K (41%)
Known Failure: java.lang.reflect.InvocationTargetException
----------------- testing (KnownFailure) /home/travis/build/icyphy/ptII/ptolemy/domains/de/test/auto/knownFailedTests/FSMSource.xml
8 ms. Memory: 51200K Free: 13705K (27%)
----------------- testing (KnownFailure) /home/travis/build/icyphy/ptII/ptolemy/domains/de/test/auto/knownFailedTests/HierarchicalModel.xml
4 ms. Memory: 51200K Free: 25907K (51%)
Known Failure: java.lang.reflect.InvocationTargetException
----------------- testing (KnownFailure) /home/travis/build/icyphy/ptII/ptolemy/domains/de/test/auto/knownFailedTests/dependencyLoop.xml
2 ms. Memory: 51200K Free: 10587K (21%)
Known Failure: java.lang.reflect.InvocationTargetException
----------------- testing (KnownFailure) /home/travis/build/icyphy/ptII/ptolemy/domains/de/test/auto/knownFailedTests/dependencyLoop2.xml
7 ms. Memory: 51200K Free: 23424K (46%)
Known Failure: java.lang.reflect.InvocationTargetException
No auto/linux-amd64/*.xml tests in /home/travis/build/icyphy/ptII/ptolemy/domains/de/test
AutoTests.java: About to close Vertx.
AutoTests.java: Vertx closed.

===========================================================================================
----------------- testing Tue Sep 22 15:47:53 UTC 2020 /home/travis/build/icyphy/ptII/ptolemy/domains/de/test/auto/ActorDepthCalculation_actorWithoutPorts.xml
----------------- Instantiating /home/travis/build/icyphy/ptII/ptolemy/domains/de/test/auto/ActorDepthCalculation_actorWithoutPorts.xml
1 ms. Memory: 51200K Free: 16679K (33%)
----------------- Invoking toplevel() on ptolemy.moml.MoMLSimpleApplication@16ad8c33
----------------- Done invoking toplevel() on ptolemy.moml.MoMLSimpleApplication@16ad8c33
reloadAllAccessors: .ActorDepthCalculation_actorWithoutPorts

===========================================================================================
----------------- testing Tue Sep 22 15:47:53 UTC 2020 /home/travis/build/icyphy/ptII/ptolemy/domains/de/test/auto/AssemblyLine.xml
----------------- Instantiating /home/travis/build/icyphy/ptII/ptolemy/domains/de/test/auto/AssemblyLine.xml
5 ms. Memory: 51200K Free: 9820K (19%)
----------------- Invoking toplevel() on ptolemy.moml.MoMLSimpleApplication@7c6a4e4a
----------------- Done invoking toplevel() on ptolemy.moml.MoMLSimpleApplication@7c6a4e4a
reloadAllAccessors: .AssemblyLine

===========================================================================================
----------------- testing Tue Sep 22 15:47:53 UTC 2020 /home/travis/build/icyphy/ptII/ptolemy/domains/de/test/auto/CQBug1.xml
----------------- Instantiating /home/travis/build/icyphy/ptII/ptolemy/domains/de/test/auto/CQBug1.xml
0 ms. Memory: 51200K Free: 34548K (67%)
----------------- Invoking toplevel() on ptolemy.moml.MoMLSimpleApplication@7a13baa1
----------------- Done invoking toplevel() on ptolemy.moml.MoMLSimpleApplication@7a13baa1
reloadAllAccessors: .CQBug1

===========================================================================================
----------------- testing Tue Sep 22 15:47:53 UTC 2020 /home/travis/build/icyphy/ptII/ptolemy/domains/de/test/auto/CancelFireAt.xml
----------------- Instantiating /home/travis/build/icyphy/ptII/ptolemy/domains/de/test/auto/CancelFireAt.xml
1 ms. Memory: 51200K Free: 31955K (62%)
----------------- Invoking toplevel() on ptolemy.moml.MoMLSimpleApplication@5ac9416f
----------------- Done invoking toplevel() on ptolemy.moml.MoMLSimpleApplication@5ac9416f
reloadAllAccessors: .CancelFireAt

===========================================================================================
----------------- testing Tue Sep 22 15:47:53 UTC 2020 /home/travis/build/icyphy/ptII/ptolemy/domains/de/test/auto/CausalityAndComposabilityAnalysis.xml
----------------- Instantiating /home/travis/build/icyphy/ptII/ptolemy/domains/de/test/auto/CausalityAndComposabilityAnalysis.xml
2 ms. Memory: 51200K Free: 27770K (54%)
----------------- Invoking toplevel() on ptolemy.moml.MoMLSimpleApplication@673aad60
----------------- Done invoking toplevel() on ptolemy.moml.MoMLSimpleApplication@673aad60
reloadAllAccessors: .CausalityAndComposabilityAnalysis

===========================================================================================
----------------- testing Tue Sep 22 15:47:53 UTC 2020 /home/travis/build/icyphy/ptII/ptolemy/domains/de/test/auto/CausalityInterface1.xml
----------------- Instantiating /home/travis/build/icyphy/ptII/ptolemy/domains/de/test/auto/CausalityInterface1.xml
4 ms. Memory: 51200K Free: 22731K (44%)
----------------- Invoking toplevel() on ptolemy.moml.MoMLSimpleApplication@282cc7d8
----------------- Done invoking toplevel() on ptolemy.moml.MoMLSimpleApplication@282cc7d8
reloadAllAccessors: .CausalityInterface1

===========================================================================================
----------------- testing Tue Sep 22 15:47:53 UTC 2020 /home/travis/build/icyphy/ptII/ptolemy/domains/de/test/auto/CausalityInterface15.xml
----------------- Instantiating /home/travis/build/icyphy/ptII/ptolemy/domains/de/test/auto/CausalityInterface15.xml
1 ms. Memory: 51200K Free: 17148K (33%)
----------------- Invoking toplevel() on ptolemy.moml.MoMLSimpleApplication@130aee93
----------------- Done invoking toplevel() on ptolemy.moml.MoMLSimpleApplication@130aee93
reloadAllAccessors: .CausalityInterface15

===========================================================================================
----------------- testing Tue Sep 22 15:47:53 UTC 2020 /home/travis/build/icyphy/ptII/ptolemy/domains/de/test/auto/CausalityInterface2.xml
----------------- Instantiating /home/travis/build/icyphy/ptII/ptolemy/domains/de/test/auto/CausalityInterface2.xml
1 ms. Memory: 51200K Free: 12337K (24%)
[...]
	at ptolemy.actor.Manager.run(Manager.java:1263)
	at ptolemy.actor.Manager$PtolemyRunThread.run(Manager.java:1933)
java.lang.RuntimeException: Execution failed
	at ptolemy.moml.MoMLSimpleApplication$UnloadThread.run(MoMLSimpleApplication.java:402)
Caused by: ptolemy.kernel.util.IllegalActionException: Actor is not ready to fire.  Perhaps UpSample.prefire() returned false? Try debugging the actor by selecting "Listen to Actor".  Also, for SDF check moml for tokenConsumptionRate on input.
  in .DESDFClockTest.Play Bell.Copy1:SDF Director and .DESDFClockTest.Play Bell.UpSample
	at ptolemy.actor.sched.StaticSchedulingDirector.fire(StaticSchedulingDirector.java:227)
	at ptolemy.domains.sdf.kernel.SDFDirector.fire(SDFDirector.java:500)
	at ptolemy.actor.CompositeActor.fire(CompositeActor.java:455)
	at ptolemy.domains.de.kernel.DEDirector._fire(DEDirector.java:1949)
	at ptolemy.domains.de.kernel.DEDirector.fire(DEDirector.java:502)
	at ptolemy.actor.CompositeActor.fire(CompositeActor.java:455)
	at ptolemy.actor.Manager.iterate(Manager.java:851)
	at ptolemy.actor.Manager.execute(Manager.java:369)
	at ptolemy.actor.Manager.run(Manager.java:1263)
	at ptolemy.actor.Manager$PtolemyRunThread.run(Manager.java:1933)
java.lang.reflect.InvocationTargetException
	at java.base/jdk.internal.reflect.NativeConstructorAccessorImpl.newInstance0(Native Method)
	at java.base/jdk.internal.reflect.NativeConstructorAccessorImpl.newInstance(NativeConstructorAccessorImpl.java:62)
	at java.base/jdk.internal.reflect.DelegatingConstructorAccessorImpl.newInstance(DelegatingConstructorAccessorImpl.java:45)
	at java.base/java.lang.reflect.Constructor.newInstance(Constructor.java:490)
	at ptolemy.util.test.junit.AutoKnownFailedTests.RunModel(AutoKnownFailedTests.java:105)
	at java.base/jdk.internal.reflect.NativeMethodAccessorImpl.invoke0(Native Method)
	at java.base/jdk.internal.reflect.NativeMethodAccessorImpl.invoke(NativeMethodAccessorImpl.java:62)
	at java.base/jdk.internal.reflect.DelegatingMethodAccessorImpl.invoke(DelegatingMethodAccessorImpl.java:43)
	at java.base/java.lang.reflect.Method.invoke(Method.java:566)
	at org.junit.runners.model.FrameworkMethod$1.runReflectiveCall(FrameworkMethod.java:44)
	at org.junit.internal.runners.model.ReflectiveCallable.run(ReflectiveCallable.java:15)
	at org.junit.runners.model.FrameworkMethod.invokeExplosively(FrameworkMethod.java:41)
	at junitparams.internal.InvokeParameterisedMethod.evaluate(InvokeParameterisedMethod.java:102)
	at org.junit.internal.runners.statements.FailOnTimeout$1.run(FailOnTimeout.java:28)
Caused by: ptolemy.kernel.util.IllegalActionException: Actor is not ready to fire.  Perhaps UpSample.prefire() returned false? Try debugging the actor by selecting "Listen to Actor".  Also, for SDF check moml for tokenConsumptionRate on input.
  in .DESDFClockTest.Play Bell.Copy1:SDF Director and .DESDFClockTest.Play Bell.UpSample
	at ptolemy.actor.sched.StaticSchedulingDirector.fire(StaticSchedulingDirector.java:227)
	at ptolemy.domains.sdf.kernel.SDFDirector.fire(SDFDirector.java:500)
	at ptolemy.actor.CompositeActor.fire(CompositeActor.java:455)
	at ptolemy.domains.de.kernel.DEDirector._fire(DEDirector.java:1949)
	at ptolemy.domains.de.kernel.DEDirector.fire(DEDirector.java:502)
	at ptolemy.actor.CompositeActor.fire(CompositeActor.java:455)
	at ptolemy.actor.Manager.iterate(Manager.java:851)
	at ptolemy.actor.Manager.execute(Manager.java:369)
	at ptolemy.actor.Manager.run(Manager.java:1263)
	at ptolemy.actor.Manager$PtolemyRunThread.run(Manager.java:1933)
java.lang.RuntimeException: Execution failed
	at ptolemy.moml.MoMLSimpleApplication$UnloadThread.run(MoMLSimpleApplication.java:402)
Caused by: ptolemy.kernel.util.IllegalActionException: Test fails in iteration 1.
Value was: 1.0. Should have been: 2.0
  in .DirectFeedback.Test
	at ptolemy.actor.lib.Test.fire(Test.java:268)
	at ptolemy.domains.de.kernel.DEDirector._fire(DEDirector.java:1949)
	at ptolemy.domains.de.kernel.DEDirector.fire(DEDirector.java:502)
	at ptolemy.actor.CompositeActor.fire(CompositeActor.java:455)
	at ptolemy.actor.Manager.iterate(Manager.java:851)
	at ptolemy.actor.Manager.execute(Manager.java:369)
	at ptolemy.actor.Manager.run(Manager.java:1263)
	at ptolemy.actor.Manager$PtolemyRunThread.run(Manager.java:1933)
java.lang.reflect.InvocationTargetException
	at java.base/jdk.internal.reflect.NativeConstructorAccessorImpl.newInstance0(Native Method)
	at java.base/jdk.internal.reflect.NativeConstructorAccessorImpl.newInstance(NativeConstructorAccessorImpl.java:62)
	at java.base/jdk.internal.reflect.DelegatingConstructorAccessorImpl.newInstance(DelegatingConstructorAccessorImpl.java:45)
	at java.base/java.lang.reflect.Constructor.newInstance(Constructor.java:490)
	at ptolemy.util.test.junit.AutoKnownFailedTests.RunModel(AutoKnownFailedTests.java:105)
	at java.base/jdk.internal.reflect.NativeMethodAccessorImpl.invoke0(Native Method)
	at java.base/jdk.internal.reflect.NativeMethodAccessorImpl.invoke(NativeMethodAccessorImpl.java:62)
	at java.base/jdk.internal.reflect.DelegatingMethodAccessorImpl.invoke(DelegatingMethodAccessorImpl.java:43)
	at java.base/java.lang.reflect.Method.invoke(Method.java:566)
	at org.junit.runners.model.FrameworkMethod$1.runReflectiveCall(FrameworkMethod.java:44)
	at org.junit.internal.runners.model.ReflectiveCallable.run(ReflectiveCallable.java:15)
	at org.junit.runners.model.FrameworkMethod.invokeExplosively(FrameworkMethod.java:41)
	at junitparams.internal.InvokeParameterisedMethod.evaluate(InvokeParameterisedMethod.java:102)
	at org.junit.internal.runners.statements.FailOnTimeout$1.run(FailOnTimeout.java:28)
Caused by: ptolemy.kernel.util.IllegalActionException: Test fails in iteration 1.
Value was: 1.0. Should have been: 2.0
  in .DirectFeedback.Test
	at ptolemy.actor.lib.Test.fire(Test.java:268)
	at ptolemy.domains.de.kernel.DEDirector._fire(DEDirector.java:1949)
	at ptolemy.domains.de.kernel.DEDirector.fire(DEDirector.java:502)
	at ptolemy.actor.CompositeActor.fire(CompositeActor.java:455)
	at ptolemy.actor.Manager.iterate(Manager.java:851)
	at ptolemy.actor.Manager.execute(Manager.java:369)
	at ptolemy.actor.Manager.run(Manager.java:1263)
	at ptolemy.actor.Manager$PtolemyRunThread.run(Manager.java:1933)
java.lang.RuntimeException: Execution failed
	at ptolemy.moml.MoMLSimpleApplication$UnloadThread.run(MoMLSimpleApplication.java:402)
Caused by: ptolemy.kernel.util.IllegalActionException: Found a zero delay loop containing .HierarchicalModel.A
  in .HierarchicalModel and .HierarchicalModel.A
	at ptolemy.actor.util.CausalityInterfaceForComposites._computeOutputPortDepth(CausalityInterfaceForComposites.java:759)
	at ptolemy.actor.util.CausalityInterfaceForComposites._computeInputDepth(CausalityInterfaceForComposites.java:696)
	at ptolemy.actor.util.CausalityInterfaceForComposites._computeOutputPortDepth(CausalityInterfaceForComposites.java:765)
	at ptolemy.actor.util.CausalityInterfaceForComposites._computeInputDepth(CausalityInterfaceForComposites.java:696)
	at ptolemy.actor.util.CausalityInterfaceForComposites._computeOutputPortDepth(CausalityInterfaceForComposites.java:765)
	at ptolemy.actor.util.CausalityInterfaceForComposites._computeInputDepth(CausalityInterfaceForComposites.java:696)
	at ptolemy.actor.util.CausalityInterfaceForComposites._computeActorDepth(CausalityInterfaceForComposites.java:532)
	at ptolemy.actor.util.CausalityInterfaceForComposites.checkForCycles(CausalityInterfaceForComposites.java:96)
	at ptolemy.domains.de.kernel.DEDirector.preinitialize(DEDirector.java:1338)
	at ptolemy.actor.CompositeActor.preinitialize(CompositeActor.java:1828)
	at ptolemy.actor.Manager.preinitializeAndResolveTypes(Manager.java:1040)
	at ptolemy.actor.Manager.initialize(Manager.java:710)
	at ptolemy.actor.Manager.execute(Manager.java:356)
	at ptolemy.actor.Manager.run(Manager.java:1263)
	at ptolemy.actor.Manager$PtolemyRunThread.run(Manager.java:1933)
java.lang.reflect.InvocationTargetException
	at java.base/jdk.internal.reflect.NativeConstructorAccessorImpl.newInstance0(Native Method)
	at java.base/jdk.internal.reflect.NativeConstructorAccessorImpl.newInstance(NativeConstructorAccessorImpl.java:62)
	at java.base/jdk.internal.reflect.DelegatingConstructorAccessorImpl.newInstance(DelegatingConstructorAccessorImpl.java:45)
	at java.base/java.lang.reflect.Constructor.newInstance(Constructor.java:490)
	at ptolemy.util.test.junit.AutoKnownFailedTests.RunModel(AutoKnownFailedTests.java:105)
	at java.base/jdk.internal.reflect.NativeMethodAccessorImpl.invoke0(Native Method)
	at java.base/jdk.internal.reflect.NativeMethodAccessorImpl.invoke(NativeMethodAccessorImpl.java:62)
	at java.base/jdk.internal.reflect.DelegatingMethodAccessorImpl.invoke(DelegatingMethodAccessorImpl.java:43)
	at java.base/java.lang.reflect.Method.invoke(Method.java:566)
	at org.junit.runners.model.FrameworkMethod$1.runReflectiveCall(FrameworkMethod.java:44)
	at org.junit.internal.runners.model.ReflectiveCallable.run(ReflectiveCallable.java:15)
	at org.junit.runners.model.FrameworkMethod.invokeExplosively(FrameworkMethod.java:41)
	at junitparams.internal.InvokeParameterisedMethod.evaluate(InvokeParameterisedMethod.java:102)
	at org.junit.internal.runners.statements.FailOnTimeout$1.run(FailOnTimeout.java:28)
Caused by: ptolemy.kernel.util.IllegalActionException: Found a zero delay loop containing .HierarchicalModel.A
  in .HierarchicalModel and .HierarchicalModel.A
	at ptolemy.actor.util.CausalityInterfaceForComposites._computeOutputPortDepth(CausalityInterfaceForComposites.java:759)
	at ptolemy.actor.util.CausalityInterfaceForComposites._computeInputDepth(CausalityInterfaceForComposites.java:696)
	at ptolemy.actor.util.CausalityInterfaceForComposites._computeOutputPortDepth(CausalityInterfaceForComposites.java:765)
	at ptolemy.actor.util.CausalityInterfaceForComposites._computeInputDepth(CausalityInterfaceForComposites.java:696)
	at ptolemy.actor.util.CausalityInterfaceForComposites._computeOutputPortDepth(CausalityInterfaceForComposites.java:765)
	at ptolemy.actor.util.CausalityInterfaceForComposites._computeInputDepth(CausalityInterfaceForComposites.java:696)
	at ptolemy.actor.util.CausalityInterfaceForComposites._computeActorDepth(CausalityInterfaceForComposites.java:532)
	at ptolemy.actor.util.CausalityInterfaceForComposites.checkForCycles(CausalityInterfaceForComposites.java:96)
	at ptolemy.domains.de.kernel.DEDirector.preinitialize(DEDirector.java:1338)
	at ptolemy.actor.CompositeActor.preinitialize(CompositeActor.java:1828)
	at ptolemy.actor.Manager.preinitializeAndResolveTypes(Manager.java:1040)
	at ptolemy.actor.Manager.initialize(Manager.java:710)
	at ptolemy.actor.Manager.execute(Manager.java:356)
	at ptolemy.actor.Manager.run(Manager.java:1263)
	at ptolemy.actor.Manager$PtolemyRunThread.run(Manager.java:1933)
java.lang.RuntimeException: Execution failed
	at ptolemy.moml.MoMLSimpleApplication$UnloadThread.run(MoMLSimpleApplication.java:402)
Caused by: ptolemy.kernel.util.IllegalActionException: Found a zero delay loop containing .dependencyLoop.original
  in .dependencyLoop and .dependencyLoop.original
	at ptolemy.actor.util.CausalityInterfaceForComposites._computeOutputPortDepth(CausalityInterfaceForComposites.java:759)
	at ptolemy.actor.util.CausalityInterfaceForComposites._computeInputDepth(CausalityInterfaceForComposites.java:696)
	at ptolemy.actor.util.CausalityInterfaceForComposites._computeOutputPortDepth(CausalityInterfaceForComposites.java:765)
	at ptolemy.actor.util.CausalityInterfaceForComposites._computeInputDepth(CausalityInterfaceForComposites.java:696)
	at ptolemy.actor.util.CausalityInterfaceForComposites._computeOutputPortDepth(CausalityInterfaceForComposites.java:765)
	at ptolemy.actor.util.CausalityInterfaceForComposites._computeInputDepth(CausalityInterfaceForComposites.java:696)
	at ptolemy.actor.util.CausalityInterfaceForComposites._computeActorDepth(CausalityInterfaceForComposites.java:532)
	at ptolemy.actor.util.CausalityInterfaceForComposites.checkForCycles(CausalityInterfaceForComposites.java:96)
	at ptolemy.domains.de.kernel.DEDirector.preinitialize(DEDirector.java:1338)
	at ptolemy.actor.CompositeActor.preinitialize(CompositeActor.java:1828)
	at ptolemy.actor.Manager.preinitializeAndResolveTypes(Manager.java:1040)
	at ptolemy.actor.Manager.initialize(Manager.java:710)
	at ptolemy.actor.Manager.execute(Manager.java:356)
	at ptolemy.actor.Manager.run(Manager.java:1263)
	at ptolemy.actor.Manager$PtolemyRunThread.run(Manager.java:1933)
java.lang.reflect.InvocationTargetException
	at java.base/jdk.internal.reflect.NativeConstructorAccessorImpl.newInstance0(Native Method)
	at java.base/jdk.internal.reflect.NativeConstructorAccessorImpl.newInstance(NativeConstructorAccessorImpl.java:62)
	at java.base/jdk.internal.reflect.DelegatingConstructorAccessorImpl.newInstance(DelegatingConstructorAccessorImpl.java:45)
	at java.base/java.lang.reflect.Constructor.newInstance(Constructor.java:490)
	at ptolemy.util.test.junit.AutoKnownFailedTests.RunModel(AutoKnownFailedTests.java:105)
	at java.base/jdk.internal.reflect.NativeMethodAccessorImpl.invoke0(Native Method)
	at java.base/jdk.internal.reflect.NativeMethodAccessorImpl.invoke(NativeMethodAccessorImpl.java:62)
	at java.base/jdk.internal.reflect.DelegatingMethodAccessorImpl.invoke(DelegatingMethodAccessorImpl.java:43)
	at java.base/java.lang.reflect.Method.invoke(Method.java:566)
	at org.junit.runners.model.FrameworkMethod$1.runReflectiveCall(FrameworkMethod.java:44)
	at org.junit.internal.runners.model.ReflectiveCallable.run(ReflectiveCallable.java:15)
	at org.junit.runners.model.FrameworkMethod.invokeExplosively(FrameworkMethod.java:41)
	at junitparams.internal.InvokeParameterisedMethod.evaluate(InvokeParameterisedMethod.java:102)
	at org.junit.internal.runners.statements.FailOnTimeout$1.run(FailOnTimeout.java:28)
Caused by: ptolemy.kernel.util.IllegalActionException: Found a zero delay loop containing .dependencyLoop.original
  in .dependencyLoop and .dependencyLoop.original
	at ptolemy.actor.util.CausalityInterfaceForComposites._computeOutputPortDepth(CausalityInterfaceForComposites.java:759)
	at ptolemy.actor.util.CausalityInterfaceForComposites._computeInputDepth(CausalityInterfaceForComposites.java:696)
	at ptolemy.actor.util.CausalityInterfaceForComposites._computeOutputPortDepth(CausalityInterfaceForComposites.java:765)
	at ptolemy.actor.util.CausalityInterfaceForComposites._computeInputDepth(CausalityInterfaceForComposites.java:696)
	at ptolemy.actor.util.CausalityInterfaceForComposites._computeOutputPortDepth(CausalityInterfaceForComposites.java:765)
	at ptolemy.actor.util.CausalityInterfaceForComposites._computeInputDepth(CausalityInterfaceForComposites.java:696)
	at ptolemy.actor.util.CausalityInterfaceForComposites._computeActorDepth(CausalityInterfaceForComposites.java:532)
	at ptolemy.actor.util.CausalityInterfaceForComposites.checkForCycles(CausalityInterfaceForComposites.java:96)
	at ptolemy.domains.de.kernel.DEDirector.preinitialize(DEDirector.java:1338)
	at ptolemy.actor.CompositeActor.preinitialize(CompositeActor.java:1828)
	at ptolemy.actor.Manager.preinitializeAndResolveTypes(Manager.java:1040)
	at ptolemy.actor.Manager.initialize(Manager.java:710)
	at ptolemy.actor.Manager.execute(Manager.java:356)
	at ptolemy.actor.Manager.run(Manager.java:1263)
	at ptolemy.actor.Manager$PtolemyRunThread.run(Manager.java:1933)
java.lang.RuntimeException: Execution failed
	at ptolemy.moml.MoMLSimpleApplication$UnloadThread.run(MoMLSimpleApplication.java:402)
Caused by: ptolemy.kernel.util.IllegalActionException: Found a zero delay loop containing .dependencyLoop2.original
  in .dependencyLoop2 and .dependencyLoop2.original
	at ptolemy.actor.util.CausalityInterfaceForComposites._computeOutputPortDepth(CausalityInterfaceForComposites.java:759)
	at ptolemy.actor.util.CausalityInterfaceForComposites._computeInputDepth(CausalityInterfaceForComposites.java:696)
	at ptolemy.actor.util.CausalityInterfaceForComposites._computeOutputPortDepth(CausalityInterfaceForComposites.java:765)
	at ptolemy.actor.util.CausalityInterfaceForComposites._computeInputDepth(CausalityInterfaceForComposites.java:696)
	at ptolemy.actor.util.CausalityInterfaceForComposites._computeOutputPortDepth(CausalityInterfaceForComposites.java:765)
	at ptolemy.actor.util.CausalityInterfaceForComposites._computeInputDepth(CausalityInterfaceForComposites.java:696)
	at ptolemy.actor.util.CausalityInterfaceForComposites._computeActorDepth(CausalityInterfaceForComposites.java:532)
	at ptolemy.actor.util.CausalityInterfaceForComposites.checkForCycles(CausalityInterfaceForComposites.java:96)
	at ptolemy.domains.de.kernel.DEDirector.preinitialize(DEDirector.java:1338)
	at ptolemy.actor.CompositeActor.preinitialize(CompositeActor.java:1828)
	at ptolemy.actor.Manager.preinitializeAndResolveTypes(Manager.java:1040)
	at ptolemy.actor.Manager.initialize(Manager.java:710)
	at ptolemy.actor.Manager.execute(Manager.java:356)
	at ptolemy.actor.Manager.run(Manager.java:1263)
	at ptolemy.actor.Manager$PtolemyRunThread.run(Manager.java:1933)
java.lang.reflect.InvocationTargetException
	at java.base/jdk.internal.reflect.NativeConstructorAccessorImpl.newInstance0(Native Method)
	at java.base/jdk.internal.reflect.NativeConstructorAccessorImpl.newInstance(NativeConstructorAccessorImpl.java:62)
	at java.base/jdk.internal.reflect.DelegatingConstructorAccessorImpl.newInstance(DelegatingConstructorAccessorImpl.java:45)
	at java.base/java.lang.reflect.Constructor.newInstance(Constructor.java:490)
	at ptolemy.util.test.junit.AutoKnownFailedTests.RunModel(AutoKnownFailedTests.java:105)
	at java.base/jdk.internal.reflect.NativeMethodAccessorImpl.invoke0(Native Method)
	at java.base/jdk.internal.reflect.NativeMethodAccessorImpl.invoke(NativeMethodAccessorImpl.java:62)
	at java.base/jdk.internal.reflect.DelegatingMethodAccessorImpl.invoke(DelegatingMethodAccessorImpl.java:43)
	at java.base/java.lang.reflect.Method.invoke(Method.java:566)
	at org.junit.runners.model.FrameworkMethod$1.runReflectiveCall(FrameworkMethod.java:44)
	at org.junit.internal.runners.model.ReflectiveCallable.run(ReflectiveCallable.java:15)
	at org.junit.runners.model.FrameworkMethod.invokeExplosively(FrameworkMethod.java:41)
	at junitparams.internal.InvokeParameterisedMethod.evaluate(InvokeParameterisedMethod.java:102)
	at org.junit.internal.runners.statements.FailOnTimeout$1.run(FailOnTimeout.java:28)
Caused by: ptolemy.kernel.util.IllegalActionException: Found a zero delay loop containing .dependencyLoop2.original
  in .dependencyLoop2 and .dependencyLoop2.original
	at ptolemy.actor.util.CausalityInterfaceForComposites._computeOutputPortDepth(CausalityInterfaceForComposites.java:759)
	at ptolemy.actor.util.CausalityInterfaceForComposites._computeInputDepth(CausalityInterfaceForComposites.java:696)
	at ptolemy.actor.util.CausalityInterfaceForComposites._computeOutputPortDepth(CausalityInterfaceForComposites.java:765)
	at ptolemy.actor.util.CausalityInterfaceForComposites._computeInputDepth(CausalityInterfaceForComposites.java:696)
	at ptolemy.actor.util.CausalityInterfaceForComposites._computeOutputPortDepth(CausalityInterfaceForComposites.java:765)
	at ptolemy.actor.util.CausalityInterfaceForComposites._computeInputDepth(CausalityInterfaceForComposites.java:696)
	at ptolemy.actor.util.CausalityInterfaceForComposites._computeActorDepth(CausalityInterfaceForComposites.java:532)
	at ptolemy.actor.util.CausalityInterfaceForComposites.checkForCycles(CausalityInterfaceForComposites.java:96)
	at ptolemy.domains.de.kernel.DEDirector.preinitialize(DEDirector.java:1338)
	at ptolemy.actor.CompositeActor.preinitialize(CompositeActor.java:1828)
	at ptolemy.actor.Manager.preinitializeAndResolveTypes(Manager.java:1040)
	at ptolemy.actor.Manager.initialize(Manager.java:710)
	at ptolemy.actor.Manager.execute(Manager.java:356)
	at ptolemy.actor.Manager.run(Manager.java:1263)
	at ptolemy.actor.Manager$PtolemyRunThread.run(Manager.java:1933)
]]></system-err>
</testsuite>
