<?xml version="1.0" encoding="UTF-8" ?>
<testsuite errors="0" failures="0" hostname="travis-job-6d2c4565-1bf8-461e-9aef-ad20df10f1a4" name="ptolemy.domains.pn.test.junit.JUnitTclTest" skipped="0" tests="43" time="6.998" timestamp="2019-12-22T06:26:05">
  <properties>
[...]
</properties>
  <testcase classname="ptolemy.util.test.junit.TclTests" name="[0] /home/travis/build/icyphy/ptII/ptolemy/domains/pn/test/PNDirector.tcl (RunTclFile)" time="0.583" />
  <testcase classname="ptolemy.util.test.junit.TclTests" name="[1] /home/travis/build/icyphy/ptII/ptolemy/domains/pn/test/TimedPNDirector.tcl (RunTclFile)" time="0.015" />
  <testcase classname="ptolemy.util.test.junit.AutoKnownFailedTests" name="[0] ThereAreNoKnowFailedTests (RunModel)" time="0.003" />
  <testcase classname="ptolemy.util.test.junit.AutoNameArchTests" name="[0] ThereAreNoAutoArchTests (RunModel)" time="0.003" />
  <testcase classname="ptolemy.util.test.junit.AutoTests" name="[0] /home/travis/build/icyphy/ptII/ptolemy/domains/pn/test/auto/Branching-switch-PN-ptolemy-2.xml (RunModel)" time="0.219" />
  <testcase classname="ptolemy.util.test.junit.AutoTests" name="[1] /home/travis/build/icyphy/ptII/ptolemy/domains/pn/test/auto/Branching-switch-PN-ptolemy.xml (RunModel)" time="0.167" />
  <testcase classname="ptolemy.util.test.junit.AutoTests" name="[2] /home/travis/build/icyphy/ptII/ptolemy/domains/pn/test/auto/BrockAckermanTest.xml (RunModel)" time="0.43" />
  <testcase classname="ptolemy.util.test.junit.AutoTests" name="[3] /home/travis/build/icyphy/ptII/ptolemy/domains/pn/test/auto/CounterMachine.xml (RunModel)" time="1.569" />
  <testcase classname="ptolemy.util.test.junit.AutoTests" name="[4] /home/travis/build/icyphy/ptII/ptolemy/domains/pn/test/auto/CounterMachine1.xml (RunModel)" time="1.246" />
  <testcase classname="ptolemy.util.test.junit.AutoTests" name="[5] /home/travis/build/icyphy/ptII/ptolemy/domains/pn/test/auto/CounterMachineWithException.xml (RunModel)" time="0.747" />
  <testcase classname="ptolemy.util.test.junit.AutoTests" name="[6] /home/travis/build/icyphy/ptII/ptolemy/domains/pn/test/auto/FinalState.xml (RunModel)" time="0.106" />
  <testcase classname="ptolemy.util.test.junit.AutoTests" name="[7] /home/travis/build/icyphy/ptII/ptolemy/domains/pn/test/auto/FourExpressions.xml (RunModel)" time="0.058" />
  <testcase classname="ptolemy.util.test.junit.AutoTests" name="[8] /home/travis/build/icyphy/ptII/ptolemy/domains/pn/test/auto/Identity.xml (RunModel)" time="0.067" />
  <testcase classname="ptolemy.util.test.junit.AutoTests" name="[9] /home/travis/build/icyphy/ptII/ptolemy/domains/pn/test/auto/IdentityWithFeedback.xml (RunModel)" time="0.029" />
  <testcase classname="ptolemy.util.test.junit.AutoTests" name="[10] /home/travis/build/icyphy/ptII/ptolemy/domains/pn/test/auto/NondeterministicMergeTest.xml (RunModel)" time="0.053" />
  <testcase classname="ptolemy.util.test.junit.AutoTests" name="[11] /home/travis/build/icyphy/ptII/ptolemy/domains/pn/test/auto/OrderedMerge.xml (RunModel)" time="0.158" />
  <testcase classname="ptolemy.util.test.junit.AutoTests" name="[12] /home/travis/build/icyphy/ptII/ptolemy/domains/pn/test/auto/PNAbstractReceiverTest.xml (RunModel)" time="0.034" />
  <testcase classname="ptolemy.util.test.junit.AutoTests" name="[13] /home/travis/build/icyphy/ptII/ptolemy/domains/pn/test/auto/QR.xml (RunModel)" time="0.075" />
  <testcase classname="ptolemy.util.test.junit.AutoTests" name="[14] /home/travis/build/icyphy/ptII/ptolemy/domains/pn/test/auto/RemoveNilTokens.xml (RunModel)" time="0.057" />
  <testcase classname="ptolemy.util.test.junit.AutoTests" name="[15] /home/travis/build/icyphy/ptII/ptolemy/domains/pn/test/auto/Stack.xml (RunModel)" time="0.138" />
  <testcase classname="ptolemy.util.test.junit.AutoTests" name="[16] /home/travis/build/icyphy/ptII/ptolemy/domains/pn/test/auto/TestRemoveNilTokens.xml (RunModel)" time="0.042" />
  <testcase classname="ptolemy.util.test.junit.AutoTests" name="[17] /home/travis/build/icyphy/ptII/ptolemy/domains/pn/test/auto/TestSeq2Array.xml (RunModel)" time="0.035" />
  <testcase classname="ptolemy.util.test.junit.AutoTests" name="[18] /home/travis/build/icyphy/ptII/ptolemy/domains/pn/test/auto/TrivialIdentity.xml (RunModel)" time="0.025" />
  <testcase classname="ptolemy.util.test.junit.AutoTests" name="[19] /home/travis/build/icyphy/ptII/ptolemy/domains/pn/test/auto/WidthInferenceTest1.xml (RunModel)" time="0.038" />
  <testcase classname="ptolemy.util.test.junit.AutoTests" name="[20] /home/travis/build/icyphy/ptII/ptolemy/domains/pn/test/auto/WidthInferenceTest2.xml (RunModel)" time="0.026" />
  <testcase classname="ptolemy.util.test.junit.AutoTests" name="[21] /home/travis/build/icyphy/ptII/ptolemy/domains/pn/test/auto/WidthInferenceTest3.xml (RunModel)" time="0.052" />
  <testcase classname="ptolemy.util.test.junit.AutoTests" name="[22] /home/travis/build/icyphy/ptII/ptolemy/domains/pn/test/auto/WidthInferenceTest4.xml (RunModel)" time="0.063" />
  <testcase classname="ptolemy.util.test.junit.AutoTests" name="[23] /home/travis/build/icyphy/ptII/ptolemy/domains/pn/test/auto/WidthInferenceTest5.xml (RunModel)" time="0.056" />
  <testcase classname="ptolemy.util.test.junit.AutoTests" name="[24] /home/travis/build/icyphy/ptII/ptolemy/domains/pn/test/auto/controlled_kahnnet.xml (RunModel)" time="0.031" />
  <testcase classname="ptolemy.util.test.junit.AutoTests" name="[25] /home/travis/build/icyphy/ptII/ptolemy/domains/pn/test/auto/demandDriven.xml (RunModel)" time="0.02" />
  <testcase classname="ptolemy.util.test.junit.AutoTests" name="[26] /home/travis/build/icyphy/ptII/ptolemy/domains/pn/test/auto/feedback.xml (RunModel)" time="0.019" />
  <testcase classname="ptolemy.util.test.junit.AutoTests" name="[27] /home/travis/build/icyphy/ptII/ptolemy/domains/pn/test/auto/helloWorld.xml (RunModel)" time="0.02" />
  <testcase classname="ptolemy.util.test.junit.AutoTests" name="[28] /home/travis/build/icyphy/ptII/ptolemy/domains/pn/test/auto/helloWorld2.xml (RunModel)" time="0.028" />
  <testcase classname="ptolemy.util.test.junit.AutoTests" name="[29] /home/travis/build/icyphy/ptII/ptolemy/domains/pn/test/auto/noOutput.xml (RunModel)" time="0.061" />
  <testcase classname="ptolemy.util.test.junit.AutoTests" name="[30] /home/travis/build/icyphy/ptII/ptolemy/domains/pn/test/auto/relationGroup.xml (RunModel)" time="0.021" />
  <testcase classname="ptolemy.util.test.junit.AutoTests" name="[31] /home/travis/build/icyphy/ptII/ptolemy/domains/pn/test/auto/relationGroup2.xml (RunModel)" time="0.019" />
  <testcase classname="ptolemy.util.test.junit.AutoTests" name="[32] /home/travis/build/icyphy/ptII/ptolemy/domains/pn/test/auto/relationGroup3.xml (RunModel)" time="0.017" />
  <testcase classname="ptolemy.util.test.junit.AutoTests" name="[33] /home/travis/build/icyphy/ptII/ptolemy/domains/pn/test/auto/relationGroup4.xml (RunModel)" time="0.024" />
  <testcase classname="ptolemy.util.test.junit.AutoTests" name="[34] /home/travis/build/icyphy/ptII/ptolemy/domains/pn/test/auto/relationGroup5.xml (RunModel)" time="0.016" />
  <testcase classname="ptolemy.util.test.junit.AutoTests" name="[35] /home/travis/build/icyphy/ptII/ptolemy/domains/pn/test/auto/relationGroup6.xml (RunModel)" time="0.02" />
  <testcase classname="ptolemy.util.test.junit.AutoTests" name="[36] /home/travis/build/icyphy/ptII/ptolemy/domains/pn/test/auto/relationGroup7.xml (RunModel)" time="0.015" />
  <testcase classname="ptolemy.util.test.junit.AutoTests" name="[37] /home/travis/build/icyphy/ptII/ptolemy/domains/pn/test/auto/relationGroup8.xml (RunModel)" time="0.019" />
  <testcase classname="ptolemy.util.test.junit.AutoTests" name="[38] /home/travis/build/icyphy/ptII/ptolemy/domains/pn/test/auto/widthTest.xml (RunModel)" time="0.031" />
  <system-out><![CDATA[/home/travis/build/icyphy/ptII/ptolemy/domains/pn/test/PNDirector.tcl
testDefs.tcl: setting time out to 9000 seconds at Sun Dec 22 06:26:05 UTC 2019
85 ms. Memory: 129024K Free: 97224K (75%)
75 ms. Memory: 129024K Free: 89542K (69%)
/home/travis/build/icyphy/ptII/ptolemy/domains/pn/test/TimedPNDirector.tcl


==== $PTII/ptolemy/domains/pn/test/TimedPNDirector.tcl: TimedPNDirector-6.1 Test an application
==== Contents of test case:


    set e0 [java::new ptolemy.actor.TypedCompositeActor]
    set manager [java::new ptolemy.actor.Manager]
    set director [java::new ptolemy.domains.pn.kernel.TimedPNDirector]
    $e0 setDirector $director
    $e0 setName top
    $e0 setManager $manager

    # FIXME: why doesn't the getParameter option work.
    set ramp [java::new ptolemy.actor.lib.Ramp $e0 ramp]
    set param [java::cast ptolemy.data.expr.Parameter  [$ramp getAttribute  firingCountLimit]]
    $param setExpression 20

    set rec [java::new ptolemy.actor.lib.Recorder $e0 rec]
    $e0 connect  [java::field [java::cast ptolemy.actor.lib.Source $ramp] output]  [java::field [java::cast ptolemy.actor.lib.Sink $rec] input]

    error "Running this test sometimes causes an endless loop" 

#    [$e0 getManager] execute
#    enumToTokenValues [$rec getRecord 0]


.... Test generated KNOWN error:
Running this test sometimes causes an endless loop
    while executing
"error "Running this test sometimes causes an endless loop" "
    ("uplevel" body line 18)
    invoked from within
"uplevel $contents_of_test"
12/22/19 06:26:06
Failed: 0  Total Tests: 3  ((Passed: 2, Newly Passed: 0)  Known Failed: 1) /home/travis/build/icyphy/ptII/ptolemy/domains/pn/test
No auto/knownFailedTests/*.xml tests in /home/travis/build/icyphy/ptII/ptolemy/domains/pn/test
No auto/linux-amd64/*.xml tests in /home/travis/build/icyphy/ptII/ptolemy/domains/pn/test
AutoTests.java: About to close Vertx.
AutoTests.java: Vertx closed.

===========================================================================================
----------------- testing Sun Dec 22 06:26:06 UTC 2019 /home/travis/build/icyphy/ptII/ptolemy/domains/pn/test/auto/Branching-switch-PN-ptolemy-2.xml
----------------- Instantiating /home/travis/build/icyphy/ptII/ptolemy/domains/pn/test/auto/Branching-switch-PN-ptolemy-2.xml
61 ms. Memory: 129024K Free: 104553K (81%)
----------------- Invoking toplevel() on ptolemy.moml.MoMLSimpleApplication@33793bb9
----------------- Done invoking toplevel() on ptolemy.moml.MoMLSimpleApplication@33793bb9
reloadAllAccessors: .Branching-switch-PN-ptolemy-2

===========================================================================================
----------------- testing Sun Dec 22 06:26:06 UTC 2019 /home/travis/build/icyphy/ptII/ptolemy/domains/pn/test/auto/Branching-switch-PN-ptolemy.xml
----------------- Instantiating /home/travis/build/icyphy/ptII/ptolemy/domains/pn/test/auto/Branching-switch-PN-ptolemy.xml
53 ms. Memory: 129024K Free: 110920K (86%)
----------------- Invoking toplevel() on ptolemy.moml.MoMLSimpleApplication@387fec3c
----------------- Done invoking toplevel() on ptolemy.moml.MoMLSimpleApplication@387fec3c
reloadAllAccessors: .Branching-switch-PN-ptolemy

===========================================================================================
----------------- testing Sun Dec 22 06:26:06 UTC 2019 /home/travis/build/icyphy/ptII/ptolemy/domains/pn/test/auto/BrockAckermanTest.xml
----------------- Instantiating /home/travis/build/icyphy/ptII/ptolemy/domains/pn/test/auto/BrockAckermanTest.xml
265 ms. Memory: 129024K Free: 94536K (73%)
----------------- Invoking toplevel() on ptolemy.moml.MoMLSimpleApplication@6d63280d
----------------- Done invoking toplevel() on ptolemy.moml.MoMLSimpleApplication@6d63280d
reloadAllAccessors: .BrockAckermanTest

===========================================================================================
----------------- testing Sun Dec 22 06:26:07 UTC 2019 /home/travis/build/icyphy/ptII/ptolemy/domains/pn/test/auto/CounterMachine.xml
----------------- Instantiating /home/travis/build/icyphy/ptII/ptolemy/domains/pn/test/auto/CounterMachine.xml
1016 ms. Memory: 129024K Free: 82924K (64%)
----------------- Invoking toplevel() on ptolemy.moml.MoMLSimpleApplication@1bd2ea0a
----------------- Done invoking toplevel() on ptolemy.moml.MoMLSimpleApplication@1bd2ea0a
reloadAllAccessors: .CounterMachine

===========================================================================================
----------------- testing Sun Dec 22 06:26:08 UTC 2019 /home/travis/build/icyphy/ptII/ptolemy/domains/pn/test/auto/CounterMachine1.xml
----------------- Instantiating /home/travis/build/icyphy/ptII/ptolemy/domains/pn/test/auto/CounterMachine1.xml
844 ms. Memory: 163840K Free: 61842K (38%)
----------------- Invoking toplevel() on ptolemy.moml.MoMLSimpleApplication@620e1934
----------------- Done invoking toplevel() on ptolemy.moml.MoMLSimpleApplication@620e1934
reloadAllAccessors: .CounterMachine1

===========================================================================================
----------------- testing Sun Dec 22 06:26:10 UTC 2019 /home/travis/build/icyphy/ptII/ptolemy/domains/pn/test/auto/CounterMachineWithException.xml
----------------- Instantiating /home/travis/build/icyphy/ptII/ptolemy/domains/pn/test/auto/CounterMachineWithException.xml
397 ms. Memory: 163840K Free: 127231K (78%)
----------------- Invoking toplevel() on ptolemy.moml.MoMLSimpleApplication@410946e2
----------------- Done invoking toplevel() on ptolemy.moml.MoMLSimpleApplication@410946e2
reloadAllAccessors: .CounterMachineWithException

===========================================================================================
----------------- testing Sun Dec 22 06:26:10 UTC 2019 /home/travis/build/icyphy/ptII/ptolemy/domains/pn/test/auto/FinalState.xml
----------------- Instantiating /home/travis/build/icyphy/ptII/ptolemy/domains/pn/test/auto/FinalState.xml
27 ms. Memory: 163840K Free: 120261K (73%)
----------------- Invoking toplevel() on ptolemy.moml.MoMLSimpleApplication@1270e311
----------------- Done invoking toplevel() on ptolemy.moml.MoMLSimpleApplication@1270e311
reloadAllAccessors: .FinalState

===========================================================================================
----------------- testing Sun Dec 22 06:26:10 UTC 2019 /home/travis/build/icyphy/ptII/ptolemy/domains/pn/test/auto/FourExpressions.xml
----------------- Instantiating /home/travis/build/icyphy/ptII/ptolemy/domains/pn/test/auto/FourExpressions.xml
25 ms. Memory: 163840K Free: 113255K (69%)
----------------- Invoking toplevel() on ptolemy.moml.MoMLSimpleApplication@38419175
----------------- Done invoking toplevel() on ptolemy.moml.MoMLSimpleApplication@38419175
reloadAllAccessors: .FourExpressions

===========================================================================================
----------------- testing Sun Dec 22 06:26:11 UTC 2019 /home/travis/build/icyphy/ptII/ptolemy/domains/pn/test/auto/Identity.xml
----------------- Instantiating /home/travis/build/icyphy/ptII/ptolemy/domains/pn/test/auto/Identity.xml
20 ms. Memory: 163840K Free: 108205K (66%)
----------------- Invoking toplevel() on ptolemy.moml.MoMLSimpleApplication@39c0cc2b
----------------- Done invoking toplevel() on ptolemy.moml.MoMLSimpleApplication@39c0cc2b
reloadAllAccessors: .Identity

===========================================================================================
----------------- testing Sun Dec 22 06:26:11 UTC 2019 /home/travis/build/icyphy/ptII/ptolemy/domains/pn/test/auto/IdentityWithFeedback.xml
----------------- Instantiating /home/travis/build/icyphy/ptII/ptolemy/domains/pn/test/auto/IdentityWithFeedback.xml
10 ms. Memory: 163840K Free: 104267K (64%)
----------------- Invoking toplevel() on ptolemy.moml.MoMLSimpleApplication@66fd721
----------------- Done invoking toplevel() on ptolemy.moml.MoMLSimpleApplication@66fd721
reloadAllAccessors: .IdentityWithFeedback

===========================================================================================
----------------- testing Sun Dec 22 06:26:11 UTC 2019 /home/travis/build/icyphy/ptII/ptolemy/domains/pn/test/auto/NondeterministicMergeTest.xml
----------------- Instantiating /home/travis/build/icyphy/ptII/ptolemy/domains/pn/test/auto/NondeterministicMergeTest.xml
20 ms. Memory: 163840K Free: 98758K (60%)
----------------- Invoking toplevel() on ptolemy.moml.MoMLSimpleApplication@6e66486b
----------------- Done invoking toplevel() on ptolemy.moml.MoMLSimpleApplication@6e66486b
reloadAllAccessors: .NondeterministicMergeTest

===========================================================================================
----------------- testing Sun Dec 22 06:26:11 UTC 2019 /home/travis/build/icyphy/ptII/ptolemy/domains/pn/test/auto/OrderedMerge.xml
----------------- Instantiating /home/travis/build/icyphy/ptII/ptolemy/domains/pn/test/auto/OrderedMerge.xml
123 ms. Memory: 163840K Free: 89066K (54%)
----------------- Invoking toplevel() on ptolemy.moml.MoMLSimpleApplication@235c33f0
----------------- Done invoking toplevel() on ptolemy.moml.MoMLSimpleApplication@235c33f0
reloadAllAccessors: .OrderedMerge

===========================================================================================
----------------- testing Sun Dec 22 06:26:11 UTC 2019 /home/travis/build/icyphy/ptII/ptolemy/domains/pn/test/auto/PNAbstractReceiverTest.xml
----------------- Instantiating /home/travis/build/icyphy/ptII/ptolemy/domains/pn/test/auto/PNAbstractReceiverTest.xml
8 ms. Memory: 163840K Free: 85647K (52%)
----------------- Invoking toplevel() on ptolemy.moml.MoMLSimpleApplication@1aa5f21a
----------------- Done invoking toplevel() on ptolemy.moml.MoMLSimpleApplication@1aa5f21a
reloadAllAccessors: .PNAbstractReceiverTest

===========================================================================================
----------------- testing Sun Dec 22 06:26:11 UTC 2019 /home/travis/build/icyphy/ptII/ptolemy/domains/pn/test/auto/QR.xml
----------------- Instantiating /home/travis/build/icyphy/ptII/ptolemy/domains/pn/test/auto/QR.xml
26 ms. Memory: 163840K Free: 77096K (47%)
----------------- Invoking toplevel() on ptolemy.moml.MoMLSimpleApplication@17014eb3
----------------- Done invoking toplevel() on ptolemy.moml.MoMLSimpleApplication@17014eb3
reloadAllAccessors: .QR

===========================================================================================
----------------- testing Sun Dec 22 06:26:11 UTC 2019 /home/travis/build/icyphy/ptII/ptolemy/domains/pn/test/auto/RemoveNilTokens.xml
----------------- Instantiating /home/travis/build/icyphy/ptII/ptolemy/domains/pn/test/auto/RemoveNilTokens.xml
19 ms. Memory: 163840K Free: 68745K (42%)
----------------- Invoking toplevel() on ptolemy.moml.MoMLSimpleApplication@15f4f649
----------------- Done invoking toplevel() on ptolemy.moml.MoMLSimpleApplication@15f4f649
reloadAllAccessors: .RemoveNilTokens

===========================================================================================
----------------- testing Sun Dec 22 06:26:11 UTC 2019 /home/travis/build/icyphy/ptII/ptolemy/domains/pn/test/auto/Stack.xml
----------------- Instantiating /home/travis/build/icyphy/ptII/ptolemy/domains/pn/test/auto/Stack.xml
57 ms. Memory: 163840K Free: 142072K (87%)
----------------- Invoking toplevel() on ptolemy.moml.MoMLSimpleApplication@38b37f2f
----------------- Done invoking toplevel() on ptolemy.moml.MoMLSimpleApplication@38b37f2f
reloadAllAccessors: .Stack

===========================================================================================
----------------- testing Sun Dec 22 06:26:11 UTC 2019 /home/travis/build/icyphy/ptII/ptolemy/domains/pn/test/auto/TestRemoveNilTokens.xml
----------------- Instantiating /home/travis/build/icyphy/ptII/ptolemy/domains/pn/test/auto/TestRemoveNilTokens.xml
18 ms. Memory: 163840K Free: 135070K (82%)
----------------- Invoking toplevel() on ptolemy.moml.MoMLSimpleApplication@20b8716d
----------------- Done invoking toplevel() on ptolemy.moml.MoMLSimpleApplication@20b8716d
reloadAllAccessors: .TestRemoveNilTokens

===========================================================================================
----------------- testing Sun Dec 22 06:26:11 UTC 2019 /home/travis/build/icyphy/ptII/ptolemy/domains/pn/test/auto/TestSeq2Array.xml
----------------- Instantiating /home/travis/build/icyphy/ptII/ptolemy/domains/pn/test/auto/TestSeq2Array.xml
13 ms. Memory: 163840K Free: 129568K (79%)
----------------- Invoking toplevel() on ptolemy.moml.MoMLSimpleApplication@3254a528
----------------- Done invoking toplevel() on ptolemy.moml.MoMLSimpleApplication@3254a528
reloadAllAccessors: .TestSeq2Array

===========================================================================================
----------------- testing Sun Dec 22 06:26:11 UTC 2019 /home/travis/build/icyphy/ptII/ptolemy/domains/pn/test/auto/TrivialIdentity.xml
----------------- Instantiating /home/travis/build/icyphy/ptII/ptolemy/domains/pn/test/auto/TrivialIdentity.xml
9 ms. Memory: 163840K Free: 125258K (76%)
----------------- Invoking toplevel() on ptolemy.moml.MoMLSimpleApplication@2c5506d0
----------------- Done invoking toplevel() on ptolemy.moml.MoMLSimpleApplication@2c5506d0
reloadAllAccessors: .TrivialIdentity

===========================================================================================
----------------- testing Sun Dec 22 06:26:11 UTC 2019 /home/travis/build/icyphy/ptII/ptolemy/domains/pn/test/auto/WidthInferenceTest1.xml
----------------- Instantiating /home/travis/build/icyphy/ptII/ptolemy/domains/pn/test/auto/WidthInferenceTest1.xml
10 ms. Memory: 163840K Free: 119710K (73%)
----------------- Invoking toplevel() on ptolemy.moml.MoMLSimpleApplication@36f5b633
----------------- Done invoking toplevel() on ptolemy.moml.MoMLSimpleApplication@36f5b633
reloadAllAccessors: .1

===========================================================================================
----------------- testing Sun Dec 22 06:26:11 UTC 2019 /home/travis/build/icyphy/ptII/ptolemy/domains/pn/test/auto/WidthInferenceTest2.xml
----------------- Instantiating /home/travis/build/icyphy/ptII/ptolemy/domains/pn/test/auto/WidthInferenceTest2.xml
6 ms. Memory: 163840K Free: 114424K (70%)
----------------- Invoking toplevel() on ptolemy.moml.MoMLSimpleApplication@18c0e69d
----------------- Done invoking toplevel() on ptolemy.moml.MoMLSimpleApplication@18c0e69d
reloadAllAccessors: .2

===========================================================================================
----------------- testing Sun Dec 22 06:26:11 UTC 2019 /home/travis/build/icyphy/ptII/ptolemy/domains/pn/test/auto/WidthInferenceTest3.xml
----------------- Instantiating /home/travis/build/icyphy/ptII/ptolemy/domains/pn/test/auto/WidthInferenceTest3.xml
16 ms. Memory: 163840K Free: 100254K (61%)
----------------- Invoking toplevel() on ptolemy.moml.MoMLSimpleApplication@71588b50
----------------- Done invoking toplevel() on ptolemy.moml.MoMLSimpleApplication@71588b50
reloadAllAccessors: .3

===========================================================================================
----------------- testing Sun Dec 22 06:26:11 UTC 2019 /home/travis/build/icyphy/ptII/ptolemy/domains/pn/test/auto/WidthInferenceTest4.xml
----------------- Instantiating /home/travis/build/icyphy/ptII/ptolemy/domains/pn/test/auto/WidthInferenceTest4.xml
23 ms. Memory: 163840K Free: 87370K (53%)
----------------- Invoking toplevel() on ptolemy.moml.MoMLSimpleApplication@3e19457
----------------- Done invoking toplevel() on ptolemy.moml.MoMLSimpleApplication@3e19457
reloadAllAccessors: .WidthInferenceTest4

===========================================================================================
----------------- testing Sun Dec 22 06:26:11 UTC 2019 /home/travis/build/icyphy/ptII/ptolemy/domains/pn/test/auto/WidthInferenceTest5.xml
----------------- Instantiating /home/travis/build/icyphy/ptII/ptolemy/domains/pn/test/auto/WidthInferenceTest5.xml
25 ms. Memory: 163840K Free: 74654K (46%)
----------------- Invoking toplevel() on ptolemy.moml.MoMLSimpleApplication@65a03978
----------------- Done invoking toplevel() on ptolemy.moml.MoMLSimpleApplication@65a03978
reloadAllAccessors: .WidthInferenceTest5

===========================================================================================
----------------- testing Sun Dec 22 06:26:11 UTC 2019 /home/travis/build/icyphy/ptII/ptolemy/domains/pn/test/auto/controlled_kahnnet.xml
----------------- Instantiating /home/travis/build/icyphy/ptII/ptolemy/domains/pn/test/auto/controlled_kahnnet.xml
9 ms. Memory: 163840K Free: 70392K (43%)
----------------- Invoking toplevel() on ptolemy.moml.MoMLSimpleApplication@31714d52
----------------- Done invoking toplevel() on ptolemy.moml.MoMLSimpleApplication@31714d52
reloadAllAccessors: .controlled_kahnnet

===========================================================================================
----------------- testing Sun Dec 22 06:26:12 UTC 2019 /home/travis/build/icyphy/ptII/ptolemy/domains/pn/test/auto/demandDriven.xml
----------------- Instantiating /home/travis/build/icyphy/ptII/ptolemy/domains/pn/test/auto/demandDriven.xml
6 ms. Memory: 163840K Free: 66676K (41%)
----------------- Invoking toplevel() on ptolemy.moml.MoMLSimpleApplication@ee78d44
----------------- Done invoking toplevel() on ptolemy.moml.MoMLSimpleApplication@ee78d44
reloadAllAccessors: .demandDriven

===========================================================================================
----------------- testing Sun Dec 22 06:26:12 UTC 2019 /home/travis/build/icyphy/ptII/ptolemy/domains/pn/test/auto/feedback.xml
----------------- Instantiating /home/travis/build/icyphy/ptII/ptolemy/domains/pn/test/auto/feedback.xml
6 ms. Memory: 163840K Free: 63008K (38%)
----------------- Invoking toplevel() on ptolemy.moml.MoMLSimpleApplication@3e9f1f3e
----------------- Done invoking toplevel() on ptolemy.moml.MoMLSimpleApplication@3e9f1f3e
reloadAllAccessors: .feedback

===========================================================================================
----------------- testing Sun Dec 22 06:26:12 UTC 2019 /home/travis/build/icyphy/ptII/ptolemy/domains/pn/test/auto/helloWorld.xml
----------------- Instantiating /home/travis/build/icyphy/ptII/ptolemy/domains/pn/test/auto/helloWorld.xml
8 ms. Memory: 163840K Free: 61176K (37%)
----------------- Invoking toplevel() on ptolemy.moml.MoMLSimpleApplication@6749d115
----------------- Done invoking toplevel() on ptolemy.moml.MoMLSimpleApplication@6749d115
reloadAllAccessors: .helloWorld

===========================================================================================
----------------- testing Sun Dec 22 06:26:12 UTC 2019 /home/travis/build/icyphy/ptII/ptolemy/domains/pn/test/auto/helloWorld2.xml
----------------- Instantiating /home/travis/build/icyphy/ptII/ptolemy/domains/pn/test/auto/helloWorld2.xml
9 ms. Memory: 163840K Free: 57080K (35%)
----------------- Invoking toplevel() on ptolemy.moml.MoMLSimpleApplication@13e1bd7d
----------------- Done invoking toplevel() on ptolemy.moml.MoMLSimpleApplication@13e1bd7d
reloadAllAccessors: .helloWorld2

===========================================================================================
----------------- testing Sun Dec 22 06:26:12 UTC 2019 /home/travis/build/icyphy/ptII/ptolemy/domains/pn/test/auto/noOutput.xml
----------------- Instantiating /home/travis/build/icyphy/ptII/ptolemy/domains/pn/test/auto/noOutput.xml
37 ms. Memory: 163840K Free: 148996K (91%)
----------------- Invoking toplevel() on ptolemy.moml.MoMLSimpleApplication@12643c82
----------------- Done invoking toplevel() on ptolemy.moml.MoMLSimpleApplication@12643c82
reloadAllAccessors: .noOutput

===========================================================================================
----------------- testing Sun Dec 22 06:26:12 UTC 2019 /home/travis/build/icyphy/ptII/ptolemy/domains/pn/test/auto/relationGroup.xml
----------------- Instantiating /home/travis/build/icyphy/ptII/ptolemy/domains/pn/test/auto/relationGroup.xml
7 ms. Memory: 163840K Free: 146184K (89%)
----------------- Invoking toplevel() on ptolemy.moml.MoMLSimpleApplication@5dc2a4f2
----------------- Done invoking toplevel() on ptolemy.moml.MoMLSimpleApplication@5dc2a4f2
reloadAllAccessors: .relationGroup

===========================================================================================
----------------- testing Sun Dec 22 06:26:12 UTC 2019 /home/travis/build/icyphy/ptII/ptolemy/domains/pn/test/auto/relationGroup2.xml
----------------- Instantiating /home/travis/build/icyphy/ptII/ptolemy/domains/pn/test/auto/relationGroup2.xml
5 ms. Memory: 163840K Free: 143860K (88%)
----------------- Invoking toplevel() on ptolemy.moml.MoMLSimpleApplication@2145b6ec
----------------- Done invoking toplevel() on ptolemy.moml.MoMLSimpleApplication@2145b6ec
reloadAllAccessors: .relationGroup2

===========================================================================================
----------------- testing Sun Dec 22 06:26:12 UTC 2019 /home/travis/build/icyphy/ptII/ptolemy/domains/pn/test/auto/relationGroup3.xml
----------------- Instantiating /home/travis/build/icyphy/ptII/ptolemy/domains/pn/test/auto/relationGroup3.xml
5 ms. Memory: 163840K Free: 141524K (86%)
----------------- Invoking toplevel() on ptolemy.moml.MoMLSimpleApplication@6c65b246
----------------- Done invoking toplevel() on ptolemy.moml.MoMLSimpleApplication@6c65b246
reloadAllAccessors: .relationGroup3

===========================================================================================
----------------- testing Sun Dec 22 06:26:12 UTC 2019 /home/travis/build/icyphy/ptII/ptolemy/domains/pn/test/auto/relationGroup4.xml
----------------- Instantiating /home/travis/build/icyphy/ptII/ptolemy/domains/pn/test/auto/relationGroup4.xml
8 ms. Memory: 163840K Free: 139293K (85%)
----------------- Invoking toplevel() on ptolemy.moml.MoMLSimpleApplication@6d99b6c0
----------------- Done invoking toplevel() on ptolemy.moml.MoMLSimpleApplication@6d99b6c0
reloadAllAccessors: .relationGroup4

===========================================================================================
----------------- testing Sun Dec 22 06:26:12 UTC 2019 /home/travis/build/icyphy/ptII/ptolemy/domains/pn/test/auto/relationGroup5.xml
----------------- Instantiating /home/travis/build/icyphy/ptII/ptolemy/domains/pn/test/auto/relationGroup5.xml
10 ms. Memory: 163840K Free: 136968K (84%)
----------------- Invoking toplevel() on ptolemy.moml.MoMLSimpleApplication@272fb7cd
----------------- Done invoking toplevel() on ptolemy.moml.MoMLSimpleApplication@272fb7cd
reloadAllAccessors: .relationGroup5

===========================================================================================
----------------- testing Sun Dec 22 06:26:12 UTC 2019 /home/travis/build/icyphy/ptII/ptolemy/domains/pn/test/auto/relationGroup6.xml
----------------- Instantiating /home/travis/build/icyphy/ptII/ptolemy/domains/pn/test/auto/relationGroup6.xml
9 ms. Memory: 163840K Free: 133896K (82%)
----------------- Invoking toplevel() on ptolemy.moml.MoMLSimpleApplication@131f98b2
----------------- Done invoking toplevel() on ptolemy.moml.MoMLSimpleApplication@131f98b2
reloadAllAccessors: .relationGroup6

===========================================================================================
----------------- testing Sun Dec 22 06:26:12 UTC 2019 /home/travis/build/icyphy/ptII/ptolemy/domains/pn/test/auto/relationGroup7.xml
----------------- Instantiating /home/travis/build/icyphy/ptII/ptolemy/domains/pn/test/auto/relationGroup7.xml
7 ms. Memory: 163840K Free: 130824K (80%)
----------------- Invoking toplevel() on ptolemy.moml.MoMLSimpleApplication@24b5ba48
----------------- Done invoking toplevel() on ptolemy.moml.MoMLSimpleApplication@24b5ba48
reloadAllAccessors: .relationGroup7

===========================================================================================
----------------- testing Sun Dec 22 06:26:12 UTC 2019 /home/travis/build/icyphy/ptII/ptolemy/domains/pn/test/auto/relationGroup8.xml
----------------- Instantiating /home/travis/build/icyphy/ptII/ptolemy/domains/pn/test/auto/relationGroup8.xml
9 ms. Memory: 163840K Free: 127752K (78%)
----------------- Invoking toplevel() on ptolemy.moml.MoMLSimpleApplication@734f03c0
----------------- Done invoking toplevel() on ptolemy.moml.MoMLSimpleApplication@734f03c0
reloadAllAccessors: .relationGroup8

===========================================================================================
----------------- testing Sun Dec 22 06:26:12 UTC 2019 /home/travis/build/icyphy/ptII/ptolemy/domains/pn/test/auto/widthTest.xml
----------------- Instantiating /home/travis/build/icyphy/ptII/ptolemy/domains/pn/test/auto/widthTest.xml
8 ms. Memory: 163840K Free: 124092K (76%)
----------------- Invoking toplevel() on ptolemy.moml.MoMLSimpleApplication@256f3194
----------------- Done invoking toplevel() on ptolemy.moml.MoMLSimpleApplication@256f3194
reloadAllAccessors: .widthTest
AutoTests.java: About to close Vertx.
AutoTests.java: Vertx closed.
]]></system-out>
  <system-err><![CDATA[java.lang.RuntimeException: Execution failed
	at ptolemy.moml.MoMLSimpleApplication$UnloadThread.run(MoMLSimpleApplication.java:402)
Caused by: ptolemy.kernel.util.IllegalActionException: At the current time, process-oriented domains (PN and CSP) cannot be nested inside firing-based domains (SDF, DE, CT, etc.).
  in .PNInsideDE.CompositeActor.port
Because:
class ptolemy.domains.de.kernel.DEReceiver cannot be cast to class ptolemy.actor.process.ProcessReceiver (ptolemy.domains.de.kernel.DEReceiver and ptolemy.actor.process.ProcessReceiver are in unnamed module of loader 'app')
	at ptolemy.actor.process.BranchController.addBranches(BranchController.java:182)
	at ptolemy.actor.process.CompositeProcessDirector.createBranchController(CompositeProcessDirector.java:221)
	at ptolemy.actor.process.CompositeProcessDirector.initialize(CompositeProcessDirector.java:289)
	at ptolemy.domains.pn.kernel.PNDirector.initialize(PNDirector.java:241)
	at ptolemy.actor.CompositeActor.initialize(CompositeActor.java:935)
	at ptolemy.actor.Director.initialize(Director.java:938)
	at ptolemy.actor.Director.initialize(Director.java:907)
	at ptolemy.domains.de.kernel.DEDirector.initialize(DEDirector.java:944)
	at ptolemy.actor.CompositeActor.initialize(CompositeActor.java:935)
	at ptolemy.actor.Manager.initialize(Manager.java:724)
	at ptolemy.actor.Manager.execute(Manager.java:356)
	at ptolemy.actor.Manager.run(Manager.java:1263)
	at ptolemy.actor.Manager$PtolemyRunThread.run(Manager.java:1933)
Caused by: java.lang.ClassCastException: class ptolemy.domains.de.kernel.DEReceiver cannot be cast to class ptolemy.actor.process.ProcessReceiver (ptolemy.domains.de.kernel.DEReceiver and ptolemy.actor.process.ProcessReceiver are in unnamed module of loader 'app')
	at ptolemy.actor.process.BranchController.addBranches(BranchController.java:178)
	... 12 more
Warning: '.RemoveNilTokens.Test2' The test produced only 7 tokens, yet the correctValues parameter was expecting 8 tokens.
Warning: '.RemoveNilTokens.Test' The test produced only 9 tokens, yet the correctValues parameter was expecting 13 tokens.
]]></system-err>
</testsuite>
