<?xml version="1.0" encoding="UTF-8" ?>
<testsuite errors="0" failures="0" hostname="travis-job-d58519bb-3944-4694-8c38-d1390fecc79d" name="ptolemy.domains.de.test.junit.JUnitTclTest" skipped="0" tests="101" time="136.693" timestamp="2019-10-01T05:48:22">
  <properties>
[...]
</properties>
  <testcase classname="ptolemy.util.test.junit.TclTests" name="[0] /home/travis/build/icyphy/ptII/ptolemy/domains/de/test/DependencyLoop.tcl (RunTclFile)" time="1.317" />
  <testcase classname="ptolemy.util.test.junit.TclTests" name="[1] /home/travis/build/icyphy/ptII/ptolemy/domains/de/test/RunDETestsAsQSS.tcl (RunTclFile)" time="92.177" />
  <testcase classname="ptolemy.util.test.junit.AutoKnownFailedTests" name="[0] /home/travis/build/icyphy/ptII/ptolemy/domains/de/test/auto/knownFailedTests/DESDFClockTest.xml (RunModel)" time="2.048" />
  <testcase classname="ptolemy.util.test.junit.AutoKnownFailedTests" name="[1] /home/travis/build/icyphy/ptII/ptolemy/domains/de/test/auto/knownFailedTests/DirectFeedback.xml (RunModel)" time="0.018" />
  <testcase classname="ptolemy.util.test.junit.AutoKnownFailedTests" name="[2] /home/travis/build/icyphy/ptII/ptolemy/domains/de/test/auto/knownFailedTests/FSMSource.xml (RunModel)" time="0.046" />
  <testcase classname="ptolemy.util.test.junit.AutoKnownFailedTests" name="[3] /home/travis/build/icyphy/ptII/ptolemy/domains/de/test/auto/knownFailedTests/HierarchicalModel.xml (RunModel)" time="0.061" />
  <testcase classname="ptolemy.util.test.junit.AutoKnownFailedTests" name="[4] /home/travis/build/icyphy/ptII/ptolemy/domains/de/test/auto/knownFailedTests/dependencyLoop.xml (RunModel)" time="0.048" />
  <testcase classname="ptolemy.util.test.junit.AutoKnownFailedTests" name="[5] /home/travis/build/icyphy/ptII/ptolemy/domains/de/test/auto/knownFailedTests/dependencyLoop2.xml (RunModel)" time="0.06" />
  <testcase classname="ptolemy.util.test.junit.AutoNameArchTests" name="[0] ThereAreNoAutoArchTests (RunModel)" time="0.002" />
  <testcase classname="ptolemy.util.test.junit.AutoTests" name="[0] /home/travis/build/icyphy/ptII/ptolemy/domains/de/test/auto/ActorDepthCalculation_actorWithoutPorts.xml (RunModel)" time="0.024" />
  <testcase classname="ptolemy.util.test.junit.AutoTests" name="[1] /home/travis/build/icyphy/ptII/ptolemy/domains/de/test/auto/AssemblyLine.xml (RunModel)" time="0.037" />
  <testcase classname="ptolemy.util.test.junit.AutoTests" name="[2] /home/travis/build/icyphy/ptII/ptolemy/domains/de/test/auto/CQBug1.xml (RunModel)" time="0.015" />
  <testcase classname="ptolemy.util.test.junit.AutoTests" name="[3] /home/travis/build/icyphy/ptII/ptolemy/domains/de/test/auto/CancelFireAt.xml (RunModel)" time="0.017" />
  <testcase classname="ptolemy.util.test.junit.AutoTests" name="[4] /home/travis/build/icyphy/ptII/ptolemy/domains/de/test/auto/CausalityAndComposabilityAnalysis.xml (RunModel)" time="0.014" />
  <testcase classname="ptolemy.util.test.junit.AutoTests" name="[5] /home/travis/build/icyphy/ptII/ptolemy/domains/de/test/auto/CausalityInterface1.xml (RunModel)" time="0.018" />
  <testcase classname="ptolemy.util.test.junit.AutoTests" name="[6] /home/travis/build/icyphy/ptII/ptolemy/domains/de/test/auto/CausalityInterface15.xml (RunModel)" time="0.02" />
  <testcase classname="ptolemy.util.test.junit.AutoTests" name="[7] /home/travis/build/icyphy/ptII/ptolemy/domains/de/test/auto/CausalityInterface2.xml (RunModel)" time="0.017" />
  <testcase classname="ptolemy.util.test.junit.AutoTests" name="[8] /home/travis/build/icyphy/ptII/ptolemy/domains/de/test/auto/CausalityInterface3.xml (RunModel)" time="0.019" />
  <testcase classname="ptolemy.util.test.junit.AutoTests" name="[9] /home/travis/build/icyphy/ptII/ptolemy/domains/de/test/auto/ClockDrift.xml (RunModel)" time="0.043" />
  <testcase classname="ptolemy.util.test.junit.AutoTests" name="[10] /home/travis/build/icyphy/ptII/ptolemy/domains/de/test/auto/ClockDriftAndValueChange.xml (RunModel)" time="0.043" />
  <testcase classname="ptolemy.util.test.junit.AutoTests" name="[11] /home/travis/build/icyphy/ptII/ptolemy/domains/de/test/auto/ClockDriftChange.xml (RunModel)" time="0.036" />
  <testcase classname="ptolemy.util.test.junit.AutoTests" name="[12] /home/travis/build/icyphy/ptII/ptolemy/domains/de/test/auto/ComposableCausalityAnalysis.xml (RunModel)" time="0.015" />
  <testcase classname="ptolemy.util.test.junit.AutoTests" name="[13] /home/travis/build/icyphy/ptII/ptolemy/domains/de/test/auto/DEFixedPointLimitation.xml (RunModel)" time="0.012" />
  <testcase classname="ptolemy.util.test.junit.AutoTests" name="[14] /home/travis/build/icyphy/ptII/ptolemy/domains/de/test/auto/DEScheduleTest.xml (RunModel)" time="0.016" />
  <testcase classname="ptolemy.util.test.junit.AutoTests" name="[15] /home/travis/build/icyphy/ptII/ptolemy/domains/de/test/auto/DEinDEwithStartTimes.xml (RunModel)" time="0.024" />
  <testcase classname="ptolemy.util.test.junit.AutoTests" name="[16] /home/travis/build/icyphy/ptII/ptolemy/domains/de/test/auto/DEinDEwithStartTimes2.xml (RunModel)" time="0.022" />
  <testcase classname="ptolemy.util.test.junit.AutoTests" name="[17] /home/travis/build/icyphy/ptII/ptolemy/domains/de/test/auto/DateDemo.xml (RunModel)" time="0.031" />
  <testcase classname="ptolemy.util.test.junit.AutoTests" name="[18] /home/travis/build/icyphy/ptII/ptolemy/domains/de/test/auto/DateToEvent.xml (RunModel)" time="2.047" />
  <testcase classname="ptolemy.util.test.junit.AutoTests" name="[19] /home/travis/build/icyphy/ptII/ptolemy/domains/de/test/auto/DepthTest1.xml (RunModel)" time="0.026" />
  <testcase classname="ptolemy.util.test.junit.AutoTests" name="[20] /home/travis/build/icyphy/ptII/ptolemy/domains/de/test/auto/DepthTest2.xml (RunModel)" time="0.022" />
  <testcase classname="ptolemy.util.test.junit.AutoTests" name="[21] /home/travis/build/icyphy/ptII/ptolemy/domains/de/test/auto/DepthTest3.xml (RunModel)" time="0.009" />
  <testcase classname="ptolemy.util.test.junit.AutoTests" name="[22] /home/travis/build/icyphy/ptII/ptolemy/domains/de/test/auto/DepthTest4.xml (RunModel)" time="0.026" />
  <testcase classname="ptolemy.util.test.junit.AutoTests" name="[23] /home/travis/build/icyphy/ptII/ptolemy/domains/de/test/auto/DepthTest5.xml (RunModel)" time="0.015" />
  <testcase classname="ptolemy.util.test.junit.AutoTests" name="[24] /home/travis/build/icyphy/ptII/ptolemy/domains/de/test/auto/DepthTest6.xml (RunModel)" time="0.013" />
  <testcase classname="ptolemy.util.test.junit.AutoTests" name="[25] /home/travis/build/icyphy/ptII/ptolemy/domains/de/test/auto/DepthTest7.xml (RunModel)" time="0.011" />
  <testcase classname="ptolemy.util.test.junit.AutoTests" name="[26] /home/travis/build/icyphy/ptII/ptolemy/domains/de/test/auto/EventToDate.xml (RunModel)" time="3.055" />
  <testcase classname="ptolemy.util.test.junit.AutoTests" name="[27] /home/travis/build/icyphy/ptII/ptolemy/domains/de/test/auto/FSM1.xml (RunModel)" time="0.036" />
  <testcase classname="ptolemy.util.test.junit.AutoTests" name="[28] /home/travis/build/icyphy/ptII/ptolemy/domains/de/test/auto/FSM7.xml (RunModel)" time="0.048" />
  <testcase classname="ptolemy.util.test.junit.AutoTests" name="[29] /home/travis/build/icyphy/ptII/ptolemy/domains/de/test/auto/Inspection.xml (RunModel)" time="0.053" />
  <testcase classname="ptolemy.util.test.junit.AutoTests" name="[30] /home/travis/build/icyphy/ptII/ptolemy/domains/de/test/auto/Iteration.xml (RunModel)" time="0.029" />
  <testcase classname="ptolemy.util.test.junit.AutoTests" name="[31] /home/travis/build/icyphy/ptII/ptolemy/domains/de/test/auto/LineFault.xml (RunModel)" time="0.71" />
  <testcase classname="ptolemy.util.test.junit.AutoTests" name="[32] /home/travis/build/icyphy/ptII/ptolemy/domains/de/test/auto/MergeModel1Add.xml (RunModel)" time="0.053" />
  <testcase classname="ptolemy.util.test.junit.AutoTests" name="[33] /home/travis/build/icyphy/ptII/ptolemy/domains/de/test/auto/MergeModel2Add.xml (RunModel)" time="0.042" />
  <testcase classname="ptolemy.util.test.junit.AutoTests" name="[34] /home/travis/build/icyphy/ptII/ptolemy/domains/de/test/auto/MergeModel3Add.xml (RunModel)" time="0.056" />
  <testcase classname="ptolemy.util.test.junit.AutoTests" name="[35] /home/travis/build/icyphy/ptII/ptolemy/domains/de/test/auto/MergeWithoutDiscard.xml (RunModel)" time="0.017" />
  <testcase classname="ptolemy.util.test.junit.AutoTests" name="[36] /home/travis/build/icyphy/ptII/ptolemy/domains/de/test/auto/Modal1.xml (RunModel)" time="0.035" />
  <testcase classname="ptolemy.util.test.junit.AutoTests" name="[37] /home/travis/build/icyphy/ptII/ptolemy/domains/de/test/auto/Modal2.xml (RunModel)" time="0.031" />
  <testcase classname="ptolemy.util.test.junit.AutoTests" name="[38] /home/travis/build/icyphy/ptII/ptolemy/domains/de/test/auto/Modal3.xml (RunModel)" time="0.032" />
  <testcase classname="ptolemy.util.test.junit.AutoTests" name="[39] /home/travis/build/icyphy/ptII/ptolemy/domains/de/test/auto/Modal4.xml (RunModel)" time="0.032" />
  <testcase classname="ptolemy.util.test.junit.AutoTests" name="[40] /home/travis/build/icyphy/ptII/ptolemy/domains/de/test/auto/Modal5.xml (RunModel)" time="0.035" />
  <testcase classname="ptolemy.util.test.junit.AutoTests" name="[41] /home/travis/build/icyphy/ptII/ptolemy/domains/de/test/auto/Modal6.xml (RunModel)" time="0.034" />
  <testcase classname="ptolemy.util.test.junit.AutoTests" name="[42] /home/travis/build/icyphy/ptII/ptolemy/domains/de/test/auto/Modal7.xml (RunModel)" time="0.04" />
  <testcase classname="ptolemy.util.test.junit.AutoTests" name="[43] /home/travis/build/icyphy/ptII/ptolemy/domains/de/test/auto/ModalModel.xml (RunModel)" time="0.201" />
  <testcase classname="ptolemy.util.test.junit.AutoTests" name="[44] /home/travis/build/icyphy/ptII/ptolemy/domains/de/test/auto/ModalSource.xml (RunModel)" time="0.027" />
  <testcase classname="ptolemy.util.test.junit.AutoTests" name="[45] /home/travis/build/icyphy/ptII/ptolemy/domains/de/test/auto/NonInterruptibleTimerZeroDelay.xml (RunModel)" time="0.016" />
  <testcase classname="ptolemy.util.test.junit.AutoTests" name="[46] /home/travis/build/icyphy/ptII/ptolemy/domains/de/test/auto/OpenQueueingNetwork.xml (RunModel)" time="2.508" />
  <testcase classname="ptolemy.util.test.junit.AutoTests" name="[47] /home/travis/build/icyphy/ptII/ptolemy/domains/de/test/auto/OpenQueuingNetwork.xml (RunModel)" time="0.393" />
  <testcase classname="ptolemy.util.test.junit.AutoTests" name="[48] /home/travis/build/icyphy/ptII/ptolemy/domains/de/test/auto/PeriodicSampler.xml (RunModel)" time="0.018" />
  <testcase classname="ptolemy.util.test.junit.AutoTests" name="[49] /home/travis/build/icyphy/ptII/ptolemy/domains/de/test/auto/PersistentIO.xml (RunModel)" time="0.03" />
  <testcase classname="ptolemy.util.test.junit.AutoTests" name="[50] /home/travis/build/icyphy/ptII/ptolemy/domains/de/test/auto/PortParameterResetOnInitialize.xml (RunModel)" time="0.012" />
  <testcase classname="ptolemy.util.test.junit.AutoTests" name="[51] /home/travis/build/icyphy/ptII/ptolemy/domains/de/test/auto/PortParameterUpdates.xml (RunModel)" time="0.021" />
  <testcase classname="ptolemy.util.test.junit.AutoTests" name="[52] /home/travis/build/icyphy/ptII/ptolemy/domains/de/test/auto/QueueAndServer.xml (RunModel)" time="0.025" />
  <testcase classname="ptolemy.util.test.junit.AutoTests" name="[53] /home/travis/build/icyphy/ptII/ptolemy/domains/de/test/auto/Records.xml (RunModel)" time="0.023" />
  <testcase classname="ptolemy.util.test.junit.AutoTests" name="[54] /home/travis/build/icyphy/ptII/ptolemy/domains/de/test/auto/ResetTransitionWithStartTime1.xml (RunModel)" time="0.023" />
  <testcase classname="ptolemy.util.test.junit.AutoTests" name="[55] /home/travis/build/icyphy/ptII/ptolemy/domains/de/test/auto/ResetTransitionWithStartTime2.xml (RunModel)" time="0.028" />
  <testcase classname="ptolemy.util.test.junit.AutoTests" name="[56] /home/travis/build/icyphy/ptII/ptolemy/domains/de/test/auto/ResetTransitionWithStartTime3.xml (RunModel)" time="0.024" />
  <testcase classname="ptolemy.util.test.junit.AutoTests" name="[57] /home/travis/build/icyphy/ptII/ptolemy/domains/de/test/auto/ResetTransitionWithStartTime4.xml (RunModel)" time="0.019" />
  <testcase classname="ptolemy.util.test.junit.AutoTests" name="[58] /home/travis/build/icyphy/ptII/ptolemy/domains/de/test/auto/ResettableTimer1.xml (RunModel)" time="0.011" />
  <testcase classname="ptolemy.util.test.junit.AutoTests" name="[59] /home/travis/build/icyphy/ptII/ptolemy/domains/de/test/auto/ResettableTimer2.xml (RunModel)" time="0.013" />
  <testcase classname="ptolemy.util.test.junit.AutoTests" name="[60] /home/travis/build/icyphy/ptII/ptolemy/domains/de/test/auto/ResettableTimer3.xml (RunModel)" time="0.01" />
  <testcase classname="ptolemy.util.test.junit.AutoTests" name="[61] /home/travis/build/icyphy/ptII/ptolemy/domains/de/test/auto/ResettableTimer4.xml (RunModel)" time="0.01" />
  <testcase classname="ptolemy.util.test.junit.AutoTests" name="[62] /home/travis/build/icyphy/ptII/ptolemy/domains/de/test/auto/ResettableTimer5.xml (RunModel)" time="0.019" />
  <testcase classname="ptolemy.util.test.junit.AutoTests" name="[63] /home/travis/build/icyphy/ptII/ptolemy/domains/de/test/auto/ResettableTimer6.xml (RunModel)" time="0.022" />
  <testcase classname="ptolemy.util.test.junit.AutoTests" name="[64] /home/travis/build/icyphy/ptII/ptolemy/domains/de/test/auto/ServerZeroDelay.xml (RunModel)" time="0.013" />
  <testcase classname="ptolemy.util.test.junit.AutoTests" name="[65] /home/travis/build/icyphy/ptII/ptolemy/domains/de/test/auto/SmartSender.xml (RunModel)" time="3.011" />
  <testcase classname="ptolemy.util.test.junit.AutoTests" name="[66] /home/travis/build/icyphy/ptII/ptolemy/domains/de/test/auto/ThreadedComposite.xml (RunModel)" time="0.268" />
  <testcase classname="ptolemy.util.test.junit.AutoTests" name="[67] /home/travis/build/icyphy/ptII/ptolemy/domains/de/test/auto/Time.xml (RunModel)" time="0.466" />
  <testcase classname="ptolemy.util.test.junit.AutoTests" name="[68] /home/travis/build/icyphy/ptII/ptolemy/domains/de/test/auto/TimeDelayZeroDelay.xml (RunModel)" time="0.013" />
  <testcase classname="ptolemy.util.test.junit.AutoTests" name="[69] /home/travis/build/icyphy/ptII/ptolemy/domains/de/test/auto/TimerZeroDelay.xml (RunModel)" time="0.01" />
  <testcase classname="ptolemy.util.test.junit.AutoTests" name="[70] /home/travis/build/icyphy/ptII/ptolemy/domains/de/test/auto/TimingParadox.xml (RunModel)" time="0.355" />
  <testcase classname="ptolemy.util.test.junit.AutoTests" name="[71] /home/travis/build/icyphy/ptII/ptolemy/domains/de/test/auto/TransferInputs.xml (RunModel)" time="0.012" />
  <testcase classname="ptolemy.util.test.junit.AutoTests" name="[72] /home/travis/build/icyphy/ptII/ptolemy/domains/de/test/auto/TransferOutputs2.xml (RunModel)" time="0.021" />
  <testcase classname="ptolemy.util.test.junit.AutoTests" name="[73] /home/travis/build/icyphy/ptII/ptolemy/domains/de/test/auto/Trilateration.xml (RunModel)" time="13.651" />
  <testcase classname="ptolemy.util.test.junit.AutoTests" name="[74] /home/travis/build/icyphy/ptII/ptolemy/domains/de/test/auto/TwoSigmaDelta.xml (RunModel)" time="2.029" />
  <testcase classname="ptolemy.util.test.junit.AutoTests" name="[75] /home/travis/build/icyphy/ptII/ptolemy/domains/de/test/auto/VariableDelay.xml (RunModel)" time="0.017" />
  <testcase classname="ptolemy.util.test.junit.AutoTests" name="[76] /home/travis/build/icyphy/ptII/ptolemy/domains/de/test/auto/VariableDelay2.xml (RunModel)" time="0.011" />
  <testcase classname="ptolemy.util.test.junit.AutoTests" name="[77] /home/travis/build/icyphy/ptII/ptolemy/domains/de/test/auto/VariableDelayZeroDelay.xml (RunModel)" time="0.014" />
  <testcase classname="ptolemy.util.test.junit.AutoTests" name="[78] /home/travis/build/icyphy/ptII/ptolemy/domains/de/test/auto/VariableDelayZeroDelay2.xml (RunModel)" time="0.011" />
  <testcase classname="ptolemy.util.test.junit.AutoTests" name="[79] /home/travis/build/icyphy/ptII/ptolemy/domains/de/test/auto/deInCt.xml (RunModel)" time="0.018" />
  <testcase classname="ptolemy.util.test.junit.AutoTests" name="[80] /home/travis/build/icyphy/ptII/ptolemy/domains/de/test/auto/deInCt2.xml (RunModel)" time="0.019" />
  <testcase classname="ptolemy.util.test.junit.AutoTests" name="[81] /home/travis/build/icyphy/ptII/ptolemy/domains/de/test/auto/dynamicCausalityInterface1.xml (RunModel)" time="0.028" />
  <testcase classname="ptolemy.util.test.junit.AutoTests" name="[82] /home/travis/build/icyphy/ptII/ptolemy/domains/de/test/auto/fsm_de_test.xml (RunModel)" time="0.035" />
  <testcase classname="ptolemy.util.test.junit.AutoTests" name="[83] /home/travis/build/icyphy/ptII/ptolemy/domains/de/test/auto/functionDependencyReconstruction.xml (RunModel)" time="0.032" />
  <testcase classname="ptolemy.util.test.junit.AutoTests" name="[84] /home/travis/build/icyphy/ptII/ptolemy/domains/de/test/auto/multirate.xml (RunModel)" time="0.016" />
  <testcase classname="ptolemy.util.test.junit.AutoTests" name="[85] /home/travis/build/icyphy/ptII/ptolemy/domains/de/test/auto/multirate2.xml (RunModel)" time="0.015" />
  <testcase classname="ptolemy.util.test.junit.AutoTests" name="[86] /home/travis/build/icyphy/ptII/ptolemy/domains/de/test/auto/realtime.xml (RunModel)" time="10.011" />
  <testcase classname="ptolemy.util.test.junit.AutoTests" name="[87] /home/travis/build/icyphy/ptII/ptolemy/domains/de/test/auto/relationGroup.xml (RunModel)" time="0.009" />
  <testcase classname="ptolemy.util.test.junit.AutoTests" name="[88] /home/travis/build/icyphy/ptII/ptolemy/domains/de/test/auto/relationGroup2.xml (RunModel)" time="0.005" />
  <testcase classname="ptolemy.util.test.junit.AutoTests" name="[89] /home/travis/build/icyphy/ptII/ptolemy/domains/de/test/auto/sortWithOpaquePorts.xml (RunModel)" time="0.013" />
  <testcase classname="ptolemy.util.test.junit.AutoTests" name="[90] /home/travis/build/icyphy/ptII/ptolemy/domains/de/test/auto/transferInputsandOutputs.xml (RunModel)" time="0.016" />
  <testcase classname="ptolemy.util.test.junit.AutoTests" name="[91] /home/travis/build/icyphy/ptII/ptolemy/domains/de/test/auto/triggerType.xml (RunModel)" time="0.009" />
  <system-out><![CDATA[/home/travis/build/icyphy/ptII/ptolemy/domains/de/test/DependencyLoop.tcl
testDefs.tcl: setting time out to 9000 seconds at Tue Oct 01 05:48:23 UTC 2019
114 ms. Memory: 120832K Free: 72134K (60%)
32 ms. Memory: 120832K Free: 54726K (45%)
/home/travis/build/icyphy/ptII/ptolemy/domains/de/test/RunDETestsAsQSS.tcl
Run the DE tests using ptolemy.domains.qss.test.QSSDirectorTest, which extends QSSDirector and prints a message in the constructors.
------------------ testing $PTII/ptolemy/domains/de/test/auto/knownFailedTests/DirectFeedback.xml (Known Failure) 
73 ms. Memory: 120832K Free: 49096K (41%)


==== $PTIIhome/travis/build/icyphy/ptII/ptolemy/domains/de/test/../../../../: Auto Automatic test in file $PTII/ptolemy/domains/de/test/auto/knownFailedTests/DirectFeedback.xml
==== Contents of test case:

	    # FIXME: we should use $relativeFilename here, but it
	    # might have backslashes under Windows, which causes no end
	    # of trouble.
	    createAndExecute $file
	    list {}
	
.... Test generated KNOWN error:
    while executing
ptolemy.kernel.util.IllegalActionException: Test fails in iteration 1.
Value was: 1.0. Should have been: 2.0
  in .DirectFeedback.Test
	at ptolemy.actor.lib.Test.fire(Test.java:268)
	at ptolemy.domains.de.kernel.DEDirector._fire(DEDirector.java:1949)
	at ptolemy.domains.de.kernel.DEDirector.fire(DEDirector.java:502)
	at ptolemy.actor.CompositeActor.fire(CompositeActor.java:455)
	at ptolemy.actor.Manager.iterate(Manager.java:851)
	at ptolemy.actor.Manager.execute(Manager.java:369)
	at ptolemy.actor.Manager.run(Manager.java:1263)
	at ptolemy.actor.Manager$PtolemyRunThread.run(Manager.java:1933)

    while executing
ptolemy.kernel.util.IllegalActionException: Test fails in iteration 1.
Value was: 1.0. Should have been: 2.0
  in .DirectFeedback.Test
    while executing
"java::new ptolemy.moml.MoMLSimpleApplication $file
"
    (procedure "createAndExecute" line 2)
    invoked from within
"createAndExecute $file"
    ("uplevel" body line 5)
    invoked from within
"uplevel $contents_of_test"
------------------ testing $PTII/ptolemy/domains/de/test/auto/knownFailedTests/dependencyLoop.xml (Known Failure) 
19 ms. Memory: 120832K Free: 46024K (38%)


==== $PTIIhome/travis/build/icyphy/ptII/ptolemy/domains/de/test/../../../../: Auto Automatic test in file $PTII/ptolemy/domains/de/test/auto/knownFailedTests/dependencyLoop.xml
==== Contents of test case:

	    # FIXME: we should use $relativeFilename here, but it
	    # might have backslashes under Windows, which causes no end
	    # of trouble.
	    createAndExecute $file
	    list {}
	
.... Test generated KNOWN error:
    while executing
ptolemy.kernel.util.IllegalActionException: Found a zero delay loop containing .dependencyLoop.original
  in .dependencyLoop and .dependencyLoop.original
	at ptolemy.actor.util.CausalityInterfaceForComposites._computeOutputPortDepth(CausalityInterfaceForComposites.java:759)
	at ptolemy.actor.util.CausalityInterfaceForComposites._computeInputDepth(CausalityInterfaceForComposites.java:696)
	at ptolemy.actor.util.CausalityInterfaceForComposites._computeOutputPortDepth(CausalityInterfaceForComposites.java:765)
	at ptolemy.actor.util.CausalityInterfaceForComposites._computeInputDepth(CausalityInterfaceForComposites.java:696)
	at ptolemy.actor.util.CausalityInterfaceForComposites._computeOutputPortDepth(CausalityInterfaceForComposites.java:765)
	at ptolemy.actor.util.CausalityInterfaceForComposites._computeInputDepth(CausalityInterfaceForComposites.java:696)
	at ptolemy.actor.util.CausalityInterfaceForComposites._computeActorDepth(CausalityInterfaceForComposites.java:532)
	at ptolemy.actor.util.CausalityInterfaceForComposites.checkForCycles(CausalityInterfaceForComposites.java:96)
	at ptolemy.domains.de.kernel.DEDirector.preinitialize(DEDirector.java:1338)
	at ptolemy.actor.CompositeActor.preinitialize(CompositeActor.java:1828)
	at ptolemy.actor.Manager.preinitializeAndResolveTypes(Manager.java:1040)
	at ptolemy.actor.Manager.initialize(Manager.java:710)
	at ptolemy.actor.Manager.execute(Manager.java:356)
	at ptolemy.actor.Manager.run(Manager.java:1263)
	at ptolemy.actor.Manager$PtolemyRunThread.run(Manager.java:1933)

    while executing
ptolemy.kernel.util.IllegalActionException: Found a zero delay loop containing .dependencyLoop.original
  in .dependencyLoop and .dependencyLoop.original
    while executing
"java::new ptolemy.moml.MoMLSimpleApplication $file
"
    (procedure "createAndExecute" line 2)
    invoked from within
"createAndExecute $file"
    ("uplevel" body line 5)
    invoked from within
"uplevel $contents_of_test"
------------------ testing $PTII/ptolemy/domains/de/test/auto/knownFailedTests/FSMSource.xml (Known Failure) 
96 ms. Memory: 120832K Free: 99577K (82%)
!!!! Auto was marked as failing, but now passes
------------------ testing $PTII/ptolemy/domains/de/test/auto/knownFailedTests/HierarchicalModel.xml (Known Failure) 
9 ms. Memory: 120832K Free: 82158K (68%)


==== $PTIIhome/travis/build/icyphy/ptII/ptolemy/domains/de/test/../../../../: Auto Automatic test in file $PTII/ptolemy/domains/de/test/auto/knownFailedTests/HierarchicalModel.xml
==== Contents of test case:

	    # FIXME: we should use $relativeFilename here, but it
	    # might have backslashes under Windows, which causes no end
	    # of trouble.
	    createAndExecute $file
	    list {}
	
.... Test generated KNOWN error:
    while executing
ptolemy.kernel.util.IllegalActionException: Found a zero delay loop containing .HierarchicalModel.A
  in .HierarchicalModel and .HierarchicalModel.A
	at ptolemy.actor.util.CausalityInterfaceForComposites._computeOutputPortDepth(CausalityInterfaceForComposites.java:759)
	at ptolemy.actor.util.CausalityInterfaceForComposites._computeInputDepth(CausalityInterfaceForComposites.java:696)
	at ptolemy.actor.util.CausalityInterfaceForComposites._computeOutputPortDepth(CausalityInterfaceForComposites.java:765)
	at ptolemy.actor.util.CausalityInterfaceForComposites._computeInputDepth(CausalityInterfaceForComposites.java:696)
	at ptolemy.actor.util.CausalityInterfaceForComposites._computeOutputPortDepth(CausalityInterfaceForComposites.java:765)
	at ptolemy.actor.util.CausalityInterfaceForComposites._computeInputDepth(CausalityInterfaceForComposites.java:696)
	at ptolemy.actor.util.CausalityInterfaceForComposites._computeActorDepth(CausalityInterfaceForComposites.java:532)
	at ptolemy.actor.util.CausalityInterfaceForComposites.checkForCycles(CausalityInterfaceForComposites.java:96)
	at ptolemy.domains.de.kernel.DEDirector.preinitialize(DEDirector.java:1338)
	at ptolemy.actor.CompositeActor.preinitialize(CompositeActor.java:1828)
	at ptolemy.actor.Manager.preinitializeAndResolveTypes(Manager.java:1040)
	at ptolemy.actor.Manager.initialize(Manager.java:710)
	at ptolemy.actor.Manager.execute(Manager.java:356)
	at ptolemy.actor.Manager.run(Manager.java:1263)
	at ptolemy.actor.Manager$PtolemyRunThread.run(Manager.java:1933)

    while executing
ptolemy.kernel.util.IllegalActionException: Found a zero delay loop containing .HierarchicalModel.A
  in .HierarchicalModel and .HierarchicalModel.A
    while executing
"java::new ptolemy.moml.MoMLSimpleApplication $file
"
    (procedure "createAndExecute" line 2)
    invoked from within
"createAndExecute $file"
    ("uplevel" body line 5)
    invoked from within
"uplevel $contents_of_test"
------------------ testing $PTII/ptolemy/domains/de/test/auto/knownFailedTests/dependencyLoop2.xml (Known Failure) 
45 ms. Memory: 120832K Free: 107093K (89%)


==== $PTIIhome/travis/build/icyphy/ptII/ptolemy/domains/de/test/../../../../: Auto Automatic test in file $PTII/ptolemy/domains/de/test/auto/knownFailedTests/dependencyLoop2.xml
==== Contents of test case:

	    # FIXME: we should use $relativeFilename here, but it
	    # might have backslashes under Windows, which causes no end
	    # of trouble.
	    createAndExecute $file
	    list {}
	
.... Test generated KNOWN error:
    while executing
ptolemy.kernel.util.IllegalActionException: Found a zero delay loop containing .dependencyLoop2.original
  in .dependencyLoop2 and .dependencyLoop2.original
	at ptolemy.actor.util.CausalityInterfaceForComposites._computeOutputPortDepth(CausalityInterfaceForComposites.java:759)
	at ptolemy.actor.util.CausalityInterfaceForComposites._computeInputDepth(CausalityInterfaceForComposites.java:696)
	at ptolemy.actor.util.CausalityInterfaceForComposites._computeOutputPortDepth(CausalityInterfaceForComposites.java:765)
	at ptolemy.actor.util.CausalityInterfaceForComposites._computeInputDepth(CausalityInterfaceForComposites.java:696)
	at ptolemy.actor.util.CausalityInterfaceForComposites._computeOutputPortDepth(CausalityInterfaceForComposites.java:765)
	at ptolemy.actor.util.CausalityInterfaceForComposites._computeInputDepth(CausalityInterfaceForComposites.java:696)
	at ptolemy.actor.util.CausalityInterfaceForComposites._computeActorDepth(CausalityInterfaceForComposites.java:532)
	at ptolemy.actor.util.CausalityInterfaceForComposites.checkForCycles(CausalityInterfaceForComposites.java:96)
	at ptolemy.domains.de.kernel.DEDirector.preinitialize(DEDirector.java:1338)
	at ptolemy.actor.CompositeActor.preinitialize(CompositeActor.java:1828)
	at ptolemy.actor.Manager.preinitializeAndResolveTypes(Manager.java:1040)
	at ptolemy.actor.Manager.initialize(Manager.java:710)
	at ptolemy.actor.Manager.execute(Manager.java:356)
	at ptolemy.actor.Manager.run(Manager.java:1263)
	at ptolemy.actor.Manager$PtolemyRunThread.run(Manager.java:1933)

    while executing
ptolemy.kernel.util.IllegalActionException: Found a zero delay loop containing .dependencyLoop2.original
  in .dependencyLoop2 and .dependencyLoop2.original
    while executing
"java::new ptolemy.moml.MoMLSimpleApplication $file
"
    (procedure "createAndExecute" line 2)
    invoked from within
"createAndExecute $file"
    ("uplevel" body line 5)
    invoked from within
"uplevel $contents_of_test"
------------------ testing $PTII/ptolemy/domains/de/test/auto/knownFailedTests/DESDFClockTest.xml (Known Failure) 
2077 ms. Memory: 120832K Free: 93728K (78%)


==== $PTIIhome/travis/build/icyphy/ptII/ptolemy/domains/de/test/../../../../: Auto Automatic test in file $PTII/ptolemy/domains/de/test/auto/knownFailedTests/DESDFClockTest.xml
==== Contents of test case:

	    # FIXME: we should use $relativeFilename here, but it
	    # might have backslashes under Windows, which causes no end
	    # of trouble.
	    createAndExecute $file
	    list {}
	
.... Test generated KNOWN error:
    while executing
ptolemy.kernel.util.IllegalActionException: Actor is not ready to fire.  Perhaps UpSample.prefire() returned false? Try debugging the actor by selecting "Listen to Actor".  Also, for SDF check moml for tokenConsumptionRate on input.
  in .DESDFClockTest.Play Bell.Copy1:SDF Director and .DESDFClockTest.Play Bell.UpSample
	at ptolemy.actor.sched.StaticSchedulingDirector.fire(StaticSchedulingDirector.java:227)
	at ptolemy.domains.sdf.kernel.SDFDirector.fire(SDFDirector.java:500)
	at ptolemy.actor.CompositeActor.fire(CompositeActor.java:455)
	at ptolemy.domains.de.kernel.DEDirector._fire(DEDirector.java:1949)
	at ptolemy.domains.de.kernel.DEDirector.fire(DEDirector.java:502)
	at ptolemy.actor.CompositeActor.fire(CompositeActor.java:455)
	at ptolemy.actor.Manager.iterate(Manager.java:851)
	at ptolemy.actor.Manager.execute(Manager.java:369)
	at ptolemy.actor.Manager.run(Manager.java:1263)
	at ptolemy.actor.Manager$PtolemyRunThread.run(Manager.java:1933)

    while executing
ptolemy.kernel.util.IllegalActionException: Actor is not ready to fire.  Perhaps UpSample.prefire() returned false? Try debugging the actor by selecting "Listen to Actor".  Also, for SDF check moml for tokenConsumptionRate on input.
  in .DESDFClockTest.Play Bell.Copy1:SDF Director and .DESDFClockTest.Play Bell.UpSample
    while executing
"java::new ptolemy.moml.MoMLSimpleApplication $file
"
    (procedure "createAndExecute" line 2)
    invoked from within
"createAndExecute $file"
    ("uplevel" body line 5)
    invoked from within
"uplevel $contents_of_test"
------------------ testing $PTII/ptolemy/domains/de/test/auto/ActorDepthCalculation_actorWithoutPorts.xml
auto.tcl: Setting watchdog for 200 seconds at Tue Oct 01 05:48:27 UTC 2019
5 ms. Memory: 120832K Free: 86533K (72%)
ptolemy.util.test.WatchDog.cancel(): canceling Tue Oct 01 05:48:27 UTC 2019
auto.tcl: Setting watchdog for 200 seconds at Tue Oct 01 05:48:27 UTC 2019
8 ms. Memory: 120832K Free: 84886K (70%)
ptolemy.util.test.WatchDog.cancel(): canceling Tue Oct 01 05:48:27 UTC 2019
------------------ testing $PTII/ptolemy/domains/de/test/auto/AssemblyLine.xml
auto.tcl: Setting watchdog for 200 seconds at Tue Oct 01 05:48:27 UTC 2019
12 ms. Memory: 48128K Free: 26259K (55%)
ptolemy.util.test.WatchDog.cancel(): canceling Tue Oct 01 05:48:27 UTC 2019
auto.tcl: Setting watchdog for 200 seconds at Tue Oct 01 05:48:27 UTC 2019
16 ms. Memory: 48128K Free: 25334K (53%)
ptolemy.util.test.WatchDog.cancel(): canceling Tue Oct 01 05:48:27 UTC 2019
------------------ testing $PTII/ptolemy/domains/de/test/auto/CQBug1.xml
auto.tcl: Setting watchdog for 200 seconds at Tue Oct 01 05:48:27 UTC 2019
3 ms. Memory: 45056K Free: 28498K (63%)
ptolemy.util.test.WatchDog.cancel(): canceling Tue Oct 01 05:48:27 UTC 2019
auto.tcl: Setting watchdog for 200 seconds at Tue Oct 01 05:48:27 UTC 2019
2 ms. Memory: 45056K Free: 27970K (62%)
ptolemy.util.test.WatchDog.cancel(): canceling Tue Oct 01 05:48:27 UTC 2019
------------------ testing $PTII/ptolemy/domains/de/test/auto/CancelFireAt.xml
auto.tcl: Setting watchdog for 200 seconds at Tue Oct 01 05:48:27 UTC 2019
3 ms. Memory: 45056K Free: 29706K (66%)
ptolemy.util.test.WatchDog.cancel(): canceling Tue Oct 01 05:48:27 UTC 2019
auto.tcl: Setting watchdog for 200 seconds at Tue Oct 01 05:48:27 UTC 2019
2 ms. Memory: 45056K Free: 29293K (65%)
ptolemy.util.test.WatchDog.cancel(): canceling Tue Oct 01 05:48:27 UTC 2019
------------------ testing $PTII/ptolemy/domains/de/test/auto/CausalityAndComposabilityAnalysis.xml
auto.tcl: Setting watchdog for 200 seconds at Tue Oct 01 05:48:28 UTC 2019
8 ms. Memory: 45056K Free: 27397K (61%)
ptolemy.util.test.WatchDog.cancel(): canceling Tue Oct 01 05:48:28 UTC 2019
auto.tcl: Setting watchdog for 200 seconds at Tue Oct 01 05:48:28 UTC 2019
8 ms. Memory: 45056K Free: 26968K (60%)
ptolemy.util.test.WatchDog.cancel(): canceling Tue Oct 01 05:48:28 UTC 2019
------------------ testing $PTII/ptolemy/domains/de/test/auto/CausalityInterface1.xml
auto.tcl: Setting watchdog for 200 seconds at Tue Oct 01 05:48:28 UTC 2019
27 ms. Memory: 45056K Free: 26366K (59%)
ptolemy.util.test.WatchDog.cancel(): canceling Tue Oct 01 05:48:28 UTC 2019
auto.tcl: Setting watchdog for 200 seconds at Tue Oct 01 05:48:28 UTC 2019
5 ms. Memory: 45056K Free: 25387K (56%)
ptolemy.util.test.WatchDog.cancel(): canceling Tue Oct 01 05:48:28 UTC 2019
------------------ testing $PTII/ptolemy/domains/de/test/auto/CausalityInterface15.xml
auto.tcl: Setting watchdog for 200 seconds at Tue Oct 01 05:48:28 UTC 2019
9 ms. Memory: 45056K Free: 26048K (58%)
ptolemy.util.test.WatchDog.cancel(): canceling Tue Oct 01 05:48:28 UTC 2019
auto.tcl: Setting watchdog for 200 seconds at Tue Oct 01 05:48:28 UTC 2019
3 ms. Memory: 45056K Free: 25330K (56%)
ptolemy.util.test.WatchDog.cancel(): canceling Tue Oct 01 05:48:28 UTC 2019
------------------ testing $PTII/ptolemy/domains/de/test/auto/CausalityInterface2.xml
auto.tcl: Setting watchdog for 200 seconds at Tue Oct 01 05:48:28 UTC 2019
4 ms. Memory: 45056K Free: 27307K (61%)
ptolemy.util.test.WatchDog.cancel(): canceling Tue Oct 01 05:48:28 UTC 2019
auto.tcl: Setting watchdog for 200 seconds at Tue Oct 01 05:48:28 UTC 2019
7 ms. Memory: 45056K Free: 26355K (58%)
ptolemy.util.test.WatchDog.cancel(): canceling Tue Oct 01 05:48:28 UTC 2019
------------------ testing $PTII/ptolemy/domains/de/test/auto/CausalityInterface3.xml
auto.tcl: Setting watchdog for 200 seconds at Tue Oct 01 05:48:28 UTC 2019
5 ms. Memory: 45056K Free: 26557K (59%)
ptolemy.util.test.WatchDog.cancel(): canceling Tue Oct 01 05:48:28 UTC 2019
auto.tcl: Setting watchdog for 200 seconds at Tue Oct 01 05:48:28 UTC 2019
3 ms. Memory: 45056K Free: 25761K (57%)
ptolemy.util.test.WatchDog.cancel(): canceling Tue Oct 01 05:48:28 UTC 2019
------------------ testing $PTII/ptolemy/domains/de/test/auto/ClockDrift.xml
auto.tcl: Setting watchdog for 200 seconds at Tue Oct 01 05:48:28 UTC 2019
71 ms. Memory: 45056K Free: 19152K (43%)
ptolemy.util.test.WatchDog.cancel(): canceling Tue Oct 01 05:48:28 UTC 2019
auto.tcl: Setting watchdog for 200 seconds at Tue Oct 01 05:48:28 UTC 2019
50 ms. Memory: 45056K Free: 15741K (35%)
ptolemy.util.test.WatchDog.cancel(): canceling Tue Oct 01 05:48:28 UTC 2019
------------------ testing $PTII/ptolemy/domains/de/test/auto/ClockDriftAndValueChange.xml
auto.tcl: Setting watchdog for 200 seconds at Tue Oct 01 05:48:28 UTC 2019
49 ms. Memory: 45056K Free: 19570K (43%)
ptolemy.util.test.WatchDog.cancel(): canceling Tue Oct 01 05:48:28 UTC 2019
auto.tcl: Setting watchdog for 200 seconds at Tue Oct 01 05:48:28 UTC 2019
23 ms. Memory: 45056K Free: 16378K (36%)
ptolemy.util.test.WatchDog.cancel(): canceling Tue Oct 01 05:48:28 UTC 2019
------------------ testing $PTII/ptolemy/domains/de/test/auto/ClockDriftChange.xml
auto.tcl: Setting watchdog for 200 seconds at Tue Oct 01 05:48:28 UTC 2019
26 ms. Memory: 45056K Free: 21268K (47%)
ptolemy.util.test.WatchDog.cancel(): canceling Tue Oct 01 05:48:29 UTC 2019
auto.tcl: Setting watchdog for 200 seconds at Tue Oct 01 05:48:29 UTC 2019
23 ms. Memory: 45056K Free: 18714K (42%)
ptolemy.util.test.WatchDog.cancel(): canceling Tue Oct 01 05:48:29 UTC 2019
------------------ testing $PTII/ptolemy/domains/de/test/auto/ComposableCausalityAnalysis.xml
auto.tcl: Setting watchdog for 200 seconds at Tue Oct 01 05:48:29 UTC 2019
3 ms. Memory: 45056K Free: 25914K (58%)
ptolemy.util.test.WatchDog.cancel(): canceling Tue Oct 01 05:48:29 UTC 2019
auto.tcl: Setting watchdog for 200 seconds at Tue Oct 01 05:48:29 UTC 2019
6 ms. Memory: 45056K Free: 24883K (55%)
ptolemy.util.test.WatchDog.cancel(): canceling Tue Oct 01 05:48:29 UTC 2019
------------------ testing $PTII/ptolemy/domains/de/test/auto/DEFixedPointLimitation.xml
auto.tcl: Setting watchdog for 200 seconds at Tue Oct 01 05:48:29 UTC 2019
3 ms. Memory: 45056K Free: 27238K (60%)
ptolemy.util.test.WatchDog.cancel(): canceling Tue Oct 01 05:48:29 UTC 2019
auto.tcl: Setting watchdog for 200 seconds at Tue Oct 01 05:48:29 UTC 2019
1 ms. Memory: 45056K Free: 26323K (58%)
ptolemy.util.test.WatchDog.cancel(): canceling Tue Oct 01 05:48:29 UTC 2019
------------------ testing $PTII/ptolemy/domains/de/test/auto/DEScheduleTest.xml
auto.tcl: Setting watchdog for 200 seconds at Tue Oct 01 05:48:29 UTC 2019
8 ms. Memory: 45056K Free: 27516K (61%)
ptolemy.util.test.WatchDog.cancel(): canceling Tue Oct 01 05:48:29 UTC 2019
auto.tcl: Setting watchdog for 200 seconds at Tue Oct 01 05:48:29 UTC 2019
3 ms. Memory: 45056K Free: 26768K (59%)
ptolemy.util.test.WatchDog.cancel(): canceling Tue Oct 01 05:48:29 UTC 2019
------------------ testing $PTII/ptolemy/domains/de/test/auto/DEinDEwithStartTimes.xml
auto.tcl: Setting watchdog for 200 seconds at Tue Oct 01 05:48:29 UTC 2019
6 ms. Memory: 45056K Free: 25695K (57%)
ptolemy.util.test.WatchDog.cancel(): canceling Tue Oct 01 05:48:29 UTC 2019
auto.tcl: Setting watchdog for 200 seconds at Tue Oct 01 05:48:29 UTC 2019
6 ms. Memory: 45056K Free: 24671K (55%)
ptolemy.util.test.WatchDog.cancel(): canceling Tue Oct 01 05:48:29 UTC 2019
------------------ testing $PTII/ptolemy/domains/de/test/auto/DEinDEwithStartTimes2.xml
auto.tcl: Setting watchdog for 200 seconds at Tue Oct 01 05:48:29 UTC 2019
9 ms. Memory: 45056K Free: 24884K (55%)
ptolemy.util.test.WatchDog.cancel(): canceling Tue Oct 01 05:48:29 UTC 2019
auto.tcl: Setting watchdog for 200 seconds at Tue Oct 01 05:48:29 UTC 2019
4 ms. Memory: 45056K Free: 23626K (52%)
ptolemy.util.test.WatchDog.cancel(): canceling Tue Oct 01 05:48:29 UTC 2019
------------------ testing $PTII/ptolemy/domains/de/test/auto/DateDemo.xml
auto.tcl: Setting watchdog for 200 seconds at Tue Oct 01 05:48:29 UTC 2019
26 ms. Memory: 45056K Free: 19278K (43%)
ptolemy.util.test.WatchDog.cancel(): canceling Tue Oct 01 05:48:29 UTC 2019
auto.tcl: Setting watchdog for 200 seconds at Tue Oct 01 05:48:29 UTC 2019
14 ms. Memory: 45056K Free: 17743K (39%)
ptolemy.util.test.WatchDog.cancel(): canceling Tue Oct 01 05:48:29 UTC 2019
------------------ testing $PTII/ptolemy/domains/de/test/auto/DateToEvent.xml
auto.tcl: Setting watchdog for 200 seconds at Tue Oct 01 05:48:29 UTC 2019
2023 ms. Memory: 45056K Free: 15191K (34%)
ptolemy.util.test.WatchDog.cancel(): canceling Tue Oct 01 05:48:31 UTC 2019
auto.tcl: Setting watchdog for 200 seconds at Tue Oct 01 05:48:31 UTC 2019
2006 ms. Memory: 45056K Free: 14449K (32%)
ptolemy.util.test.WatchDog.cancel(): canceling Tue Oct 01 05:48:33 UTC 2019
------------------ testing $PTII/ptolemy/domains/de/test/auto/DepthTest1.xml
auto.tcl: Setting watchdog for 200 seconds at Tue Oct 01 05:48:33 UTC 2019
2 ms. Memory: 45056K Free: 28489K (63%)
ptolemy.util.test.WatchDog.cancel(): canceling Tue Oct 01 05:48:33 UTC 2019
auto.tcl: Setting watchdog for 200 seconds at Tue Oct 01 05:48:33 UTC 2019
1 ms. Memory: 45056K Free: 27946K (62%)
ptolemy.util.test.WatchDog.cancel(): canceling Tue Oct 01 05:48:33 UTC 2019
------------------ testing $PTII/ptolemy/domains/de/test/auto/DepthTest2.xml
auto.tcl: Setting watchdog for 200 seconds at Tue Oct 01 05:48:34 UTC 2019
5 ms. Memory: 45056K Free: 25224K (56%)
ptolemy.util.test.WatchDog.cancel(): canceling Tue Oct 01 05:48:34 UTC 2019
auto.tcl: Setting watchdog for 200 seconds at Tue Oct 01 05:48:34 UTC 2019
4 ms. Memory: 45056K Free: 24806K (55%)
ptolemy.util.test.WatchDog.cancel(): canceling Tue Oct 01 05:48:34 UTC 2019
------------------ testing $PTII/ptolemy/domains/de/test/auto/DepthTest3.xml
auto.tcl: Setting watchdog for 200 seconds at Tue Oct 01 05:48:34 UTC 2019
2 ms. Memory: 45056K Free: 28666K (64%)
ptolemy.util.test.WatchDog.cancel(): canceling Tue Oct 01 05:48:34 UTC 2019
auto.tcl: Setting watchdog for 200 seconds at Tue Oct 01 05:48:34 UTC 2019
2 ms. Memory: 45056K Free: 28278K (63%)
ptolemy.util.test.WatchDog.cancel(): canceling Tue Oct 01 05:48:34 UTC 2019
------------------ testing $PTII/ptolemy/domains/de/test/auto/DepthTest4.xml
auto.tcl: Setting watchdog for 200 seconds at Tue Oct 01 05:48:34 UTC 2019
6 ms. Memory: 45056K Free: 27017K (60%)
ptolemy.util.test.WatchDog.cancel(): canceling Tue Oct 01 05:48:34 UTC 2019
auto.tcl: Setting watchdog for 200 seconds at Tue Oct 01 05:48:34 UTC 2019
2 ms. Memory: 45056K Free: 26282K (58%)
ptolemy.util.test.WatchDog.cancel(): canceling Tue Oct 01 05:48:34 UTC 2019
------------------ testing $PTII/ptolemy/domains/de/test/auto/DepthTest5.xml
auto.tcl: Setting watchdog for 200 seconds at Tue Oct 01 05:48:34 UTC 2019
3 ms. Memory: 45056K Free: 26424K (59%)
ptolemy.util.test.WatchDog.cancel(): canceling Tue Oct 01 05:48:34 UTC 2019
auto.tcl: Setting watchdog for 200 seconds at Tue Oct 01 05:48:34 UTC 2019
2 ms. Memory: 45056K Free: 25637K (57%)
ptolemy.util.test.WatchDog.cancel(): canceling Tue Oct 01 05:48:34 UTC 2019
------------------ testing $PTII/ptolemy/domains/de/test/auto/DepthTest6.xml
auto.tcl: Setting watchdog for 200 seconds at Tue Oct 01 05:48:34 UTC 2019
4 ms. Memory: 45056K Free: 26163K (58%)
ptolemy.util.test.WatchDog.cancel(): canceling Tue Oct 01 05:48:34 UTC 2019
auto.tcl: Setting watchdog for 200 seconds at Tue Oct 01 05:48:34 UTC 2019
2 ms. Memory: 45056K Free: 25761K (57%)
ptolemy.util.test.WatchDog.cancel(): canceling Tue Oct 01 05:48:34 UTC 2019
------------------ testing $PTII/ptolemy/domains/de/test/auto/DepthTest7.xml
auto.tcl: Setting watchdog for 200 seconds at Tue Oct 01 05:48:34 UTC 2019
3 ms. Memory: 45056K Free: 26942K (60%)
ptolemy.util.test.WatchDog.cancel(): canceling Tue Oct 01 05:48:34 UTC 2019
auto.tcl: Setting watchdog for 200 seconds at Tue Oct 01 05:48:34 UTC 2019
2 ms. Memory: 45056K Free: 26207K (58%)
ptolemy.util.test.WatchDog.cancel(): canceling Tue Oct 01 05:48:34 UTC 2019
------------------ testing $PTII/ptolemy/domains/de/test/auto/EventToDate.xml
auto.tcl: Setting watchdog for 200 seconds at Tue Oct 01 05:48:34 UTC 2019
3018 ms. Memory: 45056K Free: 17706K (39%)
ptolemy.util.test.WatchDog.cancel(): canceling Tue Oct 01 05:48:37 UTC 2019
auto.tcl: Setting watchdog for 200 seconds at Tue Oct 01 05:48:37 UTC 2019
3005 ms. Memory: 45056K Free: 17043K (38%)
ptolemy.util.test.WatchDog.cancel(): canceling Tue Oct 01 05:48:40 UTC 2019
------------------ testing $PTII/ptolemy/domains/de/test/auto/FSM1.xml
auto.tcl: Setting watchdog for 200 seconds at Tue Oct 01 05:48:40 UTC 2019
20 ms. Memory: 45056K Free: 18953K (42%)
ptolemy.util.test.WatchDog.cancel(): canceling Tue Oct 01 05:48:40 UTC 2019
auto.tcl: Setting watchdog for 200 seconds at Tue Oct 01 05:48:40 UTC 2019
28 ms. Memory: 45056K Free: 15708K (35%)
ptolemy.util.test.WatchDog.cancel(): canceling Tue Oct 01 05:48:40 UTC 2019
------------------ testing $PTII/ptolemy/domains/de/test/auto/FSM7.xml
auto.tcl: Setting watchdog for 200 seconds at Tue Oct 01 05:48:40 UTC 2019
27 ms. Memory: 45056K Free: 18662K (41%)
ptolemy.util.test.WatchDog.cancel(): canceling Tue Oct 01 05:48:40 UTC 2019
auto.tcl: Setting watchdog for 200 seconds at Tue Oct 01 05:48:40 UTC 2019
17 ms. Memory: 45056K Free: 15535K (34%)
ptolemy.util.test.WatchDog.cancel(): canceling Tue Oct 01 05:48:40 UTC 2019
------------------ testing $PTII/ptolemy/domains/de/test/auto/Inspection.xml
auto.tcl: Setting watchdog for 200 seconds at Tue Oct 01 05:48:40 UTC 2019
33 ms. Memory: 45056K Free: 18713K (42%)
ptolemy.util.test.WatchDog.cancel(): canceling Tue Oct 01 05:48:40 UTC 2019
auto.tcl: Setting watchdog for 200 seconds at Tue Oct 01 05:48:40 UTC 2019
33 ms. Memory: 45056K Free: 16961K (38%)
ptolemy.util.test.WatchDog.cancel(): canceling Tue Oct 01 05:48:40 UTC 2019
------------------ testing $PTII/ptolemy/domains/de/test/auto/Iteration.xml
auto.tcl: Setting watchdog for 200 seconds at Tue Oct 01 05:48:41 UTC 2019
8 ms. Memory: 45056K Free: 24396K (54%)
ptolemy.util.test.WatchDog.cancel(): canceling Tue Oct 01 05:48:41 UTC 2019
auto.tcl: Setting watchdog for 200 seconds at Tue Oct 01 05:48:41 UTC 2019
7 ms. Memory: 45056K Free: 23002K (51%)
ptolemy.util.test.WatchDog.cancel(): canceling Tue Oct 01 05:48:41 UTC 2019
------------------ testing $PTII/ptolemy/domains/de/test/auto/LineFault.xml
auto.tcl: Setting watchdog for 200 seconds at Tue Oct 01 05:48:41 UTC 2019
739 ms. Memory: 45056K Free: 14455K (32%)
ptolemy.util.test.WatchDog.cancel(): canceling Tue Oct 01 05:48:42 UTC 2019
auto.tcl: Setting watchdog for 200 seconds at Tue Oct 01 05:48:42 UTC 2019
704 ms. Memory: 58368K Free: 34109K (58%)
ptolemy.util.test.WatchDog.cancel(): canceling Tue Oct 01 05:48:42 UTC 2019
------------------ testing $PTII/ptolemy/domains/de/test/auto/MergeModel1Add.xml
auto.tcl: Setting watchdog for 200 seconds at Tue Oct 01 05:48:42 UTC 2019
40 ms. Memory: 51200K Free: 16543K (32%)
ptolemy.util.test.WatchDog.cancel(): canceling Tue Oct 01 05:48:43 UTC 2019
auto.tcl: Setting watchdog for 200 seconds at Tue Oct 01 05:48:43 UTC 2019
14 ms. Memory: 51200K Free: 14951K (29%)
ptolemy.util.test.WatchDog.cancel(): canceling Tue Oct 01 05:48:43 UTC 2019
------------------ testing $PTII/ptolemy/domains/de/test/auto/MergeModel2Add.xml
auto.tcl: Setting watchdog for 200 seconds at Tue Oct 01 05:48:43 UTC 2019
15 ms. Memory: 48128K Free: 15349K (32%)
ptolemy.util.test.WatchDog.cancel(): canceling Tue Oct 01 05:48:43 UTC 2019
auto.tcl: Setting watchdog for 200 seconds at Tue Oct 01 05:48:43 UTC 2019
12 ms. Memory: 48128K Free: 13583K (28%)
ptolemy.util.test.WatchDog.cancel(): canceling Tue Oct 01 05:48:43 UTC 2019
------------------ testing $PTII/ptolemy/domains/de/test/auto/MergeModel3Add.xml
auto.tcl: Setting watchdog for 200 seconds at Tue Oct 01 05:48:43 UTC 2019
12 ms. Memory: 48128K Free: 15561K (32%)
ptolemy.util.test.WatchDog.cancel(): canceling Tue Oct 01 05:48:43 UTC 2019
auto.tcl: Setting watchdog for 200 seconds at Tue Oct 01 05:48:43 UTC 2019
11 ms. Memory: 48128K Free: 13988K (29%)
ptolemy.util.test.WatchDog.cancel(): canceling Tue Oct 01 05:48:43 UTC 2019
------------------ testing $PTII/ptolemy/domains/de/test/auto/MergeWithoutDiscard.xml
auto.tcl: Setting watchdog for 200 seconds at Tue Oct 01 05:48:43 UTC 2019
4 ms. Memory: 48128K Free: 29917K (62%)
ptolemy.util.test.WatchDog.cancel(): canceling Tue Oct 01 05:48:43 UTC 2019
auto.tcl: Setting watchdog for 200 seconds at Tue Oct 01 05:48:43 UTC 2019
1 ms. Memory: 48128K Free: 29506K (61%)
ptolemy.util.test.WatchDog.cancel(): canceling Tue Oct 01 05:48:43 UTC 2019
------------------ testing $PTII/ptolemy/domains/de/test/auto/Modal1.xml
auto.tcl: Setting watchdog for 200 seconds at Tue Oct 01 05:48:43 UTC 2019
15 ms. Memory: 48128K Free: 22021K (46%)
ptolemy.util.test.WatchDog.cancel(): canceling Tue Oct 01 05:48:43 UTC 2019
auto.tcl: Setting watchdog for 200 seconds at Tue Oct 01 05:48:43 UTC 2019
19 ms. Memory: 48128K Free: 18623K (39%)
ptolemy.util.test.WatchDog.cancel(): canceling Tue Oct 01 05:48:43 UTC 2019
------------------ testing $PTII/ptolemy/domains/de/test/auto/Modal2.xml
auto.tcl: Setting watchdog for 200 seconds at Tue Oct 01 05:48:43 UTC 2019
23 ms. Memory: 48128K Free: 22137K (46%)
ptolemy.util.test.WatchDog.cancel(): canceling Tue Oct 01 05:48:43 UTC 2019
auto.tcl: Setting watchdog for 200 seconds at Tue Oct 01 05:48:43 UTC 2019
21 ms. Memory: 48128K Free: 18884K (39%)
ptolemy.util.test.WatchDog.cancel(): canceling Tue Oct 01 05:48:43 UTC 2019
------------------ testing $PTII/ptolemy/domains/de/test/auto/Modal3.xml
auto.tcl: Setting watchdog for 200 seconds at Tue Oct 01 05:48:43 UTC 2019
11 ms. Memory: 48128K Free: 21865K (45%)
ptolemy.util.test.WatchDog.cancel(): canceling Tue Oct 01 05:48:43 UTC 2019
auto.tcl: Setting watchdog for 200 seconds at Tue Oct 01 05:48:43 UTC 2019
13 ms. Memory: 48128K Free: 18543K (39%)
ptolemy.util.test.WatchDog.cancel(): canceling Tue Oct 01 05:48:43 UTC 2019
------------------ testing $PTII/ptolemy/domains/de/test/auto/Modal4.xml
auto.tcl: Setting watchdog for 200 seconds at Tue Oct 01 05:48:43 UTC 2019
14 ms. Memory: 48128K Free: 21079K (44%)
ptolemy.util.test.WatchDog.cancel(): canceling Tue Oct 01 05:48:43 UTC 2019
auto.tcl: Setting watchdog for 200 seconds at Tue Oct 01 05:48:43 UTC 2019
15 ms. Memory: 48128K Free: 17240K (36%)
ptolemy.util.test.WatchDog.cancel(): canceling Tue Oct 01 05:48:43 UTC 2019
------------------ testing $PTII/ptolemy/domains/de/test/auto/Modal5.xml
auto.tcl: Setting watchdog for 200 seconds at Tue Oct 01 05:48:43 UTC 2019
27 ms. Memory: 48128K Free: 21082K (44%)
ptolemy.util.test.WatchDog.cancel(): canceling Tue Oct 01 05:48:44 UTC 2019
auto.tcl: Setting watchdog for 200 seconds at Tue Oct 01 05:48:44 UTC 2019
16 ms. Memory: 48128K Free: 17227K (36%)
ptolemy.util.test.WatchDog.cancel(): canceling Tue Oct 01 05:48:44 UTC 2019
------------------ testing $PTII/ptolemy/domains/de/test/auto/Modal6.xml
auto.tcl: Setting watchdog for 200 seconds at Tue Oct 01 05:48:44 UTC 2019
12 ms. Memory: 48128K Free: 21876K (45%)
ptolemy.util.test.WatchDog.cancel(): canceling Tue Oct 01 05:48:44 UTC 2019
auto.tcl: Setting watchdog for 200 seconds at Tue Oct 01 05:48:44 UTC 2019
15 ms. Memory: 48128K Free: 17903K (37%)
ptolemy.util.test.WatchDog.cancel(): canceling Tue Oct 01 05:48:44 UTC 2019
------------------ testing $PTII/ptolemy/domains/de/test/auto/Modal7.xml
auto.tcl: Setting watchdog for 200 seconds at Tue Oct 01 05:48:44 UTC 2019
10 ms. Memory: 48128K Free: 20848K (43%)
ptolemy.util.test.WatchDog.cancel(): canceling Tue Oct 01 05:48:44 UTC 2019
auto.tcl: Setting watchdog for 200 seconds at Tue Oct 01 05:48:44 UTC 2019
11 ms. Memory: 48128K Free: 17570K (37%)
ptolemy.util.test.WatchDog.cancel(): canceling Tue Oct 01 05:48:44 UTC 2019
------------------ testing $PTII/ptolemy/domains/de/test/auto/ModalModel.xml
auto.tcl: Setting watchdog for 200 seconds at Tue Oct 01 05:48:44 UTC 2019
235 ms. Memory: 64512K Free: 46225K (72%)
ptolemy.util.test.WatchDog.cancel(): canceling Tue Oct 01 05:48:44 UTC 2019
auto.tcl: Setting watchdog for 200 seconds at Tue Oct 01 05:48:44 UTC 2019
226 ms. Memory: 64512K Free: 45060K (70%)
ptolemy.util.test.WatchDog.cancel(): canceling Tue Oct 01 05:48:44 UTC 2019
------------------ testing $PTII/ptolemy/domains/de/test/auto/ModalSource.xml
auto.tcl: Setting watchdog for 200 seconds at Tue Oct 01 05:48:44 UTC 2019
6 ms. Memory: 48128K Free: 25934K (54%)
ptolemy.util.test.WatchDog.cancel(): canceling Tue Oct 01 05:48:44 UTC 2019
auto.tcl: Setting watchdog for 200 seconds at Tue Oct 01 05:48:44 UTC 2019
5 ms. Memory: 48128K Free: 23852K (50%)
ptolemy.util.test.WatchDog.cancel(): canceling Tue Oct 01 05:48:44 UTC 2019
------------------ testing $PTII/ptolemy/domains/de/test/auto/NonInterruptibleTimerZeroDelay.xml
auto.tcl: Setting watchdog for 200 seconds at Tue Oct 01 05:48:44 UTC 2019
4 ms. Memory: 48128K Free: 30906K (64%)
ptolemy.util.test.WatchDog.cancel(): canceling Tue Oct 01 05:48:45 UTC 2019
auto.tcl: Setting watchdog for 200 seconds at Tue Oct 01 05:48:45 UTC 2019
3 ms. Memory: 48128K Free: 30190K (63%)
ptolemy.util.test.WatchDog.cancel(): canceling Tue Oct 01 05:48:45 UTC 2019
------------------ testing $PTII/ptolemy/domains/de/test/auto/OpenQueueingNetwork.xml
auto.tcl: Setting watchdog for 200 seconds at Tue Oct 01 05:48:45 UTC 2019
3226 ms. Memory: 109568K Free: 36700K (33%)
ptolemy.util.test.WatchDog.cancel(): canceling Tue Oct 01 05:48:48 UTC 2019
auto.tcl: Setting watchdog for 200 seconds at Tue Oct 01 05:48:48 UTC 2019
2782 ms. Memory: 162816K Free: 137860K (85%)
ptolemy.util.test.WatchDog.cancel(): canceling Tue Oct 01 05:48:51 UTC 2019
------------------ testing $PTII/ptolemy/domains/de/test/auto/OpenQueuingNetwork.xml
auto.tcl: Setting watchdog for 200 seconds at Tue Oct 01 05:48:51 UTC 2019
263 ms. Memory: 55296K Free: 25979K (47%)
ptolemy.util.test.WatchDog.cancel(): canceling Tue Oct 01 05:48:51 UTC 2019
auto.tcl: Setting watchdog for 200 seconds at Tue Oct 01 05:48:51 UTC 2019
244 ms. Memory: 55296K Free: 35057K (63%)
ptolemy.util.test.WatchDog.cancel(): canceling Tue Oct 01 05:48:51 UTC 2019
------------------ testing $PTII/ptolemy/domains/de/test/auto/PeriodicSampler.xml
auto.tcl: Setting watchdog for 200 seconds at Tue Oct 01 05:48:51 UTC 2019
3 ms. Memory: 48128K Free: 30034K (62%)
ptolemy.util.test.WatchDog.cancel(): canceling Tue Oct 01 05:48:51 UTC 2019
auto.tcl: Setting watchdog for 200 seconds at Tue Oct 01 05:48:51 UTC 2019
2 ms. Memory: 48128K Free: 29546K (61%)
ptolemy.util.test.WatchDog.cancel(): canceling Tue Oct 01 05:48:51 UTC 2019
------------------ testing $PTII/ptolemy/domains/de/test/auto/PersistentIO.xml
auto.tcl: Setting watchdog for 200 seconds at Tue Oct 01 05:48:52 UTC 2019
7 ms. Memory: 48128K Free: 24959K (52%)
ptolemy.util.test.WatchDog.cancel(): canceling Tue Oct 01 05:48:52 UTC 2019
auto.tcl: Setting watchdog for 200 seconds at Tue Oct 01 05:48:52 UTC 2019
6 ms. Memory: 48128K Free: 23537K (49%)
ptolemy.util.test.WatchDog.cancel(): canceling Tue Oct 01 05:48:52 UTC 2019
------------------ testing $PTII/ptolemy/domains/de/test/auto/PortParameterResetOnInitialize.xml
auto.tcl: Setting watchdog for 200 seconds at Tue Oct 01 05:48:52 UTC 2019
9 ms. Memory: 48128K Free: 29943K (62%)
ptolemy.util.test.WatchDog.cancel(): canceling Tue Oct 01 05:48:52 UTC 2019
auto.tcl: Setting watchdog for 200 seconds at Tue Oct 01 05:48:52 UTC 2019
3 ms. Memory: 48128K Free: 29472K (61%)
ptolemy.util.test.WatchDog.cancel(): canceling Tue Oct 01 05:48:52 UTC 2019
------------------ testing $PTII/ptolemy/domains/de/test/auto/PortParameterUpdates.xml
auto.tcl: Setting watchdog for 200 seconds at Tue Oct 01 05:48:52 UTC 2019
3 ms. Memory: 48128K Free: 28256K (59%)
ptolemy.util.test.WatchDog.cancel(): canceling Tue Oct 01 05:48:52 UTC 2019
auto.tcl: Setting watchdog for 200 seconds at Tue Oct 01 05:48:52 UTC 2019
4 ms. Memory: 48128K Free: 27052K (56%)
ptolemy.util.test.WatchDog.cancel(): canceling Tue Oct 01 05:48:52 UTC 2019
------------------ testing $PTII/ptolemy/domains/de/test/auto/QueueAndServer.xml
auto.tcl: Setting watchdog for 200 seconds at Tue Oct 01 05:48:52 UTC 2019
7 ms. Memory: 48128K Free: 26961K (56%)
ptolemy.util.test.WatchDog.cancel(): canceling Tue Oct 01 05:48:52 UTC 2019
auto.tcl: Setting watchdog for 200 seconds at Tue Oct 01 05:48:52 UTC 2019
7 ms. Memory: 48128K Free: 25529K (53%)
ptolemy.util.test.WatchDog.cancel(): canceling Tue Oct 01 05:48:52 UTC 2019
------------------ testing $PTII/ptolemy/domains/de/test/auto/Records.xml
auto.tcl: Setting watchdog for 200 seconds at Tue Oct 01 05:48:52 UTC 2019
3 ms. Memory: 48128K Free: 29486K (61%)
ptolemy.util.test.WatchDog.cancel(): canceling Tue Oct 01 05:48:52 UTC 2019
auto.tcl: Setting watchdog for 200 seconds at Tue Oct 01 05:48:52 UTC 2019
3 ms. Memory: 48128K Free: 28997K (60%)
ptolemy.util.test.WatchDog.cancel(): canceling Tue Oct 01 05:48:52 UTC 2019
------------------ testing $PTII/ptolemy/domains/de/test/auto/ResetTransitionWithStartTime1.xml
auto.tcl: Setting watchdog for 200 seconds at Tue Oct 01 05:48:52 UTC 2019
8 ms. Memory: 48128K Free: 26440K (55%)
ptolemy.util.test.WatchDog.cancel(): canceling Tue Oct 01 05:48:52 UTC 2019
auto.tcl: Setting watchdog for 200 seconds at Tue Oct 01 05:48:52 UTC 2019
7 ms. Memory: 48128K Free: 24392K (51%)
ptolemy.util.test.WatchDog.cancel(): canceling Tue Oct 01 05:48:52 UTC 2019
------------------ testing $PTII/ptolemy/domains/de/test/auto/ResetTransitionWithStartTime2.xml
auto.tcl: Setting watchdog for 200 seconds at Tue Oct 01 05:48:52 UTC 2019
9 ms. Memory: 48128K Free: 26395K (55%)
ptolemy.util.test.WatchDog.cancel(): canceling Tue Oct 01 05:48:52 UTC 2019
auto.tcl: Setting watchdog for 200 seconds at Tue Oct 01 05:48:52 UTC 2019
9 ms. Memory: 48128K Free: 24331K (51%)
ptolemy.util.test.WatchDog.cancel(): canceling Tue Oct 01 05:48:52 UTC 2019
------------------ testing $PTII/ptolemy/domains/de/test/auto/ResetTransitionWithStartTime3.xml
auto.tcl: Setting watchdog for 200 seconds at Tue Oct 01 05:48:52 UTC 2019
19 ms. Memory: 48128K Free: 26394K (55%)
ptolemy.util.test.WatchDog.cancel(): canceling Tue Oct 01 05:48:52 UTC 2019
auto.tcl: Setting watchdog for 200 seconds at Tue Oct 01 05:48:52 UTC 2019
7 ms. Memory: 48128K Free: 24346K (51%)
ptolemy.util.test.WatchDog.cancel(): canceling Tue Oct 01 05:48:52 UTC 2019
------------------ testing $PTII/ptolemy/domains/de/test/auto/ResetTransitionWithStartTime4.xml
auto.tcl: Setting watchdog for 200 seconds at Tue Oct 01 05:48:52 UTC 2019
11 ms. Memory: 48128K Free: 26873K (56%)
ptolemy.util.test.WatchDog.cancel(): canceling Tue Oct 01 05:48:52 UTC 2019
auto.tcl: Setting watchdog for 200 seconds at Tue Oct 01 05:48:52 UTC 2019
5 ms. Memory: 48128K Free: 25465K (53%)
ptolemy.util.test.WatchDog.cancel(): canceling Tue Oct 01 05:48:52 UTC 2019
------------------ testing $PTII/ptolemy/domains/de/test/auto/ResettableTimer1.xml
auto.tcl: Setting watchdog for 200 seconds at Tue Oct 01 05:48:52 UTC 2019
3 ms. Memory: 48128K Free: 30621K (64%)
ptolemy.util.test.WatchDog.cancel(): canceling Tue Oct 01 05:48:52 UTC 2019
auto.tcl: Setting watchdog for 200 seconds at Tue Oct 01 05:48:52 UTC 2019
3 ms. Memory: 48128K Free: 29990K (62%)
ptolemy.util.test.WatchDog.cancel(): canceling Tue Oct 01 05:48:52 UTC 2019
------------------ testing $PTII/ptolemy/domains/de/test/auto/ResettableTimer2.xml
auto.tcl: Setting watchdog for 200 seconds at Tue Oct 01 05:48:52 UTC 2019
4 ms. Memory: 48128K Free: 30527K (63%)
ptolemy.util.test.WatchDog.cancel(): canceling Tue Oct 01 05:48:52 UTC 2019
auto.tcl: Setting watchdog for 200 seconds at Tue Oct 01 05:48:52 UTC 2019
1 ms. Memory: 48128K Free: 29585K (61%)
ptolemy.util.test.WatchDog.cancel(): canceling Tue Oct 01 05:48:52 UTC 2019
------------------ testing $PTII/ptolemy/domains/de/test/auto/ResettableTimer3.xml
auto.tcl: Setting watchdog for 200 seconds at Tue Oct 01 05:48:52 UTC 2019
1 ms. Memory: 48128K Free: 30550K (63%)
ptolemy.util.test.WatchDog.cancel(): canceling Tue Oct 01 05:48:52 UTC 2019
auto.tcl: Setting watchdog for 200 seconds at Tue Oct 01 05:48:52 UTC 2019
1 ms. Memory: 48128K Free: 30526K (63%)
ptolemy.util.test.WatchDog.cancel(): canceling Tue Oct 01 05:48:52 UTC 2019
------------------ testing $PTII/ptolemy/domains/de/test/auto/ResettableTimer4.xml
auto.tcl: Setting watchdog for 200 seconds at Tue Oct 01 05:48:53 UTC 2019
2 ms. Memory: 48128K Free: 30594K (64%)
ptolemy.util.test.WatchDog.cancel(): canceling Tue Oct 01 05:48:53 UTC 2019
auto.tcl: Setting watchdog for 200 seconds at Tue Oct 01 05:48:53 UTC 2019
2 ms. Memory: 48128K Free: 30082K (63%)
ptolemy.util.test.WatchDog.cancel(): canceling Tue Oct 01 05:48:53 UTC 2019
------------------ testing $PTII/ptolemy/domains/de/test/auto/ResettableTimer5.xml
auto.tcl: Setting watchdog for 200 seconds at Tue Oct 01 05:48:53 UTC 2019
2 ms. Memory: 48128K Free: 30017K (62%)
ptolemy.util.test.WatchDog.cancel(): canceling Tue Oct 01 05:48:53 UTC 2019
auto.tcl: Setting watchdog for 200 seconds at Tue Oct 01 05:48:53 UTC 2019
2 ms. Memory: 48128K Free: 29545K (61%)
ptolemy.util.test.WatchDog.cancel(): canceling Tue Oct 01 05:48:53 UTC 2019
------------------ testing $PTII/ptolemy/domains/de/test/auto/ResettableTimer6.xml
auto.tcl: Setting watchdog for 200 seconds at Tue Oct 01 05:48:53 UTC 2019
2 ms. Memory: 48128K Free: 30014K (62%)
ptolemy.util.test.WatchDog.cancel(): canceling Tue Oct 01 05:48:53 UTC 2019
auto.tcl: Setting watchdog for 200 seconds at Tue Oct 01 05:48:53 UTC 2019
1 ms. Memory: 48128K Free: 29510K (61%)
ptolemy.util.test.WatchDog.cancel(): canceling Tue Oct 01 05:48:53 UTC 2019
------------------ testing $PTII/ptolemy/domains/de/test/auto/ServerZeroDelay.xml
auto.tcl: Setting watchdog for 200 seconds at Tue Oct 01 05:48:53 UTC 2019
3 ms. Memory: 48128K Free: 30519K (63%)
ptolemy.util.test.WatchDog.cancel(): canceling Tue Oct 01 05:48:53 UTC 2019
auto.tcl: Setting watchdog for 200 seconds at Tue Oct 01 05:48:53 UTC 2019
2 ms. Memory: 48128K Free: 29577K (61%)
ptolemy.util.test.WatchDog.cancel(): canceling Tue Oct 01 05:48:53 UTC 2019
------------------ testing $PTII/ptolemy/domains/de/test/auto/SmartSender.xml
auto.tcl: Setting watchdog for 200 seconds at Tue Oct 01 05:48:53 UTC 2019
3002 ms. Memory: 48128K Free: 30537K (63%)
ptolemy.util.test.WatchDog.cancel(): canceling Tue Oct 01 05:48:56 UTC 2019
auto.tcl: Setting watchdog for 200 seconds at Tue Oct 01 05:48:56 UTC 2019
3001 ms. Memory: 48128K Free: 30039K (62%)
ptolemy.util.test.WatchDog.cancel(): canceling Tue Oct 01 05:48:59 UTC 2019
------------------ testing $PTII/ptolemy/domains/de/test/auto/ThreadedComposite.xml
auto.tcl: Setting watchdog for 200 seconds at Tue Oct 01 05:48:59 UTC 2019
440 ms. Memory: 58368K Free: 32171K (55%)
ptolemy.util.test.WatchDog.cancel(): canceling Tue Oct 01 05:48:59 UTC 2019
auto.tcl: Setting watchdog for 200 seconds at Tue Oct 01 05:48:59 UTC 2019
147 ms. Memory: 58368K Free: 17835K (31%)
ptolemy.util.test.WatchDog.cancel(): canceling Tue Oct 01 05:49:00 UTC 2019
------------------ testing $PTII/ptolemy/domains/de/test/auto/Time.xml
auto.tcl: Setting watchdog for 200 seconds at Tue Oct 01 05:49:00 UTC 2019
622 ms. Memory: 48128K Free: 30079K (62%)
ptolemy.util.test.WatchDog.cancel(): canceling Tue Oct 01 05:49:00 UTC 2019
auto.tcl: Setting watchdog for 200 seconds at Tue Oct 01 05:49:00 UTC 2019
532 ms. Memory: 48128K Free: 30746K (64%)
ptolemy.util.test.WatchDog.cancel(): canceling Tue Oct 01 05:49:01 UTC 2019
------------------ testing $PTII/ptolemy/domains/de/test/auto/TimeDelayZeroDelay.xml
auto.tcl: Setting watchdog for 200 seconds at Tue Oct 01 05:49:01 UTC 2019
3 ms. Memory: 48128K Free: 30938K (64%)
ptolemy.util.test.WatchDog.cancel(): canceling Tue Oct 01 05:49:01 UTC 2019
auto.tcl: Setting watchdog for 200 seconds at Tue Oct 01 05:49:01 UTC 2019
3 ms. Memory: 48128K Free: 30442K (63%)
ptolemy.util.test.WatchDog.cancel(): canceling Tue Oct 01 05:49:01 UTC 2019
------------------ testing $PTII/ptolemy/domains/de/test/auto/TimerZeroDelay.xml
auto.tcl: Setting watchdog for 200 seconds at Tue Oct 01 05:49:01 UTC 2019
2 ms. Memory: 48128K Free: 30875K (64%)
ptolemy.util.test.WatchDog.cancel(): canceling Tue Oct 01 05:49:01 UTC 2019
auto.tcl: Setting watchdog for 200 seconds at Tue Oct 01 05:49:01 UTC 2019
2 ms. Memory: 48128K Free: 30091K (63%)
ptolemy.util.test.WatchDog.cancel(): canceling Tue Oct 01 05:49:01 UTC 2019
------------------ testing $PTII/ptolemy/domains/de/test/auto/TimingParadox.xml
auto.tcl: Setting watchdog for 200 seconds at Tue Oct 01 05:49:01 UTC 2019
410 ms. Memory: 48128K Free: 14174K (29%)
ptolemy.util.test.WatchDog.cancel(): canceling Tue Oct 01 05:49:01 UTC 2019
auto.tcl: Setting watchdog for 200 seconds at Tue Oct 01 05:49:01 UTC 2019
384 ms. Memory: 48128K Free: 25861K (54%)
ptolemy.util.test.WatchDog.cancel(): canceling Tue Oct 01 05:49:02 UTC 2019
------------------ testing $PTII/ptolemy/domains/de/test/auto/TransferInputs.xml
auto.tcl: Setting watchdog for 200 seconds at Tue Oct 01 05:49:02 UTC 2019
2 ms. Memory: 48128K Free: 28967K (60%)
ptolemy.util.test.WatchDog.cancel(): canceling Tue Oct 01 05:49:02 UTC 2019
auto.tcl: Setting watchdog for 200 seconds at Tue Oct 01 05:49:02 UTC 2019
2 ms. Memory: 48128K Free: 28095K (58%)
ptolemy.util.test.WatchDog.cancel(): canceling Tue Oct 01 05:49:02 UTC 2019
------------------ testing $PTII/ptolemy/domains/de/test/auto/TransferOutputs2.xml
auto.tcl: Setting watchdog for 200 seconds at Tue Oct 01 05:49:02 UTC 2019
4 ms. Memory: 48128K Free: 26395K (55%)
ptolemy.util.test.WatchDog.cancel(): canceling Tue Oct 01 05:49:02 UTC 2019
auto.tcl: Setting watchdog for 200 seconds at Tue Oct 01 05:49:02 UTC 2019
4 ms. Memory: 48128K Free: 25018K (52%)
ptolemy.util.test.WatchDog.cancel(): canceling Tue Oct 01 05:49:02 UTC 2019
------------------ testing $PTII/ptolemy/domains/de/test/auto/Trilateration.xml
auto.tcl: Setting watchdog for 200 seconds at Tue Oct 01 05:49:02 UTC 2019
14117 ms. Memory: 516096K Free: 386222K (75%)
ptolemy.util.test.WatchDog.cancel(): canceling Tue Oct 01 05:49:18 UTC 2019
auto.tcl: Setting watchdog for 200 seconds at Tue Oct 01 05:49:18 UTC 2019
11654 ms. Memory: 516096K Free: 488292K (95%)
ptolemy.util.test.WatchDog.cancel(): canceling Tue Oct 01 05:49:29 UTC 2019
------------------ testing $PTII/ptolemy/domains/de/test/auto/TwoSigmaDelta.xml
auto.tcl: Setting watchdog for 200 seconds at Tue Oct 01 05:49:29 UTC 2019
2725 ms. Memory: 86016K Free: 18933K (22%)
ptolemy.util.test.WatchDog.cancel(): canceling Tue Oct 01 05:49:32 UTC 2019
auto.tcl: Setting watchdog for 200 seconds at Tue Oct 01 05:49:32 UTC 2019
2222 ms. Memory: 86016K Free: 56800K (66%)
ptolemy.util.test.WatchDog.cancel(): canceling Tue Oct 01 05:49:34 UTC 2019
------------------ testing $PTII/ptolemy/domains/de/test/auto/VariableDelay.xml
auto.tcl: Setting watchdog for 200 seconds at Tue Oct 01 05:49:34 UTC 2019
3 ms. Memory: 51200K Free: 32520K (64%)
ptolemy.util.test.WatchDog.cancel(): canceling Tue Oct 01 05:49:34 UTC 2019
auto.tcl: Setting watchdog for 200 seconds at Tue Oct 01 05:49:34 UTC 2019
2 ms. Memory: 51200K Free: 31504K (62%)
ptolemy.util.test.WatchDog.cancel(): canceling Tue Oct 01 05:49:34 UTC 2019
------------------ testing $PTII/ptolemy/domains/de/test/auto/VariableDelay2.xml
auto.tcl: Setting watchdog for 200 seconds at Tue Oct 01 05:49:35 UTC 2019
9 ms. Memory: 51200K Free: 33446K (65%)
ptolemy.util.test.WatchDog.cancel(): canceling Tue Oct 01 05:49:35 UTC 2019
auto.tcl: Setting watchdog for 200 seconds at Tue Oct 01 05:49:35 UTC 2019
3 ms. Memory: 51200K Free: 32422K (63%)
ptolemy.util.test.WatchDog.cancel(): canceling Tue Oct 01 05:49:35 UTC 2019
------------------ testing $PTII/ptolemy/domains/de/test/auto/VariableDelayZeroDelay.xml
auto.tcl: Setting watchdog for 200 seconds at Tue Oct 01 05:49:35 UTC 2019
3 ms. Memory: 51200K Free: 33446K (65%)
ptolemy.util.test.WatchDog.cancel(): canceling Tue Oct 01 05:49:35 UTC 2019
auto.tcl: Setting watchdog for 200 seconds at Tue Oct 01 05:49:35 UTC 2019
3 ms. Memory: 51200K Free: 32932K (64%)
ptolemy.util.test.WatchDog.cancel(): canceling Tue Oct 01 05:49:35 UTC 2019
------------------ testing $PTII/ptolemy/domains/de/test/auto/VariableDelayZeroDelay2.xml
auto.tcl: Setting watchdog for 200 seconds at Tue Oct 01 05:49:35 UTC 2019
3 ms. Memory: 48128K Free: 30493K (63%)
ptolemy.util.test.WatchDog.cancel(): canceling Tue Oct 01 05:49:35 UTC 2019
auto.tcl: Setting watchdog for 200 seconds at Tue Oct 01 05:49:35 UTC 2019
3 ms. Memory: 48128K Free: 29361K (61%)
ptolemy.util.test.WatchDog.cancel(): canceling Tue Oct 01 05:49:35 UTC 2019
------------------ testing $PTII/ptolemy/domains/de/test/auto/deInCt.xml
auto.tcl: Setting watchdog for 200 seconds at Tue Oct 01 05:49:35 UTC 2019
0
1
1
1
0
0
0
0
1
1
1
0
0
0
0
1
1
1
1
1
1
0
0
0
0
1
1
1
0
0
0
1
1
1
0
0
0
1
1
1
1
9 ms. Memory: 48128K Free: 29357K (61%)
ptolemy.util.test.WatchDog.cancel(): canceling Tue Oct 01 05:49:35 UTC 2019
auto.tcl: Setting watchdog for 200 seconds at Tue Oct 01 05:49:35 UTC 2019
0
1
1
1
1
0
0
0
1
1
1
0
0
1
1
1
0
0
0
0
0
1
1
1
0
0
0
0
1
1
0
0
0
1
1
1
1
0
0
0
0
11 ms. Memory: 48128K Free: 27853K (58%)
ptolemy.util.test.WatchDog.cancel(): canceling Tue Oct 01 05:49:35 UTC 2019
------------------ testing $PTII/ptolemy/domains/de/test/auto/deInCt2.xml
auto.tcl: Setting watchdog for 200 seconds at Tue Oct 01 05:49:35 UTC 2019
0
1
1
1
0
0
1
1
1
0
0
1
1
1
0
0
1
1
1
0
0
1
1
1
0
0
1
1
1
0
0
1
1
1
0
0
1
1
1
0
0
0
9 ms. Memory: 48128K Free: 29445K (61%)
ptolemy.util.test.WatchDog.cancel(): canceling Tue Oct 01 05:49:35 UTC 2019
auto.tcl: Setting watchdog for 200 seconds at Tue Oct 01 05:49:35 UTC 2019
0
1
1
1
0
0
1
1
1
0
0
1
1
1
0
0
1
1
1
0
0
1
1
1
0
0
1
1
1
0
0
1
1
1
0
0
1
1
1
0
0
0
6 ms. Memory: 48128K Free: 27855K (58%)
ptolemy.util.test.WatchDog.cancel(): canceling Tue Oct 01 05:49:35 UTC 2019
------------------ testing $PTII/ptolemy/domains/de/test/auto/dynamicCausalityInterface1.xml
auto.tcl: Setting watchdog for 200 seconds at Tue Oct 01 05:49:35 UTC 2019
2 ms. Memory: 48128K Free: 25247K (52%)
ptolemy.util.test.WatchDog.cancel(): canceling Tue Oct 01 05:49:35 UTC 2019
auto.tcl: Setting watchdog for 200 seconds at Tue Oct 01 05:49:35 UTC 2019
1 ms. Memory: 48128K Free: 24760K (51%)
ptolemy.util.test.WatchDog.cancel(): canceling Tue Oct 01 05:49:35 UTC 2019
------------------ testing $PTII/ptolemy/domains/de/test/auto/fsm_de_test.xml
auto.tcl: Setting watchdog for 200 seconds at Tue Oct 01 05:49:35 UTC 2019
15 ms. Memory: 48128K Free: 25145K (52%)
ptolemy.util.test.WatchDog.cancel(): canceling Tue Oct 01 05:49:35 UTC 2019
auto.tcl: Setting watchdog for 200 seconds at Tue Oct 01 05:49:35 UTC 2019
9 ms. Memory: 48128K Free: 23139K (48%)
ptolemy.util.test.WatchDog.cancel(): canceling Tue Oct 01 05:49:35 UTC 2019
------------------ testing $PTII/ptolemy/domains/de/test/auto/functionDependencyReconstruction.xml
auto.tcl: Setting watchdog for 200 seconds at Tue Oct 01 05:49:35 UTC 2019
9 ms. Memory: 48128K Free: 19166K (40%)
ptolemy.util.test.WatchDog.cancel(): canceling Tue Oct 01 05:49:35 UTC 2019
auto.tcl: Setting watchdog for 200 seconds at Tue Oct 01 05:49:35 UTC 2019
4 ms. Memory: 48128K Free: 17010K (35%)
ptolemy.util.test.WatchDog.cancel(): canceling Tue Oct 01 05:49:35 UTC 2019
------------------ testing $PTII/ptolemy/domains/de/test/auto/multirate.xml
auto.tcl: Setting watchdog for 200 seconds at Tue Oct 01 05:49:35 UTC 2019
5 ms. Memory: 48128K Free: 27806K (58%)
ptolemy.util.test.WatchDog.cancel(): canceling Tue Oct 01 05:49:35 UTC 2019
auto.tcl: Setting watchdog for 200 seconds at Tue Oct 01 05:49:35 UTC 2019
4 ms. Memory: 48128K Free: 26107K (54%)
ptolemy.util.test.WatchDog.cancel(): canceling Tue Oct 01 05:49:35 UTC 2019
------------------ testing $PTII/ptolemy/domains/de/test/auto/multirate2.xml
auto.tcl: Setting watchdog for 200 seconds at Tue Oct 01 05:49:35 UTC 2019
8 ms. Memory: 48128K Free: 28012K (58%)
ptolemy.util.test.WatchDog.cancel(): canceling Tue Oct 01 05:49:35 UTC 2019
auto.tcl: Setting watchdog for 200 seconds at Tue Oct 01 05:49:35 UTC 2019
4 ms. Memory: 48128K Free: 26783K (56%)
ptolemy.util.test.WatchDog.cancel(): canceling Tue Oct 01 05:49:35 UTC 2019
------------------ testing $PTII/ptolemy/domains/de/test/auto/realtime.xml
auto.tcl: Setting watchdog for 200 seconds at Tue Oct 01 05:49:35 UTC 2019
10002 ms. Memory: 48128K Free: 30050K (62%)
ptolemy.util.test.WatchDog.cancel(): canceling Tue Oct 01 05:49:45 UTC 2019
auto.tcl: Setting watchdog for 200 seconds at Tue Oct 01 05:49:45 UTC 2019
10001 ms. Memory: 48128K Free: 29324K (61%)
ptolemy.util.test.WatchDog.cancel(): canceling Tue Oct 01 05:49:55 UTC 2019
------------------ testing $PTII/ptolemy/domains/de/test/auto/relationGroup.xml
auto.tcl: Setting watchdog for 200 seconds at Tue Oct 01 05:49:55 UTC 2019
2 ms. Memory: 48128K Free: 31122K (65%)
ptolemy.util.test.WatchDog.cancel(): canceling Tue Oct 01 05:49:56 UTC 2019
auto.tcl: Setting watchdog for 200 seconds at Tue Oct 01 05:49:56 UTC 2019
1 ms. Memory: 48128K Free: 30374K (63%)
ptolemy.util.test.WatchDog.cancel(): canceling Tue Oct 01 05:49:56 UTC 2019
------------------ testing $PTII/ptolemy/domains/de/test/auto/relationGroup2.xml
auto.tcl: Setting watchdog for 200 seconds at Tue Oct 01 05:49:56 UTC 2019
2 ms. Memory: 48128K Free: 31118K (65%)
ptolemy.util.test.WatchDog.cancel(): canceling Tue Oct 01 05:49:56 UTC 2019
auto.tcl: Setting watchdog for 200 seconds at Tue Oct 01 05:49:56 UTC 2019
2 ms. Memory: 48128K Free: 30400K (63%)
ptolemy.util.test.WatchDog.cancel(): canceling Tue Oct 01 05:49:56 UTC 2019
------------------ testing $PTII/ptolemy/domains/de/test/auto/sortWithOpaquePorts.xml
auto.tcl: Setting watchdog for 200 seconds at Tue Oct 01 05:49:56 UTC 2019
2 ms. Memory: 48128K Free: 29836K (62%)
ptolemy.util.test.WatchDog.cancel(): canceling Tue Oct 01 05:49:56 UTC 2019
auto.tcl: Setting watchdog for 200 seconds at Tue Oct 01 05:49:56 UTC 2019
3 ms. Memory: 48128K Free: 28890K (60%)
ptolemy.util.test.WatchDog.cancel(): canceling Tue Oct 01 05:49:56 UTC 2019
------------------ testing $PTII/ptolemy/domains/de/test/auto/transferInputsandOutputs.xml
auto.tcl: Setting watchdog for 200 seconds at Tue Oct 01 05:49:56 UTC 2019
3 ms. Memory: 48128K Free: 27316K (57%)
ptolemy.util.test.WatchDog.cancel(): canceling Tue Oct 01 05:49:56 UTC 2019
auto.tcl: Setting watchdog for 200 seconds at Tue Oct 01 05:49:56 UTC 2019
3 ms. Memory: 48128K Free: 26350K (55%)
ptolemy.util.test.WatchDog.cancel(): canceling Tue Oct 01 05:49:56 UTC 2019
------------------ testing $PTII/ptolemy/domains/de/test/auto/triggerType.xml
auto.tcl: Setting watchdog for 200 seconds at Tue Oct 01 05:49:56 UTC 2019
2 ms. Memory: 48128K Free: 30341K (63%)
ptolemy.util.test.WatchDog.cancel(): canceling Tue Oct 01 05:49:56 UTC 2019
auto.tcl: Setting watchdog for 200 seconds at Tue Oct 01 05:49:56 UTC 2019
3 ms. Memory: 48128K Free: 29340K (61%)
ptolemy.util.test.WatchDog.cancel(): canceling Tue Oct 01 05:49:56 UTC 2019
10/01/19 05:49:56
Failed: 0  Total Tests: 192  ((Passed: 187, Newly Passed: 1)  Known Failed: 5) /home/travis/build/icyphy/ptII/ptolemy/domains/de/test
10/01/19 05:49:56
Failed: 0  Total Tests: 192  ((Passed: 187, Newly Passed: 1)  Known Failed: 5) /home/travis/build/icyphy/ptII/ptolemy/domains/de/test
----------------- testing (KnownFailure) /home/travis/build/icyphy/ptII/ptolemy/domains/de/test/auto/knownFailedTests/DESDFClockTest.xml
2014 ms. Memory: 48128K Free: 23226K (48%)
Known Failure: java.lang.reflect.InvocationTargetException
----------------- testing (KnownFailure) /home/travis/build/icyphy/ptII/ptolemy/domains/de/test/auto/knownFailedTests/DirectFeedback.xml
2 ms. Memory: 48128K Free: 19640K (41%)
Known Failure: java.lang.reflect.InvocationTargetException
----------------- testing (KnownFailure) /home/travis/build/icyphy/ptII/ptolemy/domains/de/test/auto/knownFailedTests/FSMSource.xml
21 ms. Memory: 48128K Free: 11962K (25%)
----------------- testing (KnownFailure) /home/travis/build/icyphy/ptII/ptolemy/domains/de/test/auto/knownFailedTests/HierarchicalModel.xml
5 ms. Memory: 48128K Free: 23062K (48%)
Known Failure: java.lang.reflect.InvocationTargetException
----------------- testing (KnownFailure) /home/travis/build/icyphy/ptII/ptolemy/domains/de/test/auto/knownFailedTests/dependencyLoop.xml
3 ms. Memory: 48128K Free: 7732K (16%)
Known Failure: java.lang.reflect.InvocationTargetException
----------------- testing (KnownFailure) /home/travis/build/icyphy/ptII/ptolemy/domains/de/test/auto/knownFailedTests/dependencyLoop2.xml
11 ms. Memory: 48128K Free: 20229K (42%)
Known Failure: java.lang.reflect.InvocationTargetException
No auto/linux-amd64/*.xml tests in /home/travis/build/icyphy/ptII/ptolemy/domains/de/test
AutoTests.java: About to close Vertx.
AutoTests.java: Vertx closed.

===========================================================================================
----------------- testing Tue Oct 01 05:49:58 UTC 2019 /home/travis/build/icyphy/ptII/ptolemy/domains/de/test/auto/ActorDepthCalculation_actorWithoutPorts.xml
----------------- Instantiating /home/travis/build/icyphy/ptII/ptolemy/domains/de/test/auto/ActorDepthCalculation_actorWithoutPorts.xml
3 ms. Memory: 48128K Free: 13665K (28%)
----------------- Invoking toplevel() on ptolemy.moml.MoMLSimpleApplication@6d793765
----------------- Done invoking toplevel() on ptolemy.moml.MoMLSimpleApplication@6d793765
reloadAllAccessors: .ActorDepthCalculation_actorWithoutPorts

===========================================================================================
----------------- testing Tue Oct 01 05:49:58 UTC 2019 /home/travis/build/icyphy/ptII/ptolemy/domains/de/test/auto/AssemblyLine.xml
----------------- Instantiating /home/travis/build/icyphy/ptII/ptolemy/domains/de/test/auto/AssemblyLine.xml
3 ms. Memory: 48128K Free: 32844K (68%)
----------------- Invoking toplevel() on ptolemy.moml.MoMLSimpleApplication@1c922a14
----------------- Done invoking toplevel() on ptolemy.moml.MoMLSimpleApplication@1c922a14
reloadAllAccessors: .AssemblyLine

===========================================================================================
----------------- testing Tue Oct 01 05:49:58 UTC 2019 /home/travis/build/icyphy/ptII/ptolemy/domains/de/test/auto/CQBug1.xml
----------------- Instantiating /home/travis/build/icyphy/ptII/ptolemy/domains/de/test/auto/CQBug1.xml
2 ms. Memory: 48128K Free: 30040K (62%)
----------------- Invoking toplevel() on ptolemy.moml.MoMLSimpleApplication@6cb596de
----------------- Done invoking toplevel() on ptolemy.moml.MoMLSimpleApplication@6cb596de
reloadAllAccessors: .CQBug1

===========================================================================================
----------------- testing Tue Oct 01 05:49:58 UTC 2019 /home/travis/build/icyphy/ptII/ptolemy/domains/de/test/auto/CancelFireAt.xml
----------------- Instantiating /home/travis/build/icyphy/ptII/ptolemy/domains/de/test/auto/CancelFireAt.xml
3 ms. Memory: 48128K Free: 27441K (57%)
----------------- Invoking toplevel() on ptolemy.moml.MoMLSimpleApplication@208dc1ba
----------------- Done invoking toplevel() on ptolemy.moml.MoMLSimpleApplication@208dc1ba
reloadAllAccessors: .CancelFireAt

===========================================================================================
----------------- testing Tue Oct 01 05:49:58 UTC 2019 /home/travis/build/icyphy/ptII/ptolemy/domains/de/test/auto/CausalityAndComposabilityAnalysis.xml
----------------- Instantiating /home/travis/build/icyphy/ptII/ptolemy/domains/de/test/auto/CausalityAndComposabilityAnalysis.xml
2 ms. Memory: 48128K Free: 23307K (48%)
----------------- Invoking toplevel() on ptolemy.moml.MoMLSimpleApplication@4d86200b
----------------- Done invoking toplevel() on ptolemy.moml.MoMLSimpleApplication@4d86200b
reloadAllAccessors: .CausalityAndComposabilityAnalysis

===========================================================================================
----------------- testing Tue Oct 01 05:49:58 UTC 2019 /home/travis/build/icyphy/ptII/ptolemy/domains/de/test/auto/CausalityInterface1.xml
----------------- Instantiating /home/travis/build/icyphy/ptII/ptolemy/domains/de/test/auto/CausalityInterface1.xml
6 ms. Memory: 48128K Free: 17945K (37%)
----------------- Invoking toplevel() on ptolemy.moml.MoMLSimpleApplication@4f5d6aa4
----------------- Done invoking toplevel() on ptolemy.moml.MoMLSimpleApplication@4f5d6aa4
reloadAllAccessors: .CausalityInterface1

===========================================================================================
----------------- testing Tue Oct 01 05:49:58 UTC 2019 /home/travis/build/icyphy/ptII/ptolemy/domains/de/test/auto/CausalityInterface15.xml
----------------- Instantiating /home/travis/build/icyphy/ptII/ptolemy/domains/de/test/auto/CausalityInterface15.xml
2 ms. Memory: 48128K Free: 12799K (27%)
----------------- Invoking toplevel() on ptolemy.moml.MoMLSimpleApplication@49cca66f
----------------- Done invoking toplevel() on ptolemy.moml.MoMLSimpleApplication@49cca66f
reloadAllAccessors: .CausalityInterface15

===========================================================================================
----------------- testing Tue Oct 01 05:49:58 UTC 2019 /home/travis/build/icyphy/ptII/ptolemy/domains/de/test/auto/CausalityInterface2.xml
----------------- Instantiating /home/travis/build/icyphy/ptII/ptolemy/domains/de/test/auto/CausalityInterface2.xml
2 ms. Memory: 48128K Free: 8230K (17%)
[...]
	at ptolemy.actor.Manager.run(Manager.java:1263)
	at ptolemy.actor.Manager$PtolemyRunThread.run(Manager.java:1933)
java.lang.RuntimeException: Execution failed
	at ptolemy.moml.MoMLSimpleApplication$UnloadThread.run(MoMLSimpleApplication.java:402)
Caused by: ptolemy.kernel.util.IllegalActionException: Actor is not ready to fire.  Perhaps UpSample.prefire() returned false? Try debugging the actor by selecting "Listen to Actor".  Also, for SDF check moml for tokenConsumptionRate on input.
  in .DESDFClockTest.Play Bell.Copy1:SDF Director and .DESDFClockTest.Play Bell.UpSample
	at ptolemy.actor.sched.StaticSchedulingDirector.fire(StaticSchedulingDirector.java:227)
	at ptolemy.domains.sdf.kernel.SDFDirector.fire(SDFDirector.java:500)
	at ptolemy.actor.CompositeActor.fire(CompositeActor.java:455)
	at ptolemy.domains.de.kernel.DEDirector._fire(DEDirector.java:1949)
	at ptolemy.domains.de.kernel.DEDirector.fire(DEDirector.java:502)
	at ptolemy.actor.CompositeActor.fire(CompositeActor.java:455)
	at ptolemy.actor.Manager.iterate(Manager.java:851)
	at ptolemy.actor.Manager.execute(Manager.java:369)
	at ptolemy.actor.Manager.run(Manager.java:1263)
	at ptolemy.actor.Manager$PtolemyRunThread.run(Manager.java:1933)
java.lang.reflect.InvocationTargetException
	at java.base/jdk.internal.reflect.NativeConstructorAccessorImpl.newInstance0(Native Method)
	at java.base/jdk.internal.reflect.NativeConstructorAccessorImpl.newInstance(NativeConstructorAccessorImpl.java:62)
	at java.base/jdk.internal.reflect.DelegatingConstructorAccessorImpl.newInstance(DelegatingConstructorAccessorImpl.java:45)
	at java.base/java.lang.reflect.Constructor.newInstance(Constructor.java:490)
	at ptolemy.util.test.junit.AutoKnownFailedTests.RunModel(AutoKnownFailedTests.java:105)
	at java.base/jdk.internal.reflect.NativeMethodAccessorImpl.invoke0(Native Method)
	at java.base/jdk.internal.reflect.NativeMethodAccessorImpl.invoke(NativeMethodAccessorImpl.java:62)
	at java.base/jdk.internal.reflect.DelegatingMethodAccessorImpl.invoke(DelegatingMethodAccessorImpl.java:43)
	at java.base/java.lang.reflect.Method.invoke(Method.java:566)
	at org.junit.runners.model.FrameworkMethod$1.runReflectiveCall(FrameworkMethod.java:44)
	at org.junit.internal.runners.model.ReflectiveCallable.run(ReflectiveCallable.java:15)
	at org.junit.runners.model.FrameworkMethod.invokeExplosively(FrameworkMethod.java:41)
	at junitparams.internal.InvokeParameterisedMethod.evaluate(InvokeParameterisedMethod.java:102)
	at org.junit.internal.runners.statements.FailOnTimeout$1.run(FailOnTimeout.java:28)
Caused by: ptolemy.kernel.util.IllegalActionException: Actor is not ready to fire.  Perhaps UpSample.prefire() returned false? Try debugging the actor by selecting "Listen to Actor".  Also, for SDF check moml for tokenConsumptionRate on input.
  in .DESDFClockTest.Play Bell.Copy1:SDF Director and .DESDFClockTest.Play Bell.UpSample
	at ptolemy.actor.sched.StaticSchedulingDirector.fire(StaticSchedulingDirector.java:227)
	at ptolemy.domains.sdf.kernel.SDFDirector.fire(SDFDirector.java:500)
	at ptolemy.actor.CompositeActor.fire(CompositeActor.java:455)
	at ptolemy.domains.de.kernel.DEDirector._fire(DEDirector.java:1949)
	at ptolemy.domains.de.kernel.DEDirector.fire(DEDirector.java:502)
	at ptolemy.actor.CompositeActor.fire(CompositeActor.java:455)
	at ptolemy.actor.Manager.iterate(Manager.java:851)
	at ptolemy.actor.Manager.execute(Manager.java:369)
	at ptolemy.actor.Manager.run(Manager.java:1263)
	at ptolemy.actor.Manager$PtolemyRunThread.run(Manager.java:1933)
java.lang.RuntimeException: Execution failed
	at ptolemy.moml.MoMLSimpleApplication$UnloadThread.run(MoMLSimpleApplication.java:402)
Caused by: ptolemy.kernel.util.IllegalActionException: Test fails in iteration 1.
Value was: 1.0. Should have been: 2.0
  in .DirectFeedback.Test
	at ptolemy.actor.lib.Test.fire(Test.java:268)
	at ptolemy.domains.de.kernel.DEDirector._fire(DEDirector.java:1949)
	at ptolemy.domains.de.kernel.DEDirector.fire(DEDirector.java:502)
	at ptolemy.actor.CompositeActor.fire(CompositeActor.java:455)
	at ptolemy.actor.Manager.iterate(Manager.java:851)
	at ptolemy.actor.Manager.execute(Manager.java:369)
	at ptolemy.actor.Manager.run(Manager.java:1263)
	at ptolemy.actor.Manager$PtolemyRunThread.run(Manager.java:1933)
java.lang.reflect.InvocationTargetException
	at java.base/jdk.internal.reflect.NativeConstructorAccessorImpl.newInstance0(Native Method)
	at java.base/jdk.internal.reflect.NativeConstructorAccessorImpl.newInstance(NativeConstructorAccessorImpl.java:62)
	at java.base/jdk.internal.reflect.DelegatingConstructorAccessorImpl.newInstance(DelegatingConstructorAccessorImpl.java:45)
	at java.base/java.lang.reflect.Constructor.newInstance(Constructor.java:490)
	at ptolemy.util.test.junit.AutoKnownFailedTests.RunModel(AutoKnownFailedTests.java:105)
	at java.base/jdk.internal.reflect.NativeMethodAccessorImpl.invoke0(Native Method)
	at java.base/jdk.internal.reflect.NativeMethodAccessorImpl.invoke(NativeMethodAccessorImpl.java:62)
	at java.base/jdk.internal.reflect.DelegatingMethodAccessorImpl.invoke(DelegatingMethodAccessorImpl.java:43)
	at java.base/java.lang.reflect.Method.invoke(Method.java:566)
	at org.junit.runners.model.FrameworkMethod$1.runReflectiveCall(FrameworkMethod.java:44)
	at org.junit.internal.runners.model.ReflectiveCallable.run(ReflectiveCallable.java:15)
	at org.junit.runners.model.FrameworkMethod.invokeExplosively(FrameworkMethod.java:41)
	at junitparams.internal.InvokeParameterisedMethod.evaluate(InvokeParameterisedMethod.java:102)
	at org.junit.internal.runners.statements.FailOnTimeout$1.run(FailOnTimeout.java:28)
Caused by: ptolemy.kernel.util.IllegalActionException: Test fails in iteration 1.
Value was: 1.0. Should have been: 2.0
  in .DirectFeedback.Test
	at ptolemy.actor.lib.Test.fire(Test.java:268)
	at ptolemy.domains.de.kernel.DEDirector._fire(DEDirector.java:1949)
	at ptolemy.domains.de.kernel.DEDirector.fire(DEDirector.java:502)
	at ptolemy.actor.CompositeActor.fire(CompositeActor.java:455)
	at ptolemy.actor.Manager.iterate(Manager.java:851)
	at ptolemy.actor.Manager.execute(Manager.java:369)
	at ptolemy.actor.Manager.run(Manager.java:1263)
	at ptolemy.actor.Manager$PtolemyRunThread.run(Manager.java:1933)
java.lang.RuntimeException: Execution failed
	at ptolemy.moml.MoMLSimpleApplication$UnloadThread.run(MoMLSimpleApplication.java:402)
Caused by: ptolemy.kernel.util.IllegalActionException: Found a zero delay loop containing .HierarchicalModel.A
  in .HierarchicalModel and .HierarchicalModel.A
	at ptolemy.actor.util.CausalityInterfaceForComposites._computeOutputPortDepth(CausalityInterfaceForComposites.java:759)
	at ptolemy.actor.util.CausalityInterfaceForComposites._computeInputDepth(CausalityInterfaceForComposites.java:696)
	at ptolemy.actor.util.CausalityInterfaceForComposites._computeOutputPortDepth(CausalityInterfaceForComposites.java:765)
	at ptolemy.actor.util.CausalityInterfaceForComposites._computeInputDepth(CausalityInterfaceForComposites.java:696)
	at ptolemy.actor.util.CausalityInterfaceForComposites._computeOutputPortDepth(CausalityInterfaceForComposites.java:765)
	at ptolemy.actor.util.CausalityInterfaceForComposites._computeInputDepth(CausalityInterfaceForComposites.java:696)
	at ptolemy.actor.util.CausalityInterfaceForComposites._computeActorDepth(CausalityInterfaceForComposites.java:532)
	at ptolemy.actor.util.CausalityInterfaceForComposites.checkForCycles(CausalityInterfaceForComposites.java:96)
	at ptolemy.domains.de.kernel.DEDirector.preinitialize(DEDirector.java:1338)
	at ptolemy.actor.CompositeActor.preinitialize(CompositeActor.java:1828)
	at ptolemy.actor.Manager.preinitializeAndResolveTypes(Manager.java:1040)
	at ptolemy.actor.Manager.initialize(Manager.java:710)
	at ptolemy.actor.Manager.execute(Manager.java:356)
	at ptolemy.actor.Manager.run(Manager.java:1263)
	at ptolemy.actor.Manager$PtolemyRunThread.run(Manager.java:1933)
java.lang.reflect.InvocationTargetException
	at java.base/jdk.internal.reflect.NativeConstructorAccessorImpl.newInstance0(Native Method)
	at java.base/jdk.internal.reflect.NativeConstructorAccessorImpl.newInstance(NativeConstructorAccessorImpl.java:62)
	at java.base/jdk.internal.reflect.DelegatingConstructorAccessorImpl.newInstance(DelegatingConstructorAccessorImpl.java:45)
	at java.base/java.lang.reflect.Constructor.newInstance(Constructor.java:490)
	at ptolemy.util.test.junit.AutoKnownFailedTests.RunModel(AutoKnownFailedTests.java:105)
	at java.base/jdk.internal.reflect.NativeMethodAccessorImpl.invoke0(Native Method)
	at java.base/jdk.internal.reflect.NativeMethodAccessorImpl.invoke(NativeMethodAccessorImpl.java:62)
	at java.base/jdk.internal.reflect.DelegatingMethodAccessorImpl.invoke(DelegatingMethodAccessorImpl.java:43)
	at java.base/java.lang.reflect.Method.invoke(Method.java:566)
	at org.junit.runners.model.FrameworkMethod$1.runReflectiveCall(FrameworkMethod.java:44)
	at org.junit.internal.runners.model.ReflectiveCallable.run(ReflectiveCallable.java:15)
	at org.junit.runners.model.FrameworkMethod.invokeExplosively(FrameworkMethod.java:41)
	at junitparams.internal.InvokeParameterisedMethod.evaluate(InvokeParameterisedMethod.java:102)
	at org.junit.internal.runners.statements.FailOnTimeout$1.run(FailOnTimeout.java:28)
Caused by: ptolemy.kernel.util.IllegalActionException: Found a zero delay loop containing .HierarchicalModel.A
  in .HierarchicalModel and .HierarchicalModel.A
	at ptolemy.actor.util.CausalityInterfaceForComposites._computeOutputPortDepth(CausalityInterfaceForComposites.java:759)
	at ptolemy.actor.util.CausalityInterfaceForComposites._computeInputDepth(CausalityInterfaceForComposites.java:696)
	at ptolemy.actor.util.CausalityInterfaceForComposites._computeOutputPortDepth(CausalityInterfaceForComposites.java:765)
	at ptolemy.actor.util.CausalityInterfaceForComposites._computeInputDepth(CausalityInterfaceForComposites.java:696)
	at ptolemy.actor.util.CausalityInterfaceForComposites._computeOutputPortDepth(CausalityInterfaceForComposites.java:765)
	at ptolemy.actor.util.CausalityInterfaceForComposites._computeInputDepth(CausalityInterfaceForComposites.java:696)
	at ptolemy.actor.util.CausalityInterfaceForComposites._computeActorDepth(CausalityInterfaceForComposites.java:532)
	at ptolemy.actor.util.CausalityInterfaceForComposites.checkForCycles(CausalityInterfaceForComposites.java:96)
	at ptolemy.domains.de.kernel.DEDirector.preinitialize(DEDirector.java:1338)
	at ptolemy.actor.CompositeActor.preinitialize(CompositeActor.java:1828)
	at ptolemy.actor.Manager.preinitializeAndResolveTypes(Manager.java:1040)
	at ptolemy.actor.Manager.initialize(Manager.java:710)
	at ptolemy.actor.Manager.execute(Manager.java:356)
	at ptolemy.actor.Manager.run(Manager.java:1263)
	at ptolemy.actor.Manager$PtolemyRunThread.run(Manager.java:1933)
java.lang.RuntimeException: Execution failed
	at ptolemy.moml.MoMLSimpleApplication$UnloadThread.run(MoMLSimpleApplication.java:402)
Caused by: ptolemy.kernel.util.IllegalActionException: Found a zero delay loop containing .dependencyLoop.original
  in .dependencyLoop and .dependencyLoop.original
	at ptolemy.actor.util.CausalityInterfaceForComposites._computeOutputPortDepth(CausalityInterfaceForComposites.java:759)
	at ptolemy.actor.util.CausalityInterfaceForComposites._computeInputDepth(CausalityInterfaceForComposites.java:696)
	at ptolemy.actor.util.CausalityInterfaceForComposites._computeOutputPortDepth(CausalityInterfaceForComposites.java:765)
	at ptolemy.actor.util.CausalityInterfaceForComposites._computeInputDepth(CausalityInterfaceForComposites.java:696)
	at ptolemy.actor.util.CausalityInterfaceForComposites._computeOutputPortDepth(CausalityInterfaceForComposites.java:765)
	at ptolemy.actor.util.CausalityInterfaceForComposites._computeInputDepth(CausalityInterfaceForComposites.java:696)
	at ptolemy.actor.util.CausalityInterfaceForComposites._computeActorDepth(CausalityInterfaceForComposites.java:532)
	at ptolemy.actor.util.CausalityInterfaceForComposites.checkForCycles(CausalityInterfaceForComposites.java:96)
	at ptolemy.domains.de.kernel.DEDirector.preinitialize(DEDirector.java:1338)
	at ptolemy.actor.CompositeActor.preinitialize(CompositeActor.java:1828)
	at ptolemy.actor.Manager.preinitializeAndResolveTypes(Manager.java:1040)
	at ptolemy.actor.Manager.initialize(Manager.java:710)
	at ptolemy.actor.Manager.execute(Manager.java:356)
	at ptolemy.actor.Manager.run(Manager.java:1263)
	at ptolemy.actor.Manager$PtolemyRunThread.run(Manager.java:1933)
java.lang.reflect.InvocationTargetException
	at java.base/jdk.internal.reflect.NativeConstructorAccessorImpl.newInstance0(Native Method)
	at java.base/jdk.internal.reflect.NativeConstructorAccessorImpl.newInstance(NativeConstructorAccessorImpl.java:62)
	at java.base/jdk.internal.reflect.DelegatingConstructorAccessorImpl.newInstance(DelegatingConstructorAccessorImpl.java:45)
	at java.base/java.lang.reflect.Constructor.newInstance(Constructor.java:490)
	at ptolemy.util.test.junit.AutoKnownFailedTests.RunModel(AutoKnownFailedTests.java:105)
	at java.base/jdk.internal.reflect.NativeMethodAccessorImpl.invoke0(Native Method)
	at java.base/jdk.internal.reflect.NativeMethodAccessorImpl.invoke(NativeMethodAccessorImpl.java:62)
	at java.base/jdk.internal.reflect.DelegatingMethodAccessorImpl.invoke(DelegatingMethodAccessorImpl.java:43)
	at java.base/java.lang.reflect.Method.invoke(Method.java:566)
	at org.junit.runners.model.FrameworkMethod$1.runReflectiveCall(FrameworkMethod.java:44)
	at org.junit.internal.runners.model.ReflectiveCallable.run(ReflectiveCallable.java:15)
	at org.junit.runners.model.FrameworkMethod.invokeExplosively(FrameworkMethod.java:41)
	at junitparams.internal.InvokeParameterisedMethod.evaluate(InvokeParameterisedMethod.java:102)
	at org.junit.internal.runners.statements.FailOnTimeout$1.run(FailOnTimeout.java:28)
Caused by: ptolemy.kernel.util.IllegalActionException: Found a zero delay loop containing .dependencyLoop.original
  in .dependencyLoop and .dependencyLoop.original
	at ptolemy.actor.util.CausalityInterfaceForComposites._computeOutputPortDepth(CausalityInterfaceForComposites.java:759)
	at ptolemy.actor.util.CausalityInterfaceForComposites._computeInputDepth(CausalityInterfaceForComposites.java:696)
	at ptolemy.actor.util.CausalityInterfaceForComposites._computeOutputPortDepth(CausalityInterfaceForComposites.java:765)
	at ptolemy.actor.util.CausalityInterfaceForComposites._computeInputDepth(CausalityInterfaceForComposites.java:696)
	at ptolemy.actor.util.CausalityInterfaceForComposites._computeOutputPortDepth(CausalityInterfaceForComposites.java:765)
	at ptolemy.actor.util.CausalityInterfaceForComposites._computeInputDepth(CausalityInterfaceForComposites.java:696)
	at ptolemy.actor.util.CausalityInterfaceForComposites._computeActorDepth(CausalityInterfaceForComposites.java:532)
	at ptolemy.actor.util.CausalityInterfaceForComposites.checkForCycles(CausalityInterfaceForComposites.java:96)
	at ptolemy.domains.de.kernel.DEDirector.preinitialize(DEDirector.java:1338)
	at ptolemy.actor.CompositeActor.preinitialize(CompositeActor.java:1828)
	at ptolemy.actor.Manager.preinitializeAndResolveTypes(Manager.java:1040)
	at ptolemy.actor.Manager.initialize(Manager.java:710)
	at ptolemy.actor.Manager.execute(Manager.java:356)
	at ptolemy.actor.Manager.run(Manager.java:1263)
	at ptolemy.actor.Manager$PtolemyRunThread.run(Manager.java:1933)
java.lang.RuntimeException: Execution failed
	at ptolemy.moml.MoMLSimpleApplication$UnloadThread.run(MoMLSimpleApplication.java:402)
Caused by: ptolemy.kernel.util.IllegalActionException: Found a zero delay loop containing .dependencyLoop2.original
  in .dependencyLoop2 and .dependencyLoop2.original
	at ptolemy.actor.util.CausalityInterfaceForComposites._computeOutputPortDepth(CausalityInterfaceForComposites.java:759)
	at ptolemy.actor.util.CausalityInterfaceForComposites._computeInputDepth(CausalityInterfaceForComposites.java:696)
	at ptolemy.actor.util.CausalityInterfaceForComposites._computeOutputPortDepth(CausalityInterfaceForComposites.java:765)
	at ptolemy.actor.util.CausalityInterfaceForComposites._computeInputDepth(CausalityInterfaceForComposites.java:696)
	at ptolemy.actor.util.CausalityInterfaceForComposites._computeOutputPortDepth(CausalityInterfaceForComposites.java:765)
	at ptolemy.actor.util.CausalityInterfaceForComposites._computeInputDepth(CausalityInterfaceForComposites.java:696)
	at ptolemy.actor.util.CausalityInterfaceForComposites._computeActorDepth(CausalityInterfaceForComposites.java:532)
	at ptolemy.actor.util.CausalityInterfaceForComposites.checkForCycles(CausalityInterfaceForComposites.java:96)
	at ptolemy.domains.de.kernel.DEDirector.preinitialize(DEDirector.java:1338)
	at ptolemy.actor.CompositeActor.preinitialize(CompositeActor.java:1828)
	at ptolemy.actor.Manager.preinitializeAndResolveTypes(Manager.java:1040)
	at ptolemy.actor.Manager.initialize(Manager.java:710)
	at ptolemy.actor.Manager.execute(Manager.java:356)
	at ptolemy.actor.Manager.run(Manager.java:1263)
	at ptolemy.actor.Manager$PtolemyRunThread.run(Manager.java:1933)
java.lang.reflect.InvocationTargetException
	at java.base/jdk.internal.reflect.NativeConstructorAccessorImpl.newInstance0(Native Method)
	at java.base/jdk.internal.reflect.NativeConstructorAccessorImpl.newInstance(NativeConstructorAccessorImpl.java:62)
	at java.base/jdk.internal.reflect.DelegatingConstructorAccessorImpl.newInstance(DelegatingConstructorAccessorImpl.java:45)
	at java.base/java.lang.reflect.Constructor.newInstance(Constructor.java:490)
	at ptolemy.util.test.junit.AutoKnownFailedTests.RunModel(AutoKnownFailedTests.java:105)
	at java.base/jdk.internal.reflect.NativeMethodAccessorImpl.invoke0(Native Method)
	at java.base/jdk.internal.reflect.NativeMethodAccessorImpl.invoke(NativeMethodAccessorImpl.java:62)
	at java.base/jdk.internal.reflect.DelegatingMethodAccessorImpl.invoke(DelegatingMethodAccessorImpl.java:43)
	at java.base/java.lang.reflect.Method.invoke(Method.java:566)
	at org.junit.runners.model.FrameworkMethod$1.runReflectiveCall(FrameworkMethod.java:44)
	at org.junit.internal.runners.model.ReflectiveCallable.run(ReflectiveCallable.java:15)
	at org.junit.runners.model.FrameworkMethod.invokeExplosively(FrameworkMethod.java:41)
	at junitparams.internal.InvokeParameterisedMethod.evaluate(InvokeParameterisedMethod.java:102)
	at org.junit.internal.runners.statements.FailOnTimeout$1.run(FailOnTimeout.java:28)
Caused by: ptolemy.kernel.util.IllegalActionException: Found a zero delay loop containing .dependencyLoop2.original
  in .dependencyLoop2 and .dependencyLoop2.original
	at ptolemy.actor.util.CausalityInterfaceForComposites._computeOutputPortDepth(CausalityInterfaceForComposites.java:759)
	at ptolemy.actor.util.CausalityInterfaceForComposites._computeInputDepth(CausalityInterfaceForComposites.java:696)
	at ptolemy.actor.util.CausalityInterfaceForComposites._computeOutputPortDepth(CausalityInterfaceForComposites.java:765)
	at ptolemy.actor.util.CausalityInterfaceForComposites._computeInputDepth(CausalityInterfaceForComposites.java:696)
	at ptolemy.actor.util.CausalityInterfaceForComposites._computeOutputPortDepth(CausalityInterfaceForComposites.java:765)
	at ptolemy.actor.util.CausalityInterfaceForComposites._computeInputDepth(CausalityInterfaceForComposites.java:696)
	at ptolemy.actor.util.CausalityInterfaceForComposites._computeActorDepth(CausalityInterfaceForComposites.java:532)
	at ptolemy.actor.util.CausalityInterfaceForComposites.checkForCycles(CausalityInterfaceForComposites.java:96)
	at ptolemy.domains.de.kernel.DEDirector.preinitialize(DEDirector.java:1338)
	at ptolemy.actor.CompositeActor.preinitialize(CompositeActor.java:1828)
	at ptolemy.actor.Manager.preinitializeAndResolveTypes(Manager.java:1040)
	at ptolemy.actor.Manager.initialize(Manager.java:710)
	at ptolemy.actor.Manager.execute(Manager.java:356)
	at ptolemy.actor.Manager.run(Manager.java:1263)
	at ptolemy.actor.Manager$PtolemyRunThread.run(Manager.java:1933)
]]></system-err>
</testsuite>
