<?xml version="1.0" encoding="UTF-8" ?>
<testsuite errors="0" failures="0" hostname="travis-job-5307bb85-ea12-4318-8960-fb8586a36337" name="ptolemy.domains.continuous.test.junit.JUnitTclTest" skipped="0" tests="155" time="80.024" timestamp="2018-09-28T02:19:20">
  <properties>
[...]
</properties>
  <testcase classname="ptolemy.util.test.junit.TclTests" name="[0] ThereAreNoTclTests (RunTclFile)" time="0.001" />
  <testcase classname="ptolemy.util.test.junit.AutoKnownFailedTests" name="[0] ThereAreNoKnowFailedTests (RunModel)" time="0.001" />
  <testcase classname="ptolemy.util.test.junit.AutoNameArchTests" name="[0] ThereAreNoAutoArchTests (RunModel)" time="0.004" />
  <testcase classname="ptolemy.util.test.junit.AutoTests" name="[0] /home/travis/build/icyphy/ptII/ptolemy/domains/continuous/test/auto/BouncingBall.xml (RunModel)" time="3.137" />
  <testcase classname="ptolemy.util.test.junit.AutoTests" name="[1] /home/travis/build/icyphy/ptII/ptolemy/domains/continuous/test/auto/BouncingBallWithoutGR.xml (RunModel)" time="0.927" />
  <testcase classname="ptolemy.util.test.junit.AutoTests" name="[2] /home/travis/build/icyphy/ptII/ptolemy/domains/continuous/test/auto/Brownian.xml (RunModel)" time="0.114" />
  <testcase classname="ptolemy.util.test.junit.AutoTests" name="[3] /home/travis/build/icyphy/ptII/ptolemy/domains/continuous/test/auto/CarTracking.xml (RunModel)" time="3.919" />
  <testcase classname="ptolemy.util.test.junit.AutoTests" name="[4] /home/travis/build/icyphy/ptII/ptolemy/domains/continuous/test/auto/CartPendulum.xml (RunModel)" time="0.593" />
  <testcase classname="ptolemy.util.test.junit.AutoTests" name="[5] /home/travis/build/icyphy/ptII/ptolemy/domains/continuous/test/auto/CausalityInterface10.xml (RunModel)" time="0.054" />
  <testcase classname="ptolemy.util.test.junit.AutoTests" name="[6] /home/travis/build/icyphy/ptII/ptolemy/domains/continuous/test/auto/CausalityInterface11.xml (RunModel)" time="0.036" />
  <testcase classname="ptolemy.util.test.junit.AutoTests" name="[7] /home/travis/build/icyphy/ptII/ptolemy/domains/continuous/test/auto/CausalityInterface12.xml (RunModel)" time="0.04" />
  <testcase classname="ptolemy.util.test.junit.AutoTests" name="[8] /home/travis/build/icyphy/ptII/ptolemy/domains/continuous/test/auto/CausalityInterface13.xml (RunModel)" time="0.036" />
  <testcase classname="ptolemy.util.test.junit.AutoTests" name="[9] /home/travis/build/icyphy/ptII/ptolemy/domains/continuous/test/auto/CausalityInterface14.xml (RunModel)" time="0.025" />
  <testcase classname="ptolemy.util.test.junit.AutoTests" name="[10] /home/travis/build/icyphy/ptII/ptolemy/domains/continuous/test/auto/CausalityInterface4.xml (RunModel)" time="0.031" />
  <testcase classname="ptolemy.util.test.junit.AutoTests" name="[11] /home/travis/build/icyphy/ptII/ptolemy/domains/continuous/test/auto/CausalityInterface5.xml (RunModel)" time="0.054" />
  <testcase classname="ptolemy.util.test.junit.AutoTests" name="[12] /home/travis/build/icyphy/ptII/ptolemy/domains/continuous/test/auto/CausalityInterface6.xml (RunModel)" time="0.025" />
  <testcase classname="ptolemy.util.test.junit.AutoTests" name="[13] /home/travis/build/icyphy/ptII/ptolemy/domains/continuous/test/auto/CausalityInterface7.xml (RunModel)" time="0.045" />
  <testcase classname="ptolemy.util.test.junit.AutoTests" name="[14] /home/travis/build/icyphy/ptII/ptolemy/domains/continuous/test/auto/CausalityInterface8.xml (RunModel)" time="0.033" />
  <testcase classname="ptolemy.util.test.junit.AutoTests" name="[15] /home/travis/build/icyphy/ptII/ptolemy/domains/continuous/test/auto/CausalityInterface9.xml (RunModel)" time="0.043" />
  <testcase classname="ptolemy.util.test.junit.AutoTests" name="[16] /home/travis/build/icyphy/ptII/ptolemy/domains/continuous/test/auto/CausalityInterfaceFeedback1.xml (RunModel)" time="0.026" />
  <testcase classname="ptolemy.util.test.junit.AutoTests" name="[17] /home/travis/build/icyphy/ptII/ptolemy/domains/continuous/test/auto/CausalityInterfaceFeedback2.xml (RunModel)" time="0.025" />
  <testcase classname="ptolemy.util.test.junit.AutoTests" name="[18] /home/travis/build/icyphy/ptII/ptolemy/domains/continuous/test/auto/CompareWithCurrentTime.xml (RunModel)" time="0.03" />
  <testcase classname="ptolemy.util.test.junit.AutoTests" name="[19] /home/travis/build/icyphy/ptII/ptolemy/domains/continuous/test/auto/ComparedClocks.xml (RunModel)" time="0.083" />
  <testcase classname="ptolemy.util.test.junit.AutoTests" name="[20] /home/travis/build/icyphy/ptII/ptolemy/domains/continuous/test/auto/ContinuousAOCClone.xml (RunModel)" time="2.819" />
  <testcase classname="ptolemy.util.test.junit.AutoTests" name="[21] /home/travis/build/icyphy/ptII/ptolemy/domains/continuous/test/auto/ContinuousClock.xml (RunModel)" time="0.075" />
  <testcase classname="ptolemy.util.test.junit.AutoTests" name="[22] /home/travis/build/icyphy/ptII/ptolemy/domains/continuous/test/auto/ContinuousInContinuous.xml (RunModel)" time="0.093" />
  <testcase classname="ptolemy.util.test.junit.AutoTests" name="[23] /home/travis/build/icyphy/ptII/ptolemy/domains/continuous/test/auto/ContinuousInContinuousInContinuous.xml (RunModel)" time="0.036" />
  <testcase classname="ptolemy.util.test.junit.AutoTests" name="[24] /home/travis/build/icyphy/ptII/ptolemy/domains/continuous/test/auto/ContinuousInDE.xml (RunModel)" time="0.132" />
  <testcase classname="ptolemy.util.test.junit.AutoTests" name="[25] /home/travis/build/icyphy/ptII/ptolemy/domains/continuous/test/auto/ContinuousInDE2.xml (RunModel)" time="0.071" />
  <testcase classname="ptolemy.util.test.junit.AutoTests" name="[26] /home/travis/build/icyphy/ptII/ptolemy/domains/continuous/test/auto/ContinuousInDE3.xml (RunModel)" time="0.07" />
  <testcase classname="ptolemy.util.test.junit.AutoTests" name="[27] /home/travis/build/icyphy/ptII/ptolemy/domains/continuous/test/auto/ContinuousInDE4.xml (RunModel)" time="0.041" />
  <testcase classname="ptolemy.util.test.junit.AutoTests" name="[28] /home/travis/build/icyphy/ptII/ptolemy/domains/continuous/test/auto/ContinuousInDEDifferentRefinements.xml (RunModel)" time="0.142" />
  <testcase classname="ptolemy.util.test.junit.AutoTests" name="[29] /home/travis/build/icyphy/ptII/ptolemy/domains/continuous/test/auto/ContinuousInDEDifferentRefinementsPreemptive.xml (RunModel)" time="0.099" />
  <testcase classname="ptolemy.util.test.junit.AutoTests" name="[30] /home/travis/build/icyphy/ptII/ptolemy/domains/continuous/test/auto/ContinuousInDEInContinuous2.xml (RunModel)" time="0.063" />
  <testcase classname="ptolemy.util.test.junit.AutoTests" name="[31] /home/travis/build/icyphy/ptII/ptolemy/domains/continuous/test/auto/ContinuousInDEInContinuous3.xml (RunModel)" time="0.066" />
  <testcase classname="ptolemy.util.test.junit.AutoTests" name="[32] /home/travis/build/icyphy/ptII/ptolemy/domains/continuous/test/auto/ContinuousInDEInput.xml (RunModel)" time="0.042" />
  <testcase classname="ptolemy.util.test.junit.AutoTests" name="[33] /home/travis/build/icyphy/ptII/ptolemy/domains/continuous/test/auto/ContinuousInDEInput2.xml (RunModel)" time="0.044" />
  <testcase classname="ptolemy.util.test.junit.AutoTests" name="[34] /home/travis/build/icyphy/ptII/ptolemy/domains/continuous/test/auto/ContinuousInDEInput3.xml (RunModel)" time="0.03" />
  <testcase classname="ptolemy.util.test.junit.AutoTests" name="[35] /home/travis/build/icyphy/ptII/ptolemy/domains/continuous/test/auto/ContinuousInDESharingRefinement.xml (RunModel)" time="0.189" />
  <testcase classname="ptolemy.util.test.junit.AutoTests" name="[36] /home/travis/build/icyphy/ptII/ptolemy/domains/continuous/test/auto/ContinuousInDEwithNoPorts.xml (RunModel)" time="0.025" />
  <testcase classname="ptolemy.util.test.junit.AutoTests" name="[37] /home/travis/build/icyphy/ptII/ptolemy/domains/continuous/test/auto/ContinuousInsideDE.xml (RunModel)" time="0.099" />
  <testcase classname="ptolemy.util.test.junit.AutoTests" name="[38] /home/travis/build/icyphy/ptII/ptolemy/domains/continuous/test/auto/ContinuousMerge1.xml (RunModel)" time="0.02" />
  <testcase classname="ptolemy.util.test.junit.AutoTests" name="[39] /home/travis/build/icyphy/ptII/ptolemy/domains/continuous/test/auto/ContinuousMerge2.xml (RunModel)" time="0.047" />
  <testcase classname="ptolemy.util.test.junit.AutoTests" name="[40] /home/travis/build/icyphy/ptII/ptolemy/domains/continuous/test/auto/ContinuousMerge3.xml (RunModel)" time="0.084" />
  <testcase classname="ptolemy.util.test.junit.AutoTests" name="[41] /home/travis/build/icyphy/ptII/ptolemy/domains/continuous/test/auto/ContinuousWithinContinuous.xml (RunModel)" time="0.06" />
  <testcase classname="ptolemy.util.test.junit.AutoTests" name="[42] /home/travis/build/icyphy/ptII/ptolemy/domains/continuous/test/auto/ContinuousWithinContinuous2.xml (RunModel)" time="0.084" />
  <testcase classname="ptolemy.util.test.junit.AutoTests" name="[43] /home/travis/build/icyphy/ptII/ptolemy/domains/continuous/test/auto/ContinuousWithinContinuous3.xml (RunModel)" time="0.033" />
  <testcase classname="ptolemy.util.test.junit.AutoTests" name="[44] /home/travis/build/icyphy/ptII/ptolemy/domains/continuous/test/auto/ContinuousWithinContinuous4.xml (RunModel)" time="0.085" />
  <testcase classname="ptolemy.util.test.junit.AutoTests" name="[45] /home/travis/build/icyphy/ptII/ptolemy/domains/continuous/test/auto/ContinuousWithinContinuous5.xml (RunModel)" time="0.031" />
  <testcase classname="ptolemy.util.test.junit.AutoTests" name="[46] /home/travis/build/icyphy/ptII/ptolemy/domains/continuous/test/auto/ContinuousWithinContinuous6.xml (RunModel)" time="0.029" />
  <testcase classname="ptolemy.util.test.junit.AutoTests" name="[47] /home/travis/build/icyphy/ptII/ptolemy/domains/continuous/test/auto/ContinuousWithinContinuous7.xml (RunModel)" time="0.071" />
  <testcase classname="ptolemy.util.test.junit.AutoTests" name="[48] /home/travis/build/icyphy/ptII/ptolemy/domains/continuous/test/auto/DCMotor.xml (RunModel)" time="15.929" />
  <testcase classname="ptolemy.util.test.junit.AutoTests" name="[49] /home/travis/build/icyphy/ptII/ptolemy/domains/continuous/test/auto/DEInContinuous.xml (RunModel)" time="0.022" />
  <testcase classname="ptolemy.util.test.junit.AutoTests" name="[50] /home/travis/build/icyphy/ptII/ptolemy/domains/continuous/test/auto/DEinContinuous2.xml (RunModel)" time="0.023" />
  <testcase classname="ptolemy.util.test.junit.AutoTests" name="[51] /home/travis/build/icyphy/ptII/ptolemy/domains/continuous/test/auto/Derivative.xml (RunModel)" time="0.19" />
  <testcase classname="ptolemy.util.test.junit.AutoTests" name="[52] /home/travis/build/icyphy/ptII/ptolemy/domains/continuous/test/auto/Derivative1.xml (RunModel)" time="0.037" />
  <testcase classname="ptolemy.util.test.junit.AutoTests" name="[53] /home/travis/build/icyphy/ptII/ptolemy/domains/continuous/test/auto/DiscreteClock.xml (RunModel)" time="0.02" />
  <testcase classname="ptolemy.util.test.junit.AutoTests" name="[54] /home/travis/build/icyphy/ptII/ptolemy/domains/continuous/test/auto/EfficiencyCurve.xml (RunModel)" time="0.077" />
  <testcase classname="ptolemy.util.test.junit.AutoTests" name="[55] /home/travis/build/icyphy/ptII/ptolemy/domains/continuous/test/auto/ExponentialResponse.xml (RunModel)" time="0.124" />
  <testcase classname="ptolemy.util.test.junit.AutoTests" name="[56] /home/travis/build/icyphy/ptII/ptolemy/domains/continuous/test/auto/ExponentialResponseRK45.xml (RunModel)" time="0.037" />
  <testcase classname="ptolemy.util.test.junit.AutoTests" name="[57] /home/travis/build/icyphy/ptII/ptolemy/domains/continuous/test/auto/Friction.xml (RunModel)" time="1.566" />
  <testcase classname="ptolemy.util.test.junit.AutoTests" name="[58] /home/travis/build/icyphy/ptII/ptolemy/domains/continuous/test/auto/FurutaPendulum.xml (RunModel)" time="3.92" />
  <testcase classname="ptolemy.util.test.junit.AutoTests" name="[59] /home/travis/build/icyphy/ptII/ptolemy/domains/continuous/test/auto/HierarchicalExecution.xml (RunModel)" time="2.65" />
  <testcase classname="ptolemy.util.test.junit.AutoTests" name="[60] /home/travis/build/icyphy/ptII/ptolemy/domains/continuous/test/auto/HybridPlant.xml (RunModel)" time="0.615" />
  <testcase classname="ptolemy.util.test.junit.AutoTests" name="[61] /home/travis/build/icyphy/ptII/ptolemy/domains/continuous/test/auto/Hysteresis.xml (RunModel)" time="0.18" />
  <testcase classname="ptolemy.util.test.junit.AutoTests" name="[62] /home/travis/build/icyphy/ptII/ptolemy/domains/continuous/test/auto/HysteresisWithRandomDelay.xml (RunModel)" time="0.233" />
  <testcase classname="ptolemy.util.test.junit.AutoTests" name="[63] /home/travis/build/icyphy/ptII/ptolemy/domains/continuous/test/auto/HysteresisWithRandomLosses.xml (RunModel)" time="2.595" />
  <testcase classname="ptolemy.util.test.junit.AutoTests" name="[64] /home/travis/build/icyphy/ptII/ptolemy/domains/continuous/test/auto/ImmediateTransitions.xml (RunModel)" time="0.03" />
  <testcase classname="ptolemy.util.test.junit.AutoTests" name="[65] /home/travis/build/icyphy/ptII/ptolemy/domains/continuous/test/auto/ImpulseFeedback.xml (RunModel)" time="0.026" />
  <testcase classname="ptolemy.util.test.junit.AutoTests" name="[66] /home/travis/build/icyphy/ptII/ptolemy/domains/continuous/test/auto/ImpulseFeedback2.xml (RunModel)" time="0.02" />
  <testcase classname="ptolemy.util.test.junit.AutoTests" name="[67] /home/travis/build/icyphy/ptII/ptolemy/domains/continuous/test/auto/IncreasingRatePoisson.xml (RunModel)" time="0.634" />
  <testcase classname="ptolemy.util.test.junit.AutoTests" name="[68] /home/travis/build/icyphy/ptII/ptolemy/domains/continuous/test/auto/InitialStateFeedback.xml (RunModel)" time="0.013" />
  <testcase classname="ptolemy.util.test.junit.AutoTests" name="[69] /home/travis/build/icyphy/ptII/ptolemy/domains/continuous/test/auto/Integration.xml (RunModel)" time="0.011" />
  <testcase classname="ptolemy.util.test.junit.AutoTests" name="[70] /home/travis/build/icyphy/ptII/ptolemy/domains/continuous/test/auto/Integration2.xml (RunModel)" time="0.099" />
  <testcase classname="ptolemy.util.test.junit.AutoTests" name="[71] /home/travis/build/icyphy/ptII/ptolemy/domains/continuous/test/auto/Integration3.xml (RunModel)" time="0.014" />
  <testcase classname="ptolemy.util.test.junit.AutoTests" name="[72] /home/travis/build/icyphy/ptII/ptolemy/domains/continuous/test/auto/Integration5.xml (RunModel)" time="0.012" />
  <testcase classname="ptolemy.util.test.junit.AutoTests" name="[73] /home/travis/build/icyphy/ptII/ptolemy/domains/continuous/test/auto/IntegratorImpulse.xml (RunModel)" time="0.02" />
  <testcase classname="ptolemy.util.test.junit.AutoTests" name="[74] /home/travis/build/icyphy/ptII/ptolemy/domains/continuous/test/auto/IntegratorImpulse2.xml (RunModel)" time="0.015" />
  <testcase classname="ptolemy.util.test.junit.AutoTests" name="[75] /home/travis/build/icyphy/ptII/ptolemy/domains/continuous/test/auto/LevelCrossing1.xml (RunModel)" time="0.013" />
  <testcase classname="ptolemy.util.test.junit.AutoTests" name="[76] /home/travis/build/icyphy/ptII/ptolemy/domains/continuous/test/auto/LevelCrossing2.xml (RunModel)" time="0.015" />
  <testcase classname="ptolemy.util.test.junit.AutoTests" name="[77] /home/travis/build/icyphy/ptII/ptolemy/domains/continuous/test/auto/LevelCrossing3.xml (RunModel)" time="0.014" />
  <testcase classname="ptolemy.util.test.junit.AutoTests" name="[78] /home/travis/build/icyphy/ptII/ptolemy/domains/continuous/test/auto/LevelCrossing4.xml (RunModel)" time="0.014" />
  <testcase classname="ptolemy.util.test.junit.AutoTests" name="[79] /home/travis/build/icyphy/ptII/ptolemy/domains/continuous/test/auto/LevelCrossing5.xml (RunModel)" time="0.014" />
  <testcase classname="ptolemy.util.test.junit.AutoTests" name="[80] /home/travis/build/icyphy/ptII/ptolemy/domains/continuous/test/auto/LevelCrossing6.xml (RunModel)" time="0.014" />
  <testcase classname="ptolemy.util.test.junit.AutoTests" name="[81] /home/travis/build/icyphy/ptII/ptolemy/domains/continuous/test/auto/LevelCrossingDetector.xml (RunModel)" time="0.04" />
  <testcase classname="ptolemy.util.test.junit.AutoTests" name="[82] /home/travis/build/icyphy/ptII/ptolemy/domains/continuous/test/auto/LevelCrossingDetectorDetectingDirections.xml (RunModel)" time="0.081" />
  <testcase classname="ptolemy.util.test.junit.AutoTests" name="[83] /home/travis/build/icyphy/ptII/ptolemy/domains/continuous/test/auto/LevelCrossingDetectorDetectsGlitches.xml (RunModel)" time="0.065" />
  <testcase classname="ptolemy.util.test.junit.AutoTests" name="[84] /home/travis/build/icyphy/ptII/ptolemy/domains/continuous/test/auto/LevelCrossingNoInitialOuput.xml (RunModel)" time="0.014" />
  <testcase classname="ptolemy.util.test.junit.AutoTests" name="[85] /home/travis/build/icyphy/ptII/ptolemy/domains/continuous/test/auto/LinearStateSpaceExample.xml (RunModel)" time="0.04" />
  <testcase classname="ptolemy.util.test.junit.AutoTests" name="[86] /home/travis/build/icyphy/ptII/ptolemy/domains/continuous/test/auto/Lorenz.xml (RunModel)" time="5.079" />
  <testcase classname="ptolemy.util.test.junit.AutoTests" name="[87] /home/travis/build/icyphy/ptII/ptolemy/domains/continuous/test/auto/LorenzDifferentialSystem.xml (RunModel)" time="1.364" />
  <testcase classname="ptolemy.util.test.junit.AutoTests" name="[88] /home/travis/build/icyphy/ptII/ptolemy/domains/continuous/test/auto/LorenzDifferentialSystemWithInput.xml (RunModel)" time="1.587" />
  <testcase classname="ptolemy.util.test.junit.AutoTests" name="[89] /home/travis/build/icyphy/ptII/ptolemy/domains/continuous/test/auto/LorenzDifferentialSystemWithTime.xml (RunModel)" time="0.88" />
  <testcase classname="ptolemy.util.test.junit.AutoTests" name="[90] /home/travis/build/icyphy/ptII/ptolemy/domains/continuous/test/auto/Microsteps.xml (RunModel)" time="0.024" />
  <testcase classname="ptolemy.util.test.junit.AutoTests" name="[91] /home/travis/build/icyphy/ptII/ptolemy/domains/continuous/test/auto/Modal1.xml (RunModel)" time="0.042" />
  <testcase classname="ptolemy.util.test.junit.AutoTests" name="[92] /home/travis/build/icyphy/ptII/ptolemy/domains/continuous/test/auto/Modal2.xml (RunModel)" time="0.056" />
  <testcase classname="ptolemy.util.test.junit.AutoTests" name="[93] /home/travis/build/icyphy/ptII/ptolemy/domains/continuous/test/auto/ModalTransitionGuardWithReset.xml (RunModel)" time="0.031" />
  <testcase classname="ptolemy.util.test.junit.AutoTests" name="[94] /home/travis/build/icyphy/ptII/ptolemy/domains/continuous/test/auto/ModalTransitionGuardWithResetUsingPreemptiveTransition.xml (RunModel)" time="0.026" />
  <testcase classname="ptolemy.util.test.junit.AutoTests" name="[95] /home/travis/build/icyphy/ptII/ptolemy/domains/continuous/test/auto/ModalTransitionGuardWithResetUsingPreemptiveTransition2.xml (RunModel)" time="0.033" />
  <testcase classname="ptolemy.util.test.junit.AutoTests" name="[96] /home/travis/build/icyphy/ptII/ptolemy/domains/continuous/test/auto/ModalTransitionGuardWithResetUsingPreemptiveTransition3.xml (RunModel)" time="0.035" />
  <testcase classname="ptolemy.util.test.junit.AutoTests" name="[97] /home/travis/build/icyphy/ptII/ptolemy/domains/continuous/test/auto/NewtonsCradle.xml (RunModel)" time="0.833" />
  <testcase classname="ptolemy.util.test.junit.AutoTests" name="[98] /home/travis/build/icyphy/ptII/ptolemy/domains/continuous/test/auto/NewtonsCradleAnimated.xml (RunModel)" time="1.299" />
  <testcase classname="ptolemy.util.test.junit.AutoTests" name="[99] /home/travis/build/icyphy/ptII/ptolemy/domains/continuous/test/auto/NewtonsCradleComplicated.xml (RunModel)" time="1.03" />
  <testcase classname="ptolemy.util.test.junit.AutoTests" name="[100] /home/travis/build/icyphy/ptII/ptolemy/domains/continuous/test/auto/NewtonsCradleNondeterministic.xml (RunModel)" time="0.813" />
  <testcase classname="ptolemy.util.test.junit.AutoTests" name="[101] /home/travis/build/icyphy/ptII/ptolemy/domains/continuous/test/auto/NewtonsCradlePerfectlyInelastic1.xml (RunModel)" time="1.292" />
  <testcase classname="ptolemy.util.test.junit.AutoTests" name="[102] /home/travis/build/icyphy/ptII/ptolemy/domains/continuous/test/auto/Noise.xml (RunModel)" time="0.183" />
  <testcase classname="ptolemy.util.test.junit.AutoTests" name="[103] /home/travis/build/icyphy/ptII/ptolemy/domains/continuous/test/auto/NoiseSpectrum.xml (RunModel)" time="0.912" />
  <testcase classname="ptolemy.util.test.junit.AutoTests" name="[104] /home/travis/build/icyphy/ptII/ptolemy/domains/continuous/test/auto/ParameterizedNewtonsCradleAnimated.xml (RunModel)" time="0.379" />
  <testcase classname="ptolemy.util.test.junit.AutoTests" name="[105] /home/travis/build/icyphy/ptII/ptolemy/domains/continuous/test/auto/ParameterizedNewtonsCradleAnimatedNondeterministic.xml (RunModel)" time="1.187" />
  <testcase classname="ptolemy.util.test.junit.AutoTests" name="[106] /home/travis/build/icyphy/ptII/ptolemy/domains/continuous/test/auto/Pendulum3D.xml (RunModel)" time="0.183" />
  <testcase classname="ptolemy.util.test.junit.AutoTests" name="[107] /home/travis/build/icyphy/ptII/ptolemy/domains/continuous/test/auto/PeriodicSampler.xml (RunModel)" time="0.011" />
  <testcase classname="ptolemy.util.test.junit.AutoTests" name="[108] /home/travis/build/icyphy/ptII/ptolemy/domains/continuous/test/auto/PeriodicSampler1.xml (RunModel)" time="0.046" />
  <testcase classname="ptolemy.util.test.junit.AutoTests" name="[109] /home/travis/build/icyphy/ptII/ptolemy/domains/continuous/test/auto/PeriodicSampler2.xml (RunModel)" time="0.097" />
  <testcase classname="ptolemy.util.test.junit.AutoTests" name="[110] /home/travis/build/icyphy/ptII/ptolemy/domains/continuous/test/auto/Poisson.xml (RunModel)" time="0.442" />
  <testcase classname="ptolemy.util.test.junit.AutoTests" name="[111] /home/travis/build/icyphy/ptII/ptolemy/domains/continuous/test/auto/PoissonClock.xml (RunModel)" time="0.011" />
  <testcase classname="ptolemy.util.test.junit.AutoTests" name="[112] /home/travis/build/icyphy/ptII/ptolemy/domains/continuous/test/auto/PoissonClock2.xml (RunModel)" time="0.011" />
  <testcase classname="ptolemy.util.test.junit.AutoTests" name="[113] /home/travis/build/icyphy/ptII/ptolemy/domains/continuous/test/auto/PortParameterHierarchy.xml (RunModel)" time="0.019" />
  <testcase classname="ptolemy.util.test.junit.AutoTests" name="[114] /home/travis/build/icyphy/ptII/ptolemy/domains/continuous/test/auto/RandomHybridPlant.xml (RunModel)" time="0.573" />
  <testcase classname="ptolemy.util.test.junit.AutoTests" name="[115] /home/travis/build/icyphy/ptII/ptolemy/domains/continuous/test/auto/ResetTransitionWithStartTime1.xml (RunModel)" time="0.025" />
  <testcase classname="ptolemy.util.test.junit.AutoTests" name="[116] /home/travis/build/icyphy/ptII/ptolemy/domains/continuous/test/auto/ResetTransitionWithStartTime2.xml (RunModel)" time="0.038" />
  <testcase classname="ptolemy.util.test.junit.AutoTests" name="[117] /home/travis/build/icyphy/ptII/ptolemy/domains/continuous/test/auto/ResetTransitionWithStartTime3.xml (RunModel)" time="0.04" />
  <testcase classname="ptolemy.util.test.junit.AutoTests" name="[118] /home/travis/build/icyphy/ptII/ptolemy/domains/continuous/test/auto/ResetTransitionWithStartTime4.xml (RunModel)" time="0.023" />
  <testcase classname="ptolemy.util.test.junit.AutoTests" name="[119] /home/travis/build/icyphy/ptII/ptolemy/domains/continuous/test/auto/ResetTransitionWithStartTime5.xml (RunModel)" time="0.033" />
  <testcase classname="ptolemy.util.test.junit.AutoTests" name="[120] /home/travis/build/icyphy/ptII/ptolemy/domains/continuous/test/auto/ResetTransitionWithStartTime6.xml (RunModel)" time="0.035" />
  <testcase classname="ptolemy.util.test.junit.AutoTests" name="[121] /home/travis/build/icyphy/ptII/ptolemy/domains/continuous/test/auto/SRinContinuous.xml (RunModel)" time="0.03" />
  <testcase classname="ptolemy.util.test.junit.AutoTests" name="[122] /home/travis/build/icyphy/ptII/ptolemy/domains/continuous/test/auto/SampledClocks.xml (RunModel)" time="0.04" />
  <testcase classname="ptolemy.util.test.junit.AutoTests" name="[123] /home/travis/build/icyphy/ptII/ptolemy/domains/continuous/test/auto/Satellite.xml (RunModel)" time="0.839" />
  <testcase classname="ptolemy.util.test.junit.AutoTests" name="[124] /home/travis/build/icyphy/ptII/ptolemy/domains/continuous/test/auto/SigmaDelta.xml (RunModel)" time="2.462" />
  <testcase classname="ptolemy.util.test.junit.AutoTests" name="[125] /home/travis/build/icyphy/ptII/ptolemy/domains/continuous/test/auto/SinuBouncingBall.xml (RunModel)" time="0.918" />
  <testcase classname="ptolemy.util.test.junit.AutoTests" name="[126] /home/travis/build/icyphy/ptII/ptolemy/domains/continuous/test/auto/Sinusoid.xml (RunModel)" time="0.016" />
  <testcase classname="ptolemy.util.test.junit.AutoTests" name="[127] /home/travis/build/icyphy/ptII/ptolemy/domains/continuous/test/auto/SinusoidInNoise.xml (RunModel)" time="0.866" />
  <testcase classname="ptolemy.util.test.junit.AutoTests" name="[128] /home/travis/build/icyphy/ptII/ptolemy/domains/continuous/test/auto/SinusoidRK45.xml (RunModel)" time="0.018" />
  <testcase classname="ptolemy.util.test.junit.AutoTests" name="[129] /home/travis/build/icyphy/ptII/ptolemy/domains/continuous/test/auto/SinusoidWithMultipleImpulses.xml (RunModel)" time="0.026" />
  <testcase classname="ptolemy.util.test.junit.AutoTests" name="[130] /home/travis/build/icyphy/ptII/ptolemy/domains/continuous/test/auto/SquareWave.xml (RunModel)" time="0.188" />
  <testcase classname="ptolemy.util.test.junit.AutoTests" name="[131] /home/travis/build/icyphy/ptII/ptolemy/domains/continuous/test/auto/Starmac.xml (RunModel)" time="3.41" />
  <testcase classname="ptolemy.util.test.junit.AutoTests" name="[132] /home/travis/build/icyphy/ptII/ptolemy/domains/continuous/test/auto/StaticUnits.xml (RunModel)" time="2.713" />
  <testcase classname="ptolemy.util.test.junit.AutoTests" name="[133] /home/travis/build/icyphy/ptII/ptolemy/domains/continuous/test/auto/StickyMasses.xml (RunModel)" time="0.18" />
  <testcase classname="ptolemy.util.test.junit.AutoTests" name="[134] /home/travis/build/icyphy/ptII/ptolemy/domains/continuous/test/auto/StopTime.xml (RunModel)" time="0.091" />
  <testcase classname="ptolemy.util.test.junit.AutoTests" name="[135] /home/travis/build/icyphy/ptII/ptolemy/domains/continuous/test/auto/StopTime2.xml (RunModel)" time="0.07" />
  <testcase classname="ptolemy.util.test.junit.AutoTests" name="[136] /home/travis/build/icyphy/ptII/ptolemy/domains/continuous/test/auto/Switch.xml (RunModel)" time="0.084" />
  <testcase classname="ptolemy.util.test.junit.AutoTests" name="[137] /home/travis/build/icyphy/ptII/ptolemy/domains/continuous/test/auto/Thermostat.xml (RunModel)" time="0.206" />
  <testcase classname="ptolemy.util.test.junit.AutoTests" name="[138] /home/travis/build/icyphy/ptII/ptolemy/domains/continuous/test/auto/TimeDelay.xml (RunModel)" time="0.016" />
  <testcase classname="ptolemy.util.test.junit.AutoTests" name="[139] /home/travis/build/icyphy/ptII/ptolemy/domains/continuous/test/auto/TimeDelay2.xml (RunModel)" time="0.017" />
  <testcase classname="ptolemy.util.test.junit.AutoTests" name="[140] /home/travis/build/icyphy/ptII/ptolemy/domains/continuous/test/auto/TimeDelay3.xml (RunModel)" time="0.01" />
  <testcase classname="ptolemy.util.test.junit.AutoTests" name="[141] /home/travis/build/icyphy/ptII/ptolemy/domains/continuous/test/auto/TransferAbsentToInside.xml (RunModel)" time="0.119" />
  <testcase classname="ptolemy.util.test.junit.AutoTests" name="[142] /home/travis/build/icyphy/ptII/ptolemy/domains/continuous/test/auto/Transmission.xml (RunModel)" time="0.761" />
  <testcase classname="ptolemy.util.test.junit.AutoTests" name="[143] /home/travis/build/icyphy/ptII/ptolemy/domains/continuous/test/auto/TriggeredContinuousClock.xml (RunModel)" time="0.077" />
  <testcase classname="ptolemy.util.test.junit.AutoTests" name="[144] /home/travis/build/icyphy/ptII/ptolemy/domains/continuous/test/auto/TwoMachineInfiniteBusControl.xml (RunModel)" time="2.82" />
  <testcase classname="ptolemy.util.test.junit.AutoTests" name="[145] /home/travis/build/icyphy/ptII/ptolemy/domains/continuous/test/auto/V2V.xml (RunModel)" time="0.743" />
  <testcase classname="ptolemy.util.test.junit.AutoTests" name="[146] /home/travis/build/icyphy/ptII/ptolemy/domains/continuous/test/auto/hierarchicalModalModel.xml (RunModel)" time="0.033" />
  <testcase classname="ptolemy.util.test.junit.AutoTests" name="[147] /home/travis/build/icyphy/ptII/ptolemy/domains/continuous/test/auto/hierarchicalModalModel1.xml (RunModel)" time="0.046" />
  <testcase classname="ptolemy.util.test.junit.AutoTests" name="[148] /home/travis/build/icyphy/ptII/ptolemy/domains/continuous/test/auto/hierarchicalModalModel2.xml (RunModel)" time="0.031" />
  <testcase classname="ptolemy.util.test.junit.AutoTests" name="[149] /home/travis/build/icyphy/ptII/ptolemy/domains/continuous/test/auto/hierarchicalModalModel3.xml (RunModel)" time="0.026" />
  <testcase classname="ptolemy.util.test.junit.AutoTests" name="[150] /home/travis/build/icyphy/ptII/ptolemy/domains/continuous/test/auto/hierarchicalModalModel4.xml (RunModel)" time="0.029" />
  <testcase classname="ptolemy.util.test.junit.AutoTests" name="[151] /home/travis/build/icyphy/ptII/ptolemy/domains/continuous/test/auto/junk.xml (RunModel)" time="0.155" />
  <system-out><![CDATA[No tcl tests in /home/travis/build/icyphy/ptII/ptolemy/domains/continuous/test
No auto/knownFailedTests/*.xml tests in /home/travis/build/icyphy/ptII/ptolemy/domains/continuous/test
No auto/linux-amd64/*.xml tests in /home/travis/build/icyphy/ptII/ptolemy/domains/continuous/test
AutoTests.java: About to close Vertx.
AutoTests.java: Vertx closed.

===========================================================================================
----------------- testing Fri Sep 28 02:19:21 UTC 2018 /home/travis/build/icyphy/ptII/ptolemy/domains/continuous/test/auto/BouncingBall.xml
----------------- Instantiating /home/travis/build/icyphy/ptII/ptolemy/domains/continuous/test/auto/BouncingBall.xml
2651 ms. Memory: 331776K Free: 260499K (79%)
----------------- Invoking toplevel() on ptolemy.moml.MoMLSimpleApplication@16818c76
----------------- Done invoking toplevel() on ptolemy.moml.MoMLSimpleApplication@16818c76
reloadAllAccessors: .BouncingBall

===========================================================================================
----------------- testing Fri Sep 28 02:19:24 UTC 2018 /home/travis/build/icyphy/ptII/ptolemy/domains/continuous/test/auto/BouncingBallWithoutGR.xml
----------------- Instantiating /home/travis/build/icyphy/ptII/ptolemy/domains/continuous/test/auto/BouncingBallWithoutGR.xml
801 ms. Memory: 331776K Free: 323885K (98%)
----------------- Invoking toplevel() on ptolemy.moml.MoMLSimpleApplication@7f46b5a5
----------------- Done invoking toplevel() on ptolemy.moml.MoMLSimpleApplication@7f46b5a5
reloadAllAccessors: .BouncingBallWithoutGR

===========================================================================================
----------------- testing Fri Sep 28 02:19:25 UTC 2018 /home/travis/build/icyphy/ptII/ptolemy/domains/continuous/test/auto/Brownian.xml
----------------- Instantiating /home/travis/build/icyphy/ptII/ptolemy/domains/continuous/test/auto/Brownian.xml
45 ms. Memory: 331776K Free: 309972K (93%)
----------------- Invoking toplevel() on ptolemy.moml.MoMLSimpleApplication@f859a3c
----------------- Done invoking toplevel() on ptolemy.moml.MoMLSimpleApplication@f859a3c
reloadAllAccessors: .Brownian

===========================================================================================
----------------- testing Fri Sep 28 02:19:25 UTC 2018 /home/travis/build/icyphy/ptII/ptolemy/domains/continuous/test/auto/CarTracking.xml
----------------- Instantiating /home/travis/build/icyphy/ptII/ptolemy/domains/continuous/test/auto/CarTracking.xml
3603 ms. Memory: 578048K Free: 471379K (82%)
----------------- Invoking toplevel() on ptolemy.moml.MoMLSimpleApplication@1eeb8334
----------------- Done invoking toplevel() on ptolemy.moml.MoMLSimpleApplication@1eeb8334
reloadAllAccessors: .CarTracking

===========================================================================================
----------------- testing Fri Sep 28 02:19:29 UTC 2018 /home/travis/build/icyphy/ptII/ptolemy/domains/continuous/test/auto/CartPendulum.xml
----------------- Instantiating /home/travis/build/icyphy/ptII/ptolemy/domains/continuous/test/auto/CartPendulum.xml
438 ms. Memory: 578048K Free: 363390K (63%)
----------------- Invoking toplevel() on ptolemy.moml.MoMLSimpleApplication@24735029
----------------- Done invoking toplevel() on ptolemy.moml.MoMLSimpleApplication@24735029
reloadAllAccessors: .CartPendulum

===========================================================================================
----------------- testing Fri Sep 28 02:19:29 UTC 2018 /home/travis/build/icyphy/ptII/ptolemy/domains/continuous/test/auto/CausalityInterface10.xml
----------------- Instantiating /home/travis/build/icyphy/ptII/ptolemy/domains/continuous/test/auto/CausalityInterface10.xml
12 ms. Memory: 578048K Free: 346974K (60%)
----------------- Invoking toplevel() on ptolemy.moml.MoMLSimpleApplication@49e1c5da
----------------- Done invoking toplevel() on ptolemy.moml.MoMLSimpleApplication@49e1c5da
reloadAllAccessors: .CausalityInterface10

===========================================================================================
----------------- testing Fri Sep 28 02:19:29 UTC 2018 /home/travis/build/icyphy/ptII/ptolemy/domains/continuous/test/auto/CausalityInterface11.xml
----------------- Instantiating /home/travis/build/icyphy/ptII/ptolemy/domains/continuous/test/auto/CausalityInterface11.xml
9 ms. Memory: 578048K Free: 337127K (58%)
----------------- Invoking toplevel() on ptolemy.moml.MoMLSimpleApplication@cff300a
----------------- Done invoking toplevel() on ptolemy.moml.MoMLSimpleApplication@cff300a
reloadAllAccessors: .CausalityInterface11

===========================================================================================
----------------- testing Fri Sep 28 02:19:29 UTC 2018 /home/travis/build/icyphy/ptII/ptolemy/domains/continuous/test/auto/CausalityInterface12.xml
----------------- Instantiating /home/travis/build/icyphy/ptII/ptolemy/domains/continuous/test/auto/CausalityInterface12.xml
9 ms. Memory: 578048K Free: 327297K (57%)
----------------- Invoking toplevel() on ptolemy.moml.MoMLSimpleApplication@75b99775
----------------- Done invoking toplevel() on ptolemy.moml.MoMLSimpleApplication@75b99775
reloadAllAccessors: .CausalityInterface12

===========================================================================================
----------------- testing Fri Sep 28 02:19:30 UTC 2018 /home/travis/build/icyphy/ptII/ptolemy/domains/continuous/test/auto/CausalityInterface13.xml
----------------- Instantiating /home/travis/build/icyphy/ptII/ptolemy/domains/continuous/test/auto/CausalityInterface13.xml
7 ms. Memory: 578048K Free: 314296K (54%)
----------------- Invoking toplevel() on ptolemy.moml.MoMLSimpleApplication@374e328d
----------------- Done invoking toplevel() on ptolemy.moml.MoMLSimpleApplication@374e328d
reloadAllAccessors: .CausalityInterface13

===========================================================================================
----------------- testing Fri Sep 28 02:19:30 UTC 2018 /home/travis/build/icyphy/ptII/ptolemy/domains/continuous/test/auto/CausalityInterface14.xml
----------------- Instantiating /home/travis/build/icyphy/ptII/ptolemy/domains/continuous/test/auto/CausalityInterface14.xml
4 ms. Memory: 578048K Free: 304449K (53%)
----------------- Invoking toplevel() on ptolemy.moml.MoMLSimpleApplication@36a07072
----------------- Done invoking toplevel() on ptolemy.moml.MoMLSimpleApplication@36a07072
reloadAllAccessors: .CausalityInterface14

===========================================================================================
----------------- testing Fri Sep 28 02:19:30 UTC 2018 /home/travis/build/icyphy/ptII/ptolemy/domains/continuous/test/auto/CausalityInterface4.xml
----------------- Instantiating /home/travis/build/icyphy/ptII/ptolemy/domains/continuous/test/auto/CausalityInterface4.xml
4 ms. Memory: 578048K Free: 294603K (51%)
----------------- Invoking toplevel() on ptolemy.moml.MoMLSimpleApplication@1efb7407
----------------- Done invoking toplevel() on ptolemy.moml.MoMLSimpleApplication@1efb7407
reloadAllAccessors: .CausalityInterface4

===========================================================================================
----------------- testing Fri Sep 28 02:19:30 UTC 2018 /home/travis/build/icyphy/ptII/ptolemy/domains/continuous/test/auto/CausalityInterface5.xml
----------------- Instantiating /home/travis/build/icyphy/ptII/ptolemy/domains/continuous/test/auto/CausalityInterface5.xml
7 ms. Memory: 578048K Free: 281496K (49%)
----------------- Invoking toplevel() on ptolemy.moml.MoMLSimpleApplication@25cad1fc
----------------- Done invoking toplevel() on ptolemy.moml.MoMLSimpleApplication@25cad1fc
reloadAllAccessors: .CausalityInterface5

===========================================================================================
----------------- testing Fri Sep 28 02:19:30 UTC 2018 /home/travis/build/icyphy/ptII/ptolemy/domains/continuous/test/auto/CausalityInterface6.xml
----------------- Instantiating /home/travis/build/icyphy/ptII/ptolemy/domains/continuous/test/auto/CausalityInterface6.xml
6 ms. Memory: 578048K Free: 268486K (46%)
----------------- Invoking toplevel() on ptolemy.moml.MoMLSimpleApplication@2e5ad67d
----------------- Done invoking toplevel() on ptolemy.moml.MoMLSimpleApplication@2e5ad67d
reloadAllAccessors: .CausalityInterface6

===========================================================================================
----------------- testing Fri Sep 28 02:19:30 UTC 2018 /home/travis/build/icyphy/ptII/ptolemy/domains/continuous/test/auto/CausalityInterface7.xml
----------------- Instantiating /home/travis/build/icyphy/ptII/ptolemy/domains/continuous/test/auto/CausalityInterface7.xml
6 ms. Memory: 578048K Free: 255363K (44%)
----------------- Invoking toplevel() on ptolemy.moml.MoMLSimpleApplication@31ee7214
----------------- Done invoking toplevel() on ptolemy.moml.MoMLSimpleApplication@31ee7214
reloadAllAccessors: .CausalityInterface7

===========================================================================================
----------------- testing Fri Sep 28 02:19:30 UTC 2018 /home/travis/build/icyphy/ptII/ptolemy/domains/continuous/test/auto/CausalityInterface8.xml
----------------- Instantiating /home/travis/build/icyphy/ptII/ptolemy/domains/continuous/test/auto/CausalityInterface8.xml
4 ms. Memory: 578048K Free: 242240K (42%)
----------------- Invoking toplevel() on ptolemy.moml.MoMLSimpleApplication@4ae1d48f
----------------- Done invoking toplevel() on ptolemy.moml.MoMLSimpleApplication@4ae1d48f
reloadAllAccessors: .CausalityInterface8

===========================================================================================
----------------- testing Fri Sep 28 02:19:30 UTC 2018 /home/travis/build/icyphy/ptII/ptolemy/domains/continuous/test/auto/CausalityInterface9.xml
----------------- Instantiating /home/travis/build/icyphy/ptII/ptolemy/domains/continuous/test/auto/CausalityInterface9.xml
5 ms. Memory: 578048K Free: 225823K (39%)
----------------- Invoking toplevel() on ptolemy.moml.MoMLSimpleApplication@6469e79f
----------------- Done invoking toplevel() on ptolemy.moml.MoMLSimpleApplication@6469e79f
reloadAllAccessors: .CausalityInterface9

===========================================================================================
----------------- testing Fri Sep 28 02:19:30 UTC 2018 /home/travis/build/icyphy/ptII/ptolemy/domains/continuous/test/auto/CausalityInterfaceFeedback1.xml
----------------- Instantiating /home/travis/build/icyphy/ptII/ptolemy/domains/continuous/test/auto/CausalityInterfaceFeedback1.xml
3 ms. Memory: 578048K Free: 212822K (37%)
----------------- Invoking toplevel() on ptolemy.moml.MoMLSimpleApplication@941f1df
----------------- Done invoking toplevel() on ptolemy.moml.MoMLSimpleApplication@941f1df
reloadAllAccessors: .CausalityInterfaceFeedback1

===========================================================================================
----------------- testing Fri Sep 28 02:19:30 UTC 2018 /home/travis/build/icyphy/ptII/ptolemy/domains/continuous/test/auto/CausalityInterfaceFeedback2.xml
----------------- Instantiating /home/travis/build/icyphy/ptII/ptolemy/domains/continuous/test/auto/CausalityInterfaceFeedback2.xml
3 ms. Memory: 578048K Free: 202975K (35%)
----------------- Invoking toplevel() on ptolemy.moml.MoMLSimpleApplication@2dc24314
----------------- Done invoking toplevel() on ptolemy.moml.MoMLSimpleApplication@2dc24314
reloadAllAccessors: .CausalityInterfaceFeedback2

===========================================================================================
----------------- testing Fri Sep 28 02:19:30 UTC 2018 /home/travis/build/icyphy/ptII/ptolemy/domains/continuous/test/auto/CompareWithCurrentTime.xml
----------------- Instantiating /home/travis/build/icyphy/ptII/ptolemy/domains/continuous/test/auto/CompareWithCurrentTime.xml
4 ms. Memory: 578048K Free: 196422K (34%)
----------------- Invoking toplevel() on ptolemy.moml.MoMLSimpleApplication@52a16074
----------------- Done invoking toplevel() on ptolemy.moml.MoMLSimpleApplication@52a16074
reloadAllAccessors: .CompareWithCurrentTime

===========================================================================================
----------------- testing Fri Sep 28 02:19:30 UTC 2018 /home/travis/build/icyphy/ptII/ptolemy/domains/continuous/test/auto/ComparedClocks.xml
----------------- Instantiating /home/travis/build/icyphy/ptII/ptolemy/domains/continuous/test/auto/ComparedClocks.xml
9 ms. Memory: 578048K Free: 176729K (31%)
----------------- Invoking toplevel() on ptolemy.moml.MoMLSimpleApplication@8d73520
----------------- Done invoking toplevel() on ptolemy.moml.MoMLSimpleApplication@8d73520
reloadAllAccessors: .ComparedClocks

===========================================================================================
----------------- testing Fri Sep 28 02:19:30 UTC 2018 /home/travis/build/icyphy/ptII/ptolemy/domains/continuous/test/auto/ContinuousAOCClone.xml
----------------- Instantiating /home/travis/build/icyphy/ptII/ptolemy/domains/continuous/test/auto/ContinuousAOCClone.xml
2583 ms. Memory: 871936K Free: 423723K (49%)
----------------- Invoking toplevel() on ptolemy.moml.MoMLSimpleApplication@1f34c449
----------------- Done invoking toplevel() on ptolemy.moml.MoMLSimpleApplication@1f34c449
reloadAllAccessors: .ContinuousAOCClone

===========================================================================================
----------------- testing Fri Sep 28 02:19:33 UTC 2018 /home/travis/build/icyphy/ptII/ptolemy/domains/continuous/test/auto/ContinuousClock.xml
----------------- Instantiating /home/travis/build/icyphy/ptII/ptolemy/domains/continuous/test/auto/ContinuousClock.xml
28 ms. Memory: 871936K Free: 390531K (45%)
----------------- Invoking toplevel() on ptolemy.moml.MoMLSimpleApplication@55e3d223
----------------- Done invoking toplevel() on ptolemy.moml.MoMLSimpleApplication@55e3d223
reloadAllAccessors: .ContinuousClock

===========================================================================================
----------------- testing Fri Sep 28 02:19:33 UTC 2018 /home/travis/build/icyphy/ptII/ptolemy/domains/continuous/test/auto/ContinuousInContinuous.xml
----------------- Instantiating /home/travis/build/icyphy/ptII/ptolemy/domains/continuous/test/auto/ContinuousInContinuous.xml
44 ms. Memory: 871936K Free: 359098K (41%)
----------------- Invoking toplevel() on ptolemy.moml.MoMLSimpleApplication@5b999058
----------------- Done invoking toplevel() on ptolemy.moml.MoMLSimpleApplication@5b999058
reloadAllAccessors: .ContinuousInContinuous

===========================================================================================
----------------- testing Fri Sep 28 02:19:33 UTC 2018 /home/travis/build/icyphy/ptII/ptolemy/domains/continuous/test/auto/ContinuousInContinuousInContinuous.xml
----------------- Instantiating /home/travis/build/icyphy/ptII/ptolemy/domains/continuous/test/auto/ContinuousInContinuousInContinuous.xml
10 ms. Memory: 871936K Free: 343374K (39%)
----------------- Invoking toplevel() on ptolemy.moml.MoMLSimpleApplication@35b0c05d
----------------- Done invoking toplevel() on ptolemy.moml.MoMLSimpleApplication@35b0c05d
reloadAllAccessors: .ContinuousInContinuousInContinuous

===========================================================================================
----------------- testing Fri Sep 28 02:19:33 UTC 2018 /home/travis/build/icyphy/ptII/ptolemy/domains/continuous/test/auto/ContinuousInDE.xml
----------------- Instantiating /home/travis/build/icyphy/ptII/ptolemy/domains/continuous/test/auto/ContinuousInDE.xml
105 ms. Memory: 871936K Free: 327666K (38%)
----------------- Invoking toplevel() on ptolemy.moml.MoMLSimpleApplication@66e9243
----------------- Done invoking toplevel() on ptolemy.moml.MoMLSimpleApplication@66e9243
reloadAllAccessors: .ContinuousInDE

===========================================================================================
----------------- testing Fri Sep 28 02:19:33 UTC 2018 /home/travis/build/icyphy/ptII/ptolemy/domains/continuous/test/auto/ContinuousInDE2.xml
----------------- Instantiating /home/travis/build/icyphy/ptII/ptolemy/domains/continuous/test/auto/ContinuousInDE2.xml
42 ms. Memory: 871936K Free: 308532K (35%)
----------------- Invoking toplevel() on ptolemy.moml.MoMLSimpleApplication@5cecff71
----------------- Done invoking toplevel() on ptolemy.moml.MoMLSimpleApplication@5cecff71
reloadAllAccessors: .ContinuousInDE2

===========================================================================================
----------------- testing Fri Sep 28 02:19:33 UTC 2018 /home/travis/build/icyphy/ptII/ptolemy/domains/continuous/test/auto/ContinuousInDE3.xml
----------------- Instantiating /home/travis/build/icyphy/ptII/ptolemy/domains/continuous/test/auto/ContinuousInDE3.xml
40 ms. Memory: 871936K Free: 292823K (34%)
----------------- Invoking toplevel() on ptolemy.moml.MoMLSimpleApplication@755c275f
----------------- Done invoking toplevel() on ptolemy.moml.MoMLSimpleApplication@755c275f
reloadAllAccessors: .ContinuousInDE3

===========================================================================================
----------------- testing Fri Sep 28 02:19:33 UTC 2018 /home/travis/build/icyphy/ptII/ptolemy/domains/continuous/test/auto/ContinuousInDE4.xml
----------------- Instantiating /home/travis/build/icyphy/ptII/ptolemy/domains/continuous/test/auto/ContinuousInDE4.xml
14 ms. Memory: 871936K Free: 282351K (32%)
----------------- Invoking toplevel() on ptolemy.moml.MoMLSimpleApplication@afb671b
----------------- Done invoking toplevel() on ptolemy.moml.MoMLSimpleApplication@afb671b
reloadAllAccessors: .ContinuousInDE4

===========================================================================================
----------------- testing Fri Sep 28 02:19:33 UTC 2018 /home/travis/build/icyphy/ptII/ptolemy/domains/continuous/test/auto/ContinuousInDEDifferentRefinements.xml
----------------- Instantiating /home/travis/build/icyphy/ptII/ptolemy/domains/continuous/test/auto/ContinuousInDEDifferentRefinements.xml
62 ms. Memory: 871936K Free: 245651K (28%)
----------------- Invoking toplevel() on ptolemy.moml.MoMLSimpleApplication@77025dfa
----------------- Done invoking toplevel() on ptolemy.moml.MoMLSimpleApplication@77025dfa
reloadAllAccessors: .ContinuousInDEDifferentRefinements

===========================================================================================
----------------- testing Fri Sep 28 02:19:34 UTC 2018 /home/travis/build/icyphy/ptII/ptolemy/domains/continuous/test/auto/ContinuousInDEDifferentRefinementsPreemptive.xml
----------------- Instantiating /home/travis/build/icyphy/ptII/ptolemy/domains/continuous/test/auto/ContinuousInDEDifferentRefinementsPreemptive.xml
47 ms. Memory: 871936K Free: 205524K (24%)
----------------- Invoking toplevel() on ptolemy.moml.MoMLSimpleApplication@491db42
----------------- Done invoking toplevel() on ptolemy.moml.MoMLSimpleApplication@491db42
reloadAllAccessors: .ContinuousInDEDifferentRefinementsPreemptive

===========================================================================================
----------------- testing Fri Sep 28 02:19:34 UTC 2018 /home/travis/build/icyphy/ptII/ptolemy/domains/continuous/test/auto/ContinuousInDEInContinuous2.xml
----------------- Instantiating /home/travis/build/icyphy/ptII/ptolemy/domains/continuous/test/auto/ContinuousInDEInContinuous2.xml
36 ms. Memory: 871936K Free: 189800K (22%)
----------------- Invoking toplevel() on ptolemy.moml.MoMLSimpleApplication@4cee8755
----------------- Done invoking toplevel() on ptolemy.moml.MoMLSimpleApplication@4cee8755
reloadAllAccessors: .ContinuousInDEInContinuous2

===========================================================================================
----------------- testing Fri Sep 28 02:19:34 UTC 2018 /home/travis/build/icyphy/ptII/ptolemy/domains/continuous/test/auto/ContinuousInDEInContinuous3.xml
----------------- Instantiating /home/travis/build/icyphy/ptII/ptolemy/domains/continuous/test/auto/ContinuousInDEInContinuous3.xml
36 ms. Memory: 871936K Free: 168839K (19%)
----------------- Invoking toplevel() on ptolemy.moml.MoMLSimpleApplication@40b12b34
----------------- Done invoking toplevel() on ptolemy.moml.MoMLSimpleApplication@40b12b34
reloadAllAccessors: .ContinuousInDEInContinuous3

===========================================================================================
----------------- testing Fri Sep 28 02:19:34 UTC 2018 /home/travis/build/icyphy/ptII/ptolemy/domains/continuous/test/auto/ContinuousInDEInput.xml
----------------- Instantiating /home/travis/build/icyphy/ptII/ptolemy/domains/continuous/test/auto/ContinuousInDEInput.xml
19 ms. Memory: 871936K Free: 158367K (18%)
----------------- Invoking toplevel() on ptolemy.moml.MoMLSimpleApplication@46b283b4
----------------- Done invoking toplevel() on ptolemy.moml.MoMLSimpleApplication@46b283b4
reloadAllAccessors: .ContinuousInDEInput

===========================================================================================
----------------- testing Fri Sep 28 02:19:34 UTC 2018 /home/travis/build/icyphy/ptII/ptolemy/domains/continuous/test/auto/ContinuousInDEInput2.xml
----------------- Instantiating /home/travis/build/icyphy/ptII/ptolemy/domains/continuous/test/auto/ContinuousInDEInput2.xml
17 ms. Memory: 871936K Free: 144469K (17%)
----------------- Invoking toplevel() on ptolemy.moml.MoMLSimpleApplication@34116304
----------------- Done invoking toplevel() on ptolemy.moml.MoMLSimpleApplication@34116304
reloadAllAccessors: .ContinuousInDEInput2

===========================================================================================
----------------- testing Fri Sep 28 02:19:34 UTC 2018 /home/travis/build/icyphy/ptII/ptolemy/domains/continuous/test/auto/ContinuousInDEInput3.xml
----------------- Instantiating /home/travis/build/icyphy/ptII/ptolemy/domains/continuous/test/auto/ContinuousInDEInput3.xml
11 ms. Memory: 871936K Free: 128761K (15%)
----------------- Invoking toplevel() on ptolemy.moml.MoMLSimpleApplication@5c0e8454
----------------- Done invoking toplevel() on ptolemy.moml.MoMLSimpleApplication@5c0e8454
reloadAllAccessors: .ContinuousInDEInput3

===========================================================================================
----------------- testing Fri Sep 28 02:19:34 UTC 2018 /home/travis/build/icyphy/ptII/ptolemy/domains/continuous/test/auto/ContinuousInDESharingRefinement.xml
----------------- Instantiating /home/travis/build/icyphy/ptII/ptolemy/domains/continuous/test/auto/ContinuousInDESharingRefinement.xml
159 ms. Memory: 829440K Free: 772893K (93%)
----------------- Invoking toplevel() on ptolemy.moml.MoMLSimpleApplication@7c7a00ae
----------------- Done invoking toplevel() on ptolemy.moml.MoMLSimpleApplication@7c7a00ae
reloadAllAccessors: .ContinuousInDESharingRefinement

===========================================================================================
----------------- testing Fri Sep 28 02:19:34 UTC 2018 /home/travis/build/icyphy/ptII/ptolemy/domains/continuous/test/auto/ContinuousInDEwithNoPorts.xml
----------------- Instantiating /home/travis/build/icyphy/ptII/ptolemy/domains/continuous/test/auto/ContinuousInDEwithNoPorts.xml
6 ms. Memory: 829440K Free: 760676K (92%)
----------------- Invoking toplevel() on ptolemy.moml.MoMLSimpleApplication@2cccdb16
----------------- Done invoking toplevel() on ptolemy.moml.MoMLSimpleApplication@2cccdb16
reloadAllAccessors: .ContinuousInDEwithNoPorts

===========================================================================================
----------------- testing Fri Sep 28 02:19:34 UTC 2018 /home/travis/build/icyphy/ptII/ptolemy/domains/continuous/test/auto/ContinuousInsideDE.xml
----------------- Instantiating /home/travis/build/icyphy/ptII/ptolemy/domains/continuous/test/auto/ContinuousInsideDE.xml
61 ms. Memory: 829440K Free: 741975K (89%)
----------------- Invoking toplevel() on ptolemy.moml.MoMLSimpleApplication@1e29a481
----------------- Done invoking toplevel() on ptolemy.moml.MoMLSimpleApplication@1e29a481
reloadAllAccessors: .ContinuousInsideDE

===========================================================================================
----------------- testing Fri Sep 28 02:19:34 UTC 2018 /home/travis/build/icyphy/ptII/ptolemy/domains/continuous/test/auto/ContinuousMerge1.xml
----------------- Instantiating /home/travis/build/icyphy/ptII/ptolemy/domains/continuous/test/auto/ContinuousMerge1.xml
3 ms. Memory: 829440K Free: 732302K (88%)
----------------- Invoking toplevel() on ptolemy.moml.MoMLSimpleApplication@7bbaa25e
----------------- Done invoking toplevel() on ptolemy.moml.MoMLSimpleApplication@7bbaa25e
reloadAllAccessors: .ContinuousMerge1

===========================================================================================
----------------- testing Fri Sep 28 02:19:34 UTC 2018 /home/travis/build/icyphy/ptII/ptolemy/domains/continuous/test/auto/ContinuousMerge2.xml
----------------- Instantiating /home/travis/build/icyphy/ptII/ptolemy/domains/continuous/test/auto/ContinuousMerge2.xml
11 ms. Memory: 829440K Free: 717162K (86%)
----------------- Invoking toplevel() on ptolemy.moml.MoMLSimpleApplication@61d30388
----------------- Done invoking toplevel() on ptolemy.moml.MoMLSimpleApplication@61d30388
reloadAllAccessors: .ContinuousMerge2

===========================================================================================
----------------- testing Fri Sep 28 02:19:34 UTC 2018 /home/travis/build/icyphy/ptII/ptolemy/domains/continuous/test/auto/ContinuousMerge3.xml
----------------- Instantiating /home/travis/build/icyphy/ptII/ptolemy/domains/continuous/test/auto/ContinuousMerge3.xml
43 ms. Memory: 829440K Free: 702193K (85%)
----------------- Invoking toplevel() on ptolemy.moml.MoMLSimpleApplication@40065fc2
----------------- Done invoking toplevel() on ptolemy.moml.MoMLSimpleApplication@40065fc2
reloadAllAccessors: .ContinuousMerge3

===========================================================================================
----------------- testing Fri Sep 28 02:19:34 UTC 2018 /home/travis/build/icyphy/ptII/ptolemy/domains/continuous/test/auto/ContinuousWithinContinuous.xml
----------------- Instantiating /home/travis/build/icyphy/ptII/ptolemy/domains/continuous/test/auto/ContinuousWithinContinuous.xml
33 ms. Memory: 829440K Free: 685040K (83%)
----------------- Invoking toplevel() on ptolemy.moml.MoMLSimpleApplication@6f080636
----------------- Done invoking toplevel() on ptolemy.moml.MoMLSimpleApplication@6f080636
reloadAllAccessors: .ContinuousWithinContinuous

===========================================================================================
----------------- testing Fri Sep 28 02:19:34 UTC 2018 /home/travis/build/icyphy/ptII/ptolemy/domains/continuous/test/auto/ContinuousWithinContinuous2.xml
----------------- Instantiating /home/travis/build/icyphy/ptII/ptolemy/domains/continuous/test/auto/ContinuousWithinContinuous2.xml
68 ms. Memory: 829440K Free: 670078K (81%)
----------------- Invoking toplevel() on ptolemy.moml.MoMLSimpleApplication@78c56924
----------------- Done invoking toplevel() on ptolemy.moml.MoMLSimpleApplication@78c56924
reloadAllAccessors: .ContinuousWithinContinuous2

===========================================================================================
----------------- testing Fri Sep 28 02:19:35 UTC 2018 /home/travis/build/icyphy/ptII/ptolemy/domains/continuous/test/auto/ContinuousWithinContinuous3.xml
----------------- Instantiating /home/travis/build/icyphy/ptII/ptolemy/domains/continuous/test/auto/ContinuousWithinContinuous3.xml
12 ms. Memory: 829440K Free: 658842K (79%)
----------------- Invoking toplevel() on ptolemy.moml.MoMLSimpleApplication@40af1d8f
----------------- Done invoking toplevel() on ptolemy.moml.MoMLSimpleApplication@40af1d8f
reloadAllAccessors: .ContinuousWithinContinuous3

===========================================================================================
----------------- testing Fri Sep 28 02:19:35 UTC 2018 /home/travis/build/icyphy/ptII/ptolemy/domains/continuous/test/auto/ContinuousWithinContinuous4.xml
----------------- Instantiating /home/travis/build/icyphy/ptII/ptolemy/domains/continuous/test/auto/ContinuousWithinContinuous4.xml
66 ms. Memory: 829440K Free: 637947K (77%)
----------------- Invoking toplevel() on ptolemy.moml.MoMLSimpleApplication@5dd6c901
----------------- Done invoking toplevel() on ptolemy.moml.MoMLSimpleApplication@5dd6c901
reloadAllAccessors: .ContinuousWithinContinuous4

===========================================================================================
----------------- testing Fri Sep 28 02:19:35 UTC 2018 /home/travis/build/icyphy/ptII/ptolemy/domains/continuous/test/auto/ContinuousWithinContinuous5.xml
----------------- Instantiating /home/travis/build/icyphy/ptII/ptolemy/domains/continuous/test/auto/ContinuousWithinContinuous5.xml
12 ms. Memory: 829440K Free: 626711K (76%)
----------------- Invoking toplevel() on ptolemy.moml.MoMLSimpleApplication@714fa1a4
----------------- Done invoking toplevel() on ptolemy.moml.MoMLSimpleApplication@714fa1a4
reloadAllAccessors: .ContinuousWithinContinuous5

===========================================================================================
----------------- testing Fri Sep 28 02:19:35 UTC 2018 /home/travis/build/icyphy/ptII/ptolemy/domains/continuous/test/auto/ContinuousWithinContinuous6.xml
----------------- Instantiating /home/travis/build/icyphy/ptII/ptolemy/domains/continuous/test/auto/ContinuousWithinContinuous6.xml
11 ms. Memory: 829440K Free: 613282K (74%)
----------------- Invoking toplevel() on ptolemy.moml.MoMLSimpleApplication@5c970e1
----------------- Done invoking toplevel() on ptolemy.moml.MoMLSimpleApplication@5c970e1
reloadAllAccessors: .ContinuousWithinContinuous6

===========================================================================================
----------------- testing Fri Sep 28 02:19:35 UTC 2018 /home/travis/build/icyphy/ptII/ptolemy/domains/continuous/test/auto/ContinuousWithinContinuous7.xml
----------------- Instantiating /home/travis/build/icyphy/ptII/ptolemy/domains/continuous/test/auto/ContinuousWithinContinuous7.xml
56 ms. Memory: 829440K Free: 598313K (72%)
----------------- Invoking toplevel() on ptolemy.moml.MoMLSimpleApplication@3e1cf08
----------------- Done invoking toplevel() on ptolemy.moml.MoMLSimpleApplication@3e1cf08
reloadAllAccessors: .ContinuousWithinContinuous7

===========================================================================================
----------------- testing Fri Sep 28 02:19:35 UTC 2018 /home/travis/build/icyphy/ptII/ptolemy/domains/continuous/test/auto/DCMotor.xml
----------------- Instantiating /home/travis/build/icyphy/ptII/ptolemy/domains/continuous/test/auto/DCMotor.xml
15847 ms. Memory: 667648K Free: 463531K (69%)
----------------- Invoking toplevel() on ptolemy.moml.MoMLSimpleApplication@286eb00e
----------------- Done invoking toplevel() on ptolemy.moml.MoMLSimpleApplication@286eb00e
reloadAllAccessors: .DCMotor

===========================================================================================
----------------- testing Fri Sep 28 02:19:51 UTC 2018 /home/travis/build/icyphy/ptII/ptolemy/domains/continuous/test/auto/DEInContinuous.xml
----------------- Instantiating /home/travis/build/icyphy/ptII/ptolemy/domains/continuous/test/auto/DEInContinuous.xml
6 ms. Memory: 667648K Free: 448932K (67%)
----------------- Invoking toplevel() on ptolemy.moml.MoMLSimpleApplication@a5af7cd
----------------- Done invoking toplevel() on ptolemy.moml.MoMLSimpleApplication@a5af7cd
reloadAllAccessors: .DEInContinuous

===========================================================================================
----------------- testing Fri Sep 28 02:19:51 UTC 2018 /home/travis/build/icyphy/ptII/ptolemy/domains/continuous/test/auto/DEinContinuous2.xml
----------------- Instantiating /home/travis/build/icyphy/ptII/ptolemy/domains/continuous/test/auto/DEinContinuous2.xml
6 ms. Memory: 667648K Free: 430154K (64%)
----------------- Invoking toplevel() on ptolemy.moml.MoMLSimpleApplication@3f7d1f82
----------------- Done invoking toplevel() on ptolemy.moml.MoMLSimpleApplication@3f7d1f82
reloadAllAccessors: .DEinContinuous2

===========================================================================================
----------------- testing Fri Sep 28 02:19:51 UTC 2018 /home/travis/build/icyphy/ptII/ptolemy/domains/continuous/test/auto/Derivative.xml
----------------- Instantiating /home/travis/build/icyphy/ptII/ptolemy/domains/continuous/test/auto/Derivative.xml
141 ms. Memory: 667648K Free: 387876K (58%)
----------------- Invoking toplevel() on ptolemy.moml.MoMLSimpleApplication@585f554a
----------------- Done invoking toplevel() on ptolemy.moml.MoMLSimpleApplication@585f554a
reloadAllAccessors: .Derivative2

===========================================================================================
----------------- testing Fri Sep 28 02:19:51 UTC 2018 /home/travis/build/icyphy/ptII/ptolemy/domains/continuous/test/auto/Derivative1.xml
----------------- Instantiating /home/travis/build/icyphy/ptII/ptolemy/domains/continuous/test/auto/Derivative1.xml
13 ms. Memory: 667648K Free: 370288K (55%)
----------------- Invoking toplevel() on ptolemy.moml.MoMLSimpleApplication@175ed01a
----------------- Done invoking toplevel() on ptolemy.moml.MoMLSimpleApplication@175ed01a
reloadAllAccessors: .Derivative1

===========================================================================================
----------------- testing Fri Sep 28 02:19:51 UTC 2018 /home/travis/build/icyphy/ptII/ptolemy/domains/continuous/test/auto/DiscreteClock.xml
----------------- Instantiating /home/travis/build/icyphy/ptII/ptolemy/domains/continuous/test/auto/DiscreteClock.xml
9 ms. Memory: 667648K Free: 357389K (54%)
----------------- Invoking toplevel() on ptolemy.moml.MoMLSimpleApplication@55df8de
----------------- Done invoking toplevel() on ptolemy.moml.MoMLSimpleApplication@55df8de
reloadAllAccessors: .DiscreteClock

===========================================================================================
----------------- testing Fri Sep 28 02:19:51 UTC 2018 /home/travis/build/icyphy/ptII/ptolemy/domains/continuous/test/auto/EfficiencyCurve.xml
----------------- Instantiating /home/travis/build/icyphy/ptII/ptolemy/domains/continuous/test/auto/EfficiencyCurve.xml
45 ms. Memory: 667648K Free: 344490K (52%)
----------------- Invoking toplevel() on ptolemy.moml.MoMLSimpleApplication@2b0375e4
----------------- Done invoking toplevel() on ptolemy.moml.MoMLSimpleApplication@2b0375e4
reloadAllAccessors: .EfficiencyCurve

===========================================================================================
----------------- testing Fri Sep 28 02:19:51 UTC 2018 /home/travis/build/icyphy/ptII/ptolemy/domains/continuous/test/auto/ExponentialResponse.xml
----------------- Instantiating /home/travis/build/icyphy/ptII/ptolemy/domains/continuous/test/auto/ExponentialResponse.xml
113 ms. Memory: 667648K Free: 321040K (48%)
----------------- Invoking toplevel() on ptolemy.moml.MoMLSimpleApplication@3442955b
----------------- Done invoking toplevel() on ptolemy.moml.MoMLSimpleApplication@3442955b
reloadAllAccessors: .ExponentialResponse

===========================================================================================
----------------- testing Fri Sep 28 02:19:51 UTC 2018 /home/travis/build/icyphy/ptII/ptolemy/domains/continuous/test/auto/ExponentialResponseRK45.xml
----------------- Instantiating /home/travis/build/icyphy/ptII/ptolemy/domains/continuous/test/auto/ExponentialResponseRK45.xml
27 ms. Memory: 667648K Free: 308141K (46%)
----------------- Invoking toplevel() on ptolemy.moml.MoMLSimpleApplication@292251c0
----------------- Done invoking toplevel() on ptolemy.moml.MoMLSimpleApplication@292251c0
reloadAllAccessors: .ExponentialResponseRK45

===========================================================================================
----------------- testing Fri Sep 28 02:19:51 UTC 2018 /home/travis/build/icyphy/ptII/ptolemy/domains/continuous/test/auto/Friction.xml
----------------- Instantiating /home/travis/build/icyphy/ptII/ptolemy/domains/continuous/test/auto/Friction.xml
1476 ms. Memory: 646656K Free: 416614K (64%)
----------------- Invoking toplevel() on ptolemy.moml.MoMLSimpleApplication@34f89a98
----------------- Done invoking toplevel() on ptolemy.moml.MoMLSimpleApplication@34f89a98
reloadAllAccessors: .Friction

===========================================================================================
----------------- testing Fri Sep 28 02:19:53 UTC 2018 /home/travis/build/icyphy/ptII/ptolemy/domains/continuous/test/auto/FurutaPendulum.xml
----------------- Instantiating /home/travis/build/icyphy/ptII/ptolemy/domains/continuous/test/auto/FurutaPendulum.xml
3737 ms. Memory: 616960K Free: 421177K (68%)
----------------- Invoking toplevel() on ptolemy.moml.MoMLSimpleApplication@d8d6dc1
----------------- Done invoking toplevel() on ptolemy.moml.MoMLSimpleApplication@d8d6dc1
reloadAllAccessors: .FurutaPendulum

===========================================================================================
----------------- testing Fri Sep 28 02:19:57 UTC 2018 /home/travis/build/icyphy/ptII/ptolemy/domains/continuous/test/auto/HierarchicalExecution.xml
----------------- Instantiating /home/travis/build/icyphy/ptII/ptolemy/domains/continuous/test/auto/HierarchicalExecution.xml
2229 ms. Memory: 616960K Free: 106114K (17%)
----------------- Invoking toplevel() on ptolemy.moml.MoMLSimpleApplication@4972ca2c
----------------- Done invoking toplevel() on ptolemy.moml.MoMLSimpleApplication@4972ca2c
reloadAllAccessors: .HierarchicalExecution

===========================================================================================
----------------- testing Fri Sep 28 02:19:59 UTC 2018 /home/travis/build/icyphy/ptII/ptolemy/domains/continuous/test/auto/HybridPlant.xml
----------------- Instantiating /home/travis/build/icyphy/ptII/ptolemy/domains/continuous/test/auto/HybridPlant.xml
549 ms. Memory: 589312K Free: 334280K (57%)
----------------- Invoking toplevel() on ptolemy.moml.MoMLSimpleApplication@66e64af0
----------------- Done invoking toplevel() on ptolemy.moml.MoMLSimpleApplication@66e64af0
reloadAllAccessors: .HybridPlant

===========================================================================================
----------------- testing Fri Sep 28 02:20:00 UTC 2018 /home/travis/build/icyphy/ptII/ptolemy/domains/continuous/test/auto/Hysteresis.xml
----------------- Instantiating /home/travis/build/icyphy/ptII/ptolemy/domains/continuous/test/auto/Hysteresis.xml
138 ms. Memory: 589312K Free: 268238K (46%)
----------------- Invoking toplevel() on ptolemy.moml.MoMLSimpleApplication@507ec2a4
----------------- Done invoking toplevel() on ptolemy.moml.MoMLSimpleApplication@507ec2a4
reloadAllAccessors: .Hysteresis

===========================================================================================
----------------- testing Fri Sep 28 02:20:00 UTC 2018 /home/travis/build/icyphy/ptII/ptolemy/domains/continuous/test/auto/HysteresisWithRandomDelay.xml
----------------- Instantiating /home/travis/build/icyphy/ptII/ptolemy/domains/continuous/test/auto/HysteresisWithRandomDelay.xml
172 ms. Memory: 589312K Free: 185929K (32%)
----------------- Invoking toplevel() on ptolemy.moml.MoMLSimpleApplication@29b91952
----------------- Done invoking toplevel() on ptolemy.moml.MoMLSimpleApplication@29b91952
reloadAllAccessors: .HysteresisWithRandomDelay

===========================================================================================
----------------- testing Fri Sep 28 02:20:00 UTC 2018 /home/travis/build/icyphy/ptII/ptolemy/domains/continuous/test/auto/HysteresisWithRandomLosses.xml
----------------- Instantiating /home/travis/build/icyphy/ptII/ptolemy/domains/continuous/test/auto/HysteresisWithRandomLosses.xml
2507 ms. Memory: 542720K Free: 348581K (64%)
----------------- Invoking toplevel() on ptolemy.moml.MoMLSimpleApplication@519c1751
----------------- Done invoking toplevel() on ptolemy.moml.MoMLSimpleApplication@519c1751
reloadAllAccessors: .HysteresisWithRandomLosses

===========================================================================================
----------------- testing Fri Sep 28 02:20:03 UTC 2018 /home/travis/build/icyphy/ptII/ptolemy/domains/continuous/test/auto/ImmediateTransitions.xml
----------------- Instantiating /home/travis/build/icyphy/ptII/ptolemy/domains/continuous/test/auto/ImmediateTransitions.xml
9 ms. Memory: 542720K Free: 330803K (61%)
----------------- Invoking toplevel() on ptolemy.moml.MoMLSimpleApplication@10ff0860
----------------- Done invoking toplevel() on ptolemy.moml.MoMLSimpleApplication@10ff0860
reloadAllAccessors: .ImmediateTransitions

===========================================================================================
----------------- testing Fri Sep 28 02:20:03 UTC 2018 /home/travis/build/icyphy/ptII/ptolemy/domains/continuous/test/auto/ImpulseFeedback.xml
----------------- Instantiating /home/travis/build/icyphy/ptII/ptolemy/domains/continuous/test/auto/ImpulseFeedback.xml
8 ms. Memory: 542720K Free: 320754K (59%)
----------------- Invoking toplevel() on ptolemy.moml.MoMLSimpleApplication@4a72f20d
----------------- Done invoking toplevel() on ptolemy.moml.MoMLSimpleApplication@4a72f20d
reloadAllAccessors: .ImpulseFeedback

===========================================================================================
----------------- testing Fri Sep 28 02:20:03 UTC 2018 /home/travis/build/icyphy/ptII/ptolemy/domains/continuous/test/auto/ImpulseFeedback2.xml
----------------- Instantiating /home/travis/build/icyphy/ptII/ptolemy/domains/continuous/test/auto/ImpulseFeedback2.xml
6 ms. Memory: 542720K Free: 310704K (57%)
----------------- Invoking toplevel() on ptolemy.moml.MoMLSimpleApplication@619ead85
----------------- Done invoking toplevel() on ptolemy.moml.MoMLSimpleApplication@619ead85
reloadAllAccessors: .ImpulseFeedback2

===========================================================================================
----------------- testing Fri Sep 28 02:20:03 UTC 2018 /home/travis/build/icyphy/ptII/ptolemy/domains/continuous/test/auto/IncreasingRatePoisson.xml
----------------- Instantiating /home/travis/build/icyphy/ptII/ptolemy/domains/continuous/test/auto/IncreasingRatePoisson.xml
610 ms. Memory: 521216K Free: 458080K (88%)
----------------- Invoking toplevel() on ptolemy.moml.MoMLSimpleApplication@22472a0b
----------------- Done invoking toplevel() on ptolemy.moml.MoMLSimpleApplication@22472a0b
reloadAllAccessors: .IncreasingRatePoisson

===========================================================================================
----------------- testing Fri Sep 28 02:20:04 UTC 2018 /home/travis/build/icyphy/ptII/ptolemy/domains/continuous/test/auto/InitialStateFeedback.xml
----------------- Instantiating /home/travis/build/icyphy/ptII/ptolemy/domains/continuous/test/auto/InitialStateFeedback.xml
3 ms. Memory: 521216K Free: 446842K (86%)
----------------- Invoking toplevel() on ptolemy.moml.MoMLSimpleApplication@74714aaf
----------------- Done invoking toplevel() on ptolemy.moml.MoMLSimpleApplication@74714aaf
reloadAllAccessors: .InitialStateFeedback

===========================================================================================
----------------- testing Fri Sep 28 02:20:04 UTC 2018 /home/travis/build/icyphy/ptII/ptolemy/domains/continuous/test/auto/Integration.xml
----------------- Instantiating /home/travis/build/icyphy/ptII/ptolemy/domains/continuous/test/auto/Integration.xml
3 ms. Memory: 521216K Free: 440093K (84%)
----------------- Invoking toplevel() on ptolemy.moml.MoMLSimpleApplication@3f173c9d
----------------- Done invoking toplevel() on ptolemy.moml.MoMLSimpleApplication@3f173c9d
reloadAllAccessors: .Integration

===========================================================================================
----------------- testing Fri Sep 28 02:20:04 UTC 2018 /home/travis/build/icyphy/ptII/ptolemy/domains/continuous/test/auto/Integration2.xml
----------------- Instantiating /home/travis/build/icyphy/ptII/ptolemy/domains/continuous/test/auto/Integration2.xml
85 ms. Memory: 521216K Free: 418680K (80%)
----------------- Invoking toplevel() on ptolemy.moml.MoMLSimpleApplication@7478e862
----------------- Done invoking toplevel() on ptolemy.moml.MoMLSimpleApplication@7478e862
reloadAllAccessors: .Integration2

===========================================================================================
----------------- testing Fri Sep 28 02:20:04 UTC 2018 /home/travis/build/icyphy/ptII/ptolemy/domains/continuous/test/auto/Integration3.xml
----------------- Instantiating /home/travis/build/icyphy/ptII/ptolemy/domains/continuous/test/auto/Integration3.xml
2 ms. Memory: 521216K Free: 409004K (78%)
----------------- Invoking toplevel() on ptolemy.moml.MoMLSimpleApplication@774450e2
----------------- Done invoking toplevel() on ptolemy.moml.MoMLSimpleApplication@774450e2
reloadAllAccessors: .Integration3

===========================================================================================
----------------- testing Fri Sep 28 02:20:04 UTC 2018 /home/travis/build/icyphy/ptII/ptolemy/domains/continuous/test/auto/Integration5.xml
----------------- Instantiating /home/travis/build/icyphy/ptII/ptolemy/domains/continuous/test/auto/Integration5.xml
2 ms. Memory: 521216K Free: 402406K (77%)
----------------- Invoking toplevel() on ptolemy.moml.MoMLSimpleApplication@7f68e9f6
----------------- Done invoking toplevel() on ptolemy.moml.MoMLSimpleApplication@7f68e9f6
reloadAllAccessors: .Integration5

===========================================================================================
----------------- testing Fri Sep 28 02:20:04 UTC 2018 /home/travis/build/icyphy/ptII/ptolemy/domains/continuous/test/auto/IntegratorImpulse.xml
----------------- Instantiating /home/travis/build/icyphy/ptII/ptolemy/domains/continuous/test/auto/IntegratorImpulse.xml
2 ms. Memory: 521216K Free: 395661K (76%)
----------------- Invoking toplevel() on ptolemy.moml.MoMLSimpleApplication@64d332aa
----------------- Done invoking toplevel() on ptolemy.moml.MoMLSimpleApplication@64d332aa
reloadAllAccessors: .IntegratorImpulse

===========================================================================================
----------------- testing Fri Sep 28 02:20:04 UTC 2018 /home/travis/build/icyphy/ptII/ptolemy/domains/continuous/test/auto/IntegratorImpulse2.xml
----------------- Instantiating /home/travis/build/icyphy/ptII/ptolemy/domains/continuous/test/auto/IntegratorImpulse2.xml
4 ms. Memory: 521216K Free: 385969K (74%)
----------------- Invoking toplevel() on ptolemy.moml.MoMLSimpleApplication@4d0e8c7
----------------- Done invoking toplevel() on ptolemy.moml.MoMLSimpleApplication@4d0e8c7
reloadAllAccessors: .IntegratorImpulse2

===========================================================================================
----------------- testing Fri Sep 28 02:20:04 UTC 2018 /home/travis/build/icyphy/ptII/ptolemy/domains/continuous/test/auto/LevelCrossing1.xml
----------------- Instantiating /home/travis/build/icyphy/ptII/ptolemy/domains/continuous/test/auto/LevelCrossing1.xml
3 ms. Memory: 521216K Free: 376276K (72%)
----------------- Invoking toplevel() on ptolemy.moml.MoMLSimpleApplication@52412f78
----------------- Done invoking toplevel() on ptolemy.moml.MoMLSimpleApplication@52412f78
reloadAllAccessors: .LevelCrossing1

===========================================================================================
----------------- testing Fri Sep 28 02:20:04 UTC 2018 /home/travis/build/icyphy/ptII/ptolemy/domains/continuous/test/auto/LevelCrossing2.xml
----------------- Instantiating /home/travis/build/icyphy/ptII/ptolemy/domains/continuous/test/auto/LevelCrossing2.xml
3 ms. Memory: 521216K Free: 366584K (70%)
----------------- Invoking toplevel() on ptolemy.moml.MoMLSimpleApplication@5d04a7da
----------------- Done invoking toplevel() on ptolemy.moml.MoMLSimpleApplication@5d04a7da
reloadAllAccessors: .LevelCrossing2

===========================================================================================
----------------- testing Fri Sep 28 02:20:04 UTC 2018 /home/travis/build/icyphy/ptII/ptolemy/domains/continuous/test/auto/LevelCrossing3.xml
----------------- Instantiating /home/travis/build/icyphy/ptII/ptolemy/domains/continuous/test/auto/LevelCrossing3.xml
3 ms. Memory: 521216K Free: 356892K (68%)
----------------- Invoking toplevel() on ptolemy.moml.MoMLSimpleApplication@7f06e0
----------------- Done invoking toplevel() on ptolemy.moml.MoMLSimpleApplication@7f06e0
reloadAllAccessors: .LevelCrossing3

===========================================================================================
----------------- testing Fri Sep 28 02:20:04 UTC 2018 /home/travis/build/icyphy/ptII/ptolemy/domains/continuous/test/auto/LevelCrossing4.xml
----------------- Instantiating /home/travis/build/icyphy/ptII/ptolemy/domains/continuous/test/auto/LevelCrossing4.xml
3 ms. Memory: 521216K Free: 347201K (67%)
----------------- Invoking toplevel() on ptolemy.moml.MoMLSimpleApplication@ae7387f
----------------- Done invoking toplevel() on ptolemy.moml.MoMLSimpleApplication@ae7387f
reloadAllAccessors: .LevelCrossing4

===========================================================================================
----------------- testing Fri Sep 28 02:20:04 UTC 2018 /home/travis/build/icyphy/ptII/ptolemy/domains/continuous/test/auto/LevelCrossing5.xml
----------------- Instantiating /home/travis/build/icyphy/ptII/ptolemy/domains/continuous/test/auto/LevelCrossing5.xml
2 ms. Memory: 521216K Free: 337655K (65%)
----------------- Invoking toplevel() on ptolemy.moml.MoMLSimpleApplication@63d33d3c
----------------- Done invoking toplevel() on ptolemy.moml.MoMLSimpleApplication@63d33d3c
reloadAllAccessors: .LevelCrossing5

===========================================================================================
----------------- testing Fri Sep 28 02:20:04 UTC 2018 /home/travis/build/icyphy/ptII/ptolemy/domains/continuous/test/auto/LevelCrossing6.xml
----------------- Instantiating /home/travis/build/icyphy/ptII/ptolemy/domains/continuous/test/auto/LevelCrossing6.xml
3 ms. Memory: 521216K Free: 327962K (63%)
[...]
----------------- Instantiating /home/travis/build/icyphy/ptII/ptolemy/domains/continuous/test/auto/ResetTransitionWithStartTime6.xml
12 ms. Memory: 334336K Free: 68512K (20%)
----------------- Invoking toplevel() on ptolemy.moml.MoMLSimpleApplication@3183542
----------------- Done invoking toplevel() on ptolemy.moml.MoMLSimpleApplication@3183542
reloadAllAccessors: .ResetTransitionWithStartTime6

===========================================================================================
----------------- testing Fri Sep 28 02:20:23 UTC 2018 /home/travis/build/icyphy/ptII/ptolemy/domains/continuous/test/auto/SRinContinuous.xml
----------------- Instantiating /home/travis/build/icyphy/ptII/ptolemy/domains/continuous/test/auto/SRinContinuous.xml
7 ms. Memory: 334336K Free: 59975K (18%)
----------------- Invoking toplevel() on ptolemy.moml.MoMLSimpleApplication@6ff95bb4
----------------- Done invoking toplevel() on ptolemy.moml.MoMLSimpleApplication@6ff95bb4
reloadAllAccessors: .SRinContinuous

===========================================================================================
----------------- testing Fri Sep 28 02:20:23 UTC 2018 /home/travis/build/icyphy/ptII/ptolemy/domains/continuous/test/auto/SampledClocks.xml
----------------- Instantiating /home/travis/build/icyphy/ptII/ptolemy/domains/continuous/test/auto/SampledClocks.xml
8 ms. Memory: 334336K Free: 48970K (15%)
----------------- Invoking toplevel() on ptolemy.moml.MoMLSimpleApplication@3b05eb73
----------------- Done invoking toplevel() on ptolemy.moml.MoMLSimpleApplication@3b05eb73
reloadAllAccessors: .SampledClocks

===========================================================================================
----------------- testing Fri Sep 28 02:20:23 UTC 2018 /home/travis/build/icyphy/ptII/ptolemy/domains/continuous/test/auto/Satellite.xml
----------------- Instantiating /home/travis/build/icyphy/ptII/ptolemy/domains/continuous/test/auto/Satellite.xml
807 ms. Memory: 323072K Free: 102976K (32%)
----------------- Invoking toplevel() on ptolemy.moml.MoMLSimpleApplication@871a73d
----------------- Done invoking toplevel() on ptolemy.moml.MoMLSimpleApplication@871a73d
reloadAllAccessors: .Satellite

===========================================================================================
----------------- testing Fri Sep 28 02:20:24 UTC 2018 /home/travis/build/icyphy/ptII/ptolemy/domains/continuous/test/auto/SigmaDelta.xml
----------------- Instantiating /home/travis/build/icyphy/ptII/ptolemy/domains/continuous/test/auto/SigmaDelta.xml
2320 ms. Memory: 459264K Free: 402582K (88%)
----------------- Invoking toplevel() on ptolemy.moml.MoMLSimpleApplication@3893c7c2
----------------- Done invoking toplevel() on ptolemy.moml.MoMLSimpleApplication@3893c7c2
reloadAllAccessors: .SigmaDelta

===========================================================================================
----------------- testing Fri Sep 28 02:20:26 UTC 2018 /home/travis/build/icyphy/ptII/ptolemy/domains/continuous/test/auto/SinuBouncingBall.xml
----------------- Instantiating /home/travis/build/icyphy/ptII/ptolemy/domains/continuous/test/auto/SinuBouncingBall.xml
829 ms. Memory: 459264K Free: 176385K (38%)
----------------- Invoking toplevel() on ptolemy.moml.MoMLSimpleApplication@157f4f1e
----------------- Done invoking toplevel() on ptolemy.moml.MoMLSimpleApplication@157f4f1e
reloadAllAccessors: .SinuBouncingBall

===========================================================================================
----------------- testing Fri Sep 28 02:20:27 UTC 2018 /home/travis/build/icyphy/ptII/ptolemy/domains/continuous/test/auto/Sinusoid.xml
----------------- Instantiating /home/travis/build/icyphy/ptII/ptolemy/domains/continuous/test/auto/Sinusoid.xml
4 ms. Memory: 459264K Free: 167904K (37%)
----------------- Invoking toplevel() on ptolemy.moml.MoMLSimpleApplication@57398b8a
----------------- Done invoking toplevel() on ptolemy.moml.MoMLSimpleApplication@57398b8a
reloadAllAccessors: .Sinusoid

===========================================================================================
----------------- testing Fri Sep 28 02:20:27 UTC 2018 /home/travis/build/icyphy/ptII/ptolemy/domains/continuous/test/auto/SinusoidInNoise.xml
----------------- Instantiating /home/travis/build/icyphy/ptII/ptolemy/domains/continuous/test/auto/SinusoidInNoise.xml
838 ms. Memory: 443392K Free: 325610K (73%)
----------------- Invoking toplevel() on ptolemy.moml.MoMLSimpleApplication@44afafab
----------------- Done invoking toplevel() on ptolemy.moml.MoMLSimpleApplication@44afafab
reloadAllAccessors: .SinusoidInNoise

===========================================================================================
----------------- testing Fri Sep 28 02:20:28 UTC 2018 /home/travis/build/icyphy/ptII/ptolemy/domains/continuous/test/auto/SinusoidRK45.xml
----------------- Instantiating /home/travis/build/icyphy/ptII/ptolemy/domains/continuous/test/auto/SinusoidRK45.xml
2 ms. Memory: 443392K Free: 315496K (71%)
----------------- Invoking toplevel() on ptolemy.moml.MoMLSimpleApplication@300ae11
----------------- Done invoking toplevel() on ptolemy.moml.MoMLSimpleApplication@300ae11
reloadAllAccessors: .SinusoidRK45

===========================================================================================
----------------- testing Fri Sep 28 02:20:28 UTC 2018 /home/travis/build/icyphy/ptII/ptolemy/domains/continuous/test/auto/SinusoidWithMultipleImpulses.xml
----------------- Instantiating /home/travis/build/icyphy/ptII/ptolemy/domains/continuous/test/auto/SinusoidWithMultipleImpulses.xml
4 ms. Memory: 443392K Free: 307389K (69%)
----------------- Invoking toplevel() on ptolemy.moml.MoMLSimpleApplication@5732c286
----------------- Done invoking toplevel() on ptolemy.moml.MoMLSimpleApplication@5732c286
reloadAllAccessors: .SinusoidWithMultipleImpulses

===========================================================================================
----------------- testing Fri Sep 28 02:20:28 UTC 2018 /home/travis/build/icyphy/ptII/ptolemy/domains/continuous/test/auto/SquareWave.xml
----------------- Instantiating /home/travis/build/icyphy/ptII/ptolemy/domains/continuous/test/auto/SquareWave.xml
150 ms. Memory: 443392K Free: 280025K (63%)
----------------- Invoking toplevel() on ptolemy.moml.MoMLSimpleApplication@175e7194
----------------- Done invoking toplevel() on ptolemy.moml.MoMLSimpleApplication@175e7194
reloadAllAccessors: .SquareWave

===========================================================================================
----------------- testing Fri Sep 28 02:20:28 UTC 2018 /home/travis/build/icyphy/ptII/ptolemy/domains/continuous/test/auto/Starmac.xml
----------------- Instantiating /home/travis/build/icyphy/ptII/ptolemy/domains/continuous/test/auto/Starmac.xml
3047 ms. Memory: 430080K Free: 252691K (59%)
----------------- Invoking toplevel() on ptolemy.moml.MoMLSimpleApplication@29b6059d
----------------- Done invoking toplevel() on ptolemy.moml.MoMLSimpleApplication@29b6059d
reloadAllAccessors: .Starmac

===========================================================================================
----------------- testing Fri Sep 28 02:20:32 UTC 2018 /home/travis/build/icyphy/ptII/ptolemy/domains/continuous/test/auto/StaticUnits.xml
----------------- Instantiating /home/travis/build/icyphy/ptII/ptolemy/domains/continuous/test/auto/StaticUnits.xml
2310 ms. Memory: 414720K Free: 106529K (26%)
----------------- Invoking toplevel() on ptolemy.moml.MoMLSimpleApplication@1d552265
----------------- Done invoking toplevel() on ptolemy.moml.MoMLSimpleApplication@1d552265
reloadAllAccessors: .StaticUnits

===========================================================================================
----------------- testing Fri Sep 28 02:20:35 UTC 2018 /home/travis/build/icyphy/ptII/ptolemy/domains/continuous/test/auto/StickyMasses.xml
----------------- Instantiating /home/travis/build/icyphy/ptII/ptolemy/domains/continuous/test/auto/StickyMasses.xml
120 ms. Memory: 414720K Free: 46554K (11%)
----------------- Invoking toplevel() on ptolemy.moml.MoMLSimpleApplication@53e242cc
----------------- Done invoking toplevel() on ptolemy.moml.MoMLSimpleApplication@53e242cc
reloadAllAccessors: .StickyMasses

===========================================================================================
----------------- testing Fri Sep 28 02:20:35 UTC 2018 /home/travis/build/icyphy/ptII/ptolemy/domains/continuous/test/auto/StopTime.xml
----------------- Instantiating /home/travis/build/icyphy/ptII/ptolemy/domains/continuous/test/auto/StopTime.xml
65 ms. Memory: 395264K Free: 327668K (83%)
----------------- Invoking toplevel() on ptolemy.moml.MoMLSimpleApplication@59c9eb85
----------------- Done invoking toplevel() on ptolemy.moml.MoMLSimpleApplication@59c9eb85
reloadAllAccessors: .StopTime

===========================================================================================
----------------- testing Fri Sep 28 02:20:35 UTC 2018 /home/travis/build/icyphy/ptII/ptolemy/domains/continuous/test/auto/StopTime2.xml
----------------- Instantiating /home/travis/build/icyphy/ptII/ptolemy/domains/continuous/test/auto/StopTime2.xml
44 ms. Memory: 395264K Free: 302521K (77%)
----------------- Invoking toplevel() on ptolemy.moml.MoMLSimpleApplication@5fbf2c94
----------------- Done invoking toplevel() on ptolemy.moml.MoMLSimpleApplication@5fbf2c94
reloadAllAccessors: .StopTime2

===========================================================================================
----------------- testing Fri Sep 28 02:20:35 UTC 2018 /home/travis/build/icyphy/ptII/ptolemy/domains/continuous/test/auto/Switch.xml
----------------- Instantiating /home/travis/build/icyphy/ptII/ptolemy/domains/continuous/test/auto/Switch.xml
54 ms. Memory: 395264K Free: 272255K (69%)
----------------- Invoking toplevel() on ptolemy.moml.MoMLSimpleApplication@3611d10a
----------------- Done invoking toplevel() on ptolemy.moml.MoMLSimpleApplication@3611d10a
reloadAllAccessors: .Switch

===========================================================================================
----------------- testing Fri Sep 28 02:20:35 UTC 2018 /home/travis/build/icyphy/ptII/ptolemy/domains/continuous/test/auto/Thermostat.xml
----------------- Instantiating /home/travis/build/icyphy/ptII/ptolemy/domains/continuous/test/auto/Thermostat.xml
181 ms. Memory: 395264K Free: 195671K (50%)
----------------- Invoking toplevel() on ptolemy.moml.MoMLSimpleApplication@6cdb95dc
----------------- Done invoking toplevel() on ptolemy.moml.MoMLSimpleApplication@6cdb95dc
reloadAllAccessors: .Thermostat

===========================================================================================
----------------- testing Fri Sep 28 02:20:35 UTC 2018 /home/travis/build/icyphy/ptII/ptolemy/domains/continuous/test/auto/TimeDelay.xml
----------------- Instantiating /home/travis/build/icyphy/ptII/ptolemy/domains/continuous/test/auto/TimeDelay.xml
5 ms. Memory: 395264K Free: 188462K (48%)
----------------- Invoking toplevel() on ptolemy.moml.MoMLSimpleApplication@1ed831eb
----------------- Done invoking toplevel() on ptolemy.moml.MoMLSimpleApplication@1ed831eb
reloadAllAccessors: .TimeDelay

===========================================================================================
----------------- testing Fri Sep 28 02:20:35 UTC 2018 /home/travis/build/icyphy/ptII/ptolemy/domains/continuous/test/auto/TimeDelay2.xml
----------------- Instantiating /home/travis/build/icyphy/ptII/ptolemy/domains/continuous/test/auto/TimeDelay2.xml
7 ms. Memory: 395264K Free: 179107K (45%)
----------------- Invoking toplevel() on ptolemy.moml.MoMLSimpleApplication@74175d8d
----------------- Done invoking toplevel() on ptolemy.moml.MoMLSimpleApplication@74175d8d
reloadAllAccessors: .TimeDelay2

===========================================================================================
----------------- testing Fri Sep 28 02:20:35 UTC 2018 /home/travis/build/icyphy/ptII/ptolemy/domains/continuous/test/auto/TimeDelay3.xml
----------------- Instantiating /home/travis/build/icyphy/ptII/ptolemy/domains/continuous/test/auto/TimeDelay3.xml
3 ms. Memory: 395264K Free: 171869K (43%)
----------------- Invoking toplevel() on ptolemy.moml.MoMLSimpleApplication@10189253
----------------- Done invoking toplevel() on ptolemy.moml.MoMLSimpleApplication@10189253
reloadAllAccessors: .TimeDelay3

===========================================================================================
----------------- testing Fri Sep 28 02:20:35 UTC 2018 /home/travis/build/icyphy/ptII/ptolemy/domains/continuous/test/auto/TransferAbsentToInside.xml
----------------- Instantiating /home/travis/build/icyphy/ptII/ptolemy/domains/continuous/test/auto/TransferAbsentToInside.xml
27 ms. Memory: 395264K Free: 112164K (28%)
----------------- Invoking toplevel() on ptolemy.moml.MoMLSimpleApplication@76737324
----------------- Done invoking toplevel() on ptolemy.moml.MoMLSimpleApplication@76737324
reloadAllAccessors: .TransferAbsentToInside

===========================================================================================
----------------- testing Fri Sep 28 02:20:35 UTC 2018 /home/travis/build/icyphy/ptII/ptolemy/domains/continuous/test/auto/Transmission.xml
----------------- Instantiating /home/travis/build/icyphy/ptII/ptolemy/domains/continuous/test/auto/Transmission.xml
725 ms. Memory: 381952K Free: 172670K (45%)
----------------- Invoking toplevel() on ptolemy.moml.MoMLSimpleApplication@27bb1e68
----------------- Done invoking toplevel() on ptolemy.moml.MoMLSimpleApplication@27bb1e68
reloadAllAccessors: .Transmission

===========================================================================================
----------------- testing Fri Sep 28 02:20:36 UTC 2018 /home/travis/build/icyphy/ptII/ptolemy/domains/continuous/test/auto/TriggeredContinuousClock.xml
----------------- Instantiating /home/travis/build/icyphy/ptII/ptolemy/domains/continuous/test/auto/TriggeredContinuousClock.xml
43 ms. Memory: 381952K Free: 138857K (36%)
----------------- Invoking toplevel() on ptolemy.moml.MoMLSimpleApplication@6bd53699
----------------- Done invoking toplevel() on ptolemy.moml.MoMLSimpleApplication@6bd53699
reloadAllAccessors: .TriggeredContinuousClock

===========================================================================================
----------------- testing Fri Sep 28 02:20:36 UTC 2018 /home/travis/build/icyphy/ptII/ptolemy/domains/continuous/test/auto/TwoMachineInfiniteBusControl.xml
----------------- Instantiating /home/travis/build/icyphy/ptII/ptolemy/domains/continuous/test/auto/TwoMachineInfiniteBusControl.xml
2659 ms. Memory: 355328K Free: 125340K (35%)
----------------- Invoking toplevel() on ptolemy.moml.MoMLSimpleApplication@74210e8b
----------------- Done invoking toplevel() on ptolemy.moml.MoMLSimpleApplication@74210e8b
reloadAllAccessors: .TwoMachineInfiniteBusControl

===========================================================================================
----------------- testing Fri Sep 28 02:20:39 UTC 2018 /home/travis/build/icyphy/ptII/ptolemy/domains/continuous/test/auto/V2V.xml
----------------- Instantiating /home/travis/build/icyphy/ptII/ptolemy/domains/continuous/test/auto/V2V.xml
661 ms. Memory: 349184K Free: 195504K (56%)
----------------- Invoking toplevel() on ptolemy.moml.MoMLSimpleApplication@280a5e10
----------------- Done invoking toplevel() on ptolemy.moml.MoMLSimpleApplication@280a5e10
reloadAllAccessors: .V2V

===========================================================================================
----------------- testing Fri Sep 28 02:20:40 UTC 2018 /home/travis/build/icyphy/ptII/ptolemy/domains/continuous/test/auto/hierarchicalModalModel.xml
----------------- Instantiating /home/travis/build/icyphy/ptII/ptolemy/domains/continuous/test/auto/hierarchicalModalModel.xml
8 ms. Memory: 349184K Free: 176473K (51%)
----------------- Invoking toplevel() on ptolemy.moml.MoMLSimpleApplication@5235861b
----------------- Done invoking toplevel() on ptolemy.moml.MoMLSimpleApplication@5235861b
reloadAllAccessors: .hierarchicalModalModel

===========================================================================================
----------------- testing Fri Sep 28 02:20:40 UTC 2018 /home/travis/build/icyphy/ptII/ptolemy/domains/continuous/test/auto/hierarchicalModalModel1.xml
----------------- Instantiating /home/travis/build/icyphy/ptII/ptolemy/domains/continuous/test/auto/hierarchicalModalModel1.xml
10 ms. Memory: 349184K Free: 159744K (46%)
----------------- Invoking toplevel() on ptolemy.moml.MoMLSimpleApplication@1671e4c4
----------------- Done invoking toplevel() on ptolemy.moml.MoMLSimpleApplication@1671e4c4
reloadAllAccessors: .hierarchicalModalModel1

===========================================================================================
----------------- testing Fri Sep 28 02:20:40 UTC 2018 /home/travis/build/icyphy/ptII/ptolemy/domains/continuous/test/auto/hierarchicalModalModel2.xml
----------------- Instantiating /home/travis/build/icyphy/ptII/ptolemy/domains/continuous/test/auto/hierarchicalModalModel2.xml
6 ms. Memory: 349184K Free: 144354K (41%)
----------------- Invoking toplevel() on ptolemy.moml.MoMLSimpleApplication@71686a20
----------------- Done invoking toplevel() on ptolemy.moml.MoMLSimpleApplication@71686a20
reloadAllAccessors: .hierarchicalModalModel2

===========================================================================================
----------------- testing Fri Sep 28 02:20:40 UTC 2018 /home/travis/build/icyphy/ptII/ptolemy/domains/continuous/test/auto/hierarchicalModalModel3.xml
----------------- Instantiating /home/travis/build/icyphy/ptII/ptolemy/domains/continuous/test/auto/hierarchicalModalModel3.xml
5 ms. Memory: 349184K Free: 131570K (38%)
----------------- Invoking toplevel() on ptolemy.moml.MoMLSimpleApplication@3c4a69b0
----------------- Done invoking toplevel() on ptolemy.moml.MoMLSimpleApplication@3c4a69b0
reloadAllAccessors: .hierarchicalModalModel3

===========================================================================================
----------------- testing Fri Sep 28 02:20:40 UTC 2018 /home/travis/build/icyphy/ptII/ptolemy/domains/continuous/test/auto/hierarchicalModalModel4.xml
----------------- Instantiating /home/travis/build/icyphy/ptII/ptolemy/domains/continuous/test/auto/hierarchicalModalModel4.xml
5 ms. Memory: 349184K Free: 116220K (33%)
----------------- Invoking toplevel() on ptolemy.moml.MoMLSimpleApplication@2f2d6929
----------------- Done invoking toplevel() on ptolemy.moml.MoMLSimpleApplication@2f2d6929
reloadAllAccessors: .hierarchicalModalModel4

===========================================================================================
----------------- testing Fri Sep 28 02:20:40 UTC 2018 /home/travis/build/icyphy/ptII/ptolemy/domains/continuous/test/auto/junk.xml
----------------- Instantiating /home/travis/build/icyphy/ptII/ptolemy/domains/continuous/test/auto/junk.xml
137 ms. Memory: 349184K Free: 83787K (24%)
----------------- Invoking toplevel() on ptolemy.moml.MoMLSimpleApplication@4f28f3e8
----------------- Done invoking toplevel() on ptolemy.moml.MoMLSimpleApplication@4f28f3e8
reloadAllAccessors: .junk
AutoTests.java: About to close Vertx.
AutoTests.java: Vertx closed.
]]></system-out>
  <system-err><![CDATA[Warning: '.HysteresisWithRandomDelay.NonStrictTest' The test produced only 221 tokens, yet the correctValues parameter was expecting 222 tokens.
Warning: '.HysteresisWithRandomDelay.NonStrictTest2' The test produced only 220 tokens, yet the correctValues parameter was expecting 221 tokens.
Warning: '.IncreasingRatePoisson.NonStrictTest' The test produced only 349 tokens, yet the correctValues parameter was expecting 402 tokens.
Warning: '.Poisson.NonStrictTest' The test produced only 395 tokens, yet the correctValues parameter was expecting 430 tokens.
]]></system-err>
</testsuite>
