<?xml version="1.0" encoding="UTF-8" ?>
<testsuite errors="0" failures="0" hostname="travis-job-a3d23872-dbc0-4430-925e-c2f5c4801806" name="ptolemy.domains.continuous.test.junit.JUnitTclTest" skipped="0" tests="156" time="70.282" timestamp="2021-08-23T21:25:45">
  <properties>
[...]
</properties>
  <testcase classname="ptolemy.util.test.junit.TclTests" name="[0] ThereAreNoTclTests (RunTclFile)" time="0.008" />
  <testcase classname="ptolemy.util.test.junit.AutoKnownFailedTests" name="[0] ThereAreNoKnowFailedTests (RunModel)" time="0.007" />
  <testcase classname="ptolemy.util.test.junit.AutoNameArchTests" name="[0] ThereAreNoAutoArchTests (RunModel)" time="0.018" />
  <testcase classname="ptolemy.util.test.junit.AutoTests" name="[0] /home/travis/build/icyphy/ptII/ptolemy/domains/continuous/test/auto/BouncingBall.xml (RunModel)" time="2.97" />
  <testcase classname="ptolemy.util.test.junit.AutoTests" name="[1] /home/travis/build/icyphy/ptII/ptolemy/domains/continuous/test/auto/BouncingBallWithoutGR.xml (RunModel)" time="0.759" />
  <testcase classname="ptolemy.util.test.junit.AutoTests" name="[2] /home/travis/build/icyphy/ptII/ptolemy/domains/continuous/test/auto/Brownian.xml (RunModel)" time="0.09" />
  <testcase classname="ptolemy.util.test.junit.AutoTests" name="[3] /home/travis/build/icyphy/ptII/ptolemy/domains/continuous/test/auto/CarTracking.xml (RunModel)" time="3.901" />
  <testcase classname="ptolemy.util.test.junit.AutoTests" name="[4] /home/travis/build/icyphy/ptII/ptolemy/domains/continuous/test/auto/CartPendulum.xml (RunModel)" time="0.469" />
  <testcase classname="ptolemy.util.test.junit.AutoTests" name="[5] /home/travis/build/icyphy/ptII/ptolemy/domains/continuous/test/auto/CausalityInterface10.xml (RunModel)" time="0.072" />
  <testcase classname="ptolemy.util.test.junit.AutoTests" name="[6] /home/travis/build/icyphy/ptII/ptolemy/domains/continuous/test/auto/CausalityInterface11.xml (RunModel)" time="0.048" />
  <testcase classname="ptolemy.util.test.junit.AutoTests" name="[7] /home/travis/build/icyphy/ptII/ptolemy/domains/continuous/test/auto/CausalityInterface12.xml (RunModel)" time="0.042" />
  <testcase classname="ptolemy.util.test.junit.AutoTests" name="[8] /home/travis/build/icyphy/ptII/ptolemy/domains/continuous/test/auto/CausalityInterface13.xml (RunModel)" time="0.04" />
  <testcase classname="ptolemy.util.test.junit.AutoTests" name="[9] /home/travis/build/icyphy/ptII/ptolemy/domains/continuous/test/auto/CausalityInterface14.xml (RunModel)" time="0.029" />
  <testcase classname="ptolemy.util.test.junit.AutoTests" name="[10] /home/travis/build/icyphy/ptII/ptolemy/domains/continuous/test/auto/CausalityInterface4.xml (RunModel)" time="0.029" />
  <testcase classname="ptolemy.util.test.junit.AutoTests" name="[11] /home/travis/build/icyphy/ptII/ptolemy/domains/continuous/test/auto/CausalityInterface5.xml (RunModel)" time="0.052" />
  <testcase classname="ptolemy.util.test.junit.AutoTests" name="[12] /home/travis/build/icyphy/ptII/ptolemy/domains/continuous/test/auto/CausalityInterface6.xml (RunModel)" time="0.024" />
  <testcase classname="ptolemy.util.test.junit.AutoTests" name="[13] /home/travis/build/icyphy/ptII/ptolemy/domains/continuous/test/auto/CausalityInterface7.xml (RunModel)" time="0.043" />
  <testcase classname="ptolemy.util.test.junit.AutoTests" name="[14] /home/travis/build/icyphy/ptII/ptolemy/domains/continuous/test/auto/CausalityInterface8.xml (RunModel)" time="0.045" />
  <testcase classname="ptolemy.util.test.junit.AutoTests" name="[15] /home/travis/build/icyphy/ptII/ptolemy/domains/continuous/test/auto/CausalityInterface9.xml (RunModel)" time="0.05" />
  <testcase classname="ptolemy.util.test.junit.AutoTests" name="[16] /home/travis/build/icyphy/ptII/ptolemy/domains/continuous/test/auto/CausalityInterfaceFeedback1.xml (RunModel)" time="0.027" />
  <testcase classname="ptolemy.util.test.junit.AutoTests" name="[17] /home/travis/build/icyphy/ptII/ptolemy/domains/continuous/test/auto/CausalityInterfaceFeedback2.xml (RunModel)" time="0.032" />
  <testcase classname="ptolemy.util.test.junit.AutoTests" name="[18] /home/travis/build/icyphy/ptII/ptolemy/domains/continuous/test/auto/CompareWithCurrentTime.xml (RunModel)" time="0.018" />
  <testcase classname="ptolemy.util.test.junit.AutoTests" name="[19] /home/travis/build/icyphy/ptII/ptolemy/domains/continuous/test/auto/ComparedClocks.xml (RunModel)" time="0.077" />
  <testcase classname="ptolemy.util.test.junit.AutoTests" name="[20] /home/travis/build/icyphy/ptII/ptolemy/domains/continuous/test/auto/ContinuousAOCClone.xml (RunModel)" time="2.287" />
  <testcase classname="ptolemy.util.test.junit.AutoTests" name="[21] /home/travis/build/icyphy/ptII/ptolemy/domains/continuous/test/auto/ContinuousClock.xml (RunModel)" time="0.108" />
  <testcase classname="ptolemy.util.test.junit.AutoTests" name="[22] /home/travis/build/icyphy/ptII/ptolemy/domains/continuous/test/auto/ContinuousInContinuous.xml (RunModel)" time="0.079" />
  <testcase classname="ptolemy.util.test.junit.AutoTests" name="[23] /home/travis/build/icyphy/ptII/ptolemy/domains/continuous/test/auto/ContinuousInContinuousInContinuous.xml (RunModel)" time="0.026" />
  <testcase classname="ptolemy.util.test.junit.AutoTests" name="[24] /home/travis/build/icyphy/ptII/ptolemy/domains/continuous/test/auto/ContinuousInDE.xml (RunModel)" time="0.079" />
  <testcase classname="ptolemy.util.test.junit.AutoTests" name="[25] /home/travis/build/icyphy/ptII/ptolemy/domains/continuous/test/auto/ContinuousInDE2.xml (RunModel)" time="0.054" />
  <testcase classname="ptolemy.util.test.junit.AutoTests" name="[26] /home/travis/build/icyphy/ptII/ptolemy/domains/continuous/test/auto/ContinuousInDE3.xml (RunModel)" time="0.059" />
  <testcase classname="ptolemy.util.test.junit.AutoTests" name="[27] /home/travis/build/icyphy/ptII/ptolemy/domains/continuous/test/auto/ContinuousInDE4.xml (RunModel)" time="0.026" />
  <testcase classname="ptolemy.util.test.junit.AutoTests" name="[28] /home/travis/build/icyphy/ptII/ptolemy/domains/continuous/test/auto/ContinuousInDEDifferentRefinements.xml (RunModel)" time="0.092" />
  <testcase classname="ptolemy.util.test.junit.AutoTests" name="[29] /home/travis/build/icyphy/ptII/ptolemy/domains/continuous/test/auto/ContinuousInDEDifferentRefinementsPreemptive.xml (RunModel)" time="0.094" />
  <testcase classname="ptolemy.util.test.junit.AutoTests" name="[30] /home/travis/build/icyphy/ptII/ptolemy/domains/continuous/test/auto/ContinuousInDEInContinuous2.xml (RunModel)" time="0.063" />
  <testcase classname="ptolemy.util.test.junit.AutoTests" name="[31] /home/travis/build/icyphy/ptII/ptolemy/domains/continuous/test/auto/ContinuousInDEInContinuous3.xml (RunModel)" time="0.061" />
  <testcase classname="ptolemy.util.test.junit.AutoTests" name="[32] /home/travis/build/icyphy/ptII/ptolemy/domains/continuous/test/auto/ContinuousInDEInput.xml (RunModel)" time="0.029" />
  <testcase classname="ptolemy.util.test.junit.AutoTests" name="[33] /home/travis/build/icyphy/ptII/ptolemy/domains/continuous/test/auto/ContinuousInDEInput2.xml (RunModel)" time="0.041" />
  <testcase classname="ptolemy.util.test.junit.AutoTests" name="[34] /home/travis/build/icyphy/ptII/ptolemy/domains/continuous/test/auto/ContinuousInDEInput3.xml (RunModel)" time="0.03" />
  <testcase classname="ptolemy.util.test.junit.AutoTests" name="[35] /home/travis/build/icyphy/ptII/ptolemy/domains/continuous/test/auto/ContinuousInDESharingRefinement.xml (RunModel)" time="0.158" />
  <testcase classname="ptolemy.util.test.junit.AutoTests" name="[36] /home/travis/build/icyphy/ptII/ptolemy/domains/continuous/test/auto/ContinuousInDEwithNoPorts.xml (RunModel)" time="0.017" />
  <testcase classname="ptolemy.util.test.junit.AutoTests" name="[37] /home/travis/build/icyphy/ptII/ptolemy/domains/continuous/test/auto/ContinuousInsideDE.xml (RunModel)" time="0.091" />
  <testcase classname="ptolemy.util.test.junit.AutoTests" name="[38] /home/travis/build/icyphy/ptII/ptolemy/domains/continuous/test/auto/ContinuousMerge1.xml (RunModel)" time="0.024" />
  <testcase classname="ptolemy.util.test.junit.AutoTests" name="[39] /home/travis/build/icyphy/ptII/ptolemy/domains/continuous/test/auto/ContinuousMerge2.xml (RunModel)" time="0.056" />
  <testcase classname="ptolemy.util.test.junit.AutoTests" name="[40] /home/travis/build/icyphy/ptII/ptolemy/domains/continuous/test/auto/ContinuousMerge3.xml (RunModel)" time="0.071" />
  <testcase classname="ptolemy.util.test.junit.AutoTests" name="[41] /home/travis/build/icyphy/ptII/ptolemy/domains/continuous/test/auto/ContinuousWithinContinuous.xml (RunModel)" time="0.06" />
  <testcase classname="ptolemy.util.test.junit.AutoTests" name="[42] /home/travis/build/icyphy/ptII/ptolemy/domains/continuous/test/auto/ContinuousWithinContinuous2.xml (RunModel)" time="0.091" />
  <testcase classname="ptolemy.util.test.junit.AutoTests" name="[43] /home/travis/build/icyphy/ptII/ptolemy/domains/continuous/test/auto/ContinuousWithinContinuous3.xml (RunModel)" time="0.032" />
  <testcase classname="ptolemy.util.test.junit.AutoTests" name="[44] /home/travis/build/icyphy/ptII/ptolemy/domains/continuous/test/auto/ContinuousWithinContinuous4.xml (RunModel)" time="0.093" />
  <testcase classname="ptolemy.util.test.junit.AutoTests" name="[45] /home/travis/build/icyphy/ptII/ptolemy/domains/continuous/test/auto/ContinuousWithinContinuous5.xml (RunModel)" time="0.035" />
  <testcase classname="ptolemy.util.test.junit.AutoTests" name="[46] /home/travis/build/icyphy/ptII/ptolemy/domains/continuous/test/auto/ContinuousWithinContinuous6.xml (RunModel)" time="0.037" />
  <testcase classname="ptolemy.util.test.junit.AutoTests" name="[47] /home/travis/build/icyphy/ptII/ptolemy/domains/continuous/test/auto/ContinuousWithinContinuous7.xml (RunModel)" time="0.077" />
  <testcase classname="ptolemy.util.test.junit.AutoTests" name="[48] /home/travis/build/icyphy/ptII/ptolemy/domains/continuous/test/auto/DCMotor.xml (RunModel)" time="14.36" />
  <testcase classname="ptolemy.util.test.junit.AutoTests" name="[49] /home/travis/build/icyphy/ptII/ptolemy/domains/continuous/test/auto/DEInContinuous.xml (RunModel)" time="0.022" />
  <testcase classname="ptolemy.util.test.junit.AutoTests" name="[50] /home/travis/build/icyphy/ptII/ptolemy/domains/continuous/test/auto/DEinContinuous2.xml (RunModel)" time="0.023" />
  <testcase classname="ptolemy.util.test.junit.AutoTests" name="[51] /home/travis/build/icyphy/ptII/ptolemy/domains/continuous/test/auto/Derivative.xml (RunModel)" time="0.177" />
  <testcase classname="ptolemy.util.test.junit.AutoTests" name="[52] /home/travis/build/icyphy/ptII/ptolemy/domains/continuous/test/auto/Derivative1.xml (RunModel)" time="0.036" />
  <testcase classname="ptolemy.util.test.junit.AutoTests" name="[53] /home/travis/build/icyphy/ptII/ptolemy/domains/continuous/test/auto/DiscreteClock.xml (RunModel)" time="0.013" />
  <testcase classname="ptolemy.util.test.junit.AutoTests" name="[54] /home/travis/build/icyphy/ptII/ptolemy/domains/continuous/test/auto/EfficiencyCurve.xml (RunModel)" time="0.068" />
  <testcase classname="ptolemy.util.test.junit.AutoTests" name="[55] /home/travis/build/icyphy/ptII/ptolemy/domains/continuous/test/auto/ExponentialResponse.xml (RunModel)" time="0.095" />
  <testcase classname="ptolemy.util.test.junit.AutoTests" name="[56] /home/travis/build/icyphy/ptII/ptolemy/domains/continuous/test/auto/ExponentialResponseRK45.xml (RunModel)" time="0.031" />
  <testcase classname="ptolemy.util.test.junit.AutoTests" name="[57] /home/travis/build/icyphy/ptII/ptolemy/domains/continuous/test/auto/Friction.xml (RunModel)" time="1.429" />
  <testcase classname="ptolemy.util.test.junit.AutoTests" name="[58] /home/travis/build/icyphy/ptII/ptolemy/domains/continuous/test/auto/FurutaPendulum.xml (RunModel)" time="2.852" />
  <testcase classname="ptolemy.util.test.junit.AutoTests" name="[59] /home/travis/build/icyphy/ptII/ptolemy/domains/continuous/test/auto/HierarchicalExecution.xml (RunModel)" time="1.998" />
  <testcase classname="ptolemy.util.test.junit.AutoTests" name="[60] /home/travis/build/icyphy/ptII/ptolemy/domains/continuous/test/auto/HybridPlant.xml (RunModel)" time="0.546" />
  <testcase classname="ptolemy.util.test.junit.AutoTests" name="[61] /home/travis/build/icyphy/ptII/ptolemy/domains/continuous/test/auto/Hysteresis.xml (RunModel)" time="0.188" />
  <testcase classname="ptolemy.util.test.junit.AutoTests" name="[62] /home/travis/build/icyphy/ptII/ptolemy/domains/continuous/test/auto/HysteresisWithRandomDelay.xml (RunModel)" time="0.196" />
  <testcase classname="ptolemy.util.test.junit.AutoTests" name="[63] /home/travis/build/icyphy/ptII/ptolemy/domains/continuous/test/auto/HysteresisWithRandomLosses.xml (RunModel)" time="2.305" />
  <testcase classname="ptolemy.util.test.junit.AutoTests" name="[64] /home/travis/build/icyphy/ptII/ptolemy/domains/continuous/test/auto/ImmediateTransitions.xml (RunModel)" time="0.035" />
  <testcase classname="ptolemy.util.test.junit.AutoTests" name="[65] /home/travis/build/icyphy/ptII/ptolemy/domains/continuous/test/auto/ImpulseFeedback.xml (RunModel)" time="0.017" />
  <testcase classname="ptolemy.util.test.junit.AutoTests" name="[66] /home/travis/build/icyphy/ptII/ptolemy/domains/continuous/test/auto/ImpulseFeedback2.xml (RunModel)" time="0.02" />
  <testcase classname="ptolemy.util.test.junit.AutoTests" name="[67] /home/travis/build/icyphy/ptII/ptolemy/domains/continuous/test/auto/IncreasingRatePoisson.xml (RunModel)" time="0.689" />
  <testcase classname="ptolemy.util.test.junit.AutoTests" name="[68] /home/travis/build/icyphy/ptII/ptolemy/domains/continuous/test/auto/InitialStateFeedback.xml (RunModel)" time="0.013" />
  <testcase classname="ptolemy.util.test.junit.AutoTests" name="[69] /home/travis/build/icyphy/ptII/ptolemy/domains/continuous/test/auto/Integration.xml (RunModel)" time="0.007" />
  <testcase classname="ptolemy.util.test.junit.AutoTests" name="[70] /home/travis/build/icyphy/ptII/ptolemy/domains/continuous/test/auto/Integration2.xml (RunModel)" time="0.077" />
  <testcase classname="ptolemy.util.test.junit.AutoTests" name="[71] /home/travis/build/icyphy/ptII/ptolemy/domains/continuous/test/auto/Integration3.xml (RunModel)" time="0.013" />
  <testcase classname="ptolemy.util.test.junit.AutoTests" name="[72] /home/travis/build/icyphy/ptII/ptolemy/domains/continuous/test/auto/Integration5.xml (RunModel)" time="0.01" />
  <testcase classname="ptolemy.util.test.junit.AutoTests" name="[73] /home/travis/build/icyphy/ptII/ptolemy/domains/continuous/test/auto/IntegratorImpulse.xml (RunModel)" time="0.008" />
  <testcase classname="ptolemy.util.test.junit.AutoTests" name="[74] /home/travis/build/icyphy/ptII/ptolemy/domains/continuous/test/auto/IntegratorImpulse2.xml (RunModel)" time="0.017" />
  <testcase classname="ptolemy.util.test.junit.AutoTests" name="[75] /home/travis/build/icyphy/ptII/ptolemy/domains/continuous/test/auto/LevelCrossing1.xml (RunModel)" time="0.015" />
  <testcase classname="ptolemy.util.test.junit.AutoTests" name="[76] /home/travis/build/icyphy/ptII/ptolemy/domains/continuous/test/auto/LevelCrossing2.xml (RunModel)" time="0.016" />
  <testcase classname="ptolemy.util.test.junit.AutoTests" name="[77] /home/travis/build/icyphy/ptII/ptolemy/domains/continuous/test/auto/LevelCrossing3.xml (RunModel)" time="0.011" />
  <testcase classname="ptolemy.util.test.junit.AutoTests" name="[78] /home/travis/build/icyphy/ptII/ptolemy/domains/continuous/test/auto/LevelCrossing4.xml (RunModel)" time="0.015" />
  <testcase classname="ptolemy.util.test.junit.AutoTests" name="[79] /home/travis/build/icyphy/ptII/ptolemy/domains/continuous/test/auto/LevelCrossing5.xml (RunModel)" time="0.014" />
  <testcase classname="ptolemy.util.test.junit.AutoTests" name="[80] /home/travis/build/icyphy/ptII/ptolemy/domains/continuous/test/auto/LevelCrossing6.xml (RunModel)" time="0.012" />
  <testcase classname="ptolemy.util.test.junit.AutoTests" name="[81] /home/travis/build/icyphy/ptII/ptolemy/domains/continuous/test/auto/LevelCrossingDetector.xml (RunModel)" time="0.042" />
  <testcase classname="ptolemy.util.test.junit.AutoTests" name="[82] /home/travis/build/icyphy/ptII/ptolemy/domains/continuous/test/auto/LevelCrossingDetectorDetectingDirections.xml (RunModel)" time="0.083" />
  <testcase classname="ptolemy.util.test.junit.AutoTests" name="[83] /home/travis/build/icyphy/ptII/ptolemy/domains/continuous/test/auto/LevelCrossingDetectorDetectsGlitches.xml (RunModel)" time="0.059" />
  <testcase classname="ptolemy.util.test.junit.AutoTests" name="[84] /home/travis/build/icyphy/ptII/ptolemy/domains/continuous/test/auto/LevelCrossingNoInitialOuput.xml (RunModel)" time="0.017" />
  <testcase classname="ptolemy.util.test.junit.AutoTests" name="[85] /home/travis/build/icyphy/ptII/ptolemy/domains/continuous/test/auto/LinearStateSpaceExample.xml (RunModel)" time="0.06" />
  <testcase classname="ptolemy.util.test.junit.AutoTests" name="[86] /home/travis/build/icyphy/ptII/ptolemy/domains/continuous/test/auto/Lorenz.xml (RunModel)" time="3.222" />
  <testcase classname="ptolemy.util.test.junit.AutoTests" name="[87] /home/travis/build/icyphy/ptII/ptolemy/domains/continuous/test/auto/LorenzDifferentialSystem.xml (RunModel)" time="0.858" />
  <testcase classname="ptolemy.util.test.junit.AutoTests" name="[88] /home/travis/build/icyphy/ptII/ptolemy/domains/continuous/test/auto/LorenzDifferentialSystemWithInput.xml (RunModel)" time="1.131" />
  <testcase classname="ptolemy.util.test.junit.AutoTests" name="[89] /home/travis/build/icyphy/ptII/ptolemy/domains/continuous/test/auto/LorenzDifferentialSystemWithTime.xml (RunModel)" time="0.627" />
  <testcase classname="ptolemy.util.test.junit.AutoTests" name="[90] /home/travis/build/icyphy/ptII/ptolemy/domains/continuous/test/auto/Microsteps.xml (RunModel)" time="0.029" />
  <testcase classname="ptolemy.util.test.junit.AutoTests" name="[91] /home/travis/build/icyphy/ptII/ptolemy/domains/continuous/test/auto/Modal1.xml (RunModel)" time="0.036" />
  <testcase classname="ptolemy.util.test.junit.AutoTests" name="[92] /home/travis/build/icyphy/ptII/ptolemy/domains/continuous/test/auto/Modal2.xml (RunModel)" time="0.052" />
  <testcase classname="ptolemy.util.test.junit.AutoTests" name="[93] /home/travis/build/icyphy/ptII/ptolemy/domains/continuous/test/auto/ModalTransitionGuardWithReset.xml (RunModel)" time="0.025" />
  <testcase classname="ptolemy.util.test.junit.AutoTests" name="[94] /home/travis/build/icyphy/ptII/ptolemy/domains/continuous/test/auto/ModalTransitionGuardWithResetUsingPreemptiveTransition.xml (RunModel)" time="0.026" />
  <testcase classname="ptolemy.util.test.junit.AutoTests" name="[95] /home/travis/build/icyphy/ptII/ptolemy/domains/continuous/test/auto/ModalTransitionGuardWithResetUsingPreemptiveTransition2.xml (RunModel)" time="0.024" />
  <testcase classname="ptolemy.util.test.junit.AutoTests" name="[96] /home/travis/build/icyphy/ptII/ptolemy/domains/continuous/test/auto/ModalTransitionGuardWithResetUsingPreemptiveTransition3.xml (RunModel)" time="0.026" />
  <testcase classname="ptolemy.util.test.junit.AutoTests" name="[97] /home/travis/build/icyphy/ptII/ptolemy/domains/continuous/test/auto/NewtonsCradle.xml (RunModel)" time="0.747" />
  <testcase classname="ptolemy.util.test.junit.AutoTests" name="[98] /home/travis/build/icyphy/ptII/ptolemy/domains/continuous/test/auto/NewtonsCradleAnimated.xml (RunModel)" time="1.25" />
  <testcase classname="ptolemy.util.test.junit.AutoTests" name="[99] /home/travis/build/icyphy/ptII/ptolemy/domains/continuous/test/auto/NewtonsCradleComplicated.xml (RunModel)" time="0.881" />
  <testcase classname="ptolemy.util.test.junit.AutoTests" name="[100] /home/travis/build/icyphy/ptII/ptolemy/domains/continuous/test/auto/NewtonsCradleNondeterministic.xml (RunModel)" time="0.673" />
  <testcase classname="ptolemy.util.test.junit.AutoTests" name="[101] /home/travis/build/icyphy/ptII/ptolemy/domains/continuous/test/auto/NewtonsCradlePerfectlyInelastic1.xml (RunModel)" time="1.132" />
  <testcase classname="ptolemy.util.test.junit.AutoTests" name="[102] /home/travis/build/icyphy/ptII/ptolemy/domains/continuous/test/auto/Noise.xml (RunModel)" time="0.213" />
  <testcase classname="ptolemy.util.test.junit.AutoTests" name="[103] /home/travis/build/icyphy/ptII/ptolemy/domains/continuous/test/auto/NoiseSpectrum.xml (RunModel)" time="0.709" />
  <testcase classname="ptolemy.util.test.junit.AutoTests" name="[104] /home/travis/build/icyphy/ptII/ptolemy/domains/continuous/test/auto/ParameterizedNewtonsCradleAnimated.xml (RunModel)" time="0.331" />
  <testcase classname="ptolemy.util.test.junit.AutoTests" name="[105] /home/travis/build/icyphy/ptII/ptolemy/domains/continuous/test/auto/ParameterizedNewtonsCradleAnimatedNondeterministic.xml (RunModel)" time="1.062" />
  <testcase classname="ptolemy.util.test.junit.AutoTests" name="[106] /home/travis/build/icyphy/ptII/ptolemy/domains/continuous/test/auto/Pendulum3D.xml (RunModel)" time="0.156" />
  <testcase classname="ptolemy.util.test.junit.AutoTests" name="[107] /home/travis/build/icyphy/ptII/ptolemy/domains/continuous/test/auto/PeriodicSampler.xml (RunModel)" time="0.009" />
  <testcase classname="ptolemy.util.test.junit.AutoTests" name="[108] /home/travis/build/icyphy/ptII/ptolemy/domains/continuous/test/auto/PeriodicSampler1.xml (RunModel)" time="0.047" />
  <testcase classname="ptolemy.util.test.junit.AutoTests" name="[109] /home/travis/build/icyphy/ptII/ptolemy/domains/continuous/test/auto/PeriodicSampler2.xml (RunModel)" time="0.077" />
  <testcase classname="ptolemy.util.test.junit.AutoTests" name="[110] /home/travis/build/icyphy/ptII/ptolemy/domains/continuous/test/auto/Poisson.xml (RunModel)" time="0.401" />
  <testcase classname="ptolemy.util.test.junit.AutoTests" name="[111] /home/travis/build/icyphy/ptII/ptolemy/domains/continuous/test/auto/PoissonClock.xml (RunModel)" time="0.013" />
  <testcase classname="ptolemy.util.test.junit.AutoTests" name="[112] /home/travis/build/icyphy/ptII/ptolemy/domains/continuous/test/auto/PoissonClock2.xml (RunModel)" time="0.01" />
  <testcase classname="ptolemy.util.test.junit.AutoTests" name="[113] /home/travis/build/icyphy/ptII/ptolemy/domains/continuous/test/auto/PortParameterHierarchy.xml (RunModel)" time="0.019" />
  <testcase classname="ptolemy.util.test.junit.AutoTests" name="[114] /home/travis/build/icyphy/ptII/ptolemy/domains/continuous/test/auto/RandomHybridPlant.xml (RunModel)" time="0.52" />
  <testcase classname="ptolemy.util.test.junit.AutoTests" name="[115] /home/travis/build/icyphy/ptII/ptolemy/domains/continuous/test/auto/ResetTransitionWithStartTime1.xml (RunModel)" time="0.032" />
  <testcase classname="ptolemy.util.test.junit.AutoTests" name="[116] /home/travis/build/icyphy/ptII/ptolemy/domains/continuous/test/auto/ResetTransitionWithStartTime2.xml (RunModel)" time="0.033" />
  <testcase classname="ptolemy.util.test.junit.AutoTests" name="[117] /home/travis/build/icyphy/ptII/ptolemy/domains/continuous/test/auto/ResetTransitionWithStartTime3.xml (RunModel)" time="0.031" />
  <testcase classname="ptolemy.util.test.junit.AutoTests" name="[118] /home/travis/build/icyphy/ptII/ptolemy/domains/continuous/test/auto/ResetTransitionWithStartTime4.xml (RunModel)" time="0.025" />
  <testcase classname="ptolemy.util.test.junit.AutoTests" name="[119] /home/travis/build/icyphy/ptII/ptolemy/domains/continuous/test/auto/ResetTransitionWithStartTime5.xml (RunModel)" time="0.028" />
  <testcase classname="ptolemy.util.test.junit.AutoTests" name="[120] /home/travis/build/icyphy/ptII/ptolemy/domains/continuous/test/auto/ResetTransitionWithStartTime6.xml (RunModel)" time="0.029" />
  <testcase classname="ptolemy.util.test.junit.AutoTests" name="[121] /home/travis/build/icyphy/ptII/ptolemy/domains/continuous/test/auto/SRinContinuous.xml (RunModel)" time="0.018" />
  <testcase classname="ptolemy.util.test.junit.AutoTests" name="[122] /home/travis/build/icyphy/ptII/ptolemy/domains/continuous/test/auto/SampledClocks.xml (RunModel)" time="0.031" />
  <testcase classname="ptolemy.util.test.junit.AutoTests" name="[123] /home/travis/build/icyphy/ptII/ptolemy/domains/continuous/test/auto/Satellite.xml (RunModel)" time="0.63" />
  <testcase classname="ptolemy.util.test.junit.AutoTests" name="[124] /home/travis/build/icyphy/ptII/ptolemy/domains/continuous/test/auto/SigmaDelta.xml (RunModel)" time="2.111" />
  <testcase classname="ptolemy.util.test.junit.AutoTests" name="[125] /home/travis/build/icyphy/ptII/ptolemy/domains/continuous/test/auto/SingleRefinement.xml (RunModel)" time="0.367" />
  <testcase classname="ptolemy.util.test.junit.AutoTests" name="[126] /home/travis/build/icyphy/ptII/ptolemy/domains/continuous/test/auto/SinuBouncingBall.xml (RunModel)" time="0.769" />
  <testcase classname="ptolemy.util.test.junit.AutoTests" name="[127] /home/travis/build/icyphy/ptII/ptolemy/domains/continuous/test/auto/Sinusoid.xml (RunModel)" time="0.011" />
  <testcase classname="ptolemy.util.test.junit.AutoTests" name="[128] /home/travis/build/icyphy/ptII/ptolemy/domains/continuous/test/auto/SinusoidInNoise.xml (RunModel)" time="0.875" />
  <testcase classname="ptolemy.util.test.junit.AutoTests" name="[129] /home/travis/build/icyphy/ptII/ptolemy/domains/continuous/test/auto/SinusoidRK45.xml (RunModel)" time="0.016" />
  <testcase classname="ptolemy.util.test.junit.AutoTests" name="[130] /home/travis/build/icyphy/ptII/ptolemy/domains/continuous/test/auto/SinusoidWithMultipleImpulses.xml (RunModel)" time="0.009" />
  <testcase classname="ptolemy.util.test.junit.AutoTests" name="[131] /home/travis/build/icyphy/ptII/ptolemy/domains/continuous/test/auto/SquareWave.xml (RunModel)" time="0.16" />
  <testcase classname="ptolemy.util.test.junit.AutoTests" name="[132] /home/travis/build/icyphy/ptII/ptolemy/domains/continuous/test/auto/Starmac.xml (RunModel)" time="3.344" />
  <testcase classname="ptolemy.util.test.junit.AutoTests" name="[133] /home/travis/build/icyphy/ptII/ptolemy/domains/continuous/test/auto/StaticUnits.xml (RunModel)" time="2.349" />
  <testcase classname="ptolemy.util.test.junit.AutoTests" name="[134] /home/travis/build/icyphy/ptII/ptolemy/domains/continuous/test/auto/StickyMasses.xml (RunModel)" time="0.169" />
  <testcase classname="ptolemy.util.test.junit.AutoTests" name="[135] /home/travis/build/icyphy/ptII/ptolemy/domains/continuous/test/auto/StopTime.xml (RunModel)" time="0.13" />
  <testcase classname="ptolemy.util.test.junit.AutoTests" name="[136] /home/travis/build/icyphy/ptII/ptolemy/domains/continuous/test/auto/StopTime2.xml (RunModel)" time="0.073" />
  <testcase classname="ptolemy.util.test.junit.AutoTests" name="[137] /home/travis/build/icyphy/ptII/ptolemy/domains/continuous/test/auto/Switch.xml (RunModel)" time="0.058" />
  <testcase classname="ptolemy.util.test.junit.AutoTests" name="[138] /home/travis/build/icyphy/ptII/ptolemy/domains/continuous/test/auto/Thermostat.xml (RunModel)" time="0.194" />
  <testcase classname="ptolemy.util.test.junit.AutoTests" name="[139] /home/travis/build/icyphy/ptII/ptolemy/domains/continuous/test/auto/TimeDelay.xml (RunModel)" time="0.013" />
  <testcase classname="ptolemy.util.test.junit.AutoTests" name="[140] /home/travis/build/icyphy/ptII/ptolemy/domains/continuous/test/auto/TimeDelay2.xml (RunModel)" time="0.025" />
  <testcase classname="ptolemy.util.test.junit.AutoTests" name="[141] /home/travis/build/icyphy/ptII/ptolemy/domains/continuous/test/auto/TimeDelay3.xml (RunModel)" time="0.01" />
  <testcase classname="ptolemy.util.test.junit.AutoTests" name="[142] /home/travis/build/icyphy/ptII/ptolemy/domains/continuous/test/auto/TransferAbsentToInside.xml (RunModel)" time="0.089" />
  <testcase classname="ptolemy.util.test.junit.AutoTests" name="[143] /home/travis/build/icyphy/ptII/ptolemy/domains/continuous/test/auto/Transmission.xml (RunModel)" time="0.748" />
  <testcase classname="ptolemy.util.test.junit.AutoTests" name="[144] /home/travis/build/icyphy/ptII/ptolemy/domains/continuous/test/auto/TriggeredContinuousClock.xml (RunModel)" time="0.069" />
  <testcase classname="ptolemy.util.test.junit.AutoTests" name="[145] /home/travis/build/icyphy/ptII/ptolemy/domains/continuous/test/auto/TwoMachineInfiniteBusControl.xml (RunModel)" time="2.603" />
  <testcase classname="ptolemy.util.test.junit.AutoTests" name="[146] /home/travis/build/icyphy/ptII/ptolemy/domains/continuous/test/auto/V2V.xml (RunModel)" time="0.764" />
  <testcase classname="ptolemy.util.test.junit.AutoTests" name="[147] /home/travis/build/icyphy/ptII/ptolemy/domains/continuous/test/auto/hierarchicalModalModel.xml (RunModel)" time="0.032" />
  <testcase classname="ptolemy.util.test.junit.AutoTests" name="[148] /home/travis/build/icyphy/ptII/ptolemy/domains/continuous/test/auto/hierarchicalModalModel1.xml (RunModel)" time="0.026" />
  <testcase classname="ptolemy.util.test.junit.AutoTests" name="[149] /home/travis/build/icyphy/ptII/ptolemy/domains/continuous/test/auto/hierarchicalModalModel2.xml (RunModel)" time="0.024" />
  <testcase classname="ptolemy.util.test.junit.AutoTests" name="[150] /home/travis/build/icyphy/ptII/ptolemy/domains/continuous/test/auto/hierarchicalModalModel3.xml (RunModel)" time="0.02" />
  <testcase classname="ptolemy.util.test.junit.AutoTests" name="[151] /home/travis/build/icyphy/ptII/ptolemy/domains/continuous/test/auto/hierarchicalModalModel4.xml (RunModel)" time="0.022" />
  <testcase classname="ptolemy.util.test.junit.AutoTests" name="[152] /home/travis/build/icyphy/ptII/ptolemy/domains/continuous/test/auto/junk.xml (RunModel)" time="0.125" />
  <system-out><![CDATA[No tcl tests in /home/travis/build/icyphy/ptII/ptolemy/domains/continuous/test
No auto/knownFailedTests/*.xml tests in /home/travis/build/icyphy/ptII/ptolemy/domains/continuous/test
No auto/linux-amd64/*.xml tests in /home/travis/build/icyphy/ptII/ptolemy/domains/continuous/test
AutoTests.java: About to close Vertx.
AutoTests.java: Vertx closed.

===========================================================================================
----------------- testing Mon Aug 23 21:25:46 UTC 2021 /home/travis/build/icyphy/ptII/ptolemy/domains/continuous/test/auto/BouncingBall.xml
----------------- Instantiating /home/travis/build/icyphy/ptII/ptolemy/domains/continuous/test/auto/BouncingBall.xml
2324 ms. Memory: 155648K Free: 55809K (36%)
----------------- Invoking toplevel() on ptolemy.moml.MoMLSimpleApplication@3c2b036b
----------------- Done invoking toplevel() on ptolemy.moml.MoMLSimpleApplication@3c2b036b
reloadAllAccessors: .BouncingBall

===========================================================================================
----------------- testing Mon Aug 23 21:25:49 UTC 2021 /home/travis/build/icyphy/ptII/ptolemy/domains/continuous/test/auto/BouncingBallWithoutGR.xml
----------------- Instantiating /home/travis/build/icyphy/ptII/ptolemy/domains/continuous/test/auto/BouncingBallWithoutGR.xml
597 ms. Memory: 155648K Free: 58225K (37%)
----------------- Invoking toplevel() on ptolemy.moml.MoMLSimpleApplication@35bf7fd5
----------------- Done invoking toplevel() on ptolemy.moml.MoMLSimpleApplication@35bf7fd5
reloadAllAccessors: .BouncingBallWithoutGR

===========================================================================================
----------------- testing Mon Aug 23 21:25:50 UTC 2021 /home/travis/build/icyphy/ptII/ptolemy/domains/continuous/test/auto/Brownian.xml
----------------- Instantiating /home/travis/build/icyphy/ptII/ptolemy/domains/continuous/test/auto/Brownian.xml
22 ms. Memory: 155648K Free: 49529K (32%)
----------------- Invoking toplevel() on ptolemy.moml.MoMLSimpleApplication@678bbdf8
----------------- Done invoking toplevel() on ptolemy.moml.MoMLSimpleApplication@678bbdf8
reloadAllAccessors: .Brownian

===========================================================================================
----------------- testing Mon Aug 23 21:25:50 UTC 2021 /home/travis/build/icyphy/ptII/ptolemy/domains/continuous/test/auto/CarTracking.xml
----------------- Instantiating /home/travis/build/icyphy/ptII/ptolemy/domains/continuous/test/auto/CarTracking.xml
3484 ms. Memory: 225280K Free: 98378K (44%)
----------------- Invoking toplevel() on ptolemy.moml.MoMLSimpleApplication@71c231f1
----------------- Done invoking toplevel() on ptolemy.moml.MoMLSimpleApplication@71c231f1
reloadAllAccessors: .CarTracking

===========================================================================================
----------------- testing Mon Aug 23 21:25:54 UTC 2021 /home/travis/build/icyphy/ptII/ptolemy/domains/continuous/test/auto/CartPendulum.xml
----------------- Instantiating /home/travis/build/icyphy/ptII/ptolemy/domains/continuous/test/auto/CartPendulum.xml
340 ms. Memory: 225280K Free: 142240K (63%)
----------------- Invoking toplevel() on ptolemy.moml.MoMLSimpleApplication@3ad587c0
----------------- Done invoking toplevel() on ptolemy.moml.MoMLSimpleApplication@3ad587c0
reloadAllAccessors: .CartPendulum

===========================================================================================
----------------- testing Mon Aug 23 21:25:54 UTC 2021 /home/travis/build/icyphy/ptII/ptolemy/domains/continuous/test/auto/CausalityInterface10.xml
----------------- Instantiating /home/travis/build/icyphy/ptII/ptolemy/domains/continuous/test/auto/CausalityInterface10.xml
5 ms. Memory: 225280K Free: 131486K (58%)
----------------- Invoking toplevel() on ptolemy.moml.MoMLSimpleApplication@6d9d85ab
----------------- Done invoking toplevel() on ptolemy.moml.MoMLSimpleApplication@6d9d85ab
reloadAllAccessors: .CausalityInterface10

===========================================================================================
----------------- testing Mon Aug 23 21:25:54 UTC 2021 /home/travis/build/icyphy/ptII/ptolemy/domains/continuous/test/auto/CausalityInterface11.xml
----------------- Instantiating /home/travis/build/icyphy/ptII/ptolemy/domains/continuous/test/auto/CausalityInterface11.xml
7 ms. Memory: 225280K Free: 125856K (56%)
----------------- Invoking toplevel() on ptolemy.moml.MoMLSimpleApplication@29826ee4
----------------- Done invoking toplevel() on ptolemy.moml.MoMLSimpleApplication@29826ee4
reloadAllAccessors: .CausalityInterface11

===========================================================================================
----------------- testing Mon Aug 23 21:25:54 UTC 2021 /home/travis/build/icyphy/ptII/ptolemy/domains/continuous/test/auto/CausalityInterface12.xml
----------------- Instantiating /home/travis/build/icyphy/ptII/ptolemy/domains/continuous/test/auto/CausalityInterface12.xml
9 ms. Memory: 225280K Free: 119712K (53%)
----------------- Invoking toplevel() on ptolemy.moml.MoMLSimpleApplication@2ea76482
----------------- Done invoking toplevel() on ptolemy.moml.MoMLSimpleApplication@2ea76482
reloadAllAccessors: .CausalityInterface12

===========================================================================================
----------------- testing Mon Aug 23 21:25:54 UTC 2021 /home/travis/build/icyphy/ptII/ptolemy/domains/continuous/test/auto/CausalityInterface13.xml
----------------- Instantiating /home/travis/build/icyphy/ptII/ptolemy/domains/continuous/test/auto/CausalityInterface13.xml
8 ms. Memory: 225280K Free: 113568K (50%)
----------------- Invoking toplevel() on ptolemy.moml.MoMLSimpleApplication@5539191b
----------------- Done invoking toplevel() on ptolemy.moml.MoMLSimpleApplication@5539191b
reloadAllAccessors: .CausalityInterface13

===========================================================================================
----------------- testing Mon Aug 23 21:25:55 UTC 2021 /home/travis/build/icyphy/ptII/ptolemy/domains/continuous/test/auto/CausalityInterface14.xml
----------------- Instantiating /home/travis/build/icyphy/ptII/ptolemy/domains/continuous/test/auto/CausalityInterface14.xml
5 ms. Memory: 225280K Free: 107920K (48%)
----------------- Invoking toplevel() on ptolemy.moml.MoMLSimpleApplication@78df2c68
----------------- Done invoking toplevel() on ptolemy.moml.MoMLSimpleApplication@78df2c68
reloadAllAccessors: .CausalityInterface14

===========================================================================================
----------------- testing Mon Aug 23 21:25:55 UTC 2021 /home/travis/build/icyphy/ptII/ptolemy/domains/continuous/test/auto/CausalityInterface4.xml
----------------- Instantiating /home/travis/build/icyphy/ptII/ptolemy/domains/continuous/test/auto/CausalityInterface4.xml
6 ms. Memory: 225280K Free: 101280K (45%)
----------------- Invoking toplevel() on ptolemy.moml.MoMLSimpleApplication@6866db53
----------------- Done invoking toplevel() on ptolemy.moml.MoMLSimpleApplication@6866db53
reloadAllAccessors: .CausalityInterface4

===========================================================================================
----------------- testing Mon Aug 23 21:25:55 UTC 2021 /home/travis/build/icyphy/ptII/ptolemy/domains/continuous/test/auto/CausalityInterface5.xml
----------------- Instantiating /home/travis/build/icyphy/ptII/ptolemy/domains/continuous/test/auto/CausalityInterface5.xml
3 ms. Memory: 225280K Free: 93088K (41%)
----------------- Invoking toplevel() on ptolemy.moml.MoMLSimpleApplication@7faad6fe
----------------- Done invoking toplevel() on ptolemy.moml.MoMLSimpleApplication@7faad6fe
reloadAllAccessors: .CausalityInterface5

===========================================================================================
----------------- testing Mon Aug 23 21:25:55 UTC 2021 /home/travis/build/icyphy/ptII/ptolemy/domains/continuous/test/auto/CausalityInterface6.xml
----------------- Instantiating /home/travis/build/icyphy/ptII/ptolemy/domains/continuous/test/auto/CausalityInterface6.xml
5 ms. Memory: 225280K Free: 87440K (39%)
----------------- Invoking toplevel() on ptolemy.moml.MoMLSimpleApplication@5c1ceb77
----------------- Done invoking toplevel() on ptolemy.moml.MoMLSimpleApplication@5c1ceb77
reloadAllAccessors: .CausalityInterface6

===========================================================================================
----------------- testing Mon Aug 23 21:25:55 UTC 2021 /home/travis/build/icyphy/ptII/ptolemy/domains/continuous/test/auto/CausalityInterface7.xml
----------------- Instantiating /home/travis/build/icyphy/ptII/ptolemy/domains/continuous/test/auto/CausalityInterface7.xml
9 ms. Memory: 225280K Free: 78752K (35%)
----------------- Invoking toplevel() on ptolemy.moml.MoMLSimpleApplication@1eb0330f
----------------- Done invoking toplevel() on ptolemy.moml.MoMLSimpleApplication@1eb0330f
reloadAllAccessors: .CausalityInterface7

===========================================================================================
----------------- testing Mon Aug 23 21:25:55 UTC 2021 /home/travis/build/icyphy/ptII/ptolemy/domains/continuous/test/auto/CausalityInterface8.xml
----------------- Instantiating /home/travis/build/icyphy/ptII/ptolemy/domains/continuous/test/auto/CausalityInterface8.xml
7 ms. Memory: 225280K Free: 203624K (90%)
----------------- Invoking toplevel() on ptolemy.moml.MoMLSimpleApplication@5afbc564
----------------- Done invoking toplevel() on ptolemy.moml.MoMLSimpleApplication@5afbc564
reloadAllAccessors: .CausalityInterface8

===========================================================================================
----------------- testing Mon Aug 23 21:25:55 UTC 2021 /home/travis/build/icyphy/ptII/ptolemy/domains/continuous/test/auto/CausalityInterface9.xml
----------------- Instantiating /home/travis/build/icyphy/ptII/ptolemy/domains/continuous/test/auto/CausalityInterface9.xml
9 ms. Memory: 225280K Free: 192374K (85%)
----------------- Invoking toplevel() on ptolemy.moml.MoMLSimpleApplication@18280cd9
----------------- Done invoking toplevel() on ptolemy.moml.MoMLSimpleApplication@18280cd9
reloadAllAccessors: .CausalityInterface9

===========================================================================================
----------------- testing Mon Aug 23 21:25:55 UTC 2021 /home/travis/build/icyphy/ptII/ptolemy/domains/continuous/test/auto/CausalityInterfaceFeedback1.xml
----------------- Instantiating /home/travis/build/icyphy/ptII/ptolemy/domains/continuous/test/auto/CausalityInterfaceFeedback1.xml
6 ms. Memory: 225280K Free: 185720K (82%)
----------------- Invoking toplevel() on ptolemy.moml.MoMLSimpleApplication@4160606c
----------------- Done invoking toplevel() on ptolemy.moml.MoMLSimpleApplication@4160606c
reloadAllAccessors: .CausalityInterfaceFeedback1

===========================================================================================
----------------- testing Mon Aug 23 21:25:55 UTC 2021 /home/travis/build/icyphy/ptII/ptolemy/domains/continuous/test/auto/CausalityInterfaceFeedback2.xml
----------------- Instantiating /home/travis/build/icyphy/ptII/ptolemy/domains/continuous/test/auto/CausalityInterfaceFeedback2.xml
5 ms. Memory: 225280K Free: 179032K (79%)
----------------- Invoking toplevel() on ptolemy.moml.MoMLSimpleApplication@3896bc42
----------------- Done invoking toplevel() on ptolemy.moml.MoMLSimpleApplication@3896bc42
reloadAllAccessors: .CausalityInterfaceFeedback2

===========================================================================================
----------------- testing Mon Aug 23 21:25:55 UTC 2021 /home/travis/build/icyphy/ptII/ptolemy/domains/continuous/test/auto/CompareWithCurrentTime.xml
----------------- Instantiating /home/travis/build/icyphy/ptII/ptolemy/domains/continuous/test/auto/CompareWithCurrentTime.xml
3 ms. Memory: 225280K Free: 174966K (78%)
----------------- Invoking toplevel() on ptolemy.moml.MoMLSimpleApplication@3146082d
----------------- Done invoking toplevel() on ptolemy.moml.MoMLSimpleApplication@3146082d
reloadAllAccessors: .CompareWithCurrentTime

===========================================================================================
----------------- testing Mon Aug 23 21:25:55 UTC 2021 /home/travis/build/icyphy/ptII/ptolemy/domains/continuous/test/auto/ComparedClocks.xml
----------------- Instantiating /home/travis/build/icyphy/ptII/ptolemy/domains/continuous/test/auto/ComparedClocks.xml
13 ms. Memory: 225280K Free: 159592K (71%)
----------------- Invoking toplevel() on ptolemy.moml.MoMLSimpleApplication@1e9fad5e
----------------- Done invoking toplevel() on ptolemy.moml.MoMLSimpleApplication@1e9fad5e
reloadAllAccessors: .ComparedClocks

===========================================================================================
----------------- testing Mon Aug 23 21:25:55 UTC 2021 /home/travis/build/icyphy/ptII/ptolemy/domains/continuous/test/auto/ContinuousAOCClone.xml
----------------- Instantiating /home/travis/build/icyphy/ptII/ptolemy/domains/continuous/test/auto/ContinuousAOCClone.xml
2101 ms. Memory: 270336K Free: 249382K (92%)
----------------- Invoking toplevel() on ptolemy.moml.MoMLSimpleApplication@bccdc7f
----------------- Done invoking toplevel() on ptolemy.moml.MoMLSimpleApplication@bccdc7f
reloadAllAccessors: .ContinuousAOCClone

===========================================================================================
----------------- testing Mon Aug 23 21:25:58 UTC 2021 /home/travis/build/icyphy/ptII/ptolemy/domains/continuous/test/auto/ContinuousClock.xml
----------------- Instantiating /home/travis/build/icyphy/ptII/ptolemy/domains/continuous/test/auto/ContinuousClock.xml
39 ms. Memory: 270336K Free: 227368K (84%)
----------------- Invoking toplevel() on ptolemy.moml.MoMLSimpleApplication@751da7c4
----------------- Done invoking toplevel() on ptolemy.moml.MoMLSimpleApplication@751da7c4
reloadAllAccessors: .ContinuousClock

===========================================================================================
----------------- testing Mon Aug 23 21:25:58 UTC 2021 /home/travis/build/icyphy/ptII/ptolemy/domains/continuous/test/auto/ContinuousInContinuous.xml
----------------- Instantiating /home/travis/build/icyphy/ptII/ptolemy/domains/continuous/test/auto/ContinuousInContinuous.xml
38 ms. Memory: 270336K Free: 203816K (75%)
----------------- Invoking toplevel() on ptolemy.moml.MoMLSimpleApplication@5bf9357e
----------------- Done invoking toplevel() on ptolemy.moml.MoMLSimpleApplication@5bf9357e
reloadAllAccessors: .ContinuousInContinuous

===========================================================================================
----------------- testing Mon Aug 23 21:25:58 UTC 2021 /home/travis/build/icyphy/ptII/ptolemy/domains/continuous/test/auto/ContinuousInContinuousInContinuous.xml
----------------- Instantiating /home/travis/build/icyphy/ptII/ptolemy/domains/continuous/test/auto/ContinuousInContinuousInContinuous.xml
5 ms. Memory: 270336K Free: 196134K (73%)
----------------- Invoking toplevel() on ptolemy.moml.MoMLSimpleApplication@7a4668b3
----------------- Done invoking toplevel() on ptolemy.moml.MoMLSimpleApplication@7a4668b3
reloadAllAccessors: .ContinuousInContinuousInContinuous

===========================================================================================
----------------- testing Mon Aug 23 21:25:58 UTC 2021 /home/travis/build/icyphy/ptII/ptolemy/domains/continuous/test/auto/ContinuousInDE.xml
----------------- Instantiating /home/travis/build/icyphy/ptII/ptolemy/domains/continuous/test/auto/ContinuousInDE.xml
62 ms. Memory: 270336K Free: 185384K (69%)
----------------- Invoking toplevel() on ptolemy.moml.MoMLSimpleApplication@20a4f2a8
----------------- Done invoking toplevel() on ptolemy.moml.MoMLSimpleApplication@20a4f2a8
reloadAllAccessors: .ContinuousInDE

===========================================================================================
----------------- testing Mon Aug 23 21:25:58 UTC 2021 /home/travis/build/icyphy/ptII/ptolemy/domains/continuous/test/auto/ContinuousInDE2.xml
----------------- Instantiating /home/travis/build/icyphy/ptII/ptolemy/domains/continuous/test/auto/ContinuousInDE2.xml
44 ms. Memory: 270336K Free: 176168K (65%)
----------------- Invoking toplevel() on ptolemy.moml.MoMLSimpleApplication@65ab9ac2
----------------- Done invoking toplevel() on ptolemy.moml.MoMLSimpleApplication@65ab9ac2
reloadAllAccessors: .ContinuousInDE2

===========================================================================================
----------------- testing Mon Aug 23 21:25:58 UTC 2021 /home/travis/build/icyphy/ptII/ptolemy/domains/continuous/test/auto/ContinuousInDE3.xml
----------------- Instantiating /home/travis/build/icyphy/ptII/ptolemy/domains/continuous/test/auto/ContinuousInDE3.xml
35 ms. Memory: 270336K Free: 166438K (62%)
----------------- Invoking toplevel() on ptolemy.moml.MoMLSimpleApplication@62dbac12
----------------- Done invoking toplevel() on ptolemy.moml.MoMLSimpleApplication@62dbac12
reloadAllAccessors: .ContinuousInDE3

===========================================================================================
----------------- testing Mon Aug 23 21:25:58 UTC 2021 /home/travis/build/icyphy/ptII/ptolemy/domains/continuous/test/auto/ContinuousInDE4.xml
----------------- Instantiating /home/travis/build/icyphy/ptII/ptolemy/domains/continuous/test/auto/ContinuousInDE4.xml
12 ms. Memory: 270336K Free: 160294K (59%)
----------------- Invoking toplevel() on ptolemy.moml.MoMLSimpleApplication@12f6647d
----------------- Done invoking toplevel() on ptolemy.moml.MoMLSimpleApplication@12f6647d
reloadAllAccessors: .ContinuousInDE4

===========================================================================================
----------------- testing Mon Aug 23 21:25:58 UTC 2021 /home/travis/build/icyphy/ptII/ptolemy/domains/continuous/test/auto/ContinuousInDEDifferentRefinements.xml
----------------- Instantiating /home/travis/build/icyphy/ptII/ptolemy/domains/continuous/test/auto/ContinuousInDEDifferentRefinements.xml
54 ms. Memory: 270336K Free: 129064K (48%)
----------------- Invoking toplevel() on ptolemy.moml.MoMLSimpleApplication@3471bf47
----------------- Done invoking toplevel() on ptolemy.moml.MoMLSimpleApplication@3471bf47
reloadAllAccessors: .ContinuousInDEDifferentRefinements

===========================================================================================
----------------- testing Mon Aug 23 21:25:58 UTC 2021 /home/travis/build/icyphy/ptII/ptolemy/domains/continuous/test/auto/ContinuousInDEDifferentRefinementsPreemptive.xml
----------------- Instantiating /home/travis/build/icyphy/ptII/ptolemy/domains/continuous/test/auto/ContinuousInDEDifferentRefinementsPreemptive.xml
46 ms. Memory: 270336K Free: 98344K (36%)
----------------- Invoking toplevel() on ptolemy.moml.MoMLSimpleApplication@7c126f93
----------------- Done invoking toplevel() on ptolemy.moml.MoMLSimpleApplication@7c126f93
reloadAllAccessors: .ContinuousInDEDifferentRefinementsPreemptive

===========================================================================================
----------------- testing Mon Aug 23 21:25:58 UTC 2021 /home/travis/build/icyphy/ptII/ptolemy/domains/continuous/test/auto/ContinuousInDEInContinuous2.xml
----------------- Instantiating /home/travis/build/icyphy/ptII/ptolemy/domains/continuous/test/auto/ContinuousInDEInContinuous2.xml
34 ms. Memory: 270336K Free: 247749K (92%)
----------------- Invoking toplevel() on ptolemy.moml.MoMLSimpleApplication@31323167
----------------- Done invoking toplevel() on ptolemy.moml.MoMLSimpleApplication@31323167
reloadAllAccessors: .ContinuousInDEInContinuous2

===========================================================================================
----------------- testing Mon Aug 23 21:25:58 UTC 2021 /home/travis/build/icyphy/ptII/ptolemy/domains/continuous/test/auto/ContinuousInDEInContinuous3.xml
----------------- Instantiating /home/travis/build/icyphy/ptII/ptolemy/domains/continuous/test/auto/ContinuousInDEInContinuous3.xml
38 ms. Memory: 270336K Free: 235461K (87%)
----------------- Invoking toplevel() on ptolemy.moml.MoMLSimpleApplication@7d11510b
----------------- Done invoking toplevel() on ptolemy.moml.MoMLSimpleApplication@7d11510b
reloadAllAccessors: .ContinuousInDEInContinuous3

===========================================================================================
----------------- testing Mon Aug 23 21:25:58 UTC 2021 /home/travis/build/icyphy/ptII/ptolemy/domains/continuous/test/auto/ContinuousInDEInput.xml
----------------- Instantiating /home/travis/build/icyphy/ptII/ptolemy/domains/continuous/test/auto/ContinuousInDEInput.xml
15 ms. Memory: 270336K Free: 228293K (84%)
----------------- Invoking toplevel() on ptolemy.moml.MoMLSimpleApplication@45086f4d
----------------- Done invoking toplevel() on ptolemy.moml.MoMLSimpleApplication@45086f4d
reloadAllAccessors: .ContinuousInDEInput

===========================================================================================
----------------- testing Mon Aug 23 21:25:58 UTC 2021 /home/travis/build/icyphy/ptII/ptolemy/domains/continuous/test/auto/ContinuousInDEInput2.xml
----------------- Instantiating /home/travis/build/icyphy/ptII/ptolemy/domains/continuous/test/auto/ContinuousInDEInput2.xml
14 ms. Memory: 270336K Free: 221125K (82%)
----------------- Invoking toplevel() on ptolemy.moml.MoMLSimpleApplication@198173e4
----------------- Done invoking toplevel() on ptolemy.moml.MoMLSimpleApplication@198173e4
reloadAllAccessors: .ContinuousInDEInput2

===========================================================================================
----------------- testing Mon Aug 23 21:25:58 UTC 2021 /home/travis/build/icyphy/ptII/ptolemy/domains/continuous/test/auto/ContinuousInDEInput3.xml
----------------- Instantiating /home/travis/build/icyphy/ptII/ptolemy/domains/continuous/test/auto/ContinuousInDEInput3.xml
14 ms. Memory: 270336K Free: 213957K (79%)
----------------- Invoking toplevel() on ptolemy.moml.MoMLSimpleApplication@1b1426df
----------------- Done invoking toplevel() on ptolemy.moml.MoMLSimpleApplication@1b1426df
reloadAllAccessors: .ContinuousInDEInput3

===========================================================================================
----------------- testing Mon Aug 23 21:25:59 UTC 2021 /home/travis/build/icyphy/ptII/ptolemy/domains/continuous/test/auto/ContinuousInDESharingRefinement.xml
----------------- Instantiating /home/travis/build/icyphy/ptII/ptolemy/domains/continuous/test/auto/ContinuousInDESharingRefinement.xml
136 ms. Memory: 270336K Free: 119749K (44%)
----------------- Invoking toplevel() on ptolemy.moml.MoMLSimpleApplication@8eadb6
----------------- Done invoking toplevel() on ptolemy.moml.MoMLSimpleApplication@8eadb6
reloadAllAccessors: .ContinuousInDESharingRefinement

===========================================================================================
----------------- testing Mon Aug 23 21:25:59 UTC 2021 /home/travis/build/icyphy/ptII/ptolemy/domains/continuous/test/auto/ContinuousInDEwithNoPorts.xml
----------------- Instantiating /home/travis/build/icyphy/ptII/ptolemy/domains/continuous/test/auto/ContinuousInDEwithNoPorts.xml
6 ms. Memory: 270336K Free: 115653K (43%)
----------------- Invoking toplevel() on ptolemy.moml.MoMLSimpleApplication@342fdd15
----------------- Done invoking toplevel() on ptolemy.moml.MoMLSimpleApplication@342fdd15
reloadAllAccessors: .ContinuousInDEwithNoPorts

===========================================================================================
----------------- testing Mon Aug 23 21:25:59 UTC 2021 /home/travis/build/icyphy/ptII/ptolemy/domains/continuous/test/auto/ContinuousInsideDE.xml
----------------- Instantiating /home/travis/build/icyphy/ptII/ptolemy/domains/continuous/test/auto/ContinuousInsideDE.xml
48 ms. Memory: 270336K Free: 103875K (38%)
----------------- Invoking toplevel() on ptolemy.moml.MoMLSimpleApplication@2a86341f
----------------- Done invoking toplevel() on ptolemy.moml.MoMLSimpleApplication@2a86341f
reloadAllAccessors: .ContinuousInsideDE

===========================================================================================
----------------- testing Mon Aug 23 21:25:59 UTC 2021 /home/travis/build/icyphy/ptII/ptolemy/domains/continuous/test/auto/ContinuousMerge1.xml
----------------- Instantiating /home/travis/build/icyphy/ptII/ptolemy/domains/continuous/test/auto/ContinuousMerge1.xml
4 ms. Memory: 270336K Free: 99765K (37%)
----------------- Invoking toplevel() on ptolemy.moml.MoMLSimpleApplication@407d8dca
----------------- Done invoking toplevel() on ptolemy.moml.MoMLSimpleApplication@407d8dca
reloadAllAccessors: .ContinuousMerge1

===========================================================================================
----------------- testing Mon Aug 23 21:25:59 UTC 2021 /home/travis/build/icyphy/ptII/ptolemy/domains/continuous/test/auto/ContinuousMerge2.xml
----------------- Instantiating /home/travis/build/icyphy/ptII/ptolemy/domains/continuous/test/auto/ContinuousMerge2.xml
17 ms. Memory: 270336K Free: 250350K (93%)
----------------- Invoking toplevel() on ptolemy.moml.MoMLSimpleApplication@4b113e0e
----------------- Done invoking toplevel() on ptolemy.moml.MoMLSimpleApplication@4b113e0e
reloadAllAccessors: .ContinuousMerge2

===========================================================================================
----------------- testing Mon Aug 23 21:25:59 UTC 2021 /home/travis/build/icyphy/ptII/ptolemy/domains/continuous/test/auto/ContinuousMerge3.xml
----------------- Instantiating /home/travis/build/icyphy/ptII/ptolemy/domains/continuous/test/auto/ContinuousMerge3.xml
48 ms. Memory: 270336K Free: 239600K (89%)
----------------- Invoking toplevel() on ptolemy.moml.MoMLSimpleApplication@25a4cdd2
----------------- Done invoking toplevel() on ptolemy.moml.MoMLSimpleApplication@25a4cdd2
reloadAllAccessors: .ContinuousMerge3

===========================================================================================
----------------- testing Mon Aug 23 21:25:59 UTC 2021 /home/travis/build/icyphy/ptII/ptolemy/domains/continuous/test/auto/ContinuousWithinContinuous.xml
----------------- Instantiating /home/travis/build/icyphy/ptII/ptolemy/domains/continuous/test/auto/ContinuousWithinContinuous.xml
42 ms. Memory: 270336K Free: 229870K (85%)
----------------- Invoking toplevel() on ptolemy.moml.MoMLSimpleApplication@30861607
----------------- Done invoking toplevel() on ptolemy.moml.MoMLSimpleApplication@30861607
reloadAllAccessors: .ContinuousWithinContinuous

===========================================================================================
----------------- testing Mon Aug 23 21:25:59 UTC 2021 /home/travis/build/icyphy/ptII/ptolemy/domains/continuous/test/auto/ContinuousWithinContinuous2.xml
----------------- Instantiating /home/travis/build/icyphy/ptII/ptolemy/domains/continuous/test/auto/ContinuousWithinContinuous2.xml
77 ms. Memory: 270336K Free: 218606K (81%)
----------------- Invoking toplevel() on ptolemy.moml.MoMLSimpleApplication@4e1e84af
----------------- Done invoking toplevel() on ptolemy.moml.MoMLSimpleApplication@4e1e84af
reloadAllAccessors: .ContinuousWithinContinuous2

===========================================================================================
----------------- testing Mon Aug 23 21:25:59 UTC 2021 /home/travis/build/icyphy/ptII/ptolemy/domains/continuous/test/auto/ContinuousWithinContinuous3.xml
----------------- Instantiating /home/travis/build/icyphy/ptII/ptolemy/domains/continuous/test/auto/ContinuousWithinContinuous3.xml
14 ms. Memory: 270336K Free: 211438K (78%)
----------------- Invoking toplevel() on ptolemy.moml.MoMLSimpleApplication@7c32691a
----------------- Done invoking toplevel() on ptolemy.moml.MoMLSimpleApplication@7c32691a
reloadAllAccessors: .ContinuousWithinContinuous3

===========================================================================================
----------------- testing Mon Aug 23 21:25:59 UTC 2021 /home/travis/build/icyphy/ptII/ptolemy/domains/continuous/test/auto/ContinuousWithinContinuous4.xml
----------------- Instantiating /home/travis/build/icyphy/ptII/ptolemy/domains/continuous/test/auto/ContinuousWithinContinuous4.xml
79 ms. Memory: 270336K Free: 199150K (74%)
----------------- Invoking toplevel() on ptolemy.moml.MoMLSimpleApplication@589a7cbb
----------------- Done invoking toplevel() on ptolemy.moml.MoMLSimpleApplication@589a7cbb
reloadAllAccessors: .ContinuousWithinContinuous4

===========================================================================================
----------------- testing Mon Aug 23 21:25:59 UTC 2021 /home/travis/build/icyphy/ptII/ptolemy/domains/continuous/test/auto/ContinuousWithinContinuous5.xml
----------------- Instantiating /home/travis/build/icyphy/ptII/ptolemy/domains/continuous/test/auto/ContinuousWithinContinuous5.xml
14 ms. Memory: 270336K Free: 191982K (71%)
----------------- Invoking toplevel() on ptolemy.moml.MoMLSimpleApplication@6de806fe
----------------- Done invoking toplevel() on ptolemy.moml.MoMLSimpleApplication@6de806fe
reloadAllAccessors: .ContinuousWithinContinuous5

===========================================================================================
----------------- testing Mon Aug 23 21:25:59 UTC 2021 /home/travis/build/icyphy/ptII/ptolemy/domains/continuous/test/auto/ContinuousWithinContinuous6.xml
----------------- Instantiating /home/travis/build/icyphy/ptII/ptolemy/domains/continuous/test/auto/ContinuousWithinContinuous6.xml
12 ms. Memory: 270336K Free: 184814K (68%)
----------------- Invoking toplevel() on ptolemy.moml.MoMLSimpleApplication@7ceae3d9
----------------- Done invoking toplevel() on ptolemy.moml.MoMLSimpleApplication@7ceae3d9
reloadAllAccessors: .ContinuousWithinContinuous6

===========================================================================================
----------------- testing Mon Aug 23 21:25:59 UTC 2021 /home/travis/build/icyphy/ptII/ptolemy/domains/continuous/test/auto/ContinuousWithinContinuous7.xml
----------------- Instantiating /home/travis/build/icyphy/ptII/ptolemy/domains/continuous/test/auto/ContinuousWithinContinuous7.xml
63 ms. Memory: 270336K Free: 173550K (64%)
----------------- Invoking toplevel() on ptolemy.moml.MoMLSimpleApplication@5e2fafcf
----------------- Done invoking toplevel() on ptolemy.moml.MoMLSimpleApplication@5e2fafcf
reloadAllAccessors: .ContinuousWithinContinuous7

===========================================================================================
----------------- testing Mon Aug 23 21:25:59 UTC 2021 /home/travis/build/icyphy/ptII/ptolemy/domains/continuous/test/auto/DCMotor.xml
----------------- Instantiating /home/travis/build/icyphy/ptII/ptolemy/domains/continuous/test/auto/DCMotor.xml
14268 ms. Memory: 270336K Free: 109235K (40%)
----------------- Invoking toplevel() on ptolemy.moml.MoMLSimpleApplication@105be625
----------------- Done invoking toplevel() on ptolemy.moml.MoMLSimpleApplication@105be625
reloadAllAccessors: .DCMotor

===========================================================================================
----------------- testing Mon Aug 23 21:26:14 UTC 2021 /home/travis/build/icyphy/ptII/ptolemy/domains/continuous/test/auto/DEInContinuous.xml
----------------- Instantiating /home/travis/build/icyphy/ptII/ptolemy/domains/continuous/test/auto/DEInContinuous.xml
12 ms. Memory: 270336K Free: 103091K (38%)
----------------- Invoking toplevel() on ptolemy.moml.MoMLSimpleApplication@40badfea
----------------- Done invoking toplevel() on ptolemy.moml.MoMLSimpleApplication@40badfea
reloadAllAccessors: .DEInContinuous

===========================================================================================
----------------- testing Mon Aug 23 21:26:14 UTC 2021 /home/travis/build/icyphy/ptII/ptolemy/domains/continuous/test/auto/DEinContinuous2.xml
----------------- Instantiating /home/travis/build/icyphy/ptII/ptolemy/domains/continuous/test/auto/DEinContinuous2.xml
8 ms. Memory: 270336K Free: 94899K (35%)
----------------- Invoking toplevel() on ptolemy.moml.MoMLSimpleApplication@5fe3850b
----------------- Done invoking toplevel() on ptolemy.moml.MoMLSimpleApplication@5fe3850b
reloadAllAccessors: .DEinContinuous2

===========================================================================================
----------------- testing Mon Aug 23 21:26:14 UTC 2021 /home/travis/build/icyphy/ptII/ptolemy/domains/continuous/test/auto/Derivative.xml
----------------- Instantiating /home/travis/build/icyphy/ptII/ptolemy/domains/continuous/test/auto/Derivative.xml
132 ms. Memory: 270336K Free: 226183K (84%)
----------------- Invoking toplevel() on ptolemy.moml.MoMLSimpleApplication@47535cb6
----------------- Done invoking toplevel() on ptolemy.moml.MoMLSimpleApplication@47535cb6
reloadAllAccessors: .Derivative2

===========================================================================================
----------------- testing Mon Aug 23 21:26:14 UTC 2021 /home/travis/build/icyphy/ptII/ptolemy/domains/continuous/test/auto/Derivative1.xml
----------------- Instantiating /home/travis/build/icyphy/ptII/ptolemy/domains/continuous/test/auto/Derivative1.xml
14 ms. Memory: 270336K Free: 211847K (78%)
----------------- Invoking toplevel() on ptolemy.moml.MoMLSimpleApplication@317acad4
----------------- Done invoking toplevel() on ptolemy.moml.MoMLSimpleApplication@317acad4
reloadAllAccessors: .Derivative1

===========================================================================================
----------------- testing Mon Aug 23 21:26:14 UTC 2021 /home/travis/build/icyphy/ptII/ptolemy/domains/continuous/test/auto/DiscreteClock.xml
----------------- Instantiating /home/travis/build/icyphy/ptII/ptolemy/domains/continuous/test/auto/DiscreteClock.xml
4 ms. Memory: 270336K Free: 206727K (76%)
----------------- Invoking toplevel() on ptolemy.moml.MoMLSimpleApplication@5d323139
----------------- Done invoking toplevel() on ptolemy.moml.MoMLSimpleApplication@5d323139
reloadAllAccessors: .DiscreteClock

===========================================================================================
----------------- testing Mon Aug 23 21:26:14 UTC 2021 /home/travis/build/icyphy/ptII/ptolemy/domains/continuous/test/auto/EfficiencyCurve.xml
----------------- Instantiating /home/travis/build/icyphy/ptII/ptolemy/domains/continuous/test/auto/EfficiencyCurve.xml
47 ms. Memory: 270336K Free: 197511K (73%)
----------------- Invoking toplevel() on ptolemy.moml.MoMLSimpleApplication@760e786c
----------------- Done invoking toplevel() on ptolemy.moml.MoMLSimpleApplication@760e786c
reloadAllAccessors: .EfficiencyCurve

===========================================================================================
----------------- testing Mon Aug 23 21:26:14 UTC 2021 /home/travis/build/icyphy/ptII/ptolemy/domains/continuous/test/auto/ExponentialResponse.xml
----------------- Instantiating /home/travis/build/icyphy/ptII/ptolemy/domains/continuous/test/auto/ExponentialResponse.xml
87 ms. Memory: 270336K Free: 181127K (67%)
----------------- Invoking toplevel() on ptolemy.moml.MoMLSimpleApplication@1a51ab62
----------------- Done invoking toplevel() on ptolemy.moml.MoMLSimpleApplication@1a51ab62
reloadAllAccessors: .ExponentialResponse

===========================================================================================
----------------- testing Mon Aug 23 21:26:14 UTC 2021 /home/travis/build/icyphy/ptII/ptolemy/domains/continuous/test/auto/ExponentialResponseRK45.xml
----------------- Instantiating /home/travis/build/icyphy/ptII/ptolemy/domains/continuous/test/auto/ExponentialResponseRK45.xml
24 ms. Memory: 270336K Free: 174473K (65%)
----------------- Invoking toplevel() on ptolemy.moml.MoMLSimpleApplication@155115a
----------------- Done invoking toplevel() on ptolemy.moml.MoMLSimpleApplication@155115a
reloadAllAccessors: .ExponentialResponseRK45

===========================================================================================
----------------- testing Mon Aug 23 21:26:14 UTC 2021 /home/travis/build/icyphy/ptII/ptolemy/domains/continuous/test/auto/Friction.xml
----------------- Instantiating /home/travis/build/icyphy/ptII/ptolemy/domains/continuous/test/auto/Friction.xml
1324 ms. Memory: 270336K Free: 231397K (86%)
----------------- Invoking toplevel() on ptolemy.moml.MoMLSimpleApplication@b6b8288
----------------- Done invoking toplevel() on ptolemy.moml.MoMLSimpleApplication@b6b8288
reloadAllAccessors: .Friction

===========================================================================================
----------------- testing Mon Aug 23 21:26:16 UTC 2021 /home/travis/build/icyphy/ptII/ptolemy/domains/continuous/test/auto/FurutaPendulum.xml
----------------- Instantiating /home/travis/build/icyphy/ptII/ptolemy/domains/continuous/test/auto/FurutaPendulum.xml
2704 ms. Memory: 270336K Free: 216113K (80%)
----------------- Invoking toplevel() on ptolemy.moml.MoMLSimpleApplication@2b27212d
----------------- Done invoking toplevel() on ptolemy.moml.MoMLSimpleApplication@2b27212d
reloadAllAccessors: .FurutaPendulum

===========================================================================================
----------------- testing Mon Aug 23 21:26:19 UTC 2021 /home/travis/build/icyphy/ptII/ptolemy/domains/continuous/test/auto/HierarchicalExecution.xml
----------------- Instantiating /home/travis/build/icyphy/ptII/ptolemy/domains/continuous/test/auto/HierarchicalExecution.xml
1550 ms. Memory: 270336K Free: 92847K (34%)
----------------- Invoking toplevel() on ptolemy.moml.MoMLSimpleApplication@180226e0
----------------- Done invoking toplevel() on ptolemy.moml.MoMLSimpleApplication@180226e0
reloadAllAccessors: .HierarchicalExecution

===========================================================================================
----------------- testing Mon Aug 23 21:26:21 UTC 2021 /home/travis/build/icyphy/ptII/ptolemy/domains/continuous/test/auto/HybridPlant.xml
----------------- Instantiating /home/travis/build/icyphy/ptII/ptolemy/domains/continuous/test/auto/HybridPlant.xml
487 ms. Memory: 270336K Free: 144033K (53%)
----------------- Invoking toplevel() on ptolemy.moml.MoMLSimpleApplication@6c4b043e
----------------- Done invoking toplevel() on ptolemy.moml.MoMLSimpleApplication@6c4b043e
reloadAllAccessors: .HybridPlant

===========================================================================================
----------------- testing Mon Aug 23 21:26:21 UTC 2021 /home/travis/build/icyphy/ptII/ptolemy/domains/continuous/test/auto/Hysteresis.xml
----------------- Instantiating /home/travis/build/icyphy/ptII/ptolemy/domains/continuous/test/auto/Hysteresis.xml
139 ms. Memory: 270336K Free: 241546K (89%)
----------------- Invoking toplevel() on ptolemy.moml.MoMLSimpleApplication@5d1168a6
----------------- Done invoking toplevel() on ptolemy.moml.MoMLSimpleApplication@5d1168a6
reloadAllAccessors: .Hysteresis

===========================================================================================
----------------- testing Mon Aug 23 21:26:21 UTC 2021 /home/travis/build/icyphy/ptII/ptolemy/domains/continuous/test/auto/HysteresisWithRandomDelay.xml
----------------- Instantiating /home/travis/build/icyphy/ptII/ptolemy/domains/continuous/test/auto/HysteresisWithRandomDelay.xml
157 ms. Memory: 270336K Free: 169866K (63%)
----------------- Invoking toplevel() on ptolemy.moml.MoMLSimpleApplication@2ea34e77
----------------- Done invoking toplevel() on ptolemy.moml.MoMLSimpleApplication@2ea34e77
reloadAllAccessors: .HysteresisWithRandomDelay

===========================================================================================
----------------- testing Mon Aug 23 21:26:21 UTC 2021 /home/travis/build/icyphy/ptII/ptolemy/domains/continuous/test/auto/HysteresisWithRandomLosses.xml
----------------- Instantiating /home/travis/build/icyphy/ptII/ptolemy/domains/continuous/test/auto/HysteresisWithRandomLosses.xml
2249 ms. Memory: 270336K Free: 225071K (83%)
----------------- Invoking toplevel() on ptolemy.moml.MoMLSimpleApplication@5fb692ae
----------------- Done invoking toplevel() on ptolemy.moml.MoMLSimpleApplication@5fb692ae
reloadAllAccessors: .HysteresisWithRandomLosses

===========================================================================================
----------------- testing Mon Aug 23 21:26:24 UTC 2021 /home/travis/build/icyphy/ptII/ptolemy/domains/continuous/test/auto/ImmediateTransitions.xml
----------------- Instantiating /home/travis/build/icyphy/ptII/ptolemy/domains/continuous/test/auto/ImmediateTransitions.xml
9 ms. Memory: 270336K Free: 213809K (79%)
----------------- Invoking toplevel() on ptolemy.moml.MoMLSimpleApplication@39b480a3
----------------- Done invoking toplevel() on ptolemy.moml.MoMLSimpleApplication@39b480a3
reloadAllAccessors: .ImmediateTransitions

===========================================================================================
----------------- testing Mon Aug 23 21:26:24 UTC 2021 /home/travis/build/icyphy/ptII/ptolemy/domains/continuous/test/auto/ImpulseFeedback.xml
----------------- Instantiating /home/travis/build/icyphy/ptII/ptolemy/domains/continuous/test/auto/ImpulseFeedback.xml
7 ms. Memory: 270336K Free: 208209K (77%)
----------------- Invoking toplevel() on ptolemy.moml.MoMLSimpleApplication@34f02a51
----------------- Done invoking toplevel() on ptolemy.moml.MoMLSimpleApplication@34f02a51
reloadAllAccessors: .ImpulseFeedback

===========================================================================================
----------------- testing Mon Aug 23 21:26:24 UTC 2021 /home/travis/build/icyphy/ptII/ptolemy/domains/continuous/test/auto/ImpulseFeedback2.xml
----------------- Instantiating /home/travis/build/icyphy/ptII/ptolemy/domains/continuous/test/auto/ImpulseFeedback2.xml
6 ms. Memory: 270336K Free: 202575K (75%)
----------------- Invoking toplevel() on ptolemy.moml.MoMLSimpleApplication@27f9338a
----------------- Done invoking toplevel() on ptolemy.moml.MoMLSimpleApplication@27f9338a
reloadAllAccessors: .ImpulseFeedback2

===========================================================================================
----------------- testing Mon Aug 23 21:26:24 UTC 2021 /home/travis/build/icyphy/ptII/ptolemy/domains/continuous/test/auto/IncreasingRatePoisson.xml
----------------- Instantiating /home/travis/build/icyphy/ptII/ptolemy/domains/continuous/test/auto/IncreasingRatePoisson.xml
667 ms. Memory: 270336K Free: 213541K (79%)
----------------- Invoking toplevel() on ptolemy.moml.MoMLSimpleApplication@711b5edc
----------------- Done invoking toplevel() on ptolemy.moml.MoMLSimpleApplication@711b5edc
reloadAllAccessors: .IncreasingRatePoisson

===========================================================================================
----------------- testing Mon Aug 23 21:26:25 UTC 2021 /home/travis/build/icyphy/ptII/ptolemy/domains/continuous/test/auto/InitialStateFeedback.xml
----------------- Instantiating /home/travis/build/icyphy/ptII/ptolemy/domains/continuous/test/auto/InitialStateFeedback.xml
3 ms. Memory: 270336K Free: 208942K (77%)
----------------- Invoking toplevel() on ptolemy.moml.MoMLSimpleApplication@2c394ec0
----------------- Done invoking toplevel() on ptolemy.moml.MoMLSimpleApplication@2c394ec0
reloadAllAccessors: .InitialStateFeedback

===========================================================================================
----------------- testing Mon Aug 23 21:26:25 UTC 2021 /home/travis/build/icyphy/ptII/ptolemy/domains/continuous/test/auto/Integration.xml
----------------- Instantiating /home/travis/build/icyphy/ptII/ptolemy/domains/continuous/test/auto/Integration.xml
2 ms. Memory: 270336K Free: 204846K (76%)
----------------- Invoking toplevel() on ptolemy.moml.MoMLSimpleApplication@c389b12
----------------- Done invoking toplevel() on ptolemy.moml.MoMLSimpleApplication@c389b12
reloadAllAccessors: .Integration

===========================================================================================
----------------- testing Mon Aug 23 21:26:25 UTC 2021 /home/travis/build/icyphy/ptII/ptolemy/domains/continuous/test/auto/Integration2.xml
----------------- Instantiating /home/travis/build/icyphy/ptII/ptolemy/domains/continuous/test/auto/Integration2.xml
68 ms. Memory: 270336K Free: 191020K (71%)
----------------- Invoking toplevel() on ptolemy.moml.MoMLSimpleApplication@2c353cf8
----------------- Done invoking toplevel() on ptolemy.moml.MoMLSimpleApplication@2c353cf8
reloadAllAccessors: .Integration2

===========================================================================================
----------------- testing Mon Aug 23 21:26:25 UTC 2021 /home/travis/build/icyphy/ptII/ptolemy/domains/continuous/test/auto/Integration3.xml
----------------- Instantiating /home/travis/build/icyphy/ptII/ptolemy/domains/continuous/test/auto/Integration3.xml
2 ms. Memory: 270336K Free: 186414K (69%)
----------------- Invoking toplevel() on ptolemy.moml.MoMLSimpleApplication@63a3a7b4
----------------- Done invoking toplevel() on ptolemy.moml.MoMLSimpleApplication@63a3a7b4
reloadAllAccessors: .Integration3

===========================================================================================
----------------- testing Mon Aug 23 21:26:25 UTC 2021 /home/travis/build/icyphy/ptII/ptolemy/domains/continuous/test/auto/Integration5.xml
----------------- Instantiating /home/travis/build/icyphy/ptII/ptolemy/domains/continuous/test/auto/Integration5.xml
2 ms. Memory: 270336K Free: 182318K (67%)
----------------- Invoking toplevel() on ptolemy.moml.MoMLSimpleApplication@4fcd5a52
----------------- Done invoking toplevel() on ptolemy.moml.MoMLSimpleApplication@4fcd5a52
reloadAllAccessors: .Integration5

===========================================================================================
----------------- testing Mon Aug 23 21:26:25 UTC 2021 /home/travis/build/icyphy/ptII/ptolemy/domains/continuous/test/auto/IntegratorImpulse.xml
----------------- Instantiating /home/travis/build/icyphy/ptII/ptolemy/domains/continuous/test/auto/IntegratorImpulse.xml
2 ms. Memory: 270336K Free: 178222K (66%)
----------------- Invoking toplevel() on ptolemy.moml.MoMLSimpleApplication@e20a71d
----------------- Done invoking toplevel() on ptolemy.moml.MoMLSimpleApplication@e20a71d
reloadAllAccessors: .IntegratorImpulse

===========================================================================================
----------------- testing Mon Aug 23 21:26:25 UTC 2021 /home/travis/build/icyphy/ptII/ptolemy/domains/continuous/test/auto/IntegratorImpulse2.xml
----------------- Instantiating /home/travis/build/icyphy/ptII/ptolemy/domains/continuous/test/auto/IntegratorImpulse2.xml
3 ms. Memory: 270336K Free: 173597K (64%)
----------------- Invoking toplevel() on ptolemy.moml.MoMLSimpleApplication@7654e50d
----------------- Done invoking toplevel() on ptolemy.moml.MoMLSimpleApplication@7654e50d
reloadAllAccessors: .IntegratorImpulse2

===========================================================================================
----------------- testing Mon Aug 23 21:26:25 UTC 2021 /home/travis/build/icyphy/ptII/ptolemy/domains/continuous/test/auto/LevelCrossing1.xml
----------------- Instantiating /home/travis/build/icyphy/ptII/ptolemy/domains/continuous/test/auto/LevelCrossing1.xml
2 ms. Memory: 270336K Free: 168492K (62%)
----------------- Invoking toplevel() on ptolemy.moml.MoMLSimpleApplication@240d75a4
----------------- Done invoking toplevel() on ptolemy.moml.MoMLSimpleApplication@240d75a4
reloadAllAccessors: .LevelCrossing1

===========================================================================================
----------------- testing Mon Aug 23 21:26:25 UTC 2021 /home/travis/build/icyphy/ptII/ptolemy/domains/continuous/test/auto/LevelCrossing2.xml
----------------- Instantiating /home/travis/build/icyphy/ptII/ptolemy/domains/continuous/test/auto/LevelCrossing2.xml
3 ms. Memory: 270336K Free: 163372K (60%)
----------------- Invoking toplevel() on ptolemy.moml.MoMLSimpleApplication@2f2d3953
----------------- Done invoking toplevel() on ptolemy.moml.MoMLSimpleApplication@2f2d3953
reloadAllAccessors: .LevelCrossing2

===========================================================================================
----------------- testing Mon Aug 23 21:26:25 UTC 2021 /home/travis/build/icyphy/ptII/ptolemy/domains/continuous/test/auto/LevelCrossing3.xml
----------------- Instantiating /home/travis/build/icyphy/ptII/ptolemy/domains/continuous/test/auto/LevelCrossing3.xml
2 ms. Memory: 270336K Free: 158245K (59%)
----------------- Invoking toplevel() on ptolemy.moml.MoMLSimpleApplication@369cbd4b
----------------- Done invoking toplevel() on ptolemy.moml.MoMLSimpleApplication@369cbd4b
reloadAllAccessors: .LevelCrossing3

===========================================================================================
----------------- testing Mon Aug 23 21:26:25 UTC 2021 /home/travis/build/icyphy/ptII/ptolemy/domains/continuous/test/auto/LevelCrossing4.xml
----------------- Instantiating /home/travis/build/icyphy/ptII/ptolemy/domains/continuous/test/auto/LevelCrossing4.xml
7 ms. Memory: 270336K Free: 153132K (57%)
----------------- Invoking toplevel() on ptolemy.moml.MoMLSimpleApplication@52713eec
----------------- Done invoking toplevel() on ptolemy.moml.MoMLSimpleApplication@52713eec
reloadAllAccessors: .LevelCrossing4

===========================================================================================
----------------- testing Mon Aug 23 21:26:25 UTC 2021 /home/travis/build/icyphy/ptII/ptolemy/domains/continuous/test/auto/LevelCrossing5.xml
----------------- Instantiating /home/travis/build/icyphy/ptII/ptolemy/domains/continuous/test/auto/LevelCrossing5.xml
2 ms. Memory: 270336K Free: 148012K (55%)
----------------- Invoking toplevel() on ptolemy.moml.MoMLSimpleApplication@7bcec6d3
----------------- Done invoking toplevel() on ptolemy.moml.MoMLSimpleApplication@7bcec6d3
reloadAllAccessors: .LevelCrossing5

===========================================================================================
[...]
4 ms. Memory: 270336K Free: 238626K (88%)
----------------- Invoking toplevel() on ptolemy.moml.MoMLSimpleApplication@56c99c18
----------------- Done invoking toplevel() on ptolemy.moml.MoMLSimpleApplication@56c99c18
reloadAllAccessors: .SRinContinuous

===========================================================================================
----------------- testing Mon Aug 23 21:26:40 UTC 2021 /home/travis/build/icyphy/ptII/ptolemy/domains/continuous/test/auto/SampledClocks.xml
----------------- Instantiating /home/travis/build/icyphy/ptII/ptolemy/domains/continuous/test/auto/SampledClocks.xml
6 ms. Memory: 270336K Free: 225828K (84%)
----------------- Invoking toplevel() on ptolemy.moml.MoMLSimpleApplication@27997a05
----------------- Done invoking toplevel() on ptolemy.moml.MoMLSimpleApplication@27997a05
reloadAllAccessors: .SampledClocks

===========================================================================================
----------------- testing Mon Aug 23 21:26:40 UTC 2021 /home/travis/build/icyphy/ptII/ptolemy/domains/continuous/test/auto/Satellite.xml
----------------- Instantiating /home/travis/build/icyphy/ptII/ptolemy/domains/continuous/test/auto/Satellite.xml
612 ms. Memory: 270336K Free: 193359K (72%)
----------------- Invoking toplevel() on ptolemy.moml.MoMLSimpleApplication@7a20bb92
----------------- Done invoking toplevel() on ptolemy.moml.MoMLSimpleApplication@7a20bb92
reloadAllAccessors: .Satellite

===========================================================================================
----------------- testing Mon Aug 23 21:26:40 UTC 2021 /home/travis/build/icyphy/ptII/ptolemy/domains/continuous/test/auto/SigmaDelta.xml
----------------- Instantiating /home/travis/build/icyphy/ptII/ptolemy/domains/continuous/test/auto/SigmaDelta.xml
1978 ms. Memory: 270336K Free: 243222K (90%)
----------------- Invoking toplevel() on ptolemy.moml.MoMLSimpleApplication@70b77b46
----------------- Done invoking toplevel() on ptolemy.moml.MoMLSimpleApplication@70b77b46
reloadAllAccessors: .SigmaDelta

===========================================================================================
----------------- testing Mon Aug 23 21:26:42 UTC 2021 /home/travis/build/icyphy/ptII/ptolemy/domains/continuous/test/auto/SingleRefinement.xml
----------------- Instantiating /home/travis/build/icyphy/ptII/ptolemy/domains/continuous/test/auto/SingleRefinement.xml
271 ms. Memory: 270336K Free: 220680K (82%)
----------------- Invoking toplevel() on ptolemy.moml.MoMLSimpleApplication@22d3c52c
----------------- Done invoking toplevel() on ptolemy.moml.MoMLSimpleApplication@22d3c52c
reloadAllAccessors: .SingleRefinement

===========================================================================================
----------------- testing Mon Aug 23 21:26:43 UTC 2021 /home/travis/build/icyphy/ptII/ptolemy/domains/continuous/test/auto/SinuBouncingBall.xml
----------------- Instantiating /home/travis/build/icyphy/ptII/ptolemy/domains/continuous/test/auto/SinuBouncingBall.xml
704 ms. Memory: 270336K Free: 166126K (61%)
----------------- Invoking toplevel() on ptolemy.moml.MoMLSimpleApplication@5d90006
----------------- Done invoking toplevel() on ptolemy.moml.MoMLSimpleApplication@5d90006
reloadAllAccessors: .SinuBouncingBall

===========================================================================================
----------------- testing Mon Aug 23 21:26:44 UTC 2021 /home/travis/build/icyphy/ptII/ptolemy/domains/continuous/test/auto/Sinusoid.xml
----------------- Instantiating /home/travis/build/icyphy/ptII/ptolemy/domains/continuous/test/auto/Sinusoid.xml
4 ms. Memory: 270336K Free: 161502K (60%)
----------------- Invoking toplevel() on ptolemy.moml.MoMLSimpleApplication@553712d0
----------------- Done invoking toplevel() on ptolemy.moml.MoMLSimpleApplication@553712d0
reloadAllAccessors: .Sinusoid

===========================================================================================
----------------- testing Mon Aug 23 21:26:44 UTC 2021 /home/travis/build/icyphy/ptII/ptolemy/domains/continuous/test/auto/SinusoidInNoise.xml
----------------- Instantiating /home/travis/build/icyphy/ptII/ptolemy/domains/continuous/test/auto/SinusoidInNoise.xml
837 ms. Memory: 270336K Free: 183296K (68%)
----------------- Invoking toplevel() on ptolemy.moml.MoMLSimpleApplication@694f83ba
----------------- Done invoking toplevel() on ptolemy.moml.MoMLSimpleApplication@694f83ba
reloadAllAccessors: .SinusoidInNoise

===========================================================================================
----------------- testing Mon Aug 23 21:26:44 UTC 2021 /home/travis/build/icyphy/ptII/ptolemy/domains/continuous/test/auto/SinusoidRK45.xml
----------------- Instantiating /home/travis/build/icyphy/ptII/ptolemy/domains/continuous/test/auto/SinusoidRK45.xml
2 ms. Memory: 270336K Free: 178679K (66%)
----------------- Invoking toplevel() on ptolemy.moml.MoMLSimpleApplication@63d467e0
----------------- Done invoking toplevel() on ptolemy.moml.MoMLSimpleApplication@63d467e0
reloadAllAccessors: .SinusoidRK45

===========================================================================================
----------------- testing Mon Aug 23 21:26:44 UTC 2021 /home/travis/build/icyphy/ptII/ptolemy/domains/continuous/test/auto/SinusoidWithMultipleImpulses.xml
----------------- Instantiating /home/travis/build/icyphy/ptII/ptolemy/domains/continuous/test/auto/SinusoidWithMultipleImpulses.xml
3 ms. Memory: 270336K Free: 174080K (64%)
----------------- Invoking toplevel() on ptolemy.moml.MoMLSimpleApplication@7559e194
----------------- Done invoking toplevel() on ptolemy.moml.MoMLSimpleApplication@7559e194
reloadAllAccessors: .SinusoidWithMultipleImpulses

===========================================================================================
----------------- testing Mon Aug 23 21:26:44 UTC 2021 /home/travis/build/icyphy/ptII/ptolemy/domains/continuous/test/auto/SquareWave.xml
----------------- Instantiating /home/travis/build/icyphy/ptII/ptolemy/domains/continuous/test/auto/SquareWave.xml
133 ms. Memory: 270336K Free: 146942K (54%)
----------------- Invoking toplevel() on ptolemy.moml.MoMLSimpleApplication@63b48b91
----------------- Done invoking toplevel() on ptolemy.moml.MoMLSimpleApplication@63b48b91
reloadAllAccessors: .SquareWave

===========================================================================================
----------------- testing Mon Aug 23 21:26:45 UTC 2021 /home/travis/build/icyphy/ptII/ptolemy/domains/continuous/test/auto/Starmac.xml
----------------- Instantiating /home/travis/build/icyphy/ptII/ptolemy/domains/continuous/test/auto/Starmac.xml
3057 ms. Memory: 270336K Free: 147392K (55%)
----------------- Invoking toplevel() on ptolemy.moml.MoMLSimpleApplication@12bd6568
----------------- Done invoking toplevel() on ptolemy.moml.MoMLSimpleApplication@12bd6568
reloadAllAccessors: .Starmac

===========================================================================================
----------------- testing Mon Aug 23 21:26:48 UTC 2021 /home/travis/build/icyphy/ptII/ptolemy/domains/continuous/test/auto/StaticUnits.xml
----------------- Instantiating /home/travis/build/icyphy/ptII/ptolemy/domains/continuous/test/auto/StaticUnits.xml
1659 ms. Memory: 324608K Free: 240831K (74%)
----------------- Invoking toplevel() on ptolemy.moml.MoMLSimpleApplication@232b60d0
----------------- Done invoking toplevel() on ptolemy.moml.MoMLSimpleApplication@232b60d0
reloadAllAccessors: .StaticUnits

===========================================================================================
----------------- testing Mon Aug 23 21:26:50 UTC 2021 /home/travis/build/icyphy/ptII/ptolemy/domains/continuous/test/auto/StickyMasses.xml
----------------- Instantiating /home/travis/build/icyphy/ptII/ptolemy/domains/continuous/test/auto/StickyMasses.xml
125 ms. Memory: 324608K Free: 190655K (59%)
----------------- Invoking toplevel() on ptolemy.moml.MoMLSimpleApplication@503a1645
----------------- Done invoking toplevel() on ptolemy.moml.MoMLSimpleApplication@503a1645
reloadAllAccessors: .StickyMasses

===========================================================================================
----------------- testing Mon Aug 23 21:26:51 UTC 2021 /home/travis/build/icyphy/ptII/ptolemy/domains/continuous/test/auto/StopTime.xml
----------------- Instantiating /home/travis/build/icyphy/ptII/ptolemy/domains/continuous/test/auto/StopTime.xml
78 ms. Memory: 324608K Free: 166077K (51%)
----------------- Invoking toplevel() on ptolemy.moml.MoMLSimpleApplication@635466b7
----------------- Done invoking toplevel() on ptolemy.moml.MoMLSimpleApplication@635466b7
reloadAllAccessors: .StopTime

===========================================================================================
----------------- testing Mon Aug 23 21:26:51 UTC 2021 /home/travis/build/icyphy/ptII/ptolemy/domains/continuous/test/auto/StopTime2.xml
----------------- Instantiating /home/travis/build/icyphy/ptII/ptolemy/domains/continuous/test/auto/StopTime2.xml
31 ms. Memory: 324608K Free: 143551K (44%)
----------------- Invoking toplevel() on ptolemy.moml.MoMLSimpleApplication@46d1bc04
----------------- Done invoking toplevel() on ptolemy.moml.MoMLSimpleApplication@46d1bc04
reloadAllAccessors: .StopTime2

===========================================================================================
----------------- testing Mon Aug 23 21:26:51 UTC 2021 /home/travis/build/icyphy/ptII/ptolemy/domains/continuous/test/auto/Switch.xml
----------------- Instantiating /home/travis/build/icyphy/ptII/ptolemy/domains/continuous/test/auto/Switch.xml
37 ms. Memory: 324608K Free: 118975K (37%)
----------------- Invoking toplevel() on ptolemy.moml.MoMLSimpleApplication@6d3a1848
----------------- Done invoking toplevel() on ptolemy.moml.MoMLSimpleApplication@6d3a1848
reloadAllAccessors: .Switch

===========================================================================================
----------------- testing Mon Aug 23 21:26:51 UTC 2021 /home/travis/build/icyphy/ptII/ptolemy/domains/continuous/test/auto/Thermostat.xml
----------------- Instantiating /home/travis/build/icyphy/ptII/ptolemy/domains/continuous/test/auto/Thermostat.xml
160 ms. Memory: 324608K Free: 238767K (74%)
----------------- Invoking toplevel() on ptolemy.moml.MoMLSimpleApplication@1d55619c
----------------- Done invoking toplevel() on ptolemy.moml.MoMLSimpleApplication@1d55619c
reloadAllAccessors: .Thermostat

===========================================================================================
----------------- testing Mon Aug 23 21:26:51 UTC 2021 /home/travis/build/icyphy/ptII/ptolemy/domains/continuous/test/auto/TimeDelay.xml
----------------- Instantiating /home/travis/build/icyphy/ptII/ptolemy/domains/continuous/test/auto/TimeDelay.xml
4 ms. Memory: 324608K Free: 234175K (72%)
----------------- Invoking toplevel() on ptolemy.moml.MoMLSimpleApplication@4b765998
----------------- Done invoking toplevel() on ptolemy.moml.MoMLSimpleApplication@4b765998
reloadAllAccessors: .TimeDelay

===========================================================================================
----------------- testing Mon Aug 23 21:26:51 UTC 2021 /home/travis/build/icyphy/ptII/ptolemy/domains/continuous/test/auto/TimeDelay2.xml
----------------- Instantiating /home/travis/build/icyphy/ptII/ptolemy/domains/continuous/test/auto/TimeDelay2.xml
9 ms. Memory: 324608K Free: 224445K (69%)
----------------- Invoking toplevel() on ptolemy.moml.MoMLSimpleApplication@51b08233
----------------- Done invoking toplevel() on ptolemy.moml.MoMLSimpleApplication@51b08233
reloadAllAccessors: .TimeDelay2

===========================================================================================
----------------- testing Mon Aug 23 21:26:51 UTC 2021 /home/travis/build/icyphy/ptII/ptolemy/domains/continuous/test/auto/TimeDelay3.xml
----------------- Instantiating /home/travis/build/icyphy/ptII/ptolemy/domains/continuous/test/auto/TimeDelay3.xml
4 ms. Memory: 324608K Free: 219837K (68%)
----------------- Invoking toplevel() on ptolemy.moml.MoMLSimpleApplication@53d997
----------------- Done invoking toplevel() on ptolemy.moml.MoMLSimpleApplication@53d997
reloadAllAccessors: .TimeDelay3

===========================================================================================
----------------- testing Mon Aug 23 21:26:51 UTC 2021 /home/travis/build/icyphy/ptII/ptolemy/domains/continuous/test/auto/TransferAbsentToInside.xml
----------------- Instantiating /home/travis/build/icyphy/ptII/ptolemy/domains/continuous/test/auto/TransferAbsentToInside.xml
25 ms. Memory: 324608K Free: 166591K (51%)
----------------- Invoking toplevel() on ptolemy.moml.MoMLSimpleApplication@6b1d9878
----------------- Done invoking toplevel() on ptolemy.moml.MoMLSimpleApplication@6b1d9878
reloadAllAccessors: .TransferAbsentToInside

===========================================================================================
----------------- testing Mon Aug 23 21:26:51 UTC 2021 /home/travis/build/icyphy/ptII/ptolemy/domains/continuous/test/auto/Transmission.xml
----------------- Instantiating /home/travis/build/icyphy/ptII/ptolemy/domains/continuous/test/auto/Transmission.xml
721 ms. Memory: 324608K Free: 125615K (39%)
----------------- Invoking toplevel() on ptolemy.moml.MoMLSimpleApplication@fa24b67
----------------- Done invoking toplevel() on ptolemy.moml.MoMLSimpleApplication@fa24b67
reloadAllAccessors: .Transmission

===========================================================================================
----------------- testing Mon Aug 23 21:26:52 UTC 2021 /home/travis/build/icyphy/ptII/ptolemy/domains/continuous/test/auto/TriggeredContinuousClock.xml
----------------- Instantiating /home/travis/build/icyphy/ptII/ptolemy/domains/continuous/test/auto/TriggeredContinuousClock.xml
43 ms. Memory: 324608K Free: 287391K (89%)
----------------- Invoking toplevel() on ptolemy.moml.MoMLSimpleApplication@635952d8
----------------- Done invoking toplevel() on ptolemy.moml.MoMLSimpleApplication@635952d8
reloadAllAccessors: .TriggeredContinuousClock

===========================================================================================
----------------- testing Mon Aug 23 21:26:52 UTC 2021 /home/travis/build/icyphy/ptII/ptolemy/domains/continuous/test/auto/TwoMachineInfiniteBusControl.xml
----------------- Instantiating /home/travis/build/icyphy/ptII/ptolemy/domains/continuous/test/auto/TwoMachineInfiniteBusControl.xml
2491 ms. Memory: 324608K Free: 297151K (92%)
----------------- Invoking toplevel() on ptolemy.moml.MoMLSimpleApplication@65c97f18
----------------- Done invoking toplevel() on ptolemy.moml.MoMLSimpleApplication@65c97f18
reloadAllAccessors: .TwoMachineInfiniteBusControl

===========================================================================================
----------------- testing Mon Aug 23 21:26:55 UTC 2021 /home/travis/build/icyphy/ptII/ptolemy/domains/continuous/test/auto/V2V.xml
----------------- Instantiating /home/travis/build/icyphy/ptII/ptolemy/domains/continuous/test/auto/V2V.xml
696 ms. Memory: 324608K Free: 300861K (93%)
----------------- Invoking toplevel() on ptolemy.moml.MoMLSimpleApplication@30c63c07
----------------- Done invoking toplevel() on ptolemy.moml.MoMLSimpleApplication@30c63c07
reloadAllAccessors: .V2V

===========================================================================================
----------------- testing Mon Aug 23 21:26:55 UTC 2021 /home/travis/build/icyphy/ptII/ptolemy/domains/continuous/test/auto/hierarchicalModalModel.xml
----------------- Instantiating /home/travis/build/icyphy/ptII/ptolemy/domains/continuous/test/auto/hierarchicalModalModel.xml
7 ms. Memory: 324608K Free: 285981K (88%)
----------------- Invoking toplevel() on ptolemy.moml.MoMLSimpleApplication@25bf2e3
----------------- Done invoking toplevel() on ptolemy.moml.MoMLSimpleApplication@25bf2e3
reloadAllAccessors: .hierarchicalModalModel

===========================================================================================
----------------- testing Mon Aug 23 21:26:55 UTC 2021 /home/travis/build/icyphy/ptII/ptolemy/domains/continuous/test/auto/hierarchicalModalModel1.xml
----------------- Instantiating /home/travis/build/icyphy/ptII/ptolemy/domains/continuous/test/auto/hierarchicalModalModel1.xml
7 ms. Memory: 324608K Free: 271675K (84%)
----------------- Invoking toplevel() on ptolemy.moml.MoMLSimpleApplication@3779cbbc
----------------- Done invoking toplevel() on ptolemy.moml.MoMLSimpleApplication@3779cbbc
reloadAllAccessors: .hierarchicalModalModel1

===========================================================================================
----------------- testing Mon Aug 23 21:26:55 UTC 2021 /home/travis/build/icyphy/ptII/ptolemy/domains/continuous/test/auto/hierarchicalModalModel2.xml
----------------- Instantiating /home/travis/build/icyphy/ptII/ptolemy/domains/continuous/test/auto/hierarchicalModalModel2.xml
6 ms. Memory: 324608K Free: 259373K (80%)
----------------- Invoking toplevel() on ptolemy.moml.MoMLSimpleApplication@17a022ae
----------------- Done invoking toplevel() on ptolemy.moml.MoMLSimpleApplication@17a022ae
reloadAllAccessors: .hierarchicalModalModel2

===========================================================================================
----------------- testing Mon Aug 23 21:26:55 UTC 2021 /home/travis/build/icyphy/ptII/ptolemy/domains/continuous/test/auto/hierarchicalModalModel3.xml
----------------- Instantiating /home/travis/build/icyphy/ptII/ptolemy/domains/continuous/test/auto/hierarchicalModalModel3.xml
5 ms. Memory: 324608K Free: 248637K (77%)
----------------- Invoking toplevel() on ptolemy.moml.MoMLSimpleApplication@730a354f
----------------- Done invoking toplevel() on ptolemy.moml.MoMLSimpleApplication@730a354f
reloadAllAccessors: .hierarchicalModalModel3

===========================================================================================
----------------- testing Mon Aug 23 21:26:55 UTC 2021 /home/travis/build/icyphy/ptII/ptolemy/domains/continuous/test/auto/hierarchicalModalModel4.xml
----------------- Instantiating /home/travis/build/icyphy/ptII/ptolemy/domains/continuous/test/auto/hierarchicalModalModel4.xml
4 ms. Memory: 324608K Free: 236859K (73%)
----------------- Invoking toplevel() on ptolemy.moml.MoMLSimpleApplication@482444ee
----------------- Done invoking toplevel() on ptolemy.moml.MoMLSimpleApplication@482444ee
reloadAllAccessors: .hierarchicalModalModel4

===========================================================================================
----------------- testing Mon Aug 23 21:26:55 UTC 2021 /home/travis/build/icyphy/ptII/ptolemy/domains/continuous/test/auto/junk.xml
----------------- Instantiating /home/travis/build/icyphy/ptII/ptolemy/domains/continuous/test/auto/junk.xml
111 ms. Memory: 324608K Free: 211259K (65%)
----------------- Invoking toplevel() on ptolemy.moml.MoMLSimpleApplication@55d974c3
----------------- Done invoking toplevel() on ptolemy.moml.MoMLSimpleApplication@55d974c3
reloadAllAccessors: .junk
AutoTests.java: About to close Vertx.
AutoTests.java: Vertx closed.
]]></system-out>
  <system-err><![CDATA[Warning: '.HysteresisWithRandomDelay.NonStrictTest' The test produced only 221 tokens, yet the correctValues parameter was expecting 222 tokens.
Warning: '.HysteresisWithRandomDelay.NonStrictTest2' The test produced only 220 tokens, yet the correctValues parameter was expecting 221 tokens.
Warning: '.HysteresisWithRandomDelay.NonStrictTest3' The test produced only 23 tokens, yet the correctValues parameter was expecting 30 tokens.
Warning: '.IncreasingRatePoisson.NonStrictTest' The test produced only 398 tokens, yet the correctValues parameter was expecting 402 tokens.
Warning: '.Poisson.NonStrictTest' The test produced only 390 tokens, yet the correctValues parameter was expecting 430 tokens.
]]></system-err>
</testsuite>
