<?xml version="1.0" encoding="UTF-8" ?>
<testsuite errors="0" failures="0" hostname="travis-job-d89a62e3-6867-4e77-b6d7-b7c4f2374503" name="ptolemy.actor.lib.hoc.test.junit.JUnitTclTest" skipped="0" tests="58" time="32.298" timestamp="2019-07-15T06:36:55">
  <properties>
[...]
</properties>
  <testcase classname="ptolemy.util.test.junit.TclTests" name="[0] /home/travis/build/icyphy/ptII/ptolemy/actor/lib/hoc/test/IterateOverArray.tcl (RunTclFile)" time="0.33" />
  <testcase classname="ptolemy.util.test.junit.AutoKnownFailedTests" name="[0] /home/travis/build/icyphy/ptII/ptolemy/actor/lib/hoc/test/auto/knownFailedTests/PreinitializeMustBeInvokedRunComposite.xml (RunModel)" time="0.342" />
  <testcase classname="ptolemy.util.test.junit.AutoNameArchTests" name="[0] ThereAreNoAutoArchTests (RunModel)" time="0.007" />
  <testcase classname="ptolemy.util.test.junit.AutoTests" name="[0] /home/travis/build/icyphy/ptII/ptolemy/actor/lib/hoc/test/auto/AllToAllMultiInstanceComposite.xml (RunModel)" time="0.441" />
  <testcase classname="ptolemy.util.test.junit.AutoTests" name="[1] /home/travis/build/icyphy/ptII/ptolemy/actor/lib/hoc/test/auto/ApplyFFTTest.xml (RunModel)" time="0.335" />
  <testcase classname="ptolemy.util.test.junit.AutoTests" name="[2] /home/travis/build/icyphy/ptII/ptolemy/actor/lib/hoc/test/auto/ApplyFunction.xml (RunModel)" time="0.046" />
  <testcase classname="ptolemy.util.test.junit.AutoTests" name="[3] /home/travis/build/icyphy/ptII/ptolemy/actor/lib/hoc/test/auto/BackgroundExecution.xml (RunModel)" time="0.76" />
  <testcase classname="ptolemy.util.test.junit.AutoTests" name="[4] /home/travis/build/icyphy/ptII/ptolemy/actor/lib/hoc/test/auto/Case.xml (RunModel)" time="0.085" />
  <testcase classname="ptolemy.util.test.junit.AutoTests" name="[5] /home/travis/build/icyphy/ptII/ptolemy/actor/lib/hoc/test/auto/Case1.xml (RunModel)" time="0.076" />
  <testcase classname="ptolemy.util.test.junit.AutoTests" name="[6] /home/travis/build/icyphy/ptII/ptolemy/actor/lib/hoc/test/auto/Case2.xml (RunModel)" time="0.121" />
  <testcase classname="ptolemy.util.test.junit.AutoTests" name="[7] /home/travis/build/icyphy/ptII/ptolemy/actor/lib/hoc/test/auto/Case3.xml (RunModel)" time="0.039" />
  <testcase classname="ptolemy.util.test.junit.AutoTests" name="[8] /home/travis/build/icyphy/ptII/ptolemy/actor/lib/hoc/test/auto/Case4.xml (RunModel)" time="0.049" />
  <testcase classname="ptolemy.util.test.junit.AutoTests" name="[9] /home/travis/build/icyphy/ptII/ptolemy/actor/lib/hoc/test/auto/Case5.xml (RunModel)" time="0.08" />
  <testcase classname="ptolemy.util.test.junit.AutoTests" name="[10] /home/travis/build/icyphy/ptII/ptolemy/actor/lib/hoc/test/auto/Case6.xml (RunModel)" time="0.074" />
  <testcase classname="ptolemy.util.test.junit.AutoTests" name="[11] /home/travis/build/icyphy/ptII/ptolemy/actor/lib/hoc/test/auto/CaseString2.xml (RunModel)" time="0.051" />
  <testcase classname="ptolemy.util.test.junit.AutoTests" name="[12] /home/travis/build/icyphy/ptII/ptolemy/actor/lib/hoc/test/auto/CatchUpComposite1.xml (RunModel)" time="0.103" />
  <testcase classname="ptolemy.util.test.junit.AutoTests" name="[13] /home/travis/build/icyphy/ptII/ptolemy/actor/lib/hoc/test/auto/CatchUpComposite2.xml (RunModel)" time="0.073" />
  <testcase classname="ptolemy.util.test.junit.AutoTests" name="[14] /home/travis/build/icyphy/ptII/ptolemy/actor/lib/hoc/test/auto/CatchUpComposite3.xml (RunModel)" time="0.038" />
  <testcase classname="ptolemy.util.test.junit.AutoTests" name="[15] /home/travis/build/icyphy/ptII/ptolemy/actor/lib/hoc/test/auto/CatchUpComposite4.xml (RunModel)" time="0.039" />
  <testcase classname="ptolemy.util.test.junit.AutoTests" name="[16] /home/travis/build/icyphy/ptII/ptolemy/actor/lib/hoc/test/auto/CatchUpComposite5.xml (RunModel)" time="0.03" />
  <testcase classname="ptolemy.util.test.junit.AutoTests" name="[17] /home/travis/build/icyphy/ptII/ptolemy/actor/lib/hoc/test/auto/CatchUpComposite6.xml (RunModel)" time="0.178" />
  <testcase classname="ptolemy.util.test.junit.AutoTests" name="[18] /home/travis/build/icyphy/ptII/ptolemy/actor/lib/hoc/test/auto/CatchUpComposite7.xml (RunModel)" time="0.111" />
  <testcase classname="ptolemy.util.test.junit.AutoTests" name="[19] /home/travis/build/icyphy/ptII/ptolemy/actor/lib/hoc/test/auto/ConcurrentExecutionTimeSDF.xml (RunModel)" time="1.161" />
  <testcase classname="ptolemy.util.test.junit.AutoTests" name="[20] /home/travis/build/icyphy/ptII/ptolemy/actor/lib/hoc/test/auto/ConcurrentSleep.xml (RunModel)" time="0.77" />
  <testcase classname="ptolemy.util.test.junit.AutoTests" name="[21] /home/travis/build/icyphy/ptII/ptolemy/actor/lib/hoc/test/auto/DEInPNInRunCompositeActor.xml (RunModel)" time="0.038" />
  <testcase classname="ptolemy.util.test.junit.AutoTests" name="[22] /home/travis/build/icyphy/ptII/ptolemy/actor/lib/hoc/test/auto/DFTSubSetTest.xml (RunModel)" time="0.224" />
  <testcase classname="ptolemy.util.test.junit.AutoTests" name="[23] /home/travis/build/icyphy/ptII/ptolemy/actor/lib/hoc/test/auto/HocDE.xml (RunModel)" time="0.186" />
  <testcase classname="ptolemy.util.test.junit.AutoTests" name="[24] /home/travis/build/icyphy/ptII/ptolemy/actor/lib/hoc/test/auto/IterateOverArray.xml (RunModel)" time="0.037" />
  <testcase classname="ptolemy.util.test.junit.AutoTests" name="[25] /home/travis/build/icyphy/ptII/ptolemy/actor/lib/hoc/test/auto/IterateOverArray10.xml (RunModel)" time="0.018" />
  <testcase classname="ptolemy.util.test.junit.AutoTests" name="[26] /home/travis/build/icyphy/ptII/ptolemy/actor/lib/hoc/test/auto/IterateOverArray11.xml (RunModel)" time="0.02" />
  <testcase classname="ptolemy.util.test.junit.AutoTests" name="[27] /home/travis/build/icyphy/ptII/ptolemy/actor/lib/hoc/test/auto/IterateOverArray12.xml (RunModel)" time="0.041" />
  <testcase classname="ptolemy.util.test.junit.AutoTests" name="[28] /home/travis/build/icyphy/ptII/ptolemy/actor/lib/hoc/test/auto/IterateOverArray13.xml (RunModel)" time="0.158" />
  <testcase classname="ptolemy.util.test.junit.AutoTests" name="[29] /home/travis/build/icyphy/ptII/ptolemy/actor/lib/hoc/test/auto/IterateOverArray14.xml (RunModel)" time="0.117" />
  <testcase classname="ptolemy.util.test.junit.AutoTests" name="[30] /home/travis/build/icyphy/ptII/ptolemy/actor/lib/hoc/test/auto/IterateOverArray2.xml (RunModel)" time="0.025" />
  <testcase classname="ptolemy.util.test.junit.AutoTests" name="[31] /home/travis/build/icyphy/ptII/ptolemy/actor/lib/hoc/test/auto/IterateOverArray3.xml (RunModel)" time="0.053" />
  <testcase classname="ptolemy.util.test.junit.AutoTests" name="[32] /home/travis/build/icyphy/ptII/ptolemy/actor/lib/hoc/test/auto/IterateOverArray4.xml (RunModel)" time="0.04" />
  <testcase classname="ptolemy.util.test.junit.AutoTests" name="[33] /home/travis/build/icyphy/ptII/ptolemy/actor/lib/hoc/test/auto/IterateOverArray5.xml (RunModel)" time="0.018" />
  <testcase classname="ptolemy.util.test.junit.AutoTests" name="[34] /home/travis/build/icyphy/ptII/ptolemy/actor/lib/hoc/test/auto/IterateOverArray6.xml (RunModel)" time="0.014" />
  <testcase classname="ptolemy.util.test.junit.AutoTests" name="[35] /home/travis/build/icyphy/ptII/ptolemy/actor/lib/hoc/test/auto/IterateOverArray7.xml (RunModel)" time="0.025" />
  <testcase classname="ptolemy.util.test.junit.AutoTests" name="[36] /home/travis/build/icyphy/ptII/ptolemy/actor/lib/hoc/test/auto/IterateOverArray8.xml (RunModel)" time="0.025" />
  <testcase classname="ptolemy.util.test.junit.AutoTests" name="[37] /home/travis/build/icyphy/ptII/ptolemy/actor/lib/hoc/test/auto/IterateOverArray9.xml (RunModel)" time="0.029" />
  <testcase classname="ptolemy.util.test.junit.AutoTests" name="[38] /home/travis/build/icyphy/ptII/ptolemy/actor/lib/hoc/test/auto/IterateOverArrayCoercedOutputType.xml (RunModel)" time="0.044" />
  <testcase classname="ptolemy.util.test.junit.AutoTests" name="[39] /home/travis/build/icyphy/ptII/ptolemy/actor/lib/hoc/test/auto/IterateOverArrayInferredOutputType.xml (RunModel)" time="0.034" />
  <testcase classname="ptolemy.util.test.junit.AutoTests" name="[40] /home/travis/build/icyphy/ptII/ptolemy/actor/lib/hoc/test/auto/MobileFunctionTest.xml (RunModel)" time="0.026" />
  <testcase classname="ptolemy.util.test.junit.AutoTests" name="[41] /home/travis/build/icyphy/ptII/ptolemy/actor/lib/hoc/test/auto/MobileModelTest.xml (RunModel)" time="0.194" />
  <testcase classname="ptolemy.util.test.junit.AutoTests" name="[42] /home/travis/build/icyphy/ptII/ptolemy/actor/lib/hoc/test/auto/ModelReference.xml (RunModel)" time="0.073" />
  <testcase classname="ptolemy.util.test.junit.AutoTests" name="[43] /home/travis/build/icyphy/ptII/ptolemy/actor/lib/hoc/test/auto/ModelReference3.xml (RunModel)" time="0.048" />
  <testcase classname="ptolemy.util.test.junit.AutoTests" name="[44] /home/travis/build/icyphy/ptII/ptolemy/actor/lib/hoc/test/auto/ModelReference4.xml (RunModel)" time="10.031" />
  <testcase classname="ptolemy.util.test.junit.AutoTests" name="[45] /home/travis/build/icyphy/ptII/ptolemy/actor/lib/hoc/test/auto/MultiInstanceComposite.xml (RunModel)" time="0.069" />
  <testcase classname="ptolemy.util.test.junit.AutoTests" name="[46] /home/travis/build/icyphy/ptII/ptolemy/actor/lib/hoc/test/auto/MultiInstanceComposite2.xml (RunModel)" time="0.051" />
  <testcase classname="ptolemy.util.test.junit.AutoTests" name="[47] /home/travis/build/icyphy/ptII/ptolemy/actor/lib/hoc/test/auto/MulticoreExecution.xml (RunModel)" time="1.068" />
  <testcase classname="ptolemy.util.test.junit.AutoTests" name="[48] /home/travis/build/icyphy/ptII/ptolemy/actor/lib/hoc/test/auto/ParallelExecution.xml (RunModel)" time="0.954" />
  <testcase classname="ptolemy.util.test.junit.AutoTests" name="[49] /home/travis/build/icyphy/ptII/ptolemy/actor/lib/hoc/test/auto/RunCompositeActor.xml (RunModel)" time="0.031" />
  <testcase classname="ptolemy.util.test.junit.AutoTests" name="[50] /home/travis/build/icyphy/ptII/ptolemy/actor/lib/hoc/test/auto/RunCompositeActor2.xml (RunModel)" time="0.023" />
  <testcase classname="ptolemy.util.test.junit.AutoTests" name="[51] /home/travis/build/icyphy/ptII/ptolemy/actor/lib/hoc/test/auto/RunCompositeActor3.xml (RunModel)" time="0.021" />
  <testcase classname="ptolemy.util.test.junit.AutoTests" name="[52] /home/travis/build/icyphy/ptII/ptolemy/actor/lib/hoc/test/auto/RunCompositeActor4.xml (RunModel)" time="0.024" />
  <testcase classname="ptolemy.util.test.junit.AutoTests" name="[53] /home/travis/build/icyphy/ptII/ptolemy/actor/lib/hoc/test/auto/RunCompositeIterateOverArray.xml (RunModel)" time="0.045" />
  <testcase classname="ptolemy.util.test.junit.AutoTests" name="[54] /home/travis/build/icyphy/ptII/ptolemy/actor/lib/hoc/test/auto/ThreadedJS.xml (RunModel)" time="12.424" />
  <system-out><![CDATA[/home/travis/build/icyphy/ptII/ptolemy/actor/lib/hoc/test/IterateOverArray.tcl
testDefs.tcl: setting time out to 9000 seconds at Mon Jul 15 06:36:55 UTC 2019
07/15/19 06:36:55
Failed: 0  Total Tests: 2  ((Passed: 2, Newly Passed: 0)  Known Failed: 0) /home/travis/build/icyphy/ptII/ptolemy/actor/lib/hoc/test
----------------- testing (KnownFailure) /home/travis/build/icyphy/ptII/ptolemy/actor/lib/hoc/test/auto/knownFailedTests/PreinitializeMustBeInvokedRunComposite.xml
81 ms. Memory: 120832K Free: 79294K (66%)
Known Failure: java.lang.reflect.InvocationTargetException
No auto/linux-amd64/*.xml tests in /home/travis/build/icyphy/ptII/ptolemy/actor/lib/hoc/test
AutoTests.java: About to close Vertx.
AutoTests.java: Vertx closed.

===========================================================================================
----------------- testing Mon Jul 15 06:36:56 UTC 2019 /home/travis/build/icyphy/ptII/ptolemy/actor/lib/hoc/test/auto/AllToAllMultiInstanceComposite.xml
----------------- Instantiating /home/travis/build/icyphy/ptII/ptolemy/actor/lib/hoc/test/auto/AllToAllMultiInstanceComposite.xml
162 ms. Memory: 120832K Free: 93052K (77%)
----------------- Invoking toplevel() on ptolemy.moml.MoMLSimpleApplication@768e911c
----------------- Done invoking toplevel() on ptolemy.moml.MoMLSimpleApplication@768e911c
reloadAllAccessors: .AllToAllMultiInstanceComposite

===========================================================================================
----------------- testing Mon Jul 15 06:36:56 UTC 2019 /home/travis/build/icyphy/ptII/ptolemy/actor/lib/hoc/test/auto/ApplyFFTTest.xml
----------------- Instantiating /home/travis/build/icyphy/ptII/ptolemy/actor/lib/hoc/test/auto/ApplyFFTTest.xml
110 ms. Memory: 120832K Free: 98348K (81%)
----------------- Invoking toplevel() on ptolemy.moml.MoMLSimpleApplication@34448a2e
----------------- Done invoking toplevel() on ptolemy.moml.MoMLSimpleApplication@34448a2e
reloadAllAccessors: .ApplyFFTTest

===========================================================================================
----------------- testing Mon Jul 15 06:36:56 UTC 2019 /home/travis/build/icyphy/ptII/ptolemy/actor/lib/hoc/test/auto/ApplyFunction.xml
----------------- Instantiating /home/travis/build/icyphy/ptII/ptolemy/actor/lib/hoc/test/auto/ApplyFunction.xml
6 ms. Memory: 120832K Free: 94730K (78%)
----------------- Invoking toplevel() on ptolemy.moml.MoMLSimpleApplication@6b67dfd0
----------------- Done invoking toplevel() on ptolemy.moml.MoMLSimpleApplication@6b67dfd0
reloadAllAccessors: .ApplyFunction

===========================================================================================
----------------- testing Mon Jul 15 06:36:57 UTC 2019 /home/travis/build/icyphy/ptII/ptolemy/actor/lib/hoc/test/auto/BackgroundExecution.xml
----------------- Instantiating /home/travis/build/icyphy/ptII/ptolemy/actor/lib/hoc/test/auto/BackgroundExecution.xml
626 ms. Memory: 120832K Free: 87329K (72%)
----------------- Invoking toplevel() on ptolemy.moml.MoMLSimpleApplication@6d6e9eb4
----------------- Done invoking toplevel() on ptolemy.moml.MoMLSimpleApplication@6d6e9eb4
reloadAllAccessors: .BackgroundExecution

===========================================================================================
----------------- testing Mon Jul 15 06:36:57 UTC 2019 /home/travis/build/icyphy/ptII/ptolemy/actor/lib/hoc/test/auto/Case.xml
----------------- Instantiating /home/travis/build/icyphy/ptII/ptolemy/actor/lib/hoc/test/auto/Case.xml
27 ms. Memory: 120832K Free: 80400K (67%)
----------------- Invoking toplevel() on ptolemy.moml.MoMLSimpleApplication@4a1bb31e
----------------- Done invoking toplevel() on ptolemy.moml.MoMLSimpleApplication@4a1bb31e
reloadAllAccessors: .Case

===========================================================================================
----------------- testing Mon Jul 15 06:36:57 UTC 2019 /home/travis/build/icyphy/ptII/ptolemy/actor/lib/hoc/test/auto/Case1.xml
----------------- Instantiating /home/travis/build/icyphy/ptII/ptolemy/actor/lib/hoc/test/auto/Case1.xml
27 ms. Memory: 120832K Free: 73730K (61%)
----------------- Invoking toplevel() on ptolemy.moml.MoMLSimpleApplication@105865ee
----------------- Done invoking toplevel() on ptolemy.moml.MoMLSimpleApplication@105865ee
reloadAllAccessors: .Case1

===========================================================================================
----------------- testing Mon Jul 15 06:36:57 UTC 2019 /home/travis/build/icyphy/ptII/ptolemy/actor/lib/hoc/test/auto/Case2.xml
----------------- Instantiating /home/travis/build/icyphy/ptII/ptolemy/actor/lib/hoc/test/auto/Case2.xml
57 ms. Memory: 120832K Free: 98518K (82%)
----------------- Invoking toplevel() on ptolemy.moml.MoMLSimpleApplication@516ad5f4
----------------- Done invoking toplevel() on ptolemy.moml.MoMLSimpleApplication@516ad5f4
reloadAllAccessors: .Case2

===========================================================================================
----------------- testing Mon Jul 15 06:36:58 UTC 2019 /home/travis/build/icyphy/ptII/ptolemy/actor/lib/hoc/test/auto/Case3.xml
----------------- Instantiating /home/travis/build/icyphy/ptII/ptolemy/actor/lib/hoc/test/auto/Case3.xml
7 ms. Memory: 120832K Free: 92344K (76%)
----------------- Invoking toplevel() on ptolemy.moml.MoMLSimpleApplication@5098db8a
----------------- Done invoking toplevel() on ptolemy.moml.MoMLSimpleApplication@5098db8a
reloadAllAccessors: .Case3

===========================================================================================
----------------- testing Mon Jul 15 06:36:58 UTC 2019 /home/travis/build/icyphy/ptII/ptolemy/actor/lib/hoc/test/auto/Case4.xml
----------------- Instantiating /home/travis/build/icyphy/ptII/ptolemy/actor/lib/hoc/test/auto/Case4.xml
11 ms. Memory: 120832K Free: 84518K (70%)
----------------- Invoking toplevel() on ptolemy.moml.MoMLSimpleApplication@78477116
----------------- Done invoking toplevel() on ptolemy.moml.MoMLSimpleApplication@78477116
reloadAllAccessors: .Case4

===========================================================================================
----------------- testing Mon Jul 15 06:36:58 UTC 2019 /home/travis/build/icyphy/ptII/ptolemy/actor/lib/hoc/test/auto/Case5.xml
----------------- Instantiating /home/travis/build/icyphy/ptII/ptolemy/actor/lib/hoc/test/auto/Case5.xml
49 ms. Memory: 120832K Free: 78382K (65%)
----------------- Invoking toplevel() on ptolemy.moml.MoMLSimpleApplication@a2e83b
----------------- Done invoking toplevel() on ptolemy.moml.MoMLSimpleApplication@a2e83b
reloadAllAccessors: .junk

===========================================================================================
----------------- testing Mon Jul 15 06:36:58 UTC 2019 /home/travis/build/icyphy/ptII/ptolemy/actor/lib/hoc/test/auto/Case6.xml
----------------- Instantiating /home/travis/build/icyphy/ptII/ptolemy/actor/lib/hoc/test/auto/Case6.xml
24 ms. Memory: 120832K Free: 66453K (55%)
----------------- Invoking toplevel() on ptolemy.moml.MoMLSimpleApplication@1f96c3bb
----------------- Done invoking toplevel() on ptolemy.moml.MoMLSimpleApplication@1f96c3bb
reloadAllAccessors: .Case6

===========================================================================================
----------------- testing Mon Jul 15 06:36:58 UTC 2019 /home/travis/build/icyphy/ptII/ptolemy/actor/lib/hoc/test/auto/CaseString2.xml
----------------- Instantiating /home/travis/build/icyphy/ptII/ptolemy/actor/lib/hoc/test/auto/CaseString2.xml
20 ms. Memory: 120832K Free: 59223K (49%)
----------------- Invoking toplevel() on ptolemy.moml.MoMLSimpleApplication@fffcece
----------------- Done invoking toplevel() on ptolemy.moml.MoMLSimpleApplication@fffcece
reloadAllAccessors: .CaseString2

===========================================================================================
----------------- testing Mon Jul 15 06:36:58 UTC 2019 /home/travis/build/icyphy/ptII/ptolemy/actor/lib/hoc/test/auto/CatchUpComposite1.xml
----------------- Instantiating /home/travis/build/icyphy/ptII/ptolemy/actor/lib/hoc/test/auto/CatchUpComposite1.xml
46 ms. Memory: 120832K Free: 98352K (81%)
----------------- Invoking toplevel() on ptolemy.moml.MoMLSimpleApplication@111da23
----------------- Done invoking toplevel() on ptolemy.moml.MoMLSimpleApplication@111da23
reloadAllAccessors: .CatchUpComposite1

===========================================================================================
----------------- testing Mon Jul 15 06:36:58 UTC 2019 /home/travis/build/icyphy/ptII/ptolemy/actor/lib/hoc/test/auto/CatchUpComposite2.xml
----------------- Instantiating /home/travis/build/icyphy/ptII/ptolemy/actor/lib/hoc/test/auto/CatchUpComposite2.xml
14 ms. Memory: 120832K Free: 90144K (75%)
----------------- Invoking toplevel() on ptolemy.moml.MoMLSimpleApplication@e54bfd0
----------------- Done invoking toplevel() on ptolemy.moml.MoMLSimpleApplication@e54bfd0
reloadAllAccessors: .CatchUpComposite2

===========================================================================================
----------------- testing Mon Jul 15 06:36:58 UTC 2019 /home/travis/build/icyphy/ptII/ptolemy/actor/lib/hoc/test/auto/CatchUpComposite3.xml
----------------- Instantiating /home/travis/build/icyphy/ptII/ptolemy/actor/lib/hoc/test/auto/CatchUpComposite3.xml
12 ms. Memory: 120832K Free: 81684K (68%)
----------------- Invoking toplevel() on ptolemy.moml.MoMLSimpleApplication@21e82ad8
----------------- Done invoking toplevel() on ptolemy.moml.MoMLSimpleApplication@21e82ad8
reloadAllAccessors: .CatchUpComposite3

===========================================================================================
----------------- testing Mon Jul 15 06:36:58 UTC 2019 /home/travis/build/icyphy/ptII/ptolemy/actor/lib/hoc/test/auto/CatchUpComposite4.xml
----------------- Instantiating /home/travis/build/icyphy/ptII/ptolemy/actor/lib/hoc/test/auto/CatchUpComposite4.xml
10 ms. Memory: 120832K Free: 74107K (61%)
----------------- Invoking toplevel() on ptolemy.moml.MoMLSimpleApplication@7ba6825d
----------------- Done invoking toplevel() on ptolemy.moml.MoMLSimpleApplication@7ba6825d
reloadAllAccessors: .CatchUpComposite4

===========================================================================================
----------------- testing Mon Jul 15 06:36:58 UTC 2019 /home/travis/build/icyphy/ptII/ptolemy/actor/lib/hoc/test/auto/CatchUpComposite5.xml
----------------- Instantiating /home/travis/build/icyphy/ptII/ptolemy/actor/lib/hoc/test/auto/CatchUpComposite5.xml
7 ms. Memory: 120832K Free: 66324K (55%)
----------------- Invoking toplevel() on ptolemy.moml.MoMLSimpleApplication@c8aa5bf
----------------- Done invoking toplevel() on ptolemy.moml.MoMLSimpleApplication@c8aa5bf
reloadAllAccessors: .CatchUpComposite5

===========================================================================================
----------------- testing Mon Jul 15 06:36:58 UTC 2019 /home/travis/build/icyphy/ptII/ptolemy/actor/lib/hoc/test/auto/CatchUpComposite6.xml
----------------- Instantiating /home/travis/build/icyphy/ptII/ptolemy/actor/lib/hoc/test/auto/CatchUpComposite6.xml
WARNING: The execution aspects in this model can influence the timing of actors by delaying the 
execution, potentially changing the behavior. There is no guarantee that actors fire at the 
time they request to be fired. 
Use Ptides for deterministic DE behavior that is not influenced by execution aspects. 

89 ms. Memory: 120832K Free: 52272K (43%)
----------------- Invoking toplevel() on ptolemy.moml.MoMLSimpleApplication@6f72d336
----------------- Done invoking toplevel() on ptolemy.moml.MoMLSimpleApplication@6f72d336
reloadAllAccessors: .CatchUpComposite6

===========================================================================================
----------------- testing Mon Jul 15 06:36:58 UTC 2019 /home/travis/build/icyphy/ptII/ptolemy/actor/lib/hoc/test/auto/CatchUpComposite7.xml
----------------- Instantiating /home/travis/build/icyphy/ptII/ptolemy/actor/lib/hoc/test/auto/CatchUpComposite7.xml
WARNING: The execution aspects in this model can influence the timing of actors by delaying the 
execution, potentially changing the behavior. There is no guarantee that actors fire at the 
time they request to be fired. 
Use Ptides for deterministic DE behavior that is not influenced by execution aspects. 

41 ms. Memory: 120832K Free: 93885K (78%)
----------------- Invoking toplevel() on ptolemy.moml.MoMLSimpleApplication@67b13497
----------------- Done invoking toplevel() on ptolemy.moml.MoMLSimpleApplication@67b13497
reloadAllAccessors: .CatchUpComposite7

===========================================================================================
----------------- testing Mon Jul 15 06:36:58 UTC 2019 /home/travis/build/icyphy/ptII/ptolemy/actor/lib/hoc/test/auto/ConcurrentExecutionTimeSDF.xml
----------------- Instantiating /home/travis/build/icyphy/ptII/ptolemy/actor/lib/hoc/test/auto/ConcurrentExecutionTimeSDF.xml
Fired ExecutionTime: 40400000
Fired ExecutionTime: 40400000
Fired ExecutionTime: 40400000
Fired ExecutionTime: 40400000
Fired ExecutionTime: 40400000
Fired ExecutionTime: 40400000
Fired ExecutionTime: 40400000
Fired ExecutionTime: 40400000
Fired ExecutionTime: 40400000
Fired ExecutionTime: 40400000
Fired ExecutionTime: 40400000
Fired ExecutionTime: 40400000
Fired ExecutionTime: 40400000
Fired ExecutionTime: 40400000
Fired ExecutionTime: 40400000
Fired ExecutionTime: 40400000
Fired ExecutionTime: 40400000
Fired ExecutionTime: 40400000
Fired ExecutionTime: 40400000
Fired ExecutionTime: 40400000
1132 ms. Memory: 120832K Free: 87323K (72%)
----------------- Invoking toplevel() on ptolemy.moml.MoMLSimpleApplication@d6a1763
----------------- Done invoking toplevel() on ptolemy.moml.MoMLSimpleApplication@d6a1763
reloadAllAccessors: .ConcurrentExecutionTimeSDF

===========================================================================================
----------------- testing Mon Jul 15 06:37:00 UTC 2019 /home/travis/build/icyphy/ptII/ptolemy/actor/lib/hoc/test/auto/ConcurrentSleep.xml
----------------- Instantiating /home/travis/build/icyphy/ptII/ptolemy/actor/lib/hoc/test/auto/ConcurrentSleep.xml
734 ms. Memory: 120832K Free: 76667K (63%)
----------------- Invoking toplevel() on ptolemy.moml.MoMLSimpleApplication@5c1815f6
----------------- Done invoking toplevel() on ptolemy.moml.MoMLSimpleApplication@5c1815f6
reloadAllAccessors: .ConcurrentSleep

===========================================================================================
----------------- testing Mon Jul 15 06:37:00 UTC 2019 /home/travis/build/icyphy/ptII/ptolemy/actor/lib/hoc/test/auto/DEInPNInRunCompositeActor.xml
----------------- Instantiating /home/travis/build/icyphy/ptII/ptolemy/actor/lib/hoc/test/auto/DEInPNInRunCompositeActor.xml
18 ms. Memory: 120832K Free: 71357K (59%)
----------------- Invoking toplevel() on ptolemy.moml.MoMLSimpleApplication@12b4ff10
----------------- Done invoking toplevel() on ptolemy.moml.MoMLSimpleApplication@12b4ff10
reloadAllAccessors: .DEInPNInRunCompositeActor

===========================================================================================
----------------- testing Mon Jul 15 06:37:00 UTC 2019 /home/travis/build/icyphy/ptII/ptolemy/actor/lib/hoc/test/auto/DFTSubSetTest.xml
----------------- Instantiating /home/travis/build/icyphy/ptII/ptolemy/actor/lib/hoc/test/auto/DFTSubSetTest.xml
153 ms. Memory: 146432K Free: 116101K (79%)
----------------- Invoking toplevel() on ptolemy.moml.MoMLSimpleApplication@64ee4fb5
----------------- Done invoking toplevel() on ptolemy.moml.MoMLSimpleApplication@64ee4fb5
reloadAllAccessors: .DFTSubSetTest

===========================================================================================
----------------- testing Mon Jul 15 06:37:01 UTC 2019 /home/travis/build/icyphy/ptII/ptolemy/actor/lib/hoc/test/auto/HocDE.xml
----------------- Instantiating /home/travis/build/icyphy/ptII/ptolemy/actor/lib/hoc/test/auto/HocDE.xml
125 ms. Memory: 146432K Free: 90414K (62%)
----------------- Invoking toplevel() on ptolemy.moml.MoMLSimpleApplication@41cbed62
----------------- Done invoking toplevel() on ptolemy.moml.MoMLSimpleApplication@41cbed62
reloadAllAccessors: .HocDE

===========================================================================================
----------------- testing Mon Jul 15 06:37:01 UTC 2019 /home/travis/build/icyphy/ptII/ptolemy/actor/lib/hoc/test/auto/IterateOverArray.xml
----------------- Instantiating /home/travis/build/icyphy/ptII/ptolemy/actor/lib/hoc/test/auto/IterateOverArray.xml
6 ms. Memory: 146432K Free: 85819K (59%)
----------------- Invoking toplevel() on ptolemy.moml.MoMLSimpleApplication@322afc29
----------------- Done invoking toplevel() on ptolemy.moml.MoMLSimpleApplication@322afc29
reloadAllAccessors: .IterateOverArray

===========================================================================================
----------------- testing Mon Jul 15 06:37:01 UTC 2019 /home/travis/build/icyphy/ptII/ptolemy/actor/lib/hoc/test/auto/IterateOverArray10.xml
----------------- Instantiating /home/travis/build/icyphy/ptII/ptolemy/actor/lib/hoc/test/auto/IterateOverArray10.xml
3 ms. Memory: 146432K Free: 82732K (56%)
----------------- Invoking toplevel() on ptolemy.moml.MoMLSimpleApplication@5c023565
----------------- Done invoking toplevel() on ptolemy.moml.MoMLSimpleApplication@5c023565
reloadAllAccessors: .IterateOverArray10

===========================================================================================
----------------- testing Mon Jul 15 06:37:01 UTC 2019 /home/travis/build/icyphy/ptII/ptolemy/actor/lib/hoc/test/auto/IterateOverArray11.xml
----------------- Instantiating /home/travis/build/icyphy/ptII/ptolemy/actor/lib/hoc/test/auto/IterateOverArray11.xml
4 ms. Memory: 146432K Free: 78628K (54%)
----------------- Invoking toplevel() on ptolemy.moml.MoMLSimpleApplication@6d3536c5
----------------- Done invoking toplevel() on ptolemy.moml.MoMLSimpleApplication@6d3536c5
reloadAllAccessors: .IterateOverArray11

===========================================================================================
----------------- testing Mon Jul 15 06:37:01 UTC 2019 /home/travis/build/icyphy/ptII/ptolemy/actor/lib/hoc/test/auto/IterateOverArray12.xml
----------------- Instantiating /home/travis/build/icyphy/ptII/ptolemy/actor/lib/hoc/test/auto/IterateOverArray12.xml
17 ms. Memory: 146432K Free: 72492K (50%)
----------------- Invoking toplevel() on ptolemy.moml.MoMLSimpleApplication@7b00a75b
----------------- Done invoking toplevel() on ptolemy.moml.MoMLSimpleApplication@7b00a75b
reloadAllAccessors: .IterateOverArray12

===========================================================================================
----------------- testing Mon Jul 15 06:37:01 UTC 2019 /home/travis/build/icyphy/ptII/ptolemy/actor/lib/hoc/test/auto/IterateOverArray13.xml
----------------- Instantiating /home/travis/build/icyphy/ptII/ptolemy/actor/lib/hoc/test/auto/IterateOverArray13.xml
71 ms. Memory: 146432K Free: 117609K (80%)
----------------- Invoking toplevel() on ptolemy.moml.MoMLSimpleApplication@536b99f4
----------------- Done invoking toplevel() on ptolemy.moml.MoMLSimpleApplication@536b99f4
reloadAllAccessors: .IterateOverArray13

===========================================================================================
----------------- testing Mon Jul 15 06:37:01 UTC 2019 /home/travis/build/icyphy/ptII/ptolemy/actor/lib/hoc/test/auto/IterateOverArray14.xml
----------------- Instantiating /home/travis/build/icyphy/ptII/ptolemy/actor/lib/hoc/test/auto/IterateOverArray14.xml
54 ms. Memory: 146432K Free: 85355K (58%)
----------------- Invoking toplevel() on ptolemy.moml.MoMLSimpleApplication@21d78c71
----------------- Done invoking toplevel() on ptolemy.moml.MoMLSimpleApplication@21d78c71
reloadAllAccessors: .IterateOverArray14

===========================================================================================
----------------- testing Mon Jul 15 06:37:01 UTC 2019 /home/travis/build/icyphy/ptII/ptolemy/actor/lib/hoc/test/auto/IterateOverArray2.xml
----------------- Instantiating /home/travis/build/icyphy/ptII/ptolemy/actor/lib/hoc/test/auto/IterateOverArray2.xml
8 ms. Memory: 146432K Free: 80745K (55%)
----------------- Invoking toplevel() on ptolemy.moml.MoMLSimpleApplication@5a50c801
----------------- Done invoking toplevel() on ptolemy.moml.MoMLSimpleApplication@5a50c801
reloadAllAccessors: .IterateOverArray2

===========================================================================================
----------------- testing Mon Jul 15 06:37:01 UTC 2019 /home/travis/build/icyphy/ptII/ptolemy/actor/lib/hoc/test/auto/IterateOverArray3.xml
----------------- Instantiating /home/travis/build/icyphy/ptII/ptolemy/actor/lib/hoc/test/auto/IterateOverArray3.xml
24 ms. Memory: 146432K Free: 75113K (51%)
----------------- Invoking toplevel() on ptolemy.moml.MoMLSimpleApplication@f2f0b28
----------------- Done invoking toplevel() on ptolemy.moml.MoMLSimpleApplication@f2f0b28
reloadAllAccessors: .IterateOverArray3

===========================================================================================
----------------- testing Mon Jul 15 06:37:01 UTC 2019 /home/travis/build/icyphy/ptII/ptolemy/actor/lib/hoc/test/auto/IterateOverArray4.xml
----------------- Instantiating /home/travis/build/icyphy/ptII/ptolemy/actor/lib/hoc/test/auto/IterateOverArray4.xml
4 ms. Memory: 146432K Free: 71019K (48%)
----------------- Invoking toplevel() on ptolemy.moml.MoMLSimpleApplication@7ea49c04
----------------- Done invoking toplevel() on ptolemy.moml.MoMLSimpleApplication@7ea49c04
reloadAllAccessors: .IterateOverArray4

===========================================================================================
----------------- testing Mon Jul 15 06:37:01 UTC 2019 /home/travis/build/icyphy/ptII/ptolemy/actor/lib/hoc/test/auto/IterateOverArray5.xml
----------------- Instantiating /home/travis/build/icyphy/ptII/ptolemy/actor/lib/hoc/test/auto/IterateOverArray5.xml
3 ms. Memory: 146432K Free: 66923K (46%)
----------------- Invoking toplevel() on ptolemy.moml.MoMLSimpleApplication@1c7e0efe
----------------- Done invoking toplevel() on ptolemy.moml.MoMLSimpleApplication@1c7e0efe
reloadAllAccessors: .IterateOverArray5

===========================================================================================
----------------- testing Mon Jul 15 06:37:01 UTC 2019 /home/travis/build/icyphy/ptII/ptolemy/actor/lib/hoc/test/auto/IterateOverArray6.xml
----------------- Instantiating /home/travis/build/icyphy/ptII/ptolemy/actor/lib/hoc/test/auto/IterateOverArray6.xml
2 ms. Memory: 146432K Free: 63851K (44%)
----------------- Invoking toplevel() on ptolemy.moml.MoMLSimpleApplication@6729c915
----------------- Done invoking toplevel() on ptolemy.moml.MoMLSimpleApplication@6729c915
reloadAllAccessors: .IterateOverArray6

===========================================================================================
----------------- testing Mon Jul 15 06:37:01 UTC 2019 /home/travis/build/icyphy/ptII/ptolemy/actor/lib/hoc/test/auto/IterateOverArray7.xml
----------------- Instantiating /home/travis/build/icyphy/ptII/ptolemy/actor/lib/hoc/test/auto/IterateOverArray7.xml
10 ms. Memory: 146432K Free: 59241K (40%)
----------------- Invoking toplevel() on ptolemy.moml.MoMLSimpleApplication@180b00ca
----------------- Done invoking toplevel() on ptolemy.moml.MoMLSimpleApplication@180b00ca
reloadAllAccessors: .IterateOverArray7

===========================================================================================
----------------- testing Mon Jul 15 06:37:01 UTC 2019 /home/travis/build/icyphy/ptII/ptolemy/actor/lib/hoc/test/auto/IterateOverArray8.xml
----------------- Instantiating /home/travis/build/icyphy/ptII/ptolemy/actor/lib/hoc/test/auto/IterateOverArray8.xml
4 ms. Memory: 146432K Free: 55145K (38%)
----------------- Invoking toplevel() on ptolemy.moml.MoMLSimpleApplication@7717bd01
----------------- Done invoking toplevel() on ptolemy.moml.MoMLSimpleApplication@7717bd01
reloadAllAccessors: .IterateOverArray8

===========================================================================================
----------------- testing Mon Jul 15 06:37:01 UTC 2019 /home/travis/build/icyphy/ptII/ptolemy/actor/lib/hoc/test/auto/IterateOverArray9.xml
----------------- Instantiating /home/travis/build/icyphy/ptII/ptolemy/actor/lib/hoc/test/auto/IterateOverArray9.xml
6 ms. Memory: 146432K Free: 51049K (35%)
----------------- Invoking toplevel() on ptolemy.moml.MoMLSimpleApplication@2dcb81de
----------------- Done invoking toplevel() on ptolemy.moml.MoMLSimpleApplication@2dcb81de
reloadAllAccessors: .IterateOverArray9

===========================================================================================
----------------- testing Mon Jul 15 06:37:02 UTC 2019 /home/travis/build/icyphy/ptII/ptolemy/actor/lib/hoc/test/auto/IterateOverArrayCoercedOutputType.xml
----------------- Instantiating /home/travis/build/icyphy/ptII/ptolemy/actor/lib/hoc/test/auto/IterateOverArrayCoercedOutputType.xml
6 ms. Memory: 146432K Free: 128247K (88%)
----------------- Invoking toplevel() on ptolemy.moml.MoMLSimpleApplication@4be15346
----------------- Done invoking toplevel() on ptolemy.moml.MoMLSimpleApplication@4be15346
reloadAllAccessors: .IterateOverArrayCoercedOutputType

===========================================================================================
----------------- testing Mon Jul 15 06:37:02 UTC 2019 /home/travis/build/icyphy/ptII/ptolemy/actor/lib/hoc/test/auto/IterateOverArrayInferredOutputType.xml
----------------- Instantiating /home/travis/build/icyphy/ptII/ptolemy/actor/lib/hoc/test/auto/IterateOverArrayInferredOutputType.xml
7 ms. Memory: 146432K Free: 123637K (84%)
----------------- Invoking toplevel() on ptolemy.moml.MoMLSimpleApplication@6cff65cf
----------------- Done invoking toplevel() on ptolemy.moml.MoMLSimpleApplication@6cff65cf
reloadAllAccessors: .IterateOverArrayInferredOutputType

===========================================================================================
----------------- testing Mon Jul 15 06:37:02 UTC 2019 /home/travis/build/icyphy/ptII/ptolemy/actor/lib/hoc/test/auto/MobileFunctionTest.xml
----------------- Instantiating /home/travis/build/icyphy/ptII/ptolemy/actor/lib/hoc/test/auto/MobileFunctionTest.xml
3 ms. Memory: 146432K Free: 119511K (82%)
----------------- Invoking toplevel() on ptolemy.moml.MoMLSimpleApplication@22950d00
----------------- Done invoking toplevel() on ptolemy.moml.MoMLSimpleApplication@22950d00
reloadAllAccessors: .MobileFunctionTest

===========================================================================================
----------------- testing Mon Jul 15 06:37:02 UTC 2019 /home/travis/build/icyphy/ptII/ptolemy/actor/lib/hoc/test/auto/MobileModelTest.xml
----------------- Instantiating /home/travis/build/icyphy/ptII/ptolemy/actor/lib/hoc/test/auto/MobileModelTest.xml
156 ms. Memory: 146432K Free: 98551K (67%)
----------------- Invoking toplevel() on ptolemy.moml.MoMLSimpleApplication@3ca44b89
----------------- Done invoking toplevel() on ptolemy.moml.MoMLSimpleApplication@3ca44b89
reloadAllAccessors: .MobileModelTest

===========================================================================================
----------------- testing Mon Jul 15 06:37:02 UTC 2019 /home/travis/build/icyphy/ptII/ptolemy/actor/lib/hoc/test/auto/ModelReference.xml
----------------- Instantiating /home/travis/build/icyphy/ptII/ptolemy/actor/lib/hoc/test/auto/ModelReference.xml
2 ms. Memory: 146432K Free: 91893K (63%)
2 ms. Memory: 146432K Free: 91383K (62%)
2 ms. Memory: 146432K Free: 90359K (62%)
1 ms. Memory: 146432K Free: 89335K (61%)
2 ms. Memory: 146432K Free: 88807K (61%)
3 ms. Memory: 146432K Free: 87797K (60%)
2 ms. Memory: 146432K Free: 87287K (60%)
1 ms. Memory: 146432K Free: 86263K (59%)
3 ms. Memory: 146432K Free: 85239K (58%)
4 ms. Memory: 146432K Free: 84711K (58%)
33 ms. Memory: 146432K Free: 84711K (58%)
----------------- Invoking toplevel() on ptolemy.moml.MoMLSimpleApplication@1e96e8bf
----------------- Done invoking toplevel() on ptolemy.moml.MoMLSimpleApplication@1e96e8bf
reloadAllAccessors: .ModelReference

===========================================================================================
----------------- testing Mon Jul 15 06:37:02 UTC 2019 /home/travis/build/icyphy/ptII/ptolemy/actor/lib/hoc/test/auto/ModelReference3.xml
----------------- Instantiating /home/travis/build/icyphy/ptII/ptolemy/actor/lib/hoc/test/auto/ModelReference3.xml
1 ms. Memory: 146432K Free: 80119K (55%)
4 ms. Memory: 146432K Free: 79575K (54%)
1 ms. Memory: 146432K Free: 78581K (54%)
4 ms. Memory: 146432K Free: 78071K (53%)
2 ms. Memory: 146432K Free: 77047K (53%)
1 ms. Memory: 146432K Free: 76023K (52%)
2 ms. Memory: 146432K Free: 75495K (52%)
3 ms. Memory: 146432K Free: 74485K (51%)
1 ms. Memory: 146432K Free: 73975K (51%)
2 ms. Memory: 146432K Free: 72951K (50%)
30 ms. Memory: 146432K Free: 72951K (50%)
----------------- Invoking toplevel() on ptolemy.moml.MoMLSimpleApplication@1202e2d9
----------------- Done invoking toplevel() on ptolemy.moml.MoMLSimpleApplication@1202e2d9
reloadAllAccessors: .ModelReference3

===========================================================================================
----------------- testing Mon Jul 15 06:37:02 UTC 2019 /home/travis/build/icyphy/ptII/ptolemy/actor/lib/hoc/test/auto/ModelReference4.xml
----------------- Instantiating /home/travis/build/icyphy/ptII/ptolemy/actor/lib/hoc/test/auto/ModelReference4.xml
2 ms. Memory: 146432K Free: 68327K (47%)
2 ms. Memory: 146432K Free: 66807K (46%)
2 ms. Memory: 146432K Free: 65783K (45%)
6 ms. Memory: 146432K Free: 64239K (44%)
2 ms. Memory: 146432K Free: 63207K (43%)
2 ms. Memory: 146432K Free: 62191K (42%)
2 ms. Memory: 146432K Free: 60663K (41%)
2 ms. Memory: 146432K Free: 59639K (41%)
2 ms. Memory: 146432K Free: 58095K (40%)
2 ms. Memory: 146432K Free: 56567K (39%)
10018 ms. Memory: 146432K Free: 56567K (39%)
----------------- Invoking toplevel() on ptolemy.moml.MoMLSimpleApplication@6a82e0a8
----------------- Done invoking toplevel() on ptolemy.moml.MoMLSimpleApplication@6a82e0a8
reloadAllAccessors: .ModelReference4

===========================================================================================
----------------- testing Mon Jul 15 06:37:12 UTC 2019 /home/travis/build/icyphy/ptII/ptolemy/actor/lib/hoc/test/auto/MultiInstanceComposite.xml
----------------- Instantiating /home/travis/build/icyphy/ptII/ptolemy/actor/lib/hoc/test/auto/MultiInstanceComposite.xml
37 ms. Memory: 146432K Free: 122390K (84%)
----------------- Invoking toplevel() on ptolemy.moml.MoMLSimpleApplication@66ba4bba
----------------- Done invoking toplevel() on ptolemy.moml.MoMLSimpleApplication@66ba4bba
reloadAllAccessors: .MultiInstanceComposite

===========================================================================================
----------------- testing Mon Jul 15 06:37:12 UTC 2019 /home/travis/build/icyphy/ptII/ptolemy/actor/lib/hoc/test/auto/MultiInstanceComposite2.xml
----------------- Instantiating /home/travis/build/icyphy/ptII/ptolemy/actor/lib/hoc/test/auto/MultiInstanceComposite2.xml
28 ms. Memory: 146432K Free: 110964K (76%)
----------------- Invoking toplevel() on ptolemy.moml.MoMLSimpleApplication@3dbc4053
----------------- Done invoking toplevel() on ptolemy.moml.MoMLSimpleApplication@3dbc4053
reloadAllAccessors: .MultiInstanceComposite2

===========================================================================================
----------------- testing Mon Jul 15 06:37:12 UTC 2019 /home/travis/build/icyphy/ptII/ptolemy/actor/lib/hoc/test/auto/MulticoreExecution.xml
----------------- Instantiating /home/travis/build/icyphy/ptII/ptolemy/actor/lib/hoc/test/auto/MulticoreExecution.xml
Fired ExecutionTime: 2400000
Fired ExecutionTime: 3200000
Fired ExecutionTime: 16400000
Fired ExecutionTime: 16800000
Fired ExecutionTime: 66000000
Fired ExecutionTime: 66000000
Fired ExecutionTime: 66400000
Fired ExecutionTime: 66800000
Fired ExecutionTime: 66400000
Fired ExecutionTime: 66800000
Fired ExecutionTime: 81200000
Fired ExecutionTime: 87200000
Fired ExecutionTime: 66400000
Fired ExecutionTime: 66800000
Fired ExecutionTime: 66400000
Fired ExecutionTime: 66800000
Fired ExecutionTime: 68400000
Fired ExecutionTime: 67200000
Fired ExecutionTime: 65600000
Fired ExecutionTime: 65200000
1047 ms. Memory: 146432K Free: 102170K (70%)
----------------- Invoking toplevel() on ptolemy.moml.MoMLSimpleApplication@5016d9bf
----------------- Done invoking toplevel() on ptolemy.moml.MoMLSimpleApplication@5016d9bf
reloadAllAccessors: .MulticoreExecution

===========================================================================================
----------------- testing Mon Jul 15 06:37:13 UTC 2019 /home/travis/build/icyphy/ptII/ptolemy/actor/lib/hoc/test/auto/ParallelExecution.xml
----------------- Instantiating /home/travis/build/icyphy/ptII/ptolemy/actor/lib/hoc/test/auto/ParallelExecution.xml
928 ms. Memory: 146432K Free: 95000K (65%)
----------------- Invoking toplevel() on ptolemy.moml.MoMLSimpleApplication@16f19849
----------------- Done invoking toplevel() on ptolemy.moml.MoMLSimpleApplication@16f19849
reloadAllAccessors: .ParallelExecution

===========================================================================================
----------------- testing Mon Jul 15 06:37:14 UTC 2019 /home/travis/build/icyphy/ptII/ptolemy/actor/lib/hoc/test/auto/RunCompositeActor.xml
----------------- Instantiating /home/travis/build/icyphy/ptII/ptolemy/actor/lib/hoc/test/auto/RunCompositeActor.xml
7 ms. Memory: 146432K Free: 87962K (60%)
----------------- Invoking toplevel() on ptolemy.moml.MoMLSimpleApplication@4511db5a
----------------- Done invoking toplevel() on ptolemy.moml.MoMLSimpleApplication@4511db5a
reloadAllAccessors: .RunCompositeActor

===========================================================================================
----------------- testing Mon Jul 15 06:37:14 UTC 2019 /home/travis/build/icyphy/ptII/ptolemy/actor/lib/hoc/test/auto/RunCompositeActor2.xml
----------------- Instantiating /home/travis/build/icyphy/ptII/ptolemy/actor/lib/hoc/test/auto/RunCompositeActor2.xml
9 ms. Memory: 146432K Free: 81834K (56%)
----------------- Invoking toplevel() on ptolemy.moml.MoMLSimpleApplication@207b9f0d
----------------- Done invoking toplevel() on ptolemy.moml.MoMLSimpleApplication@207b9f0d
reloadAllAccessors: .RunCompositeActor2

===========================================================================================
----------------- testing Mon Jul 15 06:37:14 UTC 2019 /home/travis/build/icyphy/ptII/ptolemy/actor/lib/hoc/test/auto/RunCompositeActor3.xml
----------------- Instantiating /home/travis/build/icyphy/ptII/ptolemy/actor/lib/hoc/test/auto/RunCompositeActor3.xml
6 ms. Memory: 146432K Free: 76714K (52%)
----------------- Invoking toplevel() on ptolemy.moml.MoMLSimpleApplication@1b51e373
----------------- Done invoking toplevel() on ptolemy.moml.MoMLSimpleApplication@1b51e373
reloadAllAccessors: .RunCompositeActor3

===========================================================================================
----------------- testing Mon Jul 15 06:37:14 UTC 2019 /home/travis/build/icyphy/ptII/ptolemy/actor/lib/hoc/test/auto/RunCompositeActor4.xml
----------------- Instantiating /home/travis/build/icyphy/ptII/ptolemy/actor/lib/hoc/test/auto/RunCompositeActor4.xml
10 ms. Memory: 146432K Free: 68514K (47%)
----------------- Invoking toplevel() on ptolemy.moml.MoMLSimpleApplication@7df67edb
----------------- Done invoking toplevel() on ptolemy.moml.MoMLSimpleApplication@7df67edb
reloadAllAccessors: .RunCompositeActor4

===========================================================================================
----------------- testing Mon Jul 15 06:37:14 UTC 2019 /home/travis/build/icyphy/ptII/ptolemy/actor/lib/hoc/test/auto/RunCompositeIterateOverArray.xml
----------------- Instantiating /home/travis/build/icyphy/ptII/ptolemy/actor/lib/hoc/test/auto/RunCompositeIterateOverArray.xml
8 ms. Memory: 146432K Free: 62814K (43%)
----------------- Invoking toplevel() on ptolemy.moml.MoMLSimpleApplication@6d4da87c
----------------- Done invoking toplevel() on ptolemy.moml.MoMLSimpleApplication@6d4da87c
reloadAllAccessors: .RunCompositeIterateOverArray

===========================================================================================
----------------- testing Mon Jul 15 06:37:14 UTC 2019 /home/travis/build/icyphy/ptII/ptolemy/actor/lib/hoc/test/auto/ThreadedJS.xml
----------------- Instantiating /home/travis/build/icyphy/ptII/ptolemy/actor/lib/hoc/test/auto/ThreadedJS.xml
5683 ms. Memory: 254976K Free: 90238K (35%)
----------------- Invoking toplevel() on ptolemy.moml.MoMLSimpleApplication@6ffc0b4a
----------------- Done invoking toplevel() on ptolemy.moml.MoMLSimpleApplication@6ffc0b4a
reloadAllAccessors: .ThreadedJS
AutoTests.java: About to close Vertx.
AutoTests.java: Vertx closed.
]]></system-out>
  <system-err><![CDATA[java.lang.RuntimeException: Execution failed
	at ptolemy.moml.MoMLSimpleApplication$UnloadThread.run(MoMLSimpleApplication.java:402)
Caused by: ptolemy.kernel.util.IllegalActionException: initialize() was called after wrapup() was called but preinitialize() was not called after wrapup().
	at ptolemy.actor.lib.hoc.test.PreinitializeMustBeInvoked.initialize(PreinitializeMustBeInvoked.java:78)
	at ptolemy.actor.Director.initialize(Director.java:938)
	at ptolemy.actor.Director.initialize(Director.java:907)
	at ptolemy.actor.sched.StaticSchedulingDirector.initialize(StaticSchedulingDirector.java:159)
	at ptolemy.domains.sdf.kernel.SDFDirector.initialize(SDFDirector.java:544)
	at ptolemy.actor.CompositeActor.initialize(CompositeActor.java:935)
	at ptolemy.actor.lib.hoc.LifeCycleManager._executeInsideModel(LifeCycleManager.java:339)
	at ptolemy.actor.lib.hoc.RunCompositeActor.fire(RunCompositeActor.java:205)
	at ptolemy.actor.CompositeActor.iterate(CompositeActor.java:1146)
	at ptolemy.actor.sched.StaticSchedulingDirector.fire(StaticSchedulingDirector.java:216)
	at ptolemy.domains.sdf.kernel.SDFDirector.fire(SDFDirector.java:500)
	at ptolemy.actor.CompositeActor.fire(CompositeActor.java:455)
	at ptolemy.actor.Manager.iterate(Manager.java:851)
	at ptolemy.actor.Manager.execute(Manager.java:369)
	at ptolemy.actor.Manager.run(Manager.java:1263)
	at ptolemy.actor.Manager$PtolemyRunThread.run(Manager.java:1915)
java.lang.reflect.InvocationTargetException
	at java.base/jdk.internal.reflect.NativeConstructorAccessorImpl.newInstance0(Native Method)
	at java.base/jdk.internal.reflect.NativeConstructorAccessorImpl.newInstance(NativeConstructorAccessorImpl.java:62)
	at java.base/jdk.internal.reflect.DelegatingConstructorAccessorImpl.newInstance(DelegatingConstructorAccessorImpl.java:45)
	at java.base/java.lang.reflect.Constructor.newInstance(Constructor.java:490)
	at ptolemy.util.test.junit.AutoKnownFailedTests.RunModel(AutoKnownFailedTests.java:105)
	at java.base/jdk.internal.reflect.NativeMethodAccessorImpl.invoke0(Native Method)
	at java.base/jdk.internal.reflect.NativeMethodAccessorImpl.invoke(NativeMethodAccessorImpl.java:62)
	at java.base/jdk.internal.reflect.DelegatingMethodAccessorImpl.invoke(DelegatingMethodAccessorImpl.java:43)
	at java.base/java.lang.reflect.Method.invoke(Method.java:566)
	at org.junit.runners.model.FrameworkMethod$1.runReflectiveCall(FrameworkMethod.java:44)
	at org.junit.internal.runners.model.ReflectiveCallable.run(ReflectiveCallable.java:15)
	at org.junit.runners.model.FrameworkMethod.invokeExplosively(FrameworkMethod.java:41)
	at junitparams.internal.InvokeParameterisedMethod.evaluate(InvokeParameterisedMethod.java:102)
	at org.junit.internal.runners.statements.FailOnTimeout$1.run(FailOnTimeout.java:28)
Caused by: ptolemy.kernel.util.IllegalActionException: initialize() was called after wrapup() was called but preinitialize() was not called after wrapup().
	at ptolemy.actor.lib.hoc.test.PreinitializeMustBeInvoked.initialize(PreinitializeMustBeInvoked.java:78)
	at ptolemy.actor.Director.initialize(Director.java:938)
	at ptolemy.actor.Director.initialize(Director.java:907)
	at ptolemy.actor.sched.StaticSchedulingDirector.initialize(StaticSchedulingDirector.java:159)
	at ptolemy.domains.sdf.kernel.SDFDirector.initialize(SDFDirector.java:544)
	at ptolemy.actor.CompositeActor.initialize(CompositeActor.java:935)
	at ptolemy.actor.lib.hoc.LifeCycleManager._executeInsideModel(LifeCycleManager.java:339)
	at ptolemy.actor.lib.hoc.RunCompositeActor.fire(RunCompositeActor.java:205)
	at ptolemy.actor.CompositeActor.iterate(CompositeActor.java:1146)
	at ptolemy.actor.sched.StaticSchedulingDirector.fire(StaticSchedulingDirector.java:216)
	at ptolemy.domains.sdf.kernel.SDFDirector.fire(SDFDirector.java:500)
	at ptolemy.actor.CompositeActor.fire(CompositeActor.java:455)
	at ptolemy.actor.Manager.iterate(Manager.java:851)
	at ptolemy.actor.Manager.execute(Manager.java:369)
	at ptolemy.actor.Manager.run(Manager.java:1263)
	at ptolemy.actor.Manager$PtolemyRunThread.run(Manager.java:1915)
Warning: Nashorn engine is planned to be removed from a future JDK release
Warning: Nashorn engine is planned to be removed from a future JDK release
Warning: Nashorn engine is planned to be removed from a future JDK release
Warning: Nashorn engine is planned to be removed from a future JDK release
Warning: Nashorn engine is planned to be removed from a future JDK release
Warning: Nashorn engine is planned to be removed from a future JDK release
Warning: Nashorn engine is planned to be removed from a future JDK release
Warning: Nashorn engine is planned to be removed from a future JDK release
]]></system-err>
</testsuite>
