<?xml version="1.0" encoding="UTF-8" ?>
<testsuite errors="0" failures="0" hostname="travis-job-b532b185-08d1-4ed2-bd2b-fa94dfc1435e" name="ptolemy.domains.de.test.junit.JUnitTclTest" skipped="0" tests="101" time="138.245" timestamp="2019-11-06T06:13:23">
  <properties>
[...]
</properties>
  <testcase classname="ptolemy.util.test.junit.TclTests" name="[0] /home/travis/build/icyphy/ptII/ptolemy/domains/de/test/DependencyLoop.tcl (RunTclFile)" time="1.114" />
  <testcase classname="ptolemy.util.test.junit.TclTests" name="[1] /home/travis/build/icyphy/ptII/ptolemy/domains/de/test/RunDETestsAsQSS.tcl (RunTclFile)" time="94.356" />
  <testcase classname="ptolemy.util.test.junit.AutoKnownFailedTests" name="[0] /home/travis/build/icyphy/ptII/ptolemy/domains/de/test/auto/knownFailedTests/DESDFClockTest.xml (RunModel)" time="2.042" />
  <testcase classname="ptolemy.util.test.junit.AutoKnownFailedTests" name="[1] /home/travis/build/icyphy/ptII/ptolemy/domains/de/test/auto/knownFailedTests/DirectFeedback.xml (RunModel)" time="0.015" />
  <testcase classname="ptolemy.util.test.junit.AutoKnownFailedTests" name="[2] /home/travis/build/icyphy/ptII/ptolemy/domains/de/test/auto/knownFailedTests/FSMSource.xml (RunModel)" time="0.043" />
  <testcase classname="ptolemy.util.test.junit.AutoKnownFailedTests" name="[3] /home/travis/build/icyphy/ptII/ptolemy/domains/de/test/auto/knownFailedTests/HierarchicalModel.xml (RunModel)" time="0.057" />
  <testcase classname="ptolemy.util.test.junit.AutoKnownFailedTests" name="[4] /home/travis/build/icyphy/ptII/ptolemy/domains/de/test/auto/knownFailedTests/dependencyLoop.xml (RunModel)" time="0.043" />
  <testcase classname="ptolemy.util.test.junit.AutoKnownFailedTests" name="[5] /home/travis/build/icyphy/ptII/ptolemy/domains/de/test/auto/knownFailedTests/dependencyLoop2.xml (RunModel)" time="0.053" />
  <testcase classname="ptolemy.util.test.junit.AutoNameArchTests" name="[0] ThereAreNoAutoArchTests (RunModel)" time="0.001" />
  <testcase classname="ptolemy.util.test.junit.AutoTests" name="[0] /home/travis/build/icyphy/ptII/ptolemy/domains/de/test/auto/ActorDepthCalculation_actorWithoutPorts.xml (RunModel)" time="0.015" />
  <testcase classname="ptolemy.util.test.junit.AutoTests" name="[1] /home/travis/build/icyphy/ptII/ptolemy/domains/de/test/auto/AssemblyLine.xml (RunModel)" time="0.019" />
  <testcase classname="ptolemy.util.test.junit.AutoTests" name="[2] /home/travis/build/icyphy/ptII/ptolemy/domains/de/test/auto/CQBug1.xml (RunModel)" time="0.011" />
  <testcase classname="ptolemy.util.test.junit.AutoTests" name="[3] /home/travis/build/icyphy/ptII/ptolemy/domains/de/test/auto/CancelFireAt.xml (RunModel)" time="0.011" />
  <testcase classname="ptolemy.util.test.junit.AutoTests" name="[4] /home/travis/build/icyphy/ptII/ptolemy/domains/de/test/auto/CausalityAndComposabilityAnalysis.xml (RunModel)" time="0.011" />
  <testcase classname="ptolemy.util.test.junit.AutoTests" name="[5] /home/travis/build/icyphy/ptII/ptolemy/domains/de/test/auto/CausalityInterface1.xml (RunModel)" time="0.03" />
  <testcase classname="ptolemy.util.test.junit.AutoTests" name="[6] /home/travis/build/icyphy/ptII/ptolemy/domains/de/test/auto/CausalityInterface15.xml (RunModel)" time="0.017" />
  <testcase classname="ptolemy.util.test.junit.AutoTests" name="[7] /home/travis/build/icyphy/ptII/ptolemy/domains/de/test/auto/CausalityInterface2.xml (RunModel)" time="0.014" />
  <testcase classname="ptolemy.util.test.junit.AutoTests" name="[8] /home/travis/build/icyphy/ptII/ptolemy/domains/de/test/auto/CausalityInterface3.xml (RunModel)" time="0.015" />
  <testcase classname="ptolemy.util.test.junit.AutoTests" name="[9] /home/travis/build/icyphy/ptII/ptolemy/domains/de/test/auto/ClockDrift.xml (RunModel)" time="0.047" />
  <testcase classname="ptolemy.util.test.junit.AutoTests" name="[10] /home/travis/build/icyphy/ptII/ptolemy/domains/de/test/auto/ClockDriftAndValueChange.xml (RunModel)" time="0.036" />
  <testcase classname="ptolemy.util.test.junit.AutoTests" name="[11] /home/travis/build/icyphy/ptII/ptolemy/domains/de/test/auto/ClockDriftChange.xml (RunModel)" time="0.043" />
  <testcase classname="ptolemy.util.test.junit.AutoTests" name="[12] /home/travis/build/icyphy/ptII/ptolemy/domains/de/test/auto/ComposableCausalityAnalysis.xml (RunModel)" time="0.018" />
  <testcase classname="ptolemy.util.test.junit.AutoTests" name="[13] /home/travis/build/icyphy/ptII/ptolemy/domains/de/test/auto/DEFixedPointLimitation.xml (RunModel)" time="0.012" />
  <testcase classname="ptolemy.util.test.junit.AutoTests" name="[14] /home/travis/build/icyphy/ptII/ptolemy/domains/de/test/auto/DEScheduleTest.xml (RunModel)" time="0.017" />
  <testcase classname="ptolemy.util.test.junit.AutoTests" name="[15] /home/travis/build/icyphy/ptII/ptolemy/domains/de/test/auto/DEinDEwithStartTimes.xml (RunModel)" time="0.019" />
  <testcase classname="ptolemy.util.test.junit.AutoTests" name="[16] /home/travis/build/icyphy/ptII/ptolemy/domains/de/test/auto/DEinDEwithStartTimes2.xml (RunModel)" time="0.028" />
  <testcase classname="ptolemy.util.test.junit.AutoTests" name="[17] /home/travis/build/icyphy/ptII/ptolemy/domains/de/test/auto/DateDemo.xml (RunModel)" time="0.032" />
  <testcase classname="ptolemy.util.test.junit.AutoTests" name="[18] /home/travis/build/icyphy/ptII/ptolemy/domains/de/test/auto/DateToEvent.xml (RunModel)" time="2.052" />
  <testcase classname="ptolemy.util.test.junit.AutoTests" name="[19] /home/travis/build/icyphy/ptII/ptolemy/domains/de/test/auto/DepthTest1.xml (RunModel)" time="0.011" />
  <testcase classname="ptolemy.util.test.junit.AutoTests" name="[20] /home/travis/build/icyphy/ptII/ptolemy/domains/de/test/auto/DepthTest2.xml (RunModel)" time="0.018" />
  <testcase classname="ptolemy.util.test.junit.AutoTests" name="[21] /home/travis/build/icyphy/ptII/ptolemy/domains/de/test/auto/DepthTest3.xml (RunModel)" time="0.009" />
  <testcase classname="ptolemy.util.test.junit.AutoTests" name="[22] /home/travis/build/icyphy/ptII/ptolemy/domains/de/test/auto/DepthTest4.xml (RunModel)" time="0.018" />
  <testcase classname="ptolemy.util.test.junit.AutoTests" name="[23] /home/travis/build/icyphy/ptII/ptolemy/domains/de/test/auto/DepthTest5.xml (RunModel)" time="0.012" />
  <testcase classname="ptolemy.util.test.junit.AutoTests" name="[24] /home/travis/build/icyphy/ptII/ptolemy/domains/de/test/auto/DepthTest6.xml (RunModel)" time="0.026" />
  <testcase classname="ptolemy.util.test.junit.AutoTests" name="[25] /home/travis/build/icyphy/ptII/ptolemy/domains/de/test/auto/DepthTest7.xml (RunModel)" time="0.011" />
  <testcase classname="ptolemy.util.test.junit.AutoTests" name="[26] /home/travis/build/icyphy/ptII/ptolemy/domains/de/test/auto/EventToDate.xml (RunModel)" time="3.043" />
  <testcase classname="ptolemy.util.test.junit.AutoTests" name="[27] /home/travis/build/icyphy/ptII/ptolemy/domains/de/test/auto/FSM1.xml (RunModel)" time="0.051" />
  <testcase classname="ptolemy.util.test.junit.AutoTests" name="[28] /home/travis/build/icyphy/ptII/ptolemy/domains/de/test/auto/FSM7.xml (RunModel)" time="0.049" />
  <testcase classname="ptolemy.util.test.junit.AutoTests" name="[29] /home/travis/build/icyphy/ptII/ptolemy/domains/de/test/auto/Inspection.xml (RunModel)" time="0.058" />
  <testcase classname="ptolemy.util.test.junit.AutoTests" name="[30] /home/travis/build/icyphy/ptII/ptolemy/domains/de/test/auto/Iteration.xml (RunModel)" time="0.035" />
  <testcase classname="ptolemy.util.test.junit.AutoTests" name="[31] /home/travis/build/icyphy/ptII/ptolemy/domains/de/test/auto/LineFault.xml (RunModel)" time="0.704" />
  <testcase classname="ptolemy.util.test.junit.AutoTests" name="[32] /home/travis/build/icyphy/ptII/ptolemy/domains/de/test/auto/MergeModel1Add.xml (RunModel)" time="0.06" />
  <testcase classname="ptolemy.util.test.junit.AutoTests" name="[33] /home/travis/build/icyphy/ptII/ptolemy/domains/de/test/auto/MergeModel2Add.xml (RunModel)" time="0.041" />
  <testcase classname="ptolemy.util.test.junit.AutoTests" name="[34] /home/travis/build/icyphy/ptII/ptolemy/domains/de/test/auto/MergeModel3Add.xml (RunModel)" time="0.049" />
  <testcase classname="ptolemy.util.test.junit.AutoTests" name="[35] /home/travis/build/icyphy/ptII/ptolemy/domains/de/test/auto/MergeWithoutDiscard.xml (RunModel)" time="0.016" />
  <testcase classname="ptolemy.util.test.junit.AutoTests" name="[36] /home/travis/build/icyphy/ptII/ptolemy/domains/de/test/auto/Modal1.xml (RunModel)" time="0.029" />
  <testcase classname="ptolemy.util.test.junit.AutoTests" name="[37] /home/travis/build/icyphy/ptII/ptolemy/domains/de/test/auto/Modal2.xml (RunModel)" time="0.035" />
  <testcase classname="ptolemy.util.test.junit.AutoTests" name="[38] /home/travis/build/icyphy/ptII/ptolemy/domains/de/test/auto/Modal3.xml (RunModel)" time="0.029" />
  <testcase classname="ptolemy.util.test.junit.AutoTests" name="[39] /home/travis/build/icyphy/ptII/ptolemy/domains/de/test/auto/Modal4.xml (RunModel)" time="0.031" />
  <testcase classname="ptolemy.util.test.junit.AutoTests" name="[40] /home/travis/build/icyphy/ptII/ptolemy/domains/de/test/auto/Modal5.xml (RunModel)" time="0.038" />
  <testcase classname="ptolemy.util.test.junit.AutoTests" name="[41] /home/travis/build/icyphy/ptII/ptolemy/domains/de/test/auto/Modal6.xml (RunModel)" time="0.031" />
  <testcase classname="ptolemy.util.test.junit.AutoTests" name="[42] /home/travis/build/icyphy/ptII/ptolemy/domains/de/test/auto/Modal7.xml (RunModel)" time="0.04" />
  <testcase classname="ptolemy.util.test.junit.AutoTests" name="[43] /home/travis/build/icyphy/ptII/ptolemy/domains/de/test/auto/ModalModel.xml (RunModel)" time="0.202" />
  <testcase classname="ptolemy.util.test.junit.AutoTests" name="[44] /home/travis/build/icyphy/ptII/ptolemy/domains/de/test/auto/ModalSource.xml (RunModel)" time="0.051" />
  <testcase classname="ptolemy.util.test.junit.AutoTests" name="[45] /home/travis/build/icyphy/ptII/ptolemy/domains/de/test/auto/NonInterruptibleTimerZeroDelay.xml (RunModel)" time="0.009" />
  <testcase classname="ptolemy.util.test.junit.AutoTests" name="[46] /home/travis/build/icyphy/ptII/ptolemy/domains/de/test/auto/OpenQueueingNetwork.xml (RunModel)" time="2.544" />
  <testcase classname="ptolemy.util.test.junit.AutoTests" name="[47] /home/travis/build/icyphy/ptII/ptolemy/domains/de/test/auto/OpenQueuingNetwork.xml (RunModel)" time="0.283" />
  <testcase classname="ptolemy.util.test.junit.AutoTests" name="[48] /home/travis/build/icyphy/ptII/ptolemy/domains/de/test/auto/PeriodicSampler.xml (RunModel)" time="0.007" />
  <testcase classname="ptolemy.util.test.junit.AutoTests" name="[49] /home/travis/build/icyphy/ptII/ptolemy/domains/de/test/auto/PersistentIO.xml (RunModel)" time="0.017" />
  <testcase classname="ptolemy.util.test.junit.AutoTests" name="[50] /home/travis/build/icyphy/ptII/ptolemy/domains/de/test/auto/PortParameterResetOnInitialize.xml (RunModel)" time="0.011" />
  <testcase classname="ptolemy.util.test.junit.AutoTests" name="[51] /home/travis/build/icyphy/ptII/ptolemy/domains/de/test/auto/PortParameterUpdates.xml (RunModel)" time="0.013" />
  <testcase classname="ptolemy.util.test.junit.AutoTests" name="[52] /home/travis/build/icyphy/ptII/ptolemy/domains/de/test/auto/QueueAndServer.xml (RunModel)" time="0.022" />
  <testcase classname="ptolemy.util.test.junit.AutoTests" name="[53] /home/travis/build/icyphy/ptII/ptolemy/domains/de/test/auto/Records.xml (RunModel)" time="0.016" />
  <testcase classname="ptolemy.util.test.junit.AutoTests" name="[54] /home/travis/build/icyphy/ptII/ptolemy/domains/de/test/auto/ResetTransitionWithStartTime1.xml (RunModel)" time="0.02" />
  <testcase classname="ptolemy.util.test.junit.AutoTests" name="[55] /home/travis/build/icyphy/ptII/ptolemy/domains/de/test/auto/ResetTransitionWithStartTime2.xml (RunModel)" time="0.022" />
  <testcase classname="ptolemy.util.test.junit.AutoTests" name="[56] /home/travis/build/icyphy/ptII/ptolemy/domains/de/test/auto/ResetTransitionWithStartTime3.xml (RunModel)" time="0.021" />
  <testcase classname="ptolemy.util.test.junit.AutoTests" name="[57] /home/travis/build/icyphy/ptII/ptolemy/domains/de/test/auto/ResetTransitionWithStartTime4.xml (RunModel)" time="0.023" />
  <testcase classname="ptolemy.util.test.junit.AutoTests" name="[58] /home/travis/build/icyphy/ptII/ptolemy/domains/de/test/auto/ResettableTimer1.xml (RunModel)" time="0.012" />
  <testcase classname="ptolemy.util.test.junit.AutoTests" name="[59] /home/travis/build/icyphy/ptII/ptolemy/domains/de/test/auto/ResettableTimer2.xml (RunModel)" time="0.01" />
  <testcase classname="ptolemy.util.test.junit.AutoTests" name="[60] /home/travis/build/icyphy/ptII/ptolemy/domains/de/test/auto/ResettableTimer3.xml (RunModel)" time="0.01" />
  <testcase classname="ptolemy.util.test.junit.AutoTests" name="[61] /home/travis/build/icyphy/ptII/ptolemy/domains/de/test/auto/ResettableTimer4.xml (RunModel)" time="0.01" />
  <testcase classname="ptolemy.util.test.junit.AutoTests" name="[62] /home/travis/build/icyphy/ptII/ptolemy/domains/de/test/auto/ResettableTimer5.xml (RunModel)" time="0.011" />
  <testcase classname="ptolemy.util.test.junit.AutoTests" name="[63] /home/travis/build/icyphy/ptII/ptolemy/domains/de/test/auto/ResettableTimer6.xml (RunModel)" time="0.018" />
  <testcase classname="ptolemy.util.test.junit.AutoTests" name="[64] /home/travis/build/icyphy/ptII/ptolemy/domains/de/test/auto/ServerZeroDelay.xml (RunModel)" time="0.011" />
  <testcase classname="ptolemy.util.test.junit.AutoTests" name="[65] /home/travis/build/icyphy/ptII/ptolemy/domains/de/test/auto/SmartSender.xml (RunModel)" time="3.01" />
  <testcase classname="ptolemy.util.test.junit.AutoTests" name="[66] /home/travis/build/icyphy/ptII/ptolemy/domains/de/test/auto/ThreadedComposite.xml (RunModel)" time="0.307" />
  <testcase classname="ptolemy.util.test.junit.AutoTests" name="[67] /home/travis/build/icyphy/ptII/ptolemy/domains/de/test/auto/Time.xml (RunModel)" time="0.438" />
  <testcase classname="ptolemy.util.test.junit.AutoTests" name="[68] /home/travis/build/icyphy/ptII/ptolemy/domains/de/test/auto/TimeDelayZeroDelay.xml (RunModel)" time="0.016" />
  <testcase classname="ptolemy.util.test.junit.AutoTests" name="[69] /home/travis/build/icyphy/ptII/ptolemy/domains/de/test/auto/TimerZeroDelay.xml (RunModel)" time="0.009" />
  <testcase classname="ptolemy.util.test.junit.AutoTests" name="[70] /home/travis/build/icyphy/ptII/ptolemy/domains/de/test/auto/TimingParadox.xml (RunModel)" time="0.391" />
  <testcase classname="ptolemy.util.test.junit.AutoTests" name="[71] /home/travis/build/icyphy/ptII/ptolemy/domains/de/test/auto/TransferInputs.xml (RunModel)" time="0.015" />
  <testcase classname="ptolemy.util.test.junit.AutoTests" name="[72] /home/travis/build/icyphy/ptII/ptolemy/domains/de/test/auto/TransferOutputs2.xml (RunModel)" time="0.016" />
  <testcase classname="ptolemy.util.test.junit.AutoTests" name="[73] /home/travis/build/icyphy/ptII/ptolemy/domains/de/test/auto/Trilateration.xml (RunModel)" time="13.096" />
  <testcase classname="ptolemy.util.test.junit.AutoTests" name="[74] /home/travis/build/icyphy/ptII/ptolemy/domains/de/test/auto/TwoSigmaDelta.xml (RunModel)" time="2.295" />
  <testcase classname="ptolemy.util.test.junit.AutoTests" name="[75] /home/travis/build/icyphy/ptII/ptolemy/domains/de/test/auto/VariableDelay.xml (RunModel)" time="0.014" />
  <testcase classname="ptolemy.util.test.junit.AutoTests" name="[76] /home/travis/build/icyphy/ptII/ptolemy/domains/de/test/auto/VariableDelay2.xml (RunModel)" time="0.009" />
  <testcase classname="ptolemy.util.test.junit.AutoTests" name="[77] /home/travis/build/icyphy/ptII/ptolemy/domains/de/test/auto/VariableDelayZeroDelay.xml (RunModel)" time="0.017" />
  <testcase classname="ptolemy.util.test.junit.AutoTests" name="[78] /home/travis/build/icyphy/ptII/ptolemy/domains/de/test/auto/VariableDelayZeroDelay2.xml (RunModel)" time="0.01" />
  <testcase classname="ptolemy.util.test.junit.AutoTests" name="[79] /home/travis/build/icyphy/ptII/ptolemy/domains/de/test/auto/deInCt.xml (RunModel)" time="0.017" />
  <testcase classname="ptolemy.util.test.junit.AutoTests" name="[80] /home/travis/build/icyphy/ptII/ptolemy/domains/de/test/auto/deInCt2.xml (RunModel)" time="0.016" />
  <testcase classname="ptolemy.util.test.junit.AutoTests" name="[81] /home/travis/build/icyphy/ptII/ptolemy/domains/de/test/auto/dynamicCausalityInterface1.xml (RunModel)" time="0.019" />
  <testcase classname="ptolemy.util.test.junit.AutoTests" name="[82] /home/travis/build/icyphy/ptII/ptolemy/domains/de/test/auto/fsm_de_test.xml (RunModel)" time="0.026" />
  <testcase classname="ptolemy.util.test.junit.AutoTests" name="[83] /home/travis/build/icyphy/ptII/ptolemy/domains/de/test/auto/functionDependencyReconstruction.xml (RunModel)" time="0.044" />
  <testcase classname="ptolemy.util.test.junit.AutoTests" name="[84] /home/travis/build/icyphy/ptII/ptolemy/domains/de/test/auto/multirate.xml (RunModel)" time="0.016" />
  <testcase classname="ptolemy.util.test.junit.AutoTests" name="[85] /home/travis/build/icyphy/ptII/ptolemy/domains/de/test/auto/multirate2.xml (RunModel)" time="0.024" />
  <testcase classname="ptolemy.util.test.junit.AutoTests" name="[86] /home/travis/build/icyphy/ptII/ptolemy/domains/de/test/auto/realtime.xml (RunModel)" time="10.012" />
  <testcase classname="ptolemy.util.test.junit.AutoTests" name="[87] /home/travis/build/icyphy/ptII/ptolemy/domains/de/test/auto/relationGroup.xml (RunModel)" time="0.01" />
  <testcase classname="ptolemy.util.test.junit.AutoTests" name="[88] /home/travis/build/icyphy/ptII/ptolemy/domains/de/test/auto/relationGroup2.xml (RunModel)" time="0.007" />
  <testcase classname="ptolemy.util.test.junit.AutoTests" name="[89] /home/travis/build/icyphy/ptII/ptolemy/domains/de/test/auto/sortWithOpaquePorts.xml (RunModel)" time="0.013" />
  <testcase classname="ptolemy.util.test.junit.AutoTests" name="[90] /home/travis/build/icyphy/ptII/ptolemy/domains/de/test/auto/transferInputsandOutputs.xml (RunModel)" time="0.031" />
  <testcase classname="ptolemy.util.test.junit.AutoTests" name="[91] /home/travis/build/icyphy/ptII/ptolemy/domains/de/test/auto/triggerType.xml (RunModel)" time="0.009" />
  <system-out><![CDATA[/home/travis/build/icyphy/ptII/ptolemy/domains/de/test/DependencyLoop.tcl
testDefs.tcl: setting time out to 9000 seconds at Wed Nov 06 06:13:24 UTC 2019
79 ms. Memory: 120832K Free: 72131K (60%)
23 ms. Memory: 120832K Free: 54709K (45%)
/home/travis/build/icyphy/ptII/ptolemy/domains/de/test/RunDETestsAsQSS.tcl
Run the DE tests using ptolemy.domains.qss.test.QSSDirectorTest, which extends QSSDirector and prints a message in the constructors.
------------------ testing $PTII/ptolemy/domains/de/test/auto/knownFailedTests/DirectFeedback.xml (Known Failure) 
69 ms. Memory: 120832K Free: 48579K (40%)


==== $PTIIhome/travis/build/icyphy/ptII/ptolemy/domains/de/test/../../../../: Auto Automatic test in file $PTII/ptolemy/domains/de/test/auto/knownFailedTests/DirectFeedback.xml
==== Contents of test case:

	    # FIXME: we should use $relativeFilename here, but it
	    # might have backslashes under Windows, which causes no end
	    # of trouble.
	    createAndExecute $file
	    list {}
	
.... Test generated KNOWN error:
    while executing
ptolemy.kernel.util.IllegalActionException: Test fails in iteration 1.
Value was: 1.0. Should have been: 2.0
  in .DirectFeedback.Test
	at ptolemy.actor.lib.Test.fire(Test.java:268)
	at ptolemy.domains.de.kernel.DEDirector._fire(DEDirector.java:1949)
	at ptolemy.domains.de.kernel.DEDirector.fire(DEDirector.java:502)
	at ptolemy.actor.CompositeActor.fire(CompositeActor.java:455)
	at ptolemy.actor.Manager.iterate(Manager.java:851)
	at ptolemy.actor.Manager.execute(Manager.java:369)
	at ptolemy.actor.Manager.run(Manager.java:1263)
	at ptolemy.actor.Manager$PtolemyRunThread.run(Manager.java:1933)

    while executing
ptolemy.kernel.util.IllegalActionException: Test fails in iteration 1.
Value was: 1.0. Should have been: 2.0
  in .DirectFeedback.Test
    while executing
"java::new ptolemy.moml.MoMLSimpleApplication $file
"
    (procedure "createAndExecute" line 2)
    invoked from within
"createAndExecute $file"
    ("uplevel" body line 5)
    invoked from within
"uplevel $contents_of_test"
------------------ testing $PTII/ptolemy/domains/de/test/auto/knownFailedTests/dependencyLoop.xml (Known Failure) 
39 ms. Memory: 120832K Free: 108286K (90%)


==== $PTIIhome/travis/build/icyphy/ptII/ptolemy/domains/de/test/../../../../: Auto Automatic test in file $PTII/ptolemy/domains/de/test/auto/knownFailedTests/dependencyLoop.xml
==== Contents of test case:

	    # FIXME: we should use $relativeFilename here, but it
	    # might have backslashes under Windows, which causes no end
	    # of trouble.
	    createAndExecute $file
	    list {}
	
.... Test generated KNOWN error:
    while executing
ptolemy.kernel.util.IllegalActionException: Found a zero delay loop containing .dependencyLoop.original
  in .dependencyLoop and .dependencyLoop.original
	at ptolemy.actor.util.CausalityInterfaceForComposites._computeOutputPortDepth(CausalityInterfaceForComposites.java:759)
	at ptolemy.actor.util.CausalityInterfaceForComposites._computeInputDepth(CausalityInterfaceForComposites.java:696)
	at ptolemy.actor.util.CausalityInterfaceForComposites._computeOutputPortDepth(CausalityInterfaceForComposites.java:765)
	at ptolemy.actor.util.CausalityInterfaceForComposites._computeInputDepth(CausalityInterfaceForComposites.java:696)
	at ptolemy.actor.util.CausalityInterfaceForComposites._computeOutputPortDepth(CausalityInterfaceForComposites.java:765)
	at ptolemy.actor.util.CausalityInterfaceForComposites._computeInputDepth(CausalityInterfaceForComposites.java:696)
	at ptolemy.actor.util.CausalityInterfaceForComposites._computeActorDepth(CausalityInterfaceForComposites.java:532)
	at ptolemy.actor.util.CausalityInterfaceForComposites.checkForCycles(CausalityInterfaceForComposites.java:96)
	at ptolemy.domains.de.kernel.DEDirector.preinitialize(DEDirector.java:1338)
	at ptolemy.actor.CompositeActor.preinitialize(CompositeActor.java:1828)
	at ptolemy.actor.Manager.preinitializeAndResolveTypes(Manager.java:1040)
	at ptolemy.actor.Manager.initialize(Manager.java:710)
	at ptolemy.actor.Manager.execute(Manager.java:356)
	at ptolemy.actor.Manager.run(Manager.java:1263)
	at ptolemy.actor.Manager$PtolemyRunThread.run(Manager.java:1933)

    while executing
ptolemy.kernel.util.IllegalActionException: Found a zero delay loop containing .dependencyLoop.original
  in .dependencyLoop and .dependencyLoop.original
    while executing
"java::new ptolemy.moml.MoMLSimpleApplication $file
"
    (procedure "createAndExecute" line 2)
    invoked from within
"createAndExecute $file"
    ("uplevel" body line 5)
    invoked from within
"uplevel $contents_of_test"
------------------ testing $PTII/ptolemy/domains/de/test/auto/knownFailedTests/FSMSource.xml (Known Failure) 
85 ms. Memory: 120832K Free: 99145K (82%)
!!!! Auto was marked as failing, but now passes
------------------ testing $PTII/ptolemy/domains/de/test/auto/knownFailedTests/HierarchicalModel.xml (Known Failure) 
6 ms. Memory: 120832K Free: 81723K (68%)


==== $PTIIhome/travis/build/icyphy/ptII/ptolemy/domains/de/test/../../../../: Auto Automatic test in file $PTII/ptolemy/domains/de/test/auto/knownFailedTests/HierarchicalModel.xml
==== Contents of test case:

	    # FIXME: we should use $relativeFilename here, but it
	    # might have backslashes under Windows, which causes no end
	    # of trouble.
	    createAndExecute $file
	    list {}
	
.... Test generated KNOWN error:
    while executing
ptolemy.kernel.util.IllegalActionException: Found a zero delay loop containing .HierarchicalModel.A
  in .HierarchicalModel and .HierarchicalModel.A
	at ptolemy.actor.util.CausalityInterfaceForComposites._computeOutputPortDepth(CausalityInterfaceForComposites.java:759)
	at ptolemy.actor.util.CausalityInterfaceForComposites._computeInputDepth(CausalityInterfaceForComposites.java:696)
	at ptolemy.actor.util.CausalityInterfaceForComposites._computeOutputPortDepth(CausalityInterfaceForComposites.java:765)
	at ptolemy.actor.util.CausalityInterfaceForComposites._computeInputDepth(CausalityInterfaceForComposites.java:696)
	at ptolemy.actor.util.CausalityInterfaceForComposites._computeOutputPortDepth(CausalityInterfaceForComposites.java:765)
	at ptolemy.actor.util.CausalityInterfaceForComposites._computeInputDepth(CausalityInterfaceForComposites.java:696)
	at ptolemy.actor.util.CausalityInterfaceForComposites._computeActorDepth(CausalityInterfaceForComposites.java:532)
	at ptolemy.actor.util.CausalityInterfaceForComposites.checkForCycles(CausalityInterfaceForComposites.java:96)
	at ptolemy.domains.de.kernel.DEDirector.preinitialize(DEDirector.java:1338)
	at ptolemy.actor.CompositeActor.preinitialize(CompositeActor.java:1828)
	at ptolemy.actor.Manager.preinitializeAndResolveTypes(Manager.java:1040)
	at ptolemy.actor.Manager.initialize(Manager.java:710)
	at ptolemy.actor.Manager.execute(Manager.java:356)
	at ptolemy.actor.Manager.run(Manager.java:1263)
	at ptolemy.actor.Manager$PtolemyRunThread.run(Manager.java:1933)

    while executing
ptolemy.kernel.util.IllegalActionException: Found a zero delay loop containing .HierarchicalModel.A
  in .HierarchicalModel and .HierarchicalModel.A
    while executing
"java::new ptolemy.moml.MoMLSimpleApplication $file
"
    (procedure "createAndExecute" line 2)
    invoked from within
"createAndExecute $file"
    ("uplevel" body line 5)
    invoked from within
"uplevel $contents_of_test"
------------------ testing $PTII/ptolemy/domains/de/test/auto/knownFailedTests/dependencyLoop2.xml (Known Failure) 
29 ms. Memory: 120832K Free: 107310K (89%)


==== $PTIIhome/travis/build/icyphy/ptII/ptolemy/domains/de/test/../../../../: Auto Automatic test in file $PTII/ptolemy/domains/de/test/auto/knownFailedTests/dependencyLoop2.xml
==== Contents of test case:

	    # FIXME: we should use $relativeFilename here, but it
	    # might have backslashes under Windows, which causes no end
	    # of trouble.
	    createAndExecute $file
	    list {}
	
.... Test generated KNOWN error:
    while executing
ptolemy.kernel.util.IllegalActionException: Found a zero delay loop containing .dependencyLoop2.original
  in .dependencyLoop2 and .dependencyLoop2.original
	at ptolemy.actor.util.CausalityInterfaceForComposites._computeOutputPortDepth(CausalityInterfaceForComposites.java:759)
	at ptolemy.actor.util.CausalityInterfaceForComposites._computeInputDepth(CausalityInterfaceForComposites.java:696)
	at ptolemy.actor.util.CausalityInterfaceForComposites._computeOutputPortDepth(CausalityInterfaceForComposites.java:765)
	at ptolemy.actor.util.CausalityInterfaceForComposites._computeInputDepth(CausalityInterfaceForComposites.java:696)
	at ptolemy.actor.util.CausalityInterfaceForComposites._computeOutputPortDepth(CausalityInterfaceForComposites.java:765)
	at ptolemy.actor.util.CausalityInterfaceForComposites._computeInputDepth(CausalityInterfaceForComposites.java:696)
	at ptolemy.actor.util.CausalityInterfaceForComposites._computeActorDepth(CausalityInterfaceForComposites.java:532)
	at ptolemy.actor.util.CausalityInterfaceForComposites.checkForCycles(CausalityInterfaceForComposites.java:96)
	at ptolemy.domains.de.kernel.DEDirector.preinitialize(DEDirector.java:1338)
	at ptolemy.actor.CompositeActor.preinitialize(CompositeActor.java:1828)
	at ptolemy.actor.Manager.preinitializeAndResolveTypes(Manager.java:1040)
	at ptolemy.actor.Manager.initialize(Manager.java:710)
	at ptolemy.actor.Manager.execute(Manager.java:356)
	at ptolemy.actor.Manager.run(Manager.java:1263)
	at ptolemy.actor.Manager$PtolemyRunThread.run(Manager.java:1933)

    while executing
ptolemy.kernel.util.IllegalActionException: Found a zero delay loop containing .dependencyLoop2.original
  in .dependencyLoop2 and .dependencyLoop2.original
    while executing
"java::new ptolemy.moml.MoMLSimpleApplication $file
"
    (procedure "createAndExecute" line 2)
    invoked from within
"createAndExecute $file"
    ("uplevel" body line 5)
    invoked from within
"uplevel $contents_of_test"
------------------ testing $PTII/ptolemy/domains/de/test/auto/knownFailedTests/DESDFClockTest.xml (Known Failure) 
2069 ms. Memory: 120832K Free: 93706K (78%)


==== $PTIIhome/travis/build/icyphy/ptII/ptolemy/domains/de/test/../../../../: Auto Automatic test in file $PTII/ptolemy/domains/de/test/auto/knownFailedTests/DESDFClockTest.xml
==== Contents of test case:

	    # FIXME: we should use $relativeFilename here, but it
	    # might have backslashes under Windows, which causes no end
	    # of trouble.
	    createAndExecute $file
	    list {}
	
.... Test generated KNOWN error:
    while executing
ptolemy.kernel.util.IllegalActionException: Actor is not ready to fire.  Perhaps UpSample.prefire() returned false? Try debugging the actor by selecting "Listen to Actor".  Also, for SDF check moml for tokenConsumptionRate on input.
  in .DESDFClockTest.Play Bell.Copy1:SDF Director and .DESDFClockTest.Play Bell.UpSample
	at ptolemy.actor.sched.StaticSchedulingDirector.fire(StaticSchedulingDirector.java:227)
	at ptolemy.domains.sdf.kernel.SDFDirector.fire(SDFDirector.java:500)
	at ptolemy.actor.CompositeActor.fire(CompositeActor.java:455)
	at ptolemy.domains.de.kernel.DEDirector._fire(DEDirector.java:1949)
	at ptolemy.domains.de.kernel.DEDirector.fire(DEDirector.java:502)
	at ptolemy.actor.CompositeActor.fire(CompositeActor.java:455)
	at ptolemy.actor.Manager.iterate(Manager.java:851)
	at ptolemy.actor.Manager.execute(Manager.java:369)
	at ptolemy.actor.Manager.run(Manager.java:1263)
	at ptolemy.actor.Manager$PtolemyRunThread.run(Manager.java:1933)

    while executing
ptolemy.kernel.util.IllegalActionException: Actor is not ready to fire.  Perhaps UpSample.prefire() returned false? Try debugging the actor by selecting "Listen to Actor".  Also, for SDF check moml for tokenConsumptionRate on input.
  in .DESDFClockTest.Play Bell.Copy1:SDF Director and .DESDFClockTest.Play Bell.UpSample
    while executing
"java::new ptolemy.moml.MoMLSimpleApplication $file
"
    (procedure "createAndExecute" line 2)
    invoked from within
"createAndExecute $file"
    ("uplevel" body line 5)
    invoked from within
"uplevel $contents_of_test"
------------------ testing $PTII/ptolemy/domains/de/test/auto/ActorDepthCalculation_actorWithoutPorts.xml
auto.tcl: Setting watchdog for 200 seconds at Wed Nov 06 06:13:28 UTC 2019
13 ms. Memory: 120832K Free: 86877K (72%)
ptolemy.util.test.WatchDog.cancel(): canceling Wed Nov 06 06:13:28 UTC 2019
auto.tcl: Setting watchdog for 200 seconds at Wed Nov 06 06:13:28 UTC 2019
5 ms. Memory: 120832K Free: 85230K (71%)
ptolemy.util.test.WatchDog.cancel(): canceling Wed Nov 06 06:13:28 UTC 2019
------------------ testing $PTII/ptolemy/domains/de/test/auto/AssemblyLine.xml
auto.tcl: Setting watchdog for 200 seconds at Wed Nov 06 06:13:28 UTC 2019
22 ms. Memory: 48128K Free: 26222K (54%)
ptolemy.util.test.WatchDog.cancel(): canceling Wed Nov 06 06:13:28 UTC 2019
auto.tcl: Setting watchdog for 200 seconds at Wed Nov 06 06:13:28 UTC 2019
7 ms. Memory: 48128K Free: 25784K (54%)
ptolemy.util.test.WatchDog.cancel(): canceling Wed Nov 06 06:13:28 UTC 2019
------------------ testing $PTII/ptolemy/domains/de/test/auto/CQBug1.xml
auto.tcl: Setting watchdog for 200 seconds at Wed Nov 06 06:13:28 UTC 2019
3 ms. Memory: 48128K Free: 31490K (65%)
ptolemy.util.test.WatchDog.cancel(): canceling Wed Nov 06 06:13:29 UTC 2019
auto.tcl: Setting watchdog for 200 seconds at Wed Nov 06 06:13:29 UTC 2019
3 ms. Memory: 48128K Free: 31052K (65%)
ptolemy.util.test.WatchDog.cancel(): canceling Wed Nov 06 06:13:29 UTC 2019
------------------ testing $PTII/ptolemy/domains/de/test/auto/CancelFireAt.xml
auto.tcl: Setting watchdog for 200 seconds at Wed Nov 06 06:13:29 UTC 2019
6 ms. Memory: 48128K Free: 32558K (68%)
ptolemy.util.test.WatchDog.cancel(): canceling Wed Nov 06 06:13:29 UTC 2019
auto.tcl: Setting watchdog for 200 seconds at Wed Nov 06 06:13:29 UTC 2019
3 ms. Memory: 48128K Free: 32128K (67%)
ptolemy.util.test.WatchDog.cancel(): canceling Wed Nov 06 06:13:29 UTC 2019
------------------ testing $PTII/ptolemy/domains/de/test/auto/CausalityAndComposabilityAnalysis.xml
auto.tcl: Setting watchdog for 200 seconds at Wed Nov 06 06:13:29 UTC 2019
6 ms. Memory: 45056K Free: 27416K (61%)
ptolemy.util.test.WatchDog.cancel(): canceling Wed Nov 06 06:13:29 UTC 2019
auto.tcl: Setting watchdog for 200 seconds at Wed Nov 06 06:13:29 UTC 2019
5 ms. Memory: 45056K Free: 26988K (60%)
ptolemy.util.test.WatchDog.cancel(): canceling Wed Nov 06 06:13:29 UTC 2019
------------------ testing $PTII/ptolemy/domains/de/test/auto/CausalityInterface1.xml
auto.tcl: Setting watchdog for 200 seconds at Wed Nov 06 06:13:29 UTC 2019
28 ms. Memory: 45056K Free: 26348K (58%)
ptolemy.util.test.WatchDog.cancel(): canceling Wed Nov 06 06:13:29 UTC 2019
auto.tcl: Setting watchdog for 200 seconds at Wed Nov 06 06:13:29 UTC 2019
5 ms. Memory: 45056K Free: 25390K (56%)
ptolemy.util.test.WatchDog.cancel(): canceling Wed Nov 06 06:13:29 UTC 2019
------------------ testing $PTII/ptolemy/domains/de/test/auto/CausalityInterface15.xml
auto.tcl: Setting watchdog for 200 seconds at Wed Nov 06 06:13:29 UTC 2019
5 ms. Memory: 45056K Free: 26058K (58%)
ptolemy.util.test.WatchDog.cancel(): canceling Wed Nov 06 06:13:29 UTC 2019
auto.tcl: Setting watchdog for 200 seconds at Wed Nov 06 06:13:29 UTC 2019
4 ms. Memory: 45056K Free: 25347K (56%)
ptolemy.util.test.WatchDog.cancel(): canceling Wed Nov 06 06:13:29 UTC 2019
------------------ testing $PTII/ptolemy/domains/de/test/auto/CausalityInterface2.xml
auto.tcl: Setting watchdog for 200 seconds at Wed Nov 06 06:13:29 UTC 2019
4 ms. Memory: 45056K Free: 27097K (60%)
ptolemy.util.test.WatchDog.cancel(): canceling Wed Nov 06 06:13:29 UTC 2019
auto.tcl: Setting watchdog for 200 seconds at Wed Nov 06 06:13:29 UTC 2019
3 ms. Memory: 45056K Free: 26341K (58%)
ptolemy.util.test.WatchDog.cancel(): canceling Wed Nov 06 06:13:29 UTC 2019
------------------ testing $PTII/ptolemy/domains/de/test/auto/CausalityInterface3.xml
auto.tcl: Setting watchdog for 200 seconds at Wed Nov 06 06:13:29 UTC 2019
7 ms. Memory: 45056K Free: 26559K (59%)
ptolemy.util.test.WatchDog.cancel(): canceling Wed Nov 06 06:13:29 UTC 2019
auto.tcl: Setting watchdog for 200 seconds at Wed Nov 06 06:13:29 UTC 2019
3 ms. Memory: 45056K Free: 25763K (57%)
ptolemy.util.test.WatchDog.cancel(): canceling Wed Nov 06 06:13:29 UTC 2019
------------------ testing $PTII/ptolemy/domains/de/test/auto/ClockDrift.xml
auto.tcl: Setting watchdog for 200 seconds at Wed Nov 06 06:13:29 UTC 2019
105 ms. Memory: 45056K Free: 19133K (42%)
ptolemy.util.test.WatchDog.cancel(): canceling Wed Nov 06 06:13:29 UTC 2019
auto.tcl: Setting watchdog for 200 seconds at Wed Nov 06 06:13:29 UTC 2019
55 ms. Memory: 45056K Free: 16120K (36%)
ptolemy.util.test.WatchDog.cancel(): canceling Wed Nov 06 06:13:29 UTC 2019
------------------ testing $PTII/ptolemy/domains/de/test/auto/ClockDriftAndValueChange.xml
auto.tcl: Setting watchdog for 200 seconds at Wed Nov 06 06:13:29 UTC 2019
49 ms. Memory: 45056K Free: 19224K (43%)
ptolemy.util.test.WatchDog.cancel(): canceling Wed Nov 06 06:13:30 UTC 2019
auto.tcl: Setting watchdog for 200 seconds at Wed Nov 06 06:13:30 UTC 2019
28 ms. Memory: 45056K Free: 16380K (36%)
ptolemy.util.test.WatchDog.cancel(): canceling Wed Nov 06 06:13:30 UTC 2019
------------------ testing $PTII/ptolemy/domains/de/test/auto/ClockDriftChange.xml
auto.tcl: Setting watchdog for 200 seconds at Wed Nov 06 06:13:30 UTC 2019
22 ms. Memory: 45056K Free: 21036K (47%)
ptolemy.util.test.WatchDog.cancel(): canceling Wed Nov 06 06:13:30 UTC 2019
auto.tcl: Setting watchdog for 200 seconds at Wed Nov 06 06:13:30 UTC 2019
27 ms. Memory: 45056K Free: 18181K (40%)
ptolemy.util.test.WatchDog.cancel(): canceling Wed Nov 06 06:13:30 UTC 2019
------------------ testing $PTII/ptolemy/domains/de/test/auto/ComposableCausalityAnalysis.xml
auto.tcl: Setting watchdog for 200 seconds at Wed Nov 06 06:13:30 UTC 2019
3 ms. Memory: 45056K Free: 25600K (57%)
ptolemy.util.test.WatchDog.cancel(): canceling Wed Nov 06 06:13:30 UTC 2019
auto.tcl: Setting watchdog for 200 seconds at Wed Nov 06 06:13:30 UTC 2019
5 ms. Memory: 45056K Free: 24358K (54%)
ptolemy.util.test.WatchDog.cancel(): canceling Wed Nov 06 06:13:30 UTC 2019
------------------ testing $PTII/ptolemy/domains/de/test/auto/DEFixedPointLimitation.xml
auto.tcl: Setting watchdog for 200 seconds at Wed Nov 06 06:13:30 UTC 2019
2 ms. Memory: 45056K Free: 26975K (60%)
ptolemy.util.test.WatchDog.cancel(): canceling Wed Nov 06 06:13:30 UTC 2019
auto.tcl: Setting watchdog for 200 seconds at Wed Nov 06 06:13:30 UTC 2019
2 ms. Memory: 45056K Free: 26109K (58%)
ptolemy.util.test.WatchDog.cancel(): canceling Wed Nov 06 06:13:30 UTC 2019
------------------ testing $PTII/ptolemy/domains/de/test/auto/DEScheduleTest.xml
auto.tcl: Setting watchdog for 200 seconds at Wed Nov 06 06:13:30 UTC 2019
8 ms. Memory: 45056K Free: 27257K (60%)
ptolemy.util.test.WatchDog.cancel(): canceling Wed Nov 06 06:13:30 UTC 2019
auto.tcl: Setting watchdog for 200 seconds at Wed Nov 06 06:13:30 UTC 2019
3 ms. Memory: 45056K Free: 26520K (59%)
ptolemy.util.test.WatchDog.cancel(): canceling Wed Nov 06 06:13:30 UTC 2019
------------------ testing $PTII/ptolemy/domains/de/test/auto/DEinDEwithStartTimes.xml
auto.tcl: Setting watchdog for 200 seconds at Wed Nov 06 06:13:30 UTC 2019
4 ms. Memory: 45056K Free: 25490K (57%)
ptolemy.util.test.WatchDog.cancel(): canceling Wed Nov 06 06:13:30 UTC 2019
auto.tcl: Setting watchdog for 200 seconds at Wed Nov 06 06:13:30 UTC 2019
4 ms. Memory: 45056K Free: 24423K (54%)
ptolemy.util.test.WatchDog.cancel(): canceling Wed Nov 06 06:13:30 UTC 2019
------------------ testing $PTII/ptolemy/domains/de/test/auto/DEinDEwithStartTimes2.xml
auto.tcl: Setting watchdog for 200 seconds at Wed Nov 06 06:13:30 UTC 2019
5 ms. Memory: 45056K Free: 24763K (55%)
ptolemy.util.test.WatchDog.cancel(): canceling Wed Nov 06 06:13:30 UTC 2019
auto.tcl: Setting watchdog for 200 seconds at Wed Nov 06 06:13:30 UTC 2019
9 ms. Memory: 45056K Free: 23379K (52%)
ptolemy.util.test.WatchDog.cancel(): canceling Wed Nov 06 06:13:30 UTC 2019
------------------ testing $PTII/ptolemy/domains/de/test/auto/DateDemo.xml
auto.tcl: Setting watchdog for 200 seconds at Wed Nov 06 06:13:30 UTC 2019
31 ms. Memory: 45056K Free: 19040K (42%)
ptolemy.util.test.WatchDog.cancel(): canceling Wed Nov 06 06:13:30 UTC 2019
auto.tcl: Setting watchdog for 200 seconds at Wed Nov 06 06:13:30 UTC 2019
15 ms. Memory: 45056K Free: 17502K (39%)
ptolemy.util.test.WatchDog.cancel(): canceling Wed Nov 06 06:13:30 UTC 2019
------------------ testing $PTII/ptolemy/domains/de/test/auto/DateToEvent.xml
auto.tcl: Setting watchdog for 200 seconds at Wed Nov 06 06:13:30 UTC 2019
2019 ms. Memory: 45056K Free: 14942K (33%)
ptolemy.util.test.WatchDog.cancel(): canceling Wed Nov 06 06:13:33 UTC 2019
auto.tcl: Setting watchdog for 200 seconds at Wed Nov 06 06:13:33 UTC 2019
2008 ms. Memory: 45056K Free: 14235K (32%)
ptolemy.util.test.WatchDog.cancel(): canceling Wed Nov 06 06:13:35 UTC 2019
------------------ testing $PTII/ptolemy/domains/de/test/auto/DepthTest1.xml
auto.tcl: Setting watchdog for 200 seconds at Wed Nov 06 06:13:35 UTC 2019
2 ms. Memory: 45056K Free: 28089K (62%)
ptolemy.util.test.WatchDog.cancel(): canceling Wed Nov 06 06:13:35 UTC 2019
auto.tcl: Setting watchdog for 200 seconds at Wed Nov 06 06:13:35 UTC 2019
1 ms. Memory: 45056K Free: 27673K (61%)
ptolemy.util.test.WatchDog.cancel(): canceling Wed Nov 06 06:13:35 UTC 2019
------------------ testing $PTII/ptolemy/domains/de/test/auto/DepthTest2.xml
auto.tcl: Setting watchdog for 200 seconds at Wed Nov 06 06:13:35 UTC 2019
5 ms. Memory: 45056K Free: 24918K (55%)
ptolemy.util.test.WatchDog.cancel(): canceling Wed Nov 06 06:13:35 UTC 2019
auto.tcl: Setting watchdog for 200 seconds at Wed Nov 06 06:13:35 UTC 2019
2 ms. Memory: 45056K Free: 24527K (54%)
ptolemy.util.test.WatchDog.cancel(): canceling Wed Nov 06 06:13:35 UTC 2019
------------------ testing $PTII/ptolemy/domains/de/test/auto/DepthTest3.xml
auto.tcl: Setting watchdog for 200 seconds at Wed Nov 06 06:13:35 UTC 2019
4 ms. Memory: 45056K Free: 28419K (63%)
ptolemy.util.test.WatchDog.cancel(): canceling Wed Nov 06 06:13:35 UTC 2019
auto.tcl: Setting watchdog for 200 seconds at Wed Nov 06 06:13:35 UTC 2019
2 ms. Memory: 45056K Free: 28036K (62%)
ptolemy.util.test.WatchDog.cancel(): canceling Wed Nov 06 06:13:35 UTC 2019
------------------ testing $PTII/ptolemy/domains/de/test/auto/DepthTest4.xml
auto.tcl: Setting watchdog for 200 seconds at Wed Nov 06 06:13:35 UTC 2019
6 ms. Memory: 45056K Free: 26783K (59%)
ptolemy.util.test.WatchDog.cancel(): canceling Wed Nov 06 06:13:35 UTC 2019
auto.tcl: Setting watchdog for 200 seconds at Wed Nov 06 06:13:35 UTC 2019
2 ms. Memory: 45056K Free: 26059K (58%)
ptolemy.util.test.WatchDog.cancel(): canceling Wed Nov 06 06:13:35 UTC 2019
------------------ testing $PTII/ptolemy/domains/de/test/auto/DepthTest5.xml
auto.tcl: Setting watchdog for 200 seconds at Wed Nov 06 06:13:35 UTC 2019
5 ms. Memory: 45056K Free: 26177K (58%)
ptolemy.util.test.WatchDog.cancel(): canceling Wed Nov 06 06:13:35 UTC 2019
auto.tcl: Setting watchdog for 200 seconds at Wed Nov 06 06:13:35 UTC 2019
2 ms. Memory: 45056K Free: 25408K (56%)
ptolemy.util.test.WatchDog.cancel(): canceling Wed Nov 06 06:13:35 UTC 2019
------------------ testing $PTII/ptolemy/domains/de/test/auto/DepthTest6.xml
auto.tcl: Setting watchdog for 200 seconds at Wed Nov 06 06:13:35 UTC 2019
4 ms. Memory: 45056K Free: 25908K (58%)
ptolemy.util.test.WatchDog.cancel(): canceling Wed Nov 06 06:13:35 UTC 2019
auto.tcl: Setting watchdog for 200 seconds at Wed Nov 06 06:13:35 UTC 2019
3 ms. Memory: 45056K Free: 25359K (56%)
ptolemy.util.test.WatchDog.cancel(): canceling Wed Nov 06 06:13:35 UTC 2019
------------------ testing $PTII/ptolemy/domains/de/test/auto/DepthTest7.xml
auto.tcl: Setting watchdog for 200 seconds at Wed Nov 06 06:13:35 UTC 2019
4 ms. Memory: 45056K Free: 26541K (59%)
ptolemy.util.test.WatchDog.cancel(): canceling Wed Nov 06 06:13:35 UTC 2019
auto.tcl: Setting watchdog for 200 seconds at Wed Nov 06 06:13:35 UTC 2019
2 ms. Memory: 45056K Free: 25629K (57%)
ptolemy.util.test.WatchDog.cancel(): canceling Wed Nov 06 06:13:35 UTC 2019
------------------ testing $PTII/ptolemy/domains/de/test/auto/EventToDate.xml
auto.tcl: Setting watchdog for 200 seconds at Wed Nov 06 06:13:35 UTC 2019
3007 ms. Memory: 45056K Free: 17499K (39%)
ptolemy.util.test.WatchDog.cancel(): canceling Wed Nov 06 06:13:38 UTC 2019
auto.tcl: Setting watchdog for 200 seconds at Wed Nov 06 06:13:38 UTC 2019
3004 ms. Memory: 45056K Free: 16819K (37%)
ptolemy.util.test.WatchDog.cancel(): canceling Wed Nov 06 06:13:41 UTC 2019
------------------ testing $PTII/ptolemy/domains/de/test/auto/FSM1.xml
auto.tcl: Setting watchdog for 200 seconds at Wed Nov 06 06:13:41 UTC 2019
23 ms. Memory: 45056K Free: 18707K (42%)
ptolemy.util.test.WatchDog.cancel(): canceling Wed Nov 06 06:13:41 UTC 2019
auto.tcl: Setting watchdog for 200 seconds at Wed Nov 06 06:13:41 UTC 2019
29 ms. Memory: 45056K Free: 15478K (34%)
ptolemy.util.test.WatchDog.cancel(): canceling Wed Nov 06 06:13:41 UTC 2019
------------------ testing $PTII/ptolemy/domains/de/test/auto/FSM7.xml
auto.tcl: Setting watchdog for 200 seconds at Wed Nov 06 06:13:41 UTC 2019
32 ms. Memory: 45056K Free: 18223K (40%)
ptolemy.util.test.WatchDog.cancel(): canceling Wed Nov 06 06:13:42 UTC 2019
auto.tcl: Setting watchdog for 200 seconds at Wed Nov 06 06:13:42 UTC 2019
22 ms. Memory: 45056K Free: 15030K (33%)
ptolemy.util.test.WatchDog.cancel(): canceling Wed Nov 06 06:13:42 UTC 2019
------------------ testing $PTII/ptolemy/domains/de/test/auto/Inspection.xml
auto.tcl: Setting watchdog for 200 seconds at Wed Nov 06 06:13:42 UTC 2019
31 ms. Memory: 45056K Free: 18435K (41%)
ptolemy.util.test.WatchDog.cancel(): canceling Wed Nov 06 06:13:42 UTC 2019
auto.tcl: Setting watchdog for 200 seconds at Wed Nov 06 06:13:42 UTC 2019
29 ms. Memory: 45056K Free: 16703K (37%)
ptolemy.util.test.WatchDog.cancel(): canceling Wed Nov 06 06:13:42 UTC 2019
------------------ testing $PTII/ptolemy/domains/de/test/auto/Iteration.xml
auto.tcl: Setting watchdog for 200 seconds at Wed Nov 06 06:13:42 UTC 2019
9 ms. Memory: 45056K Free: 24238K (54%)
ptolemy.util.test.WatchDog.cancel(): canceling Wed Nov 06 06:13:42 UTC 2019
auto.tcl: Setting watchdog for 200 seconds at Wed Nov 06 06:13:42 UTC 2019
7 ms. Memory: 45056K Free: 22773K (51%)
ptolemy.util.test.WatchDog.cancel(): canceling Wed Nov 06 06:13:42 UTC 2019
------------------ testing $PTII/ptolemy/domains/de/test/auto/LineFault.xml
auto.tcl: Setting watchdog for 200 seconds at Wed Nov 06 06:13:42 UTC 2019
720 ms. Memory: 54272K Free: 14750K (27%)
ptolemy.util.test.WatchDog.cancel(): canceling Wed Nov 06 06:13:43 UTC 2019
auto.tcl: Setting watchdog for 200 seconds at Wed Nov 06 06:13:43 UTC 2019
581 ms. Memory: 54272K Free: 37742K (70%)
ptolemy.util.test.WatchDog.cancel(): canceling Wed Nov 06 06:13:43 UTC 2019
------------------ testing $PTII/ptolemy/domains/de/test/auto/MergeModel1Add.xml
auto.tcl: Setting watchdog for 200 seconds at Wed Nov 06 06:13:44 UTC 2019
25 ms. Memory: 51200K Free: 16264K (32%)
ptolemy.util.test.WatchDog.cancel(): canceling Wed Nov 06 06:13:44 UTC 2019
auto.tcl: Setting watchdog for 200 seconds at Wed Nov 06 06:13:44 UTC 2019
17 ms. Memory: 51200K Free: 14629K (29%)
ptolemy.util.test.WatchDog.cancel(): canceling Wed Nov 06 06:13:44 UTC 2019
------------------ testing $PTII/ptolemy/domains/de/test/auto/MergeModel2Add.xml
auto.tcl: Setting watchdog for 200 seconds at Wed Nov 06 06:13:44 UTC 2019
9 ms. Memory: 48128K Free: 15249K (32%)
ptolemy.util.test.WatchDog.cancel(): canceling Wed Nov 06 06:13:44 UTC 2019
auto.tcl: Setting watchdog for 200 seconds at Wed Nov 06 06:13:44 UTC 2019
8 ms. Memory: 48128K Free: 13290K (28%)
ptolemy.util.test.WatchDog.cancel(): canceling Wed Nov 06 06:13:44 UTC 2019
------------------ testing $PTII/ptolemy/domains/de/test/auto/MergeModel3Add.xml
auto.tcl: Setting watchdog for 200 seconds at Wed Nov 06 06:13:44 UTC 2019
10 ms. Memory: 48128K Free: 15234K (32%)
ptolemy.util.test.WatchDog.cancel(): canceling Wed Nov 06 06:13:44 UTC 2019
auto.tcl: Setting watchdog for 200 seconds at Wed Nov 06 06:13:44 UTC 2019
8 ms. Memory: 48128K Free: 13823K (29%)
ptolemy.util.test.WatchDog.cancel(): canceling Wed Nov 06 06:13:44 UTC 2019
------------------ testing $PTII/ptolemy/domains/de/test/auto/MergeWithoutDiscard.xml
auto.tcl: Setting watchdog for 200 seconds at Wed Nov 06 06:13:44 UTC 2019
2 ms. Memory: 48128K Free: 30120K (63%)
ptolemy.util.test.WatchDog.cancel(): canceling Wed Nov 06 06:13:44 UTC 2019
auto.tcl: Setting watchdog for 200 seconds at Wed Nov 06 06:13:44 UTC 2019
2 ms. Memory: 48128K Free: 29225K (61%)
ptolemy.util.test.WatchDog.cancel(): canceling Wed Nov 06 06:13:44 UTC 2019
------------------ testing $PTII/ptolemy/domains/de/test/auto/Modal1.xml
auto.tcl: Setting watchdog for 200 seconds at Wed Nov 06 06:13:44 UTC 2019
12 ms. Memory: 48128K Free: 21724K (45%)
ptolemy.util.test.WatchDog.cancel(): canceling Wed Nov 06 06:13:44 UTC 2019
auto.tcl: Setting watchdog for 200 seconds at Wed Nov 06 06:13:44 UTC 2019
12 ms. Memory: 48128K Free: 18256K (38%)
ptolemy.util.test.WatchDog.cancel(): canceling Wed Nov 06 06:13:44 UTC 2019
------------------ testing $PTII/ptolemy/domains/de/test/auto/Modal2.xml
auto.tcl: Setting watchdog for 200 seconds at Wed Nov 06 06:13:44 UTC 2019
19 ms. Memory: 48128K Free: 22115K (46%)
ptolemy.util.test.WatchDog.cancel(): canceling Wed Nov 06 06:13:44 UTC 2019
auto.tcl: Setting watchdog for 200 seconds at Wed Nov 06 06:13:44 UTC 2019
22 ms. Memory: 48128K Free: 18616K (39%)
ptolemy.util.test.WatchDog.cancel(): canceling Wed Nov 06 06:13:44 UTC 2019
------------------ testing $PTII/ptolemy/domains/de/test/auto/Modal3.xml
auto.tcl: Setting watchdog for 200 seconds at Wed Nov 06 06:13:44 UTC 2019
12 ms. Memory: 48128K Free: 21826K (45%)
ptolemy.util.test.WatchDog.cancel(): canceling Wed Nov 06 06:13:44 UTC 2019
auto.tcl: Setting watchdog for 200 seconds at Wed Nov 06 06:13:44 UTC 2019
12 ms. Memory: 48128K Free: 18598K (39%)
ptolemy.util.test.WatchDog.cancel(): canceling Wed Nov 06 06:13:44 UTC 2019
------------------ testing $PTII/ptolemy/domains/de/test/auto/Modal4.xml
auto.tcl: Setting watchdog for 200 seconds at Wed Nov 06 06:13:44 UTC 2019
14 ms. Memory: 48128K Free: 20790K (43%)
ptolemy.util.test.WatchDog.cancel(): canceling Wed Nov 06 06:13:44 UTC 2019
auto.tcl: Setting watchdog for 200 seconds at Wed Nov 06 06:13:44 UTC 2019
16 ms. Memory: 48128K Free: 16990K (35%)
ptolemy.util.test.WatchDog.cancel(): canceling Wed Nov 06 06:13:44 UTC 2019
------------------ testing $PTII/ptolemy/domains/de/test/auto/Modal5.xml
auto.tcl: Setting watchdog for 200 seconds at Wed Nov 06 06:13:45 UTC 2019
14 ms. Memory: 48128K Free: 20801K (43%)
ptolemy.util.test.WatchDog.cancel(): canceling Wed Nov 06 06:13:45 UTC 2019
auto.tcl: Setting watchdog for 200 seconds at Wed Nov 06 06:13:45 UTC 2019
15 ms. Memory: 48128K Free: 16977K (35%)
ptolemy.util.test.WatchDog.cancel(): canceling Wed Nov 06 06:13:45 UTC 2019
------------------ testing $PTII/ptolemy/domains/de/test/auto/Modal6.xml
auto.tcl: Setting watchdog for 200 seconds at Wed Nov 06 06:13:45 UTC 2019
13 ms. Memory: 48128K Free: 21549K (45%)
ptolemy.util.test.WatchDog.cancel(): canceling Wed Nov 06 06:13:45 UTC 2019
auto.tcl: Setting watchdog for 200 seconds at Wed Nov 06 06:13:45 UTC 2019
14 ms. Memory: 48128K Free: 17565K (36%)
ptolemy.util.test.WatchDog.cancel(): canceling Wed Nov 06 06:13:45 UTC 2019
------------------ testing $PTII/ptolemy/domains/de/test/auto/Modal7.xml
auto.tcl: Setting watchdog for 200 seconds at Wed Nov 06 06:13:45 UTC 2019
11 ms. Memory: 48128K Free: 20536K (43%)
ptolemy.util.test.WatchDog.cancel(): canceling Wed Nov 06 06:13:45 UTC 2019
auto.tcl: Setting watchdog for 200 seconds at Wed Nov 06 06:13:45 UTC 2019
11 ms. Memory: 48128K Free: 16976K (35%)
ptolemy.util.test.WatchDog.cancel(): canceling Wed Nov 06 06:13:45 UTC 2019
------------------ testing $PTII/ptolemy/domains/de/test/auto/ModalModel.xml
auto.tcl: Setting watchdog for 200 seconds at Wed Nov 06 06:13:45 UTC 2019
230 ms. Memory: 61440K Free: 27379K (45%)
ptolemy.util.test.WatchDog.cancel(): canceling Wed Nov 06 06:13:45 UTC 2019
auto.tcl: Setting watchdog for 200 seconds at Wed Nov 06 06:13:45 UTC 2019
188 ms. Memory: 61440K Free: 29322K (48%)
ptolemy.util.test.WatchDog.cancel(): canceling Wed Nov 06 06:13:45 UTC 2019
------------------ testing $PTII/ptolemy/domains/de/test/auto/ModalSource.xml
auto.tcl: Setting watchdog for 200 seconds at Wed Nov 06 06:13:45 UTC 2019
10 ms. Memory: 48128K Free: 25650K (53%)
ptolemy.util.test.WatchDog.cancel(): canceling Wed Nov 06 06:13:45 UTC 2019
auto.tcl: Setting watchdog for 200 seconds at Wed Nov 06 06:13:45 UTC 2019
7 ms. Memory: 48128K Free: 23602K (49%)
ptolemy.util.test.WatchDog.cancel(): canceling Wed Nov 06 06:13:45 UTC 2019
------------------ testing $PTII/ptolemy/domains/de/test/auto/NonInterruptibleTimerZeroDelay.xml
auto.tcl: Setting watchdog for 200 seconds at Wed Nov 06 06:13:46 UTC 2019
4 ms. Memory: 48128K Free: 30584K (64%)
ptolemy.util.test.WatchDog.cancel(): canceling Wed Nov 06 06:13:46 UTC 2019
auto.tcl: Setting watchdog for 200 seconds at Wed Nov 06 06:13:46 UTC 2019
2 ms. Memory: 48128K Free: 29933K (62%)
ptolemy.util.test.WatchDog.cancel(): canceling Wed Nov 06 06:13:46 UTC 2019
------------------ testing $PTII/ptolemy/domains/de/test/auto/OpenQueueingNetwork.xml
auto.tcl: Setting watchdog for 200 seconds at Wed Nov 06 06:13:46 UTC 2019
3126 ms. Memory: 154624K Free: 132012K (85%)
ptolemy.util.test.WatchDog.cancel(): canceling Wed Nov 06 06:13:49 UTC 2019
auto.tcl: Setting watchdog for 200 seconds at Wed Nov 06 06:13:49 UTC 2019
2825 ms. Memory: 186368K Free: 163208K (88%)
ptolemy.util.test.WatchDog.cancel(): canceling Wed Nov 06 06:13:52 UTC 2019
------------------ testing $PTII/ptolemy/domains/de/test/auto/OpenQueuingNetwork.xml
auto.tcl: Setting watchdog for 200 seconds at Wed Nov 06 06:13:52 UTC 2019
254 ms. Memory: 51200K Free: 16540K (32%)
ptolemy.util.test.WatchDog.cancel(): canceling Wed Nov 06 06:13:52 UTC 2019
auto.tcl: Setting watchdog for 200 seconds at Wed Nov 06 06:13:52 UTC 2019
244 ms. Memory: 51200K Free: 20069K (39%)
ptolemy.util.test.WatchDog.cancel(): canceling Wed Nov 06 06:13:52 UTC 2019
------------------ testing $PTII/ptolemy/domains/de/test/auto/PeriodicSampler.xml
auto.tcl: Setting watchdog for 200 seconds at Wed Nov 06 06:13:52 UTC 2019
3 ms. Memory: 48128K Free: 29787K (62%)
ptolemy.util.test.WatchDog.cancel(): canceling Wed Nov 06 06:13:52 UTC 2019
auto.tcl: Setting watchdog for 200 seconds at Wed Nov 06 06:13:52 UTC 2019
3 ms. Memory: 48128K Free: 28851K (60%)
ptolemy.util.test.WatchDog.cancel(): canceling Wed Nov 06 06:13:53 UTC 2019
------------------ testing $PTII/ptolemy/domains/de/test/auto/PersistentIO.xml
auto.tcl: Setting watchdog for 200 seconds at Wed Nov 06 06:13:53 UTC 2019
12 ms. Memory: 48128K Free: 24712K (51%)
ptolemy.util.test.WatchDog.cancel(): canceling Wed Nov 06 06:13:53 UTC 2019
auto.tcl: Setting watchdog for 200 seconds at Wed Nov 06 06:13:53 UTC 2019
5 ms. Memory: 48128K Free: 23294K (48%)
ptolemy.util.test.WatchDog.cancel(): canceling Wed Nov 06 06:13:53 UTC 2019
------------------ testing $PTII/ptolemy/domains/de/test/auto/PortParameterResetOnInitialize.xml
auto.tcl: Setting watchdog for 200 seconds at Wed Nov 06 06:13:53 UTC 2019
8 ms. Memory: 48128K Free: 29704K (62%)
ptolemy.util.test.WatchDog.cancel(): canceling Wed Nov 06 06:13:53 UTC 2019
auto.tcl: Setting watchdog for 200 seconds at Wed Nov 06 06:13:53 UTC 2019
3 ms. Memory: 48128K Free: 29212K (61%)
ptolemy.util.test.WatchDog.cancel(): canceling Wed Nov 06 06:13:53 UTC 2019
------------------ testing $PTII/ptolemy/domains/de/test/auto/PortParameterUpdates.xml
auto.tcl: Setting watchdog for 200 seconds at Wed Nov 06 06:13:53 UTC 2019
4 ms. Memory: 48128K Free: 27780K (58%)
ptolemy.util.test.WatchDog.cancel(): canceling Wed Nov 06 06:13:53 UTC 2019
auto.tcl: Setting watchdog for 200 seconds at Wed Nov 06 06:13:53 UTC 2019
4 ms. Memory: 48128K Free: 26329K (55%)
ptolemy.util.test.WatchDog.cancel(): canceling Wed Nov 06 06:13:53 UTC 2019
------------------ testing $PTII/ptolemy/domains/de/test/auto/QueueAndServer.xml
auto.tcl: Setting watchdog for 200 seconds at Wed Nov 06 06:13:53 UTC 2019
16 ms. Memory: 48128K Free: 26713K (56%)
ptolemy.util.test.WatchDog.cancel(): canceling Wed Nov 06 06:13:53 UTC 2019
auto.tcl: Setting watchdog for 200 seconds at Wed Nov 06 06:13:53 UTC 2019
9 ms. Memory: 48128K Free: 25279K (53%)
ptolemy.util.test.WatchDog.cancel(): canceling Wed Nov 06 06:13:53 UTC 2019
------------------ testing $PTII/ptolemy/domains/de/test/auto/Records.xml
auto.tcl: Setting watchdog for 200 seconds at Wed Nov 06 06:13:53 UTC 2019
4 ms. Memory: 48128K Free: 29252K (61%)
ptolemy.util.test.WatchDog.cancel(): canceling Wed Nov 06 06:13:53 UTC 2019
auto.tcl: Setting watchdog for 200 seconds at Wed Nov 06 06:13:53 UTC 2019
2 ms. Memory: 48128K Free: 28731K (60%)
ptolemy.util.test.WatchDog.cancel(): canceling Wed Nov 06 06:13:53 UTC 2019
------------------ testing $PTII/ptolemy/domains/de/test/auto/ResetTransitionWithStartTime1.xml
auto.tcl: Setting watchdog for 200 seconds at Wed Nov 06 06:13:53 UTC 2019
16 ms. Memory: 48128K Free: 26196K (54%)
ptolemy.util.test.WatchDog.cancel(): canceling Wed Nov 06 06:13:53 UTC 2019
auto.tcl: Setting watchdog for 200 seconds at Wed Nov 06 06:13:53 UTC 2019
7 ms. Memory: 48128K Free: 24132K (50%)
ptolemy.util.test.WatchDog.cancel(): canceling Wed Nov 06 06:13:53 UTC 2019
------------------ testing $PTII/ptolemy/domains/de/test/auto/ResetTransitionWithStartTime2.xml
auto.tcl: Setting watchdog for 200 seconds at Wed Nov 06 06:13:53 UTC 2019
6 ms. Memory: 48128K Free: 26151K (54%)
ptolemy.util.test.WatchDog.cancel(): canceling Wed Nov 06 06:13:53 UTC 2019
auto.tcl: Setting watchdog for 200 seconds at Wed Nov 06 06:13:53 UTC 2019
7 ms. Memory: 48128K Free: 23641K (49%)
ptolemy.util.test.WatchDog.cancel(): canceling Wed Nov 06 06:13:53 UTC 2019
------------------ testing $PTII/ptolemy/domains/de/test/auto/ResetTransitionWithStartTime3.xml
auto.tcl: Setting watchdog for 200 seconds at Wed Nov 06 06:13:53 UTC 2019
13 ms. Memory: 48128K Free: 26150K (54%)
ptolemy.util.test.WatchDog.cancel(): canceling Wed Nov 06 06:13:53 UTC 2019
auto.tcl: Setting watchdog for 200 seconds at Wed Nov 06 06:13:53 UTC 2019
7 ms. Memory: 48128K Free: 23640K (49%)
ptolemy.util.test.WatchDog.cancel(): canceling Wed Nov 06 06:13:53 UTC 2019
------------------ testing $PTII/ptolemy/domains/de/test/auto/ResetTransitionWithStartTime4.xml
auto.tcl: Setting watchdog for 200 seconds at Wed Nov 06 06:13:53 UTC 2019
8 ms. Memory: 48128K Free: 26612K (55%)
ptolemy.util.test.WatchDog.cancel(): canceling Wed Nov 06 06:13:53 UTC 2019
auto.tcl: Setting watchdog for 200 seconds at Wed Nov 06 06:13:53 UTC 2019
4 ms. Memory: 48128K Free: 25204K (52%)
ptolemy.util.test.WatchDog.cancel(): canceling Wed Nov 06 06:13:53 UTC 2019
------------------ testing $PTII/ptolemy/domains/de/test/auto/ResettableTimer1.xml
auto.tcl: Setting watchdog for 200 seconds at Wed Nov 06 06:13:53 UTC 2019
3 ms. Memory: 48128K Free: 30614K (64%)
ptolemy.util.test.WatchDog.cancel(): canceling Wed Nov 06 06:13:53 UTC 2019
auto.tcl: Setting watchdog for 200 seconds at Wed Nov 06 06:13:53 UTC 2019
3 ms. Memory: 48128K Free: 29764K (62%)
ptolemy.util.test.WatchDog.cancel(): canceling Wed Nov 06 06:13:53 UTC 2019
------------------ testing $PTII/ptolemy/domains/de/test/auto/ResettableTimer2.xml
auto.tcl: Setting watchdog for 200 seconds at Wed Nov 06 06:13:54 UTC 2019
3 ms. Memory: 48128K Free: 30443K (63%)
ptolemy.util.test.WatchDog.cancel(): canceling Wed Nov 06 06:13:54 UTC 2019
auto.tcl: Setting watchdog for 200 seconds at Wed Nov 06 06:13:54 UTC 2019
2 ms. Memory: 48128K Free: 29330K (61%)
ptolemy.util.test.WatchDog.cancel(): canceling Wed Nov 06 06:13:54 UTC 2019
------------------ testing $PTII/ptolemy/domains/de/test/auto/ResettableTimer3.xml
auto.tcl: Setting watchdog for 200 seconds at Wed Nov 06 06:13:54 UTC 2019
2 ms. Memory: 48128K Free: 30282K (63%)
ptolemy.util.test.WatchDog.cancel(): canceling Wed Nov 06 06:13:54 UTC 2019
auto.tcl: Setting watchdog for 200 seconds at Wed Nov 06 06:13:54 UTC 2019
1 ms. Memory: 48128K Free: 29819K (62%)
ptolemy.util.test.WatchDog.cancel(): canceling Wed Nov 06 06:13:54 UTC 2019
------------------ testing $PTII/ptolemy/domains/de/test/auto/ResettableTimer4.xml
auto.tcl: Setting watchdog for 200 seconds at Wed Nov 06 06:13:54 UTC 2019
1 ms. Memory: 48128K Free: 30331K (63%)
ptolemy.util.test.WatchDog.cancel(): canceling Wed Nov 06 06:13:54 UTC 2019
auto.tcl: Setting watchdog for 200 seconds at Wed Nov 06 06:13:54 UTC 2019
1 ms. Memory: 48128K Free: 29833K (62%)
ptolemy.util.test.WatchDog.cancel(): canceling Wed Nov 06 06:13:54 UTC 2019
------------------ testing $PTII/ptolemy/domains/de/test/auto/ResettableTimer5.xml
auto.tcl: Setting watchdog for 200 seconds at Wed Nov 06 06:13:54 UTC 2019
1 ms. Memory: 48128K Free: 29764K (62%)
ptolemy.util.test.WatchDog.cancel(): canceling Wed Nov 06 06:13:54 UTC 2019
auto.tcl: Setting watchdog for 200 seconds at Wed Nov 06 06:13:54 UTC 2019
1 ms. Memory: 48128K Free: 29288K (61%)
ptolemy.util.test.WatchDog.cancel(): canceling Wed Nov 06 06:13:54 UTC 2019
------------------ testing $PTII/ptolemy/domains/de/test/auto/ResettableTimer6.xml
auto.tcl: Setting watchdog for 200 seconds at Wed Nov 06 06:13:54 UTC 2019
2 ms. Memory: 48128K Free: 29762K (62%)
ptolemy.util.test.WatchDog.cancel(): canceling Wed Nov 06 06:13:54 UTC 2019
auto.tcl: Setting watchdog for 200 seconds at Wed Nov 06 06:13:54 UTC 2019
2 ms. Memory: 48128K Free: 29294K (61%)
ptolemy.util.test.WatchDog.cancel(): canceling Wed Nov 06 06:13:54 UTC 2019
------------------ testing $PTII/ptolemy/domains/de/test/auto/ServerZeroDelay.xml
auto.tcl: Setting watchdog for 200 seconds at Wed Nov 06 06:13:54 UTC 2019
4 ms. Memory: 48128K Free: 30273K (63%)
ptolemy.util.test.WatchDog.cancel(): canceling Wed Nov 06 06:13:54 UTC 2019
auto.tcl: Setting watchdog for 200 seconds at Wed Nov 06 06:13:54 UTC 2019
3 ms. Memory: 48128K Free: 29321K (61%)
ptolemy.util.test.WatchDog.cancel(): canceling Wed Nov 06 06:13:54 UTC 2019
------------------ testing $PTII/ptolemy/domains/de/test/auto/SmartSender.xml
auto.tcl: Setting watchdog for 200 seconds at Wed Nov 06 06:13:54 UTC 2019
3001 ms. Memory: 48128K Free: 30288K (63%)
ptolemy.util.test.WatchDog.cancel(): canceling Wed Nov 06 06:13:57 UTC 2019
auto.tcl: Setting watchdog for 200 seconds at Wed Nov 06 06:13:57 UTC 2019
3001 ms. Memory: 48128K Free: 29792K (62%)
ptolemy.util.test.WatchDog.cancel(): canceling Wed Nov 06 06:14:00 UTC 2019
------------------ testing $PTII/ptolemy/domains/de/test/auto/ThreadedComposite.xml
auto.tcl: Setting watchdog for 200 seconds at Wed Nov 06 06:14:00 UTC 2019
229 ms. Memory: 48128K Free: 11335K (24%)
ptolemy.util.test.WatchDog.cancel(): canceling Wed Nov 06 06:14:00 UTC 2019
auto.tcl: Setting watchdog for 200 seconds at Wed Nov 06 06:14:00 UTC 2019
129 ms. Memory: 48128K Free: 24496K (51%)
ptolemy.util.test.WatchDog.cancel(): canceling Wed Nov 06 06:14:01 UTC 2019
------------------ testing $PTII/ptolemy/domains/de/test/auto/Time.xml
auto.tcl: Setting watchdog for 200 seconds at Wed Nov 06 06:14:01 UTC 2019
554 ms. Memory: 48128K Free: 25976K (54%)
ptolemy.util.test.WatchDog.cancel(): canceling Wed Nov 06 06:14:01 UTC 2019
auto.tcl: Setting watchdog for 200 seconds at Wed Nov 06 06:14:01 UTC 2019
544 ms. Memory: 71680K Free: 45212K (63%)
ptolemy.util.test.WatchDog.cancel(): canceling Wed Nov 06 06:14:02 UTC 2019
------------------ testing $PTII/ptolemy/domains/de/test/auto/TimeDelayZeroDelay.xml
auto.tcl: Setting watchdog for 200 seconds at Wed Nov 06 06:14:02 UTC 2019
3 ms. Memory: 51200K Free: 33270K (65%)
ptolemy.util.test.WatchDog.cancel(): canceling Wed Nov 06 06:14:02 UTC 2019
auto.tcl: Setting watchdog for 200 seconds at Wed Nov 06 06:14:02 UTC 2019
2 ms. Memory: 51200K Free: 32402K (63%)
ptolemy.util.test.WatchDog.cancel(): canceling Wed Nov 06 06:14:02 UTC 2019
------------------ testing $PTII/ptolemy/domains/de/test/auto/TimerZeroDelay.xml
auto.tcl: Setting watchdog for 200 seconds at Wed Nov 06 06:14:02 UTC 2019
3 ms. Memory: 51200K Free: 33760K (66%)
ptolemy.util.test.WatchDog.cancel(): canceling Wed Nov 06 06:14:02 UTC 2019
auto.tcl: Setting watchdog for 200 seconds at Wed Nov 06 06:14:02 UTC 2019
2 ms. Memory: 51200K Free: 33327K (65%)
ptolemy.util.test.WatchDog.cancel(): canceling Wed Nov 06 06:14:02 UTC 2019
------------------ testing $PTII/ptolemy/domains/de/test/auto/TimingParadox.xml
auto.tcl: Setting watchdog for 200 seconds at Wed Nov 06 06:14:02 UTC 2019
366 ms. Memory: 48128K Free: 13707K (28%)
ptolemy.util.test.WatchDog.cancel(): canceling Wed Nov 06 06:14:02 UTC 2019
auto.tcl: Setting watchdog for 200 seconds at Wed Nov 06 06:14:02 UTC 2019
387 ms. Memory: 48128K Free: 26623K (55%)
ptolemy.util.test.WatchDog.cancel(): canceling Wed Nov 06 06:14:03 UTC 2019
------------------ testing $PTII/ptolemy/domains/de/test/auto/TransferInputs.xml
auto.tcl: Setting watchdog for 200 seconds at Wed Nov 06 06:14:03 UTC 2019
3 ms. Memory: 48128K Free: 28708K (60%)
ptolemy.util.test.WatchDog.cancel(): canceling Wed Nov 06 06:14:03 UTC 2019
auto.tcl: Setting watchdog for 200 seconds at Wed Nov 06 06:14:03 UTC 2019
2 ms. Memory: 48128K Free: 27855K (58%)
ptolemy.util.test.WatchDog.cancel(): canceling Wed Nov 06 06:14:03 UTC 2019
------------------ testing $PTII/ptolemy/domains/de/test/auto/TransferOutputs2.xml
auto.tcl: Setting watchdog for 200 seconds at Wed Nov 06 06:14:03 UTC 2019
3 ms. Memory: 48128K Free: 26151K (54%)
ptolemy.util.test.WatchDog.cancel(): canceling Wed Nov 06 06:14:03 UTC 2019
auto.tcl: Setting watchdog for 200 seconds at Wed Nov 06 06:14:03 UTC 2019
3 ms. Memory: 48128K Free: 24784K (51%)
ptolemy.util.test.WatchDog.cancel(): canceling Wed Nov 06 06:14:03 UTC 2019
------------------ testing $PTII/ptolemy/domains/de/test/auto/Trilateration.xml
auto.tcl: Setting watchdog for 200 seconds at Wed Nov 06 06:14:03 UTC 2019
15959 ms. Memory: 542720K Free: 470428K (87%)
ptolemy.util.test.WatchDog.cancel(): canceling Wed Nov 06 06:14:20 UTC 2019
auto.tcl: Setting watchdog for 200 seconds at Wed Nov 06 06:14:20 UTC 2019
12009 ms. Memory: 542720K Free: 421333K (78%)
ptolemy.util.test.WatchDog.cancel(): canceling Wed Nov 06 06:14:32 UTC 2019
------------------ testing $PTII/ptolemy/domains/de/test/auto/TwoSigmaDelta.xml
auto.tcl: Setting watchdog for 200 seconds at Wed Nov 06 06:14:32 UTC 2019
2827 ms. Memory: 86016K Free: 49390K (57%)
ptolemy.util.test.WatchDog.cancel(): canceling Wed Nov 06 06:14:35 UTC 2019
auto.tcl: Setting watchdog for 200 seconds at Wed Nov 06 06:14:35 UTC 2019
2181 ms. Memory: 86016K Free: 38117K (44%)
ptolemy.util.test.WatchDog.cancel(): canceling Wed Nov 06 06:14:38 UTC 2019
------------------ testing $PTII/ptolemy/domains/de/test/auto/VariableDelay.xml
auto.tcl: Setting watchdog for 200 seconds at Wed Nov 06 06:14:38 UTC 2019
7 ms. Memory: 51200K Free: 32273K (63%)
ptolemy.util.test.WatchDog.cancel(): canceling Wed Nov 06 06:14:38 UTC 2019
auto.tcl: Setting watchdog for 200 seconds at Wed Nov 06 06:14:38 UTC 2019
2 ms. Memory: 51200K Free: 31257K (61%)
ptolemy.util.test.WatchDog.cancel(): canceling Wed Nov 06 06:14:38 UTC 2019
------------------ testing $PTII/ptolemy/domains/de/test/auto/VariableDelay2.xml
auto.tcl: Setting watchdog for 200 seconds at Wed Nov 06 06:14:38 UTC 2019
3 ms. Memory: 51200K Free: 32680K (64%)
ptolemy.util.test.WatchDog.cancel(): canceling Wed Nov 06 06:14:38 UTC 2019
auto.tcl: Setting watchdog for 200 seconds at Wed Nov 06 06:14:38 UTC 2019
1 ms. Memory: 51200K Free: 32176K (63%)
ptolemy.util.test.WatchDog.cancel(): canceling Wed Nov 06 06:14:38 UTC 2019
------------------ testing $PTII/ptolemy/domains/de/test/auto/VariableDelayZeroDelay.xml
auto.tcl: Setting watchdog for 200 seconds at Wed Nov 06 06:14:38 UTC 2019
3 ms. Memory: 51200K Free: 33199K (65%)
ptolemy.util.test.WatchDog.cancel(): canceling Wed Nov 06 06:14:38 UTC 2019
auto.tcl: Setting watchdog for 200 seconds at Wed Nov 06 06:14:38 UTC 2019
2 ms. Memory: 51200K Free: 32671K (64%)
ptolemy.util.test.WatchDog.cancel(): canceling Wed Nov 06 06:14:38 UTC 2019
------------------ testing $PTII/ptolemy/domains/de/test/auto/VariableDelayZeroDelay2.xml
auto.tcl: Setting watchdog for 200 seconds at Wed Nov 06 06:14:38 UTC 2019
3 ms. Memory: 51200K Free: 33197K (65%)
ptolemy.util.test.WatchDog.cancel(): canceling Wed Nov 06 06:14:38 UTC 2019
auto.tcl: Setting watchdog for 200 seconds at Wed Nov 06 06:14:38 UTC 2019
2 ms. Memory: 51200K Free: 32173K (63%)
ptolemy.util.test.WatchDog.cancel(): canceling Wed Nov 06 06:14:38 UTC 2019
------------------ testing $PTII/ptolemy/domains/de/test/auto/deInCt.xml
auto.tcl: Setting watchdog for 200 seconds at Wed Nov 06 06:14:38 UTC 2019
0
1
1
1
1
0
0
0
0
1
1
1
0
0
0
1
1
1
0
0
0
1
1
1
0
0
1
1
0
0
1
1
1
0
0
0
0
1
1
1
0
0
0
0
17 ms. Memory: 51200K Free: 32171K (63%)
ptolemy.util.test.WatchDog.cancel(): canceling Wed Nov 06 06:14:38 UTC 2019
auto.tcl: Setting watchdog for 200 seconds at Wed Nov 06 06:14:38 UTC 2019
0
1
1
1
0
0
0
1
1
1
1
0
0
0
0
0
0
0
1
1
1
0
0
0
1
1
1
0
0
0
1
1
1
1
0
0
0
0
6 ms. Memory: 51200K Free: 30633K (60%)
ptolemy.util.test.WatchDog.cancel(): canceling Wed Nov 06 06:14:38 UTC 2019
------------------ testing $PTII/ptolemy/domains/de/test/auto/deInCt2.xml
auto.tcl: Setting watchdog for 200 seconds at Wed Nov 06 06:14:38 UTC 2019
0
1
1
1
0
0
1
1
1
0
0
1
1
1
0
0
1
1
1
0
0
1
1
1
0
0
1
1
1
0
0
1
1
1
0
0
1
1
1
0
0
0
9 ms. Memory: 51200K Free: 32173K (63%)
ptolemy.util.test.WatchDog.cancel(): canceling Wed Nov 06 06:14:38 UTC 2019
auto.tcl: Setting watchdog for 200 seconds at Wed Nov 06 06:14:38 UTC 2019
0
1
1
1
0
0
1
1
1
0
0
1
1
1
0
0
1
1
1
0
0
1
1
1
0
0
1
1
1
0
0
1
1
1
0
0
1
1
1
0
0
0
6 ms. Memory: 51200K Free: 30621K (60%)
ptolemy.util.test.WatchDog.cancel(): canceling Wed Nov 06 06:14:38 UTC 2019
------------------ testing $PTII/ptolemy/domains/de/test/auto/dynamicCausalityInterface1.xml
auto.tcl: Setting watchdog for 200 seconds at Wed Nov 06 06:14:38 UTC 2019
5 ms. Memory: 51200K Free: 28072K (55%)
ptolemy.util.test.WatchDog.cancel(): canceling Wed Nov 06 06:14:38 UTC 2019
auto.tcl: Setting watchdog for 200 seconds at Wed Nov 06 06:14:38 UTC 2019
1 ms. Memory: 51200K Free: 27558K (54%)
ptolemy.util.test.WatchDog.cancel(): canceling Wed Nov 06 06:14:38 UTC 2019
------------------ testing $PTII/ptolemy/domains/de/test/auto/fsm_de_test.xml
auto.tcl: Setting watchdog for 200 seconds at Wed Nov 06 06:14:38 UTC 2019
9 ms. Memory: 51200K Free: 27971K (55%)
ptolemy.util.test.WatchDog.cancel(): canceling Wed Nov 06 06:14:38 UTC 2019
auto.tcl: Setting watchdog for 200 seconds at Wed Nov 06 06:14:38 UTC 2019
5 ms. Memory: 51200K Free: 25923K (51%)
ptolemy.util.test.WatchDog.cancel(): canceling Wed Nov 06 06:14:38 UTC 2019
------------------ testing $PTII/ptolemy/domains/de/test/auto/functionDependencyReconstruction.xml
auto.tcl: Setting watchdog for 200 seconds at Wed Nov 06 06:14:38 UTC 2019
3 ms. Memory: 51200K Free: 21815K (43%)
ptolemy.util.test.WatchDog.cancel(): canceling Wed Nov 06 06:14:38 UTC 2019
auto.tcl: Setting watchdog for 200 seconds at Wed Nov 06 06:14:38 UTC 2019
3 ms. Memory: 51200K Free: 19767K (39%)
ptolemy.util.test.WatchDog.cancel(): canceling Wed Nov 06 06:14:38 UTC 2019
------------------ testing $PTII/ptolemy/domains/de/test/auto/multirate.xml
auto.tcl: Setting watchdog for 200 seconds at Wed Nov 06 06:14:38 UTC 2019
4 ms. Memory: 51200K Free: 30577K (60%)
ptolemy.util.test.WatchDog.cancel(): canceling Wed Nov 06 06:14:38 UTC 2019
auto.tcl: Setting watchdog for 200 seconds at Wed Nov 06 06:14:38 UTC 2019
3 ms. Memory: 51200K Free: 28898K (56%)
ptolemy.util.test.WatchDog.cancel(): canceling Wed Nov 06 06:14:38 UTC 2019
------------------ testing $PTII/ptolemy/domains/de/test/auto/multirate2.xml
auto.tcl: Setting watchdog for 200 seconds at Wed Nov 06 06:14:38 UTC 2019
3 ms. Memory: 51200K Free: 30599K (60%)
ptolemy.util.test.WatchDog.cancel(): canceling Wed Nov 06 06:14:39 UTC 2019
auto.tcl: Setting watchdog for 200 seconds at Wed Nov 06 06:14:39 UTC 2019
3 ms. Memory: 51200K Free: 29079K (57%)
ptolemy.util.test.WatchDog.cancel(): canceling Wed Nov 06 06:14:39 UTC 2019
------------------ testing $PTII/ptolemy/domains/de/test/auto/realtime.xml
auto.tcl: Setting watchdog for 200 seconds at Wed Nov 06 06:14:39 UTC 2019
10002 ms. Memory: 51200K Free: 32874K (64%)
ptolemy.util.test.WatchDog.cancel(): canceling Wed Nov 06 06:14:49 UTC 2019
auto.tcl: Setting watchdog for 200 seconds at Wed Nov 06 06:14:49 UTC 2019
10002 ms. Memory: 51200K Free: 32330K (63%)
ptolemy.util.test.WatchDog.cancel(): canceling Wed Nov 06 06:14:59 UTC 2019
------------------ testing $PTII/ptolemy/domains/de/test/auto/relationGroup.xml
auto.tcl: Setting watchdog for 200 seconds at Wed Nov 06 06:14:59 UTC 2019
2 ms. Memory: 51200K Free: 33924K (66%)
ptolemy.util.test.WatchDog.cancel(): canceling Wed Nov 06 06:14:59 UTC 2019
auto.tcl: Setting watchdog for 200 seconds at Wed Nov 06 06:14:59 UTC 2019
2 ms. Memory: 51200K Free: 33396K (65%)
ptolemy.util.test.WatchDog.cancel(): canceling Wed Nov 06 06:14:59 UTC 2019
------------------ testing $PTII/ptolemy/domains/de/test/auto/relationGroup2.xml
auto.tcl: Setting watchdog for 200 seconds at Wed Nov 06 06:14:59 UTC 2019
2 ms. Memory: 51200K Free: 33735K (66%)
ptolemy.util.test.WatchDog.cancel(): canceling Wed Nov 06 06:14:59 UTC 2019
auto.tcl: Setting watchdog for 200 seconds at Wed Nov 06 06:14:59 UTC 2019
2 ms. Memory: 51200K Free: 33225K (65%)
ptolemy.util.test.WatchDog.cancel(): canceling Wed Nov 06 06:14:59 UTC 2019
------------------ testing $PTII/ptolemy/domains/de/test/auto/sortWithOpaquePorts.xml
auto.tcl: Setting watchdog for 200 seconds at Wed Nov 06 06:14:59 UTC 2019
2 ms. Memory: 51200K Free: 32698K (64%)
ptolemy.util.test.WatchDog.cancel(): canceling Wed Nov 06 06:14:59 UTC 2019
auto.tcl: Setting watchdog for 200 seconds at Wed Nov 06 06:14:59 UTC 2019
3 ms. Memory: 51200K Free: 31674K (62%)
ptolemy.util.test.WatchDog.cancel(): canceling Wed Nov 06 06:14:59 UTC 2019
------------------ testing $PTII/ptolemy/domains/de/test/auto/transferInputsandOutputs.xml
auto.tcl: Setting watchdog for 200 seconds at Wed Nov 06 06:14:59 UTC 2019
6 ms. Memory: 51200K Free: 30141K (59%)
ptolemy.util.test.WatchDog.cancel(): canceling Wed Nov 06 06:14:59 UTC 2019
auto.tcl: Setting watchdog for 200 seconds at Wed Nov 06 06:14:59 UTC 2019
4 ms. Memory: 51200K Free: 29117K (57%)
ptolemy.util.test.WatchDog.cancel(): canceling Wed Nov 06 06:14:59 UTC 2019
------------------ testing $PTII/ptolemy/domains/de/test/auto/triggerType.xml
auto.tcl: Setting watchdog for 200 seconds at Wed Nov 06 06:14:59 UTC 2019
2 ms. Memory: 51200K Free: 33166K (65%)
ptolemy.util.test.WatchDog.cancel(): canceling Wed Nov 06 06:14:59 UTC 2019
auto.tcl: Setting watchdog for 200 seconds at Wed Nov 06 06:14:59 UTC 2019
2 ms. Memory: 51200K Free: 32142K (63%)
ptolemy.util.test.WatchDog.cancel(): canceling Wed Nov 06 06:14:59 UTC 2019
11/06/19 06:14:59
Failed: 0  Total Tests: 192  ((Passed: 187, Newly Passed: 1)  Known Failed: 5) /home/travis/build/icyphy/ptII/ptolemy/domains/de/test
11/06/19 06:14:59
Failed: 0  Total Tests: 192  ((Passed: 187, Newly Passed: 1)  Known Failed: 5) /home/travis/build/icyphy/ptII/ptolemy/domains/de/test
----------------- testing (KnownFailure) /home/travis/build/icyphy/ptII/ptolemy/domains/de/test/auto/knownFailedTests/DESDFClockTest.xml
2013 ms. Memory: 51200K Free: 26051K (51%)
Known Failure: java.lang.reflect.InvocationTargetException
----------------- testing (KnownFailure) /home/travis/build/icyphy/ptII/ptolemy/domains/de/test/auto/knownFailedTests/DirectFeedback.xml
2 ms. Memory: 51200K Free: 22465K (44%)
Known Failure: java.lang.reflect.InvocationTargetException
----------------- testing (KnownFailure) /home/travis/build/icyphy/ptII/ptolemy/domains/de/test/auto/knownFailedTests/FSMSource.xml
21 ms. Memory: 51200K Free: 14259K (28%)
----------------- testing (KnownFailure) /home/travis/build/icyphy/ptII/ptolemy/domains/de/test/auto/knownFailedTests/HierarchicalModel.xml
3 ms. Memory: 51200K Free: 27349K (53%)
Known Failure: java.lang.reflect.InvocationTargetException
----------------- testing (KnownFailure) /home/travis/build/icyphy/ptII/ptolemy/domains/de/test/auto/knownFailedTests/dependencyLoop.xml
3 ms. Memory: 51200K Free: 11975K (23%)
Known Failure: java.lang.reflect.InvocationTargetException
----------------- testing (KnownFailure) /home/travis/build/icyphy/ptII/ptolemy/domains/de/test/auto/knownFailedTests/dependencyLoop2.xml
8 ms. Memory: 51200K Free: 25659K (50%)
Known Failure: java.lang.reflect.InvocationTargetException
No auto/linux-amd64/*.xml tests in /home/travis/build/icyphy/ptII/ptolemy/domains/de/test
AutoTests.java: About to close Vertx.
AutoTests.java: Vertx closed.

===========================================================================================
----------------- testing Wed Nov 06 06:15:01 UTC 2019 /home/travis/build/icyphy/ptII/ptolemy/domains/de/test/auto/ActorDepthCalculation_actorWithoutPorts.xml
----------------- Instantiating /home/travis/build/icyphy/ptII/ptolemy/domains/de/test/auto/ActorDepthCalculation_actorWithoutPorts.xml
2 ms. Memory: 51200K Free: 18780K (37%)
----------------- Invoking toplevel() on ptolemy.moml.MoMLSimpleApplication@85866a2
----------------- Done invoking toplevel() on ptolemy.moml.MoMLSimpleApplication@85866a2
reloadAllAccessors: .ActorDepthCalculation_actorWithoutPorts

===========================================================================================
----------------- testing Wed Nov 06 06:15:01 UTC 2019 /home/travis/build/icyphy/ptII/ptolemy/domains/de/test/auto/AssemblyLine.xml
----------------- Instantiating /home/travis/build/icyphy/ptII/ptolemy/domains/de/test/auto/AssemblyLine.xml
2 ms. Memory: 51200K Free: 11644K (23%)
----------------- Invoking toplevel() on ptolemy.moml.MoMLSimpleApplication@34c0cc17
----------------- Done invoking toplevel() on ptolemy.moml.MoMLSimpleApplication@34c0cc17
reloadAllAccessors: .AssemblyLine

===========================================================================================
----------------- testing Wed Nov 06 06:15:01 UTC 2019 /home/travis/build/icyphy/ptII/ptolemy/domains/de/test/auto/CQBug1.xml
----------------- Instantiating /home/travis/build/icyphy/ptII/ptolemy/domains/de/test/auto/CQBug1.xml
2 ms. Memory: 51200K Free: 8602K (17%)
----------------- Invoking toplevel() on ptolemy.moml.MoMLSimpleApplication@2938e8d6
----------------- Done invoking toplevel() on ptolemy.moml.MoMLSimpleApplication@2938e8d6
reloadAllAccessors: .CQBug1

===========================================================================================
----------------- testing Wed Nov 06 06:15:01 UTC 2019 /home/travis/build/icyphy/ptII/ptolemy/domains/de/test/auto/CancelFireAt.xml
----------------- Instantiating /home/travis/build/icyphy/ptII/ptolemy/domains/de/test/auto/CancelFireAt.xml
1 ms. Memory: 51200K Free: 35092K (69%)
----------------- Invoking toplevel() on ptolemy.moml.MoMLSimpleApplication@59f8d808
----------------- Done invoking toplevel() on ptolemy.moml.MoMLSimpleApplication@59f8d808
reloadAllAccessors: .CancelFireAt

===========================================================================================
----------------- testing Wed Nov 06 06:15:01 UTC 2019 /home/travis/build/icyphy/ptII/ptolemy/domains/de/test/auto/CausalityAndComposabilityAnalysis.xml
----------------- Instantiating /home/travis/build/icyphy/ptII/ptolemy/domains/de/test/auto/CausalityAndComposabilityAnalysis.xml
2 ms. Memory: 51200K Free: 30624K (60%)
----------------- Invoking toplevel() on ptolemy.moml.MoMLSimpleApplication@25175498
----------------- Done invoking toplevel() on ptolemy.moml.MoMLSimpleApplication@25175498
reloadAllAccessors: .CausalityAndComposabilityAnalysis

===========================================================================================
----------------- testing Wed Nov 06 06:15:01 UTC 2019 /home/travis/build/icyphy/ptII/ptolemy/domains/de/test/auto/CausalityInterface1.xml
----------------- Instantiating /home/travis/build/icyphy/ptII/ptolemy/domains/de/test/auto/CausalityInterface1.xml
6 ms. Memory: 51200K Free: 25504K (50%)
----------------- Invoking toplevel() on ptolemy.moml.MoMLSimpleApplication@36aa3df0
----------------- Done invoking toplevel() on ptolemy.moml.MoMLSimpleApplication@36aa3df0
reloadAllAccessors: .CausalityInterface1

===========================================================================================
----------------- testing Wed Nov 06 06:15:01 UTC 2019 /home/travis/build/icyphy/ptII/ptolemy/domains/de/test/auto/CausalityInterface15.xml
----------------- Instantiating /home/travis/build/icyphy/ptII/ptolemy/domains/de/test/auto/CausalityInterface15.xml
3 ms. Memory: 51200K Free: 20051K (39%)
----------------- Invoking toplevel() on ptolemy.moml.MoMLSimpleApplication@55de9d30
----------------- Done invoking toplevel() on ptolemy.moml.MoMLSimpleApplication@55de9d30
reloadAllAccessors: .CausalityInterface15

===========================================================================================
----------------- testing Wed Nov 06 06:15:01 UTC 2019 /home/travis/build/icyphy/ptII/ptolemy/domains/de/test/auto/CausalityInterface2.xml
----------------- Instantiating /home/travis/build/icyphy/ptII/ptolemy/domains/de/test/auto/CausalityInterface2.xml
2 ms. Memory: 51200K Free: 15264K (30%)
[...]
	at ptolemy.actor.Manager.run(Manager.java:1263)
	at ptolemy.actor.Manager$PtolemyRunThread.run(Manager.java:1933)
java.lang.RuntimeException: Execution failed
	at ptolemy.moml.MoMLSimpleApplication$UnloadThread.run(MoMLSimpleApplication.java:402)
Caused by: ptolemy.kernel.util.IllegalActionException: Actor is not ready to fire.  Perhaps UpSample.prefire() returned false? Try debugging the actor by selecting "Listen to Actor".  Also, for SDF check moml for tokenConsumptionRate on input.
  in .DESDFClockTest.Play Bell.Copy1:SDF Director and .DESDFClockTest.Play Bell.UpSample
	at ptolemy.actor.sched.StaticSchedulingDirector.fire(StaticSchedulingDirector.java:227)
	at ptolemy.domains.sdf.kernel.SDFDirector.fire(SDFDirector.java:500)
	at ptolemy.actor.CompositeActor.fire(CompositeActor.java:455)
	at ptolemy.domains.de.kernel.DEDirector._fire(DEDirector.java:1949)
	at ptolemy.domains.de.kernel.DEDirector.fire(DEDirector.java:502)
	at ptolemy.actor.CompositeActor.fire(CompositeActor.java:455)
	at ptolemy.actor.Manager.iterate(Manager.java:851)
	at ptolemy.actor.Manager.execute(Manager.java:369)
	at ptolemy.actor.Manager.run(Manager.java:1263)
	at ptolemy.actor.Manager$PtolemyRunThread.run(Manager.java:1933)
java.lang.reflect.InvocationTargetException
	at java.base/jdk.internal.reflect.NativeConstructorAccessorImpl.newInstance0(Native Method)
	at java.base/jdk.internal.reflect.NativeConstructorAccessorImpl.newInstance(NativeConstructorAccessorImpl.java:62)
	at java.base/jdk.internal.reflect.DelegatingConstructorAccessorImpl.newInstance(DelegatingConstructorAccessorImpl.java:45)
	at java.base/java.lang.reflect.Constructor.newInstance(Constructor.java:490)
	at ptolemy.util.test.junit.AutoKnownFailedTests.RunModel(AutoKnownFailedTests.java:105)
	at java.base/jdk.internal.reflect.NativeMethodAccessorImpl.invoke0(Native Method)
	at java.base/jdk.internal.reflect.NativeMethodAccessorImpl.invoke(NativeMethodAccessorImpl.java:62)
	at java.base/jdk.internal.reflect.DelegatingMethodAccessorImpl.invoke(DelegatingMethodAccessorImpl.java:43)
	at java.base/java.lang.reflect.Method.invoke(Method.java:566)
	at org.junit.runners.model.FrameworkMethod$1.runReflectiveCall(FrameworkMethod.java:44)
	at org.junit.internal.runners.model.ReflectiveCallable.run(ReflectiveCallable.java:15)
	at org.junit.runners.model.FrameworkMethod.invokeExplosively(FrameworkMethod.java:41)
	at junitparams.internal.InvokeParameterisedMethod.evaluate(InvokeParameterisedMethod.java:102)
	at org.junit.internal.runners.statements.FailOnTimeout$1.run(FailOnTimeout.java:28)
Caused by: ptolemy.kernel.util.IllegalActionException: Actor is not ready to fire.  Perhaps UpSample.prefire() returned false? Try debugging the actor by selecting "Listen to Actor".  Also, for SDF check moml for tokenConsumptionRate on input.
  in .DESDFClockTest.Play Bell.Copy1:SDF Director and .DESDFClockTest.Play Bell.UpSample
	at ptolemy.actor.sched.StaticSchedulingDirector.fire(StaticSchedulingDirector.java:227)
	at ptolemy.domains.sdf.kernel.SDFDirector.fire(SDFDirector.java:500)
	at ptolemy.actor.CompositeActor.fire(CompositeActor.java:455)
	at ptolemy.domains.de.kernel.DEDirector._fire(DEDirector.java:1949)
	at ptolemy.domains.de.kernel.DEDirector.fire(DEDirector.java:502)
	at ptolemy.actor.CompositeActor.fire(CompositeActor.java:455)
	at ptolemy.actor.Manager.iterate(Manager.java:851)
	at ptolemy.actor.Manager.execute(Manager.java:369)
	at ptolemy.actor.Manager.run(Manager.java:1263)
	at ptolemy.actor.Manager$PtolemyRunThread.run(Manager.java:1933)
java.lang.RuntimeException: Execution failed
	at ptolemy.moml.MoMLSimpleApplication$UnloadThread.run(MoMLSimpleApplication.java:402)
Caused by: ptolemy.kernel.util.IllegalActionException: Test fails in iteration 1.
Value was: 1.0. Should have been: 2.0
  in .DirectFeedback.Test
	at ptolemy.actor.lib.Test.fire(Test.java:268)
	at ptolemy.domains.de.kernel.DEDirector._fire(DEDirector.java:1949)
	at ptolemy.domains.de.kernel.DEDirector.fire(DEDirector.java:502)
	at ptolemy.actor.CompositeActor.fire(CompositeActor.java:455)
	at ptolemy.actor.Manager.iterate(Manager.java:851)
	at ptolemy.actor.Manager.execute(Manager.java:369)
	at ptolemy.actor.Manager.run(Manager.java:1263)
	at ptolemy.actor.Manager$PtolemyRunThread.run(Manager.java:1933)
java.lang.reflect.InvocationTargetException
	at java.base/jdk.internal.reflect.NativeConstructorAccessorImpl.newInstance0(Native Method)
	at java.base/jdk.internal.reflect.NativeConstructorAccessorImpl.newInstance(NativeConstructorAccessorImpl.java:62)
	at java.base/jdk.internal.reflect.DelegatingConstructorAccessorImpl.newInstance(DelegatingConstructorAccessorImpl.java:45)
	at java.base/java.lang.reflect.Constructor.newInstance(Constructor.java:490)
	at ptolemy.util.test.junit.AutoKnownFailedTests.RunModel(AutoKnownFailedTests.java:105)
	at java.base/jdk.internal.reflect.NativeMethodAccessorImpl.invoke0(Native Method)
	at java.base/jdk.internal.reflect.NativeMethodAccessorImpl.invoke(NativeMethodAccessorImpl.java:62)
	at java.base/jdk.internal.reflect.DelegatingMethodAccessorImpl.invoke(DelegatingMethodAccessorImpl.java:43)
	at java.base/java.lang.reflect.Method.invoke(Method.java:566)
	at org.junit.runners.model.FrameworkMethod$1.runReflectiveCall(FrameworkMethod.java:44)
	at org.junit.internal.runners.model.ReflectiveCallable.run(ReflectiveCallable.java:15)
	at org.junit.runners.model.FrameworkMethod.invokeExplosively(FrameworkMethod.java:41)
	at junitparams.internal.InvokeParameterisedMethod.evaluate(InvokeParameterisedMethod.java:102)
	at org.junit.internal.runners.statements.FailOnTimeout$1.run(FailOnTimeout.java:28)
Caused by: ptolemy.kernel.util.IllegalActionException: Test fails in iteration 1.
Value was: 1.0. Should have been: 2.0
  in .DirectFeedback.Test
	at ptolemy.actor.lib.Test.fire(Test.java:268)
	at ptolemy.domains.de.kernel.DEDirector._fire(DEDirector.java:1949)
	at ptolemy.domains.de.kernel.DEDirector.fire(DEDirector.java:502)
	at ptolemy.actor.CompositeActor.fire(CompositeActor.java:455)
	at ptolemy.actor.Manager.iterate(Manager.java:851)
	at ptolemy.actor.Manager.execute(Manager.java:369)
	at ptolemy.actor.Manager.run(Manager.java:1263)
	at ptolemy.actor.Manager$PtolemyRunThread.run(Manager.java:1933)
java.lang.RuntimeException: Execution failed
	at ptolemy.moml.MoMLSimpleApplication$UnloadThread.run(MoMLSimpleApplication.java:402)
Caused by: ptolemy.kernel.util.IllegalActionException: Found a zero delay loop containing .HierarchicalModel.A
  in .HierarchicalModel and .HierarchicalModel.A
	at ptolemy.actor.util.CausalityInterfaceForComposites._computeOutputPortDepth(CausalityInterfaceForComposites.java:759)
	at ptolemy.actor.util.CausalityInterfaceForComposites._computeInputDepth(CausalityInterfaceForComposites.java:696)
	at ptolemy.actor.util.CausalityInterfaceForComposites._computeOutputPortDepth(CausalityInterfaceForComposites.java:765)
	at ptolemy.actor.util.CausalityInterfaceForComposites._computeInputDepth(CausalityInterfaceForComposites.java:696)
	at ptolemy.actor.util.CausalityInterfaceForComposites._computeOutputPortDepth(CausalityInterfaceForComposites.java:765)
	at ptolemy.actor.util.CausalityInterfaceForComposites._computeInputDepth(CausalityInterfaceForComposites.java:696)
	at ptolemy.actor.util.CausalityInterfaceForComposites._computeActorDepth(CausalityInterfaceForComposites.java:532)
	at ptolemy.actor.util.CausalityInterfaceForComposites.checkForCycles(CausalityInterfaceForComposites.java:96)
	at ptolemy.domains.de.kernel.DEDirector.preinitialize(DEDirector.java:1338)
	at ptolemy.actor.CompositeActor.preinitialize(CompositeActor.java:1828)
	at ptolemy.actor.Manager.preinitializeAndResolveTypes(Manager.java:1040)
	at ptolemy.actor.Manager.initialize(Manager.java:710)
	at ptolemy.actor.Manager.execute(Manager.java:356)
	at ptolemy.actor.Manager.run(Manager.java:1263)
	at ptolemy.actor.Manager$PtolemyRunThread.run(Manager.java:1933)
java.lang.reflect.InvocationTargetException
	at java.base/jdk.internal.reflect.NativeConstructorAccessorImpl.newInstance0(Native Method)
	at java.base/jdk.internal.reflect.NativeConstructorAccessorImpl.newInstance(NativeConstructorAccessorImpl.java:62)
	at java.base/jdk.internal.reflect.DelegatingConstructorAccessorImpl.newInstance(DelegatingConstructorAccessorImpl.java:45)
	at java.base/java.lang.reflect.Constructor.newInstance(Constructor.java:490)
	at ptolemy.util.test.junit.AutoKnownFailedTests.RunModel(AutoKnownFailedTests.java:105)
	at java.base/jdk.internal.reflect.NativeMethodAccessorImpl.invoke0(Native Method)
	at java.base/jdk.internal.reflect.NativeMethodAccessorImpl.invoke(NativeMethodAccessorImpl.java:62)
	at java.base/jdk.internal.reflect.DelegatingMethodAccessorImpl.invoke(DelegatingMethodAccessorImpl.java:43)
	at java.base/java.lang.reflect.Method.invoke(Method.java:566)
	at org.junit.runners.model.FrameworkMethod$1.runReflectiveCall(FrameworkMethod.java:44)
	at org.junit.internal.runners.model.ReflectiveCallable.run(ReflectiveCallable.java:15)
	at org.junit.runners.model.FrameworkMethod.invokeExplosively(FrameworkMethod.java:41)
	at junitparams.internal.InvokeParameterisedMethod.evaluate(InvokeParameterisedMethod.java:102)
	at org.junit.internal.runners.statements.FailOnTimeout$1.run(FailOnTimeout.java:28)
Caused by: ptolemy.kernel.util.IllegalActionException: Found a zero delay loop containing .HierarchicalModel.A
  in .HierarchicalModel and .HierarchicalModel.A
	at ptolemy.actor.util.CausalityInterfaceForComposites._computeOutputPortDepth(CausalityInterfaceForComposites.java:759)
	at ptolemy.actor.util.CausalityInterfaceForComposites._computeInputDepth(CausalityInterfaceForComposites.java:696)
	at ptolemy.actor.util.CausalityInterfaceForComposites._computeOutputPortDepth(CausalityInterfaceForComposites.java:765)
	at ptolemy.actor.util.CausalityInterfaceForComposites._computeInputDepth(CausalityInterfaceForComposites.java:696)
	at ptolemy.actor.util.CausalityInterfaceForComposites._computeOutputPortDepth(CausalityInterfaceForComposites.java:765)
	at ptolemy.actor.util.CausalityInterfaceForComposites._computeInputDepth(CausalityInterfaceForComposites.java:696)
	at ptolemy.actor.util.CausalityInterfaceForComposites._computeActorDepth(CausalityInterfaceForComposites.java:532)
	at ptolemy.actor.util.CausalityInterfaceForComposites.checkForCycles(CausalityInterfaceForComposites.java:96)
	at ptolemy.domains.de.kernel.DEDirector.preinitialize(DEDirector.java:1338)
	at ptolemy.actor.CompositeActor.preinitialize(CompositeActor.java:1828)
	at ptolemy.actor.Manager.preinitializeAndResolveTypes(Manager.java:1040)
	at ptolemy.actor.Manager.initialize(Manager.java:710)
	at ptolemy.actor.Manager.execute(Manager.java:356)
	at ptolemy.actor.Manager.run(Manager.java:1263)
	at ptolemy.actor.Manager$PtolemyRunThread.run(Manager.java:1933)
java.lang.RuntimeException: Execution failed
	at ptolemy.moml.MoMLSimpleApplication$UnloadThread.run(MoMLSimpleApplication.java:402)
Caused by: ptolemy.kernel.util.IllegalActionException: Found a zero delay loop containing .dependencyLoop.original
  in .dependencyLoop and .dependencyLoop.original
	at ptolemy.actor.util.CausalityInterfaceForComposites._computeOutputPortDepth(CausalityInterfaceForComposites.java:759)
	at ptolemy.actor.util.CausalityInterfaceForComposites._computeInputDepth(CausalityInterfaceForComposites.java:696)
	at ptolemy.actor.util.CausalityInterfaceForComposites._computeOutputPortDepth(CausalityInterfaceForComposites.java:765)
	at ptolemy.actor.util.CausalityInterfaceForComposites._computeInputDepth(CausalityInterfaceForComposites.java:696)
	at ptolemy.actor.util.CausalityInterfaceForComposites._computeOutputPortDepth(CausalityInterfaceForComposites.java:765)
	at ptolemy.actor.util.CausalityInterfaceForComposites._computeInputDepth(CausalityInterfaceForComposites.java:696)
	at ptolemy.actor.util.CausalityInterfaceForComposites._computeActorDepth(CausalityInterfaceForComposites.java:532)
	at ptolemy.actor.util.CausalityInterfaceForComposites.checkForCycles(CausalityInterfaceForComposites.java:96)
	at ptolemy.domains.de.kernel.DEDirector.preinitialize(DEDirector.java:1338)
	at ptolemy.actor.CompositeActor.preinitialize(CompositeActor.java:1828)
	at ptolemy.actor.Manager.preinitializeAndResolveTypes(Manager.java:1040)
	at ptolemy.actor.Manager.initialize(Manager.java:710)
	at ptolemy.actor.Manager.execute(Manager.java:356)
	at ptolemy.actor.Manager.run(Manager.java:1263)
	at ptolemy.actor.Manager$PtolemyRunThread.run(Manager.java:1933)
java.lang.reflect.InvocationTargetException
	at java.base/jdk.internal.reflect.NativeConstructorAccessorImpl.newInstance0(Native Method)
	at java.base/jdk.internal.reflect.NativeConstructorAccessorImpl.newInstance(NativeConstructorAccessorImpl.java:62)
	at java.base/jdk.internal.reflect.DelegatingConstructorAccessorImpl.newInstance(DelegatingConstructorAccessorImpl.java:45)
	at java.base/java.lang.reflect.Constructor.newInstance(Constructor.java:490)
	at ptolemy.util.test.junit.AutoKnownFailedTests.RunModel(AutoKnownFailedTests.java:105)
	at java.base/jdk.internal.reflect.NativeMethodAccessorImpl.invoke0(Native Method)
	at java.base/jdk.internal.reflect.NativeMethodAccessorImpl.invoke(NativeMethodAccessorImpl.java:62)
	at java.base/jdk.internal.reflect.DelegatingMethodAccessorImpl.invoke(DelegatingMethodAccessorImpl.java:43)
	at java.base/java.lang.reflect.Method.invoke(Method.java:566)
	at org.junit.runners.model.FrameworkMethod$1.runReflectiveCall(FrameworkMethod.java:44)
	at org.junit.internal.runners.model.ReflectiveCallable.run(ReflectiveCallable.java:15)
	at org.junit.runners.model.FrameworkMethod.invokeExplosively(FrameworkMethod.java:41)
	at junitparams.internal.InvokeParameterisedMethod.evaluate(InvokeParameterisedMethod.java:102)
	at org.junit.internal.runners.statements.FailOnTimeout$1.run(FailOnTimeout.java:28)
Caused by: ptolemy.kernel.util.IllegalActionException: Found a zero delay loop containing .dependencyLoop.original
  in .dependencyLoop and .dependencyLoop.original
	at ptolemy.actor.util.CausalityInterfaceForComposites._computeOutputPortDepth(CausalityInterfaceForComposites.java:759)
	at ptolemy.actor.util.CausalityInterfaceForComposites._computeInputDepth(CausalityInterfaceForComposites.java:696)
	at ptolemy.actor.util.CausalityInterfaceForComposites._computeOutputPortDepth(CausalityInterfaceForComposites.java:765)
	at ptolemy.actor.util.CausalityInterfaceForComposites._computeInputDepth(CausalityInterfaceForComposites.java:696)
	at ptolemy.actor.util.CausalityInterfaceForComposites._computeOutputPortDepth(CausalityInterfaceForComposites.java:765)
	at ptolemy.actor.util.CausalityInterfaceForComposites._computeInputDepth(CausalityInterfaceForComposites.java:696)
	at ptolemy.actor.util.CausalityInterfaceForComposites._computeActorDepth(CausalityInterfaceForComposites.java:532)
	at ptolemy.actor.util.CausalityInterfaceForComposites.checkForCycles(CausalityInterfaceForComposites.java:96)
	at ptolemy.domains.de.kernel.DEDirector.preinitialize(DEDirector.java:1338)
	at ptolemy.actor.CompositeActor.preinitialize(CompositeActor.java:1828)
	at ptolemy.actor.Manager.preinitializeAndResolveTypes(Manager.java:1040)
	at ptolemy.actor.Manager.initialize(Manager.java:710)
	at ptolemy.actor.Manager.execute(Manager.java:356)
	at ptolemy.actor.Manager.run(Manager.java:1263)
	at ptolemy.actor.Manager$PtolemyRunThread.run(Manager.java:1933)
java.lang.RuntimeException: Execution failed
	at ptolemy.moml.MoMLSimpleApplication$UnloadThread.run(MoMLSimpleApplication.java:402)
Caused by: ptolemy.kernel.util.IllegalActionException: Found a zero delay loop containing .dependencyLoop2.original
  in .dependencyLoop2 and .dependencyLoop2.original
	at ptolemy.actor.util.CausalityInterfaceForComposites._computeOutputPortDepth(CausalityInterfaceForComposites.java:759)
	at ptolemy.actor.util.CausalityInterfaceForComposites._computeInputDepth(CausalityInterfaceForComposites.java:696)
	at ptolemy.actor.util.CausalityInterfaceForComposites._computeOutputPortDepth(CausalityInterfaceForComposites.java:765)
	at ptolemy.actor.util.CausalityInterfaceForComposites._computeInputDepth(CausalityInterfaceForComposites.java:696)
	at ptolemy.actor.util.CausalityInterfaceForComposites._computeOutputPortDepth(CausalityInterfaceForComposites.java:765)
	at ptolemy.actor.util.CausalityInterfaceForComposites._computeInputDepth(CausalityInterfaceForComposites.java:696)
	at ptolemy.actor.util.CausalityInterfaceForComposites._computeActorDepth(CausalityInterfaceForComposites.java:532)
	at ptolemy.actor.util.CausalityInterfaceForComposites.checkForCycles(CausalityInterfaceForComposites.java:96)
	at ptolemy.domains.de.kernel.DEDirector.preinitialize(DEDirector.java:1338)
	at ptolemy.actor.CompositeActor.preinitialize(CompositeActor.java:1828)
	at ptolemy.actor.Manager.preinitializeAndResolveTypes(Manager.java:1040)
	at ptolemy.actor.Manager.initialize(Manager.java:710)
	at ptolemy.actor.Manager.execute(Manager.java:356)
	at ptolemy.actor.Manager.run(Manager.java:1263)
	at ptolemy.actor.Manager$PtolemyRunThread.run(Manager.java:1933)
java.lang.reflect.InvocationTargetException
	at java.base/jdk.internal.reflect.NativeConstructorAccessorImpl.newInstance0(Native Method)
	at java.base/jdk.internal.reflect.NativeConstructorAccessorImpl.newInstance(NativeConstructorAccessorImpl.java:62)
	at java.base/jdk.internal.reflect.DelegatingConstructorAccessorImpl.newInstance(DelegatingConstructorAccessorImpl.java:45)
	at java.base/java.lang.reflect.Constructor.newInstance(Constructor.java:490)
	at ptolemy.util.test.junit.AutoKnownFailedTests.RunModel(AutoKnownFailedTests.java:105)
	at java.base/jdk.internal.reflect.NativeMethodAccessorImpl.invoke0(Native Method)
	at java.base/jdk.internal.reflect.NativeMethodAccessorImpl.invoke(NativeMethodAccessorImpl.java:62)
	at java.base/jdk.internal.reflect.DelegatingMethodAccessorImpl.invoke(DelegatingMethodAccessorImpl.java:43)
	at java.base/java.lang.reflect.Method.invoke(Method.java:566)
	at org.junit.runners.model.FrameworkMethod$1.runReflectiveCall(FrameworkMethod.java:44)
	at org.junit.internal.runners.model.ReflectiveCallable.run(ReflectiveCallable.java:15)
	at org.junit.runners.model.FrameworkMethod.invokeExplosively(FrameworkMethod.java:41)
	at junitparams.internal.InvokeParameterisedMethod.evaluate(InvokeParameterisedMethod.java:102)
	at org.junit.internal.runners.statements.FailOnTimeout$1.run(FailOnTimeout.java:28)
Caused by: ptolemy.kernel.util.IllegalActionException: Found a zero delay loop containing .dependencyLoop2.original
  in .dependencyLoop2 and .dependencyLoop2.original
	at ptolemy.actor.util.CausalityInterfaceForComposites._computeOutputPortDepth(CausalityInterfaceForComposites.java:759)
	at ptolemy.actor.util.CausalityInterfaceForComposites._computeInputDepth(CausalityInterfaceForComposites.java:696)
	at ptolemy.actor.util.CausalityInterfaceForComposites._computeOutputPortDepth(CausalityInterfaceForComposites.java:765)
	at ptolemy.actor.util.CausalityInterfaceForComposites._computeInputDepth(CausalityInterfaceForComposites.java:696)
	at ptolemy.actor.util.CausalityInterfaceForComposites._computeOutputPortDepth(CausalityInterfaceForComposites.java:765)
	at ptolemy.actor.util.CausalityInterfaceForComposites._computeInputDepth(CausalityInterfaceForComposites.java:696)
	at ptolemy.actor.util.CausalityInterfaceForComposites._computeActorDepth(CausalityInterfaceForComposites.java:532)
	at ptolemy.actor.util.CausalityInterfaceForComposites.checkForCycles(CausalityInterfaceForComposites.java:96)
	at ptolemy.domains.de.kernel.DEDirector.preinitialize(DEDirector.java:1338)
	at ptolemy.actor.CompositeActor.preinitialize(CompositeActor.java:1828)
	at ptolemy.actor.Manager.preinitializeAndResolveTypes(Manager.java:1040)
	at ptolemy.actor.Manager.initialize(Manager.java:710)
	at ptolemy.actor.Manager.execute(Manager.java:356)
	at ptolemy.actor.Manager.run(Manager.java:1263)
	at ptolemy.actor.Manager$PtolemyRunThread.run(Manager.java:1933)
]]></system-err>
</testsuite>
