<?xml version="1.0" encoding="UTF-8" ?>
<testsuite errors="0" failures="0" hostname="travis-job-79d72f4b-e8c5-4a79-abf4-0cb71e45e763" name="ptolemy.domains.de.test.junit.JUnitTclTest" skipped="0" tests="101" time="124.252" timestamp="2019-01-13T03:16:22">
  <properties>
[...]
</properties>
  <testcase classname="ptolemy.util.test.junit.TclTests" name="[0] /home/travis/build/icyphy/ptII/ptolemy/domains/de/test/DependencyLoop.tcl (RunTclFile)" time="0.74" />
  <testcase classname="ptolemy.util.test.junit.TclTests" name="[1] /home/travis/build/icyphy/ptII/ptolemy/domains/de/test/RunDETestsAsQSS.tcl (RunTclFile)" time="84.891" />
  <testcase classname="ptolemy.util.test.junit.AutoKnownFailedTests" name="[0] /home/travis/build/icyphy/ptII/ptolemy/domains/de/test/auto/knownFailedTests/DESDFClockTest.xml (RunModel)" time="2.035" />
  <testcase classname="ptolemy.util.test.junit.AutoKnownFailedTests" name="[1] /home/travis/build/icyphy/ptII/ptolemy/domains/de/test/auto/knownFailedTests/DirectFeedback.xml (RunModel)" time="0.02" />
  <testcase classname="ptolemy.util.test.junit.AutoKnownFailedTests" name="[2] /home/travis/build/icyphy/ptII/ptolemy/domains/de/test/auto/knownFailedTests/FSMSource.xml (RunModel)" time="0.026" />
  <testcase classname="ptolemy.util.test.junit.AutoKnownFailedTests" name="[3] /home/travis/build/icyphy/ptII/ptolemy/domains/de/test/auto/knownFailedTests/HierarchicalModel.xml (RunModel)" time="0.05" />
  <testcase classname="ptolemy.util.test.junit.AutoKnownFailedTests" name="[4] /home/travis/build/icyphy/ptII/ptolemy/domains/de/test/auto/knownFailedTests/dependencyLoop.xml (RunModel)" time="0.03" />
  <testcase classname="ptolemy.util.test.junit.AutoKnownFailedTests" name="[5] /home/travis/build/icyphy/ptII/ptolemy/domains/de/test/auto/knownFailedTests/dependencyLoop2.xml (RunModel)" time="0.042" />
  <testcase classname="ptolemy.util.test.junit.AutoNameArchTests" name="[0] ThereAreNoAutoArchTests (RunModel)" time="0.0" />
  <testcase classname="ptolemy.util.test.junit.AutoTests" name="[0] /home/travis/build/icyphy/ptII/ptolemy/domains/de/test/auto/ActorDepthCalculation_actorWithoutPorts.xml (RunModel)" time="0.011" />
  <testcase classname="ptolemy.util.test.junit.AutoTests" name="[1] /home/travis/build/icyphy/ptII/ptolemy/domains/de/test/auto/AssemblyLine.xml (RunModel)" time="0.016" />
  <testcase classname="ptolemy.util.test.junit.AutoTests" name="[2] /home/travis/build/icyphy/ptII/ptolemy/domains/de/test/auto/CQBug1.xml (RunModel)" time="0.006" />
  <testcase classname="ptolemy.util.test.junit.AutoTests" name="[3] /home/travis/build/icyphy/ptII/ptolemy/domains/de/test/auto/CancelFireAt.xml (RunModel)" time="0.005" />
  <testcase classname="ptolemy.util.test.junit.AutoTests" name="[4] /home/travis/build/icyphy/ptII/ptolemy/domains/de/test/auto/CausalityAndComposabilityAnalysis.xml (RunModel)" time="0.01" />
  <testcase classname="ptolemy.util.test.junit.AutoTests" name="[5] /home/travis/build/icyphy/ptII/ptolemy/domains/de/test/auto/CausalityInterface1.xml (RunModel)" time="0.013" />
  <testcase classname="ptolemy.util.test.junit.AutoTests" name="[6] /home/travis/build/icyphy/ptII/ptolemy/domains/de/test/auto/CausalityInterface15.xml (RunModel)" time="0.013" />
  <testcase classname="ptolemy.util.test.junit.AutoTests" name="[7] /home/travis/build/icyphy/ptII/ptolemy/domains/de/test/auto/CausalityInterface2.xml (RunModel)" time="0.009" />
  <testcase classname="ptolemy.util.test.junit.AutoTests" name="[8] /home/travis/build/icyphy/ptII/ptolemy/domains/de/test/auto/CausalityInterface3.xml (RunModel)" time="0.01" />
  <testcase classname="ptolemy.util.test.junit.AutoTests" name="[9] /home/travis/build/icyphy/ptII/ptolemy/domains/de/test/auto/ClockDrift.xml (RunModel)" time="0.034" />
  <testcase classname="ptolemy.util.test.junit.AutoTests" name="[10] /home/travis/build/icyphy/ptII/ptolemy/domains/de/test/auto/ClockDriftAndValueChange.xml (RunModel)" time="0.03" />
  <testcase classname="ptolemy.util.test.junit.AutoTests" name="[11] /home/travis/build/icyphy/ptII/ptolemy/domains/de/test/auto/ClockDriftChange.xml (RunModel)" time="0.024" />
  <testcase classname="ptolemy.util.test.junit.AutoTests" name="[12] /home/travis/build/icyphy/ptII/ptolemy/domains/de/test/auto/ComposableCausalityAnalysis.xml (RunModel)" time="0.015" />
  <testcase classname="ptolemy.util.test.junit.AutoTests" name="[13] /home/travis/build/icyphy/ptII/ptolemy/domains/de/test/auto/DEFixedPointLimitation.xml (RunModel)" time="0.008" />
  <testcase classname="ptolemy.util.test.junit.AutoTests" name="[14] /home/travis/build/icyphy/ptII/ptolemy/domains/de/test/auto/DEScheduleTest.xml (RunModel)" time="0.01" />
  <testcase classname="ptolemy.util.test.junit.AutoTests" name="[15] /home/travis/build/icyphy/ptII/ptolemy/domains/de/test/auto/DEinDEwithStartTimes.xml (RunModel)" time="0.012" />
  <testcase classname="ptolemy.util.test.junit.AutoTests" name="[16] /home/travis/build/icyphy/ptII/ptolemy/domains/de/test/auto/DEinDEwithStartTimes2.xml (RunModel)" time="0.013" />
  <testcase classname="ptolemy.util.test.junit.AutoTests" name="[17] /home/travis/build/icyphy/ptII/ptolemy/domains/de/test/auto/DateDemo.xml (RunModel)" time="0.025" />
  <testcase classname="ptolemy.util.test.junit.AutoTests" name="[18] /home/travis/build/icyphy/ptII/ptolemy/domains/de/test/auto/DateToEvent.xml (RunModel)" time="2.036" />
  <testcase classname="ptolemy.util.test.junit.AutoTests" name="[19] /home/travis/build/icyphy/ptII/ptolemy/domains/de/test/auto/DepthTest1.xml (RunModel)" time="0.01" />
  <testcase classname="ptolemy.util.test.junit.AutoTests" name="[20] /home/travis/build/icyphy/ptII/ptolemy/domains/de/test/auto/DepthTest2.xml (RunModel)" time="0.019" />
  <testcase classname="ptolemy.util.test.junit.AutoTests" name="[21] /home/travis/build/icyphy/ptII/ptolemy/domains/de/test/auto/DepthTest3.xml (RunModel)" time="0.005" />
  <testcase classname="ptolemy.util.test.junit.AutoTests" name="[22] /home/travis/build/icyphy/ptII/ptolemy/domains/de/test/auto/DepthTest4.xml (RunModel)" time="0.008" />
  <testcase classname="ptolemy.util.test.junit.AutoTests" name="[23] /home/travis/build/icyphy/ptII/ptolemy/domains/de/test/auto/DepthTest5.xml (RunModel)" time="0.008" />
  <testcase classname="ptolemy.util.test.junit.AutoTests" name="[24] /home/travis/build/icyphy/ptII/ptolemy/domains/de/test/auto/DepthTest6.xml (RunModel)" time="0.008" />
  <testcase classname="ptolemy.util.test.junit.AutoTests" name="[25] /home/travis/build/icyphy/ptII/ptolemy/domains/de/test/auto/DepthTest7.xml (RunModel)" time="0.007" />
  <testcase classname="ptolemy.util.test.junit.AutoTests" name="[26] /home/travis/build/icyphy/ptII/ptolemy/domains/de/test/auto/EventToDate.xml (RunModel)" time="3.02" />
  <testcase classname="ptolemy.util.test.junit.AutoTests" name="[27] /home/travis/build/icyphy/ptII/ptolemy/domains/de/test/auto/FSM1.xml (RunModel)" time="0.026" />
  <testcase classname="ptolemy.util.test.junit.AutoTests" name="[28] /home/travis/build/icyphy/ptII/ptolemy/domains/de/test/auto/FSM7.xml (RunModel)" time="0.029" />
  <testcase classname="ptolemy.util.test.junit.AutoTests" name="[29] /home/travis/build/icyphy/ptII/ptolemy/domains/de/test/auto/Inspection.xml (RunModel)" time="0.036" />
  <testcase classname="ptolemy.util.test.junit.AutoTests" name="[30] /home/travis/build/icyphy/ptII/ptolemy/domains/de/test/auto/Iteration.xml (RunModel)" time="0.016" />
  <testcase classname="ptolemy.util.test.junit.AutoTests" name="[31] /home/travis/build/icyphy/ptII/ptolemy/domains/de/test/auto/LineFault.xml (RunModel)" time="0.383" />
  <testcase classname="ptolemy.util.test.junit.AutoTests" name="[32] /home/travis/build/icyphy/ptII/ptolemy/domains/de/test/auto/MergeModel1Add.xml (RunModel)" time="0.026" />
  <testcase classname="ptolemy.util.test.junit.AutoTests" name="[33] /home/travis/build/icyphy/ptII/ptolemy/domains/de/test/auto/MergeModel2Add.xml (RunModel)" time="0.026" />
  <testcase classname="ptolemy.util.test.junit.AutoTests" name="[34] /home/travis/build/icyphy/ptII/ptolemy/domains/de/test/auto/MergeModel3Add.xml (RunModel)" time="0.024" />
  <testcase classname="ptolemy.util.test.junit.AutoTests" name="[35] /home/travis/build/icyphy/ptII/ptolemy/domains/de/test/auto/MergeWithoutDiscard.xml (RunModel)" time="0.007" />
  <testcase classname="ptolemy.util.test.junit.AutoTests" name="[36] /home/travis/build/icyphy/ptII/ptolemy/domains/de/test/auto/Modal1.xml (RunModel)" time="0.019" />
  <testcase classname="ptolemy.util.test.junit.AutoTests" name="[37] /home/travis/build/icyphy/ptII/ptolemy/domains/de/test/auto/Modal2.xml (RunModel)" time="0.025" />
  <testcase classname="ptolemy.util.test.junit.AutoTests" name="[38] /home/travis/build/icyphy/ptII/ptolemy/domains/de/test/auto/Modal3.xml (RunModel)" time="0.026" />
  <testcase classname="ptolemy.util.test.junit.AutoTests" name="[39] /home/travis/build/icyphy/ptII/ptolemy/domains/de/test/auto/Modal4.xml (RunModel)" time="0.024" />
  <testcase classname="ptolemy.util.test.junit.AutoTests" name="[40] /home/travis/build/icyphy/ptII/ptolemy/domains/de/test/auto/Modal5.xml (RunModel)" time="0.02" />
  <testcase classname="ptolemy.util.test.junit.AutoTests" name="[41] /home/travis/build/icyphy/ptII/ptolemy/domains/de/test/auto/Modal6.xml (RunModel)" time="0.023" />
  <testcase classname="ptolemy.util.test.junit.AutoTests" name="[42] /home/travis/build/icyphy/ptII/ptolemy/domains/de/test/auto/Modal7.xml (RunModel)" time="0.021" />
  <testcase classname="ptolemy.util.test.junit.AutoTests" name="[43] /home/travis/build/icyphy/ptII/ptolemy/domains/de/test/auto/ModalModel.xml (RunModel)" time="0.105" />
  <testcase classname="ptolemy.util.test.junit.AutoTests" name="[44] /home/travis/build/icyphy/ptII/ptolemy/domains/de/test/auto/ModalSource.xml (RunModel)" time="0.014" />
  <testcase classname="ptolemy.util.test.junit.AutoTests" name="[45] /home/travis/build/icyphy/ptII/ptolemy/domains/de/test/auto/NonInterruptibleTimerZeroDelay.xml (RunModel)" time="0.008" />
  <testcase classname="ptolemy.util.test.junit.AutoTests" name="[46] /home/travis/build/icyphy/ptII/ptolemy/domains/de/test/auto/OpenQueueingNetwork.xml (RunModel)" time="2.125" />
  <testcase classname="ptolemy.util.test.junit.AutoTests" name="[47] /home/travis/build/icyphy/ptII/ptolemy/domains/de/test/auto/OpenQueuingNetwork.xml (RunModel)" time="0.255" />
  <testcase classname="ptolemy.util.test.junit.AutoTests" name="[48] /home/travis/build/icyphy/ptII/ptolemy/domains/de/test/auto/PeriodicSampler.xml (RunModel)" time="0.007" />
  <testcase classname="ptolemy.util.test.junit.AutoTests" name="[49] /home/travis/build/icyphy/ptII/ptolemy/domains/de/test/auto/PersistentIO.xml (RunModel)" time="0.017" />
  <testcase classname="ptolemy.util.test.junit.AutoTests" name="[50] /home/travis/build/icyphy/ptII/ptolemy/domains/de/test/auto/PortParameterResetOnInitialize.xml (RunModel)" time="0.009" />
  <testcase classname="ptolemy.util.test.junit.AutoTests" name="[51] /home/travis/build/icyphy/ptII/ptolemy/domains/de/test/auto/PortParameterUpdates.xml (RunModel)" time="0.015" />
  <testcase classname="ptolemy.util.test.junit.AutoTests" name="[52] /home/travis/build/icyphy/ptII/ptolemy/domains/de/test/auto/QueueAndServer.xml (RunModel)" time="0.02" />
  <testcase classname="ptolemy.util.test.junit.AutoTests" name="[53] /home/travis/build/icyphy/ptII/ptolemy/domains/de/test/auto/Records.xml (RunModel)" time="0.019" />
  <testcase classname="ptolemy.util.test.junit.AutoTests" name="[54] /home/travis/build/icyphy/ptII/ptolemy/domains/de/test/auto/ResetTransitionWithStartTime1.xml (RunModel)" time="0.024" />
  <testcase classname="ptolemy.util.test.junit.AutoTests" name="[55] /home/travis/build/icyphy/ptII/ptolemy/domains/de/test/auto/ResetTransitionWithStartTime2.xml (RunModel)" time="0.016" />
  <testcase classname="ptolemy.util.test.junit.AutoTests" name="[56] /home/travis/build/icyphy/ptII/ptolemy/domains/de/test/auto/ResetTransitionWithStartTime3.xml (RunModel)" time="0.015" />
  <testcase classname="ptolemy.util.test.junit.AutoTests" name="[57] /home/travis/build/icyphy/ptII/ptolemy/domains/de/test/auto/ResetTransitionWithStartTime4.xml (RunModel)" time="0.017" />
  <testcase classname="ptolemy.util.test.junit.AutoTests" name="[58] /home/travis/build/icyphy/ptII/ptolemy/domains/de/test/auto/ResettableTimer1.xml (RunModel)" time="0.008" />
  <testcase classname="ptolemy.util.test.junit.AutoTests" name="[59] /home/travis/build/icyphy/ptII/ptolemy/domains/de/test/auto/ResettableTimer2.xml (RunModel)" time="0.008" />
  <testcase classname="ptolemy.util.test.junit.AutoTests" name="[60] /home/travis/build/icyphy/ptII/ptolemy/domains/de/test/auto/ResettableTimer3.xml (RunModel)" time="0.008" />
  <testcase classname="ptolemy.util.test.junit.AutoTests" name="[61] /home/travis/build/icyphy/ptII/ptolemy/domains/de/test/auto/ResettableTimer4.xml (RunModel)" time="0.008" />
  <testcase classname="ptolemy.util.test.junit.AutoTests" name="[62] /home/travis/build/icyphy/ptII/ptolemy/domains/de/test/auto/ResettableTimer5.xml (RunModel)" time="0.008" />
  <testcase classname="ptolemy.util.test.junit.AutoTests" name="[63] /home/travis/build/icyphy/ptII/ptolemy/domains/de/test/auto/ResettableTimer6.xml (RunModel)" time="0.014" />
  <testcase classname="ptolemy.util.test.junit.AutoTests" name="[64] /home/travis/build/icyphy/ptII/ptolemy/domains/de/test/auto/ServerZeroDelay.xml (RunModel)" time="0.015" />
  <testcase classname="ptolemy.util.test.junit.AutoTests" name="[65] /home/travis/build/icyphy/ptII/ptolemy/domains/de/test/auto/SmartSender.xml (RunModel)" time="3.007" />
  <testcase classname="ptolemy.util.test.junit.AutoTests" name="[66] /home/travis/build/icyphy/ptII/ptolemy/domains/de/test/auto/ThreadedComposite.xml (RunModel)" time="0.134" />
  <testcase classname="ptolemy.util.test.junit.AutoTests" name="[67] /home/travis/build/icyphy/ptII/ptolemy/domains/de/test/auto/Time.xml (RunModel)" time="0.41" />
  <testcase classname="ptolemy.util.test.junit.AutoTests" name="[68] /home/travis/build/icyphy/ptII/ptolemy/domains/de/test/auto/TimeDelayZeroDelay.xml (RunModel)" time="0.009" />
  <testcase classname="ptolemy.util.test.junit.AutoTests" name="[69] /home/travis/build/icyphy/ptII/ptolemy/domains/de/test/auto/TimerZeroDelay.xml (RunModel)" time="0.008" />
  <testcase classname="ptolemy.util.test.junit.AutoTests" name="[70] /home/travis/build/icyphy/ptII/ptolemy/domains/de/test/auto/TimingParadox.xml (RunModel)" time="0.324" />
  <testcase classname="ptolemy.util.test.junit.AutoTests" name="[71] /home/travis/build/icyphy/ptII/ptolemy/domains/de/test/auto/TransferInputs.xml (RunModel)" time="0.012" />
  <testcase classname="ptolemy.util.test.junit.AutoTests" name="[72] /home/travis/build/icyphy/ptII/ptolemy/domains/de/test/auto/TransferOutputs2.xml (RunModel)" time="0.02" />
  <testcase classname="ptolemy.util.test.junit.AutoTests" name="[73] /home/travis/build/icyphy/ptII/ptolemy/domains/de/test/auto/Trilateration.xml (RunModel)" time="11.229" />
  <testcase classname="ptolemy.util.test.junit.AutoTests" name="[74] /home/travis/build/icyphy/ptII/ptolemy/domains/de/test/auto/TwoSigmaDelta.xml (RunModel)" time="1.967" />
  <testcase classname="ptolemy.util.test.junit.AutoTests" name="[75] /home/travis/build/icyphy/ptII/ptolemy/domains/de/test/auto/VariableDelay.xml (RunModel)" time="0.009" />
  <testcase classname="ptolemy.util.test.junit.AutoTests" name="[76] /home/travis/build/icyphy/ptII/ptolemy/domains/de/test/auto/VariableDelay2.xml (RunModel)" time="0.012" />
  <testcase classname="ptolemy.util.test.junit.AutoTests" name="[77] /home/travis/build/icyphy/ptII/ptolemy/domains/de/test/auto/VariableDelayZeroDelay.xml (RunModel)" time="0.009" />
  <testcase classname="ptolemy.util.test.junit.AutoTests" name="[78] /home/travis/build/icyphy/ptII/ptolemy/domains/de/test/auto/VariableDelayZeroDelay2.xml (RunModel)" time="0.008" />
  <testcase classname="ptolemy.util.test.junit.AutoTests" name="[79] /home/travis/build/icyphy/ptII/ptolemy/domains/de/test/auto/deInCt.xml (RunModel)" time="0.013" />
  <testcase classname="ptolemy.util.test.junit.AutoTests" name="[80] /home/travis/build/icyphy/ptII/ptolemy/domains/de/test/auto/deInCt2.xml (RunModel)" time="0.011" />
  <testcase classname="ptolemy.util.test.junit.AutoTests" name="[81] /home/travis/build/icyphy/ptII/ptolemy/domains/de/test/auto/dynamicCausalityInterface1.xml (RunModel)" time="0.017" />
  <testcase classname="ptolemy.util.test.junit.AutoTests" name="[82] /home/travis/build/icyphy/ptII/ptolemy/domains/de/test/auto/fsm_de_test.xml (RunModel)" time="0.019" />
  <testcase classname="ptolemy.util.test.junit.AutoTests" name="[83] /home/travis/build/icyphy/ptII/ptolemy/domains/de/test/auto/functionDependencyReconstruction.xml (RunModel)" time="0.029" />
  <testcase classname="ptolemy.util.test.junit.AutoTests" name="[84] /home/travis/build/icyphy/ptII/ptolemy/domains/de/test/auto/multirate.xml (RunModel)" time="0.013" />
  <testcase classname="ptolemy.util.test.junit.AutoTests" name="[85] /home/travis/build/icyphy/ptII/ptolemy/domains/de/test/auto/multirate2.xml (RunModel)" time="0.012" />
  <testcase classname="ptolemy.util.test.junit.AutoTests" name="[86] /home/travis/build/icyphy/ptII/ptolemy/domains/de/test/auto/realtime.xml (RunModel)" time="10.009" />
  <testcase classname="ptolemy.util.test.junit.AutoTests" name="[87] /home/travis/build/icyphy/ptII/ptolemy/domains/de/test/auto/relationGroup.xml (RunModel)" time="0.009" />
  <testcase classname="ptolemy.util.test.junit.AutoTests" name="[88] /home/travis/build/icyphy/ptII/ptolemy/domains/de/test/auto/relationGroup2.xml (RunModel)" time="0.005" />
  <testcase classname="ptolemy.util.test.junit.AutoTests" name="[89] /home/travis/build/icyphy/ptII/ptolemy/domains/de/test/auto/sortWithOpaquePorts.xml (RunModel)" time="0.006" />
  <testcase classname="ptolemy.util.test.junit.AutoTests" name="[90] /home/travis/build/icyphy/ptII/ptolemy/domains/de/test/auto/transferInputsandOutputs.xml (RunModel)" time="0.014" />
  <testcase classname="ptolemy.util.test.junit.AutoTests" name="[91] /home/travis/build/icyphy/ptII/ptolemy/domains/de/test/auto/triggerType.xml (RunModel)" time="0.008" />
  <system-out><![CDATA[/home/travis/build/icyphy/ptII/ptolemy/domains/de/test/DependencyLoop.tcl
testDefs.tcl: setting time out to 9000 seconds at Sun Jan 13 03:16:22 UTC 2019
14 ms. Memory: 116224K Free: 93479K (80%)
5 ms. Memory: 146944K Free: 135513K (92%)
/home/travis/build/icyphy/ptII/ptolemy/domains/de/test/RunDETestsAsQSS.tcl
Run the DE tests using ptolemy.domains.qss.test.QSSDirectorTest, which extends QSSDirector and prints a message in the constructors.
------------------ testing $PTII/ptolemy/domains/de/test/auto/knownFailedTests/dependencyLoop.xml (Known Failure) 
10 ms. Memory: 146944K Free: 132401K (90%)


==== $PTIIhome/travis/build/icyphy/ptII/ptolemy/domains/de/test/../../../../: Auto Automatic test in file $PTII/ptolemy/domains/de/test/auto/knownFailedTests/dependencyLoop.xml
==== Contents of test case:

	    # FIXME: we should use $relativeFilename here, but it
	    # might have backslashes under Windows, which causes no end
	    # of trouble.
	    createAndExecute $file
	    list {}
	
.... Test generated KNOWN error:
    while executing
ptolemy.kernel.util.IllegalActionException: Found a zero delay loop containing .dependencyLoop.original
  in .dependencyLoop and .dependencyLoop.original
	at ptolemy.actor.util.CausalityInterfaceForComposites._computeOutputPortDepth(CausalityInterfaceForComposites.java:759)
	at ptolemy.actor.util.CausalityInterfaceForComposites._computeInputDepth(CausalityInterfaceForComposites.java:696)
	at ptolemy.actor.util.CausalityInterfaceForComposites._computeOutputPortDepth(CausalityInterfaceForComposites.java:765)
	at ptolemy.actor.util.CausalityInterfaceForComposites._computeInputDepth(CausalityInterfaceForComposites.java:696)
	at ptolemy.actor.util.CausalityInterfaceForComposites._computeOutputPortDepth(CausalityInterfaceForComposites.java:765)
	at ptolemy.actor.util.CausalityInterfaceForComposites._computeInputDepth(CausalityInterfaceForComposites.java:696)
	at ptolemy.actor.util.CausalityInterfaceForComposites._computeActorDepth(CausalityInterfaceForComposites.java:532)
	at ptolemy.actor.util.CausalityInterfaceForComposites.checkForCycles(CausalityInterfaceForComposites.java:96)
	at ptolemy.domains.de.kernel.DEDirector.preinitialize(DEDirector.java:1338)
	at ptolemy.actor.CompositeActor.preinitialize(CompositeActor.java:1828)
	at ptolemy.actor.Manager.preinitializeAndResolveTypes(Manager.java:1040)
	at ptolemy.actor.Manager.initialize(Manager.java:710)
	at ptolemy.actor.Manager.execute(Manager.java:356)
	at ptolemy.actor.Manager.run(Manager.java:1263)
	at ptolemy.actor.Manager$PtolemyRunThread.run(Manager.java:1915)

    while executing
ptolemy.kernel.util.IllegalActionException: Found a zero delay loop containing .dependencyLoop.original
  in .dependencyLoop and .dependencyLoop.original
    while executing
"java::new ptolemy.moml.MoMLSimpleApplication $file
"
    (procedure "createAndExecute" line 2)
    invoked from within
"createAndExecute $file"
    ("uplevel" body line 5)
    invoked from within
"uplevel $contents_of_test"
------------------ testing $PTII/ptolemy/domains/de/test/auto/knownFailedTests/DESDFClockTest.xml (Known Failure) 
2086 ms. Memory: 146944K Free: 116646K (79%)


==== $PTIIhome/travis/build/icyphy/ptII/ptolemy/domains/de/test/../../../../: Auto Automatic test in file $PTII/ptolemy/domains/de/test/auto/knownFailedTests/DESDFClockTest.xml
==== Contents of test case:

	    # FIXME: we should use $relativeFilename here, but it
	    # might have backslashes under Windows, which causes no end
	    # of trouble.
	    createAndExecute $file
	    list {}
	
.... Test generated KNOWN error:
    while executing
ptolemy.kernel.util.IllegalActionException: Actor is not ready to fire.  Perhaps UpSample.prefire() returned false? Try debugging the actor by selecting "Listen to Actor".  Also, for SDF check moml for tokenConsumptionRate on input.
  in .DESDFClockTest.Play Bell.Copy1:SDF Director and .DESDFClockTest.Play Bell.UpSample
	at ptolemy.actor.sched.StaticSchedulingDirector.fire(StaticSchedulingDirector.java:227)
	at ptolemy.domains.sdf.kernel.SDFDirector.fire(SDFDirector.java:500)
	at ptolemy.actor.CompositeActor.fire(CompositeActor.java:455)
	at ptolemy.domains.de.kernel.DEDirector._fire(DEDirector.java:1949)
	at ptolemy.domains.de.kernel.DEDirector.fire(DEDirector.java:502)
	at ptolemy.actor.CompositeActor.fire(CompositeActor.java:455)
	at ptolemy.actor.Manager.iterate(Manager.java:851)
	at ptolemy.actor.Manager.execute(Manager.java:369)
	at ptolemy.actor.Manager.run(Manager.java:1263)
	at ptolemy.actor.Manager$PtolemyRunThread.run(Manager.java:1915)

    while executing
ptolemy.kernel.util.IllegalActionException: Actor is not ready to fire.  Perhaps UpSample.prefire() returned false? Try debugging the actor by selecting "Listen to Actor".  Also, for SDF check moml for tokenConsumptionRate on input.
  in .DESDFClockTest.Play Bell.Copy1:SDF Director and .DESDFClockTest.Play Bell.UpSample
    while executing
"java::new ptolemy.moml.MoMLSimpleApplication $file
"
    (procedure "createAndExecute" line 2)
    invoked from within
"createAndExecute $file"
    ("uplevel" body line 5)
    invoked from within
"uplevel $contents_of_test"
------------------ testing $PTII/ptolemy/domains/de/test/auto/knownFailedTests/FSMSource.xml (Known Failure) 
20 ms. Memory: 146944K Free: 107695K (73%)
!!!! Auto was marked as failing, but now passes
------------------ testing $PTII/ptolemy/domains/de/test/auto/knownFailedTests/dependencyLoop2.xml (Known Failure) 
6 ms. Memory: 146944K Free: 105812K (72%)


==== $PTIIhome/travis/build/icyphy/ptII/ptolemy/domains/de/test/../../../../: Auto Automatic test in file $PTII/ptolemy/domains/de/test/auto/knownFailedTests/dependencyLoop2.xml
==== Contents of test case:

	    # FIXME: we should use $relativeFilename here, but it
	    # might have backslashes under Windows, which causes no end
	    # of trouble.
	    createAndExecute $file
	    list {}
	
.... Test generated KNOWN error:
    while executing
ptolemy.kernel.util.IllegalActionException: Found a zero delay loop containing .dependencyLoop2.original
  in .dependencyLoop2 and .dependencyLoop2.original
	at ptolemy.actor.util.CausalityInterfaceForComposites._computeOutputPortDepth(CausalityInterfaceForComposites.java:759)
	at ptolemy.actor.util.CausalityInterfaceForComposites._computeInputDepth(CausalityInterfaceForComposites.java:696)
	at ptolemy.actor.util.CausalityInterfaceForComposites._computeOutputPortDepth(CausalityInterfaceForComposites.java:765)
	at ptolemy.actor.util.CausalityInterfaceForComposites._computeInputDepth(CausalityInterfaceForComposites.java:696)
	at ptolemy.actor.util.CausalityInterfaceForComposites._computeOutputPortDepth(CausalityInterfaceForComposites.java:765)
	at ptolemy.actor.util.CausalityInterfaceForComposites._computeInputDepth(CausalityInterfaceForComposites.java:696)
	at ptolemy.actor.util.CausalityInterfaceForComposites._computeActorDepth(CausalityInterfaceForComposites.java:532)
	at ptolemy.actor.util.CausalityInterfaceForComposites.checkForCycles(CausalityInterfaceForComposites.java:96)
	at ptolemy.domains.de.kernel.DEDirector.preinitialize(DEDirector.java:1338)
	at ptolemy.actor.CompositeActor.preinitialize(CompositeActor.java:1828)
	at ptolemy.actor.Manager.preinitializeAndResolveTypes(Manager.java:1040)
	at ptolemy.actor.Manager.initialize(Manager.java:710)
	at ptolemy.actor.Manager.execute(Manager.java:356)
	at ptolemy.actor.Manager.run(Manager.java:1263)
	at ptolemy.actor.Manager$PtolemyRunThread.run(Manager.java:1915)

    while executing
ptolemy.kernel.util.IllegalActionException: Found a zero delay loop containing .dependencyLoop2.original
  in .dependencyLoop2 and .dependencyLoop2.original
    while executing
"java::new ptolemy.moml.MoMLSimpleApplication $file
"
    (procedure "createAndExecute" line 2)
    invoked from within
"createAndExecute $file"
    ("uplevel" body line 5)
    invoked from within
"uplevel $contents_of_test"
------------------ testing $PTII/ptolemy/domains/de/test/auto/knownFailedTests/HierarchicalModel.xml (Known Failure) 
4 ms. Memory: 146944K Free: 85351K (58%)


==== $PTIIhome/travis/build/icyphy/ptII/ptolemy/domains/de/test/../../../../: Auto Automatic test in file $PTII/ptolemy/domains/de/test/auto/knownFailedTests/HierarchicalModel.xml
==== Contents of test case:

	    # FIXME: we should use $relativeFilename here, but it
	    # might have backslashes under Windows, which causes no end
	    # of trouble.
	    createAndExecute $file
	    list {}
	
.... Test generated KNOWN error:
    while executing
ptolemy.kernel.util.IllegalActionException: Found a zero delay loop containing .HierarchicalModel.A
  in .HierarchicalModel and .HierarchicalModel.A
	at ptolemy.actor.util.CausalityInterfaceForComposites._computeOutputPortDepth(CausalityInterfaceForComposites.java:759)
	at ptolemy.actor.util.CausalityInterfaceForComposites._computeInputDepth(CausalityInterfaceForComposites.java:696)
	at ptolemy.actor.util.CausalityInterfaceForComposites._computeOutputPortDepth(CausalityInterfaceForComposites.java:765)
	at ptolemy.actor.util.CausalityInterfaceForComposites._computeInputDepth(CausalityInterfaceForComposites.java:696)
	at ptolemy.actor.util.CausalityInterfaceForComposites._computeOutputPortDepth(CausalityInterfaceForComposites.java:765)
	at ptolemy.actor.util.CausalityInterfaceForComposites._computeInputDepth(CausalityInterfaceForComposites.java:696)
	at ptolemy.actor.util.CausalityInterfaceForComposites._computeActorDepth(CausalityInterfaceForComposites.java:532)
	at ptolemy.actor.util.CausalityInterfaceForComposites.checkForCycles(CausalityInterfaceForComposites.java:96)
	at ptolemy.domains.de.kernel.DEDirector.preinitialize(DEDirector.java:1338)
	at ptolemy.actor.CompositeActor.preinitialize(CompositeActor.java:1828)
	at ptolemy.actor.Manager.preinitializeAndResolveTypes(Manager.java:1040)
	at ptolemy.actor.Manager.initialize(Manager.java:710)
	at ptolemy.actor.Manager.execute(Manager.java:356)
	at ptolemy.actor.Manager.run(Manager.java:1263)
	at ptolemy.actor.Manager$PtolemyRunThread.run(Manager.java:1915)

    while executing
ptolemy.kernel.util.IllegalActionException: Found a zero delay loop containing .HierarchicalModel.A
  in .HierarchicalModel and .HierarchicalModel.A
    while executing
"java::new ptolemy.moml.MoMLSimpleApplication $file
"
    (procedure "createAndExecute" line 2)
    invoked from within
"createAndExecute $file"
    ("uplevel" body line 5)
    invoked from within
"uplevel $contents_of_test"
------------------ testing $PTII/ptolemy/domains/de/test/auto/knownFailedTests/DirectFeedback.xml (Known Failure) 
4 ms. Memory: 146944K Free: 141345K (96%)


==== $PTIIhome/travis/build/icyphy/ptII/ptolemy/domains/de/test/../../../../: Auto Automatic test in file $PTII/ptolemy/domains/de/test/auto/knownFailedTests/DirectFeedback.xml
==== Contents of test case:

	    # FIXME: we should use $relativeFilename here, but it
	    # might have backslashes under Windows, which causes no end
	    # of trouble.
	    createAndExecute $file
	    list {}
	
.... Test generated KNOWN error:
    while executing
ptolemy.kernel.util.IllegalActionException: Test fails in iteration 1.
Value was: 1.0. Should have been: 2.0
  in .DirectFeedback.Test
	at ptolemy.actor.lib.Test.fire(Test.java:268)
	at ptolemy.domains.de.kernel.DEDirector._fire(DEDirector.java:1949)
	at ptolemy.domains.de.kernel.DEDirector.fire(DEDirector.java:502)
	at ptolemy.actor.CompositeActor.fire(CompositeActor.java:455)
	at ptolemy.actor.Manager.iterate(Manager.java:851)
	at ptolemy.actor.Manager.execute(Manager.java:369)
	at ptolemy.actor.Manager.run(Manager.java:1263)
	at ptolemy.actor.Manager$PtolemyRunThread.run(Manager.java:1915)

    while executing
ptolemy.kernel.util.IllegalActionException: Test fails in iteration 1.
Value was: 1.0. Should have been: 2.0
  in .DirectFeedback.Test
    while executing
"java::new ptolemy.moml.MoMLSimpleApplication $file
"
    (procedure "createAndExecute" line 2)
    invoked from within
"createAndExecute $file"
    ("uplevel" body line 5)
    invoked from within
"uplevel $contents_of_test"
------------------ testing $PTII/ptolemy/domains/de/test/auto/ActorDepthCalculation_actorWithoutPorts.xml
auto.tcl: Setting watchdog for 200 seconds at Sun Jan 13 03:16:25 UTC 2019
8 ms. Memory: 146944K Free: 133464K (91%)
ptolemy.util.test.WatchDog.cancel(): canceling Sun Jan 13 03:16:26 UTC 2019
auto.tcl: Setting watchdog for 200 seconds at Sun Jan 13 03:16:26 UTC 2019
4 ms. Memory: 146944K Free: 131399K (89%)
ptolemy.util.test.WatchDog.cancel(): canceling Sun Jan 13 03:16:26 UTC 2019
------------------ testing $PTII/ptolemy/domains/de/test/auto/AssemblyLine.xml
auto.tcl: Setting watchdog for 200 seconds at Sun Jan 13 03:16:26 UTC 2019
15 ms. Memory: 208384K Free: 182859K (88%)
ptolemy.util.test.WatchDog.cancel(): canceling Sun Jan 13 03:16:26 UTC 2019
auto.tcl: Setting watchdog for 200 seconds at Sun Jan 13 03:16:26 UTC 2019
12 ms. Memory: 208384K Free: 182859K (88%)
ptolemy.util.test.WatchDog.cancel(): canceling Sun Jan 13 03:16:26 UTC 2019
------------------ testing $PTII/ptolemy/domains/de/test/auto/CQBug1.xml
auto.tcl: Setting watchdog for 200 seconds at Sun Jan 13 03:16:26 UTC 2019
4 ms. Memory: 208384K Free: 197718K (95%)
ptolemy.util.test.WatchDog.cancel(): canceling Sun Jan 13 03:16:26 UTC 2019
auto.tcl: Setting watchdog for 200 seconds at Sun Jan 13 03:16:26 UTC 2019
1 ms. Memory: 208384K Free: 197718K (95%)
ptolemy.util.test.WatchDog.cancel(): canceling Sun Jan 13 03:16:26 UTC 2019
------------------ testing $PTII/ptolemy/domains/de/test/auto/CancelFireAt.xml
auto.tcl: Setting watchdog for 200 seconds at Sun Jan 13 03:16:26 UTC 2019
5 ms. Memory: 208384K Free: 201432K (97%)
ptolemy.util.test.WatchDog.cancel(): canceling Sun Jan 13 03:16:26 UTC 2019
auto.tcl: Setting watchdog for 200 seconds at Sun Jan 13 03:16:26 UTC 2019
9 ms. Memory: 208384K Free: 199339K (96%)
ptolemy.util.test.WatchDog.cancel(): canceling Sun Jan 13 03:16:26 UTC 2019
------------------ testing $PTII/ptolemy/domains/de/test/auto/CausalityAndComposabilityAnalysis.xml
auto.tcl: Setting watchdog for 200 seconds at Sun Jan 13 03:16:26 UTC 2019
8 ms. Memory: 208384K Free: 196506K (94%)
ptolemy.util.test.WatchDog.cancel(): canceling Sun Jan 13 03:16:26 UTC 2019
auto.tcl: Setting watchdog for 200 seconds at Sun Jan 13 03:16:26 UTC 2019
4 ms. Memory: 208384K Free: 196506K (94%)
ptolemy.util.test.WatchDog.cancel(): canceling Sun Jan 13 03:16:26 UTC 2019
------------------ testing $PTII/ptolemy/domains/de/test/auto/CausalityInterface1.xml
auto.tcl: Setting watchdog for 200 seconds at Sun Jan 13 03:16:26 UTC 2019
8 ms. Memory: 208384K Free: 196441K (94%)
ptolemy.util.test.WatchDog.cancel(): canceling Sun Jan 13 03:16:26 UTC 2019
auto.tcl: Setting watchdog for 200 seconds at Sun Jan 13 03:16:26 UTC 2019
4 ms. Memory: 208384K Free: 196441K (94%)
ptolemy.util.test.WatchDog.cancel(): canceling Sun Jan 13 03:16:26 UTC 2019
------------------ testing $PTII/ptolemy/domains/de/test/auto/CausalityInterface15.xml
auto.tcl: Setting watchdog for 200 seconds at Sun Jan 13 03:16:27 UTC 2019
19 ms. Memory: 208384K Free: 196433K (94%)
ptolemy.util.test.WatchDog.cancel(): canceling Sun Jan 13 03:16:27 UTC 2019
auto.tcl: Setting watchdog for 200 seconds at Sun Jan 13 03:16:27 UTC 2019
2 ms. Memory: 208384K Free: 196433K (94%)
ptolemy.util.test.WatchDog.cancel(): canceling Sun Jan 13 03:16:27 UTC 2019
------------------ testing $PTII/ptolemy/domains/de/test/auto/CausalityInterface2.xml
auto.tcl: Setting watchdog for 200 seconds at Sun Jan 13 03:16:27 UTC 2019
10 ms. Memory: 208384K Free: 196416K (94%)
ptolemy.util.test.WatchDog.cancel(): canceling Sun Jan 13 03:16:27 UTC 2019
auto.tcl: Setting watchdog for 200 seconds at Sun Jan 13 03:16:27 UTC 2019
3 ms. Memory: 208384K Free: 196416K (94%)
ptolemy.util.test.WatchDog.cancel(): canceling Sun Jan 13 03:16:27 UTC 2019
------------------ testing $PTII/ptolemy/domains/de/test/auto/CausalityInterface3.xml
auto.tcl: Setting watchdog for 200 seconds at Sun Jan 13 03:16:27 UTC 2019
4 ms. Memory: 208384K Free: 196429K (94%)
ptolemy.util.test.WatchDog.cancel(): canceling Sun Jan 13 03:16:27 UTC 2019
auto.tcl: Setting watchdog for 200 seconds at Sun Jan 13 03:16:27 UTC 2019
3 ms. Memory: 208384K Free: 196429K (94%)
ptolemy.util.test.WatchDog.cancel(): canceling Sun Jan 13 03:16:27 UTC 2019
------------------ testing $PTII/ptolemy/domains/de/test/auto/ClockDrift.xml
auto.tcl: Setting watchdog for 200 seconds at Sun Jan 13 03:16:27 UTC 2019
69 ms. Memory: 208384K Free: 187682K (90%)
ptolemy.util.test.WatchDog.cancel(): canceling Sun Jan 13 03:16:27 UTC 2019
auto.tcl: Setting watchdog for 200 seconds at Sun Jan 13 03:16:27 UTC 2019
55 ms. Memory: 208384K Free: 185589K (89%)
ptolemy.util.test.WatchDog.cancel(): canceling Sun Jan 13 03:16:27 UTC 2019
------------------ testing $PTII/ptolemy/domains/de/test/auto/ClockDriftAndValueChange.xml
auto.tcl: Setting watchdog for 200 seconds at Sun Jan 13 03:16:27 UTC 2019
53 ms. Memory: 208384K Free: 187516K (90%)
ptolemy.util.test.WatchDog.cancel(): canceling Sun Jan 13 03:16:27 UTC 2019
auto.tcl: Setting watchdog for 200 seconds at Sun Jan 13 03:16:27 UTC 2019
32 ms. Memory: 208384K Free: 185423K (89%)
ptolemy.util.test.WatchDog.cancel(): canceling Sun Jan 13 03:16:27 UTC 2019
------------------ testing $PTII/ptolemy/domains/de/test/auto/ClockDriftChange.xml
auto.tcl: Setting watchdog for 200 seconds at Sun Jan 13 03:16:27 UTC 2019
38 ms. Memory: 208384K Free: 190833K (92%)
ptolemy.util.test.WatchDog.cancel(): canceling Sun Jan 13 03:16:27 UTC 2019
auto.tcl: Setting watchdog for 200 seconds at Sun Jan 13 03:16:27 UTC 2019
26 ms. Memory: 208384K Free: 188740K (91%)
ptolemy.util.test.WatchDog.cancel(): canceling Sun Jan 13 03:16:27 UTC 2019
------------------ testing $PTII/ptolemy/domains/de/test/auto/ComposableCausalityAnalysis.xml
auto.tcl: Setting watchdog for 200 seconds at Sun Jan 13 03:16:27 UTC 2019
2 ms. Memory: 208384K Free: 196284K (94%)
ptolemy.util.test.WatchDog.cancel(): canceling Sun Jan 13 03:16:27 UTC 2019
auto.tcl: Setting watchdog for 200 seconds at Sun Jan 13 03:16:27 UTC 2019
1 ms. Memory: 208384K Free: 194191K (93%)
ptolemy.util.test.WatchDog.cancel(): canceling Sun Jan 13 03:16:27 UTC 2019
------------------ testing $PTII/ptolemy/domains/de/test/auto/DEFixedPointLimitation.xml
auto.tcl: Setting watchdog for 200 seconds at Sun Jan 13 03:16:27 UTC 2019
1 ms. Memory: 208384K Free: 196364K (94%)
ptolemy.util.test.WatchDog.cancel(): canceling Sun Jan 13 03:16:27 UTC 2019
auto.tcl: Setting watchdog for 200 seconds at Sun Jan 13 03:16:27 UTC 2019
2 ms. Memory: 208384K Free: 196364K (94%)
ptolemy.util.test.WatchDog.cancel(): canceling Sun Jan 13 03:16:27 UTC 2019
------------------ testing $PTII/ptolemy/domains/de/test/auto/DEScheduleTest.xml
auto.tcl: Setting watchdog for 200 seconds at Sun Jan 13 03:16:28 UTC 2019
4 ms. Memory: 208384K Free: 198493K (95%)
ptolemy.util.test.WatchDog.cancel(): canceling Sun Jan 13 03:16:28 UTC 2019
auto.tcl: Setting watchdog for 200 seconds at Sun Jan 13 03:16:28 UTC 2019
5 ms. Memory: 208384K Free: 196400K (94%)
ptolemy.util.test.WatchDog.cancel(): canceling Sun Jan 13 03:16:28 UTC 2019
------------------ testing $PTII/ptolemy/domains/de/test/auto/DEinDEwithStartTimes.xml
auto.tcl: Setting watchdog for 200 seconds at Sun Jan 13 03:16:28 UTC 2019
3 ms. Memory: 208384K Free: 196370K (94%)
ptolemy.util.test.WatchDog.cancel(): canceling Sun Jan 13 03:16:28 UTC 2019
auto.tcl: Setting watchdog for 200 seconds at Sun Jan 13 03:16:28 UTC 2019
3 ms. Memory: 208384K Free: 194277K (93%)
ptolemy.util.test.WatchDog.cancel(): canceling Sun Jan 13 03:16:28 UTC 2019
------------------ testing $PTII/ptolemy/domains/de/test/auto/DEinDEwithStartTimes2.xml
auto.tcl: Setting watchdog for 200 seconds at Sun Jan 13 03:16:28 UTC 2019
3 ms. Memory: 208384K Free: 196349K (94%)
ptolemy.util.test.WatchDog.cancel(): canceling Sun Jan 13 03:16:28 UTC 2019
auto.tcl: Setting watchdog for 200 seconds at Sun Jan 13 03:16:28 UTC 2019
3 ms. Memory: 208384K Free: 194256K (93%)
ptolemy.util.test.WatchDog.cancel(): canceling Sun Jan 13 03:16:28 UTC 2019
------------------ testing $PTII/ptolemy/domains/de/test/auto/DateDemo.xml
auto.tcl: Setting watchdog for 200 seconds at Sun Jan 13 03:16:28 UTC 2019
10 ms. Memory: 208384K Free: 188814K (91%)
ptolemy.util.test.WatchDog.cancel(): canceling Sun Jan 13 03:16:28 UTC 2019
auto.tcl: Setting watchdog for 200 seconds at Sun Jan 13 03:16:28 UTC 2019
7 ms. Memory: 208384K Free: 186721K (90%)
ptolemy.util.test.WatchDog.cancel(): canceling Sun Jan 13 03:16:28 UTC 2019
------------------ testing $PTII/ptolemy/domains/de/test/auto/DateToEvent.xml
auto.tcl: Setting watchdog for 200 seconds at Sun Jan 13 03:16:28 UTC 2019
2009 ms. Memory: 208384K Free: 183542K (88%)
ptolemy.util.test.WatchDog.cancel(): canceling Sun Jan 13 03:16:30 UTC 2019
auto.tcl: Setting watchdog for 200 seconds at Sun Jan 13 03:16:30 UTC 2019
2003 ms. Memory: 208384K Free: 183542K (88%)
ptolemy.util.test.WatchDog.cancel(): canceling Sun Jan 13 03:16:32 UTC 2019
------------------ testing $PTII/ptolemy/domains/de/test/auto/DepthTest1.xml
auto.tcl: Setting watchdog for 200 seconds at Sun Jan 13 03:16:32 UTC 2019
7 ms. Memory: 208384K Free: 198358K (95%)
ptolemy.util.test.WatchDog.cancel(): canceling Sun Jan 13 03:16:32 UTC 2019
auto.tcl: Setting watchdog for 200 seconds at Sun Jan 13 03:16:32 UTC 2019
0 ms. Memory: 208384K Free: 198358K (95%)
ptolemy.util.test.WatchDog.cancel(): canceling Sun Jan 13 03:16:32 UTC 2019
------------------ testing $PTII/ptolemy/domains/de/test/auto/DepthTest2.xml
auto.tcl: Setting watchdog for 200 seconds at Sun Jan 13 03:16:32 UTC 2019
3 ms. Memory: 208384K Free: 194236K (93%)
ptolemy.util.test.WatchDog.cancel(): canceling Sun Jan 13 03:16:32 UTC 2019
auto.tcl: Setting watchdog for 200 seconds at Sun Jan 13 03:16:32 UTC 2019
4 ms. Memory: 208384K Free: 194236K (93%)
ptolemy.util.test.WatchDog.cancel(): canceling Sun Jan 13 03:16:32 UTC 2019
------------------ testing $PTII/ptolemy/domains/de/test/auto/DepthTest3.xml
auto.tcl: Setting watchdog for 200 seconds at Sun Jan 13 03:16:32 UTC 2019
3 ms. Memory: 208384K Free: 198693K (95%)
ptolemy.util.test.WatchDog.cancel(): canceling Sun Jan 13 03:16:32 UTC 2019
auto.tcl: Setting watchdog for 200 seconds at Sun Jan 13 03:16:32 UTC 2019
2 ms. Memory: 208384K Free: 198693K (95%)
ptolemy.util.test.WatchDog.cancel(): canceling Sun Jan 13 03:16:32 UTC 2019
------------------ testing $PTII/ptolemy/domains/de/test/auto/DepthTest4.xml
auto.tcl: Setting watchdog for 200 seconds at Sun Jan 13 03:16:32 UTC 2019
2 ms. Memory: 208384K Free: 196350K (94%)
ptolemy.util.test.WatchDog.cancel(): canceling Sun Jan 13 03:16:32 UTC 2019
auto.tcl: Setting watchdog for 200 seconds at Sun Jan 13 03:16:32 UTC 2019
3 ms. Memory: 208384K Free: 196350K (94%)
ptolemy.util.test.WatchDog.cancel(): canceling Sun Jan 13 03:16:32 UTC 2019
------------------ testing $PTII/ptolemy/domains/de/test/auto/DepthTest5.xml
auto.tcl: Setting watchdog for 200 seconds at Sun Jan 13 03:16:32 UTC 2019
2 ms. Memory: 208384K Free: 196635K (94%)
ptolemy.util.test.WatchDog.cancel(): canceling Sun Jan 13 03:16:32 UTC 2019
auto.tcl: Setting watchdog for 200 seconds at Sun Jan 13 03:16:32 UTC 2019
2 ms. Memory: 208384K Free: 196635K (94%)
ptolemy.util.test.WatchDog.cancel(): canceling Sun Jan 13 03:16:32 UTC 2019
------------------ testing $PTII/ptolemy/domains/de/test/auto/DepthTest6.xml
auto.tcl: Setting watchdog for 200 seconds at Sun Jan 13 03:16:32 UTC 2019
6 ms. Memory: 208384K Free: 195044K (94%)
ptolemy.util.test.WatchDog.cancel(): canceling Sun Jan 13 03:16:32 UTC 2019
auto.tcl: Setting watchdog for 200 seconds at Sun Jan 13 03:16:32 UTC 2019
3 ms. Memory: 208384K Free: 195044K (94%)
ptolemy.util.test.WatchDog.cancel(): canceling Sun Jan 13 03:16:32 UTC 2019
------------------ testing $PTII/ptolemy/domains/de/test/auto/DepthTest7.xml
auto.tcl: Setting watchdog for 200 seconds at Sun Jan 13 03:16:32 UTC 2019
10 ms. Memory: 208384K Free: 196255K (94%)
ptolemy.util.test.WatchDog.cancel(): canceling Sun Jan 13 03:16:32 UTC 2019
auto.tcl: Setting watchdog for 200 seconds at Sun Jan 13 03:16:32 UTC 2019
1 ms. Memory: 208384K Free: 196255K (94%)
ptolemy.util.test.WatchDog.cancel(): canceling Sun Jan 13 03:16:32 UTC 2019
------------------ testing $PTII/ptolemy/domains/de/test/auto/EventToDate.xml
auto.tcl: Setting watchdog for 200 seconds at Sun Jan 13 03:16:32 UTC 2019
3005 ms. Memory: 208384K Free: 185811K (89%)
ptolemy.util.test.WatchDog.cancel(): canceling Sun Jan 13 03:16:35 UTC 2019
auto.tcl: Setting watchdog for 200 seconds at Sun Jan 13 03:16:35 UTC 2019
3004 ms. Memory: 208384K Free: 185811K (89%)
ptolemy.util.test.WatchDog.cancel(): canceling Sun Jan 13 03:16:38 UTC 2019
------------------ testing $PTII/ptolemy/domains/de/test/auto/FSM1.xml
auto.tcl: Setting watchdog for 200 seconds at Sun Jan 13 03:16:38 UTC 2019
18 ms. Memory: 208384K Free: 189321K (91%)
ptolemy.util.test.WatchDog.cancel(): canceling Sun Jan 13 03:16:39 UTC 2019
auto.tcl: Setting watchdog for 200 seconds at Sun Jan 13 03:16:39 UTC 2019
21 ms. Memory: 208384K Free: 185135K (89%)
ptolemy.util.test.WatchDog.cancel(): canceling Sun Jan 13 03:16:39 UTC 2019
------------------ testing $PTII/ptolemy/domains/de/test/auto/FSM7.xml
auto.tcl: Setting watchdog for 200 seconds at Sun Jan 13 03:16:39 UTC 2019
20 ms. Memory: 208384K Free: 187430K (90%)
ptolemy.util.test.WatchDog.cancel(): canceling Sun Jan 13 03:16:39 UTC 2019
auto.tcl: Setting watchdog for 200 seconds at Sun Jan 13 03:16:39 UTC 2019
16 ms. Memory: 208384K Free: 185337K (89%)
ptolemy.util.test.WatchDog.cancel(): canceling Sun Jan 13 03:16:39 UTC 2019
------------------ testing $PTII/ptolemy/domains/de/test/auto/Inspection.xml
auto.tcl: Setting watchdog for 200 seconds at Sun Jan 13 03:16:39 UTC 2019
25 ms. Memory: 208384K Free: 188644K (91%)
ptolemy.util.test.WatchDog.cancel(): canceling Sun Jan 13 03:16:39 UTC 2019
auto.tcl: Setting watchdog for 200 seconds at Sun Jan 13 03:16:39 UTC 2019
22 ms. Memory: 208384K Free: 186551K (90%)
ptolemy.util.test.WatchDog.cancel(): canceling Sun Jan 13 03:16:39 UTC 2019
------------------ testing $PTII/ptolemy/domains/de/test/auto/Iteration.xml
auto.tcl: Setting watchdog for 200 seconds at Sun Jan 13 03:16:39 UTC 2019
8 ms. Memory: 208384K Free: 196398K (94%)
ptolemy.util.test.WatchDog.cancel(): canceling Sun Jan 13 03:16:39 UTC 2019
auto.tcl: Setting watchdog for 200 seconds at Sun Jan 13 03:16:39 UTC 2019
6 ms. Memory: 208384K Free: 193968K (93%)
ptolemy.util.test.WatchDog.cancel(): canceling Sun Jan 13 03:16:39 UTC 2019
------------------ testing $PTII/ptolemy/domains/de/test/auto/LineFault.xml
auto.tcl: Setting watchdog for 200 seconds at Sun Jan 13 03:16:39 UTC 2019
736 ms. Memory: 208384K Free: 196191K (94%)
ptolemy.util.test.WatchDog.cancel(): canceling Sun Jan 13 03:16:40 UTC 2019
auto.tcl: Setting watchdog for 200 seconds at Sun Jan 13 03:16:40 UTC 2019
638 ms. Memory: 208384K Free: 139050K (67%)
ptolemy.util.test.WatchDog.cancel(): canceling Sun Jan 13 03:16:41 UTC 2019
------------------ testing $PTII/ptolemy/domains/de/test/auto/MergeModel1Add.xml
auto.tcl: Setting watchdog for 200 seconds at Sun Jan 13 03:16:41 UTC 2019
26 ms. Memory: 331264K Free: 298877K (90%)
ptolemy.util.test.WatchDog.cancel(): canceling Sun Jan 13 03:16:41 UTC 2019
auto.tcl: Setting watchdog for 200 seconds at Sun Jan 13 03:16:41 UTC 2019
8 ms. Memory: 331264K Free: 298877K (90%)
ptolemy.util.test.WatchDog.cancel(): canceling Sun Jan 13 03:16:41 UTC 2019
------------------ testing $PTII/ptolemy/domains/de/test/auto/MergeModel2Add.xml
auto.tcl: Setting watchdog for 200 seconds at Sun Jan 13 03:16:41 UTC 2019
8 ms. Memory: 331264K Free: 304159K (92%)
ptolemy.util.test.WatchDog.cancel(): canceling Sun Jan 13 03:16:41 UTC 2019
auto.tcl: Setting watchdog for 200 seconds at Sun Jan 13 03:16:41 UTC 2019
7 ms. Memory: 331264K Free: 300215K (91%)
ptolemy.util.test.WatchDog.cancel(): canceling Sun Jan 13 03:16:41 UTC 2019
------------------ testing $PTII/ptolemy/domains/de/test/auto/MergeModel3Add.xml
auto.tcl: Setting watchdog for 200 seconds at Sun Jan 13 03:16:41 UTC 2019
8 ms. Memory: 331264K Free: 304169K (92%)
ptolemy.util.test.WatchDog.cancel(): canceling Sun Jan 13 03:16:41 UTC 2019
auto.tcl: Setting watchdog for 200 seconds at Sun Jan 13 03:16:41 UTC 2019
7 ms. Memory: 331264K Free: 300225K (91%)
ptolemy.util.test.WatchDog.cancel(): canceling Sun Jan 13 03:16:41 UTC 2019
------------------ testing $PTII/ptolemy/domains/de/test/auto/MergeWithoutDiscard.xml
auto.tcl: Setting watchdog for 200 seconds at Sun Jan 13 03:16:41 UTC 2019
2 ms. Memory: 331264K Free: 320226K (97%)
ptolemy.util.test.WatchDog.cancel(): canceling Sun Jan 13 03:16:41 UTC 2019
auto.tcl: Setting watchdog for 200 seconds at Sun Jan 13 03:16:41 UTC 2019
0 ms. Memory: 331264K Free: 316282K (95%)
ptolemy.util.test.WatchDog.cancel(): canceling Sun Jan 13 03:16:41 UTC 2019
------------------ testing $PTII/ptolemy/domains/de/test/auto/Modal1.xml
auto.tcl: Setting watchdog for 200 seconds at Sun Jan 13 03:16:41 UTC 2019
11 ms. Memory: 331264K Free: 309894K (94%)
ptolemy.util.test.WatchDog.cancel(): canceling Sun Jan 13 03:16:41 UTC 2019
auto.tcl: Setting watchdog for 200 seconds at Sun Jan 13 03:16:41 UTC 2019
11 ms. Memory: 331264K Free: 305951K (92%)
ptolemy.util.test.WatchDog.cancel(): canceling Sun Jan 13 03:16:41 UTC 2019
------------------ testing $PTII/ptolemy/domains/de/test/auto/Modal2.xml
auto.tcl: Setting watchdog for 200 seconds at Sun Jan 13 03:16:41 UTC 2019
17 ms. Memory: 331264K Free: 304860K (92%)
ptolemy.util.test.WatchDog.cancel(): canceling Sun Jan 13 03:16:41 UTC 2019
auto.tcl: Setting watchdog for 200 seconds at Sun Jan 13 03:16:41 UTC 2019
16 ms. Memory: 331264K Free: 300917K (91%)
ptolemy.util.test.WatchDog.cancel(): canceling Sun Jan 13 03:16:41 UTC 2019
------------------ testing $PTII/ptolemy/domains/de/test/auto/Modal3.xml
auto.tcl: Setting watchdog for 200 seconds at Sun Jan 13 03:16:41 UTC 2019
12 ms. Memory: 331264K Free: 309765K (94%)
ptolemy.util.test.WatchDog.cancel(): canceling Sun Jan 13 03:16:41 UTC 2019
auto.tcl: Setting watchdog for 200 seconds at Sun Jan 13 03:16:41 UTC 2019
9 ms. Memory: 331264K Free: 305822K (92%)
ptolemy.util.test.WatchDog.cancel(): canceling Sun Jan 13 03:16:41 UTC 2019
------------------ testing $PTII/ptolemy/domains/de/test/auto/Modal4.xml
auto.tcl: Setting watchdog for 200 seconds at Sun Jan 13 03:16:41 UTC 2019
12 ms. Memory: 331264K Free: 309569K (93%)
ptolemy.util.test.WatchDog.cancel(): canceling Sun Jan 13 03:16:41 UTC 2019
auto.tcl: Setting watchdog for 200 seconds at Sun Jan 13 03:16:41 UTC 2019
12 ms. Memory: 331264K Free: 305626K (92%)
ptolemy.util.test.WatchDog.cancel(): canceling Sun Jan 13 03:16:42 UTC 2019
------------------ testing $PTII/ptolemy/domains/de/test/auto/Modal5.xml
auto.tcl: Setting watchdog for 200 seconds at Sun Jan 13 03:16:42 UTC 2019
16 ms. Memory: 331264K Free: 309557K (93%)
ptolemy.util.test.WatchDog.cancel(): canceling Sun Jan 13 03:16:42 UTC 2019
auto.tcl: Setting watchdog for 200 seconds at Sun Jan 13 03:16:42 UTC 2019
12 ms. Memory: 331264K Free: 305613K (92%)
ptolemy.util.test.WatchDog.cancel(): canceling Sun Jan 13 03:16:42 UTC 2019
------------------ testing $PTII/ptolemy/domains/de/test/auto/Modal6.xml
auto.tcl: Setting watchdog for 200 seconds at Sun Jan 13 03:16:42 UTC 2019
10 ms. Memory: 331264K Free: 309553K (93%)
ptolemy.util.test.WatchDog.cancel(): canceling Sun Jan 13 03:16:42 UTC 2019
auto.tcl: Setting watchdog for 200 seconds at Sun Jan 13 03:16:42 UTC 2019
12 ms. Memory: 331264K Free: 305609K (92%)
ptolemy.util.test.WatchDog.cancel(): canceling Sun Jan 13 03:16:42 UTC 2019
------------------ testing $PTII/ptolemy/domains/de/test/auto/Modal7.xml
auto.tcl: Setting watchdog for 200 seconds at Sun Jan 13 03:16:42 UTC 2019
8 ms. Memory: 331264K Free: 309553K (93%)
ptolemy.util.test.WatchDog.cancel(): canceling Sun Jan 13 03:16:42 UTC 2019
auto.tcl: Setting watchdog for 200 seconds at Sun Jan 13 03:16:42 UTC 2019
9 ms. Memory: 331264K Free: 305610K (92%)
ptolemy.util.test.WatchDog.cancel(): canceling Sun Jan 13 03:16:42 UTC 2019
------------------ testing $PTII/ptolemy/domains/de/test/auto/ModalModel.xml
auto.tcl: Setting watchdog for 200 seconds at Sun Jan 13 03:16:42 UTC 2019
155 ms. Memory: 331264K Free: 246081K (74%)
ptolemy.util.test.WatchDog.cancel(): canceling Sun Jan 13 03:16:42 UTC 2019
auto.tcl: Setting watchdog for 200 seconds at Sun Jan 13 03:16:42 UTC 2019
182 ms. Memory: 331264K Free: 190873K (58%)
ptolemy.util.test.WatchDog.cancel(): canceling Sun Jan 13 03:16:42 UTC 2019
------------------ testing $PTII/ptolemy/domains/de/test/auto/ModalSource.xml
auto.tcl: Setting watchdog for 200 seconds at Sun Jan 13 03:16:42 UTC 2019
6 ms. Memory: 331264K Free: 316317K (95%)
ptolemy.util.test.WatchDog.cancel(): canceling Sun Jan 13 03:16:42 UTC 2019
auto.tcl: Setting watchdog for 200 seconds at Sun Jan 13 03:16:42 UTC 2019
5 ms. Memory: 331264K Free: 312789K (94%)
ptolemy.util.test.WatchDog.cancel(): canceling Sun Jan 13 03:16:42 UTC 2019
------------------ testing $PTII/ptolemy/domains/de/test/auto/NonInterruptibleTimerZeroDelay.xml
auto.tcl: Setting watchdog for 200 seconds at Sun Jan 13 03:16:42 UTC 2019
3 ms. Memory: 331264K Free: 320684K (97%)
ptolemy.util.test.WatchDog.cancel(): canceling Sun Jan 13 03:16:42 UTC 2019
auto.tcl: Setting watchdog for 200 seconds at Sun Jan 13 03:16:42 UTC 2019
2 ms. Memory: 331264K Free: 317163K (96%)
ptolemy.util.test.WatchDog.cancel(): canceling Sun Jan 13 03:16:42 UTC 2019
------------------ testing $PTII/ptolemy/domains/de/test/auto/OpenQueueingNetwork.xml
auto.tcl: Setting watchdog for 200 seconds at Sun Jan 13 03:16:42 UTC 2019
2739 ms. Memory: 307712K Free: 139682K (45%)
ptolemy.util.test.WatchDog.cancel(): canceling Sun Jan 13 03:16:45 UTC 2019
auto.tcl: Setting watchdog for 200 seconds at Sun Jan 13 03:16:45 UTC 2019
2174 ms. Memory: 278528K Free: 206004K (74%)
ptolemy.util.test.WatchDog.cancel(): canceling Sun Jan 13 03:16:48 UTC 2019
------------------ testing $PTII/ptolemy/domains/de/test/auto/OpenQueuingNetwork.xml
auto.tcl: Setting watchdog for 200 seconds at Sun Jan 13 03:16:48 UTC 2019
240 ms. Memory: 278528K Free: 175109K (63%)
ptolemy.util.test.WatchDog.cancel(): canceling Sun Jan 13 03:16:48 UTC 2019
auto.tcl: Setting watchdog for 200 seconds at Sun Jan 13 03:16:48 UTC 2019
231 ms. Memory: 278528K Free: 115040K (41%)
ptolemy.util.test.WatchDog.cancel(): canceling Sun Jan 13 03:16:48 UTC 2019
------------------ testing $PTII/ptolemy/domains/de/test/auto/PeriodicSampler.xml
auto.tcl: Setting watchdog for 200 seconds at Sun Jan 13 03:16:48 UTC 2019
3 ms. Memory: 281088K Free: 266375K (95%)
ptolemy.util.test.WatchDog.cancel(): canceling Sun Jan 13 03:16:48 UTC 2019
auto.tcl: Setting watchdog for 200 seconds at Sun Jan 13 03:16:48 UTC 2019
1 ms. Memory: 281088K Free: 266375K (95%)
ptolemy.util.test.WatchDog.cancel(): canceling Sun Jan 13 03:16:48 UTC 2019
------------------ testing $PTII/ptolemy/domains/de/test/auto/PersistentIO.xml
auto.tcl: Setting watchdog for 200 seconds at Sun Jan 13 03:16:48 UTC 2019
10 ms. Memory: 278528K Free: 261039K (94%)
ptolemy.util.test.WatchDog.cancel(): canceling Sun Jan 13 03:16:48 UTC 2019
auto.tcl: Setting watchdog for 200 seconds at Sun Jan 13 03:16:48 UTC 2019
3 ms. Memory: 278528K Free: 261039K (94%)
ptolemy.util.test.WatchDog.cancel(): canceling Sun Jan 13 03:16:48 UTC 2019
------------------ testing $PTII/ptolemy/domains/de/test/auto/PortParameterResetOnInitialize.xml
auto.tcl: Setting watchdog for 200 seconds at Sun Jan 13 03:16:48 UTC 2019
2 ms. Memory: 280576K Free: 266331K (95%)
ptolemy.util.test.WatchDog.cancel(): canceling Sun Jan 13 03:16:48 UTC 2019
auto.tcl: Setting watchdog for 200 seconds at Sun Jan 13 03:16:48 UTC 2019
2 ms. Memory: 280576K Free: 266331K (95%)
ptolemy.util.test.WatchDog.cancel(): canceling Sun Jan 13 03:16:48 UTC 2019
------------------ testing $PTII/ptolemy/domains/de/test/auto/PortParameterUpdates.xml
auto.tcl: Setting watchdog for 200 seconds at Sun Jan 13 03:16:48 UTC 2019
5 ms. Memory: 278528K Free: 266476K (96%)
ptolemy.util.test.WatchDog.cancel(): canceling Sun Jan 13 03:16:48 UTC 2019
auto.tcl: Setting watchdog for 200 seconds at Sun Jan 13 03:16:48 UTC 2019
5 ms. Memory: 278528K Free: 263759K (95%)
ptolemy.util.test.WatchDog.cancel(): canceling Sun Jan 13 03:16:48 UTC 2019
------------------ testing $PTII/ptolemy/domains/de/test/auto/QueueAndServer.xml
auto.tcl: Setting watchdog for 200 seconds at Sun Jan 13 03:16:48 UTC 2019
21 ms. Memory: 280576K Free: 263702K (94%)
ptolemy.util.test.WatchDog.cancel(): canceling Sun Jan 13 03:16:48 UTC 2019
auto.tcl: Setting watchdog for 200 seconds at Sun Jan 13 03:16:48 UTC 2019
6 ms. Memory: 280576K Free: 263702K (94%)
ptolemy.util.test.WatchDog.cancel(): canceling Sun Jan 13 03:16:48 UTC 2019
------------------ testing $PTII/ptolemy/domains/de/test/auto/Records.xml
auto.tcl: Setting watchdog for 200 seconds at Sun Jan 13 03:16:49 UTC 2019
11 ms. Memory: 278528K Free: 266301K (96%)
ptolemy.util.test.WatchDog.cancel(): canceling Sun Jan 13 03:16:49 UTC 2019
auto.tcl: Setting watchdog for 200 seconds at Sun Jan 13 03:16:49 UTC 2019
1 ms. Memory: 278528K Free: 263584K (95%)
ptolemy.util.test.WatchDog.cancel(): canceling Sun Jan 13 03:16:49 UTC 2019
------------------ testing $PTII/ptolemy/domains/de/test/auto/ResetTransitionWithStartTime1.xml
auto.tcl: Setting watchdog for 200 seconds at Sun Jan 13 03:16:49 UTC 2019
7 ms. Memory: 280064K Free: 263255K (94%)
ptolemy.util.test.WatchDog.cancel(): canceling Sun Jan 13 03:16:49 UTC 2019
auto.tcl: Setting watchdog for 200 seconds at Sun Jan 13 03:16:49 UTC 2019
4 ms. Memory: 280064K Free: 260441K (93%)
ptolemy.util.test.WatchDog.cancel(): canceling Sun Jan 13 03:16:49 UTC 2019
------------------ testing $PTII/ptolemy/domains/de/test/auto/ResetTransitionWithStartTime2.xml
auto.tcl: Setting watchdog for 200 seconds at Sun Jan 13 03:16:49 UTC 2019
5 ms. Memory: 278528K Free: 261709K (94%)
ptolemy.util.test.WatchDog.cancel(): canceling Sun Jan 13 03:16:49 UTC 2019
auto.tcl: Setting watchdog for 200 seconds at Sun Jan 13 03:16:49 UTC 2019
4 ms. Memory: 278528K Free: 258992K (93%)
ptolemy.util.test.WatchDog.cancel(): canceling Sun Jan 13 03:16:49 UTC 2019
------------------ testing $PTII/ptolemy/domains/de/test/auto/ResetTransitionWithStartTime3.xml
auto.tcl: Setting watchdog for 200 seconds at Sun Jan 13 03:16:49 UTC 2019
8 ms. Memory: 280064K Free: 263148K (94%)
ptolemy.util.test.WatchDog.cancel(): canceling Sun Jan 13 03:16:49 UTC 2019
auto.tcl: Setting watchdog for 200 seconds at Sun Jan 13 03:16:49 UTC 2019
4 ms. Memory: 280064K Free: 260415K (93%)
ptolemy.util.test.WatchDog.cancel(): canceling Sun Jan 13 03:16:49 UTC 2019
------------------ testing $PTII/ptolemy/domains/de/test/auto/ResetTransitionWithStartTime4.xml
auto.tcl: Setting watchdog for 200 seconds at Sun Jan 13 03:16:49 UTC 2019
3 ms. Memory: 278528K Free: 263589K (95%)
ptolemy.util.test.WatchDog.cancel(): canceling Sun Jan 13 03:16:49 UTC 2019
auto.tcl: Setting watchdog for 200 seconds at Sun Jan 13 03:16:49 UTC 2019
3 ms. Memory: 278528K Free: 260872K (94%)
ptolemy.util.test.WatchDog.cancel(): canceling Sun Jan 13 03:16:49 UTC 2019
------------------ testing $PTII/ptolemy/domains/de/test/auto/ResettableTimer1.xml
auto.tcl: Setting watchdog for 200 seconds at Sun Jan 13 03:16:49 UTC 2019
3 ms. Memory: 280064K Free: 267829K (96%)
ptolemy.util.test.WatchDog.cancel(): canceling Sun Jan 13 03:16:49 UTC 2019
auto.tcl: Setting watchdog for 200 seconds at Sun Jan 13 03:16:49 UTC 2019
1 ms. Memory: 280064K Free: 267829K (96%)
ptolemy.util.test.WatchDog.cancel(): canceling Sun Jan 13 03:16:49 UTC 2019
------------------ testing $PTII/ptolemy/domains/de/test/auto/ResettableTimer2.xml
auto.tcl: Setting watchdog for 200 seconds at Sun Jan 13 03:16:49 UTC 2019
3 ms. Memory: 278528K Free: 266457K (96%)
ptolemy.util.test.WatchDog.cancel(): canceling Sun Jan 13 03:16:49 UTC 2019
auto.tcl: Setting watchdog for 200 seconds at Sun Jan 13 03:16:49 UTC 2019
2 ms. Memory: 278528K Free: 266457K (96%)
ptolemy.util.test.WatchDog.cancel(): canceling Sun Jan 13 03:16:49 UTC 2019
------------------ testing $PTII/ptolemy/domains/de/test/auto/ResettableTimer3.xml
auto.tcl: Setting watchdog for 200 seconds at Sun Jan 13 03:16:49 UTC 2019
2 ms. Memory: 279552K Free: 267375K (96%)
ptolemy.util.test.WatchDog.cancel(): canceling Sun Jan 13 03:16:49 UTC 2019
auto.tcl: Setting watchdog for 200 seconds at Sun Jan 13 03:16:49 UTC 2019
1 ms. Memory: 279552K Free: 267375K (96%)
ptolemy.util.test.WatchDog.cancel(): canceling Sun Jan 13 03:16:49 UTC 2019
------------------ testing $PTII/ptolemy/domains/de/test/auto/ResettableTimer4.xml
auto.tcl: Setting watchdog for 200 seconds at Sun Jan 13 03:16:49 UTC 2019
1 ms. Memory: 278528K Free: 266461K (96%)
ptolemy.util.test.WatchDog.cancel(): canceling Sun Jan 13 03:16:49 UTC 2019
auto.tcl: Setting watchdog for 200 seconds at Sun Jan 13 03:16:49 UTC 2019
1 ms. Memory: 278528K Free: 266461K (96%)
ptolemy.util.test.WatchDog.cancel(): canceling Sun Jan 13 03:16:49 UTC 2019
------------------ testing $PTII/ptolemy/domains/de/test/auto/ResettableTimer5.xml
auto.tcl: Setting watchdog for 200 seconds at Sun Jan 13 03:16:49 UTC 2019
1 ms. Memory: 279552K Free: 265431K (95%)
ptolemy.util.test.WatchDog.cancel(): canceling Sun Jan 13 03:16:49 UTC 2019
auto.tcl: Setting watchdog for 200 seconds at Sun Jan 13 03:16:49 UTC 2019
2 ms. Memory: 279552K Free: 265431K (95%)
ptolemy.util.test.WatchDog.cancel(): canceling Sun Jan 13 03:16:49 UTC 2019
------------------ testing $PTII/ptolemy/domains/de/test/auto/ResettableTimer6.xml
auto.tcl: Setting watchdog for 200 seconds at Sun Jan 13 03:16:49 UTC 2019
2 ms. Memory: 278528K Free: 266312K (96%)
ptolemy.util.test.WatchDog.cancel(): canceling Sun Jan 13 03:16:49 UTC 2019
auto.tcl: Setting watchdog for 200 seconds at Sun Jan 13 03:16:49 UTC 2019
1 ms. Memory: 278528K Free: 266312K (96%)
ptolemy.util.test.WatchDog.cancel(): canceling Sun Jan 13 03:16:49 UTC 2019
------------------ testing $PTII/ptolemy/domains/de/test/auto/ServerZeroDelay.xml
auto.tcl: Setting watchdog for 200 seconds at Sun Jan 13 03:16:49 UTC 2019
5 ms. Memory: 279552K Free: 267423K (96%)
ptolemy.util.test.WatchDog.cancel(): canceling Sun Jan 13 03:16:49 UTC 2019
auto.tcl: Setting watchdog for 200 seconds at Sun Jan 13 03:16:49 UTC 2019
2 ms. Memory: 279552K Free: 267423K (96%)
ptolemy.util.test.WatchDog.cancel(): canceling Sun Jan 13 03:16:49 UTC 2019
------------------ testing $PTII/ptolemy/domains/de/test/auto/SmartSender.xml
auto.tcl: Setting watchdog for 200 seconds at Sun Jan 13 03:16:49 UTC 2019
3000 ms. Memory: 278528K Free: 266411K (96%)
ptolemy.util.test.WatchDog.cancel(): canceling Sun Jan 13 03:16:52 UTC 2019
auto.tcl: Setting watchdog for 200 seconds at Sun Jan 13 03:16:52 UTC 2019
3002 ms. Memory: 278528K Free: 266411K (96%)
ptolemy.util.test.WatchDog.cancel(): canceling Sun Jan 13 03:16:55 UTC 2019
------------------ testing $PTII/ptolemy/domains/de/test/auto/ThreadedComposite.xml
auto.tcl: Setting watchdog for 200 seconds at Sun Jan 13 03:16:55 UTC 2019
194 ms. Memory: 279552K Free: 245369K (88%)
ptolemy.util.test.WatchDog.cancel(): canceling Sun Jan 13 03:16:56 UTC 2019
auto.tcl: Setting watchdog for 200 seconds at Sun Jan 13 03:16:56 UTC 2019
107 ms. Memory: 279552K Free: 228108K (82%)
ptolemy.util.test.WatchDog.cancel(): canceling Sun Jan 13 03:16:56 UTC 2019
------------------ testing $PTII/ptolemy/domains/de/test/auto/Time.xml
auto.tcl: Setting watchdog for 200 seconds at Sun Jan 13 03:16:56 UTC 2019
476 ms. Memory: 278528K Free: 214769K (77%)
ptolemy.util.test.WatchDog.cancel(): canceling Sun Jan 13 03:16:56 UTC 2019
auto.tcl: Setting watchdog for 200 seconds at Sun Jan 13 03:16:56 UTC 2019
430 ms. Memory: 278528K Free: 163145K (59%)
ptolemy.util.test.WatchDog.cancel(): canceling Sun Jan 13 03:16:57 UTC 2019
------------------ testing $PTII/ptolemy/domains/de/test/auto/TimeDelayZeroDelay.xml
auto.tcl: Setting watchdog for 200 seconds at Sun Jan 13 03:16:57 UTC 2019
2 ms. Memory: 279040K Free: 267290K (96%)
ptolemy.util.test.WatchDog.cancel(): canceling Sun Jan 13 03:16:57 UTC 2019
auto.tcl: Setting watchdog for 200 seconds at Sun Jan 13 03:16:57 UTC 2019
2 ms. Memory: 279040K Free: 267290K (96%)
ptolemy.util.test.WatchDog.cancel(): canceling Sun Jan 13 03:16:57 UTC 2019
------------------ testing $PTII/ptolemy/domains/de/test/auto/TimerZeroDelay.xml
auto.tcl: Setting watchdog for 200 seconds at Sun Jan 13 03:16:57 UTC 2019
3 ms. Memory: 278528K Free: 266877K (96%)
ptolemy.util.test.WatchDog.cancel(): canceling Sun Jan 13 03:16:57 UTC 2019
auto.tcl: Setting watchdog for 200 seconds at Sun Jan 13 03:16:57 UTC 2019
2 ms. Memory: 278528K Free: 266877K (96%)
ptolemy.util.test.WatchDog.cancel(): canceling Sun Jan 13 03:16:57 UTC 2019
------------------ testing $PTII/ptolemy/domains/de/test/auto/TimingParadox.xml
auto.tcl: Setting watchdog for 200 seconds at Sun Jan 13 03:16:57 UTC 2019
330 ms. Memory: 279040K Free: 201724K (72%)
ptolemy.util.test.WatchDog.cancel(): canceling Sun Jan 13 03:16:57 UTC 2019
auto.tcl: Setting watchdog for 200 seconds at Sun Jan 13 03:16:57 UTC 2019
320 ms. Memory: 279040K Free: 167251K (60%)
ptolemy.util.test.WatchDog.cancel(): canceling Sun Jan 13 03:16:58 UTC 2019
------------------ testing $PTII/ptolemy/domains/de/test/auto/TransferInputs.xml
auto.tcl: Setting watchdog for 200 seconds at Sun Jan 13 03:16:58 UTC 2019
6 ms. Memory: 279040K Free: 266246K (95%)
ptolemy.util.test.WatchDog.cancel(): canceling Sun Jan 13 03:16:58 UTC 2019
auto.tcl: Setting watchdog for 200 seconds at Sun Jan 13 03:16:58 UTC 2019
2 ms. Memory: 279040K Free: 266246K (95%)
ptolemy.util.test.WatchDog.cancel(): canceling Sun Jan 13 03:16:58 UTC 2019
------------------ testing $PTII/ptolemy/domains/de/test/auto/TransferOutputs2.xml
auto.tcl: Setting watchdog for 200 seconds at Sun Jan 13 03:16:58 UTC 2019
2 ms. Memory: 278528K Free: 262360K (94%)
ptolemy.util.test.WatchDog.cancel(): canceling Sun Jan 13 03:16:58 UTC 2019
auto.tcl: Setting watchdog for 200 seconds at Sun Jan 13 03:16:58 UTC 2019
3 ms. Memory: 278528K Free: 259854K (93%)
ptolemy.util.test.WatchDog.cancel(): canceling Sun Jan 13 03:16:58 UTC 2019
------------------ testing $PTII/ptolemy/domains/de/test/auto/Trilateration.xml
auto.tcl: Setting watchdog for 200 seconds at Sun Jan 13 03:16:58 UTC 2019
12881 ms. Memory: 542720K Free: 146693K (27%)
ptolemy.util.test.WatchDog.cancel(): canceling Sun Jan 13 03:17:12 UTC 2019
auto.tcl: Setting watchdog for 200 seconds at Sun Jan 13 03:17:12 UTC 2019
10188 ms. Memory: 411136K Free: 239950K (58%)
ptolemy.util.test.WatchDog.cancel(): canceling Sun Jan 13 03:17:22 UTC 2019
------------------ testing $PTII/ptolemy/domains/de/test/auto/TwoSigmaDelta.xml
auto.tcl: Setting watchdog for 200 seconds at Sun Jan 13 03:17:22 UTC 2019
2480 ms. Memory: 414208K Free: 108058K (26%)
ptolemy.util.test.WatchDog.cancel(): canceling Sun Jan 13 03:17:25 UTC 2019
auto.tcl: Setting watchdog for 200 seconds at Sun Jan 13 03:17:25 UTC 2019
1949 ms. Memory: 396800K Free: 194517K (49%)
ptolemy.util.test.WatchDog.cancel(): canceling Sun Jan 13 03:17:27 UTC 2019
------------------ testing $PTII/ptolemy/domains/de/test/auto/VariableDelay.xml
auto.tcl: Setting watchdog for 200 seconds at Sun Jan 13 03:17:27 UTC 2019
3 ms. Memory: 396288K Free: 379687K (96%)
ptolemy.util.test.WatchDog.cancel(): canceling Sun Jan 13 03:17:27 UTC 2019
auto.tcl: Setting watchdog for 200 seconds at Sun Jan 13 03:17:27 UTC 2019
1 ms. Memory: 396288K Free: 379687K (96%)
ptolemy.util.test.WatchDog.cancel(): canceling Sun Jan 13 03:17:27 UTC 2019
------------------ testing $PTII/ptolemy/domains/de/test/auto/VariableDelay2.xml
auto.tcl: Setting watchdog for 200 seconds at Sun Jan 13 03:17:27 UTC 2019
2 ms. Memory: 396288K Free: 383245K (97%)
ptolemy.util.test.WatchDog.cancel(): canceling Sun Jan 13 03:17:27 UTC 2019
auto.tcl: Setting watchdog for 200 seconds at Sun Jan 13 03:17:27 UTC 2019
2 ms. Memory: 396288K Free: 383245K (97%)
ptolemy.util.test.WatchDog.cancel(): canceling Sun Jan 13 03:17:27 UTC 2019
------------------ testing $PTII/ptolemy/domains/de/test/auto/VariableDelayZeroDelay.xml
auto.tcl: Setting watchdog for 200 seconds at Sun Jan 13 03:17:27 UTC 2019
1 ms. Memory: 398336K Free: 382144K (96%)
ptolemy.util.test.WatchDog.cancel(): canceling Sun Jan 13 03:17:27 UTC 2019
auto.tcl: Setting watchdog for 200 seconds at Sun Jan 13 03:17:27 UTC 2019
2 ms. Memory: 398336K Free: 382144K (96%)
ptolemy.util.test.WatchDog.cancel(): canceling Sun Jan 13 03:17:27 UTC 2019
------------------ testing $PTII/ptolemy/domains/de/test/auto/VariableDelayZeroDelay2.xml
auto.tcl: Setting watchdog for 200 seconds at Sun Jan 13 03:17:27 UTC 2019
2 ms. Memory: 396288K Free: 380094K (96%)
ptolemy.util.test.WatchDog.cancel(): canceling Sun Jan 13 03:17:27 UTC 2019
auto.tcl: Setting watchdog for 200 seconds at Sun Jan 13 03:17:27 UTC 2019
2 ms. Memory: 396288K Free: 380094K (96%)
ptolemy.util.test.WatchDog.cancel(): canceling Sun Jan 13 03:17:27 UTC 2019
------------------ testing $PTII/ptolemy/domains/de/test/auto/deInCt.xml
auto.tcl: Setting watchdog for 200 seconds at Sun Jan 13 03:17:27 UTC 2019
0
1
1
0
0
0
1
1
1
1
0
0
0
1
1
1
0
0
0
1
1
1
0
0
0
1
1
1
1
0
0
0
1
1
1
0
0
0
0
7 ms. Memory: 398336K Free: 382134K (96%)
ptolemy.util.test.WatchDog.cancel(): canceling Sun Jan 13 03:17:27 UTC 2019
auto.tcl: Setting watchdog for 200 seconds at Sun Jan 13 03:17:27 UTC 2019
0
1
1
1
0
0
1
1
1
1
1
0
0
0
1
1
1
0
0
1
1
1
0
0
0
0
1
1
1
1
1
0
0
0
1
1
1
0
0
0
0
5 ms. Memory: 398336K Free: 377112K (95%)
ptolemy.util.test.WatchDog.cancel(): canceling Sun Jan 13 03:17:27 UTC 2019
------------------ testing $PTII/ptolemy/domains/de/test/auto/deInCt2.xml
auto.tcl: Setting watchdog for 200 seconds at Sun Jan 13 03:17:27 UTC 2019
0
1
1
1
0
0
1
1
1
0
0
1
1
1
0
0
1
1
1
0
0
1
1
1
0
0
1
1
1
0
0
1
1
1
0
0
1
1
1
0
0
0
12 ms. Memory: 396288K Free: 380086K (96%)
ptolemy.util.test.WatchDog.cancel(): canceling Sun Jan 13 03:17:27 UTC 2019
auto.tcl: Setting watchdog for 200 seconds at Sun Jan 13 03:17:27 UTC 2019
0
1
1
1
0
0
1
1
1
0
0
1
1
1
0
0
1
1
1
0
0
1
1
1
0
0
1
1
1
0
0
1
1
1
0
0
1
1
1
0
0
0
9 ms. Memory: 396288K Free: 375072K (95%)
ptolemy.util.test.WatchDog.cancel(): canceling Sun Jan 13 03:17:27 UTC 2019
------------------ testing $PTII/ptolemy/domains/de/test/auto/dynamicCausalityInterface1.xml
auto.tcl: Setting watchdog for 200 seconds at Sun Jan 13 03:17:27 UTC 2019
1 ms. Memory: 397824K Free: 379749K (95%)
ptolemy.util.test.WatchDog.cancel(): canceling Sun Jan 13 03:17:27 UTC 2019
auto.tcl: Setting watchdog for 200 seconds at Sun Jan 13 03:17:27 UTC 2019
1 ms. Memory: 397824K Free: 374736K (94%)
ptolemy.util.test.WatchDog.cancel(): canceling Sun Jan 13 03:17:27 UTC 2019
------------------ testing $PTII/ptolemy/domains/de/test/auto/fsm_de_test.xml
auto.tcl: Setting watchdog for 200 seconds at Sun Jan 13 03:17:27 UTC 2019
5 ms. Memory: 396288K Free: 374960K (95%)
ptolemy.util.test.WatchDog.cancel(): canceling Sun Jan 13 03:17:27 UTC 2019
auto.tcl: Setting watchdog for 200 seconds at Sun Jan 13 03:17:27 UTC 2019
4 ms. Memory: 396288K Free: 374960K (95%)
ptolemy.util.test.WatchDog.cancel(): canceling Sun Jan 13 03:17:27 UTC 2019
------------------ testing $PTII/ptolemy/domains/de/test/auto/functionDependencyReconstruction.xml
auto.tcl: Setting watchdog for 200 seconds at Sun Jan 13 03:17:27 UTC 2019
2 ms. Memory: 397824K Free: 366435K (92%)
ptolemy.util.test.WatchDog.cancel(): canceling Sun Jan 13 03:17:27 UTC 2019
auto.tcl: Setting watchdog for 200 seconds at Sun Jan 13 03:17:27 UTC 2019
2 ms. Memory: 397824K Free: 366435K (92%)
ptolemy.util.test.WatchDog.cancel(): canceling Sun Jan 13 03:17:27 UTC 2019
------------------ testing $PTII/ptolemy/domains/de/test/auto/multirate.xml
auto.tcl: Setting watchdog for 200 seconds at Sun Jan 13 03:17:27 UTC 2019
3 ms. Memory: 396288K Free: 374819K (95%)
ptolemy.util.test.WatchDog.cancel(): canceling Sun Jan 13 03:17:27 UTC 2019
auto.tcl: Setting watchdog for 200 seconds at Sun Jan 13 03:17:27 UTC 2019
2 ms. Memory: 396288K Free: 374814K (95%)
ptolemy.util.test.WatchDog.cancel(): canceling Sun Jan 13 03:17:27 UTC 2019
------------------ testing $PTII/ptolemy/domains/de/test/auto/multirate2.xml
auto.tcl: Setting watchdog for 200 seconds at Sun Jan 13 03:17:27 UTC 2019
6 ms. Memory: 397312K Free: 376031K (95%)
ptolemy.util.test.WatchDog.cancel(): canceling Sun Jan 13 03:17:27 UTC 2019
auto.tcl: Setting watchdog for 200 seconds at Sun Jan 13 03:17:27 UTC 2019
2 ms. Memory: 397312K Free: 376031K (95%)
ptolemy.util.test.WatchDog.cancel(): canceling Sun Jan 13 03:17:27 UTC 2019
------------------ testing $PTII/ptolemy/domains/de/test/auto/realtime.xml
auto.tcl: Setting watchdog for 200 seconds at Sun Jan 13 03:17:27 UTC 2019
10002 ms. Memory: 396288K Free: 380030K (96%)
ptolemy.util.test.WatchDog.cancel(): canceling Sun Jan 13 03:17:37 UTC 2019
auto.tcl: Setting watchdog for 200 seconds at Sun Jan 13 03:17:37 UTC 2019
10002 ms. Memory: 396288K Free: 380030K (96%)
ptolemy.util.test.WatchDog.cancel(): canceling Sun Jan 13 03:17:47 UTC 2019
------------------ testing $PTII/ptolemy/domains/de/test/auto/relationGroup.xml
auto.tcl: Setting watchdog for 200 seconds at Sun Jan 13 03:17:48 UTC 2019
2 ms. Memory: 397312K Free: 384234K (97%)
ptolemy.util.test.WatchDog.cancel(): canceling Sun Jan 13 03:17:48 UTC 2019
auto.tcl: Setting watchdog for 200 seconds at Sun Jan 13 03:17:48 UTC 2019
1 ms. Memory: 397312K Free: 384234K (97%)
ptolemy.util.test.WatchDog.cancel(): canceling Sun Jan 13 03:17:48 UTC 2019
------------------ testing $PTII/ptolemy/domains/de/test/auto/relationGroup2.xml
auto.tcl: Setting watchdog for 200 seconds at Sun Jan 13 03:17:48 UTC 2019
1 ms. Memory: 396288K Free: 380087K (96%)
ptolemy.util.test.WatchDog.cancel(): canceling Sun Jan 13 03:17:48 UTC 2019
auto.tcl: Setting watchdog for 200 seconds at Sun Jan 13 03:17:48 UTC 2019
2 ms. Memory: 396288K Free: 380087K (96%)
ptolemy.util.test.WatchDog.cancel(): canceling Sun Jan 13 03:17:48 UTC 2019
------------------ testing $PTII/ptolemy/domains/de/test/auto/sortWithOpaquePorts.xml
auto.tcl: Setting watchdog for 200 seconds at Sun Jan 13 03:17:48 UTC 2019
2 ms. Memory: 397312K Free: 381112K (96%)
ptolemy.util.test.WatchDog.cancel(): canceling Sun Jan 13 03:17:48 UTC 2019
auto.tcl: Setting watchdog for 200 seconds at Sun Jan 13 03:17:48 UTC 2019
1 ms. Memory: 397312K Free: 381112K (96%)
ptolemy.util.test.WatchDog.cancel(): canceling Sun Jan 13 03:17:48 UTC 2019
------------------ testing $PTII/ptolemy/domains/de/test/auto/transferInputsandOutputs.xml
auto.tcl: Setting watchdog for 200 seconds at Sun Jan 13 03:17:48 UTC 2019
1 ms. Memory: 396288K Free: 375062K (95%)
ptolemy.util.test.WatchDog.cancel(): canceling Sun Jan 13 03:17:48 UTC 2019
auto.tcl: Setting watchdog for 200 seconds at Sun Jan 13 03:17:48 UTC 2019
2 ms. Memory: 396288K Free: 375062K (95%)
ptolemy.util.test.WatchDog.cancel(): canceling Sun Jan 13 03:17:48 UTC 2019
------------------ testing $PTII/ptolemy/domains/de/test/auto/triggerType.xml
auto.tcl: Setting watchdog for 200 seconds at Sun Jan 13 03:17:48 UTC 2019
2 ms. Memory: 396800K Free: 380539K (96%)
ptolemy.util.test.WatchDog.cancel(): canceling Sun Jan 13 03:17:48 UTC 2019
auto.tcl: Setting watchdog for 200 seconds at Sun Jan 13 03:17:48 UTC 2019
1 ms. Memory: 396800K Free: 380539K (96%)
ptolemy.util.test.WatchDog.cancel(): canceling Sun Jan 13 03:17:48 UTC 2019
01/13/19 03:17:48
Failed: 0  Total Tests: 192  ((Passed: 187, Newly Passed: 1)  Known Failed: 5) /home/travis/build/icyphy/ptII/ptolemy/domains/de/test
01/13/19 03:17:48
Failed: 0  Total Tests: 192  ((Passed: 187, Newly Passed: 1)  Known Failed: 5) /home/travis/build/icyphy/ptII/ptolemy/domains/de/test
----------------- testing (KnownFailure) /home/travis/build/icyphy/ptII/ptolemy/domains/de/test/auto/knownFailedTests/DESDFClockTest.xml
2015 ms. Memory: 396288K Free: 367464K (93%)
Known Failure: java.lang.reflect.InvocationTargetException
----------------- testing (KnownFailure) /home/travis/build/icyphy/ptII/ptolemy/domains/de/test/auto/knownFailedTests/DirectFeedback.xml
1 ms. Memory: 396288K Free: 342274K (86%)
Known Failure: java.lang.reflect.InvocationTargetException
----------------- testing (KnownFailure) /home/travis/build/icyphy/ptII/ptolemy/domains/de/test/auto/knownFailedTests/FSMSource.xml
11 ms. Memory: 396288K Free: 317083K (80%)
----------------- testing (KnownFailure) /home/travis/build/icyphy/ptII/ptolemy/domains/de/test/auto/knownFailedTests/HierarchicalModel.xml
3 ms. Memory: 396288K Free: 291876K (74%)
Known Failure: java.lang.reflect.InvocationTargetException
----------------- testing (KnownFailure) /home/travis/build/icyphy/ptII/ptolemy/domains/de/test/auto/knownFailedTests/dependencyLoop.xml
1 ms. Memory: 396288K Free: 254090K (64%)
Known Failure: java.lang.reflect.InvocationTargetException
----------------- testing (KnownFailure) /home/travis/build/icyphy/ptII/ptolemy/domains/de/test/auto/knownFailedTests/dependencyLoop2.xml
2 ms. Memory: 396288K Free: 216288K (55%)
Known Failure: java.lang.reflect.InvocationTargetException
No auto/linux-amd64/*.xml tests in /home/travis/build/icyphy/ptII/ptolemy/domains/de/test
AutoTests.java: About to close Vertx.
AutoTests.java: Vertx closed.

===========================================================================================
----------------- testing Sun Jan 13 03:17:50 UTC 2019 /home/travis/build/icyphy/ptII/ptolemy/domains/de/test/auto/ActorDepthCalculation_actorWithoutPorts.xml
----------------- Instantiating /home/travis/build/icyphy/ptII/ptolemy/domains/de/test/auto/ActorDepthCalculation_actorWithoutPorts.xml
2 ms. Memory: 396288K Free: 184800K (47%)
----------------- Invoking toplevel() on ptolemy.moml.MoMLSimpleApplication@7669e81e
----------------- Done invoking toplevel() on ptolemy.moml.MoMLSimpleApplication@7669e81e
reloadAllAccessors: .ActorDepthCalculation_actorWithoutPorts

===========================================================================================
----------------- testing Sun Jan 13 03:17:50 UTC 2019 /home/travis/build/icyphy/ptII/ptolemy/domains/de/test/auto/AssemblyLine.xml
----------------- Instantiating /home/travis/build/icyphy/ptII/ptolemy/domains/de/test/auto/AssemblyLine.xml
2 ms. Memory: 396288K Free: 165907K (42%)
----------------- Invoking toplevel() on ptolemy.moml.MoMLSimpleApplication@3856730c
----------------- Done invoking toplevel() on ptolemy.moml.MoMLSimpleApplication@3856730c
reloadAllAccessors: .AssemblyLine

===========================================================================================
----------------- testing Sun Jan 13 03:17:50 UTC 2019 /home/travis/build/icyphy/ptII/ptolemy/domains/de/test/auto/CQBug1.xml
----------------- Instantiating /home/travis/build/icyphy/ptII/ptolemy/domains/de/test/auto/CQBug1.xml
1 ms. Memory: 396288K Free: 153312K (39%)
----------------- Invoking toplevel() on ptolemy.moml.MoMLSimpleApplication@c10bf18
----------------- Done invoking toplevel() on ptolemy.moml.MoMLSimpleApplication@c10bf18
reloadAllAccessors: .CQBug1

===========================================================================================
----------------- testing Sun Jan 13 03:17:50 UTC 2019 /home/travis/build/icyphy/ptII/ptolemy/domains/de/test/auto/CancelFireAt.xml
----------------- Instantiating /home/travis/build/icyphy/ptII/ptolemy/domains/de/test/auto/CancelFireAt.xml
1 ms. Memory: 396288K Free: 140717K (36%)
----------------- Invoking toplevel() on ptolemy.moml.MoMLSimpleApplication@33501f36
----------------- Done invoking toplevel() on ptolemy.moml.MoMLSimpleApplication@33501f36
reloadAllAccessors: .CancelFireAt

===========================================================================================
----------------- testing Sun Jan 13 03:17:50 UTC 2019 /home/travis/build/icyphy/ptII/ptolemy/domains/de/test/auto/CausalityAndComposabilityAnalysis.xml
----------------- Instantiating /home/travis/build/icyphy/ptII/ptolemy/domains/de/test/auto/CausalityAndComposabilityAnalysis.xml
2 ms. Memory: 396288K Free: 128121K (32%)
----------------- Invoking toplevel() on ptolemy.moml.MoMLSimpleApplication@547c6a25
----------------- Done invoking toplevel() on ptolemy.moml.MoMLSimpleApplication@547c6a25
reloadAllAccessors: .CausalityAndComposabilityAnalysis

===========================================================================================
----------------- testing Sun Jan 13 03:17:50 UTC 2019 /home/travis/build/icyphy/ptII/ptolemy/domains/de/test/auto/CausalityInterface1.xml
----------------- Instantiating /home/travis/build/icyphy/ptII/ptolemy/domains/de/test/auto/CausalityInterface1.xml
3 ms. Memory: 396288K Free: 115526K (29%)
----------------- Invoking toplevel() on ptolemy.moml.MoMLSimpleApplication@5811e32f
----------------- Done invoking toplevel() on ptolemy.moml.MoMLSimpleApplication@5811e32f
reloadAllAccessors: .CausalityInterface1

===========================================================================================
----------------- testing Sun Jan 13 03:17:50 UTC 2019 /home/travis/build/icyphy/ptII/ptolemy/domains/de/test/auto/CausalityInterface15.xml
----------------- Instantiating /home/travis/build/icyphy/ptII/ptolemy/domains/de/test/auto/CausalityInterface15.xml
1 ms. Memory: 396288K Free: 102931K (26%)
----------------- Invoking toplevel() on ptolemy.moml.MoMLSimpleApplication@5c23ff75
----------------- Done invoking toplevel() on ptolemy.moml.MoMLSimpleApplication@5c23ff75
reloadAllAccessors: .CausalityInterface15

[...]
java.lang.RuntimeException: Execution failed
	at ptolemy.moml.MoMLSimpleApplication$UnloadThread.run(MoMLSimpleApplication.java:402)
Caused by: ptolemy.kernel.util.IllegalActionException: Test fails in iteration 1.
Value was: 1.0. Should have been: 2.0
  in .DirectFeedback.Test
	at ptolemy.actor.lib.Test.fire(Test.java:268)
	at ptolemy.domains.de.kernel.DEDirector._fire(DEDirector.java:1949)
	at ptolemy.domains.de.kernel.DEDirector.fire(DEDirector.java:502)
	at ptolemy.actor.CompositeActor.fire(CompositeActor.java:455)
	at ptolemy.actor.Manager.iterate(Manager.java:851)
	at ptolemy.actor.Manager.execute(Manager.java:369)
	at ptolemy.actor.Manager.run(Manager.java:1263)
	at ptolemy.actor.Manager$PtolemyRunThread.run(Manager.java:1915)
java.lang.RuntimeException: Execution failed
	at ptolemy.moml.MoMLSimpleApplication$UnloadThread.run(MoMLSimpleApplication.java:402)
Caused by: ptolemy.kernel.util.IllegalActionException: Actor is not ready to fire.  Perhaps UpSample.prefire() returned false? Try debugging the actor by selecting "Listen to Actor".  Also, for SDF check moml for tokenConsumptionRate on input.
  in .DESDFClockTest.Play Bell.Copy1:SDF Director and .DESDFClockTest.Play Bell.UpSample
	at ptolemy.actor.sched.StaticSchedulingDirector.fire(StaticSchedulingDirector.java:227)
	at ptolemy.domains.sdf.kernel.SDFDirector.fire(SDFDirector.java:500)
	at ptolemy.actor.CompositeActor.fire(CompositeActor.java:455)
	at ptolemy.domains.de.kernel.DEDirector._fire(DEDirector.java:1949)
	at ptolemy.domains.de.kernel.DEDirector.fire(DEDirector.java:502)
	at ptolemy.actor.CompositeActor.fire(CompositeActor.java:455)
	at ptolemy.actor.Manager.iterate(Manager.java:851)
	at ptolemy.actor.Manager.execute(Manager.java:369)
	at ptolemy.actor.Manager.run(Manager.java:1263)
	at ptolemy.actor.Manager$PtolemyRunThread.run(Manager.java:1915)
java.lang.reflect.InvocationTargetException
	at sun.reflect.NativeConstructorAccessorImpl.newInstance0(Native Method)
	at sun.reflect.NativeConstructorAccessorImpl.newInstance(NativeConstructorAccessorImpl.java:62)
	at sun.reflect.DelegatingConstructorAccessorImpl.newInstance(DelegatingConstructorAccessorImpl.java:45)
	at java.lang.reflect.Constructor.newInstance(Constructor.java:423)
	at ptolemy.util.test.junit.AutoKnownFailedTests.RunModel(AutoKnownFailedTests.java:105)
	at sun.reflect.NativeMethodAccessorImpl.invoke0(Native Method)
	at sun.reflect.NativeMethodAccessorImpl.invoke(NativeMethodAccessorImpl.java:62)
	at sun.reflect.DelegatingMethodAccessorImpl.invoke(DelegatingMethodAccessorImpl.java:43)
	at java.lang.reflect.Method.invoke(Method.java:498)
	at org.junit.runners.model.FrameworkMethod$1.runReflectiveCall(FrameworkMethod.java:44)
	at org.junit.internal.runners.model.ReflectiveCallable.run(ReflectiveCallable.java:15)
	at org.junit.runners.model.FrameworkMethod.invokeExplosively(FrameworkMethod.java:41)
	at junitparams.internal.InvokeParameterisedMethod.evaluate(InvokeParameterisedMethod.java:102)
	at org.junit.internal.runners.statements.FailOnTimeout$1.run(FailOnTimeout.java:28)
Caused by: ptolemy.kernel.util.IllegalActionException: Actor is not ready to fire.  Perhaps UpSample.prefire() returned false? Try debugging the actor by selecting "Listen to Actor".  Also, for SDF check moml for tokenConsumptionRate on input.
  in .DESDFClockTest.Play Bell.Copy1:SDF Director and .DESDFClockTest.Play Bell.UpSample
	at ptolemy.actor.sched.StaticSchedulingDirector.fire(StaticSchedulingDirector.java:227)
	at ptolemy.domains.sdf.kernel.SDFDirector.fire(SDFDirector.java:500)
	at ptolemy.actor.CompositeActor.fire(CompositeActor.java:455)
	at ptolemy.domains.de.kernel.DEDirector._fire(DEDirector.java:1949)
	at ptolemy.domains.de.kernel.DEDirector.fire(DEDirector.java:502)
	at ptolemy.actor.CompositeActor.fire(CompositeActor.java:455)
	at ptolemy.actor.Manager.iterate(Manager.java:851)
	at ptolemy.actor.Manager.execute(Manager.java:369)
	at ptolemy.actor.Manager.run(Manager.java:1263)
	at ptolemy.actor.Manager$PtolemyRunThread.run(Manager.java:1915)
java.lang.RuntimeException: Execution failed
	at ptolemy.moml.MoMLSimpleApplication$UnloadThread.run(MoMLSimpleApplication.java:402)
Caused by: ptolemy.kernel.util.IllegalActionException: Test fails in iteration 1.
Value was: 1.0. Should have been: 2.0
  in .DirectFeedback.Test
	at ptolemy.actor.lib.Test.fire(Test.java:268)
	at ptolemy.domains.de.kernel.DEDirector._fire(DEDirector.java:1949)
	at ptolemy.domains.de.kernel.DEDirector.fire(DEDirector.java:502)
	at ptolemy.actor.CompositeActor.fire(CompositeActor.java:455)
	at ptolemy.actor.Manager.iterate(Manager.java:851)
	at ptolemy.actor.Manager.execute(Manager.java:369)
	at ptolemy.actor.Manager.run(Manager.java:1263)
	at ptolemy.actor.Manager$PtolemyRunThread.run(Manager.java:1915)
java.lang.reflect.InvocationTargetException
	at sun.reflect.NativeConstructorAccessorImpl.newInstance0(Native Method)
	at sun.reflect.NativeConstructorAccessorImpl.newInstance(NativeConstructorAccessorImpl.java:62)
	at sun.reflect.DelegatingConstructorAccessorImpl.newInstance(DelegatingConstructorAccessorImpl.java:45)
	at java.lang.reflect.Constructor.newInstance(Constructor.java:423)
	at ptolemy.util.test.junit.AutoKnownFailedTests.RunModel(AutoKnownFailedTests.java:105)
	at sun.reflect.NativeMethodAccessorImpl.invoke0(Native Method)
	at sun.reflect.NativeMethodAccessorImpl.invoke(NativeMethodAccessorImpl.java:62)
	at sun.reflect.DelegatingMethodAccessorImpl.invoke(DelegatingMethodAccessorImpl.java:43)
	at java.lang.reflect.Method.invoke(Method.java:498)
	at org.junit.runners.model.FrameworkMethod$1.runReflectiveCall(FrameworkMethod.java:44)
	at org.junit.internal.runners.model.ReflectiveCallable.run(ReflectiveCallable.java:15)
	at org.junit.runners.model.FrameworkMethod.invokeExplosively(FrameworkMethod.java:41)
	at junitparams.internal.InvokeParameterisedMethod.evaluate(InvokeParameterisedMethod.java:102)
	at org.junit.internal.runners.statements.FailOnTimeout$1.run(FailOnTimeout.java:28)
Caused by: ptolemy.kernel.util.IllegalActionException: Test fails in iteration 1.
Value was: 1.0. Should have been: 2.0
  in .DirectFeedback.Test
	at ptolemy.actor.lib.Test.fire(Test.java:268)
	at ptolemy.domains.de.kernel.DEDirector._fire(DEDirector.java:1949)
	at ptolemy.domains.de.kernel.DEDirector.fire(DEDirector.java:502)
	at ptolemy.actor.CompositeActor.fire(CompositeActor.java:455)
	at ptolemy.actor.Manager.iterate(Manager.java:851)
	at ptolemy.actor.Manager.execute(Manager.java:369)
	at ptolemy.actor.Manager.run(Manager.java:1263)
	at ptolemy.actor.Manager$PtolemyRunThread.run(Manager.java:1915)
java.lang.RuntimeException: Execution failed
	at ptolemy.moml.MoMLSimpleApplication$UnloadThread.run(MoMLSimpleApplication.java:402)
Caused by: ptolemy.kernel.util.IllegalActionException: Found a zero delay loop containing .HierarchicalModel.A
  in .HierarchicalModel and .HierarchicalModel.A
	at ptolemy.actor.util.CausalityInterfaceForComposites._computeOutputPortDepth(CausalityInterfaceForComposites.java:759)
	at ptolemy.actor.util.CausalityInterfaceForComposites._computeInputDepth(CausalityInterfaceForComposites.java:696)
	at ptolemy.actor.util.CausalityInterfaceForComposites._computeOutputPortDepth(CausalityInterfaceForComposites.java:765)
	at ptolemy.actor.util.CausalityInterfaceForComposites._computeInputDepth(CausalityInterfaceForComposites.java:696)
	at ptolemy.actor.util.CausalityInterfaceForComposites._computeOutputPortDepth(CausalityInterfaceForComposites.java:765)
	at ptolemy.actor.util.CausalityInterfaceForComposites._computeInputDepth(CausalityInterfaceForComposites.java:696)
	at ptolemy.actor.util.CausalityInterfaceForComposites._computeActorDepth(CausalityInterfaceForComposites.java:532)
	at ptolemy.actor.util.CausalityInterfaceForComposites.checkForCycles(CausalityInterfaceForComposites.java:96)
	at ptolemy.domains.de.kernel.DEDirector.preinitialize(DEDirector.java:1338)
	at ptolemy.actor.CompositeActor.preinitialize(CompositeActor.java:1828)
	at ptolemy.actor.Manager.preinitializeAndResolveTypes(Manager.java:1040)
	at ptolemy.actor.Manager.initialize(Manager.java:710)
	at ptolemy.actor.Manager.execute(Manager.java:356)
	at ptolemy.actor.Manager.run(Manager.java:1263)
	at ptolemy.actor.Manager$PtolemyRunThread.run(Manager.java:1915)
java.lang.reflect.InvocationTargetException
	at sun.reflect.NativeConstructorAccessorImpl.newInstance0(Native Method)
	at sun.reflect.NativeConstructorAccessorImpl.newInstance(NativeConstructorAccessorImpl.java:62)
	at sun.reflect.DelegatingConstructorAccessorImpl.newInstance(DelegatingConstructorAccessorImpl.java:45)
	at java.lang.reflect.Constructor.newInstance(Constructor.java:423)
	at ptolemy.util.test.junit.AutoKnownFailedTests.RunModel(AutoKnownFailedTests.java:105)
	at sun.reflect.NativeMethodAccessorImpl.invoke0(Native Method)
	at sun.reflect.NativeMethodAccessorImpl.invoke(NativeMethodAccessorImpl.java:62)
	at sun.reflect.DelegatingMethodAccessorImpl.invoke(DelegatingMethodAccessorImpl.java:43)
	at java.lang.reflect.Method.invoke(Method.java:498)
	at org.junit.runners.model.FrameworkMethod$1.runReflectiveCall(FrameworkMethod.java:44)
	at org.junit.internal.runners.model.ReflectiveCallable.run(ReflectiveCallable.java:15)
	at org.junit.runners.model.FrameworkMethod.invokeExplosively(FrameworkMethod.java:41)
	at junitparams.internal.InvokeParameterisedMethod.evaluate(InvokeParameterisedMethod.java:102)
	at org.junit.internal.runners.statements.FailOnTimeout$1.run(FailOnTimeout.java:28)
Caused by: ptolemy.kernel.util.IllegalActionException: Found a zero delay loop containing .HierarchicalModel.A
  in .HierarchicalModel and .HierarchicalModel.A
	at ptolemy.actor.util.CausalityInterfaceForComposites._computeOutputPortDepth(CausalityInterfaceForComposites.java:759)
	at ptolemy.actor.util.CausalityInterfaceForComposites._computeInputDepth(CausalityInterfaceForComposites.java:696)
	at ptolemy.actor.util.CausalityInterfaceForComposites._computeOutputPortDepth(CausalityInterfaceForComposites.java:765)
	at ptolemy.actor.util.CausalityInterfaceForComposites._computeInputDepth(CausalityInterfaceForComposites.java:696)
	at ptolemy.actor.util.CausalityInterfaceForComposites._computeOutputPortDepth(CausalityInterfaceForComposites.java:765)
	at ptolemy.actor.util.CausalityInterfaceForComposites._computeInputDepth(CausalityInterfaceForComposites.java:696)
	at ptolemy.actor.util.CausalityInterfaceForComposites._computeActorDepth(CausalityInterfaceForComposites.java:532)
	at ptolemy.actor.util.CausalityInterfaceForComposites.checkForCycles(CausalityInterfaceForComposites.java:96)
	at ptolemy.domains.de.kernel.DEDirector.preinitialize(DEDirector.java:1338)
	at ptolemy.actor.CompositeActor.preinitialize(CompositeActor.java:1828)
	at ptolemy.actor.Manager.preinitializeAndResolveTypes(Manager.java:1040)
	at ptolemy.actor.Manager.initialize(Manager.java:710)
	at ptolemy.actor.Manager.execute(Manager.java:356)
	at ptolemy.actor.Manager.run(Manager.java:1263)
	at ptolemy.actor.Manager$PtolemyRunThread.run(Manager.java:1915)
java.lang.RuntimeException: Execution failed
	at ptolemy.moml.MoMLSimpleApplication$UnloadThread.run(MoMLSimpleApplication.java:402)
Caused by: ptolemy.kernel.util.IllegalActionException: Found a zero delay loop containing .dependencyLoop.original
  in .dependencyLoop and .dependencyLoop.original
	at ptolemy.actor.util.CausalityInterfaceForComposites._computeOutputPortDepth(CausalityInterfaceForComposites.java:759)
	at ptolemy.actor.util.CausalityInterfaceForComposites._computeInputDepth(CausalityInterfaceForComposites.java:696)
	at ptolemy.actor.util.CausalityInterfaceForComposites._computeOutputPortDepth(CausalityInterfaceForComposites.java:765)
	at ptolemy.actor.util.CausalityInterfaceForComposites._computeInputDepth(CausalityInterfaceForComposites.java:696)
	at ptolemy.actor.util.CausalityInterfaceForComposites._computeOutputPortDepth(CausalityInterfaceForComposites.java:765)
	at ptolemy.actor.util.CausalityInterfaceForComposites._computeInputDepth(CausalityInterfaceForComposites.java:696)
	at ptolemy.actor.util.CausalityInterfaceForComposites._computeActorDepth(CausalityInterfaceForComposites.java:532)
	at ptolemy.actor.util.CausalityInterfaceForComposites.checkForCycles(CausalityInterfaceForComposites.java:96)
	at ptolemy.domains.de.kernel.DEDirector.preinitialize(DEDirector.java:1338)
	at ptolemy.actor.CompositeActor.preinitialize(CompositeActor.java:1828)
	at ptolemy.actor.Manager.preinitializeAndResolveTypes(Manager.java:1040)
	at ptolemy.actor.Manager.initialize(Manager.java:710)
	at ptolemy.actor.Manager.execute(Manager.java:356)
	at ptolemy.actor.Manager.run(Manager.java:1263)
	at ptolemy.actor.Manager$PtolemyRunThread.run(Manager.java:1915)
java.lang.reflect.InvocationTargetException
	at sun.reflect.NativeConstructorAccessorImpl.newInstance0(Native Method)
	at sun.reflect.NativeConstructorAccessorImpl.newInstance(NativeConstructorAccessorImpl.java:62)
	at sun.reflect.DelegatingConstructorAccessorImpl.newInstance(DelegatingConstructorAccessorImpl.java:45)
	at java.lang.reflect.Constructor.newInstance(Constructor.java:423)
	at ptolemy.util.test.junit.AutoKnownFailedTests.RunModel(AutoKnownFailedTests.java:105)
	at sun.reflect.NativeMethodAccessorImpl.invoke0(Native Method)
	at sun.reflect.NativeMethodAccessorImpl.invoke(NativeMethodAccessorImpl.java:62)
	at sun.reflect.DelegatingMethodAccessorImpl.invoke(DelegatingMethodAccessorImpl.java:43)
	at java.lang.reflect.Method.invoke(Method.java:498)
	at org.junit.runners.model.FrameworkMethod$1.runReflectiveCall(FrameworkMethod.java:44)
	at org.junit.internal.runners.model.ReflectiveCallable.run(ReflectiveCallable.java:15)
	at org.junit.runners.model.FrameworkMethod.invokeExplosively(FrameworkMethod.java:41)
	at junitparams.internal.InvokeParameterisedMethod.evaluate(InvokeParameterisedMethod.java:102)
	at org.junit.internal.runners.statements.FailOnTimeout$1.run(FailOnTimeout.java:28)
Caused by: ptolemy.kernel.util.IllegalActionException: Found a zero delay loop containing .dependencyLoop.original
  in .dependencyLoop and .dependencyLoop.original
	at ptolemy.actor.util.CausalityInterfaceForComposites._computeOutputPortDepth(CausalityInterfaceForComposites.java:759)
	at ptolemy.actor.util.CausalityInterfaceForComposites._computeInputDepth(CausalityInterfaceForComposites.java:696)
	at ptolemy.actor.util.CausalityInterfaceForComposites._computeOutputPortDepth(CausalityInterfaceForComposites.java:765)
	at ptolemy.actor.util.CausalityInterfaceForComposites._computeInputDepth(CausalityInterfaceForComposites.java:696)
	at ptolemy.actor.util.CausalityInterfaceForComposites._computeOutputPortDepth(CausalityInterfaceForComposites.java:765)
	at ptolemy.actor.util.CausalityInterfaceForComposites._computeInputDepth(CausalityInterfaceForComposites.java:696)
	at ptolemy.actor.util.CausalityInterfaceForComposites._computeActorDepth(CausalityInterfaceForComposites.java:532)
	at ptolemy.actor.util.CausalityInterfaceForComposites.checkForCycles(CausalityInterfaceForComposites.java:96)
	at ptolemy.domains.de.kernel.DEDirector.preinitialize(DEDirector.java:1338)
	at ptolemy.actor.CompositeActor.preinitialize(CompositeActor.java:1828)
	at ptolemy.actor.Manager.preinitializeAndResolveTypes(Manager.java:1040)
	at ptolemy.actor.Manager.initialize(Manager.java:710)
	at ptolemy.actor.Manager.execute(Manager.java:356)
	at ptolemy.actor.Manager.run(Manager.java:1263)
	at ptolemy.actor.Manager$PtolemyRunThread.run(Manager.java:1915)
java.lang.RuntimeException: Execution failed
	at ptolemy.moml.MoMLSimpleApplication$UnloadThread.run(MoMLSimpleApplication.java:402)
Caused by: ptolemy.kernel.util.IllegalActionException: Found a zero delay loop containing .dependencyLoop2.original
  in .dependencyLoop2 and .dependencyLoop2.original
	at ptolemy.actor.util.CausalityInterfaceForComposites._computeOutputPortDepth(CausalityInterfaceForComposites.java:759)
	at ptolemy.actor.util.CausalityInterfaceForComposites._computeInputDepth(CausalityInterfaceForComposites.java:696)
	at ptolemy.actor.util.CausalityInterfaceForComposites._computeOutputPortDepth(CausalityInterfaceForComposites.java:765)
	at ptolemy.actor.util.CausalityInterfaceForComposites._computeInputDepth(CausalityInterfaceForComposites.java:696)
	at ptolemy.actor.util.CausalityInterfaceForComposites._computeOutputPortDepth(CausalityInterfaceForComposites.java:765)
	at ptolemy.actor.util.CausalityInterfaceForComposites._computeInputDepth(CausalityInterfaceForComposites.java:696)
	at ptolemy.actor.util.CausalityInterfaceForComposites._computeActorDepth(CausalityInterfaceForComposites.java:532)
	at ptolemy.actor.util.CausalityInterfaceForComposites.checkForCycles(CausalityInterfaceForComposites.java:96)
	at ptolemy.domains.de.kernel.DEDirector.preinitialize(DEDirector.java:1338)
	at ptolemy.actor.CompositeActor.preinitialize(CompositeActor.java:1828)
	at ptolemy.actor.Manager.preinitializeAndResolveTypes(Manager.java:1040)
	at ptolemy.actor.Manager.initialize(Manager.java:710)
	at ptolemy.actor.Manager.execute(Manager.java:356)
	at ptolemy.actor.Manager.run(Manager.java:1263)
	at ptolemy.actor.Manager$PtolemyRunThread.run(Manager.java:1915)
java.lang.reflect.InvocationTargetException
	at sun.reflect.NativeConstructorAccessorImpl.newInstance0(Native Method)
	at sun.reflect.NativeConstructorAccessorImpl.newInstance(NativeConstructorAccessorImpl.java:62)
	at sun.reflect.DelegatingConstructorAccessorImpl.newInstance(DelegatingConstructorAccessorImpl.java:45)
	at java.lang.reflect.Constructor.newInstance(Constructor.java:423)
	at ptolemy.util.test.junit.AutoKnownFailedTests.RunModel(AutoKnownFailedTests.java:105)
	at sun.reflect.NativeMethodAccessorImpl.invoke0(Native Method)
	at sun.reflect.NativeMethodAccessorImpl.invoke(NativeMethodAccessorImpl.java:62)
	at sun.reflect.DelegatingMethodAccessorImpl.invoke(DelegatingMethodAccessorImpl.java:43)
	at java.lang.reflect.Method.invoke(Method.java:498)
	at org.junit.runners.model.FrameworkMethod$1.runReflectiveCall(FrameworkMethod.java:44)
	at org.junit.internal.runners.model.ReflectiveCallable.run(ReflectiveCallable.java:15)
	at org.junit.runners.model.FrameworkMethod.invokeExplosively(FrameworkMethod.java:41)
	at junitparams.internal.InvokeParameterisedMethod.evaluate(InvokeParameterisedMethod.java:102)
	at org.junit.internal.runners.statements.FailOnTimeout$1.run(FailOnTimeout.java:28)
Caused by: ptolemy.kernel.util.IllegalActionException: Found a zero delay loop containing .dependencyLoop2.original
  in .dependencyLoop2 and .dependencyLoop2.original
	at ptolemy.actor.util.CausalityInterfaceForComposites._computeOutputPortDepth(CausalityInterfaceForComposites.java:759)
	at ptolemy.actor.util.CausalityInterfaceForComposites._computeInputDepth(CausalityInterfaceForComposites.java:696)
	at ptolemy.actor.util.CausalityInterfaceForComposites._computeOutputPortDepth(CausalityInterfaceForComposites.java:765)
	at ptolemy.actor.util.CausalityInterfaceForComposites._computeInputDepth(CausalityInterfaceForComposites.java:696)
	at ptolemy.actor.util.CausalityInterfaceForComposites._computeOutputPortDepth(CausalityInterfaceForComposites.java:765)
	at ptolemy.actor.util.CausalityInterfaceForComposites._computeInputDepth(CausalityInterfaceForComposites.java:696)
	at ptolemy.actor.util.CausalityInterfaceForComposites._computeActorDepth(CausalityInterfaceForComposites.java:532)
	at ptolemy.actor.util.CausalityInterfaceForComposites.checkForCycles(CausalityInterfaceForComposites.java:96)
	at ptolemy.domains.de.kernel.DEDirector.preinitialize(DEDirector.java:1338)
	at ptolemy.actor.CompositeActor.preinitialize(CompositeActor.java:1828)
	at ptolemy.actor.Manager.preinitializeAndResolveTypes(Manager.java:1040)
	at ptolemy.actor.Manager.initialize(Manager.java:710)
	at ptolemy.actor.Manager.execute(Manager.java:356)
	at ptolemy.actor.Manager.run(Manager.java:1263)
	at ptolemy.actor.Manager$PtolemyRunThread.run(Manager.java:1915)
]]></system-err>
</testsuite>
