<?xml version="1.0" encoding="UTF-8" ?>
<testsuite errors="0" failures="0" hostname="travis-job-29d7bc7c-2c90-457d-b8d9-6649ca7a9f18" name="ptolemy.actor.lib.hoc.test.junit.JUnitTclTest" skipped="0" tests="58" time="31.651" timestamp="2020-06-23T14:47:10">
  <properties>
[...]
</properties>
  <testcase classname="ptolemy.util.test.junit.TclTests" name="[0] /home/travis/build/icyphy/ptII/ptolemy/actor/lib/hoc/test/IterateOverArray.tcl (RunTclFile)" time="0.281" />
  <testcase classname="ptolemy.util.test.junit.AutoKnownFailedTests" name="[0] /home/travis/build/icyphy/ptII/ptolemy/actor/lib/hoc/test/auto/knownFailedTests/PreinitializeMustBeInvokedRunComposite.xml (RunModel)" time="0.367" />
  <testcase classname="ptolemy.util.test.junit.AutoNameArchTests" name="[0] ThereAreNoAutoArchTests (RunModel)" time="0.001" />
  <testcase classname="ptolemy.util.test.junit.AutoTests" name="[0] /home/travis/build/icyphy/ptII/ptolemy/actor/lib/hoc/test/auto/AllToAllMultiInstanceComposite.xml (RunModel)" time="0.468" />
  <testcase classname="ptolemy.util.test.junit.AutoTests" name="[1] /home/travis/build/icyphy/ptII/ptolemy/actor/lib/hoc/test/auto/ApplyFFTTest.xml (RunModel)" time="0.388" />
  <testcase classname="ptolemy.util.test.junit.AutoTests" name="[2] /home/travis/build/icyphy/ptII/ptolemy/actor/lib/hoc/test/auto/ApplyFunction.xml (RunModel)" time="0.034" />
  <testcase classname="ptolemy.util.test.junit.AutoTests" name="[3] /home/travis/build/icyphy/ptII/ptolemy/actor/lib/hoc/test/auto/BackgroundExecution.xml (RunModel)" time="0.72" />
  <testcase classname="ptolemy.util.test.junit.AutoTests" name="[4] /home/travis/build/icyphy/ptII/ptolemy/actor/lib/hoc/test/auto/Case.xml (RunModel)" time="0.109" />
  <testcase classname="ptolemy.util.test.junit.AutoTests" name="[5] /home/travis/build/icyphy/ptII/ptolemy/actor/lib/hoc/test/auto/Case1.xml (RunModel)" time="0.051" />
  <testcase classname="ptolemy.util.test.junit.AutoTests" name="[6] /home/travis/build/icyphy/ptII/ptolemy/actor/lib/hoc/test/auto/Case2.xml (RunModel)" time="0.06" />
  <testcase classname="ptolemy.util.test.junit.AutoTests" name="[7] /home/travis/build/icyphy/ptII/ptolemy/actor/lib/hoc/test/auto/Case3.xml (RunModel)" time="0.028" />
  <testcase classname="ptolemy.util.test.junit.AutoTests" name="[8] /home/travis/build/icyphy/ptII/ptolemy/actor/lib/hoc/test/auto/Case4.xml (RunModel)" time="0.067" />
  <testcase classname="ptolemy.util.test.junit.AutoTests" name="[9] /home/travis/build/icyphy/ptII/ptolemy/actor/lib/hoc/test/auto/Case5.xml (RunModel)" time="0.052" />
  <testcase classname="ptolemy.util.test.junit.AutoTests" name="[10] /home/travis/build/icyphy/ptII/ptolemy/actor/lib/hoc/test/auto/Case6.xml (RunModel)" time="0.098" />
  <testcase classname="ptolemy.util.test.junit.AutoTests" name="[11] /home/travis/build/icyphy/ptII/ptolemy/actor/lib/hoc/test/auto/CaseString2.xml (RunModel)" time="0.056" />
  <testcase classname="ptolemy.util.test.junit.AutoTests" name="[12] /home/travis/build/icyphy/ptII/ptolemy/actor/lib/hoc/test/auto/CatchUpComposite1.xml (RunModel)" time="0.092" />
  <testcase classname="ptolemy.util.test.junit.AutoTests" name="[13] /home/travis/build/icyphy/ptII/ptolemy/actor/lib/hoc/test/auto/CatchUpComposite2.xml (RunModel)" time="0.074" />
  <testcase classname="ptolemy.util.test.junit.AutoTests" name="[14] /home/travis/build/icyphy/ptII/ptolemy/actor/lib/hoc/test/auto/CatchUpComposite3.xml (RunModel)" time="0.074" />
  <testcase classname="ptolemy.util.test.junit.AutoTests" name="[15] /home/travis/build/icyphy/ptII/ptolemy/actor/lib/hoc/test/auto/CatchUpComposite4.xml (RunModel)" time="0.083" />
  <testcase classname="ptolemy.util.test.junit.AutoTests" name="[16] /home/travis/build/icyphy/ptII/ptolemy/actor/lib/hoc/test/auto/CatchUpComposite5.xml (RunModel)" time="0.062" />
  <testcase classname="ptolemy.util.test.junit.AutoTests" name="[17] /home/travis/build/icyphy/ptII/ptolemy/actor/lib/hoc/test/auto/CatchUpComposite6.xml (RunModel)" time="0.193" />
  <testcase classname="ptolemy.util.test.junit.AutoTests" name="[18] /home/travis/build/icyphy/ptII/ptolemy/actor/lib/hoc/test/auto/CatchUpComposite7.xml (RunModel)" time="0.097" />
  <testcase classname="ptolemy.util.test.junit.AutoTests" name="[19] /home/travis/build/icyphy/ptII/ptolemy/actor/lib/hoc/test/auto/ConcurrentExecutionTimeSDF.xml (RunModel)" time="1.023" />
  <testcase classname="ptolemy.util.test.junit.AutoTests" name="[20] /home/travis/build/icyphy/ptII/ptolemy/actor/lib/hoc/test/auto/ConcurrentSleep.xml (RunModel)" time="0.768" />
  <testcase classname="ptolemy.util.test.junit.AutoTests" name="[21] /home/travis/build/icyphy/ptII/ptolemy/actor/lib/hoc/test/auto/DEInPNInRunCompositeActor.xml (RunModel)" time="0.031" />
  <testcase classname="ptolemy.util.test.junit.AutoTests" name="[22] /home/travis/build/icyphy/ptII/ptolemy/actor/lib/hoc/test/auto/DFTSubSetTest.xml (RunModel)" time="0.232" />
  <testcase classname="ptolemy.util.test.junit.AutoTests" name="[23] /home/travis/build/icyphy/ptII/ptolemy/actor/lib/hoc/test/auto/HocDE.xml (RunModel)" time="0.161" />
  <testcase classname="ptolemy.util.test.junit.AutoTests" name="[24] /home/travis/build/icyphy/ptII/ptolemy/actor/lib/hoc/test/auto/IterateOverArray.xml (RunModel)" time="0.022" />
  <testcase classname="ptolemy.util.test.junit.AutoTests" name="[25] /home/travis/build/icyphy/ptII/ptolemy/actor/lib/hoc/test/auto/IterateOverArray10.xml (RunModel)" time="0.015" />
  <testcase classname="ptolemy.util.test.junit.AutoTests" name="[26] /home/travis/build/icyphy/ptII/ptolemy/actor/lib/hoc/test/auto/IterateOverArray11.xml (RunModel)" time="0.023" />
  <testcase classname="ptolemy.util.test.junit.AutoTests" name="[27] /home/travis/build/icyphy/ptII/ptolemy/actor/lib/hoc/test/auto/IterateOverArray12.xml (RunModel)" time="0.032" />
  <testcase classname="ptolemy.util.test.junit.AutoTests" name="[28] /home/travis/build/icyphy/ptII/ptolemy/actor/lib/hoc/test/auto/IterateOverArray13.xml (RunModel)" time="0.149" />
  <testcase classname="ptolemy.util.test.junit.AutoTests" name="[29] /home/travis/build/icyphy/ptII/ptolemy/actor/lib/hoc/test/auto/IterateOverArray14.xml (RunModel)" time="0.153" />
  <testcase classname="ptolemy.util.test.junit.AutoTests" name="[30] /home/travis/build/icyphy/ptII/ptolemy/actor/lib/hoc/test/auto/IterateOverArray2.xml (RunModel)" time="0.028" />
  <testcase classname="ptolemy.util.test.junit.AutoTests" name="[31] /home/travis/build/icyphy/ptII/ptolemy/actor/lib/hoc/test/auto/IterateOverArray3.xml (RunModel)" time="0.05" />
  <testcase classname="ptolemy.util.test.junit.AutoTests" name="[32] /home/travis/build/icyphy/ptII/ptolemy/actor/lib/hoc/test/auto/IterateOverArray4.xml (RunModel)" time="0.016" />
  <testcase classname="ptolemy.util.test.junit.AutoTests" name="[33] /home/travis/build/icyphy/ptII/ptolemy/actor/lib/hoc/test/auto/IterateOverArray5.xml (RunModel)" time="0.02" />
  <testcase classname="ptolemy.util.test.junit.AutoTests" name="[34] /home/travis/build/icyphy/ptII/ptolemy/actor/lib/hoc/test/auto/IterateOverArray6.xml (RunModel)" time="0.021" />
  <testcase classname="ptolemy.util.test.junit.AutoTests" name="[35] /home/travis/build/icyphy/ptII/ptolemy/actor/lib/hoc/test/auto/IterateOverArray7.xml (RunModel)" time="0.016" />
  <testcase classname="ptolemy.util.test.junit.AutoTests" name="[36] /home/travis/build/icyphy/ptII/ptolemy/actor/lib/hoc/test/auto/IterateOverArray8.xml (RunModel)" time="0.019" />
  <testcase classname="ptolemy.util.test.junit.AutoTests" name="[37] /home/travis/build/icyphy/ptII/ptolemy/actor/lib/hoc/test/auto/IterateOverArray9.xml (RunModel)" time="0.032" />
  <testcase classname="ptolemy.util.test.junit.AutoTests" name="[38] /home/travis/build/icyphy/ptII/ptolemy/actor/lib/hoc/test/auto/IterateOverArrayCoercedOutputType.xml (RunModel)" time="0.042" />
  <testcase classname="ptolemy.util.test.junit.AutoTests" name="[39] /home/travis/build/icyphy/ptII/ptolemy/actor/lib/hoc/test/auto/IterateOverArrayInferredOutputType.xml (RunModel)" time="0.03" />
  <testcase classname="ptolemy.util.test.junit.AutoTests" name="[40] /home/travis/build/icyphy/ptII/ptolemy/actor/lib/hoc/test/auto/MobileFunctionTest.xml (RunModel)" time="0.034" />
  <testcase classname="ptolemy.util.test.junit.AutoTests" name="[41] /home/travis/build/icyphy/ptII/ptolemy/actor/lib/hoc/test/auto/MobileModelTest.xml (RunModel)" time="0.19" />
  <testcase classname="ptolemy.util.test.junit.AutoTests" name="[42] /home/travis/build/icyphy/ptII/ptolemy/actor/lib/hoc/test/auto/ModelReference.xml (RunModel)" time="0.06" />
  <testcase classname="ptolemy.util.test.junit.AutoTests" name="[43] /home/travis/build/icyphy/ptII/ptolemy/actor/lib/hoc/test/auto/ModelReference3.xml (RunModel)" time="0.042" />
  <testcase classname="ptolemy.util.test.junit.AutoTests" name="[44] /home/travis/build/icyphy/ptII/ptolemy/actor/lib/hoc/test/auto/ModelReference4.xml (RunModel)" time="10.026" />
  <testcase classname="ptolemy.util.test.junit.AutoTests" name="[45] /home/travis/build/icyphy/ptII/ptolemy/actor/lib/hoc/test/auto/MultiInstanceComposite.xml (RunModel)" time="0.05" />
  <testcase classname="ptolemy.util.test.junit.AutoTests" name="[46] /home/travis/build/icyphy/ptII/ptolemy/actor/lib/hoc/test/auto/MultiInstanceComposite2.xml (RunModel)" time="0.043" />
  <testcase classname="ptolemy.util.test.junit.AutoTests" name="[47] /home/travis/build/icyphy/ptII/ptolemy/actor/lib/hoc/test/auto/MulticoreExecution.xml (RunModel)" time="1.064" />
  <testcase classname="ptolemy.util.test.junit.AutoTests" name="[48] /home/travis/build/icyphy/ptII/ptolemy/actor/lib/hoc/test/auto/ParallelExecution.xml (RunModel)" time="0.943" />
  <testcase classname="ptolemy.util.test.junit.AutoTests" name="[49] /home/travis/build/icyphy/ptII/ptolemy/actor/lib/hoc/test/auto/RunCompositeActor.xml (RunModel)" time="0.022" />
  <testcase classname="ptolemy.util.test.junit.AutoTests" name="[50] /home/travis/build/icyphy/ptII/ptolemy/actor/lib/hoc/test/auto/RunCompositeActor2.xml (RunModel)" time="0.024" />
  <testcase classname="ptolemy.util.test.junit.AutoTests" name="[51] /home/travis/build/icyphy/ptII/ptolemy/actor/lib/hoc/test/auto/RunCompositeActor3.xml (RunModel)" time="0.02" />
  <testcase classname="ptolemy.util.test.junit.AutoTests" name="[52] /home/travis/build/icyphy/ptII/ptolemy/actor/lib/hoc/test/auto/RunCompositeActor4.xml (RunModel)" time="0.047" />
  <testcase classname="ptolemy.util.test.junit.AutoTests" name="[53] /home/travis/build/icyphy/ptII/ptolemy/actor/lib/hoc/test/auto/RunCompositeIterateOverArray.xml (RunModel)" time="0.024" />
  <testcase classname="ptolemy.util.test.junit.AutoTests" name="[54] /home/travis/build/icyphy/ptII/ptolemy/actor/lib/hoc/test/auto/ThreadedJS.xml (RunModel)" time="12.069" />
  <system-out><![CDATA[/home/travis/build/icyphy/ptII/ptolemy/actor/lib/hoc/test/IterateOverArray.tcl
testDefs.tcl: setting time out to 9000 seconds at Tue Jun 23 14:47:10 UTC 2020
06/23/20 02:47:10
Failed: 0  Total Tests: 2  ((Passed: 2, Newly Passed: 0)  Known Failed: 0) /home/travis/build/icyphy/ptII/ptolemy/actor/lib/hoc/test
----------------- testing (KnownFailure) /home/travis/build/icyphy/ptII/ptolemy/actor/lib/hoc/test/auto/knownFailedTests/PreinitializeMustBeInvokedRunComposite.xml
95 ms. Memory: 129024K Free: 86469K (67%)
Known Failure: java.lang.reflect.InvocationTargetException
No auto/linux-amd64/*.xml tests in /home/travis/build/icyphy/ptII/ptolemy/actor/lib/hoc/test
AutoTests.java: About to close Vertx.
AutoTests.java: Vertx closed.

===========================================================================================
----------------- testing Tue Jun 23 14:47:11 UTC 2020 /home/travis/build/icyphy/ptII/ptolemy/actor/lib/hoc/test/auto/AllToAllMultiInstanceComposite.xml
----------------- Instantiating /home/travis/build/icyphy/ptII/ptolemy/actor/lib/hoc/test/auto/AllToAllMultiInstanceComposite.xml
217 ms. Memory: 129024K Free: 110426K (86%)
----------------- Invoking toplevel() on ptolemy.moml.MoMLSimpleApplication@2160d682
----------------- Done invoking toplevel() on ptolemy.moml.MoMLSimpleApplication@2160d682
reloadAllAccessors: .AllToAllMultiInstanceComposite

===========================================================================================
----------------- testing Tue Jun 23 14:47:11 UTC 2020 /home/travis/build/icyphy/ptII/ptolemy/actor/lib/hoc/test/auto/ApplyFFTTest.xml
----------------- Instantiating /home/travis/build/icyphy/ptII/ptolemy/actor/lib/hoc/test/auto/ApplyFFTTest.xml
173 ms. Memory: 129024K Free: 92051K (71%)
----------------- Invoking toplevel() on ptolemy.moml.MoMLSimpleApplication@b3d3220
----------------- Done invoking toplevel() on ptolemy.moml.MoMLSimpleApplication@b3d3220
reloadAllAccessors: .ApplyFFTTest

===========================================================================================
----------------- testing Tue Jun 23 14:47:12 UTC 2020 /home/travis/build/icyphy/ptII/ptolemy/actor/lib/hoc/test/auto/ApplyFunction.xml
----------------- Instantiating /home/travis/build/icyphy/ptII/ptolemy/actor/lib/hoc/test/auto/ApplyFunction.xml
5 ms. Memory: 129024K Free: 88745K (69%)
----------------- Invoking toplevel() on ptolemy.moml.MoMLSimpleApplication@6b67dfd0
----------------- Done invoking toplevel() on ptolemy.moml.MoMLSimpleApplication@6b67dfd0
reloadAllAccessors: .ApplyFunction

===========================================================================================
----------------- testing Tue Jun 23 14:47:12 UTC 2020 /home/travis/build/icyphy/ptII/ptolemy/actor/lib/hoc/test/auto/BackgroundExecution.xml
----------------- Instantiating /home/travis/build/icyphy/ptII/ptolemy/actor/lib/hoc/test/auto/BackgroundExecution.xml
642 ms. Memory: 129024K Free: 114133K (88%)
----------------- Invoking toplevel() on ptolemy.moml.MoMLSimpleApplication@2da7313
----------------- Done invoking toplevel() on ptolemy.moml.MoMLSimpleApplication@2da7313
reloadAllAccessors: .BackgroundExecution

===========================================================================================
----------------- testing Tue Jun 23 14:47:12 UTC 2020 /home/travis/build/icyphy/ptII/ptolemy/actor/lib/hoc/test/auto/Case.xml
----------------- Instantiating /home/travis/build/icyphy/ptII/ptolemy/actor/lib/hoc/test/auto/Case.xml
34 ms. Memory: 129024K Free: 106616K (83%)
----------------- Invoking toplevel() on ptolemy.moml.MoMLSimpleApplication@483269f5
----------------- Done invoking toplevel() on ptolemy.moml.MoMLSimpleApplication@483269f5
reloadAllAccessors: .Case

===========================================================================================
----------------- testing Tue Jun 23 14:47:12 UTC 2020 /home/travis/build/icyphy/ptII/ptolemy/actor/lib/hoc/test/auto/Case1.xml
----------------- Instantiating /home/travis/build/icyphy/ptII/ptolemy/actor/lib/hoc/test/auto/Case1.xml
14 ms. Memory: 129024K Free: 100305K (78%)
----------------- Invoking toplevel() on ptolemy.moml.MoMLSimpleApplication@348d5b1e
----------------- Done invoking toplevel() on ptolemy.moml.MoMLSimpleApplication@348d5b1e
reloadAllAccessors: .Case1

===========================================================================================
----------------- testing Tue Jun 23 14:47:13 UTC 2020 /home/travis/build/icyphy/ptII/ptolemy/actor/lib/hoc/test/auto/Case2.xml
----------------- Instantiating /home/travis/build/icyphy/ptII/ptolemy/actor/lib/hoc/test/auto/Case2.xml
22 ms. Memory: 129024K Free: 90302K (70%)
----------------- Invoking toplevel() on ptolemy.moml.MoMLSimpleApplication@40fa2395
----------------- Done invoking toplevel() on ptolemy.moml.MoMLSimpleApplication@40fa2395
reloadAllAccessors: .Case2

===========================================================================================
----------------- testing Tue Jun 23 14:47:13 UTC 2020 /home/travis/build/icyphy/ptII/ptolemy/actor/lib/hoc/test/auto/Case3.xml
----------------- Instantiating /home/travis/build/icyphy/ptII/ptolemy/actor/lib/hoc/test/auto/Case3.xml
7 ms. Memory: 129024K Free: 84086K (65%)
----------------- Invoking toplevel() on ptolemy.moml.MoMLSimpleApplication@3ba721ae
----------------- Done invoking toplevel() on ptolemy.moml.MoMLSimpleApplication@3ba721ae
reloadAllAccessors: .Case3

===========================================================================================
----------------- testing Tue Jun 23 14:47:13 UTC 2020 /home/travis/build/icyphy/ptII/ptolemy/actor/lib/hoc/test/auto/Case4.xml
----------------- Instantiating /home/travis/build/icyphy/ptII/ptolemy/actor/lib/hoc/test/auto/Case4.xml
19 ms. Memory: 129024K Free: 76715K (59%)
----------------- Invoking toplevel() on ptolemy.moml.MoMLSimpleApplication@77a24747
----------------- Done invoking toplevel() on ptolemy.moml.MoMLSimpleApplication@77a24747
reloadAllAccessors: .Case4

===========================================================================================
----------------- testing Tue Jun 23 14:47:13 UTC 2020 /home/travis/build/icyphy/ptII/ptolemy/actor/lib/hoc/test/auto/Case5.xml
----------------- Instantiating /home/travis/build/icyphy/ptII/ptolemy/actor/lib/hoc/test/auto/Case5.xml
23 ms. Memory: 129024K Free: 110924K (86%)
----------------- Invoking toplevel() on ptolemy.moml.MoMLSimpleApplication@6a82f1a3
----------------- Done invoking toplevel() on ptolemy.moml.MoMLSimpleApplication@6a82f1a3
reloadAllAccessors: .junk

===========================================================================================
----------------- testing Tue Jun 23 14:47:13 UTC 2020 /home/travis/build/icyphy/ptII/ptolemy/actor/lib/hoc/test/auto/Case6.xml
----------------- Instantiating /home/travis/build/icyphy/ptII/ptolemy/actor/lib/hoc/test/auto/Case6.xml
32 ms. Memory: 129024K Free: 99409K (77%)
----------------- Invoking toplevel() on ptolemy.moml.MoMLSimpleApplication@57e78a01
----------------- Done invoking toplevel() on ptolemy.moml.MoMLSimpleApplication@57e78a01
reloadAllAccessors: .Case6

===========================================================================================
----------------- testing Tue Jun 23 14:47:13 UTC 2020 /home/travis/build/icyphy/ptII/ptolemy/actor/lib/hoc/test/auto/CaseString2.xml
----------------- Instantiating /home/travis/build/icyphy/ptII/ptolemy/actor/lib/hoc/test/auto/CaseString2.xml
20 ms. Memory: 129024K Free: 91990K (71%)
----------------- Invoking toplevel() on ptolemy.moml.MoMLSimpleApplication@11152d01
----------------- Done invoking toplevel() on ptolemy.moml.MoMLSimpleApplication@11152d01
reloadAllAccessors: .CaseString2

===========================================================================================
----------------- testing Tue Jun 23 14:47:13 UTC 2020 /home/travis/build/icyphy/ptII/ptolemy/actor/lib/hoc/test/auto/CatchUpComposite1.xml
----------------- Instantiating /home/travis/build/icyphy/ptII/ptolemy/actor/lib/hoc/test/auto/CatchUpComposite1.xml
33 ms. Memory: 129024K Free: 83276K (65%)
----------------- Invoking toplevel() on ptolemy.moml.MoMLSimpleApplication@4d6c5e28
----------------- Done invoking toplevel() on ptolemy.moml.MoMLSimpleApplication@4d6c5e28
reloadAllAccessors: .CatchUpComposite1

===========================================================================================
----------------- testing Tue Jun 23 14:47:13 UTC 2020 /home/travis/build/icyphy/ptII/ptolemy/actor/lib/hoc/test/auto/CatchUpComposite2.xml
----------------- Instantiating /home/travis/build/icyphy/ptII/ptolemy/actor/lib/hoc/test/auto/CatchUpComposite2.xml
20 ms. Memory: 129024K Free: 75084K (58%)
----------------- Invoking toplevel() on ptolemy.moml.MoMLSimpleApplication@655b5fd9
----------------- Done invoking toplevel() on ptolemy.moml.MoMLSimpleApplication@655b5fd9
reloadAllAccessors: .CatchUpComposite2

===========================================================================================
----------------- testing Tue Jun 23 14:47:13 UTC 2020 /home/travis/build/icyphy/ptII/ptolemy/actor/lib/hoc/test/auto/CatchUpComposite3.xml
----------------- Instantiating /home/travis/build/icyphy/ptII/ptolemy/actor/lib/hoc/test/auto/CatchUpComposite3.xml
24 ms. Memory: 129024K Free: 66641K (52%)
----------------- Invoking toplevel() on ptolemy.moml.MoMLSimpleApplication@303f168a
----------------- Done invoking toplevel() on ptolemy.moml.MoMLSimpleApplication@303f168a
reloadAllAccessors: .CatchUpComposite3

===========================================================================================
----------------- testing Tue Jun 23 14:47:13 UTC 2020 /home/travis/build/icyphy/ptII/ptolemy/actor/lib/hoc/test/auto/CatchUpComposite4.xml
----------------- Instantiating /home/travis/build/icyphy/ptII/ptolemy/actor/lib/hoc/test/auto/CatchUpComposite4.xml
23 ms. Memory: 155648K Free: 135612K (87%)
----------------- Invoking toplevel() on ptolemy.moml.MoMLSimpleApplication@4c9ca568
----------------- Done invoking toplevel() on ptolemy.moml.MoMLSimpleApplication@4c9ca568
reloadAllAccessors: .CatchUpComposite4

===========================================================================================
----------------- testing Tue Jun 23 14:47:13 UTC 2020 /home/travis/build/icyphy/ptII/ptolemy/actor/lib/hoc/test/auto/CatchUpComposite5.xml
----------------- Instantiating /home/travis/build/icyphy/ptII/ptolemy/actor/lib/hoc/test/auto/CatchUpComposite5.xml
21 ms. Memory: 155648K Free: 127982K (82%)
----------------- Invoking toplevel() on ptolemy.moml.MoMLSimpleApplication@16f3395d
----------------- Done invoking toplevel() on ptolemy.moml.MoMLSimpleApplication@16f3395d
reloadAllAccessors: .CatchUpComposite5

===========================================================================================
----------------- testing Tue Jun 23 14:47:13 UTC 2020 /home/travis/build/icyphy/ptII/ptolemy/actor/lib/hoc/test/auto/CatchUpComposite6.xml
----------------- Instantiating /home/travis/build/icyphy/ptII/ptolemy/actor/lib/hoc/test/auto/CatchUpComposite6.xml
WARNING: The execution aspects in this model can influence the timing of actors by delaying the 
execution, potentially changing the behavior. There is no guarantee that actors fire at the 
time they request to be fired. 
Use Ptides for deterministic DE behavior that is not influenced by execution aspects. 

101 ms. Memory: 155648K Free: 113190K (73%)
----------------- Invoking toplevel() on ptolemy.moml.MoMLSimpleApplication@7b00f1ce
----------------- Done invoking toplevel() on ptolemy.moml.MoMLSimpleApplication@7b00f1ce
reloadAllAccessors: .CatchUpComposite6

===========================================================================================
----------------- testing Tue Jun 23 14:47:13 UTC 2020 /home/travis/build/icyphy/ptII/ptolemy/actor/lib/hoc/test/auto/CatchUpComposite7.xml
----------------- Instantiating /home/travis/build/icyphy/ptII/ptolemy/actor/lib/hoc/test/auto/CatchUpComposite7.xml
WARNING: The execution aspects in this model can influence the timing of actors by delaying the 
execution, potentially changing the behavior. There is no guarantee that actors fire at the 
time they request to be fired. 
Use Ptides for deterministic DE behavior that is not influenced by execution aspects. 

43 ms. Memory: 155648K Free: 99310K (64%)
----------------- Invoking toplevel() on ptolemy.moml.MoMLSimpleApplication@466d0af1
----------------- Done invoking toplevel() on ptolemy.moml.MoMLSimpleApplication@466d0af1
reloadAllAccessors: .CatchUpComposite7

===========================================================================================
----------------- testing Tue Jun 23 14:47:14 UTC 2020 /home/travis/build/icyphy/ptII/ptolemy/actor/lib/hoc/test/auto/ConcurrentExecutionTimeSDF.xml
----------------- Instantiating /home/travis/build/icyphy/ptII/ptolemy/actor/lib/hoc/test/auto/ConcurrentExecutionTimeSDF.xml
Fired ExecutionTime: 40400000
Fired ExecutionTime: 40400000
Fired ExecutionTime: 40400000
Fired ExecutionTime: 40400000
Fired ExecutionTime: 40400000
Fired ExecutionTime: 40400000
Fired ExecutionTime: 40400000
Fired ExecutionTime: 40400000
Fired ExecutionTime: 40400000
Fired ExecutionTime: 40400000
Fired ExecutionTime: 40400000
Fired ExecutionTime: 40400000
Fired ExecutionTime: 40400000
Fired ExecutionTime: 40400000
Fired ExecutionTime: 40400000
Fired ExecutionTime: 40400000
Fired ExecutionTime: 40400000
Fired ExecutionTime: 40400000
Fired ExecutionTime: 40400000
Fired ExecutionTime: 40400000
1001 ms. Memory: 155648K Free: 92142K (59%)
----------------- Invoking toplevel() on ptolemy.moml.MoMLSimpleApplication@27396bc4
----------------- Done invoking toplevel() on ptolemy.moml.MoMLSimpleApplication@27396bc4
reloadAllAccessors: .ConcurrentExecutionTimeSDF

===========================================================================================
----------------- testing Tue Jun 23 14:47:15 UTC 2020 /home/travis/build/icyphy/ptII/ptolemy/actor/lib/hoc/test/auto/ConcurrentSleep.xml
----------------- Instantiating /home/travis/build/icyphy/ptII/ptolemy/actor/lib/hoc/test/auto/ConcurrentSleep.xml
727 ms. Memory: 155648K Free: 81446K (52%)
----------------- Invoking toplevel() on ptolemy.moml.MoMLSimpleApplication@8f47c08
----------------- Done invoking toplevel() on ptolemy.moml.MoMLSimpleApplication@8f47c08
reloadAllAccessors: .ConcurrentSleep

===========================================================================================
----------------- testing Tue Jun 23 14:47:15 UTC 2020 /home/travis/build/icyphy/ptII/ptolemy/actor/lib/hoc/test/auto/DEInPNInRunCompositeActor.xml
----------------- Instantiating /home/travis/build/icyphy/ptII/ptolemy/actor/lib/hoc/test/auto/DEInPNInRunCompositeActor.xml
11 ms. Memory: 155648K Free: 76216K (49%)
----------------- Invoking toplevel() on ptolemy.moml.MoMLSimpleApplication@677ed4cd
----------------- Done invoking toplevel() on ptolemy.moml.MoMLSimpleApplication@677ed4cd
reloadAllAccessors: .DEInPNInRunCompositeActor

===========================================================================================
----------------- testing Tue Jun 23 14:47:15 UTC 2020 /home/travis/build/icyphy/ptII/ptolemy/actor/lib/hoc/test/auto/DFTSubSetTest.xml
----------------- Instantiating /home/travis/build/icyphy/ptII/ptolemy/actor/lib/hoc/test/auto/DFTSubSetTest.xml
145 ms. Memory: 155648K Free: 123874K (80%)
----------------- Invoking toplevel() on ptolemy.moml.MoMLSimpleApplication@62079358
----------------- Done invoking toplevel() on ptolemy.moml.MoMLSimpleApplication@62079358
reloadAllAccessors: .DFTSubSetTest

===========================================================================================
----------------- testing Tue Jun 23 14:47:16 UTC 2020 /home/travis/build/icyphy/ptII/ptolemy/actor/lib/hoc/test/auto/HocDE.xml
----------------- Instantiating /home/travis/build/icyphy/ptII/ptolemy/actor/lib/hoc/test/auto/HocDE.xml
113 ms. Memory: 155648K Free: 98977K (64%)
----------------- Invoking toplevel() on ptolemy.moml.MoMLSimpleApplication@5496c784
----------------- Done invoking toplevel() on ptolemy.moml.MoMLSimpleApplication@5496c784
reloadAllAccessors: .HocDE

===========================================================================================
----------------- testing Tue Jun 23 14:47:16 UTC 2020 /home/travis/build/icyphy/ptII/ptolemy/actor/lib/hoc/test/auto/IterateOverArray.xml
----------------- Instantiating /home/travis/build/icyphy/ptII/ptolemy/actor/lib/hoc/test/auto/IterateOverArray.xml
3 ms. Memory: 155648K Free: 94428K (61%)
----------------- Invoking toplevel() on ptolemy.moml.MoMLSimpleApplication@223c0752
----------------- Done invoking toplevel() on ptolemy.moml.MoMLSimpleApplication@223c0752
reloadAllAccessors: .IterateOverArray

===========================================================================================
----------------- testing Tue Jun 23 14:47:16 UTC 2020 /home/travis/build/icyphy/ptII/ptolemy/actor/lib/hoc/test/auto/IterateOverArray10.xml
----------------- Instantiating /home/travis/build/icyphy/ptII/ptolemy/actor/lib/hoc/test/auto/IterateOverArray10.xml
4 ms. Memory: 155648K Free: 90906K (58%)
----------------- Invoking toplevel() on ptolemy.moml.MoMLSimpleApplication@57f1a9ed
----------------- Done invoking toplevel() on ptolemy.moml.MoMLSimpleApplication@57f1a9ed
reloadAllAccessors: .IterateOverArray10

===========================================================================================
----------------- testing Tue Jun 23 14:47:16 UTC 2020 /home/travis/build/icyphy/ptII/ptolemy/actor/lib/hoc/test/auto/IterateOverArray11.xml
----------------- Instantiating /home/travis/build/icyphy/ptII/ptolemy/actor/lib/hoc/test/auto/IterateOverArray11.xml
4 ms. Memory: 155648K Free: 86724K (56%)
----------------- Invoking toplevel() on ptolemy.moml.MoMLSimpleApplication@1fe05a3e
----------------- Done invoking toplevel() on ptolemy.moml.MoMLSimpleApplication@1fe05a3e
reloadAllAccessors: .IterateOverArray11

===========================================================================================
----------------- testing Tue Jun 23 14:47:16 UTC 2020 /home/travis/build/icyphy/ptII/ptolemy/actor/lib/hoc/test/auto/IterateOverArray12.xml
----------------- Instantiating /home/travis/build/icyphy/ptII/ptolemy/actor/lib/hoc/test/auto/IterateOverArray12.xml
14 ms. Memory: 155648K Free: 80666K (52%)
----------------- Invoking toplevel() on ptolemy.moml.MoMLSimpleApplication@2ec3c34
----------------- Done invoking toplevel() on ptolemy.moml.MoMLSimpleApplication@2ec3c34
reloadAllAccessors: .IterateOverArray12

===========================================================================================
----------------- testing Tue Jun 23 14:47:16 UTC 2020 /home/travis/build/icyphy/ptII/ptolemy/actor/lib/hoc/test/auto/IterateOverArray13.xml
----------------- Instantiating /home/travis/build/icyphy/ptII/ptolemy/actor/lib/hoc/test/auto/IterateOverArray13.xml
72 ms. Memory: 155648K Free: 55066K (35%)
----------------- Invoking toplevel() on ptolemy.moml.MoMLSimpleApplication@74535644
----------------- Done invoking toplevel() on ptolemy.moml.MoMLSimpleApplication@74535644
reloadAllAccessors: .IterateOverArray13

===========================================================================================
----------------- testing Tue Jun 23 14:47:16 UTC 2020 /home/travis/build/icyphy/ptII/ptolemy/actor/lib/hoc/test/auto/IterateOverArray14.xml
----------------- Instantiating /home/travis/build/icyphy/ptII/ptolemy/actor/lib/hoc/test/auto/IterateOverArray14.xml
60 ms. Memory: 155648K Free: 111062K (71%)
----------------- Invoking toplevel() on ptolemy.moml.MoMLSimpleApplication@66dc54c1
----------------- Done invoking toplevel() on ptolemy.moml.MoMLSimpleApplication@66dc54c1
reloadAllAccessors: .IterateOverArray14

===========================================================================================
----------------- testing Tue Jun 23 14:47:16 UTC 2020 /home/travis/build/icyphy/ptII/ptolemy/actor/lib/hoc/test/auto/IterateOverArray2.xml
----------------- Instantiating /home/travis/build/icyphy/ptII/ptolemy/actor/lib/hoc/test/auto/IterateOverArray2.xml
9 ms. Memory: 155648K Free: 106452K (68%)
----------------- Invoking toplevel() on ptolemy.moml.MoMLSimpleApplication@2c35da12
----------------- Done invoking toplevel() on ptolemy.moml.MoMLSimpleApplication@2c35da12
reloadAllAccessors: .IterateOverArray2

===========================================================================================
----------------- testing Tue Jun 23 14:47:16 UTC 2020 /home/travis/build/icyphy/ptII/ptolemy/actor/lib/hoc/test/auto/IterateOverArray3.xml
----------------- Instantiating /home/travis/build/icyphy/ptII/ptolemy/actor/lib/hoc/test/auto/IterateOverArray3.xml
7 ms. Memory: 155648K Free: 100822K (65%)
----------------- Invoking toplevel() on ptolemy.moml.MoMLSimpleApplication@23e28b86
----------------- Done invoking toplevel() on ptolemy.moml.MoMLSimpleApplication@23e28b86
reloadAllAccessors: .IterateOverArray3

===========================================================================================
----------------- testing Tue Jun 23 14:47:16 UTC 2020 /home/travis/build/icyphy/ptII/ptolemy/actor/lib/hoc/test/auto/IterateOverArray4.xml
----------------- Instantiating /home/travis/build/icyphy/ptII/ptolemy/actor/lib/hoc/test/auto/IterateOverArray4.xml
4 ms. Memory: 155648K Free: 96726K (62%)
----------------- Invoking toplevel() on ptolemy.moml.MoMLSimpleApplication@816dc7a
----------------- Done invoking toplevel() on ptolemy.moml.MoMLSimpleApplication@816dc7a
reloadAllAccessors: .IterateOverArray4

===========================================================================================
----------------- testing Tue Jun 23 14:47:16 UTC 2020 /home/travis/build/icyphy/ptII/ptolemy/actor/lib/hoc/test/auto/IterateOverArray5.xml
----------------- Instantiating /home/travis/build/icyphy/ptII/ptolemy/actor/lib/hoc/test/auto/IterateOverArray5.xml
4 ms. Memory: 155648K Free: 92630K (60%)
----------------- Invoking toplevel() on ptolemy.moml.MoMLSimpleApplication@f68408c
----------------- Done invoking toplevel() on ptolemy.moml.MoMLSimpleApplication@f68408c
reloadAllAccessors: .IterateOverArray5

===========================================================================================
----------------- testing Tue Jun 23 14:47:16 UTC 2020 /home/travis/build/icyphy/ptII/ptolemy/actor/lib/hoc/test/auto/IterateOverArray6.xml
----------------- Instantiating /home/travis/build/icyphy/ptII/ptolemy/actor/lib/hoc/test/auto/IterateOverArray6.xml
9 ms. Memory: 155648K Free: 89044K (57%)
----------------- Invoking toplevel() on ptolemy.moml.MoMLSimpleApplication@7fa4d8d9
----------------- Done invoking toplevel() on ptolemy.moml.MoMLSimpleApplication@7fa4d8d9
reloadAllAccessors: .IterateOverArray6

===========================================================================================
----------------- testing Tue Jun 23 14:47:16 UTC 2020 /home/travis/build/icyphy/ptII/ptolemy/actor/lib/hoc/test/auto/IterateOverArray7.xml
----------------- Instantiating /home/travis/build/icyphy/ptII/ptolemy/actor/lib/hoc/test/auto/IterateOverArray7.xml
3 ms. Memory: 155648K Free: 84438K (54%)
----------------- Invoking toplevel() on ptolemy.moml.MoMLSimpleApplication@7dae0a19
----------------- Done invoking toplevel() on ptolemy.moml.MoMLSimpleApplication@7dae0a19
reloadAllAccessors: .IterateOverArray7

===========================================================================================
----------------- testing Tue Jun 23 14:47:16 UTC 2020 /home/travis/build/icyphy/ptII/ptolemy/actor/lib/hoc/test/auto/IterateOverArray8.xml
----------------- Instantiating /home/travis/build/icyphy/ptII/ptolemy/actor/lib/hoc/test/auto/IterateOverArray8.xml
4 ms. Memory: 155648K Free: 80342K (52%)
----------------- Invoking toplevel() on ptolemy.moml.MoMLSimpleApplication@55517cb6
----------------- Done invoking toplevel() on ptolemy.moml.MoMLSimpleApplication@55517cb6
reloadAllAccessors: .IterateOverArray8

===========================================================================================
----------------- testing Tue Jun 23 14:47:16 UTC 2020 /home/travis/build/icyphy/ptII/ptolemy/actor/lib/hoc/test/auto/IterateOverArray9.xml
----------------- Instantiating /home/travis/build/icyphy/ptII/ptolemy/actor/lib/hoc/test/auto/IterateOverArray9.xml
6 ms. Memory: 155648K Free: 76246K (49%)
----------------- Invoking toplevel() on ptolemy.moml.MoMLSimpleApplication@13e8d36d
----------------- Done invoking toplevel() on ptolemy.moml.MoMLSimpleApplication@13e8d36d
reloadAllAccessors: .IterateOverArray9

===========================================================================================
----------------- testing Tue Jun 23 14:47:16 UTC 2020 /home/travis/build/icyphy/ptII/ptolemy/actor/lib/hoc/test/auto/IterateOverArrayCoercedOutputType.xml
----------------- Instantiating /home/travis/build/icyphy/ptII/ptolemy/actor/lib/hoc/test/auto/IterateOverArrayCoercedOutputType.xml
4 ms. Memory: 155648K Free: 71126K (46%)
----------------- Invoking toplevel() on ptolemy.moml.MoMLSimpleApplication@709218fc
----------------- Done invoking toplevel() on ptolemy.moml.MoMLSimpleApplication@709218fc
reloadAllAccessors: .IterateOverArrayCoercedOutputType

===========================================================================================
----------------- testing Tue Jun 23 14:47:16 UTC 2020 /home/travis/build/icyphy/ptII/ptolemy/actor/lib/hoc/test/auto/IterateOverArrayInferredOutputType.xml
----------------- Instantiating /home/travis/build/icyphy/ptII/ptolemy/actor/lib/hoc/test/auto/IterateOverArrayInferredOutputType.xml
10 ms. Memory: 155648K Free: 66516K (43%)
----------------- Invoking toplevel() on ptolemy.moml.MoMLSimpleApplication@40093c24
----------------- Done invoking toplevel() on ptolemy.moml.MoMLSimpleApplication@40093c24
reloadAllAccessors: .IterateOverArrayInferredOutputType

===========================================================================================
----------------- testing Tue Jun 23 14:47:17 UTC 2020 /home/travis/build/icyphy/ptII/ptolemy/actor/lib/hoc/test/auto/MobileFunctionTest.xml
----------------- Instantiating /home/travis/build/icyphy/ptII/ptolemy/actor/lib/hoc/test/auto/MobileFunctionTest.xml
3 ms. Memory: 155648K Free: 61910K (40%)
----------------- Invoking toplevel() on ptolemy.moml.MoMLSimpleApplication@34914b7a
----------------- Done invoking toplevel() on ptolemy.moml.MoMLSimpleApplication@34914b7a
reloadAllAccessors: .MobileFunctionTest

===========================================================================================
----------------- testing Tue Jun 23 14:47:17 UTC 2020 /home/travis/build/icyphy/ptII/ptolemy/actor/lib/hoc/test/auto/MobileModelTest.xml
----------------- Instantiating /home/travis/build/icyphy/ptII/ptolemy/actor/lib/hoc/test/auto/MobileModelTest.xml
168 ms. Memory: 155648K Free: 131864K (85%)
----------------- Invoking toplevel() on ptolemy.moml.MoMLSimpleApplication@37efe97d
----------------- Done invoking toplevel() on ptolemy.moml.MoMLSimpleApplication@37efe97d
reloadAllAccessors: .MobileModelTest

===========================================================================================
----------------- testing Tue Jun 23 14:47:17 UTC 2020 /home/travis/build/icyphy/ptII/ptolemy/actor/lib/hoc/test/auto/ModelReference.xml
----------------- Instantiating /home/travis/build/icyphy/ptII/ptolemy/actor/lib/hoc/test/auto/ModelReference.xml
2 ms. Memory: 155648K Free: 125157K (80%)
3 ms. Memory: 155648K Free: 124575K (80%)
2 ms. Memory: 155648K Free: 123573K (79%)
2 ms. Memory: 155648K Free: 123007K (79%)
1 ms. Memory: 155648K Free: 122063K (78%)
1 ms. Memory: 155648K Free: 121047K (78%)
1 ms. Memory: 155648K Free: 120479K (77%)
1 ms. Memory: 155648K Free: 119463K (77%)
1 ms. Memory: 155648K Free: 118911K (76%)
5 ms. Memory: 155648K Free: 117943K (76%)
28 ms. Memory: 155648K Free: 117943K (76%)
----------------- Invoking toplevel() on ptolemy.moml.MoMLSimpleApplication@5488608e
----------------- Done invoking toplevel() on ptolemy.moml.MoMLSimpleApplication@5488608e
reloadAllAccessors: .ModelReference

===========================================================================================
----------------- testing Tue Jun 23 14:47:17 UTC 2020 /home/travis/build/icyphy/ptII/ptolemy/actor/lib/hoc/test/auto/ModelReference3.xml
----------------- Instantiating /home/travis/build/icyphy/ptII/ptolemy/actor/lib/hoc/test/auto/ModelReference3.xml
2 ms. Memory: 155648K Free: 112863K (73%)
4 ms. Memory: 155648K Free: 112287K (72%)
1 ms. Memory: 155648K Free: 111263K (71%)
3 ms. Memory: 155648K Free: 110807K (71%)
2 ms. Memory: 155648K Free: 109759K (71%)
1 ms. Memory: 155648K Free: 109199K (70%)
3 ms. Memory: 155648K Free: 108191K (70%)
4 ms. Memory: 155648K Free: 107167K (69%)
2 ms. Memory: 155648K Free: 106711K (69%)
1 ms. Memory: 155648K Free: 105663K (68%)
29 ms. Memory: 155648K Free: 105663K (68%)
----------------- Invoking toplevel() on ptolemy.moml.MoMLSimpleApplication@4a44555f
----------------- Done invoking toplevel() on ptolemy.moml.MoMLSimpleApplication@4a44555f
reloadAllAccessors: .ModelReference3

===========================================================================================
----------------- testing Tue Jun 23 14:47:17 UTC 2020 /home/travis/build/icyphy/ptII/ptolemy/actor/lib/hoc/test/auto/ModelReference4.xml
----------------- Instantiating /home/travis/build/icyphy/ptII/ptolemy/actor/lib/hoc/test/auto/ModelReference4.xml
2 ms. Memory: 155648K Free: 101015K (65%)
1 ms. Memory: 155648K Free: 99487K (64%)
2 ms. Memory: 155648K Free: 98511K (63%)
2 ms. Memory: 155648K Free: 96919K (62%)
2 ms. Memory: 155648K Free: 95925K (62%)
3 ms. Memory: 155648K Free: 94887K (61%)
2 ms. Memory: 155648K Free: 93343K (60%)
2 ms. Memory: 155648K Free: 92367K (59%)
1 ms. Memory: 155648K Free: 90775K (58%)
1 ms. Memory: 155648K Free: 89781K (58%)
10015 ms. Memory: 155648K Free: 89781K (58%)
----------------- Invoking toplevel() on ptolemy.moml.MoMLSimpleApplication@7d7009b7
----------------- Done invoking toplevel() on ptolemy.moml.MoMLSimpleApplication@7d7009b7
reloadAllAccessors: .ModelReference4

===========================================================================================
----------------- testing Tue Jun 23 14:47:27 UTC 2020 /home/travis/build/icyphy/ptII/ptolemy/actor/lib/hoc/test/auto/MultiInstanceComposite.xml
----------------- Instantiating /home/travis/build/icyphy/ptII/ptolemy/actor/lib/hoc/test/auto/MultiInstanceComposite.xml
26 ms. Memory: 155648K Free: 70879K (46%)
----------------- Invoking toplevel() on ptolemy.moml.MoMLSimpleApplication@de097fd
----------------- Done invoking toplevel() on ptolemy.moml.MoMLSimpleApplication@de097fd
reloadAllAccessors: .MultiInstanceComposite

===========================================================================================
----------------- testing Tue Jun 23 14:47:27 UTC 2020 /home/travis/build/icyphy/ptII/ptolemy/actor/lib/hoc/test/auto/MultiInstanceComposite2.xml
----------------- Instantiating /home/travis/build/icyphy/ptII/ptolemy/actor/lib/hoc/test/auto/MultiInstanceComposite2.xml
24 ms. Memory: 155648K Free: 59551K (38%)
----------------- Invoking toplevel() on ptolemy.moml.MoMLSimpleApplication@50544dab
----------------- Done invoking toplevel() on ptolemy.moml.MoMLSimpleApplication@50544dab
reloadAllAccessors: .MultiInstanceComposite2

===========================================================================================
----------------- testing Tue Jun 23 14:47:27 UTC 2020 /home/travis/build/icyphy/ptII/ptolemy/actor/lib/hoc/test/auto/MulticoreExecution.xml
----------------- Instantiating /home/travis/build/icyphy/ptII/ptolemy/actor/lib/hoc/test/auto/MulticoreExecution.xml
Fired ExecutionTime: 2400000
Fired ExecutionTime: 5200000
Fired ExecutionTime: 108400000
Fired ExecutionTime: 109200000
Fired ExecutionTime: 90800000
Fired ExecutionTime: 109600000
Fired ExecutionTime: 98800000
Fired ExecutionTime: 101200000
Fired ExecutionTime: 107200000
Fired ExecutionTime: 109200000
Fired ExecutionTime: 109200000
Fired ExecutionTime: 106800000
Fired ExecutionTime: 108400000
Fired ExecutionTime: 107600000
Fired ExecutionTime: 107200000
Fired ExecutionTime: 110400000
Fired ExecutionTime: 108400000
Fired ExecutionTime: 107600000
Fired ExecutionTime: 108800000
Fired ExecutionTime: 102000000
1042 ms. Memory: 155648K Free: 51327K (33%)
----------------- Invoking toplevel() on ptolemy.moml.MoMLSimpleApplication@59fc8719
----------------- Done invoking toplevel() on ptolemy.moml.MoMLSimpleApplication@59fc8719
reloadAllAccessors: .MulticoreExecution

===========================================================================================
----------------- testing Tue Jun 23 14:47:28 UTC 2020 /home/travis/build/icyphy/ptII/ptolemy/actor/lib/hoc/test/auto/ParallelExecution.xml
----------------- Instantiating /home/travis/build/icyphy/ptII/ptolemy/actor/lib/hoc/test/auto/ParallelExecution.xml
916 ms. Memory: 155648K Free: 134531K (86%)
----------------- Invoking toplevel() on ptolemy.moml.MoMLSimpleApplication@df6fe7a
----------------- Done invoking toplevel() on ptolemy.moml.MoMLSimpleApplication@df6fe7a
reloadAllAccessors: .ParallelExecution

===========================================================================================
----------------- testing Tue Jun 23 14:47:29 UTC 2020 /home/travis/build/icyphy/ptII/ptolemy/actor/lib/hoc/test/auto/RunCompositeActor.xml
----------------- Instantiating /home/travis/build/icyphy/ptII/ptolemy/actor/lib/hoc/test/auto/RunCompositeActor.xml
7 ms. Memory: 155648K Free: 127376K (82%)
----------------- Invoking toplevel() on ptolemy.moml.MoMLSimpleApplication@9071124
----------------- Done invoking toplevel() on ptolemy.moml.MoMLSimpleApplication@9071124
reloadAllAccessors: .RunCompositeActor

===========================================================================================
----------------- testing Tue Jun 23 14:47:29 UTC 2020 /home/travis/build/icyphy/ptII/ptolemy/actor/lib/hoc/test/auto/RunCompositeActor2.xml
----------------- Instantiating /home/travis/build/icyphy/ptII/ptolemy/actor/lib/hoc/test/auto/RunCompositeActor2.xml
8 ms. Memory: 155648K Free: 121224K (78%)
----------------- Invoking toplevel() on ptolemy.moml.MoMLSimpleApplication@412f679e
----------------- Done invoking toplevel() on ptolemy.moml.MoMLSimpleApplication@412f679e
reloadAllAccessors: .RunCompositeActor2

===========================================================================================
----------------- testing Tue Jun 23 14:47:29 UTC 2020 /home/travis/build/icyphy/ptII/ptolemy/actor/lib/hoc/test/auto/RunCompositeActor3.xml
----------------- Instantiating /home/travis/build/icyphy/ptII/ptolemy/actor/lib/hoc/test/auto/RunCompositeActor3.xml
3 ms. Memory: 155648K Free: 115608K (74%)
----------------- Invoking toplevel() on ptolemy.moml.MoMLSimpleApplication@1db03660
----------------- Done invoking toplevel() on ptolemy.moml.MoMLSimpleApplication@1db03660
reloadAllAccessors: .RunCompositeActor3

===========================================================================================
----------------- testing Tue Jun 23 14:47:29 UTC 2020 /home/travis/build/icyphy/ptII/ptolemy/actor/lib/hoc/test/auto/RunCompositeActor4.xml
----------------- Instantiating /home/travis/build/icyphy/ptII/ptolemy/actor/lib/hoc/test/auto/RunCompositeActor4.xml
14 ms. Memory: 155648K Free: 107416K (69%)
----------------- Invoking toplevel() on ptolemy.moml.MoMLSimpleApplication@3b13bbb3
----------------- Done invoking toplevel() on ptolemy.moml.MoMLSimpleApplication@3b13bbb3
reloadAllAccessors: .RunCompositeActor4

===========================================================================================
----------------- testing Tue Jun 23 14:47:29 UTC 2020 /home/travis/build/icyphy/ptII/ptolemy/actor/lib/hoc/test/auto/RunCompositeIterateOverArray.xml
----------------- Instantiating /home/travis/build/icyphy/ptII/ptolemy/actor/lib/hoc/test/auto/RunCompositeIterateOverArray.xml
6 ms. Memory: 155648K Free: 101272K (65%)
----------------- Invoking toplevel() on ptolemy.moml.MoMLSimpleApplication@52f314ff
----------------- Done invoking toplevel() on ptolemy.moml.MoMLSimpleApplication@52f314ff
reloadAllAccessors: .RunCompositeIterateOverArray

===========================================================================================
----------------- testing Tue Jun 23 14:47:29 UTC 2020 /home/travis/build/icyphy/ptII/ptolemy/actor/lib/hoc/test/auto/ThreadedJS.xml
----------------- Instantiating /home/travis/build/icyphy/ptII/ptolemy/actor/lib/hoc/test/auto/ThreadedJS.xml
5550 ms. Memory: 225280K Free: 144590K (64%)
----------------- Invoking toplevel() on ptolemy.moml.MoMLSimpleApplication@56f88896
----------------- Done invoking toplevel() on ptolemy.moml.MoMLSimpleApplication@56f88896
reloadAllAccessors: .ThreadedJS
AutoTests.java: About to close Vertx.
AutoTests.java: Vertx closed.
]]></system-out>
  <system-err><![CDATA[java.lang.RuntimeException: Execution failed
	at ptolemy.moml.MoMLSimpleApplication$UnloadThread.run(MoMLSimpleApplication.java:402)
Caused by: ptolemy.kernel.util.IllegalActionException: initialize() was called after wrapup() was called but preinitialize() was not called after wrapup().
	at ptolemy.actor.lib.hoc.test.PreinitializeMustBeInvoked.initialize(PreinitializeMustBeInvoked.java:78)
	at ptolemy.actor.Director.initialize(Director.java:938)
	at ptolemy.actor.Director.initialize(Director.java:907)
	at ptolemy.actor.sched.StaticSchedulingDirector.initialize(StaticSchedulingDirector.java:159)
	at ptolemy.domains.sdf.kernel.SDFDirector.initialize(SDFDirector.java:544)
	at ptolemy.actor.CompositeActor.initialize(CompositeActor.java:935)
	at ptolemy.actor.lib.hoc.LifeCycleManager._executeInsideModel(LifeCycleManager.java:339)
	at ptolemy.actor.lib.hoc.RunCompositeActor.fire(RunCompositeActor.java:205)
	at ptolemy.actor.CompositeActor.iterate(CompositeActor.java:1146)
	at ptolemy.actor.sched.StaticSchedulingDirector.fire(StaticSchedulingDirector.java:216)
	at ptolemy.domains.sdf.kernel.SDFDirector.fire(SDFDirector.java:500)
	at ptolemy.actor.CompositeActor.fire(CompositeActor.java:455)
	at ptolemy.actor.Manager.iterate(Manager.java:851)
	at ptolemy.actor.Manager.execute(Manager.java:369)
	at ptolemy.actor.Manager.run(Manager.java:1263)
	at ptolemy.actor.Manager$PtolemyRunThread.run(Manager.java:1933)
java.lang.reflect.InvocationTargetException
	at java.base/jdk.internal.reflect.NativeConstructorAccessorImpl.newInstance0(Native Method)
	at java.base/jdk.internal.reflect.NativeConstructorAccessorImpl.newInstance(NativeConstructorAccessorImpl.java:62)
	at java.base/jdk.internal.reflect.DelegatingConstructorAccessorImpl.newInstance(DelegatingConstructorAccessorImpl.java:45)
	at java.base/java.lang.reflect.Constructor.newInstance(Constructor.java:490)
	at ptolemy.util.test.junit.AutoKnownFailedTests.RunModel(AutoKnownFailedTests.java:105)
	at java.base/jdk.internal.reflect.NativeMethodAccessorImpl.invoke0(Native Method)
	at java.base/jdk.internal.reflect.NativeMethodAccessorImpl.invoke(NativeMethodAccessorImpl.java:62)
	at java.base/jdk.internal.reflect.DelegatingMethodAccessorImpl.invoke(DelegatingMethodAccessorImpl.java:43)
	at java.base/java.lang.reflect.Method.invoke(Method.java:566)
	at org.junit.runners.model.FrameworkMethod$1.runReflectiveCall(FrameworkMethod.java:44)
	at org.junit.internal.runners.model.ReflectiveCallable.run(ReflectiveCallable.java:15)
	at org.junit.runners.model.FrameworkMethod.invokeExplosively(FrameworkMethod.java:41)
	at junitparams.internal.InvokeParameterisedMethod.evaluate(InvokeParameterisedMethod.java:102)
	at org.junit.internal.runners.statements.FailOnTimeout$1.run(FailOnTimeout.java:28)
Caused by: ptolemy.kernel.util.IllegalActionException: initialize() was called after wrapup() was called but preinitialize() was not called after wrapup().
	at ptolemy.actor.lib.hoc.test.PreinitializeMustBeInvoked.initialize(PreinitializeMustBeInvoked.java:78)
	at ptolemy.actor.Director.initialize(Director.java:938)
	at ptolemy.actor.Director.initialize(Director.java:907)
	at ptolemy.actor.sched.StaticSchedulingDirector.initialize(StaticSchedulingDirector.java:159)
	at ptolemy.domains.sdf.kernel.SDFDirector.initialize(SDFDirector.java:544)
	at ptolemy.actor.CompositeActor.initialize(CompositeActor.java:935)
	at ptolemy.actor.lib.hoc.LifeCycleManager._executeInsideModel(LifeCycleManager.java:339)
	at ptolemy.actor.lib.hoc.RunCompositeActor.fire(RunCompositeActor.java:205)
	at ptolemy.actor.CompositeActor.iterate(CompositeActor.java:1146)
	at ptolemy.actor.sched.StaticSchedulingDirector.fire(StaticSchedulingDirector.java:216)
	at ptolemy.domains.sdf.kernel.SDFDirector.fire(SDFDirector.java:500)
	at ptolemy.actor.CompositeActor.fire(CompositeActor.java:455)
	at ptolemy.actor.Manager.iterate(Manager.java:851)
	at ptolemy.actor.Manager.execute(Manager.java:369)
	at ptolemy.actor.Manager.run(Manager.java:1263)
	at ptolemy.actor.Manager$PtolemyRunThread.run(Manager.java:1933)
Warning: Nashorn engine is planned to be removed from a future JDK release
Warning: Nashorn engine is planned to be removed from a future JDK release
Warning: Nashorn engine is planned to be removed from a future JDK release
Warning: Nashorn engine is planned to be removed from a future JDK release
Warning: Nashorn engine is planned to be removed from a future JDK release
Warning: Nashorn engine is planned to be removed from a future JDK release
Warning: Nashorn engine is planned to be removed from a future JDK release
Warning: Nashorn engine is planned to be removed from a future JDK release
]]></system-err>
</testsuite>
