<?xml version="1.0" encoding="UTF-8" ?>
<testsuite errors="0" failures="0" hostname="travis-job-633db54d-554c-47a4-9ced-d72403dce5ca" name="ptolemy.domains.modal.test.junit.JUnitTclTest" skipped="0" tests="148" time="11.505" timestamp="2019-07-19T05:09:30">
  <properties>
[...]
</properties>
  <testcase classname="ptolemy.util.test.junit.TclTests" name="[0] /home/travis/build/icyphy/ptII/ptolemy/domains/modal/test/SystemLevelType.tcl (RunTclFile)" time="2.198" />
  <testcase classname="ptolemy.util.test.junit.AutoKnownFailedTests" name="[0] /home/travis/build/icyphy/ptII/ptolemy/domains/modal/test/auto/knownFailedTests/CannotAnalysisWithPreemption.xml (RunModel)" time="0.286" />
  <testcase classname="ptolemy.util.test.junit.AutoNameArchTests" name="[0] ThereAreNoAutoArchTests (RunModel)" time="0.004" />
  <testcase classname="ptolemy.util.test.junit.AutoTests" name="[0] /home/travis/build/icyphy/ptII/ptolemy/domains/modal/test/auto/ABPTest.xml (RunModel)" time="0.813" />
  <testcase classname="ptolemy.util.test.junit.AutoTests" name="[1] /home/travis/build/icyphy/ptII/ptolemy/domains/modal/test/auto/ABROFlat.xml (RunModel)" time="0.086" />
  <testcase classname="ptolemy.util.test.junit.AutoTests" name="[2] /home/travis/build/icyphy/ptII/ptolemy/domains/modal/test/auto/ABROFlat2.xml (RunModel)" time="0.075" />
  <testcase classname="ptolemy.util.test.junit.AutoTests" name="[3] /home/travis/build/icyphy/ptII/ptolemy/domains/modal/test/auto/ABRO_present_hmm.xml (RunModel)" time="0.201" />
  <testcase classname="ptolemy.util.test.junit.AutoTests" name="[4] /home/travis/build/icyphy/ptII/ptolemy/domains/modal/test/auto/AMICoderExample.xml (RunModel)" time="0.092" />
  <testcase classname="ptolemy.util.test.junit.AutoTests" name="[5] /home/travis/build/icyphy/ptII/ptolemy/domains/modal/test/auto/AbsentToPresent.xml (RunModel)" time="0.032" />
  <testcase classname="ptolemy.util.test.junit.AutoTests" name="[6] /home/travis/build/icyphy/ptII/ptolemy/domains/modal/test/auto/Blending.xml (RunModel)" time="0.326" />
  <testcase classname="ptolemy.util.test.junit.AutoTests" name="[7] /home/travis/build/icyphy/ptII/ptolemy/domains/modal/test/auto/Broadcast.xml (RunModel)" time="0.041" />
  <testcase classname="ptolemy.util.test.junit.AutoTests" name="[8] /home/travis/build/icyphy/ptII/ptolemy/domains/modal/test/auto/BroadcastHierarchy.xml (RunModel)" time="0.065" />
  <testcase classname="ptolemy.util.test.junit.AutoTests" name="[9] /home/travis/build/icyphy/ptII/ptolemy/domains/modal/test/auto/BroadcastHierarchy2.xml (RunModel)" time="0.113" />
  <testcase classname="ptolemy.util.test.junit.AutoTests" name="[10] /home/travis/build/icyphy/ptII/ptolemy/domains/modal/test/auto/BroadcastHierarchy3.xml (RunModel)" time="0.097" />
  <testcase classname="ptolemy.util.test.junit.AutoTests" name="[11] /home/travis/build/icyphy/ptII/ptolemy/domains/modal/test/auto/BroadcastHierarchy4.xml (RunModel)" time="0.099" />
  <testcase classname="ptolemy.util.test.junit.AutoTests" name="[12] /home/travis/build/icyphy/ptII/ptolemy/domains/modal/test/auto/CannotAnalysisWithPreemption2.xml (RunModel)" time="0.036" />
  <testcase classname="ptolemy.util.test.junit.AutoTests" name="[13] /home/travis/build/icyphy/ptII/ptolemy/domains/modal/test/auto/CannotAnalysisWithPreemption3.xml (RunModel)" time="0.04" />
  <testcase classname="ptolemy.util.test.junit.AutoTests" name="[14] /home/travis/build/icyphy/ptII/ptolemy/domains/modal/test/auto/CannotProduce.xml (RunModel)" time="0.037" />
  <testcase classname="ptolemy.util.test.junit.AutoTests" name="[15] /home/travis/build/icyphy/ptII/ptolemy/domains/modal/test/auto/CannotProduceModal.xml (RunModel)" time="0.026" />
  <testcase classname="ptolemy.util.test.junit.AutoTests" name="[16] /home/travis/build/icyphy/ptII/ptolemy/domains/modal/test/auto/Case.xml (RunModel)" time="0.105" />
  <testcase classname="ptolemy.util.test.junit.AutoTests" name="[17] /home/travis/build/icyphy/ptII/ptolemy/domains/modal/test/auto/Case1.xml (RunModel)" time="0.038" />
  <testcase classname="ptolemy.util.test.junit.AutoTests" name="[18] /home/travis/build/icyphy/ptII/ptolemy/domains/modal/test/auto/Case2.xml (RunModel)" time="0.046" />
  <testcase classname="ptolemy.util.test.junit.AutoTests" name="[19] /home/travis/build/icyphy/ptII/ptolemy/domains/modal/test/auto/CausalityInterface1.xml (RunModel)" time="0.034" />
  <testcase classname="ptolemy.util.test.junit.AutoTests" name="[20] /home/travis/build/icyphy/ptII/ptolemy/domains/modal/test/auto/CausalityInterface10.xml (RunModel)" time="0.074" />
  <testcase classname="ptolemy.util.test.junit.AutoTests" name="[21] /home/travis/build/icyphy/ptII/ptolemy/domains/modal/test/auto/CausalityInterface11.xml (RunModel)" time="0.053" />
  <testcase classname="ptolemy.util.test.junit.AutoTests" name="[22] /home/travis/build/icyphy/ptII/ptolemy/domains/modal/test/auto/CausalityInterface12.xml (RunModel)" time="0.05" />
  <testcase classname="ptolemy.util.test.junit.AutoTests" name="[23] /home/travis/build/icyphy/ptII/ptolemy/domains/modal/test/auto/CausalityInterface13.xml (RunModel)" time="0.057" />
  <testcase classname="ptolemy.util.test.junit.AutoTests" name="[24] /home/travis/build/icyphy/ptII/ptolemy/domains/modal/test/auto/CausalityInterface14.xml (RunModel)" time="0.055" />
  <testcase classname="ptolemy.util.test.junit.AutoTests" name="[25] /home/travis/build/icyphy/ptII/ptolemy/domains/modal/test/auto/CausalityInterface2.xml (RunModel)" time="0.027" />
  <testcase classname="ptolemy.util.test.junit.AutoTests" name="[26] /home/travis/build/icyphy/ptII/ptolemy/domains/modal/test/auto/CausalityInterface3.xml (RunModel)" time="0.021" />
  <testcase classname="ptolemy.util.test.junit.AutoTests" name="[27] /home/travis/build/icyphy/ptII/ptolemy/domains/modal/test/auto/CausalityInterface4.xml (RunModel)" time="0.036" />
  <testcase classname="ptolemy.util.test.junit.AutoTests" name="[28] /home/travis/build/icyphy/ptII/ptolemy/domains/modal/test/auto/CausalityInterface5.xml (RunModel)" time="0.03" />
  <testcase classname="ptolemy.util.test.junit.AutoTests" name="[29] /home/travis/build/icyphy/ptII/ptolemy/domains/modal/test/auto/CausalityInterface6.xml (RunModel)" time="0.04" />
  <testcase classname="ptolemy.util.test.junit.AutoTests" name="[30] /home/travis/build/icyphy/ptII/ptolemy/domains/modal/test/auto/CausalityInterface7.xml (RunModel)" time="0.04" />
  <testcase classname="ptolemy.util.test.junit.AutoTests" name="[31] /home/travis/build/icyphy/ptII/ptolemy/domains/modal/test/auto/CausalityInterface8.xml (RunModel)" time="0.03" />
  <testcase classname="ptolemy.util.test.junit.AutoTests" name="[32] /home/travis/build/icyphy/ptII/ptolemy/domains/modal/test/auto/CausalityInterface9.xml (RunModel)" time="0.053" />
  <testcase classname="ptolemy.util.test.junit.AutoTests" name="[33] /home/travis/build/icyphy/ptII/ptolemy/domains/modal/test/auto/ChainedTransitions.xml (RunModel)" time="0.15" />
  <testcase classname="ptolemy.util.test.junit.AutoTests" name="[34] /home/travis/build/icyphy/ptII/ptolemy/domains/modal/test/auto/CycleOfImmediateTransitionsFSM.xml (RunModel)" time="0.019" />
  <testcase classname="ptolemy.util.test.junit.AutoTests" name="[35] /home/travis/build/icyphy/ptII/ptolemy/domains/modal/test/auto/CycleOfImmediateTransitionsModal.xml (RunModel)" time="0.019" />
  <testcase classname="ptolemy.util.test.junit.AutoTests" name="[36] /home/travis/build/icyphy/ptII/ptolemy/domains/modal/test/auto/CycleOfImmediateTransitionsModal2.xml (RunModel)" time="0.021" />
  <testcase classname="ptolemy.util.test.junit.AutoTests" name="[37] /home/travis/build/icyphy/ptII/ptolemy/domains/modal/test/auto/CycleOfImmediateTransitionsModal3.xml (RunModel)" time="0.066" />
  <testcase classname="ptolemy.util.test.junit.AutoTests" name="[38] /home/travis/build/icyphy/ptII/ptolemy/domains/modal/test/auto/DeepModal1.xml (RunModel)" time="0.073" />
  <testcase classname="ptolemy.util.test.junit.AutoTests" name="[39] /home/travis/build/icyphy/ptII/ptolemy/domains/modal/test/auto/DeepModal2.xml (RunModel)" time="0.084" />
  <testcase classname="ptolemy.util.test.junit.AutoTests" name="[40] /home/travis/build/icyphy/ptII/ptolemy/domains/modal/test/auto/DeepModal3.xml (RunModel)" time="0.06" />
  <testcase classname="ptolemy.util.test.junit.AutoTests" name="[41] /home/travis/build/icyphy/ptII/ptolemy/domains/modal/test/auto/DeepModal4.xml (RunModel)" time="0.066" />
  <testcase classname="ptolemy.util.test.junit.AutoTests" name="[42] /home/travis/build/icyphy/ptII/ptolemy/domains/modal/test/auto/Default1.xml (RunModel)" time="0.034" />
  <testcase classname="ptolemy.util.test.junit.AutoTests" name="[43] /home/travis/build/icyphy/ptII/ptolemy/domains/modal/test/auto/Default2.xml (RunModel)" time="0.022" />
  <testcase classname="ptolemy.util.test.junit.AutoTests" name="[44] /home/travis/build/icyphy/ptII/ptolemy/domains/modal/test/auto/Default3.xml (RunModel)" time="0.021" />
  <testcase classname="ptolemy.util.test.junit.AutoTests" name="[45] /home/travis/build/icyphy/ptII/ptolemy/domains/modal/test/auto/Default4.xml (RunModel)" time="0.021" />
  <testcase classname="ptolemy.util.test.junit.AutoTests" name="[46] /home/travis/build/icyphy/ptII/ptolemy/domains/modal/test/auto/Default5.xml (RunModel)" time="0.031" />
  <testcase classname="ptolemy.util.test.junit.AutoTests" name="[47] /home/travis/build/icyphy/ptII/ptolemy/domains/modal/test/auto/EmptyGuard.xml (RunModel)" time="0.033" />
  <testcase classname="ptolemy.util.test.junit.AutoTests" name="[48] /home/travis/build/icyphy/ptII/ptolemy/domains/modal/test/auto/ErrorTransition1.xml (RunModel)" time="0.036" />
  <testcase classname="ptolemy.util.test.junit.AutoTests" name="[49] /home/travis/build/icyphy/ptII/ptolemy/domains/modal/test/auto/ErrorTransition10.xml (RunModel)" time="0.043" />
  <testcase classname="ptolemy.util.test.junit.AutoTests" name="[50] /home/travis/build/icyphy/ptII/ptolemy/domains/modal/test/auto/ErrorTransition11.xml (RunModel)" time="0.057" />
  <testcase classname="ptolemy.util.test.junit.AutoTests" name="[51] /home/travis/build/icyphy/ptII/ptolemy/domains/modal/test/auto/ErrorTransition2.xml (RunModel)" time="0.031" />
  <testcase classname="ptolemy.util.test.junit.AutoTests" name="[52] /home/travis/build/icyphy/ptII/ptolemy/domains/modal/test/auto/ErrorTransition3.xml (RunModel)" time="0.042" />
  <testcase classname="ptolemy.util.test.junit.AutoTests" name="[53] /home/travis/build/icyphy/ptII/ptolemy/domains/modal/test/auto/ErrorTransition4.xml (RunModel)" time="0.035" />
  <testcase classname="ptolemy.util.test.junit.AutoTests" name="[54] /home/travis/build/icyphy/ptII/ptolemy/domains/modal/test/auto/ErrorTransition5.xml (RunModel)" time="0.039" />
  <testcase classname="ptolemy.util.test.junit.AutoTests" name="[55] /home/travis/build/icyphy/ptII/ptolemy/domains/modal/test/auto/ErrorTransition6.xml (RunModel)" time="0.054" />
  <testcase classname="ptolemy.util.test.junit.AutoTests" name="[56] /home/travis/build/icyphy/ptII/ptolemy/domains/modal/test/auto/ErrorTransition7.xml (RunModel)" time="0.053" />
  <testcase classname="ptolemy.util.test.junit.AutoTests" name="[57] /home/travis/build/icyphy/ptII/ptolemy/domains/modal/test/auto/ErrorTransition8.xml (RunModel)" time="0.062" />
  <testcase classname="ptolemy.util.test.junit.AutoTests" name="[58] /home/travis/build/icyphy/ptII/ptolemy/domains/modal/test/auto/ErrorTransition9.xml (RunModel)" time="0.041" />
  <testcase classname="ptolemy.util.test.junit.AutoTests" name="[59] /home/travis/build/icyphy/ptII/ptolemy/domains/modal/test/auto/ExtendedFSM.xml (RunModel)" time="0.023" />
  <testcase classname="ptolemy.util.test.junit.AutoTests" name="[60] /home/travis/build/icyphy/ptII/ptolemy/domains/modal/test/auto/FinalStates.xml (RunModel)" time="0.021" />
  <testcase classname="ptolemy.util.test.junit.AutoTests" name="[61] /home/travis/build/icyphy/ptII/ptolemy/domains/modal/test/auto/FixedPointFSM.xml (RunModel)" time="0.043" />
  <testcase classname="ptolemy.util.test.junit.AutoTests" name="[62] /home/travis/build/icyphy/ptII/ptolemy/domains/modal/test/auto/FixedPointIterationFSMActor.xml (RunModel)" time="0.028" />
  <testcase classname="ptolemy.util.test.junit.AutoTests" name="[63] /home/travis/build/icyphy/ptII/ptolemy/domains/modal/test/auto/FixedPointIterationFSMActor2.xml (RunModel)" time="0.034" />
  <testcase classname="ptolemy.util.test.junit.AutoTests" name="[64] /home/travis/build/icyphy/ptII/ptolemy/domains/modal/test/auto/ForbiddenInstantanousLoop.xml (RunModel)" time="0.03" />
  <testcase classname="ptolemy.util.test.junit.AutoTests" name="[65] /home/travis/build/icyphy/ptII/ptolemy/domains/modal/test/auto/FunctionDependencyOfFSMActorTest.xml (RunModel)" time="0.023" />
  <testcase classname="ptolemy.util.test.junit.AutoTests" name="[66] /home/travis/build/icyphy/ptII/ptolemy/domains/modal/test/auto/GuardExpression.xml (RunModel)" time="0.015" />
  <testcase classname="ptolemy.util.test.junit.AutoTests" name="[67] /home/travis/build/icyphy/ptII/ptolemy/domains/modal/test/auto/GuardNotEvaluated.xml (RunModel)" time="0.022" />
  <testcase classname="ptolemy.util.test.junit.AutoTests" name="[68] /home/travis/build/icyphy/ptII/ptolemy/domains/modal/test/auto/GuardNotEvaluated2.xml (RunModel)" time="0.025" />
  <testcase classname="ptolemy.util.test.junit.AutoTests" name="[69] /home/travis/build/icyphy/ptII/ptolemy/domains/modal/test/auto/GuardOnAbsent.xml (RunModel)" time="0.023" />
  <testcase classname="ptolemy.util.test.junit.AutoTests" name="[70] /home/travis/build/icyphy/ptII/ptolemy/domains/modal/test/auto/HierarchicalFSMTypeInference.xml (RunModel)" time="0.027" />
  <testcase classname="ptolemy.util.test.junit.AutoTests" name="[71] /home/travis/build/icyphy/ptII/ptolemy/domains/modal/test/auto/Hysteresis.xml (RunModel)" time="0.04" />
  <testcase classname="ptolemy.util.test.junit.AutoTests" name="[72] /home/travis/build/icyphy/ptII/ptolemy/domains/modal/test/auto/HysteresisWithDefault.xml (RunModel)" time="0.07" />
  <testcase classname="ptolemy.util.test.junit.AutoTests" name="[73] /home/travis/build/icyphy/ptII/ptolemy/domains/modal/test/auto/HysteresisWithDefault2.xml (RunModel)" time="0.083" />
  <testcase classname="ptolemy.util.test.junit.AutoTests" name="[74] /home/travis/build/icyphy/ptII/ptolemy/domains/modal/test/auto/ImmediateNonConstructiveness.xml (RunModel)" time="0.021" />
  <testcase classname="ptolemy.util.test.junit.AutoTests" name="[75] /home/travis/build/icyphy/ptII/ptolemy/domains/modal/test/auto/ImmediateNonConstructiveness2.xml (RunModel)" time="0.02" />
  <testcase classname="ptolemy.util.test.junit.AutoTests" name="[76] /home/travis/build/icyphy/ptII/ptolemy/domains/modal/test/auto/ImmediateTransitionReset.xml (RunModel)" time="0.036" />
  <testcase classname="ptolemy.util.test.junit.AutoTests" name="[77] /home/travis/build/icyphy/ptII/ptolemy/domains/modal/test/auto/ImmediateTransitions1.xml (RunModel)" time="0.014" />
  <testcase classname="ptolemy.util.test.junit.AutoTests" name="[78] /home/travis/build/icyphy/ptII/ptolemy/domains/modal/test/auto/ImmediateTransitionsInstantaneousCommunication.xml (RunModel)" time="0.041" />
  <testcase classname="ptolemy.util.test.junit.AutoTests" name="[79] /home/travis/build/icyphy/ptII/ptolemy/domains/modal/test/auto/InitialImmediateTransition.xml (RunModel)" time="0.017" />
  <testcase classname="ptolemy.util.test.junit.AutoTests" name="[80] /home/travis/build/icyphy/ptII/ptolemy/domains/modal/test/auto/InitialOutputs.xml (RunModel)" time="0.016" />
  <testcase classname="ptolemy.util.test.junit.AutoTests" name="[81] /home/travis/build/icyphy/ptII/ptolemy/domains/modal/test/auto/InitialStateTransition1.xml (RunModel)" time="0.024" />
  <testcase classname="ptolemy.util.test.junit.AutoTests" name="[82] /home/travis/build/icyphy/ptII/ptolemy/domains/modal/test/auto/InitialStateTransition2.xml (RunModel)" time="0.026" />
  <testcase classname="ptolemy.util.test.junit.AutoTests" name="[83] /home/travis/build/icyphy/ptII/ptolemy/domains/modal/test/auto/InitialStateTransition3.xml (RunModel)" time="0.026" />
  <testcase classname="ptolemy.util.test.junit.AutoTests" name="[84] /home/travis/build/icyphy/ptII/ptolemy/domains/modal/test/auto/InitialStateTransition4.xml (RunModel)" time="0.027" />
  <testcase classname="ptolemy.util.test.junit.AutoTests" name="[85] /home/travis/build/icyphy/ptII/ptolemy/domains/modal/test/auto/MalformedGuardExpressionNotCaught.xml (RunModel)" time="0.027" />
  <testcase classname="ptolemy.util.test.junit.AutoTests" name="[86] /home/travis/build/icyphy/ptII/ptolemy/domains/modal/test/auto/ModalBSC.xml (RunModel)" time="0.102" />
  <testcase classname="ptolemy.util.test.junit.AutoTests" name="[87] /home/travis/build/icyphy/ptII/ptolemy/domains/modal/test/auto/ModalClocks.xml (RunModel)" time="0.135" />
  <testcase classname="ptolemy.util.test.junit.AutoTests" name="[88] /home/travis/build/icyphy/ptII/ptolemy/domains/modal/test/auto/ModalDelay.xml (RunModel)" time="0.063" />
  <testcase classname="ptolemy.util.test.junit.AutoTests" name="[89] /home/travis/build/icyphy/ptII/ptolemy/domains/modal/test/auto/ModalDelay2.xml (RunModel)" time="0.061" />
  <testcase classname="ptolemy.util.test.junit.AutoTests" name="[90] /home/travis/build/icyphy/ptII/ptolemy/domains/modal/test/auto/ModalModelFromMemo.xml (RunModel)" time="0.071" />
  <testcase classname="ptolemy.util.test.junit.AutoTests" name="[91] /home/travis/build/icyphy/ptII/ptolemy/domains/modal/test/auto/ModalModelWithMultirateTransient.xml (RunModel)" time="0.057" />
  <testcase classname="ptolemy.util.test.junit.AutoTests" name="[92] /home/travis/build/icyphy/ptII/ptolemy/domains/modal/test/auto/ModalModelWithReset.xml (RunModel)" time="0.061" />
  <testcase classname="ptolemy.util.test.junit.AutoTests" name="[93] /home/travis/build/icyphy/ptII/ptolemy/domains/modal/test/auto/MouseClickFSM.xml (RunModel)" time="0.05" />
  <testcase classname="ptolemy.util.test.junit.AutoTests" name="[94] /home/travis/build/icyphy/ptII/ptolemy/domains/modal/test/auto/MouseClickFSMModal.xml (RunModel)" time="0.039" />
  <testcase classname="ptolemy.util.test.junit.AutoTests" name="[95] /home/travis/build/icyphy/ptII/ptolemy/domains/modal/test/auto/NonStrictFSM_FeedbackLoop.xml (RunModel)" time="0.049" />
  <testcase classname="ptolemy.util.test.junit.AutoTests" name="[96] /home/travis/build/icyphy/ptII/ptolemy/domains/modal/test/auto/NonStrictFSM_FeedbackLoop_Refinement.xml (RunModel)" time="0.084" />
  <testcase classname="ptolemy.util.test.junit.AutoTests" name="[97] /home/travis/build/icyphy/ptII/ptolemy/domains/modal/test/auto/NonStrictFSM_FeedbackLoop_preemptive.xml (RunModel)" time="0.067" />
  <testcase classname="ptolemy.util.test.junit.AutoTests" name="[98] /home/travis/build/icyphy/ptII/ptolemy/domains/modal/test/auto/NormalTermination.xml (RunModel)" time="0.051" />
  <testcase classname="ptolemy.util.test.junit.AutoTests" name="[99] /home/travis/build/icyphy/ptII/ptolemy/domains/modal/test/auto/Pong.xml (RunModel)" time="0.085" />
  <testcase classname="ptolemy.util.test.junit.AutoTests" name="[100] /home/travis/build/icyphy/ptII/ptolemy/domains/modal/test/auto/Pong_test.xml (RunModel)" time="0.138" />
  <testcase classname="ptolemy.util.test.junit.AutoTests" name="[101] /home/travis/build/icyphy/ptII/ptolemy/domains/modal/test/auto/PreemptionHierarchy.xml (RunModel)" time="0.029" />
  <testcase classname="ptolemy.util.test.junit.AutoTests" name="[102] /home/travis/build/icyphy/ptII/ptolemy/domains/modal/test/auto/PreemptionHierarchy2.xml (RunModel)" time="0.033" />
  <testcase classname="ptolemy.util.test.junit.AutoTests" name="[103] /home/travis/build/icyphy/ptII/ptolemy/domains/modal/test/auto/PreemptiveTransition.xml (RunModel)" time="0.02" />
  <testcase classname="ptolemy.util.test.junit.AutoTests" name="[104] /home/travis/build/icyphy/ptII/ptolemy/domains/modal/test/auto/Priorities.xml (RunModel)" time="0.086" />
  <testcase classname="ptolemy.util.test.junit.AutoTests" name="[105] /home/travis/build/icyphy/ptII/ptolemy/domains/modal/test/auto/ResetFinal.xml (RunModel)" time="0.046" />
  <testcase classname="ptolemy.util.test.junit.AutoTests" name="[106] /home/travis/build/icyphy/ptII/ptolemy/domains/modal/test/auto/ResetFinal2.xml (RunModel)" time="0.034" />
  <testcase classname="ptolemy.util.test.junit.AutoTests" name="[107] /home/travis/build/icyphy/ptII/ptolemy/domains/modal/test/auto/ResetTransitionWithStartTime.xml (RunModel)" time="0.042" />
  <testcase classname="ptolemy.util.test.junit.AutoTests" name="[108] /home/travis/build/icyphy/ptII/ptolemy/domains/modal/test/auto/SDF-FSMComposite.xml (RunModel)" time="0.024" />
  <testcase classname="ptolemy.util.test.junit.AutoTests" name="[109] /home/travis/build/icyphy/ptII/ptolemy/domains/modal/test/auto/SeeminglyNondeterminate.xml (RunModel)" time="0.07" />
  <testcase classname="ptolemy.util.test.junit.AutoTests" name="[110] /home/travis/build/icyphy/ptII/ptolemy/domains/modal/test/auto/SeeminglyNondeterminate2.xml (RunModel)" time="0.072" />
  <testcase classname="ptolemy.util.test.junit.AutoTests" name="[111] /home/travis/build/icyphy/ptII/ptolemy/domains/modal/test/auto/SpontaneousFSM.xml (RunModel)" time="0.042" />
  <testcase classname="ptolemy.util.test.junit.AutoTests" name="[112] /home/travis/build/icyphy/ptII/ptolemy/domains/modal/test/auto/SpontaneousFSM2.xml (RunModel)" time="0.035" />
  <testcase classname="ptolemy.util.test.junit.AutoTests" name="[113] /home/travis/build/icyphy/ptII/ptolemy/domains/modal/test/auto/SpontaneousFSM3.xml (RunModel)" time="0.041" />
  <testcase classname="ptolemy.util.test.junit.AutoTests" name="[114] /home/travis/build/icyphy/ptII/ptolemy/domains/modal/test/auto/SpontaneousFSM4.xml (RunModel)" time="0.048" />
  <testcase classname="ptolemy.util.test.junit.AutoTests" name="[115] /home/travis/build/icyphy/ptII/ptolemy/domains/modal/test/auto/StateTrackerTest.xml (RunModel)" time="0.052" />
  <testcase classname="ptolemy.util.test.junit.AutoTests" name="[116] /home/travis/build/icyphy/ptII/ptolemy/domains/modal/test/auto/StrongImmediateTransition.xml (RunModel)" time="0.029" />
  <testcase classname="ptolemy.util.test.junit.AutoTests" name="[117] /home/travis/build/icyphy/ptII/ptolemy/domains/modal/test/auto/SustainHierarchy.xml (RunModel)" time="0.053" />
  <testcase classname="ptolemy.util.test.junit.AutoTests" name="[118] /home/travis/build/icyphy/ptII/ptolemy/domains/modal/test/auto/TerminationTransition1.xml (RunModel)" time="0.02" />
  <testcase classname="ptolemy.util.test.junit.AutoTests" name="[119] /home/travis/build/icyphy/ptII/ptolemy/domains/modal/test/auto/TerminationTransition2.xml (RunModel)" time="0.033" />
  <testcase classname="ptolemy.util.test.junit.AutoTests" name="[120] /home/travis/build/icyphy/ptII/ptolemy/domains/modal/test/auto/TerminationTransition3.xml (RunModel)" time="0.028" />
  <testcase classname="ptolemy.util.test.junit.AutoTests" name="[121] /home/travis/build/icyphy/ptII/ptolemy/domains/modal/test/auto/TerminationTransition4.xml (RunModel)" time="0.04" />
  <testcase classname="ptolemy.util.test.junit.AutoTests" name="[122] /home/travis/build/icyphy/ptII/ptolemy/domains/modal/test/auto/TerminationTransition5.xml (RunModel)" time="0.033" />
  <testcase classname="ptolemy.util.test.junit.AutoTests" name="[123] /home/travis/build/icyphy/ptII/ptolemy/domains/modal/test/auto/TerminationTransition6.xml (RunModel)" time="0.023" />
  <testcase classname="ptolemy.util.test.junit.AutoTests" name="[124] /home/travis/build/icyphy/ptII/ptolemy/domains/modal/test/auto/TerminationTransition7.xml (RunModel)" time="0.025" />
  <testcase classname="ptolemy.util.test.junit.AutoTests" name="[125] /home/travis/build/icyphy/ptII/ptolemy/domains/modal/test/auto/TerminationTransition8.xml (RunModel)" time="0.025" />
  <testcase classname="ptolemy.util.test.junit.AutoTests" name="[126] /home/travis/build/icyphy/ptII/ptolemy/domains/modal/test/auto/Thermostat_NoHysteresis.xml (RunModel)" time="0.063" />
  <testcase classname="ptolemy.util.test.junit.AutoTests" name="[127] /home/travis/build/icyphy/ptII/ptolemy/domains/modal/test/auto/TimedFSM.xml (RunModel)" time="0.036" />
  <testcase classname="ptolemy.util.test.junit.AutoTests" name="[128] /home/travis/build/icyphy/ptII/ptolemy/domains/modal/test/auto/Timeout1.xml (RunModel)" time="0.019" />
  <testcase classname="ptolemy.util.test.junit.AutoTests" name="[129] /home/travis/build/icyphy/ptII/ptolemy/domains/modal/test/auto/Timeout2.xml (RunModel)" time="0.022" />
  <testcase classname="ptolemy.util.test.junit.AutoTests" name="[130] /home/travis/build/icyphy/ptII/ptolemy/domains/modal/test/auto/Timeout3.xml (RunModel)" time="0.013" />
  <testcase classname="ptolemy.util.test.junit.AutoTests" name="[131] /home/travis/build/icyphy/ptII/ptolemy/domains/modal/test/auto/Timeout4.xml (RunModel)" time="0.022" />
  <testcase classname="ptolemy.util.test.junit.AutoTests" name="[132] /home/travis/build/icyphy/ptII/ptolemy/domains/modal/test/auto/TransientstateModelAdvanced.xml (RunModel)" time="0.03" />
  <testcase classname="ptolemy.util.test.junit.AutoTests" name="[133] /home/travis/build/icyphy/ptII/ptolemy/domains/modal/test/auto/TransientstateModelAdvanced2.xml (RunModel)" time="0.046" />
  <testcase classname="ptolemy.util.test.junit.AutoTests" name="[134] /home/travis/build/icyphy/ptII/ptolemy/domains/modal/test/auto/TransitionRefinements.xml (RunModel)" time="0.031" />
  <testcase classname="ptolemy.util.test.junit.AutoTests" name="[135] /home/travis/build/icyphy/ptII/ptolemy/domains/modal/test/auto/TwoRefinements1.xml (RunModel)" time="0.039" />
  <testcase classname="ptolemy.util.test.junit.AutoTests" name="[136] /home/travis/build/icyphy/ptII/ptolemy/domains/modal/test/auto/TwoRefinements2.xml (RunModel)" time="0.031" />
  <testcase classname="ptolemy.util.test.junit.AutoTests" name="[137] /home/travis/build/icyphy/ptII/ptolemy/domains/modal/test/auto/WeakImmediateTransition.xml (RunModel)" time="0.033" />
  <testcase classname="ptolemy.util.test.junit.AutoTests" name="[138] /home/travis/build/icyphy/ptII/ptolemy/domains/modal/test/auto/booleanSelect.xml (RunModel)" time="0.071" />
  <testcase classname="ptolemy.util.test.junit.AutoTests" name="[139] /home/travis/build/icyphy/ptII/ptolemy/domains/modal/test/auto/modalChangingParams.xml (RunModel)" time="0.295" />
  <testcase classname="ptolemy.util.test.junit.AutoTests" name="[140] /home/travis/build/icyphy/ptII/ptolemy/domains/modal/test/auto/modalModel.xml (RunModel)" time="0.03" />
  <testcase classname="ptolemy.util.test.junit.AutoTests" name="[141] /home/travis/build/icyphy/ptII/ptolemy/domains/modal/test/auto/modalModel2.xml (RunModel)" time="0.033" />
  <testcase classname="ptolemy.util.test.junit.AutoTests" name="[142] /home/travis/build/icyphy/ptII/ptolemy/domains/modal/test/auto/modalModel3.xml (RunModel)" time="0.051" />
  <testcase classname="ptolemy.util.test.junit.AutoTests" name="[143] /home/travis/build/icyphy/ptII/ptolemy/domains/modal/test/auto/model1.xml (RunModel)" time="0.024" />
  <testcase classname="ptolemy.util.test.junit.AutoTests" name="[144] /home/travis/build/icyphy/ptII/ptolemy/domains/modal/test/auto/test-direct-in-out.xml (RunModel)" time="0.029" />
  <system-out><![CDATA[/home/travis/build/icyphy/ptII/ptolemy/domains/modal/test/SystemLevelType.tcl
testDefs.tcl: setting time out to 9000 seconds at Fri Jul 19 05:09:30 UTC 2019
07/19/19 05:09:32
Failed: 0  Total Tests: 1  ((Passed: 1, Newly Passed: 0)  Known Failed: 0) /home/travis/build/icyphy/ptII/ptolemy/domains/modal/test
----------------- testing (KnownFailure) /home/travis/build/icyphy/ptII/ptolemy/domains/modal/test/auto/knownFailedTests/CannotAnalysisWithPreemption.xml
126 ms. Memory: 150528K Free: 72284K (48%)
Known Failure: java.lang.reflect.InvocationTargetException
No auto/linux-amd64/*.xml tests in /home/travis/build/icyphy/ptII/ptolemy/domains/modal/test
AutoTests.java: About to close Vertx.
AutoTests.java: Vertx closed.

===========================================================================================
----------------- testing Fri Jul 19 05:09:33 UTC 2019 /home/travis/build/icyphy/ptII/ptolemy/domains/modal/test/auto/ABPTest.xml
----------------- Instantiating /home/travis/build/icyphy/ptII/ptolemy/domains/modal/test/auto/ABPTest.xml
356 ms. Memory: 150528K Free: 98027K (65%)
----------------- Invoking toplevel() on ptolemy.moml.MoMLSimpleApplication@3a22369c
----------------- Done invoking toplevel() on ptolemy.moml.MoMLSimpleApplication@3a22369c
reloadAllAccessors: .ABPTest

===========================================================================================
----------------- testing Fri Jul 19 05:09:33 UTC 2019 /home/travis/build/icyphy/ptII/ptolemy/domains/modal/test/auto/ABROFlat.xml
----------------- Instantiating /home/travis/build/icyphy/ptII/ptolemy/domains/modal/test/auto/ABROFlat.xml
35 ms. Memory: 150528K Free: 81986K (54%)
----------------- Invoking toplevel() on ptolemy.moml.MoMLSimpleApplication@421afcfd
----------------- Done invoking toplevel() on ptolemy.moml.MoMLSimpleApplication@421afcfd
reloadAllAccessors: .ABROFlat

===========================================================================================
----------------- testing Fri Jul 19 05:09:34 UTC 2019 /home/travis/build/icyphy/ptII/ptolemy/domains/modal/test/auto/ABROFlat2.xml
----------------- Instantiating /home/travis/build/icyphy/ptII/ptolemy/domains/modal/test/auto/ABROFlat2.xml
19 ms. Memory: 150528K Free: 65064K (43%)
----------------- Invoking toplevel() on ptolemy.moml.MoMLSimpleApplication@5c1345b6
----------------- Done invoking toplevel() on ptolemy.moml.MoMLSimpleApplication@5c1345b6
reloadAllAccessors: .ABROFlat2

===========================================================================================
----------------- testing Fri Jul 19 05:09:34 UTC 2019 /home/travis/build/icyphy/ptII/ptolemy/domains/modal/test/auto/ABRO_present_hmm.xml
----------------- Instantiating /home/travis/build/icyphy/ptII/ptolemy/domains/modal/test/auto/ABRO_present_hmm.xml
49 ms. Memory: 198656K Free: 158769K (80%)
----------------- Invoking toplevel() on ptolemy.moml.MoMLSimpleApplication@7fc6c716
----------------- Done invoking toplevel() on ptolemy.moml.MoMLSimpleApplication@7fc6c716
reloadAllAccessors: .ABRO_present_hmm

===========================================================================================
----------------- testing Fri Jul 19 05:09:34 UTC 2019 /home/travis/build/icyphy/ptII/ptolemy/domains/modal/test/auto/AMICoderExample.xml
----------------- Instantiating /home/travis/build/icyphy/ptII/ptolemy/domains/modal/test/auto/AMICoderExample.xml
49 ms. Memory: 198656K Free: 148529K (75%)
----------------- Invoking toplevel() on ptolemy.moml.MoMLSimpleApplication@d0b04ed
----------------- Done invoking toplevel() on ptolemy.moml.MoMLSimpleApplication@d0b04ed
reloadAllAccessors: .AMICoderExample

===========================================================================================
----------------- testing Fri Jul 19 05:09:34 UTC 2019 /home/travis/build/icyphy/ptII/ptolemy/domains/modal/test/auto/AbsentToPresent.xml
----------------- Instantiating /home/travis/build/icyphy/ptII/ptolemy/domains/modal/test/auto/AbsentToPresent.xml
6 ms. Memory: 198656K Free: 143904K (72%)
----------------- Invoking toplevel() on ptolemy.moml.MoMLSimpleApplication@5c38265
----------------- Done invoking toplevel() on ptolemy.moml.MoMLSimpleApplication@5c38265
reloadAllAccessors: .AbsentToPresent

===========================================================================================
----------------- testing Fri Jul 19 05:09:34 UTC 2019 /home/travis/build/icyphy/ptII/ptolemy/domains/modal/test/auto/Blending.xml
----------------- Instantiating /home/travis/build/icyphy/ptII/ptolemy/domains/modal/test/auto/Blending.xml
177 ms. Memory: 198656K Free: 98863K (50%)
----------------- Invoking toplevel() on ptolemy.moml.MoMLSimpleApplication@545aecf5
----------------- Done invoking toplevel() on ptolemy.moml.MoMLSimpleApplication@545aecf5
reloadAllAccessors: .Blending

===========================================================================================
----------------- testing Fri Jul 19 05:09:34 UTC 2019 /home/travis/build/icyphy/ptII/ptolemy/domains/modal/test/auto/Broadcast.xml
----------------- Instantiating /home/travis/build/icyphy/ptII/ptolemy/domains/modal/test/auto/Broadcast.xml
7 ms. Memory: 198656K Free: 88623K (45%)
----------------- Invoking toplevel() on ptolemy.moml.MoMLSimpleApplication@49e74578
----------------- Done invoking toplevel() on ptolemy.moml.MoMLSimpleApplication@49e74578
reloadAllAccessors: .Broadcast

===========================================================================================
----------------- testing Fri Jul 19 05:09:34 UTC 2019 /home/travis/build/icyphy/ptII/ptolemy/domains/modal/test/auto/BroadcastHierarchy.xml
----------------- Instantiating /home/travis/build/icyphy/ptII/ptolemy/domains/modal/test/auto/BroadcastHierarchy.xml
12 ms. Memory: 198656K Free: 170031K (86%)
----------------- Invoking toplevel() on ptolemy.moml.MoMLSimpleApplication@31f8ca7a
----------------- Done invoking toplevel() on ptolemy.moml.MoMLSimpleApplication@31f8ca7a
reloadAllAccessors: .BroadcastHierarchy

===========================================================================================
----------------- testing Fri Jul 19 05:09:34 UTC 2019 /home/travis/build/icyphy/ptII/ptolemy/domains/modal/test/auto/BroadcastHierarchy2.xml
----------------- Instantiating /home/travis/build/icyphy/ptII/ptolemy/domains/modal/test/auto/BroadcastHierarchy2.xml
31 ms. Memory: 198656K Free: 142897K (72%)
----------------- Invoking toplevel() on ptolemy.moml.MoMLSimpleApplication@527dcc35
----------------- Done invoking toplevel() on ptolemy.moml.MoMLSimpleApplication@527dcc35
reloadAllAccessors: .BroadcastHierarchy2

===========================================================================================
----------------- testing Fri Jul 19 05:09:35 UTC 2019 /home/travis/build/icyphy/ptII/ptolemy/domains/modal/test/auto/BroadcastHierarchy3.xml
----------------- Instantiating /home/travis/build/icyphy/ptII/ptolemy/domains/modal/test/auto/BroadcastHierarchy3.xml
27 ms. Memory: 198656K Free: 122417K (62%)
----------------- Invoking toplevel() on ptolemy.moml.MoMLSimpleApplication@2a222518
----------------- Done invoking toplevel() on ptolemy.moml.MoMLSimpleApplication@2a222518
reloadAllAccessors: .BroadcastHierarchy3

===========================================================================================
----------------- testing Fri Jul 19 05:09:35 UTC 2019 /home/travis/build/icyphy/ptII/ptolemy/domains/modal/test/auto/BroadcastHierarchy4.xml
----------------- Instantiating /home/travis/build/icyphy/ptII/ptolemy/domains/modal/test/auto/BroadcastHierarchy4.xml
17 ms. Memory: 198656K Free: 97841K (49%)
----------------- Invoking toplevel() on ptolemy.moml.MoMLSimpleApplication@2bcded42
----------------- Done invoking toplevel() on ptolemy.moml.MoMLSimpleApplication@2bcded42
reloadAllAccessors: .BroadcastHierarchy4

===========================================================================================
----------------- testing Fri Jul 19 05:09:35 UTC 2019 /home/travis/build/icyphy/ptII/ptolemy/domains/modal/test/auto/CannotAnalysisWithPreemption2.xml
----------------- Instantiating /home/travis/build/icyphy/ptII/ptolemy/domains/modal/test/auto/CannotAnalysisWithPreemption2.xml
5 ms. Memory: 198656K Free: 90673K (46%)
----------------- Invoking toplevel() on ptolemy.moml.MoMLSimpleApplication@2f3420b
----------------- Done invoking toplevel() on ptolemy.moml.MoMLSimpleApplication@2f3420b
reloadAllAccessors: .CannotAnalysisWithPreemption2

===========================================================================================
----------------- testing Fri Jul 19 05:09:35 UTC 2019 /home/travis/build/icyphy/ptII/ptolemy/domains/modal/test/auto/CannotAnalysisWithPreemption3.xml
----------------- Instantiating /home/travis/build/icyphy/ptII/ptolemy/domains/modal/test/auto/CannotAnalysisWithPreemption3.xml
7 ms. Memory: 198656K Free: 80433K (40%)
----------------- Invoking toplevel() on ptolemy.moml.MoMLSimpleApplication@539afdcc
----------------- Done invoking toplevel() on ptolemy.moml.MoMLSimpleApplication@539afdcc
reloadAllAccessors: .CannotAnalysisWithPreemption3

===========================================================================================
----------------- testing Fri Jul 19 05:09:35 UTC 2019 /home/travis/build/icyphy/ptII/ptolemy/domains/modal/test/auto/CannotProduce.xml
----------------- Instantiating /home/travis/build/icyphy/ptII/ptolemy/domains/modal/test/auto/CannotProduce.xml
14 ms. Memory: 198656K Free: 74289K (37%)
----------------- Invoking toplevel() on ptolemy.moml.MoMLSimpleApplication@2162c33c
----------------- Done invoking toplevel() on ptolemy.moml.MoMLSimpleApplication@2162c33c
reloadAllAccessors: .CannotProduce

===========================================================================================
----------------- testing Fri Jul 19 05:09:35 UTC 2019 /home/travis/build/icyphy/ptII/ptolemy/domains/modal/test/auto/CannotProduceModal.xml
----------------- Instantiating /home/travis/build/icyphy/ptII/ptolemy/domains/modal/test/auto/CannotProduceModal.xml
7 ms. Memory: 198656K Free: 67121K (34%)
----------------- Invoking toplevel() on ptolemy.moml.MoMLSimpleApplication@32654ebb
----------------- Done invoking toplevel() on ptolemy.moml.MoMLSimpleApplication@32654ebb
reloadAllAccessors: .CannotProduceModal

===========================================================================================
----------------- testing Fri Jul 19 05:09:35 UTC 2019 /home/travis/build/icyphy/ptII/ptolemy/domains/modal/test/auto/Case.xml
----------------- Instantiating /home/travis/build/icyphy/ptII/ptolemy/domains/modal/test/auto/Case.xml
41 ms. Memory: 198656K Free: 170783K (86%)
----------------- Invoking toplevel() on ptolemy.moml.MoMLSimpleApplication@2639c6e7
----------------- Done invoking toplevel() on ptolemy.moml.MoMLSimpleApplication@2639c6e7
reloadAllAccessors: .Case

===========================================================================================
----------------- testing Fri Jul 19 05:09:35 UTC 2019 /home/travis/build/icyphy/ptII/ptolemy/domains/modal/test/auto/Case1.xml
----------------- Instantiating /home/travis/build/icyphy/ptII/ptolemy/domains/modal/test/auto/Case1.xml
9 ms. Memory: 198656K Free: 163101K (82%)
----------------- Invoking toplevel() on ptolemy.moml.MoMLSimpleApplication@6c74dac2
----------------- Done invoking toplevel() on ptolemy.moml.MoMLSimpleApplication@6c74dac2
reloadAllAccessors: .Case1

===========================================================================================
----------------- testing Fri Jul 19 05:09:35 UTC 2019 /home/travis/build/icyphy/ptII/ptolemy/domains/modal/test/auto/Case2.xml
----------------- Instantiating /home/travis/build/icyphy/ptII/ptolemy/domains/modal/test/auto/Case2.xml
17 ms. Memory: 198656K Free: 152351K (77%)
----------------- Invoking toplevel() on ptolemy.moml.MoMLSimpleApplication@7ed4467f
----------------- Done invoking toplevel() on ptolemy.moml.MoMLSimpleApplication@7ed4467f
reloadAllAccessors: .Case2

===========================================================================================
----------------- testing Fri Jul 19 05:09:35 UTC 2019 /home/travis/build/icyphy/ptII/ptolemy/domains/modal/test/auto/CausalityInterface1.xml
----------------- Instantiating /home/travis/build/icyphy/ptII/ptolemy/domains/modal/test/auto/CausalityInterface1.xml
4 ms. Memory: 198656K Free: 147231K (74%)
----------------- Invoking toplevel() on ptolemy.moml.MoMLSimpleApplication@76e1ad1
----------------- Done invoking toplevel() on ptolemy.moml.MoMLSimpleApplication@76e1ad1
reloadAllAccessors: .CausalityInterface1

===========================================================================================
----------------- testing Fri Jul 19 05:09:35 UTC 2019 /home/travis/build/icyphy/ptII/ptolemy/domains/modal/test/auto/CausalityInterface10.xml
----------------- Instantiating /home/travis/build/icyphy/ptII/ptolemy/domains/modal/test/auto/CausalityInterface10.xml
11 ms. Memory: 198656K Free: 133919K (67%)
----------------- Invoking toplevel() on ptolemy.moml.MoMLSimpleApplication@1e0963a0
----------------- Done invoking toplevel() on ptolemy.moml.MoMLSimpleApplication@1e0963a0
reloadAllAccessors: .CausalityInterface10

===========================================================================================
----------------- testing Fri Jul 19 05:09:35 UTC 2019 /home/travis/build/icyphy/ptII/ptolemy/domains/modal/test/auto/CausalityInterface11.xml
----------------- Instantiating /home/travis/build/icyphy/ptII/ptolemy/domains/modal/test/auto/CausalityInterface11.xml
9 ms. Memory: 198656K Free: 120607K (61%)
----------------- Invoking toplevel() on ptolemy.moml.MoMLSimpleApplication@49f0db91
----------------- Done invoking toplevel() on ptolemy.moml.MoMLSimpleApplication@49f0db91
reloadAllAccessors: .CausalityInterface11

===========================================================================================
----------------- testing Fri Jul 19 05:09:35 UTC 2019 /home/travis/build/icyphy/ptII/ptolemy/domains/modal/test/auto/CausalityInterface12.xml
----------------- Instantiating /home/travis/build/icyphy/ptII/ptolemy/domains/modal/test/auto/CausalityInterface12.xml
7 ms. Memory: 198656K Free: 107295K (54%)
----------------- Invoking toplevel() on ptolemy.moml.MoMLSimpleApplication@61eaf4c6
----------------- Done invoking toplevel() on ptolemy.moml.MoMLSimpleApplication@61eaf4c6
reloadAllAccessors: .CausalityInterface12

===========================================================================================
----------------- testing Fri Jul 19 05:09:35 UTC 2019 /home/travis/build/icyphy/ptII/ptolemy/domains/modal/test/auto/CausalityInterface13.xml
----------------- Instantiating /home/travis/build/icyphy/ptII/ptolemy/domains/modal/test/auto/CausalityInterface13.xml
13 ms. Memory: 198656K Free: 93455K (47%)
----------------- Invoking toplevel() on ptolemy.moml.MoMLSimpleApplication@4e82a566
----------------- Done invoking toplevel() on ptolemy.moml.MoMLSimpleApplication@4e82a566
reloadAllAccessors: .CausalityInterface13

===========================================================================================
----------------- testing Fri Jul 19 05:09:35 UTC 2019 /home/travis/build/icyphy/ptII/ptolemy/domains/modal/test/auto/CausalityInterface14.xml
----------------- Instantiating /home/travis/build/icyphy/ptII/ptolemy/domains/modal/test/auto/CausalityInterface14.xml
14 ms. Memory: 198656K Free: 79647K (40%)
----------------- Invoking toplevel() on ptolemy.moml.MoMLSimpleApplication@571dc0
----------------- Done invoking toplevel() on ptolemy.moml.MoMLSimpleApplication@571dc0
reloadAllAccessors: .CausalityInterface14

===========================================================================================
----------------- testing Fri Jul 19 05:09:35 UTC 2019 /home/travis/build/icyphy/ptII/ptolemy/domains/modal/test/auto/CausalityInterface2.xml
----------------- Instantiating /home/travis/build/icyphy/ptII/ptolemy/domains/modal/test/auto/CausalityInterface2.xml
3 ms. Memory: 198656K Free: 73503K (37%)
----------------- Invoking toplevel() on ptolemy.moml.MoMLSimpleApplication@29ce4878
----------------- Done invoking toplevel() on ptolemy.moml.MoMLSimpleApplication@29ce4878
reloadAllAccessors: .CausalityInterface2

===========================================================================================
----------------- testing Fri Jul 19 05:09:35 UTC 2019 /home/travis/build/icyphy/ptII/ptolemy/domains/modal/test/auto/CausalityInterface3.xml
----------------- Instantiating /home/travis/build/icyphy/ptII/ptolemy/domains/modal/test/auto/CausalityInterface3.xml
3 ms. Memory: 198656K Free: 67359K (34%)
----------------- Invoking toplevel() on ptolemy.moml.MoMLSimpleApplication@538b1705
----------------- Done invoking toplevel() on ptolemy.moml.MoMLSimpleApplication@538b1705
reloadAllAccessors: .CausalityInterface3

===========================================================================================
----------------- testing Fri Jul 19 05:09:35 UTC 2019 /home/travis/build/icyphy/ptII/ptolemy/domains/modal/test/auto/CausalityInterface4.xml
----------------- Instantiating /home/travis/build/icyphy/ptII/ptolemy/domains/modal/test/auto/CausalityInterface4.xml
4 ms. Memory: 198656K Free: 175665K (88%)
----------------- Invoking toplevel() on ptolemy.moml.MoMLSimpleApplication@3ff5678b
----------------- Done invoking toplevel() on ptolemy.moml.MoMLSimpleApplication@3ff5678b
reloadAllAccessors: .CausalityInterface4

===========================================================================================
----------------- testing Fri Jul 19 05:09:35 UTC 2019 /home/travis/build/icyphy/ptII/ptolemy/domains/modal/test/auto/CausalityInterface5.xml
----------------- Instantiating /home/travis/build/icyphy/ptII/ptolemy/domains/modal/test/auto/CausalityInterface5.xml
5 ms. Memory: 198656K Free: 166928K (84%)
----------------- Invoking toplevel() on ptolemy.moml.MoMLSimpleApplication@5f7c7e25
----------------- Done invoking toplevel() on ptolemy.moml.MoMLSimpleApplication@5f7c7e25
reloadAllAccessors: .CausalityInterface5

===========================================================================================
----------------- testing Fri Jul 19 05:09:36 UTC 2019 /home/travis/build/icyphy/ptII/ptolemy/domains/modal/test/auto/CausalityInterface6.xml
----------------- Instantiating /home/travis/build/icyphy/ptII/ptolemy/domains/modal/test/auto/CausalityInterface6.xml
5 ms. Memory: 198656K Free: 158752K (80%)
----------------- Invoking toplevel() on ptolemy.moml.MoMLSimpleApplication@47578a3f
----------------- Done invoking toplevel() on ptolemy.moml.MoMLSimpleApplication@47578a3f
reloadAllAccessors: .CausalityInterface6

===========================================================================================
----------------- testing Fri Jul 19 05:09:36 UTC 2019 /home/travis/build/icyphy/ptII/ptolemy/domains/modal/test/auto/CausalityInterface7.xml
----------------- Instantiating /home/travis/build/icyphy/ptII/ptolemy/domains/modal/test/auto/CausalityInterface7.xml
6 ms. Memory: 198656K Free: 150560K (76%)
----------------- Invoking toplevel() on ptolemy.moml.MoMLSimpleApplication@ddf3122
----------------- Done invoking toplevel() on ptolemy.moml.MoMLSimpleApplication@ddf3122
reloadAllAccessors: .CausalityInterface7

===========================================================================================
----------------- testing Fri Jul 19 05:09:36 UTC 2019 /home/travis/build/icyphy/ptII/ptolemy/domains/modal/test/auto/CausalityInterface8.xml
----------------- Instantiating /home/travis/build/icyphy/ptII/ptolemy/domains/modal/test/auto/CausalityInterface8.xml
4 ms. Memory: 198656K Free: 142376K (72%)
----------------- Invoking toplevel() on ptolemy.moml.MoMLSimpleApplication@2f475428
----------------- Done invoking toplevel() on ptolemy.moml.MoMLSimpleApplication@2f475428
reloadAllAccessors: .CausalityInterface8

===========================================================================================
----------------- testing Fri Jul 19 05:09:36 UTC 2019 /home/travis/build/icyphy/ptII/ptolemy/domains/modal/test/auto/CausalityInterface9.xml
----------------- Instantiating /home/travis/build/icyphy/ptII/ptolemy/domains/modal/test/auto/CausalityInterface9.xml
5 ms. Memory: 198656K Free: 132128K (67%)
----------------- Invoking toplevel() on ptolemy.moml.MoMLSimpleApplication@7de63920
----------------- Done invoking toplevel() on ptolemy.moml.MoMLSimpleApplication@7de63920
reloadAllAccessors: .CausalityInterface9

===========================================================================================
----------------- testing Fri Jul 19 05:09:36 UTC 2019 /home/travis/build/icyphy/ptII/ptolemy/domains/modal/test/auto/ChainedTransitions.xml
----------------- Instantiating /home/travis/build/icyphy/ptII/ptolemy/domains/modal/test/auto/ChainedTransitions.xml
93 ms. Memory: 198656K Free: 107567K (54%)
----------------- Invoking toplevel() on ptolemy.moml.MoMLSimpleApplication@5e281c30
----------------- Done invoking toplevel() on ptolemy.moml.MoMLSimpleApplication@5e281c30
reloadAllAccessors: .ChainedTransitions

===========================================================================================
----------------- testing Fri Jul 19 05:09:36 UTC 2019 /home/travis/build/icyphy/ptII/ptolemy/domains/modal/test/auto/CycleOfImmediateTransitionsFSM.xml
----------------- Instantiating /home/travis/build/icyphy/ptII/ptolemy/domains/modal/test/auto/CycleOfImmediateTransitionsFSM.xml
2 ms. Memory: 198656K Free: 101937K (51%)
----------------- Invoking toplevel() on ptolemy.moml.MoMLSimpleApplication@7b149b7e
----------------- Done invoking toplevel() on ptolemy.moml.MoMLSimpleApplication@7b149b7e
reloadAllAccessors: .CycleOfImmediateTransitionsFSM

===========================================================================================
----------------- testing Fri Jul 19 05:09:36 UTC 2019 /home/travis/build/icyphy/ptII/ptolemy/domains/modal/test/auto/CycleOfImmediateTransitionsModal.xml
----------------- Instantiating /home/travis/build/icyphy/ptII/ptolemy/domains/modal/test/auto/CycleOfImmediateTransitionsModal.xml
3 ms. Memory: 198656K Free: 95793K (48%)
----------------- Invoking toplevel() on ptolemy.moml.MoMLSimpleApplication@43f784fe
----------------- Done invoking toplevel() on ptolemy.moml.MoMLSimpleApplication@43f784fe
reloadAllAccessors: .CycleOfImmediateTransitionsModal

===========================================================================================
----------------- testing Fri Jul 19 05:09:36 UTC 2019 /home/travis/build/icyphy/ptII/ptolemy/domains/modal/test/auto/CycleOfImmediateTransitionsModal2.xml
----------------- Instantiating /home/travis/build/icyphy/ptII/ptolemy/domains/modal/test/auto/CycleOfImmediateTransitionsModal2.xml
2 ms. Memory: 198656K Free: 89135K (45%)
----------------- Invoking toplevel() on ptolemy.moml.MoMLSimpleApplication@36ad8c0a
----------------- Done invoking toplevel() on ptolemy.moml.MoMLSimpleApplication@36ad8c0a
reloadAllAccessors: .CycleOfImmediateTransitionsModal2

===========================================================================================
----------------- testing Fri Jul 19 05:09:36 UTC 2019 /home/travis/build/icyphy/ptII/ptolemy/domains/modal/test/auto/CycleOfImmediateTransitionsModal3.xml
----------------- Instantiating /home/travis/build/icyphy/ptII/ptolemy/domains/modal/test/auto/CycleOfImmediateTransitionsModal3.xml
7 ms. Memory: 198656K Free: 66592K (34%)
----------------- Invoking toplevel() on ptolemy.moml.MoMLSimpleApplication@5d1d7d23
----------------- Done invoking toplevel() on ptolemy.moml.MoMLSimpleApplication@5d1d7d23
reloadAllAccessors: .CycleOfImmediateTransitionsModal3

===========================================================================================
----------------- testing Fri Jul 19 05:09:36 UTC 2019 /home/travis/build/icyphy/ptII/ptolemy/domains/modal/test/auto/DeepModal1.xml
----------------- Instantiating /home/travis/build/icyphy/ptII/ptolemy/domains/modal/test/auto/DeepModal1.xml
28 ms. Memory: 238592K Free: 207409K (87%)
----------------- Invoking toplevel() on ptolemy.moml.MoMLSimpleApplication@5b03bd75
----------------- Done invoking toplevel() on ptolemy.moml.MoMLSimpleApplication@5b03bd75
reloadAllAccessors: .DeepModal1

===========================================================================================
----------------- testing Fri Jul 19 05:09:36 UTC 2019 /home/travis/build/icyphy/ptII/ptolemy/domains/modal/test/auto/DeepModal2.xml
----------------- Instantiating /home/travis/build/icyphy/ptII/ptolemy/domains/modal/test/auto/DeepModal2.xml
37 ms. Memory: 238592K Free: 188463K (79%)
----------------- Invoking toplevel() on ptolemy.moml.MoMLSimpleApplication@3c7c41a1
----------------- Done invoking toplevel() on ptolemy.moml.MoMLSimpleApplication@3c7c41a1
reloadAllAccessors: .DeepModal2

===========================================================================================
----------------- testing Fri Jul 19 05:09:36 UTC 2019 /home/travis/build/icyphy/ptII/ptolemy/domains/modal/test/auto/DeepModal3.xml
----------------- Instantiating /home/travis/build/icyphy/ptII/ptolemy/domains/modal/test/auto/DeepModal3.xml
19 ms. Memory: 238592K Free: 169007K (71%)
----------------- Invoking toplevel() on ptolemy.moml.MoMLSimpleApplication@aa76a6d
----------------- Done invoking toplevel() on ptolemy.moml.MoMLSimpleApplication@aa76a6d
reloadAllAccessors: .DeepModal3

===========================================================================================
----------------- testing Fri Jul 19 05:09:36 UTC 2019 /home/travis/build/icyphy/ptII/ptolemy/domains/modal/test/auto/DeepModal4.xml
----------------- Instantiating /home/travis/build/icyphy/ptII/ptolemy/domains/modal/test/auto/DeepModal4.xml
29 ms. Memory: 238592K Free: 150065K (63%)
----------------- Invoking toplevel() on ptolemy.moml.MoMLSimpleApplication@4ad3f6f4
----------------- Done invoking toplevel() on ptolemy.moml.MoMLSimpleApplication@4ad3f6f4
reloadAllAccessors: .DeepModal4

===========================================================================================
----------------- testing Fri Jul 19 05:09:36 UTC 2019 /home/travis/build/icyphy/ptII/ptolemy/domains/modal/test/auto/Default1.xml
----------------- Instantiating /home/travis/build/icyphy/ptII/ptolemy/domains/modal/test/auto/Default1.xml
2 ms. Memory: 238592K Free: 143921K (60%)
----------------- Invoking toplevel() on ptolemy.moml.MoMLSimpleApplication@1f6c9b8f
----------------- Done invoking toplevel() on ptolemy.moml.MoMLSimpleApplication@1f6c9b8f
reloadAllAccessors: .Default1

===========================================================================================
----------------- testing Fri Jul 19 05:09:36 UTC 2019 /home/travis/build/icyphy/ptII/ptolemy/domains/modal/test/auto/Default2.xml
----------------- Instantiating /home/travis/build/icyphy/ptII/ptolemy/domains/modal/test/auto/Default2.xml
10 ms. Memory: 238592K Free: 138274K (58%)
----------------- Invoking toplevel() on ptolemy.moml.MoMLSimpleApplication@6240f499
----------------- Done invoking toplevel() on ptolemy.moml.MoMLSimpleApplication@6240f499
reloadAllAccessors: .Default2

===========================================================================================
----------------- testing Fri Jul 19 05:09:36 UTC 2019 /home/travis/build/icyphy/ptII/ptolemy/domains/modal/test/auto/Default3.xml
----------------- Instantiating /home/travis/build/icyphy/ptII/ptolemy/domains/modal/test/auto/Default3.xml
6 ms. Memory: 238592K Free: 132657K (56%)
----------------- Invoking toplevel() on ptolemy.moml.MoMLSimpleApplication@54be73db
----------------- Done invoking toplevel() on ptolemy.moml.MoMLSimpleApplication@54be73db
reloadAllAccessors: .Default3

===========================================================================================
----------------- testing Fri Jul 19 05:09:36 UTC 2019 /home/travis/build/icyphy/ptII/ptolemy/domains/modal/test/auto/Default4.xml
----------------- Instantiating /home/travis/build/icyphy/ptII/ptolemy/domains/modal/test/auto/Default4.xml
5 ms. Memory: 238592K Free: 125999K (53%)
----------------- Invoking toplevel() on ptolemy.moml.MoMLSimpleApplication@2c313cbc
----------------- Done invoking toplevel() on ptolemy.moml.MoMLSimpleApplication@2c313cbc
reloadAllAccessors: .Default4

===========================================================================================
----------------- testing Fri Jul 19 05:09:36 UTC 2019 /home/travis/build/icyphy/ptII/ptolemy/domains/modal/test/auto/Default5.xml
----------------- Instantiating /home/travis/build/icyphy/ptII/ptolemy/domains/modal/test/auto/Default5.xml
7 ms. Memory: 238592K Free: 118321K (50%)
----------------- Invoking toplevel() on ptolemy.moml.MoMLSimpleApplication@34917ec3
----------------- Done invoking toplevel() on ptolemy.moml.MoMLSimpleApplication@34917ec3
reloadAllAccessors: .Default5

===========================================================================================
----------------- testing Fri Jul 19 05:09:36 UTC 2019 /home/travis/build/icyphy/ptII/ptolemy/domains/modal/test/auto/EmptyGuard.xml
----------------- Instantiating /home/travis/build/icyphy/ptII/ptolemy/domains/modal/test/auto/EmptyGuard.xml
12 ms. Memory: 238592K Free: 110129K (46%)
----------------- Invoking toplevel() on ptolemy.moml.MoMLSimpleApplication@53c6fadd
----------------- Done invoking toplevel() on ptolemy.moml.MoMLSimpleApplication@53c6fadd
reloadAllAccessors: .EmptyGuard

===========================================================================================
----------------- testing Fri Jul 19 05:09:36 UTC 2019 /home/travis/build/icyphy/ptII/ptolemy/domains/modal/test/auto/ErrorTransition1.xml
----------------- Instantiating /home/travis/build/icyphy/ptII/ptolemy/domains/modal/test/auto/ErrorTransition1.xml
9 ms. Memory: 238592K Free: 101423K (43%)
----------------- Invoking toplevel() on ptolemy.moml.MoMLSimpleApplication@5980f560
----------------- Done invoking toplevel() on ptolemy.moml.MoMLSimpleApplication@5980f560
reloadAllAccessors: .ErrorTransition1

===========================================================================================
----------------- testing Fri Jul 19 05:09:36 UTC 2019 /home/travis/build/icyphy/ptII/ptolemy/domains/modal/test/auto/ErrorTransition10.xml
----------------- Instantiating /home/travis/build/icyphy/ptII/ptolemy/domains/modal/test/auto/ErrorTransition10.xml
13 ms. Memory: 238592K Free: 88080K (37%)
----------------- Invoking toplevel() on ptolemy.moml.MoMLSimpleApplication@3c663386
----------------- Done invoking toplevel() on ptolemy.moml.MoMLSimpleApplication@3c663386
reloadAllAccessors: .ErrorTransition10

===========================================================================================
----------------- testing Fri Jul 19 05:09:37 UTC 2019 /home/travis/build/icyphy/ptII/ptolemy/domains/modal/test/auto/ErrorTransition11.xml
----------------- Instantiating /home/travis/build/icyphy/ptII/ptolemy/domains/modal/test/auto/ErrorTransition11.xml
4 ms. Memory: 238592K Free: 215087K (90%)
----------------- Invoking toplevel() on ptolemy.moml.MoMLSimpleApplication@352d7a0a
----------------- Done invoking toplevel() on ptolemy.moml.MoMLSimpleApplication@352d7a0a
reloadAllAccessors: .ErrorTransition11

===========================================================================================
----------------- testing Fri Jul 19 05:09:37 UTC 2019 /home/travis/build/icyphy/ptII/ptolemy/domains/modal/test/auto/ErrorTransition2.xml
----------------- Instantiating /home/travis/build/icyphy/ptII/ptolemy/domains/modal/test/auto/ErrorTransition2.xml
7 ms. Memory: 238592K Free: 205871K (86%)
----------------- Invoking toplevel() on ptolemy.moml.MoMLSimpleApplication@1190432a
----------------- Done invoking toplevel() on ptolemy.moml.MoMLSimpleApplication@1190432a
reloadAllAccessors: .ErrorTransition2

===========================================================================================
----------------- testing Fri Jul 19 05:09:37 UTC 2019 /home/travis/build/icyphy/ptII/ptolemy/domains/modal/test/auto/ErrorTransition3.xml
----------------- Instantiating /home/travis/build/icyphy/ptII/ptolemy/domains/modal/test/auto/ErrorTransition3.xml
17 ms. Memory: 238592K Free: 196145K (82%)
----------------- Invoking toplevel() on ptolemy.moml.MoMLSimpleApplication@72a08e97
----------------- Done invoking toplevel() on ptolemy.moml.MoMLSimpleApplication@72a08e97
reloadAllAccessors: .ErrorTransition3

===========================================================================================
----------------- testing Fri Jul 19 05:09:37 UTC 2019 /home/travis/build/icyphy/ptII/ptolemy/domains/modal/test/auto/ErrorTransition4.xml
----------------- Instantiating /home/travis/build/icyphy/ptII/ptolemy/domains/modal/test/auto/ErrorTransition4.xml
9 ms. Memory: 238592K Free: 184881K (77%)
----------------- Invoking toplevel() on ptolemy.moml.MoMLSimpleApplication@4fd6e2bf
----------------- Done invoking toplevel() on ptolemy.moml.MoMLSimpleApplication@4fd6e2bf
reloadAllAccessors: .ErrorTransition4

===========================================================================================
----------------- testing Fri Jul 19 05:09:37 UTC 2019 /home/travis/build/icyphy/ptII/ptolemy/domains/modal/test/auto/ErrorTransition5.xml
----------------- Instantiating /home/travis/build/icyphy/ptII/ptolemy/domains/modal/test/auto/ErrorTransition5.xml
10 ms. Memory: 238592K Free: 174641K (73%)
----------------- Invoking toplevel() on ptolemy.moml.MoMLSimpleApplication@3258cfeb
----------------- Done invoking toplevel() on ptolemy.moml.MoMLSimpleApplication@3258cfeb
reloadAllAccessors: .ErrorTransition5

===========================================================================================
----------------- testing Fri Jul 19 05:09:37 UTC 2019 /home/travis/build/icyphy/ptII/ptolemy/domains/modal/test/auto/ErrorTransition6.xml
----------------- Instantiating /home/travis/build/icyphy/ptII/ptolemy/domains/modal/test/auto/ErrorTransition6.xml
9 ms. Memory: 238592K Free: 163887K (69%)
----------------- Invoking toplevel() on ptolemy.moml.MoMLSimpleApplication@16a135c5
----------------- Done invoking toplevel() on ptolemy.moml.MoMLSimpleApplication@16a135c5
reloadAllAccessors: .ErrorTransition6

===========================================================================================
----------------- testing Fri Jul 19 05:09:37 UTC 2019 /home/travis/build/icyphy/ptII/ptolemy/domains/modal/test/auto/ErrorTransition7.xml
----------------- Instantiating /home/travis/build/icyphy/ptII/ptolemy/domains/modal/test/auto/ErrorTransition7.xml
20 ms. Memory: 238592K Free: 151089K (63%)
----------------- Invoking toplevel() on ptolemy.moml.MoMLSimpleApplication@59bc1569
----------------- Done invoking toplevel() on ptolemy.moml.MoMLSimpleApplication@59bc1569
reloadAllAccessors: .ErrorTransition7

===========================================================================================
----------------- testing Fri Jul 19 05:09:37 UTC 2019 /home/travis/build/icyphy/ptII/ptolemy/domains/modal/test/auto/ErrorTransition8.xml
----------------- Instantiating /home/travis/build/icyphy/ptII/ptolemy/domains/modal/test/auto/ErrorTransition8.xml
35 ms. Memory: 238592K Free: 138287K (58%)
----------------- Invoking toplevel() on ptolemy.moml.MoMLSimpleApplication@316227d6
----------------- Done invoking toplevel() on ptolemy.moml.MoMLSimpleApplication@316227d6
reloadAllAccessors: .ErrorTransition8

===========================================================================================
----------------- testing Fri Jul 19 05:09:37 UTC 2019 /home/travis/build/icyphy/ptII/ptolemy/domains/modal/test/auto/ErrorTransition9.xml
----------------- Instantiating /home/travis/build/icyphy/ptII/ptolemy/domains/modal/test/auto/ErrorTransition9.xml
9 ms. Memory: 238592K Free: 124960K (52%)
----------------- Invoking toplevel() on ptolemy.moml.MoMLSimpleApplication@39d534f2
----------------- Done invoking toplevel() on ptolemy.moml.MoMLSimpleApplication@39d534f2
reloadAllAccessors: .ErrorTransition9

===========================================================================================
----------------- testing Fri Jul 19 05:09:37 UTC 2019 /home/travis/build/icyphy/ptII/ptolemy/domains/modal/test/auto/ExtendedFSM.xml
----------------- Instantiating /home/travis/build/icyphy/ptII/ptolemy/domains/modal/test/auto/ExtendedFSM.xml
6 ms. Memory: 238592K Free: 116273K (49%)
----------------- Invoking toplevel() on ptolemy.moml.MoMLSimpleApplication@4931c934
----------------- Done invoking toplevel() on ptolemy.moml.MoMLSimpleApplication@4931c934
reloadAllAccessors: .ExtendedFSM

===========================================================================================
----------------- testing Fri Jul 19 05:09:37 UTC 2019 /home/travis/build/icyphy/ptII/ptolemy/domains/modal/test/auto/FinalStates.xml
----------------- Instantiating /home/travis/build/icyphy/ptII/ptolemy/domains/modal/test/auto/FinalStates.xml
4 ms. Memory: 238592K Free: 108081K (45%)
----------------- Invoking toplevel() on ptolemy.moml.MoMLSimpleApplication@1b7c9b11
----------------- Done invoking toplevel() on ptolemy.moml.MoMLSimpleApplication@1b7c9b11
reloadAllAccessors: .FinalStates

===========================================================================================
----------------- testing Fri Jul 19 05:09:37 UTC 2019 /home/travis/build/icyphy/ptII/ptolemy/domains/modal/test/auto/FixedPointFSM.xml
----------------- Instantiating /home/travis/build/icyphy/ptII/ptolemy/domains/modal/test/auto/FixedPointFSM.xml
14 ms. Memory: 238592K Free: 93224K (39%)
----------------- Invoking toplevel() on ptolemy.moml.MoMLSimpleApplication@4d279598
----------------- Done invoking toplevel() on ptolemy.moml.MoMLSimpleApplication@4d279598
reloadAllAccessors: .FixedPointFSM

===========================================================================================
----------------- testing Fri Jul 19 05:09:37 UTC 2019 /home/travis/build/icyphy/ptII/ptolemy/domains/modal/test/auto/FixedPointIterationFSMActor.xml
----------------- Instantiating /home/travis/build/icyphy/ptII/ptolemy/domains/modal/test/auto/FixedPointIterationFSMActor.xml
6 ms. Memory: 238592K Free: 82984K (35%)
----------------- Invoking toplevel() on ptolemy.moml.MoMLSimpleApplication@643fdce1
----------------- Done invoking toplevel() on ptolemy.moml.MoMLSimpleApplication@643fdce1
reloadAllAccessors: .FixedPointIterationFSMActor

===========================================================================================
----------------- testing Fri Jul 19 05:09:37 UTC 2019 /home/travis/build/icyphy/ptII/ptolemy/domains/modal/test/auto/FixedPointIterationFSMActor2.xml
----------------- Instantiating /home/travis/build/icyphy/ptII/ptolemy/domains/modal/test/auto/FixedPointIterationFSMActor2.xml
9 ms. Memory: 238592K Free: 208037K (87%)
----------------- Invoking toplevel() on ptolemy.moml.MoMLSimpleApplication@452ca509
----------------- Done invoking toplevel() on ptolemy.moml.MoMLSimpleApplication@452ca509
reloadAllAccessors: .FixedPointIterationFSMActor2

===========================================================================================
----------------- testing Fri Jul 19 05:09:37 UTC 2019 /home/travis/build/icyphy/ptII/ptolemy/domains/modal/test/auto/ForbiddenInstantanousLoop.xml
----------------- Instantiating /home/travis/build/icyphy/ptII/ptolemy/domains/modal/test/auto/ForbiddenInstantanousLoop.xml
5 ms. Memory: 238592K Free: 195749K (82%)
----------------- Invoking toplevel() on ptolemy.moml.MoMLSimpleApplication@21c665c7
----------------- Done invoking toplevel() on ptolemy.moml.MoMLSimpleApplication@21c665c7
reloadAllAccessors: .ForbiddenInstantanousLoop

===========================================================================================
----------------- testing Fri Jul 19 05:09:37 UTC 2019 /home/travis/build/icyphy/ptII/ptolemy/domains/modal/test/auto/FunctionDependencyOfFSMActorTest.xml
----------------- Instantiating /home/travis/build/icyphy/ptII/ptolemy/domains/modal/test/auto/FunctionDependencyOfFSMActorTest.xml
8 ms. Memory: 238592K Free: 189077K (79%)
----------------- Invoking toplevel() on ptolemy.moml.MoMLSimpleApplication@7f775618
----------------- Done invoking toplevel() on ptolemy.moml.MoMLSimpleApplication@7f775618
reloadAllAccessors: .FunctionDependencyOfFSMActorTest

===========================================================================================
----------------- testing Fri Jul 19 05:09:37 UTC 2019 /home/travis/build/icyphy/ptII/ptolemy/domains/modal/test/auto/GuardExpression.xml
----------------- Instantiating /home/travis/build/icyphy/ptII/ptolemy/domains/modal/test/auto/GuardExpression.xml
2 ms. Memory: 238592K Free: 183971K (77%)
----------------- Invoking toplevel() on ptolemy.moml.MoMLSimpleApplication@1e0f9c24
----------------- Done invoking toplevel() on ptolemy.moml.MoMLSimpleApplication@1e0f9c24
reloadAllAccessors: .GuardExpression

===========================================================================================
----------------- testing Fri Jul 19 05:09:37 UTC 2019 /home/travis/build/icyphy/ptII/ptolemy/domains/modal/test/auto/GuardNotEvaluated.xml
----------------- Instantiating /home/travis/build/icyphy/ptII/ptolemy/domains/modal/test/auto/GuardNotEvaluated.xml
5 ms. Memory: 238592K Free: 174755K (73%)
----------------- Invoking toplevel() on ptolemy.moml.MoMLSimpleApplication@74404927
----------------- Done invoking toplevel() on ptolemy.moml.MoMLSimpleApplication@74404927
reloadAllAccessors: .GuardNotEvaluated

===========================================================================================
----------------- testing Fri Jul 19 05:09:37 UTC 2019 /home/travis/build/icyphy/ptII/ptolemy/domains/modal/test/auto/GuardNotEvaluated2.xml
----------------- Instantiating /home/travis/build/icyphy/ptII/ptolemy/domains/modal/test/auto/GuardNotEvaluated2.xml
7 ms. Memory: 238592K Free: 165029K (69%)
----------------- Invoking toplevel() on ptolemy.moml.MoMLSimpleApplication@73795f80
----------------- Done invoking toplevel() on ptolemy.moml.MoMLSimpleApplication@73795f80
reloadAllAccessors: .GuardNotEvaluated2

===========================================================================================
----------------- testing Fri Jul 19 05:09:37 UTC 2019 /home/travis/build/icyphy/ptII/ptolemy/domains/modal/test/auto/GuardOnAbsent.xml
----------------- Instantiating /home/travis/build/icyphy/ptII/ptolemy/domains/modal/test/auto/GuardOnAbsent.xml
8 ms. Memory: 238592K Free: 157341K (66%)
----------------- Invoking toplevel() on ptolemy.moml.MoMLSimpleApplication@5df3b232
----------------- Done invoking toplevel() on ptolemy.moml.MoMLSimpleApplication@5df3b232
reloadAllAccessors: .GuardOnAbsent

===========================================================================================
----------------- testing Fri Jul 19 05:09:37 UTC 2019 /home/travis/build/icyphy/ptII/ptolemy/domains/modal/test/auto/HierarchicalFSMTypeInference.xml
----------------- Instantiating /home/travis/build/icyphy/ptII/ptolemy/domains/modal/test/auto/HierarchicalFSMTypeInference.xml
3 ms. Memory: 238592K Free: 147107K (62%)
----------------- Invoking toplevel() on ptolemy.moml.MoMLSimpleApplication@1e51163d
----------------- Done invoking toplevel() on ptolemy.moml.MoMLSimpleApplication@1e51163d
reloadAllAccessors: .HierarchicalFSMTypeInference

===========================================================================================
----------------- testing Fri Jul 19 05:09:37 UTC 2019 /home/travis/build/icyphy/ptII/ptolemy/domains/modal/test/auto/Hysteresis.xml
----------------- Instantiating /home/travis/build/icyphy/ptII/ptolemy/domains/modal/test/auto/Hysteresis.xml
11 ms. Memory: 238592K Free: 133781K (56%)
----------------- Invoking toplevel() on ptolemy.moml.MoMLSimpleApplication@571f3a26
----------------- Done invoking toplevel() on ptolemy.moml.MoMLSimpleApplication@571f3a26
reloadAllAccessors: .Hysteresis

===========================================================================================
----------------- testing Fri Jul 19 05:09:37 UTC 2019 /home/travis/build/icyphy/ptII/ptolemy/domains/modal/test/auto/HysteresisWithDefault.xml
----------------- Instantiating /home/travis/build/icyphy/ptII/ptolemy/domains/modal/test/auto/HysteresisWithDefault.xml
37 ms. Memory: 238592K Free: 110757K (46%)
----------------- Invoking toplevel() on ptolemy.moml.MoMLSimpleApplication@1f2c345a
----------------- Done invoking toplevel() on ptolemy.moml.MoMLSimpleApplication@1f2c345a
reloadAllAccessors: .HysteresisWithDefault

===========================================================================================
----------------- testing Fri Jul 19 05:09:37 UTC 2019 /home/travis/build/icyphy/ptII/ptolemy/domains/modal/test/auto/HysteresisWithDefault2.xml
----------------- Instantiating /home/travis/build/icyphy/ptII/ptolemy/domains/modal/test/auto/HysteresisWithDefault2.xml
51 ms. Memory: 238592K Free: 218423K (92%)
----------------- Invoking toplevel() on ptolemy.moml.MoMLSimpleApplication@445d86cf
----------------- Done invoking toplevel() on ptolemy.moml.MoMLSimpleApplication@445d86cf
reloadAllAccessors: .HysteresisWithDefault2

===========================================================================================
----------------- testing Fri Jul 19 05:09:38 UTC 2019 /home/travis/build/icyphy/ptII/ptolemy/domains/modal/test/auto/ImmediateNonConstructiveness.xml
----------------- Instantiating /home/travis/build/icyphy/ptII/ptolemy/domains/modal/test/auto/ImmediateNonConstructiveness.xml
3 ms. Memory: 238592K Free: 211186K (89%)
----------------- Invoking toplevel() on ptolemy.moml.MoMLSimpleApplication@c300f71
----------------- Done invoking toplevel() on ptolemy.moml.MoMLSimpleApplication@c300f71
reloadAllAccessors: .ImmediateNonConstructiveness

===========================================================================================
----------------- testing Fri Jul 19 05:09:38 UTC 2019 /home/travis/build/icyphy/ptII/ptolemy/domains/modal/test/auto/ImmediateNonConstructiveness2.xml
----------------- Instantiating /home/travis/build/icyphy/ptII/ptolemy/domains/modal/test/auto/ImmediateNonConstructiveness2.xml
2 ms. Memory: 238592K Free: 204546K (86%)
----------------- Invoking toplevel() on ptolemy.moml.MoMLSimpleApplication@530dcc2f
----------------- Done invoking toplevel() on ptolemy.moml.MoMLSimpleApplication@530dcc2f
reloadAllAccessors: .ImmediateNonConstructiveness2

===========================================================================================
----------------- testing Fri Jul 19 05:09:38 UTC 2019 /home/travis/build/icyphy/ptII/ptolemy/domains/modal/test/auto/ImmediateTransitionReset.xml
----------------- Instantiating /home/travis/build/icyphy/ptII/ptolemy/domains/modal/test/auto/ImmediateTransitionReset.xml
7 ms. Memory: 238592K Free: 192258K (81%)
----------------- Invoking toplevel() on ptolemy.moml.MoMLSimpleApplication@269969c3
----------------- Done invoking toplevel() on ptolemy.moml.MoMLSimpleApplication@269969c3
reloadAllAccessors: .ImmediateTransitionReset

===========================================================================================
----------------- testing Fri Jul 19 05:09:38 UTC 2019 /home/travis/build/icyphy/ptII/ptolemy/domains/modal/test/auto/ImmediateTransitions1.xml
----------------- Instantiating /home/travis/build/icyphy/ptII/ptolemy/domains/modal/test/auto/ImmediateTransitions1.xml
1 ms. Memory: 238592K Free: 187138K (78%)
----------------- Invoking toplevel() on ptolemy.moml.MoMLSimpleApplication@27b30eab
----------------- Done invoking toplevel() on ptolemy.moml.MoMLSimpleApplication@27b30eab
reloadAllAccessors: .ImmediateTransitions1

===========================================================================================
----------------- testing Fri Jul 19 05:09:38 UTC 2019 /home/travis/build/icyphy/ptII/ptolemy/domains/modal/test/auto/ImmediateTransitionsInstantaneousCommunication.xml
----------------- Instantiating /home/travis/build/icyphy/ptII/ptolemy/domains/modal/test/auto/ImmediateTransitionsInstantaneousCommunication.xml
6 ms. Memory: 238592K Free: 174850K (73%)
----------------- Invoking toplevel() on ptolemy.moml.MoMLSimpleApplication@4a0f18d7
----------------- Done invoking toplevel() on ptolemy.moml.MoMLSimpleApplication@4a0f18d7
reloadAllAccessors: .ImmediateTransitionsInstantaneousCommunication

===========================================================================================
----------------- testing Fri Jul 19 05:09:38 UTC 2019 /home/travis/build/icyphy/ptII/ptolemy/domains/modal/test/auto/InitialImmediateTransition.xml
----------------- Instantiating /home/travis/build/icyphy/ptII/ptolemy/domains/modal/test/auto/InitialImmediateTransition.xml
4 ms. Memory: 238592K Free: 167682K (70%)
----------------- Invoking toplevel() on ptolemy.moml.MoMLSimpleApplication@77ac4460
----------------- Done invoking toplevel() on ptolemy.moml.MoMLSimpleApplication@77ac4460
reloadAllAccessors: .InitialImmediateTransition

===========================================================================================
----------------- testing Fri Jul 19 05:09:38 UTC 2019 /home/travis/build/icyphy/ptII/ptolemy/domains/modal/test/auto/InitialOutputs.xml
----------------- Instantiating /home/travis/build/icyphy/ptII/ptolemy/domains/modal/test/auto/InitialOutputs.xml
4 ms. Memory: 238592K Free: 161538K (68%)
----------------- Invoking toplevel() on ptolemy.moml.MoMLSimpleApplication@77b31aab
----------------- Done invoking toplevel() on ptolemy.moml.MoMLSimpleApplication@77b31aab
reloadAllAccessors: .InitialOutputs

===========================================================================================
----------------- testing Fri Jul 19 05:09:38 UTC 2019 /home/travis/build/icyphy/ptII/ptolemy/domains/modal/test/auto/InitialStateTransition1.xml
----------------- Instantiating /home/travis/build/icyphy/ptII/ptolemy/domains/modal/test/auto/InitialStateTransition1.xml
2 ms. Memory: 238592K Free: 154370K (65%)
----------------- Invoking toplevel() on ptolemy.moml.MoMLSimpleApplication@1e5536bd
----------------- Done invoking toplevel() on ptolemy.moml.MoMLSimpleApplication@1e5536bd
reloadAllAccessors: .InitialStateTransition1

===========================================================================================
----------------- testing Fri Jul 19 05:09:38 UTC 2019 /home/travis/build/icyphy/ptII/ptolemy/domains/modal/test/auto/InitialStateTransition2.xml
----------------- Instantiating /home/travis/build/icyphy/ptII/ptolemy/domains/modal/test/auto/InitialStateTransition2.xml
.InitialStateTransition2.TestExceptionAttributeNonConstructive: initialize() was not invoked, but wrapup() was.  This is unusual, but not always a problem.  For example, exporting JNLP will do this.
4 ms. Memory: 238592K Free: 147202K (62%)
----------------- Invoking toplevel() on ptolemy.moml.MoMLSimpleApplication@3250e29a
----------------- Done invoking toplevel() on ptolemy.moml.MoMLSimpleApplication@3250e29a
reloadAllAccessors: .InitialStateTransition2

===========================================================================================
----------------- testing Fri Jul 19 05:09:38 UTC 2019 /home/travis/build/icyphy/ptII/ptolemy/domains/modal/test/auto/InitialStateTransition3.xml
----------------- Instantiating /home/travis/build/icyphy/ptII/ptolemy/domains/modal/test/auto/InitialStateTransition3.xml
5 ms. Memory: 238592K Free: 138496K (58%)
----------------- Invoking toplevel() on ptolemy.moml.MoMLSimpleApplication@337e108b
----------------- Done invoking toplevel() on ptolemy.moml.MoMLSimpleApplication@337e108b
reloadAllAccessors: .InitialStateTransition3

===========================================================================================
----------------- testing Fri Jul 19 05:09:38 UTC 2019 /home/travis/build/icyphy/ptII/ptolemy/domains/modal/test/auto/InitialStateTransition4.xml
----------------- Instantiating /home/travis/build/icyphy/ptII/ptolemy/domains/modal/test/auto/InitialStateTransition4.xml
4 ms. Memory: 238592K Free: 128770K (54%)
----------------- Invoking toplevel() on ptolemy.moml.MoMLSimpleApplication@58f50b5f
----------------- Done invoking toplevel() on ptolemy.moml.MoMLSimpleApplication@58f50b5f
[...]
reloadAllAccessors: .TerminationTransition3

===========================================================================================
----------------- testing Fri Jul 19 05:09:40 UTC 2019 /home/travis/build/icyphy/ptII/ptolemy/domains/modal/test/auto/TerminationTransition4.xml
----------------- Instantiating /home/travis/build/icyphy/ptII/ptolemy/domains/modal/test/auto/TerminationTransition4.xml
7 ms. Memory: 286720K Free: 225207K (79%)
----------------- Invoking toplevel() on ptolemy.moml.MoMLSimpleApplication@6e06cb6f
----------------- Done invoking toplevel() on ptolemy.moml.MoMLSimpleApplication@6e06cb6f
reloadAllAccessors: .TerminationTransition4

===========================================================================================
----------------- testing Fri Jul 19 05:09:40 UTC 2019 /home/travis/build/icyphy/ptII/ptolemy/domains/modal/test/auto/TerminationTransition5.xml
----------------- Instantiating /home/travis/build/icyphy/ptII/ptolemy/domains/modal/test/auto/TerminationTransition5.xml
2 ms. Memory: 286720K Free: 211385K (74%)
----------------- Invoking toplevel() on ptolemy.moml.MoMLSimpleApplication@4ce2a6bf
----------------- Done invoking toplevel() on ptolemy.moml.MoMLSimpleApplication@4ce2a6bf
reloadAllAccessors: .TerminationTransition5

===========================================================================================
----------------- testing Fri Jul 19 05:09:40 UTC 2019 /home/travis/build/icyphy/ptII/ptolemy/domains/modal/test/auto/TerminationTransition6.xml
----------------- Instantiating /home/travis/build/icyphy/ptII/ptolemy/domains/modal/test/auto/TerminationTransition6.xml
1 ms. Memory: 286720K Free: 202679K (71%)
----------------- Invoking toplevel() on ptolemy.moml.MoMLSimpleApplication@448b253
----------------- Done invoking toplevel() on ptolemy.moml.MoMLSimpleApplication@448b253
reloadAllAccessors: .TerminationTransition6

===========================================================================================
----------------- testing Fri Jul 19 05:09:40 UTC 2019 /home/travis/build/icyphy/ptII/ptolemy/domains/modal/test/auto/TerminationTransition7.xml
----------------- Instantiating /home/travis/build/icyphy/ptII/ptolemy/domains/modal/test/auto/TerminationTransition7.xml
3 ms. Memory: 286720K Free: 192953K (67%)
----------------- Invoking toplevel() on ptolemy.moml.MoMLSimpleApplication@7ef00ecd
----------------- Done invoking toplevel() on ptolemy.moml.MoMLSimpleApplication@7ef00ecd
reloadAllAccessors: .TerminationTransition7

===========================================================================================
----------------- testing Fri Jul 19 05:09:40 UTC 2019 /home/travis/build/icyphy/ptII/ptolemy/domains/modal/test/auto/TerminationTransition8.xml
----------------- Instantiating /home/travis/build/icyphy/ptII/ptolemy/domains/modal/test/auto/TerminationTransition8.xml
2 ms. Memory: 286720K Free: 183223K (64%)
----------------- Invoking toplevel() on ptolemy.moml.MoMLSimpleApplication@2e532c8b
----------------- Done invoking toplevel() on ptolemy.moml.MoMLSimpleApplication@2e532c8b
reloadAllAccessors: .TerminationTransition8

===========================================================================================
----------------- testing Fri Jul 19 05:09:40 UTC 2019 /home/travis/build/icyphy/ptII/ptolemy/domains/modal/test/auto/Thermostat_NoHysteresis.xml
----------------- Instantiating /home/travis/build/icyphy/ptII/ptolemy/domains/modal/test/auto/Thermostat_NoHysteresis.xml
26 ms. Memory: 286720K Free: 158633K (55%)
----------------- Invoking toplevel() on ptolemy.moml.MoMLSimpleApplication@19bdc74
----------------- Done invoking toplevel() on ptolemy.moml.MoMLSimpleApplication@19bdc74
reloadAllAccessors: .Thermostat_NoHysteresis

===========================================================================================
----------------- testing Fri Jul 19 05:09:40 UTC 2019 /home/travis/build/icyphy/ptII/ptolemy/domains/modal/test/auto/TimedFSM.xml
----------------- Instantiating /home/travis/build/icyphy/ptII/ptolemy/domains/modal/test/auto/TimedFSM.xml
9 ms. Memory: 286720K Free: 146873K (51%)
----------------- Invoking toplevel() on ptolemy.moml.MoMLSimpleApplication@55d1de55
----------------- Done invoking toplevel() on ptolemy.moml.MoMLSimpleApplication@55d1de55
reloadAllAccessors: .TimedFSM

===========================================================================================
----------------- testing Fri Jul 19 05:09:40 UTC 2019 /home/travis/build/icyphy/ptII/ptolemy/domains/modal/test/auto/Timeout1.xml
----------------- Instantiating /home/travis/build/icyphy/ptII/ptolemy/domains/modal/test/auto/Timeout1.xml
3 ms. Memory: 286720K Free: 141225K (49%)
----------------- Invoking toplevel() on ptolemy.moml.MoMLSimpleApplication@29303832
----------------- Done invoking toplevel() on ptolemy.moml.MoMLSimpleApplication@29303832
reloadAllAccessors: .Timeout1

===========================================================================================
----------------- testing Fri Jul 19 05:09:40 UTC 2019 /home/travis/build/icyphy/ptII/ptolemy/domains/modal/test/auto/Timeout2.xml
----------------- Instantiating /home/travis/build/icyphy/ptII/ptolemy/domains/modal/test/auto/Timeout2.xml
9 ms. Memory: 286720K Free: 132537K (46%)
----------------- Invoking toplevel() on ptolemy.moml.MoMLSimpleApplication@22a0279e
----------------- Done invoking toplevel() on ptolemy.moml.MoMLSimpleApplication@22a0279e
reloadAllAccessors: .Timeout2

===========================================================================================
----------------- testing Fri Jul 19 05:09:40 UTC 2019 /home/travis/build/icyphy/ptII/ptolemy/domains/modal/test/auto/Timeout3.xml
----------------- Instantiating /home/travis/build/icyphy/ptII/ptolemy/domains/modal/test/auto/Timeout3.xml
2 ms. Memory: 286720K Free: 127417K (44%)
----------------- Invoking toplevel() on ptolemy.moml.MoMLSimpleApplication@7992a79a
----------------- Done invoking toplevel() on ptolemy.moml.MoMLSimpleApplication@7992a79a
reloadAllAccessors: .Timeout3

===========================================================================================
----------------- testing Fri Jul 19 05:09:40 UTC 2019 /home/travis/build/icyphy/ptII/ptolemy/domains/modal/test/auto/Timeout4.xml
----------------- Instantiating /home/travis/build/icyphy/ptII/ptolemy/domains/modal/test/auto/Timeout4.xml
10 ms. Memory: 286720K Free: 122297K (43%)
----------------- Invoking toplevel() on ptolemy.moml.MoMLSimpleApplication@52500b5
----------------- Done invoking toplevel() on ptolemy.moml.MoMLSimpleApplication@52500b5
reloadAllAccessors: .Timeout4

===========================================================================================
----------------- testing Fri Jul 19 05:09:40 UTC 2019 /home/travis/build/icyphy/ptII/ptolemy/domains/modal/test/auto/TransientstateModelAdvanced.xml
----------------- Instantiating /home/travis/build/icyphy/ptII/ptolemy/domains/modal/test/auto/TransientstateModelAdvanced.xml
4 ms. Memory: 286720K Free: 110009K (38%)
----------------- Invoking toplevel() on ptolemy.moml.MoMLSimpleApplication@65549124
----------------- Done invoking toplevel() on ptolemy.moml.MoMLSimpleApplication@65549124
reloadAllAccessors: .TransientstateModelAdvanced

===========================================================================================
----------------- testing Fri Jul 19 05:09:40 UTC 2019 /home/travis/build/icyphy/ptII/ptolemy/domains/modal/test/auto/TransientstateModelAdvanced2.xml
----------------- Instantiating /home/travis/build/icyphy/ptII/ptolemy/domains/modal/test/auto/TransientstateModelAdvanced2.xml
4 ms. Memory: 344064K Free: 320709K (93%)
----------------- Invoking toplevel() on ptolemy.moml.MoMLSimpleApplication@3f7d444
----------------- Done invoking toplevel() on ptolemy.moml.MoMLSimpleApplication@3f7d444
reloadAllAccessors: .transientstatemodelAdvanced

===========================================================================================
----------------- testing Fri Jul 19 05:09:40 UTC 2019 /home/travis/build/icyphy/ptII/ptolemy/domains/modal/test/auto/TransitionRefinements.xml
----------------- Instantiating /home/travis/build/icyphy/ptII/ptolemy/domains/modal/test/auto/TransitionRefinements.xml
9 ms. Memory: 344064K Free: 310469K (90%)
----------------- Invoking toplevel() on ptolemy.moml.MoMLSimpleApplication@366b3595
----------------- Done invoking toplevel() on ptolemy.moml.MoMLSimpleApplication@366b3595
reloadAllAccessors: .TransitionRefinements

===========================================================================================
----------------- testing Fri Jul 19 05:09:40 UTC 2019 /home/travis/build/icyphy/ptII/ptolemy/domains/modal/test/auto/TwoRefinements1.xml
----------------- Instantiating /home/travis/build/icyphy/ptII/ptolemy/domains/modal/test/auto/TwoRefinements1.xml
4 ms. Memory: 344064K Free: 300229K (87%)
----------------- Invoking toplevel() on ptolemy.moml.MoMLSimpleApplication@38c318f3
----------------- Done invoking toplevel() on ptolemy.moml.MoMLSimpleApplication@38c318f3
reloadAllAccessors: .TwoRefinements1

===========================================================================================
----------------- testing Fri Jul 19 05:09:40 UTC 2019 /home/travis/build/icyphy/ptII/ptolemy/domains/modal/test/auto/TwoRefinements2.xml
----------------- Instantiating /home/travis/build/icyphy/ptII/ptolemy/domains/modal/test/auto/TwoRefinements2.xml
3 ms. Memory: 344064K Free: 289989K (84%)
----------------- Invoking toplevel() on ptolemy.moml.MoMLSimpleApplication@6d696e4b
----------------- Done invoking toplevel() on ptolemy.moml.MoMLSimpleApplication@6d696e4b
reloadAllAccessors: .TwoRefinements2

===========================================================================================
----------------- testing Fri Jul 19 05:09:40 UTC 2019 /home/travis/build/icyphy/ptII/ptolemy/domains/modal/test/auto/WeakImmediateTransition.xml
----------------- Instantiating /home/travis/build/icyphy/ptII/ptolemy/domains/modal/test/auto/WeakImmediateTransition.xml
4 ms. Memory: 344064K Free: 281283K (82%)
----------------- Invoking toplevel() on ptolemy.moml.MoMLSimpleApplication@2c726761
----------------- Done invoking toplevel() on ptolemy.moml.MoMLSimpleApplication@2c726761
reloadAllAccessors: .WeakImmediateTransition

===========================================================================================
----------------- testing Fri Jul 19 05:09:40 UTC 2019 /home/travis/build/icyphy/ptII/ptolemy/domains/modal/test/auto/booleanSelect.xml
----------------- Instantiating /home/travis/build/icyphy/ptII/ptolemy/domains/modal/test/auto/booleanSelect.xml
41 ms. Memory: 344064K Free: 263365K (77%)
----------------- Invoking toplevel() on ptolemy.moml.MoMLSimpleApplication@54ceccbc
----------------- Done invoking toplevel() on ptolemy.moml.MoMLSimpleApplication@54ceccbc
reloadAllAccessors: .booleanSelect

===========================================================================================
----------------- testing Fri Jul 19 05:09:41 UTC 2019 /home/travis/build/icyphy/ptII/ptolemy/domains/modal/test/auto/modalChangingParams.xml
----------------- Instantiating /home/travis/build/icyphy/ptII/ptolemy/domains/modal/test/auto/modalChangingParams.xml
0
1
0
2
4
6
8
7
0
2
4
6
8
13
0
2
4
6
8
19
0
2
4
6
8
25
0
2
4
6
8
31
0
2
4
6
8
37
0
2
4
6
8
43
0
2
4
6
8
49
0
2
4
6
8
55
0
2
4
6
8
61
0
2
4
6
8
67
0
2
4
6
8
73
0
2
4
6
8
79
0
2
4
6
8
85
0
2
4
6
8
91
0
2
4
6
8
97
0
2
4
6
8
103
0
2
4
6
8
109
0
2
4
6
8
115
0
2
4
6
8
121
0
2
4
6
8
127
0
2
4
6
8
133
0
2
4
6
8
139
0
2
4
6
8
145
0
2
4
6
8
151
0
2
4
6
8
157
0
2
4
6
8
163
0
2
4
6
8
169
0
2
4
6
8
175
0
2
4
6
8
181
0
2
4
6
8
187
0
2
4
6
8
193
0
2
4
6
8
199
0
2
4
6
8
205
0
2
4
6
8
211
0
2
4
6
8
217
0
2
4
6
8
223
0
2
4
6
8
229
0
2
4
6
8
235
0
2
4
6
8
241
0
2
4
6
8
247
0
2
4
6
8
253
0
2
4
6
8
259
0
2
4
6
8
265
0
2
4
6
8
271
0
2
4
6
8
277
0
2
4
6
8
283
0
2
4
6
8
289
0
2
4
6
8
295
0
2
4
6
8
301
0
2
4
6
8
307
0
2
4
6
8
313
0
2
4
6
8
319
0
2
4
6
8
325
0
2
4
6
8
331
0
2
4
6
8
337
0
2
4
6
8
343
0
2
4
6
8
349
0
2
4
6
8
355
0
2
4
6
8
361
0
2
4
6
8
367
0
2
4
6
8
373
0
2
4
6
8
379
0
2
4
6
8
385
0
2
4
6
8
391
0
2
4
6
8
397
0
2
4
6
8
403
0
2
4
6
8
409
0
2
4
6
8
415
0
2
4
6
8
421
0
2
4
6
8
427
0
2
4
6
8
433
0
2
4
6
8
439
0
2
4
6
8
445
0
2
4
6
8
451
0
2
4
6
8
457
0
2
4
6
8
463
0
2
4
6
8
469
0
2
4
6
8
475
0
2
4
6
8
481
0
2
4
6
8
487
0
2
4
6
8
493
0
2
4
6
8
499
0
2
4
6
8
505
0
2
4
6
8
511
0
2
4
6
8
517
0
2
4
6
8
523
0
2
4
6
8
529
0
2
4
6
8
535
0
2
4
6
8
541
0
2
4
6
8
547
0
2
4
6
8
553
0
2
4
6
8
559
0
2
4
6
8
565
0
2
4
6
8
571
0
2
4
6
8
577
0
2
4
6
8
583
0
2
4
6
8
589
0
2
4
6
8
595
0
2
4
6
8
601
0
2
4
6
8
607
0
2
4
6
8
613
0
2
4
6
8
619
0
2
4
6
8
625
0
2
4
6
8
631
0
2
4
6
8
637
0
2
4
6
8
643
0
2
4
6
8
649
0
2
4
6
8
655
0
2
4
6
8
661
0
2
4
6
8
667
0
2
4
6
8
673
0
2
4
6
8
679
0
2
4
6
8
685
0
2
4
6
8
691
0
2
4
6
8
697
0
2
4
6
8
703
0
2
4
6
8
709
0
2
4
6
8
715
0
2
4
6
8
721
0
2
4
6
8
727
0
2
4
6
8
733
0
2
4
6
8
739
0
2
4
6
8
745
0
2
4
6
8
751
0
2
4
6
8
757
0
2
4
6
8
763
0
2
4
6
8
769
0
2
4
6
8
775
0
2
4
6
8
781
0
2
4
6
8
787
0
2
4
6
8
793
0
2
4
6
8
799
0
2
4
6
8
805
0
2
4
6
8
811
0
2
4
6
8
817
0
2
4
6
8
823
0
2
4
6
8
829
0
2
4
6
8
835
0
2
4
6
8
841
0
2
4
6
8
847
0
2
4
6
8
853
0
2
4
6
8
859
0
2
4
6
8
865
0
2
4
6
8
871
0
2
4
6
8
877
0
2
4
6
8
883
0
2
4
6
8
889
0
2
4
6
8
895
0
2
4
6
8
901
0
2
4
6
8
907
0
2
4
6
8
913
0
2
4
6
8
919
0
2
4
6
8
925
0
2
4
6
8
931
0
2
4
6
8
937
0
2
4
6
8
943
0
2
4
6
8
949
0
2
4
6
8
955
0
2
4
6
8
961
0
2
4
6
8
967
0
2
4
6
8
973
0
2
4
6
8
979
0
2
4
6
8
985
0
2
4
6
8
991
0
2
4
6
8
997
0
2
267 ms. Memory: 344064K Free: 148677K (43%)
----------------- Invoking toplevel() on ptolemy.moml.MoMLSimpleApplication@4d7ae959
----------------- Done invoking toplevel() on ptolemy.moml.MoMLSimpleApplication@4d7ae959
reloadAllAccessors: .modalChangingParams

===========================================================================================
----------------- testing Fri Jul 19 05:09:41 UTC 2019 /home/travis/build/icyphy/ptII/ptolemy/domains/modal/test/auto/modalModel.xml
----------------- Instantiating /home/travis/build/icyphy/ptII/ptolemy/domains/modal/test/auto/modalModel.xml
14 ms. Memory: 344064K Free: 139461K (41%)
----------------- Invoking toplevel() on ptolemy.moml.MoMLSimpleApplication@4e7c4d0b
----------------- Done invoking toplevel() on ptolemy.moml.MoMLSimpleApplication@4e7c4d0b
reloadAllAccessors: .modalModel

===========================================================================================
----------------- testing Fri Jul 19 05:09:41 UTC 2019 /home/travis/build/icyphy/ptII/ptolemy/domains/modal/test/auto/modalModel2.xml
----------------- Instantiating /home/travis/build/icyphy/ptII/ptolemy/domains/modal/test/auto/modalModel2.xml
8 ms. Memory: 344064K Free: 128693K (37%)
----------------- Invoking toplevel() on ptolemy.moml.MoMLSimpleApplication@72221ad2
----------------- Done invoking toplevel() on ptolemy.moml.MoMLSimpleApplication@72221ad2
reloadAllAccessors: .modalModel2

===========================================================================================
----------------- testing Fri Jul 19 05:09:41 UTC 2019 /home/travis/build/icyphy/ptII/ptolemy/domains/modal/test/auto/modalModel3.xml
----------------- Instantiating /home/travis/build/icyphy/ptII/ptolemy/domains/modal/test/auto/modalModel3.xml
0	0	0
1	0	1
4	2	2
7	4	3
10	6	4
5	0	5
8	2	6
11	4	7
14	6	8
9	0	9
12	2	10
15	4	11
18	6	12
13	0	13
16	2	14
18 ms. Memory: 344064K Free: 316576K (92%)
----------------- Invoking toplevel() on ptolemy.moml.MoMLSimpleApplication@288e8caf
----------------- Done invoking toplevel() on ptolemy.moml.MoMLSimpleApplication@288e8caf
reloadAllAccessors: .modalModel3

===========================================================================================
----------------- testing Fri Jul 19 05:09:41 UTC 2019 /home/travis/build/icyphy/ptII/ptolemy/domains/modal/test/auto/model1.xml
----------------- Instantiating /home/travis/build/icyphy/ptII/ptolemy/domains/modal/test/auto/model1.xml
12 ms. Memory: 344064K Free: 310942K (90%)
----------------- Invoking toplevel() on ptolemy.moml.MoMLSimpleApplication@2eb42a4b
----------------- Done invoking toplevel() on ptolemy.moml.MoMLSimpleApplication@2eb42a4b
reloadAllAccessors: .model1

===========================================================================================
----------------- testing Fri Jul 19 05:09:41 UTC 2019 /home/travis/build/icyphy/ptII/ptolemy/domains/modal/test/auto/test-direct-in-out.xml
----------------- Instantiating /home/travis/build/icyphy/ptII/ptolemy/domains/modal/test/auto/test-direct-in-out.xml
5 ms. Memory: 344064K Free: 303262K (88%)
----------------- Invoking toplevel() on ptolemy.moml.MoMLSimpleApplication@596cff2e
----------------- Done invoking toplevel() on ptolemy.moml.MoMLSimpleApplication@596cff2e
reloadAllAccessors: .test-direct-in-out
AutoTests.java: About to close Vertx.
AutoTests.java: Vertx closed.
]]></system-out>
  <system-err><![CDATA[java.lang.RuntimeException: Execution failed
	at ptolemy.moml.MoMLSimpleApplication$UnloadThread.run(MoMLSimpleApplication.java:402)
Caused by: ptolemy.kernel.util.IllegalActionException: Unknown inputs remain. Possible causality loop:
L_model_1893289564i

  in .CannotAnalysisWithPreemption.model_1893289564_region_1 and .CannotAnalysisWithPreemption.model_1893289564_region_1.L_model_1893289564i
	at ptolemy.actor.sched.FixedPointDirector.postfire(FixedPointDirector.java:515)
	at ptolemy.domains.sr.kernel.SRDirector.postfire(SRDirector.java:417)
	at ptolemy.actor.CompositeActor.postfire(CompositeActor.java:1668)
	at ptolemy.actor.Manager.iterate(Manager.java:852)
	at ptolemy.actor.Manager.execute(Manager.java:369)
	at ptolemy.actor.Manager.run(Manager.java:1263)
	at ptolemy.actor.Manager$PtolemyRunThread.run(Manager.java:1933)
java.lang.reflect.InvocationTargetException
	at java.base/jdk.internal.reflect.NativeConstructorAccessorImpl.newInstance0(Native Method)
	at java.base/jdk.internal.reflect.NativeConstructorAccessorImpl.newInstance(NativeConstructorAccessorImpl.java:62)
	at java.base/jdk.internal.reflect.DelegatingConstructorAccessorImpl.newInstance(DelegatingConstructorAccessorImpl.java:45)
	at java.base/java.lang.reflect.Constructor.newInstance(Constructor.java:490)
	at ptolemy.util.test.junit.AutoKnownFailedTests.RunModel(AutoKnownFailedTests.java:105)
	at java.base/jdk.internal.reflect.NativeMethodAccessorImpl.invoke0(Native Method)
	at java.base/jdk.internal.reflect.NativeMethodAccessorImpl.invoke(NativeMethodAccessorImpl.java:62)
	at java.base/jdk.internal.reflect.DelegatingMethodAccessorImpl.invoke(DelegatingMethodAccessorImpl.java:43)
	at java.base/java.lang.reflect.Method.invoke(Method.java:566)
	at org.junit.runners.model.FrameworkMethod$1.runReflectiveCall(FrameworkMethod.java:44)
	at org.junit.internal.runners.model.ReflectiveCallable.run(ReflectiveCallable.java:15)
	at org.junit.runners.model.FrameworkMethod.invokeExplosively(FrameworkMethod.java:41)
	at junitparams.internal.InvokeParameterisedMethod.evaluate(InvokeParameterisedMethod.java:102)
	at org.junit.internal.runners.statements.FailOnTimeout$1.run(FailOnTimeout.java:28)
Caused by: ptolemy.kernel.util.IllegalActionException: Unknown inputs remain. Possible causality loop:
L_model_1893289564i

  in .CannotAnalysisWithPreemption.model_1893289564_region_1 and .CannotAnalysisWithPreemption.model_1893289564_region_1.L_model_1893289564i
	at ptolemy.actor.sched.FixedPointDirector.postfire(FixedPointDirector.java:515)
	at ptolemy.domains.sr.kernel.SRDirector.postfire(SRDirector.java:417)
	at ptolemy.actor.CompositeActor.postfire(CompositeActor.java:1668)
	at ptolemy.actor.Manager.iterate(Manager.java:852)
	at ptolemy.actor.Manager.execute(Manager.java:369)
	at ptolemy.actor.Manager.run(Manager.java:1263)
	at ptolemy.actor.Manager$PtolemyRunThread.run(Manager.java:1933)
]]></system-err>
</testsuite>
