<?xml version="1.0" encoding="UTF-8" ?>
<testsuite errors="0" failures="0" hostname="travis-job-9f024158-42e8-4270-b288-7fce0ed6527a" name="ptolemy.domains.de.test.junit.JUnitTclTest" skipped="0" tests="101" time="120.66" timestamp="2020-01-03T07:20:29">
  <properties>
[...]
</properties>
  <testcase classname="ptolemy.util.test.junit.TclTests" name="[0] /home/travis/build/icyphy/ptII/ptolemy/domains/de/test/DependencyLoop.tcl (RunTclFile)" time="0.955" />
  <testcase classname="ptolemy.util.test.junit.TclTests" name="[1] /home/travis/build/icyphy/ptII/ptolemy/domains/de/test/RunDETestsAsQSS.tcl (RunTclFile)" time="81.895" />
  <testcase classname="ptolemy.util.test.junit.AutoKnownFailedTests" name="[0] /home/travis/build/icyphy/ptII/ptolemy/domains/de/test/auto/knownFailedTests/DESDFClockTest.xml (RunModel)" time="2.043" />
  <testcase classname="ptolemy.util.test.junit.AutoKnownFailedTests" name="[1] /home/travis/build/icyphy/ptII/ptolemy/domains/de/test/auto/knownFailedTests/DirectFeedback.xml (RunModel)" time="0.018" />
  <testcase classname="ptolemy.util.test.junit.AutoKnownFailedTests" name="[2] /home/travis/build/icyphy/ptII/ptolemy/domains/de/test/auto/knownFailedTests/FSMSource.xml (RunModel)" time="0.03" />
  <testcase classname="ptolemy.util.test.junit.AutoKnownFailedTests" name="[3] /home/travis/build/icyphy/ptII/ptolemy/domains/de/test/auto/knownFailedTests/HierarchicalModel.xml (RunModel)" time="0.04" />
  <testcase classname="ptolemy.util.test.junit.AutoKnownFailedTests" name="[4] /home/travis/build/icyphy/ptII/ptolemy/domains/de/test/auto/knownFailedTests/dependencyLoop.xml (RunModel)" time="0.064" />
  <testcase classname="ptolemy.util.test.junit.AutoKnownFailedTests" name="[5] /home/travis/build/icyphy/ptII/ptolemy/domains/de/test/auto/knownFailedTests/dependencyLoop2.xml (RunModel)" time="0.047" />
  <testcase classname="ptolemy.util.test.junit.AutoNameArchTests" name="[0] ThereAreNoAutoArchTests (RunModel)" time="0.001" />
  <testcase classname="ptolemy.util.test.junit.AutoTests" name="[0] /home/travis/build/icyphy/ptII/ptolemy/domains/de/test/auto/ActorDepthCalculation_actorWithoutPorts.xml (RunModel)" time="0.021" />
  <testcase classname="ptolemy.util.test.junit.AutoTests" name="[1] /home/travis/build/icyphy/ptII/ptolemy/domains/de/test/auto/AssemblyLine.xml (RunModel)" time="0.022" />
  <testcase classname="ptolemy.util.test.junit.AutoTests" name="[2] /home/travis/build/icyphy/ptII/ptolemy/domains/de/test/auto/CQBug1.xml (RunModel)" time="0.011" />
  <testcase classname="ptolemy.util.test.junit.AutoTests" name="[3] /home/travis/build/icyphy/ptII/ptolemy/domains/de/test/auto/CancelFireAt.xml (RunModel)" time="0.009" />
  <testcase classname="ptolemy.util.test.junit.AutoTests" name="[4] /home/travis/build/icyphy/ptII/ptolemy/domains/de/test/auto/CausalityAndComposabilityAnalysis.xml (RunModel)" time="0.012" />
  <testcase classname="ptolemy.util.test.junit.AutoTests" name="[5] /home/travis/build/icyphy/ptII/ptolemy/domains/de/test/auto/CausalityInterface1.xml (RunModel)" time="0.015" />
  <testcase classname="ptolemy.util.test.junit.AutoTests" name="[6] /home/travis/build/icyphy/ptII/ptolemy/domains/de/test/auto/CausalityInterface15.xml (RunModel)" time="0.014" />
  <testcase classname="ptolemy.util.test.junit.AutoTests" name="[7] /home/travis/build/icyphy/ptII/ptolemy/domains/de/test/auto/CausalityInterface2.xml (RunModel)" time="0.013" />
  <testcase classname="ptolemy.util.test.junit.AutoTests" name="[8] /home/travis/build/icyphy/ptII/ptolemy/domains/de/test/auto/CausalityInterface3.xml (RunModel)" time="0.011" />
  <testcase classname="ptolemy.util.test.junit.AutoTests" name="[9] /home/travis/build/icyphy/ptII/ptolemy/domains/de/test/auto/ClockDrift.xml (RunModel)" time="0.036" />
  <testcase classname="ptolemy.util.test.junit.AutoTests" name="[10] /home/travis/build/icyphy/ptII/ptolemy/domains/de/test/auto/ClockDriftAndValueChange.xml (RunModel)" time="0.028" />
  <testcase classname="ptolemy.util.test.junit.AutoTests" name="[11] /home/travis/build/icyphy/ptII/ptolemy/domains/de/test/auto/ClockDriftChange.xml (RunModel)" time="0.032" />
  <testcase classname="ptolemy.util.test.junit.AutoTests" name="[12] /home/travis/build/icyphy/ptII/ptolemy/domains/de/test/auto/ComposableCausalityAnalysis.xml (RunModel)" time="0.013" />
  <testcase classname="ptolemy.util.test.junit.AutoTests" name="[13] /home/travis/build/icyphy/ptII/ptolemy/domains/de/test/auto/DEFixedPointLimitation.xml (RunModel)" time="0.012" />
  <testcase classname="ptolemy.util.test.junit.AutoTests" name="[14] /home/travis/build/icyphy/ptII/ptolemy/domains/de/test/auto/DEScheduleTest.xml (RunModel)" time="0.013" />
  <testcase classname="ptolemy.util.test.junit.AutoTests" name="[15] /home/travis/build/icyphy/ptII/ptolemy/domains/de/test/auto/DEinDEwithStartTimes.xml (RunModel)" time="0.014" />
  <testcase classname="ptolemy.util.test.junit.AutoTests" name="[16] /home/travis/build/icyphy/ptII/ptolemy/domains/de/test/auto/DEinDEwithStartTimes2.xml (RunModel)" time="0.018" />
  <testcase classname="ptolemy.util.test.junit.AutoTests" name="[17] /home/travis/build/icyphy/ptII/ptolemy/domains/de/test/auto/DateDemo.xml (RunModel)" time="0.035" />
  <testcase classname="ptolemy.util.test.junit.AutoTests" name="[18] /home/travis/build/icyphy/ptII/ptolemy/domains/de/test/auto/DateToEvent.xml (RunModel)" time="2.037" />
  <testcase classname="ptolemy.util.test.junit.AutoTests" name="[19] /home/travis/build/icyphy/ptII/ptolemy/domains/de/test/auto/DepthTest1.xml (RunModel)" time="0.014" />
  <testcase classname="ptolemy.util.test.junit.AutoTests" name="[20] /home/travis/build/icyphy/ptII/ptolemy/domains/de/test/auto/DepthTest2.xml (RunModel)" time="0.016" />
  <testcase classname="ptolemy.util.test.junit.AutoTests" name="[21] /home/travis/build/icyphy/ptII/ptolemy/domains/de/test/auto/DepthTest3.xml (RunModel)" time="0.009" />
  <testcase classname="ptolemy.util.test.junit.AutoTests" name="[22] /home/travis/build/icyphy/ptII/ptolemy/domains/de/test/auto/DepthTest4.xml (RunModel)" time="0.021" />
  <testcase classname="ptolemy.util.test.junit.AutoTests" name="[23] /home/travis/build/icyphy/ptII/ptolemy/domains/de/test/auto/DepthTest5.xml (RunModel)" time="0.011" />
  <testcase classname="ptolemy.util.test.junit.AutoTests" name="[24] /home/travis/build/icyphy/ptII/ptolemy/domains/de/test/auto/DepthTest6.xml (RunModel)" time="0.014" />
  <testcase classname="ptolemy.util.test.junit.AutoTests" name="[25] /home/travis/build/icyphy/ptII/ptolemy/domains/de/test/auto/DepthTest7.xml (RunModel)" time="0.009" />
  <testcase classname="ptolemy.util.test.junit.AutoTests" name="[26] /home/travis/build/icyphy/ptII/ptolemy/domains/de/test/auto/EventToDate.xml (RunModel)" time="3.042" />
  <testcase classname="ptolemy.util.test.junit.AutoTests" name="[27] /home/travis/build/icyphy/ptII/ptolemy/domains/de/test/auto/FSM1.xml (RunModel)" time="0.038" />
  <testcase classname="ptolemy.util.test.junit.AutoTests" name="[28] /home/travis/build/icyphy/ptII/ptolemy/domains/de/test/auto/FSM7.xml (RunModel)" time="0.046" />
  <testcase classname="ptolemy.util.test.junit.AutoTests" name="[29] /home/travis/build/icyphy/ptII/ptolemy/domains/de/test/auto/Inspection.xml (RunModel)" time="0.043" />
  <testcase classname="ptolemy.util.test.junit.AutoTests" name="[30] /home/travis/build/icyphy/ptII/ptolemy/domains/de/test/auto/Iteration.xml (RunModel)" time="0.024" />
  <testcase classname="ptolemy.util.test.junit.AutoTests" name="[31] /home/travis/build/icyphy/ptII/ptolemy/domains/de/test/auto/LineFault.xml (RunModel)" time="0.515" />
  <testcase classname="ptolemy.util.test.junit.AutoTests" name="[32] /home/travis/build/icyphy/ptII/ptolemy/domains/de/test/auto/MergeModel1Add.xml (RunModel)" time="0.045" />
  <testcase classname="ptolemy.util.test.junit.AutoTests" name="[33] /home/travis/build/icyphy/ptII/ptolemy/domains/de/test/auto/MergeModel2Add.xml (RunModel)" time="0.031" />
  <testcase classname="ptolemy.util.test.junit.AutoTests" name="[34] /home/travis/build/icyphy/ptII/ptolemy/domains/de/test/auto/MergeModel3Add.xml (RunModel)" time="0.049" />
  <testcase classname="ptolemy.util.test.junit.AutoTests" name="[35] /home/travis/build/icyphy/ptII/ptolemy/domains/de/test/auto/MergeWithoutDiscard.xml (RunModel)" time="0.012" />
  <testcase classname="ptolemy.util.test.junit.AutoTests" name="[36] /home/travis/build/icyphy/ptII/ptolemy/domains/de/test/auto/Modal1.xml (RunModel)" time="0.031" />
  <testcase classname="ptolemy.util.test.junit.AutoTests" name="[37] /home/travis/build/icyphy/ptII/ptolemy/domains/de/test/auto/Modal2.xml (RunModel)" time="0.023" />
  <testcase classname="ptolemy.util.test.junit.AutoTests" name="[38] /home/travis/build/icyphy/ptII/ptolemy/domains/de/test/auto/Modal3.xml (RunModel)" time="0.026" />
  <testcase classname="ptolemy.util.test.junit.AutoTests" name="[39] /home/travis/build/icyphy/ptII/ptolemy/domains/de/test/auto/Modal4.xml (RunModel)" time="0.029" />
  <testcase classname="ptolemy.util.test.junit.AutoTests" name="[40] /home/travis/build/icyphy/ptII/ptolemy/domains/de/test/auto/Modal5.xml (RunModel)" time="0.027" />
  <testcase classname="ptolemy.util.test.junit.AutoTests" name="[41] /home/travis/build/icyphy/ptII/ptolemy/domains/de/test/auto/Modal6.xml (RunModel)" time="0.029" />
  <testcase classname="ptolemy.util.test.junit.AutoTests" name="[42] /home/travis/build/icyphy/ptII/ptolemy/domains/de/test/auto/Modal7.xml (RunModel)" time="0.03" />
  <testcase classname="ptolemy.util.test.junit.AutoTests" name="[43] /home/travis/build/icyphy/ptII/ptolemy/domains/de/test/auto/ModalModel.xml (RunModel)" time="0.162" />
  <testcase classname="ptolemy.util.test.junit.AutoTests" name="[44] /home/travis/build/icyphy/ptII/ptolemy/domains/de/test/auto/ModalSource.xml (RunModel)" time="0.022" />
  <testcase classname="ptolemy.util.test.junit.AutoTests" name="[45] /home/travis/build/icyphy/ptII/ptolemy/domains/de/test/auto/NonInterruptibleTimerZeroDelay.xml (RunModel)" time="0.008" />
  <testcase classname="ptolemy.util.test.junit.AutoTests" name="[46] /home/travis/build/icyphy/ptII/ptolemy/domains/de/test/auto/OpenQueueingNetwork.xml (RunModel)" time="2.262" />
  <testcase classname="ptolemy.util.test.junit.AutoTests" name="[47] /home/travis/build/icyphy/ptII/ptolemy/domains/de/test/auto/OpenQueuingNetwork.xml (RunModel)" time="0.259" />
  <testcase classname="ptolemy.util.test.junit.AutoTests" name="[48] /home/travis/build/icyphy/ptII/ptolemy/domains/de/test/auto/PeriodicSampler.xml (RunModel)" time="0.007" />
  <testcase classname="ptolemy.util.test.junit.AutoTests" name="[49] /home/travis/build/icyphy/ptII/ptolemy/domains/de/test/auto/PersistentIO.xml (RunModel)" time="0.018" />
  <testcase classname="ptolemy.util.test.junit.AutoTests" name="[50] /home/travis/build/icyphy/ptII/ptolemy/domains/de/test/auto/PortParameterResetOnInitialize.xml (RunModel)" time="0.009" />
  <testcase classname="ptolemy.util.test.junit.AutoTests" name="[51] /home/travis/build/icyphy/ptII/ptolemy/domains/de/test/auto/PortParameterUpdates.xml (RunModel)" time="0.013" />
  <testcase classname="ptolemy.util.test.junit.AutoTests" name="[52] /home/travis/build/icyphy/ptII/ptolemy/domains/de/test/auto/QueueAndServer.xml (RunModel)" time="0.019" />
  <testcase classname="ptolemy.util.test.junit.AutoTests" name="[53] /home/travis/build/icyphy/ptII/ptolemy/domains/de/test/auto/Records.xml (RunModel)" time="0.012" />
  <testcase classname="ptolemy.util.test.junit.AutoTests" name="[54] /home/travis/build/icyphy/ptII/ptolemy/domains/de/test/auto/ResetTransitionWithStartTime1.xml (RunModel)" time="0.015" />
  <testcase classname="ptolemy.util.test.junit.AutoTests" name="[55] /home/travis/build/icyphy/ptII/ptolemy/domains/de/test/auto/ResetTransitionWithStartTime2.xml (RunModel)" time="0.02" />
  <testcase classname="ptolemy.util.test.junit.AutoTests" name="[56] /home/travis/build/icyphy/ptII/ptolemy/domains/de/test/auto/ResetTransitionWithStartTime3.xml (RunModel)" time="0.016" />
  <testcase classname="ptolemy.util.test.junit.AutoTests" name="[57] /home/travis/build/icyphy/ptII/ptolemy/domains/de/test/auto/ResetTransitionWithStartTime4.xml (RunModel)" time="0.016" />
  <testcase classname="ptolemy.util.test.junit.AutoTests" name="[58] /home/travis/build/icyphy/ptII/ptolemy/domains/de/test/auto/ResettableTimer1.xml (RunModel)" time="0.009" />
  <testcase classname="ptolemy.util.test.junit.AutoTests" name="[59] /home/travis/build/icyphy/ptII/ptolemy/domains/de/test/auto/ResettableTimer2.xml (RunModel)" time="0.008" />
  <testcase classname="ptolemy.util.test.junit.AutoTests" name="[60] /home/travis/build/icyphy/ptII/ptolemy/domains/de/test/auto/ResettableTimer3.xml (RunModel)" time="0.007" />
  <testcase classname="ptolemy.util.test.junit.AutoTests" name="[61] /home/travis/build/icyphy/ptII/ptolemy/domains/de/test/auto/ResettableTimer4.xml (RunModel)" time="0.009" />
  <testcase classname="ptolemy.util.test.junit.AutoTests" name="[62] /home/travis/build/icyphy/ptII/ptolemy/domains/de/test/auto/ResettableTimer5.xml (RunModel)" time="0.008" />
  <testcase classname="ptolemy.util.test.junit.AutoTests" name="[63] /home/travis/build/icyphy/ptII/ptolemy/domains/de/test/auto/ResettableTimer6.xml (RunModel)" time="0.02" />
  <testcase classname="ptolemy.util.test.junit.AutoTests" name="[64] /home/travis/build/icyphy/ptII/ptolemy/domains/de/test/auto/ServerZeroDelay.xml (RunModel)" time="0.01" />
  <testcase classname="ptolemy.util.test.junit.AutoTests" name="[65] /home/travis/build/icyphy/ptII/ptolemy/domains/de/test/auto/SmartSender.xml (RunModel)" time="3.008" />
  <testcase classname="ptolemy.util.test.junit.AutoTests" name="[66] /home/travis/build/icyphy/ptII/ptolemy/domains/de/test/auto/ThreadedComposite.xml (RunModel)" time="0.113" />
  <testcase classname="ptolemy.util.test.junit.AutoTests" name="[67] /home/travis/build/icyphy/ptII/ptolemy/domains/de/test/auto/Time.xml (RunModel)" time="0.337" />
  <testcase classname="ptolemy.util.test.junit.AutoTests" name="[68] /home/travis/build/icyphy/ptII/ptolemy/domains/de/test/auto/TimeDelayZeroDelay.xml (RunModel)" time="0.01" />
  <testcase classname="ptolemy.util.test.junit.AutoTests" name="[69] /home/travis/build/icyphy/ptII/ptolemy/domains/de/test/auto/TimerZeroDelay.xml (RunModel)" time="0.01" />
  <testcase classname="ptolemy.util.test.junit.AutoTests" name="[70] /home/travis/build/icyphy/ptII/ptolemy/domains/de/test/auto/TimingParadox.xml (RunModel)" time="0.28" />
  <testcase classname="ptolemy.util.test.junit.AutoTests" name="[71] /home/travis/build/icyphy/ptII/ptolemy/domains/de/test/auto/TransferInputs.xml (RunModel)" time="0.017" />
  <testcase classname="ptolemy.util.test.junit.AutoTests" name="[72] /home/travis/build/icyphy/ptII/ptolemy/domains/de/test/auto/TransferOutputs2.xml (RunModel)" time="0.017" />
  <testcase classname="ptolemy.util.test.junit.AutoTests" name="[73] /home/travis/build/icyphy/ptII/ptolemy/domains/de/test/auto/Trilateration.xml (RunModel)" time="10.142" />
  <testcase classname="ptolemy.util.test.junit.AutoTests" name="[74] /home/travis/build/icyphy/ptII/ptolemy/domains/de/test/auto/TwoSigmaDelta.xml (RunModel)" time="1.708" />
  <testcase classname="ptolemy.util.test.junit.AutoTests" name="[75] /home/travis/build/icyphy/ptII/ptolemy/domains/de/test/auto/VariableDelay.xml (RunModel)" time="0.014" />
  <testcase classname="ptolemy.util.test.junit.AutoTests" name="[76] /home/travis/build/icyphy/ptII/ptolemy/domains/de/test/auto/VariableDelay2.xml (RunModel)" time="0.009" />
  <testcase classname="ptolemy.util.test.junit.AutoTests" name="[77] /home/travis/build/icyphy/ptII/ptolemy/domains/de/test/auto/VariableDelayZeroDelay.xml (RunModel)" time="0.008" />
  <testcase classname="ptolemy.util.test.junit.AutoTests" name="[78] /home/travis/build/icyphy/ptII/ptolemy/domains/de/test/auto/VariableDelayZeroDelay2.xml (RunModel)" time="0.015" />
  <testcase classname="ptolemy.util.test.junit.AutoTests" name="[79] /home/travis/build/icyphy/ptII/ptolemy/domains/de/test/auto/deInCt.xml (RunModel)" time="0.015" />
  <testcase classname="ptolemy.util.test.junit.AutoTests" name="[80] /home/travis/build/icyphy/ptII/ptolemy/domains/de/test/auto/deInCt2.xml (RunModel)" time="0.012" />
  <testcase classname="ptolemy.util.test.junit.AutoTests" name="[81] /home/travis/build/icyphy/ptII/ptolemy/domains/de/test/auto/dynamicCausalityInterface1.xml (RunModel)" time="0.015" />
  <testcase classname="ptolemy.util.test.junit.AutoTests" name="[82] /home/travis/build/icyphy/ptII/ptolemy/domains/de/test/auto/fsm_de_test.xml (RunModel)" time="0.017" />
  <testcase classname="ptolemy.util.test.junit.AutoTests" name="[83] /home/travis/build/icyphy/ptII/ptolemy/domains/de/test/auto/functionDependencyReconstruction.xml (RunModel)" time="0.029" />
  <testcase classname="ptolemy.util.test.junit.AutoTests" name="[84] /home/travis/build/icyphy/ptII/ptolemy/domains/de/test/auto/multirate.xml (RunModel)" time="0.013" />
  <testcase classname="ptolemy.util.test.junit.AutoTests" name="[85] /home/travis/build/icyphy/ptII/ptolemy/domains/de/test/auto/multirate2.xml (RunModel)" time="0.012" />
  <testcase classname="ptolemy.util.test.junit.AutoTests" name="[86] /home/travis/build/icyphy/ptII/ptolemy/domains/de/test/auto/realtime.xml (RunModel)" time="10.009" />
  <testcase classname="ptolemy.util.test.junit.AutoTests" name="[87] /home/travis/build/icyphy/ptII/ptolemy/domains/de/test/auto/relationGroup.xml (RunModel)" time="0.009" />
  <testcase classname="ptolemy.util.test.junit.AutoTests" name="[88] /home/travis/build/icyphy/ptII/ptolemy/domains/de/test/auto/relationGroup2.xml (RunModel)" time="0.012" />
  <testcase classname="ptolemy.util.test.junit.AutoTests" name="[89] /home/travis/build/icyphy/ptII/ptolemy/domains/de/test/auto/sortWithOpaquePorts.xml (RunModel)" time="0.01" />
  <testcase classname="ptolemy.util.test.junit.AutoTests" name="[90] /home/travis/build/icyphy/ptII/ptolemy/domains/de/test/auto/transferInputsandOutputs.xml (RunModel)" time="0.009" />
  <testcase classname="ptolemy.util.test.junit.AutoTests" name="[91] /home/travis/build/icyphy/ptII/ptolemy/domains/de/test/auto/triggerType.xml (RunModel)" time="0.005" />
  <system-out><![CDATA[/home/travis/build/icyphy/ptII/ptolemy/domains/de/test/DependencyLoop.tcl
testDefs.tcl: setting time out to 9000 seconds at Fri Jan 03 07:20:29 UTC 2020
58 ms. Memory: 129024K Free: 79302K (61%)
15 ms. Memory: 129024K Free: 61887K (48%)
/home/travis/build/icyphy/ptII/ptolemy/domains/de/test/RunDETestsAsQSS.tcl
Run the DE tests using ptolemy.domains.qss.test.QSSDirectorTest, which extends QSSDirector and prints a message in the constructors.
------------------ testing $PTII/ptolemy/domains/de/test/auto/knownFailedTests/DirectFeedback.xml (Known Failure) 
49 ms. Memory: 129024K Free: 55750K (43%)


==== $PTIIhome/travis/build/icyphy/ptII/ptolemy/domains/de/test/../../../../: Auto Automatic test in file $PTII/ptolemy/domains/de/test/auto/knownFailedTests/DirectFeedback.xml
==== Contents of test case:

	    # FIXME: we should use $relativeFilename here, but it
	    # might have backslashes under Windows, which causes no end
	    # of trouble.
	    createAndExecute $file
	    list {}
	
.... Test generated KNOWN error:
    while executing
ptolemy.kernel.util.IllegalActionException: Test fails in iteration 1.
Value was: 1.0. Should have been: 2.0
  in .DirectFeedback.Test
	at ptolemy.actor.lib.Test.fire(Test.java:268)
	at ptolemy.domains.de.kernel.DEDirector._fire(DEDirector.java:1949)
	at ptolemy.domains.de.kernel.DEDirector.fire(DEDirector.java:502)
	at ptolemy.actor.CompositeActor.fire(CompositeActor.java:455)
	at ptolemy.actor.Manager.iterate(Manager.java:851)
	at ptolemy.actor.Manager.execute(Manager.java:369)
	at ptolemy.actor.Manager.run(Manager.java:1263)
	at ptolemy.actor.Manager$PtolemyRunThread.run(Manager.java:1933)

    while executing
ptolemy.kernel.util.IllegalActionException: Test fails in iteration 1.
Value was: 1.0. Should have been: 2.0
  in .DirectFeedback.Test
    while executing
"java::new ptolemy.moml.MoMLSimpleApplication $file
"
    (procedure "createAndExecute" line 2)
    invoked from within
"createAndExecute $file"
    ("uplevel" body line 5)
    invoked from within
"uplevel $contents_of_test"
------------------ testing $PTII/ptolemy/domains/de/test/auto/knownFailedTests/dependencyLoop.xml (Known Failure) 
19 ms. Memory: 129024K Free: 52678K (41%)


==== $PTIIhome/travis/build/icyphy/ptII/ptolemy/domains/de/test/../../../../: Auto Automatic test in file $PTII/ptolemy/domains/de/test/auto/knownFailedTests/dependencyLoop.xml
==== Contents of test case:

	    # FIXME: we should use $relativeFilename here, but it
	    # might have backslashes under Windows, which causes no end
	    # of trouble.
	    createAndExecute $file
	    list {}
	
.... Test generated KNOWN error:
    while executing
ptolemy.kernel.util.IllegalActionException: Found a zero delay loop containing .dependencyLoop.original
  in .dependencyLoop and .dependencyLoop.original
	at ptolemy.actor.util.CausalityInterfaceForComposites._computeOutputPortDepth(CausalityInterfaceForComposites.java:759)
	at ptolemy.actor.util.CausalityInterfaceForComposites._computeInputDepth(CausalityInterfaceForComposites.java:696)
	at ptolemy.actor.util.CausalityInterfaceForComposites._computeOutputPortDepth(CausalityInterfaceForComposites.java:765)
	at ptolemy.actor.util.CausalityInterfaceForComposites._computeInputDepth(CausalityInterfaceForComposites.java:696)
	at ptolemy.actor.util.CausalityInterfaceForComposites._computeOutputPortDepth(CausalityInterfaceForComposites.java:765)
	at ptolemy.actor.util.CausalityInterfaceForComposites._computeInputDepth(CausalityInterfaceForComposites.java:696)
	at ptolemy.actor.util.CausalityInterfaceForComposites._computeActorDepth(CausalityInterfaceForComposites.java:532)
	at ptolemy.actor.util.CausalityInterfaceForComposites.checkForCycles(CausalityInterfaceForComposites.java:96)
	at ptolemy.domains.de.kernel.DEDirector.preinitialize(DEDirector.java:1338)
	at ptolemy.actor.CompositeActor.preinitialize(CompositeActor.java:1828)
	at ptolemy.actor.Manager.preinitializeAndResolveTypes(Manager.java:1040)
	at ptolemy.actor.Manager.initialize(Manager.java:710)
	at ptolemy.actor.Manager.execute(Manager.java:356)
	at ptolemy.actor.Manager.run(Manager.java:1263)
	at ptolemy.actor.Manager$PtolemyRunThread.run(Manager.java:1933)

    while executing
ptolemy.kernel.util.IllegalActionException: Found a zero delay loop containing .dependencyLoop.original
  in .dependencyLoop and .dependencyLoop.original
    while executing
"java::new ptolemy.moml.MoMLSimpleApplication $file
"
    (procedure "createAndExecute" line 2)
    invoked from within
"createAndExecute $file"
    ("uplevel" body line 5)
    invoked from within
"uplevel $contents_of_test"
------------------ testing $PTII/ptolemy/domains/de/test/auto/knownFailedTests/FSMSource.xml (Known Failure) 
69 ms. Memory: 129024K Free: 110324K (86%)
!!!! Auto was marked as failing, but now passes
------------------ testing $PTII/ptolemy/domains/de/test/auto/knownFailedTests/HierarchicalModel.xml (Known Failure) 
8 ms. Memory: 129024K Free: 92884K (72%)


==== $PTIIhome/travis/build/icyphy/ptII/ptolemy/domains/de/test/../../../../: Auto Automatic test in file $PTII/ptolemy/domains/de/test/auto/knownFailedTests/HierarchicalModel.xml
==== Contents of test case:

	    # FIXME: we should use $relativeFilename here, but it
	    # might have backslashes under Windows, which causes no end
	    # of trouble.
	    createAndExecute $file
	    list {}
	
.... Test generated KNOWN error:
    while executing
ptolemy.kernel.util.IllegalActionException: Found a zero delay loop containing .HierarchicalModel.A
  in .HierarchicalModel and .HierarchicalModel.A
	at ptolemy.actor.util.CausalityInterfaceForComposites._computeOutputPortDepth(CausalityInterfaceForComposites.java:759)
	at ptolemy.actor.util.CausalityInterfaceForComposites._computeInputDepth(CausalityInterfaceForComposites.java:696)
	at ptolemy.actor.util.CausalityInterfaceForComposites._computeOutputPortDepth(CausalityInterfaceForComposites.java:765)
	at ptolemy.actor.util.CausalityInterfaceForComposites._computeInputDepth(CausalityInterfaceForComposites.java:696)
	at ptolemy.actor.util.CausalityInterfaceForComposites._computeOutputPortDepth(CausalityInterfaceForComposites.java:765)
	at ptolemy.actor.util.CausalityInterfaceForComposites._computeInputDepth(CausalityInterfaceForComposites.java:696)
	at ptolemy.actor.util.CausalityInterfaceForComposites._computeActorDepth(CausalityInterfaceForComposites.java:532)
	at ptolemy.actor.util.CausalityInterfaceForComposites.checkForCycles(CausalityInterfaceForComposites.java:96)
	at ptolemy.domains.de.kernel.DEDirector.preinitialize(DEDirector.java:1338)
	at ptolemy.actor.CompositeActor.preinitialize(CompositeActor.java:1828)
	at ptolemy.actor.Manager.preinitializeAndResolveTypes(Manager.java:1040)
	at ptolemy.actor.Manager.initialize(Manager.java:710)
	at ptolemy.actor.Manager.execute(Manager.java:356)
	at ptolemy.actor.Manager.run(Manager.java:1263)
	at ptolemy.actor.Manager$PtolemyRunThread.run(Manager.java:1933)

    while executing
ptolemy.kernel.util.IllegalActionException: Found a zero delay loop containing .HierarchicalModel.A
  in .HierarchicalModel and .HierarchicalModel.A
    while executing
"java::new ptolemy.moml.MoMLSimpleApplication $file
"
    (procedure "createAndExecute" line 2)
    invoked from within
"createAndExecute $file"
    ("uplevel" body line 5)
    invoked from within
"uplevel $contents_of_test"
------------------ testing $PTII/ptolemy/domains/de/test/auto/knownFailedTests/dependencyLoop2.xml (Known Failure) 
5 ms. Memory: 129024K Free: 76554K (59%)


==== $PTIIhome/travis/build/icyphy/ptII/ptolemy/domains/de/test/../../../../: Auto Automatic test in file $PTII/ptolemy/domains/de/test/auto/knownFailedTests/dependencyLoop2.xml
==== Contents of test case:

	    # FIXME: we should use $relativeFilename here, but it
	    # might have backslashes under Windows, which causes no end
	    # of trouble.
	    createAndExecute $file
	    list {}
	
.... Test generated KNOWN error:
    while executing
ptolemy.kernel.util.IllegalActionException: Found a zero delay loop containing .dependencyLoop2.original
  in .dependencyLoop2 and .dependencyLoop2.original
	at ptolemy.actor.util.CausalityInterfaceForComposites._computeOutputPortDepth(CausalityInterfaceForComposites.java:759)
	at ptolemy.actor.util.CausalityInterfaceForComposites._computeInputDepth(CausalityInterfaceForComposites.java:696)
	at ptolemy.actor.util.CausalityInterfaceForComposites._computeOutputPortDepth(CausalityInterfaceForComposites.java:765)
	at ptolemy.actor.util.CausalityInterfaceForComposites._computeInputDepth(CausalityInterfaceForComposites.java:696)
	at ptolemy.actor.util.CausalityInterfaceForComposites._computeOutputPortDepth(CausalityInterfaceForComposites.java:765)
	at ptolemy.actor.util.CausalityInterfaceForComposites._computeInputDepth(CausalityInterfaceForComposites.java:696)
	at ptolemy.actor.util.CausalityInterfaceForComposites._computeActorDepth(CausalityInterfaceForComposites.java:532)
	at ptolemy.actor.util.CausalityInterfaceForComposites.checkForCycles(CausalityInterfaceForComposites.java:96)
	at ptolemy.domains.de.kernel.DEDirector.preinitialize(DEDirector.java:1338)
	at ptolemy.actor.CompositeActor.preinitialize(CompositeActor.java:1828)
	at ptolemy.actor.Manager.preinitializeAndResolveTypes(Manager.java:1040)
	at ptolemy.actor.Manager.initialize(Manager.java:710)
	at ptolemy.actor.Manager.execute(Manager.java:356)
	at ptolemy.actor.Manager.run(Manager.java:1263)
	at ptolemy.actor.Manager$PtolemyRunThread.run(Manager.java:1933)

    while executing
ptolemy.kernel.util.IllegalActionException: Found a zero delay loop containing .dependencyLoop2.original
  in .dependencyLoop2 and .dependencyLoop2.original
    while executing
"java::new ptolemy.moml.MoMLSimpleApplication $file
"
    (procedure "createAndExecute" line 2)
    invoked from within
"createAndExecute $file"
    ("uplevel" body line 5)
    invoked from within
"uplevel $contents_of_test"
------------------ testing $PTII/ptolemy/domains/de/test/auto/knownFailedTests/DESDFClockTest.xml (Known Failure) 
2060 ms. Memory: 129024K Free: 107567K (83%)


==== $PTIIhome/travis/build/icyphy/ptII/ptolemy/domains/de/test/../../../../: Auto Automatic test in file $PTII/ptolemy/domains/de/test/auto/knownFailedTests/DESDFClockTest.xml
==== Contents of test case:

	    # FIXME: we should use $relativeFilename here, but it
	    # might have backslashes under Windows, which causes no end
	    # of trouble.
	    createAndExecute $file
	    list {}
	
.... Test generated KNOWN error:
    while executing
ptolemy.kernel.util.IllegalActionException: Actor is not ready to fire.  Perhaps UpSample.prefire() returned false? Try debugging the actor by selecting "Listen to Actor".  Also, for SDF check moml for tokenConsumptionRate on input.
  in .DESDFClockTest.Play Bell.Copy1:SDF Director and .DESDFClockTest.Play Bell.UpSample
	at ptolemy.actor.sched.StaticSchedulingDirector.fire(StaticSchedulingDirector.java:227)
	at ptolemy.domains.sdf.kernel.SDFDirector.fire(SDFDirector.java:500)
	at ptolemy.actor.CompositeActor.fire(CompositeActor.java:455)
	at ptolemy.domains.de.kernel.DEDirector._fire(DEDirector.java:1949)
	at ptolemy.domains.de.kernel.DEDirector.fire(DEDirector.java:502)
	at ptolemy.actor.CompositeActor.fire(CompositeActor.java:455)
	at ptolemy.actor.Manager.iterate(Manager.java:851)
	at ptolemy.actor.Manager.execute(Manager.java:369)
	at ptolemy.actor.Manager.run(Manager.java:1263)
	at ptolemy.actor.Manager$PtolemyRunThread.run(Manager.java:1933)

    while executing
ptolemy.kernel.util.IllegalActionException: Actor is not ready to fire.  Perhaps UpSample.prefire() returned false? Try debugging the actor by selecting "Listen to Actor".  Also, for SDF check moml for tokenConsumptionRate on input.
  in .DESDFClockTest.Play Bell.Copy1:SDF Director and .DESDFClockTest.Play Bell.UpSample
    while executing
"java::new ptolemy.moml.MoMLSimpleApplication $file
"
    (procedure "createAndExecute" line 2)
    invoked from within
"createAndExecute $file"
    ("uplevel" body line 5)
    invoked from within
"uplevel $contents_of_test"
------------------ testing $PTII/ptolemy/domains/de/test/auto/ActorDepthCalculation_actorWithoutPorts.xml
auto.tcl: Setting watchdog for 200 seconds at Fri Jan 03 07:20:33 UTC 2020
9 ms. Memory: 129024K Free: 99889K (77%)
ptolemy.util.test.WatchDog.cancel(): canceling Fri Jan 03 07:20:33 UTC 2020
auto.tcl: Setting watchdog for 200 seconds at Fri Jan 03 07:20:33 UTC 2020
4 ms. Memory: 129024K Free: 98345K (76%)
ptolemy.util.test.WatchDog.cancel(): canceling Fri Jan 03 07:20:33 UTC 2020
------------------ testing $PTII/ptolemy/domains/de/test/auto/AssemblyLine.xml
auto.tcl: Setting watchdog for 200 seconds at Fri Jan 03 07:20:33 UTC 2020
7 ms. Memory: 55296K Free: 31584K (57%)
ptolemy.util.test.WatchDog.cancel(): canceling Fri Jan 03 07:20:33 UTC 2020
auto.tcl: Setting watchdog for 200 seconds at Fri Jan 03 07:20:33 UTC 2020
6 ms. Memory: 55296K Free: 31072K (56%)
ptolemy.util.test.WatchDog.cancel(): canceling Fri Jan 03 07:20:33 UTC 2020
------------------ testing $PTII/ptolemy/domains/de/test/auto/CQBug1.xml
auto.tcl: Setting watchdog for 200 seconds at Fri Jan 03 07:20:33 UTC 2020
3 ms. Memory: 55296K Free: 37328K (68%)
ptolemy.util.test.WatchDog.cancel(): canceling Fri Jan 03 07:20:34 UTC 2020
auto.tcl: Setting watchdog for 200 seconds at Fri Jan 03 07:20:34 UTC 2020
2 ms. Memory: 55296K Free: 37207K (67%)
ptolemy.util.test.WatchDog.cancel(): canceling Fri Jan 03 07:20:34 UTC 2020
------------------ testing $PTII/ptolemy/domains/de/test/auto/CancelFireAt.xml
auto.tcl: Setting watchdog for 200 seconds at Fri Jan 03 07:20:34 UTC 2020
2 ms. Memory: 51200K Free: 34490K (67%)
ptolemy.util.test.WatchDog.cancel(): canceling Fri Jan 03 07:20:34 UTC 2020
auto.tcl: Setting watchdog for 200 seconds at Fri Jan 03 07:20:34 UTC 2020
2 ms. Memory: 51200K Free: 34022K (66%)
ptolemy.util.test.WatchDog.cancel(): canceling Fri Jan 03 07:20:34 UTC 2020
------------------ testing $PTII/ptolemy/domains/de/test/auto/CausalityAndComposabilityAnalysis.xml
auto.tcl: Setting watchdog for 200 seconds at Fri Jan 03 07:20:34 UTC 2020
11 ms. Memory: 51200K Free: 32376K (63%)
ptolemy.util.test.WatchDog.cancel(): canceling Fri Jan 03 07:20:34 UTC 2020
auto.tcl: Setting watchdog for 200 seconds at Fri Jan 03 07:20:34 UTC 2020
5 ms. Memory: 51200K Free: 31981K (62%)
ptolemy.util.test.WatchDog.cancel(): canceling Fri Jan 03 07:20:34 UTC 2020
------------------ testing $PTII/ptolemy/domains/de/test/auto/CausalityInterface1.xml
auto.tcl: Setting watchdog for 200 seconds at Fri Jan 03 07:20:34 UTC 2020
26 ms. Memory: 51200K Free: 31386K (61%)
ptolemy.util.test.WatchDog.cancel(): canceling Fri Jan 03 07:20:34 UTC 2020
auto.tcl: Setting watchdog for 200 seconds at Fri Jan 03 07:20:34 UTC 2020
3 ms. Memory: 51200K Free: 30412K (59%)
ptolemy.util.test.WatchDog.cancel(): canceling Fri Jan 03 07:20:34 UTC 2020
------------------ testing $PTII/ptolemy/domains/de/test/auto/CausalityInterface15.xml
auto.tcl: Setting watchdog for 200 seconds at Fri Jan 03 07:20:34 UTC 2020
7 ms. Memory: 51200K Free: 31326K (61%)
ptolemy.util.test.WatchDog.cancel(): canceling Fri Jan 03 07:20:34 UTC 2020
auto.tcl: Setting watchdog for 200 seconds at Fri Jan 03 07:20:34 UTC 2020
3 ms. Memory: 51200K Free: 30380K (59%)
ptolemy.util.test.WatchDog.cancel(): canceling Fri Jan 03 07:20:34 UTC 2020
------------------ testing $PTII/ptolemy/domains/de/test/auto/CausalityInterface2.xml
auto.tcl: Setting watchdog for 200 seconds at Fri Jan 03 07:20:34 UTC 2020
4 ms. Memory: 51200K Free: 32063K (63%)
ptolemy.util.test.WatchDog.cancel(): canceling Fri Jan 03 07:20:34 UTC 2020
auto.tcl: Setting watchdog for 200 seconds at Fri Jan 03 07:20:34 UTC 2020
5 ms. Memory: 51200K Free: 31365K (61%)
ptolemy.util.test.WatchDog.cancel(): canceling Fri Jan 03 07:20:34 UTC 2020
------------------ testing $PTII/ptolemy/domains/de/test/auto/CausalityInterface3.xml
auto.tcl: Setting watchdog for 200 seconds at Fri Jan 03 07:20:34 UTC 2020
3 ms. Memory: 51200K Free: 31568K (62%)
ptolemy.util.test.WatchDog.cancel(): canceling Fri Jan 03 07:20:34 UTC 2020
auto.tcl: Setting watchdog for 200 seconds at Fri Jan 03 07:20:34 UTC 2020
3 ms. Memory: 51200K Free: 31084K (61%)
ptolemy.util.test.WatchDog.cancel(): canceling Fri Jan 03 07:20:34 UTC 2020
------------------ testing $PTII/ptolemy/domains/de/test/auto/ClockDrift.xml
auto.tcl: Setting watchdog for 200 seconds at Fri Jan 03 07:20:34 UTC 2020
72 ms. Memory: 51200K Free: 23884K (47%)
ptolemy.util.test.WatchDog.cancel(): canceling Fri Jan 03 07:20:34 UTC 2020
auto.tcl: Setting watchdog for 200 seconds at Fri Jan 03 07:20:34 UTC 2020
42 ms. Memory: 51200K Free: 20674K (40%)
ptolemy.util.test.WatchDog.cancel(): canceling Fri Jan 03 07:20:34 UTC 2020
------------------ testing $PTII/ptolemy/domains/de/test/auto/ClockDriftAndValueChange.xml
auto.tcl: Setting watchdog for 200 seconds at Fri Jan 03 07:20:34 UTC 2020
21 ms. Memory: 51200K Free: 24272K (47%)
ptolemy.util.test.WatchDog.cancel(): canceling Fri Jan 03 07:20:34 UTC 2020
auto.tcl: Setting watchdog for 200 seconds at Fri Jan 03 07:20:34 UTC 2020
15 ms. Memory: 51200K Free: 21458K (42%)
ptolemy.util.test.WatchDog.cancel(): canceling Fri Jan 03 07:20:34 UTC 2020
------------------ testing $PTII/ptolemy/domains/de/test/auto/ClockDriftChange.xml
auto.tcl: Setting watchdog for 200 seconds at Fri Jan 03 07:20:34 UTC 2020
20 ms. Memory: 51200K Free: 26061K (51%)
ptolemy.util.test.WatchDog.cancel(): canceling Fri Jan 03 07:20:34 UTC 2020
auto.tcl: Setting watchdog for 200 seconds at Fri Jan 03 07:20:34 UTC 2020
24 ms. Memory: 51200K Free: 23503K (46%)
ptolemy.util.test.WatchDog.cancel(): canceling Fri Jan 03 07:20:34 UTC 2020
------------------ testing $PTII/ptolemy/domains/de/test/auto/ComposableCausalityAnalysis.xml
auto.tcl: Setting watchdog for 200 seconds at Fri Jan 03 07:20:34 UTC 2020
2 ms. Memory: 51200K Free: 30856K (60%)
ptolemy.util.test.WatchDog.cancel(): canceling Fri Jan 03 07:20:35 UTC 2020
auto.tcl: Setting watchdog for 200 seconds at Fri Jan 03 07:20:35 UTC 2020
4 ms. Memory: 51200K Free: 29832K (58%)
ptolemy.util.test.WatchDog.cancel(): canceling Fri Jan 03 07:20:35 UTC 2020
------------------ testing $PTII/ptolemy/domains/de/test/auto/DEFixedPointLimitation.xml
auto.tcl: Setting watchdog for 200 seconds at Fri Jan 03 07:20:35 UTC 2020
2 ms. Memory: 51200K Free: 32053K (63%)
ptolemy.util.test.WatchDog.cancel(): canceling Fri Jan 03 07:20:35 UTC 2020
auto.tcl: Setting watchdog for 200 seconds at Fri Jan 03 07:20:35 UTC 2020
1 ms. Memory: 51200K Free: 31188K (61%)
ptolemy.util.test.WatchDog.cancel(): canceling Fri Jan 03 07:20:35 UTC 2020
------------------ testing $PTII/ptolemy/domains/de/test/auto/DEScheduleTest.xml
auto.tcl: Setting watchdog for 200 seconds at Fri Jan 03 07:20:35 UTC 2020
3 ms. Memory: 51200K Free: 32400K (63%)
ptolemy.util.test.WatchDog.cancel(): canceling Fri Jan 03 07:20:35 UTC 2020
auto.tcl: Setting watchdog for 200 seconds at Fri Jan 03 07:20:35 UTC 2020
3 ms. Memory: 51200K Free: 31645K (62%)
ptolemy.util.test.WatchDog.cancel(): canceling Fri Jan 03 07:20:35 UTC 2020
------------------ testing $PTII/ptolemy/domains/de/test/auto/DEinDEwithStartTimes.xml
auto.tcl: Setting watchdog for 200 seconds at Fri Jan 03 07:20:35 UTC 2020
2 ms. Memory: 51200K Free: 30572K (60%)
ptolemy.util.test.WatchDog.cancel(): canceling Fri Jan 03 07:20:35 UTC 2020
auto.tcl: Setting watchdog for 200 seconds at Fri Jan 03 07:20:35 UTC 2020
3 ms. Memory: 51200K Free: 29548K (58%)
ptolemy.util.test.WatchDog.cancel(): canceling Fri Jan 03 07:20:35 UTC 2020
------------------ testing $PTII/ptolemy/domains/de/test/auto/DEinDEwithStartTimes2.xml
auto.tcl: Setting watchdog for 200 seconds at Fri Jan 03 07:20:35 UTC 2020
6 ms. Memory: 51200K Free: 29681K (58%)
ptolemy.util.test.WatchDog.cancel(): canceling Fri Jan 03 07:20:35 UTC 2020
auto.tcl: Setting watchdog for 200 seconds at Fri Jan 03 07:20:35 UTC 2020
4 ms. Memory: 51200K Free: 28503K (56%)
ptolemy.util.test.WatchDog.cancel(): canceling Fri Jan 03 07:20:35 UTC 2020
------------------ testing $PTII/ptolemy/domains/de/test/auto/DateDemo.xml
auto.tcl: Setting watchdog for 200 seconds at Fri Jan 03 07:20:35 UTC 2020
20 ms. Memory: 51200K Free: 24114K (47%)
ptolemy.util.test.WatchDog.cancel(): canceling Fri Jan 03 07:20:35 UTC 2020
auto.tcl: Setting watchdog for 200 seconds at Fri Jan 03 07:20:35 UTC 2020
10 ms. Memory: 51200K Free: 22462K (44%)
ptolemy.util.test.WatchDog.cancel(): canceling Fri Jan 03 07:20:35 UTC 2020
------------------ testing $PTII/ptolemy/domains/de/test/auto/DateToEvent.xml
auto.tcl: Setting watchdog for 200 seconds at Fri Jan 03 07:20:35 UTC 2020
2010 ms. Memory: 51200K Free: 20066K (39%)
ptolemy.util.test.WatchDog.cancel(): canceling Fri Jan 03 07:20:37 UTC 2020
auto.tcl: Setting watchdog for 200 seconds at Fri Jan 03 07:20:37 UTC 2020
2006 ms. Memory: 51200K Free: 19221K (38%)
ptolemy.util.test.WatchDog.cancel(): canceling Fri Jan 03 07:20:39 UTC 2020
------------------ testing $PTII/ptolemy/domains/de/test/auto/DepthTest1.xml
auto.tcl: Setting watchdog for 200 seconds at Fri Jan 03 07:20:39 UTC 2020
2 ms. Memory: 51200K Free: 32895K (64%)
ptolemy.util.test.WatchDog.cancel(): canceling Fri Jan 03 07:20:39 UTC 2020
auto.tcl: Setting watchdog for 200 seconds at Fri Jan 03 07:20:39 UTC 2020
1 ms. Memory: 51200K Free: 32434K (63%)
ptolemy.util.test.WatchDog.cancel(): canceling Fri Jan 03 07:20:39 UTC 2020
------------------ testing $PTII/ptolemy/domains/de/test/auto/DepthTest2.xml
auto.tcl: Setting watchdog for 200 seconds at Fri Jan 03 07:20:39 UTC 2020
7 ms. Memory: 51200K Free: 29678K (58%)
ptolemy.util.test.WatchDog.cancel(): canceling Fri Jan 03 07:20:39 UTC 2020
auto.tcl: Setting watchdog for 200 seconds at Fri Jan 03 07:20:39 UTC 2020
3 ms. Memory: 51200K Free: 29233K (57%)
ptolemy.util.test.WatchDog.cancel(): canceling Fri Jan 03 07:20:39 UTC 2020
------------------ testing $PTII/ptolemy/domains/de/test/auto/DepthTest3.xml
auto.tcl: Setting watchdog for 200 seconds at Fri Jan 03 07:20:39 UTC 2020
4 ms. Memory: 51200K Free: 33239K (65%)
ptolemy.util.test.WatchDog.cancel(): canceling Fri Jan 03 07:20:39 UTC 2020
auto.tcl: Setting watchdog for 200 seconds at Fri Jan 03 07:20:39 UTC 2020
1 ms. Memory: 51200K Free: 32752K (64%)
ptolemy.util.test.WatchDog.cancel(): canceling Fri Jan 03 07:20:39 UTC 2020
------------------ testing $PTII/ptolemy/domains/de/test/auto/DepthTest4.xml
auto.tcl: Setting watchdog for 200 seconds at Fri Jan 03 07:20:39 UTC 2020
8 ms. Memory: 51200K Free: 31450K (61%)
ptolemy.util.test.WatchDog.cancel(): canceling Fri Jan 03 07:20:39 UTC 2020
auto.tcl: Setting watchdog for 200 seconds at Fri Jan 03 07:20:39 UTC 2020
2 ms. Memory: 51200K Free: 30791K (60%)
ptolemy.util.test.WatchDog.cancel(): canceling Fri Jan 03 07:20:39 UTC 2020
------------------ testing $PTII/ptolemy/domains/de/test/auto/DepthTest5.xml
auto.tcl: Setting watchdog for 200 seconds at Fri Jan 03 07:20:39 UTC 2020
4 ms. Memory: 51200K Free: 30918K (60%)
ptolemy.util.test.WatchDog.cancel(): canceling Fri Jan 03 07:20:39 UTC 2020
auto.tcl: Setting watchdog for 200 seconds at Fri Jan 03 07:20:39 UTC 2020
2 ms. Memory: 51200K Free: 30182K (59%)
ptolemy.util.test.WatchDog.cancel(): canceling Fri Jan 03 07:20:39 UTC 2020
------------------ testing $PTII/ptolemy/domains/de/test/auto/DepthTest6.xml
auto.tcl: Setting watchdog for 200 seconds at Fri Jan 03 07:20:39 UTC 2020
4 ms. Memory: 51200K Free: 30647K (60%)
ptolemy.util.test.WatchDog.cancel(): canceling Fri Jan 03 07:20:40 UTC 2020
auto.tcl: Setting watchdog for 200 seconds at Fri Jan 03 07:20:40 UTC 2020
2 ms. Memory: 51200K Free: 30194K (59%)
ptolemy.util.test.WatchDog.cancel(): canceling Fri Jan 03 07:20:40 UTC 2020
------------------ testing $PTII/ptolemy/domains/de/test/auto/DepthTest7.xml
auto.tcl: Setting watchdog for 200 seconds at Fri Jan 03 07:20:40 UTC 2020
3 ms. Memory: 51200K Free: 31387K (61%)
ptolemy.util.test.WatchDog.cancel(): canceling Fri Jan 03 07:20:40 UTC 2020
auto.tcl: Setting watchdog for 200 seconds at Fri Jan 03 07:20:40 UTC 2020
2 ms. Memory: 51200K Free: 30724K (60%)
ptolemy.util.test.WatchDog.cancel(): canceling Fri Jan 03 07:20:40 UTC 2020
------------------ testing $PTII/ptolemy/domains/de/test/auto/EventToDate.xml
auto.tcl: Setting watchdog for 200 seconds at Fri Jan 03 07:20:40 UTC 2020
3005 ms. Memory: 51200K Free: 21985K (43%)
ptolemy.util.test.WatchDog.cancel(): canceling Fri Jan 03 07:20:43 UTC 2020
auto.tcl: Setting watchdog for 200 seconds at Fri Jan 03 07:20:43 UTC 2020
3004 ms. Memory: 51200K Free: 21546K (42%)
ptolemy.util.test.WatchDog.cancel(): canceling Fri Jan 03 07:20:46 UTC 2020
------------------ testing $PTII/ptolemy/domains/de/test/auto/FSM1.xml
auto.tcl: Setting watchdog for 200 seconds at Fri Jan 03 07:20:46 UTC 2020
35 ms. Memory: 51200K Free: 22883K (45%)
ptolemy.util.test.WatchDog.cancel(): canceling Fri Jan 03 07:20:46 UTC 2020
auto.tcl: Setting watchdog for 200 seconds at Fri Jan 03 07:20:46 UTC 2020
23 ms. Memory: 51200K Free: 19718K (39%)
ptolemy.util.test.WatchDog.cancel(): canceling Fri Jan 03 07:20:46 UTC 2020
------------------ testing $PTII/ptolemy/domains/de/test/auto/FSM7.xml
auto.tcl: Setting watchdog for 200 seconds at Fri Jan 03 07:20:46 UTC 2020
24 ms. Memory: 51200K Free: 23148K (45%)
ptolemy.util.test.WatchDog.cancel(): canceling Fri Jan 03 07:20:46 UTC 2020
auto.tcl: Setting watchdog for 200 seconds at Fri Jan 03 07:20:46 UTC 2020
22 ms. Memory: 51200K Free: 19980K (39%)
ptolemy.util.test.WatchDog.cancel(): canceling Fri Jan 03 07:20:46 UTC 2020
------------------ testing $PTII/ptolemy/domains/de/test/auto/Inspection.xml
auto.tcl: Setting watchdog for 200 seconds at Fri Jan 03 07:20:46 UTC 2020
48 ms. Memory: 51200K Free: 23140K (45%)
ptolemy.util.test.WatchDog.cancel(): canceling Fri Jan 03 07:20:46 UTC 2020
auto.tcl: Setting watchdog for 200 seconds at Fri Jan 03 07:20:46 UTC 2020
15 ms. Memory: 51200K Free: 21442K (42%)
ptolemy.util.test.WatchDog.cancel(): canceling Fri Jan 03 07:20:46 UTC 2020
------------------ testing $PTII/ptolemy/domains/de/test/auto/Iteration.xml
auto.tcl: Setting watchdog for 200 seconds at Fri Jan 03 07:20:46 UTC 2020
6 ms. Memory: 51200K Free: 28687K (56%)
ptolemy.util.test.WatchDog.cancel(): canceling Fri Jan 03 07:20:46 UTC 2020
auto.tcl: Setting watchdog for 200 seconds at Fri Jan 03 07:20:46 UTC 2020
6 ms. Memory: 51200K Free: 27499K (54%)
ptolemy.util.test.WatchDog.cancel(): canceling Fri Jan 03 07:20:46 UTC 2020
------------------ testing $PTII/ptolemy/domains/de/test/auto/LineFault.xml
auto.tcl: Setting watchdog for 200 seconds at Fri Jan 03 07:20:46 UTC 2020
643 ms. Memory: 51200K Free: 12760K (25%)
ptolemy.util.test.WatchDog.cancel(): canceling Fri Jan 03 07:20:47 UTC 2020
auto.tcl: Setting watchdog for 200 seconds at Fri Jan 03 07:20:47 UTC 2020
530 ms. Memory: 61440K Free: 17546K (29%)
ptolemy.util.test.WatchDog.cancel(): canceling Fri Jan 03 07:20:48 UTC 2020
------------------ testing $PTII/ptolemy/domains/de/test/auto/MergeModel1Add.xml
auto.tcl: Setting watchdog for 200 seconds at Fri Jan 03 07:20:48 UTC 2020
29 ms. Memory: 58368K Free: 22081K (38%)
ptolemy.util.test.WatchDog.cancel(): canceling Fri Jan 03 07:20:48 UTC 2020
auto.tcl: Setting watchdog for 200 seconds at Fri Jan 03 07:20:48 UTC 2020
11 ms. Memory: 58368K Free: 20452K (35%)
ptolemy.util.test.WatchDog.cancel(): canceling Fri Jan 03 07:20:48 UTC 2020
------------------ testing $PTII/ptolemy/domains/de/test/auto/MergeModel2Add.xml
auto.tcl: Setting watchdog for 200 seconds at Fri Jan 03 07:20:48 UTC 2020
9 ms. Memory: 55296K Free: 20787K (38%)
ptolemy.util.test.WatchDog.cancel(): canceling Fri Jan 03 07:20:48 UTC 2020
auto.tcl: Setting watchdog for 200 seconds at Fri Jan 03 07:20:48 UTC 2020
8 ms. Memory: 55296K Free: 19116K (35%)
ptolemy.util.test.WatchDog.cancel(): canceling Fri Jan 03 07:20:48 UTC 2020
------------------ testing $PTII/ptolemy/domains/de/test/auto/MergeModel3Add.xml
auto.tcl: Setting watchdog for 200 seconds at Fri Jan 03 07:20:48 UTC 2020
9 ms. Memory: 55296K Free: 21041K (38%)
ptolemy.util.test.WatchDog.cancel(): canceling Fri Jan 03 07:20:48 UTC 2020
auto.tcl: Setting watchdog for 200 seconds at Fri Jan 03 07:20:48 UTC 2020
9 ms. Memory: 55296K Free: 19565K (35%)
ptolemy.util.test.WatchDog.cancel(): canceling Fri Jan 03 07:20:48 UTC 2020
------------------ testing $PTII/ptolemy/domains/de/test/auto/MergeWithoutDiscard.xml
auto.tcl: Setting watchdog for 200 seconds at Fri Jan 03 07:20:48 UTC 2020
1 ms. Memory: 55296K Free: 35952K (65%)
ptolemy.util.test.WatchDog.cancel(): canceling Fri Jan 03 07:20:48 UTC 2020
auto.tcl: Setting watchdog for 200 seconds at Fri Jan 03 07:20:48 UTC 2020
1 ms. Memory: 55296K Free: 35036K (63%)
ptolemy.util.test.WatchDog.cancel(): canceling Fri Jan 03 07:20:48 UTC 2020
------------------ testing $PTII/ptolemy/domains/de/test/auto/Modal1.xml
auto.tcl: Setting watchdog for 200 seconds at Fri Jan 03 07:20:48 UTC 2020
15 ms. Memory: 55296K Free: 27551K (50%)
ptolemy.util.test.WatchDog.cancel(): canceling Fri Jan 03 07:20:48 UTC 2020
auto.tcl: Setting watchdog for 200 seconds at Fri Jan 03 07:20:48 UTC 2020
16 ms. Memory: 55296K Free: 24068K (44%)
ptolemy.util.test.WatchDog.cancel(): canceling Fri Jan 03 07:20:48 UTC 2020
------------------ testing $PTII/ptolemy/domains/de/test/auto/Modal2.xml
auto.tcl: Setting watchdog for 200 seconds at Fri Jan 03 07:20:48 UTC 2020
15 ms. Memory: 55296K Free: 27942K (51%)
ptolemy.util.test.WatchDog.cancel(): canceling Fri Jan 03 07:20:48 UTC 2020
auto.tcl: Setting watchdog for 200 seconds at Fri Jan 03 07:20:48 UTC 2020
19 ms. Memory: 55296K Free: 24433K (44%)
ptolemy.util.test.WatchDog.cancel(): canceling Fri Jan 03 07:20:48 UTC 2020
------------------ testing $PTII/ptolemy/domains/de/test/auto/Modal3.xml
auto.tcl: Setting watchdog for 200 seconds at Fri Jan 03 07:20:48 UTC 2020
10 ms. Memory: 55296K Free: 27635K (50%)
ptolemy.util.test.WatchDog.cancel(): canceling Fri Jan 03 07:20:48 UTC 2020
auto.tcl: Setting watchdog for 200 seconds at Fri Jan 03 07:20:48 UTC 2020
11 ms. Memory: 55296K Free: 24000K (43%)
ptolemy.util.test.WatchDog.cancel(): canceling Fri Jan 03 07:20:48 UTC 2020
------------------ testing $PTII/ptolemy/domains/de/test/auto/Modal4.xml
auto.tcl: Setting watchdog for 200 seconds at Fri Jan 03 07:20:48 UTC 2020
21 ms. Memory: 55296K Free: 26645K (48%)
ptolemy.util.test.WatchDog.cancel(): canceling Fri Jan 03 07:20:48 UTC 2020
auto.tcl: Setting watchdog for 200 seconds at Fri Jan 03 07:20:48 UTC 2020
12 ms. Memory: 55296K Free: 22818K (41%)
ptolemy.util.test.WatchDog.cancel(): canceling Fri Jan 03 07:20:48 UTC 2020
------------------ testing $PTII/ptolemy/domains/de/test/auto/Modal5.xml
auto.tcl: Setting watchdog for 200 seconds at Fri Jan 03 07:20:49 UTC 2020
14 ms. Memory: 55296K Free: 26610K (48%)
ptolemy.util.test.WatchDog.cancel(): canceling Fri Jan 03 07:20:49 UTC 2020
auto.tcl: Setting watchdog for 200 seconds at Fri Jan 03 07:20:49 UTC 2020
13 ms. Memory: 55296K Free: 22967K (42%)
ptolemy.util.test.WatchDog.cancel(): canceling Fri Jan 03 07:20:49 UTC 2020
------------------ testing $PTII/ptolemy/domains/de/test/auto/Modal6.xml
auto.tcl: Setting watchdog for 200 seconds at Fri Jan 03 07:20:49 UTC 2020
16 ms. Memory: 55296K Free: 27356K (49%)
ptolemy.util.test.WatchDog.cancel(): canceling Fri Jan 03 07:20:49 UTC 2020
auto.tcl: Setting watchdog for 200 seconds at Fri Jan 03 07:20:49 UTC 2020
15 ms. Memory: 55296K Free: 23416K (42%)
ptolemy.util.test.WatchDog.cancel(): canceling Fri Jan 03 07:20:49 UTC 2020
------------------ testing $PTII/ptolemy/domains/de/test/auto/Modal7.xml
auto.tcl: Setting watchdog for 200 seconds at Fri Jan 03 07:20:49 UTC 2020
16 ms. Memory: 55296K Free: 26609K (48%)
ptolemy.util.test.WatchDog.cancel(): canceling Fri Jan 03 07:20:49 UTC 2020
auto.tcl: Setting watchdog for 200 seconds at Fri Jan 03 07:20:49 UTC 2020
11 ms. Memory: 55296K Free: 22990K (42%)
ptolemy.util.test.WatchDog.cancel(): canceling Fri Jan 03 07:20:49 UTC 2020
------------------ testing $PTII/ptolemy/domains/de/test/auto/ModalModel.xml
auto.tcl: Setting watchdog for 200 seconds at Fri Jan 03 07:20:49 UTC 2020
198 ms. Memory: 70656K Free: 38285K (54%)
ptolemy.util.test.WatchDog.cancel(): canceling Fri Jan 03 07:20:49 UTC 2020
auto.tcl: Setting watchdog for 200 seconds at Fri Jan 03 07:20:49 UTC 2020
175 ms. Memory: 70656K Free: 47029K (67%)
ptolemy.util.test.WatchDog.cancel(): canceling Fri Jan 03 07:20:49 UTC 2020
------------------ testing $PTII/ptolemy/domains/de/test/auto/ModalSource.xml
auto.tcl: Setting watchdog for 200 seconds at Fri Jan 03 07:20:49 UTC 2020
6 ms. Memory: 55296K Free: 31477K (57%)
ptolemy.util.test.WatchDog.cancel(): canceling Fri Jan 03 07:20:49 UTC 2020
auto.tcl: Setting watchdog for 200 seconds at Fri Jan 03 07:20:49 UTC 2020
6 ms. Memory: 55296K Free: 29429K (53%)
ptolemy.util.test.WatchDog.cancel(): canceling Fri Jan 03 07:20:49 UTC 2020
------------------ testing $PTII/ptolemy/domains/de/test/auto/NonInterruptibleTimerZeroDelay.xml
auto.tcl: Setting watchdog for 200 seconds at Fri Jan 03 07:20:49 UTC 2020
3 ms. Memory: 55296K Free: 36360K (66%)
ptolemy.util.test.WatchDog.cancel(): canceling Fri Jan 03 07:20:49 UTC 2020
auto.tcl: Setting watchdog for 200 seconds at Fri Jan 03 07:20:49 UTC 2020
2 ms. Memory: 55296K Free: 35751K (65%)
ptolemy.util.test.WatchDog.cancel(): canceling Fri Jan 03 07:20:49 UTC 2020
------------------ testing $PTII/ptolemy/domains/de/test/auto/OpenQueueingNetwork.xml
auto.tcl: Setting watchdog for 200 seconds at Fri Jan 03 07:20:49 UTC 2020
2749 ms. Memory: 113664K Free: 46259K (41%)
ptolemy.util.test.WatchDog.cancel(): canceling Fri Jan 03 07:20:52 UTC 2020
auto.tcl: Setting watchdog for 200 seconds at Fri Jan 03 07:20:52 UTC 2020
2333 ms. Memory: 137216K Free: 107702K (78%)
ptolemy.util.test.WatchDog.cancel(): canceling Fri Jan 03 07:20:55 UTC 2020
------------------ testing $PTII/ptolemy/domains/de/test/auto/OpenQueuingNetwork.xml
auto.tcl: Setting watchdog for 200 seconds at Fri Jan 03 07:20:55 UTC 2020
261 ms. Memory: 61440K Free: 39056K (64%)
ptolemy.util.test.WatchDog.cancel(): canceling Fri Jan 03 07:20:55 UTC 2020
auto.tcl: Setting watchdog for 200 seconds at Fri Jan 03 07:20:55 UTC 2020
268 ms. Memory: 61440K Free: 22673K (37%)
ptolemy.util.test.WatchDog.cancel(): canceling Fri Jan 03 07:20:55 UTC 2020
------------------ testing $PTII/ptolemy/domains/de/test/auto/PeriodicSampler.xml
auto.tcl: Setting watchdog for 200 seconds at Fri Jan 03 07:20:55 UTC 2020
2 ms. Memory: 55296K Free: 35611K (64%)
ptolemy.util.test.WatchDog.cancel(): canceling Fri Jan 03 07:20:55 UTC 2020
auto.tcl: Setting watchdog for 200 seconds at Fri Jan 03 07:20:55 UTC 2020
2 ms. Memory: 55296K Free: 35091K (63%)
ptolemy.util.test.WatchDog.cancel(): canceling Fri Jan 03 07:20:55 UTC 2020
------------------ testing $PTII/ptolemy/domains/de/test/auto/PersistentIO.xml
auto.tcl: Setting watchdog for 200 seconds at Fri Jan 03 07:20:55 UTC 2020
4 ms. Memory: 55296K Free: 30535K (55%)
ptolemy.util.test.WatchDog.cancel(): canceling Fri Jan 03 07:20:55 UTC 2020
auto.tcl: Setting watchdog for 200 seconds at Fri Jan 03 07:20:55 UTC 2020
4 ms. Memory: 55296K Free: 29015K (52%)
ptolemy.util.test.WatchDog.cancel(): canceling Fri Jan 03 07:20:55 UTC 2020
------------------ testing $PTII/ptolemy/domains/de/test/auto/PortParameterResetOnInitialize.xml
auto.tcl: Setting watchdog for 200 seconds at Fri Jan 03 07:20:55 UTC 2020
1 ms. Memory: 55296K Free: 35533K (64%)
ptolemy.util.test.WatchDog.cancel(): canceling Fri Jan 03 07:20:55 UTC 2020
auto.tcl: Setting watchdog for 200 seconds at Fri Jan 03 07:20:55 UTC 2020
2 ms. Memory: 55296K Free: 35023K (63%)
ptolemy.util.test.WatchDog.cancel(): canceling Fri Jan 03 07:20:55 UTC 2020
------------------ testing $PTII/ptolemy/domains/de/test/auto/PortParameterUpdates.xml
auto.tcl: Setting watchdog for 200 seconds at Fri Jan 03 07:20:55 UTC 2020
8 ms. Memory: 55296K Free: 33603K (61%)
ptolemy.util.test.WatchDog.cancel(): canceling Fri Jan 03 07:20:56 UTC 2020
auto.tcl: Setting watchdog for 200 seconds at Fri Jan 03 07:20:56 UTC 2020
3 ms. Memory: 55296K Free: 32579K (59%)
ptolemy.util.test.WatchDog.cancel(): canceling Fri Jan 03 07:20:56 UTC 2020
------------------ testing $PTII/ptolemy/domains/de/test/auto/QueueAndServer.xml
auto.tcl: Setting watchdog for 200 seconds at Fri Jan 03 07:20:56 UTC 2020
11 ms. Memory: 55296K Free: 32751K (59%)
ptolemy.util.test.WatchDog.cancel(): canceling Fri Jan 03 07:20:56 UTC 2020
auto.tcl: Setting watchdog for 200 seconds at Fri Jan 03 07:20:56 UTC 2020
6 ms. Memory: 55296K Free: 31023K (56%)
ptolemy.util.test.WatchDog.cancel(): canceling Fri Jan 03 07:20:56 UTC 2020
------------------ testing $PTII/ptolemy/domains/de/test/auto/Records.xml
auto.tcl: Setting watchdog for 200 seconds at Fri Jan 03 07:20:56 UTC 2020
9 ms. Memory: 55296K Free: 34741K (63%)
ptolemy.util.test.WatchDog.cancel(): canceling Fri Jan 03 07:20:56 UTC 2020
auto.tcl: Setting watchdog for 200 seconds at Fri Jan 03 07:20:56 UTC 2020
2 ms. Memory: 55296K Free: 34229K (62%)
ptolemy.util.test.WatchDog.cancel(): canceling Fri Jan 03 07:20:56 UTC 2020
------------------ testing $PTII/ptolemy/domains/de/test/auto/ResetTransitionWithStartTime1.xml
auto.tcl: Setting watchdog for 200 seconds at Fri Jan 03 07:20:56 UTC 2020
11 ms. Memory: 55296K Free: 32017K (58%)
ptolemy.util.test.WatchDog.cancel(): canceling Fri Jan 03 07:20:56 UTC 2020
auto.tcl: Setting watchdog for 200 seconds at Fri Jan 03 07:20:56 UTC 2020
9 ms. Memory: 55296K Free: 29969K (54%)
ptolemy.util.test.WatchDog.cancel(): canceling Fri Jan 03 07:20:56 UTC 2020
------------------ testing $PTII/ptolemy/domains/de/test/auto/ResetTransitionWithStartTime2.xml
auto.tcl: Setting watchdog for 200 seconds at Fri Jan 03 07:20:56 UTC 2020
7 ms. Memory: 55296K Free: 32005K (58%)
ptolemy.util.test.WatchDog.cancel(): canceling Fri Jan 03 07:20:56 UTC 2020
auto.tcl: Setting watchdog for 200 seconds at Fri Jan 03 07:20:56 UTC 2020
6 ms. Memory: 55296K Free: 29925K (54%)
ptolemy.util.test.WatchDog.cancel(): canceling Fri Jan 03 07:20:56 UTC 2020
------------------ testing $PTII/ptolemy/domains/de/test/auto/ResetTransitionWithStartTime3.xml
auto.tcl: Setting watchdog for 200 seconds at Fri Jan 03 07:20:56 UTC 2020
9 ms. Memory: 55296K Free: 32004K (58%)
ptolemy.util.test.WatchDog.cancel(): canceling Fri Jan 03 07:20:56 UTC 2020
auto.tcl: Setting watchdog for 200 seconds at Fri Jan 03 07:20:56 UTC 2020
6 ms. Memory: 55296K Free: 29924K (54%)
ptolemy.util.test.WatchDog.cancel(): canceling Fri Jan 03 07:20:56 UTC 2020
------------------ testing $PTII/ptolemy/domains/de/test/auto/ResetTransitionWithStartTime4.xml
auto.tcl: Setting watchdog for 200 seconds at Fri Jan 03 07:20:56 UTC 2020
8 ms. Memory: 55296K Free: 32358K (59%)
ptolemy.util.test.WatchDog.cancel(): canceling Fri Jan 03 07:20:56 UTC 2020
auto.tcl: Setting watchdog for 200 seconds at Fri Jan 03 07:20:56 UTC 2020
4 ms. Memory: 55296K Free: 30947K (56%)
ptolemy.util.test.WatchDog.cancel(): canceling Fri Jan 03 07:20:56 UTC 2020
------------------ testing $PTII/ptolemy/domains/de/test/auto/ResettableTimer1.xml
auto.tcl: Setting watchdog for 200 seconds at Fri Jan 03 07:20:56 UTC 2020
3 ms. Memory: 55296K Free: 36103K (65%)
ptolemy.util.test.WatchDog.cancel(): canceling Fri Jan 03 07:20:56 UTC 2020
auto.tcl: Setting watchdog for 200 seconds at Fri Jan 03 07:20:56 UTC 2020
2 ms. Memory: 55296K Free: 35521K (64%)
ptolemy.util.test.WatchDog.cancel(): canceling Fri Jan 03 07:20:56 UTC 2020
------------------ testing $PTII/ptolemy/domains/de/test/auto/ResettableTimer2.xml
auto.tcl: Setting watchdog for 200 seconds at Fri Jan 03 07:20:56 UTC 2020
3 ms. Memory: 55296K Free: 36159K (65%)
ptolemy.util.test.WatchDog.cancel(): canceling Fri Jan 03 07:20:56 UTC 2020
auto.tcl: Setting watchdog for 200 seconds at Fri Jan 03 07:20:56 UTC 2020
3 ms. Memory: 55296K Free: 35082K (63%)
ptolemy.util.test.WatchDog.cancel(): canceling Fri Jan 03 07:20:56 UTC 2020
------------------ testing $PTII/ptolemy/domains/de/test/auto/ResettableTimer3.xml
auto.tcl: Setting watchdog for 200 seconds at Fri Jan 03 07:20:56 UTC 2020
1 ms. Memory: 55296K Free: 36105K (65%)
ptolemy.util.test.WatchDog.cancel(): canceling Fri Jan 03 07:20:56 UTC 2020
auto.tcl: Setting watchdog for 200 seconds at Fri Jan 03 07:20:56 UTC 2020
1 ms. Memory: 55296K Free: 36105K (65%)
ptolemy.util.test.WatchDog.cancel(): canceling Fri Jan 03 07:20:56 UTC 2020
------------------ testing $PTII/ptolemy/domains/de/test/auto/ResettableTimer4.xml
auto.tcl: Setting watchdog for 200 seconds at Fri Jan 03 07:20:56 UTC 2020
1 ms. Memory: 55296K Free: 36118K (65%)
ptolemy.util.test.WatchDog.cancel(): canceling Fri Jan 03 07:20:56 UTC 2020
auto.tcl: Setting watchdog for 200 seconds at Fri Jan 03 07:20:56 UTC 2020
2 ms. Memory: 55296K Free: 35604K (64%)
ptolemy.util.test.WatchDog.cancel(): canceling Fri Jan 03 07:20:56 UTC 2020
------------------ testing $PTII/ptolemy/domains/de/test/auto/ResettableTimer5.xml
auto.tcl: Setting watchdog for 200 seconds at Fri Jan 03 07:20:56 UTC 2020
2 ms. Memory: 55296K Free: 35602K (64%)
ptolemy.util.test.WatchDog.cancel(): canceling Fri Jan 03 07:20:56 UTC 2020
auto.tcl: Setting watchdog for 200 seconds at Fri Jan 03 07:20:56 UTC 2020
1 ms. Memory: 55296K Free: 35092K (63%)
ptolemy.util.test.WatchDog.cancel(): canceling Fri Jan 03 07:20:56 UTC 2020
------------------ testing $PTII/ptolemy/domains/de/test/auto/ResettableTimer6.xml
auto.tcl: Setting watchdog for 200 seconds at Fri Jan 03 07:20:56 UTC 2020
1 ms. Memory: 55296K Free: 35593K (64%)
ptolemy.util.test.WatchDog.cancel(): canceling Fri Jan 03 07:20:56 UTC 2020
auto.tcl: Setting watchdog for 200 seconds at Fri Jan 03 07:20:56 UTC 2020
1 ms. Memory: 55296K Free: 35083K (63%)
ptolemy.util.test.WatchDog.cancel(): canceling Fri Jan 03 07:20:56 UTC 2020
------------------ testing $PTII/ptolemy/domains/de/test/auto/ServerZeroDelay.xml
auto.tcl: Setting watchdog for 200 seconds at Fri Jan 03 07:20:56 UTC 2020
5 ms. Memory: 55296K Free: 36098K (65%)
ptolemy.util.test.WatchDog.cancel(): canceling Fri Jan 03 07:20:56 UTC 2020
auto.tcl: Setting watchdog for 200 seconds at Fri Jan 03 07:20:56 UTC 2020
2 ms. Memory: 55296K Free: 35074K (63%)
ptolemy.util.test.WatchDog.cancel(): canceling Fri Jan 03 07:20:56 UTC 2020
------------------ testing $PTII/ptolemy/domains/de/test/auto/SmartSender.xml
auto.tcl: Setting watchdog for 200 seconds at Fri Jan 03 07:20:56 UTC 2020
3001 ms. Memory: 55296K Free: 35579K (64%)
ptolemy.util.test.WatchDog.cancel(): canceling Fri Jan 03 07:20:59 UTC 2020
auto.tcl: Setting watchdog for 200 seconds at Fri Jan 03 07:20:59 UTC 2020
3001 ms. Memory: 55296K Free: 35069K (63%)
ptolemy.util.test.WatchDog.cancel(): canceling Fri Jan 03 07:21:02 UTC 2020
------------------ testing $PTII/ptolemy/domains/de/test/auto/ThreadedComposite.xml
auto.tcl: Setting watchdog for 200 seconds at Fri Jan 03 07:21:02 UTC 2020
276 ms. Memory: 55296K Free: 16651K (30%)
ptolemy.util.test.WatchDog.cancel(): canceling Fri Jan 03 07:21:03 UTC 2020
auto.tcl: Setting watchdog for 200 seconds at Fri Jan 03 07:21:03 UTC 2020
208 ms. Memory: 55296K Free: 34387K (62%)
ptolemy.util.test.WatchDog.cancel(): canceling Fri Jan 03 07:21:03 UTC 2020
------------------ testing $PTII/ptolemy/domains/de/test/auto/Time.xml
auto.tcl: Setting watchdog for 200 seconds at Fri Jan 03 07:21:03 UTC 2020
589 ms. Memory: 55296K Free: 15367K (28%)
ptolemy.util.test.WatchDog.cancel(): canceling Fri Jan 03 07:21:04 UTC 2020
auto.tcl: Setting watchdog for 200 seconds at Fri Jan 03 07:21:04 UTC 2020
540 ms. Memory: 72704K Free: 44385K (61%)
ptolemy.util.test.WatchDog.cancel(): canceling Fri Jan 03 07:21:04 UTC 2020
------------------ testing $PTII/ptolemy/domains/de/test/auto/TimeDelayZeroDelay.xml
auto.tcl: Setting watchdog for 200 seconds at Fri Jan 03 07:21:04 UTC 2020
2 ms. Memory: 55296K Free: 36520K (66%)
ptolemy.util.test.WatchDog.cancel(): canceling Fri Jan 03 07:21:04 UTC 2020
auto.tcl: Setting watchdog for 200 seconds at Fri Jan 03 07:21:04 UTC 2020
2 ms. Memory: 55296K Free: 35629K (64%)
ptolemy.util.test.WatchDog.cancel(): canceling Fri Jan 03 07:21:04 UTC 2020
------------------ testing $PTII/ptolemy/domains/de/test/auto/TimerZeroDelay.xml
auto.tcl: Setting watchdog for 200 seconds at Fri Jan 03 07:21:04 UTC 2020
2 ms. Memory: 55296K Free: 36375K (66%)
ptolemy.util.test.WatchDog.cancel(): canceling Fri Jan 03 07:21:04 UTC 2020
auto.tcl: Setting watchdog for 200 seconds at Fri Jan 03 07:21:04 UTC 2020
2 ms. Memory: 55296K Free: 35672K (65%)
ptolemy.util.test.WatchDog.cancel(): canceling Fri Jan 03 07:21:04 UTC 2020
------------------ testing $PTII/ptolemy/domains/de/test/auto/TimingParadox.xml
auto.tcl: Setting watchdog for 200 seconds at Fri Jan 03 07:21:04 UTC 2020
393 ms. Memory: 55296K Free: 30279K (55%)
ptolemy.util.test.WatchDog.cancel(): canceling Fri Jan 03 07:21:05 UTC 2020
auto.tcl: Setting watchdog for 200 seconds at Fri Jan 03 07:21:05 UTC 2020
392 ms. Memory: 55296K Free: 24271K (44%)
ptolemy.util.test.WatchDog.cancel(): canceling Fri Jan 03 07:21:05 UTC 2020
------------------ testing $PTII/ptolemy/domains/de/test/auto/TransferInputs.xml
auto.tcl: Setting watchdog for 200 seconds at Fri Jan 03 07:21:05 UTC 2020
2 ms. Memory: 55296K Free: 34542K (62%)
ptolemy.util.test.WatchDog.cancel(): canceling Fri Jan 03 07:21:05 UTC 2020
auto.tcl: Setting watchdog for 200 seconds at Fri Jan 03 07:21:05 UTC 2020
1 ms. Memory: 55296K Free: 33615K (61%)
ptolemy.util.test.WatchDog.cancel(): canceling Fri Jan 03 07:21:05 UTC 2020
------------------ testing $PTII/ptolemy/domains/de/test/auto/TransferOutputs2.xml
auto.tcl: Setting watchdog for 200 seconds at Fri Jan 03 07:21:05 UTC 2020
8 ms. Memory: 55296K Free: 31977K (58%)
ptolemy.util.test.WatchDog.cancel(): canceling Fri Jan 03 07:21:05 UTC 2020
auto.tcl: Setting watchdog for 200 seconds at Fri Jan 03 07:21:05 UTC 2020
3 ms. Memory: 55296K Free: 30515K (55%)
ptolemy.util.test.WatchDog.cancel(): canceling Fri Jan 03 07:21:05 UTC 2020
------------------ testing $PTII/ptolemy/domains/de/test/auto/Trilateration.xml
auto.tcl: Setting watchdog for 200 seconds at Fri Jan 03 07:21:05 UTC 2020
11551 ms. Memory: 403456K Free: 213117K (53%)
ptolemy.util.test.WatchDog.cancel(): canceling Fri Jan 03 07:21:18 UTC 2020
auto.tcl: Setting watchdog for 200 seconds at Fri Jan 03 07:21:18 UTC 2020
8748 ms. Memory: 403456K Free: 225630K (56%)
ptolemy.util.test.WatchDog.cancel(): canceling Fri Jan 03 07:21:27 UTC 2020
------------------ testing $PTII/ptolemy/domains/de/test/auto/TwoSigmaDelta.xml
auto.tcl: Setting watchdog for 200 seconds at Fri Jan 03 07:21:27 UTC 2020
2200 ms. Memory: 96256K Free: 48057K (50%)
ptolemy.util.test.WatchDog.cancel(): canceling Fri Jan 03 07:21:29 UTC 2020
auto.tcl: Setting watchdog for 200 seconds at Fri Jan 03 07:21:29 UTC 2020
1708 ms. Memory: 96256K Free: 59872K (62%)
ptolemy.util.test.WatchDog.cancel(): canceling Fri Jan 03 07:21:31 UTC 2020
------------------ testing $PTII/ptolemy/domains/de/test/auto/VariableDelay.xml
auto.tcl: Setting watchdog for 200 seconds at Fri Jan 03 07:21:31 UTC 2020
3 ms. Memory: 58368K Free: 38101K (65%)
ptolemy.util.test.WatchDog.cancel(): canceling Fri Jan 03 07:21:31 UTC 2020
auto.tcl: Setting watchdog for 200 seconds at Fri Jan 03 07:21:31 UTC 2020
2 ms. Memory: 58368K Free: 37085K (64%)
ptolemy.util.test.WatchDog.cancel(): canceling Fri Jan 03 07:21:31 UTC 2020
------------------ testing $PTII/ptolemy/domains/de/test/auto/VariableDelay2.xml
auto.tcl: Setting watchdog for 200 seconds at Fri Jan 03 07:21:31 UTC 2020
3 ms. Memory: 55296K Free: 35435K (64%)
ptolemy.util.test.WatchDog.cancel(): canceling Fri Jan 03 07:21:31 UTC 2020
auto.tcl: Setting watchdog for 200 seconds at Fri Jan 03 07:21:31 UTC 2020
2 ms. Memory: 55296K Free: 34931K (63%)
ptolemy.util.test.WatchDog.cancel(): canceling Fri Jan 03 07:21:31 UTC 2020
------------------ testing $PTII/ptolemy/domains/de/test/auto/VariableDelayZeroDelay.xml
auto.tcl: Setting watchdog for 200 seconds at Fri Jan 03 07:21:31 UTC 2020
2 ms. Memory: 55296K Free: 35955K (65%)
ptolemy.util.test.WatchDog.cancel(): canceling Fri Jan 03 07:21:31 UTC 2020
auto.tcl: Setting watchdog for 200 seconds at Fri Jan 03 07:21:31 UTC 2020
2 ms. Memory: 55296K Free: 35427K (64%)
ptolemy.util.test.WatchDog.cancel(): canceling Fri Jan 03 07:21:31 UTC 2020
------------------ testing $PTII/ptolemy/domains/de/test/auto/VariableDelayZeroDelay2.xml
auto.tcl: Setting watchdog for 200 seconds at Fri Jan 03 07:21:31 UTC 2020
5 ms. Memory: 55296K Free: 35953K (65%)
ptolemy.util.test.WatchDog.cancel(): canceling Fri Jan 03 07:21:31 UTC 2020
auto.tcl: Setting watchdog for 200 seconds at Fri Jan 03 07:21:31 UTC 2020
2 ms. Memory: 55296K Free: 34929K (63%)
ptolemy.util.test.WatchDog.cancel(): canceling Fri Jan 03 07:21:31 UTC 2020
------------------ testing $PTII/ptolemy/domains/de/test/auto/deInCt.xml
auto.tcl: Setting watchdog for 200 seconds at Fri Jan 03 07:21:31 UTC 2020
0
1
1
1
0
0
0
1
1
1
0
0
0
0
1
1
1
1
0
0
0
1
1
1
0
0
0
1
1
1
0
0
0
1
1
1
1
0
0
0
0
10 ms. Memory: 55296K Free: 34927K (63%)
ptolemy.util.test.WatchDog.cancel(): canceling Fri Jan 03 07:21:31 UTC 2020
auto.tcl: Setting watchdog for 200 seconds at Fri Jan 03 07:21:31 UTC 2020
0
1
1
1
1
0
0
1
1
1
0
0
0
1
1
1
1
0
0
1
1
1
1
0
0
0
0
0
1
1
1
1
1
4 ms. Memory: 55296K Free: 33389K (60%)
ptolemy.util.test.WatchDog.cancel(): canceling Fri Jan 03 07:21:31 UTC 2020
------------------ testing $PTII/ptolemy/domains/de/test/auto/deInCt2.xml
auto.tcl: Setting watchdog for 200 seconds at Fri Jan 03 07:21:31 UTC 2020
0
1
1
1
0
0
1
1
1
0
0
1
1
1
0
0
1
1
1
0
0
1
1
1
0
0
1
1
1
0
0
1
1
1
0
0
1
1
1
0
0
0
12 ms. Memory: 55296K Free: 34927K (63%)
ptolemy.util.test.WatchDog.cancel(): canceling Fri Jan 03 07:21:31 UTC 2020
auto.tcl: Setting watchdog for 200 seconds at Fri Jan 03 07:21:31 UTC 2020
0
1
1
1
0
0
1
1
1
0
0
1
1
1
0
0
1
1
1
0
0
1
1
1
0
0
1
1
1
0
0
1
1
1
0
0
1
1
1
0
0
0
5 ms. Memory: 55296K Free: 33375K (60%)
ptolemy.util.test.WatchDog.cancel(): canceling Fri Jan 03 07:21:31 UTC 2020
------------------ testing $PTII/ptolemy/domains/de/test/auto/dynamicCausalityInterface1.xml
auto.tcl: Setting watchdog for 200 seconds at Fri Jan 03 07:21:31 UTC 2020
2 ms. Memory: 55296K Free: 30826K (56%)
ptolemy.util.test.WatchDog.cancel(): canceling Fri Jan 03 07:21:31 UTC 2020
auto.tcl: Setting watchdog for 200 seconds at Fri Jan 03 07:21:31 UTC 2020
1 ms. Memory: 55296K Free: 30312K (55%)
ptolemy.util.test.WatchDog.cancel(): canceling Fri Jan 03 07:21:31 UTC 2020
------------------ testing $PTII/ptolemy/domains/de/test/auto/fsm_de_test.xml
auto.tcl: Setting watchdog for 200 seconds at Fri Jan 03 07:21:31 UTC 2020
8 ms. Memory: 55296K Free: 30724K (56%)
ptolemy.util.test.WatchDog.cancel(): canceling Fri Jan 03 07:21:31 UTC 2020
auto.tcl: Setting watchdog for 200 seconds at Fri Jan 03 07:21:31 UTC 2020
7 ms. Memory: 55296K Free: 28676K (52%)
ptolemy.util.test.WatchDog.cancel(): canceling Fri Jan 03 07:21:31 UTC 2020
------------------ testing $PTII/ptolemy/domains/de/test/auto/functionDependencyReconstruction.xml
auto.tcl: Setting watchdog for 200 seconds at Fri Jan 03 07:21:31 UTC 2020
3 ms. Memory: 55296K Free: 24622K (45%)
ptolemy.util.test.WatchDog.cancel(): canceling Fri Jan 03 07:21:31 UTC 2020
auto.tcl: Setting watchdog for 200 seconds at Fri Jan 03 07:21:31 UTC 2020
2 ms. Memory: 55296K Free: 22522K (41%)
ptolemy.util.test.WatchDog.cancel(): canceling Fri Jan 03 07:21:31 UTC 2020
------------------ testing $PTII/ptolemy/domains/de/test/auto/multirate.xml
auto.tcl: Setting watchdog for 200 seconds at Fri Jan 03 07:21:32 UTC 2020
6 ms. Memory: 55296K Free: 33345K (60%)
ptolemy.util.test.WatchDog.cancel(): canceling Fri Jan 03 07:21:32 UTC 2020
auto.tcl: Setting watchdog for 200 seconds at Fri Jan 03 07:21:32 UTC 2020
3 ms. Memory: 55296K Free: 31620K (57%)
ptolemy.util.test.WatchDog.cancel(): canceling Fri Jan 03 07:21:32 UTC 2020
------------------ testing $PTII/ptolemy/domains/de/test/auto/multirate2.xml
auto.tcl: Setting watchdog for 200 seconds at Fri Jan 03 07:21:32 UTC 2020
7 ms. Memory: 55296K Free: 33499K (61%)
ptolemy.util.test.WatchDog.cancel(): canceling Fri Jan 03 07:21:32 UTC 2020
auto.tcl: Setting watchdog for 200 seconds at Fri Jan 03 07:21:32 UTC 2020
2 ms. Memory: 55296K Free: 31801K (58%)
ptolemy.util.test.WatchDog.cancel(): canceling Fri Jan 03 07:21:32 UTC 2020
------------------ testing $PTII/ptolemy/domains/de/test/auto/realtime.xml
auto.tcl: Setting watchdog for 200 seconds at Fri Jan 03 07:21:32 UTC 2020
10001 ms. Memory: 55296K Free: 35576K (64%)
ptolemy.util.test.WatchDog.cancel(): canceling Fri Jan 03 07:21:42 UTC 2020
auto.tcl: Setting watchdog for 200 seconds at Fri Jan 03 07:21:42 UTC 2020
10001 ms. Memory: 55296K Free: 35032K (63%)
ptolemy.util.test.WatchDog.cancel(): canceling Fri Jan 03 07:21:52 UTC 2020
------------------ testing $PTII/ptolemy/domains/de/test/auto/relationGroup.xml
auto.tcl: Setting watchdog for 200 seconds at Fri Jan 03 07:21:52 UTC 2020
1 ms. Memory: 55296K Free: 36626K (66%)
ptolemy.util.test.WatchDog.cancel(): canceling Fri Jan 03 07:21:52 UTC 2020
auto.tcl: Setting watchdog for 200 seconds at Fri Jan 03 07:21:52 UTC 2020
2 ms. Memory: 55296K Free: 36114K (65%)
ptolemy.util.test.WatchDog.cancel(): canceling Fri Jan 03 07:21:52 UTC 2020
------------------ testing $PTII/ptolemy/domains/de/test/auto/relationGroup2.xml
auto.tcl: Setting watchdog for 200 seconds at Fri Jan 03 07:21:52 UTC 2020
2 ms. Memory: 55296K Free: 36693K (66%)
ptolemy.util.test.WatchDog.cancel(): canceling Fri Jan 03 07:21:52 UTC 2020
auto.tcl: Setting watchdog for 200 seconds at Fri Jan 03 07:21:52 UTC 2020
2 ms. Memory: 55296K Free: 36181K (65%)
ptolemy.util.test.WatchDog.cancel(): canceling Fri Jan 03 07:21:52 UTC 2020
------------------ testing $PTII/ptolemy/domains/de/test/auto/sortWithOpaquePorts.xml
auto.tcl: Setting watchdog for 200 seconds at Fri Jan 03 07:21:52 UTC 2020
2 ms. Memory: 55296K Free: 35451K (64%)
ptolemy.util.test.WatchDog.cancel(): canceling Fri Jan 03 07:21:52 UTC 2020
auto.tcl: Setting watchdog for 200 seconds at Fri Jan 03 07:21:52 UTC 2020
2 ms. Memory: 55296K Free: 34427K (62%)
ptolemy.util.test.WatchDog.cancel(): canceling Fri Jan 03 07:21:52 UTC 2020
------------------ testing $PTII/ptolemy/domains/de/test/auto/transferInputsandOutputs.xml
auto.tcl: Setting watchdog for 200 seconds at Fri Jan 03 07:21:52 UTC 2020
3 ms. Memory: 55296K Free: 32894K (59%)
ptolemy.util.test.WatchDog.cancel(): canceling Fri Jan 03 07:21:52 UTC 2020
auto.tcl: Setting watchdog for 200 seconds at Fri Jan 03 07:21:52 UTC 2020
2 ms. Memory: 55296K Free: 31870K (58%)
ptolemy.util.test.WatchDog.cancel(): canceling Fri Jan 03 07:21:52 UTC 2020
------------------ testing $PTII/ptolemy/domains/de/test/auto/triggerType.xml
auto.tcl: Setting watchdog for 200 seconds at Fri Jan 03 07:21:52 UTC 2020
1 ms. Memory: 55296K Free: 35919K (65%)
ptolemy.util.test.WatchDog.cancel(): canceling Fri Jan 03 07:21:52 UTC 2020
auto.tcl: Setting watchdog for 200 seconds at Fri Jan 03 07:21:52 UTC 2020
2 ms. Memory: 55296K Free: 34895K (63%)
ptolemy.util.test.WatchDog.cancel(): canceling Fri Jan 03 07:21:52 UTC 2020
01/03/20 07:21:52
Failed: 0  Total Tests: 192  ((Passed: 187, Newly Passed: 1)  Known Failed: 5) /home/travis/build/icyphy/ptII/ptolemy/domains/de/test
01/03/20 07:21:52
Failed: 0  Total Tests: 192  ((Passed: 187, Newly Passed: 1)  Known Failed: 5) /home/travis/build/icyphy/ptII/ptolemy/domains/de/test
----------------- testing (KnownFailure) /home/travis/build/icyphy/ptII/ptolemy/domains/de/test/auto/knownFailedTests/DESDFClockTest.xml
2011 ms. Memory: 55296K Free: 29314K (53%)
Known Failure: java.lang.reflect.InvocationTargetException
----------------- testing (KnownFailure) /home/travis/build/icyphy/ptII/ptolemy/domains/de/test/auto/knownFailedTests/DirectFeedback.xml
3 ms. Memory: 55296K Free: 24708K (45%)
Known Failure: java.lang.reflect.InvocationTargetException
----------------- testing (KnownFailure) /home/travis/build/icyphy/ptII/ptolemy/domains/de/test/auto/knownFailedTests/FSMSource.xml
9 ms. Memory: 55296K Free: 17540K (32%)
----------------- testing (KnownFailure) /home/travis/build/icyphy/ptII/ptolemy/domains/de/test/auto/knownFailedTests/HierarchicalModel.xml
3 ms. Memory: 55296K Free: 32769K (59%)
Known Failure: java.lang.reflect.InvocationTargetException
----------------- testing (KnownFailure) /home/travis/build/icyphy/ptII/ptolemy/domains/de/test/auto/knownFailedTests/dependencyLoop.xml
2 ms. Memory: 55296K Free: 17409K (31%)
Known Failure: java.lang.reflect.InvocationTargetException
----------------- testing (KnownFailure) /home/travis/build/icyphy/ptII/ptolemy/domains/de/test/auto/knownFailedTests/dependencyLoop2.xml
6 ms. Memory: 55296K Free: 33442K (60%)
Known Failure: java.lang.reflect.InvocationTargetException
No auto/linux-amd64/*.xml tests in /home/travis/build/icyphy/ptII/ptolemy/domains/de/test
AutoTests.java: About to close Vertx.
AutoTests.java: Vertx closed.

===========================================================================================
----------------- testing Fri Jan 03 07:21:54 UTC 2020 /home/travis/build/icyphy/ptII/ptolemy/domains/de/test/auto/ActorDepthCalculation_actorWithoutPorts.xml
----------------- Instantiating /home/travis/build/icyphy/ptII/ptolemy/domains/de/test/auto/ActorDepthCalculation_actorWithoutPorts.xml
3 ms. Memory: 55296K Free: 26581K (48%)
----------------- Invoking toplevel() on ptolemy.moml.MoMLSimpleApplication@1de96384
----------------- Done invoking toplevel() on ptolemy.moml.MoMLSimpleApplication@1de96384
reloadAllAccessors: .ActorDepthCalculation_actorWithoutPorts

===========================================================================================
----------------- testing Fri Jan 03 07:21:54 UTC 2020 /home/travis/build/icyphy/ptII/ptolemy/domains/de/test/auto/AssemblyLine.xml
----------------- Instantiating /home/travis/build/icyphy/ptII/ptolemy/domains/de/test/auto/AssemblyLine.xml
3 ms. Memory: 55296K Free: 19462K (35%)
----------------- Invoking toplevel() on ptolemy.moml.MoMLSimpleApplication@2876e056
----------------- Done invoking toplevel() on ptolemy.moml.MoMLSimpleApplication@2876e056
reloadAllAccessors: .AssemblyLine

===========================================================================================
----------------- testing Fri Jan 03 07:21:54 UTC 2020 /home/travis/build/icyphy/ptII/ptolemy/domains/de/test/auto/CQBug1.xml
----------------- Instantiating /home/travis/build/icyphy/ptII/ptolemy/domains/de/test/auto/CQBug1.xml
1 ms. Memory: 55296K Free: 16350K (30%)
----------------- Invoking toplevel() on ptolemy.moml.MoMLSimpleApplication@29a4da2b
----------------- Done invoking toplevel() on ptolemy.moml.MoMLSimpleApplication@29a4da2b
reloadAllAccessors: .CQBug1

===========================================================================================
----------------- testing Fri Jan 03 07:21:54 UTC 2020 /home/travis/build/icyphy/ptII/ptolemy/domains/de/test/auto/CancelFireAt.xml
----------------- Instantiating /home/travis/build/icyphy/ptII/ptolemy/domains/de/test/auto/CancelFireAt.xml
2 ms. Memory: 55296K Free: 13964K (25%)
----------------- Invoking toplevel() on ptolemy.moml.MoMLSimpleApplication@79a3c6fa
----------------- Done invoking toplevel() on ptolemy.moml.MoMLSimpleApplication@79a3c6fa
reloadAllAccessors: .CancelFireAt

===========================================================================================
----------------- testing Fri Jan 03 07:21:54 UTC 2020 /home/travis/build/icyphy/ptII/ptolemy/domains/de/test/auto/CausalityAndComposabilityAnalysis.xml
----------------- Instantiating /home/travis/build/icyphy/ptII/ptolemy/domains/de/test/auto/CausalityAndComposabilityAnalysis.xml
2 ms. Memory: 55296K Free: 9543K (17%)
----------------- Invoking toplevel() on ptolemy.moml.MoMLSimpleApplication@267a6359
----------------- Done invoking toplevel() on ptolemy.moml.MoMLSimpleApplication@267a6359
reloadAllAccessors: .CausalityAndComposabilityAnalysis

===========================================================================================
----------------- testing Fri Jan 03 07:21:54 UTC 2020 /home/travis/build/icyphy/ptII/ptolemy/domains/de/test/auto/CausalityInterface1.xml
----------------- Instantiating /home/travis/build/icyphy/ptII/ptolemy/domains/de/test/auto/CausalityInterface1.xml
4 ms. Memory: 55296K Free: 35689K (65%)
----------------- Invoking toplevel() on ptolemy.moml.MoMLSimpleApplication@15440bff
----------------- Done invoking toplevel() on ptolemy.moml.MoMLSimpleApplication@15440bff
reloadAllAccessors: .CausalityInterface1

===========================================================================================
----------------- testing Fri Jan 03 07:21:54 UTC 2020 /home/travis/build/icyphy/ptII/ptolemy/domains/de/test/auto/CausalityInterface15.xml
----------------- Instantiating /home/travis/build/icyphy/ptII/ptolemy/domains/de/test/auto/CausalityInterface15.xml
1 ms. Memory: 55296K Free: 30178K (55%)
----------------- Invoking toplevel() on ptolemy.moml.MoMLSimpleApplication@4d4aa392
----------------- Done invoking toplevel() on ptolemy.moml.MoMLSimpleApplication@4d4aa392
reloadAllAccessors: .CausalityInterface15

===========================================================================================
----------------- testing Fri Jan 03 07:21:54 UTC 2020 /home/travis/build/icyphy/ptII/ptolemy/domains/de/test/auto/CausalityInterface2.xml
----------------- Instantiating /home/travis/build/icyphy/ptII/ptolemy/domains/de/test/auto/CausalityInterface2.xml
1 ms. Memory: 55296K Free: 25742K (47%)
[...]
	at ptolemy.actor.Manager.run(Manager.java:1263)
	at ptolemy.actor.Manager$PtolemyRunThread.run(Manager.java:1933)
java.lang.RuntimeException: Execution failed
	at ptolemy.moml.MoMLSimpleApplication$UnloadThread.run(MoMLSimpleApplication.java:402)
Caused by: ptolemy.kernel.util.IllegalActionException: Actor is not ready to fire.  Perhaps UpSample.prefire() returned false? Try debugging the actor by selecting "Listen to Actor".  Also, for SDF check moml for tokenConsumptionRate on input.
  in .DESDFClockTest.Play Bell.Copy1:SDF Director and .DESDFClockTest.Play Bell.UpSample
	at ptolemy.actor.sched.StaticSchedulingDirector.fire(StaticSchedulingDirector.java:227)
	at ptolemy.domains.sdf.kernel.SDFDirector.fire(SDFDirector.java:500)
	at ptolemy.actor.CompositeActor.fire(CompositeActor.java:455)
	at ptolemy.domains.de.kernel.DEDirector._fire(DEDirector.java:1949)
	at ptolemy.domains.de.kernel.DEDirector.fire(DEDirector.java:502)
	at ptolemy.actor.CompositeActor.fire(CompositeActor.java:455)
	at ptolemy.actor.Manager.iterate(Manager.java:851)
	at ptolemy.actor.Manager.execute(Manager.java:369)
	at ptolemy.actor.Manager.run(Manager.java:1263)
	at ptolemy.actor.Manager$PtolemyRunThread.run(Manager.java:1933)
java.lang.reflect.InvocationTargetException
	at java.base/jdk.internal.reflect.NativeConstructorAccessorImpl.newInstance0(Native Method)
	at java.base/jdk.internal.reflect.NativeConstructorAccessorImpl.newInstance(NativeConstructorAccessorImpl.java:62)
	at java.base/jdk.internal.reflect.DelegatingConstructorAccessorImpl.newInstance(DelegatingConstructorAccessorImpl.java:45)
	at java.base/java.lang.reflect.Constructor.newInstance(Constructor.java:490)
	at ptolemy.util.test.junit.AutoKnownFailedTests.RunModel(AutoKnownFailedTests.java:105)
	at java.base/jdk.internal.reflect.NativeMethodAccessorImpl.invoke0(Native Method)
	at java.base/jdk.internal.reflect.NativeMethodAccessorImpl.invoke(NativeMethodAccessorImpl.java:62)
	at java.base/jdk.internal.reflect.DelegatingMethodAccessorImpl.invoke(DelegatingMethodAccessorImpl.java:43)
	at java.base/java.lang.reflect.Method.invoke(Method.java:566)
	at org.junit.runners.model.FrameworkMethod$1.runReflectiveCall(FrameworkMethod.java:44)
	at org.junit.internal.runners.model.ReflectiveCallable.run(ReflectiveCallable.java:15)
	at org.junit.runners.model.FrameworkMethod.invokeExplosively(FrameworkMethod.java:41)
	at junitparams.internal.InvokeParameterisedMethod.evaluate(InvokeParameterisedMethod.java:102)
	at org.junit.internal.runners.statements.FailOnTimeout$1.run(FailOnTimeout.java:28)
Caused by: ptolemy.kernel.util.IllegalActionException: Actor is not ready to fire.  Perhaps UpSample.prefire() returned false? Try debugging the actor by selecting "Listen to Actor".  Also, for SDF check moml for tokenConsumptionRate on input.
  in .DESDFClockTest.Play Bell.Copy1:SDF Director and .DESDFClockTest.Play Bell.UpSample
	at ptolemy.actor.sched.StaticSchedulingDirector.fire(StaticSchedulingDirector.java:227)
	at ptolemy.domains.sdf.kernel.SDFDirector.fire(SDFDirector.java:500)
	at ptolemy.actor.CompositeActor.fire(CompositeActor.java:455)
	at ptolemy.domains.de.kernel.DEDirector._fire(DEDirector.java:1949)
	at ptolemy.domains.de.kernel.DEDirector.fire(DEDirector.java:502)
	at ptolemy.actor.CompositeActor.fire(CompositeActor.java:455)
	at ptolemy.actor.Manager.iterate(Manager.java:851)
	at ptolemy.actor.Manager.execute(Manager.java:369)
	at ptolemy.actor.Manager.run(Manager.java:1263)
	at ptolemy.actor.Manager$PtolemyRunThread.run(Manager.java:1933)
java.lang.RuntimeException: Execution failed
	at ptolemy.moml.MoMLSimpleApplication$UnloadThread.run(MoMLSimpleApplication.java:402)
Caused by: ptolemy.kernel.util.IllegalActionException: Test fails in iteration 1.
Value was: 1.0. Should have been: 2.0
  in .DirectFeedback.Test
	at ptolemy.actor.lib.Test.fire(Test.java:268)
	at ptolemy.domains.de.kernel.DEDirector._fire(DEDirector.java:1949)
	at ptolemy.domains.de.kernel.DEDirector.fire(DEDirector.java:502)
	at ptolemy.actor.CompositeActor.fire(CompositeActor.java:455)
	at ptolemy.actor.Manager.iterate(Manager.java:851)
	at ptolemy.actor.Manager.execute(Manager.java:369)
	at ptolemy.actor.Manager.run(Manager.java:1263)
	at ptolemy.actor.Manager$PtolemyRunThread.run(Manager.java:1933)
java.lang.reflect.InvocationTargetException
	at java.base/jdk.internal.reflect.NativeConstructorAccessorImpl.newInstance0(Native Method)
	at java.base/jdk.internal.reflect.NativeConstructorAccessorImpl.newInstance(NativeConstructorAccessorImpl.java:62)
	at java.base/jdk.internal.reflect.DelegatingConstructorAccessorImpl.newInstance(DelegatingConstructorAccessorImpl.java:45)
	at java.base/java.lang.reflect.Constructor.newInstance(Constructor.java:490)
	at ptolemy.util.test.junit.AutoKnownFailedTests.RunModel(AutoKnownFailedTests.java:105)
	at java.base/jdk.internal.reflect.NativeMethodAccessorImpl.invoke0(Native Method)
	at java.base/jdk.internal.reflect.NativeMethodAccessorImpl.invoke(NativeMethodAccessorImpl.java:62)
	at java.base/jdk.internal.reflect.DelegatingMethodAccessorImpl.invoke(DelegatingMethodAccessorImpl.java:43)
	at java.base/java.lang.reflect.Method.invoke(Method.java:566)
	at org.junit.runners.model.FrameworkMethod$1.runReflectiveCall(FrameworkMethod.java:44)
	at org.junit.internal.runners.model.ReflectiveCallable.run(ReflectiveCallable.java:15)
	at org.junit.runners.model.FrameworkMethod.invokeExplosively(FrameworkMethod.java:41)
	at junitparams.internal.InvokeParameterisedMethod.evaluate(InvokeParameterisedMethod.java:102)
	at org.junit.internal.runners.statements.FailOnTimeout$1.run(FailOnTimeout.java:28)
Caused by: ptolemy.kernel.util.IllegalActionException: Test fails in iteration 1.
Value was: 1.0. Should have been: 2.0
  in .DirectFeedback.Test
	at ptolemy.actor.lib.Test.fire(Test.java:268)
	at ptolemy.domains.de.kernel.DEDirector._fire(DEDirector.java:1949)
	at ptolemy.domains.de.kernel.DEDirector.fire(DEDirector.java:502)
	at ptolemy.actor.CompositeActor.fire(CompositeActor.java:455)
	at ptolemy.actor.Manager.iterate(Manager.java:851)
	at ptolemy.actor.Manager.execute(Manager.java:369)
	at ptolemy.actor.Manager.run(Manager.java:1263)
	at ptolemy.actor.Manager$PtolemyRunThread.run(Manager.java:1933)
java.lang.RuntimeException: Execution failed
	at ptolemy.moml.MoMLSimpleApplication$UnloadThread.run(MoMLSimpleApplication.java:402)
Caused by: ptolemy.kernel.util.IllegalActionException: Found a zero delay loop containing .HierarchicalModel.A
  in .HierarchicalModel and .HierarchicalModel.A
	at ptolemy.actor.util.CausalityInterfaceForComposites._computeOutputPortDepth(CausalityInterfaceForComposites.java:759)
	at ptolemy.actor.util.CausalityInterfaceForComposites._computeInputDepth(CausalityInterfaceForComposites.java:696)
	at ptolemy.actor.util.CausalityInterfaceForComposites._computeOutputPortDepth(CausalityInterfaceForComposites.java:765)
	at ptolemy.actor.util.CausalityInterfaceForComposites._computeInputDepth(CausalityInterfaceForComposites.java:696)
	at ptolemy.actor.util.CausalityInterfaceForComposites._computeOutputPortDepth(CausalityInterfaceForComposites.java:765)
	at ptolemy.actor.util.CausalityInterfaceForComposites._computeInputDepth(CausalityInterfaceForComposites.java:696)
	at ptolemy.actor.util.CausalityInterfaceForComposites._computeActorDepth(CausalityInterfaceForComposites.java:532)
	at ptolemy.actor.util.CausalityInterfaceForComposites.checkForCycles(CausalityInterfaceForComposites.java:96)
	at ptolemy.domains.de.kernel.DEDirector.preinitialize(DEDirector.java:1338)
	at ptolemy.actor.CompositeActor.preinitialize(CompositeActor.java:1828)
	at ptolemy.actor.Manager.preinitializeAndResolveTypes(Manager.java:1040)
	at ptolemy.actor.Manager.initialize(Manager.java:710)
	at ptolemy.actor.Manager.execute(Manager.java:356)
	at ptolemy.actor.Manager.run(Manager.java:1263)
	at ptolemy.actor.Manager$PtolemyRunThread.run(Manager.java:1933)
java.lang.reflect.InvocationTargetException
	at java.base/jdk.internal.reflect.NativeConstructorAccessorImpl.newInstance0(Native Method)
	at java.base/jdk.internal.reflect.NativeConstructorAccessorImpl.newInstance(NativeConstructorAccessorImpl.java:62)
	at java.base/jdk.internal.reflect.DelegatingConstructorAccessorImpl.newInstance(DelegatingConstructorAccessorImpl.java:45)
	at java.base/java.lang.reflect.Constructor.newInstance(Constructor.java:490)
	at ptolemy.util.test.junit.AutoKnownFailedTests.RunModel(AutoKnownFailedTests.java:105)
	at java.base/jdk.internal.reflect.NativeMethodAccessorImpl.invoke0(Native Method)
	at java.base/jdk.internal.reflect.NativeMethodAccessorImpl.invoke(NativeMethodAccessorImpl.java:62)
	at java.base/jdk.internal.reflect.DelegatingMethodAccessorImpl.invoke(DelegatingMethodAccessorImpl.java:43)
	at java.base/java.lang.reflect.Method.invoke(Method.java:566)
	at org.junit.runners.model.FrameworkMethod$1.runReflectiveCall(FrameworkMethod.java:44)
	at org.junit.internal.runners.model.ReflectiveCallable.run(ReflectiveCallable.java:15)
	at org.junit.runners.model.FrameworkMethod.invokeExplosively(FrameworkMethod.java:41)
	at junitparams.internal.InvokeParameterisedMethod.evaluate(InvokeParameterisedMethod.java:102)
	at org.junit.internal.runners.statements.FailOnTimeout$1.run(FailOnTimeout.java:28)
Caused by: ptolemy.kernel.util.IllegalActionException: Found a zero delay loop containing .HierarchicalModel.A
  in .HierarchicalModel and .HierarchicalModel.A
	at ptolemy.actor.util.CausalityInterfaceForComposites._computeOutputPortDepth(CausalityInterfaceForComposites.java:759)
	at ptolemy.actor.util.CausalityInterfaceForComposites._computeInputDepth(CausalityInterfaceForComposites.java:696)
	at ptolemy.actor.util.CausalityInterfaceForComposites._computeOutputPortDepth(CausalityInterfaceForComposites.java:765)
	at ptolemy.actor.util.CausalityInterfaceForComposites._computeInputDepth(CausalityInterfaceForComposites.java:696)
	at ptolemy.actor.util.CausalityInterfaceForComposites._computeOutputPortDepth(CausalityInterfaceForComposites.java:765)
	at ptolemy.actor.util.CausalityInterfaceForComposites._computeInputDepth(CausalityInterfaceForComposites.java:696)
	at ptolemy.actor.util.CausalityInterfaceForComposites._computeActorDepth(CausalityInterfaceForComposites.java:532)
	at ptolemy.actor.util.CausalityInterfaceForComposites.checkForCycles(CausalityInterfaceForComposites.java:96)
	at ptolemy.domains.de.kernel.DEDirector.preinitialize(DEDirector.java:1338)
	at ptolemy.actor.CompositeActor.preinitialize(CompositeActor.java:1828)
	at ptolemy.actor.Manager.preinitializeAndResolveTypes(Manager.java:1040)
	at ptolemy.actor.Manager.initialize(Manager.java:710)
	at ptolemy.actor.Manager.execute(Manager.java:356)
	at ptolemy.actor.Manager.run(Manager.java:1263)
	at ptolemy.actor.Manager$PtolemyRunThread.run(Manager.java:1933)
java.lang.RuntimeException: Execution failed
	at ptolemy.moml.MoMLSimpleApplication$UnloadThread.run(MoMLSimpleApplication.java:402)
Caused by: ptolemy.kernel.util.IllegalActionException: Found a zero delay loop containing .dependencyLoop.original
  in .dependencyLoop and .dependencyLoop.original
	at ptolemy.actor.util.CausalityInterfaceForComposites._computeOutputPortDepth(CausalityInterfaceForComposites.java:759)
	at ptolemy.actor.util.CausalityInterfaceForComposites._computeInputDepth(CausalityInterfaceForComposites.java:696)
	at ptolemy.actor.util.CausalityInterfaceForComposites._computeOutputPortDepth(CausalityInterfaceForComposites.java:765)
	at ptolemy.actor.util.CausalityInterfaceForComposites._computeInputDepth(CausalityInterfaceForComposites.java:696)
	at ptolemy.actor.util.CausalityInterfaceForComposites._computeOutputPortDepth(CausalityInterfaceForComposites.java:765)
	at ptolemy.actor.util.CausalityInterfaceForComposites._computeInputDepth(CausalityInterfaceForComposites.java:696)
	at ptolemy.actor.util.CausalityInterfaceForComposites._computeActorDepth(CausalityInterfaceForComposites.java:532)
	at ptolemy.actor.util.CausalityInterfaceForComposites.checkForCycles(CausalityInterfaceForComposites.java:96)
	at ptolemy.domains.de.kernel.DEDirector.preinitialize(DEDirector.java:1338)
	at ptolemy.actor.CompositeActor.preinitialize(CompositeActor.java:1828)
	at ptolemy.actor.Manager.preinitializeAndResolveTypes(Manager.java:1040)
	at ptolemy.actor.Manager.initialize(Manager.java:710)
	at ptolemy.actor.Manager.execute(Manager.java:356)
	at ptolemy.actor.Manager.run(Manager.java:1263)
	at ptolemy.actor.Manager$PtolemyRunThread.run(Manager.java:1933)
java.lang.reflect.InvocationTargetException
	at java.base/jdk.internal.reflect.NativeConstructorAccessorImpl.newInstance0(Native Method)
	at java.base/jdk.internal.reflect.NativeConstructorAccessorImpl.newInstance(NativeConstructorAccessorImpl.java:62)
	at java.base/jdk.internal.reflect.DelegatingConstructorAccessorImpl.newInstance(DelegatingConstructorAccessorImpl.java:45)
	at java.base/java.lang.reflect.Constructor.newInstance(Constructor.java:490)
	at ptolemy.util.test.junit.AutoKnownFailedTests.RunModel(AutoKnownFailedTests.java:105)
	at java.base/jdk.internal.reflect.NativeMethodAccessorImpl.invoke0(Native Method)
	at java.base/jdk.internal.reflect.NativeMethodAccessorImpl.invoke(NativeMethodAccessorImpl.java:62)
	at java.base/jdk.internal.reflect.DelegatingMethodAccessorImpl.invoke(DelegatingMethodAccessorImpl.java:43)
	at java.base/java.lang.reflect.Method.invoke(Method.java:566)
	at org.junit.runners.model.FrameworkMethod$1.runReflectiveCall(FrameworkMethod.java:44)
	at org.junit.internal.runners.model.ReflectiveCallable.run(ReflectiveCallable.java:15)
	at org.junit.runners.model.FrameworkMethod.invokeExplosively(FrameworkMethod.java:41)
	at junitparams.internal.InvokeParameterisedMethod.evaluate(InvokeParameterisedMethod.java:102)
	at org.junit.internal.runners.statements.FailOnTimeout$1.run(FailOnTimeout.java:28)
Caused by: ptolemy.kernel.util.IllegalActionException: Found a zero delay loop containing .dependencyLoop.original
  in .dependencyLoop and .dependencyLoop.original
	at ptolemy.actor.util.CausalityInterfaceForComposites._computeOutputPortDepth(CausalityInterfaceForComposites.java:759)
	at ptolemy.actor.util.CausalityInterfaceForComposites._computeInputDepth(CausalityInterfaceForComposites.java:696)
	at ptolemy.actor.util.CausalityInterfaceForComposites._computeOutputPortDepth(CausalityInterfaceForComposites.java:765)
	at ptolemy.actor.util.CausalityInterfaceForComposites._computeInputDepth(CausalityInterfaceForComposites.java:696)
	at ptolemy.actor.util.CausalityInterfaceForComposites._computeOutputPortDepth(CausalityInterfaceForComposites.java:765)
	at ptolemy.actor.util.CausalityInterfaceForComposites._computeInputDepth(CausalityInterfaceForComposites.java:696)
	at ptolemy.actor.util.CausalityInterfaceForComposites._computeActorDepth(CausalityInterfaceForComposites.java:532)
	at ptolemy.actor.util.CausalityInterfaceForComposites.checkForCycles(CausalityInterfaceForComposites.java:96)
	at ptolemy.domains.de.kernel.DEDirector.preinitialize(DEDirector.java:1338)
	at ptolemy.actor.CompositeActor.preinitialize(CompositeActor.java:1828)
	at ptolemy.actor.Manager.preinitializeAndResolveTypes(Manager.java:1040)
	at ptolemy.actor.Manager.initialize(Manager.java:710)
	at ptolemy.actor.Manager.execute(Manager.java:356)
	at ptolemy.actor.Manager.run(Manager.java:1263)
	at ptolemy.actor.Manager$PtolemyRunThread.run(Manager.java:1933)
java.lang.RuntimeException: Execution failed
	at ptolemy.moml.MoMLSimpleApplication$UnloadThread.run(MoMLSimpleApplication.java:402)
Caused by: ptolemy.kernel.util.IllegalActionException: Found a zero delay loop containing .dependencyLoop2.original
  in .dependencyLoop2 and .dependencyLoop2.original
	at ptolemy.actor.util.CausalityInterfaceForComposites._computeOutputPortDepth(CausalityInterfaceForComposites.java:759)
	at ptolemy.actor.util.CausalityInterfaceForComposites._computeInputDepth(CausalityInterfaceForComposites.java:696)
	at ptolemy.actor.util.CausalityInterfaceForComposites._computeOutputPortDepth(CausalityInterfaceForComposites.java:765)
	at ptolemy.actor.util.CausalityInterfaceForComposites._computeInputDepth(CausalityInterfaceForComposites.java:696)
	at ptolemy.actor.util.CausalityInterfaceForComposites._computeOutputPortDepth(CausalityInterfaceForComposites.java:765)
	at ptolemy.actor.util.CausalityInterfaceForComposites._computeInputDepth(CausalityInterfaceForComposites.java:696)
	at ptolemy.actor.util.CausalityInterfaceForComposites._computeActorDepth(CausalityInterfaceForComposites.java:532)
	at ptolemy.actor.util.CausalityInterfaceForComposites.checkForCycles(CausalityInterfaceForComposites.java:96)
	at ptolemy.domains.de.kernel.DEDirector.preinitialize(DEDirector.java:1338)
	at ptolemy.actor.CompositeActor.preinitialize(CompositeActor.java:1828)
	at ptolemy.actor.Manager.preinitializeAndResolveTypes(Manager.java:1040)
	at ptolemy.actor.Manager.initialize(Manager.java:710)
	at ptolemy.actor.Manager.execute(Manager.java:356)
	at ptolemy.actor.Manager.run(Manager.java:1263)
	at ptolemy.actor.Manager$PtolemyRunThread.run(Manager.java:1933)
java.lang.reflect.InvocationTargetException
	at java.base/jdk.internal.reflect.NativeConstructorAccessorImpl.newInstance0(Native Method)
	at java.base/jdk.internal.reflect.NativeConstructorAccessorImpl.newInstance(NativeConstructorAccessorImpl.java:62)
	at java.base/jdk.internal.reflect.DelegatingConstructorAccessorImpl.newInstance(DelegatingConstructorAccessorImpl.java:45)
	at java.base/java.lang.reflect.Constructor.newInstance(Constructor.java:490)
	at ptolemy.util.test.junit.AutoKnownFailedTests.RunModel(AutoKnownFailedTests.java:105)
	at java.base/jdk.internal.reflect.NativeMethodAccessorImpl.invoke0(Native Method)
	at java.base/jdk.internal.reflect.NativeMethodAccessorImpl.invoke(NativeMethodAccessorImpl.java:62)
	at java.base/jdk.internal.reflect.DelegatingMethodAccessorImpl.invoke(DelegatingMethodAccessorImpl.java:43)
	at java.base/java.lang.reflect.Method.invoke(Method.java:566)
	at org.junit.runners.model.FrameworkMethod$1.runReflectiveCall(FrameworkMethod.java:44)
	at org.junit.internal.runners.model.ReflectiveCallable.run(ReflectiveCallable.java:15)
	at org.junit.runners.model.FrameworkMethod.invokeExplosively(FrameworkMethod.java:41)
	at junitparams.internal.InvokeParameterisedMethod.evaluate(InvokeParameterisedMethod.java:102)
	at org.junit.internal.runners.statements.FailOnTimeout$1.run(FailOnTimeout.java:28)
Caused by: ptolemy.kernel.util.IllegalActionException: Found a zero delay loop containing .dependencyLoop2.original
  in .dependencyLoop2 and .dependencyLoop2.original
	at ptolemy.actor.util.CausalityInterfaceForComposites._computeOutputPortDepth(CausalityInterfaceForComposites.java:759)
	at ptolemy.actor.util.CausalityInterfaceForComposites._computeInputDepth(CausalityInterfaceForComposites.java:696)
	at ptolemy.actor.util.CausalityInterfaceForComposites._computeOutputPortDepth(CausalityInterfaceForComposites.java:765)
	at ptolemy.actor.util.CausalityInterfaceForComposites._computeInputDepth(CausalityInterfaceForComposites.java:696)
	at ptolemy.actor.util.CausalityInterfaceForComposites._computeOutputPortDepth(CausalityInterfaceForComposites.java:765)
	at ptolemy.actor.util.CausalityInterfaceForComposites._computeInputDepth(CausalityInterfaceForComposites.java:696)
	at ptolemy.actor.util.CausalityInterfaceForComposites._computeActorDepth(CausalityInterfaceForComposites.java:532)
	at ptolemy.actor.util.CausalityInterfaceForComposites.checkForCycles(CausalityInterfaceForComposites.java:96)
	at ptolemy.domains.de.kernel.DEDirector.preinitialize(DEDirector.java:1338)
	at ptolemy.actor.CompositeActor.preinitialize(CompositeActor.java:1828)
	at ptolemy.actor.Manager.preinitializeAndResolveTypes(Manager.java:1040)
	at ptolemy.actor.Manager.initialize(Manager.java:710)
	at ptolemy.actor.Manager.execute(Manager.java:356)
	at ptolemy.actor.Manager.run(Manager.java:1263)
	at ptolemy.actor.Manager$PtolemyRunThread.run(Manager.java:1933)
]]></system-err>
</testsuite>
