<?xml version="1.0" encoding="UTF-8" ?>
<testsuite errors="0" failures="0" hostname="travis-job-5b037297-957b-49b2-971f-10a795903a98" name="ptolemy.domains.de.test.junit.JUnitTclTest" skipped="0" tests="101" time="135.753" timestamp="2019-11-14T06:15:42">
  <properties>
[...]
</properties>
  <testcase classname="ptolemy.util.test.junit.TclTests" name="[0] /home/travis/build/icyphy/ptII/ptolemy/domains/de/test/DependencyLoop.tcl (RunTclFile)" time="1.235" />
  <testcase classname="ptolemy.util.test.junit.TclTests" name="[1] /home/travis/build/icyphy/ptII/ptolemy/domains/de/test/RunDETestsAsQSS.tcl (RunTclFile)" time="91.34" />
  <testcase classname="ptolemy.util.test.junit.AutoKnownFailedTests" name="[0] /home/travis/build/icyphy/ptII/ptolemy/domains/de/test/auto/knownFailedTests/DESDFClockTest.xml (RunModel)" time="2.07" />
  <testcase classname="ptolemy.util.test.junit.AutoKnownFailedTests" name="[1] /home/travis/build/icyphy/ptII/ptolemy/domains/de/test/auto/knownFailedTests/DirectFeedback.xml (RunModel)" time="0.015" />
  <testcase classname="ptolemy.util.test.junit.AutoKnownFailedTests" name="[2] /home/travis/build/icyphy/ptII/ptolemy/domains/de/test/auto/knownFailedTests/FSMSource.xml (RunModel)" time="0.036" />
  <testcase classname="ptolemy.util.test.junit.AutoKnownFailedTests" name="[3] /home/travis/build/icyphy/ptII/ptolemy/domains/de/test/auto/knownFailedTests/HierarchicalModel.xml (RunModel)" time="0.06" />
  <testcase classname="ptolemy.util.test.junit.AutoKnownFailedTests" name="[4] /home/travis/build/icyphy/ptII/ptolemy/domains/de/test/auto/knownFailedTests/dependencyLoop.xml (RunModel)" time="0.066" />
  <testcase classname="ptolemy.util.test.junit.AutoKnownFailedTests" name="[5] /home/travis/build/icyphy/ptII/ptolemy/domains/de/test/auto/knownFailedTests/dependencyLoop2.xml (RunModel)" time="0.05" />
  <testcase classname="ptolemy.util.test.junit.AutoNameArchTests" name="[0] ThereAreNoAutoArchTests (RunModel)" time="0.001" />
  <testcase classname="ptolemy.util.test.junit.AutoTests" name="[0] /home/travis/build/icyphy/ptII/ptolemy/domains/de/test/auto/ActorDepthCalculation_actorWithoutPorts.xml (RunModel)" time="0.022" />
  <testcase classname="ptolemy.util.test.junit.AutoTests" name="[1] /home/travis/build/icyphy/ptII/ptolemy/domains/de/test/auto/AssemblyLine.xml (RunModel)" time="0.029" />
  <testcase classname="ptolemy.util.test.junit.AutoTests" name="[2] /home/travis/build/icyphy/ptII/ptolemy/domains/de/test/auto/CQBug1.xml (RunModel)" time="0.016" />
  <testcase classname="ptolemy.util.test.junit.AutoTests" name="[3] /home/travis/build/icyphy/ptII/ptolemy/domains/de/test/auto/CancelFireAt.xml (RunModel)" time="0.013" />
  <testcase classname="ptolemy.util.test.junit.AutoTests" name="[4] /home/travis/build/icyphy/ptII/ptolemy/domains/de/test/auto/CausalityAndComposabilityAnalysis.xml (RunModel)" time="0.018" />
  <testcase classname="ptolemy.util.test.junit.AutoTests" name="[5] /home/travis/build/icyphy/ptII/ptolemy/domains/de/test/auto/CausalityInterface1.xml (RunModel)" time="0.016" />
  <testcase classname="ptolemy.util.test.junit.AutoTests" name="[6] /home/travis/build/icyphy/ptII/ptolemy/domains/de/test/auto/CausalityInterface15.xml (RunModel)" time="0.023" />
  <testcase classname="ptolemy.util.test.junit.AutoTests" name="[7] /home/travis/build/icyphy/ptII/ptolemy/domains/de/test/auto/CausalityInterface2.xml (RunModel)" time="0.022" />
  <testcase classname="ptolemy.util.test.junit.AutoTests" name="[8] /home/travis/build/icyphy/ptII/ptolemy/domains/de/test/auto/CausalityInterface3.xml (RunModel)" time="0.014" />
  <testcase classname="ptolemy.util.test.junit.AutoTests" name="[9] /home/travis/build/icyphy/ptII/ptolemy/domains/de/test/auto/ClockDrift.xml (RunModel)" time="0.042" />
  <testcase classname="ptolemy.util.test.junit.AutoTests" name="[10] /home/travis/build/icyphy/ptII/ptolemy/domains/de/test/auto/ClockDriftAndValueChange.xml (RunModel)" time="0.043" />
  <testcase classname="ptolemy.util.test.junit.AutoTests" name="[11] /home/travis/build/icyphy/ptII/ptolemy/domains/de/test/auto/ClockDriftChange.xml (RunModel)" time="0.043" />
  <testcase classname="ptolemy.util.test.junit.AutoTests" name="[12] /home/travis/build/icyphy/ptII/ptolemy/domains/de/test/auto/ComposableCausalityAnalysis.xml (RunModel)" time="0.015" />
  <testcase classname="ptolemy.util.test.junit.AutoTests" name="[13] /home/travis/build/icyphy/ptII/ptolemy/domains/de/test/auto/DEFixedPointLimitation.xml (RunModel)" time="0.017" />
  <testcase classname="ptolemy.util.test.junit.AutoTests" name="[14] /home/travis/build/icyphy/ptII/ptolemy/domains/de/test/auto/DEScheduleTest.xml (RunModel)" time="0.017" />
  <testcase classname="ptolemy.util.test.junit.AutoTests" name="[15] /home/travis/build/icyphy/ptII/ptolemy/domains/de/test/auto/DEinDEwithStartTimes.xml (RunModel)" time="0.018" />
  <testcase classname="ptolemy.util.test.junit.AutoTests" name="[16] /home/travis/build/icyphy/ptII/ptolemy/domains/de/test/auto/DEinDEwithStartTimes2.xml (RunModel)" time="0.019" />
  <testcase classname="ptolemy.util.test.junit.AutoTests" name="[17] /home/travis/build/icyphy/ptII/ptolemy/domains/de/test/auto/DateDemo.xml (RunModel)" time="0.035" />
  <testcase classname="ptolemy.util.test.junit.AutoTests" name="[18] /home/travis/build/icyphy/ptII/ptolemy/domains/de/test/auto/DateToEvent.xml (RunModel)" time="2.048" />
  <testcase classname="ptolemy.util.test.junit.AutoTests" name="[19] /home/travis/build/icyphy/ptII/ptolemy/domains/de/test/auto/DepthTest1.xml (RunModel)" time="0.033" />
  <testcase classname="ptolemy.util.test.junit.AutoTests" name="[20] /home/travis/build/icyphy/ptII/ptolemy/domains/de/test/auto/DepthTest2.xml (RunModel)" time="0.025" />
  <testcase classname="ptolemy.util.test.junit.AutoTests" name="[21] /home/travis/build/icyphy/ptII/ptolemy/domains/de/test/auto/DepthTest3.xml (RunModel)" time="0.01" />
  <testcase classname="ptolemy.util.test.junit.AutoTests" name="[22] /home/travis/build/icyphy/ptII/ptolemy/domains/de/test/auto/DepthTest4.xml (RunModel)" time="0.021" />
  <testcase classname="ptolemy.util.test.junit.AutoTests" name="[23] /home/travis/build/icyphy/ptII/ptolemy/domains/de/test/auto/DepthTest5.xml (RunModel)" time="0.017" />
  <testcase classname="ptolemy.util.test.junit.AutoTests" name="[24] /home/travis/build/icyphy/ptII/ptolemy/domains/de/test/auto/DepthTest6.xml (RunModel)" time="0.015" />
  <testcase classname="ptolemy.util.test.junit.AutoTests" name="[25] /home/travis/build/icyphy/ptII/ptolemy/domains/de/test/auto/DepthTest7.xml (RunModel)" time="0.016" />
  <testcase classname="ptolemy.util.test.junit.AutoTests" name="[26] /home/travis/build/icyphy/ptII/ptolemy/domains/de/test/auto/EventToDate.xml (RunModel)" time="3.049" />
  <testcase classname="ptolemy.util.test.junit.AutoTests" name="[27] /home/travis/build/icyphy/ptII/ptolemy/domains/de/test/auto/FSM1.xml (RunModel)" time="0.039" />
  <testcase classname="ptolemy.util.test.junit.AutoTests" name="[28] /home/travis/build/icyphy/ptII/ptolemy/domains/de/test/auto/FSM7.xml (RunModel)" time="0.049" />
  <testcase classname="ptolemy.util.test.junit.AutoTests" name="[29] /home/travis/build/icyphy/ptII/ptolemy/domains/de/test/auto/Inspection.xml (RunModel)" time="0.05" />
  <testcase classname="ptolemy.util.test.junit.AutoTests" name="[30] /home/travis/build/icyphy/ptII/ptolemy/domains/de/test/auto/Iteration.xml (RunModel)" time="0.026" />
  <testcase classname="ptolemy.util.test.junit.AutoTests" name="[31] /home/travis/build/icyphy/ptII/ptolemy/domains/de/test/auto/LineFault.xml (RunModel)" time="0.712" />
  <testcase classname="ptolemy.util.test.junit.AutoTests" name="[32] /home/travis/build/icyphy/ptII/ptolemy/domains/de/test/auto/MergeModel1Add.xml (RunModel)" time="0.053" />
  <testcase classname="ptolemy.util.test.junit.AutoTests" name="[33] /home/travis/build/icyphy/ptII/ptolemy/domains/de/test/auto/MergeModel2Add.xml (RunModel)" time="0.042" />
  <testcase classname="ptolemy.util.test.junit.AutoTests" name="[34] /home/travis/build/icyphy/ptII/ptolemy/domains/de/test/auto/MergeModel3Add.xml (RunModel)" time="0.055" />
  <testcase classname="ptolemy.util.test.junit.AutoTests" name="[35] /home/travis/build/icyphy/ptII/ptolemy/domains/de/test/auto/MergeWithoutDiscard.xml (RunModel)" time="0.017" />
  <testcase classname="ptolemy.util.test.junit.AutoTests" name="[36] /home/travis/build/icyphy/ptII/ptolemy/domains/de/test/auto/Modal1.xml (RunModel)" time="0.046" />
  <testcase classname="ptolemy.util.test.junit.AutoTests" name="[37] /home/travis/build/icyphy/ptII/ptolemy/domains/de/test/auto/Modal2.xml (RunModel)" time="0.037" />
  <testcase classname="ptolemy.util.test.junit.AutoTests" name="[38] /home/travis/build/icyphy/ptII/ptolemy/domains/de/test/auto/Modal3.xml (RunModel)" time="0.03" />
  <testcase classname="ptolemy.util.test.junit.AutoTests" name="[39] /home/travis/build/icyphy/ptII/ptolemy/domains/de/test/auto/Modal4.xml (RunModel)" time="0.036" />
  <testcase classname="ptolemy.util.test.junit.AutoTests" name="[40] /home/travis/build/icyphy/ptII/ptolemy/domains/de/test/auto/Modal5.xml (RunModel)" time="0.031" />
  <testcase classname="ptolemy.util.test.junit.AutoTests" name="[41] /home/travis/build/icyphy/ptII/ptolemy/domains/de/test/auto/Modal6.xml (RunModel)" time="0.032" />
  <testcase classname="ptolemy.util.test.junit.AutoTests" name="[42] /home/travis/build/icyphy/ptII/ptolemy/domains/de/test/auto/Modal7.xml (RunModel)" time="0.029" />
  <testcase classname="ptolemy.util.test.junit.AutoTests" name="[43] /home/travis/build/icyphy/ptII/ptolemy/domains/de/test/auto/ModalModel.xml (RunModel)" time="0.177" />
  <testcase classname="ptolemy.util.test.junit.AutoTests" name="[44] /home/travis/build/icyphy/ptII/ptolemy/domains/de/test/auto/ModalSource.xml (RunModel)" time="0.029" />
  <testcase classname="ptolemy.util.test.junit.AutoTests" name="[45] /home/travis/build/icyphy/ptII/ptolemy/domains/de/test/auto/NonInterruptibleTimerZeroDelay.xml (RunModel)" time="0.012" />
  <testcase classname="ptolemy.util.test.junit.AutoTests" name="[46] /home/travis/build/icyphy/ptII/ptolemy/domains/de/test/auto/OpenQueueingNetwork.xml (RunModel)" time="2.68" />
  <testcase classname="ptolemy.util.test.junit.AutoTests" name="[47] /home/travis/build/icyphy/ptII/ptolemy/domains/de/test/auto/OpenQueuingNetwork.xml (RunModel)" time="0.284" />
  <testcase classname="ptolemy.util.test.junit.AutoTests" name="[48] /home/travis/build/icyphy/ptII/ptolemy/domains/de/test/auto/PeriodicSampler.xml (RunModel)" time="0.008" />
  <testcase classname="ptolemy.util.test.junit.AutoTests" name="[49] /home/travis/build/icyphy/ptII/ptolemy/domains/de/test/auto/PersistentIO.xml (RunModel)" time="0.019" />
  <testcase classname="ptolemy.util.test.junit.AutoTests" name="[50] /home/travis/build/icyphy/ptII/ptolemy/domains/de/test/auto/PortParameterResetOnInitialize.xml (RunModel)" time="0.012" />
  <testcase classname="ptolemy.util.test.junit.AutoTests" name="[51] /home/travis/build/icyphy/ptII/ptolemy/domains/de/test/auto/PortParameterUpdates.xml (RunModel)" time="0.015" />
  <testcase classname="ptolemy.util.test.junit.AutoTests" name="[52] /home/travis/build/icyphy/ptII/ptolemy/domains/de/test/auto/QueueAndServer.xml (RunModel)" time="0.023" />
  <testcase classname="ptolemy.util.test.junit.AutoTests" name="[53] /home/travis/build/icyphy/ptII/ptolemy/domains/de/test/auto/Records.xml (RunModel)" time="0.026" />
  <testcase classname="ptolemy.util.test.junit.AutoTests" name="[54] /home/travis/build/icyphy/ptII/ptolemy/domains/de/test/auto/ResetTransitionWithStartTime1.xml (RunModel)" time="0.025" />
  <testcase classname="ptolemy.util.test.junit.AutoTests" name="[55] /home/travis/build/icyphy/ptII/ptolemy/domains/de/test/auto/ResetTransitionWithStartTime2.xml (RunModel)" time="0.022" />
  <testcase classname="ptolemy.util.test.junit.AutoTests" name="[56] /home/travis/build/icyphy/ptII/ptolemy/domains/de/test/auto/ResetTransitionWithStartTime3.xml (RunModel)" time="0.02" />
  <testcase classname="ptolemy.util.test.junit.AutoTests" name="[57] /home/travis/build/icyphy/ptII/ptolemy/domains/de/test/auto/ResetTransitionWithStartTime4.xml (RunModel)" time="0.021" />
  <testcase classname="ptolemy.util.test.junit.AutoTests" name="[58] /home/travis/build/icyphy/ptII/ptolemy/domains/de/test/auto/ResettableTimer1.xml (RunModel)" time="0.011" />
  <testcase classname="ptolemy.util.test.junit.AutoTests" name="[59] /home/travis/build/icyphy/ptII/ptolemy/domains/de/test/auto/ResettableTimer2.xml (RunModel)" time="0.015" />
  <testcase classname="ptolemy.util.test.junit.AutoTests" name="[60] /home/travis/build/icyphy/ptII/ptolemy/domains/de/test/auto/ResettableTimer3.xml (RunModel)" time="0.01" />
  <testcase classname="ptolemy.util.test.junit.AutoTests" name="[61] /home/travis/build/icyphy/ptII/ptolemy/domains/de/test/auto/ResettableTimer4.xml (RunModel)" time="0.011" />
  <testcase classname="ptolemy.util.test.junit.AutoTests" name="[62] /home/travis/build/icyphy/ptII/ptolemy/domains/de/test/auto/ResettableTimer5.xml (RunModel)" time="0.011" />
  <testcase classname="ptolemy.util.test.junit.AutoTests" name="[63] /home/travis/build/icyphy/ptII/ptolemy/domains/de/test/auto/ResettableTimer6.xml (RunModel)" time="0.019" />
  <testcase classname="ptolemy.util.test.junit.AutoTests" name="[64] /home/travis/build/icyphy/ptII/ptolemy/domains/de/test/auto/ServerZeroDelay.xml (RunModel)" time="0.013" />
  <testcase classname="ptolemy.util.test.junit.AutoTests" name="[65] /home/travis/build/icyphy/ptII/ptolemy/domains/de/test/auto/SmartSender.xml (RunModel)" time="3.01" />
  <testcase classname="ptolemy.util.test.junit.AutoTests" name="[66] /home/travis/build/icyphy/ptII/ptolemy/domains/de/test/auto/ThreadedComposite.xml (RunModel)" time="0.137" />
  <testcase classname="ptolemy.util.test.junit.AutoTests" name="[67] /home/travis/build/icyphy/ptII/ptolemy/domains/de/test/auto/Time.xml (RunModel)" time="0.446" />
  <testcase classname="ptolemy.util.test.junit.AutoTests" name="[68] /home/travis/build/icyphy/ptII/ptolemy/domains/de/test/auto/TimeDelayZeroDelay.xml (RunModel)" time="0.013" />
  <testcase classname="ptolemy.util.test.junit.AutoTests" name="[69] /home/travis/build/icyphy/ptII/ptolemy/domains/de/test/auto/TimerZeroDelay.xml (RunModel)" time="0.011" />
  <testcase classname="ptolemy.util.test.junit.AutoTests" name="[70] /home/travis/build/icyphy/ptII/ptolemy/domains/de/test/auto/TimingParadox.xml (RunModel)" time="0.367" />
  <testcase classname="ptolemy.util.test.junit.AutoTests" name="[71] /home/travis/build/icyphy/ptII/ptolemy/domains/de/test/auto/TransferInputs.xml (RunModel)" time="0.015" />
  <testcase classname="ptolemy.util.test.junit.AutoTests" name="[72] /home/travis/build/icyphy/ptII/ptolemy/domains/de/test/auto/TransferOutputs2.xml (RunModel)" time="0.016" />
  <testcase classname="ptolemy.util.test.junit.AutoTests" name="[73] /home/travis/build/icyphy/ptII/ptolemy/domains/de/test/auto/Trilateration.xml (RunModel)" time="13.513" />
  <testcase classname="ptolemy.util.test.junit.AutoTests" name="[74] /home/travis/build/icyphy/ptII/ptolemy/domains/de/test/auto/TwoSigmaDelta.xml (RunModel)" time="2.282" />
  <testcase classname="ptolemy.util.test.junit.AutoTests" name="[75] /home/travis/build/icyphy/ptII/ptolemy/domains/de/test/auto/VariableDelay.xml (RunModel)" time="0.011" />
  <testcase classname="ptolemy.util.test.junit.AutoTests" name="[76] /home/travis/build/icyphy/ptII/ptolemy/domains/de/test/auto/VariableDelay2.xml (RunModel)" time="0.01" />
  <testcase classname="ptolemy.util.test.junit.AutoTests" name="[77] /home/travis/build/icyphy/ptII/ptolemy/domains/de/test/auto/VariableDelayZeroDelay.xml (RunModel)" time="0.014" />
  <testcase classname="ptolemy.util.test.junit.AutoTests" name="[78] /home/travis/build/icyphy/ptII/ptolemy/domains/de/test/auto/VariableDelayZeroDelay2.xml (RunModel)" time="0.016" />
  <testcase classname="ptolemy.util.test.junit.AutoTests" name="[79] /home/travis/build/icyphy/ptII/ptolemy/domains/de/test/auto/deInCt.xml (RunModel)" time="0.018" />
  <testcase classname="ptolemy.util.test.junit.AutoTests" name="[80] /home/travis/build/icyphy/ptII/ptolemy/domains/de/test/auto/deInCt2.xml (RunModel)" time="0.02" />
  <testcase classname="ptolemy.util.test.junit.AutoTests" name="[81] /home/travis/build/icyphy/ptII/ptolemy/domains/de/test/auto/dynamicCausalityInterface1.xml (RunModel)" time="0.02" />
  <testcase classname="ptolemy.util.test.junit.AutoTests" name="[82] /home/travis/build/icyphy/ptII/ptolemy/domains/de/test/auto/fsm_de_test.xml (RunModel)" time="0.025" />
  <testcase classname="ptolemy.util.test.junit.AutoTests" name="[83] /home/travis/build/icyphy/ptII/ptolemy/domains/de/test/auto/functionDependencyReconstruction.xml (RunModel)" time="0.032" />
  <testcase classname="ptolemy.util.test.junit.AutoTests" name="[84] /home/travis/build/icyphy/ptII/ptolemy/domains/de/test/auto/multirate.xml (RunModel)" time="0.016" />
  <testcase classname="ptolemy.util.test.junit.AutoTests" name="[85] /home/travis/build/icyphy/ptII/ptolemy/domains/de/test/auto/multirate2.xml (RunModel)" time="0.02" />
  <testcase classname="ptolemy.util.test.junit.AutoTests" name="[86] /home/travis/build/icyphy/ptII/ptolemy/domains/de/test/auto/realtime.xml (RunModel)" time="10.012" />
  <testcase classname="ptolemy.util.test.junit.AutoTests" name="[87] /home/travis/build/icyphy/ptII/ptolemy/domains/de/test/auto/relationGroup.xml (RunModel)" time="0.018" />
  <testcase classname="ptolemy.util.test.junit.AutoTests" name="[88] /home/travis/build/icyphy/ptII/ptolemy/domains/de/test/auto/relationGroup2.xml (RunModel)" time="0.018" />
  <testcase classname="ptolemy.util.test.junit.AutoTests" name="[89] /home/travis/build/icyphy/ptII/ptolemy/domains/de/test/auto/sortWithOpaquePorts.xml (RunModel)" time="0.012" />
  <testcase classname="ptolemy.util.test.junit.AutoTests" name="[90] /home/travis/build/icyphy/ptII/ptolemy/domains/de/test/auto/transferInputsandOutputs.xml (RunModel)" time="0.017" />
  <testcase classname="ptolemy.util.test.junit.AutoTests" name="[91] /home/travis/build/icyphy/ptII/ptolemy/domains/de/test/auto/triggerType.xml (RunModel)" time="0.011" />
  <system-out><![CDATA[/home/travis/build/icyphy/ptII/ptolemy/domains/de/test/DependencyLoop.tcl
testDefs.tcl: setting time out to 9000 seconds at Thu Nov 14 06:15:42 UTC 2019
61 ms. Memory: 120832K Free: 71624K (59%)
27 ms. Memory: 120832K Free: 54216K (45%)
/home/travis/build/icyphy/ptII/ptolemy/domains/de/test/RunDETestsAsQSS.tcl
Run the DE tests using ptolemy.domains.qss.test.QSSDirectorTest, which extends QSSDirector and prints a message in the constructors.
------------------ testing $PTII/ptolemy/domains/de/test/auto/knownFailedTests/DirectFeedback.xml (Known Failure) 
71 ms. Memory: 120832K Free: 49096K (41%)


==== $PTIIhome/travis/build/icyphy/ptII/ptolemy/domains/de/test/../../../../: Auto Automatic test in file $PTII/ptolemy/domains/de/test/auto/knownFailedTests/DirectFeedback.xml
==== Contents of test case:

	    # FIXME: we should use $relativeFilename here, but it
	    # might have backslashes under Windows, which causes no end
	    # of trouble.
	    createAndExecute $file
	    list {}
	
.... Test generated KNOWN error:
    while executing
ptolemy.kernel.util.IllegalActionException: Test fails in iteration 1.
Value was: 1.0. Should have been: 2.0
  in .DirectFeedback.Test
	at ptolemy.actor.lib.Test.fire(Test.java:268)
	at ptolemy.domains.de.kernel.DEDirector._fire(DEDirector.java:1949)
	at ptolemy.domains.de.kernel.DEDirector.fire(DEDirector.java:502)
	at ptolemy.actor.CompositeActor.fire(CompositeActor.java:455)
	at ptolemy.actor.Manager.iterate(Manager.java:851)
	at ptolemy.actor.Manager.execute(Manager.java:369)
	at ptolemy.actor.Manager.run(Manager.java:1263)
	at ptolemy.actor.Manager$PtolemyRunThread.run(Manager.java:1933)

    while executing
ptolemy.kernel.util.IllegalActionException: Test fails in iteration 1.
Value was: 1.0. Should have been: 2.0
  in .DirectFeedback.Test
    while executing
"java::new ptolemy.moml.MoMLSimpleApplication $file
"
    (procedure "createAndExecute" line 2)
    invoked from within
"createAndExecute $file"
    ("uplevel" body line 5)
    invoked from within
"uplevel $contents_of_test"
------------------ testing $PTII/ptolemy/domains/de/test/auto/knownFailedTests/dependencyLoop.xml (Known Failure) 
22 ms. Memory: 120832K Free: 46024K (38%)


==== $PTIIhome/travis/build/icyphy/ptII/ptolemy/domains/de/test/../../../../: Auto Automatic test in file $PTII/ptolemy/domains/de/test/auto/knownFailedTests/dependencyLoop.xml
==== Contents of test case:

	    # FIXME: we should use $relativeFilename here, but it
	    # might have backslashes under Windows, which causes no end
	    # of trouble.
	    createAndExecute $file
	    list {}
	
.... Test generated KNOWN error:
    while executing
ptolemy.kernel.util.IllegalActionException: Found a zero delay loop containing .dependencyLoop.original
  in .dependencyLoop and .dependencyLoop.original
	at ptolemy.actor.util.CausalityInterfaceForComposites._computeOutputPortDepth(CausalityInterfaceForComposites.java:759)
	at ptolemy.actor.util.CausalityInterfaceForComposites._computeInputDepth(CausalityInterfaceForComposites.java:696)
	at ptolemy.actor.util.CausalityInterfaceForComposites._computeOutputPortDepth(CausalityInterfaceForComposites.java:765)
	at ptolemy.actor.util.CausalityInterfaceForComposites._computeInputDepth(CausalityInterfaceForComposites.java:696)
	at ptolemy.actor.util.CausalityInterfaceForComposites._computeOutputPortDepth(CausalityInterfaceForComposites.java:765)
	at ptolemy.actor.util.CausalityInterfaceForComposites._computeInputDepth(CausalityInterfaceForComposites.java:696)
	at ptolemy.actor.util.CausalityInterfaceForComposites._computeActorDepth(CausalityInterfaceForComposites.java:532)
	at ptolemy.actor.util.CausalityInterfaceForComposites.checkForCycles(CausalityInterfaceForComposites.java:96)
	at ptolemy.domains.de.kernel.DEDirector.preinitialize(DEDirector.java:1338)
	at ptolemy.actor.CompositeActor.preinitialize(CompositeActor.java:1828)
	at ptolemy.actor.Manager.preinitializeAndResolveTypes(Manager.java:1040)
	at ptolemy.actor.Manager.initialize(Manager.java:710)
	at ptolemy.actor.Manager.execute(Manager.java:356)
	at ptolemy.actor.Manager.run(Manager.java:1263)
	at ptolemy.actor.Manager$PtolemyRunThread.run(Manager.java:1933)

    while executing
ptolemy.kernel.util.IllegalActionException: Found a zero delay loop containing .dependencyLoop.original
  in .dependencyLoop and .dependencyLoop.original
    while executing
"java::new ptolemy.moml.MoMLSimpleApplication $file
"
    (procedure "createAndExecute" line 2)
    invoked from within
"createAndExecute $file"
    ("uplevel" body line 5)
    invoked from within
"uplevel $contents_of_test"
------------------ testing $PTII/ptolemy/domains/de/test/auto/knownFailedTests/FSMSource.xml (Known Failure) 
65 ms. Memory: 120832K Free: 99672K (82%)
!!!! Auto was marked as failing, but now passes
------------------ testing $PTII/ptolemy/domains/de/test/auto/knownFailedTests/HierarchicalModel.xml (Known Failure) 
6 ms. Memory: 120832K Free: 82605K (68%)


==== $PTIIhome/travis/build/icyphy/ptII/ptolemy/domains/de/test/../../../../: Auto Automatic test in file $PTII/ptolemy/domains/de/test/auto/knownFailedTests/HierarchicalModel.xml
==== Contents of test case:

	    # FIXME: we should use $relativeFilename here, but it
	    # might have backslashes under Windows, which causes no end
	    # of trouble.
	    createAndExecute $file
	    list {}
	
.... Test generated KNOWN error:
    while executing
ptolemy.kernel.util.IllegalActionException: Found a zero delay loop containing .HierarchicalModel.A
  in .HierarchicalModel and .HierarchicalModel.A
	at ptolemy.actor.util.CausalityInterfaceForComposites._computeOutputPortDepth(CausalityInterfaceForComposites.java:759)
	at ptolemy.actor.util.CausalityInterfaceForComposites._computeInputDepth(CausalityInterfaceForComposites.java:696)
	at ptolemy.actor.util.CausalityInterfaceForComposites._computeOutputPortDepth(CausalityInterfaceForComposites.java:765)
	at ptolemy.actor.util.CausalityInterfaceForComposites._computeInputDepth(CausalityInterfaceForComposites.java:696)
	at ptolemy.actor.util.CausalityInterfaceForComposites._computeOutputPortDepth(CausalityInterfaceForComposites.java:765)
	at ptolemy.actor.util.CausalityInterfaceForComposites._computeInputDepth(CausalityInterfaceForComposites.java:696)
	at ptolemy.actor.util.CausalityInterfaceForComposites._computeActorDepth(CausalityInterfaceForComposites.java:532)
	at ptolemy.actor.util.CausalityInterfaceForComposites.checkForCycles(CausalityInterfaceForComposites.java:96)
	at ptolemy.domains.de.kernel.DEDirector.preinitialize(DEDirector.java:1338)
	at ptolemy.actor.CompositeActor.preinitialize(CompositeActor.java:1828)
	at ptolemy.actor.Manager.preinitializeAndResolveTypes(Manager.java:1040)
	at ptolemy.actor.Manager.initialize(Manager.java:710)
	at ptolemy.actor.Manager.execute(Manager.java:356)
	at ptolemy.actor.Manager.run(Manager.java:1263)
	at ptolemy.actor.Manager$PtolemyRunThread.run(Manager.java:1933)

    while executing
ptolemy.kernel.util.IllegalActionException: Found a zero delay loop containing .HierarchicalModel.A
  in .HierarchicalModel and .HierarchicalModel.A
    while executing
"java::new ptolemy.moml.MoMLSimpleApplication $file
"
    (procedure "createAndExecute" line 2)
    invoked from within
"createAndExecute $file"
    ("uplevel" body line 5)
    invoked from within
"uplevel $contents_of_test"
------------------ testing $PTII/ptolemy/domains/de/test/auto/knownFailedTests/dependencyLoop2.xml (Known Failure) 
5 ms. Memory: 120832K Free: 66515K (55%)


==== $PTIIhome/travis/build/icyphy/ptII/ptolemy/domains/de/test/../../../../: Auto Automatic test in file $PTII/ptolemy/domains/de/test/auto/knownFailedTests/dependencyLoop2.xml
==== Contents of test case:

	    # FIXME: we should use $relativeFilename here, but it
	    # might have backslashes under Windows, which causes no end
	    # of trouble.
	    createAndExecute $file
	    list {}
	
.... Test generated KNOWN error:
    while executing
ptolemy.kernel.util.IllegalActionException: Found a zero delay loop containing .dependencyLoop2.original
  in .dependencyLoop2 and .dependencyLoop2.original
	at ptolemy.actor.util.CausalityInterfaceForComposites._computeOutputPortDepth(CausalityInterfaceForComposites.java:759)
	at ptolemy.actor.util.CausalityInterfaceForComposites._computeInputDepth(CausalityInterfaceForComposites.java:696)
	at ptolemy.actor.util.CausalityInterfaceForComposites._computeOutputPortDepth(CausalityInterfaceForComposites.java:765)
	at ptolemy.actor.util.CausalityInterfaceForComposites._computeInputDepth(CausalityInterfaceForComposites.java:696)
	at ptolemy.actor.util.CausalityInterfaceForComposites._computeOutputPortDepth(CausalityInterfaceForComposites.java:765)
	at ptolemy.actor.util.CausalityInterfaceForComposites._computeInputDepth(CausalityInterfaceForComposites.java:696)
	at ptolemy.actor.util.CausalityInterfaceForComposites._computeActorDepth(CausalityInterfaceForComposites.java:532)
	at ptolemy.actor.util.CausalityInterfaceForComposites.checkForCycles(CausalityInterfaceForComposites.java:96)
	at ptolemy.domains.de.kernel.DEDirector.preinitialize(DEDirector.java:1338)
	at ptolemy.actor.CompositeActor.preinitialize(CompositeActor.java:1828)
	at ptolemy.actor.Manager.preinitializeAndResolveTypes(Manager.java:1040)
	at ptolemy.actor.Manager.initialize(Manager.java:710)
	at ptolemy.actor.Manager.execute(Manager.java:356)
	at ptolemy.actor.Manager.run(Manager.java:1263)
	at ptolemy.actor.Manager$PtolemyRunThread.run(Manager.java:1933)

    while executing
ptolemy.kernel.util.IllegalActionException: Found a zero delay loop containing .dependencyLoop2.original
  in .dependencyLoop2 and .dependencyLoop2.original
    while executing
"java::new ptolemy.moml.MoMLSimpleApplication $file
"
    (procedure "createAndExecute" line 2)
    invoked from within
"createAndExecute $file"
    ("uplevel" body line 5)
    invoked from within
"uplevel $contents_of_test"
------------------ testing $PTII/ptolemy/domains/de/test/auto/knownFailedTests/DESDFClockTest.xml (Known Failure) 
2075 ms. Memory: 120832K Free: 96406K (80%)


==== $PTIIhome/travis/build/icyphy/ptII/ptolemy/domains/de/test/../../../../: Auto Automatic test in file $PTII/ptolemy/domains/de/test/auto/knownFailedTests/DESDFClockTest.xml
==== Contents of test case:

	    # FIXME: we should use $relativeFilename here, but it
	    # might have backslashes under Windows, which causes no end
	    # of trouble.
	    createAndExecute $file
	    list {}
	
.... Test generated KNOWN error:
    while executing
ptolemy.kernel.util.IllegalActionException: Actor is not ready to fire.  Perhaps UpSample.prefire() returned false? Try debugging the actor by selecting "Listen to Actor".  Also, for SDF check moml for tokenConsumptionRate on input.
  in .DESDFClockTest.Play Bell.Copy1:SDF Director and .DESDFClockTest.Play Bell.UpSample
	at ptolemy.actor.sched.StaticSchedulingDirector.fire(StaticSchedulingDirector.java:227)
	at ptolemy.domains.sdf.kernel.SDFDirector.fire(SDFDirector.java:500)
	at ptolemy.actor.CompositeActor.fire(CompositeActor.java:455)
	at ptolemy.domains.de.kernel.DEDirector._fire(DEDirector.java:1949)
	at ptolemy.domains.de.kernel.DEDirector.fire(DEDirector.java:502)
	at ptolemy.actor.CompositeActor.fire(CompositeActor.java:455)
	at ptolemy.actor.Manager.iterate(Manager.java:851)
	at ptolemy.actor.Manager.execute(Manager.java:369)
	at ptolemy.actor.Manager.run(Manager.java:1263)
	at ptolemy.actor.Manager$PtolemyRunThread.run(Manager.java:1933)

    while executing
ptolemy.kernel.util.IllegalActionException: Actor is not ready to fire.  Perhaps UpSample.prefire() returned false? Try debugging the actor by selecting "Listen to Actor".  Also, for SDF check moml for tokenConsumptionRate on input.
  in .DESDFClockTest.Play Bell.Copy1:SDF Director and .DESDFClockTest.Play Bell.UpSample
    while executing
"java::new ptolemy.moml.MoMLSimpleApplication $file
"
    (procedure "createAndExecute" line 2)
    invoked from within
"createAndExecute $file"
    ("uplevel" body line 5)
    invoked from within
"uplevel $contents_of_test"
------------------ testing $PTII/ptolemy/domains/de/test/auto/ActorDepthCalculation_actorWithoutPorts.xml
auto.tcl: Setting watchdog for 200 seconds at Thu Nov 14 06:15:46 UTC 2019
5 ms. Memory: 120832K Free: 88728K (73%)
ptolemy.util.test.WatchDog.cancel(): canceling Thu Nov 14 06:15:46 UTC 2019
auto.tcl: Setting watchdog for 200 seconds at Thu Nov 14 06:15:46 UTC 2019
5 ms. Memory: 120832K Free: 87704K (73%)
ptolemy.util.test.WatchDog.cancel(): canceling Thu Nov 14 06:15:46 UTC 2019
------------------ testing $PTII/ptolemy/domains/de/test/auto/AssemblyLine.xml
auto.tcl: Setting watchdog for 200 seconds at Thu Nov 14 06:15:46 UTC 2019
13 ms. Memory: 48128K Free: 26014K (54%)
ptolemy.util.test.WatchDog.cancel(): canceling Thu Nov 14 06:15:47 UTC 2019
auto.tcl: Setting watchdog for 200 seconds at Thu Nov 14 06:15:47 UTC 2019
19 ms. Memory: 48128K Free: 25305K (53%)
ptolemy.util.test.WatchDog.cancel(): canceling Thu Nov 14 06:15:47 UTC 2019
------------------ testing $PTII/ptolemy/domains/de/test/auto/CQBug1.xml
auto.tcl: Setting watchdog for 200 seconds at Thu Nov 14 06:15:47 UTC 2019
3 ms. Memory: 48128K Free: 31592K (66%)
ptolemy.util.test.WatchDog.cancel(): canceling Thu Nov 14 06:15:47 UTC 2019
auto.tcl: Setting watchdog for 200 seconds at Thu Nov 14 06:15:47 UTC 2019
2 ms. Memory: 48128K Free: 31159K (65%)
ptolemy.util.test.WatchDog.cancel(): canceling Thu Nov 14 06:15:47 UTC 2019
------------------ testing $PTII/ptolemy/domains/de/test/auto/CancelFireAt.xml
auto.tcl: Setting watchdog for 200 seconds at Thu Nov 14 06:15:47 UTC 2019
3 ms. Memory: 48128K Free: 32723K (68%)
ptolemy.util.test.WatchDog.cancel(): canceling Thu Nov 14 06:15:47 UTC 2019
auto.tcl: Setting watchdog for 200 seconds at Thu Nov 14 06:15:47 UTC 2019
2 ms. Memory: 48128K Free: 32281K (67%)
ptolemy.util.test.WatchDog.cancel(): canceling Thu Nov 14 06:15:47 UTC 2019
------------------ testing $PTII/ptolemy/domains/de/test/auto/CausalityAndComposabilityAnalysis.xml
auto.tcl: Setting watchdog for 200 seconds at Thu Nov 14 06:15:47 UTC 2019
6 ms. Memory: 48128K Free: 31000K (64%)
ptolemy.util.test.WatchDog.cancel(): canceling Thu Nov 14 06:15:47 UTC 2019
auto.tcl: Setting watchdog for 200 seconds at Thu Nov 14 06:15:47 UTC 2019
7 ms. Memory: 48128K Free: 30115K (63%)
ptolemy.util.test.WatchDog.cancel(): canceling Thu Nov 14 06:15:47 UTC 2019
------------------ testing $PTII/ptolemy/domains/de/test/auto/CausalityInterface1.xml
auto.tcl: Setting watchdog for 200 seconds at Thu Nov 14 06:15:47 UTC 2019
26 ms. Memory: 48128K Free: 29441K (61%)
ptolemy.util.test.WatchDog.cancel(): canceling Thu Nov 14 06:15:47 UTC 2019
auto.tcl: Setting watchdog for 200 seconds at Thu Nov 14 06:15:47 UTC 2019
8 ms. Memory: 48128K Free: 28459K (59%)
ptolemy.util.test.WatchDog.cancel(): canceling Thu Nov 14 06:15:47 UTC 2019
------------------ testing $PTII/ptolemy/domains/de/test/auto/CausalityInterface15.xml
auto.tcl: Setting watchdog for 200 seconds at Thu Nov 14 06:15:47 UTC 2019
10 ms. Memory: 48128K Free: 29368K (61%)
ptolemy.util.test.WatchDog.cancel(): canceling Thu Nov 14 06:15:47 UTC 2019
auto.tcl: Setting watchdog for 200 seconds at Thu Nov 14 06:15:47 UTC 2019
6 ms. Memory: 48128K Free: 28422K (59%)
ptolemy.util.test.WatchDog.cancel(): canceling Thu Nov 14 06:15:47 UTC 2019
------------------ testing $PTII/ptolemy/domains/de/test/auto/CausalityInterface2.xml
auto.tcl: Setting watchdog for 200 seconds at Thu Nov 14 06:15:47 UTC 2019
4 ms. Memory: 48128K Free: 29588K (61%)
ptolemy.util.test.WatchDog.cancel(): canceling Thu Nov 14 06:15:47 UTC 2019
auto.tcl: Setting watchdog for 200 seconds at Thu Nov 14 06:15:47 UTC 2019
3 ms. Memory: 48128K Free: 29114K (60%)
ptolemy.util.test.WatchDog.cancel(): canceling Thu Nov 14 06:15:47 UTC 2019
------------------ testing $PTII/ptolemy/domains/de/test/auto/CausalityInterface3.xml
auto.tcl: Setting watchdog for 200 seconds at Thu Nov 14 06:15:47 UTC 2019
8 ms. Memory: 48128K Free: 29624K (62%)
ptolemy.util.test.WatchDog.cancel(): canceling Thu Nov 14 06:15:47 UTC 2019
auto.tcl: Setting watchdog for 200 seconds at Thu Nov 14 06:15:47 UTC 2019
4 ms. Memory: 48128K Free: 28837K (60%)
ptolemy.util.test.WatchDog.cancel(): canceling Thu Nov 14 06:15:47 UTC 2019
------------------ testing $PTII/ptolemy/domains/de/test/auto/ClockDrift.xml
auto.tcl: Setting watchdog for 200 seconds at Thu Nov 14 06:15:47 UTC 2019
102 ms. Memory: 48128K Free: 22187K (46%)
ptolemy.util.test.WatchDog.cancel(): canceling Thu Nov 14 06:15:48 UTC 2019
auto.tcl: Setting watchdog for 200 seconds at Thu Nov 14 06:15:48 UTC 2019
61 ms. Memory: 48128K Free: 19173K (40%)
ptolemy.util.test.WatchDog.cancel(): canceling Thu Nov 14 06:15:48 UTC 2019
------------------ testing $PTII/ptolemy/domains/de/test/auto/ClockDriftAndValueChange.xml
auto.tcl: Setting watchdog for 200 seconds at Thu Nov 14 06:15:48 UTC 2019
48 ms. Memory: 48128K Free: 22290K (46%)
ptolemy.util.test.WatchDog.cancel(): canceling Thu Nov 14 06:15:48 UTC 2019
auto.tcl: Setting watchdog for 200 seconds at Thu Nov 14 06:15:48 UTC 2019
30 ms. Memory: 48128K Free: 19455K (40%)
ptolemy.util.test.WatchDog.cancel(): canceling Thu Nov 14 06:15:48 UTC 2019
------------------ testing $PTII/ptolemy/domains/de/test/auto/ClockDriftChange.xml
auto.tcl: Setting watchdog for 200 seconds at Thu Nov 14 06:15:48 UTC 2019
27 ms. Memory: 48128K Free: 24079K (50%)
ptolemy.util.test.WatchDog.cancel(): canceling Thu Nov 14 06:15:48 UTC 2019
auto.tcl: Setting watchdog for 200 seconds at Thu Nov 14 06:15:48 UTC 2019
26 ms. Memory: 48128K Free: 21501K (45%)
ptolemy.util.test.WatchDog.cancel(): canceling Thu Nov 14 06:15:48 UTC 2019
------------------ testing $PTII/ptolemy/domains/de/test/auto/ComposableCausalityAnalysis.xml
auto.tcl: Setting watchdog for 200 seconds at Thu Nov 14 06:15:48 UTC 2019
3 ms. Memory: 48128K Free: 28946K (60%)
ptolemy.util.test.WatchDog.cancel(): canceling Thu Nov 14 06:15:48 UTC 2019
auto.tcl: Setting watchdog for 200 seconds at Thu Nov 14 06:15:48 UTC 2019
5 ms. Memory: 48128K Free: 27852K (58%)
ptolemy.util.test.WatchDog.cancel(): canceling Thu Nov 14 06:15:48 UTC 2019
------------------ testing $PTII/ptolemy/domains/de/test/auto/DEFixedPointLimitation.xml
auto.tcl: Setting watchdog for 200 seconds at Thu Nov 14 06:15:48 UTC 2019
5 ms. Memory: 48128K Free: 30311K (63%)
ptolemy.util.test.WatchDog.cancel(): canceling Thu Nov 14 06:15:48 UTC 2019
auto.tcl: Setting watchdog for 200 seconds at Thu Nov 14 06:15:48 UTC 2019
2 ms. Memory: 48128K Free: 29391K (61%)
ptolemy.util.test.WatchDog.cancel(): canceling Thu Nov 14 06:15:48 UTC 2019
------------------ testing $PTII/ptolemy/domains/de/test/auto/DEScheduleTest.xml
auto.tcl: Setting watchdog for 200 seconds at Thu Nov 14 06:15:48 UTC 2019
5 ms. Memory: 48128K Free: 30632K (64%)
ptolemy.util.test.WatchDog.cancel(): canceling Thu Nov 14 06:15:48 UTC 2019
auto.tcl: Setting watchdog for 200 seconds at Thu Nov 14 06:15:48 UTC 2019
3 ms. Memory: 48128K Free: 29873K (62%)
ptolemy.util.test.WatchDog.cancel(): canceling Thu Nov 14 06:15:48 UTC 2019
------------------ testing $PTII/ptolemy/domains/de/test/auto/DEinDEwithStartTimes.xml
auto.tcl: Setting watchdog for 200 seconds at Thu Nov 14 06:15:48 UTC 2019
4 ms. Memory: 48128K Free: 28806K (60%)
ptolemy.util.test.WatchDog.cancel(): canceling Thu Nov 14 06:15:48 UTC 2019
auto.tcl: Setting watchdog for 200 seconds at Thu Nov 14 06:15:48 UTC 2019
4 ms. Memory: 48128K Free: 27749K (58%)
ptolemy.util.test.WatchDog.cancel(): canceling Thu Nov 14 06:15:48 UTC 2019
------------------ testing $PTII/ptolemy/domains/de/test/auto/DEinDEwithStartTimes2.xml
auto.tcl: Setting watchdog for 200 seconds at Thu Nov 14 06:15:48 UTC 2019
4 ms. Memory: 48128K Free: 28006K (58%)
ptolemy.util.test.WatchDog.cancel(): canceling Thu Nov 14 06:15:48 UTC 2019
auto.tcl: Setting watchdog for 200 seconds at Thu Nov 14 06:15:48 UTC 2019
3 ms. Memory: 48128K Free: 26699K (55%)
ptolemy.util.test.WatchDog.cancel(): canceling Thu Nov 14 06:15:48 UTC 2019
------------------ testing $PTII/ptolemy/domains/de/test/auto/DateDemo.xml
auto.tcl: Setting watchdog for 200 seconds at Thu Nov 14 06:15:48 UTC 2019
16 ms. Memory: 48128K Free: 22341K (46%)
ptolemy.util.test.WatchDog.cancel(): canceling Thu Nov 14 06:15:49 UTC 2019
auto.tcl: Setting watchdog for 200 seconds at Thu Nov 14 06:15:49 UTC 2019
12 ms. Memory: 48128K Free: 20787K (43%)
ptolemy.util.test.WatchDog.cancel(): canceling Thu Nov 14 06:15:49 UTC 2019
------------------ testing $PTII/ptolemy/domains/de/test/auto/DateToEvent.xml
auto.tcl: Setting watchdog for 200 seconds at Thu Nov 14 06:15:49 UTC 2019
2011 ms. Memory: 48128K Free: 18261K (38%)
ptolemy.util.test.WatchDog.cancel(): canceling Thu Nov 14 06:15:51 UTC 2019
auto.tcl: Setting watchdog for 200 seconds at Thu Nov 14 06:15:51 UTC 2019
2009 ms. Memory: 48128K Free: 17459K (36%)
ptolemy.util.test.WatchDog.cancel(): canceling Thu Nov 14 06:15:53 UTC 2019
------------------ testing $PTII/ptolemy/domains/de/test/auto/DepthTest1.xml
auto.tcl: Setting watchdog for 200 seconds at Thu Nov 14 06:15:53 UTC 2019
5 ms. Memory: 48128K Free: 31408K (65%)
ptolemy.util.test.WatchDog.cancel(): canceling Thu Nov 14 06:15:53 UTC 2019
auto.tcl: Setting watchdog for 200 seconds at Thu Nov 14 06:15:53 UTC 2019
2 ms. Memory: 48128K Free: 30614K (64%)
ptolemy.util.test.WatchDog.cancel(): canceling Thu Nov 14 06:15:53 UTC 2019
------------------ testing $PTII/ptolemy/domains/de/test/auto/DepthTest2.xml
auto.tcl: Setting watchdog for 200 seconds at Thu Nov 14 06:15:53 UTC 2019
6 ms. Memory: 48128K Free: 28224K (59%)
ptolemy.util.test.WatchDog.cancel(): canceling Thu Nov 14 06:15:53 UTC 2019
auto.tcl: Setting watchdog for 200 seconds at Thu Nov 14 06:15:53 UTC 2019
3 ms. Memory: 48128K Free: 27812K (58%)
ptolemy.util.test.WatchDog.cancel(): canceling Thu Nov 14 06:15:53 UTC 2019
------------------ testing $PTII/ptolemy/domains/de/test/auto/DepthTest3.xml
auto.tcl: Setting watchdog for 200 seconds at Thu Nov 14 06:15:53 UTC 2019
4 ms. Memory: 48128K Free: 31737K (66%)
ptolemy.util.test.WatchDog.cancel(): canceling Thu Nov 14 06:15:53 UTC 2019
auto.tcl: Setting watchdog for 200 seconds at Thu Nov 14 06:15:53 UTC 2019
2 ms. Memory: 48128K Free: 31307K (65%)
ptolemy.util.test.WatchDog.cancel(): canceling Thu Nov 14 06:15:53 UTC 2019
------------------ testing $PTII/ptolemy/domains/de/test/auto/DepthTest4.xml
auto.tcl: Setting watchdog for 200 seconds at Thu Nov 14 06:15:53 UTC 2019
6 ms. Memory: 48128K Free: 30009K (62%)
ptolemy.util.test.WatchDog.cancel(): canceling Thu Nov 14 06:15:53 UTC 2019
auto.tcl: Setting watchdog for 200 seconds at Thu Nov 14 06:15:53 UTC 2019
2 ms. Memory: 48128K Free: 29343K (61%)
ptolemy.util.test.WatchDog.cancel(): canceling Thu Nov 14 06:15:53 UTC 2019
------------------ testing $PTII/ptolemy/domains/de/test/auto/DepthTest5.xml
auto.tcl: Setting watchdog for 200 seconds at Thu Nov 14 06:15:53 UTC 2019
5 ms. Memory: 48128K Free: 29484K (61%)
ptolemy.util.test.WatchDog.cancel(): canceling Thu Nov 14 06:15:53 UTC 2019
auto.tcl: Setting watchdog for 200 seconds at Thu Nov 14 06:15:53 UTC 2019
2 ms. Memory: 48128K Free: 28698K (60%)
ptolemy.util.test.WatchDog.cancel(): canceling Thu Nov 14 06:15:53 UTC 2019
------------------ testing $PTII/ptolemy/domains/de/test/auto/DepthTest6.xml
auto.tcl: Setting watchdog for 200 seconds at Thu Nov 14 06:15:53 UTC 2019
5 ms. Memory: 48128K Free: 29164K (61%)
ptolemy.util.test.WatchDog.cancel(): canceling Thu Nov 14 06:15:53 UTC 2019
auto.tcl: Setting watchdog for 200 seconds at Thu Nov 14 06:15:53 UTC 2019
3 ms. Memory: 48128K Free: 28736K (60%)
ptolemy.util.test.WatchDog.cancel(): canceling Thu Nov 14 06:15:53 UTC 2019
------------------ testing $PTII/ptolemy/domains/de/test/auto/DepthTest7.xml
auto.tcl: Setting watchdog for 200 seconds at Thu Nov 14 06:15:53 UTC 2019
3 ms. Memory: 48128K Free: 30011K (62%)
ptolemy.util.test.WatchDog.cancel(): canceling Thu Nov 14 06:15:53 UTC 2019
auto.tcl: Setting watchdog for 200 seconds at Thu Nov 14 06:15:53 UTC 2019
3 ms. Memory: 48128K Free: 29298K (61%)
ptolemy.util.test.WatchDog.cancel(): canceling Thu Nov 14 06:15:53 UTC 2019
------------------ testing $PTII/ptolemy/domains/de/test/auto/EventToDate.xml
auto.tcl: Setting watchdog for 200 seconds at Thu Nov 14 06:15:53 UTC 2019
3010 ms. Memory: 48128K Free: 20771K (43%)
ptolemy.util.test.WatchDog.cancel(): canceling Thu Nov 14 06:15:56 UTC 2019
auto.tcl: Setting watchdog for 200 seconds at Thu Nov 14 06:15:56 UTC 2019
3004 ms. Memory: 48128K Free: 20086K (42%)
ptolemy.util.test.WatchDog.cancel(): canceling Thu Nov 14 06:15:59 UTC 2019
------------------ testing $PTII/ptolemy/domains/de/test/auto/FSM1.xml
auto.tcl: Setting watchdog for 200 seconds at Thu Nov 14 06:15:59 UTC 2019
22 ms. Memory: 48128K Free: 22004K (46%)
ptolemy.util.test.WatchDog.cancel(): canceling Thu Nov 14 06:15:59 UTC 2019
auto.tcl: Setting watchdog for 200 seconds at Thu Nov 14 06:15:59 UTC 2019
18 ms. Memory: 48128K Free: 18748K (39%)
ptolemy.util.test.WatchDog.cancel(): canceling Thu Nov 14 06:15:59 UTC 2019
------------------ testing $PTII/ptolemy/domains/de/test/auto/FSM7.xml
auto.tcl: Setting watchdog for 200 seconds at Thu Nov 14 06:16:00 UTC 2019
13 ms. Memory: 48128K Free: 21689K (45%)
ptolemy.util.test.WatchDog.cancel(): canceling Thu Nov 14 06:16:00 UTC 2019
auto.tcl: Setting watchdog for 200 seconds at Thu Nov 14 06:16:00 UTC 2019
15 ms. Memory: 48128K Free: 18575K (39%)
ptolemy.util.test.WatchDog.cancel(): canceling Thu Nov 14 06:16:00 UTC 2019
------------------ testing $PTII/ptolemy/domains/de/test/auto/Inspection.xml
auto.tcl: Setting watchdog for 200 seconds at Thu Nov 14 06:16:00 UTC 2019
32 ms. Memory: 48128K Free: 21720K (45%)
ptolemy.util.test.WatchDog.cancel(): canceling Thu Nov 14 06:16:00 UTC 2019
auto.tcl: Setting watchdog for 200 seconds at Thu Nov 14 06:16:00 UTC 2019
32 ms. Memory: 48128K Free: 19998K (42%)
ptolemy.util.test.WatchDog.cancel(): canceling Thu Nov 14 06:16:00 UTC 2019
------------------ testing $PTII/ptolemy/domains/de/test/auto/Iteration.xml
auto.tcl: Setting watchdog for 200 seconds at Thu Nov 14 06:16:00 UTC 2019
10 ms. Memory: 48128K Free: 27216K (57%)
ptolemy.util.test.WatchDog.cancel(): canceling Thu Nov 14 06:16:00 UTC 2019
auto.tcl: Setting watchdog for 200 seconds at Thu Nov 14 06:16:00 UTC 2019
9 ms. Memory: 48128K Free: 26036K (54%)
ptolemy.util.test.WatchDog.cancel(): canceling Thu Nov 14 06:16:00 UTC 2019
------------------ testing $PTII/ptolemy/domains/de/test/auto/LineFault.xml
auto.tcl: Setting watchdog for 200 seconds at Thu Nov 14 06:16:00 UTC 2019
727 ms. Memory: 58368K Free: 31290K (54%)
ptolemy.util.test.WatchDog.cancel(): canceling Thu Nov 14 06:16:01 UTC 2019
auto.tcl: Setting watchdog for 200 seconds at Thu Nov 14 06:16:01 UTC 2019
622 ms. Memory: 58368K Free: 33939K (58%)
ptolemy.util.test.WatchDog.cancel(): canceling Thu Nov 14 06:16:02 UTC 2019
------------------ testing $PTII/ptolemy/domains/de/test/auto/MergeModel1Add.xml
auto.tcl: Setting watchdog for 200 seconds at Thu Nov 14 06:16:02 UTC 2019
19 ms. Memory: 51200K Free: 16501K (32%)
ptolemy.util.test.WatchDog.cancel(): canceling Thu Nov 14 06:16:02 UTC 2019
auto.tcl: Setting watchdog for 200 seconds at Thu Nov 14 06:16:02 UTC 2019
15 ms. Memory: 51200K Free: 14865K (29%)
ptolemy.util.test.WatchDog.cancel(): canceling Thu Nov 14 06:16:02 UTC 2019
------------------ testing $PTII/ptolemy/domains/de/test/auto/MergeModel2Add.xml
auto.tcl: Setting watchdog for 200 seconds at Thu Nov 14 06:16:02 UTC 2019
11 ms. Memory: 51200K Free: 18488K (36%)
ptolemy.util.test.WatchDog.cancel(): canceling Thu Nov 14 06:16:02 UTC 2019
auto.tcl: Setting watchdog for 200 seconds at Thu Nov 14 06:16:02 UTC 2019
13 ms. Memory: 51200K Free: 16583K (32%)
ptolemy.util.test.WatchDog.cancel(): canceling Thu Nov 14 06:16:02 UTC 2019
------------------ testing $PTII/ptolemy/domains/de/test/auto/MergeModel3Add.xml
auto.tcl: Setting watchdog for 200 seconds at Thu Nov 14 06:16:02 UTC 2019
8 ms. Memory: 51200K Free: 18529K (36%)
ptolemy.util.test.WatchDog.cancel(): canceling Thu Nov 14 06:16:02 UTC 2019
auto.tcl: Setting watchdog for 200 seconds at Thu Nov 14 06:16:02 UTC 2019
8 ms. Memory: 51200K Free: 17093K (33%)
ptolemy.util.test.WatchDog.cancel(): canceling Thu Nov 14 06:16:02 UTC 2019
------------------ testing $PTII/ptolemy/domains/de/test/auto/MergeWithoutDiscard.xml
auto.tcl: Setting watchdog for 200 seconds at Thu Nov 14 06:16:02 UTC 2019
3 ms. Memory: 51200K Free: 33440K (65%)
ptolemy.util.test.WatchDog.cancel(): canceling Thu Nov 14 06:16:02 UTC 2019
auto.tcl: Setting watchdog for 200 seconds at Thu Nov 14 06:16:02 UTC 2019
2 ms. Memory: 51200K Free: 32960K (64%)
ptolemy.util.test.WatchDog.cancel(): canceling Thu Nov 14 06:16:02 UTC 2019
------------------ testing $PTII/ptolemy/domains/de/test/auto/Modal1.xml
auto.tcl: Setting watchdog for 200 seconds at Thu Nov 14 06:16:02 UTC 2019
12 ms. Memory: 51200K Free: 25014K (49%)
ptolemy.util.test.WatchDog.cancel(): canceling Thu Nov 14 06:16:02 UTC 2019
auto.tcl: Setting watchdog for 200 seconds at Thu Nov 14 06:16:02 UTC 2019
18 ms. Memory: 51200K Free: 21520K (42%)
ptolemy.util.test.WatchDog.cancel(): canceling Thu Nov 14 06:16:02 UTC 2019
------------------ testing $PTII/ptolemy/domains/de/test/auto/Modal2.xml
auto.tcl: Setting watchdog for 200 seconds at Thu Nov 14 06:16:02 UTC 2019
16 ms. Memory: 51200K Free: 25436K (50%)
ptolemy.util.test.WatchDog.cancel(): canceling Thu Nov 14 06:16:02 UTC 2019
auto.tcl: Setting watchdog for 200 seconds at Thu Nov 14 06:16:02 UTC 2019
16 ms. Memory: 51200K Free: 21877K (43%)
ptolemy.util.test.WatchDog.cancel(): canceling Thu Nov 14 06:16:02 UTC 2019
------------------ testing $PTII/ptolemy/domains/de/test/auto/Modal3.xml
auto.tcl: Setting watchdog for 200 seconds at Thu Nov 14 06:16:02 UTC 2019
12 ms. Memory: 48128K Free: 21750K (45%)
ptolemy.util.test.WatchDog.cancel(): canceling Thu Nov 14 06:16:02 UTC 2019
auto.tcl: Setting watchdog for 200 seconds at Thu Nov 14 06:16:02 UTC 2019
13 ms. Memory: 48128K Free: 18847K (39%)
ptolemy.util.test.WatchDog.cancel(): canceling Thu Nov 14 06:16:02 UTC 2019
------------------ testing $PTII/ptolemy/domains/de/test/auto/Modal4.xml
auto.tcl: Setting watchdog for 200 seconds at Thu Nov 14 06:16:02 UTC 2019
14 ms. Memory: 48128K Free: 21045K (44%)
ptolemy.util.test.WatchDog.cancel(): canceling Thu Nov 14 06:16:03 UTC 2019
auto.tcl: Setting watchdog for 200 seconds at Thu Nov 14 06:16:03 UTC 2019
16 ms. Memory: 48128K Free: 17239K (36%)
ptolemy.util.test.WatchDog.cancel(): canceling Thu Nov 14 06:16:03 UTC 2019
------------------ testing $PTII/ptolemy/domains/de/test/auto/Modal5.xml
auto.tcl: Setting watchdog for 200 seconds at Thu Nov 14 06:16:03 UTC 2019
18 ms. Memory: 48128K Free: 21050K (44%)
ptolemy.util.test.WatchDog.cancel(): canceling Thu Nov 14 06:16:03 UTC 2019
auto.tcl: Setting watchdog for 200 seconds at Thu Nov 14 06:16:03 UTC 2019
15 ms. Memory: 48128K Free: 17226K (36%)
ptolemy.util.test.WatchDog.cancel(): canceling Thu Nov 14 06:16:03 UTC 2019
------------------ testing $PTII/ptolemy/domains/de/test/auto/Modal6.xml
auto.tcl: Setting watchdog for 200 seconds at Thu Nov 14 06:16:03 UTC 2019
21 ms. Memory: 48128K Free: 21778K (45%)
ptolemy.util.test.WatchDog.cancel(): canceling Thu Nov 14 06:16:03 UTC 2019
auto.tcl: Setting watchdog for 200 seconds at Thu Nov 14 06:16:03 UTC 2019
25 ms. Memory: 48128K Free: 17835K (37%)
ptolemy.util.test.WatchDog.cancel(): canceling Thu Nov 14 06:16:03 UTC 2019
------------------ testing $PTII/ptolemy/domains/de/test/auto/Modal7.xml
auto.tcl: Setting watchdog for 200 seconds at Thu Nov 14 06:16:03 UTC 2019
17 ms. Memory: 48128K Free: 21030K (44%)
ptolemy.util.test.WatchDog.cancel(): canceling Thu Nov 14 06:16:03 UTC 2019
auto.tcl: Setting watchdog for 200 seconds at Thu Nov 14 06:16:03 UTC 2019
12 ms. Memory: 48128K Free: 17429K (36%)
ptolemy.util.test.WatchDog.cancel(): canceling Thu Nov 14 06:16:03 UTC 2019
------------------ testing $PTII/ptolemy/domains/de/test/auto/ModalModel.xml
auto.tcl: Setting watchdog for 200 seconds at Thu Nov 14 06:16:03 UTC 2019
250 ms. Memory: 48128K Free: 14181K (29%)
ptolemy.util.test.WatchDog.cancel(): canceling Thu Nov 14 06:16:03 UTC 2019
auto.tcl: Setting watchdog for 200 seconds at Thu Nov 14 06:16:03 UTC 2019
220 ms. Memory: 58368K Free: 17930K (31%)
ptolemy.util.test.WatchDog.cancel(): canceling Thu Nov 14 06:16:04 UTC 2019
------------------ testing $PTII/ptolemy/domains/de/test/auto/ModalSource.xml
auto.tcl: Setting watchdog for 200 seconds at Thu Nov 14 06:16:04 UTC 2019
12 ms. Memory: 48128K Free: 25899K (54%)
ptolemy.util.test.WatchDog.cancel(): canceling Thu Nov 14 06:16:04 UTC 2019
auto.tcl: Setting watchdog for 200 seconds at Thu Nov 14 06:16:04 UTC 2019
6 ms. Memory: 48128K Free: 23851K (50%)
ptolemy.util.test.WatchDog.cancel(): canceling Thu Nov 14 06:16:04 UTC 2019
------------------ testing $PTII/ptolemy/domains/de/test/auto/NonInterruptibleTimerZeroDelay.xml
auto.tcl: Setting watchdog for 200 seconds at Thu Nov 14 06:16:04 UTC 2019
4 ms. Memory: 48128K Free: 31128K (65%)
ptolemy.util.test.WatchDog.cancel(): canceling Thu Nov 14 06:16:04 UTC 2019
auto.tcl: Setting watchdog for 200 seconds at Thu Nov 14 06:16:04 UTC 2019
3 ms. Memory: 48128K Free: 30222K (63%)
ptolemy.util.test.WatchDog.cancel(): canceling Thu Nov 14 06:16:04 UTC 2019
------------------ testing $PTII/ptolemy/domains/de/test/auto/OpenQueueingNetwork.xml
auto.tcl: Setting watchdog for 200 seconds at Thu Nov 14 06:16:04 UTC 2019
2971 ms. Memory: 95232K Free: 55068K (58%)
ptolemy.util.test.WatchDog.cancel(): canceling Thu Nov 14 06:16:07 UTC 2019
auto.tcl: Setting watchdog for 200 seconds at Thu Nov 14 06:16:07 UTC 2019
2438 ms. Memory: 114688K Free: 44813K (39%)
ptolemy.util.test.WatchDog.cancel(): canceling Thu Nov 14 06:16:09 UTC 2019
------------------ testing $PTII/ptolemy/domains/de/test/auto/OpenQueuingNetwork.xml
auto.tcl: Setting watchdog for 200 seconds at Thu Nov 14 06:16:09 UTC 2019
242 ms. Memory: 51200K Free: 17761K (35%)
ptolemy.util.test.WatchDog.cancel(): canceling Thu Nov 14 06:16:10 UTC 2019
auto.tcl: Setting watchdog for 200 seconds at Thu Nov 14 06:16:10 UTC 2019
232 ms. Memory: 51200K Free: 22758K (44%)
ptolemy.util.test.WatchDog.cancel(): canceling Thu Nov 14 06:16:10 UTC 2019
------------------ testing $PTII/ptolemy/domains/de/test/auto/PeriodicSampler.xml
auto.tcl: Setting watchdog for 200 seconds at Thu Nov 14 06:16:10 UTC 2019
3 ms. Memory: 48128K Free: 30030K (62%)
ptolemy.util.test.WatchDog.cancel(): canceling Thu Nov 14 06:16:10 UTC 2019
auto.tcl: Setting watchdog for 200 seconds at Thu Nov 14 06:16:10 UTC 2019
2 ms. Memory: 48128K Free: 29141K (61%)
ptolemy.util.test.WatchDog.cancel(): canceling Thu Nov 14 06:16:10 UTC 2019
------------------ testing $PTII/ptolemy/domains/de/test/auto/PersistentIO.xml
auto.tcl: Setting watchdog for 200 seconds at Thu Nov 14 06:16:10 UTC 2019
18 ms. Memory: 48128K Free: 24968K (52%)
ptolemy.util.test.WatchDog.cancel(): canceling Thu Nov 14 06:16:10 UTC 2019
auto.tcl: Setting watchdog for 200 seconds at Thu Nov 14 06:16:10 UTC 2019
4 ms. Memory: 48128K Free: 23578K (49%)
ptolemy.util.test.WatchDog.cancel(): canceling Thu Nov 14 06:16:10 UTC 2019
------------------ testing $PTII/ptolemy/domains/de/test/auto/PortParameterResetOnInitialize.xml
auto.tcl: Setting watchdog for 200 seconds at Thu Nov 14 06:16:10 UTC 2019
3 ms. Memory: 48128K Free: 29938K (62%)
ptolemy.util.test.WatchDog.cancel(): canceling Thu Nov 14 06:16:10 UTC 2019
auto.tcl: Setting watchdog for 200 seconds at Thu Nov 14 06:16:10 UTC 2019
1 ms. Memory: 48128K Free: 29499K (61%)
ptolemy.util.test.WatchDog.cancel(): canceling Thu Nov 14 06:16:10 UTC 2019
------------------ testing $PTII/ptolemy/domains/de/test/auto/PortParameterUpdates.xml
auto.tcl: Setting watchdog for 200 seconds at Thu Nov 14 06:16:10 UTC 2019
7 ms. Memory: 48128K Free: 28037K (58%)
ptolemy.util.test.WatchDog.cancel(): canceling Thu Nov 14 06:16:10 UTC 2019
auto.tcl: Setting watchdog for 200 seconds at Thu Nov 14 06:16:10 UTC 2019
6 ms. Memory: 48128K Free: 26632K (55%)
ptolemy.util.test.WatchDog.cancel(): canceling Thu Nov 14 06:16:10 UTC 2019
------------------ testing $PTII/ptolemy/domains/de/test/auto/QueueAndServer.xml
auto.tcl: Setting watchdog for 200 seconds at Thu Nov 14 06:16:10 UTC 2019
25 ms. Memory: 48128K Free: 26954K (56%)
ptolemy.util.test.WatchDog.cancel(): canceling Thu Nov 14 06:16:10 UTC 2019
auto.tcl: Setting watchdog for 200 seconds at Thu Nov 14 06:16:10 UTC 2019
7 ms. Memory: 48128K Free: 25547K (53%)
ptolemy.util.test.WatchDog.cancel(): canceling Thu Nov 14 06:16:11 UTC 2019
------------------ testing $PTII/ptolemy/domains/de/test/auto/Records.xml
auto.tcl: Setting watchdog for 200 seconds at Thu Nov 14 06:16:11 UTC 2019
4 ms. Memory: 48128K Free: 29491K (61%)
ptolemy.util.test.WatchDog.cancel(): canceling Thu Nov 14 06:16:11 UTC 2019
auto.tcl: Setting watchdog for 200 seconds at Thu Nov 14 06:16:11 UTC 2019
2 ms. Memory: 48128K Free: 29026K (60%)
ptolemy.util.test.WatchDog.cancel(): canceling Thu Nov 14 06:16:11 UTC 2019
------------------ testing $PTII/ptolemy/domains/de/test/auto/ResetTransitionWithStartTime1.xml
auto.tcl: Setting watchdog for 200 seconds at Thu Nov 14 06:16:11 UTC 2019
7 ms. Memory: 48128K Free: 26590K (55%)
ptolemy.util.test.WatchDog.cancel(): canceling Thu Nov 14 06:16:11 UTC 2019
auto.tcl: Setting watchdog for 200 seconds at Thu Nov 14 06:16:11 UTC 2019
6 ms. Memory: 48128K Free: 23934K (50%)
ptolemy.util.test.WatchDog.cancel(): canceling Thu Nov 14 06:16:11 UTC 2019
------------------ testing $PTII/ptolemy/domains/de/test/auto/ResetTransitionWithStartTime2.xml
auto.tcl: Setting watchdog for 200 seconds at Thu Nov 14 06:16:11 UTC 2019
11 ms. Memory: 48128K Free: 26554K (55%)
ptolemy.util.test.WatchDog.cancel(): canceling Thu Nov 14 06:16:11 UTC 2019
auto.tcl: Setting watchdog for 200 seconds at Thu Nov 14 06:16:11 UTC 2019
6 ms. Memory: 48128K Free: 24345K (51%)
ptolemy.util.test.WatchDog.cancel(): canceling Thu Nov 14 06:16:11 UTC 2019
------------------ testing $PTII/ptolemy/domains/de/test/auto/ResetTransitionWithStartTime3.xml
auto.tcl: Setting watchdog for 200 seconds at Thu Nov 14 06:16:11 UTC 2019
10 ms. Memory: 48128K Free: 26392K (55%)
ptolemy.util.test.WatchDog.cancel(): canceling Thu Nov 14 06:16:11 UTC 2019
auto.tcl: Setting watchdog for 200 seconds at Thu Nov 14 06:16:11 UTC 2019
7 ms. Memory: 48128K Free: 23889K (50%)
ptolemy.util.test.WatchDog.cancel(): canceling Thu Nov 14 06:16:11 UTC 2019
------------------ testing $PTII/ptolemy/domains/de/test/auto/ResetTransitionWithStartTime4.xml
auto.tcl: Setting watchdog for 200 seconds at Thu Nov 14 06:16:11 UTC 2019
12 ms. Memory: 48128K Free: 26879K (56%)
ptolemy.util.test.WatchDog.cancel(): canceling Thu Nov 14 06:16:11 UTC 2019
auto.tcl: Setting watchdog for 200 seconds at Thu Nov 14 06:16:11 UTC 2019
5 ms. Memory: 48128K Free: 25469K (53%)
ptolemy.util.test.WatchDog.cancel(): canceling Thu Nov 14 06:16:11 UTC 2019
------------------ testing $PTII/ptolemy/domains/de/test/auto/ResettableTimer1.xml
auto.tcl: Setting watchdog for 200 seconds at Thu Nov 14 06:16:11 UTC 2019
3 ms. Memory: 48128K Free: 30468K (63%)
ptolemy.util.test.WatchDog.cancel(): canceling Thu Nov 14 06:16:11 UTC 2019
auto.tcl: Setting watchdog for 200 seconds at Thu Nov 14 06:16:11 UTC 2019
4 ms. Memory: 48128K Free: 29587K (61%)
ptolemy.util.test.WatchDog.cancel(): canceling Thu Nov 14 06:16:11 UTC 2019
------------------ testing $PTII/ptolemy/domains/de/test/auto/ResettableTimer2.xml
auto.tcl: Setting watchdog for 200 seconds at Thu Nov 14 06:16:11 UTC 2019
3 ms. Memory: 48128K Free: 30984K (64%)
ptolemy.util.test.WatchDog.cancel(): canceling Thu Nov 14 06:16:11 UTC 2019
auto.tcl: Setting watchdog for 200 seconds at Thu Nov 14 06:16:11 UTC 2019
2 ms. Memory: 48128K Free: 29598K (61%)
ptolemy.util.test.WatchDog.cancel(): canceling Thu Nov 14 06:16:11 UTC 2019
------------------ testing $PTII/ptolemy/domains/de/test/auto/ResettableTimer3.xml
auto.tcl: Setting watchdog for 200 seconds at Thu Nov 14 06:16:11 UTC 2019
2 ms. Memory: 48128K Free: 30581K (64%)
ptolemy.util.test.WatchDog.cancel(): canceling Thu Nov 14 06:16:11 UTC 2019
auto.tcl: Setting watchdog for 200 seconds at Thu Nov 14 06:16:11 UTC 2019
1 ms. Memory: 48128K Free: 30524K (63%)
ptolemy.util.test.WatchDog.cancel(): canceling Thu Nov 14 06:16:11 UTC 2019
------------------ testing $PTII/ptolemy/domains/de/test/auto/ResettableTimer4.xml
auto.tcl: Setting watchdog for 200 seconds at Thu Nov 14 06:16:11 UTC 2019
1 ms. Memory: 48128K Free: 30594K (64%)
ptolemy.util.test.WatchDog.cancel(): canceling Thu Nov 14 06:16:11 UTC 2019
auto.tcl: Setting watchdog for 200 seconds at Thu Nov 14 06:16:11 UTC 2019
1 ms. Memory: 48128K Free: 30096K (63%)
ptolemy.util.test.WatchDog.cancel(): canceling Thu Nov 14 06:16:11 UTC 2019
------------------ testing $PTII/ptolemy/domains/de/test/auto/ResettableTimer5.xml
auto.tcl: Setting watchdog for 200 seconds at Thu Nov 14 06:16:11 UTC 2019
1 ms. Memory: 48128K Free: 30021K (62%)
ptolemy.util.test.WatchDog.cancel(): canceling Thu Nov 14 06:16:11 UTC 2019
auto.tcl: Setting watchdog for 200 seconds at Thu Nov 14 06:16:11 UTC 2019
2 ms. Memory: 48128K Free: 29574K (61%)
ptolemy.util.test.WatchDog.cancel(): canceling Thu Nov 14 06:16:11 UTC 2019
------------------ testing $PTII/ptolemy/domains/de/test/auto/ResettableTimer6.xml
auto.tcl: Setting watchdog for 200 seconds at Thu Nov 14 06:16:11 UTC 2019
2 ms. Memory: 48128K Free: 29982K (62%)
ptolemy.util.test.WatchDog.cancel(): canceling Thu Nov 14 06:16:11 UTC 2019
auto.tcl: Setting watchdog for 200 seconds at Thu Nov 14 06:16:11 UTC 2019
1 ms. Memory: 48128K Free: 29543K (61%)
ptolemy.util.test.WatchDog.cancel(): canceling Thu Nov 14 06:16:11 UTC 2019
------------------ testing $PTII/ptolemy/domains/de/test/auto/ServerZeroDelay.xml
auto.tcl: Setting watchdog for 200 seconds at Thu Nov 14 06:16:11 UTC 2019
4 ms. Memory: 48128K Free: 30517K (63%)
ptolemy.util.test.WatchDog.cancel(): canceling Thu Nov 14 06:16:11 UTC 2019
auto.tcl: Setting watchdog for 200 seconds at Thu Nov 14 06:16:11 UTC 2019
5 ms. Memory: 48128K Free: 29607K (62%)
ptolemy.util.test.WatchDog.cancel(): canceling Thu Nov 14 06:16:11 UTC 2019
------------------ testing $PTII/ptolemy/domains/de/test/auto/SmartSender.xml
auto.tcl: Setting watchdog for 200 seconds at Thu Nov 14 06:16:11 UTC 2019
3001 ms. Memory: 48128K Free: 30560K (63%)
ptolemy.util.test.WatchDog.cancel(): canceling Thu Nov 14 06:16:14 UTC 2019
auto.tcl: Setting watchdog for 200 seconds at Thu Nov 14 06:16:14 UTC 2019
3003 ms. Memory: 48128K Free: 30040K (62%)
ptolemy.util.test.WatchDog.cancel(): canceling Thu Nov 14 06:16:17 UTC 2019
------------------ testing $PTII/ptolemy/domains/de/test/auto/ThreadedComposite.xml
auto.tcl: Setting watchdog for 200 seconds at Thu Nov 14 06:16:18 UTC 2019
220 ms. Memory: 48128K Free: 11580K (24%)
ptolemy.util.test.WatchDog.cancel(): canceling Thu Nov 14 06:16:18 UTC 2019
auto.tcl: Setting watchdog for 200 seconds at Thu Nov 14 06:16:18 UTC 2019
117 ms. Memory: 48128K Free: 25509K (53%)
ptolemy.util.test.WatchDog.cancel(): canceling Thu Nov 14 06:16:18 UTC 2019
------------------ testing $PTII/ptolemy/domains/de/test/auto/Time.xml
auto.tcl: Setting watchdog for 200 seconds at Thu Nov 14 06:16:18 UTC 2019
542 ms. Memory: 73728K Free: 55188K (75%)
ptolemy.util.test.WatchDog.cancel(): canceling Thu Nov 14 06:16:19 UTC 2019
auto.tcl: Setting watchdog for 200 seconds at Thu Nov 14 06:16:19 UTC 2019
492 ms. Memory: 73728K Free: 43401K (59%)
ptolemy.util.test.WatchDog.cancel(): canceling Thu Nov 14 06:16:19 UTC 2019
------------------ testing $PTII/ptolemy/domains/de/test/auto/TimeDelayZeroDelay.xml
auto.tcl: Setting watchdog for 200 seconds at Thu Nov 14 06:16:19 UTC 2019
3 ms. Memory: 51200K Free: 33994K (66%)
ptolemy.util.test.WatchDog.cancel(): canceling Thu Nov 14 06:16:19 UTC 2019
auto.tcl: Setting watchdog for 200 seconds at Thu Nov 14 06:16:19 UTC 2019
2 ms. Memory: 51200K Free: 33137K (65%)
ptolemy.util.test.WatchDog.cancel(): canceling Thu Nov 14 06:16:19 UTC 2019
------------------ testing $PTII/ptolemy/domains/de/test/auto/TimerZeroDelay.xml
auto.tcl: Setting watchdog for 200 seconds at Thu Nov 14 06:16:19 UTC 2019
4 ms. Memory: 51200K Free: 33975K (66%)
ptolemy.util.test.WatchDog.cancel(): canceling Thu Nov 14 06:16:19 UTC 2019
auto.tcl: Setting watchdog for 200 seconds at Thu Nov 14 06:16:19 UTC 2019
2 ms. Memory: 51200K Free: 33174K (65%)
ptolemy.util.test.WatchDog.cancel(): canceling Thu Nov 14 06:16:19 UTC 2019
------------------ testing $PTII/ptolemy/domains/de/test/auto/TimingParadox.xml
auto.tcl: Setting watchdog for 200 seconds at Thu Nov 14 06:16:19 UTC 2019
366 ms. Memory: 51200K Free: 22215K (43%)
ptolemy.util.test.WatchDog.cancel(): canceling Thu Nov 14 06:16:20 UTC 2019
auto.tcl: Setting watchdog for 200 seconds at Thu Nov 14 06:16:20 UTC 2019
345 ms. Memory: 51200K Free: 13903K (27%)
ptolemy.util.test.WatchDog.cancel(): canceling Thu Nov 14 06:16:20 UTC 2019
------------------ testing $PTII/ptolemy/domains/de/test/auto/TransferInputs.xml
auto.tcl: Setting watchdog for 200 seconds at Thu Nov 14 06:16:20 UTC 2019
2 ms. Memory: 51200K Free: 32025K (63%)
ptolemy.util.test.WatchDog.cancel(): canceling Thu Nov 14 06:16:20 UTC 2019
auto.tcl: Setting watchdog for 200 seconds at Thu Nov 14 06:16:20 UTC 2019
2 ms. Memory: 51200K Free: 31107K (61%)
ptolemy.util.test.WatchDog.cancel(): canceling Thu Nov 14 06:16:20 UTC 2019
------------------ testing $PTII/ptolemy/domains/de/test/auto/TransferOutputs2.xml
auto.tcl: Setting watchdog for 200 seconds at Thu Nov 14 06:16:20 UTC 2019
11 ms. Memory: 51200K Free: 29467K (58%)
ptolemy.util.test.WatchDog.cancel(): canceling Thu Nov 14 06:16:20 UTC 2019
auto.tcl: Setting watchdog for 200 seconds at Thu Nov 14 06:16:20 UTC 2019
4 ms. Memory: 51200K Free: 28052K (55%)
ptolemy.util.test.WatchDog.cancel(): canceling Thu Nov 14 06:16:20 UTC 2019
------------------ testing $PTII/ptolemy/domains/de/test/auto/Trilateration.xml
auto.tcl: Setting watchdog for 200 seconds at Thu Nov 14 06:16:20 UTC 2019
14874 ms. Memory: 414720K Free: 198498K (48%)
ptolemy.util.test.WatchDog.cancel(): canceling Thu Nov 14 06:16:36 UTC 2019
auto.tcl: Setting watchdog for 200 seconds at Thu Nov 14 06:16:36 UTC 2019
11314 ms. Memory: 414720K Free: 287101K (69%)
ptolemy.util.test.WatchDog.cancel(): canceling Thu Nov 14 06:16:48 UTC 2019
------------------ testing $PTII/ptolemy/domains/de/test/auto/TwoSigmaDelta.xml
auto.tcl: Setting watchdog for 200 seconds at Thu Nov 14 06:16:48 UTC 2019
2989 ms. Memory: 86016K Free: 19441K (23%)
ptolemy.util.test.WatchDog.cancel(): canceling Thu Nov 14 06:16:51 UTC 2019
auto.tcl: Setting watchdog for 200 seconds at Thu Nov 14 06:16:51 UTC 2019
2008 ms. Memory: 86016K Free: 59354K (69%)
ptolemy.util.test.WatchDog.cancel(): canceling Thu Nov 14 06:16:53 UTC 2019
------------------ testing $PTII/ptolemy/domains/de/test/auto/VariableDelay.xml
auto.tcl: Setting watchdog for 200 seconds at Thu Nov 14 06:16:53 UTC 2019
2 ms. Memory: 51200K Free: 32498K (63%)
ptolemy.util.test.WatchDog.cancel(): canceling Thu Nov 14 06:16:53 UTC 2019
auto.tcl: Setting watchdog for 200 seconds at Thu Nov 14 06:16:53 UTC 2019
2 ms. Memory: 51200K Free: 31504K (62%)
ptolemy.util.test.WatchDog.cancel(): canceling Thu Nov 14 06:16:53 UTC 2019
------------------ testing $PTII/ptolemy/domains/de/test/auto/VariableDelay2.xml
auto.tcl: Setting watchdog for 200 seconds at Thu Nov 14 06:16:53 UTC 2019
2 ms. Memory: 51200K Free: 32912K (64%)
ptolemy.util.test.WatchDog.cancel(): canceling Thu Nov 14 06:16:53 UTC 2019
auto.tcl: Setting watchdog for 200 seconds at Thu Nov 14 06:16:53 UTC 2019
2 ms. Memory: 51200K Free: 32416K (63%)
ptolemy.util.test.WatchDog.cancel(): canceling Thu Nov 14 06:16:53 UTC 2019
------------------ testing $PTII/ptolemy/domains/de/test/auto/VariableDelayZeroDelay.xml
auto.tcl: Setting watchdog for 200 seconds at Thu Nov 14 06:16:53 UTC 2019
2 ms. Memory: 51200K Free: 33439K (65%)
ptolemy.util.test.WatchDog.cancel(): canceling Thu Nov 14 06:16:53 UTC 2019
auto.tcl: Setting watchdog for 200 seconds at Thu Nov 14 06:16:53 UTC 2019
2 ms. Memory: 51200K Free: 32895K (64%)
ptolemy.util.test.WatchDog.cancel(): canceling Thu Nov 14 06:16:53 UTC 2019
------------------ testing $PTII/ptolemy/domains/de/test/auto/VariableDelayZeroDelay2.xml
auto.tcl: Setting watchdog for 200 seconds at Thu Nov 14 06:16:53 UTC 2019
2 ms. Memory: 51200K Free: 33438K (65%)
ptolemy.util.test.WatchDog.cancel(): canceling Thu Nov 14 06:16:53 UTC 2019
auto.tcl: Setting watchdog for 200 seconds at Thu Nov 14 06:16:53 UTC 2019
5 ms. Memory: 51200K Free: 32414K (63%)
ptolemy.util.test.WatchDog.cancel(): canceling Thu Nov 14 06:16:53 UTC 2019
------------------ testing $PTII/ptolemy/domains/de/test/auto/deInCt.xml
auto.tcl: Setting watchdog for 200 seconds at Thu Nov 14 06:16:53 UTC 2019
0
1
1
1
0
0
0
1
1
1
1
0
0
0
1
1
1
1
0
0
0
0
1
1
1
0
0
0
1
1
1
0
0
0
1
1
1
0
0
0
0
0
11 ms. Memory: 51200K Free: 32411K (63%)
ptolemy.util.test.WatchDog.cancel(): canceling Thu Nov 14 06:16:53 UTC 2019
auto.tcl: Setting watchdog for 200 seconds at Thu Nov 14 06:16:53 UTC 2019
0
1
1
1
1
0
0
0
1
1
1
0
0
0
0
1
1
1
0
0
0
1
1
1
0
0
0
0
1
1
1
0
0
0
1
1
1
0
0
0
0
9 ms. Memory: 51200K Free: 30873K (60%)
ptolemy.util.test.WatchDog.cancel(): canceling Thu Nov 14 06:16:53 UTC 2019
------------------ testing $PTII/ptolemy/domains/de/test/auto/deInCt2.xml
auto.tcl: Setting watchdog for 200 seconds at Thu Nov 14 06:16:53 UTC 2019
0
1
1
1
0
0
1
1
1
0
0
1
1
1
0
0
1
1
1
0
0
1
1
1
0
0
1
1
1
0
0
1
1
1
0
0
1
1
1
0
0
0
7 ms. Memory: 51200K Free: 32414K (63%)
ptolemy.util.test.WatchDog.cancel(): canceling Thu Nov 14 06:16:53 UTC 2019
auto.tcl: Setting watchdog for 200 seconds at Thu Nov 14 06:16:53 UTC 2019
0
1
1
1
0
0
1
1
1
0
0
1
1
1
0
0
1
1
1
0
0
1
1
1
0
0
1
1
1
0
0
1
1
1
0
0
1
1
1
0
0
0
7 ms. Memory: 51200K Free: 30862K (60%)
ptolemy.util.test.WatchDog.cancel(): canceling Thu Nov 14 06:16:53 UTC 2019
------------------ testing $PTII/ptolemy/domains/de/test/auto/dynamicCausalityInterface1.xml
auto.tcl: Setting watchdog for 200 seconds at Thu Nov 14 06:16:53 UTC 2019
2 ms. Memory: 51200K Free: 28312K (55%)
ptolemy.util.test.WatchDog.cancel(): canceling Thu Nov 14 06:16:53 UTC 2019
auto.tcl: Setting watchdog for 200 seconds at Thu Nov 14 06:16:53 UTC 2019
1 ms. Memory: 51200K Free: 27798K (54%)
ptolemy.util.test.WatchDog.cancel(): canceling Thu Nov 14 06:16:53 UTC 2019
------------------ testing $PTII/ptolemy/domains/de/test/auto/fsm_de_test.xml
auto.tcl: Setting watchdog for 200 seconds at Thu Nov 14 06:16:53 UTC 2019
11 ms. Memory: 51200K Free: 28210K (55%)
ptolemy.util.test.WatchDog.cancel(): canceling Thu Nov 14 06:16:53 UTC 2019
auto.tcl: Setting watchdog for 200 seconds at Thu Nov 14 06:16:53 UTC 2019
16 ms. Memory: 51200K Free: 26162K (51%)
ptolemy.util.test.WatchDog.cancel(): canceling Thu Nov 14 06:16:53 UTC 2019
------------------ testing $PTII/ptolemy/domains/de/test/auto/functionDependencyReconstruction.xml
auto.tcl: Setting watchdog for 200 seconds at Thu Nov 14 06:16:54 UTC 2019
7 ms. Memory: 48128K Free: 19107K (40%)
ptolemy.util.test.WatchDog.cancel(): canceling Thu Nov 14 06:16:54 UTC 2019
auto.tcl: Setting watchdog for 200 seconds at Thu Nov 14 06:16:54 UTC 2019
3 ms. Memory: 48128K Free: 16950K (35%)
ptolemy.util.test.WatchDog.cancel(): canceling Thu Nov 14 06:16:54 UTC 2019
------------------ testing $PTII/ptolemy/domains/de/test/auto/multirate.xml
auto.tcl: Setting watchdog for 200 seconds at Thu Nov 14 06:16:54 UTC 2019
9 ms. Memory: 48128K Free: 27219K (57%)
ptolemy.util.test.WatchDog.cancel(): canceling Thu Nov 14 06:16:54 UTC 2019
auto.tcl: Setting watchdog for 200 seconds at Thu Nov 14 06:16:54 UTC 2019
4 ms. Memory: 48128K Free: 26116K (54%)
ptolemy.util.test.WatchDog.cancel(): canceling Thu Nov 14 06:16:54 UTC 2019
------------------ testing $PTII/ptolemy/domains/de/test/auto/multirate2.xml
auto.tcl: Setting watchdog for 200 seconds at Thu Nov 14 06:16:54 UTC 2019
3 ms. Memory: 48128K Free: 27954K (58%)
ptolemy.util.test.WatchDog.cancel(): canceling Thu Nov 14 06:16:54 UTC 2019
auto.tcl: Setting watchdog for 200 seconds at Thu Nov 14 06:16:54 UTC 2019
4 ms. Memory: 48128K Free: 26253K (55%)
ptolemy.util.test.WatchDog.cancel(): canceling Thu Nov 14 06:16:54 UTC 2019
------------------ testing $PTII/ptolemy/domains/de/test/auto/realtime.xml
auto.tcl: Setting watchdog for 200 seconds at Thu Nov 14 06:16:54 UTC 2019
10003 ms. Memory: 48128K Free: 30027K (62%)
ptolemy.util.test.WatchDog.cancel(): canceling Thu Nov 14 06:17:04 UTC 2019
auto.tcl: Setting watchdog for 200 seconds at Thu Nov 14 06:17:04 UTC 2019
10003 ms. Memory: 48128K Free: 29285K (61%)
ptolemy.util.test.WatchDog.cancel(): canceling Thu Nov 14 06:17:14 UTC 2019
------------------ testing $PTII/ptolemy/domains/de/test/auto/relationGroup.xml
auto.tcl: Setting watchdog for 200 seconds at Thu Nov 14 06:17:14 UTC 2019
2 ms. Memory: 48128K Free: 31076K (65%)
ptolemy.util.test.WatchDog.cancel(): canceling Thu Nov 14 06:17:14 UTC 2019
auto.tcl: Setting watchdog for 200 seconds at Thu Nov 14 06:17:14 UTC 2019
2 ms. Memory: 48128K Free: 30366K (63%)
ptolemy.util.test.WatchDog.cancel(): canceling Thu Nov 14 06:17:14 UTC 2019
------------------ testing $PTII/ptolemy/domains/de/test/auto/relationGroup2.xml
auto.tcl: Setting watchdog for 200 seconds at Thu Nov 14 06:17:14 UTC 2019
1 ms. Memory: 48128K Free: 31126K (65%)
ptolemy.util.test.WatchDog.cancel(): canceling Thu Nov 14 06:17:14 UTC 2019
auto.tcl: Setting watchdog for 200 seconds at Thu Nov 14 06:17:14 UTC 2019
2 ms. Memory: 48128K Free: 30393K (63%)
ptolemy.util.test.WatchDog.cancel(): canceling Thu Nov 14 06:17:14 UTC 2019
------------------ testing $PTII/ptolemy/domains/de/test/auto/sortWithOpaquePorts.xml
auto.tcl: Setting watchdog for 200 seconds at Thu Nov 14 06:17:14 UTC 2019
2 ms. Memory: 48128K Free: 29879K (62%)
ptolemy.util.test.WatchDog.cancel(): canceling Thu Nov 14 06:17:14 UTC 2019
auto.tcl: Setting watchdog for 200 seconds at Thu Nov 14 06:17:14 UTC 2019
2 ms. Memory: 48128K Free: 28395K (59%)
ptolemy.util.test.WatchDog.cancel(): canceling Thu Nov 14 06:17:14 UTC 2019
------------------ testing $PTII/ptolemy/domains/de/test/auto/transferInputsandOutputs.xml
auto.tcl: Setting watchdog for 200 seconds at Thu Nov 14 06:17:14 UTC 2019
5 ms. Memory: 48128K Free: 27309K (57%)
ptolemy.util.test.WatchDog.cancel(): canceling Thu Nov 14 06:17:14 UTC 2019
auto.tcl: Setting watchdog for 200 seconds at Thu Nov 14 06:17:14 UTC 2019
3 ms. Memory: 48128K Free: 26348K (55%)
ptolemy.util.test.WatchDog.cancel(): canceling Thu Nov 14 06:17:14 UTC 2019
------------------ testing $PTII/ptolemy/domains/de/test/auto/triggerType.xml
auto.tcl: Setting watchdog for 200 seconds at Thu Nov 14 06:17:14 UTC 2019
2 ms. Memory: 48128K Free: 30334K (63%)
ptolemy.util.test.WatchDog.cancel(): canceling Thu Nov 14 06:17:14 UTC 2019
auto.tcl: Setting watchdog for 200 seconds at Thu Nov 14 06:17:14 UTC 2019
2 ms. Memory: 48128K Free: 29368K (61%)
ptolemy.util.test.WatchDog.cancel(): canceling Thu Nov 14 06:17:14 UTC 2019
11/14/19 06:17:14
Failed: 0  Total Tests: 192  ((Passed: 187, Newly Passed: 1)  Known Failed: 5) /home/travis/build/icyphy/ptII/ptolemy/domains/de/test
11/14/19 06:17:14
Failed: 0  Total Tests: 192  ((Passed: 187, Newly Passed: 1)  Known Failed: 5) /home/travis/build/icyphy/ptII/ptolemy/domains/de/test
----------------- testing (KnownFailure) /home/travis/build/icyphy/ptII/ptolemy/domains/de/test/auto/knownFailedTests/DESDFClockTest.xml
2016 ms. Memory: 48128K Free: 23729K (49%)
Known Failure: java.lang.reflect.InvocationTargetException
----------------- testing (KnownFailure) /home/travis/build/icyphy/ptII/ptolemy/domains/de/test/auto/knownFailedTests/DirectFeedback.xml
2 ms. Memory: 48128K Free: 19633K (41%)
Known Failure: java.lang.reflect.InvocationTargetException
----------------- testing (KnownFailure) /home/travis/build/icyphy/ptII/ptolemy/domains/de/test/auto/knownFailedTests/FSMSource.xml
20 ms. Memory: 48128K Free: 11955K (25%)
----------------- testing (KnownFailure) /home/travis/build/icyphy/ptII/ptolemy/domains/de/test/auto/knownFailedTests/HierarchicalModel.xml
7 ms. Memory: 48128K Free: 21833K (45%)
Known Failure: java.lang.reflect.InvocationTargetException
----------------- testing (KnownFailure) /home/travis/build/icyphy/ptII/ptolemy/domains/de/test/auto/knownFailedTests/dependencyLoop.xml
9 ms. Memory: 48128K Free: 32416K (67%)
Known Failure: java.lang.reflect.InvocationTargetException
----------------- testing (KnownFailure) /home/travis/build/icyphy/ptII/ptolemy/domains/de/test/auto/knownFailedTests/dependencyLoop2.xml
4 ms. Memory: 48128K Free: 17277K (36%)
Known Failure: java.lang.reflect.InvocationTargetException
No auto/linux-amd64/*.xml tests in /home/travis/build/icyphy/ptII/ptolemy/domains/de/test
AutoTests.java: About to close Vertx.
AutoTests.java: Vertx closed.

===========================================================================================
----------------- testing Thu Nov 14 06:17:17 UTC 2019 /home/travis/build/icyphy/ptII/ptolemy/domains/de/test/auto/ActorDepthCalculation_actorWithoutPorts.xml
----------------- Instantiating /home/travis/build/icyphy/ptII/ptolemy/domains/de/test/auto/ActorDepthCalculation_actorWithoutPorts.xml
3 ms. Memory: 48128K Free: 10938K (23%)
----------------- Invoking toplevel() on ptolemy.moml.MoMLSimpleApplication@4c906165
----------------- Done invoking toplevel() on ptolemy.moml.MoMLSimpleApplication@4c906165
reloadAllAccessors: .ActorDepthCalculation_actorWithoutPorts

===========================================================================================
----------------- testing Thu Nov 14 06:17:17 UTC 2019 /home/travis/build/icyphy/ptII/ptolemy/domains/de/test/auto/AssemblyLine.xml
----------------- Instantiating /home/travis/build/icyphy/ptII/ptolemy/domains/de/test/auto/AssemblyLine.xml
4 ms. Memory: 48128K Free: 29611K (62%)
----------------- Invoking toplevel() on ptolemy.moml.MoMLSimpleApplication@3b398bcb
----------------- Done invoking toplevel() on ptolemy.moml.MoMLSimpleApplication@3b398bcb
reloadAllAccessors: .AssemblyLine

===========================================================================================
----------------- testing Thu Nov 14 06:17:17 UTC 2019 /home/travis/build/icyphy/ptII/ptolemy/domains/de/test/auto/CQBug1.xml
----------------- Instantiating /home/travis/build/icyphy/ptII/ptolemy/domains/de/test/auto/CQBug1.xml
1 ms. Memory: 48128K Free: 26748K (56%)
----------------- Invoking toplevel() on ptolemy.moml.MoMLSimpleApplication@2bcf79e3
----------------- Done invoking toplevel() on ptolemy.moml.MoMLSimpleApplication@2bcf79e3
reloadAllAccessors: .CQBug1

===========================================================================================
----------------- testing Thu Nov 14 06:17:17 UTC 2019 /home/travis/build/icyphy/ptII/ptolemy/domains/de/test/auto/CancelFireAt.xml
----------------- Instantiating /home/travis/build/icyphy/ptII/ptolemy/domains/de/test/auto/CancelFireAt.xml
2 ms. Memory: 48128K Free: 24126K (50%)
----------------- Invoking toplevel() on ptolemy.moml.MoMLSimpleApplication@53df8239
----------------- Done invoking toplevel() on ptolemy.moml.MoMLSimpleApplication@53df8239
reloadAllAccessors: .CancelFireAt

===========================================================================================
----------------- testing Thu Nov 14 06:17:17 UTC 2019 /home/travis/build/icyphy/ptII/ptolemy/domains/de/test/auto/CausalityAndComposabilityAnalysis.xml
----------------- Instantiating /home/travis/build/icyphy/ptII/ptolemy/domains/de/test/auto/CausalityAndComposabilityAnalysis.xml
4 ms. Memory: 48128K Free: 20013K (42%)
----------------- Invoking toplevel() on ptolemy.moml.MoMLSimpleApplication@7897509b
----------------- Done invoking toplevel() on ptolemy.moml.MoMLSimpleApplication@7897509b
reloadAllAccessors: .CausalityAndComposabilityAnalysis

===========================================================================================
----------------- testing Thu Nov 14 06:17:17 UTC 2019 /home/travis/build/icyphy/ptII/ptolemy/domains/de/test/auto/CausalityInterface1.xml
----------------- Instantiating /home/travis/build/icyphy/ptII/ptolemy/domains/de/test/auto/CausalityInterface1.xml
6 ms. Memory: 48128K Free: 15088K (31%)
----------------- Invoking toplevel() on ptolemy.moml.MoMLSimpleApplication@2842a0d1
----------------- Done invoking toplevel() on ptolemy.moml.MoMLSimpleApplication@2842a0d1
reloadAllAccessors: .CausalityInterface1

===========================================================================================
----------------- testing Thu Nov 14 06:17:17 UTC 2019 /home/travis/build/icyphy/ptII/ptolemy/domains/de/test/auto/CausalityInterface15.xml
----------------- Instantiating /home/travis/build/icyphy/ptII/ptolemy/domains/de/test/auto/CausalityInterface15.xml
2 ms. Memory: 48128K Free: 9611K (20%)
----------------- Invoking toplevel() on ptolemy.moml.MoMLSimpleApplication@7bf4af23
----------------- Done invoking toplevel() on ptolemy.moml.MoMLSimpleApplication@7bf4af23
reloadAllAccessors: .CausalityInterface15

===========================================================================================
----------------- testing Thu Nov 14 06:17:17 UTC 2019 /home/travis/build/icyphy/ptII/ptolemy/domains/de/test/auto/CausalityInterface2.xml
----------------- Instantiating /home/travis/build/icyphy/ptII/ptolemy/domains/de/test/auto/CausalityInterface2.xml
1 ms. Memory: 48128K Free: 30653K (64%)
[...]
	at ptolemy.actor.Manager.run(Manager.java:1263)
	at ptolemy.actor.Manager$PtolemyRunThread.run(Manager.java:1933)
java.lang.RuntimeException: Execution failed
	at ptolemy.moml.MoMLSimpleApplication$UnloadThread.run(MoMLSimpleApplication.java:402)
Caused by: ptolemy.kernel.util.IllegalActionException: Actor is not ready to fire.  Perhaps UpSample.prefire() returned false? Try debugging the actor by selecting "Listen to Actor".  Also, for SDF check moml for tokenConsumptionRate on input.
  in .DESDFClockTest.Play Bell.Copy1:SDF Director and .DESDFClockTest.Play Bell.UpSample
	at ptolemy.actor.sched.StaticSchedulingDirector.fire(StaticSchedulingDirector.java:227)
	at ptolemy.domains.sdf.kernel.SDFDirector.fire(SDFDirector.java:500)
	at ptolemy.actor.CompositeActor.fire(CompositeActor.java:455)
	at ptolemy.domains.de.kernel.DEDirector._fire(DEDirector.java:1949)
	at ptolemy.domains.de.kernel.DEDirector.fire(DEDirector.java:502)
	at ptolemy.actor.CompositeActor.fire(CompositeActor.java:455)
	at ptolemy.actor.Manager.iterate(Manager.java:851)
	at ptolemy.actor.Manager.execute(Manager.java:369)
	at ptolemy.actor.Manager.run(Manager.java:1263)
	at ptolemy.actor.Manager$PtolemyRunThread.run(Manager.java:1933)
java.lang.reflect.InvocationTargetException
	at java.base/jdk.internal.reflect.NativeConstructorAccessorImpl.newInstance0(Native Method)
	at java.base/jdk.internal.reflect.NativeConstructorAccessorImpl.newInstance(NativeConstructorAccessorImpl.java:62)
	at java.base/jdk.internal.reflect.DelegatingConstructorAccessorImpl.newInstance(DelegatingConstructorAccessorImpl.java:45)
	at java.base/java.lang.reflect.Constructor.newInstance(Constructor.java:490)
	at ptolemy.util.test.junit.AutoKnownFailedTests.RunModel(AutoKnownFailedTests.java:105)
	at java.base/jdk.internal.reflect.NativeMethodAccessorImpl.invoke0(Native Method)
	at java.base/jdk.internal.reflect.NativeMethodAccessorImpl.invoke(NativeMethodAccessorImpl.java:62)
	at java.base/jdk.internal.reflect.DelegatingMethodAccessorImpl.invoke(DelegatingMethodAccessorImpl.java:43)
	at java.base/java.lang.reflect.Method.invoke(Method.java:566)
	at org.junit.runners.model.FrameworkMethod$1.runReflectiveCall(FrameworkMethod.java:44)
	at org.junit.internal.runners.model.ReflectiveCallable.run(ReflectiveCallable.java:15)
	at org.junit.runners.model.FrameworkMethod.invokeExplosively(FrameworkMethod.java:41)
	at junitparams.internal.InvokeParameterisedMethod.evaluate(InvokeParameterisedMethod.java:102)
	at org.junit.internal.runners.statements.FailOnTimeout$1.run(FailOnTimeout.java:28)
Caused by: ptolemy.kernel.util.IllegalActionException: Actor is not ready to fire.  Perhaps UpSample.prefire() returned false? Try debugging the actor by selecting "Listen to Actor".  Also, for SDF check moml for tokenConsumptionRate on input.
  in .DESDFClockTest.Play Bell.Copy1:SDF Director and .DESDFClockTest.Play Bell.UpSample
	at ptolemy.actor.sched.StaticSchedulingDirector.fire(StaticSchedulingDirector.java:227)
	at ptolemy.domains.sdf.kernel.SDFDirector.fire(SDFDirector.java:500)
	at ptolemy.actor.CompositeActor.fire(CompositeActor.java:455)
	at ptolemy.domains.de.kernel.DEDirector._fire(DEDirector.java:1949)
	at ptolemy.domains.de.kernel.DEDirector.fire(DEDirector.java:502)
	at ptolemy.actor.CompositeActor.fire(CompositeActor.java:455)
	at ptolemy.actor.Manager.iterate(Manager.java:851)
	at ptolemy.actor.Manager.execute(Manager.java:369)
	at ptolemy.actor.Manager.run(Manager.java:1263)
	at ptolemy.actor.Manager$PtolemyRunThread.run(Manager.java:1933)
java.lang.RuntimeException: Execution failed
	at ptolemy.moml.MoMLSimpleApplication$UnloadThread.run(MoMLSimpleApplication.java:402)
Caused by: ptolemy.kernel.util.IllegalActionException: Test fails in iteration 1.
Value was: 1.0. Should have been: 2.0
  in .DirectFeedback.Test
	at ptolemy.actor.lib.Test.fire(Test.java:268)
	at ptolemy.domains.de.kernel.DEDirector._fire(DEDirector.java:1949)
	at ptolemy.domains.de.kernel.DEDirector.fire(DEDirector.java:502)
	at ptolemy.actor.CompositeActor.fire(CompositeActor.java:455)
	at ptolemy.actor.Manager.iterate(Manager.java:851)
	at ptolemy.actor.Manager.execute(Manager.java:369)
	at ptolemy.actor.Manager.run(Manager.java:1263)
	at ptolemy.actor.Manager$PtolemyRunThread.run(Manager.java:1933)
java.lang.reflect.InvocationTargetException
	at java.base/jdk.internal.reflect.NativeConstructorAccessorImpl.newInstance0(Native Method)
	at java.base/jdk.internal.reflect.NativeConstructorAccessorImpl.newInstance(NativeConstructorAccessorImpl.java:62)
	at java.base/jdk.internal.reflect.DelegatingConstructorAccessorImpl.newInstance(DelegatingConstructorAccessorImpl.java:45)
	at java.base/java.lang.reflect.Constructor.newInstance(Constructor.java:490)
	at ptolemy.util.test.junit.AutoKnownFailedTests.RunModel(AutoKnownFailedTests.java:105)
	at java.base/jdk.internal.reflect.NativeMethodAccessorImpl.invoke0(Native Method)
	at java.base/jdk.internal.reflect.NativeMethodAccessorImpl.invoke(NativeMethodAccessorImpl.java:62)
	at java.base/jdk.internal.reflect.DelegatingMethodAccessorImpl.invoke(DelegatingMethodAccessorImpl.java:43)
	at java.base/java.lang.reflect.Method.invoke(Method.java:566)
	at org.junit.runners.model.FrameworkMethod$1.runReflectiveCall(FrameworkMethod.java:44)
	at org.junit.internal.runners.model.ReflectiveCallable.run(ReflectiveCallable.java:15)
	at org.junit.runners.model.FrameworkMethod.invokeExplosively(FrameworkMethod.java:41)
	at junitparams.internal.InvokeParameterisedMethod.evaluate(InvokeParameterisedMethod.java:102)
	at org.junit.internal.runners.statements.FailOnTimeout$1.run(FailOnTimeout.java:28)
Caused by: ptolemy.kernel.util.IllegalActionException: Test fails in iteration 1.
Value was: 1.0. Should have been: 2.0
  in .DirectFeedback.Test
	at ptolemy.actor.lib.Test.fire(Test.java:268)
	at ptolemy.domains.de.kernel.DEDirector._fire(DEDirector.java:1949)
	at ptolemy.domains.de.kernel.DEDirector.fire(DEDirector.java:502)
	at ptolemy.actor.CompositeActor.fire(CompositeActor.java:455)
	at ptolemy.actor.Manager.iterate(Manager.java:851)
	at ptolemy.actor.Manager.execute(Manager.java:369)
	at ptolemy.actor.Manager.run(Manager.java:1263)
	at ptolemy.actor.Manager$PtolemyRunThread.run(Manager.java:1933)
java.lang.RuntimeException: Execution failed
	at ptolemy.moml.MoMLSimpleApplication$UnloadThread.run(MoMLSimpleApplication.java:402)
Caused by: ptolemy.kernel.util.IllegalActionException: Found a zero delay loop containing .HierarchicalModel.A
  in .HierarchicalModel and .HierarchicalModel.A
	at ptolemy.actor.util.CausalityInterfaceForComposites._computeOutputPortDepth(CausalityInterfaceForComposites.java:759)
	at ptolemy.actor.util.CausalityInterfaceForComposites._computeInputDepth(CausalityInterfaceForComposites.java:696)
	at ptolemy.actor.util.CausalityInterfaceForComposites._computeOutputPortDepth(CausalityInterfaceForComposites.java:765)
	at ptolemy.actor.util.CausalityInterfaceForComposites._computeInputDepth(CausalityInterfaceForComposites.java:696)
	at ptolemy.actor.util.CausalityInterfaceForComposites._computeOutputPortDepth(CausalityInterfaceForComposites.java:765)
	at ptolemy.actor.util.CausalityInterfaceForComposites._computeInputDepth(CausalityInterfaceForComposites.java:696)
	at ptolemy.actor.util.CausalityInterfaceForComposites._computeActorDepth(CausalityInterfaceForComposites.java:532)
	at ptolemy.actor.util.CausalityInterfaceForComposites.checkForCycles(CausalityInterfaceForComposites.java:96)
	at ptolemy.domains.de.kernel.DEDirector.preinitialize(DEDirector.java:1338)
	at ptolemy.actor.CompositeActor.preinitialize(CompositeActor.java:1828)
	at ptolemy.actor.Manager.preinitializeAndResolveTypes(Manager.java:1040)
	at ptolemy.actor.Manager.initialize(Manager.java:710)
	at ptolemy.actor.Manager.execute(Manager.java:356)
	at ptolemy.actor.Manager.run(Manager.java:1263)
	at ptolemy.actor.Manager$PtolemyRunThread.run(Manager.java:1933)
java.lang.reflect.InvocationTargetException
	at java.base/jdk.internal.reflect.NativeConstructorAccessorImpl.newInstance0(Native Method)
	at java.base/jdk.internal.reflect.NativeConstructorAccessorImpl.newInstance(NativeConstructorAccessorImpl.java:62)
	at java.base/jdk.internal.reflect.DelegatingConstructorAccessorImpl.newInstance(DelegatingConstructorAccessorImpl.java:45)
	at java.base/java.lang.reflect.Constructor.newInstance(Constructor.java:490)
	at ptolemy.util.test.junit.AutoKnownFailedTests.RunModel(AutoKnownFailedTests.java:105)
	at java.base/jdk.internal.reflect.NativeMethodAccessorImpl.invoke0(Native Method)
	at java.base/jdk.internal.reflect.NativeMethodAccessorImpl.invoke(NativeMethodAccessorImpl.java:62)
	at java.base/jdk.internal.reflect.DelegatingMethodAccessorImpl.invoke(DelegatingMethodAccessorImpl.java:43)
	at java.base/java.lang.reflect.Method.invoke(Method.java:566)
	at org.junit.runners.model.FrameworkMethod$1.runReflectiveCall(FrameworkMethod.java:44)
	at org.junit.internal.runners.model.ReflectiveCallable.run(ReflectiveCallable.java:15)
	at org.junit.runners.model.FrameworkMethod.invokeExplosively(FrameworkMethod.java:41)
	at junitparams.internal.InvokeParameterisedMethod.evaluate(InvokeParameterisedMethod.java:102)
	at org.junit.internal.runners.statements.FailOnTimeout$1.run(FailOnTimeout.java:28)
Caused by: ptolemy.kernel.util.IllegalActionException: Found a zero delay loop containing .HierarchicalModel.A
  in .HierarchicalModel and .HierarchicalModel.A
	at ptolemy.actor.util.CausalityInterfaceForComposites._computeOutputPortDepth(CausalityInterfaceForComposites.java:759)
	at ptolemy.actor.util.CausalityInterfaceForComposites._computeInputDepth(CausalityInterfaceForComposites.java:696)
	at ptolemy.actor.util.CausalityInterfaceForComposites._computeOutputPortDepth(CausalityInterfaceForComposites.java:765)
	at ptolemy.actor.util.CausalityInterfaceForComposites._computeInputDepth(CausalityInterfaceForComposites.java:696)
	at ptolemy.actor.util.CausalityInterfaceForComposites._computeOutputPortDepth(CausalityInterfaceForComposites.java:765)
	at ptolemy.actor.util.CausalityInterfaceForComposites._computeInputDepth(CausalityInterfaceForComposites.java:696)
	at ptolemy.actor.util.CausalityInterfaceForComposites._computeActorDepth(CausalityInterfaceForComposites.java:532)
	at ptolemy.actor.util.CausalityInterfaceForComposites.checkForCycles(CausalityInterfaceForComposites.java:96)
	at ptolemy.domains.de.kernel.DEDirector.preinitialize(DEDirector.java:1338)
	at ptolemy.actor.CompositeActor.preinitialize(CompositeActor.java:1828)
	at ptolemy.actor.Manager.preinitializeAndResolveTypes(Manager.java:1040)
	at ptolemy.actor.Manager.initialize(Manager.java:710)
	at ptolemy.actor.Manager.execute(Manager.java:356)
	at ptolemy.actor.Manager.run(Manager.java:1263)
	at ptolemy.actor.Manager$PtolemyRunThread.run(Manager.java:1933)
java.lang.RuntimeException: Execution failed
	at ptolemy.moml.MoMLSimpleApplication$UnloadThread.run(MoMLSimpleApplication.java:402)
Caused by: ptolemy.kernel.util.IllegalActionException: Found a zero delay loop containing .dependencyLoop.original
  in .dependencyLoop and .dependencyLoop.original
	at ptolemy.actor.util.CausalityInterfaceForComposites._computeOutputPortDepth(CausalityInterfaceForComposites.java:759)
	at ptolemy.actor.util.CausalityInterfaceForComposites._computeInputDepth(CausalityInterfaceForComposites.java:696)
	at ptolemy.actor.util.CausalityInterfaceForComposites._computeOutputPortDepth(CausalityInterfaceForComposites.java:765)
	at ptolemy.actor.util.CausalityInterfaceForComposites._computeInputDepth(CausalityInterfaceForComposites.java:696)
	at ptolemy.actor.util.CausalityInterfaceForComposites._computeOutputPortDepth(CausalityInterfaceForComposites.java:765)
	at ptolemy.actor.util.CausalityInterfaceForComposites._computeInputDepth(CausalityInterfaceForComposites.java:696)
	at ptolemy.actor.util.CausalityInterfaceForComposites._computeActorDepth(CausalityInterfaceForComposites.java:532)
	at ptolemy.actor.util.CausalityInterfaceForComposites.checkForCycles(CausalityInterfaceForComposites.java:96)
	at ptolemy.domains.de.kernel.DEDirector.preinitialize(DEDirector.java:1338)
	at ptolemy.actor.CompositeActor.preinitialize(CompositeActor.java:1828)
	at ptolemy.actor.Manager.preinitializeAndResolveTypes(Manager.java:1040)
	at ptolemy.actor.Manager.initialize(Manager.java:710)
	at ptolemy.actor.Manager.execute(Manager.java:356)
	at ptolemy.actor.Manager.run(Manager.java:1263)
	at ptolemy.actor.Manager$PtolemyRunThread.run(Manager.java:1933)
java.lang.reflect.InvocationTargetException
	at java.base/jdk.internal.reflect.NativeConstructorAccessorImpl.newInstance0(Native Method)
	at java.base/jdk.internal.reflect.NativeConstructorAccessorImpl.newInstance(NativeConstructorAccessorImpl.java:62)
	at java.base/jdk.internal.reflect.DelegatingConstructorAccessorImpl.newInstance(DelegatingConstructorAccessorImpl.java:45)
	at java.base/java.lang.reflect.Constructor.newInstance(Constructor.java:490)
	at ptolemy.util.test.junit.AutoKnownFailedTests.RunModel(AutoKnownFailedTests.java:105)
	at java.base/jdk.internal.reflect.NativeMethodAccessorImpl.invoke0(Native Method)
	at java.base/jdk.internal.reflect.NativeMethodAccessorImpl.invoke(NativeMethodAccessorImpl.java:62)
	at java.base/jdk.internal.reflect.DelegatingMethodAccessorImpl.invoke(DelegatingMethodAccessorImpl.java:43)
	at java.base/java.lang.reflect.Method.invoke(Method.java:566)
	at org.junit.runners.model.FrameworkMethod$1.runReflectiveCall(FrameworkMethod.java:44)
	at org.junit.internal.runners.model.ReflectiveCallable.run(ReflectiveCallable.java:15)
	at org.junit.runners.model.FrameworkMethod.invokeExplosively(FrameworkMethod.java:41)
	at junitparams.internal.InvokeParameterisedMethod.evaluate(InvokeParameterisedMethod.java:102)
	at org.junit.internal.runners.statements.FailOnTimeout$1.run(FailOnTimeout.java:28)
Caused by: ptolemy.kernel.util.IllegalActionException: Found a zero delay loop containing .dependencyLoop.original
  in .dependencyLoop and .dependencyLoop.original
	at ptolemy.actor.util.CausalityInterfaceForComposites._computeOutputPortDepth(CausalityInterfaceForComposites.java:759)
	at ptolemy.actor.util.CausalityInterfaceForComposites._computeInputDepth(CausalityInterfaceForComposites.java:696)
	at ptolemy.actor.util.CausalityInterfaceForComposites._computeOutputPortDepth(CausalityInterfaceForComposites.java:765)
	at ptolemy.actor.util.CausalityInterfaceForComposites._computeInputDepth(CausalityInterfaceForComposites.java:696)
	at ptolemy.actor.util.CausalityInterfaceForComposites._computeOutputPortDepth(CausalityInterfaceForComposites.java:765)
	at ptolemy.actor.util.CausalityInterfaceForComposites._computeInputDepth(CausalityInterfaceForComposites.java:696)
	at ptolemy.actor.util.CausalityInterfaceForComposites._computeActorDepth(CausalityInterfaceForComposites.java:532)
	at ptolemy.actor.util.CausalityInterfaceForComposites.checkForCycles(CausalityInterfaceForComposites.java:96)
	at ptolemy.domains.de.kernel.DEDirector.preinitialize(DEDirector.java:1338)
	at ptolemy.actor.CompositeActor.preinitialize(CompositeActor.java:1828)
	at ptolemy.actor.Manager.preinitializeAndResolveTypes(Manager.java:1040)
	at ptolemy.actor.Manager.initialize(Manager.java:710)
	at ptolemy.actor.Manager.execute(Manager.java:356)
	at ptolemy.actor.Manager.run(Manager.java:1263)
	at ptolemy.actor.Manager$PtolemyRunThread.run(Manager.java:1933)
java.lang.RuntimeException: Execution failed
	at ptolemy.moml.MoMLSimpleApplication$UnloadThread.run(MoMLSimpleApplication.java:402)
Caused by: ptolemy.kernel.util.IllegalActionException: Found a zero delay loop containing .dependencyLoop2.original
  in .dependencyLoop2 and .dependencyLoop2.original
	at ptolemy.actor.util.CausalityInterfaceForComposites._computeOutputPortDepth(CausalityInterfaceForComposites.java:759)
	at ptolemy.actor.util.CausalityInterfaceForComposites._computeInputDepth(CausalityInterfaceForComposites.java:696)
	at ptolemy.actor.util.CausalityInterfaceForComposites._computeOutputPortDepth(CausalityInterfaceForComposites.java:765)
	at ptolemy.actor.util.CausalityInterfaceForComposites._computeInputDepth(CausalityInterfaceForComposites.java:696)
	at ptolemy.actor.util.CausalityInterfaceForComposites._computeOutputPortDepth(CausalityInterfaceForComposites.java:765)
	at ptolemy.actor.util.CausalityInterfaceForComposites._computeInputDepth(CausalityInterfaceForComposites.java:696)
	at ptolemy.actor.util.CausalityInterfaceForComposites._computeActorDepth(CausalityInterfaceForComposites.java:532)
	at ptolemy.actor.util.CausalityInterfaceForComposites.checkForCycles(CausalityInterfaceForComposites.java:96)
	at ptolemy.domains.de.kernel.DEDirector.preinitialize(DEDirector.java:1338)
	at ptolemy.actor.CompositeActor.preinitialize(CompositeActor.java:1828)
	at ptolemy.actor.Manager.preinitializeAndResolveTypes(Manager.java:1040)
	at ptolemy.actor.Manager.initialize(Manager.java:710)
	at ptolemy.actor.Manager.execute(Manager.java:356)
	at ptolemy.actor.Manager.run(Manager.java:1263)
	at ptolemy.actor.Manager$PtolemyRunThread.run(Manager.java:1933)
java.lang.reflect.InvocationTargetException
	at java.base/jdk.internal.reflect.NativeConstructorAccessorImpl.newInstance0(Native Method)
	at java.base/jdk.internal.reflect.NativeConstructorAccessorImpl.newInstance(NativeConstructorAccessorImpl.java:62)
	at java.base/jdk.internal.reflect.DelegatingConstructorAccessorImpl.newInstance(DelegatingConstructorAccessorImpl.java:45)
	at java.base/java.lang.reflect.Constructor.newInstance(Constructor.java:490)
	at ptolemy.util.test.junit.AutoKnownFailedTests.RunModel(AutoKnownFailedTests.java:105)
	at java.base/jdk.internal.reflect.NativeMethodAccessorImpl.invoke0(Native Method)
	at java.base/jdk.internal.reflect.NativeMethodAccessorImpl.invoke(NativeMethodAccessorImpl.java:62)
	at java.base/jdk.internal.reflect.DelegatingMethodAccessorImpl.invoke(DelegatingMethodAccessorImpl.java:43)
	at java.base/java.lang.reflect.Method.invoke(Method.java:566)
	at org.junit.runners.model.FrameworkMethod$1.runReflectiveCall(FrameworkMethod.java:44)
	at org.junit.internal.runners.model.ReflectiveCallable.run(ReflectiveCallable.java:15)
	at org.junit.runners.model.FrameworkMethod.invokeExplosively(FrameworkMethod.java:41)
	at junitparams.internal.InvokeParameterisedMethod.evaluate(InvokeParameterisedMethod.java:102)
	at org.junit.internal.runners.statements.FailOnTimeout$1.run(FailOnTimeout.java:28)
Caused by: ptolemy.kernel.util.IllegalActionException: Found a zero delay loop containing .dependencyLoop2.original
  in .dependencyLoop2 and .dependencyLoop2.original
	at ptolemy.actor.util.CausalityInterfaceForComposites._computeOutputPortDepth(CausalityInterfaceForComposites.java:759)
	at ptolemy.actor.util.CausalityInterfaceForComposites._computeInputDepth(CausalityInterfaceForComposites.java:696)
	at ptolemy.actor.util.CausalityInterfaceForComposites._computeOutputPortDepth(CausalityInterfaceForComposites.java:765)
	at ptolemy.actor.util.CausalityInterfaceForComposites._computeInputDepth(CausalityInterfaceForComposites.java:696)
	at ptolemy.actor.util.CausalityInterfaceForComposites._computeOutputPortDepth(CausalityInterfaceForComposites.java:765)
	at ptolemy.actor.util.CausalityInterfaceForComposites._computeInputDepth(CausalityInterfaceForComposites.java:696)
	at ptolemy.actor.util.CausalityInterfaceForComposites._computeActorDepth(CausalityInterfaceForComposites.java:532)
	at ptolemy.actor.util.CausalityInterfaceForComposites.checkForCycles(CausalityInterfaceForComposites.java:96)
	at ptolemy.domains.de.kernel.DEDirector.preinitialize(DEDirector.java:1338)
	at ptolemy.actor.CompositeActor.preinitialize(CompositeActor.java:1828)
	at ptolemy.actor.Manager.preinitializeAndResolveTypes(Manager.java:1040)
	at ptolemy.actor.Manager.initialize(Manager.java:710)
	at ptolemy.actor.Manager.execute(Manager.java:356)
	at ptolemy.actor.Manager.run(Manager.java:1263)
	at ptolemy.actor.Manager$PtolemyRunThread.run(Manager.java:1933)
]]></system-err>
</testsuite>
