<?xml version="1.0" encoding="UTF-8" ?>
<testsuite errors="0" failures="0" hostname="travis-job-fd311965-5664-46ce-aabf-74b0286edde1" name="ptolemy.domains.de.test.junit.JUnitTclTest" skipped="0" tests="101" time="123.077" timestamp="2020-01-02T06:34:20">
  <properties>
[...]
</properties>
  <testcase classname="ptolemy.util.test.junit.TclTests" name="[0] /home/travis/build/icyphy/ptII/ptolemy/domains/de/test/DependencyLoop.tcl (RunTclFile)" time="0.938" />
  <testcase classname="ptolemy.util.test.junit.TclTests" name="[1] /home/travis/build/icyphy/ptII/ptolemy/domains/de/test/RunDETestsAsQSS.tcl (RunTclFile)" time="82.548" />
  <testcase classname="ptolemy.util.test.junit.AutoKnownFailedTests" name="[0] /home/travis/build/icyphy/ptII/ptolemy/domains/de/test/auto/knownFailedTests/DESDFClockTest.xml (RunModel)" time="2.071" />
  <testcase classname="ptolemy.util.test.junit.AutoKnownFailedTests" name="[1] /home/travis/build/icyphy/ptII/ptolemy/domains/de/test/auto/knownFailedTests/DirectFeedback.xml (RunModel)" time="0.023" />
  <testcase classname="ptolemy.util.test.junit.AutoKnownFailedTests" name="[2] /home/travis/build/icyphy/ptII/ptolemy/domains/de/test/auto/knownFailedTests/FSMSource.xml (RunModel)" time="0.025" />
  <testcase classname="ptolemy.util.test.junit.AutoKnownFailedTests" name="[3] /home/travis/build/icyphy/ptII/ptolemy/domains/de/test/auto/knownFailedTests/HierarchicalModel.xml (RunModel)" time="0.046" />
  <testcase classname="ptolemy.util.test.junit.AutoKnownFailedTests" name="[4] /home/travis/build/icyphy/ptII/ptolemy/domains/de/test/auto/knownFailedTests/dependencyLoop.xml (RunModel)" time="0.037" />
  <testcase classname="ptolemy.util.test.junit.AutoKnownFailedTests" name="[5] /home/travis/build/icyphy/ptII/ptolemy/domains/de/test/auto/knownFailedTests/dependencyLoop2.xml (RunModel)" time="0.043" />
  <testcase classname="ptolemy.util.test.junit.AutoNameArchTests" name="[0] ThereAreNoAutoArchTests (RunModel)" time="0.001" />
  <testcase classname="ptolemy.util.test.junit.AutoTests" name="[0] /home/travis/build/icyphy/ptII/ptolemy/domains/de/test/auto/ActorDepthCalculation_actorWithoutPorts.xml (RunModel)" time="0.016" />
  <testcase classname="ptolemy.util.test.junit.AutoTests" name="[1] /home/travis/build/icyphy/ptII/ptolemy/domains/de/test/auto/AssemblyLine.xml (RunModel)" time="0.025" />
  <testcase classname="ptolemy.util.test.junit.AutoTests" name="[2] /home/travis/build/icyphy/ptII/ptolemy/domains/de/test/auto/CQBug1.xml (RunModel)" time="0.006" />
  <testcase classname="ptolemy.util.test.junit.AutoTests" name="[3] /home/travis/build/icyphy/ptII/ptolemy/domains/de/test/auto/CancelFireAt.xml (RunModel)" time="0.005" />
  <testcase classname="ptolemy.util.test.junit.AutoTests" name="[4] /home/travis/build/icyphy/ptII/ptolemy/domains/de/test/auto/CausalityAndComposabilityAnalysis.xml (RunModel)" time="0.012" />
  <testcase classname="ptolemy.util.test.junit.AutoTests" name="[5] /home/travis/build/icyphy/ptII/ptolemy/domains/de/test/auto/CausalityInterface1.xml (RunModel)" time="0.012" />
  <testcase classname="ptolemy.util.test.junit.AutoTests" name="[6] /home/travis/build/icyphy/ptII/ptolemy/domains/de/test/auto/CausalityInterface15.xml (RunModel)" time="0.013" />
  <testcase classname="ptolemy.util.test.junit.AutoTests" name="[7] /home/travis/build/icyphy/ptII/ptolemy/domains/de/test/auto/CausalityInterface2.xml (RunModel)" time="0.01" />
  <testcase classname="ptolemy.util.test.junit.AutoTests" name="[8] /home/travis/build/icyphy/ptII/ptolemy/domains/de/test/auto/CausalityInterface3.xml (RunModel)" time="0.014" />
  <testcase classname="ptolemy.util.test.junit.AutoTests" name="[9] /home/travis/build/icyphy/ptII/ptolemy/domains/de/test/auto/ClockDrift.xml (RunModel)" time="0.03" />
  <testcase classname="ptolemy.util.test.junit.AutoTests" name="[10] /home/travis/build/icyphy/ptII/ptolemy/domains/de/test/auto/ClockDriftAndValueChange.xml (RunModel)" time="0.036" />
  <testcase classname="ptolemy.util.test.junit.AutoTests" name="[11] /home/travis/build/icyphy/ptII/ptolemy/domains/de/test/auto/ClockDriftChange.xml (RunModel)" time="0.032" />
  <testcase classname="ptolemy.util.test.junit.AutoTests" name="[12] /home/travis/build/icyphy/ptII/ptolemy/domains/de/test/auto/ComposableCausalityAnalysis.xml (RunModel)" time="0.013" />
  <testcase classname="ptolemy.util.test.junit.AutoTests" name="[13] /home/travis/build/icyphy/ptII/ptolemy/domains/de/test/auto/DEFixedPointLimitation.xml (RunModel)" time="0.012" />
  <testcase classname="ptolemy.util.test.junit.AutoTests" name="[14] /home/travis/build/icyphy/ptII/ptolemy/domains/de/test/auto/DEScheduleTest.xml (RunModel)" time="0.017" />
  <testcase classname="ptolemy.util.test.junit.AutoTests" name="[15] /home/travis/build/icyphy/ptII/ptolemy/domains/de/test/auto/DEinDEwithStartTimes.xml (RunModel)" time="0.017" />
  <testcase classname="ptolemy.util.test.junit.AutoTests" name="[16] /home/travis/build/icyphy/ptII/ptolemy/domains/de/test/auto/DEinDEwithStartTimes2.xml (RunModel)" time="0.013" />
  <testcase classname="ptolemy.util.test.junit.AutoTests" name="[17] /home/travis/build/icyphy/ptII/ptolemy/domains/de/test/auto/DateDemo.xml (RunModel)" time="0.032" />
  <testcase classname="ptolemy.util.test.junit.AutoTests" name="[18] /home/travis/build/icyphy/ptII/ptolemy/domains/de/test/auto/DateToEvent.xml (RunModel)" time="2.038" />
  <testcase classname="ptolemy.util.test.junit.AutoTests" name="[19] /home/travis/build/icyphy/ptII/ptolemy/domains/de/test/auto/DepthTest1.xml (RunModel)" time="0.007" />
  <testcase classname="ptolemy.util.test.junit.AutoTests" name="[20] /home/travis/build/icyphy/ptII/ptolemy/domains/de/test/auto/DepthTest2.xml (RunModel)" time="0.023" />
  <testcase classname="ptolemy.util.test.junit.AutoTests" name="[21] /home/travis/build/icyphy/ptII/ptolemy/domains/de/test/auto/DepthTest3.xml (RunModel)" time="0.008" />
  <testcase classname="ptolemy.util.test.junit.AutoTests" name="[22] /home/travis/build/icyphy/ptII/ptolemy/domains/de/test/auto/DepthTest4.xml (RunModel)" time="0.017" />
  <testcase classname="ptolemy.util.test.junit.AutoTests" name="[23] /home/travis/build/icyphy/ptII/ptolemy/domains/de/test/auto/DepthTest5.xml (RunModel)" time="0.013" />
  <testcase classname="ptolemy.util.test.junit.AutoTests" name="[24] /home/travis/build/icyphy/ptII/ptolemy/domains/de/test/auto/DepthTest6.xml (RunModel)" time="0.01" />
  <testcase classname="ptolemy.util.test.junit.AutoTests" name="[25] /home/travis/build/icyphy/ptII/ptolemy/domains/de/test/auto/DepthTest7.xml (RunModel)" time="0.009" />
  <testcase classname="ptolemy.util.test.junit.AutoTests" name="[26] /home/travis/build/icyphy/ptII/ptolemy/domains/de/test/auto/EventToDate.xml (RunModel)" time="3.048" />
  <testcase classname="ptolemy.util.test.junit.AutoTests" name="[27] /home/travis/build/icyphy/ptII/ptolemy/domains/de/test/auto/FSM1.xml (RunModel)" time="0.037" />
  <testcase classname="ptolemy.util.test.junit.AutoTests" name="[28] /home/travis/build/icyphy/ptII/ptolemy/domains/de/test/auto/FSM7.xml (RunModel)" time="0.041" />
  <testcase classname="ptolemy.util.test.junit.AutoTests" name="[29] /home/travis/build/icyphy/ptII/ptolemy/domains/de/test/auto/Inspection.xml (RunModel)" time="0.036" />
  <testcase classname="ptolemy.util.test.junit.AutoTests" name="[30] /home/travis/build/icyphy/ptII/ptolemy/domains/de/test/auto/Iteration.xml (RunModel)" time="0.019" />
  <testcase classname="ptolemy.util.test.junit.AutoTests" name="[31] /home/travis/build/icyphy/ptII/ptolemy/domains/de/test/auto/LineFault.xml (RunModel)" time="0.623" />
  <testcase classname="ptolemy.util.test.junit.AutoTests" name="[32] /home/travis/build/icyphy/ptII/ptolemy/domains/de/test/auto/MergeModel1Add.xml (RunModel)" time="0.055" />
  <testcase classname="ptolemy.util.test.junit.AutoTests" name="[33] /home/travis/build/icyphy/ptII/ptolemy/domains/de/test/auto/MergeModel2Add.xml (RunModel)" time="0.039" />
  <testcase classname="ptolemy.util.test.junit.AutoTests" name="[34] /home/travis/build/icyphy/ptII/ptolemy/domains/de/test/auto/MergeModel3Add.xml (RunModel)" time="0.038" />
  <testcase classname="ptolemy.util.test.junit.AutoTests" name="[35] /home/travis/build/icyphy/ptII/ptolemy/domains/de/test/auto/MergeWithoutDiscard.xml (RunModel)" time="0.008" />
  <testcase classname="ptolemy.util.test.junit.AutoTests" name="[36] /home/travis/build/icyphy/ptII/ptolemy/domains/de/test/auto/Modal1.xml (RunModel)" time="0.027" />
  <testcase classname="ptolemy.util.test.junit.AutoTests" name="[37] /home/travis/build/icyphy/ptII/ptolemy/domains/de/test/auto/Modal2.xml (RunModel)" time="0.027" />
  <testcase classname="ptolemy.util.test.junit.AutoTests" name="[38] /home/travis/build/icyphy/ptII/ptolemy/domains/de/test/auto/Modal3.xml (RunModel)" time="0.026" />
  <testcase classname="ptolemy.util.test.junit.AutoTests" name="[39] /home/travis/build/icyphy/ptII/ptolemy/domains/de/test/auto/Modal4.xml (RunModel)" time="0.033" />
  <testcase classname="ptolemy.util.test.junit.AutoTests" name="[40] /home/travis/build/icyphy/ptII/ptolemy/domains/de/test/auto/Modal5.xml (RunModel)" time="0.033" />
  <testcase classname="ptolemy.util.test.junit.AutoTests" name="[41] /home/travis/build/icyphy/ptII/ptolemy/domains/de/test/auto/Modal6.xml (RunModel)" time="0.031" />
  <testcase classname="ptolemy.util.test.junit.AutoTests" name="[42] /home/travis/build/icyphy/ptII/ptolemy/domains/de/test/auto/Modal7.xml (RunModel)" time="0.034" />
  <testcase classname="ptolemy.util.test.junit.AutoTests" name="[43] /home/travis/build/icyphy/ptII/ptolemy/domains/de/test/auto/ModalModel.xml (RunModel)" time="0.203" />
  <testcase classname="ptolemy.util.test.junit.AutoTests" name="[44] /home/travis/build/icyphy/ptII/ptolemy/domains/de/test/auto/ModalSource.xml (RunModel)" time="0.023" />
  <testcase classname="ptolemy.util.test.junit.AutoTests" name="[45] /home/travis/build/icyphy/ptII/ptolemy/domains/de/test/auto/NonInterruptibleTimerZeroDelay.xml (RunModel)" time="0.01" />
  <testcase classname="ptolemy.util.test.junit.AutoTests" name="[46] /home/travis/build/icyphy/ptII/ptolemy/domains/de/test/auto/OpenQueueingNetwork.xml (RunModel)" time="2.768" />
  <testcase classname="ptolemy.util.test.junit.AutoTests" name="[47] /home/travis/build/icyphy/ptII/ptolemy/domains/de/test/auto/OpenQueuingNetwork.xml (RunModel)" time="0.323" />
  <testcase classname="ptolemy.util.test.junit.AutoTests" name="[48] /home/travis/build/icyphy/ptII/ptolemy/domains/de/test/auto/PeriodicSampler.xml (RunModel)" time="0.011" />
  <testcase classname="ptolemy.util.test.junit.AutoTests" name="[49] /home/travis/build/icyphy/ptII/ptolemy/domains/de/test/auto/PersistentIO.xml (RunModel)" time="0.021" />
  <testcase classname="ptolemy.util.test.junit.AutoTests" name="[50] /home/travis/build/icyphy/ptII/ptolemy/domains/de/test/auto/PortParameterResetOnInitialize.xml (RunModel)" time="0.009" />
  <testcase classname="ptolemy.util.test.junit.AutoTests" name="[51] /home/travis/build/icyphy/ptII/ptolemy/domains/de/test/auto/PortParameterUpdates.xml (RunModel)" time="0.012" />
  <testcase classname="ptolemy.util.test.junit.AutoTests" name="[52] /home/travis/build/icyphy/ptII/ptolemy/domains/de/test/auto/QueueAndServer.xml (RunModel)" time="0.023" />
  <testcase classname="ptolemy.util.test.junit.AutoTests" name="[53] /home/travis/build/icyphy/ptII/ptolemy/domains/de/test/auto/Records.xml (RunModel)" time="0.021" />
  <testcase classname="ptolemy.util.test.junit.AutoTests" name="[54] /home/travis/build/icyphy/ptII/ptolemy/domains/de/test/auto/ResetTransitionWithStartTime1.xml (RunModel)" time="0.023" />
  <testcase classname="ptolemy.util.test.junit.AutoTests" name="[55] /home/travis/build/icyphy/ptII/ptolemy/domains/de/test/auto/ResetTransitionWithStartTime2.xml (RunModel)" time="0.018" />
  <testcase classname="ptolemy.util.test.junit.AutoTests" name="[56] /home/travis/build/icyphy/ptII/ptolemy/domains/de/test/auto/ResetTransitionWithStartTime3.xml (RunModel)" time="0.016" />
  <testcase classname="ptolemy.util.test.junit.AutoTests" name="[57] /home/travis/build/icyphy/ptII/ptolemy/domains/de/test/auto/ResetTransitionWithStartTime4.xml (RunModel)" time="0.017" />
  <testcase classname="ptolemy.util.test.junit.AutoTests" name="[58] /home/travis/build/icyphy/ptII/ptolemy/domains/de/test/auto/ResettableTimer1.xml (RunModel)" time="0.008" />
  <testcase classname="ptolemy.util.test.junit.AutoTests" name="[59] /home/travis/build/icyphy/ptII/ptolemy/domains/de/test/auto/ResettableTimer2.xml (RunModel)" time="0.009" />
  <testcase classname="ptolemy.util.test.junit.AutoTests" name="[60] /home/travis/build/icyphy/ptII/ptolemy/domains/de/test/auto/ResettableTimer3.xml (RunModel)" time="0.008" />
  <testcase classname="ptolemy.util.test.junit.AutoTests" name="[61] /home/travis/build/icyphy/ptII/ptolemy/domains/de/test/auto/ResettableTimer4.xml (RunModel)" time="0.008" />
  <testcase classname="ptolemy.util.test.junit.AutoTests" name="[62] /home/travis/build/icyphy/ptII/ptolemy/domains/de/test/auto/ResettableTimer5.xml (RunModel)" time="0.009" />
  <testcase classname="ptolemy.util.test.junit.AutoTests" name="[63] /home/travis/build/icyphy/ptII/ptolemy/domains/de/test/auto/ResettableTimer6.xml (RunModel)" time="0.015" />
  <testcase classname="ptolemy.util.test.junit.AutoTests" name="[64] /home/travis/build/icyphy/ptII/ptolemy/domains/de/test/auto/ServerZeroDelay.xml (RunModel)" time="0.009" />
  <testcase classname="ptolemy.util.test.junit.AutoTests" name="[65] /home/travis/build/icyphy/ptII/ptolemy/domains/de/test/auto/SmartSender.xml (RunModel)" time="3.008" />
  <testcase classname="ptolemy.util.test.junit.AutoTests" name="[66] /home/travis/build/icyphy/ptII/ptolemy/domains/de/test/auto/ThreadedComposite.xml (RunModel)" time="0.159" />
  <testcase classname="ptolemy.util.test.junit.AutoTests" name="[67] /home/travis/build/icyphy/ptII/ptolemy/domains/de/test/auto/Time.xml (RunModel)" time="0.334" />
  <testcase classname="ptolemy.util.test.junit.AutoTests" name="[68] /home/travis/build/icyphy/ptII/ptolemy/domains/de/test/auto/TimeDelayZeroDelay.xml (RunModel)" time="0.015" />
  <testcase classname="ptolemy.util.test.junit.AutoTests" name="[69] /home/travis/build/icyphy/ptII/ptolemy/domains/de/test/auto/TimerZeroDelay.xml (RunModel)" time="0.009" />
  <testcase classname="ptolemy.util.test.junit.AutoTests" name="[70] /home/travis/build/icyphy/ptII/ptolemy/domains/de/test/auto/TimingParadox.xml (RunModel)" time="0.349" />
  <testcase classname="ptolemy.util.test.junit.AutoTests" name="[71] /home/travis/build/icyphy/ptII/ptolemy/domains/de/test/auto/TransferInputs.xml (RunModel)" time="0.03" />
  <testcase classname="ptolemy.util.test.junit.AutoTests" name="[72] /home/travis/build/icyphy/ptII/ptolemy/domains/de/test/auto/TransferOutputs2.xml (RunModel)" time="0.043" />
  <testcase classname="ptolemy.util.test.junit.AutoTests" name="[73] /home/travis/build/icyphy/ptII/ptolemy/domains/de/test/auto/Trilateration.xml (RunModel)" time="11.018" />
  <testcase classname="ptolemy.util.test.junit.AutoTests" name="[74] /home/travis/build/icyphy/ptII/ptolemy/domains/de/test/auto/TwoSigmaDelta.xml (RunModel)" time="1.608" />
  <testcase classname="ptolemy.util.test.junit.AutoTests" name="[75] /home/travis/build/icyphy/ptII/ptolemy/domains/de/test/auto/VariableDelay.xml (RunModel)" time="0.013" />
  <testcase classname="ptolemy.util.test.junit.AutoTests" name="[76] /home/travis/build/icyphy/ptII/ptolemy/domains/de/test/auto/VariableDelay2.xml (RunModel)" time="0.008" />
  <testcase classname="ptolemy.util.test.junit.AutoTests" name="[77] /home/travis/build/icyphy/ptII/ptolemy/domains/de/test/auto/VariableDelayZeroDelay.xml (RunModel)" time="0.011" />
  <testcase classname="ptolemy.util.test.junit.AutoTests" name="[78] /home/travis/build/icyphy/ptII/ptolemy/domains/de/test/auto/VariableDelayZeroDelay2.xml (RunModel)" time="0.009" />
  <testcase classname="ptolemy.util.test.junit.AutoTests" name="[79] /home/travis/build/icyphy/ptII/ptolemy/domains/de/test/auto/deInCt.xml (RunModel)" time="0.014" />
  <testcase classname="ptolemy.util.test.junit.AutoTests" name="[80] /home/travis/build/icyphy/ptII/ptolemy/domains/de/test/auto/deInCt2.xml (RunModel)" time="0.012" />
  <testcase classname="ptolemy.util.test.junit.AutoTests" name="[81] /home/travis/build/icyphy/ptII/ptolemy/domains/de/test/auto/dynamicCausalityInterface1.xml (RunModel)" time="0.016" />
  <testcase classname="ptolemy.util.test.junit.AutoTests" name="[82] /home/travis/build/icyphy/ptII/ptolemy/domains/de/test/auto/fsm_de_test.xml (RunModel)" time="0.024" />
  <testcase classname="ptolemy.util.test.junit.AutoTests" name="[83] /home/travis/build/icyphy/ptII/ptolemy/domains/de/test/auto/functionDependencyReconstruction.xml (RunModel)" time="0.033" />
  <testcase classname="ptolemy.util.test.junit.AutoTests" name="[84] /home/travis/build/icyphy/ptII/ptolemy/domains/de/test/auto/multirate.xml (RunModel)" time="0.017" />
  <testcase classname="ptolemy.util.test.junit.AutoTests" name="[85] /home/travis/build/icyphy/ptII/ptolemy/domains/de/test/auto/multirate2.xml (RunModel)" time="0.022" />
  <testcase classname="ptolemy.util.test.junit.AutoTests" name="[86] /home/travis/build/icyphy/ptII/ptolemy/domains/de/test/auto/realtime.xml (RunModel)" time="10.011" />
  <testcase classname="ptolemy.util.test.junit.AutoTests" name="[87] /home/travis/build/icyphy/ptII/ptolemy/domains/de/test/auto/relationGroup.xml (RunModel)" time="0.017" />
  <testcase classname="ptolemy.util.test.junit.AutoTests" name="[88] /home/travis/build/icyphy/ptII/ptolemy/domains/de/test/auto/relationGroup2.xml (RunModel)" time="0.005" />
  <testcase classname="ptolemy.util.test.junit.AutoTests" name="[89] /home/travis/build/icyphy/ptII/ptolemy/domains/de/test/auto/sortWithOpaquePorts.xml (RunModel)" time="0.01" />
  <testcase classname="ptolemy.util.test.junit.AutoTests" name="[90] /home/travis/build/icyphy/ptII/ptolemy/domains/de/test/auto/transferInputsandOutputs.xml (RunModel)" time="0.022" />
  <testcase classname="ptolemy.util.test.junit.AutoTests" name="[91] /home/travis/build/icyphy/ptII/ptolemy/domains/de/test/auto/triggerType.xml (RunModel)" time="0.009" />
  <system-out><![CDATA[/home/travis/build/icyphy/ptII/ptolemy/domains/de/test/DependencyLoop.tcl
testDefs.tcl: setting time out to 9000 seconds at Thu Jan 02 06:34:20 UTC 2020
55 ms. Memory: 129024K Free: 80326K (62%)
20 ms. Memory: 129024K Free: 62903K (49%)
/home/travis/build/icyphy/ptII/ptolemy/domains/de/test/RunDETestsAsQSS.tcl
Run the DE tests using ptolemy.domains.qss.test.QSSDirectorTest, which extends QSSDirector and prints a message in the constructors.
------------------ testing $PTII/ptolemy/domains/de/test/auto/knownFailedTests/DirectFeedback.xml (Known Failure) 
42 ms. Memory: 129024K Free: 56774K (44%)


==== $PTIIhome/travis/build/icyphy/ptII/ptolemy/domains/de/test/../../../../: Auto Automatic test in file $PTII/ptolemy/domains/de/test/auto/knownFailedTests/DirectFeedback.xml
==== Contents of test case:

	    # FIXME: we should use $relativeFilename here, but it
	    # might have backslashes under Windows, which causes no end
	    # of trouble.
	    createAndExecute $file
	    list {}
	
.... Test generated KNOWN error:
    while executing
ptolemy.kernel.util.IllegalActionException: Test fails in iteration 1.
Value was: 1.0. Should have been: 2.0
  in .DirectFeedback.Test
	at ptolemy.actor.lib.Test.fire(Test.java:268)
	at ptolemy.domains.de.kernel.DEDirector._fire(DEDirector.java:1949)
	at ptolemy.domains.de.kernel.DEDirector.fire(DEDirector.java:502)
	at ptolemy.actor.CompositeActor.fire(CompositeActor.java:455)
	at ptolemy.actor.Manager.iterate(Manager.java:851)
	at ptolemy.actor.Manager.execute(Manager.java:369)
	at ptolemy.actor.Manager.run(Manager.java:1263)
	at ptolemy.actor.Manager$PtolemyRunThread.run(Manager.java:1933)

    while executing
ptolemy.kernel.util.IllegalActionException: Test fails in iteration 1.
Value was: 1.0. Should have been: 2.0
  in .DirectFeedback.Test
    while executing
"java::new ptolemy.moml.MoMLSimpleApplication $file
"
    (procedure "createAndExecute" line 2)
    invoked from within
"createAndExecute $file"
    ("uplevel" body line 5)
    invoked from within
"uplevel $contents_of_test"
------------------ testing $PTII/ptolemy/domains/de/test/auto/knownFailedTests/dependencyLoop.xml (Known Failure) 
18 ms. Memory: 129024K Free: 53702K (42%)


==== $PTIIhome/travis/build/icyphy/ptII/ptolemy/domains/de/test/../../../../: Auto Automatic test in file $PTII/ptolemy/domains/de/test/auto/knownFailedTests/dependencyLoop.xml
==== Contents of test case:

	    # FIXME: we should use $relativeFilename here, but it
	    # might have backslashes under Windows, which causes no end
	    # of trouble.
	    createAndExecute $file
	    list {}
	
.... Test generated KNOWN error:
    while executing
ptolemy.kernel.util.IllegalActionException: Found a zero delay loop containing .dependencyLoop.original
  in .dependencyLoop and .dependencyLoop.original
	at ptolemy.actor.util.CausalityInterfaceForComposites._computeOutputPortDepth(CausalityInterfaceForComposites.java:759)
	at ptolemy.actor.util.CausalityInterfaceForComposites._computeInputDepth(CausalityInterfaceForComposites.java:696)
	at ptolemy.actor.util.CausalityInterfaceForComposites._computeOutputPortDepth(CausalityInterfaceForComposites.java:765)
	at ptolemy.actor.util.CausalityInterfaceForComposites._computeInputDepth(CausalityInterfaceForComposites.java:696)
	at ptolemy.actor.util.CausalityInterfaceForComposites._computeOutputPortDepth(CausalityInterfaceForComposites.java:765)
	at ptolemy.actor.util.CausalityInterfaceForComposites._computeInputDepth(CausalityInterfaceForComposites.java:696)
	at ptolemy.actor.util.CausalityInterfaceForComposites._computeActorDepth(CausalityInterfaceForComposites.java:532)
	at ptolemy.actor.util.CausalityInterfaceForComposites.checkForCycles(CausalityInterfaceForComposites.java:96)
	at ptolemy.domains.de.kernel.DEDirector.preinitialize(DEDirector.java:1338)
	at ptolemy.actor.CompositeActor.preinitialize(CompositeActor.java:1828)
	at ptolemy.actor.Manager.preinitializeAndResolveTypes(Manager.java:1040)
	at ptolemy.actor.Manager.initialize(Manager.java:710)
	at ptolemy.actor.Manager.execute(Manager.java:356)
	at ptolemy.actor.Manager.run(Manager.java:1263)
	at ptolemy.actor.Manager$PtolemyRunThread.run(Manager.java:1933)

    while executing
ptolemy.kernel.util.IllegalActionException: Found a zero delay loop containing .dependencyLoop.original
  in .dependencyLoop and .dependencyLoop.original
    while executing
"java::new ptolemy.moml.MoMLSimpleApplication $file
"
    (procedure "createAndExecute" line 2)
    invoked from within
"createAndExecute $file"
    ("uplevel" body line 5)
    invoked from within
"uplevel $contents_of_test"
------------------ testing $PTII/ptolemy/domains/de/test/auto/knownFailedTests/FSMSource.xml (Known Failure) 
59 ms. Memory: 129024K Free: 111649K (87%)
!!!! Auto was marked as failing, but now passes
------------------ testing $PTII/ptolemy/domains/de/test/auto/knownFailedTests/HierarchicalModel.xml (Known Failure) 
5 ms. Memory: 129024K Free: 94209K (73%)


==== $PTIIhome/travis/build/icyphy/ptII/ptolemy/domains/de/test/../../../../: Auto Automatic test in file $PTII/ptolemy/domains/de/test/auto/knownFailedTests/HierarchicalModel.xml
==== Contents of test case:

	    # FIXME: we should use $relativeFilename here, but it
	    # might have backslashes under Windows, which causes no end
	    # of trouble.
	    createAndExecute $file
	    list {}
	
.... Test generated KNOWN error:
    while executing
ptolemy.kernel.util.IllegalActionException: Found a zero delay loop containing .HierarchicalModel.A
  in .HierarchicalModel and .HierarchicalModel.A
	at ptolemy.actor.util.CausalityInterfaceForComposites._computeOutputPortDepth(CausalityInterfaceForComposites.java:759)
	at ptolemy.actor.util.CausalityInterfaceForComposites._computeInputDepth(CausalityInterfaceForComposites.java:696)
	at ptolemy.actor.util.CausalityInterfaceForComposites._computeOutputPortDepth(CausalityInterfaceForComposites.java:765)
	at ptolemy.actor.util.CausalityInterfaceForComposites._computeInputDepth(CausalityInterfaceForComposites.java:696)
	at ptolemy.actor.util.CausalityInterfaceForComposites._computeOutputPortDepth(CausalityInterfaceForComposites.java:765)
	at ptolemy.actor.util.CausalityInterfaceForComposites._computeInputDepth(CausalityInterfaceForComposites.java:696)
	at ptolemy.actor.util.CausalityInterfaceForComposites._computeActorDepth(CausalityInterfaceForComposites.java:532)
	at ptolemy.actor.util.CausalityInterfaceForComposites.checkForCycles(CausalityInterfaceForComposites.java:96)
	at ptolemy.domains.de.kernel.DEDirector.preinitialize(DEDirector.java:1338)
	at ptolemy.actor.CompositeActor.preinitialize(CompositeActor.java:1828)
	at ptolemy.actor.Manager.preinitializeAndResolveTypes(Manager.java:1040)
	at ptolemy.actor.Manager.initialize(Manager.java:710)
	at ptolemy.actor.Manager.execute(Manager.java:356)
	at ptolemy.actor.Manager.run(Manager.java:1263)
	at ptolemy.actor.Manager$PtolemyRunThread.run(Manager.java:1933)

    while executing
ptolemy.kernel.util.IllegalActionException: Found a zero delay loop containing .HierarchicalModel.A
  in .HierarchicalModel and .HierarchicalModel.A
    while executing
"java::new ptolemy.moml.MoMLSimpleApplication $file
"
    (procedure "createAndExecute" line 2)
    invoked from within
"createAndExecute $file"
    ("uplevel" body line 5)
    invoked from within
"uplevel $contents_of_test"
------------------ testing $PTII/ptolemy/domains/de/test/auto/knownFailedTests/dependencyLoop2.xml (Known Failure) 
8 ms. Memory: 129024K Free: 77879K (60%)


==== $PTIIhome/travis/build/icyphy/ptII/ptolemy/domains/de/test/../../../../: Auto Automatic test in file $PTII/ptolemy/domains/de/test/auto/knownFailedTests/dependencyLoop2.xml
==== Contents of test case:

	    # FIXME: we should use $relativeFilename here, but it
	    # might have backslashes under Windows, which causes no end
	    # of trouble.
	    createAndExecute $file
	    list {}
	
.... Test generated KNOWN error:
    while executing
ptolemy.kernel.util.IllegalActionException: Found a zero delay loop containing .dependencyLoop2.original
  in .dependencyLoop2 and .dependencyLoop2.original
	at ptolemy.actor.util.CausalityInterfaceForComposites._computeOutputPortDepth(CausalityInterfaceForComposites.java:759)
	at ptolemy.actor.util.CausalityInterfaceForComposites._computeInputDepth(CausalityInterfaceForComposites.java:696)
	at ptolemy.actor.util.CausalityInterfaceForComposites._computeOutputPortDepth(CausalityInterfaceForComposites.java:765)
	at ptolemy.actor.util.CausalityInterfaceForComposites._computeInputDepth(CausalityInterfaceForComposites.java:696)
	at ptolemy.actor.util.CausalityInterfaceForComposites._computeOutputPortDepth(CausalityInterfaceForComposites.java:765)
	at ptolemy.actor.util.CausalityInterfaceForComposites._computeInputDepth(CausalityInterfaceForComposites.java:696)
	at ptolemy.actor.util.CausalityInterfaceForComposites._computeActorDepth(CausalityInterfaceForComposites.java:532)
	at ptolemy.actor.util.CausalityInterfaceForComposites.checkForCycles(CausalityInterfaceForComposites.java:96)
	at ptolemy.domains.de.kernel.DEDirector.preinitialize(DEDirector.java:1338)
	at ptolemy.actor.CompositeActor.preinitialize(CompositeActor.java:1828)
	at ptolemy.actor.Manager.preinitializeAndResolveTypes(Manager.java:1040)
	at ptolemy.actor.Manager.initialize(Manager.java:710)
	at ptolemy.actor.Manager.execute(Manager.java:356)
	at ptolemy.actor.Manager.run(Manager.java:1263)
	at ptolemy.actor.Manager$PtolemyRunThread.run(Manager.java:1933)

    while executing
ptolemy.kernel.util.IllegalActionException: Found a zero delay loop containing .dependencyLoop2.original
  in .dependencyLoop2 and .dependencyLoop2.original
    while executing
"java::new ptolemy.moml.MoMLSimpleApplication $file
"
    (procedure "createAndExecute" line 2)
    invoked from within
"createAndExecute $file"
    ("uplevel" body line 5)
    invoked from within
"uplevel $contents_of_test"
------------------ testing $PTII/ptolemy/domains/de/test/auto/knownFailedTests/DESDFClockTest.xml (Known Failure) 
2040 ms. Memory: 129024K Free: 108820K (84%)


==== $PTIIhome/travis/build/icyphy/ptII/ptolemy/domains/de/test/../../../../: Auto Automatic test in file $PTII/ptolemy/domains/de/test/auto/knownFailedTests/DESDFClockTest.xml
==== Contents of test case:

	    # FIXME: we should use $relativeFilename here, but it
	    # might have backslashes under Windows, which causes no end
	    # of trouble.
	    createAndExecute $file
	    list {}
	
.... Test generated KNOWN error:
    while executing
ptolemy.kernel.util.IllegalActionException: Actor is not ready to fire.  Perhaps UpSample.prefire() returned false? Try debugging the actor by selecting "Listen to Actor".  Also, for SDF check moml for tokenConsumptionRate on input.
  in .DESDFClockTest.Play Bell.Copy1:SDF Director and .DESDFClockTest.Play Bell.UpSample
	at ptolemy.actor.sched.StaticSchedulingDirector.fire(StaticSchedulingDirector.java:227)
	at ptolemy.domains.sdf.kernel.SDFDirector.fire(SDFDirector.java:500)
	at ptolemy.actor.CompositeActor.fire(CompositeActor.java:455)
	at ptolemy.domains.de.kernel.DEDirector._fire(DEDirector.java:1949)
	at ptolemy.domains.de.kernel.DEDirector.fire(DEDirector.java:502)
	at ptolemy.actor.CompositeActor.fire(CompositeActor.java:455)
	at ptolemy.actor.Manager.iterate(Manager.java:851)
	at ptolemy.actor.Manager.execute(Manager.java:369)
	at ptolemy.actor.Manager.run(Manager.java:1263)
	at ptolemy.actor.Manager$PtolemyRunThread.run(Manager.java:1933)

    while executing
ptolemy.kernel.util.IllegalActionException: Actor is not ready to fire.  Perhaps UpSample.prefire() returned false? Try debugging the actor by selecting "Listen to Actor".  Also, for SDF check moml for tokenConsumptionRate on input.
  in .DESDFClockTest.Play Bell.Copy1:SDF Director and .DESDFClockTest.Play Bell.UpSample
    while executing
"java::new ptolemy.moml.MoMLSimpleApplication $file
"
    (procedure "createAndExecute" line 2)
    invoked from within
"createAndExecute $file"
    ("uplevel" body line 5)
    invoked from within
"uplevel $contents_of_test"
------------------ testing $PTII/ptolemy/domains/de/test/auto/ActorDepthCalculation_actorWithoutPorts.xml
auto.tcl: Setting watchdog for 200 seconds at Thu Jan 02 06:34:23 UTC 2020
5 ms. Memory: 129024K Free: 101143K (78%)
ptolemy.util.test.WatchDog.cancel(): canceling Thu Jan 02 06:34:23 UTC 2020
auto.tcl: Setting watchdog for 200 seconds at Thu Jan 02 06:34:23 UTC 2020
4 ms. Memory: 129024K Free: 99599K (77%)
ptolemy.util.test.WatchDog.cancel(): canceling Thu Jan 02 06:34:23 UTC 2020
------------------ testing $PTII/ptolemy/domains/de/test/auto/AssemblyLine.xml
auto.tcl: Setting watchdog for 200 seconds at Thu Jan 02 06:34:24 UTC 2020
20 ms. Memory: 48128K Free: 25216K (52%)
ptolemy.util.test.WatchDog.cancel(): canceling Thu Jan 02 06:34:24 UTC 2020
auto.tcl: Setting watchdog for 200 seconds at Thu Jan 02 06:34:24 UTC 2020
6 ms. Memory: 48128K Free: 24783K (51%)
ptolemy.util.test.WatchDog.cancel(): canceling Thu Jan 02 06:34:24 UTC 2020
------------------ testing $PTII/ptolemy/domains/de/test/auto/CQBug1.xml
auto.tcl: Setting watchdog for 200 seconds at Thu Jan 02 06:34:24 UTC 2020
2 ms. Memory: 45056K Free: 28511K (63%)
ptolemy.util.test.WatchDog.cancel(): canceling Thu Jan 02 06:34:24 UTC 2020
auto.tcl: Setting watchdog for 200 seconds at Thu Jan 02 06:34:24 UTC 2020
2 ms. Memory: 45056K Free: 28083K (62%)
ptolemy.util.test.WatchDog.cancel(): canceling Thu Jan 02 06:34:24 UTC 2020
------------------ testing $PTII/ptolemy/domains/de/test/auto/CancelFireAt.xml
auto.tcl: Setting watchdog for 200 seconds at Thu Jan 02 06:34:24 UTC 2020
3 ms. Memory: 45056K Free: 29672K (66%)
ptolemy.util.test.WatchDog.cancel(): canceling Thu Jan 02 06:34:24 UTC 2020
auto.tcl: Setting watchdog for 200 seconds at Thu Jan 02 06:34:24 UTC 2020
2 ms. Memory: 45056K Free: 29267K (65%)
ptolemy.util.test.WatchDog.cancel(): canceling Thu Jan 02 06:34:24 UTC 2020
------------------ testing $PTII/ptolemy/domains/de/test/auto/CausalityAndComposabilityAnalysis.xml
auto.tcl: Setting watchdog for 200 seconds at Thu Jan 02 06:34:24 UTC 2020
8 ms. Memory: 45056K Free: 27443K (61%)
ptolemy.util.test.WatchDog.cancel(): canceling Thu Jan 02 06:34:24 UTC 2020
auto.tcl: Setting watchdog for 200 seconds at Thu Jan 02 06:34:24 UTC 2020
5 ms. Memory: 45056K Free: 27064K (60%)
ptolemy.util.test.WatchDog.cancel(): canceling Thu Jan 02 06:34:24 UTC 2020
------------------ testing $PTII/ptolemy/domains/de/test/auto/CausalityInterface1.xml
auto.tcl: Setting watchdog for 200 seconds at Thu Jan 02 06:34:24 UTC 2020
30 ms. Memory: 45056K Free: 26395K (59%)
ptolemy.util.test.WatchDog.cancel(): canceling Thu Jan 02 06:34:24 UTC 2020
auto.tcl: Setting watchdog for 200 seconds at Thu Jan 02 06:34:24 UTC 2020
4 ms. Memory: 45056K Free: 25424K (56%)
ptolemy.util.test.WatchDog.cancel(): canceling Thu Jan 02 06:34:24 UTC 2020
------------------ testing $PTII/ptolemy/domains/de/test/auto/CausalityInterface15.xml
auto.tcl: Setting watchdog for 200 seconds at Thu Jan 02 06:34:24 UTC 2020
9 ms. Memory: 45056K Free: 26011K (58%)
ptolemy.util.test.WatchDog.cancel(): canceling Thu Jan 02 06:34:24 UTC 2020
auto.tcl: Setting watchdog for 200 seconds at Thu Jan 02 06:34:24 UTC 2020
6 ms. Memory: 45056K Free: 25374K (56%)
ptolemy.util.test.WatchDog.cancel(): canceling Thu Jan 02 06:34:24 UTC 2020
------------------ testing $PTII/ptolemy/domains/de/test/auto/CausalityInterface2.xml
auto.tcl: Setting watchdog for 200 seconds at Thu Jan 02 06:34:24 UTC 2020
5 ms. Memory: 45056K Free: 27100K (60%)
ptolemy.util.test.WatchDog.cancel(): canceling Thu Jan 02 06:34:24 UTC 2020
auto.tcl: Setting watchdog for 200 seconds at Thu Jan 02 06:34:24 UTC 2020
9 ms. Memory: 45056K Free: 26358K (59%)
ptolemy.util.test.WatchDog.cancel(): canceling Thu Jan 02 06:34:24 UTC 2020
------------------ testing $PTII/ptolemy/domains/de/test/auto/CausalityInterface3.xml
auto.tcl: Setting watchdog for 200 seconds at Thu Jan 02 06:34:24 UTC 2020
5 ms. Memory: 45056K Free: 26562K (59%)
ptolemy.util.test.WatchDog.cancel(): canceling Thu Jan 02 06:34:24 UTC 2020
auto.tcl: Setting watchdog for 200 seconds at Thu Jan 02 06:34:24 UTC 2020
3 ms. Memory: 45056K Free: 25765K (57%)
ptolemy.util.test.WatchDog.cancel(): canceling Thu Jan 02 06:34:24 UTC 2020
------------------ testing $PTII/ptolemy/domains/de/test/auto/ClockDrift.xml
auto.tcl: Setting watchdog for 200 seconds at Thu Jan 02 06:34:25 UTC 2020
63 ms. Memory: 45056K Free: 19176K (43%)
ptolemy.util.test.WatchDog.cancel(): canceling Thu Jan 02 06:34:25 UTC 2020
auto.tcl: Setting watchdog for 200 seconds at Thu Jan 02 06:34:25 UTC 2020
37 ms. Memory: 45056K Free: 16155K (36%)
ptolemy.util.test.WatchDog.cancel(): canceling Thu Jan 02 06:34:25 UTC 2020
------------------ testing $PTII/ptolemy/domains/de/test/auto/ClockDriftAndValueChange.xml
auto.tcl: Setting watchdog for 200 seconds at Thu Jan 02 06:34:25 UTC 2020
26 ms. Memory: 45056K Free: 19234K (43%)
ptolemy.util.test.WatchDog.cancel(): canceling Thu Jan 02 06:34:25 UTC 2020
auto.tcl: Setting watchdog for 200 seconds at Thu Jan 02 06:34:25 UTC 2020
24 ms. Memory: 45056K Free: 16379K (36%)
ptolemy.util.test.WatchDog.cancel(): canceling Thu Jan 02 06:34:25 UTC 2020
------------------ testing $PTII/ptolemy/domains/de/test/auto/ClockDriftChange.xml
auto.tcl: Setting watchdog for 200 seconds at Thu Jan 02 06:34:25 UTC 2020
18 ms. Memory: 45056K Free: 21276K (47%)
ptolemy.util.test.WatchDog.cancel(): canceling Thu Jan 02 06:34:25 UTC 2020
auto.tcl: Setting watchdog for 200 seconds at Thu Jan 02 06:34:25 UTC 2020
19 ms. Memory: 45056K Free: 18421K (41%)
ptolemy.util.test.WatchDog.cancel(): canceling Thu Jan 02 06:34:25 UTC 2020
------------------ testing $PTII/ptolemy/domains/de/test/auto/ComposableCausalityAnalysis.xml
auto.tcl: Setting watchdog for 200 seconds at Thu Jan 02 06:34:25 UTC 2020
2 ms. Memory: 45056K Free: 25902K (57%)
ptolemy.util.test.WatchDog.cancel(): canceling Thu Jan 02 06:34:25 UTC 2020
auto.tcl: Setting watchdog for 200 seconds at Thu Jan 02 06:34:25 UTC 2020
2 ms. Memory: 45056K Free: 24863K (55%)
ptolemy.util.test.WatchDog.cancel(): canceling Thu Jan 02 06:34:25 UTC 2020
------------------ testing $PTII/ptolemy/domains/de/test/auto/DEFixedPointLimitation.xml
auto.tcl: Setting watchdog for 200 seconds at Thu Jan 02 06:34:25 UTC 2020
2 ms. Memory: 45056K Free: 27240K (60%)
ptolemy.util.test.WatchDog.cancel(): canceling Thu Jan 02 06:34:25 UTC 2020
auto.tcl: Setting watchdog for 200 seconds at Thu Jan 02 06:34:25 UTC 2020
1 ms. Memory: 45056K Free: 26344K (58%)
ptolemy.util.test.WatchDog.cancel(): canceling Thu Jan 02 06:34:25 UTC 2020
------------------ testing $PTII/ptolemy/domains/de/test/auto/DEScheduleTest.xml
auto.tcl: Setting watchdog for 200 seconds at Thu Jan 02 06:34:25 UTC 2020
5 ms. Memory: 45056K Free: 27518K (61%)
ptolemy.util.test.WatchDog.cancel(): canceling Thu Jan 02 06:34:25 UTC 2020
auto.tcl: Setting watchdog for 200 seconds at Thu Jan 02 06:34:25 UTC 2020
5 ms. Memory: 45056K Free: 26765K (59%)
ptolemy.util.test.WatchDog.cancel(): canceling Thu Jan 02 06:34:25 UTC 2020
------------------ testing $PTII/ptolemy/domains/de/test/auto/DEinDEwithStartTimes.xml
auto.tcl: Setting watchdog for 200 seconds at Thu Jan 02 06:34:25 UTC 2020
4 ms. Memory: 45056K Free: 25727K (57%)
ptolemy.util.test.WatchDog.cancel(): canceling Thu Jan 02 06:34:25 UTC 2020
auto.tcl: Setting watchdog for 200 seconds at Thu Jan 02 06:34:25 UTC 2020
3 ms. Memory: 45056K Free: 24668K (55%)
ptolemy.util.test.WatchDog.cancel(): canceling Thu Jan 02 06:34:25 UTC 2020
------------------ testing $PTII/ptolemy/domains/de/test/auto/DEinDEwithStartTimes2.xml
auto.tcl: Setting watchdog for 200 seconds at Thu Jan 02 06:34:25 UTC 2020
7 ms. Memory: 45056K Free: 24973K (55%)
ptolemy.util.test.WatchDog.cancel(): canceling Thu Jan 02 06:34:25 UTC 2020
auto.tcl: Setting watchdog for 200 seconds at Thu Jan 02 06:34:25 UTC 2020
4 ms. Memory: 45056K Free: 23621K (52%)
ptolemy.util.test.WatchDog.cancel(): canceling Thu Jan 02 06:34:25 UTC 2020
------------------ testing $PTII/ptolemy/domains/de/test/auto/DateDemo.xml
auto.tcl: Setting watchdog for 200 seconds at Thu Jan 02 06:34:25 UTC 2020
22 ms. Memory: 45056K Free: 19283K (43%)
ptolemy.util.test.WatchDog.cancel(): canceling Thu Jan 02 06:34:25 UTC 2020
auto.tcl: Setting watchdog for 200 seconds at Thu Jan 02 06:34:25 UTC 2020
6 ms. Memory: 45056K Free: 17742K (39%)
ptolemy.util.test.WatchDog.cancel(): canceling Thu Jan 02 06:34:25 UTC 2020
------------------ testing $PTII/ptolemy/domains/de/test/auto/DateToEvent.xml
auto.tcl: Setting watchdog for 200 seconds at Thu Jan 02 06:34:25 UTC 2020
2012 ms. Memory: 45056K Free: 15182K (34%)
ptolemy.util.test.WatchDog.cancel(): canceling Thu Jan 02 06:34:27 UTC 2020
auto.tcl: Setting watchdog for 200 seconds at Thu Jan 02 06:34:27 UTC 2020
2004 ms. Memory: 45056K Free: 14475K (32%)
ptolemy.util.test.WatchDog.cancel(): canceling Thu Jan 02 06:34:29 UTC 2020
------------------ testing $PTII/ptolemy/domains/de/test/auto/DepthTest1.xml
auto.tcl: Setting watchdog for 200 seconds at Thu Jan 02 06:34:30 UTC 2020
2 ms. Memory: 45056K Free: 28011K (62%)
ptolemy.util.test.WatchDog.cancel(): canceling Thu Jan 02 06:34:30 UTC 2020
auto.tcl: Setting watchdog for 200 seconds at Thu Jan 02 06:34:30 UTC 2020
2 ms. Memory: 45056K Free: 27632K (61%)
ptolemy.util.test.WatchDog.cancel(): canceling Thu Jan 02 06:34:30 UTC 2020
------------------ testing $PTII/ptolemy/domains/de/test/auto/DepthTest2.xml
auto.tcl: Setting watchdog for 200 seconds at Thu Jan 02 06:34:30 UTC 2020
4 ms. Memory: 45056K Free: 24883K (55%)
ptolemy.util.test.WatchDog.cancel(): canceling Thu Jan 02 06:34:30 UTC 2020
auto.tcl: Setting watchdog for 200 seconds at Thu Jan 02 06:34:30 UTC 2020
2 ms. Memory: 45056K Free: 24335K (54%)
ptolemy.util.test.WatchDog.cancel(): canceling Thu Jan 02 06:34:30 UTC 2020
------------------ testing $PTII/ptolemy/domains/de/test/auto/DepthTest3.xml
auto.tcl: Setting watchdog for 200 seconds at Thu Jan 02 06:34:30 UTC 2020
2 ms. Memory: 45056K Free: 28493K (63%)
ptolemy.util.test.WatchDog.cancel(): canceling Thu Jan 02 06:34:30 UTC 2020
auto.tcl: Setting watchdog for 200 seconds at Thu Jan 02 06:34:30 UTC 2020
2 ms. Memory: 45056K Free: 27934K (62%)
ptolemy.util.test.WatchDog.cancel(): canceling Thu Jan 02 06:34:30 UTC 2020
------------------ testing $PTII/ptolemy/domains/de/test/auto/DepthTest4.xml
auto.tcl: Setting watchdog for 200 seconds at Thu Jan 02 06:34:30 UTC 2020
5 ms. Memory: 45056K Free: 26748K (59%)
ptolemy.util.test.WatchDog.cancel(): canceling Thu Jan 02 06:34:30 UTC 2020
auto.tcl: Setting watchdog for 200 seconds at Thu Jan 02 06:34:30 UTC 2020
2 ms. Memory: 45056K Free: 25986K (58%)
ptolemy.util.test.WatchDog.cancel(): canceling Thu Jan 02 06:34:30 UTC 2020
------------------ testing $PTII/ptolemy/domains/de/test/auto/DepthTest5.xml
auto.tcl: Setting watchdog for 200 seconds at Thu Jan 02 06:34:30 UTC 2020
3 ms. Memory: 45056K Free: 25865K (57%)
ptolemy.util.test.WatchDog.cancel(): canceling Thu Jan 02 06:34:30 UTC 2020
auto.tcl: Setting watchdog for 200 seconds at Thu Jan 02 06:34:30 UTC 2020
2 ms. Memory: 45056K Free: 25299K (56%)
ptolemy.util.test.WatchDog.cancel(): canceling Thu Jan 02 06:34:30 UTC 2020
------------------ testing $PTII/ptolemy/domains/de/test/auto/DepthTest6.xml
auto.tcl: Setting watchdog for 200 seconds at Thu Jan 02 06:34:30 UTC 2020
3 ms. Memory: 45056K Free: 25844K (57%)
ptolemy.util.test.WatchDog.cancel(): canceling Thu Jan 02 06:34:30 UTC 2020
auto.tcl: Setting watchdog for 200 seconds at Thu Jan 02 06:34:30 UTC 2020
2 ms. Memory: 45056K Free: 25277K (56%)
ptolemy.util.test.WatchDog.cancel(): canceling Thu Jan 02 06:34:30 UTC 2020
------------------ testing $PTII/ptolemy/domains/de/test/auto/DepthTest7.xml
auto.tcl: Setting watchdog for 200 seconds at Thu Jan 02 06:34:30 UTC 2020
2 ms. Memory: 45056K Free: 26674K (59%)
ptolemy.util.test.WatchDog.cancel(): canceling Thu Jan 02 06:34:30 UTC 2020
auto.tcl: Setting watchdog for 200 seconds at Thu Jan 02 06:34:30 UTC 2020
2 ms. Memory: 45056K Free: 25933K (58%)
ptolemy.util.test.WatchDog.cancel(): canceling Thu Jan 02 06:34:30 UTC 2020
------------------ testing $PTII/ptolemy/domains/de/test/auto/EventToDate.xml
auto.tcl: Setting watchdog for 200 seconds at Thu Jan 02 06:34:30 UTC 2020
3007 ms. Memory: 45056K Free: 17495K (39%)
ptolemy.util.test.WatchDog.cancel(): canceling Thu Jan 02 06:34:33 UTC 2020
auto.tcl: Setting watchdog for 200 seconds at Thu Jan 02 06:34:33 UTC 2020
3003 ms. Memory: 45056K Free: 16754K (37%)
ptolemy.util.test.WatchDog.cancel(): canceling Thu Jan 02 06:34:36 UTC 2020
------------------ testing $PTII/ptolemy/domains/de/test/auto/FSM1.xml
auto.tcl: Setting watchdog for 200 seconds at Thu Jan 02 06:34:36 UTC 2020
26 ms. Memory: 45056K Free: 18635K (41%)
ptolemy.util.test.WatchDog.cancel(): canceling Thu Jan 02 06:34:36 UTC 2020
auto.tcl: Setting watchdog for 200 seconds at Thu Jan 02 06:34:36 UTC 2020
17 ms. Memory: 45056K Free: 15385K (34%)
ptolemy.util.test.WatchDog.cancel(): canceling Thu Jan 02 06:34:36 UTC 2020
------------------ testing $PTII/ptolemy/domains/de/test/auto/FSM7.xml
auto.tcl: Setting watchdog for 200 seconds at Thu Jan 02 06:34:36 UTC 2020
22 ms. Memory: 45056K Free: 18381K (41%)
ptolemy.util.test.WatchDog.cancel(): canceling Thu Jan 02 06:34:36 UTC 2020
auto.tcl: Setting watchdog for 200 seconds at Thu Jan 02 06:34:36 UTC 2020
19 ms. Memory: 45056K Free: 14948K (33%)
ptolemy.util.test.WatchDog.cancel(): canceling Thu Jan 02 06:34:36 UTC 2020
------------------ testing $PTII/ptolemy/domains/de/test/auto/Inspection.xml
auto.tcl: Setting watchdog for 200 seconds at Thu Jan 02 06:34:36 UTC 2020
30 ms. Memory: 45056K Free: 18414K (41%)
ptolemy.util.test.WatchDog.cancel(): canceling Thu Jan 02 06:34:36 UTC 2020
auto.tcl: Setting watchdog for 200 seconds at Thu Jan 02 06:34:36 UTC 2020
19 ms. Memory: 45056K Free: 16649K (37%)
ptolemy.util.test.WatchDog.cancel(): canceling Thu Jan 02 06:34:36 UTC 2020
------------------ testing $PTII/ptolemy/domains/de/test/auto/Iteration.xml
auto.tcl: Setting watchdog for 200 seconds at Thu Jan 02 06:34:36 UTC 2020
8 ms. Memory: 45056K Free: 24077K (53%)
ptolemy.util.test.WatchDog.cancel(): canceling Thu Jan 02 06:34:36 UTC 2020
auto.tcl: Setting watchdog for 200 seconds at Thu Jan 02 06:34:36 UTC 2020
6 ms. Memory: 45056K Free: 22688K (50%)
ptolemy.util.test.WatchDog.cancel(): canceling Thu Jan 02 06:34:36 UTC 2020
------------------ testing $PTII/ptolemy/domains/de/test/auto/LineFault.xml
auto.tcl: Setting watchdog for 200 seconds at Thu Jan 02 06:34:36 UTC 2020
564 ms. Memory: 45056K Free: 24687K (55%)
ptolemy.util.test.WatchDog.cancel(): canceling Thu Jan 02 06:34:37 UTC 2020
auto.tcl: Setting watchdog for 200 seconds at Thu Jan 02 06:34:37 UTC 2020
556 ms. Memory: 55296K Free: 18510K (33%)
ptolemy.util.test.WatchDog.cancel(): canceling Thu Jan 02 06:34:38 UTC 2020
------------------ testing $PTII/ptolemy/domains/de/test/auto/MergeModel1Add.xml
auto.tcl: Setting watchdog for 200 seconds at Thu Jan 02 06:34:38 UTC 2020
15 ms. Memory: 55296K Free: 20312K (37%)
ptolemy.util.test.WatchDog.cancel(): canceling Thu Jan 02 06:34:38 UTC 2020
auto.tcl: Setting watchdog for 200 seconds at Thu Jan 02 06:34:38 UTC 2020
14 ms. Memory: 55296K Free: 18722K (34%)
ptolemy.util.test.WatchDog.cancel(): canceling Thu Jan 02 06:34:38 UTC 2020
------------------ testing $PTII/ptolemy/domains/de/test/auto/MergeModel2Add.xml
auto.tcl: Setting watchdog for 200 seconds at Thu Jan 02 06:34:38 UTC 2020
11 ms. Memory: 48128K Free: 14981K (31%)
ptolemy.util.test.WatchDog.cancel(): canceling Thu Jan 02 06:34:38 UTC 2020
auto.tcl: Setting watchdog for 200 seconds at Thu Jan 02 06:34:38 UTC 2020
10 ms. Memory: 48128K Free: 13276K (28%)
ptolemy.util.test.WatchDog.cancel(): canceling Thu Jan 02 06:34:38 UTC 2020
------------------ testing $PTII/ptolemy/domains/de/test/auto/MergeModel3Add.xml
auto.tcl: Setting watchdog for 200 seconds at Thu Jan 02 06:34:38 UTC 2020
8 ms. Memory: 48128K Free: 15255K (32%)
ptolemy.util.test.WatchDog.cancel(): canceling Thu Jan 02 06:34:38 UTC 2020
auto.tcl: Setting watchdog for 200 seconds at Thu Jan 02 06:34:38 UTC 2020
8 ms. Memory: 48128K Free: 13661K (28%)
ptolemy.util.test.WatchDog.cancel(): canceling Thu Jan 02 06:34:38 UTC 2020
------------------ testing $PTII/ptolemy/domains/de/test/auto/MergeWithoutDiscard.xml
auto.tcl: Setting watchdog for 200 seconds at Thu Jan 02 06:34:38 UTC 2020
3 ms. Memory: 48128K Free: 29732K (62%)
ptolemy.util.test.WatchDog.cancel(): canceling Thu Jan 02 06:34:38 UTC 2020
auto.tcl: Setting watchdog for 200 seconds at Thu Jan 02 06:34:38 UTC 2020
1 ms. Memory: 48128K Free: 29356K (61%)
ptolemy.util.test.WatchDog.cancel(): canceling Thu Jan 02 06:34:38 UTC 2020
------------------ testing $PTII/ptolemy/domains/de/test/auto/Modal1.xml
auto.tcl: Setting watchdog for 200 seconds at Thu Jan 02 06:34:38 UTC 2020
12 ms. Memory: 48128K Free: 21715K (45%)
ptolemy.util.test.WatchDog.cancel(): canceling Thu Jan 02 06:34:38 UTC 2020
auto.tcl: Setting watchdog for 200 seconds at Thu Jan 02 06:34:38 UTC 2020
12 ms. Memory: 48128K Free: 18326K (38%)
ptolemy.util.test.WatchDog.cancel(): canceling Thu Jan 02 06:34:38 UTC 2020
------------------ testing $PTII/ptolemy/domains/de/test/auto/Modal2.xml
auto.tcl: Setting watchdog for 200 seconds at Thu Jan 02 06:34:38 UTC 2020
19 ms. Memory: 48128K Free: 21800K (45%)
ptolemy.util.test.WatchDog.cancel(): canceling Thu Jan 02 06:34:38 UTC 2020
auto.tcl: Setting watchdog for 200 seconds at Thu Jan 02 06:34:38 UTC 2020
18 ms. Memory: 48128K Free: 18606K (39%)
ptolemy.util.test.WatchDog.cancel(): canceling Thu Jan 02 06:34:38 UTC 2020
------------------ testing $PTII/ptolemy/domains/de/test/auto/Modal3.xml
auto.tcl: Setting watchdog for 200 seconds at Thu Jan 02 06:34:38 UTC 2020
11 ms. Memory: 48128K Free: 21783K (45%)
ptolemy.util.test.WatchDog.cancel(): canceling Thu Jan 02 06:34:39 UTC 2020
auto.tcl: Setting watchdog for 200 seconds at Thu Jan 02 06:34:39 UTC 2020
11 ms. Memory: 48128K Free: 18225K (38%)
ptolemy.util.test.WatchDog.cancel(): canceling Thu Jan 02 06:34:39 UTC 2020
------------------ testing $PTII/ptolemy/domains/de/test/auto/Modal4.xml
auto.tcl: Setting watchdog for 200 seconds at Thu Jan 02 06:34:39 UTC 2020
14 ms. Memory: 48128K Free: 20763K (43%)
ptolemy.util.test.WatchDog.cancel(): canceling Thu Jan 02 06:34:39 UTC 2020
auto.tcl: Setting watchdog for 200 seconds at Thu Jan 02 06:34:39 UTC 2020
14 ms. Memory: 48128K Free: 16915K (35%)
ptolemy.util.test.WatchDog.cancel(): canceling Thu Jan 02 06:34:39 UTC 2020
------------------ testing $PTII/ptolemy/domains/de/test/auto/Modal5.xml
auto.tcl: Setting watchdog for 200 seconds at Thu Jan 02 06:34:39 UTC 2020
15 ms. Memory: 48128K Free: 20750K (43%)
ptolemy.util.test.WatchDog.cancel(): canceling Thu Jan 02 06:34:39 UTC 2020
auto.tcl: Setting watchdog for 200 seconds at Thu Jan 02 06:34:39 UTC 2020
15 ms. Memory: 48128K Free: 16911K (35%)
ptolemy.util.test.WatchDog.cancel(): canceling Thu Jan 02 06:34:39 UTC 2020
------------------ testing $PTII/ptolemy/domains/de/test/auto/Modal6.xml
auto.tcl: Setting watchdog for 200 seconds at Thu Jan 02 06:34:39 UTC 2020
17 ms. Memory: 48128K Free: 21555K (45%)
ptolemy.util.test.WatchDog.cancel(): canceling Thu Jan 02 06:34:39 UTC 2020
auto.tcl: Setting watchdog for 200 seconds at Thu Jan 02 06:34:39 UTC 2020
15 ms. Memory: 48128K Free: 17581K (37%)
ptolemy.util.test.WatchDog.cancel(): canceling Thu Jan 02 06:34:39 UTC 2020
------------------ testing $PTII/ptolemy/domains/de/test/auto/Modal7.xml
auto.tcl: Setting watchdog for 200 seconds at Thu Jan 02 06:34:39 UTC 2020
16 ms. Memory: 48128K Free: 20556K (43%)
ptolemy.util.test.WatchDog.cancel(): canceling Thu Jan 02 06:34:39 UTC 2020
auto.tcl: Setting watchdog for 200 seconds at Thu Jan 02 06:34:39 UTC 2020
12 ms. Memory: 48128K Free: 16908K (35%)
ptolemy.util.test.WatchDog.cancel(): canceling Thu Jan 02 06:34:39 UTC 2020
------------------ testing $PTII/ptolemy/domains/de/test/auto/ModalModel.xml
auto.tcl: Setting watchdog for 200 seconds at Thu Jan 02 06:34:39 UTC 2020
255 ms. Memory: 63488K Free: 43306K (68%)
ptolemy.util.test.WatchDog.cancel(): canceling Thu Jan 02 06:34:39 UTC 2020
auto.tcl: Setting watchdog for 200 seconds at Thu Jan 02 06:34:39 UTC 2020
218 ms. Memory: 63488K Free: 41606K (66%)
ptolemy.util.test.WatchDog.cancel(): canceling Thu Jan 02 06:34:40 UTC 2020
------------------ testing $PTII/ptolemy/domains/de/test/auto/ModalSource.xml
auto.tcl: Setting watchdog for 200 seconds at Thu Jan 02 06:34:40 UTC 2020
6 ms. Memory: 55296K Free: 32710K (59%)
ptolemy.util.test.WatchDog.cancel(): canceling Thu Jan 02 06:34:40 UTC 2020
auto.tcl: Setting watchdog for 200 seconds at Thu Jan 02 06:34:40 UTC 2020
5 ms. Memory: 55296K Free: 30777K (56%)
ptolemy.util.test.WatchDog.cancel(): canceling Thu Jan 02 06:34:40 UTC 2020
------------------ testing $PTII/ptolemy/domains/de/test/auto/NonInterruptibleTimerZeroDelay.xml
auto.tcl: Setting watchdog for 200 seconds at Thu Jan 02 06:34:40 UTC 2020
3 ms. Memory: 51200K Free: 33588K (66%)
ptolemy.util.test.WatchDog.cancel(): canceling Thu Jan 02 06:34:40 UTC 2020
auto.tcl: Setting watchdog for 200 seconds at Thu Jan 02 06:34:40 UTC 2020
2 ms. Memory: 51200K Free: 32935K (64%)
ptolemy.util.test.WatchDog.cancel(): canceling Thu Jan 02 06:34:40 UTC 2020
------------------ testing $PTII/ptolemy/domains/de/test/auto/OpenQueueingNetwork.xml
auto.tcl: Setting watchdog for 200 seconds at Thu Jan 02 06:34:40 UTC 2020
2845 ms. Memory: 126976K Free: 54113K (43%)
ptolemy.util.test.WatchDog.cancel(): canceling Thu Jan 02 06:34:43 UTC 2020
auto.tcl: Setting watchdog for 200 seconds at Thu Jan 02 06:34:43 UTC 2020
2201 ms. Memory: 152576K Free: 98238K (64%)
ptolemy.util.test.WatchDog.cancel(): canceling Thu Jan 02 06:34:45 UTC 2020
------------------ testing $PTII/ptolemy/domains/de/test/auto/OpenQueuingNetwork.xml
auto.tcl: Setting watchdog for 200 seconds at Thu Jan 02 06:34:45 UTC 2020
266 ms. Memory: 55296K Free: 26262K (47%)
ptolemy.util.test.WatchDog.cancel(): canceling Thu Jan 02 06:34:45 UTC 2020
auto.tcl: Setting watchdog for 200 seconds at Thu Jan 02 06:34:45 UTC 2020
311 ms. Memory: 66560K Free: 47519K (71%)
ptolemy.util.test.WatchDog.cancel(): canceling Thu Jan 02 06:34:46 UTC 2020
------------------ testing $PTII/ptolemy/domains/de/test/auto/PeriodicSampler.xml
auto.tcl: Setting watchdog for 200 seconds at Thu Jan 02 06:34:46 UTC 2020
3 ms. Memory: 51200K Free: 32776K (64%)
ptolemy.util.test.WatchDog.cancel(): canceling Thu Jan 02 06:34:46 UTC 2020
auto.tcl: Setting watchdog for 200 seconds at Thu Jan 02 06:34:46 UTC 2020
2 ms. Memory: 51200K Free: 32284K (63%)
ptolemy.util.test.WatchDog.cancel(): canceling Thu Jan 02 06:34:46 UTC 2020
------------------ testing $PTII/ptolemy/domains/de/test/auto/PersistentIO.xml
auto.tcl: Setting watchdog for 200 seconds at Thu Jan 02 06:34:46 UTC 2020
15 ms. Memory: 51200K Free: 27925K (55%)
ptolemy.util.test.WatchDog.cancel(): canceling Thu Jan 02 06:34:46 UTC 2020
auto.tcl: Setting watchdog for 200 seconds at Thu Jan 02 06:34:46 UTC 2020
4 ms. Memory: 51200K Free: 26697K (52%)
ptolemy.util.test.WatchDog.cancel(): canceling Thu Jan 02 06:34:46 UTC 2020
------------------ testing $PTII/ptolemy/domains/de/test/auto/PortParameterResetOnInitialize.xml
auto.tcl: Setting watchdog for 200 seconds at Thu Jan 02 06:34:46 UTC 2020
7 ms. Memory: 51200K Free: 32908K (64%)
ptolemy.util.test.WatchDog.cancel(): canceling Thu Jan 02 06:34:46 UTC 2020
auto.tcl: Setting watchdog for 200 seconds at Thu Jan 02 06:34:46 UTC 2020
2 ms. Memory: 51200K Free: 32417K (63%)
ptolemy.util.test.WatchDog.cancel(): canceling Thu Jan 02 06:34:46 UTC 2020
------------------ testing $PTII/ptolemy/domains/de/test/auto/PortParameterUpdates.xml
auto.tcl: Setting watchdog for 200 seconds at Thu Jan 02 06:34:46 UTC 2020
4 ms. Memory: 48128K Free: 27924K (58%)
ptolemy.util.test.WatchDog.cancel(): canceling Thu Jan 02 06:34:46 UTC 2020
auto.tcl: Setting watchdog for 200 seconds at Thu Jan 02 06:34:46 UTC 2020
5 ms. Memory: 48128K Free: 26688K (55%)
ptolemy.util.test.WatchDog.cancel(): canceling Thu Jan 02 06:34:46 UTC 2020
------------------ testing $PTII/ptolemy/domains/de/test/auto/QueueAndServer.xml
auto.tcl: Setting watchdog for 200 seconds at Thu Jan 02 06:34:46 UTC 2020
11 ms. Memory: 48128K Free: 26630K (55%)
ptolemy.util.test.WatchDog.cancel(): canceling Thu Jan 02 06:34:46 UTC 2020
auto.tcl: Setting watchdog for 200 seconds at Thu Jan 02 06:34:46 UTC 2020
7 ms. Memory: 48128K Free: 25206K (52%)
ptolemy.util.test.WatchDog.cancel(): canceling Thu Jan 02 06:34:46 UTC 2020
------------------ testing $PTII/ptolemy/domains/de/test/auto/Records.xml
auto.tcl: Setting watchdog for 200 seconds at Thu Jan 02 06:34:46 UTC 2020
4 ms. Memory: 48128K Free: 29172K (61%)
ptolemy.util.test.WatchDog.cancel(): canceling Thu Jan 02 06:34:46 UTC 2020
auto.tcl: Setting watchdog for 200 seconds at Thu Jan 02 06:34:46 UTC 2020
2 ms. Memory: 48128K Free: 28653K (60%)
ptolemy.util.test.WatchDog.cancel(): canceling Thu Jan 02 06:34:46 UTC 2020
------------------ testing $PTII/ptolemy/domains/de/test/auto/ResetTransitionWithStartTime1.xml
auto.tcl: Setting watchdog for 200 seconds at Thu Jan 02 06:34:46 UTC 2020
13 ms. Memory: 48128K Free: 26112K (54%)
ptolemy.util.test.WatchDog.cancel(): canceling Thu Jan 02 06:34:46 UTC 2020
auto.tcl: Setting watchdog for 200 seconds at Thu Jan 02 06:34:46 UTC 2020
8 ms. Memory: 48128K Free: 23607K (49%)
ptolemy.util.test.WatchDog.cancel(): canceling Thu Jan 02 06:34:46 UTC 2020
------------------ testing $PTII/ptolemy/domains/de/test/auto/ResetTransitionWithStartTime2.xml
auto.tcl: Setting watchdog for 200 seconds at Thu Jan 02 06:34:46 UTC 2020
5 ms. Memory: 48128K Free: 26068K (54%)
ptolemy.util.test.WatchDog.cancel(): canceling Thu Jan 02 06:34:46 UTC 2020
auto.tcl: Setting watchdog for 200 seconds at Thu Jan 02 06:34:46 UTC 2020
5 ms. Memory: 48128K Free: 24018K (50%)
ptolemy.util.test.WatchDog.cancel(): canceling Thu Jan 02 06:34:46 UTC 2020
------------------ testing $PTII/ptolemy/domains/de/test/auto/ResetTransitionWithStartTime3.xml
auto.tcl: Setting watchdog for 200 seconds at Thu Jan 02 06:34:46 UTC 2020
11 ms. Memory: 48128K Free: 26066K (54%)
ptolemy.util.test.WatchDog.cancel(): canceling Thu Jan 02 06:34:46 UTC 2020
auto.tcl: Setting watchdog for 200 seconds at Thu Jan 02 06:34:46 UTC 2020
7 ms. Memory: 48128K Free: 23561K (49%)
ptolemy.util.test.WatchDog.cancel(): canceling Thu Jan 02 06:34:46 UTC 2020
------------------ testing $PTII/ptolemy/domains/de/test/auto/ResetTransitionWithStartTime4.xml
auto.tcl: Setting watchdog for 200 seconds at Thu Jan 02 06:34:46 UTC 2020
9 ms. Memory: 48128K Free: 26500K (55%)
ptolemy.util.test.WatchDog.cancel(): canceling Thu Jan 02 06:34:46 UTC 2020
auto.tcl: Setting watchdog for 200 seconds at Thu Jan 02 06:34:46 UTC 2020
4 ms. Memory: 48128K Free: 25099K (52%)
ptolemy.util.test.WatchDog.cancel(): canceling Thu Jan 02 06:34:46 UTC 2020
------------------ testing $PTII/ptolemy/domains/de/test/auto/ResettableTimer1.xml
auto.tcl: Setting watchdog for 200 seconds at Thu Jan 02 06:34:46 UTC 2020
3 ms. Memory: 48128K Free: 30544K (63%)
ptolemy.util.test.WatchDog.cancel(): canceling Thu Jan 02 06:34:46 UTC 2020
auto.tcl: Setting watchdog for 200 seconds at Thu Jan 02 06:34:46 UTC 2020
2 ms. Memory: 48128K Free: 29683K (62%)
ptolemy.util.test.WatchDog.cancel(): canceling Thu Jan 02 06:34:46 UTC 2020
------------------ testing $PTII/ptolemy/domains/de/test/auto/ResettableTimer2.xml
auto.tcl: Setting watchdog for 200 seconds at Thu Jan 02 06:34:46 UTC 2020
3 ms. Memory: 48128K Free: 30353K (63%)
ptolemy.util.test.WatchDog.cancel(): canceling Thu Jan 02 06:34:46 UTC 2020
auto.tcl: Setting watchdog for 200 seconds at Thu Jan 02 06:34:46 UTC 2020
3 ms. Memory: 48128K Free: 29265K (61%)
ptolemy.util.test.WatchDog.cancel(): canceling Thu Jan 02 06:34:46 UTC 2020
------------------ testing $PTII/ptolemy/domains/de/test/auto/ResettableTimer3.xml
auto.tcl: Setting watchdog for 200 seconds at Thu Jan 02 06:34:46 UTC 2020
2 ms. Memory: 48128K Free: 30643K (64%)
ptolemy.util.test.WatchDog.cancel(): canceling Thu Jan 02 06:34:46 UTC 2020
auto.tcl: Setting watchdog for 200 seconds at Thu Jan 02 06:34:46 UTC 2020
1 ms. Memory: 48128K Free: 29742K (62%)
ptolemy.util.test.WatchDog.cancel(): canceling Thu Jan 02 06:34:46 UTC 2020
------------------ testing $PTII/ptolemy/domains/de/test/auto/ResettableTimer4.xml
auto.tcl: Setting watchdog for 200 seconds at Thu Jan 02 06:34:46 UTC 2020
2 ms. Memory: 48128K Free: 30253K (63%)
ptolemy.util.test.WatchDog.cancel(): canceling Thu Jan 02 06:34:46 UTC 2020
auto.tcl: Setting watchdog for 200 seconds at Thu Jan 02 06:34:46 UTC 2020
2 ms. Memory: 48128K Free: 29755K (62%)
ptolemy.util.test.WatchDog.cancel(): canceling Thu Jan 02 06:34:46 UTC 2020
------------------ testing $PTII/ptolemy/domains/de/test/auto/ResettableTimer5.xml
auto.tcl: Setting watchdog for 200 seconds at Thu Jan 02 06:34:46 UTC 2020
3 ms. Memory: 48128K Free: 29697K (62%)
ptolemy.util.test.WatchDog.cancel(): canceling Thu Jan 02 06:34:47 UTC 2020
auto.tcl: Setting watchdog for 200 seconds at Thu Jan 02 06:34:47 UTC 2020
2 ms. Memory: 48128K Free: 29223K (61%)
ptolemy.util.test.WatchDog.cancel(): canceling Thu Jan 02 06:34:47 UTC 2020
------------------ testing $PTII/ptolemy/domains/de/test/auto/ResettableTimer6.xml
auto.tcl: Setting watchdog for 200 seconds at Thu Jan 02 06:34:47 UTC 2020
1 ms. Memory: 48128K Free: 29674K (62%)
ptolemy.util.test.WatchDog.cancel(): canceling Thu Jan 02 06:34:47 UTC 2020
auto.tcl: Setting watchdog for 200 seconds at Thu Jan 02 06:34:47 UTC 2020
1 ms. Memory: 48128K Free: 29178K (61%)
ptolemy.util.test.WatchDog.cancel(): canceling Thu Jan 02 06:34:47 UTC 2020
------------------ testing $PTII/ptolemy/domains/de/test/auto/ServerZeroDelay.xml
auto.tcl: Setting watchdog for 200 seconds at Thu Jan 02 06:34:47 UTC 2020
3 ms. Memory: 48128K Free: 30193K (63%)
ptolemy.util.test.WatchDog.cancel(): canceling Thu Jan 02 06:34:47 UTC 2020
auto.tcl: Setting watchdog for 200 seconds at Thu Jan 02 06:34:47 UTC 2020
2 ms. Memory: 48128K Free: 29280K (61%)
ptolemy.util.test.WatchDog.cancel(): canceling Thu Jan 02 06:34:47 UTC 2020
------------------ testing $PTII/ptolemy/domains/de/test/auto/SmartSender.xml
auto.tcl: Setting watchdog for 200 seconds at Thu Jan 02 06:34:47 UTC 2020
3001 ms. Memory: 48128K Free: 30194K (63%)
ptolemy.util.test.WatchDog.cancel(): canceling Thu Jan 02 06:34:50 UTC 2020
auto.tcl: Setting watchdog for 200 seconds at Thu Jan 02 06:34:50 UTC 2020
3002 ms. Memory: 48128K Free: 29698K (62%)
ptolemy.util.test.WatchDog.cancel(): canceling Thu Jan 02 06:34:53 UTC 2020
------------------ testing $PTII/ptolemy/domains/de/test/auto/ThreadedComposite.xml
auto.tcl: Setting watchdog for 200 seconds at Thu Jan 02 06:34:53 UTC 2020
241 ms. Memory: 48128K Free: 11255K (23%)
ptolemy.util.test.WatchDog.cancel(): canceling Thu Jan 02 06:34:53 UTC 2020
auto.tcl: Setting watchdog for 200 seconds at Thu Jan 02 06:34:53 UTC 2020
178 ms. Memory: 48128K Free: 24091K (50%)
ptolemy.util.test.WatchDog.cancel(): canceling Thu Jan 02 06:34:53 UTC 2020
------------------ testing $PTII/ptolemy/domains/de/test/auto/Time.xml
auto.tcl: Setting watchdog for 200 seconds at Thu Jan 02 06:34:53 UTC 2020
651 ms. Memory: 48128K Free: 29349K (61%)
ptolemy.util.test.WatchDog.cancel(): canceling Thu Jan 02 06:34:54 UTC 2020
auto.tcl: Setting watchdog for 200 seconds at Thu Jan 02 06:34:54 UTC 2020
549 ms. Memory: 48128K Free: 29000K (60%)
ptolemy.util.test.WatchDog.cancel(): canceling Thu Jan 02 06:34:54 UTC 2020
------------------ testing $PTII/ptolemy/domains/de/test/auto/TimeDelayZeroDelay.xml
auto.tcl: Setting watchdog for 200 seconds at Thu Jan 02 06:34:54 UTC 2020
3 ms. Memory: 48128K Free: 30622K (64%)
ptolemy.util.test.WatchDog.cancel(): canceling Thu Jan 02 06:34:54 UTC 2020
auto.tcl: Setting watchdog for 200 seconds at Thu Jan 02 06:34:54 UTC 2020
3 ms. Memory: 48128K Free: 29713K (62%)
ptolemy.util.test.WatchDog.cancel(): canceling Thu Jan 02 06:34:54 UTC 2020
------------------ testing $PTII/ptolemy/domains/de/test/auto/TimerZeroDelay.xml
auto.tcl: Setting watchdog for 200 seconds at Thu Jan 02 06:34:54 UTC 2020
3 ms. Memory: 48128K Free: 30657K (64%)
ptolemy.util.test.WatchDog.cancel(): canceling Thu Jan 02 06:34:55 UTC 2020
auto.tcl: Setting watchdog for 200 seconds at Thu Jan 02 06:34:55 UTC 2020
3 ms. Memory: 48128K Free: 30161K (63%)
ptolemy.util.test.WatchDog.cancel(): canceling Thu Jan 02 06:34:55 UTC 2020
------------------ testing $PTII/ptolemy/domains/de/test/auto/TimingParadox.xml
auto.tcl: Setting watchdog for 200 seconds at Thu Jan 02 06:34:55 UTC 2020
362 ms. Memory: 48128K Free: 13231K (27%)
ptolemy.util.test.WatchDog.cancel(): canceling Thu Jan 02 06:34:55 UTC 2020
auto.tcl: Setting watchdog for 200 seconds at Thu Jan 02 06:34:55 UTC 2020
405 ms. Memory: 58368K Free: 35246K (60%)
ptolemy.util.test.WatchDog.cancel(): canceling Thu Jan 02 06:34:55 UTC 2020
------------------ testing $PTII/ptolemy/domains/de/test/auto/TransferInputs.xml
auto.tcl: Setting watchdog for 200 seconds at Thu Jan 02 06:34:55 UTC 2020
2 ms. Memory: 55296K Free: 35797K (65%)
ptolemy.util.test.WatchDog.cancel(): canceling Thu Jan 02 06:34:56 UTC 2020
auto.tcl: Setting watchdog for 200 seconds at Thu Jan 02 06:34:56 UTC 2020
2 ms. Memory: 55296K Free: 34892K (63%)
ptolemy.util.test.WatchDog.cancel(): canceling Thu Jan 02 06:34:56 UTC 2020
------------------ testing $PTII/ptolemy/domains/de/test/auto/TransferOutputs2.xml
auto.tcl: Setting watchdog for 200 seconds at Thu Jan 02 06:34:56 UTC 2020
3 ms. Memory: 48128K Free: 26071K (54%)
ptolemy.util.test.WatchDog.cancel(): canceling Thu Jan 02 06:34:56 UTC 2020
auto.tcl: Setting watchdog for 200 seconds at Thu Jan 02 06:34:56 UTC 2020
3 ms. Memory: 48128K Free: 24663K (51%)
ptolemy.util.test.WatchDog.cancel(): canceling Thu Jan 02 06:34:56 UTC 2020
------------------ testing $PTII/ptolemy/domains/de/test/auto/Trilateration.xml
auto.tcl: Setting watchdog for 200 seconds at Thu Jan 02 06:34:56 UTC 2020
12074 ms. Memory: 378880K Free: 213426K (56%)
ptolemy.util.test.WatchDog.cancel(): canceling Thu Jan 02 06:35:09 UTC 2020
auto.tcl: Setting watchdog for 200 seconds at Thu Jan 02 06:35:09 UTC 2020
9186 ms. Memory: 378880K Free: 275866K (73%)
ptolemy.util.test.WatchDog.cancel(): canceling Thu Jan 02 06:35:18 UTC 2020
------------------ testing $PTII/ptolemy/domains/de/test/auto/TwoSigmaDelta.xml
auto.tcl: Setting watchdog for 200 seconds at Thu Jan 02 06:35:18 UTC 2020
2441 ms. Memory: 89088K Free: 33459K (38%)
ptolemy.util.test.WatchDog.cancel(): canceling Thu Jan 02 06:35:21 UTC 2020
auto.tcl: Setting watchdog for 200 seconds at Thu Jan 02 06:35:21 UTC 2020
1641 ms. Memory: 89088K Free: 31388K (35%)
ptolemy.util.test.WatchDog.cancel(): canceling Thu Jan 02 06:35:22 UTC 2020
------------------ testing $PTII/ptolemy/domains/de/test/auto/VariableDelay.xml
auto.tcl: Setting watchdog for 200 seconds at Thu Jan 02 06:35:22 UTC 2020
2 ms. Memory: 51200K Free: 32180K (63%)
ptolemy.util.test.WatchDog.cancel(): canceling Thu Jan 02 06:35:22 UTC 2020
auto.tcl: Setting watchdog for 200 seconds at Thu Jan 02 06:35:22 UTC 2020
2 ms. Memory: 51200K Free: 31186K (61%)
ptolemy.util.test.WatchDog.cancel(): canceling Thu Jan 02 06:35:22 UTC 2020
------------------ testing $PTII/ptolemy/domains/de/test/auto/VariableDelay2.xml
auto.tcl: Setting watchdog for 200 seconds at Thu Jan 02 06:35:22 UTC 2020
2 ms. Memory: 48128K Free: 29523K (61%)
ptolemy.util.test.WatchDog.cancel(): canceling Thu Jan 02 06:35:22 UTC 2020
auto.tcl: Setting watchdog for 200 seconds at Thu Jan 02 06:35:22 UTC 2020
1 ms. Memory: 48128K Free: 29025K (60%)
ptolemy.util.test.WatchDog.cancel(): canceling Thu Jan 02 06:35:22 UTC 2020
------------------ testing $PTII/ptolemy/domains/de/test/auto/VariableDelayZeroDelay.xml
auto.tcl: Setting watchdog for 200 seconds at Thu Jan 02 06:35:22 UTC 2020
3 ms. Memory: 48128K Free: 30050K (62%)
ptolemy.util.test.WatchDog.cancel(): canceling Thu Jan 02 06:35:22 UTC 2020
auto.tcl: Setting watchdog for 200 seconds at Thu Jan 02 06:35:22 UTC 2020
2 ms. Memory: 48128K Free: 29534K (61%)
ptolemy.util.test.WatchDog.cancel(): canceling Thu Jan 02 06:35:22 UTC 2020
------------------ testing $PTII/ptolemy/domains/de/test/auto/VariableDelayZeroDelay2.xml
auto.tcl: Setting watchdog for 200 seconds at Thu Jan 02 06:35:22 UTC 2020
3 ms. Memory: 48128K Free: 30049K (62%)
ptolemy.util.test.WatchDog.cancel(): canceling Thu Jan 02 06:35:22 UTC 2020
auto.tcl: Setting watchdog for 200 seconds at Thu Jan 02 06:35:22 UTC 2020
2 ms. Memory: 48128K Free: 29046K (60%)
ptolemy.util.test.WatchDog.cancel(): canceling Thu Jan 02 06:35:22 UTC 2020
------------------ testing $PTII/ptolemy/domains/de/test/auto/deInCt.xml
auto.tcl: Setting watchdog for 200 seconds at Thu Jan 02 06:35:22 UTC 2020
0
1
1
1
1
0
0
0
1
1
1
1
0
0
0
0
0
0
1
1
0
0
0
0
1
1
1
1
9 ms. Memory: 48128K Free: 29023K (60%)
ptolemy.util.test.WatchDog.cancel(): canceling Thu Jan 02 06:35:22 UTC 2020
auto.tcl: Setting watchdog for 200 seconds at Thu Jan 02 06:35:22 UTC 2020
0
1
1
1
0
0
0
1
1
1
0
0
0
0
1
1
1
1
0
0
0
1
1
1
1
1
0
0
0
0
0
0
8 ms. Memory: 48128K Free: 27523K (57%)
ptolemy.util.test.WatchDog.cancel(): canceling Thu Jan 02 06:35:22 UTC 2020
------------------ testing $PTII/ptolemy/domains/de/test/auto/deInCt2.xml
auto.tcl: Setting watchdog for 200 seconds at Thu Jan 02 06:35:23 UTC 2020
0
1
1
1
0
0
1
1
1
0
0
1
1
1
0
0
1
1
1
0
0
1
1
1
0
0
1
1
1
0
0
1
1
1
0
0
1
1
1
0
0
0
9 ms. Memory: 48128K Free: 29023K (60%)
ptolemy.util.test.WatchDog.cancel(): canceling Thu Jan 02 06:35:23 UTC 2020
auto.tcl: Setting watchdog for 200 seconds at Thu Jan 02 06:35:23 UTC 2020
0
1
1
1
0
0
1
1
1
0
0
1
1
1
0
0
1
1
1
0
0
1
1
1
0
0
1
1
1
0
0
1
1
1
0
0
1
1
1
0
0
0
7 ms. Memory: 48128K Free: 27483K (57%)
ptolemy.util.test.WatchDog.cancel(): canceling Thu Jan 02 06:35:23 UTC 2020
------------------ testing $PTII/ptolemy/domains/de/test/auto/dynamicCausalityInterface1.xml
auto.tcl: Setting watchdog for 200 seconds at Thu Jan 02 06:35:23 UTC 2020
1 ms. Memory: 48128K Free: 24310K (51%)
ptolemy.util.test.WatchDog.cancel(): canceling Thu Jan 02 06:35:23 UTC 2020
auto.tcl: Setting watchdog for 200 seconds at Thu Jan 02 06:35:23 UTC 2020
1 ms. Memory: 48128K Free: 24310K (51%)
ptolemy.util.test.WatchDog.cancel(): canceling Thu Jan 02 06:35:23 UTC 2020
------------------ testing $PTII/ptolemy/domains/de/test/auto/fsm_de_test.xml
auto.tcl: Setting watchdog for 200 seconds at Thu Jan 02 06:35:23 UTC 2020
7 ms. Memory: 48128K Free: 24820K (52%)
ptolemy.util.test.WatchDog.cancel(): canceling Thu Jan 02 06:35:23 UTC 2020
auto.tcl: Setting watchdog for 200 seconds at Thu Jan 02 06:35:23 UTC 2020
5 ms. Memory: 48128K Free: 22815K (47%)
ptolemy.util.test.WatchDog.cancel(): canceling Thu Jan 02 06:35:23 UTC 2020
------------------ testing $PTII/ptolemy/domains/de/test/auto/functionDependencyReconstruction.xml
auto.tcl: Setting watchdog for 200 seconds at Thu Jan 02 06:35:23 UTC 2020
2 ms. Memory: 48128K Free: 18665K (39%)
ptolemy.util.test.WatchDog.cancel(): canceling Thu Jan 02 06:35:23 UTC 2020
auto.tcl: Setting watchdog for 200 seconds at Thu Jan 02 06:35:23 UTC 2020
3 ms. Memory: 48128K Free: 16675K (35%)
ptolemy.util.test.WatchDog.cancel(): canceling Thu Jan 02 06:35:23 UTC 2020
------------------ testing $PTII/ptolemy/domains/de/test/auto/multirate.xml
auto.tcl: Setting watchdog for 200 seconds at Thu Jan 02 06:35:23 UTC 2020
7 ms. Memory: 48128K Free: 26900K (56%)
ptolemy.util.test.WatchDog.cancel(): canceling Thu Jan 02 06:35:23 UTC 2020
auto.tcl: Setting watchdog for 200 seconds at Thu Jan 02 06:35:23 UTC 2020
3 ms. Memory: 48128K Free: 25795K (54%)
ptolemy.util.test.WatchDog.cancel(): canceling Thu Jan 02 06:35:23 UTC 2020
------------------ testing $PTII/ptolemy/domains/de/test/auto/multirate2.xml
auto.tcl: Setting watchdog for 200 seconds at Thu Jan 02 06:35:23 UTC 2020
2 ms. Memory: 48128K Free: 27635K (57%)
ptolemy.util.test.WatchDog.cancel(): canceling Thu Jan 02 06:35:23 UTC 2020
auto.tcl: Setting watchdog for 200 seconds at Thu Jan 02 06:35:23 UTC 2020
2 ms. Memory: 48128K Free: 25925K (54%)
ptolemy.util.test.WatchDog.cancel(): canceling Thu Jan 02 06:35:23 UTC 2020
------------------ testing $PTII/ptolemy/domains/de/test/auto/realtime.xml
auto.tcl: Setting watchdog for 200 seconds at Thu Jan 02 06:35:23 UTC 2020
10001 ms. Memory: 48128K Free: 29674K (62%)
ptolemy.util.test.WatchDog.cancel(): canceling Thu Jan 02 06:35:33 UTC 2020
auto.tcl: Setting watchdog for 200 seconds at Thu Jan 02 06:35:33 UTC 2020
10001 ms. Memory: 48128K Free: 28967K (60%)
ptolemy.util.test.WatchDog.cancel(): canceling Thu Jan 02 06:35:43 UTC 2020
------------------ testing $PTII/ptolemy/domains/de/test/auto/relationGroup.xml
auto.tcl: Setting watchdog for 200 seconds at Thu Jan 02 06:35:43 UTC 2020
2 ms. Memory: 48128K Free: 30769K (64%)
ptolemy.util.test.WatchDog.cancel(): canceling Thu Jan 02 06:35:43 UTC 2020
auto.tcl: Setting watchdog for 200 seconds at Thu Jan 02 06:35:43 UTC 2020
2 ms. Memory: 48128K Free: 30046K (62%)
ptolemy.util.test.WatchDog.cancel(): canceling Thu Jan 02 06:35:43 UTC 2020
------------------ testing $PTII/ptolemy/domains/de/test/auto/relationGroup2.xml
auto.tcl: Setting watchdog for 200 seconds at Thu Jan 02 06:35:43 UTC 2020
1 ms. Memory: 48128K Free: 30828K (64%)
ptolemy.util.test.WatchDog.cancel(): canceling Thu Jan 02 06:35:43 UTC 2020
auto.tcl: Setting watchdog for 200 seconds at Thu Jan 02 06:35:43 UTC 2020
1 ms. Memory: 48128K Free: 30316K (63%)
ptolemy.util.test.WatchDog.cancel(): canceling Thu Jan 02 06:35:43 UTC 2020
------------------ testing $PTII/ptolemy/domains/de/test/auto/sortWithOpaquePorts.xml
auto.tcl: Setting watchdog for 200 seconds at Thu Jan 02 06:35:43 UTC 2020
1 ms. Memory: 48128K Free: 29545K (61%)
ptolemy.util.test.WatchDog.cancel(): canceling Thu Jan 02 06:35:43 UTC 2020
auto.tcl: Setting watchdog for 200 seconds at Thu Jan 02 06:35:43 UTC 2020
3 ms. Memory: 48128K Free: 28568K (59%)
ptolemy.util.test.WatchDog.cancel(): canceling Thu Jan 02 06:35:43 UTC 2020
------------------ testing $PTII/ptolemy/domains/de/test/auto/transferInputsandOutputs.xml
auto.tcl: Setting watchdog for 200 seconds at Thu Jan 02 06:35:43 UTC 2020
2 ms. Memory: 48128K Free: 26988K (56%)
ptolemy.util.test.WatchDog.cancel(): canceling Thu Jan 02 06:35:43 UTC 2020
auto.tcl: Setting watchdog for 200 seconds at Thu Jan 02 06:35:43 UTC 2020
7 ms. Memory: 48128K Free: 26013K (54%)
ptolemy.util.test.WatchDog.cancel(): canceling Thu Jan 02 06:35:43 UTC 2020
------------------ testing $PTII/ptolemy/domains/de/test/auto/triggerType.xml
auto.tcl: Setting watchdog for 200 seconds at Thu Jan 02 06:35:43 UTC 2020
1 ms. Memory: 48128K Free: 30012K (62%)
ptolemy.util.test.WatchDog.cancel(): canceling Thu Jan 02 06:35:43 UTC 2020
auto.tcl: Setting watchdog for 200 seconds at Thu Jan 02 06:35:43 UTC 2020
2 ms. Memory: 48128K Free: 29015K (60%)
ptolemy.util.test.WatchDog.cancel(): canceling Thu Jan 02 06:35:43 UTC 2020
01/02/20 06:35:43
Failed: 0  Total Tests: 192  ((Passed: 187, Newly Passed: 1)  Known Failed: 5) /home/travis/build/icyphy/ptII/ptolemy/domains/de/test
01/02/20 06:35:43
Failed: 0  Total Tests: 192  ((Passed: 187, Newly Passed: 1)  Known Failed: 5) /home/travis/build/icyphy/ptII/ptolemy/domains/de/test
----------------- testing (KnownFailure) /home/travis/build/icyphy/ptII/ptolemy/domains/de/test/auto/knownFailedTests/DESDFClockTest.xml
2010 ms. Memory: 48128K Free: 22897K (48%)
Known Failure: java.lang.reflect.InvocationTargetException
----------------- testing (KnownFailure) /home/travis/build/icyphy/ptII/ptolemy/domains/de/test/auto/knownFailedTests/DirectFeedback.xml
2 ms. Memory: 48128K Free: 19311K (40%)
Known Failure: java.lang.reflect.InvocationTargetException
----------------- testing (KnownFailure) /home/travis/build/icyphy/ptII/ptolemy/domains/de/test/auto/knownFailedTests/FSMSource.xml
7 ms. Memory: 48128K Free: 11633K (24%)
----------------- testing (KnownFailure) /home/travis/build/icyphy/ptII/ptolemy/domains/de/test/auto/knownFailedTests/HierarchicalModel.xml
4 ms. Memory: 48128K Free: 22629K (47%)
Known Failure: java.lang.reflect.InvocationTargetException
----------------- testing (KnownFailure) /home/travis/build/icyphy/ptII/ptolemy/domains/de/test/auto/knownFailedTests/dependencyLoop.xml
2 ms. Memory: 48128K Free: 7267K (15%)
Known Failure: java.lang.reflect.InvocationTargetException
----------------- testing (KnownFailure) /home/travis/build/icyphy/ptII/ptolemy/domains/de/test/auto/knownFailedTests/dependencyLoop2.xml
6 ms. Memory: 48128K Free: 18638K (39%)
Known Failure: java.lang.reflect.InvocationTargetException
No auto/linux-amd64/*.xml tests in /home/travis/build/icyphy/ptII/ptolemy/domains/de/test
AutoTests.java: About to close Vertx.
AutoTests.java: Vertx closed.

===========================================================================================
----------------- testing Thu Jan 02 06:35:46 UTC 2020 /home/travis/build/icyphy/ptII/ptolemy/domains/de/test/auto/ActorDepthCalculation_actorWithoutPorts.xml
----------------- Instantiating /home/travis/build/icyphy/ptII/ptolemy/domains/de/test/auto/ActorDepthCalculation_actorWithoutPorts.xml
2 ms. Memory: 48128K Free: 12245K (25%)
----------------- Invoking toplevel() on ptolemy.moml.MoMLSimpleApplication@2443c2e7
----------------- Done invoking toplevel() on ptolemy.moml.MoMLSimpleApplication@2443c2e7
reloadAllAccessors: .ActorDepthCalculation_actorWithoutPorts

===========================================================================================
----------------- testing Thu Jan 02 06:35:46 UTC 2020 /home/travis/build/icyphy/ptII/ptolemy/domains/de/test/auto/AssemblyLine.xml
----------------- Instantiating /home/travis/build/icyphy/ptII/ptolemy/domains/de/test/auto/AssemblyLine.xml
5 ms. Memory: 48128K Free: 32027K (67%)
----------------- Invoking toplevel() on ptolemy.moml.MoMLSimpleApplication@36d13a7
----------------- Done invoking toplevel() on ptolemy.moml.MoMLSimpleApplication@36d13a7
reloadAllAccessors: .AssemblyLine

===========================================================================================
----------------- testing Thu Jan 02 06:35:46 UTC 2020 /home/travis/build/icyphy/ptII/ptolemy/domains/de/test/auto/CQBug1.xml
----------------- Instantiating /home/travis/build/icyphy/ptII/ptolemy/domains/de/test/auto/CQBug1.xml
1 ms. Memory: 48128K Free: 28949K (60%)
----------------- Invoking toplevel() on ptolemy.moml.MoMLSimpleApplication@7e481cc4
----------------- Done invoking toplevel() on ptolemy.moml.MoMLSimpleApplication@7e481cc4
reloadAllAccessors: .CQBug1

===========================================================================================
----------------- testing Thu Jan 02 06:35:46 UTC 2020 /home/travis/build/icyphy/ptII/ptolemy/domains/de/test/auto/CancelFireAt.xml
----------------- Instantiating /home/travis/build/icyphy/ptII/ptolemy/domains/de/test/auto/CancelFireAt.xml
1 ms. Memory: 48128K Free: 26635K (55%)
----------------- Invoking toplevel() on ptolemy.moml.MoMLSimpleApplication@2b50d3c1
----------------- Done invoking toplevel() on ptolemy.moml.MoMLSimpleApplication@2b50d3c1
reloadAllAccessors: .CancelFireAt

===========================================================================================
----------------- testing Thu Jan 02 06:35:46 UTC 2020 /home/travis/build/icyphy/ptII/ptolemy/domains/de/test/auto/CausalityAndComposabilityAnalysis.xml
----------------- Instantiating /home/travis/build/icyphy/ptII/ptolemy/domains/de/test/auto/CausalityAndComposabilityAnalysis.xml
2 ms. Memory: 48128K Free: 22563K (47%)
----------------- Invoking toplevel() on ptolemy.moml.MoMLSimpleApplication@1085d5c6
----------------- Done invoking toplevel() on ptolemy.moml.MoMLSimpleApplication@1085d5c6
reloadAllAccessors: .CausalityAndComposabilityAnalysis

===========================================================================================
----------------- testing Thu Jan 02 06:35:46 UTC 2020 /home/travis/build/icyphy/ptII/ptolemy/domains/de/test/auto/CausalityInterface1.xml
----------------- Instantiating /home/travis/build/icyphy/ptII/ptolemy/domains/de/test/auto/CausalityInterface1.xml
5 ms. Memory: 48128K Free: 17513K (36%)
----------------- Invoking toplevel() on ptolemy.moml.MoMLSimpleApplication@7f3930a7
----------------- Done invoking toplevel() on ptolemy.moml.MoMLSimpleApplication@7f3930a7
reloadAllAccessors: .CausalityInterface1

===========================================================================================
----------------- testing Thu Jan 02 06:35:46 UTC 2020 /home/travis/build/icyphy/ptII/ptolemy/domains/de/test/auto/CausalityInterface15.xml
----------------- Instantiating /home/travis/build/icyphy/ptII/ptolemy/domains/de/test/auto/CausalityInterface15.xml
2 ms. Memory: 48128K Free: 12119K (25%)
----------------- Invoking toplevel() on ptolemy.moml.MoMLSimpleApplication@17108a9
----------------- Done invoking toplevel() on ptolemy.moml.MoMLSimpleApplication@17108a9
reloadAllAccessors: .CausalityInterface15

===========================================================================================
----------------- testing Thu Jan 02 06:35:46 UTC 2020 /home/travis/build/icyphy/ptII/ptolemy/domains/de/test/auto/CausalityInterface2.xml
----------------- Instantiating /home/travis/build/icyphy/ptII/ptolemy/domains/de/test/auto/CausalityInterface2.xml
1 ms. Memory: 48128K Free: 7428K (15%)
----------------- Invoking toplevel() on ptolemy.moml.MoMLSimpleApplication@68fe17c2
[...]
	at ptolemy.actor.Manager.run(Manager.java:1263)
	at ptolemy.actor.Manager$PtolemyRunThread.run(Manager.java:1933)
java.lang.RuntimeException: Execution failed
	at ptolemy.moml.MoMLSimpleApplication$UnloadThread.run(MoMLSimpleApplication.java:402)
Caused by: ptolemy.kernel.util.IllegalActionException: Actor is not ready to fire.  Perhaps UpSample.prefire() returned false? Try debugging the actor by selecting "Listen to Actor".  Also, for SDF check moml for tokenConsumptionRate on input.
  in .DESDFClockTest.Play Bell.Copy1:SDF Director and .DESDFClockTest.Play Bell.UpSample
	at ptolemy.actor.sched.StaticSchedulingDirector.fire(StaticSchedulingDirector.java:227)
	at ptolemy.domains.sdf.kernel.SDFDirector.fire(SDFDirector.java:500)
	at ptolemy.actor.CompositeActor.fire(CompositeActor.java:455)
	at ptolemy.domains.de.kernel.DEDirector._fire(DEDirector.java:1949)
	at ptolemy.domains.de.kernel.DEDirector.fire(DEDirector.java:502)
	at ptolemy.actor.CompositeActor.fire(CompositeActor.java:455)
	at ptolemy.actor.Manager.iterate(Manager.java:851)
	at ptolemy.actor.Manager.execute(Manager.java:369)
	at ptolemy.actor.Manager.run(Manager.java:1263)
	at ptolemy.actor.Manager$PtolemyRunThread.run(Manager.java:1933)
java.lang.reflect.InvocationTargetException
	at java.base/jdk.internal.reflect.NativeConstructorAccessorImpl.newInstance0(Native Method)
	at java.base/jdk.internal.reflect.NativeConstructorAccessorImpl.newInstance(NativeConstructorAccessorImpl.java:62)
	at java.base/jdk.internal.reflect.DelegatingConstructorAccessorImpl.newInstance(DelegatingConstructorAccessorImpl.java:45)
	at java.base/java.lang.reflect.Constructor.newInstance(Constructor.java:490)
	at ptolemy.util.test.junit.AutoKnownFailedTests.RunModel(AutoKnownFailedTests.java:105)
	at java.base/jdk.internal.reflect.NativeMethodAccessorImpl.invoke0(Native Method)
	at java.base/jdk.internal.reflect.NativeMethodAccessorImpl.invoke(NativeMethodAccessorImpl.java:62)
	at java.base/jdk.internal.reflect.DelegatingMethodAccessorImpl.invoke(DelegatingMethodAccessorImpl.java:43)
	at java.base/java.lang.reflect.Method.invoke(Method.java:566)
	at org.junit.runners.model.FrameworkMethod$1.runReflectiveCall(FrameworkMethod.java:44)
	at org.junit.internal.runners.model.ReflectiveCallable.run(ReflectiveCallable.java:15)
	at org.junit.runners.model.FrameworkMethod.invokeExplosively(FrameworkMethod.java:41)
	at junitparams.internal.InvokeParameterisedMethod.evaluate(InvokeParameterisedMethod.java:102)
	at org.junit.internal.runners.statements.FailOnTimeout$1.run(FailOnTimeout.java:28)
Caused by: ptolemy.kernel.util.IllegalActionException: Actor is not ready to fire.  Perhaps UpSample.prefire() returned false? Try debugging the actor by selecting "Listen to Actor".  Also, for SDF check moml for tokenConsumptionRate on input.
  in .DESDFClockTest.Play Bell.Copy1:SDF Director and .DESDFClockTest.Play Bell.UpSample
	at ptolemy.actor.sched.StaticSchedulingDirector.fire(StaticSchedulingDirector.java:227)
	at ptolemy.domains.sdf.kernel.SDFDirector.fire(SDFDirector.java:500)
	at ptolemy.actor.CompositeActor.fire(CompositeActor.java:455)
	at ptolemy.domains.de.kernel.DEDirector._fire(DEDirector.java:1949)
	at ptolemy.domains.de.kernel.DEDirector.fire(DEDirector.java:502)
	at ptolemy.actor.CompositeActor.fire(CompositeActor.java:455)
	at ptolemy.actor.Manager.iterate(Manager.java:851)
	at ptolemy.actor.Manager.execute(Manager.java:369)
	at ptolemy.actor.Manager.run(Manager.java:1263)
	at ptolemy.actor.Manager$PtolemyRunThread.run(Manager.java:1933)
java.lang.RuntimeException: Execution failed
	at ptolemy.moml.MoMLSimpleApplication$UnloadThread.run(MoMLSimpleApplication.java:402)
Caused by: ptolemy.kernel.util.IllegalActionException: Test fails in iteration 1.
Value was: 1.0. Should have been: 2.0
  in .DirectFeedback.Test
	at ptolemy.actor.lib.Test.fire(Test.java:268)
	at ptolemy.domains.de.kernel.DEDirector._fire(DEDirector.java:1949)
	at ptolemy.domains.de.kernel.DEDirector.fire(DEDirector.java:502)
	at ptolemy.actor.CompositeActor.fire(CompositeActor.java:455)
	at ptolemy.actor.Manager.iterate(Manager.java:851)
	at ptolemy.actor.Manager.execute(Manager.java:369)
	at ptolemy.actor.Manager.run(Manager.java:1263)
	at ptolemy.actor.Manager$PtolemyRunThread.run(Manager.java:1933)
java.lang.reflect.InvocationTargetException
	at java.base/jdk.internal.reflect.NativeConstructorAccessorImpl.newInstance0(Native Method)
	at java.base/jdk.internal.reflect.NativeConstructorAccessorImpl.newInstance(NativeConstructorAccessorImpl.java:62)
	at java.base/jdk.internal.reflect.DelegatingConstructorAccessorImpl.newInstance(DelegatingConstructorAccessorImpl.java:45)
	at java.base/java.lang.reflect.Constructor.newInstance(Constructor.java:490)
	at ptolemy.util.test.junit.AutoKnownFailedTests.RunModel(AutoKnownFailedTests.java:105)
	at java.base/jdk.internal.reflect.NativeMethodAccessorImpl.invoke0(Native Method)
	at java.base/jdk.internal.reflect.NativeMethodAccessorImpl.invoke(NativeMethodAccessorImpl.java:62)
	at java.base/jdk.internal.reflect.DelegatingMethodAccessorImpl.invoke(DelegatingMethodAccessorImpl.java:43)
	at java.base/java.lang.reflect.Method.invoke(Method.java:566)
	at org.junit.runners.model.FrameworkMethod$1.runReflectiveCall(FrameworkMethod.java:44)
	at org.junit.internal.runners.model.ReflectiveCallable.run(ReflectiveCallable.java:15)
	at org.junit.runners.model.FrameworkMethod.invokeExplosively(FrameworkMethod.java:41)
	at junitparams.internal.InvokeParameterisedMethod.evaluate(InvokeParameterisedMethod.java:102)
	at org.junit.internal.runners.statements.FailOnTimeout$1.run(FailOnTimeout.java:28)
Caused by: ptolemy.kernel.util.IllegalActionException: Test fails in iteration 1.
Value was: 1.0. Should have been: 2.0
  in .DirectFeedback.Test
	at ptolemy.actor.lib.Test.fire(Test.java:268)
	at ptolemy.domains.de.kernel.DEDirector._fire(DEDirector.java:1949)
	at ptolemy.domains.de.kernel.DEDirector.fire(DEDirector.java:502)
	at ptolemy.actor.CompositeActor.fire(CompositeActor.java:455)
	at ptolemy.actor.Manager.iterate(Manager.java:851)
	at ptolemy.actor.Manager.execute(Manager.java:369)
	at ptolemy.actor.Manager.run(Manager.java:1263)
	at ptolemy.actor.Manager$PtolemyRunThread.run(Manager.java:1933)
java.lang.RuntimeException: Execution failed
	at ptolemy.moml.MoMLSimpleApplication$UnloadThread.run(MoMLSimpleApplication.java:402)
Caused by: ptolemy.kernel.util.IllegalActionException: Found a zero delay loop containing .HierarchicalModel.A
  in .HierarchicalModel and .HierarchicalModel.A
	at ptolemy.actor.util.CausalityInterfaceForComposites._computeOutputPortDepth(CausalityInterfaceForComposites.java:759)
	at ptolemy.actor.util.CausalityInterfaceForComposites._computeInputDepth(CausalityInterfaceForComposites.java:696)
	at ptolemy.actor.util.CausalityInterfaceForComposites._computeOutputPortDepth(CausalityInterfaceForComposites.java:765)
	at ptolemy.actor.util.CausalityInterfaceForComposites._computeInputDepth(CausalityInterfaceForComposites.java:696)
	at ptolemy.actor.util.CausalityInterfaceForComposites._computeOutputPortDepth(CausalityInterfaceForComposites.java:765)
	at ptolemy.actor.util.CausalityInterfaceForComposites._computeInputDepth(CausalityInterfaceForComposites.java:696)
	at ptolemy.actor.util.CausalityInterfaceForComposites._computeActorDepth(CausalityInterfaceForComposites.java:532)
	at ptolemy.actor.util.CausalityInterfaceForComposites.checkForCycles(CausalityInterfaceForComposites.java:96)
	at ptolemy.domains.de.kernel.DEDirector.preinitialize(DEDirector.java:1338)
	at ptolemy.actor.CompositeActor.preinitialize(CompositeActor.java:1828)
	at ptolemy.actor.Manager.preinitializeAndResolveTypes(Manager.java:1040)
	at ptolemy.actor.Manager.initialize(Manager.java:710)
	at ptolemy.actor.Manager.execute(Manager.java:356)
	at ptolemy.actor.Manager.run(Manager.java:1263)
	at ptolemy.actor.Manager$PtolemyRunThread.run(Manager.java:1933)
java.lang.reflect.InvocationTargetException
	at java.base/jdk.internal.reflect.NativeConstructorAccessorImpl.newInstance0(Native Method)
	at java.base/jdk.internal.reflect.NativeConstructorAccessorImpl.newInstance(NativeConstructorAccessorImpl.java:62)
	at java.base/jdk.internal.reflect.DelegatingConstructorAccessorImpl.newInstance(DelegatingConstructorAccessorImpl.java:45)
	at java.base/java.lang.reflect.Constructor.newInstance(Constructor.java:490)
	at ptolemy.util.test.junit.AutoKnownFailedTests.RunModel(AutoKnownFailedTests.java:105)
	at java.base/jdk.internal.reflect.NativeMethodAccessorImpl.invoke0(Native Method)
	at java.base/jdk.internal.reflect.NativeMethodAccessorImpl.invoke(NativeMethodAccessorImpl.java:62)
	at java.base/jdk.internal.reflect.DelegatingMethodAccessorImpl.invoke(DelegatingMethodAccessorImpl.java:43)
	at java.base/java.lang.reflect.Method.invoke(Method.java:566)
	at org.junit.runners.model.FrameworkMethod$1.runReflectiveCall(FrameworkMethod.java:44)
	at org.junit.internal.runners.model.ReflectiveCallable.run(ReflectiveCallable.java:15)
	at org.junit.runners.model.FrameworkMethod.invokeExplosively(FrameworkMethod.java:41)
	at junitparams.internal.InvokeParameterisedMethod.evaluate(InvokeParameterisedMethod.java:102)
	at org.junit.internal.runners.statements.FailOnTimeout$1.run(FailOnTimeout.java:28)
Caused by: ptolemy.kernel.util.IllegalActionException: Found a zero delay loop containing .HierarchicalModel.A
  in .HierarchicalModel and .HierarchicalModel.A
	at ptolemy.actor.util.CausalityInterfaceForComposites._computeOutputPortDepth(CausalityInterfaceForComposites.java:759)
	at ptolemy.actor.util.CausalityInterfaceForComposites._computeInputDepth(CausalityInterfaceForComposites.java:696)
	at ptolemy.actor.util.CausalityInterfaceForComposites._computeOutputPortDepth(CausalityInterfaceForComposites.java:765)
	at ptolemy.actor.util.CausalityInterfaceForComposites._computeInputDepth(CausalityInterfaceForComposites.java:696)
	at ptolemy.actor.util.CausalityInterfaceForComposites._computeOutputPortDepth(CausalityInterfaceForComposites.java:765)
	at ptolemy.actor.util.CausalityInterfaceForComposites._computeInputDepth(CausalityInterfaceForComposites.java:696)
	at ptolemy.actor.util.CausalityInterfaceForComposites._computeActorDepth(CausalityInterfaceForComposites.java:532)
	at ptolemy.actor.util.CausalityInterfaceForComposites.checkForCycles(CausalityInterfaceForComposites.java:96)
	at ptolemy.domains.de.kernel.DEDirector.preinitialize(DEDirector.java:1338)
	at ptolemy.actor.CompositeActor.preinitialize(CompositeActor.java:1828)
	at ptolemy.actor.Manager.preinitializeAndResolveTypes(Manager.java:1040)
	at ptolemy.actor.Manager.initialize(Manager.java:710)
	at ptolemy.actor.Manager.execute(Manager.java:356)
	at ptolemy.actor.Manager.run(Manager.java:1263)
	at ptolemy.actor.Manager$PtolemyRunThread.run(Manager.java:1933)
java.lang.RuntimeException: Execution failed
	at ptolemy.moml.MoMLSimpleApplication$UnloadThread.run(MoMLSimpleApplication.java:402)
Caused by: ptolemy.kernel.util.IllegalActionException: Found a zero delay loop containing .dependencyLoop.original
  in .dependencyLoop and .dependencyLoop.original
	at ptolemy.actor.util.CausalityInterfaceForComposites._computeOutputPortDepth(CausalityInterfaceForComposites.java:759)
	at ptolemy.actor.util.CausalityInterfaceForComposites._computeInputDepth(CausalityInterfaceForComposites.java:696)
	at ptolemy.actor.util.CausalityInterfaceForComposites._computeOutputPortDepth(CausalityInterfaceForComposites.java:765)
	at ptolemy.actor.util.CausalityInterfaceForComposites._computeInputDepth(CausalityInterfaceForComposites.java:696)
	at ptolemy.actor.util.CausalityInterfaceForComposites._computeOutputPortDepth(CausalityInterfaceForComposites.java:765)
	at ptolemy.actor.util.CausalityInterfaceForComposites._computeInputDepth(CausalityInterfaceForComposites.java:696)
	at ptolemy.actor.util.CausalityInterfaceForComposites._computeActorDepth(CausalityInterfaceForComposites.java:532)
	at ptolemy.actor.util.CausalityInterfaceForComposites.checkForCycles(CausalityInterfaceForComposites.java:96)
	at ptolemy.domains.de.kernel.DEDirector.preinitialize(DEDirector.java:1338)
	at ptolemy.actor.CompositeActor.preinitialize(CompositeActor.java:1828)
	at ptolemy.actor.Manager.preinitializeAndResolveTypes(Manager.java:1040)
	at ptolemy.actor.Manager.initialize(Manager.java:710)
	at ptolemy.actor.Manager.execute(Manager.java:356)
	at ptolemy.actor.Manager.run(Manager.java:1263)
	at ptolemy.actor.Manager$PtolemyRunThread.run(Manager.java:1933)
java.lang.reflect.InvocationTargetException
	at java.base/jdk.internal.reflect.NativeConstructorAccessorImpl.newInstance0(Native Method)
	at java.base/jdk.internal.reflect.NativeConstructorAccessorImpl.newInstance(NativeConstructorAccessorImpl.java:62)
	at java.base/jdk.internal.reflect.DelegatingConstructorAccessorImpl.newInstance(DelegatingConstructorAccessorImpl.java:45)
	at java.base/java.lang.reflect.Constructor.newInstance(Constructor.java:490)
	at ptolemy.util.test.junit.AutoKnownFailedTests.RunModel(AutoKnownFailedTests.java:105)
	at java.base/jdk.internal.reflect.NativeMethodAccessorImpl.invoke0(Native Method)
	at java.base/jdk.internal.reflect.NativeMethodAccessorImpl.invoke(NativeMethodAccessorImpl.java:62)
	at java.base/jdk.internal.reflect.DelegatingMethodAccessorImpl.invoke(DelegatingMethodAccessorImpl.java:43)
	at java.base/java.lang.reflect.Method.invoke(Method.java:566)
	at org.junit.runners.model.FrameworkMethod$1.runReflectiveCall(FrameworkMethod.java:44)
	at org.junit.internal.runners.model.ReflectiveCallable.run(ReflectiveCallable.java:15)
	at org.junit.runners.model.FrameworkMethod.invokeExplosively(FrameworkMethod.java:41)
	at junitparams.internal.InvokeParameterisedMethod.evaluate(InvokeParameterisedMethod.java:102)
	at org.junit.internal.runners.statements.FailOnTimeout$1.run(FailOnTimeout.java:28)
Caused by: ptolemy.kernel.util.IllegalActionException: Found a zero delay loop containing .dependencyLoop.original
  in .dependencyLoop and .dependencyLoop.original
	at ptolemy.actor.util.CausalityInterfaceForComposites._computeOutputPortDepth(CausalityInterfaceForComposites.java:759)
	at ptolemy.actor.util.CausalityInterfaceForComposites._computeInputDepth(CausalityInterfaceForComposites.java:696)
	at ptolemy.actor.util.CausalityInterfaceForComposites._computeOutputPortDepth(CausalityInterfaceForComposites.java:765)
	at ptolemy.actor.util.CausalityInterfaceForComposites._computeInputDepth(CausalityInterfaceForComposites.java:696)
	at ptolemy.actor.util.CausalityInterfaceForComposites._computeOutputPortDepth(CausalityInterfaceForComposites.java:765)
	at ptolemy.actor.util.CausalityInterfaceForComposites._computeInputDepth(CausalityInterfaceForComposites.java:696)
	at ptolemy.actor.util.CausalityInterfaceForComposites._computeActorDepth(CausalityInterfaceForComposites.java:532)
	at ptolemy.actor.util.CausalityInterfaceForComposites.checkForCycles(CausalityInterfaceForComposites.java:96)
	at ptolemy.domains.de.kernel.DEDirector.preinitialize(DEDirector.java:1338)
	at ptolemy.actor.CompositeActor.preinitialize(CompositeActor.java:1828)
	at ptolemy.actor.Manager.preinitializeAndResolveTypes(Manager.java:1040)
	at ptolemy.actor.Manager.initialize(Manager.java:710)
	at ptolemy.actor.Manager.execute(Manager.java:356)
	at ptolemy.actor.Manager.run(Manager.java:1263)
	at ptolemy.actor.Manager$PtolemyRunThread.run(Manager.java:1933)
java.lang.RuntimeException: Execution failed
	at ptolemy.moml.MoMLSimpleApplication$UnloadThread.run(MoMLSimpleApplication.java:402)
Caused by: ptolemy.kernel.util.IllegalActionException: Found a zero delay loop containing .dependencyLoop2.original
  in .dependencyLoop2 and .dependencyLoop2.original
	at ptolemy.actor.util.CausalityInterfaceForComposites._computeOutputPortDepth(CausalityInterfaceForComposites.java:759)
	at ptolemy.actor.util.CausalityInterfaceForComposites._computeInputDepth(CausalityInterfaceForComposites.java:696)
	at ptolemy.actor.util.CausalityInterfaceForComposites._computeOutputPortDepth(CausalityInterfaceForComposites.java:765)
	at ptolemy.actor.util.CausalityInterfaceForComposites._computeInputDepth(CausalityInterfaceForComposites.java:696)
	at ptolemy.actor.util.CausalityInterfaceForComposites._computeOutputPortDepth(CausalityInterfaceForComposites.java:765)
	at ptolemy.actor.util.CausalityInterfaceForComposites._computeInputDepth(CausalityInterfaceForComposites.java:696)
	at ptolemy.actor.util.CausalityInterfaceForComposites._computeActorDepth(CausalityInterfaceForComposites.java:532)
	at ptolemy.actor.util.CausalityInterfaceForComposites.checkForCycles(CausalityInterfaceForComposites.java:96)
	at ptolemy.domains.de.kernel.DEDirector.preinitialize(DEDirector.java:1338)
	at ptolemy.actor.CompositeActor.preinitialize(CompositeActor.java:1828)
	at ptolemy.actor.Manager.preinitializeAndResolveTypes(Manager.java:1040)
	at ptolemy.actor.Manager.initialize(Manager.java:710)
	at ptolemy.actor.Manager.execute(Manager.java:356)
	at ptolemy.actor.Manager.run(Manager.java:1263)
	at ptolemy.actor.Manager$PtolemyRunThread.run(Manager.java:1933)
java.lang.reflect.InvocationTargetException
	at java.base/jdk.internal.reflect.NativeConstructorAccessorImpl.newInstance0(Native Method)
	at java.base/jdk.internal.reflect.NativeConstructorAccessorImpl.newInstance(NativeConstructorAccessorImpl.java:62)
	at java.base/jdk.internal.reflect.DelegatingConstructorAccessorImpl.newInstance(DelegatingConstructorAccessorImpl.java:45)
	at java.base/java.lang.reflect.Constructor.newInstance(Constructor.java:490)
	at ptolemy.util.test.junit.AutoKnownFailedTests.RunModel(AutoKnownFailedTests.java:105)
	at java.base/jdk.internal.reflect.NativeMethodAccessorImpl.invoke0(Native Method)
	at java.base/jdk.internal.reflect.NativeMethodAccessorImpl.invoke(NativeMethodAccessorImpl.java:62)
	at java.base/jdk.internal.reflect.DelegatingMethodAccessorImpl.invoke(DelegatingMethodAccessorImpl.java:43)
	at java.base/java.lang.reflect.Method.invoke(Method.java:566)
	at org.junit.runners.model.FrameworkMethod$1.runReflectiveCall(FrameworkMethod.java:44)
	at org.junit.internal.runners.model.ReflectiveCallable.run(ReflectiveCallable.java:15)
	at org.junit.runners.model.FrameworkMethod.invokeExplosively(FrameworkMethod.java:41)
	at junitparams.internal.InvokeParameterisedMethod.evaluate(InvokeParameterisedMethod.java:102)
	at org.junit.internal.runners.statements.FailOnTimeout$1.run(FailOnTimeout.java:28)
Caused by: ptolemy.kernel.util.IllegalActionException: Found a zero delay loop containing .dependencyLoop2.original
  in .dependencyLoop2 and .dependencyLoop2.original
	at ptolemy.actor.util.CausalityInterfaceForComposites._computeOutputPortDepth(CausalityInterfaceForComposites.java:759)
	at ptolemy.actor.util.CausalityInterfaceForComposites._computeInputDepth(CausalityInterfaceForComposites.java:696)
	at ptolemy.actor.util.CausalityInterfaceForComposites._computeOutputPortDepth(CausalityInterfaceForComposites.java:765)
	at ptolemy.actor.util.CausalityInterfaceForComposites._computeInputDepth(CausalityInterfaceForComposites.java:696)
	at ptolemy.actor.util.CausalityInterfaceForComposites._computeOutputPortDepth(CausalityInterfaceForComposites.java:765)
	at ptolemy.actor.util.CausalityInterfaceForComposites._computeInputDepth(CausalityInterfaceForComposites.java:696)
	at ptolemy.actor.util.CausalityInterfaceForComposites._computeActorDepth(CausalityInterfaceForComposites.java:532)
	at ptolemy.actor.util.CausalityInterfaceForComposites.checkForCycles(CausalityInterfaceForComposites.java:96)
	at ptolemy.domains.de.kernel.DEDirector.preinitialize(DEDirector.java:1338)
	at ptolemy.actor.CompositeActor.preinitialize(CompositeActor.java:1828)
	at ptolemy.actor.Manager.preinitializeAndResolveTypes(Manager.java:1040)
	at ptolemy.actor.Manager.initialize(Manager.java:710)
	at ptolemy.actor.Manager.execute(Manager.java:356)
	at ptolemy.actor.Manager.run(Manager.java:1263)
	at ptolemy.actor.Manager$PtolemyRunThread.run(Manager.java:1933)
]]></system-err>
</testsuite>
