<?xml version="1.0" encoding="UTF-8" ?>
<testsuite errors="0" failures="0" hostname="travis-job-1db4173d-5ef4-45dc-b279-04da2c356d33" name="ptolemy.domains.sdf.lib.test.junit.JUnitTclTest" skipped="0" tests="82" time="9.725" timestamp="2018-07-27T01:49:23">
  <properties>
[...]
</properties>
  <testcase classname="ptolemy.util.test.junit.TclTests" name="[0] /home/travis/build/icyphy/ptII/ptolemy/domains/sdf/lib/test/ArrayToSequence.tcl (RunTclFile)" time="0.576" />
  <testcase classname="ptolemy.util.test.junit.TclTests" name="[1] /home/travis/build/icyphy/ptII/ptolemy/domains/sdf/lib/test/BitsToInt.tcl (RunTclFile)" time="0.064" />
  <testcase classname="ptolemy.util.test.junit.TclTests" name="[2] /home/travis/build/icyphy/ptII/ptolemy/domains/sdf/lib/test/DelayLine.tcl (RunTclFile)" time="0.035" />
  <testcase classname="ptolemy.util.test.junit.TclTests" name="[3] /home/travis/build/icyphy/ptII/ptolemy/domains/sdf/lib/test/FFT.tcl (RunTclFile)" time="0.041" />
  <testcase classname="ptolemy.util.test.junit.TclTests" name="[4] /home/travis/build/icyphy/ptII/ptolemy/domains/sdf/lib/test/FIR.tcl (RunTclFile)" time="0.124" />
  <testcase classname="ptolemy.util.test.junit.TclTests" name="[5] /home/travis/build/icyphy/ptII/ptolemy/domains/sdf/lib/test/IntToBits.tcl (RunTclFile)" time="0.043" />
  <testcase classname="ptolemy.util.test.junit.TclTests" name="[6] /home/travis/build/icyphy/ptII/ptolemy/domains/sdf/lib/test/MaximumEntropySpectrum.tcl (RunTclFile)" time="0.25" />
  <testcase classname="ptolemy.util.test.junit.TclTests" name="[7] /home/travis/build/icyphy/ptII/ptolemy/domains/sdf/lib/test/Repeat.tcl (RunTclFile)" time="0.047" />
  <testcase classname="ptolemy.util.test.junit.TclTests" name="[8] /home/travis/build/icyphy/ptII/ptolemy/domains/sdf/lib/test/SampleDelay.tcl (RunTclFile)" time="0.084" />
  <testcase classname="ptolemy.util.test.junit.TclTests" name="[9] /home/travis/build/icyphy/ptII/ptolemy/domains/sdf/lib/test/SequenceToArray.tcl (RunTclFile)" time="0.067" />
  <testcase classname="ptolemy.util.test.junit.AutoKnownFailedTests" name="[0] ThereAreNoKnowFailedTests (RunModel)" time="0.008" />
  <testcase classname="ptolemy.util.test.junit.AutoNameArchTests" name="[0] ThereAreNoAutoArchTests (RunModel)" time="0.001" />
  <testcase classname="ptolemy.util.test.junit.AutoTests" name="[0] /home/travis/build/icyphy/ptII/ptolemy/domains/sdf/lib/test/auto/ArrayToSequence.xml (RunModel)" time="0.209" />
  <testcase classname="ptolemy.util.test.junit.AutoTests" name="[1] /home/travis/build/icyphy/ptII/ptolemy/domains/sdf/lib/test/auto/ArrayToSequenceTest.xml (RunModel)" time="0.075" />
  <testcase classname="ptolemy.util.test.junit.AutoTests" name="[2] /home/travis/build/icyphy/ptII/ptolemy/domains/sdf/lib/test/auto/Autocorrelation.xml (RunModel)" time="0.063" />
  <testcase classname="ptolemy.util.test.junit.AutoTests" name="[3] /home/travis/build/icyphy/ptII/ptolemy/domains/sdf/lib/test/auto/Autocorrelation2.xml (RunModel)" time="0.036" />
  <testcase classname="ptolemy.util.test.junit.AutoTests" name="[4] /home/travis/build/icyphy/ptII/ptolemy/domains/sdf/lib/test/auto/Autocorrelation3.xml (RunModel)" time="0.062" />
  <testcase classname="ptolemy.util.test.junit.AutoTests" name="[5] /home/travis/build/icyphy/ptII/ptolemy/domains/sdf/lib/test/auto/Autocorrelation4.xml (RunModel)" time="0.045" />
  <testcase classname="ptolemy.util.test.junit.AutoTests" name="[6] /home/travis/build/icyphy/ptII/ptolemy/domains/sdf/lib/test/auto/Autocorrelation5.xml (RunModel)" time="0.107" />
  <testcase classname="ptolemy.util.test.junit.AutoTests" name="[7] /home/travis/build/icyphy/ptII/ptolemy/domains/sdf/lib/test/auto/BitsToInt.xml (RunModel)" time="0.031" />
  <testcase classname="ptolemy.util.test.junit.AutoTests" name="[8] /home/travis/build/icyphy/ptII/ptolemy/domains/sdf/lib/test/auto/BooleanJoin.xml (RunModel)" time="0.044" />
  <testcase classname="ptolemy.util.test.junit.AutoTests" name="[9] /home/travis/build/icyphy/ptII/ptolemy/domains/sdf/lib/test/auto/BootstrapSampleDelay.xml (RunModel)" time="0.068" />
  <testcase classname="ptolemy.util.test.junit.AutoTests" name="[10] /home/travis/build/icyphy/ptII/ptolemy/domains/sdf/lib/test/auto/Chop.xml (RunModel)" time="0.039" />
  <testcase classname="ptolemy.util.test.junit.AutoTests" name="[11] /home/travis/build/icyphy/ptII/ptolemy/domains/sdf/lib/test/auto/Chop2.xml (RunModel)" time="0.026" />
  <testcase classname="ptolemy.util.test.junit.AutoTests" name="[12] /home/travis/build/icyphy/ptII/ptolemy/domains/sdf/lib/test/auto/ComplexJoin.xml (RunModel)" time="0.022" />
  <testcase classname="ptolemy.util.test.junit.AutoTests" name="[13] /home/travis/build/icyphy/ptII/ptolemy/domains/sdf/lib/test/auto/CountTrues.xml (RunModel)" time="0.025" />
  <testcase classname="ptolemy.util.test.junit.AutoTests" name="[14] /home/travis/build/icyphy/ptII/ptolemy/domains/sdf/lib/test/auto/DelayLine.xml (RunModel)" time="0.037" />
  <testcase classname="ptolemy.util.test.junit.AutoTests" name="[15] /home/travis/build/icyphy/ptII/ptolemy/domains/sdf/lib/test/auto/DotProduct.xml (RunModel)" time="0.028" />
  <testcase classname="ptolemy.util.test.junit.AutoTests" name="[16] /home/travis/build/icyphy/ptII/ptolemy/domains/sdf/lib/test/auto/DotProductMatrix.xml (RunModel)" time="0.02" />
  <testcase classname="ptolemy.util.test.junit.AutoTests" name="[17] /home/travis/build/icyphy/ptII/ptolemy/domains/sdf/lib/test/auto/DownSample1.xml (RunModel)" time="0.024" />
  <testcase classname="ptolemy.util.test.junit.AutoTests" name="[18] /home/travis/build/icyphy/ptII/ptolemy/domains/sdf/lib/test/auto/DynamicRateChange.xml (RunModel)" time="0.039" />
  <testcase classname="ptolemy.util.test.junit.AutoTests" name="[19] /home/travis/build/icyphy/ptII/ptolemy/domains/sdf/lib/test/auto/DynamicRates.xml (RunModel)" time="0.038" />
  <testcase classname="ptolemy.util.test.junit.AutoTests" name="[20] /home/travis/build/icyphy/ptII/ptolemy/domains/sdf/lib/test/auto/FFT1.xml (RunModel)" time="0.046" />
  <testcase classname="ptolemy.util.test.junit.AutoTests" name="[21] /home/travis/build/icyphy/ptII/ptolemy/domains/sdf/lib/test/auto/FIR1.xml (RunModel)" time="0.066" />
  <testcase classname="ptolemy.util.test.junit.AutoTests" name="[22] /home/travis/build/icyphy/ptII/ptolemy/domains/sdf/lib/test/auto/FIR2.xml (RunModel)" time="0.023" />
  <testcase classname="ptolemy.util.test.junit.AutoTests" name="[23] /home/travis/build/icyphy/ptII/ptolemy/domains/sdf/lib/test/auto/FIR4.xml (RunModel)" time="0.051" />
  <testcase classname="ptolemy.util.test.junit.AutoTests" name="[24] /home/travis/build/icyphy/ptII/ptolemy/domains/sdf/lib/test/auto/FixJoin.xml (RunModel)" time="0.047" />
  <testcase classname="ptolemy.util.test.junit.AutoTests" name="[25] /home/travis/build/icyphy/ptII/ptolemy/domains/sdf/lib/test/auto/IntJoin1.xml (RunModel)" time="0.025" />
  <testcase classname="ptolemy.util.test.junit.AutoTests" name="[26] /home/travis/build/icyphy/ptII/ptolemy/domains/sdf/lib/test/auto/IntJoin2.xml (RunModel)" time="0.027" />
  <testcase classname="ptolemy.util.test.junit.AutoTests" name="[27] /home/travis/build/icyphy/ptII/ptolemy/domains/sdf/lib/test/auto/IntJoin3.xml (RunModel)" time="0.026" />
  <testcase classname="ptolemy.util.test.junit.AutoTests" name="[28] /home/travis/build/icyphy/ptII/ptolemy/domains/sdf/lib/test/auto/IntJoin4.xml (RunModel)" time="0.028" />
  <testcase classname="ptolemy.util.test.junit.AutoTests" name="[29] /home/travis/build/icyphy/ptII/ptolemy/domains/sdf/lib/test/auto/IntJoin5.xml (RunModel)" time="0.029" />
  <testcase classname="ptolemy.util.test.junit.AutoTests" name="[30] /home/travis/build/icyphy/ptII/ptolemy/domains/sdf/lib/test/auto/IntToBits.xml (RunModel)" time="0.023" />
  <testcase classname="ptolemy.util.test.junit.AutoTests" name="[31] /home/travis/build/icyphy/ptII/ptolemy/domains/sdf/lib/test/auto/LMSAdaptive.xml (RunModel)" time="0.09" />
  <testcase classname="ptolemy.util.test.junit.AutoTests" name="[32] /home/travis/build/icyphy/ptII/ptolemy/domains/sdf/lib/test/auto/LMSAdaptiveFIR.xml (RunModel)" time="0.348" />
  <testcase classname="ptolemy.util.test.junit.AutoTests" name="[33] /home/travis/build/icyphy/ptII/ptolemy/domains/sdf/lib/test/auto/LMSAdaptiveFIR2.xml (RunModel)" time="0.495" />
  <testcase classname="ptolemy.util.test.junit.AutoTests" name="[34] /home/travis/build/icyphy/ptII/ptolemy/domains/sdf/lib/test/auto/LongJoin.xml (RunModel)" time="0.034" />
  <testcase classname="ptolemy.util.test.junit.AutoTests" name="[35] /home/travis/build/icyphy/ptII/ptolemy/domains/sdf/lib/test/auto/Matrix1.xml (RunModel)" time="0.031" />
  <testcase classname="ptolemy.util.test.junit.AutoTests" name="[36] /home/travis/build/icyphy/ptII/ptolemy/domains/sdf/lib/test/auto/Matrix2.xml (RunModel)" time="0.025" />
  <testcase classname="ptolemy.util.test.junit.AutoTests" name="[37] /home/travis/build/icyphy/ptII/ptolemy/domains/sdf/lib/test/auto/MatrixJoin1.xml (RunModel)" time="0.066" />
  <testcase classname="ptolemy.util.test.junit.AutoTests" name="[38] /home/travis/build/icyphy/ptII/ptolemy/domains/sdf/lib/test/auto/MatrixJoin2.xml (RunModel)" time="0.022" />
  <testcase classname="ptolemy.util.test.junit.AutoTests" name="[39] /home/travis/build/icyphy/ptII/ptolemy/domains/sdf/lib/test/auto/MatrixJoin3.xml (RunModel)" time="0.022" />
  <testcase classname="ptolemy.util.test.junit.AutoTests" name="[40] /home/travis/build/icyphy/ptII/ptolemy/domains/sdf/lib/test/auto/MatrixJoin4.xml (RunModel)" time="0.027" />
  <testcase classname="ptolemy.util.test.junit.AutoTests" name="[41] /home/travis/build/icyphy/ptII/ptolemy/domains/sdf/lib/test/auto/MatrixJoin5.xml (RunModel)" time="0.023" />
  <testcase classname="ptolemy.util.test.junit.AutoTests" name="[42] /home/travis/build/icyphy/ptII/ptolemy/domains/sdf/lib/test/auto/MatrixSplit1.xml (RunModel)" time="0.035" />
  <testcase classname="ptolemy.util.test.junit.AutoTests" name="[43] /home/travis/build/icyphy/ptII/ptolemy/domains/sdf/lib/test/auto/MatrixSplit10.xml (RunModel)" time="0.032" />
  <testcase classname="ptolemy.util.test.junit.AutoTests" name="[44] /home/travis/build/icyphy/ptII/ptolemy/domains/sdf/lib/test/auto/MatrixSplit11.xml (RunModel)" time="0.019" />
  <testcase classname="ptolemy.util.test.junit.AutoTests" name="[45] /home/travis/build/icyphy/ptII/ptolemy/domains/sdf/lib/test/auto/MatrixSplit12.xml (RunModel)" time="0.027" />
  <testcase classname="ptolemy.util.test.junit.AutoTests" name="[46] /home/travis/build/icyphy/ptII/ptolemy/domains/sdf/lib/test/auto/MatrixSplit13.xml (RunModel)" time="0.04" />
  <testcase classname="ptolemy.util.test.junit.AutoTests" name="[47] /home/travis/build/icyphy/ptII/ptolemy/domains/sdf/lib/test/auto/MatrixSplit14.xml (RunModel)" time="0.021" />
  <testcase classname="ptolemy.util.test.junit.AutoTests" name="[48] /home/travis/build/icyphy/ptII/ptolemy/domains/sdf/lib/test/auto/MatrixSplit2.xml (RunModel)" time="0.023" />
  <testcase classname="ptolemy.util.test.junit.AutoTests" name="[49] /home/travis/build/icyphy/ptII/ptolemy/domains/sdf/lib/test/auto/MatrixSplit3.xml (RunModel)" time="0.021" />
  <testcase classname="ptolemy.util.test.junit.AutoTests" name="[50] /home/travis/build/icyphy/ptII/ptolemy/domains/sdf/lib/test/auto/MatrixSplit4.xml (RunModel)" time="0.021" />
  <testcase classname="ptolemy.util.test.junit.AutoTests" name="[51] /home/travis/build/icyphy/ptII/ptolemy/domains/sdf/lib/test/auto/MatrixSplit5.xml (RunModel)" time="0.016" />
  <testcase classname="ptolemy.util.test.junit.AutoTests" name="[52] /home/travis/build/icyphy/ptII/ptolemy/domains/sdf/lib/test/auto/MatrixSplit6.xml (RunModel)" time="0.019" />
  <testcase classname="ptolemy.util.test.junit.AutoTests" name="[53] /home/travis/build/icyphy/ptII/ptolemy/domains/sdf/lib/test/auto/MatrixSplit7.xml (RunModel)" time="0.015" />
  <testcase classname="ptolemy.util.test.junit.AutoTests" name="[54] /home/travis/build/icyphy/ptII/ptolemy/domains/sdf/lib/test/auto/MatrixSplit8.xml (RunModel)" time="0.02" />
  <testcase classname="ptolemy.util.test.junit.AutoTests" name="[55] /home/travis/build/icyphy/ptII/ptolemy/domains/sdf/lib/test/auto/MatrixSplit9.xml (RunModel)" time="0.038" />
  <testcase classname="ptolemy.util.test.junit.AutoTests" name="[56] /home/travis/build/icyphy/ptII/ptolemy/domains/sdf/lib/test/auto/MatrixToSequence.xml (RunModel)" time="0.049" />
  <testcase classname="ptolemy.util.test.junit.AutoTests" name="[57] /home/travis/build/icyphy/ptII/ptolemy/domains/sdf/lib/test/auto/MaximumEntropySpectrum.xml (RunModel)" time="0.109" />
  <testcase classname="ptolemy.util.test.junit.AutoTests" name="[58] /home/travis/build/icyphy/ptII/ptolemy/domains/sdf/lib/test/auto/SampleDelayConversion.xml (RunModel)" time="0.027" />
  <testcase classname="ptolemy.util.test.junit.AutoTests" name="[59] /home/travis/build/icyphy/ptII/ptolemy/domains/sdf/lib/test/auto/SequenceToArray.xml (RunModel)" time="0.065" />
  <testcase classname="ptolemy.util.test.junit.AutoTests" name="[60] /home/travis/build/icyphy/ptII/ptolemy/domains/sdf/lib/test/auto/SequenceToMatrix.xml (RunModel)" time="4.283" />
  <testcase classname="ptolemy.util.test.junit.AutoTests" name="[61] /home/travis/build/icyphy/ptII/ptolemy/domains/sdf/lib/test/auto/SmoothedPeriodogram.xml (RunModel)" time="0.093" />
  <testcase classname="ptolemy.util.test.junit.AutoTests" name="[62] /home/travis/build/icyphy/ptII/ptolemy/domains/sdf/lib/test/auto/UpDownSample1.xml (RunModel)" time="0.023" />
  <testcase classname="ptolemy.util.test.junit.AutoTests" name="[63] /home/travis/build/icyphy/ptII/ptolemy/domains/sdf/lib/test/auto/UpSample1.xml (RunModel)" time="0.024" />
  <testcase classname="ptolemy.util.test.junit.AutoTests" name="[64] /home/travis/build/icyphy/ptII/ptolemy/domains/sdf/lib/test/auto/VariableFIR.xml (RunModel)" time="0.036" />
  <testcase classname="ptolemy.util.test.junit.AutoTests" name="[65] /home/travis/build/icyphy/ptII/ptolemy/domains/sdf/lib/test/auto/VariableFIR2.xml (RunModel)" time="0.035" />
  <testcase classname="ptolemy.util.test.junit.AutoTests" name="[66] /home/travis/build/icyphy/ptII/ptolemy/domains/sdf/lib/test/auto/VariableLattice.xml (RunModel)" time="0.032" />
  <testcase classname="ptolemy.util.test.junit.AutoTests" name="[67] /home/travis/build/icyphy/ptII/ptolemy/domains/sdf/lib/test/auto/VariableLattice2.xml (RunModel)" time="0.023" />
  <testcase classname="ptolemy.util.test.junit.AutoTests" name="[68] /home/travis/build/icyphy/ptII/ptolemy/domains/sdf/lib/test/auto/VariableRecursiveLattice.xml (RunModel)" time="0.02" />
  <testcase classname="ptolemy.util.test.junit.AutoTests" name="[69] /home/travis/build/icyphy/ptII/ptolemy/domains/sdf/lib/test/auto/VariableRecursiveLattice2.xml (RunModel)" time="0.018" />
  <system-out><![CDATA[/home/travis/build/icyphy/ptII/ptolemy/domains/sdf/lib/test/ArrayToSequence.tcl
testDefs.tcl: setting time out to 9000 seconds at Fri Jul 27 01:49:23 UTC 2018
74 ms. Memory: 116224K Free: 110180K (95%)
10 ms. Memory: 116224K Free: 108372K (93%)
23 ms. Memory: 116224K Free: 106564K (92%)
12 ms. Memory: 116224K Free: 105369K (91%)
/home/travis/build/icyphy/ptII/ptolemy/domains/sdf/lib/test/BitsToInt.tcl
23 ms. Memory: 116224K Free: 103602K (89%)
10 ms. Memory: 116224K Free: 101762K (88%)
/home/travis/build/icyphy/ptII/ptolemy/domains/sdf/lib/test/DelayLine.tcl
16 ms. Memory: 116224K Free: 99986K (86%)
/home/travis/build/icyphy/ptII/ptolemy/domains/sdf/lib/test/FFT.tcl
5 ms. Memory: 116224K Free: 98195K (84%)
/home/travis/build/icyphy/ptII/ptolemy/domains/sdf/lib/test/FIR.tcl
12 ms. Memory: 116224K Free: 95798K (82%)
7 ms. Memory: 116224K Free: 95201K (82%)
ptolemy.kernel.util.IllegalActionException: multiplyReverse method not supported between ptolemy.data.FixToken 'fix(-0.0625,6,2)' and ptolemy.data.IntToken '1' because the types are incomparable.
  in .top.FIRclone
Because:
multiplyReverse method not supported between ptolemy.data.FixToken 'fix(-0.0625,6,2)' and ptolemy.data.IntToken '1' because the types are incomparable.
33 ms. Memory: 116224K Free: 92781K (80%)
/home/travis/build/icyphy/ptII/ptolemy/domains/sdf/lib/test/IntToBits.tcl
10 ms. Memory: 116224K Free: 90965K (78%)
5 ms. Memory: 116224K Free: 89174K (77%)
/home/travis/build/icyphy/ptII/ptolemy/domains/sdf/lib/test/MaximumEntropySpectrum.tcl
/home/travis/build/icyphy/ptII/ptolemy/domains/sdf/lib/test/Repeat.tcl
14 ms. Memory: 146944K Free: 118260K (80%)
/home/travis/build/icyphy/ptII/ptolemy/domains/sdf/lib/test/SampleDelay.tcl
6 ms. Memory: 146944K Free: 115862K (79%)
4 ms. Memory: 146944K Free: 115862K (79%)
12 ms. Memory: 146944K Free: 114671K (78%)
3 ms. Memory: 146944K Free: 113465K (77%)
18 ms. Memory: 146944K Free: 113465K (77%)
2 ms. Memory: 146944K Free: 112258K (76%)
/home/travis/build/icyphy/ptII/ptolemy/domains/sdf/lib/test/SequenceToArray.tcl
12 ms. Memory: 146944K Free: 111051K (76%)
11 ms. Memory: 146944K Free: 109861K (75%)
12 ms. Memory: 146944K Free: 108670K (74%)
4 ms. Memory: 146944K Free: 107463K (73%)
07/27/18 01:49:25
Failed: 0  Total Tests: 41  ((Passed: 41, Newly Passed: 0)  Known Failed: 0) /home/travis/build/icyphy/ptII/ptolemy/domains/sdf/lib/test
No auto/knownFailedTests/*.xml tests in /home/travis/build/icyphy/ptII/ptolemy/domains/sdf/lib/test
No auto/linux-amd64/*.xml tests in /home/travis/build/icyphy/ptII/ptolemy/domains/sdf/lib/test
AutoTests.java: About to close Vertx.
AutoTests.java: Vertx closed.

===========================================================================================
----------------- testing Fri Jul 27 01:49:25 UTC 2018 /home/travis/build/icyphy/ptII/ptolemy/domains/sdf/lib/test/auto/ArrayToSequence.xml
----------------- Instantiating /home/travis/build/icyphy/ptII/ptolemy/domains/sdf/lib/test/auto/ArrayToSequence.xml
35 ms. Memory: 146944K Free: 125316K (85%)
----------------- Invoking toplevel() on ptolemy.moml.MoMLSimpleApplication@643011b8
----------------- Done invoking toplevel() on ptolemy.moml.MoMLSimpleApplication@643011b8
reloadAllAccessors: .ArrayToSequence

===========================================================================================
----------------- testing Fri Jul 27 01:49:25 UTC 2018 /home/travis/build/icyphy/ptII/ptolemy/domains/sdf/lib/test/auto/ArrayToSequenceTest.xml
----------------- Instantiating /home/travis/build/icyphy/ptII/ptolemy/domains/sdf/lib/test/auto/ArrayToSequenceTest.xml
22 ms. Memory: 146944K Free: 117845K (80%)
----------------- Invoking toplevel() on ptolemy.moml.MoMLSimpleApplication@448a44c7
----------------- Done invoking toplevel() on ptolemy.moml.MoMLSimpleApplication@448a44c7
reloadAllAccessors: .ArrayToSequenceTest

===========================================================================================
----------------- testing Fri Jul 27 01:49:25 UTC 2018 /home/travis/build/icyphy/ptII/ptolemy/domains/sdf/lib/test/auto/Autocorrelation.xml
----------------- Instantiating /home/travis/build/icyphy/ptII/ptolemy/domains/sdf/lib/test/auto/Autocorrelation.xml
12 ms. Memory: 146944K Free: 113283K (77%)
----------------- Invoking toplevel() on ptolemy.moml.MoMLSimpleApplication@8244562
----------------- Done invoking toplevel() on ptolemy.moml.MoMLSimpleApplication@8244562
reloadAllAccessors: .Autocorrelation

===========================================================================================
----------------- testing Fri Jul 27 01:49:25 UTC 2018 /home/travis/build/icyphy/ptII/ptolemy/domains/sdf/lib/test/auto/Autocorrelation2.xml
----------------- Instantiating /home/travis/build/icyphy/ptII/ptolemy/domains/sdf/lib/test/auto/Autocorrelation2.xml
4 ms. Memory: 146944K Free: 108640K (74%)
----------------- Invoking toplevel() on ptolemy.moml.MoMLSimpleApplication@656d5f61
----------------- Done invoking toplevel() on ptolemy.moml.MoMLSimpleApplication@656d5f61
reloadAllAccessors: .Autocorrelation2

===========================================================================================
----------------- testing Fri Jul 27 01:49:25 UTC 2018 /home/travis/build/icyphy/ptII/ptolemy/domains/sdf/lib/test/auto/Autocorrelation3.xml
----------------- Instantiating /home/travis/build/icyphy/ptII/ptolemy/domains/sdf/lib/test/auto/Autocorrelation3.xml
10 ms. Memory: 146944K Free: 103282K (70%)
----------------- Invoking toplevel() on ptolemy.moml.MoMLSimpleApplication@1597df68
----------------- Done invoking toplevel() on ptolemy.moml.MoMLSimpleApplication@1597df68
reloadAllAccessors: .Autocorrelation3

===========================================================================================
----------------- testing Fri Jul 27 01:49:25 UTC 2018 /home/travis/build/icyphy/ptII/ptolemy/domains/sdf/lib/test/auto/Autocorrelation4.xml
----------------- Instantiating /home/travis/build/icyphy/ptII/ptolemy/domains/sdf/lib/test/auto/Autocorrelation4.xml
9 ms. Memory: 146944K Free: 98647K (67%)
----------------- Invoking toplevel() on ptolemy.moml.MoMLSimpleApplication@79aaacf6
----------------- Done invoking toplevel() on ptolemy.moml.MoMLSimpleApplication@79aaacf6
reloadAllAccessors: .Autocorrelation4

===========================================================================================
----------------- testing Fri Jul 27 01:49:26 UTC 2018 /home/travis/build/icyphy/ptII/ptolemy/domains/sdf/lib/test/auto/Autocorrelation5.xml
----------------- Instantiating /home/travis/build/icyphy/ptII/ptolemy/domains/sdf/lib/test/auto/Autocorrelation5.xml
53 ms. Memory: 146944K Free: 91531K (62%)
----------------- Invoking toplevel() on ptolemy.moml.MoMLSimpleApplication@13757f84
----------------- Done invoking toplevel() on ptolemy.moml.MoMLSimpleApplication@13757f84
reloadAllAccessors: .Autocorrelation5

===========================================================================================
----------------- testing Fri Jul 27 01:49:26 UTC 2018 /home/travis/build/icyphy/ptII/ptolemy/domains/sdf/lib/test/auto/BitsToInt.xml
----------------- Instantiating /home/travis/build/icyphy/ptII/ptolemy/domains/sdf/lib/test/auto/BitsToInt.xml
2 ms. Memory: 146944K Free: 86646K (59%)
----------------- Invoking toplevel() on ptolemy.moml.MoMLSimpleApplication@464e93ae
----------------- Done invoking toplevel() on ptolemy.moml.MoMLSimpleApplication@464e93ae
reloadAllAccessors: .BitsToInt

===========================================================================================
----------------- testing Fri Jul 27 01:49:26 UTC 2018 /home/travis/build/icyphy/ptII/ptolemy/domains/sdf/lib/test/auto/BooleanJoin.xml
----------------- Instantiating /home/travis/build/icyphy/ptII/ptolemy/domains/sdf/lib/test/auto/BooleanJoin.xml
5 ms. Memory: 146944K Free: 82060K (56%)
----------------- Invoking toplevel() on ptolemy.moml.MoMLSimpleApplication@39aff13b
----------------- Done invoking toplevel() on ptolemy.moml.MoMLSimpleApplication@39aff13b
reloadAllAccessors: .BooleanJoin

===========================================================================================
----------------- testing Fri Jul 27 01:49:26 UTC 2018 /home/travis/build/icyphy/ptII/ptolemy/domains/sdf/lib/test/auto/BootstrapSampleDelay.xml
----------------- Instantiating /home/travis/build/icyphy/ptII/ptolemy/domains/sdf/lib/test/auto/BootstrapSampleDelay.xml
37 ms. Memory: 208384K Free: 200496K (96%)
----------------- Invoking toplevel() on ptolemy.moml.MoMLSimpleApplication@152763bf
----------------- Done invoking toplevel() on ptolemy.moml.MoMLSimpleApplication@152763bf
reloadAllAccessors: .BootstrapSampleDelay

===========================================================================================
----------------- testing Fri Jul 27 01:49:26 UTC 2018 /home/travis/build/icyphy/ptII/ptolemy/domains/sdf/lib/test/auto/Chop.xml
----------------- Instantiating /home/travis/build/icyphy/ptII/ptolemy/domains/sdf/lib/test/auto/Chop.xml
4 ms. Memory: 208384K Free: 189218K (91%)
----------------- Invoking toplevel() on ptolemy.moml.MoMLSimpleApplication@528deb8f
----------------- Done invoking toplevel() on ptolemy.moml.MoMLSimpleApplication@528deb8f
reloadAllAccessors: .Chop

===========================================================================================
----------------- testing Fri Jul 27 01:49:26 UTC 2018 /home/travis/build/icyphy/ptII/ptolemy/domains/sdf/lib/test/auto/Chop2.xml
----------------- Instantiating /home/travis/build/icyphy/ptII/ptolemy/domains/sdf/lib/test/auto/Chop2.xml
4 ms. Memory: 208384K Free: 182459K (88%)
----------------- Invoking toplevel() on ptolemy.moml.MoMLSimpleApplication@42580e55
----------------- Done invoking toplevel() on ptolemy.moml.MoMLSimpleApplication@42580e55
reloadAllAccessors: .Chop2

===========================================================================================
----------------- testing Fri Jul 27 01:49:26 UTC 2018 /home/travis/build/icyphy/ptII/ptolemy/domains/sdf/lib/test/auto/ComplexJoin.xml
----------------- Instantiating /home/travis/build/icyphy/ptII/ptolemy/domains/sdf/lib/test/auto/ComplexJoin.xml
3 ms. Memory: 208384K Free: 177504K (85%)
----------------- Invoking toplevel() on ptolemy.moml.MoMLSimpleApplication@84f01da
----------------- Done invoking toplevel() on ptolemy.moml.MoMLSimpleApplication@84f01da
reloadAllAccessors: .ComplexJoin

===========================================================================================
----------------- testing Fri Jul 27 01:49:26 UTC 2018 /home/travis/build/icyphy/ptII/ptolemy/domains/sdf/lib/test/auto/CountTrues.xml
----------------- Instantiating /home/travis/build/icyphy/ptII/ptolemy/domains/sdf/lib/test/auto/CountTrues.xml
4 ms. Memory: 208384K Free: 174416K (84%)
----------------- Invoking toplevel() on ptolemy.moml.MoMLSimpleApplication@56d34e27
----------------- Done invoking toplevel() on ptolemy.moml.MoMLSimpleApplication@56d34e27
reloadAllAccessors: .CountTrues

===========================================================================================
----------------- testing Fri Jul 27 01:49:26 UTC 2018 /home/travis/build/icyphy/ptII/ptolemy/domains/sdf/lib/test/auto/DelayLine.xml
----------------- Instantiating /home/travis/build/icyphy/ptII/ptolemy/domains/sdf/lib/test/auto/DelayLine.xml
4 ms. Memory: 208384K Free: 167335K (80%)
----------------- Invoking toplevel() on ptolemy.moml.MoMLSimpleApplication@4f7b1f65
----------------- Done invoking toplevel() on ptolemy.moml.MoMLSimpleApplication@4f7b1f65
reloadAllAccessors: .DelayLine

===========================================================================================
----------------- testing Fri Jul 27 01:49:26 UTC 2018 /home/travis/build/icyphy/ptII/ptolemy/domains/sdf/lib/test/auto/DotProduct.xml
----------------- Instantiating /home/travis/build/icyphy/ptII/ptolemy/domains/sdf/lib/test/auto/DotProduct.xml
5 ms. Memory: 208384K Free: 164245K (79%)
----------------- Invoking toplevel() on ptolemy.moml.MoMLSimpleApplication@61edc46
----------------- Done invoking toplevel() on ptolemy.moml.MoMLSimpleApplication@61edc46
reloadAllAccessors: .DotProduct

===========================================================================================
----------------- testing Fri Jul 27 01:49:26 UTC 2018 /home/travis/build/icyphy/ptII/ptolemy/domains/sdf/lib/test/auto/DotProductMatrix.xml
----------------- Instantiating /home/travis/build/icyphy/ptII/ptolemy/domains/sdf/lib/test/auto/DotProductMatrix.xml
4 ms. Memory: 208384K Free: 161157K (77%)
----------------- Invoking toplevel() on ptolemy.moml.MoMLSimpleApplication@5d54656b
----------------- Done invoking toplevel() on ptolemy.moml.MoMLSimpleApplication@5d54656b
reloadAllAccessors: .DotProductMatrix

===========================================================================================
----------------- testing Fri Jul 27 01:49:26 UTC 2018 /home/travis/build/icyphy/ptII/ptolemy/domains/sdf/lib/test/auto/DownSample1.xml
----------------- Instantiating /home/travis/build/icyphy/ptII/ptolemy/domains/sdf/lib/test/auto/DownSample1.xml
5 ms. Memory: 208384K Free: 157439K (76%)
----------------- Invoking toplevel() on ptolemy.moml.MoMLSimpleApplication@5e756957
----------------- Done invoking toplevel() on ptolemy.moml.MoMLSimpleApplication@5e756957
reloadAllAccessors: .DownSample1

===========================================================================================
----------------- testing Fri Jul 27 01:49:26 UTC 2018 /home/travis/build/icyphy/ptII/ptolemy/domains/sdf/lib/test/auto/DynamicRateChange.xml
----------------- Instantiating /home/travis/build/icyphy/ptII/ptolemy/domains/sdf/lib/test/auto/DynamicRateChange.xml
14 ms. Memory: 208384K Free: 149744K (72%)
----------------- Invoking toplevel() on ptolemy.moml.MoMLSimpleApplication@7cde5b92
----------------- Done invoking toplevel() on ptolemy.moml.MoMLSimpleApplication@7cde5b92
reloadAllAccessors: .DynamicRateChange

===========================================================================================
----------------- testing Fri Jul 27 01:49:26 UTC 2018 /home/travis/build/icyphy/ptII/ptolemy/domains/sdf/lib/test/auto/DynamicRates.xml
----------------- Instantiating /home/travis/build/icyphy/ptII/ptolemy/domains/sdf/lib/test/auto/DynamicRates.xml
15 ms. Memory: 208384K Free: 144732K (69%)
----------------- Invoking toplevel() on ptolemy.moml.MoMLSimpleApplication@10f2f352
----------------- Done invoking toplevel() on ptolemy.moml.MoMLSimpleApplication@10f2f352
reloadAllAccessors: .DynamicRates

===========================================================================================
----------------- testing Fri Jul 27 01:49:26 UTC 2018 /home/travis/build/icyphy/ptII/ptolemy/domains/sdf/lib/test/auto/FFT1.xml
----------------- Instantiating /home/travis/build/icyphy/ptII/ptolemy/domains/sdf/lib/test/auto/FFT1.xml
13 ms. Memory: 208384K Free: 139154K (67%)
----------------- Invoking toplevel() on ptolemy.moml.MoMLSimpleApplication@230846ee
----------------- Done invoking toplevel() on ptolemy.moml.MoMLSimpleApplication@230846ee
reloadAllAccessors: .FFT1

===========================================================================================
----------------- testing Fri Jul 27 01:49:26 UTC 2018 /home/travis/build/icyphy/ptII/ptolemy/domains/sdf/lib/test/auto/FIR1.xml
----------------- Instantiating /home/travis/build/icyphy/ptII/ptolemy/domains/sdf/lib/test/auto/FIR1.xml
22 ms. Memory: 208384K Free: 131055K (63%)
----------------- Invoking toplevel() on ptolemy.moml.MoMLSimpleApplication@4dd3e4f5
----------------- Done invoking toplevel() on ptolemy.moml.MoMLSimpleApplication@4dd3e4f5
reloadAllAccessors: .FIR1

===========================================================================================
----------------- testing Fri Jul 27 01:49:26 UTC 2018 /home/travis/build/icyphy/ptII/ptolemy/domains/sdf/lib/test/auto/FIR2.xml
----------------- Instantiating /home/travis/build/icyphy/ptII/ptolemy/domains/sdf/lib/test/auto/FIR2.xml
5 ms. Memory: 208384K Free: 125833K (60%)
----------------- Invoking toplevel() on ptolemy.moml.MoMLSimpleApplication@17f19046
----------------- Done invoking toplevel() on ptolemy.moml.MoMLSimpleApplication@17f19046
reloadAllAccessors: .FIR2

===========================================================================================
----------------- testing Fri Jul 27 01:49:26 UTC 2018 /home/travis/build/icyphy/ptII/ptolemy/domains/sdf/lib/test/auto/FIR4.xml
----------------- Instantiating /home/travis/build/icyphy/ptII/ptolemy/domains/sdf/lib/test/auto/FIR4.xml
8 ms. Memory: 208384K Free: 117183K (56%)
----------------- Invoking toplevel() on ptolemy.moml.MoMLSimpleApplication@90fdd67
----------------- Done invoking toplevel() on ptolemy.moml.MoMLSimpleApplication@90fdd67
reloadAllAccessors: .FIR4

===========================================================================================
----------------- testing Fri Jul 27 01:49:26 UTC 2018 /home/travis/build/icyphy/ptII/ptolemy/domains/sdf/lib/test/auto/FixJoin.xml
----------------- Instantiating /home/travis/build/icyphy/ptII/ptolemy/domains/sdf/lib/test/auto/FixJoin.xml
6 ms. Memory: 208384K Free: 112187K (54%)
----------------- Invoking toplevel() on ptolemy.moml.MoMLSimpleApplication@4362cd54
----------------- Done invoking toplevel() on ptolemy.moml.MoMLSimpleApplication@4362cd54
reloadAllAccessors: .FixJoin

===========================================================================================
----------------- testing Fri Jul 27 01:49:26 UTC 2018 /home/travis/build/icyphy/ptII/ptolemy/domains/sdf/lib/test/auto/IntJoin1.xml
----------------- Instantiating /home/travis/build/icyphy/ptII/ptolemy/domains/sdf/lib/test/auto/IntJoin1.xml
3 ms. Memory: 208384K Free: 107854K (52%)
----------------- Invoking toplevel() on ptolemy.moml.MoMLSimpleApplication@3de5b818
----------------- Done invoking toplevel() on ptolemy.moml.MoMLSimpleApplication@3de5b818
reloadAllAccessors: .IntJoin1

===========================================================================================
----------------- testing Fri Jul 27 01:49:26 UTC 2018 /home/travis/build/icyphy/ptII/ptolemy/domains/sdf/lib/test/auto/IntJoin2.xml
----------------- Instantiating /home/travis/build/icyphy/ptII/ptolemy/domains/sdf/lib/test/auto/IntJoin2.xml
7 ms. Memory: 208384K Free: 101388K (49%)
----------------- Invoking toplevel() on ptolemy.moml.MoMLSimpleApplication@2f9677d7
----------------- Done invoking toplevel() on ptolemy.moml.MoMLSimpleApplication@2f9677d7
reloadAllAccessors: .IntJoin2

===========================================================================================
----------------- testing Fri Jul 27 01:49:26 UTC 2018 /home/travis/build/icyphy/ptII/ptolemy/domains/sdf/lib/test/auto/IntJoin3.xml
----------------- Instantiating /home/travis/build/icyphy/ptII/ptolemy/domains/sdf/lib/test/auto/IntJoin3.xml
5 ms. Memory: 208384K Free: 96464K (46%)
----------------- Invoking toplevel() on ptolemy.moml.MoMLSimpleApplication@70ef72b4
----------------- Done invoking toplevel() on ptolemy.moml.MoMLSimpleApplication@70ef72b4
reloadAllAccessors: .IntJoin3

===========================================================================================
----------------- testing Fri Jul 27 01:49:26 UTC 2018 /home/travis/build/icyphy/ptII/ptolemy/domains/sdf/lib/test/auto/IntJoin4.xml
----------------- Instantiating /home/travis/build/icyphy/ptII/ptolemy/domains/sdf/lib/test/auto/IntJoin4.xml
4 ms. Memory: 208384K Free: 91533K (44%)
----------------- Invoking toplevel() on ptolemy.moml.MoMLSimpleApplication@1038e1f1
----------------- Done invoking toplevel() on ptolemy.moml.MoMLSimpleApplication@1038e1f1
reloadAllAccessors: .IntJoin4

===========================================================================================
----------------- testing Fri Jul 27 01:49:26 UTC 2018 /home/travis/build/icyphy/ptII/ptolemy/domains/sdf/lib/test/auto/IntJoin5.xml
----------------- Instantiating /home/travis/build/icyphy/ptII/ptolemy/domains/sdf/lib/test/auto/IntJoin5.xml
4 ms. Memory: 208384K Free: 86545K (42%)
----------------- Invoking toplevel() on ptolemy.moml.MoMLSimpleApplication@b1d82
----------------- Done invoking toplevel() on ptolemy.moml.MoMLSimpleApplication@b1d82
reloadAllAccessors: .IntJoin5

===========================================================================================
----------------- testing Fri Jul 27 01:49:26 UTC 2018 /home/travis/build/icyphy/ptII/ptolemy/domains/sdf/lib/test/auto/IntToBits.xml
----------------- Instantiating /home/travis/build/icyphy/ptII/ptolemy/domains/sdf/lib/test/auto/IntToBits.xml
10 ms. Memory: 208384K Free: 81922K (39%)
----------------- Invoking toplevel() on ptolemy.moml.MoMLSimpleApplication@69d46160
----------------- Done invoking toplevel() on ptolemy.moml.MoMLSimpleApplication@69d46160
reloadAllAccessors: .IntToBits

===========================================================================================
----------------- testing Fri Jul 27 01:49:26 UTC 2018 /home/travis/build/icyphy/ptII/ptolemy/domains/sdf/lib/test/auto/LMSAdaptive.xml
----------------- Instantiating /home/travis/build/icyphy/ptII/ptolemy/domains/sdf/lib/test/auto/LMSAdaptive.xml
10 ms. Memory: 208384K Free: 194761K (93%)
----------------- Invoking toplevel() on ptolemy.moml.MoMLSimpleApplication@1b93813b
----------------- Done invoking toplevel() on ptolemy.moml.MoMLSimpleApplication@1b93813b
reloadAllAccessors: .LMSAdaptive

===========================================================================================
----------------- testing Fri Jul 27 01:49:27 UTC 2018 /home/travis/build/icyphy/ptII/ptolemy/domains/sdf/lib/test/auto/LMSAdaptiveFIR.xml
----------------- Instantiating /home/travis/build/icyphy/ptII/ptolemy/domains/sdf/lib/test/auto/LMSAdaptiveFIR.xml
250 ms. Memory: 208384K Free: 154316K (74%)
----------------- Invoking toplevel() on ptolemy.moml.MoMLSimpleApplication@69b972e8
----------------- Done invoking toplevel() on ptolemy.moml.MoMLSimpleApplication@69b972e8
reloadAllAccessors: .LMSAdaptiveFIR

===========================================================================================
----------------- testing Fri Jul 27 01:49:27 UTC 2018 /home/travis/build/icyphy/ptII/ptolemy/domains/sdf/lib/test/auto/LMSAdaptiveFIR2.xml
----------------- Instantiating /home/travis/build/icyphy/ptII/ptolemy/domains/sdf/lib/test/auto/LMSAdaptiveFIR2.xml
402 ms. Memory: 208384K Free: 93301K (45%)
----------------- Invoking toplevel() on ptolemy.moml.MoMLSimpleApplication@17c768df
----------------- Done invoking toplevel() on ptolemy.moml.MoMLSimpleApplication@17c768df
reloadAllAccessors: .LMSAdaptiveFIR2

===========================================================================================
----------------- testing Fri Jul 27 01:49:27 UTC 2018 /home/travis/build/icyphy/ptII/ptolemy/domains/sdf/lib/test/auto/LongJoin.xml
----------------- Instantiating /home/travis/build/icyphy/ptII/ptolemy/domains/sdf/lib/test/auto/LongJoin.xml
6 ms. Memory: 208384K Free: 87894K (42%)
----------------- Invoking toplevel() on ptolemy.moml.MoMLSimpleApplication@1141d299
----------------- Done invoking toplevel() on ptolemy.moml.MoMLSimpleApplication@1141d299
reloadAllAccessors: .LongJoin

===========================================================================================
----------------- testing Fri Jul 27 01:49:27 UTC 2018 /home/travis/build/icyphy/ptII/ptolemy/domains/sdf/lib/test/auto/Matrix1.xml
----------------- Instantiating /home/travis/build/icyphy/ptII/ptolemy/domains/sdf/lib/test/auto/Matrix1.xml
8 ms. Memory: 208384K Free: 83577K (40%)
----------------- Invoking toplevel() on ptolemy.moml.MoMLSimpleApplication@679c2eb0
----------------- Done invoking toplevel() on ptolemy.moml.MoMLSimpleApplication@679c2eb0
reloadAllAccessors: .Matrix1

===========================================================================================
----------------- testing Fri Jul 27 01:49:27 UTC 2018 /home/travis/build/icyphy/ptII/ptolemy/domains/sdf/lib/test/auto/Matrix2.xml
----------------- Instantiating /home/travis/build/icyphy/ptII/ptolemy/domains/sdf/lib/test/auto/Matrix2.xml
3 ms. Memory: 208384K Free: 79260K (38%)
----------------- Invoking toplevel() on ptolemy.moml.MoMLSimpleApplication@7bae5e41
----------------- Done invoking toplevel() on ptolemy.moml.MoMLSimpleApplication@7bae5e41
reloadAllAccessors: .Matrix2

===========================================================================================
----------------- testing Fri Jul 27 01:49:28 UTC 2018 /home/travis/build/icyphy/ptII/ptolemy/domains/sdf/lib/test/auto/MatrixJoin1.xml
----------------- Instantiating /home/travis/build/icyphy/ptII/ptolemy/domains/sdf/lib/test/auto/MatrixJoin1.xml
6 ms. Memory: 333312K Free: 320480K (96%)
----------------- Invoking toplevel() on ptolemy.moml.MoMLSimpleApplication@4a87c109
----------------- Done invoking toplevel() on ptolemy.moml.MoMLSimpleApplication@4a87c109
reloadAllAccessors: .MatrixJoin1

===========================================================================================
----------------- testing Fri Jul 27 01:49:28 UTC 2018 /home/travis/build/icyphy/ptII/ptolemy/domains/sdf/lib/test/auto/MatrixJoin2.xml
----------------- Instantiating /home/travis/build/icyphy/ptII/ptolemy/domains/sdf/lib/test/auto/MatrixJoin2.xml
3 ms. Memory: 333312K Free: 312632K (94%)
----------------- Invoking toplevel() on ptolemy.moml.MoMLSimpleApplication@14b785af
----------------- Done invoking toplevel() on ptolemy.moml.MoMLSimpleApplication@14b785af
reloadAllAccessors: .MatrixJoin2

===========================================================================================
----------------- testing Fri Jul 27 01:49:28 UTC 2018 /home/travis/build/icyphy/ptII/ptolemy/domains/sdf/lib/test/auto/MatrixJoin3.xml
----------------- Instantiating /home/travis/build/icyphy/ptII/ptolemy/domains/sdf/lib/test/auto/MatrixJoin3.xml
2 ms. Memory: 333312K Free: 307700K (92%)
----------------- Invoking toplevel() on ptolemy.moml.MoMLSimpleApplication@74036a78
----------------- Done invoking toplevel() on ptolemy.moml.MoMLSimpleApplication@74036a78
reloadAllAccessors: .MatrixJoin3

===========================================================================================
----------------- testing Fri Jul 27 01:49:28 UTC 2018 /home/travis/build/icyphy/ptII/ptolemy/domains/sdf/lib/test/auto/MatrixJoin4.xml
----------------- Instantiating /home/travis/build/icyphy/ptII/ptolemy/domains/sdf/lib/test/auto/MatrixJoin4.xml
3 ms. Memory: 333312K Free: 301540K (90%)
----------------- Invoking toplevel() on ptolemy.moml.MoMLSimpleApplication@4361bb13
----------------- Done invoking toplevel() on ptolemy.moml.MoMLSimpleApplication@4361bb13
reloadAllAccessors: .MatrixJoin4

===========================================================================================
----------------- testing Fri Jul 27 01:49:28 UTC 2018 /home/travis/build/icyphy/ptII/ptolemy/domains/sdf/lib/test/auto/MatrixJoin5.xml
----------------- Instantiating /home/travis/build/icyphy/ptII/ptolemy/domains/sdf/lib/test/auto/MatrixJoin5.xml
2 ms. Memory: 333312K Free: 295198K (89%)
----------------- Invoking toplevel() on ptolemy.moml.MoMLSimpleApplication@3e385652
----------------- Done invoking toplevel() on ptolemy.moml.MoMLSimpleApplication@3e385652
reloadAllAccessors: .MatrixJoin5

===========================================================================================
----------------- testing Fri Jul 27 01:49:28 UTC 2018 /home/travis/build/icyphy/ptII/ptolemy/domains/sdf/lib/test/auto/MatrixSplit1.xml
----------------- Instantiating /home/travis/build/icyphy/ptII/ptolemy/domains/sdf/lib/test/auto/MatrixSplit1.xml
4 ms. Memory: 333312K Free: 289054K (87%)
----------------- Invoking toplevel() on ptolemy.moml.MoMLSimpleApplication@52c3fc4c
----------------- Done invoking toplevel() on ptolemy.moml.MoMLSimpleApplication@52c3fc4c
reloadAllAccessors: .MatrixSplit1

===========================================================================================
----------------- testing Fri Jul 27 01:49:28 UTC 2018 /home/travis/build/icyphy/ptII/ptolemy/domains/sdf/lib/test/auto/MatrixSplit10.xml
----------------- Instantiating /home/travis/build/icyphy/ptII/ptolemy/domains/sdf/lib/test/auto/MatrixSplit10.xml
3 ms. Memory: 333312K Free: 284139K (85%)
----------------- Invoking toplevel() on ptolemy.moml.MoMLSimpleApplication@34f7082e
----------------- Done invoking toplevel() on ptolemy.moml.MoMLSimpleApplication@34f7082e
reloadAllAccessors: .MatrixSplit10

===========================================================================================
----------------- testing Fri Jul 27 01:49:28 UTC 2018 /home/travis/build/icyphy/ptII/ptolemy/domains/sdf/lib/test/auto/MatrixSplit11.xml
----------------- Instantiating /home/travis/build/icyphy/ptII/ptolemy/domains/sdf/lib/test/auto/MatrixSplit11.xml
2 ms. Memory: 333312K Free: 279224K (84%)
----------------- Invoking toplevel() on ptolemy.moml.MoMLSimpleApplication@6320a1a
----------------- Done invoking toplevel() on ptolemy.moml.MoMLSimpleApplication@6320a1a
reloadAllAccessors: .MatrixSplit11

===========================================================================================
----------------- testing Fri Jul 27 01:49:28 UTC 2018 /home/travis/build/icyphy/ptII/ptolemy/domains/sdf/lib/test/auto/MatrixSplit12.xml
----------------- Instantiating /home/travis/build/icyphy/ptII/ptolemy/domains/sdf/lib/test/auto/MatrixSplit12.xml
3 ms. Memory: 333312K Free: 272897K (82%)
----------------- Invoking toplevel() on ptolemy.moml.MoMLSimpleApplication@2ffdbd86
----------------- Done invoking toplevel() on ptolemy.moml.MoMLSimpleApplication@2ffdbd86
reloadAllAccessors: .MatrixSplit12

===========================================================================================
----------------- testing Fri Jul 27 01:49:28 UTC 2018 /home/travis/build/icyphy/ptII/ptolemy/domains/sdf/lib/test/auto/MatrixSplit13.xml
----------------- Instantiating /home/travis/build/icyphy/ptII/ptolemy/domains/sdf/lib/test/auto/MatrixSplit13.xml
2 ms. Memory: 333312K Free: 267982K (80%)
----------------- Invoking toplevel() on ptolemy.moml.MoMLSimpleApplication@77f31933
----------------- Done invoking toplevel() on ptolemy.moml.MoMLSimpleApplication@77f31933
reloadAllAccessors: .MatrixSplit13

===========================================================================================
----------------- testing Fri Jul 27 01:49:28 UTC 2018 /home/travis/build/icyphy/ptII/ptolemy/domains/sdf/lib/test/auto/MatrixSplit14.xml
----------------- Instantiating /home/travis/build/icyphy/ptII/ptolemy/domains/sdf/lib/test/auto/MatrixSplit14.xml
4 ms. Memory: 333312K Free: 263067K (79%)
----------------- Invoking toplevel() on ptolemy.moml.MoMLSimpleApplication@175fab03
----------------- Done invoking toplevel() on ptolemy.moml.MoMLSimpleApplication@175fab03
reloadAllAccessors: .MatrixSplit14

===========================================================================================
----------------- testing Fri Jul 27 01:49:28 UTC 2018 /home/travis/build/icyphy/ptII/ptolemy/domains/sdf/lib/test/auto/MatrixSplit2.xml
----------------- Instantiating /home/travis/build/icyphy/ptII/ptolemy/domains/sdf/lib/test/auto/MatrixSplit2.xml
7 ms. Memory: 333312K Free: 256741K (77%)
----------------- Invoking toplevel() on ptolemy.moml.MoMLSimpleApplication@4620a4e5
----------------- Done invoking toplevel() on ptolemy.moml.MoMLSimpleApplication@4620a4e5
reloadAllAccessors: .MatrixSplit2

===========================================================================================
----------------- testing Fri Jul 27 01:49:28 UTC 2018 /home/travis/build/icyphy/ptII/ptolemy/domains/sdf/lib/test/auto/MatrixSplit3.xml
----------------- Instantiating /home/travis/build/icyphy/ptII/ptolemy/domains/sdf/lib/test/auto/MatrixSplit3.xml
6 ms. Memory: 333312K Free: 251826K (76%)
----------------- Invoking toplevel() on ptolemy.moml.MoMLSimpleApplication@6e4a80a6
----------------- Done invoking toplevel() on ptolemy.moml.MoMLSimpleApplication@6e4a80a6
reloadAllAccessors: .MatrixSplit3

===========================================================================================
----------------- testing Fri Jul 27 01:49:28 UTC 2018 /home/travis/build/icyphy/ptII/ptolemy/domains/sdf/lib/test/auto/MatrixSplit4.xml
----------------- Instantiating /home/travis/build/icyphy/ptII/ptolemy/domains/sdf/lib/test/auto/MatrixSplit4.xml
4 ms. Memory: 333312K Free: 246911K (74%)
----------------- Invoking toplevel() on ptolemy.moml.MoMLSimpleApplication@50c537b3
----------------- Done invoking toplevel() on ptolemy.moml.MoMLSimpleApplication@50c537b3
reloadAllAccessors: .MatrixSplit4

===========================================================================================
----------------- testing Fri Jul 27 01:49:28 UTC 2018 /home/travis/build/icyphy/ptII/ptolemy/domains/sdf/lib/test/auto/MatrixSplit5.xml
----------------- Instantiating /home/travis/build/icyphy/ptII/ptolemy/domains/sdf/lib/test/auto/MatrixSplit5.xml
3 ms. Memory: 333312K Free: 241995K (73%)
----------------- Invoking toplevel() on ptolemy.moml.MoMLSimpleApplication@baca81b
----------------- Done invoking toplevel() on ptolemy.moml.MoMLSimpleApplication@baca81b
reloadAllAccessors: .MatrixSplit5

===========================================================================================
----------------- testing Fri Jul 27 01:49:28 UTC 2018 /home/travis/build/icyphy/ptII/ptolemy/domains/sdf/lib/test/auto/MatrixSplit6.xml
----------------- Instantiating /home/travis/build/icyphy/ptII/ptolemy/domains/sdf/lib/test/auto/MatrixSplit6.xml
2 ms. Memory: 333312K Free: 235669K (71%)
----------------- Invoking toplevel() on ptolemy.moml.MoMLSimpleApplication@5d55d67e
----------------- Done invoking toplevel() on ptolemy.moml.MoMLSimpleApplication@5d55d67e
reloadAllAccessors: .MatrixSplit6

===========================================================================================
----------------- testing Fri Jul 27 01:49:28 UTC 2018 /home/travis/build/icyphy/ptII/ptolemy/domains/sdf/lib/test/auto/MatrixSplit7.xml
----------------- Instantiating /home/travis/build/icyphy/ptII/ptolemy/domains/sdf/lib/test/auto/MatrixSplit7.xml
2 ms. Memory: 333312K Free: 230754K (69%)
----------------- Invoking toplevel() on ptolemy.moml.MoMLSimpleApplication@23d6d3d9
----------------- Done invoking toplevel() on ptolemy.moml.MoMLSimpleApplication@23d6d3d9
reloadAllAccessors: .MatrixSplit7

===========================================================================================
----------------- testing Fri Jul 27 01:49:28 UTC 2018 /home/travis/build/icyphy/ptII/ptolemy/domains/sdf/lib/test/auto/MatrixSplit8.xml
----------------- Instantiating /home/travis/build/icyphy/ptII/ptolemy/domains/sdf/lib/test/auto/MatrixSplit8.xml
2 ms. Memory: 333312K Free: 225839K (68%)
----------------- Invoking toplevel() on ptolemy.moml.MoMLSimpleApplication@4965c431
----------------- Done invoking toplevel() on ptolemy.moml.MoMLSimpleApplication@4965c431
reloadAllAccessors: .MatrixSplit8

===========================================================================================
----------------- testing Fri Jul 27 01:49:28 UTC 2018 /home/travis/build/icyphy/ptII/ptolemy/domains/sdf/lib/test/auto/MatrixSplit9.xml
----------------- Instantiating /home/travis/build/icyphy/ptII/ptolemy/domains/sdf/lib/test/auto/MatrixSplit9.xml
3 ms. Memory: 333312K Free: 219513K (66%)
----------------- Invoking toplevel() on ptolemy.moml.MoMLSimpleApplication@694dde42
----------------- Done invoking toplevel() on ptolemy.moml.MoMLSimpleApplication@694dde42
reloadAllAccessors: .MatrixSplit9

===========================================================================================
----------------- testing Fri Jul 27 01:49:28 UTC 2018 /home/travis/build/icyphy/ptII/ptolemy/domains/sdf/lib/test/auto/MatrixToSequence.xml
----------------- Instantiating /home/travis/build/icyphy/ptII/ptolemy/domains/sdf/lib/test/auto/MatrixToSequence.xml
11 ms. Memory: 333312K Free: 208453K (63%)
----------------- Invoking toplevel() on ptolemy.moml.MoMLSimpleApplication@128b0484
----------------- Done invoking toplevel() on ptolemy.moml.MoMLSimpleApplication@128b0484
reloadAllAccessors: .MatrixToSequence

===========================================================================================
----------------- testing Fri Jul 27 01:49:28 UTC 2018 /home/travis/build/icyphy/ptII/ptolemy/domains/sdf/lib/test/auto/MaximumEntropySpectrum.xml
----------------- Instantiating /home/travis/build/icyphy/ptII/ptolemy/domains/sdf/lib/test/auto/MaximumEntropySpectrum.xml
17 ms. Memory: 333312K Free: 185086K (56%)
----------------- Invoking toplevel() on ptolemy.moml.MoMLSimpleApplication@517af8b0
----------------- Done invoking toplevel() on ptolemy.moml.MoMLSimpleApplication@517af8b0
reloadAllAccessors: .MaximumEntropySpectrum

===========================================================================================
----------------- testing Fri Jul 27 01:49:28 UTC 2018 /home/travis/build/icyphy/ptII/ptolemy/domains/sdf/lib/test/auto/SampleDelayConversion.xml
----------------- Instantiating /home/travis/build/icyphy/ptII/ptolemy/domains/sdf/lib/test/auto/SampleDelayConversion.xml
4 ms. Memory: 333312K Free: 178760K (54%)
----------------- Invoking toplevel() on ptolemy.moml.MoMLSimpleApplication@76337281
----------------- Done invoking toplevel() on ptolemy.moml.MoMLSimpleApplication@76337281
reloadAllAccessors: .SampleDelayConversion

===========================================================================================
----------------- testing Fri Jul 27 01:49:28 UTC 2018 /home/travis/build/icyphy/ptII/ptolemy/domains/sdf/lib/test/auto/SequenceToArray.xml
----------------- Instantiating /home/travis/build/icyphy/ptII/ptolemy/domains/sdf/lib/test/auto/SequenceToArray.xml
14 ms. Memory: 333312K Free: 165211K (50%)
----------------- Invoking toplevel() on ptolemy.moml.MoMLSimpleApplication@49aeb26e
----------------- Done invoking toplevel() on ptolemy.moml.MoMLSimpleApplication@49aeb26e
reloadAllAccessors: .SequenceToArray

===========================================================================================
----------------- testing Fri Jul 27 01:49:28 UTC 2018 /home/travis/build/icyphy/ptII/ptolemy/domains/sdf/lib/test/auto/SequenceToMatrix.xml
----------------- Instantiating /home/travis/build/icyphy/ptII/ptolemy/domains/sdf/lib/test/auto/SequenceToMatrix.xml
4250 ms. Memory: 579072K Free: 539711K (93%)
----------------- Invoking toplevel() on ptolemy.moml.MoMLSimpleApplication@4ad9bfd1
----------------- Done invoking toplevel() on ptolemy.moml.MoMLSimpleApplication@4ad9bfd1
reloadAllAccessors: .SequenceToMatrix

===========================================================================================
----------------- testing Fri Jul 27 01:49:33 UTC 2018 /home/travis/build/icyphy/ptII/ptolemy/domains/sdf/lib/test/auto/SmoothedPeriodogram.xml
----------------- Instantiating /home/travis/build/icyphy/ptII/ptolemy/domains/sdf/lib/test/auto/SmoothedPeriodogram.xml
17 ms. Memory: 579072K Free: 516371K (89%)
----------------- Invoking toplevel() on ptolemy.moml.MoMLSimpleApplication@3bf27248
----------------- Done invoking toplevel() on ptolemy.moml.MoMLSimpleApplication@3bf27248
reloadAllAccessors: .SmoothedPeriodogram

===========================================================================================
----------------- testing Fri Jul 27 01:49:33 UTC 2018 /home/travis/build/icyphy/ptII/ptolemy/domains/sdf/lib/test/auto/UpDownSample1.xml
----------------- Instantiating /home/travis/build/icyphy/ptII/ptolemy/domains/sdf/lib/test/auto/UpDownSample1.xml
4 ms. Memory: 579072K Free: 509825K (88%)
----------------- Invoking toplevel() on ptolemy.moml.MoMLSimpleApplication@318a0e4f
----------------- Done invoking toplevel() on ptolemy.moml.MoMLSimpleApplication@318a0e4f
reloadAllAccessors: .UpDownSample1

===========================================================================================
----------------- testing Fri Jul 27 01:49:33 UTC 2018 /home/travis/build/icyphy/ptII/ptolemy/domains/sdf/lib/test/auto/UpSample1.xml
----------------- Instantiating /home/travis/build/icyphy/ptII/ptolemy/domains/sdf/lib/test/auto/UpSample1.xml
2 ms. Memory: 579072K Free: 503278K (87%)
----------------- Invoking toplevel() on ptolemy.moml.MoMLSimpleApplication@7cd76754
----------------- Done invoking toplevel() on ptolemy.moml.MoMLSimpleApplication@7cd76754
reloadAllAccessors: .UpSample1

===========================================================================================
----------------- testing Fri Jul 27 01:49:33 UTC 2018 /home/travis/build/icyphy/ptII/ptolemy/domains/sdf/lib/test/auto/VariableFIR.xml
----------------- Instantiating /home/travis/build/icyphy/ptII/ptolemy/domains/sdf/lib/test/auto/VariableFIR.xml
13 ms. Memory: 579072K Free: 493458K (85%)
----------------- Invoking toplevel() on ptolemy.moml.MoMLSimpleApplication@421265c7
----------------- Done invoking toplevel() on ptolemy.moml.MoMLSimpleApplication@421265c7
reloadAllAccessors: .VariableFIR

===========================================================================================
----------------- testing Fri Jul 27 01:49:33 UTC 2018 /home/travis/build/icyphy/ptII/ptolemy/domains/sdf/lib/test/auto/VariableFIR2.xml
----------------- Instantiating /home/travis/build/icyphy/ptII/ptolemy/domains/sdf/lib/test/auto/VariableFIR2.xml
7 ms. Memory: 579072K Free: 481684K (83%)
----------------- Invoking toplevel() on ptolemy.moml.MoMLSimpleApplication@655c5843
----------------- Done invoking toplevel() on ptolemy.moml.MoMLSimpleApplication@655c5843
reloadAllAccessors: .VariableFIR2

===========================================================================================
----------------- testing Fri Jul 27 01:49:33 UTC 2018 /home/travis/build/icyphy/ptII/ptolemy/domains/sdf/lib/test/auto/VariableLattice.xml
----------------- Instantiating /home/travis/build/icyphy/ptII/ptolemy/domains/sdf/lib/test/auto/VariableLattice.xml
4 ms. Memory: 579072K Free: 471864K (81%)
----------------- Invoking toplevel() on ptolemy.moml.MoMLSimpleApplication@2959b2af
----------------- Done invoking toplevel() on ptolemy.moml.MoMLSimpleApplication@2959b2af
reloadAllAccessors: .VariableLattice

===========================================================================================
----------------- testing Fri Jul 27 01:49:33 UTC 2018 /home/travis/build/icyphy/ptII/ptolemy/domains/sdf/lib/test/auto/VariableLattice2.xml
----------------- Instantiating /home/travis/build/icyphy/ptII/ptolemy/domains/sdf/lib/test/auto/VariableLattice2.xml
1.0
-1.999999602036
1.9099998677481
-0.9099996420674
0.205
0.0
0.0
1.0
-0.25
-0.5
0.0
0.0
0.0
0.0
3 ms. Memory: 579072K Free: 462043K (80%)
----------------- Invoking toplevel() on ptolemy.moml.MoMLSimpleApplication@cc45280
----------------- Done invoking toplevel() on ptolemy.moml.MoMLSimpleApplication@cc45280
reloadAllAccessors: .VariableLattice2

===========================================================================================
----------------- testing Fri Jul 27 01:49:33 UTC 2018 /home/travis/build/icyphy/ptII/ptolemy/domains/sdf/lib/test/auto/VariableRecursiveLattice.xml
----------------- Instantiating /home/travis/build/icyphy/ptII/ptolemy/domains/sdf/lib/test/auto/VariableRecursiveLattice.xml
3 ms. Memory: 579072K Free: 452223K (78%)
----------------- Invoking toplevel() on ptolemy.moml.MoMLSimpleApplication@63da13ef
----------------- Done invoking toplevel() on ptolemy.moml.MoMLSimpleApplication@63da13ef
reloadAllAccessors: .VariableRecursiveLattice

===========================================================================================
----------------- testing Fri Jul 27 01:49:33 UTC 2018 /home/travis/build/icyphy/ptII/ptolemy/domains/sdf/lib/test/auto/VariableRecursiveLattice2.xml
----------------- Instantiating /home/travis/build/icyphy/ptII/ptolemy/domains/sdf/lib/test/auto/VariableRecursiveLattice2.xml
2 ms. Memory: 579072K Free: 445676K (77%)
----------------- Invoking toplevel() on ptolemy.moml.MoMLSimpleApplication@43f8374a
----------------- Done invoking toplevel() on ptolemy.moml.MoMLSimpleApplication@43f8374a
reloadAllAccessors: .VariableRecursiveLattice2
AutoTests.java: About to close Vertx.
AutoTests.java: Vertx closed.
]]></system-out>
  <system-err><![CDATA[]]></system-err>
</testsuite>
