<?xml version="1.0" encoding="UTF-8" ?>
<testsuite errors="0" failures="0" hostname="travis-job-2a96f681-a2ae-46b0-ba1b-b6b8fe7bbc6b" name="ptolemy.domains.sdf.lib.test.junit.JUnitTclTest" skipped="0" tests="82" time="8.919" timestamp="2018-09-10T02:50:18">
  <properties>
[...]
</properties>
  <testcase classname="ptolemy.util.test.junit.TclTests" name="[0] /home/travis/build/icyphy/ptII/ptolemy/domains/sdf/lib/test/ArrayToSequence.tcl (RunTclFile)" time="0.555" />
  <testcase classname="ptolemy.util.test.junit.TclTests" name="[1] /home/travis/build/icyphy/ptII/ptolemy/domains/sdf/lib/test/BitsToInt.tcl (RunTclFile)" time="0.052" />
  <testcase classname="ptolemy.util.test.junit.TclTests" name="[2] /home/travis/build/icyphy/ptII/ptolemy/domains/sdf/lib/test/DelayLine.tcl (RunTclFile)" time="0.018" />
  <testcase classname="ptolemy.util.test.junit.TclTests" name="[3] /home/travis/build/icyphy/ptII/ptolemy/domains/sdf/lib/test/FFT.tcl (RunTclFile)" time="0.031" />
  <testcase classname="ptolemy.util.test.junit.TclTests" name="[4] /home/travis/build/icyphy/ptII/ptolemy/domains/sdf/lib/test/FIR.tcl (RunTclFile)" time="0.118" />
  <testcase classname="ptolemy.util.test.junit.TclTests" name="[5] /home/travis/build/icyphy/ptII/ptolemy/domains/sdf/lib/test/IntToBits.tcl (RunTclFile)" time="0.03" />
  <testcase classname="ptolemy.util.test.junit.TclTests" name="[6] /home/travis/build/icyphy/ptII/ptolemy/domains/sdf/lib/test/MaximumEntropySpectrum.tcl (RunTclFile)" time="0.27" />
  <testcase classname="ptolemy.util.test.junit.TclTests" name="[7] /home/travis/build/icyphy/ptII/ptolemy/domains/sdf/lib/test/Repeat.tcl (RunTclFile)" time="0.021" />
  <testcase classname="ptolemy.util.test.junit.TclTests" name="[8] /home/travis/build/icyphy/ptII/ptolemy/domains/sdf/lib/test/SampleDelay.tcl (RunTclFile)" time="0.058" />
  <testcase classname="ptolemy.util.test.junit.TclTests" name="[9] /home/travis/build/icyphy/ptII/ptolemy/domains/sdf/lib/test/SequenceToArray.tcl (RunTclFile)" time="0.035" />
  <testcase classname="ptolemy.util.test.junit.AutoKnownFailedTests" name="[0] ThereAreNoKnowFailedTests (RunModel)" time="0.0" />
  <testcase classname="ptolemy.util.test.junit.AutoNameArchTests" name="[0] ThereAreNoAutoArchTests (RunModel)" time="0.001" />
  <testcase classname="ptolemy.util.test.junit.AutoTests" name="[0] /home/travis/build/icyphy/ptII/ptolemy/domains/sdf/lib/test/auto/ArrayToSequence.xml (RunModel)" time="0.138" />
  <testcase classname="ptolemy.util.test.junit.AutoTests" name="[1] /home/travis/build/icyphy/ptII/ptolemy/domains/sdf/lib/test/auto/ArrayToSequenceTest.xml (RunModel)" time="0.053" />
  <testcase classname="ptolemy.util.test.junit.AutoTests" name="[2] /home/travis/build/icyphy/ptII/ptolemy/domains/sdf/lib/test/auto/Autocorrelation.xml (RunModel)" time="0.02" />
  <testcase classname="ptolemy.util.test.junit.AutoTests" name="[3] /home/travis/build/icyphy/ptII/ptolemy/domains/sdf/lib/test/auto/Autocorrelation2.xml (RunModel)" time="0.023" />
  <testcase classname="ptolemy.util.test.junit.AutoTests" name="[4] /home/travis/build/icyphy/ptII/ptolemy/domains/sdf/lib/test/auto/Autocorrelation3.xml (RunModel)" time="0.022" />
  <testcase classname="ptolemy.util.test.junit.AutoTests" name="[5] /home/travis/build/icyphy/ptII/ptolemy/domains/sdf/lib/test/auto/Autocorrelation4.xml (RunModel)" time="0.019" />
  <testcase classname="ptolemy.util.test.junit.AutoTests" name="[6] /home/travis/build/icyphy/ptII/ptolemy/domains/sdf/lib/test/auto/Autocorrelation5.xml (RunModel)" time="0.103" />
  <testcase classname="ptolemy.util.test.junit.AutoTests" name="[7] /home/travis/build/icyphy/ptII/ptolemy/domains/sdf/lib/test/auto/BitsToInt.xml (RunModel)" time="0.045" />
  <testcase classname="ptolemy.util.test.junit.AutoTests" name="[8] /home/travis/build/icyphy/ptII/ptolemy/domains/sdf/lib/test/auto/BooleanJoin.xml (RunModel)" time="0.058" />
  <testcase classname="ptolemy.util.test.junit.AutoTests" name="[9] /home/travis/build/icyphy/ptII/ptolemy/domains/sdf/lib/test/auto/BootstrapSampleDelay.xml (RunModel)" time="0.035" />
  <testcase classname="ptolemy.util.test.junit.AutoTests" name="[10] /home/travis/build/icyphy/ptII/ptolemy/domains/sdf/lib/test/auto/Chop.xml (RunModel)" time="0.08" />
  <testcase classname="ptolemy.util.test.junit.AutoTests" name="[11] /home/travis/build/icyphy/ptII/ptolemy/domains/sdf/lib/test/auto/Chop2.xml (RunModel)" time="0.045" />
  <testcase classname="ptolemy.util.test.junit.AutoTests" name="[12] /home/travis/build/icyphy/ptII/ptolemy/domains/sdf/lib/test/auto/ComplexJoin.xml (RunModel)" time="0.047" />
  <testcase classname="ptolemy.util.test.junit.AutoTests" name="[13] /home/travis/build/icyphy/ptII/ptolemy/domains/sdf/lib/test/auto/CountTrues.xml (RunModel)" time="0.018" />
  <testcase classname="ptolemy.util.test.junit.AutoTests" name="[14] /home/travis/build/icyphy/ptII/ptolemy/domains/sdf/lib/test/auto/DelayLine.xml (RunModel)" time="0.02" />
  <testcase classname="ptolemy.util.test.junit.AutoTests" name="[15] /home/travis/build/icyphy/ptII/ptolemy/domains/sdf/lib/test/auto/DotProduct.xml (RunModel)" time="0.029" />
  <testcase classname="ptolemy.util.test.junit.AutoTests" name="[16] /home/travis/build/icyphy/ptII/ptolemy/domains/sdf/lib/test/auto/DotProductMatrix.xml (RunModel)" time="0.016" />
  <testcase classname="ptolemy.util.test.junit.AutoTests" name="[17] /home/travis/build/icyphy/ptII/ptolemy/domains/sdf/lib/test/auto/DownSample1.xml (RunModel)" time="0.023" />
  <testcase classname="ptolemy.util.test.junit.AutoTests" name="[18] /home/travis/build/icyphy/ptII/ptolemy/domains/sdf/lib/test/auto/DynamicRateChange.xml (RunModel)" time="0.038" />
  <testcase classname="ptolemy.util.test.junit.AutoTests" name="[19] /home/travis/build/icyphy/ptII/ptolemy/domains/sdf/lib/test/auto/DynamicRates.xml (RunModel)" time="0.033" />
  <testcase classname="ptolemy.util.test.junit.AutoTests" name="[20] /home/travis/build/icyphy/ptII/ptolemy/domains/sdf/lib/test/auto/FFT1.xml (RunModel)" time="0.037" />
  <testcase classname="ptolemy.util.test.junit.AutoTests" name="[21] /home/travis/build/icyphy/ptII/ptolemy/domains/sdf/lib/test/auto/FIR1.xml (RunModel)" time="0.04" />
  <testcase classname="ptolemy.util.test.junit.AutoTests" name="[22] /home/travis/build/icyphy/ptII/ptolemy/domains/sdf/lib/test/auto/FIR2.xml (RunModel)" time="0.018" />
  <testcase classname="ptolemy.util.test.junit.AutoTests" name="[23] /home/travis/build/icyphy/ptII/ptolemy/domains/sdf/lib/test/auto/FIR4.xml (RunModel)" time="0.046" />
  <testcase classname="ptolemy.util.test.junit.AutoTests" name="[24] /home/travis/build/icyphy/ptII/ptolemy/domains/sdf/lib/test/auto/FixJoin.xml (RunModel)" time="0.037" />
  <testcase classname="ptolemy.util.test.junit.AutoTests" name="[25] /home/travis/build/icyphy/ptII/ptolemy/domains/sdf/lib/test/auto/IntJoin1.xml (RunModel)" time="0.023" />
  <testcase classname="ptolemy.util.test.junit.AutoTests" name="[26] /home/travis/build/icyphy/ptII/ptolemy/domains/sdf/lib/test/auto/IntJoin2.xml (RunModel)" time="0.023" />
  <testcase classname="ptolemy.util.test.junit.AutoTests" name="[27] /home/travis/build/icyphy/ptII/ptolemy/domains/sdf/lib/test/auto/IntJoin3.xml (RunModel)" time="0.02" />
  <testcase classname="ptolemy.util.test.junit.AutoTests" name="[28] /home/travis/build/icyphy/ptII/ptolemy/domains/sdf/lib/test/auto/IntJoin4.xml (RunModel)" time="0.024" />
  <testcase classname="ptolemy.util.test.junit.AutoTests" name="[29] /home/travis/build/icyphy/ptII/ptolemy/domains/sdf/lib/test/auto/IntJoin5.xml (RunModel)" time="0.024" />
  <testcase classname="ptolemy.util.test.junit.AutoTests" name="[30] /home/travis/build/icyphy/ptII/ptolemy/domains/sdf/lib/test/auto/IntToBits.xml (RunModel)" time="0.019" />
  <testcase classname="ptolemy.util.test.junit.AutoTests" name="[31] /home/travis/build/icyphy/ptII/ptolemy/domains/sdf/lib/test/auto/LMSAdaptive.xml (RunModel)" time="0.076" />
  <testcase classname="ptolemy.util.test.junit.AutoTests" name="[32] /home/travis/build/icyphy/ptII/ptolemy/domains/sdf/lib/test/auto/LMSAdaptiveFIR.xml (RunModel)" time="0.325" />
  <testcase classname="ptolemy.util.test.junit.AutoTests" name="[33] /home/travis/build/icyphy/ptII/ptolemy/domains/sdf/lib/test/auto/LMSAdaptiveFIR2.xml (RunModel)" time="0.411" />
  <testcase classname="ptolemy.util.test.junit.AutoTests" name="[34] /home/travis/build/icyphy/ptII/ptolemy/domains/sdf/lib/test/auto/LongJoin.xml (RunModel)" time="0.024" />
  <testcase classname="ptolemy.util.test.junit.AutoTests" name="[35] /home/travis/build/icyphy/ptII/ptolemy/domains/sdf/lib/test/auto/Matrix1.xml (RunModel)" time="0.025" />
  <testcase classname="ptolemy.util.test.junit.AutoTests" name="[36] /home/travis/build/icyphy/ptII/ptolemy/domains/sdf/lib/test/auto/Matrix2.xml (RunModel)" time="0.018" />
  <testcase classname="ptolemy.util.test.junit.AutoTests" name="[37] /home/travis/build/icyphy/ptII/ptolemy/domains/sdf/lib/test/auto/MatrixJoin1.xml (RunModel)" time="0.037" />
  <testcase classname="ptolemy.util.test.junit.AutoTests" name="[38] /home/travis/build/icyphy/ptII/ptolemy/domains/sdf/lib/test/auto/MatrixJoin2.xml (RunModel)" time="0.059" />
  <testcase classname="ptolemy.util.test.junit.AutoTests" name="[39] /home/travis/build/icyphy/ptII/ptolemy/domains/sdf/lib/test/auto/MatrixJoin3.xml (RunModel)" time="0.024" />
  <testcase classname="ptolemy.util.test.junit.AutoTests" name="[40] /home/travis/build/icyphy/ptII/ptolemy/domains/sdf/lib/test/auto/MatrixJoin4.xml (RunModel)" time="0.025" />
  <testcase classname="ptolemy.util.test.junit.AutoTests" name="[41] /home/travis/build/icyphy/ptII/ptolemy/domains/sdf/lib/test/auto/MatrixJoin5.xml (RunModel)" time="0.024" />
  <testcase classname="ptolemy.util.test.junit.AutoTests" name="[42] /home/travis/build/icyphy/ptII/ptolemy/domains/sdf/lib/test/auto/MatrixSplit1.xml (RunModel)" time="0.034" />
  <testcase classname="ptolemy.util.test.junit.AutoTests" name="[43] /home/travis/build/icyphy/ptII/ptolemy/domains/sdf/lib/test/auto/MatrixSplit10.xml (RunModel)" time="0.02" />
  <testcase classname="ptolemy.util.test.junit.AutoTests" name="[44] /home/travis/build/icyphy/ptII/ptolemy/domains/sdf/lib/test/auto/MatrixSplit11.xml (RunModel)" time="0.017" />
  <testcase classname="ptolemy.util.test.junit.AutoTests" name="[45] /home/travis/build/icyphy/ptII/ptolemy/domains/sdf/lib/test/auto/MatrixSplit12.xml (RunModel)" time="0.023" />
  <testcase classname="ptolemy.util.test.junit.AutoTests" name="[46] /home/travis/build/icyphy/ptII/ptolemy/domains/sdf/lib/test/auto/MatrixSplit13.xml (RunModel)" time="0.036" />
  <testcase classname="ptolemy.util.test.junit.AutoTests" name="[47] /home/travis/build/icyphy/ptII/ptolemy/domains/sdf/lib/test/auto/MatrixSplit14.xml (RunModel)" time="0.026" />
  <testcase classname="ptolemy.util.test.junit.AutoTests" name="[48] /home/travis/build/icyphy/ptII/ptolemy/domains/sdf/lib/test/auto/MatrixSplit2.xml (RunModel)" time="0.021" />
  <testcase classname="ptolemy.util.test.junit.AutoTests" name="[49] /home/travis/build/icyphy/ptII/ptolemy/domains/sdf/lib/test/auto/MatrixSplit3.xml (RunModel)" time="0.02" />
  <testcase classname="ptolemy.util.test.junit.AutoTests" name="[50] /home/travis/build/icyphy/ptII/ptolemy/domains/sdf/lib/test/auto/MatrixSplit4.xml (RunModel)" time="0.021" />
  <testcase classname="ptolemy.util.test.junit.AutoTests" name="[51] /home/travis/build/icyphy/ptII/ptolemy/domains/sdf/lib/test/auto/MatrixSplit5.xml (RunModel)" time="0.018" />
  <testcase classname="ptolemy.util.test.junit.AutoTests" name="[52] /home/travis/build/icyphy/ptII/ptolemy/domains/sdf/lib/test/auto/MatrixSplit6.xml (RunModel)" time="0.021" />
  <testcase classname="ptolemy.util.test.junit.AutoTests" name="[53] /home/travis/build/icyphy/ptII/ptolemy/domains/sdf/lib/test/auto/MatrixSplit7.xml (RunModel)" time="0.018" />
  <testcase classname="ptolemy.util.test.junit.AutoTests" name="[54] /home/travis/build/icyphy/ptII/ptolemy/domains/sdf/lib/test/auto/MatrixSplit8.xml (RunModel)" time="0.017" />
  <testcase classname="ptolemy.util.test.junit.AutoTests" name="[55] /home/travis/build/icyphy/ptII/ptolemy/domains/sdf/lib/test/auto/MatrixSplit9.xml (RunModel)" time="0.034" />
  <testcase classname="ptolemy.util.test.junit.AutoTests" name="[56] /home/travis/build/icyphy/ptII/ptolemy/domains/sdf/lib/test/auto/MatrixToSequence.xml (RunModel)" time="0.045" />
  <testcase classname="ptolemy.util.test.junit.AutoTests" name="[57] /home/travis/build/icyphy/ptII/ptolemy/domains/sdf/lib/test/auto/MaximumEntropySpectrum.xml (RunModel)" time="0.097" />
  <testcase classname="ptolemy.util.test.junit.AutoTests" name="[58] /home/travis/build/icyphy/ptII/ptolemy/domains/sdf/lib/test/auto/SampleDelayConversion.xml (RunModel)" time="0.027" />
  <testcase classname="ptolemy.util.test.junit.AutoTests" name="[59] /home/travis/build/icyphy/ptII/ptolemy/domains/sdf/lib/test/auto/SequenceToArray.xml (RunModel)" time="0.042" />
  <testcase classname="ptolemy.util.test.junit.AutoTests" name="[60] /home/travis/build/icyphy/ptII/ptolemy/domains/sdf/lib/test/auto/SequenceToMatrix.xml (RunModel)" time="4.186" />
  <testcase classname="ptolemy.util.test.junit.AutoTests" name="[61] /home/travis/build/icyphy/ptII/ptolemy/domains/sdf/lib/test/auto/SmoothedPeriodogram.xml (RunModel)" time="0.058" />
  <testcase classname="ptolemy.util.test.junit.AutoTests" name="[62] /home/travis/build/icyphy/ptII/ptolemy/domains/sdf/lib/test/auto/UpDownSample1.xml (RunModel)" time="0.021" />
  <testcase classname="ptolemy.util.test.junit.AutoTests" name="[63] /home/travis/build/icyphy/ptII/ptolemy/domains/sdf/lib/test/auto/UpSample1.xml (RunModel)" time="0.013" />
  <testcase classname="ptolemy.util.test.junit.AutoTests" name="[64] /home/travis/build/icyphy/ptII/ptolemy/domains/sdf/lib/test/auto/VariableFIR.xml (RunModel)" time="0.035" />
  <testcase classname="ptolemy.util.test.junit.AutoTests" name="[65] /home/travis/build/icyphy/ptII/ptolemy/domains/sdf/lib/test/auto/VariableFIR2.xml (RunModel)" time="0.03" />
  <testcase classname="ptolemy.util.test.junit.AutoTests" name="[66] /home/travis/build/icyphy/ptII/ptolemy/domains/sdf/lib/test/auto/VariableLattice.xml (RunModel)" time="0.026" />
  <testcase classname="ptolemy.util.test.junit.AutoTests" name="[67] /home/travis/build/icyphy/ptII/ptolemy/domains/sdf/lib/test/auto/VariableLattice2.xml (RunModel)" time="0.019" />
  <testcase classname="ptolemy.util.test.junit.AutoTests" name="[68] /home/travis/build/icyphy/ptII/ptolemy/domains/sdf/lib/test/auto/VariableRecursiveLattice.xml (RunModel)" time="0.023" />
  <testcase classname="ptolemy.util.test.junit.AutoTests" name="[69] /home/travis/build/icyphy/ptII/ptolemy/domains/sdf/lib/test/auto/VariableRecursiveLattice2.xml (RunModel)" time="0.025" />
  <system-out><![CDATA[/home/travis/build/icyphy/ptII/ptolemy/domains/sdf/lib/test/ArrayToSequence.tcl
testDefs.tcl: setting time out to 9000 seconds at Mon Sep 10 02:50:18 UTC 2018
61 ms. Memory: 116224K Free: 110170K (95%)
17 ms. Memory: 116224K Free: 108387K (93%)
25 ms. Memory: 116224K Free: 106556K (92%)
16 ms. Memory: 116224K Free: 105327K (91%)
/home/travis/build/icyphy/ptII/ptolemy/domains/sdf/lib/test/BitsToInt.tcl
14 ms. Memory: 116224K Free: 103536K (89%)
6 ms. Memory: 116224K Free: 101713K (88%)
/home/travis/build/icyphy/ptII/ptolemy/domains/sdf/lib/test/DelayLine.tcl
6 ms. Memory: 116224K Free: 99922K (86%)
/home/travis/build/icyphy/ptII/ptolemy/domains/sdf/lib/test/FFT.tcl
9 ms. Memory: 116224K Free: 98091K (84%)
/home/travis/build/icyphy/ptII/ptolemy/domains/sdf/lib/test/FIR.tcl
20 ms. Memory: 116224K Free: 96254K (83%)
8 ms. Memory: 116224K Free: 95025K (82%)
ptolemy.kernel.util.IllegalActionException: multiplyReverse method not supported between ptolemy.data.FixToken 'fix(-0.0625,6,2)' and ptolemy.data.IntToken '1' because the types are incomparable.
  in .top.FIRclone
Because:
multiplyReverse method not supported between ptolemy.data.FixToken 'fix(-0.0625,6,2)' and ptolemy.data.IntToken '1' because the types are incomparable.
28 ms. Memory: 116224K Free: 92592K (80%)
/home/travis/build/icyphy/ptII/ptolemy/domains/sdf/lib/test/IntToBits.tcl
5 ms. Memory: 116224K Free: 91371K (79%)
5 ms. Memory: 116224K Free: 89588K (77%)
/home/travis/build/icyphy/ptII/ptolemy/domains/sdf/lib/test/MaximumEntropySpectrum.tcl
/home/travis/build/icyphy/ptII/ptolemy/domains/sdf/lib/test/Repeat.tcl
6 ms. Memory: 146944K Free: 118343K (81%)
/home/travis/build/icyphy/ptII/ptolemy/domains/sdf/lib/test/SampleDelay.tcl
12 ms. Memory: 146944K Free: 117155K (80%)
3 ms. Memory: 146944K Free: 115966K (79%)
3 ms. Memory: 146944K Free: 114777K (78%)
4 ms. Memory: 146944K Free: 114777K (78%)
2 ms. Memory: 146944K Free: 113589K (77%)
1 ms. Memory: 146944K Free: 113589K (77%)
/home/travis/build/icyphy/ptII/ptolemy/domains/sdf/lib/test/SequenceToArray.tcl
5 ms. Memory: 146944K Free: 111196K (76%)
4 ms. Memory: 146944K Free: 111196K (76%)
8 ms. Memory: 146944K Free: 108819K (74%)
5 ms. Memory: 146944K Free: 108819K (74%)
09/10/18 02:50:19
Failed: 0  Total Tests: 41  ((Passed: 41, Newly Passed: 0)  Known Failed: 0) /home/travis/build/icyphy/ptII/ptolemy/domains/sdf/lib/test
No auto/knownFailedTests/*.xml tests in /home/travis/build/icyphy/ptII/ptolemy/domains/sdf/lib/test
No auto/linux-amd64/*.xml tests in /home/travis/build/icyphy/ptII/ptolemy/domains/sdf/lib/test
AutoTests.java: About to close Vertx.
AutoTests.java: Vertx closed.

===========================================================================================
----------------- testing Mon Sep 10 02:50:19 UTC 2018 /home/travis/build/icyphy/ptII/ptolemy/domains/sdf/lib/test/auto/ArrayToSequence.xml
----------------- Instantiating /home/travis/build/icyphy/ptII/ptolemy/domains/sdf/lib/test/auto/ArrayToSequence.xml
40 ms. Memory: 146944K Free: 126048K (86%)
----------------- Invoking toplevel() on ptolemy.moml.MoMLSimpleApplication@75151b8d
----------------- Done invoking toplevel() on ptolemy.moml.MoMLSimpleApplication@75151b8d
reloadAllAccessors: .ArrayToSequence

===========================================================================================
----------------- testing Mon Sep 10 02:50:19 UTC 2018 /home/travis/build/icyphy/ptII/ptolemy/domains/sdf/lib/test/auto/ArrayToSequenceTest.xml
----------------- Instantiating /home/travis/build/icyphy/ptII/ptolemy/domains/sdf/lib/test/auto/ArrayToSequenceTest.xml
7 ms. Memory: 146944K Free: 118458K (81%)
----------------- Invoking toplevel() on ptolemy.moml.MoMLSimpleApplication@52f9eef2
----------------- Done invoking toplevel() on ptolemy.moml.MoMLSimpleApplication@52f9eef2
reloadAllAccessors: .ArrayToSequenceTest

===========================================================================================
----------------- testing Mon Sep 10 02:50:19 UTC 2018 /home/travis/build/icyphy/ptII/ptolemy/domains/sdf/lib/test/auto/Autocorrelation.xml
----------------- Instantiating /home/travis/build/icyphy/ptII/ptolemy/domains/sdf/lib/test/auto/Autocorrelation.xml
4 ms. Memory: 146944K Free: 113900K (78%)
----------------- Invoking toplevel() on ptolemy.moml.MoMLSimpleApplication@50404e06
----------------- Done invoking toplevel() on ptolemy.moml.MoMLSimpleApplication@50404e06
reloadAllAccessors: .Autocorrelation

===========================================================================================
----------------- testing Mon Sep 10 02:50:19 UTC 2018 /home/travis/build/icyphy/ptII/ptolemy/domains/sdf/lib/test/auto/Autocorrelation2.xml
----------------- Instantiating /home/travis/build/icyphy/ptII/ptolemy/domains/sdf/lib/test/auto/Autocorrelation2.xml
3 ms. Memory: 146944K Free: 109351K (74%)
----------------- Invoking toplevel() on ptolemy.moml.MoMLSimpleApplication@656d5f61
----------------- Done invoking toplevel() on ptolemy.moml.MoMLSimpleApplication@656d5f61
reloadAllAccessors: .Autocorrelation2

===========================================================================================
----------------- testing Mon Sep 10 02:50:19 UTC 2018 /home/travis/build/icyphy/ptII/ptolemy/domains/sdf/lib/test/auto/Autocorrelation3.xml
----------------- Instantiating /home/travis/build/icyphy/ptII/ptolemy/domains/sdf/lib/test/auto/Autocorrelation3.xml
3 ms. Memory: 146944K Free: 104291K (71%)
----------------- Invoking toplevel() on ptolemy.moml.MoMLSimpleApplication@3b5ff61b
----------------- Done invoking toplevel() on ptolemy.moml.MoMLSimpleApplication@3b5ff61b
reloadAllAccessors: .Autocorrelation3

===========================================================================================
----------------- testing Mon Sep 10 02:50:19 UTC 2018 /home/travis/build/icyphy/ptII/ptolemy/domains/sdf/lib/test/auto/Autocorrelation4.xml
----------------- Instantiating /home/travis/build/icyphy/ptII/ptolemy/domains/sdf/lib/test/auto/Autocorrelation4.xml
4 ms. Memory: 146944K Free: 99661K (68%)
----------------- Invoking toplevel() on ptolemy.moml.MoMLSimpleApplication@c70bb05
----------------- Done invoking toplevel() on ptolemy.moml.MoMLSimpleApplication@c70bb05
reloadAllAccessors: .Autocorrelation4

===========================================================================================
----------------- testing Mon Sep 10 02:50:20 UTC 2018 /home/travis/build/icyphy/ptII/ptolemy/domains/sdf/lib/test/auto/Autocorrelation5.xml
----------------- Instantiating /home/travis/build/icyphy/ptII/ptolemy/domains/sdf/lib/test/auto/Autocorrelation5.xml
46 ms. Memory: 146944K Free: 92650K (63%)
----------------- Invoking toplevel() on ptolemy.moml.MoMLSimpleApplication@1dbc1d08
----------------- Done invoking toplevel() on ptolemy.moml.MoMLSimpleApplication@1dbc1d08
reloadAllAccessors: .Autocorrelation5

===========================================================================================
----------------- testing Mon Sep 10 02:50:20 UTC 2018 /home/travis/build/icyphy/ptII/ptolemy/domains/sdf/lib/test/auto/BitsToInt.xml
----------------- Instantiating /home/travis/build/icyphy/ptII/ptolemy/domains/sdf/lib/test/auto/BitsToInt.xml
10 ms. Memory: 146944K Free: 88245K (60%)
----------------- Invoking toplevel() on ptolemy.moml.MoMLSimpleApplication@1e845ded
----------------- Done invoking toplevel() on ptolemy.moml.MoMLSimpleApplication@1e845ded
reloadAllAccessors: .BitsToInt

===========================================================================================
----------------- testing Mon Sep 10 02:50:20 UTC 2018 /home/travis/build/icyphy/ptII/ptolemy/domains/sdf/lib/test/auto/BooleanJoin.xml
----------------- Instantiating /home/travis/build/icyphy/ptII/ptolemy/domains/sdf/lib/test/auto/BooleanJoin.xml
3 ms. Memory: 146944K Free: 83751K (57%)
----------------- Invoking toplevel() on ptolemy.moml.MoMLSimpleApplication@3ddd5c20
----------------- Done invoking toplevel() on ptolemy.moml.MoMLSimpleApplication@3ddd5c20
reloadAllAccessors: .BooleanJoin

===========================================================================================
----------------- testing Mon Sep 10 02:50:20 UTC 2018 /home/travis/build/icyphy/ptII/ptolemy/domains/sdf/lib/test/auto/BootstrapSampleDelay.xml
----------------- Instantiating /home/travis/build/icyphy/ptII/ptolemy/domains/sdf/lib/test/auto/BootstrapSampleDelay.xml
11 ms. Memory: 146944K Free: 79824K (54%)
----------------- Invoking toplevel() on ptolemy.moml.MoMLSimpleApplication@23588f99
----------------- Done invoking toplevel() on ptolemy.moml.MoMLSimpleApplication@23588f99
reloadAllAccessors: .BootstrapSampleDelay

===========================================================================================
----------------- testing Mon Sep 10 02:50:20 UTC 2018 /home/travis/build/icyphy/ptII/ptolemy/domains/sdf/lib/test/auto/Chop.xml
----------------- Instantiating /home/travis/build/icyphy/ptII/ptolemy/domains/sdf/lib/test/auto/Chop.xml
6 ms. Memory: 208384K Free: 193045K (93%)
----------------- Invoking toplevel() on ptolemy.moml.MoMLSimpleApplication@13fc33b6
----------------- Done invoking toplevel() on ptolemy.moml.MoMLSimpleApplication@13fc33b6
reloadAllAccessors: .Chop

===========================================================================================
----------------- testing Mon Sep 10 02:50:20 UTC 2018 /home/travis/build/icyphy/ptII/ptolemy/domains/sdf/lib/test/auto/Chop2.xml
----------------- Instantiating /home/travis/build/icyphy/ptII/ptolemy/domains/sdf/lib/test/auto/Chop2.xml
12 ms. Memory: 208384K Free: 184734K (89%)
----------------- Invoking toplevel() on ptolemy.moml.MoMLSimpleApplication@6b1516c8
----------------- Done invoking toplevel() on ptolemy.moml.MoMLSimpleApplication@6b1516c8
reloadAllAccessors: .Chop2

===========================================================================================
----------------- testing Mon Sep 10 02:50:20 UTC 2018 /home/travis/build/icyphy/ptII/ptolemy/domains/sdf/lib/test/auto/ComplexJoin.xml
----------------- Instantiating /home/travis/build/icyphy/ptII/ptolemy/domains/sdf/lib/test/auto/ComplexJoin.xml
7 ms. Memory: 208384K Free: 179795K (86%)
----------------- Invoking toplevel() on ptolemy.moml.MoMLSimpleApplication@32700fa3
----------------- Done invoking toplevel() on ptolemy.moml.MoMLSimpleApplication@32700fa3
reloadAllAccessors: .ComplexJoin

===========================================================================================
----------------- testing Mon Sep 10 02:50:20 UTC 2018 /home/travis/build/icyphy/ptII/ptolemy/domains/sdf/lib/test/auto/CountTrues.xml
----------------- Instantiating /home/travis/build/icyphy/ptII/ptolemy/domains/sdf/lib/test/auto/CountTrues.xml
2 ms. Memory: 208384K Free: 176690K (85%)
----------------- Invoking toplevel() on ptolemy.moml.MoMLSimpleApplication@2a87a3e4
----------------- Done invoking toplevel() on ptolemy.moml.MoMLSimpleApplication@2a87a3e4
reloadAllAccessors: .CountTrues

===========================================================================================
----------------- testing Mon Sep 10 02:50:20 UTC 2018 /home/travis/build/icyphy/ptII/ptolemy/domains/sdf/lib/test/auto/DelayLine.xml
----------------- Instantiating /home/travis/build/icyphy/ptII/ptolemy/domains/sdf/lib/test/auto/DelayLine.xml
3 ms. Memory: 208384K Free: 171128K (82%)
----------------- Invoking toplevel() on ptolemy.moml.MoMLSimpleApplication@840d849
----------------- Done invoking toplevel() on ptolemy.moml.MoMLSimpleApplication@840d849
reloadAllAccessors: .DelayLine

===========================================================================================
----------------- testing Mon Sep 10 02:50:20 UTC 2018 /home/travis/build/icyphy/ptII/ptolemy/domains/sdf/lib/test/auto/DotProduct.xml
----------------- Instantiating /home/travis/build/icyphy/ptII/ptolemy/domains/sdf/lib/test/auto/DotProduct.xml
3 ms. Memory: 208384K Free: 166486K (80%)
----------------- Invoking toplevel() on ptolemy.moml.MoMLSimpleApplication@6440c6f3
----------------- Done invoking toplevel() on ptolemy.moml.MoMLSimpleApplication@6440c6f3
reloadAllAccessors: .DotProduct

===========================================================================================
----------------- testing Mon Sep 10 02:50:20 UTC 2018 /home/travis/build/icyphy/ptII/ptolemy/domains/sdf/lib/test/auto/DotProductMatrix.xml
----------------- Instantiating /home/travis/build/icyphy/ptII/ptolemy/domains/sdf/lib/test/auto/DotProductMatrix.xml
3 ms. Memory: 208384K Free: 163397K (78%)
----------------- Invoking toplevel() on ptolemy.moml.MoMLSimpleApplication@6890b8f2
----------------- Done invoking toplevel() on ptolemy.moml.MoMLSimpleApplication@6890b8f2
reloadAllAccessors: .DotProductMatrix

===========================================================================================
----------------- testing Mon Sep 10 02:50:20 UTC 2018 /home/travis/build/icyphy/ptII/ptolemy/domains/sdf/lib/test/auto/DownSample1.xml
----------------- Instantiating /home/travis/build/icyphy/ptII/ptolemy/domains/sdf/lib/test/auto/DownSample1.xml
4 ms. Memory: 208384K Free: 159711K (77%)
----------------- Invoking toplevel() on ptolemy.moml.MoMLSimpleApplication@11c3301
----------------- Done invoking toplevel() on ptolemy.moml.MoMLSimpleApplication@11c3301
reloadAllAccessors: .DownSample1

===========================================================================================
----------------- testing Mon Sep 10 02:50:20 UTC 2018 /home/travis/build/icyphy/ptII/ptolemy/domains/sdf/lib/test/auto/DynamicRateChange.xml
----------------- Instantiating /home/travis/build/icyphy/ptII/ptolemy/domains/sdf/lib/test/auto/DynamicRateChange.xml
13 ms. Memory: 208384K Free: 153566K (74%)
----------------- Invoking toplevel() on ptolemy.moml.MoMLSimpleApplication@16075ca6
----------------- Done invoking toplevel() on ptolemy.moml.MoMLSimpleApplication@16075ca6
reloadAllAccessors: .DynamicRateChange

===========================================================================================
----------------- testing Mon Sep 10 02:50:20 UTC 2018 /home/travis/build/icyphy/ptII/ptolemy/domains/sdf/lib/test/auto/DynamicRates.xml
----------------- Instantiating /home/travis/build/icyphy/ptII/ptolemy/domains/sdf/lib/test/auto/DynamicRates.xml
12 ms. Memory: 208384K Free: 146484K (70%)
----------------- Invoking toplevel() on ptolemy.moml.MoMLSimpleApplication@4bfd96d6
----------------- Done invoking toplevel() on ptolemy.moml.MoMLSimpleApplication@4bfd96d6
reloadAllAccessors: .DynamicRates

===========================================================================================
----------------- testing Mon Sep 10 02:50:20 UTC 2018 /home/travis/build/icyphy/ptII/ptolemy/domains/sdf/lib/test/auto/FFT1.xml
----------------- Instantiating /home/travis/build/icyphy/ptII/ptolemy/domains/sdf/lib/test/auto/FFT1.xml
8 ms. Memory: 208384K Free: 141520K (68%)
----------------- Invoking toplevel() on ptolemy.moml.MoMLSimpleApplication@230846ee
----------------- Done invoking toplevel() on ptolemy.moml.MoMLSimpleApplication@230846ee
reloadAllAccessors: .FFT1

===========================================================================================
----------------- testing Mon Sep 10 02:50:20 UTC 2018 /home/travis/build/icyphy/ptII/ptolemy/domains/sdf/lib/test/auto/FIR1.xml
----------------- Instantiating /home/travis/build/icyphy/ptII/ptolemy/domains/sdf/lib/test/auto/FIR1.xml
17 ms. Memory: 208384K Free: 134035K (64%)
----------------- Invoking toplevel() on ptolemy.moml.MoMLSimpleApplication@4dd3e4f5
----------------- Done invoking toplevel() on ptolemy.moml.MoMLSimpleApplication@4dd3e4f5
reloadAllAccessors: .FIR1

===========================================================================================
----------------- testing Mon Sep 10 02:50:20 UTC 2018 /home/travis/build/icyphy/ptII/ptolemy/domains/sdf/lib/test/auto/FIR2.xml
----------------- Instantiating /home/travis/build/icyphy/ptII/ptolemy/domains/sdf/lib/test/auto/FIR2.xml
5 ms. Memory: 208384K Free: 130348K (63%)
----------------- Invoking toplevel() on ptolemy.moml.MoMLSimpleApplication@17f19046
----------------- Done invoking toplevel() on ptolemy.moml.MoMLSimpleApplication@17f19046
reloadAllAccessors: .FIR2

===========================================================================================
----------------- testing Mon Sep 10 02:50:20 UTC 2018 /home/travis/build/icyphy/ptII/ptolemy/domains/sdf/lib/test/auto/FIR4.xml
----------------- Instantiating /home/travis/build/icyphy/ptII/ptolemy/domains/sdf/lib/test/auto/FIR4.xml
5 ms. Memory: 208384K Free: 120146K (58%)
----------------- Invoking toplevel() on ptolemy.moml.MoMLSimpleApplication@90fdd67
----------------- Done invoking toplevel() on ptolemy.moml.MoMLSimpleApplication@90fdd67
reloadAllAccessors: .FIR4

===========================================================================================
----------------- testing Mon Sep 10 02:50:20 UTC 2018 /home/travis/build/icyphy/ptII/ptolemy/domains/sdf/lib/test/auto/FixJoin.xml
----------------- Instantiating /home/travis/build/icyphy/ptII/ptolemy/domains/sdf/lib/test/auto/FixJoin.xml
3 ms. Memory: 208384K Free: 115214K (55%)
----------------- Invoking toplevel() on ptolemy.moml.MoMLSimpleApplication@672a37b5
----------------- Done invoking toplevel() on ptolemy.moml.MoMLSimpleApplication@672a37b5
reloadAllAccessors: .FixJoin

===========================================================================================
----------------- testing Mon Sep 10 02:50:20 UTC 2018 /home/travis/build/icyphy/ptII/ptolemy/domains/sdf/lib/test/auto/IntJoin1.xml
----------------- Instantiating /home/travis/build/icyphy/ptII/ptolemy/domains/sdf/lib/test/auto/IntJoin1.xml
4 ms. Memory: 208384K Free: 110283K (53%)
----------------- Invoking toplevel() on ptolemy.moml.MoMLSimpleApplication@349d32a0
----------------- Done invoking toplevel() on ptolemy.moml.MoMLSimpleApplication@349d32a0
reloadAllAccessors: .IntJoin1

===========================================================================================
----------------- testing Mon Sep 10 02:50:20 UTC 2018 /home/travis/build/icyphy/ptII/ptolemy/domains/sdf/lib/test/auto/IntJoin2.xml
----------------- Instantiating /home/travis/build/icyphy/ptII/ptolemy/domains/sdf/lib/test/auto/IntJoin2.xml
5 ms. Memory: 208384K Free: 105336K (51%)
----------------- Invoking toplevel() on ptolemy.moml.MoMLSimpleApplication@709322a0
----------------- Done invoking toplevel() on ptolemy.moml.MoMLSimpleApplication@709322a0
reloadAllAccessors: .IntJoin2

===========================================================================================
----------------- testing Mon Sep 10 02:50:20 UTC 2018 /home/travis/build/icyphy/ptII/ptolemy/domains/sdf/lib/test/auto/IntJoin3.xml
----------------- Instantiating /home/travis/build/icyphy/ptII/ptolemy/domains/sdf/lib/test/auto/IntJoin3.xml
3 ms. Memory: 208384K Free: 98844K (47%)
----------------- Invoking toplevel() on ptolemy.moml.MoMLSimpleApplication@628a0d64
----------------- Done invoking toplevel() on ptolemy.moml.MoMLSimpleApplication@628a0d64
reloadAllAccessors: .IntJoin3

===========================================================================================
----------------- testing Mon Sep 10 02:50:20 UTC 2018 /home/travis/build/icyphy/ptII/ptolemy/domains/sdf/lib/test/auto/IntJoin4.xml
----------------- Instantiating /home/travis/build/icyphy/ptII/ptolemy/domains/sdf/lib/test/auto/IntJoin4.xml
4 ms. Memory: 208384K Free: 93881K (45%)
----------------- Invoking toplevel() on ptolemy.moml.MoMLSimpleApplication@15235f94
----------------- Done invoking toplevel() on ptolemy.moml.MoMLSimpleApplication@15235f94
reloadAllAccessors: .IntJoin4

===========================================================================================
----------------- testing Mon Sep 10 02:50:20 UTC 2018 /home/travis/build/icyphy/ptII/ptolemy/domains/sdf/lib/test/auto/IntJoin5.xml
----------------- Instantiating /home/travis/build/icyphy/ptII/ptolemy/domains/sdf/lib/test/auto/IntJoin5.xml
3 ms. Memory: 208384K Free: 89540K (43%)
----------------- Invoking toplevel() on ptolemy.moml.MoMLSimpleApplication@17b6296e
----------------- Done invoking toplevel() on ptolemy.moml.MoMLSimpleApplication@17b6296e
reloadAllAccessors: .IntJoin5

===========================================================================================
----------------- testing Mon Sep 10 02:50:20 UTC 2018 /home/travis/build/icyphy/ptII/ptolemy/domains/sdf/lib/test/auto/IntToBits.xml
----------------- Instantiating /home/travis/build/icyphy/ptII/ptolemy/domains/sdf/lib/test/auto/IntToBits.xml
3 ms. Memory: 208384K Free: 86428K (41%)
----------------- Invoking toplevel() on ptolemy.moml.MoMLSimpleApplication@68520589
----------------- Done invoking toplevel() on ptolemy.moml.MoMLSimpleApplication@68520589
reloadAllAccessors: .IntToBits

===========================================================================================
----------------- testing Mon Sep 10 02:50:20 UTC 2018 /home/travis/build/icyphy/ptII/ptolemy/domains/sdf/lib/test/auto/LMSAdaptive.xml
----------------- Instantiating /home/travis/build/icyphy/ptII/ptolemy/domains/sdf/lib/test/auto/LMSAdaptive.xml
10 ms. Memory: 208384K Free: 198663K (95%)
----------------- Invoking toplevel() on ptolemy.moml.MoMLSimpleApplication@5ae3242d
----------------- Done invoking toplevel() on ptolemy.moml.MoMLSimpleApplication@5ae3242d
reloadAllAccessors: .LMSAdaptive

===========================================================================================
----------------- testing Mon Sep 10 02:50:21 UTC 2018 /home/travis/build/icyphy/ptII/ptolemy/domains/sdf/lib/test/auto/LMSAdaptiveFIR.xml
----------------- Instantiating /home/travis/build/icyphy/ptII/ptolemy/domains/sdf/lib/test/auto/LMSAdaptiveFIR.xml
243 ms. Memory: 208384K Free: 158212K (76%)
----------------- Invoking toplevel() on ptolemy.moml.MoMLSimpleApplication@2b8906ad
----------------- Done invoking toplevel() on ptolemy.moml.MoMLSimpleApplication@2b8906ad
reloadAllAccessors: .LMSAdaptiveFIR

===========================================================================================
----------------- testing Mon Sep 10 02:50:21 UTC 2018 /home/travis/build/icyphy/ptII/ptolemy/domains/sdf/lib/test/auto/LMSAdaptiveFIR2.xml
----------------- Instantiating /home/travis/build/icyphy/ptII/ptolemy/domains/sdf/lib/test/auto/LMSAdaptiveFIR2.xml
342 ms. Memory: 208384K Free: 97874K (47%)
----------------- Invoking toplevel() on ptolemy.moml.MoMLSimpleApplication@39becac0
----------------- Done invoking toplevel() on ptolemy.moml.MoMLSimpleApplication@39becac0
reloadAllAccessors: .LMSAdaptiveFIR2

===========================================================================================
----------------- testing Mon Sep 10 02:50:21 UTC 2018 /home/travis/build/icyphy/ptII/ptolemy/domains/sdf/lib/test/auto/LongJoin.xml
----------------- Instantiating /home/travis/build/icyphy/ptII/ptolemy/domains/sdf/lib/test/auto/LongJoin.xml
3 ms. Memory: 208384K Free: 91863K (44%)
----------------- Invoking toplevel() on ptolemy.moml.MoMLSimpleApplication@2def75
----------------- Done invoking toplevel() on ptolemy.moml.MoMLSimpleApplication@2def75
reloadAllAccessors: .LongJoin

===========================================================================================
----------------- testing Mon Sep 10 02:50:21 UTC 2018 /home/travis/build/icyphy/ptII/ptolemy/domains/sdf/lib/test/auto/Matrix1.xml
----------------- Instantiating /home/travis/build/icyphy/ptII/ptolemy/domains/sdf/lib/test/auto/Matrix1.xml
4 ms. Memory: 208384K Free: 87498K (42%)
----------------- Invoking toplevel() on ptolemy.moml.MoMLSimpleApplication@2ca6cd1
----------------- Done invoking toplevel() on ptolemy.moml.MoMLSimpleApplication@2ca6cd1
reloadAllAccessors: .Matrix1

===========================================================================================
----------------- testing Mon Sep 10 02:50:21 UTC 2018 /home/travis/build/icyphy/ptII/ptolemy/domains/sdf/lib/test/auto/Matrix2.xml
----------------- Instantiating /home/travis/build/icyphy/ptII/ptolemy/domains/sdf/lib/test/auto/Matrix2.xml
4 ms. Memory: 208384K Free: 83181K (40%)
----------------- Invoking toplevel() on ptolemy.moml.MoMLSimpleApplication@3be692f1
----------------- Done invoking toplevel() on ptolemy.moml.MoMLSimpleApplication@3be692f1
reloadAllAccessors: .Matrix2

===========================================================================================
----------------- testing Mon Sep 10 02:50:21 UTC 2018 /home/travis/build/icyphy/ptII/ptolemy/domains/sdf/lib/test/auto/MatrixJoin1.xml
----------------- Instantiating /home/travis/build/icyphy/ptII/ptolemy/domains/sdf/lib/test/auto/MatrixJoin1.xml
4 ms. Memory: 208384K Free: 77800K (37%)
----------------- Invoking toplevel() on ptolemy.moml.MoMLSimpleApplication@7b558e5f
----------------- Done invoking toplevel() on ptolemy.moml.MoMLSimpleApplication@7b558e5f
reloadAllAccessors: .MatrixJoin1

===========================================================================================
----------------- testing Mon Sep 10 02:50:21 UTC 2018 /home/travis/build/icyphy/ptII/ptolemy/domains/sdf/lib/test/auto/MatrixJoin2.xml
----------------- Instantiating /home/travis/build/icyphy/ptII/ptolemy/domains/sdf/lib/test/auto/MatrixJoin2.xml
4 ms. Memory: 333312K Free: 320163K (96%)
----------------- Invoking toplevel() on ptolemy.moml.MoMLSimpleApplication@70728d72
----------------- Done invoking toplevel() on ptolemy.moml.MoMLSimpleApplication@70728d72
reloadAllAccessors: .MatrixJoin2

===========================================================================================
----------------- testing Mon Sep 10 02:50:21 UTC 2018 /home/travis/build/icyphy/ptII/ptolemy/domains/sdf/lib/test/auto/MatrixJoin3.xml
----------------- Instantiating /home/travis/build/icyphy/ptII/ptolemy/domains/sdf/lib/test/auto/MatrixJoin3.xml
3 ms. Memory: 333312K Free: 311879K (94%)
----------------- Invoking toplevel() on ptolemy.moml.MoMLSimpleApplication@a2177c3
----------------- Done invoking toplevel() on ptolemy.moml.MoMLSimpleApplication@a2177c3
reloadAllAccessors: .MatrixJoin3

===========================================================================================
----------------- testing Mon Sep 10 02:50:21 UTC 2018 /home/travis/build/icyphy/ptII/ptolemy/domains/sdf/lib/test/auto/MatrixJoin4.xml
----------------- Instantiating /home/travis/build/icyphy/ptII/ptolemy/domains/sdf/lib/test/auto/MatrixJoin4.xml
2 ms. Memory: 333312K Free: 305293K (92%)
----------------- Invoking toplevel() on ptolemy.moml.MoMLSimpleApplication@2fb11737
----------------- Done invoking toplevel() on ptolemy.moml.MoMLSimpleApplication@2fb11737
reloadAllAccessors: .MatrixJoin4

===========================================================================================
----------------- testing Mon Sep 10 02:50:22 UTC 2018 /home/travis/build/icyphy/ptII/ptolemy/domains/sdf/lib/test/auto/MatrixJoin5.xml
----------------- Instantiating /home/travis/build/icyphy/ptII/ptolemy/domains/sdf/lib/test/auto/MatrixJoin5.xml
4 ms. Memory: 333312K Free: 298708K (90%)
----------------- Invoking toplevel() on ptolemy.moml.MoMLSimpleApplication@221c906a
----------------- Done invoking toplevel() on ptolemy.moml.MoMLSimpleApplication@221c906a
reloadAllAccessors: .MatrixJoin5

===========================================================================================
----------------- testing Mon Sep 10 02:50:22 UTC 2018 /home/travis/build/icyphy/ptII/ptolemy/domains/sdf/lib/test/auto/MatrixSplit1.xml
----------------- Instantiating /home/travis/build/icyphy/ptII/ptolemy/domains/sdf/lib/test/auto/MatrixSplit1.xml
4 ms. Memory: 333312K Free: 290741K (87%)
----------------- Invoking toplevel() on ptolemy.moml.MoMLSimpleApplication@253a427e
----------------- Done invoking toplevel() on ptolemy.moml.MoMLSimpleApplication@253a427e
reloadAllAccessors: .MatrixSplit1

===========================================================================================
----------------- testing Mon Sep 10 02:50:22 UTC 2018 /home/travis/build/icyphy/ptII/ptolemy/domains/sdf/lib/test/auto/MatrixSplit10.xml
----------------- Instantiating /home/travis/build/icyphy/ptII/ptolemy/domains/sdf/lib/test/auto/MatrixSplit10.xml
2 ms. Memory: 333312K Free: 285826K (86%)
----------------- Invoking toplevel() on ptolemy.moml.MoMLSimpleApplication@46593ff
----------------- Done invoking toplevel() on ptolemy.moml.MoMLSimpleApplication@46593ff
reloadAllAccessors: .MatrixSplit10

===========================================================================================
----------------- testing Mon Sep 10 02:50:22 UTC 2018 /home/travis/build/icyphy/ptII/ptolemy/domains/sdf/lib/test/auto/MatrixSplit11.xml
----------------- Instantiating /home/travis/build/icyphy/ptII/ptolemy/domains/sdf/lib/test/auto/MatrixSplit11.xml
2 ms. Memory: 333312K Free: 280910K (84%)
----------------- Invoking toplevel() on ptolemy.moml.MoMLSimpleApplication@2a3d30d8
----------------- Done invoking toplevel() on ptolemy.moml.MoMLSimpleApplication@2a3d30d8
reloadAllAccessors: .MatrixSplit11

===========================================================================================
----------------- testing Mon Sep 10 02:50:22 UTC 2018 /home/travis/build/icyphy/ptII/ptolemy/domains/sdf/lib/test/auto/MatrixSplit12.xml
----------------- Instantiating /home/travis/build/icyphy/ptII/ptolemy/domains/sdf/lib/test/auto/MatrixSplit12.xml
3 ms. Memory: 333312K Free: 275995K (83%)
----------------- Invoking toplevel() on ptolemy.moml.MoMLSimpleApplication@78af1ed
----------------- Done invoking toplevel() on ptolemy.moml.MoMLSimpleApplication@78af1ed
reloadAllAccessors: .MatrixSplit12

===========================================================================================
----------------- testing Mon Sep 10 02:50:22 UTC 2018 /home/travis/build/icyphy/ptII/ptolemy/domains/sdf/lib/test/auto/MatrixSplit13.xml
----------------- Instantiating /home/travis/build/icyphy/ptII/ptolemy/domains/sdf/lib/test/auto/MatrixSplit13.xml
4 ms. Memory: 333312K Free: 269667K (81%)
----------------- Invoking toplevel() on ptolemy.moml.MoMLSimpleApplication@6320a1a
----------------- Done invoking toplevel() on ptolemy.moml.MoMLSimpleApplication@6320a1a
reloadAllAccessors: .MatrixSplit13

===========================================================================================
----------------- testing Mon Sep 10 02:50:22 UTC 2018 /home/travis/build/icyphy/ptII/ptolemy/domains/sdf/lib/test/auto/MatrixSplit14.xml
----------------- Instantiating /home/travis/build/icyphy/ptII/ptolemy/domains/sdf/lib/test/auto/MatrixSplit14.xml
3 ms. Memory: 333312K Free: 264752K (79%)
----------------- Invoking toplevel() on ptolemy.moml.MoMLSimpleApplication@7c4a10f3
----------------- Done invoking toplevel() on ptolemy.moml.MoMLSimpleApplication@7c4a10f3
reloadAllAccessors: .MatrixSplit14

===========================================================================================
----------------- testing Mon Sep 10 02:50:22 UTC 2018 /home/travis/build/icyphy/ptII/ptolemy/domains/sdf/lib/test/auto/MatrixSplit2.xml
----------------- Instantiating /home/travis/build/icyphy/ptII/ptolemy/domains/sdf/lib/test/auto/MatrixSplit2.xml
4 ms. Memory: 333312K Free: 259836K (78%)
----------------- Invoking toplevel() on ptolemy.moml.MoMLSimpleApplication@7d7ca434
----------------- Done invoking toplevel() on ptolemy.moml.MoMLSimpleApplication@7d7ca434
reloadAllAccessors: .MatrixSplit2

===========================================================================================
----------------- testing Mon Sep 10 02:50:22 UTC 2018 /home/travis/build/icyphy/ptII/ptolemy/domains/sdf/lib/test/auto/MatrixSplit3.xml
----------------- Instantiating /home/travis/build/icyphy/ptII/ptolemy/domains/sdf/lib/test/auto/MatrixSplit3.xml
1 ms. Memory: 333312K Free: 253508K (76%)
----------------- Invoking toplevel() on ptolemy.moml.MoMLSimpleApplication@3f983277
----------------- Done invoking toplevel() on ptolemy.moml.MoMLSimpleApplication@3f983277
reloadAllAccessors: .MatrixSplit3

===========================================================================================
----------------- testing Mon Sep 10 02:50:22 UTC 2018 /home/travis/build/icyphy/ptII/ptolemy/domains/sdf/lib/test/auto/MatrixSplit4.xml
----------------- Instantiating /home/travis/build/icyphy/ptII/ptolemy/domains/sdf/lib/test/auto/MatrixSplit4.xml
2 ms. Memory: 333312K Free: 248593K (75%)
----------------- Invoking toplevel() on ptolemy.moml.MoMLSimpleApplication@752c508d
----------------- Done invoking toplevel() on ptolemy.moml.MoMLSimpleApplication@752c508d
reloadAllAccessors: .MatrixSplit4

===========================================================================================
----------------- testing Mon Sep 10 02:50:22 UTC 2018 /home/travis/build/icyphy/ptII/ptolemy/domains/sdf/lib/test/auto/MatrixSplit5.xml
----------------- Instantiating /home/travis/build/icyphy/ptII/ptolemy/domains/sdf/lib/test/auto/MatrixSplit5.xml
2 ms. Memory: 333312K Free: 243678K (73%)
----------------- Invoking toplevel() on ptolemy.moml.MoMLSimpleApplication@5678cefa
----------------- Done invoking toplevel() on ptolemy.moml.MoMLSimpleApplication@5678cefa
reloadAllAccessors: .MatrixSplit5

===========================================================================================
----------------- testing Mon Sep 10 02:50:22 UTC 2018 /home/travis/build/icyphy/ptII/ptolemy/domains/sdf/lib/test/auto/MatrixSplit6.xml
----------------- Instantiating /home/travis/build/icyphy/ptII/ptolemy/domains/sdf/lib/test/auto/MatrixSplit6.xml
1 ms. Memory: 333312K Free: 237349K (71%)
----------------- Invoking toplevel() on ptolemy.moml.MoMLSimpleApplication@2c49ef36
----------------- Done invoking toplevel() on ptolemy.moml.MoMLSimpleApplication@2c49ef36
reloadAllAccessors: .MatrixSplit6

===========================================================================================
----------------- testing Mon Sep 10 02:50:22 UTC 2018 /home/travis/build/icyphy/ptII/ptolemy/domains/sdf/lib/test/auto/MatrixSplit7.xml
----------------- Instantiating /home/travis/build/icyphy/ptII/ptolemy/domains/sdf/lib/test/auto/MatrixSplit7.xml
2 ms. Memory: 333312K Free: 232434K (70%)
----------------- Invoking toplevel() on ptolemy.moml.MoMLSimpleApplication@6a0faaf2
----------------- Done invoking toplevel() on ptolemy.moml.MoMLSimpleApplication@6a0faaf2
reloadAllAccessors: .MatrixSplit7

===========================================================================================
----------------- testing Mon Sep 10 02:50:22 UTC 2018 /home/travis/build/icyphy/ptII/ptolemy/domains/sdf/lib/test/auto/MatrixSplit8.xml
----------------- Instantiating /home/travis/build/icyphy/ptII/ptolemy/domains/sdf/lib/test/auto/MatrixSplit8.xml
2 ms. Memory: 333312K Free: 227519K (68%)
----------------- Invoking toplevel() on ptolemy.moml.MoMLSimpleApplication@1c3a35ad
----------------- Done invoking toplevel() on ptolemy.moml.MoMLSimpleApplication@1c3a35ad
reloadAllAccessors: .MatrixSplit8

===========================================================================================
----------------- testing Mon Sep 10 02:50:22 UTC 2018 /home/travis/build/icyphy/ptII/ptolemy/domains/sdf/lib/test/auto/MatrixSplit9.xml
----------------- Instantiating /home/travis/build/icyphy/ptII/ptolemy/domains/sdf/lib/test/auto/MatrixSplit9.xml
2 ms. Memory: 333312K Free: 222604K (67%)
----------------- Invoking toplevel() on ptolemy.moml.MoMLSimpleApplication@5ffe4b1c
----------------- Done invoking toplevel() on ptolemy.moml.MoMLSimpleApplication@5ffe4b1c
reloadAllAccessors: .MatrixSplit9

===========================================================================================
----------------- testing Mon Sep 10 02:50:22 UTC 2018 /home/travis/build/icyphy/ptII/ptolemy/domains/sdf/lib/test/auto/MatrixToSequence.xml
----------------- Instantiating /home/travis/build/icyphy/ptII/ptolemy/domains/sdf/lib/test/auto/MatrixToSequence.xml
12 ms. Memory: 333312K Free: 209722K (63%)
----------------- Invoking toplevel() on ptolemy.moml.MoMLSimpleApplication@d45b3e8
----------------- Done invoking toplevel() on ptolemy.moml.MoMLSimpleApplication@d45b3e8
reloadAllAccessors: .MatrixToSequence

===========================================================================================
----------------- testing Mon Sep 10 02:50:22 UTC 2018 /home/travis/build/icyphy/ptII/ptolemy/domains/sdf/lib/test/auto/MaximumEntropySpectrum.xml
----------------- Instantiating /home/travis/build/icyphy/ptII/ptolemy/domains/sdf/lib/test/auto/MaximumEntropySpectrum.xml
17 ms. Memory: 333312K Free: 185113K (56%)
----------------- Invoking toplevel() on ptolemy.moml.MoMLSimpleApplication@5ea28bd
----------------- Done invoking toplevel() on ptolemy.moml.MoMLSimpleApplication@5ea28bd
reloadAllAccessors: .MaximumEntropySpectrum

===========================================================================================
----------------- testing Mon Sep 10 02:50:22 UTC 2018 /home/travis/build/icyphy/ptII/ptolemy/domains/sdf/lib/test/auto/SampleDelayConversion.xml
----------------- Instantiating /home/travis/build/icyphy/ptII/ptolemy/domains/sdf/lib/test/auto/SampleDelayConversion.xml
2 ms. Memory: 333312K Free: 180198K (54%)
----------------- Invoking toplevel() on ptolemy.moml.MoMLSimpleApplication@43cf1b4c
----------------- Done invoking toplevel() on ptolemy.moml.MoMLSimpleApplication@43cf1b4c
reloadAllAccessors: .SampleDelayConversion

===========================================================================================
----------------- testing Mon Sep 10 02:50:22 UTC 2018 /home/travis/build/icyphy/ptII/ptolemy/domains/sdf/lib/test/auto/SequenceToArray.xml
----------------- Instantiating /home/travis/build/icyphy/ptII/ptolemy/domains/sdf/lib/test/auto/SequenceToArray.xml
9 ms. Memory: 333312K Free: 165662K (50%)
----------------- Invoking toplevel() on ptolemy.moml.MoMLSimpleApplication@45372a9e
----------------- Done invoking toplevel() on ptolemy.moml.MoMLSimpleApplication@45372a9e
reloadAllAccessors: .SequenceToArray

===========================================================================================
----------------- testing Mon Sep 10 02:50:22 UTC 2018 /home/travis/build/icyphy/ptII/ptolemy/domains/sdf/lib/test/auto/SequenceToMatrix.xml
----------------- Instantiating /home/travis/build/icyphy/ptII/ptolemy/domains/sdf/lib/test/auto/SequenceToMatrix.xml
4161 ms. Memory: 579072K Free: 510579K (88%)
----------------- Invoking toplevel() on ptolemy.moml.MoMLSimpleApplication@766acaae
----------------- Done invoking toplevel() on ptolemy.moml.MoMLSimpleApplication@766acaae
reloadAllAccessors: .SequenceToMatrix

===========================================================================================
----------------- testing Mon Sep 10 02:50:26 UTC 2018 /home/travis/build/icyphy/ptII/ptolemy/domains/sdf/lib/test/auto/SmoothedPeriodogram.xml
----------------- Instantiating /home/travis/build/icyphy/ptII/ptolemy/domains/sdf/lib/test/auto/SmoothedPeriodogram.xml
14 ms. Memory: 579072K Free: 487209K (84%)
----------------- Invoking toplevel() on ptolemy.moml.MoMLSimpleApplication@1b0f7ca8
----------------- Done invoking toplevel() on ptolemy.moml.MoMLSimpleApplication@1b0f7ca8
reloadAllAccessors: .SmoothedPeriodogram

===========================================================================================
----------------- testing Mon Sep 10 02:50:26 UTC 2018 /home/travis/build/icyphy/ptII/ptolemy/domains/sdf/lib/test/auto/UpDownSample1.xml
----------------- Instantiating /home/travis/build/icyphy/ptII/ptolemy/domains/sdf/lib/test/auto/UpDownSample1.xml
4 ms. Memory: 579072K Free: 480662K (83%)
----------------- Invoking toplevel() on ptolemy.moml.MoMLSimpleApplication@5109a8c7
----------------- Done invoking toplevel() on ptolemy.moml.MoMLSimpleApplication@5109a8c7
reloadAllAccessors: .UpDownSample1

===========================================================================================
----------------- testing Mon Sep 10 02:50:26 UTC 2018 /home/travis/build/icyphy/ptII/ptolemy/domains/sdf/lib/test/auto/UpSample1.xml
----------------- Instantiating /home/travis/build/icyphy/ptII/ptolemy/domains/sdf/lib/test/auto/UpSample1.xml
2 ms. Memory: 579072K Free: 474116K (82%)
----------------- Invoking toplevel() on ptolemy.moml.MoMLSimpleApplication@1c1f5bf2
----------------- Done invoking toplevel() on ptolemy.moml.MoMLSimpleApplication@1c1f5bf2
reloadAllAccessors: .UpSample1

===========================================================================================
----------------- testing Mon Sep 10 02:50:26 UTC 2018 /home/travis/build/icyphy/ptII/ptolemy/domains/sdf/lib/test/auto/VariableFIR.xml
----------------- Instantiating /home/travis/build/icyphy/ptII/ptolemy/domains/sdf/lib/test/auto/VariableFIR.xml
8 ms. Memory: 579072K Free: 464054K (80%)
----------------- Invoking toplevel() on ptolemy.moml.MoMLSimpleApplication@743945d3
----------------- Done invoking toplevel() on ptolemy.moml.MoMLSimpleApplication@743945d3
reloadAllAccessors: .VariableFIR

===========================================================================================
----------------- testing Mon Sep 10 02:50:26 UTC 2018 /home/travis/build/icyphy/ptII/ptolemy/domains/sdf/lib/test/auto/VariableFIR2.xml
----------------- Instantiating /home/travis/build/icyphy/ptII/ptolemy/domains/sdf/lib/test/auto/VariableFIR2.xml
3 ms. Memory: 579072K Free: 452272K (78%)
----------------- Invoking toplevel() on ptolemy.moml.MoMLSimpleApplication@2c00a653
----------------- Done invoking toplevel() on ptolemy.moml.MoMLSimpleApplication@2c00a653
reloadAllAccessors: .VariableFIR2

===========================================================================================
----------------- testing Mon Sep 10 02:50:26 UTC 2018 /home/travis/build/icyphy/ptII/ptolemy/domains/sdf/lib/test/auto/VariableLattice.xml
----------------- Instantiating /home/travis/build/icyphy/ptII/ptolemy/domains/sdf/lib/test/auto/VariableLattice.xml
3 ms. Memory: 579072K Free: 442452K (76%)
----------------- Invoking toplevel() on ptolemy.moml.MoMLSimpleApplication@fc76ff1
----------------- Done invoking toplevel() on ptolemy.moml.MoMLSimpleApplication@fc76ff1
reloadAllAccessors: .VariableLattice

===========================================================================================
----------------- testing Mon Sep 10 02:50:26 UTC 2018 /home/travis/build/icyphy/ptII/ptolemy/domains/sdf/lib/test/auto/VariableLattice2.xml
----------------- Instantiating /home/travis/build/icyphy/ptII/ptolemy/domains/sdf/lib/test/auto/VariableLattice2.xml
1.0
-1.999999602036
1.9099998677481
-0.9099996420674
0.205
0.0
0.0
1.0
-0.25
-0.5
0.0
0.0
0.0
0.0
4 ms. Memory: 579072K Free: 432631K (75%)
----------------- Invoking toplevel() on ptolemy.moml.MoMLSimpleApplication@6cf34531
----------------- Done invoking toplevel() on ptolemy.moml.MoMLSimpleApplication@6cf34531
reloadAllAccessors: .VariableLattice2

===========================================================================================
----------------- testing Mon Sep 10 02:50:26 UTC 2018 /home/travis/build/icyphy/ptII/ptolemy/domains/sdf/lib/test/auto/VariableRecursiveLattice.xml
----------------- Instantiating /home/travis/build/icyphy/ptII/ptolemy/domains/sdf/lib/test/auto/VariableRecursiveLattice.xml
5 ms. Memory: 579072K Free: 422811K (73%)
----------------- Invoking toplevel() on ptolemy.moml.MoMLSimpleApplication@e5d001f
----------------- Done invoking toplevel() on ptolemy.moml.MoMLSimpleApplication@e5d001f
reloadAllAccessors: .VariableRecursiveLattice

===========================================================================================
----------------- testing Mon Sep 10 02:50:27 UTC 2018 /home/travis/build/icyphy/ptII/ptolemy/domains/sdf/lib/test/auto/VariableRecursiveLattice2.xml
----------------- Instantiating /home/travis/build/icyphy/ptII/ptolemy/domains/sdf/lib/test/auto/VariableRecursiveLattice2.xml
2 ms. Memory: 579072K Free: 416265K (72%)
----------------- Invoking toplevel() on ptolemy.moml.MoMLSimpleApplication@1a8e4575
----------------- Done invoking toplevel() on ptolemy.moml.MoMLSimpleApplication@1a8e4575
reloadAllAccessors: .VariableRecursiveLattice2
AutoTests.java: About to close Vertx.
AutoTests.java: Vertx closed.
]]></system-out>
  <system-err><![CDATA[]]></system-err>
</testsuite>
