<?xml version="1.0" encoding="UTF-8" ?>
<testsuite errors="0" failures="0" hostname="travis-job-29bf93a4-e9c5-4439-bdfb-186d2d001a9b" name="ptolemy.domains.de.test.junit.JUnitTclTest" skipped="0" tests="101" time="136.777" timestamp="2019-07-10T06:40:17">
  <properties>
[...]
</properties>
  <testcase classname="ptolemy.util.test.junit.TclTests" name="[0] /home/travis/build/icyphy/ptII/ptolemy/domains/de/test/DependencyLoop.tcl (RunTclFile)" time="1.163" />
  <testcase classname="ptolemy.util.test.junit.TclTests" name="[1] /home/travis/build/icyphy/ptII/ptolemy/domains/de/test/RunDETestsAsQSS.tcl (RunTclFile)" time="92.554" />
  <testcase classname="ptolemy.util.test.junit.AutoKnownFailedTests" name="[0] /home/travis/build/icyphy/ptII/ptolemy/domains/de/test/auto/knownFailedTests/DESDFClockTest.xml (RunModel)" time="2.065" />
  <testcase classname="ptolemy.util.test.junit.AutoKnownFailedTests" name="[1] /home/travis/build/icyphy/ptII/ptolemy/domains/de/test/auto/knownFailedTests/DirectFeedback.xml (RunModel)" time="0.012" />
  <testcase classname="ptolemy.util.test.junit.AutoKnownFailedTests" name="[2] /home/travis/build/icyphy/ptII/ptolemy/domains/de/test/auto/knownFailedTests/FSMSource.xml (RunModel)" time="0.034" />
  <testcase classname="ptolemy.util.test.junit.AutoKnownFailedTests" name="[3] /home/travis/build/icyphy/ptII/ptolemy/domains/de/test/auto/knownFailedTests/HierarchicalModel.xml (RunModel)" time="0.044" />
  <testcase classname="ptolemy.util.test.junit.AutoKnownFailedTests" name="[4] /home/travis/build/icyphy/ptII/ptolemy/domains/de/test/auto/knownFailedTests/dependencyLoop.xml (RunModel)" time="0.043" />
  <testcase classname="ptolemy.util.test.junit.AutoKnownFailedTests" name="[5] /home/travis/build/icyphy/ptII/ptolemy/domains/de/test/auto/knownFailedTests/dependencyLoop2.xml (RunModel)" time="0.05" />
  <testcase classname="ptolemy.util.test.junit.AutoNameArchTests" name="[0] ThereAreNoAutoArchTests (RunModel)" time="0.001" />
  <testcase classname="ptolemy.util.test.junit.AutoTests" name="[0] /home/travis/build/icyphy/ptII/ptolemy/domains/de/test/auto/ActorDepthCalculation_actorWithoutPorts.xml (RunModel)" time="0.021" />
  <testcase classname="ptolemy.util.test.junit.AutoTests" name="[1] /home/travis/build/icyphy/ptII/ptolemy/domains/de/test/auto/AssemblyLine.xml (RunModel)" time="0.025" />
  <testcase classname="ptolemy.util.test.junit.AutoTests" name="[2] /home/travis/build/icyphy/ptII/ptolemy/domains/de/test/auto/CQBug1.xml (RunModel)" time="0.014" />
  <testcase classname="ptolemy.util.test.junit.AutoTests" name="[3] /home/travis/build/icyphy/ptII/ptolemy/domains/de/test/auto/CancelFireAt.xml (RunModel)" time="0.022" />
  <testcase classname="ptolemy.util.test.junit.AutoTests" name="[4] /home/travis/build/icyphy/ptII/ptolemy/domains/de/test/auto/CausalityAndComposabilityAnalysis.xml (RunModel)" time="0.022" />
  <testcase classname="ptolemy.util.test.junit.AutoTests" name="[5] /home/travis/build/icyphy/ptII/ptolemy/domains/de/test/auto/CausalityInterface1.xml (RunModel)" time="0.014" />
  <testcase classname="ptolemy.util.test.junit.AutoTests" name="[6] /home/travis/build/icyphy/ptII/ptolemy/domains/de/test/auto/CausalityInterface15.xml (RunModel)" time="0.017" />
  <testcase classname="ptolemy.util.test.junit.AutoTests" name="[7] /home/travis/build/icyphy/ptII/ptolemy/domains/de/test/auto/CausalityInterface2.xml (RunModel)" time="0.014" />
  <testcase classname="ptolemy.util.test.junit.AutoTests" name="[8] /home/travis/build/icyphy/ptII/ptolemy/domains/de/test/auto/CausalityInterface3.xml (RunModel)" time="0.02" />
  <testcase classname="ptolemy.util.test.junit.AutoTests" name="[9] /home/travis/build/icyphy/ptII/ptolemy/domains/de/test/auto/ClockDrift.xml (RunModel)" time="0.038" />
  <testcase classname="ptolemy.util.test.junit.AutoTests" name="[10] /home/travis/build/icyphy/ptII/ptolemy/domains/de/test/auto/ClockDriftAndValueChange.xml (RunModel)" time="0.033" />
  <testcase classname="ptolemy.util.test.junit.AutoTests" name="[11] /home/travis/build/icyphy/ptII/ptolemy/domains/de/test/auto/ClockDriftChange.xml (RunModel)" time="0.033" />
  <testcase classname="ptolemy.util.test.junit.AutoTests" name="[12] /home/travis/build/icyphy/ptII/ptolemy/domains/de/test/auto/ComposableCausalityAnalysis.xml (RunModel)" time="0.016" />
  <testcase classname="ptolemy.util.test.junit.AutoTests" name="[13] /home/travis/build/icyphy/ptII/ptolemy/domains/de/test/auto/DEFixedPointLimitation.xml (RunModel)" time="0.009" />
  <testcase classname="ptolemy.util.test.junit.AutoTests" name="[14] /home/travis/build/icyphy/ptII/ptolemy/domains/de/test/auto/DEScheduleTest.xml (RunModel)" time="0.014" />
  <testcase classname="ptolemy.util.test.junit.AutoTests" name="[15] /home/travis/build/icyphy/ptII/ptolemy/domains/de/test/auto/DEinDEwithStartTimes.xml (RunModel)" time="0.024" />
  <testcase classname="ptolemy.util.test.junit.AutoTests" name="[16] /home/travis/build/icyphy/ptII/ptolemy/domains/de/test/auto/DEinDEwithStartTimes2.xml (RunModel)" time="0.019" />
  <testcase classname="ptolemy.util.test.junit.AutoTests" name="[17] /home/travis/build/icyphy/ptII/ptolemy/domains/de/test/auto/DateDemo.xml (RunModel)" time="0.029" />
  <testcase classname="ptolemy.util.test.junit.AutoTests" name="[18] /home/travis/build/icyphy/ptII/ptolemy/domains/de/test/auto/DateToEvent.xml (RunModel)" time="2.043" />
  <testcase classname="ptolemy.util.test.junit.AutoTests" name="[19] /home/travis/build/icyphy/ptII/ptolemy/domains/de/test/auto/DepthTest1.xml (RunModel)" time="0.014" />
  <testcase classname="ptolemy.util.test.junit.AutoTests" name="[20] /home/travis/build/icyphy/ptII/ptolemy/domains/de/test/auto/DepthTest2.xml (RunModel)" time="0.02" />
  <testcase classname="ptolemy.util.test.junit.AutoTests" name="[21] /home/travis/build/icyphy/ptII/ptolemy/domains/de/test/auto/DepthTest3.xml (RunModel)" time="0.01" />
  <testcase classname="ptolemy.util.test.junit.AutoTests" name="[22] /home/travis/build/icyphy/ptII/ptolemy/domains/de/test/auto/DepthTest4.xml (RunModel)" time="0.02" />
  <testcase classname="ptolemy.util.test.junit.AutoTests" name="[23] /home/travis/build/icyphy/ptII/ptolemy/domains/de/test/auto/DepthTest5.xml (RunModel)" time="0.016" />
  <testcase classname="ptolemy.util.test.junit.AutoTests" name="[24] /home/travis/build/icyphy/ptII/ptolemy/domains/de/test/auto/DepthTest6.xml (RunModel)" time="0.015" />
  <testcase classname="ptolemy.util.test.junit.AutoTests" name="[25] /home/travis/build/icyphy/ptII/ptolemy/domains/de/test/auto/DepthTest7.xml (RunModel)" time="0.012" />
  <testcase classname="ptolemy.util.test.junit.AutoTests" name="[26] /home/travis/build/icyphy/ptII/ptolemy/domains/de/test/auto/EventToDate.xml (RunModel)" time="3.038" />
  <testcase classname="ptolemy.util.test.junit.AutoTests" name="[27] /home/travis/build/icyphy/ptII/ptolemy/domains/de/test/auto/FSM1.xml (RunModel)" time="0.037" />
  <testcase classname="ptolemy.util.test.junit.AutoTests" name="[28] /home/travis/build/icyphy/ptII/ptolemy/domains/de/test/auto/FSM7.xml (RunModel)" time="0.063" />
  <testcase classname="ptolemy.util.test.junit.AutoTests" name="[29] /home/travis/build/icyphy/ptII/ptolemy/domains/de/test/auto/Inspection.xml (RunModel)" time="0.049" />
  <testcase classname="ptolemy.util.test.junit.AutoTests" name="[30] /home/travis/build/icyphy/ptII/ptolemy/domains/de/test/auto/Iteration.xml (RunModel)" time="0.017" />
  <testcase classname="ptolemy.util.test.junit.AutoTests" name="[31] /home/travis/build/icyphy/ptII/ptolemy/domains/de/test/auto/LineFault.xml (RunModel)" time="0.628" />
  <testcase classname="ptolemy.util.test.junit.AutoTests" name="[32] /home/travis/build/icyphy/ptII/ptolemy/domains/de/test/auto/MergeModel1Add.xml (RunModel)" time="0.055" />
  <testcase classname="ptolemy.util.test.junit.AutoTests" name="[33] /home/travis/build/icyphy/ptII/ptolemy/domains/de/test/auto/MergeModel2Add.xml (RunModel)" time="0.041" />
  <testcase classname="ptolemy.util.test.junit.AutoTests" name="[34] /home/travis/build/icyphy/ptII/ptolemy/domains/de/test/auto/MergeModel3Add.xml (RunModel)" time="0.041" />
  <testcase classname="ptolemy.util.test.junit.AutoTests" name="[35] /home/travis/build/icyphy/ptII/ptolemy/domains/de/test/auto/MergeWithoutDiscard.xml (RunModel)" time="0.018" />
  <testcase classname="ptolemy.util.test.junit.AutoTests" name="[36] /home/travis/build/icyphy/ptII/ptolemy/domains/de/test/auto/Modal1.xml (RunModel)" time="0.033" />
  <testcase classname="ptolemy.util.test.junit.AutoTests" name="[37] /home/travis/build/icyphy/ptII/ptolemy/domains/de/test/auto/Modal2.xml (RunModel)" time="0.037" />
  <testcase classname="ptolemy.util.test.junit.AutoTests" name="[38] /home/travis/build/icyphy/ptII/ptolemy/domains/de/test/auto/Modal3.xml (RunModel)" time="0.033" />
  <testcase classname="ptolemy.util.test.junit.AutoTests" name="[39] /home/travis/build/icyphy/ptII/ptolemy/domains/de/test/auto/Modal4.xml (RunModel)" time="0.033" />
  <testcase classname="ptolemy.util.test.junit.AutoTests" name="[40] /home/travis/build/icyphy/ptII/ptolemy/domains/de/test/auto/Modal5.xml (RunModel)" time="0.029" />
  <testcase classname="ptolemy.util.test.junit.AutoTests" name="[41] /home/travis/build/icyphy/ptII/ptolemy/domains/de/test/auto/Modal6.xml (RunModel)" time="0.037" />
  <testcase classname="ptolemy.util.test.junit.AutoTests" name="[42] /home/travis/build/icyphy/ptII/ptolemy/domains/de/test/auto/Modal7.xml (RunModel)" time="0.03" />
  <testcase classname="ptolemy.util.test.junit.AutoTests" name="[43] /home/travis/build/icyphy/ptII/ptolemy/domains/de/test/auto/ModalModel.xml (RunModel)" time="0.214" />
  <testcase classname="ptolemy.util.test.junit.AutoTests" name="[44] /home/travis/build/icyphy/ptII/ptolemy/domains/de/test/auto/ModalSource.xml (RunModel)" time="0.02" />
  <testcase classname="ptolemy.util.test.junit.AutoTests" name="[45] /home/travis/build/icyphy/ptII/ptolemy/domains/de/test/auto/NonInterruptibleTimerZeroDelay.xml (RunModel)" time="0.01" />
  <testcase classname="ptolemy.util.test.junit.AutoTests" name="[46] /home/travis/build/icyphy/ptII/ptolemy/domains/de/test/auto/OpenQueueingNetwork.xml (RunModel)" time="2.779" />
  <testcase classname="ptolemy.util.test.junit.AutoTests" name="[47] /home/travis/build/icyphy/ptII/ptolemy/domains/de/test/auto/OpenQueuingNetwork.xml (RunModel)" time="0.298" />
  <testcase classname="ptolemy.util.test.junit.AutoTests" name="[48] /home/travis/build/icyphy/ptII/ptolemy/domains/de/test/auto/PeriodicSampler.xml (RunModel)" time="0.015" />
  <testcase classname="ptolemy.util.test.junit.AutoTests" name="[49] /home/travis/build/icyphy/ptII/ptolemy/domains/de/test/auto/PersistentIO.xml (RunModel)" time="0.026" />
  <testcase classname="ptolemy.util.test.junit.AutoTests" name="[50] /home/travis/build/icyphy/ptII/ptolemy/domains/de/test/auto/PortParameterResetOnInitialize.xml (RunModel)" time="0.011" />
  <testcase classname="ptolemy.util.test.junit.AutoTests" name="[51] /home/travis/build/icyphy/ptII/ptolemy/domains/de/test/auto/PortParameterUpdates.xml (RunModel)" time="0.016" />
  <testcase classname="ptolemy.util.test.junit.AutoTests" name="[52] /home/travis/build/icyphy/ptII/ptolemy/domains/de/test/auto/QueueAndServer.xml (RunModel)" time="0.021" />
  <testcase classname="ptolemy.util.test.junit.AutoTests" name="[53] /home/travis/build/icyphy/ptII/ptolemy/domains/de/test/auto/Records.xml (RunModel)" time="0.022" />
  <testcase classname="ptolemy.util.test.junit.AutoTests" name="[54] /home/travis/build/icyphy/ptII/ptolemy/domains/de/test/auto/ResetTransitionWithStartTime1.xml (RunModel)" time="0.018" />
  <testcase classname="ptolemy.util.test.junit.AutoTests" name="[55] /home/travis/build/icyphy/ptII/ptolemy/domains/de/test/auto/ResetTransitionWithStartTime2.xml (RunModel)" time="0.019" />
  <testcase classname="ptolemy.util.test.junit.AutoTests" name="[56] /home/travis/build/icyphy/ptII/ptolemy/domains/de/test/auto/ResetTransitionWithStartTime3.xml (RunModel)" time="0.022" />
  <testcase classname="ptolemy.util.test.junit.AutoTests" name="[57] /home/travis/build/icyphy/ptII/ptolemy/domains/de/test/auto/ResetTransitionWithStartTime4.xml (RunModel)" time="0.017" />
  <testcase classname="ptolemy.util.test.junit.AutoTests" name="[58] /home/travis/build/icyphy/ptII/ptolemy/domains/de/test/auto/ResettableTimer1.xml (RunModel)" time="0.01" />
  <testcase classname="ptolemy.util.test.junit.AutoTests" name="[59] /home/travis/build/icyphy/ptII/ptolemy/domains/de/test/auto/ResettableTimer2.xml (RunModel)" time="0.011" />
  <testcase classname="ptolemy.util.test.junit.AutoTests" name="[60] /home/travis/build/icyphy/ptII/ptolemy/domains/de/test/auto/ResettableTimer3.xml (RunModel)" time="0.01" />
  <testcase classname="ptolemy.util.test.junit.AutoTests" name="[61] /home/travis/build/icyphy/ptII/ptolemy/domains/de/test/auto/ResettableTimer4.xml (RunModel)" time="0.011" />
  <testcase classname="ptolemy.util.test.junit.AutoTests" name="[62] /home/travis/build/icyphy/ptII/ptolemy/domains/de/test/auto/ResettableTimer5.xml (RunModel)" time="0.01" />
  <testcase classname="ptolemy.util.test.junit.AutoTests" name="[63] /home/travis/build/icyphy/ptII/ptolemy/domains/de/test/auto/ResettableTimer6.xml (RunModel)" time="0.016" />
  <testcase classname="ptolemy.util.test.junit.AutoTests" name="[64] /home/travis/build/icyphy/ptII/ptolemy/domains/de/test/auto/ServerZeroDelay.xml (RunModel)" time="0.009" />
  <testcase classname="ptolemy.util.test.junit.AutoTests" name="[65] /home/travis/build/icyphy/ptII/ptolemy/domains/de/test/auto/SmartSender.xml (RunModel)" time="3.008" />
  <testcase classname="ptolemy.util.test.junit.AutoTests" name="[66] /home/travis/build/icyphy/ptII/ptolemy/domains/de/test/auto/ThreadedComposite.xml (RunModel)" time="0.2" />
  <testcase classname="ptolemy.util.test.junit.AutoTests" name="[67] /home/travis/build/icyphy/ptII/ptolemy/domains/de/test/auto/Time.xml (RunModel)" time="0.463" />
  <testcase classname="ptolemy.util.test.junit.AutoTests" name="[68] /home/travis/build/icyphy/ptII/ptolemy/domains/de/test/auto/TimeDelayZeroDelay.xml (RunModel)" time="0.015" />
  <testcase classname="ptolemy.util.test.junit.AutoTests" name="[69] /home/travis/build/icyphy/ptII/ptolemy/domains/de/test/auto/TimerZeroDelay.xml (RunModel)" time="0.01" />
  <testcase classname="ptolemy.util.test.junit.AutoTests" name="[70] /home/travis/build/icyphy/ptII/ptolemy/domains/de/test/auto/TimingParadox.xml (RunModel)" time="0.391" />
  <testcase classname="ptolemy.util.test.junit.AutoTests" name="[71] /home/travis/build/icyphy/ptII/ptolemy/domains/de/test/auto/TransferInputs.xml (RunModel)" time="0.016" />
  <testcase classname="ptolemy.util.test.junit.AutoTests" name="[72] /home/travis/build/icyphy/ptII/ptolemy/domains/de/test/auto/TransferOutputs2.xml (RunModel)" time="0.024" />
  <testcase classname="ptolemy.util.test.junit.AutoTests" name="[73] /home/travis/build/icyphy/ptII/ptolemy/domains/de/test/auto/Trilateration.xml (RunModel)" time="13.597" />
  <testcase classname="ptolemy.util.test.junit.AutoTests" name="[74] /home/travis/build/icyphy/ptII/ptolemy/domains/de/test/auto/TwoSigmaDelta.xml (RunModel)" time="2.007" />
  <testcase classname="ptolemy.util.test.junit.AutoTests" name="[75] /home/travis/build/icyphy/ptII/ptolemy/domains/de/test/auto/VariableDelay.xml (RunModel)" time="0.021" />
  <testcase classname="ptolemy.util.test.junit.AutoTests" name="[76] /home/travis/build/icyphy/ptII/ptolemy/domains/de/test/auto/VariableDelay2.xml (RunModel)" time="0.01" />
  <testcase classname="ptolemy.util.test.junit.AutoTests" name="[77] /home/travis/build/icyphy/ptII/ptolemy/domains/de/test/auto/VariableDelayZeroDelay.xml (RunModel)" time="0.014" />
  <testcase classname="ptolemy.util.test.junit.AutoTests" name="[78] /home/travis/build/icyphy/ptII/ptolemy/domains/de/test/auto/VariableDelayZeroDelay2.xml (RunModel)" time="0.013" />
  <testcase classname="ptolemy.util.test.junit.AutoTests" name="[79] /home/travis/build/icyphy/ptII/ptolemy/domains/de/test/auto/deInCt.xml (RunModel)" time="0.018" />
  <testcase classname="ptolemy.util.test.junit.AutoTests" name="[80] /home/travis/build/icyphy/ptII/ptolemy/domains/de/test/auto/deInCt2.xml (RunModel)" time="0.014" />
  <testcase classname="ptolemy.util.test.junit.AutoTests" name="[81] /home/travis/build/icyphy/ptII/ptolemy/domains/de/test/auto/dynamicCausalityInterface1.xml (RunModel)" time="0.028" />
  <testcase classname="ptolemy.util.test.junit.AutoTests" name="[82] /home/travis/build/icyphy/ptII/ptolemy/domains/de/test/auto/fsm_de_test.xml (RunModel)" time="0.043" />
  <testcase classname="ptolemy.util.test.junit.AutoTests" name="[83] /home/travis/build/icyphy/ptII/ptolemy/domains/de/test/auto/functionDependencyReconstruction.xml (RunModel)" time="0.04" />
  <testcase classname="ptolemy.util.test.junit.AutoTests" name="[84] /home/travis/build/icyphy/ptII/ptolemy/domains/de/test/auto/multirate.xml (RunModel)" time="0.028" />
  <testcase classname="ptolemy.util.test.junit.AutoTests" name="[85] /home/travis/build/icyphy/ptII/ptolemy/domains/de/test/auto/multirate2.xml (RunModel)" time="0.033" />
  <testcase classname="ptolemy.util.test.junit.AutoTests" name="[86] /home/travis/build/icyphy/ptII/ptolemy/domains/de/test/auto/realtime.xml (RunModel)" time="10.024" />
  <testcase classname="ptolemy.util.test.junit.AutoTests" name="[87] /home/travis/build/icyphy/ptII/ptolemy/domains/de/test/auto/relationGroup.xml (RunModel)" time="0.018" />
  <testcase classname="ptolemy.util.test.junit.AutoTests" name="[88] /home/travis/build/icyphy/ptII/ptolemy/domains/de/test/auto/relationGroup2.xml (RunModel)" time="0.015" />
  <testcase classname="ptolemy.util.test.junit.AutoTests" name="[89] /home/travis/build/icyphy/ptII/ptolemy/domains/de/test/auto/sortWithOpaquePorts.xml (RunModel)" time="0.013" />
  <testcase classname="ptolemy.util.test.junit.AutoTests" name="[90] /home/travis/build/icyphy/ptII/ptolemy/domains/de/test/auto/transferInputsandOutputs.xml (RunModel)" time="0.023" />
  <testcase classname="ptolemy.util.test.junit.AutoTests" name="[91] /home/travis/build/icyphy/ptII/ptolemy/domains/de/test/auto/triggerType.xml (RunModel)" time="0.023" />
  <system-out><![CDATA[/home/travis/build/icyphy/ptII/ptolemy/domains/de/test/DependencyLoop.tcl
testDefs.tcl: setting time out to 9000 seconds at Wed Jul 10 06:40:17 UTC 2019
45 ms. Memory: 120832K Free: 98987K (82%)
19 ms. Memory: 162816K Free: 143787K (88%)
/home/travis/build/icyphy/ptII/ptolemy/domains/de/test/RunDETestsAsQSS.tcl
Run the DE tests using ptolemy.domains.qss.test.QSSDirectorTest, which extends QSSDirector and prints a message in the constructors.
------------------ testing $PTII/ptolemy/domains/de/test/auto/knownFailedTests/DirectFeedback.xml (Known Failure) 
65 ms. Memory: 162816K Free: 138647K (85%)


==== $PTIIhome/travis/build/icyphy/ptII/ptolemy/domains/de/test/../../../../: Auto Automatic test in file $PTII/ptolemy/domains/de/test/auto/knownFailedTests/DirectFeedback.xml
==== Contents of test case:

	    # FIXME: we should use $relativeFilename here, but it
	    # might have backslashes under Windows, which causes no end
	    # of trouble.
	    createAndExecute $file
	    list {}
	
.... Test generated KNOWN error:
    while executing
ptolemy.kernel.util.IllegalActionException: Test fails in iteration 1.
Value was: 1.0. Should have been: 2.0
  in .DirectFeedback.Test
	at ptolemy.actor.lib.Test.fire(Test.java:268)
	at ptolemy.domains.de.kernel.DEDirector._fire(DEDirector.java:1949)
	at ptolemy.domains.de.kernel.DEDirector.fire(DEDirector.java:502)
	at ptolemy.actor.CompositeActor.fire(CompositeActor.java:455)
	at ptolemy.actor.Manager.iterate(Manager.java:851)
	at ptolemy.actor.Manager.execute(Manager.java:369)
	at ptolemy.actor.Manager.run(Manager.java:1263)
	at ptolemy.actor.Manager$PtolemyRunThread.run(Manager.java:1915)

    while executing
ptolemy.kernel.util.IllegalActionException: Test fails in iteration 1.
Value was: 1.0. Should have been: 2.0
  in .DirectFeedback.Test
    while executing
"java::new ptolemy.moml.MoMLSimpleApplication $file
"
    (procedure "createAndExecute" line 2)
    invoked from within
"createAndExecute $file"
    ("uplevel" body line 5)
    invoked from within
"uplevel $contents_of_test"
------------------ testing $PTII/ptolemy/domains/de/test/auto/knownFailedTests/dependencyLoop.xml (Known Failure) 
13 ms. Memory: 162816K Free: 135889K (83%)


==== $PTIIhome/travis/build/icyphy/ptII/ptolemy/domains/de/test/../../../../: Auto Automatic test in file $PTII/ptolemy/domains/de/test/auto/knownFailedTests/dependencyLoop.xml
==== Contents of test case:

	    # FIXME: we should use $relativeFilename here, but it
	    # might have backslashes under Windows, which causes no end
	    # of trouble.
	    createAndExecute $file
	    list {}
	
.... Test generated KNOWN error:
    while executing
ptolemy.kernel.util.IllegalActionException: Found a zero delay loop containing .dependencyLoop.original
  in .dependencyLoop and .dependencyLoop.original
	at ptolemy.actor.util.CausalityInterfaceForComposites._computeOutputPortDepth(CausalityInterfaceForComposites.java:759)
	at ptolemy.actor.util.CausalityInterfaceForComposites._computeInputDepth(CausalityInterfaceForComposites.java:696)
	at ptolemy.actor.util.CausalityInterfaceForComposites._computeOutputPortDepth(CausalityInterfaceForComposites.java:765)
	at ptolemy.actor.util.CausalityInterfaceForComposites._computeInputDepth(CausalityInterfaceForComposites.java:696)
	at ptolemy.actor.util.CausalityInterfaceForComposites._computeOutputPortDepth(CausalityInterfaceForComposites.java:765)
	at ptolemy.actor.util.CausalityInterfaceForComposites._computeInputDepth(CausalityInterfaceForComposites.java:696)
	at ptolemy.actor.util.CausalityInterfaceForComposites._computeActorDepth(CausalityInterfaceForComposites.java:532)
	at ptolemy.actor.util.CausalityInterfaceForComposites.checkForCycles(CausalityInterfaceForComposites.java:96)
	at ptolemy.domains.de.kernel.DEDirector.preinitialize(DEDirector.java:1338)
	at ptolemy.actor.CompositeActor.preinitialize(CompositeActor.java:1828)
	at ptolemy.actor.Manager.preinitializeAndResolveTypes(Manager.java:1040)
	at ptolemy.actor.Manager.initialize(Manager.java:710)
	at ptolemy.actor.Manager.execute(Manager.java:356)
	at ptolemy.actor.Manager.run(Manager.java:1263)
	at ptolemy.actor.Manager$PtolemyRunThread.run(Manager.java:1915)

    while executing
ptolemy.kernel.util.IllegalActionException: Found a zero delay loop containing .dependencyLoop.original
  in .dependencyLoop and .dependencyLoop.original
    while executing
"java::new ptolemy.moml.MoMLSimpleApplication $file
"
    (procedure "createAndExecute" line 2)
    invoked from within
"createAndExecute $file"
    ("uplevel" body line 5)
    invoked from within
"uplevel $contents_of_test"
------------------ testing $PTII/ptolemy/domains/de/test/auto/knownFailedTests/FSMSource.xml (Known Failure) 
45 ms. Memory: 162816K Free: 126743K (78%)
!!!! Auto was marked as failing, but now passes
------------------ testing $PTII/ptolemy/domains/de/test/auto/knownFailedTests/HierarchicalModel.xml (Known Failure) 
12 ms. Memory: 162816K Free: 139692K (86%)


==== $PTIIhome/travis/build/icyphy/ptII/ptolemy/domains/de/test/../../../../: Auto Automatic test in file $PTII/ptolemy/domains/de/test/auto/knownFailedTests/HierarchicalModel.xml
==== Contents of test case:

	    # FIXME: we should use $relativeFilename here, but it
	    # might have backslashes under Windows, which causes no end
	    # of trouble.
	    createAndExecute $file
	    list {}
	
.... Test generated KNOWN error:
    while executing
ptolemy.kernel.util.IllegalActionException: Found a zero delay loop containing .HierarchicalModel.A
  in .HierarchicalModel and .HierarchicalModel.A
	at ptolemy.actor.util.CausalityInterfaceForComposites._computeOutputPortDepth(CausalityInterfaceForComposites.java:759)
	at ptolemy.actor.util.CausalityInterfaceForComposites._computeInputDepth(CausalityInterfaceForComposites.java:696)
	at ptolemy.actor.util.CausalityInterfaceForComposites._computeOutputPortDepth(CausalityInterfaceForComposites.java:765)
	at ptolemy.actor.util.CausalityInterfaceForComposites._computeInputDepth(CausalityInterfaceForComposites.java:696)
	at ptolemy.actor.util.CausalityInterfaceForComposites._computeOutputPortDepth(CausalityInterfaceForComposites.java:765)
	at ptolemy.actor.util.CausalityInterfaceForComposites._computeInputDepth(CausalityInterfaceForComposites.java:696)
	at ptolemy.actor.util.CausalityInterfaceForComposites._computeActorDepth(CausalityInterfaceForComposites.java:532)
	at ptolemy.actor.util.CausalityInterfaceForComposites.checkForCycles(CausalityInterfaceForComposites.java:96)
	at ptolemy.domains.de.kernel.DEDirector.preinitialize(DEDirector.java:1338)
	at ptolemy.actor.CompositeActor.preinitialize(CompositeActor.java:1828)
	at ptolemy.actor.Manager.preinitializeAndResolveTypes(Manager.java:1040)
	at ptolemy.actor.Manager.initialize(Manager.java:710)
	at ptolemy.actor.Manager.execute(Manager.java:356)
	at ptolemy.actor.Manager.run(Manager.java:1263)
	at ptolemy.actor.Manager$PtolemyRunThread.run(Manager.java:1915)

    while executing
ptolemy.kernel.util.IllegalActionException: Found a zero delay loop containing .HierarchicalModel.A
  in .HierarchicalModel and .HierarchicalModel.A
    while executing
"java::new ptolemy.moml.MoMLSimpleApplication $file
"
    (procedure "createAndExecute" line 2)
    invoked from within
"createAndExecute $file"
    ("uplevel" body line 5)
    invoked from within
"uplevel $contents_of_test"
------------------ testing $PTII/ptolemy/domains/de/test/auto/knownFailedTests/dependencyLoop2.xml (Known Failure) 
12 ms. Memory: 162816K Free: 123292K (76%)


==== $PTIIhome/travis/build/icyphy/ptII/ptolemy/domains/de/test/../../../../: Auto Automatic test in file $PTII/ptolemy/domains/de/test/auto/knownFailedTests/dependencyLoop2.xml
==== Contents of test case:

	    # FIXME: we should use $relativeFilename here, but it
	    # might have backslashes under Windows, which causes no end
	    # of trouble.
	    createAndExecute $file
	    list {}
	
.... Test generated KNOWN error:
    while executing
ptolemy.kernel.util.IllegalActionException: Found a zero delay loop containing .dependencyLoop2.original
  in .dependencyLoop2 and .dependencyLoop2.original
	at ptolemy.actor.util.CausalityInterfaceForComposites._computeOutputPortDepth(CausalityInterfaceForComposites.java:759)
	at ptolemy.actor.util.CausalityInterfaceForComposites._computeInputDepth(CausalityInterfaceForComposites.java:696)
	at ptolemy.actor.util.CausalityInterfaceForComposites._computeOutputPortDepth(CausalityInterfaceForComposites.java:765)
	at ptolemy.actor.util.CausalityInterfaceForComposites._computeInputDepth(CausalityInterfaceForComposites.java:696)
	at ptolemy.actor.util.CausalityInterfaceForComposites._computeOutputPortDepth(CausalityInterfaceForComposites.java:765)
	at ptolemy.actor.util.CausalityInterfaceForComposites._computeInputDepth(CausalityInterfaceForComposites.java:696)
	at ptolemy.actor.util.CausalityInterfaceForComposites._computeActorDepth(CausalityInterfaceForComposites.java:532)
	at ptolemy.actor.util.CausalityInterfaceForComposites.checkForCycles(CausalityInterfaceForComposites.java:96)
	at ptolemy.domains.de.kernel.DEDirector.preinitialize(DEDirector.java:1338)
	at ptolemy.actor.CompositeActor.preinitialize(CompositeActor.java:1828)
	at ptolemy.actor.Manager.preinitializeAndResolveTypes(Manager.java:1040)
	at ptolemy.actor.Manager.initialize(Manager.java:710)
	at ptolemy.actor.Manager.execute(Manager.java:356)
	at ptolemy.actor.Manager.run(Manager.java:1263)
	at ptolemy.actor.Manager$PtolemyRunThread.run(Manager.java:1915)

    while executing
ptolemy.kernel.util.IllegalActionException: Found a zero delay loop containing .dependencyLoop2.original
  in .dependencyLoop2 and .dependencyLoop2.original
    while executing
"java::new ptolemy.moml.MoMLSimpleApplication $file
"
    (procedure "createAndExecute" line 2)
    invoked from within
"createAndExecute $file"
    ("uplevel" body line 5)
    invoked from within
"uplevel $contents_of_test"
------------------ testing $PTII/ptolemy/domains/de/test/auto/knownFailedTests/DESDFClockTest.xml (Known Failure) 
2043 ms. Memory: 162816K Free: 109501K (67%)


==== $PTIIhome/travis/build/icyphy/ptII/ptolemy/domains/de/test/../../../../: Auto Automatic test in file $PTII/ptolemy/domains/de/test/auto/knownFailedTests/DESDFClockTest.xml
==== Contents of test case:

	    # FIXME: we should use $relativeFilename here, but it
	    # might have backslashes under Windows, which causes no end
	    # of trouble.
	    createAndExecute $file
	    list {}
	
.... Test generated KNOWN error:
    while executing
ptolemy.kernel.util.IllegalActionException: Actor is not ready to fire.  Perhaps UpSample.prefire() returned false? Try debugging the actor by selecting "Listen to Actor".  Also, for SDF check moml for tokenConsumptionRate on input.
  in .DESDFClockTest.Play Bell.Copy1:SDF Director and .DESDFClockTest.Play Bell.UpSample
	at ptolemy.actor.sched.StaticSchedulingDirector.fire(StaticSchedulingDirector.java:227)
	at ptolemy.domains.sdf.kernel.SDFDirector.fire(SDFDirector.java:500)
	at ptolemy.actor.CompositeActor.fire(CompositeActor.java:455)
	at ptolemy.domains.de.kernel.DEDirector._fire(DEDirector.java:1949)
	at ptolemy.domains.de.kernel.DEDirector.fire(DEDirector.java:502)
	at ptolemy.actor.CompositeActor.fire(CompositeActor.java:455)
	at ptolemy.actor.Manager.iterate(Manager.java:851)
	at ptolemy.actor.Manager.execute(Manager.java:369)
	at ptolemy.actor.Manager.run(Manager.java:1263)
	at ptolemy.actor.Manager$PtolemyRunThread.run(Manager.java:1915)

    while executing
ptolemy.kernel.util.IllegalActionException: Actor is not ready to fire.  Perhaps UpSample.prefire() returned false? Try debugging the actor by selecting "Listen to Actor".  Also, for SDF check moml for tokenConsumptionRate on input.
  in .DESDFClockTest.Play Bell.Copy1:SDF Director and .DESDFClockTest.Play Bell.UpSample
    while executing
"java::new ptolemy.moml.MoMLSimpleApplication $file
"
    (procedure "createAndExecute" line 2)
    invoked from within
"createAndExecute $file"
    ("uplevel" body line 5)
    invoked from within
"uplevel $contents_of_test"
------------------ testing $PTII/ptolemy/domains/de/test/auto/ActorDepthCalculation_actorWithoutPorts.xml
auto.tcl: Setting watchdog for 200 seconds at Wed Jul 10 06:40:21 UTC 2019
4 ms. Memory: 162816K Free: 102333K (63%)
ptolemy.util.test.WatchDog.cancel(): canceling Wed Jul 10 06:40:21 UTC 2019
auto.tcl: Setting watchdog for 200 seconds at Wed Jul 10 06:40:21 UTC 2019
5 ms. Memory: 162816K Free: 100795K (62%)
ptolemy.util.test.WatchDog.cancel(): canceling Wed Jul 10 06:40:21 UTC 2019
------------------ testing $PTII/ptolemy/domains/de/test/auto/AssemblyLine.xml
auto.tcl: Setting watchdog for 200 seconds at Wed Jul 10 06:40:21 UTC 2019
11 ms. Memory: 48128K Free: 26827K (56%)
ptolemy.util.test.WatchDog.cancel(): canceling Wed Jul 10 06:40:21 UTC 2019
auto.tcl: Setting watchdog for 200 seconds at Wed Jul 10 06:40:21 UTC 2019
7 ms. Memory: 48128K Free: 26194K (54%)
ptolemy.util.test.WatchDog.cancel(): canceling Wed Jul 10 06:40:21 UTC 2019
------------------ testing $PTII/ptolemy/domains/de/test/auto/CQBug1.xml
auto.tcl: Setting watchdog for 200 seconds at Wed Jul 10 06:40:21 UTC 2019
3 ms. Memory: 48128K Free: 32067K (67%)
ptolemy.util.test.WatchDog.cancel(): canceling Wed Jul 10 06:40:21 UTC 2019
auto.tcl: Setting watchdog for 200 seconds at Wed Jul 10 06:40:21 UTC 2019
3 ms. Memory: 48128K Free: 31458K (65%)
ptolemy.util.test.WatchDog.cancel(): canceling Wed Jul 10 06:40:21 UTC 2019
------------------ testing $PTII/ptolemy/domains/de/test/auto/CancelFireAt.xml
auto.tcl: Setting watchdog for 200 seconds at Wed Jul 10 06:40:22 UTC 2019
3 ms. Memory: 45056K Free: 29715K (66%)
ptolemy.util.test.WatchDog.cancel(): canceling Wed Jul 10 06:40:22 UTC 2019
auto.tcl: Setting watchdog for 200 seconds at Wed Jul 10 06:40:22 UTC 2019
3 ms. Memory: 45056K Free: 29104K (65%)
ptolemy.util.test.WatchDog.cancel(): canceling Wed Jul 10 06:40:22 UTC 2019
------------------ testing $PTII/ptolemy/domains/de/test/auto/CausalityAndComposabilityAnalysis.xml
auto.tcl: Setting watchdog for 200 seconds at Wed Jul 10 06:40:22 UTC 2019
10 ms. Memory: 45056K Free: 28106K (62%)
ptolemy.util.test.WatchDog.cancel(): canceling Wed Jul 10 06:40:22 UTC 2019
auto.tcl: Setting watchdog for 200 seconds at Wed Jul 10 06:40:22 UTC 2019
5 ms. Memory: 45056K Free: 27457K (61%)
ptolemy.util.test.WatchDog.cancel(): canceling Wed Jul 10 06:40:22 UTC 2019
------------------ testing $PTII/ptolemy/domains/de/test/auto/CausalityInterface1.xml
auto.tcl: Setting watchdog for 200 seconds at Wed Jul 10 06:40:22 UTC 2019
33 ms. Memory: 45056K Free: 26663K (59%)
ptolemy.util.test.WatchDog.cancel(): canceling Wed Jul 10 06:40:22 UTC 2019
auto.tcl: Setting watchdog for 200 seconds at Wed Jul 10 06:40:22 UTC 2019
4 ms. Memory: 45056K Free: 25881K (57%)
ptolemy.util.test.WatchDog.cancel(): canceling Wed Jul 10 06:40:22 UTC 2019
------------------ testing $PTII/ptolemy/domains/de/test/auto/CausalityInterface15.xml
auto.tcl: Setting watchdog for 200 seconds at Wed Jul 10 06:40:22 UTC 2019
13 ms. Memory: 45056K Free: 26765K (59%)
ptolemy.util.test.WatchDog.cancel(): canceling Wed Jul 10 06:40:22 UTC 2019
auto.tcl: Setting watchdog for 200 seconds at Wed Jul 10 06:40:22 UTC 2019
4 ms. Memory: 45056K Free: 25859K (57%)
ptolemy.util.test.WatchDog.cancel(): canceling Wed Jul 10 06:40:22 UTC 2019
------------------ testing $PTII/ptolemy/domains/de/test/auto/CausalityInterface2.xml
auto.tcl: Setting watchdog for 200 seconds at Wed Jul 10 06:40:22 UTC 2019
7 ms. Memory: 45056K Free: 27259K (61%)
ptolemy.util.test.WatchDog.cancel(): canceling Wed Jul 10 06:40:22 UTC 2019
auto.tcl: Setting watchdog for 200 seconds at Wed Jul 10 06:40:22 UTC 2019
3 ms. Memory: 45056K Free: 26717K (59%)
ptolemy.util.test.WatchDog.cancel(): canceling Wed Jul 10 06:40:22 UTC 2019
------------------ testing $PTII/ptolemy/domains/de/test/auto/CausalityInterface3.xml
auto.tcl: Setting watchdog for 200 seconds at Wed Jul 10 06:40:22 UTC 2019
6 ms. Memory: 45056K Free: 27064K (60%)
ptolemy.util.test.WatchDog.cancel(): canceling Wed Jul 10 06:40:22 UTC 2019
auto.tcl: Setting watchdog for 200 seconds at Wed Jul 10 06:40:22 UTC 2019
3 ms. Memory: 45056K Free: 26407K (59%)
ptolemy.util.test.WatchDog.cancel(): canceling Wed Jul 10 06:40:22 UTC 2019
------------------ testing $PTII/ptolemy/domains/de/test/auto/ClockDrift.xml
auto.tcl: Setting watchdog for 200 seconds at Wed Jul 10 06:40:22 UTC 2019
102 ms. Memory: 45056K Free: 19493K (43%)
ptolemy.util.test.WatchDog.cancel(): canceling Wed Jul 10 06:40:22 UTC 2019
auto.tcl: Setting watchdog for 200 seconds at Wed Jul 10 06:40:22 UTC 2019
55 ms. Memory: 45056K Free: 16513K (37%)
ptolemy.util.test.WatchDog.cancel(): canceling Wed Jul 10 06:40:22 UTC 2019
------------------ testing $PTII/ptolemy/domains/de/test/auto/ClockDriftAndValueChange.xml
auto.tcl: Setting watchdog for 200 seconds at Wed Jul 10 06:40:22 UTC 2019
42 ms. Memory: 45056K Free: 19777K (44%)
ptolemy.util.test.WatchDog.cancel(): canceling Wed Jul 10 06:40:23 UTC 2019
auto.tcl: Setting watchdog for 200 seconds at Wed Jul 10 06:40:23 UTC 2019
22 ms. Memory: 45056K Free: 16787K (37%)
ptolemy.util.test.WatchDog.cancel(): canceling Wed Jul 10 06:40:23 UTC 2019
------------------ testing $PTII/ptolemy/domains/de/test/auto/ClockDriftChange.xml
auto.tcl: Setting watchdog for 200 seconds at Wed Jul 10 06:40:23 UTC 2019
19 ms. Memory: 45056K Free: 21771K (48%)
ptolemy.util.test.WatchDog.cancel(): canceling Wed Jul 10 06:40:23 UTC 2019
auto.tcl: Setting watchdog for 200 seconds at Wed Jul 10 06:40:23 UTC 2019
18 ms. Memory: 45056K Free: 19151K (43%)
ptolemy.util.test.WatchDog.cancel(): canceling Wed Jul 10 06:40:23 UTC 2019
------------------ testing $PTII/ptolemy/domains/de/test/auto/ComposableCausalityAnalysis.xml
auto.tcl: Setting watchdog for 200 seconds at Wed Jul 10 06:40:23 UTC 2019
2 ms. Memory: 45056K Free: 25762K (57%)
ptolemy.util.test.WatchDog.cancel(): canceling Wed Jul 10 06:40:23 UTC 2019
auto.tcl: Setting watchdog for 200 seconds at Wed Jul 10 06:40:23 UTC 2019
5 ms. Memory: 45056K Free: 24705K (55%)
ptolemy.util.test.WatchDog.cancel(): canceling Wed Jul 10 06:40:23 UTC 2019
------------------ testing $PTII/ptolemy/domains/de/test/auto/DEFixedPointLimitation.xml
auto.tcl: Setting watchdog for 200 seconds at Wed Jul 10 06:40:23 UTC 2019
3 ms. Memory: 45056K Free: 27367K (61%)
ptolemy.util.test.WatchDog.cancel(): canceling Wed Jul 10 06:40:23 UTC 2019
auto.tcl: Setting watchdog for 200 seconds at Wed Jul 10 06:40:23 UTC 2019
1 ms. Memory: 45056K Free: 26452K (59%)
ptolemy.util.test.WatchDog.cancel(): canceling Wed Jul 10 06:40:23 UTC 2019
------------------ testing $PTII/ptolemy/domains/de/test/auto/DEScheduleTest.xml
auto.tcl: Setting watchdog for 200 seconds at Wed Jul 10 06:40:23 UTC 2019
5 ms. Memory: 45056K Free: 27621K (61%)
ptolemy.util.test.WatchDog.cancel(): canceling Wed Jul 10 06:40:23 UTC 2019
auto.tcl: Setting watchdog for 200 seconds at Wed Jul 10 06:40:23 UTC 2019
3 ms. Memory: 45056K Free: 26805K (59%)
ptolemy.util.test.WatchDog.cancel(): canceling Wed Jul 10 06:40:23 UTC 2019
------------------ testing $PTII/ptolemy/domains/de/test/auto/DEinDEwithStartTimes.xml
auto.tcl: Setting watchdog for 200 seconds at Wed Jul 10 06:40:23 UTC 2019
5 ms. Memory: 45056K Free: 25941K (58%)
ptolemy.util.test.WatchDog.cancel(): canceling Wed Jul 10 06:40:23 UTC 2019
auto.tcl: Setting watchdog for 200 seconds at Wed Jul 10 06:40:23 UTC 2019
4 ms. Memory: 45056K Free: 24822K (55%)
ptolemy.util.test.WatchDog.cancel(): canceling Wed Jul 10 06:40:23 UTC 2019
------------------ testing $PTII/ptolemy/domains/de/test/auto/DEinDEwithStartTimes2.xml
auto.tcl: Setting watchdog for 200 seconds at Wed Jul 10 06:40:23 UTC 2019
11 ms. Memory: 45056K Free: 25077K (56%)
ptolemy.util.test.WatchDog.cancel(): canceling Wed Jul 10 06:40:23 UTC 2019
auto.tcl: Setting watchdog for 200 seconds at Wed Jul 10 06:40:23 UTC 2019
4 ms. Memory: 45056K Free: 23728K (53%)
ptolemy.util.test.WatchDog.cancel(): canceling Wed Jul 10 06:40:23 UTC 2019
------------------ testing $PTII/ptolemy/domains/de/test/auto/DateDemo.xml
auto.tcl: Setting watchdog for 200 seconds at Wed Jul 10 06:40:23 UTC 2019
24 ms. Memory: 45056K Free: 19747K (44%)
ptolemy.util.test.WatchDog.cancel(): canceling Wed Jul 10 06:40:23 UTC 2019
auto.tcl: Setting watchdog for 200 seconds at Wed Jul 10 06:40:23 UTC 2019
13 ms. Memory: 45056K Free: 17896K (40%)
ptolemy.util.test.WatchDog.cancel(): canceling Wed Jul 10 06:40:23 UTC 2019
------------------ testing $PTII/ptolemy/domains/de/test/auto/DateToEvent.xml
auto.tcl: Setting watchdog for 200 seconds at Wed Jul 10 06:40:23 UTC 2019
2011 ms. Memory: 45056K Free: 15273K (34%)
ptolemy.util.test.WatchDog.cancel(): canceling Wed Jul 10 06:40:25 UTC 2019
auto.tcl: Setting watchdog for 200 seconds at Wed Jul 10 06:40:25 UTC 2019
2004 ms. Memory: 45056K Free: 14614K (32%)
ptolemy.util.test.WatchDog.cancel(): canceling Wed Jul 10 06:40:27 UTC 2019
------------------ testing $PTII/ptolemy/domains/de/test/auto/DepthTest1.xml
auto.tcl: Setting watchdog for 200 seconds at Wed Jul 10 06:40:28 UTC 2019
2 ms. Memory: 45056K Free: 28833K (64%)
ptolemy.util.test.WatchDog.cancel(): canceling Wed Jul 10 06:40:28 UTC 2019
auto.tcl: Setting watchdog for 200 seconds at Wed Jul 10 06:40:28 UTC 2019
2 ms. Memory: 45056K Free: 28057K (62%)
ptolemy.util.test.WatchDog.cancel(): canceling Wed Jul 10 06:40:28 UTC 2019
------------------ testing $PTII/ptolemy/domains/de/test/auto/DepthTest2.xml
auto.tcl: Setting watchdog for 200 seconds at Wed Jul 10 06:40:28 UTC 2019
3 ms. Memory: 45056K Free: 25311K (56%)
ptolemy.util.test.WatchDog.cancel(): canceling Wed Jul 10 06:40:28 UTC 2019
auto.tcl: Setting watchdog for 200 seconds at Wed Jul 10 06:40:28 UTC 2019
3 ms. Memory: 45056K Free: 24694K (55%)
ptolemy.util.test.WatchDog.cancel(): canceling Wed Jul 10 06:40:28 UTC 2019
------------------ testing $PTII/ptolemy/domains/de/test/auto/DepthTest3.xml
auto.tcl: Setting watchdog for 200 seconds at Wed Jul 10 06:40:28 UTC 2019
3 ms. Memory: 45056K Free: 28780K (64%)
ptolemy.util.test.WatchDog.cancel(): canceling Wed Jul 10 06:40:28 UTC 2019
auto.tcl: Setting watchdog for 200 seconds at Wed Jul 10 06:40:28 UTC 2019
2 ms. Memory: 45056K Free: 28053K (62%)
ptolemy.util.test.WatchDog.cancel(): canceling Wed Jul 10 06:40:28 UTC 2019
------------------ testing $PTII/ptolemy/domains/de/test/auto/DepthTest4.xml
auto.tcl: Setting watchdog for 200 seconds at Wed Jul 10 06:40:28 UTC 2019
6 ms. Memory: 45056K Free: 27061K (60%)
ptolemy.util.test.WatchDog.cancel(): canceling Wed Jul 10 06:40:28 UTC 2019
auto.tcl: Setting watchdog for 200 seconds at Wed Jul 10 06:40:28 UTC 2019
3 ms. Memory: 45056K Free: 26363K (59%)
ptolemy.util.test.WatchDog.cancel(): canceling Wed Jul 10 06:40:28 UTC 2019
------------------ testing $PTII/ptolemy/domains/de/test/auto/DepthTest5.xml
auto.tcl: Setting watchdog for 200 seconds at Wed Jul 10 06:40:28 UTC 2019
5 ms. Memory: 45056K Free: 26182K (58%)
ptolemy.util.test.WatchDog.cancel(): canceling Wed Jul 10 06:40:28 UTC 2019
auto.tcl: Setting watchdog for 200 seconds at Wed Jul 10 06:40:28 UTC 2019
3 ms. Memory: 45056K Free: 25607K (57%)
ptolemy.util.test.WatchDog.cancel(): canceling Wed Jul 10 06:40:28 UTC 2019
------------------ testing $PTII/ptolemy/domains/de/test/auto/DepthTest6.xml
auto.tcl: Setting watchdog for 200 seconds at Wed Jul 10 06:40:28 UTC 2019
4 ms. Memory: 45056K Free: 26224K (58%)
ptolemy.util.test.WatchDog.cancel(): canceling Wed Jul 10 06:40:28 UTC 2019
auto.tcl: Setting watchdog for 200 seconds at Wed Jul 10 06:40:28 UTC 2019
2 ms. Memory: 45056K Free: 25585K (57%)
ptolemy.util.test.WatchDog.cancel(): canceling Wed Jul 10 06:40:28 UTC 2019
------------------ testing $PTII/ptolemy/domains/de/test/auto/DepthTest7.xml
auto.tcl: Setting watchdog for 200 seconds at Wed Jul 10 06:40:28 UTC 2019
3 ms. Memory: 45056K Free: 26605K (59%)
ptolemy.util.test.WatchDog.cancel(): canceling Wed Jul 10 06:40:28 UTC 2019
auto.tcl: Setting watchdog for 200 seconds at Wed Jul 10 06:40:28 UTC 2019
2 ms. Memory: 45056K Free: 25932K (58%)
ptolemy.util.test.WatchDog.cancel(): canceling Wed Jul 10 06:40:28 UTC 2019
------------------ testing $PTII/ptolemy/domains/de/test/auto/EventToDate.xml
auto.tcl: Setting watchdog for 200 seconds at Wed Jul 10 06:40:28 UTC 2019
3007 ms. Memory: 45056K Free: 18043K (40%)
ptolemy.util.test.WatchDog.cancel(): canceling Wed Jul 10 06:40:31 UTC 2019
auto.tcl: Setting watchdog for 200 seconds at Wed Jul 10 06:40:31 UTC 2019
3006 ms. Memory: 45056K Free: 17410K (39%)
ptolemy.util.test.WatchDog.cancel(): canceling Wed Jul 10 06:40:34 UTC 2019
------------------ testing $PTII/ptolemy/domains/de/test/auto/FSM1.xml
auto.tcl: Setting watchdog for 200 seconds at Wed Jul 10 06:40:34 UTC 2019
47 ms. Memory: 45056K Free: 18579K (41%)
ptolemy.util.test.WatchDog.cancel(): canceling Wed Jul 10 06:40:34 UTC 2019
auto.tcl: Setting watchdog for 200 seconds at Wed Jul 10 06:40:34 UTC 2019
22 ms. Memory: 45056K Free: 15433K (34%)
ptolemy.util.test.WatchDog.cancel(): canceling Wed Jul 10 06:40:34 UTC 2019
------------------ testing $PTII/ptolemy/domains/de/test/auto/FSM7.xml
auto.tcl: Setting watchdog for 200 seconds at Wed Jul 10 06:40:34 UTC 2019
32 ms. Memory: 45056K Free: 18781K (42%)
ptolemy.util.test.WatchDog.cancel(): canceling Wed Jul 10 06:40:34 UTC 2019
auto.tcl: Setting watchdog for 200 seconds at Wed Jul 10 06:40:34 UTC 2019
26 ms. Memory: 45056K Free: 15610K (35%)
ptolemy.util.test.WatchDog.cancel(): canceling Wed Jul 10 06:40:35 UTC 2019
------------------ testing $PTII/ptolemy/domains/de/test/auto/Inspection.xml
auto.tcl: Setting watchdog for 200 seconds at Wed Jul 10 06:40:35 UTC 2019
39 ms. Memory: 45056K Free: 18812K (42%)
ptolemy.util.test.WatchDog.cancel(): canceling Wed Jul 10 06:40:35 UTC 2019
auto.tcl: Setting watchdog for 200 seconds at Wed Jul 10 06:40:35 UTC 2019
16 ms. Memory: 45056K Free: 17007K (38%)
ptolemy.util.test.WatchDog.cancel(): canceling Wed Jul 10 06:40:35 UTC 2019
------------------ testing $PTII/ptolemy/domains/de/test/auto/Iteration.xml
auto.tcl: Setting watchdog for 200 seconds at Wed Jul 10 06:40:35 UTC 2019
7 ms. Memory: 45056K Free: 24530K (54%)
ptolemy.util.test.WatchDog.cancel(): canceling Wed Jul 10 06:40:35 UTC 2019
auto.tcl: Setting watchdog for 200 seconds at Wed Jul 10 06:40:35 UTC 2019
6 ms. Memory: 45056K Free: 23447K (52%)
ptolemy.util.test.WatchDog.cancel(): canceling Wed Jul 10 06:40:35 UTC 2019
------------------ testing $PTII/ptolemy/domains/de/test/auto/LineFault.xml
auto.tcl: Setting watchdog for 200 seconds at Wed Jul 10 06:40:35 UTC 2019
623 ms. Memory: 54272K Free: 27945K (51%)
ptolemy.util.test.WatchDog.cancel(): canceling Wed Jul 10 06:40:36 UTC 2019
auto.tcl: Setting watchdog for 200 seconds at Wed Jul 10 06:40:36 UTC 2019
592 ms. Memory: 65536K Free: 35457K (54%)
ptolemy.util.test.WatchDog.cancel(): canceling Wed Jul 10 06:40:36 UTC 2019
------------------ testing $PTII/ptolemy/domains/de/test/auto/MergeModel1Add.xml
auto.tcl: Setting watchdog for 200 seconds at Wed Jul 10 06:40:36 UTC 2019
18 ms. Memory: 51200K Free: 16514K (32%)
ptolemy.util.test.WatchDog.cancel(): canceling Wed Jul 10 06:40:36 UTC 2019
auto.tcl: Setting watchdog for 200 seconds at Wed Jul 10 06:40:36 UTC 2019
11 ms. Memory: 51200K Free: 14923K (29%)
ptolemy.util.test.WatchDog.cancel(): canceling Wed Jul 10 06:40:36 UTC 2019
------------------ testing $PTII/ptolemy/domains/de/test/auto/MergeModel2Add.xml
auto.tcl: Setting watchdog for 200 seconds at Wed Jul 10 06:40:37 UTC 2019
13 ms. Memory: 51200K Free: 19076K (37%)
ptolemy.util.test.WatchDog.cancel(): canceling Wed Jul 10 06:40:37 UTC 2019
auto.tcl: Setting watchdog for 200 seconds at Wed Jul 10 06:40:37 UTC 2019
9 ms. Memory: 51200K Free: 17213K (34%)
ptolemy.util.test.WatchDog.cancel(): canceling Wed Jul 10 06:40:37 UTC 2019
------------------ testing $PTII/ptolemy/domains/de/test/auto/MergeModel3Add.xml
auto.tcl: Setting watchdog for 200 seconds at Wed Jul 10 06:40:37 UTC 2019
10 ms. Memory: 51200K Free: 18839K (37%)
ptolemy.util.test.WatchDog.cancel(): canceling Wed Jul 10 06:40:37 UTC 2019
auto.tcl: Setting watchdog for 200 seconds at Wed Jul 10 06:40:37 UTC 2019
10 ms. Memory: 51200K Free: 17176K (34%)
ptolemy.util.test.WatchDog.cancel(): canceling Wed Jul 10 06:40:37 UTC 2019
------------------ testing $PTII/ptolemy/domains/de/test/auto/MergeWithoutDiscard.xml
auto.tcl: Setting watchdog for 200 seconds at Wed Jul 10 06:40:37 UTC 2019
2 ms. Memory: 48128K Free: 30070K (62%)
ptolemy.util.test.WatchDog.cancel(): canceling Wed Jul 10 06:40:37 UTC 2019
auto.tcl: Setting watchdog for 200 seconds at Wed Jul 10 06:40:37 UTC 2019
1 ms. Memory: 48128K Free: 29640K (62%)
ptolemy.util.test.WatchDog.cancel(): canceling Wed Jul 10 06:40:37 UTC 2019
------------------ testing $PTII/ptolemy/domains/de/test/auto/Modal1.xml
auto.tcl: Setting watchdog for 200 seconds at Wed Jul 10 06:40:37 UTC 2019
16 ms. Memory: 48128K Free: 22071K (46%)
ptolemy.util.test.WatchDog.cancel(): canceling Wed Jul 10 06:40:37 UTC 2019
auto.tcl: Setting watchdog for 200 seconds at Wed Jul 10 06:40:37 UTC 2019
19 ms. Memory: 48128K Free: 18537K (39%)
ptolemy.util.test.WatchDog.cancel(): canceling Wed Jul 10 06:40:37 UTC 2019
------------------ testing $PTII/ptolemy/domains/de/test/auto/Modal2.xml
auto.tcl: Setting watchdog for 200 seconds at Wed Jul 10 06:40:37 UTC 2019
14 ms. Memory: 48128K Free: 21440K (45%)
ptolemy.util.test.WatchDog.cancel(): canceling Wed Jul 10 06:40:37 UTC 2019
auto.tcl: Setting watchdog for 200 seconds at Wed Jul 10 06:40:37 UTC 2019
13 ms. Memory: 48128K Free: 18450K (38%)
ptolemy.util.test.WatchDog.cancel(): canceling Wed Jul 10 06:40:37 UTC 2019
------------------ testing $PTII/ptolemy/domains/de/test/auto/Modal3.xml
auto.tcl: Setting watchdog for 200 seconds at Wed Jul 10 06:40:37 UTC 2019
14 ms. Memory: 48128K Free: 21685K (45%)
ptolemy.util.test.WatchDog.cancel(): canceling Wed Jul 10 06:40:37 UTC 2019
auto.tcl: Setting watchdog for 200 seconds at Wed Jul 10 06:40:37 UTC 2019
16 ms. Memory: 48128K Free: 18076K (38%)
ptolemy.util.test.WatchDog.cancel(): canceling Wed Jul 10 06:40:37 UTC 2019
------------------ testing $PTII/ptolemy/domains/de/test/auto/Modal4.xml
auto.tcl: Setting watchdog for 200 seconds at Wed Jul 10 06:40:37 UTC 2019
20 ms. Memory: 48128K Free: 20641K (43%)
ptolemy.util.test.WatchDog.cancel(): canceling Wed Jul 10 06:40:37 UTC 2019
auto.tcl: Setting watchdog for 200 seconds at Wed Jul 10 06:40:37 UTC 2019
17 ms. Memory: 48128K Free: 16823K (35%)
ptolemy.util.test.WatchDog.cancel(): canceling Wed Jul 10 06:40:37 UTC 2019
------------------ testing $PTII/ptolemy/domains/de/test/auto/Modal5.xml
auto.tcl: Setting watchdog for 200 seconds at Wed Jul 10 06:40:37 UTC 2019
16 ms. Memory: 48128K Free: 20670K (43%)
ptolemy.util.test.WatchDog.cancel(): canceling Wed Jul 10 06:40:37 UTC 2019
auto.tcl: Setting watchdog for 200 seconds at Wed Jul 10 06:40:37 UTC 2019
14 ms. Memory: 48128K Free: 17042K (35%)
ptolemy.util.test.WatchDog.cancel(): canceling Wed Jul 10 06:40:37 UTC 2019
------------------ testing $PTII/ptolemy/domains/de/test/auto/Modal6.xml
auto.tcl: Setting watchdog for 200 seconds at Wed Jul 10 06:40:38 UTC 2019
12 ms. Memory: 48128K Free: 21405K (44%)
ptolemy.util.test.WatchDog.cancel(): canceling Wed Jul 10 06:40:38 UTC 2019
auto.tcl: Setting watchdog for 200 seconds at Wed Jul 10 06:40:38 UTC 2019
14 ms. Memory: 48128K Free: 17832K (37%)
ptolemy.util.test.WatchDog.cancel(): canceling Wed Jul 10 06:40:38 UTC 2019
------------------ testing $PTII/ptolemy/domains/de/test/auto/Modal7.xml
auto.tcl: Setting watchdog for 200 seconds at Wed Jul 10 06:40:38 UTC 2019
16 ms. Memory: 48128K Free: 20382K (42%)
ptolemy.util.test.WatchDog.cancel(): canceling Wed Jul 10 06:40:38 UTC 2019
auto.tcl: Setting watchdog for 200 seconds at Wed Jul 10 06:40:38 UTC 2019
11 ms. Memory: 48128K Free: 17041K (35%)
ptolemy.util.test.WatchDog.cancel(): canceling Wed Jul 10 06:40:38 UTC 2019
------------------ testing $PTII/ptolemy/domains/de/test/auto/ModalModel.xml
auto.tcl: Setting watchdog for 200 seconds at Wed Jul 10 06:40:38 UTC 2019
204 ms. Memory: 48128K Free: 10813K (22%)
ptolemy.util.test.WatchDog.cancel(): canceling Wed Jul 10 06:40:38 UTC 2019
auto.tcl: Setting watchdog for 200 seconds at Wed Jul 10 06:40:38 UTC 2019
211 ms. Memory: 68608K Free: 28276K (41%)
ptolemy.util.test.WatchDog.cancel(): canceling Wed Jul 10 06:40:38 UTC 2019
------------------ testing $PTII/ptolemy/domains/de/test/auto/ModalSource.xml
auto.tcl: Setting watchdog for 200 seconds at Wed Jul 10 06:40:38 UTC 2019
6 ms. Memory: 51200K Free: 28554K (56%)
ptolemy.util.test.WatchDog.cancel(): canceling Wed Jul 10 06:40:38 UTC 2019
auto.tcl: Setting watchdog for 200 seconds at Wed Jul 10 06:40:38 UTC 2019
6 ms. Memory: 51200K Free: 26506K (52%)
ptolemy.util.test.WatchDog.cancel(): canceling Wed Jul 10 06:40:38 UTC 2019
------------------ testing $PTII/ptolemy/domains/de/test/auto/NonInterruptibleTimerZeroDelay.xml
auto.tcl: Setting watchdog for 200 seconds at Wed Jul 10 06:40:38 UTC 2019
4 ms. Memory: 51200K Free: 33730K (66%)
ptolemy.util.test.WatchDog.cancel(): canceling Wed Jul 10 06:40:38 UTC 2019
auto.tcl: Setting watchdog for 200 seconds at Wed Jul 10 06:40:38 UTC 2019
2 ms. Memory: 51200K Free: 32854K (64%)
ptolemy.util.test.WatchDog.cancel(): canceling Wed Jul 10 06:40:38 UTC 2019
------------------ testing $PTII/ptolemy/domains/de/test/auto/OpenQueueingNetwork.xml
auto.tcl: Setting watchdog for 200 seconds at Wed Jul 10 06:40:38 UTC 2019
3136 ms. Memory: 100352K Free: 52569K (52%)
ptolemy.util.test.WatchDog.cancel(): canceling Wed Jul 10 06:40:42 UTC 2019
auto.tcl: Setting watchdog for 200 seconds at Wed Jul 10 06:40:42 UTC 2019
2704 ms. Memory: 120832K Free: 58582K (48%)
ptolemy.util.test.WatchDog.cancel(): canceling Wed Jul 10 06:40:45 UTC 2019
------------------ testing $PTII/ptolemy/domains/de/test/auto/OpenQueuingNetwork.xml
auto.tcl: Setting watchdog for 200 seconds at Wed Jul 10 06:40:45 UTC 2019
268 ms. Memory: 55296K Free: 24113K (44%)
ptolemy.util.test.WatchDog.cancel(): canceling Wed Jul 10 06:40:45 UTC 2019
auto.tcl: Setting watchdog for 200 seconds at Wed Jul 10 06:40:45 UTC 2019
260 ms. Memory: 55296K Free: 33102K (60%)
ptolemy.util.test.WatchDog.cancel(): canceling Wed Jul 10 06:40:45 UTC 2019
------------------ testing $PTII/ptolemy/domains/de/test/auto/PeriodicSampler.xml
auto.tcl: Setting watchdog for 200 seconds at Wed Jul 10 06:40:45 UTC 2019
3 ms. Memory: 55296K Free: 36779K (67%)
ptolemy.util.test.WatchDog.cancel(): canceling Wed Jul 10 06:40:45 UTC 2019
auto.tcl: Setting watchdog for 200 seconds at Wed Jul 10 06:40:45 UTC 2019
2 ms. Memory: 55296K Free: 36240K (66%)
ptolemy.util.test.WatchDog.cancel(): canceling Wed Jul 10 06:40:45 UTC 2019
------------------ testing $PTII/ptolemy/domains/de/test/auto/PersistentIO.xml
auto.tcl: Setting watchdog for 200 seconds at Wed Jul 10 06:40:45 UTC 2019
5 ms. Memory: 48128K Free: 24544K (51%)
ptolemy.util.test.WatchDog.cancel(): canceling Wed Jul 10 06:40:45 UTC 2019
auto.tcl: Setting watchdog for 200 seconds at Wed Jul 10 06:40:45 UTC 2019
4 ms. Memory: 48128K Free: 23064K (48%)
ptolemy.util.test.WatchDog.cancel(): canceling Wed Jul 10 06:40:45 UTC 2019
------------------ testing $PTII/ptolemy/domains/de/test/auto/PortParameterResetOnInitialize.xml
auto.tcl: Setting watchdog for 200 seconds at Wed Jul 10 06:40:45 UTC 2019
3 ms. Memory: 48128K Free: 29520K (61%)
ptolemy.util.test.WatchDog.cancel(): canceling Wed Jul 10 06:40:45 UTC 2019
auto.tcl: Setting watchdog for 200 seconds at Wed Jul 10 06:40:45 UTC 2019
2 ms. Memory: 48128K Free: 29026K (60%)
ptolemy.util.test.WatchDog.cancel(): canceling Wed Jul 10 06:40:45 UTC 2019
------------------ testing $PTII/ptolemy/domains/de/test/auto/PortParameterUpdates.xml
auto.tcl: Setting watchdog for 200 seconds at Wed Jul 10 06:40:45 UTC 2019
5 ms. Memory: 48128K Free: 27588K (57%)
ptolemy.util.test.WatchDog.cancel(): canceling Wed Jul 10 06:40:46 UTC 2019
auto.tcl: Setting watchdog for 200 seconds at Wed Jul 10 06:40:46 UTC 2019
5 ms. Memory: 48128K Free: 26604K (55%)
ptolemy.util.test.WatchDog.cancel(): canceling Wed Jul 10 06:40:46 UTC 2019
------------------ testing $PTII/ptolemy/domains/de/test/auto/QueueAndServer.xml
auto.tcl: Setting watchdog for 200 seconds at Wed Jul 10 06:40:46 UTC 2019
19 ms. Memory: 48128K Free: 26558K (55%)
ptolemy.util.test.WatchDog.cancel(): canceling Wed Jul 10 06:40:46 UTC 2019
auto.tcl: Setting watchdog for 200 seconds at Wed Jul 10 06:40:46 UTC 2019
6 ms. Memory: 48128K Free: 25103K (52%)
ptolemy.util.test.WatchDog.cancel(): canceling Wed Jul 10 06:40:46 UTC 2019
------------------ testing $PTII/ptolemy/domains/de/test/auto/Records.xml
auto.tcl: Setting watchdog for 200 seconds at Wed Jul 10 06:40:46 UTC 2019
3 ms. Memory: 48128K Free: 29065K (60%)
ptolemy.util.test.WatchDog.cancel(): canceling Wed Jul 10 06:40:46 UTC 2019
auto.tcl: Setting watchdog for 200 seconds at Wed Jul 10 06:40:46 UTC 2019
2 ms. Memory: 48128K Free: 28609K (59%)
ptolemy.util.test.WatchDog.cancel(): canceling Wed Jul 10 06:40:46 UTC 2019
------------------ testing $PTII/ptolemy/domains/de/test/auto/ResetTransitionWithStartTime1.xml
auto.tcl: Setting watchdog for 200 seconds at Wed Jul 10 06:40:46 UTC 2019
6 ms. Memory: 48128K Free: 26020K (54%)
ptolemy.util.test.WatchDog.cancel(): canceling Wed Jul 10 06:40:46 UTC 2019
auto.tcl: Setting watchdog for 200 seconds at Wed Jul 10 06:40:46 UTC 2019
7 ms. Memory: 48128K Free: 23515K (49%)
ptolemy.util.test.WatchDog.cancel(): canceling Wed Jul 10 06:40:46 UTC 2019
------------------ testing $PTII/ptolemy/domains/de/test/auto/ResetTransitionWithStartTime2.xml
auto.tcl: Setting watchdog for 200 seconds at Wed Jul 10 06:40:46 UTC 2019
5 ms. Memory: 48128K Free: 25976K (54%)
ptolemy.util.test.WatchDog.cancel(): canceling Wed Jul 10 06:40:46 UTC 2019
auto.tcl: Setting watchdog for 200 seconds at Wed Jul 10 06:40:46 UTC 2019
6 ms. Memory: 48128K Free: 23928K (50%)
ptolemy.util.test.WatchDog.cancel(): canceling Wed Jul 10 06:40:46 UTC 2019
------------------ testing $PTII/ptolemy/domains/de/test/auto/ResetTransitionWithStartTime3.xml
auto.tcl: Setting watchdog for 200 seconds at Wed Jul 10 06:40:46 UTC 2019
8 ms. Memory: 48128K Free: 25975K (54%)
ptolemy.util.test.WatchDog.cancel(): canceling Wed Jul 10 06:40:46 UTC 2019
auto.tcl: Setting watchdog for 200 seconds at Wed Jul 10 06:40:46 UTC 2019
7 ms. Memory: 48128K Free: 23470K (49%)
ptolemy.util.test.WatchDog.cancel(): canceling Wed Jul 10 06:40:46 UTC 2019
------------------ testing $PTII/ptolemy/domains/de/test/auto/ResetTransitionWithStartTime4.xml
auto.tcl: Setting watchdog for 200 seconds at Wed Jul 10 06:40:46 UTC 2019
9 ms. Memory: 48128K Free: 26443K (55%)
ptolemy.util.test.WatchDog.cancel(): canceling Wed Jul 10 06:40:46 UTC 2019
auto.tcl: Setting watchdog for 200 seconds at Wed Jul 10 06:40:46 UTC 2019
4 ms. Memory: 48128K Free: 24974K (52%)
ptolemy.util.test.WatchDog.cancel(): canceling Wed Jul 10 06:40:46 UTC 2019
------------------ testing $PTII/ptolemy/domains/de/test/auto/ResettableTimer1.xml
auto.tcl: Setting watchdog for 200 seconds at Wed Jul 10 06:40:46 UTC 2019
4 ms. Memory: 48128K Free: 30052K (62%)
ptolemy.util.test.WatchDog.cancel(): canceling Wed Jul 10 06:40:46 UTC 2019
auto.tcl: Setting watchdog for 200 seconds at Wed Jul 10 06:40:46 UTC 2019
3 ms. Memory: 48128K Free: 29087K (60%)
ptolemy.util.test.WatchDog.cancel(): canceling Wed Jul 10 06:40:46 UTC 2019
------------------ testing $PTII/ptolemy/domains/de/test/auto/ResettableTimer2.xml
auto.tcl: Setting watchdog for 200 seconds at Wed Jul 10 06:40:46 UTC 2019
3 ms. Memory: 48128K Free: 30108K (63%)
ptolemy.util.test.WatchDog.cancel(): canceling Wed Jul 10 06:40:46 UTC 2019
auto.tcl: Setting watchdog for 200 seconds at Wed Jul 10 06:40:46 UTC 2019
2 ms. Memory: 48128K Free: 29157K (61%)
ptolemy.util.test.WatchDog.cancel(): canceling Wed Jul 10 06:40:46 UTC 2019
------------------ testing $PTII/ptolemy/domains/de/test/auto/ResettableTimer3.xml
auto.tcl: Setting watchdog for 200 seconds at Wed Jul 10 06:40:46 UTC 2019
2 ms. Memory: 48128K Free: 30126K (63%)
ptolemy.util.test.WatchDog.cancel(): canceling Wed Jul 10 06:40:46 UTC 2019
auto.tcl: Setting watchdog for 200 seconds at Wed Jul 10 06:40:46 UTC 2019
1 ms. Memory: 48128K Free: 29651K (62%)
ptolemy.util.test.WatchDog.cancel(): canceling Wed Jul 10 06:40:46 UTC 2019
------------------ testing $PTII/ptolemy/domains/de/test/auto/ResettableTimer4.xml
auto.tcl: Setting watchdog for 200 seconds at Wed Jul 10 06:40:46 UTC 2019
2 ms. Memory: 48128K Free: 30121K (63%)
ptolemy.util.test.WatchDog.cancel(): canceling Wed Jul 10 06:40:46 UTC 2019
auto.tcl: Setting watchdog for 200 seconds at Wed Jul 10 06:40:46 UTC 2019
1 ms. Memory: 48128K Free: 29647K (62%)
ptolemy.util.test.WatchDog.cancel(): canceling Wed Jul 10 06:40:46 UTC 2019
------------------ testing $PTII/ptolemy/domains/de/test/auto/ResettableTimer5.xml
auto.tcl: Setting watchdog for 200 seconds at Wed Jul 10 06:40:47 UTC 2019
7 ms. Memory: 48128K Free: 29517K (61%)
ptolemy.util.test.WatchDog.cancel(): canceling Wed Jul 10 06:40:47 UTC 2019
auto.tcl: Setting watchdog for 200 seconds at Wed Jul 10 06:40:47 UTC 2019
1 ms. Memory: 48128K Free: 29095K (60%)
ptolemy.util.test.WatchDog.cancel(): canceling Wed Jul 10 06:40:47 UTC 2019
------------------ testing $PTII/ptolemy/domains/de/test/auto/ResettableTimer6.xml
auto.tcl: Setting watchdog for 200 seconds at Wed Jul 10 06:40:47 UTC 2019
2 ms. Memory: 48128K Free: 29528K (61%)
ptolemy.util.test.WatchDog.cancel(): canceling Wed Jul 10 06:40:47 UTC 2019
auto.tcl: Setting watchdog for 200 seconds at Wed Jul 10 06:40:47 UTC 2019
2 ms. Memory: 48128K Free: 29085K (60%)
ptolemy.util.test.WatchDog.cancel(): canceling Wed Jul 10 06:40:47 UTC 2019
------------------ testing $PTII/ptolemy/domains/de/test/auto/ServerZeroDelay.xml
auto.tcl: Setting watchdog for 200 seconds at Wed Jul 10 06:40:47 UTC 2019
3 ms. Memory: 48128K Free: 30239K (63%)
ptolemy.util.test.WatchDog.cancel(): canceling Wed Jul 10 06:40:47 UTC 2019
auto.tcl: Setting watchdog for 200 seconds at Wed Jul 10 06:40:47 UTC 2019
2 ms. Memory: 48128K Free: 29125K (61%)
ptolemy.util.test.WatchDog.cancel(): canceling Wed Jul 10 06:40:47 UTC 2019
------------------ testing $PTII/ptolemy/domains/de/test/auto/SmartSender.xml
auto.tcl: Setting watchdog for 200 seconds at Wed Jul 10 06:40:47 UTC 2019
3006 ms. Memory: 48128K Free: 30133K (63%)
ptolemy.util.test.WatchDog.cancel(): canceling Wed Jul 10 06:40:50 UTC 2019
auto.tcl: Setting watchdog for 200 seconds at Wed Jul 10 06:40:50 UTC 2019
3002 ms. Memory: 48128K Free: 29591K (61%)
ptolemy.util.test.WatchDog.cancel(): canceling Wed Jul 10 06:40:53 UTC 2019
------------------ testing $PTII/ptolemy/domains/de/test/auto/ThreadedComposite.xml
auto.tcl: Setting watchdog for 200 seconds at Wed Jul 10 06:40:53 UTC 2019
202 ms. Memory: 48128K Free: 11163K (23%)
ptolemy.util.test.WatchDog.cancel(): canceling Wed Jul 10 06:40:53 UTC 2019
auto.tcl: Setting watchdog for 200 seconds at Wed Jul 10 06:40:53 UTC 2019
122 ms. Memory: 48128K Free: 24002K (50%)
ptolemy.util.test.WatchDog.cancel(): canceling Wed Jul 10 06:40:53 UTC 2019
------------------ testing $PTII/ptolemy/domains/de/test/auto/Time.xml
auto.tcl: Setting watchdog for 200 seconds at Wed Jul 10 06:40:53 UTC 2019
575 ms. Memory: 88064K Free: 44509K (51%)
ptolemy.util.test.WatchDog.cancel(): canceling Wed Jul 10 06:40:54 UTC 2019
auto.tcl: Setting watchdog for 200 seconds at Wed Jul 10 06:40:54 UTC 2019
557 ms. Memory: 88064K Free: 38417K (44%)
ptolemy.util.test.WatchDog.cancel(): canceling Wed Jul 10 06:40:54 UTC 2019
------------------ testing $PTII/ptolemy/domains/de/test/auto/TimeDelayZeroDelay.xml
auto.tcl: Setting watchdog for 200 seconds at Wed Jul 10 06:40:55 UTC 2019
3 ms. Memory: 48128K Free: 30399K (63%)
ptolemy.util.test.WatchDog.cancel(): canceling Wed Jul 10 06:40:55 UTC 2019
auto.tcl: Setting watchdog for 200 seconds at Wed Jul 10 06:40:55 UTC 2019
2 ms. Memory: 48128K Free: 29648K (62%)
ptolemy.util.test.WatchDog.cancel(): canceling Wed Jul 10 06:40:55 UTC 2019
------------------ testing $PTII/ptolemy/domains/de/test/auto/TimerZeroDelay.xml
auto.tcl: Setting watchdog for 200 seconds at Wed Jul 10 06:40:55 UTC 2019
2 ms. Memory: 48128K Free: 30442K (63%)
ptolemy.util.test.WatchDog.cancel(): canceling Wed Jul 10 06:40:55 UTC 2019
auto.tcl: Setting watchdog for 200 seconds at Wed Jul 10 06:40:55 UTC 2019
2 ms. Memory: 48128K Free: 29683K (62%)
ptolemy.util.test.WatchDog.cancel(): canceling Wed Jul 10 06:40:55 UTC 2019
------------------ testing $PTII/ptolemy/domains/de/test/auto/TimingParadox.xml
auto.tcl: Setting watchdog for 200 seconds at Wed Jul 10 06:40:55 UTC 2019
398 ms. Memory: 48128K Free: 12126K (25%)
ptolemy.util.test.WatchDog.cancel(): canceling Wed Jul 10 06:40:55 UTC 2019
auto.tcl: Setting watchdog for 200 seconds at Wed Jul 10 06:40:55 UTC 2019
383 ms. Memory: 48128K Free: 21065K (44%)
ptolemy.util.test.WatchDog.cancel(): canceling Wed Jul 10 06:40:56 UTC 2019
------------------ testing $PTII/ptolemy/domains/de/test/auto/TransferInputs.xml
auto.tcl: Setting watchdog for 200 seconds at Wed Jul 10 06:40:56 UTC 2019
1 ms. Memory: 48128K Free: 28518K (59%)
ptolemy.util.test.WatchDog.cancel(): canceling Wed Jul 10 06:40:56 UTC 2019
auto.tcl: Setting watchdog for 200 seconds at Wed Jul 10 06:40:56 UTC 2019
2 ms. Memory: 48128K Free: 27654K (57%)
ptolemy.util.test.WatchDog.cancel(): canceling Wed Jul 10 06:40:56 UTC 2019
------------------ testing $PTII/ptolemy/domains/de/test/auto/TransferOutputs2.xml
auto.tcl: Setting watchdog for 200 seconds at Wed Jul 10 06:40:56 UTC 2019
10 ms. Memory: 48128K Free: 25977K (54%)
ptolemy.util.test.WatchDog.cancel(): canceling Wed Jul 10 06:40:56 UTC 2019
auto.tcl: Setting watchdog for 200 seconds at Wed Jul 10 06:40:56 UTC 2019
4 ms. Memory: 48128K Free: 24569K (51%)
ptolemy.util.test.WatchDog.cancel(): canceling Wed Jul 10 06:40:56 UTC 2019
------------------ testing $PTII/ptolemy/domains/de/test/auto/Trilateration.xml
auto.tcl: Setting watchdog for 200 seconds at Wed Jul 10 06:40:56 UTC 2019
15107 ms. Memory: 528384K Free: 363333K (69%)
ptolemy.util.test.WatchDog.cancel(): canceling Wed Jul 10 06:41:12 UTC 2019
auto.tcl: Setting watchdog for 200 seconds at Wed Jul 10 06:41:12 UTC 2019
11568 ms. Memory: 528384K Free: 227960K (43%)
ptolemy.util.test.WatchDog.cancel(): canceling Wed Jul 10 06:41:24 UTC 2019
------------------ testing $PTII/ptolemy/domains/de/test/auto/TwoSigmaDelta.xml
auto.tcl: Setting watchdog for 200 seconds at Wed Jul 10 06:41:24 UTC 2019
2804 ms. Memory: 89088K Free: 20574K (23%)
ptolemy.util.test.WatchDog.cancel(): canceling Wed Jul 10 06:41:27 UTC 2019
auto.tcl: Setting watchdog for 200 seconds at Wed Jul 10 06:41:27 UTC 2019
2147 ms. Memory: 89088K Free: 62534K (70%)
ptolemy.util.test.WatchDog.cancel(): canceling Wed Jul 10 06:41:29 UTC 2019
------------------ testing $PTII/ptolemy/domains/de/test/auto/VariableDelay.xml
auto.tcl: Setting watchdog for 200 seconds at Wed Jul 10 06:41:29 UTC 2019
7 ms. Memory: 55296K Free: 36203K (65%)
ptolemy.util.test.WatchDog.cancel(): canceling Wed Jul 10 06:41:29 UTC 2019
auto.tcl: Setting watchdog for 200 seconds at Wed Jul 10 06:41:29 UTC 2019
2 ms. Memory: 55296K Free: 35707K (65%)
ptolemy.util.test.WatchDog.cancel(): canceling Wed Jul 10 06:41:29 UTC 2019
------------------ testing $PTII/ptolemy/domains/de/test/auto/VariableDelay2.xml
auto.tcl: Setting watchdog for 200 seconds at Wed Jul 10 06:41:29 UTC 2019
11 ms. Memory: 51200K Free: 32490K (63%)
ptolemy.util.test.WatchDog.cancel(): canceling Wed Jul 10 06:41:29 UTC 2019
auto.tcl: Setting watchdog for 200 seconds at Wed Jul 10 06:41:29 UTC 2019
2 ms. Memory: 51200K Free: 32010K (63%)
ptolemy.util.test.WatchDog.cancel(): canceling Wed Jul 10 06:41:29 UTC 2019
------------------ testing $PTII/ptolemy/domains/de/test/auto/VariableDelayZeroDelay.xml
auto.tcl: Setting watchdog for 200 seconds at Wed Jul 10 06:41:29 UTC 2019
2 ms. Memory: 51200K Free: 33033K (65%)
ptolemy.util.test.WatchDog.cancel(): canceling Wed Jul 10 06:41:29 UTC 2019
auto.tcl: Setting watchdog for 200 seconds at Wed Jul 10 06:41:29 UTC 2019
2 ms. Memory: 51200K Free: 32513K (64%)
ptolemy.util.test.WatchDog.cancel(): canceling Wed Jul 10 06:41:29 UTC 2019
------------------ testing $PTII/ptolemy/domains/de/test/auto/VariableDelayZeroDelay2.xml
auto.tcl: Setting watchdog for 200 seconds at Wed Jul 10 06:41:29 UTC 2019
3 ms. Memory: 51200K Free: 33032K (65%)
ptolemy.util.test.WatchDog.cancel(): canceling Wed Jul 10 06:41:29 UTC 2019
auto.tcl: Setting watchdog for 200 seconds at Wed Jul 10 06:41:29 UTC 2019
2 ms. Memory: 51200K Free: 32008K (63%)
ptolemy.util.test.WatchDog.cancel(): canceling Wed Jul 10 06:41:29 UTC 2019
------------------ testing $PTII/ptolemy/domains/de/test/auto/deInCt.xml
auto.tcl: Setting watchdog for 200 seconds at Wed Jul 10 06:41:29 UTC 2019
0
1
1
1
1
0
0
0
1
1
1
1
0
0
0
1
1
1
1
0
0
0
1
1
1
1
1
0
0
0
1
1
1
0
0
0
1
1
1
12 ms. Memory: 48128K Free: 28934K (60%)
ptolemy.util.test.WatchDog.cancel(): canceling Wed Jul 10 06:41:29 UTC 2019
auto.tcl: Setting watchdog for 200 seconds at Wed Jul 10 06:41:29 UTC 2019
0
1
1
1
1
1
0
0
0
1
1
1
0
0
0
0
1
1
1
1
1
0
0
0
0
1
1
1
0
0
1
1
1
9 ms. Memory: 48128K Free: 27423K (57%)
ptolemy.util.test.WatchDog.cancel(): canceling Wed Jul 10 06:41:29 UTC 2019
------------------ testing $PTII/ptolemy/domains/de/test/auto/deInCt2.xml
auto.tcl: Setting watchdog for 200 seconds at Wed Jul 10 06:41:29 UTC 2019
0
1
1
1
0
0
1
1
1
0
0
1
1
1
0
0
1
1
1
0
0
1
1
1
0
0
1
1
1
0
0
1
1
1
0
0
1
1
1
0
0
0
12 ms. Memory: 48128K Free: 28935K (60%)
ptolemy.util.test.WatchDog.cancel(): canceling Wed Jul 10 06:41:29 UTC 2019
auto.tcl: Setting watchdog for 200 seconds at Wed Jul 10 06:41:29 UTC 2019
0
1
1
1
0
0
1
1
1
0
0
1
1
1
0
0
1
1
1
0
0
1
1
1
0
0
1
1
1
0
0
1
1
1
0
0
1
1
1
0
0
0
10 ms. Memory: 48128K Free: 27425K (57%)
ptolemy.util.test.WatchDog.cancel(): canceling Wed Jul 10 06:41:29 UTC 2019
------------------ testing $PTII/ptolemy/domains/de/test/auto/dynamicCausalityInterface1.xml
auto.tcl: Setting watchdog for 200 seconds at Wed Jul 10 06:41:29 UTC 2019
1 ms. Memory: 48128K Free: 24225K (50%)
ptolemy.util.test.WatchDog.cancel(): canceling Wed Jul 10 06:41:29 UTC 2019
auto.tcl: Setting watchdog for 200 seconds at Wed Jul 10 06:41:29 UTC 2019
1 ms. Memory: 48128K Free: 23810K (49%)
ptolemy.util.test.WatchDog.cancel(): canceling Wed Jul 10 06:41:29 UTC 2019
------------------ testing $PTII/ptolemy/domains/de/test/auto/fsm_de_test.xml
auto.tcl: Setting watchdog for 200 seconds at Wed Jul 10 06:41:30 UTC 2019
12 ms. Memory: 48128K Free: 24732K (51%)
ptolemy.util.test.WatchDog.cancel(): canceling Wed Jul 10 06:41:30 UTC 2019
auto.tcl: Setting watchdog for 200 seconds at Wed Jul 10 06:41:30 UTC 2019
10 ms. Memory: 48128K Free: 22744K (47%)
ptolemy.util.test.WatchDog.cancel(): canceling Wed Jul 10 06:41:30 UTC 2019
------------------ testing $PTII/ptolemy/domains/de/test/auto/functionDependencyReconstruction.xml
auto.tcl: Setting watchdog for 200 seconds at Wed Jul 10 06:41:30 UTC 2019
9 ms. Memory: 48128K Free: 18578K (39%)
ptolemy.util.test.WatchDog.cancel(): canceling Wed Jul 10 06:41:30 UTC 2019
auto.tcl: Setting watchdog for 200 seconds at Wed Jul 10 06:41:30 UTC 2019
3 ms. Memory: 48128K Free: 16603K (34%)
ptolemy.util.test.WatchDog.cancel(): canceling Wed Jul 10 06:41:30 UTC 2019
------------------ testing $PTII/ptolemy/domains/de/test/auto/multirate.xml
auto.tcl: Setting watchdog for 200 seconds at Wed Jul 10 06:41:30 UTC 2019
3 ms. Memory: 48128K Free: 27377K (57%)
ptolemy.util.test.WatchDog.cancel(): canceling Wed Jul 10 06:41:30 UTC 2019
auto.tcl: Setting watchdog for 200 seconds at Wed Jul 10 06:41:30 UTC 2019
3 ms. Memory: 48128K Free: 25714K (53%)
ptolemy.util.test.WatchDog.cancel(): canceling Wed Jul 10 06:41:30 UTC 2019
------------------ testing $PTII/ptolemy/domains/de/test/auto/multirate2.xml
auto.tcl: Setting watchdog for 200 seconds at Wed Jul 10 06:41:30 UTC 2019
3 ms. Memory: 48128K Free: 27558K (57%)
ptolemy.util.test.WatchDog.cancel(): canceling Wed Jul 10 06:41:30 UTC 2019
auto.tcl: Setting watchdog for 200 seconds at Wed Jul 10 06:41:30 UTC 2019
3 ms. Memory: 48128K Free: 25879K (54%)
ptolemy.util.test.WatchDog.cancel(): canceling Wed Jul 10 06:41:30 UTC 2019
------------------ testing $PTII/ptolemy/domains/de/test/auto/realtime.xml
auto.tcl: Setting watchdog for 200 seconds at Wed Jul 10 06:41:30 UTC 2019
10002 ms. Memory: 48128K Free: 29602K (62%)
ptolemy.util.test.WatchDog.cancel(): canceling Wed Jul 10 06:41:40 UTC 2019
auto.tcl: Setting watchdog for 200 seconds at Wed Jul 10 06:41:40 UTC 2019
10001 ms. Memory: 48128K Free: 28879K (60%)
ptolemy.util.test.WatchDog.cancel(): canceling Wed Jul 10 06:41:50 UTC 2019
------------------ testing $PTII/ptolemy/domains/de/test/auto/relationGroup.xml
auto.tcl: Setting watchdog for 200 seconds at Wed Jul 10 06:41:50 UTC 2019
10 ms. Memory: 48128K Free: 30652K (64%)
ptolemy.util.test.WatchDog.cancel(): canceling Wed Jul 10 06:41:50 UTC 2019
auto.tcl: Setting watchdog for 200 seconds at Wed Jul 10 06:41:50 UTC 2019
2 ms. Memory: 48128K Free: 30134K (63%)
ptolemy.util.test.WatchDog.cancel(): canceling Wed Jul 10 06:41:50 UTC 2019
------------------ testing $PTII/ptolemy/domains/de/test/auto/relationGroup2.xml
auto.tcl: Setting watchdog for 200 seconds at Wed Jul 10 06:41:50 UTC 2019
2 ms. Memory: 48128K Free: 30660K (64%)
ptolemy.util.test.WatchDog.cancel(): canceling Wed Jul 10 06:41:50 UTC 2019
auto.tcl: Setting watchdog for 200 seconds at Wed Jul 10 06:41:50 UTC 2019
1 ms. Memory: 48128K Free: 29985K (62%)
ptolemy.util.test.WatchDog.cancel(): canceling Wed Jul 10 06:41:50 UTC 2019
------------------ testing $PTII/ptolemy/domains/de/test/auto/sortWithOpaquePorts.xml
auto.tcl: Setting watchdog for 200 seconds at Wed Jul 10 06:41:50 UTC 2019
2 ms. Memory: 48128K Free: 29986K (62%)
ptolemy.util.test.WatchDog.cancel(): canceling Wed Jul 10 06:41:50 UTC 2019
auto.tcl: Setting watchdog for 200 seconds at Wed Jul 10 06:41:50 UTC 2019
2 ms. Memory: 48128K Free: 28482K (59%)
ptolemy.util.test.WatchDog.cancel(): canceling Wed Jul 10 06:41:50 UTC 2019
------------------ testing $PTII/ptolemy/domains/de/test/auto/transferInputsandOutputs.xml
auto.tcl: Setting watchdog for 200 seconds at Wed Jul 10 06:41:50 UTC 2019
3 ms. Memory: 48128K Free: 26901K (56%)
ptolemy.util.test.WatchDog.cancel(): canceling Wed Jul 10 06:41:50 UTC 2019
auto.tcl: Setting watchdog for 200 seconds at Wed Jul 10 06:41:50 UTC 2019
2 ms. Memory: 48128K Free: 25927K (54%)
ptolemy.util.test.WatchDog.cancel(): canceling Wed Jul 10 06:41:50 UTC 2019
------------------ testing $PTII/ptolemy/domains/de/test/auto/triggerType.xml
auto.tcl: Setting watchdog for 200 seconds at Wed Jul 10 06:41:50 UTC 2019
2 ms. Memory: 48128K Free: 29926K (62%)
ptolemy.util.test.WatchDog.cancel(): canceling Wed Jul 10 06:41:50 UTC 2019
auto.tcl: Setting watchdog for 200 seconds at Wed Jul 10 06:41:50 UTC 2019
2 ms. Memory: 48128K Free: 28956K (60%)
ptolemy.util.test.WatchDog.cancel(): canceling Wed Jul 10 06:41:50 UTC 2019
07/10/19 06:41:50
Failed: 0  Total Tests: 192  ((Passed: 187, Newly Passed: 1)  Known Failed: 5) /home/travis/build/icyphy/ptII/ptolemy/domains/de/test
07/10/19 06:41:50
Failed: 0  Total Tests: 192  ((Passed: 187, Newly Passed: 1)  Known Failed: 5) /home/travis/build/icyphy/ptII/ptolemy/domains/de/test
----------------- testing (KnownFailure) /home/travis/build/icyphy/ptII/ptolemy/domains/de/test/auto/knownFailedTests/DESDFClockTest.xml
2012 ms. Memory: 48128K Free: 23320K (48%)
Known Failure: java.lang.reflect.InvocationTargetException
----------------- testing (KnownFailure) /home/travis/build/icyphy/ptII/ptolemy/domains/de/test/auto/knownFailedTests/DirectFeedback.xml
2 ms. Memory: 48128K Free: 19738K (41%)
Known Failure: java.lang.reflect.InvocationTargetException
----------------- testing (KnownFailure) /home/travis/build/icyphy/ptII/ptolemy/domains/de/test/auto/knownFailedTests/FSMSource.xml
19 ms. Memory: 48128K Free: 12570K (26%)
----------------- testing (KnownFailure) /home/travis/build/icyphy/ptII/ptolemy/domains/de/test/auto/knownFailedTests/HierarchicalModel.xml
3 ms. Memory: 48128K Free: 23519K (49%)
Known Failure: java.lang.reflect.InvocationTargetException
----------------- testing (KnownFailure) /home/travis/build/icyphy/ptII/ptolemy/domains/de/test/auto/knownFailedTests/dependencyLoop.xml
3 ms. Memory: 48128K Free: 8379K (17%)
Known Failure: java.lang.reflect.InvocationTargetException
----------------- testing (KnownFailure) /home/travis/build/icyphy/ptII/ptolemy/domains/de/test/auto/knownFailedTests/dependencyLoop2.xml
8 ms. Memory: 48128K Free: 20560K (43%)
Known Failure: java.lang.reflect.InvocationTargetException
No auto/linux-amd64/*.xml tests in /home/travis/build/icyphy/ptII/ptolemy/domains/de/test
AutoTests.java: About to close Vertx.
AutoTests.java: Vertx closed.

===========================================================================================
----------------- testing Wed Jul 10 06:41:53 UTC 2019 /home/travis/build/icyphy/ptII/ptolemy/domains/de/test/auto/ActorDepthCalculation_actorWithoutPorts.xml
----------------- Instantiating /home/travis/build/icyphy/ptII/ptolemy/domains/de/test/auto/ActorDepthCalculation_actorWithoutPorts.xml
2 ms. Memory: 48128K Free: 13699K (28%)
----------------- Invoking toplevel() on ptolemy.moml.MoMLSimpleApplication@1a4f423b
----------------- Done invoking toplevel() on ptolemy.moml.MoMLSimpleApplication@1a4f423b
reloadAllAccessors: .ActorDepthCalculation_actorWithoutPorts

===========================================================================================
----------------- testing Wed Jul 10 06:41:53 UTC 2019 /home/travis/build/icyphy/ptII/ptolemy/domains/de/test/auto/AssemblyLine.xml
----------------- Instantiating /home/travis/build/icyphy/ptII/ptolemy/domains/de/test/auto/AssemblyLine.xml
6 ms. Memory: 48128K Free: 33544K (70%)
----------------- Invoking toplevel() on ptolemy.moml.MoMLSimpleApplication@1e6ad30c
----------------- Done invoking toplevel() on ptolemy.moml.MoMLSimpleApplication@1e6ad30c
reloadAllAccessors: .AssemblyLine

===========================================================================================
----------------- testing Wed Jul 10 06:41:53 UTC 2019 /home/travis/build/icyphy/ptII/ptolemy/domains/de/test/auto/CQBug1.xml
----------------- Instantiating /home/travis/build/icyphy/ptII/ptolemy/domains/de/test/auto/CQBug1.xml
1 ms. Memory: 48128K Free: 30435K (63%)
----------------- Invoking toplevel() on ptolemy.moml.MoMLSimpleApplication@467e95c4
----------------- Done invoking toplevel() on ptolemy.moml.MoMLSimpleApplication@467e95c4
reloadAllAccessors: .CQBug1

===========================================================================================
----------------- testing Wed Jul 10 06:41:53 UTC 2019 /home/travis/build/icyphy/ptII/ptolemy/domains/de/test/auto/CancelFireAt.xml
----------------- Instantiating /home/travis/build/icyphy/ptII/ptolemy/domains/de/test/auto/CancelFireAt.xml
8 ms. Memory: 48128K Free: 27851K (58%)
----------------- Invoking toplevel() on ptolemy.moml.MoMLSimpleApplication@3957a937
----------------- Done invoking toplevel() on ptolemy.moml.MoMLSimpleApplication@3957a937
reloadAllAccessors: .CancelFireAt

===========================================================================================
----------------- testing Wed Jul 10 06:41:53 UTC 2019 /home/travis/build/icyphy/ptII/ptolemy/domains/de/test/auto/CausalityAndComposabilityAnalysis.xml
----------------- Instantiating /home/travis/build/icyphy/ptII/ptolemy/domains/de/test/auto/CausalityAndComposabilityAnalysis.xml
3 ms. Memory: 48128K Free: 23581K (49%)
----------------- Invoking toplevel() on ptolemy.moml.MoMLSimpleApplication@128824e6
----------------- Done invoking toplevel() on ptolemy.moml.MoMLSimpleApplication@128824e6
reloadAllAccessors: .CausalityAndComposabilityAnalysis

===========================================================================================
----------------- testing Wed Jul 10 06:41:53 UTC 2019 /home/travis/build/icyphy/ptII/ptolemy/domains/de/test/auto/CausalityInterface1.xml
----------------- Instantiating /home/travis/build/icyphy/ptII/ptolemy/domains/de/test/auto/CausalityInterface1.xml
5 ms. Memory: 48128K Free: 18461K (38%)
----------------- Invoking toplevel() on ptolemy.moml.MoMLSimpleApplication@344dc6d4
----------------- Done invoking toplevel() on ptolemy.moml.MoMLSimpleApplication@344dc6d4
reloadAllAccessors: .CausalityInterface1

===========================================================================================
----------------- testing Wed Jul 10 06:41:53 UTC 2019 /home/travis/build/icyphy/ptII/ptolemy/domains/de/test/auto/CausalityInterface15.xml
----------------- Instantiating /home/travis/build/icyphy/ptII/ptolemy/domains/de/test/auto/CausalityInterface15.xml
3 ms. Memory: 48128K Free: 13051K (27%)
----------------- Invoking toplevel() on ptolemy.moml.MoMLSimpleApplication@19676d57
----------------- Done invoking toplevel() on ptolemy.moml.MoMLSimpleApplication@19676d57
reloadAllAccessors: .CausalityInterface15

===========================================================================================
----------------- testing Wed Jul 10 06:41:53 UTC 2019 /home/travis/build/icyphy/ptII/ptolemy/domains/de/test/auto/CausalityInterface2.xml
----------------- Instantiating /home/travis/build/icyphy/ptII/ptolemy/domains/de/test/auto/CausalityInterface2.xml
1 ms. Memory: 48128K Free: 8396K (17%)
[...]
	at ptolemy.actor.Manager.run(Manager.java:1263)
	at ptolemy.actor.Manager$PtolemyRunThread.run(Manager.java:1915)
java.lang.RuntimeException: Execution failed
	at ptolemy.moml.MoMLSimpleApplication$UnloadThread.run(MoMLSimpleApplication.java:402)
Caused by: ptolemy.kernel.util.IllegalActionException: Actor is not ready to fire.  Perhaps UpSample.prefire() returned false? Try debugging the actor by selecting "Listen to Actor".  Also, for SDF check moml for tokenConsumptionRate on input.
  in .DESDFClockTest.Play Bell.Copy1:SDF Director and .DESDFClockTest.Play Bell.UpSample
	at ptolemy.actor.sched.StaticSchedulingDirector.fire(StaticSchedulingDirector.java:227)
	at ptolemy.domains.sdf.kernel.SDFDirector.fire(SDFDirector.java:500)
	at ptolemy.actor.CompositeActor.fire(CompositeActor.java:455)
	at ptolemy.domains.de.kernel.DEDirector._fire(DEDirector.java:1949)
	at ptolemy.domains.de.kernel.DEDirector.fire(DEDirector.java:502)
	at ptolemy.actor.CompositeActor.fire(CompositeActor.java:455)
	at ptolemy.actor.Manager.iterate(Manager.java:851)
	at ptolemy.actor.Manager.execute(Manager.java:369)
	at ptolemy.actor.Manager.run(Manager.java:1263)
	at ptolemy.actor.Manager$PtolemyRunThread.run(Manager.java:1915)
java.lang.reflect.InvocationTargetException
	at java.base/jdk.internal.reflect.NativeConstructorAccessorImpl.newInstance0(Native Method)
	at java.base/jdk.internal.reflect.NativeConstructorAccessorImpl.newInstance(NativeConstructorAccessorImpl.java:62)
	at java.base/jdk.internal.reflect.DelegatingConstructorAccessorImpl.newInstance(DelegatingConstructorAccessorImpl.java:45)
	at java.base/java.lang.reflect.Constructor.newInstance(Constructor.java:488)
	at ptolemy.util.test.junit.AutoKnownFailedTests.RunModel(AutoKnownFailedTests.java:105)
	at java.base/jdk.internal.reflect.NativeMethodAccessorImpl.invoke0(Native Method)
	at java.base/jdk.internal.reflect.NativeMethodAccessorImpl.invoke(NativeMethodAccessorImpl.java:62)
	at java.base/jdk.internal.reflect.DelegatingMethodAccessorImpl.invoke(DelegatingMethodAccessorImpl.java:43)
	at java.base/java.lang.reflect.Method.invoke(Method.java:564)
	at org.junit.runners.model.FrameworkMethod$1.runReflectiveCall(FrameworkMethod.java:44)
	at org.junit.internal.runners.model.ReflectiveCallable.run(ReflectiveCallable.java:15)
	at org.junit.runners.model.FrameworkMethod.invokeExplosively(FrameworkMethod.java:41)
	at junitparams.internal.InvokeParameterisedMethod.evaluate(InvokeParameterisedMethod.java:102)
	at org.junit.internal.runners.statements.FailOnTimeout$1.run(FailOnTimeout.java:28)
Caused by: ptolemy.kernel.util.IllegalActionException: Actor is not ready to fire.  Perhaps UpSample.prefire() returned false? Try debugging the actor by selecting "Listen to Actor".  Also, for SDF check moml for tokenConsumptionRate on input.
  in .DESDFClockTest.Play Bell.Copy1:SDF Director and .DESDFClockTest.Play Bell.UpSample
	at ptolemy.actor.sched.StaticSchedulingDirector.fire(StaticSchedulingDirector.java:227)
	at ptolemy.domains.sdf.kernel.SDFDirector.fire(SDFDirector.java:500)
	at ptolemy.actor.CompositeActor.fire(CompositeActor.java:455)
	at ptolemy.domains.de.kernel.DEDirector._fire(DEDirector.java:1949)
	at ptolemy.domains.de.kernel.DEDirector.fire(DEDirector.java:502)
	at ptolemy.actor.CompositeActor.fire(CompositeActor.java:455)
	at ptolemy.actor.Manager.iterate(Manager.java:851)
	at ptolemy.actor.Manager.execute(Manager.java:369)
	at ptolemy.actor.Manager.run(Manager.java:1263)
	at ptolemy.actor.Manager$PtolemyRunThread.run(Manager.java:1915)
java.lang.RuntimeException: Execution failed
	at ptolemy.moml.MoMLSimpleApplication$UnloadThread.run(MoMLSimpleApplication.java:402)
Caused by: ptolemy.kernel.util.IllegalActionException: Test fails in iteration 1.
Value was: 1.0. Should have been: 2.0
  in .DirectFeedback.Test
	at ptolemy.actor.lib.Test.fire(Test.java:268)
	at ptolemy.domains.de.kernel.DEDirector._fire(DEDirector.java:1949)
	at ptolemy.domains.de.kernel.DEDirector.fire(DEDirector.java:502)
	at ptolemy.actor.CompositeActor.fire(CompositeActor.java:455)
	at ptolemy.actor.Manager.iterate(Manager.java:851)
	at ptolemy.actor.Manager.execute(Manager.java:369)
	at ptolemy.actor.Manager.run(Manager.java:1263)
	at ptolemy.actor.Manager$PtolemyRunThread.run(Manager.java:1915)
java.lang.reflect.InvocationTargetException
	at java.base/jdk.internal.reflect.NativeConstructorAccessorImpl.newInstance0(Native Method)
	at java.base/jdk.internal.reflect.NativeConstructorAccessorImpl.newInstance(NativeConstructorAccessorImpl.java:62)
	at java.base/jdk.internal.reflect.DelegatingConstructorAccessorImpl.newInstance(DelegatingConstructorAccessorImpl.java:45)
	at java.base/java.lang.reflect.Constructor.newInstance(Constructor.java:488)
	at ptolemy.util.test.junit.AutoKnownFailedTests.RunModel(AutoKnownFailedTests.java:105)
	at java.base/jdk.internal.reflect.NativeMethodAccessorImpl.invoke0(Native Method)
	at java.base/jdk.internal.reflect.NativeMethodAccessorImpl.invoke(NativeMethodAccessorImpl.java:62)
	at java.base/jdk.internal.reflect.DelegatingMethodAccessorImpl.invoke(DelegatingMethodAccessorImpl.java:43)
	at java.base/java.lang.reflect.Method.invoke(Method.java:564)
	at org.junit.runners.model.FrameworkMethod$1.runReflectiveCall(FrameworkMethod.java:44)
	at org.junit.internal.runners.model.ReflectiveCallable.run(ReflectiveCallable.java:15)
	at org.junit.runners.model.FrameworkMethod.invokeExplosively(FrameworkMethod.java:41)
	at junitparams.internal.InvokeParameterisedMethod.evaluate(InvokeParameterisedMethod.java:102)
	at org.junit.internal.runners.statements.FailOnTimeout$1.run(FailOnTimeout.java:28)
Caused by: ptolemy.kernel.util.IllegalActionException: Test fails in iteration 1.
Value was: 1.0. Should have been: 2.0
  in .DirectFeedback.Test
	at ptolemy.actor.lib.Test.fire(Test.java:268)
	at ptolemy.domains.de.kernel.DEDirector._fire(DEDirector.java:1949)
	at ptolemy.domains.de.kernel.DEDirector.fire(DEDirector.java:502)
	at ptolemy.actor.CompositeActor.fire(CompositeActor.java:455)
	at ptolemy.actor.Manager.iterate(Manager.java:851)
	at ptolemy.actor.Manager.execute(Manager.java:369)
	at ptolemy.actor.Manager.run(Manager.java:1263)
	at ptolemy.actor.Manager$PtolemyRunThread.run(Manager.java:1915)
java.lang.RuntimeException: Execution failed
	at ptolemy.moml.MoMLSimpleApplication$UnloadThread.run(MoMLSimpleApplication.java:402)
Caused by: ptolemy.kernel.util.IllegalActionException: Found a zero delay loop containing .HierarchicalModel.A
  in .HierarchicalModel and .HierarchicalModel.A
	at ptolemy.actor.util.CausalityInterfaceForComposites._computeOutputPortDepth(CausalityInterfaceForComposites.java:759)
	at ptolemy.actor.util.CausalityInterfaceForComposites._computeInputDepth(CausalityInterfaceForComposites.java:696)
	at ptolemy.actor.util.CausalityInterfaceForComposites._computeOutputPortDepth(CausalityInterfaceForComposites.java:765)
	at ptolemy.actor.util.CausalityInterfaceForComposites._computeInputDepth(CausalityInterfaceForComposites.java:696)
	at ptolemy.actor.util.CausalityInterfaceForComposites._computeOutputPortDepth(CausalityInterfaceForComposites.java:765)
	at ptolemy.actor.util.CausalityInterfaceForComposites._computeInputDepth(CausalityInterfaceForComposites.java:696)
	at ptolemy.actor.util.CausalityInterfaceForComposites._computeActorDepth(CausalityInterfaceForComposites.java:532)
	at ptolemy.actor.util.CausalityInterfaceForComposites.checkForCycles(CausalityInterfaceForComposites.java:96)
	at ptolemy.domains.de.kernel.DEDirector.preinitialize(DEDirector.java:1338)
	at ptolemy.actor.CompositeActor.preinitialize(CompositeActor.java:1828)
	at ptolemy.actor.Manager.preinitializeAndResolveTypes(Manager.java:1040)
	at ptolemy.actor.Manager.initialize(Manager.java:710)
	at ptolemy.actor.Manager.execute(Manager.java:356)
	at ptolemy.actor.Manager.run(Manager.java:1263)
	at ptolemy.actor.Manager$PtolemyRunThread.run(Manager.java:1915)
java.lang.reflect.InvocationTargetException
	at java.base/jdk.internal.reflect.NativeConstructorAccessorImpl.newInstance0(Native Method)
	at java.base/jdk.internal.reflect.NativeConstructorAccessorImpl.newInstance(NativeConstructorAccessorImpl.java:62)
	at java.base/jdk.internal.reflect.DelegatingConstructorAccessorImpl.newInstance(DelegatingConstructorAccessorImpl.java:45)
	at java.base/java.lang.reflect.Constructor.newInstance(Constructor.java:488)
	at ptolemy.util.test.junit.AutoKnownFailedTests.RunModel(AutoKnownFailedTests.java:105)
	at java.base/jdk.internal.reflect.NativeMethodAccessorImpl.invoke0(Native Method)
	at java.base/jdk.internal.reflect.NativeMethodAccessorImpl.invoke(NativeMethodAccessorImpl.java:62)
	at java.base/jdk.internal.reflect.DelegatingMethodAccessorImpl.invoke(DelegatingMethodAccessorImpl.java:43)
	at java.base/java.lang.reflect.Method.invoke(Method.java:564)
	at org.junit.runners.model.FrameworkMethod$1.runReflectiveCall(FrameworkMethod.java:44)
	at org.junit.internal.runners.model.ReflectiveCallable.run(ReflectiveCallable.java:15)
	at org.junit.runners.model.FrameworkMethod.invokeExplosively(FrameworkMethod.java:41)
	at junitparams.internal.InvokeParameterisedMethod.evaluate(InvokeParameterisedMethod.java:102)
	at org.junit.internal.runners.statements.FailOnTimeout$1.run(FailOnTimeout.java:28)
Caused by: ptolemy.kernel.util.IllegalActionException: Found a zero delay loop containing .HierarchicalModel.A
  in .HierarchicalModel and .HierarchicalModel.A
	at ptolemy.actor.util.CausalityInterfaceForComposites._computeOutputPortDepth(CausalityInterfaceForComposites.java:759)
	at ptolemy.actor.util.CausalityInterfaceForComposites._computeInputDepth(CausalityInterfaceForComposites.java:696)
	at ptolemy.actor.util.CausalityInterfaceForComposites._computeOutputPortDepth(CausalityInterfaceForComposites.java:765)
	at ptolemy.actor.util.CausalityInterfaceForComposites._computeInputDepth(CausalityInterfaceForComposites.java:696)
	at ptolemy.actor.util.CausalityInterfaceForComposites._computeOutputPortDepth(CausalityInterfaceForComposites.java:765)
	at ptolemy.actor.util.CausalityInterfaceForComposites._computeInputDepth(CausalityInterfaceForComposites.java:696)
	at ptolemy.actor.util.CausalityInterfaceForComposites._computeActorDepth(CausalityInterfaceForComposites.java:532)
	at ptolemy.actor.util.CausalityInterfaceForComposites.checkForCycles(CausalityInterfaceForComposites.java:96)
	at ptolemy.domains.de.kernel.DEDirector.preinitialize(DEDirector.java:1338)
	at ptolemy.actor.CompositeActor.preinitialize(CompositeActor.java:1828)
	at ptolemy.actor.Manager.preinitializeAndResolveTypes(Manager.java:1040)
	at ptolemy.actor.Manager.initialize(Manager.java:710)
	at ptolemy.actor.Manager.execute(Manager.java:356)
	at ptolemy.actor.Manager.run(Manager.java:1263)
	at ptolemy.actor.Manager$PtolemyRunThread.run(Manager.java:1915)
java.lang.RuntimeException: Execution failed
	at ptolemy.moml.MoMLSimpleApplication$UnloadThread.run(MoMLSimpleApplication.java:402)
Caused by: ptolemy.kernel.util.IllegalActionException: Found a zero delay loop containing .dependencyLoop.original
  in .dependencyLoop and .dependencyLoop.original
	at ptolemy.actor.util.CausalityInterfaceForComposites._computeOutputPortDepth(CausalityInterfaceForComposites.java:759)
	at ptolemy.actor.util.CausalityInterfaceForComposites._computeInputDepth(CausalityInterfaceForComposites.java:696)
	at ptolemy.actor.util.CausalityInterfaceForComposites._computeOutputPortDepth(CausalityInterfaceForComposites.java:765)
	at ptolemy.actor.util.CausalityInterfaceForComposites._computeInputDepth(CausalityInterfaceForComposites.java:696)
	at ptolemy.actor.util.CausalityInterfaceForComposites._computeOutputPortDepth(CausalityInterfaceForComposites.java:765)
	at ptolemy.actor.util.CausalityInterfaceForComposites._computeInputDepth(CausalityInterfaceForComposites.java:696)
	at ptolemy.actor.util.CausalityInterfaceForComposites._computeActorDepth(CausalityInterfaceForComposites.java:532)
	at ptolemy.actor.util.CausalityInterfaceForComposites.checkForCycles(CausalityInterfaceForComposites.java:96)
	at ptolemy.domains.de.kernel.DEDirector.preinitialize(DEDirector.java:1338)
	at ptolemy.actor.CompositeActor.preinitialize(CompositeActor.java:1828)
	at ptolemy.actor.Manager.preinitializeAndResolveTypes(Manager.java:1040)
	at ptolemy.actor.Manager.initialize(Manager.java:710)
	at ptolemy.actor.Manager.execute(Manager.java:356)
	at ptolemy.actor.Manager.run(Manager.java:1263)
	at ptolemy.actor.Manager$PtolemyRunThread.run(Manager.java:1915)
java.lang.reflect.InvocationTargetException
	at java.base/jdk.internal.reflect.NativeConstructorAccessorImpl.newInstance0(Native Method)
	at java.base/jdk.internal.reflect.NativeConstructorAccessorImpl.newInstance(NativeConstructorAccessorImpl.java:62)
	at java.base/jdk.internal.reflect.DelegatingConstructorAccessorImpl.newInstance(DelegatingConstructorAccessorImpl.java:45)
	at java.base/java.lang.reflect.Constructor.newInstance(Constructor.java:488)
	at ptolemy.util.test.junit.AutoKnownFailedTests.RunModel(AutoKnownFailedTests.java:105)
	at java.base/jdk.internal.reflect.NativeMethodAccessorImpl.invoke0(Native Method)
	at java.base/jdk.internal.reflect.NativeMethodAccessorImpl.invoke(NativeMethodAccessorImpl.java:62)
	at java.base/jdk.internal.reflect.DelegatingMethodAccessorImpl.invoke(DelegatingMethodAccessorImpl.java:43)
	at java.base/java.lang.reflect.Method.invoke(Method.java:564)
	at org.junit.runners.model.FrameworkMethod$1.runReflectiveCall(FrameworkMethod.java:44)
	at org.junit.internal.runners.model.ReflectiveCallable.run(ReflectiveCallable.java:15)
	at org.junit.runners.model.FrameworkMethod.invokeExplosively(FrameworkMethod.java:41)
	at junitparams.internal.InvokeParameterisedMethod.evaluate(InvokeParameterisedMethod.java:102)
	at org.junit.internal.runners.statements.FailOnTimeout$1.run(FailOnTimeout.java:28)
Caused by: ptolemy.kernel.util.IllegalActionException: Found a zero delay loop containing .dependencyLoop.original
  in .dependencyLoop and .dependencyLoop.original
	at ptolemy.actor.util.CausalityInterfaceForComposites._computeOutputPortDepth(CausalityInterfaceForComposites.java:759)
	at ptolemy.actor.util.CausalityInterfaceForComposites._computeInputDepth(CausalityInterfaceForComposites.java:696)
	at ptolemy.actor.util.CausalityInterfaceForComposites._computeOutputPortDepth(CausalityInterfaceForComposites.java:765)
	at ptolemy.actor.util.CausalityInterfaceForComposites._computeInputDepth(CausalityInterfaceForComposites.java:696)
	at ptolemy.actor.util.CausalityInterfaceForComposites._computeOutputPortDepth(CausalityInterfaceForComposites.java:765)
	at ptolemy.actor.util.CausalityInterfaceForComposites._computeInputDepth(CausalityInterfaceForComposites.java:696)
	at ptolemy.actor.util.CausalityInterfaceForComposites._computeActorDepth(CausalityInterfaceForComposites.java:532)
	at ptolemy.actor.util.CausalityInterfaceForComposites.checkForCycles(CausalityInterfaceForComposites.java:96)
	at ptolemy.domains.de.kernel.DEDirector.preinitialize(DEDirector.java:1338)
	at ptolemy.actor.CompositeActor.preinitialize(CompositeActor.java:1828)
	at ptolemy.actor.Manager.preinitializeAndResolveTypes(Manager.java:1040)
	at ptolemy.actor.Manager.initialize(Manager.java:710)
	at ptolemy.actor.Manager.execute(Manager.java:356)
	at ptolemy.actor.Manager.run(Manager.java:1263)
	at ptolemy.actor.Manager$PtolemyRunThread.run(Manager.java:1915)
java.lang.RuntimeException: Execution failed
	at ptolemy.moml.MoMLSimpleApplication$UnloadThread.run(MoMLSimpleApplication.java:402)
Caused by: ptolemy.kernel.util.IllegalActionException: Found a zero delay loop containing .dependencyLoop2.original
  in .dependencyLoop2 and .dependencyLoop2.original
	at ptolemy.actor.util.CausalityInterfaceForComposites._computeOutputPortDepth(CausalityInterfaceForComposites.java:759)
	at ptolemy.actor.util.CausalityInterfaceForComposites._computeInputDepth(CausalityInterfaceForComposites.java:696)
	at ptolemy.actor.util.CausalityInterfaceForComposites._computeOutputPortDepth(CausalityInterfaceForComposites.java:765)
	at ptolemy.actor.util.CausalityInterfaceForComposites._computeInputDepth(CausalityInterfaceForComposites.java:696)
	at ptolemy.actor.util.CausalityInterfaceForComposites._computeOutputPortDepth(CausalityInterfaceForComposites.java:765)
	at ptolemy.actor.util.CausalityInterfaceForComposites._computeInputDepth(CausalityInterfaceForComposites.java:696)
	at ptolemy.actor.util.CausalityInterfaceForComposites._computeActorDepth(CausalityInterfaceForComposites.java:532)
	at ptolemy.actor.util.CausalityInterfaceForComposites.checkForCycles(CausalityInterfaceForComposites.java:96)
	at ptolemy.domains.de.kernel.DEDirector.preinitialize(DEDirector.java:1338)
	at ptolemy.actor.CompositeActor.preinitialize(CompositeActor.java:1828)
	at ptolemy.actor.Manager.preinitializeAndResolveTypes(Manager.java:1040)
	at ptolemy.actor.Manager.initialize(Manager.java:710)
	at ptolemy.actor.Manager.execute(Manager.java:356)
	at ptolemy.actor.Manager.run(Manager.java:1263)
	at ptolemy.actor.Manager$PtolemyRunThread.run(Manager.java:1915)
java.lang.reflect.InvocationTargetException
	at java.base/jdk.internal.reflect.NativeConstructorAccessorImpl.newInstance0(Native Method)
	at java.base/jdk.internal.reflect.NativeConstructorAccessorImpl.newInstance(NativeConstructorAccessorImpl.java:62)
	at java.base/jdk.internal.reflect.DelegatingConstructorAccessorImpl.newInstance(DelegatingConstructorAccessorImpl.java:45)
	at java.base/java.lang.reflect.Constructor.newInstance(Constructor.java:488)
	at ptolemy.util.test.junit.AutoKnownFailedTests.RunModel(AutoKnownFailedTests.java:105)
	at java.base/jdk.internal.reflect.NativeMethodAccessorImpl.invoke0(Native Method)
	at java.base/jdk.internal.reflect.NativeMethodAccessorImpl.invoke(NativeMethodAccessorImpl.java:62)
	at java.base/jdk.internal.reflect.DelegatingMethodAccessorImpl.invoke(DelegatingMethodAccessorImpl.java:43)
	at java.base/java.lang.reflect.Method.invoke(Method.java:564)
	at org.junit.runners.model.FrameworkMethod$1.runReflectiveCall(FrameworkMethod.java:44)
	at org.junit.internal.runners.model.ReflectiveCallable.run(ReflectiveCallable.java:15)
	at org.junit.runners.model.FrameworkMethod.invokeExplosively(FrameworkMethod.java:41)
	at junitparams.internal.InvokeParameterisedMethod.evaluate(InvokeParameterisedMethod.java:102)
	at org.junit.internal.runners.statements.FailOnTimeout$1.run(FailOnTimeout.java:28)
Caused by: ptolemy.kernel.util.IllegalActionException: Found a zero delay loop containing .dependencyLoop2.original
  in .dependencyLoop2 and .dependencyLoop2.original
	at ptolemy.actor.util.CausalityInterfaceForComposites._computeOutputPortDepth(CausalityInterfaceForComposites.java:759)
	at ptolemy.actor.util.CausalityInterfaceForComposites._computeInputDepth(CausalityInterfaceForComposites.java:696)
	at ptolemy.actor.util.CausalityInterfaceForComposites._computeOutputPortDepth(CausalityInterfaceForComposites.java:765)
	at ptolemy.actor.util.CausalityInterfaceForComposites._computeInputDepth(CausalityInterfaceForComposites.java:696)
	at ptolemy.actor.util.CausalityInterfaceForComposites._computeOutputPortDepth(CausalityInterfaceForComposites.java:765)
	at ptolemy.actor.util.CausalityInterfaceForComposites._computeInputDepth(CausalityInterfaceForComposites.java:696)
	at ptolemy.actor.util.CausalityInterfaceForComposites._computeActorDepth(CausalityInterfaceForComposites.java:532)
	at ptolemy.actor.util.CausalityInterfaceForComposites.checkForCycles(CausalityInterfaceForComposites.java:96)
	at ptolemy.domains.de.kernel.DEDirector.preinitialize(DEDirector.java:1338)
	at ptolemy.actor.CompositeActor.preinitialize(CompositeActor.java:1828)
	at ptolemy.actor.Manager.preinitializeAndResolveTypes(Manager.java:1040)
	at ptolemy.actor.Manager.initialize(Manager.java:710)
	at ptolemy.actor.Manager.execute(Manager.java:356)
	at ptolemy.actor.Manager.run(Manager.java:1263)
	at ptolemy.actor.Manager$PtolemyRunThread.run(Manager.java:1915)
]]></system-err>
</testsuite>
