<?xml version="1.0" encoding="UTF-8" ?>
<testsuite errors="0" failures="0" hostname="travis-job-24cae712-7dca-47c9-ae44-647d6dfafcd5" name="ptolemy.actor.lib.hoc.test.junit.JUnitTclTest" skipped="0" tests="58" time="31.956" timestamp="2019-09-20T05:44:04">
  <properties>
[...]
</properties>
  <testcase classname="ptolemy.util.test.junit.TclTests" name="[0] /home/travis/build/icyphy/ptII/ptolemy/actor/lib/hoc/test/IterateOverArray.tcl (RunTclFile)" time="0.279" />
  <testcase classname="ptolemy.util.test.junit.AutoKnownFailedTests" name="[0] /home/travis/build/icyphy/ptII/ptolemy/actor/lib/hoc/test/auto/knownFailedTests/PreinitializeMustBeInvokedRunComposite.xml (RunModel)" time="0.421" />
  <testcase classname="ptolemy.util.test.junit.AutoNameArchTests" name="[0] ThereAreNoAutoArchTests (RunModel)" time="0.001" />
  <testcase classname="ptolemy.util.test.junit.AutoTests" name="[0] /home/travis/build/icyphy/ptII/ptolemy/actor/lib/hoc/test/auto/AllToAllMultiInstanceComposite.xml (RunModel)" time="0.372" />
  <testcase classname="ptolemy.util.test.junit.AutoTests" name="[1] /home/travis/build/icyphy/ptII/ptolemy/actor/lib/hoc/test/auto/ApplyFFTTest.xml (RunModel)" time="0.446" />
  <testcase classname="ptolemy.util.test.junit.AutoTests" name="[2] /home/travis/build/icyphy/ptII/ptolemy/actor/lib/hoc/test/auto/ApplyFunction.xml (RunModel)" time="0.05" />
  <testcase classname="ptolemy.util.test.junit.AutoTests" name="[3] /home/travis/build/icyphy/ptII/ptolemy/actor/lib/hoc/test/auto/BackgroundExecution.xml (RunModel)" time="0.722" />
  <testcase classname="ptolemy.util.test.junit.AutoTests" name="[4] /home/travis/build/icyphy/ptII/ptolemy/actor/lib/hoc/test/auto/Case.xml (RunModel)" time="0.083" />
  <testcase classname="ptolemy.util.test.junit.AutoTests" name="[5] /home/travis/build/icyphy/ptII/ptolemy/actor/lib/hoc/test/auto/Case1.xml (RunModel)" time="0.068" />
  <testcase classname="ptolemy.util.test.junit.AutoTests" name="[6] /home/travis/build/icyphy/ptII/ptolemy/actor/lib/hoc/test/auto/Case2.xml (RunModel)" time="0.135" />
  <testcase classname="ptolemy.util.test.junit.AutoTests" name="[7] /home/travis/build/icyphy/ptII/ptolemy/actor/lib/hoc/test/auto/Case3.xml (RunModel)" time="0.068" />
  <testcase classname="ptolemy.util.test.junit.AutoTests" name="[8] /home/travis/build/icyphy/ptII/ptolemy/actor/lib/hoc/test/auto/Case4.xml (RunModel)" time="0.073" />
  <testcase classname="ptolemy.util.test.junit.AutoTests" name="[9] /home/travis/build/icyphy/ptII/ptolemy/actor/lib/hoc/test/auto/Case5.xml (RunModel)" time="0.079" />
  <testcase classname="ptolemy.util.test.junit.AutoTests" name="[10] /home/travis/build/icyphy/ptII/ptolemy/actor/lib/hoc/test/auto/Case6.xml (RunModel)" time="0.071" />
  <testcase classname="ptolemy.util.test.junit.AutoTests" name="[11] /home/travis/build/icyphy/ptII/ptolemy/actor/lib/hoc/test/auto/CaseString2.xml (RunModel)" time="0.058" />
  <testcase classname="ptolemy.util.test.junit.AutoTests" name="[12] /home/travis/build/icyphy/ptII/ptolemy/actor/lib/hoc/test/auto/CatchUpComposite1.xml (RunModel)" time="0.1" />
  <testcase classname="ptolemy.util.test.junit.AutoTests" name="[13] /home/travis/build/icyphy/ptII/ptolemy/actor/lib/hoc/test/auto/CatchUpComposite2.xml (RunModel)" time="0.085" />
  <testcase classname="ptolemy.util.test.junit.AutoTests" name="[14] /home/travis/build/icyphy/ptII/ptolemy/actor/lib/hoc/test/auto/CatchUpComposite3.xml (RunModel)" time="0.087" />
  <testcase classname="ptolemy.util.test.junit.AutoTests" name="[15] /home/travis/build/icyphy/ptII/ptolemy/actor/lib/hoc/test/auto/CatchUpComposite4.xml (RunModel)" time="0.045" />
  <testcase classname="ptolemy.util.test.junit.AutoTests" name="[16] /home/travis/build/icyphy/ptII/ptolemy/actor/lib/hoc/test/auto/CatchUpComposite5.xml (RunModel)" time="0.031" />
  <testcase classname="ptolemy.util.test.junit.AutoTests" name="[17] /home/travis/build/icyphy/ptII/ptolemy/actor/lib/hoc/test/auto/CatchUpComposite6.xml (RunModel)" time="0.112" />
  <testcase classname="ptolemy.util.test.junit.AutoTests" name="[18] /home/travis/build/icyphy/ptII/ptolemy/actor/lib/hoc/test/auto/CatchUpComposite7.xml (RunModel)" time="0.101" />
  <testcase classname="ptolemy.util.test.junit.AutoTests" name="[19] /home/travis/build/icyphy/ptII/ptolemy/actor/lib/hoc/test/auto/ConcurrentExecutionTimeSDF.xml (RunModel)" time="0.87" />
  <testcase classname="ptolemy.util.test.junit.AutoTests" name="[20] /home/travis/build/icyphy/ptII/ptolemy/actor/lib/hoc/test/auto/ConcurrentSleep.xml (RunModel)" time="0.768" />
  <testcase classname="ptolemy.util.test.junit.AutoTests" name="[21] /home/travis/build/icyphy/ptII/ptolemy/actor/lib/hoc/test/auto/DEInPNInRunCompositeActor.xml (RunModel)" time="0.03" />
  <testcase classname="ptolemy.util.test.junit.AutoTests" name="[22] /home/travis/build/icyphy/ptII/ptolemy/actor/lib/hoc/test/auto/DFTSubSetTest.xml (RunModel)" time="0.304" />
  <testcase classname="ptolemy.util.test.junit.AutoTests" name="[23] /home/travis/build/icyphy/ptII/ptolemy/actor/lib/hoc/test/auto/HocDE.xml (RunModel)" time="0.203" />
  <testcase classname="ptolemy.util.test.junit.AutoTests" name="[24] /home/travis/build/icyphy/ptII/ptolemy/actor/lib/hoc/test/auto/IterateOverArray.xml (RunModel)" time="0.033" />
  <testcase classname="ptolemy.util.test.junit.AutoTests" name="[25] /home/travis/build/icyphy/ptII/ptolemy/actor/lib/hoc/test/auto/IterateOverArray10.xml (RunModel)" time="0.022" />
  <testcase classname="ptolemy.util.test.junit.AutoTests" name="[26] /home/travis/build/icyphy/ptII/ptolemy/actor/lib/hoc/test/auto/IterateOverArray11.xml (RunModel)" time="0.024" />
  <testcase classname="ptolemy.util.test.junit.AutoTests" name="[27] /home/travis/build/icyphy/ptII/ptolemy/actor/lib/hoc/test/auto/IterateOverArray12.xml (RunModel)" time="0.024" />
  <testcase classname="ptolemy.util.test.junit.AutoTests" name="[28] /home/travis/build/icyphy/ptII/ptolemy/actor/lib/hoc/test/auto/IterateOverArray13.xml (RunModel)" time="0.124" />
  <testcase classname="ptolemy.util.test.junit.AutoTests" name="[29] /home/travis/build/icyphy/ptII/ptolemy/actor/lib/hoc/test/auto/IterateOverArray14.xml (RunModel)" time="0.139" />
  <testcase classname="ptolemy.util.test.junit.AutoTests" name="[30] /home/travis/build/icyphy/ptII/ptolemy/actor/lib/hoc/test/auto/IterateOverArray2.xml (RunModel)" time="0.026" />
  <testcase classname="ptolemy.util.test.junit.AutoTests" name="[31] /home/travis/build/icyphy/ptII/ptolemy/actor/lib/hoc/test/auto/IterateOverArray3.xml (RunModel)" time="0.046" />
  <testcase classname="ptolemy.util.test.junit.AutoTests" name="[32] /home/travis/build/icyphy/ptII/ptolemy/actor/lib/hoc/test/auto/IterateOverArray4.xml (RunModel)" time="0.032" />
  <testcase classname="ptolemy.util.test.junit.AutoTests" name="[33] /home/travis/build/icyphy/ptII/ptolemy/actor/lib/hoc/test/auto/IterateOverArray5.xml (RunModel)" time="0.018" />
  <testcase classname="ptolemy.util.test.junit.AutoTests" name="[34] /home/travis/build/icyphy/ptII/ptolemy/actor/lib/hoc/test/auto/IterateOverArray6.xml (RunModel)" time="0.024" />
  <testcase classname="ptolemy.util.test.junit.AutoTests" name="[35] /home/travis/build/icyphy/ptII/ptolemy/actor/lib/hoc/test/auto/IterateOverArray7.xml (RunModel)" time="0.019" />
  <testcase classname="ptolemy.util.test.junit.AutoTests" name="[36] /home/travis/build/icyphy/ptII/ptolemy/actor/lib/hoc/test/auto/IterateOverArray8.xml (RunModel)" time="0.021" />
  <testcase classname="ptolemy.util.test.junit.AutoTests" name="[37] /home/travis/build/icyphy/ptII/ptolemy/actor/lib/hoc/test/auto/IterateOverArray9.xml (RunModel)" time="0.021" />
  <testcase classname="ptolemy.util.test.junit.AutoTests" name="[38] /home/travis/build/icyphy/ptII/ptolemy/actor/lib/hoc/test/auto/IterateOverArrayCoercedOutputType.xml (RunModel)" time="0.047" />
  <testcase classname="ptolemy.util.test.junit.AutoTests" name="[39] /home/travis/build/icyphy/ptII/ptolemy/actor/lib/hoc/test/auto/IterateOverArrayInferredOutputType.xml (RunModel)" time="0.033" />
  <testcase classname="ptolemy.util.test.junit.AutoTests" name="[40] /home/travis/build/icyphy/ptII/ptolemy/actor/lib/hoc/test/auto/MobileFunctionTest.xml (RunModel)" time="0.044" />
  <testcase classname="ptolemy.util.test.junit.AutoTests" name="[41] /home/travis/build/icyphy/ptII/ptolemy/actor/lib/hoc/test/auto/MobileModelTest.xml (RunModel)" time="0.167" />
  <testcase classname="ptolemy.util.test.junit.AutoTests" name="[42] /home/travis/build/icyphy/ptII/ptolemy/actor/lib/hoc/test/auto/ModelReference.xml (RunModel)" time="0.068" />
  <testcase classname="ptolemy.util.test.junit.AutoTests" name="[43] /home/travis/build/icyphy/ptII/ptolemy/actor/lib/hoc/test/auto/ModelReference3.xml (RunModel)" time="0.043" />
  <testcase classname="ptolemy.util.test.junit.AutoTests" name="[44] /home/travis/build/icyphy/ptII/ptolemy/actor/lib/hoc/test/auto/ModelReference4.xml (RunModel)" time="10.032" />
  <testcase classname="ptolemy.util.test.junit.AutoTests" name="[45] /home/travis/build/icyphy/ptII/ptolemy/actor/lib/hoc/test/auto/MultiInstanceComposite.xml (RunModel)" time="0.053" />
  <testcase classname="ptolemy.util.test.junit.AutoTests" name="[46] /home/travis/build/icyphy/ptII/ptolemy/actor/lib/hoc/test/auto/MultiInstanceComposite2.xml (RunModel)" time="0.041" />
  <testcase classname="ptolemy.util.test.junit.AutoTests" name="[47] /home/travis/build/icyphy/ptII/ptolemy/actor/lib/hoc/test/auto/MulticoreExecution.xml (RunModel)" time="1.074" />
  <testcase classname="ptolemy.util.test.junit.AutoTests" name="[48] /home/travis/build/icyphy/ptII/ptolemy/actor/lib/hoc/test/auto/ParallelExecution.xml (RunModel)" time="0.952" />
  <testcase classname="ptolemy.util.test.junit.AutoTests" name="[49] /home/travis/build/icyphy/ptII/ptolemy/actor/lib/hoc/test/auto/RunCompositeActor.xml (RunModel)" time="0.02" />
  <testcase classname="ptolemy.util.test.junit.AutoTests" name="[50] /home/travis/build/icyphy/ptII/ptolemy/actor/lib/hoc/test/auto/RunCompositeActor2.xml (RunModel)" time="0.022" />
  <testcase classname="ptolemy.util.test.junit.AutoTests" name="[51] /home/travis/build/icyphy/ptII/ptolemy/actor/lib/hoc/test/auto/RunCompositeActor3.xml (RunModel)" time="0.019" />
  <testcase classname="ptolemy.util.test.junit.AutoTests" name="[52] /home/travis/build/icyphy/ptII/ptolemy/actor/lib/hoc/test/auto/RunCompositeActor4.xml (RunModel)" time="0.025" />
  <testcase classname="ptolemy.util.test.junit.AutoTests" name="[53] /home/travis/build/icyphy/ptII/ptolemy/actor/lib/hoc/test/auto/RunCompositeIterateOverArray.xml (RunModel)" time="0.044" />
  <testcase classname="ptolemy.util.test.junit.AutoTests" name="[54] /home/travis/build/icyphy/ptII/ptolemy/actor/lib/hoc/test/auto/ThreadedJS.xml (RunModel)" time="12.392" />
  <system-out><![CDATA[/home/travis/build/icyphy/ptII/ptolemy/actor/lib/hoc/test/IterateOverArray.tcl
testDefs.tcl: setting time out to 9000 seconds at Fri Sep 20 05:44:05 UTC 2019
09/20/19 05:44:05
Failed: 0  Total Tests: 2  ((Passed: 2, Newly Passed: 0)  Known Failed: 0) /home/travis/build/icyphy/ptII/ptolemy/actor/lib/hoc/test
----------------- testing (KnownFailure) /home/travis/build/icyphy/ptII/ptolemy/actor/lib/hoc/test/auto/knownFailedTests/PreinitializeMustBeInvokedRunComposite.xml
76 ms. Memory: 120832K Free: 79816K (66%)
Known Failure: java.lang.reflect.InvocationTargetException
No auto/linux-amd64/*.xml tests in /home/travis/build/icyphy/ptII/ptolemy/actor/lib/hoc/test
AutoTests.java: About to close Vertx.
AutoTests.java: Vertx closed.

===========================================================================================
----------------- testing Fri Sep 20 05:44:06 UTC 2019 /home/travis/build/icyphy/ptII/ptolemy/actor/lib/hoc/test/auto/AllToAllMultiInstanceComposite.xml
----------------- Instantiating /home/travis/build/icyphy/ptII/ptolemy/actor/lib/hoc/test/auto/AllToAllMultiInstanceComposite.xml
190 ms. Memory: 120832K Free: 98551K (82%)
----------------- Invoking toplevel() on ptolemy.moml.MoMLSimpleApplication@10db3e0f
----------------- Done invoking toplevel() on ptolemy.moml.MoMLSimpleApplication@10db3e0f
reloadAllAccessors: .AllToAllMultiInstanceComposite

===========================================================================================
----------------- testing Fri Sep 20 05:44:06 UTC 2019 /home/travis/build/icyphy/ptII/ptolemy/actor/lib/hoc/test/auto/ApplyFFTTest.xml
----------------- Instantiating /home/travis/build/icyphy/ptII/ptolemy/actor/lib/hoc/test/auto/ApplyFFTTest.xml
185 ms. Memory: 120832K Free: 79560K (66%)
----------------- Invoking toplevel() on ptolemy.moml.MoMLSimpleApplication@55b75e61
----------------- Done invoking toplevel() on ptolemy.moml.MoMLSimpleApplication@55b75e61
reloadAllAccessors: .ApplyFFTTest

===========================================================================================
----------------- testing Fri Sep 20 05:44:06 UTC 2019 /home/travis/build/icyphy/ptII/ptolemy/actor/lib/hoc/test/auto/ApplyFunction.xml
----------------- Instantiating /home/travis/build/icyphy/ptII/ptolemy/actor/lib/hoc/test/auto/ApplyFunction.xml
4 ms. Memory: 120832K Free: 105999K (88%)
----------------- Invoking toplevel() on ptolemy.moml.MoMLSimpleApplication@27bf9af6
----------------- Done invoking toplevel() on ptolemy.moml.MoMLSimpleApplication@27bf9af6
reloadAllAccessors: .ApplyFunction

===========================================================================================
----------------- testing Fri Sep 20 05:44:06 UTC 2019 /home/travis/build/icyphy/ptII/ptolemy/actor/lib/hoc/test/auto/BackgroundExecution.xml
----------------- Instantiating /home/travis/build/icyphy/ptII/ptolemy/actor/lib/hoc/test/auto/BackgroundExecution.xml
641 ms. Memory: 120832K Free: 98379K (81%)
----------------- Invoking toplevel() on ptolemy.moml.MoMLSimpleApplication@6dcccb9e
----------------- Done invoking toplevel() on ptolemy.moml.MoMLSimpleApplication@6dcccb9e
reloadAllAccessors: .BackgroundExecution

===========================================================================================
----------------- testing Fri Sep 20 05:44:07 UTC 2019 /home/travis/build/icyphy/ptII/ptolemy/actor/lib/hoc/test/auto/Case.xml
----------------- Instantiating /home/travis/build/icyphy/ptII/ptolemy/actor/lib/hoc/test/auto/Case.xml
33 ms. Memory: 120832K Free: 91410K (76%)
----------------- Invoking toplevel() on ptolemy.moml.MoMLSimpleApplication@3121add
----------------- Done invoking toplevel() on ptolemy.moml.MoMLSimpleApplication@3121add
reloadAllAccessors: .Case

===========================================================================================
----------------- testing Fri Sep 20 05:44:07 UTC 2019 /home/travis/build/icyphy/ptII/ptolemy/actor/lib/hoc/test/auto/Case1.xml
----------------- Instantiating /home/travis/build/icyphy/ptII/ptolemy/actor/lib/hoc/test/auto/Case1.xml
14 ms. Memory: 120832K Free: 84750K (70%)
----------------- Invoking toplevel() on ptolemy.moml.MoMLSimpleApplication@45870af9
----------------- Done invoking toplevel() on ptolemy.moml.MoMLSimpleApplication@45870af9
reloadAllAccessors: .Case1

===========================================================================================
----------------- testing Fri Sep 20 05:44:07 UTC 2019 /home/travis/build/icyphy/ptII/ptolemy/actor/lib/hoc/test/auto/Case2.xml
----------------- Instantiating /home/travis/build/icyphy/ptII/ptolemy/actor/lib/hoc/test/auto/Case2.xml
56 ms. Memory: 120832K Free: 74889K (62%)
----------------- Invoking toplevel() on ptolemy.moml.MoMLSimpleApplication@4c686870
----------------- Done invoking toplevel() on ptolemy.moml.MoMLSimpleApplication@4c686870
reloadAllAccessors: .Case2

===========================================================================================
----------------- testing Fri Sep 20 05:44:07 UTC 2019 /home/travis/build/icyphy/ptII/ptolemy/actor/lib/hoc/test/auto/Case3.xml
----------------- Instantiating /home/travis/build/icyphy/ptII/ptolemy/actor/lib/hoc/test/auto/Case3.xml
19 ms. Memory: 120832K Free: 68583K (57%)
----------------- Invoking toplevel() on ptolemy.moml.MoMLSimpleApplication@45c0a23e
----------------- Done invoking toplevel() on ptolemy.moml.MoMLSimpleApplication@45c0a23e
reloadAllAccessors: .Case3

===========================================================================================
----------------- testing Fri Sep 20 05:44:08 UTC 2019 /home/travis/build/icyphy/ptII/ptolemy/actor/lib/hoc/test/auto/Case4.xml
----------------- Instantiating /home/travis/build/icyphy/ptII/ptolemy/actor/lib/hoc/test/auto/Case4.xml
21 ms. Memory: 120832K Free: 103981K (86%)
----------------- Invoking toplevel() on ptolemy.moml.MoMLSimpleApplication@5c7c79c5
----------------- Done invoking toplevel() on ptolemy.moml.MoMLSimpleApplication@5c7c79c5
reloadAllAccessors: .Case4

===========================================================================================
----------------- testing Fri Sep 20 05:44:08 UTC 2019 /home/travis/build/icyphy/ptII/ptolemy/actor/lib/hoc/test/auto/Case5.xml
----------------- Instantiating /home/travis/build/icyphy/ptII/ptolemy/actor/lib/hoc/test/auto/Case5.xml
49 ms. Memory: 120832K Free: 97202K (80%)
----------------- Invoking toplevel() on ptolemy.moml.MoMLSimpleApplication@7b10cfe9
----------------- Done invoking toplevel() on ptolemy.moml.MoMLSimpleApplication@7b10cfe9
reloadAllAccessors: .junk

===========================================================================================
----------------- testing Fri Sep 20 05:44:08 UTC 2019 /home/travis/build/icyphy/ptII/ptolemy/actor/lib/hoc/test/auto/Case6.xml
----------------- Instantiating /home/travis/build/icyphy/ptII/ptolemy/actor/lib/hoc/test/auto/Case6.xml
23 ms. Memory: 120832K Free: 85239K (71%)
----------------- Invoking toplevel() on ptolemy.moml.MoMLSimpleApplication@3943e085
----------------- Done invoking toplevel() on ptolemy.moml.MoMLSimpleApplication@3943e085
reloadAllAccessors: .Case6

===========================================================================================
----------------- testing Fri Sep 20 05:44:08 UTC 2019 /home/travis/build/icyphy/ptII/ptolemy/actor/lib/hoc/test/auto/CaseString2.xml
----------------- Instantiating /home/travis/build/icyphy/ptII/ptolemy/actor/lib/hoc/test/auto/CaseString2.xml
20 ms. Memory: 120832K Free: 77746K (64%)
----------------- Invoking toplevel() on ptolemy.moml.MoMLSimpleApplication@6f5ea478
----------------- Done invoking toplevel() on ptolemy.moml.MoMLSimpleApplication@6f5ea478
reloadAllAccessors: .CaseString2

===========================================================================================
----------------- testing Fri Sep 20 05:44:08 UTC 2019 /home/travis/build/icyphy/ptII/ptolemy/actor/lib/hoc/test/auto/CatchUpComposite1.xml
----------------- Instantiating /home/travis/build/icyphy/ptII/ptolemy/actor/lib/hoc/test/auto/CatchUpComposite1.xml
39 ms. Memory: 120832K Free: 68530K (57%)
----------------- Invoking toplevel() on ptolemy.moml.MoMLSimpleApplication@6a402366
----------------- Done invoking toplevel() on ptolemy.moml.MoMLSimpleApplication@6a402366
reloadAllAccessors: .CatchUpComposite1

===========================================================================================
----------------- testing Fri Sep 20 05:44:08 UTC 2019 /home/travis/build/icyphy/ptII/ptolemy/actor/lib/hoc/test/auto/CatchUpComposite2.xml
----------------- Instantiating /home/travis/build/icyphy/ptII/ptolemy/actor/lib/hoc/test/auto/CatchUpComposite2.xml
15 ms. Memory: 120832K Free: 60338K (50%)
----------------- Invoking toplevel() on ptolemy.moml.MoMLSimpleApplication@290807ac
----------------- Done invoking toplevel() on ptolemy.moml.MoMLSimpleApplication@290807ac
reloadAllAccessors: .CatchUpComposite2

===========================================================================================
----------------- testing Fri Sep 20 05:44:08 UTC 2019 /home/travis/build/icyphy/ptII/ptolemy/actor/lib/hoc/test/auto/CatchUpComposite3.xml
----------------- Instantiating /home/travis/build/icyphy/ptII/ptolemy/actor/lib/hoc/test/auto/CatchUpComposite3.xml
27 ms. Memory: 120832K Free: 103402K (86%)
----------------- Invoking toplevel() on ptolemy.moml.MoMLSimpleApplication@2e439b16
----------------- Done invoking toplevel() on ptolemy.moml.MoMLSimpleApplication@2e439b16
reloadAllAccessors: .CatchUpComposite3

===========================================================================================
----------------- testing Fri Sep 20 05:44:08 UTC 2019 /home/travis/build/icyphy/ptII/ptolemy/actor/lib/hoc/test/auto/CatchUpComposite4.xml
----------------- Instantiating /home/travis/build/icyphy/ptII/ptolemy/actor/lib/hoc/test/auto/CatchUpComposite4.xml
10 ms. Memory: 120832K Free: 95563K (79%)
----------------- Invoking toplevel() on ptolemy.moml.MoMLSimpleApplication@78819a17
----------------- Done invoking toplevel() on ptolemy.moml.MoMLSimpleApplication@78819a17
reloadAllAccessors: .CatchUpComposite4

===========================================================================================
----------------- testing Fri Sep 20 05:44:08 UTC 2019 /home/travis/build/icyphy/ptII/ptolemy/actor/lib/hoc/test/auto/CatchUpComposite5.xml
----------------- Instantiating /home/travis/build/icyphy/ptII/ptolemy/actor/lib/hoc/test/auto/CatchUpComposite5.xml
7 ms. Memory: 120832K Free: 88027K (73%)
----------------- Invoking toplevel() on ptolemy.moml.MoMLSimpleApplication@23561eb2
----------------- Done invoking toplevel() on ptolemy.moml.MoMLSimpleApplication@23561eb2
reloadAllAccessors: .CatchUpComposite5

===========================================================================================
----------------- testing Fri Sep 20 05:44:08 UTC 2019 /home/travis/build/icyphy/ptII/ptolemy/actor/lib/hoc/test/auto/CatchUpComposite6.xml
----------------- Instantiating /home/travis/build/icyphy/ptII/ptolemy/actor/lib/hoc/test/auto/CatchUpComposite6.xml
WARNING: The execution aspects in this model can influence the timing of actors by delaying the 
execution, potentially changing the behavior. There is no guarantee that actors fire at the 
time they request to be fired. 
Use Ptides for deterministic DE behavior that is not influenced by execution aspects. 

53 ms. Memory: 120832K Free: 73073K (60%)
----------------- Invoking toplevel() on ptolemy.moml.MoMLSimpleApplication@465f5890
----------------- Done invoking toplevel() on ptolemy.moml.MoMLSimpleApplication@465f5890
reloadAllAccessors: .CatchUpComposite6

===========================================================================================
----------------- testing Fri Sep 20 05:44:08 UTC 2019 /home/travis/build/icyphy/ptII/ptolemy/actor/lib/hoc/test/auto/CatchUpComposite7.xml
----------------- Instantiating /home/travis/build/icyphy/ptII/ptolemy/actor/lib/hoc/test/auto/CatchUpComposite7.xml
WARNING: The execution aspects in this model can influence the timing of actors by delaying the 
execution, potentially changing the behavior. There is no guarantee that actors fire at the 
time they request to be fired. 
Use Ptides for deterministic DE behavior that is not influenced by execution aspects. 

47 ms. Memory: 120832K Free: 59385K (49%)
----------------- Invoking toplevel() on ptolemy.moml.MoMLSimpleApplication@5d551966
----------------- Done invoking toplevel() on ptolemy.moml.MoMLSimpleApplication@5d551966
reloadAllAccessors: .CatchUpComposite7

===========================================================================================
----------------- testing Fri Sep 20 05:44:08 UTC 2019 /home/travis/build/icyphy/ptII/ptolemy/actor/lib/hoc/test/auto/ConcurrentExecutionTimeSDF.xml
----------------- Instantiating /home/travis/build/icyphy/ptII/ptolemy/actor/lib/hoc/test/auto/ConcurrentExecutionTimeSDF.xml
Fired ExecutionTime: 40400000
Fired ExecutionTime: 40400000
Fired ExecutionTime: 40400000
Fired ExecutionTime: 40400000
Fired ExecutionTime: 40400000
Fired ExecutionTime: 40400000
Fired ExecutionTime: 40400000
Fired ExecutionTime: 40400000
Fired ExecutionTime: 40400000
Fired ExecutionTime: 40400000
Fired ExecutionTime: 40400000
Fired ExecutionTime: 40400000
Fired ExecutionTime: 40400000
Fired ExecutionTime: 40400000
Fired ExecutionTime: 40400000
Fired ExecutionTime: 40400000
Fired ExecutionTime: 40400000
Fired ExecutionTime: 40400000
Fired ExecutionTime: 40400000
Fired ExecutionTime: 40400000
843 ms. Memory: 120832K Free: 52593K (44%)
----------------- Invoking toplevel() on ptolemy.moml.MoMLSimpleApplication@605cd20
----------------- Done invoking toplevel() on ptolemy.moml.MoMLSimpleApplication@605cd20
reloadAllAccessors: .ConcurrentExecutionTimeSDF

===========================================================================================
----------------- testing Fri Sep 20 05:44:09 UTC 2019 /home/travis/build/icyphy/ptII/ptolemy/actor/lib/hoc/test/auto/ConcurrentSleep.xml
----------------- Instantiating /home/travis/build/icyphy/ptII/ptolemy/actor/lib/hoc/test/auto/ConcurrentSleep.xml
726 ms. Memory: 120832K Free: 98403K (81%)
----------------- Invoking toplevel() on ptolemy.moml.MoMLSimpleApplication@5c6b2b26
----------------- Done invoking toplevel() on ptolemy.moml.MoMLSimpleApplication@5c6b2b26
reloadAllAccessors: .ConcurrentSleep

===========================================================================================
----------------- testing Fri Sep 20 05:44:10 UTC 2019 /home/travis/build/icyphy/ptII/ptolemy/actor/lib/hoc/test/auto/DEInPNInRunCompositeActor.xml
----------------- Instantiating /home/travis/build/icyphy/ptII/ptolemy/actor/lib/hoc/test/auto/DEInPNInRunCompositeActor.xml
11 ms. Memory: 120832K Free: 92778K (77%)
----------------- Invoking toplevel() on ptolemy.moml.MoMLSimpleApplication@7d42ca3c
----------------- Done invoking toplevel() on ptolemy.moml.MoMLSimpleApplication@7d42ca3c
reloadAllAccessors: .DEInPNInRunCompositeActor

===========================================================================================
----------------- testing Fri Sep 20 05:44:10 UTC 2019 /home/travis/build/icyphy/ptII/ptolemy/actor/lib/hoc/test/auto/DFTSubSetTest.xml
----------------- Instantiating /home/travis/build/icyphy/ptII/ptolemy/actor/lib/hoc/test/auto/DFTSubSetTest.xml
223 ms. Memory: 120832K Free: 49864K (41%)
----------------- Invoking toplevel() on ptolemy.moml.MoMLSimpleApplication@c20754e
----------------- Done invoking toplevel() on ptolemy.moml.MoMLSimpleApplication@c20754e
reloadAllAccessors: .DFTSubSetTest

===========================================================================================
----------------- testing Fri Sep 20 05:44:10 UTC 2019 /home/travis/build/icyphy/ptII/ptolemy/actor/lib/hoc/test/auto/HocDE.xml
----------------- Instantiating /home/travis/build/icyphy/ptII/ptolemy/actor/lib/hoc/test/auto/HocDE.xml
153 ms. Memory: 120832K Free: 94239K (78%)
----------------- Invoking toplevel() on ptolemy.moml.MoMLSimpleApplication@36e9e7c1
----------------- Done invoking toplevel() on ptolemy.moml.MoMLSimpleApplication@36e9e7c1
reloadAllAccessors: .HocDE

===========================================================================================
----------------- testing Fri Sep 20 05:44:11 UTC 2019 /home/travis/build/icyphy/ptII/ptolemy/actor/lib/hoc/test/auto/IterateOverArray.xml
----------------- Instantiating /home/travis/build/icyphy/ptII/ptolemy/actor/lib/hoc/test/auto/IterateOverArray.xml
5 ms. Memory: 120832K Free: 89481K (74%)
----------------- Invoking toplevel() on ptolemy.moml.MoMLSimpleApplication@2e18cbe1
----------------- Done invoking toplevel() on ptolemy.moml.MoMLSimpleApplication@2e18cbe1
reloadAllAccessors: .IterateOverArray

===========================================================================================
----------------- testing Fri Sep 20 05:44:11 UTC 2019 /home/travis/build/icyphy/ptII/ptolemy/actor/lib/hoc/test/auto/IterateOverArray10.xml
----------------- Instantiating /home/travis/build/icyphy/ptII/ptolemy/actor/lib/hoc/test/auto/IterateOverArray10.xml
4 ms. Memory: 120832K Free: 86401K (72%)
----------------- Invoking toplevel() on ptolemy.moml.MoMLSimpleApplication@1abab573
----------------- Done invoking toplevel() on ptolemy.moml.MoMLSimpleApplication@1abab573
reloadAllAccessors: .IterateOverArray10

===========================================================================================
----------------- testing Fri Sep 20 05:44:11 UTC 2019 /home/travis/build/icyphy/ptII/ptolemy/actor/lib/hoc/test/auto/IterateOverArray11.xml
----------------- Instantiating /home/travis/build/icyphy/ptII/ptolemy/actor/lib/hoc/test/auto/IterateOverArray11.xml
5 ms. Memory: 120832K Free: 82335K (68%)
----------------- Invoking toplevel() on ptolemy.moml.MoMLSimpleApplication@7eccbd9
----------------- Done invoking toplevel() on ptolemy.moml.MoMLSimpleApplication@7eccbd9
reloadAllAccessors: .IterateOverArray11

===========================================================================================
----------------- testing Fri Sep 20 05:44:11 UTC 2019 /home/travis/build/icyphy/ptII/ptolemy/actor/lib/hoc/test/auto/IterateOverArray12.xml
----------------- Instantiating /home/travis/build/icyphy/ptII/ptolemy/actor/lib/hoc/test/auto/IterateOverArray12.xml
11 ms. Memory: 120832K Free: 76161K (63%)
----------------- Invoking toplevel() on ptolemy.moml.MoMLSimpleApplication@3be581dc
----------------- Done invoking toplevel() on ptolemy.moml.MoMLSimpleApplication@3be581dc
reloadAllAccessors: .IterateOverArray12

===========================================================================================
----------------- testing Fri Sep 20 05:44:11 UTC 2019 /home/travis/build/icyphy/ptII/ptolemy/actor/lib/hoc/test/auto/IterateOverArray13.xml
----------------- Instantiating /home/travis/build/icyphy/ptII/ptolemy/actor/lib/hoc/test/auto/IterateOverArray13.xml
54 ms. Memory: 120832K Free: 46959K (39%)
----------------- Invoking toplevel() on ptolemy.moml.MoMLSimpleApplication@692a9fef
----------------- Done invoking toplevel() on ptolemy.moml.MoMLSimpleApplication@692a9fef
reloadAllAccessors: .IterateOverArray13

===========================================================================================
----------------- testing Fri Sep 20 05:44:11 UTC 2019 /home/travis/build/icyphy/ptII/ptolemy/actor/lib/hoc/test/auto/IterateOverArray14.xml
----------------- Instantiating /home/travis/build/icyphy/ptII/ptolemy/actor/lib/hoc/test/auto/IterateOverArray14.xml
54 ms. Memory: 120832K Free: 82856K (69%)
----------------- Invoking toplevel() on ptolemy.moml.MoMLSimpleApplication@765493fb
----------------- Done invoking toplevel() on ptolemy.moml.MoMLSimpleApplication@765493fb
reloadAllAccessors: .IterateOverArray14

===========================================================================================
----------------- testing Fri Sep 20 05:44:11 UTC 2019 /home/travis/build/icyphy/ptII/ptolemy/actor/lib/hoc/test/auto/IterateOverArray2.xml
----------------- Instantiating /home/travis/build/icyphy/ptII/ptolemy/actor/lib/hoc/test/auto/IterateOverArray2.xml
4 ms. Memory: 120832K Free: 78273K (65%)
----------------- Invoking toplevel() on ptolemy.moml.MoMLSimpleApplication@1282517
----------------- Done invoking toplevel() on ptolemy.moml.MoMLSimpleApplication@1282517
reloadAllAccessors: .IterateOverArray2

===========================================================================================
----------------- testing Fri Sep 20 05:44:11 UTC 2019 /home/travis/build/icyphy/ptII/ptolemy/actor/lib/hoc/test/auto/IterateOverArray3.xml
----------------- Instantiating /home/travis/build/icyphy/ptII/ptolemy/actor/lib/hoc/test/auto/IterateOverArray3.xml
18 ms. Memory: 120832K Free: 72145K (60%)
----------------- Invoking toplevel() on ptolemy.moml.MoMLSimpleApplication@1e7558
----------------- Done invoking toplevel() on ptolemy.moml.MoMLSimpleApplication@1e7558
reloadAllAccessors: .IterateOverArray3

===========================================================================================
----------------- testing Fri Sep 20 05:44:11 UTC 2019 /home/travis/build/icyphy/ptII/ptolemy/actor/lib/hoc/test/auto/IterateOverArray4.xml
----------------- Instantiating /home/travis/build/icyphy/ptII/ptolemy/actor/lib/hoc/test/auto/IterateOverArray4.xml
5 ms. Memory: 120832K Free: 68017K (56%)
----------------- Invoking toplevel() on ptolemy.moml.MoMLSimpleApplication@140bb799
----------------- Done invoking toplevel() on ptolemy.moml.MoMLSimpleApplication@140bb799
reloadAllAccessors: .IterateOverArray4

===========================================================================================
----------------- testing Fri Sep 20 05:44:11 UTC 2019 /home/travis/build/icyphy/ptII/ptolemy/actor/lib/hoc/test/auto/IterateOverArray5.xml
----------------- Instantiating /home/travis/build/icyphy/ptII/ptolemy/actor/lib/hoc/test/auto/IterateOverArray5.xml
4 ms. Memory: 120832K Free: 63937K (53%)
----------------- Invoking toplevel() on ptolemy.moml.MoMLSimpleApplication@6a4ec4e7
----------------- Done invoking toplevel() on ptolemy.moml.MoMLSimpleApplication@6a4ec4e7
reloadAllAccessors: .IterateOverArray5

===========================================================================================
----------------- testing Fri Sep 20 05:44:11 UTC 2019 /home/travis/build/icyphy/ptII/ptolemy/actor/lib/hoc/test/auto/IterateOverArray6.xml
----------------- Instantiating /home/travis/build/icyphy/ptII/ptolemy/actor/lib/hoc/test/auto/IterateOverArray6.xml
6 ms. Memory: 120832K Free: 60328K (50%)
----------------- Invoking toplevel() on ptolemy.moml.MoMLSimpleApplication@5f528118
----------------- Done invoking toplevel() on ptolemy.moml.MoMLSimpleApplication@5f528118
reloadAllAccessors: .IterateOverArray6

===========================================================================================
----------------- testing Fri Sep 20 05:44:11 UTC 2019 /home/travis/build/icyphy/ptII/ptolemy/actor/lib/hoc/test/auto/IterateOverArray7.xml
----------------- Instantiating /home/travis/build/icyphy/ptII/ptolemy/actor/lib/hoc/test/auto/IterateOverArray7.xml
4 ms. Memory: 120832K Free: 55745K (46%)
----------------- Invoking toplevel() on ptolemy.moml.MoMLSimpleApplication@1a466bfa
----------------- Done invoking toplevel() on ptolemy.moml.MoMLSimpleApplication@1a466bfa
reloadAllAccessors: .IterateOverArray7

===========================================================================================
----------------- testing Fri Sep 20 05:44:11 UTC 2019 /home/travis/build/icyphy/ptII/ptolemy/actor/lib/hoc/test/auto/IterateOverArray8.xml
----------------- Instantiating /home/travis/build/icyphy/ptII/ptolemy/actor/lib/hoc/test/auto/IterateOverArray8.xml
4 ms. Memory: 120832K Free: 51657K (43%)
----------------- Invoking toplevel() on ptolemy.moml.MoMLSimpleApplication@5aa42f6a
----------------- Done invoking toplevel() on ptolemy.moml.MoMLSimpleApplication@5aa42f6a
reloadAllAccessors: .IterateOverArray8

===========================================================================================
----------------- testing Fri Sep 20 05:44:11 UTC 2019 /home/travis/build/icyphy/ptII/ptolemy/actor/lib/hoc/test/auto/IterateOverArray9.xml
----------------- Instantiating /home/travis/build/icyphy/ptII/ptolemy/actor/lib/hoc/test/auto/IterateOverArray9.xml
3 ms. Memory: 120832K Free: 47561K (39%)
----------------- Invoking toplevel() on ptolemy.moml.MoMLSimpleApplication@2a0fc3e
----------------- Done invoking toplevel() on ptolemy.moml.MoMLSimpleApplication@2a0fc3e
reloadAllAccessors: .IterateOverArray9

===========================================================================================
----------------- testing Fri Sep 20 05:44:11 UTC 2019 /home/travis/build/icyphy/ptII/ptolemy/actor/lib/hoc/test/auto/IterateOverArrayCoercedOutputType.xml
----------------- Instantiating /home/travis/build/icyphy/ptII/ptolemy/actor/lib/hoc/test/auto/IterateOverArrayCoercedOutputType.xml
11 ms. Memory: 120832K Free: 42449K (35%)
----------------- Invoking toplevel() on ptolemy.moml.MoMLSimpleApplication@4406b8a
----------------- Done invoking toplevel() on ptolemy.moml.MoMLSimpleApplication@4406b8a
reloadAllAccessors: .IterateOverArrayCoercedOutputType

===========================================================================================
----------------- testing Fri Sep 20 05:44:11 UTC 2019 /home/travis/build/icyphy/ptII/ptolemy/actor/lib/hoc/test/auto/IterateOverArrayInferredOutputType.xml
----------------- Instantiating /home/travis/build/icyphy/ptII/ptolemy/actor/lib/hoc/test/auto/IterateOverArrayInferredOutputType.xml
16 ms. Memory: 120832K Free: 37800K (31%)
----------------- Invoking toplevel() on ptolemy.moml.MoMLSimpleApplication@4c0feb17
----------------- Done invoking toplevel() on ptolemy.moml.MoMLSimpleApplication@4c0feb17
reloadAllAccessors: .IterateOverArrayInferredOutputType

===========================================================================================
----------------- testing Fri Sep 20 05:44:11 UTC 2019 /home/travis/build/icyphy/ptII/ptolemy/actor/lib/hoc/test/auto/MobileFunctionTest.xml
----------------- Instantiating /home/travis/build/icyphy/ptII/ptolemy/actor/lib/hoc/test/auto/MobileFunctionTest.xml
6 ms. Memory: 155648K Free: 138226K (89%)
----------------- Invoking toplevel() on ptolemy.moml.MoMLSimpleApplication@799dfe55
----------------- Done invoking toplevel() on ptolemy.moml.MoMLSimpleApplication@799dfe55
reloadAllAccessors: .MobileFunctionTest

===========================================================================================
----------------- testing Fri Sep 20 05:44:11 UTC 2019 /home/travis/build/icyphy/ptII/ptolemy/actor/lib/hoc/test/auto/MobileModelTest.xml
----------------- Instantiating /home/travis/build/icyphy/ptII/ptolemy/actor/lib/hoc/test/auto/MobileModelTest.xml
136 ms. Memory: 155648K Free: 117236K (75%)
----------------- Invoking toplevel() on ptolemy.moml.MoMLSimpleApplication@5c1bba47
----------------- Done invoking toplevel() on ptolemy.moml.MoMLSimpleApplication@5c1bba47
reloadAllAccessors: .MobileModelTest

===========================================================================================
----------------- testing Fri Sep 20 05:44:11 UTC 2019 /home/travis/build/icyphy/ptII/ptolemy/actor/lib/hoc/test/auto/ModelReference.xml
----------------- Instantiating /home/travis/build/icyphy/ptII/ptolemy/actor/lib/hoc/test/auto/ModelReference.xml
2 ms. Memory: 155648K Free: 110578K (71%)
5 ms. Memory: 155648K Free: 110068K (71%)
3 ms. Memory: 155648K Free: 109044K (70%)
3 ms. Memory: 155648K Free: 108020K (69%)
2 ms. Memory: 155648K Free: 107492K (69%)
2 ms. Memory: 155648K Free: 106482K (68%)
4 ms. Memory: 155648K Free: 105972K (68%)
2 ms. Memory: 155648K Free: 104948K (67%)
3 ms. Memory: 155648K Free: 103924K (67%)
3 ms. Memory: 155648K Free: 103396K (66%)
40 ms. Memory: 155648K Free: 103396K (66%)
----------------- Invoking toplevel() on ptolemy.moml.MoMLSimpleApplication@700c10d
----------------- Done invoking toplevel() on ptolemy.moml.MoMLSimpleApplication@700c10d
reloadAllAccessors: .ModelReference

===========================================================================================
----------------- testing Fri Sep 20 05:44:12 UTC 2019 /home/travis/build/icyphy/ptII/ptolemy/actor/lib/hoc/test/auto/ModelReference3.xml
----------------- Instantiating /home/travis/build/icyphy/ptII/ptolemy/actor/lib/hoc/test/auto/ModelReference3.xml
1 ms. Memory: 155648K Free: 98804K (63%)
4 ms. Memory: 155648K Free: 98276K (63%)
2 ms. Memory: 155648K Free: 97266K (62%)
4 ms. Memory: 155648K Free: 96756K (62%)
3 ms. Memory: 155648K Free: 95732K (62%)
1 ms. Memory: 155648K Free: 95188K (61%)
3 ms. Memory: 155648K Free: 94180K (61%)
3 ms. Memory: 155648K Free: 93170K (60%)
2 ms. Memory: 155648K Free: 92660K (60%)
2 ms. Memory: 155648K Free: 91636K (59%)
31 ms. Memory: 155648K Free: 91636K (59%)
----------------- Invoking toplevel() on ptolemy.moml.MoMLSimpleApplication@7242bafb
----------------- Done invoking toplevel() on ptolemy.moml.MoMLSimpleApplication@7242bafb
reloadAllAccessors: .ModelReference3

===========================================================================================
----------------- testing Fri Sep 20 05:44:12 UTC 2019 /home/travis/build/icyphy/ptII/ptolemy/actor/lib/hoc/test/auto/ModelReference4.xml
----------------- Instantiating /home/travis/build/icyphy/ptII/ptolemy/actor/lib/hoc/test/auto/ModelReference4.xml
2 ms. Memory: 155648K Free: 87012K (56%)
4 ms. Memory: 155648K Free: 85492K (55%)
2 ms. Memory: 155648K Free: 84468K (54%)
2 ms. Memory: 155648K Free: 82924K (53%)
2 ms. Memory: 155648K Free: 81892K (53%)
3 ms. Memory: 155648K Free: 80876K (52%)
2 ms. Memory: 155648K Free: 79348K (51%)
2 ms. Memory: 155648K Free: 78324K (50%)
4 ms. Memory: 155648K Free: 76780K (49%)
4 ms. Memory: 155648K Free: 75748K (49%)
10018 ms. Memory: 155648K Free: 75748K (49%)
----------------- Invoking toplevel() on ptolemy.moml.MoMLSimpleApplication@7557e02c
----------------- Done invoking toplevel() on ptolemy.moml.MoMLSimpleApplication@7557e02c
reloadAllAccessors: .ModelReference4

===========================================================================================
----------------- testing Fri Sep 20 05:44:22 UTC 2019 /home/travis/build/icyphy/ptII/ptolemy/actor/lib/hoc/test/auto/MultiInstanceComposite.xml
----------------- Instantiating /home/travis/build/icyphy/ptII/ptolemy/actor/lib/hoc/test/auto/MultiInstanceComposite.xml
27 ms. Memory: 155648K Free: 56820K (37%)
----------------- Invoking toplevel() on ptolemy.moml.MoMLSimpleApplication@18ecb5c1
----------------- Done invoking toplevel() on ptolemy.moml.MoMLSimpleApplication@18ecb5c1
reloadAllAccessors: .MultiInstanceComposite

===========================================================================================
----------------- testing Fri Sep 20 05:44:22 UTC 2019 /home/travis/build/icyphy/ptII/ptolemy/actor/lib/hoc/test/auto/MultiInstanceComposite2.xml
----------------- Instantiating /home/travis/build/icyphy/ptII/ptolemy/actor/lib/hoc/test/auto/MultiInstanceComposite2.xml
24 ms. Memory: 155648K Free: 136570K (88%)
----------------- Invoking toplevel() on ptolemy.moml.MoMLSimpleApplication@29e53ff
----------------- Done invoking toplevel() on ptolemy.moml.MoMLSimpleApplication@29e53ff
reloadAllAccessors: .MultiInstanceComposite2

===========================================================================================
----------------- testing Fri Sep 20 05:44:22 UTC 2019 /home/travis/build/icyphy/ptII/ptolemy/actor/lib/hoc/test/auto/MulticoreExecution.xml
----------------- Instantiating /home/travis/build/icyphy/ptII/ptolemy/actor/lib/hoc/test/auto/MulticoreExecution.xml
Fired ExecutionTime: 3200000
Fired ExecutionTime: 12800000
Fired ExecutionTime: 85600000
Fired ExecutionTime: 91600000
Fired ExecutionTime: 62400000
Fired ExecutionTime: 72000000
Fired ExecutionTime: 90000000
Fired ExecutionTime: 90400000
Fired ExecutionTime: 91200000
Fired ExecutionTime: 84400000
Fired ExecutionTime: 89200000
Fired ExecutionTime: 87600000
Fired ExecutionTime: 88800000
Fired ExecutionTime: 88400000
Fired ExecutionTime: 88400000
Fired ExecutionTime: 89600000
Fired ExecutionTime: 91200000
Fired ExecutionTime: 86000000
Fired ExecutionTime: 86400000
Fired ExecutionTime: 87200000
1048 ms. Memory: 155648K Free: 127137K (82%)
----------------- Invoking toplevel() on ptolemy.moml.MoMLSimpleApplication@462f005
----------------- Done invoking toplevel() on ptolemy.moml.MoMLSimpleApplication@462f005
reloadAllAccessors: .MulticoreExecution

===========================================================================================
----------------- testing Fri Sep 20 05:44:23 UTC 2019 /home/travis/build/icyphy/ptII/ptolemy/actor/lib/hoc/test/auto/ParallelExecution.xml
----------------- Instantiating /home/travis/build/icyphy/ptII/ptolemy/actor/lib/hoc/test/auto/ParallelExecution.xml
913 ms. Memory: 155648K Free: 119455K (77%)
----------------- Invoking toplevel() on ptolemy.moml.MoMLSimpleApplication@21664135
----------------- Done invoking toplevel() on ptolemy.moml.MoMLSimpleApplication@21664135
reloadAllAccessors: .ParallelExecution

===========================================================================================
----------------- testing Fri Sep 20 05:44:24 UTC 2019 /home/travis/build/icyphy/ptII/ptolemy/actor/lib/hoc/test/auto/RunCompositeActor.xml
----------------- Instantiating /home/travis/build/icyphy/ptII/ptolemy/actor/lib/hoc/test/auto/RunCompositeActor.xml
7 ms. Memory: 155648K Free: 112281K (72%)
----------------- Invoking toplevel() on ptolemy.moml.MoMLSimpleApplication@26f0eb94
----------------- Done invoking toplevel() on ptolemy.moml.MoMLSimpleApplication@26f0eb94
reloadAllAccessors: .RunCompositeActor

===========================================================================================
----------------- testing Fri Sep 20 05:44:24 UTC 2019 /home/travis/build/icyphy/ptII/ptolemy/actor/lib/hoc/test/auto/RunCompositeActor2.xml
----------------- Instantiating /home/travis/build/icyphy/ptII/ptolemy/actor/lib/hoc/test/auto/RunCompositeActor2.xml
7 ms. Memory: 155648K Free: 106137K (68%)
----------------- Invoking toplevel() on ptolemy.moml.MoMLSimpleApplication@4d3bf73b
----------------- Done invoking toplevel() on ptolemy.moml.MoMLSimpleApplication@4d3bf73b
reloadAllAccessors: .RunCompositeActor2

===========================================================================================
----------------- testing Fri Sep 20 05:44:24 UTC 2019 /home/travis/build/icyphy/ptII/ptolemy/actor/lib/hoc/test/auto/RunCompositeActor3.xml
----------------- Instantiating /home/travis/build/icyphy/ptII/ptolemy/actor/lib/hoc/test/auto/RunCompositeActor3.xml
3 ms. Memory: 155648K Free: 100513K (65%)
----------------- Invoking toplevel() on ptolemy.moml.MoMLSimpleApplication@ac08054
----------------- Done invoking toplevel() on ptolemy.moml.MoMLSimpleApplication@ac08054
reloadAllAccessors: .RunCompositeActor3

===========================================================================================
----------------- testing Fri Sep 20 05:44:24 UTC 2019 /home/travis/build/icyphy/ptII/ptolemy/actor/lib/hoc/test/auto/RunCompositeActor4.xml
----------------- Instantiating /home/travis/build/icyphy/ptII/ptolemy/actor/lib/hoc/test/auto/RunCompositeActor4.xml
11 ms. Memory: 155648K Free: 92321K (59%)
----------------- Invoking toplevel() on ptolemy.moml.MoMLSimpleApplication@79b4aa97
----------------- Done invoking toplevel() on ptolemy.moml.MoMLSimpleApplication@79b4aa97
reloadAllAccessors: .RunCompositeActor4

===========================================================================================
----------------- testing Fri Sep 20 05:44:24 UTC 2019 /home/travis/build/icyphy/ptII/ptolemy/actor/lib/hoc/test/auto/RunCompositeIterateOverArray.xml
----------------- Instantiating /home/travis/build/icyphy/ptII/ptolemy/actor/lib/hoc/test/auto/RunCompositeIterateOverArray.xml
6 ms. Memory: 155648K Free: 86673K (56%)
----------------- Invoking toplevel() on ptolemy.moml.MoMLSimpleApplication@4b286cc4
----------------- Done invoking toplevel() on ptolemy.moml.MoMLSimpleApplication@4b286cc4
reloadAllAccessors: .RunCompositeIterateOverArray

===========================================================================================
----------------- testing Fri Sep 20 05:44:24 UTC 2019 /home/travis/build/icyphy/ptII/ptolemy/actor/lib/hoc/test/auto/ThreadedJS.xml
----------------- Instantiating /home/travis/build/icyphy/ptII/ptolemy/actor/lib/hoc/test/auto/ThreadedJS.xml
5357 ms. Memory: 225280K Free: 115531K (51%)
----------------- Invoking toplevel() on ptolemy.moml.MoMLSimpleApplication@5f842693
----------------- Done invoking toplevel() on ptolemy.moml.MoMLSimpleApplication@5f842693
reloadAllAccessors: .ThreadedJS
AutoTests.java: About to close Vertx.
AutoTests.java: Vertx closed.
]]></system-out>
  <system-err><![CDATA[java.lang.RuntimeException: Execution failed
	at ptolemy.moml.MoMLSimpleApplication$UnloadThread.run(MoMLSimpleApplication.java:402)
Caused by: ptolemy.kernel.util.IllegalActionException: initialize() was called after wrapup() was called but preinitialize() was not called after wrapup().
	at ptolemy.actor.lib.hoc.test.PreinitializeMustBeInvoked.initialize(PreinitializeMustBeInvoked.java:78)
	at ptolemy.actor.Director.initialize(Director.java:938)
	at ptolemy.actor.Director.initialize(Director.java:907)
	at ptolemy.actor.sched.StaticSchedulingDirector.initialize(StaticSchedulingDirector.java:159)
	at ptolemy.domains.sdf.kernel.SDFDirector.initialize(SDFDirector.java:544)
	at ptolemy.actor.CompositeActor.initialize(CompositeActor.java:935)
	at ptolemy.actor.lib.hoc.LifeCycleManager._executeInsideModel(LifeCycleManager.java:339)
	at ptolemy.actor.lib.hoc.RunCompositeActor.fire(RunCompositeActor.java:205)
	at ptolemy.actor.CompositeActor.iterate(CompositeActor.java:1146)
	at ptolemy.actor.sched.StaticSchedulingDirector.fire(StaticSchedulingDirector.java:216)
	at ptolemy.domains.sdf.kernel.SDFDirector.fire(SDFDirector.java:500)
	at ptolemy.actor.CompositeActor.fire(CompositeActor.java:455)
	at ptolemy.actor.Manager.iterate(Manager.java:851)
	at ptolemy.actor.Manager.execute(Manager.java:369)
	at ptolemy.actor.Manager.run(Manager.java:1263)
	at ptolemy.actor.Manager$PtolemyRunThread.run(Manager.java:1933)
java.lang.reflect.InvocationTargetException
	at java.base/jdk.internal.reflect.NativeConstructorAccessorImpl.newInstance0(Native Method)
	at java.base/jdk.internal.reflect.NativeConstructorAccessorImpl.newInstance(NativeConstructorAccessorImpl.java:62)
	at java.base/jdk.internal.reflect.DelegatingConstructorAccessorImpl.newInstance(DelegatingConstructorAccessorImpl.java:45)
	at java.base/java.lang.reflect.Constructor.newInstance(Constructor.java:490)
	at ptolemy.util.test.junit.AutoKnownFailedTests.RunModel(AutoKnownFailedTests.java:105)
	at java.base/jdk.internal.reflect.NativeMethodAccessorImpl.invoke0(Native Method)
	at java.base/jdk.internal.reflect.NativeMethodAccessorImpl.invoke(NativeMethodAccessorImpl.java:62)
	at java.base/jdk.internal.reflect.DelegatingMethodAccessorImpl.invoke(DelegatingMethodAccessorImpl.java:43)
	at java.base/java.lang.reflect.Method.invoke(Method.java:566)
	at org.junit.runners.model.FrameworkMethod$1.runReflectiveCall(FrameworkMethod.java:44)
	at org.junit.internal.runners.model.ReflectiveCallable.run(ReflectiveCallable.java:15)
	at org.junit.runners.model.FrameworkMethod.invokeExplosively(FrameworkMethod.java:41)
	at junitparams.internal.InvokeParameterisedMethod.evaluate(InvokeParameterisedMethod.java:102)
	at org.junit.internal.runners.statements.FailOnTimeout$1.run(FailOnTimeout.java:28)
Caused by: ptolemy.kernel.util.IllegalActionException: initialize() was called after wrapup() was called but preinitialize() was not called after wrapup().
	at ptolemy.actor.lib.hoc.test.PreinitializeMustBeInvoked.initialize(PreinitializeMustBeInvoked.java:78)
	at ptolemy.actor.Director.initialize(Director.java:938)
	at ptolemy.actor.Director.initialize(Director.java:907)
	at ptolemy.actor.sched.StaticSchedulingDirector.initialize(StaticSchedulingDirector.java:159)
	at ptolemy.domains.sdf.kernel.SDFDirector.initialize(SDFDirector.java:544)
	at ptolemy.actor.CompositeActor.initialize(CompositeActor.java:935)
	at ptolemy.actor.lib.hoc.LifeCycleManager._executeInsideModel(LifeCycleManager.java:339)
	at ptolemy.actor.lib.hoc.RunCompositeActor.fire(RunCompositeActor.java:205)
	at ptolemy.actor.CompositeActor.iterate(CompositeActor.java:1146)
	at ptolemy.actor.sched.StaticSchedulingDirector.fire(StaticSchedulingDirector.java:216)
	at ptolemy.domains.sdf.kernel.SDFDirector.fire(SDFDirector.java:500)
	at ptolemy.actor.CompositeActor.fire(CompositeActor.java:455)
	at ptolemy.actor.Manager.iterate(Manager.java:851)
	at ptolemy.actor.Manager.execute(Manager.java:369)
	at ptolemy.actor.Manager.run(Manager.java:1263)
	at ptolemy.actor.Manager$PtolemyRunThread.run(Manager.java:1933)
Warning: Nashorn engine is planned to be removed from a future JDK release
Warning: Nashorn engine is planned to be removed from a future JDK release
Warning: Nashorn engine is planned to be removed from a future JDK release
Warning: Nashorn engine is planned to be removed from a future JDK release
Warning: Nashorn engine is planned to be removed from a future JDK release
Warning: Nashorn engine is planned to be removed from a future JDK release
Warning: Nashorn engine is planned to be removed from a future JDK release
Warning: Nashorn engine is planned to be removed from a future JDK release
]]></system-err>
</testsuite>
