<?xml version="1.0" encoding="UTF-8" ?>
<testsuite errors="0" failures="0" hostname="travis-job-9edf8487-43b6-41a9-a58f-5adf86e51394" name="ptolemy.domains.de.test.junit.JUnitTclTest" skipped="0" tests="101" time="127.724" timestamp="2018-11-22T03:32:50">
  <properties>
[...]
</properties>
  <testcase classname="ptolemy.util.test.junit.TclTests" name="[0] /home/travis/build/icyphy/ptII/ptolemy/domains/de/test/DependencyLoop.tcl (RunTclFile)" time="0.737" />
  <testcase classname="ptolemy.util.test.junit.TclTests" name="[1] /home/travis/build/icyphy/ptII/ptolemy/domains/de/test/RunDETestsAsQSS.tcl (RunTclFile)" time="87.156" />
  <testcase classname="ptolemy.util.test.junit.AutoKnownFailedTests" name="[0] /home/travis/build/icyphy/ptII/ptolemy/domains/de/test/auto/knownFailedTests/DESDFClockTest.xml (RunModel)" time="2.032" />
  <testcase classname="ptolemy.util.test.junit.AutoKnownFailedTests" name="[1] /home/travis/build/icyphy/ptII/ptolemy/domains/de/test/auto/knownFailedTests/DirectFeedback.xml (RunModel)" time="0.007" />
  <testcase classname="ptolemy.util.test.junit.AutoKnownFailedTests" name="[2] /home/travis/build/icyphy/ptII/ptolemy/domains/de/test/auto/knownFailedTests/FSMSource.xml (RunModel)" time="0.016" />
  <testcase classname="ptolemy.util.test.junit.AutoKnownFailedTests" name="[3] /home/travis/build/icyphy/ptII/ptolemy/domains/de/test/auto/knownFailedTests/HierarchicalModel.xml (RunModel)" time="0.024" />
  <testcase classname="ptolemy.util.test.junit.AutoKnownFailedTests" name="[4] /home/travis/build/icyphy/ptII/ptolemy/domains/de/test/auto/knownFailedTests/dependencyLoop.xml (RunModel)" time="0.037" />
  <testcase classname="ptolemy.util.test.junit.AutoKnownFailedTests" name="[5] /home/travis/build/icyphy/ptII/ptolemy/domains/de/test/auto/knownFailedTests/dependencyLoop2.xml (RunModel)" time="0.039" />
  <testcase classname="ptolemy.util.test.junit.AutoNameArchTests" name="[0] ThereAreNoAutoArchTests (RunModel)" time="0.001" />
  <testcase classname="ptolemy.util.test.junit.AutoTests" name="[0] /home/travis/build/icyphy/ptII/ptolemy/domains/de/test/auto/ActorDepthCalculation_actorWithoutPorts.xml (RunModel)" time="0.015" />
  <testcase classname="ptolemy.util.test.junit.AutoTests" name="[1] /home/travis/build/icyphy/ptII/ptolemy/domains/de/test/auto/AssemblyLine.xml (RunModel)" time="0.022" />
  <testcase classname="ptolemy.util.test.junit.AutoTests" name="[2] /home/travis/build/icyphy/ptII/ptolemy/domains/de/test/auto/CQBug1.xml (RunModel)" time="0.014" />
  <testcase classname="ptolemy.util.test.junit.AutoTests" name="[3] /home/travis/build/icyphy/ptII/ptolemy/domains/de/test/auto/CancelFireAt.xml (RunModel)" time="0.007" />
  <testcase classname="ptolemy.util.test.junit.AutoTests" name="[4] /home/travis/build/icyphy/ptII/ptolemy/domains/de/test/auto/CausalityAndComposabilityAnalysis.xml (RunModel)" time="0.009" />
  <testcase classname="ptolemy.util.test.junit.AutoTests" name="[5] /home/travis/build/icyphy/ptII/ptolemy/domains/de/test/auto/CausalityInterface1.xml (RunModel)" time="0.01" />
  <testcase classname="ptolemy.util.test.junit.AutoTests" name="[6] /home/travis/build/icyphy/ptII/ptolemy/domains/de/test/auto/CausalityInterface15.xml (RunModel)" time="0.011" />
  <testcase classname="ptolemy.util.test.junit.AutoTests" name="[7] /home/travis/build/icyphy/ptII/ptolemy/domains/de/test/auto/CausalityInterface2.xml (RunModel)" time="0.009" />
  <testcase classname="ptolemy.util.test.junit.AutoTests" name="[8] /home/travis/build/icyphy/ptII/ptolemy/domains/de/test/auto/CausalityInterface3.xml (RunModel)" time="0.012" />
  <testcase classname="ptolemy.util.test.junit.AutoTests" name="[9] /home/travis/build/icyphy/ptII/ptolemy/domains/de/test/auto/ClockDrift.xml (RunModel)" time="0.026" />
  <testcase classname="ptolemy.util.test.junit.AutoTests" name="[10] /home/travis/build/icyphy/ptII/ptolemy/domains/de/test/auto/ClockDriftAndValueChange.xml (RunModel)" time="0.024" />
  <testcase classname="ptolemy.util.test.junit.AutoTests" name="[11] /home/travis/build/icyphy/ptII/ptolemy/domains/de/test/auto/ClockDriftChange.xml (RunModel)" time="0.021" />
  <testcase classname="ptolemy.util.test.junit.AutoTests" name="[12] /home/travis/build/icyphy/ptII/ptolemy/domains/de/test/auto/ComposableCausalityAnalysis.xml (RunModel)" time="0.015" />
  <testcase classname="ptolemy.util.test.junit.AutoTests" name="[13] /home/travis/build/icyphy/ptII/ptolemy/domains/de/test/auto/DEFixedPointLimitation.xml (RunModel)" time="0.008" />
  <testcase classname="ptolemy.util.test.junit.AutoTests" name="[14] /home/travis/build/icyphy/ptII/ptolemy/domains/de/test/auto/DEScheduleTest.xml (RunModel)" time="0.008" />
  <testcase classname="ptolemy.util.test.junit.AutoTests" name="[15] /home/travis/build/icyphy/ptII/ptolemy/domains/de/test/auto/DEinDEwithStartTimes.xml (RunModel)" time="0.011" />
  <testcase classname="ptolemy.util.test.junit.AutoTests" name="[16] /home/travis/build/icyphy/ptII/ptolemy/domains/de/test/auto/DEinDEwithStartTimes2.xml (RunModel)" time="0.01" />
  <testcase classname="ptolemy.util.test.junit.AutoTests" name="[17] /home/travis/build/icyphy/ptII/ptolemy/domains/de/test/auto/DateDemo.xml (RunModel)" time="0.02" />
  <testcase classname="ptolemy.util.test.junit.AutoTests" name="[18] /home/travis/build/icyphy/ptII/ptolemy/domains/de/test/auto/DateToEvent.xml (RunModel)" time="2.031" />
  <testcase classname="ptolemy.util.test.junit.AutoTests" name="[19] /home/travis/build/icyphy/ptII/ptolemy/domains/de/test/auto/DepthTest1.xml (RunModel)" time="0.009" />
  <testcase classname="ptolemy.util.test.junit.AutoTests" name="[20] /home/travis/build/icyphy/ptII/ptolemy/domains/de/test/auto/DepthTest2.xml (RunModel)" time="0.025" />
  <testcase classname="ptolemy.util.test.junit.AutoTests" name="[21] /home/travis/build/icyphy/ptII/ptolemy/domains/de/test/auto/DepthTest3.xml (RunModel)" time="0.007" />
  <testcase classname="ptolemy.util.test.junit.AutoTests" name="[22] /home/travis/build/icyphy/ptII/ptolemy/domains/de/test/auto/DepthTest4.xml (RunModel)" time="0.011" />
  <testcase classname="ptolemy.util.test.junit.AutoTests" name="[23] /home/travis/build/icyphy/ptII/ptolemy/domains/de/test/auto/DepthTest5.xml (RunModel)" time="0.013" />
  <testcase classname="ptolemy.util.test.junit.AutoTests" name="[24] /home/travis/build/icyphy/ptII/ptolemy/domains/de/test/auto/DepthTest6.xml (RunModel)" time="0.012" />
  <testcase classname="ptolemy.util.test.junit.AutoTests" name="[25] /home/travis/build/icyphy/ptII/ptolemy/domains/de/test/auto/DepthTest7.xml (RunModel)" time="0.01" />
  <testcase classname="ptolemy.util.test.junit.AutoTests" name="[26] /home/travis/build/icyphy/ptII/ptolemy/domains/de/test/auto/EventToDate.xml (RunModel)" time="3.032" />
  <testcase classname="ptolemy.util.test.junit.AutoTests" name="[27] /home/travis/build/icyphy/ptII/ptolemy/domains/de/test/auto/FSM1.xml (RunModel)" time="0.045" />
  <testcase classname="ptolemy.util.test.junit.AutoTests" name="[28] /home/travis/build/icyphy/ptII/ptolemy/domains/de/test/auto/FSM7.xml (RunModel)" time="0.036" />
  <testcase classname="ptolemy.util.test.junit.AutoTests" name="[29] /home/travis/build/icyphy/ptII/ptolemy/domains/de/test/auto/Inspection.xml (RunModel)" time="0.037" />
  <testcase classname="ptolemy.util.test.junit.AutoTests" name="[30] /home/travis/build/icyphy/ptII/ptolemy/domains/de/test/auto/Iteration.xml (RunModel)" time="0.018" />
  <testcase classname="ptolemy.util.test.junit.AutoTests" name="[31] /home/travis/build/icyphy/ptII/ptolemy/domains/de/test/auto/LineFault.xml (RunModel)" time="0.651" />
  <testcase classname="ptolemy.util.test.junit.AutoTests" name="[32] /home/travis/build/icyphy/ptII/ptolemy/domains/de/test/auto/MergeModel1Add.xml (RunModel)" time="0.04" />
  <testcase classname="ptolemy.util.test.junit.AutoTests" name="[33] /home/travis/build/icyphy/ptII/ptolemy/domains/de/test/auto/MergeModel2Add.xml (RunModel)" time="0.039" />
  <testcase classname="ptolemy.util.test.junit.AutoTests" name="[34] /home/travis/build/icyphy/ptII/ptolemy/domains/de/test/auto/MergeModel3Add.xml (RunModel)" time="0.039" />
  <testcase classname="ptolemy.util.test.junit.AutoTests" name="[35] /home/travis/build/icyphy/ptII/ptolemy/domains/de/test/auto/MergeWithoutDiscard.xml (RunModel)" time="0.013" />
  <testcase classname="ptolemy.util.test.junit.AutoTests" name="[36] /home/travis/build/icyphy/ptII/ptolemy/domains/de/test/auto/Modal1.xml (RunModel)" time="0.032" />
  <testcase classname="ptolemy.util.test.junit.AutoTests" name="[37] /home/travis/build/icyphy/ptII/ptolemy/domains/de/test/auto/Modal2.xml (RunModel)" time="0.031" />
  <testcase classname="ptolemy.util.test.junit.AutoTests" name="[38] /home/travis/build/icyphy/ptII/ptolemy/domains/de/test/auto/Modal3.xml (RunModel)" time="0.024" />
  <testcase classname="ptolemy.util.test.junit.AutoTests" name="[39] /home/travis/build/icyphy/ptII/ptolemy/domains/de/test/auto/Modal4.xml (RunModel)" time="0.033" />
  <testcase classname="ptolemy.util.test.junit.AutoTests" name="[40] /home/travis/build/icyphy/ptII/ptolemy/domains/de/test/auto/Modal5.xml (RunModel)" time="0.024" />
  <testcase classname="ptolemy.util.test.junit.AutoTests" name="[41] /home/travis/build/icyphy/ptII/ptolemy/domains/de/test/auto/Modal6.xml (RunModel)" time="0.024" />
  <testcase classname="ptolemy.util.test.junit.AutoTests" name="[42] /home/travis/build/icyphy/ptII/ptolemy/domains/de/test/auto/Modal7.xml (RunModel)" time="0.025" />
  <testcase classname="ptolemy.util.test.junit.AutoTests" name="[43] /home/travis/build/icyphy/ptII/ptolemy/domains/de/test/auto/ModalModel.xml (RunModel)" time="0.158" />
  <testcase classname="ptolemy.util.test.junit.AutoTests" name="[44] /home/travis/build/icyphy/ptII/ptolemy/domains/de/test/auto/ModalSource.xml (RunModel)" time="0.027" />
  <testcase classname="ptolemy.util.test.junit.AutoTests" name="[45] /home/travis/build/icyphy/ptII/ptolemy/domains/de/test/auto/NonInterruptibleTimerZeroDelay.xml (RunModel)" time="0.011" />
  <testcase classname="ptolemy.util.test.junit.AutoTests" name="[46] /home/travis/build/icyphy/ptII/ptolemy/domains/de/test/auto/OpenQueueingNetwork.xml (RunModel)" time="2.234" />
  <testcase classname="ptolemy.util.test.junit.AutoTests" name="[47] /home/travis/build/icyphy/ptII/ptolemy/domains/de/test/auto/OpenQueuingNetwork.xml (RunModel)" time="0.269" />
  <testcase classname="ptolemy.util.test.junit.AutoTests" name="[48] /home/travis/build/icyphy/ptII/ptolemy/domains/de/test/auto/PeriodicSampler.xml (RunModel)" time="0.01" />
  <testcase classname="ptolemy.util.test.junit.AutoTests" name="[49] /home/travis/build/icyphy/ptII/ptolemy/domains/de/test/auto/PersistentIO.xml (RunModel)" time="0.02" />
  <testcase classname="ptolemy.util.test.junit.AutoTests" name="[50] /home/travis/build/icyphy/ptII/ptolemy/domains/de/test/auto/PortParameterResetOnInitialize.xml (RunModel)" time="0.01" />
  <testcase classname="ptolemy.util.test.junit.AutoTests" name="[51] /home/travis/build/icyphy/ptII/ptolemy/domains/de/test/auto/PortParameterUpdates.xml (RunModel)" time="0.014" />
  <testcase classname="ptolemy.util.test.junit.AutoTests" name="[52] /home/travis/build/icyphy/ptII/ptolemy/domains/de/test/auto/QueueAndServer.xml (RunModel)" time="0.02" />
  <testcase classname="ptolemy.util.test.junit.AutoTests" name="[53] /home/travis/build/icyphy/ptII/ptolemy/domains/de/test/auto/Records.xml (RunModel)" time="0.013" />
  <testcase classname="ptolemy.util.test.junit.AutoTests" name="[54] /home/travis/build/icyphy/ptII/ptolemy/domains/de/test/auto/ResetTransitionWithStartTime1.xml (RunModel)" time="0.02" />
  <testcase classname="ptolemy.util.test.junit.AutoTests" name="[55] /home/travis/build/icyphy/ptII/ptolemy/domains/de/test/auto/ResetTransitionWithStartTime2.xml (RunModel)" time="0.022" />
  <testcase classname="ptolemy.util.test.junit.AutoTests" name="[56] /home/travis/build/icyphy/ptII/ptolemy/domains/de/test/auto/ResetTransitionWithStartTime3.xml (RunModel)" time="0.021" />
  <testcase classname="ptolemy.util.test.junit.AutoTests" name="[57] /home/travis/build/icyphy/ptII/ptolemy/domains/de/test/auto/ResetTransitionWithStartTime4.xml (RunModel)" time="0.023" />
  <testcase classname="ptolemy.util.test.junit.AutoTests" name="[58] /home/travis/build/icyphy/ptII/ptolemy/domains/de/test/auto/ResettableTimer1.xml (RunModel)" time="0.01" />
  <testcase classname="ptolemy.util.test.junit.AutoTests" name="[59] /home/travis/build/icyphy/ptII/ptolemy/domains/de/test/auto/ResettableTimer2.xml (RunModel)" time="0.009" />
  <testcase classname="ptolemy.util.test.junit.AutoTests" name="[60] /home/travis/build/icyphy/ptII/ptolemy/domains/de/test/auto/ResettableTimer3.xml (RunModel)" time="0.008" />
  <testcase classname="ptolemy.util.test.junit.AutoTests" name="[61] /home/travis/build/icyphy/ptII/ptolemy/domains/de/test/auto/ResettableTimer4.xml (RunModel)" time="0.014" />
  <testcase classname="ptolemy.util.test.junit.AutoTests" name="[62] /home/travis/build/icyphy/ptII/ptolemy/domains/de/test/auto/ResettableTimer5.xml (RunModel)" time="0.01" />
  <testcase classname="ptolemy.util.test.junit.AutoTests" name="[63] /home/travis/build/icyphy/ptII/ptolemy/domains/de/test/auto/ResettableTimer6.xml (RunModel)" time="0.021" />
  <testcase classname="ptolemy.util.test.junit.AutoTests" name="[64] /home/travis/build/icyphy/ptII/ptolemy/domains/de/test/auto/ServerZeroDelay.xml (RunModel)" time="0.01" />
  <testcase classname="ptolemy.util.test.junit.AutoTests" name="[65] /home/travis/build/icyphy/ptII/ptolemy/domains/de/test/auto/SmartSender.xml (RunModel)" time="3.008" />
  <testcase classname="ptolemy.util.test.junit.AutoTests" name="[66] /home/travis/build/icyphy/ptII/ptolemy/domains/de/test/auto/ThreadedComposite.xml (RunModel)" time="0.121" />
  <testcase classname="ptolemy.util.test.junit.AutoTests" name="[67] /home/travis/build/icyphy/ptII/ptolemy/domains/de/test/auto/Time.xml (RunModel)" time="0.459" />
  <testcase classname="ptolemy.util.test.junit.AutoTests" name="[68] /home/travis/build/icyphy/ptII/ptolemy/domains/de/test/auto/TimeDelayZeroDelay.xml (RunModel)" time="0.015" />
  <testcase classname="ptolemy.util.test.junit.AutoTests" name="[69] /home/travis/build/icyphy/ptII/ptolemy/domains/de/test/auto/TimerZeroDelay.xml (RunModel)" time="0.009" />
  <testcase classname="ptolemy.util.test.junit.AutoTests" name="[70] /home/travis/build/icyphy/ptII/ptolemy/domains/de/test/auto/TimingParadox.xml (RunModel)" time="0.34" />
  <testcase classname="ptolemy.util.test.junit.AutoTests" name="[71] /home/travis/build/icyphy/ptII/ptolemy/domains/de/test/auto/TransferInputs.xml (RunModel)" time="0.015" />
  <testcase classname="ptolemy.util.test.junit.AutoTests" name="[72] /home/travis/build/icyphy/ptII/ptolemy/domains/de/test/auto/TransferOutputs2.xml (RunModel)" time="0.016" />
  <testcase classname="ptolemy.util.test.junit.AutoTests" name="[73] /home/travis/build/icyphy/ptII/ptolemy/domains/de/test/auto/Trilateration.xml (RunModel)" time="11.649" />
  <testcase classname="ptolemy.util.test.junit.AutoTests" name="[74] /home/travis/build/icyphy/ptII/ptolemy/domains/de/test/auto/TwoSigmaDelta.xml (RunModel)" time="2.044" />
  <testcase classname="ptolemy.util.test.junit.AutoTests" name="[75] /home/travis/build/icyphy/ptII/ptolemy/domains/de/test/auto/VariableDelay.xml (RunModel)" time="0.011" />
  <testcase classname="ptolemy.util.test.junit.AutoTests" name="[76] /home/travis/build/icyphy/ptII/ptolemy/domains/de/test/auto/VariableDelay2.xml (RunModel)" time="0.009" />
  <testcase classname="ptolemy.util.test.junit.AutoTests" name="[77] /home/travis/build/icyphy/ptII/ptolemy/domains/de/test/auto/VariableDelayZeroDelay.xml (RunModel)" time="0.031" />
  <testcase classname="ptolemy.util.test.junit.AutoTests" name="[78] /home/travis/build/icyphy/ptII/ptolemy/domains/de/test/auto/VariableDelayZeroDelay2.xml (RunModel)" time="0.016" />
  <testcase classname="ptolemy.util.test.junit.AutoTests" name="[79] /home/travis/build/icyphy/ptII/ptolemy/domains/de/test/auto/deInCt.xml (RunModel)" time="0.021" />
  <testcase classname="ptolemy.util.test.junit.AutoTests" name="[80] /home/travis/build/icyphy/ptII/ptolemy/domains/de/test/auto/deInCt2.xml (RunModel)" time="0.014" />
  <testcase classname="ptolemy.util.test.junit.AutoTests" name="[81] /home/travis/build/icyphy/ptII/ptolemy/domains/de/test/auto/dynamicCausalityInterface1.xml (RunModel)" time="0.02" />
  <testcase classname="ptolemy.util.test.junit.AutoTests" name="[82] /home/travis/build/icyphy/ptII/ptolemy/domains/de/test/auto/fsm_de_test.xml (RunModel)" time="0.024" />
  <testcase classname="ptolemy.util.test.junit.AutoTests" name="[83] /home/travis/build/icyphy/ptII/ptolemy/domains/de/test/auto/functionDependencyReconstruction.xml (RunModel)" time="0.037" />
  <testcase classname="ptolemy.util.test.junit.AutoTests" name="[84] /home/travis/build/icyphy/ptII/ptolemy/domains/de/test/auto/multirate.xml (RunModel)" time="0.018" />
  <testcase classname="ptolemy.util.test.junit.AutoTests" name="[85] /home/travis/build/icyphy/ptII/ptolemy/domains/de/test/auto/multirate2.xml (RunModel)" time="0.018" />
  <testcase classname="ptolemy.util.test.junit.AutoTests" name="[86] /home/travis/build/icyphy/ptII/ptolemy/domains/de/test/auto/realtime.xml (RunModel)" time="10.01" />
  <testcase classname="ptolemy.util.test.junit.AutoTests" name="[87] /home/travis/build/icyphy/ptII/ptolemy/domains/de/test/auto/relationGroup.xml (RunModel)" time="0.01" />
  <testcase classname="ptolemy.util.test.junit.AutoTests" name="[88] /home/travis/build/icyphy/ptII/ptolemy/domains/de/test/auto/relationGroup2.xml (RunModel)" time="0.006" />
  <testcase classname="ptolemy.util.test.junit.AutoTests" name="[89] /home/travis/build/icyphy/ptII/ptolemy/domains/de/test/auto/sortWithOpaquePorts.xml (RunModel)" time="0.013" />
  <testcase classname="ptolemy.util.test.junit.AutoTests" name="[90] /home/travis/build/icyphy/ptII/ptolemy/domains/de/test/auto/transferInputsandOutputs.xml (RunModel)" time="0.014" />
  <testcase classname="ptolemy.util.test.junit.AutoTests" name="[91] /home/travis/build/icyphy/ptII/ptolemy/domains/de/test/auto/triggerType.xml (RunModel)" time="0.008" />
  <system-out><![CDATA[/home/travis/build/icyphy/ptII/ptolemy/domains/de/test/DependencyLoop.tcl
testDefs.tcl: setting time out to 9000 seconds at Thu Nov 22 03:32:50 UTC 2018
14 ms. Memory: 116224K Free: 93394K (80%)
11 ms. Memory: 146944K Free: 136708K (93%)
/home/travis/build/icyphy/ptII/ptolemy/domains/de/test/RunDETestsAsQSS.tcl
Run the DE tests using ptolemy.domains.qss.test.QSSDirectorTest, which extends QSSDirector and prints a message in the constructors.
------------------ testing $PTII/ptolemy/domains/de/test/auto/knownFailedTests/dependencyLoop.xml (Known Failure) 
11 ms. Memory: 146944K Free: 133596K (91%)


==== $PTIIhome/travis/build/icyphy/ptII/ptolemy/domains/de/test/../../../../: Auto Automatic test in file $PTII/ptolemy/domains/de/test/auto/knownFailedTests/dependencyLoop.xml
==== Contents of test case:

	    # FIXME: we should use $relativeFilename here, but it
	    # might have backslashes under Windows, which causes no end
	    # of trouble.
	    createAndExecute $file
	    list {}
	
.... Test generated KNOWN error:
    while executing
ptolemy.kernel.util.IllegalActionException: Found a zero delay loop containing .dependencyLoop.original
  in .dependencyLoop and .dependencyLoop.original
	at ptolemy.actor.util.CausalityInterfaceForComposites._computeOutputPortDepth(CausalityInterfaceForComposites.java:759)
	at ptolemy.actor.util.CausalityInterfaceForComposites._computeInputDepth(CausalityInterfaceForComposites.java:696)
	at ptolemy.actor.util.CausalityInterfaceForComposites._computeOutputPortDepth(CausalityInterfaceForComposites.java:765)
	at ptolemy.actor.util.CausalityInterfaceForComposites._computeInputDepth(CausalityInterfaceForComposites.java:696)
	at ptolemy.actor.util.CausalityInterfaceForComposites._computeOutputPortDepth(CausalityInterfaceForComposites.java:765)
	at ptolemy.actor.util.CausalityInterfaceForComposites._computeInputDepth(CausalityInterfaceForComposites.java:696)
	at ptolemy.actor.util.CausalityInterfaceForComposites._computeActorDepth(CausalityInterfaceForComposites.java:532)
	at ptolemy.actor.util.CausalityInterfaceForComposites.checkForCycles(CausalityInterfaceForComposites.java:96)
	at ptolemy.domains.de.kernel.DEDirector.preinitialize(DEDirector.java:1338)
	at ptolemy.actor.CompositeActor.preinitialize(CompositeActor.java:1828)
	at ptolemy.actor.Manager.preinitializeAndResolveTypes(Manager.java:1040)
	at ptolemy.actor.Manager.initialize(Manager.java:710)
	at ptolemy.actor.Manager.execute(Manager.java:356)
	at ptolemy.actor.Manager.run(Manager.java:1263)
	at ptolemy.actor.Manager$PtolemyRunThread.run(Manager.java:1915)

    while executing
ptolemy.kernel.util.IllegalActionException: Found a zero delay loop containing .dependencyLoop.original
  in .dependencyLoop and .dependencyLoop.original
    while executing
"java::new ptolemy.moml.MoMLSimpleApplication $file
"
    (procedure "createAndExecute" line 2)
    invoked from within
"createAndExecute $file"
    ("uplevel" body line 5)
    invoked from within
"uplevel $contents_of_test"
------------------ testing $PTII/ptolemy/domains/de/test/auto/knownFailedTests/DESDFClockTest.xml (Known Failure) 
2065 ms. Memory: 146944K Free: 117769K (80%)


==== $PTIIhome/travis/build/icyphy/ptII/ptolemy/domains/de/test/../../../../: Auto Automatic test in file $PTII/ptolemy/domains/de/test/auto/knownFailedTests/DESDFClockTest.xml
==== Contents of test case:

	    # FIXME: we should use $relativeFilename here, but it
	    # might have backslashes under Windows, which causes no end
	    # of trouble.
	    createAndExecute $file
	    list {}
	
.... Test generated KNOWN error:
    while executing
ptolemy.kernel.util.IllegalActionException: Actor is not ready to fire.  Perhaps UpSample.prefire() returned false? Try debugging the actor by selecting "Listen to Actor".  Also, for SDF check moml for tokenConsumptionRate on input.
  in .DESDFClockTest.Play Bell.Copy1:SDF Director and .DESDFClockTest.Play Bell.UpSample
	at ptolemy.actor.sched.StaticSchedulingDirector.fire(StaticSchedulingDirector.java:227)
	at ptolemy.domains.sdf.kernel.SDFDirector.fire(SDFDirector.java:500)
	at ptolemy.actor.CompositeActor.fire(CompositeActor.java:455)
	at ptolemy.domains.de.kernel.DEDirector._fire(DEDirector.java:1949)
	at ptolemy.domains.de.kernel.DEDirector.fire(DEDirector.java:502)
	at ptolemy.actor.CompositeActor.fire(CompositeActor.java:455)
	at ptolemy.actor.Manager.iterate(Manager.java:851)
	at ptolemy.actor.Manager.execute(Manager.java:369)
	at ptolemy.actor.Manager.run(Manager.java:1263)
	at ptolemy.actor.Manager$PtolemyRunThread.run(Manager.java:1915)

    while executing
ptolemy.kernel.util.IllegalActionException: Actor is not ready to fire.  Perhaps UpSample.prefire() returned false? Try debugging the actor by selecting "Listen to Actor".  Also, for SDF check moml for tokenConsumptionRate on input.
  in .DESDFClockTest.Play Bell.Copy1:SDF Director and .DESDFClockTest.Play Bell.UpSample
    while executing
"java::new ptolemy.moml.MoMLSimpleApplication $file
"
    (procedure "createAndExecute" line 2)
    invoked from within
"createAndExecute $file"
    ("uplevel" body line 5)
    invoked from within
"uplevel $contents_of_test"
------------------ testing $PTII/ptolemy/domains/de/test/auto/knownFailedTests/FSMSource.xml (Known Failure) 
27 ms. Memory: 146944K Free: 108791K (74%)
!!!! Auto was marked as failing, but now passes
------------------ testing $PTII/ptolemy/domains/de/test/auto/knownFailedTests/dependencyLoop2.xml (Known Failure) 
5 ms. Memory: 146944K Free: 106907K (73%)


==== $PTIIhome/travis/build/icyphy/ptII/ptolemy/domains/de/test/../../../../: Auto Automatic test in file $PTII/ptolemy/domains/de/test/auto/knownFailedTests/dependencyLoop2.xml
==== Contents of test case:

	    # FIXME: we should use $relativeFilename here, but it
	    # might have backslashes under Windows, which causes no end
	    # of trouble.
	    createAndExecute $file
	    list {}
	
.... Test generated KNOWN error:
    while executing
ptolemy.kernel.util.IllegalActionException: Found a zero delay loop containing .dependencyLoop2.original
  in .dependencyLoop2 and .dependencyLoop2.original
	at ptolemy.actor.util.CausalityInterfaceForComposites._computeOutputPortDepth(CausalityInterfaceForComposites.java:759)
	at ptolemy.actor.util.CausalityInterfaceForComposites._computeInputDepth(CausalityInterfaceForComposites.java:696)
	at ptolemy.actor.util.CausalityInterfaceForComposites._computeOutputPortDepth(CausalityInterfaceForComposites.java:765)
	at ptolemy.actor.util.CausalityInterfaceForComposites._computeInputDepth(CausalityInterfaceForComposites.java:696)
	at ptolemy.actor.util.CausalityInterfaceForComposites._computeOutputPortDepth(CausalityInterfaceForComposites.java:765)
	at ptolemy.actor.util.CausalityInterfaceForComposites._computeInputDepth(CausalityInterfaceForComposites.java:696)
	at ptolemy.actor.util.CausalityInterfaceForComposites._computeActorDepth(CausalityInterfaceForComposites.java:532)
	at ptolemy.actor.util.CausalityInterfaceForComposites.checkForCycles(CausalityInterfaceForComposites.java:96)
	at ptolemy.domains.de.kernel.DEDirector.preinitialize(DEDirector.java:1338)
	at ptolemy.actor.CompositeActor.preinitialize(CompositeActor.java:1828)
	at ptolemy.actor.Manager.preinitializeAndResolveTypes(Manager.java:1040)
	at ptolemy.actor.Manager.initialize(Manager.java:710)
	at ptolemy.actor.Manager.execute(Manager.java:356)
	at ptolemy.actor.Manager.run(Manager.java:1263)
	at ptolemy.actor.Manager$PtolemyRunThread.run(Manager.java:1915)

    while executing
ptolemy.kernel.util.IllegalActionException: Found a zero delay loop containing .dependencyLoop2.original
  in .dependencyLoop2 and .dependencyLoop2.original
    while executing
"java::new ptolemy.moml.MoMLSimpleApplication $file
"
    (procedure "createAndExecute" line 2)
    invoked from within
"createAndExecute $file"
    ("uplevel" body line 5)
    invoked from within
"uplevel $contents_of_test"
------------------ testing $PTII/ptolemy/domains/de/test/auto/knownFailedTests/HierarchicalModel.xml (Known Failure) 
10 ms. Memory: 146944K Free: 86323K (59%)


==== $PTIIhome/travis/build/icyphy/ptII/ptolemy/domains/de/test/../../../../: Auto Automatic test in file $PTII/ptolemy/domains/de/test/auto/knownFailedTests/HierarchicalModel.xml
==== Contents of test case:

	    # FIXME: we should use $relativeFilename here, but it
	    # might have backslashes under Windows, which causes no end
	    # of trouble.
	    createAndExecute $file
	    list {}
	
.... Test generated KNOWN error:
    while executing
ptolemy.kernel.util.IllegalActionException: Found a zero delay loop containing .HierarchicalModel.A
  in .HierarchicalModel and .HierarchicalModel.A
	at ptolemy.actor.util.CausalityInterfaceForComposites._computeOutputPortDepth(CausalityInterfaceForComposites.java:759)
	at ptolemy.actor.util.CausalityInterfaceForComposites._computeInputDepth(CausalityInterfaceForComposites.java:696)
	at ptolemy.actor.util.CausalityInterfaceForComposites._computeOutputPortDepth(CausalityInterfaceForComposites.java:765)
	at ptolemy.actor.util.CausalityInterfaceForComposites._computeInputDepth(CausalityInterfaceForComposites.java:696)
	at ptolemy.actor.util.CausalityInterfaceForComposites._computeOutputPortDepth(CausalityInterfaceForComposites.java:765)
	at ptolemy.actor.util.CausalityInterfaceForComposites._computeInputDepth(CausalityInterfaceForComposites.java:696)
	at ptolemy.actor.util.CausalityInterfaceForComposites._computeActorDepth(CausalityInterfaceForComposites.java:532)
	at ptolemy.actor.util.CausalityInterfaceForComposites.checkForCycles(CausalityInterfaceForComposites.java:96)
	at ptolemy.domains.de.kernel.DEDirector.preinitialize(DEDirector.java:1338)
	at ptolemy.actor.CompositeActor.preinitialize(CompositeActor.java:1828)
	at ptolemy.actor.Manager.preinitializeAndResolveTypes(Manager.java:1040)
	at ptolemy.actor.Manager.initialize(Manager.java:710)
	at ptolemy.actor.Manager.execute(Manager.java:356)
	at ptolemy.actor.Manager.run(Manager.java:1263)
	at ptolemy.actor.Manager$PtolemyRunThread.run(Manager.java:1915)

    while executing
ptolemy.kernel.util.IllegalActionException: Found a zero delay loop containing .HierarchicalModel.A
  in .HierarchicalModel and .HierarchicalModel.A
    while executing
"java::new ptolemy.moml.MoMLSimpleApplication $file
"
    (procedure "createAndExecute" line 2)
    invoked from within
"createAndExecute $file"
    ("uplevel" body line 5)
    invoked from within
"uplevel $contents_of_test"
------------------ testing $PTII/ptolemy/domains/de/test/auto/knownFailedTests/DirectFeedback.xml (Known Failure) 
22 ms. Memory: 146944K Free: 142283K (97%)


==== $PTIIhome/travis/build/icyphy/ptII/ptolemy/domains/de/test/../../../../: Auto Automatic test in file $PTII/ptolemy/domains/de/test/auto/knownFailedTests/DirectFeedback.xml
==== Contents of test case:

	    # FIXME: we should use $relativeFilename here, but it
	    # might have backslashes under Windows, which causes no end
	    # of trouble.
	    createAndExecute $file
	    list {}
	
.... Test generated KNOWN error:
    while executing
ptolemy.kernel.util.IllegalActionException: Test fails in iteration 1.
Value was: 1.0. Should have been: 2.0
  in .DirectFeedback.Test
	at ptolemy.actor.lib.Test.fire(Test.java:268)
	at ptolemy.domains.de.kernel.DEDirector._fire(DEDirector.java:1949)
	at ptolemy.domains.de.kernel.DEDirector.fire(DEDirector.java:502)
	at ptolemy.actor.CompositeActor.fire(CompositeActor.java:455)
	at ptolemy.actor.Manager.iterate(Manager.java:851)
	at ptolemy.actor.Manager.execute(Manager.java:369)
	at ptolemy.actor.Manager.run(Manager.java:1263)
	at ptolemy.actor.Manager$PtolemyRunThread.run(Manager.java:1915)

    while executing
ptolemy.kernel.util.IllegalActionException: Test fails in iteration 1.
Value was: 1.0. Should have been: 2.0
  in .DirectFeedback.Test
    while executing
"java::new ptolemy.moml.MoMLSimpleApplication $file
"
    (procedure "createAndExecute" line 2)
    invoked from within
"createAndExecute $file"
    ("uplevel" body line 5)
    invoked from within
"uplevel $contents_of_test"
------------------ testing $PTII/ptolemy/domains/de/test/auto/ActorDepthCalculation_actorWithoutPorts.xml
auto.tcl: Setting watchdog for 200 seconds at Thu Nov 22 03:32:54 UTC 2018
8 ms. Memory: 146944K Free: 133573K (91%)
ptolemy.util.test.WatchDog.cancel(): canceling Thu Nov 22 03:32:54 UTC 2018
auto.tcl: Setting watchdog for 200 seconds at Thu Nov 22 03:32:54 UTC 2018
5 ms. Memory: 146944K Free: 132534K (90%)
ptolemy.util.test.WatchDog.cancel(): canceling Thu Nov 22 03:32:54 UTC 2018
------------------ testing $PTII/ptolemy/domains/de/test/auto/AssemblyLine.xml
auto.tcl: Setting watchdog for 200 seconds at Thu Nov 22 03:32:54 UTC 2018
18 ms. Memory: 208384K Free: 181583K (87%)
ptolemy.util.test.WatchDog.cancel(): canceling Thu Nov 22 03:32:54 UTC 2018
auto.tcl: Setting watchdog for 200 seconds at Thu Nov 22 03:32:54 UTC 2018
11 ms. Memory: 208384K Free: 181583K (87%)
ptolemy.util.test.WatchDog.cancel(): canceling Thu Nov 22 03:32:54 UTC 2018
------------------ testing $PTII/ptolemy/domains/de/test/auto/CQBug1.xml
auto.tcl: Setting watchdog for 200 seconds at Thu Nov 22 03:32:54 UTC 2018
6 ms. Memory: 208384K Free: 196129K (94%)
ptolemy.util.test.WatchDog.cancel(): canceling Thu Nov 22 03:32:55 UTC 2018
auto.tcl: Setting watchdog for 200 seconds at Thu Nov 22 03:32:55 UTC 2018
2 ms. Memory: 208384K Free: 196129K (94%)
ptolemy.util.test.WatchDog.cancel(): canceling Thu Nov 22 03:32:55 UTC 2018
------------------ testing $PTII/ptolemy/domains/de/test/auto/CancelFireAt.xml
auto.tcl: Setting watchdog for 200 seconds at Thu Nov 22 03:32:55 UTC 2018
3 ms. Memory: 208384K Free: 201079K (96%)
ptolemy.util.test.WatchDog.cancel(): canceling Thu Nov 22 03:32:55 UTC 2018
auto.tcl: Setting watchdog for 200 seconds at Thu Nov 22 03:32:55 UTC 2018
4 ms. Memory: 208384K Free: 198976K (95%)
ptolemy.util.test.WatchDog.cancel(): canceling Thu Nov 22 03:32:55 UTC 2018
------------------ testing $PTII/ptolemy/domains/de/test/auto/CausalityAndComposabilityAnalysis.xml
auto.tcl: Setting watchdog for 200 seconds at Thu Nov 22 03:32:55 UTC 2018
13 ms. Memory: 208384K Free: 196881K (94%)
ptolemy.util.test.WatchDog.cancel(): canceling Thu Nov 22 03:32:55 UTC 2018
auto.tcl: Setting watchdog for 200 seconds at Thu Nov 22 03:32:55 UTC 2018
10 ms. Memory: 208384K Free: 196881K (94%)
ptolemy.util.test.WatchDog.cancel(): canceling Thu Nov 22 03:32:55 UTC 2018
------------------ testing $PTII/ptolemy/domains/de/test/auto/CausalityInterface1.xml
auto.tcl: Setting watchdog for 200 seconds at Thu Nov 22 03:32:55 UTC 2018
14 ms. Memory: 208384K Free: 196407K (94%)
ptolemy.util.test.WatchDog.cancel(): canceling Thu Nov 22 03:32:55 UTC 2018
auto.tcl: Setting watchdog for 200 seconds at Thu Nov 22 03:32:55 UTC 2018
4 ms. Memory: 208384K Free: 196407K (94%)
ptolemy.util.test.WatchDog.cancel(): canceling Thu Nov 22 03:32:55 UTC 2018
------------------ testing $PTII/ptolemy/domains/de/test/auto/CausalityInterface15.xml
auto.tcl: Setting watchdog for 200 seconds at Thu Nov 22 03:32:55 UTC 2018
6 ms. Memory: 208384K Free: 196397K (94%)
ptolemy.util.test.WatchDog.cancel(): canceling Thu Nov 22 03:32:55 UTC 2018
auto.tcl: Setting watchdog for 200 seconds at Thu Nov 22 03:32:55 UTC 2018
5 ms. Memory: 208384K Free: 196397K (94%)
ptolemy.util.test.WatchDog.cancel(): canceling Thu Nov 22 03:32:55 UTC 2018
------------------ testing $PTII/ptolemy/domains/de/test/auto/CausalityInterface2.xml
auto.tcl: Setting watchdog for 200 seconds at Thu Nov 22 03:32:55 UTC 2018
16 ms. Memory: 208384K Free: 196381K (94%)
ptolemy.util.test.WatchDog.cancel(): canceling Thu Nov 22 03:32:55 UTC 2018
auto.tcl: Setting watchdog for 200 seconds at Thu Nov 22 03:32:55 UTC 2018
3 ms. Memory: 208384K Free: 196381K (94%)
ptolemy.util.test.WatchDog.cancel(): canceling Thu Nov 22 03:32:55 UTC 2018
------------------ testing $PTII/ptolemy/domains/de/test/auto/CausalityInterface3.xml
auto.tcl: Setting watchdog for 200 seconds at Thu Nov 22 03:32:55 UTC 2018
3 ms. Memory: 208384K Free: 196394K (94%)
ptolemy.util.test.WatchDog.cancel(): canceling Thu Nov 22 03:32:55 UTC 2018
auto.tcl: Setting watchdog for 200 seconds at Thu Nov 22 03:32:55 UTC 2018
10 ms. Memory: 208384K Free: 196394K (94%)
ptolemy.util.test.WatchDog.cancel(): canceling Thu Nov 22 03:32:55 UTC 2018
------------------ testing $PTII/ptolemy/domains/de/test/auto/ClockDrift.xml
auto.tcl: Setting watchdog for 200 seconds at Thu Nov 22 03:32:55 UTC 2018
65 ms. Memory: 208384K Free: 187617K (90%)
ptolemy.util.test.WatchDog.cancel(): canceling Thu Nov 22 03:32:55 UTC 2018
auto.tcl: Setting watchdog for 200 seconds at Thu Nov 22 03:32:55 UTC 2018
44 ms. Memory: 208384K Free: 185514K (89%)
ptolemy.util.test.WatchDog.cancel(): canceling Thu Nov 22 03:32:55 UTC 2018
------------------ testing $PTII/ptolemy/domains/de/test/auto/ClockDriftAndValueChange.xml
auto.tcl: Setting watchdog for 200 seconds at Thu Nov 22 03:32:55 UTC 2018
55 ms. Memory: 208384K Free: 187449K (90%)
ptolemy.util.test.WatchDog.cancel(): canceling Thu Nov 22 03:32:56 UTC 2018
auto.tcl: Setting watchdog for 200 seconds at Thu Nov 22 03:32:56 UTC 2018
28 ms. Memory: 208384K Free: 185346K (89%)
ptolemy.util.test.WatchDog.cancel(): canceling Thu Nov 22 03:32:56 UTC 2018
------------------ testing $PTII/ptolemy/domains/de/test/auto/ClockDriftChange.xml
auto.tcl: Setting watchdog for 200 seconds at Thu Nov 22 03:32:56 UTC 2018
41 ms. Memory: 208384K Free: 190780K (92%)
ptolemy.util.test.WatchDog.cancel(): canceling Thu Nov 22 03:32:56 UTC 2018
auto.tcl: Setting watchdog for 200 seconds at Thu Nov 22 03:32:56 UTC 2018
30 ms. Memory: 208384K Free: 188678K (91%)
ptolemy.util.test.WatchDog.cancel(): canceling Thu Nov 22 03:32:56 UTC 2018
------------------ testing $PTII/ptolemy/domains/de/test/auto/ComposableCausalityAnalysis.xml
auto.tcl: Setting watchdog for 200 seconds at Thu Nov 22 03:32:56 UTC 2018
2 ms. Memory: 208384K Free: 196587K (94%)
ptolemy.util.test.WatchDog.cancel(): canceling Thu Nov 22 03:32:56 UTC 2018
auto.tcl: Setting watchdog for 200 seconds at Thu Nov 22 03:32:56 UTC 2018
2 ms. Memory: 208384K Free: 194484K (93%)
ptolemy.util.test.WatchDog.cancel(): canceling Thu Nov 22 03:32:56 UTC 2018
------------------ testing $PTII/ptolemy/domains/de/test/auto/DEFixedPointLimitation.xml
auto.tcl: Setting watchdog for 200 seconds at Thu Nov 22 03:32:56 UTC 2018
1 ms. Memory: 208384K Free: 196330K (94%)
ptolemy.util.test.WatchDog.cancel(): canceling Thu Nov 22 03:32:56 UTC 2018
auto.tcl: Setting watchdog for 200 seconds at Thu Nov 22 03:32:56 UTC 2018
1 ms. Memory: 208384K Free: 196330K (94%)
ptolemy.util.test.WatchDog.cancel(): canceling Thu Nov 22 03:32:56 UTC 2018
------------------ testing $PTII/ptolemy/domains/de/test/auto/DEScheduleTest.xml
auto.tcl: Setting watchdog for 200 seconds at Thu Nov 22 03:32:56 UTC 2018
5 ms. Memory: 208384K Free: 198469K (95%)
ptolemy.util.test.WatchDog.cancel(): canceling Thu Nov 22 03:32:56 UTC 2018
auto.tcl: Setting watchdog for 200 seconds at Thu Nov 22 03:32:56 UTC 2018
4 ms. Memory: 208384K Free: 196366K (94%)
ptolemy.util.test.WatchDog.cancel(): canceling Thu Nov 22 03:32:56 UTC 2018
------------------ testing $PTII/ptolemy/domains/de/test/auto/DEinDEwithStartTimes.xml
auto.tcl: Setting watchdog for 200 seconds at Thu Nov 22 03:32:56 UTC 2018
7 ms. Memory: 208384K Free: 196336K (94%)
ptolemy.util.test.WatchDog.cancel(): canceling Thu Nov 22 03:32:56 UTC 2018
auto.tcl: Setting watchdog for 200 seconds at Thu Nov 22 03:32:56 UTC 2018
4 ms. Memory: 208384K Free: 194233K (93%)
ptolemy.util.test.WatchDog.cancel(): canceling Thu Nov 22 03:32:56 UTC 2018
------------------ testing $PTII/ptolemy/domains/de/test/auto/DEinDEwithStartTimes2.xml
auto.tcl: Setting watchdog for 200 seconds at Thu Nov 22 03:32:56 UTC 2018
3 ms. Memory: 208384K Free: 196315K (94%)
ptolemy.util.test.WatchDog.cancel(): canceling Thu Nov 22 03:32:56 UTC 2018
auto.tcl: Setting watchdog for 200 seconds at Thu Nov 22 03:32:56 UTC 2018
4 ms. Memory: 208384K Free: 194212K (93%)
ptolemy.util.test.WatchDog.cancel(): canceling Thu Nov 22 03:32:56 UTC 2018
------------------ testing $PTII/ptolemy/domains/de/test/auto/DateDemo.xml
auto.tcl: Setting watchdog for 200 seconds at Thu Nov 22 03:32:56 UTC 2018
8 ms. Memory: 208384K Free: 188744K (91%)
ptolemy.util.test.WatchDog.cancel(): canceling Thu Nov 22 03:32:56 UTC 2018
auto.tcl: Setting watchdog for 200 seconds at Thu Nov 22 03:32:56 UTC 2018
12 ms. Memory: 208384K Free: 186641K (90%)
ptolemy.util.test.WatchDog.cancel(): canceling Thu Nov 22 03:32:56 UTC 2018
------------------ testing $PTII/ptolemy/domains/de/test/auto/DateToEvent.xml
auto.tcl: Setting watchdog for 200 seconds at Thu Nov 22 03:32:56 UTC 2018
2013 ms. Memory: 208384K Free: 183451K (88%)
ptolemy.util.test.WatchDog.cancel(): canceling Thu Nov 22 03:32:58 UTC 2018
auto.tcl: Setting watchdog for 200 seconds at Thu Nov 22 03:32:58 UTC 2018
2006 ms. Memory: 208384K Free: 180994K (87%)
ptolemy.util.test.WatchDog.cancel(): canceling Thu Nov 22 03:33:00 UTC 2018
------------------ testing $PTII/ptolemy/domains/de/test/auto/DepthTest1.xml
auto.tcl: Setting watchdog for 200 seconds at Thu Nov 22 03:33:00 UTC 2018
3 ms. Memory: 208384K Free: 197999K (95%)
ptolemy.util.test.WatchDog.cancel(): canceling Thu Nov 22 03:33:00 UTC 2018
auto.tcl: Setting watchdog for 200 seconds at Thu Nov 22 03:33:00 UTC 2018
2 ms. Memory: 208384K Free: 197999K (95%)
ptolemy.util.test.WatchDog.cancel(): canceling Thu Nov 22 03:33:00 UTC 2018
------------------ testing $PTII/ptolemy/domains/de/test/auto/DepthTest2.xml
auto.tcl: Setting watchdog for 200 seconds at Thu Nov 22 03:33:01 UTC 2018
4 ms. Memory: 208384K Free: 194195K (93%)
ptolemy.util.test.WatchDog.cancel(): canceling Thu Nov 22 03:33:01 UTC 2018
auto.tcl: Setting watchdog for 200 seconds at Thu Nov 22 03:33:01 UTC 2018
5 ms. Memory: 208384K Free: 194195K (93%)
ptolemy.util.test.WatchDog.cancel(): canceling Thu Nov 22 03:33:01 UTC 2018
------------------ testing $PTII/ptolemy/domains/de/test/auto/DepthTest3.xml
auto.tcl: Setting watchdog for 200 seconds at Thu Nov 22 03:33:01 UTC 2018
2 ms. Memory: 208384K Free: 198334K (95%)
ptolemy.util.test.WatchDog.cancel(): canceling Thu Nov 22 03:33:01 UTC 2018
auto.tcl: Setting watchdog for 200 seconds at Thu Nov 22 03:33:01 UTC 2018
1 ms. Memory: 208384K Free: 198334K (95%)
ptolemy.util.test.WatchDog.cancel(): canceling Thu Nov 22 03:33:01 UTC 2018
------------------ testing $PTII/ptolemy/domains/de/test/auto/DepthTest4.xml
auto.tcl: Setting watchdog for 200 seconds at Thu Nov 22 03:33:01 UTC 2018
3 ms. Memory: 208384K Free: 196319K (94%)
ptolemy.util.test.WatchDog.cancel(): canceling Thu Nov 22 03:33:01 UTC 2018
auto.tcl: Setting watchdog for 200 seconds at Thu Nov 22 03:33:01 UTC 2018
3 ms. Memory: 208384K Free: 196319K (94%)
ptolemy.util.test.WatchDog.cancel(): canceling Thu Nov 22 03:33:01 UTC 2018
------------------ testing $PTII/ptolemy/domains/de/test/auto/DepthTest5.xml
auto.tcl: Setting watchdog for 200 seconds at Thu Nov 22 03:33:01 UTC 2018
8 ms. Memory: 208384K Free: 196266K (94%)
ptolemy.util.test.WatchDog.cancel(): canceling Thu Nov 22 03:33:01 UTC 2018
auto.tcl: Setting watchdog for 200 seconds at Thu Nov 22 03:33:01 UTC 2018
2 ms. Memory: 208384K Free: 196266K (94%)
ptolemy.util.test.WatchDog.cancel(): canceling Thu Nov 22 03:33:01 UTC 2018
------------------ testing $PTII/ptolemy/domains/de/test/auto/DepthTest6.xml
auto.tcl: Setting watchdog for 200 seconds at Thu Nov 22 03:33:01 UTC 2018
7 ms. Memory: 208384K Free: 196241K (94%)
ptolemy.util.test.WatchDog.cancel(): canceling Thu Nov 22 03:33:01 UTC 2018
auto.tcl: Setting watchdog for 200 seconds at Thu Nov 22 03:33:01 UTC 2018
3 ms. Memory: 208384K Free: 196241K (94%)
ptolemy.util.test.WatchDog.cancel(): canceling Thu Nov 22 03:33:01 UTC 2018
------------------ testing $PTII/ptolemy/domains/de/test/auto/DepthTest7.xml
auto.tcl: Setting watchdog for 200 seconds at Thu Nov 22 03:33:01 UTC 2018
3 ms. Memory: 208384K Free: 196223K (94%)
ptolemy.util.test.WatchDog.cancel(): canceling Thu Nov 22 03:33:01 UTC 2018
auto.tcl: Setting watchdog for 200 seconds at Thu Nov 22 03:33:01 UTC 2018
2 ms. Memory: 208384K Free: 196223K (94%)
ptolemy.util.test.WatchDog.cancel(): canceling Thu Nov 22 03:33:01 UTC 2018
------------------ testing $PTII/ptolemy/domains/de/test/auto/EventToDate.xml
auto.tcl: Setting watchdog for 200 seconds at Thu Nov 22 03:33:01 UTC 2018
3006 ms. Memory: 208384K Free: 185730K (89%)
ptolemy.util.test.WatchDog.cancel(): canceling Thu Nov 22 03:33:04 UTC 2018
auto.tcl: Setting watchdog for 200 seconds at Thu Nov 22 03:33:04 UTC 2018
3004 ms. Memory: 208384K Free: 185730K (89%)
ptolemy.util.test.WatchDog.cancel(): canceling Thu Nov 22 03:33:07 UTC 2018
------------------ testing $PTII/ptolemy/domains/de/test/auto/FSM1.xml
auto.tcl: Setting watchdog for 200 seconds at Thu Nov 22 03:33:07 UTC 2018
17 ms. Memory: 208384K Free: 189269K (91%)
ptolemy.util.test.WatchDog.cancel(): canceling Thu Nov 22 03:33:07 UTC 2018
auto.tcl: Setting watchdog for 200 seconds at Thu Nov 22 03:33:07 UTC 2018
18 ms. Memory: 208384K Free: 185063K (89%)
ptolemy.util.test.WatchDog.cancel(): canceling Thu Nov 22 03:33:07 UTC 2018
------------------ testing $PTII/ptolemy/domains/de/test/auto/FSM7.xml
auto.tcl: Setting watchdog for 200 seconds at Thu Nov 22 03:33:07 UTC 2018
28 ms. Memory: 208384K Free: 187368K (90%)
ptolemy.util.test.WatchDog.cancel(): canceling Thu Nov 22 03:33:07 UTC 2018
auto.tcl: Setting watchdog for 200 seconds at Thu Nov 22 03:33:07 UTC 2018
15 ms. Memory: 208384K Free: 185266K (89%)
ptolemy.util.test.WatchDog.cancel(): canceling Thu Nov 22 03:33:07 UTC 2018
------------------ testing $PTII/ptolemy/domains/de/test/auto/Inspection.xml
auto.tcl: Setting watchdog for 200 seconds at Thu Nov 22 03:33:07 UTC 2018
44 ms. Memory: 208384K Free: 188919K (91%)
ptolemy.util.test.WatchDog.cancel(): canceling Thu Nov 22 03:33:07 UTC 2018
auto.tcl: Setting watchdog for 200 seconds at Thu Nov 22 03:33:07 UTC 2018
31 ms. Memory: 208384K Free: 186816K (90%)
ptolemy.util.test.WatchDog.cancel(): canceling Thu Nov 22 03:33:07 UTC 2018
------------------ testing $PTII/ptolemy/domains/de/test/auto/Iteration.xml
auto.tcl: Setting watchdog for 200 seconds at Thu Nov 22 03:33:08 UTC 2018
20 ms. Memory: 208384K Free: 196365K (94%)
ptolemy.util.test.WatchDog.cancel(): canceling Thu Nov 22 03:33:08 UTC 2018
auto.tcl: Setting watchdog for 200 seconds at Thu Nov 22 03:33:08 UTC 2018
7 ms. Memory: 208384K Free: 194262K (93%)
ptolemy.util.test.WatchDog.cancel(): canceling Thu Nov 22 03:33:08 UTC 2018
------------------ testing $PTII/ptolemy/domains/de/test/auto/LineFault.xml
auto.tcl: Setting watchdog for 200 seconds at Thu Nov 22 03:33:08 UTC 2018
742 ms. Memory: 208384K Free: 196612K (94%)
ptolemy.util.test.WatchDog.cancel(): canceling Thu Nov 22 03:33:09 UTC 2018
auto.tcl: Setting watchdog for 200 seconds at Thu Nov 22 03:33:09 UTC 2018
558 ms. Memory: 208384K Free: 141035K (68%)
ptolemy.util.test.WatchDog.cancel(): canceling Thu Nov 22 03:33:09 UTC 2018
------------------ testing $PTII/ptolemy/domains/de/test/auto/MergeModel1Add.xml
auto.tcl: Setting watchdog for 200 seconds at Thu Nov 22 03:33:09 UTC 2018
27 ms. Memory: 331264K Free: 298734K (90%)
ptolemy.util.test.WatchDog.cancel(): canceling Thu Nov 22 03:33:09 UTC 2018
auto.tcl: Setting watchdog for 200 seconds at Thu Nov 22 03:33:09 UTC 2018
15 ms. Memory: 331264K Free: 298734K (90%)
ptolemy.util.test.WatchDog.cancel(): canceling Thu Nov 22 03:33:09 UTC 2018
------------------ testing $PTII/ptolemy/domains/de/test/auto/MergeModel2Add.xml
auto.tcl: Setting watchdog for 200 seconds at Thu Nov 22 03:33:09 UTC 2018
11 ms. Memory: 331264K Free: 304077K (92%)
ptolemy.util.test.WatchDog.cancel(): canceling Thu Nov 22 03:33:09 UTC 2018
auto.tcl: Setting watchdog for 200 seconds at Thu Nov 22 03:33:09 UTC 2018
11 ms. Memory: 331264K Free: 300104K (91%)
ptolemy.util.test.WatchDog.cancel(): canceling Thu Nov 22 03:33:09 UTC 2018
------------------ testing $PTII/ptolemy/domains/de/test/auto/MergeModel3Add.xml
auto.tcl: Setting watchdog for 200 seconds at Thu Nov 22 03:33:09 UTC 2018
9 ms. Memory: 331264K Free: 304064K (92%)
ptolemy.util.test.WatchDog.cancel(): canceling Thu Nov 22 03:33:10 UTC 2018
auto.tcl: Setting watchdog for 200 seconds at Thu Nov 22 03:33:10 UTC 2018
9 ms. Memory: 331264K Free: 300106K (91%)
ptolemy.util.test.WatchDog.cancel(): canceling Thu Nov 22 03:33:10 UTC 2018
------------------ testing $PTII/ptolemy/domains/de/test/auto/MergeWithoutDiscard.xml
auto.tcl: Setting watchdog for 200 seconds at Thu Nov 22 03:33:10 UTC 2018
2 ms. Memory: 331264K Free: 320202K (97%)
ptolemy.util.test.WatchDog.cancel(): canceling Thu Nov 22 03:33:10 UTC 2018
auto.tcl: Setting watchdog for 200 seconds at Thu Nov 22 03:33:10 UTC 2018
1 ms. Memory: 331264K Free: 315958K (95%)
ptolemy.util.test.WatchDog.cancel(): canceling Thu Nov 22 03:33:10 UTC 2018
------------------ testing $PTII/ptolemy/domains/de/test/auto/Modal1.xml
auto.tcl: Setting watchdog for 200 seconds at Thu Nov 22 03:33:10 UTC 2018
12 ms. Memory: 331264K Free: 309833K (94%)
ptolemy.util.test.WatchDog.cancel(): canceling Thu Nov 22 03:33:10 UTC 2018
auto.tcl: Setting watchdog for 200 seconds at Thu Nov 22 03:33:10 UTC 2018
12 ms. Memory: 331264K Free: 305876K (92%)
ptolemy.util.test.WatchDog.cancel(): canceling Thu Nov 22 03:33:10 UTC 2018
------------------ testing $PTII/ptolemy/domains/de/test/auto/Modal2.xml
auto.tcl: Setting watchdog for 200 seconds at Thu Nov 22 03:33:10 UTC 2018
16 ms. Memory: 331264K Free: 309699K (93%)
ptolemy.util.test.WatchDog.cancel(): canceling Thu Nov 22 03:33:10 UTC 2018
auto.tcl: Setting watchdog for 200 seconds at Thu Nov 22 03:33:10 UTC 2018
17 ms. Memory: 331264K Free: 305741K (92%)
ptolemy.util.test.WatchDog.cancel(): canceling Thu Nov 22 03:33:10 UTC 2018
------------------ testing $PTII/ptolemy/domains/de/test/auto/Modal3.xml
auto.tcl: Setting watchdog for 200 seconds at Thu Nov 22 03:33:10 UTC 2018
16 ms. Memory: 331264K Free: 309713K (93%)
ptolemy.util.test.WatchDog.cancel(): canceling Thu Nov 22 03:33:10 UTC 2018
auto.tcl: Setting watchdog for 200 seconds at Thu Nov 22 03:33:10 UTC 2018
9 ms. Memory: 331264K Free: 305748K (92%)
ptolemy.util.test.WatchDog.cancel(): canceling Thu Nov 22 03:33:10 UTC 2018
------------------ testing $PTII/ptolemy/domains/de/test/auto/Modal4.xml
auto.tcl: Setting watchdog for 200 seconds at Thu Nov 22 03:33:10 UTC 2018
15 ms. Memory: 331264K Free: 309711K (93%)
ptolemy.util.test.WatchDog.cancel(): canceling Thu Nov 22 03:33:10 UTC 2018
auto.tcl: Setting watchdog for 200 seconds at Thu Nov 22 03:33:10 UTC 2018
23 ms. Memory: 331264K Free: 305753K (92%)
ptolemy.util.test.WatchDog.cancel(): canceling Thu Nov 22 03:33:10 UTC 2018
------------------ testing $PTII/ptolemy/domains/de/test/auto/Modal5.xml
auto.tcl: Setting watchdog for 200 seconds at Thu Nov 22 03:33:10 UTC 2018
14 ms. Memory: 331264K Free: 309698K (93%)
ptolemy.util.test.WatchDog.cancel(): canceling Thu Nov 22 03:33:10 UTC 2018
auto.tcl: Setting watchdog for 200 seconds at Thu Nov 22 03:33:10 UTC 2018
12 ms. Memory: 331264K Free: 305724K (92%)
ptolemy.util.test.WatchDog.cancel(): canceling Thu Nov 22 03:33:10 UTC 2018
------------------ testing $PTII/ptolemy/domains/de/test/auto/Modal6.xml
auto.tcl: Setting watchdog for 200 seconds at Thu Nov 22 03:33:10 UTC 2018
10 ms. Memory: 331264K Free: 309695K (93%)
ptolemy.util.test.WatchDog.cancel(): canceling Thu Nov 22 03:33:10 UTC 2018
auto.tcl: Setting watchdog for 200 seconds at Thu Nov 22 03:33:10 UTC 2018
12 ms. Memory: 331264K Free: 305721K (92%)
ptolemy.util.test.WatchDog.cancel(): canceling Thu Nov 22 03:33:10 UTC 2018
------------------ testing $PTII/ptolemy/domains/de/test/auto/Modal7.xml
auto.tcl: Setting watchdog for 200 seconds at Thu Nov 22 03:33:10 UTC 2018
10 ms. Memory: 331264K Free: 309687K (93%)
ptolemy.util.test.WatchDog.cancel(): canceling Thu Nov 22 03:33:10 UTC 2018
auto.tcl: Setting watchdog for 200 seconds at Thu Nov 22 03:33:10 UTC 2018
9 ms. Memory: 331264K Free: 305713K (92%)
ptolemy.util.test.WatchDog.cancel(): canceling Thu Nov 22 03:33:10 UTC 2018
------------------ testing $PTII/ptolemy/domains/de/test/auto/ModalModel.xml
auto.tcl: Setting watchdog for 200 seconds at Thu Nov 22 03:33:10 UTC 2018
166 ms. Memory: 331264K Free: 248429K (75%)
ptolemy.util.test.WatchDog.cancel(): canceling Thu Nov 22 03:33:11 UTC 2018
auto.tcl: Setting watchdog for 200 seconds at Thu Nov 22 03:33:11 UTC 2018
172 ms. Memory: 331264K Free: 192971K (58%)
ptolemy.util.test.WatchDog.cancel(): canceling Thu Nov 22 03:33:11 UTC 2018
------------------ testing $PTII/ptolemy/domains/de/test/auto/ModalSource.xml
auto.tcl: Setting watchdog for 200 seconds at Thu Nov 22 03:33:11 UTC 2018
9 ms. Memory: 331264K Free: 316463K (96%)
ptolemy.util.test.WatchDog.cancel(): canceling Thu Nov 22 03:33:11 UTC 2018
auto.tcl: Setting watchdog for 200 seconds at Thu Nov 22 03:33:11 UTC 2018
6 ms. Memory: 331264K Free: 312923K (94%)
ptolemy.util.test.WatchDog.cancel(): canceling Thu Nov 22 03:33:11 UTC 2018
------------------ testing $PTII/ptolemy/domains/de/test/auto/NonInterruptibleTimerZeroDelay.xml
auto.tcl: Setting watchdog for 200 seconds at Thu Nov 22 03:33:11 UTC 2018
4 ms. Memory: 331264K Free: 320856K (97%)
ptolemy.util.test.WatchDog.cancel(): canceling Thu Nov 22 03:33:11 UTC 2018
auto.tcl: Setting watchdog for 200 seconds at Thu Nov 22 03:33:11 UTC 2018
2 ms. Memory: 331264K Free: 317316K (96%)
ptolemy.util.test.WatchDog.cancel(): canceling Thu Nov 22 03:33:11 UTC 2018
------------------ testing $PTII/ptolemy/domains/de/test/auto/OpenQueueingNetwork.xml
auto.tcl: Setting watchdog for 200 seconds at Thu Nov 22 03:33:11 UTC 2018
2772 ms. Memory: 317952K Free: 153237K (48%)
ptolemy.util.test.WatchDog.cancel(): canceling Thu Nov 22 03:33:14 UTC 2018
auto.tcl: Setting watchdog for 200 seconds at Thu Nov 22 03:33:14 UTC 2018
2470 ms. Memory: 287232K Free: 220803K (77%)
ptolemy.util.test.WatchDog.cancel(): canceling Thu Nov 22 03:33:16 UTC 2018
------------------ testing $PTII/ptolemy/domains/de/test/auto/OpenQueuingNetwork.xml
auto.tcl: Setting watchdog for 200 seconds at Thu Nov 22 03:33:16 UTC 2018
266 ms. Memory: 287232K Free: 187645K (65%)
ptolemy.util.test.WatchDog.cancel(): canceling Thu Nov 22 03:33:17 UTC 2018
auto.tcl: Setting watchdog for 200 seconds at Thu Nov 22 03:33:17 UTC 2018
217 ms. Memory: 287232K Free: 127459K (44%)
ptolemy.util.test.WatchDog.cancel(): canceling Thu Nov 22 03:33:17 UTC 2018
------------------ testing $PTII/ptolemy/domains/de/test/auto/PeriodicSampler.xml
auto.tcl: Setting watchdog for 200 seconds at Thu Nov 22 03:33:17 UTC 2018
3 ms. Memory: 289792K Free: 274873K (95%)
ptolemy.util.test.WatchDog.cancel(): canceling Thu Nov 22 03:33:17 UTC 2018
auto.tcl: Setting watchdog for 200 seconds at Thu Nov 22 03:33:17 UTC 2018
2 ms. Memory: 289792K Free: 274873K (95%)
ptolemy.util.test.WatchDog.cancel(): canceling Thu Nov 22 03:33:17 UTC 2018
------------------ testing $PTII/ptolemy/domains/de/test/auto/PersistentIO.xml
auto.tcl: Setting watchdog for 200 seconds at Thu Nov 22 03:33:17 UTC 2018
14 ms. Memory: 287232K Free: 267098K (93%)
ptolemy.util.test.WatchDog.cancel(): canceling Thu Nov 22 03:33:17 UTC 2018
auto.tcl: Setting watchdog for 200 seconds at Thu Nov 22 03:33:17 UTC 2018
4 ms. Memory: 287232K Free: 267098K (93%)
ptolemy.util.test.WatchDog.cancel(): canceling Thu Nov 22 03:33:17 UTC 2018
------------------ testing $PTII/ptolemy/domains/de/test/auto/PortParameterResetOnInitialize.xml
auto.tcl: Setting watchdog for 200 seconds at Thu Nov 22 03:33:17 UTC 2018
2 ms. Memory: 289280K Free: 274705K (95%)
ptolemy.util.test.WatchDog.cancel(): canceling Thu Nov 22 03:33:17 UTC 2018
auto.tcl: Setting watchdog for 200 seconds at Thu Nov 22 03:33:17 UTC 2018
1 ms. Memory: 289280K Free: 274705K (95%)
ptolemy.util.test.WatchDog.cancel(): canceling Thu Nov 22 03:33:17 UTC 2018
------------------ testing $PTII/ptolemy/domains/de/test/auto/PortParameterUpdates.xml
auto.tcl: Setting watchdog for 200 seconds at Thu Nov 22 03:33:17 UTC 2018
3 ms. Memory: 287232K Free: 272798K (95%)
ptolemy.util.test.WatchDog.cancel(): canceling Thu Nov 22 03:33:17 UTC 2018
auto.tcl: Setting watchdog for 200 seconds at Thu Nov 22 03:33:17 UTC 2018
3 ms. Memory: 287232K Free: 269891K (94%)
ptolemy.util.test.WatchDog.cancel(): canceling Thu Nov 22 03:33:17 UTC 2018
------------------ testing $PTII/ptolemy/domains/de/test/auto/QueueAndServer.xml
auto.tcl: Setting watchdog for 200 seconds at Thu Nov 22 03:33:17 UTC 2018
6 ms. Memory: 289280K Free: 273961K (95%)
ptolemy.util.test.WatchDog.cancel(): canceling Thu Nov 22 03:33:17 UTC 2018
auto.tcl: Setting watchdog for 200 seconds at Thu Nov 22 03:33:17 UTC 2018
6 ms. Memory: 289280K Free: 273961K (95%)
ptolemy.util.test.WatchDog.cancel(): canceling Thu Nov 22 03:33:17 UTC 2018
------------------ testing $PTII/ptolemy/domains/de/test/auto/Records.xml
auto.tcl: Setting watchdog for 200 seconds at Thu Nov 22 03:33:17 UTC 2018
4 ms. Memory: 287232K Free: 274753K (96%)
ptolemy.util.test.WatchDog.cancel(): canceling Thu Nov 22 03:33:17 UTC 2018
auto.tcl: Setting watchdog for 200 seconds at Thu Nov 22 03:33:17 UTC 2018
2 ms. Memory: 287232K Free: 274753K (96%)
ptolemy.util.test.WatchDog.cancel(): canceling Thu Nov 22 03:33:17 UTC 2018
------------------ testing $PTII/ptolemy/domains/de/test/auto/ResetTransitionWithStartTime1.xml
auto.tcl: Setting watchdog for 200 seconds at Thu Nov 22 03:33:17 UTC 2018
18 ms. Memory: 288768K Free: 273525K (95%)
ptolemy.util.test.WatchDog.cancel(): canceling Thu Nov 22 03:33:17 UTC 2018
auto.tcl: Setting watchdog for 200 seconds at Thu Nov 22 03:33:17 UTC 2018
5 ms. Memory: 288768K Free: 270516K (94%)
ptolemy.util.test.WatchDog.cancel(): canceling Thu Nov 22 03:33:17 UTC 2018
------------------ testing $PTII/ptolemy/domains/de/test/auto/ResetTransitionWithStartTime2.xml
auto.tcl: Setting watchdog for 200 seconds at Thu Nov 22 03:33:18 UTC 2018
5 ms. Memory: 287232K Free: 271964K (95%)
ptolemy.util.test.WatchDog.cancel(): canceling Thu Nov 22 03:33:18 UTC 2018
auto.tcl: Setting watchdog for 200 seconds at Thu Nov 22 03:33:18 UTC 2018
10 ms. Memory: 287232K Free: 269057K (94%)
ptolemy.util.test.WatchDog.cancel(): canceling Thu Nov 22 03:33:18 UTC 2018
------------------ testing $PTII/ptolemy/domains/de/test/auto/ResetTransitionWithStartTime3.xml
auto.tcl: Setting watchdog for 200 seconds at Thu Nov 22 03:33:18 UTC 2018
5 ms. Memory: 288768K Free: 273406K (95%)
ptolemy.util.test.WatchDog.cancel(): canceling Thu Nov 22 03:33:18 UTC 2018
auto.tcl: Setting watchdog for 200 seconds at Thu Nov 22 03:33:18 UTC 2018
5 ms. Memory: 288768K Free: 270507K (94%)
ptolemy.util.test.WatchDog.cancel(): canceling Thu Nov 22 03:33:18 UTC 2018
------------------ testing $PTII/ptolemy/domains/de/test/auto/ResetTransitionWithStartTime4.xml
auto.tcl: Setting watchdog for 200 seconds at Thu Nov 22 03:33:18 UTC 2018
3 ms. Memory: 287232K Free: 271876K (95%)
ptolemy.util.test.WatchDog.cancel(): canceling Thu Nov 22 03:33:18 UTC 2018
auto.tcl: Setting watchdog for 200 seconds at Thu Nov 22 03:33:18 UTC 2018
3 ms. Memory: 287232K Free: 271876K (95%)
ptolemy.util.test.WatchDog.cancel(): canceling Thu Nov 22 03:33:18 UTC 2018
------------------ testing $PTII/ptolemy/domains/de/test/auto/ResettableTimer1.xml
auto.tcl: Setting watchdog for 200 seconds at Thu Nov 22 03:33:18 UTC 2018
2 ms. Memory: 288768K Free: 276307K (96%)
ptolemy.util.test.WatchDog.cancel(): canceling Thu Nov 22 03:33:18 UTC 2018
auto.tcl: Setting watchdog for 200 seconds at Thu Nov 22 03:33:18 UTC 2018
2 ms. Memory: 288768K Free: 276307K (96%)
ptolemy.util.test.WatchDog.cancel(): canceling Thu Nov 22 03:33:18 UTC 2018
------------------ testing $PTII/ptolemy/domains/de/test/auto/ResettableTimer2.xml
auto.tcl: Setting watchdog for 200 seconds at Thu Nov 22 03:33:18 UTC 2018
2 ms. Memory: 287232K Free: 274938K (96%)
ptolemy.util.test.WatchDog.cancel(): canceling Thu Nov 22 03:33:18 UTC 2018
auto.tcl: Setting watchdog for 200 seconds at Thu Nov 22 03:33:18 UTC 2018
3 ms. Memory: 287232K Free: 274938K (96%)
ptolemy.util.test.WatchDog.cancel(): canceling Thu Nov 22 03:33:18 UTC 2018
------------------ testing $PTII/ptolemy/domains/de/test/auto/ResettableTimer3.xml
auto.tcl: Setting watchdog for 200 seconds at Thu Nov 22 03:33:18 UTC 2018
1 ms. Memory: 288256K Free: 275945K (96%)
ptolemy.util.test.WatchDog.cancel(): canceling Thu Nov 22 03:33:18 UTC 2018
auto.tcl: Setting watchdog for 200 seconds at Thu Nov 22 03:33:18 UTC 2018
1 ms. Memory: 288256K Free: 275945K (96%)
ptolemy.util.test.WatchDog.cancel(): canceling Thu Nov 22 03:33:18 UTC 2018
------------------ testing $PTII/ptolemy/domains/de/test/auto/ResettableTimer4.xml
auto.tcl: Setting watchdog for 200 seconds at Thu Nov 22 03:33:18 UTC 2018
1 ms. Memory: 287232K Free: 272877K (95%)
ptolemy.util.test.WatchDog.cancel(): canceling Thu Nov 22 03:33:18 UTC 2018
auto.tcl: Setting watchdog for 200 seconds at Thu Nov 22 03:33:18 UTC 2018
1 ms. Memory: 287232K Free: 272877K (95%)
ptolemy.util.test.WatchDog.cancel(): canceling Thu Nov 22 03:33:18 UTC 2018
------------------ testing $PTII/ptolemy/domains/de/test/auto/ResettableTimer5.xml
auto.tcl: Setting watchdog for 200 seconds at Thu Nov 22 03:33:18 UTC 2018
1 ms. Memory: 288256K Free: 273899K (95%)
ptolemy.util.test.WatchDog.cancel(): canceling Thu Nov 22 03:33:18 UTC 2018
auto.tcl: Setting watchdog for 200 seconds at Thu Nov 22 03:33:18 UTC 2018
2 ms. Memory: 288256K Free: 273899K (95%)
ptolemy.util.test.WatchDog.cancel(): canceling Thu Nov 22 03:33:18 UTC 2018
------------------ testing $PTII/ptolemy/domains/de/test/auto/ResettableTimer6.xml
auto.tcl: Setting watchdog for 200 seconds at Thu Nov 22 03:33:18 UTC 2018
2 ms. Memory: 287232K Free: 272723K (95%)
ptolemy.util.test.WatchDog.cancel(): canceling Thu Nov 22 03:33:18 UTC 2018
auto.tcl: Setting watchdog for 200 seconds at Thu Nov 22 03:33:18 UTC 2018
1 ms. Memory: 287232K Free: 272723K (95%)
ptolemy.util.test.WatchDog.cancel(): canceling Thu Nov 22 03:33:18 UTC 2018
------------------ testing $PTII/ptolemy/domains/de/test/auto/ServerZeroDelay.xml
auto.tcl: Setting watchdog for 200 seconds at Thu Nov 22 03:33:18 UTC 2018
4 ms. Memory: 288256K Free: 273855K (95%)
ptolemy.util.test.WatchDog.cancel(): canceling Thu Nov 22 03:33:18 UTC 2018
auto.tcl: Setting watchdog for 200 seconds at Thu Nov 22 03:33:18 UTC 2018
2 ms. Memory: 288256K Free: 273855K (95%)
ptolemy.util.test.WatchDog.cancel(): canceling Thu Nov 22 03:33:18 UTC 2018
------------------ testing $PTII/ptolemy/domains/de/test/auto/SmartSender.xml
auto.tcl: Setting watchdog for 200 seconds at Thu Nov 22 03:33:18 UTC 2018
3002 ms. Memory: 287232K Free: 268694K (94%)
ptolemy.util.test.WatchDog.cancel(): canceling Thu Nov 22 03:33:21 UTC 2018
auto.tcl: Setting watchdog for 200 seconds at Thu Nov 22 03:33:21 UTC 2018
3002 ms. Memory: 287232K Free: 268694K (94%)
ptolemy.util.test.WatchDog.cancel(): canceling Thu Nov 22 03:33:24 UTC 2018
------------------ testing $PTII/ptolemy/domains/de/test/auto/ThreadedComposite.xml
auto.tcl: Setting watchdog for 200 seconds at Thu Nov 22 03:33:24 UTC 2018
260 ms. Memory: 288256K Free: 254774K (88%)
ptolemy.util.test.WatchDog.cancel(): canceling Thu Nov 22 03:33:24 UTC 2018
auto.tcl: Setting watchdog for 200 seconds at Thu Nov 22 03:33:24 UTC 2018
193 ms. Memory: 288256K Free: 238700K (83%)
ptolemy.util.test.WatchDog.cancel(): canceling Thu Nov 22 03:33:25 UTC 2018
------------------ testing $PTII/ptolemy/domains/de/test/auto/Time.xml
auto.tcl: Setting watchdog for 200 seconds at Thu Nov 22 03:33:25 UTC 2018
518 ms. Memory: 287232K Free: 223044K (78%)
ptolemy.util.test.WatchDog.cancel(): canceling Thu Nov 22 03:33:25 UTC 2018
auto.tcl: Setting watchdog for 200 seconds at Thu Nov 22 03:33:25 UTC 2018
514 ms. Memory: 287232K Free: 171004K (60%)
ptolemy.util.test.WatchDog.cancel(): canceling Thu Nov 22 03:33:26 UTC 2018
------------------ testing $PTII/ptolemy/domains/de/test/auto/TimeDelayZeroDelay.xml
auto.tcl: Setting watchdog for 200 seconds at Thu Nov 22 03:33:26 UTC 2018
2 ms. Memory: 287744K Free: 275856K (96%)
ptolemy.util.test.WatchDog.cancel(): canceling Thu Nov 22 03:33:26 UTC 2018
auto.tcl: Setting watchdog for 200 seconds at Thu Nov 22 03:33:26 UTC 2018
1 ms. Memory: 287744K Free: 275856K (96%)
ptolemy.util.test.WatchDog.cancel(): canceling Thu Nov 22 03:33:26 UTC 2018
------------------ testing $PTII/ptolemy/domains/de/test/auto/TimerZeroDelay.xml
auto.tcl: Setting watchdog for 200 seconds at Thu Nov 22 03:33:26 UTC 2018
2 ms. Memory: 287232K Free: 275454K (96%)
ptolemy.util.test.WatchDog.cancel(): canceling Thu Nov 22 03:33:26 UTC 2018
auto.tcl: Setting watchdog for 200 seconds at Thu Nov 22 03:33:26 UTC 2018
1 ms. Memory: 287232K Free: 275454K (96%)
ptolemy.util.test.WatchDog.cancel(): canceling Thu Nov 22 03:33:26 UTC 2018
------------------ testing $PTII/ptolemy/domains/de/test/auto/TimingParadox.xml
auto.tcl: Setting watchdog for 200 seconds at Thu Nov 22 03:33:26 UTC 2018
379 ms. Memory: 287744K Free: 209772K (73%)
ptolemy.util.test.WatchDog.cancel(): canceling Thu Nov 22 03:33:26 UTC 2018
auto.tcl: Setting watchdog for 200 seconds at Thu Nov 22 03:33:26 UTC 2018
365 ms. Memory: 287744K Free: 173520K (60%)
ptolemy.util.test.WatchDog.cancel(): canceling Thu Nov 22 03:33:27 UTC 2018
------------------ testing $PTII/ptolemy/domains/de/test/auto/TransferInputs.xml
auto.tcl: Setting watchdog for 200 seconds at Thu Nov 22 03:33:27 UTC 2018
1 ms. Memory: 287744K Free: 274829K (96%)
ptolemy.util.test.WatchDog.cancel(): canceling Thu Nov 22 03:33:27 UTC 2018
auto.tcl: Setting watchdog for 200 seconds at Thu Nov 22 03:33:27 UTC 2018
2 ms. Memory: 287744K Free: 274829K (96%)
ptolemy.util.test.WatchDog.cancel(): canceling Thu Nov 22 03:33:27 UTC 2018
------------------ testing $PTII/ptolemy/domains/de/test/auto/TransferOutputs2.xml
auto.tcl: Setting watchdog for 200 seconds at Thu Nov 22 03:33:27 UTC 2018
7 ms. Memory: 287232K Free: 272817K (95%)
ptolemy.util.test.WatchDog.cancel(): canceling Thu Nov 22 03:33:27 UTC 2018
auto.tcl: Setting watchdog for 200 seconds at Thu Nov 22 03:33:27 UTC 2018
3 ms. Memory: 287232K Free: 270199K (94%)
ptolemy.util.test.WatchDog.cancel(): canceling Thu Nov 22 03:33:27 UTC 2018
------------------ testing $PTII/ptolemy/domains/de/test/auto/Trilateration.xml
auto.tcl: Setting watchdog for 200 seconds at Thu Nov 22 03:33:27 UTC 2018
13158 ms. Memory: 473088K Free: 295775K (63%)
ptolemy.util.test.WatchDog.cancel(): canceling Thu Nov 22 03:33:41 UTC 2018
auto.tcl: Setting watchdog for 200 seconds at Thu Nov 22 03:33:41 UTC 2018
11003 ms. Memory: 352256K Free: 250238K (71%)
ptolemy.util.test.WatchDog.cancel(): canceling Thu Nov 22 03:33:52 UTC 2018
------------------ testing $PTII/ptolemy/domains/de/test/auto/TwoSigmaDelta.xml
auto.tcl: Setting watchdog for 200 seconds at Thu Nov 22 03:33:52 UTC 2018
2565 ms. Memory: 339968K Free: 317922K (94%)
ptolemy.util.test.WatchDog.cancel(): canceling Thu Nov 22 03:33:55 UTC 2018
auto.tcl: Setting watchdog for 200 seconds at Thu Nov 22 03:33:55 UTC 2018
2012 ms. Memory: 339968K Free: 86006K (25%)
ptolemy.util.test.WatchDog.cancel(): canceling Thu Nov 22 03:33:57 UTC 2018
------------------ testing $PTII/ptolemy/domains/de/test/auto/VariableDelay.xml
auto.tcl: Setting watchdog for 200 seconds at Thu Nov 22 03:33:57 UTC 2018
2 ms. Memory: 337408K Free: 325821K (97%)
ptolemy.util.test.WatchDog.cancel(): canceling Thu Nov 22 03:33:57 UTC 2018
auto.tcl: Setting watchdog for 200 seconds at Thu Nov 22 03:33:57 UTC 2018
2 ms. Memory: 337408K Free: 321858K (95%)
ptolemy.util.test.WatchDog.cancel(): canceling Thu Nov 22 03:33:57 UTC 2018
------------------ testing $PTII/ptolemy/domains/de/test/auto/VariableDelay2.xml
auto.tcl: Setting watchdog for 200 seconds at Thu Nov 22 03:33:57 UTC 2018
7 ms. Memory: 339456K Free: 325711K (96%)
ptolemy.util.test.WatchDog.cancel(): canceling Thu Nov 22 03:33:57 UTC 2018
auto.tcl: Setting watchdog for 200 seconds at Thu Nov 22 03:33:57 UTC 2018
1 ms. Memory: 339456K Free: 321748K (95%)
ptolemy.util.test.WatchDog.cancel(): canceling Thu Nov 22 03:33:57 UTC 2018
------------------ testing $PTII/ptolemy/domains/de/test/auto/VariableDelayZeroDelay.xml
auto.tcl: Setting watchdog for 200 seconds at Thu Nov 22 03:33:57 UTC 2018
1 ms. Memory: 337408K Free: 326227K (97%)
ptolemy.util.test.WatchDog.cancel(): canceling Thu Nov 22 03:33:57 UTC 2018
auto.tcl: Setting watchdog for 200 seconds at Thu Nov 22 03:33:57 UTC 2018
2 ms. Memory: 337408K Free: 326227K (97%)
ptolemy.util.test.WatchDog.cancel(): canceling Thu Nov 22 03:33:57 UTC 2018
------------------ testing $PTII/ptolemy/domains/de/test/auto/VariableDelayZeroDelay2.xml
auto.tcl: Setting watchdog for 200 seconds at Thu Nov 22 03:33:57 UTC 2018
2 ms. Memory: 339456K Free: 325711K (96%)
ptolemy.util.test.WatchDog.cancel(): canceling Thu Nov 22 03:33:57 UTC 2018
auto.tcl: Setting watchdog for 200 seconds at Thu Nov 22 03:33:57 UTC 2018
2 ms. Memory: 339456K Free: 321764K (95%)
ptolemy.util.test.WatchDog.cancel(): canceling Thu Nov 22 03:33:57 UTC 2018
------------------ testing $PTII/ptolemy/domains/de/test/auto/deInCt.xml
auto.tcl: Setting watchdog for 200 seconds at Thu Nov 22 03:33:57 UTC 2018
0
1
1
1
0
0
0
0
1
1
0
0
0
1
1
1
1
0
0
0
1
1
1
1
1
1
0
0
0
0
0
0
6 ms. Memory: 337408K Free: 319693K (95%)
ptolemy.util.test.WatchDog.cancel(): canceling Thu Nov 22 03:33:57 UTC 2018
auto.tcl: Setting watchdog for 200 seconds at Thu Nov 22 03:33:57 UTC 2018
0
1
1
1
0
0
0
0
1
1
1
1
0
0
0
0
0
0
0
1
1
1
1
1
5 ms. Memory: 337408K Free: 319693K (95%)
ptolemy.util.test.WatchDog.cancel(): canceling Thu Nov 22 03:33:57 UTC 2018
------------------ testing $PTII/ptolemy/domains/de/test/auto/deInCt2.xml
auto.tcl: Setting watchdog for 200 seconds at Thu Nov 22 03:33:57 UTC 2018
0
1
1
1
0
0
1
1
1
0
0
1
1
1
0
0
1
1
1
0
0
1
1
1
0
0
1
1
1
0
0
1
1
1
0
0
1
1
1
0
0
0
7 ms. Memory: 338944K Free: 323792K (96%)
ptolemy.util.test.WatchDog.cancel(): canceling Thu Nov 22 03:33:57 UTC 2018
auto.tcl: Setting watchdog for 200 seconds at Thu Nov 22 03:33:57 UTC 2018
0
1
1
1
0
0
1
1
1
0
0
1
1
1
0
0
1
1
1
0
0
1
1
1
0
0
1
1
1
0
0
1
1
1
0
0
1
1
1
0
0
0
5 ms. Memory: 338944K Free: 323792K (96%)
ptolemy.util.test.WatchDog.cancel(): canceling Thu Nov 22 03:33:57 UTC 2018
------------------ testing $PTII/ptolemy/domains/de/test/auto/dynamicCausalityInterface1.xml
auto.tcl: Setting watchdog for 200 seconds at Thu Nov 22 03:33:57 UTC 2018
2 ms. Memory: 337408K Free: 315729K (94%)
ptolemy.util.test.WatchDog.cancel(): canceling Thu Nov 22 03:33:58 UTC 2018
auto.tcl: Setting watchdog for 200 seconds at Thu Nov 22 03:33:58 UTC 2018
1 ms. Memory: 337408K Free: 315729K (94%)
ptolemy.util.test.WatchDog.cancel(): canceling Thu Nov 22 03:33:58 UTC 2018
------------------ testing $PTII/ptolemy/domains/de/test/auto/fsm_de_test.xml
auto.tcl: Setting watchdog for 200 seconds at Thu Nov 22 03:33:58 UTC 2018
6 ms. Memory: 338944K Free: 317168K (94%)
ptolemy.util.test.WatchDog.cancel(): canceling Thu Nov 22 03:33:58 UTC 2018
auto.tcl: Setting watchdog for 200 seconds at Thu Nov 22 03:33:58 UTC 2018
9 ms. Memory: 338944K Free: 317168K (94%)
ptolemy.util.test.WatchDog.cancel(): canceling Thu Nov 22 03:33:58 UTC 2018
------------------ testing $PTII/ptolemy/domains/de/test/auto/functionDependencyReconstruction.xml
auto.tcl: Setting watchdog for 200 seconds at Thu Nov 22 03:33:58 UTC 2018
5 ms. Memory: 337408K Free: 311668K (92%)
ptolemy.util.test.WatchDog.cancel(): canceling Thu Nov 22 03:33:58 UTC 2018
auto.tcl: Setting watchdog for 200 seconds at Thu Nov 22 03:33:58 UTC 2018
3 ms. Memory: 337408K Free: 307704K (91%)
ptolemy.util.test.WatchDog.cancel(): canceling Thu Nov 22 03:33:58 UTC 2018
------------------ testing $PTII/ptolemy/domains/de/test/auto/multirate.xml
auto.tcl: Setting watchdog for 200 seconds at Thu Nov 22 03:33:58 UTC 2018
3 ms. Memory: 338432K Free: 320478K (95%)
ptolemy.util.test.WatchDog.cancel(): canceling Thu Nov 22 03:33:58 UTC 2018
auto.tcl: Setting watchdog for 200 seconds at Thu Nov 22 03:33:58 UTC 2018
5 ms. Memory: 338432K Free: 320478K (95%)
ptolemy.util.test.WatchDog.cancel(): canceling Thu Nov 22 03:33:58 UTC 2018
------------------ testing $PTII/ptolemy/domains/de/test/auto/multirate2.xml
auto.tcl: Setting watchdog for 200 seconds at Thu Nov 22 03:33:58 UTC 2018
4 ms. Memory: 337408K Free: 319659K (95%)
ptolemy.util.test.WatchDog.cancel(): canceling Thu Nov 22 03:33:58 UTC 2018
auto.tcl: Setting watchdog for 200 seconds at Thu Nov 22 03:33:58 UTC 2018
3 ms. Memory: 337408K Free: 319659K (95%)
ptolemy.util.test.WatchDog.cancel(): canceling Thu Nov 22 03:33:58 UTC 2018
------------------ testing $PTII/ptolemy/domains/de/test/auto/realtime.xml
auto.tcl: Setting watchdog for 200 seconds at Thu Nov 22 03:33:58 UTC 2018
10001 ms. Memory: 338432K Free: 320677K (95%)
ptolemy.util.test.WatchDog.cancel(): canceling Thu Nov 22 03:34:08 UTC 2018
auto.tcl: Setting watchdog for 200 seconds at Thu Nov 22 03:34:08 UTC 2018
10001 ms. Memory: 338432K Free: 320677K (95%)
ptolemy.util.test.WatchDog.cancel(): canceling Thu Nov 22 03:34:18 UTC 2018
------------------ testing $PTII/ptolemy/domains/de/test/auto/relationGroup.xml
auto.tcl: Setting watchdog for 200 seconds at Thu Nov 22 03:34:18 UTC 2018
6 ms. Memory: 337408K Free: 323630K (96%)
ptolemy.util.test.WatchDog.cancel(): canceling Thu Nov 22 03:34:18 UTC 2018
auto.tcl: Setting watchdog for 200 seconds at Thu Nov 22 03:34:18 UTC 2018
1 ms. Memory: 337408K Free: 323630K (96%)
ptolemy.util.test.WatchDog.cancel(): canceling Thu Nov 22 03:34:18 UTC 2018
------------------ testing $PTII/ptolemy/domains/de/test/auto/relationGroup2.xml
auto.tcl: Setting watchdog for 200 seconds at Thu Nov 22 03:34:18 UTC 2018
1 ms. Memory: 338432K Free: 324681K (96%)
ptolemy.util.test.WatchDog.cancel(): canceling Thu Nov 22 03:34:18 UTC 2018
auto.tcl: Setting watchdog for 200 seconds at Thu Nov 22 03:34:18 UTC 2018
1 ms. Memory: 338432K Free: 324681K (96%)
ptolemy.util.test.WatchDog.cancel(): canceling Thu Nov 22 03:34:18 UTC 2018
------------------ testing $PTII/ptolemy/domains/de/test/auto/sortWithOpaquePorts.xml
auto.tcl: Setting watchdog for 200 seconds at Thu Nov 22 03:34:18 UTC 2018
1 ms. Memory: 337408K Free: 323658K (96%)
ptolemy.util.test.WatchDog.cancel(): canceling Thu Nov 22 03:34:18 UTC 2018
auto.tcl: Setting watchdog for 200 seconds at Thu Nov 22 03:34:18 UTC 2018
1 ms. Memory: 337408K Free: 319703K (95%)
ptolemy.util.test.WatchDog.cancel(): canceling Thu Nov 22 03:34:18 UTC 2018
------------------ testing $PTII/ptolemy/domains/de/test/auto/transferInputsandOutputs.xml
auto.tcl: Setting watchdog for 200 seconds at Thu Nov 22 03:34:18 UTC 2018
1 ms. Memory: 337920K Free: 320194K (95%)
ptolemy.util.test.WatchDog.cancel(): canceling Thu Nov 22 03:34:18 UTC 2018
auto.tcl: Setting watchdog for 200 seconds at Thu Nov 22 03:34:18 UTC 2018
3 ms. Memory: 337920K Free: 320194K (95%)
ptolemy.util.test.WatchDog.cancel(): canceling Thu Nov 22 03:34:18 UTC 2018
------------------ testing $PTII/ptolemy/domains/de/test/auto/triggerType.xml
auto.tcl: Setting watchdog for 200 seconds at Thu Nov 22 03:34:18 UTC 2018
0 ms. Memory: 337408K Free: 323596K (96%)
ptolemy.util.test.WatchDog.cancel(): canceling Thu Nov 22 03:34:18 UTC 2018
auto.tcl: Setting watchdog for 200 seconds at Thu Nov 22 03:34:18 UTC 2018
1 ms. Memory: 337408K Free: 319633K (95%)
ptolemy.util.test.WatchDog.cancel(): canceling Thu Nov 22 03:34:18 UTC 2018
11/22/18 03:34:18
Failed: 0  Total Tests: 192  ((Passed: 187, Newly Passed: 1)  Known Failed: 5) /home/travis/build/icyphy/ptII/ptolemy/domains/de/test
11/22/18 03:34:18
Failed: 0  Total Tests: 192  ((Passed: 187, Newly Passed: 1)  Known Failed: 5) /home/travis/build/icyphy/ptII/ptolemy/domains/de/test
----------------- testing (KnownFailure) /home/travis/build/icyphy/ptII/ptolemy/domains/de/test/auto/knownFailedTests/DESDFClockTest.xml
2009 ms. Memory: 337920K Free: 313905K (93%)
Known Failure: java.lang.reflect.InvocationTargetException
----------------- testing (KnownFailure) /home/travis/build/icyphy/ptII/ptolemy/domains/de/test/auto/knownFailedTests/DirectFeedback.xml
1 ms. Memory: 337920K Free: 293421K (87%)
Known Failure: java.lang.reflect.InvocationTargetException
----------------- testing (KnownFailure) /home/travis/build/icyphy/ptII/ptolemy/domains/de/test/auto/knownFailedTests/FSMSource.xml
5 ms. Memory: 337920K Free: 267821K (79%)
----------------- testing (KnownFailure) /home/travis/build/icyphy/ptII/ptolemy/domains/de/test/auto/knownFailedTests/HierarchicalModel.xml
1 ms. Memory: 337920K Free: 242204K (72%)
Known Failure: java.lang.reflect.InvocationTargetException
----------------- testing (KnownFailure) /home/travis/build/icyphy/ptII/ptolemy/domains/de/test/auto/knownFailedTests/dependencyLoop.xml
2 ms. Memory: 337920K Free: 211468K (63%)
Known Failure: java.lang.reflect.InvocationTargetException
----------------- testing (KnownFailure) /home/travis/build/icyphy/ptII/ptolemy/domains/de/test/auto/knownFailedTests/dependencyLoop2.xml
3 ms. Memory: 337920K Free: 180732K (53%)
Known Failure: java.lang.reflect.InvocationTargetException
No auto/linux-amd64/*.xml tests in /home/travis/build/icyphy/ptII/ptolemy/domains/de/test
AutoTests.java: About to close Vertx.
AutoTests.java: Vertx closed.

===========================================================================================
----------------- testing Thu Nov 22 03:34:20 UTC 2018 /home/travis/build/icyphy/ptII/ptolemy/domains/de/test/auto/ActorDepthCalculation_actorWithoutPorts.xml
----------------- Instantiating /home/travis/build/icyphy/ptII/ptolemy/domains/de/test/auto/ActorDepthCalculation_actorWithoutPorts.xml
3 ms. Memory: 337920K Free: 155131K (46%)
----------------- Invoking toplevel() on ptolemy.moml.MoMLSimpleApplication@7d41a8ec
----------------- Done invoking toplevel() on ptolemy.moml.MoMLSimpleApplication@7d41a8ec
reloadAllAccessors: .ActorDepthCalculation_actorWithoutPorts

===========================================================================================
----------------- testing Thu Nov 22 03:34:20 UTC 2018 /home/travis/build/icyphy/ptII/ptolemy/domains/de/test/auto/AssemblyLine.xml
----------------- Instantiating /home/travis/build/icyphy/ptII/ptolemy/domains/de/test/auto/AssemblyLine.xml
3 ms. Memory: 337920K Free: 139755K (41%)
----------------- Invoking toplevel() on ptolemy.moml.MoMLSimpleApplication@4b4066ff
----------------- Done invoking toplevel() on ptolemy.moml.MoMLSimpleApplication@4b4066ff
reloadAllAccessors: .AssemblyLine

===========================================================================================
----------------- testing Thu Nov 22 03:34:20 UTC 2018 /home/travis/build/icyphy/ptII/ptolemy/domains/de/test/auto/CQBug1.xml
----------------- Instantiating /home/travis/build/icyphy/ptII/ptolemy/domains/de/test/auto/CQBug1.xml
0 ms. Memory: 337920K Free: 129515K (38%)
----------------- Invoking toplevel() on ptolemy.moml.MoMLSimpleApplication@5cca4c0c
----------------- Done invoking toplevel() on ptolemy.moml.MoMLSimpleApplication@5cca4c0c
reloadAllAccessors: .CQBug1

===========================================================================================
----------------- testing Thu Nov 22 03:34:20 UTC 2018 /home/travis/build/icyphy/ptII/ptolemy/domains/de/test/auto/CancelFireAt.xml
----------------- Instantiating /home/travis/build/icyphy/ptII/ptolemy/domains/de/test/auto/CancelFireAt.xml
0 ms. Memory: 337920K Free: 119275K (35%)
----------------- Invoking toplevel() on ptolemy.moml.MoMLSimpleApplication@686b21e7
----------------- Done invoking toplevel() on ptolemy.moml.MoMLSimpleApplication@686b21e7
reloadAllAccessors: .CancelFireAt

===========================================================================================
----------------- testing Thu Nov 22 03:34:20 UTC 2018 /home/travis/build/icyphy/ptII/ptolemy/domains/de/test/auto/CausalityAndComposabilityAnalysis.xml
----------------- Instantiating /home/travis/build/icyphy/ptII/ptolemy/domains/de/test/auto/CausalityAndComposabilityAnalysis.xml
1 ms. Memory: 337920K Free: 109031K (32%)
----------------- Invoking toplevel() on ptolemy.moml.MoMLSimpleApplication@15cda1a7
----------------- Done invoking toplevel() on ptolemy.moml.MoMLSimpleApplication@15cda1a7
reloadAllAccessors: .CausalityAndComposabilityAnalysis

===========================================================================================
----------------- testing Thu Nov 22 03:34:20 UTC 2018 /home/travis/build/icyphy/ptII/ptolemy/domains/de/test/auto/CausalityInterface1.xml
----------------- Instantiating /home/travis/build/icyphy/ptII/ptolemy/domains/de/test/auto/CausalityInterface1.xml
3 ms. Memory: 337920K Free: 98791K (29%)
----------------- Invoking toplevel() on ptolemy.moml.MoMLSimpleApplication@1e36ca7f
----------------- Done invoking toplevel() on ptolemy.moml.MoMLSimpleApplication@1e36ca7f
reloadAllAccessors: .CausalityInterface1

===========================================================================================
----------------- testing Thu Nov 22 03:34:20 UTC 2018 /home/travis/build/icyphy/ptII/ptolemy/domains/de/test/auto/CausalityInterface15.xml
----------------- Instantiating /home/travis/build/icyphy/ptII/ptolemy/domains/de/test/auto/CausalityInterface15.xml
1 ms. Memory: 337920K Free: 84604K (25%)
----------------- Invoking toplevel() on ptolemy.moml.MoMLSimpleApplication@4e7cce6
----------------- Done invoking toplevel() on ptolemy.moml.MoMLSimpleApplication@4e7cce6
reloadAllAccessors: .CausalityInterface15

===========================================================================================
[...]
java.lang.RuntimeException: Execution failed
	at ptolemy.moml.MoMLSimpleApplication$UnloadThread.run(MoMLSimpleApplication.java:402)
Caused by: ptolemy.kernel.util.IllegalActionException: Test fails in iteration 1.
Value was: 1.0. Should have been: 2.0
  in .DirectFeedback.Test
	at ptolemy.actor.lib.Test.fire(Test.java:268)
	at ptolemy.domains.de.kernel.DEDirector._fire(DEDirector.java:1949)
	at ptolemy.domains.de.kernel.DEDirector.fire(DEDirector.java:502)
	at ptolemy.actor.CompositeActor.fire(CompositeActor.java:455)
	at ptolemy.actor.Manager.iterate(Manager.java:851)
	at ptolemy.actor.Manager.execute(Manager.java:369)
	at ptolemy.actor.Manager.run(Manager.java:1263)
	at ptolemy.actor.Manager$PtolemyRunThread.run(Manager.java:1915)
java.lang.RuntimeException: Execution failed
	at ptolemy.moml.MoMLSimpleApplication$UnloadThread.run(MoMLSimpleApplication.java:402)
Caused by: ptolemy.kernel.util.IllegalActionException: Actor is not ready to fire.  Perhaps UpSample.prefire() returned false? Try debugging the actor by selecting "Listen to Actor".  Also, for SDF check moml for tokenConsumptionRate on input.
  in .DESDFClockTest.Play Bell.Copy1:SDF Director and .DESDFClockTest.Play Bell.UpSample
	at ptolemy.actor.sched.StaticSchedulingDirector.fire(StaticSchedulingDirector.java:227)
	at ptolemy.domains.sdf.kernel.SDFDirector.fire(SDFDirector.java:500)
	at ptolemy.actor.CompositeActor.fire(CompositeActor.java:455)
	at ptolemy.domains.de.kernel.DEDirector._fire(DEDirector.java:1949)
	at ptolemy.domains.de.kernel.DEDirector.fire(DEDirector.java:502)
	at ptolemy.actor.CompositeActor.fire(CompositeActor.java:455)
	at ptolemy.actor.Manager.iterate(Manager.java:851)
	at ptolemy.actor.Manager.execute(Manager.java:369)
	at ptolemy.actor.Manager.run(Manager.java:1263)
	at ptolemy.actor.Manager$PtolemyRunThread.run(Manager.java:1915)
java.lang.reflect.InvocationTargetException
	at sun.reflect.NativeConstructorAccessorImpl.newInstance0(Native Method)
	at sun.reflect.NativeConstructorAccessorImpl.newInstance(NativeConstructorAccessorImpl.java:62)
	at sun.reflect.DelegatingConstructorAccessorImpl.newInstance(DelegatingConstructorAccessorImpl.java:45)
	at java.lang.reflect.Constructor.newInstance(Constructor.java:423)
	at ptolemy.util.test.junit.AutoKnownFailedTests.RunModel(AutoKnownFailedTests.java:105)
	at sun.reflect.NativeMethodAccessorImpl.invoke0(Native Method)
	at sun.reflect.NativeMethodAccessorImpl.invoke(NativeMethodAccessorImpl.java:62)
	at sun.reflect.DelegatingMethodAccessorImpl.invoke(DelegatingMethodAccessorImpl.java:43)
	at java.lang.reflect.Method.invoke(Method.java:498)
	at org.junit.runners.model.FrameworkMethod$1.runReflectiveCall(FrameworkMethod.java:44)
	at org.junit.internal.runners.model.ReflectiveCallable.run(ReflectiveCallable.java:15)
	at org.junit.runners.model.FrameworkMethod.invokeExplosively(FrameworkMethod.java:41)
	at junitparams.internal.InvokeParameterisedMethod.evaluate(InvokeParameterisedMethod.java:102)
	at org.junit.internal.runners.statements.FailOnTimeout$1.run(FailOnTimeout.java:28)
Caused by: ptolemy.kernel.util.IllegalActionException: Actor is not ready to fire.  Perhaps UpSample.prefire() returned false? Try debugging the actor by selecting "Listen to Actor".  Also, for SDF check moml for tokenConsumptionRate on input.
  in .DESDFClockTest.Play Bell.Copy1:SDF Director and .DESDFClockTest.Play Bell.UpSample
	at ptolemy.actor.sched.StaticSchedulingDirector.fire(StaticSchedulingDirector.java:227)
	at ptolemy.domains.sdf.kernel.SDFDirector.fire(SDFDirector.java:500)
	at ptolemy.actor.CompositeActor.fire(CompositeActor.java:455)
	at ptolemy.domains.de.kernel.DEDirector._fire(DEDirector.java:1949)
	at ptolemy.domains.de.kernel.DEDirector.fire(DEDirector.java:502)
	at ptolemy.actor.CompositeActor.fire(CompositeActor.java:455)
	at ptolemy.actor.Manager.iterate(Manager.java:851)
	at ptolemy.actor.Manager.execute(Manager.java:369)
	at ptolemy.actor.Manager.run(Manager.java:1263)
	at ptolemy.actor.Manager$PtolemyRunThread.run(Manager.java:1915)
java.lang.RuntimeException: Execution failed
	at ptolemy.moml.MoMLSimpleApplication$UnloadThread.run(MoMLSimpleApplication.java:402)
Caused by: ptolemy.kernel.util.IllegalActionException: Test fails in iteration 1.
Value was: 1.0. Should have been: 2.0
  in .DirectFeedback.Test
	at ptolemy.actor.lib.Test.fire(Test.java:268)
	at ptolemy.domains.de.kernel.DEDirector._fire(DEDirector.java:1949)
	at ptolemy.domains.de.kernel.DEDirector.fire(DEDirector.java:502)
	at ptolemy.actor.CompositeActor.fire(CompositeActor.java:455)
	at ptolemy.actor.Manager.iterate(Manager.java:851)
	at ptolemy.actor.Manager.execute(Manager.java:369)
	at ptolemy.actor.Manager.run(Manager.java:1263)
	at ptolemy.actor.Manager$PtolemyRunThread.run(Manager.java:1915)
java.lang.reflect.InvocationTargetException
	at sun.reflect.NativeConstructorAccessorImpl.newInstance0(Native Method)
	at sun.reflect.NativeConstructorAccessorImpl.newInstance(NativeConstructorAccessorImpl.java:62)
	at sun.reflect.DelegatingConstructorAccessorImpl.newInstance(DelegatingConstructorAccessorImpl.java:45)
	at java.lang.reflect.Constructor.newInstance(Constructor.java:423)
	at ptolemy.util.test.junit.AutoKnownFailedTests.RunModel(AutoKnownFailedTests.java:105)
	at sun.reflect.NativeMethodAccessorImpl.invoke0(Native Method)
	at sun.reflect.NativeMethodAccessorImpl.invoke(NativeMethodAccessorImpl.java:62)
	at sun.reflect.DelegatingMethodAccessorImpl.invoke(DelegatingMethodAccessorImpl.java:43)
	at java.lang.reflect.Method.invoke(Method.java:498)
	at org.junit.runners.model.FrameworkMethod$1.runReflectiveCall(FrameworkMethod.java:44)
	at org.junit.internal.runners.model.ReflectiveCallable.run(ReflectiveCallable.java:15)
	at org.junit.runners.model.FrameworkMethod.invokeExplosively(FrameworkMethod.java:41)
	at junitparams.internal.InvokeParameterisedMethod.evaluate(InvokeParameterisedMethod.java:102)
	at org.junit.internal.runners.statements.FailOnTimeout$1.run(FailOnTimeout.java:28)
Caused by: ptolemy.kernel.util.IllegalActionException: Test fails in iteration 1.
Value was: 1.0. Should have been: 2.0
  in .DirectFeedback.Test
	at ptolemy.actor.lib.Test.fire(Test.java:268)
	at ptolemy.domains.de.kernel.DEDirector._fire(DEDirector.java:1949)
	at ptolemy.domains.de.kernel.DEDirector.fire(DEDirector.java:502)
	at ptolemy.actor.CompositeActor.fire(CompositeActor.java:455)
	at ptolemy.actor.Manager.iterate(Manager.java:851)
	at ptolemy.actor.Manager.execute(Manager.java:369)
	at ptolemy.actor.Manager.run(Manager.java:1263)
	at ptolemy.actor.Manager$PtolemyRunThread.run(Manager.java:1915)
java.lang.RuntimeException: Execution failed
	at ptolemy.moml.MoMLSimpleApplication$UnloadThread.run(MoMLSimpleApplication.java:402)
Caused by: ptolemy.kernel.util.IllegalActionException: Found a zero delay loop containing .HierarchicalModel.A
  in .HierarchicalModel and .HierarchicalModel.A
	at ptolemy.actor.util.CausalityInterfaceForComposites._computeOutputPortDepth(CausalityInterfaceForComposites.java:759)
	at ptolemy.actor.util.CausalityInterfaceForComposites._computeInputDepth(CausalityInterfaceForComposites.java:696)
	at ptolemy.actor.util.CausalityInterfaceForComposites._computeOutputPortDepth(CausalityInterfaceForComposites.java:765)
	at ptolemy.actor.util.CausalityInterfaceForComposites._computeInputDepth(CausalityInterfaceForComposites.java:696)
	at ptolemy.actor.util.CausalityInterfaceForComposites._computeOutputPortDepth(CausalityInterfaceForComposites.java:765)
	at ptolemy.actor.util.CausalityInterfaceForComposites._computeInputDepth(CausalityInterfaceForComposites.java:696)
	at ptolemy.actor.util.CausalityInterfaceForComposites._computeActorDepth(CausalityInterfaceForComposites.java:532)
	at ptolemy.actor.util.CausalityInterfaceForComposites.checkForCycles(CausalityInterfaceForComposites.java:96)
	at ptolemy.domains.de.kernel.DEDirector.preinitialize(DEDirector.java:1338)
	at ptolemy.actor.CompositeActor.preinitialize(CompositeActor.java:1828)
	at ptolemy.actor.Manager.preinitializeAndResolveTypes(Manager.java:1040)
	at ptolemy.actor.Manager.initialize(Manager.java:710)
	at ptolemy.actor.Manager.execute(Manager.java:356)
	at ptolemy.actor.Manager.run(Manager.java:1263)
	at ptolemy.actor.Manager$PtolemyRunThread.run(Manager.java:1915)
java.lang.reflect.InvocationTargetException
	at sun.reflect.NativeConstructorAccessorImpl.newInstance0(Native Method)
	at sun.reflect.NativeConstructorAccessorImpl.newInstance(NativeConstructorAccessorImpl.java:62)
	at sun.reflect.DelegatingConstructorAccessorImpl.newInstance(DelegatingConstructorAccessorImpl.java:45)
	at java.lang.reflect.Constructor.newInstance(Constructor.java:423)
	at ptolemy.util.test.junit.AutoKnownFailedTests.RunModel(AutoKnownFailedTests.java:105)
	at sun.reflect.NativeMethodAccessorImpl.invoke0(Native Method)
	at sun.reflect.NativeMethodAccessorImpl.invoke(NativeMethodAccessorImpl.java:62)
	at sun.reflect.DelegatingMethodAccessorImpl.invoke(DelegatingMethodAccessorImpl.java:43)
	at java.lang.reflect.Method.invoke(Method.java:498)
	at org.junit.runners.model.FrameworkMethod$1.runReflectiveCall(FrameworkMethod.java:44)
	at org.junit.internal.runners.model.ReflectiveCallable.run(ReflectiveCallable.java:15)
	at org.junit.runners.model.FrameworkMethod.invokeExplosively(FrameworkMethod.java:41)
	at junitparams.internal.InvokeParameterisedMethod.evaluate(InvokeParameterisedMethod.java:102)
	at org.junit.internal.runners.statements.FailOnTimeout$1.run(FailOnTimeout.java:28)
Caused by: ptolemy.kernel.util.IllegalActionException: Found a zero delay loop containing .HierarchicalModel.A
  in .HierarchicalModel and .HierarchicalModel.A
	at ptolemy.actor.util.CausalityInterfaceForComposites._computeOutputPortDepth(CausalityInterfaceForComposites.java:759)
	at ptolemy.actor.util.CausalityInterfaceForComposites._computeInputDepth(CausalityInterfaceForComposites.java:696)
	at ptolemy.actor.util.CausalityInterfaceForComposites._computeOutputPortDepth(CausalityInterfaceForComposites.java:765)
	at ptolemy.actor.util.CausalityInterfaceForComposites._computeInputDepth(CausalityInterfaceForComposites.java:696)
	at ptolemy.actor.util.CausalityInterfaceForComposites._computeOutputPortDepth(CausalityInterfaceForComposites.java:765)
	at ptolemy.actor.util.CausalityInterfaceForComposites._computeInputDepth(CausalityInterfaceForComposites.java:696)
	at ptolemy.actor.util.CausalityInterfaceForComposites._computeActorDepth(CausalityInterfaceForComposites.java:532)
	at ptolemy.actor.util.CausalityInterfaceForComposites.checkForCycles(CausalityInterfaceForComposites.java:96)
	at ptolemy.domains.de.kernel.DEDirector.preinitialize(DEDirector.java:1338)
	at ptolemy.actor.CompositeActor.preinitialize(CompositeActor.java:1828)
	at ptolemy.actor.Manager.preinitializeAndResolveTypes(Manager.java:1040)
	at ptolemy.actor.Manager.initialize(Manager.java:710)
	at ptolemy.actor.Manager.execute(Manager.java:356)
	at ptolemy.actor.Manager.run(Manager.java:1263)
	at ptolemy.actor.Manager$PtolemyRunThread.run(Manager.java:1915)
java.lang.RuntimeException: Execution failed
	at ptolemy.moml.MoMLSimpleApplication$UnloadThread.run(MoMLSimpleApplication.java:402)
Caused by: ptolemy.kernel.util.IllegalActionException: Found a zero delay loop containing .dependencyLoop.original
  in .dependencyLoop and .dependencyLoop.original
	at ptolemy.actor.util.CausalityInterfaceForComposites._computeOutputPortDepth(CausalityInterfaceForComposites.java:759)
	at ptolemy.actor.util.CausalityInterfaceForComposites._computeInputDepth(CausalityInterfaceForComposites.java:696)
	at ptolemy.actor.util.CausalityInterfaceForComposites._computeOutputPortDepth(CausalityInterfaceForComposites.java:765)
	at ptolemy.actor.util.CausalityInterfaceForComposites._computeInputDepth(CausalityInterfaceForComposites.java:696)
	at ptolemy.actor.util.CausalityInterfaceForComposites._computeOutputPortDepth(CausalityInterfaceForComposites.java:765)
	at ptolemy.actor.util.CausalityInterfaceForComposites._computeInputDepth(CausalityInterfaceForComposites.java:696)
	at ptolemy.actor.util.CausalityInterfaceForComposites._computeActorDepth(CausalityInterfaceForComposites.java:532)
	at ptolemy.actor.util.CausalityInterfaceForComposites.checkForCycles(CausalityInterfaceForComposites.java:96)
	at ptolemy.domains.de.kernel.DEDirector.preinitialize(DEDirector.java:1338)
	at ptolemy.actor.CompositeActor.preinitialize(CompositeActor.java:1828)
	at ptolemy.actor.Manager.preinitializeAndResolveTypes(Manager.java:1040)
	at ptolemy.actor.Manager.initialize(Manager.java:710)
	at ptolemy.actor.Manager.execute(Manager.java:356)
	at ptolemy.actor.Manager.run(Manager.java:1263)
	at ptolemy.actor.Manager$PtolemyRunThread.run(Manager.java:1915)
java.lang.reflect.InvocationTargetException
	at sun.reflect.NativeConstructorAccessorImpl.newInstance0(Native Method)
	at sun.reflect.NativeConstructorAccessorImpl.newInstance(NativeConstructorAccessorImpl.java:62)
	at sun.reflect.DelegatingConstructorAccessorImpl.newInstance(DelegatingConstructorAccessorImpl.java:45)
	at java.lang.reflect.Constructor.newInstance(Constructor.java:423)
	at ptolemy.util.test.junit.AutoKnownFailedTests.RunModel(AutoKnownFailedTests.java:105)
	at sun.reflect.NativeMethodAccessorImpl.invoke0(Native Method)
	at sun.reflect.NativeMethodAccessorImpl.invoke(NativeMethodAccessorImpl.java:62)
	at sun.reflect.DelegatingMethodAccessorImpl.invoke(DelegatingMethodAccessorImpl.java:43)
	at java.lang.reflect.Method.invoke(Method.java:498)
	at org.junit.runners.model.FrameworkMethod$1.runReflectiveCall(FrameworkMethod.java:44)
	at org.junit.internal.runners.model.ReflectiveCallable.run(ReflectiveCallable.java:15)
	at org.junit.runners.model.FrameworkMethod.invokeExplosively(FrameworkMethod.java:41)
	at junitparams.internal.InvokeParameterisedMethod.evaluate(InvokeParameterisedMethod.java:102)
	at org.junit.internal.runners.statements.FailOnTimeout$1.run(FailOnTimeout.java:28)
Caused by: ptolemy.kernel.util.IllegalActionException: Found a zero delay loop containing .dependencyLoop.original
  in .dependencyLoop and .dependencyLoop.original
	at ptolemy.actor.util.CausalityInterfaceForComposites._computeOutputPortDepth(CausalityInterfaceForComposites.java:759)
	at ptolemy.actor.util.CausalityInterfaceForComposites._computeInputDepth(CausalityInterfaceForComposites.java:696)
	at ptolemy.actor.util.CausalityInterfaceForComposites._computeOutputPortDepth(CausalityInterfaceForComposites.java:765)
	at ptolemy.actor.util.CausalityInterfaceForComposites._computeInputDepth(CausalityInterfaceForComposites.java:696)
	at ptolemy.actor.util.CausalityInterfaceForComposites._computeOutputPortDepth(CausalityInterfaceForComposites.java:765)
	at ptolemy.actor.util.CausalityInterfaceForComposites._computeInputDepth(CausalityInterfaceForComposites.java:696)
	at ptolemy.actor.util.CausalityInterfaceForComposites._computeActorDepth(CausalityInterfaceForComposites.java:532)
	at ptolemy.actor.util.CausalityInterfaceForComposites.checkForCycles(CausalityInterfaceForComposites.java:96)
	at ptolemy.domains.de.kernel.DEDirector.preinitialize(DEDirector.java:1338)
	at ptolemy.actor.CompositeActor.preinitialize(CompositeActor.java:1828)
	at ptolemy.actor.Manager.preinitializeAndResolveTypes(Manager.java:1040)
	at ptolemy.actor.Manager.initialize(Manager.java:710)
	at ptolemy.actor.Manager.execute(Manager.java:356)
	at ptolemy.actor.Manager.run(Manager.java:1263)
	at ptolemy.actor.Manager$PtolemyRunThread.run(Manager.java:1915)
java.lang.RuntimeException: Execution failed
	at ptolemy.moml.MoMLSimpleApplication$UnloadThread.run(MoMLSimpleApplication.java:402)
Caused by: ptolemy.kernel.util.IllegalActionException: Found a zero delay loop containing .dependencyLoop2.original
  in .dependencyLoop2 and .dependencyLoop2.original
	at ptolemy.actor.util.CausalityInterfaceForComposites._computeOutputPortDepth(CausalityInterfaceForComposites.java:759)
	at ptolemy.actor.util.CausalityInterfaceForComposites._computeInputDepth(CausalityInterfaceForComposites.java:696)
	at ptolemy.actor.util.CausalityInterfaceForComposites._computeOutputPortDepth(CausalityInterfaceForComposites.java:765)
	at ptolemy.actor.util.CausalityInterfaceForComposites._computeInputDepth(CausalityInterfaceForComposites.java:696)
	at ptolemy.actor.util.CausalityInterfaceForComposites._computeOutputPortDepth(CausalityInterfaceForComposites.java:765)
	at ptolemy.actor.util.CausalityInterfaceForComposites._computeInputDepth(CausalityInterfaceForComposites.java:696)
	at ptolemy.actor.util.CausalityInterfaceForComposites._computeActorDepth(CausalityInterfaceForComposites.java:532)
	at ptolemy.actor.util.CausalityInterfaceForComposites.checkForCycles(CausalityInterfaceForComposites.java:96)
	at ptolemy.domains.de.kernel.DEDirector.preinitialize(DEDirector.java:1338)
	at ptolemy.actor.CompositeActor.preinitialize(CompositeActor.java:1828)
	at ptolemy.actor.Manager.preinitializeAndResolveTypes(Manager.java:1040)
	at ptolemy.actor.Manager.initialize(Manager.java:710)
	at ptolemy.actor.Manager.execute(Manager.java:356)
	at ptolemy.actor.Manager.run(Manager.java:1263)
	at ptolemy.actor.Manager$PtolemyRunThread.run(Manager.java:1915)
java.lang.reflect.InvocationTargetException
	at sun.reflect.NativeConstructorAccessorImpl.newInstance0(Native Method)
	at sun.reflect.NativeConstructorAccessorImpl.newInstance(NativeConstructorAccessorImpl.java:62)
	at sun.reflect.DelegatingConstructorAccessorImpl.newInstance(DelegatingConstructorAccessorImpl.java:45)
	at java.lang.reflect.Constructor.newInstance(Constructor.java:423)
	at ptolemy.util.test.junit.AutoKnownFailedTests.RunModel(AutoKnownFailedTests.java:105)
	at sun.reflect.NativeMethodAccessorImpl.invoke0(Native Method)
	at sun.reflect.NativeMethodAccessorImpl.invoke(NativeMethodAccessorImpl.java:62)
	at sun.reflect.DelegatingMethodAccessorImpl.invoke(DelegatingMethodAccessorImpl.java:43)
	at java.lang.reflect.Method.invoke(Method.java:498)
	at org.junit.runners.model.FrameworkMethod$1.runReflectiveCall(FrameworkMethod.java:44)
	at org.junit.internal.runners.model.ReflectiveCallable.run(ReflectiveCallable.java:15)
	at org.junit.runners.model.FrameworkMethod.invokeExplosively(FrameworkMethod.java:41)
	at junitparams.internal.InvokeParameterisedMethod.evaluate(InvokeParameterisedMethod.java:102)
	at org.junit.internal.runners.statements.FailOnTimeout$1.run(FailOnTimeout.java:28)
Caused by: ptolemy.kernel.util.IllegalActionException: Found a zero delay loop containing .dependencyLoop2.original
  in .dependencyLoop2 and .dependencyLoop2.original
	at ptolemy.actor.util.CausalityInterfaceForComposites._computeOutputPortDepth(CausalityInterfaceForComposites.java:759)
	at ptolemy.actor.util.CausalityInterfaceForComposites._computeInputDepth(CausalityInterfaceForComposites.java:696)
	at ptolemy.actor.util.CausalityInterfaceForComposites._computeOutputPortDepth(CausalityInterfaceForComposites.java:765)
	at ptolemy.actor.util.CausalityInterfaceForComposites._computeInputDepth(CausalityInterfaceForComposites.java:696)
	at ptolemy.actor.util.CausalityInterfaceForComposites._computeOutputPortDepth(CausalityInterfaceForComposites.java:765)
	at ptolemy.actor.util.CausalityInterfaceForComposites._computeInputDepth(CausalityInterfaceForComposites.java:696)
	at ptolemy.actor.util.CausalityInterfaceForComposites._computeActorDepth(CausalityInterfaceForComposites.java:532)
	at ptolemy.actor.util.CausalityInterfaceForComposites.checkForCycles(CausalityInterfaceForComposites.java:96)
	at ptolemy.domains.de.kernel.DEDirector.preinitialize(DEDirector.java:1338)
	at ptolemy.actor.CompositeActor.preinitialize(CompositeActor.java:1828)
	at ptolemy.actor.Manager.preinitializeAndResolveTypes(Manager.java:1040)
	at ptolemy.actor.Manager.initialize(Manager.java:710)
	at ptolemy.actor.Manager.execute(Manager.java:356)
	at ptolemy.actor.Manager.run(Manager.java:1263)
	at ptolemy.actor.Manager$PtolemyRunThread.run(Manager.java:1915)
]]></system-err>
</testsuite>
