<?xml version="1.0" encoding="UTF-8" ?>
<testsuite errors="0" failures="0" hostname="travis-job-0d1b1738-d45e-4e8c-ab2e-c9c025196f61" name="ptolemy.domains.de.test.junit.JUnitTclTest" skipped="0" tests="101" time="124.259" timestamp="2019-02-14T03:34:49">
  <properties>
[...]
</properties>
  <testcase classname="ptolemy.util.test.junit.TclTests" name="[0] /home/travis/build/icyphy/ptII/ptolemy/domains/de/test/DependencyLoop.tcl (RunTclFile)" time="0.717" />
  <testcase classname="ptolemy.util.test.junit.TclTests" name="[1] /home/travis/build/icyphy/ptII/ptolemy/domains/de/test/RunDETestsAsQSS.tcl (RunTclFile)" time="85.329" />
  <testcase classname="ptolemy.util.test.junit.AutoKnownFailedTests" name="[0] /home/travis/build/icyphy/ptII/ptolemy/domains/de/test/auto/knownFailedTests/DESDFClockTest.xml (RunModel)" time="2.034" />
  <testcase classname="ptolemy.util.test.junit.AutoKnownFailedTests" name="[1] /home/travis/build/icyphy/ptII/ptolemy/domains/de/test/auto/knownFailedTests/DirectFeedback.xml (RunModel)" time="0.008" />
  <testcase classname="ptolemy.util.test.junit.AutoKnownFailedTests" name="[2] /home/travis/build/icyphy/ptII/ptolemy/domains/de/test/auto/knownFailedTests/FSMSource.xml (RunModel)" time="0.03" />
  <testcase classname="ptolemy.util.test.junit.AutoKnownFailedTests" name="[3] /home/travis/build/icyphy/ptII/ptolemy/domains/de/test/auto/knownFailedTests/HierarchicalModel.xml (RunModel)" time="0.027" />
  <testcase classname="ptolemy.util.test.junit.AutoKnownFailedTests" name="[4] /home/travis/build/icyphy/ptII/ptolemy/domains/de/test/auto/knownFailedTests/dependencyLoop.xml (RunModel)" time="0.028" />
  <testcase classname="ptolemy.util.test.junit.AutoKnownFailedTests" name="[5] /home/travis/build/icyphy/ptII/ptolemy/domains/de/test/auto/knownFailedTests/dependencyLoop2.xml (RunModel)" time="0.024" />
  <testcase classname="ptolemy.util.test.junit.AutoNameArchTests" name="[0] ThereAreNoAutoArchTests (RunModel)" time="0.004" />
  <testcase classname="ptolemy.util.test.junit.AutoTests" name="[0] /home/travis/build/icyphy/ptII/ptolemy/domains/de/test/auto/ActorDepthCalculation_actorWithoutPorts.xml (RunModel)" time="0.016" />
  <testcase classname="ptolemy.util.test.junit.AutoTests" name="[1] /home/travis/build/icyphy/ptII/ptolemy/domains/de/test/auto/AssemblyLine.xml (RunModel)" time="0.02" />
  <testcase classname="ptolemy.util.test.junit.AutoTests" name="[2] /home/travis/build/icyphy/ptII/ptolemy/domains/de/test/auto/CQBug1.xml (RunModel)" time="0.009" />
  <testcase classname="ptolemy.util.test.junit.AutoTests" name="[3] /home/travis/build/icyphy/ptII/ptolemy/domains/de/test/auto/CancelFireAt.xml (RunModel)" time="0.01" />
  <testcase classname="ptolemy.util.test.junit.AutoTests" name="[4] /home/travis/build/icyphy/ptII/ptolemy/domains/de/test/auto/CausalityAndComposabilityAnalysis.xml (RunModel)" time="0.009" />
  <testcase classname="ptolemy.util.test.junit.AutoTests" name="[5] /home/travis/build/icyphy/ptII/ptolemy/domains/de/test/auto/CausalityInterface1.xml (RunModel)" time="0.008" />
  <testcase classname="ptolemy.util.test.junit.AutoTests" name="[6] /home/travis/build/icyphy/ptII/ptolemy/domains/de/test/auto/CausalityInterface15.xml (RunModel)" time="0.008" />
  <testcase classname="ptolemy.util.test.junit.AutoTests" name="[7] /home/travis/build/icyphy/ptII/ptolemy/domains/de/test/auto/CausalityInterface2.xml (RunModel)" time="0.006" />
  <testcase classname="ptolemy.util.test.junit.AutoTests" name="[8] /home/travis/build/icyphy/ptII/ptolemy/domains/de/test/auto/CausalityInterface3.xml (RunModel)" time="0.007" />
  <testcase classname="ptolemy.util.test.junit.AutoTests" name="[9] /home/travis/build/icyphy/ptII/ptolemy/domains/de/test/auto/ClockDrift.xml (RunModel)" time="0.02" />
  <testcase classname="ptolemy.util.test.junit.AutoTests" name="[10] /home/travis/build/icyphy/ptII/ptolemy/domains/de/test/auto/ClockDriftAndValueChange.xml (RunModel)" time="0.02" />
  <testcase classname="ptolemy.util.test.junit.AutoTests" name="[11] /home/travis/build/icyphy/ptII/ptolemy/domains/de/test/auto/ClockDriftChange.xml (RunModel)" time="0.017" />
  <testcase classname="ptolemy.util.test.junit.AutoTests" name="[12] /home/travis/build/icyphy/ptII/ptolemy/domains/de/test/auto/ComposableCausalityAnalysis.xml (RunModel)" time="0.012" />
  <testcase classname="ptolemy.util.test.junit.AutoTests" name="[13] /home/travis/build/icyphy/ptII/ptolemy/domains/de/test/auto/DEFixedPointLimitation.xml (RunModel)" time="0.01" />
  <testcase classname="ptolemy.util.test.junit.AutoTests" name="[14] /home/travis/build/icyphy/ptII/ptolemy/domains/de/test/auto/DEScheduleTest.xml (RunModel)" time="0.009" />
  <testcase classname="ptolemy.util.test.junit.AutoTests" name="[15] /home/travis/build/icyphy/ptII/ptolemy/domains/de/test/auto/DEinDEwithStartTimes.xml (RunModel)" time="0.01" />
  <testcase classname="ptolemy.util.test.junit.AutoTests" name="[16] /home/travis/build/icyphy/ptII/ptolemy/domains/de/test/auto/DEinDEwithStartTimes2.xml (RunModel)" time="0.012" />
  <testcase classname="ptolemy.util.test.junit.AutoTests" name="[17] /home/travis/build/icyphy/ptII/ptolemy/domains/de/test/auto/DateDemo.xml (RunModel)" time="0.021" />
  <testcase classname="ptolemy.util.test.junit.AutoTests" name="[18] /home/travis/build/icyphy/ptII/ptolemy/domains/de/test/auto/DateToEvent.xml (RunModel)" time="2.03" />
  <testcase classname="ptolemy.util.test.junit.AutoTests" name="[19] /home/travis/build/icyphy/ptII/ptolemy/domains/de/test/auto/DepthTest1.xml (RunModel)" time="0.017" />
  <testcase classname="ptolemy.util.test.junit.AutoTests" name="[20] /home/travis/build/icyphy/ptII/ptolemy/domains/de/test/auto/DepthTest2.xml (RunModel)" time="0.03" />
  <testcase classname="ptolemy.util.test.junit.AutoTests" name="[21] /home/travis/build/icyphy/ptII/ptolemy/domains/de/test/auto/DepthTest3.xml (RunModel)" time="0.011" />
  <testcase classname="ptolemy.util.test.junit.AutoTests" name="[22] /home/travis/build/icyphy/ptII/ptolemy/domains/de/test/auto/DepthTest4.xml (RunModel)" time="0.009" />
  <testcase classname="ptolemy.util.test.junit.AutoTests" name="[23] /home/travis/build/icyphy/ptII/ptolemy/domains/de/test/auto/DepthTest5.xml (RunModel)" time="0.011" />
  <testcase classname="ptolemy.util.test.junit.AutoTests" name="[24] /home/travis/build/icyphy/ptII/ptolemy/domains/de/test/auto/DepthTest6.xml (RunModel)" time="0.012" />
  <testcase classname="ptolemy.util.test.junit.AutoTests" name="[25] /home/travis/build/icyphy/ptII/ptolemy/domains/de/test/auto/DepthTest7.xml (RunModel)" time="0.014" />
  <testcase classname="ptolemy.util.test.junit.AutoTests" name="[26] /home/travis/build/icyphy/ptII/ptolemy/domains/de/test/auto/EventToDate.xml (RunModel)" time="3.034" />
  <testcase classname="ptolemy.util.test.junit.AutoTests" name="[27] /home/travis/build/icyphy/ptII/ptolemy/domains/de/test/auto/FSM1.xml (RunModel)" time="0.038" />
  <testcase classname="ptolemy.util.test.junit.AutoTests" name="[28] /home/travis/build/icyphy/ptII/ptolemy/domains/de/test/auto/FSM7.xml (RunModel)" time="0.044" />
  <testcase classname="ptolemy.util.test.junit.AutoTests" name="[29] /home/travis/build/icyphy/ptII/ptolemy/domains/de/test/auto/Inspection.xml (RunModel)" time="0.047" />
  <testcase classname="ptolemy.util.test.junit.AutoTests" name="[30] /home/travis/build/icyphy/ptII/ptolemy/domains/de/test/auto/Iteration.xml (RunModel)" time="0.015" />
  <testcase classname="ptolemy.util.test.junit.AutoTests" name="[31] /home/travis/build/icyphy/ptII/ptolemy/domains/de/test/auto/LineFault.xml (RunModel)" time="0.496" />
  <testcase classname="ptolemy.util.test.junit.AutoTests" name="[32] /home/travis/build/icyphy/ptII/ptolemy/domains/de/test/auto/MergeModel1Add.xml (RunModel)" time="0.032" />
  <testcase classname="ptolemy.util.test.junit.AutoTests" name="[33] /home/travis/build/icyphy/ptII/ptolemy/domains/de/test/auto/MergeModel2Add.xml (RunModel)" time="0.034" />
  <testcase classname="ptolemy.util.test.junit.AutoTests" name="[34] /home/travis/build/icyphy/ptII/ptolemy/domains/de/test/auto/MergeModel3Add.xml (RunModel)" time="0.03" />
  <testcase classname="ptolemy.util.test.junit.AutoTests" name="[35] /home/travis/build/icyphy/ptII/ptolemy/domains/de/test/auto/MergeWithoutDiscard.xml (RunModel)" time="0.008" />
  <testcase classname="ptolemy.util.test.junit.AutoTests" name="[36] /home/travis/build/icyphy/ptII/ptolemy/domains/de/test/auto/Modal1.xml (RunModel)" time="0.022" />
  <testcase classname="ptolemy.util.test.junit.AutoTests" name="[37] /home/travis/build/icyphy/ptII/ptolemy/domains/de/test/auto/Modal2.xml (RunModel)" time="0.023" />
  <testcase classname="ptolemy.util.test.junit.AutoTests" name="[38] /home/travis/build/icyphy/ptII/ptolemy/domains/de/test/auto/Modal3.xml (RunModel)" time="0.022" />
  <testcase classname="ptolemy.util.test.junit.AutoTests" name="[39] /home/travis/build/icyphy/ptII/ptolemy/domains/de/test/auto/Modal4.xml (RunModel)" time="0.024" />
  <testcase classname="ptolemy.util.test.junit.AutoTests" name="[40] /home/travis/build/icyphy/ptII/ptolemy/domains/de/test/auto/Modal5.xml (RunModel)" time="0.023" />
  <testcase classname="ptolemy.util.test.junit.AutoTests" name="[41] /home/travis/build/icyphy/ptII/ptolemy/domains/de/test/auto/Modal6.xml (RunModel)" time="0.024" />
  <testcase classname="ptolemy.util.test.junit.AutoTests" name="[42] /home/travis/build/icyphy/ptII/ptolemy/domains/de/test/auto/Modal7.xml (RunModel)" time="0.025" />
  <testcase classname="ptolemy.util.test.junit.AutoTests" name="[43] /home/travis/build/icyphy/ptII/ptolemy/domains/de/test/auto/ModalModel.xml (RunModel)" time="0.127" />
  <testcase classname="ptolemy.util.test.junit.AutoTests" name="[44] /home/travis/build/icyphy/ptII/ptolemy/domains/de/test/auto/ModalSource.xml (RunModel)" time="0.014" />
  <testcase classname="ptolemy.util.test.junit.AutoTests" name="[45] /home/travis/build/icyphy/ptII/ptolemy/domains/de/test/auto/NonInterruptibleTimerZeroDelay.xml (RunModel)" time="0.007" />
  <testcase classname="ptolemy.util.test.junit.AutoTests" name="[46] /home/travis/build/icyphy/ptII/ptolemy/domains/de/test/auto/OpenQueueingNetwork.xml (RunModel)" time="2.162" />
  <testcase classname="ptolemy.util.test.junit.AutoTests" name="[47] /home/travis/build/icyphy/ptII/ptolemy/domains/de/test/auto/OpenQueuingNetwork.xml (RunModel)" time="0.263" />
  <testcase classname="ptolemy.util.test.junit.AutoTests" name="[48] /home/travis/build/icyphy/ptII/ptolemy/domains/de/test/auto/PeriodicSampler.xml (RunModel)" time="0.007" />
  <testcase classname="ptolemy.util.test.junit.AutoTests" name="[49] /home/travis/build/icyphy/ptII/ptolemy/domains/de/test/auto/PersistentIO.xml (RunModel)" time="0.015" />
  <testcase classname="ptolemy.util.test.junit.AutoTests" name="[50] /home/travis/build/icyphy/ptII/ptolemy/domains/de/test/auto/PortParameterResetOnInitialize.xml (RunModel)" time="0.008" />
  <testcase classname="ptolemy.util.test.junit.AutoTests" name="[51] /home/travis/build/icyphy/ptII/ptolemy/domains/de/test/auto/PortParameterUpdates.xml (RunModel)" time="0.014" />
  <testcase classname="ptolemy.util.test.junit.AutoTests" name="[52] /home/travis/build/icyphy/ptII/ptolemy/domains/de/test/auto/QueueAndServer.xml (RunModel)" time="0.016" />
  <testcase classname="ptolemy.util.test.junit.AutoTests" name="[53] /home/travis/build/icyphy/ptII/ptolemy/domains/de/test/auto/Records.xml (RunModel)" time="0.016" />
  <testcase classname="ptolemy.util.test.junit.AutoTests" name="[54] /home/travis/build/icyphy/ptII/ptolemy/domains/de/test/auto/ResetTransitionWithStartTime1.xml (RunModel)" time="0.015" />
  <testcase classname="ptolemy.util.test.junit.AutoTests" name="[55] /home/travis/build/icyphy/ptII/ptolemy/domains/de/test/auto/ResetTransitionWithStartTime2.xml (RunModel)" time="0.013" />
  <testcase classname="ptolemy.util.test.junit.AutoTests" name="[56] /home/travis/build/icyphy/ptII/ptolemy/domains/de/test/auto/ResetTransitionWithStartTime3.xml (RunModel)" time="0.017" />
  <testcase classname="ptolemy.util.test.junit.AutoTests" name="[57] /home/travis/build/icyphy/ptII/ptolemy/domains/de/test/auto/ResetTransitionWithStartTime4.xml (RunModel)" time="0.014" />
  <testcase classname="ptolemy.util.test.junit.AutoTests" name="[58] /home/travis/build/icyphy/ptII/ptolemy/domains/de/test/auto/ResettableTimer1.xml (RunModel)" time="0.008" />
  <testcase classname="ptolemy.util.test.junit.AutoTests" name="[59] /home/travis/build/icyphy/ptII/ptolemy/domains/de/test/auto/ResettableTimer2.xml (RunModel)" time="0.009" />
  <testcase classname="ptolemy.util.test.junit.AutoTests" name="[60] /home/travis/build/icyphy/ptII/ptolemy/domains/de/test/auto/ResettableTimer3.xml (RunModel)" time="0.008" />
  <testcase classname="ptolemy.util.test.junit.AutoTests" name="[61] /home/travis/build/icyphy/ptII/ptolemy/domains/de/test/auto/ResettableTimer4.xml (RunModel)" time="0.009" />
  <testcase classname="ptolemy.util.test.junit.AutoTests" name="[62] /home/travis/build/icyphy/ptII/ptolemy/domains/de/test/auto/ResettableTimer5.xml (RunModel)" time="0.008" />
  <testcase classname="ptolemy.util.test.junit.AutoTests" name="[63] /home/travis/build/icyphy/ptII/ptolemy/domains/de/test/auto/ResettableTimer6.xml (RunModel)" time="0.015" />
  <testcase classname="ptolemy.util.test.junit.AutoTests" name="[64] /home/travis/build/icyphy/ptII/ptolemy/domains/de/test/auto/ServerZeroDelay.xml (RunModel)" time="0.01" />
  <testcase classname="ptolemy.util.test.junit.AutoTests" name="[65] /home/travis/build/icyphy/ptII/ptolemy/domains/de/test/auto/SmartSender.xml (RunModel)" time="3.008" />
  <testcase classname="ptolemy.util.test.junit.AutoTests" name="[66] /home/travis/build/icyphy/ptII/ptolemy/domains/de/test/auto/ThreadedComposite.xml (RunModel)" time="0.123" />
  <testcase classname="ptolemy.util.test.junit.AutoTests" name="[67] /home/travis/build/icyphy/ptII/ptolemy/domains/de/test/auto/Time.xml (RunModel)" time="0.423" />
  <testcase classname="ptolemy.util.test.junit.AutoTests" name="[68] /home/travis/build/icyphy/ptII/ptolemy/domains/de/test/auto/TimeDelayZeroDelay.xml (RunModel)" time="0.01" />
  <testcase classname="ptolemy.util.test.junit.AutoTests" name="[69] /home/travis/build/icyphy/ptII/ptolemy/domains/de/test/auto/TimerZeroDelay.xml (RunModel)" time="0.009" />
  <testcase classname="ptolemy.util.test.junit.AutoTests" name="[70] /home/travis/build/icyphy/ptII/ptolemy/domains/de/test/auto/TimingParadox.xml (RunModel)" time="0.304" />
  <testcase classname="ptolemy.util.test.junit.AutoTests" name="[71] /home/travis/build/icyphy/ptII/ptolemy/domains/de/test/auto/TransferInputs.xml (RunModel)" time="0.012" />
  <testcase classname="ptolemy.util.test.junit.AutoTests" name="[72] /home/travis/build/icyphy/ptII/ptolemy/domains/de/test/auto/TransferOutputs2.xml (RunModel)" time="0.015" />
  <testcase classname="ptolemy.util.test.junit.AutoTests" name="[73] /home/travis/build/icyphy/ptII/ptolemy/domains/de/test/auto/Trilateration.xml (RunModel)" time="10.746" />
  <testcase classname="ptolemy.util.test.junit.AutoTests" name="[74] /home/travis/build/icyphy/ptII/ptolemy/domains/de/test/auto/TwoSigmaDelta.xml (RunModel)" time="1.894" />
  <testcase classname="ptolemy.util.test.junit.AutoTests" name="[75] /home/travis/build/icyphy/ptII/ptolemy/domains/de/test/auto/VariableDelay.xml (RunModel)" time="0.009" />
  <testcase classname="ptolemy.util.test.junit.AutoTests" name="[76] /home/travis/build/icyphy/ptII/ptolemy/domains/de/test/auto/VariableDelay2.xml (RunModel)" time="0.008" />
  <testcase classname="ptolemy.util.test.junit.AutoTests" name="[77] /home/travis/build/icyphy/ptII/ptolemy/domains/de/test/auto/VariableDelayZeroDelay.xml (RunModel)" time="0.009" />
  <testcase classname="ptolemy.util.test.junit.AutoTests" name="[78] /home/travis/build/icyphy/ptII/ptolemy/domains/de/test/auto/VariableDelayZeroDelay2.xml (RunModel)" time="0.009" />
  <testcase classname="ptolemy.util.test.junit.AutoTests" name="[79] /home/travis/build/icyphy/ptII/ptolemy/domains/de/test/auto/deInCt.xml (RunModel)" time="0.018" />
  <testcase classname="ptolemy.util.test.junit.AutoTests" name="[80] /home/travis/build/icyphy/ptII/ptolemy/domains/de/test/auto/deInCt2.xml (RunModel)" time="0.011" />
  <testcase classname="ptolemy.util.test.junit.AutoTests" name="[81] /home/travis/build/icyphy/ptII/ptolemy/domains/de/test/auto/dynamicCausalityInterface1.xml (RunModel)" time="0.014" />
  <testcase classname="ptolemy.util.test.junit.AutoTests" name="[82] /home/travis/build/icyphy/ptII/ptolemy/domains/de/test/auto/fsm_de_test.xml (RunModel)" time="0.018" />
  <testcase classname="ptolemy.util.test.junit.AutoTests" name="[83] /home/travis/build/icyphy/ptII/ptolemy/domains/de/test/auto/functionDependencyReconstruction.xml (RunModel)" time="0.028" />
  <testcase classname="ptolemy.util.test.junit.AutoTests" name="[84] /home/travis/build/icyphy/ptII/ptolemy/domains/de/test/auto/multirate.xml (RunModel)" time="0.012" />
  <testcase classname="ptolemy.util.test.junit.AutoTests" name="[85] /home/travis/build/icyphy/ptII/ptolemy/domains/de/test/auto/multirate2.xml (RunModel)" time="0.015" />
  <testcase classname="ptolemy.util.test.junit.AutoTests" name="[86] /home/travis/build/icyphy/ptII/ptolemy/domains/de/test/auto/realtime.xml (RunModel)" time="10.009" />
  <testcase classname="ptolemy.util.test.junit.AutoTests" name="[87] /home/travis/build/icyphy/ptII/ptolemy/domains/de/test/auto/relationGroup.xml (RunModel)" time="0.01" />
  <testcase classname="ptolemy.util.test.junit.AutoTests" name="[88] /home/travis/build/icyphy/ptII/ptolemy/domains/de/test/auto/relationGroup2.xml (RunModel)" time="0.009" />
  <testcase classname="ptolemy.util.test.junit.AutoTests" name="[89] /home/travis/build/icyphy/ptII/ptolemy/domains/de/test/auto/sortWithOpaquePorts.xml (RunModel)" time="0.011" />
  <testcase classname="ptolemy.util.test.junit.AutoTests" name="[90] /home/travis/build/icyphy/ptII/ptolemy/domains/de/test/auto/transferInputsandOutputs.xml (RunModel)" time="0.009" />
  <testcase classname="ptolemy.util.test.junit.AutoTests" name="[91] /home/travis/build/icyphy/ptII/ptolemy/domains/de/test/auto/triggerType.xml (RunModel)" time="0.007" />
  <system-out><![CDATA[/home/travis/build/icyphy/ptII/ptolemy/domains/de/test/DependencyLoop.tcl
testDefs.tcl: setting time out to 9000 seconds at Thu Feb 14 03:34:49 UTC 2019
14 ms. Memory: 116224K Free: 97398K (84%)
23 ms. Memory: 146944K Free: 142432K (97%)
/home/travis/build/icyphy/ptII/ptolemy/domains/de/test/RunDETestsAsQSS.tcl
Run the DE tests using ptolemy.domains.qss.test.QSSDirectorTest, which extends QSSDirector and prints a message in the constructors.
------------------ testing $PTII/ptolemy/domains/de/test/auto/knownFailedTests/dependencyLoop.xml (Known Failure) 
8 ms. Memory: 146944K Free: 136953K (93%)


==== $PTIIhome/travis/build/icyphy/ptII/ptolemy/domains/de/test/../../../../: Auto Automatic test in file $PTII/ptolemy/domains/de/test/auto/knownFailedTests/dependencyLoop.xml
==== Contents of test case:

	    # FIXME: we should use $relativeFilename here, but it
	    # might have backslashes under Windows, which causes no end
	    # of trouble.
	    createAndExecute $file
	    list {}
	
.... Test generated KNOWN error:
    while executing
ptolemy.kernel.util.IllegalActionException: Found a zero delay loop containing .dependencyLoop.original
  in .dependencyLoop and .dependencyLoop.original
	at ptolemy.actor.util.CausalityInterfaceForComposites._computeOutputPortDepth(CausalityInterfaceForComposites.java:759)
	at ptolemy.actor.util.CausalityInterfaceForComposites._computeInputDepth(CausalityInterfaceForComposites.java:696)
	at ptolemy.actor.util.CausalityInterfaceForComposites._computeOutputPortDepth(CausalityInterfaceForComposites.java:765)
	at ptolemy.actor.util.CausalityInterfaceForComposites._computeInputDepth(CausalityInterfaceForComposites.java:696)
	at ptolemy.actor.util.CausalityInterfaceForComposites._computeOutputPortDepth(CausalityInterfaceForComposites.java:765)
	at ptolemy.actor.util.CausalityInterfaceForComposites._computeInputDepth(CausalityInterfaceForComposites.java:696)
	at ptolemy.actor.util.CausalityInterfaceForComposites._computeActorDepth(CausalityInterfaceForComposites.java:532)
	at ptolemy.actor.util.CausalityInterfaceForComposites.checkForCycles(CausalityInterfaceForComposites.java:96)
	at ptolemy.domains.de.kernel.DEDirector.preinitialize(DEDirector.java:1338)
	at ptolemy.actor.CompositeActor.preinitialize(CompositeActor.java:1828)
	at ptolemy.actor.Manager.preinitializeAndResolveTypes(Manager.java:1040)
	at ptolemy.actor.Manager.initialize(Manager.java:710)
	at ptolemy.actor.Manager.execute(Manager.java:356)
	at ptolemy.actor.Manager.run(Manager.java:1263)
	at ptolemy.actor.Manager$PtolemyRunThread.run(Manager.java:1915)

    while executing
ptolemy.kernel.util.IllegalActionException: Found a zero delay loop containing .dependencyLoop.original
  in .dependencyLoop and .dependencyLoop.original
    while executing
"java::new ptolemy.moml.MoMLSimpleApplication $file
"
    (procedure "createAndExecute" line 2)
    invoked from within
"createAndExecute $file"
    ("uplevel" body line 5)
    invoked from within
"uplevel $contents_of_test"
------------------ testing $PTII/ptolemy/domains/de/test/auto/knownFailedTests/DESDFClockTest.xml (Known Failure) 
2049 ms. Memory: 146944K Free: 121328K (83%)


==== $PTIIhome/travis/build/icyphy/ptII/ptolemy/domains/de/test/../../../../: Auto Automatic test in file $PTII/ptolemy/domains/de/test/auto/knownFailedTests/DESDFClockTest.xml
==== Contents of test case:

	    # FIXME: we should use $relativeFilename here, but it
	    # might have backslashes under Windows, which causes no end
	    # of trouble.
	    createAndExecute $file
	    list {}
	
.... Test generated KNOWN error:
    while executing
ptolemy.kernel.util.IllegalActionException: Actor is not ready to fire.  Perhaps UpSample.prefire() returned false? Try debugging the actor by selecting "Listen to Actor".  Also, for SDF check moml for tokenConsumptionRate on input.
  in .DESDFClockTest.Play Bell.Copy1:SDF Director and .DESDFClockTest.Play Bell.UpSample
	at ptolemy.actor.sched.StaticSchedulingDirector.fire(StaticSchedulingDirector.java:227)
	at ptolemy.domains.sdf.kernel.SDFDirector.fire(SDFDirector.java:500)
	at ptolemy.actor.CompositeActor.fire(CompositeActor.java:455)
	at ptolemy.domains.de.kernel.DEDirector._fire(DEDirector.java:1949)
	at ptolemy.domains.de.kernel.DEDirector.fire(DEDirector.java:502)
	at ptolemy.actor.CompositeActor.fire(CompositeActor.java:455)
	at ptolemy.actor.Manager.iterate(Manager.java:851)
	at ptolemy.actor.Manager.execute(Manager.java:369)
	at ptolemy.actor.Manager.run(Manager.java:1263)
	at ptolemy.actor.Manager$PtolemyRunThread.run(Manager.java:1915)

    while executing
ptolemy.kernel.util.IllegalActionException: Actor is not ready to fire.  Perhaps UpSample.prefire() returned false? Try debugging the actor by selecting "Listen to Actor".  Also, for SDF check moml for tokenConsumptionRate on input.
  in .DESDFClockTest.Play Bell.Copy1:SDF Director and .DESDFClockTest.Play Bell.UpSample
    while executing
"java::new ptolemy.moml.MoMLSimpleApplication $file
"
    (procedure "createAndExecute" line 2)
    invoked from within
"createAndExecute $file"
    ("uplevel" body line 5)
    invoked from within
"uplevel $contents_of_test"
------------------ testing $PTII/ptolemy/domains/de/test/auto/knownFailedTests/FSMSource.xml (Known Failure) 
41 ms. Memory: 146944K Free: 111877K (76%)
!!!! Auto was marked as failing, but now passes
------------------ testing $PTII/ptolemy/domains/de/test/auto/knownFailedTests/dependencyLoop2.xml (Known Failure) 
7 ms. Memory: 146944K Free: 109994K (75%)


==== $PTIIhome/travis/build/icyphy/ptII/ptolemy/domains/de/test/../../../../: Auto Automatic test in file $PTII/ptolemy/domains/de/test/auto/knownFailedTests/dependencyLoop2.xml
==== Contents of test case:

	    # FIXME: we should use $relativeFilename here, but it
	    # might have backslashes under Windows, which causes no end
	    # of trouble.
	    createAndExecute $file
	    list {}
	
.... Test generated KNOWN error:
    while executing
ptolemy.kernel.util.IllegalActionException: Found a zero delay loop containing .dependencyLoop2.original
  in .dependencyLoop2 and .dependencyLoop2.original
	at ptolemy.actor.util.CausalityInterfaceForComposites._computeOutputPortDepth(CausalityInterfaceForComposites.java:759)
	at ptolemy.actor.util.CausalityInterfaceForComposites._computeInputDepth(CausalityInterfaceForComposites.java:696)
	at ptolemy.actor.util.CausalityInterfaceForComposites._computeOutputPortDepth(CausalityInterfaceForComposites.java:765)
	at ptolemy.actor.util.CausalityInterfaceForComposites._computeInputDepth(CausalityInterfaceForComposites.java:696)
	at ptolemy.actor.util.CausalityInterfaceForComposites._computeOutputPortDepth(CausalityInterfaceForComposites.java:765)
	at ptolemy.actor.util.CausalityInterfaceForComposites._computeInputDepth(CausalityInterfaceForComposites.java:696)
	at ptolemy.actor.util.CausalityInterfaceForComposites._computeActorDepth(CausalityInterfaceForComposites.java:532)
	at ptolemy.actor.util.CausalityInterfaceForComposites.checkForCycles(CausalityInterfaceForComposites.java:96)
	at ptolemy.domains.de.kernel.DEDirector.preinitialize(DEDirector.java:1338)
	at ptolemy.actor.CompositeActor.preinitialize(CompositeActor.java:1828)
	at ptolemy.actor.Manager.preinitializeAndResolveTypes(Manager.java:1040)
	at ptolemy.actor.Manager.initialize(Manager.java:710)
	at ptolemy.actor.Manager.execute(Manager.java:356)
	at ptolemy.actor.Manager.run(Manager.java:1263)
	at ptolemy.actor.Manager$PtolemyRunThread.run(Manager.java:1915)

    while executing
ptolemy.kernel.util.IllegalActionException: Found a zero delay loop containing .dependencyLoop2.original
  in .dependencyLoop2 and .dependencyLoop2.original
    while executing
"java::new ptolemy.moml.MoMLSimpleApplication $file
"
    (procedure "createAndExecute" line 2)
    invoked from within
"createAndExecute $file"
    ("uplevel" body line 5)
    invoked from within
"uplevel $contents_of_test"
------------------ testing $PTII/ptolemy/domains/de/test/auto/knownFailedTests/HierarchicalModel.xml (Known Failure) 
5 ms. Memory: 146944K Free: 89666K (61%)


==== $PTIIhome/travis/build/icyphy/ptII/ptolemy/domains/de/test/../../../../: Auto Automatic test in file $PTII/ptolemy/domains/de/test/auto/knownFailedTests/HierarchicalModel.xml
==== Contents of test case:

	    # FIXME: we should use $relativeFilename here, but it
	    # might have backslashes under Windows, which causes no end
	    # of trouble.
	    createAndExecute $file
	    list {}
	
.... Test generated KNOWN error:
    while executing
ptolemy.kernel.util.IllegalActionException: Found a zero delay loop containing .HierarchicalModel.A
  in .HierarchicalModel and .HierarchicalModel.A
	at ptolemy.actor.util.CausalityInterfaceForComposites._computeOutputPortDepth(CausalityInterfaceForComposites.java:759)
	at ptolemy.actor.util.CausalityInterfaceForComposites._computeInputDepth(CausalityInterfaceForComposites.java:696)
	at ptolemy.actor.util.CausalityInterfaceForComposites._computeOutputPortDepth(CausalityInterfaceForComposites.java:765)
	at ptolemy.actor.util.CausalityInterfaceForComposites._computeInputDepth(CausalityInterfaceForComposites.java:696)
	at ptolemy.actor.util.CausalityInterfaceForComposites._computeOutputPortDepth(CausalityInterfaceForComposites.java:765)
	at ptolemy.actor.util.CausalityInterfaceForComposites._computeInputDepth(CausalityInterfaceForComposites.java:696)
	at ptolemy.actor.util.CausalityInterfaceForComposites._computeActorDepth(CausalityInterfaceForComposites.java:532)
	at ptolemy.actor.util.CausalityInterfaceForComposites.checkForCycles(CausalityInterfaceForComposites.java:96)
	at ptolemy.domains.de.kernel.DEDirector.preinitialize(DEDirector.java:1338)
	at ptolemy.actor.CompositeActor.preinitialize(CompositeActor.java:1828)
	at ptolemy.actor.Manager.preinitializeAndResolveTypes(Manager.java:1040)
	at ptolemy.actor.Manager.initialize(Manager.java:710)
	at ptolemy.actor.Manager.execute(Manager.java:356)
	at ptolemy.actor.Manager.run(Manager.java:1263)
	at ptolemy.actor.Manager$PtolemyRunThread.run(Manager.java:1915)

    while executing
ptolemy.kernel.util.IllegalActionException: Found a zero delay loop containing .HierarchicalModel.A
  in .HierarchicalModel and .HierarchicalModel.A
    while executing
"java::new ptolemy.moml.MoMLSimpleApplication $file
"
    (procedure "createAndExecute" line 2)
    invoked from within
"createAndExecute $file"
    ("uplevel" body line 5)
    invoked from within
"uplevel $contents_of_test"
------------------ testing $PTII/ptolemy/domains/de/test/auto/knownFailedTests/DirectFeedback.xml (Known Failure) 
4 ms. Memory: 146944K Free: 85530K (58%)


==== $PTIIhome/travis/build/icyphy/ptII/ptolemy/domains/de/test/../../../../: Auto Automatic test in file $PTII/ptolemy/domains/de/test/auto/knownFailedTests/DirectFeedback.xml
==== Contents of test case:

	    # FIXME: we should use $relativeFilename here, but it
	    # might have backslashes under Windows, which causes no end
	    # of trouble.
	    createAndExecute $file
	    list {}
	
.... Test generated KNOWN error:
    while executing
ptolemy.kernel.util.IllegalActionException: Test fails in iteration 1.
Value was: 1.0. Should have been: 2.0
  in .DirectFeedback.Test
	at ptolemy.actor.lib.Test.fire(Test.java:268)
	at ptolemy.domains.de.kernel.DEDirector._fire(DEDirector.java:1949)
	at ptolemy.domains.de.kernel.DEDirector.fire(DEDirector.java:502)
	at ptolemy.actor.CompositeActor.fire(CompositeActor.java:455)
	at ptolemy.actor.Manager.iterate(Manager.java:851)
	at ptolemy.actor.Manager.execute(Manager.java:369)
	at ptolemy.actor.Manager.run(Manager.java:1263)
	at ptolemy.actor.Manager$PtolemyRunThread.run(Manager.java:1915)

    while executing
ptolemy.kernel.util.IllegalActionException: Test fails in iteration 1.
Value was: 1.0. Should have been: 2.0
  in .DirectFeedback.Test
    while executing
"java::new ptolemy.moml.MoMLSimpleApplication $file
"
    (procedure "createAndExecute" line 2)
    invoked from within
"createAndExecute $file"
    ("uplevel" body line 5)
    invoked from within
"uplevel $contents_of_test"
------------------ testing $PTII/ptolemy/domains/de/test/auto/ActorDepthCalculation_actorWithoutPorts.xml
auto.tcl: Setting watchdog for 200 seconds at Thu Feb 14 03:34:52 UTC 2019
5 ms. Memory: 146944K Free: 138708K (94%)
ptolemy.util.test.WatchDog.cancel(): canceling Thu Feb 14 03:34:52 UTC 2019
auto.tcl: Setting watchdog for 200 seconds at Thu Feb 14 03:34:52 UTC 2019
4 ms. Memory: 146944K Free: 136677K (93%)
ptolemy.util.test.WatchDog.cancel(): canceling Thu Feb 14 03:34:52 UTC 2019
------------------ testing $PTII/ptolemy/domains/de/test/auto/AssemblyLine.xml
auto.tcl: Setting watchdog for 200 seconds at Thu Feb 14 03:34:52 UTC 2019
26 ms. Memory: 208384K Free: 183443K (88%)
ptolemy.util.test.WatchDog.cancel(): canceling Thu Feb 14 03:34:52 UTC 2019
auto.tcl: Setting watchdog for 200 seconds at Thu Feb 14 03:34:52 UTC 2019
7 ms. Memory: 208384K Free: 183443K (88%)
ptolemy.util.test.WatchDog.cancel(): canceling Thu Feb 14 03:34:52 UTC 2019
------------------ testing $PTII/ptolemy/domains/de/test/auto/CQBug1.xml
auto.tcl: Setting watchdog for 200 seconds at Thu Feb 14 03:34:53 UTC 2019
4 ms. Memory: 208384K Free: 197927K (95%)
ptolemy.util.test.WatchDog.cancel(): canceling Thu Feb 14 03:34:53 UTC 2019
auto.tcl: Setting watchdog for 200 seconds at Thu Feb 14 03:34:53 UTC 2019
2 ms. Memory: 208384K Free: 197927K (95%)
ptolemy.util.test.WatchDog.cancel(): canceling Thu Feb 14 03:34:53 UTC 2019
------------------ testing $PTII/ptolemy/domains/de/test/auto/CancelFireAt.xml
auto.tcl: Setting watchdog for 200 seconds at Thu Feb 14 03:34:53 UTC 2019
7 ms. Memory: 208384K Free: 201578K (97%)
ptolemy.util.test.WatchDog.cancel(): canceling Thu Feb 14 03:34:53 UTC 2019
auto.tcl: Setting watchdog for 200 seconds at Thu Feb 14 03:34:53 UTC 2019
9 ms. Memory: 208384K Free: 199547K (96%)
ptolemy.util.test.WatchDog.cancel(): canceling Thu Feb 14 03:34:53 UTC 2019
------------------ testing $PTII/ptolemy/domains/de/test/auto/CausalityAndComposabilityAnalysis.xml
auto.tcl: Setting watchdog for 200 seconds at Thu Feb 14 03:34:53 UTC 2019
17 ms. Memory: 208384K Free: 198626K (95%)
ptolemy.util.test.WatchDog.cancel(): canceling Thu Feb 14 03:34:53 UTC 2019
auto.tcl: Setting watchdog for 200 seconds at Thu Feb 14 03:34:53 UTC 2019
5 ms. Memory: 208384K Free: 196596K (94%)
ptolemy.util.test.WatchDog.cancel(): canceling Thu Feb 14 03:34:53 UTC 2019
------------------ testing $PTII/ptolemy/domains/de/test/auto/CausalityInterface1.xml
auto.tcl: Setting watchdog for 200 seconds at Thu Feb 14 03:34:53 UTC 2019
12 ms. Memory: 208384K Free: 196531K (94%)
ptolemy.util.test.WatchDog.cancel(): canceling Thu Feb 14 03:34:53 UTC 2019
auto.tcl: Setting watchdog for 200 seconds at Thu Feb 14 03:34:53 UTC 2019
4 ms. Memory: 208384K Free: 196531K (94%)
ptolemy.util.test.WatchDog.cancel(): canceling Thu Feb 14 03:34:53 UTC 2019
------------------ testing $PTII/ptolemy/domains/de/test/auto/CausalityInterface15.xml
auto.tcl: Setting watchdog for 200 seconds at Thu Feb 14 03:34:53 UTC 2019
15 ms. Memory: 208384K Free: 197010K (95%)
ptolemy.util.test.WatchDog.cancel(): canceling Thu Feb 14 03:34:53 UTC 2019
auto.tcl: Setting watchdog for 200 seconds at Thu Feb 14 03:34:53 UTC 2019
6 ms. Memory: 208384K Free: 197010K (95%)
ptolemy.util.test.WatchDog.cancel(): canceling Thu Feb 14 03:34:53 UTC 2019
------------------ testing $PTII/ptolemy/domains/de/test/auto/CausalityInterface2.xml
auto.tcl: Setting watchdog for 200 seconds at Thu Feb 14 03:34:53 UTC 2019
4 ms. Memory: 208384K Free: 197026K (95%)
ptolemy.util.test.WatchDog.cancel(): canceling Thu Feb 14 03:34:53 UTC 2019
auto.tcl: Setting watchdog for 200 seconds at Thu Feb 14 03:34:53 UTC 2019
3 ms. Memory: 208384K Free: 196506K (94%)
ptolemy.util.test.WatchDog.cancel(): canceling Thu Feb 14 03:34:53 UTC 2019
------------------ testing $PTII/ptolemy/domains/de/test/auto/CausalityInterface3.xml
auto.tcl: Setting watchdog for 200 seconds at Thu Feb 14 03:34:53 UTC 2019
6 ms. Memory: 208384K Free: 196519K (94%)
ptolemy.util.test.WatchDog.cancel(): canceling Thu Feb 14 03:34:53 UTC 2019
auto.tcl: Setting watchdog for 200 seconds at Thu Feb 14 03:34:53 UTC 2019
4 ms. Memory: 208384K Free: 196519K (94%)
ptolemy.util.test.WatchDog.cancel(): canceling Thu Feb 14 03:34:53 UTC 2019
------------------ testing $PTII/ptolemy/domains/de/test/auto/ClockDrift.xml
auto.tcl: Setting watchdog for 200 seconds at Thu Feb 14 03:34:53 UTC 2019
55 ms. Memory: 208384K Free: 187959K (90%)
ptolemy.util.test.WatchDog.cancel(): canceling Thu Feb 14 03:34:53 UTC 2019
auto.tcl: Setting watchdog for 200 seconds at Thu Feb 14 03:34:53 UTC 2019
60 ms. Memory: 208384K Free: 185929K (89%)
ptolemy.util.test.WatchDog.cancel(): canceling Thu Feb 14 03:34:53 UTC 2019
------------------ testing $PTII/ptolemy/domains/de/test/auto/ClockDriftAndValueChange.xml
auto.tcl: Setting watchdog for 200 seconds at Thu Feb 14 03:34:53 UTC 2019
51 ms. Memory: 208384K Free: 187797K (90%)
ptolemy.util.test.WatchDog.cancel(): canceling Thu Feb 14 03:34:53 UTC 2019
auto.tcl: Setting watchdog for 200 seconds at Thu Feb 14 03:34:53 UTC 2019
36 ms. Memory: 208384K Free: 185767K (89%)
ptolemy.util.test.WatchDog.cancel(): canceling Thu Feb 14 03:34:54 UTC 2019
------------------ testing $PTII/ptolemy/domains/de/test/auto/ClockDriftChange.xml
auto.tcl: Setting watchdog for 200 seconds at Thu Feb 14 03:34:54 UTC 2019
34 ms. Memory: 208384K Free: 191049K (92%)
ptolemy.util.test.WatchDog.cancel(): canceling Thu Feb 14 03:34:54 UTC 2019
auto.tcl: Setting watchdog for 200 seconds at Thu Feb 14 03:34:54 UTC 2019
24 ms. Memory: 208384K Free: 189018K (91%)
ptolemy.util.test.WatchDog.cancel(): canceling Thu Feb 14 03:34:54 UTC 2019
------------------ testing $PTII/ptolemy/domains/de/test/auto/ComposableCausalityAnalysis.xml
auto.tcl: Setting watchdog for 200 seconds at Thu Feb 14 03:34:54 UTC 2019
4 ms. Memory: 208384K Free: 196375K (94%)
ptolemy.util.test.WatchDog.cancel(): canceling Thu Feb 14 03:34:54 UTC 2019
auto.tcl: Setting watchdog for 200 seconds at Thu Feb 14 03:34:54 UTC 2019
2 ms. Memory: 208384K Free: 194345K (93%)
ptolemy.util.test.WatchDog.cancel(): canceling Thu Feb 14 03:34:54 UTC 2019
------------------ testing $PTII/ptolemy/domains/de/test/auto/DEFixedPointLimitation.xml
auto.tcl: Setting watchdog for 200 seconds at Thu Feb 14 03:34:54 UTC 2019
3 ms. Memory: 208384K Free: 196456K (94%)
ptolemy.util.test.WatchDog.cancel(): canceling Thu Feb 14 03:34:54 UTC 2019
auto.tcl: Setting watchdog for 200 seconds at Thu Feb 14 03:34:54 UTC 2019
1 ms. Memory: 208384K Free: 196456K (94%)
ptolemy.util.test.WatchDog.cancel(): canceling Thu Feb 14 03:34:54 UTC 2019
------------------ testing $PTII/ptolemy/domains/de/test/auto/DEScheduleTest.xml
auto.tcl: Setting watchdog for 200 seconds at Thu Feb 14 03:34:54 UTC 2019
11 ms. Memory: 208384K Free: 198522K (95%)
ptolemy.util.test.WatchDog.cancel(): canceling Thu Feb 14 03:34:54 UTC 2019
auto.tcl: Setting watchdog for 200 seconds at Thu Feb 14 03:34:54 UTC 2019
6 ms. Memory: 208384K Free: 196492K (94%)
ptolemy.util.test.WatchDog.cancel(): canceling Thu Feb 14 03:34:54 UTC 2019
------------------ testing $PTII/ptolemy/domains/de/test/auto/DEinDEwithStartTimes.xml
auto.tcl: Setting watchdog for 200 seconds at Thu Feb 14 03:34:54 UTC 2019
4 ms. Memory: 208384K Free: 196980K (95%)
ptolemy.util.test.WatchDog.cancel(): canceling Thu Feb 14 03:34:54 UTC 2019
auto.tcl: Setting watchdog for 200 seconds at Thu Feb 14 03:34:54 UTC 2019
3 ms. Memory: 208384K Free: 194950K (94%)
ptolemy.util.test.WatchDog.cancel(): canceling Thu Feb 14 03:34:54 UTC 2019
------------------ testing $PTII/ptolemy/domains/de/test/auto/DEinDEwithStartTimes2.xml
auto.tcl: Setting watchdog for 200 seconds at Thu Feb 14 03:34:54 UTC 2019
8 ms. Memory: 208384K Free: 196441K (94%)
ptolemy.util.test.WatchDog.cancel(): canceling Thu Feb 14 03:34:54 UTC 2019
auto.tcl: Setting watchdog for 200 seconds at Thu Feb 14 03:34:54 UTC 2019
8 ms. Memory: 208384K Free: 194410K (93%)
ptolemy.util.test.WatchDog.cancel(): canceling Thu Feb 14 03:34:54 UTC 2019
------------------ testing $PTII/ptolemy/domains/de/test/auto/DateDemo.xml
auto.tcl: Setting watchdog for 200 seconds at Thu Feb 14 03:34:54 UTC 2019
16 ms. Memory: 208384K Free: 189078K (91%)
ptolemy.util.test.WatchDog.cancel(): canceling Thu Feb 14 03:34:54 UTC 2019
auto.tcl: Setting watchdog for 200 seconds at Thu Feb 14 03:34:54 UTC 2019
5 ms. Memory: 208384K Free: 187047K (90%)
ptolemy.util.test.WatchDog.cancel(): canceling Thu Feb 14 03:34:54 UTC 2019
------------------ testing $PTII/ptolemy/domains/de/test/auto/DateToEvent.xml
auto.tcl: Setting watchdog for 200 seconds at Thu Feb 14 03:34:54 UTC 2019
2011 ms. Memory: 208384K Free: 183993K (88%)
ptolemy.util.test.WatchDog.cancel(): canceling Thu Feb 14 03:34:56 UTC 2019
auto.tcl: Setting watchdog for 200 seconds at Thu Feb 14 03:34:56 UTC 2019
2005 ms. Memory: 208384K Free: 183993K (88%)
ptolemy.util.test.WatchDog.cancel(): canceling Thu Feb 14 03:34:58 UTC 2019
------------------ testing $PTII/ptolemy/domains/de/test/auto/DepthTest1.xml
auto.tcl: Setting watchdog for 200 seconds at Thu Feb 14 03:34:58 UTC 2019
6 ms. Memory: 208384K Free: 198568K (95%)
ptolemy.util.test.WatchDog.cancel(): canceling Thu Feb 14 03:34:58 UTC 2019
auto.tcl: Setting watchdog for 200 seconds at Thu Feb 14 03:34:58 UTC 2019
1 ms. Memory: 208384K Free: 198568K (95%)
ptolemy.util.test.WatchDog.cancel(): canceling Thu Feb 14 03:34:58 UTC 2019
------------------ testing $PTII/ptolemy/domains/de/test/auto/DepthTest2.xml
auto.tcl: Setting watchdog for 200 seconds at Thu Feb 14 03:34:58 UTC 2019
6 ms. Memory: 208384K Free: 194389K (93%)
ptolemy.util.test.WatchDog.cancel(): canceling Thu Feb 14 03:34:58 UTC 2019
auto.tcl: Setting watchdog for 200 seconds at Thu Feb 14 03:34:58 UTC 2019
6 ms. Memory: 208384K Free: 194389K (93%)
ptolemy.util.test.WatchDog.cancel(): canceling Thu Feb 14 03:34:58 UTC 2019
------------------ testing $PTII/ptolemy/domains/de/test/auto/DepthTest3.xml
auto.tcl: Setting watchdog for 200 seconds at Thu Feb 14 03:34:59 UTC 2019
5 ms. Memory: 208384K Free: 198903K (95%)
ptolemy.util.test.WatchDog.cancel(): canceling Thu Feb 14 03:34:59 UTC 2019
auto.tcl: Setting watchdog for 200 seconds at Thu Feb 14 03:34:59 UTC 2019
2 ms. Memory: 208384K Free: 198903K (95%)
ptolemy.util.test.WatchDog.cancel(): canceling Thu Feb 14 03:34:59 UTC 2019
------------------ testing $PTII/ptolemy/domains/de/test/auto/DepthTest4.xml
auto.tcl: Setting watchdog for 200 seconds at Thu Feb 14 03:34:59 UTC 2019
8 ms. Memory: 208384K Free: 196442K (94%)
ptolemy.util.test.WatchDog.cancel(): canceling Thu Feb 14 03:34:59 UTC 2019
auto.tcl: Setting watchdog for 200 seconds at Thu Feb 14 03:34:59 UTC 2019
2 ms. Memory: 208384K Free: 196442K (94%)
ptolemy.util.test.WatchDog.cancel(): canceling Thu Feb 14 03:34:59 UTC 2019
------------------ testing $PTII/ptolemy/domains/de/test/auto/DepthTest5.xml
auto.tcl: Setting watchdog for 200 seconds at Thu Feb 14 03:34:59 UTC 2019
3 ms. Memory: 208384K Free: 196388K (94%)
ptolemy.util.test.WatchDog.cancel(): canceling Thu Feb 14 03:34:59 UTC 2019
auto.tcl: Setting watchdog for 200 seconds at Thu Feb 14 03:34:59 UTC 2019
2 ms. Memory: 208384K Free: 196388K (94%)
ptolemy.util.test.WatchDog.cancel(): canceling Thu Feb 14 03:34:59 UTC 2019
------------------ testing $PTII/ptolemy/domains/de/test/auto/DepthTest6.xml
auto.tcl: Setting watchdog for 200 seconds at Thu Feb 14 03:34:59 UTC 2019
6 ms. Memory: 208384K Free: 196884K (94%)
ptolemy.util.test.WatchDog.cancel(): canceling Thu Feb 14 03:34:59 UTC 2019
auto.tcl: Setting watchdog for 200 seconds at Thu Feb 14 03:34:59 UTC 2019
2 ms. Memory: 208384K Free: 196884K (94%)
ptolemy.util.test.WatchDog.cancel(): canceling Thu Feb 14 03:34:59 UTC 2019
------------------ testing $PTII/ptolemy/domains/de/test/auto/DepthTest7.xml
auto.tcl: Setting watchdog for 200 seconds at Thu Feb 14 03:34:59 UTC 2019
2 ms. Memory: 208384K Free: 196346K (94%)
ptolemy.util.test.WatchDog.cancel(): canceling Thu Feb 14 03:34:59 UTC 2019
auto.tcl: Setting watchdog for 200 seconds at Thu Feb 14 03:34:59 UTC 2019
2 ms. Memory: 208384K Free: 196346K (94%)
ptolemy.util.test.WatchDog.cancel(): canceling Thu Feb 14 03:34:59 UTC 2019
------------------ testing $PTII/ptolemy/domains/de/test/auto/EventToDate.xml
auto.tcl: Setting watchdog for 200 seconds at Thu Feb 14 03:34:59 UTC 2019
3012 ms. Memory: 208384K Free: 186215K (89%)
ptolemy.util.test.WatchDog.cancel(): canceling Thu Feb 14 03:35:02 UTC 2019
auto.tcl: Setting watchdog for 200 seconds at Thu Feb 14 03:35:02 UTC 2019
3006 ms. Memory: 208384K Free: 186215K (89%)
ptolemy.util.test.WatchDog.cancel(): canceling Thu Feb 14 03:35:05 UTC 2019
------------------ testing $PTII/ptolemy/domains/de/test/auto/FSM1.xml
auto.tcl: Setting watchdog for 200 seconds at Thu Feb 14 03:35:05 UTC 2019
16 ms. Memory: 208384K Free: 189536K (91%)
ptolemy.util.test.WatchDog.cancel(): canceling Thu Feb 14 03:35:05 UTC 2019
auto.tcl: Setting watchdog for 200 seconds at Thu Feb 14 03:35:05 UTC 2019
14 ms. Memory: 208384K Free: 185475K (89%)
ptolemy.util.test.WatchDog.cancel(): canceling Thu Feb 14 03:35:05 UTC 2019
------------------ testing $PTII/ptolemy/domains/de/test/auto/FSM7.xml
auto.tcl: Setting watchdog for 200 seconds at Thu Feb 14 03:35:05 UTC 2019
24 ms. Memory: 208384K Free: 187710K (90%)
ptolemy.util.test.WatchDog.cancel(): canceling Thu Feb 14 03:35:05 UTC 2019
auto.tcl: Setting watchdog for 200 seconds at Thu Feb 14 03:35:05 UTC 2019
18 ms. Memory: 208384K Free: 185679K (89%)
ptolemy.util.test.WatchDog.cancel(): canceling Thu Feb 14 03:35:05 UTC 2019
------------------ testing $PTII/ptolemy/domains/de/test/auto/Inspection.xml
auto.tcl: Setting watchdog for 200 seconds at Thu Feb 14 03:35:05 UTC 2019
29 ms. Memory: 208384K Free: 189440K (91%)
ptolemy.util.test.WatchDog.cancel(): canceling Thu Feb 14 03:35:05 UTC 2019
auto.tcl: Setting watchdog for 200 seconds at Thu Feb 14 03:35:05 UTC 2019
36 ms. Memory: 208384K Free: 186890K (90%)
ptolemy.util.test.WatchDog.cancel(): canceling Thu Feb 14 03:35:05 UTC 2019
------------------ testing $PTII/ptolemy/domains/de/test/auto/Iteration.xml
auto.tcl: Setting watchdog for 200 seconds at Thu Feb 14 03:35:05 UTC 2019
7 ms. Memory: 208384K Free: 196150K (94%)
ptolemy.util.test.WatchDog.cancel(): canceling Thu Feb 14 03:35:05 UTC 2019
auto.tcl: Setting watchdog for 200 seconds at Thu Feb 14 03:35:05 UTC 2019
7 ms. Memory: 208384K Free: 194119K (93%)
ptolemy.util.test.WatchDog.cancel(): canceling Thu Feb 14 03:35:05 UTC 2019
------------------ testing $PTII/ptolemy/domains/de/test/auto/LineFault.xml
auto.tcl: Setting watchdog for 200 seconds at Thu Feb 14 03:35:05 UTC 2019
722 ms. Memory: 208384K Free: 201075K (96%)
ptolemy.util.test.WatchDog.cancel(): canceling Thu Feb 14 03:35:06 UTC 2019
auto.tcl: Setting watchdog for 200 seconds at Thu Feb 14 03:35:06 UTC 2019
642 ms. Memory: 208384K Free: 143963K (69%)
ptolemy.util.test.WatchDog.cancel(): canceling Thu Feb 14 03:35:07 UTC 2019
------------------ testing $PTII/ptolemy/domains/de/test/auto/MergeModel1Add.xml
auto.tcl: Setting watchdog for 200 seconds at Thu Feb 14 03:35:07 UTC 2019
22 ms. Memory: 331264K Free: 300925K (91%)
ptolemy.util.test.WatchDog.cancel(): canceling Thu Feb 14 03:35:07 UTC 2019
auto.tcl: Setting watchdog for 200 seconds at Thu Feb 14 03:35:07 UTC 2019
10 ms. Memory: 331264K Free: 300925K (91%)
ptolemy.util.test.WatchDog.cancel(): canceling Thu Feb 14 03:35:07 UTC 2019
------------------ testing $PTII/ptolemy/domains/de/test/auto/MergeModel2Add.xml
auto.tcl: Setting watchdog for 200 seconds at Thu Feb 14 03:35:07 UTC 2019
12 ms. Memory: 331264K Free: 305828K (92%)
ptolemy.util.test.WatchDog.cancel(): canceling Thu Feb 14 03:35:07 UTC 2019
auto.tcl: Setting watchdog for 200 seconds at Thu Feb 14 03:35:07 UTC 2019
7 ms. Memory: 331264K Free: 302279K (91%)
ptolemy.util.test.WatchDog.cancel(): canceling Thu Feb 14 03:35:07 UTC 2019
------------------ testing $PTII/ptolemy/domains/de/test/auto/MergeModel3Add.xml
auto.tcl: Setting watchdog for 200 seconds at Thu Feb 14 03:35:07 UTC 2019
7 ms. Memory: 331264K Free: 305805K (92%)
ptolemy.util.test.WatchDog.cancel(): canceling Thu Feb 14 03:35:08 UTC 2019
auto.tcl: Setting watchdog for 200 seconds at Thu Feb 14 03:35:08 UTC 2019
8 ms. Memory: 331264K Free: 302257K (91%)
ptolemy.util.test.WatchDog.cancel(): canceling Thu Feb 14 03:35:08 UTC 2019
------------------ testing $PTII/ptolemy/domains/de/test/auto/MergeWithoutDiscard.xml
auto.tcl: Setting watchdog for 200 seconds at Thu Feb 14 03:35:08 UTC 2019
2 ms. Memory: 331264K Free: 316754K (96%)
ptolemy.util.test.WatchDog.cancel(): canceling Thu Feb 14 03:35:08 UTC 2019
auto.tcl: Setting watchdog for 200 seconds at Thu Feb 14 03:35:08 UTC 2019
1 ms. Memory: 331264K Free: 316754K (96%)
ptolemy.util.test.WatchDog.cancel(): canceling Thu Feb 14 03:35:08 UTC 2019
------------------ testing $PTII/ptolemy/domains/de/test/auto/Modal1.xml
auto.tcl: Setting watchdog for 200 seconds at Thu Feb 14 03:35:08 UTC 2019
17 ms. Memory: 331264K Free: 310370K (94%)
ptolemy.util.test.WatchDog.cancel(): canceling Thu Feb 14 03:35:08 UTC 2019
auto.tcl: Setting watchdog for 200 seconds at Thu Feb 14 03:35:08 UTC 2019
17 ms. Memory: 331264K Free: 306822K (93%)
ptolemy.util.test.WatchDog.cancel(): canceling Thu Feb 14 03:35:08 UTC 2019
------------------ testing $PTII/ptolemy/domains/de/test/auto/Modal2.xml
auto.tcl: Setting watchdog for 200 seconds at Thu Feb 14 03:35:08 UTC 2019
12 ms. Memory: 331264K Free: 310255K (94%)
ptolemy.util.test.WatchDog.cancel(): canceling Thu Feb 14 03:35:08 UTC 2019
auto.tcl: Setting watchdog for 200 seconds at Thu Feb 14 03:35:08 UTC 2019
10 ms. Memory: 331264K Free: 306707K (93%)
ptolemy.util.test.WatchDog.cancel(): canceling Thu Feb 14 03:35:08 UTC 2019
------------------ testing $PTII/ptolemy/domains/de/test/auto/Modal3.xml
auto.tcl: Setting watchdog for 200 seconds at Thu Feb 14 03:35:08 UTC 2019
14 ms. Memory: 331264K Free: 310242K (94%)
ptolemy.util.test.WatchDog.cancel(): canceling Thu Feb 14 03:35:08 UTC 2019
auto.tcl: Setting watchdog for 200 seconds at Thu Feb 14 03:35:08 UTC 2019
9 ms. Memory: 331264K Free: 306694K (93%)
ptolemy.util.test.WatchDog.cancel(): canceling Thu Feb 14 03:35:08 UTC 2019
------------------ testing $PTII/ptolemy/domains/de/test/auto/Modal4.xml
auto.tcl: Setting watchdog for 200 seconds at Thu Feb 14 03:35:08 UTC 2019
21 ms. Memory: 331264K Free: 310255K (94%)
ptolemy.util.test.WatchDog.cancel(): canceling Thu Feb 14 03:35:08 UTC 2019
auto.tcl: Setting watchdog for 200 seconds at Thu Feb 14 03:35:08 UTC 2019
17 ms. Memory: 331264K Free: 306707K (93%)
ptolemy.util.test.WatchDog.cancel(): canceling Thu Feb 14 03:35:08 UTC 2019
------------------ testing $PTII/ptolemy/domains/de/test/auto/Modal5.xml
auto.tcl: Setting watchdog for 200 seconds at Thu Feb 14 03:35:08 UTC 2019
15 ms. Memory: 331264K Free: 310243K (94%)
ptolemy.util.test.WatchDog.cancel(): canceling Thu Feb 14 03:35:08 UTC 2019
auto.tcl: Setting watchdog for 200 seconds at Thu Feb 14 03:35:08 UTC 2019
12 ms. Memory: 331264K Free: 306694K (93%)
ptolemy.util.test.WatchDog.cancel(): canceling Thu Feb 14 03:35:08 UTC 2019
------------------ testing $PTII/ptolemy/domains/de/test/auto/Modal6.xml
auto.tcl: Setting watchdog for 200 seconds at Thu Feb 14 03:35:08 UTC 2019
12 ms. Memory: 331264K Free: 310915K (94%)
ptolemy.util.test.WatchDog.cancel(): canceling Thu Feb 14 03:35:08 UTC 2019
auto.tcl: Setting watchdog for 200 seconds at Thu Feb 14 03:35:08 UTC 2019
12 ms. Memory: 331264K Free: 307367K (93%)
ptolemy.util.test.WatchDog.cancel(): canceling Thu Feb 14 03:35:08 UTC 2019
------------------ testing $PTII/ptolemy/domains/de/test/auto/Modal7.xml
auto.tcl: Setting watchdog for 200 seconds at Thu Feb 14 03:35:08 UTC 2019
9 ms. Memory: 331264K Free: 306692K (93%)
ptolemy.util.test.WatchDog.cancel(): canceling Thu Feb 14 03:35:08 UTC 2019
auto.tcl: Setting watchdog for 200 seconds at Thu Feb 14 03:35:08 UTC 2019
9 ms. Memory: 331264K Free: 303144K (92%)
ptolemy.util.test.WatchDog.cancel(): canceling Thu Feb 14 03:35:08 UTC 2019
------------------ testing $PTII/ptolemy/domains/de/test/auto/ModalModel.xml
auto.tcl: Setting watchdog for 200 seconds at Thu Feb 14 03:35:08 UTC 2019
191 ms. Memory: 331264K Free: 247494K (75%)
ptolemy.util.test.WatchDog.cancel(): canceling Thu Feb 14 03:35:09 UTC 2019
auto.tcl: Setting watchdog for 200 seconds at Thu Feb 14 03:35:09 UTC 2019
153 ms. Memory: 331264K Free: 190568K (58%)
ptolemy.util.test.WatchDog.cancel(): canceling Thu Feb 14 03:35:09 UTC 2019
------------------ testing $PTII/ptolemy/domains/de/test/auto/ModalSource.xml
auto.tcl: Setting watchdog for 200 seconds at Thu Feb 14 03:35:09 UTC 2019
9 ms. Memory: 331264K Free: 316262K (95%)
ptolemy.util.test.WatchDog.cancel(): canceling Thu Feb 14 03:35:09 UTC 2019
auto.tcl: Setting watchdog for 200 seconds at Thu Feb 14 03:35:09 UTC 2019
11 ms. Memory: 331264K Free: 312994K (94%)
ptolemy.util.test.WatchDog.cancel(): canceling Thu Feb 14 03:35:09 UTC 2019
------------------ testing $PTII/ptolemy/domains/de/test/auto/NonInterruptibleTimerZeroDelay.xml
auto.tcl: Setting watchdog for 200 seconds at Thu Feb 14 03:35:09 UTC 2019
3 ms. Memory: 331264K Free: 320614K (97%)
ptolemy.util.test.WatchDog.cancel(): canceling Thu Feb 14 03:35:09 UTC 2019
auto.tcl: Setting watchdog for 200 seconds at Thu Feb 14 03:35:09 UTC 2019
2 ms. Memory: 331264K Free: 317345K (96%)
ptolemy.util.test.WatchDog.cancel(): canceling Thu Feb 14 03:35:09 UTC 2019
------------------ testing $PTII/ptolemy/domains/de/test/auto/OpenQueueingNetwork.xml
auto.tcl: Setting watchdog for 200 seconds at Thu Feb 14 03:35:09 UTC 2019
2653 ms. Memory: 573952K Free: 413187K (72%)
ptolemy.util.test.WatchDog.cancel(): canceling Thu Feb 14 03:35:12 UTC 2019
auto.tcl: Setting watchdog for 200 seconds at Thu Feb 14 03:35:12 UTC 2019
2391 ms. Memory: 574464K Free: 327439K (57%)
ptolemy.util.test.WatchDog.cancel(): canceling Thu Feb 14 03:35:14 UTC 2019
------------------ testing $PTII/ptolemy/domains/de/test/auto/OpenQueuingNetwork.xml
auto.tcl: Setting watchdog for 200 seconds at Thu Feb 14 03:35:14 UTC 2019
236 ms. Memory: 1064960K Free: 945946K (89%)
ptolemy.util.test.WatchDog.cancel(): canceling Thu Feb 14 03:35:15 UTC 2019
auto.tcl: Setting watchdog for 200 seconds at Thu Feb 14 03:35:15 UTC 2019
246 ms. Memory: 1064960K Free: 880465K (83%)
ptolemy.util.test.WatchDog.cancel(): canceling Thu Feb 14 03:35:15 UTC 2019
------------------ testing $PTII/ptolemy/domains/de/test/auto/PeriodicSampler.xml
auto.tcl: Setting watchdog for 200 seconds at Thu Feb 14 03:35:15 UTC 2019
3 ms. Memory: 1065472K Free: 1039193K (98%)
ptolemy.util.test.WatchDog.cancel(): canceling Thu Feb 14 03:35:15 UTC 2019
auto.tcl: Setting watchdog for 200 seconds at Thu Feb 14 03:35:15 UTC 2019
1 ms. Memory: 1065472K Free: 1039193K (98%)
ptolemy.util.test.WatchDog.cancel(): canceling Thu Feb 14 03:35:15 UTC 2019
------------------ testing $PTII/ptolemy/domains/de/test/auto/PersistentIO.xml
auto.tcl: Setting watchdog for 200 seconds at Thu Feb 14 03:35:15 UTC 2019
4 ms. Memory: 1065472K Free: 1029961K (97%)
ptolemy.util.test.WatchDog.cancel(): canceling Thu Feb 14 03:35:15 UTC 2019
auto.tcl: Setting watchdog for 200 seconds at Thu Feb 14 03:35:15 UTC 2019
3 ms. Memory: 1065472K Free: 1029961K (97%)
ptolemy.util.test.WatchDog.cancel(): canceling Thu Feb 14 03:35:15 UTC 2019
------------------ testing $PTII/ptolemy/domains/de/test/auto/PortParameterResetOnInitialize.xml
auto.tcl: Setting watchdog for 200 seconds at Thu Feb 14 03:35:15 UTC 2019
2 ms. Memory: 1065472K Free: 1038504K (97%)
ptolemy.util.test.WatchDog.cancel(): canceling Thu Feb 14 03:35:15 UTC 2019
auto.tcl: Setting watchdog for 200 seconds at Thu Feb 14 03:35:15 UTC 2019
2 ms. Memory: 1065472K Free: 1038504K (97%)
ptolemy.util.test.WatchDog.cancel(): canceling Thu Feb 14 03:35:15 UTC 2019
------------------ testing $PTII/ptolemy/domains/de/test/auto/PortParameterUpdates.xml
auto.tcl: Setting watchdog for 200 seconds at Thu Feb 14 03:35:15 UTC 2019
4 ms. Memory: 1065472K Free: 1039777K (98%)
ptolemy.util.test.WatchDog.cancel(): canceling Thu Feb 14 03:35:15 UTC 2019
auto.tcl: Setting watchdog for 200 seconds at Thu Feb 14 03:35:15 UTC 2019
2 ms. Memory: 1065472K Free: 1039777K (98%)
ptolemy.util.test.WatchDog.cancel(): canceling Thu Feb 14 03:35:15 UTC 2019
------------------ testing $PTII/ptolemy/domains/de/test/auto/QueueAndServer.xml
auto.tcl: Setting watchdog for 200 seconds at Thu Feb 14 03:35:15 UTC 2019
9 ms. Memory: 1065472K Free: 1038601K (97%)
ptolemy.util.test.WatchDog.cancel(): canceling Thu Feb 14 03:35:15 UTC 2019
auto.tcl: Setting watchdog for 200 seconds at Thu Feb 14 03:35:15 UTC 2019
6 ms. Memory: 1065472K Free: 1038601K (97%)
ptolemy.util.test.WatchDog.cancel(): canceling Thu Feb 14 03:35:15 UTC 2019
------------------ testing $PTII/ptolemy/domains/de/test/auto/Records.xml
auto.tcl: Setting watchdog for 200 seconds at Thu Feb 14 03:35:15 UTC 2019
4 ms. Memory: 1065472K Free: 1038543K (97%)
ptolemy.util.test.WatchDog.cancel(): canceling Thu Feb 14 03:35:15 UTC 2019
auto.tcl: Setting watchdog for 200 seconds at Thu Feb 14 03:35:15 UTC 2019
1 ms. Memory: 1065472K Free: 1038543K (97%)
ptolemy.util.test.WatchDog.cancel(): canceling Thu Feb 14 03:35:15 UTC 2019
------------------ testing $PTII/ptolemy/domains/de/test/auto/ResetTransitionWithStartTime1.xml
auto.tcl: Setting watchdog for 200 seconds at Thu Feb 14 03:35:15 UTC 2019
14 ms. Memory: 1065472K Free: 1038568K (97%)
ptolemy.util.test.WatchDog.cancel(): canceling Thu Feb 14 03:35:15 UTC 2019
auto.tcl: Setting watchdog for 200 seconds at Thu Feb 14 03:35:15 UTC 2019
5 ms. Memory: 1065472K Free: 1038568K (97%)
ptolemy.util.test.WatchDog.cancel(): canceling Thu Feb 14 03:35:15 UTC 2019
------------------ testing $PTII/ptolemy/domains/de/test/auto/ResetTransitionWithStartTime2.xml
auto.tcl: Setting watchdog for 200 seconds at Thu Feb 14 03:35:15 UTC 2019
5 ms. Memory: 1064448K Free: 1038674K (98%)
ptolemy.util.test.WatchDog.cancel(): canceling Thu Feb 14 03:35:15 UTC 2019
auto.tcl: Setting watchdog for 200 seconds at Thu Feb 14 03:35:15 UTC 2019
7 ms. Memory: 1064448K Free: 1038674K (98%)
ptolemy.util.test.WatchDog.cancel(): canceling Thu Feb 14 03:35:15 UTC 2019
------------------ testing $PTII/ptolemy/domains/de/test/auto/ResetTransitionWithStartTime3.xml
auto.tcl: Setting watchdog for 200 seconds at Thu Feb 14 03:35:15 UTC 2019
5 ms. Memory: 1064960K Free: 1018267K (96%)
ptolemy.util.test.WatchDog.cancel(): canceling Thu Feb 14 03:35:15 UTC 2019
auto.tcl: Setting watchdog for 200 seconds at Thu Feb 14 03:35:15 UTC 2019
5 ms. Memory: 1064960K Free: 1018267K (96%)
ptolemy.util.test.WatchDog.cancel(): canceling Thu Feb 14 03:35:15 UTC 2019
------------------ testing $PTII/ptolemy/domains/de/test/auto/ResetTransitionWithStartTime4.xml
auto.tcl: Setting watchdog for 200 seconds at Thu Feb 14 03:35:15 UTC 2019
4 ms. Memory: 1064960K Free: 1037904K (97%)
ptolemy.util.test.WatchDog.cancel(): canceling Thu Feb 14 03:35:15 UTC 2019
auto.tcl: Setting watchdog for 200 seconds at Thu Feb 14 03:35:15 UTC 2019
3 ms. Memory: 1064960K Free: 1037904K (97%)
ptolemy.util.test.WatchDog.cancel(): canceling Thu Feb 14 03:35:15 UTC 2019
------------------ testing $PTII/ptolemy/domains/de/test/auto/ResettableTimer1.xml
auto.tcl: Setting watchdog for 200 seconds at Thu Feb 14 03:35:16 UTC 2019
3 ms. Memory: 1064960K Free: 1039039K (98%)
ptolemy.util.test.WatchDog.cancel(): canceling Thu Feb 14 03:35:16 UTC 2019
auto.tcl: Setting watchdog for 200 seconds at Thu Feb 14 03:35:16 UTC 2019
2 ms. Memory: 1064960K Free: 1039039K (98%)
ptolemy.util.test.WatchDog.cancel(): canceling Thu Feb 14 03:35:16 UTC 2019
------------------ testing $PTII/ptolemy/domains/de/test/auto/ResettableTimer2.xml
auto.tcl: Setting watchdog for 200 seconds at Thu Feb 14 03:35:16 UTC 2019
3 ms. Memory: 1064960K Free: 1039097K (98%)
ptolemy.util.test.WatchDog.cancel(): canceling Thu Feb 14 03:35:16 UTC 2019
auto.tcl: Setting watchdog for 200 seconds at Thu Feb 14 03:35:16 UTC 2019
2 ms. Memory: 1064960K Free: 1039097K (98%)
ptolemy.util.test.WatchDog.cancel(): canceling Thu Feb 14 03:35:16 UTC 2019
------------------ testing $PTII/ptolemy/domains/de/test/auto/ResettableTimer3.xml
auto.tcl: Setting watchdog for 200 seconds at Thu Feb 14 03:35:16 UTC 2019
2 ms. Memory: 1064960K Free: 1028137K (97%)
ptolemy.util.test.WatchDog.cancel(): canceling Thu Feb 14 03:35:16 UTC 2019
auto.tcl: Setting watchdog for 200 seconds at Thu Feb 14 03:35:16 UTC 2019
1 ms. Memory: 1064960K Free: 1028137K (97%)
ptolemy.util.test.WatchDog.cancel(): canceling Thu Feb 14 03:35:16 UTC 2019
------------------ testing $PTII/ptolemy/domains/de/test/auto/ResettableTimer4.xml
auto.tcl: Setting watchdog for 200 seconds at Thu Feb 14 03:35:16 UTC 2019
1 ms. Memory: 1063936K Free: 1038086K (98%)
ptolemy.util.test.WatchDog.cancel(): canceling Thu Feb 14 03:35:16 UTC 2019
auto.tcl: Setting watchdog for 200 seconds at Thu Feb 14 03:35:16 UTC 2019
1 ms. Memory: 1063936K Free: 1038086K (98%)
ptolemy.util.test.WatchDog.cancel(): canceling Thu Feb 14 03:35:16 UTC 2019
------------------ testing $PTII/ptolemy/domains/de/test/auto/ResettableTimer5.xml
auto.tcl: Setting watchdog for 200 seconds at Thu Feb 14 03:35:16 UTC 2019
1 ms. Memory: 1064448K Free: 1028776K (97%)
ptolemy.util.test.WatchDog.cancel(): canceling Thu Feb 14 03:35:16 UTC 2019
auto.tcl: Setting watchdog for 200 seconds at Thu Feb 14 03:35:16 UTC 2019
2 ms. Memory: 1064448K Free: 1028776K (97%)
ptolemy.util.test.WatchDog.cancel(): canceling Thu Feb 14 03:35:16 UTC 2019
------------------ testing $PTII/ptolemy/domains/de/test/auto/ResettableTimer6.xml
auto.tcl: Setting watchdog for 200 seconds at Thu Feb 14 03:35:16 UTC 2019
1 ms. Memory: 1064448K Free: 1027585K (97%)
ptolemy.util.test.WatchDog.cancel(): canceling Thu Feb 14 03:35:16 UTC 2019
auto.tcl: Setting watchdog for 200 seconds at Thu Feb 14 03:35:16 UTC 2019
1 ms. Memory: 1064448K Free: 1027585K (97%)
ptolemy.util.test.WatchDog.cancel(): canceling Thu Feb 14 03:35:16 UTC 2019
------------------ testing $PTII/ptolemy/domains/de/test/auto/ServerZeroDelay.xml
auto.tcl: Setting watchdog for 200 seconds at Thu Feb 14 03:35:16 UTC 2019
2 ms. Memory: 1064448K Free: 1038535K (98%)
ptolemy.util.test.WatchDog.cancel(): canceling Thu Feb 14 03:35:16 UTC 2019
auto.tcl: Setting watchdog for 200 seconds at Thu Feb 14 03:35:16 UTC 2019
2 ms. Memory: 1064448K Free: 1038535K (98%)
ptolemy.util.test.WatchDog.cancel(): canceling Thu Feb 14 03:35:16 UTC 2019
------------------ testing $PTII/ptolemy/domains/de/test/auto/SmartSender.xml
auto.tcl: Setting watchdog for 200 seconds at Thu Feb 14 03:35:16 UTC 2019
3001 ms. Memory: 1064448K Free: 1028710K (97%)
ptolemy.util.test.WatchDog.cancel(): canceling Thu Feb 14 03:35:19 UTC 2019
auto.tcl: Setting watchdog for 200 seconds at Thu Feb 14 03:35:19 UTC 2019
3002 ms. Memory: 1064448K Free: 1028710K (97%)
ptolemy.util.test.WatchDog.cancel(): canceling Thu Feb 14 03:35:22 UTC 2019
------------------ testing $PTII/ptolemy/domains/de/test/auto/ThreadedComposite.xml
auto.tcl: Setting watchdog for 200 seconds at Thu Feb 14 03:35:22 UTC 2019
631 ms. Memory: 1064448K Free: 977368K (92%)
ptolemy.util.test.WatchDog.cancel(): canceling Thu Feb 14 03:35:23 UTC 2019
auto.tcl: Setting watchdog for 200 seconds at Thu Feb 14 03:35:23 UTC 2019
221 ms. Memory: 1064448K Free: 957727K (90%)
ptolemy.util.test.WatchDog.cancel(): canceling Thu Feb 14 03:35:23 UTC 2019
------------------ testing $PTII/ptolemy/domains/de/test/auto/Time.xml
auto.tcl: Setting watchdog for 200 seconds at Thu Feb 14 03:35:23 UTC 2019
481 ms. Memory: 1064448K Free: 988012K (93%)
ptolemy.util.test.WatchDog.cancel(): canceling Thu Feb 14 03:35:23 UTC 2019
auto.tcl: Setting watchdog for 200 seconds at Thu Feb 14 03:35:23 UTC 2019
424 ms. Memory: 1064448K Free: 933417K (88%)
ptolemy.util.test.WatchDog.cancel(): canceling Thu Feb 14 03:35:24 UTC 2019
------------------ testing $PTII/ptolemy/domains/de/test/auto/TimeDelayZeroDelay.xml
auto.tcl: Setting watchdog for 200 seconds at Thu Feb 14 03:35:24 UTC 2019
2 ms. Memory: 1064448K Free: 1037311K (97%)
ptolemy.util.test.WatchDog.cancel(): canceling Thu Feb 14 03:35:24 UTC 2019
auto.tcl: Setting watchdog for 200 seconds at Thu Feb 14 03:35:24 UTC 2019
2 ms. Memory: 1064448K Free: 1037311K (97%)
ptolemy.util.test.WatchDog.cancel(): canceling Thu Feb 14 03:35:24 UTC 2019
------------------ testing $PTII/ptolemy/domains/de/test/auto/TimerZeroDelay.xml
auto.tcl: Setting watchdog for 200 seconds at Thu Feb 14 03:35:24 UTC 2019
2 ms. Memory: 1063424K Free: 1037470K (98%)
ptolemy.util.test.WatchDog.cancel(): canceling Thu Feb 14 03:35:24 UTC 2019
auto.tcl: Setting watchdog for 200 seconds at Thu Feb 14 03:35:24 UTC 2019
2 ms. Memory: 1063424K Free: 1037470K (98%)
ptolemy.util.test.WatchDog.cancel(): canceling Thu Feb 14 03:35:24 UTC 2019
------------------ testing $PTII/ptolemy/domains/de/test/auto/TimingParadox.xml
auto.tcl: Setting watchdog for 200 seconds at Thu Feb 14 03:35:24 UTC 2019
314 ms. Memory: 1063936K Free: 974608K (92%)
ptolemy.util.test.WatchDog.cancel(): canceling Thu Feb 14 03:35:24 UTC 2019
auto.tcl: Setting watchdog for 200 seconds at Thu Feb 14 03:35:24 UTC 2019
314 ms. Memory: 1063936K Free: 941850K (89%)
ptolemy.util.test.WatchDog.cancel(): canceling Thu Feb 14 03:35:25 UTC 2019
------------------ testing $PTII/ptolemy/domains/de/test/auto/TransferInputs.xml
auto.tcl: Setting watchdog for 200 seconds at Thu Feb 14 03:35:25 UTC 2019
1 ms. Memory: 1063424K Free: 1036442K (97%)
ptolemy.util.test.WatchDog.cancel(): canceling Thu Feb 14 03:35:25 UTC 2019
auto.tcl: Setting watchdog for 200 seconds at Thu Feb 14 03:35:25 UTC 2019
1 ms. Memory: 1063424K Free: 1036442K (97%)
ptolemy.util.test.WatchDog.cancel(): canceling Thu Feb 14 03:35:25 UTC 2019
------------------ testing $PTII/ptolemy/domains/de/test/auto/TransferOutputs2.xml
auto.tcl: Setting watchdog for 200 seconds at Thu Feb 14 03:35:25 UTC 2019
2 ms. Memory: 1063936K Free: 1028240K (97%)
ptolemy.util.test.WatchDog.cancel(): canceling Thu Feb 14 03:35:25 UTC 2019
auto.tcl: Setting watchdog for 200 seconds at Thu Feb 14 03:35:25 UTC 2019
3 ms. Memory: 1063936K Free: 1028240K (97%)
ptolemy.util.test.WatchDog.cancel(): canceling Thu Feb 14 03:35:25 UTC 2019
------------------ testing $PTII/ptolemy/domains/de/test/auto/Trilateration.xml
auto.tcl: Setting watchdog for 200 seconds at Thu Feb 14 03:35:25 UTC 2019
12786 ms. Memory: 1016320K Free: 79853K (8%)
ptolemy.util.test.WatchDog.cancel(): canceling Thu Feb 14 03:35:39 UTC 2019
auto.tcl: Setting watchdog for 200 seconds at Thu Feb 14 03:35:39 UTC 2019
10150 ms. Memory: 849408K Free: 819034K (96%)
ptolemy.util.test.WatchDog.cancel(): canceling Thu Feb 14 03:35:49 UTC 2019
------------------ testing $PTII/ptolemy/domains/de/test/auto/TwoSigmaDelta.xml
auto.tcl: Setting watchdog for 200 seconds at Thu Feb 14 03:35:49 UTC 2019
2585 ms. Memory: 853504K Free: 549881K (64%)
ptolemy.util.test.WatchDog.cancel(): canceling Thu Feb 14 03:35:52 UTC 2019
auto.tcl: Setting watchdog for 200 seconds at Thu Feb 14 03:35:52 UTC 2019
2030 ms. Memory: 853504K Free: 312030K (37%)
ptolemy.util.test.WatchDog.cancel(): canceling Thu Feb 14 03:35:54 UTC 2019
------------------ testing $PTII/ptolemy/domains/de/test/auto/VariableDelay.xml
auto.tcl: Setting watchdog for 200 seconds at Thu Feb 14 03:35:54 UTC 2019
6 ms. Memory: 849920K Free: 825678K (97%)
ptolemy.util.test.WatchDog.cancel(): canceling Thu Feb 14 03:35:54 UTC 2019
auto.tcl: Setting watchdog for 200 seconds at Thu Feb 14 03:35:54 UTC 2019
3 ms. Memory: 849920K Free: 825678K (97%)
ptolemy.util.test.WatchDog.cancel(): canceling Thu Feb 14 03:35:54 UTC 2019
------------------ testing $PTII/ptolemy/domains/de/test/auto/VariableDelay2.xml
auto.tcl: Setting watchdog for 200 seconds at Thu Feb 14 03:35:54 UTC 2019
2 ms. Memory: 849408K Free: 825738K (97%)
ptolemy.util.test.WatchDog.cancel(): canceling Thu Feb 14 03:35:54 UTC 2019
auto.tcl: Setting watchdog for 200 seconds at Thu Feb 14 03:35:54 UTC 2019
2 ms. Memory: 849408K Free: 825738K (97%)
ptolemy.util.test.WatchDog.cancel(): canceling Thu Feb 14 03:35:54 UTC 2019
------------------ testing $PTII/ptolemy/domains/de/test/auto/VariableDelayZeroDelay.xml
auto.tcl: Setting watchdog for 200 seconds at Thu Feb 14 03:35:54 UTC 2019
2 ms. Memory: 849408K Free: 825736K (97%)
ptolemy.util.test.WatchDog.cancel(): canceling Thu Feb 14 03:35:54 UTC 2019
auto.tcl: Setting watchdog for 200 seconds at Thu Feb 14 03:35:54 UTC 2019
1 ms. Memory: 849408K Free: 825736K (97%)
ptolemy.util.test.WatchDog.cancel(): canceling Thu Feb 14 03:35:54 UTC 2019
------------------ testing $PTII/ptolemy/domains/de/test/auto/VariableDelayZeroDelay2.xml
auto.tcl: Setting watchdog for 200 seconds at Thu Feb 14 03:35:54 UTC 2019
3 ms. Memory: 852992K Free: 821639K (96%)
ptolemy.util.test.WatchDog.cancel(): canceling Thu Feb 14 03:35:54 UTC 2019
auto.tcl: Setting watchdog for 200 seconds at Thu Feb 14 03:35:54 UTC 2019
2 ms. Memory: 852992K Free: 821639K (96%)
ptolemy.util.test.WatchDog.cancel(): canceling Thu Feb 14 03:35:54 UTC 2019
------------------ testing $PTII/ptolemy/domains/de/test/auto/deInCt.xml
auto.tcl: Setting watchdog for 200 seconds at Thu Feb 14 03:35:54 UTC 2019
0
1
1
1
1
0
0
0
0
1
1
0
0
0
1
1
1
0
0
0
0
1
1
1
1
0
0
0
1
1
1
1
1
1
1
22 ms. Memory: 849408K Free: 818052K (96%)
ptolemy.util.test.WatchDog.cancel(): canceling Thu Feb 14 03:35:54 UTC 2019
auto.tcl: Setting watchdog for 200 seconds at Thu Feb 14 03:35:54 UTC 2019
0
1
1
1
0
0
0
1
1
1
0
0
0
1
1
0
0
0
1
1
1
1
0
0
0
1
1
0
0
0
1
1
1
0
0
0
0
1
1
1
0
0
0
1
1
1
0
0
0
1
1
1
1
8 ms. Memory: 849408K Free: 818052K (96%)
ptolemy.util.test.WatchDog.cancel(): canceling Thu Feb 14 03:35:54 UTC 2019
------------------ testing $PTII/ptolemy/domains/de/test/auto/deInCt2.xml
auto.tcl: Setting watchdog for 200 seconds at Thu Feb 14 03:35:54 UTC 2019
0
1
1
1
0
0
1
1
1
0
0
1
1
1
0
0
1
1
1
0
0
1
1
1
0
0
1
1
1
0
0
1
1
1
0
0
1
1
1
0
0
0
10 ms. Memory: 852480K Free: 821123K (96%)
ptolemy.util.test.WatchDog.cancel(): canceling Thu Feb 14 03:35:54 UTC 2019
auto.tcl: Setting watchdog for 200 seconds at Thu Feb 14 03:35:54 UTC 2019
0
1
1
1
0
0
1
1
1
0
0
1
1
1
0
0
1
1
1
0
0
1
1
1
0
0
1
1
1
0
0
1
1
1
0
0
1
1
1
0
0
0
6 ms. Memory: 852480K Free: 821123K (96%)
ptolemy.util.test.WatchDog.cancel(): canceling Thu Feb 14 03:35:54 UTC 2019
------------------ testing $PTII/ptolemy/domains/de/test/auto/dynamicCausalityInterface1.xml
auto.tcl: Setting watchdog for 200 seconds at Thu Feb 14 03:35:54 UTC 2019
2 ms. Memory: 849408K Free: 818047K (96%)
ptolemy.util.test.WatchDog.cancel(): canceling Thu Feb 14 03:35:54 UTC 2019
auto.tcl: Setting watchdog for 200 seconds at Thu Feb 14 03:35:54 UTC 2019
1 ms. Memory: 849408K Free: 818047K (96%)
ptolemy.util.test.WatchDog.cancel(): canceling Thu Feb 14 03:35:54 UTC 2019
------------------ testing $PTII/ptolemy/domains/de/test/auto/fsm_de_test.xml
auto.tcl: Setting watchdog for 200 seconds at Thu Feb 14 03:35:54 UTC 2019
8 ms. Memory: 851968K Free: 820501K (96%)
ptolemy.util.test.WatchDog.cancel(): canceling Thu Feb 14 03:35:54 UTC 2019
auto.tcl: Setting watchdog for 200 seconds at Thu Feb 14 03:35:54 UTC 2019
8 ms. Memory: 851968K Free: 820501K (96%)
ptolemy.util.test.WatchDog.cancel(): canceling Thu Feb 14 03:35:54 UTC 2019
------------------ testing $PTII/ptolemy/domains/de/test/auto/functionDependencyReconstruction.xml
auto.tcl: Setting watchdog for 200 seconds at Thu Feb 14 03:35:54 UTC 2019
2 ms. Memory: 849408K Free: 807212K (95%)
ptolemy.util.test.WatchDog.cancel(): canceling Thu Feb 14 03:35:54 UTC 2019
auto.tcl: Setting watchdog for 200 seconds at Thu Feb 14 03:35:54 UTC 2019
2 ms. Memory: 849408K Free: 807212K (95%)
ptolemy.util.test.WatchDog.cancel(): canceling Thu Feb 14 03:35:54 UTC 2019
------------------ testing $PTII/ptolemy/domains/de/test/auto/multirate.xml
auto.tcl: Setting watchdog for 200 seconds at Thu Feb 14 03:35:54 UTC 2019
3 ms. Memory: 851456K Free: 819856K (96%)
ptolemy.util.test.WatchDog.cancel(): canceling Thu Feb 14 03:35:54 UTC 2019
auto.tcl: Setting watchdog for 200 seconds at Thu Feb 14 03:35:54 UTC 2019
3 ms. Memory: 851456K Free: 819697K (96%)
ptolemy.util.test.WatchDog.cancel(): canceling Thu Feb 14 03:35:54 UTC 2019
------------------ testing $PTII/ptolemy/domains/de/test/auto/multirate2.xml
auto.tcl: Setting watchdog for 200 seconds at Thu Feb 14 03:35:54 UTC 2019
3 ms. Memory: 849408K Free: 817996K (96%)
ptolemy.util.test.WatchDog.cancel(): canceling Thu Feb 14 03:35:54 UTC 2019
auto.tcl: Setting watchdog for 200 seconds at Thu Feb 14 03:35:54 UTC 2019
3 ms. Memory: 849408K Free: 817996K (96%)
ptolemy.util.test.WatchDog.cancel(): canceling Thu Feb 14 03:35:54 UTC 2019
------------------ testing $PTII/ptolemy/domains/de/test/auto/realtime.xml
auto.tcl: Setting watchdog for 200 seconds at Thu Feb 14 03:35:54 UTC 2019
10002 ms. Memory: 851456K Free: 819884K (96%)
ptolemy.util.test.WatchDog.cancel(): canceling Thu Feb 14 03:36:04 UTC 2019
auto.tcl: Setting watchdog for 200 seconds at Thu Feb 14 03:36:04 UTC 2019
10001 ms. Memory: 851456K Free: 819884K (96%)
ptolemy.util.test.WatchDog.cancel(): canceling Thu Feb 14 03:36:14 UTC 2019
------------------ testing $PTII/ptolemy/domains/de/test/auto/relationGroup.xml
auto.tcl: Setting watchdog for 200 seconds at Thu Feb 14 03:36:14 UTC 2019
1 ms. Memory: 849408K Free: 825700K (97%)
ptolemy.util.test.WatchDog.cancel(): canceling Thu Feb 14 03:36:14 UTC 2019
auto.tcl: Setting watchdog for 200 seconds at Thu Feb 14 03:36:14 UTC 2019
1 ms. Memory: 849408K Free: 825700K (97%)
ptolemy.util.test.WatchDog.cancel(): canceling Thu Feb 14 03:36:14 UTC 2019
------------------ testing $PTII/ptolemy/domains/de/test/auto/relationGroup2.xml
auto.tcl: Setting watchdog for 200 seconds at Thu Feb 14 03:36:14 UTC 2019
1 ms. Memory: 850944K Free: 819583K (96%)
ptolemy.util.test.WatchDog.cancel(): canceling Thu Feb 14 03:36:14 UTC 2019
auto.tcl: Setting watchdog for 200 seconds at Thu Feb 14 03:36:14 UTC 2019
1 ms. Memory: 850944K Free: 819583K (96%)
ptolemy.util.test.WatchDog.cancel(): canceling Thu Feb 14 03:36:14 UTC 2019
------------------ testing $PTII/ptolemy/domains/de/test/auto/sortWithOpaquePorts.xml
auto.tcl: Setting watchdog for 200 seconds at Thu Feb 14 03:36:15 UTC 2019
1 ms. Memory: 849408K Free: 818048K (96%)
ptolemy.util.test.WatchDog.cancel(): canceling Thu Feb 14 03:36:15 UTC 2019
auto.tcl: Setting watchdog for 200 seconds at Thu Feb 14 03:36:15 UTC 2019
2 ms. Memory: 849408K Free: 817889K (96%)
ptolemy.util.test.WatchDog.cancel(): canceling Thu Feb 14 03:36:15 UTC 2019
------------------ testing $PTII/ptolemy/domains/de/test/auto/transferInputsandOutputs.xml
auto.tcl: Setting watchdog for 200 seconds at Thu Feb 14 03:36:15 UTC 2019
2 ms. Memory: 850944K Free: 819569K (96%)
ptolemy.util.test.WatchDog.cancel(): canceling Thu Feb 14 03:36:15 UTC 2019
auto.tcl: Setting watchdog for 200 seconds at Thu Feb 14 03:36:15 UTC 2019
3 ms. Memory: 850944K Free: 819569K (96%)
ptolemy.util.test.WatchDog.cancel(): canceling Thu Feb 14 03:36:15 UTC 2019
------------------ testing $PTII/ptolemy/domains/de/test/auto/triggerType.xml
auto.tcl: Setting watchdog for 200 seconds at Thu Feb 14 03:36:15 UTC 2019
1 ms. Memory: 849408K Free: 817984K (96%)
ptolemy.util.test.WatchDog.cancel(): canceling Thu Feb 14 03:36:15 UTC 2019
auto.tcl: Setting watchdog for 200 seconds at Thu Feb 14 03:36:15 UTC 2019
2 ms. Memory: 849408K Free: 817984K (96%)
ptolemy.util.test.WatchDog.cancel(): canceling Thu Feb 14 03:36:15 UTC 2019
02/14/19 03:36:15
Failed: 0  Total Tests: 192  ((Passed: 187, Newly Passed: 1)  Known Failed: 5) /home/travis/build/icyphy/ptII/ptolemy/domains/de/test
02/14/19 03:36:15
Failed: 0  Total Tests: 192  ((Passed: 187, Newly Passed: 1)  Known Failed: 5) /home/travis/build/icyphy/ptII/ptolemy/domains/de/test
----------------- testing (KnownFailure) /home/travis/build/icyphy/ptII/ptolemy/domains/de/test/auto/knownFailedTests/DESDFClockTest.xml
2018 ms. Memory: 850432K Free: 803542K (94%)
Known Failure: java.lang.reflect.InvocationTargetException
----------------- testing (KnownFailure) /home/travis/build/icyphy/ptII/ptolemy/domains/de/test/auto/knownFailedTests/DirectFeedback.xml
1 ms. Memory: 850432K Free: 742102K (87%)
Known Failure: java.lang.reflect.InvocationTargetException
----------------- testing (KnownFailure) /home/travis/build/icyphy/ptII/ptolemy/domains/de/test/auto/knownFailedTests/FSMSource.xml
5 ms. Memory: 850432K Free: 680661K (80%)
----------------- testing (KnownFailure) /home/travis/build/icyphy/ptII/ptolemy/domains/de/test/auto/knownFailedTests/HierarchicalModel.xml
2 ms. Memory: 850432K Free: 634565K (75%)
Known Failure: java.lang.reflect.InvocationTargetException
----------------- testing (KnownFailure) /home/travis/build/icyphy/ptII/ptolemy/domains/de/test/auto/knownFailedTests/dependencyLoop.xml
2 ms. Memory: 850432K Free: 573125K (67%)
Known Failure: java.lang.reflect.InvocationTargetException
----------------- testing (KnownFailure) /home/travis/build/icyphy/ptII/ptolemy/domains/de/test/auto/knownFailedTests/dependencyLoop2.xml
2 ms. Memory: 850432K Free: 511685K (60%)
Known Failure: java.lang.reflect.InvocationTargetException
No auto/linux-amd64/*.xml tests in /home/travis/build/icyphy/ptII/ptolemy/domains/de/test
AutoTests.java: About to close Vertx.
AutoTests.java: Vertx closed.

===========================================================================================
----------------- testing Thu Feb 14 03:36:17 UTC 2019 /home/travis/build/icyphy/ptII/ptolemy/domains/de/test/auto/ActorDepthCalculation_actorWithoutPorts.xml
----------------- Instantiating /home/travis/build/icyphy/ptII/ptolemy/domains/de/test/auto/ActorDepthCalculation_actorWithoutPorts.xml
1 ms. Memory: 850432K Free: 434884K (51%)
----------------- Invoking toplevel() on ptolemy.moml.MoMLSimpleApplication@42b81952
----------------- Done invoking toplevel() on ptolemy.moml.MoMLSimpleApplication@42b81952
reloadAllAccessors: .ActorDepthCalculation_actorWithoutPorts

===========================================================================================
----------------- testing Thu Feb 14 03:36:17 UTC 2019 /home/travis/build/icyphy/ptII/ptolemy/domains/de/test/auto/AssemblyLine.xml
----------------- Instantiating /home/travis/build/icyphy/ptII/ptolemy/domains/de/test/auto/AssemblyLine.xml
3 ms. Memory: 850432K Free: 404164K (48%)
----------------- Invoking toplevel() on ptolemy.moml.MoMLSimpleApplication@601840d8
----------------- Done invoking toplevel() on ptolemy.moml.MoMLSimpleApplication@601840d8
reloadAllAccessors: .AssemblyLine

===========================================================================================
----------------- testing Thu Feb 14 03:36:17 UTC 2019 /home/travis/build/icyphy/ptII/ptolemy/domains/de/test/auto/CQBug1.xml
----------------- Instantiating /home/travis/build/icyphy/ptII/ptolemy/domains/de/test/auto/CQBug1.xml
1 ms. Memory: 850432K Free: 373444K (44%)
----------------- Invoking toplevel() on ptolemy.moml.MoMLSimpleApplication@1dfbf779
----------------- Done invoking toplevel() on ptolemy.moml.MoMLSimpleApplication@1dfbf779
reloadAllAccessors: .CQBug1

===========================================================================================
----------------- testing Thu Feb 14 03:36:17 UTC 2019 /home/travis/build/icyphy/ptII/ptolemy/domains/de/test/auto/CancelFireAt.xml
----------------- Instantiating /home/travis/build/icyphy/ptII/ptolemy/domains/de/test/auto/CancelFireAt.xml
1 ms. Memory: 850432K Free: 342724K (40%)
----------------- Invoking toplevel() on ptolemy.moml.MoMLSimpleApplication@52a8969
----------------- Done invoking toplevel() on ptolemy.moml.MoMLSimpleApplication@52a8969
reloadAllAccessors: .CancelFireAt

===========================================================================================
----------------- testing Thu Feb 14 03:36:17 UTC 2019 /home/travis/build/icyphy/ptII/ptolemy/domains/de/test/auto/CausalityAndComposabilityAnalysis.xml
----------------- Instantiating /home/travis/build/icyphy/ptII/ptolemy/domains/de/test/auto/CausalityAndComposabilityAnalysis.xml
3 ms. Memory: 850432K Free: 312004K (37%)
----------------- Invoking toplevel() on ptolemy.moml.MoMLSimpleApplication@5c3c83d4
----------------- Done invoking toplevel() on ptolemy.moml.MoMLSimpleApplication@5c3c83d4
reloadAllAccessors: .CausalityAndComposabilityAnalysis

===========================================================================================
----------------- testing Thu Feb 14 03:36:17 UTC 2019 /home/travis/build/icyphy/ptII/ptolemy/domains/de/test/auto/CausalityInterface1.xml
----------------- Instantiating /home/travis/build/icyphy/ptII/ptolemy/domains/de/test/auto/CausalityInterface1.xml
3 ms. Memory: 850432K Free: 281284K (33%)
----------------- Invoking toplevel() on ptolemy.moml.MoMLSimpleApplication@2bd22ab
----------------- Done invoking toplevel() on ptolemy.moml.MoMLSimpleApplication@2bd22ab
reloadAllAccessors: .CausalityInterface1

===========================================================================================
----------------- testing Thu Feb 14 03:36:17 UTC 2019 /home/travis/build/icyphy/ptII/ptolemy/domains/de/test/auto/CausalityInterface15.xml
----------------- Instantiating /home/travis/build/icyphy/ptII/ptolemy/domains/de/test/auto/CausalityInterface15.xml
2 ms. Memory: 850432K Free: 250564K (29%)
----------------- Invoking toplevel() on ptolemy.moml.MoMLSimpleApplication@4f911c65
[...]
java.lang.RuntimeException: Execution failed
	at ptolemy.moml.MoMLSimpleApplication$UnloadThread.run(MoMLSimpleApplication.java:402)
Caused by: ptolemy.kernel.util.IllegalActionException: Test fails in iteration 1.
Value was: 1.0. Should have been: 2.0
  in .DirectFeedback.Test
	at ptolemy.actor.lib.Test.fire(Test.java:268)
	at ptolemy.domains.de.kernel.DEDirector._fire(DEDirector.java:1949)
	at ptolemy.domains.de.kernel.DEDirector.fire(DEDirector.java:502)
	at ptolemy.actor.CompositeActor.fire(CompositeActor.java:455)
	at ptolemy.actor.Manager.iterate(Manager.java:851)
	at ptolemy.actor.Manager.execute(Manager.java:369)
	at ptolemy.actor.Manager.run(Manager.java:1263)
	at ptolemy.actor.Manager$PtolemyRunThread.run(Manager.java:1915)
java.lang.RuntimeException: Execution failed
	at ptolemy.moml.MoMLSimpleApplication$UnloadThread.run(MoMLSimpleApplication.java:402)
Caused by: ptolemy.kernel.util.IllegalActionException: Actor is not ready to fire.  Perhaps UpSample.prefire() returned false? Try debugging the actor by selecting "Listen to Actor".  Also, for SDF check moml for tokenConsumptionRate on input.
  in .DESDFClockTest.Play Bell.Copy1:SDF Director and .DESDFClockTest.Play Bell.UpSample
	at ptolemy.actor.sched.StaticSchedulingDirector.fire(StaticSchedulingDirector.java:227)
	at ptolemy.domains.sdf.kernel.SDFDirector.fire(SDFDirector.java:500)
	at ptolemy.actor.CompositeActor.fire(CompositeActor.java:455)
	at ptolemy.domains.de.kernel.DEDirector._fire(DEDirector.java:1949)
	at ptolemy.domains.de.kernel.DEDirector.fire(DEDirector.java:502)
	at ptolemy.actor.CompositeActor.fire(CompositeActor.java:455)
	at ptolemy.actor.Manager.iterate(Manager.java:851)
	at ptolemy.actor.Manager.execute(Manager.java:369)
	at ptolemy.actor.Manager.run(Manager.java:1263)
	at ptolemy.actor.Manager$PtolemyRunThread.run(Manager.java:1915)
java.lang.reflect.InvocationTargetException
	at sun.reflect.NativeConstructorAccessorImpl.newInstance0(Native Method)
	at sun.reflect.NativeConstructorAccessorImpl.newInstance(NativeConstructorAccessorImpl.java:62)
	at sun.reflect.DelegatingConstructorAccessorImpl.newInstance(DelegatingConstructorAccessorImpl.java:45)
	at java.lang.reflect.Constructor.newInstance(Constructor.java:423)
	at ptolemy.util.test.junit.AutoKnownFailedTests.RunModel(AutoKnownFailedTests.java:105)
	at sun.reflect.NativeMethodAccessorImpl.invoke0(Native Method)
	at sun.reflect.NativeMethodAccessorImpl.invoke(NativeMethodAccessorImpl.java:62)
	at sun.reflect.DelegatingMethodAccessorImpl.invoke(DelegatingMethodAccessorImpl.java:43)
	at java.lang.reflect.Method.invoke(Method.java:498)
	at org.junit.runners.model.FrameworkMethod$1.runReflectiveCall(FrameworkMethod.java:44)
	at org.junit.internal.runners.model.ReflectiveCallable.run(ReflectiveCallable.java:15)
	at org.junit.runners.model.FrameworkMethod.invokeExplosively(FrameworkMethod.java:41)
	at junitparams.internal.InvokeParameterisedMethod.evaluate(InvokeParameterisedMethod.java:102)
	at org.junit.internal.runners.statements.FailOnTimeout$1.run(FailOnTimeout.java:28)
Caused by: ptolemy.kernel.util.IllegalActionException: Actor is not ready to fire.  Perhaps UpSample.prefire() returned false? Try debugging the actor by selecting "Listen to Actor".  Also, for SDF check moml for tokenConsumptionRate on input.
  in .DESDFClockTest.Play Bell.Copy1:SDF Director and .DESDFClockTest.Play Bell.UpSample
	at ptolemy.actor.sched.StaticSchedulingDirector.fire(StaticSchedulingDirector.java:227)
	at ptolemy.domains.sdf.kernel.SDFDirector.fire(SDFDirector.java:500)
	at ptolemy.actor.CompositeActor.fire(CompositeActor.java:455)
	at ptolemy.domains.de.kernel.DEDirector._fire(DEDirector.java:1949)
	at ptolemy.domains.de.kernel.DEDirector.fire(DEDirector.java:502)
	at ptolemy.actor.CompositeActor.fire(CompositeActor.java:455)
	at ptolemy.actor.Manager.iterate(Manager.java:851)
	at ptolemy.actor.Manager.execute(Manager.java:369)
	at ptolemy.actor.Manager.run(Manager.java:1263)
	at ptolemy.actor.Manager$PtolemyRunThread.run(Manager.java:1915)
java.lang.RuntimeException: Execution failed
	at ptolemy.moml.MoMLSimpleApplication$UnloadThread.run(MoMLSimpleApplication.java:402)
Caused by: ptolemy.kernel.util.IllegalActionException: Test fails in iteration 1.
Value was: 1.0. Should have been: 2.0
  in .DirectFeedback.Test
	at ptolemy.actor.lib.Test.fire(Test.java:268)
	at ptolemy.domains.de.kernel.DEDirector._fire(DEDirector.java:1949)
	at ptolemy.domains.de.kernel.DEDirector.fire(DEDirector.java:502)
	at ptolemy.actor.CompositeActor.fire(CompositeActor.java:455)
	at ptolemy.actor.Manager.iterate(Manager.java:851)
	at ptolemy.actor.Manager.execute(Manager.java:369)
	at ptolemy.actor.Manager.run(Manager.java:1263)
	at ptolemy.actor.Manager$PtolemyRunThread.run(Manager.java:1915)
java.lang.reflect.InvocationTargetException
	at sun.reflect.NativeConstructorAccessorImpl.newInstance0(Native Method)
	at sun.reflect.NativeConstructorAccessorImpl.newInstance(NativeConstructorAccessorImpl.java:62)
	at sun.reflect.DelegatingConstructorAccessorImpl.newInstance(DelegatingConstructorAccessorImpl.java:45)
	at java.lang.reflect.Constructor.newInstance(Constructor.java:423)
	at ptolemy.util.test.junit.AutoKnownFailedTests.RunModel(AutoKnownFailedTests.java:105)
	at sun.reflect.NativeMethodAccessorImpl.invoke0(Native Method)
	at sun.reflect.NativeMethodAccessorImpl.invoke(NativeMethodAccessorImpl.java:62)
	at sun.reflect.DelegatingMethodAccessorImpl.invoke(DelegatingMethodAccessorImpl.java:43)
	at java.lang.reflect.Method.invoke(Method.java:498)
	at org.junit.runners.model.FrameworkMethod$1.runReflectiveCall(FrameworkMethod.java:44)
	at org.junit.internal.runners.model.ReflectiveCallable.run(ReflectiveCallable.java:15)
	at org.junit.runners.model.FrameworkMethod.invokeExplosively(FrameworkMethod.java:41)
	at junitparams.internal.InvokeParameterisedMethod.evaluate(InvokeParameterisedMethod.java:102)
	at org.junit.internal.runners.statements.FailOnTimeout$1.run(FailOnTimeout.java:28)
Caused by: ptolemy.kernel.util.IllegalActionException: Test fails in iteration 1.
Value was: 1.0. Should have been: 2.0
  in .DirectFeedback.Test
	at ptolemy.actor.lib.Test.fire(Test.java:268)
	at ptolemy.domains.de.kernel.DEDirector._fire(DEDirector.java:1949)
	at ptolemy.domains.de.kernel.DEDirector.fire(DEDirector.java:502)
	at ptolemy.actor.CompositeActor.fire(CompositeActor.java:455)
	at ptolemy.actor.Manager.iterate(Manager.java:851)
	at ptolemy.actor.Manager.execute(Manager.java:369)
	at ptolemy.actor.Manager.run(Manager.java:1263)
	at ptolemy.actor.Manager$PtolemyRunThread.run(Manager.java:1915)
java.lang.RuntimeException: Execution failed
	at ptolemy.moml.MoMLSimpleApplication$UnloadThread.run(MoMLSimpleApplication.java:402)
Caused by: ptolemy.kernel.util.IllegalActionException: Found a zero delay loop containing .HierarchicalModel.A
  in .HierarchicalModel and .HierarchicalModel.A
	at ptolemy.actor.util.CausalityInterfaceForComposites._computeOutputPortDepth(CausalityInterfaceForComposites.java:759)
	at ptolemy.actor.util.CausalityInterfaceForComposites._computeInputDepth(CausalityInterfaceForComposites.java:696)
	at ptolemy.actor.util.CausalityInterfaceForComposites._computeOutputPortDepth(CausalityInterfaceForComposites.java:765)
	at ptolemy.actor.util.CausalityInterfaceForComposites._computeInputDepth(CausalityInterfaceForComposites.java:696)
	at ptolemy.actor.util.CausalityInterfaceForComposites._computeOutputPortDepth(CausalityInterfaceForComposites.java:765)
	at ptolemy.actor.util.CausalityInterfaceForComposites._computeInputDepth(CausalityInterfaceForComposites.java:696)
	at ptolemy.actor.util.CausalityInterfaceForComposites._computeActorDepth(CausalityInterfaceForComposites.java:532)
	at ptolemy.actor.util.CausalityInterfaceForComposites.checkForCycles(CausalityInterfaceForComposites.java:96)
	at ptolemy.domains.de.kernel.DEDirector.preinitialize(DEDirector.java:1338)
	at ptolemy.actor.CompositeActor.preinitialize(CompositeActor.java:1828)
	at ptolemy.actor.Manager.preinitializeAndResolveTypes(Manager.java:1040)
	at ptolemy.actor.Manager.initialize(Manager.java:710)
	at ptolemy.actor.Manager.execute(Manager.java:356)
	at ptolemy.actor.Manager.run(Manager.java:1263)
	at ptolemy.actor.Manager$PtolemyRunThread.run(Manager.java:1915)
java.lang.reflect.InvocationTargetException
	at sun.reflect.NativeConstructorAccessorImpl.newInstance0(Native Method)
	at sun.reflect.NativeConstructorAccessorImpl.newInstance(NativeConstructorAccessorImpl.java:62)
	at sun.reflect.DelegatingConstructorAccessorImpl.newInstance(DelegatingConstructorAccessorImpl.java:45)
	at java.lang.reflect.Constructor.newInstance(Constructor.java:423)
	at ptolemy.util.test.junit.AutoKnownFailedTests.RunModel(AutoKnownFailedTests.java:105)
	at sun.reflect.NativeMethodAccessorImpl.invoke0(Native Method)
	at sun.reflect.NativeMethodAccessorImpl.invoke(NativeMethodAccessorImpl.java:62)
	at sun.reflect.DelegatingMethodAccessorImpl.invoke(DelegatingMethodAccessorImpl.java:43)
	at java.lang.reflect.Method.invoke(Method.java:498)
	at org.junit.runners.model.FrameworkMethod$1.runReflectiveCall(FrameworkMethod.java:44)
	at org.junit.internal.runners.model.ReflectiveCallable.run(ReflectiveCallable.java:15)
	at org.junit.runners.model.FrameworkMethod.invokeExplosively(FrameworkMethod.java:41)
	at junitparams.internal.InvokeParameterisedMethod.evaluate(InvokeParameterisedMethod.java:102)
	at org.junit.internal.runners.statements.FailOnTimeout$1.run(FailOnTimeout.java:28)
Caused by: ptolemy.kernel.util.IllegalActionException: Found a zero delay loop containing .HierarchicalModel.A
  in .HierarchicalModel and .HierarchicalModel.A
	at ptolemy.actor.util.CausalityInterfaceForComposites._computeOutputPortDepth(CausalityInterfaceForComposites.java:759)
	at ptolemy.actor.util.CausalityInterfaceForComposites._computeInputDepth(CausalityInterfaceForComposites.java:696)
	at ptolemy.actor.util.CausalityInterfaceForComposites._computeOutputPortDepth(CausalityInterfaceForComposites.java:765)
	at ptolemy.actor.util.CausalityInterfaceForComposites._computeInputDepth(CausalityInterfaceForComposites.java:696)
	at ptolemy.actor.util.CausalityInterfaceForComposites._computeOutputPortDepth(CausalityInterfaceForComposites.java:765)
	at ptolemy.actor.util.CausalityInterfaceForComposites._computeInputDepth(CausalityInterfaceForComposites.java:696)
	at ptolemy.actor.util.CausalityInterfaceForComposites._computeActorDepth(CausalityInterfaceForComposites.java:532)
	at ptolemy.actor.util.CausalityInterfaceForComposites.checkForCycles(CausalityInterfaceForComposites.java:96)
	at ptolemy.domains.de.kernel.DEDirector.preinitialize(DEDirector.java:1338)
	at ptolemy.actor.CompositeActor.preinitialize(CompositeActor.java:1828)
	at ptolemy.actor.Manager.preinitializeAndResolveTypes(Manager.java:1040)
	at ptolemy.actor.Manager.initialize(Manager.java:710)
	at ptolemy.actor.Manager.execute(Manager.java:356)
	at ptolemy.actor.Manager.run(Manager.java:1263)
	at ptolemy.actor.Manager$PtolemyRunThread.run(Manager.java:1915)
java.lang.RuntimeException: Execution failed
	at ptolemy.moml.MoMLSimpleApplication$UnloadThread.run(MoMLSimpleApplication.java:402)
Caused by: ptolemy.kernel.util.IllegalActionException: Found a zero delay loop containing .dependencyLoop.original
  in .dependencyLoop and .dependencyLoop.original
	at ptolemy.actor.util.CausalityInterfaceForComposites._computeOutputPortDepth(CausalityInterfaceForComposites.java:759)
	at ptolemy.actor.util.CausalityInterfaceForComposites._computeInputDepth(CausalityInterfaceForComposites.java:696)
	at ptolemy.actor.util.CausalityInterfaceForComposites._computeOutputPortDepth(CausalityInterfaceForComposites.java:765)
	at ptolemy.actor.util.CausalityInterfaceForComposites._computeInputDepth(CausalityInterfaceForComposites.java:696)
	at ptolemy.actor.util.CausalityInterfaceForComposites._computeOutputPortDepth(CausalityInterfaceForComposites.java:765)
	at ptolemy.actor.util.CausalityInterfaceForComposites._computeInputDepth(CausalityInterfaceForComposites.java:696)
	at ptolemy.actor.util.CausalityInterfaceForComposites._computeActorDepth(CausalityInterfaceForComposites.java:532)
	at ptolemy.actor.util.CausalityInterfaceForComposites.checkForCycles(CausalityInterfaceForComposites.java:96)
	at ptolemy.domains.de.kernel.DEDirector.preinitialize(DEDirector.java:1338)
	at ptolemy.actor.CompositeActor.preinitialize(CompositeActor.java:1828)
	at ptolemy.actor.Manager.preinitializeAndResolveTypes(Manager.java:1040)
	at ptolemy.actor.Manager.initialize(Manager.java:710)
	at ptolemy.actor.Manager.execute(Manager.java:356)
	at ptolemy.actor.Manager.run(Manager.java:1263)
	at ptolemy.actor.Manager$PtolemyRunThread.run(Manager.java:1915)
java.lang.reflect.InvocationTargetException
	at sun.reflect.NativeConstructorAccessorImpl.newInstance0(Native Method)
	at sun.reflect.NativeConstructorAccessorImpl.newInstance(NativeConstructorAccessorImpl.java:62)
	at sun.reflect.DelegatingConstructorAccessorImpl.newInstance(DelegatingConstructorAccessorImpl.java:45)
	at java.lang.reflect.Constructor.newInstance(Constructor.java:423)
	at ptolemy.util.test.junit.AutoKnownFailedTests.RunModel(AutoKnownFailedTests.java:105)
	at sun.reflect.NativeMethodAccessorImpl.invoke0(Native Method)
	at sun.reflect.NativeMethodAccessorImpl.invoke(NativeMethodAccessorImpl.java:62)
	at sun.reflect.DelegatingMethodAccessorImpl.invoke(DelegatingMethodAccessorImpl.java:43)
	at java.lang.reflect.Method.invoke(Method.java:498)
	at org.junit.runners.model.FrameworkMethod$1.runReflectiveCall(FrameworkMethod.java:44)
	at org.junit.internal.runners.model.ReflectiveCallable.run(ReflectiveCallable.java:15)
	at org.junit.runners.model.FrameworkMethod.invokeExplosively(FrameworkMethod.java:41)
	at junitparams.internal.InvokeParameterisedMethod.evaluate(InvokeParameterisedMethod.java:102)
	at org.junit.internal.runners.statements.FailOnTimeout$1.run(FailOnTimeout.java:28)
Caused by: ptolemy.kernel.util.IllegalActionException: Found a zero delay loop containing .dependencyLoop.original
  in .dependencyLoop and .dependencyLoop.original
	at ptolemy.actor.util.CausalityInterfaceForComposites._computeOutputPortDepth(CausalityInterfaceForComposites.java:759)
	at ptolemy.actor.util.CausalityInterfaceForComposites._computeInputDepth(CausalityInterfaceForComposites.java:696)
	at ptolemy.actor.util.CausalityInterfaceForComposites._computeOutputPortDepth(CausalityInterfaceForComposites.java:765)
	at ptolemy.actor.util.CausalityInterfaceForComposites._computeInputDepth(CausalityInterfaceForComposites.java:696)
	at ptolemy.actor.util.CausalityInterfaceForComposites._computeOutputPortDepth(CausalityInterfaceForComposites.java:765)
	at ptolemy.actor.util.CausalityInterfaceForComposites._computeInputDepth(CausalityInterfaceForComposites.java:696)
	at ptolemy.actor.util.CausalityInterfaceForComposites._computeActorDepth(CausalityInterfaceForComposites.java:532)
	at ptolemy.actor.util.CausalityInterfaceForComposites.checkForCycles(CausalityInterfaceForComposites.java:96)
	at ptolemy.domains.de.kernel.DEDirector.preinitialize(DEDirector.java:1338)
	at ptolemy.actor.CompositeActor.preinitialize(CompositeActor.java:1828)
	at ptolemy.actor.Manager.preinitializeAndResolveTypes(Manager.java:1040)
	at ptolemy.actor.Manager.initialize(Manager.java:710)
	at ptolemy.actor.Manager.execute(Manager.java:356)
	at ptolemy.actor.Manager.run(Manager.java:1263)
	at ptolemy.actor.Manager$PtolemyRunThread.run(Manager.java:1915)
java.lang.RuntimeException: Execution failed
	at ptolemy.moml.MoMLSimpleApplication$UnloadThread.run(MoMLSimpleApplication.java:402)
Caused by: ptolemy.kernel.util.IllegalActionException: Found a zero delay loop containing .dependencyLoop2.original
  in .dependencyLoop2 and .dependencyLoop2.original
	at ptolemy.actor.util.CausalityInterfaceForComposites._computeOutputPortDepth(CausalityInterfaceForComposites.java:759)
	at ptolemy.actor.util.CausalityInterfaceForComposites._computeInputDepth(CausalityInterfaceForComposites.java:696)
	at ptolemy.actor.util.CausalityInterfaceForComposites._computeOutputPortDepth(CausalityInterfaceForComposites.java:765)
	at ptolemy.actor.util.CausalityInterfaceForComposites._computeInputDepth(CausalityInterfaceForComposites.java:696)
	at ptolemy.actor.util.CausalityInterfaceForComposites._computeOutputPortDepth(CausalityInterfaceForComposites.java:765)
	at ptolemy.actor.util.CausalityInterfaceForComposites._computeInputDepth(CausalityInterfaceForComposites.java:696)
	at ptolemy.actor.util.CausalityInterfaceForComposites._computeActorDepth(CausalityInterfaceForComposites.java:532)
	at ptolemy.actor.util.CausalityInterfaceForComposites.checkForCycles(CausalityInterfaceForComposites.java:96)
	at ptolemy.domains.de.kernel.DEDirector.preinitialize(DEDirector.java:1338)
	at ptolemy.actor.CompositeActor.preinitialize(CompositeActor.java:1828)
	at ptolemy.actor.Manager.preinitializeAndResolveTypes(Manager.java:1040)
	at ptolemy.actor.Manager.initialize(Manager.java:710)
	at ptolemy.actor.Manager.execute(Manager.java:356)
	at ptolemy.actor.Manager.run(Manager.java:1263)
	at ptolemy.actor.Manager$PtolemyRunThread.run(Manager.java:1915)
java.lang.reflect.InvocationTargetException
	at sun.reflect.NativeConstructorAccessorImpl.newInstance0(Native Method)
	at sun.reflect.NativeConstructorAccessorImpl.newInstance(NativeConstructorAccessorImpl.java:62)
	at sun.reflect.DelegatingConstructorAccessorImpl.newInstance(DelegatingConstructorAccessorImpl.java:45)
	at java.lang.reflect.Constructor.newInstance(Constructor.java:423)
	at ptolemy.util.test.junit.AutoKnownFailedTests.RunModel(AutoKnownFailedTests.java:105)
	at sun.reflect.NativeMethodAccessorImpl.invoke0(Native Method)
	at sun.reflect.NativeMethodAccessorImpl.invoke(NativeMethodAccessorImpl.java:62)
	at sun.reflect.DelegatingMethodAccessorImpl.invoke(DelegatingMethodAccessorImpl.java:43)
	at java.lang.reflect.Method.invoke(Method.java:498)
	at org.junit.runners.model.FrameworkMethod$1.runReflectiveCall(FrameworkMethod.java:44)
	at org.junit.internal.runners.model.ReflectiveCallable.run(ReflectiveCallable.java:15)
	at org.junit.runners.model.FrameworkMethod.invokeExplosively(FrameworkMethod.java:41)
	at junitparams.internal.InvokeParameterisedMethod.evaluate(InvokeParameterisedMethod.java:102)
	at org.junit.internal.runners.statements.FailOnTimeout$1.run(FailOnTimeout.java:28)
Caused by: ptolemy.kernel.util.IllegalActionException: Found a zero delay loop containing .dependencyLoop2.original
  in .dependencyLoop2 and .dependencyLoop2.original
	at ptolemy.actor.util.CausalityInterfaceForComposites._computeOutputPortDepth(CausalityInterfaceForComposites.java:759)
	at ptolemy.actor.util.CausalityInterfaceForComposites._computeInputDepth(CausalityInterfaceForComposites.java:696)
	at ptolemy.actor.util.CausalityInterfaceForComposites._computeOutputPortDepth(CausalityInterfaceForComposites.java:765)
	at ptolemy.actor.util.CausalityInterfaceForComposites._computeInputDepth(CausalityInterfaceForComposites.java:696)
	at ptolemy.actor.util.CausalityInterfaceForComposites._computeOutputPortDepth(CausalityInterfaceForComposites.java:765)
	at ptolemy.actor.util.CausalityInterfaceForComposites._computeInputDepth(CausalityInterfaceForComposites.java:696)
	at ptolemy.actor.util.CausalityInterfaceForComposites._computeActorDepth(CausalityInterfaceForComposites.java:532)
	at ptolemy.actor.util.CausalityInterfaceForComposites.checkForCycles(CausalityInterfaceForComposites.java:96)
	at ptolemy.domains.de.kernel.DEDirector.preinitialize(DEDirector.java:1338)
	at ptolemy.actor.CompositeActor.preinitialize(CompositeActor.java:1828)
	at ptolemy.actor.Manager.preinitializeAndResolveTypes(Manager.java:1040)
	at ptolemy.actor.Manager.initialize(Manager.java:710)
	at ptolemy.actor.Manager.execute(Manager.java:356)
	at ptolemy.actor.Manager.run(Manager.java:1263)
	at ptolemy.actor.Manager$PtolemyRunThread.run(Manager.java:1915)
]]></system-err>
</testsuite>
