<?xml version="1.0" encoding="UTF-8" ?>
<testsuite errors="0" failures="0" hostname="travis-job-772172f6-2abb-4715-9cc1-f1c03c1408ed" name="ptolemy.domains.continuous.test.junit.JUnitTclTest" skipped="0" tests="156" time="71.087" timestamp="2019-05-08T01:23:17">
  <properties>
[...]
</properties>
  <testcase classname="ptolemy.util.test.junit.TclTests" name="[0] ThereAreNoTclTests (RunTclFile)" time="0.001" />
  <testcase classname="ptolemy.util.test.junit.AutoKnownFailedTests" name="[0] ThereAreNoKnowFailedTests (RunModel)" time="0.001" />
  <testcase classname="ptolemy.util.test.junit.AutoNameArchTests" name="[0] ThereAreNoAutoArchTests (RunModel)" time="0.001" />
  <testcase classname="ptolemy.util.test.junit.AutoTests" name="[0] /home/travis/build/icyphy/ptII/ptolemy/domains/continuous/test/auto/BouncingBall.xml (RunModel)" time="2.572" />
  <testcase classname="ptolemy.util.test.junit.AutoTests" name="[1] /home/travis/build/icyphy/ptII/ptolemy/domains/continuous/test/auto/BouncingBallWithoutGR.xml (RunModel)" time="0.781" />
  <testcase classname="ptolemy.util.test.junit.AutoTests" name="[2] /home/travis/build/icyphy/ptII/ptolemy/domains/continuous/test/auto/Brownian.xml (RunModel)" time="0.084" />
  <testcase classname="ptolemy.util.test.junit.AutoTests" name="[3] /home/travis/build/icyphy/ptII/ptolemy/domains/continuous/test/auto/CarTracking.xml (RunModel)" time="3.573" />
  <testcase classname="ptolemy.util.test.junit.AutoTests" name="[4] /home/travis/build/icyphy/ptII/ptolemy/domains/continuous/test/auto/CartPendulum.xml (RunModel)" time="0.509" />
  <testcase classname="ptolemy.util.test.junit.AutoTests" name="[5] /home/travis/build/icyphy/ptII/ptolemy/domains/continuous/test/auto/CausalityInterface10.xml (RunModel)" time="0.041" />
  <testcase classname="ptolemy.util.test.junit.AutoTests" name="[6] /home/travis/build/icyphy/ptII/ptolemy/domains/continuous/test/auto/CausalityInterface11.xml (RunModel)" time="0.027" />
  <testcase classname="ptolemy.util.test.junit.AutoTests" name="[7] /home/travis/build/icyphy/ptII/ptolemy/domains/continuous/test/auto/CausalityInterface12.xml (RunModel)" time="0.032" />
  <testcase classname="ptolemy.util.test.junit.AutoTests" name="[8] /home/travis/build/icyphy/ptII/ptolemy/domains/continuous/test/auto/CausalityInterface13.xml (RunModel)" time="0.043" />
  <testcase classname="ptolemy.util.test.junit.AutoTests" name="[9] /home/travis/build/icyphy/ptII/ptolemy/domains/continuous/test/auto/CausalityInterface14.xml (RunModel)" time="0.032" />
  <testcase classname="ptolemy.util.test.junit.AutoTests" name="[10] /home/travis/build/icyphy/ptII/ptolemy/domains/continuous/test/auto/CausalityInterface4.xml (RunModel)" time="0.035" />
  <testcase classname="ptolemy.util.test.junit.AutoTests" name="[11] /home/travis/build/icyphy/ptII/ptolemy/domains/continuous/test/auto/CausalityInterface5.xml (RunModel)" time="0.046" />
  <testcase classname="ptolemy.util.test.junit.AutoTests" name="[12] /home/travis/build/icyphy/ptII/ptolemy/domains/continuous/test/auto/CausalityInterface6.xml (RunModel)" time="0.028" />
  <testcase classname="ptolemy.util.test.junit.AutoTests" name="[13] /home/travis/build/icyphy/ptII/ptolemy/domains/continuous/test/auto/CausalityInterface7.xml (RunModel)" time="0.05" />
  <testcase classname="ptolemy.util.test.junit.AutoTests" name="[14] /home/travis/build/icyphy/ptII/ptolemy/domains/continuous/test/auto/CausalityInterface8.xml (RunModel)" time="0.032" />
  <testcase classname="ptolemy.util.test.junit.AutoTests" name="[15] /home/travis/build/icyphy/ptII/ptolemy/domains/continuous/test/auto/CausalityInterface9.xml (RunModel)" time="0.036" />
  <testcase classname="ptolemy.util.test.junit.AutoTests" name="[16] /home/travis/build/icyphy/ptII/ptolemy/domains/continuous/test/auto/CausalityInterfaceFeedback1.xml (RunModel)" time="0.029" />
  <testcase classname="ptolemy.util.test.junit.AutoTests" name="[17] /home/travis/build/icyphy/ptII/ptolemy/domains/continuous/test/auto/CausalityInterfaceFeedback2.xml (RunModel)" time="0.038" />
  <testcase classname="ptolemy.util.test.junit.AutoTests" name="[18] /home/travis/build/icyphy/ptII/ptolemy/domains/continuous/test/auto/CompareWithCurrentTime.xml (RunModel)" time="0.023" />
  <testcase classname="ptolemy.util.test.junit.AutoTests" name="[19] /home/travis/build/icyphy/ptII/ptolemy/domains/continuous/test/auto/ComparedClocks.xml (RunModel)" time="0.073" />
  <testcase classname="ptolemy.util.test.junit.AutoTests" name="[20] /home/travis/build/icyphy/ptII/ptolemy/domains/continuous/test/auto/ContinuousAOCClone.xml (RunModel)" time="2.69" />
  <testcase classname="ptolemy.util.test.junit.AutoTests" name="[21] /home/travis/build/icyphy/ptII/ptolemy/domains/continuous/test/auto/ContinuousClock.xml (RunModel)" time="0.088" />
  <testcase classname="ptolemy.util.test.junit.AutoTests" name="[22] /home/travis/build/icyphy/ptII/ptolemy/domains/continuous/test/auto/ContinuousInContinuous.xml (RunModel)" time="0.081" />
  <testcase classname="ptolemy.util.test.junit.AutoTests" name="[23] /home/travis/build/icyphy/ptII/ptolemy/domains/continuous/test/auto/ContinuousInContinuousInContinuous.xml (RunModel)" time="0.023" />
  <testcase classname="ptolemy.util.test.junit.AutoTests" name="[24] /home/travis/build/icyphy/ptII/ptolemy/domains/continuous/test/auto/ContinuousInDE.xml (RunModel)" time="0.101" />
  <testcase classname="ptolemy.util.test.junit.AutoTests" name="[25] /home/travis/build/icyphy/ptII/ptolemy/domains/continuous/test/auto/ContinuousInDE2.xml (RunModel)" time="0.08" />
  <testcase classname="ptolemy.util.test.junit.AutoTests" name="[26] /home/travis/build/icyphy/ptII/ptolemy/domains/continuous/test/auto/ContinuousInDE3.xml (RunModel)" time="0.054" />
  <testcase classname="ptolemy.util.test.junit.AutoTests" name="[27] /home/travis/build/icyphy/ptII/ptolemy/domains/continuous/test/auto/ContinuousInDE4.xml (RunModel)" time="0.039" />
  <testcase classname="ptolemy.util.test.junit.AutoTests" name="[28] /home/travis/build/icyphy/ptII/ptolemy/domains/continuous/test/auto/ContinuousInDEDifferentRefinements.xml (RunModel)" time="0.112" />
  <testcase classname="ptolemy.util.test.junit.AutoTests" name="[29] /home/travis/build/icyphy/ptII/ptolemy/domains/continuous/test/auto/ContinuousInDEDifferentRefinementsPreemptive.xml (RunModel)" time="0.093" />
  <testcase classname="ptolemy.util.test.junit.AutoTests" name="[30] /home/travis/build/icyphy/ptII/ptolemy/domains/continuous/test/auto/ContinuousInDEInContinuous2.xml (RunModel)" time="0.065" />
  <testcase classname="ptolemy.util.test.junit.AutoTests" name="[31] /home/travis/build/icyphy/ptII/ptolemy/domains/continuous/test/auto/ContinuousInDEInContinuous3.xml (RunModel)" time="0.061" />
  <testcase classname="ptolemy.util.test.junit.AutoTests" name="[32] /home/travis/build/icyphy/ptII/ptolemy/domains/continuous/test/auto/ContinuousInDEInput.xml (RunModel)" time="0.043" />
  <testcase classname="ptolemy.util.test.junit.AutoTests" name="[33] /home/travis/build/icyphy/ptII/ptolemy/domains/continuous/test/auto/ContinuousInDEInput2.xml (RunModel)" time="0.039" />
  <testcase classname="ptolemy.util.test.junit.AutoTests" name="[34] /home/travis/build/icyphy/ptII/ptolemy/domains/continuous/test/auto/ContinuousInDEInput3.xml (RunModel)" time="0.037" />
  <testcase classname="ptolemy.util.test.junit.AutoTests" name="[35] /home/travis/build/icyphy/ptII/ptolemy/domains/continuous/test/auto/ContinuousInDESharingRefinement.xml (RunModel)" time="0.204" />
  <testcase classname="ptolemy.util.test.junit.AutoTests" name="[36] /home/travis/build/icyphy/ptII/ptolemy/domains/continuous/test/auto/ContinuousInDEwithNoPorts.xml (RunModel)" time="0.018" />
  <testcase classname="ptolemy.util.test.junit.AutoTests" name="[37] /home/travis/build/icyphy/ptII/ptolemy/domains/continuous/test/auto/ContinuousInsideDE.xml (RunModel)" time="0.086" />
  <testcase classname="ptolemy.util.test.junit.AutoTests" name="[38] /home/travis/build/icyphy/ptII/ptolemy/domains/continuous/test/auto/ContinuousMerge1.xml (RunModel)" time="0.016" />
  <testcase classname="ptolemy.util.test.junit.AutoTests" name="[39] /home/travis/build/icyphy/ptII/ptolemy/domains/continuous/test/auto/ContinuousMerge2.xml (RunModel)" time="0.049" />
  <testcase classname="ptolemy.util.test.junit.AutoTests" name="[40] /home/travis/build/icyphy/ptII/ptolemy/domains/continuous/test/auto/ContinuousMerge3.xml (RunModel)" time="0.082" />
  <testcase classname="ptolemy.util.test.junit.AutoTests" name="[41] /home/travis/build/icyphy/ptII/ptolemy/domains/continuous/test/auto/ContinuousWithinContinuous.xml (RunModel)" time="0.073" />
  <testcase classname="ptolemy.util.test.junit.AutoTests" name="[42] /home/travis/build/icyphy/ptII/ptolemy/domains/continuous/test/auto/ContinuousWithinContinuous2.xml (RunModel)" time="0.1" />
  <testcase classname="ptolemy.util.test.junit.AutoTests" name="[43] /home/travis/build/icyphy/ptII/ptolemy/domains/continuous/test/auto/ContinuousWithinContinuous3.xml (RunModel)" time="0.032" />
  <testcase classname="ptolemy.util.test.junit.AutoTests" name="[44] /home/travis/build/icyphy/ptII/ptolemy/domains/continuous/test/auto/ContinuousWithinContinuous4.xml (RunModel)" time="0.095" />
  <testcase classname="ptolemy.util.test.junit.AutoTests" name="[45] /home/travis/build/icyphy/ptII/ptolemy/domains/continuous/test/auto/ContinuousWithinContinuous5.xml (RunModel)" time="0.03" />
  <testcase classname="ptolemy.util.test.junit.AutoTests" name="[46] /home/travis/build/icyphy/ptII/ptolemy/domains/continuous/test/auto/ContinuousWithinContinuous6.xml (RunModel)" time="0.03" />
  <testcase classname="ptolemy.util.test.junit.AutoTests" name="[47] /home/travis/build/icyphy/ptII/ptolemy/domains/continuous/test/auto/ContinuousWithinContinuous7.xml (RunModel)" time="0.08" />
  <testcase classname="ptolemy.util.test.junit.AutoTests" name="[48] /home/travis/build/icyphy/ptII/ptolemy/domains/continuous/test/auto/DCMotor.xml (RunModel)" time="13.262" />
  <testcase classname="ptolemy.util.test.junit.AutoTests" name="[49] /home/travis/build/icyphy/ptII/ptolemy/domains/continuous/test/auto/DEInContinuous.xml (RunModel)" time="0.026" />
  <testcase classname="ptolemy.util.test.junit.AutoTests" name="[50] /home/travis/build/icyphy/ptII/ptolemy/domains/continuous/test/auto/DEinContinuous2.xml (RunModel)" time="0.029" />
  <testcase classname="ptolemy.util.test.junit.AutoTests" name="[51] /home/travis/build/icyphy/ptII/ptolemy/domains/continuous/test/auto/Derivative.xml (RunModel)" time="0.213" />
  <testcase classname="ptolemy.util.test.junit.AutoTests" name="[52] /home/travis/build/icyphy/ptII/ptolemy/domains/continuous/test/auto/Derivative1.xml (RunModel)" time="0.067" />
  <testcase classname="ptolemy.util.test.junit.AutoTests" name="[53] /home/travis/build/icyphy/ptII/ptolemy/domains/continuous/test/auto/DiscreteClock.xml (RunModel)" time="0.016" />
  <testcase classname="ptolemy.util.test.junit.AutoTests" name="[54] /home/travis/build/icyphy/ptII/ptolemy/domains/continuous/test/auto/EfficiencyCurve.xml (RunModel)" time="0.12" />
  <testcase classname="ptolemy.util.test.junit.AutoTests" name="[55] /home/travis/build/icyphy/ptII/ptolemy/domains/continuous/test/auto/ExponentialResponse.xml (RunModel)" time="0.128" />
  <testcase classname="ptolemy.util.test.junit.AutoTests" name="[56] /home/travis/build/icyphy/ptII/ptolemy/domains/continuous/test/auto/ExponentialResponseRK45.xml (RunModel)" time="0.033" />
  <testcase classname="ptolemy.util.test.junit.AutoTests" name="[57] /home/travis/build/icyphy/ptII/ptolemy/domains/continuous/test/auto/Friction.xml (RunModel)" time="1.5" />
  <testcase classname="ptolemy.util.test.junit.AutoTests" name="[58] /home/travis/build/icyphy/ptII/ptolemy/domains/continuous/test/auto/FurutaPendulum.xml (RunModel)" time="3.068" />
  <testcase classname="ptolemy.util.test.junit.AutoTests" name="[59] /home/travis/build/icyphy/ptII/ptolemy/domains/continuous/test/auto/HierarchicalExecution.xml (RunModel)" time="1.948" />
  <testcase classname="ptolemy.util.test.junit.AutoTests" name="[60] /home/travis/build/icyphy/ptII/ptolemy/domains/continuous/test/auto/HybridPlant.xml (RunModel)" time="0.58" />
  <testcase classname="ptolemy.util.test.junit.AutoTests" name="[61] /home/travis/build/icyphy/ptII/ptolemy/domains/continuous/test/auto/Hysteresis.xml (RunModel)" time="0.175" />
  <testcase classname="ptolemy.util.test.junit.AutoTests" name="[62] /home/travis/build/icyphy/ptII/ptolemy/domains/continuous/test/auto/HysteresisWithRandomDelay.xml (RunModel)" time="0.23" />
  <testcase classname="ptolemy.util.test.junit.AutoTests" name="[63] /home/travis/build/icyphy/ptII/ptolemy/domains/continuous/test/auto/HysteresisWithRandomLosses.xml (RunModel)" time="2.211" />
  <testcase classname="ptolemy.util.test.junit.AutoTests" name="[64] /home/travis/build/icyphy/ptII/ptolemy/domains/continuous/test/auto/ImmediateTransitions.xml (RunModel)" time="0.025" />
  <testcase classname="ptolemy.util.test.junit.AutoTests" name="[65] /home/travis/build/icyphy/ptII/ptolemy/domains/continuous/test/auto/ImpulseFeedback.xml (RunModel)" time="0.022" />
  <testcase classname="ptolemy.util.test.junit.AutoTests" name="[66] /home/travis/build/icyphy/ptII/ptolemy/domains/continuous/test/auto/ImpulseFeedback2.xml (RunModel)" time="0.014" />
  <testcase classname="ptolemy.util.test.junit.AutoTests" name="[67] /home/travis/build/icyphy/ptII/ptolemy/domains/continuous/test/auto/IncreasingRatePoisson.xml (RunModel)" time="0.775" />
  <testcase classname="ptolemy.util.test.junit.AutoTests" name="[68] /home/travis/build/icyphy/ptII/ptolemy/domains/continuous/test/auto/InitialStateFeedback.xml (RunModel)" time="0.024" />
  <testcase classname="ptolemy.util.test.junit.AutoTests" name="[69] /home/travis/build/icyphy/ptII/ptolemy/domains/continuous/test/auto/Integration.xml (RunModel)" time="0.009" />
  <testcase classname="ptolemy.util.test.junit.AutoTests" name="[70] /home/travis/build/icyphy/ptII/ptolemy/domains/continuous/test/auto/Integration2.xml (RunModel)" time="0.095" />
  <testcase classname="ptolemy.util.test.junit.AutoTests" name="[71] /home/travis/build/icyphy/ptII/ptolemy/domains/continuous/test/auto/Integration3.xml (RunModel)" time="0.028" />
  <testcase classname="ptolemy.util.test.junit.AutoTests" name="[72] /home/travis/build/icyphy/ptII/ptolemy/domains/continuous/test/auto/Integration5.xml (RunModel)" time="0.016" />
  <testcase classname="ptolemy.util.test.junit.AutoTests" name="[73] /home/travis/build/icyphy/ptII/ptolemy/domains/continuous/test/auto/IntegratorImpulse.xml (RunModel)" time="0.01" />
  <testcase classname="ptolemy.util.test.junit.AutoTests" name="[74] /home/travis/build/icyphy/ptII/ptolemy/domains/continuous/test/auto/IntegratorImpulse2.xml (RunModel)" time="0.011" />
  <testcase classname="ptolemy.util.test.junit.AutoTests" name="[75] /home/travis/build/icyphy/ptII/ptolemy/domains/continuous/test/auto/LevelCrossing1.xml (RunModel)" time="0.012" />
  <testcase classname="ptolemy.util.test.junit.AutoTests" name="[76] /home/travis/build/icyphy/ptII/ptolemy/domains/continuous/test/auto/LevelCrossing2.xml (RunModel)" time="0.013" />
  <testcase classname="ptolemy.util.test.junit.AutoTests" name="[77] /home/travis/build/icyphy/ptII/ptolemy/domains/continuous/test/auto/LevelCrossing3.xml (RunModel)" time="0.011" />
  <testcase classname="ptolemy.util.test.junit.AutoTests" name="[78] /home/travis/build/icyphy/ptII/ptolemy/domains/continuous/test/auto/LevelCrossing4.xml (RunModel)" time="0.015" />
  <testcase classname="ptolemy.util.test.junit.AutoTests" name="[79] /home/travis/build/icyphy/ptII/ptolemy/domains/continuous/test/auto/LevelCrossing5.xml (RunModel)" time="0.012" />
  <testcase classname="ptolemy.util.test.junit.AutoTests" name="[80] /home/travis/build/icyphy/ptII/ptolemy/domains/continuous/test/auto/LevelCrossing6.xml (RunModel)" time="0.014" />
  <testcase classname="ptolemy.util.test.junit.AutoTests" name="[81] /home/travis/build/icyphy/ptII/ptolemy/domains/continuous/test/auto/LevelCrossingDetector.xml (RunModel)" time="0.03" />
  <testcase classname="ptolemy.util.test.junit.AutoTests" name="[82] /home/travis/build/icyphy/ptII/ptolemy/domains/continuous/test/auto/LevelCrossingDetectorDetectingDirections.xml (RunModel)" time="0.071" />
  <testcase classname="ptolemy.util.test.junit.AutoTests" name="[83] /home/travis/build/icyphy/ptII/ptolemy/domains/continuous/test/auto/LevelCrossingDetectorDetectsGlitches.xml (RunModel)" time="0.058" />
  <testcase classname="ptolemy.util.test.junit.AutoTests" name="[84] /home/travis/build/icyphy/ptII/ptolemy/domains/continuous/test/auto/LevelCrossingNoInitialOuput.xml (RunModel)" time="0.011" />
  <testcase classname="ptolemy.util.test.junit.AutoTests" name="[85] /home/travis/build/icyphy/ptII/ptolemy/domains/continuous/test/auto/LinearStateSpaceExample.xml (RunModel)" time="0.044" />
  <testcase classname="ptolemy.util.test.junit.AutoTests" name="[86] /home/travis/build/icyphy/ptII/ptolemy/domains/continuous/test/auto/Lorenz.xml (RunModel)" time="4.225" />
  <testcase classname="ptolemy.util.test.junit.AutoTests" name="[87] /home/travis/build/icyphy/ptII/ptolemy/domains/continuous/test/auto/LorenzDifferentialSystem.xml (RunModel)" time="1.042" />
  <testcase classname="ptolemy.util.test.junit.AutoTests" name="[88] /home/travis/build/icyphy/ptII/ptolemy/domains/continuous/test/auto/LorenzDifferentialSystemWithInput.xml (RunModel)" time="1.392" />
  <testcase classname="ptolemy.util.test.junit.AutoTests" name="[89] /home/travis/build/icyphy/ptII/ptolemy/domains/continuous/test/auto/LorenzDifferentialSystemWithTime.xml (RunModel)" time="0.704" />
  <testcase classname="ptolemy.util.test.junit.AutoTests" name="[90] /home/travis/build/icyphy/ptII/ptolemy/domains/continuous/test/auto/Microsteps.xml (RunModel)" time="0.025" />
  <testcase classname="ptolemy.util.test.junit.AutoTests" name="[91] /home/travis/build/icyphy/ptII/ptolemy/domains/continuous/test/auto/Modal1.xml (RunModel)" time="0.034" />
  <testcase classname="ptolemy.util.test.junit.AutoTests" name="[92] /home/travis/build/icyphy/ptII/ptolemy/domains/continuous/test/auto/Modal2.xml (RunModel)" time="0.043" />
  <testcase classname="ptolemy.util.test.junit.AutoTests" name="[93] /home/travis/build/icyphy/ptII/ptolemy/domains/continuous/test/auto/ModalTransitionGuardWithReset.xml (RunModel)" time="0.022" />
  <testcase classname="ptolemy.util.test.junit.AutoTests" name="[94] /home/travis/build/icyphy/ptII/ptolemy/domains/continuous/test/auto/ModalTransitionGuardWithResetUsingPreemptiveTransition.xml (RunModel)" time="0.036" />
  <testcase classname="ptolemy.util.test.junit.AutoTests" name="[95] /home/travis/build/icyphy/ptII/ptolemy/domains/continuous/test/auto/ModalTransitionGuardWithResetUsingPreemptiveTransition2.xml (RunModel)" time="0.031" />
  <testcase classname="ptolemy.util.test.junit.AutoTests" name="[96] /home/travis/build/icyphy/ptII/ptolemy/domains/continuous/test/auto/ModalTransitionGuardWithResetUsingPreemptiveTransition3.xml (RunModel)" time="0.032" />
  <testcase classname="ptolemy.util.test.junit.AutoTests" name="[97] /home/travis/build/icyphy/ptII/ptolemy/domains/continuous/test/auto/NewtonsCradle.xml (RunModel)" time="0.696" />
  <testcase classname="ptolemy.util.test.junit.AutoTests" name="[98] /home/travis/build/icyphy/ptII/ptolemy/domains/continuous/test/auto/NewtonsCradleAnimated.xml (RunModel)" time="1.019" />
  <testcase classname="ptolemy.util.test.junit.AutoTests" name="[99] /home/travis/build/icyphy/ptII/ptolemy/domains/continuous/test/auto/NewtonsCradleComplicated.xml (RunModel)" time="0.909" />
  <testcase classname="ptolemy.util.test.junit.AutoTests" name="[100] /home/travis/build/icyphy/ptII/ptolemy/domains/continuous/test/auto/NewtonsCradleNondeterministic.xml (RunModel)" time="0.597" />
  <testcase classname="ptolemy.util.test.junit.AutoTests" name="[101] /home/travis/build/icyphy/ptII/ptolemy/domains/continuous/test/auto/NewtonsCradlePerfectlyInelastic1.xml (RunModel)" time="1.161" />
  <testcase classname="ptolemy.util.test.junit.AutoTests" name="[102] /home/travis/build/icyphy/ptII/ptolemy/domains/continuous/test/auto/Noise.xml (RunModel)" time="0.192" />
  <testcase classname="ptolemy.util.test.junit.AutoTests" name="[103] /home/travis/build/icyphy/ptII/ptolemy/domains/continuous/test/auto/NoiseSpectrum.xml (RunModel)" time="0.73" />
  <testcase classname="ptolemy.util.test.junit.AutoTests" name="[104] /home/travis/build/icyphy/ptII/ptolemy/domains/continuous/test/auto/ParameterizedNewtonsCradleAnimated.xml (RunModel)" time="0.372" />
  <testcase classname="ptolemy.util.test.junit.AutoTests" name="[105] /home/travis/build/icyphy/ptII/ptolemy/domains/continuous/test/auto/ParameterizedNewtonsCradleAnimatedNondeterministic.xml (RunModel)" time="1.118" />
  <testcase classname="ptolemy.util.test.junit.AutoTests" name="[106] /home/travis/build/icyphy/ptII/ptolemy/domains/continuous/test/auto/Pendulum3D.xml (RunModel)" time="0.17" />
  <testcase classname="ptolemy.util.test.junit.AutoTests" name="[107] /home/travis/build/icyphy/ptII/ptolemy/domains/continuous/test/auto/PeriodicSampler.xml (RunModel)" time="0.01" />
  <testcase classname="ptolemy.util.test.junit.AutoTests" name="[108] /home/travis/build/icyphy/ptII/ptolemy/domains/continuous/test/auto/PeriodicSampler1.xml (RunModel)" time="0.042" />
  <testcase classname="ptolemy.util.test.junit.AutoTests" name="[109] /home/travis/build/icyphy/ptII/ptolemy/domains/continuous/test/auto/PeriodicSampler2.xml (RunModel)" time="0.079" />
  <testcase classname="ptolemy.util.test.junit.AutoTests" name="[110] /home/travis/build/icyphy/ptII/ptolemy/domains/continuous/test/auto/Poisson.xml (RunModel)" time="0.417" />
  <testcase classname="ptolemy.util.test.junit.AutoTests" name="[111] /home/travis/build/icyphy/ptII/ptolemy/domains/continuous/test/auto/PoissonClock.xml (RunModel)" time="0.012" />
  <testcase classname="ptolemy.util.test.junit.AutoTests" name="[112] /home/travis/build/icyphy/ptII/ptolemy/domains/continuous/test/auto/PoissonClock2.xml (RunModel)" time="0.024" />
  <testcase classname="ptolemy.util.test.junit.AutoTests" name="[113] /home/travis/build/icyphy/ptII/ptolemy/domains/continuous/test/auto/PortParameterHierarchy.xml (RunModel)" time="0.017" />
  <testcase classname="ptolemy.util.test.junit.AutoTests" name="[114] /home/travis/build/icyphy/ptII/ptolemy/domains/continuous/test/auto/RandomHybridPlant.xml (RunModel)" time="0.49" />
  <testcase classname="ptolemy.util.test.junit.AutoTests" name="[115] /home/travis/build/icyphy/ptII/ptolemy/domains/continuous/test/auto/ResetTransitionWithStartTime1.xml (RunModel)" time="0.03" />
  <testcase classname="ptolemy.util.test.junit.AutoTests" name="[116] /home/travis/build/icyphy/ptII/ptolemy/domains/continuous/test/auto/ResetTransitionWithStartTime2.xml (RunModel)" time="0.033" />
  <testcase classname="ptolemy.util.test.junit.AutoTests" name="[117] /home/travis/build/icyphy/ptII/ptolemy/domains/continuous/test/auto/ResetTransitionWithStartTime3.xml (RunModel)" time="0.036" />
  <testcase classname="ptolemy.util.test.junit.AutoTests" name="[118] /home/travis/build/icyphy/ptII/ptolemy/domains/continuous/test/auto/ResetTransitionWithStartTime4.xml (RunModel)" time="0.022" />
  <testcase classname="ptolemy.util.test.junit.AutoTests" name="[119] /home/travis/build/icyphy/ptII/ptolemy/domains/continuous/test/auto/ResetTransitionWithStartTime5.xml (RunModel)" time="0.031" />
  <testcase classname="ptolemy.util.test.junit.AutoTests" name="[120] /home/travis/build/icyphy/ptII/ptolemy/domains/continuous/test/auto/ResetTransitionWithStartTime6.xml (RunModel)" time="0.023" />
  <testcase classname="ptolemy.util.test.junit.AutoTests" name="[121] /home/travis/build/icyphy/ptII/ptolemy/domains/continuous/test/auto/SRinContinuous.xml (RunModel)" time="0.025" />
  <testcase classname="ptolemy.util.test.junit.AutoTests" name="[122] /home/travis/build/icyphy/ptII/ptolemy/domains/continuous/test/auto/SampledClocks.xml (RunModel)" time="0.034" />
  <testcase classname="ptolemy.util.test.junit.AutoTests" name="[123] /home/travis/build/icyphy/ptII/ptolemy/domains/continuous/test/auto/Satellite.xml (RunModel)" time="0.805" />
  <testcase classname="ptolemy.util.test.junit.AutoTests" name="[124] /home/travis/build/icyphy/ptII/ptolemy/domains/continuous/test/auto/SigmaDelta.xml (RunModel)" time="2.371" />
  <testcase classname="ptolemy.util.test.junit.AutoTests" name="[125] /home/travis/build/icyphy/ptII/ptolemy/domains/continuous/test/auto/SingleRefinement.xml (RunModel)" time="0.566" />
  <testcase classname="ptolemy.util.test.junit.AutoTests" name="[126] /home/travis/build/icyphy/ptII/ptolemy/domains/continuous/test/auto/SinuBouncingBall.xml (RunModel)" time="0.826" />
  <testcase classname="ptolemy.util.test.junit.AutoTests" name="[127] /home/travis/build/icyphy/ptII/ptolemy/domains/continuous/test/auto/Sinusoid.xml (RunModel)" time="0.02" />
  <testcase classname="ptolemy.util.test.junit.AutoTests" name="[128] /home/travis/build/icyphy/ptII/ptolemy/domains/continuous/test/auto/SinusoidInNoise.xml (RunModel)" time="0.992" />
  <testcase classname="ptolemy.util.test.junit.AutoTests" name="[129] /home/travis/build/icyphy/ptII/ptolemy/domains/continuous/test/auto/SinusoidRK45.xml (RunModel)" time="0.009" />
  <testcase classname="ptolemy.util.test.junit.AutoTests" name="[130] /home/travis/build/icyphy/ptII/ptolemy/domains/continuous/test/auto/SinusoidWithMultipleImpulses.xml (RunModel)" time="0.011" />
  <testcase classname="ptolemy.util.test.junit.AutoTests" name="[131] /home/travis/build/icyphy/ptII/ptolemy/domains/continuous/test/auto/SquareWave.xml (RunModel)" time="0.196" />
  <testcase classname="ptolemy.util.test.junit.AutoTests" name="[132] /home/travis/build/icyphy/ptII/ptolemy/domains/continuous/test/auto/Starmac.xml (RunModel)" time="3.343" />
  <testcase classname="ptolemy.util.test.junit.AutoTests" name="[133] /home/travis/build/icyphy/ptII/ptolemy/domains/continuous/test/auto/StaticUnits.xml (RunModel)" time="2.388" />
  <testcase classname="ptolemy.util.test.junit.AutoTests" name="[134] /home/travis/build/icyphy/ptII/ptolemy/domains/continuous/test/auto/StickyMasses.xml (RunModel)" time="0.193" />
  <testcase classname="ptolemy.util.test.junit.AutoTests" name="[135] /home/travis/build/icyphy/ptII/ptolemy/domains/continuous/test/auto/StopTime.xml (RunModel)" time="0.069" />
  <testcase classname="ptolemy.util.test.junit.AutoTests" name="[136] /home/travis/build/icyphy/ptII/ptolemy/domains/continuous/test/auto/StopTime2.xml (RunModel)" time="0.055" />
  <testcase classname="ptolemy.util.test.junit.AutoTests" name="[137] /home/travis/build/icyphy/ptII/ptolemy/domains/continuous/test/auto/Switch.xml (RunModel)" time="0.066" />
  <testcase classname="ptolemy.util.test.junit.AutoTests" name="[138] /home/travis/build/icyphy/ptII/ptolemy/domains/continuous/test/auto/Thermostat.xml (RunModel)" time="0.238" />
  <testcase classname="ptolemy.util.test.junit.AutoTests" name="[139] /home/travis/build/icyphy/ptII/ptolemy/domains/continuous/test/auto/TimeDelay.xml (RunModel)" time="0.015" />
  <testcase classname="ptolemy.util.test.junit.AutoTests" name="[140] /home/travis/build/icyphy/ptII/ptolemy/domains/continuous/test/auto/TimeDelay2.xml (RunModel)" time="0.017" />
  <testcase classname="ptolemy.util.test.junit.AutoTests" name="[141] /home/travis/build/icyphy/ptII/ptolemy/domains/continuous/test/auto/TimeDelay3.xml (RunModel)" time="0.014" />
  <testcase classname="ptolemy.util.test.junit.AutoTests" name="[142] /home/travis/build/icyphy/ptII/ptolemy/domains/continuous/test/auto/TransferAbsentToInside.xml (RunModel)" time="0.108" />
  <testcase classname="ptolemy.util.test.junit.AutoTests" name="[143] /home/travis/build/icyphy/ptII/ptolemy/domains/continuous/test/auto/Transmission.xml (RunModel)" time="0.756" />
  <testcase classname="ptolemy.util.test.junit.AutoTests" name="[144] /home/travis/build/icyphy/ptII/ptolemy/domains/continuous/test/auto/TriggeredContinuousClock.xml (RunModel)" time="0.068" />
  <testcase classname="ptolemy.util.test.junit.AutoTests" name="[145] /home/travis/build/icyphy/ptII/ptolemy/domains/continuous/test/auto/TwoMachineInfiniteBusControl.xml (RunModel)" time="2.678" />
  <testcase classname="ptolemy.util.test.junit.AutoTests" name="[146] /home/travis/build/icyphy/ptII/ptolemy/domains/continuous/test/auto/V2V.xml (RunModel)" time="0.777" />
  <testcase classname="ptolemy.util.test.junit.AutoTests" name="[147] /home/travis/build/icyphy/ptII/ptolemy/domains/continuous/test/auto/hierarchicalModalModel.xml (RunModel)" time="0.028" />
  <testcase classname="ptolemy.util.test.junit.AutoTests" name="[148] /home/travis/build/icyphy/ptII/ptolemy/domains/continuous/test/auto/hierarchicalModalModel1.xml (RunModel)" time="0.028" />
  <testcase classname="ptolemy.util.test.junit.AutoTests" name="[149] /home/travis/build/icyphy/ptII/ptolemy/domains/continuous/test/auto/hierarchicalModalModel2.xml (RunModel)" time="0.028" />
  <testcase classname="ptolemy.util.test.junit.AutoTests" name="[150] /home/travis/build/icyphy/ptII/ptolemy/domains/continuous/test/auto/hierarchicalModalModel3.xml (RunModel)" time="0.024" />
  <testcase classname="ptolemy.util.test.junit.AutoTests" name="[151] /home/travis/build/icyphy/ptII/ptolemy/domains/continuous/test/auto/hierarchicalModalModel4.xml (RunModel)" time="0.025" />
  <testcase classname="ptolemy.util.test.junit.AutoTests" name="[152] /home/travis/build/icyphy/ptII/ptolemy/domains/continuous/test/auto/junk.xml (RunModel)" time="0.153" />
  <system-out><![CDATA[No tcl tests in /home/travis/build/icyphy/ptII/ptolemy/domains/continuous/test
No auto/knownFailedTests/*.xml tests in /home/travis/build/icyphy/ptII/ptolemy/domains/continuous/test
No auto/linux-amd64/*.xml tests in /home/travis/build/icyphy/ptII/ptolemy/domains/continuous/test
AutoTests.java: About to close Vertx.
AutoTests.java: Vertx closed.

===========================================================================================
----------------- testing Wed May 08 01:23:17 UTC 2019 /home/travis/build/icyphy/ptII/ptolemy/domains/continuous/test/auto/BouncingBall.xml
----------------- Instantiating /home/travis/build/icyphy/ptII/ptolemy/domains/continuous/test/auto/BouncingBall.xml
2115 ms. Memory: 332288K Free: 267632K (81%)
----------------- Invoking toplevel() on ptolemy.moml.MoMLSimpleApplication@66a78d97
----------------- Done invoking toplevel() on ptolemy.moml.MoMLSimpleApplication@66a78d97
reloadAllAccessors: .BouncingBall

===========================================================================================
----------------- testing Wed May 08 01:23:20 UTC 2019 /home/travis/build/icyphy/ptII/ptolemy/domains/continuous/test/auto/BouncingBallWithoutGR.xml
----------------- Instantiating /home/travis/build/icyphy/ptII/ptolemy/domains/continuous/test/auto/BouncingBallWithoutGR.xml
679 ms. Memory: 332288K Free: 324010K (98%)
----------------- Invoking toplevel() on ptolemy.moml.MoMLSimpleApplication@2abd6446
----------------- Done invoking toplevel() on ptolemy.moml.MoMLSimpleApplication@2abd6446
reloadAllAccessors: .BouncingBallWithoutGR

===========================================================================================
----------------- testing Wed May 08 01:23:20 UTC 2019 /home/travis/build/icyphy/ptII/ptolemy/domains/continuous/test/auto/Brownian.xml
----------------- Instantiating /home/travis/build/icyphy/ptII/ptolemy/domains/continuous/test/auto/Brownian.xml
25 ms. Memory: 332288K Free: 310355K (93%)
----------------- Invoking toplevel() on ptolemy.moml.MoMLSimpleApplication@63462e95
----------------- Done invoking toplevel() on ptolemy.moml.MoMLSimpleApplication@63462e95
reloadAllAccessors: .Brownian

===========================================================================================
----------------- testing Wed May 08 01:23:20 UTC 2019 /home/travis/build/icyphy/ptII/ptolemy/domains/continuous/test/auto/CarTracking.xml
----------------- Instantiating /home/travis/build/icyphy/ptII/ptolemy/domains/continuous/test/auto/CarTracking.xml
3236 ms. Memory: 578560K Free: 470396K (81%)
----------------- Invoking toplevel() on ptolemy.moml.MoMLSimpleApplication@79c9c1ec
----------------- Done invoking toplevel() on ptolemy.moml.MoMLSimpleApplication@79c9c1ec
reloadAllAccessors: .CarTracking

===========================================================================================
----------------- testing Wed May 08 01:23:24 UTC 2019 /home/travis/build/icyphy/ptII/ptolemy/domains/continuous/test/auto/CartPendulum.xml
----------------- Instantiating /home/travis/build/icyphy/ptII/ptolemy/domains/continuous/test/auto/CartPendulum.xml
370 ms. Memory: 578560K Free: 366150K (63%)
----------------- Invoking toplevel() on ptolemy.moml.MoMLSimpleApplication@7119fd44
----------------- Done invoking toplevel() on ptolemy.moml.MoMLSimpleApplication@7119fd44
reloadAllAccessors: .CartPendulum

===========================================================================================
----------------- testing Wed May 08 01:23:25 UTC 2019 /home/travis/build/icyphy/ptII/ptolemy/domains/continuous/test/auto/CausalityInterface10.xml
----------------- Instantiating /home/travis/build/icyphy/ptII/ptolemy/domains/continuous/test/auto/CausalityInterface10.xml
5 ms. Memory: 578560K Free: 353027K (61%)
----------------- Invoking toplevel() on ptolemy.moml.MoMLSimpleApplication@24e7976a
----------------- Done invoking toplevel() on ptolemy.moml.MoMLSimpleApplication@24e7976a
reloadAllAccessors: .CausalityInterface10

===========================================================================================
----------------- testing Wed May 08 01:23:25 UTC 2019 /home/travis/build/icyphy/ptII/ptolemy/domains/continuous/test/auto/CausalityInterface11.xml
----------------- Instantiating /home/travis/build/icyphy/ptII/ptolemy/domains/continuous/test/auto/CausalityInterface11.xml
4 ms. Memory: 578560K Free: 343180K (59%)
----------------- Invoking toplevel() on ptolemy.moml.MoMLSimpleApplication@5c339a20
----------------- Done invoking toplevel() on ptolemy.moml.MoMLSimpleApplication@5c339a20
reloadAllAccessors: .CausalityInterface11

===========================================================================================
----------------- testing Wed May 08 01:23:25 UTC 2019 /home/travis/build/icyphy/ptII/ptolemy/domains/continuous/test/auto/CausalityInterface12.xml
----------------- Instantiating /home/travis/build/icyphy/ptII/ptolemy/domains/continuous/test/auto/CausalityInterface12.xml
3 ms. Memory: 578560K Free: 330481K (57%)
----------------- Invoking toplevel() on ptolemy.moml.MoMLSimpleApplication@dfa6ce0
----------------- Done invoking toplevel() on ptolemy.moml.MoMLSimpleApplication@dfa6ce0
reloadAllAccessors: .CausalityInterface12

===========================================================================================
----------------- testing Wed May 08 01:23:25 UTC 2019 /home/travis/build/icyphy/ptII/ptolemy/domains/continuous/test/auto/CausalityInterface13.xml
----------------- Instantiating /home/travis/build/icyphy/ptII/ptolemy/domains/continuous/test/auto/CausalityInterface13.xml
12 ms. Memory: 578560K Free: 320635K (55%)
----------------- Invoking toplevel() on ptolemy.moml.MoMLSimpleApplication@5b0d9986
----------------- Done invoking toplevel() on ptolemy.moml.MoMLSimpleApplication@5b0d9986
reloadAllAccessors: .CausalityInterface13

===========================================================================================
----------------- testing Wed May 08 01:23:25 UTC 2019 /home/travis/build/icyphy/ptII/ptolemy/domains/continuous/test/auto/CausalityInterface14.xml
----------------- Instantiating /home/travis/build/icyphy/ptII/ptolemy/domains/continuous/test/auto/CausalityInterface14.xml
8 ms. Memory: 578560K Free: 310788K (54%)
----------------- Invoking toplevel() on ptolemy.moml.MoMLSimpleApplication@3ba70446
----------------- Done invoking toplevel() on ptolemy.moml.MoMLSimpleApplication@3ba70446
reloadAllAccessors: .CausalityInterface14

===========================================================================================
----------------- testing Wed May 08 01:23:25 UTC 2019 /home/travis/build/icyphy/ptII/ptolemy/domains/continuous/test/auto/CausalityInterface4.xml
----------------- Instantiating /home/travis/build/icyphy/ptII/ptolemy/domains/continuous/test/auto/CausalityInterface4.xml
10 ms. Memory: 578560K Free: 300942K (52%)
----------------- Invoking toplevel() on ptolemy.moml.MoMLSimpleApplication@669d3499
----------------- Done invoking toplevel() on ptolemy.moml.MoMLSimpleApplication@669d3499
reloadAllAccessors: .CausalityInterface4

===========================================================================================
----------------- testing Wed May 08 01:23:25 UTC 2019 /home/travis/build/icyphy/ptII/ptolemy/domains/continuous/test/auto/CausalityInterface5.xml
----------------- Instantiating /home/travis/build/icyphy/ptII/ptolemy/domains/continuous/test/auto/CausalityInterface5.xml
6 ms. Memory: 578560K Free: 284949K (49%)
----------------- Invoking toplevel() on ptolemy.moml.MoMLSimpleApplication@3381779a
----------------- Done invoking toplevel() on ptolemy.moml.MoMLSimpleApplication@3381779a
reloadAllAccessors: .CausalityInterface5

===========================================================================================
----------------- testing Wed May 08 01:23:25 UTC 2019 /home/travis/build/icyphy/ptII/ptolemy/domains/continuous/test/auto/CausalityInterface6.xml
----------------- Instantiating /home/travis/build/icyphy/ptII/ptolemy/domains/continuous/test/auto/CausalityInterface6.xml
3 ms. Memory: 578560K Free: 275103K (48%)
----------------- Invoking toplevel() on ptolemy.moml.MoMLSimpleApplication@1c0dc930
----------------- Done invoking toplevel() on ptolemy.moml.MoMLSimpleApplication@1c0dc930
reloadAllAccessors: .CausalityInterface6

===========================================================================================
----------------- testing Wed May 08 01:23:25 UTC 2019 /home/travis/build/icyphy/ptII/ptolemy/domains/continuous/test/auto/CausalityInterface7.xml
----------------- Instantiating /home/travis/build/icyphy/ptII/ptolemy/domains/continuous/test/auto/CausalityInterface7.xml
9 ms. Memory: 578560K Free: 261987K (45%)
----------------- Invoking toplevel() on ptolemy.moml.MoMLSimpleApplication@2c3d04c8
----------------- Done invoking toplevel() on ptolemy.moml.MoMLSimpleApplication@2c3d04c8
reloadAllAccessors: .CausalityInterface7

===========================================================================================
----------------- testing Wed May 08 01:23:25 UTC 2019 /home/travis/build/icyphy/ptII/ptolemy/domains/continuous/test/auto/CausalityInterface8.xml
----------------- Instantiating /home/travis/build/icyphy/ptII/ptolemy/domains/continuous/test/auto/CausalityInterface8.xml
3 ms. Memory: 578560K Free: 248856K (43%)
----------------- Invoking toplevel() on ptolemy.moml.MoMLSimpleApplication@379dc059
----------------- Done invoking toplevel() on ptolemy.moml.MoMLSimpleApplication@379dc059
reloadAllAccessors: .CausalityInterface8

===========================================================================================
----------------- testing Wed May 08 01:23:25 UTC 2019 /home/travis/build/icyphy/ptII/ptolemy/domains/continuous/test/auto/CausalityInterface9.xml
----------------- Instantiating /home/travis/build/icyphy/ptII/ptolemy/domains/continuous/test/auto/CausalityInterface9.xml
4 ms. Memory: 578560K Free: 229602K (40%)
----------------- Invoking toplevel() on ptolemy.moml.MoMLSimpleApplication@5f184f55
----------------- Done invoking toplevel() on ptolemy.moml.MoMLSimpleApplication@5f184f55
reloadAllAccessors: .CausalityInterface9

===========================================================================================
----------------- testing Wed May 08 01:23:25 UTC 2019 /home/travis/build/icyphy/ptII/ptolemy/domains/continuous/test/auto/CausalityInterfaceFeedback1.xml
----------------- Instantiating /home/travis/build/icyphy/ptII/ptolemy/domains/continuous/test/auto/CausalityInterfaceFeedback1.xml
6 ms. Memory: 578560K Free: 219756K (38%)
----------------- Invoking toplevel() on ptolemy.moml.MoMLSimpleApplication@1bfd75a5
----------------- Done invoking toplevel() on ptolemy.moml.MoMLSimpleApplication@1bfd75a5
reloadAllAccessors: .CausalityInterfaceFeedback1

===========================================================================================
----------------- testing Wed May 08 01:23:25 UTC 2019 /home/travis/build/icyphy/ptII/ptolemy/domains/continuous/test/auto/CausalityInterfaceFeedback2.xml
----------------- Instantiating /home/travis/build/icyphy/ptII/ptolemy/domains/continuous/test/auto/CausalityInterfaceFeedback2.xml
4 ms. Memory: 578560K Free: 209909K (36%)
----------------- Invoking toplevel() on ptolemy.moml.MoMLSimpleApplication@6f29d4c1
----------------- Done invoking toplevel() on ptolemy.moml.MoMLSimpleApplication@6f29d4c1
reloadAllAccessors: .CausalityInterfaceFeedback2

===========================================================================================
----------------- testing Wed May 08 01:23:25 UTC 2019 /home/travis/build/icyphy/ptII/ptolemy/domains/continuous/test/auto/CompareWithCurrentTime.xml
----------------- Instantiating /home/travis/build/icyphy/ptII/ptolemy/domains/continuous/test/auto/CompareWithCurrentTime.xml
6 ms. Memory: 578560K Free: 200503K (35%)
----------------- Invoking toplevel() on ptolemy.moml.MoMLSimpleApplication@73e9b949
----------------- Done invoking toplevel() on ptolemy.moml.MoMLSimpleApplication@73e9b949
reloadAllAccessors: .CompareWithCurrentTime

===========================================================================================
----------------- testing Wed May 08 01:23:25 UTC 2019 /home/travis/build/icyphy/ptII/ptolemy/domains/continuous/test/auto/ComparedClocks.xml
----------------- Instantiating /home/travis/build/icyphy/ptII/ptolemy/domains/continuous/test/auto/ComparedClocks.xml
6 ms. Memory: 578560K Free: 180810K (31%)
----------------- Invoking toplevel() on ptolemy.moml.MoMLSimpleApplication@253c80a8
----------------- Done invoking toplevel() on ptolemy.moml.MoMLSimpleApplication@253c80a8
reloadAllAccessors: .ComparedClocks

===========================================================================================
----------------- testing Wed May 08 01:23:25 UTC 2019 /home/travis/build/icyphy/ptII/ptolemy/domains/continuous/test/auto/ContinuousAOCClone.xml
----------------- Instantiating /home/travis/build/icyphy/ptII/ptolemy/domains/continuous/test/auto/ContinuousAOCClone.xml
2509 ms. Memory: 872960K Free: 401905K (46%)
----------------- Invoking toplevel() on ptolemy.moml.MoMLSimpleApplication@701c66d2
----------------- Done invoking toplevel() on ptolemy.moml.MoMLSimpleApplication@701c66d2
reloadAllAccessors: .ContinuousAOCClone

===========================================================================================
----------------- testing Wed May 08 01:23:28 UTC 2019 /home/travis/build/icyphy/ptII/ptolemy/domains/continuous/test/auto/ContinuousClock.xml
----------------- Instantiating /home/travis/build/icyphy/ptII/ptolemy/domains/continuous/test/auto/ContinuousClock.xml
29 ms. Memory: 872960K Free: 369026K (42%)
----------------- Invoking toplevel() on ptolemy.moml.MoMLSimpleApplication@5dcac1bc
----------------- Done invoking toplevel() on ptolemy.moml.MoMLSimpleApplication@5dcac1bc
reloadAllAccessors: .ContinuousClock

===========================================================================================
----------------- testing Wed May 08 01:23:28 UTC 2019 /home/travis/build/icyphy/ptII/ptolemy/domains/continuous/test/auto/ContinuousInContinuous.xml
----------------- Instantiating /home/travis/build/icyphy/ptII/ptolemy/domains/continuous/test/auto/ContinuousInContinuous.xml
39 ms. Memory: 872960K Free: 337549K (39%)
----------------- Invoking toplevel() on ptolemy.moml.MoMLSimpleApplication@6df7ce64
----------------- Done invoking toplevel() on ptolemy.moml.MoMLSimpleApplication@6df7ce64
reloadAllAccessors: .ContinuousInContinuous

===========================================================================================
----------------- testing Wed May 08 01:23:28 UTC 2019 /home/travis/build/icyphy/ptII/ptolemy/domains/continuous/test/auto/ContinuousInContinuousInContinuous.xml
----------------- Instantiating /home/travis/build/icyphy/ptII/ptolemy/domains/continuous/test/auto/ContinuousInContinuousInContinuous.xml
7 ms. Memory: 872960K Free: 321815K (37%)
----------------- Invoking toplevel() on ptolemy.moml.MoMLSimpleApplication@c51cd0b
----------------- Done invoking toplevel() on ptolemy.moml.MoMLSimpleApplication@c51cd0b
reloadAllAccessors: .ContinuousInContinuousInContinuous

===========================================================================================
----------------- testing Wed May 08 01:23:28 UTC 2019 /home/travis/build/icyphy/ptII/ptolemy/domains/continuous/test/auto/ContinuousInDE.xml
----------------- Instantiating /home/travis/build/icyphy/ptII/ptolemy/domains/continuous/test/auto/ContinuousInDE.xml
74 ms. Memory: 872960K Free: 303003K (35%)
----------------- Invoking toplevel() on ptolemy.moml.MoMLSimpleApplication@4185562d
----------------- Done invoking toplevel() on ptolemy.moml.MoMLSimpleApplication@4185562d
reloadAllAccessors: .ContinuousInDE

===========================================================================================
----------------- testing Wed May 08 01:23:28 UTC 2019 /home/travis/build/icyphy/ptII/ptolemy/domains/continuous/test/auto/ContinuousInDE2.xml
----------------- Instantiating /home/travis/build/icyphy/ptII/ptolemy/domains/continuous/test/auto/ContinuousInDE2.xml
60 ms. Memory: 872960K Free: 287285K (33%)
----------------- Invoking toplevel() on ptolemy.moml.MoMLSimpleApplication@31330486
----------------- Done invoking toplevel() on ptolemy.moml.MoMLSimpleApplication@31330486
reloadAllAccessors: .ContinuousInDE2

===========================================================================================
----------------- testing Wed May 08 01:23:28 UTC 2019 /home/travis/build/icyphy/ptII/ptolemy/domains/continuous/test/auto/ContinuousInDE3.xml
----------------- Instantiating /home/travis/build/icyphy/ptII/ptolemy/domains/continuous/test/auto/ContinuousInDE3.xml
35 ms. Memory: 872960K Free: 271567K (31%)
----------------- Invoking toplevel() on ptolemy.moml.MoMLSimpleApplication@adaa9a2
----------------- Done invoking toplevel() on ptolemy.moml.MoMLSimpleApplication@adaa9a2
reloadAllAccessors: .ContinuousInDE3

===========================================================================================
----------------- testing Wed May 08 01:23:28 UTC 2019 /home/travis/build/icyphy/ptII/ptolemy/domains/continuous/test/auto/ContinuousInDE4.xml
----------------- Instantiating /home/travis/build/icyphy/ptII/ptolemy/domains/continuous/test/auto/ContinuousInDE4.xml
20 ms. Memory: 872960K Free: 261088K (30%)
----------------- Invoking toplevel() on ptolemy.moml.MoMLSimpleApplication@1b91222d
----------------- Done invoking toplevel() on ptolemy.moml.MoMLSimpleApplication@1b91222d
reloadAllAccessors: .ContinuousInDE4

===========================================================================================
----------------- testing Wed May 08 01:23:28 UTC 2019 /home/travis/build/icyphy/ptII/ptolemy/domains/continuous/test/auto/ContinuousInDEDifferentRefinements.xml
----------------- Instantiating /home/travis/build/icyphy/ptII/ptolemy/domains/continuous/test/auto/ContinuousInDEDifferentRefinements.xml
57 ms. Memory: 872960K Free: 221286K (25%)
----------------- Invoking toplevel() on ptolemy.moml.MoMLSimpleApplication@3f74354d
----------------- Done invoking toplevel() on ptolemy.moml.MoMLSimpleApplication@3f74354d
reloadAllAccessors: .ContinuousInDEDifferentRefinements

===========================================================================================
----------------- testing Wed May 08 01:23:28 UTC 2019 /home/travis/build/icyphy/ptII/ptolemy/domains/continuous/test/auto/ContinuousInDEDifferentRefinementsPreemptive.xml
----------------- Instantiating /home/travis/build/icyphy/ptII/ptolemy/domains/continuous/test/auto/ContinuousInDEDifferentRefinementsPreemptive.xml
45 ms. Memory: 872960K Free: 184578K (21%)
----------------- Invoking toplevel() on ptolemy.moml.MoMLSimpleApplication@1003d07
----------------- Done invoking toplevel() on ptolemy.moml.MoMLSimpleApplication@1003d07
reloadAllAccessors: .ContinuousInDEDifferentRefinementsPreemptive

===========================================================================================
----------------- testing Wed May 08 01:23:29 UTC 2019 /home/travis/build/icyphy/ptII/ptolemy/domains/continuous/test/auto/ContinuousInDEInContinuous2.xml
----------------- Instantiating /home/travis/build/icyphy/ptII/ptolemy/domains/continuous/test/auto/ContinuousInDEInContinuous2.xml
39 ms. Memory: 872960K Free: 168843K (19%)
----------------- Invoking toplevel() on ptolemy.moml.MoMLSimpleApplication@2684ccb4
----------------- Done invoking toplevel() on ptolemy.moml.MoMLSimpleApplication@2684ccb4
reloadAllAccessors: .ContinuousInDEInContinuous2

===========================================================================================
----------------- testing Wed May 08 01:23:29 UTC 2019 /home/travis/build/icyphy/ptII/ptolemy/domains/continuous/test/auto/ContinuousInDEInContinuous3.xml
----------------- Instantiating /home/travis/build/icyphy/ptII/ptolemy/domains/continuous/test/auto/ContinuousInDEInContinuous3.xml
39 ms. Memory: 872960K Free: 147877K (17%)
----------------- Invoking toplevel() on ptolemy.moml.MoMLSimpleApplication@76b4ed78
----------------- Done invoking toplevel() on ptolemy.moml.MoMLSimpleApplication@76b4ed78
reloadAllAccessors: .ContinuousInDEInContinuous3

===========================================================================================
----------------- testing Wed May 08 01:23:29 UTC 2019 /home/travis/build/icyphy/ptII/ptolemy/domains/continuous/test/auto/ContinuousInDEInput.xml
----------------- Instantiating /home/travis/build/icyphy/ptII/ptolemy/domains/continuous/test/auto/ContinuousInDEInput.xml
19 ms. Memory: 872960K Free: 134305K (15%)
----------------- Invoking toplevel() on ptolemy.moml.MoMLSimpleApplication@1465986a
----------------- Done invoking toplevel() on ptolemy.moml.MoMLSimpleApplication@1465986a
reloadAllAccessors: .ContinuousInDEInput

===========================================================================================
----------------- testing Wed May 08 01:23:29 UTC 2019 /home/travis/build/icyphy/ptII/ptolemy/domains/continuous/test/auto/ContinuousInDEInput2.xml
----------------- Instantiating /home/travis/build/icyphy/ptII/ptolemy/domains/continuous/test/auto/ContinuousInDEInput2.xml
18 ms. Memory: 872960K Free: 123826K (14%)
----------------- Invoking toplevel() on ptolemy.moml.MoMLSimpleApplication@4404f322
----------------- Done invoking toplevel() on ptolemy.moml.MoMLSimpleApplication@4404f322
reloadAllAccessors: .ContinuousInDEInput2

===========================================================================================
----------------- testing Wed May 08 01:23:29 UTC 2019 /home/travis/build/icyphy/ptII/ptolemy/domains/continuous/test/auto/ContinuousInDEInput3.xml
----------------- Instantiating /home/travis/build/icyphy/ptII/ptolemy/domains/continuous/test/auto/ContinuousInDEInput3.xml
17 ms. Memory: 872960K Free: 113348K (13%)
----------------- Invoking toplevel() on ptolemy.moml.MoMLSimpleApplication@7cbd9069
----------------- Done invoking toplevel() on ptolemy.moml.MoMLSimpleApplication@7cbd9069
reloadAllAccessors: .ContinuousInDEInput3

===========================================================================================
----------------- testing Wed May 08 01:23:29 UTC 2019 /home/travis/build/icyphy/ptII/ptolemy/domains/continuous/test/auto/ContinuousInDESharingRefinement.xml
----------------- Instantiating /home/travis/build/icyphy/ptII/ptolemy/domains/continuous/test/auto/ContinuousInDESharingRefinement.xml
174 ms. Memory: 873472K Free: 802204K (92%)
----------------- Invoking toplevel() on ptolemy.moml.MoMLSimpleApplication@830ef59
----------------- Done invoking toplevel() on ptolemy.moml.MoMLSimpleApplication@830ef59
reloadAllAccessors: .ContinuousInDESharingRefinement

===========================================================================================
----------------- testing Wed May 08 01:23:29 UTC 2019 /home/travis/build/icyphy/ptII/ptolemy/domains/continuous/test/auto/ContinuousInDEwithNoPorts.xml
----------------- Instantiating /home/travis/build/icyphy/ptII/ptolemy/domains/continuous/test/auto/ContinuousInDEwithNoPorts.xml
5 ms. Memory: 873472K Free: 789584K (90%)
----------------- Invoking toplevel() on ptolemy.moml.MoMLSimpleApplication@7a26a169
----------------- Done invoking toplevel() on ptolemy.moml.MoMLSimpleApplication@7a26a169
reloadAllAccessors: .ContinuousInDEwithNoPorts

===========================================================================================
----------------- testing Wed May 08 01:23:29 UTC 2019 /home/travis/build/icyphy/ptII/ptolemy/domains/continuous/test/auto/ContinuousInsideDE.xml
----------------- Instantiating /home/travis/build/icyphy/ptII/ptolemy/domains/continuous/test/auto/ContinuousInsideDE.xml
48 ms. Memory: 873472K Free: 769920K (88%)
----------------- Invoking toplevel() on ptolemy.moml.MoMLSimpleApplication@71ac0501
----------------- Done invoking toplevel() on ptolemy.moml.MoMLSimpleApplication@71ac0501
reloadAllAccessors: .ContinuousInsideDE

===========================================================================================
----------------- testing Wed May 08 01:23:29 UTC 2019 /home/travis/build/icyphy/ptII/ptolemy/domains/continuous/test/auto/ContinuousMerge1.xml
----------------- Instantiating /home/travis/build/icyphy/ptII/ptolemy/domains/continuous/test/auto/ContinuousMerge1.xml
2 ms. Memory: 873472K Free: 759972K (87%)
----------------- Invoking toplevel() on ptolemy.moml.MoMLSimpleApplication@5c157e0c
----------------- Done invoking toplevel() on ptolemy.moml.MoMLSimpleApplication@5c157e0c
reloadAllAccessors: .ContinuousMerge1

===========================================================================================
----------------- testing Wed May 08 01:23:29 UTC 2019 /home/travis/build/icyphy/ptII/ptolemy/domains/continuous/test/auto/ContinuousMerge2.xml
----------------- Instantiating /home/travis/build/icyphy/ptII/ptolemy/domains/continuous/test/auto/ContinuousMerge2.xml
14 ms. Memory: 873472K Free: 744067K (85%)
----------------- Invoking toplevel() on ptolemy.moml.MoMLSimpleApplication@565bb0dc
----------------- Done invoking toplevel() on ptolemy.moml.MoMLSimpleApplication@565bb0dc
reloadAllAccessors: .ContinuousMerge2

===========================================================================================
----------------- testing Wed May 08 01:23:29 UTC 2019 /home/travis/build/icyphy/ptII/ptolemy/domains/continuous/test/auto/ContinuousMerge3.xml
----------------- Instantiating /home/travis/build/icyphy/ptII/ptolemy/domains/continuous/test/auto/ContinuousMerge3.xml
51 ms. Memory: 873472K Free: 728332K (83%)
----------------- Invoking toplevel() on ptolemy.moml.MoMLSimpleApplication@f1cadb9
----------------- Done invoking toplevel() on ptolemy.moml.MoMLSimpleApplication@f1cadb9
reloadAllAccessors: .ContinuousMerge3

===========================================================================================
----------------- testing Wed May 08 01:23:29 UTC 2019 /home/travis/build/icyphy/ptII/ptolemy/domains/continuous/test/auto/ContinuousWithinContinuous.xml
----------------- Instantiating /home/travis/build/icyphy/ptII/ptolemy/domains/continuous/test/auto/ContinuousWithinContinuous.xml
50 ms. Memory: 873472K Free: 710526K (81%)
----------------- Invoking toplevel() on ptolemy.moml.MoMLSimpleApplication@2b59c3ae
----------------- Done invoking toplevel() on ptolemy.moml.MoMLSimpleApplication@2b59c3ae
reloadAllAccessors: .ContinuousWithinContinuous

===========================================================================================
----------------- testing Wed May 08 01:23:29 UTC 2019 /home/travis/build/icyphy/ptII/ptolemy/domains/continuous/test/auto/ContinuousWithinContinuous2.xml
----------------- Instantiating /home/travis/build/icyphy/ptII/ptolemy/domains/continuous/test/auto/ContinuousWithinContinuous2.xml
80 ms. Memory: 873472K Free: 698737K (80%)
----------------- Invoking toplevel() on ptolemy.moml.MoMLSimpleApplication@60e1c9d5
----------------- Done invoking toplevel() on ptolemy.moml.MoMLSimpleApplication@60e1c9d5
reloadAllAccessors: .ContinuousWithinContinuous2

===========================================================================================
----------------- testing Wed May 08 01:23:29 UTC 2019 /home/travis/build/icyphy/ptII/ptolemy/domains/continuous/test/auto/ContinuousWithinContinuous3.xml
----------------- Instantiating /home/travis/build/icyphy/ptII/ptolemy/domains/continuous/test/auto/ContinuousWithinContinuous3.xml
15 ms. Memory: 873472K Free: 684844K (78%)
----------------- Invoking toplevel() on ptolemy.moml.MoMLSimpleApplication@2924855
----------------- Done invoking toplevel() on ptolemy.moml.MoMLSimpleApplication@2924855
reloadAllAccessors: .ContinuousWithinContinuous3

===========================================================================================
----------------- testing Wed May 08 01:23:30 UTC 2019 /home/travis/build/icyphy/ptII/ptolemy/domains/continuous/test/auto/ContinuousWithinContinuous4.xml
----------------- Instantiating /home/travis/build/icyphy/ptII/ptolemy/domains/continuous/test/auto/ContinuousWithinContinuous4.xml
79 ms. Memory: 873472K Free: 669126K (77%)
----------------- Invoking toplevel() on ptolemy.moml.MoMLSimpleApplication@3fe608d8
----------------- Done invoking toplevel() on ptolemy.moml.MoMLSimpleApplication@3fe608d8
reloadAllAccessors: .ContinuousWithinContinuous4

===========================================================================================
----------------- testing Wed May 08 01:23:30 UTC 2019 /home/travis/build/icyphy/ptII/ptolemy/domains/continuous/test/auto/ContinuousWithinContinuous5.xml
----------------- Instantiating /home/travis/build/icyphy/ptII/ptolemy/domains/continuous/test/auto/ContinuousWithinContinuous5.xml
15 ms. Memory: 873472K Free: 657329K (75%)
----------------- Invoking toplevel() on ptolemy.moml.MoMLSimpleApplication@7a81c439
----------------- Done invoking toplevel() on ptolemy.moml.MoMLSimpleApplication@7a81c439
reloadAllAccessors: .ContinuousWithinContinuous5

===========================================================================================
----------------- testing Wed May 08 01:23:30 UTC 2019 /home/travis/build/icyphy/ptII/ptolemy/domains/continuous/test/auto/ContinuousWithinContinuous6.xml
----------------- Instantiating /home/travis/build/icyphy/ptII/ptolemy/domains/continuous/test/auto/ContinuousWithinContinuous6.xml
15 ms. Memory: 873472K Free: 643436K (74%)
----------------- Invoking toplevel() on ptolemy.moml.MoMLSimpleApplication@5a78a382
----------------- Done invoking toplevel() on ptolemy.moml.MoMLSimpleApplication@5a78a382
reloadAllAccessors: .ContinuousWithinContinuous6

===========================================================================================
----------------- testing Wed May 08 01:23:30 UTC 2019 /home/travis/build/icyphy/ptII/ptolemy/domains/continuous/test/auto/ContinuousWithinContinuous7.xml
----------------- Instantiating /home/travis/build/icyphy/ptII/ptolemy/domains/continuous/test/auto/ContinuousWithinContinuous7.xml
67 ms. Memory: 873472K Free: 631647K (72%)
----------------- Invoking toplevel() on ptolemy.moml.MoMLSimpleApplication@2b57d5f8
----------------- Done invoking toplevel() on ptolemy.moml.MoMLSimpleApplication@2b57d5f8
reloadAllAccessors: .ContinuousWithinContinuous7

===========================================================================================
----------------- testing Wed May 08 01:23:30 UTC 2019 /home/travis/build/icyphy/ptII/ptolemy/domains/continuous/test/auto/DCMotor.xml
----------------- Instantiating /home/travis/build/icyphy/ptII/ptolemy/domains/continuous/test/auto/DCMotor.xml
13175 ms. Memory: 734720K Free: 104366K (14%)
----------------- Invoking toplevel() on ptolemy.moml.MoMLSimpleApplication@bc0ea2c
----------------- Done invoking toplevel() on ptolemy.moml.MoMLSimpleApplication@bc0ea2c
reloadAllAccessors: .DCMotor

===========================================================================================
----------------- testing Wed May 08 01:23:43 UTC 2019 /home/travis/build/icyphy/ptII/ptolemy/domains/continuous/test/auto/DEInContinuous.xml
----------------- Instantiating /home/travis/build/icyphy/ptII/ptolemy/domains/continuous/test/auto/DEInContinuous.xml
12 ms. Memory: 734720K Free: 88398K (12%)
----------------- Invoking toplevel() on ptolemy.moml.MoMLSimpleApplication@2f64567b
----------------- Done invoking toplevel() on ptolemy.moml.MoMLSimpleApplication@2f64567b
reloadAllAccessors: .DEInContinuous

===========================================================================================
----------------- testing Wed May 08 01:23:43 UTC 2019 /home/travis/build/icyphy/ptII/ptolemy/domains/continuous/test/auto/DEinContinuous2.xml
----------------- Instantiating /home/travis/build/icyphy/ptII/ptolemy/domains/continuous/test/auto/DEinContinuous2.xml
6 ms. Memory: 734720K Free: 74321K (10%)
----------------- Invoking toplevel() on ptolemy.moml.MoMLSimpleApplication@68b4efd3
----------------- Done invoking toplevel() on ptolemy.moml.MoMLSimpleApplication@68b4efd3
reloadAllAccessors: .DEinContinuous2

===========================================================================================
----------------- testing Wed May 08 01:23:43 UTC 2019 /home/travis/build/icyphy/ptII/ptolemy/domains/continuous/test/auto/Derivative.xml
----------------- Instantiating /home/travis/build/icyphy/ptII/ptolemy/domains/continuous/test/auto/Derivative.xml
169 ms. Memory: 697344K Free: 645668K (93%)
----------------- Invoking toplevel() on ptolemy.moml.MoMLSimpleApplication@55ef9b7e
----------------- Done invoking toplevel() on ptolemy.moml.MoMLSimpleApplication@55ef9b7e
reloadAllAccessors: .Derivative2

===========================================================================================
----------------- testing Wed May 08 01:23:43 UTC 2019 /home/travis/build/icyphy/ptII/ptolemy/domains/continuous/test/auto/Derivative1.xml
----------------- Instantiating /home/travis/build/icyphy/ptII/ptolemy/domains/continuous/test/auto/Derivative1.xml
38 ms. Memory: 697344K Free: 626420K (90%)
----------------- Invoking toplevel() on ptolemy.moml.MoMLSimpleApplication@73c14d63
----------------- Done invoking toplevel() on ptolemy.moml.MoMLSimpleApplication@73c14d63
reloadAllAccessors: .Derivative1

===========================================================================================
----------------- testing Wed May 08 01:23:43 UTC 2019 /home/travis/build/icyphy/ptII/ptolemy/domains/continuous/test/auto/DiscreteClock.xml
----------------- Instantiating /home/travis/build/icyphy/ptII/ptolemy/domains/continuous/test/auto/DiscreteClock.xml
6 ms. Memory: 697344K Free: 613347K (88%)
----------------- Invoking toplevel() on ptolemy.moml.MoMLSimpleApplication@18fe90e3
----------------- Done invoking toplevel() on ptolemy.moml.MoMLSimpleApplication@18fe90e3
reloadAllAccessors: .DiscreteClock

===========================================================================================
----------------- testing Wed May 08 01:23:43 UTC 2019 /home/travis/build/icyphy/ptII/ptolemy/domains/continuous/test/auto/EfficiencyCurve.xml
----------------- Instantiating /home/travis/build/icyphy/ptII/ptolemy/domains/continuous/test/auto/EfficiencyCurve.xml
72 ms. Memory: 697344K Free: 594115K (85%)
----------------- Invoking toplevel() on ptolemy.moml.MoMLSimpleApplication@7dcfb151
----------------- Done invoking toplevel() on ptolemy.moml.MoMLSimpleApplication@7dcfb151
reloadAllAccessors: .EfficiencyCurve

===========================================================================================
----------------- testing Wed May 08 01:23:44 UTC 2019 /home/travis/build/icyphy/ptII/ptolemy/domains/continuous/test/auto/ExponentialResponse.xml
----------------- Instantiating /home/travis/build/icyphy/ptII/ptolemy/domains/continuous/test/auto/ExponentialResponse.xml
101 ms. Memory: 697344K Free: 568723K (82%)
----------------- Invoking toplevel() on ptolemy.moml.MoMLSimpleApplication@1ad5a
----------------- Done invoking toplevel() on ptolemy.moml.MoMLSimpleApplication@1ad5a
reloadAllAccessors: .ExponentialResponse

===========================================================================================
----------------- testing Wed May 08 01:23:44 UTC 2019 /home/travis/build/icyphy/ptII/ptolemy/domains/continuous/test/auto/ExponentialResponseRK45.xml
----------------- Instantiating /home/travis/build/icyphy/ptII/ptolemy/domains/continuous/test/auto/ExponentialResponseRK45.xml
23 ms. Memory: 697344K Free: 555650K (80%)
----------------- Invoking toplevel() on ptolemy.moml.MoMLSimpleApplication@5d0417e8
----------------- Done invoking toplevel() on ptolemy.moml.MoMLSimpleApplication@5d0417e8
reloadAllAccessors: .ExponentialResponseRK45

===========================================================================================
----------------- testing Wed May 08 01:23:44 UTC 2019 /home/travis/build/icyphy/ptII/ptolemy/domains/continuous/test/auto/Friction.xml
----------------- Instantiating /home/travis/build/icyphy/ptII/ptolemy/domains/continuous/test/auto/Friction.xml
1407 ms. Memory: 697344K Free: 110769K (16%)
----------------- Invoking toplevel() on ptolemy.moml.MoMLSimpleApplication@3fadc6c0
----------------- Done invoking toplevel() on ptolemy.moml.MoMLSimpleApplication@3fadc6c0
reloadAllAccessors: .Friction

===========================================================================================
----------------- testing Wed May 08 01:23:45 UTC 2019 /home/travis/build/icyphy/ptII/ptolemy/domains/continuous/test/auto/FurutaPendulum.xml
----------------- Instantiating /home/travis/build/icyphy/ptII/ptolemy/domains/continuous/test/auto/FurutaPendulum.xml
2894 ms. Memory: 674816K Free: 207944K (31%)
----------------- Invoking toplevel() on ptolemy.moml.MoMLSimpleApplication@40ada9f5
----------------- Done invoking toplevel() on ptolemy.moml.MoMLSimpleApplication@40ada9f5
reloadAllAccessors: .FurutaPendulum

===========================================================================================
----------------- testing Wed May 08 01:23:48 UTC 2019 /home/travis/build/icyphy/ptII/ptolemy/domains/continuous/test/auto/HierarchicalExecution.xml
----------------- Instantiating /home/travis/build/icyphy/ptII/ptolemy/domains/continuous/test/auto/HierarchicalExecution.xml
1665 ms. Memory: 646656K Free: 463325K (72%)
----------------- Invoking toplevel() on ptolemy.moml.MoMLSimpleApplication@3d4b4bcb
----------------- Done invoking toplevel() on ptolemy.moml.MoMLSimpleApplication@3d4b4bcb
reloadAllAccessors: .HierarchicalExecution

===========================================================================================
----------------- testing Wed May 08 01:23:50 UTC 2019 /home/travis/build/icyphy/ptII/ptolemy/domains/continuous/test/auto/HybridPlant.xml
----------------- Instantiating /home/travis/build/icyphy/ptII/ptolemy/domains/continuous/test/auto/HybridPlant.xml
522 ms. Memory: 646656K Free: 186082K (29%)
----------------- Invoking toplevel() on ptolemy.moml.MoMLSimpleApplication@5a019f03
----------------- Done invoking toplevel() on ptolemy.moml.MoMLSimpleApplication@5a019f03
reloadAllAccessors: .HybridPlant

===========================================================================================
----------------- testing Wed May 08 01:23:51 UTC 2019 /home/travis/build/icyphy/ptII/ptolemy/domains/continuous/test/auto/Hysteresis.xml
----------------- Instantiating /home/travis/build/icyphy/ptII/ptolemy/domains/continuous/test/auto/Hysteresis.xml
130 ms. Memory: 646656K Free: 117912K (18%)
----------------- Invoking toplevel() on ptolemy.moml.MoMLSimpleApplication@78f797c8
----------------- Done invoking toplevel() on ptolemy.moml.MoMLSimpleApplication@78f797c8
reloadAllAccessors: .Hysteresis

===========================================================================================
----------------- testing Wed May 08 01:23:51 UTC 2019 /home/travis/build/icyphy/ptII/ptolemy/domains/continuous/test/auto/HysteresisWithRandomDelay.xml
----------------- Instantiating /home/travis/build/icyphy/ptII/ptolemy/domains/continuous/test/auto/HysteresisWithRandomDelay.xml
185 ms. Memory: 615424K Free: 564493K (92%)
----------------- Invoking toplevel() on ptolemy.moml.MoMLSimpleApplication@42274d44
----------------- Done invoking toplevel() on ptolemy.moml.MoMLSimpleApplication@42274d44
reloadAllAccessors: .HysteresisWithRandomDelay

===========================================================================================
----------------- testing Wed May 08 01:23:51 UTC 2019 /home/travis/build/icyphy/ptII/ptolemy/domains/continuous/test/auto/HysteresisWithRandomLosses.xml
----------------- Instantiating /home/travis/build/icyphy/ptII/ptolemy/domains/continuous/test/auto/HysteresisWithRandomLosses.xml
2141 ms. Memory: 591872K Free: 307091K (52%)
----------------- Invoking toplevel() on ptolemy.moml.MoMLSimpleApplication@10bddae4
----------------- Done invoking toplevel() on ptolemy.moml.MoMLSimpleApplication@10bddae4
reloadAllAccessors: .HysteresisWithRandomLosses

===========================================================================================
----------------- testing Wed May 08 01:23:53 UTC 2019 /home/travis/build/icyphy/ptII/ptolemy/domains/continuous/test/auto/ImmediateTransitions.xml
----------------- Instantiating /home/travis/build/icyphy/ptII/ptolemy/domains/continuous/test/auto/ImmediateTransitions.xml
8 ms. Memory: 591872K Free: 294443K (50%)
----------------- Invoking toplevel() on ptolemy.moml.MoMLSimpleApplication@749e7dd8
----------------- Done invoking toplevel() on ptolemy.moml.MoMLSimpleApplication@749e7dd8
reloadAllAccessors: .ImmediateTransitions

===========================================================================================
----------------- testing Wed May 08 01:23:53 UTC 2019 /home/travis/build/icyphy/ptII/ptolemy/domains/continuous/test/auto/ImpulseFeedback.xml
----------------- Instantiating /home/travis/build/icyphy/ptII/ptolemy/domains/continuous/test/auto/ImpulseFeedback.xml
8 ms. Memory: 591872K Free: 283419K (48%)
----------------- Invoking toplevel() on ptolemy.moml.MoMLSimpleApplication@33ce58f3
----------------- Done invoking toplevel() on ptolemy.moml.MoMLSimpleApplication@33ce58f3
reloadAllAccessors: .ImpulseFeedback

===========================================================================================
----------------- testing Wed May 08 01:23:53 UTC 2019 /home/travis/build/icyphy/ptII/ptolemy/domains/continuous/test/auto/ImpulseFeedback2.xml
----------------- Instantiating /home/travis/build/icyphy/ptII/ptolemy/domains/continuous/test/auto/ImpulseFeedback2.xml
5 ms. Memory: 591872K Free: 272425K (46%)
----------------- Invoking toplevel() on ptolemy.moml.MoMLSimpleApplication@4c6204ac
----------------- Done invoking toplevel() on ptolemy.moml.MoMLSimpleApplication@4c6204ac
reloadAllAccessors: .ImpulseFeedback2

===========================================================================================
----------------- testing Wed May 08 01:23:53 UTC 2019 /home/travis/build/icyphy/ptII/ptolemy/domains/continuous/test/auto/IncreasingRatePoisson.xml
----------------- Instantiating /home/travis/build/icyphy/ptII/ptolemy/domains/continuous/test/auto/IncreasingRatePoisson.xml
752 ms. Memory: 565760K Free: 408268K (72%)
----------------- Invoking toplevel() on ptolemy.moml.MoMLSimpleApplication@5145028c
----------------- Done invoking toplevel() on ptolemy.moml.MoMLSimpleApplication@5145028c
reloadAllAccessors: .IncreasingRatePoisson

===========================================================================================
----------------- testing Wed May 08 01:23:54 UTC 2019 /home/travis/build/icyphy/ptII/ptolemy/domains/continuous/test/auto/InitialStateFeedback.xml
----------------- Instantiating /home/travis/build/icyphy/ptII/ptolemy/domains/continuous/test/auto/InitialStateFeedback.xml
7 ms. Memory: 565760K Free: 398435K (70%)
----------------- Invoking toplevel() on ptolemy.moml.MoMLSimpleApplication@2a329f5e
----------------- Done invoking toplevel() on ptolemy.moml.MoMLSimpleApplication@2a329f5e
reloadAllAccessors: .InitialStateFeedback

===========================================================================================
----------------- testing Wed May 08 01:23:54 UTC 2019 /home/travis/build/icyphy/ptII/ptolemy/domains/continuous/test/auto/Integration.xml
----------------- Instantiating /home/travis/build/icyphy/ptII/ptolemy/domains/continuous/test/auto/Integration.xml
3 ms. Memory: 565760K Free: 390273K (69%)
----------------- Invoking toplevel() on ptolemy.moml.MoMLSimpleApplication@519ece71
----------------- Done invoking toplevel() on ptolemy.moml.MoMLSimpleApplication@519ece71
reloadAllAccessors: .Integration

===========================================================================================
----------------- testing Wed May 08 01:23:54 UTC 2019 /home/travis/build/icyphy/ptII/ptolemy/domains/continuous/test/auto/Integration2.xml
----------------- Instantiating /home/travis/build/icyphy/ptII/ptolemy/domains/continuous/test/auto/Integration2.xml
84 ms. Memory: 565760K Free: 372424K (66%)
----------------- Invoking toplevel() on ptolemy.moml.MoMLSimpleApplication@72151246
----------------- Done invoking toplevel() on ptolemy.moml.MoMLSimpleApplication@72151246
reloadAllAccessors: .Integration2

===========================================================================================
----------------- testing Wed May 08 01:23:54 UTC 2019 /home/travis/build/icyphy/ptII/ptolemy/domains/continuous/test/auto/Integration3.xml
----------------- Instantiating /home/travis/build/icyphy/ptII/ptolemy/domains/continuous/test/auto/Integration3.xml
2 ms. Memory: 565760K Free: 364380K (64%)
----------------- Invoking toplevel() on ptolemy.moml.MoMLSimpleApplication@5c26284d
----------------- Done invoking toplevel() on ptolemy.moml.MoMLSimpleApplication@5c26284d
reloadAllAccessors: .Integration3

===========================================================================================
----------------- testing Wed May 08 01:23:54 UTC 2019 /home/travis/build/icyphy/ptII/ptolemy/domains/continuous/test/auto/Integration5.xml
----------------- Instantiating /home/travis/build/icyphy/ptII/ptolemy/domains/continuous/test/auto/Integration5.xml
2 ms. Memory: 565760K Free: 356233K (63%)
----------------- Invoking toplevel() on ptolemy.moml.MoMLSimpleApplication@50be7bf7
----------------- Done invoking toplevel() on ptolemy.moml.MoMLSimpleApplication@50be7bf7
reloadAllAccessors: .Integration5

===========================================================================================
----------------- testing Wed May 08 01:23:54 UTC 2019 /home/travis/build/icyphy/ptII/ptolemy/domains/continuous/test/auto/IntegratorImpulse.xml
----------------- Instantiating /home/travis/build/icyphy/ptII/ptolemy/domains/continuous/test/auto/IntegratorImpulse.xml
2 ms. Memory: 565760K Free: 348071K (62%)
----------------- Invoking toplevel() on ptolemy.moml.MoMLSimpleApplication@71c8fb68
----------------- Done invoking toplevel() on ptolemy.moml.MoMLSimpleApplication@71c8fb68
reloadAllAccessors: .IntegratorImpulse

===========================================================================================
----------------- testing Wed May 08 01:23:54 UTC 2019 /home/travis/build/icyphy/ptII/ptolemy/domains/continuous/test/auto/IntegratorImpulse2.xml
----------------- Instantiating /home/travis/build/icyphy/ptII/ptolemy/domains/continuous/test/auto/IntegratorImpulse2.xml
3 ms. Memory: 565760K Free: 339916K (60%)
----------------- Invoking toplevel() on ptolemy.moml.MoMLSimpleApplication@4e9c262d
----------------- Done invoking toplevel() on ptolemy.moml.MoMLSimpleApplication@4e9c262d
reloadAllAccessors: .IntegratorImpulse2

===========================================================================================
----------------- testing Wed May 08 01:23:54 UTC 2019 /home/travis/build/icyphy/ptII/ptolemy/domains/continuous/test/auto/LevelCrossing1.xml
----------------- Instantiating /home/travis/build/icyphy/ptII/ptolemy/domains/continuous/test/auto/LevelCrossing1.xml
2 ms. Memory: 565760K Free: 331754K (59%)
----------------- Invoking toplevel() on ptolemy.moml.MoMLSimpleApplication@72790244
----------------- Done invoking toplevel() on ptolemy.moml.MoMLSimpleApplication@72790244
reloadAllAccessors: .LevelCrossing1

===========================================================================================
----------------- testing Wed May 08 01:23:54 UTC 2019 /home/travis/build/icyphy/ptII/ptolemy/domains/continuous/test/auto/LevelCrossing2.xml
----------------- Instantiating /home/travis/build/icyphy/ptII/ptolemy/domains/continuous/test/auto/LevelCrossing2.xml
3 ms. Memory: 565760K Free: 323693K (57%)
----------------- Invoking toplevel() on ptolemy.moml.MoMLSimpleApplication@7a079818
----------------- Done invoking toplevel() on ptolemy.moml.MoMLSimpleApplication@7a079818
reloadAllAccessors: .LevelCrossing2

===========================================================================================
----------------- testing Wed May 08 01:23:54 UTC 2019 /home/travis/build/icyphy/ptII/ptolemy/domains/continuous/test/auto/LevelCrossing3.xml
----------------- Instantiating /home/travis/build/icyphy/ptII/ptolemy/domains/continuous/test/auto/LevelCrossing3.xml
2 ms. Memory: 565760K Free: 315531K (56%)
----------------- Invoking toplevel() on ptolemy.moml.MoMLSimpleApplication@30e30ab4
----------------- Done invoking toplevel() on ptolemy.moml.MoMLSimpleApplication@30e30ab4
reloadAllAccessors: .LevelCrossing3

===========================================================================================
----------------- testing Wed May 08 01:23:54 UTC 2019 /home/travis/build/icyphy/ptII/ptolemy/domains/continuous/test/auto/LevelCrossing4.xml
----------------- Instantiating /home/travis/build/icyphy/ptII/ptolemy/domains/continuous/test/auto/LevelCrossing4.xml
2 ms. Memory: 565760K Free: 307384K (54%)
----------------- Invoking toplevel() on ptolemy.moml.MoMLSimpleApplication@5484a088
----------------- Done invoking toplevel() on ptolemy.moml.MoMLSimpleApplication@5484a088
reloadAllAccessors: .LevelCrossing4

===========================================================================================
----------------- testing Wed May 08 01:23:55 UTC 2019 /home/travis/build/icyphy/ptII/ptolemy/domains/continuous/test/auto/LevelCrossing5.xml
----------------- Instantiating /home/travis/build/icyphy/ptII/ptolemy/domains/continuous/test/auto/LevelCrossing5.xml
2 ms. Memory: 565760K Free: 299222K (53%)
----------------- Invoking toplevel() on ptolemy.moml.MoMLSimpleApplication@78768549
----------------- Done invoking toplevel() on ptolemy.moml.MoMLSimpleApplication@78768549
reloadAllAccessors: .LevelCrossing5

===========================================================================================
[...]

===========================================================================================
----------------- testing Wed May 08 01:24:11 UTC 2019 /home/travis/build/icyphy/ptII/ptolemy/domains/continuous/test/auto/SRinContinuous.xml
----------------- Instantiating /home/travis/build/icyphy/ptII/ptolemy/domains/continuous/test/auto/SRinContinuous.xml
4 ms. Memory: 371712K Free: 216915K (58%)
----------------- Invoking toplevel() on ptolemy.moml.MoMLSimpleApplication@5d952f35
----------------- Done invoking toplevel() on ptolemy.moml.MoMLSimpleApplication@5d952f35
reloadAllAccessors: .SRinContinuous

===========================================================================================
----------------- testing Wed May 08 01:24:11 UTC 2019 /home/travis/build/icyphy/ptII/ptolemy/domains/continuous/test/auto/SampledClocks.xml
----------------- Instantiating /home/travis/build/icyphy/ptII/ptolemy/domains/continuous/test/auto/SampledClocks.xml
8 ms. Memory: 371712K Free: 200506K (54%)
----------------- Invoking toplevel() on ptolemy.moml.MoMLSimpleApplication@2881630c
----------------- Done invoking toplevel() on ptolemy.moml.MoMLSimpleApplication@2881630c
reloadAllAccessors: .SampledClocks

===========================================================================================
----------------- testing Wed May 08 01:24:11 UTC 2019 /home/travis/build/icyphy/ptII/ptolemy/domains/continuous/test/auto/Satellite.xml
----------------- Instantiating /home/travis/build/icyphy/ptII/ptolemy/domains/continuous/test/auto/Satellite.xml
786 ms. Memory: 358912K Free: 298766K (83%)
----------------- Invoking toplevel() on ptolemy.moml.MoMLSimpleApplication@631c2352
----------------- Done invoking toplevel() on ptolemy.moml.MoMLSimpleApplication@631c2352
reloadAllAccessors: .Satellite

===========================================================================================
----------------- testing Wed May 08 01:24:12 UTC 2019 /home/travis/build/icyphy/ptII/ptolemy/domains/continuous/test/auto/SigmaDelta.xml
----------------- Instantiating /home/travis/build/icyphy/ptII/ptolemy/domains/continuous/test/auto/SigmaDelta.xml
2234 ms. Memory: 352256K Free: 187767K (53%)
----------------- Invoking toplevel() on ptolemy.moml.MoMLSimpleApplication@30139fdf
----------------- Done invoking toplevel() on ptolemy.moml.MoMLSimpleApplication@30139fdf
reloadAllAccessors: .SigmaDelta

===========================================================================================
----------------- testing Wed May 08 01:24:14 UTC 2019 /home/travis/build/icyphy/ptII/ptolemy/domains/continuous/test/auto/SingleRefinement.xml
----------------- Instantiating /home/travis/build/icyphy/ptII/ptolemy/domains/continuous/test/auto/SingleRefinement.xml
452 ms. Memory: 335360K Free: 247360K (74%)
----------------- Invoking toplevel() on ptolemy.moml.MoMLSimpleApplication@649e8170
----------------- Done invoking toplevel() on ptolemy.moml.MoMLSimpleApplication@649e8170
reloadAllAccessors: .SingleRefinement

===========================================================================================
----------------- testing Wed May 08 01:24:14 UTC 2019 /home/travis/build/icyphy/ptII/ptolemy/domains/continuous/test/auto/SinuBouncingBall.xml
----------------- Instantiating /home/travis/build/icyphy/ptII/ptolemy/domains/continuous/test/auto/SinuBouncingBall.xml
753 ms. Memory: 335360K Free: 25192K (8%)
----------------- Invoking toplevel() on ptolemy.moml.MoMLSimpleApplication@254e42aa
----------------- Done invoking toplevel() on ptolemy.moml.MoMLSimpleApplication@254e42aa
reloadAllAccessors: .SinuBouncingBall

===========================================================================================
----------------- testing Wed May 08 01:24:15 UTC 2019 /home/travis/build/icyphy/ptII/ptolemy/domains/continuous/test/auto/Sinusoid.xml
----------------- Instantiating /home/travis/build/icyphy/ptII/ptolemy/domains/continuous/test/auto/Sinusoid.xml
13 ms. Memory: 323072K Free: 259612K (80%)
----------------- Invoking toplevel() on ptolemy.moml.MoMLSimpleApplication@465ee465
----------------- Done invoking toplevel() on ptolemy.moml.MoMLSimpleApplication@465ee465
reloadAllAccessors: .Sinusoid

===========================================================================================
----------------- testing Wed May 08 01:24:15 UTC 2019 /home/travis/build/icyphy/ptII/ptolemy/domains/continuous/test/auto/SinusoidInNoise.xml
----------------- Instantiating /home/travis/build/icyphy/ptII/ptolemy/domains/continuous/test/auto/SinusoidInNoise.xml
959 ms. Memory: 323072K Free: 57559K (18%)
----------------- Invoking toplevel() on ptolemy.moml.MoMLSimpleApplication@2b7ec6f3
----------------- Done invoking toplevel() on ptolemy.moml.MoMLSimpleApplication@2b7ec6f3
reloadAllAccessors: .SinusoidInNoise

===========================================================================================
----------------- testing Wed May 08 01:24:16 UTC 2019 /home/travis/build/icyphy/ptII/ptolemy/domains/continuous/test/auto/SinusoidRK45.xml
----------------- Instantiating /home/travis/build/icyphy/ptII/ptolemy/domains/continuous/test/auto/SinusoidRK45.xml
2 ms. Memory: 323072K Free: 51796K (16%)
----------------- Invoking toplevel() on ptolemy.moml.MoMLSimpleApplication@4af8f9f6
----------------- Done invoking toplevel() on ptolemy.moml.MoMLSimpleApplication@4af8f9f6
reloadAllAccessors: .SinusoidRK45

===========================================================================================
----------------- testing Wed May 08 01:24:16 UTC 2019 /home/travis/build/icyphy/ptII/ptolemy/domains/continuous/test/auto/SinusoidWithMultipleImpulses.xml
----------------- Instantiating /home/travis/build/icyphy/ptII/ptolemy/domains/continuous/test/auto/SinusoidWithMultipleImpulses.xml
3 ms. Memory: 323072K Free: 46072K (14%)
----------------- Invoking toplevel() on ptolemy.moml.MoMLSimpleApplication@25bbb79f
----------------- Done invoking toplevel() on ptolemy.moml.MoMLSimpleApplication@25bbb79f
reloadAllAccessors: .SinusoidWithMultipleImpulses

===========================================================================================
----------------- testing Wed May 08 01:24:16 UTC 2019 /home/travis/build/icyphy/ptII/ptolemy/domains/continuous/test/auto/SquareWave.xml
----------------- Instantiating /home/travis/build/icyphy/ptII/ptolemy/domains/continuous/test/auto/SquareWave.xml
162 ms. Memory: 320000K Free: 251517K (79%)
----------------- Invoking toplevel() on ptolemy.moml.MoMLSimpleApplication@723da348
----------------- Done invoking toplevel() on ptolemy.moml.MoMLSimpleApplication@723da348
reloadAllAccessors: .SquareWave

===========================================================================================
----------------- testing Wed May 08 01:24:17 UTC 2019 /home/travis/build/icyphy/ptII/ptolemy/domains/continuous/test/auto/Starmac.xml
----------------- Instantiating /home/travis/build/icyphy/ptII/ptolemy/domains/continuous/test/auto/Starmac.xml
3042 ms. Memory: 307712K Free: 108433K (35%)
----------------- Invoking toplevel() on ptolemy.moml.MoMLSimpleApplication@521a3970
----------------- Done invoking toplevel() on ptolemy.moml.MoMLSimpleApplication@521a3970
reloadAllAccessors: .Starmac

===========================================================================================
----------------- testing Wed May 08 01:24:20 UTC 2019 /home/travis/build/icyphy/ptII/ptolemy/domains/continuous/test/auto/StaticUnits.xml
----------------- Instantiating /home/travis/build/icyphy/ptII/ptolemy/domains/continuous/test/auto/StaticUnits.xml
1988 ms. Memory: 284160K Free: 69465K (24%)
----------------- Invoking toplevel() on ptolemy.moml.MoMLSimpleApplication@5f031d57
----------------- Done invoking toplevel() on ptolemy.moml.MoMLSimpleApplication@5f031d57
reloadAllAccessors: .StaticUnits

===========================================================================================
----------------- testing Wed May 08 01:24:22 UTC 2019 /home/travis/build/icyphy/ptII/ptolemy/domains/continuous/test/auto/StickyMasses.xml
----------------- Instantiating /home/travis/build/icyphy/ptII/ptolemy/domains/continuous/test/auto/StickyMasses.xml
141 ms. Memory: 284160K Free: 14240K (5%)
----------------- Invoking toplevel() on ptolemy.moml.MoMLSimpleApplication@51294e4
----------------- Done invoking toplevel() on ptolemy.moml.MoMLSimpleApplication@51294e4
reloadAllAccessors: .StickyMasses

===========================================================================================
----------------- testing Wed May 08 01:24:22 UTC 2019 /home/travis/build/icyphy/ptII/ptolemy/domains/continuous/test/auto/StopTime.xml
----------------- Instantiating /home/travis/build/icyphy/ptII/ptolemy/domains/continuous/test/auto/StopTime.xml
39 ms. Memory: 283136K Free: 189140K (67%)
----------------- Invoking toplevel() on ptolemy.moml.MoMLSimpleApplication@374bd2c1
----------------- Done invoking toplevel() on ptolemy.moml.MoMLSimpleApplication@374bd2c1
reloadAllAccessors: .StopTime

===========================================================================================
----------------- testing Wed May 08 01:24:23 UTC 2019 /home/travis/build/icyphy/ptII/ptolemy/domains/continuous/test/auto/StopTime2.xml
----------------- Instantiating /home/travis/build/icyphy/ptII/ptolemy/domains/continuous/test/auto/StopTime2.xml
32 ms. Memory: 283136K Free: 164786K (58%)
----------------- Invoking toplevel() on ptolemy.moml.MoMLSimpleApplication@511d15b1
----------------- Done invoking toplevel() on ptolemy.moml.MoMLSimpleApplication@511d15b1
reloadAllAccessors: .StopTime2

===========================================================================================
----------------- testing Wed May 08 01:24:23 UTC 2019 /home/travis/build/icyphy/ptII/ptolemy/domains/continuous/test/auto/Switch.xml
----------------- Instantiating /home/travis/build/icyphy/ptII/ptolemy/domains/continuous/test/auto/Switch.xml
45 ms. Memory: 283136K Free: 137764K (49%)
----------------- Invoking toplevel() on ptolemy.moml.MoMLSimpleApplication@2ec1cef5
----------------- Done invoking toplevel() on ptolemy.moml.MoMLSimpleApplication@2ec1cef5
reloadAllAccessors: .Switch

===========================================================================================
----------------- testing Wed May 08 01:24:23 UTC 2019 /home/travis/build/icyphy/ptII/ptolemy/domains/continuous/test/auto/Thermostat.xml
----------------- Instantiating /home/travis/build/icyphy/ptII/ptolemy/domains/continuous/test/auto/Thermostat.xml
184 ms. Memory: 283136K Free: 62657K (22%)
----------------- Invoking toplevel() on ptolemy.moml.MoMLSimpleApplication@6cc42e5f
----------------- Done invoking toplevel() on ptolemy.moml.MoMLSimpleApplication@6cc42e5f
reloadAllAccessors: .Thermostat

===========================================================================================
----------------- testing Wed May 08 01:24:23 UTC 2019 /home/travis/build/icyphy/ptII/ptolemy/domains/continuous/test/auto/TimeDelay.xml
----------------- Instantiating /home/travis/build/icyphy/ptII/ptolemy/domains/continuous/test/auto/TimeDelay.xml
6 ms. Memory: 283136K Free: 56547K (20%)
----------------- Invoking toplevel() on ptolemy.moml.MoMLSimpleApplication@72850e9
----------------- Done invoking toplevel() on ptolemy.moml.MoMLSimpleApplication@72850e9
reloadAllAccessors: .TimeDelay

===========================================================================================
----------------- testing Wed May 08 01:24:23 UTC 2019 /home/travis/build/icyphy/ptII/ptolemy/domains/continuous/test/auto/TimeDelay2.xml
----------------- Instantiating /home/travis/build/icyphy/ptII/ptolemy/domains/continuous/test/auto/TimeDelay2.xml
7 ms. Memory: 283136K Free: 47812K (17%)
----------------- Invoking toplevel() on ptolemy.moml.MoMLSimpleApplication@44db9f9c
----------------- Done invoking toplevel() on ptolemy.moml.MoMLSimpleApplication@44db9f9c
reloadAllAccessors: .TimeDelay2

===========================================================================================
----------------- testing Wed May 08 01:24:23 UTC 2019 /home/travis/build/icyphy/ptII/ptolemy/domains/continuous/test/auto/TimeDelay3.xml
----------------- Instantiating /home/travis/build/icyphy/ptII/ptolemy/domains/continuous/test/auto/TimeDelay3.xml
6 ms. Memory: 283136K Free: 41679K (15%)
----------------- Invoking toplevel() on ptolemy.moml.MoMLSimpleApplication@437348ff
----------------- Done invoking toplevel() on ptolemy.moml.MoMLSimpleApplication@437348ff
reloadAllAccessors: .TimeDelay3

===========================================================================================
----------------- testing Wed May 08 01:24:23 UTC 2019 /home/travis/build/icyphy/ptII/ptolemy/domains/continuous/test/auto/TransferAbsentToInside.xml
----------------- Instantiating /home/travis/build/icyphy/ptII/ptolemy/domains/continuous/test/auto/TransferAbsentToInside.xml
28 ms. Memory: 268288K Free: 163495K (61%)
----------------- Invoking toplevel() on ptolemy.moml.MoMLSimpleApplication@1ead6da3
----------------- Done invoking toplevel() on ptolemy.moml.MoMLSimpleApplication@1ead6da3
reloadAllAccessors: .TransferAbsentToInside

===========================================================================================
----------------- testing Wed May 08 01:24:23 UTC 2019 /home/travis/build/icyphy/ptII/ptolemy/domains/continuous/test/auto/Transmission.xml
----------------- Instantiating /home/travis/build/icyphy/ptII/ptolemy/domains/continuous/test/auto/Transmission.xml
721 ms. Memory: 260096K Free: 103745K (40%)
----------------- Invoking toplevel() on ptolemy.moml.MoMLSimpleApplication@2bc992d9
----------------- Done invoking toplevel() on ptolemy.moml.MoMLSimpleApplication@2bc992d9
reloadAllAccessors: .Transmission

===========================================================================================
----------------- testing Wed May 08 01:24:24 UTC 2019 /home/travis/build/icyphy/ptII/ptolemy/domains/continuous/test/auto/TriggeredContinuousClock.xml
----------------- Instantiating /home/travis/build/icyphy/ptII/ptolemy/domains/continuous/test/auto/TriggeredContinuousClock.xml
36 ms. Memory: 260096K Free: 71042K (27%)
----------------- Invoking toplevel() on ptolemy.moml.MoMLSimpleApplication@37cd5dcc
----------------- Done invoking toplevel() on ptolemy.moml.MoMLSimpleApplication@37cd5dcc
reloadAllAccessors: .TriggeredContinuousClock

===========================================================================================
----------------- testing Wed May 08 01:24:24 UTC 2019 /home/travis/build/icyphy/ptII/ptolemy/domains/continuous/test/auto/TwoMachineInfiniteBusControl.xml
----------------- Instantiating /home/travis/build/icyphy/ptII/ptolemy/domains/continuous/test/auto/TwoMachineInfiniteBusControl.xml
2561 ms. Memory: 281600K Free: 93045K (33%)
----------------- Invoking toplevel() on ptolemy.moml.MoMLSimpleApplication@1e1e9ca5
----------------- Done invoking toplevel() on ptolemy.moml.MoMLSimpleApplication@1e1e9ca5
reloadAllAccessors: .TwoMachineInfiniteBusControl

===========================================================================================
----------------- testing Wed May 08 01:24:27 UTC 2019 /home/travis/build/icyphy/ptII/ptolemy/domains/continuous/test/auto/V2V.xml
----------------- Instantiating /home/travis/build/icyphy/ptII/ptolemy/domains/continuous/test/auto/V2V.xml
705 ms. Memory: 279552K Free: 96751K (35%)
----------------- Invoking toplevel() on ptolemy.moml.MoMLSimpleApplication@77e2a581
----------------- Done invoking toplevel() on ptolemy.moml.MoMLSimpleApplication@77e2a581
reloadAllAccessors: .V2V

===========================================================================================
----------------- testing Wed May 08 01:24:27 UTC 2019 /home/travis/build/icyphy/ptII/ptolemy/domains/continuous/test/auto/hierarchicalModalModel.xml
----------------- Instantiating /home/travis/build/icyphy/ptII/ptolemy/domains/continuous/test/auto/hierarchicalModalModel.xml
7 ms. Memory: 279552K Free: 79419K (28%)
----------------- Invoking toplevel() on ptolemy.moml.MoMLSimpleApplication@6cd5917e
----------------- Done invoking toplevel() on ptolemy.moml.MoMLSimpleApplication@6cd5917e
reloadAllAccessors: .hierarchicalModalModel

===========================================================================================
----------------- testing Wed May 08 01:24:27 UTC 2019 /home/travis/build/icyphy/ptII/ptolemy/domains/continuous/test/auto/hierarchicalModalModel1.xml
----------------- Instantiating /home/travis/build/icyphy/ptII/ptolemy/domains/continuous/test/auto/hierarchicalModalModel1.xml
7 ms. Memory: 279552K Free: 63000K (23%)
----------------- Invoking toplevel() on ptolemy.moml.MoMLSimpleApplication@87eba0e
----------------- Done invoking toplevel() on ptolemy.moml.MoMLSimpleApplication@87eba0e
reloadAllAccessors: .hierarchicalModalModel1

===========================================================================================
----------------- testing Wed May 08 01:24:27 UTC 2019 /home/travis/build/icyphy/ptII/ptolemy/domains/continuous/test/auto/hierarchicalModalModel2.xml
----------------- Instantiating /home/travis/build/icyphy/ptII/ptolemy/domains/continuous/test/auto/hierarchicalModalModel2.xml
6 ms. Memory: 279552K Free: 49192K (18%)
----------------- Invoking toplevel() on ptolemy.moml.MoMLSimpleApplication@477646c4
----------------- Done invoking toplevel() on ptolemy.moml.MoMLSimpleApplication@477646c4
reloadAllAccessors: .hierarchicalModalModel2

===========================================================================================
----------------- testing Wed May 08 01:24:27 UTC 2019 /home/travis/build/icyphy/ptII/ptolemy/domains/continuous/test/auto/hierarchicalModalModel3.xml
----------------- Instantiating /home/travis/build/icyphy/ptII/ptolemy/domains/continuous/test/auto/hierarchicalModalModel3.xml
5 ms. Memory: 279552K Free: 36681K (13%)
----------------- Invoking toplevel() on ptolemy.moml.MoMLSimpleApplication@23a6293c
----------------- Done invoking toplevel() on ptolemy.moml.MoMLSimpleApplication@23a6293c
reloadAllAccessors: .hierarchicalModalModel3

===========================================================================================
----------------- testing Wed May 08 01:24:27 UTC 2019 /home/travis/build/icyphy/ptII/ptolemy/domains/continuous/test/auto/hierarchicalModalModel4.xml
----------------- Instantiating /home/travis/build/icyphy/ptII/ptolemy/domains/continuous/test/auto/hierarchicalModalModel4.xml
4 ms. Memory: 279552K Free: 22866K (8%)
----------------- Invoking toplevel() on ptolemy.moml.MoMLSimpleApplication@30166706
----------------- Done invoking toplevel() on ptolemy.moml.MoMLSimpleApplication@30166706
reloadAllAccessors: .hierarchicalModalModel4

===========================================================================================
----------------- testing Wed May 08 01:24:28 UTC 2019 /home/travis/build/icyphy/ptII/ptolemy/domains/continuous/test/auto/junk.xml
----------------- Instantiating /home/travis/build/icyphy/ptII/ptolemy/domains/continuous/test/auto/junk.xml
136 ms. Memory: 265728K Free: 169026K (64%)
----------------- Invoking toplevel() on ptolemy.moml.MoMLSimpleApplication@65561388
----------------- Done invoking toplevel() on ptolemy.moml.MoMLSimpleApplication@65561388
reloadAllAccessors: .junk
AutoTests.java: About to close Vertx.
AutoTests.java: Vertx closed.
]]></system-out>
  <system-err><![CDATA[Warning: '.HysteresisWithRandomDelay.NonStrictTest' The test produced only 221 tokens, yet the correctValues parameter was expecting 222 tokens.
Warning: '.HysteresisWithRandomDelay.NonStrictTest2' The test produced only 220 tokens, yet the correctValues parameter was expecting 221 tokens.
Warning: '.Poisson.NonStrictTest' The test produced only 393 tokens, yet the correctValues parameter was expecting 430 tokens.
]]></system-err>
</testsuite>
