<?xml version="1.0" encoding="UTF-8" ?>
<testsuite errors="0" failures="0" hostname="travis-job-476c71d5-5e58-483e-bd66-72edfa4a62bc" name="ptolemy.domains.continuous.test.junit.JUnitTclTest" skipped="0" tests="156" time="71.82" timestamp="2019-04-05T03:55:24">
  <properties>
[...]
</properties>
  <testcase classname="ptolemy.util.test.junit.TclTests" name="[0] ThereAreNoTclTests (RunTclFile)" time="0.004" />
  <testcase classname="ptolemy.util.test.junit.AutoKnownFailedTests" name="[0] ThereAreNoKnowFailedTests (RunModel)" time="0.001" />
  <testcase classname="ptolemy.util.test.junit.AutoNameArchTests" name="[0] ThereAreNoAutoArchTests (RunModel)" time="0.008" />
  <testcase classname="ptolemy.util.test.junit.AutoTests" name="[0] /home/travis/build/icyphy/ptII/ptolemy/domains/continuous/test/auto/BouncingBall.xml (RunModel)" time="2.727" />
  <testcase classname="ptolemy.util.test.junit.AutoTests" name="[1] /home/travis/build/icyphy/ptII/ptolemy/domains/continuous/test/auto/BouncingBallWithoutGR.xml (RunModel)" time="0.864" />
  <testcase classname="ptolemy.util.test.junit.AutoTests" name="[2] /home/travis/build/icyphy/ptII/ptolemy/domains/continuous/test/auto/Brownian.xml (RunModel)" time="0.111" />
  <testcase classname="ptolemy.util.test.junit.AutoTests" name="[3] /home/travis/build/icyphy/ptII/ptolemy/domains/continuous/test/auto/CarTracking.xml (RunModel)" time="3.649" />
  <testcase classname="ptolemy.util.test.junit.AutoTests" name="[4] /home/travis/build/icyphy/ptII/ptolemy/domains/continuous/test/auto/CartPendulum.xml (RunModel)" time="0.565" />
  <testcase classname="ptolemy.util.test.junit.AutoTests" name="[5] /home/travis/build/icyphy/ptII/ptolemy/domains/continuous/test/auto/CausalityInterface10.xml (RunModel)" time="0.043" />
  <testcase classname="ptolemy.util.test.junit.AutoTests" name="[6] /home/travis/build/icyphy/ptII/ptolemy/domains/continuous/test/auto/CausalityInterface11.xml (RunModel)" time="0.044" />
  <testcase classname="ptolemy.util.test.junit.AutoTests" name="[7] /home/travis/build/icyphy/ptII/ptolemy/domains/continuous/test/auto/CausalityInterface12.xml (RunModel)" time="0.042" />
  <testcase classname="ptolemy.util.test.junit.AutoTests" name="[8] /home/travis/build/icyphy/ptII/ptolemy/domains/continuous/test/auto/CausalityInterface13.xml (RunModel)" time="0.037" />
  <testcase classname="ptolemy.util.test.junit.AutoTests" name="[9] /home/travis/build/icyphy/ptII/ptolemy/domains/continuous/test/auto/CausalityInterface14.xml (RunModel)" time="0.034" />
  <testcase classname="ptolemy.util.test.junit.AutoTests" name="[10] /home/travis/build/icyphy/ptII/ptolemy/domains/continuous/test/auto/CausalityInterface4.xml (RunModel)" time="0.049" />
  <testcase classname="ptolemy.util.test.junit.AutoTests" name="[11] /home/travis/build/icyphy/ptII/ptolemy/domains/continuous/test/auto/CausalityInterface5.xml (RunModel)" time="0.062" />
  <testcase classname="ptolemy.util.test.junit.AutoTests" name="[12] /home/travis/build/icyphy/ptII/ptolemy/domains/continuous/test/auto/CausalityInterface6.xml (RunModel)" time="0.029" />
  <testcase classname="ptolemy.util.test.junit.AutoTests" name="[13] /home/travis/build/icyphy/ptII/ptolemy/domains/continuous/test/auto/CausalityInterface7.xml (RunModel)" time="0.055" />
  <testcase classname="ptolemy.util.test.junit.AutoTests" name="[14] /home/travis/build/icyphy/ptII/ptolemy/domains/continuous/test/auto/CausalityInterface8.xml (RunModel)" time="0.038" />
  <testcase classname="ptolemy.util.test.junit.AutoTests" name="[15] /home/travis/build/icyphy/ptII/ptolemy/domains/continuous/test/auto/CausalityInterface9.xml (RunModel)" time="0.044" />
  <testcase classname="ptolemy.util.test.junit.AutoTests" name="[16] /home/travis/build/icyphy/ptII/ptolemy/domains/continuous/test/auto/CausalityInterfaceFeedback1.xml (RunModel)" time="0.035" />
  <testcase classname="ptolemy.util.test.junit.AutoTests" name="[17] /home/travis/build/icyphy/ptII/ptolemy/domains/continuous/test/auto/CausalityInterfaceFeedback2.xml (RunModel)" time="0.033" />
  <testcase classname="ptolemy.util.test.junit.AutoTests" name="[18] /home/travis/build/icyphy/ptII/ptolemy/domains/continuous/test/auto/CompareWithCurrentTime.xml (RunModel)" time="0.024" />
  <testcase classname="ptolemy.util.test.junit.AutoTests" name="[19] /home/travis/build/icyphy/ptII/ptolemy/domains/continuous/test/auto/ComparedClocks.xml (RunModel)" time="0.077" />
  <testcase classname="ptolemy.util.test.junit.AutoTests" name="[20] /home/travis/build/icyphy/ptII/ptolemy/domains/continuous/test/auto/ContinuousAOCClone.xml (RunModel)" time="2.744" />
  <testcase classname="ptolemy.util.test.junit.AutoTests" name="[21] /home/travis/build/icyphy/ptII/ptolemy/domains/continuous/test/auto/ContinuousClock.xml (RunModel)" time="0.086" />
  <testcase classname="ptolemy.util.test.junit.AutoTests" name="[22] /home/travis/build/icyphy/ptII/ptolemy/domains/continuous/test/auto/ContinuousInContinuous.xml (RunModel)" time="0.083" />
  <testcase classname="ptolemy.util.test.junit.AutoTests" name="[23] /home/travis/build/icyphy/ptII/ptolemy/domains/continuous/test/auto/ContinuousInContinuousInContinuous.xml (RunModel)" time="0.029" />
  <testcase classname="ptolemy.util.test.junit.AutoTests" name="[24] /home/travis/build/icyphy/ptII/ptolemy/domains/continuous/test/auto/ContinuousInDE.xml (RunModel)" time="0.11" />
  <testcase classname="ptolemy.util.test.junit.AutoTests" name="[25] /home/travis/build/icyphy/ptII/ptolemy/domains/continuous/test/auto/ContinuousInDE2.xml (RunModel)" time="0.057" />
  <testcase classname="ptolemy.util.test.junit.AutoTests" name="[26] /home/travis/build/icyphy/ptII/ptolemy/domains/continuous/test/auto/ContinuousInDE3.xml (RunModel)" time="0.102" />
  <testcase classname="ptolemy.util.test.junit.AutoTests" name="[27] /home/travis/build/icyphy/ptII/ptolemy/domains/continuous/test/auto/ContinuousInDE4.xml (RunModel)" time="0.039" />
  <testcase classname="ptolemy.util.test.junit.AutoTests" name="[28] /home/travis/build/icyphy/ptII/ptolemy/domains/continuous/test/auto/ContinuousInDEDifferentRefinements.xml (RunModel)" time="0.12" />
  <testcase classname="ptolemy.util.test.junit.AutoTests" name="[29] /home/travis/build/icyphy/ptII/ptolemy/domains/continuous/test/auto/ContinuousInDEDifferentRefinementsPreemptive.xml (RunModel)" time="0.087" />
  <testcase classname="ptolemy.util.test.junit.AutoTests" name="[30] /home/travis/build/icyphy/ptII/ptolemy/domains/continuous/test/auto/ContinuousInDEInContinuous2.xml (RunModel)" time="0.059" />
  <testcase classname="ptolemy.util.test.junit.AutoTests" name="[31] /home/travis/build/icyphy/ptII/ptolemy/domains/continuous/test/auto/ContinuousInDEInContinuous3.xml (RunModel)" time="0.063" />
  <testcase classname="ptolemy.util.test.junit.AutoTests" name="[32] /home/travis/build/icyphy/ptII/ptolemy/domains/continuous/test/auto/ContinuousInDEInput.xml (RunModel)" time="0.036" />
  <testcase classname="ptolemy.util.test.junit.AutoTests" name="[33] /home/travis/build/icyphy/ptII/ptolemy/domains/continuous/test/auto/ContinuousInDEInput2.xml (RunModel)" time="0.034" />
  <testcase classname="ptolemy.util.test.junit.AutoTests" name="[34] /home/travis/build/icyphy/ptII/ptolemy/domains/continuous/test/auto/ContinuousInDEInput3.xml (RunModel)" time="0.032" />
  <testcase classname="ptolemy.util.test.junit.AutoTests" name="[35] /home/travis/build/icyphy/ptII/ptolemy/domains/continuous/test/auto/ContinuousInDESharingRefinement.xml (RunModel)" time="0.195" />
  <testcase classname="ptolemy.util.test.junit.AutoTests" name="[36] /home/travis/build/icyphy/ptII/ptolemy/domains/continuous/test/auto/ContinuousInDEwithNoPorts.xml (RunModel)" time="0.022" />
  <testcase classname="ptolemy.util.test.junit.AutoTests" name="[37] /home/travis/build/icyphy/ptII/ptolemy/domains/continuous/test/auto/ContinuousInsideDE.xml (RunModel)" time="0.086" />
  <testcase classname="ptolemy.util.test.junit.AutoTests" name="[38] /home/travis/build/icyphy/ptII/ptolemy/domains/continuous/test/auto/ContinuousMerge1.xml (RunModel)" time="0.017" />
  <testcase classname="ptolemy.util.test.junit.AutoTests" name="[39] /home/travis/build/icyphy/ptII/ptolemy/domains/continuous/test/auto/ContinuousMerge2.xml (RunModel)" time="0.05" />
  <testcase classname="ptolemy.util.test.junit.AutoTests" name="[40] /home/travis/build/icyphy/ptII/ptolemy/domains/continuous/test/auto/ContinuousMerge3.xml (RunModel)" time="0.072" />
  <testcase classname="ptolemy.util.test.junit.AutoTests" name="[41] /home/travis/build/icyphy/ptII/ptolemy/domains/continuous/test/auto/ContinuousWithinContinuous.xml (RunModel)" time="0.066" />
  <testcase classname="ptolemy.util.test.junit.AutoTests" name="[42] /home/travis/build/icyphy/ptII/ptolemy/domains/continuous/test/auto/ContinuousWithinContinuous2.xml (RunModel)" time="0.089" />
  <testcase classname="ptolemy.util.test.junit.AutoTests" name="[43] /home/travis/build/icyphy/ptII/ptolemy/domains/continuous/test/auto/ContinuousWithinContinuous3.xml (RunModel)" time="0.036" />
  <testcase classname="ptolemy.util.test.junit.AutoTests" name="[44] /home/travis/build/icyphy/ptII/ptolemy/domains/continuous/test/auto/ContinuousWithinContinuous4.xml (RunModel)" time="0.085" />
  <testcase classname="ptolemy.util.test.junit.AutoTests" name="[45] /home/travis/build/icyphy/ptII/ptolemy/domains/continuous/test/auto/ContinuousWithinContinuous5.xml (RunModel)" time="0.029" />
  <testcase classname="ptolemy.util.test.junit.AutoTests" name="[46] /home/travis/build/icyphy/ptII/ptolemy/domains/continuous/test/auto/ContinuousWithinContinuous6.xml (RunModel)" time="0.031" />
  <testcase classname="ptolemy.util.test.junit.AutoTests" name="[47] /home/travis/build/icyphy/ptII/ptolemy/domains/continuous/test/auto/ContinuousWithinContinuous7.xml (RunModel)" time="0.07" />
  <testcase classname="ptolemy.util.test.junit.AutoTests" name="[48] /home/travis/build/icyphy/ptII/ptolemy/domains/continuous/test/auto/DCMotor.xml (RunModel)" time="12.372" />
  <testcase classname="ptolemy.util.test.junit.AutoTests" name="[49] /home/travis/build/icyphy/ptII/ptolemy/domains/continuous/test/auto/DEInContinuous.xml (RunModel)" time="0.026" />
  <testcase classname="ptolemy.util.test.junit.AutoTests" name="[50] /home/travis/build/icyphy/ptII/ptolemy/domains/continuous/test/auto/DEinContinuous2.xml (RunModel)" time="0.048" />
  <testcase classname="ptolemy.util.test.junit.AutoTests" name="[51] /home/travis/build/icyphy/ptII/ptolemy/domains/continuous/test/auto/Derivative.xml (RunModel)" time="0.207" />
  <testcase classname="ptolemy.util.test.junit.AutoTests" name="[52] /home/travis/build/icyphy/ptII/ptolemy/domains/continuous/test/auto/Derivative1.xml (RunModel)" time="0.064" />
  <testcase classname="ptolemy.util.test.junit.AutoTests" name="[53] /home/travis/build/icyphy/ptII/ptolemy/domains/continuous/test/auto/DiscreteClock.xml (RunModel)" time="0.031" />
  <testcase classname="ptolemy.util.test.junit.AutoTests" name="[54] /home/travis/build/icyphy/ptII/ptolemy/domains/continuous/test/auto/EfficiencyCurve.xml (RunModel)" time="0.13" />
  <testcase classname="ptolemy.util.test.junit.AutoTests" name="[55] /home/travis/build/icyphy/ptII/ptolemy/domains/continuous/test/auto/ExponentialResponse.xml (RunModel)" time="0.117" />
  <testcase classname="ptolemy.util.test.junit.AutoTests" name="[56] /home/travis/build/icyphy/ptII/ptolemy/domains/continuous/test/auto/ExponentialResponseRK45.xml (RunModel)" time="0.032" />
  <testcase classname="ptolemy.util.test.junit.AutoTests" name="[57] /home/travis/build/icyphy/ptII/ptolemy/domains/continuous/test/auto/Friction.xml (RunModel)" time="1.492" />
  <testcase classname="ptolemy.util.test.junit.AutoTests" name="[58] /home/travis/build/icyphy/ptII/ptolemy/domains/continuous/test/auto/FurutaPendulum.xml (RunModel)" time="3.295" />
  <testcase classname="ptolemy.util.test.junit.AutoTests" name="[59] /home/travis/build/icyphy/ptII/ptolemy/domains/continuous/test/auto/HierarchicalExecution.xml (RunModel)" time="1.974" />
  <testcase classname="ptolemy.util.test.junit.AutoTests" name="[60] /home/travis/build/icyphy/ptII/ptolemy/domains/continuous/test/auto/HybridPlant.xml (RunModel)" time="0.612" />
  <testcase classname="ptolemy.util.test.junit.AutoTests" name="[61] /home/travis/build/icyphy/ptII/ptolemy/domains/continuous/test/auto/Hysteresis.xml (RunModel)" time="0.166" />
  <testcase classname="ptolemy.util.test.junit.AutoTests" name="[62] /home/travis/build/icyphy/ptII/ptolemy/domains/continuous/test/auto/HysteresisWithRandomDelay.xml (RunModel)" time="0.222" />
  <testcase classname="ptolemy.util.test.junit.AutoTests" name="[63] /home/travis/build/icyphy/ptII/ptolemy/domains/continuous/test/auto/HysteresisWithRandomLosses.xml (RunModel)" time="2.33" />
  <testcase classname="ptolemy.util.test.junit.AutoTests" name="[64] /home/travis/build/icyphy/ptII/ptolemy/domains/continuous/test/auto/ImmediateTransitions.xml (RunModel)" time="0.032" />
  <testcase classname="ptolemy.util.test.junit.AutoTests" name="[65] /home/travis/build/icyphy/ptII/ptolemy/domains/continuous/test/auto/ImpulseFeedback.xml (RunModel)" time="0.025" />
  <testcase classname="ptolemy.util.test.junit.AutoTests" name="[66] /home/travis/build/icyphy/ptII/ptolemy/domains/continuous/test/auto/ImpulseFeedback2.xml (RunModel)" time="0.026" />
  <testcase classname="ptolemy.util.test.junit.AutoTests" name="[67] /home/travis/build/icyphy/ptII/ptolemy/domains/continuous/test/auto/IncreasingRatePoisson.xml (RunModel)" time="0.696" />
  <testcase classname="ptolemy.util.test.junit.AutoTests" name="[68] /home/travis/build/icyphy/ptII/ptolemy/domains/continuous/test/auto/InitialStateFeedback.xml (RunModel)" time="0.012" />
  <testcase classname="ptolemy.util.test.junit.AutoTests" name="[69] /home/travis/build/icyphy/ptII/ptolemy/domains/continuous/test/auto/Integration.xml (RunModel)" time="0.01" />
  <testcase classname="ptolemy.util.test.junit.AutoTests" name="[70] /home/travis/build/icyphy/ptII/ptolemy/domains/continuous/test/auto/Integration2.xml (RunModel)" time="0.086" />
  <testcase classname="ptolemy.util.test.junit.AutoTests" name="[71] /home/travis/build/icyphy/ptII/ptolemy/domains/continuous/test/auto/Integration3.xml (RunModel)" time="0.014" />
  <testcase classname="ptolemy.util.test.junit.AutoTests" name="[72] /home/travis/build/icyphy/ptII/ptolemy/domains/continuous/test/auto/Integration5.xml (RunModel)" time="0.021" />
  <testcase classname="ptolemy.util.test.junit.AutoTests" name="[73] /home/travis/build/icyphy/ptII/ptolemy/domains/continuous/test/auto/IntegratorImpulse.xml (RunModel)" time="0.013" />
  <testcase classname="ptolemy.util.test.junit.AutoTests" name="[74] /home/travis/build/icyphy/ptII/ptolemy/domains/continuous/test/auto/IntegratorImpulse2.xml (RunModel)" time="0.012" />
  <testcase classname="ptolemy.util.test.junit.AutoTests" name="[75] /home/travis/build/icyphy/ptII/ptolemy/domains/continuous/test/auto/LevelCrossing1.xml (RunModel)" time="0.013" />
  <testcase classname="ptolemy.util.test.junit.AutoTests" name="[76] /home/travis/build/icyphy/ptII/ptolemy/domains/continuous/test/auto/LevelCrossing2.xml (RunModel)" time="0.022" />
  <testcase classname="ptolemy.util.test.junit.AutoTests" name="[77] /home/travis/build/icyphy/ptII/ptolemy/domains/continuous/test/auto/LevelCrossing3.xml (RunModel)" time="0.013" />
  <testcase classname="ptolemy.util.test.junit.AutoTests" name="[78] /home/travis/build/icyphy/ptII/ptolemy/domains/continuous/test/auto/LevelCrossing4.xml (RunModel)" time="0.013" />
  <testcase classname="ptolemy.util.test.junit.AutoTests" name="[79] /home/travis/build/icyphy/ptII/ptolemy/domains/continuous/test/auto/LevelCrossing5.xml (RunModel)" time="0.018" />
  <testcase classname="ptolemy.util.test.junit.AutoTests" name="[80] /home/travis/build/icyphy/ptII/ptolemy/domains/continuous/test/auto/LevelCrossing6.xml (RunModel)" time="0.026" />
  <testcase classname="ptolemy.util.test.junit.AutoTests" name="[81] /home/travis/build/icyphy/ptII/ptolemy/domains/continuous/test/auto/LevelCrossingDetector.xml (RunModel)" time="0.038" />
  <testcase classname="ptolemy.util.test.junit.AutoTests" name="[82] /home/travis/build/icyphy/ptII/ptolemy/domains/continuous/test/auto/LevelCrossingDetectorDetectingDirections.xml (RunModel)" time="0.089" />
  <testcase classname="ptolemy.util.test.junit.AutoTests" name="[83] /home/travis/build/icyphy/ptII/ptolemy/domains/continuous/test/auto/LevelCrossingDetectorDetectsGlitches.xml (RunModel)" time="0.062" />
  <testcase classname="ptolemy.util.test.junit.AutoTests" name="[84] /home/travis/build/icyphy/ptII/ptolemy/domains/continuous/test/auto/LevelCrossingNoInitialOuput.xml (RunModel)" time="0.013" />
  <testcase classname="ptolemy.util.test.junit.AutoTests" name="[85] /home/travis/build/icyphy/ptII/ptolemy/domains/continuous/test/auto/LinearStateSpaceExample.xml (RunModel)" time="0.048" />
  <testcase classname="ptolemy.util.test.junit.AutoTests" name="[86] /home/travis/build/icyphy/ptII/ptolemy/domains/continuous/test/auto/Lorenz.xml (RunModel)" time="3.977" />
  <testcase classname="ptolemy.util.test.junit.AutoTests" name="[87] /home/travis/build/icyphy/ptII/ptolemy/domains/continuous/test/auto/LorenzDifferentialSystem.xml (RunModel)" time="1.11" />
  <testcase classname="ptolemy.util.test.junit.AutoTests" name="[88] /home/travis/build/icyphy/ptII/ptolemy/domains/continuous/test/auto/LorenzDifferentialSystemWithInput.xml (RunModel)" time="1.383" />
  <testcase classname="ptolemy.util.test.junit.AutoTests" name="[89] /home/travis/build/icyphy/ptII/ptolemy/domains/continuous/test/auto/LorenzDifferentialSystemWithTime.xml (RunModel)" time="0.729" />
  <testcase classname="ptolemy.util.test.junit.AutoTests" name="[90] /home/travis/build/icyphy/ptII/ptolemy/domains/continuous/test/auto/Microsteps.xml (RunModel)" time="0.03" />
  <testcase classname="ptolemy.util.test.junit.AutoTests" name="[91] /home/travis/build/icyphy/ptII/ptolemy/domains/continuous/test/auto/Modal1.xml (RunModel)" time="0.044" />
  <testcase classname="ptolemy.util.test.junit.AutoTests" name="[92] /home/travis/build/icyphy/ptII/ptolemy/domains/continuous/test/auto/Modal2.xml (RunModel)" time="0.049" />
  <testcase classname="ptolemy.util.test.junit.AutoTests" name="[93] /home/travis/build/icyphy/ptII/ptolemy/domains/continuous/test/auto/ModalTransitionGuardWithReset.xml (RunModel)" time="0.027" />
  <testcase classname="ptolemy.util.test.junit.AutoTests" name="[94] /home/travis/build/icyphy/ptII/ptolemy/domains/continuous/test/auto/ModalTransitionGuardWithResetUsingPreemptiveTransition.xml (RunModel)" time="0.024" />
  <testcase classname="ptolemy.util.test.junit.AutoTests" name="[95] /home/travis/build/icyphy/ptII/ptolemy/domains/continuous/test/auto/ModalTransitionGuardWithResetUsingPreemptiveTransition2.xml (RunModel)" time="0.029" />
  <testcase classname="ptolemy.util.test.junit.AutoTests" name="[96] /home/travis/build/icyphy/ptII/ptolemy/domains/continuous/test/auto/ModalTransitionGuardWithResetUsingPreemptiveTransition3.xml (RunModel)" time="0.027" />
  <testcase classname="ptolemy.util.test.junit.AutoTests" name="[97] /home/travis/build/icyphy/ptII/ptolemy/domains/continuous/test/auto/NewtonsCradle.xml (RunModel)" time="0.653" />
  <testcase classname="ptolemy.util.test.junit.AutoTests" name="[98] /home/travis/build/icyphy/ptII/ptolemy/domains/continuous/test/auto/NewtonsCradleAnimated.xml (RunModel)" time="1.134" />
  <testcase classname="ptolemy.util.test.junit.AutoTests" name="[99] /home/travis/build/icyphy/ptII/ptolemy/domains/continuous/test/auto/NewtonsCradleComplicated.xml (RunModel)" time="0.934" />
  <testcase classname="ptolemy.util.test.junit.AutoTests" name="[100] /home/travis/build/icyphy/ptII/ptolemy/domains/continuous/test/auto/NewtonsCradleNondeterministic.xml (RunModel)" time="0.622" />
  <testcase classname="ptolemy.util.test.junit.AutoTests" name="[101] /home/travis/build/icyphy/ptII/ptolemy/domains/continuous/test/auto/NewtonsCradlePerfectlyInelastic1.xml (RunModel)" time="1.264" />
  <testcase classname="ptolemy.util.test.junit.AutoTests" name="[102] /home/travis/build/icyphy/ptII/ptolemy/domains/continuous/test/auto/Noise.xml (RunModel)" time="0.176" />
  <testcase classname="ptolemy.util.test.junit.AutoTests" name="[103] /home/travis/build/icyphy/ptII/ptolemy/domains/continuous/test/auto/NoiseSpectrum.xml (RunModel)" time="0.757" />
  <testcase classname="ptolemy.util.test.junit.AutoTests" name="[104] /home/travis/build/icyphy/ptII/ptolemy/domains/continuous/test/auto/ParameterizedNewtonsCradleAnimated.xml (RunModel)" time="0.383" />
  <testcase classname="ptolemy.util.test.junit.AutoTests" name="[105] /home/travis/build/icyphy/ptII/ptolemy/domains/continuous/test/auto/ParameterizedNewtonsCradleAnimatedNondeterministic.xml (RunModel)" time="1.152" />
  <testcase classname="ptolemy.util.test.junit.AutoTests" name="[106] /home/travis/build/icyphy/ptII/ptolemy/domains/continuous/test/auto/Pendulum3D.xml (RunModel)" time="0.173" />
  <testcase classname="ptolemy.util.test.junit.AutoTests" name="[107] /home/travis/build/icyphy/ptII/ptolemy/domains/continuous/test/auto/PeriodicSampler.xml (RunModel)" time="0.011" />
  <testcase classname="ptolemy.util.test.junit.AutoTests" name="[108] /home/travis/build/icyphy/ptII/ptolemy/domains/continuous/test/auto/PeriodicSampler1.xml (RunModel)" time="0.049" />
  <testcase classname="ptolemy.util.test.junit.AutoTests" name="[109] /home/travis/build/icyphy/ptII/ptolemy/domains/continuous/test/auto/PeriodicSampler2.xml (RunModel)" time="0.067" />
  <testcase classname="ptolemy.util.test.junit.AutoTests" name="[110] /home/travis/build/icyphy/ptII/ptolemy/domains/continuous/test/auto/Poisson.xml (RunModel)" time="0.471" />
  <testcase classname="ptolemy.util.test.junit.AutoTests" name="[111] /home/travis/build/icyphy/ptII/ptolemy/domains/continuous/test/auto/PoissonClock.xml (RunModel)" time="0.013" />
  <testcase classname="ptolemy.util.test.junit.AutoTests" name="[112] /home/travis/build/icyphy/ptII/ptolemy/domains/continuous/test/auto/PoissonClock2.xml (RunModel)" time="0.011" />
  <testcase classname="ptolemy.util.test.junit.AutoTests" name="[113] /home/travis/build/icyphy/ptII/ptolemy/domains/continuous/test/auto/PortParameterHierarchy.xml (RunModel)" time="0.015" />
  <testcase classname="ptolemy.util.test.junit.AutoTests" name="[114] /home/travis/build/icyphy/ptII/ptolemy/domains/continuous/test/auto/RandomHybridPlant.xml (RunModel)" time="0.509" />
  <testcase classname="ptolemy.util.test.junit.AutoTests" name="[115] /home/travis/build/icyphy/ptII/ptolemy/domains/continuous/test/auto/ResetTransitionWithStartTime1.xml (RunModel)" time="0.025" />
  <testcase classname="ptolemy.util.test.junit.AutoTests" name="[116] /home/travis/build/icyphy/ptII/ptolemy/domains/continuous/test/auto/ResetTransitionWithStartTime2.xml (RunModel)" time="0.036" />
  <testcase classname="ptolemy.util.test.junit.AutoTests" name="[117] /home/travis/build/icyphy/ptII/ptolemy/domains/continuous/test/auto/ResetTransitionWithStartTime3.xml (RunModel)" time="0.039" />
  <testcase classname="ptolemy.util.test.junit.AutoTests" name="[118] /home/travis/build/icyphy/ptII/ptolemy/domains/continuous/test/auto/ResetTransitionWithStartTime4.xml (RunModel)" time="0.023" />
  <testcase classname="ptolemy.util.test.junit.AutoTests" name="[119] /home/travis/build/icyphy/ptII/ptolemy/domains/continuous/test/auto/ResetTransitionWithStartTime5.xml (RunModel)" time="0.031" />
  <testcase classname="ptolemy.util.test.junit.AutoTests" name="[120] /home/travis/build/icyphy/ptII/ptolemy/domains/continuous/test/auto/ResetTransitionWithStartTime6.xml (RunModel)" time="0.028" />
  <testcase classname="ptolemy.util.test.junit.AutoTests" name="[121] /home/travis/build/icyphy/ptII/ptolemy/domains/continuous/test/auto/SRinContinuous.xml (RunModel)" time="0.023" />
  <testcase classname="ptolemy.util.test.junit.AutoTests" name="[122] /home/travis/build/icyphy/ptII/ptolemy/domains/continuous/test/auto/SampledClocks.xml (RunModel)" time="0.023" />
  <testcase classname="ptolemy.util.test.junit.AutoTests" name="[123] /home/travis/build/icyphy/ptII/ptolemy/domains/continuous/test/auto/Satellite.xml (RunModel)" time="0.779" />
  <testcase classname="ptolemy.util.test.junit.AutoTests" name="[124] /home/travis/build/icyphy/ptII/ptolemy/domains/continuous/test/auto/SigmaDelta.xml (RunModel)" time="2.54" />
  <testcase classname="ptolemy.util.test.junit.AutoTests" name="[125] /home/travis/build/icyphy/ptII/ptolemy/domains/continuous/test/auto/SingleRefinement.xml (RunModel)" time="0.546" />
  <testcase classname="ptolemy.util.test.junit.AutoTests" name="[126] /home/travis/build/icyphy/ptII/ptolemy/domains/continuous/test/auto/SinuBouncingBall.xml (RunModel)" time="0.84" />
  <testcase classname="ptolemy.util.test.junit.AutoTests" name="[127] /home/travis/build/icyphy/ptII/ptolemy/domains/continuous/test/auto/Sinusoid.xml (RunModel)" time="0.017" />
  <testcase classname="ptolemy.util.test.junit.AutoTests" name="[128] /home/travis/build/icyphy/ptII/ptolemy/domains/continuous/test/auto/SinusoidInNoise.xml (RunModel)" time="0.963" />
  <testcase classname="ptolemy.util.test.junit.AutoTests" name="[129] /home/travis/build/icyphy/ptII/ptolemy/domains/continuous/test/auto/SinusoidRK45.xml (RunModel)" time="0.011" />
  <testcase classname="ptolemy.util.test.junit.AutoTests" name="[130] /home/travis/build/icyphy/ptII/ptolemy/domains/continuous/test/auto/SinusoidWithMultipleImpulses.xml (RunModel)" time="0.011" />
  <testcase classname="ptolemy.util.test.junit.AutoTests" name="[131] /home/travis/build/icyphy/ptII/ptolemy/domains/continuous/test/auto/SquareWave.xml (RunModel)" time="0.191" />
  <testcase classname="ptolemy.util.test.junit.AutoTests" name="[132] /home/travis/build/icyphy/ptII/ptolemy/domains/continuous/test/auto/Starmac.xml (RunModel)" time="3.427" />
  <testcase classname="ptolemy.util.test.junit.AutoTests" name="[133] /home/travis/build/icyphy/ptII/ptolemy/domains/continuous/test/auto/StaticUnits.xml (RunModel)" time="2.389" />
  <testcase classname="ptolemy.util.test.junit.AutoTests" name="[134] /home/travis/build/icyphy/ptII/ptolemy/domains/continuous/test/auto/StickyMasses.xml (RunModel)" time="0.188" />
  <testcase classname="ptolemy.util.test.junit.AutoTests" name="[135] /home/travis/build/icyphy/ptII/ptolemy/domains/continuous/test/auto/StopTime.xml (RunModel)" time="0.058" />
  <testcase classname="ptolemy.util.test.junit.AutoTests" name="[136] /home/travis/build/icyphy/ptII/ptolemy/domains/continuous/test/auto/StopTime2.xml (RunModel)" time="0.05" />
  <testcase classname="ptolemy.util.test.junit.AutoTests" name="[137] /home/travis/build/icyphy/ptII/ptolemy/domains/continuous/test/auto/Switch.xml (RunModel)" time="0.065" />
  <testcase classname="ptolemy.util.test.junit.AutoTests" name="[138] /home/travis/build/icyphy/ptII/ptolemy/domains/continuous/test/auto/Thermostat.xml (RunModel)" time="0.221" />
  <testcase classname="ptolemy.util.test.junit.AutoTests" name="[139] /home/travis/build/icyphy/ptII/ptolemy/domains/continuous/test/auto/TimeDelay.xml (RunModel)" time="0.013" />
  <testcase classname="ptolemy.util.test.junit.AutoTests" name="[140] /home/travis/build/icyphy/ptII/ptolemy/domains/continuous/test/auto/TimeDelay2.xml (RunModel)" time="0.018" />
  <testcase classname="ptolemy.util.test.junit.AutoTests" name="[141] /home/travis/build/icyphy/ptII/ptolemy/domains/continuous/test/auto/TimeDelay3.xml (RunModel)" time="0.01" />
  <testcase classname="ptolemy.util.test.junit.AutoTests" name="[142] /home/travis/build/icyphy/ptII/ptolemy/domains/continuous/test/auto/TransferAbsentToInside.xml (RunModel)" time="0.114" />
  <testcase classname="ptolemy.util.test.junit.AutoTests" name="[143] /home/travis/build/icyphy/ptII/ptolemy/domains/continuous/test/auto/Transmission.xml (RunModel)" time="0.739" />
  <testcase classname="ptolemy.util.test.junit.AutoTests" name="[144] /home/travis/build/icyphy/ptII/ptolemy/domains/continuous/test/auto/TriggeredContinuousClock.xml (RunModel)" time="0.085" />
  <testcase classname="ptolemy.util.test.junit.AutoTests" name="[145] /home/travis/build/icyphy/ptII/ptolemy/domains/continuous/test/auto/TwoMachineInfiniteBusControl.xml (RunModel)" time="2.98" />
  <testcase classname="ptolemy.util.test.junit.AutoTests" name="[146] /home/travis/build/icyphy/ptII/ptolemy/domains/continuous/test/auto/V2V.xml (RunModel)" time="0.8" />
  <testcase classname="ptolemy.util.test.junit.AutoTests" name="[147] /home/travis/build/icyphy/ptII/ptolemy/domains/continuous/test/auto/hierarchicalModalModel.xml (RunModel)" time="0.031" />
  <testcase classname="ptolemy.util.test.junit.AutoTests" name="[148] /home/travis/build/icyphy/ptII/ptolemy/domains/continuous/test/auto/hierarchicalModalModel1.xml (RunModel)" time="0.029" />
  <testcase classname="ptolemy.util.test.junit.AutoTests" name="[149] /home/travis/build/icyphy/ptII/ptolemy/domains/continuous/test/auto/hierarchicalModalModel2.xml (RunModel)" time="0.027" />
  <testcase classname="ptolemy.util.test.junit.AutoTests" name="[150] /home/travis/build/icyphy/ptII/ptolemy/domains/continuous/test/auto/hierarchicalModalModel3.xml (RunModel)" time="0.024" />
  <testcase classname="ptolemy.util.test.junit.AutoTests" name="[151] /home/travis/build/icyphy/ptII/ptolemy/domains/continuous/test/auto/hierarchicalModalModel4.xml (RunModel)" time="0.026" />
  <testcase classname="ptolemy.util.test.junit.AutoTests" name="[152] /home/travis/build/icyphy/ptII/ptolemy/domains/continuous/test/auto/junk.xml (RunModel)" time="0.158" />
  <system-out><![CDATA[No tcl tests in /home/travis/build/icyphy/ptII/ptolemy/domains/continuous/test
No auto/knownFailedTests/*.xml tests in /home/travis/build/icyphy/ptII/ptolemy/domains/continuous/test
No auto/linux-amd64/*.xml tests in /home/travis/build/icyphy/ptII/ptolemy/domains/continuous/test
AutoTests.java: About to close Vertx.
AutoTests.java: Vertx closed.

===========================================================================================
----------------- testing Fri Apr 05 03:55:24 UTC 2019 /home/travis/build/icyphy/ptII/ptolemy/domains/continuous/test/auto/BouncingBall.xml
----------------- Instantiating /home/travis/build/icyphy/ptII/ptolemy/domains/continuous/test/auto/BouncingBall.xml
2271 ms. Memory: 331776K Free: 267225K (81%)
----------------- Invoking toplevel() on ptolemy.moml.MoMLSimpleApplication@775bc7e1
----------------- Done invoking toplevel() on ptolemy.moml.MoMLSimpleApplication@775bc7e1
reloadAllAccessors: .BouncingBall

===========================================================================================
----------------- testing Fri Apr 05 03:55:27 UTC 2019 /home/travis/build/icyphy/ptII/ptolemy/domains/continuous/test/auto/BouncingBallWithoutGR.xml
----------------- Instantiating /home/travis/build/icyphy/ptII/ptolemy/domains/continuous/test/auto/BouncingBallWithoutGR.xml
758 ms. Memory: 331776K Free: 323785K (98%)
----------------- Invoking toplevel() on ptolemy.moml.MoMLSimpleApplication@39fb9114
----------------- Done invoking toplevel() on ptolemy.moml.MoMLSimpleApplication@39fb9114
reloadAllAccessors: .BouncingBallWithoutGR

===========================================================================================
----------------- testing Fri Apr 05 03:55:28 UTC 2019 /home/travis/build/icyphy/ptII/ptolemy/domains/continuous/test/auto/Brownian.xml
----------------- Instantiating /home/travis/build/icyphy/ptII/ptolemy/domains/continuous/test/auto/Brownian.xml
30 ms. Memory: 331776K Free: 310131K (93%)
----------------- Invoking toplevel() on ptolemy.moml.MoMLSimpleApplication@665f3f49
----------------- Done invoking toplevel() on ptolemy.moml.MoMLSimpleApplication@665f3f49
reloadAllAccessors: .Brownian

===========================================================================================
----------------- testing Fri Apr 05 03:55:28 UTC 2019 /home/travis/build/icyphy/ptII/ptolemy/domains/continuous/test/auto/CarTracking.xml
----------------- Instantiating /home/travis/build/icyphy/ptII/ptolemy/domains/continuous/test/auto/CarTracking.xml
3310 ms. Memory: 578560K Free: 470685K (81%)
----------------- Invoking toplevel() on ptolemy.moml.MoMLSimpleApplication@7edde94c
----------------- Done invoking toplevel() on ptolemy.moml.MoMLSimpleApplication@7edde94c
reloadAllAccessors: .CarTracking

===========================================================================================
----------------- testing Fri Apr 05 03:55:32 UTC 2019 /home/travis/build/icyphy/ptII/ptolemy/domains/continuous/test/auto/CartPendulum.xml
----------------- Instantiating /home/travis/build/icyphy/ptII/ptolemy/domains/continuous/test/auto/CartPendulum.xml
378 ms. Memory: 578560K Free: 366417K (63%)
----------------- Invoking toplevel() on ptolemy.moml.MoMLSimpleApplication@510e405
----------------- Done invoking toplevel() on ptolemy.moml.MoMLSimpleApplication@510e405
reloadAllAccessors: .CartPendulum

===========================================================================================
----------------- testing Fri Apr 05 03:55:32 UTC 2019 /home/travis/build/icyphy/ptII/ptolemy/domains/continuous/test/auto/CausalityInterface10.xml
----------------- Instantiating /home/travis/build/icyphy/ptII/ptolemy/domains/continuous/test/auto/CausalityInterface10.xml
8 ms. Memory: 578560K Free: 353293K (61%)
----------------- Invoking toplevel() on ptolemy.moml.MoMLSimpleApplication@581ce138
----------------- Done invoking toplevel() on ptolemy.moml.MoMLSimpleApplication@581ce138
reloadAllAccessors: .CausalityInterface10

===========================================================================================
----------------- testing Fri Apr 05 03:55:32 UTC 2019 /home/travis/build/icyphy/ptII/ptolemy/domains/continuous/test/auto/CausalityInterface11.xml
----------------- Instantiating /home/travis/build/icyphy/ptII/ptolemy/domains/continuous/test/auto/CausalityInterface11.xml
9 ms. Memory: 578560K Free: 343463K (59%)
----------------- Invoking toplevel() on ptolemy.moml.MoMLSimpleApplication@702571bf
----------------- Done invoking toplevel() on ptolemy.moml.MoMLSimpleApplication@702571bf
reloadAllAccessors: .CausalityInterface11

===========================================================================================
----------------- testing Fri Apr 05 03:55:32 UTC 2019 /home/travis/build/icyphy/ptII/ptolemy/domains/continuous/test/auto/CausalityInterface12.xml
----------------- Instantiating /home/travis/build/icyphy/ptII/ptolemy/domains/continuous/test/auto/CausalityInterface12.xml
11 ms. Memory: 578560K Free: 330764K (57%)
----------------- Invoking toplevel() on ptolemy.moml.MoMLSimpleApplication@97654e1
----------------- Done invoking toplevel() on ptolemy.moml.MoMLSimpleApplication@97654e1
reloadAllAccessors: .CausalityInterface12

===========================================================================================
----------------- testing Fri Apr 05 03:55:32 UTC 2019 /home/travis/build/icyphy/ptII/ptolemy/domains/continuous/test/auto/CausalityInterface13.xml
----------------- Instantiating /home/travis/build/icyphy/ptII/ptolemy/domains/continuous/test/auto/CausalityInterface13.xml
4 ms. Memory: 578560K Free: 320917K (55%)
----------------- Invoking toplevel() on ptolemy.moml.MoMLSimpleApplication@2bdaa35e
----------------- Done invoking toplevel() on ptolemy.moml.MoMLSimpleApplication@2bdaa35e
reloadAllAccessors: .CausalityInterface13

===========================================================================================
----------------- testing Fri Apr 05 03:55:32 UTC 2019 /home/travis/build/icyphy/ptII/ptolemy/domains/continuous/test/auto/CausalityInterface14.xml
----------------- Instantiating /home/travis/build/icyphy/ptII/ptolemy/domains/continuous/test/auto/CausalityInterface14.xml
4 ms. Memory: 578560K Free: 311070K (54%)
----------------- Invoking toplevel() on ptolemy.moml.MoMLSimpleApplication@36a07072
----------------- Done invoking toplevel() on ptolemy.moml.MoMLSimpleApplication@36a07072
reloadAllAccessors: .CausalityInterface14

===========================================================================================
----------------- testing Fri Apr 05 03:55:32 UTC 2019 /home/travis/build/icyphy/ptII/ptolemy/domains/continuous/test/auto/CausalityInterface4.xml
----------------- Instantiating /home/travis/build/icyphy/ptII/ptolemy/domains/continuous/test/auto/CausalityInterface4.xml
6 ms. Memory: 578560K Free: 291409K (50%)
----------------- Invoking toplevel() on ptolemy.moml.MoMLSimpleApplication@1efb7407
----------------- Done invoking toplevel() on ptolemy.moml.MoMLSimpleApplication@1efb7407
reloadAllAccessors: .CausalityInterface4

===========================================================================================
----------------- testing Fri Apr 05 03:55:32 UTC 2019 /home/travis/build/icyphy/ptII/ptolemy/domains/continuous/test/auto/CausalityInterface5.xml
----------------- Instantiating /home/travis/build/icyphy/ptII/ptolemy/domains/continuous/test/auto/CausalityInterface5.xml
16 ms. Memory: 578560K Free: 275425K (48%)
----------------- Invoking toplevel() on ptolemy.moml.MoMLSimpleApplication@25cad1fc
----------------- Done invoking toplevel() on ptolemy.moml.MoMLSimpleApplication@25cad1fc
reloadAllAccessors: .CausalityInterface5

===========================================================================================
----------------- testing Fri Apr 05 03:55:32 UTC 2019 /home/travis/build/icyphy/ptII/ptolemy/domains/continuous/test/auto/CausalityInterface6.xml
----------------- Instantiating /home/travis/build/icyphy/ptII/ptolemy/domains/continuous/test/auto/CausalityInterface6.xml
8 ms. Memory: 578560K Free: 265586K (46%)
----------------- Invoking toplevel() on ptolemy.moml.MoMLSimpleApplication@4e4f7b41
----------------- Done invoking toplevel() on ptolemy.moml.MoMLSimpleApplication@4e4f7b41
reloadAllAccessors: .CausalityInterface6

===========================================================================================
----------------- testing Fri Apr 05 03:55:33 UTC 2019 /home/travis/build/icyphy/ptII/ptolemy/domains/continuous/test/auto/CausalityInterface7.xml
----------------- Instantiating /home/travis/build/icyphy/ptII/ptolemy/domains/continuous/test/auto/CausalityInterface7.xml
15 ms. Memory: 578560K Free: 252479K (44%)
----------------- Invoking toplevel() on ptolemy.moml.MoMLSimpleApplication@71d64bd8
----------------- Done invoking toplevel() on ptolemy.moml.MoMLSimpleApplication@71d64bd8
reloadAllAccessors: .CausalityInterface7

===========================================================================================
----------------- testing Fri Apr 05 03:55:33 UTC 2019 /home/travis/build/icyphy/ptII/ptolemy/domains/continuous/test/auto/CausalityInterface8.xml
----------------- Instantiating /home/travis/build/icyphy/ptII/ptolemy/domains/continuous/test/auto/CausalityInterface8.xml
6 ms. Memory: 578560K Free: 239339K (41%)
----------------- Invoking toplevel() on ptolemy.moml.MoMLSimpleApplication@28533ff0
----------------- Done invoking toplevel() on ptolemy.moml.MoMLSimpleApplication@28533ff0
reloadAllAccessors: .CausalityInterface8

===========================================================================================
----------------- testing Fri Apr 05 03:55:33 UTC 2019 /home/travis/build/icyphy/ptII/ptolemy/domains/continuous/test/auto/CausalityInterface9.xml
----------------- Instantiating /home/travis/build/icyphy/ptII/ptolemy/domains/continuous/test/auto/CausalityInterface9.xml
4 ms. Memory: 578560K Free: 223363K (39%)
----------------- Invoking toplevel() on ptolemy.moml.MoMLSimpleApplication@65527bb4
----------------- Done invoking toplevel() on ptolemy.moml.MoMLSimpleApplication@65527bb4
reloadAllAccessors: .CausalityInterface9

===========================================================================================
----------------- testing Fri Apr 05 03:55:33 UTC 2019 /home/travis/build/icyphy/ptII/ptolemy/domains/continuous/test/auto/CausalityInterfaceFeedback1.xml
----------------- Instantiating /home/travis/build/icyphy/ptII/ptolemy/domains/continuous/test/auto/CausalityInterfaceFeedback1.xml
7 ms. Memory: 578560K Free: 213525K (37%)
----------------- Invoking toplevel() on ptolemy.moml.MoMLSimpleApplication@30eb0694
----------------- Done invoking toplevel() on ptolemy.moml.MoMLSimpleApplication@30eb0694
reloadAllAccessors: .CausalityInterfaceFeedback1

===========================================================================================
----------------- testing Fri Apr 05 03:55:33 UTC 2019 /home/travis/build/icyphy/ptII/ptolemy/domains/continuous/test/auto/CausalityInterfaceFeedback2.xml
----------------- Instantiating /home/travis/build/icyphy/ptII/ptolemy/domains/continuous/test/auto/CausalityInterfaceFeedback2.xml
6 ms. Memory: 578560K Free: 203678K (35%)
----------------- Invoking toplevel() on ptolemy.moml.MoMLSimpleApplication@4a0a2181
----------------- Done invoking toplevel() on ptolemy.moml.MoMLSimpleApplication@4a0a2181
reloadAllAccessors: .CausalityInterfaceFeedback2

===========================================================================================
----------------- testing Fri Apr 05 03:55:33 UTC 2019 /home/travis/build/icyphy/ptII/ptolemy/domains/continuous/test/auto/CompareWithCurrentTime.xml
----------------- Instantiating /home/travis/build/icyphy/ptII/ptolemy/domains/continuous/test/auto/CompareWithCurrentTime.xml
3 ms. Memory: 578560K Free: 194272K (34%)
----------------- Invoking toplevel() on ptolemy.moml.MoMLSimpleApplication@35774d38
----------------- Done invoking toplevel() on ptolemy.moml.MoMLSimpleApplication@35774d38
reloadAllAccessors: .CompareWithCurrentTime

===========================================================================================
----------------- testing Fri Apr 05 03:55:33 UTC 2019 /home/travis/build/icyphy/ptII/ptolemy/domains/continuous/test/auto/ComparedClocks.xml
----------------- Instantiating /home/travis/build/icyphy/ptII/ptolemy/domains/continuous/test/auto/ComparedClocks.xml
11 ms. Memory: 578560K Free: 174595K (30%)
----------------- Invoking toplevel() on ptolemy.moml.MoMLSimpleApplication@164cf6ec
----------------- Done invoking toplevel() on ptolemy.moml.MoMLSimpleApplication@164cf6ec
reloadAllAccessors: .ComparedClocks

===========================================================================================
----------------- testing Fri Apr 05 03:55:33 UTC 2019 /home/travis/build/icyphy/ptII/ptolemy/domains/continuous/test/auto/ContinuousAOCClone.xml
----------------- Instantiating /home/travis/build/icyphy/ptII/ptolemy/domains/continuous/test/auto/ContinuousAOCClone.xml
2547 ms. Memory: 872960K Free: 430869K (49%)
----------------- Invoking toplevel() on ptolemy.moml.MoMLSimpleApplication@53c91e1
----------------- Done invoking toplevel() on ptolemy.moml.MoMLSimpleApplication@53c91e1
reloadAllAccessors: .ContinuousAOCClone

===========================================================================================
----------------- testing Fri Apr 05 03:55:36 UTC 2019 /home/travis/build/icyphy/ptII/ptolemy/domains/continuous/test/auto/ContinuousClock.xml
----------------- Instantiating /home/travis/build/icyphy/ptII/ptolemy/domains/continuous/test/auto/ContinuousClock.xml
30 ms. Memory: 872960K Free: 396672K (45%)
----------------- Invoking toplevel() on ptolemy.moml.MoMLSimpleApplication@556ab7e1
----------------- Done invoking toplevel() on ptolemy.moml.MoMLSimpleApplication@556ab7e1
reloadAllAccessors: .ContinuousClock

===========================================================================================
----------------- testing Fri Apr 05 03:55:36 UTC 2019 /home/travis/build/icyphy/ptII/ptolemy/domains/continuous/test/auto/ContinuousInContinuous.xml
----------------- Instantiating /home/travis/build/icyphy/ptII/ptolemy/domains/continuous/test/auto/ContinuousInContinuous.xml
37 ms. Memory: 872960K Free: 369117K (42%)
----------------- Invoking toplevel() on ptolemy.moml.MoMLSimpleApplication@39cac8c1
----------------- Done invoking toplevel() on ptolemy.moml.MoMLSimpleApplication@39cac8c1
reloadAllAccessors: .ContinuousInContinuous

===========================================================================================
----------------- testing Fri Apr 05 03:55:36 UTC 2019 /home/travis/build/icyphy/ptII/ptolemy/domains/continuous/test/auto/ContinuousInContinuousInContinuous.xml
----------------- Instantiating /home/travis/build/icyphy/ptII/ptolemy/domains/continuous/test/auto/ContinuousInContinuousInContinuous.xml
9 ms. Memory: 872960K Free: 357312K (41%)
----------------- Invoking toplevel() on ptolemy.moml.MoMLSimpleApplication@23900605
----------------- Done invoking toplevel() on ptolemy.moml.MoMLSimpleApplication@23900605
reloadAllAccessors: .ContinuousInContinuousInContinuous

===========================================================================================
----------------- testing Fri Apr 05 03:55:36 UTC 2019 /home/travis/build/icyphy/ptII/ptolemy/domains/continuous/test/auto/ContinuousInDE.xml
----------------- Instantiating /home/travis/build/icyphy/ptII/ptolemy/domains/continuous/test/auto/ContinuousInDE.xml
84 ms. Memory: 872960K Free: 338501K (39%)
----------------- Invoking toplevel() on ptolemy.moml.MoMLSimpleApplication@11fc420a
----------------- Done invoking toplevel() on ptolemy.moml.MoMLSimpleApplication@11fc420a
reloadAllAccessors: .ContinuousInDE

===========================================================================================
----------------- testing Fri Apr 05 03:55:36 UTC 2019 /home/travis/build/icyphy/ptII/ptolemy/domains/continuous/test/auto/ContinuousInDE2.xml
----------------- Instantiating /home/travis/build/icyphy/ptII/ptolemy/domains/continuous/test/auto/ContinuousInDE2.xml
36 ms. Memory: 872960K Free: 326712K (37%)
----------------- Invoking toplevel() on ptolemy.moml.MoMLSimpleApplication@2ffabfc0
----------------- Done invoking toplevel() on ptolemy.moml.MoMLSimpleApplication@2ffabfc0
reloadAllAccessors: .ContinuousInDE2

===========================================================================================
----------------- testing Fri Apr 05 03:55:36 UTC 2019 /home/travis/build/icyphy/ptII/ptolemy/domains/continuous/test/auto/ContinuousInDE3.xml
----------------- Instantiating /home/travis/build/icyphy/ptII/ptolemy/domains/continuous/test/auto/ContinuousInDE3.xml
45 ms. Memory: 872960K Free: 314923K (36%)
----------------- Invoking toplevel() on ptolemy.moml.MoMLSimpleApplication@24422f4e
----------------- Done invoking toplevel() on ptolemy.moml.MoMLSimpleApplication@24422f4e
reloadAllAccessors: .ContinuousInDE3

===========================================================================================
----------------- testing Fri Apr 05 03:55:36 UTC 2019 /home/travis/build/icyphy/ptII/ptolemy/domains/continuous/test/auto/ContinuousInDE4.xml
----------------- Instantiating /home/travis/build/icyphy/ptII/ptolemy/domains/continuous/test/auto/ContinuousInDE4.xml
15 ms. Memory: 872960K Free: 307064K (35%)
----------------- Invoking toplevel() on ptolemy.moml.MoMLSimpleApplication@69d1b62b
----------------- Done invoking toplevel() on ptolemy.moml.MoMLSimpleApplication@69d1b62b
reloadAllAccessors: .ContinuousInDE4

===========================================================================================
----------------- testing Fri Apr 05 03:55:36 UTC 2019 /home/travis/build/icyphy/ptII/ptolemy/domains/continuous/test/auto/ContinuousInDEDifferentRefinements.xml
----------------- Instantiating /home/travis/build/icyphy/ptII/ptolemy/domains/continuous/test/auto/ContinuousInDEDifferentRefinements.xml
65 ms. Memory: 872960K Free: 268547K (31%)
----------------- Invoking toplevel() on ptolemy.moml.MoMLSimpleApplication@7b2e3805
----------------- Done invoking toplevel() on ptolemy.moml.MoMLSimpleApplication@7b2e3805
reloadAllAccessors: .ContinuousInDEDifferentRefinements

===========================================================================================
----------------- testing Fri Apr 05 03:55:36 UTC 2019 /home/travis/build/icyphy/ptII/ptolemy/domains/continuous/test/auto/ContinuousInDEDifferentRefinementsPreemptive.xml
----------------- Instantiating /home/travis/build/icyphy/ptII/ptolemy/domains/continuous/test/auto/ContinuousInDEDifferentRefinementsPreemptive.xml
45 ms. Memory: 872960K Free: 233093K (27%)
----------------- Invoking toplevel() on ptolemy.moml.MoMLSimpleApplication@6509846d
----------------- Done invoking toplevel() on ptolemy.moml.MoMLSimpleApplication@6509846d
reloadAllAccessors: .ContinuousInDEDifferentRefinementsPreemptive

===========================================================================================
----------------- testing Fri Apr 05 03:55:36 UTC 2019 /home/travis/build/icyphy/ptII/ptolemy/domains/continuous/test/auto/ContinuousInDEInContinuous2.xml
----------------- Instantiating /home/travis/build/icyphy/ptII/ptolemy/domains/continuous/test/auto/ContinuousInDEInContinuous2.xml
35 ms. Memory: 872960K Free: 217358K (25%)
----------------- Invoking toplevel() on ptolemy.moml.MoMLSimpleApplication@a8c674f
----------------- Done invoking toplevel() on ptolemy.moml.MoMLSimpleApplication@a8c674f
reloadAllAccessors: .ContinuousInDEInContinuous2

===========================================================================================
----------------- testing Fri Apr 05 03:55:36 UTC 2019 /home/travis/build/icyphy/ptII/ptolemy/domains/continuous/test/auto/ContinuousInDEInContinuous3.xml
----------------- Instantiating /home/travis/build/icyphy/ptII/ptolemy/domains/continuous/test/auto/ContinuousInDEInContinuous3.xml
37 ms. Memory: 872960K Free: 201624K (23%)
----------------- Invoking toplevel() on ptolemy.moml.MoMLSimpleApplication@39127d97
----------------- Done invoking toplevel() on ptolemy.moml.MoMLSimpleApplication@39127d97
reloadAllAccessors: .ContinuousInDEInContinuous3

===========================================================================================
----------------- testing Fri Apr 05 03:55:36 UTC 2019 /home/travis/build/icyphy/ptII/ptolemy/domains/continuous/test/auto/ContinuousInDEInput.xml
----------------- Instantiating /home/travis/build/icyphy/ptII/ptolemy/domains/continuous/test/auto/ContinuousInDEInput.xml
18 ms. Memory: 872960K Free: 186726K (21%)
----------------- Invoking toplevel() on ptolemy.moml.MoMLSimpleApplication@39986857
----------------- Done invoking toplevel() on ptolemy.moml.MoMLSimpleApplication@39986857
reloadAllAccessors: .ContinuousInDEInput

===========================================================================================
----------------- testing Fri Apr 05 03:55:36 UTC 2019 /home/travis/build/icyphy/ptII/ptolemy/domains/continuous/test/auto/ContinuousInDEInput2.xml
----------------- Instantiating /home/travis/build/icyphy/ptII/ptolemy/domains/continuous/test/auto/ContinuousInDEInput2.xml
15 ms. Memory: 872960K Free: 174938K (20%)
----------------- Invoking toplevel() on ptolemy.moml.MoMLSimpleApplication@51f36652
----------------- Done invoking toplevel() on ptolemy.moml.MoMLSimpleApplication@51f36652
reloadAllAccessors: .ContinuousInDEInput2

===========================================================================================
----------------- testing Fri Apr 05 03:55:37 UTC 2019 /home/travis/build/icyphy/ptII/ptolemy/domains/continuous/test/auto/ContinuousInDEInput3.xml
----------------- Instantiating /home/travis/build/icyphy/ptII/ptolemy/domains/continuous/test/auto/ContinuousInDEInput3.xml
14 ms. Memory: 872960K Free: 163133K (19%)
----------------- Invoking toplevel() on ptolemy.moml.MoMLSimpleApplication@63e1c8f
----------------- Done invoking toplevel() on ptolemy.moml.MoMLSimpleApplication@63e1c8f
reloadAllAccessors: .ContinuousInDEInput3

===========================================================================================
----------------- testing Fri Apr 05 03:55:37 UTC 2019 /home/travis/build/icyphy/ptII/ptolemy/domains/continuous/test/auto/ContinuousInDESharingRefinement.xml
----------------- Instantiating /home/travis/build/icyphy/ptII/ptolemy/domains/continuous/test/auto/ContinuousInDESharingRefinement.xml
163 ms. Memory: 873472K Free: 849844K (97%)
----------------- Invoking toplevel() on ptolemy.moml.MoMLSimpleApplication@62d4f444
----------------- Done invoking toplevel() on ptolemy.moml.MoMLSimpleApplication@62d4f444
reloadAllAccessors: .ContinuousInDESharingRefinement

===========================================================================================
----------------- testing Fri Apr 05 03:55:37 UTC 2019 /home/travis/build/icyphy/ptII/ptolemy/domains/continuous/test/auto/ContinuousInDEwithNoPorts.xml
----------------- Instantiating /home/travis/build/icyphy/ptII/ptolemy/domains/continuous/test/auto/ContinuousInDEwithNoPorts.xml
7 ms. Memory: 873472K Free: 837854K (96%)
----------------- Invoking toplevel() on ptolemy.moml.MoMLSimpleApplication@40c6a777
----------------- Done invoking toplevel() on ptolemy.moml.MoMLSimpleApplication@40c6a777
reloadAllAccessors: .ContinuousInDEwithNoPorts

===========================================================================================
----------------- testing Fri Apr 05 03:55:37 UTC 2019 /home/travis/build/icyphy/ptII/ptolemy/domains/continuous/test/auto/ContinuousInsideDE.xml
----------------- Instantiating /home/travis/build/icyphy/ptII/ptolemy/domains/continuous/test/auto/ContinuousInsideDE.xml
50 ms. Memory: 873472K Free: 818197K (94%)
----------------- Invoking toplevel() on ptolemy.moml.MoMLSimpleApplication@6cfeeb99
----------------- Done invoking toplevel() on ptolemy.moml.MoMLSimpleApplication@6cfeeb99
reloadAllAccessors: .ContinuousInsideDE

===========================================================================================
----------------- testing Fri Apr 05 03:55:37 UTC 2019 /home/travis/build/icyphy/ptII/ptolemy/domains/continuous/test/auto/ContinuousMerge1.xml
----------------- Instantiating /home/travis/build/icyphy/ptII/ptolemy/domains/continuous/test/auto/ContinuousMerge1.xml
3 ms. Memory: 873472K Free: 808250K (93%)
----------------- Invoking toplevel() on ptolemy.moml.MoMLSimpleApplication@3d08094b
----------------- Done invoking toplevel() on ptolemy.moml.MoMLSimpleApplication@3d08094b
reloadAllAccessors: .ContinuousMerge1

===========================================================================================
----------------- testing Fri Apr 05 03:55:37 UTC 2019 /home/travis/build/icyphy/ptII/ptolemy/domains/continuous/test/auto/ContinuousMerge2.xml
----------------- Instantiating /home/travis/build/icyphy/ptII/ptolemy/domains/continuous/test/auto/ContinuousMerge2.xml
16 ms. Memory: 873472K Free: 792345K (91%)
----------------- Invoking toplevel() on ptolemy.moml.MoMLSimpleApplication@79957445
----------------- Done invoking toplevel() on ptolemy.moml.MoMLSimpleApplication@79957445
reloadAllAccessors: .ContinuousMerge2

===========================================================================================
----------------- testing Fri Apr 05 03:55:37 UTC 2019 /home/travis/build/icyphy/ptII/ptolemy/domains/continuous/test/auto/ContinuousMerge3.xml
----------------- Instantiating /home/travis/build/icyphy/ptII/ptolemy/domains/continuous/test/auto/ContinuousMerge3.xml
44 ms. Memory: 873472K Free: 776626K (89%)
----------------- Invoking toplevel() on ptolemy.moml.MoMLSimpleApplication@338fb337
----------------- Done invoking toplevel() on ptolemy.moml.MoMLSimpleApplication@338fb337
reloadAllAccessors: .ContinuousMerge3

===========================================================================================
----------------- testing Fri Apr 05 03:55:37 UTC 2019 /home/travis/build/icyphy/ptII/ptolemy/domains/continuous/test/auto/ContinuousWithinContinuous.xml
----------------- Instantiating /home/travis/build/icyphy/ptII/ptolemy/domains/continuous/test/auto/ContinuousWithinContinuous.xml
40 ms. Memory: 873472K Free: 758803K (87%)
----------------- Invoking toplevel() on ptolemy.moml.MoMLSimpleApplication@37c46087
----------------- Done invoking toplevel() on ptolemy.moml.MoMLSimpleApplication@37c46087
reloadAllAccessors: .ContinuousWithinContinuous

===========================================================================================
----------------- testing Fri Apr 05 03:55:37 UTC 2019 /home/travis/build/icyphy/ptII/ptolemy/domains/continuous/test/auto/ContinuousWithinContinuous2.xml
----------------- Instantiating /home/travis/build/icyphy/ptII/ptolemy/domains/continuous/test/auto/ContinuousWithinContinuous2.xml
68 ms. Memory: 873472K Free: 747015K (86%)
----------------- Invoking toplevel() on ptolemy.moml.MoMLSimpleApplication@1c49cd4a
----------------- Done invoking toplevel() on ptolemy.moml.MoMLSimpleApplication@1c49cd4a
reloadAllAccessors: .ContinuousWithinContinuous2

===========================================================================================
----------------- testing Fri Apr 05 03:55:37 UTC 2019 /home/travis/build/icyphy/ptII/ptolemy/domains/continuous/test/auto/ContinuousWithinContinuous3.xml
----------------- Instantiating /home/travis/build/icyphy/ptII/ptolemy/domains/continuous/test/auto/ContinuousWithinContinuous3.xml
17 ms. Memory: 873472K Free: 733122K (84%)
----------------- Invoking toplevel() on ptolemy.moml.MoMLSimpleApplication@16196013
----------------- Done invoking toplevel() on ptolemy.moml.MoMLSimpleApplication@16196013
reloadAllAccessors: .ContinuousWithinContinuous3

===========================================================================================
----------------- testing Fri Apr 05 03:55:37 UTC 2019 /home/travis/build/icyphy/ptII/ptolemy/domains/continuous/test/auto/ContinuousWithinContinuous4.xml
----------------- Instantiating /home/travis/build/icyphy/ptII/ptolemy/domains/continuous/test/auto/ContinuousWithinContinuous4.xml
71 ms. Memory: 873472K Free: 717404K (82%)
----------------- Invoking toplevel() on ptolemy.moml.MoMLSimpleApplication@1136b3b4
----------------- Done invoking toplevel() on ptolemy.moml.MoMLSimpleApplication@1136b3b4
reloadAllAccessors: .ContinuousWithinContinuous4

===========================================================================================
----------------- testing Fri Apr 05 03:55:37 UTC 2019 /home/travis/build/icyphy/ptII/ptolemy/domains/continuous/test/auto/ContinuousWithinContinuous5.xml
----------------- Instantiating /home/travis/build/icyphy/ptII/ptolemy/domains/continuous/test/auto/ContinuousWithinContinuous5.xml
12 ms. Memory: 873472K Free: 705607K (81%)
----------------- Invoking toplevel() on ptolemy.moml.MoMLSimpleApplication@6d6c2275
----------------- Done invoking toplevel() on ptolemy.moml.MoMLSimpleApplication@6d6c2275
reloadAllAccessors: .ContinuousWithinContinuous5

===========================================================================================
----------------- testing Fri Apr 05 03:55:37 UTC 2019 /home/travis/build/icyphy/ptII/ptolemy/domains/continuous/test/auto/ContinuousWithinContinuous6.xml
----------------- Instantiating /home/travis/build/icyphy/ptII/ptolemy/domains/continuous/test/auto/ContinuousWithinContinuous6.xml
15 ms. Memory: 873472K Free: 691714K (79%)
----------------- Invoking toplevel() on ptolemy.moml.MoMLSimpleApplication@587b0dbc
----------------- Done invoking toplevel() on ptolemy.moml.MoMLSimpleApplication@587b0dbc
reloadAllAccessors: .ContinuousWithinContinuous6

===========================================================================================
----------------- testing Fri Apr 05 03:55:37 UTC 2019 /home/travis/build/icyphy/ptII/ptolemy/domains/continuous/test/auto/ContinuousWithinContinuous7.xml
----------------- Instantiating /home/travis/build/icyphy/ptII/ptolemy/domains/continuous/test/auto/ContinuousWithinContinuous7.xml
56 ms. Memory: 873472K Free: 679925K (78%)
----------------- Invoking toplevel() on ptolemy.moml.MoMLSimpleApplication@688ddce2
----------------- Done invoking toplevel() on ptolemy.moml.MoMLSimpleApplication@688ddce2
reloadAllAccessors: .ContinuousWithinContinuous7

===========================================================================================
----------------- testing Fri Apr 05 03:55:37 UTC 2019 /home/travis/build/icyphy/ptII/ptolemy/domains/continuous/test/auto/DCMotor.xml
----------------- Instantiating /home/travis/build/icyphy/ptII/ptolemy/domains/continuous/test/auto/DCMotor.xml
12288 ms. Memory: 734720K Free: 132041K (18%)
----------------- Invoking toplevel() on ptolemy.moml.MoMLSimpleApplication@1dbb1ad6
----------------- Done invoking toplevel() on ptolemy.moml.MoMLSimpleApplication@1dbb1ad6
reloadAllAccessors: .DCMotor

===========================================================================================
----------------- testing Fri Apr 05 03:55:50 UTC 2019 /home/travis/build/icyphy/ptII/ptolemy/domains/continuous/test/auto/DEInContinuous.xml
----------------- Instantiating /home/travis/build/icyphy/ptII/ptolemy/domains/continuous/test/auto/DEInContinuous.xml
8 ms. Memory: 734720K Free: 116073K (16%)
----------------- Invoking toplevel() on ptolemy.moml.MoMLSimpleApplication@31340642
----------------- Done invoking toplevel() on ptolemy.moml.MoMLSimpleApplication@31340642
reloadAllAccessors: .DEInContinuous

===========================================================================================
----------------- testing Fri Apr 05 03:55:50 UTC 2019 /home/travis/build/icyphy/ptII/ptolemy/domains/continuous/test/auto/DEinContinuous2.xml
----------------- Instantiating /home/travis/build/icyphy/ptII/ptolemy/domains/continuous/test/auto/DEinContinuous2.xml
8 ms. Memory: 734720K Free: 101947K (14%)
----------------- Invoking toplevel() on ptolemy.moml.MoMLSimpleApplication@578313f6
----------------- Done invoking toplevel() on ptolemy.moml.MoMLSimpleApplication@578313f6
reloadAllAccessors: .DEinContinuous2

===========================================================================================
----------------- testing Fri Apr 05 03:55:50 UTC 2019 /home/travis/build/icyphy/ptII/ptolemy/domains/continuous/test/auto/Derivative.xml
----------------- Instantiating /home/travis/build/icyphy/ptII/ptolemy/domains/continuous/test/auto/Derivative.xml
162 ms. Memory: 697856K Free: 671290K (96%)
----------------- Invoking toplevel() on ptolemy.moml.MoMLSimpleApplication@20811c7e
----------------- Done invoking toplevel() on ptolemy.moml.MoMLSimpleApplication@20811c7e
reloadAllAccessors: .Derivative2

===========================================================================================
----------------- testing Fri Apr 05 03:55:50 UTC 2019 /home/travis/build/icyphy/ptII/ptolemy/domains/continuous/test/auto/Derivative1.xml
----------------- Instantiating /home/travis/build/icyphy/ptII/ptolemy/domains/continuous/test/auto/Derivative1.xml
32 ms. Memory: 697856K Free: 646040K (93%)
----------------- Invoking toplevel() on ptolemy.moml.MoMLSimpleApplication@7e1a47ed
----------------- Done invoking toplevel() on ptolemy.moml.MoMLSimpleApplication@7e1a47ed
reloadAllAccessors: .Derivative1

===========================================================================================
----------------- testing Fri Apr 05 03:55:50 UTC 2019 /home/travis/build/icyphy/ptII/ptolemy/domains/continuous/test/auto/DiscreteClock.xml
----------------- Instantiating /home/travis/build/icyphy/ptII/ptolemy/domains/continuous/test/auto/DiscreteClock.xml
7 ms. Memory: 697856K Free: 637073K (91%)
----------------- Invoking toplevel() on ptolemy.moml.MoMLSimpleApplication@afc241f
----------------- Done invoking toplevel() on ptolemy.moml.MoMLSimpleApplication@afc241f
reloadAllAccessors: .DiscreteClock

===========================================================================================
----------------- testing Fri Apr 05 03:55:50 UTC 2019 /home/travis/build/icyphy/ptII/ptolemy/domains/continuous/test/auto/EfficiencyCurve.xml
----------------- Instantiating /home/travis/build/icyphy/ptII/ptolemy/domains/continuous/test/auto/EfficiencyCurve.xml
79 ms. Memory: 697856K Free: 619878K (89%)
----------------- Invoking toplevel() on ptolemy.moml.MoMLSimpleApplication@1c6d5f1e
----------------- Done invoking toplevel() on ptolemy.moml.MoMLSimpleApplication@1c6d5f1e
reloadAllAccessors: .EfficiencyCurve

===========================================================================================
----------------- testing Fri Apr 05 03:55:50 UTC 2019 /home/travis/build/icyphy/ptII/ptolemy/domains/continuous/test/auto/ExponentialResponse.xml
----------------- Instantiating /home/travis/build/icyphy/ptII/ptolemy/domains/continuous/test/auto/ExponentialResponse.xml
96 ms. Memory: 697856K Free: 598592K (86%)
----------------- Invoking toplevel() on ptolemy.moml.MoMLSimpleApplication@3fbc9ef2
----------------- Done invoking toplevel() on ptolemy.moml.MoMLSimpleApplication@3fbc9ef2
reloadAllAccessors: .ExponentialResponse

===========================================================================================
----------------- testing Fri Apr 05 03:55:50 UTC 2019 /home/travis/build/icyphy/ptII/ptolemy/domains/continuous/test/auto/ExponentialResponseRK45.xml
----------------- Instantiating /home/travis/build/icyphy/ptII/ptolemy/domains/continuous/test/auto/ExponentialResponseRK45.xml
23 ms. Memory: 697856K Free: 589626K (84%)
----------------- Invoking toplevel() on ptolemy.moml.MoMLSimpleApplication@6a6f6e8f
----------------- Done invoking toplevel() on ptolemy.moml.MoMLSimpleApplication@6a6f6e8f
reloadAllAccessors: .ExponentialResponseRK45

===========================================================================================
----------------- testing Fri Apr 05 03:55:50 UTC 2019 /home/travis/build/icyphy/ptII/ptolemy/domains/continuous/test/auto/Friction.xml
----------------- Instantiating /home/travis/build/icyphy/ptII/ptolemy/domains/continuous/test/auto/Friction.xml
1393 ms. Memory: 697856K Free: 134319K (19%)
----------------- Invoking toplevel() on ptolemy.moml.MoMLSimpleApplication@30a234e1
----------------- Done invoking toplevel() on ptolemy.moml.MoMLSimpleApplication@30a234e1
reloadAllAccessors: .Friction

===========================================================================================
----------------- testing Fri Apr 05 03:55:52 UTC 2019 /home/travis/build/icyphy/ptII/ptolemy/domains/continuous/test/auto/FurutaPendulum.xml
----------------- Instantiating /home/travis/build/icyphy/ptII/ptolemy/domains/continuous/test/auto/FurutaPendulum.xml
3131 ms. Memory: 674816K Free: 211566K (31%)
----------------- Invoking toplevel() on ptolemy.moml.MoMLSimpleApplication@3a9c9199
----------------- Done invoking toplevel() on ptolemy.moml.MoMLSimpleApplication@3a9c9199
reloadAllAccessors: .FurutaPendulum

===========================================================================================
----------------- testing Fri Apr 05 03:55:55 UTC 2019 /home/travis/build/icyphy/ptII/ptolemy/domains/continuous/test/auto/HierarchicalExecution.xml
----------------- Instantiating /home/travis/build/icyphy/ptII/ptolemy/domains/continuous/test/auto/HierarchicalExecution.xml
1701 ms. Memory: 646656K Free: 456370K (71%)
----------------- Invoking toplevel() on ptolemy.moml.MoMLSimpleApplication@27260197
----------------- Done invoking toplevel() on ptolemy.moml.MoMLSimpleApplication@27260197
reloadAllAccessors: .HierarchicalExecution

===========================================================================================
----------------- testing Fri Apr 05 03:55:57 UTC 2019 /home/travis/build/icyphy/ptII/ptolemy/domains/continuous/test/auto/HybridPlant.xml
----------------- Instantiating /home/travis/build/icyphy/ptII/ptolemy/domains/continuous/test/auto/HybridPlant.xml
543 ms. Memory: 646656K Free: 180418K (28%)
----------------- Invoking toplevel() on ptolemy.moml.MoMLSimpleApplication@4bb27962
----------------- Done invoking toplevel() on ptolemy.moml.MoMLSimpleApplication@4bb27962
reloadAllAccessors: .HybridPlant

===========================================================================================
----------------- testing Fri Apr 05 03:55:58 UTC 2019 /home/travis/build/icyphy/ptII/ptolemy/domains/continuous/test/auto/Hysteresis.xml
----------------- Instantiating /home/travis/build/icyphy/ptII/ptolemy/domains/continuous/test/auto/Hysteresis.xml
134 ms. Memory: 646656K Free: 117800K (18%)
----------------- Invoking toplevel() on ptolemy.moml.MoMLSimpleApplication@3d99d91
----------------- Done invoking toplevel() on ptolemy.moml.MoMLSimpleApplication@3d99d91
reloadAllAccessors: .Hysteresis

===========================================================================================
----------------- testing Fri Apr 05 03:55:58 UTC 2019 /home/travis/build/icyphy/ptII/ptolemy/domains/continuous/test/auto/HysteresisWithRandomDelay.xml
----------------- Instantiating /home/travis/build/icyphy/ptII/ptolemy/domains/continuous/test/auto/HysteresisWithRandomDelay.xml
173 ms. Memory: 614912K Free: 564962K (92%)
----------------- Invoking toplevel() on ptolemy.moml.MoMLSimpleApplication@3d5bcc1
----------------- Done invoking toplevel() on ptolemy.moml.MoMLSimpleApplication@3d5bcc1
reloadAllAccessors: .HysteresisWithRandomDelay

===========================================================================================
----------------- testing Fri Apr 05 03:55:58 UTC 2019 /home/travis/build/icyphy/ptII/ptolemy/domains/continuous/test/auto/HysteresisWithRandomLosses.xml
----------------- Instantiating /home/travis/build/icyphy/ptII/ptolemy/domains/continuous/test/auto/HysteresisWithRandomLosses.xml
2252 ms. Memory: 591872K Free: 289626K (49%)
----------------- Invoking toplevel() on ptolemy.moml.MoMLSimpleApplication@50350d70
----------------- Done invoking toplevel() on ptolemy.moml.MoMLSimpleApplication@50350d70
reloadAllAccessors: .HysteresisWithRandomLosses

===========================================================================================
----------------- testing Fri Apr 05 03:56:01 UTC 2019 /home/travis/build/icyphy/ptII/ptolemy/domains/continuous/test/auto/ImmediateTransitions.xml
----------------- Instantiating /home/travis/build/icyphy/ptII/ptolemy/domains/continuous/test/auto/ImmediateTransitions.xml
13 ms. Memory: 591872K Free: 274432K (46%)
----------------- Invoking toplevel() on ptolemy.moml.MoMLSimpleApplication@7fcc68fa
----------------- Done invoking toplevel() on ptolemy.moml.MoMLSimpleApplication@7fcc68fa
reloadAllAccessors: .ImmediateTransitions

===========================================================================================
----------------- testing Fri Apr 05 03:56:01 UTC 2019 /home/travis/build/icyphy/ptII/ptolemy/domains/continuous/test/auto/ImpulseFeedback.xml
----------------- Instantiating /home/travis/build/icyphy/ptII/ptolemy/domains/continuous/test/auto/ImpulseFeedback.xml
8 ms. Memory: 591872K Free: 265970K (45%)
----------------- Invoking toplevel() on ptolemy.moml.MoMLSimpleApplication@45279d3b
----------------- Done invoking toplevel() on ptolemy.moml.MoMLSimpleApplication@45279d3b
reloadAllAccessors: .ImpulseFeedback

===========================================================================================
----------------- testing Fri Apr 05 03:56:01 UTC 2019 /home/travis/build/icyphy/ptII/ptolemy/domains/continuous/test/auto/ImpulseFeedback2.xml
----------------- Instantiating /home/travis/build/icyphy/ptII/ptolemy/domains/continuous/test/auto/ImpulseFeedback2.xml
9 ms. Memory: 591872K Free: 257500K (44%)
----------------- Invoking toplevel() on ptolemy.moml.MoMLSimpleApplication@20bd7790
----------------- Done invoking toplevel() on ptolemy.moml.MoMLSimpleApplication@20bd7790
reloadAllAccessors: .ImpulseFeedback2

===========================================================================================
----------------- testing Fri Apr 05 03:56:01 UTC 2019 /home/travis/build/icyphy/ptII/ptolemy/domains/continuous/test/auto/IncreasingRatePoisson.xml
----------------- Instantiating /home/travis/build/icyphy/ptII/ptolemy/domains/continuous/test/auto/IncreasingRatePoisson.xml
668 ms. Memory: 565760K Free: 419501K (74%)
----------------- Invoking toplevel() on ptolemy.moml.MoMLSimpleApplication@3bba7777
----------------- Done invoking toplevel() on ptolemy.moml.MoMLSimpleApplication@3bba7777
reloadAllAccessors: .IncreasingRatePoisson

===========================================================================================
----------------- testing Fri Apr 05 03:56:01 UTC 2019 /home/travis/build/icyphy/ptII/ptolemy/domains/continuous/test/auto/InitialStateFeedback.xml
----------------- Instantiating /home/travis/build/icyphy/ptII/ptolemy/domains/continuous/test/auto/InitialStateFeedback.xml
4 ms. Memory: 565760K Free: 410057K (72%)
----------------- Invoking toplevel() on ptolemy.moml.MoMLSimpleApplication@426a01d5
----------------- Done invoking toplevel() on ptolemy.moml.MoMLSimpleApplication@426a01d5
reloadAllAccessors: .InitialStateFeedback

===========================================================================================
----------------- testing Fri Apr 05 03:56:01 UTC 2019 /home/travis/build/icyphy/ptII/ptolemy/domains/continuous/test/auto/Integration.xml
----------------- Instantiating /home/travis/build/icyphy/ptII/ptolemy/domains/continuous/test/auto/Integration.xml
2 ms. Memory: 565760K Free: 401895K (71%)
----------------- Invoking toplevel() on ptolemy.moml.MoMLSimpleApplication@27982ad8
----------------- Done invoking toplevel() on ptolemy.moml.MoMLSimpleApplication@27982ad8
reloadAllAccessors: .Integration

===========================================================================================
----------------- testing Fri Apr 05 03:56:01 UTC 2019 /home/travis/build/icyphy/ptII/ptolemy/domains/continuous/test/auto/Integration2.xml
----------------- Instantiating /home/travis/build/icyphy/ptII/ptolemy/domains/continuous/test/auto/Integration2.xml
75 ms. Memory: 565760K Free: 384049K (68%)
----------------- Invoking toplevel() on ptolemy.moml.MoMLSimpleApplication@43a3941a
----------------- Done invoking toplevel() on ptolemy.moml.MoMLSimpleApplication@43a3941a
reloadAllAccessors: .Integration2

===========================================================================================
----------------- testing Fri Apr 05 03:56:02 UTC 2019 /home/travis/build/icyphy/ptII/ptolemy/domains/continuous/test/auto/Integration3.xml
----------------- Instantiating /home/travis/build/icyphy/ptII/ptolemy/domains/continuous/test/auto/Integration3.xml
2 ms. Memory: 565760K Free: 375879K (66%)
----------------- Invoking toplevel() on ptolemy.moml.MoMLSimpleApplication@45d1a3e5
----------------- Done invoking toplevel() on ptolemy.moml.MoMLSimpleApplication@45d1a3e5
reloadAllAccessors: .Integration3

===========================================================================================
----------------- testing Fri Apr 05 03:56:02 UTC 2019 /home/travis/build/icyphy/ptII/ptolemy/domains/continuous/test/auto/Integration5.xml
----------------- Instantiating /home/travis/build/icyphy/ptII/ptolemy/domains/continuous/test/auto/Integration5.xml
2 ms. Memory: 565760K Free: 367828K (65%)
----------------- Invoking toplevel() on ptolemy.moml.MoMLSimpleApplication@287ca312
----------------- Done invoking toplevel() on ptolemy.moml.MoMLSimpleApplication@287ca312
reloadAllAccessors: .Integration5

===========================================================================================
----------------- testing Fri Apr 05 03:56:02 UTC 2019 /home/travis/build/icyphy/ptII/ptolemy/domains/continuous/test/auto/IntegratorImpulse.xml
----------------- Instantiating /home/travis/build/icyphy/ptII/ptolemy/domains/continuous/test/auto/IntegratorImpulse.xml
2 ms. Memory: 565760K Free: 359667K (64%)
----------------- Invoking toplevel() on ptolemy.moml.MoMLSimpleApplication@735f63d7
----------------- Done invoking toplevel() on ptolemy.moml.MoMLSimpleApplication@735f63d7
reloadAllAccessors: .IntegratorImpulse

===========================================================================================
----------------- testing Fri Apr 05 03:56:02 UTC 2019 /home/travis/build/icyphy/ptII/ptolemy/domains/continuous/test/auto/IntegratorImpulse2.xml
----------------- Instantiating /home/travis/build/icyphy/ptII/ptolemy/domains/continuous/test/auto/IntegratorImpulse2.xml
3 ms. Memory: 565760K Free: 351514K (62%)
----------------- Invoking toplevel() on ptolemy.moml.MoMLSimpleApplication@a2d84e4
----------------- Done invoking toplevel() on ptolemy.moml.MoMLSimpleApplication@a2d84e4
reloadAllAccessors: .IntegratorImpulse2

===========================================================================================
----------------- testing Fri Apr 05 03:56:02 UTC 2019 /home/travis/build/icyphy/ptII/ptolemy/domains/continuous/test/auto/LevelCrossing1.xml
----------------- Instantiating /home/travis/build/icyphy/ptII/ptolemy/domains/continuous/test/auto/LevelCrossing1.xml
3 ms. Memory: 565760K Free: 343353K (61%)
----------------- Invoking toplevel() on ptolemy.moml.MoMLSimpleApplication@3bc427b0
----------------- Done invoking toplevel() on ptolemy.moml.MoMLSimpleApplication@3bc427b0
reloadAllAccessors: .LevelCrossing1

===========================================================================================
----------------- testing Fri Apr 05 03:56:02 UTC 2019 /home/travis/build/icyphy/ptII/ptolemy/domains/continuous/test/auto/LevelCrossing2.xml
----------------- Instantiating /home/travis/build/icyphy/ptII/ptolemy/domains/continuous/test/auto/LevelCrossing2.xml
2 ms. Memory: 565760K Free: 335183K (59%)
----------------- Invoking toplevel() on ptolemy.moml.MoMLSimpleApplication@598aa16a
----------------- Done invoking toplevel() on ptolemy.moml.MoMLSimpleApplication@598aa16a
reloadAllAccessors: .LevelCrossing2

===========================================================================================
----------------- testing Fri Apr 05 03:56:02 UTC 2019 /home/travis/build/icyphy/ptII/ptolemy/domains/continuous/test/auto/LevelCrossing3.xml
----------------- Instantiating /home/travis/build/icyphy/ptII/ptolemy/domains/continuous/test/auto/LevelCrossing3.xml
2 ms. Memory: 565760K Free: 327132K (58%)
----------------- Invoking toplevel() on ptolemy.moml.MoMLSimpleApplication@38637949
----------------- Done invoking toplevel() on ptolemy.moml.MoMLSimpleApplication@38637949
reloadAllAccessors: .LevelCrossing3

===========================================================================================
----------------- testing Fri Apr 05 03:56:02 UTC 2019 /home/travis/build/icyphy/ptII/ptolemy/domains/continuous/test/auto/LevelCrossing4.xml
----------------- Instantiating /home/travis/build/icyphy/ptII/ptolemy/domains/continuous/test/auto/LevelCrossing4.xml
3 ms. Memory: 565760K Free: 318978K (56%)
----------------- Invoking toplevel() on ptolemy.moml.MoMLSimpleApplication@5a7f5062
----------------- Done invoking toplevel() on ptolemy.moml.MoMLSimpleApplication@5a7f5062
reloadAllAccessors: .LevelCrossing4

===========================================================================================
----------------- testing Fri Apr 05 03:56:02 UTC 2019 /home/travis/build/icyphy/ptII/ptolemy/domains/continuous/test/auto/LevelCrossing5.xml
----------------- Instantiating /home/travis/build/icyphy/ptII/ptolemy/domains/continuous/test/auto/LevelCrossing5.xml
2 ms. Memory: 565760K Free: 310817K (55%)
----------------- Invoking toplevel() on ptolemy.moml.MoMLSimpleApplication@35576d08
----------------- Done invoking toplevel() on ptolemy.moml.MoMLSimpleApplication@35576d08
reloadAllAccessors: .LevelCrossing5

===========================================================================================
[...]

===========================================================================================
----------------- testing Fri Apr 05 03:56:18 UTC 2019 /home/travis/build/icyphy/ptII/ptolemy/domains/continuous/test/auto/SRinContinuous.xml
----------------- Instantiating /home/travis/build/icyphy/ptII/ptolemy/domains/continuous/test/auto/SRinContinuous.xml
5 ms. Memory: 475136K Free: 361186K (76%)
----------------- Invoking toplevel() on ptolemy.moml.MoMLSimpleApplication@436a8dcb
----------------- Done invoking toplevel() on ptolemy.moml.MoMLSimpleApplication@436a8dcb
reloadAllAccessors: .SRinContinuous

===========================================================================================
----------------- testing Fri Apr 05 03:56:18 UTC 2019 /home/travis/build/icyphy/ptII/ptolemy/domains/continuous/test/auto/SampledClocks.xml
----------------- Instantiating /home/travis/build/icyphy/ptII/ptolemy/domains/continuous/test/auto/SampledClocks.xml
4 ms. Memory: 475136K Free: 349725K (74%)
----------------- Invoking toplevel() on ptolemy.moml.MoMLSimpleApplication@1cdee2db
----------------- Done invoking toplevel() on ptolemy.moml.MoMLSimpleApplication@1cdee2db
reloadAllAccessors: .SampledClocks

===========================================================================================
----------------- testing Fri Apr 05 03:56:18 UTC 2019 /home/travis/build/icyphy/ptII/ptolemy/domains/continuous/test/auto/Satellite.xml
----------------- Instantiating /home/travis/build/icyphy/ptII/ptolemy/domains/continuous/test/auto/Satellite.xml
754 ms. Memory: 475136K Free: 167678K (35%)
----------------- Invoking toplevel() on ptolemy.moml.MoMLSimpleApplication@5129bdd1
----------------- Done invoking toplevel() on ptolemy.moml.MoMLSimpleApplication@5129bdd1
reloadAllAccessors: .Satellite

===========================================================================================
----------------- testing Fri Apr 05 03:56:19 UTC 2019 /home/travis/build/icyphy/ptII/ptolemy/domains/continuous/test/auto/SigmaDelta.xml
----------------- Instantiating /home/travis/build/icyphy/ptII/ptolemy/domains/continuous/test/auto/SigmaDelta.xml
2401 ms. Memory: 580096K Free: 274840K (47%)
----------------- Invoking toplevel() on ptolemy.moml.MoMLSimpleApplication@2651c639
----------------- Done invoking toplevel() on ptolemy.moml.MoMLSimpleApplication@2651c639
reloadAllAccessors: .SigmaDelta

===========================================================================================
----------------- testing Fri Apr 05 03:56:21 UTC 2019 /home/travis/build/icyphy/ptII/ptolemy/domains/continuous/test/auto/SingleRefinement.xml
----------------- Instantiating /home/travis/build/icyphy/ptII/ptolemy/domains/continuous/test/auto/SingleRefinement.xml
333 ms. Memory: 580096K Free: 83970K (14%)
----------------- Invoking toplevel() on ptolemy.moml.MoMLSimpleApplication@707a6b1
----------------- Done invoking toplevel() on ptolemy.moml.MoMLSimpleApplication@707a6b1
reloadAllAccessors: .SingleRefinement

===========================================================================================
----------------- testing Fri Apr 05 03:56:22 UTC 2019 /home/travis/build/icyphy/ptII/ptolemy/domains/continuous/test/auto/SinuBouncingBall.xml
----------------- Instantiating /home/travis/build/icyphy/ptII/ptolemy/domains/continuous/test/auto/SinuBouncingBall.xml
763 ms. Memory: 698880K Free: 467025K (67%)
----------------- Invoking toplevel() on ptolemy.moml.MoMLSimpleApplication@3ada923
----------------- Done invoking toplevel() on ptolemy.moml.MoMLSimpleApplication@3ada923
reloadAllAccessors: .SinuBouncingBall

===========================================================================================
----------------- testing Fri Apr 05 03:56:23 UTC 2019 /home/travis/build/icyphy/ptII/ptolemy/domains/continuous/test/auto/Sinusoid.xml
----------------- Instantiating /home/travis/build/icyphy/ptII/ptolemy/domains/continuous/test/auto/Sinusoid.xml
5 ms. Memory: 698880K Free: 457464K (65%)
----------------- Invoking toplevel() on ptolemy.moml.MoMLSimpleApplication@1fac3add
----------------- Done invoking toplevel() on ptolemy.moml.MoMLSimpleApplication@1fac3add
reloadAllAccessors: .Sinusoid

===========================================================================================
----------------- testing Fri Apr 05 03:56:23 UTC 2019 /home/travis/build/icyphy/ptII/ptolemy/domains/continuous/test/auto/SinusoidInNoise.xml
----------------- Instantiating /home/travis/build/icyphy/ptII/ptolemy/domains/continuous/test/auto/SinusoidInNoise.xml
927 ms. Memory: 698880K Free: 250161K (36%)
----------------- Invoking toplevel() on ptolemy.moml.MoMLSimpleApplication@5a10f12d
----------------- Done invoking toplevel() on ptolemy.moml.MoMLSimpleApplication@5a10f12d
reloadAllAccessors: .SinusoidInNoise

===========================================================================================
----------------- testing Fri Apr 05 03:56:24 UTC 2019 /home/travis/build/icyphy/ptII/ptolemy/domains/continuous/test/auto/SinusoidRK45.xml
----------------- Instantiating /home/travis/build/icyphy/ptII/ptolemy/domains/continuous/test/auto/SinusoidRK45.xml
3 ms. Memory: 698880K Free: 243064K (35%)
----------------- Invoking toplevel() on ptolemy.moml.MoMLSimpleApplication@3cb595d0
----------------- Done invoking toplevel() on ptolemy.moml.MoMLSimpleApplication@3cb595d0
reloadAllAccessors: .SinusoidRK45

===========================================================================================
----------------- testing Fri Apr 05 03:56:24 UTC 2019 /home/travis/build/icyphy/ptII/ptolemy/domains/continuous/test/auto/SinusoidWithMultipleImpulses.xml
----------------- Instantiating /home/travis/build/icyphy/ptII/ptolemy/domains/continuous/test/auto/SinusoidWithMultipleImpulses.xml
3 ms. Memory: 698880K Free: 235968K (34%)
----------------- Invoking toplevel() on ptolemy.moml.MoMLSimpleApplication@65404f97
----------------- Done invoking toplevel() on ptolemy.moml.MoMLSimpleApplication@65404f97
reloadAllAccessors: .SinusoidWithMultipleImpulses

===========================================================================================
----------------- testing Fri Apr 05 03:56:24 UTC 2019 /home/travis/build/icyphy/ptII/ptolemy/domains/continuous/test/auto/SquareWave.xml
----------------- Instantiating /home/travis/build/icyphy/ptII/ptolemy/domains/continuous/test/auto/SquareWave.xml
169 ms. Memory: 698880K Free: 207297K (30%)
----------------- Invoking toplevel() on ptolemy.moml.MoMLSimpleApplication@743d29a3
----------------- Done invoking toplevel() on ptolemy.moml.MoMLSimpleApplication@743d29a3
reloadAllAccessors: .SquareWave

===========================================================================================
----------------- testing Fri Apr 05 03:56:24 UTC 2019 /home/travis/build/icyphy/ptII/ptolemy/domains/continuous/test/auto/Starmac.xml
----------------- Instantiating /home/travis/build/icyphy/ptII/ptolemy/domains/continuous/test/auto/Starmac.xml
3088 ms. Memory: 856064K Free: 619972K (72%)
----------------- Invoking toplevel() on ptolemy.moml.MoMLSimpleApplication@337d7af5
----------------- Done invoking toplevel() on ptolemy.moml.MoMLSimpleApplication@337d7af5
reloadAllAccessors: .Starmac

===========================================================================================
----------------- testing Fri Apr 05 03:56:27 UTC 2019 /home/travis/build/icyphy/ptII/ptolemy/domains/continuous/test/auto/StaticUnits.xml
----------------- Instantiating /home/travis/build/icyphy/ptII/ptolemy/domains/continuous/test/auto/StaticUnits.xml
1987 ms. Memory: 856064K Free: 167292K (20%)
----------------- Invoking toplevel() on ptolemy.moml.MoMLSimpleApplication@360ec2bb
----------------- Done invoking toplevel() on ptolemy.moml.MoMLSimpleApplication@360ec2bb
reloadAllAccessors: .StaticUnits

===========================================================================================
----------------- testing Fri Apr 05 03:56:30 UTC 2019 /home/travis/build/icyphy/ptII/ptolemy/domains/continuous/test/auto/StickyMasses.xml
----------------- Instantiating /home/travis/build/icyphy/ptII/ptolemy/domains/continuous/test/auto/StickyMasses.xml
134 ms. Memory: 856064K Free: 112459K (13%)
----------------- Invoking toplevel() on ptolemy.moml.MoMLSimpleApplication@1236dd6e
----------------- Done invoking toplevel() on ptolemy.moml.MoMLSimpleApplication@1236dd6e
reloadAllAccessors: .StickyMasses

===========================================================================================
----------------- testing Fri Apr 05 03:56:30 UTC 2019 /home/travis/build/icyphy/ptII/ptolemy/domains/continuous/test/auto/StopTime.xml
----------------- Instantiating /home/travis/build/icyphy/ptII/ptolemy/domains/continuous/test/auto/StopTime.xml
35 ms. Memory: 856064K Free: 84466K (10%)
----------------- Invoking toplevel() on ptolemy.moml.MoMLSimpleApplication@408252da
----------------- Done invoking toplevel() on ptolemy.moml.MoMLSimpleApplication@408252da
reloadAllAccessors: .StopTime

===========================================================================================
----------------- testing Fri Apr 05 03:56:30 UTC 2019 /home/travis/build/icyphy/ptII/ptolemy/domains/continuous/test/auto/StopTime2.xml
----------------- Instantiating /home/travis/build/icyphy/ptII/ptolemy/domains/continuous/test/auto/StopTime2.xml
28 ms. Memory: 856064K Free: 56625K (7%)
----------------- Invoking toplevel() on ptolemy.moml.MoMLSimpleApplication@2b572d5b
----------------- Done invoking toplevel() on ptolemy.moml.MoMLSimpleApplication@2b572d5b
reloadAllAccessors: .StopTime2

===========================================================================================
----------------- testing Fri Apr 05 03:56:30 UTC 2019 /home/travis/build/icyphy/ptII/ptolemy/domains/continuous/test/auto/Switch.xml
----------------- Instantiating /home/travis/build/icyphy/ptII/ptolemy/domains/continuous/test/auto/Switch.xml
38 ms. Memory: 856064K Free: 28616K (3%)
----------------- Invoking toplevel() on ptolemy.moml.MoMLSimpleApplication@74ac33
----------------- Done invoking toplevel() on ptolemy.moml.MoMLSimpleApplication@74ac33
reloadAllAccessors: .Switch

===========================================================================================
----------------- testing Fri Apr 05 03:56:30 UTC 2019 /home/travis/build/icyphy/ptII/ptolemy/domains/continuous/test/auto/Thermostat.xml
----------------- Instantiating /home/travis/build/icyphy/ptII/ptolemy/domains/continuous/test/auto/Thermostat.xml
185 ms. Memory: 815104K Free: 679681K (83%)
----------------- Invoking toplevel() on ptolemy.moml.MoMLSimpleApplication@c493881
----------------- Done invoking toplevel() on ptolemy.moml.MoMLSimpleApplication@c493881
reloadAllAccessors: .Thermostat

===========================================================================================
----------------- testing Fri Apr 05 03:56:30 UTC 2019 /home/travis/build/icyphy/ptII/ptolemy/domains/continuous/test/auto/TimeDelay.xml
----------------- Instantiating /home/travis/build/icyphy/ptII/ptolemy/domains/continuous/test/auto/TimeDelay.xml
5 ms. Memory: 815104K Free: 668896K (82%)
----------------- Invoking toplevel() on ptolemy.moml.MoMLSimpleApplication@a4f627f
----------------- Done invoking toplevel() on ptolemy.moml.MoMLSimpleApplication@a4f627f
reloadAllAccessors: .TimeDelay

===========================================================================================
----------------- testing Fri Apr 05 03:56:30 UTC 2019 /home/travis/build/icyphy/ptII/ptolemy/domains/continuous/test/auto/TimeDelay2.xml
----------------- Instantiating /home/travis/build/icyphy/ptII/ptolemy/domains/continuous/test/auto/TimeDelay2.xml
6 ms. Memory: 815104K Free: 658236K (81%)
----------------- Invoking toplevel() on ptolemy.moml.MoMLSimpleApplication@4a0af835
----------------- Done invoking toplevel() on ptolemy.moml.MoMLSimpleApplication@4a0af835
reloadAllAccessors: .TimeDelay2

===========================================================================================
----------------- testing Fri Apr 05 03:56:30 UTC 2019 /home/travis/build/icyphy/ptII/ptolemy/domains/continuous/test/auto/TimeDelay3.xml
----------------- Instantiating /home/travis/build/icyphy/ptII/ptolemy/domains/continuous/test/auto/TimeDelay3.xml
3 ms. Memory: 815104K Free: 647451K (79%)
----------------- Invoking toplevel() on ptolemy.moml.MoMLSimpleApplication@1066821e
----------------- Done invoking toplevel() on ptolemy.moml.MoMLSimpleApplication@1066821e
reloadAllAccessors: .TimeDelay3

===========================================================================================
----------------- testing Fri Apr 05 03:56:30 UTC 2019 /home/travis/build/icyphy/ptII/ptolemy/domains/continuous/test/auto/TransferAbsentToInside.xml
----------------- Instantiating /home/travis/build/icyphy/ptII/ptolemy/domains/continuous/test/auto/TransferAbsentToInside.xml
29 ms. Memory: 815104K Free: 587814K (72%)
----------------- Invoking toplevel() on ptolemy.moml.MoMLSimpleApplication@65a11e96
----------------- Done invoking toplevel() on ptolemy.moml.MoMLSimpleApplication@65a11e96
reloadAllAccessors: .TransferAbsentToInside

===========================================================================================
----------------- testing Fri Apr 05 03:56:31 UTC 2019 /home/travis/build/icyphy/ptII/ptolemy/domains/continuous/test/auto/Transmission.xml
----------------- Instantiating /home/travis/build/icyphy/ptII/ptolemy/domains/continuous/test/auto/Transmission.xml
707 ms. Memory: 815104K Free: 342071K (42%)
----------------- Invoking toplevel() on ptolemy.moml.MoMLSimpleApplication@39af1b55
----------------- Done invoking toplevel() on ptolemy.moml.MoMLSimpleApplication@39af1b55
reloadAllAccessors: .Transmission

===========================================================================================
----------------- testing Fri Apr 05 03:56:31 UTC 2019 /home/travis/build/icyphy/ptII/ptolemy/domains/continuous/test/auto/TriggeredContinuousClock.xml
----------------- Instantiating /home/travis/build/icyphy/ptII/ptolemy/domains/continuous/test/auto/TriggeredContinuousClock.xml
41 ms. Memory: 815104K Free: 306971K (38%)
----------------- Invoking toplevel() on ptolemy.moml.MoMLSimpleApplication@734ec811
----------------- Done invoking toplevel() on ptolemy.moml.MoMLSimpleApplication@734ec811
reloadAllAccessors: .TriggeredContinuousClock

===========================================================================================
----------------- testing Fri Apr 05 03:56:31 UTC 2019 /home/travis/build/icyphy/ptII/ptolemy/domains/continuous/test/auto/TwoMachineInfiniteBusControl.xml
----------------- Instantiating /home/travis/build/icyphy/ptII/ptolemy/domains/continuous/test/auto/TwoMachineInfiniteBusControl.xml
2844 ms. Memory: 787968K Free: 419971K (53%)
----------------- Invoking toplevel() on ptolemy.moml.MoMLSimpleApplication@71935592
----------------- Done invoking toplevel() on ptolemy.moml.MoMLSimpleApplication@71935592
reloadAllAccessors: .TwoMachineInfiniteBusControl

===========================================================================================
----------------- testing Fri Apr 05 03:56:34 UTC 2019 /home/travis/build/icyphy/ptII/ptolemy/domains/continuous/test/auto/V2V.xml
----------------- Instantiating /home/travis/build/icyphy/ptII/ptolemy/domains/continuous/test/auto/V2V.xml
722 ms. Memory: 787968K Free: 220330K (28%)
----------------- Invoking toplevel() on ptolemy.moml.MoMLSimpleApplication@60afc936
----------------- Done invoking toplevel() on ptolemy.moml.MoMLSimpleApplication@60afc936
reloadAllAccessors: .V2V

===========================================================================================
----------------- testing Fri Apr 05 03:56:35 UTC 2019 /home/travis/build/icyphy/ptII/ptolemy/domains/continuous/test/auto/hierarchicalModalModel.xml
----------------- Instantiating /home/travis/build/icyphy/ptII/ptolemy/domains/continuous/test/auto/hierarchicalModalModel.xml
7 ms. Memory: 787968K Free: 201856K (26%)
----------------- Invoking toplevel() on ptolemy.moml.MoMLSimpleApplication@27a05641
----------------- Done invoking toplevel() on ptolemy.moml.MoMLSimpleApplication@27a05641
reloadAllAccessors: .hierarchicalModalModel

===========================================================================================
----------------- testing Fri Apr 05 03:56:35 UTC 2019 /home/travis/build/icyphy/ptII/ptolemy/domains/continuous/test/auto/hierarchicalModalModel1.xml
----------------- Instantiating /home/travis/build/icyphy/ptII/ptolemy/domains/continuous/test/auto/hierarchicalModalModel1.xml
7 ms. Memory: 787968K Free: 183398K (23%)
----------------- Invoking toplevel() on ptolemy.moml.MoMLSimpleApplication@49446a0e
----------------- Done invoking toplevel() on ptolemy.moml.MoMLSimpleApplication@49446a0e
reloadAllAccessors: .hierarchicalModalModel1

===========================================================================================
----------------- testing Fri Apr 05 03:56:35 UTC 2019 /home/travis/build/icyphy/ptII/ptolemy/domains/continuous/test/auto/hierarchicalModalModel2.xml
----------------- Instantiating /home/travis/build/icyphy/ptII/ptolemy/domains/continuous/test/auto/hierarchicalModalModel2.xml
5 ms. Memory: 787968K Free: 168562K (21%)
----------------- Invoking toplevel() on ptolemy.moml.MoMLSimpleApplication@62269e3b
----------------- Done invoking toplevel() on ptolemy.moml.MoMLSimpleApplication@62269e3b
reloadAllAccessors: .hierarchicalModalModel2

===========================================================================================
----------------- testing Fri Apr 05 03:56:35 UTC 2019 /home/travis/build/icyphy/ptII/ptolemy/domains/continuous/test/auto/hierarchicalModalModel3.xml
----------------- Instantiating /home/travis/build/icyphy/ptII/ptolemy/domains/continuous/test/auto/hierarchicalModalModel3.xml
5 ms. Memory: 787968K Free: 153613K (19%)
----------------- Invoking toplevel() on ptolemy.moml.MoMLSimpleApplication@15fb5c8b
----------------- Done invoking toplevel() on ptolemy.moml.MoMLSimpleApplication@15fb5c8b
reloadAllAccessors: .hierarchicalModalModel3

===========================================================================================
----------------- testing Fri Apr 05 03:56:35 UTC 2019 /home/travis/build/icyphy/ptII/ptolemy/domains/continuous/test/auto/hierarchicalModalModel4.xml
----------------- Instantiating /home/travis/build/icyphy/ptII/ptolemy/domains/continuous/test/auto/hierarchicalModalModel4.xml
4 ms. Memory: 787968K Free: 138646K (18%)
----------------- Invoking toplevel() on ptolemy.moml.MoMLSimpleApplication@3b182b61
----------------- Done invoking toplevel() on ptolemy.moml.MoMLSimpleApplication@3b182b61
reloadAllAccessors: .hierarchicalModalModel4

===========================================================================================
----------------- testing Fri Apr 05 03:56:35 UTC 2019 /home/travis/build/icyphy/ptII/ptolemy/domains/continuous/test/auto/junk.xml
----------------- Instantiating /home/travis/build/icyphy/ptII/ptolemy/domains/continuous/test/auto/junk.xml
141 ms. Memory: 787968K Free: 106229K (13%)
----------------- Invoking toplevel() on ptolemy.moml.MoMLSimpleApplication@8253667
----------------- Done invoking toplevel() on ptolemy.moml.MoMLSimpleApplication@8253667
reloadAllAccessors: .junk
AutoTests.java: About to close Vertx.
AutoTests.java: Vertx closed.
]]></system-out>
  <system-err><![CDATA[Warning: '.HysteresisWithRandomDelay.NonStrictTest3' The test produced only 26 tokens, yet the correctValues parameter was expecting 30 tokens.
Warning: '.IncreasingRatePoisson.NonStrictTest' The test produced only 392 tokens, yet the correctValues parameter was expecting 402 tokens.
Warning: '.Poisson.NonStrictTest' The test produced only 428 tokens, yet the correctValues parameter was expecting 430 tokens.
]]></system-err>
</testsuite>
