<?xml version="1.0" encoding="UTF-8" ?>
<testsuite errors="0" failures="0" hostname="travis-job-56c703c5-4883-4de0-addb-f8cf0ef0c9d8" name="ptolemy.domains.continuous.test.junit.JUnitTclTest" skipped="0" tests="156" time="69.064" timestamp="2020-03-09T14:33:32">
  <properties>
[...]
</properties>
  <testcase classname="ptolemy.util.test.junit.TclTests" name="[0] ThereAreNoTclTests (RunTclFile)" time="0.009" />
  <testcase classname="ptolemy.util.test.junit.AutoKnownFailedTests" name="[0] ThereAreNoKnowFailedTests (RunModel)" time="0.001" />
  <testcase classname="ptolemy.util.test.junit.AutoNameArchTests" name="[0] ThereAreNoAutoArchTests (RunModel)" time="0.016" />
  <testcase classname="ptolemy.util.test.junit.AutoTests" name="[0] /home/travis/build/icyphy/ptII/ptolemy/domains/continuous/test/auto/BouncingBall.xml (RunModel)" time="3.15" />
  <testcase classname="ptolemy.util.test.junit.AutoTests" name="[1] /home/travis/build/icyphy/ptII/ptolemy/domains/continuous/test/auto/BouncingBallWithoutGR.xml (RunModel)" time="0.931" />
  <testcase classname="ptolemy.util.test.junit.AutoTests" name="[2] /home/travis/build/icyphy/ptII/ptolemy/domains/continuous/test/auto/Brownian.xml (RunModel)" time="0.1" />
  <testcase classname="ptolemy.util.test.junit.AutoTests" name="[3] /home/travis/build/icyphy/ptII/ptolemy/domains/continuous/test/auto/CarTracking.xml (RunModel)" time="4.217" />
  <testcase classname="ptolemy.util.test.junit.AutoTests" name="[4] /home/travis/build/icyphy/ptII/ptolemy/domains/continuous/test/auto/CartPendulum.xml (RunModel)" time="0.492" />
  <testcase classname="ptolemy.util.test.junit.AutoTests" name="[5] /home/travis/build/icyphy/ptII/ptolemy/domains/continuous/test/auto/CausalityInterface10.xml (RunModel)" time="0.043" />
  <testcase classname="ptolemy.util.test.junit.AutoTests" name="[6] /home/travis/build/icyphy/ptII/ptolemy/domains/continuous/test/auto/CausalityInterface11.xml (RunModel)" time="0.027" />
  <testcase classname="ptolemy.util.test.junit.AutoTests" name="[7] /home/travis/build/icyphy/ptII/ptolemy/domains/continuous/test/auto/CausalityInterface12.xml (RunModel)" time="0.037" />
  <testcase classname="ptolemy.util.test.junit.AutoTests" name="[8] /home/travis/build/icyphy/ptII/ptolemy/domains/continuous/test/auto/CausalityInterface13.xml (RunModel)" time="0.034" />
  <testcase classname="ptolemy.util.test.junit.AutoTests" name="[9] /home/travis/build/icyphy/ptII/ptolemy/domains/continuous/test/auto/CausalityInterface14.xml (RunModel)" time="0.049" />
  <testcase classname="ptolemy.util.test.junit.AutoTests" name="[10] /home/travis/build/icyphy/ptII/ptolemy/domains/continuous/test/auto/CausalityInterface4.xml (RunModel)" time="0.027" />
  <testcase classname="ptolemy.util.test.junit.AutoTests" name="[11] /home/travis/build/icyphy/ptII/ptolemy/domains/continuous/test/auto/CausalityInterface5.xml (RunModel)" time="0.038" />
  <testcase classname="ptolemy.util.test.junit.AutoTests" name="[12] /home/travis/build/icyphy/ptII/ptolemy/domains/continuous/test/auto/CausalityInterface6.xml (RunModel)" time="0.027" />
  <testcase classname="ptolemy.util.test.junit.AutoTests" name="[13] /home/travis/build/icyphy/ptII/ptolemy/domains/continuous/test/auto/CausalityInterface7.xml (RunModel)" time="0.043" />
  <testcase classname="ptolemy.util.test.junit.AutoTests" name="[14] /home/travis/build/icyphy/ptII/ptolemy/domains/continuous/test/auto/CausalityInterface8.xml (RunModel)" time="0.038" />
  <testcase classname="ptolemy.util.test.junit.AutoTests" name="[15] /home/travis/build/icyphy/ptII/ptolemy/domains/continuous/test/auto/CausalityInterface9.xml (RunModel)" time="0.05" />
  <testcase classname="ptolemy.util.test.junit.AutoTests" name="[16] /home/travis/build/icyphy/ptII/ptolemy/domains/continuous/test/auto/CausalityInterfaceFeedback1.xml (RunModel)" time="0.042" />
  <testcase classname="ptolemy.util.test.junit.AutoTests" name="[17] /home/travis/build/icyphy/ptII/ptolemy/domains/continuous/test/auto/CausalityInterfaceFeedback2.xml (RunModel)" time="0.041" />
  <testcase classname="ptolemy.util.test.junit.AutoTests" name="[18] /home/travis/build/icyphy/ptII/ptolemy/domains/continuous/test/auto/CompareWithCurrentTime.xml (RunModel)" time="0.027" />
  <testcase classname="ptolemy.util.test.junit.AutoTests" name="[19] /home/travis/build/icyphy/ptII/ptolemy/domains/continuous/test/auto/ComparedClocks.xml (RunModel)" time="0.08" />
  <testcase classname="ptolemy.util.test.junit.AutoTests" name="[20] /home/travis/build/icyphy/ptII/ptolemy/domains/continuous/test/auto/ContinuousAOCClone.xml (RunModel)" time="2.697" />
  <testcase classname="ptolemy.util.test.junit.AutoTests" name="[21] /home/travis/build/icyphy/ptII/ptolemy/domains/continuous/test/auto/ContinuousClock.xml (RunModel)" time="0.097" />
  <testcase classname="ptolemy.util.test.junit.AutoTests" name="[22] /home/travis/build/icyphy/ptII/ptolemy/domains/continuous/test/auto/ContinuousInContinuous.xml (RunModel)" time="0.096" />
  <testcase classname="ptolemy.util.test.junit.AutoTests" name="[23] /home/travis/build/icyphy/ptII/ptolemy/domains/continuous/test/auto/ContinuousInContinuousInContinuous.xml (RunModel)" time="0.029" />
  <testcase classname="ptolemy.util.test.junit.AutoTests" name="[24] /home/travis/build/icyphy/ptII/ptolemy/domains/continuous/test/auto/ContinuousInDE.xml (RunModel)" time="0.126" />
  <testcase classname="ptolemy.util.test.junit.AutoTests" name="[25] /home/travis/build/icyphy/ptII/ptolemy/domains/continuous/test/auto/ContinuousInDE2.xml (RunModel)" time="0.047" />
  <testcase classname="ptolemy.util.test.junit.AutoTests" name="[26] /home/travis/build/icyphy/ptII/ptolemy/domains/continuous/test/auto/ContinuousInDE3.xml (RunModel)" time="0.056" />
  <testcase classname="ptolemy.util.test.junit.AutoTests" name="[27] /home/travis/build/icyphy/ptII/ptolemy/domains/continuous/test/auto/ContinuousInDE4.xml (RunModel)" time="0.037" />
  <testcase classname="ptolemy.util.test.junit.AutoTests" name="[28] /home/travis/build/icyphy/ptII/ptolemy/domains/continuous/test/auto/ContinuousInDEDifferentRefinements.xml (RunModel)" time="0.11" />
  <testcase classname="ptolemy.util.test.junit.AutoTests" name="[29] /home/travis/build/icyphy/ptII/ptolemy/domains/continuous/test/auto/ContinuousInDEDifferentRefinementsPreemptive.xml (RunModel)" time="0.082" />
  <testcase classname="ptolemy.util.test.junit.AutoTests" name="[30] /home/travis/build/icyphy/ptII/ptolemy/domains/continuous/test/auto/ContinuousInDEInContinuous2.xml (RunModel)" time="0.052" />
  <testcase classname="ptolemy.util.test.junit.AutoTests" name="[31] /home/travis/build/icyphy/ptII/ptolemy/domains/continuous/test/auto/ContinuousInDEInContinuous3.xml (RunModel)" time="0.058" />
  <testcase classname="ptolemy.util.test.junit.AutoTests" name="[32] /home/travis/build/icyphy/ptII/ptolemy/domains/continuous/test/auto/ContinuousInDEInput.xml (RunModel)" time="0.036" />
  <testcase classname="ptolemy.util.test.junit.AutoTests" name="[33] /home/travis/build/icyphy/ptII/ptolemy/domains/continuous/test/auto/ContinuousInDEInput2.xml (RunModel)" time="0.04" />
  <testcase classname="ptolemy.util.test.junit.AutoTests" name="[34] /home/travis/build/icyphy/ptII/ptolemy/domains/continuous/test/auto/ContinuousInDEInput3.xml (RunModel)" time="0.031" />
  <testcase classname="ptolemy.util.test.junit.AutoTests" name="[35] /home/travis/build/icyphy/ptII/ptolemy/domains/continuous/test/auto/ContinuousInDESharingRefinement.xml (RunModel)" time="0.178" />
  <testcase classname="ptolemy.util.test.junit.AutoTests" name="[36] /home/travis/build/icyphy/ptII/ptolemy/domains/continuous/test/auto/ContinuousInDEwithNoPorts.xml (RunModel)" time="0.022" />
  <testcase classname="ptolemy.util.test.junit.AutoTests" name="[37] /home/travis/build/icyphy/ptII/ptolemy/domains/continuous/test/auto/ContinuousInsideDE.xml (RunModel)" time="0.073" />
  <testcase classname="ptolemy.util.test.junit.AutoTests" name="[38] /home/travis/build/icyphy/ptII/ptolemy/domains/continuous/test/auto/ContinuousMerge1.xml (RunModel)" time="0.014" />
  <testcase classname="ptolemy.util.test.junit.AutoTests" name="[39] /home/travis/build/icyphy/ptII/ptolemy/domains/continuous/test/auto/ContinuousMerge2.xml (RunModel)" time="0.055" />
  <testcase classname="ptolemy.util.test.junit.AutoTests" name="[40] /home/travis/build/icyphy/ptII/ptolemy/domains/continuous/test/auto/ContinuousMerge3.xml (RunModel)" time="0.069" />
  <testcase classname="ptolemy.util.test.junit.AutoTests" name="[41] /home/travis/build/icyphy/ptII/ptolemy/domains/continuous/test/auto/ContinuousWithinContinuous.xml (RunModel)" time="0.049" />
  <testcase classname="ptolemy.util.test.junit.AutoTests" name="[42] /home/travis/build/icyphy/ptII/ptolemy/domains/continuous/test/auto/ContinuousWithinContinuous2.xml (RunModel)" time="0.071" />
  <testcase classname="ptolemy.util.test.junit.AutoTests" name="[43] /home/travis/build/icyphy/ptII/ptolemy/domains/continuous/test/auto/ContinuousWithinContinuous3.xml (RunModel)" time="0.032" />
  <testcase classname="ptolemy.util.test.junit.AutoTests" name="[44] /home/travis/build/icyphy/ptII/ptolemy/domains/continuous/test/auto/ContinuousWithinContinuous4.xml (RunModel)" time="0.076" />
  <testcase classname="ptolemy.util.test.junit.AutoTests" name="[45] /home/travis/build/icyphy/ptII/ptolemy/domains/continuous/test/auto/ContinuousWithinContinuous5.xml (RunModel)" time="0.039" />
  <testcase classname="ptolemy.util.test.junit.AutoTests" name="[46] /home/travis/build/icyphy/ptII/ptolemy/domains/continuous/test/auto/ContinuousWithinContinuous6.xml (RunModel)" time="0.027" />
  <testcase classname="ptolemy.util.test.junit.AutoTests" name="[47] /home/travis/build/icyphy/ptII/ptolemy/domains/continuous/test/auto/ContinuousWithinContinuous7.xml (RunModel)" time="0.065" />
  <testcase classname="ptolemy.util.test.junit.AutoTests" name="[48] /home/travis/build/icyphy/ptII/ptolemy/domains/continuous/test/auto/DCMotor.xml (RunModel)" time="12.869" />
  <testcase classname="ptolemy.util.test.junit.AutoTests" name="[49] /home/travis/build/icyphy/ptII/ptolemy/domains/continuous/test/auto/DEInContinuous.xml (RunModel)" time="0.029" />
  <testcase classname="ptolemy.util.test.junit.AutoTests" name="[50] /home/travis/build/icyphy/ptII/ptolemy/domains/continuous/test/auto/DEinContinuous2.xml (RunModel)" time="0.028" />
  <testcase classname="ptolemy.util.test.junit.AutoTests" name="[51] /home/travis/build/icyphy/ptII/ptolemy/domains/continuous/test/auto/Derivative.xml (RunModel)" time="0.165" />
  <testcase classname="ptolemy.util.test.junit.AutoTests" name="[52] /home/travis/build/icyphy/ptII/ptolemy/domains/continuous/test/auto/Derivative1.xml (RunModel)" time="0.058" />
  <testcase classname="ptolemy.util.test.junit.AutoTests" name="[53] /home/travis/build/icyphy/ptII/ptolemy/domains/continuous/test/auto/DiscreteClock.xml (RunModel)" time="0.015" />
  <testcase classname="ptolemy.util.test.junit.AutoTests" name="[54] /home/travis/build/icyphy/ptII/ptolemy/domains/continuous/test/auto/EfficiencyCurve.xml (RunModel)" time="0.068" />
  <testcase classname="ptolemy.util.test.junit.AutoTests" name="[55] /home/travis/build/icyphy/ptII/ptolemy/domains/continuous/test/auto/ExponentialResponse.xml (RunModel)" time="0.115" />
  <testcase classname="ptolemy.util.test.junit.AutoTests" name="[56] /home/travis/build/icyphy/ptII/ptolemy/domains/continuous/test/auto/ExponentialResponseRK45.xml (RunModel)" time="0.031" />
  <testcase classname="ptolemy.util.test.junit.AutoTests" name="[57] /home/travis/build/icyphy/ptII/ptolemy/domains/continuous/test/auto/Friction.xml (RunModel)" time="1.521" />
  <testcase classname="ptolemy.util.test.junit.AutoTests" name="[58] /home/travis/build/icyphy/ptII/ptolemy/domains/continuous/test/auto/FurutaPendulum.xml (RunModel)" time="3.004" />
  <testcase classname="ptolemy.util.test.junit.AutoTests" name="[59] /home/travis/build/icyphy/ptII/ptolemy/domains/continuous/test/auto/HierarchicalExecution.xml (RunModel)" time="1.651" />
  <testcase classname="ptolemy.util.test.junit.AutoTests" name="[60] /home/travis/build/icyphy/ptII/ptolemy/domains/continuous/test/auto/HybridPlant.xml (RunModel)" time="0.531" />
  <testcase classname="ptolemy.util.test.junit.AutoTests" name="[61] /home/travis/build/icyphy/ptII/ptolemy/domains/continuous/test/auto/Hysteresis.xml (RunModel)" time="0.178" />
  <testcase classname="ptolemy.util.test.junit.AutoTests" name="[62] /home/travis/build/icyphy/ptII/ptolemy/domains/continuous/test/auto/HysteresisWithRandomDelay.xml (RunModel)" time="0.228" />
  <testcase classname="ptolemy.util.test.junit.AutoTests" name="[63] /home/travis/build/icyphy/ptII/ptolemy/domains/continuous/test/auto/HysteresisWithRandomLosses.xml (RunModel)" time="2.267" />
  <testcase classname="ptolemy.util.test.junit.AutoTests" name="[64] /home/travis/build/icyphy/ptII/ptolemy/domains/continuous/test/auto/ImmediateTransitions.xml (RunModel)" time="0.036" />
  <testcase classname="ptolemy.util.test.junit.AutoTests" name="[65] /home/travis/build/icyphy/ptII/ptolemy/domains/continuous/test/auto/ImpulseFeedback.xml (RunModel)" time="0.024" />
  <testcase classname="ptolemy.util.test.junit.AutoTests" name="[66] /home/travis/build/icyphy/ptII/ptolemy/domains/continuous/test/auto/ImpulseFeedback2.xml (RunModel)" time="0.017" />
  <testcase classname="ptolemy.util.test.junit.AutoTests" name="[67] /home/travis/build/icyphy/ptII/ptolemy/domains/continuous/test/auto/IncreasingRatePoisson.xml (RunModel)" time="0.721" />
  <testcase classname="ptolemy.util.test.junit.AutoTests" name="[68] /home/travis/build/icyphy/ptII/ptolemy/domains/continuous/test/auto/InitialStateFeedback.xml (RunModel)" time="0.012" />
  <testcase classname="ptolemy.util.test.junit.AutoTests" name="[69] /home/travis/build/icyphy/ptII/ptolemy/domains/continuous/test/auto/Integration.xml (RunModel)" time="0.008" />
  <testcase classname="ptolemy.util.test.junit.AutoTests" name="[70] /home/travis/build/icyphy/ptII/ptolemy/domains/continuous/test/auto/Integration2.xml (RunModel)" time="0.073" />
  <testcase classname="ptolemy.util.test.junit.AutoTests" name="[71] /home/travis/build/icyphy/ptII/ptolemy/domains/continuous/test/auto/Integration3.xml (RunModel)" time="0.011" />
  <testcase classname="ptolemy.util.test.junit.AutoTests" name="[72] /home/travis/build/icyphy/ptII/ptolemy/domains/continuous/test/auto/Integration5.xml (RunModel)" time="0.009" />
  <testcase classname="ptolemy.util.test.junit.AutoTests" name="[73] /home/travis/build/icyphy/ptII/ptolemy/domains/continuous/test/auto/IntegratorImpulse.xml (RunModel)" time="0.009" />
  <testcase classname="ptolemy.util.test.junit.AutoTests" name="[74] /home/travis/build/icyphy/ptII/ptolemy/domains/continuous/test/auto/IntegratorImpulse2.xml (RunModel)" time="0.014" />
  <testcase classname="ptolemy.util.test.junit.AutoTests" name="[75] /home/travis/build/icyphy/ptII/ptolemy/domains/continuous/test/auto/LevelCrossing1.xml (RunModel)" time="0.011" />
  <testcase classname="ptolemy.util.test.junit.AutoTests" name="[76] /home/travis/build/icyphy/ptII/ptolemy/domains/continuous/test/auto/LevelCrossing2.xml (RunModel)" time="0.014" />
  <testcase classname="ptolemy.util.test.junit.AutoTests" name="[77] /home/travis/build/icyphy/ptII/ptolemy/domains/continuous/test/auto/LevelCrossing3.xml (RunModel)" time="0.011" />
  <testcase classname="ptolemy.util.test.junit.AutoTests" name="[78] /home/travis/build/icyphy/ptII/ptolemy/domains/continuous/test/auto/LevelCrossing4.xml (RunModel)" time="0.014" />
  <testcase classname="ptolemy.util.test.junit.AutoTests" name="[79] /home/travis/build/icyphy/ptII/ptolemy/domains/continuous/test/auto/LevelCrossing5.xml (RunModel)" time="0.045" />
  <testcase classname="ptolemy.util.test.junit.AutoTests" name="[80] /home/travis/build/icyphy/ptII/ptolemy/domains/continuous/test/auto/LevelCrossing6.xml (RunModel)" time="0.014" />
  <testcase classname="ptolemy.util.test.junit.AutoTests" name="[81] /home/travis/build/icyphy/ptII/ptolemy/domains/continuous/test/auto/LevelCrossingDetector.xml (RunModel)" time="0.044" />
  <testcase classname="ptolemy.util.test.junit.AutoTests" name="[82] /home/travis/build/icyphy/ptII/ptolemy/domains/continuous/test/auto/LevelCrossingDetectorDetectingDirections.xml (RunModel)" time="0.086" />
  <testcase classname="ptolemy.util.test.junit.AutoTests" name="[83] /home/travis/build/icyphy/ptII/ptolemy/domains/continuous/test/auto/LevelCrossingDetectorDetectsGlitches.xml (RunModel)" time="0.057" />
  <testcase classname="ptolemy.util.test.junit.AutoTests" name="[84] /home/travis/build/icyphy/ptII/ptolemy/domains/continuous/test/auto/LevelCrossingNoInitialOuput.xml (RunModel)" time="0.014" />
  <testcase classname="ptolemy.util.test.junit.AutoTests" name="[85] /home/travis/build/icyphy/ptII/ptolemy/domains/continuous/test/auto/LinearStateSpaceExample.xml (RunModel)" time="0.066" />
  <testcase classname="ptolemy.util.test.junit.AutoTests" name="[86] /home/travis/build/icyphy/ptII/ptolemy/domains/continuous/test/auto/Lorenz.xml (RunModel)" time="3.214" />
  <testcase classname="ptolemy.util.test.junit.AutoTests" name="[87] /home/travis/build/icyphy/ptII/ptolemy/domains/continuous/test/auto/LorenzDifferentialSystem.xml (RunModel)" time="0.796" />
  <testcase classname="ptolemy.util.test.junit.AutoTests" name="[88] /home/travis/build/icyphy/ptII/ptolemy/domains/continuous/test/auto/LorenzDifferentialSystemWithInput.xml (RunModel)" time="1.144" />
  <testcase classname="ptolemy.util.test.junit.AutoTests" name="[89] /home/travis/build/icyphy/ptII/ptolemy/domains/continuous/test/auto/LorenzDifferentialSystemWithTime.xml (RunModel)" time="0.63" />
  <testcase classname="ptolemy.util.test.junit.AutoTests" name="[90] /home/travis/build/icyphy/ptII/ptolemy/domains/continuous/test/auto/Microsteps.xml (RunModel)" time="0.027" />
  <testcase classname="ptolemy.util.test.junit.AutoTests" name="[91] /home/travis/build/icyphy/ptII/ptolemy/domains/continuous/test/auto/Modal1.xml (RunModel)" time="0.038" />
  <testcase classname="ptolemy.util.test.junit.AutoTests" name="[92] /home/travis/build/icyphy/ptII/ptolemy/domains/continuous/test/auto/Modal2.xml (RunModel)" time="0.06" />
  <testcase classname="ptolemy.util.test.junit.AutoTests" name="[93] /home/travis/build/icyphy/ptII/ptolemy/domains/continuous/test/auto/ModalTransitionGuardWithReset.xml (RunModel)" time="0.022" />
  <testcase classname="ptolemy.util.test.junit.AutoTests" name="[94] /home/travis/build/icyphy/ptII/ptolemy/domains/continuous/test/auto/ModalTransitionGuardWithResetUsingPreemptiveTransition.xml (RunModel)" time="0.032" />
  <testcase classname="ptolemy.util.test.junit.AutoTests" name="[95] /home/travis/build/icyphy/ptII/ptolemy/domains/continuous/test/auto/ModalTransitionGuardWithResetUsingPreemptiveTransition2.xml (RunModel)" time="0.035" />
  <testcase classname="ptolemy.util.test.junit.AutoTests" name="[96] /home/travis/build/icyphy/ptII/ptolemy/domains/continuous/test/auto/ModalTransitionGuardWithResetUsingPreemptiveTransition3.xml (RunModel)" time="0.024" />
  <testcase classname="ptolemy.util.test.junit.AutoTests" name="[97] /home/travis/build/icyphy/ptII/ptolemy/domains/continuous/test/auto/NewtonsCradle.xml (RunModel)" time="0.741" />
  <testcase classname="ptolemy.util.test.junit.AutoTests" name="[98] /home/travis/build/icyphy/ptII/ptolemy/domains/continuous/test/auto/NewtonsCradleAnimated.xml (RunModel)" time="1.258" />
  <testcase classname="ptolemy.util.test.junit.AutoTests" name="[99] /home/travis/build/icyphy/ptII/ptolemy/domains/continuous/test/auto/NewtonsCradleComplicated.xml (RunModel)" time="0.892" />
  <testcase classname="ptolemy.util.test.junit.AutoTests" name="[100] /home/travis/build/icyphy/ptII/ptolemy/domains/continuous/test/auto/NewtonsCradleNondeterministic.xml (RunModel)" time="0.659" />
  <testcase classname="ptolemy.util.test.junit.AutoTests" name="[101] /home/travis/build/icyphy/ptII/ptolemy/domains/continuous/test/auto/NewtonsCradlePerfectlyInelastic1.xml (RunModel)" time="1.267" />
  <testcase classname="ptolemy.util.test.junit.AutoTests" name="[102] /home/travis/build/icyphy/ptII/ptolemy/domains/continuous/test/auto/Noise.xml (RunModel)" time="0.176" />
  <testcase classname="ptolemy.util.test.junit.AutoTests" name="[103] /home/travis/build/icyphy/ptII/ptolemy/domains/continuous/test/auto/NoiseSpectrum.xml (RunModel)" time="0.654" />
  <testcase classname="ptolemy.util.test.junit.AutoTests" name="[104] /home/travis/build/icyphy/ptII/ptolemy/domains/continuous/test/auto/ParameterizedNewtonsCradleAnimated.xml (RunModel)" time="0.35" />
  <testcase classname="ptolemy.util.test.junit.AutoTests" name="[105] /home/travis/build/icyphy/ptII/ptolemy/domains/continuous/test/auto/ParameterizedNewtonsCradleAnimatedNondeterministic.xml (RunModel)" time="1.072" />
  <testcase classname="ptolemy.util.test.junit.AutoTests" name="[106] /home/travis/build/icyphy/ptII/ptolemy/domains/continuous/test/auto/Pendulum3D.xml (RunModel)" time="0.157" />
  <testcase classname="ptolemy.util.test.junit.AutoTests" name="[107] /home/travis/build/icyphy/ptII/ptolemy/domains/continuous/test/auto/PeriodicSampler.xml (RunModel)" time="0.009" />
  <testcase classname="ptolemy.util.test.junit.AutoTests" name="[108] /home/travis/build/icyphy/ptII/ptolemy/domains/continuous/test/auto/PeriodicSampler1.xml (RunModel)" time="0.035" />
  <testcase classname="ptolemy.util.test.junit.AutoTests" name="[109] /home/travis/build/icyphy/ptII/ptolemy/domains/continuous/test/auto/PeriodicSampler2.xml (RunModel)" time="0.068" />
  <testcase classname="ptolemy.util.test.junit.AutoTests" name="[110] /home/travis/build/icyphy/ptII/ptolemy/domains/continuous/test/auto/Poisson.xml (RunModel)" time="0.373" />
  <testcase classname="ptolemy.util.test.junit.AutoTests" name="[111] /home/travis/build/icyphy/ptII/ptolemy/domains/continuous/test/auto/PoissonClock.xml (RunModel)" time="0.01" />
  <testcase classname="ptolemy.util.test.junit.AutoTests" name="[112] /home/travis/build/icyphy/ptII/ptolemy/domains/continuous/test/auto/PoissonClock2.xml (RunModel)" time="0.017" />
  <testcase classname="ptolemy.util.test.junit.AutoTests" name="[113] /home/travis/build/icyphy/ptII/ptolemy/domains/continuous/test/auto/PortParameterHierarchy.xml (RunModel)" time="0.027" />
  <testcase classname="ptolemy.util.test.junit.AutoTests" name="[114] /home/travis/build/icyphy/ptII/ptolemy/domains/continuous/test/auto/RandomHybridPlant.xml (RunModel)" time="0.561" />
  <testcase classname="ptolemy.util.test.junit.AutoTests" name="[115] /home/travis/build/icyphy/ptII/ptolemy/domains/continuous/test/auto/ResetTransitionWithStartTime1.xml (RunModel)" time="0.026" />
  <testcase classname="ptolemy.util.test.junit.AutoTests" name="[116] /home/travis/build/icyphy/ptII/ptolemy/domains/continuous/test/auto/ResetTransitionWithStartTime2.xml (RunModel)" time="0.032" />
  <testcase classname="ptolemy.util.test.junit.AutoTests" name="[117] /home/travis/build/icyphy/ptII/ptolemy/domains/continuous/test/auto/ResetTransitionWithStartTime3.xml (RunModel)" time="0.037" />
  <testcase classname="ptolemy.util.test.junit.AutoTests" name="[118] /home/travis/build/icyphy/ptII/ptolemy/domains/continuous/test/auto/ResetTransitionWithStartTime4.xml (RunModel)" time="0.028" />
  <testcase classname="ptolemy.util.test.junit.AutoTests" name="[119] /home/travis/build/icyphy/ptII/ptolemy/domains/continuous/test/auto/ResetTransitionWithStartTime5.xml (RunModel)" time="0.035" />
  <testcase classname="ptolemy.util.test.junit.AutoTests" name="[120] /home/travis/build/icyphy/ptII/ptolemy/domains/continuous/test/auto/ResetTransitionWithStartTime6.xml (RunModel)" time="0.027" />
  <testcase classname="ptolemy.util.test.junit.AutoTests" name="[121] /home/travis/build/icyphy/ptII/ptolemy/domains/continuous/test/auto/SRinContinuous.xml (RunModel)" time="0.023" />
  <testcase classname="ptolemy.util.test.junit.AutoTests" name="[122] /home/travis/build/icyphy/ptII/ptolemy/domains/continuous/test/auto/SampledClocks.xml (RunModel)" time="0.033" />
  <testcase classname="ptolemy.util.test.junit.AutoTests" name="[123] /home/travis/build/icyphy/ptII/ptolemy/domains/continuous/test/auto/Satellite.xml (RunModel)" time="0.665" />
  <testcase classname="ptolemy.util.test.junit.AutoTests" name="[124] /home/travis/build/icyphy/ptII/ptolemy/domains/continuous/test/auto/SigmaDelta.xml (RunModel)" time="2.046" />
  <testcase classname="ptolemy.util.test.junit.AutoTests" name="[125] /home/travis/build/icyphy/ptII/ptolemy/domains/continuous/test/auto/SingleRefinement.xml (RunModel)" time="0.418" />
  <testcase classname="ptolemy.util.test.junit.AutoTests" name="[126] /home/travis/build/icyphy/ptII/ptolemy/domains/continuous/test/auto/SinuBouncingBall.xml (RunModel)" time="0.912" />
  <testcase classname="ptolemy.util.test.junit.AutoTests" name="[127] /home/travis/build/icyphy/ptII/ptolemy/domains/continuous/test/auto/Sinusoid.xml (RunModel)" time="0.016" />
  <testcase classname="ptolemy.util.test.junit.AutoTests" name="[128] /home/travis/build/icyphy/ptII/ptolemy/domains/continuous/test/auto/SinusoidInNoise.xml (RunModel)" time="0.803" />
  <testcase classname="ptolemy.util.test.junit.AutoTests" name="[129] /home/travis/build/icyphy/ptII/ptolemy/domains/continuous/test/auto/SinusoidRK45.xml (RunModel)" time="0.011" />
  <testcase classname="ptolemy.util.test.junit.AutoTests" name="[130] /home/travis/build/icyphy/ptII/ptolemy/domains/continuous/test/auto/SinusoidWithMultipleImpulses.xml (RunModel)" time="0.015" />
  <testcase classname="ptolemy.util.test.junit.AutoTests" name="[131] /home/travis/build/icyphy/ptII/ptolemy/domains/continuous/test/auto/SquareWave.xml (RunModel)" time="0.175" />
  <testcase classname="ptolemy.util.test.junit.AutoTests" name="[132] /home/travis/build/icyphy/ptII/ptolemy/domains/continuous/test/auto/Starmac.xml (RunModel)" time="3.369" />
  <testcase classname="ptolemy.util.test.junit.AutoTests" name="[133] /home/travis/build/icyphy/ptII/ptolemy/domains/continuous/test/auto/StaticUnits.xml (RunModel)" time="2.357" />
  <testcase classname="ptolemy.util.test.junit.AutoTests" name="[134] /home/travis/build/icyphy/ptII/ptolemy/domains/continuous/test/auto/StickyMasses.xml (RunModel)" time="0.184" />
  <testcase classname="ptolemy.util.test.junit.AutoTests" name="[135] /home/travis/build/icyphy/ptII/ptolemy/domains/continuous/test/auto/StopTime.xml (RunModel)" time="0.06" />
  <testcase classname="ptolemy.util.test.junit.AutoTests" name="[136] /home/travis/build/icyphy/ptII/ptolemy/domains/continuous/test/auto/StopTime2.xml (RunModel)" time="0.052" />
  <testcase classname="ptolemy.util.test.junit.AutoTests" name="[137] /home/travis/build/icyphy/ptII/ptolemy/domains/continuous/test/auto/Switch.xml (RunModel)" time="0.066" />
  <testcase classname="ptolemy.util.test.junit.AutoTests" name="[138] /home/travis/build/icyphy/ptII/ptolemy/domains/continuous/test/auto/Thermostat.xml (RunModel)" time="0.223" />
  <testcase classname="ptolemy.util.test.junit.AutoTests" name="[139] /home/travis/build/icyphy/ptII/ptolemy/domains/continuous/test/auto/TimeDelay.xml (RunModel)" time="0.014" />
  <testcase classname="ptolemy.util.test.junit.AutoTests" name="[140] /home/travis/build/icyphy/ptII/ptolemy/domains/continuous/test/auto/TimeDelay2.xml (RunModel)" time="0.023" />
  <testcase classname="ptolemy.util.test.junit.AutoTests" name="[141] /home/travis/build/icyphy/ptII/ptolemy/domains/continuous/test/auto/TimeDelay3.xml (RunModel)" time="0.015" />
  <testcase classname="ptolemy.util.test.junit.AutoTests" name="[142] /home/travis/build/icyphy/ptII/ptolemy/domains/continuous/test/auto/TransferAbsentToInside.xml (RunModel)" time="0.098" />
  <testcase classname="ptolemy.util.test.junit.AutoTests" name="[143] /home/travis/build/icyphy/ptII/ptolemy/domains/continuous/test/auto/Transmission.xml (RunModel)" time="0.737" />
  <testcase classname="ptolemy.util.test.junit.AutoTests" name="[144] /home/travis/build/icyphy/ptII/ptolemy/domains/continuous/test/auto/TriggeredContinuousClock.xml (RunModel)" time="0.066" />
  <testcase classname="ptolemy.util.test.junit.AutoTests" name="[145] /home/travis/build/icyphy/ptII/ptolemy/domains/continuous/test/auto/TwoMachineInfiniteBusControl.xml (RunModel)" time="2.349" />
  <testcase classname="ptolemy.util.test.junit.AutoTests" name="[146] /home/travis/build/icyphy/ptII/ptolemy/domains/continuous/test/auto/V2V.xml (RunModel)" time="0.688" />
  <testcase classname="ptolemy.util.test.junit.AutoTests" name="[147] /home/travis/build/icyphy/ptII/ptolemy/domains/continuous/test/auto/hierarchicalModalModel.xml (RunModel)" time="0.028" />
  <testcase classname="ptolemy.util.test.junit.AutoTests" name="[148] /home/travis/build/icyphy/ptII/ptolemy/domains/continuous/test/auto/hierarchicalModalModel1.xml (RunModel)" time="0.031" />
  <testcase classname="ptolemy.util.test.junit.AutoTests" name="[149] /home/travis/build/icyphy/ptII/ptolemy/domains/continuous/test/auto/hierarchicalModalModel2.xml (RunModel)" time="0.025" />
  <testcase classname="ptolemy.util.test.junit.AutoTests" name="[150] /home/travis/build/icyphy/ptII/ptolemy/domains/continuous/test/auto/hierarchicalModalModel3.xml (RunModel)" time="0.021" />
  <testcase classname="ptolemy.util.test.junit.AutoTests" name="[151] /home/travis/build/icyphy/ptII/ptolemy/domains/continuous/test/auto/hierarchicalModalModel4.xml (RunModel)" time="0.023" />
  <testcase classname="ptolemy.util.test.junit.AutoTests" name="[152] /home/travis/build/icyphy/ptII/ptolemy/domains/continuous/test/auto/junk.xml (RunModel)" time="0.129" />
  <system-out><![CDATA[No tcl tests in /home/travis/build/icyphy/ptII/ptolemy/domains/continuous/test
No auto/knownFailedTests/*.xml tests in /home/travis/build/icyphy/ptII/ptolemy/domains/continuous/test
No auto/linux-amd64/*.xml tests in /home/travis/build/icyphy/ptII/ptolemy/domains/continuous/test
AutoTests.java: About to close Vertx.
AutoTests.java: Vertx closed.

===========================================================================================
----------------- testing Mon Mar 09 14:33:33 UTC 2020 /home/travis/build/icyphy/ptII/ptolemy/domains/continuous/test/auto/BouncingBall.xml
----------------- Instantiating /home/travis/build/icyphy/ptII/ptolemy/domains/continuous/test/auto/BouncingBall.xml
2451 ms. Memory: 160768K Free: 93863K (58%)
----------------- Invoking toplevel() on ptolemy.moml.MoMLSimpleApplication@34cb5e90
----------------- Done invoking toplevel() on ptolemy.moml.MoMLSimpleApplication@34cb5e90
reloadAllAccessors: .BouncingBall

===========================================================================================
----------------- testing Mon Mar 09 14:33:36 UTC 2020 /home/travis/build/icyphy/ptII/ptolemy/domains/continuous/test/auto/BouncingBallWithoutGR.xml
----------------- Instantiating /home/travis/build/icyphy/ptII/ptolemy/domains/continuous/test/auto/BouncingBallWithoutGR.xml
775 ms. Memory: 193536K Free: 153239K (79%)
----------------- Invoking toplevel() on ptolemy.moml.MoMLSimpleApplication@318bf699
----------------- Done invoking toplevel() on ptolemy.moml.MoMLSimpleApplication@318bf699
reloadAllAccessors: .BouncingBallWithoutGR

===========================================================================================
----------------- testing Mon Mar 09 14:33:37 UTC 2020 /home/travis/build/icyphy/ptII/ptolemy/domains/continuous/test/auto/Brownian.xml
----------------- Instantiating /home/travis/build/icyphy/ptII/ptolemy/domains/continuous/test/auto/Brownian.xml
31 ms. Memory: 193536K Free: 144023K (74%)
----------------- Invoking toplevel() on ptolemy.moml.MoMLSimpleApplication@4bd57cb4
----------------- Done invoking toplevel() on ptolemy.moml.MoMLSimpleApplication@4bd57cb4
reloadAllAccessors: .Brownian

===========================================================================================
----------------- testing Mon Mar 09 14:33:37 UTC 2020 /home/travis/build/icyphy/ptII/ptolemy/domains/continuous/test/auto/CarTracking.xml
----------------- Instantiating /home/travis/build/icyphy/ptII/ptolemy/domains/continuous/test/auto/CarTracking.xml
3796 ms. Memory: 232448K Free: 203503K (88%)
----------------- Invoking toplevel() on ptolemy.moml.MoMLSimpleApplication@71c231f1
----------------- Done invoking toplevel() on ptolemy.moml.MoMLSimpleApplication@71c231f1
reloadAllAccessors: .CarTracking

===========================================================================================
----------------- testing Mon Mar 09 14:33:41 UTC 2020 /home/travis/build/icyphy/ptII/ptolemy/domains/continuous/test/auto/CartPendulum.xml
----------------- Instantiating /home/travis/build/icyphy/ptII/ptolemy/domains/continuous/test/auto/CartPendulum.xml
367 ms. Memory: 232448K Free: 110829K (48%)
----------------- Invoking toplevel() on ptolemy.moml.MoMLSimpleApplication@7e534e48
----------------- Done invoking toplevel() on ptolemy.moml.MoMLSimpleApplication@7e534e48
reloadAllAccessors: .CartPendulum

===========================================================================================
----------------- testing Mon Mar 09 14:33:41 UTC 2020 /home/travis/build/icyphy/ptII/ptolemy/domains/continuous/test/auto/CausalityInterface10.xml
----------------- Instantiating /home/travis/build/icyphy/ptII/ptolemy/domains/continuous/test/auto/CausalityInterface10.xml
6 ms. Memory: 232448K Free: 100589K (43%)
----------------- Invoking toplevel() on ptolemy.moml.MoMLSimpleApplication@3249c3db
----------------- Done invoking toplevel() on ptolemy.moml.MoMLSimpleApplication@3249c3db
reloadAllAccessors: .CausalityInterface10

===========================================================================================
----------------- testing Mon Mar 09 14:33:42 UTC 2020 /home/travis/build/icyphy/ptII/ptolemy/domains/continuous/test/auto/CausalityInterface11.xml
----------------- Instantiating /home/travis/build/icyphy/ptII/ptolemy/domains/continuous/test/auto/CausalityInterface11.xml
8 ms. Memory: 232448K Free: 94445K (41%)
----------------- Invoking toplevel() on ptolemy.moml.MoMLSimpleApplication@64b2be01
----------------- Done invoking toplevel() on ptolemy.moml.MoMLSimpleApplication@64b2be01
reloadAllAccessors: .CausalityInterface11

===========================================================================================
----------------- testing Mon Mar 09 14:33:42 UTC 2020 /home/travis/build/icyphy/ptII/ptolemy/domains/continuous/test/auto/CausalityInterface12.xml
----------------- Instantiating /home/travis/build/icyphy/ptII/ptolemy/domains/continuous/test/auto/CausalityInterface12.xml
9 ms. Memory: 232448K Free: 88271K (38%)
----------------- Invoking toplevel() on ptolemy.moml.MoMLSimpleApplication@7bc74bd5
----------------- Done invoking toplevel() on ptolemy.moml.MoMLSimpleApplication@7bc74bd5
reloadAllAccessors: .CausalityInterface12

===========================================================================================
----------------- testing Mon Mar 09 14:33:42 UTC 2020 /home/travis/build/icyphy/ptII/ptolemy/domains/continuous/test/auto/CausalityInterface13.xml
----------------- Instantiating /home/travis/build/icyphy/ptII/ptolemy/domains/continuous/test/auto/CausalityInterface13.xml
7 ms. Memory: 232448K Free: 82127K (35%)
----------------- Invoking toplevel() on ptolemy.moml.MoMLSimpleApplication@29b055b6
----------------- Done invoking toplevel() on ptolemy.moml.MoMLSimpleApplication@29b055b6
reloadAllAccessors: .CausalityInterface13

===========================================================================================
----------------- testing Mon Mar 09 14:33:42 UTC 2020 /home/travis/build/icyphy/ptII/ptolemy/domains/continuous/test/auto/CausalityInterface14.xml
----------------- Instantiating /home/travis/build/icyphy/ptII/ptolemy/domains/continuous/test/auto/CausalityInterface14.xml
10 ms. Memory: 232448K Free: 213162K (92%)
----------------- Invoking toplevel() on ptolemy.moml.MoMLSimpleApplication@5b26bf1f
----------------- Done invoking toplevel() on ptolemy.moml.MoMLSimpleApplication@5b26bf1f
reloadAllAccessors: .CausalityInterface14

===========================================================================================
----------------- testing Mon Mar 09 14:33:42 UTC 2020 /home/travis/build/icyphy/ptII/ptolemy/domains/continuous/test/auto/CausalityInterface4.xml
----------------- Instantiating /home/travis/build/icyphy/ptII/ptolemy/domains/continuous/test/auto/CausalityInterface4.xml
5 ms. Memory: 232448K Free: 205994K (89%)
----------------- Invoking toplevel() on ptolemy.moml.MoMLSimpleApplication@3f045f21
----------------- Done invoking toplevel() on ptolemy.moml.MoMLSimpleApplication@3f045f21
reloadAllAccessors: .CausalityInterface4

===========================================================================================
----------------- testing Mon Mar 09 14:33:42 UTC 2020 /home/travis/build/icyphy/ptII/ptolemy/domains/continuous/test/auto/CausalityInterface5.xml
----------------- Instantiating /home/travis/build/icyphy/ptII/ptolemy/domains/continuous/test/auto/CausalityInterface5.xml
6 ms. Memory: 232448K Free: 197802K (85%)
----------------- Invoking toplevel() on ptolemy.moml.MoMLSimpleApplication@479cc98b
----------------- Done invoking toplevel() on ptolemy.moml.MoMLSimpleApplication@479cc98b
reloadAllAccessors: .CausalityInterface5

===========================================================================================
----------------- testing Mon Mar 09 14:33:42 UTC 2020 /home/travis/build/icyphy/ptII/ptolemy/domains/continuous/test/auto/CausalityInterface6.xml
----------------- Instantiating /home/travis/build/icyphy/ptII/ptolemy/domains/continuous/test/auto/CausalityInterface6.xml
5 ms. Memory: 232448K Free: 192168K (83%)
----------------- Invoking toplevel() on ptolemy.moml.MoMLSimpleApplication@25be06d2
----------------- Done invoking toplevel() on ptolemy.moml.MoMLSimpleApplication@25be06d2
reloadAllAccessors: .CausalityInterface6

===========================================================================================
----------------- testing Mon Mar 09 14:33:42 UTC 2020 /home/travis/build/icyphy/ptII/ptolemy/domains/continuous/test/auto/CausalityInterface7.xml
----------------- Instantiating /home/travis/build/icyphy/ptII/ptolemy/domains/continuous/test/auto/CausalityInterface7.xml
10 ms. Memory: 232448K Free: 183466K (79%)
----------------- Invoking toplevel() on ptolemy.moml.MoMLSimpleApplication@596cb9ce
----------------- Done invoking toplevel() on ptolemy.moml.MoMLSimpleApplication@596cb9ce
reloadAllAccessors: .CausalityInterface7

===========================================================================================
----------------- testing Mon Mar 09 14:33:42 UTC 2020 /home/travis/build/icyphy/ptII/ptolemy/domains/continuous/test/auto/CausalityInterface8.xml
----------------- Instantiating /home/travis/build/icyphy/ptII/ptolemy/domains/continuous/test/auto/CausalityInterface8.xml
8 ms. Memory: 232448K Free: 174250K (75%)
----------------- Invoking toplevel() on ptolemy.moml.MoMLSimpleApplication@31cf09f3
----------------- Done invoking toplevel() on ptolemy.moml.MoMLSimpleApplication@31cf09f3
reloadAllAccessors: .CausalityInterface8

===========================================================================================
----------------- testing Mon Mar 09 14:33:42 UTC 2020 /home/travis/build/icyphy/ptII/ptolemy/domains/continuous/test/auto/CausalityInterface9.xml
----------------- Instantiating /home/travis/build/icyphy/ptII/ptolemy/domains/continuous/test/auto/CausalityInterface9.xml
11 ms. Memory: 232448K Free: 163496K (70%)
----------------- Invoking toplevel() on ptolemy.moml.MoMLSimpleApplication@45ce215d
----------------- Done invoking toplevel() on ptolemy.moml.MoMLSimpleApplication@45ce215d
reloadAllAccessors: .CausalityInterface9

===========================================================================================
----------------- testing Mon Mar 09 14:33:42 UTC 2020 /home/travis/build/icyphy/ptII/ptolemy/domains/continuous/test/auto/CausalityInterfaceFeedback1.xml
----------------- Instantiating /home/travis/build/icyphy/ptII/ptolemy/domains/continuous/test/auto/CausalityInterfaceFeedback1.xml
6 ms. Memory: 232448K Free: 156842K (67%)
----------------- Invoking toplevel() on ptolemy.moml.MoMLSimpleApplication@2e019c55
----------------- Done invoking toplevel() on ptolemy.moml.MoMLSimpleApplication@2e019c55
reloadAllAccessors: .CausalityInterfaceFeedback1

===========================================================================================
----------------- testing Mon Mar 09 14:33:42 UTC 2020 /home/travis/build/icyphy/ptII/ptolemy/domains/continuous/test/auto/CausalityInterfaceFeedback2.xml
----------------- Instantiating /home/travis/build/icyphy/ptII/ptolemy/domains/continuous/test/auto/CausalityInterfaceFeedback2.xml
7 ms. Memory: 232448K Free: 150170K (65%)
----------------- Invoking toplevel() on ptolemy.moml.MoMLSimpleApplication@514f5d11
----------------- Done invoking toplevel() on ptolemy.moml.MoMLSimpleApplication@514f5d11
reloadAllAccessors: .CausalityInterfaceFeedback2

===========================================================================================
----------------- testing Mon Mar 09 14:33:42 UTC 2020 /home/travis/build/icyphy/ptII/ptolemy/domains/continuous/test/auto/CompareWithCurrentTime.xml
----------------- Instantiating /home/travis/build/icyphy/ptII/ptolemy/domains/continuous/test/auto/CompareWithCurrentTime.xml
4 ms. Memory: 232448K Free: 146602K (63%)
----------------- Invoking toplevel() on ptolemy.moml.MoMLSimpleApplication@39ff2888
----------------- Done invoking toplevel() on ptolemy.moml.MoMLSimpleApplication@39ff2888
reloadAllAccessors: .CompareWithCurrentTime

===========================================================================================
----------------- testing Mon Mar 09 14:33:42 UTC 2020 /home/travis/build/icyphy/ptII/ptolemy/domains/continuous/test/auto/ComparedClocks.xml
----------------- Instantiating /home/travis/build/icyphy/ptII/ptolemy/domains/continuous/test/auto/ComparedClocks.xml
8 ms. Memory: 232448K Free: 131242K (56%)
----------------- Invoking toplevel() on ptolemy.moml.MoMLSimpleApplication@424508e1
----------------- Done invoking toplevel() on ptolemy.moml.MoMLSimpleApplication@424508e1
reloadAllAccessors: .ComparedClocks

===========================================================================================
----------------- testing Mon Mar 09 14:33:42 UTC 2020 /home/travis/build/icyphy/ptII/ptolemy/domains/continuous/test/auto/ContinuousAOCClone.xml
----------------- Instantiating /home/travis/build/icyphy/ptII/ptolemy/domains/continuous/test/auto/ContinuousAOCClone.xml
2372 ms. Memory: 279552K Free: 121000K (43%)
----------------- Invoking toplevel() on ptolemy.moml.MoMLSimpleApplication@1343ff0b
----------------- Done invoking toplevel() on ptolemy.moml.MoMLSimpleApplication@1343ff0b
reloadAllAccessors: .ContinuousAOCClone

===========================================================================================
----------------- testing Mon Mar 09 14:33:45 UTC 2020 /home/travis/build/icyphy/ptII/ptolemy/domains/continuous/test/auto/ContinuousClock.xml
----------------- Instantiating /home/travis/build/icyphy/ptII/ptolemy/domains/continuous/test/auto/ContinuousClock.xml
28 ms. Memory: 279552K Free: 99472K (36%)
----------------- Invoking toplevel() on ptolemy.moml.MoMLSimpleApplication@7a6810dd
----------------- Done invoking toplevel() on ptolemy.moml.MoMLSimpleApplication@7a6810dd
reloadAllAccessors: .ContinuousClock

===========================================================================================
----------------- testing Mon Mar 09 14:33:45 UTC 2020 /home/travis/build/icyphy/ptII/ptolemy/domains/continuous/test/auto/ContinuousInContinuous.xml
----------------- Instantiating /home/travis/build/icyphy/ptII/ptolemy/domains/continuous/test/auto/ContinuousInContinuous.xml
44 ms. Memory: 279552K Free: 241815K (87%)
----------------- Invoking toplevel() on ptolemy.moml.MoMLSimpleApplication@133d194
----------------- Done invoking toplevel() on ptolemy.moml.MoMLSimpleApplication@133d194
reloadAllAccessors: .ContinuousInContinuous

===========================================================================================
----------------- testing Mon Mar 09 14:33:45 UTC 2020 /home/travis/build/icyphy/ptII/ptolemy/domains/continuous/test/auto/ContinuousInContinuousInContinuous.xml
----------------- Instantiating /home/travis/build/icyphy/ptII/ptolemy/domains/continuous/test/auto/ContinuousInContinuousInContinuous.xml
7 ms. Memory: 279552K Free: 234143K (84%)
----------------- Invoking toplevel() on ptolemy.moml.MoMLSimpleApplication@c67bb6a
----------------- Done invoking toplevel() on ptolemy.moml.MoMLSimpleApplication@c67bb6a
reloadAllAccessors: .ContinuousInContinuousInContinuous

===========================================================================================
----------------- testing Mon Mar 09 14:33:45 UTC 2020 /home/travis/build/icyphy/ptII/ptolemy/domains/continuous/test/auto/ContinuousInDE.xml
----------------- Instantiating /home/travis/build/icyphy/ptII/ptolemy/domains/continuous/test/auto/ContinuousInDE.xml
98 ms. Memory: 279552K Free: 223389K (80%)
----------------- Invoking toplevel() on ptolemy.moml.MoMLSimpleApplication@16b24bef
----------------- Done invoking toplevel() on ptolemy.moml.MoMLSimpleApplication@16b24bef
reloadAllAccessors: .ContinuousInDE

===========================================================================================
----------------- testing Mon Mar 09 14:33:45 UTC 2020 /home/travis/build/icyphy/ptII/ptolemy/domains/continuous/test/auto/ContinuousInDE2.xml
----------------- Instantiating /home/travis/build/icyphy/ptII/ptolemy/domains/continuous/test/auto/ContinuousInDE2.xml
31 ms. Memory: 279552K Free: 213663K (76%)
----------------- Invoking toplevel() on ptolemy.moml.MoMLSimpleApplication@4488dc43
----------------- Done invoking toplevel() on ptolemy.moml.MoMLSimpleApplication@4488dc43
reloadAllAccessors: .ContinuousInDE2

===========================================================================================
----------------- testing Mon Mar 09 14:33:45 UTC 2020 /home/travis/build/icyphy/ptII/ptolemy/domains/continuous/test/auto/ContinuousInDE3.xml
----------------- Instantiating /home/travis/build/icyphy/ptII/ptolemy/domains/continuous/test/auto/ContinuousInDE3.xml
30 ms. Memory: 279552K Free: 203933K (73%)
----------------- Invoking toplevel() on ptolemy.moml.MoMLSimpleApplication@14e9ca2d
----------------- Done invoking toplevel() on ptolemy.moml.MoMLSimpleApplication@14e9ca2d
reloadAllAccessors: .ContinuousInDE3

===========================================================================================
----------------- testing Mon Mar 09 14:33:45 UTC 2020 /home/travis/build/icyphy/ptII/ptolemy/domains/continuous/test/auto/ContinuousInDE4.xml
----------------- Instantiating /home/travis/build/icyphy/ptII/ptolemy/domains/continuous/test/auto/ContinuousInDE4.xml
13 ms. Memory: 279552K Free: 197789K (71%)
----------------- Invoking toplevel() on ptolemy.moml.MoMLSimpleApplication@18b328b6
----------------- Done invoking toplevel() on ptolemy.moml.MoMLSimpleApplication@18b328b6
reloadAllAccessors: .ContinuousInDE4

===========================================================================================
----------------- testing Mon Mar 09 14:33:45 UTC 2020 /home/travis/build/icyphy/ptII/ptolemy/domains/continuous/test/auto/ContinuousInDEDifferentRefinements.xml
----------------- Instantiating /home/travis/build/icyphy/ptII/ptolemy/domains/continuous/test/auto/ContinuousInDEDifferentRefinements.xml
57 ms. Memory: 279552K Free: 166559K (60%)
----------------- Invoking toplevel() on ptolemy.moml.MoMLSimpleApplication@e174410
----------------- Done invoking toplevel() on ptolemy.moml.MoMLSimpleApplication@e174410
reloadAllAccessors: .ContinuousInDEDifferentRefinements

===========================================================================================
----------------- testing Mon Mar 09 14:33:45 UTC 2020 /home/travis/build/icyphy/ptII/ptolemy/domains/continuous/test/auto/ContinuousInDEDifferentRefinementsPreemptive.xml
----------------- Instantiating /home/travis/build/icyphy/ptII/ptolemy/domains/continuous/test/auto/ContinuousInDEDifferentRefinementsPreemptive.xml
43 ms. Memory: 279552K Free: 135325K (48%)
----------------- Invoking toplevel() on ptolemy.moml.MoMLSimpleApplication@70d26609
----------------- Done invoking toplevel() on ptolemy.moml.MoMLSimpleApplication@70d26609
reloadAllAccessors: .ContinuousInDEDifferentRefinementsPreemptive

===========================================================================================
----------------- testing Mon Mar 09 14:33:46 UTC 2020 /home/travis/build/icyphy/ptII/ptolemy/domains/continuous/test/auto/ContinuousInDEInContinuous2.xml
----------------- Instantiating /home/travis/build/icyphy/ptII/ptolemy/domains/continuous/test/auto/ContinuousInDEInContinuous2.xml
31 ms. Memory: 279552K Free: 124061K (44%)
----------------- Invoking toplevel() on ptolemy.moml.MoMLSimpleApplication@5136a9a7
----------------- Done invoking toplevel() on ptolemy.moml.MoMLSimpleApplication@5136a9a7
reloadAllAccessors: .ContinuousInDEInContinuous2

===========================================================================================
----------------- testing Mon Mar 09 14:33:46 UTC 2020 /home/travis/build/icyphy/ptII/ptolemy/domains/continuous/test/auto/ContinuousInDEInContinuous3.xml
----------------- Instantiating /home/travis/build/icyphy/ptII/ptolemy/domains/continuous/test/auto/ContinuousInDEInContinuous3.xml
32 ms. Memory: 279552K Free: 111773K (40%)
----------------- Invoking toplevel() on ptolemy.moml.MoMLSimpleApplication@33e50153
----------------- Done invoking toplevel() on ptolemy.moml.MoMLSimpleApplication@33e50153
reloadAllAccessors: .ContinuousInDEInContinuous3

===========================================================================================
----------------- testing Mon Mar 09 14:33:46 UTC 2020 /home/travis/build/icyphy/ptII/ptolemy/domains/continuous/test/auto/ContinuousInDEInput.xml
----------------- Instantiating /home/travis/build/icyphy/ptII/ptolemy/domains/continuous/test/auto/ContinuousInDEInput.xml
12 ms. Memory: 279552K Free: 104605K (37%)
----------------- Invoking toplevel() on ptolemy.moml.MoMLSimpleApplication@70fb4804
----------------- Done invoking toplevel() on ptolemy.moml.MoMLSimpleApplication@70fb4804
reloadAllAccessors: .ContinuousInDEInput

===========================================================================================
----------------- testing Mon Mar 09 14:33:46 UTC 2020 /home/travis/build/icyphy/ptII/ptolemy/domains/continuous/test/auto/ContinuousInDEInput2.xml
----------------- Instantiating /home/travis/build/icyphy/ptII/ptolemy/domains/continuous/test/auto/ContinuousInDEInput2.xml
17 ms. Memory: 279552K Free: 262955K (94%)
----------------- Invoking toplevel() on ptolemy.moml.MoMLSimpleApplication@48b71e9c
----------------- Done invoking toplevel() on ptolemy.moml.MoMLSimpleApplication@48b71e9c
reloadAllAccessors: .ContinuousInDEInput2

===========================================================================================
----------------- testing Mon Mar 09 14:33:46 UTC 2020 /home/travis/build/icyphy/ptII/ptolemy/domains/continuous/test/auto/ContinuousInDEInput3.xml
----------------- Instantiating /home/travis/build/icyphy/ptII/ptolemy/domains/continuous/test/auto/ContinuousInDEInput3.xml
10 ms. Memory: 279552K Free: 255277K (91%)
----------------- Invoking toplevel() on ptolemy.moml.MoMLSimpleApplication@1d9e25ad
----------------- Done invoking toplevel() on ptolemy.moml.MoMLSimpleApplication@1d9e25ad
reloadAllAccessors: .ContinuousInDEInput3

===========================================================================================
----------------- testing Mon Mar 09 14:33:46 UTC 2020 /home/travis/build/icyphy/ptII/ptolemy/domains/continuous/test/auto/ContinuousInDESharingRefinement.xml
----------------- Instantiating /home/travis/build/icyphy/ptII/ptolemy/domains/continuous/test/auto/ContinuousInDESharingRefinement.xml
142 ms. Memory: 279552K Free: 160555K (57%)
----------------- Invoking toplevel() on ptolemy.moml.MoMLSimpleApplication@39008781
----------------- Done invoking toplevel() on ptolemy.moml.MoMLSimpleApplication@39008781
reloadAllAccessors: .ContinuousInDESharingRefinement

===========================================================================================
----------------- testing Mon Mar 09 14:33:46 UTC 2020 /home/travis/build/icyphy/ptII/ptolemy/domains/continuous/test/auto/ContinuousInDEwithNoPorts.xml
----------------- Instantiating /home/travis/build/icyphy/ptII/ptolemy/domains/continuous/test/auto/ContinuousInDEwithNoPorts.xml
5 ms. Memory: 279552K Free: 156429K (56%)
----------------- Invoking toplevel() on ptolemy.moml.MoMLSimpleApplication@66fecd9f
----------------- Done invoking toplevel() on ptolemy.moml.MoMLSimpleApplication@66fecd9f
reloadAllAccessors: .ContinuousInDEwithNoPorts

===========================================================================================
----------------- testing Mon Mar 09 14:33:46 UTC 2020 /home/travis/build/icyphy/ptII/ptolemy/domains/continuous/test/auto/ContinuousInsideDE.xml
----------------- Instantiating /home/travis/build/icyphy/ptII/ptolemy/domains/continuous/test/auto/ContinuousInsideDE.xml
26 ms. Memory: 279552K Free: 145195K (52%)
----------------- Invoking toplevel() on ptolemy.moml.MoMLSimpleApplication@3b92d911
----------------- Done invoking toplevel() on ptolemy.moml.MoMLSimpleApplication@3b92d911
reloadAllAccessors: .ContinuousInsideDE

===========================================================================================
----------------- testing Mon Mar 09 14:33:46 UTC 2020 /home/travis/build/icyphy/ptII/ptolemy/domains/continuous/test/auto/ContinuousMerge1.xml
----------------- Instantiating /home/travis/build/icyphy/ptII/ptolemy/domains/continuous/test/auto/ContinuousMerge1.xml
2 ms. Memory: 279552K Free: 140589K (50%)
----------------- Invoking toplevel() on ptolemy.moml.MoMLSimpleApplication@6fa849a4
----------------- Done invoking toplevel() on ptolemy.moml.MoMLSimpleApplication@6fa849a4
reloadAllAccessors: .ContinuousMerge1

===========================================================================================
----------------- testing Mon Mar 09 14:33:46 UTC 2020 /home/travis/build/icyphy/ptII/ptolemy/domains/continuous/test/auto/ContinuousMerge2.xml
----------------- Instantiating /home/travis/build/icyphy/ptII/ptolemy/domains/continuous/test/auto/ContinuousMerge2.xml
12 ms. Memory: 279552K Free: 129835K (46%)
----------------- Invoking toplevel() on ptolemy.moml.MoMLSimpleApplication@54a6f7de
----------------- Done invoking toplevel() on ptolemy.moml.MoMLSimpleApplication@54a6f7de
reloadAllAccessors: .ContinuousMerge2

===========================================================================================
----------------- testing Mon Mar 09 14:33:46 UTC 2020 /home/travis/build/icyphy/ptII/ptolemy/domains/continuous/test/auto/ContinuousMerge3.xml
----------------- Instantiating /home/travis/build/icyphy/ptII/ptolemy/domains/continuous/test/auto/ContinuousMerge3.xml
35 ms. Memory: 279552K Free: 119085K (43%)
----------------- Invoking toplevel() on ptolemy.moml.MoMLSimpleApplication@6c04ff84
----------------- Done invoking toplevel() on ptolemy.moml.MoMLSimpleApplication@6c04ff84
reloadAllAccessors: .ContinuousMerge3

===========================================================================================
----------------- testing Mon Mar 09 14:33:46 UTC 2020 /home/travis/build/icyphy/ptII/ptolemy/domains/continuous/test/auto/ContinuousWithinContinuous.xml
----------------- Instantiating /home/travis/build/icyphy/ptII/ptolemy/domains/continuous/test/auto/ContinuousWithinContinuous.xml
28 ms. Memory: 279552K Free: 109355K (39%)
----------------- Invoking toplevel() on ptolemy.moml.MoMLSimpleApplication@56d655
----------------- Done invoking toplevel() on ptolemy.moml.MoMLSimpleApplication@56d655
reloadAllAccessors: .ContinuousWithinContinuous

===========================================================================================
----------------- testing Mon Mar 09 14:33:46 UTC 2020 /home/travis/build/icyphy/ptII/ptolemy/domains/continuous/test/auto/ContinuousWithinContinuous2.xml
----------------- Instantiating /home/travis/build/icyphy/ptII/ptolemy/domains/continuous/test/auto/ContinuousWithinContinuous2.xml
57 ms. Memory: 279552K Free: 264260K (95%)
----------------- Invoking toplevel() on ptolemy.moml.MoMLSimpleApplication@10422cab
----------------- Done invoking toplevel() on ptolemy.moml.MoMLSimpleApplication@10422cab
reloadAllAccessors: .ContinuousWithinContinuous2

===========================================================================================
----------------- testing Mon Mar 09 14:33:46 UTC 2020 /home/travis/build/icyphy/ptII/ptolemy/domains/continuous/test/auto/ContinuousWithinContinuous3.xml
----------------- Instantiating /home/travis/build/icyphy/ptII/ptolemy/domains/continuous/test/auto/ContinuousWithinContinuous3.xml
11 ms. Memory: 279552K Free: 256902K (92%)
----------------- Invoking toplevel() on ptolemy.moml.MoMLSimpleApplication@2cdd75c
----------------- Done invoking toplevel() on ptolemy.moml.MoMLSimpleApplication@2cdd75c
reloadAllAccessors: .ContinuousWithinContinuous3

===========================================================================================
----------------- testing Mon Mar 09 14:33:46 UTC 2020 /home/travis/build/icyphy/ptII/ptolemy/domains/continuous/test/auto/ContinuousWithinContinuous4.xml
----------------- Instantiating /home/travis/build/icyphy/ptII/ptolemy/domains/continuous/test/auto/ContinuousWithinContinuous4.xml
55 ms. Memory: 279552K Free: 244614K (88%)
----------------- Invoking toplevel() on ptolemy.moml.MoMLSimpleApplication@20cfeb43
----------------- Done invoking toplevel() on ptolemy.moml.MoMLSimpleApplication@20cfeb43
reloadAllAccessors: .ContinuousWithinContinuous4

===========================================================================================
----------------- testing Mon Mar 09 14:33:46 UTC 2020 /home/travis/build/icyphy/ptII/ptolemy/domains/continuous/test/auto/ContinuousWithinContinuous5.xml
----------------- Instantiating /home/travis/build/icyphy/ptII/ptolemy/domains/continuous/test/auto/ContinuousWithinContinuous5.xml
10 ms. Memory: 279552K Free: 237446K (85%)
----------------- Invoking toplevel() on ptolemy.moml.MoMLSimpleApplication@2ab3102
----------------- Done invoking toplevel() on ptolemy.moml.MoMLSimpleApplication@2ab3102
reloadAllAccessors: .ContinuousWithinContinuous5

===========================================================================================
----------------- testing Mon Mar 09 14:33:46 UTC 2020 /home/travis/build/icyphy/ptII/ptolemy/domains/continuous/test/auto/ContinuousWithinContinuous6.xml
----------------- Instantiating /home/travis/build/icyphy/ptII/ptolemy/domains/continuous/test/auto/ContinuousWithinContinuous6.xml
10 ms. Memory: 279552K Free: 230278K (82%)
----------------- Invoking toplevel() on ptolemy.moml.MoMLSimpleApplication@664b629
----------------- Done invoking toplevel() on ptolemy.moml.MoMLSimpleApplication@664b629
reloadAllAccessors: .ContinuousWithinContinuous6

===========================================================================================
----------------- testing Mon Mar 09 14:33:46 UTC 2020 /home/travis/build/icyphy/ptII/ptolemy/domains/continuous/test/auto/ContinuousWithinContinuous7.xml
----------------- Instantiating /home/travis/build/icyphy/ptII/ptolemy/domains/continuous/test/auto/ContinuousWithinContinuous7.xml
44 ms. Memory: 279552K Free: 219014K (78%)
----------------- Invoking toplevel() on ptolemy.moml.MoMLSimpleApplication@35733ed
----------------- Done invoking toplevel() on ptolemy.moml.MoMLSimpleApplication@35733ed
reloadAllAccessors: .ContinuousWithinContinuous7

===========================================================================================
----------------- testing Mon Mar 09 14:33:47 UTC 2020 /home/travis/build/icyphy/ptII/ptolemy/domains/continuous/test/auto/DCMotor.xml
----------------- Instantiating /home/travis/build/icyphy/ptII/ptolemy/domains/continuous/test/auto/DCMotor.xml
12778 ms. Memory: 279552K Free: 144676K (52%)
----------------- Invoking toplevel() on ptolemy.moml.MoMLSimpleApplication@42e9c905
----------------- Done invoking toplevel() on ptolemy.moml.MoMLSimpleApplication@42e9c905
reloadAllAccessors: .DCMotor

===========================================================================================
----------------- testing Mon Mar 09 14:33:59 UTC 2020 /home/travis/build/icyphy/ptII/ptolemy/domains/continuous/test/auto/DEInContinuous.xml
----------------- Instantiating /home/travis/build/icyphy/ptII/ptolemy/domains/continuous/test/auto/DEInContinuous.xml
14 ms. Memory: 279552K Free: 138028K (49%)
----------------- Invoking toplevel() on ptolemy.moml.MoMLSimpleApplication@670c09a4
----------------- Done invoking toplevel() on ptolemy.moml.MoMLSimpleApplication@670c09a4
reloadAllAccessors: .DEInContinuous

===========================================================================================
----------------- testing Mon Mar 09 14:33:59 UTC 2020 /home/travis/build/icyphy/ptII/ptolemy/domains/continuous/test/auto/DEinContinuous2.xml
----------------- Instantiating /home/travis/build/icyphy/ptII/ptolemy/domains/continuous/test/auto/DEinContinuous2.xml
8 ms. Memory: 279552K Free: 129836K (46%)
----------------- Invoking toplevel() on ptolemy.moml.MoMLSimpleApplication@45f26a6f
----------------- Done invoking toplevel() on ptolemy.moml.MoMLSimpleApplication@45f26a6f
reloadAllAccessors: .DEinContinuous2

===========================================================================================
----------------- testing Mon Mar 09 14:33:59 UTC 2020 /home/travis/build/icyphy/ptII/ptolemy/domains/continuous/test/auto/Derivative.xml
----------------- Instantiating /home/travis/build/icyphy/ptII/ptolemy/domains/continuous/test/auto/Derivative.xml
123 ms. Memory: 279552K Free: 100650K (36%)
----------------- Invoking toplevel() on ptolemy.moml.MoMLSimpleApplication@7fffe4bc
----------------- Done invoking toplevel() on ptolemy.moml.MoMLSimpleApplication@7fffe4bc
reloadAllAccessors: .Derivative2

===========================================================================================
----------------- testing Mon Mar 09 14:34:00 UTC 2020 /home/travis/build/icyphy/ptII/ptolemy/domains/continuous/test/auto/Derivative1.xml
----------------- Instantiating /home/travis/build/icyphy/ptII/ptolemy/domains/continuous/test/auto/Derivative1.xml
24 ms. Memory: 279552K Free: 252279K (90%)
----------------- Invoking toplevel() on ptolemy.moml.MoMLSimpleApplication@17e143f
----------------- Done invoking toplevel() on ptolemy.moml.MoMLSimpleApplication@17e143f
reloadAllAccessors: .Derivative1

===========================================================================================
----------------- testing Mon Mar 09 14:34:00 UTC 2020 /home/travis/build/icyphy/ptII/ptolemy/domains/continuous/test/auto/DiscreteClock.xml
----------------- Instantiating /home/travis/build/icyphy/ptII/ptolemy/domains/continuous/test/auto/DiscreteClock.xml
4 ms. Memory: 279552K Free: 247159K (88%)
----------------- Invoking toplevel() on ptolemy.moml.MoMLSimpleApplication@64b06795
----------------- Done invoking toplevel() on ptolemy.moml.MoMLSimpleApplication@64b06795
reloadAllAccessors: .DiscreteClock

===========================================================================================
----------------- testing Mon Mar 09 14:34:00 UTC 2020 /home/travis/build/icyphy/ptII/ptolemy/domains/continuous/test/auto/EfficiencyCurve.xml
----------------- Instantiating /home/travis/build/icyphy/ptII/ptolemy/domains/continuous/test/auto/EfficiencyCurve.xml
47 ms. Memory: 279552K Free: 237943K (85%)
----------------- Invoking toplevel() on ptolemy.moml.MoMLSimpleApplication@225d2889
----------------- Done invoking toplevel() on ptolemy.moml.MoMLSimpleApplication@225d2889
reloadAllAccessors: .EfficiencyCurve

===========================================================================================
----------------- testing Mon Mar 09 14:34:00 UTC 2020 /home/travis/build/icyphy/ptII/ptolemy/domains/continuous/test/auto/ExponentialResponse.xml
----------------- Instantiating /home/travis/build/icyphy/ptII/ptolemy/domains/continuous/test/auto/ExponentialResponse.xml
89 ms. Memory: 279552K Free: 222069K (79%)
----------------- Invoking toplevel() on ptolemy.moml.MoMLSimpleApplication@358489f9
----------------- Done invoking toplevel() on ptolemy.moml.MoMLSimpleApplication@358489f9
reloadAllAccessors: .ExponentialResponse

===========================================================================================
----------------- testing Mon Mar 09 14:34:00 UTC 2020 /home/travis/build/icyphy/ptII/ptolemy/domains/continuous/test/auto/ExponentialResponseRK45.xml
----------------- Instantiating /home/travis/build/icyphy/ptII/ptolemy/domains/continuous/test/auto/ExponentialResponseRK45.xml
22 ms. Memory: 279552K Free: 215415K (77%)
----------------- Invoking toplevel() on ptolemy.moml.MoMLSimpleApplication@6c2c8729
----------------- Done invoking toplevel() on ptolemy.moml.MoMLSimpleApplication@6c2c8729
reloadAllAccessors: .ExponentialResponseRK45

===========================================================================================
----------------- testing Mon Mar 09 14:34:00 UTC 2020 /home/travis/build/icyphy/ptII/ptolemy/domains/continuous/test/auto/Friction.xml
----------------- Instantiating /home/travis/build/icyphy/ptII/ptolemy/domains/continuous/test/auto/Friction.xml
1385 ms. Memory: 279552K Free: 121864K (44%)
----------------- Invoking toplevel() on ptolemy.moml.MoMLSimpleApplication@384a2b99
----------------- Done invoking toplevel() on ptolemy.moml.MoMLSimpleApplication@384a2b99
reloadAllAccessors: .Friction

===========================================================================================
----------------- testing Mon Mar 09 14:34:01 UTC 2020 /home/travis/build/icyphy/ptII/ptolemy/domains/continuous/test/auto/FurutaPendulum.xml
----------------- Instantiating /home/travis/build/icyphy/ptII/ptolemy/domains/continuous/test/auto/FurutaPendulum.xml
2846 ms. Memory: 279552K Free: 128775K (46%)
----------------- Invoking toplevel() on ptolemy.moml.MoMLSimpleApplication@2960956f
----------------- Done invoking toplevel() on ptolemy.moml.MoMLSimpleApplication@2960956f
reloadAllAccessors: .FurutaPendulum

===========================================================================================
----------------- testing Mon Mar 09 14:34:04 UTC 2020 /home/travis/build/icyphy/ptII/ptolemy/domains/continuous/test/auto/HierarchicalExecution.xml
----------------- Instantiating /home/travis/build/icyphy/ptII/ptolemy/domains/continuous/test/auto/HierarchicalExecution.xml
1394 ms. Memory: 279552K Free: 175563K (63%)
----------------- Invoking toplevel() on ptolemy.moml.MoMLSimpleApplication@7a717bc1
----------------- Done invoking toplevel() on ptolemy.moml.MoMLSimpleApplication@7a717bc1
reloadAllAccessors: .HierarchicalExecution

===========================================================================================
----------------- testing Mon Mar 09 14:34:06 UTC 2020 /home/travis/build/icyphy/ptII/ptolemy/domains/continuous/test/auto/HybridPlant.xml
----------------- Instantiating /home/travis/build/icyphy/ptII/ptolemy/domains/continuous/test/auto/HybridPlant.xml
473 ms. Memory: 279552K Free: 243999K (87%)
----------------- Invoking toplevel() on ptolemy.moml.MoMLSimpleApplication@1280cd68
----------------- Done invoking toplevel() on ptolemy.moml.MoMLSimpleApplication@1280cd68
reloadAllAccessors: .HybridPlant

===========================================================================================
----------------- testing Mon Mar 09 14:34:07 UTC 2020 /home/travis/build/icyphy/ptII/ptolemy/domains/continuous/test/auto/Hysteresis.xml
----------------- Instantiating /home/travis/build/icyphy/ptII/ptolemy/domains/continuous/test/auto/Hysteresis.xml
129 ms. Memory: 279552K Free: 181527K (65%)
----------------- Invoking toplevel() on ptolemy.moml.MoMLSimpleApplication@5f8edbf9
----------------- Done invoking toplevel() on ptolemy.moml.MoMLSimpleApplication@5f8edbf9
reloadAllAccessors: .Hysteresis

===========================================================================================
----------------- testing Mon Mar 09 14:34:07 UTC 2020 /home/travis/build/icyphy/ptII/ptolemy/domains/continuous/test/auto/HysteresisWithRandomDelay.xml
----------------- Instantiating /home/travis/build/icyphy/ptII/ptolemy/domains/continuous/test/auto/HysteresisWithRandomDelay.xml
178 ms. Memory: 279552K Free: 110376K (39%)
----------------- Invoking toplevel() on ptolemy.moml.MoMLSimpleApplication@293bfcb7
----------------- Done invoking toplevel() on ptolemy.moml.MoMLSimpleApplication@293bfcb7
reloadAllAccessors: .HysteresisWithRandomDelay

===========================================================================================
----------------- testing Mon Mar 09 14:34:07 UTC 2020 /home/travis/build/icyphy/ptII/ptolemy/domains/continuous/test/auto/HysteresisWithRandomLosses.xml
----------------- Instantiating /home/travis/build/icyphy/ptII/ptolemy/domains/continuous/test/auto/HysteresisWithRandomLosses.xml
2185 ms. Memory: 279552K Free: 194018K (69%)
----------------- Invoking toplevel() on ptolemy.moml.MoMLSimpleApplication@3e10d036
----------------- Done invoking toplevel() on ptolemy.moml.MoMLSimpleApplication@3e10d036
reloadAllAccessors: .HysteresisWithRandomLosses

===========================================================================================
----------------- testing Mon Mar 09 14:34:09 UTC 2020 /home/travis/build/icyphy/ptII/ptolemy/domains/continuous/test/auto/ImmediateTransitions.xml
----------------- Instantiating /home/travis/build/icyphy/ptII/ptolemy/domains/continuous/test/auto/ImmediateTransitions.xml
13 ms. Memory: 279552K Free: 183234K (66%)
----------------- Invoking toplevel() on ptolemy.moml.MoMLSimpleApplication@1ee2973b
----------------- Done invoking toplevel() on ptolemy.moml.MoMLSimpleApplication@1ee2973b
reloadAllAccessors: .ImmediateTransitions

===========================================================================================
----------------- testing Mon Mar 09 14:34:09 UTC 2020 /home/travis/build/icyphy/ptII/ptolemy/domains/continuous/test/auto/ImpulseFeedback.xml
----------------- Instantiating /home/travis/build/icyphy/ptII/ptolemy/domains/continuous/test/auto/ImpulseFeedback.xml
6 ms. Memory: 279552K Free: 177634K (64%)
----------------- Invoking toplevel() on ptolemy.moml.MoMLSimpleApplication@7f6ce4ec
----------------- Done invoking toplevel() on ptolemy.moml.MoMLSimpleApplication@7f6ce4ec
reloadAllAccessors: .ImpulseFeedback

===========================================================================================
----------------- testing Mon Mar 09 14:34:09 UTC 2020 /home/travis/build/icyphy/ptII/ptolemy/domains/continuous/test/auto/ImpulseFeedback2.xml
----------------- Instantiating /home/travis/build/icyphy/ptII/ptolemy/domains/continuous/test/auto/ImpulseFeedback2.xml
5 ms. Memory: 279552K Free: 172000K (62%)
----------------- Invoking toplevel() on ptolemy.moml.MoMLSimpleApplication@634ceedd
----------------- Done invoking toplevel() on ptolemy.moml.MoMLSimpleApplication@634ceedd
reloadAllAccessors: .ImpulseFeedback2

===========================================================================================
----------------- testing Mon Mar 09 14:34:09 UTC 2020 /home/travis/build/icyphy/ptII/ptolemy/domains/continuous/test/auto/IncreasingRatePoisson.xml
----------------- Instantiating /home/travis/build/icyphy/ptII/ptolemy/domains/continuous/test/auto/IncreasingRatePoisson.xml
699 ms. Memory: 279552K Free: 171496K (61%)
----------------- Invoking toplevel() on ptolemy.moml.MoMLSimpleApplication@6470bfb8
----------------- Done invoking toplevel() on ptolemy.moml.MoMLSimpleApplication@6470bfb8
reloadAllAccessors: .IncreasingRatePoisson

===========================================================================================
----------------- testing Mon Mar 09 14:34:10 UTC 2020 /home/travis/build/icyphy/ptII/ptolemy/domains/continuous/test/auto/InitialStateFeedback.xml
----------------- Instantiating /home/travis/build/icyphy/ptII/ptolemy/domains/continuous/test/auto/InitialStateFeedback.xml
3 ms. Memory: 279552K Free: 166904K (60%)
----------------- Invoking toplevel() on ptolemy.moml.MoMLSimpleApplication@2b2a3a8d
----------------- Done invoking toplevel() on ptolemy.moml.MoMLSimpleApplication@2b2a3a8d
reloadAllAccessors: .InitialStateFeedback

===========================================================================================
----------------- testing Mon Mar 09 14:34:10 UTC 2020 /home/travis/build/icyphy/ptII/ptolemy/domains/continuous/test/auto/Integration.xml
----------------- Instantiating /home/travis/build/icyphy/ptII/ptolemy/domains/continuous/test/auto/Integration.xml
2 ms. Memory: 279552K Free: 162808K (58%)
----------------- Invoking toplevel() on ptolemy.moml.MoMLSimpleApplication@492c8eeb
----------------- Done invoking toplevel() on ptolemy.moml.MoMLSimpleApplication@492c8eeb
reloadAllAccessors: .Integration

===========================================================================================
----------------- testing Mon Mar 09 14:34:10 UTC 2020 /home/travis/build/icyphy/ptII/ptolemy/domains/continuous/test/auto/Integration2.xml
----------------- Instantiating /home/travis/build/icyphy/ptII/ptolemy/domains/continuous/test/auto/Integration2.xml
65 ms. Memory: 279552K Free: 148472K (53%)
----------------- Invoking toplevel() on ptolemy.moml.MoMLSimpleApplication@8d213e4
----------------- Done invoking toplevel() on ptolemy.moml.MoMLSimpleApplication@8d213e4
reloadAllAccessors: .Integration2

===========================================================================================
----------------- testing Mon Mar 09 14:34:10 UTC 2020 /home/travis/build/icyphy/ptII/ptolemy/domains/continuous/test/auto/Integration3.xml
----------------- Instantiating /home/travis/build/icyphy/ptII/ptolemy/domains/continuous/test/auto/Integration3.xml
2 ms. Memory: 279552K Free: 143862K (51%)
----------------- Invoking toplevel() on ptolemy.moml.MoMLSimpleApplication@200631c4
----------------- Done invoking toplevel() on ptolemy.moml.MoMLSimpleApplication@200631c4
reloadAllAccessors: .Integration3

===========================================================================================
----------------- testing Mon Mar 09 14:34:10 UTC 2020 /home/travis/build/icyphy/ptII/ptolemy/domains/continuous/test/auto/Integration5.xml
----------------- Instantiating /home/travis/build/icyphy/ptII/ptolemy/domains/continuous/test/auto/Integration5.xml
2 ms. Memory: 279552K Free: 139766K (50%)
----------------- Invoking toplevel() on ptolemy.moml.MoMLSimpleApplication@273e2fff
----------------- Done invoking toplevel() on ptolemy.moml.MoMLSimpleApplication@273e2fff
reloadAllAccessors: .Integration5

===========================================================================================
----------------- testing Mon Mar 09 14:34:10 UTC 2020 /home/travis/build/icyphy/ptII/ptolemy/domains/continuous/test/auto/IntegratorImpulse.xml
----------------- Instantiating /home/travis/build/icyphy/ptII/ptolemy/domains/continuous/test/auto/IntegratorImpulse.xml
2 ms. Memory: 279552K Free: 135664K (49%)
----------------- Invoking toplevel() on ptolemy.moml.MoMLSimpleApplication@6fb4d751
----------------- Done invoking toplevel() on ptolemy.moml.MoMLSimpleApplication@6fb4d751
reloadAllAccessors: .IntegratorImpulse

===========================================================================================
----------------- testing Mon Mar 09 14:34:10 UTC 2020 /home/travis/build/icyphy/ptII/ptolemy/domains/continuous/test/auto/IntegratorImpulse2.xml
----------------- Instantiating /home/travis/build/icyphy/ptII/ptolemy/domains/continuous/test/auto/IntegratorImpulse2.xml
7 ms. Memory: 279552K Free: 131064K (47%)
----------------- Invoking toplevel() on ptolemy.moml.MoMLSimpleApplication@bdd8fbf
----------------- Done invoking toplevel() on ptolemy.moml.MoMLSimpleApplication@bdd8fbf
reloadAllAccessors: .IntegratorImpulse2

===========================================================================================
----------------- testing Mon Mar 09 14:34:10 UTC 2020 /home/travis/build/icyphy/ptII/ptolemy/domains/continuous/test/auto/LevelCrossing1.xml
----------------- Instantiating /home/travis/build/icyphy/ptII/ptolemy/domains/continuous/test/auto/LevelCrossing1.xml
2 ms. Memory: 279552K Free: 125944K (45%)
----------------- Invoking toplevel() on ptolemy.moml.MoMLSimpleApplication@3be15d5
----------------- Done invoking toplevel() on ptolemy.moml.MoMLSimpleApplication@3be15d5
reloadAllAccessors: .LevelCrossing1

===========================================================================================
----------------- testing Mon Mar 09 14:34:10 UTC 2020 /home/travis/build/icyphy/ptII/ptolemy/domains/continuous/test/auto/LevelCrossing2.xml
----------------- Instantiating /home/travis/build/icyphy/ptII/ptolemy/domains/continuous/test/auto/LevelCrossing2.xml
3 ms. Memory: 279552K Free: 120824K (43%)
----------------- Invoking toplevel() on ptolemy.moml.MoMLSimpleApplication@4e9512c9
----------------- Done invoking toplevel() on ptolemy.moml.MoMLSimpleApplication@4e9512c9
reloadAllAccessors: .LevelCrossing2

===========================================================================================
----------------- testing Mon Mar 09 14:34:10 UTC 2020 /home/travis/build/icyphy/ptII/ptolemy/domains/continuous/test/auto/LevelCrossing3.xml
----------------- Instantiating /home/travis/build/icyphy/ptII/ptolemy/domains/continuous/test/auto/LevelCrossing3.xml
2 ms. Memory: 279552K Free: 115704K (41%)
----------------- Invoking toplevel() on ptolemy.moml.MoMLSimpleApplication@366670e6
----------------- Done invoking toplevel() on ptolemy.moml.MoMLSimpleApplication@366670e6
reloadAllAccessors: .LevelCrossing3

===========================================================================================
----------------- testing Mon Mar 09 14:34:10 UTC 2020 /home/travis/build/icyphy/ptII/ptolemy/domains/continuous/test/auto/LevelCrossing4.xml
----------------- Instantiating /home/travis/build/icyphy/ptII/ptolemy/domains/continuous/test/auto/LevelCrossing4.xml
3 ms. Memory: 279552K Free: 110584K (40%)
----------------- Invoking toplevel() on ptolemy.moml.MoMLSimpleApplication@34255603
----------------- Done invoking toplevel() on ptolemy.moml.MoMLSimpleApplication@34255603
reloadAllAccessors: .LevelCrossing4

===========================================================================================
----------------- testing Mon Mar 09 14:34:10 UTC 2020 /home/travis/build/icyphy/ptII/ptolemy/domains/continuous/test/auto/LevelCrossing5.xml
----------------- Instantiating /home/travis/build/icyphy/ptII/ptolemy/domains/continuous/test/auto/LevelCrossing5.xml
4 ms. Memory: 279552K Free: 105464K (38%)
----------------- Invoking toplevel() on ptolemy.moml.MoMLSimpleApplication@329f7113
----------------- Done invoking toplevel() on ptolemy.moml.MoMLSimpleApplication@329f7113
reloadAllAccessors: .LevelCrossing5

===========================================================================================
[...]
13 ms. Memory: 279552K Free: 222460K (80%)
----------------- Invoking toplevel() on ptolemy.moml.MoMLSimpleApplication@4fbcc87e
----------------- Done invoking toplevel() on ptolemy.moml.MoMLSimpleApplication@4fbcc87e
reloadAllAccessors: .ResetTransitionWithStartTime6

===========================================================================================
----------------- testing Mon Mar 09 14:34:25 UTC 2020 /home/travis/build/icyphy/ptII/ptolemy/domains/continuous/test/auto/SRinContinuous.xml
----------------- Instantiating /home/travis/build/icyphy/ptII/ptolemy/domains/continuous/test/auto/SRinContinuous.xml
4 ms. Memory: 279552K Free: 214282K (77%)
----------------- Invoking toplevel() on ptolemy.moml.MoMLSimpleApplication@9085fe6
----------------- Done invoking toplevel() on ptolemy.moml.MoMLSimpleApplication@9085fe6
reloadAllAccessors: .SRinContinuous

===========================================================================================
----------------- testing Mon Mar 09 14:34:25 UTC 2020 /home/travis/build/icyphy/ptII/ptolemy/domains/continuous/test/auto/SampledClocks.xml
----------------- Instantiating /home/travis/build/icyphy/ptII/ptolemy/domains/continuous/test/auto/SampledClocks.xml
6 ms. Memory: 279552K Free: 201994K (72%)
----------------- Invoking toplevel() on ptolemy.moml.MoMLSimpleApplication@25c84533
----------------- Done invoking toplevel() on ptolemy.moml.MoMLSimpleApplication@25c84533
reloadAllAccessors: .SampledClocks

===========================================================================================
----------------- testing Mon Mar 09 14:34:25 UTC 2020 /home/travis/build/icyphy/ptII/ptolemy/domains/continuous/test/auto/Satellite.xml
----------------- Instantiating /home/travis/build/icyphy/ptII/ptolemy/domains/continuous/test/auto/Satellite.xml
632 ms. Memory: 279552K Free: 177153K (63%)
----------------- Invoking toplevel() on ptolemy.moml.MoMLSimpleApplication@324a0f41
----------------- Done invoking toplevel() on ptolemy.moml.MoMLSimpleApplication@324a0f41
reloadAllAccessors: .Satellite

===========================================================================================
----------------- testing Mon Mar 09 14:34:26 UTC 2020 /home/travis/build/icyphy/ptII/ptolemy/domains/continuous/test/auto/SigmaDelta.xml
----------------- Instantiating /home/travis/build/icyphy/ptII/ptolemy/domains/continuous/test/auto/SigmaDelta.xml
1922 ms. Memory: 279552K Free: 238737K (85%)
----------------- Invoking toplevel() on ptolemy.moml.MoMLSimpleApplication@d6ae308
----------------- Done invoking toplevel() on ptolemy.moml.MoMLSimpleApplication@d6ae308
reloadAllAccessors: .SigmaDelta

===========================================================================================
----------------- testing Mon Mar 09 14:34:28 UTC 2020 /home/travis/build/icyphy/ptII/ptolemy/domains/continuous/test/auto/SingleRefinement.xml
----------------- Instantiating /home/travis/build/icyphy/ptII/ptolemy/domains/continuous/test/auto/SingleRefinement.xml
302 ms. Memory: 279552K Free: 222841K (80%)
----------------- Invoking toplevel() on ptolemy.moml.MoMLSimpleApplication@381d3da3
----------------- Done invoking toplevel() on ptolemy.moml.MoMLSimpleApplication@381d3da3
reloadAllAccessors: .SingleRefinement

===========================================================================================
----------------- testing Mon Mar 09 14:34:28 UTC 2020 /home/travis/build/icyphy/ptII/ptolemy/domains/continuous/test/auto/SinuBouncingBall.xml
----------------- Instantiating /home/travis/build/icyphy/ptII/ptolemy/domains/continuous/test/auto/SinuBouncingBall.xml
838 ms. Memory: 279552K Free: 174963K (63%)
----------------- Invoking toplevel() on ptolemy.moml.MoMLSimpleApplication@796dbf96
----------------- Done invoking toplevel() on ptolemy.moml.MoMLSimpleApplication@796dbf96
reloadAllAccessors: .SinuBouncingBall

===========================================================================================
----------------- testing Mon Mar 09 14:34:29 UTC 2020 /home/travis/build/icyphy/ptII/ptolemy/domains/continuous/test/auto/Sinusoid.xml
----------------- Instantiating /home/travis/build/icyphy/ptII/ptolemy/domains/continuous/test/auto/Sinusoid.xml
4 ms. Memory: 279552K Free: 170357K (61%)
----------------- Invoking toplevel() on ptolemy.moml.MoMLSimpleApplication@7dcda8a5
----------------- Done invoking toplevel() on ptolemy.moml.MoMLSimpleApplication@7dcda8a5
reloadAllAccessors: .Sinusoid

===========================================================================================
----------------- testing Mon Mar 09 14:34:29 UTC 2020 /home/travis/build/icyphy/ptII/ptolemy/domains/continuous/test/auto/SinusoidInNoise.xml
----------------- Instantiating /home/travis/build/icyphy/ptII/ptolemy/domains/continuous/test/auto/SinusoidInNoise.xml
762 ms. Memory: 279552K Free: 200162K (72%)
----------------- Invoking toplevel() on ptolemy.moml.MoMLSimpleApplication@207b20a7
----------------- Done invoking toplevel() on ptolemy.moml.MoMLSimpleApplication@207b20a7
reloadAllAccessors: .SinusoidInNoise

===========================================================================================
----------------- testing Mon Mar 09 14:34:30 UTC 2020 /home/travis/build/icyphy/ptII/ptolemy/domains/continuous/test/auto/SinusoidRK45.xml
----------------- Instantiating /home/travis/build/icyphy/ptII/ptolemy/domains/continuous/test/auto/SinusoidRK45.xml
2 ms. Memory: 279552K Free: 195556K (70%)
----------------- Invoking toplevel() on ptolemy.moml.MoMLSimpleApplication@675aedf9
----------------- Done invoking toplevel() on ptolemy.moml.MoMLSimpleApplication@675aedf9
reloadAllAccessors: .SinusoidRK45

===========================================================================================
----------------- testing Mon Mar 09 14:34:30 UTC 2020 /home/travis/build/icyphy/ptII/ptolemy/domains/continuous/test/auto/SinusoidWithMultipleImpulses.xml
----------------- Instantiating /home/travis/build/icyphy/ptII/ptolemy/domains/continuous/test/auto/SinusoidWithMultipleImpulses.xml
3 ms. Memory: 279552K Free: 190946K (68%)
----------------- Invoking toplevel() on ptolemy.moml.MoMLSimpleApplication@64a04330
----------------- Done invoking toplevel() on ptolemy.moml.MoMLSimpleApplication@64a04330
reloadAllAccessors: .SinusoidWithMultipleImpulses

===========================================================================================
----------------- testing Mon Mar 09 14:34:30 UTC 2020 /home/travis/build/icyphy/ptII/ptolemy/domains/continuous/test/auto/SquareWave.xml
----------------- Instantiating /home/travis/build/icyphy/ptII/ptolemy/domains/continuous/test/auto/SquareWave.xml
140 ms. Memory: 279552K Free: 163812K (59%)
----------------- Invoking toplevel() on ptolemy.moml.MoMLSimpleApplication@9d87a30
----------------- Done invoking toplevel() on ptolemy.moml.MoMLSimpleApplication@9d87a30
reloadAllAccessors: .SquareWave

===========================================================================================
----------------- testing Mon Mar 09 14:34:30 UTC 2020 /home/travis/build/icyphy/ptII/ptolemy/domains/continuous/test/auto/Starmac.xml
----------------- Instantiating /home/travis/build/icyphy/ptII/ptolemy/domains/continuous/test/auto/Starmac.xml
3062 ms. Memory: 279552K Free: 175721K (63%)
----------------- Invoking toplevel() on ptolemy.moml.MoMLSimpleApplication@2bb2017f
----------------- Done invoking toplevel() on ptolemy.moml.MoMLSimpleApplication@2bb2017f
reloadAllAccessors: .Starmac

===========================================================================================
----------------- testing Mon Mar 09 14:34:34 UTC 2020 /home/travis/build/icyphy/ptII/ptolemy/domains/continuous/test/auto/StaticUnits.xml
----------------- Instantiating /home/travis/build/icyphy/ptII/ptolemy/domains/continuous/test/auto/StaticUnits.xml
1752 ms. Memory: 335872K Free: 295967K (88%)
----------------- Invoking toplevel() on ptolemy.moml.MoMLSimpleApplication@4c1adf70
----------------- Done invoking toplevel() on ptolemy.moml.MoMLSimpleApplication@4c1adf70
reloadAllAccessors: .StaticUnits

===========================================================================================
----------------- testing Mon Mar 09 14:34:36 UTC 2020 /home/travis/build/icyphy/ptII/ptolemy/domains/continuous/test/auto/StickyMasses.xml
----------------- Instantiating /home/travis/build/icyphy/ptII/ptolemy/domains/continuous/test/auto/StickyMasses.xml
141 ms. Memory: 335872K Free: 246305K (73%)
----------------- Invoking toplevel() on ptolemy.moml.MoMLSimpleApplication@73ea05be
----------------- Done invoking toplevel() on ptolemy.moml.MoMLSimpleApplication@73ea05be
reloadAllAccessors: .StickyMasses

===========================================================================================
----------------- testing Mon Mar 09 14:34:36 UTC 2020 /home/travis/build/icyphy/ptII/ptolemy/domains/continuous/test/auto/StopTime.xml
----------------- Instantiating /home/travis/build/icyphy/ptII/ptolemy/domains/continuous/test/auto/StopTime.xml
41 ms. Memory: 335872K Free: 221215K (66%)
----------------- Invoking toplevel() on ptolemy.moml.MoMLSimpleApplication@5ae13198
----------------- Done invoking toplevel() on ptolemy.moml.MoMLSimpleApplication@5ae13198
reloadAllAccessors: .StopTime

===========================================================================================
----------------- testing Mon Mar 09 14:34:36 UTC 2020 /home/travis/build/icyphy/ptII/ptolemy/domains/continuous/test/auto/StopTime2.xml
----------------- Instantiating /home/travis/build/icyphy/ptII/ptolemy/domains/continuous/test/auto/StopTime2.xml
33 ms. Memory: 335872K Free: 199201K (59%)
----------------- Invoking toplevel() on ptolemy.moml.MoMLSimpleApplication@25d87bd5
----------------- Done invoking toplevel() on ptolemy.moml.MoMLSimpleApplication@25d87bd5
reloadAllAccessors: .StopTime2

===========================================================================================
----------------- testing Mon Mar 09 14:34:36 UTC 2020 /home/travis/build/icyphy/ptII/ptolemy/domains/continuous/test/auto/Switch.xml
----------------- Instantiating /home/travis/build/icyphy/ptII/ptolemy/domains/continuous/test/auto/Switch.xml
44 ms. Memory: 335872K Free: 174104K (52%)
----------------- Invoking toplevel() on ptolemy.moml.MoMLSimpleApplication@16d2aeb8
----------------- Done invoking toplevel() on ptolemy.moml.MoMLSimpleApplication@16d2aeb8
reloadAllAccessors: .Switch

===========================================================================================
----------------- testing Mon Mar 09 14:34:37 UTC 2020 /home/travis/build/icyphy/ptII/ptolemy/domains/continuous/test/auto/Thermostat.xml
----------------- Instantiating /home/travis/build/icyphy/ptII/ptolemy/domains/continuous/test/auto/Thermostat.xml
200 ms. Memory: 335872K Free: 297488K (89%)
----------------- Invoking toplevel() on ptolemy.moml.MoMLSimpleApplication@55e78005
----------------- Done invoking toplevel() on ptolemy.moml.MoMLSimpleApplication@55e78005
reloadAllAccessors: .Thermostat

===========================================================================================
----------------- testing Mon Mar 09 14:34:37 UTC 2020 /home/travis/build/icyphy/ptII/ptolemy/domains/continuous/test/auto/TimeDelay.xml
----------------- Instantiating /home/travis/build/icyphy/ptII/ptolemy/domains/continuous/test/auto/TimeDelay.xml
5 ms. Memory: 335872K Free: 292368K (87%)
----------------- Invoking toplevel() on ptolemy.moml.MoMLSimpleApplication@72d06c3c
----------------- Done invoking toplevel() on ptolemy.moml.MoMLSimpleApplication@72d06c3c
reloadAllAccessors: .TimeDelay

===========================================================================================
----------------- testing Mon Mar 09 14:34:37 UTC 2020 /home/travis/build/icyphy/ptII/ptolemy/domains/continuous/test/auto/TimeDelay2.xml
----------------- Instantiating /home/travis/build/icyphy/ptII/ptolemy/domains/continuous/test/auto/TimeDelay2.xml
6 ms. Memory: 335872K Free: 282638K (84%)
----------------- Invoking toplevel() on ptolemy.moml.MoMLSimpleApplication@75aaf8a2
----------------- Done invoking toplevel() on ptolemy.moml.MoMLSimpleApplication@75aaf8a2
reloadAllAccessors: .TimeDelay2

===========================================================================================
----------------- testing Mon Mar 09 14:34:37 UTC 2020 /home/travis/build/icyphy/ptII/ptolemy/domains/continuous/test/auto/TimeDelay3.xml
----------------- Instantiating /home/travis/build/icyphy/ptII/ptolemy/domains/continuous/test/auto/TimeDelay3.xml
4 ms. Memory: 335872K Free: 278030K (83%)
----------------- Invoking toplevel() on ptolemy.moml.MoMLSimpleApplication@137fa92b
----------------- Done invoking toplevel() on ptolemy.moml.MoMLSimpleApplication@137fa92b
reloadAllAccessors: .TimeDelay3

===========================================================================================
----------------- testing Mon Mar 09 14:34:37 UTC 2020 /home/travis/build/icyphy/ptII/ptolemy/domains/continuous/test/auto/TransferAbsentToInside.xml
----------------- Instantiating /home/travis/build/icyphy/ptII/ptolemy/domains/continuous/test/auto/TransferAbsentToInside.xml
26 ms. Memory: 335872K Free: 225288K (67%)
----------------- Invoking toplevel() on ptolemy.moml.MoMLSimpleApplication@773a7bfb
----------------- Done invoking toplevel() on ptolemy.moml.MoMLSimpleApplication@773a7bfb
reloadAllAccessors: .TransferAbsentToInside

===========================================================================================
----------------- testing Mon Mar 09 14:34:37 UTC 2020 /home/travis/build/icyphy/ptII/ptolemy/domains/continuous/test/auto/Transmission.xml
----------------- Instantiating /home/travis/build/icyphy/ptII/ptolemy/domains/continuous/test/auto/Transmission.xml
711 ms. Memory: 335872K Free: 187879K (56%)
----------------- Invoking toplevel() on ptolemy.moml.MoMLSimpleApplication@6f8f4d50
----------------- Done invoking toplevel() on ptolemy.moml.MoMLSimpleApplication@6f8f4d50
reloadAllAccessors: .Transmission

===========================================================================================
----------------- testing Mon Mar 09 14:34:38 UTC 2020 /home/travis/build/icyphy/ptII/ptolemy/domains/continuous/test/auto/TriggeredContinuousClock.xml
----------------- Instantiating /home/travis/build/icyphy/ptII/ptolemy/domains/continuous/test/auto/TriggeredContinuousClock.xml
35 ms. Memory: 335872K Free: 158199K (47%)
----------------- Invoking toplevel() on ptolemy.moml.MoMLSimpleApplication@2e58445a
----------------- Done invoking toplevel() on ptolemy.moml.MoMLSimpleApplication@2e58445a
reloadAllAccessors: .TriggeredContinuousClock

===========================================================================================
----------------- testing Mon Mar 09 14:34:38 UTC 2020 /home/travis/build/icyphy/ptII/ptolemy/domains/continuous/test/auto/TwoMachineInfiniteBusControl.xml
----------------- Instantiating /home/travis/build/icyphy/ptII/ptolemy/domains/continuous/test/auto/TwoMachineInfiniteBusControl.xml
2213 ms. Memory: 335872K Free: 185288K (55%)
----------------- Invoking toplevel() on ptolemy.moml.MoMLSimpleApplication@91a3409
----------------- Done invoking toplevel() on ptolemy.moml.MoMLSimpleApplication@91a3409
reloadAllAccessors: .TwoMachineInfiniteBusControl

===========================================================================================
----------------- testing Mon Mar 09 14:34:40 UTC 2020 /home/travis/build/icyphy/ptII/ptolemy/domains/continuous/test/auto/V2V.xml
----------------- Instantiating /home/travis/build/icyphy/ptII/ptolemy/domains/continuous/test/auto/V2V.xml
612 ms. Memory: 335872K Free: 192462K (57%)
----------------- Invoking toplevel() on ptolemy.moml.MoMLSimpleApplication@7bf1e162
----------------- Done invoking toplevel() on ptolemy.moml.MoMLSimpleApplication@7bf1e162
reloadAllAccessors: .V2V

===========================================================================================
----------------- testing Mon Mar 09 14:34:41 UTC 2020 /home/travis/build/icyphy/ptII/ptolemy/domains/continuous/test/auto/hierarchicalModalModel.xml
----------------- Instantiating /home/travis/build/icyphy/ptII/ptolemy/domains/continuous/test/auto/hierarchicalModalModel.xml
8 ms. Memory: 335872K Free: 178095K (53%)
----------------- Invoking toplevel() on ptolemy.moml.MoMLSimpleApplication@5890621e
----------------- Done invoking toplevel() on ptolemy.moml.MoMLSimpleApplication@5890621e
reloadAllAccessors: .hierarchicalModalModel

===========================================================================================
----------------- testing Mon Mar 09 14:34:41 UTC 2020 /home/travis/build/icyphy/ptII/ptolemy/domains/continuous/test/auto/hierarchicalModalModel1.xml
----------------- Instantiating /home/travis/build/icyphy/ptII/ptolemy/domains/continuous/test/auto/hierarchicalModalModel1.xml
8 ms. Memory: 335872K Free: 163790K (49%)
----------------- Invoking toplevel() on ptolemy.moml.MoMLSimpleApplication@7641af03
----------------- Done invoking toplevel() on ptolemy.moml.MoMLSimpleApplication@7641af03
reloadAllAccessors: .hierarchicalModalModel1

===========================================================================================
----------------- testing Mon Mar 09 14:34:41 UTC 2020 /home/travis/build/icyphy/ptII/ptolemy/domains/continuous/test/auto/hierarchicalModalModel2.xml
----------------- Instantiating /home/travis/build/icyphy/ptII/ptolemy/domains/continuous/test/auto/hierarchicalModalModel2.xml
6 ms. Memory: 335872K Free: 151487K (45%)
----------------- Invoking toplevel() on ptolemy.moml.MoMLSimpleApplication@79c8ef81
----------------- Done invoking toplevel() on ptolemy.moml.MoMLSimpleApplication@79c8ef81
reloadAllAccessors: .hierarchicalModalModel2

===========================================================================================
----------------- testing Mon Mar 09 14:34:41 UTC 2020 /home/travis/build/icyphy/ptII/ptolemy/domains/continuous/test/auto/hierarchicalModalModel3.xml
----------------- Instantiating /home/travis/build/icyphy/ptII/ptolemy/domains/continuous/test/auto/hierarchicalModalModel3.xml
5 ms. Memory: 335872K Free: 140752K (42%)
----------------- Invoking toplevel() on ptolemy.moml.MoMLSimpleApplication@50a18128
----------------- Done invoking toplevel() on ptolemy.moml.MoMLSimpleApplication@50a18128
reloadAllAccessors: .hierarchicalModalModel3

===========================================================================================
----------------- testing Mon Mar 09 14:34:41 UTC 2020 /home/travis/build/icyphy/ptII/ptolemy/domains/continuous/test/auto/hierarchicalModalModel4.xml
----------------- Instantiating /home/travis/build/icyphy/ptII/ptolemy/domains/continuous/test/auto/hierarchicalModalModel4.xml
4 ms. Memory: 335872K Free: 128974K (38%)
----------------- Invoking toplevel() on ptolemy.moml.MoMLSimpleApplication@7d9299c7
----------------- Done invoking toplevel() on ptolemy.moml.MoMLSimpleApplication@7d9299c7
reloadAllAccessors: .hierarchicalModalModel4

===========================================================================================
----------------- testing Mon Mar 09 14:34:41 UTC 2020 /home/travis/build/icyphy/ptII/ptolemy/domains/continuous/test/auto/junk.xml
----------------- Instantiating /home/travis/build/icyphy/ptII/ptolemy/domains/continuous/test/auto/junk.xml
115 ms. Memory: 335872K Free: 297137K (88%)
----------------- Invoking toplevel() on ptolemy.moml.MoMLSimpleApplication@266c24ab
----------------- Done invoking toplevel() on ptolemy.moml.MoMLSimpleApplication@266c24ab
reloadAllAccessors: .junk
AutoTests.java: About to close Vertx.
AutoTests.java: Vertx closed.
]]></system-out>
  <system-err><![CDATA[Warning: '.Poisson.NonStrictTest' The test produced only 363 tokens, yet the correctValues parameter was expecting 430 tokens.
]]></system-err>
</testsuite>
