<?xml version="1.0" encoding="UTF-8" ?>
<testsuite errors="0" failures="0" hostname="travis-job-1e83a575-2ceb-49aa-adf8-b707ad0f1d49" name="ptolemy.domains.de.test.junit.JUnitTclTest" skipped="0" tests="101" time="129.586" timestamp="2019-04-09T21:58:11">
  <properties>
[...]
</properties>
  <testcase classname="ptolemy.util.test.junit.TclTests" name="[0] /home/travis/build/icyphy/ptII/ptolemy/domains/de/test/DependencyLoop.tcl (RunTclFile)" time="0.765" />
  <testcase classname="ptolemy.util.test.junit.TclTests" name="[1] /home/travis/build/icyphy/ptII/ptolemy/domains/de/test/RunDETestsAsQSS.tcl (RunTclFile)" time="88.736" />
  <testcase classname="ptolemy.util.test.junit.AutoKnownFailedTests" name="[0] /home/travis/build/icyphy/ptII/ptolemy/domains/de/test/auto/knownFailedTests/DESDFClockTest.xml (RunModel)" time="2.03" />
  <testcase classname="ptolemy.util.test.junit.AutoKnownFailedTests" name="[1] /home/travis/build/icyphy/ptII/ptolemy/domains/de/test/auto/knownFailedTests/DirectFeedback.xml (RunModel)" time="0.02" />
  <testcase classname="ptolemy.util.test.junit.AutoKnownFailedTests" name="[2] /home/travis/build/icyphy/ptII/ptolemy/domains/de/test/auto/knownFailedTests/FSMSource.xml (RunModel)" time="0.04" />
  <testcase classname="ptolemy.util.test.junit.AutoKnownFailedTests" name="[3] /home/travis/build/icyphy/ptII/ptolemy/domains/de/test/auto/knownFailedTests/HierarchicalModel.xml (RunModel)" time="0.059" />
  <testcase classname="ptolemy.util.test.junit.AutoKnownFailedTests" name="[4] /home/travis/build/icyphy/ptII/ptolemy/domains/de/test/auto/knownFailedTests/dependencyLoop.xml (RunModel)" time="0.036" />
  <testcase classname="ptolemy.util.test.junit.AutoKnownFailedTests" name="[5] /home/travis/build/icyphy/ptII/ptolemy/domains/de/test/auto/knownFailedTests/dependencyLoop2.xml (RunModel)" time="0.057" />
  <testcase classname="ptolemy.util.test.junit.AutoNameArchTests" name="[0] ThereAreNoAutoArchTests (RunModel)" time="0.005" />
  <testcase classname="ptolemy.util.test.junit.AutoTests" name="[0] /home/travis/build/icyphy/ptII/ptolemy/domains/de/test/auto/ActorDepthCalculation_actorWithoutPorts.xml (RunModel)" time="0.016" />
  <testcase classname="ptolemy.util.test.junit.AutoTests" name="[1] /home/travis/build/icyphy/ptII/ptolemy/domains/de/test/auto/AssemblyLine.xml (RunModel)" time="0.024" />
  <testcase classname="ptolemy.util.test.junit.AutoTests" name="[2] /home/travis/build/icyphy/ptII/ptolemy/domains/de/test/auto/CQBug1.xml (RunModel)" time="0.022" />
  <testcase classname="ptolemy.util.test.junit.AutoTests" name="[3] /home/travis/build/icyphy/ptII/ptolemy/domains/de/test/auto/CancelFireAt.xml (RunModel)" time="0.008" />
  <testcase classname="ptolemy.util.test.junit.AutoTests" name="[4] /home/travis/build/icyphy/ptII/ptolemy/domains/de/test/auto/CausalityAndComposabilityAnalysis.xml (RunModel)" time="0.015" />
  <testcase classname="ptolemy.util.test.junit.AutoTests" name="[5] /home/travis/build/icyphy/ptII/ptolemy/domains/de/test/auto/CausalityInterface1.xml (RunModel)" time="0.02" />
  <testcase classname="ptolemy.util.test.junit.AutoTests" name="[6] /home/travis/build/icyphy/ptII/ptolemy/domains/de/test/auto/CausalityInterface15.xml (RunModel)" time="0.017" />
  <testcase classname="ptolemy.util.test.junit.AutoTests" name="[7] /home/travis/build/icyphy/ptII/ptolemy/domains/de/test/auto/CausalityInterface2.xml (RunModel)" time="0.014" />
  <testcase classname="ptolemy.util.test.junit.AutoTests" name="[8] /home/travis/build/icyphy/ptII/ptolemy/domains/de/test/auto/CausalityInterface3.xml (RunModel)" time="0.014" />
  <testcase classname="ptolemy.util.test.junit.AutoTests" name="[9] /home/travis/build/icyphy/ptII/ptolemy/domains/de/test/auto/ClockDrift.xml (RunModel)" time="0.042" />
  <testcase classname="ptolemy.util.test.junit.AutoTests" name="[10] /home/travis/build/icyphy/ptII/ptolemy/domains/de/test/auto/ClockDriftAndValueChange.xml (RunModel)" time="0.037" />
  <testcase classname="ptolemy.util.test.junit.AutoTests" name="[11] /home/travis/build/icyphy/ptII/ptolemy/domains/de/test/auto/ClockDriftChange.xml (RunModel)" time="0.033" />
  <testcase classname="ptolemy.util.test.junit.AutoTests" name="[12] /home/travis/build/icyphy/ptII/ptolemy/domains/de/test/auto/ComposableCausalityAnalysis.xml (RunModel)" time="0.02" />
  <testcase classname="ptolemy.util.test.junit.AutoTests" name="[13] /home/travis/build/icyphy/ptII/ptolemy/domains/de/test/auto/DEFixedPointLimitation.xml (RunModel)" time="0.013" />
  <testcase classname="ptolemy.util.test.junit.AutoTests" name="[14] /home/travis/build/icyphy/ptII/ptolemy/domains/de/test/auto/DEScheduleTest.xml (RunModel)" time="0.014" />
  <testcase classname="ptolemy.util.test.junit.AutoTests" name="[15] /home/travis/build/icyphy/ptII/ptolemy/domains/de/test/auto/DEinDEwithStartTimes.xml (RunModel)" time="0.043" />
  <testcase classname="ptolemy.util.test.junit.AutoTests" name="[16] /home/travis/build/icyphy/ptII/ptolemy/domains/de/test/auto/DEinDEwithStartTimes2.xml (RunModel)" time="0.02" />
  <testcase classname="ptolemy.util.test.junit.AutoTests" name="[17] /home/travis/build/icyphy/ptII/ptolemy/domains/de/test/auto/DateDemo.xml (RunModel)" time="0.038" />
  <testcase classname="ptolemy.util.test.junit.AutoTests" name="[18] /home/travis/build/icyphy/ptII/ptolemy/domains/de/test/auto/DateToEvent.xml (RunModel)" time="2.048" />
  <testcase classname="ptolemy.util.test.junit.AutoTests" name="[19] /home/travis/build/icyphy/ptII/ptolemy/domains/de/test/auto/DepthTest1.xml (RunModel)" time="0.018" />
  <testcase classname="ptolemy.util.test.junit.AutoTests" name="[20] /home/travis/build/icyphy/ptII/ptolemy/domains/de/test/auto/DepthTest2.xml (RunModel)" time="0.02" />
  <testcase classname="ptolemy.util.test.junit.AutoTests" name="[21] /home/travis/build/icyphy/ptII/ptolemy/domains/de/test/auto/DepthTest3.xml (RunModel)" time="0.014" />
  <testcase classname="ptolemy.util.test.junit.AutoTests" name="[22] /home/travis/build/icyphy/ptII/ptolemy/domains/de/test/auto/DepthTest4.xml (RunModel)" time="0.013" />
  <testcase classname="ptolemy.util.test.junit.AutoTests" name="[23] /home/travis/build/icyphy/ptII/ptolemy/domains/de/test/auto/DepthTest5.xml (RunModel)" time="0.017" />
  <testcase classname="ptolemy.util.test.junit.AutoTests" name="[24] /home/travis/build/icyphy/ptII/ptolemy/domains/de/test/auto/DepthTest6.xml (RunModel)" time="0.015" />
  <testcase classname="ptolemy.util.test.junit.AutoTests" name="[25] /home/travis/build/icyphy/ptII/ptolemy/domains/de/test/auto/DepthTest7.xml (RunModel)" time="0.021" />
  <testcase classname="ptolemy.util.test.junit.AutoTests" name="[26] /home/travis/build/icyphy/ptII/ptolemy/domains/de/test/auto/EventToDate.xml (RunModel)" time="3.047" />
  <testcase classname="ptolemy.util.test.junit.AutoTests" name="[27] /home/travis/build/icyphy/ptII/ptolemy/domains/de/test/auto/FSM1.xml (RunModel)" time="0.032" />
  <testcase classname="ptolemy.util.test.junit.AutoTests" name="[28] /home/travis/build/icyphy/ptII/ptolemy/domains/de/test/auto/FSM7.xml (RunModel)" time="0.058" />
  <testcase classname="ptolemy.util.test.junit.AutoTests" name="[29] /home/travis/build/icyphy/ptII/ptolemy/domains/de/test/auto/Inspection.xml (RunModel)" time="0.068" />
  <testcase classname="ptolemy.util.test.junit.AutoTests" name="[30] /home/travis/build/icyphy/ptII/ptolemy/domains/de/test/auto/Iteration.xml (RunModel)" time="0.028" />
  <testcase classname="ptolemy.util.test.junit.AutoTests" name="[31] /home/travis/build/icyphy/ptII/ptolemy/domains/de/test/auto/LineFault.xml (RunModel)" time="0.547" />
  <testcase classname="ptolemy.util.test.junit.AutoTests" name="[32] /home/travis/build/icyphy/ptII/ptolemy/domains/de/test/auto/MergeModel1Add.xml (RunModel)" time="0.044" />
  <testcase classname="ptolemy.util.test.junit.AutoTests" name="[33] /home/travis/build/icyphy/ptII/ptolemy/domains/de/test/auto/MergeModel2Add.xml (RunModel)" time="0.036" />
  <testcase classname="ptolemy.util.test.junit.AutoTests" name="[34] /home/travis/build/icyphy/ptII/ptolemy/domains/de/test/auto/MergeModel3Add.xml (RunModel)" time="0.044" />
  <testcase classname="ptolemy.util.test.junit.AutoTests" name="[35] /home/travis/build/icyphy/ptII/ptolemy/domains/de/test/auto/MergeWithoutDiscard.xml (RunModel)" time="0.009" />
  <testcase classname="ptolemy.util.test.junit.AutoTests" name="[36] /home/travis/build/icyphy/ptII/ptolemy/domains/de/test/auto/Modal1.xml (RunModel)" time="0.026" />
  <testcase classname="ptolemy.util.test.junit.AutoTests" name="[37] /home/travis/build/icyphy/ptII/ptolemy/domains/de/test/auto/Modal2.xml (RunModel)" time="0.032" />
  <testcase classname="ptolemy.util.test.junit.AutoTests" name="[38] /home/travis/build/icyphy/ptII/ptolemy/domains/de/test/auto/Modal3.xml (RunModel)" time="0.028" />
  <testcase classname="ptolemy.util.test.junit.AutoTests" name="[39] /home/travis/build/icyphy/ptII/ptolemy/domains/de/test/auto/Modal4.xml (RunModel)" time="0.032" />
  <testcase classname="ptolemy.util.test.junit.AutoTests" name="[40] /home/travis/build/icyphy/ptII/ptolemy/domains/de/test/auto/Modal5.xml (RunModel)" time="0.028" />
  <testcase classname="ptolemy.util.test.junit.AutoTests" name="[41] /home/travis/build/icyphy/ptII/ptolemy/domains/de/test/auto/Modal6.xml (RunModel)" time="0.027" />
  <testcase classname="ptolemy.util.test.junit.AutoTests" name="[42] /home/travis/build/icyphy/ptII/ptolemy/domains/de/test/auto/Modal7.xml (RunModel)" time="0.027" />
  <testcase classname="ptolemy.util.test.junit.AutoTests" name="[43] /home/travis/build/icyphy/ptII/ptolemy/domains/de/test/auto/ModalModel.xml (RunModel)" time="0.156" />
  <testcase classname="ptolemy.util.test.junit.AutoTests" name="[44] /home/travis/build/icyphy/ptII/ptolemy/domains/de/test/auto/ModalSource.xml (RunModel)" time="0.018" />
  <testcase classname="ptolemy.util.test.junit.AutoTests" name="[45] /home/travis/build/icyphy/ptII/ptolemy/domains/de/test/auto/NonInterruptibleTimerZeroDelay.xml (RunModel)" time="0.013" />
  <testcase classname="ptolemy.util.test.junit.AutoTests" name="[46] /home/travis/build/icyphy/ptII/ptolemy/domains/de/test/auto/OpenQueueingNetwork.xml (RunModel)" time="2.246" />
  <testcase classname="ptolemy.util.test.junit.AutoTests" name="[47] /home/travis/build/icyphy/ptII/ptolemy/domains/de/test/auto/OpenQueuingNetwork.xml (RunModel)" time="0.266" />
  <testcase classname="ptolemy.util.test.junit.AutoTests" name="[48] /home/travis/build/icyphy/ptII/ptolemy/domains/de/test/auto/PeriodicSampler.xml (RunModel)" time="0.011" />
  <testcase classname="ptolemy.util.test.junit.AutoTests" name="[49] /home/travis/build/icyphy/ptII/ptolemy/domains/de/test/auto/PersistentIO.xml (RunModel)" time="0.017" />
  <testcase classname="ptolemy.util.test.junit.AutoTests" name="[50] /home/travis/build/icyphy/ptII/ptolemy/domains/de/test/auto/PortParameterResetOnInitialize.xml (RunModel)" time="0.011" />
  <testcase classname="ptolemy.util.test.junit.AutoTests" name="[51] /home/travis/build/icyphy/ptII/ptolemy/domains/de/test/auto/PortParameterUpdates.xml (RunModel)" time="0.012" />
  <testcase classname="ptolemy.util.test.junit.AutoTests" name="[52] /home/travis/build/icyphy/ptII/ptolemy/domains/de/test/auto/QueueAndServer.xml (RunModel)" time="0.016" />
  <testcase classname="ptolemy.util.test.junit.AutoTests" name="[53] /home/travis/build/icyphy/ptII/ptolemy/domains/de/test/auto/Records.xml (RunModel)" time="0.012" />
  <testcase classname="ptolemy.util.test.junit.AutoTests" name="[54] /home/travis/build/icyphy/ptII/ptolemy/domains/de/test/auto/ResetTransitionWithStartTime1.xml (RunModel)" time="0.018" />
  <testcase classname="ptolemy.util.test.junit.AutoTests" name="[55] /home/travis/build/icyphy/ptII/ptolemy/domains/de/test/auto/ResetTransitionWithStartTime2.xml (RunModel)" time="0.021" />
  <testcase classname="ptolemy.util.test.junit.AutoTests" name="[56] /home/travis/build/icyphy/ptII/ptolemy/domains/de/test/auto/ResetTransitionWithStartTime3.xml (RunModel)" time="0.015" />
  <testcase classname="ptolemy.util.test.junit.AutoTests" name="[57] /home/travis/build/icyphy/ptII/ptolemy/domains/de/test/auto/ResetTransitionWithStartTime4.xml (RunModel)" time="0.02" />
  <testcase classname="ptolemy.util.test.junit.AutoTests" name="[58] /home/travis/build/icyphy/ptII/ptolemy/domains/de/test/auto/ResettableTimer1.xml (RunModel)" time="0.012" />
  <testcase classname="ptolemy.util.test.junit.AutoTests" name="[59] /home/travis/build/icyphy/ptII/ptolemy/domains/de/test/auto/ResettableTimer2.xml (RunModel)" time="0.009" />
  <testcase classname="ptolemy.util.test.junit.AutoTests" name="[60] /home/travis/build/icyphy/ptII/ptolemy/domains/de/test/auto/ResettableTimer3.xml (RunModel)" time="0.01" />
  <testcase classname="ptolemy.util.test.junit.AutoTests" name="[61] /home/travis/build/icyphy/ptII/ptolemy/domains/de/test/auto/ResettableTimer4.xml (RunModel)" time="0.016" />
  <testcase classname="ptolemy.util.test.junit.AutoTests" name="[62] /home/travis/build/icyphy/ptII/ptolemy/domains/de/test/auto/ResettableTimer5.xml (RunModel)" time="0.01" />
  <testcase classname="ptolemy.util.test.junit.AutoTests" name="[63] /home/travis/build/icyphy/ptII/ptolemy/domains/de/test/auto/ResettableTimer6.xml (RunModel)" time="0.02" />
  <testcase classname="ptolemy.util.test.junit.AutoTests" name="[64] /home/travis/build/icyphy/ptII/ptolemy/domains/de/test/auto/ServerZeroDelay.xml (RunModel)" time="0.012" />
  <testcase classname="ptolemy.util.test.junit.AutoTests" name="[65] /home/travis/build/icyphy/ptII/ptolemy/domains/de/test/auto/SmartSender.xml (RunModel)" time="3.009" />
  <testcase classname="ptolemy.util.test.junit.AutoTests" name="[66] /home/travis/build/icyphy/ptII/ptolemy/domains/de/test/auto/ThreadedComposite.xml (RunModel)" time="0.208" />
  <testcase classname="ptolemy.util.test.junit.AutoTests" name="[67] /home/travis/build/icyphy/ptII/ptolemy/domains/de/test/auto/Time.xml (RunModel)" time="0.443" />
  <testcase classname="ptolemy.util.test.junit.AutoTests" name="[68] /home/travis/build/icyphy/ptII/ptolemy/domains/de/test/auto/TimeDelayZeroDelay.xml (RunModel)" time="0.012" />
  <testcase classname="ptolemy.util.test.junit.AutoTests" name="[69] /home/travis/build/icyphy/ptII/ptolemy/domains/de/test/auto/TimerZeroDelay.xml (RunModel)" time="0.01" />
  <testcase classname="ptolemy.util.test.junit.AutoTests" name="[70] /home/travis/build/icyphy/ptII/ptolemy/domains/de/test/auto/TimingParadox.xml (RunModel)" time="0.344" />
  <testcase classname="ptolemy.util.test.junit.AutoTests" name="[71] /home/travis/build/icyphy/ptII/ptolemy/domains/de/test/auto/TransferInputs.xml (RunModel)" time="0.009" />
  <testcase classname="ptolemy.util.test.junit.AutoTests" name="[72] /home/travis/build/icyphy/ptII/ptolemy/domains/de/test/auto/TransferOutputs2.xml (RunModel)" time="0.015" />
  <testcase classname="ptolemy.util.test.junit.AutoTests" name="[73] /home/travis/build/icyphy/ptII/ptolemy/domains/de/test/auto/Trilateration.xml (RunModel)" time="11.502" />
  <testcase classname="ptolemy.util.test.junit.AutoTests" name="[74] /home/travis/build/icyphy/ptII/ptolemy/domains/de/test/auto/TwoSigmaDelta.xml (RunModel)" time="2.107" />
  <testcase classname="ptolemy.util.test.junit.AutoTests" name="[75] /home/travis/build/icyphy/ptII/ptolemy/domains/de/test/auto/VariableDelay.xml (RunModel)" time="0.017" />
  <testcase classname="ptolemy.util.test.junit.AutoTests" name="[76] /home/travis/build/icyphy/ptII/ptolemy/domains/de/test/auto/VariableDelay2.xml (RunModel)" time="0.009" />
  <testcase classname="ptolemy.util.test.junit.AutoTests" name="[77] /home/travis/build/icyphy/ptII/ptolemy/domains/de/test/auto/VariableDelayZeroDelay.xml (RunModel)" time="0.011" />
  <testcase classname="ptolemy.util.test.junit.AutoTests" name="[78] /home/travis/build/icyphy/ptII/ptolemy/domains/de/test/auto/VariableDelayZeroDelay2.xml (RunModel)" time="0.009" />
  <testcase classname="ptolemy.util.test.junit.AutoTests" name="[79] /home/travis/build/icyphy/ptII/ptolemy/domains/de/test/auto/deInCt.xml (RunModel)" time="0.015" />
  <testcase classname="ptolemy.util.test.junit.AutoTests" name="[80] /home/travis/build/icyphy/ptII/ptolemy/domains/de/test/auto/deInCt2.xml (RunModel)" time="0.018" />
  <testcase classname="ptolemy.util.test.junit.AutoTests" name="[81] /home/travis/build/icyphy/ptII/ptolemy/domains/de/test/auto/dynamicCausalityInterface1.xml (RunModel)" time="0.016" />
  <testcase classname="ptolemy.util.test.junit.AutoTests" name="[82] /home/travis/build/icyphy/ptII/ptolemy/domains/de/test/auto/fsm_de_test.xml (RunModel)" time="0.027" />
  <testcase classname="ptolemy.util.test.junit.AutoTests" name="[83] /home/travis/build/icyphy/ptII/ptolemy/domains/de/test/auto/functionDependencyReconstruction.xml (RunModel)" time="0.036" />
  <testcase classname="ptolemy.util.test.junit.AutoTests" name="[84] /home/travis/build/icyphy/ptII/ptolemy/domains/de/test/auto/multirate.xml (RunModel)" time="0.014" />
  <testcase classname="ptolemy.util.test.junit.AutoTests" name="[85] /home/travis/build/icyphy/ptII/ptolemy/domains/de/test/auto/multirate2.xml (RunModel)" time="0.018" />
  <testcase classname="ptolemy.util.test.junit.AutoTests" name="[86] /home/travis/build/icyphy/ptII/ptolemy/domains/de/test/auto/realtime.xml (RunModel)" time="10.016" />
  <testcase classname="ptolemy.util.test.junit.AutoTests" name="[87] /home/travis/build/icyphy/ptII/ptolemy/domains/de/test/auto/relationGroup.xml (RunModel)" time="0.006" />
  <testcase classname="ptolemy.util.test.junit.AutoTests" name="[88] /home/travis/build/icyphy/ptII/ptolemy/domains/de/test/auto/relationGroup2.xml (RunModel)" time="0.006" />
  <testcase classname="ptolemy.util.test.junit.AutoTests" name="[89] /home/travis/build/icyphy/ptII/ptolemy/domains/de/test/auto/sortWithOpaquePorts.xml (RunModel)" time="0.007" />
  <testcase classname="ptolemy.util.test.junit.AutoTests" name="[90] /home/travis/build/icyphy/ptII/ptolemy/domains/de/test/auto/transferInputsandOutputs.xml (RunModel)" time="0.011" />
  <testcase classname="ptolemy.util.test.junit.AutoTests" name="[91] /home/travis/build/icyphy/ptII/ptolemy/domains/de/test/auto/triggerType.xml (RunModel)" time="0.013" />
  <system-out><![CDATA[/home/travis/build/icyphy/ptII/ptolemy/domains/de/test/DependencyLoop.tcl
testDefs.tcl: setting time out to 9000 seconds at Tue Apr 09 21:58:11 UTC 2019
23 ms. Memory: 116224K Free: 97564K (84%)
18 ms. Memory: 116224K Free: 111152K (96%)
/home/travis/build/icyphy/ptII/ptolemy/domains/de/test/RunDETestsAsQSS.tcl
Run the DE tests using ptolemy.domains.qss.test.QSSDirectorTest, which extends QSSDirector and prints a message in the constructors.
------------------ testing $PTII/ptolemy/domains/de/test/auto/knownFailedTests/dependencyLoop.xml (Known Failure) 
7 ms. Memory: 116224K Free: 108007K (93%)


==== $PTIIhome/travis/build/icyphy/ptII/ptolemy/domains/de/test/../../../../: Auto Automatic test in file $PTII/ptolemy/domains/de/test/auto/knownFailedTests/dependencyLoop.xml
==== Contents of test case:

	    # FIXME: we should use $relativeFilename here, but it
	    # might have backslashes under Windows, which causes no end
	    # of trouble.
	    createAndExecute $file
	    list {}
	
.... Test generated KNOWN error:
    while executing
ptolemy.kernel.util.IllegalActionException: Found a zero delay loop containing .dependencyLoop.original
  in .dependencyLoop and .dependencyLoop.original
	at ptolemy.actor.util.CausalityInterfaceForComposites._computeOutputPortDepth(CausalityInterfaceForComposites.java:759)
	at ptolemy.actor.util.CausalityInterfaceForComposites._computeInputDepth(CausalityInterfaceForComposites.java:696)
	at ptolemy.actor.util.CausalityInterfaceForComposites._computeOutputPortDepth(CausalityInterfaceForComposites.java:765)
	at ptolemy.actor.util.CausalityInterfaceForComposites._computeInputDepth(CausalityInterfaceForComposites.java:696)
	at ptolemy.actor.util.CausalityInterfaceForComposites._computeOutputPortDepth(CausalityInterfaceForComposites.java:765)
	at ptolemy.actor.util.CausalityInterfaceForComposites._computeInputDepth(CausalityInterfaceForComposites.java:696)
	at ptolemy.actor.util.CausalityInterfaceForComposites._computeActorDepth(CausalityInterfaceForComposites.java:532)
	at ptolemy.actor.util.CausalityInterfaceForComposites.checkForCycles(CausalityInterfaceForComposites.java:96)
	at ptolemy.domains.de.kernel.DEDirector.preinitialize(DEDirector.java:1338)
	at ptolemy.actor.CompositeActor.preinitialize(CompositeActor.java:1828)
	at ptolemy.actor.Manager.preinitializeAndResolveTypes(Manager.java:1040)
	at ptolemy.actor.Manager.initialize(Manager.java:710)
	at ptolemy.actor.Manager.execute(Manager.java:356)
	at ptolemy.actor.Manager.run(Manager.java:1263)
	at ptolemy.actor.Manager$PtolemyRunThread.run(Manager.java:1915)

    while executing
ptolemy.kernel.util.IllegalActionException: Found a zero delay loop containing .dependencyLoop.original
  in .dependencyLoop and .dependencyLoop.original
    while executing
"java::new ptolemy.moml.MoMLSimpleApplication $file
"
    (procedure "createAndExecute" line 2)
    invoked from within
"createAndExecute $file"
    ("uplevel" body line 5)
    invoked from within
"uplevel $contents_of_test"
------------------ testing $PTII/ptolemy/domains/de/test/auto/knownFailedTests/DESDFClockTest.xml (Known Failure) 
2055 ms. Memory: 116224K Free: 93419K (80%)


==== $PTIIhome/travis/build/icyphy/ptII/ptolemy/domains/de/test/../../../../: Auto Automatic test in file $PTII/ptolemy/domains/de/test/auto/knownFailedTests/DESDFClockTest.xml
==== Contents of test case:

	    # FIXME: we should use $relativeFilename here, but it
	    # might have backslashes under Windows, which causes no end
	    # of trouble.
	    createAndExecute $file
	    list {}
	
.... Test generated KNOWN error:
    while executing
ptolemy.kernel.util.IllegalActionException: Actor is not ready to fire.  Perhaps UpSample.prefire() returned false? Try debugging the actor by selecting "Listen to Actor".  Also, for SDF check moml for tokenConsumptionRate on input.
  in .DESDFClockTest.Play Bell.Copy1:SDF Director and .DESDFClockTest.Play Bell.UpSample
	at ptolemy.actor.sched.StaticSchedulingDirector.fire(StaticSchedulingDirector.java:227)
	at ptolemy.domains.sdf.kernel.SDFDirector.fire(SDFDirector.java:500)
	at ptolemy.actor.CompositeActor.fire(CompositeActor.java:455)
	at ptolemy.domains.de.kernel.DEDirector._fire(DEDirector.java:1949)
	at ptolemy.domains.de.kernel.DEDirector.fire(DEDirector.java:502)
	at ptolemy.actor.CompositeActor.fire(CompositeActor.java:455)
	at ptolemy.actor.Manager.iterate(Manager.java:851)
	at ptolemy.actor.Manager.execute(Manager.java:369)
	at ptolemy.actor.Manager.run(Manager.java:1263)
	at ptolemy.actor.Manager$PtolemyRunThread.run(Manager.java:1915)

    while executing
ptolemy.kernel.util.IllegalActionException: Actor is not ready to fire.  Perhaps UpSample.prefire() returned false? Try debugging the actor by selecting "Listen to Actor".  Also, for SDF check moml for tokenConsumptionRate on input.
  in .DESDFClockTest.Play Bell.Copy1:SDF Director and .DESDFClockTest.Play Bell.UpSample
    while executing
"java::new ptolemy.moml.MoMLSimpleApplication $file
"
    (procedure "createAndExecute" line 2)
    invoked from within
"createAndExecute $file"
    ("uplevel" body line 5)
    invoked from within
"uplevel $contents_of_test"
------------------ testing $PTII/ptolemy/domains/de/test/auto/knownFailedTests/FSMSource.xml (Known Failure) 
30 ms. Memory: 116224K Free: 85119K (73%)
!!!! Auto was marked as failing, but now passes
------------------ testing $PTII/ptolemy/domains/de/test/auto/knownFailedTests/dependencyLoop2.xml (Known Failure) 
5 ms. Memory: 116224K Free: 82912K (71%)


==== $PTIIhome/travis/build/icyphy/ptII/ptolemy/domains/de/test/../../../../: Auto Automatic test in file $PTII/ptolemy/domains/de/test/auto/knownFailedTests/dependencyLoop2.xml
==== Contents of test case:

	    # FIXME: we should use $relativeFilename here, but it
	    # might have backslashes under Windows, which causes no end
	    # of trouble.
	    createAndExecute $file
	    list {}
	
.... Test generated KNOWN error:
    while executing
ptolemy.kernel.util.IllegalActionException: Found a zero delay loop containing .dependencyLoop2.original
  in .dependencyLoop2 and .dependencyLoop2.original
	at ptolemy.actor.util.CausalityInterfaceForComposites._computeOutputPortDepth(CausalityInterfaceForComposites.java:759)
	at ptolemy.actor.util.CausalityInterfaceForComposites._computeInputDepth(CausalityInterfaceForComposites.java:696)
	at ptolemy.actor.util.CausalityInterfaceForComposites._computeOutputPortDepth(CausalityInterfaceForComposites.java:765)
	at ptolemy.actor.util.CausalityInterfaceForComposites._computeInputDepth(CausalityInterfaceForComposites.java:696)
	at ptolemy.actor.util.CausalityInterfaceForComposites._computeOutputPortDepth(CausalityInterfaceForComposites.java:765)
	at ptolemy.actor.util.CausalityInterfaceForComposites._computeInputDepth(CausalityInterfaceForComposites.java:696)
	at ptolemy.actor.util.CausalityInterfaceForComposites._computeActorDepth(CausalityInterfaceForComposites.java:532)
	at ptolemy.actor.util.CausalityInterfaceForComposites.checkForCycles(CausalityInterfaceForComposites.java:96)
	at ptolemy.domains.de.kernel.DEDirector.preinitialize(DEDirector.java:1338)
	at ptolemy.actor.CompositeActor.preinitialize(CompositeActor.java:1828)
	at ptolemy.actor.Manager.preinitializeAndResolveTypes(Manager.java:1040)
	at ptolemy.actor.Manager.initialize(Manager.java:710)
	at ptolemy.actor.Manager.execute(Manager.java:356)
	at ptolemy.actor.Manager.run(Manager.java:1263)
	at ptolemy.actor.Manager$PtolemyRunThread.run(Manager.java:1915)

    while executing
ptolemy.kernel.util.IllegalActionException: Found a zero delay loop containing .dependencyLoop2.original
  in .dependencyLoop2 and .dependencyLoop2.original
    while executing
"java::new ptolemy.moml.MoMLSimpleApplication $file
"
    (procedure "createAndExecute" line 2)
    invoked from within
"createAndExecute $file"
    ("uplevel" body line 5)
    invoked from within
"uplevel $contents_of_test"
------------------ testing $PTII/ptolemy/domains/de/test/auto/knownFailedTests/HierarchicalModel.xml (Known Failure) 
5 ms. Memory: 116224K Free: 93526K (80%)


==== $PTIIhome/travis/build/icyphy/ptII/ptolemy/domains/de/test/../../../../: Auto Automatic test in file $PTII/ptolemy/domains/de/test/auto/knownFailedTests/HierarchicalModel.xml
==== Contents of test case:

	    # FIXME: we should use $relativeFilename here, but it
	    # might have backslashes under Windows, which causes no end
	    # of trouble.
	    createAndExecute $file
	    list {}
	
.... Test generated KNOWN error:
    while executing
ptolemy.kernel.util.IllegalActionException: Found a zero delay loop containing .HierarchicalModel.A
  in .HierarchicalModel and .HierarchicalModel.A
	at ptolemy.actor.util.CausalityInterfaceForComposites._computeOutputPortDepth(CausalityInterfaceForComposites.java:759)
	at ptolemy.actor.util.CausalityInterfaceForComposites._computeInputDepth(CausalityInterfaceForComposites.java:696)
	at ptolemy.actor.util.CausalityInterfaceForComposites._computeOutputPortDepth(CausalityInterfaceForComposites.java:765)
	at ptolemy.actor.util.CausalityInterfaceForComposites._computeInputDepth(CausalityInterfaceForComposites.java:696)
	at ptolemy.actor.util.CausalityInterfaceForComposites._computeOutputPortDepth(CausalityInterfaceForComposites.java:765)
	at ptolemy.actor.util.CausalityInterfaceForComposites._computeInputDepth(CausalityInterfaceForComposites.java:696)
	at ptolemy.actor.util.CausalityInterfaceForComposites._computeActorDepth(CausalityInterfaceForComposites.java:532)
	at ptolemy.actor.util.CausalityInterfaceForComposites.checkForCycles(CausalityInterfaceForComposites.java:96)
	at ptolemy.domains.de.kernel.DEDirector.preinitialize(DEDirector.java:1338)
	at ptolemy.actor.CompositeActor.preinitialize(CompositeActor.java:1828)
	at ptolemy.actor.Manager.preinitializeAndResolveTypes(Manager.java:1040)
	at ptolemy.actor.Manager.initialize(Manager.java:710)
	at ptolemy.actor.Manager.execute(Manager.java:356)
	at ptolemy.actor.Manager.run(Manager.java:1263)
	at ptolemy.actor.Manager$PtolemyRunThread.run(Manager.java:1915)

    while executing
ptolemy.kernel.util.IllegalActionException: Found a zero delay loop containing .HierarchicalModel.A
  in .HierarchicalModel and .HierarchicalModel.A
    while executing
"java::new ptolemy.moml.MoMLSimpleApplication $file
"
    (procedure "createAndExecute" line 2)
    invoked from within
"createAndExecute $file"
    ("uplevel" body line 5)
    invoked from within
"uplevel $contents_of_test"
------------------ testing $PTII/ptolemy/domains/de/test/auto/knownFailedTests/DirectFeedback.xml (Known Failure) 
10 ms. Memory: 116224K Free: 90103K (78%)


==== $PTIIhome/travis/build/icyphy/ptII/ptolemy/domains/de/test/../../../../: Auto Automatic test in file $PTII/ptolemy/domains/de/test/auto/knownFailedTests/DirectFeedback.xml
==== Contents of test case:

	    # FIXME: we should use $relativeFilename here, but it
	    # might have backslashes under Windows, which causes no end
	    # of trouble.
	    createAndExecute $file
	    list {}
	
.... Test generated KNOWN error:
    while executing
ptolemy.kernel.util.IllegalActionException: Test fails in iteration 1.
Value was: 1.0. Should have been: 2.0
  in .DirectFeedback.Test
	at ptolemy.actor.lib.Test.fire(Test.java:268)
	at ptolemy.domains.de.kernel.DEDirector._fire(DEDirector.java:1949)
	at ptolemy.domains.de.kernel.DEDirector.fire(DEDirector.java:502)
	at ptolemy.actor.CompositeActor.fire(CompositeActor.java:455)
	at ptolemy.actor.Manager.iterate(Manager.java:851)
	at ptolemy.actor.Manager.execute(Manager.java:369)
	at ptolemy.actor.Manager.run(Manager.java:1263)
	at ptolemy.actor.Manager$PtolemyRunThread.run(Manager.java:1915)

    while executing
ptolemy.kernel.util.IllegalActionException: Test fails in iteration 1.
Value was: 1.0. Should have been: 2.0
  in .DirectFeedback.Test
    while executing
"java::new ptolemy.moml.MoMLSimpleApplication $file
"
    (procedure "createAndExecute" line 2)
    invoked from within
"createAndExecute $file"
    ("uplevel" body line 5)
    invoked from within
"uplevel $contents_of_test"
------------------ testing $PTII/ptolemy/domains/de/test/auto/ActorDepthCalculation_actorWithoutPorts.xml
auto.tcl: Setting watchdog for 200 seconds at Tue Apr 09 21:58:14 UTC 2019
10 ms. Memory: 116224K Free: 82860K (71%)
ptolemy.util.test.WatchDog.cancel(): canceling Tue Apr 09 21:58:14 UTC 2019
auto.tcl: Setting watchdog for 200 seconds at Tue Apr 09 21:58:14 UTC 2019
28 ms. Memory: 146944K Free: 142407K (97%)
ptolemy.util.test.WatchDog.cancel(): canceling Tue Apr 09 21:58:14 UTC 2019
------------------ testing $PTII/ptolemy/domains/de/test/auto/AssemblyLine.xml
auto.tcl: Setting watchdog for 200 seconds at Tue Apr 09 21:58:15 UTC 2019
24 ms. Memory: 146944K Free: 127863K (87%)
ptolemy.util.test.WatchDog.cancel(): canceling Tue Apr 09 21:58:15 UTC 2019
auto.tcl: Setting watchdog for 200 seconds at Tue Apr 09 21:58:15 UTC 2019
15 ms. Memory: 146944K Free: 126846K (86%)
ptolemy.util.test.WatchDog.cancel(): canceling Tue Apr 09 21:58:15 UTC 2019
------------------ testing $PTII/ptolemy/domains/de/test/auto/CQBug1.xml
auto.tcl: Setting watchdog for 200 seconds at Tue Apr 09 21:58:15 UTC 2019
5 ms. Memory: 146944K Free: 138521K (94%)
ptolemy.util.test.WatchDog.cancel(): canceling Tue Apr 09 21:58:15 UTC 2019
auto.tcl: Setting watchdog for 200 seconds at Tue Apr 09 21:58:15 UTC 2019
2 ms. Memory: 146944K Free: 138521K (94%)
ptolemy.util.test.WatchDog.cancel(): canceling Tue Apr 09 21:58:15 UTC 2019
------------------ testing $PTII/ptolemy/domains/de/test/auto/CancelFireAt.xml
auto.tcl: Setting watchdog for 200 seconds at Tue Apr 09 21:58:15 UTC 2019
4 ms. Memory: 146944K Free: 140543K (96%)
ptolemy.util.test.WatchDog.cancel(): canceling Tue Apr 09 21:58:15 UTC 2019
auto.tcl: Setting watchdog for 200 seconds at Tue Apr 09 21:58:15 UTC 2019
3 ms. Memory: 146944K Free: 139527K (95%)
ptolemy.util.test.WatchDog.cancel(): canceling Tue Apr 09 21:58:15 UTC 2019
------------------ testing $PTII/ptolemy/domains/de/test/auto/CausalityAndComposabilityAnalysis.xml
auto.tcl: Setting watchdog for 200 seconds at Tue Apr 09 21:58:15 UTC 2019
18 ms. Memory: 146944K Free: 138144K (94%)
ptolemy.util.test.WatchDog.cancel(): canceling Tue Apr 09 21:58:15 UTC 2019
auto.tcl: Setting watchdog for 200 seconds at Tue Apr 09 21:58:15 UTC 2019
10 ms. Memory: 146944K Free: 137127K (93%)
ptolemy.util.test.WatchDog.cancel(): canceling Tue Apr 09 21:58:15 UTC 2019
------------------ testing $PTII/ptolemy/domains/de/test/auto/CausalityInterface1.xml
auto.tcl: Setting watchdog for 200 seconds at Tue Apr 09 21:58:15 UTC 2019
19 ms. Memory: 146944K Free: 136450K (93%)
ptolemy.util.test.WatchDog.cancel(): canceling Tue Apr 09 21:58:15 UTC 2019
auto.tcl: Setting watchdog for 200 seconds at Tue Apr 09 21:58:15 UTC 2019
3 ms. Memory: 146944K Free: 136450K (93%)
ptolemy.util.test.WatchDog.cancel(): canceling Tue Apr 09 21:58:15 UTC 2019
------------------ testing $PTII/ptolemy/domains/de/test/auto/CausalityInterface15.xml
auto.tcl: Setting watchdog for 200 seconds at Tue Apr 09 21:58:15 UTC 2019
5 ms. Memory: 146944K Free: 136409K (93%)
ptolemy.util.test.WatchDog.cancel(): canceling Tue Apr 09 21:58:16 UTC 2019
auto.tcl: Setting watchdog for 200 seconds at Tue Apr 09 21:58:16 UTC 2019
6 ms. Memory: 146944K Free: 135393K (92%)
ptolemy.util.test.WatchDog.cancel(): canceling Tue Apr 09 21:58:16 UTC 2019
------------------ testing $PTII/ptolemy/domains/de/test/auto/CausalityInterface2.xml
auto.tcl: Setting watchdog for 200 seconds at Tue Apr 09 21:58:16 UTC 2019
4 ms. Memory: 146944K Free: 136594K (93%)
ptolemy.util.test.WatchDog.cancel(): canceling Tue Apr 09 21:58:16 UTC 2019
auto.tcl: Setting watchdog for 200 seconds at Tue Apr 09 21:58:16 UTC 2019
3 ms. Memory: 146944K Free: 136425K (93%)
ptolemy.util.test.WatchDog.cancel(): canceling Tue Apr 09 21:58:16 UTC 2019
------------------ testing $PTII/ptolemy/domains/de/test/auto/CausalityInterface3.xml
auto.tcl: Setting watchdog for 200 seconds at Tue Apr 09 21:58:16 UTC 2019
3 ms. Memory: 146944K Free: 136438K (93%)
ptolemy.util.test.WatchDog.cancel(): canceling Tue Apr 09 21:58:16 UTC 2019
auto.tcl: Setting watchdog for 200 seconds at Tue Apr 09 21:58:16 UTC 2019
4 ms. Memory: 146944K Free: 135421K (92%)
ptolemy.util.test.WatchDog.cancel(): canceling Tue Apr 09 21:58:16 UTC 2019
------------------ testing $PTII/ptolemy/domains/de/test/auto/ClockDrift.xml
auto.tcl: Setting watchdog for 200 seconds at Tue Apr 09 21:58:16 UTC 2019
74 ms. Memory: 146944K Free: 128485K (87%)
ptolemy.util.test.WatchDog.cancel(): canceling Tue Apr 09 21:58:16 UTC 2019
auto.tcl: Setting watchdog for 200 seconds at Tue Apr 09 21:58:16 UTC 2019
43 ms. Memory: 146944K Free: 125436K (85%)
ptolemy.util.test.WatchDog.cancel(): canceling Tue Apr 09 21:58:16 UTC 2019
------------------ testing $PTII/ptolemy/domains/de/test/auto/ClockDriftAndValueChange.xml
auto.tcl: Setting watchdog for 200 seconds at Tue Apr 09 21:58:16 UTC 2019
64 ms. Memory: 146944K Free: 128322K (87%)
ptolemy.util.test.WatchDog.cancel(): canceling Tue Apr 09 21:58:16 UTC 2019
auto.tcl: Setting watchdog for 200 seconds at Tue Apr 09 21:58:16 UTC 2019
40 ms. Memory: 146944K Free: 125272K (85%)
ptolemy.util.test.WatchDog.cancel(): canceling Tue Apr 09 21:58:16 UTC 2019
------------------ testing $PTII/ptolemy/domains/de/test/auto/ClockDriftChange.xml
auto.tcl: Setting watchdog for 200 seconds at Tue Apr 09 21:58:16 UTC 2019
36 ms. Memory: 146944K Free: 130943K (89%)
ptolemy.util.test.WatchDog.cancel(): canceling Tue Apr 09 21:58:16 UTC 2019
auto.tcl: Setting watchdog for 200 seconds at Tue Apr 09 21:58:16 UTC 2019
25 ms. Memory: 146944K Free: 128910K (88%)
ptolemy.util.test.WatchDog.cancel(): canceling Tue Apr 09 21:58:16 UTC 2019
------------------ testing $PTII/ptolemy/domains/de/test/auto/ComposableCausalityAnalysis.xml
auto.tcl: Setting watchdog for 200 seconds at Tue Apr 09 21:58:16 UTC 2019
2 ms. Memory: 146944K Free: 135276K (92%)
ptolemy.util.test.WatchDog.cancel(): canceling Tue Apr 09 21:58:16 UTC 2019
auto.tcl: Setting watchdog for 200 seconds at Tue Apr 09 21:58:16 UTC 2019
2 ms. Memory: 146944K Free: 134259K (91%)
ptolemy.util.test.WatchDog.cancel(): canceling Tue Apr 09 21:58:16 UTC 2019
------------------ testing $PTII/ptolemy/domains/de/test/auto/DEFixedPointLimitation.xml
auto.tcl: Setting watchdog for 200 seconds at Tue Apr 09 21:58:17 UTC 2019
2 ms. Memory: 146944K Free: 136373K (93%)
ptolemy.util.test.WatchDog.cancel(): canceling Tue Apr 09 21:58:17 UTC 2019
auto.tcl: Setting watchdog for 200 seconds at Tue Apr 09 21:58:17 UTC 2019
1 ms. Memory: 146944K Free: 136373K (93%)
ptolemy.util.test.WatchDog.cancel(): canceling Tue Apr 09 21:58:17 UTC 2019
------------------ testing $PTII/ptolemy/domains/de/test/auto/DEScheduleTest.xml
auto.tcl: Setting watchdog for 200 seconds at Tue Apr 09 21:58:17 UTC 2019
4 ms. Memory: 146944K Free: 137425K (94%)
ptolemy.util.test.WatchDog.cancel(): canceling Tue Apr 09 21:58:17 UTC 2019
auto.tcl: Setting watchdog for 200 seconds at Tue Apr 09 21:58:17 UTC 2019
7 ms. Memory: 146944K Free: 136408K (93%)
ptolemy.util.test.WatchDog.cancel(): canceling Tue Apr 09 21:58:17 UTC 2019
------------------ testing $PTII/ptolemy/domains/de/test/auto/DEinDEwithStartTimes.xml
auto.tcl: Setting watchdog for 200 seconds at Tue Apr 09 21:58:17 UTC 2019
6 ms. Memory: 146944K Free: 136546K (93%)
ptolemy.util.test.WatchDog.cancel(): canceling Tue Apr 09 21:58:17 UTC 2019
auto.tcl: Setting watchdog for 200 seconds at Tue Apr 09 21:58:17 UTC 2019
10 ms. Memory: 146944K Free: 134513K (92%)
ptolemy.util.test.WatchDog.cancel(): canceling Tue Apr 09 21:58:17 UTC 2019
------------------ testing $PTII/ptolemy/domains/de/test/auto/DEinDEwithStartTimes2.xml
auto.tcl: Setting watchdog for 200 seconds at Tue Apr 09 21:58:17 UTC 2019
6 ms. Memory: 146944K Free: 135341K (92%)
ptolemy.util.test.WatchDog.cancel(): canceling Tue Apr 09 21:58:17 UTC 2019
auto.tcl: Setting watchdog for 200 seconds at Tue Apr 09 21:58:17 UTC 2019
3 ms. Memory: 146944K Free: 134324K (91%)
ptolemy.util.test.WatchDog.cancel(): canceling Tue Apr 09 21:58:17 UTC 2019
------------------ testing $PTII/ptolemy/domains/de/test/auto/DateDemo.xml
auto.tcl: Setting watchdog for 200 seconds at Tue Apr 09 21:58:17 UTC 2019
17 ms. Memory: 146944K Free: 129555K (88%)
ptolemy.util.test.WatchDog.cancel(): canceling Tue Apr 09 21:58:17 UTC 2019
auto.tcl: Setting watchdog for 200 seconds at Tue Apr 09 21:58:17 UTC 2019
7 ms. Memory: 146944K Free: 127522K (87%)
ptolemy.util.test.WatchDog.cancel(): canceling Tue Apr 09 21:58:17 UTC 2019
------------------ testing $PTII/ptolemy/domains/de/test/auto/DateToEvent.xml
auto.tcl: Setting watchdog for 200 seconds at Tue Apr 09 21:58:17 UTC 2019
2009 ms. Memory: 146944K Free: 123895K (84%)
ptolemy.util.test.WatchDog.cancel(): canceling Tue Apr 09 21:58:19 UTC 2019
auto.tcl: Setting watchdog for 200 seconds at Tue Apr 09 21:58:19 UTC 2019
2007 ms. Memory: 146944K Free: 122879K (84%)
ptolemy.util.test.WatchDog.cancel(): canceling Tue Apr 09 21:58:21 UTC 2019
------------------ testing $PTII/ptolemy/domains/de/test/auto/DepthTest1.xml
auto.tcl: Setting watchdog for 200 seconds at Tue Apr 09 21:58:21 UTC 2019
4 ms. Memory: 146944K Free: 138259K (94%)
ptolemy.util.test.WatchDog.cancel(): canceling Tue Apr 09 21:58:21 UTC 2019
auto.tcl: Setting watchdog for 200 seconds at Tue Apr 09 21:58:21 UTC 2019
3 ms. Memory: 146944K Free: 138259K (94%)
ptolemy.util.test.WatchDog.cancel(): canceling Tue Apr 09 21:58:21 UTC 2019
------------------ testing $PTII/ptolemy/domains/de/test/auto/DepthTest2.xml
auto.tcl: Setting watchdog for 200 seconds at Tue Apr 09 21:58:21 UTC 2019
4 ms. Memory: 146944K Free: 134008K (91%)
ptolemy.util.test.WatchDog.cancel(): canceling Tue Apr 09 21:58:21 UTC 2019
auto.tcl: Setting watchdog for 200 seconds at Tue Apr 09 21:58:21 UTC 2019
7 ms. Memory: 146944K Free: 134008K (91%)
ptolemy.util.test.WatchDog.cancel(): canceling Tue Apr 09 21:58:21 UTC 2019
------------------ testing $PTII/ptolemy/domains/de/test/auto/DepthTest3.xml
auto.tcl: Setting watchdog for 200 seconds at Tue Apr 09 21:58:21 UTC 2019
3 ms. Memory: 146944K Free: 138760K (94%)
ptolemy.util.test.WatchDog.cancel(): canceling Tue Apr 09 21:58:21 UTC 2019
auto.tcl: Setting watchdog for 200 seconds at Tue Apr 09 21:58:21 UTC 2019
2 ms. Memory: 146944K Free: 138760K (94%)
ptolemy.util.test.WatchDog.cancel(): canceling Tue Apr 09 21:58:21 UTC 2019
------------------ testing $PTII/ptolemy/domains/de/test/auto/DepthTest4.xml
auto.tcl: Setting watchdog for 200 seconds at Tue Apr 09 21:58:21 UTC 2019
7 ms. Memory: 146944K Free: 136030K (93%)
ptolemy.util.test.WatchDog.cancel(): canceling Tue Apr 09 21:58:21 UTC 2019
auto.tcl: Setting watchdog for 200 seconds at Tue Apr 09 21:58:21 UTC 2019
3 ms. Memory: 146944K Free: 135013K (92%)
ptolemy.util.test.WatchDog.cancel(): canceling Tue Apr 09 21:58:21 UTC 2019
------------------ testing $PTII/ptolemy/domains/de/test/auto/DepthTest5.xml
auto.tcl: Setting watchdog for 200 seconds at Tue Apr 09 21:58:22 UTC 2019
6 ms. Memory: 146944K Free: 135976K (93%)
ptolemy.util.test.WatchDog.cancel(): canceling Tue Apr 09 21:58:22 UTC 2019
auto.tcl: Setting watchdog for 200 seconds at Tue Apr 09 21:58:22 UTC 2019
3 ms. Memory: 146944K Free: 134959K (92%)
ptolemy.util.test.WatchDog.cancel(): canceling Tue Apr 09 21:58:22 UTC 2019
------------------ testing $PTII/ptolemy/domains/de/test/auto/DepthTest6.xml
auto.tcl: Setting watchdog for 200 seconds at Tue Apr 09 21:58:22 UTC 2019
8 ms. Memory: 146944K Free: 135089K (92%)
ptolemy.util.test.WatchDog.cancel(): canceling Tue Apr 09 21:58:22 UTC 2019
auto.tcl: Setting watchdog for 200 seconds at Tue Apr 09 21:58:22 UTC 2019
2 ms. Memory: 146944K Free: 135089K (92%)
ptolemy.util.test.WatchDog.cancel(): canceling Tue Apr 09 21:58:22 UTC 2019
------------------ testing $PTII/ptolemy/domains/de/test/auto/DepthTest7.xml
auto.tcl: Setting watchdog for 200 seconds at Tue Apr 09 21:58:22 UTC 2019
8 ms. Memory: 146944K Free: 135919K (92%)
ptolemy.util.test.WatchDog.cancel(): canceling Tue Apr 09 21:58:22 UTC 2019
auto.tcl: Setting watchdog for 200 seconds at Tue Apr 09 21:58:22 UTC 2019
1 ms. Memory: 146944K Free: 134902K (92%)
ptolemy.util.test.WatchDog.cancel(): canceling Tue Apr 09 21:58:22 UTC 2019
------------------ testing $PTII/ptolemy/domains/de/test/auto/EventToDate.xml
auto.tcl: Setting watchdog for 200 seconds at Tue Apr 09 21:58:22 UTC 2019
3010 ms. Memory: 146944K Free: 125790K (86%)
ptolemy.util.test.WatchDog.cancel(): canceling Tue Apr 09 21:58:25 UTC 2019
auto.tcl: Setting watchdog for 200 seconds at Tue Apr 09 21:58:25 UTC 2019
3004 ms. Memory: 146944K Free: 125790K (86%)
ptolemy.util.test.WatchDog.cancel(): canceling Tue Apr 09 21:58:28 UTC 2019
------------------ testing $PTII/ptolemy/domains/de/test/auto/FSM1.xml
auto.tcl: Setting watchdog for 200 seconds at Tue Apr 09 21:58:28 UTC 2019
33 ms. Memory: 146944K Free: 128072K (87%)
ptolemy.util.test.WatchDog.cancel(): canceling Tue Apr 09 21:58:28 UTC 2019
auto.tcl: Setting watchdog for 200 seconds at Tue Apr 09 21:58:28 UTC 2019
19 ms. Memory: 146944K Free: 125022K (85%)
ptolemy.util.test.WatchDog.cancel(): canceling Tue Apr 09 21:58:28 UTC 2019
------------------ testing $PTII/ptolemy/domains/de/test/auto/FSM7.xml
auto.tcl: Setting watchdog for 200 seconds at Tue Apr 09 21:58:28 UTC 2019
27 ms. Memory: 146944K Free: 128210K (87%)
ptolemy.util.test.WatchDog.cancel(): canceling Tue Apr 09 21:58:28 UTC 2019
auto.tcl: Setting watchdog for 200 seconds at Tue Apr 09 21:58:28 UTC 2019
22 ms. Memory: 146944K Free: 124143K (84%)
ptolemy.util.test.WatchDog.cancel(): canceling Tue Apr 09 21:58:28 UTC 2019
------------------ testing $PTII/ptolemy/domains/de/test/auto/Inspection.xml
auto.tcl: Setting watchdog for 200 seconds at Tue Apr 09 21:58:28 UTC 2019
22 ms. Memory: 146944K Free: 128268K (87%)
ptolemy.util.test.WatchDog.cancel(): canceling Tue Apr 09 21:58:28 UTC 2019
auto.tcl: Setting watchdog for 200 seconds at Tue Apr 09 21:58:28 UTC 2019
22 ms. Memory: 146944K Free: 126235K (86%)
ptolemy.util.test.WatchDog.cancel(): canceling Tue Apr 09 21:58:28 UTC 2019
------------------ testing $PTII/ptolemy/domains/de/test/auto/Iteration.xml
auto.tcl: Setting watchdog for 200 seconds at Tue Apr 09 21:58:28 UTC 2019
10 ms. Memory: 146944K Free: 134722K (92%)
ptolemy.util.test.WatchDog.cancel(): canceling Tue Apr 09 21:58:28 UTC 2019
auto.tcl: Setting watchdog for 200 seconds at Tue Apr 09 21:58:28 UTC 2019
13 ms. Memory: 146944K Free: 132689K (90%)
ptolemy.util.test.WatchDog.cancel(): canceling Tue Apr 09 21:58:28 UTC 2019
------------------ testing $PTII/ptolemy/domains/de/test/auto/LineFault.xml
auto.tcl: Setting watchdog for 200 seconds at Tue Apr 09 21:58:28 UTC 2019
734 ms. Memory: 148992K Free: 80408K (54%)
ptolemy.util.test.WatchDog.cancel(): canceling Tue Apr 09 21:58:29 UTC 2019
auto.tcl: Setting watchdog for 200 seconds at Tue Apr 09 21:58:29 UTC 2019
685 ms. Memory: 146944K Free: 85888K (58%)
ptolemy.util.test.WatchDog.cancel(): canceling Tue Apr 09 21:58:30 UTC 2019
------------------ testing $PTII/ptolemy/domains/de/test/auto/MergeModel1Add.xml
auto.tcl: Setting watchdog for 200 seconds at Tue Apr 09 21:58:30 UTC 2019
28 ms. Memory: 209920K Free: 180220K (86%)
ptolemy.util.test.WatchDog.cancel(): canceling Tue Apr 09 21:58:30 UTC 2019
auto.tcl: Setting watchdog for 200 seconds at Tue Apr 09 21:58:30 UTC 2019
9 ms. Memory: 209920K Free: 180220K (86%)
ptolemy.util.test.WatchDog.cancel(): canceling Tue Apr 09 21:58:30 UTC 2019
------------------ testing $PTII/ptolemy/domains/de/test/auto/MergeModel2Add.xml
auto.tcl: Setting watchdog for 200 seconds at Tue Apr 09 21:58:30 UTC 2019
16 ms. Memory: 210432K Free: 183993K (87%)
ptolemy.util.test.WatchDog.cancel(): canceling Tue Apr 09 21:58:31 UTC 2019
auto.tcl: Setting watchdog for 200 seconds at Tue Apr 09 21:58:31 UTC 2019
12 ms. Memory: 210432K Free: 182101K (87%)
ptolemy.util.test.WatchDog.cancel(): canceling Tue Apr 09 21:58:31 UTC 2019
------------------ testing $PTII/ptolemy/domains/de/test/auto/MergeModel3Add.xml
auto.tcl: Setting watchdog for 200 seconds at Tue Apr 09 21:58:31 UTC 2019
10 ms. Memory: 209920K Free: 183404K (87%)
ptolemy.util.test.WatchDog.cancel(): canceling Tue Apr 09 21:58:31 UTC 2019
auto.tcl: Setting watchdog for 200 seconds at Tue Apr 09 21:58:31 UTC 2019
7 ms. Memory: 209920K Free: 181504K (86%)
ptolemy.util.test.WatchDog.cancel(): canceling Tue Apr 09 21:58:31 UTC 2019
------------------ testing $PTII/ptolemy/domains/de/test/auto/MergeWithoutDiscard.xml
auto.tcl: Setting watchdog for 200 seconds at Tue Apr 09 21:58:31 UTC 2019
2 ms. Memory: 210432K Free: 198483K (94%)
ptolemy.util.test.WatchDog.cancel(): canceling Tue Apr 09 21:58:31 UTC 2019
auto.tcl: Setting watchdog for 200 seconds at Tue Apr 09 21:58:31 UTC 2019
2 ms. Memory: 210432K Free: 198483K (94%)
ptolemy.util.test.WatchDog.cancel(): canceling Tue Apr 09 21:58:31 UTC 2019
------------------ testing $PTII/ptolemy/domains/de/test/auto/Modal1.xml
auto.tcl: Setting watchdog for 200 seconds at Tue Apr 09 21:58:31 UTC 2019
12 ms. Memory: 210432K Free: 190557K (91%)
ptolemy.util.test.WatchDog.cancel(): canceling Tue Apr 09 21:58:31 UTC 2019
auto.tcl: Setting watchdog for 200 seconds at Tue Apr 09 21:58:31 UTC 2019
13 ms. Memory: 210432K Free: 188657K (90%)
ptolemy.util.test.WatchDog.cancel(): canceling Tue Apr 09 21:58:31 UTC 2019
------------------ testing $PTII/ptolemy/domains/de/test/auto/Modal2.xml
auto.tcl: Setting watchdog for 200 seconds at Tue Apr 09 21:58:31 UTC 2019
10 ms. Memory: 210432K Free: 190431K (90%)
ptolemy.util.test.WatchDog.cancel(): canceling Tue Apr 09 21:58:31 UTC 2019
auto.tcl: Setting watchdog for 200 seconds at Tue Apr 09 21:58:31 UTC 2019
13 ms. Memory: 210432K Free: 188531K (90%)
ptolemy.util.test.WatchDog.cancel(): canceling Tue Apr 09 21:58:31 UTC 2019
------------------ testing $PTII/ptolemy/domains/de/test/auto/Modal3.xml
auto.tcl: Setting watchdog for 200 seconds at Tue Apr 09 21:58:31 UTC 2019
18 ms. Memory: 210432K Free: 190429K (90%)
ptolemy.util.test.WatchDog.cancel(): canceling Tue Apr 09 21:58:31 UTC 2019
auto.tcl: Setting watchdog for 200 seconds at Tue Apr 09 21:58:31 UTC 2019
17 ms. Memory: 210432K Free: 186629K (89%)
ptolemy.util.test.WatchDog.cancel(): canceling Tue Apr 09 21:58:31 UTC 2019
------------------ testing $PTII/ptolemy/domains/de/test/auto/Modal4.xml
auto.tcl: Setting watchdog for 200 seconds at Tue Apr 09 21:58:31 UTC 2019
31 ms. Memory: 208384K Free: 188379K (90%)
ptolemy.util.test.WatchDog.cancel(): canceling Tue Apr 09 21:58:31 UTC 2019
auto.tcl: Setting watchdog for 200 seconds at Tue Apr 09 21:58:31 UTC 2019
22 ms. Memory: 208384K Free: 184579K (89%)
ptolemy.util.test.WatchDog.cancel(): canceling Tue Apr 09 21:58:31 UTC 2019
------------------ testing $PTII/ptolemy/domains/de/test/auto/Modal5.xml
auto.tcl: Setting watchdog for 200 seconds at Tue Apr 09 21:58:31 UTC 2019
19 ms. Memory: 209920K Free: 189901K (90%)
ptolemy.util.test.WatchDog.cancel(): canceling Tue Apr 09 21:58:31 UTC 2019
auto.tcl: Setting watchdog for 200 seconds at Tue Apr 09 21:58:31 UTC 2019
11 ms. Memory: 209920K Free: 186101K (89%)
ptolemy.util.test.WatchDog.cancel(): canceling Tue Apr 09 21:58:31 UTC 2019
------------------ testing $PTII/ptolemy/domains/de/test/auto/Modal6.xml
auto.tcl: Setting watchdog for 200 seconds at Tue Apr 09 21:58:31 UTC 2019
11 ms. Memory: 209920K Free: 189678K (90%)
ptolemy.util.test.WatchDog.cancel(): canceling Tue Apr 09 21:58:31 UTC 2019
auto.tcl: Setting watchdog for 200 seconds at Tue Apr 09 21:58:31 UTC 2019
15 ms. Memory: 209920K Free: 185877K (89%)
ptolemy.util.test.WatchDog.cancel(): canceling Tue Apr 09 21:58:31 UTC 2019
------------------ testing $PTII/ptolemy/domains/de/test/auto/Modal7.xml
auto.tcl: Setting watchdog for 200 seconds at Tue Apr 09 21:58:31 UTC 2019
11 ms. Memory: 209920K Free: 189669K (90%)
ptolemy.util.test.WatchDog.cancel(): canceling Tue Apr 09 21:58:32 UTC 2019
auto.tcl: Setting watchdog for 200 seconds at Tue Apr 09 21:58:32 UTC 2019
13 ms. Memory: 209920K Free: 185869K (89%)
ptolemy.util.test.WatchDog.cancel(): canceling Tue Apr 09 21:58:32 UTC 2019
------------------ testing $PTII/ptolemy/domains/de/test/auto/ModalModel.xml
auto.tcl: Setting watchdog for 200 seconds at Tue Apr 09 21:58:32 UTC 2019
206 ms. Memory: 209920K Free: 129352K (62%)
ptolemy.util.test.WatchDog.cancel(): canceling Tue Apr 09 21:58:32 UTC 2019
auto.tcl: Setting watchdog for 200 seconds at Tue Apr 09 21:58:32 UTC 2019
206 ms. Memory: 209920K Free: 198783K (95%)
ptolemy.util.test.WatchDog.cancel(): canceling Tue Apr 09 21:58:32 UTC 2019
------------------ testing $PTII/ptolemy/domains/de/test/auto/ModalSource.xml
auto.tcl: Setting watchdog for 200 seconds at Tue Apr 09 21:58:32 UTC 2019
6 ms. Memory: 209920K Free: 194789K (93%)
ptolemy.util.test.WatchDog.cancel(): canceling Tue Apr 09 21:58:32 UTC 2019
auto.tcl: Setting watchdog for 200 seconds at Tue Apr 09 21:58:32 UTC 2019
6 ms. Memory: 209920K Free: 193036K (92%)
ptolemy.util.test.WatchDog.cancel(): canceling Tue Apr 09 21:58:32 UTC 2019
------------------ testing $PTII/ptolemy/domains/de/test/auto/NonInterruptibleTimerZeroDelay.xml
auto.tcl: Setting watchdog for 200 seconds at Tue Apr 09 21:58:32 UTC 2019
4 ms. Memory: 335872K Free: 324959K (97%)
ptolemy.util.test.WatchDog.cancel(): canceling Tue Apr 09 21:58:32 UTC 2019
auto.tcl: Setting watchdog for 200 seconds at Tue Apr 09 21:58:32 UTC 2019
3 ms. Memory: 335872K Free: 321452K (96%)
ptolemy.util.test.WatchDog.cancel(): canceling Tue Apr 09 21:58:32 UTC 2019
------------------ testing $PTII/ptolemy/domains/de/test/auto/OpenQueueingNetwork.xml
auto.tcl: Setting watchdog for 200 seconds at Tue Apr 09 21:58:32 UTC 2019
3002 ms. Memory: 336384K Free: 182685K (54%)
ptolemy.util.test.WatchDog.cancel(): canceling Tue Apr 09 21:58:35 UTC 2019
auto.tcl: Setting watchdog for 200 seconds at Tue Apr 09 21:58:35 UTC 2019
2488 ms. Memory: 314880K Free: 79261K (25%)
ptolemy.util.test.WatchDog.cancel(): canceling Tue Apr 09 21:58:38 UTC 2019
------------------ testing $PTII/ptolemy/domains/de/test/auto/OpenQueuingNetwork.xml
auto.tcl: Setting watchdog for 200 seconds at Tue Apr 09 21:58:38 UTC 2019
244 ms. Memory: 313344K Free: 213047K (68%)
ptolemy.util.test.WatchDog.cancel(): canceling Tue Apr 09 21:58:38 UTC 2019
auto.tcl: Setting watchdog for 200 seconds at Tue Apr 09 21:58:38 UTC 2019
248 ms. Memory: 313344K Free: 152101K (49%)
ptolemy.util.test.WatchDog.cancel(): canceling Tue Apr 09 21:58:39 UTC 2019
------------------ testing $PTII/ptolemy/domains/de/test/auto/PeriodicSampler.xml
auto.tcl: Setting watchdog for 200 seconds at Tue Apr 09 21:58:39 UTC 2019
3 ms. Memory: 314880K Free: 301515K (96%)
ptolemy.util.test.WatchDog.cancel(): canceling Tue Apr 09 21:58:39 UTC 2019
auto.tcl: Setting watchdog for 200 seconds at Tue Apr 09 21:58:39 UTC 2019
1 ms. Memory: 314880K Free: 298249K (95%)
ptolemy.util.test.WatchDog.cancel(): canceling Tue Apr 09 21:58:39 UTC 2019
------------------ testing $PTII/ptolemy/domains/de/test/auto/PersistentIO.xml
auto.tcl: Setting watchdog for 200 seconds at Tue Apr 09 21:58:39 UTC 2019
11 ms. Memory: 313344K Free: 294080K (94%)
ptolemy.util.test.WatchDog.cancel(): canceling Tue Apr 09 21:58:39 UTC 2019
auto.tcl: Setting watchdog for 200 seconds at Tue Apr 09 21:58:39 UTC 2019
5 ms. Memory: 313344K Free: 290830K (93%)
ptolemy.util.test.WatchDog.cancel(): canceling Tue Apr 09 21:58:39 UTC 2019
------------------ testing $PTII/ptolemy/domains/de/test/auto/PortParameterResetOnInitialize.xml
auto.tcl: Setting watchdog for 200 seconds at Tue Apr 09 21:58:39 UTC 2019
3 ms. Memory: 314880K Free: 298711K (95%)
ptolemy.util.test.WatchDog.cancel(): canceling Tue Apr 09 21:58:39 UTC 2019
auto.tcl: Setting watchdog for 200 seconds at Tue Apr 09 21:58:39 UTC 2019
2 ms. Memory: 314880K Free: 298711K (95%)
ptolemy.util.test.WatchDog.cancel(): canceling Tue Apr 09 21:58:39 UTC 2019
------------------ testing $PTII/ptolemy/domains/de/test/auto/PortParameterUpdates.xml
auto.tcl: Setting watchdog for 200 seconds at Tue Apr 09 21:58:39 UTC 2019
4 ms. Memory: 313344K Free: 297324K (95%)
ptolemy.util.test.WatchDog.cancel(): canceling Tue Apr 09 21:58:39 UTC 2019
auto.tcl: Setting watchdog for 200 seconds at Tue Apr 09 21:58:39 UTC 2019
3 ms. Memory: 313344K Free: 297324K (95%)
ptolemy.util.test.WatchDog.cancel(): canceling Tue Apr 09 21:58:39 UTC 2019
------------------ testing $PTII/ptolemy/domains/de/test/auto/QueueAndServer.xml
auto.tcl: Setting watchdog for 200 seconds at Tue Apr 09 21:58:39 UTC 2019
8 ms. Memory: 314368K Free: 300567K (96%)
ptolemy.util.test.WatchDog.cancel(): canceling Tue Apr 09 21:58:39 UTC 2019
auto.tcl: Setting watchdog for 200 seconds at Tue Apr 09 21:58:39 UTC 2019
6 ms. Memory: 314368K Free: 297301K (95%)
ptolemy.util.test.WatchDog.cancel(): canceling Tue Apr 09 21:58:39 UTC 2019
------------------ testing $PTII/ptolemy/domains/de/test/auto/Records.xml
auto.tcl: Setting watchdog for 200 seconds at Tue Apr 09 21:58:39 UTC 2019
3 ms. Memory: 313344K Free: 299493K (96%)
ptolemy.util.test.WatchDog.cancel(): canceling Tue Apr 09 21:58:39 UTC 2019
auto.tcl: Setting watchdog for 200 seconds at Tue Apr 09 21:58:39 UTC 2019
2 ms. Memory: 313344K Free: 299493K (96%)
ptolemy.util.test.WatchDog.cancel(): canceling Tue Apr 09 21:58:39 UTC 2019
------------------ testing $PTII/ptolemy/domains/de/test/auto/ResetTransitionWithStartTime1.xml
auto.tcl: Setting watchdog for 200 seconds at Tue Apr 09 21:58:39 UTC 2019
10 ms. Memory: 314368K Free: 297332K (95%)
ptolemy.util.test.WatchDog.cancel(): canceling Tue Apr 09 21:58:39 UTC 2019
auto.tcl: Setting watchdog for 200 seconds at Tue Apr 09 21:58:39 UTC 2019
10 ms. Memory: 314368K Free: 297284K (95%)
ptolemy.util.test.WatchDog.cancel(): canceling Tue Apr 09 21:58:39 UTC 2019
------------------ testing $PTII/ptolemy/domains/de/test/auto/ResetTransitionWithStartTime2.xml
auto.tcl: Setting watchdog for 200 seconds at Tue Apr 09 21:58:39 UTC 2019
6 ms. Memory: 313344K Free: 299565K (96%)
ptolemy.util.test.WatchDog.cancel(): canceling Tue Apr 09 21:58:39 UTC 2019
auto.tcl: Setting watchdog for 200 seconds at Tue Apr 09 21:58:39 UTC 2019
7 ms. Memory: 313344K Free: 296315K (95%)
ptolemy.util.test.WatchDog.cancel(): canceling Tue Apr 09 21:58:39 UTC 2019
------------------ testing $PTII/ptolemy/domains/de/test/auto/ResetTransitionWithStartTime3.xml
auto.tcl: Setting watchdog for 200 seconds at Tue Apr 09 21:58:39 UTC 2019
8 ms. Memory: 314368K Free: 300580K (96%)
ptolemy.util.test.WatchDog.cancel(): canceling Tue Apr 09 21:58:39 UTC 2019
auto.tcl: Setting watchdog for 200 seconds at Tue Apr 09 21:58:39 UTC 2019
6 ms. Memory: 314368K Free: 297330K (95%)
ptolemy.util.test.WatchDog.cancel(): canceling Tue Apr 09 21:58:39 UTC 2019
------------------ testing $PTII/ptolemy/domains/de/test/auto/ResetTransitionWithStartTime4.xml
auto.tcl: Setting watchdog for 200 seconds at Tue Apr 09 21:58:39 UTC 2019
4 ms. Memory: 313344K Free: 296233K (95%)
ptolemy.util.test.WatchDog.cancel(): canceling Tue Apr 09 21:58:39 UTC 2019
auto.tcl: Setting watchdog for 200 seconds at Tue Apr 09 21:58:39 UTC 2019
3 ms. Memory: 313344K Free: 296233K (95%)
ptolemy.util.test.WatchDog.cancel(): canceling Tue Apr 09 21:58:39 UTC 2019
------------------ testing $PTII/ptolemy/domains/de/test/auto/ResettableTimer1.xml
auto.tcl: Setting watchdog for 200 seconds at Tue Apr 09 21:58:39 UTC 2019
4 ms. Memory: 313856K Free: 303272K (97%)
ptolemy.util.test.WatchDog.cancel(): canceling Tue Apr 09 21:58:39 UTC 2019
auto.tcl: Setting watchdog for 200 seconds at Tue Apr 09 21:58:39 UTC 2019
2 ms. Memory: 313856K Free: 300006K (96%)
ptolemy.util.test.WatchDog.cancel(): canceling Tue Apr 09 21:58:39 UTC 2019
------------------ testing $PTII/ptolemy/domains/de/test/auto/ResettableTimer2.xml
auto.tcl: Setting watchdog for 200 seconds at Tue Apr 09 21:58:39 UTC 2019
2 ms. Memory: 313344K Free: 302867K (97%)
ptolemy.util.test.WatchDog.cancel(): canceling Tue Apr 09 21:58:39 UTC 2019
auto.tcl: Setting watchdog for 200 seconds at Tue Apr 09 21:58:39 UTC 2019
2 ms. Memory: 313344K Free: 299617K (96%)
ptolemy.util.test.WatchDog.cancel(): canceling Tue Apr 09 21:58:39 UTC 2019
------------------ testing $PTII/ptolemy/domains/de/test/auto/ResettableTimer3.xml
auto.tcl: Setting watchdog for 200 seconds at Tue Apr 09 21:58:40 UTC 2019
2 ms. Memory: 313856K Free: 300064K (96%)
ptolemy.util.test.WatchDog.cancel(): canceling Tue Apr 09 21:58:40 UTC 2019
auto.tcl: Setting watchdog for 200 seconds at Tue Apr 09 21:58:40 UTC 2019
1 ms. Memory: 313856K Free: 300064K (96%)
ptolemy.util.test.WatchDog.cancel(): canceling Tue Apr 09 21:58:40 UTC 2019
------------------ testing $PTII/ptolemy/domains/de/test/auto/ResettableTimer4.xml
auto.tcl: Setting watchdog for 200 seconds at Tue Apr 09 21:58:40 UTC 2019
1 ms. Memory: 313344K Free: 299564K (96%)
ptolemy.util.test.WatchDog.cancel(): canceling Tue Apr 09 21:58:40 UTC 2019
auto.tcl: Setting watchdog for 200 seconds at Tue Apr 09 21:58:40 UTC 2019
1 ms. Memory: 313344K Free: 299564K (96%)
ptolemy.util.test.WatchDog.cancel(): canceling Tue Apr 09 21:58:40 UTC 2019
------------------ testing $PTII/ptolemy/domains/de/test/auto/ResettableTimer5.xml
auto.tcl: Setting watchdog for 200 seconds at Tue Apr 09 21:58:40 UTC 2019
1 ms. Memory: 313856K Free: 300123K (96%)
ptolemy.util.test.WatchDog.cancel(): canceling Tue Apr 09 21:58:40 UTC 2019
auto.tcl: Setting watchdog for 200 seconds at Tue Apr 09 21:58:40 UTC 2019
2 ms. Memory: 313856K Free: 300123K (96%)
ptolemy.util.test.WatchDog.cancel(): canceling Tue Apr 09 21:58:40 UTC 2019
------------------ testing $PTII/ptolemy/domains/de/test/auto/ResettableTimer6.xml
auto.tcl: Setting watchdog for 200 seconds at Tue Apr 09 21:58:40 UTC 2019
1 ms. Memory: 313344K Free: 299512K (96%)
ptolemy.util.test.WatchDog.cancel(): canceling Tue Apr 09 21:58:40 UTC 2019
auto.tcl: Setting watchdog for 200 seconds at Tue Apr 09 21:58:40 UTC 2019
1 ms. Memory: 313344K Free: 299512K (96%)
ptolemy.util.test.WatchDog.cancel(): canceling Tue Apr 09 21:58:40 UTC 2019
------------------ testing $PTII/ptolemy/domains/de/test/auto/ServerZeroDelay.xml
auto.tcl: Setting watchdog for 200 seconds at Tue Apr 09 21:58:40 UTC 2019
4 ms. Memory: 313856K Free: 303328K (97%)
ptolemy.util.test.WatchDog.cancel(): canceling Tue Apr 09 21:58:40 UTC 2019
auto.tcl: Setting watchdog for 200 seconds at Tue Apr 09 21:58:40 UTC 2019
3 ms. Memory: 313856K Free: 300078K (96%)
ptolemy.util.test.WatchDog.cancel(): canceling Tue Apr 09 21:58:40 UTC 2019
------------------ testing $PTII/ptolemy/domains/de/test/auto/SmartSender.xml
auto.tcl: Setting watchdog for 200 seconds at Tue Apr 09 21:58:40 UTC 2019
3002 ms. Memory: 313344K Free: 297241K (95%)
ptolemy.util.test.WatchDog.cancel(): canceling Tue Apr 09 21:58:43 UTC 2019
auto.tcl: Setting watchdog for 200 seconds at Tue Apr 09 21:58:43 UTC 2019
3002 ms. Memory: 313344K Free: 297241K (95%)
ptolemy.util.test.WatchDog.cancel(): canceling Tue Apr 09 21:58:46 UTC 2019
------------------ testing $PTII/ptolemy/domains/de/test/auto/ThreadedComposite.xml
auto.tcl: Setting watchdog for 200 seconds at Tue Apr 09 21:58:46 UTC 2019
256 ms. Memory: 313856K Free: 277303K (88%)
ptolemy.util.test.WatchDog.cancel(): canceling Tue Apr 09 21:58:46 UTC 2019
auto.tcl: Setting watchdog for 200 seconds at Tue Apr 09 21:58:46 UTC 2019
143 ms. Memory: 313856K Free: 261525K (83%)
ptolemy.util.test.WatchDog.cancel(): canceling Tue Apr 09 21:58:46 UTC 2019
------------------ testing $PTII/ptolemy/domains/de/test/auto/Time.xml
auto.tcl: Setting watchdog for 200 seconds at Tue Apr 09 21:58:46 UTC 2019
486 ms. Memory: 313344K Free: 248195K (79%)
ptolemy.util.test.WatchDog.cancel(): canceling Tue Apr 09 21:58:47 UTC 2019
auto.tcl: Setting watchdog for 200 seconds at Tue Apr 09 21:58:47 UTC 2019
461 ms. Memory: 313344K Free: 196196K (63%)
ptolemy.util.test.WatchDog.cancel(): canceling Tue Apr 09 21:58:47 UTC 2019
------------------ testing $PTII/ptolemy/domains/de/test/auto/TimeDelayZeroDelay.xml
auto.tcl: Setting watchdog for 200 seconds at Tue Apr 09 21:58:47 UTC 2019
2 ms. Memory: 313856K Free: 303197K (97%)
ptolemy.util.test.WatchDog.cancel(): canceling Tue Apr 09 21:58:47 UTC 2019
auto.tcl: Setting watchdog for 200 seconds at Tue Apr 09 21:58:47 UTC 2019
1 ms. Memory: 313856K Free: 299939K (96%)
ptolemy.util.test.WatchDog.cancel(): canceling Tue Apr 09 21:58:47 UTC 2019
------------------ testing $PTII/ptolemy/domains/de/test/auto/TimerZeroDelay.xml
auto.tcl: Setting watchdog for 200 seconds at Tue Apr 09 21:58:48 UTC 2019
5 ms. Memory: 313344K Free: 302777K (97%)
ptolemy.util.test.WatchDog.cancel(): canceling Tue Apr 09 21:58:48 UTC 2019
auto.tcl: Setting watchdog for 200 seconds at Tue Apr 09 21:58:48 UTC 2019
2 ms. Memory: 313344K Free: 299527K (96%)
ptolemy.util.test.WatchDog.cancel(): canceling Tue Apr 09 21:58:48 UTC 2019
------------------ testing $PTII/ptolemy/domains/de/test/auto/TimingParadox.xml
auto.tcl: Setting watchdog for 200 seconds at Tue Apr 09 21:58:48 UTC 2019
346 ms. Memory: 313856K Free: 235854K (75%)
ptolemy.util.test.WatchDog.cancel(): canceling Tue Apr 09 21:58:48 UTC 2019
auto.tcl: Setting watchdog for 200 seconds at Tue Apr 09 21:58:48 UTC 2019
352 ms. Memory: 313856K Free: 200105K (64%)
ptolemy.util.test.WatchDog.cancel(): canceling Tue Apr 09 21:58:48 UTC 2019
------------------ testing $PTII/ptolemy/domains/de/test/auto/TransferInputs.xml
auto.tcl: Setting watchdog for 200 seconds at Tue Apr 09 21:58:49 UTC 2019
2 ms. Memory: 313856K Free: 298984K (95%)
ptolemy.util.test.WatchDog.cancel(): canceling Tue Apr 09 21:58:49 UTC 2019
auto.tcl: Setting watchdog for 200 seconds at Tue Apr 09 21:58:49 UTC 2019
2 ms. Memory: 313856K Free: 298984K (95%)
ptolemy.util.test.WatchDog.cancel(): canceling Tue Apr 09 21:58:49 UTC 2019
------------------ testing $PTII/ptolemy/domains/de/test/auto/TransferOutputs2.xml
auto.tcl: Setting watchdog for 200 seconds at Tue Apr 09 21:58:49 UTC 2019
4 ms. Memory: 313344K Free: 293988K (94%)
ptolemy.util.test.WatchDog.cancel(): canceling Tue Apr 09 21:58:49 UTC 2019
auto.tcl: Setting watchdog for 200 seconds at Tue Apr 09 21:58:49 UTC 2019
3 ms. Memory: 313344K Free: 293988K (94%)
ptolemy.util.test.WatchDog.cancel(): canceling Tue Apr 09 21:58:49 UTC 2019
------------------ testing $PTII/ptolemy/domains/de/test/auto/Trilateration.xml
auto.tcl: Setting watchdog for 200 seconds at Tue Apr 09 21:58:49 UTC 2019
13723 ms. Memory: 391680K Free: 217916K (56%)
ptolemy.util.test.WatchDog.cancel(): canceling Tue Apr 09 21:59:03 UTC 2019
auto.tcl: Setting watchdog for 200 seconds at Tue Apr 09 21:59:03 UTC 2019
10849 ms. Memory: 280576K Free: 84563K (30%)
ptolemy.util.test.WatchDog.cancel(): canceling Tue Apr 09 21:59:14 UTC 2019
------------------ testing $PTII/ptolemy/domains/de/test/auto/TwoSigmaDelta.xml
auto.tcl: Setting watchdog for 200 seconds at Tue Apr 09 21:59:14 UTC 2019
2830 ms. Memory: 272896K Free: 169039K (62%)
ptolemy.util.test.WatchDog.cancel(): canceling Tue Apr 09 21:59:17 UTC 2019
auto.tcl: Setting watchdog for 200 seconds at Tue Apr 09 21:59:17 UTC 2019
2015 ms. Memory: 266240K Free: 117519K (44%)
ptolemy.util.test.WatchDog.cancel(): canceling Tue Apr 09 21:59:19 UTC 2019
------------------ testing $PTII/ptolemy/domains/de/test/auto/VariableDelay.xml
auto.tcl: Setting watchdog for 200 seconds at Tue Apr 09 21:59:19 UTC 2019
2 ms. Memory: 264192K Free: 251360K (95%)
ptolemy.util.test.WatchDog.cancel(): canceling Tue Apr 09 21:59:19 UTC 2019
auto.tcl: Setting watchdog for 200 seconds at Tue Apr 09 21:59:19 UTC 2019
2 ms. Memory: 264192K Free: 251360K (95%)
ptolemy.util.test.WatchDog.cancel(): canceling Tue Apr 09 21:59:19 UTC 2019
------------------ testing $PTII/ptolemy/domains/de/test/auto/VariableDelay2.xml
auto.tcl: Setting watchdog for 200 seconds at Tue Apr 09 21:59:19 UTC 2019
2 ms. Memory: 265728K Free: 253312K (95%)
ptolemy.util.test.WatchDog.cancel(): canceling Tue Apr 09 21:59:19 UTC 2019
auto.tcl: Setting watchdog for 200 seconds at Tue Apr 09 21:59:19 UTC 2019
2 ms. Memory: 265728K Free: 253312K (95%)
ptolemy.util.test.WatchDog.cancel(): canceling Tue Apr 09 21:59:19 UTC 2019
------------------ testing $PTII/ptolemy/domains/de/test/auto/VariableDelayZeroDelay.xml
auto.tcl: Setting watchdog for 200 seconds at Tue Apr 09 21:59:20 UTC 2019
6 ms. Memory: 264192K Free: 251767K (95%)
ptolemy.util.test.WatchDog.cancel(): canceling Tue Apr 09 21:59:20 UTC 2019
auto.tcl: Setting watchdog for 200 seconds at Tue Apr 09 21:59:20 UTC 2019
2 ms. Memory: 264192K Free: 251765K (95%)
ptolemy.util.test.WatchDog.cancel(): canceling Tue Apr 09 21:59:20 UTC 2019
------------------ testing $PTII/ptolemy/domains/de/test/auto/VariableDelayZeroDelay2.xml
auto.tcl: Setting watchdog for 200 seconds at Tue Apr 09 21:59:20 UTC 2019
2 ms. Memory: 265728K Free: 253309K (95%)
ptolemy.util.test.WatchDog.cancel(): canceling Tue Apr 09 21:59:20 UTC 2019
auto.tcl: Setting watchdog for 200 seconds at Tue Apr 09 21:59:20 UTC 2019
2 ms. Memory: 265728K Free: 253309K (95%)
ptolemy.util.test.WatchDog.cancel(): canceling Tue Apr 09 21:59:20 UTC 2019
------------------ testing $PTII/ptolemy/domains/de/test/auto/deInCt.xml
auto.tcl: Setting watchdog for 200 seconds at Tue Apr 09 21:59:20 UTC 2019
0
1
1
1
1
0
0
0
1
1
1
0
0
0
1
1
1
0
0
0
1
1
1
0
0
0
1
1
1
1
1
0
0
0
0
1
1
1
0
0
0
0
20 ms. Memory: 264192K Free: 249934K (95%)
ptolemy.util.test.WatchDog.cancel(): canceling Tue Apr 09 21:59:20 UTC 2019
auto.tcl: Setting watchdog for 200 seconds at Tue Apr 09 21:59:20 UTC 2019
0
1
1
1
1
0
0
0
1
1
1
0
0
0
1
1
1
0
0
0
0
0
0
1
1
1
1
1
1
10 ms. Memory: 264192K Free: 249934K (95%)
ptolemy.util.test.WatchDog.cancel(): canceling Tue Apr 09 21:59:20 UTC 2019
------------------ testing $PTII/ptolemy/domains/de/test/auto/deInCt2.xml
auto.tcl: Setting watchdog for 200 seconds at Tue Apr 09 21:59:20 UTC 2019
0
1
1
1
0
0
1
1
1
0
0
1
1
1
0
0
1
1
1
0
0
1
1
1
0
0
1
1
1
0
0
1
1
1
0
0
1
1
1
0
0
0
10 ms. Memory: 265216K Free: 250955K (95%)
ptolemy.util.test.WatchDog.cancel(): canceling Tue Apr 09 21:59:20 UTC 2019
auto.tcl: Setting watchdog for 200 seconds at Tue Apr 09 21:59:20 UTC 2019
0
1
1
1
0
0
1
1
1
0
0
1
1
1
0
0
1
1
1
0
0
1
1
1
0
0
1
1
1
0
0
1
1
1
0
0
1
1
1
0
0
0
6 ms. Memory: 265216K Free: 250955K (95%)
ptolemy.util.test.WatchDog.cancel(): canceling Tue Apr 09 21:59:20 UTC 2019
------------------ testing $PTII/ptolemy/domains/de/test/auto/dynamicCausalityInterface1.xml
auto.tcl: Setting watchdog for 200 seconds at Tue Apr 09 21:59:20 UTC 2019
3 ms. Memory: 264192K Free: 246234K (93%)
ptolemy.util.test.WatchDog.cancel(): canceling Tue Apr 09 21:59:20 UTC 2019
auto.tcl: Setting watchdog for 200 seconds at Tue Apr 09 21:59:20 UTC 2019
1 ms. Memory: 264192K Free: 246234K (93%)
ptolemy.util.test.WatchDog.cancel(): canceling Tue Apr 09 21:59:20 UTC 2019
------------------ testing $PTII/ptolemy/domains/de/test/auto/fsm_de_test.xml
auto.tcl: Setting watchdog for 200 seconds at Tue Apr 09 21:59:20 UTC 2019
9 ms. Memory: 265216K Free: 248109K (94%)
ptolemy.util.test.WatchDog.cancel(): canceling Tue Apr 09 21:59:20 UTC 2019
auto.tcl: Setting watchdog for 200 seconds at Tue Apr 09 21:59:20 UTC 2019
5 ms. Memory: 265216K Free: 245357K (93%)
ptolemy.util.test.WatchDog.cancel(): canceling Tue Apr 09 21:59:20 UTC 2019
------------------ testing $PTII/ptolemy/domains/de/test/auto/functionDependencyReconstruction.xml
auto.tcl: Setting watchdog for 200 seconds at Tue Apr 09 21:59:20 UTC 2019
6 ms. Memory: 264192K Free: 238794K (90%)
ptolemy.util.test.WatchDog.cancel(): canceling Tue Apr 09 21:59:20 UTC 2019
auto.tcl: Setting watchdog for 200 seconds at Tue Apr 09 21:59:20 UTC 2019
2 ms. Memory: 264192K Free: 238794K (90%)
ptolemy.util.test.WatchDog.cancel(): canceling Tue Apr 09 21:59:20 UTC 2019
------------------ testing $PTII/ptolemy/domains/de/test/auto/multirate.xml
auto.tcl: Setting watchdog for 200 seconds at Tue Apr 09 21:59:20 UTC 2019
3 ms. Memory: 264704K Free: 250200K (95%)
ptolemy.util.test.WatchDog.cancel(): canceling Tue Apr 09 21:59:20 UTC 2019
auto.tcl: Setting watchdog for 200 seconds at Tue Apr 09 21:59:20 UTC 2019
3 ms. Memory: 264704K Free: 247448K (93%)
ptolemy.util.test.WatchDog.cancel(): canceling Tue Apr 09 21:59:20 UTC 2019
------------------ testing $PTII/ptolemy/domains/de/test/auto/multirate2.xml
auto.tcl: Setting watchdog for 200 seconds at Tue Apr 09 21:59:20 UTC 2019
4 ms. Memory: 264192K Free: 249892K (95%)
ptolemy.util.test.WatchDog.cancel(): canceling Tue Apr 09 21:59:20 UTC 2019
auto.tcl: Setting watchdog for 200 seconds at Tue Apr 09 21:59:20 UTC 2019
3 ms. Memory: 264192K Free: 247124K (94%)
ptolemy.util.test.WatchDog.cancel(): canceling Tue Apr 09 21:59:20 UTC 2019
------------------ testing $PTII/ptolemy/domains/de/test/auto/realtime.xml
auto.tcl: Setting watchdog for 200 seconds at Tue Apr 09 21:59:20 UTC 2019
10001 ms. Memory: 264704K Free: 250401K (95%)
ptolemy.util.test.WatchDog.cancel(): canceling Tue Apr 09 21:59:30 UTC 2019
auto.tcl: Setting watchdog for 200 seconds at Tue Apr 09 21:59:30 UTC 2019
10002 ms. Memory: 264704K Free: 250401K (95%)
ptolemy.util.test.WatchDog.cancel(): canceling Tue Apr 09 21:59:40 UTC 2019
------------------ testing $PTII/ptolemy/domains/de/test/auto/relationGroup.xml
auto.tcl: Setting watchdog for 200 seconds at Tue Apr 09 21:59:40 UTC 2019
1 ms. Memory: 264192K Free: 252669K (96%)
ptolemy.util.test.WatchDog.cancel(): canceling Tue Apr 09 21:59:40 UTC 2019
auto.tcl: Setting watchdog for 200 seconds at Tue Apr 09 21:59:40 UTC 2019
1 ms. Memory: 264192K Free: 249916K (95%)
ptolemy.util.test.WatchDog.cancel(): canceling Tue Apr 09 21:59:40 UTC 2019
------------------ testing $PTII/ptolemy/domains/de/test/auto/relationGroup2.xml
auto.tcl: Setting watchdog for 200 seconds at Tue Apr 09 21:59:40 UTC 2019
2 ms. Memory: 264704K Free: 253208K (96%)
ptolemy.util.test.WatchDog.cancel(): canceling Tue Apr 09 21:59:40 UTC 2019
auto.tcl: Setting watchdog for 200 seconds at Tue Apr 09 21:59:40 UTC 2019
1 ms. Memory: 264704K Free: 250439K (95%)
ptolemy.util.test.WatchDog.cancel(): canceling Tue Apr 09 21:59:40 UTC 2019
------------------ testing $PTII/ptolemy/domains/de/test/auto/sortWithOpaquePorts.xml
auto.tcl: Setting watchdog for 200 seconds at Tue Apr 09 21:59:40 UTC 2019
1 ms. Memory: 264192K Free: 249928K (95%)
ptolemy.util.test.WatchDog.cancel(): canceling Tue Apr 09 21:59:40 UTC 2019
auto.tcl: Setting watchdog for 200 seconds at Tue Apr 09 21:59:40 UTC 2019
2 ms. Memory: 264192K Free: 249928K (95%)
ptolemy.util.test.WatchDog.cancel(): canceling Tue Apr 09 21:59:40 UTC 2019
------------------ testing $PTII/ptolemy/domains/de/test/auto/transferInputsandOutputs.xml
auto.tcl: Setting watchdog for 200 seconds at Tue Apr 09 21:59:40 UTC 2019
2 ms. Memory: 264704K Free: 247658K (94%)
ptolemy.util.test.WatchDog.cancel(): canceling Tue Apr 09 21:59:40 UTC 2019
auto.tcl: Setting watchdog for 200 seconds at Tue Apr 09 21:59:40 UTC 2019
1 ms. Memory: 264704K Free: 247658K (94%)
ptolemy.util.test.WatchDog.cancel(): canceling Tue Apr 09 21:59:40 UTC 2019
------------------ testing $PTII/ptolemy/domains/de/test/auto/triggerType.xml
auto.tcl: Setting watchdog for 200 seconds at Tue Apr 09 21:59:41 UTC 2019
2 ms. Memory: 264192K Free: 249874K (95%)
ptolemy.util.test.WatchDog.cancel(): canceling Tue Apr 09 21:59:41 UTC 2019
auto.tcl: Setting watchdog for 200 seconds at Tue Apr 09 21:59:41 UTC 2019
1 ms. Memory: 264192K Free: 249874K (95%)
ptolemy.util.test.WatchDog.cancel(): canceling Tue Apr 09 21:59:41 UTC 2019
04/09/19 09:59:41
Failed: 0  Total Tests: 192  ((Passed: 187, Newly Passed: 1)  Known Failed: 5) /home/travis/build/icyphy/ptII/ptolemy/domains/de/test
04/09/19 09:59:41
Failed: 0  Total Tests: 192  ((Passed: 187, Newly Passed: 1)  Known Failed: 5) /home/travis/build/icyphy/ptII/ptolemy/domains/de/test
----------------- testing (KnownFailure) /home/travis/build/icyphy/ptII/ptolemy/domains/de/test/auto/knownFailedTests/DESDFClockTest.xml
2010 ms. Memory: 264704K Free: 242212K (92%)
Known Failure: java.lang.reflect.InvocationTargetException
----------------- testing (KnownFailure) /home/travis/build/icyphy/ptII/ptolemy/domains/de/test/auto/knownFailedTests/DirectFeedback.xml
2 ms. Memory: 264704K Free: 227589K (86%)
Known Failure: java.lang.reflect.InvocationTargetException
----------------- testing (KnownFailure) /home/travis/build/icyphy/ptII/ptolemy/domains/de/test/auto/knownFailedTests/FSMSource.xml
13 ms. Memory: 264704K Free: 209294K (79%)
----------------- testing (KnownFailure) /home/travis/build/icyphy/ptII/ptolemy/domains/de/test/auto/knownFailedTests/HierarchicalModel.xml
4 ms. Memory: 264704K Free: 187328K (71%)
Known Failure: java.lang.reflect.InvocationTargetException
----------------- testing (KnownFailure) /home/travis/build/icyphy/ptII/ptolemy/domains/de/test/auto/knownFailedTests/dependencyLoop.xml
2 ms. Memory: 264704K Free: 161722K (61%)
Known Failure: java.lang.reflect.InvocationTargetException
----------------- testing (KnownFailure) /home/travis/build/icyphy/ptII/ptolemy/domains/de/test/auto/knownFailedTests/dependencyLoop2.xml
6 ms. Memory: 264704K Free: 136099K (51%)
Known Failure: java.lang.reflect.InvocationTargetException
No auto/linux-amd64/*.xml tests in /home/travis/build/icyphy/ptII/ptolemy/domains/de/test
AutoTests.java: About to close Vertx.
AutoTests.java: Vertx closed.

===========================================================================================
----------------- testing Tue Apr 09 21:59:43 UTC 2019 /home/travis/build/icyphy/ptII/ptolemy/domains/de/test/auto/ActorDepthCalculation_actorWithoutPorts.xml
----------------- Instantiating /home/travis/build/icyphy/ptII/ptolemy/domains/de/test/auto/ActorDepthCalculation_actorWithoutPorts.xml
2 ms. Memory: 264704K Free: 114149K (43%)
----------------- Invoking toplevel() on ptolemy.moml.MoMLSimpleApplication@26ae6f5b
----------------- Done invoking toplevel() on ptolemy.moml.MoMLSimpleApplication@26ae6f5b
reloadAllAccessors: .ActorDepthCalculation_actorWithoutPorts

===========================================================================================
----------------- testing Tue Apr 09 21:59:43 UTC 2019 /home/travis/build/icyphy/ptII/ptolemy/domains/de/test/auto/AssemblyLine.xml
----------------- Instantiating /home/travis/build/icyphy/ptII/ptolemy/domains/de/test/auto/AssemblyLine.xml
2 ms. Memory: 264704K Free: 103166K (39%)
----------------- Invoking toplevel() on ptolemy.moml.MoMLSimpleApplication@114741a9
----------------- Done invoking toplevel() on ptolemy.moml.MoMLSimpleApplication@114741a9
reloadAllAccessors: .AssemblyLine

===========================================================================================
----------------- testing Tue Apr 09 21:59:43 UTC 2019 /home/travis/build/icyphy/ptII/ptolemy/domains/de/test/auto/CQBug1.xml
----------------- Instantiating /home/travis/build/icyphy/ptII/ptolemy/domains/de/test/auto/CQBug1.xml
3 ms. Memory: 264704K Free: 95855K (36%)
----------------- Invoking toplevel() on ptolemy.moml.MoMLSimpleApplication@a1601e8
----------------- Done invoking toplevel() on ptolemy.moml.MoMLSimpleApplication@a1601e8
reloadAllAccessors: .CQBug1

===========================================================================================
----------------- testing Tue Apr 09 21:59:43 UTC 2019 /home/travis/build/icyphy/ptII/ptolemy/domains/de/test/auto/CancelFireAt.xml
----------------- Instantiating /home/travis/build/icyphy/ptII/ptolemy/domains/de/test/auto/CancelFireAt.xml
1 ms. Memory: 264704K Free: 88543K (33%)
----------------- Invoking toplevel() on ptolemy.moml.MoMLSimpleApplication@4915f8c8
----------------- Done invoking toplevel() on ptolemy.moml.MoMLSimpleApplication@4915f8c8
reloadAllAccessors: .CancelFireAt

===========================================================================================
----------------- testing Tue Apr 09 21:59:43 UTC 2019 /home/travis/build/icyphy/ptII/ptolemy/domains/de/test/auto/CausalityAndComposabilityAnalysis.xml
----------------- Instantiating /home/travis/build/icyphy/ptII/ptolemy/domains/de/test/auto/CausalityAndComposabilityAnalysis.xml
2 ms. Memory: 264704K Free: 76823K (29%)
----------------- Invoking toplevel() on ptolemy.moml.MoMLSimpleApplication@742e7b0d
----------------- Done invoking toplevel() on ptolemy.moml.MoMLSimpleApplication@742e7b0d
reloadAllAccessors: .CausalityAndComposabilityAnalysis

===========================================================================================
----------------- testing Tue Apr 09 21:59:43 UTC 2019 /home/travis/build/icyphy/ptII/ptolemy/domains/de/test/auto/CausalityInterface1.xml
----------------- Instantiating /home/travis/build/icyphy/ptII/ptolemy/domains/de/test/auto/CausalityInterface1.xml
5 ms. Memory: 256512K Free: 240636K (94%)
----------------- Invoking toplevel() on ptolemy.moml.MoMLSimpleApplication@dc26206
----------------- Done invoking toplevel() on ptolemy.moml.MoMLSimpleApplication@dc26206
reloadAllAccessors: .CausalityInterface1

===========================================================================================
----------------- testing Tue Apr 09 21:59:43 UTC 2019 /home/travis/build/icyphy/ptII/ptolemy/domains/de/test/auto/CausalityInterface15.xml
----------------- Instantiating /home/travis/build/icyphy/ptII/ptolemy/domains/de/test/auto/CausalityInterface15.xml
2 ms. Memory: 256512K Free: 228381K (89%)
----------------- Invoking toplevel() on ptolemy.moml.MoMLSimpleApplication@1203f4fa
----------------- Done invoking toplevel() on ptolemy.moml.MoMLSimpleApplication@1203f4fa
reloadAllAccessors: .CausalityInterface15

[...]
java.lang.RuntimeException: Execution failed
	at ptolemy.moml.MoMLSimpleApplication$UnloadThread.run(MoMLSimpleApplication.java:402)
Caused by: ptolemy.kernel.util.IllegalActionException: Test fails in iteration 1.
Value was: 1.0. Should have been: 2.0
  in .DirectFeedback.Test
	at ptolemy.actor.lib.Test.fire(Test.java:268)
	at ptolemy.domains.de.kernel.DEDirector._fire(DEDirector.java:1949)
	at ptolemy.domains.de.kernel.DEDirector.fire(DEDirector.java:502)
	at ptolemy.actor.CompositeActor.fire(CompositeActor.java:455)
	at ptolemy.actor.Manager.iterate(Manager.java:851)
	at ptolemy.actor.Manager.execute(Manager.java:369)
	at ptolemy.actor.Manager.run(Manager.java:1263)
	at ptolemy.actor.Manager$PtolemyRunThread.run(Manager.java:1915)
java.lang.RuntimeException: Execution failed
	at ptolemy.moml.MoMLSimpleApplication$UnloadThread.run(MoMLSimpleApplication.java:402)
Caused by: ptolemy.kernel.util.IllegalActionException: Actor is not ready to fire.  Perhaps UpSample.prefire() returned false? Try debugging the actor by selecting "Listen to Actor".  Also, for SDF check moml for tokenConsumptionRate on input.
  in .DESDFClockTest.Play Bell.Copy1:SDF Director and .DESDFClockTest.Play Bell.UpSample
	at ptolemy.actor.sched.StaticSchedulingDirector.fire(StaticSchedulingDirector.java:227)
	at ptolemy.domains.sdf.kernel.SDFDirector.fire(SDFDirector.java:500)
	at ptolemy.actor.CompositeActor.fire(CompositeActor.java:455)
	at ptolemy.domains.de.kernel.DEDirector._fire(DEDirector.java:1949)
	at ptolemy.domains.de.kernel.DEDirector.fire(DEDirector.java:502)
	at ptolemy.actor.CompositeActor.fire(CompositeActor.java:455)
	at ptolemy.actor.Manager.iterate(Manager.java:851)
	at ptolemy.actor.Manager.execute(Manager.java:369)
	at ptolemy.actor.Manager.run(Manager.java:1263)
	at ptolemy.actor.Manager$PtolemyRunThread.run(Manager.java:1915)
java.lang.reflect.InvocationTargetException
	at sun.reflect.NativeConstructorAccessorImpl.newInstance0(Native Method)
	at sun.reflect.NativeConstructorAccessorImpl.newInstance(NativeConstructorAccessorImpl.java:62)
	at sun.reflect.DelegatingConstructorAccessorImpl.newInstance(DelegatingConstructorAccessorImpl.java:45)
	at java.lang.reflect.Constructor.newInstance(Constructor.java:423)
	at ptolemy.util.test.junit.AutoKnownFailedTests.RunModel(AutoKnownFailedTests.java:105)
	at sun.reflect.NativeMethodAccessorImpl.invoke0(Native Method)
	at sun.reflect.NativeMethodAccessorImpl.invoke(NativeMethodAccessorImpl.java:62)
	at sun.reflect.DelegatingMethodAccessorImpl.invoke(DelegatingMethodAccessorImpl.java:43)
	at java.lang.reflect.Method.invoke(Method.java:498)
	at org.junit.runners.model.FrameworkMethod$1.runReflectiveCall(FrameworkMethod.java:44)
	at org.junit.internal.runners.model.ReflectiveCallable.run(ReflectiveCallable.java:15)
	at org.junit.runners.model.FrameworkMethod.invokeExplosively(FrameworkMethod.java:41)
	at junitparams.internal.InvokeParameterisedMethod.evaluate(InvokeParameterisedMethod.java:102)
	at org.junit.internal.runners.statements.FailOnTimeout$1.run(FailOnTimeout.java:28)
Caused by: ptolemy.kernel.util.IllegalActionException: Actor is not ready to fire.  Perhaps UpSample.prefire() returned false? Try debugging the actor by selecting "Listen to Actor".  Also, for SDF check moml for tokenConsumptionRate on input.
  in .DESDFClockTest.Play Bell.Copy1:SDF Director and .DESDFClockTest.Play Bell.UpSample
	at ptolemy.actor.sched.StaticSchedulingDirector.fire(StaticSchedulingDirector.java:227)
	at ptolemy.domains.sdf.kernel.SDFDirector.fire(SDFDirector.java:500)
	at ptolemy.actor.CompositeActor.fire(CompositeActor.java:455)
	at ptolemy.domains.de.kernel.DEDirector._fire(DEDirector.java:1949)
	at ptolemy.domains.de.kernel.DEDirector.fire(DEDirector.java:502)
	at ptolemy.actor.CompositeActor.fire(CompositeActor.java:455)
	at ptolemy.actor.Manager.iterate(Manager.java:851)
	at ptolemy.actor.Manager.execute(Manager.java:369)
	at ptolemy.actor.Manager.run(Manager.java:1263)
	at ptolemy.actor.Manager$PtolemyRunThread.run(Manager.java:1915)
java.lang.RuntimeException: Execution failed
	at ptolemy.moml.MoMLSimpleApplication$UnloadThread.run(MoMLSimpleApplication.java:402)
Caused by: ptolemy.kernel.util.IllegalActionException: Test fails in iteration 1.
Value was: 1.0. Should have been: 2.0
  in .DirectFeedback.Test
	at ptolemy.actor.lib.Test.fire(Test.java:268)
	at ptolemy.domains.de.kernel.DEDirector._fire(DEDirector.java:1949)
	at ptolemy.domains.de.kernel.DEDirector.fire(DEDirector.java:502)
	at ptolemy.actor.CompositeActor.fire(CompositeActor.java:455)
	at ptolemy.actor.Manager.iterate(Manager.java:851)
	at ptolemy.actor.Manager.execute(Manager.java:369)
	at ptolemy.actor.Manager.run(Manager.java:1263)
	at ptolemy.actor.Manager$PtolemyRunThread.run(Manager.java:1915)
java.lang.reflect.InvocationTargetException
	at sun.reflect.NativeConstructorAccessorImpl.newInstance0(Native Method)
	at sun.reflect.NativeConstructorAccessorImpl.newInstance(NativeConstructorAccessorImpl.java:62)
	at sun.reflect.DelegatingConstructorAccessorImpl.newInstance(DelegatingConstructorAccessorImpl.java:45)
	at java.lang.reflect.Constructor.newInstance(Constructor.java:423)
	at ptolemy.util.test.junit.AutoKnownFailedTests.RunModel(AutoKnownFailedTests.java:105)
	at sun.reflect.NativeMethodAccessorImpl.invoke0(Native Method)
	at sun.reflect.NativeMethodAccessorImpl.invoke(NativeMethodAccessorImpl.java:62)
	at sun.reflect.DelegatingMethodAccessorImpl.invoke(DelegatingMethodAccessorImpl.java:43)
	at java.lang.reflect.Method.invoke(Method.java:498)
	at org.junit.runners.model.FrameworkMethod$1.runReflectiveCall(FrameworkMethod.java:44)
	at org.junit.internal.runners.model.ReflectiveCallable.run(ReflectiveCallable.java:15)
	at org.junit.runners.model.FrameworkMethod.invokeExplosively(FrameworkMethod.java:41)
	at junitparams.internal.InvokeParameterisedMethod.evaluate(InvokeParameterisedMethod.java:102)
	at org.junit.internal.runners.statements.FailOnTimeout$1.run(FailOnTimeout.java:28)
Caused by: ptolemy.kernel.util.IllegalActionException: Test fails in iteration 1.
Value was: 1.0. Should have been: 2.0
  in .DirectFeedback.Test
	at ptolemy.actor.lib.Test.fire(Test.java:268)
	at ptolemy.domains.de.kernel.DEDirector._fire(DEDirector.java:1949)
	at ptolemy.domains.de.kernel.DEDirector.fire(DEDirector.java:502)
	at ptolemy.actor.CompositeActor.fire(CompositeActor.java:455)
	at ptolemy.actor.Manager.iterate(Manager.java:851)
	at ptolemy.actor.Manager.execute(Manager.java:369)
	at ptolemy.actor.Manager.run(Manager.java:1263)
	at ptolemy.actor.Manager$PtolemyRunThread.run(Manager.java:1915)
java.lang.RuntimeException: Execution failed
	at ptolemy.moml.MoMLSimpleApplication$UnloadThread.run(MoMLSimpleApplication.java:402)
Caused by: ptolemy.kernel.util.IllegalActionException: Found a zero delay loop containing .HierarchicalModel.A
  in .HierarchicalModel and .HierarchicalModel.A
	at ptolemy.actor.util.CausalityInterfaceForComposites._computeOutputPortDepth(CausalityInterfaceForComposites.java:759)
	at ptolemy.actor.util.CausalityInterfaceForComposites._computeInputDepth(CausalityInterfaceForComposites.java:696)
	at ptolemy.actor.util.CausalityInterfaceForComposites._computeOutputPortDepth(CausalityInterfaceForComposites.java:765)
	at ptolemy.actor.util.CausalityInterfaceForComposites._computeInputDepth(CausalityInterfaceForComposites.java:696)
	at ptolemy.actor.util.CausalityInterfaceForComposites._computeOutputPortDepth(CausalityInterfaceForComposites.java:765)
	at ptolemy.actor.util.CausalityInterfaceForComposites._computeInputDepth(CausalityInterfaceForComposites.java:696)
	at ptolemy.actor.util.CausalityInterfaceForComposites._computeActorDepth(CausalityInterfaceForComposites.java:532)
	at ptolemy.actor.util.CausalityInterfaceForComposites.checkForCycles(CausalityInterfaceForComposites.java:96)
	at ptolemy.domains.de.kernel.DEDirector.preinitialize(DEDirector.java:1338)
	at ptolemy.actor.CompositeActor.preinitialize(CompositeActor.java:1828)
	at ptolemy.actor.Manager.preinitializeAndResolveTypes(Manager.java:1040)
	at ptolemy.actor.Manager.initialize(Manager.java:710)
	at ptolemy.actor.Manager.execute(Manager.java:356)
	at ptolemy.actor.Manager.run(Manager.java:1263)
	at ptolemy.actor.Manager$PtolemyRunThread.run(Manager.java:1915)
java.lang.reflect.InvocationTargetException
	at sun.reflect.NativeConstructorAccessorImpl.newInstance0(Native Method)
	at sun.reflect.NativeConstructorAccessorImpl.newInstance(NativeConstructorAccessorImpl.java:62)
	at sun.reflect.DelegatingConstructorAccessorImpl.newInstance(DelegatingConstructorAccessorImpl.java:45)
	at java.lang.reflect.Constructor.newInstance(Constructor.java:423)
	at ptolemy.util.test.junit.AutoKnownFailedTests.RunModel(AutoKnownFailedTests.java:105)
	at sun.reflect.NativeMethodAccessorImpl.invoke0(Native Method)
	at sun.reflect.NativeMethodAccessorImpl.invoke(NativeMethodAccessorImpl.java:62)
	at sun.reflect.DelegatingMethodAccessorImpl.invoke(DelegatingMethodAccessorImpl.java:43)
	at java.lang.reflect.Method.invoke(Method.java:498)
	at org.junit.runners.model.FrameworkMethod$1.runReflectiveCall(FrameworkMethod.java:44)
	at org.junit.internal.runners.model.ReflectiveCallable.run(ReflectiveCallable.java:15)
	at org.junit.runners.model.FrameworkMethod.invokeExplosively(FrameworkMethod.java:41)
	at junitparams.internal.InvokeParameterisedMethod.evaluate(InvokeParameterisedMethod.java:102)
	at org.junit.internal.runners.statements.FailOnTimeout$1.run(FailOnTimeout.java:28)
Caused by: ptolemy.kernel.util.IllegalActionException: Found a zero delay loop containing .HierarchicalModel.A
  in .HierarchicalModel and .HierarchicalModel.A
	at ptolemy.actor.util.CausalityInterfaceForComposites._computeOutputPortDepth(CausalityInterfaceForComposites.java:759)
	at ptolemy.actor.util.CausalityInterfaceForComposites._computeInputDepth(CausalityInterfaceForComposites.java:696)
	at ptolemy.actor.util.CausalityInterfaceForComposites._computeOutputPortDepth(CausalityInterfaceForComposites.java:765)
	at ptolemy.actor.util.CausalityInterfaceForComposites._computeInputDepth(CausalityInterfaceForComposites.java:696)
	at ptolemy.actor.util.CausalityInterfaceForComposites._computeOutputPortDepth(CausalityInterfaceForComposites.java:765)
	at ptolemy.actor.util.CausalityInterfaceForComposites._computeInputDepth(CausalityInterfaceForComposites.java:696)
	at ptolemy.actor.util.CausalityInterfaceForComposites._computeActorDepth(CausalityInterfaceForComposites.java:532)
	at ptolemy.actor.util.CausalityInterfaceForComposites.checkForCycles(CausalityInterfaceForComposites.java:96)
	at ptolemy.domains.de.kernel.DEDirector.preinitialize(DEDirector.java:1338)
	at ptolemy.actor.CompositeActor.preinitialize(CompositeActor.java:1828)
	at ptolemy.actor.Manager.preinitializeAndResolveTypes(Manager.java:1040)
	at ptolemy.actor.Manager.initialize(Manager.java:710)
	at ptolemy.actor.Manager.execute(Manager.java:356)
	at ptolemy.actor.Manager.run(Manager.java:1263)
	at ptolemy.actor.Manager$PtolemyRunThread.run(Manager.java:1915)
java.lang.RuntimeException: Execution failed
	at ptolemy.moml.MoMLSimpleApplication$UnloadThread.run(MoMLSimpleApplication.java:402)
Caused by: ptolemy.kernel.util.IllegalActionException: Found a zero delay loop containing .dependencyLoop.original
  in .dependencyLoop and .dependencyLoop.original
	at ptolemy.actor.util.CausalityInterfaceForComposites._computeOutputPortDepth(CausalityInterfaceForComposites.java:759)
	at ptolemy.actor.util.CausalityInterfaceForComposites._computeInputDepth(CausalityInterfaceForComposites.java:696)
	at ptolemy.actor.util.CausalityInterfaceForComposites._computeOutputPortDepth(CausalityInterfaceForComposites.java:765)
	at ptolemy.actor.util.CausalityInterfaceForComposites._computeInputDepth(CausalityInterfaceForComposites.java:696)
	at ptolemy.actor.util.CausalityInterfaceForComposites._computeOutputPortDepth(CausalityInterfaceForComposites.java:765)
	at ptolemy.actor.util.CausalityInterfaceForComposites._computeInputDepth(CausalityInterfaceForComposites.java:696)
	at ptolemy.actor.util.CausalityInterfaceForComposites._computeActorDepth(CausalityInterfaceForComposites.java:532)
	at ptolemy.actor.util.CausalityInterfaceForComposites.checkForCycles(CausalityInterfaceForComposites.java:96)
	at ptolemy.domains.de.kernel.DEDirector.preinitialize(DEDirector.java:1338)
	at ptolemy.actor.CompositeActor.preinitialize(CompositeActor.java:1828)
	at ptolemy.actor.Manager.preinitializeAndResolveTypes(Manager.java:1040)
	at ptolemy.actor.Manager.initialize(Manager.java:710)
	at ptolemy.actor.Manager.execute(Manager.java:356)
	at ptolemy.actor.Manager.run(Manager.java:1263)
	at ptolemy.actor.Manager$PtolemyRunThread.run(Manager.java:1915)
java.lang.reflect.InvocationTargetException
	at sun.reflect.NativeConstructorAccessorImpl.newInstance0(Native Method)
	at sun.reflect.NativeConstructorAccessorImpl.newInstance(NativeConstructorAccessorImpl.java:62)
	at sun.reflect.DelegatingConstructorAccessorImpl.newInstance(DelegatingConstructorAccessorImpl.java:45)
	at java.lang.reflect.Constructor.newInstance(Constructor.java:423)
	at ptolemy.util.test.junit.AutoKnownFailedTests.RunModel(AutoKnownFailedTests.java:105)
	at sun.reflect.NativeMethodAccessorImpl.invoke0(Native Method)
	at sun.reflect.NativeMethodAccessorImpl.invoke(NativeMethodAccessorImpl.java:62)
	at sun.reflect.DelegatingMethodAccessorImpl.invoke(DelegatingMethodAccessorImpl.java:43)
	at java.lang.reflect.Method.invoke(Method.java:498)
	at org.junit.runners.model.FrameworkMethod$1.runReflectiveCall(FrameworkMethod.java:44)
	at org.junit.internal.runners.model.ReflectiveCallable.run(ReflectiveCallable.java:15)
	at org.junit.runners.model.FrameworkMethod.invokeExplosively(FrameworkMethod.java:41)
	at junitparams.internal.InvokeParameterisedMethod.evaluate(InvokeParameterisedMethod.java:102)
	at org.junit.internal.runners.statements.FailOnTimeout$1.run(FailOnTimeout.java:28)
Caused by: ptolemy.kernel.util.IllegalActionException: Found a zero delay loop containing .dependencyLoop.original
  in .dependencyLoop and .dependencyLoop.original
	at ptolemy.actor.util.CausalityInterfaceForComposites._computeOutputPortDepth(CausalityInterfaceForComposites.java:759)
	at ptolemy.actor.util.CausalityInterfaceForComposites._computeInputDepth(CausalityInterfaceForComposites.java:696)
	at ptolemy.actor.util.CausalityInterfaceForComposites._computeOutputPortDepth(CausalityInterfaceForComposites.java:765)
	at ptolemy.actor.util.CausalityInterfaceForComposites._computeInputDepth(CausalityInterfaceForComposites.java:696)
	at ptolemy.actor.util.CausalityInterfaceForComposites._computeOutputPortDepth(CausalityInterfaceForComposites.java:765)
	at ptolemy.actor.util.CausalityInterfaceForComposites._computeInputDepth(CausalityInterfaceForComposites.java:696)
	at ptolemy.actor.util.CausalityInterfaceForComposites._computeActorDepth(CausalityInterfaceForComposites.java:532)
	at ptolemy.actor.util.CausalityInterfaceForComposites.checkForCycles(CausalityInterfaceForComposites.java:96)
	at ptolemy.domains.de.kernel.DEDirector.preinitialize(DEDirector.java:1338)
	at ptolemy.actor.CompositeActor.preinitialize(CompositeActor.java:1828)
	at ptolemy.actor.Manager.preinitializeAndResolveTypes(Manager.java:1040)
	at ptolemy.actor.Manager.initialize(Manager.java:710)
	at ptolemy.actor.Manager.execute(Manager.java:356)
	at ptolemy.actor.Manager.run(Manager.java:1263)
	at ptolemy.actor.Manager$PtolemyRunThread.run(Manager.java:1915)
java.lang.RuntimeException: Execution failed
	at ptolemy.moml.MoMLSimpleApplication$UnloadThread.run(MoMLSimpleApplication.java:402)
Caused by: ptolemy.kernel.util.IllegalActionException: Found a zero delay loop containing .dependencyLoop2.original
  in .dependencyLoop2 and .dependencyLoop2.original
	at ptolemy.actor.util.CausalityInterfaceForComposites._computeOutputPortDepth(CausalityInterfaceForComposites.java:759)
	at ptolemy.actor.util.CausalityInterfaceForComposites._computeInputDepth(CausalityInterfaceForComposites.java:696)
	at ptolemy.actor.util.CausalityInterfaceForComposites._computeOutputPortDepth(CausalityInterfaceForComposites.java:765)
	at ptolemy.actor.util.CausalityInterfaceForComposites._computeInputDepth(CausalityInterfaceForComposites.java:696)
	at ptolemy.actor.util.CausalityInterfaceForComposites._computeOutputPortDepth(CausalityInterfaceForComposites.java:765)
	at ptolemy.actor.util.CausalityInterfaceForComposites._computeInputDepth(CausalityInterfaceForComposites.java:696)
	at ptolemy.actor.util.CausalityInterfaceForComposites._computeActorDepth(CausalityInterfaceForComposites.java:532)
	at ptolemy.actor.util.CausalityInterfaceForComposites.checkForCycles(CausalityInterfaceForComposites.java:96)
	at ptolemy.domains.de.kernel.DEDirector.preinitialize(DEDirector.java:1338)
	at ptolemy.actor.CompositeActor.preinitialize(CompositeActor.java:1828)
	at ptolemy.actor.Manager.preinitializeAndResolveTypes(Manager.java:1040)
	at ptolemy.actor.Manager.initialize(Manager.java:710)
	at ptolemy.actor.Manager.execute(Manager.java:356)
	at ptolemy.actor.Manager.run(Manager.java:1263)
	at ptolemy.actor.Manager$PtolemyRunThread.run(Manager.java:1915)
java.lang.reflect.InvocationTargetException
	at sun.reflect.NativeConstructorAccessorImpl.newInstance0(Native Method)
	at sun.reflect.NativeConstructorAccessorImpl.newInstance(NativeConstructorAccessorImpl.java:62)
	at sun.reflect.DelegatingConstructorAccessorImpl.newInstance(DelegatingConstructorAccessorImpl.java:45)
	at java.lang.reflect.Constructor.newInstance(Constructor.java:423)
	at ptolemy.util.test.junit.AutoKnownFailedTests.RunModel(AutoKnownFailedTests.java:105)
	at sun.reflect.NativeMethodAccessorImpl.invoke0(Native Method)
	at sun.reflect.NativeMethodAccessorImpl.invoke(NativeMethodAccessorImpl.java:62)
	at sun.reflect.DelegatingMethodAccessorImpl.invoke(DelegatingMethodAccessorImpl.java:43)
	at java.lang.reflect.Method.invoke(Method.java:498)
	at org.junit.runners.model.FrameworkMethod$1.runReflectiveCall(FrameworkMethod.java:44)
	at org.junit.internal.runners.model.ReflectiveCallable.run(ReflectiveCallable.java:15)
	at org.junit.runners.model.FrameworkMethod.invokeExplosively(FrameworkMethod.java:41)
	at junitparams.internal.InvokeParameterisedMethod.evaluate(InvokeParameterisedMethod.java:102)
	at org.junit.internal.runners.statements.FailOnTimeout$1.run(FailOnTimeout.java:28)
Caused by: ptolemy.kernel.util.IllegalActionException: Found a zero delay loop containing .dependencyLoop2.original
  in .dependencyLoop2 and .dependencyLoop2.original
	at ptolemy.actor.util.CausalityInterfaceForComposites._computeOutputPortDepth(CausalityInterfaceForComposites.java:759)
	at ptolemy.actor.util.CausalityInterfaceForComposites._computeInputDepth(CausalityInterfaceForComposites.java:696)
	at ptolemy.actor.util.CausalityInterfaceForComposites._computeOutputPortDepth(CausalityInterfaceForComposites.java:765)
	at ptolemy.actor.util.CausalityInterfaceForComposites._computeInputDepth(CausalityInterfaceForComposites.java:696)
	at ptolemy.actor.util.CausalityInterfaceForComposites._computeOutputPortDepth(CausalityInterfaceForComposites.java:765)
	at ptolemy.actor.util.CausalityInterfaceForComposites._computeInputDepth(CausalityInterfaceForComposites.java:696)
	at ptolemy.actor.util.CausalityInterfaceForComposites._computeActorDepth(CausalityInterfaceForComposites.java:532)
	at ptolemy.actor.util.CausalityInterfaceForComposites.checkForCycles(CausalityInterfaceForComposites.java:96)
	at ptolemy.domains.de.kernel.DEDirector.preinitialize(DEDirector.java:1338)
	at ptolemy.actor.CompositeActor.preinitialize(CompositeActor.java:1828)
	at ptolemy.actor.Manager.preinitializeAndResolveTypes(Manager.java:1040)
	at ptolemy.actor.Manager.initialize(Manager.java:710)
	at ptolemy.actor.Manager.execute(Manager.java:356)
	at ptolemy.actor.Manager.run(Manager.java:1263)
	at ptolemy.actor.Manager$PtolemyRunThread.run(Manager.java:1915)
]]></system-err>
</testsuite>
