<?xml version="1.0" encoding="UTF-8" ?>
<testsuite errors="0" failures="0" hostname="travis-job-f917b644-76dd-464d-892f-f0cc7861f4ff" name="ptolemy.domains.continuous.test.junit.JUnitTclTest" skipped="0" tests="156" time="79.656" timestamp="2019-07-09T04:43:06">
  <properties>
[...]
</properties>
  <testcase classname="ptolemy.util.test.junit.TclTests" name="[0] ThereAreNoTclTests (RunTclFile)" time="0.016" />
  <testcase classname="ptolemy.util.test.junit.AutoKnownFailedTests" name="[0] ThereAreNoKnowFailedTests (RunModel)" time="0.004" />
  <testcase classname="ptolemy.util.test.junit.AutoNameArchTests" name="[0] ThereAreNoAutoArchTests (RunModel)" time="0.02" />
  <testcase classname="ptolemy.util.test.junit.AutoTests" name="[0] /home/travis/build/icyphy/ptII/ptolemy/domains/continuous/test/auto/BouncingBall.xml (RunModel)" time="3.155" />
  <testcase classname="ptolemy.util.test.junit.AutoTests" name="[1] /home/travis/build/icyphy/ptII/ptolemy/domains/continuous/test/auto/BouncingBallWithoutGR.xml (RunModel)" time="0.899" />
  <testcase classname="ptolemy.util.test.junit.AutoTests" name="[2] /home/travis/build/icyphy/ptII/ptolemy/domains/continuous/test/auto/Brownian.xml (RunModel)" time="0.084" />
  <testcase classname="ptolemy.util.test.junit.AutoTests" name="[3] /home/travis/build/icyphy/ptII/ptolemy/domains/continuous/test/auto/CarTracking.xml (RunModel)" time="4.562" />
  <testcase classname="ptolemy.util.test.junit.AutoTests" name="[4] /home/travis/build/icyphy/ptII/ptolemy/domains/continuous/test/auto/CartPendulum.xml (RunModel)" time="0.626" />
  <testcase classname="ptolemy.util.test.junit.AutoTests" name="[5] /home/travis/build/icyphy/ptII/ptolemy/domains/continuous/test/auto/CausalityInterface10.xml (RunModel)" time="0.047" />
  <testcase classname="ptolemy.util.test.junit.AutoTests" name="[6] /home/travis/build/icyphy/ptII/ptolemy/domains/continuous/test/auto/CausalityInterface11.xml (RunModel)" time="0.025" />
  <testcase classname="ptolemy.util.test.junit.AutoTests" name="[7] /home/travis/build/icyphy/ptII/ptolemy/domains/continuous/test/auto/CausalityInterface12.xml (RunModel)" time="0.034" />
  <testcase classname="ptolemy.util.test.junit.AutoTests" name="[8] /home/travis/build/icyphy/ptII/ptolemy/domains/continuous/test/auto/CausalityInterface13.xml (RunModel)" time="0.025" />
  <testcase classname="ptolemy.util.test.junit.AutoTests" name="[9] /home/travis/build/icyphy/ptII/ptolemy/domains/continuous/test/auto/CausalityInterface14.xml (RunModel)" time="0.022" />
  <testcase classname="ptolemy.util.test.junit.AutoTests" name="[10] /home/travis/build/icyphy/ptII/ptolemy/domains/continuous/test/auto/CausalityInterface4.xml (RunModel)" time="0.026" />
  <testcase classname="ptolemy.util.test.junit.AutoTests" name="[11] /home/travis/build/icyphy/ptII/ptolemy/domains/continuous/test/auto/CausalityInterface5.xml (RunModel)" time="0.031" />
  <testcase classname="ptolemy.util.test.junit.AutoTests" name="[12] /home/travis/build/icyphy/ptII/ptolemy/domains/continuous/test/auto/CausalityInterface6.xml (RunModel)" time="0.023" />
  <testcase classname="ptolemy.util.test.junit.AutoTests" name="[13] /home/travis/build/icyphy/ptII/ptolemy/domains/continuous/test/auto/CausalityInterface7.xml (RunModel)" time="0.04" />
  <testcase classname="ptolemy.util.test.junit.AutoTests" name="[14] /home/travis/build/icyphy/ptII/ptolemy/domains/continuous/test/auto/CausalityInterface8.xml (RunModel)" time="0.041" />
  <testcase classname="ptolemy.util.test.junit.AutoTests" name="[15] /home/travis/build/icyphy/ptII/ptolemy/domains/continuous/test/auto/CausalityInterface9.xml (RunModel)" time="0.061" />
  <testcase classname="ptolemy.util.test.junit.AutoTests" name="[16] /home/travis/build/icyphy/ptII/ptolemy/domains/continuous/test/auto/CausalityInterfaceFeedback1.xml (RunModel)" time="0.032" />
  <testcase classname="ptolemy.util.test.junit.AutoTests" name="[17] /home/travis/build/icyphy/ptII/ptolemy/domains/continuous/test/auto/CausalityInterfaceFeedback2.xml (RunModel)" time="0.05" />
  <testcase classname="ptolemy.util.test.junit.AutoTests" name="[18] /home/travis/build/icyphy/ptII/ptolemy/domains/continuous/test/auto/CompareWithCurrentTime.xml (RunModel)" time="0.031" />
  <testcase classname="ptolemy.util.test.junit.AutoTests" name="[19] /home/travis/build/icyphy/ptII/ptolemy/domains/continuous/test/auto/ComparedClocks.xml (RunModel)" time="0.091" />
  <testcase classname="ptolemy.util.test.junit.AutoTests" name="[20] /home/travis/build/icyphy/ptII/ptolemy/domains/continuous/test/auto/ContinuousAOCClone.xml (RunModel)" time="3.152" />
  <testcase classname="ptolemy.util.test.junit.AutoTests" name="[21] /home/travis/build/icyphy/ptII/ptolemy/domains/continuous/test/auto/ContinuousClock.xml (RunModel)" time="0.103" />
  <testcase classname="ptolemy.util.test.junit.AutoTests" name="[22] /home/travis/build/icyphy/ptII/ptolemy/domains/continuous/test/auto/ContinuousInContinuous.xml (RunModel)" time="0.103" />
  <testcase classname="ptolemy.util.test.junit.AutoTests" name="[23] /home/travis/build/icyphy/ptII/ptolemy/domains/continuous/test/auto/ContinuousInContinuousInContinuous.xml (RunModel)" time="0.023" />
  <testcase classname="ptolemy.util.test.junit.AutoTests" name="[24] /home/travis/build/icyphy/ptII/ptolemy/domains/continuous/test/auto/ContinuousInDE.xml (RunModel)" time="0.097" />
  <testcase classname="ptolemy.util.test.junit.AutoTests" name="[25] /home/travis/build/icyphy/ptII/ptolemy/domains/continuous/test/auto/ContinuousInDE2.xml (RunModel)" time="0.065" />
  <testcase classname="ptolemy.util.test.junit.AutoTests" name="[26] /home/travis/build/icyphy/ptII/ptolemy/domains/continuous/test/auto/ContinuousInDE3.xml (RunModel)" time="0.062" />
  <testcase classname="ptolemy.util.test.junit.AutoTests" name="[27] /home/travis/build/icyphy/ptII/ptolemy/domains/continuous/test/auto/ContinuousInDE4.xml (RunModel)" time="0.033" />
  <testcase classname="ptolemy.util.test.junit.AutoTests" name="[28] /home/travis/build/icyphy/ptII/ptolemy/domains/continuous/test/auto/ContinuousInDEDifferentRefinements.xml (RunModel)" time="0.105" />
  <testcase classname="ptolemy.util.test.junit.AutoTests" name="[29] /home/travis/build/icyphy/ptII/ptolemy/domains/continuous/test/auto/ContinuousInDEDifferentRefinementsPreemptive.xml (RunModel)" time="0.109" />
  <testcase classname="ptolemy.util.test.junit.AutoTests" name="[30] /home/travis/build/icyphy/ptII/ptolemy/domains/continuous/test/auto/ContinuousInDEInContinuous2.xml (RunModel)" time="0.063" />
  <testcase classname="ptolemy.util.test.junit.AutoTests" name="[31] /home/travis/build/icyphy/ptII/ptolemy/domains/continuous/test/auto/ContinuousInDEInContinuous3.xml (RunModel)" time="0.067" />
  <testcase classname="ptolemy.util.test.junit.AutoTests" name="[32] /home/travis/build/icyphy/ptII/ptolemy/domains/continuous/test/auto/ContinuousInDEInput.xml (RunModel)" time="0.038" />
  <testcase classname="ptolemy.util.test.junit.AutoTests" name="[33] /home/travis/build/icyphy/ptII/ptolemy/domains/continuous/test/auto/ContinuousInDEInput2.xml (RunModel)" time="0.036" />
  <testcase classname="ptolemy.util.test.junit.AutoTests" name="[34] /home/travis/build/icyphy/ptII/ptolemy/domains/continuous/test/auto/ContinuousInDEInput3.xml (RunModel)" time="0.036" />
  <testcase classname="ptolemy.util.test.junit.AutoTests" name="[35] /home/travis/build/icyphy/ptII/ptolemy/domains/continuous/test/auto/ContinuousInDESharingRefinement.xml (RunModel)" time="0.204" />
  <testcase classname="ptolemy.util.test.junit.AutoTests" name="[36] /home/travis/build/icyphy/ptII/ptolemy/domains/continuous/test/auto/ContinuousInDEwithNoPorts.xml (RunModel)" time="0.019" />
  <testcase classname="ptolemy.util.test.junit.AutoTests" name="[37] /home/travis/build/icyphy/ptII/ptolemy/domains/continuous/test/auto/ContinuousInsideDE.xml (RunModel)" time="0.088" />
  <testcase classname="ptolemy.util.test.junit.AutoTests" name="[38] /home/travis/build/icyphy/ptII/ptolemy/domains/continuous/test/auto/ContinuousMerge1.xml (RunModel)" time="0.019" />
  <testcase classname="ptolemy.util.test.junit.AutoTests" name="[39] /home/travis/build/icyphy/ptII/ptolemy/domains/continuous/test/auto/ContinuousMerge2.xml (RunModel)" time="0.048" />
  <testcase classname="ptolemy.util.test.junit.AutoTests" name="[40] /home/travis/build/icyphy/ptII/ptolemy/domains/continuous/test/auto/ContinuousMerge3.xml (RunModel)" time="0.078" />
  <testcase classname="ptolemy.util.test.junit.AutoTests" name="[41] /home/travis/build/icyphy/ptII/ptolemy/domains/continuous/test/auto/ContinuousWithinContinuous.xml (RunModel)" time="0.064" />
  <testcase classname="ptolemy.util.test.junit.AutoTests" name="[42] /home/travis/build/icyphy/ptII/ptolemy/domains/continuous/test/auto/ContinuousWithinContinuous2.xml (RunModel)" time="0.108" />
  <testcase classname="ptolemy.util.test.junit.AutoTests" name="[43] /home/travis/build/icyphy/ptII/ptolemy/domains/continuous/test/auto/ContinuousWithinContinuous3.xml (RunModel)" time="0.037" />
  <testcase classname="ptolemy.util.test.junit.AutoTests" name="[44] /home/travis/build/icyphy/ptII/ptolemy/domains/continuous/test/auto/ContinuousWithinContinuous4.xml (RunModel)" time="0.113" />
  <testcase classname="ptolemy.util.test.junit.AutoTests" name="[45] /home/travis/build/icyphy/ptII/ptolemy/domains/continuous/test/auto/ContinuousWithinContinuous5.xml (RunModel)" time="0.035" />
  <testcase classname="ptolemy.util.test.junit.AutoTests" name="[46] /home/travis/build/icyphy/ptII/ptolemy/domains/continuous/test/auto/ContinuousWithinContinuous6.xml (RunModel)" time="0.045" />
  <testcase classname="ptolemy.util.test.junit.AutoTests" name="[47] /home/travis/build/icyphy/ptII/ptolemy/domains/continuous/test/auto/ContinuousWithinContinuous7.xml (RunModel)" time="0.088" />
  <testcase classname="ptolemy.util.test.junit.AutoTests" name="[48] /home/travis/build/icyphy/ptII/ptolemy/domains/continuous/test/auto/DCMotor.xml (RunModel)" time="15.618" />
  <testcase classname="ptolemy.util.test.junit.AutoTests" name="[49] /home/travis/build/icyphy/ptII/ptolemy/domains/continuous/test/auto/DEInContinuous.xml (RunModel)" time="0.021" />
  <testcase classname="ptolemy.util.test.junit.AutoTests" name="[50] /home/travis/build/icyphy/ptII/ptolemy/domains/continuous/test/auto/DEinContinuous2.xml (RunModel)" time="0.023" />
  <testcase classname="ptolemy.util.test.junit.AutoTests" name="[51] /home/travis/build/icyphy/ptII/ptolemy/domains/continuous/test/auto/Derivative.xml (RunModel)" time="0.197" />
  <testcase classname="ptolemy.util.test.junit.AutoTests" name="[52] /home/travis/build/icyphy/ptII/ptolemy/domains/continuous/test/auto/Derivative1.xml (RunModel)" time="0.04" />
  <testcase classname="ptolemy.util.test.junit.AutoTests" name="[53] /home/travis/build/icyphy/ptII/ptolemy/domains/continuous/test/auto/DiscreteClock.xml (RunModel)" time="0.018" />
  <testcase classname="ptolemy.util.test.junit.AutoTests" name="[54] /home/travis/build/icyphy/ptII/ptolemy/domains/continuous/test/auto/EfficiencyCurve.xml (RunModel)" time="0.1" />
  <testcase classname="ptolemy.util.test.junit.AutoTests" name="[55] /home/travis/build/icyphy/ptII/ptolemy/domains/continuous/test/auto/ExponentialResponse.xml (RunModel)" time="0.121" />
  <testcase classname="ptolemy.util.test.junit.AutoTests" name="[56] /home/travis/build/icyphy/ptII/ptolemy/domains/continuous/test/auto/ExponentialResponseRK45.xml (RunModel)" time="0.035" />
  <testcase classname="ptolemy.util.test.junit.AutoTests" name="[57] /home/travis/build/icyphy/ptII/ptolemy/domains/continuous/test/auto/Friction.xml (RunModel)" time="1.622" />
  <testcase classname="ptolemy.util.test.junit.AutoTests" name="[58] /home/travis/build/icyphy/ptII/ptolemy/domains/continuous/test/auto/FurutaPendulum.xml (RunModel)" time="3.64" />
  <testcase classname="ptolemy.util.test.junit.AutoTests" name="[59] /home/travis/build/icyphy/ptII/ptolemy/domains/continuous/test/auto/HierarchicalExecution.xml (RunModel)" time="2.219" />
  <testcase classname="ptolemy.util.test.junit.AutoTests" name="[60] /home/travis/build/icyphy/ptII/ptolemy/domains/continuous/test/auto/HybridPlant.xml (RunModel)" time="0.592" />
  <testcase classname="ptolemy.util.test.junit.AutoTests" name="[61] /home/travis/build/icyphy/ptII/ptolemy/domains/continuous/test/auto/Hysteresis.xml (RunModel)" time="0.185" />
  <testcase classname="ptolemy.util.test.junit.AutoTests" name="[62] /home/travis/build/icyphy/ptII/ptolemy/domains/continuous/test/auto/HysteresisWithRandomDelay.xml (RunModel)" time="0.233" />
  <testcase classname="ptolemy.util.test.junit.AutoTests" name="[63] /home/travis/build/icyphy/ptII/ptolemy/domains/continuous/test/auto/HysteresisWithRandomLosses.xml (RunModel)" time="2.416" />
  <testcase classname="ptolemy.util.test.junit.AutoTests" name="[64] /home/travis/build/icyphy/ptII/ptolemy/domains/continuous/test/auto/ImmediateTransitions.xml (RunModel)" time="0.04" />
  <testcase classname="ptolemy.util.test.junit.AutoTests" name="[65] /home/travis/build/icyphy/ptII/ptolemy/domains/continuous/test/auto/ImpulseFeedback.xml (RunModel)" time="0.017" />
  <testcase classname="ptolemy.util.test.junit.AutoTests" name="[66] /home/travis/build/icyphy/ptII/ptolemy/domains/continuous/test/auto/ImpulseFeedback2.xml (RunModel)" time="0.023" />
  <testcase classname="ptolemy.util.test.junit.AutoTests" name="[67] /home/travis/build/icyphy/ptII/ptolemy/domains/continuous/test/auto/IncreasingRatePoisson.xml (RunModel)" time="0.827" />
  <testcase classname="ptolemy.util.test.junit.AutoTests" name="[68] /home/travis/build/icyphy/ptII/ptolemy/domains/continuous/test/auto/InitialStateFeedback.xml (RunModel)" time="0.016" />
  <testcase classname="ptolemy.util.test.junit.AutoTests" name="[69] /home/travis/build/icyphy/ptII/ptolemy/domains/continuous/test/auto/Integration.xml (RunModel)" time="0.01" />
  <testcase classname="ptolemy.util.test.junit.AutoTests" name="[70] /home/travis/build/icyphy/ptII/ptolemy/domains/continuous/test/auto/Integration2.xml (RunModel)" time="0.101" />
  <testcase classname="ptolemy.util.test.junit.AutoTests" name="[71] /home/travis/build/icyphy/ptII/ptolemy/domains/continuous/test/auto/Integration3.xml (RunModel)" time="0.013" />
  <testcase classname="ptolemy.util.test.junit.AutoTests" name="[72] /home/travis/build/icyphy/ptII/ptolemy/domains/continuous/test/auto/Integration5.xml (RunModel)" time="0.011" />
  <testcase classname="ptolemy.util.test.junit.AutoTests" name="[73] /home/travis/build/icyphy/ptII/ptolemy/domains/continuous/test/auto/IntegratorImpulse.xml (RunModel)" time="0.009" />
  <testcase classname="ptolemy.util.test.junit.AutoTests" name="[74] /home/travis/build/icyphy/ptII/ptolemy/domains/continuous/test/auto/IntegratorImpulse2.xml (RunModel)" time="0.032" />
  <testcase classname="ptolemy.util.test.junit.AutoTests" name="[75] /home/travis/build/icyphy/ptII/ptolemy/domains/continuous/test/auto/LevelCrossing1.xml (RunModel)" time="0.012" />
  <testcase classname="ptolemy.util.test.junit.AutoTests" name="[76] /home/travis/build/icyphy/ptII/ptolemy/domains/continuous/test/auto/LevelCrossing2.xml (RunModel)" time="0.016" />
  <testcase classname="ptolemy.util.test.junit.AutoTests" name="[77] /home/travis/build/icyphy/ptII/ptolemy/domains/continuous/test/auto/LevelCrossing3.xml (RunModel)" time="0.014" />
  <testcase classname="ptolemy.util.test.junit.AutoTests" name="[78] /home/travis/build/icyphy/ptII/ptolemy/domains/continuous/test/auto/LevelCrossing4.xml (RunModel)" time="0.014" />
  <testcase classname="ptolemy.util.test.junit.AutoTests" name="[79] /home/travis/build/icyphy/ptII/ptolemy/domains/continuous/test/auto/LevelCrossing5.xml (RunModel)" time="0.015" />
  <testcase classname="ptolemy.util.test.junit.AutoTests" name="[80] /home/travis/build/icyphy/ptII/ptolemy/domains/continuous/test/auto/LevelCrossing6.xml (RunModel)" time="0.013" />
  <testcase classname="ptolemy.util.test.junit.AutoTests" name="[81] /home/travis/build/icyphy/ptII/ptolemy/domains/continuous/test/auto/LevelCrossingDetector.xml (RunModel)" time="0.038" />
  <testcase classname="ptolemy.util.test.junit.AutoTests" name="[82] /home/travis/build/icyphy/ptII/ptolemy/domains/continuous/test/auto/LevelCrossingDetectorDetectingDirections.xml (RunModel)" time="0.098" />
  <testcase classname="ptolemy.util.test.junit.AutoTests" name="[83] /home/travis/build/icyphy/ptII/ptolemy/domains/continuous/test/auto/LevelCrossingDetectorDetectsGlitches.xml (RunModel)" time="0.068" />
  <testcase classname="ptolemy.util.test.junit.AutoTests" name="[84] /home/travis/build/icyphy/ptII/ptolemy/domains/continuous/test/auto/LevelCrossingNoInitialOuput.xml (RunModel)" time="0.014" />
  <testcase classname="ptolemy.util.test.junit.AutoTests" name="[85] /home/travis/build/icyphy/ptII/ptolemy/domains/continuous/test/auto/LinearStateSpaceExample.xml (RunModel)" time="0.077" />
  <testcase classname="ptolemy.util.test.junit.AutoTests" name="[86] /home/travis/build/icyphy/ptII/ptolemy/domains/continuous/test/auto/Lorenz.xml (RunModel)" time="4.079" />
  <testcase classname="ptolemy.util.test.junit.AutoTests" name="[87] /home/travis/build/icyphy/ptII/ptolemy/domains/continuous/test/auto/LorenzDifferentialSystem.xml (RunModel)" time="1.105" />
  <testcase classname="ptolemy.util.test.junit.AutoTests" name="[88] /home/travis/build/icyphy/ptII/ptolemy/domains/continuous/test/auto/LorenzDifferentialSystemWithInput.xml (RunModel)" time="1.37" />
  <testcase classname="ptolemy.util.test.junit.AutoTests" name="[89] /home/travis/build/icyphy/ptII/ptolemy/domains/continuous/test/auto/LorenzDifferentialSystemWithTime.xml (RunModel)" time="0.848" />
  <testcase classname="ptolemy.util.test.junit.AutoTests" name="[90] /home/travis/build/icyphy/ptII/ptolemy/domains/continuous/test/auto/Microsteps.xml (RunModel)" time="0.031" />
  <testcase classname="ptolemy.util.test.junit.AutoTests" name="[91] /home/travis/build/icyphy/ptII/ptolemy/domains/continuous/test/auto/Modal1.xml (RunModel)" time="0.032" />
  <testcase classname="ptolemy.util.test.junit.AutoTests" name="[92] /home/travis/build/icyphy/ptII/ptolemy/domains/continuous/test/auto/Modal2.xml (RunModel)" time="0.038" />
  <testcase classname="ptolemy.util.test.junit.AutoTests" name="[93] /home/travis/build/icyphy/ptII/ptolemy/domains/continuous/test/auto/ModalTransitionGuardWithReset.xml (RunModel)" time="0.034" />
  <testcase classname="ptolemy.util.test.junit.AutoTests" name="[94] /home/travis/build/icyphy/ptII/ptolemy/domains/continuous/test/auto/ModalTransitionGuardWithResetUsingPreemptiveTransition.xml (RunModel)" time="0.039" />
  <testcase classname="ptolemy.util.test.junit.AutoTests" name="[95] /home/travis/build/icyphy/ptII/ptolemy/domains/continuous/test/auto/ModalTransitionGuardWithResetUsingPreemptiveTransition2.xml (RunModel)" time="0.026" />
  <testcase classname="ptolemy.util.test.junit.AutoTests" name="[96] /home/travis/build/icyphy/ptII/ptolemy/domains/continuous/test/auto/ModalTransitionGuardWithResetUsingPreemptiveTransition3.xml (RunModel)" time="0.033" />
  <testcase classname="ptolemy.util.test.junit.AutoTests" name="[97] /home/travis/build/icyphy/ptII/ptolemy/domains/continuous/test/auto/NewtonsCradle.xml (RunModel)" time="0.732" />
  <testcase classname="ptolemy.util.test.junit.AutoTests" name="[98] /home/travis/build/icyphy/ptII/ptolemy/domains/continuous/test/auto/NewtonsCradleAnimated.xml (RunModel)" time="1.26" />
  <testcase classname="ptolemy.util.test.junit.AutoTests" name="[99] /home/travis/build/icyphy/ptII/ptolemy/domains/continuous/test/auto/NewtonsCradleComplicated.xml (RunModel)" time="0.909" />
  <testcase classname="ptolemy.util.test.junit.AutoTests" name="[100] /home/travis/build/icyphy/ptII/ptolemy/domains/continuous/test/auto/NewtonsCradleNondeterministic.xml (RunModel)" time="0.675" />
  <testcase classname="ptolemy.util.test.junit.AutoTests" name="[101] /home/travis/build/icyphy/ptII/ptolemy/domains/continuous/test/auto/NewtonsCradlePerfectlyInelastic1.xml (RunModel)" time="1.283" />
  <testcase classname="ptolemy.util.test.junit.AutoTests" name="[102] /home/travis/build/icyphy/ptII/ptolemy/domains/continuous/test/auto/Noise.xml (RunModel)" time="0.191" />
  <testcase classname="ptolemy.util.test.junit.AutoTests" name="[103] /home/travis/build/icyphy/ptII/ptolemy/domains/continuous/test/auto/NoiseSpectrum.xml (RunModel)" time="0.82" />
  <testcase classname="ptolemy.util.test.junit.AutoTests" name="[104] /home/travis/build/icyphy/ptII/ptolemy/domains/continuous/test/auto/ParameterizedNewtonsCradleAnimated.xml (RunModel)" time="0.415" />
  <testcase classname="ptolemy.util.test.junit.AutoTests" name="[105] /home/travis/build/icyphy/ptII/ptolemy/domains/continuous/test/auto/ParameterizedNewtonsCradleAnimatedNondeterministic.xml (RunModel)" time="1.166" />
  <testcase classname="ptolemy.util.test.junit.AutoTests" name="[106] /home/travis/build/icyphy/ptII/ptolemy/domains/continuous/test/auto/Pendulum3D.xml (RunModel)" time="0.177" />
  <testcase classname="ptolemy.util.test.junit.AutoTests" name="[107] /home/travis/build/icyphy/ptII/ptolemy/domains/continuous/test/auto/PeriodicSampler.xml (RunModel)" time="0.013" />
  <testcase classname="ptolemy.util.test.junit.AutoTests" name="[108] /home/travis/build/icyphy/ptII/ptolemy/domains/continuous/test/auto/PeriodicSampler1.xml (RunModel)" time="0.04" />
  <testcase classname="ptolemy.util.test.junit.AutoTests" name="[109] /home/travis/build/icyphy/ptII/ptolemy/domains/continuous/test/auto/PeriodicSampler2.xml (RunModel)" time="0.08" />
  <testcase classname="ptolemy.util.test.junit.AutoTests" name="[110] /home/travis/build/icyphy/ptII/ptolemy/domains/continuous/test/auto/Poisson.xml (RunModel)" time="0.413" />
  <testcase classname="ptolemy.util.test.junit.AutoTests" name="[111] /home/travis/build/icyphy/ptII/ptolemy/domains/continuous/test/auto/PoissonClock.xml (RunModel)" time="0.015" />
  <testcase classname="ptolemy.util.test.junit.AutoTests" name="[112] /home/travis/build/icyphy/ptII/ptolemy/domains/continuous/test/auto/PoissonClock2.xml (RunModel)" time="0.011" />
  <testcase classname="ptolemy.util.test.junit.AutoTests" name="[113] /home/travis/build/icyphy/ptII/ptolemy/domains/continuous/test/auto/PortParameterHierarchy.xml (RunModel)" time="0.023" />
  <testcase classname="ptolemy.util.test.junit.AutoTests" name="[114] /home/travis/build/icyphy/ptII/ptolemy/domains/continuous/test/auto/RandomHybridPlant.xml (RunModel)" time="0.542" />
  <testcase classname="ptolemy.util.test.junit.AutoTests" name="[115] /home/travis/build/icyphy/ptII/ptolemy/domains/continuous/test/auto/ResetTransitionWithStartTime1.xml (RunModel)" time="0.032" />
  <testcase classname="ptolemy.util.test.junit.AutoTests" name="[116] /home/travis/build/icyphy/ptII/ptolemy/domains/continuous/test/auto/ResetTransitionWithStartTime2.xml (RunModel)" time="0.037" />
  <testcase classname="ptolemy.util.test.junit.AutoTests" name="[117] /home/travis/build/icyphy/ptII/ptolemy/domains/continuous/test/auto/ResetTransitionWithStartTime3.xml (RunModel)" time="0.044" />
  <testcase classname="ptolemy.util.test.junit.AutoTests" name="[118] /home/travis/build/icyphy/ptII/ptolemy/domains/continuous/test/auto/ResetTransitionWithStartTime4.xml (RunModel)" time="0.031" />
  <testcase classname="ptolemy.util.test.junit.AutoTests" name="[119] /home/travis/build/icyphy/ptII/ptolemy/domains/continuous/test/auto/ResetTransitionWithStartTime5.xml (RunModel)" time="0.034" />
  <testcase classname="ptolemy.util.test.junit.AutoTests" name="[120] /home/travis/build/icyphy/ptII/ptolemy/domains/continuous/test/auto/ResetTransitionWithStartTime6.xml (RunModel)" time="0.031" />
  <testcase classname="ptolemy.util.test.junit.AutoTests" name="[121] /home/travis/build/icyphy/ptII/ptolemy/domains/continuous/test/auto/SRinContinuous.xml (RunModel)" time="0.021" />
  <testcase classname="ptolemy.util.test.junit.AutoTests" name="[122] /home/travis/build/icyphy/ptII/ptolemy/domains/continuous/test/auto/SampledClocks.xml (RunModel)" time="0.035" />
  <testcase classname="ptolemy.util.test.junit.AutoTests" name="[123] /home/travis/build/icyphy/ptII/ptolemy/domains/continuous/test/auto/Satellite.xml (RunModel)" time="0.981" />
  <testcase classname="ptolemy.util.test.junit.AutoTests" name="[124] /home/travis/build/icyphy/ptII/ptolemy/domains/continuous/test/auto/SigmaDelta.xml (RunModel)" time="2.494" />
  <testcase classname="ptolemy.util.test.junit.AutoTests" name="[125] /home/travis/build/icyphy/ptII/ptolemy/domains/continuous/test/auto/SingleRefinement.xml (RunModel)" time="0.569" />
  <testcase classname="ptolemy.util.test.junit.AutoTests" name="[126] /home/travis/build/icyphy/ptII/ptolemy/domains/continuous/test/auto/SinuBouncingBall.xml (RunModel)" time="0.87" />
  <testcase classname="ptolemy.util.test.junit.AutoTests" name="[127] /home/travis/build/icyphy/ptII/ptolemy/domains/continuous/test/auto/Sinusoid.xml (RunModel)" time="0.016" />
  <testcase classname="ptolemy.util.test.junit.AutoTests" name="[128] /home/travis/build/icyphy/ptII/ptolemy/domains/continuous/test/auto/SinusoidInNoise.xml (RunModel)" time="1.038" />
  <testcase classname="ptolemy.util.test.junit.AutoTests" name="[129] /home/travis/build/icyphy/ptII/ptolemy/domains/continuous/test/auto/SinusoidRK45.xml (RunModel)" time="0.018" />
  <testcase classname="ptolemy.util.test.junit.AutoTests" name="[130] /home/travis/build/icyphy/ptII/ptolemy/domains/continuous/test/auto/SinusoidWithMultipleImpulses.xml (RunModel)" time="0.017" />
  <testcase classname="ptolemy.util.test.junit.AutoTests" name="[131] /home/travis/build/icyphy/ptII/ptolemy/domains/continuous/test/auto/SquareWave.xml (RunModel)" time="0.219" />
  <testcase classname="ptolemy.util.test.junit.AutoTests" name="[132] /home/travis/build/icyphy/ptII/ptolemy/domains/continuous/test/auto/Starmac.xml (RunModel)" time="3.401" />
  <testcase classname="ptolemy.util.test.junit.AutoTests" name="[133] /home/travis/build/icyphy/ptII/ptolemy/domains/continuous/test/auto/StaticUnits.xml (RunModel)" time="3.05" />
  <testcase classname="ptolemy.util.test.junit.AutoTests" name="[134] /home/travis/build/icyphy/ptII/ptolemy/domains/continuous/test/auto/StickyMasses.xml (RunModel)" time="0.205" />
  <testcase classname="ptolemy.util.test.junit.AutoTests" name="[135] /home/travis/build/icyphy/ptII/ptolemy/domains/continuous/test/auto/StopTime.xml (RunModel)" time="0.069" />
  <testcase classname="ptolemy.util.test.junit.AutoTests" name="[136] /home/travis/build/icyphy/ptII/ptolemy/domains/continuous/test/auto/StopTime2.xml (RunModel)" time="0.061" />
  <testcase classname="ptolemy.util.test.junit.AutoTests" name="[137] /home/travis/build/icyphy/ptII/ptolemy/domains/continuous/test/auto/Switch.xml (RunModel)" time="0.066" />
  <testcase classname="ptolemy.util.test.junit.AutoTests" name="[138] /home/travis/build/icyphy/ptII/ptolemy/domains/continuous/test/auto/Thermostat.xml (RunModel)" time="0.229" />
  <testcase classname="ptolemy.util.test.junit.AutoTests" name="[139] /home/travis/build/icyphy/ptII/ptolemy/domains/continuous/test/auto/TimeDelay.xml (RunModel)" time="0.014" />
  <testcase classname="ptolemy.util.test.junit.AutoTests" name="[140] /home/travis/build/icyphy/ptII/ptolemy/domains/continuous/test/auto/TimeDelay2.xml (RunModel)" time="0.028" />
  <testcase classname="ptolemy.util.test.junit.AutoTests" name="[141] /home/travis/build/icyphy/ptII/ptolemy/domains/continuous/test/auto/TimeDelay3.xml (RunModel)" time="0.015" />
  <testcase classname="ptolemy.util.test.junit.AutoTests" name="[142] /home/travis/build/icyphy/ptII/ptolemy/domains/continuous/test/auto/TransferAbsentToInside.xml (RunModel)" time="0.109" />
  <testcase classname="ptolemy.util.test.junit.AutoTests" name="[143] /home/travis/build/icyphy/ptII/ptolemy/domains/continuous/test/auto/Transmission.xml (RunModel)" time="0.811" />
  <testcase classname="ptolemy.util.test.junit.AutoTests" name="[144] /home/travis/build/icyphy/ptII/ptolemy/domains/continuous/test/auto/TriggeredContinuousClock.xml (RunModel)" time="0.064" />
  <testcase classname="ptolemy.util.test.junit.AutoTests" name="[145] /home/travis/build/icyphy/ptII/ptolemy/domains/continuous/test/auto/TwoMachineInfiniteBusControl.xml (RunModel)" time="2.965" />
  <testcase classname="ptolemy.util.test.junit.AutoTests" name="[146] /home/travis/build/icyphy/ptII/ptolemy/domains/continuous/test/auto/V2V.xml (RunModel)" time="0.889" />
  <testcase classname="ptolemy.util.test.junit.AutoTests" name="[147] /home/travis/build/icyphy/ptII/ptolemy/domains/continuous/test/auto/hierarchicalModalModel.xml (RunModel)" time="0.03" />
  <testcase classname="ptolemy.util.test.junit.AutoTests" name="[148] /home/travis/build/icyphy/ptII/ptolemy/domains/continuous/test/auto/hierarchicalModalModel1.xml (RunModel)" time="0.03" />
  <testcase classname="ptolemy.util.test.junit.AutoTests" name="[149] /home/travis/build/icyphy/ptII/ptolemy/domains/continuous/test/auto/hierarchicalModalModel2.xml (RunModel)" time="0.033" />
  <testcase classname="ptolemy.util.test.junit.AutoTests" name="[150] /home/travis/build/icyphy/ptII/ptolemy/domains/continuous/test/auto/hierarchicalModalModel3.xml (RunModel)" time="0.026" />
  <testcase classname="ptolemy.util.test.junit.AutoTests" name="[151] /home/travis/build/icyphy/ptII/ptolemy/domains/continuous/test/auto/hierarchicalModalModel4.xml (RunModel)" time="0.026" />
  <testcase classname="ptolemy.util.test.junit.AutoTests" name="[152] /home/travis/build/icyphy/ptII/ptolemy/domains/continuous/test/auto/junk.xml (RunModel)" time="0.156" />
  <system-out><![CDATA[No tcl tests in /home/travis/build/icyphy/ptII/ptolemy/domains/continuous/test
No auto/knownFailedTests/*.xml tests in /home/travis/build/icyphy/ptII/ptolemy/domains/continuous/test
No auto/linux-amd64/*.xml tests in /home/travis/build/icyphy/ptII/ptolemy/domains/continuous/test
AutoTests.java: About to close Vertx.
AutoTests.java: Vertx closed.

===========================================================================================
----------------- testing Tue Jul 09 04:43:07 UTC 2019 /home/travis/build/icyphy/ptII/ptolemy/domains/continuous/test/auto/BouncingBall.xml
----------------- Instantiating /home/travis/build/icyphy/ptII/ptolemy/domains/continuous/test/auto/BouncingBall.xml
2455 ms. Memory: 197632K Free: 165575K (84%)
----------------- Invoking toplevel() on ptolemy.moml.MoMLSimpleApplication@71273a1c
----------------- Done invoking toplevel() on ptolemy.moml.MoMLSimpleApplication@71273a1c
reloadAllAccessors: .BouncingBall

===========================================================================================
----------------- testing Tue Jul 09 04:43:10 UTC 2019 /home/travis/build/icyphy/ptII/ptolemy/domains/continuous/test/auto/BouncingBallWithoutGR.xml
----------------- Instantiating /home/travis/build/icyphy/ptII/ptolemy/domains/continuous/test/auto/BouncingBallWithoutGR.xml
738 ms. Memory: 197632K Free: 100536K (51%)
----------------- Invoking toplevel() on ptolemy.moml.MoMLSimpleApplication@3b4086c0
----------------- Done invoking toplevel() on ptolemy.moml.MoMLSimpleApplication@3b4086c0
reloadAllAccessors: .BouncingBallWithoutGR

===========================================================================================
----------------- testing Tue Jul 09 04:43:11 UTC 2019 /home/travis/build/icyphy/ptII/ptolemy/domains/continuous/test/auto/Brownian.xml
----------------- Instantiating /home/travis/build/icyphy/ptII/ptolemy/domains/continuous/test/auto/Brownian.xml
28 ms. Memory: 197632K Free: 91320K (46%)
----------------- Invoking toplevel() on ptolemy.moml.MoMLSimpleApplication@7c07c084
----------------- Done invoking toplevel() on ptolemy.moml.MoMLSimpleApplication@7c07c084
reloadAllAccessors: .Brownian

===========================================================================================
----------------- testing Tue Jul 09 04:43:11 UTC 2019 /home/travis/build/icyphy/ptII/ptolemy/domains/continuous/test/auto/CarTracking.xml
----------------- Instantiating /home/travis/build/icyphy/ptII/ptolemy/domains/continuous/test/auto/CarTracking.xml
4136 ms. Memory: 312320K Free: 195381K (63%)
----------------- Invoking toplevel() on ptolemy.moml.MoMLSimpleApplication@3f29ccb4
----------------- Done invoking toplevel() on ptolemy.moml.MoMLSimpleApplication@3f29ccb4
reloadAllAccessors: .CarTracking

===========================================================================================
----------------- testing Tue Jul 09 04:43:16 UTC 2019 /home/travis/build/icyphy/ptII/ptolemy/domains/continuous/test/auto/CartPendulum.xml
----------------- Instantiating /home/travis/build/icyphy/ptII/ptolemy/domains/continuous/test/auto/CartPendulum.xml
497 ms. Memory: 312320K Free: 286921K (92%)
----------------- Invoking toplevel() on ptolemy.moml.MoMLSimpleApplication@4a789bb9
----------------- Done invoking toplevel() on ptolemy.moml.MoMLSimpleApplication@4a789bb9
reloadAllAccessors: .CartPendulum

===========================================================================================
----------------- testing Tue Jul 09 04:43:16 UTC 2019 /home/travis/build/icyphy/ptII/ptolemy/domains/continuous/test/auto/CausalityInterface10.xml
----------------- Instantiating /home/travis/build/icyphy/ptII/ptolemy/domains/continuous/test/auto/CausalityInterface10.xml
7 ms. Memory: 312320K Free: 276167K (88%)
----------------- Invoking toplevel() on ptolemy.moml.MoMLSimpleApplication@4c3cdb5d
----------------- Done invoking toplevel() on ptolemy.moml.MoMLSimpleApplication@4c3cdb5d
reloadAllAccessors: .CausalityInterface10

===========================================================================================
----------------- testing Tue Jul 09 04:43:16 UTC 2019 /home/travis/build/icyphy/ptII/ptolemy/domains/continuous/test/auto/CausalityInterface11.xml
----------------- Instantiating /home/travis/build/icyphy/ptII/ptolemy/domains/continuous/test/auto/CausalityInterface11.xml
4 ms. Memory: 312320K Free: 270009K (86%)
----------------- Invoking toplevel() on ptolemy.moml.MoMLSimpleApplication@1e9fcb9
----------------- Done invoking toplevel() on ptolemy.moml.MoMLSimpleApplication@1e9fcb9
reloadAllAccessors: .CausalityInterface11

===========================================================================================
----------------- testing Tue Jul 09 04:43:16 UTC 2019 /home/travis/build/icyphy/ptII/ptolemy/domains/continuous/test/auto/CausalityInterface12.xml
----------------- Instantiating /home/travis/build/icyphy/ptII/ptolemy/domains/continuous/test/auto/CausalityInterface12.xml
9 ms. Memory: 312320K Free: 263865K (84%)
----------------- Invoking toplevel() on ptolemy.moml.MoMLSimpleApplication@4f9d65dc
----------------- Done invoking toplevel() on ptolemy.moml.MoMLSimpleApplication@4f9d65dc
reloadAllAccessors: .CausalityInterface12

===========================================================================================
----------------- testing Tue Jul 09 04:43:17 UTC 2019 /home/travis/build/icyphy/ptII/ptolemy/domains/continuous/test/auto/CausalityInterface13.xml
----------------- Instantiating /home/travis/build/icyphy/ptII/ptolemy/domains/continuous/test/auto/CausalityInterface13.xml
4 ms. Memory: 312320K Free: 257705K (83%)
----------------- Invoking toplevel() on ptolemy.moml.MoMLSimpleApplication@6c86d81f
----------------- Done invoking toplevel() on ptolemy.moml.MoMLSimpleApplication@6c86d81f
reloadAllAccessors: .CausalityInterface13

===========================================================================================
----------------- testing Tue Jul 09 04:43:17 UTC 2019 /home/travis/build/icyphy/ptII/ptolemy/domains/continuous/test/auto/CausalityInterface14.xml
----------------- Instantiating /home/travis/build/icyphy/ptII/ptolemy/domains/continuous/test/auto/CausalityInterface14.xml
3 ms. Memory: 312320K Free: 252105K (81%)
----------------- Invoking toplevel() on ptolemy.moml.MoMLSimpleApplication@531448f
----------------- Done invoking toplevel() on ptolemy.moml.MoMLSimpleApplication@531448f
reloadAllAccessors: .CausalityInterface14

===========================================================================================
----------------- testing Tue Jul 09 04:43:17 UTC 2019 /home/travis/build/icyphy/ptII/ptolemy/domains/continuous/test/auto/CausalityInterface4.xml
----------------- Instantiating /home/travis/build/icyphy/ptII/ptolemy/domains/continuous/test/auto/CausalityInterface4.xml
4 ms. Memory: 312320K Free: 245447K (79%)
----------------- Invoking toplevel() on ptolemy.moml.MoMLSimpleApplication@2a2db1b
----------------- Done invoking toplevel() on ptolemy.moml.MoMLSimpleApplication@2a2db1b
reloadAllAccessors: .CausalityInterface4

===========================================================================================
----------------- testing Tue Jul 09 04:43:17 UTC 2019 /home/travis/build/icyphy/ptII/ptolemy/domains/continuous/test/auto/CausalityInterface5.xml
----------------- Instantiating /home/travis/build/icyphy/ptII/ptolemy/domains/continuous/test/auto/CausalityInterface5.xml
5 ms. Memory: 312320K Free: 237255K (76%)
----------------- Invoking toplevel() on ptolemy.moml.MoMLSimpleApplication@36d8fc70
----------------- Done invoking toplevel() on ptolemy.moml.MoMLSimpleApplication@36d8fc70
reloadAllAccessors: .CausalityInterface5

===========================================================================================
----------------- testing Tue Jul 09 04:43:17 UTC 2019 /home/travis/build/icyphy/ptII/ptolemy/domains/continuous/test/auto/CausalityInterface6.xml
----------------- Instantiating /home/travis/build/icyphy/ptII/ptolemy/domains/continuous/test/auto/CausalityInterface6.xml
4 ms. Memory: 312320K Free: 231625K (74%)
----------------- Invoking toplevel() on ptolemy.moml.MoMLSimpleApplication@6865ff71
----------------- Done invoking toplevel() on ptolemy.moml.MoMLSimpleApplication@6865ff71
reloadAllAccessors: .CausalityInterface6

===========================================================================================
----------------- testing Tue Jul 09 04:43:17 UTC 2019 /home/travis/build/icyphy/ptII/ptolemy/domains/continuous/test/auto/CausalityInterface7.xml
----------------- Instantiating /home/travis/build/icyphy/ptII/ptolemy/domains/continuous/test/auto/CausalityInterface7.xml
11 ms. Memory: 312320K Free: 223433K (72%)
----------------- Invoking toplevel() on ptolemy.moml.MoMLSimpleApplication@52499ee8
----------------- Done invoking toplevel() on ptolemy.moml.MoMLSimpleApplication@52499ee8
reloadAllAccessors: .CausalityInterface7

===========================================================================================
----------------- testing Tue Jul 09 04:43:17 UTC 2019 /home/travis/build/icyphy/ptII/ptolemy/domains/continuous/test/auto/CausalityInterface8.xml
----------------- Instantiating /home/travis/build/icyphy/ptII/ptolemy/domains/continuous/test/auto/CausalityInterface8.xml
7 ms. Memory: 312320K Free: 214217K (69%)
----------------- Invoking toplevel() on ptolemy.moml.MoMLSimpleApplication@611f0e63
----------------- Done invoking toplevel() on ptolemy.moml.MoMLSimpleApplication@611f0e63
reloadAllAccessors: .CausalityInterface8

===========================================================================================
----------------- testing Tue Jul 09 04:43:17 UTC 2019 /home/travis/build/icyphy/ptII/ptolemy/domains/continuous/test/auto/CausalityInterface9.xml
----------------- Instantiating /home/travis/build/icyphy/ptII/ptolemy/domains/continuous/test/auto/CausalityInterface9.xml
10 ms. Memory: 312320K Free: 203463K (65%)
----------------- Invoking toplevel() on ptolemy.moml.MoMLSimpleApplication@2b44a69
----------------- Done invoking toplevel() on ptolemy.moml.MoMLSimpleApplication@2b44a69
reloadAllAccessors: .CausalityInterface9

===========================================================================================
----------------- testing Tue Jul 09 04:43:17 UTC 2019 /home/travis/build/icyphy/ptII/ptolemy/domains/continuous/test/auto/CausalityInterfaceFeedback1.xml
----------------- Instantiating /home/travis/build/icyphy/ptII/ptolemy/domains/continuous/test/auto/CausalityInterfaceFeedback1.xml
4 ms. Memory: 312320K Free: 196809K (63%)
----------------- Invoking toplevel() on ptolemy.moml.MoMLSimpleApplication@34d45eaf
----------------- Done invoking toplevel() on ptolemy.moml.MoMLSimpleApplication@34d45eaf
reloadAllAccessors: .CausalityInterfaceFeedback1

===========================================================================================
----------------- testing Tue Jul 09 04:43:17 UTC 2019 /home/travis/build/icyphy/ptII/ptolemy/domains/continuous/test/auto/CausalityInterfaceFeedback2.xml
----------------- Instantiating /home/travis/build/icyphy/ptII/ptolemy/domains/continuous/test/auto/CausalityInterfaceFeedback2.xml
7 ms. Memory: 312320K Free: 190137K (61%)
----------------- Invoking toplevel() on ptolemy.moml.MoMLSimpleApplication@2dc7700e
----------------- Done invoking toplevel() on ptolemy.moml.MoMLSimpleApplication@2dc7700e
reloadAllAccessors: .CausalityInterfaceFeedback2

===========================================================================================
----------------- testing Tue Jul 09 04:43:17 UTC 2019 /home/travis/build/icyphy/ptII/ptolemy/domains/continuous/test/auto/CompareWithCurrentTime.xml
----------------- Instantiating /home/travis/build/icyphy/ptII/ptolemy/domains/continuous/test/auto/CompareWithCurrentTime.xml
5 ms. Memory: 312320K Free: 186055K (60%)
----------------- Invoking toplevel() on ptolemy.moml.MoMLSimpleApplication@6d138d6f
----------------- Done invoking toplevel() on ptolemy.moml.MoMLSimpleApplication@6d138d6f
reloadAllAccessors: .CompareWithCurrentTime

===========================================================================================
----------------- testing Tue Jul 09 04:43:17 UTC 2019 /home/travis/build/icyphy/ptII/ptolemy/domains/continuous/test/auto/ComparedClocks.xml
----------------- Instantiating /home/travis/build/icyphy/ptII/ptolemy/domains/continuous/test/auto/ComparedClocks.xml
7 ms. Memory: 312320K Free: 170681K (55%)
----------------- Invoking toplevel() on ptolemy.moml.MoMLSimpleApplication@576aa9dd
----------------- Done invoking toplevel() on ptolemy.moml.MoMLSimpleApplication@576aa9dd
reloadAllAccessors: .ComparedClocks

===========================================================================================
----------------- testing Tue Jul 09 04:43:17 UTC 2019 /home/travis/build/icyphy/ptII/ptolemy/domains/continuous/test/auto/ContinuousAOCClone.xml
----------------- Instantiating /home/travis/build/icyphy/ptII/ptolemy/domains/continuous/test/auto/ContinuousAOCClone.xml
2797 ms. Memory: 374784K Free: 261339K (70%)
----------------- Invoking toplevel() on ptolemy.moml.MoMLSimpleApplication@2d930998
----------------- Done invoking toplevel() on ptolemy.moml.MoMLSimpleApplication@2d930998
reloadAllAccessors: .ContinuousAOCClone

===========================================================================================
----------------- testing Tue Jul 09 04:43:20 UTC 2019 /home/travis/build/icyphy/ptII/ptolemy/domains/continuous/test/auto/ContinuousClock.xml
----------------- Instantiating /home/travis/build/icyphy/ptII/ptolemy/domains/continuous/test/auto/ContinuousClock.xml
34 ms. Memory: 374784K Free: 239325K (64%)
----------------- Invoking toplevel() on ptolemy.moml.MoMLSimpleApplication@2483169f
----------------- Done invoking toplevel() on ptolemy.moml.MoMLSimpleApplication@2483169f
reloadAllAccessors: .ContinuousClock

===========================================================================================
----------------- testing Tue Jul 09 04:43:20 UTC 2019 /home/travis/build/icyphy/ptII/ptolemy/domains/continuous/test/auto/ContinuousInContinuous.xml
----------------- Instantiating /home/travis/build/icyphy/ptII/ptolemy/domains/continuous/test/auto/ContinuousInContinuous.xml
46 ms. Memory: 374784K Free: 215773K (58%)
----------------- Invoking toplevel() on ptolemy.moml.MoMLSimpleApplication@164aaa40
----------------- Done invoking toplevel() on ptolemy.moml.MoMLSimpleApplication@164aaa40
reloadAllAccessors: .ContinuousInContinuous

===========================================================================================
----------------- testing Tue Jul 09 04:43:20 UTC 2019 /home/travis/build/icyphy/ptII/ptolemy/domains/continuous/test/auto/ContinuousInContinuousInContinuous.xml
----------------- Instantiating /home/travis/build/icyphy/ptII/ptolemy/domains/continuous/test/auto/ContinuousInContinuousInContinuous.xml
7 ms. Memory: 374784K Free: 208091K (56%)
----------------- Invoking toplevel() on ptolemy.moml.MoMLSimpleApplication@6f4b9d17
----------------- Done invoking toplevel() on ptolemy.moml.MoMLSimpleApplication@6f4b9d17
reloadAllAccessors: .ContinuousInContinuousInContinuous

===========================================================================================
----------------- testing Tue Jul 09 04:43:20 UTC 2019 /home/travis/build/icyphy/ptII/ptolemy/domains/continuous/test/auto/ContinuousInDE.xml
----------------- Instantiating /home/travis/build/icyphy/ptII/ptolemy/domains/continuous/test/auto/ContinuousInDE.xml
75 ms. Memory: 374784K Free: 197851K (53%)
----------------- Invoking toplevel() on ptolemy.moml.MoMLSimpleApplication@76dbb757
----------------- Done invoking toplevel() on ptolemy.moml.MoMLSimpleApplication@76dbb757
reloadAllAccessors: .ContinuousInDE

===========================================================================================
----------------- testing Tue Jul 09 04:43:21 UTC 2019 /home/travis/build/icyphy/ptII/ptolemy/domains/continuous/test/auto/ContinuousInDE2.xml
----------------- Instantiating /home/travis/build/icyphy/ptII/ptolemy/domains/continuous/test/auto/ContinuousInDE2.xml
43 ms. Memory: 374784K Free: 188125K (50%)
----------------- Invoking toplevel() on ptolemy.moml.MoMLSimpleApplication@3c60c542
----------------- Done invoking toplevel() on ptolemy.moml.MoMLSimpleApplication@3c60c542
reloadAllAccessors: .ContinuousInDE2

===========================================================================================
----------------- testing Tue Jul 09 04:43:21 UTC 2019 /home/travis/build/icyphy/ptII/ptolemy/domains/continuous/test/auto/ContinuousInDE3.xml
----------------- Instantiating /home/travis/build/icyphy/ptII/ptolemy/domains/continuous/test/auto/ContinuousInDE3.xml
38 ms. Memory: 374784K Free: 178395K (48%)
----------------- Invoking toplevel() on ptolemy.moml.MoMLSimpleApplication@7ad27dee
----------------- Done invoking toplevel() on ptolemy.moml.MoMLSimpleApplication@7ad27dee
reloadAllAccessors: .ContinuousInDE3

===========================================================================================
----------------- testing Tue Jul 09 04:43:21 UTC 2019 /home/travis/build/icyphy/ptII/ptolemy/domains/continuous/test/auto/ContinuousInDE4.xml
----------------- Instantiating /home/travis/build/icyphy/ptII/ptolemy/domains/continuous/test/auto/ContinuousInDE4.xml
14 ms. Memory: 374784K Free: 172251K (46%)
----------------- Invoking toplevel() on ptolemy.moml.MoMLSimpleApplication@114ccea9
----------------- Done invoking toplevel() on ptolemy.moml.MoMLSimpleApplication@114ccea9
reloadAllAccessors: .ContinuousInDE4

===========================================================================================
----------------- testing Tue Jul 09 04:43:21 UTC 2019 /home/travis/build/icyphy/ptII/ptolemy/domains/continuous/test/auto/ContinuousInDEDifferentRefinements.xml
----------------- Instantiating /home/travis/build/icyphy/ptII/ptolemy/domains/continuous/test/auto/ContinuousInDEDifferentRefinements.xml
60 ms. Memory: 374784K Free: 141021K (38%)
----------------- Invoking toplevel() on ptolemy.moml.MoMLSimpleApplication@5fe53586
----------------- Done invoking toplevel() on ptolemy.moml.MoMLSimpleApplication@5fe53586
reloadAllAccessors: .ContinuousInDEDifferentRefinements

===========================================================================================
----------------- testing Tue Jul 09 04:43:21 UTC 2019 /home/travis/build/icyphy/ptII/ptolemy/domains/continuous/test/auto/ContinuousInDEDifferentRefinementsPreemptive.xml
----------------- Instantiating /home/travis/build/icyphy/ptII/ptolemy/domains/continuous/test/auto/ContinuousInDEDifferentRefinementsPreemptive.xml
54 ms. Memory: 374784K Free: 333430K (89%)
----------------- Invoking toplevel() on ptolemy.moml.MoMLSimpleApplication@c346172
----------------- Done invoking toplevel() on ptolemy.moml.MoMLSimpleApplication@c346172
reloadAllAccessors: .ContinuousInDEDifferentRefinementsPreemptive

===========================================================================================
----------------- testing Tue Jul 09 04:43:21 UTC 2019 /home/travis/build/icyphy/ptII/ptolemy/domains/continuous/test/auto/ContinuousInDEInContinuous2.xml
----------------- Instantiating /home/travis/build/icyphy/ptII/ptolemy/domains/continuous/test/auto/ContinuousInDEInContinuous2.xml
39 ms. Memory: 374784K Free: 321671K (86%)
----------------- Invoking toplevel() on ptolemy.moml.MoMLSimpleApplication@3886bc7a
----------------- Done invoking toplevel() on ptolemy.moml.MoMLSimpleApplication@3886bc7a
reloadAllAccessors: .ContinuousInDEInContinuous2

===========================================================================================
----------------- testing Tue Jul 09 04:43:21 UTC 2019 /home/travis/build/icyphy/ptII/ptolemy/domains/continuous/test/auto/ContinuousInDEInContinuous3.xml
----------------- Instantiating /home/travis/build/icyphy/ptII/ptolemy/domains/continuous/test/auto/ContinuousInDEInContinuous3.xml
40 ms. Memory: 374784K Free: 309383K (83%)
----------------- Invoking toplevel() on ptolemy.moml.MoMLSimpleApplication@52c3ca9b
----------------- Done invoking toplevel() on ptolemy.moml.MoMLSimpleApplication@52c3ca9b
reloadAllAccessors: .ContinuousInDEInContinuous3

===========================================================================================
----------------- testing Tue Jul 09 04:43:21 UTC 2019 /home/travis/build/icyphy/ptII/ptolemy/domains/continuous/test/auto/ContinuousInDEInput.xml
----------------- Instantiating /home/travis/build/icyphy/ptII/ptolemy/domains/continuous/test/auto/ContinuousInDEInput.xml
20 ms. Memory: 374784K Free: 302215K (81%)
----------------- Invoking toplevel() on ptolemy.moml.MoMLSimpleApplication@56d864f3
----------------- Done invoking toplevel() on ptolemy.moml.MoMLSimpleApplication@56d864f3
reloadAllAccessors: .ContinuousInDEInput

===========================================================================================
----------------- testing Tue Jul 09 04:43:21 UTC 2019 /home/travis/build/icyphy/ptII/ptolemy/domains/continuous/test/auto/ContinuousInDEInput2.xml
----------------- Instantiating /home/travis/build/icyphy/ptII/ptolemy/domains/continuous/test/auto/ContinuousInDEInput2.xml
18 ms. Memory: 374784K Free: 294533K (79%)
----------------- Invoking toplevel() on ptolemy.moml.MoMLSimpleApplication@6f8c1d72
----------------- Done invoking toplevel() on ptolemy.moml.MoMLSimpleApplication@6f8c1d72
reloadAllAccessors: .ContinuousInDEInput2

===========================================================================================
----------------- testing Tue Jul 09 04:43:21 UTC 2019 /home/travis/build/icyphy/ptII/ptolemy/domains/continuous/test/auto/ContinuousInDEInput3.xml
----------------- Instantiating /home/travis/build/icyphy/ptII/ptolemy/domains/continuous/test/auto/ContinuousInDEInput3.xml
17 ms. Memory: 374784K Free: 287365K (77%)
----------------- Invoking toplevel() on ptolemy.moml.MoMLSimpleApplication@4903cb15
----------------- Done invoking toplevel() on ptolemy.moml.MoMLSimpleApplication@4903cb15
reloadAllAccessors: .ContinuousInDEInput3

===========================================================================================
----------------- testing Tue Jul 09 04:43:21 UTC 2019 /home/travis/build/icyphy/ptII/ptolemy/domains/continuous/test/auto/ContinuousInDESharingRefinement.xml
----------------- Instantiating /home/travis/build/icyphy/ptII/ptolemy/domains/continuous/test/auto/ContinuousInDESharingRefinement.xml
170 ms. Memory: 374784K Free: 192647K (51%)
----------------- Invoking toplevel() on ptolemy.moml.MoMLSimpleApplication@6409740a
----------------- Done invoking toplevel() on ptolemy.moml.MoMLSimpleApplication@6409740a
reloadAllAccessors: .ContinuousInDESharingRefinement

===========================================================================================
----------------- testing Tue Jul 09 04:43:21 UTC 2019 /home/travis/build/icyphy/ptII/ptolemy/domains/continuous/test/auto/ContinuousInDEwithNoPorts.xml
----------------- Instantiating /home/travis/build/icyphy/ptII/ptolemy/domains/continuous/test/auto/ContinuousInDEwithNoPorts.xml
5 ms. Memory: 374784K Free: 188551K (50%)
----------------- Invoking toplevel() on ptolemy.moml.MoMLSimpleApplication@29c946ba
----------------- Done invoking toplevel() on ptolemy.moml.MoMLSimpleApplication@29c946ba
reloadAllAccessors: .ContinuousInDEwithNoPorts

===========================================================================================
----------------- testing Tue Jul 09 04:43:21 UTC 2019 /home/travis/build/icyphy/ptII/ptolemy/domains/continuous/test/auto/ContinuousInsideDE.xml
----------------- Instantiating /home/travis/build/icyphy/ptII/ptolemy/domains/continuous/test/auto/ContinuousInsideDE.xml
42 ms. Memory: 374784K Free: 177287K (47%)
----------------- Invoking toplevel() on ptolemy.moml.MoMLSimpleApplication@5917a146
----------------- Done invoking toplevel() on ptolemy.moml.MoMLSimpleApplication@5917a146
reloadAllAccessors: .ContinuousInsideDE

===========================================================================================
----------------- testing Tue Jul 09 04:43:21 UTC 2019 /home/travis/build/icyphy/ptII/ptolemy/domains/continuous/test/auto/ContinuousMerge1.xml
----------------- Instantiating /home/travis/build/icyphy/ptII/ptolemy/domains/continuous/test/auto/ContinuousMerge1.xml
2 ms. Memory: 374784K Free: 173191K (46%)
----------------- Invoking toplevel() on ptolemy.moml.MoMLSimpleApplication@72799d67
----------------- Done invoking toplevel() on ptolemy.moml.MoMLSimpleApplication@72799d67
reloadAllAccessors: .ContinuousMerge1

===========================================================================================
----------------- testing Tue Jul 09 04:43:21 UTC 2019 /home/travis/build/icyphy/ptII/ptolemy/domains/continuous/test/auto/ContinuousMerge2.xml
----------------- Instantiating /home/travis/build/icyphy/ptII/ptolemy/domains/continuous/test/auto/ContinuousMerge2.xml
15 ms. Memory: 374784K Free: 162951K (43%)
----------------- Invoking toplevel() on ptolemy.moml.MoMLSimpleApplication@457a8a8c
----------------- Done invoking toplevel() on ptolemy.moml.MoMLSimpleApplication@457a8a8c
reloadAllAccessors: .ContinuousMerge2

===========================================================================================
----------------- testing Tue Jul 09 04:43:22 UTC 2019 /home/travis/build/icyphy/ptII/ptolemy/domains/continuous/test/auto/ContinuousMerge3.xml
----------------- Instantiating /home/travis/build/icyphy/ptII/ptolemy/domains/continuous/test/auto/ContinuousMerge3.xml
54 ms. Memory: 374784K Free: 152197K (41%)
----------------- Invoking toplevel() on ptolemy.moml.MoMLSimpleApplication@164dc1ec
----------------- Done invoking toplevel() on ptolemy.moml.MoMLSimpleApplication@164dc1ec
reloadAllAccessors: .ContinuousMerge3

===========================================================================================
----------------- testing Tue Jul 09 04:43:22 UTC 2019 /home/travis/build/icyphy/ptII/ptolemy/domains/continuous/test/auto/ContinuousWithinContinuous.xml
----------------- Instantiating /home/travis/build/icyphy/ptII/ptolemy/domains/continuous/test/auto/ContinuousWithinContinuous.xml
45 ms. Memory: 374784K Free: 142981K (38%)
----------------- Invoking toplevel() on ptolemy.moml.MoMLSimpleApplication@68071fb3
----------------- Done invoking toplevel() on ptolemy.moml.MoMLSimpleApplication@68071fb3
reloadAllAccessors: .ContinuousWithinContinuous

===========================================================================================
----------------- testing Tue Jul 09 04:43:22 UTC 2019 /home/travis/build/icyphy/ptII/ptolemy/domains/continuous/test/auto/ContinuousWithinContinuous2.xml
----------------- Instantiating /home/travis/build/icyphy/ptII/ptolemy/domains/continuous/test/auto/ContinuousWithinContinuous2.xml
95 ms. Memory: 374784K Free: 355371K (95%)
----------------- Invoking toplevel() on ptolemy.moml.MoMLSimpleApplication@708e6b56
----------------- Done invoking toplevel() on ptolemy.moml.MoMLSimpleApplication@708e6b56
reloadAllAccessors: .ContinuousWithinContinuous2

===========================================================================================
----------------- testing Tue Jul 09 04:43:22 UTC 2019 /home/travis/build/icyphy/ptII/ptolemy/domains/continuous/test/auto/ContinuousWithinContinuous3.xml
----------------- Instantiating /home/travis/build/icyphy/ptII/ptolemy/domains/continuous/test/auto/ContinuousWithinContinuous3.xml
15 ms. Memory: 374784K Free: 347947K (93%)
----------------- Invoking toplevel() on ptolemy.moml.MoMLSimpleApplication@4f86b488
----------------- Done invoking toplevel() on ptolemy.moml.MoMLSimpleApplication@4f86b488
reloadAllAccessors: .ContinuousWithinContinuous3

===========================================================================================
----------------- testing Tue Jul 09 04:43:22 UTC 2019 /home/travis/build/icyphy/ptII/ptolemy/domains/continuous/test/auto/ContinuousWithinContinuous4.xml
----------------- Instantiating /home/travis/build/icyphy/ptII/ptolemy/domains/continuous/test/auto/ContinuousWithinContinuous4.xml
95 ms. Memory: 374784K Free: 335659K (90%)
----------------- Invoking toplevel() on ptolemy.moml.MoMLSimpleApplication@2ea65043
----------------- Done invoking toplevel() on ptolemy.moml.MoMLSimpleApplication@2ea65043
reloadAllAccessors: .ContinuousWithinContinuous4

===========================================================================================
----------------- testing Tue Jul 09 04:43:22 UTC 2019 /home/travis/build/icyphy/ptII/ptolemy/domains/continuous/test/auto/ContinuousWithinContinuous5.xml
----------------- Instantiating /home/travis/build/icyphy/ptII/ptolemy/domains/continuous/test/auto/ContinuousWithinContinuous5.xml
17 ms. Memory: 374784K Free: 328491K (88%)
----------------- Invoking toplevel() on ptolemy.moml.MoMLSimpleApplication@5c93e1ad
----------------- Done invoking toplevel() on ptolemy.moml.MoMLSimpleApplication@5c93e1ad
reloadAllAccessors: .ContinuousWithinContinuous5

===========================================================================================
----------------- testing Tue Jul 09 04:43:22 UTC 2019 /home/travis/build/icyphy/ptII/ptolemy/domains/continuous/test/auto/ContinuousWithinContinuous6.xml
----------------- Instantiating /home/travis/build/icyphy/ptII/ptolemy/domains/continuous/test/auto/ContinuousWithinContinuous6.xml
15 ms. Memory: 374784K Free: 321837K (86%)
----------------- Invoking toplevel() on ptolemy.moml.MoMLSimpleApplication@472bf56c
----------------- Done invoking toplevel() on ptolemy.moml.MoMLSimpleApplication@472bf56c
reloadAllAccessors: .ContinuousWithinContinuous6

===========================================================================================
----------------- testing Tue Jul 09 04:43:22 UTC 2019 /home/travis/build/icyphy/ptII/ptolemy/domains/continuous/test/auto/ContinuousWithinContinuous7.xml
----------------- Instantiating /home/travis/build/icyphy/ptII/ptolemy/domains/continuous/test/auto/ContinuousWithinContinuous7.xml
74 ms. Memory: 374784K Free: 310573K (83%)
----------------- Invoking toplevel() on ptolemy.moml.MoMLSimpleApplication@1b7c89f7
----------------- Done invoking toplevel() on ptolemy.moml.MoMLSimpleApplication@1b7c89f7
reloadAllAccessors: .ContinuousWithinContinuous7

===========================================================================================
----------------- testing Tue Jul 09 04:43:22 UTC 2019 /home/travis/build/icyphy/ptII/ptolemy/domains/continuous/test/auto/DCMotor.xml
----------------- Instantiating /home/travis/build/icyphy/ptII/ptolemy/domains/continuous/test/auto/DCMotor.xml
15539 ms. Memory: 374784K Free: 169232K (45%)
----------------- Invoking toplevel() on ptolemy.moml.MoMLSimpleApplication@bc9557a
----------------- Done invoking toplevel() on ptolemy.moml.MoMLSimpleApplication@bc9557a
reloadAllAccessors: .DCMotor

===========================================================================================
----------------- testing Tue Jul 09 04:43:38 UTC 2019 /home/travis/build/icyphy/ptII/ptolemy/domains/continuous/test/auto/DEInContinuous.xml
----------------- Instantiating /home/travis/build/icyphy/ptII/ptolemy/domains/continuous/test/auto/DEInContinuous.xml
9 ms. Memory: 374784K Free: 163088K (44%)
----------------- Invoking toplevel() on ptolemy.moml.MoMLSimpleApplication@7968b675
----------------- Done invoking toplevel() on ptolemy.moml.MoMLSimpleApplication@7968b675
reloadAllAccessors: .DEInContinuous

===========================================================================================
----------------- testing Tue Jul 09 04:43:38 UTC 2019 /home/travis/build/icyphy/ptII/ptolemy/domains/continuous/test/auto/DEinContinuous2.xml
----------------- Instantiating /home/travis/build/icyphy/ptII/ptolemy/domains/continuous/test/auto/DEinContinuous2.xml
5 ms. Memory: 374784K Free: 155410K (41%)
----------------- Invoking toplevel() on ptolemy.moml.MoMLSimpleApplication@1cbd8788
----------------- Done invoking toplevel() on ptolemy.moml.MoMLSimpleApplication@1cbd8788
reloadAllAccessors: .DEinContinuous2

===========================================================================================
----------------- testing Tue Jul 09 04:43:38 UTC 2019 /home/travis/build/icyphy/ptII/ptolemy/domains/continuous/test/auto/Derivative.xml
----------------- Instantiating /home/travis/build/icyphy/ptII/ptolemy/domains/continuous/test/auto/Derivative.xml
154 ms. Memory: 374784K Free: 349375K (93%)
----------------- Invoking toplevel() on ptolemy.moml.MoMLSimpleApplication@7d124d7a
----------------- Done invoking toplevel() on ptolemy.moml.MoMLSimpleApplication@7d124d7a
reloadAllAccessors: .Derivative2

===========================================================================================
----------------- testing Tue Jul 09 04:43:38 UTC 2019 /home/travis/build/icyphy/ptII/ptolemy/domains/continuous/test/auto/Derivative1.xml
----------------- Instantiating /home/travis/build/icyphy/ptII/ptolemy/domains/continuous/test/auto/Derivative1.xml
16 ms. Memory: 374784K Free: 334846K (89%)
----------------- Invoking toplevel() on ptolemy.moml.MoMLSimpleApplication@198a6739
----------------- Done invoking toplevel() on ptolemy.moml.MoMLSimpleApplication@198a6739
reloadAllAccessors: .Derivative1

===========================================================================================
----------------- testing Tue Jul 09 04:43:38 UTC 2019 /home/travis/build/icyphy/ptII/ptolemy/domains/continuous/test/auto/DiscreteClock.xml
----------------- Instantiating /home/travis/build/icyphy/ptII/ptolemy/domains/continuous/test/auto/DiscreteClock.xml
4 ms. Memory: 374784K Free: 329726K (88%)
----------------- Invoking toplevel() on ptolemy.moml.MoMLSimpleApplication@1b3b7d83
----------------- Done invoking toplevel() on ptolemy.moml.MoMLSimpleApplication@1b3b7d83
reloadAllAccessors: .DiscreteClock

===========================================================================================
----------------- testing Tue Jul 09 04:43:38 UTC 2019 /home/travis/build/icyphy/ptII/ptolemy/domains/continuous/test/auto/EfficiencyCurve.xml
----------------- Instantiating /home/travis/build/icyphy/ptII/ptolemy/domains/continuous/test/auto/EfficiencyCurve.xml
67 ms. Memory: 374784K Free: 320510K (86%)
----------------- Invoking toplevel() on ptolemy.moml.MoMLSimpleApplication@307f3f0b
----------------- Done invoking toplevel() on ptolemy.moml.MoMLSimpleApplication@307f3f0b
reloadAllAccessors: .EfficiencyCurve

===========================================================================================
----------------- testing Tue Jul 09 04:43:38 UTC 2019 /home/travis/build/icyphy/ptII/ptolemy/domains/continuous/test/auto/ExponentialResponse.xml
----------------- Instantiating /home/travis/build/icyphy/ptII/ptolemy/domains/continuous/test/auto/ExponentialResponse.xml
110 ms. Memory: 374784K Free: 304636K (81%)
----------------- Invoking toplevel() on ptolemy.moml.MoMLSimpleApplication@1c3bf3b1
----------------- Done invoking toplevel() on ptolemy.moml.MoMLSimpleApplication@1c3bf3b1
reloadAllAccessors: .ExponentialResponse

===========================================================================================
----------------- testing Tue Jul 09 04:43:38 UTC 2019 /home/travis/build/icyphy/ptII/ptolemy/domains/continuous/test/auto/ExponentialResponseRK45.xml
----------------- Instantiating /home/travis/build/icyphy/ptII/ptolemy/domains/continuous/test/auto/ExponentialResponseRK45.xml
25 ms. Memory: 374784K Free: 297468K (79%)
----------------- Invoking toplevel() on ptolemy.moml.MoMLSimpleApplication@612ae0d8
----------------- Done invoking toplevel() on ptolemy.moml.MoMLSimpleApplication@612ae0d8
reloadAllAccessors: .ExponentialResponseRK45

===========================================================================================
----------------- testing Tue Jul 09 04:43:38 UTC 2019 /home/travis/build/icyphy/ptII/ptolemy/domains/continuous/test/auto/Friction.xml
----------------- Instantiating /home/travis/build/icyphy/ptII/ptolemy/domains/continuous/test/auto/Friction.xml
1504 ms. Memory: 374784K Free: 322440K (86%)
----------------- Invoking toplevel() on ptolemy.moml.MoMLSimpleApplication@6c98ff7c
----------------- Done invoking toplevel() on ptolemy.moml.MoMLSimpleApplication@6c98ff7c
reloadAllAccessors: .Friction

===========================================================================================
----------------- testing Tue Jul 09 04:43:40 UTC 2019 /home/travis/build/icyphy/ptII/ptolemy/domains/continuous/test/auto/FurutaPendulum.xml
----------------- Instantiating /home/travis/build/icyphy/ptII/ptolemy/domains/continuous/test/auto/FurutaPendulum.xml
3480 ms. Memory: 374784K Free: 276449K (74%)
----------------- Invoking toplevel() on ptolemy.moml.MoMLSimpleApplication@996aaad
----------------- Done invoking toplevel() on ptolemy.moml.MoMLSimpleApplication@996aaad
reloadAllAccessors: .FurutaPendulum

===========================================================================================
----------------- testing Tue Jul 09 04:43:44 UTC 2019 /home/travis/build/icyphy/ptII/ptolemy/domains/continuous/test/auto/HierarchicalExecution.xml
----------------- Instantiating /home/travis/build/icyphy/ptII/ptolemy/domains/continuous/test/auto/HierarchicalExecution.xml
1923 ms. Memory: 374784K Free: 217302K (58%)
----------------- Invoking toplevel() on ptolemy.moml.MoMLSimpleApplication@39f77a94
----------------- Done invoking toplevel() on ptolemy.moml.MoMLSimpleApplication@39f77a94
reloadAllAccessors: .HierarchicalExecution

===========================================================================================
----------------- testing Tue Jul 09 04:43:46 UTC 2019 /home/travis/build/icyphy/ptII/ptolemy/domains/continuous/test/auto/HybridPlant.xml
----------------- Instantiating /home/travis/build/icyphy/ptII/ptolemy/domains/continuous/test/auto/HybridPlant.xml
531 ms. Memory: 374784K Free: 176212K (47%)
----------------- Invoking toplevel() on ptolemy.moml.MoMLSimpleApplication@b136b1e
----------------- Done invoking toplevel() on ptolemy.moml.MoMLSimpleApplication@b136b1e
reloadAllAccessors: .HybridPlant

===========================================================================================
----------------- testing Tue Jul 09 04:43:46 UTC 2019 /home/travis/build/icyphy/ptII/ptolemy/domains/continuous/test/auto/Hysteresis.xml
----------------- Instantiating /home/travis/build/icyphy/ptII/ptolemy/domains/continuous/test/auto/Hysteresis.xml
141 ms. Memory: 374784K Free: 336574K (90%)
----------------- Invoking toplevel() on ptolemy.moml.MoMLSimpleApplication@53029ea4
----------------- Done invoking toplevel() on ptolemy.moml.MoMLSimpleApplication@53029ea4
reloadAllAccessors: .Hysteresis

===========================================================================================
----------------- testing Tue Jul 09 04:43:47 UTC 2019 /home/travis/build/icyphy/ptII/ptolemy/domains/continuous/test/auto/HysteresisWithRandomDelay.xml
----------------- Instantiating /home/travis/build/icyphy/ptII/ptolemy/domains/continuous/test/auto/HysteresisWithRandomDelay.xml
181 ms. Memory: 374784K Free: 265348K (71%)
----------------- Invoking toplevel() on ptolemy.moml.MoMLSimpleApplication@2a6508c
----------------- Done invoking toplevel() on ptolemy.moml.MoMLSimpleApplication@2a6508c
reloadAllAccessors: .HysteresisWithRandomDelay

===========================================================================================
----------------- testing Tue Jul 09 04:43:47 UTC 2019 /home/travis/build/icyphy/ptII/ptolemy/domains/continuous/test/auto/HysteresisWithRandomLosses.xml
----------------- Instantiating /home/travis/build/icyphy/ptII/ptolemy/domains/continuous/test/auto/HysteresisWithRandomLosses.xml
2339 ms. Memory: 374784K Free: 197575K (53%)
----------------- Invoking toplevel() on ptolemy.moml.MoMLSimpleApplication@89cff62
----------------- Done invoking toplevel() on ptolemy.moml.MoMLSimpleApplication@89cff62
reloadAllAccessors: .HysteresisWithRandomLosses

===========================================================================================
----------------- testing Tue Jul 09 04:43:49 UTC 2019 /home/travis/build/icyphy/ptII/ptolemy/domains/continuous/test/auto/ImmediateTransitions.xml
----------------- Instantiating /home/travis/build/icyphy/ptII/ptolemy/domains/continuous/test/auto/ImmediateTransitions.xml
9 ms. Memory: 374784K Free: 186807K (50%)
----------------- Invoking toplevel() on ptolemy.moml.MoMLSimpleApplication@5e90d8e9
----------------- Done invoking toplevel() on ptolemy.moml.MoMLSimpleApplication@5e90d8e9
reloadAllAccessors: .ImmediateTransitions

===========================================================================================
----------------- testing Tue Jul 09 04:43:49 UTC 2019 /home/travis/build/icyphy/ptII/ptolemy/domains/continuous/test/auto/ImpulseFeedback.xml
----------------- Instantiating /home/travis/build/icyphy/ptII/ptolemy/domains/continuous/test/auto/ImpulseFeedback.xml
7 ms. Memory: 374784K Free: 181191K (48%)
----------------- Invoking toplevel() on ptolemy.moml.MoMLSimpleApplication@17042d6f
----------------- Done invoking toplevel() on ptolemy.moml.MoMLSimpleApplication@17042d6f
reloadAllAccessors: .ImpulseFeedback

===========================================================================================
----------------- testing Tue Jul 09 04:43:49 UTC 2019 /home/travis/build/icyphy/ptII/ptolemy/domains/continuous/test/auto/ImpulseFeedback2.xml
----------------- Instantiating /home/travis/build/icyphy/ptII/ptolemy/domains/continuous/test/auto/ImpulseFeedback2.xml
6 ms. Memory: 374784K Free: 175557K (47%)
----------------- Invoking toplevel() on ptolemy.moml.MoMLSimpleApplication@7180ce7f
----------------- Done invoking toplevel() on ptolemy.moml.MoMLSimpleApplication@7180ce7f
reloadAllAccessors: .ImpulseFeedback2

===========================================================================================
----------------- testing Tue Jul 09 04:43:49 UTC 2019 /home/travis/build/icyphy/ptII/ptolemy/domains/continuous/test/auto/IncreasingRatePoisson.xml
----------------- Instantiating /home/travis/build/icyphy/ptII/ptolemy/domains/continuous/test/auto/IncreasingRatePoisson.xml
792 ms. Memory: 374784K Free: 292049K (78%)
----------------- Invoking toplevel() on ptolemy.moml.MoMLSimpleApplication@587aeb4f
----------------- Done invoking toplevel() on ptolemy.moml.MoMLSimpleApplication@587aeb4f
reloadAllAccessors: .IncreasingRatePoisson

===========================================================================================
----------------- testing Tue Jul 09 04:43:50 UTC 2019 /home/travis/build/icyphy/ptII/ptolemy/domains/continuous/test/auto/InitialStateFeedback.xml
----------------- Instantiating /home/travis/build/icyphy/ptII/ptolemy/domains/continuous/test/auto/InitialStateFeedback.xml
3 ms. Memory: 374784K Free: 287457K (77%)
----------------- Invoking toplevel() on ptolemy.moml.MoMLSimpleApplication@641a0f3b
----------------- Done invoking toplevel() on ptolemy.moml.MoMLSimpleApplication@641a0f3b
reloadAllAccessors: .InitialStateFeedback

===========================================================================================
----------------- testing Tue Jul 09 04:43:50 UTC 2019 /home/travis/build/icyphy/ptII/ptolemy/domains/continuous/test/auto/Integration.xml
----------------- Instantiating /home/travis/build/icyphy/ptII/ptolemy/domains/continuous/test/auto/Integration.xml
2 ms. Memory: 374784K Free: 283361K (76%)
----------------- Invoking toplevel() on ptolemy.moml.MoMLSimpleApplication@501f1de3
----------------- Done invoking toplevel() on ptolemy.moml.MoMLSimpleApplication@501f1de3
reloadAllAccessors: .Integration

===========================================================================================
----------------- testing Tue Jul 09 04:43:50 UTC 2019 /home/travis/build/icyphy/ptII/ptolemy/domains/continuous/test/auto/Integration2.xml
----------------- Instantiating /home/travis/build/icyphy/ptII/ptolemy/domains/continuous/test/auto/Integration2.xml
91 ms. Memory: 374784K Free: 269025K (72%)
----------------- Invoking toplevel() on ptolemy.moml.MoMLSimpleApplication@46f275e1
----------------- Done invoking toplevel() on ptolemy.moml.MoMLSimpleApplication@46f275e1
reloadAllAccessors: .Integration2

===========================================================================================
----------------- testing Tue Jul 09 04:43:50 UTC 2019 /home/travis/build/icyphy/ptII/ptolemy/domains/continuous/test/auto/Integration3.xml
----------------- Instantiating /home/travis/build/icyphy/ptII/ptolemy/domains/continuous/test/auto/Integration3.xml
2 ms. Memory: 374784K Free: 264415K (71%)
----------------- Invoking toplevel() on ptolemy.moml.MoMLSimpleApplication@4670a1aa
----------------- Done invoking toplevel() on ptolemy.moml.MoMLSimpleApplication@4670a1aa
reloadAllAccessors: .Integration3

===========================================================================================
----------------- testing Tue Jul 09 04:43:50 UTC 2019 /home/travis/build/icyphy/ptII/ptolemy/domains/continuous/test/auto/Integration5.xml
----------------- Instantiating /home/travis/build/icyphy/ptII/ptolemy/domains/continuous/test/auto/Integration5.xml
2 ms. Memory: 374784K Free: 260319K (69%)
----------------- Invoking toplevel() on ptolemy.moml.MoMLSimpleApplication@3e3caef
----------------- Done invoking toplevel() on ptolemy.moml.MoMLSimpleApplication@3e3caef
reloadAllAccessors: .Integration5

===========================================================================================
----------------- testing Tue Jul 09 04:43:50 UTC 2019 /home/travis/build/icyphy/ptII/ptolemy/domains/continuous/test/auto/IntegratorImpulse.xml
----------------- Instantiating /home/travis/build/icyphy/ptII/ptolemy/domains/continuous/test/auto/IntegratorImpulse.xml
2 ms. Memory: 374784K Free: 256223K (68%)
----------------- Invoking toplevel() on ptolemy.moml.MoMLSimpleApplication@5629feaf
----------------- Done invoking toplevel() on ptolemy.moml.MoMLSimpleApplication@5629feaf
reloadAllAccessors: .IntegratorImpulse

===========================================================================================
----------------- testing Tue Jul 09 04:43:50 UTC 2019 /home/travis/build/icyphy/ptII/ptolemy/domains/continuous/test/auto/IntegratorImpulse2.xml
----------------- Instantiating /home/travis/build/icyphy/ptII/ptolemy/domains/continuous/test/auto/IntegratorImpulse2.xml
4 ms. Memory: 374784K Free: 251617K (67%)
----------------- Invoking toplevel() on ptolemy.moml.MoMLSimpleApplication@48ea31d9
----------------- Done invoking toplevel() on ptolemy.moml.MoMLSimpleApplication@48ea31d9
reloadAllAccessors: .IntegratorImpulse2

===========================================================================================
----------------- testing Tue Jul 09 04:43:50 UTC 2019 /home/travis/build/icyphy/ptII/ptolemy/domains/continuous/test/auto/LevelCrossing1.xml
----------------- Instantiating /home/travis/build/icyphy/ptII/ptolemy/domains/continuous/test/auto/LevelCrossing1.xml
2 ms. Memory: 374784K Free: 246497K (66%)
----------------- Invoking toplevel() on ptolemy.moml.MoMLSimpleApplication@2d5a23a3
----------------- Done invoking toplevel() on ptolemy.moml.MoMLSimpleApplication@2d5a23a3
reloadAllAccessors: .LevelCrossing1

===========================================================================================
----------------- testing Tue Jul 09 04:43:50 UTC 2019 /home/travis/build/icyphy/ptII/ptolemy/domains/continuous/test/auto/LevelCrossing2.xml
----------------- Instantiating /home/travis/build/icyphy/ptII/ptolemy/domains/continuous/test/auto/LevelCrossing2.xml
3 ms. Memory: 374784K Free: 241377K (64%)
----------------- Invoking toplevel() on ptolemy.moml.MoMLSimpleApplication@236fa128
----------------- Done invoking toplevel() on ptolemy.moml.MoMLSimpleApplication@236fa128
reloadAllAccessors: .LevelCrossing2

===========================================================================================
----------------- testing Tue Jul 09 04:43:50 UTC 2019 /home/travis/build/icyphy/ptII/ptolemy/domains/continuous/test/auto/LevelCrossing3.xml
----------------- Instantiating /home/travis/build/icyphy/ptII/ptolemy/domains/continuous/test/auto/LevelCrossing3.xml
3 ms. Memory: 374784K Free: 236257K (63%)
----------------- Invoking toplevel() on ptolemy.moml.MoMLSimpleApplication@745f4333
----------------- Done invoking toplevel() on ptolemy.moml.MoMLSimpleApplication@745f4333
reloadAllAccessors: .LevelCrossing3

===========================================================================================
----------------- testing Tue Jul 09 04:43:50 UTC 2019 /home/travis/build/icyphy/ptII/ptolemy/domains/continuous/test/auto/LevelCrossing4.xml
----------------- Instantiating /home/travis/build/icyphy/ptII/ptolemy/domains/continuous/test/auto/LevelCrossing4.xml
3 ms. Memory: 374784K Free: 231137K (62%)
----------------- Invoking toplevel() on ptolemy.moml.MoMLSimpleApplication@3f09eede
----------------- Done invoking toplevel() on ptolemy.moml.MoMLSimpleApplication@3f09eede
reloadAllAccessors: .LevelCrossing4

===========================================================================================
----------------- testing Tue Jul 09 04:43:50 UTC 2019 /home/travis/build/icyphy/ptII/ptolemy/domains/continuous/test/auto/LevelCrossing5.xml
----------------- Instantiating /home/travis/build/icyphy/ptII/ptolemy/domains/continuous/test/auto/LevelCrossing5.xml
3 ms. Memory: 374784K Free: 226017K (60%)
----------------- Invoking toplevel() on ptolemy.moml.MoMLSimpleApplication@29f6322c
----------------- Done invoking toplevel() on ptolemy.moml.MoMLSimpleApplication@29f6322c
reloadAllAccessors: .LevelCrossing5

===========================================================================================
[...]
----------------- testing Tue Jul 09 04:44:07 UTC 2019 /home/travis/build/icyphy/ptII/ptolemy/domains/continuous/test/auto/SRinContinuous.xml
----------------- Instantiating /home/travis/build/icyphy/ptII/ptolemy/domains/continuous/test/auto/SRinContinuous.xml
4 ms. Memory: 374784K Free: 349655K (93%)
----------------- Invoking toplevel() on ptolemy.moml.MoMLSimpleApplication@1f527d9b
----------------- Done invoking toplevel() on ptolemy.moml.MoMLSimpleApplication@1f527d9b
reloadAllAccessors: .SRinContinuous

===========================================================================================
----------------- testing Tue Jul 09 04:44:07 UTC 2019 /home/travis/build/icyphy/ptII/ptolemy/domains/continuous/test/auto/SampledClocks.xml
----------------- Instantiating /home/travis/build/icyphy/ptII/ptolemy/domains/continuous/test/auto/SampledClocks.xml
7 ms. Memory: 374784K Free: 337367K (90%)
----------------- Invoking toplevel() on ptolemy.moml.MoMLSimpleApplication@1c3410a2
----------------- Done invoking toplevel() on ptolemy.moml.MoMLSimpleApplication@1c3410a2
reloadAllAccessors: .SampledClocks

===========================================================================================
----------------- testing Tue Jul 09 04:44:08 UTC 2019 /home/travis/build/icyphy/ptII/ptolemy/domains/continuous/test/auto/Satellite.xml
----------------- Instantiating /home/travis/build/icyphy/ptII/ptolemy/domains/continuous/test/auto/Satellite.xml
963 ms. Memory: 374784K Free: 146389K (39%)
----------------- Invoking toplevel() on ptolemy.moml.MoMLSimpleApplication@56268e09
----------------- Done invoking toplevel() on ptolemy.moml.MoMLSimpleApplication@56268e09
reloadAllAccessors: .Satellite

===========================================================================================
----------------- testing Tue Jul 09 04:44:08 UTC 2019 /home/travis/build/icyphy/ptII/ptolemy/domains/continuous/test/auto/SigmaDelta.xml
----------------- Instantiating /home/travis/build/icyphy/ptII/ptolemy/domains/continuous/test/auto/SigmaDelta.xml
2366 ms. Memory: 374784K Free: 330025K (88%)
----------------- Invoking toplevel() on ptolemy.moml.MoMLSimpleApplication@4d51ae44
----------------- Done invoking toplevel() on ptolemy.moml.MoMLSimpleApplication@4d51ae44
reloadAllAccessors: .SigmaDelta

===========================================================================================
----------------- testing Tue Jul 09 04:44:11 UTC 2019 /home/travis/build/icyphy/ptII/ptolemy/domains/continuous/test/auto/SingleRefinement.xml
----------------- Instantiating /home/travis/build/icyphy/ptII/ptolemy/domains/continuous/test/auto/SingleRefinement.xml
399 ms. Memory: 374784K Free: 148763K (40%)
----------------- Invoking toplevel() on ptolemy.moml.MoMLSimpleApplication@1632476a
----------------- Done invoking toplevel() on ptolemy.moml.MoMLSimpleApplication@1632476a
reloadAllAccessors: .SingleRefinement

===========================================================================================
----------------- testing Tue Jul 09 04:44:12 UTC 2019 /home/travis/build/icyphy/ptII/ptolemy/domains/continuous/test/auto/SinuBouncingBall.xml
----------------- Instantiating /home/travis/build/icyphy/ptII/ptolemy/domains/continuous/test/auto/SinuBouncingBall.xml
786 ms. Memory: 374784K Free: 159106K (42%)
----------------- Invoking toplevel() on ptolemy.moml.MoMLSimpleApplication@162045bb
----------------- Done invoking toplevel() on ptolemy.moml.MoMLSimpleApplication@162045bb
reloadAllAccessors: .SinuBouncingBall

===========================================================================================
----------------- testing Tue Jul 09 04:44:12 UTC 2019 /home/travis/build/icyphy/ptII/ptolemy/domains/continuous/test/auto/Sinusoid.xml
----------------- Instantiating /home/travis/build/icyphy/ptII/ptolemy/domains/continuous/test/auto/Sinusoid.xml
4 ms. Memory: 374784K Free: 155010K (41%)
----------------- Invoking toplevel() on ptolemy.moml.MoMLSimpleApplication@5bacf538
----------------- Done invoking toplevel() on ptolemy.moml.MoMLSimpleApplication@5bacf538
reloadAllAccessors: .Sinusoid

===========================================================================================
----------------- testing Tue Jul 09 04:44:12 UTC 2019 /home/travis/build/icyphy/ptII/ptolemy/domains/continuous/test/auto/SinusoidInNoise.xml
----------------- Instantiating /home/travis/build/icyphy/ptII/ptolemy/domains/continuous/test/auto/SinusoidInNoise.xml
997 ms. Memory: 374784K Free: 242066K (65%)
----------------- Invoking toplevel() on ptolemy.moml.MoMLSimpleApplication@4afb51c7
----------------- Done invoking toplevel() on ptolemy.moml.MoMLSimpleApplication@4afb51c7
reloadAllAccessors: .SinusoidInNoise

===========================================================================================
----------------- testing Tue Jul 09 04:44:13 UTC 2019 /home/travis/build/icyphy/ptII/ptolemy/domains/continuous/test/auto/SinusoidRK45.xml
----------------- Instantiating /home/travis/build/icyphy/ptII/ptolemy/domains/continuous/test/auto/SinusoidRK45.xml
2 ms. Memory: 374784K Free: 237703K (63%)
----------------- Invoking toplevel() on ptolemy.moml.MoMLSimpleApplication@3b4b2fb4
----------------- Done invoking toplevel() on ptolemy.moml.MoMLSimpleApplication@3b4b2fb4
reloadAllAccessors: .SinusoidRK45

===========================================================================================
----------------- testing Tue Jul 09 04:44:14 UTC 2019 /home/travis/build/icyphy/ptII/ptolemy/domains/continuous/test/auto/SinusoidWithMultipleImpulses.xml
----------------- Instantiating /home/travis/build/icyphy/ptII/ptolemy/domains/continuous/test/auto/SinusoidWithMultipleImpulses.xml
3 ms. Memory: 374784K Free: 233127K (62%)
----------------- Invoking toplevel() on ptolemy.moml.MoMLSimpleApplication@11c87cdf
----------------- Done invoking toplevel() on ptolemy.moml.MoMLSimpleApplication@11c87cdf
reloadAllAccessors: .SinusoidWithMultipleImpulses

===========================================================================================
----------------- testing Tue Jul 09 04:44:14 UTC 2019 /home/travis/build/icyphy/ptII/ptolemy/domains/continuous/test/auto/SquareWave.xml
----------------- Instantiating /home/travis/build/icyphy/ptII/ptolemy/domains/continuous/test/auto/SquareWave.xml
176 ms. Memory: 374784K Free: 205989K (55%)
----------------- Invoking toplevel() on ptolemy.moml.MoMLSimpleApplication@251627e3
----------------- Done invoking toplevel() on ptolemy.moml.MoMLSimpleApplication@251627e3
reloadAllAccessors: .SquareWave

===========================================================================================
----------------- testing Tue Jul 09 04:44:14 UTC 2019 /home/travis/build/icyphy/ptII/ptolemy/domains/continuous/test/auto/Starmac.xml
----------------- Instantiating /home/travis/build/icyphy/ptII/ptolemy/domains/continuous/test/auto/Starmac.xml
3045 ms. Memory: 374784K Free: 334695K (89%)
----------------- Invoking toplevel() on ptolemy.moml.MoMLSimpleApplication@cb96a2e
----------------- Done invoking toplevel() on ptolemy.moml.MoMLSimpleApplication@cb96a2e
reloadAllAccessors: .Starmac

===========================================================================================
----------------- testing Tue Jul 09 04:44:17 UTC 2019 /home/travis/build/icyphy/ptII/ptolemy/domains/continuous/test/auto/StaticUnits.xml
----------------- Instantiating /home/travis/build/icyphy/ptII/ptolemy/domains/continuous/test/auto/StaticUnits.xml
2249 ms. Memory: 374784K Free: 321880K (86%)
----------------- Invoking toplevel() on ptolemy.moml.MoMLSimpleApplication@41b98a7
----------------- Done invoking toplevel() on ptolemy.moml.MoMLSimpleApplication@41b98a7
reloadAllAccessors: .StaticUnits

===========================================================================================
----------------- testing Tue Jul 09 04:44:20 UTC 2019 /home/travis/build/icyphy/ptII/ptolemy/domains/continuous/test/auto/StickyMasses.xml
----------------- Instantiating /home/travis/build/icyphy/ptII/ptolemy/domains/continuous/test/auto/StickyMasses.xml
155 ms. Memory: 374784K Free: 272728K (73%)
----------------- Invoking toplevel() on ptolemy.moml.MoMLSimpleApplication@404b9a3d
----------------- Done invoking toplevel() on ptolemy.moml.MoMLSimpleApplication@404b9a3d
reloadAllAccessors: .StickyMasses

===========================================================================================
----------------- testing Tue Jul 09 04:44:20 UTC 2019 /home/travis/build/icyphy/ptII/ptolemy/domains/continuous/test/auto/StopTime.xml
----------------- Instantiating /home/travis/build/icyphy/ptII/ptolemy/domains/continuous/test/auto/StopTime.xml
47 ms. Memory: 374784K Free: 248152K (66%)
----------------- Invoking toplevel() on ptolemy.moml.MoMLSimpleApplication@78832069
----------------- Done invoking toplevel() on ptolemy.moml.MoMLSimpleApplication@78832069
reloadAllAccessors: .StopTime

===========================================================================================
----------------- testing Tue Jul 09 04:44:20 UTC 2019 /home/travis/build/icyphy/ptII/ptolemy/domains/continuous/test/auto/StopTime2.xml
----------------- Instantiating /home/travis/build/icyphy/ptII/ptolemy/domains/continuous/test/auto/StopTime2.xml
38 ms. Memory: 374784K Free: 226134K (60%)
----------------- Invoking toplevel() on ptolemy.moml.MoMLSimpleApplication@548393f3
----------------- Done invoking toplevel() on ptolemy.moml.MoMLSimpleApplication@548393f3
reloadAllAccessors: .StopTime2

===========================================================================================
----------------- testing Tue Jul 09 04:44:21 UTC 2019 /home/travis/build/icyphy/ptII/ptolemy/domains/continuous/test/auto/Switch.xml
----------------- Instantiating /home/travis/build/icyphy/ptII/ptolemy/domains/continuous/test/auto/Switch.xml
43 ms. Memory: 374784K Free: 201558K (54%)
----------------- Invoking toplevel() on ptolemy.moml.MoMLSimpleApplication@38ab9afb
----------------- Done invoking toplevel() on ptolemy.moml.MoMLSimpleApplication@38ab9afb
reloadAllAccessors: .Switch

===========================================================================================
----------------- testing Tue Jul 09 04:44:21 UTC 2019 /home/travis/build/icyphy/ptII/ptolemy/domains/continuous/test/auto/Thermostat.xml
----------------- Instantiating /home/travis/build/icyphy/ptII/ptolemy/domains/continuous/test/auto/Thermostat.xml
200 ms. Memory: 374784K Free: 348501K (93%)
----------------- Invoking toplevel() on ptolemy.moml.MoMLSimpleApplication@655c029a
----------------- Done invoking toplevel() on ptolemy.moml.MoMLSimpleApplication@655c029a
reloadAllAccessors: .Thermostat

===========================================================================================
----------------- testing Tue Jul 09 04:44:21 UTC 2019 /home/travis/build/icyphy/ptII/ptolemy/domains/continuous/test/auto/TimeDelay.xml
----------------- Instantiating /home/travis/build/icyphy/ptII/ptolemy/domains/continuous/test/auto/TimeDelay.xml
5 ms. Memory: 374784K Free: 343381K (92%)
----------------- Invoking toplevel() on ptolemy.moml.MoMLSimpleApplication@17d18bb2
----------------- Done invoking toplevel() on ptolemy.moml.MoMLSimpleApplication@17d18bb2
reloadAllAccessors: .TimeDelay

===========================================================================================
----------------- testing Tue Jul 09 04:44:21 UTC 2019 /home/travis/build/icyphy/ptII/ptolemy/domains/continuous/test/auto/TimeDelay2.xml
----------------- Instantiating /home/travis/build/icyphy/ptII/ptolemy/domains/continuous/test/auto/TimeDelay2.xml
10 ms. Memory: 374784K Free: 333651K (89%)
----------------- Invoking toplevel() on ptolemy.moml.MoMLSimpleApplication@65316c1a
----------------- Done invoking toplevel() on ptolemy.moml.MoMLSimpleApplication@65316c1a
reloadAllAccessors: .TimeDelay2

===========================================================================================
----------------- testing Tue Jul 09 04:44:21 UTC 2019 /home/travis/build/icyphy/ptII/ptolemy/domains/continuous/test/auto/TimeDelay3.xml
----------------- Instantiating /home/travis/build/icyphy/ptII/ptolemy/domains/continuous/test/auto/TimeDelay3.xml
4 ms. Memory: 374784K Free: 329043K (88%)
----------------- Invoking toplevel() on ptolemy.moml.MoMLSimpleApplication@343f9cf
----------------- Done invoking toplevel() on ptolemy.moml.MoMLSimpleApplication@343f9cf
reloadAllAccessors: .TimeDelay3

===========================================================================================
----------------- testing Tue Jul 09 04:44:21 UTC 2019 /home/travis/build/icyphy/ptII/ptolemy/domains/continuous/test/auto/TransferAbsentToInside.xml
----------------- Instantiating /home/travis/build/icyphy/ptII/ptolemy/domains/continuous/test/auto/TransferAbsentToInside.xml
33 ms. Memory: 374784K Free: 276821K (74%)
----------------- Invoking toplevel() on ptolemy.moml.MoMLSimpleApplication@79d2fc0d
----------------- Done invoking toplevel() on ptolemy.moml.MoMLSimpleApplication@79d2fc0d
reloadAllAccessors: .TransferAbsentToInside

===========================================================================================
----------------- testing Tue Jul 09 04:44:21 UTC 2019 /home/travis/build/icyphy/ptII/ptolemy/domains/continuous/test/auto/Transmission.xml
----------------- Instantiating /home/travis/build/icyphy/ptII/ptolemy/domains/continuous/test/auto/Transmission.xml
769 ms. Memory: 374784K Free: 264931K (71%)
----------------- Invoking toplevel() on ptolemy.moml.MoMLSimpleApplication@739553b7
----------------- Done invoking toplevel() on ptolemy.moml.MoMLSimpleApplication@739553b7
reloadAllAccessors: .Transmission

===========================================================================================
----------------- testing Tue Jul 09 04:44:22 UTC 2019 /home/travis/build/icyphy/ptII/ptolemy/domains/continuous/test/auto/TriggeredContinuousClock.xml
----------------- Instantiating /home/travis/build/icyphy/ptII/ptolemy/domains/continuous/test/auto/TriggeredContinuousClock.xml
35 ms. Memory: 374784K Free: 235779K (63%)
----------------- Invoking toplevel() on ptolemy.moml.MoMLSimpleApplication@2740197e
----------------- Done invoking toplevel() on ptolemy.moml.MoMLSimpleApplication@2740197e
reloadAllAccessors: .TriggeredContinuousClock

===========================================================================================
----------------- testing Tue Jul 09 04:44:22 UTC 2019 /home/travis/build/icyphy/ptII/ptolemy/domains/continuous/test/auto/TwoMachineInfiniteBusControl.xml
----------------- Instantiating /home/travis/build/icyphy/ptII/ptolemy/domains/continuous/test/auto/TwoMachineInfiniteBusControl.xml
2823 ms. Memory: 450560K Free: 235764K (52%)
----------------- Invoking toplevel() on ptolemy.moml.MoMLSimpleApplication@68893847
----------------- Done invoking toplevel() on ptolemy.moml.MoMLSimpleApplication@68893847
reloadAllAccessors: .TwoMachineInfiniteBusControl

===========================================================================================
----------------- testing Tue Jul 09 04:44:25 UTC 2019 /home/travis/build/icyphy/ptII/ptolemy/domains/continuous/test/auto/V2V.xml
----------------- Instantiating /home/travis/build/icyphy/ptII/ptolemy/domains/continuous/test/auto/V2V.xml
813 ms. Memory: 450560K Free: 313047K (69%)
----------------- Invoking toplevel() on ptolemy.moml.MoMLSimpleApplication@63ea8443
----------------- Done invoking toplevel() on ptolemy.moml.MoMLSimpleApplication@63ea8443
reloadAllAccessors: .V2V

===========================================================================================
----------------- testing Tue Jul 09 04:44:26 UTC 2019 /home/travis/build/icyphy/ptII/ptolemy/domains/continuous/test/auto/hierarchicalModalModel.xml
----------------- Instantiating /home/travis/build/icyphy/ptII/ptolemy/domains/continuous/test/auto/hierarchicalModalModel.xml
7 ms. Memory: 450560K Free: 298711K (66%)
----------------- Invoking toplevel() on ptolemy.moml.MoMLSimpleApplication@5a25fdd8
----------------- Done invoking toplevel() on ptolemy.moml.MoMLSimpleApplication@5a25fdd8
reloadAllAccessors: .hierarchicalModalModel

===========================================================================================
----------------- testing Tue Jul 09 04:44:26 UTC 2019 /home/travis/build/icyphy/ptII/ptolemy/domains/continuous/test/auto/hierarchicalModalModel1.xml
----------------- Instantiating /home/travis/build/icyphy/ptII/ptolemy/domains/continuous/test/auto/hierarchicalModalModel1.xml
8 ms. Memory: 450560K Free: 284390K (63%)
----------------- Invoking toplevel() on ptolemy.moml.MoMLSimpleApplication@15063f5a
----------------- Done invoking toplevel() on ptolemy.moml.MoMLSimpleApplication@15063f5a
reloadAllAccessors: .hierarchicalModalModel1

===========================================================================================
----------------- testing Tue Jul 09 04:44:26 UTC 2019 /home/travis/build/icyphy/ptII/ptolemy/domains/continuous/test/auto/hierarchicalModalModel2.xml
----------------- Instantiating /home/travis/build/icyphy/ptII/ptolemy/domains/continuous/test/auto/hierarchicalModalModel2.xml
13 ms. Memory: 450560K Free: 272087K (60%)
----------------- Invoking toplevel() on ptolemy.moml.MoMLSimpleApplication@206635bf
----------------- Done invoking toplevel() on ptolemy.moml.MoMLSimpleApplication@206635bf
reloadAllAccessors: .hierarchicalModalModel2

===========================================================================================
----------------- testing Tue Jul 09 04:44:26 UTC 2019 /home/travis/build/icyphy/ptII/ptolemy/domains/continuous/test/auto/hierarchicalModalModel3.xml
----------------- Instantiating /home/travis/build/icyphy/ptII/ptolemy/domains/continuous/test/auto/hierarchicalModalModel3.xml
6 ms. Memory: 450560K Free: 261352K (58%)
----------------- Invoking toplevel() on ptolemy.moml.MoMLSimpleApplication@7e476c32
----------------- Done invoking toplevel() on ptolemy.moml.MoMLSimpleApplication@7e476c32
reloadAllAccessors: .hierarchicalModalModel3

===========================================================================================
----------------- testing Tue Jul 09 04:44:26 UTC 2019 /home/travis/build/icyphy/ptII/ptolemy/domains/continuous/test/auto/hierarchicalModalModel4.xml
----------------- Instantiating /home/travis/build/icyphy/ptII/ptolemy/domains/continuous/test/auto/hierarchicalModalModel4.xml
5 ms. Memory: 450560K Free: 249574K (55%)
----------------- Invoking toplevel() on ptolemy.moml.MoMLSimpleApplication@2a419869
----------------- Done invoking toplevel() on ptolemy.moml.MoMLSimpleApplication@2a419869
reloadAllAccessors: .hierarchicalModalModel4

===========================================================================================
----------------- testing Tue Jul 09 04:44:26 UTC 2019 /home/travis/build/icyphy/ptII/ptolemy/domains/continuous/test/auto/junk.xml
----------------- Instantiating /home/travis/build/icyphy/ptII/ptolemy/domains/continuous/test/auto/junk.xml
139 ms. Memory: 450560K Free: 224488K (50%)
----------------- Invoking toplevel() on ptolemy.moml.MoMLSimpleApplication@4418f95
----------------- Done invoking toplevel() on ptolemy.moml.MoMLSimpleApplication@4418f95
reloadAllAccessors: .junk
AutoTests.java: About to close Vertx.
AutoTests.java: Vertx closed.
]]></system-out>
  <system-err><![CDATA[Warning: '.HysteresisWithRandomDelay.NonStrictTest' The test produced only 221 tokens, yet the correctValues parameter was expecting 222 tokens.
Warning: '.HysteresisWithRandomDelay.NonStrictTest2' The test produced only 220 tokens, yet the correctValues parameter was expecting 221 tokens.
Warning: '.Poisson.NonStrictTest' The test produced only 351 tokens, yet the correctValues parameter was expecting 430 tokens.
]]></system-err>
</testsuite>
