<?xml version="1.0" encoding="UTF-8" ?>
<testsuite errors="0" failures="0" hostname="travis-job-b865a23f-5dea-4adf-8659-edd48b441673" name="ptolemy.domains.continuous.test.junit.JUnitTclTest" skipped="0" tests="155" time="78.756" timestamp="2018-08-20T01:58:11">
  <properties>
[...]
</properties>
  <testcase classname="ptolemy.util.test.junit.TclTests" name="[0] ThereAreNoTclTests (RunTclFile)" time="0.001" />
  <testcase classname="ptolemy.util.test.junit.AutoKnownFailedTests" name="[0] ThereAreNoKnowFailedTests (RunModel)" time="0.001" />
  <testcase classname="ptolemy.util.test.junit.AutoNameArchTests" name="[0] ThereAreNoAutoArchTests (RunModel)" time="0.0" />
  <testcase classname="ptolemy.util.test.junit.AutoTests" name="[0] /home/travis/build/icyphy/ptII/ptolemy/domains/continuous/test/auto/BouncingBall.xml (RunModel)" time="3.248" />
  <testcase classname="ptolemy.util.test.junit.AutoTests" name="[1] /home/travis/build/icyphy/ptII/ptolemy/domains/continuous/test/auto/BouncingBallWithoutGR.xml (RunModel)" time="1.122" />
  <testcase classname="ptolemy.util.test.junit.AutoTests" name="[2] /home/travis/build/icyphy/ptII/ptolemy/domains/continuous/test/auto/Brownian.xml (RunModel)" time="0.095" />
  <testcase classname="ptolemy.util.test.junit.AutoTests" name="[3] /home/travis/build/icyphy/ptII/ptolemy/domains/continuous/test/auto/CarTracking.xml (RunModel)" time="4.463" />
  <testcase classname="ptolemy.util.test.junit.AutoTests" name="[4] /home/travis/build/icyphy/ptII/ptolemy/domains/continuous/test/auto/CartPendulum.xml (RunModel)" time="0.554" />
  <testcase classname="ptolemy.util.test.junit.AutoTests" name="[5] /home/travis/build/icyphy/ptII/ptolemy/domains/continuous/test/auto/CausalityInterface10.xml (RunModel)" time="0.054" />
  <testcase classname="ptolemy.util.test.junit.AutoTests" name="[6] /home/travis/build/icyphy/ptII/ptolemy/domains/continuous/test/auto/CausalityInterface11.xml (RunModel)" time="0.038" />
  <testcase classname="ptolemy.util.test.junit.AutoTests" name="[7] /home/travis/build/icyphy/ptII/ptolemy/domains/continuous/test/auto/CausalityInterface12.xml (RunModel)" time="0.032" />
  <testcase classname="ptolemy.util.test.junit.AutoTests" name="[8] /home/travis/build/icyphy/ptII/ptolemy/domains/continuous/test/auto/CausalityInterface13.xml (RunModel)" time="0.037" />
  <testcase classname="ptolemy.util.test.junit.AutoTests" name="[9] /home/travis/build/icyphy/ptII/ptolemy/domains/continuous/test/auto/CausalityInterface14.xml (RunModel)" time="0.034" />
  <testcase classname="ptolemy.util.test.junit.AutoTests" name="[10] /home/travis/build/icyphy/ptII/ptolemy/domains/continuous/test/auto/CausalityInterface4.xml (RunModel)" time="0.035" />
  <testcase classname="ptolemy.util.test.junit.AutoTests" name="[11] /home/travis/build/icyphy/ptII/ptolemy/domains/continuous/test/auto/CausalityInterface5.xml (RunModel)" time="0.05" />
  <testcase classname="ptolemy.util.test.junit.AutoTests" name="[12] /home/travis/build/icyphy/ptII/ptolemy/domains/continuous/test/auto/CausalityInterface6.xml (RunModel)" time="0.037" />
  <testcase classname="ptolemy.util.test.junit.AutoTests" name="[13] /home/travis/build/icyphy/ptII/ptolemy/domains/continuous/test/auto/CausalityInterface7.xml (RunModel)" time="0.064" />
  <testcase classname="ptolemy.util.test.junit.AutoTests" name="[14] /home/travis/build/icyphy/ptII/ptolemy/domains/continuous/test/auto/CausalityInterface8.xml (RunModel)" time="0.049" />
  <testcase classname="ptolemy.util.test.junit.AutoTests" name="[15] /home/travis/build/icyphy/ptII/ptolemy/domains/continuous/test/auto/CausalityInterface9.xml (RunModel)" time="0.055" />
  <testcase classname="ptolemy.util.test.junit.AutoTests" name="[16] /home/travis/build/icyphy/ptII/ptolemy/domains/continuous/test/auto/CausalityInterfaceFeedback1.xml (RunModel)" time="0.04" />
  <testcase classname="ptolemy.util.test.junit.AutoTests" name="[17] /home/travis/build/icyphy/ptII/ptolemy/domains/continuous/test/auto/CausalityInterfaceFeedback2.xml (RunModel)" time="0.041" />
  <testcase classname="ptolemy.util.test.junit.AutoTests" name="[18] /home/travis/build/icyphy/ptII/ptolemy/domains/continuous/test/auto/CompareWithCurrentTime.xml (RunModel)" time="0.04" />
  <testcase classname="ptolemy.util.test.junit.AutoTests" name="[19] /home/travis/build/icyphy/ptII/ptolemy/domains/continuous/test/auto/ComparedClocks.xml (RunModel)" time="0.082" />
  <testcase classname="ptolemy.util.test.junit.AutoTests" name="[20] /home/travis/build/icyphy/ptII/ptolemy/domains/continuous/test/auto/ContinuousAOCClone.xml (RunModel)" time="2.962" />
  <testcase classname="ptolemy.util.test.junit.AutoTests" name="[21] /home/travis/build/icyphy/ptII/ptolemy/domains/continuous/test/auto/ContinuousClock.xml (RunModel)" time="0.089" />
  <testcase classname="ptolemy.util.test.junit.AutoTests" name="[22] /home/travis/build/icyphy/ptII/ptolemy/domains/continuous/test/auto/ContinuousInContinuous.xml (RunModel)" time="0.104" />
  <testcase classname="ptolemy.util.test.junit.AutoTests" name="[23] /home/travis/build/icyphy/ptII/ptolemy/domains/continuous/test/auto/ContinuousInContinuousInContinuous.xml (RunModel)" time="0.033" />
  <testcase classname="ptolemy.util.test.junit.AutoTests" name="[24] /home/travis/build/icyphy/ptII/ptolemy/domains/continuous/test/auto/ContinuousInDE.xml (RunModel)" time="0.179" />
  <testcase classname="ptolemy.util.test.junit.AutoTests" name="[25] /home/travis/build/icyphy/ptII/ptolemy/domains/continuous/test/auto/ContinuousInDE2.xml (RunModel)" time="0.062" />
  <testcase classname="ptolemy.util.test.junit.AutoTests" name="[26] /home/travis/build/icyphy/ptII/ptolemy/domains/continuous/test/auto/ContinuousInDE3.xml (RunModel)" time="0.076" />
  <testcase classname="ptolemy.util.test.junit.AutoTests" name="[27] /home/travis/build/icyphy/ptII/ptolemy/domains/continuous/test/auto/ContinuousInDE4.xml (RunModel)" time="0.044" />
  <testcase classname="ptolemy.util.test.junit.AutoTests" name="[28] /home/travis/build/icyphy/ptII/ptolemy/domains/continuous/test/auto/ContinuousInDEDifferentRefinements.xml (RunModel)" time="0.137" />
  <testcase classname="ptolemy.util.test.junit.AutoTests" name="[29] /home/travis/build/icyphy/ptII/ptolemy/domains/continuous/test/auto/ContinuousInDEDifferentRefinementsPreemptive.xml (RunModel)" time="0.126" />
  <testcase classname="ptolemy.util.test.junit.AutoTests" name="[30] /home/travis/build/icyphy/ptII/ptolemy/domains/continuous/test/auto/ContinuousInDEInContinuous2.xml (RunModel)" time="0.069" />
  <testcase classname="ptolemy.util.test.junit.AutoTests" name="[31] /home/travis/build/icyphy/ptII/ptolemy/domains/continuous/test/auto/ContinuousInDEInContinuous3.xml (RunModel)" time="0.085" />
  <testcase classname="ptolemy.util.test.junit.AutoTests" name="[32] /home/travis/build/icyphy/ptII/ptolemy/domains/continuous/test/auto/ContinuousInDEInput.xml (RunModel)" time="0.074" />
  <testcase classname="ptolemy.util.test.junit.AutoTests" name="[33] /home/travis/build/icyphy/ptII/ptolemy/domains/continuous/test/auto/ContinuousInDEInput2.xml (RunModel)" time="0.034" />
  <testcase classname="ptolemy.util.test.junit.AutoTests" name="[34] /home/travis/build/icyphy/ptII/ptolemy/domains/continuous/test/auto/ContinuousInDEInput3.xml (RunModel)" time="0.032" />
  <testcase classname="ptolemy.util.test.junit.AutoTests" name="[35] /home/travis/build/icyphy/ptII/ptolemy/domains/continuous/test/auto/ContinuousInDESharingRefinement.xml (RunModel)" time="0.233" />
  <testcase classname="ptolemy.util.test.junit.AutoTests" name="[36] /home/travis/build/icyphy/ptII/ptolemy/domains/continuous/test/auto/ContinuousInDEwithNoPorts.xml (RunModel)" time="0.019" />
  <testcase classname="ptolemy.util.test.junit.AutoTests" name="[37] /home/travis/build/icyphy/ptII/ptolemy/domains/continuous/test/auto/ContinuousInsideDE.xml (RunModel)" time="0.106" />
  <testcase classname="ptolemy.util.test.junit.AutoTests" name="[38] /home/travis/build/icyphy/ptII/ptolemy/domains/continuous/test/auto/ContinuousMerge1.xml (RunModel)" time="0.02" />
  <testcase classname="ptolemy.util.test.junit.AutoTests" name="[39] /home/travis/build/icyphy/ptII/ptolemy/domains/continuous/test/auto/ContinuousMerge2.xml (RunModel)" time="0.057" />
  <testcase classname="ptolemy.util.test.junit.AutoTests" name="[40] /home/travis/build/icyphy/ptII/ptolemy/domains/continuous/test/auto/ContinuousMerge3.xml (RunModel)" time="0.083" />
  <testcase classname="ptolemy.util.test.junit.AutoTests" name="[41] /home/travis/build/icyphy/ptII/ptolemy/domains/continuous/test/auto/ContinuousWithinContinuous.xml (RunModel)" time="0.066" />
  <testcase classname="ptolemy.util.test.junit.AutoTests" name="[42] /home/travis/build/icyphy/ptII/ptolemy/domains/continuous/test/auto/ContinuousWithinContinuous2.xml (RunModel)" time="0.097" />
  <testcase classname="ptolemy.util.test.junit.AutoTests" name="[43] /home/travis/build/icyphy/ptII/ptolemy/domains/continuous/test/auto/ContinuousWithinContinuous3.xml (RunModel)" time="0.037" />
  <testcase classname="ptolemy.util.test.junit.AutoTests" name="[44] /home/travis/build/icyphy/ptII/ptolemy/domains/continuous/test/auto/ContinuousWithinContinuous4.xml (RunModel)" time="0.096" />
  <testcase classname="ptolemy.util.test.junit.AutoTests" name="[45] /home/travis/build/icyphy/ptII/ptolemy/domains/continuous/test/auto/ContinuousWithinContinuous5.xml (RunModel)" time="0.035" />
  <testcase classname="ptolemy.util.test.junit.AutoTests" name="[46] /home/travis/build/icyphy/ptII/ptolemy/domains/continuous/test/auto/ContinuousWithinContinuous6.xml (RunModel)" time="0.03" />
  <testcase classname="ptolemy.util.test.junit.AutoTests" name="[47] /home/travis/build/icyphy/ptII/ptolemy/domains/continuous/test/auto/ContinuousWithinContinuous7.xml (RunModel)" time="0.077" />
  <testcase classname="ptolemy.util.test.junit.AutoTests" name="[48] /home/travis/build/icyphy/ptII/ptolemy/domains/continuous/test/auto/DCMotor.xml (RunModel)" time="16.627" />
  <testcase classname="ptolemy.util.test.junit.AutoTests" name="[49] /home/travis/build/icyphy/ptII/ptolemy/domains/continuous/test/auto/DEInContinuous.xml (RunModel)" time="0.034" />
  <testcase classname="ptolemy.util.test.junit.AutoTests" name="[50] /home/travis/build/icyphy/ptII/ptolemy/domains/continuous/test/auto/DEinContinuous2.xml (RunModel)" time="0.031" />
  <testcase classname="ptolemy.util.test.junit.AutoTests" name="[51] /home/travis/build/icyphy/ptII/ptolemy/domains/continuous/test/auto/Derivative.xml (RunModel)" time="0.23" />
  <testcase classname="ptolemy.util.test.junit.AutoTests" name="[52] /home/travis/build/icyphy/ptII/ptolemy/domains/continuous/test/auto/Derivative1.xml (RunModel)" time="0.065" />
  <testcase classname="ptolemy.util.test.junit.AutoTests" name="[53] /home/travis/build/icyphy/ptII/ptolemy/domains/continuous/test/auto/DiscreteClock.xml (RunModel)" time="0.016" />
  <testcase classname="ptolemy.util.test.junit.AutoTests" name="[54] /home/travis/build/icyphy/ptII/ptolemy/domains/continuous/test/auto/EfficiencyCurve.xml (RunModel)" time="0.094" />
  <testcase classname="ptolemy.util.test.junit.AutoTests" name="[55] /home/travis/build/icyphy/ptII/ptolemy/domains/continuous/test/auto/ExponentialResponse.xml (RunModel)" time="0.165" />
  <testcase classname="ptolemy.util.test.junit.AutoTests" name="[56] /home/travis/build/icyphy/ptII/ptolemy/domains/continuous/test/auto/ExponentialResponseRK45.xml (RunModel)" time="0.041" />
  <testcase classname="ptolemy.util.test.junit.AutoTests" name="[57] /home/travis/build/icyphy/ptII/ptolemy/domains/continuous/test/auto/Friction.xml (RunModel)" time="1.723" />
  <testcase classname="ptolemy.util.test.junit.AutoTests" name="[58] /home/travis/build/icyphy/ptII/ptolemy/domains/continuous/test/auto/FurutaPendulum.xml (RunModel)" time="3.087" />
  <testcase classname="ptolemy.util.test.junit.AutoTests" name="[59] /home/travis/build/icyphy/ptII/ptolemy/domains/continuous/test/auto/HierarchicalExecution.xml (RunModel)" time="2.119" />
  <testcase classname="ptolemy.util.test.junit.AutoTests" name="[60] /home/travis/build/icyphy/ptII/ptolemy/domains/continuous/test/auto/HybridPlant.xml (RunModel)" time="0.667" />
  <testcase classname="ptolemy.util.test.junit.AutoTests" name="[61] /home/travis/build/icyphy/ptII/ptolemy/domains/continuous/test/auto/Hysteresis.xml (RunModel)" time="0.196" />
  <testcase classname="ptolemy.util.test.junit.AutoTests" name="[62] /home/travis/build/icyphy/ptII/ptolemy/domains/continuous/test/auto/HysteresisWithRandomDelay.xml (RunModel)" time="0.239" />
  <testcase classname="ptolemy.util.test.junit.AutoTests" name="[63] /home/travis/build/icyphy/ptII/ptolemy/domains/continuous/test/auto/HysteresisWithRandomLosses.xml (RunModel)" time="2.539" />
  <testcase classname="ptolemy.util.test.junit.AutoTests" name="[64] /home/travis/build/icyphy/ptII/ptolemy/domains/continuous/test/auto/ImmediateTransitions.xml (RunModel)" time="0.063" />
  <testcase classname="ptolemy.util.test.junit.AutoTests" name="[65] /home/travis/build/icyphy/ptII/ptolemy/domains/continuous/test/auto/ImpulseFeedback.xml (RunModel)" time="0.033" />
  <testcase classname="ptolemy.util.test.junit.AutoTests" name="[66] /home/travis/build/icyphy/ptII/ptolemy/domains/continuous/test/auto/ImpulseFeedback2.xml (RunModel)" time="0.02" />
  <testcase classname="ptolemy.util.test.junit.AutoTests" name="[67] /home/travis/build/icyphy/ptII/ptolemy/domains/continuous/test/auto/IncreasingRatePoisson.xml (RunModel)" time="0.83" />
  <testcase classname="ptolemy.util.test.junit.AutoTests" name="[68] /home/travis/build/icyphy/ptII/ptolemy/domains/continuous/test/auto/InitialStateFeedback.xml (RunModel)" time="0.024" />
  <testcase classname="ptolemy.util.test.junit.AutoTests" name="[69] /home/travis/build/icyphy/ptII/ptolemy/domains/continuous/test/auto/Integration.xml (RunModel)" time="0.01" />
  <testcase classname="ptolemy.util.test.junit.AutoTests" name="[70] /home/travis/build/icyphy/ptII/ptolemy/domains/continuous/test/auto/Integration2.xml (RunModel)" time="0.1" />
  <testcase classname="ptolemy.util.test.junit.AutoTests" name="[71] /home/travis/build/icyphy/ptII/ptolemy/domains/continuous/test/auto/Integration3.xml (RunModel)" time="0.013" />
  <testcase classname="ptolemy.util.test.junit.AutoTests" name="[72] /home/travis/build/icyphy/ptII/ptolemy/domains/continuous/test/auto/Integration5.xml (RunModel)" time="0.026" />
  <testcase classname="ptolemy.util.test.junit.AutoTests" name="[73] /home/travis/build/icyphy/ptII/ptolemy/domains/continuous/test/auto/IntegratorImpulse.xml (RunModel)" time="0.011" />
  <testcase classname="ptolemy.util.test.junit.AutoTests" name="[74] /home/travis/build/icyphy/ptII/ptolemy/domains/continuous/test/auto/IntegratorImpulse2.xml (RunModel)" time="0.013" />
  <testcase classname="ptolemy.util.test.junit.AutoTests" name="[75] /home/travis/build/icyphy/ptII/ptolemy/domains/continuous/test/auto/LevelCrossing1.xml (RunModel)" time="0.014" />
  <testcase classname="ptolemy.util.test.junit.AutoTests" name="[76] /home/travis/build/icyphy/ptII/ptolemy/domains/continuous/test/auto/LevelCrossing2.xml (RunModel)" time="0.014" />
  <testcase classname="ptolemy.util.test.junit.AutoTests" name="[77] /home/travis/build/icyphy/ptII/ptolemy/domains/continuous/test/auto/LevelCrossing3.xml (RunModel)" time="0.013" />
  <testcase classname="ptolemy.util.test.junit.AutoTests" name="[78] /home/travis/build/icyphy/ptII/ptolemy/domains/continuous/test/auto/LevelCrossing4.xml (RunModel)" time="0.013" />
  <testcase classname="ptolemy.util.test.junit.AutoTests" name="[79] /home/travis/build/icyphy/ptII/ptolemy/domains/continuous/test/auto/LevelCrossing5.xml (RunModel)" time="0.013" />
  <testcase classname="ptolemy.util.test.junit.AutoTests" name="[80] /home/travis/build/icyphy/ptII/ptolemy/domains/continuous/test/auto/LevelCrossing6.xml (RunModel)" time="0.031" />
  <testcase classname="ptolemy.util.test.junit.AutoTests" name="[81] /home/travis/build/icyphy/ptII/ptolemy/domains/continuous/test/auto/LevelCrossingDetector.xml (RunModel)" time="0.05" />
  <testcase classname="ptolemy.util.test.junit.AutoTests" name="[82] /home/travis/build/icyphy/ptII/ptolemy/domains/continuous/test/auto/LevelCrossingDetectorDetectingDirections.xml (RunModel)" time="0.098" />
  <testcase classname="ptolemy.util.test.junit.AutoTests" name="[83] /home/travis/build/icyphy/ptII/ptolemy/domains/continuous/test/auto/LevelCrossingDetectorDetectsGlitches.xml (RunModel)" time="0.071" />
  <testcase classname="ptolemy.util.test.junit.AutoTests" name="[84] /home/travis/build/icyphy/ptII/ptolemy/domains/continuous/test/auto/LevelCrossingNoInitialOuput.xml (RunModel)" time="0.013" />
  <testcase classname="ptolemy.util.test.junit.AutoTests" name="[85] /home/travis/build/icyphy/ptII/ptolemy/domains/continuous/test/auto/LinearStateSpaceExample.xml (RunModel)" time="0.052" />
  <testcase classname="ptolemy.util.test.junit.AutoTests" name="[86] /home/travis/build/icyphy/ptII/ptolemy/domains/continuous/test/auto/Lorenz.xml (RunModel)" time="3.938" />
  <testcase classname="ptolemy.util.test.junit.AutoTests" name="[87] /home/travis/build/icyphy/ptII/ptolemy/domains/continuous/test/auto/LorenzDifferentialSystem.xml (RunModel)" time="1.215" />
  <testcase classname="ptolemy.util.test.junit.AutoTests" name="[88] /home/travis/build/icyphy/ptII/ptolemy/domains/continuous/test/auto/LorenzDifferentialSystemWithInput.xml (RunModel)" time="1.304" />
  <testcase classname="ptolemy.util.test.junit.AutoTests" name="[89] /home/travis/build/icyphy/ptII/ptolemy/domains/continuous/test/auto/LorenzDifferentialSystemWithTime.xml (RunModel)" time="0.782" />
  <testcase classname="ptolemy.util.test.junit.AutoTests" name="[90] /home/travis/build/icyphy/ptII/ptolemy/domains/continuous/test/auto/Microsteps.xml (RunModel)" time="0.027" />
  <testcase classname="ptolemy.util.test.junit.AutoTests" name="[91] /home/travis/build/icyphy/ptII/ptolemy/domains/continuous/test/auto/Modal1.xml (RunModel)" time="0.038" />
  <testcase classname="ptolemy.util.test.junit.AutoTests" name="[92] /home/travis/build/icyphy/ptII/ptolemy/domains/continuous/test/auto/Modal2.xml (RunModel)" time="0.04" />
  <testcase classname="ptolemy.util.test.junit.AutoTests" name="[93] /home/travis/build/icyphy/ptII/ptolemy/domains/continuous/test/auto/ModalTransitionGuardWithReset.xml (RunModel)" time="0.027" />
  <testcase classname="ptolemy.util.test.junit.AutoTests" name="[94] /home/travis/build/icyphy/ptII/ptolemy/domains/continuous/test/auto/ModalTransitionGuardWithResetUsingPreemptiveTransition.xml (RunModel)" time="0.033" />
  <testcase classname="ptolemy.util.test.junit.AutoTests" name="[95] /home/travis/build/icyphy/ptII/ptolemy/domains/continuous/test/auto/ModalTransitionGuardWithResetUsingPreemptiveTransition2.xml (RunModel)" time="0.038" />
  <testcase classname="ptolemy.util.test.junit.AutoTests" name="[96] /home/travis/build/icyphy/ptII/ptolemy/domains/continuous/test/auto/ModalTransitionGuardWithResetUsingPreemptiveTransition3.xml (RunModel)" time="0.027" />
  <testcase classname="ptolemy.util.test.junit.AutoTests" name="[97] /home/travis/build/icyphy/ptII/ptolemy/domains/continuous/test/auto/NewtonsCradle.xml (RunModel)" time="0.711" />
  <testcase classname="ptolemy.util.test.junit.AutoTests" name="[98] /home/travis/build/icyphy/ptII/ptolemy/domains/continuous/test/auto/NewtonsCradleAnimated.xml (RunModel)" time="1.115" />
  <testcase classname="ptolemy.util.test.junit.AutoTests" name="[99] /home/travis/build/icyphy/ptII/ptolemy/domains/continuous/test/auto/NewtonsCradleComplicated.xml (RunModel)" time="0.882" />
  <testcase classname="ptolemy.util.test.junit.AutoTests" name="[100] /home/travis/build/icyphy/ptII/ptolemy/domains/continuous/test/auto/NewtonsCradleNondeterministic.xml (RunModel)" time="0.663" />
  <testcase classname="ptolemy.util.test.junit.AutoTests" name="[101] /home/travis/build/icyphy/ptII/ptolemy/domains/continuous/test/auto/NewtonsCradlePerfectlyInelastic1.xml (RunModel)" time="1.231" />
  <testcase classname="ptolemy.util.test.junit.AutoTests" name="[102] /home/travis/build/icyphy/ptII/ptolemy/domains/continuous/test/auto/Noise.xml (RunModel)" time="0.219" />
  <testcase classname="ptolemy.util.test.junit.AutoTests" name="[103] /home/travis/build/icyphy/ptII/ptolemy/domains/continuous/test/auto/NoiseSpectrum.xml (RunModel)" time="0.809" />
  <testcase classname="ptolemy.util.test.junit.AutoTests" name="[104] /home/travis/build/icyphy/ptII/ptolemy/domains/continuous/test/auto/ParameterizedNewtonsCradleAnimated.xml (RunModel)" time="0.419" />
  <testcase classname="ptolemy.util.test.junit.AutoTests" name="[105] /home/travis/build/icyphy/ptII/ptolemy/domains/continuous/test/auto/ParameterizedNewtonsCradleAnimatedNondeterministic.xml (RunModel)" time="1.16" />
  <testcase classname="ptolemy.util.test.junit.AutoTests" name="[106] /home/travis/build/icyphy/ptII/ptolemy/domains/continuous/test/auto/Pendulum3D.xml (RunModel)" time="0.188" />
  <testcase classname="ptolemy.util.test.junit.AutoTests" name="[107] /home/travis/build/icyphy/ptII/ptolemy/domains/continuous/test/auto/PeriodicSampler.xml (RunModel)" time="0.01" />
  <testcase classname="ptolemy.util.test.junit.AutoTests" name="[108] /home/travis/build/icyphy/ptII/ptolemy/domains/continuous/test/auto/PeriodicSampler1.xml (RunModel)" time="0.05" />
  <testcase classname="ptolemy.util.test.junit.AutoTests" name="[109] /home/travis/build/icyphy/ptII/ptolemy/domains/continuous/test/auto/PeriodicSampler2.xml (RunModel)" time="0.09" />
  <testcase classname="ptolemy.util.test.junit.AutoTests" name="[110] /home/travis/build/icyphy/ptII/ptolemy/domains/continuous/test/auto/Poisson.xml (RunModel)" time="0.516" />
  <testcase classname="ptolemy.util.test.junit.AutoTests" name="[111] /home/travis/build/icyphy/ptII/ptolemy/domains/continuous/test/auto/PoissonClock.xml (RunModel)" time="0.019" />
  <testcase classname="ptolemy.util.test.junit.AutoTests" name="[112] /home/travis/build/icyphy/ptII/ptolemy/domains/continuous/test/auto/PoissonClock2.xml (RunModel)" time="0.013" />
  <testcase classname="ptolemy.util.test.junit.AutoTests" name="[113] /home/travis/build/icyphy/ptII/ptolemy/domains/continuous/test/auto/PortParameterHierarchy.xml (RunModel)" time="0.018" />
  <testcase classname="ptolemy.util.test.junit.AutoTests" name="[114] /home/travis/build/icyphy/ptII/ptolemy/domains/continuous/test/auto/RandomHybridPlant.xml (RunModel)" time="0.542" />
  <testcase classname="ptolemy.util.test.junit.AutoTests" name="[115] /home/travis/build/icyphy/ptII/ptolemy/domains/continuous/test/auto/ResetTransitionWithStartTime1.xml (RunModel)" time="0.025" />
  <testcase classname="ptolemy.util.test.junit.AutoTests" name="[116] /home/travis/build/icyphy/ptII/ptolemy/domains/continuous/test/auto/ResetTransitionWithStartTime2.xml (RunModel)" time="0.049" />
  <testcase classname="ptolemy.util.test.junit.AutoTests" name="[117] /home/travis/build/icyphy/ptII/ptolemy/domains/continuous/test/auto/ResetTransitionWithStartTime3.xml (RunModel)" time="0.042" />
  <testcase classname="ptolemy.util.test.junit.AutoTests" name="[118] /home/travis/build/icyphy/ptII/ptolemy/domains/continuous/test/auto/ResetTransitionWithStartTime4.xml (RunModel)" time="0.032" />
  <testcase classname="ptolemy.util.test.junit.AutoTests" name="[119] /home/travis/build/icyphy/ptII/ptolemy/domains/continuous/test/auto/ResetTransitionWithStartTime5.xml (RunModel)" time="0.039" />
  <testcase classname="ptolemy.util.test.junit.AutoTests" name="[120] /home/travis/build/icyphy/ptII/ptolemy/domains/continuous/test/auto/ResetTransitionWithStartTime6.xml (RunModel)" time="0.043" />
  <testcase classname="ptolemy.util.test.junit.AutoTests" name="[121] /home/travis/build/icyphy/ptII/ptolemy/domains/continuous/test/auto/SRinContinuous.xml (RunModel)" time="0.024" />
  <testcase classname="ptolemy.util.test.junit.AutoTests" name="[122] /home/travis/build/icyphy/ptII/ptolemy/domains/continuous/test/auto/SampledClocks.xml (RunModel)" time="0.026" />
  <testcase classname="ptolemy.util.test.junit.AutoTests" name="[123] /home/travis/build/icyphy/ptII/ptolemy/domains/continuous/test/auto/Satellite.xml (RunModel)" time="0.707" />
  <testcase classname="ptolemy.util.test.junit.AutoTests" name="[124] /home/travis/build/icyphy/ptII/ptolemy/domains/continuous/test/auto/SigmaDelta.xml (RunModel)" time="2.601" />
  <testcase classname="ptolemy.util.test.junit.AutoTests" name="[125] /home/travis/build/icyphy/ptII/ptolemy/domains/continuous/test/auto/SinuBouncingBall.xml (RunModel)" time="0.816" />
  <testcase classname="ptolemy.util.test.junit.AutoTests" name="[126] /home/travis/build/icyphy/ptII/ptolemy/domains/continuous/test/auto/Sinusoid.xml (RunModel)" time="0.014" />
  <testcase classname="ptolemy.util.test.junit.AutoTests" name="[127] /home/travis/build/icyphy/ptII/ptolemy/domains/continuous/test/auto/SinusoidInNoise.xml (RunModel)" time="0.881" />
  <testcase classname="ptolemy.util.test.junit.AutoTests" name="[128] /home/travis/build/icyphy/ptII/ptolemy/domains/continuous/test/auto/SinusoidRK45.xml (RunModel)" time="0.009" />
  <testcase classname="ptolemy.util.test.junit.AutoTests" name="[129] /home/travis/build/icyphy/ptII/ptolemy/domains/continuous/test/auto/SinusoidWithMultipleImpulses.xml (RunModel)" time="0.013" />
  <testcase classname="ptolemy.util.test.junit.AutoTests" name="[130] /home/travis/build/icyphy/ptII/ptolemy/domains/continuous/test/auto/SquareWave.xml (RunModel)" time="0.176" />
  <testcase classname="ptolemy.util.test.junit.AutoTests" name="[131] /home/travis/build/icyphy/ptII/ptolemy/domains/continuous/test/auto/Starmac.xml (RunModel)" time="3.459" />
  <testcase classname="ptolemy.util.test.junit.AutoTests" name="[132] /home/travis/build/icyphy/ptII/ptolemy/domains/continuous/test/auto/StaticUnits.xml (RunModel)" time="2.584" />
  <testcase classname="ptolemy.util.test.junit.AutoTests" name="[133] /home/travis/build/icyphy/ptII/ptolemy/domains/continuous/test/auto/StickyMasses.xml (RunModel)" time="0.203" />
  <testcase classname="ptolemy.util.test.junit.AutoTests" name="[134] /home/travis/build/icyphy/ptII/ptolemy/domains/continuous/test/auto/StopTime.xml (RunModel)" time="0.069" />
  <testcase classname="ptolemy.util.test.junit.AutoTests" name="[135] /home/travis/build/icyphy/ptII/ptolemy/domains/continuous/test/auto/StopTime2.xml (RunModel)" time="0.067" />
  <testcase classname="ptolemy.util.test.junit.AutoTests" name="[136] /home/travis/build/icyphy/ptII/ptolemy/domains/continuous/test/auto/Switch.xml (RunModel)" time="0.069" />
  <testcase classname="ptolemy.util.test.junit.AutoTests" name="[137] /home/travis/build/icyphy/ptII/ptolemy/domains/continuous/test/auto/Thermostat.xml (RunModel)" time="0.232" />
  <testcase classname="ptolemy.util.test.junit.AutoTests" name="[138] /home/travis/build/icyphy/ptII/ptolemy/domains/continuous/test/auto/TimeDelay.xml (RunModel)" time="0.016" />
  <testcase classname="ptolemy.util.test.junit.AutoTests" name="[139] /home/travis/build/icyphy/ptII/ptolemy/domains/continuous/test/auto/TimeDelay2.xml (RunModel)" time="0.031" />
  <testcase classname="ptolemy.util.test.junit.AutoTests" name="[140] /home/travis/build/icyphy/ptII/ptolemy/domains/continuous/test/auto/TimeDelay3.xml (RunModel)" time="0.013" />
  <testcase classname="ptolemy.util.test.junit.AutoTests" name="[141] /home/travis/build/icyphy/ptII/ptolemy/domains/continuous/test/auto/TransferAbsentToInside.xml (RunModel)" time="0.188" />
  <testcase classname="ptolemy.util.test.junit.AutoTests" name="[142] /home/travis/build/icyphy/ptII/ptolemy/domains/continuous/test/auto/Transmission.xml (RunModel)" time="0.942" />
  <testcase classname="ptolemy.util.test.junit.AutoTests" name="[143] /home/travis/build/icyphy/ptII/ptolemy/domains/continuous/test/auto/TriggeredContinuousClock.xml (RunModel)" time="0.079" />
  <testcase classname="ptolemy.util.test.junit.AutoTests" name="[144] /home/travis/build/icyphy/ptII/ptolemy/domains/continuous/test/auto/TwoMachineInfiniteBusControl.xml (RunModel)" time="2.407" />
  <testcase classname="ptolemy.util.test.junit.AutoTests" name="[145] /home/travis/build/icyphy/ptII/ptolemy/domains/continuous/test/auto/V2V.xml (RunModel)" time="0.873" />
  <testcase classname="ptolemy.util.test.junit.AutoTests" name="[146] /home/travis/build/icyphy/ptII/ptolemy/domains/continuous/test/auto/hierarchicalModalModel.xml (RunModel)" time="0.038" />
  <testcase classname="ptolemy.util.test.junit.AutoTests" name="[147] /home/travis/build/icyphy/ptII/ptolemy/domains/continuous/test/auto/hierarchicalModalModel1.xml (RunModel)" time="0.042" />
  <testcase classname="ptolemy.util.test.junit.AutoTests" name="[148] /home/travis/build/icyphy/ptII/ptolemy/domains/continuous/test/auto/hierarchicalModalModel2.xml (RunModel)" time="0.037" />
  <testcase classname="ptolemy.util.test.junit.AutoTests" name="[149] /home/travis/build/icyphy/ptII/ptolemy/domains/continuous/test/auto/hierarchicalModalModel3.xml (RunModel)" time="0.027" />
  <testcase classname="ptolemy.util.test.junit.AutoTests" name="[150] /home/travis/build/icyphy/ptII/ptolemy/domains/continuous/test/auto/hierarchicalModalModel4.xml (RunModel)" time="0.029" />
  <testcase classname="ptolemy.util.test.junit.AutoTests" name="[151] /home/travis/build/icyphy/ptII/ptolemy/domains/continuous/test/auto/junk.xml (RunModel)" time="0.189" />
  <system-out><![CDATA[No tcl tests in /home/travis/build/icyphy/ptII/ptolemy/domains/continuous/test
No auto/knownFailedTests/*.xml tests in /home/travis/build/icyphy/ptII/ptolemy/domains/continuous/test
No auto/linux-amd64/*.xml tests in /home/travis/build/icyphy/ptII/ptolemy/domains/continuous/test
AutoTests.java: About to close Vertx.
AutoTests.java: Vertx closed.

===========================================================================================
----------------- testing Mon Aug 20 01:58:11 UTC 2018 /home/travis/build/icyphy/ptII/ptolemy/domains/continuous/test/auto/BouncingBall.xml
----------------- Instantiating /home/travis/build/icyphy/ptII/ptolemy/domains/continuous/test/auto/BouncingBall.xml
2773 ms. Memory: 331264K Free: 321929K (97%)
----------------- Invoking toplevel() on ptolemy.moml.MoMLSimpleApplication@7eed8943
----------------- Done invoking toplevel() on ptolemy.moml.MoMLSimpleApplication@7eed8943
reloadAllAccessors: .BouncingBall

===========================================================================================
----------------- testing Mon Aug 20 01:58:15 UTC 2018 /home/travis/build/icyphy/ptII/ptolemy/domains/continuous/test/auto/BouncingBallWithoutGR.xml
----------------- Instantiating /home/travis/build/icyphy/ptII/ptolemy/domains/continuous/test/auto/BouncingBallWithoutGR.xml
944 ms. Memory: 331264K Free: 134870K (41%)
----------------- Invoking toplevel() on ptolemy.moml.MoMLSimpleApplication@71aebd6a
----------------- Done invoking toplevel() on ptolemy.moml.MoMLSimpleApplication@71aebd6a
reloadAllAccessors: .BouncingBallWithoutGR

===========================================================================================
----------------- testing Mon Aug 20 01:58:16 UTC 2018 /home/travis/build/icyphy/ptII/ptolemy/domains/continuous/test/auto/Brownian.xml
----------------- Instantiating /home/travis/build/icyphy/ptII/ptolemy/domains/continuous/test/auto/Brownian.xml
35 ms. Memory: 331264K Free: 122633K (37%)
----------------- Invoking toplevel() on ptolemy.moml.MoMLSimpleApplication@4b0635e2
----------------- Done invoking toplevel() on ptolemy.moml.MoMLSimpleApplication@4b0635e2
reloadAllAccessors: .Brownian

===========================================================================================
----------------- testing Mon Aug 20 01:58:16 UTC 2018 /home/travis/build/icyphy/ptII/ptolemy/domains/continuous/test/auto/CarTracking.xml
----------------- Instantiating /home/travis/build/icyphy/ptII/ptolemy/domains/continuous/test/auto/CarTracking.xml
4002 ms. Memory: 478720K Free: 320453K (67%)
----------------- Invoking toplevel() on ptolemy.moml.MoMLSimpleApplication@320d2250
----------------- Done invoking toplevel() on ptolemy.moml.MoMLSimpleApplication@320d2250
reloadAllAccessors: .CarTracking

===========================================================================================
----------------- testing Mon Aug 20 01:58:20 UTC 2018 /home/travis/build/icyphy/ptII/ptolemy/domains/continuous/test/auto/CartPendulum.xml
----------------- Instantiating /home/travis/build/icyphy/ptII/ptolemy/domains/continuous/test/auto/CartPendulum.xml
392 ms. Memory: 478720K Free: 215111K (45%)
----------------- Invoking toplevel() on ptolemy.moml.MoMLSimpleApplication@6523bb0d
----------------- Done invoking toplevel() on ptolemy.moml.MoMLSimpleApplication@6523bb0d
reloadAllAccessors: .CartPendulum

===========================================================================================
----------------- testing Mon Aug 20 01:58:21 UTC 2018 /home/travis/build/icyphy/ptII/ptolemy/domains/continuous/test/auto/CausalityInterface10.xml
----------------- Instantiating /home/travis/build/icyphy/ptII/ptolemy/domains/continuous/test/auto/CausalityInterface10.xml
11 ms. Memory: 478720K Free: 202022K (42%)
----------------- Invoking toplevel() on ptolemy.moml.MoMLSimpleApplication@4b029a77
----------------- Done invoking toplevel() on ptolemy.moml.MoMLSimpleApplication@4b029a77
reloadAllAccessors: .CausalityInterface10

===========================================================================================
----------------- testing Mon Aug 20 01:58:21 UTC 2018 /home/travis/build/icyphy/ptII/ptolemy/domains/continuous/test/auto/CausalityInterface11.xml
----------------- Instantiating /home/travis/build/icyphy/ptII/ptolemy/domains/continuous/test/auto/CausalityInterface11.xml
9 ms. Memory: 478720K Free: 194173K (41%)
----------------- Invoking toplevel() on ptolemy.moml.MoMLSimpleApplication@726d7142
----------------- Done invoking toplevel() on ptolemy.moml.MoMLSimpleApplication@726d7142
reloadAllAccessors: .CausalityInterface11

===========================================================================================
----------------- testing Mon Aug 20 01:58:21 UTC 2018 /home/travis/build/icyphy/ptII/ptolemy/domains/continuous/test/auto/CausalityInterface12.xml
----------------- Instantiating /home/travis/build/icyphy/ptII/ptolemy/domains/continuous/test/auto/CausalityInterface12.xml
5 ms. Memory: 478720K Free: 183680K (38%)
----------------- Invoking toplevel() on ptolemy.moml.MoMLSimpleApplication@d6b6b5
----------------- Done invoking toplevel() on ptolemy.moml.MoMLSimpleApplication@d6b6b5
reloadAllAccessors: .CausalityInterface12

===========================================================================================
----------------- testing Mon Aug 20 01:58:21 UTC 2018 /home/travis/build/icyphy/ptII/ptolemy/domains/continuous/test/auto/CausalityInterface13.xml
----------------- Instantiating /home/travis/build/icyphy/ptII/ptolemy/domains/continuous/test/auto/CausalityInterface13.xml
4 ms. Memory: 478720K Free: 173219K (36%)
----------------- Invoking toplevel() on ptolemy.moml.MoMLSimpleApplication@207890eb
----------------- Done invoking toplevel() on ptolemy.moml.MoMLSimpleApplication@207890eb
reloadAllAccessors: .CausalityInterface13

===========================================================================================
----------------- testing Mon Aug 20 01:58:21 UTC 2018 /home/travis/build/icyphy/ptII/ptolemy/domains/continuous/test/auto/CausalityInterface14.xml
----------------- Instantiating /home/travis/build/icyphy/ptII/ptolemy/domains/continuous/test/auto/CausalityInterface14.xml
3 ms. Memory: 478720K Free: 161520K (34%)
----------------- Invoking toplevel() on ptolemy.moml.MoMLSimpleApplication@13d14bbe
----------------- Done invoking toplevel() on ptolemy.moml.MoMLSimpleApplication@13d14bbe
reloadAllAccessors: .CausalityInterface14

===========================================================================================
----------------- testing Mon Aug 20 01:58:21 UTC 2018 /home/travis/build/icyphy/ptII/ptolemy/domains/continuous/test/auto/CausalityInterface4.xml
----------------- Instantiating /home/travis/build/icyphy/ptII/ptolemy/domains/continuous/test/auto/CausalityInterface4.xml
3 ms. Memory: 478720K Free: 151060K (32%)
----------------- Invoking toplevel() on ptolemy.moml.MoMLSimpleApplication@25d14de6
----------------- Done invoking toplevel() on ptolemy.moml.MoMLSimpleApplication@25d14de6
reloadAllAccessors: .CausalityInterface4

===========================================================================================
----------------- testing Mon Aug 20 01:58:21 UTC 2018 /home/travis/build/icyphy/ptII/ptolemy/domains/continuous/test/auto/CausalityInterface5.xml
----------------- Instantiating /home/travis/build/icyphy/ptII/ptolemy/domains/continuous/test/auto/CausalityInterface5.xml
9 ms. Memory: 478720K Free: 140615K (29%)
----------------- Invoking toplevel() on ptolemy.moml.MoMLSimpleApplication@65aa3243
----------------- Done invoking toplevel() on ptolemy.moml.MoMLSimpleApplication@65aa3243
reloadAllAccessors: .CausalityInterface5

===========================================================================================
----------------- testing Mon Aug 20 01:58:21 UTC 2018 /home/travis/build/icyphy/ptII/ptolemy/domains/continuous/test/auto/CausalityInterface6.xml
----------------- Instantiating /home/travis/build/icyphy/ptII/ptolemy/domains/continuous/test/auto/CausalityInterface6.xml
3 ms. Memory: 478720K Free: 132765K (28%)
----------------- Invoking toplevel() on ptolemy.moml.MoMLSimpleApplication@23122a5
----------------- Done invoking toplevel() on ptolemy.moml.MoMLSimpleApplication@23122a5
reloadAllAccessors: .CausalityInterface6

===========================================================================================
----------------- testing Mon Aug 20 01:58:21 UTC 2018 /home/travis/build/icyphy/ptII/ptolemy/domains/continuous/test/auto/CausalityInterface7.xml
----------------- Instantiating /home/travis/build/icyphy/ptII/ptolemy/domains/continuous/test/auto/CausalityInterface7.xml
13 ms. Memory: 478720K Free: 119693K (25%)
----------------- Invoking toplevel() on ptolemy.moml.MoMLSimpleApplication@61052216
----------------- Done invoking toplevel() on ptolemy.moml.MoMLSimpleApplication@61052216
reloadAllAccessors: .CausalityInterface7

===========================================================================================
----------------- testing Mon Aug 20 01:58:21 UTC 2018 /home/travis/build/icyphy/ptII/ptolemy/domains/continuous/test/auto/CausalityInterface8.xml
----------------- Instantiating /home/travis/build/icyphy/ptII/ptolemy/domains/continuous/test/auto/CausalityInterface8.xml
8 ms. Memory: 478720K Free: 102748K (21%)
----------------- Invoking toplevel() on ptolemy.moml.MoMLSimpleApplication@338b4ed
----------------- Done invoking toplevel() on ptolemy.moml.MoMLSimpleApplication@338b4ed
reloadAllAccessors: .CausalityInterface8

===========================================================================================
----------------- testing Mon Aug 20 01:58:21 UTC 2018 /home/travis/build/icyphy/ptII/ptolemy/domains/continuous/test/auto/CausalityInterface9.xml
----------------- Instantiating /home/travis/build/icyphy/ptII/ptolemy/domains/continuous/test/auto/CausalityInterface9.xml
12 ms. Memory: 478720K Free: 87048K (18%)
----------------- Invoking toplevel() on ptolemy.moml.MoMLSimpleApplication@2258820d
----------------- Done invoking toplevel() on ptolemy.moml.MoMLSimpleApplication@2258820d
reloadAllAccessors: .CausalityInterface9

===========================================================================================
----------------- testing Mon Aug 20 01:58:21 UTC 2018 /home/travis/build/icyphy/ptII/ptolemy/domains/continuous/test/auto/CausalityInterfaceFeedback1.xml
----------------- Instantiating /home/travis/build/icyphy/ptII/ptolemy/domains/continuous/test/auto/CausalityInterfaceFeedback1.xml
12 ms. Memory: 455168K Free: 446578K (98%)
----------------- Invoking toplevel() on ptolemy.moml.MoMLSimpleApplication@5925cd4
----------------- Done invoking toplevel() on ptolemy.moml.MoMLSimpleApplication@5925cd4
reloadAllAccessors: .CausalityInterfaceFeedback1

===========================================================================================
----------------- testing Mon Aug 20 01:58:21 UTC 2018 /home/travis/build/icyphy/ptII/ptolemy/domains/continuous/test/auto/CausalityInterfaceFeedback2.xml
----------------- Instantiating /home/travis/build/icyphy/ptII/ptolemy/domains/continuous/test/auto/CausalityInterfaceFeedback2.xml
5 ms. Memory: 455168K Free: 432816K (95%)
----------------- Invoking toplevel() on ptolemy.moml.MoMLSimpleApplication@47f78da3
----------------- Done invoking toplevel() on ptolemy.moml.MoMLSimpleApplication@47f78da3
reloadAllAccessors: .CausalityInterfaceFeedback2

===========================================================================================
----------------- testing Mon Aug 20 01:58:21 UTC 2018 /home/travis/build/icyphy/ptII/ptolemy/domains/continuous/test/auto/CompareWithCurrentTime.xml
----------------- Instantiating /home/travis/build/icyphy/ptII/ptolemy/domains/continuous/test/auto/CompareWithCurrentTime.xml
7 ms. Memory: 455168K Free: 425333K (93%)
----------------- Invoking toplevel() on ptolemy.moml.MoMLSimpleApplication@ce53cb9
----------------- Done invoking toplevel() on ptolemy.moml.MoMLSimpleApplication@ce53cb9
reloadAllAccessors: .CompareWithCurrentTime

===========================================================================================
----------------- testing Mon Aug 20 01:58:21 UTC 2018 /home/travis/build/icyphy/ptII/ptolemy/domains/continuous/test/auto/ComparedClocks.xml
----------------- Instantiating /home/travis/build/icyphy/ptII/ptolemy/domains/continuous/test/auto/ComparedClocks.xml
7 ms. Memory: 455168K Free: 405334K (89%)
----------------- Invoking toplevel() on ptolemy.moml.MoMLSimpleApplication@5e44aa0b
----------------- Done invoking toplevel() on ptolemy.moml.MoMLSimpleApplication@5e44aa0b
reloadAllAccessors: .ComparedClocks

===========================================================================================
----------------- testing Mon Aug 20 01:58:22 UTC 2018 /home/travis/build/icyphy/ptII/ptolemy/domains/continuous/test/auto/ContinuousAOCClone.xml
----------------- Instantiating /home/travis/build/icyphy/ptII/ptolemy/domains/continuous/test/auto/ContinuousAOCClone.xml
2736 ms. Memory: 443392K Free: 231083K (52%)
----------------- Invoking toplevel() on ptolemy.moml.MoMLSimpleApplication@1f34c449
----------------- Done invoking toplevel() on ptolemy.moml.MoMLSimpleApplication@1f34c449
reloadAllAccessors: .ContinuousAOCClone

===========================================================================================
----------------- testing Mon Aug 20 01:58:24 UTC 2018 /home/travis/build/icyphy/ptII/ptolemy/domains/continuous/test/auto/ContinuousClock.xml
----------------- Instantiating /home/travis/build/icyphy/ptII/ptolemy/domains/continuous/test/auto/ContinuousClock.xml
33 ms. Memory: 443392K Free: 204459K (46%)
----------------- Invoking toplevel() on ptolemy.moml.MoMLSimpleApplication@35e4779b
----------------- Done invoking toplevel() on ptolemy.moml.MoMLSimpleApplication@35e4779b
reloadAllAccessors: .ContinuousClock

===========================================================================================
----------------- testing Mon Aug 20 01:58:25 UTC 2018 /home/travis/build/icyphy/ptII/ptolemy/domains/continuous/test/auto/ContinuousInContinuous.xml
----------------- Instantiating /home/travis/build/icyphy/ptII/ptolemy/domains/continuous/test/auto/ContinuousInContinuous.xml
50 ms. Memory: 443392K Free: 175982K (40%)
----------------- Invoking toplevel() on ptolemy.moml.MoMLSimpleApplication@218e4508
----------------- Done invoking toplevel() on ptolemy.moml.MoMLSimpleApplication@218e4508
reloadAllAccessors: .ContinuousInContinuous

===========================================================================================
----------------- testing Mon Aug 20 01:58:25 UTC 2018 /home/travis/build/icyphy/ptII/ptolemy/domains/continuous/test/auto/ContinuousInContinuousInContinuous.xml
----------------- Instantiating /home/travis/build/icyphy/ptII/ptolemy/domains/continuous/test/auto/ContinuousInContinuousInContinuous.xml
9 ms. Memory: 443392K Free: 167028K (38%)
----------------- Invoking toplevel() on ptolemy.moml.MoMLSimpleApplication@f0a2684
----------------- Done invoking toplevel() on ptolemy.moml.MoMLSimpleApplication@f0a2684
reloadAllAccessors: .ContinuousInContinuousInContinuous

===========================================================================================
----------------- testing Mon Aug 20 01:58:25 UTC 2018 /home/travis/build/icyphy/ptII/ptolemy/domains/continuous/test/auto/ContinuousInDE.xml
----------------- Instantiating /home/travis/build/icyphy/ptII/ptolemy/domains/continuous/test/auto/ContinuousInDE.xml
146 ms. Memory: 443392K Free: 152979K (35%)
----------------- Invoking toplevel() on ptolemy.moml.MoMLSimpleApplication@6b34d6ab
----------------- Done invoking toplevel() on ptolemy.moml.MoMLSimpleApplication@6b34d6ab
reloadAllAccessors: .ContinuousInDE

===========================================================================================
----------------- testing Mon Aug 20 01:58:25 UTC 2018 /home/travis/build/icyphy/ptII/ptolemy/domains/continuous/test/auto/ContinuousInDE2.xml
----------------- Instantiating /home/travis/build/icyphy/ptII/ptolemy/domains/continuous/test/auto/ContinuousInDE2.xml
46 ms. Memory: 443392K Free: 140472K (32%)
----------------- Invoking toplevel() on ptolemy.moml.MoMLSimpleApplication@2817b1b2
----------------- Done invoking toplevel() on ptolemy.moml.MoMLSimpleApplication@2817b1b2
reloadAllAccessors: .ContinuousInDE2

===========================================================================================
----------------- testing Mon Aug 20 01:58:25 UTC 2018 /home/travis/build/icyphy/ptII/ptolemy/domains/continuous/test/auto/ContinuousInDE3.xml
----------------- Instantiating /home/travis/build/icyphy/ptII/ptolemy/domains/continuous/test/auto/ContinuousInDE3.xml
51 ms. Memory: 443392K Free: 126414K (29%)
----------------- Invoking toplevel() on ptolemy.moml.MoMLSimpleApplication@2b1ef288
----------------- Done invoking toplevel() on ptolemy.moml.MoMLSimpleApplication@2b1ef288
reloadAllAccessors: .ContinuousInDE3

===========================================================================================
----------------- testing Mon Aug 20 01:58:25 UTC 2018 /home/travis/build/icyphy/ptII/ptolemy/domains/continuous/test/auto/ContinuousInDE4.xml
----------------- Instantiating /home/travis/build/icyphy/ptII/ptolemy/domains/continuous/test/auto/ContinuousInDE4.xml
17 ms. Memory: 443392K Free: 117476K (26%)
----------------- Invoking toplevel() on ptolemy.moml.MoMLSimpleApplication@3c77cde3
----------------- Done invoking toplevel() on ptolemy.moml.MoMLSimpleApplication@3c77cde3
reloadAllAccessors: .ContinuousInDE4

===========================================================================================
----------------- testing Mon Aug 20 01:58:25 UTC 2018 /home/travis/build/icyphy/ptII/ptolemy/domains/continuous/test/auto/ContinuousInDEDifferentRefinements.xml
----------------- Instantiating /home/travis/build/icyphy/ptII/ptolemy/domains/continuous/test/auto/ContinuousInDEDifferentRefinements.xml
72 ms. Memory: 443392K Free: 81806K (18%)
----------------- Invoking toplevel() on ptolemy.moml.MoMLSimpleApplication@5aca6a36
----------------- Done invoking toplevel() on ptolemy.moml.MoMLSimpleApplication@5aca6a36
reloadAllAccessors: .ContinuousInDEDifferentRefinements

===========================================================================================
----------------- testing Mon Aug 20 01:58:25 UTC 2018 /home/travis/build/icyphy/ptII/ptolemy/domains/continuous/test/auto/ContinuousInDEDifferentRefinementsPreemptive.xml
----------------- Instantiating /home/travis/build/icyphy/ptII/ptolemy/domains/continuous/test/auto/ContinuousInDEDifferentRefinementsPreemptive.xml
58 ms. Memory: 422400K Free: 383457K (91%)
----------------- Invoking toplevel() on ptolemy.moml.MoMLSimpleApplication@44e22c25
----------------- Done invoking toplevel() on ptolemy.moml.MoMLSimpleApplication@44e22c25
reloadAllAccessors: .ContinuousInDEDifferentRefinementsPreemptive

===========================================================================================
----------------- testing Mon Aug 20 01:58:25 UTC 2018 /home/travis/build/icyphy/ptII/ptolemy/domains/continuous/test/auto/ContinuousInDEInContinuous2.xml
----------------- Instantiating /home/travis/build/icyphy/ptII/ptolemy/domains/continuous/test/auto/ContinuousInDEInContinuous2.xml
42 ms. Memory: 422400K Free: 366535K (87%)
----------------- Invoking toplevel() on ptolemy.moml.MoMLSimpleApplication@139baa19
----------------- Done invoking toplevel() on ptolemy.moml.MoMLSimpleApplication@139baa19
reloadAllAccessors: .ContinuousInDEInContinuous2

===========================================================================================
----------------- testing Mon Aug 20 01:58:25 UTC 2018 /home/travis/build/icyphy/ptII/ptolemy/domains/continuous/test/auto/ContinuousInDEInContinuous3.xml
----------------- Instantiating /home/travis/build/icyphy/ptII/ptolemy/domains/continuous/test/auto/ContinuousInDEInContinuous3.xml
49 ms. Memory: 422400K Free: 349605K (83%)
----------------- Invoking toplevel() on ptolemy.moml.MoMLSimpleApplication@1a87c52a
----------------- Done invoking toplevel() on ptolemy.moml.MoMLSimpleApplication@1a87c52a
reloadAllAccessors: .ContinuousInDEInContinuous3

===========================================================================================
----------------- testing Mon Aug 20 01:58:26 UTC 2018 /home/travis/build/icyphy/ptII/ptolemy/domains/continuous/test/auto/ContinuousInDEInput.xml
----------------- Instantiating /home/travis/build/icyphy/ptII/ptolemy/domains/continuous/test/auto/ContinuousInDEInput.xml
22 ms. Memory: 422400K Free: 339501K (80%)
----------------- Invoking toplevel() on ptolemy.moml.MoMLSimpleApplication@2a3dc535
----------------- Done invoking toplevel() on ptolemy.moml.MoMLSimpleApplication@2a3dc535
reloadAllAccessors: .ContinuousInDEInput

===========================================================================================
----------------- testing Mon Aug 20 01:58:26 UTC 2018 /home/travis/build/icyphy/ptII/ptolemy/domains/continuous/test/auto/ContinuousInDEInput2.xml
----------------- Instantiating /home/travis/build/icyphy/ptII/ptolemy/domains/continuous/test/auto/ContinuousInDEInput2.xml
15 ms. Memory: 422400K Free: 329397K (78%)
----------------- Invoking toplevel() on ptolemy.moml.MoMLSimpleApplication@65a866bc
----------------- Done invoking toplevel() on ptolemy.moml.MoMLSimpleApplication@65a866bc
reloadAllAccessors: .ContinuousInDEInput2

===========================================================================================
----------------- testing Mon Aug 20 01:58:26 UTC 2018 /home/travis/build/icyphy/ptII/ptolemy/domains/continuous/test/auto/ContinuousInDEInput3.xml
----------------- Instantiating /home/travis/build/icyphy/ptII/ptolemy/domains/continuous/test/auto/ContinuousInDEInput3.xml
14 ms. Memory: 422400K Free: 320309K (76%)
----------------- Invoking toplevel() on ptolemy.moml.MoMLSimpleApplication@4f6ed80f
----------------- Done invoking toplevel() on ptolemy.moml.MoMLSimpleApplication@4f6ed80f
reloadAllAccessors: .ContinuousInDEInput3

===========================================================================================
----------------- testing Mon Aug 20 01:58:26 UTC 2018 /home/travis/build/icyphy/ptII/ptolemy/domains/continuous/test/auto/ContinuousInDESharingRefinement.xml
----------------- Instantiating /home/travis/build/icyphy/ptII/ptolemy/domains/continuous/test/auto/ContinuousInDESharingRefinement.xml
197 ms. Memory: 422400K Free: 223550K (53%)
----------------- Invoking toplevel() on ptolemy.moml.MoMLSimpleApplication@1655b6c1
----------------- Done invoking toplevel() on ptolemy.moml.MoMLSimpleApplication@1655b6c1
reloadAllAccessors: .ContinuousInDESharingRefinement

===========================================================================================
----------------- testing Mon Aug 20 01:58:26 UTC 2018 /home/travis/build/icyphy/ptII/ptolemy/domains/continuous/test/auto/ContinuousInDEwithNoPorts.xml
----------------- Instantiating /home/travis/build/icyphy/ptII/ptolemy/domains/continuous/test/auto/ContinuousInDEwithNoPorts.xml
7 ms. Memory: 422400K Free: 215716K (51%)
----------------- Invoking toplevel() on ptolemy.moml.MoMLSimpleApplication@290317eb
----------------- Done invoking toplevel() on ptolemy.moml.MoMLSimpleApplication@290317eb
reloadAllAccessors: .ContinuousInDEwithNoPorts

===========================================================================================
----------------- testing Mon Aug 20 01:58:26 UTC 2018 /home/travis/build/icyphy/ptII/ptolemy/domains/continuous/test/auto/ContinuousInsideDE.xml
----------------- Instantiating /home/travis/build/icyphy/ptII/ptolemy/domains/continuous/test/auto/ContinuousInsideDE.xml
52 ms. Memory: 422400K Free: 201087K (48%)
----------------- Invoking toplevel() on ptolemy.moml.MoMLSimpleApplication@55246d84
----------------- Done invoking toplevel() on ptolemy.moml.MoMLSimpleApplication@55246d84
reloadAllAccessors: .ContinuousInsideDE

===========================================================================================
----------------- testing Mon Aug 20 01:58:26 UTC 2018 /home/travis/build/icyphy/ptII/ptolemy/domains/continuous/test/auto/ContinuousMerge1.xml
----------------- Instantiating /home/travis/build/icyphy/ptII/ptolemy/domains/continuous/test/auto/ContinuousMerge1.xml
3 ms. Memory: 422400K Free: 193261K (46%)
----------------- Invoking toplevel() on ptolemy.moml.MoMLSimpleApplication@47e3d222
----------------- Done invoking toplevel() on ptolemy.moml.MoMLSimpleApplication@47e3d222
reloadAllAccessors: .ContinuousMerge1

===========================================================================================
----------------- testing Mon Aug 20 01:58:26 UTC 2018 /home/travis/build/icyphy/ptII/ptolemy/domains/continuous/test/auto/ContinuousMerge2.xml
----------------- Instantiating /home/travis/build/icyphy/ptII/ptolemy/domains/continuous/test/auto/ContinuousMerge2.xml
20 ms. Memory: 422400K Free: 179610K (43%)
----------------- Invoking toplevel() on ptolemy.moml.MoMLSimpleApplication@705ed743
----------------- Done invoking toplevel() on ptolemy.moml.MoMLSimpleApplication@705ed743
reloadAllAccessors: .ContinuousMerge2

===========================================================================================
----------------- testing Mon Aug 20 01:58:26 UTC 2018 /home/travis/build/icyphy/ptII/ptolemy/domains/continuous/test/auto/ContinuousMerge3.xml
----------------- Instantiating /home/travis/build/icyphy/ptII/ptolemy/domains/continuous/test/auto/ContinuousMerge3.xml
52 ms. Memory: 422400K Free: 164951K (39%)
----------------- Invoking toplevel() on ptolemy.moml.MoMLSimpleApplication@4264d518
----------------- Done invoking toplevel() on ptolemy.moml.MoMLSimpleApplication@4264d518
reloadAllAccessors: .ContinuousMerge3

===========================================================================================
----------------- testing Mon Aug 20 01:58:26 UTC 2018 /home/travis/build/icyphy/ptII/ptolemy/domains/continuous/test/auto/ContinuousWithinContinuous.xml
----------------- Instantiating /home/travis/build/icyphy/ptII/ptolemy/domains/continuous/test/auto/ContinuousWithinContinuous.xml
41 ms. Memory: 422400K Free: 152545K (36%)
----------------- Invoking toplevel() on ptolemy.moml.MoMLSimpleApplication@7ec322e3
----------------- Done invoking toplevel() on ptolemy.moml.MoMLSimpleApplication@7ec322e3
reloadAllAccessors: .ContinuousWithinContinuous

===========================================================================================
----------------- testing Mon Aug 20 01:58:26 UTC 2018 /home/travis/build/icyphy/ptII/ptolemy/domains/continuous/test/auto/ContinuousWithinContinuous2.xml
----------------- Instantiating /home/travis/build/icyphy/ptII/ptolemy/domains/continuous/test/auto/ContinuousWithinContinuous2.xml
81 ms. Memory: 422400K Free: 137902K (33%)
----------------- Invoking toplevel() on ptolemy.moml.MoMLSimpleApplication@3e72a201
----------------- Done invoking toplevel() on ptolemy.moml.MoMLSimpleApplication@3e72a201
reloadAllAccessors: .ContinuousWithinContinuous2

===========================================================================================
----------------- testing Mon Aug 20 01:58:26 UTC 2018 /home/travis/build/icyphy/ptII/ptolemy/domains/continuous/test/auto/ContinuousWithinContinuous3.xml
----------------- Instantiating /home/travis/build/icyphy/ptII/ptolemy/domains/continuous/test/auto/ContinuousWithinContinuous3.xml
14 ms. Memory: 422400K Free: 127766K (30%)
----------------- Invoking toplevel() on ptolemy.moml.MoMLSimpleApplication@7106d657
----------------- Done invoking toplevel() on ptolemy.moml.MoMLSimpleApplication@7106d657
reloadAllAccessors: .ContinuousWithinContinuous3

===========================================================================================
----------------- testing Mon Aug 20 01:58:26 UTC 2018 /home/travis/build/icyphy/ptII/ptolemy/domains/continuous/test/auto/ContinuousWithinContinuous4.xml
----------------- Instantiating /home/travis/build/icyphy/ptII/ptolemy/domains/continuous/test/auto/ContinuousWithinContinuous4.xml
77 ms. Memory: 422400K Free: 114147K (27%)
----------------- Invoking toplevel() on ptolemy.moml.MoMLSimpleApplication@31f247c1
----------------- Done invoking toplevel() on ptolemy.moml.MoMLSimpleApplication@31f247c1
reloadAllAccessors: .ContinuousWithinContinuous4

===========================================================================================
----------------- testing Mon Aug 20 01:58:27 UTC 2018 /home/travis/build/icyphy/ptII/ptolemy/domains/continuous/test/auto/ContinuousWithinContinuous5.xml
----------------- Instantiating /home/travis/build/icyphy/ptII/ptolemy/domains/continuous/test/auto/ContinuousWithinContinuous5.xml
14 ms. Memory: 422400K Free: 104051K (25%)
----------------- Invoking toplevel() on ptolemy.moml.MoMLSimpleApplication@2cbef97c
----------------- Done invoking toplevel() on ptolemy.moml.MoMLSimpleApplication@2cbef97c
reloadAllAccessors: .ContinuousWithinContinuous5

===========================================================================================
----------------- testing Mon Aug 20 01:58:27 UTC 2018 /home/travis/build/icyphy/ptII/ptolemy/domains/continuous/test/auto/ContinuousWithinContinuous6.xml
----------------- Instantiating /home/travis/build/icyphy/ptII/ptolemy/domains/continuous/test/auto/ContinuousWithinContinuous6.xml
12 ms. Memory: 422400K Free: 93963K (22%)
----------------- Invoking toplevel() on ptolemy.moml.MoMLSimpleApplication@29336c96
----------------- Done invoking toplevel() on ptolemy.moml.MoMLSimpleApplication@29336c96
reloadAllAccessors: .ContinuousWithinContinuous6

===========================================================================================
----------------- testing Mon Aug 20 01:58:27 UTC 2018 /home/travis/build/icyphy/ptII/ptolemy/domains/continuous/test/auto/ContinuousWithinContinuous7.xml
----------------- Instantiating /home/travis/build/icyphy/ptII/ptolemy/domains/continuous/test/auto/ContinuousWithinContinuous7.xml
63 ms. Memory: 422400K Free: 79320K (19%)
----------------- Invoking toplevel() on ptolemy.moml.MoMLSimpleApplication@13a8884d
----------------- Done invoking toplevel() on ptolemy.moml.MoMLSimpleApplication@13a8884d
reloadAllAccessors: .ContinuousWithinContinuous7

===========================================================================================
----------------- testing Mon Aug 20 01:58:27 UTC 2018 /home/travis/build/icyphy/ptII/ptolemy/domains/continuous/test/auto/DCMotor.xml
----------------- Instantiating /home/travis/build/icyphy/ptII/ptolemy/domains/continuous/test/auto/DCMotor.xml
16515 ms. Memory: 264192K Free: 239303K (91%)
----------------- Invoking toplevel() on ptolemy.moml.MoMLSimpleApplication@213a7c43
----------------- Done invoking toplevel() on ptolemy.moml.MoMLSimpleApplication@213a7c43
reloadAllAccessors: .DCMotor

===========================================================================================
----------------- testing Mon Aug 20 01:58:43 UTC 2018 /home/travis/build/icyphy/ptII/ptolemy/domains/continuous/test/auto/DEInContinuous.xml
----------------- Instantiating /home/travis/build/icyphy/ptII/ptolemy/domains/continuous/test/auto/DEInContinuous.xml
14 ms. Memory: 264192K Free: 226982K (86%)
----------------- Invoking toplevel() on ptolemy.moml.MoMLSimpleApplication@693621e2
----------------- Done invoking toplevel() on ptolemy.moml.MoMLSimpleApplication@693621e2
reloadAllAccessors: .DEInContinuous

===========================================================================================
----------------- testing Mon Aug 20 01:58:43 UTC 2018 /home/travis/build/icyphy/ptII/ptolemy/domains/continuous/test/auto/DEinContinuous2.xml
----------------- Instantiating /home/travis/build/icyphy/ptII/ptolemy/domains/continuous/test/auto/DEinContinuous2.xml
8 ms. Memory: 264192K Free: 215175K (81%)
----------------- Invoking toplevel() on ptolemy.moml.MoMLSimpleApplication@6f66a5d3
----------------- Done invoking toplevel() on ptolemy.moml.MoMLSimpleApplication@6f66a5d3
reloadAllAccessors: .DEinContinuous2

===========================================================================================
----------------- testing Mon Aug 20 01:58:43 UTC 2018 /home/travis/build/icyphy/ptII/ptolemy/domains/continuous/test/auto/Derivative.xml
----------------- Instantiating /home/travis/build/icyphy/ptII/ptolemy/domains/continuous/test/auto/Derivative.xml
171 ms. Memory: 264192K Free: 177756K (67%)
----------------- Invoking toplevel() on ptolemy.moml.MoMLSimpleApplication@469e293
----------------- Done invoking toplevel() on ptolemy.moml.MoMLSimpleApplication@469e293
reloadAllAccessors: .Derivative2

===========================================================================================
----------------- testing Mon Aug 20 01:58:44 UTC 2018 /home/travis/build/icyphy/ptII/ptolemy/domains/continuous/test/auto/Derivative1.xml
----------------- Instantiating /home/travis/build/icyphy/ptII/ptolemy/domains/continuous/test/auto/Derivative1.xml
25 ms. Memory: 264192K Free: 158645K (60%)
----------------- Invoking toplevel() on ptolemy.moml.MoMLSimpleApplication@50227b69
----------------- Done invoking toplevel() on ptolemy.moml.MoMLSimpleApplication@50227b69
reloadAllAccessors: .Derivative1

===========================================================================================
----------------- testing Mon Aug 20 01:58:44 UTC 2018 /home/travis/build/icyphy/ptII/ptolemy/domains/continuous/test/auto/DiscreteClock.xml
----------------- Instantiating /home/travis/build/icyphy/ptII/ptolemy/domains/continuous/test/auto/DiscreteClock.xml
5 ms. Memory: 264192K Free: 146854K (56%)
----------------- Invoking toplevel() on ptolemy.moml.MoMLSimpleApplication@8c4f3e4
----------------- Done invoking toplevel() on ptolemy.moml.MoMLSimpleApplication@8c4f3e4
reloadAllAccessors: .DiscreteClock

===========================================================================================
----------------- testing Mon Aug 20 01:58:44 UTC 2018 /home/travis/build/icyphy/ptII/ptolemy/domains/continuous/test/auto/EfficiencyCurve.xml
----------------- Instantiating /home/travis/build/icyphy/ptII/ptolemy/domains/continuous/test/auto/EfficiencyCurve.xml
65 ms. Memory: 264192K Free: 130979K (50%)
----------------- Invoking toplevel() on ptolemy.moml.MoMLSimpleApplication@10918783
----------------- Done invoking toplevel() on ptolemy.moml.MoMLSimpleApplication@10918783
reloadAllAccessors: .EfficiencyCurve

===========================================================================================
----------------- testing Mon Aug 20 01:58:44 UTC 2018 /home/travis/build/icyphy/ptII/ptolemy/domains/continuous/test/auto/ExponentialResponse.xml
----------------- Instantiating /home/travis/build/icyphy/ptII/ptolemy/domains/continuous/test/auto/ExponentialResponse.xml
139 ms. Memory: 264192K Free: 111876K (42%)
----------------- Invoking toplevel() on ptolemy.moml.MoMLSimpleApplication@64d6fd4f
----------------- Done invoking toplevel() on ptolemy.moml.MoMLSimpleApplication@64d6fd4f
reloadAllAccessors: .ExponentialResponse

===========================================================================================
----------------- testing Mon Aug 20 01:58:44 UTC 2018 /home/travis/build/icyphy/ptII/ptolemy/domains/continuous/test/auto/ExponentialResponseRK45.xml
----------------- Instantiating /home/travis/build/icyphy/ptII/ptolemy/domains/continuous/test/auto/ExponentialResponseRK45.xml
30 ms. Memory: 264192K Free: 103741K (39%)
----------------- Invoking toplevel() on ptolemy.moml.MoMLSimpleApplication@f13c1ea
----------------- Done invoking toplevel() on ptolemy.moml.MoMLSimpleApplication@f13c1ea
reloadAllAccessors: .ExponentialResponseRK45

===========================================================================================
----------------- testing Mon Aug 20 01:58:44 UTC 2018 /home/travis/build/icyphy/ptII/ptolemy/domains/continuous/test/auto/Friction.xml
----------------- Instantiating /home/travis/build/icyphy/ptII/ptolemy/domains/continuous/test/auto/Friction.xml
1613 ms. Memory: 246272K Free: 174630K (71%)
----------------- Invoking toplevel() on ptolemy.moml.MoMLSimpleApplication@187a67bc
----------------- Done invoking toplevel() on ptolemy.moml.MoMLSimpleApplication@187a67bc
reloadAllAccessors: .Friction

===========================================================================================
----------------- testing Mon Aug 20 01:58:46 UTC 2018 /home/travis/build/icyphy/ptII/ptolemy/domains/continuous/test/auto/FurutaPendulum.xml
----------------- Instantiating /home/travis/build/icyphy/ptII/ptolemy/domains/continuous/test/auto/FurutaPendulum.xml
2897 ms. Memory: 223744K Free: 116625K (52%)
----------------- Invoking toplevel() on ptolemy.moml.MoMLSimpleApplication@6b6cfde4
----------------- Done invoking toplevel() on ptolemy.moml.MoMLSimpleApplication@6b6cfde4
reloadAllAccessors: .FurutaPendulum

===========================================================================================
----------------- testing Mon Aug 20 01:58:49 UTC 2018 /home/travis/build/icyphy/ptII/ptolemy/domains/continuous/test/auto/HierarchicalExecution.xml
----------------- Instantiating /home/travis/build/icyphy/ptII/ptolemy/domains/continuous/test/auto/HierarchicalExecution.xml
1823 ms. Memory: 307200K Free: 206090K (67%)
----------------- Invoking toplevel() on ptolemy.moml.MoMLSimpleApplication@758676a0
----------------- Done invoking toplevel() on ptolemy.moml.MoMLSimpleApplication@758676a0
reloadAllAccessors: .HierarchicalExecution

===========================================================================================
----------------- testing Mon Aug 20 01:58:51 UTC 2018 /home/travis/build/icyphy/ptII/ptolemy/domains/continuous/test/auto/HybridPlant.xml
----------------- Instantiating /home/travis/build/icyphy/ptII/ptolemy/domains/continuous/test/auto/HybridPlant.xml
594 ms. Memory: 360448K Free: 205655K (57%)
----------------- Invoking toplevel() on ptolemy.moml.MoMLSimpleApplication@6dd57211
----------------- Done invoking toplevel() on ptolemy.moml.MoMLSimpleApplication@6dd57211
reloadAllAccessors: .HybridPlant

===========================================================================================
----------------- testing Mon Aug 20 01:58:52 UTC 2018 /home/travis/build/icyphy/ptII/ptolemy/domains/continuous/test/auto/Hysteresis.xml
----------------- Instantiating /home/travis/build/icyphy/ptII/ptolemy/domains/continuous/test/auto/Hysteresis.xml
157 ms. Memory: 360448K Free: 141546K (39%)
----------------- Invoking toplevel() on ptolemy.moml.MoMLSimpleApplication@62eaff38
----------------- Done invoking toplevel() on ptolemy.moml.MoMLSimpleApplication@62eaff38
reloadAllAccessors: .Hysteresis

===========================================================================================
----------------- testing Mon Aug 20 01:58:52 UTC 2018 /home/travis/build/icyphy/ptII/ptolemy/domains/continuous/test/auto/HysteresisWithRandomDelay.xml
----------------- Instantiating /home/travis/build/icyphy/ptII/ptolemy/domains/continuous/test/auto/HysteresisWithRandomDelay.xml
183 ms. Memory: 360448K Free: 62341K (17%)
----------------- Invoking toplevel() on ptolemy.moml.MoMLSimpleApplication@1dca26d5
----------------- Done invoking toplevel() on ptolemy.moml.MoMLSimpleApplication@1dca26d5
reloadAllAccessors: .HysteresisWithRandomDelay

===========================================================================================
----------------- testing Mon Aug 20 01:58:52 UTC 2018 /home/travis/build/icyphy/ptII/ptolemy/domains/continuous/test/auto/HysteresisWithRandomLosses.xml
----------------- Instantiating /home/travis/build/icyphy/ptII/ptolemy/domains/continuous/test/auto/HysteresisWithRandomLosses.xml
2446 ms. Memory: 518144K Free: 85995K (17%)
----------------- Invoking toplevel() on ptolemy.moml.MoMLSimpleApplication@7cdd558e
----------------- Done invoking toplevel() on ptolemy.moml.MoMLSimpleApplication@7cdd558e
reloadAllAccessors: .HysteresisWithRandomLosses

===========================================================================================
----------------- testing Mon Aug 20 01:58:55 UTC 2018 /home/travis/build/icyphy/ptII/ptolemy/domains/continuous/test/auto/ImmediateTransitions.xml
----------------- Instantiating /home/travis/build/icyphy/ptII/ptolemy/domains/continuous/test/auto/ImmediateTransitions.xml
23 ms. Memory: 518144K Free: 69382K (13%)
----------------- Invoking toplevel() on ptolemy.moml.MoMLSimpleApplication@51f011c4
----------------- Done invoking toplevel() on ptolemy.moml.MoMLSimpleApplication@51f011c4
reloadAllAccessors: .ImmediateTransitions

===========================================================================================
----------------- testing Mon Aug 20 01:58:55 UTC 2018 /home/travis/build/icyphy/ptII/ptolemy/domains/continuous/test/auto/ImpulseFeedback.xml
----------------- Instantiating /home/travis/build/icyphy/ptII/ptolemy/domains/continuous/test/auto/ImpulseFeedback.xml
12 ms. Memory: 518144K Free: 59766K (12%)
----------------- Invoking toplevel() on ptolemy.moml.MoMLSimpleApplication@1a386108
----------------- Done invoking toplevel() on ptolemy.moml.MoMLSimpleApplication@1a386108
reloadAllAccessors: .ImpulseFeedback

===========================================================================================
----------------- testing Mon Aug 20 01:58:55 UTC 2018 /home/travis/build/icyphy/ptII/ptolemy/domains/continuous/test/auto/ImpulseFeedback2.xml
----------------- Instantiating /home/travis/build/icyphy/ptII/ptolemy/domains/continuous/test/auto/ImpulseFeedback2.xml
7 ms. Memory: 518144K Free: 50152K (10%)
----------------- Invoking toplevel() on ptolemy.moml.MoMLSimpleApplication@6036ae56
----------------- Done invoking toplevel() on ptolemy.moml.MoMLSimpleApplication@6036ae56
reloadAllAccessors: .ImpulseFeedback2

===========================================================================================
----------------- testing Mon Aug 20 01:58:55 UTC 2018 /home/travis/build/icyphy/ptII/ptolemy/domains/continuous/test/auto/IncreasingRatePoisson.xml
----------------- Instantiating /home/travis/build/icyphy/ptII/ptolemy/domains/continuous/test/auto/IncreasingRatePoisson.xml
795 ms. Memory: 496640K Free: 152627K (31%)
----------------- Invoking toplevel() on ptolemy.moml.MoMLSimpleApplication@81187f
----------------- Done invoking toplevel() on ptolemy.moml.MoMLSimpleApplication@81187f
reloadAllAccessors: .IncreasingRatePoisson

===========================================================================================
----------------- testing Mon Aug 20 01:58:56 UTC 2018 /home/travis/build/icyphy/ptII/ptolemy/domains/continuous/test/auto/InitialStateFeedback.xml
----------------- Instantiating /home/travis/build/icyphy/ptII/ptolemy/domains/continuous/test/auto/InitialStateFeedback.xml
8 ms. Memory: 496640K Free: 143388K (29%)
----------------- Invoking toplevel() on ptolemy.moml.MoMLSimpleApplication@a67dd1e
----------------- Done invoking toplevel() on ptolemy.moml.MoMLSimpleApplication@a67dd1e
reloadAllAccessors: .InitialStateFeedback

===========================================================================================
----------------- testing Mon Aug 20 01:58:56 UTC 2018 /home/travis/build/icyphy/ptII/ptolemy/domains/continuous/test/auto/Integration.xml
----------------- Instantiating /home/travis/build/icyphy/ptII/ptolemy/domains/continuous/test/auto/Integration.xml
1 ms. Memory: 496640K Free: 137057K (28%)
----------------- Invoking toplevel() on ptolemy.moml.MoMLSimpleApplication@1a8e60e2
----------------- Done invoking toplevel() on ptolemy.moml.MoMLSimpleApplication@1a8e60e2
reloadAllAccessors: .Integration

===========================================================================================
----------------- testing Mon Aug 20 01:58:56 UTC 2018 /home/travis/build/icyphy/ptII/ptolemy/domains/continuous/test/auto/Integration2.xml
----------------- Instantiating /home/travis/build/icyphy/ptII/ptolemy/domains/continuous/test/auto/Integration2.xml
89 ms. Memory: 496640K Free: 116736K (24%)
----------------- Invoking toplevel() on ptolemy.moml.MoMLSimpleApplication@1295f3a1
----------------- Done invoking toplevel() on ptolemy.moml.MoMLSimpleApplication@1295f3a1
reloadAllAccessors: .Integration2

===========================================================================================
----------------- testing Mon Aug 20 01:58:56 UTC 2018 /home/travis/build/icyphy/ptII/ptolemy/domains/continuous/test/auto/Integration3.xml
----------------- Instantiating /home/travis/build/icyphy/ptII/ptolemy/domains/continuous/test/auto/Integration3.xml
2 ms. Memory: 496640K Free: 107638K (22%)
----------------- Invoking toplevel() on ptolemy.moml.MoMLSimpleApplication@41199b61
----------------- Done invoking toplevel() on ptolemy.moml.MoMLSimpleApplication@41199b61
reloadAllAccessors: .Integration3

===========================================================================================
----------------- testing Mon Aug 20 01:58:56 UTC 2018 /home/travis/build/icyphy/ptII/ptolemy/domains/continuous/test/auto/Integration5.xml
----------------- Instantiating /home/travis/build/icyphy/ptII/ptolemy/domains/continuous/test/auto/Integration5.xml
3 ms. Memory: 496640K Free: 98398K (20%)
----------------- Invoking toplevel() on ptolemy.moml.MoMLSimpleApplication@e3c7e2c
----------------- Done invoking toplevel() on ptolemy.moml.MoMLSimpleApplication@e3c7e2c
reloadAllAccessors: .Integration5

===========================================================================================
----------------- testing Mon Aug 20 01:58:56 UTC 2018 /home/travis/build/icyphy/ptII/ptolemy/domains/continuous/test/auto/IntegratorImpulse.xml
----------------- Instantiating /home/travis/build/icyphy/ptII/ptolemy/domains/continuous/test/auto/IntegratorImpulse.xml
2 ms. Memory: 496640K Free: 92067K (19%)
----------------- Invoking toplevel() on ptolemy.moml.MoMLSimpleApplication@4c251d6
----------------- Done invoking toplevel() on ptolemy.moml.MoMLSimpleApplication@4c251d6
reloadAllAccessors: .IntegratorImpulse

===========================================================================================
----------------- testing Mon Aug 20 01:58:56 UTC 2018 /home/travis/build/icyphy/ptII/ptolemy/domains/continuous/test/auto/IntegratorImpulse2.xml
----------------- Instantiating /home/travis/build/icyphy/ptII/ptolemy/domains/continuous/test/auto/IntegratorImpulse2.xml
4 ms. Memory: 496640K Free: 82944K (17%)
----------------- Invoking toplevel() on ptolemy.moml.MoMLSimpleApplication@4f55b532
----------------- Done invoking toplevel() on ptolemy.moml.MoMLSimpleApplication@4f55b532
reloadAllAccessors: .IntegratorImpulse2

===========================================================================================
----------------- testing Mon Aug 20 01:58:56 UTC 2018 /home/travis/build/icyphy/ptII/ptolemy/domains/continuous/test/auto/LevelCrossing1.xml
----------------- Instantiating /home/travis/build/icyphy/ptII/ptolemy/domains/continuous/test/auto/LevelCrossing1.xml
3 ms. Memory: 496640K Free: 73696K (15%)
----------------- Invoking toplevel() on ptolemy.moml.MoMLSimpleApplication@667b80f7
----------------- Done invoking toplevel() on ptolemy.moml.MoMLSimpleApplication@667b80f7
reloadAllAccessors: .LevelCrossing1

===========================================================================================
----------------- testing Mon Aug 20 01:58:56 UTC 2018 /home/travis/build/icyphy/ptII/ptolemy/domains/continuous/test/auto/LevelCrossing2.xml
----------------- Instantiating /home/travis/build/icyphy/ptII/ptolemy/domains/continuous/test/auto/LevelCrossing2.xml
4 ms. Memory: 496640K Free: 64581K (13%)
----------------- Invoking toplevel() on ptolemy.moml.MoMLSimpleApplication@4a76dc07
----------------- Done invoking toplevel() on ptolemy.moml.MoMLSimpleApplication@4a76dc07
reloadAllAccessors: .LevelCrossing2

===========================================================================================
----------------- testing Mon Aug 20 01:58:56 UTC 2018 /home/travis/build/icyphy/ptII/ptolemy/domains/continuous/test/auto/LevelCrossing3.xml
----------------- Instantiating /home/travis/build/icyphy/ptII/ptolemy/domains/continuous/test/auto/LevelCrossing3.xml
2 ms. Memory: 496640K Free: 55334K (11%)
----------------- Invoking toplevel() on ptolemy.moml.MoMLSimpleApplication@46b958ba
----------------- Done invoking toplevel() on ptolemy.moml.MoMLSimpleApplication@46b958ba
reloadAllAccessors: .LevelCrossing3

===========================================================================================
----------------- testing Mon Aug 20 01:58:56 UTC 2018 /home/travis/build/icyphy/ptII/ptolemy/domains/continuous/test/auto/LevelCrossing4.xml
----------------- Instantiating /home/travis/build/icyphy/ptII/ptolemy/domains/continuous/test/auto/LevelCrossing4.xml
3 ms. Memory: 496640K Free: 47230K (10%)
----------------- Invoking toplevel() on ptolemy.moml.MoMLSimpleApplication@7e8f8f3d
----------------- Done invoking toplevel() on ptolemy.moml.MoMLSimpleApplication@7e8f8f3d
reloadAllAccessors: .LevelCrossing4

===========================================================================================
----------------- testing Mon Aug 20 01:58:56 UTC 2018 /home/travis/build/icyphy/ptII/ptolemy/domains/continuous/test/auto/LevelCrossing5.xml
----------------- Instantiating /home/travis/build/icyphy/ptII/ptolemy/domains/continuous/test/auto/LevelCrossing5.xml
3 ms. Memory: 483328K Free: 440173K (91%)
----------------- Invoking toplevel() on ptolemy.moml.MoMLSimpleApplication@7476c901
----------------- Done invoking toplevel() on ptolemy.moml.MoMLSimpleApplication@7476c901
reloadAllAccessors: .LevelCrossing5

===========================================================================================
----------------- testing Mon Aug 20 01:58:56 UTC 2018 /home/travis/build/icyphy/ptII/ptolemy/domains/continuous/test/auto/LevelCrossing6.xml
----------------- Instantiating /home/travis/build/icyphy/ptII/ptolemy/domains/continuous/test/auto/LevelCrossing6.xml
3 ms. Memory: 483328K Free: 431371K (89%)
[...]
----------------- testing Mon Aug 20 01:59:13 UTC 2018 /home/travis/build/icyphy/ptII/ptolemy/domains/continuous/test/auto/ResetTransitionWithStartTime6.xml
----------------- Instantiating /home/travis/build/icyphy/ptII/ptolemy/domains/continuous/test/auto/ResetTransitionWithStartTime6.xml
26 ms. Memory: 302080K Free: 70812K (23%)
----------------- Invoking toplevel() on ptolemy.moml.MoMLSimpleApplication@98ba819
----------------- Done invoking toplevel() on ptolemy.moml.MoMLSimpleApplication@98ba819
reloadAllAccessors: .ResetTransitionWithStartTime6

===========================================================================================
----------------- testing Mon Aug 20 01:59:13 UTC 2018 /home/travis/build/icyphy/ptII/ptolemy/domains/continuous/test/auto/SRinContinuous.xml
----------------- Instantiating /home/travis/build/icyphy/ptII/ptolemy/domains/continuous/test/auto/SRinContinuous.xml
4 ms. Memory: 302080K Free: 61039K (20%)
----------------- Invoking toplevel() on ptolemy.moml.MoMLSimpleApplication@28bdca62
----------------- Done invoking toplevel() on ptolemy.moml.MoMLSimpleApplication@28bdca62
reloadAllAccessors: .SRinContinuous

===========================================================================================
----------------- testing Mon Aug 20 01:59:13 UTC 2018 /home/travis/build/icyphy/ptII/ptolemy/domains/continuous/test/auto/SampledClocks.xml
----------------- Instantiating /home/travis/build/icyphy/ptII/ptolemy/domains/continuous/test/auto/SampledClocks.xml
4 ms. Memory: 302080K Free: 51274K (17%)
----------------- Invoking toplevel() on ptolemy.moml.MoMLSimpleApplication@4a9f59ae
----------------- Done invoking toplevel() on ptolemy.moml.MoMLSimpleApplication@4a9f59ae
reloadAllAccessors: .SampledClocks

===========================================================================================
----------------- testing Mon Aug 20 01:59:13 UTC 2018 /home/travis/build/icyphy/ptII/ptolemy/domains/continuous/test/auto/Satellite.xml
----------------- Instantiating /home/travis/build/icyphy/ptII/ptolemy/domains/continuous/test/auto/Satellite.xml
674 ms. Memory: 292864K Free: 82508K (28%)
----------------- Invoking toplevel() on ptolemy.moml.MoMLSimpleApplication@6bdb40b1
----------------- Done invoking toplevel() on ptolemy.moml.MoMLSimpleApplication@6bdb40b1
reloadAllAccessors: .Satellite

===========================================================================================
----------------- testing Mon Aug 20 01:59:13 UTC 2018 /home/travis/build/icyphy/ptII/ptolemy/domains/continuous/test/auto/SigmaDelta.xml
----------------- Instantiating /home/travis/build/icyphy/ptII/ptolemy/domains/continuous/test/auto/SigmaDelta.xml
2454 ms. Memory: 325632K Free: 204647K (63%)
----------------- Invoking toplevel() on ptolemy.moml.MoMLSimpleApplication@7d126a78
----------------- Done invoking toplevel() on ptolemy.moml.MoMLSimpleApplication@7d126a78
reloadAllAccessors: .SigmaDelta

===========================================================================================
----------------- testing Mon Aug 20 01:59:16 UTC 2018 /home/travis/build/icyphy/ptII/ptolemy/domains/continuous/test/auto/SinuBouncingBall.xml
----------------- Instantiating /home/travis/build/icyphy/ptII/ptolemy/domains/continuous/test/auto/SinuBouncingBall.xml
721 ms. Memory: 316416K Free: 217258K (69%)
----------------- Invoking toplevel() on ptolemy.moml.MoMLSimpleApplication@20e8bd00
----------------- Done invoking toplevel() on ptolemy.moml.MoMLSimpleApplication@20e8bd00
reloadAllAccessors: .SinuBouncingBall

===========================================================================================
----------------- testing Mon Aug 20 01:59:17 UTC 2018 /home/travis/build/icyphy/ptII/ptolemy/domains/continuous/test/auto/Sinusoid.xml
----------------- Instantiating /home/travis/build/icyphy/ptII/ptolemy/domains/continuous/test/auto/Sinusoid.xml
5 ms. Memory: 316416K Free: 210523K (67%)
----------------- Invoking toplevel() on ptolemy.moml.MoMLSimpleApplication@7fffa836
----------------- Done invoking toplevel() on ptolemy.moml.MoMLSimpleApplication@7fffa836
reloadAllAccessors: .Sinusoid

===========================================================================================
----------------- testing Mon Aug 20 01:59:17 UTC 2018 /home/travis/build/icyphy/ptII/ptolemy/domains/continuous/test/auto/SinusoidInNoise.xml
----------------- Instantiating /home/travis/build/icyphy/ptII/ptolemy/domains/continuous/test/auto/SinusoidInNoise.xml
842 ms. Memory: 316416K Free: 13146K (4%)
----------------- Invoking toplevel() on ptolemy.moml.MoMLSimpleApplication@747d8a9f
----------------- Done invoking toplevel() on ptolemy.moml.MoMLSimpleApplication@747d8a9f
reloadAllAccessors: .SinusoidInNoise

===========================================================================================
----------------- testing Mon Aug 20 01:59:18 UTC 2018 /home/travis/build/icyphy/ptII/ptolemy/domains/continuous/test/auto/SinusoidRK45.xml
----------------- Instantiating /home/travis/build/icyphy/ptII/ptolemy/domains/continuous/test/auto/SinusoidRK45.xml
1 ms. Memory: 304640K Free: 227121K (75%)
----------------- Invoking toplevel() on ptolemy.moml.MoMLSimpleApplication@3770b9da
----------------- Done invoking toplevel() on ptolemy.moml.MoMLSimpleApplication@3770b9da
reloadAllAccessors: .SinusoidRK45

===========================================================================================
----------------- testing Mon Aug 20 01:59:18 UTC 2018 /home/travis/build/icyphy/ptII/ptolemy/domains/continuous/test/auto/SinusoidWithMultipleImpulses.xml
----------------- Instantiating /home/travis/build/icyphy/ptII/ptolemy/domains/continuous/test/auto/SinusoidWithMultipleImpulses.xml
3 ms. Memory: 304640K Free: 219452K (72%)
----------------- Invoking toplevel() on ptolemy.moml.MoMLSimpleApplication@52485dd
----------------- Done invoking toplevel() on ptolemy.moml.MoMLSimpleApplication@52485dd
reloadAllAccessors: .SinusoidWithMultipleImpulses

===========================================================================================
----------------- testing Mon Aug 20 01:59:18 UTC 2018 /home/travis/build/icyphy/ptII/ptolemy/domains/continuous/test/auto/SquareWave.xml
----------------- Instantiating /home/travis/build/icyphy/ptII/ptolemy/domains/continuous/test/auto/SquareWave.xml
145 ms. Memory: 304640K Free: 191704K (63%)
----------------- Invoking toplevel() on ptolemy.moml.MoMLSimpleApplication@1141101e
----------------- Done invoking toplevel() on ptolemy.moml.MoMLSimpleApplication@1141101e
reloadAllAccessors: .SquareWave

===========================================================================================
----------------- testing Mon Aug 20 01:59:18 UTC 2018 /home/travis/build/icyphy/ptII/ptolemy/domains/continuous/test/auto/Starmac.xml
----------------- Instantiating /home/travis/build/icyphy/ptII/ptolemy/domains/continuous/test/auto/Starmac.xml
3070 ms. Memory: 354304K Free: 92000K (26%)
----------------- Invoking toplevel() on ptolemy.moml.MoMLSimpleApplication@59045e50
----------------- Done invoking toplevel() on ptolemy.moml.MoMLSimpleApplication@59045e50
reloadAllAccessors: .Starmac

===========================================================================================
----------------- testing Mon Aug 20 01:59:21 UTC 2018 /home/travis/build/icyphy/ptII/ptolemy/domains/continuous/test/auto/StaticUnits.xml
----------------- Instantiating /home/travis/build/icyphy/ptII/ptolemy/domains/continuous/test/auto/StaticUnits.xml
1982 ms. Memory: 444416K Free: 361063K (81%)
----------------- Invoking toplevel() on ptolemy.moml.MoMLSimpleApplication@34b7bf87
----------------- Done invoking toplevel() on ptolemy.moml.MoMLSimpleApplication@34b7bf87
reloadAllAccessors: .StaticUnits

===========================================================================================
----------------- testing Mon Aug 20 01:59:24 UTC 2018 /home/travis/build/icyphy/ptII/ptolemy/domains/continuous/test/auto/StickyMasses.xml
----------------- Instantiating /home/travis/build/icyphy/ptII/ptolemy/domains/continuous/test/auto/StickyMasses.xml
143 ms. Memory: 444416K Free: 303023K (68%)
----------------- Invoking toplevel() on ptolemy.moml.MoMLSimpleApplication@5e8dbf8e
----------------- Done invoking toplevel() on ptolemy.moml.MoMLSimpleApplication@5e8dbf8e
reloadAllAccessors: .StickyMasses

===========================================================================================
----------------- testing Mon Aug 20 01:59:24 UTC 2018 /home/travis/build/icyphy/ptII/ptolemy/domains/continuous/test/auto/StopTime.xml
----------------- Instantiating /home/travis/build/icyphy/ptII/ptolemy/domains/continuous/test/auto/StopTime.xml
44 ms. Memory: 444416K Free: 271810K (61%)
----------------- Invoking toplevel() on ptolemy.moml.MoMLSimpleApplication@3c44b8cf
----------------- Done invoking toplevel() on ptolemy.moml.MoMLSimpleApplication@3c44b8cf
reloadAllAccessors: .StopTime

===========================================================================================
----------------- testing Mon Aug 20 01:59:24 UTC 2018 /home/travis/build/icyphy/ptII/ptolemy/domains/continuous/test/auto/StopTime2.xml
----------------- Instantiating /home/travis/build/icyphy/ptII/ptolemy/domains/continuous/test/auto/StopTime2.xml
42 ms. Memory: 444416K Free: 245619K (55%)
----------------- Invoking toplevel() on ptolemy.moml.MoMLSimpleApplication@181eee51
----------------- Done invoking toplevel() on ptolemy.moml.MoMLSimpleApplication@181eee51
reloadAllAccessors: .StopTime2

===========================================================================================
----------------- testing Mon Aug 20 01:59:24 UTC 2018 /home/travis/build/icyphy/ptII/ptolemy/domains/continuous/test/auto/Switch.xml
----------------- Instantiating /home/travis/build/icyphy/ptII/ptolemy/domains/continuous/test/auto/Switch.xml
43 ms. Memory: 444416K Free: 214358K (48%)
----------------- Invoking toplevel() on ptolemy.moml.MoMLSimpleApplication@79115621
----------------- Done invoking toplevel() on ptolemy.moml.MoMLSimpleApplication@79115621
reloadAllAccessors: .Switch

===========================================================================================
----------------- testing Mon Aug 20 01:59:24 UTC 2018 /home/travis/build/icyphy/ptII/ptolemy/domains/continuous/test/auto/Thermostat.xml
----------------- Instantiating /home/travis/build/icyphy/ptII/ptolemy/domains/continuous/test/auto/Thermostat.xml
205 ms. Memory: 444416K Free: 137578K (31%)
----------------- Invoking toplevel() on ptolemy.moml.MoMLSimpleApplication@643bf40d
----------------- Done invoking toplevel() on ptolemy.moml.MoMLSimpleApplication@643bf40d
reloadAllAccessors: .Thermostat

===========================================================================================
----------------- testing Mon Aug 20 01:59:25 UTC 2018 /home/travis/build/icyphy/ptII/ptolemy/domains/continuous/test/auto/TimeDelay.xml
----------------- Instantiating /home/travis/build/icyphy/ptII/ptolemy/domains/continuous/test/auto/TimeDelay.xml
7 ms. Memory: 444416K Free: 129077K (29%)
----------------- Invoking toplevel() on ptolemy.moml.MoMLSimpleApplication@3c2bdebb
----------------- Done invoking toplevel() on ptolemy.moml.MoMLSimpleApplication@3c2bdebb
reloadAllAccessors: .TimeDelay

===========================================================================================
----------------- testing Mon Aug 20 01:59:25 UTC 2018 /home/travis/build/icyphy/ptII/ptolemy/domains/continuous/test/auto/TimeDelay2.xml
----------------- Instantiating /home/travis/build/icyphy/ptII/ptolemy/domains/continuous/test/auto/TimeDelay2.xml
8 ms. Memory: 444416K Free: 115506K (26%)
----------------- Invoking toplevel() on ptolemy.moml.MoMLSimpleApplication@4c42a0a2
----------------- Done invoking toplevel() on ptolemy.moml.MoMLSimpleApplication@4c42a0a2
reloadAllAccessors: .TimeDelay2

===========================================================================================
----------------- testing Mon Aug 20 01:59:25 UTC 2018 /home/travis/build/icyphy/ptII/ptolemy/domains/continuous/test/auto/TimeDelay3.xml
----------------- Instantiating /home/travis/build/icyphy/ptII/ptolemy/domains/continuous/test/auto/TimeDelay3.xml
7 ms. Memory: 444416K Free: 107003K (24%)
----------------- Invoking toplevel() on ptolemy.moml.MoMLSimpleApplication@5e1e6b5f
----------------- Done invoking toplevel() on ptolemy.moml.MoMLSimpleApplication@5e1e6b5f
reloadAllAccessors: .TimeDelay3

===========================================================================================
----------------- testing Mon Aug 20 01:59:25 UTC 2018 /home/travis/build/icyphy/ptII/ptolemy/domains/continuous/test/auto/TransferAbsentToInside.xml
----------------- Instantiating /home/travis/build/icyphy/ptII/ptolemy/domains/continuous/test/auto/TransferAbsentToInside.xml
60 ms. Memory: 444416K Free: 47968K (11%)
----------------- Invoking toplevel() on ptolemy.moml.MoMLSimpleApplication@22e2fc14
----------------- Done invoking toplevel() on ptolemy.moml.MoMLSimpleApplication@22e2fc14
reloadAllAccessors: .TransferAbsentToInside

===========================================================================================
----------------- testing Mon Aug 20 01:59:25 UTC 2018 /home/travis/build/icyphy/ptII/ptolemy/domains/continuous/test/auto/Transmission.xml
----------------- Instantiating /home/travis/build/icyphy/ptII/ptolemy/domains/continuous/test/auto/Transmission.xml
852 ms. Memory: 439808K Free: 183345K (42%)
----------------- Invoking toplevel() on ptolemy.moml.MoMLSimpleApplication@134e799a
----------------- Done invoking toplevel() on ptolemy.moml.MoMLSimpleApplication@134e799a
reloadAllAccessors: .Transmission

===========================================================================================
----------------- testing Mon Aug 20 01:59:26 UTC 2018 /home/travis/build/icyphy/ptII/ptolemy/domains/continuous/test/auto/TriggeredContinuousClock.xml
----------------- Instantiating /home/travis/build/icyphy/ptII/ptolemy/domains/continuous/test/auto/TriggeredContinuousClock.xml
41 ms. Memory: 439808K Free: 150929K (34%)
----------------- Invoking toplevel() on ptolemy.moml.MoMLSimpleApplication@50b8efb1
----------------- Done invoking toplevel() on ptolemy.moml.MoMLSimpleApplication@50b8efb1
reloadAllAccessors: .TriggeredContinuousClock

===========================================================================================
----------------- testing Mon Aug 20 01:59:26 UTC 2018 /home/travis/build/icyphy/ptII/ptolemy/domains/continuous/test/auto/TwoMachineInfiniteBusControl.xml
----------------- Instantiating /home/travis/build/icyphy/ptII/ptolemy/domains/continuous/test/auto/TwoMachineInfiniteBusControl.xml
2250 ms. Memory: 395776K Free: 259706K (66%)
----------------- Invoking toplevel() on ptolemy.moml.MoMLSimpleApplication@473e72fe
----------------- Done invoking toplevel() on ptolemy.moml.MoMLSimpleApplication@473e72fe
reloadAllAccessors: .TwoMachineInfiniteBusControl

===========================================================================================
----------------- testing Mon Aug 20 01:59:28 UTC 2018 /home/travis/build/icyphy/ptII/ptolemy/domains/continuous/test/auto/V2V.xml
----------------- Instantiating /home/travis/build/icyphy/ptII/ptolemy/domains/continuous/test/auto/V2V.xml
770 ms. Memory: 395776K Free: 61011K (15%)
----------------- Invoking toplevel() on ptolemy.moml.MoMLSimpleApplication@62e5e57f
----------------- Done invoking toplevel() on ptolemy.moml.MoMLSimpleApplication@62e5e57f
reloadAllAccessors: .V2V

===========================================================================================
----------------- testing Mon Aug 20 01:59:29 UTC 2018 /home/travis/build/icyphy/ptII/ptolemy/domains/continuous/test/auto/hierarchicalModalModel.xml
----------------- Instantiating /home/travis/build/icyphy/ptII/ptolemy/domains/continuous/test/auto/hierarchicalModalModel.xml
9 ms. Memory: 395776K Free: 42454K (11%)
----------------- Invoking toplevel() on ptolemy.moml.MoMLSimpleApplication@75874cbb
----------------- Done invoking toplevel() on ptolemy.moml.MoMLSimpleApplication@75874cbb
reloadAllAccessors: .hierarchicalModalModel

===========================================================================================
----------------- testing Mon Aug 20 01:59:29 UTC 2018 /home/travis/build/icyphy/ptII/ptolemy/domains/continuous/test/auto/hierarchicalModalModel1.xml
----------------- Instantiating /home/travis/build/icyphy/ptII/ptolemy/domains/continuous/test/auto/hierarchicalModalModel1.xml
9 ms. Memory: 380928K Free: 338847K (89%)
----------------- Invoking toplevel() on ptolemy.moml.MoMLSimpleApplication@29f070ce
----------------- Done invoking toplevel() on ptolemy.moml.MoMLSimpleApplication@29f070ce
reloadAllAccessors: .hierarchicalModalModel1

===========================================================================================
----------------- testing Mon Aug 20 01:59:29 UTC 2018 /home/travis/build/icyphy/ptII/ptolemy/domains/continuous/test/auto/hierarchicalModalModel2.xml
----------------- Instantiating /home/travis/build/icyphy/ptII/ptolemy/domains/continuous/test/auto/hierarchicalModalModel2.xml
7 ms. Memory: 380928K Free: 321053K (84%)
----------------- Invoking toplevel() on ptolemy.moml.MoMLSimpleApplication@3c20e10
----------------- Done invoking toplevel() on ptolemy.moml.MoMLSimpleApplication@3c20e10
reloadAllAccessors: .hierarchicalModalModel2

===========================================================================================
----------------- testing Mon Aug 20 01:59:29 UTC 2018 /home/travis/build/icyphy/ptII/ptolemy/domains/continuous/test/auto/hierarchicalModalModel3.xml
----------------- Instantiating /home/travis/build/icyphy/ptII/ptolemy/domains/continuous/test/auto/hierarchicalModalModel3.xml
6 ms. Memory: 380928K Free: 305374K (80%)
----------------- Invoking toplevel() on ptolemy.moml.MoMLSimpleApplication@46353a66
----------------- Done invoking toplevel() on ptolemy.moml.MoMLSimpleApplication@46353a66
reloadAllAccessors: .hierarchicalModalModel3

===========================================================================================
----------------- testing Mon Aug 20 01:59:29 UTC 2018 /home/travis/build/icyphy/ptII/ptolemy/domains/continuous/test/auto/hierarchicalModalModel4.xml
----------------- Instantiating /home/travis/build/icyphy/ptII/ptolemy/domains/continuous/test/auto/hierarchicalModalModel4.xml
4 ms. Memory: 380928K Free: 291800K (77%)
----------------- Invoking toplevel() on ptolemy.moml.MoMLSimpleApplication@47876eaf
----------------- Done invoking toplevel() on ptolemy.moml.MoMLSimpleApplication@47876eaf
reloadAllAccessors: .hierarchicalModalModel4

===========================================================================================
----------------- testing Mon Aug 20 01:59:29 UTC 2018 /home/travis/build/icyphy/ptII/ptolemy/domains/continuous/test/auto/junk.xml
----------------- Instantiating /home/travis/build/icyphy/ptII/ptolemy/domains/continuous/test/auto/junk.xml
161 ms. Memory: 380928K Free: 255226K (67%)
----------------- Invoking toplevel() on ptolemy.moml.MoMLSimpleApplication@34d55609
----------------- Done invoking toplevel() on ptolemy.moml.MoMLSimpleApplication@34d55609
reloadAllAccessors: .junk
AutoTests.java: About to close Vertx.
AutoTests.java: Vertx closed.
]]></system-out>
  <system-err><![CDATA[Warning: '.HysteresisWithRandomDelay.NonStrictTest3' The test produced only 29 tokens, yet the correctValues parameter was expecting 30 tokens.
Warning: '.IncreasingRatePoisson.NonStrictTest' The test produced only 382 tokens, yet the correctValues parameter was expecting 402 tokens.
Warning: '.Poisson.NonStrictTest' The test produced only 399 tokens, yet the correctValues parameter was expecting 430 tokens.
]]></system-err>
</testsuite>
