<?xml version="1.0" encoding="UTF-8" ?>
<testsuite errors="0" failures="0" hostname="travis-job-46fbb39b-385b-4775-a066-0c009537f7d5" name="ptolemy.domains.de.test.junit.JUnitTclTest" skipped="0" tests="101" time="122.86" timestamp="2022-07-06T02:14:20">
  <properties>
[...]
</properties>
  <testcase classname="ptolemy.util.test.junit.TclTests" name="[0] /home/travis/build/icyphy/ptII/ptolemy/domains/de/test/DependencyLoop.tcl (RunTclFile)" time="0.985" />
  <testcase classname="ptolemy.util.test.junit.TclTests" name="[1] /home/travis/build/icyphy/ptII/ptolemy/domains/de/test/RunDETestsAsQSS.tcl (RunTclFile)" time="83.361" />
  <testcase classname="ptolemy.util.test.junit.AutoKnownFailedTests" name="[0] /home/travis/build/icyphy/ptII/ptolemy/domains/de/test/auto/knownFailedTests/DESDFClockTest.xml (RunModel)" time="2.071" />
  <testcase classname="ptolemy.util.test.junit.AutoKnownFailedTests" name="[1] /home/travis/build/icyphy/ptII/ptolemy/domains/de/test/auto/knownFailedTests/DirectFeedback.xml (RunModel)" time="0.02" />
  <testcase classname="ptolemy.util.test.junit.AutoKnownFailedTests" name="[2] /home/travis/build/icyphy/ptII/ptolemy/domains/de/test/auto/knownFailedTests/FSMSource.xml (RunModel)" time="0.035" />
  <testcase classname="ptolemy.util.test.junit.AutoKnownFailedTests" name="[3] /home/travis/build/icyphy/ptII/ptolemy/domains/de/test/auto/knownFailedTests/HierarchicalModel.xml (RunModel)" time="0.041" />
  <testcase classname="ptolemy.util.test.junit.AutoKnownFailedTests" name="[4] /home/travis/build/icyphy/ptII/ptolemy/domains/de/test/auto/knownFailedTests/dependencyLoop.xml (RunModel)" time="0.046" />
  <testcase classname="ptolemy.util.test.junit.AutoKnownFailedTests" name="[5] /home/travis/build/icyphy/ptII/ptolemy/domains/de/test/auto/knownFailedTests/dependencyLoop2.xml (RunModel)" time="0.044" />
  <testcase classname="ptolemy.util.test.junit.AutoNameArchTests" name="[0] ThereAreNoAutoArchTests (RunModel)" time="0.001" />
  <testcase classname="ptolemy.util.test.junit.AutoTests" name="[0] /home/travis/build/icyphy/ptII/ptolemy/domains/de/test/auto/ActorDepthCalculation_actorWithoutPorts.xml (RunModel)" time="0.017" />
  <testcase classname="ptolemy.util.test.junit.AutoTests" name="[1] /home/travis/build/icyphy/ptII/ptolemy/domains/de/test/auto/AssemblyLine.xml (RunModel)" time="0.017" />
  <testcase classname="ptolemy.util.test.junit.AutoTests" name="[2] /home/travis/build/icyphy/ptII/ptolemy/domains/de/test/auto/CQBug1.xml (RunModel)" time="0.01" />
  <testcase classname="ptolemy.util.test.junit.AutoTests" name="[3] /home/travis/build/icyphy/ptII/ptolemy/domains/de/test/auto/CancelFireAt.xml (RunModel)" time="0.006" />
  <testcase classname="ptolemy.util.test.junit.AutoTests" name="[4] /home/travis/build/icyphy/ptII/ptolemy/domains/de/test/auto/CausalityAndComposabilityAnalysis.xml (RunModel)" time="0.011" />
  <testcase classname="ptolemy.util.test.junit.AutoTests" name="[5] /home/travis/build/icyphy/ptII/ptolemy/domains/de/test/auto/CausalityInterface1.xml (RunModel)" time="0.015" />
  <testcase classname="ptolemy.util.test.junit.AutoTests" name="[6] /home/travis/build/icyphy/ptII/ptolemy/domains/de/test/auto/CausalityInterface15.xml (RunModel)" time="0.013" />
  <testcase classname="ptolemy.util.test.junit.AutoTests" name="[7] /home/travis/build/icyphy/ptII/ptolemy/domains/de/test/auto/CausalityInterface2.xml (RunModel)" time="0.016" />
  <testcase classname="ptolemy.util.test.junit.AutoTests" name="[8] /home/travis/build/icyphy/ptII/ptolemy/domains/de/test/auto/CausalityInterface3.xml (RunModel)" time="0.01" />
  <testcase classname="ptolemy.util.test.junit.AutoTests" name="[9] /home/travis/build/icyphy/ptII/ptolemy/domains/de/test/auto/ClockDrift.xml (RunModel)" time="0.04" />
  <testcase classname="ptolemy.util.test.junit.AutoTests" name="[10] /home/travis/build/icyphy/ptII/ptolemy/domains/de/test/auto/ClockDriftAndValueChange.xml (RunModel)" time="0.03" />
  <testcase classname="ptolemy.util.test.junit.AutoTests" name="[11] /home/travis/build/icyphy/ptII/ptolemy/domains/de/test/auto/ClockDriftChange.xml (RunModel)" time="0.033" />
  <testcase classname="ptolemy.util.test.junit.AutoTests" name="[12] /home/travis/build/icyphy/ptII/ptolemy/domains/de/test/auto/ComposableCausalityAnalysis.xml (RunModel)" time="0.014" />
  <testcase classname="ptolemy.util.test.junit.AutoTests" name="[13] /home/travis/build/icyphy/ptII/ptolemy/domains/de/test/auto/DEFixedPointLimitation.xml (RunModel)" time="0.009" />
  <testcase classname="ptolemy.util.test.junit.AutoTests" name="[14] /home/travis/build/icyphy/ptII/ptolemy/domains/de/test/auto/DEScheduleTest.xml (RunModel)" time="0.014" />
  <testcase classname="ptolemy.util.test.junit.AutoTests" name="[15] /home/travis/build/icyphy/ptII/ptolemy/domains/de/test/auto/DEinDEwithStartTimes.xml (RunModel)" time="0.015" />
  <testcase classname="ptolemy.util.test.junit.AutoTests" name="[16] /home/travis/build/icyphy/ptII/ptolemy/domains/de/test/auto/DEinDEwithStartTimes2.xml (RunModel)" time="0.02" />
  <testcase classname="ptolemy.util.test.junit.AutoTests" name="[17] /home/travis/build/icyphy/ptII/ptolemy/domains/de/test/auto/DateDemo.xml (RunModel)" time="0.029" />
  <testcase classname="ptolemy.util.test.junit.AutoTests" name="[18] /home/travis/build/icyphy/ptII/ptolemy/domains/de/test/auto/DateToEvent.xml (RunModel)" time="2.044" />
  <testcase classname="ptolemy.util.test.junit.AutoTests" name="[19] /home/travis/build/icyphy/ptII/ptolemy/domains/de/test/auto/DepthTest1.xml (RunModel)" time="0.009" />
  <testcase classname="ptolemy.util.test.junit.AutoTests" name="[20] /home/travis/build/icyphy/ptII/ptolemy/domains/de/test/auto/DepthTest2.xml (RunModel)" time="0.022" />
  <testcase classname="ptolemy.util.test.junit.AutoTests" name="[21] /home/travis/build/icyphy/ptII/ptolemy/domains/de/test/auto/DepthTest3.xml (RunModel)" time="0.011" />
  <testcase classname="ptolemy.util.test.junit.AutoTests" name="[22] /home/travis/build/icyphy/ptII/ptolemy/domains/de/test/auto/DepthTest4.xml (RunModel)" time="0.013" />
  <testcase classname="ptolemy.util.test.junit.AutoTests" name="[23] /home/travis/build/icyphy/ptII/ptolemy/domains/de/test/auto/DepthTest5.xml (RunModel)" time="0.018" />
  <testcase classname="ptolemy.util.test.junit.AutoTests" name="[24] /home/travis/build/icyphy/ptII/ptolemy/domains/de/test/auto/DepthTest6.xml (RunModel)" time="0.018" />
  <testcase classname="ptolemy.util.test.junit.AutoTests" name="[25] /home/travis/build/icyphy/ptII/ptolemy/domains/de/test/auto/DepthTest7.xml (RunModel)" time="0.021" />
  <testcase classname="ptolemy.util.test.junit.AutoTests" name="[26] /home/travis/build/icyphy/ptII/ptolemy/domains/de/test/auto/EventToDate.xml (RunModel)" time="3.04" />
  <testcase classname="ptolemy.util.test.junit.AutoTests" name="[27] /home/travis/build/icyphy/ptII/ptolemy/domains/de/test/auto/FSM1.xml (RunModel)" time="0.042" />
  <testcase classname="ptolemy.util.test.junit.AutoTests" name="[28] /home/travis/build/icyphy/ptII/ptolemy/domains/de/test/auto/FSM7.xml (RunModel)" time="0.044" />
  <testcase classname="ptolemy.util.test.junit.AutoTests" name="[29] /home/travis/build/icyphy/ptII/ptolemy/domains/de/test/auto/Inspection.xml (RunModel)" time="0.039" />
  <testcase classname="ptolemy.util.test.junit.AutoTests" name="[30] /home/travis/build/icyphy/ptII/ptolemy/domains/de/test/auto/Iteration.xml (RunModel)" time="0.022" />
  <testcase classname="ptolemy.util.test.junit.AutoTests" name="[31] /home/travis/build/icyphy/ptII/ptolemy/domains/de/test/auto/LineFault.xml (RunModel)" time="0.495" />
  <testcase classname="ptolemy.util.test.junit.AutoTests" name="[32] /home/travis/build/icyphy/ptII/ptolemy/domains/de/test/auto/MergeModel1Add.xml (RunModel)" time="0.048" />
  <testcase classname="ptolemy.util.test.junit.AutoTests" name="[33] /home/travis/build/icyphy/ptII/ptolemy/domains/de/test/auto/MergeModel2Add.xml (RunModel)" time="0.035" />
  <testcase classname="ptolemy.util.test.junit.AutoTests" name="[34] /home/travis/build/icyphy/ptII/ptolemy/domains/de/test/auto/MergeModel3Add.xml (RunModel)" time="0.041" />
  <testcase classname="ptolemy.util.test.junit.AutoTests" name="[35] /home/travis/build/icyphy/ptII/ptolemy/domains/de/test/auto/MergeWithoutDiscard.xml (RunModel)" time="0.023" />
  <testcase classname="ptolemy.util.test.junit.AutoTests" name="[36] /home/travis/build/icyphy/ptII/ptolemy/domains/de/test/auto/Modal1.xml (RunModel)" time="0.03" />
  <testcase classname="ptolemy.util.test.junit.AutoTests" name="[37] /home/travis/build/icyphy/ptII/ptolemy/domains/de/test/auto/Modal2.xml (RunModel)" time="0.03" />
  <testcase classname="ptolemy.util.test.junit.AutoTests" name="[38] /home/travis/build/icyphy/ptII/ptolemy/domains/de/test/auto/Modal3.xml (RunModel)" time="0.027" />
  <testcase classname="ptolemy.util.test.junit.AutoTests" name="[39] /home/travis/build/icyphy/ptII/ptolemy/domains/de/test/auto/Modal4.xml (RunModel)" time="0.031" />
  <testcase classname="ptolemy.util.test.junit.AutoTests" name="[40] /home/travis/build/icyphy/ptII/ptolemy/domains/de/test/auto/Modal5.xml (RunModel)" time="0.026" />
  <testcase classname="ptolemy.util.test.junit.AutoTests" name="[41] /home/travis/build/icyphy/ptII/ptolemy/domains/de/test/auto/Modal6.xml (RunModel)" time="0.03" />
  <testcase classname="ptolemy.util.test.junit.AutoTests" name="[42] /home/travis/build/icyphy/ptII/ptolemy/domains/de/test/auto/Modal7.xml (RunModel)" time="0.027" />
  <testcase classname="ptolemy.util.test.junit.AutoTests" name="[43] /home/travis/build/icyphy/ptII/ptolemy/domains/de/test/auto/ModalModel.xml (RunModel)" time="0.18" />
  <testcase classname="ptolemy.util.test.junit.AutoTests" name="[44] /home/travis/build/icyphy/ptII/ptolemy/domains/de/test/auto/ModalSource.xml (RunModel)" time="0.019" />
  <testcase classname="ptolemy.util.test.junit.AutoTests" name="[45] /home/travis/build/icyphy/ptII/ptolemy/domains/de/test/auto/NonInterruptibleTimerZeroDelay.xml (RunModel)" time="0.012" />
  <testcase classname="ptolemy.util.test.junit.AutoTests" name="[46] /home/travis/build/icyphy/ptII/ptolemy/domains/de/test/auto/OpenQueueingNetwork.xml (RunModel)" time="2.119" />
  <testcase classname="ptolemy.util.test.junit.AutoTests" name="[47] /home/travis/build/icyphy/ptII/ptolemy/domains/de/test/auto/OpenQueuingNetwork.xml (RunModel)" time="0.238" />
  <testcase classname="ptolemy.util.test.junit.AutoTests" name="[48] /home/travis/build/icyphy/ptII/ptolemy/domains/de/test/auto/PeriodicSampler.xml (RunModel)" time="0.014" />
  <testcase classname="ptolemy.util.test.junit.AutoTests" name="[49] /home/travis/build/icyphy/ptII/ptolemy/domains/de/test/auto/PersistentIO.xml (RunModel)" time="0.017" />
  <testcase classname="ptolemy.util.test.junit.AutoTests" name="[50] /home/travis/build/icyphy/ptII/ptolemy/domains/de/test/auto/PortParameterResetOnInitialize.xml (RunModel)" time="0.014" />
  <testcase classname="ptolemy.util.test.junit.AutoTests" name="[51] /home/travis/build/icyphy/ptII/ptolemy/domains/de/test/auto/PortParameterUpdates.xml (RunModel)" time="0.013" />
  <testcase classname="ptolemy.util.test.junit.AutoTests" name="[52] /home/travis/build/icyphy/ptII/ptolemy/domains/de/test/auto/QueueAndServer.xml (RunModel)" time="0.02" />
  <testcase classname="ptolemy.util.test.junit.AutoTests" name="[53] /home/travis/build/icyphy/ptII/ptolemy/domains/de/test/auto/Records.xml (RunModel)" time="0.014" />
  <testcase classname="ptolemy.util.test.junit.AutoTests" name="[54] /home/travis/build/icyphy/ptII/ptolemy/domains/de/test/auto/ResetTransitionWithStartTime1.xml (RunModel)" time="0.023" />
  <testcase classname="ptolemy.util.test.junit.AutoTests" name="[55] /home/travis/build/icyphy/ptII/ptolemy/domains/de/test/auto/ResetTransitionWithStartTime2.xml (RunModel)" time="0.023" />
  <testcase classname="ptolemy.util.test.junit.AutoTests" name="[56] /home/travis/build/icyphy/ptII/ptolemy/domains/de/test/auto/ResetTransitionWithStartTime3.xml (RunModel)" time="0.026" />
  <testcase classname="ptolemy.util.test.junit.AutoTests" name="[57] /home/travis/build/icyphy/ptII/ptolemy/domains/de/test/auto/ResetTransitionWithStartTime4.xml (RunModel)" time="0.021" />
  <testcase classname="ptolemy.util.test.junit.AutoTests" name="[58] /home/travis/build/icyphy/ptII/ptolemy/domains/de/test/auto/ResettableTimer1.xml (RunModel)" time="0.023" />
  <testcase classname="ptolemy.util.test.junit.AutoTests" name="[59] /home/travis/build/icyphy/ptII/ptolemy/domains/de/test/auto/ResettableTimer2.xml (RunModel)" time="0.013" />
  <testcase classname="ptolemy.util.test.junit.AutoTests" name="[60] /home/travis/build/icyphy/ptII/ptolemy/domains/de/test/auto/ResettableTimer3.xml (RunModel)" time="0.009" />
  <testcase classname="ptolemy.util.test.junit.AutoTests" name="[61] /home/travis/build/icyphy/ptII/ptolemy/domains/de/test/auto/ResettableTimer4.xml (RunModel)" time="0.009" />
  <testcase classname="ptolemy.util.test.junit.AutoTests" name="[62] /home/travis/build/icyphy/ptII/ptolemy/domains/de/test/auto/ResettableTimer5.xml (RunModel)" time="0.011" />
  <testcase classname="ptolemy.util.test.junit.AutoTests" name="[63] /home/travis/build/icyphy/ptII/ptolemy/domains/de/test/auto/ResettableTimer6.xml (RunModel)" time="0.022" />
  <testcase classname="ptolemy.util.test.junit.AutoTests" name="[64] /home/travis/build/icyphy/ptII/ptolemy/domains/de/test/auto/ServerZeroDelay.xml (RunModel)" time="0.012" />
  <testcase classname="ptolemy.util.test.junit.AutoTests" name="[65] /home/travis/build/icyphy/ptII/ptolemy/domains/de/test/auto/SmartSender.xml (RunModel)" time="3.009" />
  <testcase classname="ptolemy.util.test.junit.AutoTests" name="[66] /home/travis/build/icyphy/ptII/ptolemy/domains/de/test/auto/ThreadedComposite.xml (RunModel)" time="0.206" />
  <testcase classname="ptolemy.util.test.junit.AutoTests" name="[67] /home/travis/build/icyphy/ptII/ptolemy/domains/de/test/auto/Time.xml (RunModel)" time="0.363" />
  <testcase classname="ptolemy.util.test.junit.AutoTests" name="[68] /home/travis/build/icyphy/ptII/ptolemy/domains/de/test/auto/TimeDelayZeroDelay.xml (RunModel)" time="0.013" />
  <testcase classname="ptolemy.util.test.junit.AutoTests" name="[69] /home/travis/build/icyphy/ptII/ptolemy/domains/de/test/auto/TimerZeroDelay.xml (RunModel)" time="0.011" />
  <testcase classname="ptolemy.util.test.junit.AutoTests" name="[70] /home/travis/build/icyphy/ptII/ptolemy/domains/de/test/auto/TimingParadox.xml (RunModel)" time="0.31" />
  <testcase classname="ptolemy.util.test.junit.AutoTests" name="[71] /home/travis/build/icyphy/ptII/ptolemy/domains/de/test/auto/TransferInputs.xml (RunModel)" time="0.008" />
  <testcase classname="ptolemy.util.test.junit.AutoTests" name="[72] /home/travis/build/icyphy/ptII/ptolemy/domains/de/test/auto/TransferOutputs2.xml (RunModel)" time="0.021" />
  <testcase classname="ptolemy.util.test.junit.AutoTests" name="[73] /home/travis/build/icyphy/ptII/ptolemy/domains/de/test/auto/Trilateration.xml (RunModel)" time="10.691" />
  <testcase classname="ptolemy.util.test.junit.AutoTests" name="[74] /home/travis/build/icyphy/ptII/ptolemy/domains/de/test/auto/TwoSigmaDelta.xml (RunModel)" time="1.68" />
  <testcase classname="ptolemy.util.test.junit.AutoTests" name="[75] /home/travis/build/icyphy/ptII/ptolemy/domains/de/test/auto/VariableDelay.xml (RunModel)" time="0.017" />
  <testcase classname="ptolemy.util.test.junit.AutoTests" name="[76] /home/travis/build/icyphy/ptII/ptolemy/domains/de/test/auto/VariableDelay2.xml (RunModel)" time="0.01" />
  <testcase classname="ptolemy.util.test.junit.AutoTests" name="[77] /home/travis/build/icyphy/ptII/ptolemy/domains/de/test/auto/VariableDelayZeroDelay.xml (RunModel)" time="0.022" />
  <testcase classname="ptolemy.util.test.junit.AutoTests" name="[78] /home/travis/build/icyphy/ptII/ptolemy/domains/de/test/auto/VariableDelayZeroDelay2.xml (RunModel)" time="0.01" />
  <testcase classname="ptolemy.util.test.junit.AutoTests" name="[79] /home/travis/build/icyphy/ptII/ptolemy/domains/de/test/auto/deInCt.xml (RunModel)" time="0.015" />
  <testcase classname="ptolemy.util.test.junit.AutoTests" name="[80] /home/travis/build/icyphy/ptII/ptolemy/domains/de/test/auto/deInCt2.xml (RunModel)" time="0.016" />
  <testcase classname="ptolemy.util.test.junit.AutoTests" name="[81] /home/travis/build/icyphy/ptII/ptolemy/domains/de/test/auto/dynamicCausalityInterface1.xml (RunModel)" time="0.017" />
  <testcase classname="ptolemy.util.test.junit.AutoTests" name="[82] /home/travis/build/icyphy/ptII/ptolemy/domains/de/test/auto/fsm_de_test.xml (RunModel)" time="0.022" />
  <testcase classname="ptolemy.util.test.junit.AutoTests" name="[83] /home/travis/build/icyphy/ptII/ptolemy/domains/de/test/auto/functionDependencyReconstruction.xml (RunModel)" time="0.03" />
  <testcase classname="ptolemy.util.test.junit.AutoTests" name="[84] /home/travis/build/icyphy/ptII/ptolemy/domains/de/test/auto/multirate.xml (RunModel)" time="0.015" />
  <testcase classname="ptolemy.util.test.junit.AutoTests" name="[85] /home/travis/build/icyphy/ptII/ptolemy/domains/de/test/auto/multirate2.xml (RunModel)" time="0.017" />
  <testcase classname="ptolemy.util.test.junit.AutoTests" name="[86] /home/travis/build/icyphy/ptII/ptolemy/domains/de/test/auto/realtime.xml (RunModel)" time="10.01" />
  <testcase classname="ptolemy.util.test.junit.AutoTests" name="[87] /home/travis/build/icyphy/ptII/ptolemy/domains/de/test/auto/relationGroup.xml (RunModel)" time="0.011" />
  <testcase classname="ptolemy.util.test.junit.AutoTests" name="[88] /home/travis/build/icyphy/ptII/ptolemy/domains/de/test/auto/relationGroup2.xml (RunModel)" time="0.012" />
  <testcase classname="ptolemy.util.test.junit.AutoTests" name="[89] /home/travis/build/icyphy/ptII/ptolemy/domains/de/test/auto/sortWithOpaquePorts.xml (RunModel)" time="0.009" />
  <testcase classname="ptolemy.util.test.junit.AutoTests" name="[90] /home/travis/build/icyphy/ptII/ptolemy/domains/de/test/auto/transferInputsandOutputs.xml (RunModel)" time="0.015" />
  <testcase classname="ptolemy.util.test.junit.AutoTests" name="[91] /home/travis/build/icyphy/ptII/ptolemy/domains/de/test/auto/triggerType.xml (RunModel)" time="0.015" />
  <system-out><![CDATA[/home/travis/build/icyphy/ptII/ptolemy/domains/de/test/DependencyLoop.tcl
testDefs.tcl: setting time out to 9000 seconds at Wed Jul 06 02:14:20 UTC 2022
85 ms. Memory: 129024K Free: 78200K (61%)
20 ms. Memory: 129024K Free: 60792K (47%)
/home/travis/build/icyphy/ptII/ptolemy/domains/de/test/RunDETestsAsQSS.tcl
Run the DE tests using ptolemy.domains.qss.test.QSSDirectorTest, which extends QSSDirector and prints a message in the constructors.
------------------ testing $PTII/ptolemy/domains/de/test/auto/knownFailedTests/dependencyLoop2.xml (Known Failure) 
9 ms. Memory: 129024K Free: 57210K (44%)


==== $PTIIhome/travis/build/icyphy/ptII/ptolemy/domains/de/test/../../../../: Auto Automatic test in file $PTII/ptolemy/domains/de/test/auto/knownFailedTests/dependencyLoop2.xml
==== Contents of test case:

	    # FIXME: we should use $relativeFilename here, but it
	    # might have backslashes under Windows, which causes no end
	    # of trouble.
	    createAndExecute $file
	    list {}
	
.... Test generated KNOWN error:
    while executing
ptolemy.kernel.util.IllegalActionException: Found a zero delay loop containing .dependencyLoop2.original
  in .dependencyLoop2 and .dependencyLoop2.original
	at ptolemy.actor.util.CausalityInterfaceForComposites._computeOutputPortDepth(CausalityInterfaceForComposites.java:759)
	at ptolemy.actor.util.CausalityInterfaceForComposites._computeInputDepth(CausalityInterfaceForComposites.java:696)
	at ptolemy.actor.util.CausalityInterfaceForComposites._computeOutputPortDepth(CausalityInterfaceForComposites.java:765)
	at ptolemy.actor.util.CausalityInterfaceForComposites._computeInputDepth(CausalityInterfaceForComposites.java:696)
	at ptolemy.actor.util.CausalityInterfaceForComposites._computeOutputPortDepth(CausalityInterfaceForComposites.java:765)
	at ptolemy.actor.util.CausalityInterfaceForComposites._computeInputDepth(CausalityInterfaceForComposites.java:696)
	at ptolemy.actor.util.CausalityInterfaceForComposites._computeActorDepth(CausalityInterfaceForComposites.java:532)
	at ptolemy.actor.util.CausalityInterfaceForComposites.checkForCycles(CausalityInterfaceForComposites.java:96)
	at ptolemy.domains.de.kernel.DEDirector.preinitialize(DEDirector.java:1338)
	at ptolemy.actor.CompositeActor.preinitialize(CompositeActor.java:1828)
	at ptolemy.actor.Manager.preinitializeAndResolveTypes(Manager.java:1040)
	at ptolemy.actor.Manager.initialize(Manager.java:710)
	at ptolemy.actor.Manager.execute(Manager.java:356)
	at ptolemy.actor.Manager.run(Manager.java:1263)
	at ptolemy.actor.Manager$PtolemyRunThread.run(Manager.java:1933)

    while executing
ptolemy.kernel.util.IllegalActionException: Found a zero delay loop containing .dependencyLoop2.original
  in .dependencyLoop2 and .dependencyLoop2.original
    while executing
"java::new ptolemy.moml.MoMLSimpleApplication $file
"
    (procedure "createAndExecute" line 2)
    invoked from within
"createAndExecute $file"
    ("uplevel" body line 5)
    invoked from within
"uplevel $contents_of_test"
------------------ testing $PTII/ptolemy/domains/de/test/auto/knownFailedTests/dependencyLoop.xml (Known Failure) 
9 ms. Memory: 129024K Free: 54138K (42%)


==== $PTIIhome/travis/build/icyphy/ptII/ptolemy/domains/de/test/../../../../: Auto Automatic test in file $PTII/ptolemy/domains/de/test/auto/knownFailedTests/dependencyLoop.xml
==== Contents of test case:

	    # FIXME: we should use $relativeFilename here, but it
	    # might have backslashes under Windows, which causes no end
	    # of trouble.
	    createAndExecute $file
	    list {}
	
.... Test generated KNOWN error:
    while executing
ptolemy.kernel.util.IllegalActionException: Found a zero delay loop containing .dependencyLoop.original
  in .dependencyLoop and .dependencyLoop.original
	at ptolemy.actor.util.CausalityInterfaceForComposites._computeOutputPortDepth(CausalityInterfaceForComposites.java:759)
	at ptolemy.actor.util.CausalityInterfaceForComposites._computeInputDepth(CausalityInterfaceForComposites.java:696)
	at ptolemy.actor.util.CausalityInterfaceForComposites._computeOutputPortDepth(CausalityInterfaceForComposites.java:765)
	at ptolemy.actor.util.CausalityInterfaceForComposites._computeInputDepth(CausalityInterfaceForComposites.java:696)
	at ptolemy.actor.util.CausalityInterfaceForComposites._computeOutputPortDepth(CausalityInterfaceForComposites.java:765)
	at ptolemy.actor.util.CausalityInterfaceForComposites._computeInputDepth(CausalityInterfaceForComposites.java:696)
	at ptolemy.actor.util.CausalityInterfaceForComposites._computeActorDepth(CausalityInterfaceForComposites.java:532)
	at ptolemy.actor.util.CausalityInterfaceForComposites.checkForCycles(CausalityInterfaceForComposites.java:96)
	at ptolemy.domains.de.kernel.DEDirector.preinitialize(DEDirector.java:1338)
	at ptolemy.actor.CompositeActor.preinitialize(CompositeActor.java:1828)
	at ptolemy.actor.Manager.preinitializeAndResolveTypes(Manager.java:1040)
	at ptolemy.actor.Manager.initialize(Manager.java:710)
	at ptolemy.actor.Manager.execute(Manager.java:356)
	at ptolemy.actor.Manager.run(Manager.java:1263)
	at ptolemy.actor.Manager$PtolemyRunThread.run(Manager.java:1933)

    while executing
ptolemy.kernel.util.IllegalActionException: Found a zero delay loop containing .dependencyLoop.original
  in .dependencyLoop and .dependencyLoop.original
    while executing
"java::new ptolemy.moml.MoMLSimpleApplication $file
"
    (procedure "createAndExecute" line 2)
    invoked from within
"createAndExecute $file"
    ("uplevel" body line 5)
    invoked from within
"uplevel $contents_of_test"
------------------ testing $PTII/ptolemy/domains/de/test/auto/knownFailedTests/DirectFeedback.xml (Known Failure) 
58 ms. Memory: 129024K Free: 49018K (38%)


==== $PTIIhome/travis/build/icyphy/ptII/ptolemy/domains/de/test/../../../../: Auto Automatic test in file $PTII/ptolemy/domains/de/test/auto/knownFailedTests/DirectFeedback.xml
==== Contents of test case:

	    # FIXME: we should use $relativeFilename here, but it
	    # might have backslashes under Windows, which causes no end
	    # of trouble.
	    createAndExecute $file
	    list {}
	
.... Test generated KNOWN error:
    while executing
ptolemy.kernel.util.IllegalActionException: Test fails in iteration 1.
Value was: 1.0. Should have been: 2.0
  in .DirectFeedback.Test
	at ptolemy.actor.lib.Test.fire(Test.java:268)
	at ptolemy.domains.de.kernel.DEDirector._fire(DEDirector.java:1949)
	at ptolemy.domains.de.kernel.DEDirector.fire(DEDirector.java:502)
	at ptolemy.actor.CompositeActor.fire(CompositeActor.java:455)
	at ptolemy.actor.Manager.iterate(Manager.java:851)
	at ptolemy.actor.Manager.execute(Manager.java:369)
	at ptolemy.actor.Manager.run(Manager.java:1263)
	at ptolemy.actor.Manager$PtolemyRunThread.run(Manager.java:1933)

    while executing
ptolemy.kernel.util.IllegalActionException: Test fails in iteration 1.
Value was: 1.0. Should have been: 2.0
  in .DirectFeedback.Test
    while executing
"java::new ptolemy.moml.MoMLSimpleApplication $file
"
    (procedure "createAndExecute" line 2)
    invoked from within
"createAndExecute $file"
    ("uplevel" body line 5)
    invoked from within
"uplevel $contents_of_test"
------------------ testing $PTII/ptolemy/domains/de/test/auto/knownFailedTests/HierarchicalModel.xml (Known Failure) 
13 ms. Memory: 129024K Free: 98170K (76%)


==== $PTIIhome/travis/build/icyphy/ptII/ptolemy/domains/de/test/../../../../: Auto Automatic test in file $PTII/ptolemy/domains/de/test/auto/knownFailedTests/HierarchicalModel.xml
==== Contents of test case:

	    # FIXME: we should use $relativeFilename here, but it
	    # might have backslashes under Windows, which causes no end
	    # of trouble.
	    createAndExecute $file
	    list {}
	
.... Test generated KNOWN error:
    while executing
ptolemy.kernel.util.IllegalActionException: Found a zero delay loop containing .HierarchicalModel.A
  in .HierarchicalModel and .HierarchicalModel.A
	at ptolemy.actor.util.CausalityInterfaceForComposites._computeOutputPortDepth(CausalityInterfaceForComposites.java:759)
	at ptolemy.actor.util.CausalityInterfaceForComposites._computeInputDepth(CausalityInterfaceForComposites.java:696)
	at ptolemy.actor.util.CausalityInterfaceForComposites._computeOutputPortDepth(CausalityInterfaceForComposites.java:765)
	at ptolemy.actor.util.CausalityInterfaceForComposites._computeInputDepth(CausalityInterfaceForComposites.java:696)
	at ptolemy.actor.util.CausalityInterfaceForComposites._computeOutputPortDepth(CausalityInterfaceForComposites.java:765)
	at ptolemy.actor.util.CausalityInterfaceForComposites._computeInputDepth(CausalityInterfaceForComposites.java:696)
	at ptolemy.actor.util.CausalityInterfaceForComposites._computeActorDepth(CausalityInterfaceForComposites.java:532)
	at ptolemy.actor.util.CausalityInterfaceForComposites.checkForCycles(CausalityInterfaceForComposites.java:96)
	at ptolemy.domains.de.kernel.DEDirector.preinitialize(DEDirector.java:1338)
	at ptolemy.actor.CompositeActor.preinitialize(CompositeActor.java:1828)
	at ptolemy.actor.Manager.preinitializeAndResolveTypes(Manager.java:1040)
	at ptolemy.actor.Manager.initialize(Manager.java:710)
	at ptolemy.actor.Manager.execute(Manager.java:356)
	at ptolemy.actor.Manager.run(Manager.java:1263)
	at ptolemy.actor.Manager$PtolemyRunThread.run(Manager.java:1933)

    while executing
ptolemy.kernel.util.IllegalActionException: Found a zero delay loop containing .HierarchicalModel.A
  in .HierarchicalModel and .HierarchicalModel.A
    while executing
"java::new ptolemy.moml.MoMLSimpleApplication $file
"
    (procedure "createAndExecute" line 2)
    invoked from within
"createAndExecute $file"
    ("uplevel" body line 5)
    invoked from within
"uplevel $contents_of_test"
------------------ testing $PTII/ptolemy/domains/de/test/auto/knownFailedTests/FSMSource.xml (Known Failure) 
60 ms. Memory: 129024K Free: 89450K (69%)
!!!! Auto was marked as failing, but now passes
------------------ testing $PTII/ptolemy/domains/de/test/auto/knownFailedTests/DESDFClockTest.xml (Known Failure) 
2039 ms. Memory: 129024K Free: 77690K (60%)


==== $PTIIhome/travis/build/icyphy/ptII/ptolemy/domains/de/test/../../../../: Auto Automatic test in file $PTII/ptolemy/domains/de/test/auto/knownFailedTests/DESDFClockTest.xml
==== Contents of test case:

	    # FIXME: we should use $relativeFilename here, but it
	    # might have backslashes under Windows, which causes no end
	    # of trouble.
	    createAndExecute $file
	    list {}
	
.... Test generated KNOWN error:
    while executing
ptolemy.kernel.util.IllegalActionException: Actor is not ready to fire.  Perhaps UpSample.prefire() returned false? Try debugging the actor by selecting "Listen to Actor".  Also, for SDF check moml for tokenConsumptionRate on input.
  in .DESDFClockTest.Play Bell.Copy1:SDF Director and .DESDFClockTest.Play Bell.UpSample
	at ptolemy.actor.sched.StaticSchedulingDirector.fire(StaticSchedulingDirector.java:227)
	at ptolemy.domains.sdf.kernel.SDFDirector.fire(SDFDirector.java:500)
	at ptolemy.actor.CompositeActor.fire(CompositeActor.java:455)
	at ptolemy.domains.de.kernel.DEDirector._fire(DEDirector.java:1949)
	at ptolemy.domains.de.kernel.DEDirector.fire(DEDirector.java:502)
	at ptolemy.actor.CompositeActor.fire(CompositeActor.java:455)
	at ptolemy.actor.Manager.iterate(Manager.java:851)
	at ptolemy.actor.Manager.execute(Manager.java:369)
	at ptolemy.actor.Manager.run(Manager.java:1263)
	at ptolemy.actor.Manager$PtolemyRunThread.run(Manager.java:1933)

    while executing
ptolemy.kernel.util.IllegalActionException: Actor is not ready to fire.  Perhaps UpSample.prefire() returned false? Try debugging the actor by selecting "Listen to Actor".  Also, for SDF check moml for tokenConsumptionRate on input.
  in .DESDFClockTest.Play Bell.Copy1:SDF Director and .DESDFClockTest.Play Bell.UpSample
    while executing
"java::new ptolemy.moml.MoMLSimpleApplication $file
"
    (procedure "createAndExecute" line 2)
    invoked from within
"createAndExecute $file"
    ("uplevel" body line 5)
    invoked from within
"uplevel $contents_of_test"
------------------ testing $PTII/ptolemy/domains/de/test/auto/ActorDepthCalculation_actorWithoutPorts.xml
auto.tcl: Setting watchdog for 200 seconds at Wed Jul 06 02:14:24 UTC 2022
7 ms. Memory: 129024K Free: 69994K (54%)
ptolemy.util.test.WatchDog.cancel(): canceling Wed Jul 06 02:14:24 UTC 2022
auto.tcl: Setting watchdog for 200 seconds at Wed Jul 06 02:14:24 UTC 2022
6 ms. Memory: 129024K Free: 68474K (53%)
ptolemy.util.test.WatchDog.cancel(): canceling Wed Jul 06 02:14:24 UTC 2022
------------------ testing $PTII/ptolemy/domains/de/test/auto/AssemblyLine.xml
auto.tcl: Setting watchdog for 200 seconds at Wed Jul 06 02:14:24 UTC 2022
7 ms. Memory: 51200K Free: 27208K (53%)
ptolemy.util.test.WatchDog.cancel(): canceling Wed Jul 06 02:14:24 UTC 2022
auto.tcl: Setting watchdog for 200 seconds at Wed Jul 06 02:14:24 UTC 2022
7 ms. Memory: 51200K Free: 26752K (52%)
ptolemy.util.test.WatchDog.cancel(): canceling Wed Jul 06 02:14:24 UTC 2022
------------------ testing $PTII/ptolemy/domains/de/test/auto/CQBug1.xml
auto.tcl: Setting watchdog for 200 seconds at Wed Jul 06 02:14:24 UTC 2022
11 ms. Memory: 51200K Free: 33020K (64%)
ptolemy.util.test.WatchDog.cancel(): canceling Wed Jul 06 02:14:24 UTC 2022
auto.tcl: Setting watchdog for 200 seconds at Wed Jul 06 02:14:24 UTC 2022
2 ms. Memory: 51200K Free: 32564K (64%)
ptolemy.util.test.WatchDog.cancel(): canceling Wed Jul 06 02:14:24 UTC 2022
------------------ testing $PTII/ptolemy/domains/de/test/auto/CancelFireAt.xml
auto.tcl: Setting watchdog for 200 seconds at Wed Jul 06 02:14:24 UTC 2022
2 ms. Memory: 51200K Free: 34470K (67%)
ptolemy.util.test.WatchDog.cancel(): canceling Wed Jul 06 02:14:24 UTC 2022
auto.tcl: Setting watchdog for 200 seconds at Wed Jul 06 02:14:24 UTC 2022
2 ms. Memory: 51200K Free: 34014K (66%)
ptolemy.util.test.WatchDog.cancel(): canceling Wed Jul 06 02:14:24 UTC 2022
------------------ testing $PTII/ptolemy/domains/de/test/auto/CausalityAndComposabilityAnalysis.xml
auto.tcl: Setting watchdog for 200 seconds at Wed Jul 06 02:14:24 UTC 2022
6 ms. Memory: 51200K Free: 32146K (63%)
ptolemy.util.test.WatchDog.cancel(): canceling Wed Jul 06 02:14:24 UTC 2022
auto.tcl: Setting watchdog for 200 seconds at Wed Jul 06 02:14:24 UTC 2022
8 ms. Memory: 51200K Free: 31703K (62%)
ptolemy.util.test.WatchDog.cancel(): canceling Wed Jul 06 02:14:24 UTC 2022
------------------ testing $PTII/ptolemy/domains/de/test/auto/CausalityInterface1.xml
auto.tcl: Setting watchdog for 200 seconds at Wed Jul 06 02:14:24 UTC 2022
22 ms. Memory: 51200K Free: 31128K (61%)
ptolemy.util.test.WatchDog.cancel(): canceling Wed Jul 06 02:14:24 UTC 2022
auto.tcl: Setting watchdog for 200 seconds at Wed Jul 06 02:14:24 UTC 2022
4 ms. Memory: 51200K Free: 30164K (59%)
ptolemy.util.test.WatchDog.cancel(): canceling Wed Jul 06 02:14:24 UTC 2022
------------------ testing $PTII/ptolemy/domains/de/test/auto/CausalityInterface15.xml
auto.tcl: Setting watchdog for 200 seconds at Wed Jul 06 02:14:24 UTC 2022
13 ms. Memory: 51200K Free: 30688K (60%)
ptolemy.util.test.WatchDog.cancel(): canceling Wed Jul 06 02:14:25 UTC 2022
auto.tcl: Setting watchdog for 200 seconds at Wed Jul 06 02:14:25 UTC 2022
8 ms. Memory: 51200K Free: 30097K (59%)
ptolemy.util.test.WatchDog.cancel(): canceling Wed Jul 06 02:14:25 UTC 2022
------------------ testing $PTII/ptolemy/domains/de/test/auto/CausalityInterface2.xml
auto.tcl: Setting watchdog for 200 seconds at Wed Jul 06 02:14:25 UTC 2022
6 ms. Memory: 51200K Free: 31641K (62%)
ptolemy.util.test.WatchDog.cancel(): canceling Wed Jul 06 02:14:25 UTC 2022
auto.tcl: Setting watchdog for 200 seconds at Wed Jul 06 02:14:25 UTC 2022
3 ms. Memory: 51200K Free: 30648K (60%)
ptolemy.util.test.WatchDog.cancel(): canceling Wed Jul 06 02:14:25 UTC 2022
------------------ testing $PTII/ptolemy/domains/de/test/auto/CausalityInterface3.xml
auto.tcl: Setting watchdog for 200 seconds at Wed Jul 06 02:14:25 UTC 2022
4 ms. Memory: 51200K Free: 31304K (61%)
ptolemy.util.test.WatchDog.cancel(): canceling Wed Jul 06 02:14:25 UTC 2022
auto.tcl: Setting watchdog for 200 seconds at Wed Jul 06 02:14:25 UTC 2022
6 ms. Memory: 51200K Free: 30832K (60%)
ptolemy.util.test.WatchDog.cancel(): canceling Wed Jul 06 02:14:25 UTC 2022
------------------ testing $PTII/ptolemy/domains/de/test/auto/ClockDrift.xml
auto.tcl: Setting watchdog for 200 seconds at Wed Jul 06 02:14:25 UTC 2022
75 ms. Memory: 51200K Free: 23638K (46%)
ptolemy.util.test.WatchDog.cancel(): canceling Wed Jul 06 02:14:25 UTC 2022
auto.tcl: Setting watchdog for 200 seconds at Wed Jul 06 02:14:25 UTC 2022
33 ms. Memory: 51200K Free: 20457K (40%)
ptolemy.util.test.WatchDog.cancel(): canceling Wed Jul 06 02:14:25 UTC 2022
------------------ testing $PTII/ptolemy/domains/de/test/auto/ClockDriftAndValueChange.xml
auto.tcl: Setting watchdog for 200 seconds at Wed Jul 06 02:14:25 UTC 2022
45 ms. Memory: 51200K Free: 24255K (47%)
ptolemy.util.test.WatchDog.cancel(): canceling Wed Jul 06 02:14:25 UTC 2022
auto.tcl: Setting watchdog for 200 seconds at Wed Jul 06 02:14:25 UTC 2022
20 ms. Memory: 51200K Free: 21183K (41%)
ptolemy.util.test.WatchDog.cancel(): canceling Wed Jul 06 02:14:25 UTC 2022
------------------ testing $PTII/ptolemy/domains/de/test/auto/ClockDriftChange.xml
auto.tcl: Setting watchdog for 200 seconds at Wed Jul 06 02:14:25 UTC 2022
24 ms. Memory: 51200K Free: 25787K (50%)
ptolemy.util.test.WatchDog.cancel(): canceling Wed Jul 06 02:14:25 UTC 2022
auto.tcl: Setting watchdog for 200 seconds at Wed Jul 06 02:14:25 UTC 2022
29 ms. Memory: 51200K Free: 23430K (46%)
ptolemy.util.test.WatchDog.cancel(): canceling Wed Jul 06 02:14:25 UTC 2022
------------------ testing $PTII/ptolemy/domains/de/test/auto/ComposableCausalityAnalysis.xml
auto.tcl: Setting watchdog for 200 seconds at Wed Jul 06 02:14:25 UTC 2022
2 ms. Memory: 51200K Free: 30540K (60%)
ptolemy.util.test.WatchDog.cancel(): canceling Wed Jul 06 02:14:25 UTC 2022
auto.tcl: Setting watchdog for 200 seconds at Wed Jul 06 02:14:25 UTC 2022
1 ms. Memory: 51200K Free: 29585K (58%)
ptolemy.util.test.WatchDog.cancel(): canceling Wed Jul 06 02:14:25 UTC 2022
------------------ testing $PTII/ptolemy/domains/de/test/auto/DEFixedPointLimitation.xml
auto.tcl: Setting watchdog for 200 seconds at Wed Jul 06 02:14:25 UTC 2022
5 ms. Memory: 51200K Free: 31981K (62%)
ptolemy.util.test.WatchDog.cancel(): canceling Wed Jul 06 02:14:25 UTC 2022
auto.tcl: Setting watchdog for 200 seconds at Wed Jul 06 02:14:25 UTC 2022
2 ms. Memory: 51200K Free: 31103K (61%)
ptolemy.util.test.WatchDog.cancel(): canceling Wed Jul 06 02:14:25 UTC 2022
------------------ testing $PTII/ptolemy/domains/de/test/auto/DEScheduleTest.xml
auto.tcl: Setting watchdog for 200 seconds at Wed Jul 06 02:14:25 UTC 2022
6 ms. Memory: 51200K Free: 32338K (63%)
ptolemy.util.test.WatchDog.cancel(): canceling Wed Jul 06 02:14:25 UTC 2022
auto.tcl: Setting watchdog for 200 seconds at Wed Jul 06 02:14:25 UTC 2022
2 ms. Memory: 51200K Free: 31572K (62%)
ptolemy.util.test.WatchDog.cancel(): canceling Wed Jul 06 02:14:25 UTC 2022
------------------ testing $PTII/ptolemy/domains/de/test/auto/DEinDEwithStartTimes.xml
auto.tcl: Setting watchdog for 200 seconds at Wed Jul 06 02:14:25 UTC 2022
5 ms. Memory: 51200K Free: 30517K (60%)
ptolemy.util.test.WatchDog.cancel(): canceling Wed Jul 06 02:14:25 UTC 2022
auto.tcl: Setting watchdog for 200 seconds at Wed Jul 06 02:14:25 UTC 2022
4 ms. Memory: 51200K Free: 29493K (58%)
ptolemy.util.test.WatchDog.cancel(): canceling Wed Jul 06 02:14:25 UTC 2022
------------------ testing $PTII/ptolemy/domains/de/test/auto/DEinDEwithStartTimes2.xml
auto.tcl: Setting watchdog for 200 seconds at Wed Jul 06 02:14:26 UTC 2022
4 ms. Memory: 51200K Free: 29601K (58%)
ptolemy.util.test.WatchDog.cancel(): canceling Wed Jul 06 02:14:26 UTC 2022
auto.tcl: Setting watchdog for 200 seconds at Wed Jul 06 02:14:26 UTC 2022
3 ms. Memory: 51200K Free: 28447K (56%)
ptolemy.util.test.WatchDog.cancel(): canceling Wed Jul 06 02:14:26 UTC 2022
------------------ testing $PTII/ptolemy/domains/de/test/auto/DateDemo.xml
auto.tcl: Setting watchdog for 200 seconds at Wed Jul 06 02:14:26 UTC 2022
20 ms. Memory: 51200K Free: 24326K (48%)
ptolemy.util.test.WatchDog.cancel(): canceling Wed Jul 06 02:14:26 UTC 2022
auto.tcl: Setting watchdog for 200 seconds at Wed Jul 06 02:14:26 UTC 2022
8 ms. Memory: 51200K Free: 22447K (44%)
ptolemy.util.test.WatchDog.cancel(): canceling Wed Jul 06 02:14:26 UTC 2022
------------------ testing $PTII/ptolemy/domains/de/test/auto/DateToEvent.xml
auto.tcl: Setting watchdog for 200 seconds at Wed Jul 06 02:14:26 UTC 2022
2009 ms. Memory: 51200K Free: 18984K (37%)
ptolemy.util.test.WatchDog.cancel(): canceling Wed Jul 06 02:14:28 UTC 2022
auto.tcl: Setting watchdog for 200 seconds at Wed Jul 06 02:14:28 UTC 2022
2004 ms. Memory: 51200K Free: 18136K (35%)
ptolemy.util.test.WatchDog.cancel(): canceling Wed Jul 06 02:14:30 UTC 2022
------------------ testing $PTII/ptolemy/domains/de/test/auto/DepthTest1.xml
auto.tcl: Setting watchdog for 200 seconds at Wed Jul 06 02:14:30 UTC 2022
3 ms. Memory: 51200K Free: 33134K (65%)
ptolemy.util.test.WatchDog.cancel(): canceling Wed Jul 06 02:14:30 UTC 2022
auto.tcl: Setting watchdog for 200 seconds at Wed Jul 06 02:14:30 UTC 2022
1 ms. Memory: 51200K Free: 32700K (64%)
ptolemy.util.test.WatchDog.cancel(): canceling Wed Jul 06 02:14:30 UTC 2022
------------------ testing $PTII/ptolemy/domains/de/test/auto/DepthTest2.xml
auto.tcl: Setting watchdog for 200 seconds at Wed Jul 06 02:14:30 UTC 2022
3 ms. Memory: 51200K Free: 29906K (58%)
ptolemy.util.test.WatchDog.cancel(): canceling Wed Jul 06 02:14:30 UTC 2022
auto.tcl: Setting watchdog for 200 seconds at Wed Jul 06 02:14:30 UTC 2022
2 ms. Memory: 51200K Free: 29462K (58%)
ptolemy.util.test.WatchDog.cancel(): canceling Wed Jul 06 02:14:30 UTC 2022
------------------ testing $PTII/ptolemy/domains/de/test/auto/DepthTest3.xml
auto.tcl: Setting watchdog for 200 seconds at Wed Jul 06 02:14:30 UTC 2022
3 ms. Memory: 51200K Free: 33488K (65%)
ptolemy.util.test.WatchDog.cancel(): canceling Wed Jul 06 02:14:30 UTC 2022
auto.tcl: Setting watchdog for 200 seconds at Wed Jul 06 02:14:30 UTC 2022
2 ms. Memory: 51200K Free: 33030K (65%)
ptolemy.util.test.WatchDog.cancel(): canceling Wed Jul 06 02:14:30 UTC 2022
------------------ testing $PTII/ptolemy/domains/de/test/auto/DepthTest4.xml
auto.tcl: Setting watchdog for 200 seconds at Wed Jul 06 02:14:30 UTC 2022
3 ms. Memory: 51200K Free: 31699K (62%)
ptolemy.util.test.WatchDog.cancel(): canceling Wed Jul 06 02:14:30 UTC 2022
auto.tcl: Setting watchdog for 200 seconds at Wed Jul 06 02:14:30 UTC 2022
2 ms. Memory: 51200K Free: 30620K (60%)
ptolemy.util.test.WatchDog.cancel(): canceling Wed Jul 06 02:14:30 UTC 2022
------------------ testing $PTII/ptolemy/domains/de/test/auto/DepthTest5.xml
auto.tcl: Setting watchdog for 200 seconds at Wed Jul 06 02:14:30 UTC 2022
3 ms. Memory: 51200K Free: 30905K (60%)
ptolemy.util.test.WatchDog.cancel(): canceling Wed Jul 06 02:14:30 UTC 2022
auto.tcl: Setting watchdog for 200 seconds at Wed Jul 06 02:14:30 UTC 2022
3 ms. Memory: 51200K Free: 30474K (60%)
ptolemy.util.test.WatchDog.cancel(): canceling Wed Jul 06 02:14:30 UTC 2022
------------------ testing $PTII/ptolemy/domains/de/test/auto/DepthTest6.xml
auto.tcl: Setting watchdog for 200 seconds at Wed Jul 06 02:14:30 UTC 2022
4 ms. Memory: 51200K Free: 31145K (61%)
ptolemy.util.test.WatchDog.cancel(): canceling Wed Jul 06 02:14:30 UTC 2022
auto.tcl: Setting watchdog for 200 seconds at Wed Jul 06 02:14:30 UTC 2022
2 ms. Memory: 51200K Free: 30403K (59%)
ptolemy.util.test.WatchDog.cancel(): canceling Wed Jul 06 02:14:30 UTC 2022
------------------ testing $PTII/ptolemy/domains/de/test/auto/DepthTest7.xml
auto.tcl: Setting watchdog for 200 seconds at Wed Jul 06 02:14:30 UTC 2022
3 ms. Memory: 51200K Free: 31155K (61%)
ptolemy.util.test.WatchDog.cancel(): canceling Wed Jul 06 02:14:30 UTC 2022
auto.tcl: Setting watchdog for 200 seconds at Wed Jul 06 02:14:30 UTC 2022
2 ms. Memory: 51200K Free: 30698K (60%)
ptolemy.util.test.WatchDog.cancel(): canceling Wed Jul 06 02:14:30 UTC 2022
------------------ testing $PTII/ptolemy/domains/de/test/auto/EventToDate.xml
auto.tcl: Setting watchdog for 200 seconds at Wed Jul 06 02:14:30 UTC 2022
3008 ms. Memory: 51200K Free: 22444K (44%)
ptolemy.util.test.WatchDog.cancel(): canceling Wed Jul 06 02:14:33 UTC 2022
auto.tcl: Setting watchdog for 200 seconds at Wed Jul 06 02:14:33 UTC 2022
3003 ms. Memory: 51200K Free: 21356K (42%)
ptolemy.util.test.WatchDog.cancel(): canceling Wed Jul 06 02:14:36 UTC 2022
------------------ testing $PTII/ptolemy/domains/de/test/auto/FSM1.xml
auto.tcl: Setting watchdog for 200 seconds at Wed Jul 06 02:14:36 UTC 2022
34 ms. Memory: 51200K Free: 23167K (45%)
ptolemy.util.test.WatchDog.cancel(): canceling Wed Jul 06 02:14:36 UTC 2022
auto.tcl: Setting watchdog for 200 seconds at Wed Jul 06 02:14:36 UTC 2022
24 ms. Memory: 51200K Free: 20003K (39%)
ptolemy.util.test.WatchDog.cancel(): canceling Wed Jul 06 02:14:37 UTC 2022
------------------ testing $PTII/ptolemy/domains/de/test/auto/FSM7.xml
auto.tcl: Setting watchdog for 200 seconds at Wed Jul 06 02:14:37 UTC 2022
18 ms. Memory: 51200K Free: 23391K (46%)
ptolemy.util.test.WatchDog.cancel(): canceling Wed Jul 06 02:14:37 UTC 2022
auto.tcl: Setting watchdog for 200 seconds at Wed Jul 06 02:14:37 UTC 2022
19 ms. Memory: 51200K Free: 20220K (39%)
ptolemy.util.test.WatchDog.cancel(): canceling Wed Jul 06 02:14:37 UTC 2022
------------------ testing $PTII/ptolemy/domains/de/test/auto/Inspection.xml
auto.tcl: Setting watchdog for 200 seconds at Wed Jul 06 02:14:37 UTC 2022
26 ms. Memory: 51200K Free: 23384K (46%)
ptolemy.util.test.WatchDog.cancel(): canceling Wed Jul 06 02:14:37 UTC 2022
auto.tcl: Setting watchdog for 200 seconds at Wed Jul 06 02:14:37 UTC 2022
18 ms. Memory: 51200K Free: 21261K (42%)
ptolemy.util.test.WatchDog.cancel(): canceling Wed Jul 06 02:14:37 UTC 2022
------------------ testing $PTII/ptolemy/domains/de/test/auto/Iteration.xml
auto.tcl: Setting watchdog for 200 seconds at Wed Jul 06 02:14:37 UTC 2022
6 ms. Memory: 51200K Free: 28923K (56%)
ptolemy.util.test.WatchDog.cancel(): canceling Wed Jul 06 02:14:37 UTC 2022
auto.tcl: Setting watchdog for 200 seconds at Wed Jul 06 02:14:37 UTC 2022
6 ms. Memory: 51200K Free: 27725K (54%)
ptolemy.util.test.WatchDog.cancel(): canceling Wed Jul 06 02:14:37 UTC 2022
------------------ testing $PTII/ptolemy/domains/de/test/auto/LineFault.xml
auto.tcl: Setting watchdog for 200 seconds at Wed Jul 06 02:14:37 UTC 2022
619 ms. Memory: 51200K Free: 17186K (34%)
ptolemy.util.test.WatchDog.cancel(): canceling Wed Jul 06 02:14:38 UTC 2022
auto.tcl: Setting watchdog for 200 seconds at Wed Jul 06 02:14:38 UTC 2022
514 ms. Memory: 66560K Free: 48838K (73%)
ptolemy.util.test.WatchDog.cancel(): canceling Wed Jul 06 02:14:38 UTC 2022
------------------ testing $PTII/ptolemy/domains/de/test/auto/MergeModel1Add.xml
auto.tcl: Setting watchdog for 200 seconds at Wed Jul 06 02:14:38 UTC 2022
32 ms. Memory: 58368K Free: 22335K (38%)
ptolemy.util.test.WatchDog.cancel(): canceling Wed Jul 06 02:14:38 UTC 2022
auto.tcl: Setting watchdog for 200 seconds at Wed Jul 06 02:14:38 UTC 2022
13 ms. Memory: 58368K Free: 21111K (36%)
ptolemy.util.test.WatchDog.cancel(): canceling Wed Jul 06 02:14:38 UTC 2022
------------------ testing $PTII/ptolemy/domains/de/test/auto/MergeModel2Add.xml
auto.tcl: Setting watchdog for 200 seconds at Wed Jul 06 02:14:38 UTC 2022
9 ms. Memory: 55296K Free: 21580K (39%)
ptolemy.util.test.WatchDog.cancel(): canceling Wed Jul 06 02:14:39 UTC 2022
auto.tcl: Setting watchdog for 200 seconds at Wed Jul 06 02:14:39 UTC 2022
9 ms. Memory: 55296K Free: 19921K (36%)
ptolemy.util.test.WatchDog.cancel(): canceling Wed Jul 06 02:14:39 UTC 2022
------------------ testing $PTII/ptolemy/domains/de/test/auto/MergeModel3Add.xml
auto.tcl: Setting watchdog for 200 seconds at Wed Jul 06 02:14:39 UTC 2022
9 ms. Memory: 51200K Free: 17248K (34%)
ptolemy.util.test.WatchDog.cancel(): canceling Wed Jul 06 02:14:39 UTC 2022
auto.tcl: Setting watchdog for 200 seconds at Wed Jul 06 02:14:39 UTC 2022
9 ms. Memory: 51200K Free: 15714K (31%)
ptolemy.util.test.WatchDog.cancel(): canceling Wed Jul 06 02:14:39 UTC 2022
------------------ testing $PTII/ptolemy/domains/de/test/auto/MergeWithoutDiscard.xml
auto.tcl: Setting watchdog for 200 seconds at Wed Jul 06 02:14:39 UTC 2022
1 ms. Memory: 51200K Free: 31588K (62%)
ptolemy.util.test.WatchDog.cancel(): canceling Wed Jul 06 02:14:39 UTC 2022
auto.tcl: Setting watchdog for 200 seconds at Wed Jul 06 02:14:39 UTC 2022
2 ms. Memory: 51200K Free: 31163K (61%)
ptolemy.util.test.WatchDog.cancel(): canceling Wed Jul 06 02:14:39 UTC 2022
------------------ testing $PTII/ptolemy/domains/de/test/auto/Modal1.xml
auto.tcl: Setting watchdog for 200 seconds at Wed Jul 06 02:14:39 UTC 2022
16 ms. Memory: 51200K Free: 23698K (46%)
ptolemy.util.test.WatchDog.cancel(): canceling Wed Jul 06 02:14:39 UTC 2022
auto.tcl: Setting watchdog for 200 seconds at Wed Jul 06 02:14:39 UTC 2022
20 ms. Memory: 51200K Free: 20245K (40%)
ptolemy.util.test.WatchDog.cancel(): canceling Wed Jul 06 02:14:39 UTC 2022
------------------ testing $PTII/ptolemy/domains/de/test/auto/Modal2.xml
auto.tcl: Setting watchdog for 200 seconds at Wed Jul 06 02:14:39 UTC 2022
10 ms. Memory: 51200K Free: 23828K (47%)
ptolemy.util.test.WatchDog.cancel(): canceling Wed Jul 06 02:14:39 UTC 2022
auto.tcl: Setting watchdog for 200 seconds at Wed Jul 06 02:14:39 UTC 2022
12 ms. Memory: 51200K Free: 20572K (40%)
ptolemy.util.test.WatchDog.cancel(): canceling Wed Jul 06 02:14:39 UTC 2022
------------------ testing $PTII/ptolemy/domains/de/test/auto/Modal3.xml
auto.tcl: Setting watchdog for 200 seconds at Wed Jul 06 02:14:39 UTC 2022
9 ms. Memory: 51200K Free: 23556K (46%)
ptolemy.util.test.WatchDog.cancel(): canceling Wed Jul 06 02:14:39 UTC 2022
auto.tcl: Setting watchdog for 200 seconds at Wed Jul 06 02:14:39 UTC 2022
10 ms. Memory: 51200K Free: 20615K (40%)
ptolemy.util.test.WatchDog.cancel(): canceling Wed Jul 06 02:14:39 UTC 2022
------------------ testing $PTII/ptolemy/domains/de/test/auto/Modal4.xml
auto.tcl: Setting watchdog for 200 seconds at Wed Jul 06 02:14:39 UTC 2022
25 ms. Memory: 51200K Free: 22784K (45%)
ptolemy.util.test.WatchDog.cancel(): canceling Wed Jul 06 02:14:39 UTC 2022
auto.tcl: Setting watchdog for 200 seconds at Wed Jul 06 02:14:39 UTC 2022
23 ms. Memory: 51200K Free: 18966K (37%)
ptolemy.util.test.WatchDog.cancel(): canceling Wed Jul 06 02:14:39 UTC 2022
------------------ testing $PTII/ptolemy/domains/de/test/auto/Modal5.xml
auto.tcl: Setting watchdog for 200 seconds at Wed Jul 06 02:14:39 UTC 2022
13 ms. Memory: 51200K Free: 22788K (45%)
ptolemy.util.test.WatchDog.cancel(): canceling Wed Jul 06 02:14:39 UTC 2022
auto.tcl: Setting watchdog for 200 seconds at Wed Jul 06 02:14:39 UTC 2022
12 ms. Memory: 51200K Free: 18954K (37%)
ptolemy.util.test.WatchDog.cancel(): canceling Wed Jul 06 02:14:39 UTC 2022
------------------ testing $PTII/ptolemy/domains/de/test/auto/Modal6.xml
auto.tcl: Setting watchdog for 200 seconds at Wed Jul 06 02:14:39 UTC 2022
16 ms. Memory: 51200K Free: 23488K (46%)
ptolemy.util.test.WatchDog.cancel(): canceling Wed Jul 06 02:14:39 UTC 2022
auto.tcl: Setting watchdog for 200 seconds at Wed Jul 06 02:14:39 UTC 2022
17 ms. Memory: 51200K Free: 19555K (38%)
ptolemy.util.test.WatchDog.cancel(): canceling Wed Jul 06 02:14:39 UTC 2022
------------------ testing $PTII/ptolemy/domains/de/test/auto/Modal7.xml
auto.tcl: Setting watchdog for 200 seconds at Wed Jul 06 02:14:39 UTC 2022
10 ms. Memory: 51200K Free: 22516K (44%)
ptolemy.util.test.WatchDog.cancel(): canceling Wed Jul 06 02:14:39 UTC 2022
auto.tcl: Setting watchdog for 200 seconds at Wed Jul 06 02:14:39 UTC 2022
11 ms. Memory: 51200K Free: 19196K (37%)
ptolemy.util.test.WatchDog.cancel(): canceling Wed Jul 06 02:14:39 UTC 2022
------------------ testing $PTII/ptolemy/domains/de/test/auto/ModalModel.xml
auto.tcl: Setting watchdog for 200 seconds at Wed Jul 06 02:14:39 UTC 2022
211 ms. Memory: 51200K Free: 15013K (29%)
ptolemy.util.test.WatchDog.cancel(): canceling Wed Jul 06 02:14:40 UTC 2022
auto.tcl: Setting watchdog for 200 seconds at Wed Jul 06 02:14:40 UTC 2022
198 ms. Memory: 68608K Free: 23718K (35%)
ptolemy.util.test.WatchDog.cancel(): canceling Wed Jul 06 02:14:40 UTC 2022
------------------ testing $PTII/ptolemy/domains/de/test/auto/ModalSource.xml
auto.tcl: Setting watchdog for 200 seconds at Wed Jul 06 02:14:40 UTC 2022
10 ms. Memory: 55296K Free: 31721K (57%)
ptolemy.util.test.WatchDog.cancel(): canceling Wed Jul 06 02:14:40 UTC 2022
auto.tcl: Setting watchdog for 200 seconds at Wed Jul 06 02:14:40 UTC 2022
6 ms. Memory: 55296K Free: 29673K (54%)
ptolemy.util.test.WatchDog.cancel(): canceling Wed Jul 06 02:14:40 UTC 2022
------------------ testing $PTII/ptolemy/domains/de/test/auto/NonInterruptibleTimerZeroDelay.xml
auto.tcl: Setting watchdog for 200 seconds at Wed Jul 06 02:14:40 UTC 2022
2 ms. Memory: 51200K Free: 32592K (64%)
ptolemy.util.test.WatchDog.cancel(): canceling Wed Jul 06 02:14:40 UTC 2022
auto.tcl: Setting watchdog for 200 seconds at Wed Jul 06 02:14:40 UTC 2022
2 ms. Memory: 51200K Free: 31932K (62%)
ptolemy.util.test.WatchDog.cancel(): canceling Wed Jul 06 02:14:40 UTC 2022
------------------ testing $PTII/ptolemy/domains/de/test/auto/OpenQueueingNetwork.xml
auto.tcl: Setting watchdog for 200 seconds at Wed Jul 06 02:14:40 UTC 2022
2678 ms. Memory: 100352K Free: 50049K (50%)
ptolemy.util.test.WatchDog.cancel(): canceling Wed Jul 06 02:14:43 UTC 2022
auto.tcl: Setting watchdog for 200 seconds at Wed Jul 06 02:14:43 UTC 2022
2130 ms. Memory: 120832K Free: 53170K (44%)
ptolemy.util.test.WatchDog.cancel(): canceling Wed Jul 06 02:14:45 UTC 2022
------------------ testing $PTII/ptolemy/domains/de/test/auto/OpenQueuingNetwork.xml
auto.tcl: Setting watchdog for 200 seconds at Wed Jul 06 02:14:45 UTC 2022
210 ms. Memory: 55296K Free: 23222K (42%)
ptolemy.util.test.WatchDog.cancel(): canceling Wed Jul 06 02:14:45 UTC 2022
auto.tcl: Setting watchdog for 200 seconds at Wed Jul 06 02:14:45 UTC 2022
212 ms. Memory: 55296K Free: 32679K (59%)
ptolemy.util.test.WatchDog.cancel(): canceling Wed Jul 06 02:14:46 UTC 2022
------------------ testing $PTII/ptolemy/domains/de/test/auto/PeriodicSampler.xml
auto.tcl: Setting watchdog for 200 seconds at Wed Jul 06 02:14:46 UTC 2022
3 ms. Memory: 55296K Free: 35856K (65%)
ptolemy.util.test.WatchDog.cancel(): canceling Wed Jul 06 02:14:46 UTC 2022
auto.tcl: Setting watchdog for 200 seconds at Wed Jul 06 02:14:46 UTC 2022
2 ms. Memory: 55296K Free: 35347K (64%)
ptolemy.util.test.WatchDog.cancel(): canceling Wed Jul 06 02:14:46 UTC 2022
------------------ testing $PTII/ptolemy/domains/de/test/auto/PersistentIO.xml
auto.tcl: Setting watchdog for 200 seconds at Wed Jul 06 02:14:46 UTC 2022
5 ms. Memory: 55296K Free: 30781K (56%)
ptolemy.util.test.WatchDog.cancel(): canceling Wed Jul 06 02:14:46 UTC 2022
auto.tcl: Setting watchdog for 200 seconds at Wed Jul 06 02:14:46 UTC 2022
2 ms. Memory: 55296K Free: 29261K (53%)
ptolemy.util.test.WatchDog.cancel(): canceling Wed Jul 06 02:14:46 UTC 2022
------------------ testing $PTII/ptolemy/domains/de/test/auto/PortParameterResetOnInitialize.xml
auto.tcl: Setting watchdog for 200 seconds at Wed Jul 06 02:14:46 UTC 2022
7 ms. Memory: 55296K Free: 35779K (65%)
ptolemy.util.test.WatchDog.cancel(): canceling Wed Jul 06 02:14:46 UTC 2022
auto.tcl: Setting watchdog for 200 seconds at Wed Jul 06 02:14:46 UTC 2022
2 ms. Memory: 55296K Free: 35269K (64%)
ptolemy.util.test.WatchDog.cancel(): canceling Wed Jul 06 02:14:46 UTC 2022
------------------ testing $PTII/ptolemy/domains/de/test/auto/PortParameterUpdates.xml
auto.tcl: Setting watchdog for 200 seconds at Wed Jul 06 02:14:46 UTC 2022
4 ms. Memory: 51200K Free: 29993K (59%)
ptolemy.util.test.WatchDog.cancel(): canceling Wed Jul 06 02:14:46 UTC 2022
auto.tcl: Setting watchdog for 200 seconds at Wed Jul 06 02:14:46 UTC 2022
5 ms. Memory: 51200K Free: 28763K (56%)
ptolemy.util.test.WatchDog.cancel(): canceling Wed Jul 06 02:14:46 UTC 2022
------------------ testing $PTII/ptolemy/domains/de/test/auto/QueueAndServer.xml
auto.tcl: Setting watchdog for 200 seconds at Wed Jul 06 02:14:46 UTC 2022
5 ms. Memory: 51200K Free: 28932K (57%)
ptolemy.util.test.WatchDog.cancel(): canceling Wed Jul 06 02:14:46 UTC 2022
auto.tcl: Setting watchdog for 200 seconds at Wed Jul 06 02:14:46 UTC 2022
5 ms. Memory: 51200K Free: 27207K (53%)
ptolemy.util.test.WatchDog.cancel(): canceling Wed Jul 06 02:14:46 UTC 2022
------------------ testing $PTII/ptolemy/domains/de/test/auto/Records.xml
auto.tcl: Setting watchdog for 200 seconds at Wed Jul 06 02:14:46 UTC 2022
3 ms. Memory: 51200K Free: 30925K (60%)
ptolemy.util.test.WatchDog.cancel(): canceling Wed Jul 06 02:14:46 UTC 2022
auto.tcl: Setting watchdog for 200 seconds at Wed Jul 06 02:14:46 UTC 2022
3 ms. Memory: 51200K Free: 30424K (59%)
ptolemy.util.test.WatchDog.cancel(): canceling Wed Jul 06 02:14:46 UTC 2022
------------------ testing $PTII/ptolemy/domains/de/test/auto/ResetTransitionWithStartTime1.xml
auto.tcl: Setting watchdog for 200 seconds at Wed Jul 06 02:14:46 UTC 2022
6 ms. Memory: 51200K Free: 28258K (55%)
ptolemy.util.test.WatchDog.cancel(): canceling Wed Jul 06 02:14:46 UTC 2022
auto.tcl: Setting watchdog for 200 seconds at Wed Jul 06 02:14:46 UTC 2022
6 ms. Memory: 51200K Free: 26125K (51%)
ptolemy.util.test.WatchDog.cancel(): canceling Wed Jul 06 02:14:46 UTC 2022
------------------ testing $PTII/ptolemy/domains/de/test/auto/ResetTransitionWithStartTime2.xml
auto.tcl: Setting watchdog for 200 seconds at Wed Jul 06 02:14:46 UTC 2022
5 ms. Memory: 51200K Free: 28161K (55%)
ptolemy.util.test.WatchDog.cancel(): canceling Wed Jul 06 02:14:46 UTC 2022
auto.tcl: Setting watchdog for 200 seconds at Wed Jul 06 02:14:46 UTC 2022
5 ms. Memory: 51200K Free: 26140K (51%)
ptolemy.util.test.WatchDog.cancel(): canceling Wed Jul 06 02:14:46 UTC 2022
------------------ testing $PTII/ptolemy/domains/de/test/auto/ResetTransitionWithStartTime3.xml
auto.tcl: Setting watchdog for 200 seconds at Wed Jul 06 02:14:46 UTC 2022
6 ms. Memory: 51200K Free: 28159K (55%)
ptolemy.util.test.WatchDog.cancel(): canceling Wed Jul 06 02:14:46 UTC 2022
auto.tcl: Setting watchdog for 200 seconds at Wed Jul 06 02:14:46 UTC 2022
5 ms. Memory: 51200K Free: 26139K (51%)
ptolemy.util.test.WatchDog.cancel(): canceling Wed Jul 06 02:14:46 UTC 2022
------------------ testing $PTII/ptolemy/domains/de/test/auto/ResetTransitionWithStartTime4.xml
auto.tcl: Setting watchdog for 200 seconds at Wed Jul 06 02:14:46 UTC 2022
8 ms. Memory: 51200K Free: 28597K (56%)
ptolemy.util.test.WatchDog.cancel(): canceling Wed Jul 06 02:14:46 UTC 2022
auto.tcl: Setting watchdog for 200 seconds at Wed Jul 06 02:14:46 UTC 2022
3 ms. Memory: 51200K Free: 27154K (53%)
ptolemy.util.test.WatchDog.cancel(): canceling Wed Jul 06 02:14:46 UTC 2022
------------------ testing $PTII/ptolemy/domains/de/test/auto/ResettableTimer1.xml
auto.tcl: Setting watchdog for 200 seconds at Wed Jul 06 02:14:46 UTC 2022
3 ms. Memory: 51200K Free: 32367K (63%)
ptolemy.util.test.WatchDog.cancel(): canceling Wed Jul 06 02:14:46 UTC 2022
auto.tcl: Setting watchdog for 200 seconds at Wed Jul 06 02:14:46 UTC 2022
2 ms. Memory: 51200K Free: 31745K (62%)
ptolemy.util.test.WatchDog.cancel(): canceling Wed Jul 06 02:14:46 UTC 2022
------------------ testing $PTII/ptolemy/domains/de/test/auto/ResettableTimer2.xml
auto.tcl: Setting watchdog for 200 seconds at Wed Jul 06 02:14:46 UTC 2022
2 ms. Memory: 51200K Free: 32430K (63%)
ptolemy.util.test.WatchDog.cancel(): canceling Wed Jul 06 02:14:46 UTC 2022
auto.tcl: Setting watchdog for 200 seconds at Wed Jul 06 02:14:46 UTC 2022
2 ms. Memory: 51200K Free: 31787K (62%)
ptolemy.util.test.WatchDog.cancel(): canceling Wed Jul 06 02:14:46 UTC 2022
------------------ testing $PTII/ptolemy/domains/de/test/auto/ResettableTimer3.xml
auto.tcl: Setting watchdog for 200 seconds at Wed Jul 06 02:14:46 UTC 2022
1 ms. Memory: 51200K Free: 32788K (64%)
ptolemy.util.test.WatchDog.cancel(): canceling Wed Jul 06 02:14:46 UTC 2022
auto.tcl: Setting watchdog for 200 seconds at Wed Jul 06 02:14:46 UTC 2022
1 ms. Memory: 51200K Free: 32298K (63%)
ptolemy.util.test.WatchDog.cancel(): canceling Wed Jul 06 02:14:46 UTC 2022
------------------ testing $PTII/ptolemy/domains/de/test/auto/ResettableTimer4.xml
auto.tcl: Setting watchdog for 200 seconds at Wed Jul 06 02:14:47 UTC 2022
2 ms. Memory: 51200K Free: 32815K (64%)
ptolemy.util.test.WatchDog.cancel(): canceling Wed Jul 06 02:14:47 UTC 2022
auto.tcl: Setting watchdog for 200 seconds at Wed Jul 06 02:14:47 UTC 2022
1 ms. Memory: 51200K Free: 32325K (63%)
ptolemy.util.test.WatchDog.cancel(): canceling Wed Jul 06 02:14:47 UTC 2022
------------------ testing $PTII/ptolemy/domains/de/test/auto/ResettableTimer5.xml
auto.tcl: Setting watchdog for 200 seconds at Wed Jul 06 02:14:47 UTC 2022
1 ms. Memory: 51200K Free: 32303K (63%)
ptolemy.util.test.WatchDog.cancel(): canceling Wed Jul 06 02:14:47 UTC 2022
auto.tcl: Setting watchdog for 200 seconds at Wed Jul 06 02:14:47 UTC 2022
1 ms. Memory: 51200K Free: 31789K (62%)
ptolemy.util.test.WatchDog.cancel(): canceling Wed Jul 06 02:14:47 UTC 2022
------------------ testing $PTII/ptolemy/domains/de/test/auto/ResettableTimer6.xml
auto.tcl: Setting watchdog for 200 seconds at Wed Jul 06 02:14:47 UTC 2022
2 ms. Memory: 51200K Free: 31749K (62%)
ptolemy.util.test.WatchDog.cancel(): canceling Wed Jul 06 02:14:47 UTC 2022
auto.tcl: Setting watchdog for 200 seconds at Wed Jul 06 02:14:47 UTC 2022
2 ms. Memory: 51200K Free: 31269K (61%)
ptolemy.util.test.WatchDog.cancel(): canceling Wed Jul 06 02:14:47 UTC 2022
------------------ testing $PTII/ptolemy/domains/de/test/auto/ServerZeroDelay.xml
auto.tcl: Setting watchdog for 200 seconds at Wed Jul 06 02:14:47 UTC 2022
2 ms. Memory: 51200K Free: 32244K (63%)
ptolemy.util.test.WatchDog.cancel(): canceling Wed Jul 06 02:14:47 UTC 2022
auto.tcl: Setting watchdog for 200 seconds at Wed Jul 06 02:14:47 UTC 2022
2 ms. Memory: 51200K Free: 31220K (61%)
ptolemy.util.test.WatchDog.cancel(): canceling Wed Jul 06 02:14:47 UTC 2022
------------------ testing $PTII/ptolemy/domains/de/test/auto/SmartSender.xml
auto.tcl: Setting watchdog for 200 seconds at Wed Jul 06 02:14:47 UTC 2022
3002 ms. Memory: 51200K Free: 32238K (63%)
ptolemy.util.test.WatchDog.cancel(): canceling Wed Jul 06 02:14:50 UTC 2022
auto.tcl: Setting watchdog for 200 seconds at Wed Jul 06 02:14:50 UTC 2022
3003 ms. Memory: 51200K Free: 31746K (62%)
ptolemy.util.test.WatchDog.cancel(): canceling Wed Jul 06 02:14:53 UTC 2022
------------------ testing $PTII/ptolemy/domains/de/test/auto/ThreadedComposite.xml
auto.tcl: Setting watchdog for 200 seconds at Wed Jul 06 02:14:53 UTC 2022
241 ms. Memory: 51200K Free: 14331K (28%)
ptolemy.util.test.WatchDog.cancel(): canceling Wed Jul 06 02:14:53 UTC 2022
auto.tcl: Setting watchdog for 200 seconds at Wed Jul 06 02:14:53 UTC 2022
199 ms. Memory: 51200K Free: 29182K (57%)
ptolemy.util.test.WatchDog.cancel(): canceling Wed Jul 06 02:14:53 UTC 2022
------------------ testing $PTII/ptolemy/domains/de/test/auto/Time.xml
auto.tcl: Setting watchdog for 200 seconds at Wed Jul 06 02:14:53 UTC 2022
507 ms. Memory: 73728K Free: 34365K (47%)
ptolemy.util.test.WatchDog.cancel(): canceling Wed Jul 06 02:14:54 UTC 2022
auto.tcl: Setting watchdog for 200 seconds at Wed Jul 06 02:14:54 UTC 2022
408 ms. Memory: 73728K Free: 25675K (35%)
ptolemy.util.test.WatchDog.cancel(): canceling Wed Jul 06 02:14:54 UTC 2022
------------------ testing $PTII/ptolemy/domains/de/test/auto/TimeDelayZeroDelay.xml
auto.tcl: Setting watchdog for 200 seconds at Wed Jul 06 02:14:54 UTC 2022
2 ms. Memory: 51200K Free: 32596K (64%)
ptolemy.util.test.WatchDog.cancel(): canceling Wed Jul 06 02:14:54 UTC 2022
auto.tcl: Setting watchdog for 200 seconds at Wed Jul 06 02:14:54 UTC 2022
2 ms. Memory: 51200K Free: 31750K (62%)
ptolemy.util.test.WatchDog.cancel(): canceling Wed Jul 06 02:14:54 UTC 2022
------------------ testing $PTII/ptolemy/domains/de/test/auto/TimerZeroDelay.xml
auto.tcl: Setting watchdog for 200 seconds at Wed Jul 06 02:14:54 UTC 2022
1 ms. Memory: 51200K Free: 32624K (64%)
ptolemy.util.test.WatchDog.cancel(): canceling Wed Jul 06 02:14:54 UTC 2022
auto.tcl: Setting watchdog for 200 seconds at Wed Jul 06 02:14:54 UTC 2022
2 ms. Memory: 51200K Free: 31801K (62%)
ptolemy.util.test.WatchDog.cancel(): canceling Wed Jul 06 02:14:54 UTC 2022
------------------ testing $PTII/ptolemy/domains/de/test/auto/TimingParadox.xml
auto.tcl: Setting watchdog for 200 seconds at Wed Jul 06 02:14:54 UTC 2022
289 ms. Memory: 51200K Free: 20912K (41%)
ptolemy.util.test.WatchDog.cancel(): canceling Wed Jul 06 02:14:55 UTC 2022
auto.tcl: Setting watchdog for 200 seconds at Wed Jul 06 02:14:55 UTC 2022
257 ms. Memory: 51200K Free: 12279K (24%)
ptolemy.util.test.WatchDog.cancel(): canceling Wed Jul 06 02:14:55 UTC 2022
------------------ testing $PTII/ptolemy/domains/de/test/auto/TransferInputs.xml
auto.tcl: Setting watchdog for 200 seconds at Wed Jul 06 02:14:55 UTC 2022
2 ms. Memory: 51200K Free: 30690K (60%)
ptolemy.util.test.WatchDog.cancel(): canceling Wed Jul 06 02:14:55 UTC 2022
auto.tcl: Setting watchdog for 200 seconds at Wed Jul 06 02:14:55 UTC 2022
2 ms. Memory: 51200K Free: 29771K (58%)
ptolemy.util.test.WatchDog.cancel(): canceling Wed Jul 06 02:14:55 UTC 2022
------------------ testing $PTII/ptolemy/domains/de/test/auto/TransferOutputs2.xml
auto.tcl: Setting watchdog for 200 seconds at Wed Jul 06 02:14:55 UTC 2022
2 ms. Memory: 51200K Free: 28119K (55%)
ptolemy.util.test.WatchDog.cancel(): canceling Wed Jul 06 02:14:55 UTC 2022
auto.tcl: Setting watchdog for 200 seconds at Wed Jul 06 02:14:55 UTC 2022
3 ms. Memory: 51200K Free: 26680K (52%)
ptolemy.util.test.WatchDog.cancel(): canceling Wed Jul 06 02:14:55 UTC 2022
------------------ testing $PTII/ptolemy/domains/de/test/auto/Trilateration.xml
auto.tcl: Setting watchdog for 200 seconds at Wed Jul 06 02:14:55 UTC 2022
12933 ms. Memory: 323584K Free: 139911K (43%)
ptolemy.util.test.WatchDog.cancel(): canceling Wed Jul 06 02:15:09 UTC 2022
auto.tcl: Setting watchdog for 200 seconds at Wed Jul 06 02:15:09 UTC 2022
9692 ms. Memory: 323584K Free: 145768K (45%)
ptolemy.util.test.WatchDog.cancel(): canceling Wed Jul 06 02:15:19 UTC 2022
------------------ testing $PTII/ptolemy/domains/de/test/auto/TwoSigmaDelta.xml
auto.tcl: Setting watchdog for 200 seconds at Wed Jul 06 02:15:19 UTC 2022
2205 ms. Memory: 92160K Free: 23170K (25%)
ptolemy.util.test.WatchDog.cancel(): canceling Wed Jul 06 02:15:21 UTC 2022
auto.tcl: Setting watchdog for 200 seconds at Wed Jul 06 02:15:21 UTC 2022
1685 ms. Memory: 92160K Free: 26271K (29%)
ptolemy.util.test.WatchDog.cancel(): canceling Wed Jul 06 02:15:23 UTC 2022
------------------ testing $PTII/ptolemy/domains/de/test/auto/VariableDelay.xml
auto.tcl: Setting watchdog for 200 seconds at Wed Jul 06 02:15:23 UTC 2022
3 ms. Memory: 55296K Free: 35269K (64%)
ptolemy.util.test.WatchDog.cancel(): canceling Wed Jul 06 02:15:23 UTC 2022
auto.tcl: Setting watchdog for 200 seconds at Wed Jul 06 02:15:23 UTC 2022
2 ms. Memory: 55296K Free: 34773K (63%)
ptolemy.util.test.WatchDog.cancel(): canceling Wed Jul 06 02:15:23 UTC 2022
------------------ testing $PTII/ptolemy/domains/de/test/auto/VariableDelay2.xml
auto.tcl: Setting watchdog for 200 seconds at Wed Jul 06 02:15:23 UTC 2022
2 ms. Memory: 55296K Free: 35862K (65%)
ptolemy.util.test.WatchDog.cancel(): canceling Wed Jul 06 02:15:23 UTC 2022
auto.tcl: Setting watchdog for 200 seconds at Wed Jul 06 02:15:23 UTC 2022
2 ms. Memory: 55296K Free: 35350K (64%)
ptolemy.util.test.WatchDog.cancel(): canceling Wed Jul 06 02:15:23 UTC 2022
------------------ testing $PTII/ptolemy/domains/de/test/auto/VariableDelayZeroDelay.xml
auto.tcl: Setting watchdog for 200 seconds at Wed Jul 06 02:15:23 UTC 2022
2 ms. Memory: 55296K Free: 36195K (65%)
ptolemy.util.test.WatchDog.cancel(): canceling Wed Jul 06 02:15:23 UTC 2022
auto.tcl: Setting watchdog for 200 seconds at Wed Jul 06 02:15:23 UTC 2022
2 ms. Memory: 55296K Free: 35651K (64%)
ptolemy.util.test.WatchDog.cancel(): canceling Wed Jul 06 02:15:23 UTC 2022
------------------ testing $PTII/ptolemy/domains/de/test/auto/VariableDelayZeroDelay2.xml
auto.tcl: Setting watchdog for 200 seconds at Wed Jul 06 02:15:23 UTC 2022
3 ms. Memory: 55296K Free: 36194K (65%)
ptolemy.util.test.WatchDog.cancel(): canceling Wed Jul 06 02:15:23 UTC 2022
auto.tcl: Setting watchdog for 200 seconds at Wed Jul 06 02:15:23 UTC 2022
2 ms. Memory: 55296K Free: 35170K (64%)
ptolemy.util.test.WatchDog.cancel(): canceling Wed Jul 06 02:15:23 UTC 2022
------------------ testing $PTII/ptolemy/domains/de/test/auto/deInCt.xml
auto.tcl: Setting watchdog for 200 seconds at Wed Jul 06 02:15:23 UTC 2022
0
1
1
1
1
1
0
0
1
1
1
0
0
0
1
1
0
0
0
0
1
1
1
0
0
0
1
1
1
1
0
0
0
0
10 ms. Memory: 55296K Free: 35168K (64%)
ptolemy.util.test.WatchDog.cancel(): canceling Wed Jul 06 02:15:23 UTC 2022
auto.tcl: Setting watchdog for 200 seconds at Wed Jul 06 02:15:23 UTC 2022
0
1
1
1
0
0
0
1
1
0
0
0
0
1
1
1
1
0
0
0
1
1
1
0
0
0
0
1
1
1
1
0
0
0
1
1
1
1
0
0
0
1
1
1
1
7 ms. Memory: 55296K Free: 33616K (61%)
ptolemy.util.test.WatchDog.cancel(): canceling Wed Jul 06 02:15:23 UTC 2022
------------------ testing $PTII/ptolemy/domains/de/test/auto/deInCt2.xml
auto.tcl: Setting watchdog for 200 seconds at Wed Jul 06 02:15:23 UTC 2022
0
1
1
1
0
0
1
1
1
0
0
1
1
1
0
0
1
1
1
0
0
1
1
1
0
0
1
1
1
0
0
1
1
1
0
0
1
1
1
0
0
0
10 ms. Memory: 55296K Free: 35168K (64%)
ptolemy.util.test.WatchDog.cancel(): canceling Wed Jul 06 02:15:23 UTC 2022
auto.tcl: Setting watchdog for 200 seconds at Wed Jul 06 02:15:23 UTC 2022
0
1
1
1
0
0
1
1
1
0
0
1
1
1
0
0
1
1
1
0
0
1
1
1
0
0
1
1
1
0
0
1
1
1
0
0
1
1
1
0
0
0
9 ms. Memory: 55296K Free: 33630K (61%)
ptolemy.util.test.WatchDog.cancel(): canceling Wed Jul 06 02:15:23 UTC 2022
------------------ testing $PTII/ptolemy/domains/de/test/auto/dynamicCausalityInterface1.xml
auto.tcl: Setting watchdog for 200 seconds at Wed Jul 06 02:15:23 UTC 2022
1 ms. Memory: 51200K Free: 26456K (52%)
ptolemy.util.test.WatchDog.cancel(): canceling Wed Jul 06 02:15:23 UTC 2022
auto.tcl: Setting watchdog for 200 seconds at Wed Jul 06 02:15:23 UTC 2022
1 ms. Memory: 51200K Free: 25946K (51%)
ptolemy.util.test.WatchDog.cancel(): canceling Wed Jul 06 02:15:23 UTC 2022
------------------ testing $PTII/ptolemy/domains/de/test/auto/fsm_de_test.xml
auto.tcl: Setting watchdog for 200 seconds at Wed Jul 06 02:15:24 UTC 2022
9 ms. Memory: 51200K Free: 26341K (51%)
ptolemy.util.test.WatchDog.cancel(): canceling Wed Jul 06 02:15:24 UTC 2022
auto.tcl: Setting watchdog for 200 seconds at Wed Jul 06 02:15:24 UTC 2022
9 ms. Memory: 51200K Free: 24821K (48%)
ptolemy.util.test.WatchDog.cancel(): canceling Wed Jul 06 02:15:24 UTC 2022
------------------ testing $PTII/ptolemy/domains/de/test/auto/functionDependencyReconstruction.xml
auto.tcl: Setting watchdog for 200 seconds at Wed Jul 06 02:15:24 UTC 2022
3 ms. Memory: 51200K Free: 20714K (40%)
ptolemy.util.test.WatchDog.cancel(): canceling Wed Jul 06 02:15:24 UTC 2022
auto.tcl: Setting watchdog for 200 seconds at Wed Jul 06 02:15:24 UTC 2022
3 ms. Memory: 51200K Free: 18666K (36%)
ptolemy.util.test.WatchDog.cancel(): canceling Wed Jul 06 02:15:24 UTC 2022
------------------ testing $PTII/ptolemy/domains/de/test/auto/multirate.xml
auto.tcl: Setting watchdog for 200 seconds at Wed Jul 06 02:15:24 UTC 2022
4 ms. Memory: 51200K Free: 28788K (56%)
ptolemy.util.test.WatchDog.cancel(): canceling Wed Jul 06 02:15:24 UTC 2022
auto.tcl: Setting watchdog for 200 seconds at Wed Jul 06 02:15:24 UTC 2022
3 ms. Memory: 51200K Free: 27764K (54%)
ptolemy.util.test.WatchDog.cancel(): canceling Wed Jul 06 02:15:24 UTC 2022
------------------ testing $PTII/ptolemy/domains/de/test/auto/multirate2.xml
auto.tcl: Setting watchdog for 200 seconds at Wed Jul 06 02:15:24 UTC 2022
5 ms. Memory: 51200K Free: 29465K (58%)
ptolemy.util.test.WatchDog.cancel(): canceling Wed Jul 06 02:15:24 UTC 2022
auto.tcl: Setting watchdog for 200 seconds at Wed Jul 06 02:15:24 UTC 2022
3 ms. Memory: 51200K Free: 27945K (55%)
ptolemy.util.test.WatchDog.cancel(): canceling Wed Jul 06 02:15:24 UTC 2022
------------------ testing $PTII/ptolemy/domains/de/test/auto/realtime.xml
auto.tcl: Setting watchdog for 200 seconds at Wed Jul 06 02:15:24 UTC 2022
10002 ms. Memory: 51200K Free: 31556K (62%)
ptolemy.util.test.WatchDog.cancel(): canceling Wed Jul 06 02:15:34 UTC 2022
auto.tcl: Setting watchdog for 200 seconds at Wed Jul 06 02:15:34 UTC 2022
10002 ms. Memory: 51200K Free: 30532K (60%)
ptolemy.util.test.WatchDog.cancel(): canceling Wed Jul 06 02:15:44 UTC 2022
------------------ testing $PTII/ptolemy/domains/de/test/auto/relationGroup.xml
auto.tcl: Setting watchdog for 200 seconds at Wed Jul 06 02:15:44 UTC 2022
2 ms. Memory: 51200K Free: 32830K (64%)
ptolemy.util.test.WatchDog.cancel(): canceling Wed Jul 06 02:15:44 UTC 2022
auto.tcl: Setting watchdog for 200 seconds at Wed Jul 06 02:15:44 UTC 2022
2 ms. Memory: 51200K Free: 32318K (63%)
ptolemy.util.test.WatchDog.cancel(): canceling Wed Jul 06 02:15:44 UTC 2022
------------------ testing $PTII/ptolemy/domains/de/test/auto/relationGroup2.xml
auto.tcl: Setting watchdog for 200 seconds at Wed Jul 06 02:15:44 UTC 2022
2 ms. Memory: 51200K Free: 32630K (64%)
ptolemy.util.test.WatchDog.cancel(): canceling Wed Jul 06 02:15:44 UTC 2022
auto.tcl: Setting watchdog for 200 seconds at Wed Jul 06 02:15:44 UTC 2022
1 ms. Memory: 51200K Free: 32133K (63%)
ptolemy.util.test.WatchDog.cancel(): canceling Wed Jul 06 02:15:44 UTC 2022
------------------ testing $PTII/ptolemy/domains/de/test/auto/sortWithOpaquePorts.xml
auto.tcl: Setting watchdog for 200 seconds at Wed Jul 06 02:15:44 UTC 2022
1 ms. Memory: 51200K Free: 31097K (61%)
ptolemy.util.test.WatchDog.cancel(): canceling Wed Jul 06 02:15:44 UTC 2022
auto.tcl: Setting watchdog for 200 seconds at Wed Jul 06 02:15:44 UTC 2022
1 ms. Memory: 51200K Free: 30073K (59%)
ptolemy.util.test.WatchDog.cancel(): canceling Wed Jul 06 02:15:44 UTC 2022
------------------ testing $PTII/ptolemy/domains/de/test/auto/transferInputsandOutputs.xml
auto.tcl: Setting watchdog for 200 seconds at Wed Jul 06 02:15:44 UTC 2022
2 ms. Memory: 51200K Free: 29036K (57%)
ptolemy.util.test.WatchDog.cancel(): canceling Wed Jul 06 02:15:44 UTC 2022
auto.tcl: Setting watchdog for 200 seconds at Wed Jul 06 02:15:44 UTC 2022
3 ms. Memory: 51200K Free: 28012K (55%)
ptolemy.util.test.WatchDog.cancel(): canceling Wed Jul 06 02:15:44 UTC 2022
------------------ testing $PTII/ptolemy/domains/de/test/auto/triggerType.xml
auto.tcl: Setting watchdog for 200 seconds at Wed Jul 06 02:15:44 UTC 2022
1 ms. Memory: 51200K Free: 32061K (63%)
ptolemy.util.test.WatchDog.cancel(): canceling Wed Jul 06 02:15:44 UTC 2022
auto.tcl: Setting watchdog for 200 seconds at Wed Jul 06 02:15:44 UTC 2022
2 ms. Memory: 51200K Free: 31037K (61%)
ptolemy.util.test.WatchDog.cancel(): canceling Wed Jul 06 02:15:44 UTC 2022
07/06/22 02:15:44
Failed: 0  Total Tests: 192  ((Passed: 187, Newly Passed: 1)  Known Failed: 5) /home/travis/build/icyphy/ptII/ptolemy/domains/de/test
07/06/22 02:15:44
Failed: 0  Total Tests: 192  ((Passed: 187, Newly Passed: 1)  Known Failed: 5) /home/travis/build/icyphy/ptII/ptolemy/domains/de/test
----------------- testing (KnownFailure) /home/travis/build/icyphy/ptII/ptolemy/domains/de/test/auto/knownFailedTests/DESDFClockTest.xml
2020 ms. Memory: 51200K Free: 25456K (50%)
Known Failure: java.lang.reflect.InvocationTargetException
----------------- testing (KnownFailure) /home/travis/build/icyphy/ptII/ptolemy/domains/de/test/auto/knownFailedTests/DirectFeedback.xml
2 ms. Memory: 51200K Free: 21874K (43%)
Known Failure: java.lang.reflect.InvocationTargetException
----------------- testing (KnownFailure) /home/travis/build/icyphy/ptII/ptolemy/domains/de/test/auto/knownFailedTests/FSMSource.xml
15 ms. Memory: 51200K Free: 14706K (29%)
----------------- testing (KnownFailure) /home/travis/build/icyphy/ptII/ptolemy/domains/de/test/auto/knownFailedTests/HierarchicalModel.xml
2 ms. Memory: 51200K Free: 26517K (52%)
Known Failure: java.lang.reflect.InvocationTargetException
----------------- testing (KnownFailure) /home/travis/build/icyphy/ptII/ptolemy/domains/de/test/auto/knownFailedTests/dependencyLoop.xml
4 ms. Memory: 51200K Free: 11325K (22%)
Known Failure: java.lang.reflect.InvocationTargetException
----------------- testing (KnownFailure) /home/travis/build/icyphy/ptII/ptolemy/domains/de/test/auto/knownFailedTests/dependencyLoop2.xml
3 ms. Memory: 51200K Free: 24154K (47%)
Known Failure: java.lang.reflect.InvocationTargetException
No auto/linux-amd64/*.xml tests in /home/travis/build/icyphy/ptII/ptolemy/domains/de/test
AutoTests.java: About to close Vertx.
AutoTests.java: Vertx closed.

===========================================================================================
----------------- testing Wed Jul 06 02:15:46 UTC 2022 /home/travis/build/icyphy/ptII/ptolemy/domains/de/test/auto/ActorDepthCalculation_actorWithoutPorts.xml
----------------- Instantiating /home/travis/build/icyphy/ptII/ptolemy/domains/de/test/auto/ActorDepthCalculation_actorWithoutPorts.xml
1 ms. Memory: 51200K Free: 17415K (34%)
----------------- Invoking toplevel() on ptolemy.moml.MoMLSimpleApplication@45e82f06
----------------- Done invoking toplevel() on ptolemy.moml.MoMLSimpleApplication@45e82f06
reloadAllAccessors: .ActorDepthCalculation_actorWithoutPorts

===========================================================================================
----------------- testing Wed Jul 06 02:15:46 UTC 2022 /home/travis/build/icyphy/ptII/ptolemy/domains/de/test/auto/AssemblyLine.xml
----------------- Instantiating /home/travis/build/icyphy/ptII/ptolemy/domains/de/test/auto/AssemblyLine.xml
2 ms. Memory: 51200K Free: 10585K (21%)
----------------- Invoking toplevel() on ptolemy.moml.MoMLSimpleApplication@6a382397
----------------- Done invoking toplevel() on ptolemy.moml.MoMLSimpleApplication@6a382397
reloadAllAccessors: .AssemblyLine

===========================================================================================
----------------- testing Wed Jul 06 02:15:46 UTC 2022 /home/travis/build/icyphy/ptII/ptolemy/domains/de/test/auto/CQBug1.xml
----------------- Instantiating /home/travis/build/icyphy/ptII/ptolemy/domains/de/test/auto/CQBug1.xml
4 ms. Memory: 51200K Free: 35414K (69%)
----------------- Invoking toplevel() on ptolemy.moml.MoMLSimpleApplication@41d729d5
----------------- Done invoking toplevel() on ptolemy.moml.MoMLSimpleApplication@41d729d5
reloadAllAccessors: .CQBug1

===========================================================================================
----------------- testing Wed Jul 06 02:15:47 UTC 2022 /home/travis/build/icyphy/ptII/ptolemy/domains/de/test/auto/CancelFireAt.xml
----------------- Instantiating /home/travis/build/icyphy/ptII/ptolemy/domains/de/test/auto/CancelFireAt.xml
1 ms. Memory: 51200K Free: 32636K (64%)
----------------- Invoking toplevel() on ptolemy.moml.MoMLSimpleApplication@55b178b3
----------------- Done invoking toplevel() on ptolemy.moml.MoMLSimpleApplication@55b178b3
reloadAllAccessors: .CancelFireAt

===========================================================================================
----------------- testing Wed Jul 06 02:15:47 UTC 2022 /home/travis/build/icyphy/ptII/ptolemy/domains/de/test/auto/CausalityAndComposabilityAnalysis.xml
----------------- Instantiating /home/travis/build/icyphy/ptII/ptolemy/domains/de/test/auto/CausalityAndComposabilityAnalysis.xml
2 ms. Memory: 51200K Free: 28286K (55%)
----------------- Invoking toplevel() on ptolemy.moml.MoMLSimpleApplication@56e26e94
----------------- Done invoking toplevel() on ptolemy.moml.MoMLSimpleApplication@56e26e94
reloadAllAccessors: .CausalityAndComposabilityAnalysis

===========================================================================================
----------------- testing Wed Jul 06 02:15:47 UTC 2022 /home/travis/build/icyphy/ptII/ptolemy/domains/de/test/auto/CausalityInterface1.xml
----------------- Instantiating /home/travis/build/icyphy/ptII/ptolemy/domains/de/test/auto/CausalityInterface1.xml
4 ms. Memory: 51200K Free: 23160K (45%)
----------------- Invoking toplevel() on ptolemy.moml.MoMLSimpleApplication@7793054c
----------------- Done invoking toplevel() on ptolemy.moml.MoMLSimpleApplication@7793054c
reloadAllAccessors: .CausalityInterface1

===========================================================================================
----------------- testing Wed Jul 06 02:15:47 UTC 2022 /home/travis/build/icyphy/ptII/ptolemy/domains/de/test/auto/CausalityInterface15.xml
----------------- Instantiating /home/travis/build/icyphy/ptII/ptolemy/domains/de/test/auto/CausalityInterface15.xml
2 ms. Memory: 51200K Free: 17683K (35%)
----------------- Invoking toplevel() on ptolemy.moml.MoMLSimpleApplication@2c5af8a5
----------------- Done invoking toplevel() on ptolemy.moml.MoMLSimpleApplication@2c5af8a5
reloadAllAccessors: .CausalityInterface15

===========================================================================================
----------------- testing Wed Jul 06 02:15:47 UTC 2022 /home/travis/build/icyphy/ptII/ptolemy/domains/de/test/auto/CausalityInterface2.xml
----------------- Instantiating /home/travis/build/icyphy/ptII/ptolemy/domains/de/test/auto/CausalityInterface2.xml
1 ms. Memory: 51200K Free: 13189K (26%)
[...]
	at ptolemy.actor.Manager.run(Manager.java:1263)
	at ptolemy.actor.Manager$PtolemyRunThread.run(Manager.java:1933)
java.lang.RuntimeException: Execution failed
	at ptolemy.moml.MoMLSimpleApplication$UnloadThread.run(MoMLSimpleApplication.java:402)
Caused by: ptolemy.kernel.util.IllegalActionException: Actor is not ready to fire.  Perhaps UpSample.prefire() returned false? Try debugging the actor by selecting "Listen to Actor".  Also, for SDF check moml for tokenConsumptionRate on input.
  in .DESDFClockTest.Play Bell.Copy1:SDF Director and .DESDFClockTest.Play Bell.UpSample
	at ptolemy.actor.sched.StaticSchedulingDirector.fire(StaticSchedulingDirector.java:227)
	at ptolemy.domains.sdf.kernel.SDFDirector.fire(SDFDirector.java:500)
	at ptolemy.actor.CompositeActor.fire(CompositeActor.java:455)
	at ptolemy.domains.de.kernel.DEDirector._fire(DEDirector.java:1949)
	at ptolemy.domains.de.kernel.DEDirector.fire(DEDirector.java:502)
	at ptolemy.actor.CompositeActor.fire(CompositeActor.java:455)
	at ptolemy.actor.Manager.iterate(Manager.java:851)
	at ptolemy.actor.Manager.execute(Manager.java:369)
	at ptolemy.actor.Manager.run(Manager.java:1263)
	at ptolemy.actor.Manager$PtolemyRunThread.run(Manager.java:1933)
java.lang.reflect.InvocationTargetException
	at java.base/jdk.internal.reflect.NativeConstructorAccessorImpl.newInstance0(Native Method)
	at java.base/jdk.internal.reflect.NativeConstructorAccessorImpl.newInstance(NativeConstructorAccessorImpl.java:62)
	at java.base/jdk.internal.reflect.DelegatingConstructorAccessorImpl.newInstance(DelegatingConstructorAccessorImpl.java:45)
	at java.base/java.lang.reflect.Constructor.newInstance(Constructor.java:490)
	at ptolemy.util.test.junit.AutoKnownFailedTests.RunModel(AutoKnownFailedTests.java:105)
	at java.base/jdk.internal.reflect.NativeMethodAccessorImpl.invoke0(Native Method)
	at java.base/jdk.internal.reflect.NativeMethodAccessorImpl.invoke(NativeMethodAccessorImpl.java:62)
	at java.base/jdk.internal.reflect.DelegatingMethodAccessorImpl.invoke(DelegatingMethodAccessorImpl.java:43)
	at java.base/java.lang.reflect.Method.invoke(Method.java:566)
	at org.junit.runners.model.FrameworkMethod$1.runReflectiveCall(FrameworkMethod.java:44)
	at org.junit.internal.runners.model.ReflectiveCallable.run(ReflectiveCallable.java:15)
	at org.junit.runners.model.FrameworkMethod.invokeExplosively(FrameworkMethod.java:41)
	at junitparams.internal.InvokeParameterisedMethod.evaluate(InvokeParameterisedMethod.java:102)
	at org.junit.internal.runners.statements.FailOnTimeout$1.run(FailOnTimeout.java:28)
Caused by: ptolemy.kernel.util.IllegalActionException: Actor is not ready to fire.  Perhaps UpSample.prefire() returned false? Try debugging the actor by selecting "Listen to Actor".  Also, for SDF check moml for tokenConsumptionRate on input.
  in .DESDFClockTest.Play Bell.Copy1:SDF Director and .DESDFClockTest.Play Bell.UpSample
	at ptolemy.actor.sched.StaticSchedulingDirector.fire(StaticSchedulingDirector.java:227)
	at ptolemy.domains.sdf.kernel.SDFDirector.fire(SDFDirector.java:500)
	at ptolemy.actor.CompositeActor.fire(CompositeActor.java:455)
	at ptolemy.domains.de.kernel.DEDirector._fire(DEDirector.java:1949)
	at ptolemy.domains.de.kernel.DEDirector.fire(DEDirector.java:502)
	at ptolemy.actor.CompositeActor.fire(CompositeActor.java:455)
	at ptolemy.actor.Manager.iterate(Manager.java:851)
	at ptolemy.actor.Manager.execute(Manager.java:369)
	at ptolemy.actor.Manager.run(Manager.java:1263)
	at ptolemy.actor.Manager$PtolemyRunThread.run(Manager.java:1933)
java.lang.RuntimeException: Execution failed
	at ptolemy.moml.MoMLSimpleApplication$UnloadThread.run(MoMLSimpleApplication.java:402)
Caused by: ptolemy.kernel.util.IllegalActionException: Test fails in iteration 1.
Value was: 1.0. Should have been: 2.0
  in .DirectFeedback.Test
	at ptolemy.actor.lib.Test.fire(Test.java:268)
	at ptolemy.domains.de.kernel.DEDirector._fire(DEDirector.java:1949)
	at ptolemy.domains.de.kernel.DEDirector.fire(DEDirector.java:502)
	at ptolemy.actor.CompositeActor.fire(CompositeActor.java:455)
	at ptolemy.actor.Manager.iterate(Manager.java:851)
	at ptolemy.actor.Manager.execute(Manager.java:369)
	at ptolemy.actor.Manager.run(Manager.java:1263)
	at ptolemy.actor.Manager$PtolemyRunThread.run(Manager.java:1933)
java.lang.reflect.InvocationTargetException
	at java.base/jdk.internal.reflect.NativeConstructorAccessorImpl.newInstance0(Native Method)
	at java.base/jdk.internal.reflect.NativeConstructorAccessorImpl.newInstance(NativeConstructorAccessorImpl.java:62)
	at java.base/jdk.internal.reflect.DelegatingConstructorAccessorImpl.newInstance(DelegatingConstructorAccessorImpl.java:45)
	at java.base/java.lang.reflect.Constructor.newInstance(Constructor.java:490)
	at ptolemy.util.test.junit.AutoKnownFailedTests.RunModel(AutoKnownFailedTests.java:105)
	at java.base/jdk.internal.reflect.NativeMethodAccessorImpl.invoke0(Native Method)
	at java.base/jdk.internal.reflect.NativeMethodAccessorImpl.invoke(NativeMethodAccessorImpl.java:62)
	at java.base/jdk.internal.reflect.DelegatingMethodAccessorImpl.invoke(DelegatingMethodAccessorImpl.java:43)
	at java.base/java.lang.reflect.Method.invoke(Method.java:566)
	at org.junit.runners.model.FrameworkMethod$1.runReflectiveCall(FrameworkMethod.java:44)
	at org.junit.internal.runners.model.ReflectiveCallable.run(ReflectiveCallable.java:15)
	at org.junit.runners.model.FrameworkMethod.invokeExplosively(FrameworkMethod.java:41)
	at junitparams.internal.InvokeParameterisedMethod.evaluate(InvokeParameterisedMethod.java:102)
	at org.junit.internal.runners.statements.FailOnTimeout$1.run(FailOnTimeout.java:28)
Caused by: ptolemy.kernel.util.IllegalActionException: Test fails in iteration 1.
Value was: 1.0. Should have been: 2.0
  in .DirectFeedback.Test
	at ptolemy.actor.lib.Test.fire(Test.java:268)
	at ptolemy.domains.de.kernel.DEDirector._fire(DEDirector.java:1949)
	at ptolemy.domains.de.kernel.DEDirector.fire(DEDirector.java:502)
	at ptolemy.actor.CompositeActor.fire(CompositeActor.java:455)
	at ptolemy.actor.Manager.iterate(Manager.java:851)
	at ptolemy.actor.Manager.execute(Manager.java:369)
	at ptolemy.actor.Manager.run(Manager.java:1263)
	at ptolemy.actor.Manager$PtolemyRunThread.run(Manager.java:1933)
java.lang.RuntimeException: Execution failed
	at ptolemy.moml.MoMLSimpleApplication$UnloadThread.run(MoMLSimpleApplication.java:402)
Caused by: ptolemy.kernel.util.IllegalActionException: Found a zero delay loop containing .HierarchicalModel.A
  in .HierarchicalModel and .HierarchicalModel.A
	at ptolemy.actor.util.CausalityInterfaceForComposites._computeOutputPortDepth(CausalityInterfaceForComposites.java:759)
	at ptolemy.actor.util.CausalityInterfaceForComposites._computeInputDepth(CausalityInterfaceForComposites.java:696)
	at ptolemy.actor.util.CausalityInterfaceForComposites._computeOutputPortDepth(CausalityInterfaceForComposites.java:765)
	at ptolemy.actor.util.CausalityInterfaceForComposites._computeInputDepth(CausalityInterfaceForComposites.java:696)
	at ptolemy.actor.util.CausalityInterfaceForComposites._computeOutputPortDepth(CausalityInterfaceForComposites.java:765)
	at ptolemy.actor.util.CausalityInterfaceForComposites._computeInputDepth(CausalityInterfaceForComposites.java:696)
	at ptolemy.actor.util.CausalityInterfaceForComposites._computeActorDepth(CausalityInterfaceForComposites.java:532)
	at ptolemy.actor.util.CausalityInterfaceForComposites.checkForCycles(CausalityInterfaceForComposites.java:96)
	at ptolemy.domains.de.kernel.DEDirector.preinitialize(DEDirector.java:1338)
	at ptolemy.actor.CompositeActor.preinitialize(CompositeActor.java:1828)
	at ptolemy.actor.Manager.preinitializeAndResolveTypes(Manager.java:1040)
	at ptolemy.actor.Manager.initialize(Manager.java:710)
	at ptolemy.actor.Manager.execute(Manager.java:356)
	at ptolemy.actor.Manager.run(Manager.java:1263)
	at ptolemy.actor.Manager$PtolemyRunThread.run(Manager.java:1933)
java.lang.reflect.InvocationTargetException
	at java.base/jdk.internal.reflect.NativeConstructorAccessorImpl.newInstance0(Native Method)
	at java.base/jdk.internal.reflect.NativeConstructorAccessorImpl.newInstance(NativeConstructorAccessorImpl.java:62)
	at java.base/jdk.internal.reflect.DelegatingConstructorAccessorImpl.newInstance(DelegatingConstructorAccessorImpl.java:45)
	at java.base/java.lang.reflect.Constructor.newInstance(Constructor.java:490)
	at ptolemy.util.test.junit.AutoKnownFailedTests.RunModel(AutoKnownFailedTests.java:105)
	at java.base/jdk.internal.reflect.NativeMethodAccessorImpl.invoke0(Native Method)
	at java.base/jdk.internal.reflect.NativeMethodAccessorImpl.invoke(NativeMethodAccessorImpl.java:62)
	at java.base/jdk.internal.reflect.DelegatingMethodAccessorImpl.invoke(DelegatingMethodAccessorImpl.java:43)
	at java.base/java.lang.reflect.Method.invoke(Method.java:566)
	at org.junit.runners.model.FrameworkMethod$1.runReflectiveCall(FrameworkMethod.java:44)
	at org.junit.internal.runners.model.ReflectiveCallable.run(ReflectiveCallable.java:15)
	at org.junit.runners.model.FrameworkMethod.invokeExplosively(FrameworkMethod.java:41)
	at junitparams.internal.InvokeParameterisedMethod.evaluate(InvokeParameterisedMethod.java:102)
	at org.junit.internal.runners.statements.FailOnTimeout$1.run(FailOnTimeout.java:28)
Caused by: ptolemy.kernel.util.IllegalActionException: Found a zero delay loop containing .HierarchicalModel.A
  in .HierarchicalModel and .HierarchicalModel.A
	at ptolemy.actor.util.CausalityInterfaceForComposites._computeOutputPortDepth(CausalityInterfaceForComposites.java:759)
	at ptolemy.actor.util.CausalityInterfaceForComposites._computeInputDepth(CausalityInterfaceForComposites.java:696)
	at ptolemy.actor.util.CausalityInterfaceForComposites._computeOutputPortDepth(CausalityInterfaceForComposites.java:765)
	at ptolemy.actor.util.CausalityInterfaceForComposites._computeInputDepth(CausalityInterfaceForComposites.java:696)
	at ptolemy.actor.util.CausalityInterfaceForComposites._computeOutputPortDepth(CausalityInterfaceForComposites.java:765)
	at ptolemy.actor.util.CausalityInterfaceForComposites._computeInputDepth(CausalityInterfaceForComposites.java:696)
	at ptolemy.actor.util.CausalityInterfaceForComposites._computeActorDepth(CausalityInterfaceForComposites.java:532)
	at ptolemy.actor.util.CausalityInterfaceForComposites.checkForCycles(CausalityInterfaceForComposites.java:96)
	at ptolemy.domains.de.kernel.DEDirector.preinitialize(DEDirector.java:1338)
	at ptolemy.actor.CompositeActor.preinitialize(CompositeActor.java:1828)
	at ptolemy.actor.Manager.preinitializeAndResolveTypes(Manager.java:1040)
	at ptolemy.actor.Manager.initialize(Manager.java:710)
	at ptolemy.actor.Manager.execute(Manager.java:356)
	at ptolemy.actor.Manager.run(Manager.java:1263)
	at ptolemy.actor.Manager$PtolemyRunThread.run(Manager.java:1933)
java.lang.RuntimeException: Execution failed
	at ptolemy.moml.MoMLSimpleApplication$UnloadThread.run(MoMLSimpleApplication.java:402)
Caused by: ptolemy.kernel.util.IllegalActionException: Found a zero delay loop containing .dependencyLoop.original
  in .dependencyLoop and .dependencyLoop.original
	at ptolemy.actor.util.CausalityInterfaceForComposites._computeOutputPortDepth(CausalityInterfaceForComposites.java:759)
	at ptolemy.actor.util.CausalityInterfaceForComposites._computeInputDepth(CausalityInterfaceForComposites.java:696)
	at ptolemy.actor.util.CausalityInterfaceForComposites._computeOutputPortDepth(CausalityInterfaceForComposites.java:765)
	at ptolemy.actor.util.CausalityInterfaceForComposites._computeInputDepth(CausalityInterfaceForComposites.java:696)
	at ptolemy.actor.util.CausalityInterfaceForComposites._computeOutputPortDepth(CausalityInterfaceForComposites.java:765)
	at ptolemy.actor.util.CausalityInterfaceForComposites._computeInputDepth(CausalityInterfaceForComposites.java:696)
	at ptolemy.actor.util.CausalityInterfaceForComposites._computeActorDepth(CausalityInterfaceForComposites.java:532)
	at ptolemy.actor.util.CausalityInterfaceForComposites.checkForCycles(CausalityInterfaceForComposites.java:96)
	at ptolemy.domains.de.kernel.DEDirector.preinitialize(DEDirector.java:1338)
	at ptolemy.actor.CompositeActor.preinitialize(CompositeActor.java:1828)
	at ptolemy.actor.Manager.preinitializeAndResolveTypes(Manager.java:1040)
	at ptolemy.actor.Manager.initialize(Manager.java:710)
	at ptolemy.actor.Manager.execute(Manager.java:356)
	at ptolemy.actor.Manager.run(Manager.java:1263)
	at ptolemy.actor.Manager$PtolemyRunThread.run(Manager.java:1933)
java.lang.reflect.InvocationTargetException
	at java.base/jdk.internal.reflect.NativeConstructorAccessorImpl.newInstance0(Native Method)
	at java.base/jdk.internal.reflect.NativeConstructorAccessorImpl.newInstance(NativeConstructorAccessorImpl.java:62)
	at java.base/jdk.internal.reflect.DelegatingConstructorAccessorImpl.newInstance(DelegatingConstructorAccessorImpl.java:45)
	at java.base/java.lang.reflect.Constructor.newInstance(Constructor.java:490)
	at ptolemy.util.test.junit.AutoKnownFailedTests.RunModel(AutoKnownFailedTests.java:105)
	at java.base/jdk.internal.reflect.NativeMethodAccessorImpl.invoke0(Native Method)
	at java.base/jdk.internal.reflect.NativeMethodAccessorImpl.invoke(NativeMethodAccessorImpl.java:62)
	at java.base/jdk.internal.reflect.DelegatingMethodAccessorImpl.invoke(DelegatingMethodAccessorImpl.java:43)
	at java.base/java.lang.reflect.Method.invoke(Method.java:566)
	at org.junit.runners.model.FrameworkMethod$1.runReflectiveCall(FrameworkMethod.java:44)
	at org.junit.internal.runners.model.ReflectiveCallable.run(ReflectiveCallable.java:15)
	at org.junit.runners.model.FrameworkMethod.invokeExplosively(FrameworkMethod.java:41)
	at junitparams.internal.InvokeParameterisedMethod.evaluate(InvokeParameterisedMethod.java:102)
	at org.junit.internal.runners.statements.FailOnTimeout$1.run(FailOnTimeout.java:28)
Caused by: ptolemy.kernel.util.IllegalActionException: Found a zero delay loop containing .dependencyLoop.original
  in .dependencyLoop and .dependencyLoop.original
	at ptolemy.actor.util.CausalityInterfaceForComposites._computeOutputPortDepth(CausalityInterfaceForComposites.java:759)
	at ptolemy.actor.util.CausalityInterfaceForComposites._computeInputDepth(CausalityInterfaceForComposites.java:696)
	at ptolemy.actor.util.CausalityInterfaceForComposites._computeOutputPortDepth(CausalityInterfaceForComposites.java:765)
	at ptolemy.actor.util.CausalityInterfaceForComposites._computeInputDepth(CausalityInterfaceForComposites.java:696)
	at ptolemy.actor.util.CausalityInterfaceForComposites._computeOutputPortDepth(CausalityInterfaceForComposites.java:765)
	at ptolemy.actor.util.CausalityInterfaceForComposites._computeInputDepth(CausalityInterfaceForComposites.java:696)
	at ptolemy.actor.util.CausalityInterfaceForComposites._computeActorDepth(CausalityInterfaceForComposites.java:532)
	at ptolemy.actor.util.CausalityInterfaceForComposites.checkForCycles(CausalityInterfaceForComposites.java:96)
	at ptolemy.domains.de.kernel.DEDirector.preinitialize(DEDirector.java:1338)
	at ptolemy.actor.CompositeActor.preinitialize(CompositeActor.java:1828)
	at ptolemy.actor.Manager.preinitializeAndResolveTypes(Manager.java:1040)
	at ptolemy.actor.Manager.initialize(Manager.java:710)
	at ptolemy.actor.Manager.execute(Manager.java:356)
	at ptolemy.actor.Manager.run(Manager.java:1263)
	at ptolemy.actor.Manager$PtolemyRunThread.run(Manager.java:1933)
java.lang.RuntimeException: Execution failed
	at ptolemy.moml.MoMLSimpleApplication$UnloadThread.run(MoMLSimpleApplication.java:402)
Caused by: ptolemy.kernel.util.IllegalActionException: Found a zero delay loop containing .dependencyLoop2.original
  in .dependencyLoop2 and .dependencyLoop2.original
	at ptolemy.actor.util.CausalityInterfaceForComposites._computeOutputPortDepth(CausalityInterfaceForComposites.java:759)
	at ptolemy.actor.util.CausalityInterfaceForComposites._computeInputDepth(CausalityInterfaceForComposites.java:696)
	at ptolemy.actor.util.CausalityInterfaceForComposites._computeOutputPortDepth(CausalityInterfaceForComposites.java:765)
	at ptolemy.actor.util.CausalityInterfaceForComposites._computeInputDepth(CausalityInterfaceForComposites.java:696)
	at ptolemy.actor.util.CausalityInterfaceForComposites._computeOutputPortDepth(CausalityInterfaceForComposites.java:765)
	at ptolemy.actor.util.CausalityInterfaceForComposites._computeInputDepth(CausalityInterfaceForComposites.java:696)
	at ptolemy.actor.util.CausalityInterfaceForComposites._computeActorDepth(CausalityInterfaceForComposites.java:532)
	at ptolemy.actor.util.CausalityInterfaceForComposites.checkForCycles(CausalityInterfaceForComposites.java:96)
	at ptolemy.domains.de.kernel.DEDirector.preinitialize(DEDirector.java:1338)
	at ptolemy.actor.CompositeActor.preinitialize(CompositeActor.java:1828)
	at ptolemy.actor.Manager.preinitializeAndResolveTypes(Manager.java:1040)
	at ptolemy.actor.Manager.initialize(Manager.java:710)
	at ptolemy.actor.Manager.execute(Manager.java:356)
	at ptolemy.actor.Manager.run(Manager.java:1263)
	at ptolemy.actor.Manager$PtolemyRunThread.run(Manager.java:1933)
java.lang.reflect.InvocationTargetException
	at java.base/jdk.internal.reflect.NativeConstructorAccessorImpl.newInstance0(Native Method)
	at java.base/jdk.internal.reflect.NativeConstructorAccessorImpl.newInstance(NativeConstructorAccessorImpl.java:62)
	at java.base/jdk.internal.reflect.DelegatingConstructorAccessorImpl.newInstance(DelegatingConstructorAccessorImpl.java:45)
	at java.base/java.lang.reflect.Constructor.newInstance(Constructor.java:490)
	at ptolemy.util.test.junit.AutoKnownFailedTests.RunModel(AutoKnownFailedTests.java:105)
	at java.base/jdk.internal.reflect.NativeMethodAccessorImpl.invoke0(Native Method)
	at java.base/jdk.internal.reflect.NativeMethodAccessorImpl.invoke(NativeMethodAccessorImpl.java:62)
	at java.base/jdk.internal.reflect.DelegatingMethodAccessorImpl.invoke(DelegatingMethodAccessorImpl.java:43)
	at java.base/java.lang.reflect.Method.invoke(Method.java:566)
	at org.junit.runners.model.FrameworkMethod$1.runReflectiveCall(FrameworkMethod.java:44)
	at org.junit.internal.runners.model.ReflectiveCallable.run(ReflectiveCallable.java:15)
	at org.junit.runners.model.FrameworkMethod.invokeExplosively(FrameworkMethod.java:41)
	at junitparams.internal.InvokeParameterisedMethod.evaluate(InvokeParameterisedMethod.java:102)
	at org.junit.internal.runners.statements.FailOnTimeout$1.run(FailOnTimeout.java:28)
Caused by: ptolemy.kernel.util.IllegalActionException: Found a zero delay loop containing .dependencyLoop2.original
  in .dependencyLoop2 and .dependencyLoop2.original
	at ptolemy.actor.util.CausalityInterfaceForComposites._computeOutputPortDepth(CausalityInterfaceForComposites.java:759)
	at ptolemy.actor.util.CausalityInterfaceForComposites._computeInputDepth(CausalityInterfaceForComposites.java:696)
	at ptolemy.actor.util.CausalityInterfaceForComposites._computeOutputPortDepth(CausalityInterfaceForComposites.java:765)
	at ptolemy.actor.util.CausalityInterfaceForComposites._computeInputDepth(CausalityInterfaceForComposites.java:696)
	at ptolemy.actor.util.CausalityInterfaceForComposites._computeOutputPortDepth(CausalityInterfaceForComposites.java:765)
	at ptolemy.actor.util.CausalityInterfaceForComposites._computeInputDepth(CausalityInterfaceForComposites.java:696)
	at ptolemy.actor.util.CausalityInterfaceForComposites._computeActorDepth(CausalityInterfaceForComposites.java:532)
	at ptolemy.actor.util.CausalityInterfaceForComposites.checkForCycles(CausalityInterfaceForComposites.java:96)
	at ptolemy.domains.de.kernel.DEDirector.preinitialize(DEDirector.java:1338)
	at ptolemy.actor.CompositeActor.preinitialize(CompositeActor.java:1828)
	at ptolemy.actor.Manager.preinitializeAndResolveTypes(Manager.java:1040)
	at ptolemy.actor.Manager.initialize(Manager.java:710)
	at ptolemy.actor.Manager.execute(Manager.java:356)
	at ptolemy.actor.Manager.run(Manager.java:1263)
	at ptolemy.actor.Manager$PtolemyRunThread.run(Manager.java:1933)
]]></system-err>
</testsuite>
