<?xml version="1.0" encoding="UTF-8" ?>
<testsuite errors="0" failures="0" hostname="travis-job-026907bd-9f2c-4104-9f23-8383b22448a7" name="ptolemy.domains.de.test.junit.JUnitTclTest" skipped="0" tests="101" time="142.206" timestamp="2019-07-28T05:10:00">
  <properties>
[...]
</properties>
  <testcase classname="ptolemy.util.test.junit.TclTests" name="[0] /home/travis/build/icyphy/ptII/ptolemy/domains/de/test/DependencyLoop.tcl (RunTclFile)" time="1.204" />
  <testcase classname="ptolemy.util.test.junit.TclTests" name="[1] /home/travis/build/icyphy/ptII/ptolemy/domains/de/test/RunDETestsAsQSS.tcl (RunTclFile)" time="96.025" />
  <testcase classname="ptolemy.util.test.junit.AutoKnownFailedTests" name="[0] /home/travis/build/icyphy/ptII/ptolemy/domains/de/test/auto/knownFailedTests/DESDFClockTest.xml (RunModel)" time="2.045" />
  <testcase classname="ptolemy.util.test.junit.AutoKnownFailedTests" name="[1] /home/travis/build/icyphy/ptII/ptolemy/domains/de/test/auto/knownFailedTests/DirectFeedback.xml (RunModel)" time="0.015" />
  <testcase classname="ptolemy.util.test.junit.AutoKnownFailedTests" name="[2] /home/travis/build/icyphy/ptII/ptolemy/domains/de/test/auto/knownFailedTests/FSMSource.xml (RunModel)" time="0.026" />
  <testcase classname="ptolemy.util.test.junit.AutoKnownFailedTests" name="[3] /home/travis/build/icyphy/ptII/ptolemy/domains/de/test/auto/knownFailedTests/HierarchicalModel.xml (RunModel)" time="0.052" />
  <testcase classname="ptolemy.util.test.junit.AutoKnownFailedTests" name="[4] /home/travis/build/icyphy/ptII/ptolemy/domains/de/test/auto/knownFailedTests/dependencyLoop.xml (RunModel)" time="0.055" />
  <testcase classname="ptolemy.util.test.junit.AutoKnownFailedTests" name="[5] /home/travis/build/icyphy/ptII/ptolemy/domains/de/test/auto/knownFailedTests/dependencyLoop2.xml (RunModel)" time="0.061" />
  <testcase classname="ptolemy.util.test.junit.AutoNameArchTests" name="[0] ThereAreNoAutoArchTests (RunModel)" time="0.002" />
  <testcase classname="ptolemy.util.test.junit.AutoTests" name="[0] /home/travis/build/icyphy/ptII/ptolemy/domains/de/test/auto/ActorDepthCalculation_actorWithoutPorts.xml (RunModel)" time="0.027" />
  <testcase classname="ptolemy.util.test.junit.AutoTests" name="[1] /home/travis/build/icyphy/ptII/ptolemy/domains/de/test/auto/AssemblyLine.xml (RunModel)" time="0.033" />
  <testcase classname="ptolemy.util.test.junit.AutoTests" name="[2] /home/travis/build/icyphy/ptII/ptolemy/domains/de/test/auto/CQBug1.xml (RunModel)" time="0.014" />
  <testcase classname="ptolemy.util.test.junit.AutoTests" name="[3] /home/travis/build/icyphy/ptII/ptolemy/domains/de/test/auto/CancelFireAt.xml (RunModel)" time="0.013" />
  <testcase classname="ptolemy.util.test.junit.AutoTests" name="[4] /home/travis/build/icyphy/ptII/ptolemy/domains/de/test/auto/CausalityAndComposabilityAnalysis.xml (RunModel)" time="0.013" />
  <testcase classname="ptolemy.util.test.junit.AutoTests" name="[5] /home/travis/build/icyphy/ptII/ptolemy/domains/de/test/auto/CausalityInterface1.xml (RunModel)" time="0.015" />
  <testcase classname="ptolemy.util.test.junit.AutoTests" name="[6] /home/travis/build/icyphy/ptII/ptolemy/domains/de/test/auto/CausalityInterface15.xml (RunModel)" time="0.017" />
  <testcase classname="ptolemy.util.test.junit.AutoTests" name="[7] /home/travis/build/icyphy/ptII/ptolemy/domains/de/test/auto/CausalityInterface2.xml (RunModel)" time="0.013" />
  <testcase classname="ptolemy.util.test.junit.AutoTests" name="[8] /home/travis/build/icyphy/ptII/ptolemy/domains/de/test/auto/CausalityInterface3.xml (RunModel)" time="0.015" />
  <testcase classname="ptolemy.util.test.junit.AutoTests" name="[9] /home/travis/build/icyphy/ptII/ptolemy/domains/de/test/auto/ClockDrift.xml (RunModel)" time="0.039" />
  <testcase classname="ptolemy.util.test.junit.AutoTests" name="[10] /home/travis/build/icyphy/ptII/ptolemy/domains/de/test/auto/ClockDriftAndValueChange.xml (RunModel)" time="0.044" />
  <testcase classname="ptolemy.util.test.junit.AutoTests" name="[11] /home/travis/build/icyphy/ptII/ptolemy/domains/de/test/auto/ClockDriftChange.xml (RunModel)" time="0.038" />
  <testcase classname="ptolemy.util.test.junit.AutoTests" name="[12] /home/travis/build/icyphy/ptII/ptolemy/domains/de/test/auto/ComposableCausalityAnalysis.xml (RunModel)" time="0.018" />
  <testcase classname="ptolemy.util.test.junit.AutoTests" name="[13] /home/travis/build/icyphy/ptII/ptolemy/domains/de/test/auto/DEFixedPointLimitation.xml (RunModel)" time="0.012" />
  <testcase classname="ptolemy.util.test.junit.AutoTests" name="[14] /home/travis/build/icyphy/ptII/ptolemy/domains/de/test/auto/DEScheduleTest.xml (RunModel)" time="0.015" />
  <testcase classname="ptolemy.util.test.junit.AutoTests" name="[15] /home/travis/build/icyphy/ptII/ptolemy/domains/de/test/auto/DEinDEwithStartTimes.xml (RunModel)" time="0.024" />
  <testcase classname="ptolemy.util.test.junit.AutoTests" name="[16] /home/travis/build/icyphy/ptII/ptolemy/domains/de/test/auto/DEinDEwithStartTimes2.xml (RunModel)" time="0.02" />
  <testcase classname="ptolemy.util.test.junit.AutoTests" name="[17] /home/travis/build/icyphy/ptII/ptolemy/domains/de/test/auto/DateDemo.xml (RunModel)" time="0.047" />
  <testcase classname="ptolemy.util.test.junit.AutoTests" name="[18] /home/travis/build/icyphy/ptII/ptolemy/domains/de/test/auto/DateToEvent.xml (RunModel)" time="2.053" />
  <testcase classname="ptolemy.util.test.junit.AutoTests" name="[19] /home/travis/build/icyphy/ptII/ptolemy/domains/de/test/auto/DepthTest1.xml (RunModel)" time="0.01" />
  <testcase classname="ptolemy.util.test.junit.AutoTests" name="[20] /home/travis/build/icyphy/ptII/ptolemy/domains/de/test/auto/DepthTest2.xml (RunModel)" time="0.02" />
  <testcase classname="ptolemy.util.test.junit.AutoTests" name="[21] /home/travis/build/icyphy/ptII/ptolemy/domains/de/test/auto/DepthTest3.xml (RunModel)" time="0.009" />
  <testcase classname="ptolemy.util.test.junit.AutoTests" name="[22] /home/travis/build/icyphy/ptII/ptolemy/domains/de/test/auto/DepthTest4.xml (RunModel)" time="0.025" />
  <testcase classname="ptolemy.util.test.junit.AutoTests" name="[23] /home/travis/build/icyphy/ptII/ptolemy/domains/de/test/auto/DepthTest5.xml (RunModel)" time="0.017" />
  <testcase classname="ptolemy.util.test.junit.AutoTests" name="[24] /home/travis/build/icyphy/ptII/ptolemy/domains/de/test/auto/DepthTest6.xml (RunModel)" time="0.013" />
  <testcase classname="ptolemy.util.test.junit.AutoTests" name="[25] /home/travis/build/icyphy/ptII/ptolemy/domains/de/test/auto/DepthTest7.xml (RunModel)" time="0.012" />
  <testcase classname="ptolemy.util.test.junit.AutoTests" name="[26] /home/travis/build/icyphy/ptII/ptolemy/domains/de/test/auto/EventToDate.xml (RunModel)" time="3.053" />
  <testcase classname="ptolemy.util.test.junit.AutoTests" name="[27] /home/travis/build/icyphy/ptII/ptolemy/domains/de/test/auto/FSM1.xml (RunModel)" time="0.039" />
  <testcase classname="ptolemy.util.test.junit.AutoTests" name="[28] /home/travis/build/icyphy/ptII/ptolemy/domains/de/test/auto/FSM7.xml (RunModel)" time="0.052" />
  <testcase classname="ptolemy.util.test.junit.AutoTests" name="[29] /home/travis/build/icyphy/ptII/ptolemy/domains/de/test/auto/Inspection.xml (RunModel)" time="0.041" />
  <testcase classname="ptolemy.util.test.junit.AutoTests" name="[30] /home/travis/build/icyphy/ptII/ptolemy/domains/de/test/auto/Iteration.xml (RunModel)" time="0.031" />
  <testcase classname="ptolemy.util.test.junit.AutoTests" name="[31] /home/travis/build/icyphy/ptII/ptolemy/domains/de/test/auto/LineFault.xml (RunModel)" time="0.703" />
  <testcase classname="ptolemy.util.test.junit.AutoTests" name="[32] /home/travis/build/icyphy/ptII/ptolemy/domains/de/test/auto/MergeModel1Add.xml (RunModel)" time="0.064" />
  <testcase classname="ptolemy.util.test.junit.AutoTests" name="[33] /home/travis/build/icyphy/ptII/ptolemy/domains/de/test/auto/MergeModel2Add.xml (RunModel)" time="0.046" />
  <testcase classname="ptolemy.util.test.junit.AutoTests" name="[34] /home/travis/build/icyphy/ptII/ptolemy/domains/de/test/auto/MergeModel3Add.xml (RunModel)" time="0.046" />
  <testcase classname="ptolemy.util.test.junit.AutoTests" name="[35] /home/travis/build/icyphy/ptII/ptolemy/domains/de/test/auto/MergeWithoutDiscard.xml (RunModel)" time="0.015" />
  <testcase classname="ptolemy.util.test.junit.AutoTests" name="[36] /home/travis/build/icyphy/ptII/ptolemy/domains/de/test/auto/Modal1.xml (RunModel)" time="0.042" />
  <testcase classname="ptolemy.util.test.junit.AutoTests" name="[37] /home/travis/build/icyphy/ptII/ptolemy/domains/de/test/auto/Modal2.xml (RunModel)" time="0.03" />
  <testcase classname="ptolemy.util.test.junit.AutoTests" name="[38] /home/travis/build/icyphy/ptII/ptolemy/domains/de/test/auto/Modal3.xml (RunModel)" time="0.041" />
  <testcase classname="ptolemy.util.test.junit.AutoTests" name="[39] /home/travis/build/icyphy/ptII/ptolemy/domains/de/test/auto/Modal4.xml (RunModel)" time="0.03" />
  <testcase classname="ptolemy.util.test.junit.AutoTests" name="[40] /home/travis/build/icyphy/ptII/ptolemy/domains/de/test/auto/Modal5.xml (RunModel)" time="0.035" />
  <testcase classname="ptolemy.util.test.junit.AutoTests" name="[41] /home/travis/build/icyphy/ptII/ptolemy/domains/de/test/auto/Modal6.xml (RunModel)" time="0.031" />
  <testcase classname="ptolemy.util.test.junit.AutoTests" name="[42] /home/travis/build/icyphy/ptII/ptolemy/domains/de/test/auto/Modal7.xml (RunModel)" time="0.031" />
  <testcase classname="ptolemy.util.test.junit.AutoTests" name="[43] /home/travis/build/icyphy/ptII/ptolemy/domains/de/test/auto/ModalModel.xml (RunModel)" time="0.194" />
  <testcase classname="ptolemy.util.test.junit.AutoTests" name="[44] /home/travis/build/icyphy/ptII/ptolemy/domains/de/test/auto/ModalSource.xml (RunModel)" time="0.024" />
  <testcase classname="ptolemy.util.test.junit.AutoTests" name="[45] /home/travis/build/icyphy/ptII/ptolemy/domains/de/test/auto/NonInterruptibleTimerZeroDelay.xml (RunModel)" time="0.011" />
  <testcase classname="ptolemy.util.test.junit.AutoTests" name="[46] /home/travis/build/icyphy/ptII/ptolemy/domains/de/test/auto/OpenQueueingNetwork.xml (RunModel)" time="2.791" />
  <testcase classname="ptolemy.util.test.junit.AutoTests" name="[47] /home/travis/build/icyphy/ptII/ptolemy/domains/de/test/auto/OpenQueuingNetwork.xml (RunModel)" time="0.28" />
  <testcase classname="ptolemy.util.test.junit.AutoTests" name="[48] /home/travis/build/icyphy/ptII/ptolemy/domains/de/test/auto/PeriodicSampler.xml (RunModel)" time="0.011" />
  <testcase classname="ptolemy.util.test.junit.AutoTests" name="[49] /home/travis/build/icyphy/ptII/ptolemy/domains/de/test/auto/PersistentIO.xml (RunModel)" time="0.02" />
  <testcase classname="ptolemy.util.test.junit.AutoTests" name="[50] /home/travis/build/icyphy/ptII/ptolemy/domains/de/test/auto/PortParameterResetOnInitialize.xml (RunModel)" time="0.009" />
  <testcase classname="ptolemy.util.test.junit.AutoTests" name="[51] /home/travis/build/icyphy/ptII/ptolemy/domains/de/test/auto/PortParameterUpdates.xml (RunModel)" time="0.014" />
  <testcase classname="ptolemy.util.test.junit.AutoTests" name="[52] /home/travis/build/icyphy/ptII/ptolemy/domains/de/test/auto/QueueAndServer.xml (RunModel)" time="0.024" />
  <testcase classname="ptolemy.util.test.junit.AutoTests" name="[53] /home/travis/build/icyphy/ptII/ptolemy/domains/de/test/auto/Records.xml (RunModel)" time="0.017" />
  <testcase classname="ptolemy.util.test.junit.AutoTests" name="[54] /home/travis/build/icyphy/ptII/ptolemy/domains/de/test/auto/ResetTransitionWithStartTime1.xml (RunModel)" time="0.019" />
  <testcase classname="ptolemy.util.test.junit.AutoTests" name="[55] /home/travis/build/icyphy/ptII/ptolemy/domains/de/test/auto/ResetTransitionWithStartTime2.xml (RunModel)" time="0.025" />
  <testcase classname="ptolemy.util.test.junit.AutoTests" name="[56] /home/travis/build/icyphy/ptII/ptolemy/domains/de/test/auto/ResetTransitionWithStartTime3.xml (RunModel)" time="0.026" />
  <testcase classname="ptolemy.util.test.junit.AutoTests" name="[57] /home/travis/build/icyphy/ptII/ptolemy/domains/de/test/auto/ResetTransitionWithStartTime4.xml (RunModel)" time="0.02" />
  <testcase classname="ptolemy.util.test.junit.AutoTests" name="[58] /home/travis/build/icyphy/ptII/ptolemy/domains/de/test/auto/ResettableTimer1.xml (RunModel)" time="0.01" />
  <testcase classname="ptolemy.util.test.junit.AutoTests" name="[59] /home/travis/build/icyphy/ptII/ptolemy/domains/de/test/auto/ResettableTimer2.xml (RunModel)" time="0.009" />
  <testcase classname="ptolemy.util.test.junit.AutoTests" name="[60] /home/travis/build/icyphy/ptII/ptolemy/domains/de/test/auto/ResettableTimer3.xml (RunModel)" time="0.009" />
  <testcase classname="ptolemy.util.test.junit.AutoTests" name="[61] /home/travis/build/icyphy/ptII/ptolemy/domains/de/test/auto/ResettableTimer4.xml (RunModel)" time="0.012" />
  <testcase classname="ptolemy.util.test.junit.AutoTests" name="[62] /home/travis/build/icyphy/ptII/ptolemy/domains/de/test/auto/ResettableTimer5.xml (RunModel)" time="0.012" />
  <testcase classname="ptolemy.util.test.junit.AutoTests" name="[63] /home/travis/build/icyphy/ptII/ptolemy/domains/de/test/auto/ResettableTimer6.xml (RunModel)" time="0.018" />
  <testcase classname="ptolemy.util.test.junit.AutoTests" name="[64] /home/travis/build/icyphy/ptII/ptolemy/domains/de/test/auto/ServerZeroDelay.xml (RunModel)" time="0.012" />
  <testcase classname="ptolemy.util.test.junit.AutoTests" name="[65] /home/travis/build/icyphy/ptII/ptolemy/domains/de/test/auto/SmartSender.xml (RunModel)" time="3.012" />
  <testcase classname="ptolemy.util.test.junit.AutoTests" name="[66] /home/travis/build/icyphy/ptII/ptolemy/domains/de/test/auto/ThreadedComposite.xml (RunModel)" time="0.252" />
  <testcase classname="ptolemy.util.test.junit.AutoTests" name="[67] /home/travis/build/icyphy/ptII/ptolemy/domains/de/test/auto/Time.xml (RunModel)" time="0.516" />
  <testcase classname="ptolemy.util.test.junit.AutoTests" name="[68] /home/travis/build/icyphy/ptII/ptolemy/domains/de/test/auto/TimeDelayZeroDelay.xml (RunModel)" time="0.011" />
  <testcase classname="ptolemy.util.test.junit.AutoTests" name="[69] /home/travis/build/icyphy/ptII/ptolemy/domains/de/test/auto/TimerZeroDelay.xml (RunModel)" time="0.01" />
  <testcase classname="ptolemy.util.test.junit.AutoTests" name="[70] /home/travis/build/icyphy/ptII/ptolemy/domains/de/test/auto/TimingParadox.xml (RunModel)" time="0.413" />
  <testcase classname="ptolemy.util.test.junit.AutoTests" name="[71] /home/travis/build/icyphy/ptII/ptolemy/domains/de/test/auto/TransferInputs.xml (RunModel)" time="0.016" />
  <testcase classname="ptolemy.util.test.junit.AutoTests" name="[72] /home/travis/build/icyphy/ptII/ptolemy/domains/de/test/auto/TransferOutputs2.xml (RunModel)" time="0.023" />
  <testcase classname="ptolemy.util.test.junit.AutoTests" name="[73] /home/travis/build/icyphy/ptII/ptolemy/domains/de/test/auto/Trilateration.xml (RunModel)" time="14.791" />
  <testcase classname="ptolemy.util.test.junit.AutoTests" name="[74] /home/travis/build/icyphy/ptII/ptolemy/domains/de/test/auto/TwoSigmaDelta.xml (RunModel)" time="2.511" />
  <testcase classname="ptolemy.util.test.junit.AutoTests" name="[75] /home/travis/build/icyphy/ptII/ptolemy/domains/de/test/auto/VariableDelay.xml (RunModel)" time="0.018" />
  <testcase classname="ptolemy.util.test.junit.AutoTests" name="[76] /home/travis/build/icyphy/ptII/ptolemy/domains/de/test/auto/VariableDelay2.xml (RunModel)" time="0.01" />
  <testcase classname="ptolemy.util.test.junit.AutoTests" name="[77] /home/travis/build/icyphy/ptII/ptolemy/domains/de/test/auto/VariableDelayZeroDelay.xml (RunModel)" time="0.013" />
  <testcase classname="ptolemy.util.test.junit.AutoTests" name="[78] /home/travis/build/icyphy/ptII/ptolemy/domains/de/test/auto/VariableDelayZeroDelay2.xml (RunModel)" time="0.011" />
  <testcase classname="ptolemy.util.test.junit.AutoTests" name="[79] /home/travis/build/icyphy/ptII/ptolemy/domains/de/test/auto/deInCt.xml (RunModel)" time="0.016" />
  <testcase classname="ptolemy.util.test.junit.AutoTests" name="[80] /home/travis/build/icyphy/ptII/ptolemy/domains/de/test/auto/deInCt2.xml (RunModel)" time="0.013" />
  <testcase classname="ptolemy.util.test.junit.AutoTests" name="[81] /home/travis/build/icyphy/ptII/ptolemy/domains/de/test/auto/dynamicCausalityInterface1.xml (RunModel)" time="0.022" />
  <testcase classname="ptolemy.util.test.junit.AutoTests" name="[82] /home/travis/build/icyphy/ptII/ptolemy/domains/de/test/auto/fsm_de_test.xml (RunModel)" time="0.029" />
  <testcase classname="ptolemy.util.test.junit.AutoTests" name="[83] /home/travis/build/icyphy/ptII/ptolemy/domains/de/test/auto/functionDependencyReconstruction.xml (RunModel)" time="0.034" />
  <testcase classname="ptolemy.util.test.junit.AutoTests" name="[84] /home/travis/build/icyphy/ptII/ptolemy/domains/de/test/auto/multirate.xml (RunModel)" time="0.022" />
  <testcase classname="ptolemy.util.test.junit.AutoTests" name="[85] /home/travis/build/icyphy/ptII/ptolemy/domains/de/test/auto/multirate2.xml (RunModel)" time="0.02" />
  <testcase classname="ptolemy.util.test.junit.AutoTests" name="[86] /home/travis/build/icyphy/ptII/ptolemy/domains/de/test/auto/realtime.xml (RunModel)" time="10.013" />
  <testcase classname="ptolemy.util.test.junit.AutoTests" name="[87] /home/travis/build/icyphy/ptII/ptolemy/domains/de/test/auto/relationGroup.xml (RunModel)" time="0.012" />
  <testcase classname="ptolemy.util.test.junit.AutoTests" name="[88] /home/travis/build/icyphy/ptII/ptolemy/domains/de/test/auto/relationGroup2.xml (RunModel)" time="0.027" />
  <testcase classname="ptolemy.util.test.junit.AutoTests" name="[89] /home/travis/build/icyphy/ptII/ptolemy/domains/de/test/auto/sortWithOpaquePorts.xml (RunModel)" time="0.016" />
  <testcase classname="ptolemy.util.test.junit.AutoTests" name="[90] /home/travis/build/icyphy/ptII/ptolemy/domains/de/test/auto/transferInputsandOutputs.xml (RunModel)" time="0.023" />
  <testcase classname="ptolemy.util.test.junit.AutoTests" name="[91] /home/travis/build/icyphy/ptII/ptolemy/domains/de/test/auto/triggerType.xml (RunModel)" time="0.011" />
  <system-out><![CDATA[/home/travis/build/icyphy/ptII/ptolemy/domains/de/test/DependencyLoop.tcl
testDefs.tcl: setting time out to 9000 seconds at Sun Jul 28 05:10:01 UTC 2019
67 ms. Memory: 120832K Free: 72134K (60%)
35 ms. Memory: 120832K Free: 54695K (45%)
/home/travis/build/icyphy/ptII/ptolemy/domains/de/test/RunDETestsAsQSS.tcl
Run the DE tests using ptolemy.domains.qss.test.QSSDirectorTest, which extends QSSDirector and prints a message in the constructors.
------------------ testing $PTII/ptolemy/domains/de/test/auto/knownFailedTests/DirectFeedback.xml (Known Failure) 
56 ms. Memory: 120832K Free: 48582K (40%)


==== $PTIIhome/travis/build/icyphy/ptII/ptolemy/domains/de/test/../../../../: Auto Automatic test in file $PTII/ptolemy/domains/de/test/auto/knownFailedTests/DirectFeedback.xml
==== Contents of test case:

	    # FIXME: we should use $relativeFilename here, but it
	    # might have backslashes under Windows, which causes no end
	    # of trouble.
	    createAndExecute $file
	    list {}
	
.... Test generated KNOWN error:
    while executing
ptolemy.kernel.util.IllegalActionException: Test fails in iteration 1.
Value was: 1.0. Should have been: 2.0
  in .DirectFeedback.Test
	at ptolemy.actor.lib.Test.fire(Test.java:268)
	at ptolemy.domains.de.kernel.DEDirector._fire(DEDirector.java:1949)
	at ptolemy.domains.de.kernel.DEDirector.fire(DEDirector.java:502)
	at ptolemy.actor.CompositeActor.fire(CompositeActor.java:455)
	at ptolemy.actor.Manager.iterate(Manager.java:851)
	at ptolemy.actor.Manager.execute(Manager.java:369)
	at ptolemy.actor.Manager.run(Manager.java:1263)
	at ptolemy.actor.Manager$PtolemyRunThread.run(Manager.java:1933)

    while executing
ptolemy.kernel.util.IllegalActionException: Test fails in iteration 1.
Value was: 1.0. Should have been: 2.0
  in .DirectFeedback.Test
    while executing
"java::new ptolemy.moml.MoMLSimpleApplication $file
"
    (procedure "createAndExecute" line 2)
    invoked from within
"createAndExecute $file"
    ("uplevel" body line 5)
    invoked from within
"uplevel $contents_of_test"
------------------ testing $PTII/ptolemy/domains/de/test/auto/knownFailedTests/dependencyLoop.xml (Known Failure) 
39 ms. Memory: 120832K Free: 108240K (90%)


==== $PTIIhome/travis/build/icyphy/ptII/ptolemy/domains/de/test/../../../../: Auto Automatic test in file $PTII/ptolemy/domains/de/test/auto/knownFailedTests/dependencyLoop.xml
==== Contents of test case:

	    # FIXME: we should use $relativeFilename here, but it
	    # might have backslashes under Windows, which causes no end
	    # of trouble.
	    createAndExecute $file
	    list {}
	
.... Test generated KNOWN error:
    while executing
ptolemy.kernel.util.IllegalActionException: Found a zero delay loop containing .dependencyLoop.original
  in .dependencyLoop and .dependencyLoop.original
	at ptolemy.actor.util.CausalityInterfaceForComposites._computeOutputPortDepth(CausalityInterfaceForComposites.java:759)
	at ptolemy.actor.util.CausalityInterfaceForComposites._computeInputDepth(CausalityInterfaceForComposites.java:696)
	at ptolemy.actor.util.CausalityInterfaceForComposites._computeOutputPortDepth(CausalityInterfaceForComposites.java:765)
	at ptolemy.actor.util.CausalityInterfaceForComposites._computeInputDepth(CausalityInterfaceForComposites.java:696)
	at ptolemy.actor.util.CausalityInterfaceForComposites._computeOutputPortDepth(CausalityInterfaceForComposites.java:765)
	at ptolemy.actor.util.CausalityInterfaceForComposites._computeInputDepth(CausalityInterfaceForComposites.java:696)
	at ptolemy.actor.util.CausalityInterfaceForComposites._computeActorDepth(CausalityInterfaceForComposites.java:532)
	at ptolemy.actor.util.CausalityInterfaceForComposites.checkForCycles(CausalityInterfaceForComposites.java:96)
	at ptolemy.domains.de.kernel.DEDirector.preinitialize(DEDirector.java:1338)
	at ptolemy.actor.CompositeActor.preinitialize(CompositeActor.java:1828)
	at ptolemy.actor.Manager.preinitializeAndResolveTypes(Manager.java:1040)
	at ptolemy.actor.Manager.initialize(Manager.java:710)
	at ptolemy.actor.Manager.execute(Manager.java:356)
	at ptolemy.actor.Manager.run(Manager.java:1263)
	at ptolemy.actor.Manager$PtolemyRunThread.run(Manager.java:1933)

    while executing
ptolemy.kernel.util.IllegalActionException: Found a zero delay loop containing .dependencyLoop.original
  in .dependencyLoop and .dependencyLoop.original
    while executing
"java::new ptolemy.moml.MoMLSimpleApplication $file
"
    (procedure "createAndExecute" line 2)
    invoked from within
"createAndExecute $file"
    ("uplevel" body line 5)
    invoked from within
"uplevel $contents_of_test"
------------------ testing $PTII/ptolemy/domains/de/test/auto/knownFailedTests/FSMSource.xml (Known Failure) 
59 ms. Memory: 120832K Free: 99106K (82%)
!!!! Auto was marked as failing, but now passes
------------------ testing $PTII/ptolemy/domains/de/test/auto/knownFailedTests/HierarchicalModel.xml (Known Failure) 
6 ms. Memory: 120832K Free: 81668K (68%)


==== $PTIIhome/travis/build/icyphy/ptII/ptolemy/domains/de/test/../../../../: Auto Automatic test in file $PTII/ptolemy/domains/de/test/auto/knownFailedTests/HierarchicalModel.xml
==== Contents of test case:

	    # FIXME: we should use $relativeFilename here, but it
	    # might have backslashes under Windows, which causes no end
	    # of trouble.
	    createAndExecute $file
	    list {}
	
.... Test generated KNOWN error:
    while executing
ptolemy.kernel.util.IllegalActionException: Found a zero delay loop containing .HierarchicalModel.A
  in .HierarchicalModel and .HierarchicalModel.A
	at ptolemy.actor.util.CausalityInterfaceForComposites._computeOutputPortDepth(CausalityInterfaceForComposites.java:759)
	at ptolemy.actor.util.CausalityInterfaceForComposites._computeInputDepth(CausalityInterfaceForComposites.java:696)
	at ptolemy.actor.util.CausalityInterfaceForComposites._computeOutputPortDepth(CausalityInterfaceForComposites.java:765)
	at ptolemy.actor.util.CausalityInterfaceForComposites._computeInputDepth(CausalityInterfaceForComposites.java:696)
	at ptolemy.actor.util.CausalityInterfaceForComposites._computeOutputPortDepth(CausalityInterfaceForComposites.java:765)
	at ptolemy.actor.util.CausalityInterfaceForComposites._computeInputDepth(CausalityInterfaceForComposites.java:696)
	at ptolemy.actor.util.CausalityInterfaceForComposites._computeActorDepth(CausalityInterfaceForComposites.java:532)
	at ptolemy.actor.util.CausalityInterfaceForComposites.checkForCycles(CausalityInterfaceForComposites.java:96)
	at ptolemy.domains.de.kernel.DEDirector.preinitialize(DEDirector.java:1338)
	at ptolemy.actor.CompositeActor.preinitialize(CompositeActor.java:1828)
	at ptolemy.actor.Manager.preinitializeAndResolveTypes(Manager.java:1040)
	at ptolemy.actor.Manager.initialize(Manager.java:710)
	at ptolemy.actor.Manager.execute(Manager.java:356)
	at ptolemy.actor.Manager.run(Manager.java:1263)
	at ptolemy.actor.Manager$PtolemyRunThread.run(Manager.java:1933)

    while executing
ptolemy.kernel.util.IllegalActionException: Found a zero delay loop containing .HierarchicalModel.A
  in .HierarchicalModel and .HierarchicalModel.A
    while executing
"java::new ptolemy.moml.MoMLSimpleApplication $file
"
    (procedure "createAndExecute" line 2)
    invoked from within
"createAndExecute $file"
    ("uplevel" body line 5)
    invoked from within
"uplevel $contents_of_test"
------------------ testing $PTII/ptolemy/domains/de/test/auto/knownFailedTests/dependencyLoop2.xml (Known Failure) 
32 ms. Memory: 120832K Free: 106525K (88%)


==== $PTIIhome/travis/build/icyphy/ptII/ptolemy/domains/de/test/../../../../: Auto Automatic test in file $PTII/ptolemy/domains/de/test/auto/knownFailedTests/dependencyLoop2.xml
==== Contents of test case:

	    # FIXME: we should use $relativeFilename here, but it
	    # might have backslashes under Windows, which causes no end
	    # of trouble.
	    createAndExecute $file
	    list {}
	
.... Test generated KNOWN error:
    while executing
ptolemy.kernel.util.IllegalActionException: Found a zero delay loop containing .dependencyLoop2.original
  in .dependencyLoop2 and .dependencyLoop2.original
	at ptolemy.actor.util.CausalityInterfaceForComposites._computeOutputPortDepth(CausalityInterfaceForComposites.java:759)
	at ptolemy.actor.util.CausalityInterfaceForComposites._computeInputDepth(CausalityInterfaceForComposites.java:696)
	at ptolemy.actor.util.CausalityInterfaceForComposites._computeOutputPortDepth(CausalityInterfaceForComposites.java:765)
	at ptolemy.actor.util.CausalityInterfaceForComposites._computeInputDepth(CausalityInterfaceForComposites.java:696)
	at ptolemy.actor.util.CausalityInterfaceForComposites._computeOutputPortDepth(CausalityInterfaceForComposites.java:765)
	at ptolemy.actor.util.CausalityInterfaceForComposites._computeInputDepth(CausalityInterfaceForComposites.java:696)
	at ptolemy.actor.util.CausalityInterfaceForComposites._computeActorDepth(CausalityInterfaceForComposites.java:532)
	at ptolemy.actor.util.CausalityInterfaceForComposites.checkForCycles(CausalityInterfaceForComposites.java:96)
	at ptolemy.domains.de.kernel.DEDirector.preinitialize(DEDirector.java:1338)
	at ptolemy.actor.CompositeActor.preinitialize(CompositeActor.java:1828)
	at ptolemy.actor.Manager.preinitializeAndResolveTypes(Manager.java:1040)
	at ptolemy.actor.Manager.initialize(Manager.java:710)
	at ptolemy.actor.Manager.execute(Manager.java:356)
	at ptolemy.actor.Manager.run(Manager.java:1263)
	at ptolemy.actor.Manager$PtolemyRunThread.run(Manager.java:1933)

    while executing
ptolemy.kernel.util.IllegalActionException: Found a zero delay loop containing .dependencyLoop2.original
  in .dependencyLoop2 and .dependencyLoop2.original
    while executing
"java::new ptolemy.moml.MoMLSimpleApplication $file
"
    (procedure "createAndExecute" line 2)
    invoked from within
"createAndExecute $file"
    ("uplevel" body line 5)
    invoked from within
"uplevel $contents_of_test"
------------------ testing $PTII/ptolemy/domains/de/test/auto/knownFailedTests/DESDFClockTest.xml (Known Failure) 
2078 ms. Memory: 120832K Free: 93346K (77%)


==== $PTIIhome/travis/build/icyphy/ptII/ptolemy/domains/de/test/../../../../: Auto Automatic test in file $PTII/ptolemy/domains/de/test/auto/knownFailedTests/DESDFClockTest.xml
==== Contents of test case:

	    # FIXME: we should use $relativeFilename here, but it
	    # might have backslashes under Windows, which causes no end
	    # of trouble.
	    createAndExecute $file
	    list {}
	
.... Test generated KNOWN error:
    while executing
ptolemy.kernel.util.IllegalActionException: Actor is not ready to fire.  Perhaps UpSample.prefire() returned false? Try debugging the actor by selecting "Listen to Actor".  Also, for SDF check moml for tokenConsumptionRate on input.
  in .DESDFClockTest.Play Bell.Copy1:SDF Director and .DESDFClockTest.Play Bell.UpSample
	at ptolemy.actor.sched.StaticSchedulingDirector.fire(StaticSchedulingDirector.java:227)
	at ptolemy.domains.sdf.kernel.SDFDirector.fire(SDFDirector.java:500)
	at ptolemy.actor.CompositeActor.fire(CompositeActor.java:455)
	at ptolemy.domains.de.kernel.DEDirector._fire(DEDirector.java:1949)
	at ptolemy.domains.de.kernel.DEDirector.fire(DEDirector.java:502)
	at ptolemy.actor.CompositeActor.fire(CompositeActor.java:455)
	at ptolemy.actor.Manager.iterate(Manager.java:851)
	at ptolemy.actor.Manager.execute(Manager.java:369)
	at ptolemy.actor.Manager.run(Manager.java:1263)
	at ptolemy.actor.Manager$PtolemyRunThread.run(Manager.java:1933)

    while executing
ptolemy.kernel.util.IllegalActionException: Actor is not ready to fire.  Perhaps UpSample.prefire() returned false? Try debugging the actor by selecting "Listen to Actor".  Also, for SDF check moml for tokenConsumptionRate on input.
  in .DESDFClockTest.Play Bell.Copy1:SDF Director and .DESDFClockTest.Play Bell.UpSample
    while executing
"java::new ptolemy.moml.MoMLSimpleApplication $file
"
    (procedure "createAndExecute" line 2)
    invoked from within
"createAndExecute $file"
    ("uplevel" body line 5)
    invoked from within
"uplevel $contents_of_test"
------------------ testing $PTII/ptolemy/domains/de/test/auto/ActorDepthCalculation_actorWithoutPorts.xml
auto.tcl: Setting watchdog for 200 seconds at Sun Jul 28 05:10:05 UTC 2019
5 ms. Memory: 120832K Free: 86132K (71%)
ptolemy.util.test.WatchDog.cancel(): canceling Sun Jul 28 05:10:05 UTC 2019
auto.tcl: Setting watchdog for 200 seconds at Sun Jul 28 05:10:05 UTC 2019
10 ms. Memory: 120832K Free: 84842K (70%)
ptolemy.util.test.WatchDog.cancel(): canceling Sun Jul 28 05:10:05 UTC 2019
------------------ testing $PTII/ptolemy/domains/de/test/auto/AssemblyLine.xml
auto.tcl: Setting watchdog for 200 seconds at Sun Jul 28 05:10:05 UTC 2019
11 ms. Memory: 48128K Free: 26004K (54%)
ptolemy.util.test.WatchDog.cancel(): canceling Sun Jul 28 05:10:05 UTC 2019
auto.tcl: Setting watchdog for 200 seconds at Sun Jul 28 05:10:05 UTC 2019
6 ms. Memory: 48128K Free: 25312K (53%)
ptolemy.util.test.WatchDog.cancel(): canceling Sun Jul 28 05:10:05 UTC 2019
------------------ testing $PTII/ptolemy/domains/de/test/auto/CQBug1.xml
auto.tcl: Setting watchdog for 200 seconds at Sun Jul 28 05:10:05 UTC 2019
11 ms. Memory: 45056K Free: 28815K (64%)
ptolemy.util.test.WatchDog.cancel(): canceling Sun Jul 28 05:10:05 UTC 2019
auto.tcl: Setting watchdog for 200 seconds at Sun Jul 28 05:10:05 UTC 2019
3 ms. Memory: 45056K Free: 28319K (63%)
ptolemy.util.test.WatchDog.cancel(): canceling Sun Jul 28 05:10:05 UTC 2019
------------------ testing $PTII/ptolemy/domains/de/test/auto/CancelFireAt.xml
auto.tcl: Setting watchdog for 200 seconds at Sun Jul 28 05:10:06 UTC 2019
3 ms. Memory: 45056K Free: 29659K (66%)
ptolemy.util.test.WatchDog.cancel(): canceling Sun Jul 28 05:10:06 UTC 2019
auto.tcl: Setting watchdog for 200 seconds at Sun Jul 28 05:10:06 UTC 2019
2 ms. Memory: 45056K Free: 29255K (65%)
ptolemy.util.test.WatchDog.cancel(): canceling Sun Jul 28 05:10:06 UTC 2019
------------------ testing $PTII/ptolemy/domains/de/test/auto/CausalityAndComposabilityAnalysis.xml
auto.tcl: Setting watchdog for 200 seconds at Sun Jul 28 05:10:06 UTC 2019
6 ms. Memory: 45056K Free: 27916K (62%)
ptolemy.util.test.WatchDog.cancel(): canceling Sun Jul 28 05:10:06 UTC 2019
auto.tcl: Setting watchdog for 200 seconds at Sun Jul 28 05:10:06 UTC 2019
9 ms. Memory: 45056K Free: 27086K (60%)
ptolemy.util.test.WatchDog.cancel(): canceling Sun Jul 28 05:10:06 UTC 2019
------------------ testing $PTII/ptolemy/domains/de/test/auto/CausalityInterface1.xml
auto.tcl: Setting watchdog for 200 seconds at Sun Jul 28 05:10:06 UTC 2019
38 ms. Memory: 45056K Free: 26358K (59%)
ptolemy.util.test.WatchDog.cancel(): canceling Sun Jul 28 05:10:06 UTC 2019
auto.tcl: Setting watchdog for 200 seconds at Sun Jul 28 05:10:06 UTC 2019
8 ms. Memory: 45056K Free: 25362K (56%)
ptolemy.util.test.WatchDog.cancel(): canceling Sun Jul 28 05:10:06 UTC 2019
------------------ testing $PTII/ptolemy/domains/de/test/auto/CausalityInterface15.xml
auto.tcl: Setting watchdog for 200 seconds at Sun Jul 28 05:10:06 UTC 2019
8 ms. Memory: 45056K Free: 26285K (58%)
ptolemy.util.test.WatchDog.cancel(): canceling Sun Jul 28 05:10:06 UTC 2019
auto.tcl: Setting watchdog for 200 seconds at Sun Jul 28 05:10:06 UTC 2019
8 ms. Memory: 45056K Free: 25339K (56%)
ptolemy.util.test.WatchDog.cancel(): canceling Sun Jul 28 05:10:06 UTC 2019
------------------ testing $PTII/ptolemy/domains/de/test/auto/CausalityInterface2.xml
auto.tcl: Setting watchdog for 200 seconds at Sun Jul 28 05:10:06 UTC 2019
4 ms. Memory: 45056K Free: 27238K (60%)
ptolemy.util.test.WatchDog.cancel(): canceling Sun Jul 28 05:10:06 UTC 2019
auto.tcl: Setting watchdog for 200 seconds at Sun Jul 28 05:10:06 UTC 2019
3 ms. Memory: 45056K Free: 26327K (58%)
ptolemy.util.test.WatchDog.cancel(): canceling Sun Jul 28 05:10:06 UTC 2019
------------------ testing $PTII/ptolemy/domains/de/test/auto/CausalityInterface3.xml
auto.tcl: Setting watchdog for 200 seconds at Sun Jul 28 05:10:06 UTC 2019
10 ms. Memory: 45056K Free: 26548K (59%)
ptolemy.util.test.WatchDog.cancel(): canceling Sun Jul 28 05:10:06 UTC 2019
auto.tcl: Setting watchdog for 200 seconds at Sun Jul 28 05:10:06 UTC 2019
6 ms. Memory: 45056K Free: 25752K (57%)
ptolemy.util.test.WatchDog.cancel(): canceling Sun Jul 28 05:10:06 UTC 2019
------------------ testing $PTII/ptolemy/domains/de/test/auto/ClockDrift.xml
auto.tcl: Setting watchdog for 200 seconds at Sun Jul 28 05:10:06 UTC 2019
108 ms. Memory: 45056K Free: 19123K (42%)
ptolemy.util.test.WatchDog.cancel(): canceling Sun Jul 28 05:10:06 UTC 2019
auto.tcl: Setting watchdog for 200 seconds at Sun Jul 28 05:10:06 UTC 2019
75 ms. Memory: 45056K Free: 16108K (36%)
ptolemy.util.test.WatchDog.cancel(): canceling Sun Jul 28 05:10:06 UTC 2019
------------------ testing $PTII/ptolemy/domains/de/test/auto/ClockDriftAndValueChange.xml
auto.tcl: Setting watchdog for 200 seconds at Sun Jul 28 05:10:06 UTC 2019
27 ms. Memory: 45056K Free: 19216K (43%)
ptolemy.util.test.WatchDog.cancel(): canceling Sun Jul 28 05:10:07 UTC 2019
auto.tcl: Setting watchdog for 200 seconds at Sun Jul 28 05:10:07 UTC 2019
28 ms. Memory: 45056K Free: 16372K (36%)
ptolemy.util.test.WatchDog.cancel(): canceling Sun Jul 28 05:10:07 UTC 2019
------------------ testing $PTII/ptolemy/domains/de/test/auto/ClockDriftChange.xml
auto.tcl: Setting watchdog for 200 seconds at Sun Jul 28 05:10:07 UTC 2019
33 ms. Memory: 45056K Free: 21264K (47%)
ptolemy.util.test.WatchDog.cancel(): canceling Sun Jul 28 05:10:07 UTC 2019
auto.tcl: Setting watchdog for 200 seconds at Sun Jul 28 05:10:07 UTC 2019
34 ms. Memory: 45056K Free: 18706K (42%)
ptolemy.util.test.WatchDog.cancel(): canceling Sun Jul 28 05:10:07 UTC 2019
------------------ testing $PTII/ptolemy/domains/de/test/auto/ComposableCausalityAnalysis.xml
auto.tcl: Setting watchdog for 200 seconds at Sun Jul 28 05:10:07 UTC 2019
3 ms. Memory: 45056K Free: 25870K (57%)
ptolemy.util.test.WatchDog.cancel(): canceling Sun Jul 28 05:10:07 UTC 2019
auto.tcl: Setting watchdog for 200 seconds at Sun Jul 28 05:10:07 UTC 2019
5 ms. Memory: 45056K Free: 24851K (55%)
ptolemy.util.test.WatchDog.cancel(): canceling Sun Jul 28 05:10:07 UTC 2019
------------------ testing $PTII/ptolemy/domains/de/test/auto/DEFixedPointLimitation.xml
auto.tcl: Setting watchdog for 200 seconds at Sun Jul 28 05:10:07 UTC 2019
2 ms. Memory: 45056K Free: 27223K (60%)
ptolemy.util.test.WatchDog.cancel(): canceling Sun Jul 28 05:10:07 UTC 2019
auto.tcl: Setting watchdog for 200 seconds at Sun Jul 28 05:10:07 UTC 2019
2 ms. Memory: 45056K Free: 26356K (58%)
ptolemy.util.test.WatchDog.cancel(): canceling Sun Jul 28 05:10:07 UTC 2019
------------------ testing $PTII/ptolemy/domains/de/test/auto/DEScheduleTest.xml
auto.tcl: Setting watchdog for 200 seconds at Sun Jul 28 05:10:07 UTC 2019
5 ms. Memory: 45056K Free: 27529K (61%)
ptolemy.util.test.WatchDog.cancel(): canceling Sun Jul 28 05:10:07 UTC 2019
auto.tcl: Setting watchdog for 200 seconds at Sun Jul 28 05:10:07 UTC 2019
3 ms. Memory: 45056K Free: 26765K (59%)
ptolemy.util.test.WatchDog.cancel(): canceling Sun Jul 28 05:10:07 UTC 2019
------------------ testing $PTII/ptolemy/domains/de/test/auto/DEinDEwithStartTimes.xml
auto.tcl: Setting watchdog for 200 seconds at Sun Jul 28 05:10:07 UTC 2019
4 ms. Memory: 45056K Free: 25709K (57%)
ptolemy.util.test.WatchDog.cancel(): canceling Sun Jul 28 05:10:07 UTC 2019
auto.tcl: Setting watchdog for 200 seconds at Sun Jul 28 05:10:07 UTC 2019
6 ms. Memory: 45056K Free: 24668K (55%)
ptolemy.util.test.WatchDog.cancel(): canceling Sun Jul 28 05:10:07 UTC 2019
------------------ testing $PTII/ptolemy/domains/de/test/auto/DEinDEwithStartTimes2.xml
auto.tcl: Setting watchdog for 200 seconds at Sun Jul 28 05:10:07 UTC 2019
6 ms. Memory: 45056K Free: 24872K (55%)
ptolemy.util.test.WatchDog.cancel(): canceling Sun Jul 28 05:10:07 UTC 2019
auto.tcl: Setting watchdog for 200 seconds at Sun Jul 28 05:10:07 UTC 2019
6 ms. Memory: 45056K Free: 23622K (52%)
ptolemy.util.test.WatchDog.cancel(): canceling Sun Jul 28 05:10:07 UTC 2019
------------------ testing $PTII/ptolemy/domains/de/test/auto/DateDemo.xml
auto.tcl: Setting watchdog for 200 seconds at Sun Jul 28 05:10:07 UTC 2019
29 ms. Memory: 45056K Free: 19274K (43%)
ptolemy.util.test.WatchDog.cancel(): canceling Sun Jul 28 05:10:07 UTC 2019
auto.tcl: Setting watchdog for 200 seconds at Sun Jul 28 05:10:07 UTC 2019
10 ms. Memory: 45056K Free: 17718K (39%)
ptolemy.util.test.WatchDog.cancel(): canceling Sun Jul 28 05:10:07 UTC 2019
------------------ testing $PTII/ptolemy/domains/de/test/auto/DateToEvent.xml
auto.tcl: Setting watchdog for 200 seconds at Sun Jul 28 05:10:07 UTC 2019
2021 ms. Memory: 45056K Free: 14958K (33%)
ptolemy.util.test.WatchDog.cancel(): canceling Sun Jul 28 05:10:09 UTC 2019
auto.tcl: Setting watchdog for 200 seconds at Sun Jul 28 05:10:09 UTC 2019
2005 ms. Memory: 45056K Free: 14214K (32%)
ptolemy.util.test.WatchDog.cancel(): canceling Sun Jul 28 05:10:11 UTC 2019
------------------ testing $PTII/ptolemy/domains/de/test/auto/DepthTest1.xml
auto.tcl: Setting watchdog for 200 seconds at Sun Jul 28 05:10:12 UTC 2019
3 ms. Memory: 45056K Free: 28475K (63%)
ptolemy.util.test.WatchDog.cancel(): canceling Sun Jul 28 05:10:12 UTC 2019
auto.tcl: Setting watchdog for 200 seconds at Sun Jul 28 05:10:12 UTC 2019
1 ms. Memory: 45056K Free: 27967K (62%)
ptolemy.util.test.WatchDog.cancel(): canceling Sun Jul 28 05:10:12 UTC 2019
------------------ testing $PTII/ptolemy/domains/de/test/auto/DepthTest2.xml
auto.tcl: Setting watchdog for 200 seconds at Sun Jul 28 05:10:12 UTC 2019
6 ms. Memory: 45056K Free: 25174K (56%)
ptolemy.util.test.WatchDog.cancel(): canceling Sun Jul 28 05:10:12 UTC 2019
auto.tcl: Setting watchdog for 200 seconds at Sun Jul 28 05:10:12 UTC 2019
3 ms. Memory: 45056K Free: 24779K (55%)
ptolemy.util.test.WatchDog.cancel(): canceling Sun Jul 28 05:10:12 UTC 2019
------------------ testing $PTII/ptolemy/domains/de/test/auto/DepthTest3.xml
auto.tcl: Setting watchdog for 200 seconds at Sun Jul 28 05:10:12 UTC 2019
3 ms. Memory: 45056K Free: 28662K (64%)
ptolemy.util.test.WatchDog.cancel(): canceling Sun Jul 28 05:10:12 UTC 2019
auto.tcl: Setting watchdog for 200 seconds at Sun Jul 28 05:10:12 UTC 2019
2 ms. Memory: 45056K Free: 28281K (63%)
ptolemy.util.test.WatchDog.cancel(): canceling Sun Jul 28 05:10:12 UTC 2019
------------------ testing $PTII/ptolemy/domains/de/test/auto/DepthTest4.xml
auto.tcl: Setting watchdog for 200 seconds at Sun Jul 28 05:10:12 UTC 2019
13 ms. Memory: 45056K Free: 27013K (60%)
ptolemy.util.test.WatchDog.cancel(): canceling Sun Jul 28 05:10:12 UTC 2019
auto.tcl: Setting watchdog for 200 seconds at Sun Jul 28 05:10:12 UTC 2019
3 ms. Memory: 45056K Free: 26269K (58%)
ptolemy.util.test.WatchDog.cancel(): canceling Sun Jul 28 05:10:12 UTC 2019
------------------ testing $PTII/ptolemy/domains/de/test/auto/DepthTest5.xml
auto.tcl: Setting watchdog for 200 seconds at Sun Jul 28 05:10:12 UTC 2019
6 ms. Memory: 45056K Free: 26173K (58%)
ptolemy.util.test.WatchDog.cancel(): canceling Sun Jul 28 05:10:12 UTC 2019
auto.tcl: Setting watchdog for 200 seconds at Sun Jul 28 05:10:12 UTC 2019
4 ms. Memory: 45056K Free: 25794K (57%)
ptolemy.util.test.WatchDog.cancel(): canceling Sun Jul 28 05:10:12 UTC 2019
------------------ testing $PTII/ptolemy/domains/de/test/auto/DepthTest6.xml
auto.tcl: Setting watchdog for 200 seconds at Sun Jul 28 05:10:12 UTC 2019
3 ms. Memory: 45056K Free: 26116K (58%)
ptolemy.util.test.WatchDog.cancel(): canceling Sun Jul 28 05:10:12 UTC 2019
auto.tcl: Setting watchdog for 200 seconds at Sun Jul 28 05:10:12 UTC 2019
3 ms. Memory: 45056K Free: 25602K (57%)
ptolemy.util.test.WatchDog.cancel(): canceling Sun Jul 28 05:10:12 UTC 2019
------------------ testing $PTII/ptolemy/domains/de/test/auto/DepthTest7.xml
auto.tcl: Setting watchdog for 200 seconds at Sun Jul 28 05:10:12 UTC 2019
3 ms. Memory: 45056K Free: 26945K (60%)
ptolemy.util.test.WatchDog.cancel(): canceling Sun Jul 28 05:10:12 UTC 2019
auto.tcl: Setting watchdog for 200 seconds at Sun Jul 28 05:10:12 UTC 2019
3 ms. Memory: 45056K Free: 26203K (58%)
ptolemy.util.test.WatchDog.cancel(): canceling Sun Jul 28 05:10:12 UTC 2019
------------------ testing $PTII/ptolemy/domains/de/test/auto/EventToDate.xml
auto.tcl: Setting watchdog for 200 seconds at Sun Jul 28 05:10:12 UTC 2019
3005 ms. Memory: 45056K Free: 17752K (39%)
ptolemy.util.test.WatchDog.cancel(): canceling Sun Jul 28 05:10:15 UTC 2019
auto.tcl: Setting watchdog for 200 seconds at Sun Jul 28 05:10:15 UTC 2019
3004 ms. Memory: 45056K Free: 17046K (38%)
ptolemy.util.test.WatchDog.cancel(): canceling Sun Jul 28 05:10:18 UTC 2019
------------------ testing $PTII/ptolemy/domains/de/test/auto/FSM1.xml
auto.tcl: Setting watchdog for 200 seconds at Sun Jul 28 05:10:18 UTC 2019
52 ms. Memory: 45056K Free: 18950K (42%)
ptolemy.util.test.WatchDog.cancel(): canceling Sun Jul 28 05:10:18 UTC 2019
auto.tcl: Setting watchdog for 200 seconds at Sun Jul 28 05:10:18 UTC 2019
33 ms. Memory: 45056K Free: 15701K (35%)
ptolemy.util.test.WatchDog.cancel(): canceling Sun Jul 28 05:10:18 UTC 2019
------------------ testing $PTII/ptolemy/domains/de/test/auto/FSM7.xml
auto.tcl: Setting watchdog for 200 seconds at Sun Jul 28 05:10:18 UTC 2019
15 ms. Memory: 45056K Free: 18629K (41%)
ptolemy.util.test.WatchDog.cancel(): canceling Sun Jul 28 05:10:18 UTC 2019
auto.tcl: Setting watchdog for 200 seconds at Sun Jul 28 05:10:18 UTC 2019
20 ms. Memory: 45056K Free: 15517K (34%)
ptolemy.util.test.WatchDog.cancel(): canceling Sun Jul 28 05:10:18 UTC 2019
------------------ testing $PTII/ptolemy/domains/de/test/auto/Inspection.xml
auto.tcl: Setting watchdog for 200 seconds at Sun Jul 28 05:10:18 UTC 2019
30 ms. Memory: 45056K Free: 18676K (41%)
ptolemy.util.test.WatchDog.cancel(): canceling Sun Jul 28 05:10:19 UTC 2019
auto.tcl: Setting watchdog for 200 seconds at Sun Jul 28 05:10:19 UTC 2019
27 ms. Memory: 45056K Free: 16939K (38%)
ptolemy.util.test.WatchDog.cancel(): canceling Sun Jul 28 05:10:19 UTC 2019
------------------ testing $PTII/ptolemy/domains/de/test/auto/Iteration.xml
auto.tcl: Setting watchdog for 200 seconds at Sun Jul 28 05:10:19 UTC 2019
8 ms. Memory: 45056K Free: 24400K (54%)
ptolemy.util.test.WatchDog.cancel(): canceling Sun Jul 28 05:10:19 UTC 2019
auto.tcl: Setting watchdog for 200 seconds at Sun Jul 28 05:10:19 UTC 2019
8 ms. Memory: 45056K Free: 23012K (51%)
ptolemy.util.test.WatchDog.cancel(): canceling Sun Jul 28 05:10:19 UTC 2019
------------------ testing $PTII/ptolemy/domains/de/test/auto/LineFault.xml
auto.tcl: Setting watchdog for 200 seconds at Sun Jul 28 05:10:19 UTC 2019
770 ms. Memory: 45056K Free: 27807K (62%)
ptolemy.util.test.WatchDog.cancel(): canceling Sun Jul 28 05:10:20 UTC 2019
auto.tcl: Setting watchdog for 200 seconds at Sun Jul 28 05:10:20 UTC 2019
622 ms. Memory: 56320K Free: 22884K (41%)
ptolemy.util.test.WatchDog.cancel(): canceling Sun Jul 28 05:10:20 UTC 2019
------------------ testing $PTII/ptolemy/domains/de/test/auto/MergeModel1Add.xml
auto.tcl: Setting watchdog for 200 seconds at Sun Jul 28 05:10:20 UTC 2019
32 ms. Memory: 55296K Free: 20632K (37%)
ptolemy.util.test.WatchDog.cancel(): canceling Sun Jul 28 05:10:21 UTC 2019
auto.tcl: Setting watchdog for 200 seconds at Sun Jul 28 05:10:21 UTC 2019
8 ms. Memory: 55296K Free: 19034K (34%)
ptolemy.util.test.WatchDog.cancel(): canceling Sun Jul 28 05:10:21 UTC 2019
------------------ testing $PTII/ptolemy/domains/de/test/auto/MergeModel2Add.xml
auto.tcl: Setting watchdog for 200 seconds at Sun Jul 28 05:10:21 UTC 2019
11 ms. Memory: 51200K Free: 18414K (36%)
ptolemy.util.test.WatchDog.cancel(): canceling Sun Jul 28 05:10:21 UTC 2019
auto.tcl: Setting watchdog for 200 seconds at Sun Jul 28 05:10:21 UTC 2019
11 ms. Memory: 51200K Free: 16648K (33%)
ptolemy.util.test.WatchDog.cancel(): canceling Sun Jul 28 05:10:21 UTC 2019
------------------ testing $PTII/ptolemy/domains/de/test/auto/MergeModel3Add.xml
auto.tcl: Setting watchdog for 200 seconds at Sun Jul 28 05:10:21 UTC 2019
11 ms. Memory: 51200K Free: 18635K (36%)
ptolemy.util.test.WatchDog.cancel(): canceling Sun Jul 28 05:10:21 UTC 2019
auto.tcl: Setting watchdog for 200 seconds at Sun Jul 28 05:10:21 UTC 2019
10 ms. Memory: 51200K Free: 17053K (33%)
ptolemy.util.test.WatchDog.cancel(): canceling Sun Jul 28 05:10:21 UTC 2019
------------------ testing $PTII/ptolemy/domains/de/test/auto/MergeWithoutDiscard.xml
auto.tcl: Setting watchdog for 200 seconds at Sun Jul 28 05:10:21 UTC 2019
2 ms. Memory: 51200K Free: 32952K (64%)
ptolemy.util.test.WatchDog.cancel(): canceling Sun Jul 28 05:10:21 UTC 2019
auto.tcl: Setting watchdog for 200 seconds at Sun Jul 28 05:10:21 UTC 2019
2 ms. Memory: 51200K Free: 32540K (64%)
ptolemy.util.test.WatchDog.cancel(): canceling Sun Jul 28 05:10:21 UTC 2019
------------------ testing $PTII/ptolemy/domains/de/test/auto/Modal1.xml
auto.tcl: Setting watchdog for 200 seconds at Sun Jul 28 05:10:21 UTC 2019
19 ms. Memory: 51200K Free: 25325K (49%)
ptolemy.util.test.WatchDog.cancel(): canceling Sun Jul 28 05:10:21 UTC 2019
auto.tcl: Setting watchdog for 200 seconds at Sun Jul 28 05:10:21 UTC 2019
14 ms. Memory: 51200K Free: 22068K (43%)
ptolemy.util.test.WatchDog.cancel(): canceling Sun Jul 28 05:10:21 UTC 2019
------------------ testing $PTII/ptolemy/domains/de/test/auto/Modal2.xml
auto.tcl: Setting watchdog for 200 seconds at Sun Jul 28 05:10:21 UTC 2019
11 ms. Memory: 48128K Free: 22131K (46%)
ptolemy.util.test.WatchDog.cancel(): canceling Sun Jul 28 05:10:21 UTC 2019
auto.tcl: Setting watchdog for 200 seconds at Sun Jul 28 05:10:21 UTC 2019
12 ms. Memory: 48128K Free: 18875K (39%)
ptolemy.util.test.WatchDog.cancel(): canceling Sun Jul 28 05:10:21 UTC 2019
------------------ testing $PTII/ptolemy/domains/de/test/auto/Modal3.xml
auto.tcl: Setting watchdog for 200 seconds at Sun Jul 28 05:10:21 UTC 2019
11 ms. Memory: 48128K Free: 21858K (45%)
ptolemy.util.test.WatchDog.cancel(): canceling Sun Jul 28 05:10:21 UTC 2019
auto.tcl: Setting watchdog for 200 seconds at Sun Jul 28 05:10:21 UTC 2019
11 ms. Memory: 48128K Free: 18921K (39%)
ptolemy.util.test.WatchDog.cancel(): canceling Sun Jul 28 05:10:21 UTC 2019
------------------ testing $PTII/ptolemy/domains/de/test/auto/Modal4.xml
auto.tcl: Setting watchdog for 200 seconds at Sun Jul 28 05:10:21 UTC 2019
26 ms. Memory: 48128K Free: 21103K (44%)
ptolemy.util.test.WatchDog.cancel(): canceling Sun Jul 28 05:10:21 UTC 2019
auto.tcl: Setting watchdog for 200 seconds at Sun Jul 28 05:10:21 UTC 2019
16 ms. Memory: 48128K Free: 17234K (36%)
ptolemy.util.test.WatchDog.cancel(): canceling Sun Jul 28 05:10:21 UTC 2019
------------------ testing $PTII/ptolemy/domains/de/test/auto/Modal5.xml
auto.tcl: Setting watchdog for 200 seconds at Sun Jul 28 05:10:21 UTC 2019
16 ms. Memory: 48128K Free: 21099K (44%)
ptolemy.util.test.WatchDog.cancel(): canceling Sun Jul 28 05:10:22 UTC 2019
auto.tcl: Setting watchdog for 200 seconds at Sun Jul 28 05:10:22 UTC 2019
17 ms. Memory: 48128K Free: 17220K (36%)
ptolemy.util.test.WatchDog.cancel(): canceling Sun Jul 28 05:10:22 UTC 2019
------------------ testing $PTII/ptolemy/domains/de/test/auto/Modal6.xml
auto.tcl: Setting watchdog for 200 seconds at Sun Jul 28 05:10:22 UTC 2019
18 ms. Memory: 48128K Free: 21886K (45%)
ptolemy.util.test.WatchDog.cancel(): canceling Sun Jul 28 05:10:22 UTC 2019
auto.tcl: Setting watchdog for 200 seconds at Sun Jul 28 05:10:22 UTC 2019
17 ms. Memory: 48128K Free: 17881K (37%)
ptolemy.util.test.WatchDog.cancel(): canceling Sun Jul 28 05:10:22 UTC 2019
------------------ testing $PTII/ptolemy/domains/de/test/auto/Modal7.xml
auto.tcl: Setting watchdog for 200 seconds at Sun Jul 28 05:10:22 UTC 2019
19 ms. Memory: 48128K Free: 20862K (43%)
ptolemy.util.test.WatchDog.cancel(): canceling Sun Jul 28 05:10:22 UTC 2019
auto.tcl: Setting watchdog for 200 seconds at Sun Jul 28 05:10:22 UTC 2019
13 ms. Memory: 48128K Free: 17220K (36%)
ptolemy.util.test.WatchDog.cancel(): canceling Sun Jul 28 05:10:22 UTC 2019
------------------ testing $PTII/ptolemy/domains/de/test/auto/ModalModel.xml
auto.tcl: Setting watchdog for 200 seconds at Sun Jul 28 05:10:22 UTC 2019
242 ms. Memory: 58368K Free: 38476K (66%)
ptolemy.util.test.WatchDog.cancel(): canceling Sun Jul 28 05:10:22 UTC 2019
auto.tcl: Setting watchdog for 200 seconds at Sun Jul 28 05:10:22 UTC 2019
241 ms. Memory: 58368K Free: 32223K (55%)
ptolemy.util.test.WatchDog.cancel(): canceling Sun Jul 28 05:10:22 UTC 2019
------------------ testing $PTII/ptolemy/domains/de/test/auto/ModalSource.xml
auto.tcl: Setting watchdog for 200 seconds at Sun Jul 28 05:10:22 UTC 2019
11 ms. Memory: 48128K Free: 25927K (54%)
ptolemy.util.test.WatchDog.cancel(): canceling Sun Jul 28 05:10:22 UTC 2019
auto.tcl: Setting watchdog for 200 seconds at Sun Jul 28 05:10:22 UTC 2019
6 ms. Memory: 48128K Free: 23845K (50%)
ptolemy.util.test.WatchDog.cancel(): canceling Sun Jul 28 05:10:22 UTC 2019
------------------ testing $PTII/ptolemy/domains/de/test/auto/NonInterruptibleTimerZeroDelay.xml
auto.tcl: Setting watchdog for 200 seconds at Sun Jul 28 05:10:23 UTC 2019
3 ms. Memory: 48128K Free: 30867K (64%)
ptolemy.util.test.WatchDog.cancel(): canceling Sun Jul 28 05:10:23 UTC 2019
auto.tcl: Setting watchdog for 200 seconds at Sun Jul 28 05:10:23 UTC 2019
2 ms. Memory: 48128K Free: 30171K (63%)
ptolemy.util.test.WatchDog.cancel(): canceling Sun Jul 28 05:10:23 UTC 2019
------------------ testing $PTII/ptolemy/domains/de/test/auto/OpenQueueingNetwork.xml
auto.tcl: Setting watchdog for 200 seconds at Sun Jul 28 05:10:23 UTC 2019
3400 ms. Memory: 147456K Free: 118499K (80%)
ptolemy.util.test.WatchDog.cancel(): canceling Sun Jul 28 05:10:26 UTC 2019
auto.tcl: Setting watchdog for 200 seconds at Sun Jul 28 05:10:26 UTC 2019
2897 ms. Memory: 147456K Free: 64300K (44%)
ptolemy.util.test.WatchDog.cancel(): canceling Sun Jul 28 05:10:29 UTC 2019
------------------ testing $PTII/ptolemy/domains/de/test/auto/OpenQueuingNetwork.xml
auto.tcl: Setting watchdog for 200 seconds at Sun Jul 28 05:10:29 UTC 2019
294 ms. Memory: 61440K Free: 26490K (43%)
ptolemy.util.test.WatchDog.cancel(): canceling Sun Jul 28 05:10:30 UTC 2019
auto.tcl: Setting watchdog for 200 seconds at Sun Jul 28 05:10:30 UTC 2019
289 ms. Memory: 61440K Free: 42208K (69%)
ptolemy.util.test.WatchDog.cancel(): canceling Sun Jul 28 05:10:30 UTC 2019
------------------ testing $PTII/ptolemy/domains/de/test/auto/PeriodicSampler.xml
auto.tcl: Setting watchdog for 200 seconds at Sun Jul 28 05:10:30 UTC 2019
2 ms. Memory: 48128K Free: 30032K (62%)
ptolemy.util.test.WatchDog.cancel(): canceling Sun Jul 28 05:10:30 UTC 2019
auto.tcl: Setting watchdog for 200 seconds at Sun Jul 28 05:10:30 UTC 2019
2 ms. Memory: 48128K Free: 29102K (60%)
ptolemy.util.test.WatchDog.cancel(): canceling Sun Jul 28 05:10:30 UTC 2019
------------------ testing $PTII/ptolemy/domains/de/test/auto/PersistentIO.xml
auto.tcl: Setting watchdog for 200 seconds at Sun Jul 28 05:10:30 UTC 2019
16 ms. Memory: 48128K Free: 24940K (52%)
ptolemy.util.test.WatchDog.cancel(): canceling Sun Jul 28 05:10:30 UTC 2019
auto.tcl: Setting watchdog for 200 seconds at Sun Jul 28 05:10:30 UTC 2019
5 ms. Memory: 48128K Free: 23484K (49%)
ptolemy.util.test.WatchDog.cancel(): canceling Sun Jul 28 05:10:30 UTC 2019
------------------ testing $PTII/ptolemy/domains/de/test/auto/PortParameterResetOnInitialize.xml
auto.tcl: Setting watchdog for 200 seconds at Sun Jul 28 05:10:30 UTC 2019
2 ms. Memory: 48128K Free: 29945K (62%)
ptolemy.util.test.WatchDog.cancel(): canceling Sun Jul 28 05:10:30 UTC 2019
auto.tcl: Setting watchdog for 200 seconds at Sun Jul 28 05:10:30 UTC 2019
2 ms. Memory: 48128K Free: 29466K (61%)
ptolemy.util.test.WatchDog.cancel(): canceling Sun Jul 28 05:10:30 UTC 2019
------------------ testing $PTII/ptolemy/domains/de/test/auto/PortParameterUpdates.xml
auto.tcl: Setting watchdog for 200 seconds at Sun Jul 28 05:10:30 UTC 2019
4 ms. Memory: 48128K Free: 28038K (58%)
ptolemy.util.test.WatchDog.cancel(): canceling Sun Jul 28 05:10:30 UTC 2019
auto.tcl: Setting watchdog for 200 seconds at Sun Jul 28 05:10:30 UTC 2019
4 ms. Memory: 48128K Free: 26584K (55%)
ptolemy.util.test.WatchDog.cancel(): canceling Sun Jul 28 05:10:30 UTC 2019
------------------ testing $PTII/ptolemy/domains/de/test/auto/QueueAndServer.xml
auto.tcl: Setting watchdog for 200 seconds at Sun Jul 28 05:10:30 UTC 2019
22 ms. Memory: 48128K Free: 26937K (56%)
ptolemy.util.test.WatchDog.cancel(): canceling Sun Jul 28 05:10:30 UTC 2019
auto.tcl: Setting watchdog for 200 seconds at Sun Jul 28 05:10:30 UTC 2019
8 ms. Memory: 48128K Free: 25516K (53%)
ptolemy.util.test.WatchDog.cancel(): canceling Sun Jul 28 05:10:30 UTC 2019
------------------ testing $PTII/ptolemy/domains/de/test/auto/Records.xml
auto.tcl: Setting watchdog for 200 seconds at Sun Jul 28 05:10:30 UTC 2019
3 ms. Memory: 48128K Free: 29511K (61%)
ptolemy.util.test.WatchDog.cancel(): canceling Sun Jul 28 05:10:30 UTC 2019
auto.tcl: Setting watchdog for 200 seconds at Sun Jul 28 05:10:30 UTC 2019
2 ms. Memory: 48128K Free: 29021K (60%)
ptolemy.util.test.WatchDog.cancel(): canceling Sun Jul 28 05:10:30 UTC 2019
------------------ testing $PTII/ptolemy/domains/de/test/auto/ResetTransitionWithStartTime1.xml
auto.tcl: Setting watchdog for 200 seconds at Sun Jul 28 05:10:30 UTC 2019
11 ms. Memory: 48128K Free: 26439K (55%)
ptolemy.util.test.WatchDog.cancel(): canceling Sun Jul 28 05:10:30 UTC 2019
auto.tcl: Setting watchdog for 200 seconds at Sun Jul 28 05:10:30 UTC 2019
7 ms. Memory: 48128K Free: 24375K (51%)
ptolemy.util.test.WatchDog.cancel(): canceling Sun Jul 28 05:10:30 UTC 2019
------------------ testing $PTII/ptolemy/domains/de/test/auto/ResetTransitionWithStartTime2.xml
auto.tcl: Setting watchdog for 200 seconds at Sun Jul 28 05:10:30 UTC 2019
9 ms. Memory: 48128K Free: 26395K (55%)
ptolemy.util.test.WatchDog.cancel(): canceling Sun Jul 28 05:10:30 UTC 2019
auto.tcl: Setting watchdog for 200 seconds at Sun Jul 28 05:10:30 UTC 2019
7 ms. Memory: 48128K Free: 23881K (50%)
ptolemy.util.test.WatchDog.cancel(): canceling Sun Jul 28 05:10:30 UTC 2019
------------------ testing $PTII/ptolemy/domains/de/test/auto/ResetTransitionWithStartTime3.xml
auto.tcl: Setting watchdog for 200 seconds at Sun Jul 28 05:10:31 UTC 2019
16 ms. Memory: 48128K Free: 26394K (55%)
ptolemy.util.test.WatchDog.cancel(): canceling Sun Jul 28 05:10:31 UTC 2019
auto.tcl: Setting watchdog for 200 seconds at Sun Jul 28 05:10:31 UTC 2019
7 ms. Memory: 48128K Free: 23897K (50%)
ptolemy.util.test.WatchDog.cancel(): canceling Sun Jul 28 05:10:31 UTC 2019
------------------ testing $PTII/ptolemy/domains/de/test/auto/ResetTransitionWithStartTime4.xml
auto.tcl: Setting watchdog for 200 seconds at Sun Jul 28 05:10:31 UTC 2019
11 ms. Memory: 48128K Free: 26861K (56%)
ptolemy.util.test.WatchDog.cancel(): canceling Sun Jul 28 05:10:31 UTC 2019
auto.tcl: Setting watchdog for 200 seconds at Sun Jul 28 05:10:31 UTC 2019
5 ms. Memory: 48128K Free: 25429K (53%)
ptolemy.util.test.WatchDog.cancel(): canceling Sun Jul 28 05:10:31 UTC 2019
------------------ testing $PTII/ptolemy/domains/de/test/auto/ResettableTimer1.xml
auto.tcl: Setting watchdog for 200 seconds at Sun Jul 28 05:10:31 UTC 2019
3 ms. Memory: 48128K Free: 30599K (64%)
ptolemy.util.test.WatchDog.cancel(): canceling Sun Jul 28 05:10:31 UTC 2019
auto.tcl: Setting watchdog for 200 seconds at Sun Jul 28 05:10:31 UTC 2019
6 ms. Memory: 48128K Free: 29516K (61%)
ptolemy.util.test.WatchDog.cancel(): canceling Sun Jul 28 05:10:31 UTC 2019
------------------ testing $PTII/ptolemy/domains/de/test/auto/ResettableTimer2.xml
auto.tcl: Setting watchdog for 200 seconds at Sun Jul 28 05:10:31 UTC 2019
3 ms. Memory: 48128K Free: 30649K (64%)
ptolemy.util.test.WatchDog.cancel(): canceling Sun Jul 28 05:10:31 UTC 2019
auto.tcl: Setting watchdog for 200 seconds at Sun Jul 28 05:10:31 UTC 2019
3 ms. Memory: 48128K Free: 29574K (61%)
ptolemy.util.test.WatchDog.cancel(): canceling Sun Jul 28 05:10:31 UTC 2019
------------------ testing $PTII/ptolemy/domains/de/test/auto/ResettableTimer3.xml
auto.tcl: Setting watchdog for 200 seconds at Sun Jul 28 05:10:31 UTC 2019
1 ms. Memory: 48128K Free: 30558K (63%)
ptolemy.util.test.WatchDog.cancel(): canceling Sun Jul 28 05:10:31 UTC 2019
auto.tcl: Setting watchdog for 200 seconds at Sun Jul 28 05:10:31 UTC 2019
1 ms. Memory: 48128K Free: 30526K (63%)
ptolemy.util.test.WatchDog.cancel(): canceling Sun Jul 28 05:10:31 UTC 2019
------------------ testing $PTII/ptolemy/domains/de/test/auto/ResettableTimer4.xml
auto.tcl: Setting watchdog for 200 seconds at Sun Jul 28 05:10:31 UTC 2019
1 ms. Memory: 48128K Free: 30571K (64%)
ptolemy.util.test.WatchDog.cancel(): canceling Sun Jul 28 05:10:31 UTC 2019
auto.tcl: Setting watchdog for 200 seconds at Sun Jul 28 05:10:31 UTC 2019
1 ms. Memory: 48128K Free: 30073K (62%)
ptolemy.util.test.WatchDog.cancel(): canceling Sun Jul 28 05:10:31 UTC 2019
------------------ testing $PTII/ptolemy/domains/de/test/auto/ResettableTimer5.xml
auto.tcl: Setting watchdog for 200 seconds at Sun Jul 28 05:10:31 UTC 2019
1 ms. Memory: 48128K Free: 30009K (62%)
ptolemy.util.test.WatchDog.cancel(): canceling Sun Jul 28 05:10:31 UTC 2019
auto.tcl: Setting watchdog for 200 seconds at Sun Jul 28 05:10:31 UTC 2019
1 ms. Memory: 48128K Free: 29529K (61%)
ptolemy.util.test.WatchDog.cancel(): canceling Sun Jul 28 05:10:31 UTC 2019
------------------ testing $PTII/ptolemy/domains/de/test/auto/ResettableTimer6.xml
auto.tcl: Setting watchdog for 200 seconds at Sun Jul 28 05:10:31 UTC 2019
2 ms. Memory: 48128K Free: 29999K (62%)
ptolemy.util.test.WatchDog.cancel(): canceling Sun Jul 28 05:10:31 UTC 2019
auto.tcl: Setting watchdog for 200 seconds at Sun Jul 28 05:10:31 UTC 2019
2 ms. Memory: 48128K Free: 29503K (61%)
ptolemy.util.test.WatchDog.cancel(): canceling Sun Jul 28 05:10:31 UTC 2019
------------------ testing $PTII/ptolemy/domains/de/test/auto/ServerZeroDelay.xml
auto.tcl: Setting watchdog for 200 seconds at Sun Jul 28 05:10:31 UTC 2019
4 ms. Memory: 48128K Free: 30519K (63%)
ptolemy.util.test.WatchDog.cancel(): canceling Sun Jul 28 05:10:31 UTC 2019
auto.tcl: Setting watchdog for 200 seconds at Sun Jul 28 05:10:31 UTC 2019
2 ms. Memory: 48128K Free: 29580K (61%)
ptolemy.util.test.WatchDog.cancel(): canceling Sun Jul 28 05:10:31 UTC 2019
------------------ testing $PTII/ptolemy/domains/de/test/auto/SmartSender.xml
auto.tcl: Setting watchdog for 200 seconds at Sun Jul 28 05:10:31 UTC 2019
3003 ms. Memory: 48128K Free: 30513K (63%)
ptolemy.util.test.WatchDog.cancel(): canceling Sun Jul 28 05:10:34 UTC 2019
auto.tcl: Setting watchdog for 200 seconds at Sun Jul 28 05:10:34 UTC 2019
3001 ms. Memory: 48128K Free: 30025K (62%)
ptolemy.util.test.WatchDog.cancel(): canceling Sun Jul 28 05:10:37 UTC 2019
------------------ testing $PTII/ptolemy/domains/de/test/auto/ThreadedComposite.xml
auto.tcl: Setting watchdog for 200 seconds at Sun Jul 28 05:10:37 UTC 2019
365 ms. Memory: 48128K Free: 30437K (63%)
ptolemy.util.test.WatchDog.cancel(): canceling Sun Jul 28 05:10:38 UTC 2019
auto.tcl: Setting watchdog for 200 seconds at Sun Jul 28 05:10:38 UTC 2019
156 ms. Memory: 48128K Free: 17590K (37%)
ptolemy.util.test.WatchDog.cancel(): canceling Sun Jul 28 05:10:38 UTC 2019
------------------ testing $PTII/ptolemy/domains/de/test/auto/Time.xml
auto.tcl: Setting watchdog for 200 seconds at Sun Jul 28 05:10:38 UTC 2019
543 ms. Memory: 48128K Free: 27220K (57%)
ptolemy.util.test.WatchDog.cancel(): canceling Sun Jul 28 05:10:38 UTC 2019
auto.tcl: Setting watchdog for 200 seconds at Sun Jul 28 05:10:38 UTC 2019
482 ms. Memory: 48128K Free: 23246K (48%)
ptolemy.util.test.WatchDog.cancel(): canceling Sun Jul 28 05:10:39 UTC 2019
------------------ testing $PTII/ptolemy/domains/de/test/auto/TimeDelayZeroDelay.xml
auto.tcl: Setting watchdog for 200 seconds at Sun Jul 28 05:10:39 UTC 2019
3 ms. Memory: 48128K Free: 30920K (64%)
ptolemy.util.test.WatchDog.cancel(): canceling Sun Jul 28 05:10:39 UTC 2019
auto.tcl: Setting watchdog for 200 seconds at Sun Jul 28 05:10:39 UTC 2019
2 ms. Memory: 48128K Free: 30071K (62%)
ptolemy.util.test.WatchDog.cancel(): canceling Sun Jul 28 05:10:39 UTC 2019
------------------ testing $PTII/ptolemy/domains/de/test/auto/TimerZeroDelay.xml
auto.tcl: Setting watchdog for 200 seconds at Sun Jul 28 05:10:39 UTC 2019
4 ms. Memory: 48128K Free: 30949K (64%)
ptolemy.util.test.WatchDog.cancel(): canceling Sun Jul 28 05:10:39 UTC 2019
auto.tcl: Setting watchdog for 200 seconds at Sun Jul 28 05:10:39 UTC 2019
2 ms. Memory: 48128K Free: 30100K (63%)
ptolemy.util.test.WatchDog.cancel(): canceling Sun Jul 28 05:10:39 UTC 2019
------------------ testing $PTII/ptolemy/domains/de/test/auto/TimingParadox.xml
auto.tcl: Setting watchdog for 200 seconds at Sun Jul 28 05:10:39 UTC 2019
447 ms. Memory: 48128K Free: 12510K (26%)
ptolemy.util.test.WatchDog.cancel(): canceling Sun Jul 28 05:10:40 UTC 2019
auto.tcl: Setting watchdog for 200 seconds at Sun Jul 28 05:10:40 UTC 2019
380 ms. Memory: 58368K Free: 34366K (59%)
ptolemy.util.test.WatchDog.cancel(): canceling Sun Jul 28 05:10:40 UTC 2019
------------------ testing $PTII/ptolemy/domains/de/test/auto/TransferInputs.xml
auto.tcl: Setting watchdog for 200 seconds at Sun Jul 28 05:10:40 UTC 2019
2 ms. Memory: 55296K Free: 36119K (65%)
ptolemy.util.test.WatchDog.cancel(): canceling Sun Jul 28 05:10:40 UTC 2019
auto.tcl: Setting watchdog for 200 seconds at Sun Jul 28 05:10:40 UTC 2019
2 ms. Memory: 55296K Free: 35210K (64%)
ptolemy.util.test.WatchDog.cancel(): canceling Sun Jul 28 05:10:40 UTC 2019
------------------ testing $PTII/ptolemy/domains/de/test/auto/TransferOutputs2.xml
auto.tcl: Setting watchdog for 200 seconds at Sun Jul 28 05:10:40 UTC 2019
12 ms. Memory: 48128K Free: 26393K (55%)
ptolemy.util.test.WatchDog.cancel(): canceling Sun Jul 28 05:10:40 UTC 2019
auto.tcl: Setting watchdog for 200 seconds at Sun Jul 28 05:10:40 UTC 2019
4 ms. Memory: 48128K Free: 24993K (52%)
ptolemy.util.test.WatchDog.cancel(): canceling Sun Jul 28 05:10:40 UTC 2019
------------------ testing $PTII/ptolemy/domains/de/test/auto/Trilateration.xml
auto.tcl: Setting watchdog for 200 seconds at Sun Jul 28 05:10:40 UTC 2019
16891 ms. Memory: 473088K Free: 432199K (91%)
ptolemy.util.test.WatchDog.cancel(): canceling Sun Jul 28 05:10:59 UTC 2019
auto.tcl: Setting watchdog for 200 seconds at Sun Jul 28 05:10:59 UTC 2019
12181 ms. Memory: 473088K Free: 344103K (73%)
ptolemy.util.test.WatchDog.cancel(): canceling Sun Jul 28 05:11:11 UTC 2019
------------------ testing $PTII/ptolemy/domains/de/test/auto/TwoSigmaDelta.xml
auto.tcl: Setting watchdog for 200 seconds at Sun Jul 28 05:11:11 UTC 2019
3055 ms. Memory: 86016K Free: 52193K (61%)
ptolemy.util.test.WatchDog.cancel(): canceling Sun Jul 28 05:11:14 UTC 2019
auto.tcl: Setting watchdog for 200 seconds at Sun Jul 28 05:11:14 UTC 2019
2415 ms. Memory: 86016K Free: 40407K (47%)
ptolemy.util.test.WatchDog.cancel(): canceling Sun Jul 28 05:11:16 UTC 2019
------------------ testing $PTII/ptolemy/domains/de/test/auto/VariableDelay.xml
auto.tcl: Setting watchdog for 200 seconds at Sun Jul 28 05:11:16 UTC 2019
2 ms. Memory: 51200K Free: 32498K (63%)
ptolemy.util.test.WatchDog.cancel(): canceling Sun Jul 28 05:11:16 UTC 2019
auto.tcl: Setting watchdog for 200 seconds at Sun Jul 28 05:11:16 UTC 2019
2 ms. Memory: 51200K Free: 31504K (62%)
ptolemy.util.test.WatchDog.cancel(): canceling Sun Jul 28 05:11:16 UTC 2019
------------------ testing $PTII/ptolemy/domains/de/test/auto/VariableDelay2.xml
auto.tcl: Setting watchdog for 200 seconds at Sun Jul 28 05:11:17 UTC 2019
9 ms. Memory: 48128K Free: 29841K (62%)
ptolemy.util.test.WatchDog.cancel(): canceling Sun Jul 28 05:11:17 UTC 2019
auto.tcl: Setting watchdog for 200 seconds at Sun Jul 28 05:11:17 UTC 2019
3 ms. Memory: 48128K Free: 29343K (61%)
ptolemy.util.test.WatchDog.cancel(): canceling Sun Jul 28 05:11:17 UTC 2019
------------------ testing $PTII/ptolemy/domains/de/test/auto/VariableDelayZeroDelay.xml
auto.tcl: Setting watchdog for 200 seconds at Sun Jul 28 05:11:17 UTC 2019
2 ms. Memory: 48128K Free: 30471K (63%)
ptolemy.util.test.WatchDog.cancel(): canceling Sun Jul 28 05:11:17 UTC 2019
auto.tcl: Setting watchdog for 200 seconds at Sun Jul 28 05:11:17 UTC 2019
2 ms. Memory: 48128K Free: 29830K (62%)
ptolemy.util.test.WatchDog.cancel(): canceling Sun Jul 28 05:11:17 UTC 2019
------------------ testing $PTII/ptolemy/domains/de/test/auto/VariableDelayZeroDelay2.xml
auto.tcl: Setting watchdog for 200 seconds at Sun Jul 28 05:11:17 UTC 2019
3 ms. Memory: 48128K Free: 30366K (63%)
ptolemy.util.test.WatchDog.cancel(): canceling Sun Jul 28 05:11:17 UTC 2019
auto.tcl: Setting watchdog for 200 seconds at Sun Jul 28 05:11:17 UTC 2019
5 ms. Memory: 48128K Free: 29342K (61%)
ptolemy.util.test.WatchDog.cancel(): canceling Sun Jul 28 05:11:17 UTC 2019
------------------ testing $PTII/ptolemy/domains/de/test/auto/deInCt.xml
auto.tcl: Setting watchdog for 200 seconds at Sun Jul 28 05:11:17 UTC 2019
0
1
1
1
0
0
0
0
1
1
1
0
0
0
1
1
1
1
1
0
0
0
1
1
1
1
0
0
0
0
0
18 ms. Memory: 48128K Free: 29340K (61%)
ptolemy.util.test.WatchDog.cancel(): canceling Sun Jul 28 05:11:17 UTC 2019
auto.tcl: Setting watchdog for 200 seconds at Sun Jul 28 05:11:17 UTC 2019
0
1
1
1
0
0
1
1
0
0
0
1
1
1
0
0
0
1
1
1
0
0
0
0
1
1
1
0
0
0
1
1
1
1
0
0
0
1
1
1
0
0
0
1
1
1
1
0
0
0
0
1
1
1
11 ms. Memory: 48128K Free: 27828K (58%)
ptolemy.util.test.WatchDog.cancel(): canceling Sun Jul 28 05:11:17 UTC 2019
------------------ testing $PTII/ptolemy/domains/de/test/auto/deInCt2.xml
auto.tcl: Setting watchdog for 200 seconds at Sun Jul 28 05:11:17 UTC 2019
0
1
1
1
0
0
1
1
1
0
0
1
1
1
0
0
1
1
1
0
0
1
1
1
0
0
1
1
1
0
0
1
1
1
0
0
1
1
1
0
0
0
8 ms. Memory: 48128K Free: 29423K (61%)
ptolemy.util.test.WatchDog.cancel(): canceling Sun Jul 28 05:11:17 UTC 2019
auto.tcl: Setting watchdog for 200 seconds at Sun Jul 28 05:11:17 UTC 2019
0
1
1
1
0
0
1
1
1
0
0
1
1
1
0
0
1
1
1
0
0
1
1
1
0
0
1
1
1
0
0
1
1
1
0
0
1
1
1
0
0
0
9 ms. Memory: 48128K Free: 27800K (58%)
ptolemy.util.test.WatchDog.cancel(): canceling Sun Jul 28 05:11:17 UTC 2019
------------------ testing $PTII/ptolemy/domains/de/test/auto/dynamicCausalityInterface1.xml
auto.tcl: Setting watchdog for 200 seconds at Sun Jul 28 05:11:17 UTC 2019
2 ms. Memory: 48128K Free: 24612K (51%)
ptolemy.util.test.WatchDog.cancel(): canceling Sun Jul 28 05:11:17 UTC 2019
auto.tcl: Setting watchdog for 200 seconds at Sun Jul 28 05:11:17 UTC 2019
1 ms. Memory: 48128K Free: 24216K (50%)
ptolemy.util.test.WatchDog.cancel(): canceling Sun Jul 28 05:11:17 UTC 2019
------------------ testing $PTII/ptolemy/domains/de/test/auto/fsm_de_test.xml
auto.tcl: Setting watchdog for 200 seconds at Sun Jul 28 05:11:17 UTC 2019
10 ms. Memory: 48128K Free: 25139K (52%)
ptolemy.util.test.WatchDog.cancel(): canceling Sun Jul 28 05:11:17 UTC 2019
auto.tcl: Setting watchdog for 200 seconds at Sun Jul 28 05:11:17 UTC 2019
9 ms. Memory: 48128K Free: 23091K (48%)
ptolemy.util.test.WatchDog.cancel(): canceling Sun Jul 28 05:11:17 UTC 2019
------------------ testing $PTII/ptolemy/domains/de/test/auto/functionDependencyReconstruction.xml
auto.tcl: Setting watchdog for 200 seconds at Sun Jul 28 05:11:17 UTC 2019
3 ms. Memory: 48128K Free: 18985K (39%)
ptolemy.util.test.WatchDog.cancel(): canceling Sun Jul 28 05:11:17 UTC 2019
auto.tcl: Setting watchdog for 200 seconds at Sun Jul 28 05:11:17 UTC 2019
3 ms. Memory: 48128K Free: 16979K (35%)
ptolemy.util.test.WatchDog.cancel(): canceling Sun Jul 28 05:11:17 UTC 2019
------------------ testing $PTII/ptolemy/domains/de/test/auto/multirate.xml
auto.tcl: Setting watchdog for 200 seconds at Sun Jul 28 05:11:17 UTC 2019
5 ms. Memory: 48128K Free: 27269K (57%)
ptolemy.util.test.WatchDog.cancel(): canceling Sun Jul 28 05:11:17 UTC 2019
auto.tcl: Setting watchdog for 200 seconds at Sun Jul 28 05:11:17 UTC 2019
3 ms. Memory: 48128K Free: 26102K (54%)
ptolemy.util.test.WatchDog.cancel(): canceling Sun Jul 28 05:11:17 UTC 2019
------------------ testing $PTII/ptolemy/domains/de/test/auto/multirate2.xml
auto.tcl: Setting watchdog for 200 seconds at Sun Jul 28 05:11:17 UTC 2019
3 ms. Memory: 48128K Free: 27768K (58%)
ptolemy.util.test.WatchDog.cancel(): canceling Sun Jul 28 05:11:17 UTC 2019
auto.tcl: Setting watchdog for 200 seconds at Sun Jul 28 05:11:17 UTC 2019
3 ms. Memory: 48128K Free: 26283K (55%)
ptolemy.util.test.WatchDog.cancel(): canceling Sun Jul 28 05:11:17 UTC 2019
------------------ testing $PTII/ptolemy/domains/de/test/auto/realtime.xml
auto.tcl: Setting watchdog for 200 seconds at Sun Jul 28 05:11:17 UTC 2019
10002 ms. Memory: 48128K Free: 30064K (62%)
ptolemy.util.test.WatchDog.cancel(): canceling Sun Jul 28 05:11:27 UTC 2019
auto.tcl: Setting watchdog for 200 seconds at Sun Jul 28 05:11:27 UTC 2019
10001 ms. Memory: 48128K Free: 29319K (61%)
ptolemy.util.test.WatchDog.cancel(): canceling Sun Jul 28 05:11:37 UTC 2019
------------------ testing $PTII/ptolemy/domains/de/test/auto/relationGroup.xml
auto.tcl: Setting watchdog for 200 seconds at Sun Jul 28 05:11:37 UTC 2019
2 ms. Memory: 48128K Free: 31114K (65%)
ptolemy.util.test.WatchDog.cancel(): canceling Sun Jul 28 05:11:37 UTC 2019
auto.tcl: Setting watchdog for 200 seconds at Sun Jul 28 05:11:37 UTC 2019
1 ms. Memory: 48128K Free: 30369K (63%)
ptolemy.util.test.WatchDog.cancel(): canceling Sun Jul 28 05:11:37 UTC 2019
------------------ testing $PTII/ptolemy/domains/de/test/auto/relationGroup2.xml
auto.tcl: Setting watchdog for 200 seconds at Sun Jul 28 05:11:38 UTC 2019
2 ms. Memory: 48128K Free: 30904K (64%)
ptolemy.util.test.WatchDog.cancel(): canceling Sun Jul 28 05:11:38 UTC 2019
auto.tcl: Setting watchdog for 200 seconds at Sun Jul 28 05:11:38 UTC 2019
1 ms. Memory: 48128K Free: 30402K (63%)
ptolemy.util.test.WatchDog.cancel(): canceling Sun Jul 28 05:11:38 UTC 2019
------------------ testing $PTII/ptolemy/domains/de/test/auto/sortWithOpaquePorts.xml
auto.tcl: Setting watchdog for 200 seconds at Sun Jul 28 05:11:38 UTC 2019
2 ms. Memory: 48128K Free: 29868K (62%)
ptolemy.util.test.WatchDog.cancel(): canceling Sun Jul 28 05:11:38 UTC 2019
auto.tcl: Setting watchdog for 200 seconds at Sun Jul 28 05:11:38 UTC 2019
3 ms. Memory: 48128K Free: 28348K (59%)
ptolemy.util.test.WatchDog.cancel(): canceling Sun Jul 28 05:11:38 UTC 2019
------------------ testing $PTII/ptolemy/domains/de/test/auto/transferInputsandOutputs.xml
auto.tcl: Setting watchdog for 200 seconds at Sun Jul 28 05:11:38 UTC 2019
5 ms. Memory: 48128K Free: 27311K (57%)
ptolemy.util.test.WatchDog.cancel(): canceling Sun Jul 28 05:11:38 UTC 2019
auto.tcl: Setting watchdog for 200 seconds at Sun Jul 28 05:11:38 UTC 2019
3 ms. Memory: 48128K Free: 26287K (55%)
ptolemy.util.test.WatchDog.cancel(): canceling Sun Jul 28 05:11:38 UTC 2019
------------------ testing $PTII/ptolemy/domains/de/test/auto/triggerType.xml
auto.tcl: Setting watchdog for 200 seconds at Sun Jul 28 05:11:38 UTC 2019
2 ms. Memory: 48128K Free: 30336K (63%)
ptolemy.util.test.WatchDog.cancel(): canceling Sun Jul 28 05:11:38 UTC 2019
auto.tcl: Setting watchdog for 200 seconds at Sun Jul 28 05:11:38 UTC 2019
2 ms. Memory: 48128K Free: 29363K (61%)
ptolemy.util.test.WatchDog.cancel(): canceling Sun Jul 28 05:11:38 UTC 2019
07/28/19 05:11:38
Failed: 0  Total Tests: 192  ((Passed: 187, Newly Passed: 1)  Known Failed: 5) /home/travis/build/icyphy/ptII/ptolemy/domains/de/test
07/28/19 05:11:38
Failed: 0  Total Tests: 192  ((Passed: 187, Newly Passed: 1)  Known Failed: 5) /home/travis/build/icyphy/ptII/ptolemy/domains/de/test
----------------- testing (KnownFailure) /home/travis/build/icyphy/ptII/ptolemy/domains/de/test/auto/knownFailedTests/DESDFClockTest.xml
2013 ms. Memory: 48128K Free: 23731K (49%)
Known Failure: java.lang.reflect.InvocationTargetException
----------------- testing (KnownFailure) /home/travis/build/icyphy/ptII/ptolemy/domains/de/test/auto/knownFailedTests/DirectFeedback.xml
1 ms. Memory: 48128K Free: 19635K (41%)
Known Failure: java.lang.reflect.InvocationTargetException
----------------- testing (KnownFailure) /home/travis/build/icyphy/ptII/ptolemy/domains/de/test/auto/knownFailedTests/FSMSource.xml
8 ms. Memory: 48128K Free: 11957K (25%)
----------------- testing (KnownFailure) /home/travis/build/icyphy/ptII/ptolemy/domains/de/test/auto/knownFailedTests/HierarchicalModel.xml
4 ms. Memory: 48128K Free: 22896K (48%)
Known Failure: java.lang.reflect.InvocationTargetException
----------------- testing (KnownFailure) /home/travis/build/icyphy/ptII/ptolemy/domains/de/test/auto/knownFailedTests/dependencyLoop.xml
3 ms. Memory: 48128K Free: 7576K (16%)
Known Failure: java.lang.reflect.InvocationTargetException
----------------- testing (KnownFailure) /home/travis/build/icyphy/ptII/ptolemy/domains/de/test/auto/knownFailedTests/dependencyLoop2.xml
9 ms. Memory: 48128K Free: 18939K (39%)
Known Failure: java.lang.reflect.InvocationTargetException
No auto/linux-amd64/*.xml tests in /home/travis/build/icyphy/ptII/ptolemy/domains/de/test
AutoTests.java: About to close Vertx.
AutoTests.java: Vertx closed.

===========================================================================================
----------------- testing Sun Jul 28 05:11:40 UTC 2019 /home/travis/build/icyphy/ptII/ptolemy/domains/de/test/auto/ActorDepthCalculation_actorWithoutPorts.xml
----------------- Instantiating /home/travis/build/icyphy/ptII/ptolemy/domains/de/test/auto/ActorDepthCalculation_actorWithoutPorts.xml
3 ms. Memory: 48128K Free: 12640K (26%)
----------------- Invoking toplevel() on ptolemy.moml.MoMLSimpleApplication@447088c4
----------------- Done invoking toplevel() on ptolemy.moml.MoMLSimpleApplication@447088c4
reloadAllAccessors: .ActorDepthCalculation_actorWithoutPorts

===========================================================================================
----------------- testing Sun Jul 28 05:11:40 UTC 2019 /home/travis/build/icyphy/ptII/ptolemy/domains/de/test/auto/AssemblyLine.xml
----------------- Instantiating /home/travis/build/icyphy/ptII/ptolemy/domains/de/test/auto/AssemblyLine.xml
4 ms. Memory: 48128K Free: 32181K (67%)
----------------- Invoking toplevel() on ptolemy.moml.MoMLSimpleApplication@63d0a5b0
----------------- Done invoking toplevel() on ptolemy.moml.MoMLSimpleApplication@63d0a5b0
reloadAllAccessors: .AssemblyLine

===========================================================================================
----------------- testing Sun Jul 28 05:11:40 UTC 2019 /home/travis/build/icyphy/ptII/ptolemy/domains/de/test/auto/CQBug1.xml
----------------- Instantiating /home/travis/build/icyphy/ptII/ptolemy/domains/de/test/auto/CQBug1.xml
1 ms. Memory: 48128K Free: 29222K (61%)
----------------- Invoking toplevel() on ptolemy.moml.MoMLSimpleApplication@168ad382
----------------- Done invoking toplevel() on ptolemy.moml.MoMLSimpleApplication@168ad382
reloadAllAccessors: .CQBug1

===========================================================================================
----------------- testing Sun Jul 28 05:11:40 UTC 2019 /home/travis/build/icyphy/ptII/ptolemy/domains/de/test/auto/CancelFireAt.xml
----------------- Instantiating /home/travis/build/icyphy/ptII/ptolemy/domains/de/test/auto/CancelFireAt.xml
1 ms. Memory: 48128K Free: 26941K (56%)
----------------- Invoking toplevel() on ptolemy.moml.MoMLSimpleApplication@2d2eca2f
----------------- Done invoking toplevel() on ptolemy.moml.MoMLSimpleApplication@2d2eca2f
reloadAllAccessors: .CancelFireAt

===========================================================================================
----------------- testing Sun Jul 28 05:11:40 UTC 2019 /home/travis/build/icyphy/ptII/ptolemy/domains/de/test/auto/CausalityAndComposabilityAnalysis.xml
----------------- Instantiating /home/travis/build/icyphy/ptII/ptolemy/domains/de/test/auto/CausalityAndComposabilityAnalysis.xml
2 ms. Memory: 48128K Free: 22649K (47%)
----------------- Invoking toplevel() on ptolemy.moml.MoMLSimpleApplication@113411df
----------------- Done invoking toplevel() on ptolemy.moml.MoMLSimpleApplication@113411df
reloadAllAccessors: .CausalityAndComposabilityAnalysis

===========================================================================================
----------------- testing Sun Jul 28 05:11:40 UTC 2019 /home/travis/build/icyphy/ptII/ptolemy/domains/de/test/auto/CausalityInterface1.xml
----------------- Instantiating /home/travis/build/icyphy/ptII/ptolemy/domains/de/test/auto/CausalityInterface1.xml
4 ms. Memory: 48128K Free: 17757K (37%)
----------------- Invoking toplevel() on ptolemy.moml.MoMLSimpleApplication@2bd6ec94
----------------- Done invoking toplevel() on ptolemy.moml.MoMLSimpleApplication@2bd6ec94
reloadAllAccessors: .CausalityInterface1

===========================================================================================
----------------- testing Sun Jul 28 05:11:40 UTC 2019 /home/travis/build/icyphy/ptII/ptolemy/domains/de/test/auto/CausalityInterface15.xml
----------------- Instantiating /home/travis/build/icyphy/ptII/ptolemy/domains/de/test/auto/CausalityInterface15.xml
3 ms. Memory: 48128K Free: 12395K (26%)
----------------- Invoking toplevel() on ptolemy.moml.MoMLSimpleApplication@63dcffb1
----------------- Done invoking toplevel() on ptolemy.moml.MoMLSimpleApplication@63dcffb1
reloadAllAccessors: .CausalityInterface15

===========================================================================================
----------------- testing Sun Jul 28 05:11:40 UTC 2019 /home/travis/build/icyphy/ptII/ptolemy/domains/de/test/auto/CausalityInterface2.xml
----------------- Instantiating /home/travis/build/icyphy/ptII/ptolemy/domains/de/test/auto/CausalityInterface2.xml
2 ms. Memory: 48128K Free: 7740K (16%)
[...]
	at ptolemy.actor.Manager.run(Manager.java:1263)
	at ptolemy.actor.Manager$PtolemyRunThread.run(Manager.java:1933)
java.lang.RuntimeException: Execution failed
	at ptolemy.moml.MoMLSimpleApplication$UnloadThread.run(MoMLSimpleApplication.java:402)
Caused by: ptolemy.kernel.util.IllegalActionException: Actor is not ready to fire.  Perhaps UpSample.prefire() returned false? Try debugging the actor by selecting "Listen to Actor".  Also, for SDF check moml for tokenConsumptionRate on input.
  in .DESDFClockTest.Play Bell.Copy1:SDF Director and .DESDFClockTest.Play Bell.UpSample
	at ptolemy.actor.sched.StaticSchedulingDirector.fire(StaticSchedulingDirector.java:227)
	at ptolemy.domains.sdf.kernel.SDFDirector.fire(SDFDirector.java:500)
	at ptolemy.actor.CompositeActor.fire(CompositeActor.java:455)
	at ptolemy.domains.de.kernel.DEDirector._fire(DEDirector.java:1949)
	at ptolemy.domains.de.kernel.DEDirector.fire(DEDirector.java:502)
	at ptolemy.actor.CompositeActor.fire(CompositeActor.java:455)
	at ptolemy.actor.Manager.iterate(Manager.java:851)
	at ptolemy.actor.Manager.execute(Manager.java:369)
	at ptolemy.actor.Manager.run(Manager.java:1263)
	at ptolemy.actor.Manager$PtolemyRunThread.run(Manager.java:1933)
java.lang.reflect.InvocationTargetException
	at java.base/jdk.internal.reflect.NativeConstructorAccessorImpl.newInstance0(Native Method)
	at java.base/jdk.internal.reflect.NativeConstructorAccessorImpl.newInstance(NativeConstructorAccessorImpl.java:62)
	at java.base/jdk.internal.reflect.DelegatingConstructorAccessorImpl.newInstance(DelegatingConstructorAccessorImpl.java:45)
	at java.base/java.lang.reflect.Constructor.newInstance(Constructor.java:490)
	at ptolemy.util.test.junit.AutoKnownFailedTests.RunModel(AutoKnownFailedTests.java:105)
	at java.base/jdk.internal.reflect.NativeMethodAccessorImpl.invoke0(Native Method)
	at java.base/jdk.internal.reflect.NativeMethodAccessorImpl.invoke(NativeMethodAccessorImpl.java:62)
	at java.base/jdk.internal.reflect.DelegatingMethodAccessorImpl.invoke(DelegatingMethodAccessorImpl.java:43)
	at java.base/java.lang.reflect.Method.invoke(Method.java:566)
	at org.junit.runners.model.FrameworkMethod$1.runReflectiveCall(FrameworkMethod.java:44)
	at org.junit.internal.runners.model.ReflectiveCallable.run(ReflectiveCallable.java:15)
	at org.junit.runners.model.FrameworkMethod.invokeExplosively(FrameworkMethod.java:41)
	at junitparams.internal.InvokeParameterisedMethod.evaluate(InvokeParameterisedMethod.java:102)
	at org.junit.internal.runners.statements.FailOnTimeout$1.run(FailOnTimeout.java:28)
Caused by: ptolemy.kernel.util.IllegalActionException: Actor is not ready to fire.  Perhaps UpSample.prefire() returned false? Try debugging the actor by selecting "Listen to Actor".  Also, for SDF check moml for tokenConsumptionRate on input.
  in .DESDFClockTest.Play Bell.Copy1:SDF Director and .DESDFClockTest.Play Bell.UpSample
	at ptolemy.actor.sched.StaticSchedulingDirector.fire(StaticSchedulingDirector.java:227)
	at ptolemy.domains.sdf.kernel.SDFDirector.fire(SDFDirector.java:500)
	at ptolemy.actor.CompositeActor.fire(CompositeActor.java:455)
	at ptolemy.domains.de.kernel.DEDirector._fire(DEDirector.java:1949)
	at ptolemy.domains.de.kernel.DEDirector.fire(DEDirector.java:502)
	at ptolemy.actor.CompositeActor.fire(CompositeActor.java:455)
	at ptolemy.actor.Manager.iterate(Manager.java:851)
	at ptolemy.actor.Manager.execute(Manager.java:369)
	at ptolemy.actor.Manager.run(Manager.java:1263)
	at ptolemy.actor.Manager$PtolemyRunThread.run(Manager.java:1933)
java.lang.RuntimeException: Execution failed
	at ptolemy.moml.MoMLSimpleApplication$UnloadThread.run(MoMLSimpleApplication.java:402)
Caused by: ptolemy.kernel.util.IllegalActionException: Test fails in iteration 1.
Value was: 1.0. Should have been: 2.0
  in .DirectFeedback.Test
	at ptolemy.actor.lib.Test.fire(Test.java:268)
	at ptolemy.domains.de.kernel.DEDirector._fire(DEDirector.java:1949)
	at ptolemy.domains.de.kernel.DEDirector.fire(DEDirector.java:502)
	at ptolemy.actor.CompositeActor.fire(CompositeActor.java:455)
	at ptolemy.actor.Manager.iterate(Manager.java:851)
	at ptolemy.actor.Manager.execute(Manager.java:369)
	at ptolemy.actor.Manager.run(Manager.java:1263)
	at ptolemy.actor.Manager$PtolemyRunThread.run(Manager.java:1933)
java.lang.reflect.InvocationTargetException
	at java.base/jdk.internal.reflect.NativeConstructorAccessorImpl.newInstance0(Native Method)
	at java.base/jdk.internal.reflect.NativeConstructorAccessorImpl.newInstance(NativeConstructorAccessorImpl.java:62)
	at java.base/jdk.internal.reflect.DelegatingConstructorAccessorImpl.newInstance(DelegatingConstructorAccessorImpl.java:45)
	at java.base/java.lang.reflect.Constructor.newInstance(Constructor.java:490)
	at ptolemy.util.test.junit.AutoKnownFailedTests.RunModel(AutoKnownFailedTests.java:105)
	at java.base/jdk.internal.reflect.NativeMethodAccessorImpl.invoke0(Native Method)
	at java.base/jdk.internal.reflect.NativeMethodAccessorImpl.invoke(NativeMethodAccessorImpl.java:62)
	at java.base/jdk.internal.reflect.DelegatingMethodAccessorImpl.invoke(DelegatingMethodAccessorImpl.java:43)
	at java.base/java.lang.reflect.Method.invoke(Method.java:566)
	at org.junit.runners.model.FrameworkMethod$1.runReflectiveCall(FrameworkMethod.java:44)
	at org.junit.internal.runners.model.ReflectiveCallable.run(ReflectiveCallable.java:15)
	at org.junit.runners.model.FrameworkMethod.invokeExplosively(FrameworkMethod.java:41)
	at junitparams.internal.InvokeParameterisedMethod.evaluate(InvokeParameterisedMethod.java:102)
	at org.junit.internal.runners.statements.FailOnTimeout$1.run(FailOnTimeout.java:28)
Caused by: ptolemy.kernel.util.IllegalActionException: Test fails in iteration 1.
Value was: 1.0. Should have been: 2.0
  in .DirectFeedback.Test
	at ptolemy.actor.lib.Test.fire(Test.java:268)
	at ptolemy.domains.de.kernel.DEDirector._fire(DEDirector.java:1949)
	at ptolemy.domains.de.kernel.DEDirector.fire(DEDirector.java:502)
	at ptolemy.actor.CompositeActor.fire(CompositeActor.java:455)
	at ptolemy.actor.Manager.iterate(Manager.java:851)
	at ptolemy.actor.Manager.execute(Manager.java:369)
	at ptolemy.actor.Manager.run(Manager.java:1263)
	at ptolemy.actor.Manager$PtolemyRunThread.run(Manager.java:1933)
java.lang.RuntimeException: Execution failed
	at ptolemy.moml.MoMLSimpleApplication$UnloadThread.run(MoMLSimpleApplication.java:402)
Caused by: ptolemy.kernel.util.IllegalActionException: Found a zero delay loop containing .HierarchicalModel.A
  in .HierarchicalModel and .HierarchicalModel.A
	at ptolemy.actor.util.CausalityInterfaceForComposites._computeOutputPortDepth(CausalityInterfaceForComposites.java:759)
	at ptolemy.actor.util.CausalityInterfaceForComposites._computeInputDepth(CausalityInterfaceForComposites.java:696)
	at ptolemy.actor.util.CausalityInterfaceForComposites._computeOutputPortDepth(CausalityInterfaceForComposites.java:765)
	at ptolemy.actor.util.CausalityInterfaceForComposites._computeInputDepth(CausalityInterfaceForComposites.java:696)
	at ptolemy.actor.util.CausalityInterfaceForComposites._computeOutputPortDepth(CausalityInterfaceForComposites.java:765)
	at ptolemy.actor.util.CausalityInterfaceForComposites._computeInputDepth(CausalityInterfaceForComposites.java:696)
	at ptolemy.actor.util.CausalityInterfaceForComposites._computeActorDepth(CausalityInterfaceForComposites.java:532)
	at ptolemy.actor.util.CausalityInterfaceForComposites.checkForCycles(CausalityInterfaceForComposites.java:96)
	at ptolemy.domains.de.kernel.DEDirector.preinitialize(DEDirector.java:1338)
	at ptolemy.actor.CompositeActor.preinitialize(CompositeActor.java:1828)
	at ptolemy.actor.Manager.preinitializeAndResolveTypes(Manager.java:1040)
	at ptolemy.actor.Manager.initialize(Manager.java:710)
	at ptolemy.actor.Manager.execute(Manager.java:356)
	at ptolemy.actor.Manager.run(Manager.java:1263)
	at ptolemy.actor.Manager$PtolemyRunThread.run(Manager.java:1933)
java.lang.reflect.InvocationTargetException
	at java.base/jdk.internal.reflect.NativeConstructorAccessorImpl.newInstance0(Native Method)
	at java.base/jdk.internal.reflect.NativeConstructorAccessorImpl.newInstance(NativeConstructorAccessorImpl.java:62)
	at java.base/jdk.internal.reflect.DelegatingConstructorAccessorImpl.newInstance(DelegatingConstructorAccessorImpl.java:45)
	at java.base/java.lang.reflect.Constructor.newInstance(Constructor.java:490)
	at ptolemy.util.test.junit.AutoKnownFailedTests.RunModel(AutoKnownFailedTests.java:105)
	at java.base/jdk.internal.reflect.NativeMethodAccessorImpl.invoke0(Native Method)
	at java.base/jdk.internal.reflect.NativeMethodAccessorImpl.invoke(NativeMethodAccessorImpl.java:62)
	at java.base/jdk.internal.reflect.DelegatingMethodAccessorImpl.invoke(DelegatingMethodAccessorImpl.java:43)
	at java.base/java.lang.reflect.Method.invoke(Method.java:566)
	at org.junit.runners.model.FrameworkMethod$1.runReflectiveCall(FrameworkMethod.java:44)
	at org.junit.internal.runners.model.ReflectiveCallable.run(ReflectiveCallable.java:15)
	at org.junit.runners.model.FrameworkMethod.invokeExplosively(FrameworkMethod.java:41)
	at junitparams.internal.InvokeParameterisedMethod.evaluate(InvokeParameterisedMethod.java:102)
	at org.junit.internal.runners.statements.FailOnTimeout$1.run(FailOnTimeout.java:28)
Caused by: ptolemy.kernel.util.IllegalActionException: Found a zero delay loop containing .HierarchicalModel.A
  in .HierarchicalModel and .HierarchicalModel.A
	at ptolemy.actor.util.CausalityInterfaceForComposites._computeOutputPortDepth(CausalityInterfaceForComposites.java:759)
	at ptolemy.actor.util.CausalityInterfaceForComposites._computeInputDepth(CausalityInterfaceForComposites.java:696)
	at ptolemy.actor.util.CausalityInterfaceForComposites._computeOutputPortDepth(CausalityInterfaceForComposites.java:765)
	at ptolemy.actor.util.CausalityInterfaceForComposites._computeInputDepth(CausalityInterfaceForComposites.java:696)
	at ptolemy.actor.util.CausalityInterfaceForComposites._computeOutputPortDepth(CausalityInterfaceForComposites.java:765)
	at ptolemy.actor.util.CausalityInterfaceForComposites._computeInputDepth(CausalityInterfaceForComposites.java:696)
	at ptolemy.actor.util.CausalityInterfaceForComposites._computeActorDepth(CausalityInterfaceForComposites.java:532)
	at ptolemy.actor.util.CausalityInterfaceForComposites.checkForCycles(CausalityInterfaceForComposites.java:96)
	at ptolemy.domains.de.kernel.DEDirector.preinitialize(DEDirector.java:1338)
	at ptolemy.actor.CompositeActor.preinitialize(CompositeActor.java:1828)
	at ptolemy.actor.Manager.preinitializeAndResolveTypes(Manager.java:1040)
	at ptolemy.actor.Manager.initialize(Manager.java:710)
	at ptolemy.actor.Manager.execute(Manager.java:356)
	at ptolemy.actor.Manager.run(Manager.java:1263)
	at ptolemy.actor.Manager$PtolemyRunThread.run(Manager.java:1933)
java.lang.RuntimeException: Execution failed
	at ptolemy.moml.MoMLSimpleApplication$UnloadThread.run(MoMLSimpleApplication.java:402)
Caused by: ptolemy.kernel.util.IllegalActionException: Found a zero delay loop containing .dependencyLoop.original
  in .dependencyLoop and .dependencyLoop.original
	at ptolemy.actor.util.CausalityInterfaceForComposites._computeOutputPortDepth(CausalityInterfaceForComposites.java:759)
	at ptolemy.actor.util.CausalityInterfaceForComposites._computeInputDepth(CausalityInterfaceForComposites.java:696)
	at ptolemy.actor.util.CausalityInterfaceForComposites._computeOutputPortDepth(CausalityInterfaceForComposites.java:765)
	at ptolemy.actor.util.CausalityInterfaceForComposites._computeInputDepth(CausalityInterfaceForComposites.java:696)
	at ptolemy.actor.util.CausalityInterfaceForComposites._computeOutputPortDepth(CausalityInterfaceForComposites.java:765)
	at ptolemy.actor.util.CausalityInterfaceForComposites._computeInputDepth(CausalityInterfaceForComposites.java:696)
	at ptolemy.actor.util.CausalityInterfaceForComposites._computeActorDepth(CausalityInterfaceForComposites.java:532)
	at ptolemy.actor.util.CausalityInterfaceForComposites.checkForCycles(CausalityInterfaceForComposites.java:96)
	at ptolemy.domains.de.kernel.DEDirector.preinitialize(DEDirector.java:1338)
	at ptolemy.actor.CompositeActor.preinitialize(CompositeActor.java:1828)
	at ptolemy.actor.Manager.preinitializeAndResolveTypes(Manager.java:1040)
	at ptolemy.actor.Manager.initialize(Manager.java:710)
	at ptolemy.actor.Manager.execute(Manager.java:356)
	at ptolemy.actor.Manager.run(Manager.java:1263)
	at ptolemy.actor.Manager$PtolemyRunThread.run(Manager.java:1933)
java.lang.reflect.InvocationTargetException
	at java.base/jdk.internal.reflect.NativeConstructorAccessorImpl.newInstance0(Native Method)
	at java.base/jdk.internal.reflect.NativeConstructorAccessorImpl.newInstance(NativeConstructorAccessorImpl.java:62)
	at java.base/jdk.internal.reflect.DelegatingConstructorAccessorImpl.newInstance(DelegatingConstructorAccessorImpl.java:45)
	at java.base/java.lang.reflect.Constructor.newInstance(Constructor.java:490)
	at ptolemy.util.test.junit.AutoKnownFailedTests.RunModel(AutoKnownFailedTests.java:105)
	at java.base/jdk.internal.reflect.NativeMethodAccessorImpl.invoke0(Native Method)
	at java.base/jdk.internal.reflect.NativeMethodAccessorImpl.invoke(NativeMethodAccessorImpl.java:62)
	at java.base/jdk.internal.reflect.DelegatingMethodAccessorImpl.invoke(DelegatingMethodAccessorImpl.java:43)
	at java.base/java.lang.reflect.Method.invoke(Method.java:566)
	at org.junit.runners.model.FrameworkMethod$1.runReflectiveCall(FrameworkMethod.java:44)
	at org.junit.internal.runners.model.ReflectiveCallable.run(ReflectiveCallable.java:15)
	at org.junit.runners.model.FrameworkMethod.invokeExplosively(FrameworkMethod.java:41)
	at junitparams.internal.InvokeParameterisedMethod.evaluate(InvokeParameterisedMethod.java:102)
	at org.junit.internal.runners.statements.FailOnTimeout$1.run(FailOnTimeout.java:28)
Caused by: ptolemy.kernel.util.IllegalActionException: Found a zero delay loop containing .dependencyLoop.original
  in .dependencyLoop and .dependencyLoop.original
	at ptolemy.actor.util.CausalityInterfaceForComposites._computeOutputPortDepth(CausalityInterfaceForComposites.java:759)
	at ptolemy.actor.util.CausalityInterfaceForComposites._computeInputDepth(CausalityInterfaceForComposites.java:696)
	at ptolemy.actor.util.CausalityInterfaceForComposites._computeOutputPortDepth(CausalityInterfaceForComposites.java:765)
	at ptolemy.actor.util.CausalityInterfaceForComposites._computeInputDepth(CausalityInterfaceForComposites.java:696)
	at ptolemy.actor.util.CausalityInterfaceForComposites._computeOutputPortDepth(CausalityInterfaceForComposites.java:765)
	at ptolemy.actor.util.CausalityInterfaceForComposites._computeInputDepth(CausalityInterfaceForComposites.java:696)
	at ptolemy.actor.util.CausalityInterfaceForComposites._computeActorDepth(CausalityInterfaceForComposites.java:532)
	at ptolemy.actor.util.CausalityInterfaceForComposites.checkForCycles(CausalityInterfaceForComposites.java:96)
	at ptolemy.domains.de.kernel.DEDirector.preinitialize(DEDirector.java:1338)
	at ptolemy.actor.CompositeActor.preinitialize(CompositeActor.java:1828)
	at ptolemy.actor.Manager.preinitializeAndResolveTypes(Manager.java:1040)
	at ptolemy.actor.Manager.initialize(Manager.java:710)
	at ptolemy.actor.Manager.execute(Manager.java:356)
	at ptolemy.actor.Manager.run(Manager.java:1263)
	at ptolemy.actor.Manager$PtolemyRunThread.run(Manager.java:1933)
java.lang.RuntimeException: Execution failed
	at ptolemy.moml.MoMLSimpleApplication$UnloadThread.run(MoMLSimpleApplication.java:402)
Caused by: ptolemy.kernel.util.IllegalActionException: Found a zero delay loop containing .dependencyLoop2.original
  in .dependencyLoop2 and .dependencyLoop2.original
	at ptolemy.actor.util.CausalityInterfaceForComposites._computeOutputPortDepth(CausalityInterfaceForComposites.java:759)
	at ptolemy.actor.util.CausalityInterfaceForComposites._computeInputDepth(CausalityInterfaceForComposites.java:696)
	at ptolemy.actor.util.CausalityInterfaceForComposites._computeOutputPortDepth(CausalityInterfaceForComposites.java:765)
	at ptolemy.actor.util.CausalityInterfaceForComposites._computeInputDepth(CausalityInterfaceForComposites.java:696)
	at ptolemy.actor.util.CausalityInterfaceForComposites._computeOutputPortDepth(CausalityInterfaceForComposites.java:765)
	at ptolemy.actor.util.CausalityInterfaceForComposites._computeInputDepth(CausalityInterfaceForComposites.java:696)
	at ptolemy.actor.util.CausalityInterfaceForComposites._computeActorDepth(CausalityInterfaceForComposites.java:532)
	at ptolemy.actor.util.CausalityInterfaceForComposites.checkForCycles(CausalityInterfaceForComposites.java:96)
	at ptolemy.domains.de.kernel.DEDirector.preinitialize(DEDirector.java:1338)
	at ptolemy.actor.CompositeActor.preinitialize(CompositeActor.java:1828)
	at ptolemy.actor.Manager.preinitializeAndResolveTypes(Manager.java:1040)
	at ptolemy.actor.Manager.initialize(Manager.java:710)
	at ptolemy.actor.Manager.execute(Manager.java:356)
	at ptolemy.actor.Manager.run(Manager.java:1263)
	at ptolemy.actor.Manager$PtolemyRunThread.run(Manager.java:1933)
java.lang.reflect.InvocationTargetException
	at java.base/jdk.internal.reflect.NativeConstructorAccessorImpl.newInstance0(Native Method)
	at java.base/jdk.internal.reflect.NativeConstructorAccessorImpl.newInstance(NativeConstructorAccessorImpl.java:62)
	at java.base/jdk.internal.reflect.DelegatingConstructorAccessorImpl.newInstance(DelegatingConstructorAccessorImpl.java:45)
	at java.base/java.lang.reflect.Constructor.newInstance(Constructor.java:490)
	at ptolemy.util.test.junit.AutoKnownFailedTests.RunModel(AutoKnownFailedTests.java:105)
	at java.base/jdk.internal.reflect.NativeMethodAccessorImpl.invoke0(Native Method)
	at java.base/jdk.internal.reflect.NativeMethodAccessorImpl.invoke(NativeMethodAccessorImpl.java:62)
	at java.base/jdk.internal.reflect.DelegatingMethodAccessorImpl.invoke(DelegatingMethodAccessorImpl.java:43)
	at java.base/java.lang.reflect.Method.invoke(Method.java:566)
	at org.junit.runners.model.FrameworkMethod$1.runReflectiveCall(FrameworkMethod.java:44)
	at org.junit.internal.runners.model.ReflectiveCallable.run(ReflectiveCallable.java:15)
	at org.junit.runners.model.FrameworkMethod.invokeExplosively(FrameworkMethod.java:41)
	at junitparams.internal.InvokeParameterisedMethod.evaluate(InvokeParameterisedMethod.java:102)
	at org.junit.internal.runners.statements.FailOnTimeout$1.run(FailOnTimeout.java:28)
Caused by: ptolemy.kernel.util.IllegalActionException: Found a zero delay loop containing .dependencyLoop2.original
  in .dependencyLoop2 and .dependencyLoop2.original
	at ptolemy.actor.util.CausalityInterfaceForComposites._computeOutputPortDepth(CausalityInterfaceForComposites.java:759)
	at ptolemy.actor.util.CausalityInterfaceForComposites._computeInputDepth(CausalityInterfaceForComposites.java:696)
	at ptolemy.actor.util.CausalityInterfaceForComposites._computeOutputPortDepth(CausalityInterfaceForComposites.java:765)
	at ptolemy.actor.util.CausalityInterfaceForComposites._computeInputDepth(CausalityInterfaceForComposites.java:696)
	at ptolemy.actor.util.CausalityInterfaceForComposites._computeOutputPortDepth(CausalityInterfaceForComposites.java:765)
	at ptolemy.actor.util.CausalityInterfaceForComposites._computeInputDepth(CausalityInterfaceForComposites.java:696)
	at ptolemy.actor.util.CausalityInterfaceForComposites._computeActorDepth(CausalityInterfaceForComposites.java:532)
	at ptolemy.actor.util.CausalityInterfaceForComposites.checkForCycles(CausalityInterfaceForComposites.java:96)
	at ptolemy.domains.de.kernel.DEDirector.preinitialize(DEDirector.java:1338)
	at ptolemy.actor.CompositeActor.preinitialize(CompositeActor.java:1828)
	at ptolemy.actor.Manager.preinitializeAndResolveTypes(Manager.java:1040)
	at ptolemy.actor.Manager.initialize(Manager.java:710)
	at ptolemy.actor.Manager.execute(Manager.java:356)
	at ptolemy.actor.Manager.run(Manager.java:1263)
	at ptolemy.actor.Manager$PtolemyRunThread.run(Manager.java:1933)
]]></system-err>
</testsuite>
