<?xml version="1.0" encoding="UTF-8" ?>
<testsuite errors="0" failures="0" hostname="travis-job-afd4d82f-c00c-4a69-bf29-a5b5626e2ce7" name="ptolemy.domains.de.test.junit.JUnitTclTest" skipped="0" tests="101" time="127.585" timestamp="2019-03-16T03:46:53">
  <properties>
[...]
</properties>
  <testcase classname="ptolemy.util.test.junit.TclTests" name="[0] /home/travis/build/icyphy/ptII/ptolemy/domains/de/test/DependencyLoop.tcl (RunTclFile)" time="0.679" />
  <testcase classname="ptolemy.util.test.junit.TclTests" name="[1] /home/travis/build/icyphy/ptII/ptolemy/domains/de/test/RunDETestsAsQSS.tcl (RunTclFile)" time="87.377" />
  <testcase classname="ptolemy.util.test.junit.AutoKnownFailedTests" name="[0] /home/travis/build/icyphy/ptII/ptolemy/domains/de/test/auto/knownFailedTests/DESDFClockTest.xml (RunModel)" time="2.031" />
  <testcase classname="ptolemy.util.test.junit.AutoKnownFailedTests" name="[1] /home/travis/build/icyphy/ptII/ptolemy/domains/de/test/auto/knownFailedTests/DirectFeedback.xml (RunModel)" time="0.017" />
  <testcase classname="ptolemy.util.test.junit.AutoKnownFailedTests" name="[2] /home/travis/build/icyphy/ptII/ptolemy/domains/de/test/auto/knownFailedTests/FSMSource.xml (RunModel)" time="0.023" />
  <testcase classname="ptolemy.util.test.junit.AutoKnownFailedTests" name="[3] /home/travis/build/icyphy/ptII/ptolemy/domains/de/test/auto/knownFailedTests/HierarchicalModel.xml (RunModel)" time="0.036" />
  <testcase classname="ptolemy.util.test.junit.AutoKnownFailedTests" name="[4] /home/travis/build/icyphy/ptII/ptolemy/domains/de/test/auto/knownFailedTests/dependencyLoop.xml (RunModel)" time="0.034" />
  <testcase classname="ptolemy.util.test.junit.AutoKnownFailedTests" name="[5] /home/travis/build/icyphy/ptII/ptolemy/domains/de/test/auto/knownFailedTests/dependencyLoop2.xml (RunModel)" time="0.039" />
  <testcase classname="ptolemy.util.test.junit.AutoNameArchTests" name="[0] ThereAreNoAutoArchTests (RunModel)" time="0.001" />
  <testcase classname="ptolemy.util.test.junit.AutoTests" name="[0] /home/travis/build/icyphy/ptII/ptolemy/domains/de/test/auto/ActorDepthCalculation_actorWithoutPorts.xml (RunModel)" time="0.019" />
  <testcase classname="ptolemy.util.test.junit.AutoTests" name="[1] /home/travis/build/icyphy/ptII/ptolemy/domains/de/test/auto/AssemblyLine.xml (RunModel)" time="0.012" />
  <testcase classname="ptolemy.util.test.junit.AutoTests" name="[2] /home/travis/build/icyphy/ptII/ptolemy/domains/de/test/auto/CQBug1.xml (RunModel)" time="0.005" />
  <testcase classname="ptolemy.util.test.junit.AutoTests" name="[3] /home/travis/build/icyphy/ptII/ptolemy/domains/de/test/auto/CancelFireAt.xml (RunModel)" time="0.004" />
  <testcase classname="ptolemy.util.test.junit.AutoTests" name="[4] /home/travis/build/icyphy/ptII/ptolemy/domains/de/test/auto/CausalityAndComposabilityAnalysis.xml (RunModel)" time="0.008" />
  <testcase classname="ptolemy.util.test.junit.AutoTests" name="[5] /home/travis/build/icyphy/ptII/ptolemy/domains/de/test/auto/CausalityInterface1.xml (RunModel)" time="0.009" />
  <testcase classname="ptolemy.util.test.junit.AutoTests" name="[6] /home/travis/build/icyphy/ptII/ptolemy/domains/de/test/auto/CausalityInterface15.xml (RunModel)" time="0.01" />
  <testcase classname="ptolemy.util.test.junit.AutoTests" name="[7] /home/travis/build/icyphy/ptII/ptolemy/domains/de/test/auto/CausalityInterface2.xml (RunModel)" time="0.007" />
  <testcase classname="ptolemy.util.test.junit.AutoTests" name="[8] /home/travis/build/icyphy/ptII/ptolemy/domains/de/test/auto/CausalityInterface3.xml (RunModel)" time="0.01" />
  <testcase classname="ptolemy.util.test.junit.AutoTests" name="[9] /home/travis/build/icyphy/ptII/ptolemy/domains/de/test/auto/ClockDrift.xml (RunModel)" time="0.023" />
  <testcase classname="ptolemy.util.test.junit.AutoTests" name="[10] /home/travis/build/icyphy/ptII/ptolemy/domains/de/test/auto/ClockDriftAndValueChange.xml (RunModel)" time="0.022" />
  <testcase classname="ptolemy.util.test.junit.AutoTests" name="[11] /home/travis/build/icyphy/ptII/ptolemy/domains/de/test/auto/ClockDriftChange.xml (RunModel)" time="0.019" />
  <testcase classname="ptolemy.util.test.junit.AutoTests" name="[12] /home/travis/build/icyphy/ptII/ptolemy/domains/de/test/auto/ComposableCausalityAnalysis.xml (RunModel)" time="0.012" />
  <testcase classname="ptolemy.util.test.junit.AutoTests" name="[13] /home/travis/build/icyphy/ptII/ptolemy/domains/de/test/auto/DEFixedPointLimitation.xml (RunModel)" time="0.007" />
  <testcase classname="ptolemy.util.test.junit.AutoTests" name="[14] /home/travis/build/icyphy/ptII/ptolemy/domains/de/test/auto/DEScheduleTest.xml (RunModel)" time="0.008" />
  <testcase classname="ptolemy.util.test.junit.AutoTests" name="[15] /home/travis/build/icyphy/ptII/ptolemy/domains/de/test/auto/DEinDEwithStartTimes.xml (RunModel)" time="0.01" />
  <testcase classname="ptolemy.util.test.junit.AutoTests" name="[16] /home/travis/build/icyphy/ptII/ptolemy/domains/de/test/auto/DEinDEwithStartTimes2.xml (RunModel)" time="0.009" />
  <testcase classname="ptolemy.util.test.junit.AutoTests" name="[17] /home/travis/build/icyphy/ptII/ptolemy/domains/de/test/auto/DateDemo.xml (RunModel)" time="0.018" />
  <testcase classname="ptolemy.util.test.junit.AutoTests" name="[18] /home/travis/build/icyphy/ptII/ptolemy/domains/de/test/auto/DateToEvent.xml (RunModel)" time="2.026" />
  <testcase classname="ptolemy.util.test.junit.AutoTests" name="[19] /home/travis/build/icyphy/ptII/ptolemy/domains/de/test/auto/DepthTest1.xml (RunModel)" time="0.007" />
  <testcase classname="ptolemy.util.test.junit.AutoTests" name="[20] /home/travis/build/icyphy/ptII/ptolemy/domains/de/test/auto/DepthTest2.xml (RunModel)" time="0.013" />
  <testcase classname="ptolemy.util.test.junit.AutoTests" name="[21] /home/travis/build/icyphy/ptII/ptolemy/domains/de/test/auto/DepthTest3.xml (RunModel)" time="0.007" />
  <testcase classname="ptolemy.util.test.junit.AutoTests" name="[22] /home/travis/build/icyphy/ptII/ptolemy/domains/de/test/auto/DepthTest4.xml (RunModel)" time="0.01" />
  <testcase classname="ptolemy.util.test.junit.AutoTests" name="[23] /home/travis/build/icyphy/ptII/ptolemy/domains/de/test/auto/DepthTest5.xml (RunModel)" time="0.012" />
  <testcase classname="ptolemy.util.test.junit.AutoTests" name="[24] /home/travis/build/icyphy/ptII/ptolemy/domains/de/test/auto/DepthTest6.xml (RunModel)" time="0.012" />
  <testcase classname="ptolemy.util.test.junit.AutoTests" name="[25] /home/travis/build/icyphy/ptII/ptolemy/domains/de/test/auto/DepthTest7.xml (RunModel)" time="0.01" />
  <testcase classname="ptolemy.util.test.junit.AutoTests" name="[26] /home/travis/build/icyphy/ptII/ptolemy/domains/de/test/auto/EventToDate.xml (RunModel)" time="3.027" />
  <testcase classname="ptolemy.util.test.junit.AutoTests" name="[27] /home/travis/build/icyphy/ptII/ptolemy/domains/de/test/auto/FSM1.xml (RunModel)" time="0.037" />
  <testcase classname="ptolemy.util.test.junit.AutoTests" name="[28] /home/travis/build/icyphy/ptII/ptolemy/domains/de/test/auto/FSM7.xml (RunModel)" time="0.038" />
  <testcase classname="ptolemy.util.test.junit.AutoTests" name="[29] /home/travis/build/icyphy/ptII/ptolemy/domains/de/test/auto/Inspection.xml (RunModel)" time="0.039" />
  <testcase classname="ptolemy.util.test.junit.AutoTests" name="[30] /home/travis/build/icyphy/ptII/ptolemy/domains/de/test/auto/Iteration.xml (RunModel)" time="0.019" />
  <testcase classname="ptolemy.util.test.junit.AutoTests" name="[31] /home/travis/build/icyphy/ptII/ptolemy/domains/de/test/auto/LineFault.xml (RunModel)" time="0.479" />
  <testcase classname="ptolemy.util.test.junit.AutoTests" name="[32] /home/travis/build/icyphy/ptII/ptolemy/domains/de/test/auto/MergeModel1Add.xml (RunModel)" time="0.045" />
  <testcase classname="ptolemy.util.test.junit.AutoTests" name="[33] /home/travis/build/icyphy/ptII/ptolemy/domains/de/test/auto/MergeModel2Add.xml (RunModel)" time="0.034" />
  <testcase classname="ptolemy.util.test.junit.AutoTests" name="[34] /home/travis/build/icyphy/ptII/ptolemy/domains/de/test/auto/MergeModel3Add.xml (RunModel)" time="0.038" />
  <testcase classname="ptolemy.util.test.junit.AutoTests" name="[35] /home/travis/build/icyphy/ptII/ptolemy/domains/de/test/auto/MergeWithoutDiscard.xml (RunModel)" time="0.009" />
  <testcase classname="ptolemy.util.test.junit.AutoTests" name="[36] /home/travis/build/icyphy/ptII/ptolemy/domains/de/test/auto/Modal1.xml (RunModel)" time="0.032" />
  <testcase classname="ptolemy.util.test.junit.AutoTests" name="[37] /home/travis/build/icyphy/ptII/ptolemy/domains/de/test/auto/Modal2.xml (RunModel)" time="0.034" />
  <testcase classname="ptolemy.util.test.junit.AutoTests" name="[38] /home/travis/build/icyphy/ptII/ptolemy/domains/de/test/auto/Modal3.xml (RunModel)" time="0.036" />
  <testcase classname="ptolemy.util.test.junit.AutoTests" name="[39] /home/travis/build/icyphy/ptII/ptolemy/domains/de/test/auto/Modal4.xml (RunModel)" time="0.026" />
  <testcase classname="ptolemy.util.test.junit.AutoTests" name="[40] /home/travis/build/icyphy/ptII/ptolemy/domains/de/test/auto/Modal5.xml (RunModel)" time="0.025" />
  <testcase classname="ptolemy.util.test.junit.AutoTests" name="[41] /home/travis/build/icyphy/ptII/ptolemy/domains/de/test/auto/Modal6.xml (RunModel)" time="0.029" />
  <testcase classname="ptolemy.util.test.junit.AutoTests" name="[42] /home/travis/build/icyphy/ptII/ptolemy/domains/de/test/auto/Modal7.xml (RunModel)" time="0.026" />
  <testcase classname="ptolemy.util.test.junit.AutoTests" name="[43] /home/travis/build/icyphy/ptII/ptolemy/domains/de/test/auto/ModalModel.xml (RunModel)" time="0.164" />
  <testcase classname="ptolemy.util.test.junit.AutoTests" name="[44] /home/travis/build/icyphy/ptII/ptolemy/domains/de/test/auto/ModalSource.xml (RunModel)" time="0.019" />
  <testcase classname="ptolemy.util.test.junit.AutoTests" name="[45] /home/travis/build/icyphy/ptII/ptolemy/domains/de/test/auto/NonInterruptibleTimerZeroDelay.xml (RunModel)" time="0.01" />
  <testcase classname="ptolemy.util.test.junit.AutoTests" name="[46] /home/travis/build/icyphy/ptII/ptolemy/domains/de/test/auto/OpenQueueingNetwork.xml (RunModel)" time="2.166" />
  <testcase classname="ptolemy.util.test.junit.AutoTests" name="[47] /home/travis/build/icyphy/ptII/ptolemy/domains/de/test/auto/OpenQueuingNetwork.xml (RunModel)" time="0.282" />
  <testcase classname="ptolemy.util.test.junit.AutoTests" name="[48] /home/travis/build/icyphy/ptII/ptolemy/domains/de/test/auto/PeriodicSampler.xml (RunModel)" time="0.011" />
  <testcase classname="ptolemy.util.test.junit.AutoTests" name="[49] /home/travis/build/icyphy/ptII/ptolemy/domains/de/test/auto/PersistentIO.xml (RunModel)" time="0.018" />
  <testcase classname="ptolemy.util.test.junit.AutoTests" name="[50] /home/travis/build/icyphy/ptII/ptolemy/domains/de/test/auto/PortParameterResetOnInitialize.xml (RunModel)" time="0.009" />
  <testcase classname="ptolemy.util.test.junit.AutoTests" name="[51] /home/travis/build/icyphy/ptII/ptolemy/domains/de/test/auto/PortParameterUpdates.xml (RunModel)" time="0.012" />
  <testcase classname="ptolemy.util.test.junit.AutoTests" name="[52] /home/travis/build/icyphy/ptII/ptolemy/domains/de/test/auto/QueueAndServer.xml (RunModel)" time="0.018" />
  <testcase classname="ptolemy.util.test.junit.AutoTests" name="[53] /home/travis/build/icyphy/ptII/ptolemy/domains/de/test/auto/Records.xml (RunModel)" time="0.012" />
  <testcase classname="ptolemy.util.test.junit.AutoTests" name="[54] /home/travis/build/icyphy/ptII/ptolemy/domains/de/test/auto/ResetTransitionWithStartTime1.xml (RunModel)" time="0.017" />
  <testcase classname="ptolemy.util.test.junit.AutoTests" name="[55] /home/travis/build/icyphy/ptII/ptolemy/domains/de/test/auto/ResetTransitionWithStartTime2.xml (RunModel)" time="0.017" />
  <testcase classname="ptolemy.util.test.junit.AutoTests" name="[56] /home/travis/build/icyphy/ptII/ptolemy/domains/de/test/auto/ResetTransitionWithStartTime3.xml (RunModel)" time="0.021" />
  <testcase classname="ptolemy.util.test.junit.AutoTests" name="[57] /home/travis/build/icyphy/ptII/ptolemy/domains/de/test/auto/ResetTransitionWithStartTime4.xml (RunModel)" time="0.019" />
  <testcase classname="ptolemy.util.test.junit.AutoTests" name="[58] /home/travis/build/icyphy/ptII/ptolemy/domains/de/test/auto/ResettableTimer1.xml (RunModel)" time="0.01" />
  <testcase classname="ptolemy.util.test.junit.AutoTests" name="[59] /home/travis/build/icyphy/ptII/ptolemy/domains/de/test/auto/ResettableTimer2.xml (RunModel)" time="0.009" />
  <testcase classname="ptolemy.util.test.junit.AutoTests" name="[60] /home/travis/build/icyphy/ptII/ptolemy/domains/de/test/auto/ResettableTimer3.xml (RunModel)" time="0.008" />
  <testcase classname="ptolemy.util.test.junit.AutoTests" name="[61] /home/travis/build/icyphy/ptII/ptolemy/domains/de/test/auto/ResettableTimer4.xml (RunModel)" time="0.01" />
  <testcase classname="ptolemy.util.test.junit.AutoTests" name="[62] /home/travis/build/icyphy/ptII/ptolemy/domains/de/test/auto/ResettableTimer5.xml (RunModel)" time="0.013" />
  <testcase classname="ptolemy.util.test.junit.AutoTests" name="[63] /home/travis/build/icyphy/ptII/ptolemy/domains/de/test/auto/ResettableTimer6.xml (RunModel)" time="0.018" />
  <testcase classname="ptolemy.util.test.junit.AutoTests" name="[64] /home/travis/build/icyphy/ptII/ptolemy/domains/de/test/auto/ServerZeroDelay.xml (RunModel)" time="0.01" />
  <testcase classname="ptolemy.util.test.junit.AutoTests" name="[65] /home/travis/build/icyphy/ptII/ptolemy/domains/de/test/auto/SmartSender.xml (RunModel)" time="3.01" />
  <testcase classname="ptolemy.util.test.junit.AutoTests" name="[66] /home/travis/build/icyphy/ptII/ptolemy/domains/de/test/auto/ThreadedComposite.xml (RunModel)" time="0.169" />
  <testcase classname="ptolemy.util.test.junit.AutoTests" name="[67] /home/travis/build/icyphy/ptII/ptolemy/domains/de/test/auto/Time.xml (RunModel)" time="0.422" />
  <testcase classname="ptolemy.util.test.junit.AutoTests" name="[68] /home/travis/build/icyphy/ptII/ptolemy/domains/de/test/auto/TimeDelayZeroDelay.xml (RunModel)" time="0.014" />
  <testcase classname="ptolemy.util.test.junit.AutoTests" name="[69] /home/travis/build/icyphy/ptII/ptolemy/domains/de/test/auto/TimerZeroDelay.xml (RunModel)" time="0.01" />
  <testcase classname="ptolemy.util.test.junit.AutoTests" name="[70] /home/travis/build/icyphy/ptII/ptolemy/domains/de/test/auto/TimingParadox.xml (RunModel)" time="0.349" />
  <testcase classname="ptolemy.util.test.junit.AutoTests" name="[71] /home/travis/build/icyphy/ptII/ptolemy/domains/de/test/auto/TransferInputs.xml (RunModel)" time="0.016" />
  <testcase classname="ptolemy.util.test.junit.AutoTests" name="[72] /home/travis/build/icyphy/ptII/ptolemy/domains/de/test/auto/TransferOutputs2.xml (RunModel)" time="0.016" />
  <testcase classname="ptolemy.util.test.junit.AutoTests" name="[73] /home/travis/build/icyphy/ptII/ptolemy/domains/de/test/auto/Trilateration.xml (RunModel)" time="11.568" />
  <testcase classname="ptolemy.util.test.junit.AutoTests" name="[74] /home/travis/build/icyphy/ptII/ptolemy/domains/de/test/auto/TwoSigmaDelta.xml (RunModel)" time="2.14" />
  <testcase classname="ptolemy.util.test.junit.AutoTests" name="[75] /home/travis/build/icyphy/ptII/ptolemy/domains/de/test/auto/VariableDelay.xml (RunModel)" time="0.01" />
  <testcase classname="ptolemy.util.test.junit.AutoTests" name="[76] /home/travis/build/icyphy/ptII/ptolemy/domains/de/test/auto/VariableDelay2.xml (RunModel)" time="0.008" />
  <testcase classname="ptolemy.util.test.junit.AutoTests" name="[77] /home/travis/build/icyphy/ptII/ptolemy/domains/de/test/auto/VariableDelayZeroDelay.xml (RunModel)" time="0.009" />
  <testcase classname="ptolemy.util.test.junit.AutoTests" name="[78] /home/travis/build/icyphy/ptII/ptolemy/domains/de/test/auto/VariableDelayZeroDelay2.xml (RunModel)" time="0.009" />
  <testcase classname="ptolemy.util.test.junit.AutoTests" name="[79] /home/travis/build/icyphy/ptII/ptolemy/domains/de/test/auto/deInCt.xml (RunModel)" time="0.018" />
  <testcase classname="ptolemy.util.test.junit.AutoTests" name="[80] /home/travis/build/icyphy/ptII/ptolemy/domains/de/test/auto/deInCt2.xml (RunModel)" time="0.011" />
  <testcase classname="ptolemy.util.test.junit.AutoTests" name="[81] /home/travis/build/icyphy/ptII/ptolemy/domains/de/test/auto/dynamicCausalityInterface1.xml (RunModel)" time="0.017" />
  <testcase classname="ptolemy.util.test.junit.AutoTests" name="[82] /home/travis/build/icyphy/ptII/ptolemy/domains/de/test/auto/fsm_de_test.xml (RunModel)" time="0.02" />
  <testcase classname="ptolemy.util.test.junit.AutoTests" name="[83] /home/travis/build/icyphy/ptII/ptolemy/domains/de/test/auto/functionDependencyReconstruction.xml (RunModel)" time="0.029" />
  <testcase classname="ptolemy.util.test.junit.AutoTests" name="[84] /home/travis/build/icyphy/ptII/ptolemy/domains/de/test/auto/multirate.xml (RunModel)" time="0.016" />
  <testcase classname="ptolemy.util.test.junit.AutoTests" name="[85] /home/travis/build/icyphy/ptII/ptolemy/domains/de/test/auto/multirate2.xml (RunModel)" time="0.013" />
  <testcase classname="ptolemy.util.test.junit.AutoTests" name="[86] /home/travis/build/icyphy/ptII/ptolemy/domains/de/test/auto/realtime.xml (RunModel)" time="10.01" />
  <testcase classname="ptolemy.util.test.junit.AutoTests" name="[87] /home/travis/build/icyphy/ptII/ptolemy/domains/de/test/auto/relationGroup.xml (RunModel)" time="0.016" />
  <testcase classname="ptolemy.util.test.junit.AutoTests" name="[88] /home/travis/build/icyphy/ptII/ptolemy/domains/de/test/auto/relationGroup2.xml (RunModel)" time="0.012" />
  <testcase classname="ptolemy.util.test.junit.AutoTests" name="[89] /home/travis/build/icyphy/ptII/ptolemy/domains/de/test/auto/sortWithOpaquePorts.xml (RunModel)" time="0.012" />
  <testcase classname="ptolemy.util.test.junit.AutoTests" name="[90] /home/travis/build/icyphy/ptII/ptolemy/domains/de/test/auto/transferInputsandOutputs.xml (RunModel)" time="0.023" />
  <testcase classname="ptolemy.util.test.junit.AutoTests" name="[91] /home/travis/build/icyphy/ptII/ptolemy/domains/de/test/auto/triggerType.xml (RunModel)" time="0.009" />
  <system-out><![CDATA[/home/travis/build/icyphy/ptII/ptolemy/domains/de/test/DependencyLoop.tcl
testDefs.tcl: setting time out to 9000 seconds at Sat Mar 16 03:46:53 UTC 2019
15 ms. Memory: 116224K Free: 97675K (84%)
14 ms. Memory: 146944K Free: 142427K (97%)
/home/travis/build/icyphy/ptII/ptolemy/domains/de/test/RunDETestsAsQSS.tcl
Run the DE tests using ptolemy.domains.qss.test.QSSDirectorTest, which extends QSSDirector and prints a message in the constructors.
------------------ testing $PTII/ptolemy/domains/de/test/auto/knownFailedTests/dependencyLoop.xml (Known Failure) 
8 ms. Memory: 146944K Free: 137780K (94%)


==== $PTIIhome/travis/build/icyphy/ptII/ptolemy/domains/de/test/../../../../: Auto Automatic test in file $PTII/ptolemy/domains/de/test/auto/knownFailedTests/dependencyLoop.xml
==== Contents of test case:

	    # FIXME: we should use $relativeFilename here, but it
	    # might have backslashes under Windows, which causes no end
	    # of trouble.
	    createAndExecute $file
	    list {}
	
.... Test generated KNOWN error:
    while executing
ptolemy.kernel.util.IllegalActionException: Found a zero delay loop containing .dependencyLoop.original
  in .dependencyLoop and .dependencyLoop.original
	at ptolemy.actor.util.CausalityInterfaceForComposites._computeOutputPortDepth(CausalityInterfaceForComposites.java:759)
	at ptolemy.actor.util.CausalityInterfaceForComposites._computeInputDepth(CausalityInterfaceForComposites.java:696)
	at ptolemy.actor.util.CausalityInterfaceForComposites._computeOutputPortDepth(CausalityInterfaceForComposites.java:765)
	at ptolemy.actor.util.CausalityInterfaceForComposites._computeInputDepth(CausalityInterfaceForComposites.java:696)
	at ptolemy.actor.util.CausalityInterfaceForComposites._computeOutputPortDepth(CausalityInterfaceForComposites.java:765)
	at ptolemy.actor.util.CausalityInterfaceForComposites._computeInputDepth(CausalityInterfaceForComposites.java:696)
	at ptolemy.actor.util.CausalityInterfaceForComposites._computeActorDepth(CausalityInterfaceForComposites.java:532)
	at ptolemy.actor.util.CausalityInterfaceForComposites.checkForCycles(CausalityInterfaceForComposites.java:96)
	at ptolemy.domains.de.kernel.DEDirector.preinitialize(DEDirector.java:1338)
	at ptolemy.actor.CompositeActor.preinitialize(CompositeActor.java:1828)
	at ptolemy.actor.Manager.preinitializeAndResolveTypes(Manager.java:1040)
	at ptolemy.actor.Manager.initialize(Manager.java:710)
	at ptolemy.actor.Manager.execute(Manager.java:356)
	at ptolemy.actor.Manager.run(Manager.java:1263)
	at ptolemy.actor.Manager$PtolemyRunThread.run(Manager.java:1915)

    while executing
ptolemy.kernel.util.IllegalActionException: Found a zero delay loop containing .dependencyLoop.original
  in .dependencyLoop and .dependencyLoop.original
    while executing
"java::new ptolemy.moml.MoMLSimpleApplication $file
"
    (procedure "createAndExecute" line 2)
    invoked from within
"createAndExecute $file"
    ("uplevel" body line 5)
    invoked from within
"uplevel $contents_of_test"
------------------ testing $PTII/ptolemy/domains/de/test/auto/knownFailedTests/DESDFClockTest.xml (Known Failure) 
2060 ms. Memory: 146944K Free: 122587K (83%)


==== $PTIIhome/travis/build/icyphy/ptII/ptolemy/domains/de/test/../../../../: Auto Automatic test in file $PTII/ptolemy/domains/de/test/auto/knownFailedTests/DESDFClockTest.xml
==== Contents of test case:

	    # FIXME: we should use $relativeFilename here, but it
	    # might have backslashes under Windows, which causes no end
	    # of trouble.
	    createAndExecute $file
	    list {}
	
.... Test generated KNOWN error:
    while executing
ptolemy.kernel.util.IllegalActionException: Actor is not ready to fire.  Perhaps UpSample.prefire() returned false? Try debugging the actor by selecting "Listen to Actor".  Also, for SDF check moml for tokenConsumptionRate on input.
  in .DESDFClockTest.Play Bell.Copy1:SDF Director and .DESDFClockTest.Play Bell.UpSample
	at ptolemy.actor.sched.StaticSchedulingDirector.fire(StaticSchedulingDirector.java:227)
	at ptolemy.domains.sdf.kernel.SDFDirector.fire(SDFDirector.java:500)
	at ptolemy.actor.CompositeActor.fire(CompositeActor.java:455)
	at ptolemy.domains.de.kernel.DEDirector._fire(DEDirector.java:1949)
	at ptolemy.domains.de.kernel.DEDirector.fire(DEDirector.java:502)
	at ptolemy.actor.CompositeActor.fire(CompositeActor.java:455)
	at ptolemy.actor.Manager.iterate(Manager.java:851)
	at ptolemy.actor.Manager.execute(Manager.java:369)
	at ptolemy.actor.Manager.run(Manager.java:1263)
	at ptolemy.actor.Manager$PtolemyRunThread.run(Manager.java:1915)

    while executing
ptolemy.kernel.util.IllegalActionException: Actor is not ready to fire.  Perhaps UpSample.prefire() returned false? Try debugging the actor by selecting "Listen to Actor".  Also, for SDF check moml for tokenConsumptionRate on input.
  in .DESDFClockTest.Play Bell.Copy1:SDF Director and .DESDFClockTest.Play Bell.UpSample
    while executing
"java::new ptolemy.moml.MoMLSimpleApplication $file
"
    (procedure "createAndExecute" line 2)
    invoked from within
"createAndExecute $file"
    ("uplevel" body line 5)
    invoked from within
"uplevel $contents_of_test"
------------------ testing $PTII/ptolemy/domains/de/test/auto/knownFailedTests/FSMSource.xml (Known Failure) 
40 ms. Memory: 146944K Free: 113713K (77%)
!!!! Auto was marked as failing, but now passes
------------------ testing $PTII/ptolemy/domains/de/test/auto/knownFailedTests/dependencyLoop2.xml (Known Failure) 
6 ms. Memory: 146944K Free: 111837K (76%)


==== $PTIIhome/travis/build/icyphy/ptII/ptolemy/domains/de/test/../../../../: Auto Automatic test in file $PTII/ptolemy/domains/de/test/auto/knownFailedTests/dependencyLoop2.xml
==== Contents of test case:

	    # FIXME: we should use $relativeFilename here, but it
	    # might have backslashes under Windows, which causes no end
	    # of trouble.
	    createAndExecute $file
	    list {}
	
.... Test generated KNOWN error:
    while executing
ptolemy.kernel.util.IllegalActionException: Found a zero delay loop containing .dependencyLoop2.original
  in .dependencyLoop2 and .dependencyLoop2.original
	at ptolemy.actor.util.CausalityInterfaceForComposites._computeOutputPortDepth(CausalityInterfaceForComposites.java:759)
	at ptolemy.actor.util.CausalityInterfaceForComposites._computeInputDepth(CausalityInterfaceForComposites.java:696)
	at ptolemy.actor.util.CausalityInterfaceForComposites._computeOutputPortDepth(CausalityInterfaceForComposites.java:765)
	at ptolemy.actor.util.CausalityInterfaceForComposites._computeInputDepth(CausalityInterfaceForComposites.java:696)
	at ptolemy.actor.util.CausalityInterfaceForComposites._computeOutputPortDepth(CausalityInterfaceForComposites.java:765)
	at ptolemy.actor.util.CausalityInterfaceForComposites._computeInputDepth(CausalityInterfaceForComposites.java:696)
	at ptolemy.actor.util.CausalityInterfaceForComposites._computeActorDepth(CausalityInterfaceForComposites.java:532)
	at ptolemy.actor.util.CausalityInterfaceForComposites.checkForCycles(CausalityInterfaceForComposites.java:96)
	at ptolemy.domains.de.kernel.DEDirector.preinitialize(DEDirector.java:1338)
	at ptolemy.actor.CompositeActor.preinitialize(CompositeActor.java:1828)
	at ptolemy.actor.Manager.preinitializeAndResolveTypes(Manager.java:1040)
	at ptolemy.actor.Manager.initialize(Manager.java:710)
	at ptolemy.actor.Manager.execute(Manager.java:356)
	at ptolemy.actor.Manager.run(Manager.java:1263)
	at ptolemy.actor.Manager$PtolemyRunThread.run(Manager.java:1915)

    while executing
ptolemy.kernel.util.IllegalActionException: Found a zero delay loop containing .dependencyLoop2.original
  in .dependencyLoop2 and .dependencyLoop2.original
    while executing
"java::new ptolemy.moml.MoMLSimpleApplication $file
"
    (procedure "createAndExecute" line 2)
    invoked from within
"createAndExecute $file"
    ("uplevel" body line 5)
    invoked from within
"uplevel $contents_of_test"
------------------ testing $PTII/ptolemy/domains/de/test/auto/knownFailedTests/HierarchicalModel.xml (Known Failure) 
12 ms. Memory: 146944K Free: 91726K (62%)


==== $PTIIhome/travis/build/icyphy/ptII/ptolemy/domains/de/test/../../../../: Auto Automatic test in file $PTII/ptolemy/domains/de/test/auto/knownFailedTests/HierarchicalModel.xml
==== Contents of test case:

	    # FIXME: we should use $relativeFilename here, but it
	    # might have backslashes under Windows, which causes no end
	    # of trouble.
	    createAndExecute $file
	    list {}
	
.... Test generated KNOWN error:
    while executing
ptolemy.kernel.util.IllegalActionException: Found a zero delay loop containing .HierarchicalModel.A
  in .HierarchicalModel and .HierarchicalModel.A
	at ptolemy.actor.util.CausalityInterfaceForComposites._computeOutputPortDepth(CausalityInterfaceForComposites.java:759)
	at ptolemy.actor.util.CausalityInterfaceForComposites._computeInputDepth(CausalityInterfaceForComposites.java:696)
	at ptolemy.actor.util.CausalityInterfaceForComposites._computeOutputPortDepth(CausalityInterfaceForComposites.java:765)
	at ptolemy.actor.util.CausalityInterfaceForComposites._computeInputDepth(CausalityInterfaceForComposites.java:696)
	at ptolemy.actor.util.CausalityInterfaceForComposites._computeOutputPortDepth(CausalityInterfaceForComposites.java:765)
	at ptolemy.actor.util.CausalityInterfaceForComposites._computeInputDepth(CausalityInterfaceForComposites.java:696)
	at ptolemy.actor.util.CausalityInterfaceForComposites._computeActorDepth(CausalityInterfaceForComposites.java:532)
	at ptolemy.actor.util.CausalityInterfaceForComposites.checkForCycles(CausalityInterfaceForComposites.java:96)
	at ptolemy.domains.de.kernel.DEDirector.preinitialize(DEDirector.java:1338)
	at ptolemy.actor.CompositeActor.preinitialize(CompositeActor.java:1828)
	at ptolemy.actor.Manager.preinitializeAndResolveTypes(Manager.java:1040)
	at ptolemy.actor.Manager.initialize(Manager.java:710)
	at ptolemy.actor.Manager.execute(Manager.java:356)
	at ptolemy.actor.Manager.run(Manager.java:1263)
	at ptolemy.actor.Manager$PtolemyRunThread.run(Manager.java:1915)

    while executing
ptolemy.kernel.util.IllegalActionException: Found a zero delay loop containing .HierarchicalModel.A
  in .HierarchicalModel and .HierarchicalModel.A
    while executing
"java::new ptolemy.moml.MoMLSimpleApplication $file
"
    (procedure "createAndExecute" line 2)
    invoked from within
"createAndExecute $file"
    ("uplevel" body line 5)
    invoked from within
"uplevel $contents_of_test"
------------------ testing $PTII/ptolemy/domains/de/test/auto/knownFailedTests/DirectFeedback.xml (Known Failure) 
10 ms. Memory: 146944K Free: 87613K (60%)


==== $PTIIhome/travis/build/icyphy/ptII/ptolemy/domains/de/test/../../../../: Auto Automatic test in file $PTII/ptolemy/domains/de/test/auto/knownFailedTests/DirectFeedback.xml
==== Contents of test case:

	    # FIXME: we should use $relativeFilename here, but it
	    # might have backslashes under Windows, which causes no end
	    # of trouble.
	    createAndExecute $file
	    list {}
	
.... Test generated KNOWN error:
    while executing
ptolemy.kernel.util.IllegalActionException: Test fails in iteration 1.
Value was: 1.0. Should have been: 2.0
  in .DirectFeedback.Test
	at ptolemy.actor.lib.Test.fire(Test.java:268)
	at ptolemy.domains.de.kernel.DEDirector._fire(DEDirector.java:1949)
	at ptolemy.domains.de.kernel.DEDirector.fire(DEDirector.java:502)
	at ptolemy.actor.CompositeActor.fire(CompositeActor.java:455)
	at ptolemy.actor.Manager.iterate(Manager.java:851)
	at ptolemy.actor.Manager.execute(Manager.java:369)
	at ptolemy.actor.Manager.run(Manager.java:1263)
	at ptolemy.actor.Manager$PtolemyRunThread.run(Manager.java:1915)

    while executing
ptolemy.kernel.util.IllegalActionException: Test fails in iteration 1.
Value was: 1.0. Should have been: 2.0
  in .DirectFeedback.Test
    while executing
"java::new ptolemy.moml.MoMLSimpleApplication $file
"
    (procedure "createAndExecute" line 2)
    invoked from within
"createAndExecute $file"
    ("uplevel" body line 5)
    invoked from within
"uplevel $contents_of_test"
------------------ testing $PTII/ptolemy/domains/de/test/auto/ActorDepthCalculation_actorWithoutPorts.xml
auto.tcl: Setting watchdog for 200 seconds at Sat Mar 16 03:46:56 UTC 2019
4 ms. Memory: 146944K Free: 139705K (95%)
ptolemy.util.test.WatchDog.cancel(): canceling Sat Mar 16 03:46:56 UTC 2019
auto.tcl: Setting watchdog for 200 seconds at Sat Mar 16 03:46:56 UTC 2019
3 ms. Memory: 146944K Free: 138668K (94%)
ptolemy.util.test.WatchDog.cancel(): canceling Sat Mar 16 03:46:56 UTC 2019
------------------ testing $PTII/ptolemy/domains/de/test/auto/AssemblyLine.xml
auto.tcl: Setting watchdog for 200 seconds at Sat Mar 16 03:46:57 UTC 2019
24 ms. Memory: 208384K Free: 181607K (87%)
ptolemy.util.test.WatchDog.cancel(): canceling Sat Mar 16 03:46:57 UTC 2019
auto.tcl: Setting watchdog for 200 seconds at Sat Mar 16 03:46:57 UTC 2019
12 ms. Memory: 208384K Free: 181607K (87%)
ptolemy.util.test.WatchDog.cancel(): canceling Sat Mar 16 03:46:57 UTC 2019
------------------ testing $PTII/ptolemy/domains/de/test/auto/CQBug1.xml
auto.tcl: Setting watchdog for 200 seconds at Sat Mar 16 03:46:57 UTC 2019
7 ms. Memory: 208384K Free: 196599K (94%)
ptolemy.util.test.WatchDog.cancel(): canceling Sat Mar 16 03:46:57 UTC 2019
auto.tcl: Setting watchdog for 200 seconds at Sat Mar 16 03:46:57 UTC 2019
2 ms. Memory: 208384K Free: 196599K (94%)
ptolemy.util.test.WatchDog.cancel(): canceling Sat Mar 16 03:46:57 UTC 2019
------------------ testing $PTII/ptolemy/domains/de/test/auto/CancelFireAt.xml
auto.tcl: Setting watchdog for 200 seconds at Sat Mar 16 03:46:57 UTC 2019
4 ms. Memory: 208384K Free: 201523K (97%)
ptolemy.util.test.WatchDog.cancel(): canceling Sat Mar 16 03:46:57 UTC 2019
auto.tcl: Setting watchdog for 200 seconds at Sat Mar 16 03:46:57 UTC 2019
3 ms. Memory: 208384K Free: 199448K (96%)
ptolemy.util.test.WatchDog.cancel(): canceling Sat Mar 16 03:46:57 UTC 2019
------------------ testing $PTII/ptolemy/domains/de/test/auto/CausalityAndComposabilityAnalysis.xml
auto.tcl: Setting watchdog for 200 seconds at Sat Mar 16 03:46:57 UTC 2019
7 ms. Memory: 208384K Free: 199046K (96%)
ptolemy.util.test.WatchDog.cancel(): canceling Sat Mar 16 03:46:57 UTC 2019
auto.tcl: Setting watchdog for 200 seconds at Sat Mar 16 03:46:57 UTC 2019
8 ms. Memory: 208384K Free: 196451K (94%)
ptolemy.util.test.WatchDog.cancel(): canceling Sat Mar 16 03:46:57 UTC 2019
------------------ testing $PTII/ptolemy/domains/de/test/auto/CausalityInterface1.xml
auto.tcl: Setting watchdog for 200 seconds at Sat Mar 16 03:46:57 UTC 2019
21 ms. Memory: 208384K Free: 198464K (95%)
ptolemy.util.test.WatchDog.cancel(): canceling Sat Mar 16 03:46:57 UTC 2019
auto.tcl: Setting watchdog for 200 seconds at Sat Mar 16 03:46:57 UTC 2019
4 ms. Memory: 208384K Free: 196387K (94%)
ptolemy.util.test.WatchDog.cancel(): canceling Sat Mar 16 03:46:57 UTC 2019
------------------ testing $PTII/ptolemy/domains/de/test/auto/CausalityInterface15.xml
auto.tcl: Setting watchdog for 200 seconds at Sat Mar 16 03:46:57 UTC 2019
9 ms. Memory: 208384K Free: 196379K (94%)
ptolemy.util.test.WatchDog.cancel(): canceling Sat Mar 16 03:46:57 UTC 2019
auto.tcl: Setting watchdog for 200 seconds at Sat Mar 16 03:46:57 UTC 2019
4 ms. Memory: 208384K Free: 196379K (94%)
ptolemy.util.test.WatchDog.cancel(): canceling Sat Mar 16 03:46:57 UTC 2019
------------------ testing $PTII/ptolemy/domains/de/test/auto/CausalityInterface2.xml
auto.tcl: Setting watchdog for 200 seconds at Sat Mar 16 03:46:57 UTC 2019
5 ms. Memory: 208384K Free: 196362K (94%)
ptolemy.util.test.WatchDog.cancel(): canceling Sat Mar 16 03:46:57 UTC 2019
auto.tcl: Setting watchdog for 200 seconds at Sat Mar 16 03:46:57 UTC 2019
4 ms. Memory: 208384K Free: 196362K (94%)
ptolemy.util.test.WatchDog.cancel(): canceling Sat Mar 16 03:46:57 UTC 2019
------------------ testing $PTII/ptolemy/domains/de/test/auto/CausalityInterface3.xml
auto.tcl: Setting watchdog for 200 seconds at Sat Mar 16 03:46:57 UTC 2019
7 ms. Memory: 208384K Free: 196375K (94%)
ptolemy.util.test.WatchDog.cancel(): canceling Sat Mar 16 03:46:57 UTC 2019
auto.tcl: Setting watchdog for 200 seconds at Sat Mar 16 03:46:57 UTC 2019
3 ms. Memory: 208384K Free: 196375K (94%)
ptolemy.util.test.WatchDog.cancel(): canceling Sat Mar 16 03:46:57 UTC 2019
------------------ testing $PTII/ptolemy/domains/de/test/auto/ClockDrift.xml
auto.tcl: Setting watchdog for 200 seconds at Sat Mar 16 03:46:57 UTC 2019
56 ms. Memory: 208384K Free: 187681K (90%)
ptolemy.util.test.WatchDog.cancel(): canceling Sat Mar 16 03:46:58 UTC 2019
auto.tcl: Setting watchdog for 200 seconds at Sat Mar 16 03:46:58 UTC 2019
52 ms. Memory: 208384K Free: 185606K (89%)
ptolemy.util.test.WatchDog.cancel(): canceling Sat Mar 16 03:46:58 UTC 2019
------------------ testing $PTII/ptolemy/domains/de/test/auto/ClockDriftAndValueChange.xml
auto.tcl: Setting watchdog for 200 seconds at Sat Mar 16 03:46:58 UTC 2019
60 ms. Memory: 208384K Free: 189592K (91%)
ptolemy.util.test.WatchDog.cancel(): canceling Sat Mar 16 03:46:58 UTC 2019
auto.tcl: Setting watchdog for 200 seconds at Sat Mar 16 03:46:58 UTC 2019
23 ms. Memory: 208384K Free: 185442K (89%)
ptolemy.util.test.WatchDog.cancel(): canceling Sat Mar 16 03:46:58 UTC 2019
------------------ testing $PTII/ptolemy/domains/de/test/auto/ClockDriftChange.xml
auto.tcl: Setting watchdog for 200 seconds at Sat Mar 16 03:46:58 UTC 2019
42 ms. Memory: 208384K Free: 190815K (92%)
ptolemy.util.test.WatchDog.cancel(): canceling Sat Mar 16 03:46:58 UTC 2019
auto.tcl: Setting watchdog for 200 seconds at Sat Mar 16 03:46:58 UTC 2019
27 ms. Memory: 208384K Free: 188740K (91%)
ptolemy.util.test.WatchDog.cancel(): canceling Sat Mar 16 03:46:58 UTC 2019
------------------ testing $PTII/ptolemy/domains/de/test/auto/ComposableCausalityAnalysis.xml
auto.tcl: Setting watchdog for 200 seconds at Sat Mar 16 03:46:58 UTC 2019
2 ms. Memory: 208384K Free: 196229K (94%)
ptolemy.util.test.WatchDog.cancel(): canceling Sat Mar 16 03:46:58 UTC 2019
auto.tcl: Setting watchdog for 200 seconds at Sat Mar 16 03:46:58 UTC 2019
2 ms. Memory: 208384K Free: 196229K (94%)
ptolemy.util.test.WatchDog.cancel(): canceling Sat Mar 16 03:46:58 UTC 2019
------------------ testing $PTII/ptolemy/domains/de/test/auto/DEFixedPointLimitation.xml
auto.tcl: Setting watchdog for 200 seconds at Sat Mar 16 03:46:58 UTC 2019
3 ms. Memory: 208384K Free: 198385K (95%)
ptolemy.util.test.WatchDog.cancel(): canceling Sat Mar 16 03:46:58 UTC 2019
auto.tcl: Setting watchdog for 200 seconds at Sat Mar 16 03:46:58 UTC 2019
1 ms. Memory: 208384K Free: 196310K (94%)
ptolemy.util.test.WatchDog.cancel(): canceling Sat Mar 16 03:46:58 UTC 2019
------------------ testing $PTII/ptolemy/domains/de/test/auto/DEScheduleTest.xml
auto.tcl: Setting watchdog for 200 seconds at Sat Mar 16 03:46:58 UTC 2019
4 ms. Memory: 208384K Free: 198940K (95%)
ptolemy.util.test.WatchDog.cancel(): canceling Sat Mar 16 03:46:58 UTC 2019
auto.tcl: Setting watchdog for 200 seconds at Sat Mar 16 03:46:58 UTC 2019
8 ms. Memory: 208384K Free: 196346K (94%)
ptolemy.util.test.WatchDog.cancel(): canceling Sat Mar 16 03:46:58 UTC 2019
------------------ testing $PTII/ptolemy/domains/de/test/auto/DEinDEwithStartTimes.xml
auto.tcl: Setting watchdog for 200 seconds at Sat Mar 16 03:46:58 UTC 2019
3 ms. Memory: 208384K Free: 196835K (94%)
ptolemy.util.test.WatchDog.cancel(): canceling Sat Mar 16 03:46:58 UTC 2019
auto.tcl: Setting watchdog for 200 seconds at Sat Mar 16 03:46:58 UTC 2019
6 ms. Memory: 208384K Free: 196835K (94%)
ptolemy.util.test.WatchDog.cancel(): canceling Sat Mar 16 03:46:58 UTC 2019
------------------ testing $PTII/ptolemy/domains/de/test/auto/DEinDEwithStartTimes2.xml
auto.tcl: Setting watchdog for 200 seconds at Sat Mar 16 03:46:58 UTC 2019
8 ms. Memory: 208384K Free: 196296K (94%)
ptolemy.util.test.WatchDog.cancel(): canceling Sat Mar 16 03:46:58 UTC 2019
auto.tcl: Setting watchdog for 200 seconds at Sat Mar 16 03:46:58 UTC 2019
4 ms. Memory: 208384K Free: 194220K (93%)
ptolemy.util.test.WatchDog.cancel(): canceling Sat Mar 16 03:46:58 UTC 2019
------------------ testing $PTII/ptolemy/domains/de/test/auto/DateDemo.xml
auto.tcl: Setting watchdog for 200 seconds at Sat Mar 16 03:46:58 UTC 2019
13 ms. Memory: 208384K Free: 188816K (91%)
ptolemy.util.test.WatchDog.cancel(): canceling Sat Mar 16 03:46:59 UTC 2019
auto.tcl: Setting watchdog for 200 seconds at Sat Mar 16 03:46:59 UTC 2019
7 ms. Memory: 208384K Free: 186740K (90%)
ptolemy.util.test.WatchDog.cancel(): canceling Sat Mar 16 03:46:59 UTC 2019
------------------ testing $PTII/ptolemy/domains/de/test/auto/DateToEvent.xml
auto.tcl: Setting watchdog for 200 seconds at Sat Mar 16 03:46:59 UTC 2019
2023 ms. Memory: 208384K Free: 183612K (88%)
ptolemy.util.test.WatchDog.cancel(): canceling Sat Mar 16 03:47:01 UTC 2019
auto.tcl: Setting watchdog for 200 seconds at Sat Mar 16 03:47:01 UTC 2019
2004 ms. Memory: 208384K Free: 183612K (88%)
ptolemy.util.test.WatchDog.cancel(): canceling Sat Mar 16 03:47:03 UTC 2019
------------------ testing $PTII/ptolemy/domains/de/test/auto/DepthTest1.xml
auto.tcl: Setting watchdog for 200 seconds at Sat Mar 16 03:47:03 UTC 2019
2 ms. Memory: 208384K Free: 195167K (94%)
ptolemy.util.test.WatchDog.cancel(): canceling Sat Mar 16 03:47:03 UTC 2019
auto.tcl: Setting watchdog for 200 seconds at Sat Mar 16 03:47:03 UTC 2019
2 ms. Memory: 208384K Free: 195167K (94%)
ptolemy.util.test.WatchDog.cancel(): canceling Sat Mar 16 03:47:03 UTC 2019
------------------ testing $PTII/ptolemy/domains/de/test/auto/DepthTest2.xml
auto.tcl: Setting watchdog for 200 seconds at Sat Mar 16 03:47:03 UTC 2019
7 ms. Memory: 208384K Free: 193905K (93%)
ptolemy.util.test.WatchDog.cancel(): canceling Sat Mar 16 03:47:03 UTC 2019
auto.tcl: Setting watchdog for 200 seconds at Sat Mar 16 03:47:03 UTC 2019
5 ms. Memory: 208384K Free: 193905K (93%)
ptolemy.util.test.WatchDog.cancel(): canceling Sat Mar 16 03:47:03 UTC 2019
------------------ testing $PTII/ptolemy/domains/de/test/auto/DepthTest3.xml
auto.tcl: Setting watchdog for 200 seconds at Sat Mar 16 03:47:03 UTC 2019
5 ms. Memory: 208384K Free: 198477K (95%)
ptolemy.util.test.WatchDog.cancel(): canceling Sat Mar 16 03:47:03 UTC 2019
auto.tcl: Setting watchdog for 200 seconds at Sat Mar 16 03:47:03 UTC 2019
1 ms. Memory: 208384K Free: 198477K (95%)
ptolemy.util.test.WatchDog.cancel(): canceling Sat Mar 16 03:47:03 UTC 2019
------------------ testing $PTII/ptolemy/domains/de/test/auto/DepthTest4.xml
auto.tcl: Setting watchdog for 200 seconds at Sat Mar 16 03:47:03 UTC 2019
7 ms. Memory: 208384K Free: 195970K (94%)
ptolemy.util.test.WatchDog.cancel(): canceling Sat Mar 16 03:47:03 UTC 2019
auto.tcl: Setting watchdog for 200 seconds at Sat Mar 16 03:47:03 UTC 2019
2 ms. Memory: 208384K Free: 195970K (94%)
ptolemy.util.test.WatchDog.cancel(): canceling Sat Mar 16 03:47:03 UTC 2019
------------------ testing $PTII/ptolemy/domains/de/test/auto/DepthTest5.xml
auto.tcl: Setting watchdog for 200 seconds at Sat Mar 16 03:47:03 UTC 2019
3 ms. Memory: 208384K Free: 196437K (94%)
ptolemy.util.test.WatchDog.cancel(): canceling Sat Mar 16 03:47:03 UTC 2019
auto.tcl: Setting watchdog for 200 seconds at Sat Mar 16 03:47:03 UTC 2019
2 ms. Memory: 208384K Free: 196437K (94%)
ptolemy.util.test.WatchDog.cancel(): canceling Sat Mar 16 03:47:03 UTC 2019
------------------ testing $PTII/ptolemy/domains/de/test/auto/DepthTest6.xml
auto.tcl: Setting watchdog for 200 seconds at Sat Mar 16 03:47:03 UTC 2019
6 ms. Memory: 208384K Free: 196412K (94%)
ptolemy.util.test.WatchDog.cancel(): canceling Sat Mar 16 03:47:03 UTC 2019
auto.tcl: Setting watchdog for 200 seconds at Sat Mar 16 03:47:03 UTC 2019
2 ms. Memory: 208384K Free: 196412K (94%)
ptolemy.util.test.WatchDog.cancel(): canceling Sat Mar 16 03:47:03 UTC 2019
------------------ testing $PTII/ptolemy/domains/de/test/auto/DepthTest7.xml
auto.tcl: Setting watchdog for 200 seconds at Sat Mar 16 03:47:03 UTC 2019
3 ms. Memory: 208384K Free: 194646K (93%)
ptolemy.util.test.WatchDog.cancel(): canceling Sat Mar 16 03:47:03 UTC 2019
auto.tcl: Setting watchdog for 200 seconds at Sat Mar 16 03:47:03 UTC 2019
2 ms. Memory: 208384K Free: 194646K (93%)
ptolemy.util.test.WatchDog.cancel(): canceling Sat Mar 16 03:47:03 UTC 2019
------------------ testing $PTII/ptolemy/domains/de/test/auto/EventToDate.xml
auto.tcl: Setting watchdog for 200 seconds at Sat Mar 16 03:47:03 UTC 2019
3010 ms. Memory: 208384K Free: 187564K (90%)
ptolemy.util.test.WatchDog.cancel(): canceling Sat Mar 16 03:47:06 UTC 2019
auto.tcl: Setting watchdog for 200 seconds at Sat Mar 16 03:47:06 UTC 2019
3004 ms. Memory: 208384K Free: 185488K (89%)
ptolemy.util.test.WatchDog.cancel(): canceling Sat Mar 16 03:47:09 UTC 2019
------------------ testing $PTII/ptolemy/domains/de/test/auto/FSM1.xml
auto.tcl: Setting watchdog for 200 seconds at Sat Mar 16 03:47:09 UTC 2019
18 ms. Memory: 208384K Free: 188976K (91%)
ptolemy.util.test.WatchDog.cancel(): canceling Sat Mar 16 03:47:09 UTC 2019
auto.tcl: Setting watchdog for 200 seconds at Sat Mar 16 03:47:09 UTC 2019
17 ms. Memory: 208384K Free: 184825K (89%)
ptolemy.util.test.WatchDog.cancel(): canceling Sat Mar 16 03:47:09 UTC 2019
------------------ testing $PTII/ptolemy/domains/de/test/auto/FSM7.xml
auto.tcl: Setting watchdog for 200 seconds at Sat Mar 16 03:47:10 UTC 2019
34 ms. Memory: 208384K Free: 189179K (91%)
ptolemy.util.test.WatchDog.cancel(): canceling Sat Mar 16 03:47:10 UTC 2019
auto.tcl: Setting watchdog for 200 seconds at Sat Mar 16 03:47:10 UTC 2019
13 ms. Memory: 208384K Free: 185029K (89%)
ptolemy.util.test.WatchDog.cancel(): canceling Sat Mar 16 03:47:10 UTC 2019
------------------ testing $PTII/ptolemy/domains/de/test/auto/Inspection.xml
auto.tcl: Setting watchdog for 200 seconds at Sat Mar 16 03:47:10 UTC 2019
42 ms. Memory: 208384K Free: 188302K (90%)
ptolemy.util.test.WatchDog.cancel(): canceling Sat Mar 16 03:47:10 UTC 2019
auto.tcl: Setting watchdog for 200 seconds at Sat Mar 16 03:47:10 UTC 2019
21 ms. Memory: 208384K Free: 186227K (89%)
ptolemy.util.test.WatchDog.cancel(): canceling Sat Mar 16 03:47:10 UTC 2019
------------------ testing $PTII/ptolemy/domains/de/test/auto/Iteration.xml
auto.tcl: Setting watchdog for 200 seconds at Sat Mar 16 03:47:10 UTC 2019
19 ms. Memory: 208384K Free: 195681K (94%)
ptolemy.util.test.WatchDog.cancel(): canceling Sat Mar 16 03:47:10 UTC 2019
auto.tcl: Setting watchdog for 200 seconds at Sat Mar 16 03:47:10 UTC 2019
7 ms. Memory: 208384K Free: 193605K (93%)
ptolemy.util.test.WatchDog.cancel(): canceling Sat Mar 16 03:47:10 UTC 2019
------------------ testing $PTII/ptolemy/domains/de/test/auto/LineFault.xml
auto.tcl: Setting watchdog for 200 seconds at Sat Mar 16 03:47:10 UTC 2019
640 ms. Memory: 208384K Free: 198045K (95%)
ptolemy.util.test.WatchDog.cancel(): canceling Sat Mar 16 03:47:11 UTC 2019
auto.tcl: Setting watchdog for 200 seconds at Sat Mar 16 03:47:11 UTC 2019
551 ms. Memory: 208384K Free: 141839K (68%)
ptolemy.util.test.WatchDog.cancel(): canceling Sat Mar 16 03:47:11 UTC 2019
------------------ testing $PTII/ptolemy/domains/de/test/auto/MergeModel1Add.xml
auto.tcl: Setting watchdog for 200 seconds at Sat Mar 16 03:47:11 UTC 2019
31 ms. Memory: 331264K Free: 302522K (91%)
ptolemy.util.test.WatchDog.cancel(): canceling Sat Mar 16 03:47:12 UTC 2019
auto.tcl: Setting watchdog for 200 seconds at Sat Mar 16 03:47:12 UTC 2019
13 ms. Memory: 331264K Free: 298600K (90%)
ptolemy.util.test.WatchDog.cancel(): canceling Sat Mar 16 03:47:12 UTC 2019
------------------ testing $PTII/ptolemy/domains/de/test/auto/MergeModel2Add.xml
auto.tcl: Setting watchdog for 200 seconds at Sat Mar 16 03:47:12 UTC 2019
9 ms. Memory: 331264K Free: 303861K (92%)
ptolemy.util.test.WatchDog.cancel(): canceling Sat Mar 16 03:47:12 UTC 2019
auto.tcl: Setting watchdog for 200 seconds at Sat Mar 16 03:47:12 UTC 2019
7 ms. Memory: 331264K Free: 303861K (92%)
ptolemy.util.test.WatchDog.cancel(): canceling Sat Mar 16 03:47:12 UTC 2019
------------------ testing $PTII/ptolemy/domains/de/test/auto/MergeModel3Add.xml
auto.tcl: Setting watchdog for 200 seconds at Sat Mar 16 03:47:12 UTC 2019
12 ms. Memory: 331264K Free: 303871K (92%)
ptolemy.util.test.WatchDog.cancel(): canceling Sat Mar 16 03:47:12 UTC 2019
auto.tcl: Setting watchdog for 200 seconds at Sat Mar 16 03:47:12 UTC 2019
11 ms. Memory: 331264K Free: 303871K (92%)
ptolemy.util.test.WatchDog.cancel(): canceling Sat Mar 16 03:47:12 UTC 2019
------------------ testing $PTII/ptolemy/domains/de/test/auto/MergeWithoutDiscard.xml
auto.tcl: Setting watchdog for 200 seconds at Sat Mar 16 03:47:12 UTC 2019
8 ms. Memory: 331264K Free: 319556K (96%)
ptolemy.util.test.WatchDog.cancel(): canceling Sat Mar 16 03:47:12 UTC 2019
auto.tcl: Setting watchdog for 200 seconds at Sat Mar 16 03:47:12 UTC 2019
1 ms. Memory: 331264K Free: 315634K (95%)
ptolemy.util.test.WatchDog.cancel(): canceling Sat Mar 16 03:47:12 UTC 2019
------------------ testing $PTII/ptolemy/domains/de/test/auto/Modal1.xml
auto.tcl: Setting watchdog for 200 seconds at Sat Mar 16 03:47:12 UTC 2019
17 ms. Memory: 331264K Free: 309568K (93%)
ptolemy.util.test.WatchDog.cancel(): canceling Sat Mar 16 03:47:12 UTC 2019
auto.tcl: Setting watchdog for 200 seconds at Sat Mar 16 03:47:12 UTC 2019
21 ms. Memory: 331264K Free: 305646K (92%)
ptolemy.util.test.WatchDog.cancel(): canceling Sat Mar 16 03:47:12 UTC 2019
------------------ testing $PTII/ptolemy/domains/de/test/auto/Modal2.xml
auto.tcl: Setting watchdog for 200 seconds at Sat Mar 16 03:47:12 UTC 2019
12 ms. Memory: 331264K Free: 309440K (93%)
ptolemy.util.test.WatchDog.cancel(): canceling Sat Mar 16 03:47:12 UTC 2019
auto.tcl: Setting watchdog for 200 seconds at Sat Mar 16 03:47:12 UTC 2019
11 ms. Memory: 331264K Free: 305518K (92%)
ptolemy.util.test.WatchDog.cancel(): canceling Sat Mar 16 03:47:12 UTC 2019
------------------ testing $PTII/ptolemy/domains/de/test/auto/Modal3.xml
auto.tcl: Setting watchdog for 200 seconds at Sat Mar 16 03:47:12 UTC 2019
16 ms. Memory: 331264K Free: 309230K (93%)
ptolemy.util.test.WatchDog.cancel(): canceling Sat Mar 16 03:47:12 UTC 2019
auto.tcl: Setting watchdog for 200 seconds at Sat Mar 16 03:47:12 UTC 2019
12 ms. Memory: 331264K Free: 305308K (92%)
ptolemy.util.test.WatchDog.cancel(): canceling Sat Mar 16 03:47:12 UTC 2019
------------------ testing $PTII/ptolemy/domains/de/test/auto/Modal4.xml
auto.tcl: Setting watchdog for 200 seconds at Sat Mar 16 03:47:12 UTC 2019
14 ms. Memory: 331264K Free: 309226K (93%)
ptolemy.util.test.WatchDog.cancel(): canceling Sat Mar 16 03:47:12 UTC 2019
auto.tcl: Setting watchdog for 200 seconds at Sat Mar 16 03:47:12 UTC 2019
13 ms. Memory: 331264K Free: 305304K (92%)
ptolemy.util.test.WatchDog.cancel(): canceling Sat Mar 16 03:47:12 UTC 2019
------------------ testing $PTII/ptolemy/domains/de/test/auto/Modal5.xml
auto.tcl: Setting watchdog for 200 seconds at Sat Mar 16 03:47:12 UTC 2019
20 ms. Memory: 331264K Free: 309213K (93%)
ptolemy.util.test.WatchDog.cancel(): canceling Sat Mar 16 03:47:12 UTC 2019
auto.tcl: Setting watchdog for 200 seconds at Sat Mar 16 03:47:12 UTC 2019
14 ms. Memory: 331264K Free: 305291K (92%)
ptolemy.util.test.WatchDog.cancel(): canceling Sat Mar 16 03:47:12 UTC 2019
------------------ testing $PTII/ptolemy/domains/de/test/auto/Modal6.xml
auto.tcl: Setting watchdog for 200 seconds at Sat Mar 16 03:47:13 UTC 2019
13 ms. Memory: 331264K Free: 309211K (93%)
ptolemy.util.test.WatchDog.cancel(): canceling Sat Mar 16 03:47:13 UTC 2019
auto.tcl: Setting watchdog for 200 seconds at Sat Mar 16 03:47:13 UTC 2019
19 ms. Memory: 331264K Free: 305289K (92%)
ptolemy.util.test.WatchDog.cancel(): canceling Sat Mar 16 03:47:13 UTC 2019
------------------ testing $PTII/ptolemy/domains/de/test/auto/Modal7.xml
auto.tcl: Setting watchdog for 200 seconds at Sat Mar 16 03:47:13 UTC 2019
10 ms. Memory: 331264K Free: 309211K (93%)
ptolemy.util.test.WatchDog.cancel(): canceling Sat Mar 16 03:47:13 UTC 2019
auto.tcl: Setting watchdog for 200 seconds at Sat Mar 16 03:47:13 UTC 2019
17 ms. Memory: 331264K Free: 305289K (92%)
ptolemy.util.test.WatchDog.cancel(): canceling Sat Mar 16 03:47:13 UTC 2019
------------------ testing $PTII/ptolemy/domains/de/test/auto/ModalModel.xml
auto.tcl: Setting watchdog for 200 seconds at Sat Mar 16 03:47:13 UTC 2019
231 ms. Memory: 331264K Free: 244810K (74%)
ptolemy.util.test.WatchDog.cancel(): canceling Sat Mar 16 03:47:13 UTC 2019
auto.tcl: Setting watchdog for 200 seconds at Sat Mar 16 03:47:13 UTC 2019
198 ms. Memory: 331264K Free: 185980K (56%)
ptolemy.util.test.WatchDog.cancel(): canceling Sat Mar 16 03:47:13 UTC 2019
------------------ testing $PTII/ptolemy/domains/de/test/auto/ModalSource.xml
auto.tcl: Setting watchdog for 200 seconds at Sat Mar 16 03:47:13 UTC 2019
11 ms. Memory: 331264K Free: 316082K (95%)
ptolemy.util.test.WatchDog.cancel(): canceling Sat Mar 16 03:47:13 UTC 2019
auto.tcl: Setting watchdog for 200 seconds at Sat Mar 16 03:47:13 UTC 2019
7 ms. Memory: 331264K Free: 312620K (94%)
ptolemy.util.test.WatchDog.cancel(): canceling Sat Mar 16 03:47:13 UTC 2019
------------------ testing $PTII/ptolemy/domains/de/test/auto/NonInterruptibleTimerZeroDelay.xml
auto.tcl: Setting watchdog for 200 seconds at Sat Mar 16 03:47:13 UTC 2019
3 ms. Memory: 331264K Free: 320481K (97%)
ptolemy.util.test.WatchDog.cancel(): canceling Sat Mar 16 03:47:13 UTC 2019
auto.tcl: Setting watchdog for 200 seconds at Sat Mar 16 03:47:13 UTC 2019
2 ms. Memory: 331264K Free: 317019K (96%)
ptolemy.util.test.WatchDog.cancel(): canceling Sat Mar 16 03:47:13 UTC 2019
------------------ testing $PTII/ptolemy/domains/de/test/auto/OpenQueueingNetwork.xml
auto.tcl: Setting watchdog for 200 seconds at Sat Mar 16 03:47:13 UTC 2019
2781 ms. Memory: 317952K Free: 164244K (52%)
ptolemy.util.test.WatchDog.cancel(): canceling Sat Mar 16 03:47:16 UTC 2019
auto.tcl: Setting watchdog for 200 seconds at Sat Mar 16 03:47:16 UTC 2019
2144 ms. Memory: 287232K Free: 239143K (83%)
ptolemy.util.test.WatchDog.cancel(): canceling Sat Mar 16 03:47:19 UTC 2019
------------------ testing $PTII/ptolemy/domains/de/test/auto/OpenQueuingNetwork.xml
auto.tcl: Setting watchdog for 200 seconds at Sat Mar 16 03:47:19 UTC 2019
233 ms. Memory: 287232K Free: 190088K (66%)
ptolemy.util.test.WatchDog.cancel(): canceling Sat Mar 16 03:47:19 UTC 2019
auto.tcl: Setting watchdog for 200 seconds at Sat Mar 16 03:47:19 UTC 2019
215 ms. Memory: 287232K Free: 129582K (45%)
ptolemy.util.test.WatchDog.cancel(): canceling Sat Mar 16 03:47:19 UTC 2019
------------------ testing $PTII/ptolemy/domains/de/test/auto/PeriodicSampler.xml
auto.tcl: Setting watchdog for 200 seconds at Sat Mar 16 03:47:19 UTC 2019
3 ms. Memory: 289792K Free: 277308K (96%)
ptolemy.util.test.WatchDog.cancel(): canceling Sat Mar 16 03:47:19 UTC 2019
auto.tcl: Setting watchdog for 200 seconds at Sat Mar 16 03:47:19 UTC 2019
2 ms. Memory: 289792K Free: 274418K (95%)
ptolemy.util.test.WatchDog.cancel(): canceling Sat Mar 16 03:47:19 UTC 2019
------------------ testing $PTII/ptolemy/domains/de/test/auto/PersistentIO.xml
auto.tcl: Setting watchdog for 200 seconds at Sat Mar 16 03:47:19 UTC 2019
5 ms. Memory: 287232K Free: 269552K (94%)
ptolemy.util.test.WatchDog.cancel(): canceling Sat Mar 16 03:47:19 UTC 2019
auto.tcl: Setting watchdog for 200 seconds at Sat Mar 16 03:47:19 UTC 2019
4 ms. Memory: 287232K Free: 266646K (93%)
ptolemy.util.test.WatchDog.cancel(): canceling Sat Mar 16 03:47:19 UTC 2019
------------------ testing $PTII/ptolemy/domains/de/test/auto/PortParameterResetOnInitialize.xml
auto.tcl: Setting watchdog for 200 seconds at Sat Mar 16 03:47:19 UTC 2019
3 ms. Memory: 289280K Free: 274266K (95%)
ptolemy.util.test.WatchDog.cancel(): canceling Sat Mar 16 03:47:19 UTC 2019
auto.tcl: Setting watchdog for 200 seconds at Sat Mar 16 03:47:19 UTC 2019
2 ms. Memory: 289280K Free: 274266K (95%)
ptolemy.util.test.WatchDog.cancel(): canceling Sat Mar 16 03:47:19 UTC 2019
------------------ testing $PTII/ptolemy/domains/de/test/auto/PortParameterUpdates.xml
auto.tcl: Setting watchdog for 200 seconds at Sat Mar 16 03:47:19 UTC 2019
3 ms. Memory: 287232K Free: 272335K (95%)
ptolemy.util.test.WatchDog.cancel(): canceling Sat Mar 16 03:47:19 UTC 2019
auto.tcl: Setting watchdog for 200 seconds at Sat Mar 16 03:47:19 UTC 2019
3 ms. Memory: 287232K Free: 269429K (94%)
ptolemy.util.test.WatchDog.cancel(): canceling Sat Mar 16 03:47:19 UTC 2019
------------------ testing $PTII/ptolemy/domains/de/test/auto/QueueAndServer.xml
auto.tcl: Setting watchdog for 200 seconds at Sat Mar 16 03:47:19 UTC 2019
13 ms. Memory: 289280K Free: 273531K (95%)
ptolemy.util.test.WatchDog.cancel(): canceling Sat Mar 16 03:47:20 UTC 2019
auto.tcl: Setting watchdog for 200 seconds at Sat Mar 16 03:47:20 UTC 2019
5 ms. Memory: 289280K Free: 273531K (95%)
ptolemy.util.test.WatchDog.cancel(): canceling Sat Mar 16 03:47:20 UTC 2019
------------------ testing $PTII/ptolemy/domains/de/test/auto/Records.xml
auto.tcl: Setting watchdog for 200 seconds at Sat Mar 16 03:47:20 UTC 2019
14 ms. Memory: 287232K Free: 274300K (95%)
ptolemy.util.test.WatchDog.cancel(): canceling Sat Mar 16 03:47:20 UTC 2019
auto.tcl: Setting watchdog for 200 seconds at Sat Mar 16 03:47:20 UTC 2019
2 ms. Memory: 287232K Free: 274300K (95%)
ptolemy.util.test.WatchDog.cancel(): canceling Sat Mar 16 03:47:20 UTC 2019
------------------ testing $PTII/ptolemy/domains/de/test/auto/ResetTransitionWithStartTime1.xml
auto.tcl: Setting watchdog for 200 seconds at Sat Mar 16 03:47:20 UTC 2019
11 ms. Memory: 288768K Free: 272962K (95%)
ptolemy.util.test.WatchDog.cancel(): canceling Sat Mar 16 03:47:20 UTC 2019
auto.tcl: Setting watchdog for 200 seconds at Sat Mar 16 03:47:20 UTC 2019
5 ms. Memory: 288768K Free: 272962K (95%)
ptolemy.util.test.WatchDog.cancel(): canceling Sat Mar 16 03:47:20 UTC 2019
------------------ testing $PTII/ptolemy/domains/de/test/auto/ResetTransitionWithStartTime2.xml
auto.tcl: Setting watchdog for 200 seconds at Sat Mar 16 03:47:20 UTC 2019
8 ms. Memory: 287232K Free: 271527K (95%)
ptolemy.util.test.WatchDog.cancel(): canceling Sat Mar 16 03:47:20 UTC 2019
auto.tcl: Setting watchdog for 200 seconds at Sat Mar 16 03:47:20 UTC 2019
5 ms. Memory: 287232K Free: 271527K (95%)
ptolemy.util.test.WatchDog.cancel(): canceling Sat Mar 16 03:47:20 UTC 2019
------------------ testing $PTII/ptolemy/domains/de/test/auto/ResetTransitionWithStartTime3.xml
auto.tcl: Setting watchdog for 200 seconds at Sat Mar 16 03:47:20 UTC 2019
6 ms. Memory: 288768K Free: 272960K (95%)
ptolemy.util.test.WatchDog.cancel(): canceling Sat Mar 16 03:47:20 UTC 2019
auto.tcl: Setting watchdog for 200 seconds at Sat Mar 16 03:47:20 UTC 2019
5 ms. Memory: 288768K Free: 272960K (95%)
ptolemy.util.test.WatchDog.cancel(): canceling Sat Mar 16 03:47:20 UTC 2019
------------------ testing $PTII/ptolemy/domains/de/test/auto/ResetTransitionWithStartTime4.xml
auto.tcl: Setting watchdog for 200 seconds at Sat Mar 16 03:47:20 UTC 2019
3 ms. Memory: 287232K Free: 271423K (94%)
ptolemy.util.test.WatchDog.cancel(): canceling Sat Mar 16 03:47:20 UTC 2019
auto.tcl: Setting watchdog for 200 seconds at Sat Mar 16 03:47:20 UTC 2019
3 ms. Memory: 287232K Free: 271423K (94%)
ptolemy.util.test.WatchDog.cancel(): canceling Sat Mar 16 03:47:20 UTC 2019
------------------ testing $PTII/ptolemy/domains/de/test/auto/ResettableTimer1.xml
auto.tcl: Setting watchdog for 200 seconds at Sat Mar 16 03:47:20 UTC 2019
3 ms. Memory: 288768K Free: 275860K (96%)
ptolemy.util.test.WatchDog.cancel(): canceling Sat Mar 16 03:47:20 UTC 2019
auto.tcl: Setting watchdog for 200 seconds at Sat Mar 16 03:47:20 UTC 2019
2 ms. Memory: 288768K Free: 275860K (96%)
ptolemy.util.test.WatchDog.cancel(): canceling Sat Mar 16 03:47:20 UTC 2019
------------------ testing $PTII/ptolemy/domains/de/test/auto/ResettableTimer2.xml
auto.tcl: Setting watchdog for 200 seconds at Sat Mar 16 03:47:20 UTC 2019
4 ms. Memory: 287232K Free: 274468K (96%)
ptolemy.util.test.WatchDog.cancel(): canceling Sat Mar 16 03:47:20 UTC 2019
auto.tcl: Setting watchdog for 200 seconds at Sat Mar 16 03:47:20 UTC 2019
2 ms. Memory: 287232K Free: 274468K (96%)
ptolemy.util.test.WatchDog.cancel(): canceling Sat Mar 16 03:47:20 UTC 2019
------------------ testing $PTII/ptolemy/domains/de/test/auto/ResettableTimer3.xml
auto.tcl: Setting watchdog for 200 seconds at Sat Mar 16 03:47:20 UTC 2019
2 ms. Memory: 288256K Free: 275398K (96%)
ptolemy.util.test.WatchDog.cancel(): canceling Sat Mar 16 03:47:20 UTC 2019
auto.tcl: Setting watchdog for 200 seconds at Sat Mar 16 03:47:20 UTC 2019
1 ms. Memory: 288256K Free: 275398K (96%)
ptolemy.util.test.WatchDog.cancel(): canceling Sat Mar 16 03:47:20 UTC 2019
------------------ testing $PTII/ptolemy/domains/de/test/auto/ResettableTimer4.xml
auto.tcl: Setting watchdog for 200 seconds at Sat Mar 16 03:47:20 UTC 2019
1 ms. Memory: 287232K Free: 274496K (96%)
ptolemy.util.test.WatchDog.cancel(): canceling Sat Mar 16 03:47:20 UTC 2019
auto.tcl: Setting watchdog for 200 seconds at Sat Mar 16 03:47:20 UTC 2019
1 ms. Memory: 287232K Free: 274496K (96%)
ptolemy.util.test.WatchDog.cancel(): canceling Sat Mar 16 03:47:20 UTC 2019
------------------ testing $PTII/ptolemy/domains/de/test/auto/ResettableTimer5.xml
auto.tcl: Setting watchdog for 200 seconds at Sat Mar 16 03:47:20 UTC 2019
3 ms. Memory: 288256K Free: 273452K (95%)
ptolemy.util.test.WatchDog.cancel(): canceling Sat Mar 16 03:47:20 UTC 2019
auto.tcl: Setting watchdog for 200 seconds at Sat Mar 16 03:47:20 UTC 2019
1 ms. Memory: 288256K Free: 273452K (95%)
ptolemy.util.test.WatchDog.cancel(): canceling Sat Mar 16 03:47:20 UTC 2019
------------------ testing $PTII/ptolemy/domains/de/test/auto/ResettableTimer6.xml
auto.tcl: Setting watchdog for 200 seconds at Sat Mar 16 03:47:20 UTC 2019
1 ms. Memory: 287232K Free: 272268K (95%)
ptolemy.util.test.WatchDog.cancel(): canceling Sat Mar 16 03:47:20 UTC 2019
auto.tcl: Setting watchdog for 200 seconds at Sat Mar 16 03:47:20 UTC 2019
1 ms. Memory: 287232K Free: 272268K (95%)
ptolemy.util.test.WatchDog.cancel(): canceling Sat Mar 16 03:47:20 UTC 2019
------------------ testing $PTII/ptolemy/domains/de/test/auto/ServerZeroDelay.xml
auto.tcl: Setting watchdog for 200 seconds at Sat Mar 16 03:47:20 UTC 2019
2 ms. Memory: 288256K Free: 275442K (96%)
ptolemy.util.test.WatchDog.cancel(): canceling Sat Mar 16 03:47:20 UTC 2019
auto.tcl: Setting watchdog for 200 seconds at Sat Mar 16 03:47:20 UTC 2019
2 ms. Memory: 288256K Free: 275442K (96%)
ptolemy.util.test.WatchDog.cancel(): canceling Sat Mar 16 03:47:20 UTC 2019
------------------ testing $PTII/ptolemy/domains/de/test/auto/SmartSender.xml
auto.tcl: Setting watchdog for 200 seconds at Sat Mar 16 03:47:20 UTC 2019
3001 ms. Memory: 287232K Free: 272355K (95%)
ptolemy.util.test.WatchDog.cancel(): canceling Sat Mar 16 03:47:23 UTC 2019
auto.tcl: Setting watchdog for 200 seconds at Sat Mar 16 03:47:23 UTC 2019
3001 ms. Memory: 287232K Free: 272355K (95%)
ptolemy.util.test.WatchDog.cancel(): canceling Sat Mar 16 03:47:26 UTC 2019
------------------ testing $PTII/ptolemy/domains/de/test/auto/ThreadedComposite.xml
auto.tcl: Setting watchdog for 200 seconds at Sat Mar 16 03:47:27 UTC 2019
174 ms. Memory: 288256K Free: 255162K (89%)
ptolemy.util.test.WatchDog.cancel(): canceling Sat Mar 16 03:47:27 UTC 2019
auto.tcl: Setting watchdog for 200 seconds at Sat Mar 16 03:47:27 UTC 2019
102 ms. Memory: 288256K Free: 237033K (82%)
ptolemy.util.test.WatchDog.cancel(): canceling Sat Mar 16 03:47:27 UTC 2019
------------------ testing $PTII/ptolemy/domains/de/test/auto/Time.xml
auto.tcl: Setting watchdog for 200 seconds at Sat Mar 16 03:47:27 UTC 2019
525 ms. Memory: 287232K Free: 218465K (76%)
ptolemy.util.test.WatchDog.cancel(): canceling Sat Mar 16 03:47:27 UTC 2019
auto.tcl: Setting watchdog for 200 seconds at Sat Mar 16 03:47:27 UTC 2019
503 ms. Memory: 287232K Free: 163556K (57%)
ptolemy.util.test.WatchDog.cancel(): canceling Sat Mar 16 03:47:28 UTC 2019
------------------ testing $PTII/ptolemy/domains/de/test/auto/TimeDelayZeroDelay.xml
auto.tcl: Setting watchdog for 200 seconds at Sat Mar 16 03:47:28 UTC 2019
1 ms. Memory: 287744K Free: 275407K (96%)
ptolemy.util.test.WatchDog.cancel(): canceling Sat Mar 16 03:47:28 UTC 2019
auto.tcl: Setting watchdog for 200 seconds at Sat Mar 16 03:47:28 UTC 2019
1 ms. Memory: 287744K Free: 275407K (96%)
ptolemy.util.test.WatchDog.cancel(): canceling Sat Mar 16 03:47:28 UTC 2019
------------------ testing $PTII/ptolemy/domains/de/test/auto/TimerZeroDelay.xml
auto.tcl: Setting watchdog for 200 seconds at Sat Mar 16 03:47:28 UTC 2019
2 ms. Memory: 287232K Free: 274997K (96%)
ptolemy.util.test.WatchDog.cancel(): canceling Sat Mar 16 03:47:28 UTC 2019
auto.tcl: Setting watchdog for 200 seconds at Sat Mar 16 03:47:28 UTC 2019
2 ms. Memory: 287232K Free: 274997K (96%)
ptolemy.util.test.WatchDog.cancel(): canceling Sat Mar 16 03:47:28 UTC 2019
------------------ testing $PTII/ptolemy/domains/de/test/auto/TimingParadox.xml
auto.tcl: Setting watchdog for 200 seconds at Sat Mar 16 03:47:28 UTC 2019
331 ms. Memory: 287744K Free: 209408K (73%)
ptolemy.util.test.WatchDog.cancel(): canceling Sat Mar 16 03:47:29 UTC 2019
auto.tcl: Setting watchdog for 200 seconds at Sat Mar 16 03:47:29 UTC 2019
313 ms. Memory: 287744K Free: 175846K (61%)
ptolemy.util.test.WatchDog.cancel(): canceling Sat Mar 16 03:47:29 UTC 2019
------------------ testing $PTII/ptolemy/domains/de/test/auto/TransferInputs.xml
auto.tcl: Setting watchdog for 200 seconds at Sat Mar 16 03:47:29 UTC 2019
2 ms. Memory: 287744K Free: 274467K (95%)
ptolemy.util.test.WatchDog.cancel(): canceling Sat Mar 16 03:47:29 UTC 2019
auto.tcl: Setting watchdog for 200 seconds at Sat Mar 16 03:47:29 UTC 2019
2 ms. Memory: 287744K Free: 274467K (95%)
ptolemy.util.test.WatchDog.cancel(): canceling Sat Mar 16 03:47:29 UTC 2019
------------------ testing $PTII/ptolemy/domains/de/test/auto/TransferOutputs2.xml
auto.tcl: Setting watchdog for 200 seconds at Sat Mar 16 03:47:29 UTC 2019
3 ms. Memory: 287232K Free: 272472K (95%)
ptolemy.util.test.WatchDog.cancel(): canceling Sat Mar 16 03:47:29 UTC 2019
auto.tcl: Setting watchdog for 200 seconds at Sat Mar 16 03:47:29 UTC 2019
3 ms. Memory: 287232K Free: 269889K (94%)
ptolemy.util.test.WatchDog.cancel(): canceling Sat Mar 16 03:47:29 UTC 2019
------------------ testing $PTII/ptolemy/domains/de/test/auto/Trilateration.xml
auto.tcl: Setting watchdog for 200 seconds at Sat Mar 16 03:47:29 UTC 2019
13840 ms. Memory: 473088K Free: 302065K (64%)
ptolemy.util.test.WatchDog.cancel(): canceling Sat Mar 16 03:47:44 UTC 2019
auto.tcl: Setting watchdog for 200 seconds at Sat Mar 16 03:47:44 UTC 2019
10816 ms. Memory: 352256K Free: 255207K (72%)
ptolemy.util.test.WatchDog.cancel(): canceling Sat Mar 16 03:47:55 UTC 2019
------------------ testing $PTII/ptolemy/domains/de/test/auto/TwoSigmaDelta.xml
auto.tcl: Setting watchdog for 200 seconds at Sat Mar 16 03:47:55 UTC 2019
2587 ms. Memory: 339968K Free: 307617K (90%)
ptolemy.util.test.WatchDog.cancel(): canceling Sat Mar 16 03:47:58 UTC 2019
auto.tcl: Setting watchdog for 200 seconds at Sat Mar 16 03:47:58 UTC 2019
2059 ms. Memory: 339968K Free: 78226K (23%)
ptolemy.util.test.WatchDog.cancel(): canceling Sat Mar 16 03:48:00 UTC 2019
------------------ testing $PTII/ptolemy/domains/de/test/auto/VariableDelay.xml
auto.tcl: Setting watchdog for 200 seconds at Sat Mar 16 03:48:00 UTC 2019
4 ms. Memory: 337408K Free: 325490K (96%)
ptolemy.util.test.WatchDog.cancel(): canceling Sat Mar 16 03:48:00 UTC 2019
auto.tcl: Setting watchdog for 200 seconds at Sat Mar 16 03:48:00 UTC 2019
2 ms. Memory: 337408K Free: 321604K (95%)
ptolemy.util.test.WatchDog.cancel(): canceling Sat Mar 16 03:48:00 UTC 2019
------------------ testing $PTII/ptolemy/domains/de/test/auto/VariableDelay2.xml
auto.tcl: Setting watchdog for 200 seconds at Sat Mar 16 03:48:00 UTC 2019
7 ms. Memory: 339456K Free: 327949K (97%)
ptolemy.util.test.WatchDog.cancel(): canceling Sat Mar 16 03:48:00 UTC 2019
auto.tcl: Setting watchdog for 200 seconds at Sat Mar 16 03:48:00 UTC 2019
3 ms. Memory: 339456K Free: 324062K (95%)
ptolemy.util.test.WatchDog.cancel(): canceling Sat Mar 16 03:48:00 UTC 2019
------------------ testing $PTII/ptolemy/domains/de/test/auto/VariableDelayZeroDelay.xml
auto.tcl: Setting watchdog for 200 seconds at Sat Mar 16 03:48:00 UTC 2019
2 ms. Memory: 337408K Free: 323339K (96%)
ptolemy.util.test.WatchDog.cancel(): canceling Sat Mar 16 03:48:00 UTC 2019
auto.tcl: Setting watchdog for 200 seconds at Sat Mar 16 03:48:00 UTC 2019
2 ms. Memory: 337408K Free: 323339K (96%)
ptolemy.util.test.WatchDog.cancel(): canceling Sat Mar 16 03:48:00 UTC 2019
------------------ testing $PTII/ptolemy/domains/de/test/auto/VariableDelayZeroDelay2.xml
auto.tcl: Setting watchdog for 200 seconds at Sat Mar 16 03:48:00 UTC 2019
12 ms. Memory: 339456K Free: 325385K (96%)
ptolemy.util.test.WatchDog.cancel(): canceling Sat Mar 16 03:48:00 UTC 2019
auto.tcl: Setting watchdog for 200 seconds at Sat Mar 16 03:48:00 UTC 2019
5 ms. Memory: 339456K Free: 321491K (95%)
ptolemy.util.test.WatchDog.cancel(): canceling Sat Mar 16 03:48:00 UTC 2019
------------------ testing $PTII/ptolemy/domains/de/test/auto/deInCt.xml
auto.tcl: Setting watchdog for 200 seconds at Sat Mar 16 03:48:00 UTC 2019
0
1
1
1
1
0
0
1
1
1
0
0
0
0
1
1
1
1
0
0
0
1
1
1
0
0
0
0
1
1
1
0
0
0
1
1
1
1
18 ms. Memory: 337408K Free: 323334K (96%)
ptolemy.util.test.WatchDog.cancel(): canceling Sat Mar 16 03:48:00 UTC 2019
auto.tcl: Setting watchdog for 200 seconds at Sat Mar 16 03:48:00 UTC 2019
0
1
1
0
0
0
0
0
0
1
1
1
0
0
0
1
1
1
0
0
0
0
0
0
1
1
1
1
5 ms. Memory: 337408K Free: 319448K (95%)
ptolemy.util.test.WatchDog.cancel(): canceling Sat Mar 16 03:48:00 UTC 2019
------------------ testing $PTII/ptolemy/domains/de/test/auto/deInCt2.xml
auto.tcl: Setting watchdog for 200 seconds at Sat Mar 16 03:48:00 UTC 2019
0
1
1
1
0
0
1
1
1
0
0
1
1
1
0
0
1
1
1
0
0
1
1
1
0
0
1
1
1
0
0
1
1
1
0
0
1
1
1
0
0
0
14 ms. Memory: 338944K Free: 324870K (96%)
ptolemy.util.test.WatchDog.cancel(): canceling Sat Mar 16 03:48:00 UTC 2019
auto.tcl: Setting watchdog for 200 seconds at Sat Mar 16 03:48:00 UTC 2019
0
1
1
1
0
0
1
1
1
0
0
1
1
1
0
0
1
1
1
0
0
1
1
1
0
0
1
1
1
0
0
1
1
1
0
0
1
1
1
0
0
0
16 ms. Memory: 338944K Free: 320967K (95%)
ptolemy.util.test.WatchDog.cancel(): canceling Sat Mar 16 03:48:00 UTC 2019
------------------ testing $PTII/ptolemy/domains/de/test/auto/dynamicCausalityInterface1.xml
auto.tcl: Setting watchdog for 200 seconds at Sat Mar 16 03:48:00 UTC 2019
1 ms. Memory: 337408K Free: 315540K (94%)
ptolemy.util.test.WatchDog.cancel(): canceling Sat Mar 16 03:48:00 UTC 2019
auto.tcl: Setting watchdog for 200 seconds at Sat Mar 16 03:48:00 UTC 2019
1 ms. Memory: 337408K Free: 315540K (94%)
ptolemy.util.test.WatchDog.cancel(): canceling Sat Mar 16 03:48:00 UTC 2019
------------------ testing $PTII/ptolemy/domains/de/test/auto/fsm_de_test.xml
auto.tcl: Setting watchdog for 200 seconds at Sat Mar 16 03:48:00 UTC 2019
9 ms. Memory: 338944K Free: 320858K (95%)
ptolemy.util.test.WatchDog.cancel(): canceling Sat Mar 16 03:48:00 UTC 2019
auto.tcl: Setting watchdog for 200 seconds at Sat Mar 16 03:48:00 UTC 2019
7 ms. Memory: 338944K Free: 316972K (94%)
ptolemy.util.test.WatchDog.cancel(): canceling Sat Mar 16 03:48:00 UTC 2019
------------------ testing $PTII/ptolemy/domains/de/test/auto/functionDependencyReconstruction.xml
auto.tcl: Setting watchdog for 200 seconds at Sat Mar 16 03:48:00 UTC 2019
3 ms. Memory: 337408K Free: 311524K (92%)
ptolemy.util.test.WatchDog.cancel(): canceling Sat Mar 16 03:48:00 UTC 2019
auto.tcl: Setting watchdog for 200 seconds at Sat Mar 16 03:48:00 UTC 2019
3 ms. Memory: 337408K Free: 307621K (91%)
ptolemy.util.test.WatchDog.cancel(): canceling Sat Mar 16 03:48:00 UTC 2019
------------------ testing $PTII/ptolemy/domains/de/test/auto/multirate.xml
auto.tcl: Setting watchdog for 200 seconds at Sat Mar 16 03:48:00 UTC 2019
4 ms. Memory: 338432K Free: 320219K (95%)
ptolemy.util.test.WatchDog.cancel(): canceling Sat Mar 16 03:48:00 UTC 2019
auto.tcl: Setting watchdog for 200 seconds at Sat Mar 16 03:48:00 UTC 2019
3 ms. Memory: 338432K Free: 320219K (95%)
ptolemy.util.test.WatchDog.cancel(): canceling Sat Mar 16 03:48:00 UTC 2019
------------------ testing $PTII/ptolemy/domains/de/test/auto/multirate2.xml
auto.tcl: Setting watchdog for 200 seconds at Sat Mar 16 03:48:00 UTC 2019
2 ms. Memory: 337408K Free: 319375K (95%)
ptolemy.util.test.WatchDog.cancel(): canceling Sat Mar 16 03:48:00 UTC 2019
auto.tcl: Setting watchdog for 200 seconds at Sat Mar 16 03:48:00 UTC 2019
3 ms. Memory: 337408K Free: 319375K (95%)
ptolemy.util.test.WatchDog.cancel(): canceling Sat Mar 16 03:48:00 UTC 2019
------------------ testing $PTII/ptolemy/domains/de/test/auto/realtime.xml
auto.tcl: Setting watchdog for 200 seconds at Sat Mar 16 03:48:00 UTC 2019
10001 ms. Memory: 338432K Free: 324296K (96%)
ptolemy.util.test.WatchDog.cancel(): canceling Sat Mar 16 03:48:11 UTC 2019
auto.tcl: Setting watchdog for 200 seconds at Sat Mar 16 03:48:11 UTC 2019
10002 ms. Memory: 338432K Free: 320394K (95%)
ptolemy.util.test.WatchDog.cancel(): canceling Sat Mar 16 03:48:21 UTC 2019
------------------ testing $PTII/ptolemy/domains/de/test/auto/relationGroup.xml
auto.tcl: Setting watchdog for 200 seconds at Sat Mar 16 03:48:21 UTC 2019
8 ms. Memory: 337408K Free: 323302K (96%)
ptolemy.util.test.WatchDog.cancel(): canceling Sat Mar 16 03:48:21 UTC 2019
auto.tcl: Setting watchdog for 200 seconds at Sat Mar 16 03:48:21 UTC 2019
1 ms. Memory: 337408K Free: 323302K (96%)
ptolemy.util.test.WatchDog.cancel(): canceling Sat Mar 16 03:48:21 UTC 2019
------------------ testing $PTII/ptolemy/domains/de/test/auto/relationGroup2.xml
auto.tcl: Setting watchdog for 200 seconds at Sat Mar 16 03:48:21 UTC 2019
1 ms. Memory: 338432K Free: 324352K (96%)
ptolemy.util.test.WatchDog.cancel(): canceling Sat Mar 16 03:48:21 UTC 2019
auto.tcl: Setting watchdog for 200 seconds at Sat Mar 16 03:48:21 UTC 2019
1 ms. Memory: 338432K Free: 324352K (96%)
ptolemy.util.test.WatchDog.cancel(): canceling Sat Mar 16 03:48:21 UTC 2019
------------------ testing $PTII/ptolemy/domains/de/test/auto/sortWithOpaquePorts.xml
auto.tcl: Setting watchdog for 200 seconds at Sat Mar 16 03:48:21 UTC 2019
1 ms. Memory: 337408K Free: 323329K (96%)
ptolemy.util.test.WatchDog.cancel(): canceling Sat Mar 16 03:48:21 UTC 2019
auto.tcl: Setting watchdog for 200 seconds at Sat Mar 16 03:48:21 UTC 2019
1 ms. Memory: 337408K Free: 319427K (95%)
ptolemy.util.test.WatchDog.cancel(): canceling Sat Mar 16 03:48:21 UTC 2019
------------------ testing $PTII/ptolemy/domains/de/test/auto/transferInputsandOutputs.xml
auto.tcl: Setting watchdog for 200 seconds at Sat Mar 16 03:48:21 UTC 2019
2 ms. Memory: 337920K Free: 319934K (95%)
ptolemy.util.test.WatchDog.cancel(): canceling Sat Mar 16 03:48:21 UTC 2019
auto.tcl: Setting watchdog for 200 seconds at Sat Mar 16 03:48:21 UTC 2019
2 ms. Memory: 337920K Free: 319934K (95%)
ptolemy.util.test.WatchDog.cancel(): canceling Sat Mar 16 03:48:21 UTC 2019
------------------ testing $PTII/ptolemy/domains/de/test/auto/triggerType.xml
auto.tcl: Setting watchdog for 200 seconds at Sat Mar 16 03:48:21 UTC 2019
4 ms. Memory: 337408K Free: 323265K (96%)
ptolemy.util.test.WatchDog.cancel(): canceling Sat Mar 16 03:48:21 UTC 2019
auto.tcl: Setting watchdog for 200 seconds at Sat Mar 16 03:48:21 UTC 2019
2 ms. Memory: 337408K Free: 319371K (95%)
ptolemy.util.test.WatchDog.cancel(): canceling Sat Mar 16 03:48:21 UTC 2019
03/16/19 03:48:21
Failed: 0  Total Tests: 192  ((Passed: 187, Newly Passed: 1)  Known Failed: 5) /home/travis/build/icyphy/ptII/ptolemy/domains/de/test
03/16/19 03:48:21
Failed: 0  Total Tests: 192  ((Passed: 187, Newly Passed: 1)  Known Failed: 5) /home/travis/build/icyphy/ptII/ptolemy/domains/de/test
----------------- testing (KnownFailure) /home/travis/build/icyphy/ptII/ptolemy/domains/de/test/auto/knownFailedTests/DESDFClockTest.xml
2010 ms. Memory: 337920K Free: 313578K (93%)
Known Failure: java.lang.reflect.InvocationTargetException
----------------- testing (KnownFailure) /home/travis/build/icyphy/ptII/ptolemy/domains/de/test/auto/knownFailedTests/DirectFeedback.xml
1 ms. Memory: 337920K Free: 293098K (87%)
Known Failure: java.lang.reflect.InvocationTargetException
----------------- testing (KnownFailure) /home/travis/build/icyphy/ptII/ptolemy/domains/de/test/auto/knownFailedTests/FSMSource.xml
7 ms. Memory: 337920K Free: 272618K (81%)
----------------- testing (KnownFailure) /home/travis/build/icyphy/ptII/ptolemy/domains/de/test/auto/knownFailedTests/HierarchicalModel.xml
2 ms. Memory: 337920K Free: 246993K (73%)
Known Failure: java.lang.reflect.InvocationTargetException
----------------- testing (KnownFailure) /home/travis/build/icyphy/ptII/ptolemy/domains/de/test/auto/knownFailedTests/dependencyLoop.xml
2 ms. Memory: 337920K Free: 216265K (64%)
Known Failure: java.lang.reflect.InvocationTargetException
----------------- testing (KnownFailure) /home/travis/build/icyphy/ptII/ptolemy/domains/de/test/auto/knownFailedTests/dependencyLoop2.xml
3 ms. Memory: 337920K Free: 185545K (55%)
Known Failure: java.lang.reflect.InvocationTargetException
No auto/linux-amd64/*.xml tests in /home/travis/build/icyphy/ptII/ptolemy/domains/de/test
AutoTests.java: About to close Vertx.
AutoTests.java: Vertx closed.

===========================================================================================
----------------- testing Sat Mar 16 03:48:23 UTC 2019 /home/travis/build/icyphy/ptII/ptolemy/domains/de/test/auto/ActorDepthCalculation_actorWithoutPorts.xml
----------------- Instantiating /home/travis/build/icyphy/ptII/ptolemy/domains/de/test/auto/ActorDepthCalculation_actorWithoutPorts.xml
2 ms. Memory: 337920K Free: 159944K (47%)
----------------- Invoking toplevel() on ptolemy.moml.MoMLSimpleApplication@4053ceae
----------------- Done invoking toplevel() on ptolemy.moml.MoMLSimpleApplication@4053ceae
reloadAllAccessors: .ActorDepthCalculation_actorWithoutPorts

===========================================================================================
----------------- testing Sat Mar 16 03:48:23 UTC 2019 /home/travis/build/icyphy/ptII/ptolemy/domains/de/test/auto/AssemblyLine.xml
----------------- Instantiating /home/travis/build/icyphy/ptII/ptolemy/domains/de/test/auto/AssemblyLine.xml
2 ms. Memory: 337920K Free: 144576K (43%)
----------------- Invoking toplevel() on ptolemy.moml.MoMLSimpleApplication@6071ebf3
----------------- Done invoking toplevel() on ptolemy.moml.MoMLSimpleApplication@6071ebf3
reloadAllAccessors: .AssemblyLine

===========================================================================================
----------------- testing Sat Mar 16 03:48:23 UTC 2019 /home/travis/build/icyphy/ptII/ptolemy/domains/de/test/auto/CQBug1.xml
----------------- Instantiating /home/travis/build/icyphy/ptII/ptolemy/domains/de/test/auto/CQBug1.xml
1 ms. Memory: 337920K Free: 134336K (40%)
----------------- Invoking toplevel() on ptolemy.moml.MoMLSimpleApplication@2a84e63a
----------------- Done invoking toplevel() on ptolemy.moml.MoMLSimpleApplication@2a84e63a
reloadAllAccessors: .CQBug1

===========================================================================================
----------------- testing Sat Mar 16 03:48:23 UTC 2019 /home/travis/build/icyphy/ptII/ptolemy/domains/de/test/auto/CancelFireAt.xml
----------------- Instantiating /home/travis/build/icyphy/ptII/ptolemy/domains/de/test/auto/CancelFireAt.xml
0 ms. Memory: 337920K Free: 124096K (37%)
----------------- Invoking toplevel() on ptolemy.moml.MoMLSimpleApplication@6bbb0d05
----------------- Done invoking toplevel() on ptolemy.moml.MoMLSimpleApplication@6bbb0d05
reloadAllAccessors: .CancelFireAt

===========================================================================================
----------------- testing Sat Mar 16 03:48:23 UTC 2019 /home/travis/build/icyphy/ptII/ptolemy/domains/de/test/auto/CausalityAndComposabilityAnalysis.xml
----------------- Instantiating /home/travis/build/icyphy/ptII/ptolemy/domains/de/test/auto/CausalityAndComposabilityAnalysis.xml
2 ms. Memory: 337920K Free: 113856K (34%)
----------------- Invoking toplevel() on ptolemy.moml.MoMLSimpleApplication@3de4a4d8
----------------- Done invoking toplevel() on ptolemy.moml.MoMLSimpleApplication@3de4a4d8
reloadAllAccessors: .CausalityAndComposabilityAnalysis

===========================================================================================
----------------- testing Sat Mar 16 03:48:23 UTC 2019 /home/travis/build/icyphy/ptII/ptolemy/domains/de/test/auto/CausalityInterface1.xml
----------------- Instantiating /home/travis/build/icyphy/ptII/ptolemy/domains/de/test/auto/CausalityInterface1.xml
3 ms. Memory: 337920K Free: 103616K (31%)
----------------- Invoking toplevel() on ptolemy.moml.MoMLSimpleApplication@3e858b1c
----------------- Done invoking toplevel() on ptolemy.moml.MoMLSimpleApplication@3e858b1c
reloadAllAccessors: .CausalityInterface1

===========================================================================================
----------------- testing Sat Mar 16 03:48:23 UTC 2019 /home/travis/build/icyphy/ptII/ptolemy/domains/de/test/auto/CausalityInterface15.xml
----------------- Instantiating /home/travis/build/icyphy/ptII/ptolemy/domains/de/test/auto/CausalityInterface15.xml
1 ms. Memory: 337920K Free: 89490K (26%)
----------------- Invoking toplevel() on ptolemy.moml.MoMLSimpleApplication@7f835d9d
----------------- Done invoking toplevel() on ptolemy.moml.MoMLSimpleApplication@7f835d9d
reloadAllAccessors: .CausalityInterface15

[...]
java.lang.RuntimeException: Execution failed
	at ptolemy.moml.MoMLSimpleApplication$UnloadThread.run(MoMLSimpleApplication.java:402)
Caused by: ptolemy.kernel.util.IllegalActionException: Test fails in iteration 1.
Value was: 1.0. Should have been: 2.0
  in .DirectFeedback.Test
	at ptolemy.actor.lib.Test.fire(Test.java:268)
	at ptolemy.domains.de.kernel.DEDirector._fire(DEDirector.java:1949)
	at ptolemy.domains.de.kernel.DEDirector.fire(DEDirector.java:502)
	at ptolemy.actor.CompositeActor.fire(CompositeActor.java:455)
	at ptolemy.actor.Manager.iterate(Manager.java:851)
	at ptolemy.actor.Manager.execute(Manager.java:369)
	at ptolemy.actor.Manager.run(Manager.java:1263)
	at ptolemy.actor.Manager$PtolemyRunThread.run(Manager.java:1915)
java.lang.RuntimeException: Execution failed
	at ptolemy.moml.MoMLSimpleApplication$UnloadThread.run(MoMLSimpleApplication.java:402)
Caused by: ptolemy.kernel.util.IllegalActionException: Actor is not ready to fire.  Perhaps UpSample.prefire() returned false? Try debugging the actor by selecting "Listen to Actor".  Also, for SDF check moml for tokenConsumptionRate on input.
  in .DESDFClockTest.Play Bell.Copy1:SDF Director and .DESDFClockTest.Play Bell.UpSample
	at ptolemy.actor.sched.StaticSchedulingDirector.fire(StaticSchedulingDirector.java:227)
	at ptolemy.domains.sdf.kernel.SDFDirector.fire(SDFDirector.java:500)
	at ptolemy.actor.CompositeActor.fire(CompositeActor.java:455)
	at ptolemy.domains.de.kernel.DEDirector._fire(DEDirector.java:1949)
	at ptolemy.domains.de.kernel.DEDirector.fire(DEDirector.java:502)
	at ptolemy.actor.CompositeActor.fire(CompositeActor.java:455)
	at ptolemy.actor.Manager.iterate(Manager.java:851)
	at ptolemy.actor.Manager.execute(Manager.java:369)
	at ptolemy.actor.Manager.run(Manager.java:1263)
	at ptolemy.actor.Manager$PtolemyRunThread.run(Manager.java:1915)
java.lang.reflect.InvocationTargetException
	at sun.reflect.NativeConstructorAccessorImpl.newInstance0(Native Method)
	at sun.reflect.NativeConstructorAccessorImpl.newInstance(NativeConstructorAccessorImpl.java:62)
	at sun.reflect.DelegatingConstructorAccessorImpl.newInstance(DelegatingConstructorAccessorImpl.java:45)
	at java.lang.reflect.Constructor.newInstance(Constructor.java:423)
	at ptolemy.util.test.junit.AutoKnownFailedTests.RunModel(AutoKnownFailedTests.java:105)
	at sun.reflect.NativeMethodAccessorImpl.invoke0(Native Method)
	at sun.reflect.NativeMethodAccessorImpl.invoke(NativeMethodAccessorImpl.java:62)
	at sun.reflect.DelegatingMethodAccessorImpl.invoke(DelegatingMethodAccessorImpl.java:43)
	at java.lang.reflect.Method.invoke(Method.java:498)
	at org.junit.runners.model.FrameworkMethod$1.runReflectiveCall(FrameworkMethod.java:44)
	at org.junit.internal.runners.model.ReflectiveCallable.run(ReflectiveCallable.java:15)
	at org.junit.runners.model.FrameworkMethod.invokeExplosively(FrameworkMethod.java:41)
	at junitparams.internal.InvokeParameterisedMethod.evaluate(InvokeParameterisedMethod.java:102)
	at org.junit.internal.runners.statements.FailOnTimeout$1.run(FailOnTimeout.java:28)
Caused by: ptolemy.kernel.util.IllegalActionException: Actor is not ready to fire.  Perhaps UpSample.prefire() returned false? Try debugging the actor by selecting "Listen to Actor".  Also, for SDF check moml for tokenConsumptionRate on input.
  in .DESDFClockTest.Play Bell.Copy1:SDF Director and .DESDFClockTest.Play Bell.UpSample
	at ptolemy.actor.sched.StaticSchedulingDirector.fire(StaticSchedulingDirector.java:227)
	at ptolemy.domains.sdf.kernel.SDFDirector.fire(SDFDirector.java:500)
	at ptolemy.actor.CompositeActor.fire(CompositeActor.java:455)
	at ptolemy.domains.de.kernel.DEDirector._fire(DEDirector.java:1949)
	at ptolemy.domains.de.kernel.DEDirector.fire(DEDirector.java:502)
	at ptolemy.actor.CompositeActor.fire(CompositeActor.java:455)
	at ptolemy.actor.Manager.iterate(Manager.java:851)
	at ptolemy.actor.Manager.execute(Manager.java:369)
	at ptolemy.actor.Manager.run(Manager.java:1263)
	at ptolemy.actor.Manager$PtolemyRunThread.run(Manager.java:1915)
java.lang.RuntimeException: Execution failed
	at ptolemy.moml.MoMLSimpleApplication$UnloadThread.run(MoMLSimpleApplication.java:402)
Caused by: ptolemy.kernel.util.IllegalActionException: Test fails in iteration 1.
Value was: 1.0. Should have been: 2.0
  in .DirectFeedback.Test
	at ptolemy.actor.lib.Test.fire(Test.java:268)
	at ptolemy.domains.de.kernel.DEDirector._fire(DEDirector.java:1949)
	at ptolemy.domains.de.kernel.DEDirector.fire(DEDirector.java:502)
	at ptolemy.actor.CompositeActor.fire(CompositeActor.java:455)
	at ptolemy.actor.Manager.iterate(Manager.java:851)
	at ptolemy.actor.Manager.execute(Manager.java:369)
	at ptolemy.actor.Manager.run(Manager.java:1263)
	at ptolemy.actor.Manager$PtolemyRunThread.run(Manager.java:1915)
java.lang.reflect.InvocationTargetException
	at sun.reflect.NativeConstructorAccessorImpl.newInstance0(Native Method)
	at sun.reflect.NativeConstructorAccessorImpl.newInstance(NativeConstructorAccessorImpl.java:62)
	at sun.reflect.DelegatingConstructorAccessorImpl.newInstance(DelegatingConstructorAccessorImpl.java:45)
	at java.lang.reflect.Constructor.newInstance(Constructor.java:423)
	at ptolemy.util.test.junit.AutoKnownFailedTests.RunModel(AutoKnownFailedTests.java:105)
	at sun.reflect.NativeMethodAccessorImpl.invoke0(Native Method)
	at sun.reflect.NativeMethodAccessorImpl.invoke(NativeMethodAccessorImpl.java:62)
	at sun.reflect.DelegatingMethodAccessorImpl.invoke(DelegatingMethodAccessorImpl.java:43)
	at java.lang.reflect.Method.invoke(Method.java:498)
	at org.junit.runners.model.FrameworkMethod$1.runReflectiveCall(FrameworkMethod.java:44)
	at org.junit.internal.runners.model.ReflectiveCallable.run(ReflectiveCallable.java:15)
	at org.junit.runners.model.FrameworkMethod.invokeExplosively(FrameworkMethod.java:41)
	at junitparams.internal.InvokeParameterisedMethod.evaluate(InvokeParameterisedMethod.java:102)
	at org.junit.internal.runners.statements.FailOnTimeout$1.run(FailOnTimeout.java:28)
Caused by: ptolemy.kernel.util.IllegalActionException: Test fails in iteration 1.
Value was: 1.0. Should have been: 2.0
  in .DirectFeedback.Test
	at ptolemy.actor.lib.Test.fire(Test.java:268)
	at ptolemy.domains.de.kernel.DEDirector._fire(DEDirector.java:1949)
	at ptolemy.domains.de.kernel.DEDirector.fire(DEDirector.java:502)
	at ptolemy.actor.CompositeActor.fire(CompositeActor.java:455)
	at ptolemy.actor.Manager.iterate(Manager.java:851)
	at ptolemy.actor.Manager.execute(Manager.java:369)
	at ptolemy.actor.Manager.run(Manager.java:1263)
	at ptolemy.actor.Manager$PtolemyRunThread.run(Manager.java:1915)
java.lang.RuntimeException: Execution failed
	at ptolemy.moml.MoMLSimpleApplication$UnloadThread.run(MoMLSimpleApplication.java:402)
Caused by: ptolemy.kernel.util.IllegalActionException: Found a zero delay loop containing .HierarchicalModel.A
  in .HierarchicalModel and .HierarchicalModel.A
	at ptolemy.actor.util.CausalityInterfaceForComposites._computeOutputPortDepth(CausalityInterfaceForComposites.java:759)
	at ptolemy.actor.util.CausalityInterfaceForComposites._computeInputDepth(CausalityInterfaceForComposites.java:696)
	at ptolemy.actor.util.CausalityInterfaceForComposites._computeOutputPortDepth(CausalityInterfaceForComposites.java:765)
	at ptolemy.actor.util.CausalityInterfaceForComposites._computeInputDepth(CausalityInterfaceForComposites.java:696)
	at ptolemy.actor.util.CausalityInterfaceForComposites._computeOutputPortDepth(CausalityInterfaceForComposites.java:765)
	at ptolemy.actor.util.CausalityInterfaceForComposites._computeInputDepth(CausalityInterfaceForComposites.java:696)
	at ptolemy.actor.util.CausalityInterfaceForComposites._computeActorDepth(CausalityInterfaceForComposites.java:532)
	at ptolemy.actor.util.CausalityInterfaceForComposites.checkForCycles(CausalityInterfaceForComposites.java:96)
	at ptolemy.domains.de.kernel.DEDirector.preinitialize(DEDirector.java:1338)
	at ptolemy.actor.CompositeActor.preinitialize(CompositeActor.java:1828)
	at ptolemy.actor.Manager.preinitializeAndResolveTypes(Manager.java:1040)
	at ptolemy.actor.Manager.initialize(Manager.java:710)
	at ptolemy.actor.Manager.execute(Manager.java:356)
	at ptolemy.actor.Manager.run(Manager.java:1263)
	at ptolemy.actor.Manager$PtolemyRunThread.run(Manager.java:1915)
java.lang.reflect.InvocationTargetException
	at sun.reflect.NativeConstructorAccessorImpl.newInstance0(Native Method)
	at sun.reflect.NativeConstructorAccessorImpl.newInstance(NativeConstructorAccessorImpl.java:62)
	at sun.reflect.DelegatingConstructorAccessorImpl.newInstance(DelegatingConstructorAccessorImpl.java:45)
	at java.lang.reflect.Constructor.newInstance(Constructor.java:423)
	at ptolemy.util.test.junit.AutoKnownFailedTests.RunModel(AutoKnownFailedTests.java:105)
	at sun.reflect.NativeMethodAccessorImpl.invoke0(Native Method)
	at sun.reflect.NativeMethodAccessorImpl.invoke(NativeMethodAccessorImpl.java:62)
	at sun.reflect.DelegatingMethodAccessorImpl.invoke(DelegatingMethodAccessorImpl.java:43)
	at java.lang.reflect.Method.invoke(Method.java:498)
	at org.junit.runners.model.FrameworkMethod$1.runReflectiveCall(FrameworkMethod.java:44)
	at org.junit.internal.runners.model.ReflectiveCallable.run(ReflectiveCallable.java:15)
	at org.junit.runners.model.FrameworkMethod.invokeExplosively(FrameworkMethod.java:41)
	at junitparams.internal.InvokeParameterisedMethod.evaluate(InvokeParameterisedMethod.java:102)
	at org.junit.internal.runners.statements.FailOnTimeout$1.run(FailOnTimeout.java:28)
Caused by: ptolemy.kernel.util.IllegalActionException: Found a zero delay loop containing .HierarchicalModel.A
  in .HierarchicalModel and .HierarchicalModel.A
	at ptolemy.actor.util.CausalityInterfaceForComposites._computeOutputPortDepth(CausalityInterfaceForComposites.java:759)
	at ptolemy.actor.util.CausalityInterfaceForComposites._computeInputDepth(CausalityInterfaceForComposites.java:696)
	at ptolemy.actor.util.CausalityInterfaceForComposites._computeOutputPortDepth(CausalityInterfaceForComposites.java:765)
	at ptolemy.actor.util.CausalityInterfaceForComposites._computeInputDepth(CausalityInterfaceForComposites.java:696)
	at ptolemy.actor.util.CausalityInterfaceForComposites._computeOutputPortDepth(CausalityInterfaceForComposites.java:765)
	at ptolemy.actor.util.CausalityInterfaceForComposites._computeInputDepth(CausalityInterfaceForComposites.java:696)
	at ptolemy.actor.util.CausalityInterfaceForComposites._computeActorDepth(CausalityInterfaceForComposites.java:532)
	at ptolemy.actor.util.CausalityInterfaceForComposites.checkForCycles(CausalityInterfaceForComposites.java:96)
	at ptolemy.domains.de.kernel.DEDirector.preinitialize(DEDirector.java:1338)
	at ptolemy.actor.CompositeActor.preinitialize(CompositeActor.java:1828)
	at ptolemy.actor.Manager.preinitializeAndResolveTypes(Manager.java:1040)
	at ptolemy.actor.Manager.initialize(Manager.java:710)
	at ptolemy.actor.Manager.execute(Manager.java:356)
	at ptolemy.actor.Manager.run(Manager.java:1263)
	at ptolemy.actor.Manager$PtolemyRunThread.run(Manager.java:1915)
java.lang.RuntimeException: Execution failed
	at ptolemy.moml.MoMLSimpleApplication$UnloadThread.run(MoMLSimpleApplication.java:402)
Caused by: ptolemy.kernel.util.IllegalActionException: Found a zero delay loop containing .dependencyLoop.original
  in .dependencyLoop and .dependencyLoop.original
	at ptolemy.actor.util.CausalityInterfaceForComposites._computeOutputPortDepth(CausalityInterfaceForComposites.java:759)
	at ptolemy.actor.util.CausalityInterfaceForComposites._computeInputDepth(CausalityInterfaceForComposites.java:696)
	at ptolemy.actor.util.CausalityInterfaceForComposites._computeOutputPortDepth(CausalityInterfaceForComposites.java:765)
	at ptolemy.actor.util.CausalityInterfaceForComposites._computeInputDepth(CausalityInterfaceForComposites.java:696)
	at ptolemy.actor.util.CausalityInterfaceForComposites._computeOutputPortDepth(CausalityInterfaceForComposites.java:765)
	at ptolemy.actor.util.CausalityInterfaceForComposites._computeInputDepth(CausalityInterfaceForComposites.java:696)
	at ptolemy.actor.util.CausalityInterfaceForComposites._computeActorDepth(CausalityInterfaceForComposites.java:532)
	at ptolemy.actor.util.CausalityInterfaceForComposites.checkForCycles(CausalityInterfaceForComposites.java:96)
	at ptolemy.domains.de.kernel.DEDirector.preinitialize(DEDirector.java:1338)
	at ptolemy.actor.CompositeActor.preinitialize(CompositeActor.java:1828)
	at ptolemy.actor.Manager.preinitializeAndResolveTypes(Manager.java:1040)
	at ptolemy.actor.Manager.initialize(Manager.java:710)
	at ptolemy.actor.Manager.execute(Manager.java:356)
	at ptolemy.actor.Manager.run(Manager.java:1263)
	at ptolemy.actor.Manager$PtolemyRunThread.run(Manager.java:1915)
java.lang.reflect.InvocationTargetException
	at sun.reflect.NativeConstructorAccessorImpl.newInstance0(Native Method)
	at sun.reflect.NativeConstructorAccessorImpl.newInstance(NativeConstructorAccessorImpl.java:62)
	at sun.reflect.DelegatingConstructorAccessorImpl.newInstance(DelegatingConstructorAccessorImpl.java:45)
	at java.lang.reflect.Constructor.newInstance(Constructor.java:423)
	at ptolemy.util.test.junit.AutoKnownFailedTests.RunModel(AutoKnownFailedTests.java:105)
	at sun.reflect.NativeMethodAccessorImpl.invoke0(Native Method)
	at sun.reflect.NativeMethodAccessorImpl.invoke(NativeMethodAccessorImpl.java:62)
	at sun.reflect.DelegatingMethodAccessorImpl.invoke(DelegatingMethodAccessorImpl.java:43)
	at java.lang.reflect.Method.invoke(Method.java:498)
	at org.junit.runners.model.FrameworkMethod$1.runReflectiveCall(FrameworkMethod.java:44)
	at org.junit.internal.runners.model.ReflectiveCallable.run(ReflectiveCallable.java:15)
	at org.junit.runners.model.FrameworkMethod.invokeExplosively(FrameworkMethod.java:41)
	at junitparams.internal.InvokeParameterisedMethod.evaluate(InvokeParameterisedMethod.java:102)
	at org.junit.internal.runners.statements.FailOnTimeout$1.run(FailOnTimeout.java:28)
Caused by: ptolemy.kernel.util.IllegalActionException: Found a zero delay loop containing .dependencyLoop.original
  in .dependencyLoop and .dependencyLoop.original
	at ptolemy.actor.util.CausalityInterfaceForComposites._computeOutputPortDepth(CausalityInterfaceForComposites.java:759)
	at ptolemy.actor.util.CausalityInterfaceForComposites._computeInputDepth(CausalityInterfaceForComposites.java:696)
	at ptolemy.actor.util.CausalityInterfaceForComposites._computeOutputPortDepth(CausalityInterfaceForComposites.java:765)
	at ptolemy.actor.util.CausalityInterfaceForComposites._computeInputDepth(CausalityInterfaceForComposites.java:696)
	at ptolemy.actor.util.CausalityInterfaceForComposites._computeOutputPortDepth(CausalityInterfaceForComposites.java:765)
	at ptolemy.actor.util.CausalityInterfaceForComposites._computeInputDepth(CausalityInterfaceForComposites.java:696)
	at ptolemy.actor.util.CausalityInterfaceForComposites._computeActorDepth(CausalityInterfaceForComposites.java:532)
	at ptolemy.actor.util.CausalityInterfaceForComposites.checkForCycles(CausalityInterfaceForComposites.java:96)
	at ptolemy.domains.de.kernel.DEDirector.preinitialize(DEDirector.java:1338)
	at ptolemy.actor.CompositeActor.preinitialize(CompositeActor.java:1828)
	at ptolemy.actor.Manager.preinitializeAndResolveTypes(Manager.java:1040)
	at ptolemy.actor.Manager.initialize(Manager.java:710)
	at ptolemy.actor.Manager.execute(Manager.java:356)
	at ptolemy.actor.Manager.run(Manager.java:1263)
	at ptolemy.actor.Manager$PtolemyRunThread.run(Manager.java:1915)
java.lang.RuntimeException: Execution failed
	at ptolemy.moml.MoMLSimpleApplication$UnloadThread.run(MoMLSimpleApplication.java:402)
Caused by: ptolemy.kernel.util.IllegalActionException: Found a zero delay loop containing .dependencyLoop2.original
  in .dependencyLoop2 and .dependencyLoop2.original
	at ptolemy.actor.util.CausalityInterfaceForComposites._computeOutputPortDepth(CausalityInterfaceForComposites.java:759)
	at ptolemy.actor.util.CausalityInterfaceForComposites._computeInputDepth(CausalityInterfaceForComposites.java:696)
	at ptolemy.actor.util.CausalityInterfaceForComposites._computeOutputPortDepth(CausalityInterfaceForComposites.java:765)
	at ptolemy.actor.util.CausalityInterfaceForComposites._computeInputDepth(CausalityInterfaceForComposites.java:696)
	at ptolemy.actor.util.CausalityInterfaceForComposites._computeOutputPortDepth(CausalityInterfaceForComposites.java:765)
	at ptolemy.actor.util.CausalityInterfaceForComposites._computeInputDepth(CausalityInterfaceForComposites.java:696)
	at ptolemy.actor.util.CausalityInterfaceForComposites._computeActorDepth(CausalityInterfaceForComposites.java:532)
	at ptolemy.actor.util.CausalityInterfaceForComposites.checkForCycles(CausalityInterfaceForComposites.java:96)
	at ptolemy.domains.de.kernel.DEDirector.preinitialize(DEDirector.java:1338)
	at ptolemy.actor.CompositeActor.preinitialize(CompositeActor.java:1828)
	at ptolemy.actor.Manager.preinitializeAndResolveTypes(Manager.java:1040)
	at ptolemy.actor.Manager.initialize(Manager.java:710)
	at ptolemy.actor.Manager.execute(Manager.java:356)
	at ptolemy.actor.Manager.run(Manager.java:1263)
	at ptolemy.actor.Manager$PtolemyRunThread.run(Manager.java:1915)
java.lang.reflect.InvocationTargetException
	at sun.reflect.NativeConstructorAccessorImpl.newInstance0(Native Method)
	at sun.reflect.NativeConstructorAccessorImpl.newInstance(NativeConstructorAccessorImpl.java:62)
	at sun.reflect.DelegatingConstructorAccessorImpl.newInstance(DelegatingConstructorAccessorImpl.java:45)
	at java.lang.reflect.Constructor.newInstance(Constructor.java:423)
	at ptolemy.util.test.junit.AutoKnownFailedTests.RunModel(AutoKnownFailedTests.java:105)
	at sun.reflect.NativeMethodAccessorImpl.invoke0(Native Method)
	at sun.reflect.NativeMethodAccessorImpl.invoke(NativeMethodAccessorImpl.java:62)
	at sun.reflect.DelegatingMethodAccessorImpl.invoke(DelegatingMethodAccessorImpl.java:43)
	at java.lang.reflect.Method.invoke(Method.java:498)
	at org.junit.runners.model.FrameworkMethod$1.runReflectiveCall(FrameworkMethod.java:44)
	at org.junit.internal.runners.model.ReflectiveCallable.run(ReflectiveCallable.java:15)
	at org.junit.runners.model.FrameworkMethod.invokeExplosively(FrameworkMethod.java:41)
	at junitparams.internal.InvokeParameterisedMethod.evaluate(InvokeParameterisedMethod.java:102)
	at org.junit.internal.runners.statements.FailOnTimeout$1.run(FailOnTimeout.java:28)
Caused by: ptolemy.kernel.util.IllegalActionException: Found a zero delay loop containing .dependencyLoop2.original
  in .dependencyLoop2 and .dependencyLoop2.original
	at ptolemy.actor.util.CausalityInterfaceForComposites._computeOutputPortDepth(CausalityInterfaceForComposites.java:759)
	at ptolemy.actor.util.CausalityInterfaceForComposites._computeInputDepth(CausalityInterfaceForComposites.java:696)
	at ptolemy.actor.util.CausalityInterfaceForComposites._computeOutputPortDepth(CausalityInterfaceForComposites.java:765)
	at ptolemy.actor.util.CausalityInterfaceForComposites._computeInputDepth(CausalityInterfaceForComposites.java:696)
	at ptolemy.actor.util.CausalityInterfaceForComposites._computeOutputPortDepth(CausalityInterfaceForComposites.java:765)
	at ptolemy.actor.util.CausalityInterfaceForComposites._computeInputDepth(CausalityInterfaceForComposites.java:696)
	at ptolemy.actor.util.CausalityInterfaceForComposites._computeActorDepth(CausalityInterfaceForComposites.java:532)
	at ptolemy.actor.util.CausalityInterfaceForComposites.checkForCycles(CausalityInterfaceForComposites.java:96)
	at ptolemy.domains.de.kernel.DEDirector.preinitialize(DEDirector.java:1338)
	at ptolemy.actor.CompositeActor.preinitialize(CompositeActor.java:1828)
	at ptolemy.actor.Manager.preinitializeAndResolveTypes(Manager.java:1040)
	at ptolemy.actor.Manager.initialize(Manager.java:710)
	at ptolemy.actor.Manager.execute(Manager.java:356)
	at ptolemy.actor.Manager.run(Manager.java:1263)
	at ptolemy.actor.Manager$PtolemyRunThread.run(Manager.java:1915)
]]></system-err>
</testsuite>
