<?xml version="1.0" encoding="UTF-8" ?>
<testsuite errors="0" failures="0" hostname="travis-job-c3f37f60-59d5-456e-a34c-c4792fb37d4e" name="ptolemy.domains.sdf.lib.test.junit.JUnitTclTest" skipped="0" tests="82" time="9.085" timestamp="2020-08-18T15:57:56">
  <properties>
[...]
</properties>
  <testcase classname="ptolemy.util.test.junit.TclTests" name="[0] /home/travis/build/icyphy/ptII/ptolemy/domains/sdf/lib/test/ArrayToSequence.tcl (RunTclFile)" time="0.647" />
  <testcase classname="ptolemy.util.test.junit.TclTests" name="[1] /home/travis/build/icyphy/ptII/ptolemy/domains/sdf/lib/test/BitsToInt.tcl (RunTclFile)" time="0.092" />
  <testcase classname="ptolemy.util.test.junit.TclTests" name="[2] /home/travis/build/icyphy/ptII/ptolemy/domains/sdf/lib/test/DelayLine.tcl (RunTclFile)" time="0.06" />
  <testcase classname="ptolemy.util.test.junit.TclTests" name="[3] /home/travis/build/icyphy/ptII/ptolemy/domains/sdf/lib/test/FFT.tcl (RunTclFile)" time="0.038" />
  <testcase classname="ptolemy.util.test.junit.TclTests" name="[4] /home/travis/build/icyphy/ptII/ptolemy/domains/sdf/lib/test/FIR.tcl (RunTclFile)" time="0.149" />
  <testcase classname="ptolemy.util.test.junit.TclTests" name="[5] /home/travis/build/icyphy/ptII/ptolemy/domains/sdf/lib/test/IntToBits.tcl (RunTclFile)" time="0.06" />
  <testcase classname="ptolemy.util.test.junit.TclTests" name="[6] /home/travis/build/icyphy/ptII/ptolemy/domains/sdf/lib/test/MaximumEntropySpectrum.tcl (RunTclFile)" time="0.381" />
  <testcase classname="ptolemy.util.test.junit.TclTests" name="[7] /home/travis/build/icyphy/ptII/ptolemy/domains/sdf/lib/test/Repeat.tcl (RunTclFile)" time="0.057" />
  <testcase classname="ptolemy.util.test.junit.TclTests" name="[8] /home/travis/build/icyphy/ptII/ptolemy/domains/sdf/lib/test/SampleDelay.tcl (RunTclFile)" time="0.061" />
  <testcase classname="ptolemy.util.test.junit.TclTests" name="[9] /home/travis/build/icyphy/ptII/ptolemy/domains/sdf/lib/test/SequenceToArray.tcl (RunTclFile)" time="0.063" />
  <testcase classname="ptolemy.util.test.junit.AutoKnownFailedTests" name="[0] ThereAreNoKnowFailedTests (RunModel)" time="0.002" />
  <testcase classname="ptolemy.util.test.junit.AutoNameArchTests" name="[0] ThereAreNoAutoArchTests (RunModel)" time="0.002" />
  <testcase classname="ptolemy.util.test.junit.AutoTests" name="[0] /home/travis/build/icyphy/ptII/ptolemy/domains/sdf/lib/test/auto/ArrayToSequence.xml (RunModel)" time="0.2" />
  <testcase classname="ptolemy.util.test.junit.AutoTests" name="[1] /home/travis/build/icyphy/ptII/ptolemy/domains/sdf/lib/test/auto/ArrayToSequenceTest.xml (RunModel)" time="0.097" />
  <testcase classname="ptolemy.util.test.junit.AutoTests" name="[2] /home/travis/build/icyphy/ptII/ptolemy/domains/sdf/lib/test/auto/Autocorrelation.xml (RunModel)" time="0.058" />
  <testcase classname="ptolemy.util.test.junit.AutoTests" name="[3] /home/travis/build/icyphy/ptII/ptolemy/domains/sdf/lib/test/auto/Autocorrelation2.xml (RunModel)" time="0.052" />
  <testcase classname="ptolemy.util.test.junit.AutoTests" name="[4] /home/travis/build/icyphy/ptII/ptolemy/domains/sdf/lib/test/auto/Autocorrelation3.xml (RunModel)" time="0.035" />
  <testcase classname="ptolemy.util.test.junit.AutoTests" name="[5] /home/travis/build/icyphy/ptII/ptolemy/domains/sdf/lib/test/auto/Autocorrelation4.xml (RunModel)" time="0.021" />
  <testcase classname="ptolemy.util.test.junit.AutoTests" name="[6] /home/travis/build/icyphy/ptII/ptolemy/domains/sdf/lib/test/auto/Autocorrelation5.xml (RunModel)" time="0.071" />
  <testcase classname="ptolemy.util.test.junit.AutoTests" name="[7] /home/travis/build/icyphy/ptII/ptolemy/domains/sdf/lib/test/auto/BitsToInt.xml (RunModel)" time="0.028" />
  <testcase classname="ptolemy.util.test.junit.AutoTests" name="[8] /home/travis/build/icyphy/ptII/ptolemy/domains/sdf/lib/test/auto/BooleanJoin.xml (RunModel)" time="0.059" />
  <testcase classname="ptolemy.util.test.junit.AutoTests" name="[9] /home/travis/build/icyphy/ptII/ptolemy/domains/sdf/lib/test/auto/BootstrapSampleDelay.xml (RunModel)" time="0.043" />
  <testcase classname="ptolemy.util.test.junit.AutoTests" name="[10] /home/travis/build/icyphy/ptII/ptolemy/domains/sdf/lib/test/auto/Chop.xml (RunModel)" time="0.046" />
  <testcase classname="ptolemy.util.test.junit.AutoTests" name="[11] /home/travis/build/icyphy/ptII/ptolemy/domains/sdf/lib/test/auto/Chop2.xml (RunModel)" time="0.063" />
  <testcase classname="ptolemy.util.test.junit.AutoTests" name="[12] /home/travis/build/icyphy/ptII/ptolemy/domains/sdf/lib/test/auto/ComplexJoin.xml (RunModel)" time="0.04" />
  <testcase classname="ptolemy.util.test.junit.AutoTests" name="[13] /home/travis/build/icyphy/ptII/ptolemy/domains/sdf/lib/test/auto/CountTrues.xml (RunModel)" time="0.036" />
  <testcase classname="ptolemy.util.test.junit.AutoTests" name="[14] /home/travis/build/icyphy/ptII/ptolemy/domains/sdf/lib/test/auto/DelayLine.xml (RunModel)" time="0.046" />
  <testcase classname="ptolemy.util.test.junit.AutoTests" name="[15] /home/travis/build/icyphy/ptII/ptolemy/domains/sdf/lib/test/auto/DotProduct.xml (RunModel)" time="0.03" />
  <testcase classname="ptolemy.util.test.junit.AutoTests" name="[16] /home/travis/build/icyphy/ptII/ptolemy/domains/sdf/lib/test/auto/DotProductMatrix.xml (RunModel)" time="0.02" />
  <testcase classname="ptolemy.util.test.junit.AutoTests" name="[17] /home/travis/build/icyphy/ptII/ptolemy/domains/sdf/lib/test/auto/DownSample1.xml (RunModel)" time="0.031" />
  <testcase classname="ptolemy.util.test.junit.AutoTests" name="[18] /home/travis/build/icyphy/ptII/ptolemy/domains/sdf/lib/test/auto/DynamicRateChange.xml (RunModel)" time="0.037" />
  <testcase classname="ptolemy.util.test.junit.AutoTests" name="[19] /home/travis/build/icyphy/ptII/ptolemy/domains/sdf/lib/test/auto/DynamicRates.xml (RunModel)" time="0.032" />
  <testcase classname="ptolemy.util.test.junit.AutoTests" name="[20] /home/travis/build/icyphy/ptII/ptolemy/domains/sdf/lib/test/auto/FFT1.xml (RunModel)" time="0.034" />
  <testcase classname="ptolemy.util.test.junit.AutoTests" name="[21] /home/travis/build/icyphy/ptII/ptolemy/domains/sdf/lib/test/auto/FIR1.xml (RunModel)" time="0.056" />
  <testcase classname="ptolemy.util.test.junit.AutoTests" name="[22] /home/travis/build/icyphy/ptII/ptolemy/domains/sdf/lib/test/auto/FIR2.xml (RunModel)" time="0.028" />
  <testcase classname="ptolemy.util.test.junit.AutoTests" name="[23] /home/travis/build/icyphy/ptII/ptolemy/domains/sdf/lib/test/auto/FIR4.xml (RunModel)" time="0.041" />
  <testcase classname="ptolemy.util.test.junit.AutoTests" name="[24] /home/travis/build/icyphy/ptII/ptolemy/domains/sdf/lib/test/auto/FixJoin.xml (RunModel)" time="0.056" />
  <testcase classname="ptolemy.util.test.junit.AutoTests" name="[25] /home/travis/build/icyphy/ptII/ptolemy/domains/sdf/lib/test/auto/IntJoin1.xml (RunModel)" time="0.035" />
  <testcase classname="ptolemy.util.test.junit.AutoTests" name="[26] /home/travis/build/icyphy/ptII/ptolemy/domains/sdf/lib/test/auto/IntJoin2.xml (RunModel)" time="0.023" />
  <testcase classname="ptolemy.util.test.junit.AutoTests" name="[27] /home/travis/build/icyphy/ptII/ptolemy/domains/sdf/lib/test/auto/IntJoin3.xml (RunModel)" time="0.027" />
  <testcase classname="ptolemy.util.test.junit.AutoTests" name="[28] /home/travis/build/icyphy/ptII/ptolemy/domains/sdf/lib/test/auto/IntJoin4.xml (RunModel)" time="0.026" />
  <testcase classname="ptolemy.util.test.junit.AutoTests" name="[29] /home/travis/build/icyphy/ptII/ptolemy/domains/sdf/lib/test/auto/IntJoin5.xml (RunModel)" time="0.03" />
  <testcase classname="ptolemy.util.test.junit.AutoTests" name="[30] /home/travis/build/icyphy/ptII/ptolemy/domains/sdf/lib/test/auto/IntToBits.xml (RunModel)" time="0.027" />
  <testcase classname="ptolemy.util.test.junit.AutoTests" name="[31] /home/travis/build/icyphy/ptII/ptolemy/domains/sdf/lib/test/auto/LMSAdaptive.xml (RunModel)" time="0.069" />
  <testcase classname="ptolemy.util.test.junit.AutoTests" name="[32] /home/travis/build/icyphy/ptII/ptolemy/domains/sdf/lib/test/auto/LMSAdaptiveFIR.xml (RunModel)" time="0.317" />
  <testcase classname="ptolemy.util.test.junit.AutoTests" name="[33] /home/travis/build/icyphy/ptII/ptolemy/domains/sdf/lib/test/auto/LMSAdaptiveFIR2.xml (RunModel)" time="0.472" />
  <testcase classname="ptolemy.util.test.junit.AutoTests" name="[34] /home/travis/build/icyphy/ptII/ptolemy/domains/sdf/lib/test/auto/LongJoin.xml (RunModel)" time="0.036" />
  <testcase classname="ptolemy.util.test.junit.AutoTests" name="[35] /home/travis/build/icyphy/ptII/ptolemy/domains/sdf/lib/test/auto/Matrix1.xml (RunModel)" time="0.046" />
  <testcase classname="ptolemy.util.test.junit.AutoTests" name="[36] /home/travis/build/icyphy/ptII/ptolemy/domains/sdf/lib/test/auto/Matrix2.xml (RunModel)" time="0.046" />
  <testcase classname="ptolemy.util.test.junit.AutoTests" name="[37] /home/travis/build/icyphy/ptII/ptolemy/domains/sdf/lib/test/auto/MatrixJoin1.xml (RunModel)" time="0.043" />
  <testcase classname="ptolemy.util.test.junit.AutoTests" name="[38] /home/travis/build/icyphy/ptII/ptolemy/domains/sdf/lib/test/auto/MatrixJoin2.xml (RunModel)" time="0.018" />
  <testcase classname="ptolemy.util.test.junit.AutoTests" name="[39] /home/travis/build/icyphy/ptII/ptolemy/domains/sdf/lib/test/auto/MatrixJoin3.xml (RunModel)" time="0.025" />
  <testcase classname="ptolemy.util.test.junit.AutoTests" name="[40] /home/travis/build/icyphy/ptII/ptolemy/domains/sdf/lib/test/auto/MatrixJoin4.xml (RunModel)" time="0.017" />
  <testcase classname="ptolemy.util.test.junit.AutoTests" name="[41] /home/travis/build/icyphy/ptII/ptolemy/domains/sdf/lib/test/auto/MatrixJoin5.xml (RunModel)" time="0.016" />
  <testcase classname="ptolemy.util.test.junit.AutoTests" name="[42] /home/travis/build/icyphy/ptII/ptolemy/domains/sdf/lib/test/auto/MatrixSplit1.xml (RunModel)" time="0.025" />
  <testcase classname="ptolemy.util.test.junit.AutoTests" name="[43] /home/travis/build/icyphy/ptII/ptolemy/domains/sdf/lib/test/auto/MatrixSplit10.xml (RunModel)" time="0.015" />
  <testcase classname="ptolemy.util.test.junit.AutoTests" name="[44] /home/travis/build/icyphy/ptII/ptolemy/domains/sdf/lib/test/auto/MatrixSplit11.xml (RunModel)" time="0.013" />
  <testcase classname="ptolemy.util.test.junit.AutoTests" name="[45] /home/travis/build/icyphy/ptII/ptolemy/domains/sdf/lib/test/auto/MatrixSplit12.xml (RunModel)" time="0.018" />
  <testcase classname="ptolemy.util.test.junit.AutoTests" name="[46] /home/travis/build/icyphy/ptII/ptolemy/domains/sdf/lib/test/auto/MatrixSplit13.xml (RunModel)" time="0.026" />
  <testcase classname="ptolemy.util.test.junit.AutoTests" name="[47] /home/travis/build/icyphy/ptII/ptolemy/domains/sdf/lib/test/auto/MatrixSplit14.xml (RunModel)" time="0.013" />
  <testcase classname="ptolemy.util.test.junit.AutoTests" name="[48] /home/travis/build/icyphy/ptII/ptolemy/domains/sdf/lib/test/auto/MatrixSplit2.xml (RunModel)" time="0.013" />
  <testcase classname="ptolemy.util.test.junit.AutoTests" name="[49] /home/travis/build/icyphy/ptII/ptolemy/domains/sdf/lib/test/auto/MatrixSplit3.xml (RunModel)" time="0.014" />
  <testcase classname="ptolemy.util.test.junit.AutoTests" name="[50] /home/travis/build/icyphy/ptII/ptolemy/domains/sdf/lib/test/auto/MatrixSplit4.xml (RunModel)" time="0.014" />
  <testcase classname="ptolemy.util.test.junit.AutoTests" name="[51] /home/travis/build/icyphy/ptII/ptolemy/domains/sdf/lib/test/auto/MatrixSplit5.xml (RunModel)" time="0.031" />
  <testcase classname="ptolemy.util.test.junit.AutoTests" name="[52] /home/travis/build/icyphy/ptII/ptolemy/domains/sdf/lib/test/auto/MatrixSplit6.xml (RunModel)" time="0.014" />
  <testcase classname="ptolemy.util.test.junit.AutoTests" name="[53] /home/travis/build/icyphy/ptII/ptolemy/domains/sdf/lib/test/auto/MatrixSplit7.xml (RunModel)" time="0.014" />
  <testcase classname="ptolemy.util.test.junit.AutoTests" name="[54] /home/travis/build/icyphy/ptII/ptolemy/domains/sdf/lib/test/auto/MatrixSplit8.xml (RunModel)" time="0.016" />
  <testcase classname="ptolemy.util.test.junit.AutoTests" name="[55] /home/travis/build/icyphy/ptII/ptolemy/domains/sdf/lib/test/auto/MatrixSplit9.xml (RunModel)" time="0.027" />
  <testcase classname="ptolemy.util.test.junit.AutoTests" name="[56] /home/travis/build/icyphy/ptII/ptolemy/domains/sdf/lib/test/auto/MatrixToSequence.xml (RunModel)" time="0.042" />
  <testcase classname="ptolemy.util.test.junit.AutoTests" name="[57] /home/travis/build/icyphy/ptII/ptolemy/domains/sdf/lib/test/auto/MaximumEntropySpectrum.xml (RunModel)" time="0.095" />
  <testcase classname="ptolemy.util.test.junit.AutoTests" name="[58] /home/travis/build/icyphy/ptII/ptolemy/domains/sdf/lib/test/auto/SampleDelayConversion.xml (RunModel)" time="0.016" />
  <testcase classname="ptolemy.util.test.junit.AutoTests" name="[59] /home/travis/build/icyphy/ptII/ptolemy/domains/sdf/lib/test/auto/SequenceToArray.xml (RunModel)" time="0.047" />
  <testcase classname="ptolemy.util.test.junit.AutoTests" name="[60] /home/travis/build/icyphy/ptII/ptolemy/domains/sdf/lib/test/auto/SequenceToMatrix.xml (RunModel)" time="3.532" />
  <testcase classname="ptolemy.util.test.junit.AutoTests" name="[61] /home/travis/build/icyphy/ptII/ptolemy/domains/sdf/lib/test/auto/SmoothedPeriodogram.xml (RunModel)" time="0.087" />
  <testcase classname="ptolemy.util.test.junit.AutoTests" name="[62] /home/travis/build/icyphy/ptII/ptolemy/domains/sdf/lib/test/auto/UpDownSample1.xml (RunModel)" time="0.017" />
  <testcase classname="ptolemy.util.test.junit.AutoTests" name="[63] /home/travis/build/icyphy/ptII/ptolemy/domains/sdf/lib/test/auto/UpSample1.xml (RunModel)" time="0.019" />
  <testcase classname="ptolemy.util.test.junit.AutoTests" name="[64] /home/travis/build/icyphy/ptII/ptolemy/domains/sdf/lib/test/auto/VariableFIR.xml (RunModel)" time="0.034" />
  <testcase classname="ptolemy.util.test.junit.AutoTests" name="[65] /home/travis/build/icyphy/ptII/ptolemy/domains/sdf/lib/test/auto/VariableFIR2.xml (RunModel)" time="0.045" />
  <testcase classname="ptolemy.util.test.junit.AutoTests" name="[66] /home/travis/build/icyphy/ptII/ptolemy/domains/sdf/lib/test/auto/VariableLattice.xml (RunModel)" time="0.022" />
  <testcase classname="ptolemy.util.test.junit.AutoTests" name="[67] /home/travis/build/icyphy/ptII/ptolemy/domains/sdf/lib/test/auto/VariableLattice2.xml (RunModel)" time="0.021" />
  <testcase classname="ptolemy.util.test.junit.AutoTests" name="[68] /home/travis/build/icyphy/ptII/ptolemy/domains/sdf/lib/test/auto/VariableRecursiveLattice.xml (RunModel)" time="0.014" />
  <testcase classname="ptolemy.util.test.junit.AutoTests" name="[69] /home/travis/build/icyphy/ptII/ptolemy/domains/sdf/lib/test/auto/VariableRecursiveLattice2.xml (RunModel)" time="0.016" />
  <system-out><![CDATA[/home/travis/build/icyphy/ptII/ptolemy/domains/sdf/lib/test/ArrayToSequence.tcl
testDefs.tcl: setting time out to 9000 seconds at Tue Aug 18 15:57:56 UTC 2020
89 ms. Memory: 129024K Free: 93631K (73%)
20 ms. Memory: 129024K Free: 91590K (71%)
31 ms. Memory: 129024K Free: 89542K (69%)
28 ms. Memory: 129024K Free: 88518K (69%)
/home/travis/build/icyphy/ptII/ptolemy/domains/sdf/lib/test/BitsToInt.tcl
22 ms. Memory: 129024K Free: 86470K (67%)
20 ms. Memory: 129024K Free: 84936K (66%)
/home/travis/build/icyphy/ptII/ptolemy/domains/sdf/lib/test/DelayLine.tcl
15 ms. Memory: 129024K Free: 82888K (64%)
/home/travis/build/icyphy/ptII/ptolemy/domains/sdf/lib/test/FFT.tcl
16 ms. Memory: 129024K Free: 81343K (63%)
/home/travis/build/icyphy/ptII/ptolemy/domains/sdf/lib/test/FIR.tcl
20 ms. Memory: 129024K Free: 79302K (61%)
54 ms. Memory: 129024K Free: 75206K (58%)
ptolemy.kernel.util.IllegalActionException: multiplyReverse method not supported between ptolemy.data.FixToken 'fix(-0.0625,6,2)' and ptolemy.data.IntToken '1' because the types are incomparable.
  in .top.FIRclone
Because:
multiplyReverse method not supported between ptolemy.data.FixToken 'fix(-0.0625,6,2)' and ptolemy.data.IntToken '1' because the types are incomparable.
20 ms. Memory: 129024K Free: 72648K (56%)
/home/travis/build/icyphy/ptII/ptolemy/domains/sdf/lib/test/IntToBits.tcl
12 ms. Memory: 129024K Free: 71079K (55%)
11 ms. Memory: 129024K Free: 69576K (54%)
/home/travis/build/icyphy/ptII/ptolemy/domains/sdf/lib/test/MaximumEntropySpectrum.tcl
/home/travis/build/icyphy/ptII/ptolemy/domains/sdf/lib/test/Repeat.tcl
12 ms. Memory: 129024K Free: 48072K (37%)
/home/travis/build/icyphy/ptII/ptolemy/domains/sdf/lib/test/SampleDelay.tcl
9 ms. Memory: 129024K Free: 112612K (87%)
6 ms. Memory: 129024K Free: 111574K (86%)
11 ms. Memory: 129024K Free: 111046K (86%)
3 ms. Memory: 129024K Free: 110043K (85%)
3 ms. Memory: 129024K Free: 109533K (85%)
1 ms. Memory: 129024K Free: 108977K (84%)
/home/travis/build/icyphy/ptII/ptolemy/domains/sdf/lib/test/SequenceToArray.tcl
6 ms. Memory: 129024K Free: 107473K (83%)
13 ms. Memory: 129024K Free: 106458K (83%)
11 ms. Memory: 129024K Free: 104922K (81%)
11 ms. Memory: 129024K Free: 103898K (81%)
08/18/20 03:57:58
Failed: 0  Total Tests: 41  ((Passed: 41, Newly Passed: 0)  Known Failed: 0) /home/travis/build/icyphy/ptII/ptolemy/domains/sdf/lib/test
No auto/knownFailedTests/*.xml tests in /home/travis/build/icyphy/ptII/ptolemy/domains/sdf/lib/test
No auto/linux-amd64/*.xml tests in /home/travis/build/icyphy/ptII/ptolemy/domains/sdf/lib/test
AutoTests.java: About to close Vertx.
AutoTests.java: Vertx closed.

===========================================================================================
----------------- testing Tue Aug 18 15:57:58 UTC 2020 /home/travis/build/icyphy/ptII/ptolemy/domains/sdf/lib/test/auto/ArrayToSequence.xml
----------------- Instantiating /home/travis/build/icyphy/ptII/ptolemy/domains/sdf/lib/test/auto/ArrayToSequence.xml
17 ms. Memory: 129024K Free: 93348K (72%)
----------------- Invoking toplevel() on ptolemy.moml.MoMLSimpleApplication@3d509c4c
----------------- Done invoking toplevel() on ptolemy.moml.MoMLSimpleApplication@3d509c4c
reloadAllAccessors: .ArrayToSequence

===========================================================================================
----------------- testing Tue Aug 18 15:57:58 UTC 2020 /home/travis/build/icyphy/ptII/ptolemy/domains/sdf/lib/test/auto/ArrayToSequenceTest.xml
----------------- Instantiating /home/travis/build/icyphy/ptII/ptolemy/domains/sdf/lib/test/auto/ArrayToSequenceTest.xml
19 ms. Memory: 129024K Free: 87212K (68%)
----------------- Invoking toplevel() on ptolemy.moml.MoMLSimpleApplication@5a8a73c5
----------------- Done invoking toplevel() on ptolemy.moml.MoMLSimpleApplication@5a8a73c5
reloadAllAccessors: .ArrayToSequenceTest

===========================================================================================
----------------- testing Tue Aug 18 15:57:58 UTC 2020 /home/travis/build/icyphy/ptII/ptolemy/domains/sdf/lib/test/auto/Autocorrelation.xml
----------------- Instantiating /home/travis/build/icyphy/ptII/ptolemy/domains/sdf/lib/test/auto/Autocorrelation.xml
8 ms. Memory: 129024K Free: 111825K (87%)
----------------- Invoking toplevel() on ptolemy.moml.MoMLSimpleApplication@1b301aaa
----------------- Done invoking toplevel() on ptolemy.moml.MoMLSimpleApplication@1b301aaa
reloadAllAccessors: .Autocorrelation

===========================================================================================
----------------- testing Tue Aug 18 15:57:58 UTC 2020 /home/travis/build/icyphy/ptII/ptolemy/domains/sdf/lib/test/auto/Autocorrelation2.xml
----------------- Instantiating /home/travis/build/icyphy/ptII/ptolemy/domains/sdf/lib/test/auto/Autocorrelation2.xml
13 ms. Memory: 129024K Free: 107274K (83%)
----------------- Invoking toplevel() on ptolemy.moml.MoMLSimpleApplication@7709a1f
----------------- Done invoking toplevel() on ptolemy.moml.MoMLSimpleApplication@7709a1f
reloadAllAccessors: .Autocorrelation2

===========================================================================================
----------------- testing Tue Aug 18 15:57:58 UTC 2020 /home/travis/build/icyphy/ptII/ptolemy/domains/sdf/lib/test/auto/Autocorrelation3.xml
----------------- Instantiating /home/travis/build/icyphy/ptII/ptolemy/domains/sdf/lib/test/auto/Autocorrelation3.xml
7 ms. Memory: 129024K Free: 103773K (80%)
----------------- Invoking toplevel() on ptolemy.moml.MoMLSimpleApplication@352bdcf0
----------------- Done invoking toplevel() on ptolemy.moml.MoMLSimpleApplication@352bdcf0
reloadAllAccessors: .Autocorrelation3

===========================================================================================
----------------- testing Tue Aug 18 15:57:58 UTC 2020 /home/travis/build/icyphy/ptII/ptolemy/domains/sdf/lib/test/auto/Autocorrelation4.xml
----------------- Instantiating /home/travis/build/icyphy/ptII/ptolemy/domains/sdf/lib/test/auto/Autocorrelation4.xml
3 ms. Memory: 129024K Free: 99054K (77%)
----------------- Invoking toplevel() on ptolemy.moml.MoMLSimpleApplication@3408268f
----------------- Done invoking toplevel() on ptolemy.moml.MoMLSimpleApplication@3408268f
reloadAllAccessors: .Autocorrelation4

===========================================================================================
----------------- testing Tue Aug 18 15:57:58 UTC 2020 /home/travis/build/icyphy/ptII/ptolemy/domains/sdf/lib/test/auto/Autocorrelation5.xml
----------------- Instantiating /home/travis/build/icyphy/ptII/ptolemy/domains/sdf/lib/test/auto/Autocorrelation5.xml
44 ms. Memory: 129024K Free: 92516K (72%)
----------------- Invoking toplevel() on ptolemy.moml.MoMLSimpleApplication@4b3bea6c
----------------- Done invoking toplevel() on ptolemy.moml.MoMLSimpleApplication@4b3bea6c
reloadAllAccessors: .Autocorrelation5

===========================================================================================
----------------- testing Tue Aug 18 15:57:59 UTC 2020 /home/travis/build/icyphy/ptII/ptolemy/domains/sdf/lib/test/auto/BitsToInt.xml
----------------- Instantiating /home/travis/build/icyphy/ptII/ptolemy/domains/sdf/lib/test/auto/BitsToInt.xml
2 ms. Memory: 129024K Free: 89132K (69%)
----------------- Invoking toplevel() on ptolemy.moml.MoMLSimpleApplication@1fec125d
----------------- Done invoking toplevel() on ptolemy.moml.MoMLSimpleApplication@1fec125d
reloadAllAccessors: .BitsToInt

===========================================================================================
----------------- testing Tue Aug 18 15:57:59 UTC 2020 /home/travis/build/icyphy/ptII/ptolemy/domains/sdf/lib/test/auto/BooleanJoin.xml
----------------- Instantiating /home/travis/build/icyphy/ptII/ptolemy/domains/sdf/lib/test/auto/BooleanJoin.xml
7 ms. Memory: 129024K Free: 85052K (66%)
----------------- Invoking toplevel() on ptolemy.moml.MoMLSimpleApplication@7c8f4cb4
----------------- Done invoking toplevel() on ptolemy.moml.MoMLSimpleApplication@7c8f4cb4
reloadAllAccessors: .BooleanJoin

===========================================================================================
----------------- testing Tue Aug 18 15:57:59 UTC 2020 /home/travis/build/icyphy/ptII/ptolemy/domains/sdf/lib/test/auto/BootstrapSampleDelay.xml
----------------- Instantiating /home/travis/build/icyphy/ptII/ptolemy/domains/sdf/lib/test/auto/BootstrapSampleDelay.xml
9 ms. Memory: 129024K Free: 81252K (63%)
----------------- Invoking toplevel() on ptolemy.moml.MoMLSimpleApplication@4a9b96aa
----------------- Done invoking toplevel() on ptolemy.moml.MoMLSimpleApplication@4a9b96aa
reloadAllAccessors: .BootstrapSampleDelay

===========================================================================================
----------------- testing Tue Aug 18 15:57:59 UTC 2020 /home/travis/build/icyphy/ptII/ptolemy/domains/sdf/lib/test/auto/Chop.xml
----------------- Instantiating /home/travis/build/icyphy/ptII/ptolemy/domains/sdf/lib/test/auto/Chop.xml
4 ms. Memory: 129024K Free: 73742K (57%)
----------------- Invoking toplevel() on ptolemy.moml.MoMLSimpleApplication@1d062617
----------------- Done invoking toplevel() on ptolemy.moml.MoMLSimpleApplication@1d062617
reloadAllAccessors: .Chop

===========================================================================================
----------------- testing Tue Aug 18 15:57:59 UTC 2020 /home/travis/build/icyphy/ptII/ptolemy/domains/sdf/lib/test/auto/Chop2.xml
----------------- Instantiating /home/travis/build/icyphy/ptII/ptolemy/domains/sdf/lib/test/auto/Chop2.xml
14 ms. Memory: 155648K Free: 134976K (87%)
----------------- Invoking toplevel() on ptolemy.moml.MoMLSimpleApplication@58ec14c6
----------------- Done invoking toplevel() on ptolemy.moml.MoMLSimpleApplication@58ec14c6
reloadAllAccessors: .Chop2

===========================================================================================
----------------- testing Tue Aug 18 15:57:59 UTC 2020 /home/travis/build/icyphy/ptII/ptolemy/domains/sdf/lib/test/auto/ComplexJoin.xml
----------------- Instantiating /home/travis/build/icyphy/ptII/ptolemy/domains/sdf/lib/test/auto/ComplexJoin.xml
7 ms. Memory: 155648K Free: 130351K (84%)
----------------- Invoking toplevel() on ptolemy.moml.MoMLSimpleApplication@420d5e3f
----------------- Done invoking toplevel() on ptolemy.moml.MoMLSimpleApplication@420d5e3f
reloadAllAccessors: .ComplexJoin

===========================================================================================
----------------- testing Tue Aug 18 15:57:59 UTC 2020 /home/travis/build/icyphy/ptII/ptolemy/domains/sdf/lib/test/auto/CountTrues.xml
----------------- Instantiating /home/travis/build/icyphy/ptII/ptolemy/domains/sdf/lib/test/auto/CountTrues.xml
5 ms. Memory: 155648K Free: 127279K (82%)
----------------- Invoking toplevel() on ptolemy.moml.MoMLSimpleApplication@67f75847
----------------- Done invoking toplevel() on ptolemy.moml.MoMLSimpleApplication@67f75847
reloadAllAccessors: .CountTrues

===========================================================================================
----------------- testing Tue Aug 18 15:57:59 UTC 2020 /home/travis/build/icyphy/ptII/ptolemy/domains/sdf/lib/test/auto/DelayLine.xml
----------------- Instantiating /home/travis/build/icyphy/ptII/ptolemy/domains/sdf/lib/test/auto/DelayLine.xml
9 ms. Memory: 155648K Free: 121768K (78%)
----------------- Invoking toplevel() on ptolemy.moml.MoMLSimpleApplication@17d2d622
----------------- Done invoking toplevel() on ptolemy.moml.MoMLSimpleApplication@17d2d622
reloadAllAccessors: .DelayLine

===========================================================================================
----------------- testing Tue Aug 18 15:57:59 UTC 2020 /home/travis/build/icyphy/ptII/ptolemy/domains/sdf/lib/test/auto/DotProduct.xml
----------------- Instantiating /home/travis/build/icyphy/ptII/ptolemy/domains/sdf/lib/test/auto/DotProduct.xml
5 ms. Memory: 155648K Free: 118674K (76%)
----------------- Invoking toplevel() on ptolemy.moml.MoMLSimpleApplication@57074d8b
----------------- Done invoking toplevel() on ptolemy.moml.MoMLSimpleApplication@57074d8b
reloadAllAccessors: .DotProduct

===========================================================================================
----------------- testing Tue Aug 18 15:57:59 UTC 2020 /home/travis/build/icyphy/ptII/ptolemy/domains/sdf/lib/test/auto/DotProductMatrix.xml
----------------- Instantiating /home/travis/build/icyphy/ptII/ptolemy/domains/sdf/lib/test/auto/DotProductMatrix.xml
3 ms. Memory: 155648K Free: 115602K (74%)
----------------- Invoking toplevel() on ptolemy.moml.MoMLSimpleApplication@176b26a8
----------------- Done invoking toplevel() on ptolemy.moml.MoMLSimpleApplication@176b26a8
reloadAllAccessors: .DotProductMatrix

===========================================================================================
----------------- testing Tue Aug 18 15:57:59 UTC 2020 /home/travis/build/icyphy/ptII/ptolemy/domains/sdf/lib/test/auto/DownSample1.xml
----------------- Instantiating /home/travis/build/icyphy/ptII/ptolemy/domains/sdf/lib/test/auto/DownSample1.xml
4 ms. Memory: 155648K Free: 112538K (72%)
----------------- Invoking toplevel() on ptolemy.moml.MoMLSimpleApplication@5378e2da
----------------- Done invoking toplevel() on ptolemy.moml.MoMLSimpleApplication@5378e2da
reloadAllAccessors: .DownSample1

===========================================================================================
----------------- testing Tue Aug 18 15:57:59 UTC 2020 /home/travis/build/icyphy/ptII/ptolemy/domains/sdf/lib/test/auto/DynamicRateChange.xml
----------------- Instantiating /home/travis/build/icyphy/ptII/ptolemy/domains/sdf/lib/test/auto/DynamicRateChange.xml
13 ms. Memory: 155648K Free: 106408K (68%)
----------------- Invoking toplevel() on ptolemy.moml.MoMLSimpleApplication@6abee58d
----------------- Done invoking toplevel() on ptolemy.moml.MoMLSimpleApplication@6abee58d
reloadAllAccessors: .DynamicRateChange

===========================================================================================
----------------- testing Tue Aug 18 15:57:59 UTC 2020 /home/travis/build/icyphy/ptII/ptolemy/domains/sdf/lib/test/auto/DynamicRates.xml
----------------- Instantiating /home/travis/build/icyphy/ptII/ptolemy/domains/sdf/lib/test/auto/DynamicRates.xml
9 ms. Memory: 155648K Free: 101937K (65%)
----------------- Invoking toplevel() on ptolemy.moml.MoMLSimpleApplication@78a6cc7f
----------------- Done invoking toplevel() on ptolemy.moml.MoMLSimpleApplication@78a6cc7f
reloadAllAccessors: .DynamicRates

===========================================================================================
----------------- testing Tue Aug 18 15:57:59 UTC 2020 /home/travis/build/icyphy/ptII/ptolemy/domains/sdf/lib/test/auto/FFT1.xml
----------------- Instantiating /home/travis/build/icyphy/ptII/ptolemy/domains/sdf/lib/test/auto/FFT1.xml
10 ms. Memory: 155648K Free: 97583K (63%)
----------------- Invoking toplevel() on ptolemy.moml.MoMLSimpleApplication@3600b76
----------------- Done invoking toplevel() on ptolemy.moml.MoMLSimpleApplication@3600b76
reloadAllAccessors: .FFT1

===========================================================================================
----------------- testing Tue Aug 18 15:57:59 UTC 2020 /home/travis/build/icyphy/ptII/ptolemy/domains/sdf/lib/test/auto/FIR1.xml
----------------- Instantiating /home/travis/build/icyphy/ptII/ptolemy/domains/sdf/lib/test/auto/FIR1.xml
24 ms. Memory: 155648K Free: 90673K (58%)
----------------- Invoking toplevel() on ptolemy.moml.MoMLSimpleApplication@f48de5f
----------------- Done invoking toplevel() on ptolemy.moml.MoMLSimpleApplication@f48de5f
reloadAllAccessors: .FIR1

===========================================================================================
----------------- testing Tue Aug 18 15:57:59 UTC 2020 /home/travis/build/icyphy/ptII/ptolemy/domains/sdf/lib/test/auto/FIR2.xml
----------------- Instantiating /home/travis/build/icyphy/ptII/ptolemy/domains/sdf/lib/test/auto/FIR2.xml
2 ms. Memory: 155648K Free: 87343K (56%)
----------------- Invoking toplevel() on ptolemy.moml.MoMLSimpleApplication@38a4ecd0
----------------- Done invoking toplevel() on ptolemy.moml.MoMLSimpleApplication@38a4ecd0
reloadAllAccessors: .FIR2

===========================================================================================
----------------- testing Tue Aug 18 15:57:59 UTC 2020 /home/travis/build/icyphy/ptII/ptolemy/domains/sdf/lib/test/auto/FIR4.xml
----------------- Instantiating /home/travis/build/icyphy/ptII/ptolemy/domains/sdf/lib/test/auto/FIR4.xml
3 ms. Memory: 155648K Free: 137545K (88%)
----------------- Invoking toplevel() on ptolemy.moml.MoMLSimpleApplication@73a3f7a0
----------------- Done invoking toplevel() on ptolemy.moml.MoMLSimpleApplication@73a3f7a0
reloadAllAccessors: .FIR4

===========================================================================================
----------------- testing Tue Aug 18 15:57:59 UTC 2020 /home/travis/build/icyphy/ptII/ptolemy/domains/sdf/lib/test/auto/FixJoin.xml
----------------- Instantiating /home/travis/build/icyphy/ptII/ptolemy/domains/sdf/lib/test/auto/FixJoin.xml
5 ms. Memory: 155648K Free: 132456K (85%)
----------------- Invoking toplevel() on ptolemy.moml.MoMLSimpleApplication@289a8ff6
----------------- Done invoking toplevel() on ptolemy.moml.MoMLSimpleApplication@289a8ff6
reloadAllAccessors: .FixJoin

===========================================================================================
----------------- testing Tue Aug 18 15:57:59 UTC 2020 /home/travis/build/icyphy/ptII/ptolemy/domains/sdf/lib/test/auto/IntJoin1.xml
----------------- Instantiating /home/travis/build/icyphy/ptII/ptolemy/domains/sdf/lib/test/auto/IntJoin1.xml
6 ms. Memory: 155648K Free: 128374K (82%)
----------------- Invoking toplevel() on ptolemy.moml.MoMLSimpleApplication@41e93a1d
----------------- Done invoking toplevel() on ptolemy.moml.MoMLSimpleApplication@41e93a1d
reloadAllAccessors: .IntJoin1

===========================================================================================
----------------- testing Tue Aug 18 15:57:59 UTC 2020 /home/travis/build/icyphy/ptII/ptolemy/domains/sdf/lib/test/auto/IntJoin2.xml
----------------- Instantiating /home/travis/build/icyphy/ptII/ptolemy/domains/sdf/lib/test/auto/IntJoin2.xml
4 ms. Memory: 155648K Free: 123733K (79%)
----------------- Invoking toplevel() on ptolemy.moml.MoMLSimpleApplication@2d27c7cc
----------------- Done invoking toplevel() on ptolemy.moml.MoMLSimpleApplication@2d27c7cc
reloadAllAccessors: .IntJoin2

===========================================================================================
----------------- testing Tue Aug 18 15:57:59 UTC 2020 /home/travis/build/icyphy/ptII/ptolemy/domains/sdf/lib/test/auto/IntJoin3.xml
----------------- Instantiating /home/travis/build/icyphy/ptII/ptolemy/domains/sdf/lib/test/auto/IntJoin3.xml
3 ms. Memory: 155648K Free: 119651K (77%)
----------------- Invoking toplevel() on ptolemy.moml.MoMLSimpleApplication@45fa98d1
----------------- Done invoking toplevel() on ptolemy.moml.MoMLSimpleApplication@45fa98d1
reloadAllAccessors: .IntJoin3

===========================================================================================
----------------- testing Tue Aug 18 15:57:59 UTC 2020 /home/travis/build/icyphy/ptII/ptolemy/domains/sdf/lib/test/auto/IntJoin4.xml
----------------- Instantiating /home/travis/build/icyphy/ptII/ptolemy/domains/sdf/lib/test/auto/IntJoin4.xml
3 ms. Memory: 155648K Free: 115032K (74%)
----------------- Invoking toplevel() on ptolemy.moml.MoMLSimpleApplication@2af9a516
----------------- Done invoking toplevel() on ptolemy.moml.MoMLSimpleApplication@2af9a516
reloadAllAccessors: .IntJoin4

===========================================================================================
----------------- testing Tue Aug 18 15:57:59 UTC 2020 /home/travis/build/icyphy/ptII/ptolemy/domains/sdf/lib/test/auto/IntJoin5.xml
----------------- Instantiating /home/travis/build/icyphy/ptII/ptolemy/domains/sdf/lib/test/auto/IntJoin5.xml
2 ms. Memory: 155648K Free: 110952K (71%)
----------------- Invoking toplevel() on ptolemy.moml.MoMLSimpleApplication@516920df
----------------- Done invoking toplevel() on ptolemy.moml.MoMLSimpleApplication@516920df
reloadAllAccessors: .IntJoin5

===========================================================================================
----------------- testing Tue Aug 18 15:57:59 UTC 2020 /home/travis/build/icyphy/ptII/ptolemy/domains/sdf/lib/test/auto/IntToBits.xml
----------------- Instantiating /home/travis/build/icyphy/ptII/ptolemy/domains/sdf/lib/test/auto/IntToBits.xml
8 ms. Memory: 155648K Free: 107864K (69%)
----------------- Invoking toplevel() on ptolemy.moml.MoMLSimpleApplication@8c068a8
----------------- Done invoking toplevel() on ptolemy.moml.MoMLSimpleApplication@8c068a8
reloadAllAccessors: .IntToBits

===========================================================================================
----------------- testing Tue Aug 18 15:57:59 UTC 2020 /home/travis/build/icyphy/ptII/ptolemy/domains/sdf/lib/test/auto/LMSAdaptive.xml
----------------- Instantiating /home/travis/build/icyphy/ptII/ptolemy/domains/sdf/lib/test/auto/LMSAdaptive.xml
12 ms. Memory: 155648K Free: 99664K (64%)
----------------- Invoking toplevel() on ptolemy.moml.MoMLSimpleApplication@53d11310
----------------- Done invoking toplevel() on ptolemy.moml.MoMLSimpleApplication@53d11310
reloadAllAccessors: .LMSAdaptive

===========================================================================================
----------------- testing Tue Aug 18 15:58:00 UTC 2020 /home/travis/build/icyphy/ptII/ptolemy/domains/sdf/lib/test/auto/LMSAdaptiveFIR.xml
----------------- Instantiating /home/travis/build/icyphy/ptII/ptolemy/domains/sdf/lib/test/auto/LMSAdaptiveFIR.xml
243 ms. Memory: 155648K Free: 136359K (88%)
----------------- Invoking toplevel() on ptolemy.moml.MoMLSimpleApplication@1e64eb64
----------------- Done invoking toplevel() on ptolemy.moml.MoMLSimpleApplication@1e64eb64
reloadAllAccessors: .LMSAdaptiveFIR

===========================================================================================
----------------- testing Tue Aug 18 15:58:00 UTC 2020 /home/travis/build/icyphy/ptII/ptolemy/domains/sdf/lib/test/auto/LMSAdaptiveFIR2.xml
----------------- Instantiating /home/travis/build/icyphy/ptII/ptolemy/domains/sdf/lib/test/auto/LMSAdaptiveFIR2.xml
376 ms. Memory: 155648K Free: 77442K (50%)
----------------- Invoking toplevel() on ptolemy.moml.MoMLSimpleApplication@60144b74
----------------- Done invoking toplevel() on ptolemy.moml.MoMLSimpleApplication@60144b74
reloadAllAccessors: .LMSAdaptiveFIR2

===========================================================================================
----------------- testing Tue Aug 18 15:58:00 UTC 2020 /home/travis/build/icyphy/ptII/ptolemy/domains/sdf/lib/test/auto/LongJoin.xml
----------------- Instantiating /home/travis/build/icyphy/ptII/ptolemy/domains/sdf/lib/test/auto/LongJoin.xml
2 ms. Memory: 155648K Free: 73346K (47%)
----------------- Invoking toplevel() on ptolemy.moml.MoMLSimpleApplication@1fc4fae3
----------------- Done invoking toplevel() on ptolemy.moml.MoMLSimpleApplication@1fc4fae3
reloadAllAccessors: .LongJoin

===========================================================================================
----------------- testing Tue Aug 18 15:58:00 UTC 2020 /home/travis/build/icyphy/ptII/ptolemy/domains/sdf/lib/test/auto/Matrix1.xml
----------------- Instantiating /home/travis/build/icyphy/ptII/ptolemy/domains/sdf/lib/test/auto/Matrix1.xml
6 ms. Memory: 155648K Free: 69250K (44%)
----------------- Invoking toplevel() on ptolemy.moml.MoMLSimpleApplication@5efd59f4
----------------- Done invoking toplevel() on ptolemy.moml.MoMLSimpleApplication@5efd59f4
reloadAllAccessors: .Matrix1

===========================================================================================
----------------- testing Tue Aug 18 15:58:00 UTC 2020 /home/travis/build/icyphy/ptII/ptolemy/domains/sdf/lib/test/auto/Matrix2.xml
----------------- Instantiating /home/travis/build/icyphy/ptII/ptolemy/domains/sdf/lib/test/auto/Matrix2.xml
2 ms. Memory: 155648K Free: 65154K (42%)
----------------- Invoking toplevel() on ptolemy.moml.MoMLSimpleApplication@736cb599
----------------- Done invoking toplevel() on ptolemy.moml.MoMLSimpleApplication@736cb599
reloadAllAccessors: .Matrix2

===========================================================================================
----------------- testing Tue Aug 18 15:58:00 UTC 2020 /home/travis/build/icyphy/ptII/ptolemy/domains/sdf/lib/test/auto/MatrixJoin1.xml
----------------- Instantiating /home/travis/build/icyphy/ptII/ptolemy/domains/sdf/lib/test/auto/MatrixJoin1.xml
12 ms. Memory: 155648K Free: 139200K (89%)
----------------- Invoking toplevel() on ptolemy.moml.MoMLSimpleApplication@4a5bcdb2
----------------- Done invoking toplevel() on ptolemy.moml.MoMLSimpleApplication@4a5bcdb2
reloadAllAccessors: .MatrixJoin1

===========================================================================================
----------------- testing Tue Aug 18 15:58:00 UTC 2020 /home/travis/build/icyphy/ptII/ptolemy/domains/sdf/lib/test/auto/MatrixJoin2.xml
----------------- Instantiating /home/travis/build/icyphy/ptII/ptolemy/domains/sdf/lib/test/auto/MatrixJoin2.xml
1 ms. Memory: 155648K Free: 134080K (86%)
----------------- Invoking toplevel() on ptolemy.moml.MoMLSimpleApplication@4ec2c6fc
----------------- Done invoking toplevel() on ptolemy.moml.MoMLSimpleApplication@4ec2c6fc
reloadAllAccessors: .MatrixJoin2

===========================================================================================
----------------- testing Tue Aug 18 15:58:01 UTC 2020 /home/travis/build/icyphy/ptII/ptolemy/domains/sdf/lib/test/auto/MatrixJoin3.xml
----------------- Instantiating /home/travis/build/icyphy/ptII/ptolemy/domains/sdf/lib/test/auto/MatrixJoin3.xml
6 ms. Memory: 155648K Free: 129984K (84%)
----------------- Invoking toplevel() on ptolemy.moml.MoMLSimpleApplication@43c52ed9
----------------- Done invoking toplevel() on ptolemy.moml.MoMLSimpleApplication@43c52ed9
reloadAllAccessors: .MatrixJoin3

===========================================================================================
----------------- testing Tue Aug 18 15:58:01 UTC 2020 /home/travis/build/icyphy/ptII/ptolemy/domains/sdf/lib/test/auto/MatrixJoin4.xml
----------------- Instantiating /home/travis/build/icyphy/ptII/ptolemy/domains/sdf/lib/test/auto/MatrixJoin4.xml
2 ms. Memory: 155648K Free: 125888K (81%)
----------------- Invoking toplevel() on ptolemy.moml.MoMLSimpleApplication@35d90939
----------------- Done invoking toplevel() on ptolemy.moml.MoMLSimpleApplication@35d90939
reloadAllAccessors: .MatrixJoin4

===========================================================================================
----------------- testing Tue Aug 18 15:58:01 UTC 2020 /home/travis/build/icyphy/ptII/ptolemy/domains/sdf/lib/test/auto/MatrixJoin5.xml
----------------- Instantiating /home/travis/build/icyphy/ptII/ptolemy/domains/sdf/lib/test/auto/MatrixJoin5.xml
4 ms. Memory: 155648K Free: 121792K (78%)
----------------- Invoking toplevel() on ptolemy.moml.MoMLSimpleApplication@6f384b22
----------------- Done invoking toplevel() on ptolemy.moml.MoMLSimpleApplication@6f384b22
reloadAllAccessors: .MatrixJoin5

===========================================================================================
----------------- testing Tue Aug 18 15:58:01 UTC 2020 /home/travis/build/icyphy/ptII/ptolemy/domains/sdf/lib/test/auto/MatrixSplit1.xml
----------------- Instantiating /home/travis/build/icyphy/ptII/ptolemy/domains/sdf/lib/test/auto/MatrixSplit1.xml
3 ms. Memory: 155648K Free: 116672K (75%)
----------------- Invoking toplevel() on ptolemy.moml.MoMLSimpleApplication@3550c116
----------------- Done invoking toplevel() on ptolemy.moml.MoMLSimpleApplication@3550c116
reloadAllAccessors: .MatrixSplit1

===========================================================================================
----------------- testing Tue Aug 18 15:58:01 UTC 2020 /home/travis/build/icyphy/ptII/ptolemy/domains/sdf/lib/test/auto/MatrixSplit10.xml
----------------- Instantiating /home/travis/build/icyphy/ptII/ptolemy/domains/sdf/lib/test/auto/MatrixSplit10.xml
2 ms. Memory: 155648K Free: 113090K (73%)
----------------- Invoking toplevel() on ptolemy.moml.MoMLSimpleApplication@1e292550
----------------- Done invoking toplevel() on ptolemy.moml.MoMLSimpleApplication@1e292550
reloadAllAccessors: .MatrixSplit10

===========================================================================================
----------------- testing Tue Aug 18 15:58:01 UTC 2020 /home/travis/build/icyphy/ptII/ptolemy/domains/sdf/lib/test/auto/MatrixSplit11.xml
----------------- Instantiating /home/travis/build/icyphy/ptII/ptolemy/domains/sdf/lib/test/auto/MatrixSplit11.xml
2 ms. Memory: 155648K Free: 109504K (70%)
----------------- Invoking toplevel() on ptolemy.moml.MoMLSimpleApplication@3901ac97
----------------- Done invoking toplevel() on ptolemy.moml.MoMLSimpleApplication@3901ac97
reloadAllAccessors: .MatrixSplit11

===========================================================================================
----------------- testing Tue Aug 18 15:58:01 UTC 2020 /home/travis/build/icyphy/ptII/ptolemy/domains/sdf/lib/test/auto/MatrixSplit12.xml
----------------- Instantiating /home/travis/build/icyphy/ptII/ptolemy/domains/sdf/lib/test/auto/MatrixSplit12.xml
2 ms. Memory: 155648K Free: 105922K (68%)
----------------- Invoking toplevel() on ptolemy.moml.MoMLSimpleApplication@7ef381dc
----------------- Done invoking toplevel() on ptolemy.moml.MoMLSimpleApplication@7ef381dc
reloadAllAccessors: .MatrixSplit12

===========================================================================================
----------------- testing Tue Aug 18 15:58:01 UTC 2020 /home/travis/build/icyphy/ptII/ptolemy/domains/sdf/lib/test/auto/MatrixSplit13.xml
----------------- Instantiating /home/travis/build/icyphy/ptII/ptolemy/domains/sdf/lib/test/auto/MatrixSplit13.xml
7 ms. Memory: 155648K Free: 102336K (66%)
----------------- Invoking toplevel() on ptolemy.moml.MoMLSimpleApplication@1a913238
----------------- Done invoking toplevel() on ptolemy.moml.MoMLSimpleApplication@1a913238
reloadAllAccessors: .MatrixSplit13

===========================================================================================
----------------- testing Tue Aug 18 15:58:01 UTC 2020 /home/travis/build/icyphy/ptII/ptolemy/domains/sdf/lib/test/auto/MatrixSplit14.xml
----------------- Instantiating /home/travis/build/icyphy/ptII/ptolemy/domains/sdf/lib/test/auto/MatrixSplit14.xml
2 ms. Memory: 155648K Free: 98754K (63%)
----------------- Invoking toplevel() on ptolemy.moml.MoMLSimpleApplication@6834806b
----------------- Done invoking toplevel() on ptolemy.moml.MoMLSimpleApplication@6834806b
reloadAllAccessors: .MatrixSplit14

===========================================================================================
----------------- testing Tue Aug 18 15:58:01 UTC 2020 /home/travis/build/icyphy/ptII/ptolemy/domains/sdf/lib/test/auto/MatrixSplit2.xml
----------------- Instantiating /home/travis/build/icyphy/ptII/ptolemy/domains/sdf/lib/test/auto/MatrixSplit2.xml
2 ms. Memory: 155648K Free: 95168K (61%)
----------------- Invoking toplevel() on ptolemy.moml.MoMLSimpleApplication@1bcfbc96
----------------- Done invoking toplevel() on ptolemy.moml.MoMLSimpleApplication@1bcfbc96
reloadAllAccessors: .MatrixSplit2

===========================================================================================
----------------- testing Tue Aug 18 15:58:01 UTC 2020 /home/travis/build/icyphy/ptII/ptolemy/domains/sdf/lib/test/auto/MatrixSplit3.xml
----------------- Instantiating /home/travis/build/icyphy/ptII/ptolemy/domains/sdf/lib/test/auto/MatrixSplit3.xml
1 ms. Memory: 155648K Free: 91586K (59%)
----------------- Invoking toplevel() on ptolemy.moml.MoMLSimpleApplication@115eda4c
----------------- Done invoking toplevel() on ptolemy.moml.MoMLSimpleApplication@115eda4c
reloadAllAccessors: .MatrixSplit3

===========================================================================================
----------------- testing Tue Aug 18 15:58:01 UTC 2020 /home/travis/build/icyphy/ptII/ptolemy/domains/sdf/lib/test/auto/MatrixSplit4.xml
----------------- Instantiating /home/travis/build/icyphy/ptII/ptolemy/domains/sdf/lib/test/auto/MatrixSplit4.xml
2 ms. Memory: 155648K Free: 88000K (57%)
----------------- Invoking toplevel() on ptolemy.moml.MoMLSimpleApplication@502ef045
----------------- Done invoking toplevel() on ptolemy.moml.MoMLSimpleApplication@502ef045
reloadAllAccessors: .MatrixSplit4

===========================================================================================
----------------- testing Tue Aug 18 15:58:01 UTC 2020 /home/travis/build/icyphy/ptII/ptolemy/domains/sdf/lib/test/auto/MatrixSplit5.xml
----------------- Instantiating /home/travis/build/icyphy/ptII/ptolemy/domains/sdf/lib/test/auto/MatrixSplit5.xml
9 ms. Memory: 155648K Free: 84418K (54%)
----------------- Invoking toplevel() on ptolemy.moml.MoMLSimpleApplication@63ee01f6
----------------- Done invoking toplevel() on ptolemy.moml.MoMLSimpleApplication@63ee01f6
reloadAllAccessors: .MatrixSplit5

===========================================================================================
----------------- testing Tue Aug 18 15:58:01 UTC 2020 /home/travis/build/icyphy/ptII/ptolemy/domains/sdf/lib/test/auto/MatrixSplit6.xml
----------------- Instantiating /home/travis/build/icyphy/ptII/ptolemy/domains/sdf/lib/test/auto/MatrixSplit6.xml
3 ms. Memory: 155648K Free: 80832K (52%)
----------------- Invoking toplevel() on ptolemy.moml.MoMLSimpleApplication@131f032c
----------------- Done invoking toplevel() on ptolemy.moml.MoMLSimpleApplication@131f032c
reloadAllAccessors: .MatrixSplit6

===========================================================================================
----------------- testing Tue Aug 18 15:58:01 UTC 2020 /home/travis/build/icyphy/ptII/ptolemy/domains/sdf/lib/test/auto/MatrixSplit7.xml
----------------- Instantiating /home/travis/build/icyphy/ptII/ptolemy/domains/sdf/lib/test/auto/MatrixSplit7.xml
1 ms. Memory: 155648K Free: 77250K (50%)
----------------- Invoking toplevel() on ptolemy.moml.MoMLSimpleApplication@76f23718
----------------- Done invoking toplevel() on ptolemy.moml.MoMLSimpleApplication@76f23718
reloadAllAccessors: .MatrixSplit7

===========================================================================================
----------------- testing Tue Aug 18 15:58:01 UTC 2020 /home/travis/build/icyphy/ptII/ptolemy/domains/sdf/lib/test/auto/MatrixSplit8.xml
----------------- Instantiating /home/travis/build/icyphy/ptII/ptolemy/domains/sdf/lib/test/auto/MatrixSplit8.xml
2 ms. Memory: 155648K Free: 73664K (47%)
----------------- Invoking toplevel() on ptolemy.moml.MoMLSimpleApplication@75b0dcb1
----------------- Done invoking toplevel() on ptolemy.moml.MoMLSimpleApplication@75b0dcb1
reloadAllAccessors: .MatrixSplit8

===========================================================================================
----------------- testing Tue Aug 18 15:58:01 UTC 2020 /home/travis/build/icyphy/ptII/ptolemy/domains/sdf/lib/test/auto/MatrixSplit9.xml
----------------- Instantiating /home/travis/build/icyphy/ptII/ptolemy/domains/sdf/lib/test/auto/MatrixSplit9.xml
4 ms. Memory: 155648K Free: 70082K (45%)
----------------- Invoking toplevel() on ptolemy.moml.MoMLSimpleApplication@3c2b55f
----------------- Done invoking toplevel() on ptolemy.moml.MoMLSimpleApplication@3c2b55f
reloadAllAccessors: .MatrixSplit9

===========================================================================================
----------------- testing Tue Aug 18 15:58:01 UTC 2020 /home/travis/build/icyphy/ptII/ptolemy/domains/sdf/lib/test/auto/MatrixToSequence.xml
----------------- Instantiating /home/travis/build/icyphy/ptII/ptolemy/domains/sdf/lib/test/auto/MatrixToSequence.xml
11 ms. Memory: 155648K Free: 60866K (39%)
----------------- Invoking toplevel() on ptolemy.moml.MoMLSimpleApplication@190b7e2e
----------------- Done invoking toplevel() on ptolemy.moml.MoMLSimpleApplication@190b7e2e
reloadAllAccessors: .MatrixToSequence

===========================================================================================
----------------- testing Tue Aug 18 15:58:01 UTC 2020 /home/travis/build/icyphy/ptII/ptolemy/domains/sdf/lib/test/auto/MaximumEntropySpectrum.xml
----------------- Instantiating /home/travis/build/icyphy/ptII/ptolemy/domains/sdf/lib/test/auto/MaximumEntropySpectrum.xml
13 ms. Memory: 155648K Free: 121785K (78%)
----------------- Invoking toplevel() on ptolemy.moml.MoMLSimpleApplication@9d18578
----------------- Done invoking toplevel() on ptolemy.moml.MoMLSimpleApplication@9d18578
reloadAllAccessors: .MaximumEntropySpectrum

===========================================================================================
----------------- testing Tue Aug 18 15:58:01 UTC 2020 /home/travis/build/icyphy/ptII/ptolemy/domains/sdf/lib/test/auto/SampleDelayConversion.xml
----------------- Instantiating /home/travis/build/icyphy/ptII/ptolemy/domains/sdf/lib/test/auto/SampleDelayConversion.xml
2 ms. Memory: 155648K Free: 117689K (76%)
----------------- Invoking toplevel() on ptolemy.moml.MoMLSimpleApplication@1903125c
----------------- Done invoking toplevel() on ptolemy.moml.MoMLSimpleApplication@1903125c
reloadAllAccessors: .SampleDelayConversion

===========================================================================================
----------------- testing Tue Aug 18 15:58:01 UTC 2020 /home/travis/build/icyphy/ptII/ptolemy/domains/sdf/lib/test/auto/SequenceToArray.xml
----------------- Instantiating /home/travis/build/icyphy/ptII/ptolemy/domains/sdf/lib/test/auto/SequenceToArray.xml
9 ms. Memory: 155648K Free: 106425K (68%)
----------------- Invoking toplevel() on ptolemy.moml.MoMLSimpleApplication@1a9ed
----------------- Done invoking toplevel() on ptolemy.moml.MoMLSimpleApplication@1a9ed
reloadAllAccessors: .SequenceToArray

===========================================================================================
----------------- testing Tue Aug 18 15:58:01 UTC 2020 /home/travis/build/icyphy/ptII/ptolemy/domains/sdf/lib/test/auto/SequenceToMatrix.xml
----------------- Instantiating /home/travis/build/icyphy/ptII/ptolemy/domains/sdf/lib/test/auto/SequenceToMatrix.xml
3510 ms. Memory: 155648K Free: 111207K (71%)
----------------- Invoking toplevel() on ptolemy.moml.MoMLSimpleApplication@3d66f3da
----------------- Done invoking toplevel() on ptolemy.moml.MoMLSimpleApplication@3d66f3da
reloadAllAccessors: .SequenceToMatrix

===========================================================================================
----------------- testing Tue Aug 18 15:58:05 UTC 2020 /home/travis/build/icyphy/ptII/ptolemy/domains/sdf/lib/test/auto/SmoothedPeriodogram.xml
----------------- Instantiating /home/travis/build/icyphy/ptII/ptolemy/domains/sdf/lib/test/auto/SmoothedPeriodogram.xml
17 ms. Memory: 155648K Free: 95847K (62%)
----------------- Invoking toplevel() on ptolemy.moml.MoMLSimpleApplication@3efdc044
----------------- Done invoking toplevel() on ptolemy.moml.MoMLSimpleApplication@3efdc044
reloadAllAccessors: .SmoothedPeriodogram

===========================================================================================
----------------- testing Tue Aug 18 15:58:05 UTC 2020 /home/travis/build/icyphy/ptII/ptolemy/domains/sdf/lib/test/auto/UpDownSample1.xml
----------------- Instantiating /home/travis/build/icyphy/ptII/ptolemy/domains/sdf/lib/test/auto/UpDownSample1.xml
3 ms. Memory: 155648K Free: 91751K (59%)
----------------- Invoking toplevel() on ptolemy.moml.MoMLSimpleApplication@4dc14570
----------------- Done invoking toplevel() on ptolemy.moml.MoMLSimpleApplication@4dc14570
reloadAllAccessors: .UpDownSample1

===========================================================================================
----------------- testing Tue Aug 18 15:58:05 UTC 2020 /home/travis/build/icyphy/ptII/ptolemy/domains/sdf/lib/test/auto/UpSample1.xml
----------------- Instantiating /home/travis/build/icyphy/ptII/ptolemy/domains/sdf/lib/test/auto/UpSample1.xml
3 ms. Memory: 155648K Free: 88169K (57%)
----------------- Invoking toplevel() on ptolemy.moml.MoMLSimpleApplication@3d8effa4
----------------- Done invoking toplevel() on ptolemy.moml.MoMLSimpleApplication@3d8effa4
reloadAllAccessors: .UpSample1

===========================================================================================
----------------- testing Tue Aug 18 15:58:05 UTC 2020 /home/travis/build/icyphy/ptII/ptolemy/domains/sdf/lib/test/auto/VariableFIR.xml
----------------- Instantiating /home/travis/build/icyphy/ptII/ptolemy/domains/sdf/lib/test/auto/VariableFIR.xml
5 ms. Memory: 155648K Free: 83049K (53%)
----------------- Invoking toplevel() on ptolemy.moml.MoMLSimpleApplication@571ef652
----------------- Done invoking toplevel() on ptolemy.moml.MoMLSimpleApplication@571ef652
reloadAllAccessors: .VariableFIR

===========================================================================================
----------------- testing Tue Aug 18 15:58:05 UTC 2020 /home/travis/build/icyphy/ptII/ptolemy/domains/sdf/lib/test/auto/VariableFIR2.xml
----------------- Instantiating /home/travis/build/icyphy/ptII/ptolemy/domains/sdf/lib/test/auto/VariableFIR2.xml
3 ms. Memory: 155648K Free: 77929K (50%)
----------------- Invoking toplevel() on ptolemy.moml.MoMLSimpleApplication@23bb7e8d
----------------- Done invoking toplevel() on ptolemy.moml.MoMLSimpleApplication@23bb7e8d
reloadAllAccessors: .VariableFIR2

===========================================================================================
----------------- testing Tue Aug 18 15:58:05 UTC 2020 /home/travis/build/icyphy/ptII/ptolemy/domains/sdf/lib/test/auto/VariableLattice.xml
----------------- Instantiating /home/travis/build/icyphy/ptII/ptolemy/domains/sdf/lib/test/auto/VariableLattice.xml
3 ms. Memory: 155648K Free: 71785K (46%)
----------------- Invoking toplevel() on ptolemy.moml.MoMLSimpleApplication@5a2b3bfb
----------------- Done invoking toplevel() on ptolemy.moml.MoMLSimpleApplication@5a2b3bfb
reloadAllAccessors: .VariableLattice

===========================================================================================
----------------- testing Tue Aug 18 15:58:05 UTC 2020 /home/travis/build/icyphy/ptII/ptolemy/domains/sdf/lib/test/auto/VariableLattice2.xml
----------------- Instantiating /home/travis/build/icyphy/ptII/ptolemy/domains/sdf/lib/test/auto/VariableLattice2.xml
1.0
-1.999999602036
1.9099998677481
-0.9099996420674
0.205
0.0
0.0
1.0
-0.25
-0.5
0.0
0.0
0.0
0.0
6 ms. Memory: 155648K Free: 67175K (43%)
----------------- Invoking toplevel() on ptolemy.moml.MoMLSimpleApplication@3b2d135f
----------------- Done invoking toplevel() on ptolemy.moml.MoMLSimpleApplication@3b2d135f
reloadAllAccessors: .VariableLattice2

===========================================================================================
----------------- testing Tue Aug 18 15:58:05 UTC 2020 /home/travis/build/icyphy/ptII/ptolemy/domains/sdf/lib/test/auto/VariableRecursiveLattice.xml
----------------- Instantiating /home/travis/build/icyphy/ptII/ptolemy/domains/sdf/lib/test/auto/VariableRecursiveLattice.xml
2 ms. Memory: 155648K Free: 62569K (40%)
----------------- Invoking toplevel() on ptolemy.moml.MoMLSimpleApplication@6736eb5a
----------------- Done invoking toplevel() on ptolemy.moml.MoMLSimpleApplication@6736eb5a
reloadAllAccessors: .VariableRecursiveLattice

===========================================================================================
----------------- testing Tue Aug 18 15:58:05 UTC 2020 /home/travis/build/icyphy/ptII/ptolemy/domains/sdf/lib/test/auto/VariableRecursiveLattice2.xml
----------------- Instantiating /home/travis/build/icyphy/ptII/ptolemy/domains/sdf/lib/test/auto/VariableRecursiveLattice2.xml
2 ms. Memory: 155648K Free: 58473K (38%)
----------------- Invoking toplevel() on ptolemy.moml.MoMLSimpleApplication@575f5f2b
----------------- Done invoking toplevel() on ptolemy.moml.MoMLSimpleApplication@575f5f2b
reloadAllAccessors: .VariableRecursiveLattice2
AutoTests.java: About to close Vertx.
AutoTests.java: Vertx closed.
]]></system-out>
  <system-err><![CDATA[]]></system-err>
</testsuite>
