<?xml version="1.0" encoding="UTF-8" ?>
<testsuite errors="0" failures="0" hostname="travis-job-9c344dd6-2fa3-40e3-858a-f94bce0e4e10" name="ptolemy.domains.continuous.test.junit.JUnitTclTest" skipped="0" tests="156" time="77.521" timestamp="2019-07-19T08:40:13">
  <properties>
[...]
</properties>
  <testcase classname="ptolemy.util.test.junit.TclTests" name="[0] ThereAreNoTclTests (RunTclFile)" time="0.009" />
  <testcase classname="ptolemy.util.test.junit.AutoKnownFailedTests" name="[0] ThereAreNoKnowFailedTests (RunModel)" time="0.008" />
  <testcase classname="ptolemy.util.test.junit.AutoNameArchTests" name="[0] ThereAreNoAutoArchTests (RunModel)" time="0.024" />
  <testcase classname="ptolemy.util.test.junit.AutoTests" name="[0] /home/travis/build/icyphy/ptII/ptolemy/domains/continuous/test/auto/BouncingBall.xml (RunModel)" time="3.235" />
  <testcase classname="ptolemy.util.test.junit.AutoTests" name="[1] /home/travis/build/icyphy/ptII/ptolemy/domains/continuous/test/auto/BouncingBallWithoutGR.xml (RunModel)" time="0.969" />
  <testcase classname="ptolemy.util.test.junit.AutoTests" name="[2] /home/travis/build/icyphy/ptII/ptolemy/domains/continuous/test/auto/Brownian.xml (RunModel)" time="0.111" />
  <testcase classname="ptolemy.util.test.junit.AutoTests" name="[3] /home/travis/build/icyphy/ptII/ptolemy/domains/continuous/test/auto/CarTracking.xml (RunModel)" time="3.929" />
  <testcase classname="ptolemy.util.test.junit.AutoTests" name="[4] /home/travis/build/icyphy/ptII/ptolemy/domains/continuous/test/auto/CartPendulum.xml (RunModel)" time="0.548" />
  <testcase classname="ptolemy.util.test.junit.AutoTests" name="[5] /home/travis/build/icyphy/ptII/ptolemy/domains/continuous/test/auto/CausalityInterface10.xml (RunModel)" time="0.036" />
  <testcase classname="ptolemy.util.test.junit.AutoTests" name="[6] /home/travis/build/icyphy/ptII/ptolemy/domains/continuous/test/auto/CausalityInterface11.xml (RunModel)" time="0.022" />
  <testcase classname="ptolemy.util.test.junit.AutoTests" name="[7] /home/travis/build/icyphy/ptII/ptolemy/domains/continuous/test/auto/CausalityInterface12.xml (RunModel)" time="0.04" />
  <testcase classname="ptolemy.util.test.junit.AutoTests" name="[8] /home/travis/build/icyphy/ptII/ptolemy/domains/continuous/test/auto/CausalityInterface13.xml (RunModel)" time="0.065" />
  <testcase classname="ptolemy.util.test.junit.AutoTests" name="[9] /home/travis/build/icyphy/ptII/ptolemy/domains/continuous/test/auto/CausalityInterface14.xml (RunModel)" time="0.031" />
  <testcase classname="ptolemy.util.test.junit.AutoTests" name="[10] /home/travis/build/icyphy/ptII/ptolemy/domains/continuous/test/auto/CausalityInterface4.xml (RunModel)" time="0.034" />
  <testcase classname="ptolemy.util.test.junit.AutoTests" name="[11] /home/travis/build/icyphy/ptII/ptolemy/domains/continuous/test/auto/CausalityInterface5.xml (RunModel)" time="0.041" />
  <testcase classname="ptolemy.util.test.junit.AutoTests" name="[12] /home/travis/build/icyphy/ptII/ptolemy/domains/continuous/test/auto/CausalityInterface6.xml (RunModel)" time="0.028" />
  <testcase classname="ptolemy.util.test.junit.AutoTests" name="[13] /home/travis/build/icyphy/ptII/ptolemy/domains/continuous/test/auto/CausalityInterface7.xml (RunModel)" time="0.042" />
  <testcase classname="ptolemy.util.test.junit.AutoTests" name="[14] /home/travis/build/icyphy/ptII/ptolemy/domains/continuous/test/auto/CausalityInterface8.xml (RunModel)" time="0.033" />
  <testcase classname="ptolemy.util.test.junit.AutoTests" name="[15] /home/travis/build/icyphy/ptII/ptolemy/domains/continuous/test/auto/CausalityInterface9.xml (RunModel)" time="0.051" />
  <testcase classname="ptolemy.util.test.junit.AutoTests" name="[16] /home/travis/build/icyphy/ptII/ptolemy/domains/continuous/test/auto/CausalityInterfaceFeedback1.xml (RunModel)" time="0.028" />
  <testcase classname="ptolemy.util.test.junit.AutoTests" name="[17] /home/travis/build/icyphy/ptII/ptolemy/domains/continuous/test/auto/CausalityInterfaceFeedback2.xml (RunModel)" time="0.032" />
  <testcase classname="ptolemy.util.test.junit.AutoTests" name="[18] /home/travis/build/icyphy/ptII/ptolemy/domains/continuous/test/auto/CompareWithCurrentTime.xml (RunModel)" time="0.024" />
  <testcase classname="ptolemy.util.test.junit.AutoTests" name="[19] /home/travis/build/icyphy/ptII/ptolemy/domains/continuous/test/auto/ComparedClocks.xml (RunModel)" time="0.084" />
  <testcase classname="ptolemy.util.test.junit.AutoTests" name="[20] /home/travis/build/icyphy/ptII/ptolemy/domains/continuous/test/auto/ContinuousAOCClone.xml (RunModel)" time="2.811" />
  <testcase classname="ptolemy.util.test.junit.AutoTests" name="[21] /home/travis/build/icyphy/ptII/ptolemy/domains/continuous/test/auto/ContinuousClock.xml (RunModel)" time="0.091" />
  <testcase classname="ptolemy.util.test.junit.AutoTests" name="[22] /home/travis/build/icyphy/ptII/ptolemy/domains/continuous/test/auto/ContinuousInContinuous.xml (RunModel)" time="0.081" />
  <testcase classname="ptolemy.util.test.junit.AutoTests" name="[23] /home/travis/build/icyphy/ptII/ptolemy/domains/continuous/test/auto/ContinuousInContinuousInContinuous.xml (RunModel)" time="0.022" />
  <testcase classname="ptolemy.util.test.junit.AutoTests" name="[24] /home/travis/build/icyphy/ptII/ptolemy/domains/continuous/test/auto/ContinuousInDE.xml (RunModel)" time="0.081" />
  <testcase classname="ptolemy.util.test.junit.AutoTests" name="[25] /home/travis/build/icyphy/ptII/ptolemy/domains/continuous/test/auto/ContinuousInDE2.xml (RunModel)" time="0.05" />
  <testcase classname="ptolemy.util.test.junit.AutoTests" name="[26] /home/travis/build/icyphy/ptII/ptolemy/domains/continuous/test/auto/ContinuousInDE3.xml (RunModel)" time="0.044" />
  <testcase classname="ptolemy.util.test.junit.AutoTests" name="[27] /home/travis/build/icyphy/ptII/ptolemy/domains/continuous/test/auto/ContinuousInDE4.xml (RunModel)" time="0.027" />
  <testcase classname="ptolemy.util.test.junit.AutoTests" name="[28] /home/travis/build/icyphy/ptII/ptolemy/domains/continuous/test/auto/ContinuousInDEDifferentRefinements.xml (RunModel)" time="0.078" />
  <testcase classname="ptolemy.util.test.junit.AutoTests" name="[29] /home/travis/build/icyphy/ptII/ptolemy/domains/continuous/test/auto/ContinuousInDEDifferentRefinementsPreemptive.xml (RunModel)" time="0.08" />
  <testcase classname="ptolemy.util.test.junit.AutoTests" name="[30] /home/travis/build/icyphy/ptII/ptolemy/domains/continuous/test/auto/ContinuousInDEInContinuous2.xml (RunModel)" time="0.051" />
  <testcase classname="ptolemy.util.test.junit.AutoTests" name="[31] /home/travis/build/icyphy/ptII/ptolemy/domains/continuous/test/auto/ContinuousInDEInContinuous3.xml (RunModel)" time="0.055" />
  <testcase classname="ptolemy.util.test.junit.AutoTests" name="[32] /home/travis/build/icyphy/ptII/ptolemy/domains/continuous/test/auto/ContinuousInDEInput.xml (RunModel)" time="0.054" />
  <testcase classname="ptolemy.util.test.junit.AutoTests" name="[33] /home/travis/build/icyphy/ptII/ptolemy/domains/continuous/test/auto/ContinuousInDEInput2.xml (RunModel)" time="0.036" />
  <testcase classname="ptolemy.util.test.junit.AutoTests" name="[34] /home/travis/build/icyphy/ptII/ptolemy/domains/continuous/test/auto/ContinuousInDEInput3.xml (RunModel)" time="0.029" />
  <testcase classname="ptolemy.util.test.junit.AutoTests" name="[35] /home/travis/build/icyphy/ptII/ptolemy/domains/continuous/test/auto/ContinuousInDESharingRefinement.xml (RunModel)" time="0.163" />
  <testcase classname="ptolemy.util.test.junit.AutoTests" name="[36] /home/travis/build/icyphy/ptII/ptolemy/domains/continuous/test/auto/ContinuousInDEwithNoPorts.xml (RunModel)" time="0.016" />
  <testcase classname="ptolemy.util.test.junit.AutoTests" name="[37] /home/travis/build/icyphy/ptII/ptolemy/domains/continuous/test/auto/ContinuousInsideDE.xml (RunModel)" time="0.098" />
  <testcase classname="ptolemy.util.test.junit.AutoTests" name="[38] /home/travis/build/icyphy/ptII/ptolemy/domains/continuous/test/auto/ContinuousMerge1.xml (RunModel)" time="0.021" />
  <testcase classname="ptolemy.util.test.junit.AutoTests" name="[39] /home/travis/build/icyphy/ptII/ptolemy/domains/continuous/test/auto/ContinuousMerge2.xml (RunModel)" time="0.044" />
  <testcase classname="ptolemy.util.test.junit.AutoTests" name="[40] /home/travis/build/icyphy/ptII/ptolemy/domains/continuous/test/auto/ContinuousMerge3.xml (RunModel)" time="0.069" />
  <testcase classname="ptolemy.util.test.junit.AutoTests" name="[41] /home/travis/build/icyphy/ptII/ptolemy/domains/continuous/test/auto/ContinuousWithinContinuous.xml (RunModel)" time="0.064" />
  <testcase classname="ptolemy.util.test.junit.AutoTests" name="[42] /home/travis/build/icyphy/ptII/ptolemy/domains/continuous/test/auto/ContinuousWithinContinuous2.xml (RunModel)" time="0.097" />
  <testcase classname="ptolemy.util.test.junit.AutoTests" name="[43] /home/travis/build/icyphy/ptII/ptolemy/domains/continuous/test/auto/ContinuousWithinContinuous3.xml (RunModel)" time="0.033" />
  <testcase classname="ptolemy.util.test.junit.AutoTests" name="[44] /home/travis/build/icyphy/ptII/ptolemy/domains/continuous/test/auto/ContinuousWithinContinuous4.xml (RunModel)" time="0.102" />
  <testcase classname="ptolemy.util.test.junit.AutoTests" name="[45] /home/travis/build/icyphy/ptII/ptolemy/domains/continuous/test/auto/ContinuousWithinContinuous5.xml (RunModel)" time="0.032" />
  <testcase classname="ptolemy.util.test.junit.AutoTests" name="[46] /home/travis/build/icyphy/ptII/ptolemy/domains/continuous/test/auto/ContinuousWithinContinuous6.xml (RunModel)" time="0.032" />
  <testcase classname="ptolemy.util.test.junit.AutoTests" name="[47] /home/travis/build/icyphy/ptII/ptolemy/domains/continuous/test/auto/ContinuousWithinContinuous7.xml (RunModel)" time="0.082" />
  <testcase classname="ptolemy.util.test.junit.AutoTests" name="[48] /home/travis/build/icyphy/ptII/ptolemy/domains/continuous/test/auto/DCMotor.xml (RunModel)" time="14.914" />
  <testcase classname="ptolemy.util.test.junit.AutoTests" name="[49] /home/travis/build/icyphy/ptII/ptolemy/domains/continuous/test/auto/DEInContinuous.xml (RunModel)" time="0.042" />
  <testcase classname="ptolemy.util.test.junit.AutoTests" name="[50] /home/travis/build/icyphy/ptII/ptolemy/domains/continuous/test/auto/DEinContinuous2.xml (RunModel)" time="0.029" />
  <testcase classname="ptolemy.util.test.junit.AutoTests" name="[51] /home/travis/build/icyphy/ptII/ptolemy/domains/continuous/test/auto/Derivative.xml (RunModel)" time="0.216" />
  <testcase classname="ptolemy.util.test.junit.AutoTests" name="[52] /home/travis/build/icyphy/ptII/ptolemy/domains/continuous/test/auto/Derivative1.xml (RunModel)" time="0.057" />
  <testcase classname="ptolemy.util.test.junit.AutoTests" name="[53] /home/travis/build/icyphy/ptII/ptolemy/domains/continuous/test/auto/DiscreteClock.xml (RunModel)" time="0.013" />
  <testcase classname="ptolemy.util.test.junit.AutoTests" name="[54] /home/travis/build/icyphy/ptII/ptolemy/domains/continuous/test/auto/EfficiencyCurve.xml (RunModel)" time="0.103" />
  <testcase classname="ptolemy.util.test.junit.AutoTests" name="[55] /home/travis/build/icyphy/ptII/ptolemy/domains/continuous/test/auto/ExponentialResponse.xml (RunModel)" time="0.119" />
  <testcase classname="ptolemy.util.test.junit.AutoTests" name="[56] /home/travis/build/icyphy/ptII/ptolemy/domains/continuous/test/auto/ExponentialResponseRK45.xml (RunModel)" time="0.036" />
  <testcase classname="ptolemy.util.test.junit.AutoTests" name="[57] /home/travis/build/icyphy/ptII/ptolemy/domains/continuous/test/auto/Friction.xml (RunModel)" time="1.691" />
  <testcase classname="ptolemy.util.test.junit.AutoTests" name="[58] /home/travis/build/icyphy/ptII/ptolemy/domains/continuous/test/auto/FurutaPendulum.xml (RunModel)" time="3.648" />
  <testcase classname="ptolemy.util.test.junit.AutoTests" name="[59] /home/travis/build/icyphy/ptII/ptolemy/domains/continuous/test/auto/HierarchicalExecution.xml (RunModel)" time="2.213" />
  <testcase classname="ptolemy.util.test.junit.AutoTests" name="[60] /home/travis/build/icyphy/ptII/ptolemy/domains/continuous/test/auto/HybridPlant.xml (RunModel)" time="0.599" />
  <testcase classname="ptolemy.util.test.junit.AutoTests" name="[61] /home/travis/build/icyphy/ptII/ptolemy/domains/continuous/test/auto/Hysteresis.xml (RunModel)" time="0.178" />
  <testcase classname="ptolemy.util.test.junit.AutoTests" name="[62] /home/travis/build/icyphy/ptII/ptolemy/domains/continuous/test/auto/HysteresisWithRandomDelay.xml (RunModel)" time="0.224" />
  <testcase classname="ptolemy.util.test.junit.AutoTests" name="[63] /home/travis/build/icyphy/ptII/ptolemy/domains/continuous/test/auto/HysteresisWithRandomLosses.xml (RunModel)" time="2.41" />
  <testcase classname="ptolemy.util.test.junit.AutoTests" name="[64] /home/travis/build/icyphy/ptII/ptolemy/domains/continuous/test/auto/ImmediateTransitions.xml (RunModel)" time="0.038" />
  <testcase classname="ptolemy.util.test.junit.AutoTests" name="[65] /home/travis/build/icyphy/ptII/ptolemy/domains/continuous/test/auto/ImpulseFeedback.xml (RunModel)" time="0.019" />
  <testcase classname="ptolemy.util.test.junit.AutoTests" name="[66] /home/travis/build/icyphy/ptII/ptolemy/domains/continuous/test/auto/ImpulseFeedback2.xml (RunModel)" time="0.017" />
  <testcase classname="ptolemy.util.test.junit.AutoTests" name="[67] /home/travis/build/icyphy/ptII/ptolemy/domains/continuous/test/auto/IncreasingRatePoisson.xml (RunModel)" time="0.796" />
  <testcase classname="ptolemy.util.test.junit.AutoTests" name="[68] /home/travis/build/icyphy/ptII/ptolemy/domains/continuous/test/auto/InitialStateFeedback.xml (RunModel)" time="0.021" />
  <testcase classname="ptolemy.util.test.junit.AutoTests" name="[69] /home/travis/build/icyphy/ptII/ptolemy/domains/continuous/test/auto/Integration.xml (RunModel)" time="0.009" />
  <testcase classname="ptolemy.util.test.junit.AutoTests" name="[70] /home/travis/build/icyphy/ptII/ptolemy/domains/continuous/test/auto/Integration2.xml (RunModel)" time="0.098" />
  <testcase classname="ptolemy.util.test.junit.AutoTests" name="[71] /home/travis/build/icyphy/ptII/ptolemy/domains/continuous/test/auto/Integration3.xml (RunModel)" time="0.028" />
  <testcase classname="ptolemy.util.test.junit.AutoTests" name="[72] /home/travis/build/icyphy/ptII/ptolemy/domains/continuous/test/auto/Integration5.xml (RunModel)" time="0.011" />
  <testcase classname="ptolemy.util.test.junit.AutoTests" name="[73] /home/travis/build/icyphy/ptII/ptolemy/domains/continuous/test/auto/IntegratorImpulse.xml (RunModel)" time="0.011" />
  <testcase classname="ptolemy.util.test.junit.AutoTests" name="[74] /home/travis/build/icyphy/ptII/ptolemy/domains/continuous/test/auto/IntegratorImpulse2.xml (RunModel)" time="0.015" />
  <testcase classname="ptolemy.util.test.junit.AutoTests" name="[75] /home/travis/build/icyphy/ptII/ptolemy/domains/continuous/test/auto/LevelCrossing1.xml (RunModel)" time="0.011" />
  <testcase classname="ptolemy.util.test.junit.AutoTests" name="[76] /home/travis/build/icyphy/ptII/ptolemy/domains/continuous/test/auto/LevelCrossing2.xml (RunModel)" time="0.018" />
  <testcase classname="ptolemy.util.test.junit.AutoTests" name="[77] /home/travis/build/icyphy/ptII/ptolemy/domains/continuous/test/auto/LevelCrossing3.xml (RunModel)" time="0.014" />
  <testcase classname="ptolemy.util.test.junit.AutoTests" name="[78] /home/travis/build/icyphy/ptII/ptolemy/domains/continuous/test/auto/LevelCrossing4.xml (RunModel)" time="0.013" />
  <testcase classname="ptolemy.util.test.junit.AutoTests" name="[79] /home/travis/build/icyphy/ptII/ptolemy/domains/continuous/test/auto/LevelCrossing5.xml (RunModel)" time="0.017" />
  <testcase classname="ptolemy.util.test.junit.AutoTests" name="[80] /home/travis/build/icyphy/ptII/ptolemy/domains/continuous/test/auto/LevelCrossing6.xml (RunModel)" time="0.013" />
  <testcase classname="ptolemy.util.test.junit.AutoTests" name="[81] /home/travis/build/icyphy/ptII/ptolemy/domains/continuous/test/auto/LevelCrossingDetector.xml (RunModel)" time="0.041" />
  <testcase classname="ptolemy.util.test.junit.AutoTests" name="[82] /home/travis/build/icyphy/ptII/ptolemy/domains/continuous/test/auto/LevelCrossingDetectorDetectingDirections.xml (RunModel)" time="0.088" />
  <testcase classname="ptolemy.util.test.junit.AutoTests" name="[83] /home/travis/build/icyphy/ptII/ptolemy/domains/continuous/test/auto/LevelCrossingDetectorDetectsGlitches.xml (RunModel)" time="0.062" />
  <testcase classname="ptolemy.util.test.junit.AutoTests" name="[84] /home/travis/build/icyphy/ptII/ptolemy/domains/continuous/test/auto/LevelCrossingNoInitialOuput.xml (RunModel)" time="0.014" />
  <testcase classname="ptolemy.util.test.junit.AutoTests" name="[85] /home/travis/build/icyphy/ptII/ptolemy/domains/continuous/test/auto/LinearStateSpaceExample.xml (RunModel)" time="0.063" />
  <testcase classname="ptolemy.util.test.junit.AutoTests" name="[86] /home/travis/build/icyphy/ptII/ptolemy/domains/continuous/test/auto/Lorenz.xml (RunModel)" time="4.11" />
  <testcase classname="ptolemy.util.test.junit.AutoTests" name="[87] /home/travis/build/icyphy/ptII/ptolemy/domains/continuous/test/auto/LorenzDifferentialSystem.xml (RunModel)" time="0.981" />
  <testcase classname="ptolemy.util.test.junit.AutoTests" name="[88] /home/travis/build/icyphy/ptII/ptolemy/domains/continuous/test/auto/LorenzDifferentialSystemWithInput.xml (RunModel)" time="1.381" />
  <testcase classname="ptolemy.util.test.junit.AutoTests" name="[89] /home/travis/build/icyphy/ptII/ptolemy/domains/continuous/test/auto/LorenzDifferentialSystemWithTime.xml (RunModel)" time="0.904" />
  <testcase classname="ptolemy.util.test.junit.AutoTests" name="[90] /home/travis/build/icyphy/ptII/ptolemy/domains/continuous/test/auto/Microsteps.xml (RunModel)" time="0.017" />
  <testcase classname="ptolemy.util.test.junit.AutoTests" name="[91] /home/travis/build/icyphy/ptII/ptolemy/domains/continuous/test/auto/Modal1.xml (RunModel)" time="0.032" />
  <testcase classname="ptolemy.util.test.junit.AutoTests" name="[92] /home/travis/build/icyphy/ptII/ptolemy/domains/continuous/test/auto/Modal2.xml (RunModel)" time="0.046" />
  <testcase classname="ptolemy.util.test.junit.AutoTests" name="[93] /home/travis/build/icyphy/ptII/ptolemy/domains/continuous/test/auto/ModalTransitionGuardWithReset.xml (RunModel)" time="0.03" />
  <testcase classname="ptolemy.util.test.junit.AutoTests" name="[94] /home/travis/build/icyphy/ptII/ptolemy/domains/continuous/test/auto/ModalTransitionGuardWithResetUsingPreemptiveTransition.xml (RunModel)" time="0.028" />
  <testcase classname="ptolemy.util.test.junit.AutoTests" name="[95] /home/travis/build/icyphy/ptII/ptolemy/domains/continuous/test/auto/ModalTransitionGuardWithResetUsingPreemptiveTransition2.xml (RunModel)" time="0.029" />
  <testcase classname="ptolemy.util.test.junit.AutoTests" name="[96] /home/travis/build/icyphy/ptII/ptolemy/domains/continuous/test/auto/ModalTransitionGuardWithResetUsingPreemptiveTransition3.xml (RunModel)" time="0.029" />
  <testcase classname="ptolemy.util.test.junit.AutoTests" name="[97] /home/travis/build/icyphy/ptII/ptolemy/domains/continuous/test/auto/NewtonsCradle.xml (RunModel)" time="0.792" />
  <testcase classname="ptolemy.util.test.junit.AutoTests" name="[98] /home/travis/build/icyphy/ptII/ptolemy/domains/continuous/test/auto/NewtonsCradleAnimated.xml (RunModel)" time="1.33" />
  <testcase classname="ptolemy.util.test.junit.AutoTests" name="[99] /home/travis/build/icyphy/ptII/ptolemy/domains/continuous/test/auto/NewtonsCradleComplicated.xml (RunModel)" time="1.016" />
  <testcase classname="ptolemy.util.test.junit.AutoTests" name="[100] /home/travis/build/icyphy/ptII/ptolemy/domains/continuous/test/auto/NewtonsCradleNondeterministic.xml (RunModel)" time="0.657" />
  <testcase classname="ptolemy.util.test.junit.AutoTests" name="[101] /home/travis/build/icyphy/ptII/ptolemy/domains/continuous/test/auto/NewtonsCradlePerfectlyInelastic1.xml (RunModel)" time="1.288" />
  <testcase classname="ptolemy.util.test.junit.AutoTests" name="[102] /home/travis/build/icyphy/ptII/ptolemy/domains/continuous/test/auto/Noise.xml (RunModel)" time="0.187" />
  <testcase classname="ptolemy.util.test.junit.AutoTests" name="[103] /home/travis/build/icyphy/ptII/ptolemy/domains/continuous/test/auto/NoiseSpectrum.xml (RunModel)" time="0.858" />
  <testcase classname="ptolemy.util.test.junit.AutoTests" name="[104] /home/travis/build/icyphy/ptII/ptolemy/domains/continuous/test/auto/ParameterizedNewtonsCradleAnimated.xml (RunModel)" time="0.364" />
  <testcase classname="ptolemy.util.test.junit.AutoTests" name="[105] /home/travis/build/icyphy/ptII/ptolemy/domains/continuous/test/auto/ParameterizedNewtonsCradleAnimatedNondeterministic.xml (RunModel)" time="1.12" />
  <testcase classname="ptolemy.util.test.junit.AutoTests" name="[106] /home/travis/build/icyphy/ptII/ptolemy/domains/continuous/test/auto/Pendulum3D.xml (RunModel)" time="0.174" />
  <testcase classname="ptolemy.util.test.junit.AutoTests" name="[107] /home/travis/build/icyphy/ptII/ptolemy/domains/continuous/test/auto/PeriodicSampler.xml (RunModel)" time="0.011" />
  <testcase classname="ptolemy.util.test.junit.AutoTests" name="[108] /home/travis/build/icyphy/ptII/ptolemy/domains/continuous/test/auto/PeriodicSampler1.xml (RunModel)" time="0.043" />
  <testcase classname="ptolemy.util.test.junit.AutoTests" name="[109] /home/travis/build/icyphy/ptII/ptolemy/domains/continuous/test/auto/PeriodicSampler2.xml (RunModel)" time="0.081" />
  <testcase classname="ptolemy.util.test.junit.AutoTests" name="[110] /home/travis/build/icyphy/ptII/ptolemy/domains/continuous/test/auto/Poisson.xml (RunModel)" time="0.453" />
  <testcase classname="ptolemy.util.test.junit.AutoTests" name="[111] /home/travis/build/icyphy/ptII/ptolemy/domains/continuous/test/auto/PoissonClock.xml (RunModel)" time="0.015" />
  <testcase classname="ptolemy.util.test.junit.AutoTests" name="[112] /home/travis/build/icyphy/ptII/ptolemy/domains/continuous/test/auto/PoissonClock2.xml (RunModel)" time="0.015" />
  <testcase classname="ptolemy.util.test.junit.AutoTests" name="[113] /home/travis/build/icyphy/ptII/ptolemy/domains/continuous/test/auto/PortParameterHierarchy.xml (RunModel)" time="0.025" />
  <testcase classname="ptolemy.util.test.junit.AutoTests" name="[114] /home/travis/build/icyphy/ptII/ptolemy/domains/continuous/test/auto/RandomHybridPlant.xml (RunModel)" time="0.583" />
  <testcase classname="ptolemy.util.test.junit.AutoTests" name="[115] /home/travis/build/icyphy/ptII/ptolemy/domains/continuous/test/auto/ResetTransitionWithStartTime1.xml (RunModel)" time="0.029" />
  <testcase classname="ptolemy.util.test.junit.AutoTests" name="[116] /home/travis/build/icyphy/ptII/ptolemy/domains/continuous/test/auto/ResetTransitionWithStartTime2.xml (RunModel)" time="0.038" />
  <testcase classname="ptolemy.util.test.junit.AutoTests" name="[117] /home/travis/build/icyphy/ptII/ptolemy/domains/continuous/test/auto/ResetTransitionWithStartTime3.xml (RunModel)" time="0.037" />
  <testcase classname="ptolemy.util.test.junit.AutoTests" name="[118] /home/travis/build/icyphy/ptII/ptolemy/domains/continuous/test/auto/ResetTransitionWithStartTime4.xml (RunModel)" time="0.027" />
  <testcase classname="ptolemy.util.test.junit.AutoTests" name="[119] /home/travis/build/icyphy/ptII/ptolemy/domains/continuous/test/auto/ResetTransitionWithStartTime5.xml (RunModel)" time="0.036" />
  <testcase classname="ptolemy.util.test.junit.AutoTests" name="[120] /home/travis/build/icyphy/ptII/ptolemy/domains/continuous/test/auto/ResetTransitionWithStartTime6.xml (RunModel)" time="0.029" />
  <testcase classname="ptolemy.util.test.junit.AutoTests" name="[121] /home/travis/build/icyphy/ptII/ptolemy/domains/continuous/test/auto/SRinContinuous.xml (RunModel)" time="0.023" />
  <testcase classname="ptolemy.util.test.junit.AutoTests" name="[122] /home/travis/build/icyphy/ptII/ptolemy/domains/continuous/test/auto/SampledClocks.xml (RunModel)" time="0.033" />
  <testcase classname="ptolemy.util.test.junit.AutoTests" name="[123] /home/travis/build/icyphy/ptII/ptolemy/domains/continuous/test/auto/Satellite.xml (RunModel)" time="0.959" />
  <testcase classname="ptolemy.util.test.junit.AutoTests" name="[124] /home/travis/build/icyphy/ptII/ptolemy/domains/continuous/test/auto/SigmaDelta.xml (RunModel)" time="2.507" />
  <testcase classname="ptolemy.util.test.junit.AutoTests" name="[125] /home/travis/build/icyphy/ptII/ptolemy/domains/continuous/test/auto/SingleRefinement.xml (RunModel)" time="0.42" />
  <testcase classname="ptolemy.util.test.junit.AutoTests" name="[126] /home/travis/build/icyphy/ptII/ptolemy/domains/continuous/test/auto/SinuBouncingBall.xml (RunModel)" time="0.889" />
  <testcase classname="ptolemy.util.test.junit.AutoTests" name="[127] /home/travis/build/icyphy/ptII/ptolemy/domains/continuous/test/auto/Sinusoid.xml (RunModel)" time="0.011" />
  <testcase classname="ptolemy.util.test.junit.AutoTests" name="[128] /home/travis/build/icyphy/ptII/ptolemy/domains/continuous/test/auto/SinusoidInNoise.xml (RunModel)" time="1.046" />
  <testcase classname="ptolemy.util.test.junit.AutoTests" name="[129] /home/travis/build/icyphy/ptII/ptolemy/domains/continuous/test/auto/SinusoidRK45.xml (RunModel)" time="0.01" />
  <testcase classname="ptolemy.util.test.junit.AutoTests" name="[130] /home/travis/build/icyphy/ptII/ptolemy/domains/continuous/test/auto/SinusoidWithMultipleImpulses.xml (RunModel)" time="0.012" />
  <testcase classname="ptolemy.util.test.junit.AutoTests" name="[131] /home/travis/build/icyphy/ptII/ptolemy/domains/continuous/test/auto/SquareWave.xml (RunModel)" time="0.201" />
  <testcase classname="ptolemy.util.test.junit.AutoTests" name="[132] /home/travis/build/icyphy/ptII/ptolemy/domains/continuous/test/auto/Starmac.xml (RunModel)" time="3.373" />
  <testcase classname="ptolemy.util.test.junit.AutoTests" name="[133] /home/travis/build/icyphy/ptII/ptolemy/domains/continuous/test/auto/StaticUnits.xml (RunModel)" time="2.668" />
  <testcase classname="ptolemy.util.test.junit.AutoTests" name="[134] /home/travis/build/icyphy/ptII/ptolemy/domains/continuous/test/auto/StickyMasses.xml (RunModel)" time="0.189" />
  <testcase classname="ptolemy.util.test.junit.AutoTests" name="[135] /home/travis/build/icyphy/ptII/ptolemy/domains/continuous/test/auto/StopTime.xml (RunModel)" time="0.076" />
  <testcase classname="ptolemy.util.test.junit.AutoTests" name="[136] /home/travis/build/icyphy/ptII/ptolemy/domains/continuous/test/auto/StopTime2.xml (RunModel)" time="0.056" />
  <testcase classname="ptolemy.util.test.junit.AutoTests" name="[137] /home/travis/build/icyphy/ptII/ptolemy/domains/continuous/test/auto/Switch.xml (RunModel)" time="0.066" />
  <testcase classname="ptolemy.util.test.junit.AutoTests" name="[138] /home/travis/build/icyphy/ptII/ptolemy/domains/continuous/test/auto/Thermostat.xml (RunModel)" time="0.227" />
  <testcase classname="ptolemy.util.test.junit.AutoTests" name="[139] /home/travis/build/icyphy/ptII/ptolemy/domains/continuous/test/auto/TimeDelay.xml (RunModel)" time="0.014" />
  <testcase classname="ptolemy.util.test.junit.AutoTests" name="[140] /home/travis/build/icyphy/ptII/ptolemy/domains/continuous/test/auto/TimeDelay2.xml (RunModel)" time="0.024" />
  <testcase classname="ptolemy.util.test.junit.AutoTests" name="[141] /home/travis/build/icyphy/ptII/ptolemy/domains/continuous/test/auto/TimeDelay3.xml (RunModel)" time="0.012" />
  <testcase classname="ptolemy.util.test.junit.AutoTests" name="[142] /home/travis/build/icyphy/ptII/ptolemy/domains/continuous/test/auto/TransferAbsentToInside.xml (RunModel)" time="0.12" />
  <testcase classname="ptolemy.util.test.junit.AutoTests" name="[143] /home/travis/build/icyphy/ptII/ptolemy/domains/continuous/test/auto/Transmission.xml (RunModel)" time="0.794" />
  <testcase classname="ptolemy.util.test.junit.AutoTests" name="[144] /home/travis/build/icyphy/ptII/ptolemy/domains/continuous/test/auto/TriggeredContinuousClock.xml (RunModel)" time="0.07" />
  <testcase classname="ptolemy.util.test.junit.AutoTests" name="[145] /home/travis/build/icyphy/ptII/ptolemy/domains/continuous/test/auto/TwoMachineInfiniteBusControl.xml (RunModel)" time="3.134" />
  <testcase classname="ptolemy.util.test.junit.AutoTests" name="[146] /home/travis/build/icyphy/ptII/ptolemy/domains/continuous/test/auto/V2V.xml (RunModel)" time="0.78" />
  <testcase classname="ptolemy.util.test.junit.AutoTests" name="[147] /home/travis/build/icyphy/ptII/ptolemy/domains/continuous/test/auto/hierarchicalModalModel.xml (RunModel)" time="0.028" />
  <testcase classname="ptolemy.util.test.junit.AutoTests" name="[148] /home/travis/build/icyphy/ptII/ptolemy/domains/continuous/test/auto/hierarchicalModalModel1.xml (RunModel)" time="0.027" />
  <testcase classname="ptolemy.util.test.junit.AutoTests" name="[149] /home/travis/build/icyphy/ptII/ptolemy/domains/continuous/test/auto/hierarchicalModalModel2.xml (RunModel)" time="0.026" />
  <testcase classname="ptolemy.util.test.junit.AutoTests" name="[150] /home/travis/build/icyphy/ptII/ptolemy/domains/continuous/test/auto/hierarchicalModalModel3.xml (RunModel)" time="0.021" />
  <testcase classname="ptolemy.util.test.junit.AutoTests" name="[151] /home/travis/build/icyphy/ptII/ptolemy/domains/continuous/test/auto/hierarchicalModalModel4.xml (RunModel)" time="0.023" />
  <testcase classname="ptolemy.util.test.junit.AutoTests" name="[152] /home/travis/build/icyphy/ptII/ptolemy/domains/continuous/test/auto/junk.xml (RunModel)" time="0.16" />
  <system-out><![CDATA[No tcl tests in /home/travis/build/icyphy/ptII/ptolemy/domains/continuous/test
No auto/knownFailedTests/*.xml tests in /home/travis/build/icyphy/ptII/ptolemy/domains/continuous/test
No auto/linux-amd64/*.xml tests in /home/travis/build/icyphy/ptII/ptolemy/domains/continuous/test
AutoTests.java: About to close Vertx.
AutoTests.java: Vertx closed.

===========================================================================================
----------------- testing Fri Jul 19 08:40:13 UTC 2019 /home/travis/build/icyphy/ptII/ptolemy/domains/continuous/test/auto/BouncingBall.xml
----------------- Instantiating /home/travis/build/icyphy/ptII/ptolemy/domains/continuous/test/auto/BouncingBall.xml
2550 ms. Memory: 187392K Free: 127886K (68%)
----------------- Invoking toplevel() on ptolemy.moml.MoMLSimpleApplication@a9e1b8b
----------------- Done invoking toplevel() on ptolemy.moml.MoMLSimpleApplication@a9e1b8b
reloadAllAccessors: .BouncingBall

===========================================================================================
----------------- testing Fri Jul 19 08:40:16 UTC 2019 /home/travis/build/icyphy/ptII/ptolemy/domains/continuous/test/auto/BouncingBallWithoutGR.xml
----------------- Instantiating /home/travis/build/icyphy/ptII/ptolemy/domains/continuous/test/auto/BouncingBallWithoutGR.xml
862 ms. Memory: 187392K Free: 166778K (89%)
----------------- Invoking toplevel() on ptolemy.moml.MoMLSimpleApplication@a0be141
----------------- Done invoking toplevel() on ptolemy.moml.MoMLSimpleApplication@a0be141
reloadAllAccessors: .BouncingBallWithoutGR

===========================================================================================
----------------- testing Fri Jul 19 08:40:17 UTC 2019 /home/travis/build/icyphy/ptII/ptolemy/domains/continuous/test/auto/Brownian.xml
----------------- Instantiating /home/travis/build/icyphy/ptII/ptolemy/domains/continuous/test/auto/Brownian.xml
34 ms. Memory: 187392K Free: 158072K (84%)
----------------- Invoking toplevel() on ptolemy.moml.MoMLSimpleApplication@244b0188
----------------- Done invoking toplevel() on ptolemy.moml.MoMLSimpleApplication@244b0188
reloadAllAccessors: .Brownian

===========================================================================================
----------------- testing Fri Jul 19 08:40:18 UTC 2019 /home/travis/build/icyphy/ptII/ptolemy/domains/continuous/test/auto/CarTracking.xml
----------------- Instantiating /home/travis/build/icyphy/ptII/ptolemy/domains/continuous/test/auto/CarTracking.xml
3450 ms. Memory: 225280K Free: 190415K (85%)
----------------- Invoking toplevel() on ptolemy.moml.MoMLSimpleApplication@59a094b
----------------- Done invoking toplevel() on ptolemy.moml.MoMLSimpleApplication@59a094b
reloadAllAccessors: .CarTracking

===========================================================================================
----------------- testing Fri Jul 19 08:40:21 UTC 2019 /home/travis/build/icyphy/ptII/ptolemy/domains/continuous/test/auto/CartPendulum.xml
----------------- Instantiating /home/travis/build/icyphy/ptII/ptolemy/domains/continuous/test/auto/CartPendulum.xml
423 ms. Memory: 225280K Free: 98765K (44%)
----------------- Invoking toplevel() on ptolemy.moml.MoMLSimpleApplication@311a78b6
----------------- Done invoking toplevel() on ptolemy.moml.MoMLSimpleApplication@311a78b6
reloadAllAccessors: .CartPendulum

===========================================================================================
----------------- testing Fri Jul 19 08:40:22 UTC 2019 /home/travis/build/icyphy/ptII/ptolemy/domains/continuous/test/auto/CausalityInterface10.xml
----------------- Instantiating /home/travis/build/icyphy/ptII/ptolemy/domains/continuous/test/auto/CausalityInterface10.xml
6 ms. Memory: 225280K Free: 88525K (39%)
----------------- Invoking toplevel() on ptolemy.moml.MoMLSimpleApplication@60b07d85
----------------- Done invoking toplevel() on ptolemy.moml.MoMLSimpleApplication@60b07d85
reloadAllAccessors: .CausalityInterface10

===========================================================================================
----------------- testing Fri Jul 19 08:40:22 UTC 2019 /home/travis/build/icyphy/ptII/ptolemy/domains/continuous/test/auto/CausalityInterface11.xml
----------------- Instantiating /home/travis/build/icyphy/ptII/ptolemy/domains/continuous/test/auto/CausalityInterface11.xml
4 ms. Memory: 225280K Free: 82367K (37%)
----------------- Invoking toplevel() on ptolemy.moml.MoMLSimpleApplication@2cdd7fa3
----------------- Done invoking toplevel() on ptolemy.moml.MoMLSimpleApplication@2cdd7fa3
reloadAllAccessors: .CausalityInterface11

===========================================================================================
----------------- testing Fri Jul 19 08:40:22 UTC 2019 /home/travis/build/icyphy/ptII/ptolemy/domains/continuous/test/auto/CausalityInterface12.xml
----------------- Instantiating /home/travis/build/icyphy/ptII/ptolemy/domains/continuous/test/auto/CausalityInterface12.xml
11 ms. Memory: 270336K Free: 254168K (94%)
----------------- Invoking toplevel() on ptolemy.moml.MoMLSimpleApplication@7e40ed40
----------------- Done invoking toplevel() on ptolemy.moml.MoMLSimpleApplication@7e40ed40
reloadAllAccessors: .CausalityInterface12

===========================================================================================
----------------- testing Fri Jul 19 08:40:22 UTC 2019 /home/travis/build/icyphy/ptII/ptolemy/domains/continuous/test/auto/CausalityInterface13.xml
----------------- Instantiating /home/travis/build/icyphy/ptII/ptolemy/domains/continuous/test/auto/CausalityInterface13.xml
12 ms. Memory: 270336K Free: 248010K (92%)
----------------- Invoking toplevel() on ptolemy.moml.MoMLSimpleApplication@7bb1dab3
----------------- Done invoking toplevel() on ptolemy.moml.MoMLSimpleApplication@7bb1dab3
reloadAllAccessors: .CausalityInterface13

===========================================================================================
----------------- testing Fri Jul 19 08:40:22 UTC 2019 /home/travis/build/icyphy/ptII/ptolemy/domains/continuous/test/auto/CausalityInterface14.xml
----------------- Instantiating /home/travis/build/icyphy/ptII/ptolemy/domains/continuous/test/auto/CausalityInterface14.xml
6 ms. Memory: 270336K Free: 242394K (90%)
----------------- Invoking toplevel() on ptolemy.moml.MoMLSimpleApplication@6238934b
----------------- Done invoking toplevel() on ptolemy.moml.MoMLSimpleApplication@6238934b
reloadAllAccessors: .CausalityInterface14

===========================================================================================
----------------- testing Fri Jul 19 08:40:22 UTC 2019 /home/travis/build/icyphy/ptII/ptolemy/domains/continuous/test/auto/CausalityInterface4.xml
----------------- Instantiating /home/travis/build/icyphy/ptII/ptolemy/domains/continuous/test/auto/CausalityInterface4.xml
7 ms. Memory: 270336K Free: 235226K (87%)
----------------- Invoking toplevel() on ptolemy.moml.MoMLSimpleApplication@49e081c5
----------------- Done invoking toplevel() on ptolemy.moml.MoMLSimpleApplication@49e081c5
reloadAllAccessors: .CausalityInterface4

===========================================================================================
----------------- testing Fri Jul 19 08:40:22 UTC 2019 /home/travis/build/icyphy/ptII/ptolemy/domains/continuous/test/auto/CausalityInterface5.xml
----------------- Instantiating /home/travis/build/icyphy/ptII/ptolemy/domains/continuous/test/auto/CausalityInterface5.xml
10 ms. Memory: 270336K Free: 227034K (84%)
----------------- Invoking toplevel() on ptolemy.moml.MoMLSimpleApplication@44b30e92
----------------- Done invoking toplevel() on ptolemy.moml.MoMLSimpleApplication@44b30e92
reloadAllAccessors: .CausalityInterface5

===========================================================================================
----------------- testing Fri Jul 19 08:40:22 UTC 2019 /home/travis/build/icyphy/ptII/ptolemy/domains/continuous/test/auto/CausalityInterface6.xml
----------------- Instantiating /home/travis/build/icyphy/ptII/ptolemy/domains/continuous/test/auto/CausalityInterface6.xml
5 ms. Memory: 270336K Free: 221386K (82%)
----------------- Invoking toplevel() on ptolemy.moml.MoMLSimpleApplication@26ed42b5
----------------- Done invoking toplevel() on ptolemy.moml.MoMLSimpleApplication@26ed42b5
reloadAllAccessors: .CausalityInterface6

===========================================================================================
----------------- testing Fri Jul 19 08:40:22 UTC 2019 /home/travis/build/icyphy/ptII/ptolemy/domains/continuous/test/auto/CausalityInterface7.xml
----------------- Instantiating /home/travis/build/icyphy/ptII/ptolemy/domains/continuous/test/auto/CausalityInterface7.xml
10 ms. Memory: 270336K Free: 212698K (79%)
----------------- Invoking toplevel() on ptolemy.moml.MoMLSimpleApplication@38fbb8d1
----------------- Done invoking toplevel() on ptolemy.moml.MoMLSimpleApplication@38fbb8d1
reloadAllAccessors: .CausalityInterface7

===========================================================================================
----------------- testing Fri Jul 19 08:40:22 UTC 2019 /home/travis/build/icyphy/ptII/ptolemy/domains/continuous/test/auto/CausalityInterface8.xml
----------------- Instantiating /home/travis/build/icyphy/ptII/ptolemy/domains/continuous/test/auto/CausalityInterface8.xml
6 ms. Memory: 270336K Free: 203482K (75%)
----------------- Invoking toplevel() on ptolemy.moml.MoMLSimpleApplication@36a70690
----------------- Done invoking toplevel() on ptolemy.moml.MoMLSimpleApplication@36a70690
reloadAllAccessors: .CausalityInterface8

===========================================================================================
----------------- testing Fri Jul 19 08:40:22 UTC 2019 /home/travis/build/icyphy/ptII/ptolemy/domains/continuous/test/auto/CausalityInterface9.xml
----------------- Instantiating /home/travis/build/icyphy/ptII/ptolemy/domains/continuous/test/auto/CausalityInterface9.xml
11 ms. Memory: 270336K Free: 192728K (71%)
----------------- Invoking toplevel() on ptolemy.moml.MoMLSimpleApplication@34deeffe
----------------- Done invoking toplevel() on ptolemy.moml.MoMLSimpleApplication@34deeffe
reloadAllAccessors: .CausalityInterface9

===========================================================================================
----------------- testing Fri Jul 19 08:40:22 UTC 2019 /home/travis/build/icyphy/ptII/ptolemy/domains/continuous/test/auto/CausalityInterfaceFeedback1.xml
----------------- Instantiating /home/travis/build/icyphy/ptII/ptolemy/domains/continuous/test/auto/CausalityInterfaceFeedback1.xml
6 ms. Memory: 270336K Free: 186584K (69%)
----------------- Invoking toplevel() on ptolemy.moml.MoMLSimpleApplication@4cba8eb2
----------------- Done invoking toplevel() on ptolemy.moml.MoMLSimpleApplication@4cba8eb2
reloadAllAccessors: .CausalityInterfaceFeedback1

===========================================================================================
----------------- testing Fri Jul 19 08:40:22 UTC 2019 /home/travis/build/icyphy/ptII/ptolemy/domains/continuous/test/auto/CausalityInterfaceFeedback2.xml
----------------- Instantiating /home/travis/build/icyphy/ptII/ptolemy/domains/continuous/test/auto/CausalityInterfaceFeedback2.xml
4 ms. Memory: 270336K Free: 179930K (67%)
----------------- Invoking toplevel() on ptolemy.moml.MoMLSimpleApplication@440204df
----------------- Done invoking toplevel() on ptolemy.moml.MoMLSimpleApplication@440204df
reloadAllAccessors: .CausalityInterfaceFeedback2

===========================================================================================
----------------- testing Fri Jul 19 08:40:23 UTC 2019 /home/travis/build/icyphy/ptII/ptolemy/domains/continuous/test/auto/CompareWithCurrentTime.xml
----------------- Instantiating /home/travis/build/icyphy/ptII/ptolemy/domains/continuous/test/auto/CompareWithCurrentTime.xml
3 ms. Memory: 270336K Free: 175834K (65%)
----------------- Invoking toplevel() on ptolemy.moml.MoMLSimpleApplication@be691ff
----------------- Done invoking toplevel() on ptolemy.moml.MoMLSimpleApplication@be691ff
reloadAllAccessors: .CompareWithCurrentTime

===========================================================================================
----------------- testing Fri Jul 19 08:40:23 UTC 2019 /home/travis/build/icyphy/ptII/ptolemy/domains/continuous/test/auto/ComparedClocks.xml
----------------- Instantiating /home/travis/build/icyphy/ptII/ptolemy/domains/continuous/test/auto/ComparedClocks.xml
8 ms. Memory: 270336K Free: 160474K (59%)
----------------- Invoking toplevel() on ptolemy.moml.MoMLSimpleApplication@41a6203c
----------------- Done invoking toplevel() on ptolemy.moml.MoMLSimpleApplication@41a6203c
reloadAllAccessors: .ComparedClocks

===========================================================================================
----------------- testing Fri Jul 19 08:40:23 UTC 2019 /home/travis/build/icyphy/ptII/ptolemy/domains/continuous/test/auto/ContinuousAOCClone.xml
----------------- Instantiating /home/travis/build/icyphy/ptII/ptolemy/domains/continuous/test/auto/ContinuousAOCClone.xml
2624 ms. Memory: 270336K Free: 116633K (43%)
----------------- Invoking toplevel() on ptolemy.moml.MoMLSimpleApplication@745280a2
----------------- Done invoking toplevel() on ptolemy.moml.MoMLSimpleApplication@745280a2
reloadAllAccessors: .ContinuousAOCClone

===========================================================================================
----------------- testing Fri Jul 19 08:40:25 UTC 2019 /home/travis/build/icyphy/ptII/ptolemy/domains/continuous/test/auto/ContinuousClock.xml
----------------- Instantiating /home/travis/build/icyphy/ptII/ptolemy/domains/continuous/test/auto/ContinuousClock.xml
32 ms. Memory: 270336K Free: 255663K (95%)
----------------- Invoking toplevel() on ptolemy.moml.MoMLSimpleApplication@3a5adc8d
----------------- Done invoking toplevel() on ptolemy.moml.MoMLSimpleApplication@3a5adc8d
reloadAllAccessors: .ContinuousClock

===========================================================================================
----------------- testing Fri Jul 19 08:40:26 UTC 2019 /home/travis/build/icyphy/ptII/ptolemy/domains/continuous/test/auto/ContinuousInContinuous.xml
----------------- Instantiating /home/travis/build/icyphy/ptII/ptolemy/domains/continuous/test/auto/ContinuousInContinuous.xml
40 ms. Memory: 270336K Free: 231811K (86%)
----------------- Invoking toplevel() on ptolemy.moml.MoMLSimpleApplication@3c365f47
----------------- Done invoking toplevel() on ptolemy.moml.MoMLSimpleApplication@3c365f47
reloadAllAccessors: .ContinuousInContinuous

===========================================================================================
----------------- testing Fri Jul 19 08:40:26 UTC 2019 /home/travis/build/icyphy/ptII/ptolemy/domains/continuous/test/auto/ContinuousInContinuousInContinuous.xml
----------------- Instantiating /home/travis/build/icyphy/ptII/ptolemy/domains/continuous/test/auto/ContinuousInContinuousInContinuous.xml
5 ms. Memory: 270336K Free: 224129K (83%)
----------------- Invoking toplevel() on ptolemy.moml.MoMLSimpleApplication@2ab45c7c
----------------- Done invoking toplevel() on ptolemy.moml.MoMLSimpleApplication@2ab45c7c
reloadAllAccessors: .ContinuousInContinuousInContinuous

===========================================================================================
----------------- testing Fri Jul 19 08:40:26 UTC 2019 /home/travis/build/icyphy/ptII/ptolemy/domains/continuous/test/auto/ContinuousInDE.xml
----------------- Instantiating /home/travis/build/icyphy/ptII/ptolemy/domains/continuous/test/auto/ContinuousInDE.xml
62 ms. Memory: 270336K Free: 213889K (79%)
----------------- Invoking toplevel() on ptolemy.moml.MoMLSimpleApplication@468aad2b
----------------- Done invoking toplevel() on ptolemy.moml.MoMLSimpleApplication@468aad2b
reloadAllAccessors: .ContinuousInDE

===========================================================================================
----------------- testing Fri Jul 19 08:40:26 UTC 2019 /home/travis/build/icyphy/ptII/ptolemy/domains/continuous/test/auto/ContinuousInDE2.xml
----------------- Instantiating /home/travis/build/icyphy/ptII/ptolemy/domains/continuous/test/auto/ContinuousInDE2.xml
38 ms. Memory: 270336K Free: 204163K (76%)
----------------- Invoking toplevel() on ptolemy.moml.MoMLSimpleApplication@48f729d2
----------------- Done invoking toplevel() on ptolemy.moml.MoMLSimpleApplication@48f729d2
reloadAllAccessors: .ContinuousInDE2

===========================================================================================
----------------- testing Fri Jul 19 08:40:26 UTC 2019 /home/travis/build/icyphy/ptII/ptolemy/domains/continuous/test/auto/ContinuousInDE3.xml
----------------- Instantiating /home/travis/build/icyphy/ptII/ptolemy/domains/continuous/test/auto/ContinuousInDE3.xml
33 ms. Memory: 270336K Free: 194433K (72%)
----------------- Invoking toplevel() on ptolemy.moml.MoMLSimpleApplication@29d58359
----------------- Done invoking toplevel() on ptolemy.moml.MoMLSimpleApplication@29d58359
reloadAllAccessors: .ContinuousInDE3

===========================================================================================
----------------- testing Fri Jul 19 08:40:26 UTC 2019 /home/travis/build/icyphy/ptII/ptolemy/domains/continuous/test/auto/ContinuousInDE4.xml
----------------- Instantiating /home/travis/build/icyphy/ptII/ptolemy/domains/continuous/test/auto/ContinuousInDE4.xml
12 ms. Memory: 270336K Free: 188289K (70%)
----------------- Invoking toplevel() on ptolemy.moml.MoMLSimpleApplication@3f964e34
----------------- Done invoking toplevel() on ptolemy.moml.MoMLSimpleApplication@3f964e34
reloadAllAccessors: .ContinuousInDE4

===========================================================================================
----------------- testing Fri Jul 19 08:40:26 UTC 2019 /home/travis/build/icyphy/ptII/ptolemy/domains/continuous/test/auto/ContinuousInDEDifferentRefinements.xml
----------------- Instantiating /home/travis/build/icyphy/ptII/ptolemy/domains/continuous/test/auto/ContinuousInDEDifferentRefinements.xml
44 ms. Memory: 270336K Free: 157059K (58%)
----------------- Invoking toplevel() on ptolemy.moml.MoMLSimpleApplication@21a42f37
----------------- Done invoking toplevel() on ptolemy.moml.MoMLSimpleApplication@21a42f37
reloadAllAccessors: .ContinuousInDEDifferentRefinements

===========================================================================================
----------------- testing Fri Jul 19 08:40:26 UTC 2019 /home/travis/build/icyphy/ptII/ptolemy/domains/continuous/test/auto/ContinuousInDEDifferentRefinementsPreemptive.xml
----------------- Instantiating /home/travis/build/icyphy/ptII/ptolemy/domains/continuous/test/auto/ContinuousInDEDifferentRefinementsPreemptive.xml
40 ms. Memory: 270336K Free: 126339K (47%)
----------------- Invoking toplevel() on ptolemy.moml.MoMLSimpleApplication@fdc8a25
----------------- Done invoking toplevel() on ptolemy.moml.MoMLSimpleApplication@fdc8a25
reloadAllAccessors: .ContinuousInDEDifferentRefinementsPreemptive

===========================================================================================
----------------- testing Fri Jul 19 08:40:26 UTC 2019 /home/travis/build/icyphy/ptII/ptolemy/domains/continuous/test/auto/ContinuousInDEInContinuous2.xml
----------------- Instantiating /home/travis/build/icyphy/ptII/ptolemy/domains/continuous/test/auto/ContinuousInDEInContinuous2.xml
32 ms. Memory: 270336K Free: 114561K (42%)
----------------- Invoking toplevel() on ptolemy.moml.MoMLSimpleApplication@48a29b8b
----------------- Done invoking toplevel() on ptolemy.moml.MoMLSimpleApplication@48a29b8b
reloadAllAccessors: .ContinuousInDEInContinuous2

===========================================================================================
----------------- testing Fri Jul 19 08:40:26 UTC 2019 /home/travis/build/icyphy/ptII/ptolemy/domains/continuous/test/auto/ContinuousInDEInContinuous3.xml
----------------- Instantiating /home/travis/build/icyphy/ptII/ptolemy/domains/continuous/test/auto/ContinuousInDEInContinuous3.xml
34 ms. Memory: 270336K Free: 102787K (38%)
----------------- Invoking toplevel() on ptolemy.moml.MoMLSimpleApplication@37974b5
----------------- Done invoking toplevel() on ptolemy.moml.MoMLSimpleApplication@37974b5
reloadAllAccessors: .ContinuousInDEInContinuous3

===========================================================================================
----------------- testing Fri Jul 19 08:40:26 UTC 2019 /home/travis/build/icyphy/ptII/ptolemy/domains/continuous/test/auto/ContinuousInDEInput.xml
----------------- Instantiating /home/travis/build/icyphy/ptII/ptolemy/domains/continuous/test/auto/ContinuousInDEInput.xml
26 ms. Memory: 270336K Free: 95619K (35%)
----------------- Invoking toplevel() on ptolemy.moml.MoMLSimpleApplication@214a8d35
----------------- Done invoking toplevel() on ptolemy.moml.MoMLSimpleApplication@214a8d35
reloadAllAccessors: .ContinuousInDEInput

===========================================================================================
----------------- testing Fri Jul 19 08:40:26 UTC 2019 /home/travis/build/icyphy/ptII/ptolemy/domains/continuous/test/auto/ContinuousInDEInput2.xml
----------------- Instantiating /home/travis/build/icyphy/ptII/ptolemy/domains/continuous/test/auto/ContinuousInDEInput2.xml
14 ms. Memory: 270336K Free: 249509K (92%)
----------------- Invoking toplevel() on ptolemy.moml.MoMLSimpleApplication@52fb6b97
----------------- Done invoking toplevel() on ptolemy.moml.MoMLSimpleApplication@52fb6b97
reloadAllAccessors: .ContinuousInDEInput2

===========================================================================================
----------------- testing Fri Jul 19 08:40:26 UTC 2019 /home/travis/build/icyphy/ptII/ptolemy/domains/continuous/test/auto/ContinuousInDEInput3.xml
----------------- Instantiating /home/travis/build/icyphy/ptII/ptolemy/domains/continuous/test/auto/ContinuousInDEInput3.xml
13 ms. Memory: 270336K Free: 241827K (89%)
----------------- Invoking toplevel() on ptolemy.moml.MoMLSimpleApplication@39c86370
----------------- Done invoking toplevel() on ptolemy.moml.MoMLSimpleApplication@39c86370
reloadAllAccessors: .ContinuousInDEInput3

===========================================================================================
----------------- testing Fri Jul 19 08:40:26 UTC 2019 /home/travis/build/icyphy/ptII/ptolemy/domains/continuous/test/auto/ContinuousInDESharingRefinement.xml
----------------- Instantiating /home/travis/build/icyphy/ptII/ptolemy/domains/continuous/test/auto/ContinuousInDESharingRefinement.xml
139 ms. Memory: 270336K Free: 147109K (54%)
----------------- Invoking toplevel() on ptolemy.moml.MoMLSimpleApplication@3b79d521
----------------- Done invoking toplevel() on ptolemy.moml.MoMLSimpleApplication@3b79d521
reloadAllAccessors: .ContinuousInDESharingRefinement

===========================================================================================
----------------- testing Fri Jul 19 08:40:26 UTC 2019 /home/travis/build/icyphy/ptII/ptolemy/domains/continuous/test/auto/ContinuousInDEwithNoPorts.xml
----------------- Instantiating /home/travis/build/icyphy/ptII/ptolemy/domains/continuous/test/auto/ContinuousInDEwithNoPorts.xml
2 ms. Memory: 270336K Free: 143013K (53%)
----------------- Invoking toplevel() on ptolemy.moml.MoMLSimpleApplication@2cd2db76
----------------- Done invoking toplevel() on ptolemy.moml.MoMLSimpleApplication@2cd2db76
reloadAllAccessors: .ContinuousInDEwithNoPorts

===========================================================================================
----------------- testing Fri Jul 19 08:40:26 UTC 2019 /home/travis/build/icyphy/ptII/ptolemy/domains/continuous/test/auto/ContinuousInsideDE.xml
----------------- Instantiating /home/travis/build/icyphy/ptII/ptolemy/domains/continuous/test/auto/ContinuousInsideDE.xml
39 ms. Memory: 270336K Free: 131235K (49%)
----------------- Invoking toplevel() on ptolemy.moml.MoMLSimpleApplication@66675874
----------------- Done invoking toplevel() on ptolemy.moml.MoMLSimpleApplication@66675874
reloadAllAccessors: .ContinuousInsideDE

===========================================================================================
----------------- testing Fri Jul 19 08:40:27 UTC 2019 /home/travis/build/icyphy/ptII/ptolemy/domains/continuous/test/auto/ContinuousMerge1.xml
----------------- Instantiating /home/travis/build/icyphy/ptII/ptolemy/domains/continuous/test/auto/ContinuousMerge1.xml
4 ms. Memory: 270336K Free: 127125K (47%)
----------------- Invoking toplevel() on ptolemy.moml.MoMLSimpleApplication@5e7356bb
----------------- Done invoking toplevel() on ptolemy.moml.MoMLSimpleApplication@5e7356bb
reloadAllAccessors: .ContinuousMerge1

===========================================================================================
----------------- testing Fri Jul 19 08:40:27 UTC 2019 /home/travis/build/icyphy/ptII/ptolemy/domains/continuous/test/auto/ContinuousMerge2.xml
----------------- Instantiating /home/travis/build/icyphy/ptII/ptolemy/domains/continuous/test/auto/ContinuousMerge2.xml
18 ms. Memory: 270336K Free: 116899K (43%)
----------------- Invoking toplevel() on ptolemy.moml.MoMLSimpleApplication@6320bf89
----------------- Done invoking toplevel() on ptolemy.moml.MoMLSimpleApplication@6320bf89
reloadAllAccessors: .ContinuousMerge2

===========================================================================================
----------------- testing Fri Jul 19 08:40:27 UTC 2019 /home/travis/build/icyphy/ptII/ptolemy/domains/continuous/test/auto/ContinuousMerge3.xml
----------------- Instantiating /home/travis/build/icyphy/ptII/ptolemy/domains/continuous/test/auto/ContinuousMerge3.xml
48 ms. Memory: 270336K Free: 106149K (39%)
----------------- Invoking toplevel() on ptolemy.moml.MoMLSimpleApplication@74a69bce
----------------- Done invoking toplevel() on ptolemy.moml.MoMLSimpleApplication@74a69bce
reloadAllAccessors: .ContinuousMerge3

===========================================================================================
----------------- testing Fri Jul 19 08:40:27 UTC 2019 /home/travis/build/icyphy/ptII/ptolemy/domains/continuous/test/auto/ContinuousWithinContinuous.xml
----------------- Instantiating /home/travis/build/icyphy/ptII/ptolemy/domains/continuous/test/auto/ContinuousWithinContinuous.xml
42 ms. Memory: 270336K Free: 96419K (36%)
----------------- Invoking toplevel() on ptolemy.moml.MoMLSimpleApplication@488ba85c
----------------- Done invoking toplevel() on ptolemy.moml.MoMLSimpleApplication@488ba85c
reloadAllAccessors: .ContinuousWithinContinuous

===========================================================================================
----------------- testing Fri Jul 19 08:40:27 UTC 2019 /home/travis/build/icyphy/ptII/ptolemy/domains/continuous/test/auto/ContinuousWithinContinuous2.xml
----------------- Instantiating /home/travis/build/icyphy/ptII/ptolemy/domains/continuous/test/auto/ContinuousWithinContinuous2.xml
82 ms. Memory: 270336K Free: 245984K (91%)
----------------- Invoking toplevel() on ptolemy.moml.MoMLSimpleApplication@6003b70b
----------------- Done invoking toplevel() on ptolemy.moml.MoMLSimpleApplication@6003b70b
reloadAllAccessors: .ContinuousWithinContinuous2

===========================================================================================
----------------- testing Fri Jul 19 08:40:27 UTC 2019 /home/travis/build/icyphy/ptII/ptolemy/domains/continuous/test/auto/ContinuousWithinContinuous3.xml
----------------- Instantiating /home/travis/build/icyphy/ptII/ptolemy/domains/continuous/test/auto/ContinuousWithinContinuous3.xml
14 ms. Memory: 270336K Free: 239330K (89%)
----------------- Invoking toplevel() on ptolemy.moml.MoMLSimpleApplication@12d80a8b
----------------- Done invoking toplevel() on ptolemy.moml.MoMLSimpleApplication@12d80a8b
reloadAllAccessors: .ContinuousWithinContinuous3

===========================================================================================
----------------- testing Fri Jul 19 08:40:27 UTC 2019 /home/travis/build/icyphy/ptII/ptolemy/domains/continuous/test/auto/ContinuousWithinContinuous4.xml
----------------- Instantiating /home/travis/build/icyphy/ptII/ptolemy/domains/continuous/test/auto/ContinuousWithinContinuous4.xml
84 ms. Memory: 270336K Free: 226528K (84%)
----------------- Invoking toplevel() on ptolemy.moml.MoMLSimpleApplication@72fcdd27
----------------- Done invoking toplevel() on ptolemy.moml.MoMLSimpleApplication@72fcdd27
reloadAllAccessors: .ContinuousWithinContinuous4

===========================================================================================
----------------- testing Fri Jul 19 08:40:27 UTC 2019 /home/travis/build/icyphy/ptII/ptolemy/domains/continuous/test/auto/ContinuousWithinContinuous5.xml
----------------- Instantiating /home/travis/build/icyphy/ptII/ptolemy/domains/continuous/test/auto/ContinuousWithinContinuous5.xml
14 ms. Memory: 270336K Free: 219360K (81%)
----------------- Invoking toplevel() on ptolemy.moml.MoMLSimpleApplication@f736d29
----------------- Done invoking toplevel() on ptolemy.moml.MoMLSimpleApplication@f736d29
reloadAllAccessors: .ContinuousWithinContinuous5

===========================================================================================
----------------- testing Fri Jul 19 08:40:27 UTC 2019 /home/travis/build/icyphy/ptII/ptolemy/domains/continuous/test/auto/ContinuousWithinContinuous6.xml
----------------- Instantiating /home/travis/build/icyphy/ptII/ptolemy/domains/continuous/test/auto/ContinuousWithinContinuous6.xml
13 ms. Memory: 270336K Free: 212192K (78%)
----------------- Invoking toplevel() on ptolemy.moml.MoMLSimpleApplication@26f443e4
----------------- Done invoking toplevel() on ptolemy.moml.MoMLSimpleApplication@26f443e4
reloadAllAccessors: .ContinuousWithinContinuous6

===========================================================================================
----------------- testing Fri Jul 19 08:40:27 UTC 2019 /home/travis/build/icyphy/ptII/ptolemy/domains/continuous/test/auto/ContinuousWithinContinuous7.xml
----------------- Instantiating /home/travis/build/icyphy/ptII/ptolemy/domains/continuous/test/auto/ContinuousWithinContinuous7.xml
68 ms. Memory: 270336K Free: 201442K (75%)
----------------- Invoking toplevel() on ptolemy.moml.MoMLSimpleApplication@4afe05e8
----------------- Done invoking toplevel() on ptolemy.moml.MoMLSimpleApplication@4afe05e8
reloadAllAccessors: .ContinuousWithinContinuous7

===========================================================================================
----------------- testing Fri Jul 19 08:40:27 UTC 2019 /home/travis/build/icyphy/ptII/ptolemy/domains/continuous/test/auto/DCMotor.xml
----------------- Instantiating /home/travis/build/icyphy/ptII/ptolemy/domains/continuous/test/auto/DCMotor.xml
14827 ms. Memory: 270336K Free: 136702K (51%)
----------------- Invoking toplevel() on ptolemy.moml.MoMLSimpleApplication@63a670db
----------------- Done invoking toplevel() on ptolemy.moml.MoMLSimpleApplication@63a670db
reloadAllAccessors: .DCMotor

===========================================================================================
----------------- testing Fri Jul 19 08:40:42 UTC 2019 /home/travis/build/icyphy/ptII/ptolemy/domains/continuous/test/auto/DEInContinuous.xml
----------------- Instantiating /home/travis/build/icyphy/ptII/ptolemy/domains/continuous/test/auto/DEInContinuous.xml
25 ms. Memory: 270336K Free: 130054K (48%)
----------------- Invoking toplevel() on ptolemy.moml.MoMLSimpleApplication@2898ab90
----------------- Done invoking toplevel() on ptolemy.moml.MoMLSimpleApplication@2898ab90
reloadAllAccessors: .DEInContinuous

===========================================================================================
----------------- testing Fri Jul 19 08:40:42 UTC 2019 /home/travis/build/icyphy/ptII/ptolemy/domains/continuous/test/auto/DEinContinuous2.xml
----------------- Instantiating /home/travis/build/icyphy/ptII/ptolemy/domains/continuous/test/auto/DEinContinuous2.xml
7 ms. Memory: 270336K Free: 121862K (45%)
----------------- Invoking toplevel() on ptolemy.moml.MoMLSimpleApplication@90992af
----------------- Done invoking toplevel() on ptolemy.moml.MoMLSimpleApplication@90992af
reloadAllAccessors: .DEinContinuous2

===========================================================================================
----------------- testing Fri Jul 19 08:40:42 UTC 2019 /home/travis/build/icyphy/ptII/ptolemy/domains/continuous/test/auto/Derivative.xml
----------------- Instantiating /home/travis/build/icyphy/ptII/ptolemy/domains/continuous/test/auto/Derivative.xml
163 ms. Memory: 270336K Free: 252728K (93%)
----------------- Invoking toplevel() on ptolemy.moml.MoMLSimpleApplication@1989fb5a
----------------- Done invoking toplevel() on ptolemy.moml.MoMLSimpleApplication@1989fb5a
reloadAllAccessors: .Derivative2

===========================================================================================
----------------- testing Fri Jul 19 08:40:42 UTC 2019 /home/travis/build/icyphy/ptII/ptolemy/domains/continuous/test/auto/Derivative1.xml
----------------- Instantiating /home/travis/build/icyphy/ptII/ptolemy/domains/continuous/test/auto/Derivative1.xml
27 ms. Memory: 270336K Free: 238107K (88%)
----------------- Invoking toplevel() on ptolemy.moml.MoMLSimpleApplication@3dcb46e2
----------------- Done invoking toplevel() on ptolemy.moml.MoMLSimpleApplication@3dcb46e2
reloadAllAccessors: .Derivative1

===========================================================================================
----------------- testing Fri Jul 19 08:40:42 UTC 2019 /home/travis/build/icyphy/ptII/ptolemy/domains/continuous/test/auto/DiscreteClock.xml
----------------- Instantiating /home/travis/build/icyphy/ptII/ptolemy/domains/continuous/test/auto/DiscreteClock.xml
3 ms. Memory: 270336K Free: 232987K (86%)
----------------- Invoking toplevel() on ptolemy.moml.MoMLSimpleApplication@124bfab
----------------- Done invoking toplevel() on ptolemy.moml.MoMLSimpleApplication@124bfab
reloadAllAccessors: .DiscreteClock

===========================================================================================
----------------- testing Fri Jul 19 08:40:42 UTC 2019 /home/travis/build/icyphy/ptII/ptolemy/domains/continuous/test/auto/EfficiencyCurve.xml
----------------- Instantiating /home/travis/build/icyphy/ptII/ptolemy/domains/continuous/test/auto/EfficiencyCurve.xml
76 ms. Memory: 270336K Free: 223771K (83%)
----------------- Invoking toplevel() on ptolemy.moml.MoMLSimpleApplication@76af4c4d
----------------- Done invoking toplevel() on ptolemy.moml.MoMLSimpleApplication@76af4c4d
reloadAllAccessors: .EfficiencyCurve

===========================================================================================
----------------- testing Fri Jul 19 08:40:43 UTC 2019 /home/travis/build/icyphy/ptII/ptolemy/domains/continuous/test/auto/ExponentialResponse.xml
----------------- Instantiating /home/travis/build/icyphy/ptII/ptolemy/domains/continuous/test/auto/ExponentialResponse.xml
110 ms. Memory: 270336K Free: 207897K (77%)
----------------- Invoking toplevel() on ptolemy.moml.MoMLSimpleApplication@3686ea6a
----------------- Done invoking toplevel() on ptolemy.moml.MoMLSimpleApplication@3686ea6a
reloadAllAccessors: .ExponentialResponse

===========================================================================================
----------------- testing Fri Jul 19 08:40:43 UTC 2019 /home/travis/build/icyphy/ptII/ptolemy/domains/continuous/test/auto/ExponentialResponseRK45.xml
----------------- Instantiating /home/travis/build/icyphy/ptII/ptolemy/domains/continuous/test/auto/ExponentialResponseRK45.xml
26 ms. Memory: 270336K Free: 201243K (74%)
----------------- Invoking toplevel() on ptolemy.moml.MoMLSimpleApplication@103ca7d
----------------- Done invoking toplevel() on ptolemy.moml.MoMLSimpleApplication@103ca7d
reloadAllAccessors: .ExponentialResponseRK45

===========================================================================================
----------------- testing Fri Jul 19 08:40:43 UTC 2019 /home/travis/build/icyphy/ptII/ptolemy/domains/continuous/test/auto/Friction.xml
----------------- Instantiating /home/travis/build/icyphy/ptII/ptolemy/domains/continuous/test/auto/Friction.xml
1557 ms. Memory: 270336K Free: 95124K (35%)
----------------- Invoking toplevel() on ptolemy.moml.MoMLSimpleApplication@ce071
----------------- Done invoking toplevel() on ptolemy.moml.MoMLSimpleApplication@ce071
reloadAllAccessors: .Friction

===========================================================================================
----------------- testing Fri Jul 19 08:40:44 UTC 2019 /home/travis/build/icyphy/ptII/ptolemy/domains/continuous/test/auto/FurutaPendulum.xml
----------------- Instantiating /home/travis/build/icyphy/ptII/ptolemy/domains/continuous/test/auto/FurutaPendulum.xml
3510 ms. Memory: 270336K Free: 237457K (88%)
----------------- Invoking toplevel() on ptolemy.moml.MoMLSimpleApplication@44b55598
----------------- Done invoking toplevel() on ptolemy.moml.MoMLSimpleApplication@44b55598
reloadAllAccessors: .FurutaPendulum

===========================================================================================
----------------- testing Fri Jul 19 08:40:48 UTC 2019 /home/travis/build/icyphy/ptII/ptolemy/domains/continuous/test/auto/HierarchicalExecution.xml
----------------- Instantiating /home/travis/build/icyphy/ptII/ptolemy/domains/continuous/test/auto/HierarchicalExecution.xml
1925 ms. Memory: 270336K Free: 109249K (40%)
----------------- Invoking toplevel() on ptolemy.moml.MoMLSimpleApplication@19cf30fe
----------------- Done invoking toplevel() on ptolemy.moml.MoMLSimpleApplication@19cf30fe
reloadAllAccessors: .HierarchicalExecution

===========================================================================================
----------------- testing Fri Jul 19 08:40:50 UTC 2019 /home/travis/build/icyphy/ptII/ptolemy/domains/continuous/test/auto/HybridPlant.xml
----------------- Instantiating /home/travis/build/icyphy/ptII/ptolemy/domains/continuous/test/auto/HybridPlant.xml
539 ms. Memory: 270336K Free: 165374K (61%)
----------------- Invoking toplevel() on ptolemy.moml.MoMLSimpleApplication@13e213ac
----------------- Done invoking toplevel() on ptolemy.moml.MoMLSimpleApplication@13e213ac
reloadAllAccessors: .HybridPlant

===========================================================================================
----------------- testing Fri Jul 19 08:40:51 UTC 2019 /home/travis/build/icyphy/ptII/ptolemy/domains/continuous/test/auto/Hysteresis.xml
----------------- Instantiating /home/travis/build/icyphy/ptII/ptolemy/domains/continuous/test/auto/Hysteresis.xml
136 ms. Memory: 270336K Free: 102903K (38%)
----------------- Invoking toplevel() on ptolemy.moml.MoMLSimpleApplication@febbb55
----------------- Done invoking toplevel() on ptolemy.moml.MoMLSimpleApplication@febbb55
reloadAllAccessors: .Hysteresis

===========================================================================================
----------------- testing Fri Jul 19 08:40:51 UTC 2019 /home/travis/build/icyphy/ptII/ptolemy/domains/continuous/test/auto/HysteresisWithRandomDelay.xml
----------------- Instantiating /home/travis/build/icyphy/ptII/ptolemy/domains/continuous/test/auto/HysteresisWithRandomDelay.xml
166 ms. Memory: 270336K Free: 191626K (71%)
----------------- Invoking toplevel() on ptolemy.moml.MoMLSimpleApplication@1f74cb57
----------------- Done invoking toplevel() on ptolemy.moml.MoMLSimpleApplication@1f74cb57
reloadAllAccessors: .HysteresisWithRandomDelay

===========================================================================================
----------------- testing Fri Jul 19 08:40:51 UTC 2019 /home/travis/build/icyphy/ptII/ptolemy/domains/continuous/test/auto/HysteresisWithRandomLosses.xml
----------------- Instantiating /home/travis/build/icyphy/ptII/ptolemy/domains/continuous/test/auto/HysteresisWithRandomLosses.xml
2335 ms. Memory: 270336K Free: 234324K (87%)
----------------- Invoking toplevel() on ptolemy.moml.MoMLSimpleApplication@175edaac
----------------- Done invoking toplevel() on ptolemy.moml.MoMLSimpleApplication@175edaac
reloadAllAccessors: .HysteresisWithRandomLosses

===========================================================================================
----------------- testing Fri Jul 19 08:40:54 UTC 2019 /home/travis/build/icyphy/ptII/ptolemy/domains/continuous/test/auto/ImmediateTransitions.xml
----------------- Instantiating /home/travis/build/icyphy/ptII/ptolemy/domains/continuous/test/auto/ImmediateTransitions.xml
11 ms. Memory: 270336K Free: 223074K (83%)
----------------- Invoking toplevel() on ptolemy.moml.MoMLSimpleApplication@65e975b2
----------------- Done invoking toplevel() on ptolemy.moml.MoMLSimpleApplication@65e975b2
reloadAllAccessors: .ImmediateTransitions

===========================================================================================
----------------- testing Fri Jul 19 08:40:54 UTC 2019 /home/travis/build/icyphy/ptII/ptolemy/domains/continuous/test/auto/ImpulseFeedback.xml
----------------- Instantiating /home/travis/build/icyphy/ptII/ptolemy/domains/continuous/test/auto/ImpulseFeedback.xml
8 ms. Memory: 270336K Free: 217444K (80%)
----------------- Invoking toplevel() on ptolemy.moml.MoMLSimpleApplication@1a10acf4
----------------- Done invoking toplevel() on ptolemy.moml.MoMLSimpleApplication@1a10acf4
reloadAllAccessors: .ImpulseFeedback

===========================================================================================
----------------- testing Fri Jul 19 08:40:54 UTC 2019 /home/travis/build/icyphy/ptII/ptolemy/domains/continuous/test/auto/ImpulseFeedback2.xml
----------------- Instantiating /home/travis/build/icyphy/ptII/ptolemy/domains/continuous/test/auto/ImpulseFeedback2.xml
6 ms. Memory: 270336K Free: 211810K (78%)
----------------- Invoking toplevel() on ptolemy.moml.MoMLSimpleApplication@1dae0465
----------------- Done invoking toplevel() on ptolemy.moml.MoMLSimpleApplication@1dae0465
reloadAllAccessors: .ImpulseFeedback2

===========================================================================================
----------------- testing Fri Jul 19 08:40:54 UTC 2019 /home/travis/build/icyphy/ptII/ptolemy/domains/continuous/test/auto/IncreasingRatePoisson.xml
----------------- Instantiating /home/travis/build/icyphy/ptII/ptolemy/domains/continuous/test/auto/IncreasingRatePoisson.xml
774 ms. Memory: 270336K Free: 202544K (75%)
----------------- Invoking toplevel() on ptolemy.moml.MoMLSimpleApplication@29e54a07
----------------- Done invoking toplevel() on ptolemy.moml.MoMLSimpleApplication@29e54a07
reloadAllAccessors: .IncreasingRatePoisson

===========================================================================================
----------------- testing Fri Jul 19 08:40:55 UTC 2019 /home/travis/build/icyphy/ptII/ptolemy/domains/continuous/test/auto/InitialStateFeedback.xml
----------------- Instantiating /home/travis/build/icyphy/ptII/ptolemy/domains/continuous/test/auto/InitialStateFeedback.xml
4 ms. Memory: 270336K Free: 197968K (73%)
----------------- Invoking toplevel() on ptolemy.moml.MoMLSimpleApplication@69743226
----------------- Done invoking toplevel() on ptolemy.moml.MoMLSimpleApplication@69743226
reloadAllAccessors: .InitialStateFeedback

===========================================================================================
----------------- testing Fri Jul 19 08:40:55 UTC 2019 /home/travis/build/icyphy/ptII/ptolemy/domains/continuous/test/auto/Integration.xml
----------------- Instantiating /home/travis/build/icyphy/ptII/ptolemy/domains/continuous/test/auto/Integration.xml
2 ms. Memory: 270336K Free: 193872K (72%)
----------------- Invoking toplevel() on ptolemy.moml.MoMLSimpleApplication@518a677d
----------------- Done invoking toplevel() on ptolemy.moml.MoMLSimpleApplication@518a677d
reloadAllAccessors: .Integration

===========================================================================================
----------------- testing Fri Jul 19 08:40:55 UTC 2019 /home/travis/build/icyphy/ptII/ptolemy/domains/continuous/test/auto/Integration2.xml
----------------- Instantiating /home/travis/build/icyphy/ptII/ptolemy/domains/continuous/test/auto/Integration2.xml
87 ms. Memory: 270336K Free: 179536K (66%)
----------------- Invoking toplevel() on ptolemy.moml.MoMLSimpleApplication@58889147
----------------- Done invoking toplevel() on ptolemy.moml.MoMLSimpleApplication@58889147
reloadAllAccessors: .Integration2

===========================================================================================
----------------- testing Fri Jul 19 08:40:55 UTC 2019 /home/travis/build/icyphy/ptII/ptolemy/domains/continuous/test/auto/Integration3.xml
----------------- Instantiating /home/travis/build/icyphy/ptII/ptolemy/domains/continuous/test/auto/Integration3.xml
2 ms. Memory: 270336K Free: 174926K (65%)
----------------- Invoking toplevel() on ptolemy.moml.MoMLSimpleApplication@5aeff186
----------------- Done invoking toplevel() on ptolemy.moml.MoMLSimpleApplication@5aeff186
reloadAllAccessors: .Integration3

===========================================================================================
----------------- testing Fri Jul 19 08:40:55 UTC 2019 /home/travis/build/icyphy/ptII/ptolemy/domains/continuous/test/auto/Integration5.xml
----------------- Instantiating /home/travis/build/icyphy/ptII/ptolemy/domains/continuous/test/auto/Integration5.xml
4 ms. Memory: 270336K Free: 170830K (63%)
----------------- Invoking toplevel() on ptolemy.moml.MoMLSimpleApplication@4ad84b1c
----------------- Done invoking toplevel() on ptolemy.moml.MoMLSimpleApplication@4ad84b1c
reloadAllAccessors: .Integration5

===========================================================================================
----------------- testing Fri Jul 19 08:40:55 UTC 2019 /home/travis/build/icyphy/ptII/ptolemy/domains/continuous/test/auto/IntegratorImpulse.xml
----------------- Instantiating /home/travis/build/icyphy/ptII/ptolemy/domains/continuous/test/auto/IntegratorImpulse.xml
2 ms. Memory: 270336K Free: 166704K (62%)
----------------- Invoking toplevel() on ptolemy.moml.MoMLSimpleApplication@38fa251f
----------------- Done invoking toplevel() on ptolemy.moml.MoMLSimpleApplication@38fa251f
reloadAllAccessors: .IntegratorImpulse

===========================================================================================
----------------- testing Fri Jul 19 08:40:55 UTC 2019 /home/travis/build/icyphy/ptII/ptolemy/domains/continuous/test/auto/IntegratorImpulse2.xml
----------------- Instantiating /home/travis/build/icyphy/ptII/ptolemy/domains/continuous/test/auto/IntegratorImpulse2.xml
6 ms. Memory: 270336K Free: 162128K (60%)
----------------- Invoking toplevel() on ptolemy.moml.MoMLSimpleApplication@371656bc
----------------- Done invoking toplevel() on ptolemy.moml.MoMLSimpleApplication@371656bc
reloadAllAccessors: .IntegratorImpulse2

===========================================================================================
----------------- testing Fri Jul 19 08:40:55 UTC 2019 /home/travis/build/icyphy/ptII/ptolemy/domains/continuous/test/auto/LevelCrossing1.xml
----------------- Instantiating /home/travis/build/icyphy/ptII/ptolemy/domains/continuous/test/auto/LevelCrossing1.xml
3 ms. Memory: 270336K Free: 157008K (58%)
----------------- Invoking toplevel() on ptolemy.moml.MoMLSimpleApplication@12ac1970
----------------- Done invoking toplevel() on ptolemy.moml.MoMLSimpleApplication@12ac1970
reloadAllAccessors: .LevelCrossing1

===========================================================================================
----------------- testing Fri Jul 19 08:40:55 UTC 2019 /home/travis/build/icyphy/ptII/ptolemy/domains/continuous/test/auto/LevelCrossing2.xml
----------------- Instantiating /home/travis/build/icyphy/ptII/ptolemy/domains/continuous/test/auto/LevelCrossing2.xml
8 ms. Memory: 270336K Free: 151888K (56%)
----------------- Invoking toplevel() on ptolemy.moml.MoMLSimpleApplication@73cfd7d0
----------------- Done invoking toplevel() on ptolemy.moml.MoMLSimpleApplication@73cfd7d0
reloadAllAccessors: .LevelCrossing2

===========================================================================================
----------------- testing Fri Jul 19 08:40:55 UTC 2019 /home/travis/build/icyphy/ptII/ptolemy/domains/continuous/test/auto/LevelCrossing3.xml
----------------- Instantiating /home/travis/build/icyphy/ptII/ptolemy/domains/continuous/test/auto/LevelCrossing3.xml
2 ms. Memory: 270336K Free: 146768K (54%)
----------------- Invoking toplevel() on ptolemy.moml.MoMLSimpleApplication@21885f68
----------------- Done invoking toplevel() on ptolemy.moml.MoMLSimpleApplication@21885f68
reloadAllAccessors: .LevelCrossing3

===========================================================================================
----------------- testing Fri Jul 19 08:40:55 UTC 2019 /home/travis/build/icyphy/ptII/ptolemy/domains/continuous/test/auto/LevelCrossing4.xml
----------------- Instantiating /home/travis/build/icyphy/ptII/ptolemy/domains/continuous/test/auto/LevelCrossing4.xml
4 ms. Memory: 270336K Free: 141648K (52%)
----------------- Invoking toplevel() on ptolemy.moml.MoMLSimpleApplication@886a32e
----------------- Done invoking toplevel() on ptolemy.moml.MoMLSimpleApplication@886a32e
reloadAllAccessors: .LevelCrossing4

===========================================================================================
----------------- testing Fri Jul 19 08:40:55 UTC 2019 /home/travis/build/icyphy/ptII/ptolemy/domains/continuous/test/auto/LevelCrossing5.xml
----------------- Instantiating /home/travis/build/icyphy/ptII/ptolemy/domains/continuous/test/auto/LevelCrossing5.xml
3 ms. Memory: 270336K Free: 136528K (51%)
----------------- Invoking toplevel() on ptolemy.moml.MoMLSimpleApplication@6efd4cf3
----------------- Done invoking toplevel() on ptolemy.moml.MoMLSimpleApplication@6efd4cf3
reloadAllAccessors: .LevelCrossing5

===========================================================================================
[...]
reloadAllAccessors: .ResetTransitionWithStartTime6

===========================================================================================
----------------- testing Fri Jul 19 08:41:12 UTC 2019 /home/travis/build/icyphy/ptII/ptolemy/domains/continuous/test/auto/SRinContinuous.xml
----------------- Instantiating /home/travis/build/icyphy/ptII/ptolemy/domains/continuous/test/auto/SRinContinuous.xml
4 ms. Memory: 324608K Free: 290931K (90%)
----------------- Invoking toplevel() on ptolemy.moml.MoMLSimpleApplication@642c60cd
----------------- Done invoking toplevel() on ptolemy.moml.MoMLSimpleApplication@642c60cd
reloadAllAccessors: .SRinContinuous

===========================================================================================
----------------- testing Fri Jul 19 08:41:12 UTC 2019 /home/travis/build/icyphy/ptII/ptolemy/domains/continuous/test/auto/SampledClocks.xml
----------------- Instantiating /home/travis/build/icyphy/ptII/ptolemy/domains/continuous/test/auto/SampledClocks.xml
7 ms. Memory: 324608K Free: 278643K (86%)
----------------- Invoking toplevel() on ptolemy.moml.MoMLSimpleApplication@1dfc6ab8
----------------- Done invoking toplevel() on ptolemy.moml.MoMLSimpleApplication@1dfc6ab8
reloadAllAccessors: .SampledClocks

===========================================================================================
----------------- testing Fri Jul 19 08:41:12 UTC 2019 /home/travis/build/icyphy/ptII/ptolemy/domains/continuous/test/auto/Satellite.xml
----------------- Instantiating /home/travis/build/icyphy/ptII/ptolemy/domains/continuous/test/auto/Satellite.xml
938 ms. Memory: 324608K Free: 275186K (85%)
----------------- Invoking toplevel() on ptolemy.moml.MoMLSimpleApplication@15990ea0
----------------- Done invoking toplevel() on ptolemy.moml.MoMLSimpleApplication@15990ea0
reloadAllAccessors: .Satellite

===========================================================================================
----------------- testing Fri Jul 19 08:41:13 UTC 2019 /home/travis/build/icyphy/ptII/ptolemy/domains/continuous/test/auto/SigmaDelta.xml
----------------- Instantiating /home/travis/build/icyphy/ptII/ptolemy/domains/continuous/test/auto/SigmaDelta.xml
2370 ms. Memory: 324608K Free: 203124K (63%)
----------------- Invoking toplevel() on ptolemy.moml.MoMLSimpleApplication@595334f4
----------------- Done invoking toplevel() on ptolemy.moml.MoMLSimpleApplication@595334f4
reloadAllAccessors: .SigmaDelta

===========================================================================================
----------------- testing Fri Jul 19 08:41:16 UTC 2019 /home/travis/build/icyphy/ptII/ptolemy/domains/continuous/test/auto/SingleRefinement.xml
----------------- Instantiating /home/travis/build/icyphy/ptII/ptolemy/domains/continuous/test/auto/SingleRefinement.xml
309 ms. Memory: 324608K Free: 212855K (66%)
----------------- Invoking toplevel() on ptolemy.moml.MoMLSimpleApplication@4cca47a3
----------------- Done invoking toplevel() on ptolemy.moml.MoMLSimpleApplication@4cca47a3
reloadAllAccessors: .SingleRefinement

===========================================================================================
----------------- testing Fri Jul 19 08:41:16 UTC 2019 /home/travis/build/icyphy/ptII/ptolemy/domains/continuous/test/auto/SinuBouncingBall.xml
----------------- Instantiating /home/travis/build/icyphy/ptII/ptolemy/domains/continuous/test/auto/SinuBouncingBall.xml
821 ms. Memory: 324608K Free: 187363K (58%)
----------------- Invoking toplevel() on ptolemy.moml.MoMLSimpleApplication@2b97f3cc
----------------- Done invoking toplevel() on ptolemy.moml.MoMLSimpleApplication@2b97f3cc
reloadAllAccessors: .SinuBouncingBall

===========================================================================================
----------------- testing Fri Jul 19 08:41:17 UTC 2019 /home/travis/build/icyphy/ptII/ptolemy/domains/continuous/test/auto/Sinusoid.xml
----------------- Instantiating /home/travis/build/icyphy/ptII/ptolemy/domains/continuous/test/auto/Sinusoid.xml
5 ms. Memory: 324608K Free: 182757K (56%)
----------------- Invoking toplevel() on ptolemy.moml.MoMLSimpleApplication@2b327da5
----------------- Done invoking toplevel() on ptolemy.moml.MoMLSimpleApplication@2b327da5
reloadAllAccessors: .Sinusoid

===========================================================================================
----------------- testing Fri Jul 19 08:41:17 UTC 2019 /home/travis/build/icyphy/ptII/ptolemy/domains/continuous/test/auto/SinusoidInNoise.xml
----------------- Instantiating /home/travis/build/icyphy/ptII/ptolemy/domains/continuous/test/auto/SinusoidInNoise.xml
1002 ms. Memory: 324608K Free: 237751K (73%)
----------------- Invoking toplevel() on ptolemy.moml.MoMLSimpleApplication@4b3e2fc
----------------- Done invoking toplevel() on ptolemy.moml.MoMLSimpleApplication@4b3e2fc
reloadAllAccessors: .SinusoidInNoise

===========================================================================================
----------------- testing Fri Jul 19 08:41:18 UTC 2019 /home/travis/build/icyphy/ptII/ptolemy/domains/continuous/test/auto/SinusoidRK45.xml
----------------- Instantiating /home/travis/build/icyphy/ptII/ptolemy/domains/continuous/test/auto/SinusoidRK45.xml
2 ms. Memory: 324608K Free: 233135K (72%)
----------------- Invoking toplevel() on ptolemy.moml.MoMLSimpleApplication@37d19e4c
----------------- Done invoking toplevel() on ptolemy.moml.MoMLSimpleApplication@37d19e4c
reloadAllAccessors: .SinusoidRK45

===========================================================================================
----------------- testing Fri Jul 19 08:41:18 UTC 2019 /home/travis/build/icyphy/ptII/ptolemy/domains/continuous/test/auto/SinusoidWithMultipleImpulses.xml
----------------- Instantiating /home/travis/build/icyphy/ptII/ptolemy/domains/continuous/test/auto/SinusoidWithMultipleImpulses.xml
3 ms. Memory: 324608K Free: 228535K (70%)
----------------- Invoking toplevel() on ptolemy.moml.MoMLSimpleApplication@2bef2d92
----------------- Done invoking toplevel() on ptolemy.moml.MoMLSimpleApplication@2bef2d92
reloadAllAccessors: .SinusoidWithMultipleImpulses

===========================================================================================
----------------- testing Fri Jul 19 08:41:18 UTC 2019 /home/travis/build/icyphy/ptII/ptolemy/domains/continuous/test/auto/SquareWave.xml
----------------- Instantiating /home/travis/build/icyphy/ptII/ptolemy/domains/continuous/test/auto/SquareWave.xml
171 ms. Memory: 324608K Free: 201397K (62%)
----------------- Invoking toplevel() on ptolemy.moml.MoMLSimpleApplication@6cad15ba
----------------- Done invoking toplevel() on ptolemy.moml.MoMLSimpleApplication@6cad15ba
reloadAllAccessors: .SquareWave

===========================================================================================
----------------- testing Fri Jul 19 08:41:18 UTC 2019 /home/travis/build/icyphy/ptII/ptolemy/domains/continuous/test/auto/Starmac.xml
----------------- Instantiating /home/travis/build/icyphy/ptII/ptolemy/domains/continuous/test/auto/Starmac.xml
3067 ms. Memory: 324608K Free: 266076K (82%)
----------------- Invoking toplevel() on ptolemy.moml.MoMLSimpleApplication@78432705
----------------- Done invoking toplevel() on ptolemy.moml.MoMLSimpleApplication@78432705
reloadAllAccessors: .Starmac

===========================================================================================
----------------- testing Fri Jul 19 08:41:22 UTC 2019 /home/travis/build/icyphy/ptII/ptolemy/domains/continuous/test/auto/StaticUnits.xml
----------------- Instantiating /home/travis/build/icyphy/ptII/ptolemy/domains/continuous/test/auto/StaticUnits.xml
2114 ms. Memory: 324608K Free: 184127K (57%)
----------------- Invoking toplevel() on ptolemy.moml.MoMLSimpleApplication@5ffaca1f
----------------- Done invoking toplevel() on ptolemy.moml.MoMLSimpleApplication@5ffaca1f
reloadAllAccessors: .StaticUnits

===========================================================================================
----------------- testing Fri Jul 19 08:41:24 UTC 2019 /home/travis/build/icyphy/ptII/ptolemy/domains/continuous/test/auto/StickyMasses.xml
----------------- Instantiating /home/travis/build/icyphy/ptII/ptolemy/domains/continuous/test/auto/StickyMasses.xml
142 ms. Memory: 324608K Free: 134446K (41%)
----------------- Invoking toplevel() on ptolemy.moml.MoMLSimpleApplication@7b31f7aa
----------------- Done invoking toplevel() on ptolemy.moml.MoMLSimpleApplication@7b31f7aa
reloadAllAccessors: .StickyMasses

===========================================================================================
----------------- testing Fri Jul 19 08:41:24 UTC 2019 /home/travis/build/icyphy/ptII/ptolemy/domains/continuous/test/auto/StopTime.xml
----------------- Instantiating /home/travis/build/icyphy/ptII/ptolemy/domains/continuous/test/auto/StopTime.xml
56 ms. Memory: 324608K Free: 298375K (92%)
----------------- Invoking toplevel() on ptolemy.moml.MoMLSimpleApplication@9706895
----------------- Done invoking toplevel() on ptolemy.moml.MoMLSimpleApplication@9706895
reloadAllAccessors: .StopTime

===========================================================================================
----------------- testing Fri Jul 19 08:41:24 UTC 2019 /home/travis/build/icyphy/ptII/ptolemy/domains/continuous/test/auto/StopTime2.xml
----------------- Instantiating /home/travis/build/icyphy/ptII/ptolemy/domains/continuous/test/auto/StopTime2.xml
37 ms. Memory: 324608K Free: 275716K (85%)
----------------- Invoking toplevel() on ptolemy.moml.MoMLSimpleApplication@2401cd33
----------------- Done invoking toplevel() on ptolemy.moml.MoMLSimpleApplication@2401cd33
reloadAllAccessors: .StopTime2

===========================================================================================
----------------- testing Fri Jul 19 08:41:25 UTC 2019 /home/travis/build/icyphy/ptII/ptolemy/domains/continuous/test/auto/Switch.xml
----------------- Instantiating /home/travis/build/icyphy/ptII/ptolemy/domains/continuous/test/auto/Switch.xml
45 ms. Memory: 324608K Free: 250630K (77%)
----------------- Invoking toplevel() on ptolemy.moml.MoMLSimpleApplication@137e4e29
----------------- Done invoking toplevel() on ptolemy.moml.MoMLSimpleApplication@137e4e29
reloadAllAccessors: .Switch

===========================================================================================
----------------- testing Fri Jul 19 08:41:25 UTC 2019 /home/travis/build/icyphy/ptII/ptolemy/domains/continuous/test/auto/Thermostat.xml
----------------- Instantiating /home/travis/build/icyphy/ptII/ptolemy/domains/continuous/test/auto/Thermostat.xml
199 ms. Memory: 324608K Free: 177926K (55%)
----------------- Invoking toplevel() on ptolemy.moml.MoMLSimpleApplication@1fb60976
----------------- Done invoking toplevel() on ptolemy.moml.MoMLSimpleApplication@1fb60976
reloadAllAccessors: .Thermostat

===========================================================================================
----------------- testing Fri Jul 19 08:41:25 UTC 2019 /home/travis/build/icyphy/ptII/ptolemy/domains/continuous/test/auto/TimeDelay.xml
----------------- Instantiating /home/travis/build/icyphy/ptII/ptolemy/domains/continuous/test/auto/TimeDelay.xml
6 ms. Memory: 324608K Free: 173309K (53%)
----------------- Invoking toplevel() on ptolemy.moml.MoMLSimpleApplication@8d373a2
----------------- Done invoking toplevel() on ptolemy.moml.MoMLSimpleApplication@8d373a2
reloadAllAccessors: .TimeDelay

===========================================================================================
----------------- testing Fri Jul 19 08:41:25 UTC 2019 /home/travis/build/icyphy/ptII/ptolemy/domains/continuous/test/auto/TimeDelay2.xml
----------------- Instantiating /home/travis/build/icyphy/ptII/ptolemy/domains/continuous/test/auto/TimeDelay2.xml
7 ms. Memory: 324608K Free: 163590K (50%)
----------------- Invoking toplevel() on ptolemy.moml.MoMLSimpleApplication@70c0ad18
----------------- Done invoking toplevel() on ptolemy.moml.MoMLSimpleApplication@70c0ad18
reloadAllAccessors: .TimeDelay2

===========================================================================================
----------------- testing Fri Jul 19 08:41:25 UTC 2019 /home/travis/build/icyphy/ptII/ptolemy/domains/continuous/test/auto/TimeDelay3.xml
----------------- Instantiating /home/travis/build/icyphy/ptII/ptolemy/domains/continuous/test/auto/TimeDelay3.xml
5 ms. Memory: 324608K Free: 158963K (49%)
----------------- Invoking toplevel() on ptolemy.moml.MoMLSimpleApplication@5ff311b1
----------------- Done invoking toplevel() on ptolemy.moml.MoMLSimpleApplication@5ff311b1
reloadAllAccessors: .TimeDelay3

===========================================================================================
----------------- testing Fri Jul 19 08:41:25 UTC 2019 /home/travis/build/icyphy/ptII/ptolemy/domains/continuous/test/auto/TransferAbsentToInside.xml
----------------- Instantiating /home/travis/build/icyphy/ptII/ptolemy/domains/continuous/test/auto/TransferAbsentToInside.xml
50 ms. Memory: 324608K Free: 294085K (91%)
----------------- Invoking toplevel() on ptolemy.moml.MoMLSimpleApplication@27d93cdf
----------------- Done invoking toplevel() on ptolemy.moml.MoMLSimpleApplication@27d93cdf
reloadAllAccessors: .TransferAbsentToInside

===========================================================================================
----------------- testing Fri Jul 19 08:41:25 UTC 2019 /home/travis/build/icyphy/ptII/ptolemy/domains/continuous/test/auto/Transmission.xml
----------------- Instantiating /home/travis/build/icyphy/ptII/ptolemy/domains/continuous/test/auto/Transmission.xml
761 ms. Memory: 324608K Free: 248049K (76%)
----------------- Invoking toplevel() on ptolemy.moml.MoMLSimpleApplication@7b9adac7
----------------- Done invoking toplevel() on ptolemy.moml.MoMLSimpleApplication@7b9adac7
reloadAllAccessors: .Transmission

===========================================================================================
----------------- testing Fri Jul 19 08:41:26 UTC 2019 /home/travis/build/icyphy/ptII/ptolemy/domains/continuous/test/auto/TriggeredContinuousClock.xml
----------------- Instantiating /home/travis/build/icyphy/ptII/ptolemy/domains/continuous/test/auto/TriggeredContinuousClock.xml
40 ms. Memory: 324608K Free: 218338K (67%)
----------------- Invoking toplevel() on ptolemy.moml.MoMLSimpleApplication@17b465e
----------------- Done invoking toplevel() on ptolemy.moml.MoMLSimpleApplication@17b465e
reloadAllAccessors: .TriggeredContinuousClock

===========================================================================================
----------------- testing Fri Jul 19 08:41:26 UTC 2019 /home/travis/build/icyphy/ptII/ptolemy/domains/continuous/test/auto/TwoMachineInfiniteBusControl.xml
----------------- Instantiating /home/travis/build/icyphy/ptII/ptolemy/domains/continuous/test/auto/TwoMachineInfiniteBusControl.xml
3006 ms. Memory: 390144K Free: 329935K (85%)
----------------- Invoking toplevel() on ptolemy.moml.MoMLSimpleApplication@c22856f
----------------- Done invoking toplevel() on ptolemy.moml.MoMLSimpleApplication@c22856f
reloadAllAccessors: .TwoMachineInfiniteBusControl

===========================================================================================
----------------- testing Fri Jul 19 08:41:29 UTC 2019 /home/travis/build/icyphy/ptII/ptolemy/domains/continuous/test/auto/V2V.xml
----------------- Instantiating /home/travis/build/icyphy/ptII/ptolemy/domains/continuous/test/auto/V2V.xml
704 ms. Memory: 390144K Free: 366781K (94%)
----------------- Invoking toplevel() on ptolemy.moml.MoMLSimpleApplication@7f7e3b62
----------------- Done invoking toplevel() on ptolemy.moml.MoMLSimpleApplication@7f7e3b62
reloadAllAccessors: .V2V

===========================================================================================
----------------- testing Fri Jul 19 08:41:30 UTC 2019 /home/travis/build/icyphy/ptII/ptolemy/domains/continuous/test/auto/hierarchicalModalModel.xml
----------------- Instantiating /home/travis/build/icyphy/ptII/ptolemy/domains/continuous/test/auto/hierarchicalModalModel.xml
8 ms. Memory: 390144K Free: 352445K (90%)
----------------- Invoking toplevel() on ptolemy.moml.MoMLSimpleApplication@119ad7b5
----------------- Done invoking toplevel() on ptolemy.moml.MoMLSimpleApplication@119ad7b5
reloadAllAccessors: .hierarchicalModalModel

===========================================================================================
----------------- testing Fri Jul 19 08:41:30 UTC 2019 /home/travis/build/icyphy/ptII/ptolemy/domains/continuous/test/auto/hierarchicalModalModel1.xml
----------------- Instantiating /home/travis/build/icyphy/ptII/ptolemy/domains/continuous/test/auto/hierarchicalModalModel1.xml
7 ms. Memory: 390144K Free: 337599K (87%)
----------------- Invoking toplevel() on ptolemy.moml.MoMLSimpleApplication@25ac95ff
----------------- Done invoking toplevel() on ptolemy.moml.MoMLSimpleApplication@25ac95ff
reloadAllAccessors: .hierarchicalModalModel1

===========================================================================================
----------------- testing Fri Jul 19 08:41:30 UTC 2019 /home/travis/build/icyphy/ptII/ptolemy/domains/continuous/test/auto/hierarchicalModalModel2.xml
----------------- Instantiating /home/travis/build/icyphy/ptII/ptolemy/domains/continuous/test/auto/hierarchicalModalModel2.xml
5 ms. Memory: 390144K Free: 325311K (83%)
----------------- Invoking toplevel() on ptolemy.moml.MoMLSimpleApplication@2051305b
----------------- Done invoking toplevel() on ptolemy.moml.MoMLSimpleApplication@2051305b
reloadAllAccessors: .hierarchicalModalModel2

===========================================================================================
----------------- testing Fri Jul 19 08:41:30 UTC 2019 /home/travis/build/icyphy/ptII/ptolemy/domains/continuous/test/auto/hierarchicalModalModel3.xml
----------------- Instantiating /home/travis/build/icyphy/ptII/ptolemy/domains/continuous/test/auto/hierarchicalModalModel3.xml
5 ms. Memory: 390144K Free: 314557K (81%)
----------------- Invoking toplevel() on ptolemy.moml.MoMLSimpleApplication@60597aa7
----------------- Done invoking toplevel() on ptolemy.moml.MoMLSimpleApplication@60597aa7
reloadAllAccessors: .hierarchicalModalModel3

===========================================================================================
----------------- testing Fri Jul 19 08:41:30 UTC 2019 /home/travis/build/icyphy/ptII/ptolemy/domains/continuous/test/auto/hierarchicalModalModel4.xml
----------------- Instantiating /home/travis/build/icyphy/ptII/ptolemy/domains/continuous/test/auto/hierarchicalModalModel4.xml
5 ms. Memory: 390144K Free: 302783K (78%)
----------------- Invoking toplevel() on ptolemy.moml.MoMLSimpleApplication@72ffd250
----------------- Done invoking toplevel() on ptolemy.moml.MoMLSimpleApplication@72ffd250
reloadAllAccessors: .hierarchicalModalModel4

===========================================================================================
----------------- testing Fri Jul 19 08:41:30 UTC 2019 /home/travis/build/icyphy/ptII/ptolemy/domains/continuous/test/auto/junk.xml
----------------- Instantiating /home/travis/build/icyphy/ptII/ptolemy/domains/continuous/test/auto/junk.xml
146 ms. Memory: 390144K Free: 277693K (71%)
----------------- Invoking toplevel() on ptolemy.moml.MoMLSimpleApplication@3a396eff
----------------- Done invoking toplevel() on ptolemy.moml.MoMLSimpleApplication@3a396eff
reloadAllAccessors: .junk
AutoTests.java: About to close Vertx.
AutoTests.java: Vertx closed.
]]></system-out>
  <system-err><![CDATA[Warning: '.HysteresisWithRandomDelay.NonStrictTest3' The test produced only 23 tokens, yet the correctValues parameter was expecting 30 tokens.
Warning: '.Poisson.NonStrictTest' The test produced only 385 tokens, yet the correctValues parameter was expecting 430 tokens.
]]></system-err>
</testsuite>
