<?xml version="1.0" encoding="UTF-8" ?>
<testsuite errors="0" failures="0" hostname="travis-job-b5e54a14-5946-4d13-9d64-7501277885e4" name="ptolemy.domains.sdf.lib.test.junit.JUnitTclTest" skipped="0" tests="82" time="9.149" timestamp="2019-02-16T05:07:42">
  <properties>
[...]
</properties>
  <testcase classname="ptolemy.util.test.junit.TclTests" name="[0] /home/travis/build/icyphy/ptII/ptolemy/domains/sdf/lib/test/ArrayToSequence.tcl (RunTclFile)" time="0.601" />
  <testcase classname="ptolemy.util.test.junit.TclTests" name="[1] /home/travis/build/icyphy/ptII/ptolemy/domains/sdf/lib/test/BitsToInt.tcl (RunTclFile)" time="0.074" />
  <testcase classname="ptolemy.util.test.junit.TclTests" name="[2] /home/travis/build/icyphy/ptII/ptolemy/domains/sdf/lib/test/DelayLine.tcl (RunTclFile)" time="0.038" />
  <testcase classname="ptolemy.util.test.junit.TclTests" name="[3] /home/travis/build/icyphy/ptII/ptolemy/domains/sdf/lib/test/FFT.tcl (RunTclFile)" time="0.029" />
  <testcase classname="ptolemy.util.test.junit.TclTests" name="[4] /home/travis/build/icyphy/ptII/ptolemy/domains/sdf/lib/test/FIR.tcl (RunTclFile)" time="0.067" />
  <testcase classname="ptolemy.util.test.junit.TclTests" name="[5] /home/travis/build/icyphy/ptII/ptolemy/domains/sdf/lib/test/IntToBits.tcl (RunTclFile)" time="0.044" />
  <testcase classname="ptolemy.util.test.junit.TclTests" name="[6] /home/travis/build/icyphy/ptII/ptolemy/domains/sdf/lib/test/MaximumEntropySpectrum.tcl (RunTclFile)" time="0.285" />
  <testcase classname="ptolemy.util.test.junit.TclTests" name="[7] /home/travis/build/icyphy/ptII/ptolemy/domains/sdf/lib/test/Repeat.tcl (RunTclFile)" time="0.022" />
  <testcase classname="ptolemy.util.test.junit.TclTests" name="[8] /home/travis/build/icyphy/ptII/ptolemy/domains/sdf/lib/test/SampleDelay.tcl (RunTclFile)" time="0.038" />
  <testcase classname="ptolemy.util.test.junit.TclTests" name="[9] /home/travis/build/icyphy/ptII/ptolemy/domains/sdf/lib/test/SequenceToArray.tcl (RunTclFile)" time="0.072" />
  <testcase classname="ptolemy.util.test.junit.AutoKnownFailedTests" name="[0] ThereAreNoKnowFailedTests (RunModel)" time="0.006" />
  <testcase classname="ptolemy.util.test.junit.AutoNameArchTests" name="[0] ThereAreNoAutoArchTests (RunModel)" time="0.001" />
  <testcase classname="ptolemy.util.test.junit.AutoTests" name="[0] /home/travis/build/icyphy/ptII/ptolemy/domains/sdf/lib/test/auto/ArrayToSequence.xml (RunModel)" time="0.154" />
  <testcase classname="ptolemy.util.test.junit.AutoTests" name="[1] /home/travis/build/icyphy/ptII/ptolemy/domains/sdf/lib/test/auto/ArrayToSequenceTest.xml (RunModel)" time="0.048" />
  <testcase classname="ptolemy.util.test.junit.AutoTests" name="[2] /home/travis/build/icyphy/ptII/ptolemy/domains/sdf/lib/test/auto/Autocorrelation.xml (RunModel)" time="0.038" />
  <testcase classname="ptolemy.util.test.junit.AutoTests" name="[3] /home/travis/build/icyphy/ptII/ptolemy/domains/sdf/lib/test/auto/Autocorrelation2.xml (RunModel)" time="0.056" />
  <testcase classname="ptolemy.util.test.junit.AutoTests" name="[4] /home/travis/build/icyphy/ptII/ptolemy/domains/sdf/lib/test/auto/Autocorrelation3.xml (RunModel)" time="0.05" />
  <testcase classname="ptolemy.util.test.junit.AutoTests" name="[5] /home/travis/build/icyphy/ptII/ptolemy/domains/sdf/lib/test/auto/Autocorrelation4.xml (RunModel)" time="0.05" />
  <testcase classname="ptolemy.util.test.junit.AutoTests" name="[6] /home/travis/build/icyphy/ptII/ptolemy/domains/sdf/lib/test/auto/Autocorrelation5.xml (RunModel)" time="0.093" />
  <testcase classname="ptolemy.util.test.junit.AutoTests" name="[7] /home/travis/build/icyphy/ptII/ptolemy/domains/sdf/lib/test/auto/BitsToInt.xml (RunModel)" time="0.033" />
  <testcase classname="ptolemy.util.test.junit.AutoTests" name="[8] /home/travis/build/icyphy/ptII/ptolemy/domains/sdf/lib/test/auto/BooleanJoin.xml (RunModel)" time="0.038" />
  <testcase classname="ptolemy.util.test.junit.AutoTests" name="[9] /home/travis/build/icyphy/ptII/ptolemy/domains/sdf/lib/test/auto/BootstrapSampleDelay.xml (RunModel)" time="0.046" />
  <testcase classname="ptolemy.util.test.junit.AutoTests" name="[10] /home/travis/build/icyphy/ptII/ptolemy/domains/sdf/lib/test/auto/Chop.xml (RunModel)" time="0.064" />
  <testcase classname="ptolemy.util.test.junit.AutoTests" name="[11] /home/travis/build/icyphy/ptII/ptolemy/domains/sdf/lib/test/auto/Chop2.xml (RunModel)" time="0.052" />
  <testcase classname="ptolemy.util.test.junit.AutoTests" name="[12] /home/travis/build/icyphy/ptII/ptolemy/domains/sdf/lib/test/auto/ComplexJoin.xml (RunModel)" time="0.044" />
  <testcase classname="ptolemy.util.test.junit.AutoTests" name="[13] /home/travis/build/icyphy/ptII/ptolemy/domains/sdf/lib/test/auto/CountTrues.xml (RunModel)" time="0.026" />
  <testcase classname="ptolemy.util.test.junit.AutoTests" name="[14] /home/travis/build/icyphy/ptII/ptolemy/domains/sdf/lib/test/auto/DelayLine.xml (RunModel)" time="0.042" />
  <testcase classname="ptolemy.util.test.junit.AutoTests" name="[15] /home/travis/build/icyphy/ptII/ptolemy/domains/sdf/lib/test/auto/DotProduct.xml (RunModel)" time="0.031" />
  <testcase classname="ptolemy.util.test.junit.AutoTests" name="[16] /home/travis/build/icyphy/ptII/ptolemy/domains/sdf/lib/test/auto/DotProductMatrix.xml (RunModel)" time="0.021" />
  <testcase classname="ptolemy.util.test.junit.AutoTests" name="[17] /home/travis/build/icyphy/ptII/ptolemy/domains/sdf/lib/test/auto/DownSample1.xml (RunModel)" time="0.019" />
  <testcase classname="ptolemy.util.test.junit.AutoTests" name="[18] /home/travis/build/icyphy/ptII/ptolemy/domains/sdf/lib/test/auto/DynamicRateChange.xml (RunModel)" time="0.038" />
  <testcase classname="ptolemy.util.test.junit.AutoTests" name="[19] /home/travis/build/icyphy/ptII/ptolemy/domains/sdf/lib/test/auto/DynamicRates.xml (RunModel)" time="0.035" />
  <testcase classname="ptolemy.util.test.junit.AutoTests" name="[20] /home/travis/build/icyphy/ptII/ptolemy/domains/sdf/lib/test/auto/FFT1.xml (RunModel)" time="0.04" />
  <testcase classname="ptolemy.util.test.junit.AutoTests" name="[21] /home/travis/build/icyphy/ptII/ptolemy/domains/sdf/lib/test/auto/FIR1.xml (RunModel)" time="0.049" />
  <testcase classname="ptolemy.util.test.junit.AutoTests" name="[22] /home/travis/build/icyphy/ptII/ptolemy/domains/sdf/lib/test/auto/FIR2.xml (RunModel)" time="0.018" />
  <testcase classname="ptolemy.util.test.junit.AutoTests" name="[23] /home/travis/build/icyphy/ptII/ptolemy/domains/sdf/lib/test/auto/FIR4.xml (RunModel)" time="0.057" />
  <testcase classname="ptolemy.util.test.junit.AutoTests" name="[24] /home/travis/build/icyphy/ptII/ptolemy/domains/sdf/lib/test/auto/FixJoin.xml (RunModel)" time="0.04" />
  <testcase classname="ptolemy.util.test.junit.AutoTests" name="[25] /home/travis/build/icyphy/ptII/ptolemy/domains/sdf/lib/test/auto/IntJoin1.xml (RunModel)" time="0.018" />
  <testcase classname="ptolemy.util.test.junit.AutoTests" name="[26] /home/travis/build/icyphy/ptII/ptolemy/domains/sdf/lib/test/auto/IntJoin2.xml (RunModel)" time="0.022" />
  <testcase classname="ptolemy.util.test.junit.AutoTests" name="[27] /home/travis/build/icyphy/ptII/ptolemy/domains/sdf/lib/test/auto/IntJoin3.xml (RunModel)" time="0.024" />
  <testcase classname="ptolemy.util.test.junit.AutoTests" name="[28] /home/travis/build/icyphy/ptII/ptolemy/domains/sdf/lib/test/auto/IntJoin4.xml (RunModel)" time="0.027" />
  <testcase classname="ptolemy.util.test.junit.AutoTests" name="[29] /home/travis/build/icyphy/ptII/ptolemy/domains/sdf/lib/test/auto/IntJoin5.xml (RunModel)" time="0.021" />
  <testcase classname="ptolemy.util.test.junit.AutoTests" name="[30] /home/travis/build/icyphy/ptII/ptolemy/domains/sdf/lib/test/auto/IntToBits.xml (RunModel)" time="0.021" />
  <testcase classname="ptolemy.util.test.junit.AutoTests" name="[31] /home/travis/build/icyphy/ptII/ptolemy/domains/sdf/lib/test/auto/LMSAdaptive.xml (RunModel)" time="0.049" />
  <testcase classname="ptolemy.util.test.junit.AutoTests" name="[32] /home/travis/build/icyphy/ptII/ptolemy/domains/sdf/lib/test/auto/LMSAdaptiveFIR.xml (RunModel)" time="0.363" />
  <testcase classname="ptolemy.util.test.junit.AutoTests" name="[33] /home/travis/build/icyphy/ptII/ptolemy/domains/sdf/lib/test/auto/LMSAdaptiveFIR2.xml (RunModel)" time="0.423" />
  <testcase classname="ptolemy.util.test.junit.AutoTests" name="[34] /home/travis/build/icyphy/ptII/ptolemy/domains/sdf/lib/test/auto/LongJoin.xml (RunModel)" time="0.023" />
  <testcase classname="ptolemy.util.test.junit.AutoTests" name="[35] /home/travis/build/icyphy/ptII/ptolemy/domains/sdf/lib/test/auto/Matrix1.xml (RunModel)" time="0.02" />
  <testcase classname="ptolemy.util.test.junit.AutoTests" name="[36] /home/travis/build/icyphy/ptII/ptolemy/domains/sdf/lib/test/auto/Matrix2.xml (RunModel)" time="0.036" />
  <testcase classname="ptolemy.util.test.junit.AutoTests" name="[37] /home/travis/build/icyphy/ptII/ptolemy/domains/sdf/lib/test/auto/MatrixJoin1.xml (RunModel)" time="0.023" />
  <testcase classname="ptolemy.util.test.junit.AutoTests" name="[38] /home/travis/build/icyphy/ptII/ptolemy/domains/sdf/lib/test/auto/MatrixJoin2.xml (RunModel)" time="0.023" />
  <testcase classname="ptolemy.util.test.junit.AutoTests" name="[39] /home/travis/build/icyphy/ptII/ptolemy/domains/sdf/lib/test/auto/MatrixJoin3.xml (RunModel)" time="0.031" />
  <testcase classname="ptolemy.util.test.junit.AutoTests" name="[40] /home/travis/build/icyphy/ptII/ptolemy/domains/sdf/lib/test/auto/MatrixJoin4.xml (RunModel)" time="0.021" />
  <testcase classname="ptolemy.util.test.junit.AutoTests" name="[41] /home/travis/build/icyphy/ptII/ptolemy/domains/sdf/lib/test/auto/MatrixJoin5.xml (RunModel)" time="0.015" />
  <testcase classname="ptolemy.util.test.junit.AutoTests" name="[42] /home/travis/build/icyphy/ptII/ptolemy/domains/sdf/lib/test/auto/MatrixSplit1.xml (RunModel)" time="0.031" />
  <testcase classname="ptolemy.util.test.junit.AutoTests" name="[43] /home/travis/build/icyphy/ptII/ptolemy/domains/sdf/lib/test/auto/MatrixSplit10.xml (RunModel)" time="0.026" />
  <testcase classname="ptolemy.util.test.junit.AutoTests" name="[44] /home/travis/build/icyphy/ptII/ptolemy/domains/sdf/lib/test/auto/MatrixSplit11.xml (RunModel)" time="0.049" />
  <testcase classname="ptolemy.util.test.junit.AutoTests" name="[45] /home/travis/build/icyphy/ptII/ptolemy/domains/sdf/lib/test/auto/MatrixSplit12.xml (RunModel)" time="0.023" />
  <testcase classname="ptolemy.util.test.junit.AutoTests" name="[46] /home/travis/build/icyphy/ptII/ptolemy/domains/sdf/lib/test/auto/MatrixSplit13.xml (RunModel)" time="0.03" />
  <testcase classname="ptolemy.util.test.junit.AutoTests" name="[47] /home/travis/build/icyphy/ptII/ptolemy/domains/sdf/lib/test/auto/MatrixSplit14.xml (RunModel)" time="0.018" />
  <testcase classname="ptolemy.util.test.junit.AutoTests" name="[48] /home/travis/build/icyphy/ptII/ptolemy/domains/sdf/lib/test/auto/MatrixSplit2.xml (RunModel)" time="0.012" />
  <testcase classname="ptolemy.util.test.junit.AutoTests" name="[49] /home/travis/build/icyphy/ptII/ptolemy/domains/sdf/lib/test/auto/MatrixSplit3.xml (RunModel)" time="0.018" />
  <testcase classname="ptolemy.util.test.junit.AutoTests" name="[50] /home/travis/build/icyphy/ptII/ptolemy/domains/sdf/lib/test/auto/MatrixSplit4.xml (RunModel)" time="0.021" />
  <testcase classname="ptolemy.util.test.junit.AutoTests" name="[51] /home/travis/build/icyphy/ptII/ptolemy/domains/sdf/lib/test/auto/MatrixSplit5.xml (RunModel)" time="0.021" />
  <testcase classname="ptolemy.util.test.junit.AutoTests" name="[52] /home/travis/build/icyphy/ptII/ptolemy/domains/sdf/lib/test/auto/MatrixSplit6.xml (RunModel)" time="0.019" />
  <testcase classname="ptolemy.util.test.junit.AutoTests" name="[53] /home/travis/build/icyphy/ptII/ptolemy/domains/sdf/lib/test/auto/MatrixSplit7.xml (RunModel)" time="0.019" />
  <testcase classname="ptolemy.util.test.junit.AutoTests" name="[54] /home/travis/build/icyphy/ptII/ptolemy/domains/sdf/lib/test/auto/MatrixSplit8.xml (RunModel)" time="0.018" />
  <testcase classname="ptolemy.util.test.junit.AutoTests" name="[55] /home/travis/build/icyphy/ptII/ptolemy/domains/sdf/lib/test/auto/MatrixSplit9.xml (RunModel)" time="0.042" />
  <testcase classname="ptolemy.util.test.junit.AutoTests" name="[56] /home/travis/build/icyphy/ptII/ptolemy/domains/sdf/lib/test/auto/MatrixToSequence.xml (RunModel)" time="0.069" />
  <testcase classname="ptolemy.util.test.junit.AutoTests" name="[57] /home/travis/build/icyphy/ptII/ptolemy/domains/sdf/lib/test/auto/MaximumEntropySpectrum.xml (RunModel)" time="0.09" />
  <testcase classname="ptolemy.util.test.junit.AutoTests" name="[58] /home/travis/build/icyphy/ptII/ptolemy/domains/sdf/lib/test/auto/SampleDelayConversion.xml (RunModel)" time="0.021" />
  <testcase classname="ptolemy.util.test.junit.AutoTests" name="[59] /home/travis/build/icyphy/ptII/ptolemy/domains/sdf/lib/test/auto/SequenceToArray.xml (RunModel)" time="0.049" />
  <testcase classname="ptolemy.util.test.junit.AutoTests" name="[60] /home/travis/build/icyphy/ptII/ptolemy/domains/sdf/lib/test/auto/SequenceToMatrix.xml (RunModel)" time="4.157" />
  <testcase classname="ptolemy.util.test.junit.AutoTests" name="[61] /home/travis/build/icyphy/ptII/ptolemy/domains/sdf/lib/test/auto/SmoothedPeriodogram.xml (RunModel)" time="0.053" />
  <testcase classname="ptolemy.util.test.junit.AutoTests" name="[62] /home/travis/build/icyphy/ptII/ptolemy/domains/sdf/lib/test/auto/UpDownSample1.xml (RunModel)" time="0.024" />
  <testcase classname="ptolemy.util.test.junit.AutoTests" name="[63] /home/travis/build/icyphy/ptII/ptolemy/domains/sdf/lib/test/auto/UpSample1.xml (RunModel)" time="0.019" />
  <testcase classname="ptolemy.util.test.junit.AutoTests" name="[64] /home/travis/build/icyphy/ptII/ptolemy/domains/sdf/lib/test/auto/VariableFIR.xml (RunModel)" time="0.041" />
  <testcase classname="ptolemy.util.test.junit.AutoTests" name="[65] /home/travis/build/icyphy/ptII/ptolemy/domains/sdf/lib/test/auto/VariableFIR2.xml (RunModel)" time="0.03" />
  <testcase classname="ptolemy.util.test.junit.AutoTests" name="[66] /home/travis/build/icyphy/ptII/ptolemy/domains/sdf/lib/test/auto/VariableLattice.xml (RunModel)" time="0.026" />
  <testcase classname="ptolemy.util.test.junit.AutoTests" name="[67] /home/travis/build/icyphy/ptII/ptolemy/domains/sdf/lib/test/auto/VariableLattice2.xml (RunModel)" time="0.029" />
  <testcase classname="ptolemy.util.test.junit.AutoTests" name="[68] /home/travis/build/icyphy/ptII/ptolemy/domains/sdf/lib/test/auto/VariableRecursiveLattice.xml (RunModel)" time="0.024" />
  <testcase classname="ptolemy.util.test.junit.AutoTests" name="[69] /home/travis/build/icyphy/ptII/ptolemy/domains/sdf/lib/test/auto/VariableRecursiveLattice2.xml (RunModel)" time="0.024" />
  <system-out><![CDATA[/home/travis/build/icyphy/ptII/ptolemy/domains/sdf/lib/test/ArrayToSequence.tcl
testDefs.tcl: setting time out to 9000 seconds at Sat Feb 16 05:07:42 UTC 2019
58 ms. Memory: 116224K Free: 87123K (75%)
7 ms. Memory: 116224K Free: 85894K (74%)
18 ms. Memory: 116224K Free: 109519K (94%)
18 ms. Memory: 116224K Free: 108301K (93%)
/home/travis/build/icyphy/ptII/ptolemy/domains/sdf/lib/test/BitsToInt.tcl
17 ms. Memory: 116224K Free: 106510K (92%)
11 ms. Memory: 116224K Free: 104727K (90%)
/home/travis/build/icyphy/ptII/ptolemy/domains/sdf/lib/test/DelayLine.tcl
6 ms. Memory: 116224K Free: 102936K (89%)
/home/travis/build/icyphy/ptII/ptolemy/domains/sdf/lib/test/FFT.tcl
4 ms. Memory: 116224K Free: 101169K (87%)
/home/travis/build/icyphy/ptII/ptolemy/domains/sdf/lib/test/FIR.tcl
6 ms. Memory: 116224K Free: 99356K (85%)
4 ms. Memory: 116224K Free: 98138K (84%)
ptolemy.kernel.util.IllegalActionException: multiplyReverse method not supported between ptolemy.data.FixToken 'fix(-0.0625,6,2)' and ptolemy.data.IntToken '1' because the types are incomparable.
  in .top.FIRclone
Because:
multiplyReverse method not supported between ptolemy.data.FixToken 'fix(-0.0625,6,2)' and ptolemy.data.IntToken '1' because the types are incomparable.
15 ms. Memory: 116224K Free: 95750K (82%)
/home/travis/build/icyphy/ptII/ptolemy/domains/sdf/lib/test/IntToBits.tcl
11 ms. Memory: 116224K Free: 93959K (81%)
11 ms. Memory: 116224K Free: 92757K (80%)
/home/travis/build/icyphy/ptII/ptolemy/domains/sdf/lib/test/MaximumEntropySpectrum.tcl
/home/travis/build/icyphy/ptII/ptolemy/domains/sdf/lib/test/Repeat.tcl
6 ms. Memory: 116224K Free: 93353K (80%)
/home/travis/build/icyphy/ptII/ptolemy/domains/sdf/lib/test/SampleDelay.tcl
4 ms. Memory: 116224K Free: 91552K (79%)
3 ms. Memory: 116224K Free: 90957K (78%)
4 ms. Memory: 116224K Free: 89750K (77%)
4 ms. Memory: 116224K Free: 88525K (76%)
2 ms. Memory: 116224K Free: 87898K (76%)
1 ms. Memory: 116224K Free: 87295K (75%)
/home/travis/build/icyphy/ptII/ptolemy/domains/sdf/lib/test/SequenceToArray.tcl
12 ms. Memory: 116224K Free: 86104K (74%)
12 ms. Memory: 116224K Free: 84914K (73%)
9 ms. Memory: 116224K Free: 83692K (72%)
13 ms. Memory: 116224K Free: 82498K (71%)
02/16/19 05:07:43
Failed: 0  Total Tests: 41  ((Passed: 41, Newly Passed: 0)  Known Failed: 0) /home/travis/build/icyphy/ptII/ptolemy/domains/sdf/lib/test
No auto/knownFailedTests/*.xml tests in /home/travis/build/icyphy/ptII/ptolemy/domains/sdf/lib/test
No auto/linux-amd64/*.xml tests in /home/travis/build/icyphy/ptII/ptolemy/domains/sdf/lib/test
AutoTests.java: About to close Vertx.
AutoTests.java: Vertx closed.

===========================================================================================
----------------- testing Sat Feb 16 05:07:44 UTC 2019 /home/travis/build/icyphy/ptII/ptolemy/domains/sdf/lib/test/auto/ArrayToSequence.xml
----------------- Instantiating /home/travis/build/icyphy/ptII/ptolemy/domains/sdf/lib/test/auto/ArrayToSequence.xml
46 ms. Memory: 146944K Free: 138170K (94%)
----------------- Invoking toplevel() on ptolemy.moml.MoMLSimpleApplication@450c5681
----------------- Done invoking toplevel() on ptolemy.moml.MoMLSimpleApplication@450c5681
reloadAllAccessors: .ArrayToSequence

===========================================================================================
----------------- testing Sat Feb 16 05:07:44 UTC 2019 /home/travis/build/icyphy/ptII/ptolemy/domains/sdf/lib/test/auto/ArrayToSequenceTest.xml
----------------- Instantiating /home/travis/build/icyphy/ptII/ptolemy/domains/sdf/lib/test/auto/ArrayToSequenceTest.xml
8 ms. Memory: 146944K Free: 130635K (89%)
----------------- Invoking toplevel() on ptolemy.moml.MoMLSimpleApplication@a306a43
----------------- Done invoking toplevel() on ptolemy.moml.MoMLSimpleApplication@a306a43
reloadAllAccessors: .ArrayToSequenceTest

===========================================================================================
----------------- testing Sat Feb 16 05:07:44 UTC 2019 /home/travis/build/icyphy/ptII/ptolemy/domains/sdf/lib/test/auto/Autocorrelation.xml
----------------- Instantiating /home/travis/build/icyphy/ptII/ptolemy/domains/sdf/lib/test/auto/Autocorrelation.xml
4 ms. Memory: 146944K Free: 126417K (86%)
----------------- Invoking toplevel() on ptolemy.moml.MoMLSimpleApplication@c70bb05
----------------- Done invoking toplevel() on ptolemy.moml.MoMLSimpleApplication@c70bb05
reloadAllAccessors: .Autocorrelation

===========================================================================================
----------------- testing Sat Feb 16 05:07:44 UTC 2019 /home/travis/build/icyphy/ptII/ptolemy/domains/sdf/lib/test/auto/Autocorrelation2.xml
----------------- Instantiating /home/travis/build/icyphy/ptII/ptolemy/domains/sdf/lib/test/auto/Autocorrelation2.xml
13 ms. Memory: 146944K Free: 121186K (82%)
----------------- Invoking toplevel() on ptolemy.moml.MoMLSimpleApplication@34bd8446
----------------- Done invoking toplevel() on ptolemy.moml.MoMLSimpleApplication@34bd8446
reloadAllAccessors: .Autocorrelation2

===========================================================================================
----------------- testing Sat Feb 16 05:07:44 UTC 2019 /home/travis/build/icyphy/ptII/ptolemy/domains/sdf/lib/test/auto/Autocorrelation3.xml
----------------- Instantiating /home/travis/build/icyphy/ptII/ptolemy/domains/sdf/lib/test/auto/Autocorrelation3.xml
12 ms. Memory: 146944K Free: 117370K (80%)
----------------- Invoking toplevel() on ptolemy.moml.MoMLSimpleApplication@587e4341
----------------- Done invoking toplevel() on ptolemy.moml.MoMLSimpleApplication@587e4341
reloadAllAccessors: .Autocorrelation3

===========================================================================================
----------------- testing Sat Feb 16 05:07:44 UTC 2019 /home/travis/build/icyphy/ptII/ptolemy/domains/sdf/lib/test/auto/Autocorrelation4.xml
----------------- Instantiating /home/travis/build/icyphy/ptII/ptolemy/domains/sdf/lib/test/auto/Autocorrelation4.xml
12 ms. Memory: 146944K Free: 112700K (77%)
----------------- Invoking toplevel() on ptolemy.moml.MoMLSimpleApplication@42fd9f8e
----------------- Done invoking toplevel() on ptolemy.moml.MoMLSimpleApplication@42fd9f8e
reloadAllAccessors: .Autocorrelation4

===========================================================================================
----------------- testing Sat Feb 16 05:07:44 UTC 2019 /home/travis/build/icyphy/ptII/ptolemy/domains/sdf/lib/test/auto/Autocorrelation5.xml
----------------- Instantiating /home/travis/build/icyphy/ptII/ptolemy/domains/sdf/lib/test/auto/Autocorrelation5.xml
47 ms. Memory: 146944K Free: 104594K (71%)
----------------- Invoking toplevel() on ptolemy.moml.MoMLSimpleApplication@2480183f
----------------- Done invoking toplevel() on ptolemy.moml.MoMLSimpleApplication@2480183f
reloadAllAccessors: .Autocorrelation5

===========================================================================================
----------------- testing Sat Feb 16 05:07:44 UTC 2019 /home/travis/build/icyphy/ptII/ptolemy/domains/sdf/lib/test/auto/BitsToInt.xml
----------------- Instantiating /home/travis/build/icyphy/ptII/ptolemy/domains/sdf/lib/test/auto/BitsToInt.xml
4 ms. Memory: 146944K Free: 101359K (69%)
----------------- Invoking toplevel() on ptolemy.moml.MoMLSimpleApplication@1f15c777
----------------- Done invoking toplevel() on ptolemy.moml.MoMLSimpleApplication@1f15c777
reloadAllAccessors: .BitsToInt

===========================================================================================
----------------- testing Sat Feb 16 05:07:44 UTC 2019 /home/travis/build/icyphy/ptII/ptolemy/domains/sdf/lib/test/auto/BooleanJoin.xml
----------------- Instantiating /home/travis/build/icyphy/ptII/ptolemy/domains/sdf/lib/test/auto/BooleanJoin.xml
3 ms. Memory: 146944K Free: 96833K (66%)
----------------- Invoking toplevel() on ptolemy.moml.MoMLSimpleApplication@7b001725
----------------- Done invoking toplevel() on ptolemy.moml.MoMLSimpleApplication@7b001725
reloadAllAccessors: .BooleanJoin

===========================================================================================
----------------- testing Sat Feb 16 05:07:44 UTC 2019 /home/travis/build/icyphy/ptII/ptolemy/domains/sdf/lib/test/auto/BootstrapSampleDelay.xml
----------------- Instantiating /home/travis/build/icyphy/ptII/ptolemy/domains/sdf/lib/test/auto/BootstrapSampleDelay.xml
5 ms. Memory: 146944K Free: 92029K (63%)
----------------- Invoking toplevel() on ptolemy.moml.MoMLSimpleApplication@2f4a5bf9
----------------- Done invoking toplevel() on ptolemy.moml.MoMLSimpleApplication@2f4a5bf9
reloadAllAccessors: .BootstrapSampleDelay

===========================================================================================
----------------- testing Sat Feb 16 05:07:44 UTC 2019 /home/travis/build/icyphy/ptII/ptolemy/domains/sdf/lib/test/auto/Chop.xml
----------------- Instantiating /home/travis/build/icyphy/ptII/ptolemy/domains/sdf/lib/test/auto/Chop.xml
11 ms. Memory: 146944K Free: 84674K (58%)
----------------- Invoking toplevel() on ptolemy.moml.MoMLSimpleApplication@523e5124
----------------- Done invoking toplevel() on ptolemy.moml.MoMLSimpleApplication@523e5124
reloadAllAccessors: .Chop

===========================================================================================
----------------- testing Sat Feb 16 05:07:44 UTC 2019 /home/travis/build/icyphy/ptII/ptolemy/domains/sdf/lib/test/auto/Chop2.xml
----------------- Instantiating /home/travis/build/icyphy/ptII/ptolemy/domains/sdf/lib/test/auto/Chop2.xml
7 ms. Memory: 146944K Free: 78283K (53%)
----------------- Invoking toplevel() on ptolemy.moml.MoMLSimpleApplication@562e3c82
----------------- Done invoking toplevel() on ptolemy.moml.MoMLSimpleApplication@562e3c82
reloadAllAccessors: .Chop2

===========================================================================================
----------------- testing Sat Feb 16 05:07:44 UTC 2019 /home/travis/build/icyphy/ptII/ptolemy/domains/sdf/lib/test/auto/ComplexJoin.xml
----------------- Instantiating /home/travis/build/icyphy/ptII/ptolemy/domains/sdf/lib/test/auto/ComplexJoin.xml
7 ms. Memory: 146944K Free: 134116K (91%)
----------------- Invoking toplevel() on ptolemy.moml.MoMLSimpleApplication@4d135b16
----------------- Done invoking toplevel() on ptolemy.moml.MoMLSimpleApplication@4d135b16
reloadAllAccessors: .ComplexJoin

===========================================================================================
----------------- testing Sat Feb 16 05:07:44 UTC 2019 /home/travis/build/icyphy/ptII/ptolemy/domains/sdf/lib/test/auto/CountTrues.xml
----------------- Instantiating /home/travis/build/icyphy/ptII/ptolemy/domains/sdf/lib/test/auto/CountTrues.xml
3 ms. Memory: 146944K Free: 130743K (89%)
----------------- Invoking toplevel() on ptolemy.moml.MoMLSimpleApplication@5fe5860c
----------------- Done invoking toplevel() on ptolemy.moml.MoMLSimpleApplication@5fe5860c
reloadAllAccessors: .CountTrues

===========================================================================================
----------------- testing Sat Feb 16 05:07:44 UTC 2019 /home/travis/build/icyphy/ptII/ptolemy/domains/sdf/lib/test/auto/DelayLine.xml
----------------- Instantiating /home/travis/build/icyphy/ptII/ptolemy/domains/sdf/lib/test/auto/DelayLine.xml
12 ms. Memory: 146944K Free: 124611K (85%)
----------------- Invoking toplevel() on ptolemy.moml.MoMLSimpleApplication@7a64a36a
----------------- Done invoking toplevel() on ptolemy.moml.MoMLSimpleApplication@7a64a36a
reloadAllAccessors: .DelayLine

===========================================================================================
----------------- testing Sat Feb 16 05:07:45 UTC 2019 /home/travis/build/icyphy/ptII/ptolemy/domains/sdf/lib/test/auto/DotProduct.xml
----------------- Instantiating /home/travis/build/icyphy/ptII/ptolemy/domains/sdf/lib/test/auto/DotProduct.xml
5 ms. Memory: 146944K Free: 121214K (82%)
----------------- Invoking toplevel() on ptolemy.moml.MoMLSimpleApplication@5e802db2
----------------- Done invoking toplevel() on ptolemy.moml.MoMLSimpleApplication@5e802db2
reloadAllAccessors: .DotProduct

===========================================================================================
----------------- testing Sat Feb 16 05:07:45 UTC 2019 /home/travis/build/icyphy/ptII/ptolemy/domains/sdf/lib/test/auto/DotProductMatrix.xml
----------------- Instantiating /home/travis/build/icyphy/ptII/ptolemy/domains/sdf/lib/test/auto/DotProductMatrix.xml
4 ms. Memory: 146944K Free: 117210K (80%)
----------------- Invoking toplevel() on ptolemy.moml.MoMLSimpleApplication@1d9e0ba
----------------- Done invoking toplevel() on ptolemy.moml.MoMLSimpleApplication@1d9e0ba
reloadAllAccessors: .DotProductMatrix

===========================================================================================
----------------- testing Sat Feb 16 05:07:45 UTC 2019 /home/travis/build/icyphy/ptII/ptolemy/domains/sdf/lib/test/auto/DownSample1.xml
----------------- Instantiating /home/travis/build/icyphy/ptII/ptolemy/domains/sdf/lib/test/auto/DownSample1.xml
6 ms. Memory: 146944K Free: 114223K (78%)
----------------- Invoking toplevel() on ptolemy.moml.MoMLSimpleApplication@1931f33b
----------------- Done invoking toplevel() on ptolemy.moml.MoMLSimpleApplication@1931f33b
reloadAllAccessors: .DownSample1

===========================================================================================
----------------- testing Sat Feb 16 05:07:45 UTC 2019 /home/travis/build/icyphy/ptII/ptolemy/domains/sdf/lib/test/auto/DynamicRateChange.xml
----------------- Instantiating /home/travis/build/icyphy/ptII/ptolemy/domains/sdf/lib/test/auto/DynamicRateChange.xml
14 ms. Memory: 146944K Free: 107247K (73%)
----------------- Invoking toplevel() on ptolemy.moml.MoMLSimpleApplication@36297c44
----------------- Done invoking toplevel() on ptolemy.moml.MoMLSimpleApplication@36297c44
reloadAllAccessors: .DynamicRateChange

===========================================================================================
----------------- testing Sat Feb 16 05:07:45 UTC 2019 /home/travis/build/icyphy/ptII/ptolemy/domains/sdf/lib/test/auto/DynamicRates.xml
----------------- Instantiating /home/travis/build/icyphy/ptII/ptolemy/domains/sdf/lib/test/auto/DynamicRates.xml
12 ms. Memory: 146944K Free: 102292K (70%)
----------------- Invoking toplevel() on ptolemy.moml.MoMLSimpleApplication@18d25a0a
----------------- Done invoking toplevel() on ptolemy.moml.MoMLSimpleApplication@18d25a0a
reloadAllAccessors: .DynamicRates

===========================================================================================
----------------- testing Sat Feb 16 05:07:45 UTC 2019 /home/travis/build/icyphy/ptII/ptolemy/domains/sdf/lib/test/auto/FFT1.xml
----------------- Instantiating /home/travis/build/icyphy/ptII/ptolemy/domains/sdf/lib/test/auto/FFT1.xml
9 ms. Memory: 146944K Free: 97010K (66%)
----------------- Invoking toplevel() on ptolemy.moml.MoMLSimpleApplication@32c59555
----------------- Done invoking toplevel() on ptolemy.moml.MoMLSimpleApplication@32c59555
reloadAllAccessors: .FFT1

===========================================================================================
----------------- testing Sat Feb 16 05:07:45 UTC 2019 /home/travis/build/icyphy/ptII/ptolemy/domains/sdf/lib/test/auto/FIR1.xml
----------------- Instantiating /home/travis/build/icyphy/ptII/ptolemy/domains/sdf/lib/test/auto/FIR1.xml
18 ms. Memory: 146944K Free: 90240K (61%)
----------------- Invoking toplevel() on ptolemy.moml.MoMLSimpleApplication@142a17ab
----------------- Done invoking toplevel() on ptolemy.moml.MoMLSimpleApplication@142a17ab
reloadAllAccessors: .FIR1

===========================================================================================
----------------- testing Sat Feb 16 05:07:45 UTC 2019 /home/travis/build/icyphy/ptII/ptolemy/domains/sdf/lib/test/auto/FIR2.xml
----------------- Instantiating /home/travis/build/icyphy/ptII/ptolemy/domains/sdf/lib/test/auto/FIR2.xml
2 ms. Memory: 146944K Free: 85762K (58%)
----------------- Invoking toplevel() on ptolemy.moml.MoMLSimpleApplication@42c2173e
----------------- Done invoking toplevel() on ptolemy.moml.MoMLSimpleApplication@42c2173e
reloadAllAccessors: .FIR2

===========================================================================================
----------------- testing Sat Feb 16 05:07:45 UTC 2019 /home/travis/build/icyphy/ptII/ptolemy/domains/sdf/lib/test/auto/FIR4.xml
----------------- Instantiating /home/travis/build/icyphy/ptII/ptolemy/domains/sdf/lib/test/auto/FIR4.xml
22 ms. Memory: 209920K Free: 201508K (96%)
----------------- Invoking toplevel() on ptolemy.moml.MoMLSimpleApplication@3113ab3d
----------------- Done invoking toplevel() on ptolemy.moml.MoMLSimpleApplication@3113ab3d
reloadAllAccessors: .FIR4

===========================================================================================
----------------- testing Sat Feb 16 05:07:45 UTC 2019 /home/travis/build/icyphy/ptII/ptolemy/domains/sdf/lib/test/auto/FixJoin.xml
----------------- Instantiating /home/travis/build/icyphy/ptII/ptolemy/domains/sdf/lib/test/auto/FixJoin.xml
3 ms. Memory: 209920K Free: 194824K (93%)
----------------- Invoking toplevel() on ptolemy.moml.MoMLSimpleApplication@57970768
----------------- Done invoking toplevel() on ptolemy.moml.MoMLSimpleApplication@57970768
reloadAllAccessors: .FixJoin

===========================================================================================
----------------- testing Sat Feb 16 05:07:45 UTC 2019 /home/travis/build/icyphy/ptII/ptolemy/domains/sdf/lib/test/auto/IntJoin1.xml
----------------- Instantiating /home/travis/build/icyphy/ptII/ptolemy/domains/sdf/lib/test/auto/IntJoin1.xml
2 ms. Memory: 209920K Free: 190412K (91%)
----------------- Invoking toplevel() on ptolemy.moml.MoMLSimpleApplication@709322a0
----------------- Done invoking toplevel() on ptolemy.moml.MoMLSimpleApplication@709322a0
reloadAllAccessors: .IntJoin1

===========================================================================================
----------------- testing Sat Feb 16 05:07:45 UTC 2019 /home/travis/build/icyphy/ptII/ptolemy/domains/sdf/lib/test/auto/IntJoin2.xml
----------------- Instantiating /home/travis/build/icyphy/ptII/ptolemy/domains/sdf/lib/test/auto/IntJoin2.xml
3 ms. Memory: 209920K Free: 185053K (88%)
----------------- Invoking toplevel() on ptolemy.moml.MoMLSimpleApplication@c5b3398
----------------- Done invoking toplevel() on ptolemy.moml.MoMLSimpleApplication@c5b3398
reloadAllAccessors: .IntJoin2

===========================================================================================
----------------- testing Sat Feb 16 05:07:45 UTC 2019 /home/travis/build/icyphy/ptII/ptolemy/domains/sdf/lib/test/auto/IntJoin3.xml
----------------- Instantiating /home/travis/build/icyphy/ptII/ptolemy/domains/sdf/lib/test/auto/IntJoin3.xml
5 ms. Memory: 209920K Free: 180688K (86%)
----------------- Invoking toplevel() on ptolemy.moml.MoMLSimpleApplication@785ed2bf
----------------- Done invoking toplevel() on ptolemy.moml.MoMLSimpleApplication@785ed2bf
reloadAllAccessors: .IntJoin3

===========================================================================================
----------------- testing Sat Feb 16 05:07:45 UTC 2019 /home/travis/build/icyphy/ptII/ptolemy/domains/sdf/lib/test/auto/IntJoin4.xml
----------------- Instantiating /home/travis/build/icyphy/ptII/ptolemy/domains/sdf/lib/test/auto/IntJoin4.xml
4 ms. Memory: 209920K Free: 176323K (84%)
----------------- Invoking toplevel() on ptolemy.moml.MoMLSimpleApplication@46854fee
----------------- Done invoking toplevel() on ptolemy.moml.MoMLSimpleApplication@46854fee
reloadAllAccessors: .IntJoin4

===========================================================================================
----------------- testing Sat Feb 16 05:07:45 UTC 2019 /home/travis/build/icyphy/ptII/ptolemy/domains/sdf/lib/test/auto/IntJoin5.xml
----------------- Instantiating /home/travis/build/icyphy/ptII/ptolemy/domains/sdf/lib/test/auto/IntJoin5.xml
2 ms. Memory: 209920K Free: 170996K (81%)
----------------- Invoking toplevel() on ptolemy.moml.MoMLSimpleApplication@17b6296e
----------------- Done invoking toplevel() on ptolemy.moml.MoMLSimpleApplication@17b6296e
reloadAllAccessors: .IntJoin5

===========================================================================================
----------------- testing Sat Feb 16 05:07:45 UTC 2019 /home/travis/build/icyphy/ptII/ptolemy/domains/sdf/lib/test/auto/IntToBits.xml
----------------- Instantiating /home/travis/build/icyphy/ptII/ptolemy/domains/sdf/lib/test/auto/IntToBits.xml
1 ms. Memory: 209920K Free: 167924K (80%)
----------------- Invoking toplevel() on ptolemy.moml.MoMLSimpleApplication@30f72eb8
----------------- Done invoking toplevel() on ptolemy.moml.MoMLSimpleApplication@30f72eb8
reloadAllAccessors: .IntToBits

===========================================================================================
----------------- testing Sat Feb 16 05:07:45 UTC 2019 /home/travis/build/icyphy/ptII/ptolemy/domains/sdf/lib/test/auto/LMSAdaptive.xml
----------------- Instantiating /home/travis/build/icyphy/ptII/ptolemy/domains/sdf/lib/test/auto/LMSAdaptive.xml
10 ms. Memory: 209920K Free: 158344K (75%)
----------------- Invoking toplevel() on ptolemy.moml.MoMLSimpleApplication@1f02a9af
----------------- Done invoking toplevel() on ptolemy.moml.MoMLSimpleApplication@1f02a9af
reloadAllAccessors: .LMSAdaptive

===========================================================================================
----------------- testing Sat Feb 16 05:07:45 UTC 2019 /home/travis/build/icyphy/ptII/ptolemy/domains/sdf/lib/test/auto/LMSAdaptiveFIR.xml
----------------- Instantiating /home/travis/build/icyphy/ptII/ptolemy/domains/sdf/lib/test/auto/LMSAdaptiveFIR.xml
271 ms. Memory: 209920K Free: 118989K (57%)
----------------- Invoking toplevel() on ptolemy.moml.MoMLSimpleApplication@22fc443
----------------- Done invoking toplevel() on ptolemy.moml.MoMLSimpleApplication@22fc443
reloadAllAccessors: .LMSAdaptiveFIR

===========================================================================================
----------------- testing Sat Feb 16 05:07:45 UTC 2019 /home/travis/build/icyphy/ptII/ptolemy/domains/sdf/lib/test/auto/LMSAdaptiveFIR2.xml
----------------- Instantiating /home/travis/build/icyphy/ptII/ptolemy/domains/sdf/lib/test/auto/LMSAdaptiveFIR2.xml
340 ms. Memory: 210432K Free: 181671K (86%)
----------------- Invoking toplevel() on ptolemy.moml.MoMLSimpleApplication@630f29b6
----------------- Done invoking toplevel() on ptolemy.moml.MoMLSimpleApplication@630f29b6
reloadAllAccessors: .LMSAdaptiveFIR2

===========================================================================================
----------------- testing Sat Feb 16 05:07:46 UTC 2019 /home/travis/build/icyphy/ptII/ptolemy/domains/sdf/lib/test/auto/LongJoin.xml
----------------- Instantiating /home/travis/build/icyphy/ptII/ptolemy/domains/sdf/lib/test/auto/LongJoin.xml
3 ms. Memory: 210432K Free: 176070K (84%)
----------------- Invoking toplevel() on ptolemy.moml.MoMLSimpleApplication@31e75252
----------------- Done invoking toplevel() on ptolemy.moml.MoMLSimpleApplication@31e75252
reloadAllAccessors: .LongJoin

===========================================================================================
----------------- testing Sat Feb 16 05:07:46 UTC 2019 /home/travis/build/icyphy/ptII/ptolemy/domains/sdf/lib/test/auto/Matrix1.xml
----------------- Instantiating /home/travis/build/icyphy/ptII/ptolemy/domains/sdf/lib/test/auto/Matrix1.xml
3 ms. Memory: 210432K Free: 171092K (81%)
----------------- Invoking toplevel() on ptolemy.moml.MoMLSimpleApplication@320d724c
----------------- Done invoking toplevel() on ptolemy.moml.MoMLSimpleApplication@320d724c
reloadAllAccessors: .Matrix1

===========================================================================================
----------------- testing Sat Feb 16 05:07:46 UTC 2019 /home/travis/build/icyphy/ptII/ptolemy/domains/sdf/lib/test/auto/Matrix2.xml
----------------- Instantiating /home/travis/build/icyphy/ptII/ptolemy/domains/sdf/lib/test/auto/Matrix2.xml
4 ms. Memory: 210432K Free: 166742K (79%)
----------------- Invoking toplevel() on ptolemy.moml.MoMLSimpleApplication@4e85585c
----------------- Done invoking toplevel() on ptolemy.moml.MoMLSimpleApplication@4e85585c
reloadAllAccessors: .Matrix2

===========================================================================================
----------------- testing Sat Feb 16 05:07:46 UTC 2019 /home/travis/build/icyphy/ptII/ptolemy/domains/sdf/lib/test/auto/MatrixJoin1.xml
----------------- Instantiating /home/travis/build/icyphy/ptII/ptolemy/domains/sdf/lib/test/auto/MatrixJoin1.xml
3 ms. Memory: 210432K Free: 161667K (77%)
----------------- Invoking toplevel() on ptolemy.moml.MoMLSimpleApplication@387fbc0a
----------------- Done invoking toplevel() on ptolemy.moml.MoMLSimpleApplication@387fbc0a
reloadAllAccessors: .MatrixJoin1

===========================================================================================
----------------- testing Sat Feb 16 05:07:46 UTC 2019 /home/travis/build/icyphy/ptII/ptolemy/domains/sdf/lib/test/auto/MatrixJoin2.xml
----------------- Instantiating /home/travis/build/icyphy/ptII/ptolemy/domains/sdf/lib/test/auto/MatrixJoin2.xml
5 ms. Memory: 210432K Free: 156641K (74%)
----------------- Invoking toplevel() on ptolemy.moml.MoMLSimpleApplication@4a87c109
----------------- Done invoking toplevel() on ptolemy.moml.MoMLSimpleApplication@4a87c109
reloadAllAccessors: .MatrixJoin2

===========================================================================================
----------------- testing Sat Feb 16 05:07:46 UTC 2019 /home/travis/build/icyphy/ptII/ptolemy/domains/sdf/lib/test/auto/MatrixJoin3.xml
----------------- Instantiating /home/travis/build/icyphy/ptII/ptolemy/domains/sdf/lib/test/auto/MatrixJoin3.xml
7 ms. Memory: 210432K Free: 152196K (72%)
----------------- Invoking toplevel() on ptolemy.moml.MoMLSimpleApplication@54896cac
----------------- Done invoking toplevel() on ptolemy.moml.MoMLSimpleApplication@54896cac
reloadAllAccessors: .MatrixJoin3

===========================================================================================
----------------- testing Sat Feb 16 05:07:46 UTC 2019 /home/travis/build/icyphy/ptII/ptolemy/domains/sdf/lib/test/auto/MatrixJoin4.xml
----------------- Instantiating /home/travis/build/icyphy/ptII/ptolemy/domains/sdf/lib/test/auto/MatrixJoin4.xml
2 ms. Memory: 210432K Free: 147105K (70%)
----------------- Invoking toplevel() on ptolemy.moml.MoMLSimpleApplication@320b34d6
----------------- Done invoking toplevel() on ptolemy.moml.MoMLSimpleApplication@320b34d6
reloadAllAccessors: .MatrixJoin4

===========================================================================================
----------------- testing Sat Feb 16 05:07:46 UTC 2019 /home/travis/build/icyphy/ptII/ptolemy/domains/sdf/lib/test/auto/MatrixJoin5.xml
----------------- Instantiating /home/travis/build/icyphy/ptII/ptolemy/domains/sdf/lib/test/auto/MatrixJoin5.xml
2 ms. Memory: 210432K Free: 142724K (68%)
----------------- Invoking toplevel() on ptolemy.moml.MoMLSimpleApplication@5dcbc5d6
----------------- Done invoking toplevel() on ptolemy.moml.MoMLSimpleApplication@5dcbc5d6
reloadAllAccessors: .MatrixJoin5

===========================================================================================
----------------- testing Sat Feb 16 05:07:46 UTC 2019 /home/travis/build/icyphy/ptII/ptolemy/domains/sdf/lib/test/auto/MatrixSplit1.xml
----------------- Instantiating /home/travis/build/icyphy/ptII/ptolemy/domains/sdf/lib/test/auto/MatrixSplit1.xml
3 ms. Memory: 210432K Free: 137147K (65%)
----------------- Invoking toplevel() on ptolemy.moml.MoMLSimpleApplication@5c37743b
----------------- Done invoking toplevel() on ptolemy.moml.MoMLSimpleApplication@5c37743b
reloadAllAccessors: .MatrixSplit1

===========================================================================================
----------------- testing Sat Feb 16 05:07:46 UTC 2019 /home/travis/build/icyphy/ptII/ptolemy/domains/sdf/lib/test/auto/MatrixSplit10.xml
----------------- Instantiating /home/travis/build/icyphy/ptII/ptolemy/domains/sdf/lib/test/auto/MatrixSplit10.xml
2 ms. Memory: 210432K Free: 132807K (63%)
----------------- Invoking toplevel() on ptolemy.moml.MoMLSimpleApplication@307e99c7
----------------- Done invoking toplevel() on ptolemy.moml.MoMLSimpleApplication@307e99c7
reloadAllAccessors: .MatrixSplit10

===========================================================================================
----------------- testing Sat Feb 16 05:07:46 UTC 2019 /home/travis/build/icyphy/ptII/ptolemy/domains/sdf/lib/test/auto/MatrixSplit11.xml
----------------- Instantiating /home/travis/build/icyphy/ptII/ptolemy/domains/sdf/lib/test/auto/MatrixSplit11.xml
2 ms. Memory: 210432K Free: 129096K (61%)
----------------- Invoking toplevel() on ptolemy.moml.MoMLSimpleApplication@e3607d7
----------------- Done invoking toplevel() on ptolemy.moml.MoMLSimpleApplication@e3607d7
reloadAllAccessors: .MatrixSplit11

===========================================================================================
----------------- testing Sat Feb 16 05:07:46 UTC 2019 /home/travis/build/icyphy/ptII/ptolemy/domains/sdf/lib/test/auto/MatrixSplit12.xml
----------------- Instantiating /home/travis/build/icyphy/ptII/ptolemy/domains/sdf/lib/test/auto/MatrixSplit12.xml
2 ms. Memory: 210432K Free: 124756K (59%)
----------------- Invoking toplevel() on ptolemy.moml.MoMLSimpleApplication@4981a6fa
----------------- Done invoking toplevel() on ptolemy.moml.MoMLSimpleApplication@4981a6fa
reloadAllAccessors: .MatrixSplit12

===========================================================================================
----------------- testing Sat Feb 16 05:07:46 UTC 2019 /home/travis/build/icyphy/ptII/ptolemy/domains/sdf/lib/test/auto/MatrixSplit13.xml
----------------- Instantiating /home/travis/build/icyphy/ptII/ptolemy/domains/sdf/lib/test/auto/MatrixSplit13.xml
5 ms. Memory: 210432K Free: 121062K (58%)
----------------- Invoking toplevel() on ptolemy.moml.MoMLSimpleApplication@34f7082e
----------------- Done invoking toplevel() on ptolemy.moml.MoMLSimpleApplication@34f7082e
reloadAllAccessors: .MatrixSplit13

===========================================================================================
----------------- testing Sat Feb 16 05:07:46 UTC 2019 /home/travis/build/icyphy/ptII/ptolemy/domains/sdf/lib/test/auto/MatrixSplit14.xml
----------------- Instantiating /home/travis/build/icyphy/ptII/ptolemy/domains/sdf/lib/test/auto/MatrixSplit14.xml
1 ms. Memory: 210432K Free: 116689K (55%)
----------------- Invoking toplevel() on ptolemy.moml.MoMLSimpleApplication@1f59b4db
----------------- Done invoking toplevel() on ptolemy.moml.MoMLSimpleApplication@1f59b4db
reloadAllAccessors: .MatrixSplit14

===========================================================================================
----------------- testing Sat Feb 16 05:07:46 UTC 2019 /home/travis/build/icyphy/ptII/ptolemy/domains/sdf/lib/test/auto/MatrixSplit2.xml
----------------- Instantiating /home/travis/build/icyphy/ptII/ptolemy/domains/sdf/lib/test/auto/MatrixSplit2.xml
1 ms. Memory: 210432K Free: 112333K (53%)
----------------- Invoking toplevel() on ptolemy.moml.MoMLSimpleApplication@54941cb9
----------------- Done invoking toplevel() on ptolemy.moml.MoMLSimpleApplication@54941cb9
reloadAllAccessors: .MatrixSplit2

===========================================================================================
----------------- testing Sat Feb 16 05:07:46 UTC 2019 /home/travis/build/icyphy/ptII/ptolemy/domains/sdf/lib/test/auto/MatrixSplit3.xml
----------------- Instantiating /home/travis/build/icyphy/ptII/ptolemy/domains/sdf/lib/test/auto/MatrixSplit3.xml
2 ms. Memory: 210432K Free: 108623K (52%)
----------------- Invoking toplevel() on ptolemy.moml.MoMLSimpleApplication@74e5fc50
----------------- Done invoking toplevel() on ptolemy.moml.MoMLSimpleApplication@74e5fc50
reloadAllAccessors: .MatrixSplit3

===========================================================================================
----------------- testing Sat Feb 16 05:07:46 UTC 2019 /home/travis/build/icyphy/ptII/ptolemy/domains/sdf/lib/test/auto/MatrixSplit4.xml
----------------- Instantiating /home/travis/build/icyphy/ptII/ptolemy/domains/sdf/lib/test/auto/MatrixSplit4.xml
3 ms. Memory: 210432K Free: 104251K (50%)
----------------- Invoking toplevel() on ptolemy.moml.MoMLSimpleApplication@268e48b1
----------------- Done invoking toplevel() on ptolemy.moml.MoMLSimpleApplication@268e48b1
reloadAllAccessors: .MatrixSplit4

===========================================================================================
----------------- testing Sat Feb 16 05:07:46 UTC 2019 /home/travis/build/icyphy/ptII/ptolemy/domains/sdf/lib/test/auto/MatrixSplit5.xml
----------------- Instantiating /home/travis/build/icyphy/ptII/ptolemy/domains/sdf/lib/test/auto/MatrixSplit5.xml
4 ms. Memory: 210432K Free: 99894K (47%)
----------------- Invoking toplevel() on ptolemy.moml.MoMLSimpleApplication@4620a4e5
----------------- Done invoking toplevel() on ptolemy.moml.MoMLSimpleApplication@4620a4e5
reloadAllAccessors: .MatrixSplit5

===========================================================================================
----------------- testing Sat Feb 16 05:07:46 UTC 2019 /home/travis/build/icyphy/ptII/ptolemy/domains/sdf/lib/test/auto/MatrixSplit6.xml
----------------- Instantiating /home/travis/build/icyphy/ptII/ptolemy/domains/sdf/lib/test/auto/MatrixSplit6.xml
2 ms. Memory: 210432K Free: 96192K (46%)
----------------- Invoking toplevel() on ptolemy.moml.MoMLSimpleApplication@7df132c2
----------------- Done invoking toplevel() on ptolemy.moml.MoMLSimpleApplication@7df132c2
reloadAllAccessors: .MatrixSplit6

===========================================================================================
----------------- testing Sat Feb 16 05:07:46 UTC 2019 /home/travis/build/icyphy/ptII/ptolemy/domains/sdf/lib/test/auto/MatrixSplit7.xml
----------------- Instantiating /home/travis/build/icyphy/ptII/ptolemy/domains/sdf/lib/test/auto/MatrixSplit7.xml
2 ms. Memory: 210432K Free: 91828K (44%)
----------------- Invoking toplevel() on ptolemy.moml.MoMLSimpleApplication@209827fb
----------------- Done invoking toplevel() on ptolemy.moml.MoMLSimpleApplication@209827fb
reloadAllAccessors: .MatrixSplit7

===========================================================================================
----------------- testing Sat Feb 16 05:07:46 UTC 2019 /home/travis/build/icyphy/ptII/ptolemy/domains/sdf/lib/test/auto/MatrixSplit8.xml
----------------- Instantiating /home/travis/build/icyphy/ptII/ptolemy/domains/sdf/lib/test/auto/MatrixSplit8.xml
2 ms. Memory: 210432K Free: 87480K (42%)
----------------- Invoking toplevel() on ptolemy.moml.MoMLSimpleApplication@6a0faaf2
----------------- Done invoking toplevel() on ptolemy.moml.MoMLSimpleApplication@6a0faaf2
reloadAllAccessors: .MatrixSplit8

===========================================================================================
----------------- testing Sat Feb 16 05:07:46 UTC 2019 /home/travis/build/icyphy/ptII/ptolemy/domains/sdf/lib/test/auto/MatrixSplit9.xml
----------------- Instantiating /home/travis/build/icyphy/ptII/ptolemy/domains/sdf/lib/test/auto/MatrixSplit9.xml
6 ms. Memory: 210432K Free: 83761K (40%)
----------------- Invoking toplevel() on ptolemy.moml.MoMLSimpleApplication@32ef1387
----------------- Done invoking toplevel() on ptolemy.moml.MoMLSimpleApplication@32ef1387
reloadAllAccessors: .MatrixSplit9

===========================================================================================
----------------- testing Sat Feb 16 05:07:46 UTC 2019 /home/travis/build/icyphy/ptII/ptolemy/domains/sdf/lib/test/auto/MatrixToSequence.xml
----------------- Instantiating /home/travis/build/icyphy/ptII/ptolemy/domains/sdf/lib/test/auto/MatrixToSequence.xml
13 ms. Memory: 333312K Free: 319702K (96%)
----------------- Invoking toplevel() on ptolemy.moml.MoMLSimpleApplication@b6ce5f0
----------------- Done invoking toplevel() on ptolemy.moml.MoMLSimpleApplication@b6ce5f0
reloadAllAccessors: .MatrixToSequence

===========================================================================================
----------------- testing Sat Feb 16 05:07:47 UTC 2019 /home/travis/build/icyphy/ptII/ptolemy/domains/sdf/lib/test/auto/MaximumEntropySpectrum.xml
----------------- Instantiating /home/travis/build/icyphy/ptII/ptolemy/domains/sdf/lib/test/auto/MaximumEntropySpectrum.xml
12 ms. Memory: 333312K Free: 296621K (89%)
----------------- Invoking toplevel() on ptolemy.moml.MoMLSimpleApplication@6d71abdf
----------------- Done invoking toplevel() on ptolemy.moml.MoMLSimpleApplication@6d71abdf
reloadAllAccessors: .MaximumEntropySpectrum

===========================================================================================
----------------- testing Sat Feb 16 05:07:47 UTC 2019 /home/travis/build/icyphy/ptII/ptolemy/domains/sdf/lib/test/auto/SampleDelayConversion.xml
----------------- Instantiating /home/travis/build/icyphy/ptII/ptolemy/domains/sdf/lib/test/auto/SampleDelayConversion.xml
2 ms. Memory: 333312K Free: 291716K (88%)
----------------- Invoking toplevel() on ptolemy.moml.MoMLSimpleApplication@d07312
----------------- Done invoking toplevel() on ptolemy.moml.MoMLSimpleApplication@d07312
reloadAllAccessors: .SampleDelayConversion

===========================================================================================
----------------- testing Sat Feb 16 05:07:47 UTC 2019 /home/travis/build/icyphy/ptII/ptolemy/domains/sdf/lib/test/auto/SequenceToArray.xml
----------------- Instantiating /home/travis/build/icyphy/ptII/ptolemy/domains/sdf/lib/test/auto/SequenceToArray.xml
11 ms. Memory: 333312K Free: 278476K (84%)
----------------- Invoking toplevel() on ptolemy.moml.MoMLSimpleApplication@6909ff26
----------------- Done invoking toplevel() on ptolemy.moml.MoMLSimpleApplication@6909ff26
reloadAllAccessors: .SequenceToArray

===========================================================================================
----------------- testing Sat Feb 16 05:07:47 UTC 2019 /home/travis/build/icyphy/ptII/ptolemy/domains/sdf/lib/test/auto/SequenceToMatrix.xml
----------------- Instantiating /home/travis/build/icyphy/ptII/ptolemy/domains/sdf/lib/test/auto/SequenceToMatrix.xml
4130 ms. Memory: 333824K Free: 136943K (41%)
----------------- Invoking toplevel() on ptolemy.moml.MoMLSimpleApplication@45c56d46
----------------- Done invoking toplevel() on ptolemy.moml.MoMLSimpleApplication@45c56d46
reloadAllAccessors: .SequenceToMatrix

===========================================================================================
----------------- testing Sat Feb 16 05:07:51 UTC 2019 /home/travis/build/icyphy/ptII/ptolemy/domains/sdf/lib/test/auto/SmoothedPeriodogram.xml
----------------- Instantiating /home/travis/build/icyphy/ptII/ptolemy/domains/sdf/lib/test/auto/SmoothedPeriodogram.xml
11 ms. Memory: 333824K Free: 119684K (36%)
----------------- Invoking toplevel() on ptolemy.moml.MoMLSimpleApplication@cd7b089
----------------- Done invoking toplevel() on ptolemy.moml.MoMLSimpleApplication@cd7b089
reloadAllAccessors: .SmoothedPeriodogram

===========================================================================================
----------------- testing Sat Feb 16 05:07:51 UTC 2019 /home/travis/build/icyphy/ptII/ptolemy/domains/sdf/lib/test/auto/UpDownSample1.xml
----------------- Instantiating /home/travis/build/icyphy/ptII/ptolemy/domains/sdf/lib/test/auto/UpDownSample1.xml
2 ms. Memory: 333824K Free: 112909K (34%)
----------------- Invoking toplevel() on ptolemy.moml.MoMLSimpleApplication@318a0e4f
----------------- Done invoking toplevel() on ptolemy.moml.MoMLSimpleApplication@318a0e4f
reloadAllAccessors: .UpDownSample1

===========================================================================================
----------------- testing Sat Feb 16 05:07:51 UTC 2019 /home/travis/build/icyphy/ptII/ptolemy/domains/sdf/lib/test/auto/UpSample1.xml
----------------- Instantiating /home/travis/build/icyphy/ptII/ptolemy/domains/sdf/lib/test/auto/UpSample1.xml
1 ms. Memory: 333824K Free: 109230K (33%)
----------------- Invoking toplevel() on ptolemy.moml.MoMLSimpleApplication@6a150e88
----------------- Done invoking toplevel() on ptolemy.moml.MoMLSimpleApplication@6a150e88
reloadAllAccessors: .UpSample1

===========================================================================================
----------------- testing Sat Feb 16 05:07:51 UTC 2019 /home/travis/build/icyphy/ptII/ptolemy/domains/sdf/lib/test/auto/VariableFIR.xml
----------------- Instantiating /home/travis/build/icyphy/ptII/ptolemy/domains/sdf/lib/test/auto/VariableFIR.xml
8 ms. Memory: 333824K Free: 102456K (31%)
----------------- Invoking toplevel() on ptolemy.moml.MoMLSimpleApplication@65e0ac95
----------------- Done invoking toplevel() on ptolemy.moml.MoMLSimpleApplication@65e0ac95
reloadAllAccessors: .VariableFIR

===========================================================================================
----------------- testing Sat Feb 16 05:07:51 UTC 2019 /home/travis/build/icyphy/ptII/ptolemy/domains/sdf/lib/test/auto/VariableFIR2.xml
----------------- Instantiating /home/travis/build/icyphy/ptII/ptolemy/domains/sdf/lib/test/auto/VariableFIR2.xml
7 ms. Memory: 333824K Free: 95681K (29%)
----------------- Invoking toplevel() on ptolemy.moml.MoMLSimpleApplication@2af19cd4
----------------- Done invoking toplevel() on ptolemy.moml.MoMLSimpleApplication@2af19cd4
reloadAllAccessors: .VariableFIR2

===========================================================================================
----------------- testing Sat Feb 16 05:07:51 UTC 2019 /home/travis/build/icyphy/ptII/ptolemy/domains/sdf/lib/test/auto/VariableLattice.xml
----------------- Instantiating /home/travis/build/icyphy/ptII/ptolemy/domains/sdf/lib/test/auto/VariableLattice.xml
6 ms. Memory: 333824K Free: 88323K (26%)
----------------- Invoking toplevel() on ptolemy.moml.MoMLSimpleApplication@13e5143c
----------------- Done invoking toplevel() on ptolemy.moml.MoMLSimpleApplication@13e5143c
reloadAllAccessors: .VariableLattice

===========================================================================================
----------------- testing Sat Feb 16 05:07:51 UTC 2019 /home/travis/build/icyphy/ptII/ptolemy/domains/sdf/lib/test/auto/VariableLattice2.xml
----------------- Instantiating /home/travis/build/icyphy/ptII/ptolemy/domains/sdf/lib/test/auto/VariableLattice2.xml
1.0
-1.999999602036
1.9099998677481
-0.9099996420674
0.205
0.0
0.0
1.0
-0.25
-0.5
0.0
0.0
0.0
0.0
6 ms. Memory: 333824K Free: 82759K (25%)
----------------- Invoking toplevel() on ptolemy.moml.MoMLSimpleApplication@6a206d47
----------------- Done invoking toplevel() on ptolemy.moml.MoMLSimpleApplication@6a206d47
reloadAllAccessors: .VariableLattice2

===========================================================================================
----------------- testing Sat Feb 16 05:07:51 UTC 2019 /home/travis/build/icyphy/ptII/ptolemy/domains/sdf/lib/test/auto/VariableRecursiveLattice.xml
----------------- Instantiating /home/travis/build/icyphy/ptII/ptolemy/domains/sdf/lib/test/auto/VariableRecursiveLattice.xml
2 ms. Memory: 480768K Free: 468743K (97%)
----------------- Invoking toplevel() on ptolemy.moml.MoMLSimpleApplication@67363b1a
----------------- Done invoking toplevel() on ptolemy.moml.MoMLSimpleApplication@67363b1a
reloadAllAccessors: .VariableRecursiveLattice

===========================================================================================
----------------- testing Sat Feb 16 05:07:51 UTC 2019 /home/travis/build/icyphy/ptII/ptolemy/domains/sdf/lib/test/auto/VariableRecursiveLattice2.xml
----------------- Instantiating /home/travis/build/icyphy/ptII/ptolemy/domains/sdf/lib/test/auto/VariableRecursiveLattice2.xml
2 ms. Memory: 480768K Free: 462148K (96%)
----------------- Invoking toplevel() on ptolemy.moml.MoMLSimpleApplication@5760452a
----------------- Done invoking toplevel() on ptolemy.moml.MoMLSimpleApplication@5760452a
reloadAllAccessors: .VariableRecursiveLattice2
AutoTests.java: About to close Vertx.
AutoTests.java: Vertx closed.
]]></system-out>
  <system-err><![CDATA[]]></system-err>
</testsuite>
