<?xml version="1.0" encoding="UTF-8" ?>
<testsuite errors="0" failures="0" hostname="travis-job-22c5c283-d684-4297-8d18-1cd8f7d186ab" name="ptolemy.domains.sdf.lib.test.junit.JUnitTclTest" skipped="0" tests="82" time="9.004" timestamp="2018-11-24T02:55:02">
  <properties>
[...]
</properties>
  <testcase classname="ptolemy.util.test.junit.TclTests" name="[0] /home/travis/build/icyphy/ptII/ptolemy/domains/sdf/lib/test/ArrayToSequence.tcl (RunTclFile)" time="0.541" />
  <testcase classname="ptolemy.util.test.junit.TclTests" name="[1] /home/travis/build/icyphy/ptII/ptolemy/domains/sdf/lib/test/BitsToInt.tcl (RunTclFile)" time="0.034" />
  <testcase classname="ptolemy.util.test.junit.TclTests" name="[2] /home/travis/build/icyphy/ptII/ptolemy/domains/sdf/lib/test/DelayLine.tcl (RunTclFile)" time="0.027" />
  <testcase classname="ptolemy.util.test.junit.TclTests" name="[3] /home/travis/build/icyphy/ptII/ptolemy/domains/sdf/lib/test/FFT.tcl (RunTclFile)" time="0.029" />
  <testcase classname="ptolemy.util.test.junit.TclTests" name="[4] /home/travis/build/icyphy/ptII/ptolemy/domains/sdf/lib/test/FIR.tcl (RunTclFile)" time="0.079" />
  <testcase classname="ptolemy.util.test.junit.TclTests" name="[5] /home/travis/build/icyphy/ptII/ptolemy/domains/sdf/lib/test/IntToBits.tcl (RunTclFile)" time="0.026" />
  <testcase classname="ptolemy.util.test.junit.TclTests" name="[6] /home/travis/build/icyphy/ptII/ptolemy/domains/sdf/lib/test/MaximumEntropySpectrum.tcl (RunTclFile)" time="0.251" />
  <testcase classname="ptolemy.util.test.junit.TclTests" name="[7] /home/travis/build/icyphy/ptII/ptolemy/domains/sdf/lib/test/Repeat.tcl (RunTclFile)" time="0.031" />
  <testcase classname="ptolemy.util.test.junit.TclTests" name="[8] /home/travis/build/icyphy/ptII/ptolemy/domains/sdf/lib/test/SampleDelay.tcl (RunTclFile)" time="0.055" />
  <testcase classname="ptolemy.util.test.junit.TclTests" name="[9] /home/travis/build/icyphy/ptII/ptolemy/domains/sdf/lib/test/SequenceToArray.tcl (RunTclFile)" time="0.059" />
  <testcase classname="ptolemy.util.test.junit.AutoKnownFailedTests" name="[0] ThereAreNoKnowFailedTests (RunModel)" time="0.009" />
  <testcase classname="ptolemy.util.test.junit.AutoNameArchTests" name="[0] ThereAreNoAutoArchTests (RunModel)" time="0.001" />
  <testcase classname="ptolemy.util.test.junit.AutoTests" name="[0] /home/travis/build/icyphy/ptII/ptolemy/domains/sdf/lib/test/auto/ArrayToSequence.xml (RunModel)" time="0.134" />
  <testcase classname="ptolemy.util.test.junit.AutoTests" name="[1] /home/travis/build/icyphy/ptII/ptolemy/domains/sdf/lib/test/auto/ArrayToSequenceTest.xml (RunModel)" time="0.035" />
  <testcase classname="ptolemy.util.test.junit.AutoTests" name="[2] /home/travis/build/icyphy/ptII/ptolemy/domains/sdf/lib/test/auto/Autocorrelation.xml (RunModel)" time="0.052" />
  <testcase classname="ptolemy.util.test.junit.AutoTests" name="[3] /home/travis/build/icyphy/ptII/ptolemy/domains/sdf/lib/test/auto/Autocorrelation2.xml (RunModel)" time="0.052" />
  <testcase classname="ptolemy.util.test.junit.AutoTests" name="[4] /home/travis/build/icyphy/ptII/ptolemy/domains/sdf/lib/test/auto/Autocorrelation3.xml (RunModel)" time="0.049" />
  <testcase classname="ptolemy.util.test.junit.AutoTests" name="[5] /home/travis/build/icyphy/ptII/ptolemy/domains/sdf/lib/test/auto/Autocorrelation4.xml (RunModel)" time="0.02" />
  <testcase classname="ptolemy.util.test.junit.AutoTests" name="[6] /home/travis/build/icyphy/ptII/ptolemy/domains/sdf/lib/test/auto/Autocorrelation5.xml (RunModel)" time="0.113" />
  <testcase classname="ptolemy.util.test.junit.AutoTests" name="[7] /home/travis/build/icyphy/ptII/ptolemy/domains/sdf/lib/test/auto/BitsToInt.xml (RunModel)" time="0.019" />
  <testcase classname="ptolemy.util.test.junit.AutoTests" name="[8] /home/travis/build/icyphy/ptII/ptolemy/domains/sdf/lib/test/auto/BooleanJoin.xml (RunModel)" time="0.047" />
  <testcase classname="ptolemy.util.test.junit.AutoTests" name="[9] /home/travis/build/icyphy/ptII/ptolemy/domains/sdf/lib/test/auto/BootstrapSampleDelay.xml (RunModel)" time="0.069" />
  <testcase classname="ptolemy.util.test.junit.AutoTests" name="[10] /home/travis/build/icyphy/ptII/ptolemy/domains/sdf/lib/test/auto/Chop.xml (RunModel)" time="0.069" />
  <testcase classname="ptolemy.util.test.junit.AutoTests" name="[11] /home/travis/build/icyphy/ptII/ptolemy/domains/sdf/lib/test/auto/Chop2.xml (RunModel)" time="0.056" />
  <testcase classname="ptolemy.util.test.junit.AutoTests" name="[12] /home/travis/build/icyphy/ptII/ptolemy/domains/sdf/lib/test/auto/ComplexJoin.xml (RunModel)" time="0.044" />
  <testcase classname="ptolemy.util.test.junit.AutoTests" name="[13] /home/travis/build/icyphy/ptII/ptolemy/domains/sdf/lib/test/auto/CountTrues.xml (RunModel)" time="0.03" />
  <testcase classname="ptolemy.util.test.junit.AutoTests" name="[14] /home/travis/build/icyphy/ptII/ptolemy/domains/sdf/lib/test/auto/DelayLine.xml (RunModel)" time="0.057" />
  <testcase classname="ptolemy.util.test.junit.AutoTests" name="[15] /home/travis/build/icyphy/ptII/ptolemy/domains/sdf/lib/test/auto/DotProduct.xml (RunModel)" time="0.032" />
  <testcase classname="ptolemy.util.test.junit.AutoTests" name="[16] /home/travis/build/icyphy/ptII/ptolemy/domains/sdf/lib/test/auto/DotProductMatrix.xml (RunModel)" time="0.02" />
  <testcase classname="ptolemy.util.test.junit.AutoTests" name="[17] /home/travis/build/icyphy/ptII/ptolemy/domains/sdf/lib/test/auto/DownSample1.xml (RunModel)" time="0.02" />
  <testcase classname="ptolemy.util.test.junit.AutoTests" name="[18] /home/travis/build/icyphy/ptII/ptolemy/domains/sdf/lib/test/auto/DynamicRateChange.xml (RunModel)" time="0.032" />
  <testcase classname="ptolemy.util.test.junit.AutoTests" name="[19] /home/travis/build/icyphy/ptII/ptolemy/domains/sdf/lib/test/auto/DynamicRates.xml (RunModel)" time="0.028" />
  <testcase classname="ptolemy.util.test.junit.AutoTests" name="[20] /home/travis/build/icyphy/ptII/ptolemy/domains/sdf/lib/test/auto/FFT1.xml (RunModel)" time="0.04" />
  <testcase classname="ptolemy.util.test.junit.AutoTests" name="[21] /home/travis/build/icyphy/ptII/ptolemy/domains/sdf/lib/test/auto/FIR1.xml (RunModel)" time="0.045" />
  <testcase classname="ptolemy.util.test.junit.AutoTests" name="[22] /home/travis/build/icyphy/ptII/ptolemy/domains/sdf/lib/test/auto/FIR2.xml (RunModel)" time="0.014" />
  <testcase classname="ptolemy.util.test.junit.AutoTests" name="[23] /home/travis/build/icyphy/ptII/ptolemy/domains/sdf/lib/test/auto/FIR4.xml (RunModel)" time="0.031" />
  <testcase classname="ptolemy.util.test.junit.AutoTests" name="[24] /home/travis/build/icyphy/ptII/ptolemy/domains/sdf/lib/test/auto/FixJoin.xml (RunModel)" time="0.022" />
  <testcase classname="ptolemy.util.test.junit.AutoTests" name="[25] /home/travis/build/icyphy/ptII/ptolemy/domains/sdf/lib/test/auto/IntJoin1.xml (RunModel)" time="0.024" />
  <testcase classname="ptolemy.util.test.junit.AutoTests" name="[26] /home/travis/build/icyphy/ptII/ptolemy/domains/sdf/lib/test/auto/IntJoin2.xml (RunModel)" time="0.022" />
  <testcase classname="ptolemy.util.test.junit.AutoTests" name="[27] /home/travis/build/icyphy/ptII/ptolemy/domains/sdf/lib/test/auto/IntJoin3.xml (RunModel)" time="0.024" />
  <testcase classname="ptolemy.util.test.junit.AutoTests" name="[28] /home/travis/build/icyphy/ptII/ptolemy/domains/sdf/lib/test/auto/IntJoin4.xml (RunModel)" time="0.025" />
  <testcase classname="ptolemy.util.test.junit.AutoTests" name="[29] /home/travis/build/icyphy/ptII/ptolemy/domains/sdf/lib/test/auto/IntJoin5.xml (RunModel)" time="0.027" />
  <testcase classname="ptolemy.util.test.junit.AutoTests" name="[30] /home/travis/build/icyphy/ptII/ptolemy/domains/sdf/lib/test/auto/IntToBits.xml (RunModel)" time="0.022" />
  <testcase classname="ptolemy.util.test.junit.AutoTests" name="[31] /home/travis/build/icyphy/ptII/ptolemy/domains/sdf/lib/test/auto/LMSAdaptive.xml (RunModel)" time="0.08" />
  <testcase classname="ptolemy.util.test.junit.AutoTests" name="[32] /home/travis/build/icyphy/ptII/ptolemy/domains/sdf/lib/test/auto/LMSAdaptiveFIR.xml (RunModel)" time="0.381" />
  <testcase classname="ptolemy.util.test.junit.AutoTests" name="[33] /home/travis/build/icyphy/ptII/ptolemy/domains/sdf/lib/test/auto/LMSAdaptiveFIR2.xml (RunModel)" time="0.425" />
  <testcase classname="ptolemy.util.test.junit.AutoTests" name="[34] /home/travis/build/icyphy/ptII/ptolemy/domains/sdf/lib/test/auto/LongJoin.xml (RunModel)" time="0.03" />
  <testcase classname="ptolemy.util.test.junit.AutoTests" name="[35] /home/travis/build/icyphy/ptII/ptolemy/domains/sdf/lib/test/auto/Matrix1.xml (RunModel)" time="0.029" />
  <testcase classname="ptolemy.util.test.junit.AutoTests" name="[36] /home/travis/build/icyphy/ptII/ptolemy/domains/sdf/lib/test/auto/Matrix2.xml (RunModel)" time="0.024" />
  <testcase classname="ptolemy.util.test.junit.AutoTests" name="[37] /home/travis/build/icyphy/ptII/ptolemy/domains/sdf/lib/test/auto/MatrixJoin1.xml (RunModel)" time="0.039" />
  <testcase classname="ptolemy.util.test.junit.AutoTests" name="[38] /home/travis/build/icyphy/ptII/ptolemy/domains/sdf/lib/test/auto/MatrixJoin2.xml (RunModel)" time="0.026" />
  <testcase classname="ptolemy.util.test.junit.AutoTests" name="[39] /home/travis/build/icyphy/ptII/ptolemy/domains/sdf/lib/test/auto/MatrixJoin3.xml (RunModel)" time="0.039" />
  <testcase classname="ptolemy.util.test.junit.AutoTests" name="[40] /home/travis/build/icyphy/ptII/ptolemy/domains/sdf/lib/test/auto/MatrixJoin4.xml (RunModel)" time="0.035" />
  <testcase classname="ptolemy.util.test.junit.AutoTests" name="[41] /home/travis/build/icyphy/ptII/ptolemy/domains/sdf/lib/test/auto/MatrixJoin5.xml (RunModel)" time="0.02" />
  <testcase classname="ptolemy.util.test.junit.AutoTests" name="[42] /home/travis/build/icyphy/ptII/ptolemy/domains/sdf/lib/test/auto/MatrixSplit1.xml (RunModel)" time="0.033" />
  <testcase classname="ptolemy.util.test.junit.AutoTests" name="[43] /home/travis/build/icyphy/ptII/ptolemy/domains/sdf/lib/test/auto/MatrixSplit10.xml (RunModel)" time="0.021" />
  <testcase classname="ptolemy.util.test.junit.AutoTests" name="[44] /home/travis/build/icyphy/ptII/ptolemy/domains/sdf/lib/test/auto/MatrixSplit11.xml (RunModel)" time="0.018" />
  <testcase classname="ptolemy.util.test.junit.AutoTests" name="[45] /home/travis/build/icyphy/ptII/ptolemy/domains/sdf/lib/test/auto/MatrixSplit12.xml (RunModel)" time="0.027" />
  <testcase classname="ptolemy.util.test.junit.AutoTests" name="[46] /home/travis/build/icyphy/ptII/ptolemy/domains/sdf/lib/test/auto/MatrixSplit13.xml (RunModel)" time="0.037" />
  <testcase classname="ptolemy.util.test.junit.AutoTests" name="[47] /home/travis/build/icyphy/ptII/ptolemy/domains/sdf/lib/test/auto/MatrixSplit14.xml (RunModel)" time="0.018" />
  <testcase classname="ptolemy.util.test.junit.AutoTests" name="[48] /home/travis/build/icyphy/ptII/ptolemy/domains/sdf/lib/test/auto/MatrixSplit2.xml (RunModel)" time="0.022" />
  <testcase classname="ptolemy.util.test.junit.AutoTests" name="[49] /home/travis/build/icyphy/ptII/ptolemy/domains/sdf/lib/test/auto/MatrixSplit3.xml (RunModel)" time="0.021" />
  <testcase classname="ptolemy.util.test.junit.AutoTests" name="[50] /home/travis/build/icyphy/ptII/ptolemy/domains/sdf/lib/test/auto/MatrixSplit4.xml (RunModel)" time="0.024" />
  <testcase classname="ptolemy.util.test.junit.AutoTests" name="[51] /home/travis/build/icyphy/ptII/ptolemy/domains/sdf/lib/test/auto/MatrixSplit5.xml (RunModel)" time="0.022" />
  <testcase classname="ptolemy.util.test.junit.AutoTests" name="[52] /home/travis/build/icyphy/ptII/ptolemy/domains/sdf/lib/test/auto/MatrixSplit6.xml (RunModel)" time="0.026" />
  <testcase classname="ptolemy.util.test.junit.AutoTests" name="[53] /home/travis/build/icyphy/ptII/ptolemy/domains/sdf/lib/test/auto/MatrixSplit7.xml (RunModel)" time="0.016" />
  <testcase classname="ptolemy.util.test.junit.AutoTests" name="[54] /home/travis/build/icyphy/ptII/ptolemy/domains/sdf/lib/test/auto/MatrixSplit8.xml (RunModel)" time="0.018" />
  <testcase classname="ptolemy.util.test.junit.AutoTests" name="[55] /home/travis/build/icyphy/ptII/ptolemy/domains/sdf/lib/test/auto/MatrixSplit9.xml (RunModel)" time="0.022" />
  <testcase classname="ptolemy.util.test.junit.AutoTests" name="[56] /home/travis/build/icyphy/ptII/ptolemy/domains/sdf/lib/test/auto/MatrixToSequence.xml (RunModel)" time="0.04" />
  <testcase classname="ptolemy.util.test.junit.AutoTests" name="[57] /home/travis/build/icyphy/ptII/ptolemy/domains/sdf/lib/test/auto/MaximumEntropySpectrum.xml (RunModel)" time="0.131" />
  <testcase classname="ptolemy.util.test.junit.AutoTests" name="[58] /home/travis/build/icyphy/ptII/ptolemy/domains/sdf/lib/test/auto/SampleDelayConversion.xml (RunModel)" time="0.02" />
  <testcase classname="ptolemy.util.test.junit.AutoTests" name="[59] /home/travis/build/icyphy/ptII/ptolemy/domains/sdf/lib/test/auto/SequenceToArray.xml (RunModel)" time="0.053" />
  <testcase classname="ptolemy.util.test.junit.AutoTests" name="[60] /home/travis/build/icyphy/ptII/ptolemy/domains/sdf/lib/test/auto/SequenceToMatrix.xml (RunModel)" time="4.112" />
  <testcase classname="ptolemy.util.test.junit.AutoTests" name="[61] /home/travis/build/icyphy/ptII/ptolemy/domains/sdf/lib/test/auto/SmoothedPeriodogram.xml (RunModel)" time="0.047" />
  <testcase classname="ptolemy.util.test.junit.AutoTests" name="[62] /home/travis/build/icyphy/ptII/ptolemy/domains/sdf/lib/test/auto/UpDownSample1.xml (RunModel)" time="0.029" />
  <testcase classname="ptolemy.util.test.junit.AutoTests" name="[63] /home/travis/build/icyphy/ptII/ptolemy/domains/sdf/lib/test/auto/UpSample1.xml (RunModel)" time="0.013" />
  <testcase classname="ptolemy.util.test.junit.AutoTests" name="[64] /home/travis/build/icyphy/ptII/ptolemy/domains/sdf/lib/test/auto/VariableFIR.xml (RunModel)" time="0.021" />
  <testcase classname="ptolemy.util.test.junit.AutoTests" name="[65] /home/travis/build/icyphy/ptII/ptolemy/domains/sdf/lib/test/auto/VariableFIR2.xml (RunModel)" time="0.023" />
  <testcase classname="ptolemy.util.test.junit.AutoTests" name="[66] /home/travis/build/icyphy/ptII/ptolemy/domains/sdf/lib/test/auto/VariableLattice.xml (RunModel)" time="0.029" />
  <testcase classname="ptolemy.util.test.junit.AutoTests" name="[67] /home/travis/build/icyphy/ptII/ptolemy/domains/sdf/lib/test/auto/VariableLattice2.xml (RunModel)" time="0.027" />
  <testcase classname="ptolemy.util.test.junit.AutoTests" name="[68] /home/travis/build/icyphy/ptII/ptolemy/domains/sdf/lib/test/auto/VariableRecursiveLattice.xml (RunModel)" time="0.022" />
  <testcase classname="ptolemy.util.test.junit.AutoTests" name="[69] /home/travis/build/icyphy/ptII/ptolemy/domains/sdf/lib/test/auto/VariableRecursiveLattice2.xml (RunModel)" time="0.018" />
  <system-out><![CDATA[/home/travis/build/icyphy/ptII/ptolemy/domains/sdf/lib/test/ArrayToSequence.tcl
testDefs.tcl: setting time out to 9000 seconds at Sat Nov 24 02:55:02 UTC 2018
58 ms. Memory: 116224K Free: 110119K (95%)
14 ms. Memory: 116224K Free: 108345K (93%)
23 ms. Memory: 116224K Free: 106531K (92%)
18 ms. Memory: 116224K Free: 105351K (91%)
/home/travis/build/icyphy/ptII/ptolemy/domains/sdf/lib/test/BitsToInt.tcl
8 ms. Memory: 116224K Free: 103007K (89%)
6 ms. Memory: 116224K Free: 101818K (88%)
/home/travis/build/icyphy/ptII/ptolemy/domains/sdf/lib/test/DelayLine.tcl
7 ms. Memory: 116224K Free: 100020K (86%)
/home/travis/build/icyphy/ptII/ptolemy/domains/sdf/lib/test/FFT.tcl
5 ms. Memory: 116224K Free: 98238K (85%)
/home/travis/build/icyphy/ptII/ptolemy/domains/sdf/lib/test/FIR.tcl
12 ms. Memory: 116224K Free: 95862K (82%)
4 ms. Memory: 116224K Free: 95276K (82%)
ptolemy.kernel.util.IllegalActionException: multiplyReverse method not supported between ptolemy.data.FixToken 'fix(-0.0625,6,2)' and ptolemy.data.IntToken '1' because the types are incomparable.
  in .top.FIRclone
Because:
multiplyReverse method not supported between ptolemy.data.FixToken 'fix(-0.0625,6,2)' and ptolemy.data.IntToken '1' because the types are incomparable.
15 ms. Memory: 116224K Free: 92307K (79%)
/home/travis/build/icyphy/ptII/ptolemy/domains/sdf/lib/test/IntToBits.tcl
4 ms. Memory: 116224K Free: 91119K (78%)
4 ms. Memory: 116224K Free: 89328K (77%)
/home/travis/build/icyphy/ptII/ptolemy/domains/sdf/lib/test/MaximumEntropySpectrum.tcl
/home/travis/build/icyphy/ptII/ptolemy/domains/sdf/lib/test/Repeat.tcl
7 ms. Memory: 146944K Free: 119482K (81%)
/home/travis/build/icyphy/ptII/ptolemy/domains/sdf/lib/test/SampleDelay.tcl
4 ms. Memory: 146944K Free: 115869K (79%)
3 ms. Memory: 146944K Free: 115869K (79%)
6 ms. Memory: 146944K Free: 114674K (78%)
4 ms. Memory: 146944K Free: 113467K (77%)
2 ms. Memory: 146944K Free: 113467K (77%)
1 ms. Memory: 146944K Free: 112260K (76%)
/home/travis/build/icyphy/ptII/ptolemy/domains/sdf/lib/test/SequenceToArray.tcl
13 ms. Memory: 146944K Free: 111053K (76%)
13 ms. Memory: 146944K Free: 109846K (75%)
13 ms. Memory: 146944K Free: 108639K (74%)
5 ms. Memory: 146944K Free: 107432K (73%)
11/24/18 02:55:03
Failed: 0  Total Tests: 41  ((Passed: 41, Newly Passed: 0)  Known Failed: 0) /home/travis/build/icyphy/ptII/ptolemy/domains/sdf/lib/test
No auto/knownFailedTests/*.xml tests in /home/travis/build/icyphy/ptII/ptolemy/domains/sdf/lib/test
No auto/linux-amd64/*.xml tests in /home/travis/build/icyphy/ptII/ptolemy/domains/sdf/lib/test
AutoTests.java: About to close Vertx.
AutoTests.java: Vertx closed.

===========================================================================================
----------------- testing Sat Nov 24 02:55:03 UTC 2018 /home/travis/build/icyphy/ptII/ptolemy/domains/sdf/lib/test/auto/ArrayToSequence.xml
----------------- Instantiating /home/travis/build/icyphy/ptII/ptolemy/domains/sdf/lib/test/auto/ArrayToSequence.xml
15 ms. Memory: 146944K Free: 125366K (85%)
----------------- Invoking toplevel() on ptolemy.moml.MoMLSimpleApplication@255f9d20
----------------- Done invoking toplevel() on ptolemy.moml.MoMLSimpleApplication@255f9d20
reloadAllAccessors: .ArrayToSequence

===========================================================================================
----------------- testing Sat Nov 24 02:55:03 UTC 2018 /home/travis/build/icyphy/ptII/ptolemy/domains/sdf/lib/test/auto/ArrayToSequenceTest.xml
----------------- Instantiating /home/travis/build/icyphy/ptII/ptolemy/domains/sdf/lib/test/auto/ArrayToSequenceTest.xml
8 ms. Memory: 146944K Free: 117944K (80%)
----------------- Invoking toplevel() on ptolemy.moml.MoMLSimpleApplication@e88585d
----------------- Done invoking toplevel() on ptolemy.moml.MoMLSimpleApplication@e88585d
reloadAllAccessors: .ArrayToSequenceTest

===========================================================================================
----------------- testing Sat Nov 24 02:55:03 UTC 2018 /home/travis/build/icyphy/ptII/ptolemy/domains/sdf/lib/test/auto/Autocorrelation.xml
----------------- Instantiating /home/travis/build/icyphy/ptII/ptolemy/domains/sdf/lib/test/auto/Autocorrelation.xml
12 ms. Memory: 146944K Free: 113382K (77%)
----------------- Invoking toplevel() on ptolemy.moml.MoMLSimpleApplication@656d5f61
----------------- Done invoking toplevel() on ptolemy.moml.MoMLSimpleApplication@656d5f61
reloadAllAccessors: .Autocorrelation

===========================================================================================
----------------- testing Sat Nov 24 02:55:03 UTC 2018 /home/travis/build/icyphy/ptII/ptolemy/domains/sdf/lib/test/auto/Autocorrelation2.xml
----------------- Instantiating /home/travis/build/icyphy/ptII/ptolemy/domains/sdf/lib/test/auto/Autocorrelation2.xml
12 ms. Memory: 146944K Free: 108747K (74%)
----------------- Invoking toplevel() on ptolemy.moml.MoMLSimpleApplication@e83cbd0
----------------- Done invoking toplevel() on ptolemy.moml.MoMLSimpleApplication@e83cbd0
reloadAllAccessors: .Autocorrelation2

===========================================================================================
----------------- testing Sat Nov 24 02:55:04 UTC 2018 /home/travis/build/icyphy/ptII/ptolemy/domains/sdf/lib/test/auto/Autocorrelation3.xml
----------------- Instantiating /home/travis/build/icyphy/ptII/ptolemy/domains/sdf/lib/test/auto/Autocorrelation3.xml
11 ms. Memory: 146944K Free: 103381K (70%)
----------------- Invoking toplevel() on ptolemy.moml.MoMLSimpleApplication@98fa69c
----------------- Done invoking toplevel() on ptolemy.moml.MoMLSimpleApplication@98fa69c
reloadAllAccessors: .Autocorrelation3

===========================================================================================
----------------- testing Sat Nov 24 02:55:04 UTC 2018 /home/travis/build/icyphy/ptII/ptolemy/domains/sdf/lib/test/auto/Autocorrelation4.xml
----------------- Instantiating /home/travis/build/icyphy/ptII/ptolemy/domains/sdf/lib/test/auto/Autocorrelation4.xml
4 ms. Memory: 146944K Free: 98715K (67%)
----------------- Invoking toplevel() on ptolemy.moml.MoMLSimpleApplication@c70bb05
----------------- Done invoking toplevel() on ptolemy.moml.MoMLSimpleApplication@c70bb05
reloadAllAccessors: .Autocorrelation4

===========================================================================================
----------------- testing Sat Nov 24 02:55:04 UTC 2018 /home/travis/build/icyphy/ptII/ptolemy/domains/sdf/lib/test/auto/Autocorrelation5.xml
----------------- Instantiating /home/travis/build/icyphy/ptII/ptolemy/domains/sdf/lib/test/auto/Autocorrelation5.xml
62 ms. Memory: 146944K Free: 90939K (62%)
----------------- Invoking toplevel() on ptolemy.moml.MoMLSimpleApplication@4776b461
----------------- Done invoking toplevel() on ptolemy.moml.MoMLSimpleApplication@4776b461
reloadAllAccessors: .Autocorrelation5

===========================================================================================
----------------- testing Sat Nov 24 02:55:04 UTC 2018 /home/travis/build/icyphy/ptII/ptolemy/domains/sdf/lib/test/auto/BitsToInt.xml
----------------- Instantiating /home/travis/build/icyphy/ptII/ptolemy/domains/sdf/lib/test/auto/BitsToInt.xml
2 ms. Memory: 146944K Free: 86455K (59%)
----------------- Invoking toplevel() on ptolemy.moml.MoMLSimpleApplication@464e93ae
----------------- Done invoking toplevel() on ptolemy.moml.MoMLSimpleApplication@464e93ae
reloadAllAccessors: .BitsToInt

===========================================================================================
----------------- testing Sat Nov 24 02:55:04 UTC 2018 /home/travis/build/icyphy/ptII/ptolemy/domains/sdf/lib/test/auto/BooleanJoin.xml
----------------- Instantiating /home/travis/build/icyphy/ptII/ptolemy/domains/sdf/lib/test/auto/BooleanJoin.xml
6 ms. Memory: 146944K Free: 81820K (56%)
----------------- Invoking toplevel() on ptolemy.moml.MoMLSimpleApplication@39aff13b
----------------- Done invoking toplevel() on ptolemy.moml.MoMLSimpleApplication@39aff13b
reloadAllAccessors: .BooleanJoin

===========================================================================================
----------------- testing Sat Nov 24 02:55:04 UTC 2018 /home/travis/build/icyphy/ptII/ptolemy/domains/sdf/lib/test/auto/BootstrapSampleDelay.xml
----------------- Instantiating /home/travis/build/icyphy/ptII/ptolemy/domains/sdf/lib/test/auto/BootstrapSampleDelay.xml
31 ms. Memory: 208384K Free: 200472K (96%)
----------------- Invoking toplevel() on ptolemy.moml.MoMLSimpleApplication@152763bf
----------------- Done invoking toplevel() on ptolemy.moml.MoMLSimpleApplication@152763bf
reloadAllAccessors: .BootstrapSampleDelay

===========================================================================================
----------------- testing Sat Nov 24 02:55:04 UTC 2018 /home/travis/build/icyphy/ptII/ptolemy/domains/sdf/lib/test/auto/Chop.xml
----------------- Instantiating /home/travis/build/icyphy/ptII/ptolemy/domains/sdf/lib/test/auto/Chop.xml
14 ms. Memory: 208384K Free: 189194K (91%)
----------------- Invoking toplevel() on ptolemy.moml.MoMLSimpleApplication@528deb8f
----------------- Done invoking toplevel() on ptolemy.moml.MoMLSimpleApplication@528deb8f
reloadAllAccessors: .Chop

===========================================================================================
----------------- testing Sat Nov 24 02:55:04 UTC 2018 /home/travis/build/icyphy/ptII/ptolemy/domains/sdf/lib/test/auto/Chop2.xml
----------------- Instantiating /home/travis/build/icyphy/ptII/ptolemy/domains/sdf/lib/test/auto/Chop2.xml
15 ms. Memory: 208384K Free: 182435K (88%)
----------------- Invoking toplevel() on ptolemy.moml.MoMLSimpleApplication@42580e55
----------------- Done invoking toplevel() on ptolemy.moml.MoMLSimpleApplication@42580e55
reloadAllAccessors: .Chop2

===========================================================================================
----------------- testing Sat Nov 24 02:55:04 UTC 2018 /home/travis/build/icyphy/ptII/ptolemy/domains/sdf/lib/test/auto/ComplexJoin.xml
----------------- Instantiating /home/travis/build/icyphy/ptII/ptolemy/domains/sdf/lib/test/auto/ComplexJoin.xml
9 ms. Memory: 208384K Free: 177479K (85%)
----------------- Invoking toplevel() on ptolemy.moml.MoMLSimpleApplication@84f01da
----------------- Done invoking toplevel() on ptolemy.moml.MoMLSimpleApplication@84f01da
reloadAllAccessors: .ComplexJoin

===========================================================================================
----------------- testing Sat Nov 24 02:55:04 UTC 2018 /home/travis/build/icyphy/ptII/ptolemy/domains/sdf/lib/test/auto/CountTrues.xml
----------------- Instantiating /home/travis/build/icyphy/ptII/ptolemy/domains/sdf/lib/test/auto/CountTrues.xml
4 ms. Memory: 208384K Free: 174391K (84%)
----------------- Invoking toplevel() on ptolemy.moml.MoMLSimpleApplication@66bb5952
----------------- Done invoking toplevel() on ptolemy.moml.MoMLSimpleApplication@66bb5952
reloadAllAccessors: .CountTrues

===========================================================================================
----------------- testing Sat Nov 24 02:55:04 UTC 2018 /home/travis/build/icyphy/ptII/ptolemy/domains/sdf/lib/test/auto/DelayLine.xml
----------------- Instantiating /home/travis/build/icyphy/ptII/ptolemy/domains/sdf/lib/test/auto/DelayLine.xml
13 ms. Memory: 208384K Free: 167326K (80%)
----------------- Invoking toplevel() on ptolemy.moml.MoMLSimpleApplication@4f48c9ac
----------------- Done invoking toplevel() on ptolemy.moml.MoMLSimpleApplication@4f48c9ac
reloadAllAccessors: .DelayLine

===========================================================================================
----------------- testing Sat Nov 24 02:55:04 UTC 2018 /home/travis/build/icyphy/ptII/ptolemy/domains/sdf/lib/test/auto/DotProduct.xml
----------------- Instantiating /home/travis/build/icyphy/ptII/ptolemy/domains/sdf/lib/test/auto/DotProduct.xml
10 ms. Memory: 208384K Free: 164236K (79%)
----------------- Invoking toplevel() on ptolemy.moml.MoMLSimpleApplication@699e682f
----------------- Done invoking toplevel() on ptolemy.moml.MoMLSimpleApplication@699e682f
reloadAllAccessors: .DotProduct

===========================================================================================
----------------- testing Sat Nov 24 02:55:04 UTC 2018 /home/travis/build/icyphy/ptII/ptolemy/domains/sdf/lib/test/auto/DotProductMatrix.xml
----------------- Instantiating /home/travis/build/icyphy/ptII/ptolemy/domains/sdf/lib/test/auto/DotProductMatrix.xml
4 ms. Memory: 208384K Free: 161132K (77%)
----------------- Invoking toplevel() on ptolemy.moml.MoMLSimpleApplication@110c73ac
----------------- Done invoking toplevel() on ptolemy.moml.MoMLSimpleApplication@110c73ac
reloadAllAccessors: .DotProductMatrix

===========================================================================================
----------------- testing Sat Nov 24 02:55:04 UTC 2018 /home/travis/build/icyphy/ptII/ptolemy/domains/sdf/lib/test/auto/DownSample1.xml
----------------- Instantiating /home/travis/build/icyphy/ptII/ptolemy/domains/sdf/lib/test/auto/DownSample1.xml
5 ms. Memory: 208384K Free: 157445K (76%)
----------------- Invoking toplevel() on ptolemy.moml.MoMLSimpleApplication@11c3301
----------------- Done invoking toplevel() on ptolemy.moml.MoMLSimpleApplication@11c3301
reloadAllAccessors: .DownSample1

===========================================================================================
----------------- testing Sat Nov 24 02:55:04 UTC 2018 /home/travis/build/icyphy/ptII/ptolemy/domains/sdf/lib/test/auto/DynamicRateChange.xml
----------------- Instantiating /home/travis/build/icyphy/ptII/ptolemy/domains/sdf/lib/test/auto/DynamicRateChange.xml
12 ms. Memory: 208384K Free: 149766K (72%)
----------------- Invoking toplevel() on ptolemy.moml.MoMLSimpleApplication@634a59c7
----------------- Done invoking toplevel() on ptolemy.moml.MoMLSimpleApplication@634a59c7
reloadAllAccessors: .DynamicRateChange

===========================================================================================
----------------- testing Sat Nov 24 02:55:04 UTC 2018 /home/travis/build/icyphy/ptII/ptolemy/domains/sdf/lib/test/auto/DynamicRates.xml
----------------- Instantiating /home/travis/build/icyphy/ptII/ptolemy/domains/sdf/lib/test/auto/DynamicRates.xml
10 ms. Memory: 208384K Free: 144754K (69%)
----------------- Invoking toplevel() on ptolemy.moml.MoMLSimpleApplication@10f2f352
----------------- Done invoking toplevel() on ptolemy.moml.MoMLSimpleApplication@10f2f352
reloadAllAccessors: .DynamicRates

===========================================================================================
----------------- testing Sat Nov 24 02:55:04 UTC 2018 /home/travis/build/icyphy/ptII/ptolemy/domains/sdf/lib/test/auto/FFT1.xml
----------------- Instantiating /home/travis/build/icyphy/ptII/ptolemy/domains/sdf/lib/test/auto/FFT1.xml
8 ms. Memory: 208384K Free: 139176K (67%)
----------------- Invoking toplevel() on ptolemy.moml.MoMLSimpleApplication@230846ee
----------------- Done invoking toplevel() on ptolemy.moml.MoMLSimpleApplication@230846ee
reloadAllAccessors: .FFT1

===========================================================================================
----------------- testing Sat Nov 24 02:55:04 UTC 2018 /home/travis/build/icyphy/ptII/ptolemy/domains/sdf/lib/test/auto/FIR1.xml
----------------- Instantiating /home/travis/build/icyphy/ptII/ptolemy/domains/sdf/lib/test/auto/FIR1.xml
17 ms. Memory: 208384K Free: 131723K (63%)
----------------- Invoking toplevel() on ptolemy.moml.MoMLSimpleApplication@4dd3e4f5
----------------- Done invoking toplevel() on ptolemy.moml.MoMLSimpleApplication@4dd3e4f5
reloadAllAccessors: .FIR1

===========================================================================================
----------------- testing Sat Nov 24 02:55:04 UTC 2018 /home/travis/build/icyphy/ptII/ptolemy/domains/sdf/lib/test/auto/FIR2.xml
----------------- Instantiating /home/travis/build/icyphy/ptII/ptolemy/domains/sdf/lib/test/auto/FIR2.xml
2 ms. Memory: 208384K Free: 126470K (61%)
----------------- Invoking toplevel() on ptolemy.moml.MoMLSimpleApplication@17f19046
----------------- Done invoking toplevel() on ptolemy.moml.MoMLSimpleApplication@17f19046
reloadAllAccessors: .FIR2

===========================================================================================
----------------- testing Sat Nov 24 02:55:04 UTC 2018 /home/travis/build/icyphy/ptII/ptolemy/domains/sdf/lib/test/auto/FIR4.xml
----------------- Instantiating /home/travis/build/icyphy/ptII/ptolemy/domains/sdf/lib/test/auto/FIR4.xml
3 ms. Memory: 208384K Free: 117820K (57%)
----------------- Invoking toplevel() on ptolemy.moml.MoMLSimpleApplication@90fdd67
----------------- Done invoking toplevel() on ptolemy.moml.MoMLSimpleApplication@90fdd67
reloadAllAccessors: .FIR4

===========================================================================================
----------------- testing Sat Nov 24 02:55:04 UTC 2018 /home/travis/build/icyphy/ptII/ptolemy/domains/sdf/lib/test/auto/FixJoin.xml
----------------- Instantiating /home/travis/build/icyphy/ptII/ptolemy/domains/sdf/lib/test/auto/FixJoin.xml
3 ms. Memory: 208384K Free: 112824K (54%)
----------------- Invoking toplevel() on ptolemy.moml.MoMLSimpleApplication@4362cd54
----------------- Done invoking toplevel() on ptolemy.moml.MoMLSimpleApplication@4362cd54
reloadAllAccessors: .FixJoin

===========================================================================================
----------------- testing Sat Nov 24 02:55:04 UTC 2018 /home/travis/build/icyphy/ptII/ptolemy/domains/sdf/lib/test/auto/IntJoin1.xml
----------------- Instantiating /home/travis/build/icyphy/ptII/ptolemy/domains/sdf/lib/test/auto/IntJoin1.xml
4 ms. Memory: 208384K Free: 108458K (52%)
----------------- Invoking toplevel() on ptolemy.moml.MoMLSimpleApplication@5bf7b2fb
----------------- Done invoking toplevel() on ptolemy.moml.MoMLSimpleApplication@5bf7b2fb
reloadAllAccessors: .IntJoin1

===========================================================================================
----------------- testing Sat Nov 24 02:55:04 UTC 2018 /home/travis/build/icyphy/ptII/ptolemy/domains/sdf/lib/test/auto/IntJoin2.xml
----------------- Instantiating /home/travis/build/icyphy/ptII/ptolemy/domains/sdf/lib/test/auto/IntJoin2.xml
3 ms. Memory: 208384K Free: 101377K (49%)
----------------- Invoking toplevel() on ptolemy.moml.MoMLSimpleApplication@4af02d9
----------------- Done invoking toplevel() on ptolemy.moml.MoMLSimpleApplication@4af02d9
reloadAllAccessors: .IntJoin2

===========================================================================================
----------------- testing Sat Nov 24 02:55:04 UTC 2018 /home/travis/build/icyphy/ptII/ptolemy/domains/sdf/lib/test/auto/IntJoin3.xml
----------------- Instantiating /home/travis/build/icyphy/ptII/ptolemy/domains/sdf/lib/test/auto/IntJoin3.xml
5 ms. Memory: 208384K Free: 97068K (47%)
----------------- Invoking toplevel() on ptolemy.moml.MoMLSimpleApplication@7a43b875
----------------- Done invoking toplevel() on ptolemy.moml.MoMLSimpleApplication@7a43b875
reloadAllAccessors: .IntJoin3

===========================================================================================
----------------- testing Sat Nov 24 02:55:04 UTC 2018 /home/travis/build/icyphy/ptII/ptolemy/domains/sdf/lib/test/auto/IntJoin4.xml
----------------- Instantiating /home/travis/build/icyphy/ptII/ptolemy/domains/sdf/lib/test/auto/IntJoin4.xml
2 ms. Memory: 208384K Free: 92719K (44%)
----------------- Invoking toplevel() on ptolemy.moml.MoMLSimpleApplication@c5b3398
----------------- Done invoking toplevel() on ptolemy.moml.MoMLSimpleApplication@c5b3398
reloadAllAccessors: .IntJoin4

===========================================================================================
----------------- testing Sat Nov 24 02:55:04 UTC 2018 /home/travis/build/icyphy/ptII/ptolemy/domains/sdf/lib/test/auto/IntJoin5.xml
----------------- Instantiating /home/travis/build/icyphy/ptII/ptolemy/domains/sdf/lib/test/auto/IntJoin5.xml
2 ms. Memory: 208384K Free: 87796K (42%)
----------------- Invoking toplevel() on ptolemy.moml.MoMLSimpleApplication@785ed2bf
----------------- Done invoking toplevel() on ptolemy.moml.MoMLSimpleApplication@785ed2bf
reloadAllAccessors: .IntJoin5

===========================================================================================
----------------- testing Sat Nov 24 02:55:05 UTC 2018 /home/travis/build/icyphy/ptII/ptolemy/domains/sdf/lib/test/auto/IntToBits.xml
----------------- Instantiating /home/travis/build/icyphy/ptII/ptolemy/domains/sdf/lib/test/auto/IntToBits.xml
4 ms. Memory: 208384K Free: 83118K (40%)
----------------- Invoking toplevel() on ptolemy.moml.MoMLSimpleApplication@1cb81a12
----------------- Done invoking toplevel() on ptolemy.moml.MoMLSimpleApplication@1cb81a12
reloadAllAccessors: .IntToBits

===========================================================================================
----------------- testing Sat Nov 24 02:55:05 UTC 2018 /home/travis/build/icyphy/ptII/ptolemy/domains/sdf/lib/test/auto/LMSAdaptive.xml
----------------- Instantiating /home/travis/build/icyphy/ptII/ptolemy/domains/sdf/lib/test/auto/LMSAdaptive.xml
12 ms. Memory: 208384K Free: 196783K (94%)
----------------- Invoking toplevel() on ptolemy.moml.MoMLSimpleApplication@45ecf974
----------------- Done invoking toplevel() on ptolemy.moml.MoMLSimpleApplication@45ecf974
reloadAllAccessors: .LMSAdaptive

===========================================================================================
----------------- testing Sat Nov 24 02:55:05 UTC 2018 /home/travis/build/icyphy/ptII/ptolemy/domains/sdf/lib/test/auto/LMSAdaptiveFIR.xml
----------------- Instantiating /home/travis/build/icyphy/ptII/ptolemy/domains/sdf/lib/test/auto/LMSAdaptiveFIR.xml
280 ms. Memory: 208384K Free: 156339K (75%)
----------------- Invoking toplevel() on ptolemy.moml.MoMLSimpleApplication@7e5dec67
----------------- Done invoking toplevel() on ptolemy.moml.MoMLSimpleApplication@7e5dec67
reloadAllAccessors: .LMSAdaptiveFIR

===========================================================================================
----------------- testing Sat Nov 24 02:55:05 UTC 2018 /home/travis/build/icyphy/ptII/ptolemy/domains/sdf/lib/test/auto/LMSAdaptiveFIR2.xml
----------------- Instantiating /home/travis/build/icyphy/ptII/ptolemy/domains/sdf/lib/test/auto/LMSAdaptiveFIR2.xml
348 ms. Memory: 208384K Free: 95985K (46%)
----------------- Invoking toplevel() on ptolemy.moml.MoMLSimpleApplication@63c93fa3
----------------- Done invoking toplevel() on ptolemy.moml.MoMLSimpleApplication@63c93fa3
reloadAllAccessors: .LMSAdaptiveFIR2

===========================================================================================
----------------- testing Sat Nov 24 02:55:05 UTC 2018 /home/travis/build/icyphy/ptII/ptolemy/domains/sdf/lib/test/auto/LongJoin.xml
----------------- Instantiating /home/travis/build/icyphy/ptII/ptolemy/domains/sdf/lib/test/auto/LongJoin.xml
10 ms. Memory: 208384K Free: 90595K (43%)
----------------- Invoking toplevel() on ptolemy.moml.MoMLSimpleApplication@28e131d2
----------------- Done invoking toplevel() on ptolemy.moml.MoMLSimpleApplication@28e131d2
reloadAllAccessors: .LongJoin

===========================================================================================
----------------- testing Sat Nov 24 02:55:05 UTC 2018 /home/travis/build/icyphy/ptII/ptolemy/domains/sdf/lib/test/auto/Matrix1.xml
----------------- Instantiating /home/travis/build/icyphy/ptII/ptolemy/domains/sdf/lib/test/auto/Matrix1.xml
5 ms. Memory: 208384K Free: 86246K (41%)
----------------- Invoking toplevel() on ptolemy.moml.MoMLSimpleApplication@2905e216
----------------- Done invoking toplevel() on ptolemy.moml.MoMLSimpleApplication@2905e216
reloadAllAccessors: .Matrix1

===========================================================================================
----------------- testing Sat Nov 24 02:55:06 UTC 2018 /home/travis/build/icyphy/ptII/ptolemy/domains/sdf/lib/test/auto/Matrix2.xml
----------------- Instantiating /home/travis/build/icyphy/ptII/ptolemy/domains/sdf/lib/test/auto/Matrix2.xml
5 ms. Memory: 208384K Free: 81881K (39%)
----------------- Invoking toplevel() on ptolemy.moml.MoMLSimpleApplication@57965a43
----------------- Done invoking toplevel() on ptolemy.moml.MoMLSimpleApplication@57965a43
reloadAllAccessors: .Matrix2

===========================================================================================
----------------- testing Sat Nov 24 02:55:06 UTC 2018 /home/travis/build/icyphy/ptII/ptolemy/domains/sdf/lib/test/auto/MatrixJoin1.xml
----------------- Instantiating /home/travis/build/icyphy/ptII/ptolemy/domains/sdf/lib/test/auto/MatrixJoin1.xml
4 ms. Memory: 333312K Free: 323504K (97%)
----------------- Invoking toplevel() on ptolemy.moml.MoMLSimpleApplication@5f19dd50
----------------- Done invoking toplevel() on ptolemy.moml.MoMLSimpleApplication@5f19dd50
reloadAllAccessors: .MatrixJoin1

===========================================================================================
----------------- testing Sat Nov 24 02:55:06 UTC 2018 /home/travis/build/icyphy/ptII/ptolemy/domains/sdf/lib/test/auto/MatrixJoin2.xml
----------------- Instantiating /home/travis/build/icyphy/ptII/ptolemy/domains/sdf/lib/test/auto/MatrixJoin2.xml
3 ms. Memory: 333312K Free: 315647K (95%)
----------------- Invoking toplevel() on ptolemy.moml.MoMLSimpleApplication@4a0b34e3
----------------- Done invoking toplevel() on ptolemy.moml.MoMLSimpleApplication@4a0b34e3
reloadAllAccessors: .MatrixJoin2

===========================================================================================
----------------- testing Sat Nov 24 02:55:06 UTC 2018 /home/travis/build/icyphy/ptII/ptolemy/domains/sdf/lib/test/auto/MatrixJoin3.xml
----------------- Instantiating /home/travis/build/icyphy/ptII/ptolemy/domains/sdf/lib/test/auto/MatrixJoin3.xml
3 ms. Memory: 333312K Free: 309487K (93%)
----------------- Invoking toplevel() on ptolemy.moml.MoMLSimpleApplication@7fe2c364
----------------- Done invoking toplevel() on ptolemy.moml.MoMLSimpleApplication@7fe2c364
reloadAllAccessors: .MatrixJoin3

===========================================================================================
----------------- testing Sat Nov 24 02:55:06 UTC 2018 /home/travis/build/icyphy/ptII/ptolemy/domains/sdf/lib/test/auto/MatrixJoin4.xml
----------------- Instantiating /home/travis/build/icyphy/ptII/ptolemy/domains/sdf/lib/test/auto/MatrixJoin4.xml
2 ms. Memory: 333312K Free: 304556K (91%)
----------------- Invoking toplevel() on ptolemy.moml.MoMLSimpleApplication@78498936
----------------- Done invoking toplevel() on ptolemy.moml.MoMLSimpleApplication@78498936
reloadAllAccessors: .MatrixJoin4

===========================================================================================
----------------- testing Sat Nov 24 02:55:06 UTC 2018 /home/travis/build/icyphy/ptII/ptolemy/domains/sdf/lib/test/auto/MatrixJoin5.xml
----------------- Instantiating /home/travis/build/icyphy/ptII/ptolemy/domains/sdf/lib/test/auto/MatrixJoin5.xml
2 ms. Memory: 333312K Free: 298214K (89%)
----------------- Invoking toplevel() on ptolemy.moml.MoMLSimpleApplication@18b2d9bc
----------------- Done invoking toplevel() on ptolemy.moml.MoMLSimpleApplication@18b2d9bc
reloadAllAccessors: .MatrixJoin5

===========================================================================================
----------------- testing Sat Nov 24 02:55:06 UTC 2018 /home/travis/build/icyphy/ptII/ptolemy/domains/sdf/lib/test/auto/MatrixSplit1.xml
----------------- Instantiating /home/travis/build/icyphy/ptII/ptolemy/domains/sdf/lib/test/auto/MatrixSplit1.xml
3 ms. Memory: 333312K Free: 292069K (88%)
----------------- Invoking toplevel() on ptolemy.moml.MoMLSimpleApplication@d54595e
----------------- Done invoking toplevel() on ptolemy.moml.MoMLSimpleApplication@d54595e
reloadAllAccessors: .MatrixSplit1

===========================================================================================
----------------- testing Sat Nov 24 02:55:06 UTC 2018 /home/travis/build/icyphy/ptII/ptolemy/domains/sdf/lib/test/auto/MatrixSplit10.xml
----------------- Instantiating /home/travis/build/icyphy/ptII/ptolemy/domains/sdf/lib/test/auto/MatrixSplit10.xml
4 ms. Memory: 333312K Free: 287154K (86%)
----------------- Invoking toplevel() on ptolemy.moml.MoMLSimpleApplication@7aced05b
----------------- Done invoking toplevel() on ptolemy.moml.MoMLSimpleApplication@7aced05b
reloadAllAccessors: .MatrixSplit10

===========================================================================================
----------------- testing Sat Nov 24 02:55:06 UTC 2018 /home/travis/build/icyphy/ptII/ptolemy/domains/sdf/lib/test/auto/MatrixSplit11.xml
----------------- Instantiating /home/travis/build/icyphy/ptII/ptolemy/domains/sdf/lib/test/auto/MatrixSplit11.xml
3 ms. Memory: 333312K Free: 282239K (85%)
----------------- Invoking toplevel() on ptolemy.moml.MoMLSimpleApplication@3ab48e68
----------------- Done invoking toplevel() on ptolemy.moml.MoMLSimpleApplication@3ab48e68
reloadAllAccessors: .MatrixSplit11

===========================================================================================
----------------- testing Sat Nov 24 02:55:06 UTC 2018 /home/travis/build/icyphy/ptII/ptolemy/domains/sdf/lib/test/auto/MatrixSplit12.xml
----------------- Instantiating /home/travis/build/icyphy/ptII/ptolemy/domains/sdf/lib/test/auto/MatrixSplit12.xml
3 ms. Memory: 333312K Free: 275913K (83%)
----------------- Invoking toplevel() on ptolemy.moml.MoMLSimpleApplication@65c8a29b
----------------- Done invoking toplevel() on ptolemy.moml.MoMLSimpleApplication@65c8a29b
reloadAllAccessors: .MatrixSplit12

===========================================================================================
----------------- testing Sat Nov 24 02:55:06 UTC 2018 /home/travis/build/icyphy/ptII/ptolemy/domains/sdf/lib/test/auto/MatrixSplit13.xml
----------------- Instantiating /home/travis/build/icyphy/ptII/ptolemy/domains/sdf/lib/test/auto/MatrixSplit13.xml
3 ms. Memory: 333312K Free: 270998K (81%)
----------------- Invoking toplevel() on ptolemy.moml.MoMLSimpleApplication@2a57ecc9
----------------- Done invoking toplevel() on ptolemy.moml.MoMLSimpleApplication@2a57ecc9
reloadAllAccessors: .MatrixSplit13

===========================================================================================
----------------- testing Sat Nov 24 02:55:06 UTC 2018 /home/travis/build/icyphy/ptII/ptolemy/domains/sdf/lib/test/auto/MatrixSplit14.xml
----------------- Instantiating /home/travis/build/icyphy/ptII/ptolemy/domains/sdf/lib/test/auto/MatrixSplit14.xml
2 ms. Memory: 333312K Free: 266082K (80%)
----------------- Invoking toplevel() on ptolemy.moml.MoMLSimpleApplication@488de9de
----------------- Done invoking toplevel() on ptolemy.moml.MoMLSimpleApplication@488de9de
reloadAllAccessors: .MatrixSplit14

===========================================================================================
----------------- testing Sat Nov 24 02:55:06 UTC 2018 /home/travis/build/icyphy/ptII/ptolemy/domains/sdf/lib/test/auto/MatrixSplit2.xml
----------------- Instantiating /home/travis/build/icyphy/ptII/ptolemy/domains/sdf/lib/test/auto/MatrixSplit2.xml
2 ms. Memory: 333312K Free: 259756K (78%)
----------------- Invoking toplevel() on ptolemy.moml.MoMLSimpleApplication@9a50f50
----------------- Done invoking toplevel() on ptolemy.moml.MoMLSimpleApplication@9a50f50
reloadAllAccessors: .MatrixSplit2

===========================================================================================
----------------- testing Sat Nov 24 02:55:06 UTC 2018 /home/travis/build/icyphy/ptII/ptolemy/domains/sdf/lib/test/auto/MatrixSplit3.xml
----------------- Instantiating /home/travis/build/icyphy/ptII/ptolemy/domains/sdf/lib/test/auto/MatrixSplit3.xml
2 ms. Memory: 333312K Free: 254841K (76%)
----------------- Invoking toplevel() on ptolemy.moml.MoMLSimpleApplication@7c4a10f3
----------------- Done invoking toplevel() on ptolemy.moml.MoMLSimpleApplication@7c4a10f3
reloadAllAccessors: .MatrixSplit3

===========================================================================================
----------------- testing Sat Nov 24 02:55:06 UTC 2018 /home/travis/build/icyphy/ptII/ptolemy/domains/sdf/lib/test/auto/MatrixSplit4.xml
----------------- Instantiating /home/travis/build/icyphy/ptII/ptolemy/domains/sdf/lib/test/auto/MatrixSplit4.xml
4 ms. Memory: 333312K Free: 249926K (75%)
----------------- Invoking toplevel() on ptolemy.moml.MoMLSimpleApplication@7912efeb
----------------- Done invoking toplevel() on ptolemy.moml.MoMLSimpleApplication@7912efeb
reloadAllAccessors: .MatrixSplit4

===========================================================================================
----------------- testing Sat Nov 24 02:55:06 UTC 2018 /home/travis/build/icyphy/ptII/ptolemy/domains/sdf/lib/test/auto/MatrixSplit5.xml
----------------- Instantiating /home/travis/build/icyphy/ptII/ptolemy/domains/sdf/lib/test/auto/MatrixSplit5.xml
5 ms. Memory: 333312K Free: 245010K (74%)
----------------- Invoking toplevel() on ptolemy.moml.MoMLSimpleApplication@541c6158
----------------- Done invoking toplevel() on ptolemy.moml.MoMLSimpleApplication@541c6158
reloadAllAccessors: .MatrixSplit5

===========================================================================================
----------------- testing Sat Nov 24 02:55:06 UTC 2018 /home/travis/build/icyphy/ptII/ptolemy/domains/sdf/lib/test/auto/MatrixSplit6.xml
----------------- Instantiating /home/travis/build/icyphy/ptII/ptolemy/domains/sdf/lib/test/auto/MatrixSplit6.xml
2 ms. Memory: 333312K Free: 238684K (72%)
----------------- Invoking toplevel() on ptolemy.moml.MoMLSimpleApplication@5356c458
----------------- Done invoking toplevel() on ptolemy.moml.MoMLSimpleApplication@5356c458
reloadAllAccessors: .MatrixSplit6

===========================================================================================
----------------- testing Sat Nov 24 02:55:06 UTC 2018 /home/travis/build/icyphy/ptII/ptolemy/domains/sdf/lib/test/auto/MatrixSplit7.xml
----------------- Instantiating /home/travis/build/icyphy/ptII/ptolemy/domains/sdf/lib/test/auto/MatrixSplit7.xml
3 ms. Memory: 333312K Free: 233769K (70%)
----------------- Invoking toplevel() on ptolemy.moml.MoMLSimpleApplication@3221aeaf
----------------- Done invoking toplevel() on ptolemy.moml.MoMLSimpleApplication@3221aeaf
reloadAllAccessors: .MatrixSplit7

===========================================================================================
----------------- testing Sat Nov 24 02:55:06 UTC 2018 /home/travis/build/icyphy/ptII/ptolemy/domains/sdf/lib/test/auto/MatrixSplit8.xml
----------------- Instantiating /home/travis/build/icyphy/ptII/ptolemy/domains/sdf/lib/test/auto/MatrixSplit8.xml
2 ms. Memory: 333312K Free: 228854K (69%)
----------------- Invoking toplevel() on ptolemy.moml.MoMLSimpleApplication@baca81b
----------------- Done invoking toplevel() on ptolemy.moml.MoMLSimpleApplication@baca81b
reloadAllAccessors: .MatrixSplit8

===========================================================================================
----------------- testing Sat Nov 24 02:55:06 UTC 2018 /home/travis/build/icyphy/ptII/ptolemy/domains/sdf/lib/test/auto/MatrixSplit9.xml
----------------- Instantiating /home/travis/build/icyphy/ptII/ptolemy/domains/sdf/lib/test/auto/MatrixSplit9.xml
3 ms. Memory: 333312K Free: 220070K (66%)
----------------- Invoking toplevel() on ptolemy.moml.MoMLSimpleApplication@1097d07b
----------------- Done invoking toplevel() on ptolemy.moml.MoMLSimpleApplication@1097d07b
reloadAllAccessors: .MatrixSplit9

===========================================================================================
----------------- testing Sat Nov 24 02:55:06 UTC 2018 /home/travis/build/icyphy/ptII/ptolemy/domains/sdf/lib/test/auto/MatrixToSequence.xml
----------------- Instantiating /home/travis/build/icyphy/ptII/ptolemy/domains/sdf/lib/test/auto/MatrixToSequence.xml
10 ms. Memory: 333312K Free: 209011K (63%)
----------------- Invoking toplevel() on ptolemy.moml.MoMLSimpleApplication@4921cd45
----------------- Done invoking toplevel() on ptolemy.moml.MoMLSimpleApplication@4921cd45
reloadAllAccessors: .MatrixToSequence

===========================================================================================
----------------- testing Sat Nov 24 02:55:06 UTC 2018 /home/travis/build/icyphy/ptII/ptolemy/domains/sdf/lib/test/auto/MaximumEntropySpectrum.xml
----------------- Instantiating /home/travis/build/icyphy/ptII/ptolemy/domains/sdf/lib/test/auto/MaximumEntropySpectrum.xml
10 ms. Memory: 333312K Free: 185648K (56%)
----------------- Invoking toplevel() on ptolemy.moml.MoMLSimpleApplication@4d1b1e7f
----------------- Done invoking toplevel() on ptolemy.moml.MoMLSimpleApplication@4d1b1e7f
reloadAllAccessors: .MaximumEntropySpectrum

===========================================================================================
----------------- testing Sat Nov 24 02:55:06 UTC 2018 /home/travis/build/icyphy/ptII/ptolemy/domains/sdf/lib/test/auto/SampleDelayConversion.xml
----------------- Instantiating /home/travis/build/icyphy/ptII/ptolemy/domains/sdf/lib/test/auto/SampleDelayConversion.xml
1 ms. Memory: 333312K Free: 179322K (54%)
----------------- Invoking toplevel() on ptolemy.moml.MoMLSimpleApplication@349c4fe9
----------------- Done invoking toplevel() on ptolemy.moml.MoMLSimpleApplication@349c4fe9
reloadAllAccessors: .SampleDelayConversion

===========================================================================================
----------------- testing Sat Nov 24 02:55:06 UTC 2018 /home/travis/build/icyphy/ptII/ptolemy/domains/sdf/lib/test/auto/SequenceToArray.xml
----------------- Instantiating /home/travis/build/icyphy/ptII/ptolemy/domains/sdf/lib/test/auto/SequenceToArray.xml
15 ms. Memory: 333312K Free: 165772K (50%)
----------------- Invoking toplevel() on ptolemy.moml.MoMLSimpleApplication@283bd744
----------------- Done invoking toplevel() on ptolemy.moml.MoMLSimpleApplication@283bd744
reloadAllAccessors: .SequenceToArray

===========================================================================================
----------------- testing Sat Nov 24 02:55:06 UTC 2018 /home/travis/build/icyphy/ptII/ptolemy/domains/sdf/lib/test/auto/SequenceToMatrix.xml
----------------- Instantiating /home/travis/build/icyphy/ptII/ptolemy/domains/sdf/lib/test/auto/SequenceToMatrix.xml
4083 ms. Memory: 579072K Free: 508013K (88%)
----------------- Invoking toplevel() on ptolemy.moml.MoMLSimpleApplication@4cbba7cd
----------------- Done invoking toplevel() on ptolemy.moml.MoMLSimpleApplication@4cbba7cd
reloadAllAccessors: .SequenceToMatrix

===========================================================================================
----------------- testing Sat Nov 24 02:55:10 UTC 2018 /home/travis/build/icyphy/ptII/ptolemy/domains/sdf/lib/test/auto/SmoothedPeriodogram.xml
----------------- Instantiating /home/travis/build/icyphy/ptII/ptolemy/domains/sdf/lib/test/auto/SmoothedPeriodogram.xml
10 ms. Memory: 579072K Free: 484828K (84%)
----------------- Invoking toplevel() on ptolemy.moml.MoMLSimpleApplication@7344e46c
----------------- Done invoking toplevel() on ptolemy.moml.MoMLSimpleApplication@7344e46c
reloadAllAccessors: .SmoothedPeriodogram

===========================================================================================
----------------- testing Sat Nov 24 02:55:10 UTC 2018 /home/travis/build/icyphy/ptII/ptolemy/domains/sdf/lib/test/auto/UpDownSample1.xml
----------------- Instantiating /home/travis/build/icyphy/ptII/ptolemy/domains/sdf/lib/test/auto/UpDownSample1.xml
3 ms. Memory: 579072K Free: 478281K (83%)
----------------- Invoking toplevel() on ptolemy.moml.MoMLSimpleApplication@35f05f36
----------------- Done invoking toplevel() on ptolemy.moml.MoMLSimpleApplication@35f05f36
reloadAllAccessors: .UpDownSample1

===========================================================================================
----------------- testing Sat Nov 24 02:55:10 UTC 2018 /home/travis/build/icyphy/ptII/ptolemy/domains/sdf/lib/test/auto/UpSample1.xml
----------------- Instantiating /home/travis/build/icyphy/ptII/ptolemy/domains/sdf/lib/test/auto/UpSample1.xml
2 ms. Memory: 579072K Free: 471734K (81%)
----------------- Invoking toplevel() on ptolemy.moml.MoMLSimpleApplication@70cbd8d8
----------------- Done invoking toplevel() on ptolemy.moml.MoMLSimpleApplication@70cbd8d8
reloadAllAccessors: .UpSample1

===========================================================================================
----------------- testing Sat Nov 24 02:55:11 UTC 2018 /home/travis/build/icyphy/ptII/ptolemy/domains/sdf/lib/test/auto/VariableFIR.xml
----------------- Instantiating /home/travis/build/icyphy/ptII/ptolemy/domains/sdf/lib/test/auto/VariableFIR.xml
2 ms. Memory: 579072K Free: 461914K (80%)
----------------- Invoking toplevel() on ptolemy.moml.MoMLSimpleApplication@26493c6
----------------- Done invoking toplevel() on ptolemy.moml.MoMLSimpleApplication@26493c6
reloadAllAccessors: .VariableFIR

===========================================================================================
----------------- testing Sat Nov 24 02:55:11 UTC 2018 /home/travis/build/icyphy/ptII/ptolemy/domains/sdf/lib/test/auto/VariableFIR2.xml
----------------- Instantiating /home/travis/build/icyphy/ptII/ptolemy/domains/sdf/lib/test/auto/VariableFIR2.xml
3 ms. Memory: 579072K Free: 450140K (78%)
----------------- Invoking toplevel() on ptolemy.moml.MoMLSimpleApplication@7396d1a7
----------------- Done invoking toplevel() on ptolemy.moml.MoMLSimpleApplication@7396d1a7
reloadAllAccessors: .VariableFIR2

===========================================================================================
----------------- testing Sat Nov 24 02:55:11 UTC 2018 /home/travis/build/icyphy/ptII/ptolemy/domains/sdf/lib/test/auto/VariableLattice.xml
----------------- Instantiating /home/travis/build/icyphy/ptII/ptolemy/domains/sdf/lib/test/auto/VariableLattice.xml
5 ms. Memory: 579072K Free: 440320K (76%)
----------------- Invoking toplevel() on ptolemy.moml.MoMLSimpleApplication@72ad802
----------------- Done invoking toplevel() on ptolemy.moml.MoMLSimpleApplication@72ad802
reloadAllAccessors: .VariableLattice

===========================================================================================
----------------- testing Sat Nov 24 02:55:11 UTC 2018 /home/travis/build/icyphy/ptII/ptolemy/domains/sdf/lib/test/auto/VariableLattice2.xml
----------------- Instantiating /home/travis/build/icyphy/ptII/ptolemy/domains/sdf/lib/test/auto/VariableLattice2.xml
1.0
-1.999999602036
1.9099998677481
-0.9099996420674
0.205
0.0
0.0
1.0
-0.25
-0.5
0.0
0.0
0.0
0.0
6 ms. Memory: 579072K Free: 430499K (74%)
----------------- Invoking toplevel() on ptolemy.moml.MoMLSimpleApplication@61801b4a
----------------- Done invoking toplevel() on ptolemy.moml.MoMLSimpleApplication@61801b4a
reloadAllAccessors: .VariableLattice2

===========================================================================================
----------------- testing Sat Nov 24 02:55:11 UTC 2018 /home/travis/build/icyphy/ptII/ptolemy/domains/sdf/lib/test/auto/VariableRecursiveLattice.xml
----------------- Instantiating /home/travis/build/icyphy/ptII/ptolemy/domains/sdf/lib/test/auto/VariableRecursiveLattice.xml
4 ms. Memory: 579072K Free: 420679K (73%)
----------------- Invoking toplevel() on ptolemy.moml.MoMLSimpleApplication@91b5766
----------------- Done invoking toplevel() on ptolemy.moml.MoMLSimpleApplication@91b5766
reloadAllAccessors: .VariableRecursiveLattice

===========================================================================================
----------------- testing Sat Nov 24 02:55:11 UTC 2018 /home/travis/build/icyphy/ptII/ptolemy/domains/sdf/lib/test/auto/VariableRecursiveLattice2.xml
----------------- Instantiating /home/travis/build/icyphy/ptII/ptolemy/domains/sdf/lib/test/auto/VariableRecursiveLattice2.xml
2 ms. Memory: 579072K Free: 414132K (72%)
----------------- Invoking toplevel() on ptolemy.moml.MoMLSimpleApplication@95d7745
----------------- Done invoking toplevel() on ptolemy.moml.MoMLSimpleApplication@95d7745
reloadAllAccessors: .VariableRecursiveLattice2
AutoTests.java: About to close Vertx.
AutoTests.java: Vertx closed.
]]></system-out>
  <system-err><![CDATA[]]></system-err>
</testsuite>
