<?xml version="1.0" encoding="UTF-8" ?>
<testsuite errors="0" failures="0" hostname="travis-job-4e3f8125-b673-4806-9c6e-7cd4cde2f785" name="ptolemy.demo.test.junit.JUnitTclTest" skipped="0" tests="23" time="60.312" timestamp="2019-08-05T20:26:10">
  <properties>
[...]
</properties>
  <testcase classname="ptolemy.util.test.junit.TclTests" name="[0] ThereAreNoTclTests (RunTclFile)" time="0.008" />
  <testcase classname="ptolemy.util.test.junit.AutoKnownFailedTests" name="[0] ThereAreNoKnowFailedTests (RunModel)" time="0.006" />
  <testcase classname="ptolemy.util.test.junit.AutoNameArchTests" name="[0] ThereAreNoAutoArchTests (RunModel)" time="0.028" />
  <testcase classname="ptolemy.util.test.junit.AutoTests" name="[0] /home/travis/build/icyphy/ptII/ptolemy/demo/test/auto/ChannelFaultModel.xml (RunModel)" time="1.156" />
  <testcase classname="ptolemy.util.test.junit.AutoTests" name="[1] /home/travis/build/icyphy/ptII/ptolemy/demo/test/auto/ContactorTester.xml (RunModel)" time="1.045" />
  <testcase classname="ptolemy.util.test.junit.AutoTests" name="[2] /home/travis/build/icyphy/ptII/ptolemy/demo/test/auto/FuelSystem.xml (RunModel)" time="7.165" />
  <testcase classname="ptolemy.util.test.junit.AutoTests" name="[3] /home/travis/build/icyphy/ptII/ptolemy/demo/test/auto/FuelSystem2Tanks.xml (RunModel)" time="0.729" />
  <testcase classname="ptolemy.util.test.junit.AutoTests" name="[4] /home/travis/build/icyphy/ptII/ptolemy/demo/test/auto/FuelSystemErrorHandling.xml (RunModel)" time="6.695" />
  <testcase classname="ptolemy.util.test.junit.AutoTests" name="[5] /home/travis/build/icyphy/ptII/ptolemy/demo/test/auto/FuelSystemOntology.xml (RunModel)" time="10.218" />
  <testcase classname="ptolemy.util.test.junit.AutoTests" name="[6] /home/travis/build/icyphy/ptII/ptolemy/demo/test/auto/FuelSystemQuantityManager.xml (RunModel)" time="0.831" />
  <testcase classname="ptolemy.util.test.junit.AutoTests" name="[7] /home/travis/build/icyphy/ptII/ptolemy/demo/test/auto/FuelSystemSingleTankImproved.xml (RunModel)" time="0.245" />
  <testcase classname="ptolemy.util.test.junit.AutoTests" name="[8] /home/travis/build/icyphy/ptII/ptolemy/demo/test/auto/GMMConvergenceAnalysis.xml (RunModel)" time="27.213" />
  <testcase classname="ptolemy.util.test.junit.AutoTests" name="[9] /home/travis/build/icyphy/ptII/ptolemy/demo/test/auto/GaussianMixtureModel.xml (RunModel)" time="0.087" />
  <testcase classname="ptolemy.util.test.junit.AutoTests" name="[10] /home/travis/build/icyphy/ptII/ptolemy/demo/test/auto/GeneratorRegulator.xml (RunModel)" time="0.366" />
  <testcase classname="ptolemy.util.test.junit.AutoTests" name="[11] /home/travis/build/icyphy/ptII/ptolemy/demo/test/auto/GeneratorRegulatorFMUProtector.xml (RunModel)" time="0.53" />
  <testcase classname="ptolemy.util.test.junit.AutoTests" name="[12] /home/travis/build/icyphy/ptII/ptolemy/demo/test/auto/GeneratorRegulatorProtector.xml (RunModel)" time="0.357" />
  <testcase classname="ptolemy.util.test.junit.AutoTests" name="[13] /home/travis/build/icyphy/ptII/ptolemy/demo/test/auto/GeneratorRegulatorProtectorTuLiP.xml (RunModel)" time="0.305" />
  <testcase classname="ptolemy.util.test.junit.AutoTests" name="[14] /home/travis/build/icyphy/ptII/ptolemy/demo/test/auto/GeneratorRegulatorProtectorWithBus.xml (RunModel)" time="0.313" />
  <testcase classname="ptolemy.util.test.junit.AutoTests" name="[15] /home/travis/build/icyphy/ptII/ptolemy/demo/test/auto/GeneratorRegulatorProtectorWithConstraintMonitor.xml (RunModel)" time="0.612" />
  <testcase classname="ptolemy.util.test.junit.AutoTests" name="[16] /home/travis/build/icyphy/ptII/ptolemy/demo/test/auto/GeneratorRegulatorProtectorWithProcessor.xml (RunModel)" time="0.506" />
  <testcase classname="ptolemy.util.test.junit.AutoTests" name="[17] /home/travis/build/icyphy/ptII/ptolemy/demo/test/auto/GeneratorRegulatorProtectorWithSpecification.xml (RunModel)" time="0.406" />
  <testcase classname="ptolemy.util.test.junit.AutoTests" name="[18] /home/travis/build/icyphy/ptII/ptolemy/demo/test/auto/GeneratorTester.xml (RunModel)" time="0.268" />
  <testcase classname="ptolemy.util.test.junit.AutoTests" name="[19] /home/travis/build/icyphy/ptII/ptolemy/demo/test/auto/HiddenMarkovModelAnalysis.xml (RunModel)" time="0.61" />
  <system-out><![CDATA[No tcl tests in /home/travis/build/icyphy/ptII/ptolemy/demo/test
No auto/knownFailedTests/*.xml tests in /home/travis/build/icyphy/ptII/ptolemy/demo/test
No auto/linux-amd64/*.xml tests in /home/travis/build/icyphy/ptII/ptolemy/demo/test
AutoTests.java: About to close Vertx.
AutoTests.java: Vertx closed.

===========================================================================================
----------------- testing Mon Aug 05 20:26:11 UTC 2019 /home/travis/build/icyphy/ptII/ptolemy/demo/test/auto/ChannelFaultModel.xml
----------------- Instantiating /home/travis/build/icyphy/ptII/ptolemy/demo/test/auto/ChannelFaultModel.xml
367 ms. Memory: 120832K Free: 77260K (64%)
----------------- Invoking toplevel() on ptolemy.moml.MoMLSimpleApplication@6cdcee99
----------------- Done invoking toplevel() on ptolemy.moml.MoMLSimpleApplication@6cdcee99
reloadAllAccessors: .ChannelFaultModel

===========================================================================================
----------------- testing Mon Aug 05 20:26:12 UTC 2019 /home/travis/build/icyphy/ptII/ptolemy/demo/test/auto/ContactorTester.xml
----------------- Instantiating /home/travis/build/icyphy/ptII/ptolemy/demo/test/auto/ContactorTester.xml
657 ms. Memory: 148480K Free: 119292K (80%)
----------------- Invoking toplevel() on ptolemy.moml.MoMLSimpleApplication@69319dbd
----------------- Done invoking toplevel() on ptolemy.moml.MoMLSimpleApplication@69319dbd
reloadAllAccessors: .ContactorTester

===========================================================================================
----------------- testing Mon Aug 05 20:26:13 UTC 2019 /home/travis/build/icyphy/ptII/ptolemy/demo/test/auto/FuelSystem.xml
----------------- Instantiating /home/travis/build/icyphy/ptII/ptolemy/demo/test/auto/FuelSystem.xml
6997 ms. Memory: 148480K Free: 96107K (65%)
----------------- Invoking toplevel() on ptolemy.moml.MoMLSimpleApplication@5848aed3
----------------- Done invoking toplevel() on ptolemy.moml.MoMLSimpleApplication@5848aed3
reloadAllAccessors: .FuelSystem

===========================================================================================
----------------- testing Mon Aug 05 20:26:20 UTC 2019 /home/travis/build/icyphy/ptII/ptolemy/demo/test/auto/FuelSystem2Tanks.xml
----------------- Instantiating /home/travis/build/icyphy/ptII/ptolemy/demo/test/auto/FuelSystem2Tanks.xml
465 ms. Memory: 148480K Free: 111130K (75%)
----------------- Invoking toplevel() on ptolemy.moml.MoMLSimpleApplication@4f594ede
----------------- Done invoking toplevel() on ptolemy.moml.MoMLSimpleApplication@4f594ede
reloadAllAccessors: .FuelSystem2Tanks

===========================================================================================
----------------- testing Mon Aug 05 20:26:21 UTC 2019 /home/travis/build/icyphy/ptII/ptolemy/demo/test/auto/FuelSystemErrorHandling.xml
----------------- Instantiating /home/travis/build/icyphy/ptII/ptolemy/demo/test/auto/FuelSystemErrorHandling.xml
6008 ms. Memory: 422912K Free: 380471K (90%)
----------------- Invoking toplevel() on ptolemy.moml.MoMLSimpleApplication@4c6ede10
----------------- Done invoking toplevel() on ptolemy.moml.MoMLSimpleApplication@4c6ede10
reloadAllAccessors: .FuelSystemErrorHandling

===========================================================================================
----------------- testing Mon Aug 05 20:26:27 UTC 2019 /home/travis/build/icyphy/ptII/ptolemy/demo/test/auto/FuelSystemOntology.xml
----------------- Instantiating /home/travis/build/icyphy/ptII/ptolemy/demo/test/auto/FuelSystemOntology.xml
10017 ms. Memory: 422912K Free: 194117K (46%)
----------------- Invoking toplevel() on ptolemy.moml.MoMLSimpleApplication@7bce5759
----------------- Done invoking toplevel() on ptolemy.moml.MoMLSimpleApplication@7bce5759
reloadAllAccessors: .FuelSystemOntology

===========================================================================================
----------------- testing Mon Aug 05 20:26:38 UTC 2019 /home/travis/build/icyphy/ptII/ptolemy/demo/test/auto/FuelSystemQuantityManager.xml
----------------- Instantiating /home/travis/build/icyphy/ptII/ptolemy/demo/test/auto/FuelSystemQuantityManager.xml
694 ms. Memory: 422912K Free: 370519K (88%)
----------------- Invoking toplevel() on ptolemy.moml.MoMLSimpleApplication@14eb0227
----------------- Done invoking toplevel() on ptolemy.moml.MoMLSimpleApplication@14eb0227
reloadAllAccessors: .FuelSystemQuantityManager

===========================================================================================
----------------- testing Mon Aug 05 20:26:38 UTC 2019 /home/travis/build/icyphy/ptII/ptolemy/demo/test/auto/FuelSystemSingleTankImproved.xml
----------------- Instantiating /home/travis/build/icyphy/ptII/ptolemy/demo/test/auto/FuelSystemSingleTankImproved.xml
196 ms. Memory: 422912K Free: 265543K (63%)
----------------- Invoking toplevel() on ptolemy.moml.MoMLSimpleApplication@30c7596e
----------------- Done invoking toplevel() on ptolemy.moml.MoMLSimpleApplication@30c7596e
reloadAllAccessors: .FuelSystemSingleTankImproved

===========================================================================================
----------------- testing Mon Aug 05 20:26:39 UTC 2019 /home/travis/build/icyphy/ptII/ptolemy/demo/test/auto/GMMConvergenceAnalysis.xml
----------------- Instantiating /home/travis/build/icyphy/ptII/ptolemy/demo/test/auto/GMMConvergenceAnalysis.xml
TableauFrame._addMenus: configuration == null?
TableauFrame._addMenus: configuration == null?
26932 ms. Memory: 507904K Free: 347069K (68%)
----------------- Invoking toplevel() on ptolemy.moml.MoMLSimpleApplication@5cebe91c
----------------- Done invoking toplevel() on ptolemy.moml.MoMLSimpleApplication@5cebe91c
reloadAllAccessors: .GMMConvergenceAnalysis

===========================================================================================
----------------- testing Mon Aug 05 20:27:06 UTC 2019 /home/travis/build/icyphy/ptII/ptolemy/demo/test/auto/GaussianMixtureModel.xml
----------------- Instantiating /home/travis/build/icyphy/ptII/ptolemy/demo/test/auto/GaussianMixtureModel.xml
10 ms. Memory: 507904K Free: 334787K (66%)
----------------- Invoking toplevel() on ptolemy.moml.MoMLSimpleApplication@a10fa41
----------------- Done invoking toplevel() on ptolemy.moml.MoMLSimpleApplication@a10fa41
reloadAllAccessors: .GaussianMixtureModel

===========================================================================================
----------------- testing Mon Aug 05 20:27:06 UTC 2019 /home/travis/build/icyphy/ptII/ptolemy/demo/test/auto/GeneratorRegulator.xml
----------------- Instantiating /home/travis/build/icyphy/ptII/ptolemy/demo/test/auto/GeneratorRegulator.xml
285 ms. Memory: 507904K Free: 288227K (57%)
----------------- Invoking toplevel() on ptolemy.moml.MoMLSimpleApplication@69a9a323
----------------- Done invoking toplevel() on ptolemy.moml.MoMLSimpleApplication@69a9a323
reloadAllAccessors: .GeneratorRegulator

===========================================================================================
----------------- testing Mon Aug 05 20:27:06 UTC 2019 /home/travis/build/icyphy/ptII/ptolemy/demo/test/auto/GeneratorRegulatorFMUProtector.xml
----------------- Instantiating /home/travis/build/icyphy/ptII/ptolemy/demo/test/auto/GeneratorRegulatorFMUProtector.xml
399 ms. Memory: 507904K Free: 240609K (47%)
----------------- Invoking toplevel() on ptolemy.moml.MoMLSimpleApplication@53eb368b
----------------- Done invoking toplevel() on ptolemy.moml.MoMLSimpleApplication@53eb368b
reloadAllAccessors: .GeneratorRegulatorFMUProtector

===========================================================================================
----------------- testing Mon Aug 05 20:27:07 UTC 2019 /home/travis/build/icyphy/ptII/ptolemy/demo/test/auto/GeneratorRegulatorProtector.xml
----------------- Instantiating /home/travis/build/icyphy/ptII/ptolemy/demo/test/auto/GeneratorRegulatorProtector.xml
302 ms. Memory: 507904K Free: 194019K (38%)
----------------- Invoking toplevel() on ptolemy.moml.MoMLSimpleApplication@25cef488
----------------- Done invoking toplevel() on ptolemy.moml.MoMLSimpleApplication@25cef488
reloadAllAccessors: .GeneratorRegulatorProtector

===========================================================================================
----------------- testing Mon Aug 05 20:27:07 UTC 2019 /home/travis/build/icyphy/ptII/ptolemy/demo/test/auto/GeneratorRegulatorProtectorTuLiP.xml
----------------- Instantiating /home/travis/build/icyphy/ptII/ptolemy/demo/test/auto/GeneratorRegulatorProtectorTuLiP.xml
237 ms. Memory: 507904K Free: 441473K (87%)
----------------- Invoking toplevel() on ptolemy.moml.MoMLSimpleApplication@2b7c199d
----------------- Done invoking toplevel() on ptolemy.moml.MoMLSimpleApplication@2b7c199d
reloadAllAccessors: .GeneratorRegulatorProtectorTuLiP

===========================================================================================
----------------- testing Mon Aug 05 20:27:08 UTC 2019 /home/travis/build/icyphy/ptII/ptolemy/demo/test/auto/GeneratorRegulatorProtectorWithBus.xml
----------------- Instantiating /home/travis/build/icyphy/ptII/ptolemy/demo/test/auto/GeneratorRegulatorProtectorWithBus.xml
262 ms. Memory: 507904K Free: 389759K (77%)
----------------- Invoking toplevel() on ptolemy.moml.MoMLSimpleApplication@1e5bc42
----------------- Done invoking toplevel() on ptolemy.moml.MoMLSimpleApplication@1e5bc42
reloadAllAccessors: .GeneratorRegulatorProtectorWithBus

===========================================================================================
----------------- testing Mon Aug 05 20:27:08 UTC 2019 /home/travis/build/icyphy/ptII/ptolemy/demo/test/auto/GeneratorRegulatorProtectorWithConstraintMonitor.xml
----------------- Instantiating /home/travis/build/icyphy/ptII/ptolemy/demo/test/auto/GeneratorRegulatorProtectorWithConstraintMonitor.xml
WARNING: The execution aspects in this model can influence the timing of actors by delaying the 
execution, potentially changing the behavior. There is no guarantee that actors fire at the 
time they request to be fired. 
Use Ptides for deterministic DE behavior that is not influenced by execution aspects. 

428 ms. Memory: 507904K Free: 296575K (58%)
----------------- Invoking toplevel() on ptolemy.moml.MoMLSimpleApplication@52dd996d
----------------- Done invoking toplevel() on ptolemy.moml.MoMLSimpleApplication@52dd996d
reloadAllAccessors: .GeneratorRegulatorProtectorWithConstraintMonitor

===========================================================================================
----------------- testing Mon Aug 05 20:27:08 UTC 2019 /home/travis/build/icyphy/ptII/ptolemy/demo/test/auto/GeneratorRegulatorProtectorWithProcessor.xml
----------------- Instantiating /home/travis/build/icyphy/ptII/ptolemy/demo/test/auto/GeneratorRegulatorProtectorWithProcessor.xml
WARNING: The execution aspects in this model can influence the timing of actors by delaying the 
execution, potentially changing the behavior. There is no guarantee that actors fire at the 
time they request to be fired. 
Use Ptides for deterministic DE behavior that is not influenced by execution aspects. 

370 ms. Memory: 507904K Free: 211073K (42%)
----------------- Invoking toplevel() on ptolemy.moml.MoMLSimpleApplication@269c7354
----------------- Done invoking toplevel() on ptolemy.moml.MoMLSimpleApplication@269c7354
reloadAllAccessors: .GeneratorRegulatorProtectorWithProcessor

===========================================================================================
----------------- testing Mon Aug 05 20:27:09 UTC 2019 /home/travis/build/icyphy/ptII/ptolemy/demo/test/auto/GeneratorRegulatorProtectorWithSpecification.xml
----------------- Instantiating /home/travis/build/icyphy/ptII/ptolemy/demo/test/auto/GeneratorRegulatorProtectorWithSpecification.xml
278 ms. Memory: 507904K Free: 430342K (85%)
----------------- Invoking toplevel() on ptolemy.moml.MoMLSimpleApplication@2b9d74b2
----------------- Done invoking toplevel() on ptolemy.moml.MoMLSimpleApplication@2b9d74b2
reloadAllAccessors: .GeneratorRegulatorProtectorWithSpecification

===========================================================================================
----------------- testing Mon Aug 05 20:27:09 UTC 2019 /home/travis/build/icyphy/ptII/ptolemy/demo/test/auto/GeneratorTester.xml
----------------- Instantiating /home/travis/build/icyphy/ptII/ptolemy/demo/test/auto/GeneratorTester.xml
245 ms. Memory: 507904K Free: 391944K (77%)
----------------- Invoking toplevel() on ptolemy.moml.MoMLSimpleApplication@3b027c25
----------------- Done invoking toplevel() on ptolemy.moml.MoMLSimpleApplication@3b027c25
reloadAllAccessors: .GeneratorTester

===========================================================================================
----------------- testing Mon Aug 05 20:27:10 UTC 2019 /home/travis/build/icyphy/ptII/ptolemy/demo/test/auto/HiddenMarkovModelAnalysis.xml
----------------- Instantiating /home/travis/build/icyphy/ptII/ptolemy/demo/test/auto/HiddenMarkovModelAnalysis.xml
518 ms. Memory: 507904K Free: 397811K (78%)
----------------- Invoking toplevel() on ptolemy.moml.MoMLSimpleApplication@815321f
----------------- Done invoking toplevel() on ptolemy.moml.MoMLSimpleApplication@815321f
reloadAllAccessors: .HiddenMarkovModelAnalysis
AutoTests.java: About to close Vertx.
AutoTests.java: Vertx closed.
]]></system-out>
  <system-err><![CDATA[Warning: Tried to create Export PDF menu item, but failed: java.lang.IndexOutOfBoundsException: Index: 0, Size: 0
Warning: Tried to create Export PDF menu item, but failed: java.lang.IndexOutOfBoundsException: Index: 0, Size: 0
Warning: '.HiddenMarkovModelAnalysis.NonStrictTest2' The test produced only 411 tokens, yet the correctValues parameter was expecting 418 tokens.
Warning: '.HiddenMarkovModelAnalysis.NonStrictTest3' The test produced only 821 tokens, yet the correctValues parameter was expecting 827 tokens.
]]></system-err>
</testsuite>
