<?xml version="1.0" encoding="UTF-8" ?>
<testsuite errors="0" failures="0" hostname="travis-job-a668ef61-9c02-44fa-bc3d-e4687ffed7e8" name="ptolemy.actor.lib.hoc.test.junit.JUnitTclTest" skipped="0" tests="58" time="32.745" timestamp="2019-10-12T05:56:55">
  <properties>
[...]
</properties>
  <testcase classname="ptolemy.util.test.junit.TclTests" name="[0] /home/travis/build/icyphy/ptII/ptolemy/actor/lib/hoc/test/IterateOverArray.tcl (RunTclFile)" time="0.409" />
  <testcase classname="ptolemy.util.test.junit.AutoKnownFailedTests" name="[0] /home/travis/build/icyphy/ptII/ptolemy/actor/lib/hoc/test/auto/knownFailedTests/PreinitializeMustBeInvokedRunComposite.xml (RunModel)" time="0.42" />
  <testcase classname="ptolemy.util.test.junit.AutoNameArchTests" name="[0] ThereAreNoAutoArchTests (RunModel)" time="0.001" />
  <testcase classname="ptolemy.util.test.junit.AutoTests" name="[0] /home/travis/build/icyphy/ptII/ptolemy/actor/lib/hoc/test/auto/AllToAllMultiInstanceComposite.xml (RunModel)" time="0.452" />
  <testcase classname="ptolemy.util.test.junit.AutoTests" name="[1] /home/travis/build/icyphy/ptII/ptolemy/actor/lib/hoc/test/auto/ApplyFFTTest.xml (RunModel)" time="0.344" />
  <testcase classname="ptolemy.util.test.junit.AutoTests" name="[2] /home/travis/build/icyphy/ptII/ptolemy/actor/lib/hoc/test/auto/ApplyFunction.xml (RunModel)" time="0.059" />
  <testcase classname="ptolemy.util.test.junit.AutoTests" name="[3] /home/travis/build/icyphy/ptII/ptolemy/actor/lib/hoc/test/auto/BackgroundExecution.xml (RunModel)" time="0.75" />
  <testcase classname="ptolemy.util.test.junit.AutoTests" name="[4] /home/travis/build/icyphy/ptII/ptolemy/actor/lib/hoc/test/auto/Case.xml (RunModel)" time="0.084" />
  <testcase classname="ptolemy.util.test.junit.AutoTests" name="[5] /home/travis/build/icyphy/ptII/ptolemy/actor/lib/hoc/test/auto/Case1.xml (RunModel)" time="0.089" />
  <testcase classname="ptolemy.util.test.junit.AutoTests" name="[6] /home/travis/build/icyphy/ptII/ptolemy/actor/lib/hoc/test/auto/Case2.xml (RunModel)" time="0.132" />
  <testcase classname="ptolemy.util.test.junit.AutoTests" name="[7] /home/travis/build/icyphy/ptII/ptolemy/actor/lib/hoc/test/auto/Case3.xml (RunModel)" time="0.042" />
  <testcase classname="ptolemy.util.test.junit.AutoTests" name="[8] /home/travis/build/icyphy/ptII/ptolemy/actor/lib/hoc/test/auto/Case4.xml (RunModel)" time="0.053" />
  <testcase classname="ptolemy.util.test.junit.AutoTests" name="[9] /home/travis/build/icyphy/ptII/ptolemy/actor/lib/hoc/test/auto/Case5.xml (RunModel)" time="0.071" />
  <testcase classname="ptolemy.util.test.junit.AutoTests" name="[10] /home/travis/build/icyphy/ptII/ptolemy/actor/lib/hoc/test/auto/Case6.xml (RunModel)" time="0.098" />
  <testcase classname="ptolemy.util.test.junit.AutoTests" name="[11] /home/travis/build/icyphy/ptII/ptolemy/actor/lib/hoc/test/auto/CaseString2.xml (RunModel)" time="0.04" />
  <testcase classname="ptolemy.util.test.junit.AutoTests" name="[12] /home/travis/build/icyphy/ptII/ptolemy/actor/lib/hoc/test/auto/CatchUpComposite1.xml (RunModel)" time="0.074" />
  <testcase classname="ptolemy.util.test.junit.AutoTests" name="[13] /home/travis/build/icyphy/ptII/ptolemy/actor/lib/hoc/test/auto/CatchUpComposite2.xml (RunModel)" time="0.052" />
  <testcase classname="ptolemy.util.test.junit.AutoTests" name="[14] /home/travis/build/icyphy/ptII/ptolemy/actor/lib/hoc/test/auto/CatchUpComposite3.xml (RunModel)" time="0.065" />
  <testcase classname="ptolemy.util.test.junit.AutoTests" name="[15] /home/travis/build/icyphy/ptII/ptolemy/actor/lib/hoc/test/auto/CatchUpComposite4.xml (RunModel)" time="0.078" />
  <testcase classname="ptolemy.util.test.junit.AutoTests" name="[16] /home/travis/build/icyphy/ptII/ptolemy/actor/lib/hoc/test/auto/CatchUpComposite5.xml (RunModel)" time="0.045" />
  <testcase classname="ptolemy.util.test.junit.AutoTests" name="[17] /home/travis/build/icyphy/ptII/ptolemy/actor/lib/hoc/test/auto/CatchUpComposite6.xml (RunModel)" time="0.189" />
  <testcase classname="ptolemy.util.test.junit.AutoTests" name="[18] /home/travis/build/icyphy/ptII/ptolemy/actor/lib/hoc/test/auto/CatchUpComposite7.xml (RunModel)" time="0.114" />
  <testcase classname="ptolemy.util.test.junit.AutoTests" name="[19] /home/travis/build/icyphy/ptII/ptolemy/actor/lib/hoc/test/auto/ConcurrentExecutionTimeSDF.xml (RunModel)" time="1.321" />
  <testcase classname="ptolemy.util.test.junit.AutoTests" name="[20] /home/travis/build/icyphy/ptII/ptolemy/actor/lib/hoc/test/auto/ConcurrentSleep.xml (RunModel)" time="0.794" />
  <testcase classname="ptolemy.util.test.junit.AutoTests" name="[21] /home/travis/build/icyphy/ptII/ptolemy/actor/lib/hoc/test/auto/DEInPNInRunCompositeActor.xml (RunModel)" time="0.038" />
  <testcase classname="ptolemy.util.test.junit.AutoTests" name="[22] /home/travis/build/icyphy/ptII/ptolemy/actor/lib/hoc/test/auto/DFTSubSetTest.xml (RunModel)" time="0.333" />
  <testcase classname="ptolemy.util.test.junit.AutoTests" name="[23] /home/travis/build/icyphy/ptII/ptolemy/actor/lib/hoc/test/auto/HocDE.xml (RunModel)" time="0.24" />
  <testcase classname="ptolemy.util.test.junit.AutoTests" name="[24] /home/travis/build/icyphy/ptII/ptolemy/actor/lib/hoc/test/auto/IterateOverArray.xml (RunModel)" time="0.029" />
  <testcase classname="ptolemy.util.test.junit.AutoTests" name="[25] /home/travis/build/icyphy/ptII/ptolemy/actor/lib/hoc/test/auto/IterateOverArray10.xml (RunModel)" time="0.032" />
  <testcase classname="ptolemy.util.test.junit.AutoTests" name="[26] /home/travis/build/icyphy/ptII/ptolemy/actor/lib/hoc/test/auto/IterateOverArray11.xml (RunModel)" time="0.02" />
  <testcase classname="ptolemy.util.test.junit.AutoTests" name="[27] /home/travis/build/icyphy/ptII/ptolemy/actor/lib/hoc/test/auto/IterateOverArray12.xml (RunModel)" time="0.037" />
  <testcase classname="ptolemy.util.test.junit.AutoTests" name="[28] /home/travis/build/icyphy/ptII/ptolemy/actor/lib/hoc/test/auto/IterateOverArray13.xml (RunModel)" time="0.162" />
  <testcase classname="ptolemy.util.test.junit.AutoTests" name="[29] /home/travis/build/icyphy/ptII/ptolemy/actor/lib/hoc/test/auto/IterateOverArray14.xml (RunModel)" time="0.17" />
  <testcase classname="ptolemy.util.test.junit.AutoTests" name="[30] /home/travis/build/icyphy/ptII/ptolemy/actor/lib/hoc/test/auto/IterateOverArray2.xml (RunModel)" time="0.031" />
  <testcase classname="ptolemy.util.test.junit.AutoTests" name="[31] /home/travis/build/icyphy/ptII/ptolemy/actor/lib/hoc/test/auto/IterateOverArray3.xml (RunModel)" time="0.042" />
  <testcase classname="ptolemy.util.test.junit.AutoTests" name="[32] /home/travis/build/icyphy/ptII/ptolemy/actor/lib/hoc/test/auto/IterateOverArray4.xml (RunModel)" time="0.022" />
  <testcase classname="ptolemy.util.test.junit.AutoTests" name="[33] /home/travis/build/icyphy/ptII/ptolemy/actor/lib/hoc/test/auto/IterateOverArray5.xml (RunModel)" time="0.024" />
  <testcase classname="ptolemy.util.test.junit.AutoTests" name="[34] /home/travis/build/icyphy/ptII/ptolemy/actor/lib/hoc/test/auto/IterateOverArray6.xml (RunModel)" time="0.019" />
  <testcase classname="ptolemy.util.test.junit.AutoTests" name="[35] /home/travis/build/icyphy/ptII/ptolemy/actor/lib/hoc/test/auto/IterateOverArray7.xml (RunModel)" time="0.027" />
  <testcase classname="ptolemy.util.test.junit.AutoTests" name="[36] /home/travis/build/icyphy/ptII/ptolemy/actor/lib/hoc/test/auto/IterateOverArray8.xml (RunModel)" time="0.024" />
  <testcase classname="ptolemy.util.test.junit.AutoTests" name="[37] /home/travis/build/icyphy/ptII/ptolemy/actor/lib/hoc/test/auto/IterateOverArray9.xml (RunModel)" time="0.021" />
  <testcase classname="ptolemy.util.test.junit.AutoTests" name="[38] /home/travis/build/icyphy/ptII/ptolemy/actor/lib/hoc/test/auto/IterateOverArrayCoercedOutputType.xml (RunModel)" time="0.052" />
  <testcase classname="ptolemy.util.test.junit.AutoTests" name="[39] /home/travis/build/icyphy/ptII/ptolemy/actor/lib/hoc/test/auto/IterateOverArrayInferredOutputType.xml (RunModel)" time="0.03" />
  <testcase classname="ptolemy.util.test.junit.AutoTests" name="[40] /home/travis/build/icyphy/ptII/ptolemy/actor/lib/hoc/test/auto/MobileFunctionTest.xml (RunModel)" time="0.021" />
  <testcase classname="ptolemy.util.test.junit.AutoTests" name="[41] /home/travis/build/icyphy/ptII/ptolemy/actor/lib/hoc/test/auto/MobileModelTest.xml (RunModel)" time="0.187" />
  <testcase classname="ptolemy.util.test.junit.AutoTests" name="[42] /home/travis/build/icyphy/ptII/ptolemy/actor/lib/hoc/test/auto/ModelReference.xml (RunModel)" time="0.055" />
  <testcase classname="ptolemy.util.test.junit.AutoTests" name="[43] /home/travis/build/icyphy/ptII/ptolemy/actor/lib/hoc/test/auto/ModelReference3.xml (RunModel)" time="0.043" />
  <testcase classname="ptolemy.util.test.junit.AutoTests" name="[44] /home/travis/build/icyphy/ptII/ptolemy/actor/lib/hoc/test/auto/ModelReference4.xml (RunModel)" time="10.029" />
  <testcase classname="ptolemy.util.test.junit.AutoTests" name="[45] /home/travis/build/icyphy/ptII/ptolemy/actor/lib/hoc/test/auto/MultiInstanceComposite.xml (RunModel)" time="0.054" />
  <testcase classname="ptolemy.util.test.junit.AutoTests" name="[46] /home/travis/build/icyphy/ptII/ptolemy/actor/lib/hoc/test/auto/MultiInstanceComposite2.xml (RunModel)" time="0.045" />
  <testcase classname="ptolemy.util.test.junit.AutoTests" name="[47] /home/travis/build/icyphy/ptII/ptolemy/actor/lib/hoc/test/auto/MulticoreExecution.xml (RunModel)" time="1.079" />
  <testcase classname="ptolemy.util.test.junit.AutoTests" name="[48] /home/travis/build/icyphy/ptII/ptolemy/actor/lib/hoc/test/auto/ParallelExecution.xml (RunModel)" time="0.933" />
  <testcase classname="ptolemy.util.test.junit.AutoTests" name="[49] /home/travis/build/icyphy/ptII/ptolemy/actor/lib/hoc/test/auto/RunCompositeActor.xml (RunModel)" time="0.021" />
  <testcase classname="ptolemy.util.test.junit.AutoTests" name="[50] /home/travis/build/icyphy/ptII/ptolemy/actor/lib/hoc/test/auto/RunCompositeActor2.xml (RunModel)" time="0.021" />
  <testcase classname="ptolemy.util.test.junit.AutoTests" name="[51] /home/travis/build/icyphy/ptII/ptolemy/actor/lib/hoc/test/auto/RunCompositeActor3.xml (RunModel)" time="0.017" />
  <testcase classname="ptolemy.util.test.junit.AutoTests" name="[52] /home/travis/build/icyphy/ptII/ptolemy/actor/lib/hoc/test/auto/RunCompositeActor4.xml (RunModel)" time="0.023" />
  <testcase classname="ptolemy.util.test.junit.AutoTests" name="[53] /home/travis/build/icyphy/ptII/ptolemy/actor/lib/hoc/test/auto/RunCompositeIterateOverArray.xml (RunModel)" time="0.022" />
  <testcase classname="ptolemy.util.test.junit.AutoTests" name="[54] /home/travis/build/icyphy/ptII/ptolemy/actor/lib/hoc/test/auto/ThreadedJS.xml (RunModel)" time="12.382" />
  <system-out><![CDATA[/home/travis/build/icyphy/ptII/ptolemy/actor/lib/hoc/test/IterateOverArray.tcl
testDefs.tcl: setting time out to 9000 seconds at Sat Oct 12 05:56:55 UTC 2019
10/12/19 05:56:55
Failed: 0  Total Tests: 2  ((Passed: 2, Newly Passed: 0)  Known Failed: 0) /home/travis/build/icyphy/ptII/ptolemy/actor/lib/hoc/test
----------------- testing (KnownFailure) /home/travis/build/icyphy/ptII/ptolemy/actor/lib/hoc/test/auto/knownFailedTests/PreinitializeMustBeInvokedRunComposite.xml
160 ms. Memory: 120832K Free: 80325K (66%)
Known Failure: java.lang.reflect.InvocationTargetException
No auto/linux-amd64/*.xml tests in /home/travis/build/icyphy/ptII/ptolemy/actor/lib/hoc/test
AutoTests.java: About to close Vertx.
AutoTests.java: Vertx closed.

===========================================================================================
----------------- testing Sat Oct 12 05:56:56 UTC 2019 /home/travis/build/icyphy/ptII/ptolemy/actor/lib/hoc/test/auto/AllToAllMultiInstanceComposite.xml
----------------- Instantiating /home/travis/build/icyphy/ptII/ptolemy/actor/lib/hoc/test/auto/AllToAllMultiInstanceComposite.xml
206 ms. Memory: 120832K Free: 100473K (83%)
----------------- Invoking toplevel() on ptolemy.moml.MoMLSimpleApplication@c268391
----------------- Done invoking toplevel() on ptolemy.moml.MoMLSimpleApplication@c268391
reloadAllAccessors: .AllToAllMultiInstanceComposite

===========================================================================================
----------------- testing Sat Oct 12 05:56:56 UTC 2019 /home/travis/build/icyphy/ptII/ptolemy/actor/lib/hoc/test/auto/ApplyFFTTest.xml
----------------- Instantiating /home/travis/build/icyphy/ptII/ptolemy/actor/lib/hoc/test/auto/ApplyFFTTest.xml
133 ms. Memory: 120832K Free: 81381K (67%)
----------------- Invoking toplevel() on ptolemy.moml.MoMLSimpleApplication@4484b1e3
----------------- Done invoking toplevel() on ptolemy.moml.MoMLSimpleApplication@4484b1e3
reloadAllAccessors: .ApplyFFTTest

===========================================================================================
----------------- testing Sat Oct 12 05:56:57 UTC 2019 /home/travis/build/icyphy/ptII/ptolemy/actor/lib/hoc/test/auto/ApplyFunction.xml
----------------- Instantiating /home/travis/build/icyphy/ptII/ptolemy/actor/lib/hoc/test/auto/ApplyFunction.xml
5 ms. Memory: 120832K Free: 78210K (65%)
----------------- Invoking toplevel() on ptolemy.moml.MoMLSimpleApplication@79756de7
----------------- Done invoking toplevel() on ptolemy.moml.MoMLSimpleApplication@79756de7
reloadAllAccessors: .ApplyFunction

===========================================================================================
----------------- testing Sat Oct 12 05:56:57 UTC 2019 /home/travis/build/icyphy/ptII/ptolemy/actor/lib/hoc/test/auto/BackgroundExecution.xml
----------------- Instantiating /home/travis/build/icyphy/ptII/ptolemy/actor/lib/hoc/test/auto/BackgroundExecution.xml
637 ms. Memory: 120832K Free: 102906K (85%)
----------------- Invoking toplevel() on ptolemy.moml.MoMLSimpleApplication@16b3fc02
----------------- Done invoking toplevel() on ptolemy.moml.MoMLSimpleApplication@16b3fc02
reloadAllAccessors: .BackgroundExecution

===========================================================================================
----------------- testing Sat Oct 12 05:56:58 UTC 2019 /home/travis/build/icyphy/ptII/ptolemy/actor/lib/hoc/test/auto/Case.xml
----------------- Instantiating /home/travis/build/icyphy/ptII/ptolemy/actor/lib/hoc/test/auto/Case.xml
20 ms. Memory: 120832K Free: 95531K (79%)
----------------- Invoking toplevel() on ptolemy.moml.MoMLSimpleApplication@cf8afac
----------------- Done invoking toplevel() on ptolemy.moml.MoMLSimpleApplication@cf8afac
reloadAllAccessors: .Case

===========================================================================================
----------------- testing Sat Oct 12 05:56:58 UTC 2019 /home/travis/build/icyphy/ptII/ptolemy/actor/lib/hoc/test/auto/Case1.xml
----------------- Instantiating /home/travis/build/icyphy/ptII/ptolemy/actor/lib/hoc/test/auto/Case1.xml
22 ms. Memory: 120832K Free: 89378K (74%)
----------------- Invoking toplevel() on ptolemy.moml.MoMLSimpleApplication@48155e78
----------------- Done invoking toplevel() on ptolemy.moml.MoMLSimpleApplication@48155e78
reloadAllAccessors: .Case1

===========================================================================================
----------------- testing Sat Oct 12 05:56:58 UTC 2019 /home/travis/build/icyphy/ptII/ptolemy/actor/lib/hoc/test/auto/Case2.xml
----------------- Instantiating /home/travis/build/icyphy/ptII/ptolemy/actor/lib/hoc/test/auto/Case2.xml
56 ms. Memory: 120832K Free: 79152K (66%)
----------------- Invoking toplevel() on ptolemy.moml.MoMLSimpleApplication@279ef20d
----------------- Done invoking toplevel() on ptolemy.moml.MoMLSimpleApplication@279ef20d
reloadAllAccessors: .Case2

===========================================================================================
----------------- testing Sat Oct 12 05:56:58 UTC 2019 /home/travis/build/icyphy/ptII/ptolemy/actor/lib/hoc/test/auto/Case3.xml
----------------- Instantiating /home/travis/build/icyphy/ptII/ptolemy/actor/lib/hoc/test/auto/Case3.xml
7 ms. Memory: 120832K Free: 73323K (61%)
----------------- Invoking toplevel() on ptolemy.moml.MoMLSimpleApplication@cac5d9c
----------------- Done invoking toplevel() on ptolemy.moml.MoMLSimpleApplication@cac5d9c
reloadAllAccessors: .Case3

===========================================================================================
----------------- testing Sat Oct 12 05:56:58 UTC 2019 /home/travis/build/icyphy/ptII/ptolemy/actor/lib/hoc/test/auto/Case4.xml
----------------- Instantiating /home/travis/build/icyphy/ptII/ptolemy/actor/lib/hoc/test/auto/Case4.xml
12 ms. Memory: 120832K Free: 105620K (87%)
----------------- Invoking toplevel() on ptolemy.moml.MoMLSimpleApplication@67f04f8e
----------------- Done invoking toplevel() on ptolemy.moml.MoMLSimpleApplication@67f04f8e
reloadAllAccessors: .Case4

===========================================================================================
----------------- testing Sat Oct 12 05:56:58 UTC 2019 /home/travis/build/icyphy/ptII/ptolemy/actor/lib/hoc/test/auto/Case5.xml
----------------- Instantiating /home/travis/build/icyphy/ptII/ptolemy/actor/lib/hoc/test/auto/Case5.xml
35 ms. Memory: 120832K Free: 98653K (82%)
----------------- Invoking toplevel() on ptolemy.moml.MoMLSimpleApplication@2c71ed40
----------------- Done invoking toplevel() on ptolemy.moml.MoMLSimpleApplication@2c71ed40
reloadAllAccessors: .junk

===========================================================================================
----------------- testing Sat Oct 12 05:56:58 UTC 2019 /home/travis/build/icyphy/ptII/ptolemy/actor/lib/hoc/test/auto/Case6.xml
----------------- Instantiating /home/travis/build/icyphy/ptII/ptolemy/actor/lib/hoc/test/auto/Case6.xml
46 ms. Memory: 120832K Free: 86877K (72%)
----------------- Invoking toplevel() on ptolemy.moml.MoMLSimpleApplication@642ecd8e
----------------- Done invoking toplevel() on ptolemy.moml.MoMLSimpleApplication@642ecd8e
reloadAllAccessors: .Case6

===========================================================================================
----------------- testing Sat Oct 12 05:56:58 UTC 2019 /home/travis/build/icyphy/ptII/ptolemy/actor/lib/hoc/test/auto/CaseString2.xml
----------------- Instantiating /home/travis/build/icyphy/ptII/ptolemy/actor/lib/hoc/test/auto/CaseString2.xml
12 ms. Memory: 120832K Free: 79455K (66%)
----------------- Invoking toplevel() on ptolemy.moml.MoMLSimpleApplication@614d3a0b
----------------- Done invoking toplevel() on ptolemy.moml.MoMLSimpleApplication@614d3a0b
reloadAllAccessors: .CaseString2

===========================================================================================
----------------- testing Sat Oct 12 05:56:58 UTC 2019 /home/travis/build/icyphy/ptII/ptolemy/actor/lib/hoc/test/auto/CatchUpComposite1.xml
----------------- Instantiating /home/travis/build/icyphy/ptII/ptolemy/actor/lib/hoc/test/auto/CatchUpComposite1.xml
25 ms. Memory: 120832K Free: 70477K (58%)
----------------- Invoking toplevel() on ptolemy.moml.MoMLSimpleApplication@7cc4a715
----------------- Done invoking toplevel() on ptolemy.moml.MoMLSimpleApplication@7cc4a715
reloadAllAccessors: .CatchUpComposite1

===========================================================================================
----------------- testing Sat Oct 12 05:56:58 UTC 2019 /home/travis/build/icyphy/ptII/ptolemy/actor/lib/hoc/test/auto/CatchUpComposite2.xml
----------------- Instantiating /home/travis/build/icyphy/ptII/ptolemy/actor/lib/hoc/test/auto/CatchUpComposite2.xml
10 ms. Memory: 120832K Free: 62525K (52%)
----------------- Invoking toplevel() on ptolemy.moml.MoMLSimpleApplication@5b552ded
----------------- Done invoking toplevel() on ptolemy.moml.MoMLSimpleApplication@5b552ded
reloadAllAccessors: .CatchUpComposite2

===========================================================================================
----------------- testing Sat Oct 12 05:56:58 UTC 2019 /home/travis/build/icyphy/ptII/ptolemy/actor/lib/hoc/test/auto/CatchUpComposite3.xml
----------------- Instantiating /home/travis/build/icyphy/ptII/ptolemy/actor/lib/hoc/test/auto/CatchUpComposite3.xml
28 ms. Memory: 120832K Free: 105287K (87%)
----------------- Invoking toplevel() on ptolemy.moml.MoMLSimpleApplication@58a1f6c2
----------------- Done invoking toplevel() on ptolemy.moml.MoMLSimpleApplication@58a1f6c2
reloadAllAccessors: .CatchUpComposite3

===========================================================================================
----------------- testing Sat Oct 12 05:56:58 UTC 2019 /home/travis/build/icyphy/ptII/ptolemy/actor/lib/hoc/test/auto/CatchUpComposite4.xml
----------------- Instantiating /home/travis/build/icyphy/ptII/ptolemy/actor/lib/hoc/test/auto/CatchUpComposite4.xml
22 ms. Memory: 120832K Free: 97437K (81%)
----------------- Invoking toplevel() on ptolemy.moml.MoMLSimpleApplication@1ffd44d3
----------------- Done invoking toplevel() on ptolemy.moml.MoMLSimpleApplication@1ffd44d3
reloadAllAccessors: .CatchUpComposite4

===========================================================================================
----------------- testing Sat Oct 12 05:56:59 UTC 2019 /home/travis/build/icyphy/ptII/ptolemy/actor/lib/hoc/test/auto/CatchUpComposite5.xml
----------------- Instantiating /home/travis/build/icyphy/ptII/ptolemy/actor/lib/hoc/test/auto/CatchUpComposite5.xml
10 ms. Memory: 120832K Free: 89669K (74%)
----------------- Invoking toplevel() on ptolemy.moml.MoMLSimpleApplication@e5845ff
----------------- Done invoking toplevel() on ptolemy.moml.MoMLSimpleApplication@e5845ff
reloadAllAccessors: .CatchUpComposite5

===========================================================================================
----------------- testing Sat Oct 12 05:56:59 UTC 2019 /home/travis/build/icyphy/ptII/ptolemy/actor/lib/hoc/test/auto/CatchUpComposite6.xml
----------------- Instantiating /home/travis/build/icyphy/ptII/ptolemy/actor/lib/hoc/test/auto/CatchUpComposite6.xml
WARNING: The execution aspects in this model can influence the timing of actors by delaying the 
execution, potentially changing the behavior. There is no guarantee that actors fire at the 
time they request to be fired. 
Use Ptides for deterministic DE behavior that is not influenced by execution aspects. 

106 ms. Memory: 120832K Free: 75387K (62%)
----------------- Invoking toplevel() on ptolemy.moml.MoMLSimpleApplication@1c7d16f4
----------------- Done invoking toplevel() on ptolemy.moml.MoMLSimpleApplication@1c7d16f4
reloadAllAccessors: .CatchUpComposite6

===========================================================================================
----------------- testing Sat Oct 12 05:56:59 UTC 2019 /home/travis/build/icyphy/ptII/ptolemy/actor/lib/hoc/test/auto/CatchUpComposite7.xml
----------------- Instantiating /home/travis/build/icyphy/ptII/ptolemy/actor/lib/hoc/test/auto/CatchUpComposite7.xml
WARNING: The execution aspects in this model can influence the timing of actors by delaying the 
execution, potentially changing the behavior. There is no guarantee that actors fire at the 
time they request to be fired. 
Use Ptides for deterministic DE behavior that is not influenced by execution aspects. 

42 ms. Memory: 120832K Free: 61635K (51%)
----------------- Invoking toplevel() on ptolemy.moml.MoMLSimpleApplication@2d76a6f8
----------------- Done invoking toplevel() on ptolemy.moml.MoMLSimpleApplication@2d76a6f8
reloadAllAccessors: .CatchUpComposite7

===========================================================================================
----------------- testing Sat Oct 12 05:56:59 UTC 2019 /home/travis/build/icyphy/ptII/ptolemy/actor/lib/hoc/test/auto/ConcurrentExecutionTimeSDF.xml
----------------- Instantiating /home/travis/build/icyphy/ptII/ptolemy/actor/lib/hoc/test/auto/ConcurrentExecutionTimeSDF.xml
Fired ExecutionTime: 40400000
Fired ExecutionTime: 40400000
Fired ExecutionTime: 40400000
Fired ExecutionTime: 40400000
Fired ExecutionTime: 40400000
Fired ExecutionTime: 40400000
Fired ExecutionTime: 40400000
Fired ExecutionTime: 40400000
Fired ExecutionTime: 40400000
Fired ExecutionTime: 40400000
Fired ExecutionTime: 40400000
Fired ExecutionTime: 40400000
Fired ExecutionTime: 40400000
Fired ExecutionTime: 40400000
Fired ExecutionTime: 40400000
Fired ExecutionTime: 40400000
Fired ExecutionTime: 40400000
Fired ExecutionTime: 40400000
Fired ExecutionTime: 40400000
Fired ExecutionTime: 40400000
1281 ms. Memory: 120832K Free: 55198K (46%)
----------------- Invoking toplevel() on ptolemy.moml.MoMLSimpleApplication@5f4c3b7a
----------------- Done invoking toplevel() on ptolemy.moml.MoMLSimpleApplication@5f4c3b7a
reloadAllAccessors: .ConcurrentExecutionTimeSDF

===========================================================================================
----------------- testing Sat Oct 12 05:57:00 UTC 2019 /home/travis/build/icyphy/ptII/ptolemy/actor/lib/hoc/test/auto/ConcurrentSleep.xml
----------------- Instantiating /home/travis/build/icyphy/ptII/ptolemy/actor/lib/hoc/test/auto/ConcurrentSleep.xml
734 ms. Memory: 120832K Free: 103143K (85%)
----------------- Invoking toplevel() on ptolemy.moml.MoMLSimpleApplication@c5af529
----------------- Done invoking toplevel() on ptolemy.moml.MoMLSimpleApplication@c5af529
reloadAllAccessors: .ConcurrentSleep

===========================================================================================
----------------- testing Sat Oct 12 05:57:01 UTC 2019 /home/travis/build/icyphy/ptII/ptolemy/actor/lib/hoc/test/auto/DEInPNInRunCompositeActor.xml
----------------- Instantiating /home/travis/build/icyphy/ptII/ptolemy/actor/lib/hoc/test/auto/DEInPNInRunCompositeActor.xml
11 ms. Memory: 120832K Free: 97689K (81%)
----------------- Invoking toplevel() on ptolemy.moml.MoMLSimpleApplication@3002b11d
----------------- Done invoking toplevel() on ptolemy.moml.MoMLSimpleApplication@3002b11d
reloadAllAccessors: .DEInPNInRunCompositeActor

===========================================================================================
----------------- testing Sat Oct 12 05:57:01 UTC 2019 /home/travis/build/icyphy/ptII/ptolemy/actor/lib/hoc/test/auto/DFTSubSetTest.xml
----------------- Instantiating /home/travis/build/icyphy/ptII/ptolemy/actor/lib/hoc/test/auto/DFTSubSetTest.xml
217 ms. Memory: 120832K Free: 55015K (46%)
----------------- Invoking toplevel() on ptolemy.moml.MoMLSimpleApplication@76aadd1d
----------------- Done invoking toplevel() on ptolemy.moml.MoMLSimpleApplication@76aadd1d
reloadAllAccessors: .DFTSubSetTest

===========================================================================================
----------------- testing Sat Oct 12 05:57:01 UTC 2019 /home/travis/build/icyphy/ptII/ptolemy/actor/lib/hoc/test/auto/HocDE.xml
----------------- Instantiating /home/travis/build/icyphy/ptII/ptolemy/actor/lib/hoc/test/auto/HocDE.xml
159 ms. Memory: 149504K Free: 121421K (81%)
----------------- Invoking toplevel() on ptolemy.moml.MoMLSimpleApplication@3acc62df
----------------- Done invoking toplevel() on ptolemy.moml.MoMLSimpleApplication@3acc62df
reloadAllAccessors: .HocDE

===========================================================================================
----------------- testing Sat Oct 12 05:57:02 UTC 2019 /home/travis/build/icyphy/ptII/ptolemy/actor/lib/hoc/test/auto/IterateOverArray.xml
----------------- Instantiating /home/travis/build/icyphy/ptII/ptolemy/actor/lib/hoc/test/auto/IterateOverArray.xml
6 ms. Memory: 149504K Free: 116770K (78%)
----------------- Invoking toplevel() on ptolemy.moml.MoMLSimpleApplication@73ac29d7
----------------- Done invoking toplevel() on ptolemy.moml.MoMLSimpleApplication@73ac29d7
reloadAllAccessors: .IterateOverArray

===========================================================================================
----------------- testing Sat Oct 12 05:57:02 UTC 2019 /home/travis/build/icyphy/ptII/ptolemy/actor/lib/hoc/test/auto/IterateOverArray10.xml
----------------- Instantiating /home/travis/build/icyphy/ptII/ptolemy/actor/lib/hoc/test/auto/IterateOverArray10.xml
3 ms. Memory: 149504K Free: 113289K (76%)
----------------- Invoking toplevel() on ptolemy.moml.MoMLSimpleApplication@48df33c7
----------------- Done invoking toplevel() on ptolemy.moml.MoMLSimpleApplication@48df33c7
reloadAllAccessors: .IterateOverArray10

===========================================================================================
----------------- testing Sat Oct 12 05:57:02 UTC 2019 /home/travis/build/icyphy/ptII/ptolemy/actor/lib/hoc/test/auto/IterateOverArray11.xml
----------------- Instantiating /home/travis/build/icyphy/ptII/ptolemy/actor/lib/hoc/test/auto/IterateOverArray11.xml
4 ms. Memory: 149504K Free: 109231K (73%)
----------------- Invoking toplevel() on ptolemy.moml.MoMLSimpleApplication@71b1fb95
----------------- Done invoking toplevel() on ptolemy.moml.MoMLSimpleApplication@71b1fb95
reloadAllAccessors: .IterateOverArray11

===========================================================================================
----------------- testing Sat Oct 12 05:57:02 UTC 2019 /home/travis/build/icyphy/ptII/ptolemy/actor/lib/hoc/test/auto/IterateOverArray12.xml
----------------- Instantiating /home/travis/build/icyphy/ptII/ptolemy/actor/lib/hoc/test/auto/IterateOverArray12.xml
11 ms. Memory: 149504K Free: 103712K (69%)
----------------- Invoking toplevel() on ptolemy.moml.MoMLSimpleApplication@242cda1b
----------------- Done invoking toplevel() on ptolemy.moml.MoMLSimpleApplication@242cda1b
reloadAllAccessors: .IterateOverArray12

===========================================================================================
----------------- testing Sat Oct 12 05:57:02 UTC 2019 /home/travis/build/icyphy/ptII/ptolemy/actor/lib/hoc/test/auto/IterateOverArray13.xml
----------------- Instantiating /home/travis/build/icyphy/ptII/ptolemy/actor/lib/hoc/test/auto/IterateOverArray13.xml
77 ms. Memory: 149504K Free: 75070K (50%)
----------------- Invoking toplevel() on ptolemy.moml.MoMLSimpleApplication@777b082d
----------------- Done invoking toplevel() on ptolemy.moml.MoMLSimpleApplication@777b082d
reloadAllAccessors: .IterateOverArray13

===========================================================================================
----------------- testing Sat Oct 12 05:57:02 UTC 2019 /home/travis/build/icyphy/ptII/ptolemy/actor/lib/hoc/test/auto/IterateOverArray14.xml
----------------- Instantiating /home/travis/build/icyphy/ptII/ptolemy/actor/lib/hoc/test/auto/IterateOverArray14.xml
72 ms. Memory: 149504K Free: 114018K (76%)
----------------- Invoking toplevel() on ptolemy.moml.MoMLSimpleApplication@48f45743
----------------- Done invoking toplevel() on ptolemy.moml.MoMLSimpleApplication@48f45743
reloadAllAccessors: .IterateOverArray14

===========================================================================================
----------------- testing Sat Oct 12 05:57:02 UTC 2019 /home/travis/build/icyphy/ptII/ptolemy/actor/lib/hoc/test/auto/IterateOverArray2.xml
----------------- Instantiating /home/travis/build/icyphy/ptII/ptolemy/actor/lib/hoc/test/auto/IterateOverArray2.xml
9 ms. Memory: 149504K Free: 109412K (73%)
----------------- Invoking toplevel() on ptolemy.moml.MoMLSimpleApplication@636b8f7f
----------------- Done invoking toplevel() on ptolemy.moml.MoMLSimpleApplication@636b8f7f
reloadAllAccessors: .IterateOverArray2

===========================================================================================
----------------- testing Sat Oct 12 05:57:02 UTC 2019 /home/travis/build/icyphy/ptII/ptolemy/actor/lib/hoc/test/auto/IterateOverArray3.xml
----------------- Instantiating /home/travis/build/icyphy/ptII/ptolemy/actor/lib/hoc/test/auto/IterateOverArray3.xml
19 ms. Memory: 149504K Free: 103778K (69%)
----------------- Invoking toplevel() on ptolemy.moml.MoMLSimpleApplication@5dae7b3b
----------------- Done invoking toplevel() on ptolemy.moml.MoMLSimpleApplication@5dae7b3b
reloadAllAccessors: .IterateOverArray3

===========================================================================================
----------------- testing Sat Oct 12 05:57:02 UTC 2019 /home/travis/build/icyphy/ptII/ptolemy/actor/lib/hoc/test/auto/IterateOverArray4.xml
----------------- Instantiating /home/travis/build/icyphy/ptII/ptolemy/actor/lib/hoc/test/auto/IterateOverArray4.xml
5 ms. Memory: 149504K Free: 99682K (67%)
----------------- Invoking toplevel() on ptolemy.moml.MoMLSimpleApplication@366f0934
----------------- Done invoking toplevel() on ptolemy.moml.MoMLSimpleApplication@366f0934
reloadAllAccessors: .IterateOverArray4

===========================================================================================
----------------- testing Sat Oct 12 05:57:02 UTC 2019 /home/travis/build/icyphy/ptII/ptolemy/actor/lib/hoc/test/auto/IterateOverArray5.xml
----------------- Instantiating /home/travis/build/icyphy/ptII/ptolemy/actor/lib/hoc/test/auto/IterateOverArray5.xml
2 ms. Memory: 149504K Free: 95586K (64%)
----------------- Invoking toplevel() on ptolemy.moml.MoMLSimpleApplication@7305a045
----------------- Done invoking toplevel() on ptolemy.moml.MoMLSimpleApplication@7305a045
reloadAllAccessors: .IterateOverArray5

===========================================================================================
----------------- testing Sat Oct 12 05:57:02 UTC 2019 /home/travis/build/icyphy/ptII/ptolemy/actor/lib/hoc/test/auto/IterateOverArray6.xml
----------------- Instantiating /home/travis/build/icyphy/ptII/ptolemy/actor/lib/hoc/test/auto/IterateOverArray6.xml
3 ms. Memory: 149504K Free: 92004K (62%)
----------------- Invoking toplevel() on ptolemy.moml.MoMLSimpleApplication@6992607f
----------------- Done invoking toplevel() on ptolemy.moml.MoMLSimpleApplication@6992607f
reloadAllAccessors: .IterateOverArray6

===========================================================================================
----------------- testing Sat Oct 12 05:57:02 UTC 2019 /home/travis/build/icyphy/ptII/ptolemy/actor/lib/hoc/test/auto/IterateOverArray7.xml
----------------- Instantiating /home/travis/build/icyphy/ptII/ptolemy/actor/lib/hoc/test/auto/IterateOverArray7.xml
7 ms. Memory: 149504K Free: 87394K (58%)
----------------- Invoking toplevel() on ptolemy.moml.MoMLSimpleApplication@7852b761
----------------- Done invoking toplevel() on ptolemy.moml.MoMLSimpleApplication@7852b761
reloadAllAccessors: .IterateOverArray7

===========================================================================================
----------------- testing Sat Oct 12 05:57:02 UTC 2019 /home/travis/build/icyphy/ptII/ptolemy/actor/lib/hoc/test/auto/IterateOverArray8.xml
----------------- Instantiating /home/travis/build/icyphy/ptII/ptolemy/actor/lib/hoc/test/auto/IterateOverArray8.xml
4 ms. Memory: 149504K Free: 83298K (56%)
----------------- Invoking toplevel() on ptolemy.moml.MoMLSimpleApplication@24818860
----------------- Done invoking toplevel() on ptolemy.moml.MoMLSimpleApplication@24818860
reloadAllAccessors: .IterateOverArray8

===========================================================================================
----------------- testing Sat Oct 12 05:57:02 UTC 2019 /home/travis/build/icyphy/ptII/ptolemy/actor/lib/hoc/test/auto/IterateOverArray9.xml
----------------- Instantiating /home/travis/build/icyphy/ptII/ptolemy/actor/lib/hoc/test/auto/IterateOverArray9.xml
6 ms. Memory: 149504K Free: 79202K (53%)
----------------- Invoking toplevel() on ptolemy.moml.MoMLSimpleApplication@1e2a2886
----------------- Done invoking toplevel() on ptolemy.moml.MoMLSimpleApplication@1e2a2886
reloadAllAccessors: .IterateOverArray9

===========================================================================================
----------------- testing Sat Oct 12 05:57:02 UTC 2019 /home/travis/build/icyphy/ptII/ptolemy/actor/lib/hoc/test/auto/IterateOverArrayCoercedOutputType.xml
----------------- Instantiating /home/travis/build/icyphy/ptII/ptolemy/actor/lib/hoc/test/auto/IterateOverArrayCoercedOutputType.xml
6 ms. Memory: 149504K Free: 74082K (50%)
----------------- Invoking toplevel() on ptolemy.moml.MoMLSimpleApplication@93d04a2
----------------- Done invoking toplevel() on ptolemy.moml.MoMLSimpleApplication@93d04a2
reloadAllAccessors: .IterateOverArrayCoercedOutputType

===========================================================================================
----------------- testing Sat Oct 12 05:57:02 UTC 2019 /home/travis/build/icyphy/ptII/ptolemy/actor/lib/hoc/test/auto/IterateOverArrayInferredOutputType.xml
----------------- Instantiating /home/travis/build/icyphy/ptII/ptolemy/actor/lib/hoc/test/auto/IterateOverArrayInferredOutputType.xml
12 ms. Memory: 149504K Free: 69476K (46%)
----------------- Invoking toplevel() on ptolemy.moml.MoMLSimpleApplication@32028030
----------------- Done invoking toplevel() on ptolemy.moml.MoMLSimpleApplication@32028030
reloadAllAccessors: .IterateOverArrayInferredOutputType

===========================================================================================
----------------- testing Sat Oct 12 05:57:02 UTC 2019 /home/travis/build/icyphy/ptII/ptolemy/actor/lib/hoc/test/auto/MobileFunctionTest.xml
----------------- Instantiating /home/travis/build/icyphy/ptII/ptolemy/actor/lib/hoc/test/auto/MobileFunctionTest.xml
4 ms. Memory: 149504K Free: 65380K (44%)
----------------- Invoking toplevel() on ptolemy.moml.MoMLSimpleApplication@1b8de072
----------------- Done invoking toplevel() on ptolemy.moml.MoMLSimpleApplication@1b8de072
reloadAllAccessors: .MobileFunctionTest

===========================================================================================
----------------- testing Sat Oct 12 05:57:02 UTC 2019 /home/travis/build/icyphy/ptII/ptolemy/actor/lib/hoc/test/auto/MobileModelTest.xml
----------------- Instantiating /home/travis/build/icyphy/ptII/ptolemy/actor/lib/hoc/test/auto/MobileModelTest.xml
163 ms. Memory: 149504K Free: 126382K (85%)
----------------- Invoking toplevel() on ptolemy.moml.MoMLSimpleApplication@baba026
----------------- Done invoking toplevel() on ptolemy.moml.MoMLSimpleApplication@baba026
reloadAllAccessors: .MobileModelTest

===========================================================================================
----------------- testing Sat Oct 12 05:57:03 UTC 2019 /home/travis/build/icyphy/ptII/ptolemy/actor/lib/hoc/test/auto/ModelReference.xml
----------------- Instantiating /home/travis/build/icyphy/ptII/ptolemy/actor/lib/hoc/test/auto/ModelReference.xml
3 ms. Memory: 149504K Free: 119688K (80%)
2 ms. Memory: 149504K Free: 119118K (80%)
3 ms. Memory: 149504K Free: 118108K (79%)
2 ms. Memory: 149504K Free: 117516K (79%)
3 ms. Memory: 149504K Free: 116600K (78%)
1 ms. Memory: 149504K Free: 115592K (77%)
1 ms. Memory: 149504K Free: 115014K (77%)
2 ms. Memory: 149504K Free: 114012K (76%)
2 ms. Memory: 149504K Free: 113420K (76%)
2 ms. Memory: 149504K Free: 112528K (75%)
30 ms. Memory: 149504K Free: 112528K (75%)
----------------- Invoking toplevel() on ptolemy.moml.MoMLSimpleApplication@79ac711
----------------- Done invoking toplevel() on ptolemy.moml.MoMLSimpleApplication@79ac711
reloadAllAccessors: .ModelReference

===========================================================================================
----------------- testing Sat Oct 12 05:57:03 UTC 2019 /home/travis/build/icyphy/ptII/ptolemy/actor/lib/hoc/test/auto/ModelReference3.xml
----------------- Instantiating /home/travis/build/icyphy/ptII/ptolemy/actor/lib/hoc/test/auto/ModelReference3.xml
1 ms. Memory: 149504K Free: 108300K (72%)
4 ms. Memory: 149504K Free: 107392K (72%)
1 ms. Memory: 149504K Free: 106352K (71%)
3 ms. Memory: 149504K Free: 105798K (71%)
1 ms. Memory: 149504K Free: 104796K (70%)
1 ms. Memory: 149504K Free: 104204K (70%)
3 ms. Memory: 149504K Free: 103296K (69%)
2 ms. Memory: 149504K Free: 102256K (68%)
4 ms. Memory: 149504K Free: 101702K (68%)
1 ms. Memory: 149504K Free: 100700K (67%)
28 ms. Memory: 149504K Free: 100700K (67%)
----------------- Invoking toplevel() on ptolemy.moml.MoMLSimpleApplication@3f4eae84
----------------- Done invoking toplevel() on ptolemy.moml.MoMLSimpleApplication@3f4eae84
reloadAllAccessors: .ModelReference3

===========================================================================================
----------------- testing Sat Oct 12 05:57:03 UTC 2019 /home/travis/build/icyphy/ptII/ptolemy/actor/lib/hoc/test/auto/ModelReference4.xml
----------------- Instantiating /home/travis/build/icyphy/ptII/ptolemy/actor/lib/hoc/test/auto/ModelReference4.xml
1 ms. Memory: 149504K Free: 96144K (64%)
1 ms. Memory: 149504K Free: 95150K (64%)
2 ms. Memory: 149504K Free: 93518K (63%)
1 ms. Memory: 149504K Free: 92494K (62%)
3 ms. Memory: 149504K Free: 91024K (61%)
2 ms. Memory: 149504K Free: 90007K (60%)
4 ms. Memory: 149504K Free: 89006K (60%)
4 ms. Memory: 149504K Free: 87358K (58%)
2 ms. Memory: 149504K Free: 86334K (58%)
2 ms. Memory: 149504K Free: 85310K (57%)
10016 ms. Memory: 149504K Free: 85310K (57%)
----------------- Invoking toplevel() on ptolemy.moml.MoMLSimpleApplication@b9d313f
----------------- Done invoking toplevel() on ptolemy.moml.MoMLSimpleApplication@b9d313f
reloadAllAccessors: .ModelReference4

===========================================================================================
----------------- testing Sat Oct 12 05:57:13 UTC 2019 /home/travis/build/icyphy/ptII/ptolemy/actor/lib/hoc/test/auto/MultiInstanceComposite.xml
----------------- Instantiating /home/travis/build/icyphy/ptII/ptolemy/actor/lib/hoc/test/auto/MultiInstanceComposite.xml
28 ms. Memory: 149504K Free: 66893K (45%)
----------------- Invoking toplevel() on ptolemy.moml.MoMLSimpleApplication@1cfefba
----------------- Done invoking toplevel() on ptolemy.moml.MoMLSimpleApplication@1cfefba
reloadAllAccessors: .MultiInstanceComposite

===========================================================================================
----------------- testing Sat Oct 12 05:57:13 UTC 2019 /home/travis/build/icyphy/ptII/ptolemy/actor/lib/hoc/test/auto/MultiInstanceComposite2.xml
----------------- Instantiating /home/travis/build/icyphy/ptII/ptolemy/actor/lib/hoc/test/auto/MultiInstanceComposite2.xml
23 ms. Memory: 149504K Free: 55614K (37%)
----------------- Invoking toplevel() on ptolemy.moml.MoMLSimpleApplication@4f6cfd3f
----------------- Done invoking toplevel() on ptolemy.moml.MoMLSimpleApplication@4f6cfd3f
reloadAllAccessors: .MultiInstanceComposite2

===========================================================================================
----------------- testing Sat Oct 12 05:57:13 UTC 2019 /home/travis/build/icyphy/ptII/ptolemy/actor/lib/hoc/test/auto/MulticoreExecution.xml
----------------- Instantiating /home/travis/build/icyphy/ptII/ptolemy/actor/lib/hoc/test/auto/MulticoreExecution.xml
Fired ExecutionTime: 3200000
Fired ExecutionTime: 2000000
Fired ExecutionTime: 2800000
Fired ExecutionTime: 2400000
Fired ExecutionTime: 80800000
Fired ExecutionTime: 93200000
Fired ExecutionTime: 90800000
Fired ExecutionTime: 89200000
Fired ExecutionTime: 90000000
Fired ExecutionTime: 91200000
Fired ExecutionTime: 91200000
Fired ExecutionTime: 90000000
Fired ExecutionTime: 85600000
Fired ExecutionTime: 90800000
Fired ExecutionTime: 90000000
Fired ExecutionTime: 91200000
Fired ExecutionTime: 89200000
Fired ExecutionTime: 88800000
Fired ExecutionTime: 87600000
Fired ExecutionTime: 88000000
1063 ms. Memory: 149504K Free: 132927K (89%)
----------------- Invoking toplevel() on ptolemy.moml.MoMLSimpleApplication@668a2c03
----------------- Done invoking toplevel() on ptolemy.moml.MoMLSimpleApplication@668a2c03
reloadAllAccessors: .MulticoreExecution

===========================================================================================
----------------- testing Sat Oct 12 05:57:14 UTC 2019 /home/travis/build/icyphy/ptII/ptolemy/actor/lib/hoc/test/auto/ParallelExecution.xml
----------------- Instantiating /home/travis/build/icyphy/ptII/ptolemy/actor/lib/hoc/test/auto/ParallelExecution.xml
915 ms. Memory: 149504K Free: 124885K (84%)
----------------- Invoking toplevel() on ptolemy.moml.MoMLSimpleApplication@250c03f1
----------------- Done invoking toplevel() on ptolemy.moml.MoMLSimpleApplication@250c03f1
reloadAllAccessors: .ParallelExecution

===========================================================================================
----------------- testing Sat Oct 12 05:57:15 UTC 2019 /home/travis/build/icyphy/ptII/ptolemy/actor/lib/hoc/test/auto/RunCompositeActor.xml
----------------- Instantiating /home/travis/build/icyphy/ptII/ptolemy/actor/lib/hoc/test/auto/RunCompositeActor.xml
8 ms. Memory: 149504K Free: 117699K (79%)
----------------- Invoking toplevel() on ptolemy.moml.MoMLSimpleApplication@5447d80c
----------------- Done invoking toplevel() on ptolemy.moml.MoMLSimpleApplication@5447d80c
reloadAllAccessors: .RunCompositeActor

===========================================================================================
----------------- testing Sat Oct 12 05:57:15 UTC 2019 /home/travis/build/icyphy/ptII/ptolemy/actor/lib/hoc/test/auto/RunCompositeActor2.xml
----------------- Instantiating /home/travis/build/icyphy/ptII/ptolemy/actor/lib/hoc/test/auto/RunCompositeActor2.xml
5 ms. Memory: 149504K Free: 111985K (75%)
----------------- Invoking toplevel() on ptolemy.moml.MoMLSimpleApplication@5a7dbb2
----------------- Done invoking toplevel() on ptolemy.moml.MoMLSimpleApplication@5a7dbb2
reloadAllAccessors: .RunCompositeActor2

===========================================================================================
----------------- testing Sat Oct 12 05:57:15 UTC 2019 /home/travis/build/icyphy/ptII/ptolemy/actor/lib/hoc/test/auto/RunCompositeActor3.xml
----------------- Instantiating /home/travis/build/icyphy/ptII/ptolemy/actor/lib/hoc/test/auto/RunCompositeActor3.xml
4 ms. Memory: 149504K Free: 106303K (71%)
----------------- Invoking toplevel() on ptolemy.moml.MoMLSimpleApplication@7c3f3700
----------------- Done invoking toplevel() on ptolemy.moml.MoMLSimpleApplication@7c3f3700
reloadAllAccessors: .RunCompositeActor3

===========================================================================================
----------------- testing Sat Oct 12 05:57:15 UTC 2019 /home/travis/build/icyphy/ptII/ptolemy/actor/lib/hoc/test/auto/RunCompositeActor4.xml
----------------- Instantiating /home/travis/build/icyphy/ptII/ptolemy/actor/lib/hoc/test/auto/RunCompositeActor4.xml
12 ms. Memory: 149504K Free: 98243K (66%)
----------------- Invoking toplevel() on ptolemy.moml.MoMLSimpleApplication@44919e4b
----------------- Done invoking toplevel() on ptolemy.moml.MoMLSimpleApplication@44919e4b
reloadAllAccessors: .RunCompositeActor4

===========================================================================================
----------------- testing Sat Oct 12 05:57:15 UTC 2019 /home/travis/build/icyphy/ptII/ptolemy/actor/lib/hoc/test/auto/RunCompositeIterateOverArray.xml
----------------- Instantiating /home/travis/build/icyphy/ptII/ptolemy/actor/lib/hoc/test/auto/RunCompositeIterateOverArray.xml
5 ms. Memory: 149504K Free: 92115K (62%)
----------------- Invoking toplevel() on ptolemy.moml.MoMLSimpleApplication@145acac2
----------------- Done invoking toplevel() on ptolemy.moml.MoMLSimpleApplication@145acac2
reloadAllAccessors: .RunCompositeIterateOverArray

===========================================================================================
----------------- testing Sat Oct 12 05:57:15 UTC 2019 /home/travis/build/icyphy/ptII/ptolemy/actor/lib/hoc/test/auto/ThreadedJS.xml
----------------- Instantiating /home/travis/build/icyphy/ptII/ptolemy/actor/lib/hoc/test/auto/ThreadedJS.xml
5718 ms. Memory: 217088K Free: 144143K (66%)
----------------- Invoking toplevel() on ptolemy.moml.MoMLSimpleApplication@56c67767
----------------- Done invoking toplevel() on ptolemy.moml.MoMLSimpleApplication@56c67767
reloadAllAccessors: .ThreadedJS
AutoTests.java: About to close Vertx.
AutoTests.java: Vertx closed.
]]></system-out>
  <system-err><![CDATA[java.lang.RuntimeException: Execution failed
	at ptolemy.moml.MoMLSimpleApplication$UnloadThread.run(MoMLSimpleApplication.java:402)
Caused by: ptolemy.kernel.util.IllegalActionException: initialize() was called after wrapup() was called but preinitialize() was not called after wrapup().
	at ptolemy.actor.lib.hoc.test.PreinitializeMustBeInvoked.initialize(PreinitializeMustBeInvoked.java:78)
	at ptolemy.actor.Director.initialize(Director.java:938)
	at ptolemy.actor.Director.initialize(Director.java:907)
	at ptolemy.actor.sched.StaticSchedulingDirector.initialize(StaticSchedulingDirector.java:159)
	at ptolemy.domains.sdf.kernel.SDFDirector.initialize(SDFDirector.java:544)
	at ptolemy.actor.CompositeActor.initialize(CompositeActor.java:935)
	at ptolemy.actor.lib.hoc.LifeCycleManager._executeInsideModel(LifeCycleManager.java:339)
	at ptolemy.actor.lib.hoc.RunCompositeActor.fire(RunCompositeActor.java:205)
	at ptolemy.actor.CompositeActor.iterate(CompositeActor.java:1146)
	at ptolemy.actor.sched.StaticSchedulingDirector.fire(StaticSchedulingDirector.java:216)
	at ptolemy.domains.sdf.kernel.SDFDirector.fire(SDFDirector.java:500)
	at ptolemy.actor.CompositeActor.fire(CompositeActor.java:455)
	at ptolemy.actor.Manager.iterate(Manager.java:851)
	at ptolemy.actor.Manager.execute(Manager.java:369)
	at ptolemy.actor.Manager.run(Manager.java:1263)
	at ptolemy.actor.Manager$PtolemyRunThread.run(Manager.java:1933)
java.lang.reflect.InvocationTargetException
	at java.base/jdk.internal.reflect.NativeConstructorAccessorImpl.newInstance0(Native Method)
	at java.base/jdk.internal.reflect.NativeConstructorAccessorImpl.newInstance(NativeConstructorAccessorImpl.java:62)
	at java.base/jdk.internal.reflect.DelegatingConstructorAccessorImpl.newInstance(DelegatingConstructorAccessorImpl.java:45)
	at java.base/java.lang.reflect.Constructor.newInstance(Constructor.java:490)
	at ptolemy.util.test.junit.AutoKnownFailedTests.RunModel(AutoKnownFailedTests.java:105)
	at java.base/jdk.internal.reflect.NativeMethodAccessorImpl.invoke0(Native Method)
	at java.base/jdk.internal.reflect.NativeMethodAccessorImpl.invoke(NativeMethodAccessorImpl.java:62)
	at java.base/jdk.internal.reflect.DelegatingMethodAccessorImpl.invoke(DelegatingMethodAccessorImpl.java:43)
	at java.base/java.lang.reflect.Method.invoke(Method.java:566)
	at org.junit.runners.model.FrameworkMethod$1.runReflectiveCall(FrameworkMethod.java:44)
	at org.junit.internal.runners.model.ReflectiveCallable.run(ReflectiveCallable.java:15)
	at org.junit.runners.model.FrameworkMethod.invokeExplosively(FrameworkMethod.java:41)
	at junitparams.internal.InvokeParameterisedMethod.evaluate(InvokeParameterisedMethod.java:102)
	at org.junit.internal.runners.statements.FailOnTimeout$1.run(FailOnTimeout.java:28)
Caused by: ptolemy.kernel.util.IllegalActionException: initialize() was called after wrapup() was called but preinitialize() was not called after wrapup().
	at ptolemy.actor.lib.hoc.test.PreinitializeMustBeInvoked.initialize(PreinitializeMustBeInvoked.java:78)
	at ptolemy.actor.Director.initialize(Director.java:938)
	at ptolemy.actor.Director.initialize(Director.java:907)
	at ptolemy.actor.sched.StaticSchedulingDirector.initialize(StaticSchedulingDirector.java:159)
	at ptolemy.domains.sdf.kernel.SDFDirector.initialize(SDFDirector.java:544)
	at ptolemy.actor.CompositeActor.initialize(CompositeActor.java:935)
	at ptolemy.actor.lib.hoc.LifeCycleManager._executeInsideModel(LifeCycleManager.java:339)
	at ptolemy.actor.lib.hoc.RunCompositeActor.fire(RunCompositeActor.java:205)
	at ptolemy.actor.CompositeActor.iterate(CompositeActor.java:1146)
	at ptolemy.actor.sched.StaticSchedulingDirector.fire(StaticSchedulingDirector.java:216)
	at ptolemy.domains.sdf.kernel.SDFDirector.fire(SDFDirector.java:500)
	at ptolemy.actor.CompositeActor.fire(CompositeActor.java:455)
	at ptolemy.actor.Manager.iterate(Manager.java:851)
	at ptolemy.actor.Manager.execute(Manager.java:369)
	at ptolemy.actor.Manager.run(Manager.java:1263)
	at ptolemy.actor.Manager$PtolemyRunThread.run(Manager.java:1933)
Warning: Nashorn engine is planned to be removed from a future JDK release
Warning: Nashorn engine is planned to be removed from a future JDK release
Warning: Nashorn engine is planned to be removed from a future JDK release
Warning: Nashorn engine is planned to be removed from a future JDK release
Warning: Nashorn engine is planned to be removed from a future JDK release
Warning: Nashorn engine is planned to be removed from a future JDK release
Warning: Nashorn engine is planned to be removed from a future JDK release
Warning: Nashorn engine is planned to be removed from a future JDK release
]]></system-err>
</testsuite>
