<?xml version="1.0" encoding="UTF-8" ?>
<testsuite errors="0" failures="0" hostname="travis-job-b5d6d2e8-c79d-4900-97c3-f8a840d0ceb3" name="ptolemy.domains.continuous.test.junit.JUnitTclTest" skipped="0" tests="156" time="77.896" timestamp="2019-04-15T21:41:41">
  <properties>
[...]
</properties>
  <testcase classname="ptolemy.util.test.junit.TclTests" name="[0] ThereAreNoTclTests (RunTclFile)" time="0.001" />
  <testcase classname="ptolemy.util.test.junit.AutoKnownFailedTests" name="[0] ThereAreNoKnowFailedTests (RunModel)" time="0.001" />
  <testcase classname="ptolemy.util.test.junit.AutoNameArchTests" name="[0] ThereAreNoAutoArchTests (RunModel)" time="0.004" />
  <testcase classname="ptolemy.util.test.junit.AutoTests" name="[0] /home/travis/build/icyphy/ptII/ptolemy/domains/continuous/test/auto/BouncingBall.xml (RunModel)" time="3.005" />
  <testcase classname="ptolemy.util.test.junit.AutoTests" name="[1] /home/travis/build/icyphy/ptII/ptolemy/domains/continuous/test/auto/BouncingBallWithoutGR.xml (RunModel)" time="0.827" />
  <testcase classname="ptolemy.util.test.junit.AutoTests" name="[2] /home/travis/build/icyphy/ptII/ptolemy/domains/continuous/test/auto/Brownian.xml (RunModel)" time="0.12" />
  <testcase classname="ptolemy.util.test.junit.AutoTests" name="[3] /home/travis/build/icyphy/ptII/ptolemy/domains/continuous/test/auto/CarTracking.xml (RunModel)" time="3.943" />
  <testcase classname="ptolemy.util.test.junit.AutoTests" name="[4] /home/travis/build/icyphy/ptII/ptolemy/domains/continuous/test/auto/CartPendulum.xml (RunModel)" time="0.637" />
  <testcase classname="ptolemy.util.test.junit.AutoTests" name="[5] /home/travis/build/icyphy/ptII/ptolemy/domains/continuous/test/auto/CausalityInterface10.xml (RunModel)" time="0.07" />
  <testcase classname="ptolemy.util.test.junit.AutoTests" name="[6] /home/travis/build/icyphy/ptII/ptolemy/domains/continuous/test/auto/CausalityInterface11.xml (RunModel)" time="0.031" />
  <testcase classname="ptolemy.util.test.junit.AutoTests" name="[7] /home/travis/build/icyphy/ptII/ptolemy/domains/continuous/test/auto/CausalityInterface12.xml (RunModel)" time="0.052" />
  <testcase classname="ptolemy.util.test.junit.AutoTests" name="[8] /home/travis/build/icyphy/ptII/ptolemy/domains/continuous/test/auto/CausalityInterface13.xml (RunModel)" time="0.044" />
  <testcase classname="ptolemy.util.test.junit.AutoTests" name="[9] /home/travis/build/icyphy/ptII/ptolemy/domains/continuous/test/auto/CausalityInterface14.xml (RunModel)" time="0.033" />
  <testcase classname="ptolemy.util.test.junit.AutoTests" name="[10] /home/travis/build/icyphy/ptII/ptolemy/domains/continuous/test/auto/CausalityInterface4.xml (RunModel)" time="0.046" />
  <testcase classname="ptolemy.util.test.junit.AutoTests" name="[11] /home/travis/build/icyphy/ptII/ptolemy/domains/continuous/test/auto/CausalityInterface5.xml (RunModel)" time="0.049" />
  <testcase classname="ptolemy.util.test.junit.AutoTests" name="[12] /home/travis/build/icyphy/ptII/ptolemy/domains/continuous/test/auto/CausalityInterface6.xml (RunModel)" time="0.043" />
  <testcase classname="ptolemy.util.test.junit.AutoTests" name="[13] /home/travis/build/icyphy/ptII/ptolemy/domains/continuous/test/auto/CausalityInterface7.xml (RunModel)" time="0.054" />
  <testcase classname="ptolemy.util.test.junit.AutoTests" name="[14] /home/travis/build/icyphy/ptII/ptolemy/domains/continuous/test/auto/CausalityInterface8.xml (RunModel)" time="0.047" />
  <testcase classname="ptolemy.util.test.junit.AutoTests" name="[15] /home/travis/build/icyphy/ptII/ptolemy/domains/continuous/test/auto/CausalityInterface9.xml (RunModel)" time="0.061" />
  <testcase classname="ptolemy.util.test.junit.AutoTests" name="[16] /home/travis/build/icyphy/ptII/ptolemy/domains/continuous/test/auto/CausalityInterfaceFeedback1.xml (RunModel)" time="0.033" />
  <testcase classname="ptolemy.util.test.junit.AutoTests" name="[17] /home/travis/build/icyphy/ptII/ptolemy/domains/continuous/test/auto/CausalityInterfaceFeedback2.xml (RunModel)" time="0.044" />
  <testcase classname="ptolemy.util.test.junit.AutoTests" name="[18] /home/travis/build/icyphy/ptII/ptolemy/domains/continuous/test/auto/CompareWithCurrentTime.xml (RunModel)" time="0.025" />
  <testcase classname="ptolemy.util.test.junit.AutoTests" name="[19] /home/travis/build/icyphy/ptII/ptolemy/domains/continuous/test/auto/ComparedClocks.xml (RunModel)" time="0.072" />
  <testcase classname="ptolemy.util.test.junit.AutoTests" name="[20] /home/travis/build/icyphy/ptII/ptolemy/domains/continuous/test/auto/ContinuousAOCClone.xml (RunModel)" time="3.028" />
  <testcase classname="ptolemy.util.test.junit.AutoTests" name="[21] /home/travis/build/icyphy/ptII/ptolemy/domains/continuous/test/auto/ContinuousClock.xml (RunModel)" time="0.105" />
  <testcase classname="ptolemy.util.test.junit.AutoTests" name="[22] /home/travis/build/icyphy/ptII/ptolemy/domains/continuous/test/auto/ContinuousInContinuous.xml (RunModel)" time="0.1" />
  <testcase classname="ptolemy.util.test.junit.AutoTests" name="[23] /home/travis/build/icyphy/ptII/ptolemy/domains/continuous/test/auto/ContinuousInContinuousInContinuous.xml (RunModel)" time="0.04" />
  <testcase classname="ptolemy.util.test.junit.AutoTests" name="[24] /home/travis/build/icyphy/ptII/ptolemy/domains/continuous/test/auto/ContinuousInDE.xml (RunModel)" time="0.149" />
  <testcase classname="ptolemy.util.test.junit.AutoTests" name="[25] /home/travis/build/icyphy/ptII/ptolemy/domains/continuous/test/auto/ContinuousInDE2.xml (RunModel)" time="0.058" />
  <testcase classname="ptolemy.util.test.junit.AutoTests" name="[26] /home/travis/build/icyphy/ptII/ptolemy/domains/continuous/test/auto/ContinuousInDE3.xml (RunModel)" time="0.057" />
  <testcase classname="ptolemy.util.test.junit.AutoTests" name="[27] /home/travis/build/icyphy/ptII/ptolemy/domains/continuous/test/auto/ContinuousInDE4.xml (RunModel)" time="0.037" />
  <testcase classname="ptolemy.util.test.junit.AutoTests" name="[28] /home/travis/build/icyphy/ptII/ptolemy/domains/continuous/test/auto/ContinuousInDEDifferentRefinements.xml (RunModel)" time="0.111" />
  <testcase classname="ptolemy.util.test.junit.AutoTests" name="[29] /home/travis/build/icyphy/ptII/ptolemy/domains/continuous/test/auto/ContinuousInDEDifferentRefinementsPreemptive.xml (RunModel)" time="0.093" />
  <testcase classname="ptolemy.util.test.junit.AutoTests" name="[30] /home/travis/build/icyphy/ptII/ptolemy/domains/continuous/test/auto/ContinuousInDEInContinuous2.xml (RunModel)" time="0.068" />
  <testcase classname="ptolemy.util.test.junit.AutoTests" name="[31] /home/travis/build/icyphy/ptII/ptolemy/domains/continuous/test/auto/ContinuousInDEInContinuous3.xml (RunModel)" time="0.056" />
  <testcase classname="ptolemy.util.test.junit.AutoTests" name="[32] /home/travis/build/icyphy/ptII/ptolemy/domains/continuous/test/auto/ContinuousInDEInput.xml (RunModel)" time="0.042" />
  <testcase classname="ptolemy.util.test.junit.AutoTests" name="[33] /home/travis/build/icyphy/ptII/ptolemy/domains/continuous/test/auto/ContinuousInDEInput2.xml (RunModel)" time="0.038" />
  <testcase classname="ptolemy.util.test.junit.AutoTests" name="[34] /home/travis/build/icyphy/ptII/ptolemy/domains/continuous/test/auto/ContinuousInDEInput3.xml (RunModel)" time="0.032" />
  <testcase classname="ptolemy.util.test.junit.AutoTests" name="[35] /home/travis/build/icyphy/ptII/ptolemy/domains/continuous/test/auto/ContinuousInDESharingRefinement.xml (RunModel)" time="0.203" />
  <testcase classname="ptolemy.util.test.junit.AutoTests" name="[36] /home/travis/build/icyphy/ptII/ptolemy/domains/continuous/test/auto/ContinuousInDEwithNoPorts.xml (RunModel)" time="0.02" />
  <testcase classname="ptolemy.util.test.junit.AutoTests" name="[37] /home/travis/build/icyphy/ptII/ptolemy/domains/continuous/test/auto/ContinuousInsideDE.xml (RunModel)" time="0.081" />
  <testcase classname="ptolemy.util.test.junit.AutoTests" name="[38] /home/travis/build/icyphy/ptII/ptolemy/domains/continuous/test/auto/ContinuousMerge1.xml (RunModel)" time="0.022" />
  <testcase classname="ptolemy.util.test.junit.AutoTests" name="[39] /home/travis/build/icyphy/ptII/ptolemy/domains/continuous/test/auto/ContinuousMerge2.xml (RunModel)" time="0.049" />
  <testcase classname="ptolemy.util.test.junit.AutoTests" name="[40] /home/travis/build/icyphy/ptII/ptolemy/domains/continuous/test/auto/ContinuousMerge3.xml (RunModel)" time="0.065" />
  <testcase classname="ptolemy.util.test.junit.AutoTests" name="[41] /home/travis/build/icyphy/ptII/ptolemy/domains/continuous/test/auto/ContinuousWithinContinuous.xml (RunModel)" time="0.062" />
  <testcase classname="ptolemy.util.test.junit.AutoTests" name="[42] /home/travis/build/icyphy/ptII/ptolemy/domains/continuous/test/auto/ContinuousWithinContinuous2.xml (RunModel)" time="0.105" />
  <testcase classname="ptolemy.util.test.junit.AutoTests" name="[43] /home/travis/build/icyphy/ptII/ptolemy/domains/continuous/test/auto/ContinuousWithinContinuous3.xml (RunModel)" time="0.03" />
  <testcase classname="ptolemy.util.test.junit.AutoTests" name="[44] /home/travis/build/icyphy/ptII/ptolemy/domains/continuous/test/auto/ContinuousWithinContinuous4.xml (RunModel)" time="0.088" />
  <testcase classname="ptolemy.util.test.junit.AutoTests" name="[45] /home/travis/build/icyphy/ptII/ptolemy/domains/continuous/test/auto/ContinuousWithinContinuous5.xml (RunModel)" time="0.034" />
  <testcase classname="ptolemy.util.test.junit.AutoTests" name="[46] /home/travis/build/icyphy/ptII/ptolemy/domains/continuous/test/auto/ContinuousWithinContinuous6.xml (RunModel)" time="0.031" />
  <testcase classname="ptolemy.util.test.junit.AutoTests" name="[47] /home/travis/build/icyphy/ptII/ptolemy/domains/continuous/test/auto/ContinuousWithinContinuous7.xml (RunModel)" time="0.078" />
  <testcase classname="ptolemy.util.test.junit.AutoTests" name="[48] /home/travis/build/icyphy/ptII/ptolemy/domains/continuous/test/auto/DCMotor.xml (RunModel)" time="15.696" />
  <testcase classname="ptolemy.util.test.junit.AutoTests" name="[49] /home/travis/build/icyphy/ptII/ptolemy/domains/continuous/test/auto/DEInContinuous.xml (RunModel)" time="0.046" />
  <testcase classname="ptolemy.util.test.junit.AutoTests" name="[50] /home/travis/build/icyphy/ptII/ptolemy/domains/continuous/test/auto/DEinContinuous2.xml (RunModel)" time="0.057" />
  <testcase classname="ptolemy.util.test.junit.AutoTests" name="[51] /home/travis/build/icyphy/ptII/ptolemy/domains/continuous/test/auto/Derivative.xml (RunModel)" time="0.242" />
  <testcase classname="ptolemy.util.test.junit.AutoTests" name="[52] /home/travis/build/icyphy/ptII/ptolemy/domains/continuous/test/auto/Derivative1.xml (RunModel)" time="0.054" />
  <testcase classname="ptolemy.util.test.junit.AutoTests" name="[53] /home/travis/build/icyphy/ptII/ptolemy/domains/continuous/test/auto/DiscreteClock.xml (RunModel)" time="0.017" />
  <testcase classname="ptolemy.util.test.junit.AutoTests" name="[54] /home/travis/build/icyphy/ptII/ptolemy/domains/continuous/test/auto/EfficiencyCurve.xml (RunModel)" time="0.117" />
  <testcase classname="ptolemy.util.test.junit.AutoTests" name="[55] /home/travis/build/icyphy/ptII/ptolemy/domains/continuous/test/auto/ExponentialResponse.xml (RunModel)" time="0.131" />
  <testcase classname="ptolemy.util.test.junit.AutoTests" name="[56] /home/travis/build/icyphy/ptII/ptolemy/domains/continuous/test/auto/ExponentialResponseRK45.xml (RunModel)" time="0.034" />
  <testcase classname="ptolemy.util.test.junit.AutoTests" name="[57] /home/travis/build/icyphy/ptII/ptolemy/domains/continuous/test/auto/Friction.xml (RunModel)" time="1.469" />
  <testcase classname="ptolemy.util.test.junit.AutoTests" name="[58] /home/travis/build/icyphy/ptII/ptolemy/domains/continuous/test/auto/FurutaPendulum.xml (RunModel)" time="3.636" />
  <testcase classname="ptolemy.util.test.junit.AutoTests" name="[59] /home/travis/build/icyphy/ptII/ptolemy/domains/continuous/test/auto/HierarchicalExecution.xml (RunModel)" time="2.272" />
  <testcase classname="ptolemy.util.test.junit.AutoTests" name="[60] /home/travis/build/icyphy/ptII/ptolemy/domains/continuous/test/auto/HybridPlant.xml (RunModel)" time="0.571" />
  <testcase classname="ptolemy.util.test.junit.AutoTests" name="[61] /home/travis/build/icyphy/ptII/ptolemy/domains/continuous/test/auto/Hysteresis.xml (RunModel)" time="0.169" />
  <testcase classname="ptolemy.util.test.junit.AutoTests" name="[62] /home/travis/build/icyphy/ptII/ptolemy/domains/continuous/test/auto/HysteresisWithRandomDelay.xml (RunModel)" time="0.223" />
  <testcase classname="ptolemy.util.test.junit.AutoTests" name="[63] /home/travis/build/icyphy/ptII/ptolemy/domains/continuous/test/auto/HysteresisWithRandomLosses.xml (RunModel)" time="2.361" />
  <testcase classname="ptolemy.util.test.junit.AutoTests" name="[64] /home/travis/build/icyphy/ptII/ptolemy/domains/continuous/test/auto/ImmediateTransitions.xml (RunModel)" time="0.027" />
  <testcase classname="ptolemy.util.test.junit.AutoTests" name="[65] /home/travis/build/icyphy/ptII/ptolemy/domains/continuous/test/auto/ImpulseFeedback.xml (RunModel)" time="0.018" />
  <testcase classname="ptolemy.util.test.junit.AutoTests" name="[66] /home/travis/build/icyphy/ptII/ptolemy/domains/continuous/test/auto/ImpulseFeedback2.xml (RunModel)" time="0.016" />
  <testcase classname="ptolemy.util.test.junit.AutoTests" name="[67] /home/travis/build/icyphy/ptII/ptolemy/domains/continuous/test/auto/IncreasingRatePoisson.xml (RunModel)" time="0.64" />
  <testcase classname="ptolemy.util.test.junit.AutoTests" name="[68] /home/travis/build/icyphy/ptII/ptolemy/domains/continuous/test/auto/InitialStateFeedback.xml (RunModel)" time="0.019" />
  <testcase classname="ptolemy.util.test.junit.AutoTests" name="[69] /home/travis/build/icyphy/ptII/ptolemy/domains/continuous/test/auto/Integration.xml (RunModel)" time="0.01" />
  <testcase classname="ptolemy.util.test.junit.AutoTests" name="[70] /home/travis/build/icyphy/ptII/ptolemy/domains/continuous/test/auto/Integration2.xml (RunModel)" time="0.091" />
  <testcase classname="ptolemy.util.test.junit.AutoTests" name="[71] /home/travis/build/icyphy/ptII/ptolemy/domains/continuous/test/auto/Integration3.xml (RunModel)" time="0.012" />
  <testcase classname="ptolemy.util.test.junit.AutoTests" name="[72] /home/travis/build/icyphy/ptII/ptolemy/domains/continuous/test/auto/Integration5.xml (RunModel)" time="0.01" />
  <testcase classname="ptolemy.util.test.junit.AutoTests" name="[73] /home/travis/build/icyphy/ptII/ptolemy/domains/continuous/test/auto/IntegratorImpulse.xml (RunModel)" time="0.013" />
  <testcase classname="ptolemy.util.test.junit.AutoTests" name="[74] /home/travis/build/icyphy/ptII/ptolemy/domains/continuous/test/auto/IntegratorImpulse2.xml (RunModel)" time="0.013" />
  <testcase classname="ptolemy.util.test.junit.AutoTests" name="[75] /home/travis/build/icyphy/ptII/ptolemy/domains/continuous/test/auto/LevelCrossing1.xml (RunModel)" time="0.013" />
  <testcase classname="ptolemy.util.test.junit.AutoTests" name="[76] /home/travis/build/icyphy/ptII/ptolemy/domains/continuous/test/auto/LevelCrossing2.xml (RunModel)" time="0.014" />
  <testcase classname="ptolemy.util.test.junit.AutoTests" name="[77] /home/travis/build/icyphy/ptII/ptolemy/domains/continuous/test/auto/LevelCrossing3.xml (RunModel)" time="0.012" />
  <testcase classname="ptolemy.util.test.junit.AutoTests" name="[78] /home/travis/build/icyphy/ptII/ptolemy/domains/continuous/test/auto/LevelCrossing4.xml (RunModel)" time="0.013" />
  <testcase classname="ptolemy.util.test.junit.AutoTests" name="[79] /home/travis/build/icyphy/ptII/ptolemy/domains/continuous/test/auto/LevelCrossing5.xml (RunModel)" time="0.013" />
  <testcase classname="ptolemy.util.test.junit.AutoTests" name="[80] /home/travis/build/icyphy/ptII/ptolemy/domains/continuous/test/auto/LevelCrossing6.xml (RunModel)" time="0.012" />
  <testcase classname="ptolemy.util.test.junit.AutoTests" name="[81] /home/travis/build/icyphy/ptII/ptolemy/domains/continuous/test/auto/LevelCrossingDetector.xml (RunModel)" time="0.035" />
  <testcase classname="ptolemy.util.test.junit.AutoTests" name="[82] /home/travis/build/icyphy/ptII/ptolemy/domains/continuous/test/auto/LevelCrossingDetectorDetectingDirections.xml (RunModel)" time="0.071" />
  <testcase classname="ptolemy.util.test.junit.AutoTests" name="[83] /home/travis/build/icyphy/ptII/ptolemy/domains/continuous/test/auto/LevelCrossingDetectorDetectsGlitches.xml (RunModel)" time="0.065" />
  <testcase classname="ptolemy.util.test.junit.AutoTests" name="[84] /home/travis/build/icyphy/ptII/ptolemy/domains/continuous/test/auto/LevelCrossingNoInitialOuput.xml (RunModel)" time="0.014" />
  <testcase classname="ptolemy.util.test.junit.AutoTests" name="[85] /home/travis/build/icyphy/ptII/ptolemy/domains/continuous/test/auto/LinearStateSpaceExample.xml (RunModel)" time="0.047" />
  <testcase classname="ptolemy.util.test.junit.AutoTests" name="[86] /home/travis/build/icyphy/ptII/ptolemy/domains/continuous/test/auto/Lorenz.xml (RunModel)" time="4.345" />
  <testcase classname="ptolemy.util.test.junit.AutoTests" name="[87] /home/travis/build/icyphy/ptII/ptolemy/domains/continuous/test/auto/LorenzDifferentialSystem.xml (RunModel)" time="1.162" />
  <testcase classname="ptolemy.util.test.junit.AutoTests" name="[88] /home/travis/build/icyphy/ptII/ptolemy/domains/continuous/test/auto/LorenzDifferentialSystemWithInput.xml (RunModel)" time="1.359" />
  <testcase classname="ptolemy.util.test.junit.AutoTests" name="[89] /home/travis/build/icyphy/ptII/ptolemy/domains/continuous/test/auto/LorenzDifferentialSystemWithTime.xml (RunModel)" time="0.881" />
  <testcase classname="ptolemy.util.test.junit.AutoTests" name="[90] /home/travis/build/icyphy/ptII/ptolemy/domains/continuous/test/auto/Microsteps.xml (RunModel)" time="0.027" />
  <testcase classname="ptolemy.util.test.junit.AutoTests" name="[91] /home/travis/build/icyphy/ptII/ptolemy/domains/continuous/test/auto/Modal1.xml (RunModel)" time="0.037" />
  <testcase classname="ptolemy.util.test.junit.AutoTests" name="[92] /home/travis/build/icyphy/ptII/ptolemy/domains/continuous/test/auto/Modal2.xml (RunModel)" time="0.049" />
  <testcase classname="ptolemy.util.test.junit.AutoTests" name="[93] /home/travis/build/icyphy/ptII/ptolemy/domains/continuous/test/auto/ModalTransitionGuardWithReset.xml (RunModel)" time="0.03" />
  <testcase classname="ptolemy.util.test.junit.AutoTests" name="[94] /home/travis/build/icyphy/ptII/ptolemy/domains/continuous/test/auto/ModalTransitionGuardWithResetUsingPreemptiveTransition.xml (RunModel)" time="0.033" />
  <testcase classname="ptolemy.util.test.junit.AutoTests" name="[95] /home/travis/build/icyphy/ptII/ptolemy/domains/continuous/test/auto/ModalTransitionGuardWithResetUsingPreemptiveTransition2.xml (RunModel)" time="0.029" />
  <testcase classname="ptolemy.util.test.junit.AutoTests" name="[96] /home/travis/build/icyphy/ptII/ptolemy/domains/continuous/test/auto/ModalTransitionGuardWithResetUsingPreemptiveTransition3.xml (RunModel)" time="0.036" />
  <testcase classname="ptolemy.util.test.junit.AutoTests" name="[97] /home/travis/build/icyphy/ptII/ptolemy/domains/continuous/test/auto/NewtonsCradle.xml (RunModel)" time="0.804" />
  <testcase classname="ptolemy.util.test.junit.AutoTests" name="[98] /home/travis/build/icyphy/ptII/ptolemy/domains/continuous/test/auto/NewtonsCradleAnimated.xml (RunModel)" time="1.139" />
  <testcase classname="ptolemy.util.test.junit.AutoTests" name="[99] /home/travis/build/icyphy/ptII/ptolemy/domains/continuous/test/auto/NewtonsCradleComplicated.xml (RunModel)" time="0.94" />
  <testcase classname="ptolemy.util.test.junit.AutoTests" name="[100] /home/travis/build/icyphy/ptII/ptolemy/domains/continuous/test/auto/NewtonsCradleNondeterministic.xml (RunModel)" time="0.654" />
  <testcase classname="ptolemy.util.test.junit.AutoTests" name="[101] /home/travis/build/icyphy/ptII/ptolemy/domains/continuous/test/auto/NewtonsCradlePerfectlyInelastic1.xml (RunModel)" time="1.26" />
  <testcase classname="ptolemy.util.test.junit.AutoTests" name="[102] /home/travis/build/icyphy/ptII/ptolemy/domains/continuous/test/auto/Noise.xml (RunModel)" time="0.19" />
  <testcase classname="ptolemy.util.test.junit.AutoTests" name="[103] /home/travis/build/icyphy/ptII/ptolemy/domains/continuous/test/auto/NoiseSpectrum.xml (RunModel)" time="0.799" />
  <testcase classname="ptolemy.util.test.junit.AutoTests" name="[104] /home/travis/build/icyphy/ptII/ptolemy/domains/continuous/test/auto/ParameterizedNewtonsCradleAnimated.xml (RunModel)" time="0.407" />
  <testcase classname="ptolemy.util.test.junit.AutoTests" name="[105] /home/travis/build/icyphy/ptII/ptolemy/domains/continuous/test/auto/ParameterizedNewtonsCradleAnimatedNondeterministic.xml (RunModel)" time="1.181" />
  <testcase classname="ptolemy.util.test.junit.AutoTests" name="[106] /home/travis/build/icyphy/ptII/ptolemy/domains/continuous/test/auto/Pendulum3D.xml (RunModel)" time="0.224" />
  <testcase classname="ptolemy.util.test.junit.AutoTests" name="[107] /home/travis/build/icyphy/ptII/ptolemy/domains/continuous/test/auto/PeriodicSampler.xml (RunModel)" time="0.019" />
  <testcase classname="ptolemy.util.test.junit.AutoTests" name="[108] /home/travis/build/icyphy/ptII/ptolemy/domains/continuous/test/auto/PeriodicSampler1.xml (RunModel)" time="0.06" />
  <testcase classname="ptolemy.util.test.junit.AutoTests" name="[109] /home/travis/build/icyphy/ptII/ptolemy/domains/continuous/test/auto/PeriodicSampler2.xml (RunModel)" time="0.079" />
  <testcase classname="ptolemy.util.test.junit.AutoTests" name="[110] /home/travis/build/icyphy/ptII/ptolemy/domains/continuous/test/auto/Poisson.xml (RunModel)" time="0.507" />
  <testcase classname="ptolemy.util.test.junit.AutoTests" name="[111] /home/travis/build/icyphy/ptII/ptolemy/domains/continuous/test/auto/PoissonClock.xml (RunModel)" time="0.017" />
  <testcase classname="ptolemy.util.test.junit.AutoTests" name="[112] /home/travis/build/icyphy/ptII/ptolemy/domains/continuous/test/auto/PoissonClock2.xml (RunModel)" time="0.018" />
  <testcase classname="ptolemy.util.test.junit.AutoTests" name="[113] /home/travis/build/icyphy/ptII/ptolemy/domains/continuous/test/auto/PortParameterHierarchy.xml (RunModel)" time="0.021" />
  <testcase classname="ptolemy.util.test.junit.AutoTests" name="[114] /home/travis/build/icyphy/ptII/ptolemy/domains/continuous/test/auto/RandomHybridPlant.xml (RunModel)" time="0.588" />
  <testcase classname="ptolemy.util.test.junit.AutoTests" name="[115] /home/travis/build/icyphy/ptII/ptolemy/domains/continuous/test/auto/ResetTransitionWithStartTime1.xml (RunModel)" time="0.028" />
  <testcase classname="ptolemy.util.test.junit.AutoTests" name="[116] /home/travis/build/icyphy/ptII/ptolemy/domains/continuous/test/auto/ResetTransitionWithStartTime2.xml (RunModel)" time="0.037" />
  <testcase classname="ptolemy.util.test.junit.AutoTests" name="[117] /home/travis/build/icyphy/ptII/ptolemy/domains/continuous/test/auto/ResetTransitionWithStartTime3.xml (RunModel)" time="0.043" />
  <testcase classname="ptolemy.util.test.junit.AutoTests" name="[118] /home/travis/build/icyphy/ptII/ptolemy/domains/continuous/test/auto/ResetTransitionWithStartTime4.xml (RunModel)" time="0.033" />
  <testcase classname="ptolemy.util.test.junit.AutoTests" name="[119] /home/travis/build/icyphy/ptII/ptolemy/domains/continuous/test/auto/ResetTransitionWithStartTime5.xml (RunModel)" time="0.036" />
  <testcase classname="ptolemy.util.test.junit.AutoTests" name="[120] /home/travis/build/icyphy/ptII/ptolemy/domains/continuous/test/auto/ResetTransitionWithStartTime6.xml (RunModel)" time="0.026" />
  <testcase classname="ptolemy.util.test.junit.AutoTests" name="[121] /home/travis/build/icyphy/ptII/ptolemy/domains/continuous/test/auto/SRinContinuous.xml (RunModel)" time="0.031" />
  <testcase classname="ptolemy.util.test.junit.AutoTests" name="[122] /home/travis/build/icyphy/ptII/ptolemy/domains/continuous/test/auto/SampledClocks.xml (RunModel)" time="0.029" />
  <testcase classname="ptolemy.util.test.junit.AutoTests" name="[123] /home/travis/build/icyphy/ptII/ptolemy/domains/continuous/test/auto/Satellite.xml (RunModel)" time="0.874" />
  <testcase classname="ptolemy.util.test.junit.AutoTests" name="[124] /home/travis/build/icyphy/ptII/ptolemy/domains/continuous/test/auto/SigmaDelta.xml (RunModel)" time="2.43" />
  <testcase classname="ptolemy.util.test.junit.AutoTests" name="[125] /home/travis/build/icyphy/ptII/ptolemy/domains/continuous/test/auto/SingleRefinement.xml (RunModel)" time="0.45" />
  <testcase classname="ptolemy.util.test.junit.AutoTests" name="[126] /home/travis/build/icyphy/ptII/ptolemy/domains/continuous/test/auto/SinuBouncingBall.xml (RunModel)" time="0.869" />
  <testcase classname="ptolemy.util.test.junit.AutoTests" name="[127] /home/travis/build/icyphy/ptII/ptolemy/domains/continuous/test/auto/Sinusoid.xml (RunModel)" time="0.017" />
  <testcase classname="ptolemy.util.test.junit.AutoTests" name="[128] /home/travis/build/icyphy/ptII/ptolemy/domains/continuous/test/auto/SinusoidInNoise.xml (RunModel)" time="0.916" />
  <testcase classname="ptolemy.util.test.junit.AutoTests" name="[129] /home/travis/build/icyphy/ptII/ptolemy/domains/continuous/test/auto/SinusoidRK45.xml (RunModel)" time="0.01" />
  <testcase classname="ptolemy.util.test.junit.AutoTests" name="[130] /home/travis/build/icyphy/ptII/ptolemy/domains/continuous/test/auto/SinusoidWithMultipleImpulses.xml (RunModel)" time="0.014" />
  <testcase classname="ptolemy.util.test.junit.AutoTests" name="[131] /home/travis/build/icyphy/ptII/ptolemy/domains/continuous/test/auto/SquareWave.xml (RunModel)" time="0.197" />
  <testcase classname="ptolemy.util.test.junit.AutoTests" name="[132] /home/travis/build/icyphy/ptII/ptolemy/domains/continuous/test/auto/Starmac.xml (RunModel)" time="3.398" />
  <testcase classname="ptolemy.util.test.junit.AutoTests" name="[133] /home/travis/build/icyphy/ptII/ptolemy/domains/continuous/test/auto/StaticUnits.xml (RunModel)" time="2.487" />
  <testcase classname="ptolemy.util.test.junit.AutoTests" name="[134] /home/travis/build/icyphy/ptII/ptolemy/domains/continuous/test/auto/StickyMasses.xml (RunModel)" time="0.181" />
  <testcase classname="ptolemy.util.test.junit.AutoTests" name="[135] /home/travis/build/icyphy/ptII/ptolemy/domains/continuous/test/auto/StopTime.xml (RunModel)" time="0.075" />
  <testcase classname="ptolemy.util.test.junit.AutoTests" name="[136] /home/travis/build/icyphy/ptII/ptolemy/domains/continuous/test/auto/StopTime2.xml (RunModel)" time="0.057" />
  <testcase classname="ptolemy.util.test.junit.AutoTests" name="[137] /home/travis/build/icyphy/ptII/ptolemy/domains/continuous/test/auto/Switch.xml (RunModel)" time="0.075" />
  <testcase classname="ptolemy.util.test.junit.AutoTests" name="[138] /home/travis/build/icyphy/ptII/ptolemy/domains/continuous/test/auto/Thermostat.xml (RunModel)" time="0.203" />
  <testcase classname="ptolemy.util.test.junit.AutoTests" name="[139] /home/travis/build/icyphy/ptII/ptolemy/domains/continuous/test/auto/TimeDelay.xml (RunModel)" time="0.014" />
  <testcase classname="ptolemy.util.test.junit.AutoTests" name="[140] /home/travis/build/icyphy/ptII/ptolemy/domains/continuous/test/auto/TimeDelay2.xml (RunModel)" time="0.022" />
  <testcase classname="ptolemy.util.test.junit.AutoTests" name="[141] /home/travis/build/icyphy/ptII/ptolemy/domains/continuous/test/auto/TimeDelay3.xml (RunModel)" time="0.015" />
  <testcase classname="ptolemy.util.test.junit.AutoTests" name="[142] /home/travis/build/icyphy/ptII/ptolemy/domains/continuous/test/auto/TransferAbsentToInside.xml (RunModel)" time="0.125" />
  <testcase classname="ptolemy.util.test.junit.AutoTests" name="[143] /home/travis/build/icyphy/ptII/ptolemy/domains/continuous/test/auto/Transmission.xml (RunModel)" time="0.779" />
  <testcase classname="ptolemy.util.test.junit.AutoTests" name="[144] /home/travis/build/icyphy/ptII/ptolemy/domains/continuous/test/auto/TriggeredContinuousClock.xml (RunModel)" time="0.068" />
  <testcase classname="ptolemy.util.test.junit.AutoTests" name="[145] /home/travis/build/icyphy/ptII/ptolemy/domains/continuous/test/auto/TwoMachineInfiniteBusControl.xml (RunModel)" time="2.962" />
  <testcase classname="ptolemy.util.test.junit.AutoTests" name="[146] /home/travis/build/icyphy/ptII/ptolemy/domains/continuous/test/auto/V2V.xml (RunModel)" time="0.852" />
  <testcase classname="ptolemy.util.test.junit.AutoTests" name="[147] /home/travis/build/icyphy/ptII/ptolemy/domains/continuous/test/auto/hierarchicalModalModel.xml (RunModel)" time="0.034" />
  <testcase classname="ptolemy.util.test.junit.AutoTests" name="[148] /home/travis/build/icyphy/ptII/ptolemy/domains/continuous/test/auto/hierarchicalModalModel1.xml (RunModel)" time="0.032" />
  <testcase classname="ptolemy.util.test.junit.AutoTests" name="[149] /home/travis/build/icyphy/ptII/ptolemy/domains/continuous/test/auto/hierarchicalModalModel2.xml (RunModel)" time="0.032" />
  <testcase classname="ptolemy.util.test.junit.AutoTests" name="[150] /home/travis/build/icyphy/ptII/ptolemy/domains/continuous/test/auto/hierarchicalModalModel3.xml (RunModel)" time="0.025" />
  <testcase classname="ptolemy.util.test.junit.AutoTests" name="[151] /home/travis/build/icyphy/ptII/ptolemy/domains/continuous/test/auto/hierarchicalModalModel4.xml (RunModel)" time="0.026" />
  <testcase classname="ptolemy.util.test.junit.AutoTests" name="[152] /home/travis/build/icyphy/ptII/ptolemy/domains/continuous/test/auto/junk.xml (RunModel)" time="0.157" />
  <system-out><![CDATA[No tcl tests in /home/travis/build/icyphy/ptII/ptolemy/domains/continuous/test
No auto/knownFailedTests/*.xml tests in /home/travis/build/icyphy/ptII/ptolemy/domains/continuous/test
No auto/linux-amd64/*.xml tests in /home/travis/build/icyphy/ptII/ptolemy/domains/continuous/test
AutoTests.java: About to close Vertx.
AutoTests.java: Vertx closed.

===========================================================================================
----------------- testing Mon Apr 15 21:41:41 UTC 2019 /home/travis/build/icyphy/ptII/ptolemy/domains/continuous/test/auto/BouncingBall.xml
----------------- Instantiating /home/travis/build/icyphy/ptII/ptolemy/domains/continuous/test/auto/BouncingBall.xml
2460 ms. Memory: 332288K Free: 267633K (81%)
----------------- Invoking toplevel() on ptolemy.moml.MoMLSimpleApplication@126b6462
----------------- Done invoking toplevel() on ptolemy.moml.MoMLSimpleApplication@126b6462
reloadAllAccessors: .BouncingBall

===========================================================================================
----------------- testing Mon Apr 15 21:41:44 UTC 2019 /home/travis/build/icyphy/ptII/ptolemy/domains/continuous/test/auto/BouncingBallWithoutGR.xml
----------------- Instantiating /home/travis/build/icyphy/ptII/ptolemy/domains/continuous/test/auto/BouncingBallWithoutGR.xml
724 ms. Memory: 332288K Free: 82403K (25%)
----------------- Invoking toplevel() on ptolemy.moml.MoMLSimpleApplication@71aebd6a
----------------- Done invoking toplevel() on ptolemy.moml.MoMLSimpleApplication@71aebd6a
reloadAllAccessors: .BouncingBallWithoutGR

===========================================================================================
----------------- testing Mon Apr 15 21:41:45 UTC 2019 /home/travis/build/icyphy/ptII/ptolemy/domains/continuous/test/auto/Brownian.xml
----------------- Instantiating /home/travis/build/icyphy/ptII/ptolemy/domains/continuous/test/auto/Brownian.xml
23 ms. Memory: 332288K Free: 316898K (95%)
----------------- Invoking toplevel() on ptolemy.moml.MoMLSimpleApplication@68a164ce
----------------- Done invoking toplevel() on ptolemy.moml.MoMLSimpleApplication@68a164ce
reloadAllAccessors: .Brownian

===========================================================================================
----------------- testing Mon Apr 15 21:41:45 UTC 2019 /home/travis/build/icyphy/ptII/ptolemy/domains/continuous/test/auto/CarTracking.xml
----------------- Instantiating /home/travis/build/icyphy/ptII/ptolemy/domains/continuous/test/auto/CarTracking.xml
3609 ms. Memory: 578560K Free: 468828K (81%)
----------------- Invoking toplevel() on ptolemy.moml.MoMLSimpleApplication@4ca93f89
----------------- Done invoking toplevel() on ptolemy.moml.MoMLSimpleApplication@4ca93f89
reloadAllAccessors: .CarTracking

===========================================================================================
----------------- testing Mon Apr 15 21:41:49 UTC 2019 /home/travis/build/icyphy/ptII/ptolemy/domains/continuous/test/auto/CartPendulum.xml
----------------- Instantiating /home/travis/build/icyphy/ptII/ptolemy/domains/continuous/test/auto/CartPendulum.xml
413 ms. Memory: 578560K Free: 357095K (62%)
----------------- Invoking toplevel() on ptolemy.moml.MoMLSimpleApplication@44df0a4c
----------------- Done invoking toplevel() on ptolemy.moml.MoMLSimpleApplication@44df0a4c
reloadAllAccessors: .CartPendulum

===========================================================================================
----------------- testing Mon Apr 15 21:41:50 UTC 2019 /home/travis/build/icyphy/ptII/ptolemy/domains/continuous/test/auto/CausalityInterface10.xml
----------------- Instantiating /home/travis/build/icyphy/ptII/ptolemy/domains/continuous/test/auto/CausalityInterface10.xml
13 ms. Memory: 578560K Free: 343987K (59%)
----------------- Invoking toplevel() on ptolemy.moml.MoMLSimpleApplication@555828c3
----------------- Done invoking toplevel() on ptolemy.moml.MoMLSimpleApplication@555828c3
reloadAllAccessors: .CausalityInterface10

===========================================================================================
----------------- testing Mon Apr 15 21:41:50 UTC 2019 /home/travis/build/icyphy/ptII/ptolemy/domains/continuous/test/auto/CausalityInterface11.xml
----------------- Instantiating /home/travis/build/icyphy/ptII/ptolemy/domains/continuous/test/auto/CausalityInterface11.xml
8 ms. Memory: 578560K Free: 334157K (58%)
----------------- Invoking toplevel() on ptolemy.moml.MoMLSimpleApplication@5a5b6e78
----------------- Done invoking toplevel() on ptolemy.moml.MoMLSimpleApplication@5a5b6e78
reloadAllAccessors: .CausalityInterface11

===========================================================================================
----------------- testing Mon Apr 15 21:41:50 UTC 2019 /home/travis/build/icyphy/ptII/ptolemy/domains/continuous/test/auto/CausalityInterface12.xml
----------------- Instantiating /home/travis/build/icyphy/ptII/ptolemy/domains/continuous/test/auto/CausalityInterface12.xml
12 ms. Memory: 578560K Free: 321446K (56%)
----------------- Invoking toplevel() on ptolemy.moml.MoMLSimpleApplication@1ef79468
----------------- Done invoking toplevel() on ptolemy.moml.MoMLSimpleApplication@1ef79468
reloadAllAccessors: .CausalityInterface12

===========================================================================================
----------------- testing Mon Apr 15 21:41:50 UTC 2019 /home/travis/build/icyphy/ptII/ptolemy/domains/continuous/test/auto/CausalityInterface13.xml
----------------- Instantiating /home/travis/build/icyphy/ptII/ptolemy/domains/continuous/test/auto/CausalityInterface13.xml
10 ms. Memory: 578560K Free: 311608K (54%)
----------------- Invoking toplevel() on ptolemy.moml.MoMLSimpleApplication@6c7a847e
----------------- Done invoking toplevel() on ptolemy.moml.MoMLSimpleApplication@6c7a847e
reloadAllAccessors: .CausalityInterface13

===========================================================================================
----------------- testing Mon Apr 15 21:41:50 UTC 2019 /home/travis/build/icyphy/ptII/ptolemy/domains/continuous/test/auto/CausalityInterface14.xml
----------------- Instantiating /home/travis/build/icyphy/ptII/ptolemy/domains/continuous/test/auto/CausalityInterface14.xml
3 ms. Memory: 578560K Free: 301761K (52%)
----------------- Invoking toplevel() on ptolemy.moml.MoMLSimpleApplication@407ab1ad
----------------- Done invoking toplevel() on ptolemy.moml.MoMLSimpleApplication@407ab1ad
reloadAllAccessors: .CausalityInterface14

===========================================================================================
----------------- testing Mon Apr 15 21:41:50 UTC 2019 /home/travis/build/icyphy/ptII/ptolemy/domains/continuous/test/auto/CausalityInterface4.xml
----------------- Instantiating /home/travis/build/icyphy/ptII/ptolemy/domains/continuous/test/auto/CausalityInterface4.xml
5 ms. Memory: 578560K Free: 291915K (50%)
----------------- Invoking toplevel() on ptolemy.moml.MoMLSimpleApplication@16e44b6c
----------------- Done invoking toplevel() on ptolemy.moml.MoMLSimpleApplication@16e44b6c
reloadAllAccessors: .CausalityInterface4

===========================================================================================
----------------- testing Mon Apr 15 21:41:50 UTC 2019 /home/travis/build/icyphy/ptII/ptolemy/domains/continuous/test/auto/CausalityInterface5.xml
----------------- Instantiating /home/travis/build/icyphy/ptII/ptolemy/domains/continuous/test/auto/CausalityInterface5.xml
7 ms. Memory: 578560K Free: 275928K (48%)
----------------- Invoking toplevel() on ptolemy.moml.MoMLSimpleApplication@6b687abe
----------------- Done invoking toplevel() on ptolemy.moml.MoMLSimpleApplication@6b687abe
reloadAllAccessors: .CausalityInterface5

===========================================================================================
----------------- testing Mon Apr 15 21:41:50 UTC 2019 /home/travis/build/icyphy/ptII/ptolemy/domains/continuous/test/auto/CausalityInterface6.xml
----------------- Instantiating /home/travis/build/icyphy/ptII/ptolemy/domains/continuous/test/auto/CausalityInterface6.xml
4 ms. Memory: 578560K Free: 266096K (46%)
----------------- Invoking toplevel() on ptolemy.moml.MoMLSimpleApplication@2e88e6b4
----------------- Done invoking toplevel() on ptolemy.moml.MoMLSimpleApplication@2e88e6b4
reloadAllAccessors: .CausalityInterface6

===========================================================================================
----------------- testing Mon Apr 15 21:41:50 UTC 2019 /home/travis/build/icyphy/ptII/ptolemy/domains/continuous/test/auto/CausalityInterface7.xml
----------------- Instantiating /home/travis/build/icyphy/ptII/ptolemy/domains/continuous/test/auto/CausalityInterface7.xml
14 ms. Memory: 578560K Free: 252973K (44%)
----------------- Invoking toplevel() on ptolemy.moml.MoMLSimpleApplication@4b28f119
----------------- Done invoking toplevel() on ptolemy.moml.MoMLSimpleApplication@4b28f119
reloadAllAccessors: .CausalityInterface7

===========================================================================================
----------------- testing Mon Apr 15 21:41:50 UTC 2019 /home/travis/build/icyphy/ptII/ptolemy/domains/continuous/test/auto/CausalityInterface8.xml
----------------- Instantiating /home/travis/build/icyphy/ptII/ptolemy/domains/continuous/test/auto/CausalityInterface8.xml
10 ms. Memory: 578560K Free: 239818K (41%)
----------------- Invoking toplevel() on ptolemy.moml.MoMLSimpleApplication@222f8493
----------------- Done invoking toplevel() on ptolemy.moml.MoMLSimpleApplication@222f8493
reloadAllAccessors: .CausalityInterface8

===========================================================================================
----------------- testing Mon Apr 15 21:41:50 UTC 2019 /home/travis/build/icyphy/ptII/ptolemy/domains/continuous/test/auto/CausalityInterface9.xml
----------------- Instantiating /home/travis/build/icyphy/ptII/ptolemy/domains/continuous/test/auto/CausalityInterface9.xml
17 ms. Memory: 578560K Free: 223846K (39%)
----------------- Invoking toplevel() on ptolemy.moml.MoMLSimpleApplication@1309d096
----------------- Done invoking toplevel() on ptolemy.moml.MoMLSimpleApplication@1309d096
reloadAllAccessors: .CausalityInterface9

===========================================================================================
----------------- testing Mon Apr 15 21:41:50 UTC 2019 /home/travis/build/icyphy/ptII/ptolemy/domains/continuous/test/auto/CausalityInterfaceFeedback1.xml
----------------- Instantiating /home/travis/build/icyphy/ptII/ptolemy/domains/continuous/test/auto/CausalityInterfaceFeedback1.xml
7 ms. Memory: 578560K Free: 214015K (37%)
----------------- Invoking toplevel() on ptolemy.moml.MoMLSimpleApplication@58f9e12
----------------- Done invoking toplevel() on ptolemy.moml.MoMLSimpleApplication@58f9e12
reloadAllAccessors: .CausalityInterfaceFeedback1

===========================================================================================
----------------- testing Mon Apr 15 21:41:51 UTC 2019 /home/travis/build/icyphy/ptII/ptolemy/domains/continuous/test/auto/CausalityInterfaceFeedback2.xml
----------------- Instantiating /home/travis/build/icyphy/ptII/ptolemy/domains/continuous/test/auto/CausalityInterfaceFeedback2.xml
8 ms. Memory: 578560K Free: 204169K (35%)
----------------- Invoking toplevel() on ptolemy.moml.MoMLSimpleApplication@54462b98
----------------- Done invoking toplevel() on ptolemy.moml.MoMLSimpleApplication@54462b98
reloadAllAccessors: .CausalityInterfaceFeedback2

===========================================================================================
----------------- testing Mon Apr 15 21:41:51 UTC 2019 /home/travis/build/icyphy/ptII/ptolemy/domains/continuous/test/auto/CompareWithCurrentTime.xml
----------------- Instantiating /home/travis/build/icyphy/ptII/ptolemy/domains/continuous/test/auto/CompareWithCurrentTime.xml
5 ms. Memory: 578560K Free: 194751K (34%)
----------------- Invoking toplevel() on ptolemy.moml.MoMLSimpleApplication@2044f05c
----------------- Done invoking toplevel() on ptolemy.moml.MoMLSimpleApplication@2044f05c
reloadAllAccessors: .CompareWithCurrentTime

===========================================================================================
----------------- testing Mon Apr 15 21:41:51 UTC 2019 /home/travis/build/icyphy/ptII/ptolemy/domains/continuous/test/auto/ComparedClocks.xml
----------------- Instantiating /home/travis/build/icyphy/ptII/ptolemy/domains/continuous/test/auto/ComparedClocks.xml
10 ms. Memory: 578560K Free: 175058K (30%)
----------------- Invoking toplevel() on ptolemy.moml.MoMLSimpleApplication@74f1fb41
----------------- Done invoking toplevel() on ptolemy.moml.MoMLSimpleApplication@74f1fb41
reloadAllAccessors: .ComparedClocks

===========================================================================================
----------------- testing Mon Apr 15 21:41:51 UTC 2019 /home/travis/build/icyphy/ptII/ptolemy/domains/continuous/test/auto/ContinuousAOCClone.xml
----------------- Instantiating /home/travis/build/icyphy/ptII/ptolemy/domains/continuous/test/auto/ContinuousAOCClone.xml
2775 ms. Memory: 872960K Free: 420896K (48%)
----------------- Invoking toplevel() on ptolemy.moml.MoMLSimpleApplication@6a0de80b
----------------- Done invoking toplevel() on ptolemy.moml.MoMLSimpleApplication@6a0de80b
reloadAllAccessors: .ContinuousAOCClone

===========================================================================================
----------------- testing Mon Apr 15 21:41:54 UTC 2019 /home/travis/build/icyphy/ptII/ptolemy/domains/continuous/test/auto/ContinuousClock.xml
----------------- Instantiating /home/travis/build/icyphy/ptII/ptolemy/domains/continuous/test/auto/ContinuousClock.xml
30 ms. Memory: 872960K Free: 387998K (44%)
----------------- Invoking toplevel() on ptolemy.moml.MoMLSimpleApplication@3498b806
----------------- Done invoking toplevel() on ptolemy.moml.MoMLSimpleApplication@3498b806
reloadAllAccessors: .ContinuousClock

===========================================================================================
----------------- testing Mon Apr 15 21:41:54 UTC 2019 /home/travis/build/icyphy/ptII/ptolemy/domains/continuous/test/auto/ContinuousInContinuous.xml
----------------- Instantiating /home/travis/build/icyphy/ptII/ptolemy/domains/continuous/test/auto/ContinuousInContinuous.xml
50 ms. Memory: 872960K Free: 356525K (41%)
----------------- Invoking toplevel() on ptolemy.moml.MoMLSimpleApplication@549adeb3
----------------- Done invoking toplevel() on ptolemy.moml.MoMLSimpleApplication@549adeb3
reloadAllAccessors: .ContinuousInContinuous

===========================================================================================
----------------- testing Mon Apr 15 21:41:54 UTC 2019 /home/travis/build/icyphy/ptII/ptolemy/domains/continuous/test/auto/ContinuousInContinuousInContinuous.xml
----------------- Instantiating /home/travis/build/icyphy/ptII/ptolemy/domains/continuous/test/auto/ContinuousInContinuousInContinuous.xml
11 ms. Memory: 872960K Free: 340790K (39%)
----------------- Invoking toplevel() on ptolemy.moml.MoMLSimpleApplication@2c9f75fd
----------------- Done invoking toplevel() on ptolemy.moml.MoMLSimpleApplication@2c9f75fd
reloadAllAccessors: .ContinuousInContinuousInContinuous

===========================================================================================
----------------- testing Mon Apr 15 21:41:54 UTC 2019 /home/travis/build/icyphy/ptII/ptolemy/domains/continuous/test/auto/ContinuousInDE.xml
----------------- Instantiating /home/travis/build/icyphy/ptII/ptolemy/domains/continuous/test/auto/ContinuousInDE.xml
117 ms. Memory: 872960K Free: 321967K (37%)
----------------- Invoking toplevel() on ptolemy.moml.MoMLSimpleApplication@254641fd
----------------- Done invoking toplevel() on ptolemy.moml.MoMLSimpleApplication@254641fd
reloadAllAccessors: .ContinuousInDE

===========================================================================================
----------------- testing Mon Apr 15 21:41:54 UTC 2019 /home/travis/build/icyphy/ptII/ptolemy/domains/continuous/test/auto/ContinuousInDE2.xml
----------------- Instantiating /home/travis/build/icyphy/ptII/ptolemy/domains/continuous/test/auto/ContinuousInDE2.xml
39 ms. Memory: 872960K Free: 306249K (35%)
----------------- Invoking toplevel() on ptolemy.moml.MoMLSimpleApplication@170c61e6
----------------- Done invoking toplevel() on ptolemy.moml.MoMLSimpleApplication@170c61e6
reloadAllAccessors: .ContinuousInDE2

===========================================================================================
----------------- testing Mon Apr 15 21:41:54 UTC 2019 /home/travis/build/icyphy/ptII/ptolemy/domains/continuous/test/auto/ContinuousInDE3.xml
----------------- Instantiating /home/travis/build/icyphy/ptII/ptolemy/domains/continuous/test/auto/ContinuousInDE3.xml
37 ms. Memory: 872960K Free: 290530K (33%)
----------------- Invoking toplevel() on ptolemy.moml.MoMLSimpleApplication@372eb2c2
----------------- Done invoking toplevel() on ptolemy.moml.MoMLSimpleApplication@372eb2c2
reloadAllAccessors: .ContinuousInDE3

===========================================================================================
----------------- testing Mon Apr 15 21:41:54 UTC 2019 /home/travis/build/icyphy/ptII/ptolemy/domains/continuous/test/auto/ContinuousInDE4.xml
----------------- Instantiating /home/travis/build/icyphy/ptII/ptolemy/domains/continuous/test/auto/ContinuousInDE4.xml
19 ms. Memory: 872960K Free: 280051K (32%)
----------------- Invoking toplevel() on ptolemy.moml.MoMLSimpleApplication@a53287e
----------------- Done invoking toplevel() on ptolemy.moml.MoMLSimpleApplication@a53287e
reloadAllAccessors: .ContinuousInDE4

===========================================================================================
----------------- testing Mon Apr 15 21:41:54 UTC 2019 /home/travis/build/icyphy/ptII/ptolemy/domains/continuous/test/auto/ContinuousInDEDifferentRefinements.xml
----------------- Instantiating /home/travis/build/icyphy/ptII/ptolemy/domains/continuous/test/auto/ContinuousInDEDifferentRefinements.xml
61 ms. Memory: 872960K Free: 240221K (28%)
----------------- Invoking toplevel() on ptolemy.moml.MoMLSimpleApplication@76356ec8
----------------- Done invoking toplevel() on ptolemy.moml.MoMLSimpleApplication@76356ec8
reloadAllAccessors: .ContinuousInDEDifferentRefinements

===========================================================================================
----------------- testing Mon Apr 15 21:41:54 UTC 2019 /home/travis/build/icyphy/ptII/ptolemy/domains/continuous/test/auto/ContinuousInDEDifferentRefinementsPreemptive.xml
----------------- Instantiating /home/travis/build/icyphy/ptII/ptolemy/domains/continuous/test/auto/ContinuousInDEDifferentRefinementsPreemptive.xml
43 ms. Memory: 872960K Free: 203505K (23%)
----------------- Invoking toplevel() on ptolemy.moml.MoMLSimpleApplication@2b03d280
----------------- Done invoking toplevel() on ptolemy.moml.MoMLSimpleApplication@2b03d280
reloadAllAccessors: .ContinuousInDEDifferentRefinementsPreemptive

===========================================================================================
----------------- testing Mon Apr 15 21:41:54 UTC 2019 /home/travis/build/icyphy/ptII/ptolemy/domains/continuous/test/auto/ContinuousInDEInContinuous2.xml
----------------- Instantiating /home/travis/build/icyphy/ptII/ptolemy/domains/continuous/test/auto/ContinuousInDEInContinuous2.xml
41 ms. Memory: 872960K Free: 187786K (22%)
----------------- Invoking toplevel() on ptolemy.moml.MoMLSimpleApplication@26585a9
----------------- Done invoking toplevel() on ptolemy.moml.MoMLSimpleApplication@26585a9
reloadAllAccessors: .ContinuousInDEInContinuous2

===========================================================================================
----------------- testing Mon Apr 15 21:41:55 UTC 2019 /home/travis/build/icyphy/ptII/ptolemy/domains/continuous/test/auto/ContinuousInDEInContinuous3.xml
----------------- Instantiating /home/travis/build/icyphy/ptII/ptolemy/domains/continuous/test/auto/ContinuousInDEInContinuous3.xml
35 ms. Memory: 872960K Free: 166812K (19%)
----------------- Invoking toplevel() on ptolemy.moml.MoMLSimpleApplication@5754079c
----------------- Done invoking toplevel() on ptolemy.moml.MoMLSimpleApplication@5754079c
reloadAllAccessors: .ContinuousInDEInContinuous3

===========================================================================================
----------------- testing Mon Apr 15 21:41:55 UTC 2019 /home/travis/build/icyphy/ptII/ptolemy/domains/continuous/test/auto/ContinuousInDEInput.xml
----------------- Instantiating /home/travis/build/icyphy/ptII/ptolemy/domains/continuous/test/auto/ContinuousInDEInput.xml
17 ms. Memory: 872960K Free: 153228K (18%)
----------------- Invoking toplevel() on ptolemy.moml.MoMLSimpleApplication@623b941
----------------- Done invoking toplevel() on ptolemy.moml.MoMLSimpleApplication@623b941
reloadAllAccessors: .ContinuousInDEInput

===========================================================================================
----------------- testing Mon Apr 15 21:41:55 UTC 2019 /home/travis/build/icyphy/ptII/ptolemy/domains/continuous/test/auto/ContinuousInDEInput2.xml
----------------- Instantiating /home/travis/build/icyphy/ptII/ptolemy/domains/continuous/test/auto/ContinuousInDEInput2.xml
16 ms. Memory: 872960K Free: 142749K (16%)
----------------- Invoking toplevel() on ptolemy.moml.MoMLSimpleApplication@67c547be
----------------- Done invoking toplevel() on ptolemy.moml.MoMLSimpleApplication@67c547be
reloadAllAccessors: .ContinuousInDEInput2

===========================================================================================
----------------- testing Mon Apr 15 21:41:55 UTC 2019 /home/travis/build/icyphy/ptII/ptolemy/domains/continuous/test/auto/ContinuousInDEInput3.xml
----------------- Instantiating /home/travis/build/icyphy/ptII/ptolemy/domains/continuous/test/auto/ContinuousInDEInput3.xml
13 ms. Memory: 872960K Free: 132270K (15%)
----------------- Invoking toplevel() on ptolemy.moml.MoMLSimpleApplication@1e11152d
----------------- Done invoking toplevel() on ptolemy.moml.MoMLSimpleApplication@1e11152d
reloadAllAccessors: .ContinuousInDEInput3

===========================================================================================
----------------- testing Mon Apr 15 21:41:55 UTC 2019 /home/travis/build/icyphy/ptII/ptolemy/domains/continuous/test/auto/ContinuousInDESharingRefinement.xml
----------------- Instantiating /home/travis/build/icyphy/ptII/ptolemy/domains/continuous/test/auto/ContinuousInDESharingRefinement.xml
171 ms. Memory: 830464K Free: 776107K (93%)
----------------- Invoking toplevel() on ptolemy.moml.MoMLSimpleApplication@142b0c98
----------------- Done invoking toplevel() on ptolemy.moml.MoMLSimpleApplication@142b0c98
reloadAllAccessors: .ContinuousInDESharingRefinement

===========================================================================================
----------------- testing Mon Apr 15 21:41:55 UTC 2019 /home/travis/build/icyphy/ptII/ptolemy/domains/continuous/test/auto/ContinuousInDEwithNoPorts.xml
----------------- Instantiating /home/travis/build/icyphy/ptII/ptolemy/domains/continuous/test/auto/ContinuousInDEwithNoPorts.xml
2 ms. Memory: 830464K Free: 764080K (92%)
----------------- Invoking toplevel() on ptolemy.moml.MoMLSimpleApplication@70f0139c
----------------- Done invoking toplevel() on ptolemy.moml.MoMLSimpleApplication@70f0139c
reloadAllAccessors: .ContinuousInDEwithNoPorts

===========================================================================================
----------------- testing Mon Apr 15 21:41:55 UTC 2019 /home/travis/build/icyphy/ptII/ptolemy/domains/continuous/test/auto/ContinuousInsideDE.xml
----------------- Instantiating /home/travis/build/icyphy/ptII/ptolemy/domains/continuous/test/auto/ContinuousInsideDE.xml
50 ms. Memory: 830464K Free: 745350K (90%)
----------------- Invoking toplevel() on ptolemy.moml.MoMLSimpleApplication@28e83ebd
----------------- Done invoking toplevel() on ptolemy.moml.MoMLSimpleApplication@28e83ebd
reloadAllAccessors: .ContinuousInsideDE

===========================================================================================
----------------- testing Mon Apr 15 21:41:55 UTC 2019 /home/travis/build/icyphy/ptII/ptolemy/domains/continuous/test/auto/ContinuousMerge1.xml
----------------- Instantiating /home/travis/build/icyphy/ptII/ptolemy/domains/continuous/test/auto/ContinuousMerge1.xml
3 ms. Memory: 830464K Free: 735869K (89%)
----------------- Invoking toplevel() on ptolemy.moml.MoMLSimpleApplication@626a32ab
----------------- Done invoking toplevel() on ptolemy.moml.MoMLSimpleApplication@626a32ab
reloadAllAccessors: .ContinuousMerge1

===========================================================================================
----------------- testing Mon Apr 15 21:41:55 UTC 2019 /home/travis/build/icyphy/ptII/ptolemy/domains/continuous/test/auto/ContinuousMerge2.xml
----------------- Instantiating /home/travis/build/icyphy/ptII/ptolemy/domains/continuous/test/auto/ContinuousMerge2.xml
13 ms. Memory: 830464K Free: 720711K (87%)
----------------- Invoking toplevel() on ptolemy.moml.MoMLSimpleApplication@13b04cf7
----------------- Done invoking toplevel() on ptolemy.moml.MoMLSimpleApplication@13b04cf7
reloadAllAccessors: .ContinuousMerge2

===========================================================================================
----------------- testing Mon Apr 15 21:41:55 UTC 2019 /home/travis/build/icyphy/ptII/ptolemy/domains/continuous/test/auto/ContinuousMerge3.xml
----------------- Instantiating /home/travis/build/icyphy/ptII/ptolemy/domains/continuous/test/auto/ContinuousMerge3.xml
43 ms. Memory: 830464K Free: 703743K (85%)
----------------- Invoking toplevel() on ptolemy.moml.MoMLSimpleApplication@11792a46
----------------- Done invoking toplevel() on ptolemy.moml.MoMLSimpleApplication@11792a46
reloadAllAccessors: .ContinuousMerge3

===========================================================================================
----------------- testing Mon Apr 15 21:41:55 UTC 2019 /home/travis/build/icyphy/ptII/ptolemy/domains/continuous/test/auto/ContinuousWithinContinuous.xml
----------------- Instantiating /home/travis/build/icyphy/ptII/ptolemy/domains/continuous/test/auto/ContinuousWithinContinuous.xml
39 ms. Memory: 830464K Free: 688771K (83%)
----------------- Invoking toplevel() on ptolemy.moml.MoMLSimpleApplication@56085b75
----------------- Done invoking toplevel() on ptolemy.moml.MoMLSimpleApplication@56085b75
reloadAllAccessors: .ContinuousWithinContinuous

===========================================================================================
----------------- testing Mon Apr 15 21:41:55 UTC 2019 /home/travis/build/icyphy/ptII/ptolemy/domains/continuous/test/auto/ContinuousWithinContinuous2.xml
----------------- Instantiating /home/travis/build/icyphy/ptII/ptolemy/domains/continuous/test/auto/ContinuousWithinContinuous2.xml
78 ms. Memory: 830464K Free: 677543K (82%)
----------------- Invoking toplevel() on ptolemy.moml.MoMLSimpleApplication@c5e1612
----------------- Done invoking toplevel() on ptolemy.moml.MoMLSimpleApplication@c5e1612
reloadAllAccessors: .ContinuousWithinContinuous2

===========================================================================================
----------------- testing Mon Apr 15 21:41:55 UTC 2019 /home/travis/build/icyphy/ptII/ptolemy/domains/continuous/test/auto/ContinuousWithinContinuous3.xml
----------------- Instantiating /home/travis/build/icyphy/ptII/ptolemy/domains/continuous/test/auto/ContinuousWithinContinuous3.xml
12 ms. Memory: 830464K Free: 664303K (80%)
----------------- Invoking toplevel() on ptolemy.moml.MoMLSimpleApplication@7c318f20
----------------- Done invoking toplevel() on ptolemy.moml.MoMLSimpleApplication@7c318f20
reloadAllAccessors: .ContinuousWithinContinuous3

===========================================================================================
----------------- testing Mon Apr 15 21:41:55 UTC 2019 /home/travis/build/icyphy/ptII/ptolemy/domains/continuous/test/auto/ContinuousWithinContinuous4.xml
----------------- Instantiating /home/travis/build/icyphy/ptII/ptolemy/domains/continuous/test/auto/ContinuousWithinContinuous4.xml
73 ms. Memory: 830464K Free: 645589K (78%)
----------------- Invoking toplevel() on ptolemy.moml.MoMLSimpleApplication@637c9341
----------------- Done invoking toplevel() on ptolemy.moml.MoMLSimpleApplication@637c9341
reloadAllAccessors: .ContinuousWithinContinuous4

===========================================================================================
----------------- testing Mon Apr 15 21:41:55 UTC 2019 /home/travis/build/icyphy/ptII/ptolemy/domains/continuous/test/auto/ContinuousWithinContinuous5.xml
----------------- Instantiating /home/travis/build/icyphy/ptII/ptolemy/domains/continuous/test/auto/ContinuousWithinContinuous5.xml
13 ms. Memory: 830464K Free: 632349K (76%)
----------------- Invoking toplevel() on ptolemy.moml.MoMLSimpleApplication@66fe25a
----------------- Done invoking toplevel() on ptolemy.moml.MoMLSimpleApplication@66fe25a
reloadAllAccessors: .ContinuousWithinContinuous5

===========================================================================================
----------------- testing Mon Apr 15 21:41:56 UTC 2019 /home/travis/build/icyphy/ptII/ptolemy/domains/continuous/test/auto/ContinuousWithinContinuous6.xml
----------------- Instantiating /home/travis/build/icyphy/ptII/ptolemy/domains/continuous/test/auto/ContinuousWithinContinuous6.xml
13 ms. Memory: 830464K Free: 621105K (75%)
----------------- Invoking toplevel() on ptolemy.moml.MoMLSimpleApplication@18eef797
----------------- Done invoking toplevel() on ptolemy.moml.MoMLSimpleApplication@18eef797
reloadAllAccessors: .ContinuousWithinContinuous6

===========================================================================================
----------------- testing Mon Apr 15 21:41:56 UTC 2019 /home/travis/build/icyphy/ptII/ptolemy/domains/continuous/test/auto/ContinuousWithinContinuous7.xml
----------------- Instantiating /home/travis/build/icyphy/ptII/ptolemy/domains/continuous/test/auto/ContinuousWithinContinuous7.xml
61 ms. Memory: 830464K Free: 609876K (73%)
----------------- Invoking toplevel() on ptolemy.moml.MoMLSimpleApplication@171d31c8
----------------- Done invoking toplevel() on ptolemy.moml.MoMLSimpleApplication@171d31c8
reloadAllAccessors: .ContinuousWithinContinuous7

===========================================================================================
----------------- testing Mon Apr 15 21:41:56 UTC 2019 /home/travis/build/icyphy/ptII/ptolemy/domains/continuous/test/auto/DCMotor.xml
----------------- Instantiating /home/travis/build/icyphy/ptII/ptolemy/domains/continuous/test/auto/DCMotor.xml
15600 ms. Memory: 668160K Free: 484559K (73%)
----------------- Invoking toplevel() on ptolemy.moml.MoMLSimpleApplication@521a848e
----------------- Done invoking toplevel() on ptolemy.moml.MoMLSimpleApplication@521a848e
reloadAllAccessors: .DCMotor

===========================================================================================
----------------- testing Mon Apr 15 21:42:11 UTC 2019 /home/travis/build/icyphy/ptII/ptolemy/domains/continuous/test/auto/DEInContinuous.xml
----------------- Instantiating /home/travis/build/icyphy/ptII/ptolemy/domains/continuous/test/auto/DEInContinuous.xml
25 ms. Memory: 668160K Free: 470066K (70%)
----------------- Invoking toplevel() on ptolemy.moml.MoMLSimpleApplication@12e36399
----------------- Done invoking toplevel() on ptolemy.moml.MoMLSimpleApplication@12e36399
reloadAllAccessors: .DEInContinuous

===========================================================================================
----------------- testing Mon Apr 15 21:42:11 UTC 2019 /home/travis/build/icyphy/ptII/ptolemy/domains/continuous/test/auto/DEinContinuous2.xml
----------------- Instantiating /home/travis/build/icyphy/ptII/ptolemy/domains/continuous/test/auto/DEinContinuous2.xml
13 ms. Memory: 668160K Free: 451361K (68%)
----------------- Invoking toplevel() on ptolemy.moml.MoMLSimpleApplication@19480e05
----------------- Done invoking toplevel() on ptolemy.moml.MoMLSimpleApplication@19480e05
reloadAllAccessors: .DEinContinuous2

===========================================================================================
----------------- testing Mon Apr 15 21:42:11 UTC 2019 /home/travis/build/icyphy/ptII/ptolemy/domains/continuous/test/auto/Derivative.xml
----------------- Instantiating /home/travis/build/icyphy/ptII/ptolemy/domains/continuous/test/auto/Derivative.xml
183 ms. Memory: 668160K Free: 414985K (62%)
----------------- Invoking toplevel() on ptolemy.moml.MoMLSimpleApplication@9e5c32b
----------------- Done invoking toplevel() on ptolemy.moml.MoMLSimpleApplication@9e5c32b
reloadAllAccessors: .Derivative2

===========================================================================================
----------------- testing Mon Apr 15 21:42:12 UTC 2019 /home/travis/build/icyphy/ptII/ptolemy/domains/continuous/test/auto/Derivative1.xml
----------------- Instantiating /home/travis/build/icyphy/ptII/ptolemy/domains/continuous/test/auto/Derivative1.xml
20 ms. Memory: 668160K Free: 396289K (59%)
----------------- Invoking toplevel() on ptolemy.moml.MoMLSimpleApplication@5b7b7e68
----------------- Done invoking toplevel() on ptolemy.moml.MoMLSimpleApplication@5b7b7e68
reloadAllAccessors: .Derivative1

===========================================================================================
----------------- testing Mon Apr 15 21:42:12 UTC 2019 /home/travis/build/icyphy/ptII/ptolemy/domains/continuous/test/auto/DiscreteClock.xml
----------------- Instantiating /home/travis/build/icyphy/ptII/ptolemy/domains/continuous/test/auto/DiscreteClock.xml
6 ms. Memory: 668160K Free: 384553K (58%)
----------------- Invoking toplevel() on ptolemy.moml.MoMLSimpleApplication@6470a1b6
----------------- Done invoking toplevel() on ptolemy.moml.MoMLSimpleApplication@6470a1b6
reloadAllAccessors: .DiscreteClock

===========================================================================================
----------------- testing Mon Apr 15 21:42:12 UTC 2019 /home/travis/build/icyphy/ptII/ptolemy/domains/continuous/test/auto/EfficiencyCurve.xml
----------------- Instantiating /home/travis/build/icyphy/ptII/ptolemy/domains/continuous/test/auto/EfficiencyCurve.xml
80 ms. Memory: 668160K Free: 371732K (56%)
----------------- Invoking toplevel() on ptolemy.moml.MoMLSimpleApplication@4eb25481
----------------- Done invoking toplevel() on ptolemy.moml.MoMLSimpleApplication@4eb25481
reloadAllAccessors: .EfficiencyCurve

===========================================================================================
----------------- testing Mon Apr 15 21:42:12 UTC 2019 /home/travis/build/icyphy/ptII/ptolemy/domains/continuous/test/auto/ExponentialResponse.xml
----------------- Instantiating /home/travis/build/icyphy/ptII/ptolemy/domains/continuous/test/auto/ExponentialResponse.xml
102 ms. Memory: 668160K Free: 347175K (52%)
----------------- Invoking toplevel() on ptolemy.moml.MoMLSimpleApplication@26e9311b
----------------- Done invoking toplevel() on ptolemy.moml.MoMLSimpleApplication@26e9311b
reloadAllAccessors: .ExponentialResponse

===========================================================================================
----------------- testing Mon Apr 15 21:42:12 UTC 2019 /home/travis/build/icyphy/ptII/ptolemy/domains/continuous/test/auto/ExponentialResponseRK45.xml
----------------- Instantiating /home/travis/build/icyphy/ptII/ptolemy/domains/continuous/test/auto/ExponentialResponseRK45.xml
23 ms. Memory: 668160K Free: 334354K (50%)
----------------- Invoking toplevel() on ptolemy.moml.MoMLSimpleApplication@2a391386
----------------- Done invoking toplevel() on ptolemy.moml.MoMLSimpleApplication@2a391386
reloadAllAccessors: .ExponentialResponseRK45

===========================================================================================
----------------- testing Mon Apr 15 21:42:12 UTC 2019 /home/travis/build/icyphy/ptII/ptolemy/domains/continuous/test/auto/Friction.xml
----------------- Instantiating /home/travis/build/icyphy/ptII/ptolemy/domains/continuous/test/auto/Friction.xml
1365 ms. Memory: 647168K Free: 440348K (68%)
----------------- Invoking toplevel() on ptolemy.moml.MoMLSimpleApplication@222053c2
----------------- Done invoking toplevel() on ptolemy.moml.MoMLSimpleApplication@222053c2
reloadAllAccessors: .Friction

===========================================================================================
----------------- testing Mon Apr 15 21:42:14 UTC 2019 /home/travis/build/icyphy/ptII/ptolemy/domains/continuous/test/auto/FurutaPendulum.xml
----------------- Instantiating /home/travis/build/icyphy/ptII/ptolemy/domains/continuous/test/auto/FurutaPendulum.xml
3470 ms. Memory: 617472K Free: 464621K (75%)
----------------- Invoking toplevel() on ptolemy.moml.MoMLSimpleApplication@71c88b77
----------------- Done invoking toplevel() on ptolemy.moml.MoMLSimpleApplication@71c88b77
reloadAllAccessors: .FurutaPendulum

===========================================================================================
----------------- testing Mon Apr 15 21:42:17 UTC 2019 /home/travis/build/icyphy/ptII/ptolemy/domains/continuous/test/auto/HierarchicalExecution.xml
----------------- Instantiating /home/travis/build/icyphy/ptII/ptolemy/domains/continuous/test/auto/HierarchicalExecution.xml
1880 ms. Memory: 617472K Free: 164653K (27%)
----------------- Invoking toplevel() on ptolemy.moml.MoMLSimpleApplication@6135ff2d
----------------- Done invoking toplevel() on ptolemy.moml.MoMLSimpleApplication@6135ff2d
reloadAllAccessors: .HierarchicalExecution

===========================================================================================
----------------- testing Mon Apr 15 21:42:19 UTC 2019 /home/travis/build/icyphy/ptII/ptolemy/domains/continuous/test/auto/HybridPlant.xml
----------------- Instantiating /home/travis/build/icyphy/ptII/ptolemy/domains/continuous/test/auto/HybridPlant.xml
509 ms. Memory: 589824K Free: 390562K (66%)
----------------- Invoking toplevel() on ptolemy.moml.MoMLSimpleApplication@3d15fed4
----------------- Done invoking toplevel() on ptolemy.moml.MoMLSimpleApplication@3d15fed4
reloadAllAccessors: .HybridPlant

===========================================================================================
----------------- testing Mon Apr 15 21:42:20 UTC 2019 /home/travis/build/icyphy/ptII/ptolemy/domains/continuous/test/auto/Hysteresis.xml
----------------- Instantiating /home/travis/build/icyphy/ptII/ptolemy/domains/continuous/test/auto/Hysteresis.xml
131 ms. Memory: 589824K Free: 323709K (55%)
----------------- Invoking toplevel() on ptolemy.moml.MoMLSimpleApplication@2bfdc0ea
----------------- Done invoking toplevel() on ptolemy.moml.MoMLSimpleApplication@2bfdc0ea
reloadAllAccessors: .Hysteresis

===========================================================================================
----------------- testing Mon Apr 15 21:42:20 UTC 2019 /home/travis/build/icyphy/ptII/ptolemy/domains/continuous/test/auto/HysteresisWithRandomDelay.xml
----------------- Instantiating /home/travis/build/icyphy/ptII/ptolemy/domains/continuous/test/auto/HysteresisWithRandomDelay.xml
173 ms. Memory: 589824K Free: 244726K (41%)
----------------- Invoking toplevel() on ptolemy.moml.MoMLSimpleApplication@4ed25d05
----------------- Done invoking toplevel() on ptolemy.moml.MoMLSimpleApplication@4ed25d05
reloadAllAccessors: .HysteresisWithRandomDelay

===========================================================================================
----------------- testing Mon Apr 15 21:42:20 UTC 2019 /home/travis/build/icyphy/ptII/ptolemy/domains/continuous/test/auto/HysteresisWithRandomLosses.xml
----------------- Instantiating /home/travis/build/icyphy/ptII/ptolemy/domains/continuous/test/auto/HysteresisWithRandomLosses.xml
2286 ms. Memory: 543232K Free: 423020K (78%)
----------------- Invoking toplevel() on ptolemy.moml.MoMLSimpleApplication@5233c573
----------------- Done invoking toplevel() on ptolemy.moml.MoMLSimpleApplication@5233c573
reloadAllAccessors: .HysteresisWithRandomLosses

===========================================================================================
----------------- testing Mon Apr 15 21:42:23 UTC 2019 /home/travis/build/icyphy/ptII/ptolemy/domains/continuous/test/auto/ImmediateTransitions.xml
----------------- Instantiating /home/travis/build/icyphy/ptII/ptolemy/domains/continuous/test/auto/ImmediateTransitions.xml
10 ms. Memory: 543232K Free: 404892K (75%)
----------------- Invoking toplevel() on ptolemy.moml.MoMLSimpleApplication@5347ee06
----------------- Done invoking toplevel() on ptolemy.moml.MoMLSimpleApplication@5347ee06
reloadAllAccessors: .ImmediateTransitions

===========================================================================================
----------------- testing Mon Apr 15 21:42:23 UTC 2019 /home/travis/build/icyphy/ptII/ptolemy/domains/continuous/test/auto/ImpulseFeedback.xml
----------------- Instantiating /home/travis/build/icyphy/ptII/ptolemy/domains/continuous/test/auto/ImpulseFeedback.xml
6 ms. Memory: 543232K Free: 394882K (73%)
----------------- Invoking toplevel() on ptolemy.moml.MoMLSimpleApplication@43ce8f37
----------------- Done invoking toplevel() on ptolemy.moml.MoMLSimpleApplication@43ce8f37
reloadAllAccessors: .ImpulseFeedback

===========================================================================================
----------------- testing Mon Apr 15 21:42:23 UTC 2019 /home/travis/build/icyphy/ptII/ptolemy/domains/continuous/test/auto/ImpulseFeedback2.xml
----------------- Instantiating /home/travis/build/icyphy/ptII/ptolemy/domains/continuous/test/auto/ImpulseFeedback2.xml
5 ms. Memory: 543232K Free: 384687K (71%)
----------------- Invoking toplevel() on ptolemy.moml.MoMLSimpleApplication@4b4082e4
----------------- Done invoking toplevel() on ptolemy.moml.MoMLSimpleApplication@4b4082e4
reloadAllAccessors: .ImpulseFeedback2

===========================================================================================
----------------- testing Mon Apr 15 21:42:23 UTC 2019 /home/travis/build/icyphy/ptII/ptolemy/domains/continuous/test/auto/IncreasingRatePoisson.xml
----------------- Instantiating /home/travis/build/icyphy/ptII/ptolemy/domains/continuous/test/auto/IncreasingRatePoisson.xml
617 ms. Memory: 543232K Free: 78191K (14%)
----------------- Invoking toplevel() on ptolemy.moml.MoMLSimpleApplication@3e81144b
----------------- Done invoking toplevel() on ptolemy.moml.MoMLSimpleApplication@3e81144b
reloadAllAccessors: .IncreasingRatePoisson

===========================================================================================
----------------- testing Mon Apr 15 21:42:23 UTC 2019 /home/travis/build/icyphy/ptII/ptolemy/domains/continuous/test/auto/InitialStateFeedback.xml
----------------- Instantiating /home/travis/build/icyphy/ptII/ptolemy/domains/continuous/test/auto/InitialStateFeedback.xml
4 ms. Memory: 543232K Free: 71085K (13%)
----------------- Invoking toplevel() on ptolemy.moml.MoMLSimpleApplication@7bc5d1cb
----------------- Done invoking toplevel() on ptolemy.moml.MoMLSimpleApplication@7bc5d1cb
reloadAllAccessors: .InitialStateFeedback

===========================================================================================
----------------- testing Mon Apr 15 21:42:24 UTC 2019 /home/travis/build/icyphy/ptII/ptolemy/domains/continuous/test/auto/Integration.xml
----------------- Instantiating /home/travis/build/icyphy/ptII/ptolemy/domains/continuous/test/auto/Integration.xml
2 ms. Memory: 543232K Free: 64170K (12%)
----------------- Invoking toplevel() on ptolemy.moml.MoMLSimpleApplication@2baaa952
----------------- Done invoking toplevel() on ptolemy.moml.MoMLSimpleApplication@2baaa952
reloadAllAccessors: .Integration

===========================================================================================
----------------- testing Mon Apr 15 21:42:24 UTC 2019 /home/travis/build/icyphy/ptII/ptolemy/domains/continuous/test/auto/Integration2.xml
----------------- Instantiating /home/travis/build/icyphy/ptII/ptolemy/domains/continuous/test/auto/Integration2.xml
80 ms. Memory: 521728K Free: 487821K (94%)
----------------- Invoking toplevel() on ptolemy.moml.MoMLSimpleApplication@750e18df
----------------- Done invoking toplevel() on ptolemy.moml.MoMLSimpleApplication@750e18df
reloadAllAccessors: .Integration2

===========================================================================================
----------------- testing Mon Apr 15 21:42:24 UTC 2019 /home/travis/build/icyphy/ptII/ptolemy/domains/continuous/test/auto/Integration3.xml
----------------- Instantiating /home/travis/build/icyphy/ptII/ptolemy/domains/continuous/test/auto/Integration3.xml
2 ms. Memory: 521728K Free: 479513K (92%)
----------------- Invoking toplevel() on ptolemy.moml.MoMLSimpleApplication@1d3a671
----------------- Done invoking toplevel() on ptolemy.moml.MoMLSimpleApplication@1d3a671
reloadAllAccessors: .Integration3

===========================================================================================
----------------- testing Mon Apr 15 21:42:24 UTC 2019 /home/travis/build/icyphy/ptII/ptolemy/domains/continuous/test/auto/Integration5.xml
----------------- Instantiating /home/travis/build/icyphy/ptII/ptolemy/domains/continuous/test/auto/Integration5.xml
3 ms. Memory: 521728K Free: 472858K (91%)
----------------- Invoking toplevel() on ptolemy.moml.MoMLSimpleApplication@5b1ed0cf
----------------- Done invoking toplevel() on ptolemy.moml.MoMLSimpleApplication@5b1ed0cf
reloadAllAccessors: .Integration5

===========================================================================================
----------------- testing Mon Apr 15 21:42:24 UTC 2019 /home/travis/build/icyphy/ptII/ptolemy/domains/continuous/test/auto/IntegratorImpulse.xml
----------------- Instantiating /home/travis/build/icyphy/ptII/ptolemy/domains/continuous/test/auto/IntegratorImpulse.xml
3 ms. Memory: 521728K Free: 466047K (89%)
----------------- Invoking toplevel() on ptolemy.moml.MoMLSimpleApplication@28528f60
----------------- Done invoking toplevel() on ptolemy.moml.MoMLSimpleApplication@28528f60
reloadAllAccessors: .IntegratorImpulse

===========================================================================================
----------------- testing Mon Apr 15 21:42:24 UTC 2019 /home/travis/build/icyphy/ptII/ptolemy/domains/continuous/test/auto/IntegratorImpulse2.xml
----------------- Instantiating /home/travis/build/icyphy/ptII/ptolemy/domains/continuous/test/auto/IntegratorImpulse2.xml
4 ms. Memory: 521728K Free: 459393K (88%)
----------------- Invoking toplevel() on ptolemy.moml.MoMLSimpleApplication@76da9c01
----------------- Done invoking toplevel() on ptolemy.moml.MoMLSimpleApplication@76da9c01
reloadAllAccessors: .IntegratorImpulse2

===========================================================================================
----------------- testing Mon Apr 15 21:42:24 UTC 2019 /home/travis/build/icyphy/ptII/ptolemy/domains/continuous/test/auto/LevelCrossing1.xml
----------------- Instantiating /home/travis/build/icyphy/ptII/ptolemy/domains/continuous/test/auto/LevelCrossing1.xml
2 ms. Memory: 521728K Free: 449630K (86%)
----------------- Invoking toplevel() on ptolemy.moml.MoMLSimpleApplication@38637949
----------------- Done invoking toplevel() on ptolemy.moml.MoMLSimpleApplication@38637949
reloadAllAccessors: .LevelCrossing1

===========================================================================================
----------------- testing Mon Apr 15 21:42:24 UTC 2019 /home/travis/build/icyphy/ptII/ptolemy/domains/continuous/test/auto/LevelCrossing2.xml
----------------- Instantiating /home/travis/build/icyphy/ptII/ptolemy/domains/continuous/test/auto/LevelCrossing2.xml
3 ms. Memory: 521728K Free: 440025K (84%)
----------------- Invoking toplevel() on ptolemy.moml.MoMLSimpleApplication@3ca76599
----------------- Done invoking toplevel() on ptolemy.moml.MoMLSimpleApplication@3ca76599
reloadAllAccessors: .LevelCrossing2

===========================================================================================
----------------- testing Mon Apr 15 21:42:24 UTC 2019 /home/travis/build/icyphy/ptII/ptolemy/domains/continuous/test/auto/LevelCrossing3.xml
----------------- Instantiating /home/travis/build/icyphy/ptII/ptolemy/domains/continuous/test/auto/LevelCrossing3.xml
2 ms. Memory: 521728K Free: 430262K (82%)
----------------- Invoking toplevel() on ptolemy.moml.MoMLSimpleApplication@7543579
----------------- Done invoking toplevel() on ptolemy.moml.MoMLSimpleApplication@7543579
reloadAllAccessors: .LevelCrossing3

===========================================================================================
----------------- testing Mon Apr 15 21:42:24 UTC 2019 /home/travis/build/icyphy/ptII/ptolemy/domains/continuous/test/auto/LevelCrossing4.xml
----------------- Instantiating /home/travis/build/icyphy/ptII/ptolemy/domains/continuous/test/auto/LevelCrossing4.xml
3 ms. Memory: 521728K Free: 420656K (81%)
----------------- Invoking toplevel() on ptolemy.moml.MoMLSimpleApplication@6df25b92
----------------- Done invoking toplevel() on ptolemy.moml.MoMLSimpleApplication@6df25b92
reloadAllAccessors: .LevelCrossing4

===========================================================================================
----------------- testing Mon Apr 15 21:42:24 UTC 2019 /home/travis/build/icyphy/ptII/ptolemy/domains/continuous/test/auto/LevelCrossing5.xml
----------------- Instantiating /home/travis/build/icyphy/ptII/ptolemy/domains/continuous/test/auto/LevelCrossing5.xml
3 ms. Memory: 521728K Free: 410894K (79%)
----------------- Invoking toplevel() on ptolemy.moml.MoMLSimpleApplication@3a17095
----------------- Done invoking toplevel() on ptolemy.moml.MoMLSimpleApplication@3a17095
reloadAllAccessors: .LevelCrossing5

===========================================================================================
[...]
----------------- Done invoking toplevel() on ptolemy.moml.MoMLSimpleApplication@276babe3
reloadAllAccessors: .ResetTransitionWithStartTime6

===========================================================================================
----------------- testing Mon Apr 15 21:42:41 UTC 2019 /home/travis/build/icyphy/ptII/ptolemy/domains/continuous/test/auto/SRinContinuous.xml
----------------- Instantiating /home/travis/build/icyphy/ptII/ptolemy/domains/continuous/test/auto/SRinContinuous.xml
9 ms. Memory: 334336K Free: 244978K (73%)
----------------- Invoking toplevel() on ptolemy.moml.MoMLSimpleApplication@383fdfe5
----------------- Done invoking toplevel() on ptolemy.moml.MoMLSimpleApplication@383fdfe5
reloadAllAccessors: .SRinContinuous

===========================================================================================
----------------- testing Mon Apr 15 21:42:41 UTC 2019 /home/travis/build/icyphy/ptII/ptolemy/domains/continuous/test/auto/SampledClocks.xml
----------------- Instantiating /home/travis/build/icyphy/ptII/ptolemy/domains/continuous/test/auto/SampledClocks.xml
4 ms. Memory: 334336K Free: 233928K (70%)
----------------- Invoking toplevel() on ptolemy.moml.MoMLSimpleApplication@77f896b3
----------------- Done invoking toplevel() on ptolemy.moml.MoMLSimpleApplication@77f896b3
reloadAllAccessors: .SampledClocks

===========================================================================================
----------------- testing Mon Apr 15 21:42:41 UTC 2019 /home/travis/build/icyphy/ptII/ptolemy/domains/continuous/test/auto/Satellite.xml
----------------- Instantiating /home/travis/build/icyphy/ptII/ptolemy/domains/continuous/test/auto/Satellite.xml
851 ms. Memory: 334336K Free: 57561K (17%)
----------------- Invoking toplevel() on ptolemy.moml.MoMLSimpleApplication@837a21d
----------------- Done invoking toplevel() on ptolemy.moml.MoMLSimpleApplication@837a21d
reloadAllAccessors: .Satellite

===========================================================================================
----------------- testing Mon Apr 15 21:42:42 UTC 2019 /home/travis/build/icyphy/ptII/ptolemy/domains/continuous/test/auto/SigmaDelta.xml
----------------- Instantiating /home/travis/build/icyphy/ptII/ptolemy/domains/continuous/test/auto/SigmaDelta.xml
2271 ms. Memory: 316416K Free: 154127K (49%)
----------------- Invoking toplevel() on ptolemy.moml.MoMLSimpleApplication@7d126a78
----------------- Done invoking toplevel() on ptolemy.moml.MoMLSimpleApplication@7d126a78
reloadAllAccessors: .SigmaDelta

===========================================================================================
----------------- testing Mon Apr 15 21:42:45 UTC 2019 /home/travis/build/icyphy/ptII/ptolemy/domains/continuous/test/auto/SingleRefinement.xml
----------------- Instantiating /home/travis/build/icyphy/ptII/ptolemy/domains/continuous/test/auto/SingleRefinement.xml
316 ms. Memory: 371712K Free: 257364K (69%)
----------------- Invoking toplevel() on ptolemy.moml.MoMLSimpleApplication@4a239fda
----------------- Done invoking toplevel() on ptolemy.moml.MoMLSimpleApplication@4a239fda
reloadAllAccessors: .SingleRefinement

===========================================================================================
----------------- testing Mon Apr 15 21:42:45 UTC 2019 /home/travis/build/icyphy/ptII/ptolemy/domains/continuous/test/auto/SinuBouncingBall.xml
----------------- Instantiating /home/travis/build/icyphy/ptII/ptolemy/domains/continuous/test/auto/SinuBouncingBall.xml
785 ms. Memory: 371712K Free: 36062K (10%)
----------------- Invoking toplevel() on ptolemy.moml.MoMLSimpleApplication@267c066d
----------------- Done invoking toplevel() on ptolemy.moml.MoMLSimpleApplication@267c066d
reloadAllAccessors: .SinuBouncingBall

===========================================================================================
----------------- testing Mon Apr 15 21:42:46 UTC 2019 /home/travis/build/icyphy/ptII/ptolemy/domains/continuous/test/auto/Sinusoid.xml
----------------- Instantiating /home/travis/build/icyphy/ptII/ptolemy/domains/continuous/test/auto/Sinusoid.xml
4 ms. Memory: 371712K Free: 29359K (8%)
----------------- Invoking toplevel() on ptolemy.moml.MoMLSimpleApplication@52879cb3
----------------- Done invoking toplevel() on ptolemy.moml.MoMLSimpleApplication@52879cb3
reloadAllAccessors: .Sinusoid

===========================================================================================
----------------- testing Mon Apr 15 21:42:46 UTC 2019 /home/travis/build/icyphy/ptII/ptolemy/domains/continuous/test/auto/SinusoidInNoise.xml
----------------- Instantiating /home/travis/build/icyphy/ptII/ptolemy/domains/continuous/test/auto/SinusoidInNoise.xml
878 ms. Memory: 357888K Free: 104599K (29%)
----------------- Invoking toplevel() on ptolemy.moml.MoMLSimpleApplication@21ef57
----------------- Done invoking toplevel() on ptolemy.moml.MoMLSimpleApplication@21ef57
reloadAllAccessors: .SinusoidInNoise

===========================================================================================
----------------- testing Mon Apr 15 21:42:47 UTC 2019 /home/travis/build/icyphy/ptII/ptolemy/domains/continuous/test/auto/SinusoidRK45.xml
----------------- Instantiating /home/travis/build/icyphy/ptII/ptolemy/domains/continuous/test/auto/SinusoidRK45.xml
3 ms. Memory: 357888K Free: 98139K (27%)
----------------- Invoking toplevel() on ptolemy.moml.MoMLSimpleApplication@7f80f793
----------------- Done invoking toplevel() on ptolemy.moml.MoMLSimpleApplication@7f80f793
reloadAllAccessors: .SinusoidRK45

===========================================================================================
----------------- testing Mon Apr 15 21:42:47 UTC 2019 /home/travis/build/icyphy/ptII/ptolemy/domains/continuous/test/auto/SinusoidWithMultipleImpulses.xml
----------------- Instantiating /home/travis/build/icyphy/ptII/ptolemy/domains/continuous/test/auto/SinusoidWithMultipleImpulses.xml
3 ms. Memory: 357888K Free: 88908K (25%)
----------------- Invoking toplevel() on ptolemy.moml.MoMLSimpleApplication@57a50899
----------------- Done invoking toplevel() on ptolemy.moml.MoMLSimpleApplication@57a50899
reloadAllAccessors: .SinusoidWithMultipleImpulses

===========================================================================================
----------------- testing Mon Apr 15 21:42:47 UTC 2019 /home/travis/build/icyphy/ptII/ptolemy/domains/continuous/test/auto/SquareWave.xml
----------------- Instantiating /home/travis/build/icyphy/ptII/ptolemy/domains/continuous/test/auto/SquareWave.xml
166 ms. Memory: 357888K Free: 57525K (16%)
----------------- Invoking toplevel() on ptolemy.moml.MoMLSimpleApplication@6945286c
----------------- Done invoking toplevel() on ptolemy.moml.MoMLSimpleApplication@6945286c
reloadAllAccessors: .SquareWave

===========================================================================================
----------------- testing Mon Apr 15 21:42:47 UTC 2019 /home/travis/build/icyphy/ptII/ptolemy/domains/continuous/test/auto/Starmac.xml
----------------- Instantiating /home/travis/build/icyphy/ptII/ptolemy/domains/continuous/test/auto/Starmac.xml
3055 ms. Memory: 336896K Free: 222591K (66%)
----------------- Invoking toplevel() on ptolemy.moml.MoMLSimpleApplication@44de360f
----------------- Done invoking toplevel() on ptolemy.moml.MoMLSimpleApplication@44de360f
reloadAllAccessors: .Starmac

===========================================================================================
----------------- testing Mon Apr 15 21:42:50 UTC 2019 /home/travis/build/icyphy/ptII/ptolemy/domains/continuous/test/auto/StaticUnits.xml
----------------- Instantiating /home/travis/build/icyphy/ptII/ptolemy/domains/continuous/test/auto/StaticUnits.xml
2070 ms. Memory: 312832K Free: 243959K (78%)
----------------- Invoking toplevel() on ptolemy.moml.MoMLSimpleApplication@3a859009
----------------- Done invoking toplevel() on ptolemy.moml.MoMLSimpleApplication@3a859009
reloadAllAccessors: .StaticUnits

===========================================================================================
----------------- testing Mon Apr 15 21:42:53 UTC 2019 /home/travis/build/icyphy/ptII/ptolemy/domains/continuous/test/auto/StickyMasses.xml
----------------- Instantiating /home/travis/build/icyphy/ptII/ptolemy/domains/continuous/test/auto/StickyMasses.xml
135 ms. Memory: 312832K Free: 188118K (60%)
----------------- Invoking toplevel() on ptolemy.moml.MoMLSimpleApplication@2309be25
----------------- Done invoking toplevel() on ptolemy.moml.MoMLSimpleApplication@2309be25
reloadAllAccessors: .StickyMasses

===========================================================================================
----------------- testing Mon Apr 15 21:42:53 UTC 2019 /home/travis/build/icyphy/ptII/ptolemy/domains/continuous/test/auto/StopTime.xml
----------------- Instantiating /home/travis/build/icyphy/ptII/ptolemy/domains/continuous/test/auto/StopTime.xml
48 ms. Memory: 312832K Free: 159319K (51%)
----------------- Invoking toplevel() on ptolemy.moml.MoMLSimpleApplication@c8d95b
----------------- Done invoking toplevel() on ptolemy.moml.MoMLSimpleApplication@c8d95b
reloadAllAccessors: .StopTime

===========================================================================================
----------------- testing Mon Apr 15 21:42:53 UTC 2019 /home/travis/build/icyphy/ptII/ptolemy/domains/continuous/test/auto/StopTime2.xml
----------------- Instantiating /home/travis/build/icyphy/ptII/ptolemy/domains/continuous/test/auto/StopTime2.xml
33 ms. Memory: 312832K Free: 132822K (42%)
----------------- Invoking toplevel() on ptolemy.moml.MoMLSimpleApplication@33914e09
----------------- Done invoking toplevel() on ptolemy.moml.MoMLSimpleApplication@33914e09
reloadAllAccessors: .StopTime2

===========================================================================================
----------------- testing Mon Apr 15 21:42:53 UTC 2019 /home/travis/build/icyphy/ptII/ptolemy/domains/continuous/test/auto/Switch.xml
----------------- Instantiating /home/travis/build/icyphy/ptII/ptolemy/domains/continuous/test/auto/Switch.xml
51 ms. Memory: 312832K Free: 104051K (33%)
----------------- Invoking toplevel() on ptolemy.moml.MoMLSimpleApplication@789a352f
----------------- Done invoking toplevel() on ptolemy.moml.MoMLSimpleApplication@789a352f
reloadAllAccessors: .Switch

===========================================================================================
----------------- testing Mon Apr 15 21:42:53 UTC 2019 /home/travis/build/icyphy/ptII/ptolemy/domains/continuous/test/auto/Thermostat.xml
----------------- Instantiating /home/travis/build/icyphy/ptII/ptolemy/domains/continuous/test/auto/Thermostat.xml
175 ms. Memory: 312832K Free: 28862K (9%)
----------------- Invoking toplevel() on ptolemy.moml.MoMLSimpleApplication@52c8857b
----------------- Done invoking toplevel() on ptolemy.moml.MoMLSimpleApplication@52c8857b
reloadAllAccessors: .Thermostat

===========================================================================================
----------------- testing Mon Apr 15 21:42:54 UTC 2019 /home/travis/build/icyphy/ptII/ptolemy/domains/continuous/test/auto/TimeDelay.xml
----------------- Instantiating /home/travis/build/icyphy/ptII/ptolemy/domains/continuous/test/auto/TimeDelay.xml
6 ms. Memory: 312832K Free: 20953K (7%)
----------------- Invoking toplevel() on ptolemy.moml.MoMLSimpleApplication@2f763f43
----------------- Done invoking toplevel() on ptolemy.moml.MoMLSimpleApplication@2f763f43
reloadAllAccessors: .TimeDelay

===========================================================================================
----------------- testing Mon Apr 15 21:42:54 UTC 2019 /home/travis/build/icyphy/ptII/ptolemy/domains/continuous/test/auto/TimeDelay2.xml
----------------- Instantiating /home/travis/build/icyphy/ptII/ptolemy/domains/continuous/test/auto/TimeDelay2.xml
8 ms. Memory: 310272K Free: 241044K (78%)
----------------- Invoking toplevel() on ptolemy.moml.MoMLSimpleApplication@4c1970d4
----------------- Done invoking toplevel() on ptolemy.moml.MoMLSimpleApplication@4c1970d4
reloadAllAccessors: .TimeDelay2

===========================================================================================
----------------- testing Mon Apr 15 21:42:54 UTC 2019 /home/travis/build/icyphy/ptII/ptolemy/domains/continuous/test/auto/TimeDelay3.xml
----------------- Instantiating /home/travis/build/icyphy/ptII/ptolemy/domains/continuous/test/auto/TimeDelay3.xml
7 ms. Memory: 310272K Free: 233410K (75%)
----------------- Invoking toplevel() on ptolemy.moml.MoMLSimpleApplication@699a6aad
----------------- Done invoking toplevel() on ptolemy.moml.MoMLSimpleApplication@699a6aad
reloadAllAccessors: .TimeDelay3

===========================================================================================
----------------- testing Mon Apr 15 21:42:54 UTC 2019 /home/travis/build/icyphy/ptII/ptolemy/domains/continuous/test/auto/TransferAbsentToInside.xml
----------------- Instantiating /home/travis/build/icyphy/ptII/ptolemy/domains/continuous/test/auto/TransferAbsentToInside.xml
45 ms. Memory: 310272K Free: 176765K (57%)
----------------- Invoking toplevel() on ptolemy.moml.MoMLSimpleApplication@4c596c7e
----------------- Done invoking toplevel() on ptolemy.moml.MoMLSimpleApplication@4c596c7e
reloadAllAccessors: .TransferAbsentToInside

===========================================================================================
----------------- testing Mon Apr 15 21:42:54 UTC 2019 /home/travis/build/icyphy/ptII/ptolemy/domains/continuous/test/auto/Transmission.xml
----------------- Instantiating /home/travis/build/icyphy/ptII/ptolemy/domains/continuous/test/auto/Transmission.xml
745 ms. Memory: 293888K Free: 144242K (49%)
----------------- Invoking toplevel() on ptolemy.moml.MoMLSimpleApplication@5de864bb
----------------- Done invoking toplevel() on ptolemy.moml.MoMLSimpleApplication@5de864bb
reloadAllAccessors: .Transmission

===========================================================================================
----------------- testing Mon Apr 15 21:42:55 UTC 2019 /home/travis/build/icyphy/ptII/ptolemy/domains/continuous/test/auto/TriggeredContinuousClock.xml
----------------- Instantiating /home/travis/build/icyphy/ptII/ptolemy/domains/continuous/test/auto/TriggeredContinuousClock.xml
37 ms. Memory: 293888K Free: 110833K (38%)
----------------- Invoking toplevel() on ptolemy.moml.MoMLSimpleApplication@c6901f7
----------------- Done invoking toplevel() on ptolemy.moml.MoMLSimpleApplication@c6901f7
reloadAllAccessors: .TriggeredContinuousClock

===========================================================================================
----------------- testing Mon Apr 15 21:42:55 UTC 2019 /home/travis/build/icyphy/ptII/ptolemy/domains/continuous/test/auto/TwoMachineInfiniteBusControl.xml
----------------- Instantiating /home/travis/build/icyphy/ptII/ptolemy/domains/continuous/test/auto/TwoMachineInfiniteBusControl.xml
2818 ms. Memory: 272896K Free: 151946K (56%)
----------------- Invoking toplevel() on ptolemy.moml.MoMLSimpleApplication@544141b4
----------------- Done invoking toplevel() on ptolemy.moml.MoMLSimpleApplication@544141b4
reloadAllAccessors: .TwoMachineInfiniteBusControl

===========================================================================================
----------------- testing Mon Apr 15 21:42:58 UTC 2019 /home/travis/build/icyphy/ptII/ptolemy/domains/continuous/test/auto/V2V.xml
----------------- Instantiating /home/travis/build/icyphy/ptII/ptolemy/domains/continuous/test/auto/V2V.xml
771 ms. Memory: 260096K Free: 132331K (51%)
----------------- Invoking toplevel() on ptolemy.moml.MoMLSimpleApplication@d21df9d
----------------- Done invoking toplevel() on ptolemy.moml.MoMLSimpleApplication@d21df9d
reloadAllAccessors: .V2V

===========================================================================================
----------------- testing Mon Apr 15 21:42:58 UTC 2019 /home/travis/build/icyphy/ptII/ptolemy/domains/continuous/test/auto/hierarchicalModalModel.xml
----------------- Instantiating /home/travis/build/icyphy/ptII/ptolemy/domains/continuous/test/auto/hierarchicalModalModel.xml
7 ms. Memory: 260096K Free: 114928K (44%)
----------------- Invoking toplevel() on ptolemy.moml.MoMLSimpleApplication@73a2b77d
----------------- Done invoking toplevel() on ptolemy.moml.MoMLSimpleApplication@73a2b77d
reloadAllAccessors: .hierarchicalModalModel

===========================================================================================
----------------- testing Mon Apr 15 21:42:58 UTC 2019 /home/travis/build/icyphy/ptII/ptolemy/domains/continuous/test/auto/hierarchicalModalModel1.xml
----------------- Instantiating /home/travis/build/icyphy/ptII/ptolemy/domains/continuous/test/auto/hierarchicalModalModel1.xml
8 ms. Memory: 260096K Free: 98454K (38%)
----------------- Invoking toplevel() on ptolemy.moml.MoMLSimpleApplication@61d5e654
----------------- Done invoking toplevel() on ptolemy.moml.MoMLSimpleApplication@61d5e654
reloadAllAccessors: .hierarchicalModalModel1

===========================================================================================
----------------- testing Mon Apr 15 21:42:59 UTC 2019 /home/travis/build/icyphy/ptII/ptolemy/domains/continuous/test/auto/hierarchicalModalModel2.xml
----------------- Instantiating /home/travis/build/icyphy/ptII/ptolemy/domains/continuous/test/auto/hierarchicalModalModel2.xml
6 ms. Memory: 260096K Free: 83169K (32%)
----------------- Invoking toplevel() on ptolemy.moml.MoMLSimpleApplication@2dff84b3
----------------- Done invoking toplevel() on ptolemy.moml.MoMLSimpleApplication@2dff84b3
reloadAllAccessors: .hierarchicalModalModel2

===========================================================================================
----------------- testing Mon Apr 15 21:42:59 UTC 2019 /home/travis/build/icyphy/ptII/ptolemy/domains/continuous/test/auto/hierarchicalModalModel3.xml
----------------- Instantiating /home/travis/build/icyphy/ptII/ptolemy/domains/continuous/test/auto/hierarchicalModalModel3.xml
6 ms. Memory: 260096K Free: 71469K (27%)
----------------- Invoking toplevel() on ptolemy.moml.MoMLSimpleApplication@236b0b7f
----------------- Done invoking toplevel() on ptolemy.moml.MoMLSimpleApplication@236b0b7f
reloadAllAccessors: .hierarchicalModalModel3

===========================================================================================
----------------- testing Mon Apr 15 21:42:59 UTC 2019 /home/travis/build/icyphy/ptII/ptolemy/domains/continuous/test/auto/hierarchicalModalModel4.xml
----------------- Instantiating /home/travis/build/icyphy/ptII/ptolemy/domains/continuous/test/auto/hierarchicalModalModel4.xml
5 ms. Memory: 260096K Free: 57350K (22%)
----------------- Invoking toplevel() on ptolemy.moml.MoMLSimpleApplication@19927dc0
----------------- Done invoking toplevel() on ptolemy.moml.MoMLSimpleApplication@19927dc0
reloadAllAccessors: .hierarchicalModalModel4

===========================================================================================
----------------- testing Mon Apr 15 21:42:59 UTC 2019 /home/travis/build/icyphy/ptII/ptolemy/domains/continuous/test/auto/junk.xml
----------------- Instantiating /home/travis/build/icyphy/ptII/ptolemy/domains/continuous/test/auto/junk.xml
139 ms. Memory: 260096K Free: 26615K (10%)
----------------- Invoking toplevel() on ptolemy.moml.MoMLSimpleApplication@13e9c0fe
----------------- Done invoking toplevel() on ptolemy.moml.MoMLSimpleApplication@13e9c0fe
reloadAllAccessors: .junk
AutoTests.java: About to close Vertx.
AutoTests.java: Vertx closed.
]]></system-out>
  <system-err><![CDATA[Warning: '.IncreasingRatePoisson.NonStrictTest' The test produced only 382 tokens, yet the correctValues parameter was expecting 402 tokens.
Warning: '.Poisson.NonStrictTest' The test produced only 392 tokens, yet the correctValues parameter was expecting 430 tokens.
]]></system-err>
</testsuite>
