<?xml version="1.0" encoding="UTF-8" ?>
<testsuite errors="0" failures="0" hostname="travis-job-7dbf3bea-7abf-457d-8ede-6fc1a7188f5c" name="ptolemy.domains.sdf.test.junit.JUnitTclTest" skipped="0" tests="66" time="20.71" timestamp="2019-09-19T06:02:44">
  <properties>
[...]
</properties>
  <testcase classname="ptolemy.util.test.junit.TclTests" name="[0] /home/travis/build/icyphy/ptII/ptolemy/domains/sdf/test/SDFSchedulerErrors.tcl (RunTclFile)" time="0.919" />
  <testcase classname="ptolemy.util.test.junit.TclTests" name="[1] /home/travis/build/icyphy/ptII/ptolemy/domains/sdf/test/composition.tcl (RunTclFile)" time="0.186" />
  <testcase classname="ptolemy.util.test.junit.TclTests" name="[2] /home/travis/build/icyphy/ptII/ptolemy/domains/sdf/test/cycle.tcl (RunTclFile)" time="0.076" />
  <testcase classname="ptolemy.util.test.junit.AutoKnownFailedTests" name="[0] ThereAreNoKnowFailedTests (RunModel)" time="0.011" />
  <testcase classname="ptolemy.util.test.junit.AutoNameArchTests" name="[0] ThereAreNoAutoArchTests (RunModel)" time="0.003" />
  <testcase classname="ptolemy.util.test.junit.AutoTests" name="[0] /home/travis/build/icyphy/ptII/ptolemy/domains/sdf/test/auto/Array.xml (RunModel)" time="0.289" />
  <testcase classname="ptolemy.util.test.junit.AutoTests" name="[1] /home/travis/build/icyphy/ptII/ptolemy/domains/sdf/test/auto/Butterfly.xml (RunModel)" time="0.189" />
  <testcase classname="ptolemy.util.test.junit.AutoTests" name="[2] /home/travis/build/icyphy/ptII/ptolemy/domains/sdf/test/auto/Expression.xml (RunModel)" time="0.14" />
  <testcase classname="ptolemy.util.test.junit.AutoTests" name="[3] /home/travis/build/icyphy/ptII/ptolemy/domains/sdf/test/auto/Eye.xml (RunModel)" time="0.285" />
  <testcase classname="ptolemy.util.test.junit.AutoTests" name="[4] /home/travis/build/icyphy/ptII/ptolemy/domains/sdf/test/auto/FixFIR.xml (RunModel)" time="0.352" />
  <testcase classname="ptolemy.util.test.junit.AutoTests" name="[5] /home/travis/build/icyphy/ptII/ptolemy/domains/sdf/test/auto/FixPoint.xml (RunModel)" time="0.046" />
  <testcase classname="ptolemy.util.test.junit.AutoTests" name="[6] /home/travis/build/icyphy/ptII/ptolemy/domains/sdf/test/auto/Gravitation.xml (RunModel)" time="3.278" />
  <testcase classname="ptolemy.util.test.junit.AutoTests" name="[7] /home/travis/build/icyphy/ptII/ptolemy/domains/sdf/test/auto/GravitationWithCollisionDetection.xml (RunModel)" time="6.579" />
  <testcase classname="ptolemy.util.test.junit.AutoTests" name="[8] /home/travis/build/icyphy/ptII/ptolemy/domains/sdf/test/auto/HDF.xml (RunModel)" time="0.15" />
  <testcase classname="ptolemy.util.test.junit.AutoTests" name="[9] /home/travis/build/icyphy/ptII/ptolemy/domains/sdf/test/auto/HDFwithTransientStates.xml (RunModel)" time="0.105" />
  <testcase classname="ptolemy.util.test.junit.AutoTests" name="[10] /home/travis/build/icyphy/ptII/ptolemy/domains/sdf/test/auto/HTVQ.xml (RunModel)" time="0.929" />
  <testcase classname="ptolemy.util.test.junit.AutoTests" name="[11] /home/travis/build/icyphy/ptII/ptolemy/domains/sdf/test/auto/InferInitProduction.xml (RunModel)" time="0.033" />
  <testcase classname="ptolemy.util.test.junit.AutoTests" name="[12] /home/travis/build/icyphy/ptII/ptolemy/domains/sdf/test/auto/InferInitProductionDeeper.xml (RunModel)" time="0.026" />
  <testcase classname="ptolemy.util.test.junit.AutoTests" name="[13] /home/travis/build/icyphy/ptII/ptolemy/domains/sdf/test/auto/LMSAdaptive.xml (RunModel)" time="0.09" />
  <testcase classname="ptolemy.util.test.junit.AutoTests" name="[14] /home/travis/build/icyphy/ptII/ptolemy/domains/sdf/test/auto/LogisticMap.xml (RunModel)" time="0.465" />
  <testcase classname="ptolemy.util.test.junit.AutoTests" name="[15] /home/travis/build/icyphy/ptII/ptolemy/domains/sdf/test/auto/MaximumEntropySpectrum.xml (RunModel)" time="0.244" />
  <testcase classname="ptolemy.util.test.junit.AutoTests" name="[16] /home/travis/build/icyphy/ptII/ptolemy/domains/sdf/test/auto/MultirateSDF.xml (RunModel)" time="0.052" />
  <testcase classname="ptolemy.util.test.junit.AutoTests" name="[17] /home/travis/build/icyphy/ptII/ptolemy/domains/sdf/test/auto/MultirateSDFwithTransientStates.xml (RunModel)" time="0.068" />
  <testcase classname="ptolemy.util.test.junit.AutoTests" name="[18] /home/travis/build/icyphy/ptII/ptolemy/domains/sdf/test/auto/NoisySinewave.xml (RunModel)" time="0.058" />
  <testcase classname="ptolemy.util.test.junit.AutoTests" name="[19] /home/travis/build/icyphy/ptII/ptolemy/domains/sdf/test/auto/Objects.xml (RunModel)" time="0.044" />
  <testcase classname="ptolemy.util.test.junit.AutoTests" name="[20] /home/travis/build/icyphy/ptII/ptolemy/domains/sdf/test/auto/OrthogonalCom.xml (RunModel)" time="0.046" />
  <testcase classname="ptolemy.util.test.junit.AutoTests" name="[21] /home/travis/build/icyphy/ptII/ptolemy/domains/sdf/test/auto/RijndaelEncryption.xml (RunModel)" time="0.569" />
  <testcase classname="ptolemy.util.test.junit.AutoTests" name="[22] /home/travis/build/icyphy/ptII/ptolemy/domains/sdf/test/auto/SDFEmptyIterations.xml (RunModel)" time="0.019" />
  <testcase classname="ptolemy.util.test.junit.AutoTests" name="[23] /home/travis/build/icyphy/ptII/ptolemy/domains/sdf/test/auto/Spectrum.xml (RunModel)" time="0.104" />
  <testcase classname="ptolemy.util.test.junit.AutoTests" name="[24] /home/travis/build/icyphy/ptII/ptolemy/domains/sdf/test/auto/de_inside_sdf.xml (RunModel)" time="0.022" />
  <testcase classname="ptolemy.util.test.junit.AutoTests" name="[25] /home/travis/build/icyphy/ptII/ptolemy/domains/sdf/test/auto/disconnectedHierarchicalSDF.xml (RunModel)" time="0.023" />
  <testcase classname="ptolemy.util.test.junit.AutoTests" name="[26] /home/travis/build/icyphy/ptII/ptolemy/domains/sdf/test/auto/disconnectedSDF.xml (RunModel)" time="0.018" />
  <testcase classname="ptolemy.util.test.junit.AutoTests" name="[27] /home/travis/build/icyphy/ptII/ptolemy/domains/sdf/test/auto/emptyRefinement.xml (RunModel)" time="0.018" />
  <testcase classname="ptolemy.util.test.junit.AutoTests" name="[28] /home/travis/build/icyphy/ptII/ptolemy/domains/sdf/test/auto/filePortParameter.xml (RunModel)" time="0.036" />
  <testcase classname="ptolemy.util.test.junit.AutoTests" name="[29] /home/travis/build/icyphy/ptII/ptolemy/domains/sdf/test/auto/inferRelationWidth1.xml (RunModel)" time="0.015" />
  <testcase classname="ptolemy.util.test.junit.AutoTests" name="[30] /home/travis/build/icyphy/ptII/ptolemy/domains/sdf/test/auto/initProductionInference.xml (RunModel)" time="0.015" />
  <testcase classname="ptolemy.util.test.junit.AutoTests" name="[31] /home/travis/build/icyphy/ptII/ptolemy/domains/sdf/test/auto/relationGroup.xml (RunModel)" time="0.032" />
  <testcase classname="ptolemy.util.test.junit.AutoTests" name="[32] /home/travis/build/icyphy/ptII/ptolemy/domains/sdf/test/auto/relationGroup10.xml (RunModel)" time="0.012" />
  <testcase classname="ptolemy.util.test.junit.AutoTests" name="[33] /home/travis/build/icyphy/ptII/ptolemy/domains/sdf/test/auto/relationGroup11.xml (RunModel)" time="0.012" />
  <testcase classname="ptolemy.util.test.junit.AutoTests" name="[34] /home/travis/build/icyphy/ptII/ptolemy/domains/sdf/test/auto/relationGroup12.xml (RunModel)" time="0.012" />
  <testcase classname="ptolemy.util.test.junit.AutoTests" name="[35] /home/travis/build/icyphy/ptII/ptolemy/domains/sdf/test/auto/relationGroup13.xml (RunModel)" time="0.013" />
  <testcase classname="ptolemy.util.test.junit.AutoTests" name="[36] /home/travis/build/icyphy/ptII/ptolemy/domains/sdf/test/auto/relationGroup14.xml (RunModel)" time="0.011" />
  <testcase classname="ptolemy.util.test.junit.AutoTests" name="[37] /home/travis/build/icyphy/ptII/ptolemy/domains/sdf/test/auto/relationGroup15.xml (RunModel)" time="0.009" />
  <testcase classname="ptolemy.util.test.junit.AutoTests" name="[38] /home/travis/build/icyphy/ptII/ptolemy/domains/sdf/test/auto/relationGroup2.xml (RunModel)" time="0.009" />
  <testcase classname="ptolemy.util.test.junit.AutoTests" name="[39] /home/travis/build/icyphy/ptII/ptolemy/domains/sdf/test/auto/relationGroup3.xml (RunModel)" time="0.014" />
  <testcase classname="ptolemy.util.test.junit.AutoTests" name="[40] /home/travis/build/icyphy/ptII/ptolemy/domains/sdf/test/auto/relationGroup4.xml (RunModel)" time="0.013" />
  <testcase classname="ptolemy.util.test.junit.AutoTests" name="[41] /home/travis/build/icyphy/ptII/ptolemy/domains/sdf/test/auto/relationGroup5.xml (RunModel)" time="0.013" />
  <testcase classname="ptolemy.util.test.junit.AutoTests" name="[42] /home/travis/build/icyphy/ptII/ptolemy/domains/sdf/test/auto/relationGroup6.xml (RunModel)" time="0.011" />
  <testcase classname="ptolemy.util.test.junit.AutoTests" name="[43] /home/travis/build/icyphy/ptII/ptolemy/domains/sdf/test/auto/relationGroup7.xml (RunModel)" time="0.008" />
  <testcase classname="ptolemy.util.test.junit.AutoTests" name="[44] /home/travis/build/icyphy/ptII/ptolemy/domains/sdf/test/auto/relationGroup8.xml (RunModel)" time="0.007" />
  <testcase classname="ptolemy.util.test.junit.AutoTests" name="[45] /home/travis/build/icyphy/ptII/ptolemy/domains/sdf/test/auto/relationGroup9.xml (RunModel)" time="0.018" />
  <testcase classname="ptolemy.util.test.junit.AutoTests" name="[46] /home/travis/build/icyphy/ptII/ptolemy/domains/sdf/test/auto/sdf_inside_de.xml (RunModel)" time="0.033" />
  <testcase classname="ptolemy.util.test.junit.AutoTests" name="[47] /home/travis/build/icyphy/ptII/ptolemy/domains/sdf/test/auto/sdf_inside_pn.xml (RunModel)" time="0.058" />
  <testcase classname="ptolemy.util.test.junit.AutoTests" name="[48] /home/travis/build/icyphy/ptII/ptolemy/domains/sdf/test/auto/sdf_sdf1.xml (RunModel)" time="0.023" />
  <testcase classname="ptolemy.util.test.junit.AutoTests" name="[49] /home/travis/build/icyphy/ptII/ptolemy/domains/sdf/test/auto/test1.xml (RunModel)" time="0.013" />
  <testcase classname="ptolemy.util.test.junit.AutoTests" name="[50] /home/travis/build/icyphy/ptII/ptolemy/domains/sdf/test/auto/time1.xml (RunModel)" time="0.01" />
  <testcase classname="ptolemy.util.test.junit.AutoTests" name="[51] /home/travis/build/icyphy/ptII/ptolemy/domains/sdf/test/auto/time2.xml (RunModel)" time="0.008" />
  <testcase classname="ptolemy.util.test.junit.AutoTests" name="[52] /home/travis/build/icyphy/ptII/ptolemy/domains/sdf/test/auto/time3.xml (RunModel)" time="0.02" />
  <testcase classname="ptolemy.util.test.junit.AutoTests" name="[53] /home/travis/build/icyphy/ptII/ptolemy/domains/sdf/test/auto/time4.xml (RunModel)" time="0.019" />
  <testcase classname="ptolemy.util.test.junit.AutoTests" name="[54] /home/travis/build/icyphy/ptII/ptolemy/domains/sdf/test/auto/time5.xml (RunModel)" time="4.009" />
  <testcase classname="ptolemy.util.test.junit.AutoTests" name="[55] /home/travis/build/icyphy/ptII/ptolemy/domains/sdf/test/auto/typeSystem_Const_Integer_smallest_Type.xml (RunModel)" time="0.046" />
  <testcase classname="ptolemy.util.test.junit.AutoTests" name="[56] /home/travis/build/icyphy/ptII/ptolemy/domains/sdf/test/auto/typeSystem_declared_Inports_OutportTypeException.xml (RunModel)" time="0.027" />
  <testcase classname="ptolemy.util.test.junit.AutoTests" name="[57] /home/travis/build/icyphy/ptII/ptolemy/domains/sdf/test/auto/typeSystem_oneDeclaredInportType_wrongTypeOutport.xml (RunModel)" time="0.018" />
  <testcase classname="ptolemy.util.test.junit.AutoTests" name="[58] /home/travis/build/icyphy/ptII/ptolemy/domains/sdf/test/auto/width.xml (RunModel)" time="0.016" />
  <testcase classname="ptolemy.util.test.junit.AutoTests" name="[59] /home/travis/build/icyphy/ptII/ptolemy/domains/sdf/test/auto/width2.xml (RunModel)" time="0.041" />
  <testcase classname="ptolemy.util.test.junit.AutoTests" name="[60] /home/travis/build/icyphy/ptII/ptolemy/domains/sdf/test/auto/width3.xml (RunModel)" time="0.045" />
  <system-out><![CDATA[/home/travis/build/icyphy/ptII/ptolemy/domains/sdf/test/SDFSchedulerErrors.tcl
testDefs.tcl: setting time out to 9000 seconds at Thu Sep 19 06:02:44 UTC 2019
93 ms. Memory: 120832K Free: 81860K (68%)
11 ms. Memory: 120832K Free: 74163K (61%)
9 ms. Memory: 120832K Free: 68019K (56%)
12 ms. Memory: 120832K Free: 64962K (54%)
/home/travis/build/icyphy/ptII/ptolemy/domains/sdf/test/composition.tcl
36 ms. Memory: 120832K Free: 60866K (50%)
8 ms. Memory: 120832K Free: 58818K (49%)
/home/travis/build/icyphy/ptII/ptolemy/domains/sdf/test/cycle.tcl
.Toplevel.Director Preinitializing ...
Invoking preinitialize():  .Toplevel.Actor1
Invoking preinitialize():  .Toplevel.Actor2
Invoking preinitialize():  .Toplevel.Delay
.Toplevel.Director Finished preinitialize().
### Schedule:
Execute Schedule{
Fire Actor ptolemy.domains.sdf.kernel.test.SDFTestDelay {.Toplevel.Actor1}
Fire Actor ptolemy.domains.sdf.kernel.test.SDFTestDelay {.Toplevel.Actor2}
Fire Actor ptolemy.domains.sdf.lib.SampleDelay {.Toplevel.Delay}
}
### End schedule
Called initialize().
Invoking initialize():  .Toplevel.Actor1
Initializing actor: .Toplevel.Actor1.
Invoking initialize():  .Toplevel.Actor2
Initializing actor: .Toplevel.Actor2.
Invoking initialize():  .Toplevel.Delay
Initializing actor: .Toplevel.Delay.
Director: Called prefire().
-- Setting current time to 0.0
Director prefire returns true.
The actor .Toplevel.Actor1 will be iterated.
The actor .Toplevel.Actor1 was iterated.
The actor .Toplevel.Actor2 will be iterated.
The actor .Toplevel.Actor2 was iterated.
The actor .Toplevel.Delay will be iterated.
The actor .Toplevel.Delay was iterated.
Director: Called postfire().
Postfire returns: true
Director: Called prefire().
-- Setting current time to 0.0
Director prefire returns true.
The actor .Toplevel.Actor1 will be iterated.
The actor .Toplevel.Actor1 was iterated.
The actor .Toplevel.Actor2 will be iterated.
The actor .Toplevel.Actor2 was iterated.
The actor .Toplevel.Delay will be iterated.
The actor .Toplevel.Delay was iterated.
Director: Called postfire().
Postfire returns: true
Director: Called prefire().
-- Setting current time to 0.0
Director prefire returns true.
The actor .Toplevel.Actor1 will be iterated.
The actor .Toplevel.Actor1 was iterated.
The actor .Toplevel.Actor2 will be iterated.
The actor .Toplevel.Actor2 was iterated.
The actor .Toplevel.Delay will be iterated.
The actor .Toplevel.Delay was iterated.
Director: Called postfire().
Postfire returns: true
Director: Called prefire().
-- Setting current time to 0.0
Director prefire returns true.
The actor .Toplevel.Actor1 will be iterated.
The actor .Toplevel.Actor1 was iterated.
The actor .Toplevel.Actor2 will be iterated.
The actor .Toplevel.Actor2 was iterated.
The actor .Toplevel.Delay will be iterated.
The actor .Toplevel.Delay was iterated.
Director: Called postfire().
Postfire returns: true
Director: Called prefire().
-- Setting current time to 0.0
Director prefire returns true.
The actor .Toplevel.Actor1 will be iterated.
The actor .Toplevel.Actor1 was iterated.
The actor .Toplevel.Actor2 will be iterated.
The actor .Toplevel.Actor2 was iterated.
The actor .Toplevel.Delay will be iterated.
The actor .Toplevel.Delay was iterated.
Director: Called postfire().
Postfire returns: true
Director: Called prefire().
-- Setting current time to 0.0
Director prefire returns true.
The actor .Toplevel.Actor1 will be iterated.
The actor .Toplevel.Actor1 was iterated.
The actor .Toplevel.Actor2 will be iterated.
The actor .Toplevel.Actor2 was iterated.
The actor .Toplevel.Delay will be iterated.
The actor .Toplevel.Delay was iterated.
Reached specified number of iterations: 6
Director: Called wrapup().
32 ms. Memory: 120832K Free: 56260K (47%)
09/19/19 06:02:45
Failed: 0  Total Tests: 8  ((Passed: 8, Newly Passed: 0)  Known Failed: 0) /home/travis/build/icyphy/ptII/ptolemy/domains/sdf/test
No auto/knownFailedTests/*.xml tests in /home/travis/build/icyphy/ptII/ptolemy/domains/sdf/test
No auto/linux-amd64/*.xml tests in /home/travis/build/icyphy/ptII/ptolemy/domains/sdf/test
AutoTests.java: About to close Vertx.
AutoTests.java: Vertx closed.

===========================================================================================
----------------- testing Thu Sep 19 06:02:46 UTC 2019 /home/travis/build/icyphy/ptII/ptolemy/domains/sdf/test/auto/Array.xml
----------------- Instantiating /home/travis/build/icyphy/ptII/ptolemy/domains/sdf/test/auto/Array.xml
54 ms. Memory: 120832K Free: 101760K (84%)
----------------- Invoking toplevel() on ptolemy.moml.MoMLSimpleApplication@1c9008b3
----------------- Done invoking toplevel() on ptolemy.moml.MoMLSimpleApplication@1c9008b3
reloadAllAccessors: .Array

===========================================================================================
----------------- testing Thu Sep 19 06:02:46 UTC 2019 /home/travis/build/icyphy/ptII/ptolemy/domains/sdf/test/auto/Butterfly.xml
----------------- Instantiating /home/travis/build/icyphy/ptII/ptolemy/domains/sdf/test/auto/Butterfly.xml
107 ms. Memory: 120832K Free: 95729K (79%)
----------------- Invoking toplevel() on ptolemy.moml.MoMLSimpleApplication@272538db
----------------- Done invoking toplevel() on ptolemy.moml.MoMLSimpleApplication@272538db
reloadAllAccessors: .Butterfly

===========================================================================================
----------------- testing Thu Sep 19 06:02:46 UTC 2019 /home/travis/build/icyphy/ptII/ptolemy/domains/sdf/test/auto/Expression.xml
----------------- Instantiating /home/travis/build/icyphy/ptII/ptolemy/domains/sdf/test/auto/Expression.xml
70 ms. Memory: 120832K Free: 91218K (75%)
----------------- Invoking toplevel() on ptolemy.moml.MoMLSimpleApplication@2374f4f8
----------------- Done invoking toplevel() on ptolemy.moml.MoMLSimpleApplication@2374f4f8
reloadAllAccessors: .Expression

===========================================================================================
----------------- testing Thu Sep 19 06:02:47 UTC 2019 /home/travis/build/icyphy/ptII/ptolemy/domains/sdf/test/auto/Eye.xml
----------------- Instantiating /home/travis/build/icyphy/ptII/ptolemy/domains/sdf/test/auto/Eye.xml
183 ms. Memory: 120832K Free: 91727K (76%)
----------------- Invoking toplevel() on ptolemy.moml.MoMLSimpleApplication@370fbe0d
----------------- Done invoking toplevel() on ptolemy.moml.MoMLSimpleApplication@370fbe0d
reloadAllAccessors: .Eye

===========================================================================================
----------------- testing Thu Sep 19 06:02:47 UTC 2019 /home/travis/build/icyphy/ptII/ptolemy/domains/sdf/test/auto/FixFIR.xml
----------------- Instantiating /home/travis/build/icyphy/ptII/ptolemy/domains/sdf/test/auto/FixFIR.xml
149 ms. Memory: 120832K Free: 95335K (79%)
----------------- Invoking toplevel() on ptolemy.moml.MoMLSimpleApplication@1d282a80
----------------- Done invoking toplevel() on ptolemy.moml.MoMLSimpleApplication@1d282a80
reloadAllAccessors: .FixFIR

===========================================================================================
----------------- testing Thu Sep 19 06:02:47 UTC 2019 /home/travis/build/icyphy/ptII/ptolemy/domains/sdf/test/auto/FixPoint.xml
----------------- Instantiating /home/travis/build/icyphy/ptII/ptolemy/domains/sdf/test/auto/FixPoint.xml
14 ms. Memory: 120832K Free: 90855K (75%)
----------------- Invoking toplevel() on ptolemy.moml.MoMLSimpleApplication@6e69c05c
----------------- Done invoking toplevel() on ptolemy.moml.MoMLSimpleApplication@6e69c05c
reloadAllAccessors: .FixPoint

===========================================================================================
----------------- testing Thu Sep 19 06:02:47 UTC 2019 /home/travis/build/icyphy/ptII/ptolemy/domains/sdf/test/auto/Gravitation.xml
----------------- Instantiating /home/travis/build/icyphy/ptII/ptolemy/domains/sdf/test/auto/Gravitation.xml
3174 ms. Memory: 151552K Free: 135462K (89%)
----------------- Invoking toplevel() on ptolemy.moml.MoMLSimpleApplication@62c7b037
----------------- Done invoking toplevel() on ptolemy.moml.MoMLSimpleApplication@62c7b037
reloadAllAccessors: .Gravitation

===========================================================================================
----------------- testing Thu Sep 19 06:02:50 UTC 2019 /home/travis/build/icyphy/ptII/ptolemy/domains/sdf/test/auto/GravitationWithCollisionDetection.xml
----------------- Instantiating /home/travis/build/icyphy/ptII/ptolemy/domains/sdf/test/auto/GravitationWithCollisionDetection.xml
6390 ms. Memory: 337920K Free: 208171K (62%)
----------------- Invoking toplevel() on ptolemy.moml.MoMLSimpleApplication@5bcb2b80
----------------- Done invoking toplevel() on ptolemy.moml.MoMLSimpleApplication@5bcb2b80
reloadAllAccessors: .GravitationWithCollisionDetection

===========================================================================================
----------------- testing Thu Sep 19 06:02:57 UTC 2019 /home/travis/build/icyphy/ptII/ptolemy/domains/sdf/test/auto/HDF.xml
----------------- Instantiating /home/travis/build/icyphy/ptII/ptolemy/domains/sdf/test/auto/HDF.xml
45 ms. Memory: 337920K Free: 192267K (57%)
----------------- Invoking toplevel() on ptolemy.moml.MoMLSimpleApplication@5127389e
----------------- Done invoking toplevel() on ptolemy.moml.MoMLSimpleApplication@5127389e
reloadAllAccessors: .HDF

===========================================================================================
----------------- testing Thu Sep 19 06:02:57 UTC 2019 /home/travis/build/icyphy/ptII/ptolemy/domains/sdf/test/auto/HDFwithTransientStates.xml
----------------- Instantiating /home/travis/build/icyphy/ptII/ptolemy/domains/sdf/test/auto/HDFwithTransientStates.xml
29 ms. Memory: 337920K Free: 173355K (51%)
----------------- Invoking toplevel() on ptolemy.moml.MoMLSimpleApplication@1afcaeee
----------------- Done invoking toplevel() on ptolemy.moml.MoMLSimpleApplication@1afcaeee
reloadAllAccessors: .HDFwithTransientStates

===========================================================================================
----------------- testing Thu Sep 19 06:02:57 UTC 2019 /home/travis/build/icyphy/ptII/ptolemy/domains/sdf/test/auto/HTVQ.xml
----------------- Instantiating /home/travis/build/icyphy/ptII/ptolemy/domains/sdf/test/auto/HTVQ.xml
889 ms. Memory: 337920K Free: 207717K (61%)
----------------- Invoking toplevel() on ptolemy.moml.MoMLSimpleApplication@734d8462
----------------- Done invoking toplevel() on ptolemy.moml.MoMLSimpleApplication@734d8462
reloadAllAccessors: .HTVQ

===========================================================================================
----------------- testing Thu Sep 19 06:02:58 UTC 2019 /home/travis/build/icyphy/ptII/ptolemy/domains/sdf/test/auto/InferInitProduction.xml
----------------- Instantiating /home/travis/build/icyphy/ptII/ptolemy/domains/sdf/test/auto/InferInitProduction.xml
9 ms. Memory: 337920K Free: 202168K (60%)
----------------- Invoking toplevel() on ptolemy.moml.MoMLSimpleApplication@37fd657c
----------------- Done invoking toplevel() on ptolemy.moml.MoMLSimpleApplication@37fd657c
reloadAllAccessors: .InferInitProduction

===========================================================================================
----------------- testing Thu Sep 19 06:02:58 UTC 2019 /home/travis/build/icyphy/ptII/ptolemy/domains/sdf/test/auto/InferInitProductionDeeper.xml
----------------- Instantiating /home/travis/build/icyphy/ptII/ptolemy/domains/sdf/test/auto/InferInitProductionDeeper.xml
5 ms. Memory: 337920K Free: 196552K (58%)
----------------- Invoking toplevel() on ptolemy.moml.MoMLSimpleApplication@2c4703a3
----------------- Done invoking toplevel() on ptolemy.moml.MoMLSimpleApplication@2c4703a3
reloadAllAccessors: .InferInitProductionDeeper

===========================================================================================
----------------- testing Thu Sep 19 06:02:58 UTC 2019 /home/travis/build/icyphy/ptII/ptolemy/domains/sdf/test/auto/LMSAdaptive.xml
----------------- Instantiating /home/travis/build/icyphy/ptII/ptolemy/domains/sdf/test/auto/LMSAdaptive.xml
15 ms. Memory: 337920K Free: 187334K (55%)
----------------- Invoking toplevel() on ptolemy.moml.MoMLSimpleApplication@1061a3f1
----------------- Done invoking toplevel() on ptolemy.moml.MoMLSimpleApplication@1061a3f1
reloadAllAccessors: .LMSAdaptive

===========================================================================================
----------------- testing Thu Sep 19 06:02:58 UTC 2019 /home/travis/build/icyphy/ptII/ptolemy/domains/sdf/test/auto/LogisticMap.xml
----------------- Instantiating /home/travis/build/icyphy/ptII/ptolemy/domains/sdf/test/auto/LogisticMap.xml
436 ms. Memory: 337920K Free: 180678K (53%)
----------------- Invoking toplevel() on ptolemy.moml.MoMLSimpleApplication@71ad63e4
----------------- Done invoking toplevel() on ptolemy.moml.MoMLSimpleApplication@71ad63e4
reloadAllAccessors: .LogisticMap

===========================================================================================
----------------- testing Thu Sep 19 06:02:59 UTC 2019 /home/travis/build/icyphy/ptII/ptolemy/domains/sdf/test/auto/MaximumEntropySpectrum.xml
----------------- Instantiating /home/travis/build/icyphy/ptII/ptolemy/domains/sdf/test/auto/MaximumEntropySpectrum.xml
79 ms. Memory: 337920K Free: 320194K (95%)
----------------- Invoking toplevel() on ptolemy.moml.MoMLSimpleApplication@13e7f01e
----------------- Done invoking toplevel() on ptolemy.moml.MoMLSimpleApplication@13e7f01e
reloadAllAccessors: .MaximumEntropySpectrum

===========================================================================================
----------------- testing Thu Sep 19 06:02:59 UTC 2019 /home/travis/build/icyphy/ptII/ptolemy/domains/sdf/test/auto/MultirateSDF.xml
----------------- Instantiating /home/travis/build/icyphy/ptII/ptolemy/domains/sdf/test/auto/MultirateSDF.xml
15 ms. Memory: 337920K Free: 305312K (90%)
----------------- Invoking toplevel() on ptolemy.moml.MoMLSimpleApplication@14514c02
----------------- Done invoking toplevel() on ptolemy.moml.MoMLSimpleApplication@14514c02
reloadAllAccessors: .MultirateSDF

===========================================================================================
----------------- testing Thu Sep 19 06:02:59 UTC 2019 /home/travis/build/icyphy/ptII/ptolemy/domains/sdf/test/auto/MultirateSDFwithTransientStates.xml
----------------- Instantiating /home/travis/build/icyphy/ptII/ptolemy/domains/sdf/test/auto/MultirateSDFwithTransientStates.xml
15 ms. Memory: 337920K Free: 286880K (85%)
----------------- Invoking toplevel() on ptolemy.moml.MoMLSimpleApplication@699525b0
----------------- Done invoking toplevel() on ptolemy.moml.MoMLSimpleApplication@699525b0
reloadAllAccessors: .MultirateSDFwithTransientStates

===========================================================================================
----------------- testing Thu Sep 19 06:02:59 UTC 2019 /home/travis/build/icyphy/ptII/ptolemy/domains/sdf/test/auto/NoisySinewave.xml
----------------- Instantiating /home/travis/build/icyphy/ptII/ptolemy/domains/sdf/test/auto/NoisySinewave.xml
23 ms. Memory: 337920K Free: 270510K (80%)
----------------- Invoking toplevel() on ptolemy.moml.MoMLSimpleApplication@43421eba
----------------- Done invoking toplevel() on ptolemy.moml.MoMLSimpleApplication@43421eba
reloadAllAccessors: .NoisySinewave

===========================================================================================
----------------- testing Thu Sep 19 06:02:59 UTC 2019 /home/travis/build/icyphy/ptII/ptolemy/domains/sdf/test/auto/Objects.xml
----------------- Instantiating /home/travis/build/icyphy/ptII/ptolemy/domains/sdf/test/auto/Objects.xml
4 ms. Memory: 337920K Free: 262318K (78%)
----------------- Invoking toplevel() on ptolemy.moml.MoMLSimpleApplication@6985c21d
----------------- Done invoking toplevel() on ptolemy.moml.MoMLSimpleApplication@6985c21d
reloadAllAccessors: .Objects

===========================================================================================
----------------- testing Thu Sep 19 06:02:59 UTC 2019 /home/travis/build/icyphy/ptII/ptolemy/domains/sdf/test/auto/OrthogonalCom.xml
----------------- Instantiating /home/travis/build/icyphy/ptII/ptolemy/domains/sdf/test/auto/OrthogonalCom.xml
6 ms. Memory: 337920K Free: 254640K (75%)
----------------- Invoking toplevel() on ptolemy.moml.MoMLSimpleApplication@78e22677
----------------- Done invoking toplevel() on ptolemy.moml.MoMLSimpleApplication@78e22677
reloadAllAccessors: .OrthogonalCom

===========================================================================================
----------------- testing Thu Sep 19 06:02:59 UTC 2019 /home/travis/build/icyphy/ptII/ptolemy/domains/sdf/test/auto/RijndaelEncryption.xml
----------------- Instantiating /home/travis/build/icyphy/ptII/ptolemy/domains/sdf/test/auto/RijndaelEncryption.xml
297 ms. Memory: 337920K Free: 307615K (91%)
----------------- Invoking toplevel() on ptolemy.moml.MoMLSimpleApplication@3147a0ec
----------------- Done invoking toplevel() on ptolemy.moml.MoMLSimpleApplication@3147a0ec
reloadAllAccessors: .RijndaelEncryption

===========================================================================================
----------------- testing Thu Sep 19 06:03:00 UTC 2019 /home/travis/build/icyphy/ptII/ptolemy/domains/sdf/test/auto/SDFEmptyIterations.xml
----------------- Instantiating /home/travis/build/icyphy/ptII/ptolemy/domains/sdf/test/auto/SDFEmptyIterations.xml
6 ms. Memory: 337920K Free: 302495K (90%)
----------------- Invoking toplevel() on ptolemy.moml.MoMLSimpleApplication@1fb52649
----------------- Done invoking toplevel() on ptolemy.moml.MoMLSimpleApplication@1fb52649
reloadAllAccessors: .SDFEmptyIterations

===========================================================================================
----------------- testing Thu Sep 19 06:03:00 UTC 2019 /home/travis/build/icyphy/ptII/ptolemy/domains/sdf/test/auto/Spectrum.xml
----------------- Instantiating /home/travis/build/icyphy/ptII/ptolemy/domains/sdf/test/auto/Spectrum.xml
39 ms. Memory: 337920K Free: 278429K (82%)
----------------- Invoking toplevel() on ptolemy.moml.MoMLSimpleApplication@49f61f75
----------------- Done invoking toplevel() on ptolemy.moml.MoMLSimpleApplication@49f61f75
reloadAllAccessors: .Spectrum

===========================================================================================
----------------- testing Thu Sep 19 06:03:00 UTC 2019 /home/travis/build/icyphy/ptII/ptolemy/domains/sdf/test/auto/de_inside_sdf.xml
----------------- Instantiating /home/travis/build/icyphy/ptII/ptolemy/domains/sdf/test/auto/de_inside_sdf.xml
6 ms. Memory: 337920K Free: 273279K (81%)
----------------- Invoking toplevel() on ptolemy.moml.MoMLSimpleApplication@1c366bc3
----------------- Done invoking toplevel() on ptolemy.moml.MoMLSimpleApplication@1c366bc3
reloadAllAccessors: .de_inside_sdf

===========================================================================================
----------------- testing Thu Sep 19 06:03:00 UTC 2019 /home/travis/build/icyphy/ptII/ptolemy/domains/sdf/test/auto/disconnectedHierarchicalSDF.xml
----------------- Instantiating /home/travis/build/icyphy/ptII/ptolemy/domains/sdf/test/auto/disconnectedHierarchicalSDF.xml
4 ms. Memory: 337920K Free: 267151K (79%)
----------------- Invoking toplevel() on ptolemy.moml.MoMLSimpleApplication@5dedce5c
----------------- Done invoking toplevel() on ptolemy.moml.MoMLSimpleApplication@5dedce5c
reloadAllAccessors: .disconnectedHierarchicalSDF

===========================================================================================
----------------- testing Thu Sep 19 06:03:00 UTC 2019 /home/travis/build/icyphy/ptII/ptolemy/domains/sdf/test/auto/disconnectedSDF.xml
----------------- Instantiating /home/travis/build/icyphy/ptII/ptolemy/domains/sdf/test/auto/disconnectedSDF.xml
2 ms. Memory: 337920K Free: 263069K (78%)
----------------- Invoking toplevel() on ptolemy.moml.MoMLSimpleApplication@2646d0f3
----------------- Done invoking toplevel() on ptolemy.moml.MoMLSimpleApplication@2646d0f3
reloadAllAccessors: .disconnectedSDF

===========================================================================================
----------------- testing Thu Sep 19 06:03:00 UTC 2019 /home/travis/build/icyphy/ptII/ptolemy/domains/sdf/test/auto/emptyRefinement.xml
----------------- Instantiating /home/travis/build/icyphy/ptII/ptolemy/domains/sdf/test/auto/emptyRefinement.xml
2 ms. Memory: 337920K Free: 258943K (77%)
----------------- Invoking toplevel() on ptolemy.moml.MoMLSimpleApplication@44f87274
----------------- Done invoking toplevel() on ptolemy.moml.MoMLSimpleApplication@44f87274
reloadAllAccessors: .emptyRefinement

===========================================================================================
----------------- testing Thu Sep 19 06:03:00 UTC 2019 /home/travis/build/icyphy/ptII/ptolemy/domains/sdf/test/auto/filePortParameter.xml
----------------- Instantiating /home/travis/build/icyphy/ptII/ptolemy/domains/sdf/test/auto/filePortParameter.xml
8 ms. Memory: 337920K Free: 251805K (75%)
----------------- Invoking toplevel() on ptolemy.moml.MoMLSimpleApplication@2fde5168
----------------- Done invoking toplevel() on ptolemy.moml.MoMLSimpleApplication@2fde5168
reloadAllAccessors: .filePortParameter

===========================================================================================
----------------- testing Thu Sep 19 06:03:00 UTC 2019 /home/travis/build/icyphy/ptII/ptolemy/domains/sdf/test/auto/inferRelationWidth1.xml
----------------- Instantiating /home/travis/build/icyphy/ptII/ptolemy/domains/sdf/test/auto/inferRelationWidth1.xml
5 ms. Memory: 337920K Free: 248733K (74%)
----------------- Invoking toplevel() on ptolemy.moml.MoMLSimpleApplication@5e7b7134
----------------- Done invoking toplevel() on ptolemy.moml.MoMLSimpleApplication@5e7b7134
reloadAllAccessors: .inferRelationWidth1

===========================================================================================
----------------- testing Thu Sep 19 06:03:00 UTC 2019 /home/travis/build/icyphy/ptII/ptolemy/domains/sdf/test/auto/initProductionInference.xml
----------------- Instantiating /home/travis/build/icyphy/ptII/ptolemy/domains/sdf/test/auto/initProductionInference.xml
2 ms. Memory: 337920K Free: 244623K (72%)
----------------- Invoking toplevel() on ptolemy.moml.MoMLSimpleApplication@42d73f18
----------------- Done invoking toplevel() on ptolemy.moml.MoMLSimpleApplication@42d73f18
reloadAllAccessors: .initProductionInference

===========================================================================================
----------------- testing Thu Sep 19 06:03:00 UTC 2019 /home/travis/build/icyphy/ptII/ptolemy/domains/sdf/test/auto/relationGroup.xml
----------------- Instantiating /home/travis/build/icyphy/ptII/ptolemy/domains/sdf/test/auto/relationGroup.xml
2 ms. Memory: 337920K Free: 241565K (71%)
----------------- Invoking toplevel() on ptolemy.moml.MoMLSimpleApplication@11e5bbb7
----------------- Done invoking toplevel() on ptolemy.moml.MoMLSimpleApplication@11e5bbb7
reloadAllAccessors: .relationGroup

===========================================================================================
----------------- testing Thu Sep 19 06:03:00 UTC 2019 /home/travis/build/icyphy/ptII/ptolemy/domains/sdf/test/auto/relationGroup10.xml
----------------- Instantiating /home/travis/build/icyphy/ptII/ptolemy/domains/sdf/test/auto/relationGroup10.xml
2 ms. Memory: 337920K Free: 237469K (70%)
----------------- Invoking toplevel() on ptolemy.moml.MoMLSimpleApplication@d1f707a
----------------- Done invoking toplevel() on ptolemy.moml.MoMLSimpleApplication@d1f707a
reloadAllAccessors: .relationGroup10

===========================================================================================
----------------- testing Thu Sep 19 06:03:00 UTC 2019 /home/travis/build/icyphy/ptII/ptolemy/domains/sdf/test/auto/relationGroup11.xml
----------------- Instantiating /home/travis/build/icyphy/ptII/ptolemy/domains/sdf/test/auto/relationGroup11.xml
1 ms. Memory: 337920K Free: 233887K (69%)
----------------- Invoking toplevel() on ptolemy.moml.MoMLSimpleApplication@4922a737
----------------- Done invoking toplevel() on ptolemy.moml.MoMLSimpleApplication@4922a737
reloadAllAccessors: .relationGroup11

===========================================================================================
----------------- testing Thu Sep 19 06:03:00 UTC 2019 /home/travis/build/icyphy/ptII/ptolemy/domains/sdf/test/auto/relationGroup12.xml
----------------- Instantiating /home/travis/build/icyphy/ptII/ptolemy/domains/sdf/test/auto/relationGroup12.xml
2 ms. Memory: 337920K Free: 230301K (68%)
----------------- Invoking toplevel() on ptolemy.moml.MoMLSimpleApplication@611b8e3b
----------------- Done invoking toplevel() on ptolemy.moml.MoMLSimpleApplication@611b8e3b
reloadAllAccessors: .relationGroup12

===========================================================================================
----------------- testing Thu Sep 19 06:03:00 UTC 2019 /home/travis/build/icyphy/ptII/ptolemy/domains/sdf/test/auto/relationGroup13.xml
----------------- Instantiating /home/travis/build/icyphy/ptII/ptolemy/domains/sdf/test/auto/relationGroup13.xml
5 ms. Memory: 337920K Free: 225695K (67%)
----------------- Invoking toplevel() on ptolemy.moml.MoMLSimpleApplication@23b8e8dd
----------------- Done invoking toplevel() on ptolemy.moml.MoMLSimpleApplication@23b8e8dd
reloadAllAccessors: .relationGroup13

===========================================================================================
----------------- testing Thu Sep 19 06:03:00 UTC 2019 /home/travis/build/icyphy/ptII/ptolemy/domains/sdf/test/auto/relationGroup14.xml
----------------- Instantiating /home/travis/build/icyphy/ptII/ptolemy/domains/sdf/test/auto/relationGroup14.xml
3 ms. Memory: 337920K Free: 221085K (65%)
----------------- Invoking toplevel() on ptolemy.moml.MoMLSimpleApplication@ce8b7ef
----------------- Done invoking toplevel() on ptolemy.moml.MoMLSimpleApplication@ce8b7ef
reloadAllAccessors: .relationGroup14

===========================================================================================
----------------- testing Thu Sep 19 06:03:00 UTC 2019 /home/travis/build/icyphy/ptII/ptolemy/domains/sdf/test/auto/relationGroup15.xml
----------------- Instantiating /home/travis/build/icyphy/ptII/ptolemy/domains/sdf/test/auto/relationGroup15.xml
1 ms. Memory: 337920K Free: 217503K (64%)
----------------- Invoking toplevel() on ptolemy.moml.MoMLSimpleApplication@6a10545d
----------------- Done invoking toplevel() on ptolemy.moml.MoMLSimpleApplication@6a10545d
reloadAllAccessors: .relationGroup15

===========================================================================================
----------------- testing Thu Sep 19 06:03:00 UTC 2019 /home/travis/build/icyphy/ptII/ptolemy/domains/sdf/test/auto/relationGroup2.xml
----------------- Instantiating /home/travis/build/icyphy/ptII/ptolemy/domains/sdf/test/auto/relationGroup2.xml
2 ms. Memory: 337920K Free: 214431K (63%)
----------------- Invoking toplevel() on ptolemy.moml.MoMLSimpleApplication@37a51847
----------------- Done invoking toplevel() on ptolemy.moml.MoMLSimpleApplication@37a51847
reloadAllAccessors: .relationGroup2

===========================================================================================
----------------- testing Thu Sep 19 06:03:00 UTC 2019 /home/travis/build/icyphy/ptII/ptolemy/domains/sdf/test/auto/relationGroup3.xml
----------------- Instantiating /home/travis/build/icyphy/ptII/ptolemy/domains/sdf/test/auto/relationGroup3.xml
3 ms. Memory: 337920K Free: 211359K (63%)
----------------- Invoking toplevel() on ptolemy.moml.MoMLSimpleApplication@6c81c2fb
----------------- Done invoking toplevel() on ptolemy.moml.MoMLSimpleApplication@6c81c2fb
reloadAllAccessors: .relationGroup3

===========================================================================================
----------------- testing Thu Sep 19 06:03:00 UTC 2019 /home/travis/build/icyphy/ptII/ptolemy/domains/sdf/test/auto/relationGroup4.xml
----------------- Instantiating /home/travis/build/icyphy/ptII/ptolemy/domains/sdf/test/auto/relationGroup4.xml
6 ms. Memory: 337920K Free: 207743K (61%)
----------------- Invoking toplevel() on ptolemy.moml.MoMLSimpleApplication@1d24cef8
----------------- Done invoking toplevel() on ptolemy.moml.MoMLSimpleApplication@1d24cef8
reloadAllAccessors: .relationGroup4

===========================================================================================
----------------- testing Thu Sep 19 06:03:00 UTC 2019 /home/travis/build/icyphy/ptII/ptolemy/domains/sdf/test/auto/relationGroup5.xml
----------------- Instantiating /home/travis/build/icyphy/ptII/ptolemy/domains/sdf/test/auto/relationGroup5.xml
3 ms. Memory: 337920K Free: 203167K (60%)
----------------- Invoking toplevel() on ptolemy.moml.MoMLSimpleApplication@49cb6abb
----------------- Done invoking toplevel() on ptolemy.moml.MoMLSimpleApplication@49cb6abb
reloadAllAccessors: .relationGroup5

===========================================================================================
----------------- testing Thu Sep 19 06:03:00 UTC 2019 /home/travis/build/icyphy/ptII/ptolemy/domains/sdf/test/auto/relationGroup6.xml
----------------- Instantiating /home/travis/build/icyphy/ptII/ptolemy/domains/sdf/test/auto/relationGroup6.xml
3 ms. Memory: 337920K Free: 199071K (59%)
----------------- Invoking toplevel() on ptolemy.moml.MoMLSimpleApplication@e2ee70f
----------------- Done invoking toplevel() on ptolemy.moml.MoMLSimpleApplication@e2ee70f
reloadAllAccessors: .relationGroup6

===========================================================================================
----------------- testing Thu Sep 19 06:03:00 UTC 2019 /home/travis/build/icyphy/ptII/ptolemy/domains/sdf/test/auto/relationGroup7.xml
----------------- Instantiating /home/travis/build/icyphy/ptII/ptolemy/domains/sdf/test/auto/relationGroup7.xml
2 ms. Memory: 337920K Free: 195485K (58%)
----------------- Invoking toplevel() on ptolemy.moml.MoMLSimpleApplication@488d815e
----------------- Done invoking toplevel() on ptolemy.moml.MoMLSimpleApplication@488d815e
reloadAllAccessors: .relationGroup7

===========================================================================================
----------------- testing Thu Sep 19 06:03:00 UTC 2019 /home/travis/build/icyphy/ptII/ptolemy/domains/sdf/test/auto/relationGroup8.xml
----------------- Instantiating /home/travis/build/icyphy/ptII/ptolemy/domains/sdf/test/auto/relationGroup8.xml
2 ms. Memory: 337920K Free: 192413K (57%)
----------------- Invoking toplevel() on ptolemy.moml.MoMLSimpleApplication@2564c259
----------------- Done invoking toplevel() on ptolemy.moml.MoMLSimpleApplication@2564c259
reloadAllAccessors: .relationGroup8

===========================================================================================
----------------- testing Thu Sep 19 06:03:00 UTC 2019 /home/travis/build/icyphy/ptII/ptolemy/domains/sdf/test/auto/relationGroup9.xml
----------------- Instantiating /home/travis/build/icyphy/ptII/ptolemy/domains/sdf/test/auto/relationGroup9.xml
3 ms. Memory: 337920K Free: 188317K (56%)
----------------- Invoking toplevel() on ptolemy.moml.MoMLSimpleApplication@7b9058ef
----------------- Done invoking toplevel() on ptolemy.moml.MoMLSimpleApplication@7b9058ef
reloadAllAccessors: .relationGroup9

===========================================================================================
----------------- testing Thu Sep 19 06:03:00 UTC 2019 /home/travis/build/icyphy/ptII/ptolemy/domains/sdf/test/auto/sdf_inside_de.xml
----------------- Instantiating /home/travis/build/icyphy/ptII/ptolemy/domains/sdf/test/auto/sdf_inside_de.xml
10 ms. Memory: 337920K Free: 179615K (53%)
----------------- Invoking toplevel() on ptolemy.moml.MoMLSimpleApplication@11f94059
----------------- Done invoking toplevel() on ptolemy.moml.MoMLSimpleApplication@11f94059
reloadAllAccessors: .sdf_inside_de

===========================================================================================
----------------- testing Thu Sep 19 06:03:01 UTC 2019 /home/travis/build/icyphy/ptII/ptolemy/domains/sdf/test/auto/sdf_inside_pn.xml
----------------- Instantiating /home/travis/build/icyphy/ptII/ptolemy/domains/sdf/test/auto/sdf_inside_pn.xml
37 ms. Memory: 337920K Free: 170399K (50%)
----------------- Invoking toplevel() on ptolemy.moml.MoMLSimpleApplication@688ce149
----------------- Done invoking toplevel() on ptolemy.moml.MoMLSimpleApplication@688ce149
reloadAllAccessors: .sdf_inside_pn

===========================================================================================
----------------- testing Thu Sep 19 06:03:01 UTC 2019 /home/travis/build/icyphy/ptII/ptolemy/domains/sdf/test/auto/sdf_sdf1.xml
----------------- Instantiating /home/travis/build/icyphy/ptII/ptolemy/domains/sdf/test/auto/sdf_sdf1.xml
4 ms. Memory: 337920K Free: 164255K (49%)
----------------- Invoking toplevel() on ptolemy.moml.MoMLSimpleApplication@788b0c4a
----------------- Done invoking toplevel() on ptolemy.moml.MoMLSimpleApplication@788b0c4a
reloadAllAccessors: .sdf_sdf1

===========================================================================================
----------------- testing Thu Sep 19 06:03:01 UTC 2019 /home/travis/build/icyphy/ptII/ptolemy/domains/sdf/test/auto/test1.xml
----------------- Instantiating /home/travis/build/icyphy/ptII/ptolemy/domains/sdf/test/auto/test1.xml
2 ms. Memory: 337920K Free: 159645K (47%)
----------------- Invoking toplevel() on ptolemy.moml.MoMLSimpleApplication@7876456b
----------------- Done invoking toplevel() on ptolemy.moml.MoMLSimpleApplication@7876456b
reloadAllAccessors: .test1

===========================================================================================
----------------- testing Thu Sep 19 06:03:01 UTC 2019 /home/travis/build/icyphy/ptII/ptolemy/domains/sdf/test/auto/time1.xml
----------------- Instantiating /home/travis/build/icyphy/ptII/ptolemy/domains/sdf/test/auto/time1.xml
2 ms. Memory: 337920K Free: 156063K (46%)
----------------- Invoking toplevel() on ptolemy.moml.MoMLSimpleApplication@2fdba83b
----------------- Done invoking toplevel() on ptolemy.moml.MoMLSimpleApplication@2fdba83b
reloadAllAccessors: .time1

===========================================================================================
----------------- testing Thu Sep 19 06:03:01 UTC 2019 /home/travis/build/icyphy/ptII/ptolemy/domains/sdf/test/auto/time2.xml
----------------- Instantiating /home/travis/build/icyphy/ptII/ptolemy/domains/sdf/test/auto/time2.xml
2 ms. Memory: 337920K Free: 152477K (45%)
----------------- Invoking toplevel() on ptolemy.moml.MoMLSimpleApplication@25ffad4c
----------------- Done invoking toplevel() on ptolemy.moml.MoMLSimpleApplication@25ffad4c
reloadAllAccessors: .time2

===========================================================================================
----------------- testing Thu Sep 19 06:03:01 UTC 2019 /home/travis/build/icyphy/ptII/ptolemy/domains/sdf/test/auto/time3.xml
----------------- Instantiating /home/travis/build/icyphy/ptII/ptolemy/domains/sdf/test/auto/time3.xml
7 ms. Memory: 337920K Free: 147357K (44%)
----------------- Invoking toplevel() on ptolemy.moml.MoMLSimpleApplication@2d13b5a8
----------------- Done invoking toplevel() on ptolemy.moml.MoMLSimpleApplication@2d13b5a8
reloadAllAccessors: .time3

===========================================================================================
----------------- testing Thu Sep 19 06:03:01 UTC 2019 /home/travis/build/icyphy/ptII/ptolemy/domains/sdf/test/auto/time4.xml
----------------- Instantiating /home/travis/build/icyphy/ptII/ptolemy/domains/sdf/test/auto/time4.xml
5 ms. Memory: 337920K Free: 141727K (42%)
----------------- Invoking toplevel() on ptolemy.moml.MoMLSimpleApplication@58ddd352
----------------- Done invoking toplevel() on ptolemy.moml.MoMLSimpleApplication@58ddd352
reloadAllAccessors: .time4

===========================================================================================
----------------- testing Thu Sep 19 06:03:01 UTC 2019 /home/travis/build/icyphy/ptII/ptolemy/domains/sdf/test/auto/time5.xml
----------------- Instantiating /home/travis/build/icyphy/ptII/ptolemy/domains/sdf/test/auto/time5.xml
4002 ms. Memory: 337920K Free: 138141K (41%)
----------------- Invoking toplevel() on ptolemy.moml.MoMLSimpleApplication@6260d87
----------------- Done invoking toplevel() on ptolemy.moml.MoMLSimpleApplication@6260d87
reloadAllAccessors: .time5

===========================================================================================
----------------- testing Thu Sep 19 06:03:05 UTC 2019 /home/travis/build/icyphy/ptII/ptolemy/domains/sdf/test/auto/typeSystem_Const_Integer_smallest_Type.xml
----------------- Instantiating /home/travis/build/icyphy/ptII/ptolemy/domains/sdf/test/auto/typeSystem_Const_Integer_smallest_Type.xml
7 ms. Memory: 337920K Free: 133535K (40%)
----------------- Invoking toplevel() on ptolemy.moml.MoMLSimpleApplication@34261e54
----------------- Done invoking toplevel() on ptolemy.moml.MoMLSimpleApplication@34261e54
reloadAllAccessors: .typeSystem_Const_Integer_smallest_Type

===========================================================================================
----------------- testing Thu Sep 19 06:03:05 UTC 2019 /home/travis/build/icyphy/ptII/ptolemy/domains/sdf/test/auto/typeSystem_declared_Inports_OutportTypeException.xml
----------------- Instantiating /home/travis/build/icyphy/ptII/ptolemy/domains/sdf/test/auto/typeSystem_declared_Inports_OutportTypeException.xml
.typeSystem_declared_Inports_OutportTypeException.TestExceptionAttribute: initialize() was not invoked, but wrapup() was.  This is unusual, but not always a problem.  For example, exporting JNLP will do this.
11 ms. Memory: 337920K Free: 128925K (38%)
----------------- Invoking toplevel() on ptolemy.moml.MoMLSimpleApplication@67270a18
----------------- Done invoking toplevel() on ptolemy.moml.MoMLSimpleApplication@67270a18
reloadAllAccessors: .typeSystem_declared_Inports_OutportTypeException

===========================================================================================
----------------- testing Thu Sep 19 06:03:05 UTC 2019 /home/travis/build/icyphy/ptII/ptolemy/domains/sdf/test/auto/typeSystem_oneDeclaredInportType_wrongTypeOutport.xml
----------------- Instantiating /home/travis/build/icyphy/ptII/ptolemy/domains/sdf/test/auto/typeSystem_oneDeclaredInportType_wrongTypeOutport.xml
3 ms. Memory: 337920K Free: 124829K (37%)
----------------- Invoking toplevel() on ptolemy.moml.MoMLSimpleApplication@548952f4
----------------- Done invoking toplevel() on ptolemy.moml.MoMLSimpleApplication@548952f4
reloadAllAccessors: .typeSystem_oneDeclaredInportType_wrongTypeOutport

===========================================================================================
----------------- testing Thu Sep 19 06:03:05 UTC 2019 /home/travis/build/icyphy/ptII/ptolemy/domains/sdf/test/auto/width.xml
----------------- Instantiating /home/travis/build/icyphy/ptII/ptolemy/domains/sdf/test/auto/width.xml
7 ms. Memory: 337920K Free: 322060K (95%)
----------------- Invoking toplevel() on ptolemy.moml.MoMLSimpleApplication@49a9adfb
----------------- Done invoking toplevel() on ptolemy.moml.MoMLSimpleApplication@49a9adfb
reloadAllAccessors: .width

===========================================================================================
----------------- testing Thu Sep 19 06:03:05 UTC 2019 /home/travis/build/icyphy/ptII/ptolemy/domains/sdf/test/auto/width2.xml
----------------- Instantiating /home/travis/build/icyphy/ptII/ptolemy/domains/sdf/test/auto/width2.xml
30 ms. Memory: 337920K Free: 316940K (94%)
----------------- Invoking toplevel() on ptolemy.moml.MoMLSimpleApplication@7f2a4d
----------------- Done invoking toplevel() on ptolemy.moml.MoMLSimpleApplication@7f2a4d
reloadAllAccessors: .width2

===========================================================================================
----------------- testing Thu Sep 19 06:03:05 UTC 2019 /home/travis/build/icyphy/ptII/ptolemy/domains/sdf/test/auto/width3.xml
----------------- Instantiating /home/travis/build/icyphy/ptII/ptolemy/domains/sdf/test/auto/width3.xml
34 ms. Memory: 337920K Free: 312330K (92%)
----------------- Invoking toplevel() on ptolemy.moml.MoMLSimpleApplication@5d1ea641
----------------- Done invoking toplevel() on ptolemy.moml.MoMLSimpleApplication@5d1ea641
reloadAllAccessors: .width3
AutoTests.java: About to close Vertx.
AutoTests.java: Vertx closed.
]]></system-out>
  <system-err><![CDATA[java.lang.RuntimeException: Execution failed
	at ptolemy.moml.MoMLSimpleApplication$UnloadThread.run(MoMLSimpleApplication.java:402)
Caused by: ptolemy.actor.sched.NotSchedulableException: No solution exists for the balance equations.
Graph is not consistent under the SDF domain detected on external port .rateConsistency.actor.port2
  in .rateConsistency.SDF Director.Scheduler
	at ptolemy.domains.sdf.kernel.SDFScheduler._propagatePort(SDFScheduler.java:1425)
	at ptolemy.domains.sdf.kernel.SDFScheduler._solveBalanceEquations(SDFScheduler.java:710)
	at ptolemy.domains.sdf.kernel.SDFScheduler._getSchedule(SDFScheduler.java:566)
	at ptolemy.actor.sched.Scheduler.getSchedule(Scheduler.java:189)
	at ptolemy.domains.sdf.kernel.SDFDirector.createSchedule(SDFDirector.java:408)
	at ptolemy.domains.sdf.kernel.SDFDirector.preinitialize(SDFDirector.java:764)
	at ptolemy.actor.CompositeActor.preinitialize(CompositeActor.java:1828)
	at ptolemy.actor.Manager.preinitializeAndResolveTypes(Manager.java:1040)
	at ptolemy.actor.Manager.initialize(Manager.java:710)
	at ptolemy.actor.Manager.execute(Manager.java:356)
	at ptolemy.actor.Manager.run(Manager.java:1263)
	at ptolemy.actor.Manager$PtolemyRunThread.run(Manager.java:1933)
java.lang.RuntimeException: Execution failed
	at ptolemy.moml.MoMLSimpleApplication$UnloadThread.run(MoMLSimpleApplication.java:402)
Caused by: ptolemy.kernel.util.IllegalActionException: Failed to compute schedule:
  in .badRateChanges.typed composite actor.SDF Director
Because:
The SDF rate parameter may change. This is not allowed in SDF models that will be run through the code generator.  If you don't care about code generation, then you might consider setting the allowRateChanges parameter of the SDF director to false.
  in .badRateChanges.typed composite actor.Repeat.output.tokenProductionRate
	at ptolemy.domains.sdf.kernel.SDFDirector.createSchedule(SDFDirector.java:418)
	at ptolemy.domains.sdf.kernel.SDFDirector.preinitialize(SDFDirector.java:764)
	at ptolemy.actor.CompositeActor.preinitialize(CompositeActor.java:1828)
	at ptolemy.actor.Director.preinitialize(Director.java:1302)
	at ptolemy.actor.Director.preinitialize(Director.java:1257)
	at ptolemy.domains.sdf.kernel.SDFDirector.preinitialize(SDFDirector.java:763)
	at ptolemy.actor.CompositeActor.preinitialize(CompositeActor.java:1828)
	at ptolemy.actor.Manager.preinitializeAndResolveTypes(Manager.java:1040)
	at ptolemy.actor.Manager.initialize(Manager.java:710)
	at ptolemy.actor.Manager.execute(Manager.java:356)
	at ptolemy.actor.Manager.run(Manager.java:1263)
	at ptolemy.actor.Manager$PtolemyRunThread.run(Manager.java:1933)
Caused by: ptolemy.kernel.util.IllegalActionException: The SDF rate parameter may change. This is not allowed in SDF models that will be run through the code generator.  If you don't care about code generation, then you might consider setting the allowRateChanges parameter of the SDF director to false.
  in .badRateChanges.typed composite actor.Repeat.output.tokenProductionRate
	at ptolemy.domains.sdf.kernel.SDFScheduler._assertDynamicRateVariable(SDFScheduler.java:931)
	at ptolemy.domains.sdf.kernel.SDFScheduler._checkDynamicRateVariables(SDFScheduler.java:339)
	at ptolemy.domains.sdf.kernel.SDFScheduler._getSchedule(SDFScheduler.java:527)
	at ptolemy.actor.sched.Scheduler.getSchedule(Scheduler.java:189)
	at ptolemy.domains.sdf.kernel.SDFDirector.createSchedule(SDFDirector.java:408)
	... 11 more
java.lang.RuntimeException: Execution failed
	at ptolemy.moml.MoMLSimpleApplication$UnloadThread.run(MoMLSimpleApplication.java:402)
Caused by: ptolemy.kernel.util.IllegalActionException: Failed to compute schedule:
  in .badRateChanges2.typed composite actor.SDF Director
Because:
The SDF rate parameter may change. This is not allowed in SDF models that will be run through the code generator.  If you don't care about code generation, then you might consider setting the allowRateChanges parameter of the SDF director to false.
  in .badRateChanges2.typed composite actor.Repeat.output.tokenProductionRate
	at ptolemy.domains.sdf.kernel.SDFDirector.createSchedule(SDFDirector.java:418)
	at ptolemy.domains.sdf.kernel.SDFDirector.preinitialize(SDFDirector.java:764)
	at ptolemy.actor.CompositeActor.preinitialize(CompositeActor.java:1828)
	at ptolemy.actor.Director.preinitialize(Director.java:1302)
	at ptolemy.actor.Director.preinitialize(Director.java:1257)
	at ptolemy.domains.sdf.kernel.SDFDirector.preinitialize(SDFDirector.java:763)
	at ptolemy.actor.CompositeActor.preinitialize(CompositeActor.java:1828)
	at ptolemy.actor.Manager.preinitializeAndResolveTypes(Manager.java:1040)
	at ptolemy.actor.Manager.initialize(Manager.java:710)
	at ptolemy.actor.Manager.execute(Manager.java:356)
	at ptolemy.actor.Manager.run(Manager.java:1263)
	at ptolemy.actor.Manager$PtolemyRunThread.run(Manager.java:1933)
Caused by: ptolemy.kernel.util.IllegalActionException: The SDF rate parameter may change. This is not allowed in SDF models that will be run through the code generator.  If you don't care about code generation, then you might consider setting the allowRateChanges parameter of the SDF director to false.
  in .badRateChanges2.typed composite actor.Repeat.output.tokenProductionRate
	at ptolemy.domains.sdf.kernel.SDFScheduler._assertDynamicRateVariable(SDFScheduler.java:931)
	at ptolemy.domains.sdf.kernel.SDFScheduler._checkDynamicRateVariables(SDFScheduler.java:339)
	at ptolemy.domains.sdf.kernel.SDFScheduler._getSchedule(SDFScheduler.java:527)
	at ptolemy.actor.sched.Scheduler.getSchedule(Scheduler.java:189)
	at ptolemy.domains.sdf.kernel.SDFDirector.createSchedule(SDFDirector.java:408)
	... 11 more
java.lang.RuntimeException: Execution failed
	at ptolemy.moml.MoMLSimpleApplication$UnloadThread.run(MoMLSimpleApplication.java:402)
Caused by: ptolemy.actor.sched.NotSchedulableException: Actors remain that cannot be scheduled!

There are several possible reasons:
* SDF Graphs with feedback loops should have an actor with a delay in the loop, such as a SampleDelay.
* The SDF director has an "allowDisconnectedGraphs"parameter, which, when true, permits disconnected SDF graphs.
* The token consumption rate and production rates might be mismatched.
Usually, actors produce one token or consume one token on a port.  To produce or consume multiple tokens per firing, add a "tokenConsumptionRate" or "tokenProductionRate" parameter to the appropriate port.
Unscheduled actors:
.partiallyConnected.Const2 
Scheduled actors:
.partiallyConnected.Const 
  in .partiallyConnected.SDF Director.Scheduler
	at ptolemy.domains.sdf.kernel.SDFScheduler._scheduleConnectedActors(SDFScheduler.java:1828)
	at ptolemy.domains.sdf.kernel.SDFScheduler._getSchedule(SDFScheduler.java:587)
	at ptolemy.actor.sched.Scheduler.getSchedule(Scheduler.java:189)
	at ptolemy.domains.sdf.kernel.SDFDirector.createSchedule(SDFDirector.java:408)
	at ptolemy.domains.sdf.kernel.SDFDirector.preinitialize(SDFDirector.java:764)
	at ptolemy.actor.CompositeActor.preinitialize(CompositeActor.java:1828)
	at ptolemy.actor.Manager.preinitializeAndResolveTypes(Manager.java:1040)
	at ptolemy.actor.Manager.initialize(Manager.java:710)
	at ptolemy.actor.Manager.execute(Manager.java:356)
	at ptolemy.actor.Manager.run(Manager.java:1263)
	at ptolemy.actor.Manager$PtolemyRunThread.run(Manager.java:1933)
]]></system-err>
</testsuite>
