<?xml version="1.0" encoding="UTF-8" ?>
<testsuite errors="0" failures="0" hostname="travis-job-f87f638d-8b85-4025-9860-adbe45c55fb7" name="ptolemy.domains.continuous.test.junit.JUnitTclTest" skipped="0" tests="156" time="65.467" timestamp="2020-01-04T06:34:18">
  <properties>
[...]
</properties>
  <testcase classname="ptolemy.util.test.junit.TclTests" name="[0] ThereAreNoTclTests (RunTclFile)" time="0.016" />
  <testcase classname="ptolemy.util.test.junit.AutoKnownFailedTests" name="[0] ThereAreNoKnowFailedTests (RunModel)" time="0.008" />
  <testcase classname="ptolemy.util.test.junit.AutoNameArchTests" name="[0] ThereAreNoAutoArchTests (RunModel)" time="0.02" />
  <testcase classname="ptolemy.util.test.junit.AutoTests" name="[0] /home/travis/build/icyphy/ptII/ptolemy/domains/continuous/test/auto/BouncingBall.xml (RunModel)" time="2.69" />
  <testcase classname="ptolemy.util.test.junit.AutoTests" name="[1] /home/travis/build/icyphy/ptII/ptolemy/domains/continuous/test/auto/BouncingBallWithoutGR.xml (RunModel)" time="0.862" />
  <testcase classname="ptolemy.util.test.junit.AutoTests" name="[2] /home/travis/build/icyphy/ptII/ptolemy/domains/continuous/test/auto/Brownian.xml (RunModel)" time="0.07" />
  <testcase classname="ptolemy.util.test.junit.AutoTests" name="[3] /home/travis/build/icyphy/ptII/ptolemy/domains/continuous/test/auto/CarTracking.xml (RunModel)" time="3.524" />
  <testcase classname="ptolemy.util.test.junit.AutoTests" name="[4] /home/travis/build/icyphy/ptII/ptolemy/domains/continuous/test/auto/CartPendulum.xml (RunModel)" time="0.46" />
  <testcase classname="ptolemy.util.test.junit.AutoTests" name="[5] /home/travis/build/icyphy/ptII/ptolemy/domains/continuous/test/auto/CausalityInterface10.xml (RunModel)" time="0.051" />
  <testcase classname="ptolemy.util.test.junit.AutoTests" name="[6] /home/travis/build/icyphy/ptII/ptolemy/domains/continuous/test/auto/CausalityInterface11.xml (RunModel)" time="0.018" />
  <testcase classname="ptolemy.util.test.junit.AutoTests" name="[7] /home/travis/build/icyphy/ptII/ptolemy/domains/continuous/test/auto/CausalityInterface12.xml (RunModel)" time="0.019" />
  <testcase classname="ptolemy.util.test.junit.AutoTests" name="[8] /home/travis/build/icyphy/ptII/ptolemy/domains/continuous/test/auto/CausalityInterface13.xml (RunModel)" time="0.04" />
  <testcase classname="ptolemy.util.test.junit.AutoTests" name="[9] /home/travis/build/icyphy/ptII/ptolemy/domains/continuous/test/auto/CausalityInterface14.xml (RunModel)" time="0.031" />
  <testcase classname="ptolemy.util.test.junit.AutoTests" name="[10] /home/travis/build/icyphy/ptII/ptolemy/domains/continuous/test/auto/CausalityInterface4.xml (RunModel)" time="0.021" />
  <testcase classname="ptolemy.util.test.junit.AutoTests" name="[11] /home/travis/build/icyphy/ptII/ptolemy/domains/continuous/test/auto/CausalityInterface5.xml (RunModel)" time="0.035" />
  <testcase classname="ptolemy.util.test.junit.AutoTests" name="[12] /home/travis/build/icyphy/ptII/ptolemy/domains/continuous/test/auto/CausalityInterface6.xml (RunModel)" time="0.017" />
  <testcase classname="ptolemy.util.test.junit.AutoTests" name="[13] /home/travis/build/icyphy/ptII/ptolemy/domains/continuous/test/auto/CausalityInterface7.xml (RunModel)" time="0.03" />
  <testcase classname="ptolemy.util.test.junit.AutoTests" name="[14] /home/travis/build/icyphy/ptII/ptolemy/domains/continuous/test/auto/CausalityInterface8.xml (RunModel)" time="0.028" />
  <testcase classname="ptolemy.util.test.junit.AutoTests" name="[15] /home/travis/build/icyphy/ptII/ptolemy/domains/continuous/test/auto/CausalityInterface9.xml (RunModel)" time="0.042" />
  <testcase classname="ptolemy.util.test.junit.AutoTests" name="[16] /home/travis/build/icyphy/ptII/ptolemy/domains/continuous/test/auto/CausalityInterfaceFeedback1.xml (RunModel)" time="0.03" />
  <testcase classname="ptolemy.util.test.junit.AutoTests" name="[17] /home/travis/build/icyphy/ptII/ptolemy/domains/continuous/test/auto/CausalityInterfaceFeedback2.xml (RunModel)" time="0.03" />
  <testcase classname="ptolemy.util.test.junit.AutoTests" name="[18] /home/travis/build/icyphy/ptII/ptolemy/domains/continuous/test/auto/CompareWithCurrentTime.xml (RunModel)" time="0.015" />
  <testcase classname="ptolemy.util.test.junit.AutoTests" name="[19] /home/travis/build/icyphy/ptII/ptolemy/domains/continuous/test/auto/ComparedClocks.xml (RunModel)" time="0.063" />
  <testcase classname="ptolemy.util.test.junit.AutoTests" name="[20] /home/travis/build/icyphy/ptII/ptolemy/domains/continuous/test/auto/ContinuousAOCClone.xml (RunModel)" time="2.705" />
  <testcase classname="ptolemy.util.test.junit.AutoTests" name="[21] /home/travis/build/icyphy/ptII/ptolemy/domains/continuous/test/auto/ContinuousClock.xml (RunModel)" time="0.086" />
  <testcase classname="ptolemy.util.test.junit.AutoTests" name="[22] /home/travis/build/icyphy/ptII/ptolemy/domains/continuous/test/auto/ContinuousInContinuous.xml (RunModel)" time="0.081" />
  <testcase classname="ptolemy.util.test.junit.AutoTests" name="[23] /home/travis/build/icyphy/ptII/ptolemy/domains/continuous/test/auto/ContinuousInContinuousInContinuous.xml (RunModel)" time="0.021" />
  <testcase classname="ptolemy.util.test.junit.AutoTests" name="[24] /home/travis/build/icyphy/ptII/ptolemy/domains/continuous/test/auto/ContinuousInDE.xml (RunModel)" time="0.11" />
  <testcase classname="ptolemy.util.test.junit.AutoTests" name="[25] /home/travis/build/icyphy/ptII/ptolemy/domains/continuous/test/auto/ContinuousInDE2.xml (RunModel)" time="0.047" />
  <testcase classname="ptolemy.util.test.junit.AutoTests" name="[26] /home/travis/build/icyphy/ptII/ptolemy/domains/continuous/test/auto/ContinuousInDE3.xml (RunModel)" time="0.043" />
  <testcase classname="ptolemy.util.test.junit.AutoTests" name="[27] /home/travis/build/icyphy/ptII/ptolemy/domains/continuous/test/auto/ContinuousInDE4.xml (RunModel)" time="0.024" />
  <testcase classname="ptolemy.util.test.junit.AutoTests" name="[28] /home/travis/build/icyphy/ptII/ptolemy/domains/continuous/test/auto/ContinuousInDEDifferentRefinements.xml (RunModel)" time="0.095" />
  <testcase classname="ptolemy.util.test.junit.AutoTests" name="[29] /home/travis/build/icyphy/ptII/ptolemy/domains/continuous/test/auto/ContinuousInDEDifferentRefinementsPreemptive.xml (RunModel)" time="0.083" />
  <testcase classname="ptolemy.util.test.junit.AutoTests" name="[30] /home/travis/build/icyphy/ptII/ptolemy/domains/continuous/test/auto/ContinuousInDEInContinuous2.xml (RunModel)" time="0.053" />
  <testcase classname="ptolemy.util.test.junit.AutoTests" name="[31] /home/travis/build/icyphy/ptII/ptolemy/domains/continuous/test/auto/ContinuousInDEInContinuous3.xml (RunModel)" time="0.05" />
  <testcase classname="ptolemy.util.test.junit.AutoTests" name="[32] /home/travis/build/icyphy/ptII/ptolemy/domains/continuous/test/auto/ContinuousInDEInput.xml (RunModel)" time="0.034" />
  <testcase classname="ptolemy.util.test.junit.AutoTests" name="[33] /home/travis/build/icyphy/ptII/ptolemy/domains/continuous/test/auto/ContinuousInDEInput2.xml (RunModel)" time="0.033" />
  <testcase classname="ptolemy.util.test.junit.AutoTests" name="[34] /home/travis/build/icyphy/ptII/ptolemy/domains/continuous/test/auto/ContinuousInDEInput3.xml (RunModel)" time="0.026" />
  <testcase classname="ptolemy.util.test.junit.AutoTests" name="[35] /home/travis/build/icyphy/ptII/ptolemy/domains/continuous/test/auto/ContinuousInDESharingRefinement.xml (RunModel)" time="0.16" />
  <testcase classname="ptolemy.util.test.junit.AutoTests" name="[36] /home/travis/build/icyphy/ptII/ptolemy/domains/continuous/test/auto/ContinuousInDEwithNoPorts.xml (RunModel)" time="0.018" />
  <testcase classname="ptolemy.util.test.junit.AutoTests" name="[37] /home/travis/build/icyphy/ptII/ptolemy/domains/continuous/test/auto/ContinuousInsideDE.xml (RunModel)" time="0.066" />
  <testcase classname="ptolemy.util.test.junit.AutoTests" name="[38] /home/travis/build/icyphy/ptII/ptolemy/domains/continuous/test/auto/ContinuousMerge1.xml (RunModel)" time="0.013" />
  <testcase classname="ptolemy.util.test.junit.AutoTests" name="[39] /home/travis/build/icyphy/ptII/ptolemy/domains/continuous/test/auto/ContinuousMerge2.xml (RunModel)" time="0.03" />
  <testcase classname="ptolemy.util.test.junit.AutoTests" name="[40] /home/travis/build/icyphy/ptII/ptolemy/domains/continuous/test/auto/ContinuousMerge3.xml (RunModel)" time="0.042" />
  <testcase classname="ptolemy.util.test.junit.AutoTests" name="[41] /home/travis/build/icyphy/ptII/ptolemy/domains/continuous/test/auto/ContinuousWithinContinuous.xml (RunModel)" time="0.036" />
  <testcase classname="ptolemy.util.test.junit.AutoTests" name="[42] /home/travis/build/icyphy/ptII/ptolemy/domains/continuous/test/auto/ContinuousWithinContinuous2.xml (RunModel)" time="0.055" />
  <testcase classname="ptolemy.util.test.junit.AutoTests" name="[43] /home/travis/build/icyphy/ptII/ptolemy/domains/continuous/test/auto/ContinuousWithinContinuous3.xml (RunModel)" time="0.02" />
  <testcase classname="ptolemy.util.test.junit.AutoTests" name="[44] /home/travis/build/icyphy/ptII/ptolemy/domains/continuous/test/auto/ContinuousWithinContinuous4.xml (RunModel)" time="0.07" />
  <testcase classname="ptolemy.util.test.junit.AutoTests" name="[45] /home/travis/build/icyphy/ptII/ptolemy/domains/continuous/test/auto/ContinuousWithinContinuous5.xml (RunModel)" time="0.025" />
  <testcase classname="ptolemy.util.test.junit.AutoTests" name="[46] /home/travis/build/icyphy/ptII/ptolemy/domains/continuous/test/auto/ContinuousWithinContinuous6.xml (RunModel)" time="0.023" />
  <testcase classname="ptolemy.util.test.junit.AutoTests" name="[47] /home/travis/build/icyphy/ptII/ptolemy/domains/continuous/test/auto/ContinuousWithinContinuous7.xml (RunModel)" time="0.055" />
  <testcase classname="ptolemy.util.test.junit.AutoTests" name="[48] /home/travis/build/icyphy/ptII/ptolemy/domains/continuous/test/auto/DCMotor.xml (RunModel)" time="11.544" />
  <testcase classname="ptolemy.util.test.junit.AutoTests" name="[49] /home/travis/build/icyphy/ptII/ptolemy/domains/continuous/test/auto/DEInContinuous.xml (RunModel)" time="0.029" />
  <testcase classname="ptolemy.util.test.junit.AutoTests" name="[50] /home/travis/build/icyphy/ptII/ptolemy/domains/continuous/test/auto/DEinContinuous2.xml (RunModel)" time="0.027" />
  <testcase classname="ptolemy.util.test.junit.AutoTests" name="[51] /home/travis/build/icyphy/ptII/ptolemy/domains/continuous/test/auto/Derivative.xml (RunModel)" time="0.172" />
  <testcase classname="ptolemy.util.test.junit.AutoTests" name="[52] /home/travis/build/icyphy/ptII/ptolemy/domains/continuous/test/auto/Derivative1.xml (RunModel)" time="0.036" />
  <testcase classname="ptolemy.util.test.junit.AutoTests" name="[53] /home/travis/build/icyphy/ptII/ptolemy/domains/continuous/test/auto/DiscreteClock.xml (RunModel)" time="0.011" />
  <testcase classname="ptolemy.util.test.junit.AutoTests" name="[54] /home/travis/build/icyphy/ptII/ptolemy/domains/continuous/test/auto/EfficiencyCurve.xml (RunModel)" time="0.108" />
  <testcase classname="ptolemy.util.test.junit.AutoTests" name="[55] /home/travis/build/icyphy/ptII/ptolemy/domains/continuous/test/auto/ExponentialResponse.xml (RunModel)" time="0.103" />
  <testcase classname="ptolemy.util.test.junit.AutoTests" name="[56] /home/travis/build/icyphy/ptII/ptolemy/domains/continuous/test/auto/ExponentialResponseRK45.xml (RunModel)" time="0.032" />
  <testcase classname="ptolemy.util.test.junit.AutoTests" name="[57] /home/travis/build/icyphy/ptII/ptolemy/domains/continuous/test/auto/Friction.xml (RunModel)" time="1.452" />
  <testcase classname="ptolemy.util.test.junit.AutoTests" name="[58] /home/travis/build/icyphy/ptII/ptolemy/domains/continuous/test/auto/FurutaPendulum.xml (RunModel)" time="2.933" />
  <testcase classname="ptolemy.util.test.junit.AutoTests" name="[59] /home/travis/build/icyphy/ptII/ptolemy/domains/continuous/test/auto/HierarchicalExecution.xml (RunModel)" time="1.749" />
  <testcase classname="ptolemy.util.test.junit.AutoTests" name="[60] /home/travis/build/icyphy/ptII/ptolemy/domains/continuous/test/auto/HybridPlant.xml (RunModel)" time="0.539" />
  <testcase classname="ptolemy.util.test.junit.AutoTests" name="[61] /home/travis/build/icyphy/ptII/ptolemy/domains/continuous/test/auto/Hysteresis.xml (RunModel)" time="0.182" />
  <testcase classname="ptolemy.util.test.junit.AutoTests" name="[62] /home/travis/build/icyphy/ptII/ptolemy/domains/continuous/test/auto/HysteresisWithRandomDelay.xml (RunModel)" time="0.217" />
  <testcase classname="ptolemy.util.test.junit.AutoTests" name="[63] /home/travis/build/icyphy/ptII/ptolemy/domains/continuous/test/auto/HysteresisWithRandomLosses.xml (RunModel)" time="2.248" />
  <testcase classname="ptolemy.util.test.junit.AutoTests" name="[64] /home/travis/build/icyphy/ptII/ptolemy/domains/continuous/test/auto/ImmediateTransitions.xml (RunModel)" time="0.032" />
  <testcase classname="ptolemy.util.test.junit.AutoTests" name="[65] /home/travis/build/icyphy/ptII/ptolemy/domains/continuous/test/auto/ImpulseFeedback.xml (RunModel)" time="0.028" />
  <testcase classname="ptolemy.util.test.junit.AutoTests" name="[66] /home/travis/build/icyphy/ptII/ptolemy/domains/continuous/test/auto/ImpulseFeedback2.xml (RunModel)" time="0.016" />
  <testcase classname="ptolemy.util.test.junit.AutoTests" name="[67] /home/travis/build/icyphy/ptII/ptolemy/domains/continuous/test/auto/IncreasingRatePoisson.xml (RunModel)" time="0.707" />
  <testcase classname="ptolemy.util.test.junit.AutoTests" name="[68] /home/travis/build/icyphy/ptII/ptolemy/domains/continuous/test/auto/InitialStateFeedback.xml (RunModel)" time="0.016" />
  <testcase classname="ptolemy.util.test.junit.AutoTests" name="[69] /home/travis/build/icyphy/ptII/ptolemy/domains/continuous/test/auto/Integration.xml (RunModel)" time="0.009" />
  <testcase classname="ptolemy.util.test.junit.AutoTests" name="[70] /home/travis/build/icyphy/ptII/ptolemy/domains/continuous/test/auto/Integration2.xml (RunModel)" time="0.084" />
  <testcase classname="ptolemy.util.test.junit.AutoTests" name="[71] /home/travis/build/icyphy/ptII/ptolemy/domains/continuous/test/auto/Integration3.xml (RunModel)" time="0.015" />
  <testcase classname="ptolemy.util.test.junit.AutoTests" name="[72] /home/travis/build/icyphy/ptII/ptolemy/domains/continuous/test/auto/Integration5.xml (RunModel)" time="0.009" />
  <testcase classname="ptolemy.util.test.junit.AutoTests" name="[73] /home/travis/build/icyphy/ptII/ptolemy/domains/continuous/test/auto/IntegratorImpulse.xml (RunModel)" time="0.007" />
  <testcase classname="ptolemy.util.test.junit.AutoTests" name="[74] /home/travis/build/icyphy/ptII/ptolemy/domains/continuous/test/auto/IntegratorImpulse2.xml (RunModel)" time="0.016" />
  <testcase classname="ptolemy.util.test.junit.AutoTests" name="[75] /home/travis/build/icyphy/ptII/ptolemy/domains/continuous/test/auto/LevelCrossing1.xml (RunModel)" time="0.012" />
  <testcase classname="ptolemy.util.test.junit.AutoTests" name="[76] /home/travis/build/icyphy/ptII/ptolemy/domains/continuous/test/auto/LevelCrossing2.xml (RunModel)" time="0.011" />
  <testcase classname="ptolemy.util.test.junit.AutoTests" name="[77] /home/travis/build/icyphy/ptII/ptolemy/domains/continuous/test/auto/LevelCrossing3.xml (RunModel)" time="0.013" />
  <testcase classname="ptolemy.util.test.junit.AutoTests" name="[78] /home/travis/build/icyphy/ptII/ptolemy/domains/continuous/test/auto/LevelCrossing4.xml (RunModel)" time="0.01" />
  <testcase classname="ptolemy.util.test.junit.AutoTests" name="[79] /home/travis/build/icyphy/ptII/ptolemy/domains/continuous/test/auto/LevelCrossing5.xml (RunModel)" time="0.012" />
  <testcase classname="ptolemy.util.test.junit.AutoTests" name="[80] /home/travis/build/icyphy/ptII/ptolemy/domains/continuous/test/auto/LevelCrossing6.xml (RunModel)" time="0.009" />
  <testcase classname="ptolemy.util.test.junit.AutoTests" name="[81] /home/travis/build/icyphy/ptII/ptolemy/domains/continuous/test/auto/LevelCrossingDetector.xml (RunModel)" time="0.029" />
  <testcase classname="ptolemy.util.test.junit.AutoTests" name="[82] /home/travis/build/icyphy/ptII/ptolemy/domains/continuous/test/auto/LevelCrossingDetectorDetectingDirections.xml (RunModel)" time="0.076" />
  <testcase classname="ptolemy.util.test.junit.AutoTests" name="[83] /home/travis/build/icyphy/ptII/ptolemy/domains/continuous/test/auto/LevelCrossingDetectorDetectsGlitches.xml (RunModel)" time="0.057" />
  <testcase classname="ptolemy.util.test.junit.AutoTests" name="[84] /home/travis/build/icyphy/ptII/ptolemy/domains/continuous/test/auto/LevelCrossingNoInitialOuput.xml (RunModel)" time="0.011" />
  <testcase classname="ptolemy.util.test.junit.AutoTests" name="[85] /home/travis/build/icyphy/ptII/ptolemy/domains/continuous/test/auto/LinearStateSpaceExample.xml (RunModel)" time="0.049" />
  <testcase classname="ptolemy.util.test.junit.AutoTests" name="[86] /home/travis/build/icyphy/ptII/ptolemy/domains/continuous/test/auto/Lorenz.xml (RunModel)" time="3.241" />
  <testcase classname="ptolemy.util.test.junit.AutoTests" name="[87] /home/travis/build/icyphy/ptII/ptolemy/domains/continuous/test/auto/LorenzDifferentialSystem.xml (RunModel)" time="0.825" />
  <testcase classname="ptolemy.util.test.junit.AutoTests" name="[88] /home/travis/build/icyphy/ptII/ptolemy/domains/continuous/test/auto/LorenzDifferentialSystemWithInput.xml (RunModel)" time="1.13" />
  <testcase classname="ptolemy.util.test.junit.AutoTests" name="[89] /home/travis/build/icyphy/ptII/ptolemy/domains/continuous/test/auto/LorenzDifferentialSystemWithTime.xml (RunModel)" time="0.651" />
  <testcase classname="ptolemy.util.test.junit.AutoTests" name="[90] /home/travis/build/icyphy/ptII/ptolemy/domains/continuous/test/auto/Microsteps.xml (RunModel)" time="0.02" />
  <testcase classname="ptolemy.util.test.junit.AutoTests" name="[91] /home/travis/build/icyphy/ptII/ptolemy/domains/continuous/test/auto/Modal1.xml (RunModel)" time="0.031" />
  <testcase classname="ptolemy.util.test.junit.AutoTests" name="[92] /home/travis/build/icyphy/ptII/ptolemy/domains/continuous/test/auto/Modal2.xml (RunModel)" time="0.046" />
  <testcase classname="ptolemy.util.test.junit.AutoTests" name="[93] /home/travis/build/icyphy/ptII/ptolemy/domains/continuous/test/auto/ModalTransitionGuardWithReset.xml (RunModel)" time="0.028" />
  <testcase classname="ptolemy.util.test.junit.AutoTests" name="[94] /home/travis/build/icyphy/ptII/ptolemy/domains/continuous/test/auto/ModalTransitionGuardWithResetUsingPreemptiveTransition.xml (RunModel)" time="0.023" />
  <testcase classname="ptolemy.util.test.junit.AutoTests" name="[95] /home/travis/build/icyphy/ptII/ptolemy/domains/continuous/test/auto/ModalTransitionGuardWithResetUsingPreemptiveTransition2.xml (RunModel)" time="0.027" />
  <testcase classname="ptolemy.util.test.junit.AutoTests" name="[96] /home/travis/build/icyphy/ptII/ptolemy/domains/continuous/test/auto/ModalTransitionGuardWithResetUsingPreemptiveTransition3.xml (RunModel)" time="0.024" />
  <testcase classname="ptolemy.util.test.junit.AutoTests" name="[97] /home/travis/build/icyphy/ptII/ptolemy/domains/continuous/test/auto/NewtonsCradle.xml (RunModel)" time="0.733" />
  <testcase classname="ptolemy.util.test.junit.AutoTests" name="[98] /home/travis/build/icyphy/ptII/ptolemy/domains/continuous/test/auto/NewtonsCradleAnimated.xml (RunModel)" time="1.235" />
  <testcase classname="ptolemy.util.test.junit.AutoTests" name="[99] /home/travis/build/icyphy/ptII/ptolemy/domains/continuous/test/auto/NewtonsCradleComplicated.xml (RunModel)" time="0.858" />
  <testcase classname="ptolemy.util.test.junit.AutoTests" name="[100] /home/travis/build/icyphy/ptII/ptolemy/domains/continuous/test/auto/NewtonsCradleNondeterministic.xml (RunModel)" time="0.618" />
  <testcase classname="ptolemy.util.test.junit.AutoTests" name="[101] /home/travis/build/icyphy/ptII/ptolemy/domains/continuous/test/auto/NewtonsCradlePerfectlyInelastic1.xml (RunModel)" time="1.109" />
  <testcase classname="ptolemy.util.test.junit.AutoTests" name="[102] /home/travis/build/icyphy/ptII/ptolemy/domains/continuous/test/auto/Noise.xml (RunModel)" time="0.183" />
  <testcase classname="ptolemy.util.test.junit.AutoTests" name="[103] /home/travis/build/icyphy/ptII/ptolemy/domains/continuous/test/auto/NoiseSpectrum.xml (RunModel)" time="0.654" />
  <testcase classname="ptolemy.util.test.junit.AutoTests" name="[104] /home/travis/build/icyphy/ptII/ptolemy/domains/continuous/test/auto/ParameterizedNewtonsCradleAnimated.xml (RunModel)" time="0.324" />
  <testcase classname="ptolemy.util.test.junit.AutoTests" name="[105] /home/travis/build/icyphy/ptII/ptolemy/domains/continuous/test/auto/ParameterizedNewtonsCradleAnimatedNondeterministic.xml (RunModel)" time="1.017" />
  <testcase classname="ptolemy.util.test.junit.AutoTests" name="[106] /home/travis/build/icyphy/ptII/ptolemy/domains/continuous/test/auto/Pendulum3D.xml (RunModel)" time="0.155" />
  <testcase classname="ptolemy.util.test.junit.AutoTests" name="[107] /home/travis/build/icyphy/ptII/ptolemy/domains/continuous/test/auto/PeriodicSampler.xml (RunModel)" time="0.009" />
  <testcase classname="ptolemy.util.test.junit.AutoTests" name="[108] /home/travis/build/icyphy/ptII/ptolemy/domains/continuous/test/auto/PeriodicSampler1.xml (RunModel)" time="0.033" />
  <testcase classname="ptolemy.util.test.junit.AutoTests" name="[109] /home/travis/build/icyphy/ptII/ptolemy/domains/continuous/test/auto/PeriodicSampler2.xml (RunModel)" time="0.066" />
  <testcase classname="ptolemy.util.test.junit.AutoTests" name="[110] /home/travis/build/icyphy/ptII/ptolemy/domains/continuous/test/auto/Poisson.xml (RunModel)" time="0.415" />
  <testcase classname="ptolemy.util.test.junit.AutoTests" name="[111] /home/travis/build/icyphy/ptII/ptolemy/domains/continuous/test/auto/PoissonClock.xml (RunModel)" time="0.016" />
  <testcase classname="ptolemy.util.test.junit.AutoTests" name="[112] /home/travis/build/icyphy/ptII/ptolemy/domains/continuous/test/auto/PoissonClock2.xml (RunModel)" time="0.012" />
  <testcase classname="ptolemy.util.test.junit.AutoTests" name="[113] /home/travis/build/icyphy/ptII/ptolemy/domains/continuous/test/auto/PortParameterHierarchy.xml (RunModel)" time="0.022" />
  <testcase classname="ptolemy.util.test.junit.AutoTests" name="[114] /home/travis/build/icyphy/ptII/ptolemy/domains/continuous/test/auto/RandomHybridPlant.xml (RunModel)" time="0.483" />
  <testcase classname="ptolemy.util.test.junit.AutoTests" name="[115] /home/travis/build/icyphy/ptII/ptolemy/domains/continuous/test/auto/ResetTransitionWithStartTime1.xml (RunModel)" time="0.028" />
  <testcase classname="ptolemy.util.test.junit.AutoTests" name="[116] /home/travis/build/icyphy/ptII/ptolemy/domains/continuous/test/auto/ResetTransitionWithStartTime2.xml (RunModel)" time="0.031" />
  <testcase classname="ptolemy.util.test.junit.AutoTests" name="[117] /home/travis/build/icyphy/ptII/ptolemy/domains/continuous/test/auto/ResetTransitionWithStartTime3.xml (RunModel)" time="0.029" />
  <testcase classname="ptolemy.util.test.junit.AutoTests" name="[118] /home/travis/build/icyphy/ptII/ptolemy/domains/continuous/test/auto/ResetTransitionWithStartTime4.xml (RunModel)" time="0.018" />
  <testcase classname="ptolemy.util.test.junit.AutoTests" name="[119] /home/travis/build/icyphy/ptII/ptolemy/domains/continuous/test/auto/ResetTransitionWithStartTime5.xml (RunModel)" time="0.025" />
  <testcase classname="ptolemy.util.test.junit.AutoTests" name="[120] /home/travis/build/icyphy/ptII/ptolemy/domains/continuous/test/auto/ResetTransitionWithStartTime6.xml (RunModel)" time="0.018" />
  <testcase classname="ptolemy.util.test.junit.AutoTests" name="[121] /home/travis/build/icyphy/ptII/ptolemy/domains/continuous/test/auto/SRinContinuous.xml (RunModel)" time="0.015" />
  <testcase classname="ptolemy.util.test.junit.AutoTests" name="[122] /home/travis/build/icyphy/ptII/ptolemy/domains/continuous/test/auto/SampledClocks.xml (RunModel)" time="0.022" />
  <testcase classname="ptolemy.util.test.junit.AutoTests" name="[123] /home/travis/build/icyphy/ptII/ptolemy/domains/continuous/test/auto/Satellite.xml (RunModel)" time="0.674" />
  <testcase classname="ptolemy.util.test.junit.AutoTests" name="[124] /home/travis/build/icyphy/ptII/ptolemy/domains/continuous/test/auto/SigmaDelta.xml (RunModel)" time="1.972" />
  <testcase classname="ptolemy.util.test.junit.AutoTests" name="[125] /home/travis/build/icyphy/ptII/ptolemy/domains/continuous/test/auto/SingleRefinement.xml (RunModel)" time="0.424" />
  <testcase classname="ptolemy.util.test.junit.AutoTests" name="[126] /home/travis/build/icyphy/ptII/ptolemy/domains/continuous/test/auto/SinuBouncingBall.xml (RunModel)" time="0.815" />
  <testcase classname="ptolemy.util.test.junit.AutoTests" name="[127] /home/travis/build/icyphy/ptII/ptolemy/domains/continuous/test/auto/Sinusoid.xml (RunModel)" time="0.017" />
  <testcase classname="ptolemy.util.test.junit.AutoTests" name="[128] /home/travis/build/icyphy/ptII/ptolemy/domains/continuous/test/auto/SinusoidInNoise.xml (RunModel)" time="0.743" />
  <testcase classname="ptolemy.util.test.junit.AutoTests" name="[129] /home/travis/build/icyphy/ptII/ptolemy/domains/continuous/test/auto/SinusoidRK45.xml (RunModel)" time="0.009" />
  <testcase classname="ptolemy.util.test.junit.AutoTests" name="[130] /home/travis/build/icyphy/ptII/ptolemy/domains/continuous/test/auto/SinusoidWithMultipleImpulses.xml (RunModel)" time="0.009" />
  <testcase classname="ptolemy.util.test.junit.AutoTests" name="[131] /home/travis/build/icyphy/ptII/ptolemy/domains/continuous/test/auto/SquareWave.xml (RunModel)" time="0.142" />
  <testcase classname="ptolemy.util.test.junit.AutoTests" name="[132] /home/travis/build/icyphy/ptII/ptolemy/domains/continuous/test/auto/Starmac.xml (RunModel)" time="3.453" />
  <testcase classname="ptolemy.util.test.junit.AutoTests" name="[133] /home/travis/build/icyphy/ptII/ptolemy/domains/continuous/test/auto/StaticUnits.xml (RunModel)" time="2.11" />
  <testcase classname="ptolemy.util.test.junit.AutoTests" name="[134] /home/travis/build/icyphy/ptII/ptolemy/domains/continuous/test/auto/StickyMasses.xml (RunModel)" time="0.195" />
  <testcase classname="ptolemy.util.test.junit.AutoTests" name="[135] /home/travis/build/icyphy/ptII/ptolemy/domains/continuous/test/auto/StopTime.xml (RunModel)" time="0.058" />
  <testcase classname="ptolemy.util.test.junit.AutoTests" name="[136] /home/travis/build/icyphy/ptII/ptolemy/domains/continuous/test/auto/StopTime2.xml (RunModel)" time="0.048" />
  <testcase classname="ptolemy.util.test.junit.AutoTests" name="[137] /home/travis/build/icyphy/ptII/ptolemy/domains/continuous/test/auto/Switch.xml (RunModel)" time="0.055" />
  <testcase classname="ptolemy.util.test.junit.AutoTests" name="[138] /home/travis/build/icyphy/ptII/ptolemy/domains/continuous/test/auto/Thermostat.xml (RunModel)" time="0.214" />
  <testcase classname="ptolemy.util.test.junit.AutoTests" name="[139] /home/travis/build/icyphy/ptII/ptolemy/domains/continuous/test/auto/TimeDelay.xml (RunModel)" time="0.012" />
  <testcase classname="ptolemy.util.test.junit.AutoTests" name="[140] /home/travis/build/icyphy/ptII/ptolemy/domains/continuous/test/auto/TimeDelay2.xml (RunModel)" time="0.02" />
  <testcase classname="ptolemy.util.test.junit.AutoTests" name="[141] /home/travis/build/icyphy/ptII/ptolemy/domains/continuous/test/auto/TimeDelay3.xml (RunModel)" time="0.009" />
  <testcase classname="ptolemy.util.test.junit.AutoTests" name="[142] /home/travis/build/icyphy/ptII/ptolemy/domains/continuous/test/auto/TransferAbsentToInside.xml (RunModel)" time="0.091" />
  <testcase classname="ptolemy.util.test.junit.AutoTests" name="[143] /home/travis/build/icyphy/ptII/ptolemy/domains/continuous/test/auto/Transmission.xml (RunModel)" time="0.766" />
  <testcase classname="ptolemy.util.test.junit.AutoTests" name="[144] /home/travis/build/icyphy/ptII/ptolemy/domains/continuous/test/auto/TriggeredContinuousClock.xml (RunModel)" time="0.061" />
  <testcase classname="ptolemy.util.test.junit.AutoTests" name="[145] /home/travis/build/icyphy/ptII/ptolemy/domains/continuous/test/auto/TwoMachineInfiniteBusControl.xml (RunModel)" time="2.352" />
  <testcase classname="ptolemy.util.test.junit.AutoTests" name="[146] /home/travis/build/icyphy/ptII/ptolemy/domains/continuous/test/auto/V2V.xml (RunModel)" time="0.824" />
  <testcase classname="ptolemy.util.test.junit.AutoTests" name="[147] /home/travis/build/icyphy/ptII/ptolemy/domains/continuous/test/auto/hierarchicalModalModel.xml (RunModel)" time="0.03" />
  <testcase classname="ptolemy.util.test.junit.AutoTests" name="[148] /home/travis/build/icyphy/ptII/ptolemy/domains/continuous/test/auto/hierarchicalModalModel1.xml (RunModel)" time="0.026" />
  <testcase classname="ptolemy.util.test.junit.AutoTests" name="[149] /home/travis/build/icyphy/ptII/ptolemy/domains/continuous/test/auto/hierarchicalModalModel2.xml (RunModel)" time="0.022" />
  <testcase classname="ptolemy.util.test.junit.AutoTests" name="[150] /home/travis/build/icyphy/ptII/ptolemy/domains/continuous/test/auto/hierarchicalModalModel3.xml (RunModel)" time="0.019" />
  <testcase classname="ptolemy.util.test.junit.AutoTests" name="[151] /home/travis/build/icyphy/ptII/ptolemy/domains/continuous/test/auto/hierarchicalModalModel4.xml (RunModel)" time="0.02" />
  <testcase classname="ptolemy.util.test.junit.AutoTests" name="[152] /home/travis/build/icyphy/ptII/ptolemy/domains/continuous/test/auto/junk.xml (RunModel)" time="0.123" />
  <system-out><![CDATA[No tcl tests in /home/travis/build/icyphy/ptII/ptolemy/domains/continuous/test
No auto/knownFailedTests/*.xml tests in /home/travis/build/icyphy/ptII/ptolemy/domains/continuous/test
No auto/linux-amd64/*.xml tests in /home/travis/build/icyphy/ptII/ptolemy/domains/continuous/test
AutoTests.java: About to close Vertx.
AutoTests.java: Vertx closed.

===========================================================================================
----------------- testing Sat Jan 04 06:34:18 UTC 2020 /home/travis/build/icyphy/ptII/ptolemy/domains/continuous/test/auto/BouncingBall.xml
----------------- Instantiating /home/travis/build/icyphy/ptII/ptolemy/domains/continuous/test/auto/BouncingBall.xml
2154 ms. Memory: 155648K Free: 94543K (61%)
----------------- Invoking toplevel() on ptolemy.moml.MoMLSimpleApplication@546d9e44
----------------- Done invoking toplevel() on ptolemy.moml.MoMLSimpleApplication@546d9e44
reloadAllAccessors: .BouncingBall

===========================================================================================
----------------- testing Sat Jan 04 06:34:21 UTC 2020 /home/travis/build/icyphy/ptII/ptolemy/domains/continuous/test/auto/BouncingBallWithoutGR.xml
----------------- Instantiating /home/travis/build/icyphy/ptII/ptolemy/domains/continuous/test/auto/BouncingBallWithoutGR.xml
696 ms. Memory: 155648K Free: 94401K (61%)
----------------- Invoking toplevel() on ptolemy.moml.MoMLSimpleApplication@62100d26
----------------- Done invoking toplevel() on ptolemy.moml.MoMLSimpleApplication@62100d26
reloadAllAccessors: .BouncingBallWithoutGR

===========================================================================================
----------------- testing Sat Jan 04 06:34:22 UTC 2020 /home/travis/build/icyphy/ptII/ptolemy/domains/continuous/test/auto/Brownian.xml
----------------- Instantiating /home/travis/build/icyphy/ptII/ptolemy/domains/continuous/test/auto/Brownian.xml
15 ms. Memory: 155648K Free: 85199K (55%)
----------------- Invoking toplevel() on ptolemy.moml.MoMLSimpleApplication@4625ab2
----------------- Done invoking toplevel() on ptolemy.moml.MoMLSimpleApplication@4625ab2
reloadAllAccessors: .Brownian

===========================================================================================
----------------- testing Sat Jan 04 06:34:22 UTC 2020 /home/travis/build/icyphy/ptII/ptolemy/domains/continuous/test/auto/CarTracking.xml
----------------- Instantiating /home/travis/build/icyphy/ptII/ptolemy/domains/continuous/test/auto/CarTracking.xml
3081 ms. Memory: 225280K Free: 174427K (77%)
----------------- Invoking toplevel() on ptolemy.moml.MoMLSimpleApplication@426e9b90
----------------- Done invoking toplevel() on ptolemy.moml.MoMLSimpleApplication@426e9b90
reloadAllAccessors: .CarTracking

===========================================================================================
----------------- testing Sat Jan 04 06:34:25 UTC 2020 /home/travis/build/icyphy/ptII/ptolemy/domains/continuous/test/auto/CartPendulum.xml
----------------- Instantiating /home/travis/build/icyphy/ptII/ptolemy/domains/continuous/test/auto/CartPendulum.xml
331 ms. Memory: 225280K Free: 82237K (37%)
----------------- Invoking toplevel() on ptolemy.moml.MoMLSimpleApplication@536d1eae
----------------- Done invoking toplevel() on ptolemy.moml.MoMLSimpleApplication@536d1eae
reloadAllAccessors: .CartPendulum

===========================================================================================
----------------- testing Sat Jan 04 06:34:26 UTC 2020 /home/travis/build/icyphy/ptII/ptolemy/domains/continuous/test/auto/CausalityInterface10.xml
----------------- Instantiating /home/travis/build/icyphy/ptII/ptolemy/domains/continuous/test/auto/CausalityInterface10.xml
8 ms. Memory: 225280K Free: 204771K (91%)
----------------- Invoking toplevel() on ptolemy.moml.MoMLSimpleApplication@33ba0866
----------------- Done invoking toplevel() on ptolemy.moml.MoMLSimpleApplication@33ba0866
reloadAllAccessors: .CausalityInterface10

===========================================================================================
----------------- testing Sat Jan 04 06:34:26 UTC 2020 /home/travis/build/icyphy/ptII/ptolemy/domains/continuous/test/auto/CausalityInterface11.xml
----------------- Instantiating /home/travis/build/icyphy/ptII/ptolemy/domains/continuous/test/auto/CausalityInterface11.xml
4 ms. Memory: 225280K Free: 198630K (88%)
----------------- Invoking toplevel() on ptolemy.moml.MoMLSimpleApplication@1022be0d
----------------- Done invoking toplevel() on ptolemy.moml.MoMLSimpleApplication@1022be0d
reloadAllAccessors: .CausalityInterface11

===========================================================================================
----------------- testing Sat Jan 04 06:34:26 UTC 2020 /home/travis/build/icyphy/ptII/ptolemy/domains/continuous/test/auto/CausalityInterface12.xml
----------------- Instantiating /home/travis/build/icyphy/ptII/ptolemy/domains/continuous/test/auto/CausalityInterface12.xml
3 ms. Memory: 225280K Free: 192486K (85%)
----------------- Invoking toplevel() on ptolemy.moml.MoMLSimpleApplication@3ea7ffcd
----------------- Done invoking toplevel() on ptolemy.moml.MoMLSimpleApplication@3ea7ffcd
reloadAllAccessors: .CausalityInterface12

===========================================================================================
----------------- testing Sat Jan 04 06:34:26 UTC 2020 /home/travis/build/icyphy/ptII/ptolemy/domains/continuous/test/auto/CausalityInterface13.xml
----------------- Instantiating /home/travis/build/icyphy/ptII/ptolemy/domains/continuous/test/auto/CausalityInterface13.xml
6 ms. Memory: 225280K Free: 186328K (83%)
----------------- Invoking toplevel() on ptolemy.moml.MoMLSimpleApplication@1a4a24c5
----------------- Done invoking toplevel() on ptolemy.moml.MoMLSimpleApplication@1a4a24c5
reloadAllAccessors: .CausalityInterface13

===========================================================================================
----------------- testing Sat Jan 04 06:34:26 UTC 2020 /home/travis/build/icyphy/ptII/ptolemy/domains/continuous/test/auto/CausalityInterface14.xml
----------------- Instantiating /home/travis/build/icyphy/ptII/ptolemy/domains/continuous/test/auto/CausalityInterface14.xml
4 ms. Memory: 225280K Free: 180712K (80%)
----------------- Invoking toplevel() on ptolemy.moml.MoMLSimpleApplication@220c498b
----------------- Done invoking toplevel() on ptolemy.moml.MoMLSimpleApplication@220c498b
reloadAllAccessors: .CausalityInterface14

===========================================================================================
----------------- testing Sat Jan 04 06:34:26 UTC 2020 /home/travis/build/icyphy/ptII/ptolemy/domains/continuous/test/auto/CausalityInterface4.xml
----------------- Instantiating /home/travis/build/icyphy/ptII/ptolemy/domains/continuous/test/auto/CausalityInterface4.xml
3 ms. Memory: 225280K Free: 174040K (77%)
----------------- Invoking toplevel() on ptolemy.moml.MoMLSimpleApplication@2cdaba8
----------------- Done invoking toplevel() on ptolemy.moml.MoMLSimpleApplication@2cdaba8
reloadAllAccessors: .CausalityInterface4

===========================================================================================
----------------- testing Sat Jan 04 06:34:26 UTC 2020 /home/travis/build/icyphy/ptII/ptolemy/domains/continuous/test/auto/CausalityInterface5.xml
----------------- Instantiating /home/travis/build/icyphy/ptII/ptolemy/domains/continuous/test/auto/CausalityInterface5.xml
8 ms. Memory: 225280K Free: 165862K (74%)
----------------- Invoking toplevel() on ptolemy.moml.MoMLSimpleApplication@4741bfa3
----------------- Done invoking toplevel() on ptolemy.moml.MoMLSimpleApplication@4741bfa3
reloadAllAccessors: .CausalityInterface5

===========================================================================================
----------------- testing Sat Jan 04 06:34:26 UTC 2020 /home/travis/build/icyphy/ptII/ptolemy/domains/continuous/test/auto/CausalityInterface6.xml
----------------- Instantiating /home/travis/build/icyphy/ptII/ptolemy/domains/continuous/test/auto/CausalityInterface6.xml
4 ms. Memory: 225280K Free: 160232K (71%)
----------------- Invoking toplevel() on ptolemy.moml.MoMLSimpleApplication@6ddf4ba9
----------------- Done invoking toplevel() on ptolemy.moml.MoMLSimpleApplication@6ddf4ba9
reloadAllAccessors: .CausalityInterface6

===========================================================================================
----------------- testing Sat Jan 04 06:34:26 UTC 2020 /home/travis/build/icyphy/ptII/ptolemy/domains/continuous/test/auto/CausalityInterface7.xml
----------------- Instantiating /home/travis/build/icyphy/ptII/ptolemy/domains/continuous/test/auto/CausalityInterface7.xml
8 ms. Memory: 225280K Free: 151526K (67%)
----------------- Invoking toplevel() on ptolemy.moml.MoMLSimpleApplication@4e0c7e97
----------------- Done invoking toplevel() on ptolemy.moml.MoMLSimpleApplication@4e0c7e97
reloadAllAccessors: .CausalityInterface7

===========================================================================================
----------------- testing Sat Jan 04 06:34:26 UTC 2020 /home/travis/build/icyphy/ptII/ptolemy/domains/continuous/test/auto/CausalityInterface8.xml
----------------- Instantiating /home/travis/build/icyphy/ptII/ptolemy/domains/continuous/test/auto/CausalityInterface8.xml
5 ms. Memory: 225280K Free: 143334K (64%)
----------------- Invoking toplevel() on ptolemy.moml.MoMLSimpleApplication@5afbc564
----------------- Done invoking toplevel() on ptolemy.moml.MoMLSimpleApplication@5afbc564
reloadAllAccessors: .CausalityInterface8

===========================================================================================
----------------- testing Sat Jan 04 06:34:26 UTC 2020 /home/travis/build/icyphy/ptII/ptolemy/domains/continuous/test/auto/CausalityInterface9.xml
----------------- Instantiating /home/travis/build/icyphy/ptII/ptolemy/domains/continuous/test/auto/CausalityInterface9.xml
8 ms. Memory: 225280K Free: 132070K (59%)
----------------- Invoking toplevel() on ptolemy.moml.MoMLSimpleApplication@18280cd9
----------------- Done invoking toplevel() on ptolemy.moml.MoMLSimpleApplication@18280cd9
reloadAllAccessors: .CausalityInterface9

===========================================================================================
----------------- testing Sat Jan 04 06:34:26 UTC 2020 /home/travis/build/icyphy/ptII/ptolemy/domains/continuous/test/auto/CausalityInterfaceFeedback1.xml
----------------- Instantiating /home/travis/build/icyphy/ptII/ptolemy/domains/continuous/test/auto/CausalityInterfaceFeedback1.xml
4 ms. Memory: 225280K Free: 125416K (56%)
----------------- Invoking toplevel() on ptolemy.moml.MoMLSimpleApplication@223ac763
----------------- Done invoking toplevel() on ptolemy.moml.MoMLSimpleApplication@223ac763
reloadAllAccessors: .CausalityInterfaceFeedback1

===========================================================================================
----------------- testing Sat Jan 04 06:34:26 UTC 2020 /home/travis/build/icyphy/ptII/ptolemy/domains/continuous/test/auto/CausalityInterfaceFeedback2.xml
----------------- Instantiating /home/travis/build/icyphy/ptII/ptolemy/domains/continuous/test/auto/CausalityInterfaceFeedback2.xml
5 ms. Memory: 225280K Free: 118744K (53%)
----------------- Invoking toplevel() on ptolemy.moml.MoMLSimpleApplication@1937305e
----------------- Done invoking toplevel() on ptolemy.moml.MoMLSimpleApplication@1937305e
reloadAllAccessors: .CausalityInterfaceFeedback2

===========================================================================================
----------------- testing Sat Jan 04 06:34:26 UTC 2020 /home/travis/build/icyphy/ptII/ptolemy/domains/continuous/test/auto/CompareWithCurrentTime.xml
----------------- Instantiating /home/travis/build/icyphy/ptII/ptolemy/domains/continuous/test/auto/CompareWithCurrentTime.xml
3 ms. Memory: 225280K Free: 114662K (51%)
----------------- Invoking toplevel() on ptolemy.moml.MoMLSimpleApplication@1dd8d69f
----------------- Done invoking toplevel() on ptolemy.moml.MoMLSimpleApplication@1dd8d69f
reloadAllAccessors: .CompareWithCurrentTime

===========================================================================================
----------------- testing Sat Jan 04 06:34:26 UTC 2020 /home/travis/build/icyphy/ptII/ptolemy/domains/continuous/test/auto/ComparedClocks.xml
----------------- Instantiating /home/travis/build/icyphy/ptII/ptolemy/domains/continuous/test/auto/ComparedClocks.xml
10 ms. Memory: 225280K Free: 99288K (44%)
----------------- Invoking toplevel() on ptolemy.moml.MoMLSimpleApplication@75836c9e
----------------- Done invoking toplevel() on ptolemy.moml.MoMLSimpleApplication@75836c9e
reloadAllAccessors: .ComparedClocks

===========================================================================================
----------------- testing Sat Jan 04 06:34:26 UTC 2020 /home/travis/build/icyphy/ptII/ptolemy/domains/continuous/test/auto/ContinuousAOCClone.xml
----------------- Instantiating /home/travis/build/icyphy/ptII/ptolemy/domains/continuous/test/auto/ContinuousAOCClone.xml
2524 ms. Memory: 270336K Free: 194854K (72%)
----------------- Invoking toplevel() on ptolemy.moml.MoMLSimpleApplication@6f151030
----------------- Done invoking toplevel() on ptolemy.moml.MoMLSimpleApplication@6f151030
reloadAllAccessors: .ContinuousAOCClone

===========================================================================================
----------------- testing Sat Jan 04 06:34:29 UTC 2020 /home/travis/build/icyphy/ptII/ptolemy/domains/continuous/test/auto/ContinuousClock.xml
----------------- Instantiating /home/travis/build/icyphy/ptII/ptolemy/domains/continuous/test/auto/ContinuousClock.xml
32 ms. Memory: 270336K Free: 172830K (64%)
----------------- Invoking toplevel() on ptolemy.moml.MoMLSimpleApplication@29e87c8c
----------------- Done invoking toplevel() on ptolemy.moml.MoMLSimpleApplication@29e87c8c
reloadAllAccessors: .ContinuousClock

===========================================================================================
----------------- testing Sat Jan 04 06:34:29 UTC 2020 /home/travis/build/icyphy/ptII/ptolemy/domains/continuous/test/auto/ContinuousInContinuous.xml
----------------- Instantiating /home/travis/build/icyphy/ptII/ptolemy/domains/continuous/test/auto/ContinuousInContinuous.xml
41 ms. Memory: 270336K Free: 149270K (55%)
----------------- Invoking toplevel() on ptolemy.moml.MoMLSimpleApplication@64f32c7e
----------------- Done invoking toplevel() on ptolemy.moml.MoMLSimpleApplication@64f32c7e
reloadAllAccessors: .ContinuousInContinuous

===========================================================================================
----------------- testing Sat Jan 04 06:34:29 UTC 2020 /home/travis/build/icyphy/ptII/ptolemy/domains/continuous/test/auto/ContinuousInContinuousInContinuous.xml
----------------- Instantiating /home/travis/build/icyphy/ptII/ptolemy/domains/continuous/test/auto/ContinuousInContinuousInContinuous.xml
6 ms. Memory: 270336K Free: 141092K (52%)
----------------- Invoking toplevel() on ptolemy.moml.MoMLSimpleApplication@4326615e
----------------- Done invoking toplevel() on ptolemy.moml.MoMLSimpleApplication@4326615e
reloadAllAccessors: .ContinuousInContinuousInContinuous

===========================================================================================
----------------- testing Sat Jan 04 06:34:29 UTC 2020 /home/travis/build/icyphy/ptII/ptolemy/domains/continuous/test/auto/ContinuousInDE.xml
----------------- Instantiating /home/travis/build/icyphy/ptII/ptolemy/domains/continuous/test/auto/ContinuousInDE.xml
88 ms. Memory: 270336K Free: 130342K (48%)
----------------- Invoking toplevel() on ptolemy.moml.MoMLSimpleApplication@76f6faef
----------------- Done invoking toplevel() on ptolemy.moml.MoMLSimpleApplication@76f6faef
reloadAllAccessors: .ContinuousInDE

===========================================================================================
----------------- testing Sat Jan 04 06:34:29 UTC 2020 /home/travis/build/icyphy/ptII/ptolemy/domains/continuous/test/auto/ContinuousInDE2.xml
----------------- Instantiating /home/travis/build/icyphy/ptII/ptolemy/domains/continuous/test/auto/ContinuousInDE2.xml
32 ms. Memory: 270336K Free: 120612K (45%)
----------------- Invoking toplevel() on ptolemy.moml.MoMLSimpleApplication@713c9b6e
----------------- Done invoking toplevel() on ptolemy.moml.MoMLSimpleApplication@713c9b6e
reloadAllAccessors: .ContinuousInDE2

===========================================================================================
----------------- testing Sat Jan 04 06:34:30 UTC 2020 /home/travis/build/icyphy/ptII/ptolemy/domains/continuous/test/auto/ContinuousInDE3.xml
----------------- Instantiating /home/travis/build/icyphy/ptII/ptolemy/domains/continuous/test/auto/ContinuousInDE3.xml
28 ms. Memory: 270336K Free: 110886K (41%)
----------------- Invoking toplevel() on ptolemy.moml.MoMLSimpleApplication@1ec5671f
----------------- Done invoking toplevel() on ptolemy.moml.MoMLSimpleApplication@1ec5671f
reloadAllAccessors: .ContinuousInDE3

===========================================================================================
----------------- testing Sat Jan 04 06:34:30 UTC 2020 /home/travis/build/icyphy/ptII/ptolemy/domains/continuous/test/auto/ContinuousInDE4.xml
----------------- Instantiating /home/travis/build/icyphy/ptII/ptolemy/domains/continuous/test/auto/ContinuousInDE4.xml
13 ms. Memory: 270336K Free: 104742K (39%)
----------------- Invoking toplevel() on ptolemy.moml.MoMLSimpleApplication@242a2854
----------------- Done invoking toplevel() on ptolemy.moml.MoMLSimpleApplication@242a2854
reloadAllAccessors: .ContinuousInDE4

===========================================================================================
----------------- testing Sat Jan 04 06:34:30 UTC 2020 /home/travis/build/icyphy/ptII/ptolemy/domains/continuous/test/auto/ContinuousInDEDifferentRefinements.xml
----------------- Instantiating /home/travis/build/icyphy/ptII/ptolemy/domains/continuous/test/auto/ContinuousInDEDifferentRefinements.xml
55 ms. Memory: 270336K Free: 234747K (87%)
----------------- Invoking toplevel() on ptolemy.moml.MoMLSimpleApplication@5cf70c0b
----------------- Done invoking toplevel() on ptolemy.moml.MoMLSimpleApplication@5cf70c0b
reloadAllAccessors: .ContinuousInDEDifferentRefinements

===========================================================================================
----------------- testing Sat Jan 04 06:34:30 UTC 2020 /home/travis/build/icyphy/ptII/ptolemy/domains/continuous/test/auto/ContinuousInDEDifferentRefinementsPreemptive.xml
----------------- Instantiating /home/travis/build/icyphy/ptII/ptolemy/domains/continuous/test/auto/ContinuousInDEDifferentRefinementsPreemptive.xml
44 ms. Memory: 270336K Free: 204027K (75%)
----------------- Invoking toplevel() on ptolemy.moml.MoMLSimpleApplication@775d9d6d
----------------- Done invoking toplevel() on ptolemy.moml.MoMLSimpleApplication@775d9d6d
reloadAllAccessors: .ContinuousInDEDifferentRefinementsPreemptive

===========================================================================================
----------------- testing Sat Jan 04 06:34:30 UTC 2020 /home/travis/build/icyphy/ptII/ptolemy/domains/continuous/test/auto/ContinuousInDEInContinuous2.xml
----------------- Instantiating /home/travis/build/icyphy/ptII/ptolemy/domains/continuous/test/auto/ContinuousInDEInContinuous2.xml
35 ms. Memory: 270336K Free: 192763K (71%)
----------------- Invoking toplevel() on ptolemy.moml.MoMLSimpleApplication@47d719f1
----------------- Done invoking toplevel() on ptolemy.moml.MoMLSimpleApplication@47d719f1
reloadAllAccessors: .ContinuousInDEInContinuous2

===========================================================================================
----------------- testing Sat Jan 04 06:34:30 UTC 2020 /home/travis/build/icyphy/ptII/ptolemy/domains/continuous/test/auto/ContinuousInDEInContinuous3.xml
----------------- Instantiating /home/travis/build/icyphy/ptII/ptolemy/domains/continuous/test/auto/ContinuousInDEInContinuous3.xml
29 ms. Memory: 270336K Free: 180475K (67%)
----------------- Invoking toplevel() on ptolemy.moml.MoMLSimpleApplication@24fabe13
----------------- Done invoking toplevel() on ptolemy.moml.MoMLSimpleApplication@24fabe13
reloadAllAccessors: .ContinuousInDEInContinuous3

===========================================================================================
----------------- testing Sat Jan 04 06:34:30 UTC 2020 /home/travis/build/icyphy/ptII/ptolemy/domains/continuous/test/auto/ContinuousInDEInput.xml
----------------- Instantiating /home/travis/build/icyphy/ptII/ptolemy/domains/continuous/test/auto/ContinuousInDEInput.xml
13 ms. Memory: 270336K Free: 173307K (64%)
----------------- Invoking toplevel() on ptolemy.moml.MoMLSimpleApplication@4f6134c
----------------- Done invoking toplevel() on ptolemy.moml.MoMLSimpleApplication@4f6134c
reloadAllAccessors: .ContinuousInDEInput

===========================================================================================
----------------- testing Sat Jan 04 06:34:30 UTC 2020 /home/travis/build/icyphy/ptII/ptolemy/domains/continuous/test/auto/ContinuousInDEInput2.xml
----------------- Instantiating /home/travis/build/icyphy/ptII/ptolemy/domains/continuous/test/auto/ContinuousInDEInput2.xml
9 ms. Memory: 270336K Free: 166139K (61%)
----------------- Invoking toplevel() on ptolemy.moml.MoMLSimpleApplication@22d48d8
----------------- Done invoking toplevel() on ptolemy.moml.MoMLSimpleApplication@22d48d8
reloadAllAccessors: .ContinuousInDEInput2

===========================================================================================
----------------- testing Sat Jan 04 06:34:30 UTC 2020 /home/travis/build/icyphy/ptII/ptolemy/domains/continuous/test/auto/ContinuousInDEInput3.xml
----------------- Instantiating /home/travis/build/icyphy/ptII/ptolemy/domains/continuous/test/auto/ContinuousInDEInput3.xml
11 ms. Memory: 270336K Free: 158457K (59%)
----------------- Invoking toplevel() on ptolemy.moml.MoMLSimpleApplication@452f3988
----------------- Done invoking toplevel() on ptolemy.moml.MoMLSimpleApplication@452f3988
reloadAllAccessors: .ContinuousInDEInput3

===========================================================================================
----------------- testing Sat Jan 04 06:34:30 UTC 2020 /home/travis/build/icyphy/ptII/ptolemy/domains/continuous/test/auto/ContinuousInDESharingRefinement.xml
----------------- Instantiating /home/travis/build/icyphy/ptII/ptolemy/domains/continuous/test/auto/ContinuousInDESharingRefinement.xml
136 ms. Memory: 270336K Free: 225121K (83%)
----------------- Invoking toplevel() on ptolemy.moml.MoMLSimpleApplication@13699f9d
----------------- Done invoking toplevel() on ptolemy.moml.MoMLSimpleApplication@13699f9d
reloadAllAccessors: .ContinuousInDESharingRefinement

===========================================================================================
----------------- testing Sat Jan 04 06:34:30 UTC 2020 /home/travis/build/icyphy/ptII/ptolemy/domains/continuous/test/auto/ContinuousInDEwithNoPorts.xml
----------------- Instantiating /home/travis/build/icyphy/ptII/ptolemy/domains/continuous/test/auto/ContinuousInDEwithNoPorts.xml
5 ms. Memory: 270336K Free: 220545K (82%)
----------------- Invoking toplevel() on ptolemy.moml.MoMLSimpleApplication@1d71b443
----------------- Done invoking toplevel() on ptolemy.moml.MoMLSimpleApplication@1d71b443
reloadAllAccessors: .ContinuousInDEwithNoPorts

===========================================================================================
----------------- testing Sat Jan 04 06:34:30 UTC 2020 /home/travis/build/icyphy/ptII/ptolemy/domains/continuous/test/auto/ContinuousInsideDE.xml
----------------- Instantiating /home/travis/build/icyphy/ptII/ptolemy/domains/continuous/test/auto/ContinuousInsideDE.xml
25 ms. Memory: 270336K Free: 209281K (77%)
----------------- Invoking toplevel() on ptolemy.moml.MoMLSimpleApplication@7cf382b4
----------------- Done invoking toplevel() on ptolemy.moml.MoMLSimpleApplication@7cf382b4
reloadAllAccessors: .ContinuousInsideDE

===========================================================================================
----------------- testing Sat Jan 04 06:34:30 UTC 2020 /home/travis/build/icyphy/ptII/ptolemy/domains/continuous/test/auto/ContinuousMerge1.xml
----------------- Instantiating /home/travis/build/icyphy/ptII/ptolemy/domains/continuous/test/auto/ContinuousMerge1.xml
2 ms. Memory: 270336K Free: 204641K (76%)
----------------- Invoking toplevel() on ptolemy.moml.MoMLSimpleApplication@7e09c894
----------------- Done invoking toplevel() on ptolemy.moml.MoMLSimpleApplication@7e09c894
reloadAllAccessors: .ContinuousMerge1

===========================================================================================
----------------- testing Sat Jan 04 06:34:30 UTC 2020 /home/travis/build/icyphy/ptII/ptolemy/domains/continuous/test/auto/ContinuousMerge2.xml
----------------- Instantiating /home/travis/build/icyphy/ptII/ptolemy/domains/continuous/test/auto/ContinuousMerge2.xml
10 ms. Memory: 270336K Free: 194431K (72%)
----------------- Invoking toplevel() on ptolemy.moml.MoMLSimpleApplication@1d0e9c98
----------------- Done invoking toplevel() on ptolemy.moml.MoMLSimpleApplication@1d0e9c98
reloadAllAccessors: .ContinuousMerge2

===========================================================================================
----------------- testing Sat Jan 04 06:34:30 UTC 2020 /home/travis/build/icyphy/ptII/ptolemy/domains/continuous/test/auto/ContinuousMerge3.xml
----------------- Instantiating /home/travis/build/icyphy/ptII/ptolemy/domains/continuous/test/auto/ContinuousMerge3.xml
30 ms. Memory: 270336K Free: 183681K (68%)
----------------- Invoking toplevel() on ptolemy.moml.MoMLSimpleApplication@5389c22b
----------------- Done invoking toplevel() on ptolemy.moml.MoMLSimpleApplication@5389c22b
reloadAllAccessors: .ContinuousMerge3

===========================================================================================
----------------- testing Sat Jan 04 06:34:30 UTC 2020 /home/travis/build/icyphy/ptII/ptolemy/domains/continuous/test/auto/ContinuousWithinContinuous.xml
----------------- Instantiating /home/travis/build/icyphy/ptII/ptolemy/domains/continuous/test/auto/ContinuousWithinContinuous.xml
25 ms. Memory: 270336K Free: 173951K (64%)
----------------- Invoking toplevel() on ptolemy.moml.MoMLSimpleApplication@2a629915
----------------- Done invoking toplevel() on ptolemy.moml.MoMLSimpleApplication@2a629915
reloadAllAccessors: .ContinuousWithinContinuous

===========================================================================================
----------------- testing Sat Jan 04 06:34:30 UTC 2020 /home/travis/build/icyphy/ptII/ptolemy/domains/continuous/test/auto/ContinuousWithinContinuous2.xml
----------------- Instantiating /home/travis/build/icyphy/ptII/ptolemy/domains/continuous/test/auto/ContinuousWithinContinuous2.xml
45 ms. Memory: 270336K Free: 163201K (60%)
----------------- Invoking toplevel() on ptolemy.moml.MoMLSimpleApplication@34d908d5
----------------- Done invoking toplevel() on ptolemy.moml.MoMLSimpleApplication@34d908d5
reloadAllAccessors: .ContinuousWithinContinuous2

===========================================================================================
----------------- testing Sat Jan 04 06:34:30 UTC 2020 /home/travis/build/icyphy/ptII/ptolemy/domains/continuous/test/auto/ContinuousWithinContinuous3.xml
----------------- Instantiating /home/travis/build/icyphy/ptII/ptolemy/domains/continuous/test/auto/ContinuousWithinContinuous3.xml
9 ms. Memory: 270336K Free: 156033K (58%)
----------------- Invoking toplevel() on ptolemy.moml.MoMLSimpleApplication@18c40bb1
----------------- Done invoking toplevel() on ptolemy.moml.MoMLSimpleApplication@18c40bb1
reloadAllAccessors: .ContinuousWithinContinuous3

===========================================================================================
----------------- testing Sat Jan 04 06:34:30 UTC 2020 /home/travis/build/icyphy/ptII/ptolemy/domains/continuous/test/auto/ContinuousWithinContinuous4.xml
----------------- Instantiating /home/travis/build/icyphy/ptII/ptolemy/domains/continuous/test/auto/ContinuousWithinContinuous4.xml
54 ms. Memory: 270336K Free: 143745K (53%)
----------------- Invoking toplevel() on ptolemy.moml.MoMLSimpleApplication@7568a6de
----------------- Done invoking toplevel() on ptolemy.moml.MoMLSimpleApplication@7568a6de
reloadAllAccessors: .ContinuousWithinContinuous4

===========================================================================================
----------------- testing Sat Jan 04 06:34:31 UTC 2020 /home/travis/build/icyphy/ptII/ptolemy/domains/continuous/test/auto/ContinuousWithinContinuous5.xml
----------------- Instantiating /home/travis/build/icyphy/ptII/ptolemy/domains/continuous/test/auto/ContinuousWithinContinuous5.xml
9 ms. Memory: 270336K Free: 136577K (51%)
----------------- Invoking toplevel() on ptolemy.moml.MoMLSimpleApplication@1ad71a
----------------- Done invoking toplevel() on ptolemy.moml.MoMLSimpleApplication@1ad71a
reloadAllAccessors: .ContinuousWithinContinuous5

===========================================================================================
----------------- testing Sat Jan 04 06:34:31 UTC 2020 /home/travis/build/icyphy/ptII/ptolemy/domains/continuous/test/auto/ContinuousWithinContinuous6.xml
----------------- Instantiating /home/travis/build/icyphy/ptII/ptolemy/domains/continuous/test/auto/ContinuousWithinContinuous6.xml
9 ms. Memory: 270336K Free: 129409K (48%)
----------------- Invoking toplevel() on ptolemy.moml.MoMLSimpleApplication@4aa09ede
----------------- Done invoking toplevel() on ptolemy.moml.MoMLSimpleApplication@4aa09ede
reloadAllAccessors: .ContinuousWithinContinuous6

===========================================================================================
----------------- testing Sat Jan 04 06:34:31 UTC 2020 /home/travis/build/icyphy/ptII/ptolemy/domains/continuous/test/auto/ContinuousWithinContinuous7.xml
----------------- Instantiating /home/travis/build/icyphy/ptII/ptolemy/domains/continuous/test/auto/ContinuousWithinContinuous7.xml
43 ms. Memory: 270336K Free: 118655K (44%)
----------------- Invoking toplevel() on ptolemy.moml.MoMLSimpleApplication@783c711d
----------------- Done invoking toplevel() on ptolemy.moml.MoMLSimpleApplication@783c711d
reloadAllAccessors: .ContinuousWithinContinuous7

===========================================================================================
----------------- testing Sat Jan 04 06:34:31 UTC 2020 /home/travis/build/icyphy/ptII/ptolemy/domains/continuous/test/auto/DCMotor.xml
----------------- Instantiating /home/travis/build/icyphy/ptII/ptolemy/domains/continuous/test/auto/DCMotor.xml
11469 ms. Memory: 270336K Free: 253838K (94%)
----------------- Invoking toplevel() on ptolemy.moml.MoMLSimpleApplication@4c944c3
----------------- Done invoking toplevel() on ptolemy.moml.MoMLSimpleApplication@4c944c3
reloadAllAccessors: .DCMotor

===========================================================================================
----------------- testing Sat Jan 04 06:34:42 UTC 2020 /home/travis/build/icyphy/ptII/ptolemy/domains/continuous/test/auto/DEInContinuous.xml
----------------- Instantiating /home/travis/build/icyphy/ptII/ptolemy/domains/continuous/test/auto/DEInContinuous.xml
13 ms. Memory: 270336K Free: 247694K (92%)
----------------- Invoking toplevel() on ptolemy.moml.MoMLSimpleApplication@19c4f646
----------------- Done invoking toplevel() on ptolemy.moml.MoMLSimpleApplication@19c4f646
reloadAllAccessors: .DEInContinuous

===========================================================================================
----------------- testing Sat Jan 04 06:34:42 UTC 2020 /home/travis/build/icyphy/ptII/ptolemy/domains/continuous/test/auto/DEinContinuous2.xml
----------------- Instantiating /home/travis/build/icyphy/ptII/ptolemy/domains/continuous/test/auto/DEinContinuous2.xml
6 ms. Memory: 270336K Free: 240012K (89%)
----------------- Invoking toplevel() on ptolemy.moml.MoMLSimpleApplication@71cd4322
----------------- Done invoking toplevel() on ptolemy.moml.MoMLSimpleApplication@71cd4322
reloadAllAccessors: .DEinContinuous2

===========================================================================================
----------------- testing Sat Jan 04 06:34:42 UTC 2020 /home/travis/build/icyphy/ptII/ptolemy/domains/continuous/test/auto/Derivative.xml
----------------- Instantiating /home/travis/build/icyphy/ptII/ptolemy/domains/continuous/test/auto/Derivative.xml
131 ms. Memory: 270336K Free: 210830K (78%)
----------------- Invoking toplevel() on ptolemy.moml.MoMLSimpleApplication@69cfa1be
----------------- Done invoking toplevel() on ptolemy.moml.MoMLSimpleApplication@69cfa1be
reloadAllAccessors: .Derivative2

===========================================================================================
----------------- testing Sat Jan 04 06:34:42 UTC 2020 /home/travis/build/icyphy/ptII/ptolemy/domains/continuous/test/auto/Derivative1.xml
----------------- Instantiating /home/travis/build/icyphy/ptII/ptolemy/domains/continuous/test/auto/Derivative1.xml
14 ms. Memory: 270336K Free: 196494K (73%)
----------------- Invoking toplevel() on ptolemy.moml.MoMLSimpleApplication@52c5f3e3
----------------- Done invoking toplevel() on ptolemy.moml.MoMLSimpleApplication@52c5f3e3
reloadAllAccessors: .Derivative1

===========================================================================================
----------------- testing Sat Jan 04 06:34:42 UTC 2020 /home/travis/build/icyphy/ptII/ptolemy/domains/continuous/test/auto/DiscreteClock.xml
----------------- Instantiating /home/travis/build/icyphy/ptII/ptolemy/domains/continuous/test/auto/DiscreteClock.xml
4 ms. Memory: 270336K Free: 191374K (71%)
----------------- Invoking toplevel() on ptolemy.moml.MoMLSimpleApplication@59d637d5
----------------- Done invoking toplevel() on ptolemy.moml.MoMLSimpleApplication@59d637d5
reloadAllAccessors: .DiscreteClock

===========================================================================================
----------------- testing Sat Jan 04 06:34:43 UTC 2020 /home/travis/build/icyphy/ptII/ptolemy/domains/continuous/test/auto/EfficiencyCurve.xml
----------------- Instantiating /home/travis/build/icyphy/ptII/ptolemy/domains/continuous/test/auto/EfficiencyCurve.xml
65 ms. Memory: 270336K Free: 182158K (67%)
----------------- Invoking toplevel() on ptolemy.moml.MoMLSimpleApplication@60e96f75
----------------- Done invoking toplevel() on ptolemy.moml.MoMLSimpleApplication@60e96f75
reloadAllAccessors: .EfficiencyCurve

===========================================================================================
----------------- testing Sat Jan 04 06:34:43 UTC 2020 /home/travis/build/icyphy/ptII/ptolemy/domains/continuous/test/auto/ExponentialResponse.xml
----------------- Instantiating /home/travis/build/icyphy/ptII/ptolemy/domains/continuous/test/auto/ExponentialResponse.xml
89 ms. Memory: 270336K Free: 166284K (62%)
----------------- Invoking toplevel() on ptolemy.moml.MoMLSimpleApplication@7edb90c
----------------- Done invoking toplevel() on ptolemy.moml.MoMLSimpleApplication@7edb90c
reloadAllAccessors: .ExponentialResponse

===========================================================================================
----------------- testing Sat Jan 04 06:34:43 UTC 2020 /home/travis/build/icyphy/ptII/ptolemy/domains/continuous/test/auto/ExponentialResponseRK45.xml
----------------- Instantiating /home/travis/build/icyphy/ptII/ptolemy/domains/continuous/test/auto/ExponentialResponseRK45.xml
20 ms. Memory: 270336K Free: 159630K (59%)
----------------- Invoking toplevel() on ptolemy.moml.MoMLSimpleApplication@48c8ecb7
----------------- Done invoking toplevel() on ptolemy.moml.MoMLSimpleApplication@48c8ecb7
reloadAllAccessors: .ExponentialResponseRK45

===========================================================================================
----------------- testing Sat Jan 04 06:34:43 UTC 2020 /home/travis/build/icyphy/ptII/ptolemy/domains/continuous/test/auto/Friction.xml
----------------- Instantiating /home/travis/build/icyphy/ptII/ptolemy/domains/continuous/test/auto/Friction.xml
1345 ms. Memory: 270336K Free: 214217K (79%)
----------------- Invoking toplevel() on ptolemy.moml.MoMLSimpleApplication@5e900383
----------------- Done invoking toplevel() on ptolemy.moml.MoMLSimpleApplication@5e900383
reloadAllAccessors: .Friction

===========================================================================================
----------------- testing Sat Jan 04 06:34:44 UTC 2020 /home/travis/build/icyphy/ptII/ptolemy/domains/continuous/test/auto/FurutaPendulum.xml
----------------- Instantiating /home/travis/build/icyphy/ptII/ptolemy/domains/continuous/test/auto/FurutaPendulum.xml
2795 ms. Memory: 270336K Free: 185935K (69%)
----------------- Invoking toplevel() on ptolemy.moml.MoMLSimpleApplication@880cc26
----------------- Done invoking toplevel() on ptolemy.moml.MoMLSimpleApplication@880cc26
reloadAllAccessors: .FurutaPendulum

===========================================================================================
----------------- testing Sat Jan 04 06:34:47 UTC 2020 /home/travis/build/icyphy/ptII/ptolemy/domains/continuous/test/auto/HierarchicalExecution.xml
----------------- Instantiating /home/travis/build/icyphy/ptII/ptolemy/domains/continuous/test/auto/HierarchicalExecution.xml
1496 ms. Memory: 324608K Free: 266662K (82%)
----------------- Invoking toplevel() on ptolemy.moml.MoMLSimpleApplication@1003dcca
----------------- Done invoking toplevel() on ptolemy.moml.MoMLSimpleApplication@1003dcca
reloadAllAccessors: .HierarchicalExecution

===========================================================================================
----------------- testing Sat Jan 04 06:34:49 UTC 2020 /home/travis/build/icyphy/ptII/ptolemy/domains/continuous/test/auto/HybridPlant.xml
----------------- Instantiating /home/travis/build/icyphy/ptII/ptolemy/domains/continuous/test/auto/HybridPlant.xml
474 ms. Memory: 324608K Free: 195462K (60%)
----------------- Invoking toplevel() on ptolemy.moml.MoMLSimpleApplication@5d22c427
----------------- Done invoking toplevel() on ptolemy.moml.MoMLSimpleApplication@5d22c427
reloadAllAccessors: .HybridPlant

===========================================================================================
----------------- testing Sat Jan 04 06:34:49 UTC 2020 /home/travis/build/icyphy/ptII/ptolemy/domains/continuous/test/auto/Hysteresis.xml
----------------- Instantiating /home/travis/build/icyphy/ptII/ptolemy/domains/continuous/test/auto/Hysteresis.xml
135 ms. Memory: 324608K Free: 132998K (41%)
----------------- Invoking toplevel() on ptolemy.moml.MoMLSimpleApplication@46acb20a
----------------- Done invoking toplevel() on ptolemy.moml.MoMLSimpleApplication@46acb20a
reloadAllAccessors: .Hysteresis

===========================================================================================
----------------- testing Sat Jan 04 06:34:50 UTC 2020 /home/travis/build/icyphy/ptII/ptolemy/domains/continuous/test/auto/HysteresisWithRandomDelay.xml
----------------- Instantiating /home/travis/build/icyphy/ptII/ptolemy/domains/continuous/test/auto/HysteresisWithRandomDelay.xml
166 ms. Memory: 324608K Free: 254439K (78%)
----------------- Invoking toplevel() on ptolemy.moml.MoMLSimpleApplication@1c127e3c
----------------- Done invoking toplevel() on ptolemy.moml.MoMLSimpleApplication@1c127e3c
reloadAllAccessors: .HysteresisWithRandomDelay

===========================================================================================
----------------- testing Sat Jan 04 06:34:50 UTC 2020 /home/travis/build/icyphy/ptII/ptolemy/domains/continuous/test/auto/HysteresisWithRandomLosses.xml
----------------- Instantiating /home/travis/build/icyphy/ptII/ptolemy/domains/continuous/test/auto/HysteresisWithRandomLosses.xml
2179 ms. Memory: 324608K Free: 274466K (85%)
----------------- Invoking toplevel() on ptolemy.moml.MoMLSimpleApplication@5bc819b5
----------------- Done invoking toplevel() on ptolemy.moml.MoMLSimpleApplication@5bc819b5
reloadAllAccessors: .HysteresisWithRandomLosses

===========================================================================================
----------------- testing Sat Jan 04 06:34:52 UTC 2020 /home/travis/build/icyphy/ptII/ptolemy/domains/continuous/test/auto/ImmediateTransitions.xml
----------------- Instantiating /home/travis/build/icyphy/ptII/ptolemy/domains/continuous/test/auto/ImmediateTransitions.xml
9 ms. Memory: 324608K Free: 263746K (81%)
----------------- Invoking toplevel() on ptolemy.moml.MoMLSimpleApplication@7b8942ea
----------------- Done invoking toplevel() on ptolemy.moml.MoMLSimpleApplication@7b8942ea
reloadAllAccessors: .ImmediateTransitions

===========================================================================================
----------------- testing Sat Jan 04 06:34:52 UTC 2020 /home/travis/build/icyphy/ptII/ptolemy/domains/continuous/test/auto/ImpulseFeedback.xml
----------------- Instantiating /home/travis/build/icyphy/ptII/ptolemy/domains/continuous/test/auto/ImpulseFeedback.xml
6 ms. Memory: 324608K Free: 257602K (79%)
----------------- Invoking toplevel() on ptolemy.moml.MoMLSimpleApplication@438b4984
----------------- Done invoking toplevel() on ptolemy.moml.MoMLSimpleApplication@438b4984
reloadAllAccessors: .ImpulseFeedback

===========================================================================================
----------------- testing Sat Jan 04 06:34:52 UTC 2020 /home/travis/build/icyphy/ptII/ptolemy/domains/continuous/test/auto/ImpulseFeedback2.xml
----------------- Instantiating /home/travis/build/icyphy/ptII/ptolemy/domains/continuous/test/auto/ImpulseFeedback2.xml
7 ms. Memory: 324608K Free: 251968K (78%)
----------------- Invoking toplevel() on ptolemy.moml.MoMLSimpleApplication@3607fe26
----------------- Done invoking toplevel() on ptolemy.moml.MoMLSimpleApplication@3607fe26
reloadAllAccessors: .ImpulseFeedback2

===========================================================================================
----------------- testing Sat Jan 04 06:34:52 UTC 2020 /home/travis/build/icyphy/ptII/ptolemy/domains/continuous/test/auto/IncreasingRatePoisson.xml
----------------- Instantiating /home/travis/build/icyphy/ptII/ptolemy/domains/continuous/test/auto/IncreasingRatePoisson.xml
686 ms. Memory: 324608K Free: 132357K (41%)
----------------- Invoking toplevel() on ptolemy.moml.MoMLSimpleApplication@3d2a1198
----------------- Done invoking toplevel() on ptolemy.moml.MoMLSimpleApplication@3d2a1198
reloadAllAccessors: .IncreasingRatePoisson

===========================================================================================
----------------- testing Sat Jan 04 06:34:53 UTC 2020 /home/travis/build/icyphy/ptII/ptolemy/domains/continuous/test/auto/InitialStateFeedback.xml
----------------- Instantiating /home/travis/build/icyphy/ptII/ptolemy/domains/continuous/test/auto/InitialStateFeedback.xml
3 ms. Memory: 324608K Free: 127747K (39%)
----------------- Invoking toplevel() on ptolemy.moml.MoMLSimpleApplication@64f4054
----------------- Done invoking toplevel() on ptolemy.moml.MoMLSimpleApplication@64f4054
reloadAllAccessors: .InitialStateFeedback

===========================================================================================
----------------- testing Sat Jan 04 06:34:53 UTC 2020 /home/travis/build/icyphy/ptII/ptolemy/domains/continuous/test/auto/Integration.xml
----------------- Instantiating /home/travis/build/icyphy/ptII/ptolemy/domains/continuous/test/auto/Integration.xml
4 ms. Memory: 324608K Free: 123651K (38%)
----------------- Invoking toplevel() on ptolemy.moml.MoMLSimpleApplication@438717da
----------------- Done invoking toplevel() on ptolemy.moml.MoMLSimpleApplication@438717da
reloadAllAccessors: .Integration

===========================================================================================
----------------- testing Sat Jan 04 06:34:53 UTC 2020 /home/travis/build/icyphy/ptII/ptolemy/domains/continuous/test/auto/Integration2.xml
----------------- Instantiating /home/travis/build/icyphy/ptII/ptolemy/domains/continuous/test/auto/Integration2.xml
74 ms. Memory: 324608K Free: 302841K (93%)
----------------- Invoking toplevel() on ptolemy.moml.MoMLSimpleApplication@7a8943ed
----------------- Done invoking toplevel() on ptolemy.moml.MoMLSimpleApplication@7a8943ed
reloadAllAccessors: .Integration2

===========================================================================================
----------------- testing Sat Jan 04 06:34:53 UTC 2020 /home/travis/build/icyphy/ptII/ptolemy/domains/continuous/test/auto/Integration3.xml
----------------- Instantiating /home/travis/build/icyphy/ptII/ptolemy/domains/continuous/test/auto/Integration3.xml
2 ms. Memory: 324608K Free: 297824K (92%)
----------------- Invoking toplevel() on ptolemy.moml.MoMLSimpleApplication@285e0c3a
----------------- Done invoking toplevel() on ptolemy.moml.MoMLSimpleApplication@285e0c3a
reloadAllAccessors: .Integration3

===========================================================================================
----------------- testing Sat Jan 04 06:34:53 UTC 2020 /home/travis/build/icyphy/ptII/ptolemy/domains/continuous/test/auto/Integration5.xml
----------------- Instantiating /home/travis/build/icyphy/ptII/ptolemy/domains/continuous/test/auto/Integration5.xml
2 ms. Memory: 324608K Free: 293728K (90%)
----------------- Invoking toplevel() on ptolemy.moml.MoMLSimpleApplication@5b2e171
----------------- Done invoking toplevel() on ptolemy.moml.MoMLSimpleApplication@5b2e171
reloadAllAccessors: .Integration5

===========================================================================================
----------------- testing Sat Jan 04 06:34:53 UTC 2020 /home/travis/build/icyphy/ptII/ptolemy/domains/continuous/test/auto/IntegratorImpulse.xml
----------------- Instantiating /home/travis/build/icyphy/ptII/ptolemy/domains/continuous/test/auto/IntegratorImpulse.xml
2 ms. Memory: 324608K Free: 289632K (89%)
----------------- Invoking toplevel() on ptolemy.moml.MoMLSimpleApplication@2766736e
----------------- Done invoking toplevel() on ptolemy.moml.MoMLSimpleApplication@2766736e
reloadAllAccessors: .IntegratorImpulse

===========================================================================================
----------------- testing Sat Jan 04 06:34:53 UTC 2020 /home/travis/build/icyphy/ptII/ptolemy/domains/continuous/test/auto/IntegratorImpulse2.xml
----------------- Instantiating /home/travis/build/icyphy/ptII/ptolemy/domains/continuous/test/auto/IntegratorImpulse2.xml
3 ms. Memory: 324608K Free: 285026K (88%)
----------------- Invoking toplevel() on ptolemy.moml.MoMLSimpleApplication@21ece01c
----------------- Done invoking toplevel() on ptolemy.moml.MoMLSimpleApplication@21ece01c
reloadAllAccessors: .IntegratorImpulse2

===========================================================================================
----------------- testing Sat Jan 04 06:34:53 UTC 2020 /home/travis/build/icyphy/ptII/ptolemy/domains/continuous/test/auto/LevelCrossing1.xml
----------------- Instantiating /home/travis/build/icyphy/ptII/ptolemy/domains/continuous/test/auto/LevelCrossing1.xml
2 ms. Memory: 324608K Free: 279906K (86%)
----------------- Invoking toplevel() on ptolemy.moml.MoMLSimpleApplication@594062a7
----------------- Done invoking toplevel() on ptolemy.moml.MoMLSimpleApplication@594062a7
reloadAllAccessors: .LevelCrossing1

===========================================================================================
----------------- testing Sat Jan 04 06:34:53 UTC 2020 /home/travis/build/icyphy/ptII/ptolemy/domains/continuous/test/auto/LevelCrossing2.xml
----------------- Instantiating /home/travis/build/icyphy/ptII/ptolemy/domains/continuous/test/auto/LevelCrossing2.xml
2 ms. Memory: 324608K Free: 274786K (85%)
----------------- Invoking toplevel() on ptolemy.moml.MoMLSimpleApplication@688918d
----------------- Done invoking toplevel() on ptolemy.moml.MoMLSimpleApplication@688918d
reloadAllAccessors: .LevelCrossing2

===========================================================================================
----------------- testing Sat Jan 04 06:34:53 UTC 2020 /home/travis/build/icyphy/ptII/ptolemy/domains/continuous/test/auto/LevelCrossing3.xml
----------------- Instantiating /home/travis/build/icyphy/ptII/ptolemy/domains/continuous/test/auto/LevelCrossing3.xml
6 ms. Memory: 324608K Free: 269666K (83%)
----------------- Invoking toplevel() on ptolemy.moml.MoMLSimpleApplication@3f435272
----------------- Done invoking toplevel() on ptolemy.moml.MoMLSimpleApplication@3f435272
reloadAllAccessors: .LevelCrossing3

===========================================================================================
----------------- testing Sat Jan 04 06:34:53 UTC 2020 /home/travis/build/icyphy/ptII/ptolemy/domains/continuous/test/auto/LevelCrossing4.xml
----------------- Instantiating /home/travis/build/icyphy/ptII/ptolemy/domains/continuous/test/auto/LevelCrossing4.xml
3 ms. Memory: 324608K Free: 264546K (81%)
----------------- Invoking toplevel() on ptolemy.moml.MoMLSimpleApplication@390370ab
----------------- Done invoking toplevel() on ptolemy.moml.MoMLSimpleApplication@390370ab
reloadAllAccessors: .LevelCrossing4

===========================================================================================
----------------- testing Sat Jan 04 06:34:53 UTC 2020 /home/travis/build/icyphy/ptII/ptolemy/domains/continuous/test/auto/LevelCrossing5.xml
----------------- Instantiating /home/travis/build/icyphy/ptII/ptolemy/domains/continuous/test/auto/LevelCrossing5.xml
3 ms. Memory: 324608K Free: 259426K (80%)
----------------- Invoking toplevel() on ptolemy.moml.MoMLSimpleApplication@6a59ff4a
----------------- Done invoking toplevel() on ptolemy.moml.MoMLSimpleApplication@6a59ff4a
reloadAllAccessors: .LevelCrossing5

===========================================================================================
[...]
----------------- testing Sat Jan 04 06:35:08 UTC 2020 /home/travis/build/icyphy/ptII/ptolemy/domains/continuous/test/auto/SRinContinuous.xml
----------------- Instantiating /home/travis/build/icyphy/ptII/ptolemy/domains/continuous/test/auto/SRinContinuous.xml
4 ms. Memory: 324608K Free: 219657K (68%)
----------------- Invoking toplevel() on ptolemy.moml.MoMLSimpleApplication@455cab5b
----------------- Done invoking toplevel() on ptolemy.moml.MoMLSimpleApplication@455cab5b
reloadAllAccessors: .SRinContinuous

===========================================================================================
----------------- testing Sat Jan 04 06:35:08 UTC 2020 /home/travis/build/icyphy/ptII/ptolemy/domains/continuous/test/auto/SampledClocks.xml
----------------- Instantiating /home/travis/build/icyphy/ptII/ptolemy/domains/continuous/test/auto/SampledClocks.xml
5 ms. Memory: 324608K Free: 207369K (64%)
----------------- Invoking toplevel() on ptolemy.moml.MoMLSimpleApplication@109832a5
----------------- Done invoking toplevel() on ptolemy.moml.MoMLSimpleApplication@109832a5
reloadAllAccessors: .SampledClocks

===========================================================================================
----------------- testing Sat Jan 04 06:35:08 UTC 2020 /home/travis/build/icyphy/ptII/ptolemy/domains/continuous/test/auto/Satellite.xml
----------------- Instantiating /home/travis/build/icyphy/ptII/ptolemy/domains/continuous/test/auto/Satellite.xml
659 ms. Memory: 324608K Free: 199283K (61%)
----------------- Invoking toplevel() on ptolemy.moml.MoMLSimpleApplication@786dbe1c
----------------- Done invoking toplevel() on ptolemy.moml.MoMLSimpleApplication@786dbe1c
reloadAllAccessors: .Satellite

===========================================================================================
----------------- testing Sat Jan 04 06:35:08 UTC 2020 /home/travis/build/icyphy/ptII/ptolemy/domains/continuous/test/auto/SigmaDelta.xml
----------------- Instantiating /home/travis/build/icyphy/ptII/ptolemy/domains/continuous/test/auto/SigmaDelta.xml
1860 ms. Memory: 324608K Free: 125619K (39%)
----------------- Invoking toplevel() on ptolemy.moml.MoMLSimpleApplication@3b2a3a23
----------------- Done invoking toplevel() on ptolemy.moml.MoMLSimpleApplication@3b2a3a23
reloadAllAccessors: .SigmaDelta

===========================================================================================
----------------- testing Sat Jan 04 06:35:10 UTC 2020 /home/travis/build/icyphy/ptII/ptolemy/domains/continuous/test/auto/SingleRefinement.xml
----------------- Instantiating /home/travis/build/icyphy/ptII/ptolemy/domains/continuous/test/auto/SingleRefinement.xml
292 ms. Memory: 324608K Free: 133877K (41%)
----------------- Invoking toplevel() on ptolemy.moml.MoMLSimpleApplication@33f044e1
----------------- Done invoking toplevel() on ptolemy.moml.MoMLSimpleApplication@33f044e1
reloadAllAccessors: .SingleRefinement

===========================================================================================
----------------- testing Sat Jan 04 06:35:11 UTC 2020 /home/travis/build/icyphy/ptII/ptolemy/domains/continuous/test/auto/SinuBouncingBall.xml
----------------- Instantiating /home/travis/build/icyphy/ptII/ptolemy/domains/continuous/test/auto/SinuBouncingBall.xml
739 ms. Memory: 324608K Free: 300519K (93%)
----------------- Invoking toplevel() on ptolemy.moml.MoMLSimpleApplication@2055eae3
----------------- Done invoking toplevel() on ptolemy.moml.MoMLSimpleApplication@2055eae3
reloadAllAccessors: .SinuBouncingBall

===========================================================================================
----------------- testing Sat Jan 04 06:35:11 UTC 2020 /home/travis/build/icyphy/ptII/ptolemy/domains/continuous/test/auto/Sinusoid.xml
----------------- Instantiating /home/travis/build/icyphy/ptII/ptolemy/domains/continuous/test/auto/Sinusoid.xml
4 ms. Memory: 324608K Free: 295895K (91%)
----------------- Invoking toplevel() on ptolemy.moml.MoMLSimpleApplication@64d024de
----------------- Done invoking toplevel() on ptolemy.moml.MoMLSimpleApplication@64d024de
reloadAllAccessors: .Sinusoid

===========================================================================================
----------------- testing Sat Jan 04 06:35:11 UTC 2020 /home/travis/build/icyphy/ptII/ptolemy/domains/continuous/test/auto/SinusoidInNoise.xml
----------------- Instantiating /home/travis/build/icyphy/ptII/ptolemy/domains/continuous/test/auto/SinusoidInNoise.xml
708 ms. Memory: 324608K Free: 158183K (49%)
----------------- Invoking toplevel() on ptolemy.moml.MoMLSimpleApplication@4021b3ac
----------------- Done invoking toplevel() on ptolemy.moml.MoMLSimpleApplication@4021b3ac
reloadAllAccessors: .SinusoidInNoise

===========================================================================================
----------------- testing Sat Jan 04 06:35:12 UTC 2020 /home/travis/build/icyphy/ptII/ptolemy/domains/continuous/test/auto/SinusoidRK45.xml
----------------- Instantiating /home/travis/build/icyphy/ptII/ptolemy/domains/continuous/test/auto/SinusoidRK45.xml
1 ms. Memory: 324608K Free: 154087K (47%)
----------------- Invoking toplevel() on ptolemy.moml.MoMLSimpleApplication@3f51a13a
----------------- Done invoking toplevel() on ptolemy.moml.MoMLSimpleApplication@3f51a13a
reloadAllAccessors: .SinusoidRK45

===========================================================================================
----------------- testing Sat Jan 04 06:35:12 UTC 2020 /home/travis/build/icyphy/ptII/ptolemy/domains/continuous/test/auto/SinusoidWithMultipleImpulses.xml
----------------- Instantiating /home/travis/build/icyphy/ptII/ptolemy/domains/continuous/test/auto/SinusoidWithMultipleImpulses.xml
2 ms. Memory: 324608K Free: 149477K (46%)
----------------- Invoking toplevel() on ptolemy.moml.MoMLSimpleApplication@54485eb5
----------------- Done invoking toplevel() on ptolemy.moml.MoMLSimpleApplication@54485eb5
reloadAllAccessors: .SinusoidWithMultipleImpulses

===========================================================================================
----------------- testing Sat Jan 04 06:35:12 UTC 2020 /home/travis/build/icyphy/ptII/ptolemy/domains/continuous/test/auto/SquareWave.xml
----------------- Instantiating /home/travis/build/icyphy/ptII/ptolemy/domains/continuous/test/auto/SquareWave.xml
117 ms. Memory: 324608K Free: 122343K (38%)
----------------- Invoking toplevel() on ptolemy.moml.MoMLSimpleApplication@3faf4ecf
----------------- Done invoking toplevel() on ptolemy.moml.MoMLSimpleApplication@3faf4ecf
reloadAllAccessors: .SquareWave

===========================================================================================
----------------- testing Sat Jan 04 06:35:12 UTC 2020 /home/travis/build/icyphy/ptII/ptolemy/domains/continuous/test/auto/Starmac.xml
----------------- Instantiating /home/travis/build/icyphy/ptII/ptolemy/domains/continuous/test/auto/Starmac.xml
3060 ms. Memory: 324608K Free: 191425K (59%)
----------------- Invoking toplevel() on ptolemy.moml.MoMLSimpleApplication@7e0071f2
----------------- Done invoking toplevel() on ptolemy.moml.MoMLSimpleApplication@7e0071f2
reloadAllAccessors: .Starmac

===========================================================================================
----------------- testing Sat Jan 04 06:35:16 UTC 2020 /home/travis/build/icyphy/ptII/ptolemy/domains/continuous/test/auto/StaticUnits.xml
----------------- Instantiating /home/travis/build/icyphy/ptII/ptolemy/domains/continuous/test/auto/StaticUnits.xml
1677 ms. Memory: 324608K Free: 293001K (90%)
----------------- Invoking toplevel() on ptolemy.moml.MoMLSimpleApplication@2985d70f
----------------- Done invoking toplevel() on ptolemy.moml.MoMLSimpleApplication@2985d70f
reloadAllAccessors: .StaticUnits

===========================================================================================
----------------- testing Sat Jan 04 06:35:18 UTC 2020 /home/travis/build/icyphy/ptII/ptolemy/domains/continuous/test/auto/StickyMasses.xml
----------------- Instantiating /home/travis/build/icyphy/ptII/ptolemy/domains/continuous/test/auto/StickyMasses.xml
149 ms. Memory: 324608K Free: 242825K (75%)
----------------- Invoking toplevel() on ptolemy.moml.MoMLSimpleApplication@6e4a1353
----------------- Done invoking toplevel() on ptolemy.moml.MoMLSimpleApplication@6e4a1353
reloadAllAccessors: .StickyMasses

===========================================================================================
----------------- testing Sat Jan 04 06:35:18 UTC 2020 /home/travis/build/icyphy/ptII/ptolemy/domains/continuous/test/auto/StopTime.xml
----------------- Instantiating /home/travis/build/icyphy/ptII/ptolemy/domains/continuous/test/auto/StopTime.xml
38 ms. Memory: 324608K Free: 217704K (67%)
----------------- Invoking toplevel() on ptolemy.moml.MoMLSimpleApplication@42d46a1e
----------------- Done invoking toplevel() on ptolemy.moml.MoMLSimpleApplication@42d46a1e
reloadAllAccessors: .StopTime

===========================================================================================
----------------- testing Sat Jan 04 06:35:18 UTC 2020 /home/travis/build/icyphy/ptII/ptolemy/domains/continuous/test/auto/StopTime2.xml
----------------- Instantiating /home/travis/build/icyphy/ptII/ptolemy/domains/continuous/test/auto/StopTime2.xml
31 ms. Memory: 324608K Free: 195721K (60%)
----------------- Invoking toplevel() on ptolemy.moml.MoMLSimpleApplication@5fa066df
----------------- Done invoking toplevel() on ptolemy.moml.MoMLSimpleApplication@5fa066df
reloadAllAccessors: .StopTime2

===========================================================================================
----------------- testing Sat Jan 04 06:35:18 UTC 2020 /home/travis/build/icyphy/ptII/ptolemy/domains/continuous/test/auto/Switch.xml
----------------- Instantiating /home/travis/build/icyphy/ptII/ptolemy/domains/continuous/test/auto/Switch.xml
38 ms. Memory: 324608K Free: 170616K (53%)
----------------- Invoking toplevel() on ptolemy.moml.MoMLSimpleApplication@53203264
----------------- Done invoking toplevel() on ptolemy.moml.MoMLSimpleApplication@53203264
reloadAllAccessors: .Switch

===========================================================================================
----------------- testing Sat Jan 04 06:35:18 UTC 2020 /home/travis/build/icyphy/ptII/ptolemy/domains/continuous/test/auto/Thermostat.xml
----------------- Instantiating /home/travis/build/icyphy/ptII/ptolemy/domains/continuous/test/auto/Thermostat.xml
192 ms. Memory: 324608K Free: 287859K (89%)
----------------- Invoking toplevel() on ptolemy.moml.MoMLSimpleApplication@45103a48
----------------- Done invoking toplevel() on ptolemy.moml.MoMLSimpleApplication@45103a48
reloadAllAccessors: .Thermostat

===========================================================================================
----------------- testing Sat Jan 04 06:35:19 UTC 2020 /home/travis/build/icyphy/ptII/ptolemy/domains/continuous/test/auto/TimeDelay.xml
----------------- Instantiating /home/travis/build/icyphy/ptII/ptolemy/domains/continuous/test/auto/TimeDelay.xml
4 ms. Memory: 324608K Free: 282244K (87%)
----------------- Invoking toplevel() on ptolemy.moml.MoMLSimpleApplication@e1a3107
----------------- Done invoking toplevel() on ptolemy.moml.MoMLSimpleApplication@e1a3107
reloadAllAccessors: .TimeDelay

===========================================================================================
----------------- testing Sat Jan 04 06:35:19 UTC 2020 /home/travis/build/icyphy/ptII/ptolemy/domains/continuous/test/auto/TimeDelay2.xml
----------------- Instantiating /home/travis/build/icyphy/ptII/ptolemy/domains/continuous/test/auto/TimeDelay2.xml
6 ms. Memory: 324608K Free: 272514K (84%)
----------------- Invoking toplevel() on ptolemy.moml.MoMLSimpleApplication@37eef14e
----------------- Done invoking toplevel() on ptolemy.moml.MoMLSimpleApplication@37eef14e
reloadAllAccessors: .TimeDelay2

===========================================================================================
----------------- testing Sat Jan 04 06:35:19 UTC 2020 /home/travis/build/icyphy/ptII/ptolemy/domains/continuous/test/auto/TimeDelay3.xml
----------------- Instantiating /home/travis/build/icyphy/ptII/ptolemy/domains/continuous/test/auto/TimeDelay3.xml
4 ms. Memory: 324608K Free: 267906K (83%)
----------------- Invoking toplevel() on ptolemy.moml.MoMLSimpleApplication@5cd0f022
----------------- Done invoking toplevel() on ptolemy.moml.MoMLSimpleApplication@5cd0f022
reloadAllAccessors: .TimeDelay3

===========================================================================================
----------------- testing Sat Jan 04 06:35:19 UTC 2020 /home/travis/build/icyphy/ptII/ptolemy/domains/continuous/test/auto/TransferAbsentToInside.xml
----------------- Instantiating /home/travis/build/icyphy/ptII/ptolemy/domains/continuous/test/auto/TransferAbsentToInside.xml
28 ms. Memory: 324608K Free: 215155K (66%)
----------------- Invoking toplevel() on ptolemy.moml.MoMLSimpleApplication@1d2aa282
----------------- Done invoking toplevel() on ptolemy.moml.MoMLSimpleApplication@1d2aa282
reloadAllAccessors: .TransferAbsentToInside

===========================================================================================
----------------- testing Sat Jan 04 06:35:19 UTC 2020 /home/travis/build/icyphy/ptII/ptolemy/domains/continuous/test/auto/Transmission.xml
----------------- Instantiating /home/travis/build/icyphy/ptII/ptolemy/domains/continuous/test/auto/Transmission.xml
720 ms. Memory: 324608K Free: 169085K (52%)
----------------- Invoking toplevel() on ptolemy.moml.MoMLSimpleApplication@8514993
----------------- Done invoking toplevel() on ptolemy.moml.MoMLSimpleApplication@8514993
reloadAllAccessors: .Transmission

===========================================================================================
----------------- testing Sat Jan 04 06:35:19 UTC 2020 /home/travis/build/icyphy/ptII/ptolemy/domains/continuous/test/auto/TriggeredContinuousClock.xml
----------------- Instantiating /home/travis/build/icyphy/ptII/ptolemy/domains/continuous/test/auto/TriggeredContinuousClock.xml
34 ms. Memory: 324608K Free: 139903K (43%)
----------------- Invoking toplevel() on ptolemy.moml.MoMLSimpleApplication@2d9a7ceb
----------------- Done invoking toplevel() on ptolemy.moml.MoMLSimpleApplication@2d9a7ceb
reloadAllAccessors: .TriggeredContinuousClock

===========================================================================================
----------------- testing Sat Jan 04 06:35:20 UTC 2020 /home/travis/build/icyphy/ptII/ptolemy/domains/continuous/test/auto/TwoMachineInfiniteBusControl.xml
----------------- Instantiating /home/travis/build/icyphy/ptII/ptolemy/domains/continuous/test/auto/TwoMachineInfiniteBusControl.xml
2228 ms. Memory: 324608K Free: 298045K (92%)
----------------- Invoking toplevel() on ptolemy.moml.MoMLSimpleApplication@395f7e36
----------------- Done invoking toplevel() on ptolemy.moml.MoMLSimpleApplication@395f7e36
reloadAllAccessors: .TwoMachineInfiniteBusControl

===========================================================================================
----------------- testing Sat Jan 04 06:35:22 UTC 2020 /home/travis/build/icyphy/ptII/ptolemy/domains/continuous/test/auto/V2V.xml
----------------- Instantiating /home/travis/build/icyphy/ptII/ptolemy/domains/continuous/test/auto/V2V.xml
758 ms. Memory: 324608K Free: 295988K (91%)
----------------- Invoking toplevel() on ptolemy.moml.MoMLSimpleApplication@2faf49d0
----------------- Done invoking toplevel() on ptolemy.moml.MoMLSimpleApplication@2faf49d0
reloadAllAccessors: .V2V

===========================================================================================
----------------- testing Sat Jan 04 06:35:23 UTC 2020 /home/travis/build/icyphy/ptII/ptolemy/domains/continuous/test/auto/hierarchicalModalModel.xml
----------------- Instantiating /home/travis/build/icyphy/ptII/ptolemy/domains/continuous/test/auto/hierarchicalModalModel.xml
7 ms. Memory: 324608K Free: 281645K (87%)
----------------- Invoking toplevel() on ptolemy.moml.MoMLSimpleApplication@122d5d42
----------------- Done invoking toplevel() on ptolemy.moml.MoMLSimpleApplication@122d5d42
reloadAllAccessors: .hierarchicalModalModel

===========================================================================================
----------------- testing Sat Jan 04 06:35:23 UTC 2020 /home/travis/build/icyphy/ptII/ptolemy/domains/continuous/test/auto/hierarchicalModalModel1.xml
----------------- Instantiating /home/travis/build/icyphy/ptII/ptolemy/domains/continuous/test/auto/hierarchicalModalModel1.xml
8 ms. Memory: 324608K Free: 267316K (82%)
----------------- Invoking toplevel() on ptolemy.moml.MoMLSimpleApplication@90a1ddd
----------------- Done invoking toplevel() on ptolemy.moml.MoMLSimpleApplication@90a1ddd
reloadAllAccessors: .hierarchicalModalModel1

===========================================================================================
----------------- testing Sat Jan 04 06:35:23 UTC 2020 /home/travis/build/icyphy/ptII/ptolemy/domains/continuous/test/auto/hierarchicalModalModel2.xml
----------------- Instantiating /home/travis/build/icyphy/ptII/ptolemy/domains/continuous/test/auto/hierarchicalModalModel2.xml
5 ms. Memory: 324608K Free: 254997K (79%)
----------------- Invoking toplevel() on ptolemy.moml.MoMLSimpleApplication@59fe57ba
----------------- Done invoking toplevel() on ptolemy.moml.MoMLSimpleApplication@59fe57ba
reloadAllAccessors: .hierarchicalModalModel2

===========================================================================================
----------------- testing Sat Jan 04 06:35:23 UTC 2020 /home/travis/build/icyphy/ptII/ptolemy/domains/continuous/test/auto/hierarchicalModalModel3.xml
----------------- Instantiating /home/travis/build/icyphy/ptII/ptolemy/domains/continuous/test/auto/hierarchicalModalModel3.xml
5 ms. Memory: 324608K Free: 244278K (75%)
----------------- Invoking toplevel() on ptolemy.moml.MoMLSimpleApplication@144339ab
----------------- Done invoking toplevel() on ptolemy.moml.MoMLSimpleApplication@144339ab
reloadAllAccessors: .hierarchicalModalModel3

===========================================================================================
----------------- testing Sat Jan 04 06:35:23 UTC 2020 /home/travis/build/icyphy/ptII/ptolemy/domains/continuous/test/auto/hierarchicalModalModel4.xml
----------------- Instantiating /home/travis/build/icyphy/ptII/ptolemy/domains/continuous/test/auto/hierarchicalModalModel4.xml
4 ms. Memory: 324608K Free: 232500K (72%)
----------------- Invoking toplevel() on ptolemy.moml.MoMLSimpleApplication@58898e3
----------------- Done invoking toplevel() on ptolemy.moml.MoMLSimpleApplication@58898e3
reloadAllAccessors: .hierarchicalModalModel4

===========================================================================================
----------------- testing Sat Jan 04 06:35:23 UTC 2020 /home/travis/build/icyphy/ptII/ptolemy/domains/continuous/test/auto/junk.xml
----------------- Instantiating /home/travis/build/icyphy/ptII/ptolemy/domains/continuous/test/auto/junk.xml
111 ms. Memory: 324608K Free: 207414K (64%)
----------------- Invoking toplevel() on ptolemy.moml.MoMLSimpleApplication@61c29bd
----------------- Done invoking toplevel() on ptolemy.moml.MoMLSimpleApplication@61c29bd
reloadAllAccessors: .junk
AutoTests.java: About to close Vertx.
AutoTests.java: Vertx closed.
]]></system-out>
  <system-err><![CDATA[Warning: '.HysteresisWithRandomDelay.NonStrictTest3' The test produced only 20 tokens, yet the correctValues parameter was expecting 30 tokens.
Warning: '.IncreasingRatePoisson.NonStrictTest' The test produced only 401 tokens, yet the correctValues parameter was expecting 402 tokens.
Warning: '.Poisson.NonStrictTest' The test produced only 378 tokens, yet the correctValues parameter was expecting 430 tokens.
]]></system-err>
</testsuite>
