<?xml version="1.0" encoding="UTF-8" ?>
<testsuite errors="0" failures="0" hostname="travis-job-ed1435a1-2ad5-4332-b9a2-ddc87b6eaff1" name="ptolemy.domains.continuous.test.junit.JUnitTclTest" skipped="0" tests="156" time="70.069" timestamp="2020-02-05T17:03:48">
  <properties>
[...]
</properties>
  <testcase classname="ptolemy.util.test.junit.TclTests" name="[0] ThereAreNoTclTests (RunTclFile)" time="0.007" />
  <testcase classname="ptolemy.util.test.junit.AutoKnownFailedTests" name="[0] ThereAreNoKnowFailedTests (RunModel)" time="0.004" />
  <testcase classname="ptolemy.util.test.junit.AutoNameArchTests" name="[0] ThereAreNoAutoArchTests (RunModel)" time="0.02" />
  <testcase classname="ptolemy.util.test.junit.AutoTests" name="[0] /home/travis/build/icyphy/ptII/ptolemy/domains/continuous/test/auto/BouncingBall.xml (RunModel)" time="3.042" />
  <testcase classname="ptolemy.util.test.junit.AutoTests" name="[1] /home/travis/build/icyphy/ptII/ptolemy/domains/continuous/test/auto/BouncingBallWithoutGR.xml (RunModel)" time="0.965" />
  <testcase classname="ptolemy.util.test.junit.AutoTests" name="[2] /home/travis/build/icyphy/ptII/ptolemy/domains/continuous/test/auto/Brownian.xml (RunModel)" time="0.108" />
  <testcase classname="ptolemy.util.test.junit.AutoTests" name="[3] /home/travis/build/icyphy/ptII/ptolemy/domains/continuous/test/auto/CarTracking.xml (RunModel)" time="4.16" />
  <testcase classname="ptolemy.util.test.junit.AutoTests" name="[4] /home/travis/build/icyphy/ptII/ptolemy/domains/continuous/test/auto/CartPendulum.xml (RunModel)" time="0.499" />
  <testcase classname="ptolemy.util.test.junit.AutoTests" name="[5] /home/travis/build/icyphy/ptII/ptolemy/domains/continuous/test/auto/CausalityInterface10.xml (RunModel)" time="0.062" />
  <testcase classname="ptolemy.util.test.junit.AutoTests" name="[6] /home/travis/build/icyphy/ptII/ptolemy/domains/continuous/test/auto/CausalityInterface11.xml (RunModel)" time="0.037" />
  <testcase classname="ptolemy.util.test.junit.AutoTests" name="[7] /home/travis/build/icyphy/ptII/ptolemy/domains/continuous/test/auto/CausalityInterface12.xml (RunModel)" time="0.049" />
  <testcase classname="ptolemy.util.test.junit.AutoTests" name="[8] /home/travis/build/icyphy/ptII/ptolemy/domains/continuous/test/auto/CausalityInterface13.xml (RunModel)" time="0.033" />
  <testcase classname="ptolemy.util.test.junit.AutoTests" name="[9] /home/travis/build/icyphy/ptII/ptolemy/domains/continuous/test/auto/CausalityInterface14.xml (RunModel)" time="0.033" />
  <testcase classname="ptolemy.util.test.junit.AutoTests" name="[10] /home/travis/build/icyphy/ptII/ptolemy/domains/continuous/test/auto/CausalityInterface4.xml (RunModel)" time="0.033" />
  <testcase classname="ptolemy.util.test.junit.AutoTests" name="[11] /home/travis/build/icyphy/ptII/ptolemy/domains/continuous/test/auto/CausalityInterface5.xml (RunModel)" time="0.049" />
  <testcase classname="ptolemy.util.test.junit.AutoTests" name="[12] /home/travis/build/icyphy/ptII/ptolemy/domains/continuous/test/auto/CausalityInterface6.xml (RunModel)" time="0.023" />
  <testcase classname="ptolemy.util.test.junit.AutoTests" name="[13] /home/travis/build/icyphy/ptII/ptolemy/domains/continuous/test/auto/CausalityInterface7.xml (RunModel)" time="0.04" />
  <testcase classname="ptolemy.util.test.junit.AutoTests" name="[14] /home/travis/build/icyphy/ptII/ptolemy/domains/continuous/test/auto/CausalityInterface8.xml (RunModel)" time="0.04" />
  <testcase classname="ptolemy.util.test.junit.AutoTests" name="[15] /home/travis/build/icyphy/ptII/ptolemy/domains/continuous/test/auto/CausalityInterface9.xml (RunModel)" time="0.052" />
  <testcase classname="ptolemy.util.test.junit.AutoTests" name="[16] /home/travis/build/icyphy/ptII/ptolemy/domains/continuous/test/auto/CausalityInterfaceFeedback1.xml (RunModel)" time="0.035" />
  <testcase classname="ptolemy.util.test.junit.AutoTests" name="[17] /home/travis/build/icyphy/ptII/ptolemy/domains/continuous/test/auto/CausalityInterfaceFeedback2.xml (RunModel)" time="0.038" />
  <testcase classname="ptolemy.util.test.junit.AutoTests" name="[18] /home/travis/build/icyphy/ptII/ptolemy/domains/continuous/test/auto/CompareWithCurrentTime.xml (RunModel)" time="0.025" />
  <testcase classname="ptolemy.util.test.junit.AutoTests" name="[19] /home/travis/build/icyphy/ptII/ptolemy/domains/continuous/test/auto/ComparedClocks.xml (RunModel)" time="0.061" />
  <testcase classname="ptolemy.util.test.junit.AutoTests" name="[20] /home/travis/build/icyphy/ptII/ptolemy/domains/continuous/test/auto/ContinuousAOCClone.xml (RunModel)" time="2.6" />
  <testcase classname="ptolemy.util.test.junit.AutoTests" name="[21] /home/travis/build/icyphy/ptII/ptolemy/domains/continuous/test/auto/ContinuousClock.xml (RunModel)" time="0.102" />
  <testcase classname="ptolemy.util.test.junit.AutoTests" name="[22] /home/travis/build/icyphy/ptII/ptolemy/domains/continuous/test/auto/ContinuousInContinuous.xml (RunModel)" time="0.088" />
  <testcase classname="ptolemy.util.test.junit.AutoTests" name="[23] /home/travis/build/icyphy/ptII/ptolemy/domains/continuous/test/auto/ContinuousInContinuousInContinuous.xml (RunModel)" time="0.027" />
  <testcase classname="ptolemy.util.test.junit.AutoTests" name="[24] /home/travis/build/icyphy/ptII/ptolemy/domains/continuous/test/auto/ContinuousInDE.xml (RunModel)" time="0.072" />
  <testcase classname="ptolemy.util.test.junit.AutoTests" name="[25] /home/travis/build/icyphy/ptII/ptolemy/domains/continuous/test/auto/ContinuousInDE2.xml (RunModel)" time="0.056" />
  <testcase classname="ptolemy.util.test.junit.AutoTests" name="[26] /home/travis/build/icyphy/ptII/ptolemy/domains/continuous/test/auto/ContinuousInDE3.xml (RunModel)" time="0.056" />
  <testcase classname="ptolemy.util.test.junit.AutoTests" name="[27] /home/travis/build/icyphy/ptII/ptolemy/domains/continuous/test/auto/ContinuousInDE4.xml (RunModel)" time="0.028" />
  <testcase classname="ptolemy.util.test.junit.AutoTests" name="[28] /home/travis/build/icyphy/ptII/ptolemy/domains/continuous/test/auto/ContinuousInDEDifferentRefinements.xml (RunModel)" time="0.099" />
  <testcase classname="ptolemy.util.test.junit.AutoTests" name="[29] /home/travis/build/icyphy/ptII/ptolemy/domains/continuous/test/auto/ContinuousInDEDifferentRefinementsPreemptive.xml (RunModel)" time="0.09" />
  <testcase classname="ptolemy.util.test.junit.AutoTests" name="[30] /home/travis/build/icyphy/ptII/ptolemy/domains/continuous/test/auto/ContinuousInDEInContinuous2.xml (RunModel)" time="0.047" />
  <testcase classname="ptolemy.util.test.junit.AutoTests" name="[31] /home/travis/build/icyphy/ptII/ptolemy/domains/continuous/test/auto/ContinuousInDEInContinuous3.xml (RunModel)" time="0.052" />
  <testcase classname="ptolemy.util.test.junit.AutoTests" name="[32] /home/travis/build/icyphy/ptII/ptolemy/domains/continuous/test/auto/ContinuousInDEInput.xml (RunModel)" time="0.043" />
  <testcase classname="ptolemy.util.test.junit.AutoTests" name="[33] /home/travis/build/icyphy/ptII/ptolemy/domains/continuous/test/auto/ContinuousInDEInput2.xml (RunModel)" time="0.033" />
  <testcase classname="ptolemy.util.test.junit.AutoTests" name="[34] /home/travis/build/icyphy/ptII/ptolemy/domains/continuous/test/auto/ContinuousInDEInput3.xml (RunModel)" time="0.028" />
  <testcase classname="ptolemy.util.test.junit.AutoTests" name="[35] /home/travis/build/icyphy/ptII/ptolemy/domains/continuous/test/auto/ContinuousInDESharingRefinement.xml (RunModel)" time="0.181" />
  <testcase classname="ptolemy.util.test.junit.AutoTests" name="[36] /home/travis/build/icyphy/ptII/ptolemy/domains/continuous/test/auto/ContinuousInDEwithNoPorts.xml (RunModel)" time="0.015" />
  <testcase classname="ptolemy.util.test.junit.AutoTests" name="[37] /home/travis/build/icyphy/ptII/ptolemy/domains/continuous/test/auto/ContinuousInsideDE.xml (RunModel)" time="0.09" />
  <testcase classname="ptolemy.util.test.junit.AutoTests" name="[38] /home/travis/build/icyphy/ptII/ptolemy/domains/continuous/test/auto/ContinuousMerge1.xml (RunModel)" time="0.017" />
  <testcase classname="ptolemy.util.test.junit.AutoTests" name="[39] /home/travis/build/icyphy/ptII/ptolemy/domains/continuous/test/auto/ContinuousMerge2.xml (RunModel)" time="0.041" />
  <testcase classname="ptolemy.util.test.junit.AutoTests" name="[40] /home/travis/build/icyphy/ptII/ptolemy/domains/continuous/test/auto/ContinuousMerge3.xml (RunModel)" time="0.066" />
  <testcase classname="ptolemy.util.test.junit.AutoTests" name="[41] /home/travis/build/icyphy/ptII/ptolemy/domains/continuous/test/auto/ContinuousWithinContinuous.xml (RunModel)" time="0.049" />
  <testcase classname="ptolemy.util.test.junit.AutoTests" name="[42] /home/travis/build/icyphy/ptII/ptolemy/domains/continuous/test/auto/ContinuousWithinContinuous2.xml (RunModel)" time="0.07" />
  <testcase classname="ptolemy.util.test.junit.AutoTests" name="[43] /home/travis/build/icyphy/ptII/ptolemy/domains/continuous/test/auto/ContinuousWithinContinuous3.xml (RunModel)" time="0.029" />
  <testcase classname="ptolemy.util.test.junit.AutoTests" name="[44] /home/travis/build/icyphy/ptII/ptolemy/domains/continuous/test/auto/ContinuousWithinContinuous4.xml (RunModel)" time="0.079" />
  <testcase classname="ptolemy.util.test.junit.AutoTests" name="[45] /home/travis/build/icyphy/ptII/ptolemy/domains/continuous/test/auto/ContinuousWithinContinuous5.xml (RunModel)" time="0.041" />
  <testcase classname="ptolemy.util.test.junit.AutoTests" name="[46] /home/travis/build/icyphy/ptII/ptolemy/domains/continuous/test/auto/ContinuousWithinContinuous6.xml (RunModel)" time="0.027" />
  <testcase classname="ptolemy.util.test.junit.AutoTests" name="[47] /home/travis/build/icyphy/ptII/ptolemy/domains/continuous/test/auto/ContinuousWithinContinuous7.xml (RunModel)" time="0.06" />
  <testcase classname="ptolemy.util.test.junit.AutoTests" name="[48] /home/travis/build/icyphy/ptII/ptolemy/domains/continuous/test/auto/DCMotor.xml (RunModel)" time="11.957" />
  <testcase classname="ptolemy.util.test.junit.AutoTests" name="[49] /home/travis/build/icyphy/ptII/ptolemy/domains/continuous/test/auto/DEInContinuous.xml (RunModel)" time="0.049" />
  <testcase classname="ptolemy.util.test.junit.AutoTests" name="[50] /home/travis/build/icyphy/ptII/ptolemy/domains/continuous/test/auto/DEinContinuous2.xml (RunModel)" time="0.037" />
  <testcase classname="ptolemy.util.test.junit.AutoTests" name="[51] /home/travis/build/icyphy/ptII/ptolemy/domains/continuous/test/auto/Derivative.xml (RunModel)" time="0.185" />
  <testcase classname="ptolemy.util.test.junit.AutoTests" name="[52] /home/travis/build/icyphy/ptII/ptolemy/domains/continuous/test/auto/Derivative1.xml (RunModel)" time="0.062" />
  <testcase classname="ptolemy.util.test.junit.AutoTests" name="[53] /home/travis/build/icyphy/ptII/ptolemy/domains/continuous/test/auto/DiscreteClock.xml (RunModel)" time="0.012" />
  <testcase classname="ptolemy.util.test.junit.AutoTests" name="[54] /home/travis/build/icyphy/ptII/ptolemy/domains/continuous/test/auto/EfficiencyCurve.xml (RunModel)" time="0.072" />
  <testcase classname="ptolemy.util.test.junit.AutoTests" name="[55] /home/travis/build/icyphy/ptII/ptolemy/domains/continuous/test/auto/ExponentialResponse.xml (RunModel)" time="0.094" />
  <testcase classname="ptolemy.util.test.junit.AutoTests" name="[56] /home/travis/build/icyphy/ptII/ptolemy/domains/continuous/test/auto/ExponentialResponseRK45.xml (RunModel)" time="0.029" />
  <testcase classname="ptolemy.util.test.junit.AutoTests" name="[57] /home/travis/build/icyphy/ptII/ptolemy/domains/continuous/test/auto/Friction.xml (RunModel)" time="1.562" />
  <testcase classname="ptolemy.util.test.junit.AutoTests" name="[58] /home/travis/build/icyphy/ptII/ptolemy/domains/continuous/test/auto/FurutaPendulum.xml (RunModel)" time="3.123" />
  <testcase classname="ptolemy.util.test.junit.AutoTests" name="[59] /home/travis/build/icyphy/ptII/ptolemy/domains/continuous/test/auto/HierarchicalExecution.xml (RunModel)" time="1.954" />
  <testcase classname="ptolemy.util.test.junit.AutoTests" name="[60] /home/travis/build/icyphy/ptII/ptolemy/domains/continuous/test/auto/HybridPlant.xml (RunModel)" time="0.638" />
  <testcase classname="ptolemy.util.test.junit.AutoTests" name="[61] /home/travis/build/icyphy/ptII/ptolemy/domains/continuous/test/auto/Hysteresis.xml (RunModel)" time="0.208" />
  <testcase classname="ptolemy.util.test.junit.AutoTests" name="[62] /home/travis/build/icyphy/ptII/ptolemy/domains/continuous/test/auto/HysteresisWithRandomDelay.xml (RunModel)" time="0.263" />
  <testcase classname="ptolemy.util.test.junit.AutoTests" name="[63] /home/travis/build/icyphy/ptII/ptolemy/domains/continuous/test/auto/HysteresisWithRandomLosses.xml (RunModel)" time="2.456" />
  <testcase classname="ptolemy.util.test.junit.AutoTests" name="[64] /home/travis/build/icyphy/ptII/ptolemy/domains/continuous/test/auto/ImmediateTransitions.xml (RunModel)" time="0.029" />
  <testcase classname="ptolemy.util.test.junit.AutoTests" name="[65] /home/travis/build/icyphy/ptII/ptolemy/domains/continuous/test/auto/ImpulseFeedback.xml (RunModel)" time="0.016" />
  <testcase classname="ptolemy.util.test.junit.AutoTests" name="[66] /home/travis/build/icyphy/ptII/ptolemy/domains/continuous/test/auto/ImpulseFeedback2.xml (RunModel)" time="0.014" />
  <testcase classname="ptolemy.util.test.junit.AutoTests" name="[67] /home/travis/build/icyphy/ptII/ptolemy/domains/continuous/test/auto/IncreasingRatePoisson.xml (RunModel)" time="0.738" />
  <testcase classname="ptolemy.util.test.junit.AutoTests" name="[68] /home/travis/build/icyphy/ptII/ptolemy/domains/continuous/test/auto/InitialStateFeedback.xml (RunModel)" time="0.014" />
  <testcase classname="ptolemy.util.test.junit.AutoTests" name="[69] /home/travis/build/icyphy/ptII/ptolemy/domains/continuous/test/auto/Integration.xml (RunModel)" time="0.01" />
  <testcase classname="ptolemy.util.test.junit.AutoTests" name="[70] /home/travis/build/icyphy/ptII/ptolemy/domains/continuous/test/auto/Integration2.xml (RunModel)" time="0.074" />
  <testcase classname="ptolemy.util.test.junit.AutoTests" name="[71] /home/travis/build/icyphy/ptII/ptolemy/domains/continuous/test/auto/Integration3.xml (RunModel)" time="0.012" />
  <testcase classname="ptolemy.util.test.junit.AutoTests" name="[72] /home/travis/build/icyphy/ptII/ptolemy/domains/continuous/test/auto/Integration5.xml (RunModel)" time="0.009" />
  <testcase classname="ptolemy.util.test.junit.AutoTests" name="[73] /home/travis/build/icyphy/ptII/ptolemy/domains/continuous/test/auto/IntegratorImpulse.xml (RunModel)" time="0.012" />
  <testcase classname="ptolemy.util.test.junit.AutoTests" name="[74] /home/travis/build/icyphy/ptII/ptolemy/domains/continuous/test/auto/IntegratorImpulse2.xml (RunModel)" time="0.01" />
  <testcase classname="ptolemy.util.test.junit.AutoTests" name="[75] /home/travis/build/icyphy/ptII/ptolemy/domains/continuous/test/auto/LevelCrossing1.xml (RunModel)" time="0.017" />
  <testcase classname="ptolemy.util.test.junit.AutoTests" name="[76] /home/travis/build/icyphy/ptII/ptolemy/domains/continuous/test/auto/LevelCrossing2.xml (RunModel)" time="0.013" />
  <testcase classname="ptolemy.util.test.junit.AutoTests" name="[77] /home/travis/build/icyphy/ptII/ptolemy/domains/continuous/test/auto/LevelCrossing3.xml (RunModel)" time="0.013" />
  <testcase classname="ptolemy.util.test.junit.AutoTests" name="[78] /home/travis/build/icyphy/ptII/ptolemy/domains/continuous/test/auto/LevelCrossing4.xml (RunModel)" time="0.013" />
  <testcase classname="ptolemy.util.test.junit.AutoTests" name="[79] /home/travis/build/icyphy/ptII/ptolemy/domains/continuous/test/auto/LevelCrossing5.xml (RunModel)" time="0.016" />
  <testcase classname="ptolemy.util.test.junit.AutoTests" name="[80] /home/travis/build/icyphy/ptII/ptolemy/domains/continuous/test/auto/LevelCrossing6.xml (RunModel)" time="0.013" />
  <testcase classname="ptolemy.util.test.junit.AutoTests" name="[81] /home/travis/build/icyphy/ptII/ptolemy/domains/continuous/test/auto/LevelCrossingDetector.xml (RunModel)" time="0.037" />
  <testcase classname="ptolemy.util.test.junit.AutoTests" name="[82] /home/travis/build/icyphy/ptII/ptolemy/domains/continuous/test/auto/LevelCrossingDetectorDetectingDirections.xml (RunModel)" time="0.086" />
  <testcase classname="ptolemy.util.test.junit.AutoTests" name="[83] /home/travis/build/icyphy/ptII/ptolemy/domains/continuous/test/auto/LevelCrossingDetectorDetectsGlitches.xml (RunModel)" time="0.063" />
  <testcase classname="ptolemy.util.test.junit.AutoTests" name="[84] /home/travis/build/icyphy/ptII/ptolemy/domains/continuous/test/auto/LevelCrossingNoInitialOuput.xml (RunModel)" time="0.018" />
  <testcase classname="ptolemy.util.test.junit.AutoTests" name="[85] /home/travis/build/icyphy/ptII/ptolemy/domains/continuous/test/auto/LinearStateSpaceExample.xml (RunModel)" time="0.074" />
  <testcase classname="ptolemy.util.test.junit.AutoTests" name="[86] /home/travis/build/icyphy/ptII/ptolemy/domains/continuous/test/auto/Lorenz.xml (RunModel)" time="3.156" />
  <testcase classname="ptolemy.util.test.junit.AutoTests" name="[87] /home/travis/build/icyphy/ptII/ptolemy/domains/continuous/test/auto/LorenzDifferentialSystem.xml (RunModel)" time="1.044" />
  <testcase classname="ptolemy.util.test.junit.AutoTests" name="[88] /home/travis/build/icyphy/ptII/ptolemy/domains/continuous/test/auto/LorenzDifferentialSystemWithInput.xml (RunModel)" time="1.354" />
  <testcase classname="ptolemy.util.test.junit.AutoTests" name="[89] /home/travis/build/icyphy/ptII/ptolemy/domains/continuous/test/auto/LorenzDifferentialSystemWithTime.xml (RunModel)" time="0.693" />
  <testcase classname="ptolemy.util.test.junit.AutoTests" name="[90] /home/travis/build/icyphy/ptII/ptolemy/domains/continuous/test/auto/Microsteps.xml (RunModel)" time="0.032" />
  <testcase classname="ptolemy.util.test.junit.AutoTests" name="[91] /home/travis/build/icyphy/ptII/ptolemy/domains/continuous/test/auto/Modal1.xml (RunModel)" time="0.043" />
  <testcase classname="ptolemy.util.test.junit.AutoTests" name="[92] /home/travis/build/icyphy/ptII/ptolemy/domains/continuous/test/auto/Modal2.xml (RunModel)" time="0.056" />
  <testcase classname="ptolemy.util.test.junit.AutoTests" name="[93] /home/travis/build/icyphy/ptII/ptolemy/domains/continuous/test/auto/ModalTransitionGuardWithReset.xml (RunModel)" time="0.022" />
  <testcase classname="ptolemy.util.test.junit.AutoTests" name="[94] /home/travis/build/icyphy/ptII/ptolemy/domains/continuous/test/auto/ModalTransitionGuardWithResetUsingPreemptiveTransition.xml (RunModel)" time="0.021" />
  <testcase classname="ptolemy.util.test.junit.AutoTests" name="[95] /home/travis/build/icyphy/ptII/ptolemy/domains/continuous/test/auto/ModalTransitionGuardWithResetUsingPreemptiveTransition2.xml (RunModel)" time="0.023" />
  <testcase classname="ptolemy.util.test.junit.AutoTests" name="[96] /home/travis/build/icyphy/ptII/ptolemy/domains/continuous/test/auto/ModalTransitionGuardWithResetUsingPreemptiveTransition3.xml (RunModel)" time="0.024" />
  <testcase classname="ptolemy.util.test.junit.AutoTests" name="[97] /home/travis/build/icyphy/ptII/ptolemy/domains/continuous/test/auto/NewtonsCradle.xml (RunModel)" time="0.783" />
  <testcase classname="ptolemy.util.test.junit.AutoTests" name="[98] /home/travis/build/icyphy/ptII/ptolemy/domains/continuous/test/auto/NewtonsCradleAnimated.xml (RunModel)" time="1.269" />
  <testcase classname="ptolemy.util.test.junit.AutoTests" name="[99] /home/travis/build/icyphy/ptII/ptolemy/domains/continuous/test/auto/NewtonsCradleComplicated.xml (RunModel)" time="0.945" />
  <testcase classname="ptolemy.util.test.junit.AutoTests" name="[100] /home/travis/build/icyphy/ptII/ptolemy/domains/continuous/test/auto/NewtonsCradleNondeterministic.xml (RunModel)" time="0.694" />
  <testcase classname="ptolemy.util.test.junit.AutoTests" name="[101] /home/travis/build/icyphy/ptII/ptolemy/domains/continuous/test/auto/NewtonsCradlePerfectlyInelastic1.xml (RunModel)" time="1.167" />
  <testcase classname="ptolemy.util.test.junit.AutoTests" name="[102] /home/travis/build/icyphy/ptII/ptolemy/domains/continuous/test/auto/Noise.xml (RunModel)" time="0.21" />
  <testcase classname="ptolemy.util.test.junit.AutoTests" name="[103] /home/travis/build/icyphy/ptII/ptolemy/domains/continuous/test/auto/NoiseSpectrum.xml (RunModel)" time="0.664" />
  <testcase classname="ptolemy.util.test.junit.AutoTests" name="[104] /home/travis/build/icyphy/ptII/ptolemy/domains/continuous/test/auto/ParameterizedNewtonsCradleAnimated.xml (RunModel)" time="0.334" />
  <testcase classname="ptolemy.util.test.junit.AutoTests" name="[105] /home/travis/build/icyphy/ptII/ptolemy/domains/continuous/test/auto/ParameterizedNewtonsCradleAnimatedNondeterministic.xml (RunModel)" time="1.142" />
  <testcase classname="ptolemy.util.test.junit.AutoTests" name="[106] /home/travis/build/icyphy/ptII/ptolemy/domains/continuous/test/auto/Pendulum3D.xml (RunModel)" time="0.177" />
  <testcase classname="ptolemy.util.test.junit.AutoTests" name="[107] /home/travis/build/icyphy/ptII/ptolemy/domains/continuous/test/auto/PeriodicSampler.xml (RunModel)" time="0.011" />
  <testcase classname="ptolemy.util.test.junit.AutoTests" name="[108] /home/travis/build/icyphy/ptII/ptolemy/domains/continuous/test/auto/PeriodicSampler1.xml (RunModel)" time="0.051" />
  <testcase classname="ptolemy.util.test.junit.AutoTests" name="[109] /home/travis/build/icyphy/ptII/ptolemy/domains/continuous/test/auto/PeriodicSampler2.xml (RunModel)" time="0.082" />
  <testcase classname="ptolemy.util.test.junit.AutoTests" name="[110] /home/travis/build/icyphy/ptII/ptolemy/domains/continuous/test/auto/Poisson.xml (RunModel)" time="0.461" />
  <testcase classname="ptolemy.util.test.junit.AutoTests" name="[111] /home/travis/build/icyphy/ptII/ptolemy/domains/continuous/test/auto/PoissonClock.xml (RunModel)" time="0.013" />
  <testcase classname="ptolemy.util.test.junit.AutoTests" name="[112] /home/travis/build/icyphy/ptII/ptolemy/domains/continuous/test/auto/PoissonClock2.xml (RunModel)" time="0.013" />
  <testcase classname="ptolemy.util.test.junit.AutoTests" name="[113] /home/travis/build/icyphy/ptII/ptolemy/domains/continuous/test/auto/PortParameterHierarchy.xml (RunModel)" time="0.023" />
  <testcase classname="ptolemy.util.test.junit.AutoTests" name="[114] /home/travis/build/icyphy/ptII/ptolemy/domains/continuous/test/auto/RandomHybridPlant.xml (RunModel)" time="0.565" />
  <testcase classname="ptolemy.util.test.junit.AutoTests" name="[115] /home/travis/build/icyphy/ptII/ptolemy/domains/continuous/test/auto/ResetTransitionWithStartTime1.xml (RunModel)" time="0.032" />
  <testcase classname="ptolemy.util.test.junit.AutoTests" name="[116] /home/travis/build/icyphy/ptII/ptolemy/domains/continuous/test/auto/ResetTransitionWithStartTime2.xml (RunModel)" time="0.033" />
  <testcase classname="ptolemy.util.test.junit.AutoTests" name="[117] /home/travis/build/icyphy/ptII/ptolemy/domains/continuous/test/auto/ResetTransitionWithStartTime3.xml (RunModel)" time="0.032" />
  <testcase classname="ptolemy.util.test.junit.AutoTests" name="[118] /home/travis/build/icyphy/ptII/ptolemy/domains/continuous/test/auto/ResetTransitionWithStartTime4.xml (RunModel)" time="0.022" />
  <testcase classname="ptolemy.util.test.junit.AutoTests" name="[119] /home/travis/build/icyphy/ptII/ptolemy/domains/continuous/test/auto/ResetTransitionWithStartTime5.xml (RunModel)" time="0.029" />
  <testcase classname="ptolemy.util.test.junit.AutoTests" name="[120] /home/travis/build/icyphy/ptII/ptolemy/domains/continuous/test/auto/ResetTransitionWithStartTime6.xml (RunModel)" time="0.029" />
  <testcase classname="ptolemy.util.test.junit.AutoTests" name="[121] /home/travis/build/icyphy/ptII/ptolemy/domains/continuous/test/auto/SRinContinuous.xml (RunModel)" time="0.026" />
  <testcase classname="ptolemy.util.test.junit.AutoTests" name="[122] /home/travis/build/icyphy/ptII/ptolemy/domains/continuous/test/auto/SampledClocks.xml (RunModel)" time="0.032" />
  <testcase classname="ptolemy.util.test.junit.AutoTests" name="[123] /home/travis/build/icyphy/ptII/ptolemy/domains/continuous/test/auto/Satellite.xml (RunModel)" time="0.748" />
  <testcase classname="ptolemy.util.test.junit.AutoTests" name="[124] /home/travis/build/icyphy/ptII/ptolemy/domains/continuous/test/auto/SigmaDelta.xml (RunModel)" time="2.226" />
  <testcase classname="ptolemy.util.test.junit.AutoTests" name="[125] /home/travis/build/icyphy/ptII/ptolemy/domains/continuous/test/auto/SingleRefinement.xml (RunModel)" time="0.413" />
  <testcase classname="ptolemy.util.test.junit.AutoTests" name="[126] /home/travis/build/icyphy/ptII/ptolemy/domains/continuous/test/auto/SinuBouncingBall.xml (RunModel)" time="0.901" />
  <testcase classname="ptolemy.util.test.junit.AutoTests" name="[127] /home/travis/build/icyphy/ptII/ptolemy/domains/continuous/test/auto/Sinusoid.xml (RunModel)" time="0.016" />
  <testcase classname="ptolemy.util.test.junit.AutoTests" name="[128] /home/travis/build/icyphy/ptII/ptolemy/domains/continuous/test/auto/SinusoidInNoise.xml (RunModel)" time="0.849" />
  <testcase classname="ptolemy.util.test.junit.AutoTests" name="[129] /home/travis/build/icyphy/ptII/ptolemy/domains/continuous/test/auto/SinusoidRK45.xml (RunModel)" time="0.014" />
  <testcase classname="ptolemy.util.test.junit.AutoTests" name="[130] /home/travis/build/icyphy/ptII/ptolemy/domains/continuous/test/auto/SinusoidWithMultipleImpulses.xml (RunModel)" time="0.01" />
  <testcase classname="ptolemy.util.test.junit.AutoTests" name="[131] /home/travis/build/icyphy/ptII/ptolemy/domains/continuous/test/auto/SquareWave.xml (RunModel)" time="0.172" />
  <testcase classname="ptolemy.util.test.junit.AutoTests" name="[132] /home/travis/build/icyphy/ptII/ptolemy/domains/continuous/test/auto/Starmac.xml (RunModel)" time="3.389" />
  <testcase classname="ptolemy.util.test.junit.AutoTests" name="[133] /home/travis/build/icyphy/ptII/ptolemy/domains/continuous/test/auto/StaticUnits.xml (RunModel)" time="2.302" />
  <testcase classname="ptolemy.util.test.junit.AutoTests" name="[134] /home/travis/build/icyphy/ptII/ptolemy/domains/continuous/test/auto/StickyMasses.xml (RunModel)" time="0.193" />
  <testcase classname="ptolemy.util.test.junit.AutoTests" name="[135] /home/travis/build/icyphy/ptII/ptolemy/domains/continuous/test/auto/StopTime.xml (RunModel)" time="0.076" />
  <testcase classname="ptolemy.util.test.junit.AutoTests" name="[136] /home/travis/build/icyphy/ptII/ptolemy/domains/continuous/test/auto/StopTime2.xml (RunModel)" time="0.058" />
  <testcase classname="ptolemy.util.test.junit.AutoTests" name="[137] /home/travis/build/icyphy/ptII/ptolemy/domains/continuous/test/auto/Switch.xml (RunModel)" time="0.07" />
  <testcase classname="ptolemy.util.test.junit.AutoTests" name="[138] /home/travis/build/icyphy/ptII/ptolemy/domains/continuous/test/auto/Thermostat.xml (RunModel)" time="0.209" />
  <testcase classname="ptolemy.util.test.junit.AutoTests" name="[139] /home/travis/build/icyphy/ptII/ptolemy/domains/continuous/test/auto/TimeDelay.xml (RunModel)" time="0.013" />
  <testcase classname="ptolemy.util.test.junit.AutoTests" name="[140] /home/travis/build/icyphy/ptII/ptolemy/domains/continuous/test/auto/TimeDelay2.xml (RunModel)" time="0.028" />
  <testcase classname="ptolemy.util.test.junit.AutoTests" name="[141] /home/travis/build/icyphy/ptII/ptolemy/domains/continuous/test/auto/TimeDelay3.xml (RunModel)" time="0.011" />
  <testcase classname="ptolemy.util.test.junit.AutoTests" name="[142] /home/travis/build/icyphy/ptII/ptolemy/domains/continuous/test/auto/TransferAbsentToInside.xml (RunModel)" time="0.111" />
  <testcase classname="ptolemy.util.test.junit.AutoTests" name="[143] /home/travis/build/icyphy/ptII/ptolemy/domains/continuous/test/auto/Transmission.xml (RunModel)" time="0.794" />
  <testcase classname="ptolemy.util.test.junit.AutoTests" name="[144] /home/travis/build/icyphy/ptII/ptolemy/domains/continuous/test/auto/TriggeredContinuousClock.xml (RunModel)" time="0.062" />
  <testcase classname="ptolemy.util.test.junit.AutoTests" name="[145] /home/travis/build/icyphy/ptII/ptolemy/domains/continuous/test/auto/TwoMachineInfiniteBusControl.xml (RunModel)" time="2.438" />
  <testcase classname="ptolemy.util.test.junit.AutoTests" name="[146] /home/travis/build/icyphy/ptII/ptolemy/domains/continuous/test/auto/V2V.xml (RunModel)" time="0.869" />
  <testcase classname="ptolemy.util.test.junit.AutoTests" name="[147] /home/travis/build/icyphy/ptII/ptolemy/domains/continuous/test/auto/hierarchicalModalModel.xml (RunModel)" time="0.034" />
  <testcase classname="ptolemy.util.test.junit.AutoTests" name="[148] /home/travis/build/icyphy/ptII/ptolemy/domains/continuous/test/auto/hierarchicalModalModel1.xml (RunModel)" time="0.029" />
  <testcase classname="ptolemy.util.test.junit.AutoTests" name="[149] /home/travis/build/icyphy/ptII/ptolemy/domains/continuous/test/auto/hierarchicalModalModel2.xml (RunModel)" time="0.028" />
  <testcase classname="ptolemy.util.test.junit.AutoTests" name="[150] /home/travis/build/icyphy/ptII/ptolemy/domains/continuous/test/auto/hierarchicalModalModel3.xml (RunModel)" time="0.025" />
  <testcase classname="ptolemy.util.test.junit.AutoTests" name="[151] /home/travis/build/icyphy/ptII/ptolemy/domains/continuous/test/auto/hierarchicalModalModel4.xml (RunModel)" time="0.026" />
  <testcase classname="ptolemy.util.test.junit.AutoTests" name="[152] /home/travis/build/icyphy/ptII/ptolemy/domains/continuous/test/auto/junk.xml (RunModel)" time="0.128" />
  <system-out><![CDATA[No tcl tests in /home/travis/build/icyphy/ptII/ptolemy/domains/continuous/test
No auto/knownFailedTests/*.xml tests in /home/travis/build/icyphy/ptII/ptolemy/domains/continuous/test
No auto/linux-amd64/*.xml tests in /home/travis/build/icyphy/ptII/ptolemy/domains/continuous/test
AutoTests.java: About to close Vertx.
AutoTests.java: Vertx closed.

===========================================================================================
----------------- testing Wed Feb 05 17:03:48 UTC 2020 /home/travis/build/icyphy/ptII/ptolemy/domains/continuous/test/auto/BouncingBall.xml
----------------- Instantiating /home/travis/build/icyphy/ptII/ptolemy/domains/continuous/test/auto/BouncingBall.xml
2319 ms. Memory: 163840K Free: 135077K (82%)
----------------- Invoking toplevel() on ptolemy.moml.MoMLSimpleApplication@34cb5e90
----------------- Done invoking toplevel() on ptolemy.moml.MoMLSimpleApplication@34cb5e90
reloadAllAccessors: .BouncingBall

===========================================================================================
----------------- testing Wed Feb 05 17:03:51 UTC 2020 /home/travis/build/icyphy/ptII/ptolemy/domains/continuous/test/auto/BouncingBallWithoutGR.xml
----------------- Instantiating /home/travis/build/icyphy/ptII/ptolemy/domains/continuous/test/auto/BouncingBallWithoutGR.xml
810 ms. Memory: 163840K Free: 144768K (88%)
----------------- Invoking toplevel() on ptolemy.moml.MoMLSimpleApplication@68e14595
----------------- Done invoking toplevel() on ptolemy.moml.MoMLSimpleApplication@68e14595
reloadAllAccessors: .BouncingBallWithoutGR

===========================================================================================
----------------- testing Wed Feb 05 17:03:52 UTC 2020 /home/travis/build/icyphy/ptII/ptolemy/domains/continuous/test/auto/Brownian.xml
----------------- Instantiating /home/travis/build/icyphy/ptII/ptolemy/domains/continuous/test/auto/Brownian.xml
23 ms. Memory: 163840K Free: 135552K (83%)
----------------- Invoking toplevel() on ptolemy.moml.MoMLSimpleApplication@25fbee99
----------------- Done invoking toplevel() on ptolemy.moml.MoMLSimpleApplication@25fbee99
reloadAllAccessors: .Brownian

===========================================================================================
----------------- testing Wed Feb 05 17:03:52 UTC 2020 /home/travis/build/icyphy/ptII/ptolemy/domains/continuous/test/auto/CarTracking.xml
----------------- Instantiating /home/travis/build/icyphy/ptII/ptolemy/domains/continuous/test/auto/CarTracking.xml
3790 ms. Memory: 197632K Free: 168360K (85%)
----------------- Invoking toplevel() on ptolemy.moml.MoMLSimpleApplication@51607d0b
----------------- Done invoking toplevel() on ptolemy.moml.MoMLSimpleApplication@51607d0b
reloadAllAccessors: .CarTracking

===========================================================================================
----------------- testing Wed Feb 05 17:03:56 UTC 2020 /home/travis/build/icyphy/ptII/ptolemy/domains/continuous/test/auto/CartPendulum.xml
----------------- Instantiating /home/travis/build/icyphy/ptII/ptolemy/domains/continuous/test/auto/CartPendulum.xml
405 ms. Memory: 197632K Free: 76230K (39%)
----------------- Invoking toplevel() on ptolemy.moml.MoMLSimpleApplication@72a6a8a5
----------------- Done invoking toplevel() on ptolemy.moml.MoMLSimpleApplication@72a6a8a5
reloadAllAccessors: .CartPendulum

===========================================================================================
----------------- testing Wed Feb 05 17:03:57 UTC 2020 /home/travis/build/icyphy/ptII/ptolemy/domains/continuous/test/auto/CausalityInterface10.xml
----------------- Instantiating /home/travis/build/icyphy/ptII/ptolemy/domains/continuous/test/auto/CausalityInterface10.xml
25 ms. Memory: 237568K Free: 222278K (94%)
----------------- Invoking toplevel() on ptolemy.moml.MoMLSimpleApplication@2fd1461
----------------- Done invoking toplevel() on ptolemy.moml.MoMLSimpleApplication@2fd1461
reloadAllAccessors: .CausalityInterface10

===========================================================================================
----------------- testing Wed Feb 05 17:03:57 UTC 2020 /home/travis/build/icyphy/ptII/ptolemy/domains/continuous/test/auto/CausalityInterface11.xml
----------------- Instantiating /home/travis/build/icyphy/ptII/ptolemy/domains/continuous/test/auto/CausalityInterface11.xml
8 ms. Memory: 237568K Free: 215768K (91%)
----------------- Invoking toplevel() on ptolemy.moml.MoMLSimpleApplication@6ca63f2b
----------------- Done invoking toplevel() on ptolemy.moml.MoMLSimpleApplication@6ca63f2b
reloadAllAccessors: .CausalityInterface11

===========================================================================================
----------------- testing Wed Feb 05 17:03:57 UTC 2020 /home/travis/build/icyphy/ptII/ptolemy/domains/continuous/test/auto/CausalityInterface12.xml
----------------- Instantiating /home/travis/build/icyphy/ptII/ptolemy/domains/continuous/test/auto/CausalityInterface12.xml
5 ms. Memory: 237568K Free: 209624K (88%)
----------------- Invoking toplevel() on ptolemy.moml.MoMLSimpleApplication@71b279bb
----------------- Done invoking toplevel() on ptolemy.moml.MoMLSimpleApplication@71b279bb
reloadAllAccessors: .CausalityInterface12

===========================================================================================
----------------- testing Wed Feb 05 17:03:57 UTC 2020 /home/travis/build/icyphy/ptII/ptolemy/domains/continuous/test/auto/CausalityInterface13.xml
----------------- Instantiating /home/travis/build/icyphy/ptII/ptolemy/domains/continuous/test/auto/CausalityInterface13.xml
8 ms. Memory: 237568K Free: 203480K (86%)
----------------- Invoking toplevel() on ptolemy.moml.MoMLSimpleApplication@7a531c86
----------------- Done invoking toplevel() on ptolemy.moml.MoMLSimpleApplication@7a531c86
reloadAllAccessors: .CausalityInterface13

===========================================================================================
----------------- testing Wed Feb 05 17:03:57 UTC 2020 /home/travis/build/icyphy/ptII/ptolemy/domains/continuous/test/auto/CausalityInterface14.xml
----------------- Instantiating /home/travis/build/icyphy/ptII/ptolemy/domains/continuous/test/auto/CausalityInterface14.xml
8 ms. Memory: 237568K Free: 197832K (83%)
----------------- Invoking toplevel() on ptolemy.moml.MoMLSimpleApplication@54d476ca
----------------- Done invoking toplevel() on ptolemy.moml.MoMLSimpleApplication@54d476ca
reloadAllAccessors: .CausalityInterface14

===========================================================================================
----------------- testing Wed Feb 05 17:03:57 UTC 2020 /home/travis/build/icyphy/ptII/ptolemy/domains/continuous/test/auto/CausalityInterface4.xml
----------------- Instantiating /home/travis/build/icyphy/ptII/ptolemy/domains/continuous/test/auto/CausalityInterface4.xml
4 ms. Memory: 237568K Free: 191192K (80%)
----------------- Invoking toplevel() on ptolemy.moml.MoMLSimpleApplication@53f99d2e
----------------- Done invoking toplevel() on ptolemy.moml.MoMLSimpleApplication@53f99d2e
reloadAllAccessors: .CausalityInterface4

===========================================================================================
----------------- testing Wed Feb 05 17:03:57 UTC 2020 /home/travis/build/icyphy/ptII/ptolemy/domains/continuous/test/auto/CausalityInterface5.xml
----------------- Instantiating /home/travis/build/icyphy/ptII/ptolemy/domains/continuous/test/auto/CausalityInterface5.xml
11 ms. Memory: 237568K Free: 183000K (77%)
----------------- Invoking toplevel() on ptolemy.moml.MoMLSimpleApplication@6f6176e4
----------------- Done invoking toplevel() on ptolemy.moml.MoMLSimpleApplication@6f6176e4
reloadAllAccessors: .CausalityInterface5

===========================================================================================
----------------- testing Wed Feb 05 17:03:57 UTC 2020 /home/travis/build/icyphy/ptII/ptolemy/domains/continuous/test/auto/CausalityInterface6.xml
----------------- Instantiating /home/travis/build/icyphy/ptII/ptolemy/domains/continuous/test/auto/CausalityInterface6.xml
4 ms. Memory: 237568K Free: 177352K (75%)
----------------- Invoking toplevel() on ptolemy.moml.MoMLSimpleApplication@25be06d2
----------------- Done invoking toplevel() on ptolemy.moml.MoMLSimpleApplication@25be06d2
reloadAllAccessors: .CausalityInterface6

===========================================================================================
----------------- testing Wed Feb 05 17:03:57 UTC 2020 /home/travis/build/icyphy/ptII/ptolemy/domains/continuous/test/auto/CausalityInterface7.xml
----------------- Instantiating /home/travis/build/icyphy/ptII/ptolemy/domains/continuous/test/auto/CausalityInterface7.xml
8 ms. Memory: 237568K Free: 169174K (71%)
----------------- Invoking toplevel() on ptolemy.moml.MoMLSimpleApplication@6db7c255
----------------- Done invoking toplevel() on ptolemy.moml.MoMLSimpleApplication@6db7c255
reloadAllAccessors: .CausalityInterface7

===========================================================================================
----------------- testing Wed Feb 05 17:03:57 UTC 2020 /home/travis/build/icyphy/ptII/ptolemy/domains/continuous/test/auto/CausalityInterface8.xml
----------------- Instantiating /home/travis/build/icyphy/ptII/ptolemy/domains/continuous/test/auto/CausalityInterface8.xml
6 ms. Memory: 237568K Free: 159958K (67%)
----------------- Invoking toplevel() on ptolemy.moml.MoMLSimpleApplication@27d33773
----------------- Done invoking toplevel() on ptolemy.moml.MoMLSimpleApplication@27d33773
reloadAllAccessors: .CausalityInterface8

===========================================================================================
----------------- testing Wed Feb 05 17:03:57 UTC 2020 /home/travis/build/icyphy/ptII/ptolemy/domains/continuous/test/auto/CausalityInterface9.xml
----------------- Instantiating /home/travis/build/icyphy/ptII/ptolemy/domains/continuous/test/auto/CausalityInterface9.xml
9 ms. Memory: 237568K Free: 149208K (63%)
----------------- Invoking toplevel() on ptolemy.moml.MoMLSimpleApplication@40146422
----------------- Done invoking toplevel() on ptolemy.moml.MoMLSimpleApplication@40146422
reloadAllAccessors: .CausalityInterface9

===========================================================================================
----------------- testing Wed Feb 05 17:03:57 UTC 2020 /home/travis/build/icyphy/ptII/ptolemy/domains/continuous/test/auto/CausalityInterfaceFeedback1.xml
----------------- Instantiating /home/travis/build/icyphy/ptII/ptolemy/domains/continuous/test/auto/CausalityInterfaceFeedback1.xml
6 ms. Memory: 237568K Free: 142536K (60%)
----------------- Invoking toplevel() on ptolemy.moml.MoMLSimpleApplication@2e019c55
----------------- Done invoking toplevel() on ptolemy.moml.MoMLSimpleApplication@2e019c55
reloadAllAccessors: .CausalityInterfaceFeedback1

===========================================================================================
----------------- testing Wed Feb 05 17:03:57 UTC 2020 /home/travis/build/icyphy/ptII/ptolemy/domains/continuous/test/auto/CausalityInterfaceFeedback2.xml
----------------- Instantiating /home/travis/build/icyphy/ptII/ptolemy/domains/continuous/test/auto/CausalityInterfaceFeedback2.xml
7 ms. Memory: 237568K Free: 135896K (57%)
----------------- Invoking toplevel() on ptolemy.moml.MoMLSimpleApplication@6fda984c
----------------- Done invoking toplevel() on ptolemy.moml.MoMLSimpleApplication@6fda984c
reloadAllAccessors: .CausalityInterfaceFeedback2

===========================================================================================
----------------- testing Wed Feb 05 17:03:58 UTC 2020 /home/travis/build/icyphy/ptII/ptolemy/domains/continuous/test/auto/CompareWithCurrentTime.xml
----------------- Instantiating /home/travis/build/icyphy/ptII/ptolemy/domains/continuous/test/auto/CompareWithCurrentTime.xml
5 ms. Memory: 237568K Free: 131800K (55%)
----------------- Invoking toplevel() on ptolemy.moml.MoMLSimpleApplication@9885f7c
----------------- Done invoking toplevel() on ptolemy.moml.MoMLSimpleApplication@9885f7c
reloadAllAccessors: .CompareWithCurrentTime

===========================================================================================
----------------- testing Wed Feb 05 17:03:58 UTC 2020 /home/travis/build/icyphy/ptII/ptolemy/domains/continuous/test/auto/ComparedClocks.xml
----------------- Instantiating /home/travis/build/icyphy/ptII/ptolemy/domains/continuous/test/auto/ComparedClocks.xml
11 ms. Memory: 237568K Free: 116440K (49%)
----------------- Invoking toplevel() on ptolemy.moml.MoMLSimpleApplication@284137eb
----------------- Done invoking toplevel() on ptolemy.moml.MoMLSimpleApplication@284137eb
reloadAllAccessors: .ComparedClocks

===========================================================================================
----------------- testing Wed Feb 05 17:03:58 UTC 2020 /home/travis/build/icyphy/ptII/ptolemy/domains/continuous/test/auto/ContinuousAOCClone.xml
----------------- Instantiating /home/travis/build/icyphy/ptII/ptolemy/domains/continuous/test/auto/ContinuousAOCClone.xml
2317 ms. Memory: 237568K Free: 161208K (68%)
----------------- Invoking toplevel() on ptolemy.moml.MoMLSimpleApplication@16b69f78
----------------- Done invoking toplevel() on ptolemy.moml.MoMLSimpleApplication@16b69f78
reloadAllAccessors: .ContinuousAOCClone

===========================================================================================
----------------- testing Wed Feb 05 17:04:00 UTC 2020 /home/travis/build/icyphy/ptII/ptolemy/domains/continuous/test/auto/ContinuousClock.xml
----------------- Instantiating /home/travis/build/icyphy/ptII/ptolemy/domains/continuous/test/auto/ContinuousClock.xml
31 ms. Memory: 237568K Free: 139704K (59%)
----------------- Invoking toplevel() on ptolemy.moml.MoMLSimpleApplication@7370383e
----------------- Done invoking toplevel() on ptolemy.moml.MoMLSimpleApplication@7370383e
reloadAllAccessors: .ContinuousClock

===========================================================================================
----------------- testing Wed Feb 05 17:04:00 UTC 2020 /home/travis/build/icyphy/ptII/ptolemy/domains/continuous/test/auto/ContinuousInContinuous.xml
----------------- Instantiating /home/travis/build/icyphy/ptII/ptolemy/domains/continuous/test/auto/ContinuousInContinuous.xml
43 ms. Memory: 237568K Free: 116152K (49%)
----------------- Invoking toplevel() on ptolemy.moml.MoMLSimpleApplication@17296f17
----------------- Done invoking toplevel() on ptolemy.moml.MoMLSimpleApplication@17296f17
reloadAllAccessors: .ContinuousInContinuous

===========================================================================================
----------------- testing Wed Feb 05 17:04:00 UTC 2020 /home/travis/build/icyphy/ptII/ptolemy/domains/continuous/test/auto/ContinuousInContinuousInContinuous.xml
----------------- Instantiating /home/travis/build/icyphy/ptII/ptolemy/domains/continuous/test/auto/ContinuousInContinuousInContinuous.xml
8 ms. Memory: 237568K Free: 108470K (46%)
----------------- Invoking toplevel() on ptolemy.moml.MoMLSimpleApplication@2079b606
----------------- Done invoking toplevel() on ptolemy.moml.MoMLSimpleApplication@2079b606
reloadAllAccessors: .ContinuousInContinuousInContinuous

===========================================================================================
----------------- testing Wed Feb 05 17:04:00 UTC 2020 /home/travis/build/icyphy/ptII/ptolemy/domains/continuous/test/auto/ContinuousInDE.xml
----------------- Instantiating /home/travis/build/icyphy/ptII/ptolemy/domains/continuous/test/auto/ContinuousInDE.xml
52 ms. Memory: 237568K Free: 97720K (41%)
----------------- Invoking toplevel() on ptolemy.moml.MoMLSimpleApplication@7f746401
----------------- Done invoking toplevel() on ptolemy.moml.MoMLSimpleApplication@7f746401
reloadAllAccessors: .ContinuousInDE

===========================================================================================
----------------- testing Wed Feb 05 17:04:01 UTC 2020 /home/travis/build/icyphy/ptII/ptolemy/domains/continuous/test/auto/ContinuousInDE2.xml
----------------- Instantiating /home/travis/build/icyphy/ptII/ptolemy/domains/continuous/test/auto/ContinuousInDE2.xml
34 ms. Memory: 237568K Free: 87990K (37%)
----------------- Invoking toplevel() on ptolemy.moml.MoMLSimpleApplication@5265fcf3
----------------- Done invoking toplevel() on ptolemy.moml.MoMLSimpleApplication@5265fcf3
reloadAllAccessors: .ContinuousInDE2

===========================================================================================
----------------- testing Wed Feb 05 17:04:01 UTC 2020 /home/travis/build/icyphy/ptII/ptolemy/domains/continuous/test/auto/ContinuousInDE3.xml
----------------- Instantiating /home/travis/build/icyphy/ptII/ptolemy/domains/continuous/test/auto/ContinuousInDE3.xml
36 ms. Memory: 237568K Free: 219205K (92%)
----------------- Invoking toplevel() on ptolemy.moml.MoMLSimpleApplication@19782317
----------------- Done invoking toplevel() on ptolemy.moml.MoMLSimpleApplication@19782317
reloadAllAccessors: .ContinuousInDE3

===========================================================================================
----------------- testing Wed Feb 05 17:04:01 UTC 2020 /home/travis/build/icyphy/ptII/ptolemy/domains/continuous/test/auto/ContinuousInDE4.xml
----------------- Instantiating /home/travis/build/icyphy/ptII/ptolemy/domains/continuous/test/auto/ContinuousInDE4.xml
13 ms. Memory: 237568K Free: 212395K (89%)
----------------- Invoking toplevel() on ptolemy.moml.MoMLSimpleApplication@292e6788
----------------- Done invoking toplevel() on ptolemy.moml.MoMLSimpleApplication@292e6788
reloadAllAccessors: .ContinuousInDE4

===========================================================================================
----------------- testing Wed Feb 05 17:04:01 UTC 2020 /home/travis/build/icyphy/ptII/ptolemy/domains/continuous/test/auto/ContinuousInDEDifferentRefinements.xml
----------------- Instantiating /home/travis/build/icyphy/ptII/ptolemy/domains/continuous/test/auto/ContinuousInDEDifferentRefinements.xml
46 ms. Memory: 237568K Free: 181165K (76%)
----------------- Invoking toplevel() on ptolemy.moml.MoMLSimpleApplication@3e44f46b
----------------- Done invoking toplevel() on ptolemy.moml.MoMLSimpleApplication@3e44f46b
reloadAllAccessors: .ContinuousInDEDifferentRefinements

===========================================================================================
----------------- testing Wed Feb 05 17:04:01 UTC 2020 /home/travis/build/icyphy/ptII/ptolemy/domains/continuous/test/auto/ContinuousInDEDifferentRefinementsPreemptive.xml
----------------- Instantiating /home/travis/build/icyphy/ptII/ptolemy/domains/continuous/test/auto/ContinuousInDEDifferentRefinementsPreemptive.xml
51 ms. Memory: 237568K Free: 150445K (63%)
----------------- Invoking toplevel() on ptolemy.moml.MoMLSimpleApplication@bb117d7
----------------- Done invoking toplevel() on ptolemy.moml.MoMLSimpleApplication@bb117d7
reloadAllAccessors: .ContinuousInDEDifferentRefinementsPreemptive

===========================================================================================
----------------- testing Wed Feb 05 17:04:01 UTC 2020 /home/travis/build/icyphy/ptII/ptolemy/domains/continuous/test/auto/ContinuousInDEInContinuous2.xml
----------------- Instantiating /home/travis/build/icyphy/ptII/ptolemy/domains/continuous/test/auto/ContinuousInDEInContinuous2.xml
32 ms. Memory: 237568K Free: 139181K (59%)
----------------- Invoking toplevel() on ptolemy.moml.MoMLSimpleApplication@6fbbfff2
----------------- Done invoking toplevel() on ptolemy.moml.MoMLSimpleApplication@6fbbfff2
reloadAllAccessors: .ContinuousInDEInContinuous2

===========================================================================================
----------------- testing Wed Feb 05 17:04:01 UTC 2020 /home/travis/build/icyphy/ptII/ptolemy/domains/continuous/test/auto/ContinuousInDEInContinuous3.xml
----------------- Instantiating /home/travis/build/icyphy/ptII/ptolemy/domains/continuous/test/auto/ContinuousInDEInContinuous3.xml
33 ms. Memory: 237568K Free: 127403K (54%)
----------------- Invoking toplevel() on ptolemy.moml.MoMLSimpleApplication@30a11e85
----------------- Done invoking toplevel() on ptolemy.moml.MoMLSimpleApplication@30a11e85
reloadAllAccessors: .ContinuousInDEInContinuous3

===========================================================================================
----------------- testing Wed Feb 05 17:04:01 UTC 2020 /home/travis/build/icyphy/ptII/ptolemy/domains/continuous/test/auto/ContinuousInDEInput.xml
----------------- Instantiating /home/travis/build/icyphy/ptII/ptolemy/domains/continuous/test/auto/ContinuousInDEInput.xml
19 ms. Memory: 237568K Free: 120235K (51%)
----------------- Invoking toplevel() on ptolemy.moml.MoMLSimpleApplication@1d26ab07
----------------- Done invoking toplevel() on ptolemy.moml.MoMLSimpleApplication@1d26ab07
reloadAllAccessors: .ContinuousInDEInput

===========================================================================================
----------------- testing Wed Feb 05 17:04:01 UTC 2020 /home/travis/build/icyphy/ptII/ptolemy/domains/continuous/test/auto/ContinuousInDEInput2.xml
----------------- Instantiating /home/travis/build/icyphy/ptII/ptolemy/domains/continuous/test/auto/ContinuousInDEInput2.xml
17 ms. Memory: 237568K Free: 113067K (48%)
----------------- Invoking toplevel() on ptolemy.moml.MoMLSimpleApplication@3e74b296
----------------- Done invoking toplevel() on ptolemy.moml.MoMLSimpleApplication@3e74b296
reloadAllAccessors: .ContinuousInDEInput2

===========================================================================================
----------------- testing Wed Feb 05 17:04:01 UTC 2020 /home/travis/build/icyphy/ptII/ptolemy/domains/continuous/test/auto/ContinuousInDEInput3.xml
----------------- Instantiating /home/travis/build/icyphy/ptII/ptolemy/domains/continuous/test/auto/ContinuousInDEInput3.xml
12 ms. Memory: 237568K Free: 105899K (45%)
----------------- Invoking toplevel() on ptolemy.moml.MoMLSimpleApplication@2d096502
----------------- Done invoking toplevel() on ptolemy.moml.MoMLSimpleApplication@2d096502
reloadAllAccessors: .ContinuousInDEInput3

===========================================================================================
----------------- testing Wed Feb 05 17:04:01 UTC 2020 /home/travis/build/icyphy/ptII/ptolemy/domains/continuous/test/auto/ContinuousInDESharingRefinement.xml
----------------- Instantiating /home/travis/build/icyphy/ptII/ptolemy/domains/continuous/test/auto/ContinuousInDESharingRefinement.xml
156 ms. Memory: 237568K Free: 152347K (64%)
----------------- Invoking toplevel() on ptolemy.moml.MoMLSimpleApplication@200a5e99
----------------- Done invoking toplevel() on ptolemy.moml.MoMLSimpleApplication@200a5e99
reloadAllAccessors: .ContinuousInDESharingRefinement

===========================================================================================
----------------- testing Wed Feb 05 17:04:01 UTC 2020 /home/travis/build/icyphy/ptII/ptolemy/domains/continuous/test/auto/ContinuousInDEwithNoPorts.xml
----------------- Instantiating /home/travis/build/icyphy/ptII/ptolemy/domains/continuous/test/auto/ContinuousInDEwithNoPorts.xml
5 ms. Memory: 237568K Free: 148116K (62%)
----------------- Invoking toplevel() on ptolemy.moml.MoMLSimpleApplication@38014d38
----------------- Done invoking toplevel() on ptolemy.moml.MoMLSimpleApplication@38014d38
reloadAllAccessors: .ContinuousInDEwithNoPorts

===========================================================================================
----------------- testing Wed Feb 05 17:04:01 UTC 2020 /home/travis/build/icyphy/ptII/ptolemy/domains/continuous/test/auto/ContinuousInsideDE.xml
----------------- Instantiating /home/travis/build/icyphy/ptII/ptolemy/domains/continuous/test/auto/ContinuousInsideDE.xml
36 ms. Memory: 237568K Free: 136338K (57%)
----------------- Invoking toplevel() on ptolemy.moml.MoMLSimpleApplication@60d2a231
----------------- Done invoking toplevel() on ptolemy.moml.MoMLSimpleApplication@60d2a231
reloadAllAccessors: .ContinuousInsideDE

===========================================================================================
----------------- testing Wed Feb 05 17:04:01 UTC 2020 /home/travis/build/icyphy/ptII/ptolemy/domains/continuous/test/auto/ContinuousMerge1.xml
----------------- Instantiating /home/travis/build/icyphy/ptII/ptolemy/domains/continuous/test/auto/ContinuousMerge1.xml
3 ms. Memory: 237568K Free: 131732K (55%)
----------------- Invoking toplevel() on ptolemy.moml.MoMLSimpleApplication@6a3b0603
----------------- Done invoking toplevel() on ptolemy.moml.MoMLSimpleApplication@6a3b0603
reloadAllAccessors: .ContinuousMerge1

===========================================================================================
----------------- testing Wed Feb 05 17:04:01 UTC 2020 /home/travis/build/icyphy/ptII/ptolemy/domains/continuous/test/auto/ContinuousMerge2.xml
----------------- Instantiating /home/travis/build/icyphy/ptII/ptolemy/domains/continuous/test/auto/ContinuousMerge2.xml
17 ms. Memory: 237568K Free: 121492K (51%)
----------------- Invoking toplevel() on ptolemy.moml.MoMLSimpleApplication@457a1776
----------------- Done invoking toplevel() on ptolemy.moml.MoMLSimpleApplication@457a1776
reloadAllAccessors: .ContinuousMerge2

===========================================================================================
----------------- testing Wed Feb 05 17:04:01 UTC 2020 /home/travis/build/icyphy/ptII/ptolemy/domains/continuous/test/auto/ContinuousMerge3.xml
----------------- Instantiating /home/travis/build/icyphy/ptII/ptolemy/domains/continuous/test/auto/ContinuousMerge3.xml
39 ms. Memory: 237568K Free: 110738K (47%)
----------------- Invoking toplevel() on ptolemy.moml.MoMLSimpleApplication@558c3c38
----------------- Done invoking toplevel() on ptolemy.moml.MoMLSimpleApplication@558c3c38
reloadAllAccessors: .ContinuousMerge3

===========================================================================================
----------------- testing Wed Feb 05 17:04:02 UTC 2020 /home/travis/build/icyphy/ptII/ptolemy/domains/continuous/test/auto/ContinuousWithinContinuous.xml
----------------- Instantiating /home/travis/build/icyphy/ptII/ptolemy/domains/continuous/test/auto/ContinuousWithinContinuous.xml
30 ms. Memory: 237568K Free: 101522K (43%)
----------------- Invoking toplevel() on ptolemy.moml.MoMLSimpleApplication@6a373d8
----------------- Done invoking toplevel() on ptolemy.moml.MoMLSimpleApplication@6a373d8
reloadAllAccessors: .ContinuousWithinContinuous

===========================================================================================
----------------- testing Wed Feb 05 17:04:02 UTC 2020 /home/travis/build/icyphy/ptII/ptolemy/domains/continuous/test/auto/ContinuousWithinContinuous2.xml
----------------- Instantiating /home/travis/build/icyphy/ptII/ptolemy/domains/continuous/test/auto/ContinuousWithinContinuous2.xml
58 ms. Memory: 237568K Free: 89748K (38%)
----------------- Invoking toplevel() on ptolemy.moml.MoMLSimpleApplication@4aa83dfa
----------------- Done invoking toplevel() on ptolemy.moml.MoMLSimpleApplication@4aa83dfa
reloadAllAccessors: .ContinuousWithinContinuous2

===========================================================================================
----------------- testing Wed Feb 05 17:04:02 UTC 2020 /home/travis/build/icyphy/ptII/ptolemy/domains/continuous/test/auto/ContinuousWithinContinuous3.xml
----------------- Instantiating /home/travis/build/icyphy/ptII/ptolemy/domains/continuous/test/auto/ContinuousWithinContinuous3.xml
11 ms. Memory: 237568K Free: 82580K (35%)
----------------- Invoking toplevel() on ptolemy.moml.MoMLSimpleApplication@1478435f
----------------- Done invoking toplevel() on ptolemy.moml.MoMLSimpleApplication@1478435f
reloadAllAccessors: .ContinuousWithinContinuous3

===========================================================================================
----------------- testing Wed Feb 05 17:04:02 UTC 2020 /home/travis/build/icyphy/ptII/ptolemy/domains/continuous/test/auto/ContinuousWithinContinuous4.xml
----------------- Instantiating /home/travis/build/icyphy/ptII/ptolemy/domains/continuous/test/auto/ContinuousWithinContinuous4.xml
61 ms. Memory: 237568K Free: 211563K (89%)
----------------- Invoking toplevel() on ptolemy.moml.MoMLSimpleApplication@42412167
----------------- Done invoking toplevel() on ptolemy.moml.MoMLSimpleApplication@42412167
reloadAllAccessors: .ContinuousWithinContinuous4

===========================================================================================
----------------- testing Wed Feb 05 17:04:02 UTC 2020 /home/travis/build/icyphy/ptII/ptolemy/domains/continuous/test/auto/ContinuousWithinContinuous5.xml
----------------- Instantiating /home/travis/build/icyphy/ptII/ptolemy/domains/continuous/test/auto/ContinuousWithinContinuous5.xml
10 ms. Memory: 237568K Free: 203881K (86%)
----------------- Invoking toplevel() on ptolemy.moml.MoMLSimpleApplication@496bf237
----------------- Done invoking toplevel() on ptolemy.moml.MoMLSimpleApplication@496bf237
reloadAllAccessors: .ContinuousWithinContinuous5

===========================================================================================
----------------- testing Wed Feb 05 17:04:02 UTC 2020 /home/travis/build/icyphy/ptII/ptolemy/domains/continuous/test/auto/ContinuousWithinContinuous6.xml
----------------- Instantiating /home/travis/build/icyphy/ptII/ptolemy/domains/continuous/test/auto/ContinuousWithinContinuous6.xml
11 ms. Memory: 237568K Free: 196713K (83%)
----------------- Invoking toplevel() on ptolemy.moml.MoMLSimpleApplication@4383534c
----------------- Done invoking toplevel() on ptolemy.moml.MoMLSimpleApplication@4383534c
reloadAllAccessors: .ContinuousWithinContinuous6

===========================================================================================
----------------- testing Wed Feb 05 17:04:02 UTC 2020 /home/travis/build/icyphy/ptII/ptolemy/domains/continuous/test/auto/ContinuousWithinContinuous7.xml
----------------- Instantiating /home/travis/build/icyphy/ptII/ptolemy/domains/continuous/test/auto/ContinuousWithinContinuous7.xml
49 ms. Memory: 237568K Free: 185963K (78%)
----------------- Invoking toplevel() on ptolemy.moml.MoMLSimpleApplication@16c53d3d
----------------- Done invoking toplevel() on ptolemy.moml.MoMLSimpleApplication@16c53d3d
reloadAllAccessors: .ContinuousWithinContinuous7

===========================================================================================
----------------- testing Wed Feb 05 17:04:02 UTC 2020 /home/travis/build/icyphy/ptII/ptolemy/domains/continuous/test/auto/DCMotor.xml
----------------- Instantiating /home/travis/build/icyphy/ptII/ptolemy/domains/continuous/test/auto/DCMotor.xml
11880 ms. Memory: 237568K Free: 218681K (92%)
----------------- Invoking toplevel() on ptolemy.moml.MoMLSimpleApplication@b0c4700
----------------- Done invoking toplevel() on ptolemy.moml.MoMLSimpleApplication@b0c4700
reloadAllAccessors: .DCMotor

===========================================================================================
----------------- testing Wed Feb 05 17:04:14 UTC 2020 /home/travis/build/icyphy/ptII/ptolemy/domains/continuous/test/auto/DEInContinuous.xml
----------------- Instantiating /home/travis/build/icyphy/ptII/ptolemy/domains/continuous/test/auto/DEInContinuous.xml
22 ms. Memory: 237568K Free: 212537K (89%)
----------------- Invoking toplevel() on ptolemy.moml.MoMLSimpleApplication@b71b3aa
----------------- Done invoking toplevel() on ptolemy.moml.MoMLSimpleApplication@b71b3aa
reloadAllAccessors: .DEInContinuous

===========================================================================================
----------------- testing Wed Feb 05 17:04:14 UTC 2020 /home/travis/build/icyphy/ptII/ptolemy/domains/continuous/test/auto/DEinContinuous2.xml
----------------- Instantiating /home/travis/build/icyphy/ptII/ptolemy/domains/continuous/test/auto/DEinContinuous2.xml
9 ms. Memory: 237568K Free: 204859K (86%)
----------------- Invoking toplevel() on ptolemy.moml.MoMLSimpleApplication@5f60bad2
----------------- Done invoking toplevel() on ptolemy.moml.MoMLSimpleApplication@5f60bad2
reloadAllAccessors: .DEinContinuous2

===========================================================================================
----------------- testing Wed Feb 05 17:04:14 UTC 2020 /home/travis/build/icyphy/ptII/ptolemy/domains/continuous/test/auto/Derivative.xml
----------------- Instantiating /home/travis/build/icyphy/ptII/ptolemy/domains/continuous/test/auto/Derivative.xml
133 ms. Memory: 237568K Free: 175163K (74%)
----------------- Invoking toplevel() on ptolemy.moml.MoMLSimpleApplication@68f575eb
----------------- Done invoking toplevel() on ptolemy.moml.MoMLSimpleApplication@68f575eb
reloadAllAccessors: .Derivative2

===========================================================================================
----------------- testing Wed Feb 05 17:04:14 UTC 2020 /home/travis/build/icyphy/ptII/ptolemy/domains/continuous/test/auto/Derivative1.xml
----------------- Instantiating /home/travis/build/icyphy/ptII/ptolemy/domains/continuous/test/auto/Derivative1.xml
27 ms. Memory: 237568K Free: 160827K (68%)
----------------- Invoking toplevel() on ptolemy.moml.MoMLSimpleApplication@f70f523
----------------- Done invoking toplevel() on ptolemy.moml.MoMLSimpleApplication@f70f523
reloadAllAccessors: .Derivative1

===========================================================================================
----------------- testing Wed Feb 05 17:04:14 UTC 2020 /home/travis/build/icyphy/ptII/ptolemy/domains/continuous/test/auto/DiscreteClock.xml
----------------- Instantiating /home/travis/build/icyphy/ptII/ptolemy/domains/continuous/test/auto/DiscreteClock.xml
4 ms. Memory: 237568K Free: 155707K (66%)
----------------- Invoking toplevel() on ptolemy.moml.MoMLSimpleApplication@11310b95
----------------- Done invoking toplevel() on ptolemy.moml.MoMLSimpleApplication@11310b95
reloadAllAccessors: .DiscreteClock

===========================================================================================
----------------- testing Wed Feb 05 17:04:14 UTC 2020 /home/travis/build/icyphy/ptII/ptolemy/domains/continuous/test/auto/EfficiencyCurve.xml
----------------- Instantiating /home/travis/build/icyphy/ptII/ptolemy/domains/continuous/test/auto/EfficiencyCurve.xml
47 ms. Memory: 237568K Free: 146491K (62%)
----------------- Invoking toplevel() on ptolemy.moml.MoMLSimpleApplication@74dafe00
----------------- Done invoking toplevel() on ptolemy.moml.MoMLSimpleApplication@74dafe00
reloadAllAccessors: .EfficiencyCurve

===========================================================================================
----------------- testing Wed Feb 05 17:04:14 UTC 2020 /home/travis/build/icyphy/ptII/ptolemy/domains/continuous/test/auto/ExponentialResponse.xml
----------------- Instantiating /home/travis/build/icyphy/ptII/ptolemy/domains/continuous/test/auto/ExponentialResponse.xml
85 ms. Memory: 237568K Free: 130617K (55%)
----------------- Invoking toplevel() on ptolemy.moml.MoMLSimpleApplication@1ea853ff
----------------- Done invoking toplevel() on ptolemy.moml.MoMLSimpleApplication@1ea853ff
reloadAllAccessors: .ExponentialResponse

===========================================================================================
----------------- testing Wed Feb 05 17:04:14 UTC 2020 /home/travis/build/icyphy/ptII/ptolemy/domains/continuous/test/auto/ExponentialResponseRK45.xml
----------------- Instantiating /home/travis/build/icyphy/ptII/ptolemy/domains/continuous/test/auto/ExponentialResponseRK45.xml
21 ms. Memory: 237568K Free: 123963K (52%)
----------------- Invoking toplevel() on ptolemy.moml.MoMLSimpleApplication@582d5be1
----------------- Done invoking toplevel() on ptolemy.moml.MoMLSimpleApplication@582d5be1
reloadAllAccessors: .ExponentialResponseRK45

===========================================================================================
----------------- testing Wed Feb 05 17:04:14 UTC 2020 /home/travis/build/icyphy/ptII/ptolemy/domains/continuous/test/auto/Friction.xml
----------------- Instantiating /home/travis/build/icyphy/ptII/ptolemy/domains/continuous/test/auto/Friction.xml
1443 ms. Memory: 237568K Free: 121208K (51%)
----------------- Invoking toplevel() on ptolemy.moml.MoMLSimpleApplication@c573c85
----------------- Done invoking toplevel() on ptolemy.moml.MoMLSimpleApplication@c573c85
reloadAllAccessors: .Friction

===========================================================================================
----------------- testing Wed Feb 05 17:04:16 UTC 2020 /home/travis/build/icyphy/ptII/ptolemy/domains/continuous/test/auto/FurutaPendulum.xml
----------------- Instantiating /home/travis/build/icyphy/ptII/ptolemy/domains/continuous/test/auto/FurutaPendulum.xml
2959 ms. Memory: 285696K Free: 118029K (41%)
----------------- Invoking toplevel() on ptolemy.moml.MoMLSimpleApplication@3913dab8
----------------- Done invoking toplevel() on ptolemy.moml.MoMLSimpleApplication@3913dab8
reloadAllAccessors: .FurutaPendulum

===========================================================================================
----------------- testing Wed Feb 05 17:04:19 UTC 2020 /home/travis/build/icyphy/ptII/ptolemy/domains/continuous/test/auto/HierarchicalExecution.xml
----------------- Instantiating /home/travis/build/icyphy/ptII/ptolemy/domains/continuous/test/auto/HierarchicalExecution.xml
1604 ms. Memory: 285696K Free: 172881K (61%)
----------------- Invoking toplevel() on ptolemy.moml.MoMLSimpleApplication@73b2e987
----------------- Done invoking toplevel() on ptolemy.moml.MoMLSimpleApplication@73b2e987
reloadAllAccessors: .HierarchicalExecution

===========================================================================================
----------------- testing Wed Feb 05 17:04:21 UTC 2020 /home/travis/build/icyphy/ptII/ptolemy/domains/continuous/test/auto/HybridPlant.xml
----------------- Instantiating /home/travis/build/icyphy/ptII/ptolemy/domains/continuous/test/auto/HybridPlant.xml
571 ms. Memory: 285696K Free: 247662K (87%)
----------------- Invoking toplevel() on ptolemy.moml.MoMLSimpleApplication@4323e8c3
----------------- Done invoking toplevel() on ptolemy.moml.MoMLSimpleApplication@4323e8c3
reloadAllAccessors: .HybridPlant

===========================================================================================
----------------- testing Wed Feb 05 17:04:22 UTC 2020 /home/travis/build/icyphy/ptII/ptolemy/domains/continuous/test/auto/Hysteresis.xml
----------------- Instantiating /home/travis/build/icyphy/ptII/ptolemy/domains/continuous/test/auto/Hysteresis.xml
158 ms. Memory: 285696K Free: 185198K (65%)
----------------- Invoking toplevel() on ptolemy.moml.MoMLSimpleApplication@1e13f961
----------------- Done invoking toplevel() on ptolemy.moml.MoMLSimpleApplication@1e13f961
reloadAllAccessors: .Hysteresis

===========================================================================================
----------------- testing Wed Feb 05 17:04:22 UTC 2020 /home/travis/build/icyphy/ptII/ptolemy/domains/continuous/test/auto/HysteresisWithRandomDelay.xml
----------------- Instantiating /home/travis/build/icyphy/ptII/ptolemy/domains/continuous/test/auto/HysteresisWithRandomDelay.xml
213 ms. Memory: 285696K Free: 114028K (40%)
----------------- Invoking toplevel() on ptolemy.moml.MoMLSimpleApplication@65dfc814
----------------- Done invoking toplevel() on ptolemy.moml.MoMLSimpleApplication@65dfc814
reloadAllAccessors: .HysteresisWithRandomDelay

===========================================================================================
----------------- testing Wed Feb 05 17:04:22 UTC 2020 /home/travis/build/icyphy/ptII/ptolemy/domains/continuous/test/auto/HysteresisWithRandomLosses.xml
----------------- Instantiating /home/travis/build/icyphy/ptII/ptolemy/domains/continuous/test/auto/HysteresisWithRandomLosses.xml
2375 ms. Memory: 285696K Free: 219574K (77%)
----------------- Invoking toplevel() on ptolemy.moml.MoMLSimpleApplication@292f5fda
----------------- Done invoking toplevel() on ptolemy.moml.MoMLSimpleApplication@292f5fda
reloadAllAccessors: .HysteresisWithRandomLosses

===========================================================================================
----------------- testing Wed Feb 05 17:04:25 UTC 2020 /home/travis/build/icyphy/ptII/ptolemy/domains/continuous/test/auto/ImmediateTransitions.xml
----------------- Instantiating /home/travis/build/icyphy/ptII/ptolemy/domains/continuous/test/auto/ImmediateTransitions.xml
9 ms. Memory: 285696K Free: 208790K (73%)
----------------- Invoking toplevel() on ptolemy.moml.MoMLSimpleApplication@2c6262bf
----------------- Done invoking toplevel() on ptolemy.moml.MoMLSimpleApplication@2c6262bf
reloadAllAccessors: .ImmediateTransitions

===========================================================================================
----------------- testing Wed Feb 05 17:04:25 UTC 2020 /home/travis/build/icyphy/ptII/ptolemy/domains/continuous/test/auto/ImpulseFeedback.xml
----------------- Instantiating /home/travis/build/icyphy/ptII/ptolemy/domains/continuous/test/auto/ImpulseFeedback.xml
5 ms. Memory: 285696K Free: 203190K (71%)
----------------- Invoking toplevel() on ptolemy.moml.MoMLSimpleApplication@6f4837d3
----------------- Done invoking toplevel() on ptolemy.moml.MoMLSimpleApplication@6f4837d3
reloadAllAccessors: .ImpulseFeedback

===========================================================================================
----------------- testing Wed Feb 05 17:04:25 UTC 2020 /home/travis/build/icyphy/ptII/ptolemy/domains/continuous/test/auto/ImpulseFeedback2.xml
----------------- Instantiating /home/travis/build/icyphy/ptII/ptolemy/domains/continuous/test/auto/ImpulseFeedback2.xml
4 ms. Memory: 285696K Free: 197556K (69%)
----------------- Invoking toplevel() on ptolemy.moml.MoMLSimpleApplication@6d970b15
----------------- Done invoking toplevel() on ptolemy.moml.MoMLSimpleApplication@6d970b15
reloadAllAccessors: .ImpulseFeedback2

===========================================================================================
----------------- testing Wed Feb 05 17:04:25 UTC 2020 /home/travis/build/icyphy/ptII/ptolemy/domains/continuous/test/auto/IncreasingRatePoisson.xml
----------------- Instantiating /home/travis/build/icyphy/ptII/ptolemy/domains/continuous/test/auto/IncreasingRatePoisson.xml
718 ms. Memory: 285696K Free: 217971K (76%)
----------------- Invoking toplevel() on ptolemy.moml.MoMLSimpleApplication@60555e2f
----------------- Done invoking toplevel() on ptolemy.moml.MoMLSimpleApplication@60555e2f
reloadAllAccessors: .IncreasingRatePoisson

===========================================================================================
----------------- testing Wed Feb 05 17:04:25 UTC 2020 /home/travis/build/icyphy/ptII/ptolemy/domains/continuous/test/auto/InitialStateFeedback.xml
----------------- Instantiating /home/travis/build/icyphy/ptII/ptolemy/domains/continuous/test/auto/InitialStateFeedback.xml
3 ms. Memory: 285696K Free: 213379K (75%)
----------------- Invoking toplevel() on ptolemy.moml.MoMLSimpleApplication@6ace9c06
----------------- Done invoking toplevel() on ptolemy.moml.MoMLSimpleApplication@6ace9c06
reloadAllAccessors: .InitialStateFeedback

===========================================================================================
----------------- testing Wed Feb 05 17:04:25 UTC 2020 /home/travis/build/icyphy/ptII/ptolemy/domains/continuous/test/auto/Integration.xml
----------------- Instantiating /home/travis/build/icyphy/ptII/ptolemy/domains/continuous/test/auto/Integration.xml
3 ms. Memory: 285696K Free: 209283K (73%)
----------------- Invoking toplevel() on ptolemy.moml.MoMLSimpleApplication@2dd9f938
----------------- Done invoking toplevel() on ptolemy.moml.MoMLSimpleApplication@2dd9f938
reloadAllAccessors: .Integration

===========================================================================================
----------------- testing Wed Feb 05 17:04:25 UTC 2020 /home/travis/build/icyphy/ptII/ptolemy/domains/continuous/test/auto/Integration2.xml
----------------- Instantiating /home/travis/build/icyphy/ptII/ptolemy/domains/continuous/test/auto/Integration2.xml
64 ms. Memory: 285696K Free: 194947K (68%)
----------------- Invoking toplevel() on ptolemy.moml.MoMLSimpleApplication@715c1d51
----------------- Done invoking toplevel() on ptolemy.moml.MoMLSimpleApplication@715c1d51
reloadAllAccessors: .Integration2

===========================================================================================
----------------- testing Wed Feb 05 17:04:26 UTC 2020 /home/travis/build/icyphy/ptII/ptolemy/domains/continuous/test/auto/Integration3.xml
----------------- Instantiating /home/travis/build/icyphy/ptII/ptolemy/domains/continuous/test/auto/Integration3.xml
2 ms. Memory: 285696K Free: 190337K (67%)
----------------- Invoking toplevel() on ptolemy.moml.MoMLSimpleApplication@70b7872a
----------------- Done invoking toplevel() on ptolemy.moml.MoMLSimpleApplication@70b7872a
reloadAllAccessors: .Integration3

===========================================================================================
----------------- testing Wed Feb 05 17:04:26 UTC 2020 /home/travis/build/icyphy/ptII/ptolemy/domains/continuous/test/auto/Integration5.xml
----------------- Instantiating /home/travis/build/icyphy/ptII/ptolemy/domains/continuous/test/auto/Integration5.xml
2 ms. Memory: 285696K Free: 186241K (65%)
----------------- Invoking toplevel() on ptolemy.moml.MoMLSimpleApplication@664488b2
----------------- Done invoking toplevel() on ptolemy.moml.MoMLSimpleApplication@664488b2
reloadAllAccessors: .Integration5

===========================================================================================
----------------- testing Wed Feb 05 17:04:26 UTC 2020 /home/travis/build/icyphy/ptII/ptolemy/domains/continuous/test/auto/IntegratorImpulse.xml
----------------- Instantiating /home/travis/build/icyphy/ptII/ptolemy/domains/continuous/test/auto/IntegratorImpulse.xml
2 ms. Memory: 285696K Free: 182131K (64%)
----------------- Invoking toplevel() on ptolemy.moml.MoMLSimpleApplication@7398feb0
----------------- Done invoking toplevel() on ptolemy.moml.MoMLSimpleApplication@7398feb0
reloadAllAccessors: .IntegratorImpulse

===========================================================================================
----------------- testing Wed Feb 05 17:04:26 UTC 2020 /home/travis/build/icyphy/ptII/ptolemy/domains/continuous/test/auto/IntegratorImpulse2.xml
----------------- Instantiating /home/travis/build/icyphy/ptII/ptolemy/domains/continuous/test/auto/IntegratorImpulse2.xml
3 ms. Memory: 285696K Free: 177539K (62%)
----------------- Invoking toplevel() on ptolemy.moml.MoMLSimpleApplication@345da963
----------------- Done invoking toplevel() on ptolemy.moml.MoMLSimpleApplication@345da963
reloadAllAccessors: .IntegratorImpulse2

===========================================================================================
----------------- testing Wed Feb 05 17:04:26 UTC 2020 /home/travis/build/icyphy/ptII/ptolemy/domains/continuous/test/auto/LevelCrossing1.xml
----------------- Instantiating /home/travis/build/icyphy/ptII/ptolemy/domains/continuous/test/auto/LevelCrossing1.xml
6 ms. Memory: 285696K Free: 172419K (60%)
----------------- Invoking toplevel() on ptolemy.moml.MoMLSimpleApplication@6de4c8d5
----------------- Done invoking toplevel() on ptolemy.moml.MoMLSimpleApplication@6de4c8d5
reloadAllAccessors: .LevelCrossing1

===========================================================================================
----------------- testing Wed Feb 05 17:04:26 UTC 2020 /home/travis/build/icyphy/ptII/ptolemy/domains/continuous/test/auto/LevelCrossing2.xml
----------------- Instantiating /home/travis/build/icyphy/ptII/ptolemy/domains/continuous/test/auto/LevelCrossing2.xml
3 ms. Memory: 285696K Free: 167299K (59%)
----------------- Invoking toplevel() on ptolemy.moml.MoMLSimpleApplication@15574897
----------------- Done invoking toplevel() on ptolemy.moml.MoMLSimpleApplication@15574897
reloadAllAccessors: .LevelCrossing2

===========================================================================================
----------------- testing Wed Feb 05 17:04:26 UTC 2020 /home/travis/build/icyphy/ptII/ptolemy/domains/continuous/test/auto/LevelCrossing3.xml
----------------- Instantiating /home/travis/build/icyphy/ptII/ptolemy/domains/continuous/test/auto/LevelCrossing3.xml
2 ms. Memory: 285696K Free: 162179K (57%)
----------------- Invoking toplevel() on ptolemy.moml.MoMLSimpleApplication@23d7ca4b
----------------- Done invoking toplevel() on ptolemy.moml.MoMLSimpleApplication@23d7ca4b
reloadAllAccessors: .LevelCrossing3

===========================================================================================
----------------- testing Wed Feb 05 17:04:26 UTC 2020 /home/travis/build/icyphy/ptII/ptolemy/domains/continuous/test/auto/LevelCrossing4.xml
----------------- Instantiating /home/travis/build/icyphy/ptII/ptolemy/domains/continuous/test/auto/LevelCrossing4.xml
3 ms. Memory: 285696K Free: 157059K (55%)
----------------- Invoking toplevel() on ptolemy.moml.MoMLSimpleApplication@26e9b15c
----------------- Done invoking toplevel() on ptolemy.moml.MoMLSimpleApplication@26e9b15c
reloadAllAccessors: .LevelCrossing4

===========================================================================================
----------------- testing Wed Feb 05 17:04:26 UTC 2020 /home/travis/build/icyphy/ptII/ptolemy/domains/continuous/test/auto/LevelCrossing5.xml
----------------- Instantiating /home/travis/build/icyphy/ptII/ptolemy/domains/continuous/test/auto/LevelCrossing5.xml
3 ms. Memory: 285696K Free: 151939K (53%)
----------------- Invoking toplevel() on ptolemy.moml.MoMLSimpleApplication@266ddaac
----------------- Done invoking toplevel() on ptolemy.moml.MoMLSimpleApplication@266ddaac
reloadAllAccessors: .LevelCrossing5

===========================================================================================
[...]
reloadAllAccessors: .ResetTransitionWithStartTime6

===========================================================================================
----------------- testing Wed Feb 05 17:04:41 UTC 2020 /home/travis/build/icyphy/ptII/ptolemy/domains/continuous/test/auto/SRinContinuous.xml
----------------- Instantiating /home/travis/build/icyphy/ptII/ptolemy/domains/continuous/test/auto/SRinContinuous.xml
3 ms. Memory: 285696K Free: 152143K (53%)
----------------- Invoking toplevel() on ptolemy.moml.MoMLSimpleApplication@4fe05f24
----------------- Done invoking toplevel() on ptolemy.moml.MoMLSimpleApplication@4fe05f24
reloadAllAccessors: .SRinContinuous

===========================================================================================
----------------- testing Wed Feb 05 17:04:41 UTC 2020 /home/travis/build/icyphy/ptII/ptolemy/domains/continuous/test/auto/SampledClocks.xml
----------------- Instantiating /home/travis/build/icyphy/ptII/ptolemy/domains/continuous/test/auto/SampledClocks.xml
7 ms. Memory: 285696K Free: 139341K (49%)
----------------- Invoking toplevel() on ptolemy.moml.MoMLSimpleApplication@2f0f0c0
----------------- Done invoking toplevel() on ptolemy.moml.MoMLSimpleApplication@2f0f0c0
reloadAllAccessors: .SampledClocks

===========================================================================================
----------------- testing Wed Feb 05 17:04:41 UTC 2020 /home/travis/build/icyphy/ptII/ptolemy/domains/continuous/test/auto/Satellite.xml
----------------- Instantiating /home/travis/build/icyphy/ptII/ptolemy/domains/continuous/test/auto/Satellite.xml
730 ms. Memory: 285696K Free: 117455K (41%)
----------------- Invoking toplevel() on ptolemy.moml.MoMLSimpleApplication@4a1b771b
----------------- Done invoking toplevel() on ptolemy.moml.MoMLSimpleApplication@4a1b771b
reloadAllAccessors: .Satellite

===========================================================================================
----------------- testing Wed Feb 05 17:04:42 UTC 2020 /home/travis/build/icyphy/ptII/ptolemy/domains/continuous/test/auto/SigmaDelta.xml
----------------- Instantiating /home/travis/build/icyphy/ptII/ptolemy/domains/continuous/test/auto/SigmaDelta.xml
2076 ms. Memory: 285696K Free: 191725K (67%)
----------------- Invoking toplevel() on ptolemy.moml.MoMLSimpleApplication@24351df0
----------------- Done invoking toplevel() on ptolemy.moml.MoMLSimpleApplication@24351df0
reloadAllAccessors: .SigmaDelta

===========================================================================================
----------------- testing Wed Feb 05 17:04:44 UTC 2020 /home/travis/build/icyphy/ptII/ptolemy/domains/continuous/test/auto/SingleRefinement.xml
----------------- Instantiating /home/travis/build/icyphy/ptII/ptolemy/domains/continuous/test/auto/SingleRefinement.xml
310 ms. Memory: 285696K Free: 178069K (62%)
----------------- Invoking toplevel() on ptolemy.moml.MoMLSimpleApplication@55b7022e
----------------- Done invoking toplevel() on ptolemy.moml.MoMLSimpleApplication@55b7022e
reloadAllAccessors: .SingleRefinement

===========================================================================================
----------------- testing Wed Feb 05 17:04:45 UTC 2020 /home/travis/build/icyphy/ptII/ptolemy/domains/continuous/test/auto/SinuBouncingBall.xml
----------------- Instantiating /home/travis/build/icyphy/ptII/ptolemy/domains/continuous/test/auto/SinuBouncingBall.xml
833 ms. Memory: 285696K Free: 131549K (46%)
----------------- Invoking toplevel() on ptolemy.moml.MoMLSimpleApplication@7646f2a5
----------------- Done invoking toplevel() on ptolemy.moml.MoMLSimpleApplication@7646f2a5
reloadAllAccessors: .SinuBouncingBall

===========================================================================================
----------------- testing Wed Feb 05 17:04:46 UTC 2020 /home/travis/build/icyphy/ptII/ptolemy/domains/continuous/test/auto/Sinusoid.xml
----------------- Instantiating /home/travis/build/icyphy/ptII/ptolemy/domains/continuous/test/auto/Sinusoid.xml
5 ms. Memory: 285696K Free: 126925K (44%)
----------------- Invoking toplevel() on ptolemy.moml.MoMLSimpleApplication@6d3a1c12
----------------- Done invoking toplevel() on ptolemy.moml.MoMLSimpleApplication@6d3a1c12
reloadAllAccessors: .Sinusoid

===========================================================================================
----------------- testing Wed Feb 05 17:04:46 UTC 2020 /home/travis/build/icyphy/ptII/ptolemy/domains/continuous/test/auto/SinusoidInNoise.xml
----------------- Instantiating /home/travis/build/icyphy/ptII/ptolemy/domains/continuous/test/auto/SinusoidInNoise.xml
797 ms. Memory: 285696K Free: 161906K (57%)
----------------- Invoking toplevel() on ptolemy.moml.MoMLSimpleApplication@5e52feda
----------------- Done invoking toplevel() on ptolemy.moml.MoMLSimpleApplication@5e52feda
reloadAllAccessors: .SinusoidInNoise

===========================================================================================
----------------- testing Wed Feb 05 17:04:47 UTC 2020 /home/travis/build/icyphy/ptII/ptolemy/domains/continuous/test/auto/SinusoidRK45.xml
----------------- Instantiating /home/travis/build/icyphy/ptII/ptolemy/domains/continuous/test/auto/SinusoidRK45.xml
3 ms. Memory: 285696K Free: 157652K (55%)
----------------- Invoking toplevel() on ptolemy.moml.MoMLSimpleApplication@78d4f6fe
----------------- Done invoking toplevel() on ptolemy.moml.MoMLSimpleApplication@78d4f6fe
reloadAllAccessors: .SinusoidRK45

===========================================================================================
----------------- testing Wed Feb 05 17:04:47 UTC 2020 /home/travis/build/icyphy/ptII/ptolemy/domains/continuous/test/auto/SinusoidWithMultipleImpulses.xml
----------------- Instantiating /home/travis/build/icyphy/ptII/ptolemy/domains/continuous/test/auto/SinusoidWithMultipleImpulses.xml
2 ms. Memory: 285696K Free: 153076K (54%)
----------------- Invoking toplevel() on ptolemy.moml.MoMLSimpleApplication@39358d90
----------------- Done invoking toplevel() on ptolemy.moml.MoMLSimpleApplication@39358d90
reloadAllAccessors: .SinusoidWithMultipleImpulses

===========================================================================================
----------------- testing Wed Feb 05 17:04:47 UTC 2020 /home/travis/build/icyphy/ptII/ptolemy/domains/continuous/test/auto/SquareWave.xml
----------------- Instantiating /home/travis/build/icyphy/ptII/ptolemy/domains/continuous/test/auto/SquareWave.xml
143 ms. Memory: 285696K Free: 125938K (44%)
----------------- Invoking toplevel() on ptolemy.moml.MoMLSimpleApplication@1146e087
----------------- Done invoking toplevel() on ptolemy.moml.MoMLSimpleApplication@1146e087
reloadAllAccessors: .SquareWave

===========================================================================================
----------------- testing Wed Feb 05 17:04:47 UTC 2020 /home/travis/build/icyphy/ptII/ptolemy/domains/continuous/test/auto/Starmac.xml
----------------- Instantiating /home/travis/build/icyphy/ptII/ptolemy/domains/continuous/test/auto/Starmac.xml
3079 ms. Memory: 285696K Free: 150399K (53%)
----------------- Invoking toplevel() on ptolemy.moml.MoMLSimpleApplication@142b1ef5
----------------- Done invoking toplevel() on ptolemy.moml.MoMLSimpleApplication@142b1ef5
reloadAllAccessors: .Starmac

===========================================================================================
----------------- testing Wed Feb 05 17:04:50 UTC 2020 /home/travis/build/icyphy/ptII/ptolemy/domains/continuous/test/auto/StaticUnits.xml
----------------- Instantiating /home/travis/build/icyphy/ptII/ptolemy/domains/continuous/test/auto/StaticUnits.xml
1734 ms. Memory: 285696K Free: 197423K (69%)
----------------- Invoking toplevel() on ptolemy.moml.MoMLSimpleApplication@5ac82801
----------------- Done invoking toplevel() on ptolemy.moml.MoMLSimpleApplication@5ac82801
reloadAllAccessors: .StaticUnits

===========================================================================================
----------------- testing Wed Feb 05 17:04:52 UTC 2020 /home/travis/build/icyphy/ptII/ptolemy/domains/continuous/test/auto/StickyMasses.xml
----------------- Instantiating /home/travis/build/icyphy/ptII/ptolemy/domains/continuous/test/auto/StickyMasses.xml
146 ms. Memory: 285696K Free: 147742K (52%)
----------------- Invoking toplevel() on ptolemy.moml.MoMLSimpleApplication@315300cf
----------------- Done invoking toplevel() on ptolemy.moml.MoMLSimpleApplication@315300cf
reloadAllAccessors: .StickyMasses

===========================================================================================
----------------- testing Wed Feb 05 17:04:53 UTC 2020 /home/travis/build/icyphy/ptII/ptolemy/domains/continuous/test/auto/StopTime.xml
----------------- Instantiating /home/travis/build/icyphy/ptII/ptolemy/domains/continuous/test/auto/StopTime.xml
43 ms. Memory: 285696K Free: 123166K (43%)
----------------- Invoking toplevel() on ptolemy.moml.MoMLSimpleApplication@14e87eeb
----------------- Done invoking toplevel() on ptolemy.moml.MoMLSimpleApplication@14e87eeb
reloadAllAccessors: .StopTime

===========================================================================================
----------------- testing Wed Feb 05 17:04:53 UTC 2020 /home/travis/build/icyphy/ptII/ptolemy/domains/continuous/test/auto/StopTime2.xml
----------------- Instantiating /home/travis/build/icyphy/ptII/ptolemy/domains/continuous/test/auto/StopTime2.xml
37 ms. Memory: 285696K Free: 100143K (35%)
----------------- Invoking toplevel() on ptolemy.moml.MoMLSimpleApplication@7e40f236
----------------- Done invoking toplevel() on ptolemy.moml.MoMLSimpleApplication@7e40f236
reloadAllAccessors: .StopTime2

===========================================================================================
----------------- testing Wed Feb 05 17:04:53 UTC 2020 /home/travis/build/icyphy/ptII/ptolemy/domains/continuous/test/auto/Switch.xml
----------------- Instantiating /home/travis/build/icyphy/ptII/ptolemy/domains/continuous/test/auto/Switch.xml
39 ms. Memory: 285696K Free: 240770K (84%)
----------------- Invoking toplevel() on ptolemy.moml.MoMLSimpleApplication@77b50af4
----------------- Done invoking toplevel() on ptolemy.moml.MoMLSimpleApplication@77b50af4
reloadAllAccessors: .Switch

===========================================================================================
----------------- testing Wed Feb 05 17:04:53 UTC 2020 /home/travis/build/icyphy/ptII/ptolemy/domains/continuous/test/auto/Thermostat.xml
----------------- Instantiating /home/travis/build/icyphy/ptII/ptolemy/domains/continuous/test/auto/Thermostat.xml
184 ms. Memory: 285696K Free: 168580K (59%)
----------------- Invoking toplevel() on ptolemy.moml.MoMLSimpleApplication@2772d13b
----------------- Done invoking toplevel() on ptolemy.moml.MoMLSimpleApplication@2772d13b
reloadAllAccessors: .Thermostat

===========================================================================================
----------------- testing Wed Feb 05 17:04:53 UTC 2020 /home/travis/build/icyphy/ptII/ptolemy/domains/continuous/test/auto/TimeDelay.xml
----------------- Instantiating /home/travis/build/icyphy/ptII/ptolemy/domains/continuous/test/auto/TimeDelay.xml
4 ms. Memory: 285696K Free: 163460K (57%)
----------------- Invoking toplevel() on ptolemy.moml.MoMLSimpleApplication@2e85749a
----------------- Done invoking toplevel() on ptolemy.moml.MoMLSimpleApplication@2e85749a
reloadAllAccessors: .TimeDelay

===========================================================================================
----------------- testing Wed Feb 05 17:04:53 UTC 2020 /home/travis/build/icyphy/ptII/ptolemy/domains/continuous/test/auto/TimeDelay2.xml
----------------- Instantiating /home/travis/build/icyphy/ptII/ptolemy/domains/continuous/test/auto/TimeDelay2.xml
11 ms. Memory: 285696K Free: 153730K (54%)
----------------- Invoking toplevel() on ptolemy.moml.MoMLSimpleApplication@1cc5b404
----------------- Done invoking toplevel() on ptolemy.moml.MoMLSimpleApplication@1cc5b404
reloadAllAccessors: .TimeDelay2

===========================================================================================
----------------- testing Wed Feb 05 17:04:53 UTC 2020 /home/travis/build/icyphy/ptII/ptolemy/domains/continuous/test/auto/TimeDelay3.xml
----------------- Instantiating /home/travis/build/icyphy/ptII/ptolemy/domains/continuous/test/auto/TimeDelay3.xml
4 ms. Memory: 285696K Free: 149122K (52%)
----------------- Invoking toplevel() on ptolemy.moml.MoMLSimpleApplication@1d3db05b
----------------- Done invoking toplevel() on ptolemy.moml.MoMLSimpleApplication@1d3db05b
reloadAllAccessors: .TimeDelay3

===========================================================================================
----------------- testing Wed Feb 05 17:04:53 UTC 2020 /home/travis/build/icyphy/ptII/ptolemy/domains/continuous/test/auto/TransferAbsentToInside.xml
----------------- Instantiating /home/travis/build/icyphy/ptII/ptolemy/domains/continuous/test/auto/TransferAbsentToInside.xml
39 ms. Memory: 285696K Free: 260696K (91%)
----------------- Invoking toplevel() on ptolemy.moml.MoMLSimpleApplication@5bb60fe9
----------------- Done invoking toplevel() on ptolemy.moml.MoMLSimpleApplication@5bb60fe9
reloadAllAccessors: .TransferAbsentToInside

===========================================================================================
----------------- testing Wed Feb 05 17:04:53 UTC 2020 /home/travis/build/icyphy/ptII/ptolemy/domains/continuous/test/auto/Transmission.xml
----------------- Instantiating /home/travis/build/icyphy/ptII/ptolemy/domains/continuous/test/auto/Transmission.xml
760 ms. Memory: 285696K Free: 196707K (69%)
----------------- Invoking toplevel() on ptolemy.moml.MoMLSimpleApplication@4afd4bb8
----------------- Done invoking toplevel() on ptolemy.moml.MoMLSimpleApplication@4afd4bb8
reloadAllAccessors: .Transmission

===========================================================================================
----------------- testing Wed Feb 05 17:04:54 UTC 2020 /home/travis/build/icyphy/ptII/ptolemy/domains/continuous/test/auto/TriggeredContinuousClock.xml
----------------- Instantiating /home/travis/build/icyphy/ptII/ptolemy/domains/continuous/test/auto/TriggeredContinuousClock.xml
33 ms. Memory: 285696K Free: 166995K (58%)
----------------- Invoking toplevel() on ptolemy.moml.MoMLSimpleApplication@1a6b8d83
----------------- Done invoking toplevel() on ptolemy.moml.MoMLSimpleApplication@1a6b8d83
reloadAllAccessors: .TriggeredContinuousClock

===========================================================================================
----------------- testing Wed Feb 05 17:04:54 UTC 2020 /home/travis/build/icyphy/ptII/ptolemy/domains/continuous/test/auto/TwoMachineInfiniteBusControl.xml
----------------- Instantiating /home/travis/build/icyphy/ptII/ptolemy/domains/continuous/test/auto/TwoMachineInfiniteBusControl.xml
2321 ms. Memory: 285696K Free: 252622K (88%)
----------------- Invoking toplevel() on ptolemy.moml.MoMLSimpleApplication@4d866504
----------------- Done invoking toplevel() on ptolemy.moml.MoMLSimpleApplication@4d866504
reloadAllAccessors: .TwoMachineInfiniteBusControl

===========================================================================================
----------------- testing Wed Feb 05 17:04:56 UTC 2020 /home/travis/build/icyphy/ptII/ptolemy/domains/continuous/test/auto/V2V.xml
----------------- Instantiating /home/travis/build/icyphy/ptII/ptolemy/domains/continuous/test/auto/V2V.xml
782 ms. Memory: 285696K Free: 230100K (81%)
----------------- Invoking toplevel() on ptolemy.moml.MoMLSimpleApplication@133eae4
----------------- Done invoking toplevel() on ptolemy.moml.MoMLSimpleApplication@133eae4
reloadAllAccessors: .V2V

===========================================================================================
----------------- testing Wed Feb 05 17:04:57 UTC 2020 /home/travis/build/icyphy/ptII/ptolemy/domains/continuous/test/auto/hierarchicalModalModel.xml
----------------- Instantiating /home/travis/build/icyphy/ptII/ptolemy/domains/continuous/test/auto/hierarchicalModalModel.xml
7 ms. Memory: 285696K Free: 215254K (75%)
----------------- Invoking toplevel() on ptolemy.moml.MoMLSimpleApplication@39e0d8df
----------------- Done invoking toplevel() on ptolemy.moml.MoMLSimpleApplication@39e0d8df
reloadAllAccessors: .hierarchicalModalModel

===========================================================================================
----------------- testing Wed Feb 05 17:04:57 UTC 2020 /home/travis/build/icyphy/ptII/ptolemy/domains/continuous/test/auto/hierarchicalModalModel1.xml
----------------- Instantiating /home/travis/build/icyphy/ptII/ptolemy/domains/continuous/test/auto/hierarchicalModalModel1.xml
8 ms. Memory: 285696K Free: 200918K (70%)
----------------- Invoking toplevel() on ptolemy.moml.MoMLSimpleApplication@2c6b3bd3
----------------- Done invoking toplevel() on ptolemy.moml.MoMLSimpleApplication@2c6b3bd3
reloadAllAccessors: .hierarchicalModalModel1

===========================================================================================
----------------- testing Wed Feb 05 17:04:57 UTC 2020 /home/travis/build/icyphy/ptII/ptolemy/domains/continuous/test/auto/hierarchicalModalModel2.xml
----------------- Instantiating /home/travis/build/icyphy/ptII/ptolemy/domains/continuous/test/auto/hierarchicalModalModel2.xml
7 ms. Memory: 285696K Free: 188630K (66%)
----------------- Invoking toplevel() on ptolemy.moml.MoMLSimpleApplication@7a1d02e1
----------------- Done invoking toplevel() on ptolemy.moml.MoMLSimpleApplication@7a1d02e1
reloadAllAccessors: .hierarchicalModalModel2

===========================================================================================
----------------- testing Wed Feb 05 17:04:57 UTC 2020 /home/travis/build/icyphy/ptII/ptolemy/domains/continuous/test/auto/hierarchicalModalModel3.xml
----------------- Instantiating /home/travis/build/icyphy/ptII/ptolemy/domains/continuous/test/auto/hierarchicalModalModel3.xml
6 ms. Memory: 285696K Free: 177876K (62%)
----------------- Invoking toplevel() on ptolemy.moml.MoMLSimpleApplication@20cd2c07
----------------- Done invoking toplevel() on ptolemy.moml.MoMLSimpleApplication@20cd2c07
reloadAllAccessors: .hierarchicalModalModel3

===========================================================================================
----------------- testing Wed Feb 05 17:04:57 UTC 2020 /home/travis/build/icyphy/ptII/ptolemy/domains/continuous/test/auto/hierarchicalModalModel4.xml
----------------- Instantiating /home/travis/build/icyphy/ptII/ptolemy/domains/continuous/test/auto/hierarchicalModalModel4.xml
5 ms. Memory: 285696K Free: 166102K (58%)
----------------- Invoking toplevel() on ptolemy.moml.MoMLSimpleApplication@35fdacec
----------------- Done invoking toplevel() on ptolemy.moml.MoMLSimpleApplication@35fdacec
reloadAllAccessors: .hierarchicalModalModel4

===========================================================================================
----------------- testing Wed Feb 05 17:04:58 UTC 2020 /home/travis/build/icyphy/ptII/ptolemy/domains/continuous/test/auto/junk.xml
----------------- Instantiating /home/travis/build/icyphy/ptII/ptolemy/domains/continuous/test/auto/junk.xml
113 ms. Memory: 285696K Free: 141526K (50%)
----------------- Invoking toplevel() on ptolemy.moml.MoMLSimpleApplication@3f2e7846
----------------- Done invoking toplevel() on ptolemy.moml.MoMLSimpleApplication@3f2e7846
reloadAllAccessors: .junk
AutoTests.java: About to close Vertx.
AutoTests.java: Vertx closed.
]]></system-out>
  <system-err><![CDATA[Warning: '.HysteresisWithRandomDelay.NonStrictTest3' The test produced only 24 tokens, yet the correctValues parameter was expecting 30 tokens.
Warning: '.Poisson.NonStrictTest' The test produced only 396 tokens, yet the correctValues parameter was expecting 430 tokens.
]]></system-err>
</testsuite>
