<?xml version="1.0" encoding="UTF-8" ?>
<testsuite errors="0" failures="0" hostname="travis-job-d67f1f80-2959-4f32-9999-f2712cb0fc06" name="ptolemy.domains.de.test.junit.JUnitTclTest" skipped="0" tests="101" time="131.012" timestamp="2018-10-25T02:33:21">
  <properties>
[...]
</properties>
  <testcase classname="ptolemy.util.test.junit.TclTests" name="[0] /home/travis/build/icyphy/ptII/ptolemy/domains/de/test/DependencyLoop.tcl (RunTclFile)" time="0.697" />
  <testcase classname="ptolemy.util.test.junit.TclTests" name="[1] /home/travis/build/icyphy/ptII/ptolemy/domains/de/test/RunDETestsAsQSS.tcl (RunTclFile)" time="90.779" />
  <testcase classname="ptolemy.util.test.junit.AutoKnownFailedTests" name="[0] /home/travis/build/icyphy/ptII/ptolemy/domains/de/test/auto/knownFailedTests/DESDFClockTest.xml (RunModel)" time="2.032" />
  <testcase classname="ptolemy.util.test.junit.AutoKnownFailedTests" name="[1] /home/travis/build/icyphy/ptII/ptolemy/domains/de/test/auto/knownFailedTests/DirectFeedback.xml (RunModel)" time="0.027" />
  <testcase classname="ptolemy.util.test.junit.AutoKnownFailedTests" name="[2] /home/travis/build/icyphy/ptII/ptolemy/domains/de/test/auto/knownFailedTests/FSMSource.xml (RunModel)" time="0.018" />
  <testcase classname="ptolemy.util.test.junit.AutoKnownFailedTests" name="[3] /home/travis/build/icyphy/ptII/ptolemy/domains/de/test/auto/knownFailedTests/HierarchicalModel.xml (RunModel)" time="0.038" />
  <testcase classname="ptolemy.util.test.junit.AutoKnownFailedTests" name="[4] /home/travis/build/icyphy/ptII/ptolemy/domains/de/test/auto/knownFailedTests/dependencyLoop.xml (RunModel)" time="0.035" />
  <testcase classname="ptolemy.util.test.junit.AutoKnownFailedTests" name="[5] /home/travis/build/icyphy/ptII/ptolemy/domains/de/test/auto/knownFailedTests/dependencyLoop2.xml (RunModel)" time="0.049" />
  <testcase classname="ptolemy.util.test.junit.AutoNameArchTests" name="[0] ThereAreNoAutoArchTests (RunModel)" time="0.0" />
  <testcase classname="ptolemy.util.test.junit.AutoTests" name="[0] /home/travis/build/icyphy/ptII/ptolemy/domains/de/test/auto/ActorDepthCalculation_actorWithoutPorts.xml (RunModel)" time="0.014" />
  <testcase classname="ptolemy.util.test.junit.AutoTests" name="[1] /home/travis/build/icyphy/ptII/ptolemy/domains/de/test/auto/AssemblyLine.xml (RunModel)" time="0.02" />
  <testcase classname="ptolemy.util.test.junit.AutoTests" name="[2] /home/travis/build/icyphy/ptII/ptolemy/domains/de/test/auto/CQBug1.xml (RunModel)" time="0.012" />
  <testcase classname="ptolemy.util.test.junit.AutoTests" name="[3] /home/travis/build/icyphy/ptII/ptolemy/domains/de/test/auto/CancelFireAt.xml (RunModel)" time="0.016" />
  <testcase classname="ptolemy.util.test.junit.AutoTests" name="[4] /home/travis/build/icyphy/ptII/ptolemy/domains/de/test/auto/CausalityAndComposabilityAnalysis.xml (RunModel)" time="0.011" />
  <testcase classname="ptolemy.util.test.junit.AutoTests" name="[5] /home/travis/build/icyphy/ptII/ptolemy/domains/de/test/auto/CausalityInterface1.xml (RunModel)" time="0.013" />
  <testcase classname="ptolemy.util.test.junit.AutoTests" name="[6] /home/travis/build/icyphy/ptII/ptolemy/domains/de/test/auto/CausalityInterface15.xml (RunModel)" time="0.013" />
  <testcase classname="ptolemy.util.test.junit.AutoTests" name="[7] /home/travis/build/icyphy/ptII/ptolemy/domains/de/test/auto/CausalityInterface2.xml (RunModel)" time="0.012" />
  <testcase classname="ptolemy.util.test.junit.AutoTests" name="[8] /home/travis/build/icyphy/ptII/ptolemy/domains/de/test/auto/CausalityInterface3.xml (RunModel)" time="0.012" />
  <testcase classname="ptolemy.util.test.junit.AutoTests" name="[9] /home/travis/build/icyphy/ptII/ptolemy/domains/de/test/auto/ClockDrift.xml (RunModel)" time="0.033" />
  <testcase classname="ptolemy.util.test.junit.AutoTests" name="[10] /home/travis/build/icyphy/ptII/ptolemy/domains/de/test/auto/ClockDriftAndValueChange.xml (RunModel)" time="0.031" />
  <testcase classname="ptolemy.util.test.junit.AutoTests" name="[11] /home/travis/build/icyphy/ptII/ptolemy/domains/de/test/auto/ClockDriftChange.xml (RunModel)" time="0.027" />
  <testcase classname="ptolemy.util.test.junit.AutoTests" name="[12] /home/travis/build/icyphy/ptII/ptolemy/domains/de/test/auto/ComposableCausalityAnalysis.xml (RunModel)" time="0.019" />
  <testcase classname="ptolemy.util.test.junit.AutoTests" name="[13] /home/travis/build/icyphy/ptII/ptolemy/domains/de/test/auto/DEFixedPointLimitation.xml (RunModel)" time="0.009" />
  <testcase classname="ptolemy.util.test.junit.AutoTests" name="[14] /home/travis/build/icyphy/ptII/ptolemy/domains/de/test/auto/DEScheduleTest.xml (RunModel)" time="0.013" />
  <testcase classname="ptolemy.util.test.junit.AutoTests" name="[15] /home/travis/build/icyphy/ptII/ptolemy/domains/de/test/auto/DEinDEwithStartTimes.xml (RunModel)" time="0.013" />
  <testcase classname="ptolemy.util.test.junit.AutoTests" name="[16] /home/travis/build/icyphy/ptII/ptolemy/domains/de/test/auto/DEinDEwithStartTimes2.xml (RunModel)" time="0.014" />
  <testcase classname="ptolemy.util.test.junit.AutoTests" name="[17] /home/travis/build/icyphy/ptII/ptolemy/domains/de/test/auto/DateDemo.xml (RunModel)" time="0.037" />
  <testcase classname="ptolemy.util.test.junit.AutoTests" name="[18] /home/travis/build/icyphy/ptII/ptolemy/domains/de/test/auto/DateToEvent.xml (RunModel)" time="2.042" />
  <testcase classname="ptolemy.util.test.junit.AutoTests" name="[19] /home/travis/build/icyphy/ptII/ptolemy/domains/de/test/auto/DepthTest1.xml (RunModel)" time="0.01" />
  <testcase classname="ptolemy.util.test.junit.AutoTests" name="[20] /home/travis/build/icyphy/ptII/ptolemy/domains/de/test/auto/DepthTest2.xml (RunModel)" time="0.018" />
  <testcase classname="ptolemy.util.test.junit.AutoTests" name="[21] /home/travis/build/icyphy/ptII/ptolemy/domains/de/test/auto/DepthTest3.xml (RunModel)" time="0.009" />
  <testcase classname="ptolemy.util.test.junit.AutoTests" name="[22] /home/travis/build/icyphy/ptII/ptolemy/domains/de/test/auto/DepthTest4.xml (RunModel)" time="0.015" />
  <testcase classname="ptolemy.util.test.junit.AutoTests" name="[23] /home/travis/build/icyphy/ptII/ptolemy/domains/de/test/auto/DepthTest5.xml (RunModel)" time="0.016" />
  <testcase classname="ptolemy.util.test.junit.AutoTests" name="[24] /home/travis/build/icyphy/ptII/ptolemy/domains/de/test/auto/DepthTest6.xml (RunModel)" time="0.014" />
  <testcase classname="ptolemy.util.test.junit.AutoTests" name="[25] /home/travis/build/icyphy/ptII/ptolemy/domains/de/test/auto/DepthTest7.xml (RunModel)" time="0.018" />
  <testcase classname="ptolemy.util.test.junit.AutoTests" name="[26] /home/travis/build/icyphy/ptII/ptolemy/domains/de/test/auto/EventToDate.xml (RunModel)" time="3.043" />
  <testcase classname="ptolemy.util.test.junit.AutoTests" name="[27] /home/travis/build/icyphy/ptII/ptolemy/domains/de/test/auto/FSM1.xml (RunModel)" time="0.031" />
  <testcase classname="ptolemy.util.test.junit.AutoTests" name="[28] /home/travis/build/icyphy/ptII/ptolemy/domains/de/test/auto/FSM7.xml (RunModel)" time="0.029" />
  <testcase classname="ptolemy.util.test.junit.AutoTests" name="[29] /home/travis/build/icyphy/ptII/ptolemy/domains/de/test/auto/Inspection.xml (RunModel)" time="0.045" />
  <testcase classname="ptolemy.util.test.junit.AutoTests" name="[30] /home/travis/build/icyphy/ptII/ptolemy/domains/de/test/auto/Iteration.xml (RunModel)" time="0.023" />
  <testcase classname="ptolemy.util.test.junit.AutoTests" name="[31] /home/travis/build/icyphy/ptII/ptolemy/domains/de/test/auto/LineFault.xml (RunModel)" time="0.561" />
  <testcase classname="ptolemy.util.test.junit.AutoTests" name="[32] /home/travis/build/icyphy/ptII/ptolemy/domains/de/test/auto/MergeModel1Add.xml (RunModel)" time="0.046" />
  <testcase classname="ptolemy.util.test.junit.AutoTests" name="[33] /home/travis/build/icyphy/ptII/ptolemy/domains/de/test/auto/MergeModel2Add.xml (RunModel)" time="0.036" />
  <testcase classname="ptolemy.util.test.junit.AutoTests" name="[34] /home/travis/build/icyphy/ptII/ptolemy/domains/de/test/auto/MergeModel3Add.xml (RunModel)" time="0.038" />
  <testcase classname="ptolemy.util.test.junit.AutoTests" name="[35] /home/travis/build/icyphy/ptII/ptolemy/domains/de/test/auto/MergeWithoutDiscard.xml (RunModel)" time="0.011" />
  <testcase classname="ptolemy.util.test.junit.AutoTests" name="[36] /home/travis/build/icyphy/ptII/ptolemy/domains/de/test/auto/Modal1.xml (RunModel)" time="0.028" />
  <testcase classname="ptolemy.util.test.junit.AutoTests" name="[37] /home/travis/build/icyphy/ptII/ptolemy/domains/de/test/auto/Modal2.xml (RunModel)" time="0.026" />
  <testcase classname="ptolemy.util.test.junit.AutoTests" name="[38] /home/travis/build/icyphy/ptII/ptolemy/domains/de/test/auto/Modal3.xml (RunModel)" time="0.027" />
  <testcase classname="ptolemy.util.test.junit.AutoTests" name="[39] /home/travis/build/icyphy/ptII/ptolemy/domains/de/test/auto/Modal4.xml (RunModel)" time="0.03" />
  <testcase classname="ptolemy.util.test.junit.AutoTests" name="[40] /home/travis/build/icyphy/ptII/ptolemy/domains/de/test/auto/Modal5.xml (RunModel)" time="0.029" />
  <testcase classname="ptolemy.util.test.junit.AutoTests" name="[41] /home/travis/build/icyphy/ptII/ptolemy/domains/de/test/auto/Modal6.xml (RunModel)" time="0.029" />
  <testcase classname="ptolemy.util.test.junit.AutoTests" name="[42] /home/travis/build/icyphy/ptII/ptolemy/domains/de/test/auto/Modal7.xml (RunModel)" time="0.028" />
  <testcase classname="ptolemy.util.test.junit.AutoTests" name="[43] /home/travis/build/icyphy/ptII/ptolemy/domains/de/test/auto/ModalModel.xml (RunModel)" time="0.143" />
  <testcase classname="ptolemy.util.test.junit.AutoTests" name="[44] /home/travis/build/icyphy/ptII/ptolemy/domains/de/test/auto/ModalSource.xml (RunModel)" time="0.018" />
  <testcase classname="ptolemy.util.test.junit.AutoTests" name="[45] /home/travis/build/icyphy/ptII/ptolemy/domains/de/test/auto/NonInterruptibleTimerZeroDelay.xml (RunModel)" time="0.01" />
  <testcase classname="ptolemy.util.test.junit.AutoTests" name="[46] /home/travis/build/icyphy/ptII/ptolemy/domains/de/test/auto/OpenQueueingNetwork.xml (RunModel)" time="2.11" />
  <testcase classname="ptolemy.util.test.junit.AutoTests" name="[47] /home/travis/build/icyphy/ptII/ptolemy/domains/de/test/auto/OpenQueuingNetwork.xml (RunModel)" time="0.259" />
  <testcase classname="ptolemy.util.test.junit.AutoTests" name="[48] /home/travis/build/icyphy/ptII/ptolemy/domains/de/test/auto/PeriodicSampler.xml (RunModel)" time="0.008" />
  <testcase classname="ptolemy.util.test.junit.AutoTests" name="[49] /home/travis/build/icyphy/ptII/ptolemy/domains/de/test/auto/PersistentIO.xml (RunModel)" time="0.022" />
  <testcase classname="ptolemy.util.test.junit.AutoTests" name="[50] /home/travis/build/icyphy/ptII/ptolemy/domains/de/test/auto/PortParameterResetOnInitialize.xml (RunModel)" time="0.008" />
  <testcase classname="ptolemy.util.test.junit.AutoTests" name="[51] /home/travis/build/icyphy/ptII/ptolemy/domains/de/test/auto/PortParameterUpdates.xml (RunModel)" time="0.013" />
  <testcase classname="ptolemy.util.test.junit.AutoTests" name="[52] /home/travis/build/icyphy/ptII/ptolemy/domains/de/test/auto/QueueAndServer.xml (RunModel)" time="0.02" />
  <testcase classname="ptolemy.util.test.junit.AutoTests" name="[53] /home/travis/build/icyphy/ptII/ptolemy/domains/de/test/auto/Records.xml (RunModel)" time="0.014" />
  <testcase classname="ptolemy.util.test.junit.AutoTests" name="[54] /home/travis/build/icyphy/ptII/ptolemy/domains/de/test/auto/ResetTransitionWithStartTime1.xml (RunModel)" time="0.017" />
  <testcase classname="ptolemy.util.test.junit.AutoTests" name="[55] /home/travis/build/icyphy/ptII/ptolemy/domains/de/test/auto/ResetTransitionWithStartTime2.xml (RunModel)" time="0.021" />
  <testcase classname="ptolemy.util.test.junit.AutoTests" name="[56] /home/travis/build/icyphy/ptII/ptolemy/domains/de/test/auto/ResetTransitionWithStartTime3.xml (RunModel)" time="0.017" />
  <testcase classname="ptolemy.util.test.junit.AutoTests" name="[57] /home/travis/build/icyphy/ptII/ptolemy/domains/de/test/auto/ResetTransitionWithStartTime4.xml (RunModel)" time="0.018" />
  <testcase classname="ptolemy.util.test.junit.AutoTests" name="[58] /home/travis/build/icyphy/ptII/ptolemy/domains/de/test/auto/ResettableTimer1.xml (RunModel)" time="0.01" />
  <testcase classname="ptolemy.util.test.junit.AutoTests" name="[59] /home/travis/build/icyphy/ptII/ptolemy/domains/de/test/auto/ResettableTimer2.xml (RunModel)" time="0.011" />
  <testcase classname="ptolemy.util.test.junit.AutoTests" name="[60] /home/travis/build/icyphy/ptII/ptolemy/domains/de/test/auto/ResettableTimer3.xml (RunModel)" time="0.008" />
  <testcase classname="ptolemy.util.test.junit.AutoTests" name="[61] /home/travis/build/icyphy/ptII/ptolemy/domains/de/test/auto/ResettableTimer4.xml (RunModel)" time="0.009" />
  <testcase classname="ptolemy.util.test.junit.AutoTests" name="[62] /home/travis/build/icyphy/ptII/ptolemy/domains/de/test/auto/ResettableTimer5.xml (RunModel)" time="0.011" />
  <testcase classname="ptolemy.util.test.junit.AutoTests" name="[63] /home/travis/build/icyphy/ptII/ptolemy/domains/de/test/auto/ResettableTimer6.xml (RunModel)" time="0.016" />
  <testcase classname="ptolemy.util.test.junit.AutoTests" name="[64] /home/travis/build/icyphy/ptII/ptolemy/domains/de/test/auto/ServerZeroDelay.xml (RunModel)" time="0.019" />
  <testcase classname="ptolemy.util.test.junit.AutoTests" name="[65] /home/travis/build/icyphy/ptII/ptolemy/domains/de/test/auto/SmartSender.xml (RunModel)" time="3.008" />
  <testcase classname="ptolemy.util.test.junit.AutoTests" name="[66] /home/travis/build/icyphy/ptII/ptolemy/domains/de/test/auto/ThreadedComposite.xml (RunModel)" time="0.115" />
  <testcase classname="ptolemy.util.test.junit.AutoTests" name="[67] /home/travis/build/icyphy/ptII/ptolemy/domains/de/test/auto/Time.xml (RunModel)" time="0.421" />
  <testcase classname="ptolemy.util.test.junit.AutoTests" name="[68] /home/travis/build/icyphy/ptII/ptolemy/domains/de/test/auto/TimeDelayZeroDelay.xml (RunModel)" time="0.011" />
  <testcase classname="ptolemy.util.test.junit.AutoTests" name="[69] /home/travis/build/icyphy/ptII/ptolemy/domains/de/test/auto/TimerZeroDelay.xml (RunModel)" time="0.011" />
  <testcase classname="ptolemy.util.test.junit.AutoTests" name="[70] /home/travis/build/icyphy/ptII/ptolemy/domains/de/test/auto/TimingParadox.xml (RunModel)" time="0.331" />
  <testcase classname="ptolemy.util.test.junit.AutoTests" name="[71] /home/travis/build/icyphy/ptII/ptolemy/domains/de/test/auto/TransferInputs.xml (RunModel)" time="0.015" />
  <testcase classname="ptolemy.util.test.junit.AutoTests" name="[72] /home/travis/build/icyphy/ptII/ptolemy/domains/de/test/auto/TransferOutputs2.xml (RunModel)" time="0.016" />
  <testcase classname="ptolemy.util.test.junit.AutoTests" name="[73] /home/travis/build/icyphy/ptII/ptolemy/domains/de/test/auto/Trilateration.xml (RunModel)" time="11.313" />
  <testcase classname="ptolemy.util.test.junit.AutoTests" name="[74] /home/travis/build/icyphy/ptII/ptolemy/domains/de/test/auto/TwoSigmaDelta.xml (RunModel)" time="2.241" />
  <testcase classname="ptolemy.util.test.junit.AutoTests" name="[75] /home/travis/build/icyphy/ptII/ptolemy/domains/de/test/auto/VariableDelay.xml (RunModel)" time="0.015" />
  <testcase classname="ptolemy.util.test.junit.AutoTests" name="[76] /home/travis/build/icyphy/ptII/ptolemy/domains/de/test/auto/VariableDelay2.xml (RunModel)" time="0.009" />
  <testcase classname="ptolemy.util.test.junit.AutoTests" name="[77] /home/travis/build/icyphy/ptII/ptolemy/domains/de/test/auto/VariableDelayZeroDelay.xml (RunModel)" time="0.011" />
  <testcase classname="ptolemy.util.test.junit.AutoTests" name="[78] /home/travis/build/icyphy/ptII/ptolemy/domains/de/test/auto/VariableDelayZeroDelay2.xml (RunModel)" time="0.012" />
  <testcase classname="ptolemy.util.test.junit.AutoTests" name="[79] /home/travis/build/icyphy/ptII/ptolemy/domains/de/test/auto/deInCt.xml (RunModel)" time="0.018" />
  <testcase classname="ptolemy.util.test.junit.AutoTests" name="[80] /home/travis/build/icyphy/ptII/ptolemy/domains/de/test/auto/deInCt2.xml (RunModel)" time="0.019" />
  <testcase classname="ptolemy.util.test.junit.AutoTests" name="[81] /home/travis/build/icyphy/ptII/ptolemy/domains/de/test/auto/dynamicCausalityInterface1.xml (RunModel)" time="0.019" />
  <testcase classname="ptolemy.util.test.junit.AutoTests" name="[82] /home/travis/build/icyphy/ptII/ptolemy/domains/de/test/auto/fsm_de_test.xml (RunModel)" time="0.029" />
  <testcase classname="ptolemy.util.test.junit.AutoTests" name="[83] /home/travis/build/icyphy/ptII/ptolemy/domains/de/test/auto/functionDependencyReconstruction.xml (RunModel)" time="0.031" />
  <testcase classname="ptolemy.util.test.junit.AutoTests" name="[84] /home/travis/build/icyphy/ptII/ptolemy/domains/de/test/auto/multirate.xml (RunModel)" time="0.016" />
  <testcase classname="ptolemy.util.test.junit.AutoTests" name="[85] /home/travis/build/icyphy/ptII/ptolemy/domains/de/test/auto/multirate2.xml (RunModel)" time="0.019" />
  <testcase classname="ptolemy.util.test.junit.AutoTests" name="[86] /home/travis/build/icyphy/ptII/ptolemy/domains/de/test/auto/realtime.xml (RunModel)" time="10.012" />
  <testcase classname="ptolemy.util.test.junit.AutoTests" name="[87] /home/travis/build/icyphy/ptII/ptolemy/domains/de/test/auto/relationGroup.xml (RunModel)" time="0.01" />
  <testcase classname="ptolemy.util.test.junit.AutoTests" name="[88] /home/travis/build/icyphy/ptII/ptolemy/domains/de/test/auto/relationGroup2.xml (RunModel)" time="0.014" />
  <testcase classname="ptolemy.util.test.junit.AutoTests" name="[89] /home/travis/build/icyphy/ptII/ptolemy/domains/de/test/auto/sortWithOpaquePorts.xml (RunModel)" time="0.013" />
  <testcase classname="ptolemy.util.test.junit.AutoTests" name="[90] /home/travis/build/icyphy/ptII/ptolemy/domains/de/test/auto/transferInputsandOutputs.xml (RunModel)" time="0.021" />
  <testcase classname="ptolemy.util.test.junit.AutoTests" name="[91] /home/travis/build/icyphy/ptII/ptolemy/domains/de/test/auto/triggerType.xml (RunModel)" time="0.013" />
  <system-out><![CDATA[/home/travis/build/icyphy/ptII/ptolemy/domains/de/test/DependencyLoop.tcl
testDefs.tcl: setting time out to 9000 seconds at Thu Oct 25 02:33:21 UTC 2018
16 ms. Memory: 116224K Free: 93348K (80%)
9 ms. Memory: 146944K Free: 136708K (93%)
/home/travis/build/icyphy/ptII/ptolemy/domains/de/test/RunDETestsAsQSS.tcl
Run the DE tests using ptolemy.domains.qss.test.QSSDirectorTest, which extends QSSDirector and prints a message in the constructors.
------------------ testing $PTII/ptolemy/domains/de/test/auto/knownFailedTests/dependencyLoop.xml (Known Failure) 
9 ms. Memory: 146944K Free: 133596K (91%)


==== $PTIIhome/travis/build/icyphy/ptII/ptolemy/domains/de/test/../../../../: Auto Automatic test in file $PTII/ptolemy/domains/de/test/auto/knownFailedTests/dependencyLoop.xml
==== Contents of test case:

	    # FIXME: we should use $relativeFilename here, but it
	    # might have backslashes under Windows, which causes no end
	    # of trouble.
	    createAndExecute $file
	    list {}
	
.... Test generated KNOWN error:
    while executing
ptolemy.kernel.util.IllegalActionException: Found a zero delay loop containing .dependencyLoop.original
  in .dependencyLoop and .dependencyLoop.original
	at ptolemy.actor.util.CausalityInterfaceForComposites._computeOutputPortDepth(CausalityInterfaceForComposites.java:759)
	at ptolemy.actor.util.CausalityInterfaceForComposites._computeInputDepth(CausalityInterfaceForComposites.java:696)
	at ptolemy.actor.util.CausalityInterfaceForComposites._computeOutputPortDepth(CausalityInterfaceForComposites.java:765)
	at ptolemy.actor.util.CausalityInterfaceForComposites._computeInputDepth(CausalityInterfaceForComposites.java:696)
	at ptolemy.actor.util.CausalityInterfaceForComposites._computeOutputPortDepth(CausalityInterfaceForComposites.java:765)
	at ptolemy.actor.util.CausalityInterfaceForComposites._computeInputDepth(CausalityInterfaceForComposites.java:696)
	at ptolemy.actor.util.CausalityInterfaceForComposites._computeActorDepth(CausalityInterfaceForComposites.java:532)
	at ptolemy.actor.util.CausalityInterfaceForComposites.checkForCycles(CausalityInterfaceForComposites.java:96)
	at ptolemy.domains.de.kernel.DEDirector.preinitialize(DEDirector.java:1338)
	at ptolemy.actor.CompositeActor.preinitialize(CompositeActor.java:1828)
	at ptolemy.actor.Manager.preinitializeAndResolveTypes(Manager.java:1040)
	at ptolemy.actor.Manager.initialize(Manager.java:710)
	at ptolemy.actor.Manager.execute(Manager.java:356)
	at ptolemy.actor.Manager.run(Manager.java:1263)
	at ptolemy.actor.Manager$PtolemyRunThread.run(Manager.java:1915)

    while executing
ptolemy.kernel.util.IllegalActionException: Found a zero delay loop containing .dependencyLoop.original
  in .dependencyLoop and .dependencyLoop.original
    while executing
"java::new ptolemy.moml.MoMLSimpleApplication $file
"
    (procedure "createAndExecute" line 2)
    invoked from within
"createAndExecute $file"
    ("uplevel" body line 5)
    invoked from within
"uplevel $contents_of_test"
------------------ testing $PTII/ptolemy/domains/de/test/auto/knownFailedTests/DESDFClockTest.xml (Known Failure) 
2076 ms. Memory: 146944K Free: 117767K (80%)


==== $PTIIhome/travis/build/icyphy/ptII/ptolemy/domains/de/test/../../../../: Auto Automatic test in file $PTII/ptolemy/domains/de/test/auto/knownFailedTests/DESDFClockTest.xml
==== Contents of test case:

	    # FIXME: we should use $relativeFilename here, but it
	    # might have backslashes under Windows, which causes no end
	    # of trouble.
	    createAndExecute $file
	    list {}
	
.... Test generated KNOWN error:
    while executing
ptolemy.kernel.util.IllegalActionException: Actor is not ready to fire.  Perhaps UpSample.prefire() returned false? Try debugging the actor by selecting "Listen to Actor".  Also, for SDF check moml for tokenConsumptionRate on input.
  in .DESDFClockTest.Play Bell.Copy1:SDF Director and .DESDFClockTest.Play Bell.UpSample
	at ptolemy.actor.sched.StaticSchedulingDirector.fire(StaticSchedulingDirector.java:227)
	at ptolemy.domains.sdf.kernel.SDFDirector.fire(SDFDirector.java:500)
	at ptolemy.actor.CompositeActor.fire(CompositeActor.java:455)
	at ptolemy.domains.de.kernel.DEDirector._fire(DEDirector.java:1949)
	at ptolemy.domains.de.kernel.DEDirector.fire(DEDirector.java:502)
	at ptolemy.actor.CompositeActor.fire(CompositeActor.java:455)
	at ptolemy.actor.Manager.iterate(Manager.java:851)
	at ptolemy.actor.Manager.execute(Manager.java:369)
	at ptolemy.actor.Manager.run(Manager.java:1263)
	at ptolemy.actor.Manager$PtolemyRunThread.run(Manager.java:1915)

    while executing
ptolemy.kernel.util.IllegalActionException: Actor is not ready to fire.  Perhaps UpSample.prefire() returned false? Try debugging the actor by selecting "Listen to Actor".  Also, for SDF check moml for tokenConsumptionRate on input.
  in .DESDFClockTest.Play Bell.Copy1:SDF Director and .DESDFClockTest.Play Bell.UpSample
    while executing
"java::new ptolemy.moml.MoMLSimpleApplication $file
"
    (procedure "createAndExecute" line 2)
    invoked from within
"createAndExecute $file"
    ("uplevel" body line 5)
    invoked from within
"uplevel $contents_of_test"
------------------ testing $PTII/ptolemy/domains/de/test/auto/knownFailedTests/FSMSource.xml (Known Failure) 
40 ms. Memory: 146944K Free: 108797K (74%)
!!!! Auto was marked as failing, but now passes
------------------ testing $PTII/ptolemy/domains/de/test/auto/knownFailedTests/dependencyLoop2.xml (Known Failure) 
11 ms. Memory: 146944K Free: 106913K (73%)


==== $PTIIhome/travis/build/icyphy/ptII/ptolemy/domains/de/test/../../../../: Auto Automatic test in file $PTII/ptolemy/domains/de/test/auto/knownFailedTests/dependencyLoop2.xml
==== Contents of test case:

	    # FIXME: we should use $relativeFilename here, but it
	    # might have backslashes under Windows, which causes no end
	    # of trouble.
	    createAndExecute $file
	    list {}
	
.... Test generated KNOWN error:
    while executing
ptolemy.kernel.util.IllegalActionException: Found a zero delay loop containing .dependencyLoop2.original
  in .dependencyLoop2 and .dependencyLoop2.original
	at ptolemy.actor.util.CausalityInterfaceForComposites._computeOutputPortDepth(CausalityInterfaceForComposites.java:759)
	at ptolemy.actor.util.CausalityInterfaceForComposites._computeInputDepth(CausalityInterfaceForComposites.java:696)
	at ptolemy.actor.util.CausalityInterfaceForComposites._computeOutputPortDepth(CausalityInterfaceForComposites.java:765)
	at ptolemy.actor.util.CausalityInterfaceForComposites._computeInputDepth(CausalityInterfaceForComposites.java:696)
	at ptolemy.actor.util.CausalityInterfaceForComposites._computeOutputPortDepth(CausalityInterfaceForComposites.java:765)
	at ptolemy.actor.util.CausalityInterfaceForComposites._computeInputDepth(CausalityInterfaceForComposites.java:696)
	at ptolemy.actor.util.CausalityInterfaceForComposites._computeActorDepth(CausalityInterfaceForComposites.java:532)
	at ptolemy.actor.util.CausalityInterfaceForComposites.checkForCycles(CausalityInterfaceForComposites.java:96)
	at ptolemy.domains.de.kernel.DEDirector.preinitialize(DEDirector.java:1338)
	at ptolemy.actor.CompositeActor.preinitialize(CompositeActor.java:1828)
	at ptolemy.actor.Manager.preinitializeAndResolveTypes(Manager.java:1040)
	at ptolemy.actor.Manager.initialize(Manager.java:710)
	at ptolemy.actor.Manager.execute(Manager.java:356)
	at ptolemy.actor.Manager.run(Manager.java:1263)
	at ptolemy.actor.Manager$PtolemyRunThread.run(Manager.java:1915)

    while executing
ptolemy.kernel.util.IllegalActionException: Found a zero delay loop containing .dependencyLoop2.original
  in .dependencyLoop2 and .dependencyLoop2.original
    while executing
"java::new ptolemy.moml.MoMLSimpleApplication $file
"
    (procedure "createAndExecute" line 2)
    invoked from within
"createAndExecute $file"
    ("uplevel" body line 5)
    invoked from within
"uplevel $contents_of_test"
------------------ testing $PTII/ptolemy/domains/de/test/auto/knownFailedTests/HierarchicalModel.xml (Known Failure) 
5 ms. Memory: 146944K Free: 85167K (58%)


==== $PTIIhome/travis/build/icyphy/ptII/ptolemy/domains/de/test/../../../../: Auto Automatic test in file $PTII/ptolemy/domains/de/test/auto/knownFailedTests/HierarchicalModel.xml
==== Contents of test case:

	    # FIXME: we should use $relativeFilename here, but it
	    # might have backslashes under Windows, which causes no end
	    # of trouble.
	    createAndExecute $file
	    list {}
	
.... Test generated KNOWN error:
    while executing
ptolemy.kernel.util.IllegalActionException: Found a zero delay loop containing .HierarchicalModel.A
  in .HierarchicalModel and .HierarchicalModel.A
	at ptolemy.actor.util.CausalityInterfaceForComposites._computeOutputPortDepth(CausalityInterfaceForComposites.java:759)
	at ptolemy.actor.util.CausalityInterfaceForComposites._computeInputDepth(CausalityInterfaceForComposites.java:696)
	at ptolemy.actor.util.CausalityInterfaceForComposites._computeOutputPortDepth(CausalityInterfaceForComposites.java:765)
	at ptolemy.actor.util.CausalityInterfaceForComposites._computeInputDepth(CausalityInterfaceForComposites.java:696)
	at ptolemy.actor.util.CausalityInterfaceForComposites._computeOutputPortDepth(CausalityInterfaceForComposites.java:765)
	at ptolemy.actor.util.CausalityInterfaceForComposites._computeInputDepth(CausalityInterfaceForComposites.java:696)
	at ptolemy.actor.util.CausalityInterfaceForComposites._computeActorDepth(CausalityInterfaceForComposites.java:532)
	at ptolemy.actor.util.CausalityInterfaceForComposites.checkForCycles(CausalityInterfaceForComposites.java:96)
	at ptolemy.domains.de.kernel.DEDirector.preinitialize(DEDirector.java:1338)
	at ptolemy.actor.CompositeActor.preinitialize(CompositeActor.java:1828)
	at ptolemy.actor.Manager.preinitializeAndResolveTypes(Manager.java:1040)
	at ptolemy.actor.Manager.initialize(Manager.java:710)
	at ptolemy.actor.Manager.execute(Manager.java:356)
	at ptolemy.actor.Manager.run(Manager.java:1263)
	at ptolemy.actor.Manager$PtolemyRunThread.run(Manager.java:1915)

    while executing
ptolemy.kernel.util.IllegalActionException: Found a zero delay loop containing .HierarchicalModel.A
  in .HierarchicalModel and .HierarchicalModel.A
    while executing
"java::new ptolemy.moml.MoMLSimpleApplication $file
"
    (procedure "createAndExecute" line 2)
    invoked from within
"createAndExecute $file"
    ("uplevel" body line 5)
    invoked from within
"uplevel $contents_of_test"
------------------ testing $PTII/ptolemy/domains/de/test/auto/knownFailedTests/DirectFeedback.xml (Known Failure) 
23 ms. Memory: 146944K Free: 142563K (97%)


==== $PTIIhome/travis/build/icyphy/ptII/ptolemy/domains/de/test/../../../../: Auto Automatic test in file $PTII/ptolemy/domains/de/test/auto/knownFailedTests/DirectFeedback.xml
==== Contents of test case:

	    # FIXME: we should use $relativeFilename here, but it
	    # might have backslashes under Windows, which causes no end
	    # of trouble.
	    createAndExecute $file
	    list {}
	
.... Test generated KNOWN error:
    while executing
ptolemy.kernel.util.IllegalActionException: Test fails in iteration 1.
Value was: 1.0. Should have been: 2.0
  in .DirectFeedback.Test
	at ptolemy.actor.lib.Test.fire(Test.java:268)
	at ptolemy.domains.de.kernel.DEDirector._fire(DEDirector.java:1949)
	at ptolemy.domains.de.kernel.DEDirector.fire(DEDirector.java:502)
	at ptolemy.actor.CompositeActor.fire(CompositeActor.java:455)
	at ptolemy.actor.Manager.iterate(Manager.java:851)
	at ptolemy.actor.Manager.execute(Manager.java:369)
	at ptolemy.actor.Manager.run(Manager.java:1263)
	at ptolemy.actor.Manager$PtolemyRunThread.run(Manager.java:1915)

    while executing
ptolemy.kernel.util.IllegalActionException: Test fails in iteration 1.
Value was: 1.0. Should have been: 2.0
  in .DirectFeedback.Test
    while executing
"java::new ptolemy.moml.MoMLSimpleApplication $file
"
    (procedure "createAndExecute" line 2)
    invoked from within
"createAndExecute $file"
    ("uplevel" body line 5)
    invoked from within
"uplevel $contents_of_test"
------------------ testing $PTII/ptolemy/domains/de/test/auto/ActorDepthCalculation_actorWithoutPorts.xml
auto.tcl: Setting watchdog for 200 seconds at Thu Oct 25 02:33:25 UTC 2018
4 ms. Memory: 146944K Free: 133560K (91%)
ptolemy.util.test.WatchDog.cancel(): canceling Thu Oct 25 02:33:25 UTC 2018
auto.tcl: Setting watchdog for 200 seconds at Thu Oct 25 02:33:25 UTC 2018
8 ms. Memory: 146944K Free: 132512K (90%)
ptolemy.util.test.WatchDog.cancel(): canceling Thu Oct 25 02:33:25 UTC 2018
------------------ testing $PTII/ptolemy/domains/de/test/auto/AssemblyLine.xml
auto.tcl: Setting watchdog for 200 seconds at Thu Oct 25 02:33:25 UTC 2018
33 ms. Memory: 208384K Free: 182213K (87%)
ptolemy.util.test.WatchDog.cancel(): canceling Thu Oct 25 02:33:25 UTC 2018
auto.tcl: Setting watchdog for 200 seconds at Thu Oct 25 02:33:25 UTC 2018
7 ms. Memory: 208384K Free: 182213K (87%)
ptolemy.util.test.WatchDog.cancel(): canceling Thu Oct 25 02:33:25 UTC 2018
------------------ testing $PTII/ptolemy/domains/de/test/auto/CQBug1.xml
auto.tcl: Setting watchdog for 200 seconds at Thu Oct 25 02:33:25 UTC 2018
12 ms. Memory: 208384K Free: 196477K (94%)
ptolemy.util.test.WatchDog.cancel(): canceling Thu Oct 25 02:33:25 UTC 2018
auto.tcl: Setting watchdog for 200 seconds at Thu Oct 25 02:33:25 UTC 2018
2 ms. Memory: 208384K Free: 196477K (94%)
ptolemy.util.test.WatchDog.cancel(): canceling Thu Oct 25 02:33:25 UTC 2018
------------------ testing $PTII/ptolemy/domains/de/test/auto/CancelFireAt.xml
auto.tcl: Setting watchdog for 200 seconds at Thu Oct 25 02:33:25 UTC 2018
3 ms. Memory: 208384K Free: 201083K (96%)
ptolemy.util.test.WatchDog.cancel(): canceling Thu Oct 25 02:33:25 UTC 2018
auto.tcl: Setting watchdog for 200 seconds at Thu Oct 25 02:33:25 UTC 2018
4 ms. Memory: 208384K Free: 198984K (95%)
ptolemy.util.test.WatchDog.cancel(): canceling Thu Oct 25 02:33:25 UTC 2018
------------------ testing $PTII/ptolemy/domains/de/test/auto/CausalityAndComposabilityAnalysis.xml
auto.tcl: Setting watchdog for 200 seconds at Thu Oct 25 02:33:26 UTC 2018
13 ms. Memory: 208384K Free: 196487K (94%)
ptolemy.util.test.WatchDog.cancel(): canceling Thu Oct 25 02:33:26 UTC 2018
auto.tcl: Setting watchdog for 200 seconds at Thu Oct 25 02:33:26 UTC 2018
5 ms. Memory: 208384K Free: 196487K (94%)
ptolemy.util.test.WatchDog.cancel(): canceling Thu Oct 25 02:33:26 UTC 2018
------------------ testing $PTII/ptolemy/domains/de/test/auto/CausalityInterface1.xml
auto.tcl: Setting watchdog for 200 seconds at Thu Oct 25 02:33:26 UTC 2018
25 ms. Memory: 208384K Free: 196423K (94%)
ptolemy.util.test.WatchDog.cancel(): canceling Thu Oct 25 02:33:26 UTC 2018
auto.tcl: Setting watchdog for 200 seconds at Thu Oct 25 02:33:26 UTC 2018
4 ms. Memory: 208384K Free: 196423K (94%)
ptolemy.util.test.WatchDog.cancel(): canceling Thu Oct 25 02:33:26 UTC 2018
------------------ testing $PTII/ptolemy/domains/de/test/auto/CausalityInterface15.xml
auto.tcl: Setting watchdog for 200 seconds at Thu Oct 25 02:33:26 UTC 2018
7 ms. Memory: 208384K Free: 196415K (94%)
ptolemy.util.test.WatchDog.cancel(): canceling Thu Oct 25 02:33:26 UTC 2018
auto.tcl: Setting watchdog for 200 seconds at Thu Oct 25 02:33:26 UTC 2018
5 ms. Memory: 208384K Free: 196415K (94%)
ptolemy.util.test.WatchDog.cancel(): canceling Thu Oct 25 02:33:26 UTC 2018
------------------ testing $PTII/ptolemy/domains/de/test/auto/CausalityInterface2.xml
auto.tcl: Setting watchdog for 200 seconds at Thu Oct 25 02:33:26 UTC 2018
4 ms. Memory: 208384K Free: 196399K (94%)
ptolemy.util.test.WatchDog.cancel(): canceling Thu Oct 25 02:33:26 UTC 2018
auto.tcl: Setting watchdog for 200 seconds at Thu Oct 25 02:33:26 UTC 2018
6 ms. Memory: 208384K Free: 196399K (94%)
ptolemy.util.test.WatchDog.cancel(): canceling Thu Oct 25 02:33:26 UTC 2018
------------------ testing $PTII/ptolemy/domains/de/test/auto/CausalityInterface3.xml
auto.tcl: Setting watchdog for 200 seconds at Thu Oct 25 02:33:26 UTC 2018
7 ms. Memory: 208384K Free: 196412K (94%)
ptolemy.util.test.WatchDog.cancel(): canceling Thu Oct 25 02:33:26 UTC 2018
auto.tcl: Setting watchdog for 200 seconds at Thu Oct 25 02:33:26 UTC 2018
5 ms. Memory: 208384K Free: 196412K (94%)
ptolemy.util.test.WatchDog.cancel(): canceling Thu Oct 25 02:33:26 UTC 2018
------------------ testing $PTII/ptolemy/domains/de/test/auto/ClockDrift.xml
auto.tcl: Setting watchdog for 200 seconds at Thu Oct 25 02:33:26 UTC 2018
78 ms. Memory: 208384K Free: 187653K (90%)
ptolemy.util.test.WatchDog.cancel(): canceling Thu Oct 25 02:33:26 UTC 2018
auto.tcl: Setting watchdog for 200 seconds at Thu Oct 25 02:33:26 UTC 2018
72 ms. Memory: 208384K Free: 185556K (89%)
ptolemy.util.test.WatchDog.cancel(): canceling Thu Oct 25 02:33:26 UTC 2018
------------------ testing $PTII/ptolemy/domains/de/test/auto/ClockDriftAndValueChange.xml
auto.tcl: Setting watchdog for 200 seconds at Thu Oct 25 02:33:26 UTC 2018
48 ms. Memory: 208384K Free: 187486K (90%)
ptolemy.util.test.WatchDog.cancel(): canceling Thu Oct 25 02:33:26 UTC 2018
auto.tcl: Setting watchdog for 200 seconds at Thu Oct 25 02:33:26 UTC 2018
30 ms. Memory: 208384K Free: 185389K (89%)
ptolemy.util.test.WatchDog.cancel(): canceling Thu Oct 25 02:33:26 UTC 2018
------------------ testing $PTII/ptolemy/domains/de/test/auto/ClockDriftChange.xml
auto.tcl: Setting watchdog for 200 seconds at Thu Oct 25 02:33:26 UTC 2018
33 ms. Memory: 208384K Free: 190806K (92%)
ptolemy.util.test.WatchDog.cancel(): canceling Thu Oct 25 02:33:27 UTC 2018
auto.tcl: Setting watchdog for 200 seconds at Thu Oct 25 02:33:27 UTC 2018
22 ms. Memory: 208384K Free: 188710K (91%)
ptolemy.util.test.WatchDog.cancel(): canceling Thu Oct 25 02:33:27 UTC 2018
------------------ testing $PTII/ptolemy/domains/de/test/auto/ComposableCausalityAnalysis.xml
auto.tcl: Setting watchdog for 200 seconds at Thu Oct 25 02:33:27 UTC 2018
1 ms. Memory: 208384K Free: 196266K (94%)
ptolemy.util.test.WatchDog.cancel(): canceling Thu Oct 25 02:33:27 UTC 2018
auto.tcl: Setting watchdog for 200 seconds at Thu Oct 25 02:33:27 UTC 2018
3 ms. Memory: 208384K Free: 194170K (93%)
ptolemy.util.test.WatchDog.cancel(): canceling Thu Oct 25 02:33:27 UTC 2018
------------------ testing $PTII/ptolemy/domains/de/test/auto/DEFixedPointLimitation.xml
auto.tcl: Setting watchdog for 200 seconds at Thu Oct 25 02:33:27 UTC 2018
1 ms. Memory: 208384K Free: 196144K (94%)
ptolemy.util.test.WatchDog.cancel(): canceling Thu Oct 25 02:33:27 UTC 2018
auto.tcl: Setting watchdog for 200 seconds at Thu Oct 25 02:33:27 UTC 2018
2 ms. Memory: 208384K Free: 196144K (94%)
ptolemy.util.test.WatchDog.cancel(): canceling Thu Oct 25 02:33:27 UTC 2018
------------------ testing $PTII/ptolemy/domains/de/test/auto/DEScheduleTest.xml
auto.tcl: Setting watchdog for 200 seconds at Thu Oct 25 02:33:27 UTC 2018
4 ms. Memory: 208384K Free: 198276K (95%)
ptolemy.util.test.WatchDog.cancel(): canceling Thu Oct 25 02:33:27 UTC 2018
auto.tcl: Setting watchdog for 200 seconds at Thu Oct 25 02:33:27 UTC 2018
6 ms. Memory: 208384K Free: 196179K (94%)
ptolemy.util.test.WatchDog.cancel(): canceling Thu Oct 25 02:33:27 UTC 2018
------------------ testing $PTII/ptolemy/domains/de/test/auto/DEinDEwithStartTimes.xml
auto.tcl: Setting watchdog for 200 seconds at Thu Oct 25 02:33:27 UTC 2018
4 ms. Memory: 208384K Free: 196149K (94%)
ptolemy.util.test.WatchDog.cancel(): canceling Thu Oct 25 02:33:27 UTC 2018
auto.tcl: Setting watchdog for 200 seconds at Thu Oct 25 02:33:27 UTC 2018
3 ms. Memory: 208384K Free: 194052K (93%)
ptolemy.util.test.WatchDog.cancel(): canceling Thu Oct 25 02:33:27 UTC 2018
------------------ testing $PTII/ptolemy/domains/de/test/auto/DEinDEwithStartTimes2.xml
auto.tcl: Setting watchdog for 200 seconds at Thu Oct 25 02:33:27 UTC 2018
7 ms. Memory: 208384K Free: 196129K (94%)
ptolemy.util.test.WatchDog.cancel(): canceling Thu Oct 25 02:33:27 UTC 2018
auto.tcl: Setting watchdog for 200 seconds at Thu Oct 25 02:33:27 UTC 2018
5 ms. Memory: 208384K Free: 194032K (93%)
ptolemy.util.test.WatchDog.cancel(): canceling Thu Oct 25 02:33:27 UTC 2018
------------------ testing $PTII/ptolemy/domains/de/test/auto/DateDemo.xml
auto.tcl: Setting watchdog for 200 seconds at Thu Oct 25 02:33:27 UTC 2018
13 ms. Memory: 208384K Free: 188575K (90%)
ptolemy.util.test.WatchDog.cancel(): canceling Thu Oct 25 02:33:27 UTC 2018
auto.tcl: Setting watchdog for 200 seconds at Thu Oct 25 02:33:27 UTC 2018
11 ms. Memory: 208384K Free: 186479K (89%)
ptolemy.util.test.WatchDog.cancel(): canceling Thu Oct 25 02:33:27 UTC 2018
------------------ testing $PTII/ptolemy/domains/de/test/auto/DateToEvent.xml
auto.tcl: Setting watchdog for 200 seconds at Thu Oct 25 02:33:27 UTC 2018
2010 ms. Memory: 208384K Free: 183308K (88%)
ptolemy.util.test.WatchDog.cancel(): canceling Thu Oct 25 02:33:29 UTC 2018
auto.tcl: Setting watchdog for 200 seconds at Thu Oct 25 02:33:29 UTC 2018
2010 ms. Memory: 208384K Free: 183308K (88%)
ptolemy.util.test.WatchDog.cancel(): canceling Thu Oct 25 02:33:31 UTC 2018
------------------ testing $PTII/ptolemy/domains/de/test/auto/DepthTest1.xml
auto.tcl: Setting watchdog for 200 seconds at Thu Oct 25 02:33:31 UTC 2018
5 ms. Memory: 208384K Free: 197803K (95%)
ptolemy.util.test.WatchDog.cancel(): canceling Thu Oct 25 02:33:31 UTC 2018
auto.tcl: Setting watchdog for 200 seconds at Thu Oct 25 02:33:31 UTC 2018
2 ms. Memory: 208384K Free: 197803K (95%)
ptolemy.util.test.WatchDog.cancel(): canceling Thu Oct 25 02:33:31 UTC 2018
------------------ testing $PTII/ptolemy/domains/de/test/auto/DepthTest2.xml
auto.tcl: Setting watchdog for 200 seconds at Thu Oct 25 02:33:31 UTC 2018
3 ms. Memory: 208384K Free: 194011K (93%)
ptolemy.util.test.WatchDog.cancel(): canceling Thu Oct 25 02:33:31 UTC 2018
auto.tcl: Setting watchdog for 200 seconds at Thu Oct 25 02:33:31 UTC 2018
3 ms. Memory: 208384K Free: 194011K (93%)
ptolemy.util.test.WatchDog.cancel(): canceling Thu Oct 25 02:33:31 UTC 2018
------------------ testing $PTII/ptolemy/domains/de/test/auto/DepthTest3.xml
auto.tcl: Setting watchdog for 200 seconds at Thu Oct 25 02:33:31 UTC 2018
3 ms. Memory: 208384K Free: 198138K (95%)
ptolemy.util.test.WatchDog.cancel(): canceling Thu Oct 25 02:33:31 UTC 2018
auto.tcl: Setting watchdog for 200 seconds at Thu Oct 25 02:33:31 UTC 2018
1 ms. Memory: 208384K Free: 198138K (95%)
ptolemy.util.test.WatchDog.cancel(): canceling Thu Oct 25 02:33:31 UTC 2018
------------------ testing $PTII/ptolemy/domains/de/test/auto/DepthTest4.xml
auto.tcl: Setting watchdog for 200 seconds at Thu Oct 25 02:33:32 UTC 2018
9 ms. Memory: 208384K Free: 196128K (94%)
ptolemy.util.test.WatchDog.cancel(): canceling Thu Oct 25 02:33:32 UTC 2018
auto.tcl: Setting watchdog for 200 seconds at Thu Oct 25 02:33:32 UTC 2018
2 ms. Memory: 208384K Free: 196128K (94%)
ptolemy.util.test.WatchDog.cancel(): canceling Thu Oct 25 02:33:32 UTC 2018
------------------ testing $PTII/ptolemy/domains/de/test/auto/DepthTest5.xml
auto.tcl: Setting watchdog for 200 seconds at Thu Oct 25 02:33:32 UTC 2018
4 ms. Memory: 208384K Free: 196413K (94%)
ptolemy.util.test.WatchDog.cancel(): canceling Thu Oct 25 02:33:32 UTC 2018
auto.tcl: Setting watchdog for 200 seconds at Thu Oct 25 02:33:32 UTC 2018
2 ms. Memory: 208384K Free: 196413K (94%)
ptolemy.util.test.WatchDog.cancel(): canceling Thu Oct 25 02:33:32 UTC 2018
------------------ testing $PTII/ptolemy/domains/de/test/auto/DepthTest6.xml
auto.tcl: Setting watchdog for 200 seconds at Thu Oct 25 02:33:32 UTC 2018
11 ms. Memory: 208384K Free: 196382K (94%)
ptolemy.util.test.WatchDog.cancel(): canceling Thu Oct 25 02:33:32 UTC 2018
auto.tcl: Setting watchdog for 200 seconds at Thu Oct 25 02:33:32 UTC 2018
3 ms. Memory: 208384K Free: 196382K (94%)
ptolemy.util.test.WatchDog.cancel(): canceling Thu Oct 25 02:33:32 UTC 2018
------------------ testing $PTII/ptolemy/domains/de/test/auto/DepthTest7.xml
auto.tcl: Setting watchdog for 200 seconds at Thu Oct 25 02:33:32 UTC 2018
2 ms. Memory: 208384K Free: 194804K (93%)
ptolemy.util.test.WatchDog.cancel(): canceling Thu Oct 25 02:33:32 UTC 2018
auto.tcl: Setting watchdog for 200 seconds at Thu Oct 25 02:33:32 UTC 2018
2 ms. Memory: 208384K Free: 194804K (93%)
ptolemy.util.test.WatchDog.cancel(): canceling Thu Oct 25 02:33:32 UTC 2018
------------------ testing $PTII/ptolemy/domains/de/test/auto/EventToDate.xml
auto.tcl: Setting watchdog for 200 seconds at Thu Oct 25 02:33:32 UTC 2018
3010 ms. Memory: 208384K Free: 183113K (88%)
ptolemy.util.test.WatchDog.cancel(): canceling Thu Oct 25 02:33:35 UTC 2018
auto.tcl: Setting watchdog for 200 seconds at Thu Oct 25 02:33:35 UTC 2018
3004 ms. Memory: 208384K Free: 183113K (88%)
ptolemy.util.test.WatchDog.cancel(): canceling Thu Oct 25 02:33:38 UTC 2018
------------------ testing $PTII/ptolemy/domains/de/test/auto/FSM1.xml
auto.tcl: Setting watchdog for 200 seconds at Thu Oct 25 02:33:38 UTC 2018
24 ms. Memory: 208384K Free: 189091K (91%)
ptolemy.util.test.WatchDog.cancel(): canceling Thu Oct 25 02:33:38 UTC 2018
auto.tcl: Setting watchdog for 200 seconds at Thu Oct 25 02:33:38 UTC 2018
28 ms. Memory: 208384K Free: 184898K (89%)
ptolemy.util.test.WatchDog.cancel(): canceling Thu Oct 25 02:33:38 UTC 2018
------------------ testing $PTII/ptolemy/domains/de/test/auto/FSM7.xml
auto.tcl: Setting watchdog for 200 seconds at Thu Oct 25 02:33:38 UTC 2018
27 ms. Memory: 208384K Free: 187198K (90%)
ptolemy.util.test.WatchDog.cancel(): canceling Thu Oct 25 02:33:38 UTC 2018
auto.tcl: Setting watchdog for 200 seconds at Thu Oct 25 02:33:38 UTC 2018
16 ms. Memory: 208384K Free: 185101K (89%)
ptolemy.util.test.WatchDog.cancel(): canceling Thu Oct 25 02:33:38 UTC 2018
------------------ testing $PTII/ptolemy/domains/de/test/auto/Inspection.xml
auto.tcl: Setting watchdog for 200 seconds at Thu Oct 25 02:33:38 UTC 2018
39 ms. Memory: 208384K Free: 188749K (91%)
ptolemy.util.test.WatchDog.cancel(): canceling Thu Oct 25 02:33:38 UTC 2018
auto.tcl: Setting watchdog for 200 seconds at Thu Oct 25 02:33:38 UTC 2018
17 ms. Memory: 208384K Free: 186653K (90%)
ptolemy.util.test.WatchDog.cancel(): canceling Thu Oct 25 02:33:38 UTC 2018
------------------ testing $PTII/ptolemy/domains/de/test/auto/Iteration.xml
auto.tcl: Setting watchdog for 200 seconds at Thu Oct 25 02:33:38 UTC 2018
7 ms. Memory: 208384K Free: 195840K (94%)
ptolemy.util.test.WatchDog.cancel(): canceling Thu Oct 25 02:33:38 UTC 2018
auto.tcl: Setting watchdog for 200 seconds at Thu Oct 25 02:33:38 UTC 2018
6 ms. Memory: 208384K Free: 193743K (93%)
ptolemy.util.test.WatchDog.cancel(): canceling Thu Oct 25 02:33:38 UTC 2018
------------------ testing $PTII/ptolemy/domains/de/test/auto/LineFault.xml
auto.tcl: Setting watchdog for 200 seconds at Thu Oct 25 02:33:38 UTC 2018
756 ms. Memory: 208384K Free: 195995K (94%)
ptolemy.util.test.WatchDog.cancel(): canceling Thu Oct 25 02:33:40 UTC 2018
auto.tcl: Setting watchdog for 200 seconds at Thu Oct 25 02:33:40 UTC 2018
647 ms. Memory: 208384K Free: 138748K (67%)
ptolemy.util.test.WatchDog.cancel(): canceling Thu Oct 25 02:33:40 UTC 2018
------------------ testing $PTII/ptolemy/domains/de/test/auto/MergeModel1Add.xml
auto.tcl: Setting watchdog for 200 seconds at Thu Oct 25 02:33:40 UTC 2018
27 ms. Memory: 331264K Free: 298658K (90%)
ptolemy.util.test.WatchDog.cancel(): canceling Thu Oct 25 02:33:40 UTC 2018
auto.tcl: Setting watchdog for 200 seconds at Thu Oct 25 02:33:40 UTC 2018
11 ms. Memory: 331264K Free: 298658K (90%)
ptolemy.util.test.WatchDog.cancel(): canceling Thu Oct 25 02:33:40 UTC 2018
------------------ testing $PTII/ptolemy/domains/de/test/auto/MergeModel2Add.xml
auto.tcl: Setting watchdog for 200 seconds at Thu Oct 25 02:33:40 UTC 2018
8 ms. Memory: 331264K Free: 303941K (92%)
ptolemy.util.test.WatchDog.cancel(): canceling Thu Oct 25 02:33:40 UTC 2018
auto.tcl: Setting watchdog for 200 seconds at Thu Oct 25 02:33:40 UTC 2018
7 ms. Memory: 331264K Free: 299995K (91%)
ptolemy.util.test.WatchDog.cancel(): canceling Thu Oct 25 02:33:40 UTC 2018
------------------ testing $PTII/ptolemy/domains/de/test/auto/MergeModel3Add.xml
auto.tcl: Setting watchdog for 200 seconds at Thu Oct 25 02:33:41 UTC 2018
10 ms. Memory: 331264K Free: 303951K (92%)
ptolemy.util.test.WatchDog.cancel(): canceling Thu Oct 25 02:33:41 UTC 2018
auto.tcl: Setting watchdog for 200 seconds at Thu Oct 25 02:33:41 UTC 2018
7 ms. Memory: 331264K Free: 300006K (91%)
ptolemy.util.test.WatchDog.cancel(): canceling Thu Oct 25 02:33:41 UTC 2018
------------------ testing $PTII/ptolemy/domains/de/test/auto/MergeWithoutDiscard.xml
auto.tcl: Setting watchdog for 200 seconds at Thu Oct 25 02:33:41 UTC 2018
2 ms. Memory: 331264K Free: 320014K (97%)
ptolemy.util.test.WatchDog.cancel(): canceling Thu Oct 25 02:33:41 UTC 2018
auto.tcl: Setting watchdog for 200 seconds at Thu Oct 25 02:33:41 UTC 2018
1 ms. Memory: 331264K Free: 316069K (95%)
ptolemy.util.test.WatchDog.cancel(): canceling Thu Oct 25 02:33:41 UTC 2018
------------------ testing $PTII/ptolemy/domains/de/test/auto/Modal1.xml
auto.tcl: Setting watchdog for 200 seconds at Thu Oct 25 02:33:41 UTC 2018
11 ms. Memory: 331264K Free: 309679K (93%)
ptolemy.util.test.WatchDog.cancel(): canceling Thu Oct 25 02:33:41 UTC 2018
auto.tcl: Setting watchdog for 200 seconds at Thu Oct 25 02:33:41 UTC 2018
13 ms. Memory: 331264K Free: 305734K (92%)
ptolemy.util.test.WatchDog.cancel(): canceling Thu Oct 25 02:33:41 UTC 2018
------------------ testing $PTII/ptolemy/domains/de/test/auto/Modal2.xml
auto.tcl: Setting watchdog for 200 seconds at Thu Oct 25 02:33:41 UTC 2018
11 ms. Memory: 331264K Free: 309561K (93%)
ptolemy.util.test.WatchDog.cancel(): canceling Thu Oct 25 02:33:41 UTC 2018
auto.tcl: Setting watchdog for 200 seconds at Thu Oct 25 02:33:41 UTC 2018
13 ms. Memory: 331264K Free: 305616K (92%)
ptolemy.util.test.WatchDog.cancel(): canceling Thu Oct 25 02:33:41 UTC 2018
------------------ testing $PTII/ptolemy/domains/de/test/auto/Modal3.xml
auto.tcl: Setting watchdog for 200 seconds at Thu Oct 25 02:33:41 UTC 2018
18 ms. Memory: 331264K Free: 309551K (93%)
ptolemy.util.test.WatchDog.cancel(): canceling Thu Oct 25 02:33:41 UTC 2018
auto.tcl: Setting watchdog for 200 seconds at Thu Oct 25 02:33:41 UTC 2018
16 ms. Memory: 331264K Free: 305606K (92%)
ptolemy.util.test.WatchDog.cancel(): canceling Thu Oct 25 02:33:41 UTC 2018
------------------ testing $PTII/ptolemy/domains/de/test/auto/Modal4.xml
auto.tcl: Setting watchdog for 200 seconds at Thu Oct 25 02:33:41 UTC 2018
22 ms. Memory: 331264K Free: 309565K (93%)
ptolemy.util.test.WatchDog.cancel(): canceling Thu Oct 25 02:33:41 UTC 2018
auto.tcl: Setting watchdog for 200 seconds at Thu Oct 25 02:33:41 UTC 2018
21 ms. Memory: 331264K Free: 305619K (92%)
ptolemy.util.test.WatchDog.cancel(): canceling Thu Oct 25 02:33:41 UTC 2018
------------------ testing $PTII/ptolemy/domains/de/test/auto/Modal5.xml
auto.tcl: Setting watchdog for 200 seconds at Thu Oct 25 02:33:41 UTC 2018
15 ms. Memory: 331264K Free: 309551K (93%)
ptolemy.util.test.WatchDog.cancel(): canceling Thu Oct 25 02:33:41 UTC 2018
auto.tcl: Setting watchdog for 200 seconds at Thu Oct 25 02:33:41 UTC 2018
13 ms. Memory: 331264K Free: 305606K (92%)
ptolemy.util.test.WatchDog.cancel(): canceling Thu Oct 25 02:33:41 UTC 2018
------------------ testing $PTII/ptolemy/domains/de/test/auto/Modal6.xml
auto.tcl: Setting watchdog for 200 seconds at Thu Oct 25 02:33:41 UTC 2018
11 ms. Memory: 331264K Free: 309549K (93%)
ptolemy.util.test.WatchDog.cancel(): canceling Thu Oct 25 02:33:41 UTC 2018
auto.tcl: Setting watchdog for 200 seconds at Thu Oct 25 02:33:41 UTC 2018
13 ms. Memory: 331264K Free: 305604K (92%)
ptolemy.util.test.WatchDog.cancel(): canceling Thu Oct 25 02:33:41 UTC 2018
------------------ testing $PTII/ptolemy/domains/de/test/auto/Modal7.xml
auto.tcl: Setting watchdog for 200 seconds at Thu Oct 25 02:33:41 UTC 2018
9 ms. Memory: 331264K Free: 309549K (93%)
ptolemy.util.test.WatchDog.cancel(): canceling Thu Oct 25 02:33:41 UTC 2018
auto.tcl: Setting watchdog for 200 seconds at Thu Oct 25 02:33:41 UTC 2018
10 ms. Memory: 331264K Free: 305604K (92%)
ptolemy.util.test.WatchDog.cancel(): canceling Thu Oct 25 02:33:41 UTC 2018
------------------ testing $PTII/ptolemy/domains/de/test/auto/ModalModel.xml
auto.tcl: Setting watchdog for 200 seconds at Thu Oct 25 02:33:41 UTC 2018
196 ms. Memory: 331264K Free: 246072K (74%)
ptolemy.util.test.WatchDog.cancel(): canceling Thu Oct 25 02:33:42 UTC 2018
auto.tcl: Setting watchdog for 200 seconds at Thu Oct 25 02:33:42 UTC 2018
176 ms. Memory: 331264K Free: 190775K (58%)
ptolemy.util.test.WatchDog.cancel(): canceling Thu Oct 25 02:33:42 UTC 2018
------------------ testing $PTII/ptolemy/domains/de/test/auto/ModalSource.xml
auto.tcl: Setting watchdog for 200 seconds at Thu Oct 25 02:33:42 UTC 2018
9 ms. Memory: 331264K Free: 316501K (96%)
ptolemy.util.test.WatchDog.cancel(): canceling Thu Oct 25 02:33:42 UTC 2018
auto.tcl: Setting watchdog for 200 seconds at Thu Oct 25 02:33:42 UTC 2018
6 ms. Memory: 331264K Free: 312971K (94%)
ptolemy.util.test.WatchDog.cancel(): canceling Thu Oct 25 02:33:42 UTC 2018
------------------ testing $PTII/ptolemy/domains/de/test/auto/NonInterruptibleTimerZeroDelay.xml
auto.tcl: Setting watchdog for 200 seconds at Thu Oct 25 02:33:42 UTC 2018
4 ms. Memory: 331264K Free: 320684K (97%)
ptolemy.util.test.WatchDog.cancel(): canceling Thu Oct 25 02:33:42 UTC 2018
auto.tcl: Setting watchdog for 200 seconds at Thu Oct 25 02:33:42 UTC 2018
2 ms. Memory: 331264K Free: 317154K (96%)
ptolemy.util.test.WatchDog.cancel(): canceling Thu Oct 25 02:33:42 UTC 2018
------------------ testing $PTII/ptolemy/domains/de/test/auto/OpenQueueingNetwork.xml
auto.tcl: Setting watchdog for 200 seconds at Thu Oct 25 02:33:42 UTC 2018
3230 ms. Memory: 573952K Free: 382121K (67%)
ptolemy.util.test.WatchDog.cancel(): canceling Thu Oct 25 02:33:45 UTC 2018
auto.tcl: Setting watchdog for 200 seconds at Thu Oct 25 02:33:45 UTC 2018
2492 ms. Memory: 550912K Free: 268691K (49%)
ptolemy.util.test.WatchDog.cancel(): canceling Thu Oct 25 02:33:48 UTC 2018
------------------ testing $PTII/ptolemy/domains/de/test/auto/OpenQueuingNetwork.xml
auto.tcl: Setting watchdog for 200 seconds at Thu Oct 25 02:33:48 UTC 2018
221 ms. Memory: 549888K Free: 445105K (81%)
ptolemy.util.test.WatchDog.cancel(): canceling Thu Oct 25 02:33:48 UTC 2018
auto.tcl: Setting watchdog for 200 seconds at Thu Oct 25 02:33:48 UTC 2018
214 ms. Memory: 549888K Free: 385743K (70%)
ptolemy.util.test.WatchDog.cancel(): canceling Thu Oct 25 02:33:49 UTC 2018
------------------ testing $PTII/ptolemy/domains/de/test/auto/PeriodicSampler.xml
auto.tcl: Setting watchdog for 200 seconds at Thu Oct 25 02:33:49 UTC 2018
3 ms. Memory: 551936K Free: 530757K (96%)
ptolemy.util.test.WatchDog.cancel(): canceling Thu Oct 25 02:33:49 UTC 2018
auto.tcl: Setting watchdog for 200 seconds at Thu Oct 25 02:33:49 UTC 2018
2 ms. Memory: 551936K Free: 530757K (96%)
ptolemy.util.test.WatchDog.cancel(): canceling Thu Oct 25 02:33:49 UTC 2018
------------------ testing $PTII/ptolemy/domains/de/test/auto/PersistentIO.xml
auto.tcl: Setting watchdog for 200 seconds at Thu Oct 25 02:33:49 UTC 2018
8 ms. Memory: 549376K Free: 522192K (95%)
ptolemy.util.test.WatchDog.cancel(): canceling Thu Oct 25 02:33:49 UTC 2018
auto.tcl: Setting watchdog for 200 seconds at Thu Oct 25 02:33:49 UTC 2018
3 ms. Memory: 549376K Free: 522192K (95%)
ptolemy.util.test.WatchDog.cancel(): canceling Thu Oct 25 02:33:49 UTC 2018
------------------ testing $PTII/ptolemy/domains/de/test/auto/PortParameterResetOnInitialize.xml
auto.tcl: Setting watchdog for 200 seconds at Thu Oct 25 02:33:49 UTC 2018
2 ms. Memory: 551424K Free: 530476K (96%)
ptolemy.util.test.WatchDog.cancel(): canceling Thu Oct 25 02:33:49 UTC 2018
auto.tcl: Setting watchdog for 200 seconds at Thu Oct 25 02:33:49 UTC 2018
2 ms. Memory: 551424K Free: 530476K (96%)
ptolemy.util.test.WatchDog.cancel(): canceling Thu Oct 25 02:33:49 UTC 2018
------------------ testing $PTII/ptolemy/domains/de/test/auto/PortParameterUpdates.xml
auto.tcl: Setting watchdog for 200 seconds at Thu Oct 25 02:33:49 UTC 2018
5 ms. Memory: 549376K Free: 528561K (96%)
ptolemy.util.test.WatchDog.cancel(): canceling Thu Oct 25 02:33:49 UTC 2018
auto.tcl: Setting watchdog for 200 seconds at Thu Oct 25 02:33:49 UTC 2018
3 ms. Memory: 549376K Free: 521949K (95%)
ptolemy.util.test.WatchDog.cancel(): canceling Thu Oct 25 02:33:49 UTC 2018
------------------ testing $PTII/ptolemy/domains/de/test/auto/QueueAndServer.xml
auto.tcl: Setting watchdog for 200 seconds at Thu Oct 25 02:33:49 UTC 2018
19 ms. Memory: 551424K Free: 535252K (97%)
ptolemy.util.test.WatchDog.cancel(): canceling Thu Oct 25 02:33:49 UTC 2018
auto.tcl: Setting watchdog for 200 seconds at Thu Oct 25 02:33:49 UTC 2018
6 ms. Memory: 551424K Free: 528656K (96%)
ptolemy.util.test.WatchDog.cancel(): canceling Thu Oct 25 02:33:49 UTC 2018
------------------ testing $PTII/ptolemy/domains/de/test/auto/Records.xml
auto.tcl: Setting watchdog for 200 seconds at Thu Oct 25 02:33:49 UTC 2018
5 ms. Memory: 549376K Free: 533144K (97%)
ptolemy.util.test.WatchDog.cancel(): canceling Thu Oct 25 02:33:49 UTC 2018
auto.tcl: Setting watchdog for 200 seconds at Thu Oct 25 02:33:49 UTC 2018
1 ms. Memory: 549376K Free: 533144K (97%)
ptolemy.util.test.WatchDog.cancel(): canceling Thu Oct 25 02:33:49 UTC 2018
------------------ testing $PTII/ptolemy/domains/de/test/auto/ResetTransitionWithStartTime1.xml
auto.tcl: Setting watchdog for 200 seconds at Thu Oct 25 02:33:49 UTC 2018
6 ms. Memory: 551424K Free: 528607K (96%)
ptolemy.util.test.WatchDog.cancel(): canceling Thu Oct 25 02:33:49 UTC 2018
auto.tcl: Setting watchdog for 200 seconds at Thu Oct 25 02:33:49 UTC 2018
6 ms. Memory: 551424K Free: 528607K (96%)
ptolemy.util.test.WatchDog.cancel(): canceling Thu Oct 25 02:33:49 UTC 2018
------------------ testing $PTII/ptolemy/domains/de/test/auto/ResetTransitionWithStartTime2.xml
auto.tcl: Setting watchdog for 200 seconds at Thu Oct 25 02:33:49 UTC 2018
4 ms. Memory: 549376K Free: 526780K (96%)
ptolemy.util.test.WatchDog.cancel(): canceling Thu Oct 25 02:33:49 UTC 2018
auto.tcl: Setting watchdog for 200 seconds at Thu Oct 25 02:33:49 UTC 2018
5 ms. Memory: 549376K Free: 526780K (96%)
ptolemy.util.test.WatchDog.cancel(): canceling Thu Oct 25 02:33:49 UTC 2018
------------------ testing $PTII/ptolemy/domains/de/test/auto/ResetTransitionWithStartTime3.xml
auto.tcl: Setting watchdog for 200 seconds at Thu Oct 25 02:33:49 UTC 2018
9 ms. Memory: 550912K Free: 528314K (96%)
ptolemy.util.test.WatchDog.cancel(): canceling Thu Oct 25 02:33:49 UTC 2018
auto.tcl: Setting watchdog for 200 seconds at Thu Oct 25 02:33:49 UTC 2018
5 ms. Memory: 550912K Free: 528314K (96%)
ptolemy.util.test.WatchDog.cancel(): canceling Thu Oct 25 02:33:49 UTC 2018
------------------ testing $PTII/ptolemy/domains/de/test/auto/ResetTransitionWithStartTime4.xml
auto.tcl: Setting watchdog for 200 seconds at Thu Oct 25 02:33:49 UTC 2018
4 ms. Memory: 549376K Free: 521868K (95%)
ptolemy.util.test.WatchDog.cancel(): canceling Thu Oct 25 02:33:49 UTC 2018
auto.tcl: Setting watchdog for 200 seconds at Thu Oct 25 02:33:49 UTC 2018
4 ms. Memory: 549376K Free: 521868K (95%)
ptolemy.util.test.WatchDog.cancel(): canceling Thu Oct 25 02:33:49 UTC 2018
------------------ testing $PTII/ptolemy/domains/de/test/auto/ResettableTimer1.xml
auto.tcl: Setting watchdog for 200 seconds at Thu Oct 25 02:33:49 UTC 2018
2 ms. Memory: 550912K Free: 534690K (97%)
ptolemy.util.test.WatchDog.cancel(): canceling Thu Oct 25 02:33:49 UTC 2018
auto.tcl: Setting watchdog for 200 seconds at Thu Oct 25 02:33:49 UTC 2018
2 ms. Memory: 550912K Free: 534690K (97%)
ptolemy.util.test.WatchDog.cancel(): canceling Thu Oct 25 02:33:49 UTC 2018
------------------ testing $PTII/ptolemy/domains/de/test/auto/ResettableTimer2.xml
auto.tcl: Setting watchdog for 200 seconds at Thu Oct 25 02:33:49 UTC 2018
3 ms. Memory: 549376K Free: 524083K (95%)
ptolemy.util.test.WatchDog.cancel(): canceling Thu Oct 25 02:33:49 UTC 2018
auto.tcl: Setting watchdog for 200 seconds at Thu Oct 25 02:33:49 UTC 2018
3 ms. Memory: 549376K Free: 524083K (95%)
ptolemy.util.test.WatchDog.cancel(): canceling Thu Oct 25 02:33:49 UTC 2018
------------------ testing $PTII/ptolemy/domains/de/test/auto/ResettableTimer3.xml
auto.tcl: Setting watchdog for 200 seconds at Thu Oct 25 02:33:50 UTC 2018
2 ms. Memory: 550912K Free: 534748K (97%)
ptolemy.util.test.WatchDog.cancel(): canceling Thu Oct 25 02:33:50 UTC 2018
auto.tcl: Setting watchdog for 200 seconds at Thu Oct 25 02:33:50 UTC 2018
1 ms. Memory: 550912K Free: 534748K (97%)
ptolemy.util.test.WatchDog.cancel(): canceling Thu Oct 25 02:33:50 UTC 2018
------------------ testing $PTII/ptolemy/domains/de/test/auto/ResettableTimer4.xml
auto.tcl: Setting watchdog for 200 seconds at Thu Oct 25 02:33:50 UTC 2018
1 ms. Memory: 549376K Free: 533455K (97%)
ptolemy.util.test.WatchDog.cancel(): canceling Thu Oct 25 02:33:50 UTC 2018
auto.tcl: Setting watchdog for 200 seconds at Thu Oct 25 02:33:50 UTC 2018
1 ms. Memory: 549376K Free: 533455K (97%)
ptolemy.util.test.WatchDog.cancel(): canceling Thu Oct 25 02:33:50 UTC 2018
------------------ testing $PTII/ptolemy/domains/de/test/auto/ResettableTimer5.xml
auto.tcl: Setting watchdog for 200 seconds at Thu Oct 25 02:33:50 UTC 2018
3 ms. Memory: 550400K Free: 534477K (97%)
ptolemy.util.test.WatchDog.cancel(): canceling Thu Oct 25 02:33:50 UTC 2018
auto.tcl: Setting watchdog for 200 seconds at Thu Oct 25 02:33:50 UTC 2018
1 ms. Memory: 550400K Free: 534477K (97%)
ptolemy.util.test.WatchDog.cancel(): canceling Thu Oct 25 02:33:50 UTC 2018
------------------ testing $PTII/ptolemy/domains/de/test/auto/ResettableTimer6.xml
auto.tcl: Setting watchdog for 200 seconds at Thu Oct 25 02:33:50 UTC 2018
2 ms. Memory: 549376K Free: 528494K (96%)
ptolemy.util.test.WatchDog.cancel(): canceling Thu Oct 25 02:33:50 UTC 2018
auto.tcl: Setting watchdog for 200 seconds at Thu Oct 25 02:33:50 UTC 2018
1 ms. Memory: 549376K Free: 528494K (96%)
ptolemy.util.test.WatchDog.cancel(): canceling Thu Oct 25 02:33:50 UTC 2018
------------------ testing $PTII/ptolemy/domains/de/test/auto/ServerZeroDelay.xml
auto.tcl: Setting watchdog for 200 seconds at Thu Oct 25 02:33:50 UTC 2018
2 ms. Memory: 550400K Free: 534417K (97%)
ptolemy.util.test.WatchDog.cancel(): canceling Thu Oct 25 02:33:50 UTC 2018
auto.tcl: Setting watchdog for 200 seconds at Thu Oct 25 02:33:50 UTC 2018
2 ms. Memory: 550400K Free: 534417K (97%)
ptolemy.util.test.WatchDog.cancel(): canceling Thu Oct 25 02:33:50 UTC 2018
------------------ testing $PTII/ptolemy/domains/de/test/auto/SmartSender.xml
auto.tcl: Setting watchdog for 200 seconds at Thu Oct 25 02:33:50 UTC 2018
3002 ms. Memory: 549376K Free: 528709K (96%)
ptolemy.util.test.WatchDog.cancel(): canceling Thu Oct 25 02:33:53 UTC 2018
auto.tcl: Setting watchdog for 200 seconds at Thu Oct 25 02:33:53 UTC 2018
3001 ms. Memory: 549376K Free: 528709K (96%)
ptolemy.util.test.WatchDog.cancel(): canceling Thu Oct 25 02:33:56 UTC 2018
------------------ testing $PTII/ptolemy/domains/de/test/auto/ThreadedComposite.xml
auto.tcl: Setting watchdog for 200 seconds at Thu Oct 25 02:33:56 UTC 2018
183 ms. Memory: 550400K Free: 513546K (93%)
ptolemy.util.test.WatchDog.cancel(): canceling Thu Oct 25 02:33:56 UTC 2018
auto.tcl: Setting watchdog for 200 seconds at Thu Oct 25 02:33:56 UTC 2018
104 ms. Memory: 550400K Free: 497575K (90%)
ptolemy.util.test.WatchDog.cancel(): canceling Thu Oct 25 02:33:56 UTC 2018
------------------ testing $PTII/ptolemy/domains/de/test/auto/Time.xml
auto.tcl: Setting watchdog for 200 seconds at Thu Oct 25 02:33:56 UTC 2018
520 ms. Memory: 549376K Free: 481407K (88%)
ptolemy.util.test.WatchDog.cancel(): canceling Thu Oct 25 02:33:57 UTC 2018
auto.tcl: Setting watchdog for 200 seconds at Thu Oct 25 02:33:57 UTC 2018
495 ms. Memory: 549376K Free: 422046K (77%)
ptolemy.util.test.WatchDog.cancel(): canceling Thu Oct 25 02:33:57 UTC 2018
------------------ testing $PTII/ptolemy/domains/de/test/auto/TimeDelayZeroDelay.xml
auto.tcl: Setting watchdog for 200 seconds at Thu Oct 25 02:33:57 UTC 2018
1 ms. Memory: 550400K Free: 534105K (97%)
ptolemy.util.test.WatchDog.cancel(): canceling Thu Oct 25 02:33:57 UTC 2018
auto.tcl: Setting watchdog for 200 seconds at Thu Oct 25 02:33:57 UTC 2018
2 ms. Memory: 550400K Free: 534105K (97%)
ptolemy.util.test.WatchDog.cancel(): canceling Thu Oct 25 02:33:57 UTC 2018
------------------ testing $PTII/ptolemy/domains/de/test/auto/TimerZeroDelay.xml
auto.tcl: Setting watchdog for 200 seconds at Thu Oct 25 02:33:57 UTC 2018
2 ms. Memory: 549376K Free: 533355K (97%)
ptolemy.util.test.WatchDog.cancel(): canceling Thu Oct 25 02:33:57 UTC 2018
auto.tcl: Setting watchdog for 200 seconds at Thu Oct 25 02:33:57 UTC 2018
2 ms. Memory: 549376K Free: 533355K (97%)
ptolemy.util.test.WatchDog.cancel(): canceling Thu Oct 25 02:33:57 UTC 2018
------------------ testing $PTII/ptolemy/domains/de/test/auto/TimingParadox.xml
auto.tcl: Setting watchdog for 200 seconds at Thu Oct 25 02:33:58 UTC 2018
346 ms. Memory: 549888K Free: 467868K (85%)
ptolemy.util.test.WatchDog.cancel(): canceling Thu Oct 25 02:33:58 UTC 2018
auto.tcl: Setting watchdog for 200 seconds at Thu Oct 25 02:33:58 UTC 2018
332 ms. Memory: 549888K Free: 434890K (79%)
ptolemy.util.test.WatchDog.cancel(): canceling Thu Oct 25 02:33:58 UTC 2018
------------------ testing $PTII/ptolemy/domains/de/test/auto/TransferInputs.xml
auto.tcl: Setting watchdog for 200 seconds at Thu Oct 25 02:33:58 UTC 2018
2 ms. Memory: 549888K Free: 532770K (97%)
ptolemy.util.test.WatchDog.cancel(): canceling Thu Oct 25 02:33:58 UTC 2018
auto.tcl: Setting watchdog for 200 seconds at Thu Oct 25 02:33:58 UTC 2018
2 ms. Memory: 549888K Free: 532770K (97%)
ptolemy.util.test.WatchDog.cancel(): canceling Thu Oct 25 02:33:58 UTC 2018
------------------ testing $PTII/ptolemy/domains/de/test/auto/TransferOutputs2.xml
auto.tcl: Setting watchdog for 200 seconds at Thu Oct 25 02:33:58 UTC 2018
11 ms. Memory: 549376K Free: 522069K (95%)
ptolemy.util.test.WatchDog.cancel(): canceling Thu Oct 25 02:33:58 UTC 2018
auto.tcl: Setting watchdog for 200 seconds at Thu Oct 25 02:33:58 UTC 2018
3 ms. Memory: 549376K Free: 522069K (95%)
ptolemy.util.test.WatchDog.cancel(): canceling Thu Oct 25 02:33:58 UTC 2018
------------------ testing $PTII/ptolemy/domains/de/test/auto/Trilateration.xml
auto.tcl: Setting watchdog for 200 seconds at Thu Oct 25 02:33:59 UTC 2018
14572 ms. Memory: 766976K Free: 192281K (25%)
ptolemy.util.test.WatchDog.cancel(): canceling Thu Oct 25 02:34:14 UTC 2018
auto.tcl: Setting watchdog for 200 seconds at Thu Oct 25 02:34:14 UTC 2018
12578 ms. Memory: 623104K Free: 556142K (89%)
ptolemy.util.test.WatchDog.cancel(): canceling Thu Oct 25 02:34:27 UTC 2018
------------------ testing $PTII/ptolemy/domains/de/test/auto/TwoSigmaDelta.xml
auto.tcl: Setting watchdog for 200 seconds at Thu Oct 25 02:34:27 UTC 2018
2597 ms. Memory: 619520K Free: 314630K (51%)
ptolemy.util.test.WatchDog.cancel(): canceling Thu Oct 25 02:34:30 UTC 2018
auto.tcl: Setting watchdog for 200 seconds at Thu Oct 25 02:34:30 UTC 2018
2001 ms. Memory: 619520K Free: 86934K (14%)
ptolemy.util.test.WatchDog.cancel(): canceling Thu Oct 25 02:34:32 UTC 2018
------------------ testing $PTII/ptolemy/domains/de/test/auto/VariableDelay.xml
auto.tcl: Setting watchdog for 200 seconds at Thu Oct 25 02:34:32 UTC 2018
3 ms. Memory: 623104K Free: 598775K (96%)
ptolemy.util.test.WatchDog.cancel(): canceling Thu Oct 25 02:34:32 UTC 2018
auto.tcl: Setting watchdog for 200 seconds at Thu Oct 25 02:34:32 UTC 2018
1 ms. Memory: 623104K Free: 598775K (96%)
ptolemy.util.test.WatchDog.cancel(): canceling Thu Oct 25 02:34:32 UTC 2018
------------------ testing $PTII/ptolemy/domains/de/test/auto/VariableDelay2.xml
auto.tcl: Setting watchdog for 200 seconds at Thu Oct 25 02:34:32 UTC 2018
7 ms. Memory: 619520K Free: 601016K (97%)
ptolemy.util.test.WatchDog.cancel(): canceling Thu Oct 25 02:34:32 UTC 2018
auto.tcl: Setting watchdog for 200 seconds at Thu Oct 25 02:34:32 UTC 2018
2 ms. Memory: 619520K Free: 601016K (97%)
ptolemy.util.test.WatchDog.cancel(): canceling Thu Oct 25 02:34:32 UTC 2018
------------------ testing $PTII/ptolemy/domains/de/test/auto/VariableDelayZeroDelay.xml
auto.tcl: Setting watchdog for 200 seconds at Thu Oct 25 02:34:32 UTC 2018
2 ms. Memory: 622592K Free: 598706K (96%)
ptolemy.util.test.WatchDog.cancel(): canceling Thu Oct 25 02:34:32 UTC 2018
auto.tcl: Setting watchdog for 200 seconds at Thu Oct 25 02:34:32 UTC 2018
2 ms. Memory: 622592K Free: 598675K (96%)
ptolemy.util.test.WatchDog.cancel(): canceling Thu Oct 25 02:34:32 UTC 2018
------------------ testing $PTII/ptolemy/domains/de/test/auto/VariableDelayZeroDelay2.xml
auto.tcl: Setting watchdog for 200 seconds at Thu Oct 25 02:34:32 UTC 2018
6 ms. Memory: 619520K Free: 601014K (97%)
ptolemy.util.test.WatchDog.cancel(): canceling Thu Oct 25 02:34:32 UTC 2018
auto.tcl: Setting watchdog for 200 seconds at Thu Oct 25 02:34:32 UTC 2018
3 ms. Memory: 619520K Free: 601014K (97%)
ptolemy.util.test.WatchDog.cancel(): canceling Thu Oct 25 02:34:32 UTC 2018
------------------ testing $PTII/ptolemy/domains/de/test/auto/deInCt.xml
auto.tcl: Setting watchdog for 200 seconds at Thu Oct 25 02:34:32 UTC 2018
0
1
1
1
0
0
0
1
1
0
0
0
0
1
1
1
0
0
0
1
1
1
0
0
0
1
1
1
0
0
0
1
1
1
0
0
0
0
0
1
1
1
0
0
0
0
16 ms. Memory: 622080K Free: 598159K (96%)
ptolemy.util.test.WatchDog.cancel(): canceling Thu Oct 25 02:34:32 UTC 2018
auto.tcl: Setting watchdog for 200 seconds at Thu Oct 25 02:34:32 UTC 2018
0
1
1
1
1
0
0
0
1
1
1
0
0
0
0
0
1
1
1
0
0
0
0
1
1
1
0
0
0
0
1
1
0
0
0
1
1
1
1
10 ms. Memory: 622080K Free: 598159K (96%)
ptolemy.util.test.WatchDog.cancel(): canceling Thu Oct 25 02:34:32 UTC 2018
------------------ testing $PTII/ptolemy/domains/de/test/auto/deInCt2.xml
auto.tcl: Setting watchdog for 200 seconds at Thu Oct 25 02:34:32 UTC 2018
0
1
1
1
0
0
1
1
1
0
0
1
1
1
0
0
1
1
1
0
0
1
1
1
0
0
1
1
1
0
0
1
1
1
0
0
1
1
1
0
0
0
9 ms. Memory: 619520K Free: 600980K (97%)
ptolemy.util.test.WatchDog.cancel(): canceling Thu Oct 25 02:34:32 UTC 2018
auto.tcl: Setting watchdog for 200 seconds at Thu Oct 25 02:34:32 UTC 2018
0
1
1
1
0
0
1
1
1
0
0
1
1
1
0
0
1
1
1
0
0
1
1
1
0
0
1
1
1
0
0
1
1
1
0
0
1
1
1
0
0
0
6 ms. Memory: 619520K Free: 600980K (97%)
ptolemy.util.test.WatchDog.cancel(): canceling Thu Oct 25 02:34:32 UTC 2018
------------------ testing $PTII/ptolemy/domains/de/test/auto/dynamicCausalityInterface1.xml
auto.tcl: Setting watchdog for 200 seconds at Thu Oct 25 02:34:32 UTC 2018
1 ms. Memory: 621568K Free: 594804K (96%)
ptolemy.util.test.WatchDog.cancel(): canceling Thu Oct 25 02:34:32 UTC 2018
auto.tcl: Setting watchdog for 200 seconds at Thu Oct 25 02:34:32 UTC 2018
1 ms. Memory: 621568K Free: 594804K (96%)
ptolemy.util.test.WatchDog.cancel(): canceling Thu Oct 25 02:34:32 UTC 2018
------------------ testing $PTII/ptolemy/domains/de/test/auto/fsm_de_test.xml
auto.tcl: Setting watchdog for 200 seconds at Thu Oct 25 02:34:32 UTC 2018
7 ms. Memory: 619520K Free: 595520K (96%)
ptolemy.util.test.WatchDog.cancel(): canceling Thu Oct 25 02:34:32 UTC 2018
auto.tcl: Setting watchdog for 200 seconds at Thu Oct 25 02:34:32 UTC 2018
5 ms. Memory: 619520K Free: 587262K (95%)
ptolemy.util.test.WatchDog.cancel(): canceling Thu Oct 25 02:34:32 UTC 2018
------------------ testing $PTII/ptolemy/domains/de/test/auto/functionDependencyReconstruction.xml
auto.tcl: Setting watchdog for 200 seconds at Thu Oct 25 02:34:32 UTC 2018
2 ms. Memory: 621568K Free: 589300K (95%)
ptolemy.util.test.WatchDog.cancel(): canceling Thu Oct 25 02:34:32 UTC 2018
auto.tcl: Setting watchdog for 200 seconds at Thu Oct 25 02:34:32 UTC 2018
3 ms. Memory: 621568K Free: 581042K (93%)
ptolemy.util.test.WatchDog.cancel(): canceling Thu Oct 25 02:34:32 UTC 2018
------------------ testing $PTII/ptolemy/domains/de/test/auto/multirate.xml
auto.tcl: Setting watchdog for 200 seconds at Thu Oct 25 02:34:32 UTC 2018
3 ms. Memory: 619520K Free: 595387K (96%)
ptolemy.util.test.WatchDog.cancel(): canceling Thu Oct 25 02:34:32 UTC 2018
auto.tcl: Setting watchdog for 200 seconds at Thu Oct 25 02:34:32 UTC 2018
3 ms. Memory: 619520K Free: 595387K (96%)
ptolemy.util.test.WatchDog.cancel(): canceling Thu Oct 25 02:34:32 UTC 2018
------------------ testing $PTII/ptolemy/domains/de/test/auto/multirate2.xml
auto.tcl: Setting watchdog for 200 seconds at Thu Oct 25 02:34:32 UTC 2018
4 ms. Memory: 621056K Free: 597110K (96%)
ptolemy.util.test.WatchDog.cancel(): canceling Thu Oct 25 02:34:32 UTC 2018
auto.tcl: Setting watchdog for 200 seconds at Thu Oct 25 02:34:32 UTC 2018
3 ms. Memory: 621056K Free: 597110K (96%)
ptolemy.util.test.WatchDog.cancel(): canceling Thu Oct 25 02:34:32 UTC 2018
------------------ testing $PTII/ptolemy/domains/de/test/auto/realtime.xml
auto.tcl: Setting watchdog for 200 seconds at Thu Oct 25 02:34:32 UTC 2018
10001 ms. Memory: 619520K Free: 595541K (96%)
ptolemy.util.test.WatchDog.cancel(): canceling Thu Oct 25 02:34:42 UTC 2018
auto.tcl: Setting watchdog for 200 seconds at Thu Oct 25 02:34:42 UTC 2018
10001 ms. Memory: 619520K Free: 595541K (96%)
ptolemy.util.test.WatchDog.cancel(): canceling Thu Oct 25 02:34:52 UTC 2018
------------------ testing $PTII/ptolemy/domains/de/test/auto/relationGroup.xml
auto.tcl: Setting watchdog for 200 seconds at Thu Oct 25 02:34:52 UTC 2018
2 ms. Memory: 621056K Free: 597133K (96%)
ptolemy.util.test.WatchDog.cancel(): canceling Thu Oct 25 02:34:52 UTC 2018
auto.tcl: Setting watchdog for 200 seconds at Thu Oct 25 02:34:52 UTC 2018
1 ms. Memory: 621056K Free: 597133K (96%)
ptolemy.util.test.WatchDog.cancel(): canceling Thu Oct 25 02:34:52 UTC 2018
------------------ testing $PTII/ptolemy/domains/de/test/auto/relationGroup2.xml
auto.tcl: Setting watchdog for 200 seconds at Thu Oct 25 02:34:53 UTC 2018
1 ms. Memory: 619520K Free: 595623K (96%)
ptolemy.util.test.WatchDog.cancel(): canceling Thu Oct 25 02:34:53 UTC 2018
auto.tcl: Setting watchdog for 200 seconds at Thu Oct 25 02:34:53 UTC 2018
1 ms. Memory: 619520K Free: 595623K (96%)
ptolemy.util.test.WatchDog.cancel(): canceling Thu Oct 25 02:34:53 UTC 2018
------------------ testing $PTII/ptolemy/domains/de/test/auto/sortWithOpaquePorts.xml
auto.tcl: Setting watchdog for 200 seconds at Thu Oct 25 02:34:53 UTC 2018
1 ms. Memory: 620544K Free: 596648K (96%)
ptolemy.util.test.WatchDog.cancel(): canceling Thu Oct 25 02:34:53 UTC 2018
auto.tcl: Setting watchdog for 200 seconds at Thu Oct 25 02:34:53 UTC 2018
2 ms. Memory: 620544K Free: 596648K (96%)
ptolemy.util.test.WatchDog.cancel(): canceling Thu Oct 25 02:34:53 UTC 2018
------------------ testing $PTII/ptolemy/domains/de/test/auto/transferInputsandOutputs.xml
auto.tcl: Setting watchdog for 200 seconds at Thu Oct 25 02:34:53 UTC 2018
2 ms. Memory: 619520K Free: 595612K (96%)
ptolemy.util.test.WatchDog.cancel(): canceling Thu Oct 25 02:34:53 UTC 2018
auto.tcl: Setting watchdog for 200 seconds at Thu Oct 25 02:34:53 UTC 2018
1 ms. Memory: 619520K Free: 595612K (96%)
ptolemy.util.test.WatchDog.cancel(): canceling Thu Oct 25 02:34:53 UTC 2018
------------------ testing $PTII/ptolemy/domains/de/test/auto/triggerType.xml
auto.tcl: Setting watchdog for 200 seconds at Thu Oct 25 02:34:53 UTC 2018
1 ms. Memory: 620544K Free: 596586K (96%)
ptolemy.util.test.WatchDog.cancel(): canceling Thu Oct 25 02:34:53 UTC 2018
auto.tcl: Setting watchdog for 200 seconds at Thu Oct 25 02:34:53 UTC 2018
1 ms. Memory: 620544K Free: 596586K (96%)
ptolemy.util.test.WatchDog.cancel(): canceling Thu Oct 25 02:34:53 UTC 2018
10/25/18 02:34:53
Failed: 0  Total Tests: 192  ((Passed: 187, Newly Passed: 1)  Known Failed: 5) /home/travis/build/icyphy/ptII/ptolemy/domains/de/test
10/25/18 02:34:53
Failed: 0  Total Tests: 192  ((Passed: 187, Newly Passed: 1)  Known Failed: 5) /home/travis/build/icyphy/ptII/ptolemy/domains/de/test
----------------- testing (KnownFailure) /home/travis/build/icyphy/ptII/ptolemy/domains/de/test/auto/knownFailedTests/DESDFClockTest.xml
2015 ms. Memory: 619520K Free: 584823K (94%)
Known Failure: java.lang.reflect.InvocationTargetException
----------------- testing (KnownFailure) /home/travis/build/icyphy/ptII/ptolemy/domains/de/test/auto/knownFailedTests/DirectFeedback.xml
4 ms. Memory: 619520K Free: 541774K (87%)
Known Failure: java.lang.reflect.InvocationTargetException
----------------- testing (KnownFailure) /home/travis/build/icyphy/ptII/ptolemy/domains/de/test/auto/knownFailedTests/FSMSource.xml
5 ms. Memory: 619520K Free: 498725K (81%)
----------------- testing (KnownFailure) /home/travis/build/icyphy/ptII/ptolemy/domains/de/test/auto/knownFailedTests/HierarchicalModel.xml
2 ms. Memory: 619520K Free: 466422K (75%)
Known Failure: java.lang.reflect.InvocationTargetException
----------------- testing (KnownFailure) /home/travis/build/icyphy/ptII/ptolemy/domains/de/test/auto/knownFailedTests/dependencyLoop.xml
3 ms. Memory: 619520K Free: 412595K (67%)
Known Failure: java.lang.reflect.InvocationTargetException
----------------- testing (KnownFailure) /home/travis/build/icyphy/ptII/ptolemy/domains/de/test/auto/knownFailedTests/dependencyLoop2.xml
8 ms. Memory: 619520K Free: 358767K (58%)
Known Failure: java.lang.reflect.InvocationTargetException
No auto/linux-amd64/*.xml tests in /home/travis/build/icyphy/ptII/ptolemy/domains/de/test
AutoTests.java: About to close Vertx.
AutoTests.java: Vertx closed.

===========================================================================================
----------------- testing Thu Oct 25 02:34:55 UTC 2018 /home/travis/build/icyphy/ptII/ptolemy/domains/de/test/auto/ActorDepthCalculation_actorWithoutPorts.xml
----------------- Instantiating /home/travis/build/icyphy/ptII/ptolemy/domains/de/test/auto/ActorDepthCalculation_actorWithoutPorts.xml
2 ms. Memory: 619520K Free: 304956K (49%)
----------------- Invoking toplevel() on ptolemy.moml.MoMLSimpleApplication@1f47a330
----------------- Done invoking toplevel() on ptolemy.moml.MoMLSimpleApplication@1f47a330
reloadAllAccessors: .ActorDepthCalculation_actorWithoutPorts

===========================================================================================
----------------- testing Thu Oct 25 02:34:55 UTC 2018 /home/travis/build/icyphy/ptII/ptolemy/domains/de/test/auto/AssemblyLine.xml
----------------- Instantiating /home/travis/build/icyphy/ptII/ptolemy/domains/de/test/auto/AssemblyLine.xml
2 ms. Memory: 619520K Free: 283431K (46%)
----------------- Invoking toplevel() on ptolemy.moml.MoMLSimpleApplication@3856730c
----------------- Done invoking toplevel() on ptolemy.moml.MoMLSimpleApplication@3856730c
reloadAllAccessors: .AssemblyLine

===========================================================================================
----------------- testing Thu Oct 25 02:34:55 UTC 2018 /home/travis/build/icyphy/ptII/ptolemy/domains/de/test/auto/CQBug1.xml
----------------- Instantiating /home/travis/build/icyphy/ptII/ptolemy/domains/de/test/auto/CQBug1.xml
0 ms. Memory: 619520K Free: 261907K (42%)
----------------- Invoking toplevel() on ptolemy.moml.MoMLSimpleApplication@c10bf18
----------------- Done invoking toplevel() on ptolemy.moml.MoMLSimpleApplication@c10bf18
reloadAllAccessors: .CQBug1

===========================================================================================
----------------- testing Thu Oct 25 02:34:55 UTC 2018 /home/travis/build/icyphy/ptII/ptolemy/domains/de/test/auto/CancelFireAt.xml
----------------- Instantiating /home/travis/build/icyphy/ptII/ptolemy/domains/de/test/auto/CancelFireAt.xml
1 ms. Memory: 619520K Free: 240382K (39%)
----------------- Invoking toplevel() on ptolemy.moml.MoMLSimpleApplication@6d7714c7
----------------- Done invoking toplevel() on ptolemy.moml.MoMLSimpleApplication@6d7714c7
reloadAllAccessors: .CancelFireAt

===========================================================================================
----------------- testing Thu Oct 25 02:34:55 UTC 2018 /home/travis/build/icyphy/ptII/ptolemy/domains/de/test/auto/CausalityAndComposabilityAnalysis.xml
----------------- Instantiating /home/travis/build/icyphy/ptII/ptolemy/domains/de/test/auto/CausalityAndComposabilityAnalysis.xml
1 ms. Memory: 619520K Free: 218858K (35%)
----------------- Invoking toplevel() on ptolemy.moml.MoMLSimpleApplication@60c5628d
----------------- Done invoking toplevel() on ptolemy.moml.MoMLSimpleApplication@60c5628d
reloadAllAccessors: .CausalityAndComposabilityAnalysis

===========================================================================================
----------------- testing Thu Oct 25 02:34:55 UTC 2018 /home/travis/build/icyphy/ptII/ptolemy/domains/de/test/auto/CausalityInterface1.xml
----------------- Instantiating /home/travis/build/icyphy/ptII/ptolemy/domains/de/test/auto/CausalityInterface1.xml
3 ms. Memory: 619520K Free: 197333K (32%)
----------------- Invoking toplevel() on ptolemy.moml.MoMLSimpleApplication@5811e32f
----------------- Done invoking toplevel() on ptolemy.moml.MoMLSimpleApplication@5811e32f
reloadAllAccessors: .CausalityInterface1

===========================================================================================
----------------- testing Thu Oct 25 02:34:55 UTC 2018 /home/travis/build/icyphy/ptII/ptolemy/domains/de/test/auto/CausalityInterface15.xml
----------------- Instantiating /home/travis/build/icyphy/ptII/ptolemy/domains/de/test/auto/CausalityInterface15.xml
1 ms. Memory: 619520K Free: 175809K (28%)
----------------- Invoking toplevel() on ptolemy.moml.MoMLSimpleApplication@5c23ff75
----------------- Done invoking toplevel() on ptolemy.moml.MoMLSimpleApplication@5c23ff75
reloadAllAccessors: .CausalityInterface15

[...]
java.lang.RuntimeException: Execution failed
	at ptolemy.moml.MoMLSimpleApplication$UnloadThread.run(MoMLSimpleApplication.java:402)
Caused by: ptolemy.kernel.util.IllegalActionException: Test fails in iteration 1.
Value was: 1.0. Should have been: 2.0
  in .DirectFeedback.Test
	at ptolemy.actor.lib.Test.fire(Test.java:268)
	at ptolemy.domains.de.kernel.DEDirector._fire(DEDirector.java:1949)
	at ptolemy.domains.de.kernel.DEDirector.fire(DEDirector.java:502)
	at ptolemy.actor.CompositeActor.fire(CompositeActor.java:455)
	at ptolemy.actor.Manager.iterate(Manager.java:851)
	at ptolemy.actor.Manager.execute(Manager.java:369)
	at ptolemy.actor.Manager.run(Manager.java:1263)
	at ptolemy.actor.Manager$PtolemyRunThread.run(Manager.java:1915)
java.lang.RuntimeException: Execution failed
	at ptolemy.moml.MoMLSimpleApplication$UnloadThread.run(MoMLSimpleApplication.java:402)
Caused by: ptolemy.kernel.util.IllegalActionException: Actor is not ready to fire.  Perhaps UpSample.prefire() returned false? Try debugging the actor by selecting "Listen to Actor".  Also, for SDF check moml for tokenConsumptionRate on input.
  in .DESDFClockTest.Play Bell.Copy1:SDF Director and .DESDFClockTest.Play Bell.UpSample
	at ptolemy.actor.sched.StaticSchedulingDirector.fire(StaticSchedulingDirector.java:227)
	at ptolemy.domains.sdf.kernel.SDFDirector.fire(SDFDirector.java:500)
	at ptolemy.actor.CompositeActor.fire(CompositeActor.java:455)
	at ptolemy.domains.de.kernel.DEDirector._fire(DEDirector.java:1949)
	at ptolemy.domains.de.kernel.DEDirector.fire(DEDirector.java:502)
	at ptolemy.actor.CompositeActor.fire(CompositeActor.java:455)
	at ptolemy.actor.Manager.iterate(Manager.java:851)
	at ptolemy.actor.Manager.execute(Manager.java:369)
	at ptolemy.actor.Manager.run(Manager.java:1263)
	at ptolemy.actor.Manager$PtolemyRunThread.run(Manager.java:1915)
java.lang.reflect.InvocationTargetException
	at sun.reflect.NativeConstructorAccessorImpl.newInstance0(Native Method)
	at sun.reflect.NativeConstructorAccessorImpl.newInstance(NativeConstructorAccessorImpl.java:62)
	at sun.reflect.DelegatingConstructorAccessorImpl.newInstance(DelegatingConstructorAccessorImpl.java:45)
	at java.lang.reflect.Constructor.newInstance(Constructor.java:423)
	at ptolemy.util.test.junit.AutoKnownFailedTests.RunModel(AutoKnownFailedTests.java:105)
	at sun.reflect.NativeMethodAccessorImpl.invoke0(Native Method)
	at sun.reflect.NativeMethodAccessorImpl.invoke(NativeMethodAccessorImpl.java:62)
	at sun.reflect.DelegatingMethodAccessorImpl.invoke(DelegatingMethodAccessorImpl.java:43)
	at java.lang.reflect.Method.invoke(Method.java:498)
	at org.junit.runners.model.FrameworkMethod$1.runReflectiveCall(FrameworkMethod.java:44)
	at org.junit.internal.runners.model.ReflectiveCallable.run(ReflectiveCallable.java:15)
	at org.junit.runners.model.FrameworkMethod.invokeExplosively(FrameworkMethod.java:41)
	at junitparams.internal.InvokeParameterisedMethod.evaluate(InvokeParameterisedMethod.java:102)
	at org.junit.internal.runners.statements.FailOnTimeout$1.run(FailOnTimeout.java:28)
Caused by: ptolemy.kernel.util.IllegalActionException: Actor is not ready to fire.  Perhaps UpSample.prefire() returned false? Try debugging the actor by selecting "Listen to Actor".  Also, for SDF check moml for tokenConsumptionRate on input.
  in .DESDFClockTest.Play Bell.Copy1:SDF Director and .DESDFClockTest.Play Bell.UpSample
	at ptolemy.actor.sched.StaticSchedulingDirector.fire(StaticSchedulingDirector.java:227)
	at ptolemy.domains.sdf.kernel.SDFDirector.fire(SDFDirector.java:500)
	at ptolemy.actor.CompositeActor.fire(CompositeActor.java:455)
	at ptolemy.domains.de.kernel.DEDirector._fire(DEDirector.java:1949)
	at ptolemy.domains.de.kernel.DEDirector.fire(DEDirector.java:502)
	at ptolemy.actor.CompositeActor.fire(CompositeActor.java:455)
	at ptolemy.actor.Manager.iterate(Manager.java:851)
	at ptolemy.actor.Manager.execute(Manager.java:369)
	at ptolemy.actor.Manager.run(Manager.java:1263)
	at ptolemy.actor.Manager$PtolemyRunThread.run(Manager.java:1915)
java.lang.RuntimeException: Execution failed
	at ptolemy.moml.MoMLSimpleApplication$UnloadThread.run(MoMLSimpleApplication.java:402)
Caused by: ptolemy.kernel.util.IllegalActionException: Test fails in iteration 1.
Value was: 1.0. Should have been: 2.0
  in .DirectFeedback.Test
	at ptolemy.actor.lib.Test.fire(Test.java:268)
	at ptolemy.domains.de.kernel.DEDirector._fire(DEDirector.java:1949)
	at ptolemy.domains.de.kernel.DEDirector.fire(DEDirector.java:502)
	at ptolemy.actor.CompositeActor.fire(CompositeActor.java:455)
	at ptolemy.actor.Manager.iterate(Manager.java:851)
	at ptolemy.actor.Manager.execute(Manager.java:369)
	at ptolemy.actor.Manager.run(Manager.java:1263)
	at ptolemy.actor.Manager$PtolemyRunThread.run(Manager.java:1915)
java.lang.reflect.InvocationTargetException
	at sun.reflect.NativeConstructorAccessorImpl.newInstance0(Native Method)
	at sun.reflect.NativeConstructorAccessorImpl.newInstance(NativeConstructorAccessorImpl.java:62)
	at sun.reflect.DelegatingConstructorAccessorImpl.newInstance(DelegatingConstructorAccessorImpl.java:45)
	at java.lang.reflect.Constructor.newInstance(Constructor.java:423)
	at ptolemy.util.test.junit.AutoKnownFailedTests.RunModel(AutoKnownFailedTests.java:105)
	at sun.reflect.NativeMethodAccessorImpl.invoke0(Native Method)
	at sun.reflect.NativeMethodAccessorImpl.invoke(NativeMethodAccessorImpl.java:62)
	at sun.reflect.DelegatingMethodAccessorImpl.invoke(DelegatingMethodAccessorImpl.java:43)
	at java.lang.reflect.Method.invoke(Method.java:498)
	at org.junit.runners.model.FrameworkMethod$1.runReflectiveCall(FrameworkMethod.java:44)
	at org.junit.internal.runners.model.ReflectiveCallable.run(ReflectiveCallable.java:15)
	at org.junit.runners.model.FrameworkMethod.invokeExplosively(FrameworkMethod.java:41)
	at junitparams.internal.InvokeParameterisedMethod.evaluate(InvokeParameterisedMethod.java:102)
	at org.junit.internal.runners.statements.FailOnTimeout$1.run(FailOnTimeout.java:28)
Caused by: ptolemy.kernel.util.IllegalActionException: Test fails in iteration 1.
Value was: 1.0. Should have been: 2.0
  in .DirectFeedback.Test
	at ptolemy.actor.lib.Test.fire(Test.java:268)
	at ptolemy.domains.de.kernel.DEDirector._fire(DEDirector.java:1949)
	at ptolemy.domains.de.kernel.DEDirector.fire(DEDirector.java:502)
	at ptolemy.actor.CompositeActor.fire(CompositeActor.java:455)
	at ptolemy.actor.Manager.iterate(Manager.java:851)
	at ptolemy.actor.Manager.execute(Manager.java:369)
	at ptolemy.actor.Manager.run(Manager.java:1263)
	at ptolemy.actor.Manager$PtolemyRunThread.run(Manager.java:1915)
java.lang.RuntimeException: Execution failed
	at ptolemy.moml.MoMLSimpleApplication$UnloadThread.run(MoMLSimpleApplication.java:402)
Caused by: ptolemy.kernel.util.IllegalActionException: Found a zero delay loop containing .HierarchicalModel.A
  in .HierarchicalModel and .HierarchicalModel.A
	at ptolemy.actor.util.CausalityInterfaceForComposites._computeOutputPortDepth(CausalityInterfaceForComposites.java:759)
	at ptolemy.actor.util.CausalityInterfaceForComposites._computeInputDepth(CausalityInterfaceForComposites.java:696)
	at ptolemy.actor.util.CausalityInterfaceForComposites._computeOutputPortDepth(CausalityInterfaceForComposites.java:765)
	at ptolemy.actor.util.CausalityInterfaceForComposites._computeInputDepth(CausalityInterfaceForComposites.java:696)
	at ptolemy.actor.util.CausalityInterfaceForComposites._computeOutputPortDepth(CausalityInterfaceForComposites.java:765)
	at ptolemy.actor.util.CausalityInterfaceForComposites._computeInputDepth(CausalityInterfaceForComposites.java:696)
	at ptolemy.actor.util.CausalityInterfaceForComposites._computeActorDepth(CausalityInterfaceForComposites.java:532)
	at ptolemy.actor.util.CausalityInterfaceForComposites.checkForCycles(CausalityInterfaceForComposites.java:96)
	at ptolemy.domains.de.kernel.DEDirector.preinitialize(DEDirector.java:1338)
	at ptolemy.actor.CompositeActor.preinitialize(CompositeActor.java:1828)
	at ptolemy.actor.Manager.preinitializeAndResolveTypes(Manager.java:1040)
	at ptolemy.actor.Manager.initialize(Manager.java:710)
	at ptolemy.actor.Manager.execute(Manager.java:356)
	at ptolemy.actor.Manager.run(Manager.java:1263)
	at ptolemy.actor.Manager$PtolemyRunThread.run(Manager.java:1915)
java.lang.reflect.InvocationTargetException
	at sun.reflect.NativeConstructorAccessorImpl.newInstance0(Native Method)
	at sun.reflect.NativeConstructorAccessorImpl.newInstance(NativeConstructorAccessorImpl.java:62)
	at sun.reflect.DelegatingConstructorAccessorImpl.newInstance(DelegatingConstructorAccessorImpl.java:45)
	at java.lang.reflect.Constructor.newInstance(Constructor.java:423)
	at ptolemy.util.test.junit.AutoKnownFailedTests.RunModel(AutoKnownFailedTests.java:105)
	at sun.reflect.NativeMethodAccessorImpl.invoke0(Native Method)
	at sun.reflect.NativeMethodAccessorImpl.invoke(NativeMethodAccessorImpl.java:62)
	at sun.reflect.DelegatingMethodAccessorImpl.invoke(DelegatingMethodAccessorImpl.java:43)
	at java.lang.reflect.Method.invoke(Method.java:498)
	at org.junit.runners.model.FrameworkMethod$1.runReflectiveCall(FrameworkMethod.java:44)
	at org.junit.internal.runners.model.ReflectiveCallable.run(ReflectiveCallable.java:15)
	at org.junit.runners.model.FrameworkMethod.invokeExplosively(FrameworkMethod.java:41)
	at junitparams.internal.InvokeParameterisedMethod.evaluate(InvokeParameterisedMethod.java:102)
	at org.junit.internal.runners.statements.FailOnTimeout$1.run(FailOnTimeout.java:28)
Caused by: ptolemy.kernel.util.IllegalActionException: Found a zero delay loop containing .HierarchicalModel.A
  in .HierarchicalModel and .HierarchicalModel.A
	at ptolemy.actor.util.CausalityInterfaceForComposites._computeOutputPortDepth(CausalityInterfaceForComposites.java:759)
	at ptolemy.actor.util.CausalityInterfaceForComposites._computeInputDepth(CausalityInterfaceForComposites.java:696)
	at ptolemy.actor.util.CausalityInterfaceForComposites._computeOutputPortDepth(CausalityInterfaceForComposites.java:765)
	at ptolemy.actor.util.CausalityInterfaceForComposites._computeInputDepth(CausalityInterfaceForComposites.java:696)
	at ptolemy.actor.util.CausalityInterfaceForComposites._computeOutputPortDepth(CausalityInterfaceForComposites.java:765)
	at ptolemy.actor.util.CausalityInterfaceForComposites._computeInputDepth(CausalityInterfaceForComposites.java:696)
	at ptolemy.actor.util.CausalityInterfaceForComposites._computeActorDepth(CausalityInterfaceForComposites.java:532)
	at ptolemy.actor.util.CausalityInterfaceForComposites.checkForCycles(CausalityInterfaceForComposites.java:96)
	at ptolemy.domains.de.kernel.DEDirector.preinitialize(DEDirector.java:1338)
	at ptolemy.actor.CompositeActor.preinitialize(CompositeActor.java:1828)
	at ptolemy.actor.Manager.preinitializeAndResolveTypes(Manager.java:1040)
	at ptolemy.actor.Manager.initialize(Manager.java:710)
	at ptolemy.actor.Manager.execute(Manager.java:356)
	at ptolemy.actor.Manager.run(Manager.java:1263)
	at ptolemy.actor.Manager$PtolemyRunThread.run(Manager.java:1915)
java.lang.RuntimeException: Execution failed
	at ptolemy.moml.MoMLSimpleApplication$UnloadThread.run(MoMLSimpleApplication.java:402)
Caused by: ptolemy.kernel.util.IllegalActionException: Found a zero delay loop containing .dependencyLoop.original
  in .dependencyLoop and .dependencyLoop.original
	at ptolemy.actor.util.CausalityInterfaceForComposites._computeOutputPortDepth(CausalityInterfaceForComposites.java:759)
	at ptolemy.actor.util.CausalityInterfaceForComposites._computeInputDepth(CausalityInterfaceForComposites.java:696)
	at ptolemy.actor.util.CausalityInterfaceForComposites._computeOutputPortDepth(CausalityInterfaceForComposites.java:765)
	at ptolemy.actor.util.CausalityInterfaceForComposites._computeInputDepth(CausalityInterfaceForComposites.java:696)
	at ptolemy.actor.util.CausalityInterfaceForComposites._computeOutputPortDepth(CausalityInterfaceForComposites.java:765)
	at ptolemy.actor.util.CausalityInterfaceForComposites._computeInputDepth(CausalityInterfaceForComposites.java:696)
	at ptolemy.actor.util.CausalityInterfaceForComposites._computeActorDepth(CausalityInterfaceForComposites.java:532)
	at ptolemy.actor.util.CausalityInterfaceForComposites.checkForCycles(CausalityInterfaceForComposites.java:96)
	at ptolemy.domains.de.kernel.DEDirector.preinitialize(DEDirector.java:1338)
	at ptolemy.actor.CompositeActor.preinitialize(CompositeActor.java:1828)
	at ptolemy.actor.Manager.preinitializeAndResolveTypes(Manager.java:1040)
	at ptolemy.actor.Manager.initialize(Manager.java:710)
	at ptolemy.actor.Manager.execute(Manager.java:356)
	at ptolemy.actor.Manager.run(Manager.java:1263)
	at ptolemy.actor.Manager$PtolemyRunThread.run(Manager.java:1915)
java.lang.reflect.InvocationTargetException
	at sun.reflect.NativeConstructorAccessorImpl.newInstance0(Native Method)
	at sun.reflect.NativeConstructorAccessorImpl.newInstance(NativeConstructorAccessorImpl.java:62)
	at sun.reflect.DelegatingConstructorAccessorImpl.newInstance(DelegatingConstructorAccessorImpl.java:45)
	at java.lang.reflect.Constructor.newInstance(Constructor.java:423)
	at ptolemy.util.test.junit.AutoKnownFailedTests.RunModel(AutoKnownFailedTests.java:105)
	at sun.reflect.NativeMethodAccessorImpl.invoke0(Native Method)
	at sun.reflect.NativeMethodAccessorImpl.invoke(NativeMethodAccessorImpl.java:62)
	at sun.reflect.DelegatingMethodAccessorImpl.invoke(DelegatingMethodAccessorImpl.java:43)
	at java.lang.reflect.Method.invoke(Method.java:498)
	at org.junit.runners.model.FrameworkMethod$1.runReflectiveCall(FrameworkMethod.java:44)
	at org.junit.internal.runners.model.ReflectiveCallable.run(ReflectiveCallable.java:15)
	at org.junit.runners.model.FrameworkMethod.invokeExplosively(FrameworkMethod.java:41)
	at junitparams.internal.InvokeParameterisedMethod.evaluate(InvokeParameterisedMethod.java:102)
	at org.junit.internal.runners.statements.FailOnTimeout$1.run(FailOnTimeout.java:28)
Caused by: ptolemy.kernel.util.IllegalActionException: Found a zero delay loop containing .dependencyLoop.original
  in .dependencyLoop and .dependencyLoop.original
	at ptolemy.actor.util.CausalityInterfaceForComposites._computeOutputPortDepth(CausalityInterfaceForComposites.java:759)
	at ptolemy.actor.util.CausalityInterfaceForComposites._computeInputDepth(CausalityInterfaceForComposites.java:696)
	at ptolemy.actor.util.CausalityInterfaceForComposites._computeOutputPortDepth(CausalityInterfaceForComposites.java:765)
	at ptolemy.actor.util.CausalityInterfaceForComposites._computeInputDepth(CausalityInterfaceForComposites.java:696)
	at ptolemy.actor.util.CausalityInterfaceForComposites._computeOutputPortDepth(CausalityInterfaceForComposites.java:765)
	at ptolemy.actor.util.CausalityInterfaceForComposites._computeInputDepth(CausalityInterfaceForComposites.java:696)
	at ptolemy.actor.util.CausalityInterfaceForComposites._computeActorDepth(CausalityInterfaceForComposites.java:532)
	at ptolemy.actor.util.CausalityInterfaceForComposites.checkForCycles(CausalityInterfaceForComposites.java:96)
	at ptolemy.domains.de.kernel.DEDirector.preinitialize(DEDirector.java:1338)
	at ptolemy.actor.CompositeActor.preinitialize(CompositeActor.java:1828)
	at ptolemy.actor.Manager.preinitializeAndResolveTypes(Manager.java:1040)
	at ptolemy.actor.Manager.initialize(Manager.java:710)
	at ptolemy.actor.Manager.execute(Manager.java:356)
	at ptolemy.actor.Manager.run(Manager.java:1263)
	at ptolemy.actor.Manager$PtolemyRunThread.run(Manager.java:1915)
java.lang.RuntimeException: Execution failed
	at ptolemy.moml.MoMLSimpleApplication$UnloadThread.run(MoMLSimpleApplication.java:402)
Caused by: ptolemy.kernel.util.IllegalActionException: Found a zero delay loop containing .dependencyLoop2.original
  in .dependencyLoop2 and .dependencyLoop2.original
	at ptolemy.actor.util.CausalityInterfaceForComposites._computeOutputPortDepth(CausalityInterfaceForComposites.java:759)
	at ptolemy.actor.util.CausalityInterfaceForComposites._computeInputDepth(CausalityInterfaceForComposites.java:696)
	at ptolemy.actor.util.CausalityInterfaceForComposites._computeOutputPortDepth(CausalityInterfaceForComposites.java:765)
	at ptolemy.actor.util.CausalityInterfaceForComposites._computeInputDepth(CausalityInterfaceForComposites.java:696)
	at ptolemy.actor.util.CausalityInterfaceForComposites._computeOutputPortDepth(CausalityInterfaceForComposites.java:765)
	at ptolemy.actor.util.CausalityInterfaceForComposites._computeInputDepth(CausalityInterfaceForComposites.java:696)
	at ptolemy.actor.util.CausalityInterfaceForComposites._computeActorDepth(CausalityInterfaceForComposites.java:532)
	at ptolemy.actor.util.CausalityInterfaceForComposites.checkForCycles(CausalityInterfaceForComposites.java:96)
	at ptolemy.domains.de.kernel.DEDirector.preinitialize(DEDirector.java:1338)
	at ptolemy.actor.CompositeActor.preinitialize(CompositeActor.java:1828)
	at ptolemy.actor.Manager.preinitializeAndResolveTypes(Manager.java:1040)
	at ptolemy.actor.Manager.initialize(Manager.java:710)
	at ptolemy.actor.Manager.execute(Manager.java:356)
	at ptolemy.actor.Manager.run(Manager.java:1263)
	at ptolemy.actor.Manager$PtolemyRunThread.run(Manager.java:1915)
java.lang.reflect.InvocationTargetException
	at sun.reflect.NativeConstructorAccessorImpl.newInstance0(Native Method)
	at sun.reflect.NativeConstructorAccessorImpl.newInstance(NativeConstructorAccessorImpl.java:62)
	at sun.reflect.DelegatingConstructorAccessorImpl.newInstance(DelegatingConstructorAccessorImpl.java:45)
	at java.lang.reflect.Constructor.newInstance(Constructor.java:423)
	at ptolemy.util.test.junit.AutoKnownFailedTests.RunModel(AutoKnownFailedTests.java:105)
	at sun.reflect.NativeMethodAccessorImpl.invoke0(Native Method)
	at sun.reflect.NativeMethodAccessorImpl.invoke(NativeMethodAccessorImpl.java:62)
	at sun.reflect.DelegatingMethodAccessorImpl.invoke(DelegatingMethodAccessorImpl.java:43)
	at java.lang.reflect.Method.invoke(Method.java:498)
	at org.junit.runners.model.FrameworkMethod$1.runReflectiveCall(FrameworkMethod.java:44)
	at org.junit.internal.runners.model.ReflectiveCallable.run(ReflectiveCallable.java:15)
	at org.junit.runners.model.FrameworkMethod.invokeExplosively(FrameworkMethod.java:41)
	at junitparams.internal.InvokeParameterisedMethod.evaluate(InvokeParameterisedMethod.java:102)
	at org.junit.internal.runners.statements.FailOnTimeout$1.run(FailOnTimeout.java:28)
Caused by: ptolemy.kernel.util.IllegalActionException: Found a zero delay loop containing .dependencyLoop2.original
  in .dependencyLoop2 and .dependencyLoop2.original
	at ptolemy.actor.util.CausalityInterfaceForComposites._computeOutputPortDepth(CausalityInterfaceForComposites.java:759)
	at ptolemy.actor.util.CausalityInterfaceForComposites._computeInputDepth(CausalityInterfaceForComposites.java:696)
	at ptolemy.actor.util.CausalityInterfaceForComposites._computeOutputPortDepth(CausalityInterfaceForComposites.java:765)
	at ptolemy.actor.util.CausalityInterfaceForComposites._computeInputDepth(CausalityInterfaceForComposites.java:696)
	at ptolemy.actor.util.CausalityInterfaceForComposites._computeOutputPortDepth(CausalityInterfaceForComposites.java:765)
	at ptolemy.actor.util.CausalityInterfaceForComposites._computeInputDepth(CausalityInterfaceForComposites.java:696)
	at ptolemy.actor.util.CausalityInterfaceForComposites._computeActorDepth(CausalityInterfaceForComposites.java:532)
	at ptolemy.actor.util.CausalityInterfaceForComposites.checkForCycles(CausalityInterfaceForComposites.java:96)
	at ptolemy.domains.de.kernel.DEDirector.preinitialize(DEDirector.java:1338)
	at ptolemy.actor.CompositeActor.preinitialize(CompositeActor.java:1828)
	at ptolemy.actor.Manager.preinitializeAndResolveTypes(Manager.java:1040)
	at ptolemy.actor.Manager.initialize(Manager.java:710)
	at ptolemy.actor.Manager.execute(Manager.java:356)
	at ptolemy.actor.Manager.run(Manager.java:1263)
	at ptolemy.actor.Manager$PtolemyRunThread.run(Manager.java:1915)
]]></system-err>
</testsuite>
