<?xml version="1.0" encoding="UTF-8" ?>
<testsuite errors="0" failures="0" hostname="travis-job-12b88d9c-ab87-4dcd-9a7a-8d0341fa39fa" name="ptolemy.domains.de.test.junit.JUnitTclTest" skipped="0" tests="101" time="125.509" timestamp="2020-08-20T15:30:56">
  <properties>
[...]
</properties>
  <testcase classname="ptolemy.util.test.junit.TclTests" name="[0] /home/travis/build/icyphy/ptII/ptolemy/domains/de/test/DependencyLoop.tcl (RunTclFile)" time="1.189" />
  <testcase classname="ptolemy.util.test.junit.TclTests" name="[1] /home/travis/build/icyphy/ptII/ptolemy/domains/de/test/RunDETestsAsQSS.tcl (RunTclFile)" time="84.908" />
  <testcase classname="ptolemy.util.test.junit.AutoKnownFailedTests" name="[0] /home/travis/build/icyphy/ptII/ptolemy/domains/de/test/auto/knownFailedTests/DESDFClockTest.xml (RunModel)" time="2.055" />
  <testcase classname="ptolemy.util.test.junit.AutoKnownFailedTests" name="[1] /home/travis/build/icyphy/ptII/ptolemy/domains/de/test/auto/knownFailedTests/DirectFeedback.xml (RunModel)" time="0.021" />
  <testcase classname="ptolemy.util.test.junit.AutoKnownFailedTests" name="[2] /home/travis/build/icyphy/ptII/ptolemy/domains/de/test/auto/knownFailedTests/FSMSource.xml (RunModel)" time="0.031" />
  <testcase classname="ptolemy.util.test.junit.AutoKnownFailedTests" name="[3] /home/travis/build/icyphy/ptII/ptolemy/domains/de/test/auto/knownFailedTests/HierarchicalModel.xml (RunModel)" time="0.053" />
  <testcase classname="ptolemy.util.test.junit.AutoKnownFailedTests" name="[4] /home/travis/build/icyphy/ptII/ptolemy/domains/de/test/auto/knownFailedTests/dependencyLoop.xml (RunModel)" time="0.044" />
  <testcase classname="ptolemy.util.test.junit.AutoKnownFailedTests" name="[5] /home/travis/build/icyphy/ptII/ptolemy/domains/de/test/auto/knownFailedTests/dependencyLoop2.xml (RunModel)" time="0.048" />
  <testcase classname="ptolemy.util.test.junit.AutoNameArchTests" name="[0] ThereAreNoAutoArchTests (RunModel)" time="0.002" />
  <testcase classname="ptolemy.util.test.junit.AutoTests" name="[0] /home/travis/build/icyphy/ptII/ptolemy/domains/de/test/auto/ActorDepthCalculation_actorWithoutPorts.xml (RunModel)" time="0.024" />
  <testcase classname="ptolemy.util.test.junit.AutoTests" name="[1] /home/travis/build/icyphy/ptII/ptolemy/domains/de/test/auto/AssemblyLine.xml (RunModel)" time="0.026" />
  <testcase classname="ptolemy.util.test.junit.AutoTests" name="[2] /home/travis/build/icyphy/ptII/ptolemy/domains/de/test/auto/CQBug1.xml (RunModel)" time="0.01" />
  <testcase classname="ptolemy.util.test.junit.AutoTests" name="[3] /home/travis/build/icyphy/ptII/ptolemy/domains/de/test/auto/CancelFireAt.xml (RunModel)" time="0.013" />
  <testcase classname="ptolemy.util.test.junit.AutoTests" name="[4] /home/travis/build/icyphy/ptII/ptolemy/domains/de/test/auto/CausalityAndComposabilityAnalysis.xml (RunModel)" time="0.029" />
  <testcase classname="ptolemy.util.test.junit.AutoTests" name="[5] /home/travis/build/icyphy/ptII/ptolemy/domains/de/test/auto/CausalityInterface1.xml (RunModel)" time="0.017" />
  <testcase classname="ptolemy.util.test.junit.AutoTests" name="[6] /home/travis/build/icyphy/ptII/ptolemy/domains/de/test/auto/CausalityInterface15.xml (RunModel)" time="0.017" />
  <testcase classname="ptolemy.util.test.junit.AutoTests" name="[7] /home/travis/build/icyphy/ptII/ptolemy/domains/de/test/auto/CausalityInterface2.xml (RunModel)" time="0.018" />
  <testcase classname="ptolemy.util.test.junit.AutoTests" name="[8] /home/travis/build/icyphy/ptII/ptolemy/domains/de/test/auto/CausalityInterface3.xml (RunModel)" time="0.015" />
  <testcase classname="ptolemy.util.test.junit.AutoTests" name="[9] /home/travis/build/icyphy/ptII/ptolemy/domains/de/test/auto/ClockDrift.xml (RunModel)" time="0.037" />
  <testcase classname="ptolemy.util.test.junit.AutoTests" name="[10] /home/travis/build/icyphy/ptII/ptolemy/domains/de/test/auto/ClockDriftAndValueChange.xml (RunModel)" time="0.028" />
  <testcase classname="ptolemy.util.test.junit.AutoTests" name="[11] /home/travis/build/icyphy/ptII/ptolemy/domains/de/test/auto/ClockDriftChange.xml (RunModel)" time="0.034" />
  <testcase classname="ptolemy.util.test.junit.AutoTests" name="[12] /home/travis/build/icyphy/ptII/ptolemy/domains/de/test/auto/ComposableCausalityAnalysis.xml (RunModel)" time="0.014" />
  <testcase classname="ptolemy.util.test.junit.AutoTests" name="[13] /home/travis/build/icyphy/ptII/ptolemy/domains/de/test/auto/DEFixedPointLimitation.xml (RunModel)" time="0.009" />
  <testcase classname="ptolemy.util.test.junit.AutoTests" name="[14] /home/travis/build/icyphy/ptII/ptolemy/domains/de/test/auto/DEScheduleTest.xml (RunModel)" time="0.014" />
  <testcase classname="ptolemy.util.test.junit.AutoTests" name="[15] /home/travis/build/icyphy/ptII/ptolemy/domains/de/test/auto/DEinDEwithStartTimes.xml (RunModel)" time="0.015" />
  <testcase classname="ptolemy.util.test.junit.AutoTests" name="[16] /home/travis/build/icyphy/ptII/ptolemy/domains/de/test/auto/DEinDEwithStartTimes2.xml (RunModel)" time="0.019" />
  <testcase classname="ptolemy.util.test.junit.AutoTests" name="[17] /home/travis/build/icyphy/ptII/ptolemy/domains/de/test/auto/DateDemo.xml (RunModel)" time="0.031" />
  <testcase classname="ptolemy.util.test.junit.AutoTests" name="[18] /home/travis/build/icyphy/ptII/ptolemy/domains/de/test/auto/DateToEvent.xml (RunModel)" time="2.042" />
  <testcase classname="ptolemy.util.test.junit.AutoTests" name="[19] /home/travis/build/icyphy/ptII/ptolemy/domains/de/test/auto/DepthTest1.xml (RunModel)" time="0.016" />
  <testcase classname="ptolemy.util.test.junit.AutoTests" name="[20] /home/travis/build/icyphy/ptII/ptolemy/domains/de/test/auto/DepthTest2.xml (RunModel)" time="0.017" />
  <testcase classname="ptolemy.util.test.junit.AutoTests" name="[21] /home/travis/build/icyphy/ptII/ptolemy/domains/de/test/auto/DepthTest3.xml (RunModel)" time="0.007" />
  <testcase classname="ptolemy.util.test.junit.AutoTests" name="[22] /home/travis/build/icyphy/ptII/ptolemy/domains/de/test/auto/DepthTest4.xml (RunModel)" time="0.012" />
  <testcase classname="ptolemy.util.test.junit.AutoTests" name="[23] /home/travis/build/icyphy/ptII/ptolemy/domains/de/test/auto/DepthTest5.xml (RunModel)" time="0.013" />
  <testcase classname="ptolemy.util.test.junit.AutoTests" name="[24] /home/travis/build/icyphy/ptII/ptolemy/domains/de/test/auto/DepthTest6.xml (RunModel)" time="0.014" />
  <testcase classname="ptolemy.util.test.junit.AutoTests" name="[25] /home/travis/build/icyphy/ptII/ptolemy/domains/de/test/auto/DepthTest7.xml (RunModel)" time="0.014" />
  <testcase classname="ptolemy.util.test.junit.AutoTests" name="[26] /home/travis/build/icyphy/ptII/ptolemy/domains/de/test/auto/EventToDate.xml (RunModel)" time="3.034" />
  <testcase classname="ptolemy.util.test.junit.AutoTests" name="[27] /home/travis/build/icyphy/ptII/ptolemy/domains/de/test/auto/FSM1.xml (RunModel)" time="0.043" />
  <testcase classname="ptolemy.util.test.junit.AutoTests" name="[28] /home/travis/build/icyphy/ptII/ptolemy/domains/de/test/auto/FSM7.xml (RunModel)" time="0.042" />
  <testcase classname="ptolemy.util.test.junit.AutoTests" name="[29] /home/travis/build/icyphy/ptII/ptolemy/domains/de/test/auto/Inspection.xml (RunModel)" time="0.042" />
  <testcase classname="ptolemy.util.test.junit.AutoTests" name="[30] /home/travis/build/icyphy/ptII/ptolemy/domains/de/test/auto/Iteration.xml (RunModel)" time="0.023" />
  <testcase classname="ptolemy.util.test.junit.AutoTests" name="[31] /home/travis/build/icyphy/ptII/ptolemy/domains/de/test/auto/LineFault.xml (RunModel)" time="0.559" />
  <testcase classname="ptolemy.util.test.junit.AutoTests" name="[32] /home/travis/build/icyphy/ptII/ptolemy/domains/de/test/auto/MergeModel1Add.xml (RunModel)" time="0.052" />
  <testcase classname="ptolemy.util.test.junit.AutoTests" name="[33] /home/travis/build/icyphy/ptII/ptolemy/domains/de/test/auto/MergeModel2Add.xml (RunModel)" time="0.036" />
  <testcase classname="ptolemy.util.test.junit.AutoTests" name="[34] /home/travis/build/icyphy/ptII/ptolemy/domains/de/test/auto/MergeModel3Add.xml (RunModel)" time="0.046" />
  <testcase classname="ptolemy.util.test.junit.AutoTests" name="[35] /home/travis/build/icyphy/ptII/ptolemy/domains/de/test/auto/MergeWithoutDiscard.xml (RunModel)" time="0.009" />
  <testcase classname="ptolemy.util.test.junit.AutoTests" name="[36] /home/travis/build/icyphy/ptII/ptolemy/domains/de/test/auto/Modal1.xml (RunModel)" time="0.035" />
  <testcase classname="ptolemy.util.test.junit.AutoTests" name="[37] /home/travis/build/icyphy/ptII/ptolemy/domains/de/test/auto/Modal2.xml (RunModel)" time="0.033" />
  <testcase classname="ptolemy.util.test.junit.AutoTests" name="[38] /home/travis/build/icyphy/ptII/ptolemy/domains/de/test/auto/Modal3.xml (RunModel)" time="0.027" />
  <testcase classname="ptolemy.util.test.junit.AutoTests" name="[39] /home/travis/build/icyphy/ptII/ptolemy/domains/de/test/auto/Modal4.xml (RunModel)" time="0.03" />
  <testcase classname="ptolemy.util.test.junit.AutoTests" name="[40] /home/travis/build/icyphy/ptII/ptolemy/domains/de/test/auto/Modal5.xml (RunModel)" time="0.033" />
  <testcase classname="ptolemy.util.test.junit.AutoTests" name="[41] /home/travis/build/icyphy/ptII/ptolemy/domains/de/test/auto/Modal6.xml (RunModel)" time="0.027" />
  <testcase classname="ptolemy.util.test.junit.AutoTests" name="[42] /home/travis/build/icyphy/ptII/ptolemy/domains/de/test/auto/Modal7.xml (RunModel)" time="0.034" />
  <testcase classname="ptolemy.util.test.junit.AutoTests" name="[43] /home/travis/build/icyphy/ptII/ptolemy/domains/de/test/auto/ModalModel.xml (RunModel)" time="0.193" />
  <testcase classname="ptolemy.util.test.junit.AutoTests" name="[44] /home/travis/build/icyphy/ptII/ptolemy/domains/de/test/auto/ModalSource.xml (RunModel)" time="0.024" />
  <testcase classname="ptolemy.util.test.junit.AutoTests" name="[45] /home/travis/build/icyphy/ptII/ptolemy/domains/de/test/auto/NonInterruptibleTimerZeroDelay.xml (RunModel)" time="0.009" />
  <testcase classname="ptolemy.util.test.junit.AutoTests" name="[46] /home/travis/build/icyphy/ptII/ptolemy/domains/de/test/auto/OpenQueueingNetwork.xml (RunModel)" time="2.322" />
  <testcase classname="ptolemy.util.test.junit.AutoTests" name="[47] /home/travis/build/icyphy/ptII/ptolemy/domains/de/test/auto/OpenQueuingNetwork.xml (RunModel)" time="0.256" />
  <testcase classname="ptolemy.util.test.junit.AutoTests" name="[48] /home/travis/build/icyphy/ptII/ptolemy/domains/de/test/auto/PeriodicSampler.xml (RunModel)" time="0.012" />
  <testcase classname="ptolemy.util.test.junit.AutoTests" name="[49] /home/travis/build/icyphy/ptII/ptolemy/domains/de/test/auto/PersistentIO.xml (RunModel)" time="0.019" />
  <testcase classname="ptolemy.util.test.junit.AutoTests" name="[50] /home/travis/build/icyphy/ptII/ptolemy/domains/de/test/auto/PortParameterResetOnInitialize.xml (RunModel)" time="0.011" />
  <testcase classname="ptolemy.util.test.junit.AutoTests" name="[51] /home/travis/build/icyphy/ptII/ptolemy/domains/de/test/auto/PortParameterUpdates.xml (RunModel)" time="0.014" />
  <testcase classname="ptolemy.util.test.junit.AutoTests" name="[52] /home/travis/build/icyphy/ptII/ptolemy/domains/de/test/auto/QueueAndServer.xml (RunModel)" time="0.022" />
  <testcase classname="ptolemy.util.test.junit.AutoTests" name="[53] /home/travis/build/icyphy/ptII/ptolemy/domains/de/test/auto/Records.xml (RunModel)" time="0.021" />
  <testcase classname="ptolemy.util.test.junit.AutoTests" name="[54] /home/travis/build/icyphy/ptII/ptolemy/domains/de/test/auto/ResetTransitionWithStartTime1.xml (RunModel)" time="0.021" />
  <testcase classname="ptolemy.util.test.junit.AutoTests" name="[55] /home/travis/build/icyphy/ptII/ptolemy/domains/de/test/auto/ResetTransitionWithStartTime2.xml (RunModel)" time="0.022" />
  <testcase classname="ptolemy.util.test.junit.AutoTests" name="[56] /home/travis/build/icyphy/ptII/ptolemy/domains/de/test/auto/ResetTransitionWithStartTime3.xml (RunModel)" time="0.021" />
  <testcase classname="ptolemy.util.test.junit.AutoTests" name="[57] /home/travis/build/icyphy/ptII/ptolemy/domains/de/test/auto/ResetTransitionWithStartTime4.xml (RunModel)" time="0.019" />
  <testcase classname="ptolemy.util.test.junit.AutoTests" name="[58] /home/travis/build/icyphy/ptII/ptolemy/domains/de/test/auto/ResettableTimer1.xml (RunModel)" time="0.011" />
  <testcase classname="ptolemy.util.test.junit.AutoTests" name="[59] /home/travis/build/icyphy/ptII/ptolemy/domains/de/test/auto/ResettableTimer2.xml (RunModel)" time="0.01" />
  <testcase classname="ptolemy.util.test.junit.AutoTests" name="[60] /home/travis/build/icyphy/ptII/ptolemy/domains/de/test/auto/ResettableTimer3.xml (RunModel)" time="0.01" />
  <testcase classname="ptolemy.util.test.junit.AutoTests" name="[61] /home/travis/build/icyphy/ptII/ptolemy/domains/de/test/auto/ResettableTimer4.xml (RunModel)" time="0.01" />
  <testcase classname="ptolemy.util.test.junit.AutoTests" name="[62] /home/travis/build/icyphy/ptII/ptolemy/domains/de/test/auto/ResettableTimer5.xml (RunModel)" time="0.009" />
  <testcase classname="ptolemy.util.test.junit.AutoTests" name="[63] /home/travis/build/icyphy/ptII/ptolemy/domains/de/test/auto/ResettableTimer6.xml (RunModel)" time="0.015" />
  <testcase classname="ptolemy.util.test.junit.AutoTests" name="[64] /home/travis/build/icyphy/ptII/ptolemy/domains/de/test/auto/ServerZeroDelay.xml (RunModel)" time="0.012" />
  <testcase classname="ptolemy.util.test.junit.AutoTests" name="[65] /home/travis/build/icyphy/ptII/ptolemy/domains/de/test/auto/SmartSender.xml (RunModel)" time="3.007" />
  <testcase classname="ptolemy.util.test.junit.AutoTests" name="[66] /home/travis/build/icyphy/ptII/ptolemy/domains/de/test/auto/ThreadedComposite.xml (RunModel)" time="0.343" />
  <testcase classname="ptolemy.util.test.junit.AutoTests" name="[67] /home/travis/build/icyphy/ptII/ptolemy/domains/de/test/auto/Time.xml (RunModel)" time="0.367" />
  <testcase classname="ptolemy.util.test.junit.AutoTests" name="[68] /home/travis/build/icyphy/ptII/ptolemy/domains/de/test/auto/TimeDelayZeroDelay.xml (RunModel)" time="0.017" />
  <testcase classname="ptolemy.util.test.junit.AutoTests" name="[69] /home/travis/build/icyphy/ptII/ptolemy/domains/de/test/auto/TimerZeroDelay.xml (RunModel)" time="0.011" />
  <testcase classname="ptolemy.util.test.junit.AutoTests" name="[70] /home/travis/build/icyphy/ptII/ptolemy/domains/de/test/auto/TimingParadox.xml (RunModel)" time="0.294" />
  <testcase classname="ptolemy.util.test.junit.AutoTests" name="[71] /home/travis/build/icyphy/ptII/ptolemy/domains/de/test/auto/TransferInputs.xml (RunModel)" time="0.009" />
  <testcase classname="ptolemy.util.test.junit.AutoTests" name="[72] /home/travis/build/icyphy/ptII/ptolemy/domains/de/test/auto/TransferOutputs2.xml (RunModel)" time="0.014" />
  <testcase classname="ptolemy.util.test.junit.AutoTests" name="[73] /home/travis/build/icyphy/ptII/ptolemy/domains/de/test/auto/Trilateration.xml (RunModel)" time="11.146" />
  <testcase classname="ptolemy.util.test.junit.AutoTests" name="[74] /home/travis/build/icyphy/ptII/ptolemy/domains/de/test/auto/TwoSigmaDelta.xml (RunModel)" time="1.688" />
  <testcase classname="ptolemy.util.test.junit.AutoTests" name="[75] /home/travis/build/icyphy/ptII/ptolemy/domains/de/test/auto/VariableDelay.xml (RunModel)" time="0.01" />
  <testcase classname="ptolemy.util.test.junit.AutoTests" name="[76] /home/travis/build/icyphy/ptII/ptolemy/domains/de/test/auto/VariableDelay2.xml (RunModel)" time="0.008" />
  <testcase classname="ptolemy.util.test.junit.AutoTests" name="[77] /home/travis/build/icyphy/ptII/ptolemy/domains/de/test/auto/VariableDelayZeroDelay.xml (RunModel)" time="0.009" />
  <testcase classname="ptolemy.util.test.junit.AutoTests" name="[78] /home/travis/build/icyphy/ptII/ptolemy/domains/de/test/auto/VariableDelayZeroDelay2.xml (RunModel)" time="0.01" />
  <testcase classname="ptolemy.util.test.junit.AutoTests" name="[79] /home/travis/build/icyphy/ptII/ptolemy/domains/de/test/auto/deInCt.xml (RunModel)" time="0.017" />
  <testcase classname="ptolemy.util.test.junit.AutoTests" name="[80] /home/travis/build/icyphy/ptII/ptolemy/domains/de/test/auto/deInCt2.xml (RunModel)" time="0.016" />
  <testcase classname="ptolemy.util.test.junit.AutoTests" name="[81] /home/travis/build/icyphy/ptII/ptolemy/domains/de/test/auto/dynamicCausalityInterface1.xml (RunModel)" time="0.017" />
  <testcase classname="ptolemy.util.test.junit.AutoTests" name="[82] /home/travis/build/icyphy/ptII/ptolemy/domains/de/test/auto/fsm_de_test.xml (RunModel)" time="0.026" />
  <testcase classname="ptolemy.util.test.junit.AutoTests" name="[83] /home/travis/build/icyphy/ptII/ptolemy/domains/de/test/auto/functionDependencyReconstruction.xml (RunModel)" time="0.032" />
  <testcase classname="ptolemy.util.test.junit.AutoTests" name="[84] /home/travis/build/icyphy/ptII/ptolemy/domains/de/test/auto/multirate.xml (RunModel)" time="0.015" />
  <testcase classname="ptolemy.util.test.junit.AutoTests" name="[85] /home/travis/build/icyphy/ptII/ptolemy/domains/de/test/auto/multirate2.xml (RunModel)" time="0.015" />
  <testcase classname="ptolemy.util.test.junit.AutoTests" name="[86] /home/travis/build/icyphy/ptII/ptolemy/domains/de/test/auto/realtime.xml (RunModel)" time="10.011" />
  <testcase classname="ptolemy.util.test.junit.AutoTests" name="[87] /home/travis/build/icyphy/ptII/ptolemy/domains/de/test/auto/relationGroup.xml (RunModel)" time="0.01" />
  <testcase classname="ptolemy.util.test.junit.AutoTests" name="[88] /home/travis/build/icyphy/ptII/ptolemy/domains/de/test/auto/relationGroup2.xml (RunModel)" time="0.007" />
  <testcase classname="ptolemy.util.test.junit.AutoTests" name="[89] /home/travis/build/icyphy/ptII/ptolemy/domains/de/test/auto/sortWithOpaquePorts.xml (RunModel)" time="0.008" />
  <testcase classname="ptolemy.util.test.junit.AutoTests" name="[90] /home/travis/build/icyphy/ptII/ptolemy/domains/de/test/auto/transferInputsandOutputs.xml (RunModel)" time="0.023" />
  <testcase classname="ptolemy.util.test.junit.AutoTests" name="[91] /home/travis/build/icyphy/ptII/ptolemy/domains/de/test/auto/triggerType.xml (RunModel)" time="0.011" />
  <system-out><![CDATA[/home/travis/build/icyphy/ptII/ptolemy/domains/de/test/DependencyLoop.tcl
testDefs.tcl: setting time out to 9000 seconds at Thu Aug 20 15:30:56 UTC 2020
96 ms. Memory: 129024K Free: 78278K (61%)
22 ms. Memory: 129024K Free: 60863K (47%)
/home/travis/build/icyphy/ptII/ptolemy/domains/de/test/RunDETestsAsQSS.tcl
Run the DE tests using ptolemy.domains.qss.test.QSSDirectorTest, which extends QSSDirector and prints a message in the constructors.
------------------ testing $PTII/ptolemy/domains/de/test/auto/knownFailedTests/DirectFeedback.xml (Known Failure) 
67 ms. Memory: 129024K Free: 54726K (42%)


==== $PTIIhome/travis/build/icyphy/ptII/ptolemy/domains/de/test/../../../../: Auto Automatic test in file $PTII/ptolemy/domains/de/test/auto/knownFailedTests/DirectFeedback.xml
==== Contents of test case:

	    # FIXME: we should use $relativeFilename here, but it
	    # might have backslashes under Windows, which causes no end
	    # of trouble.
	    createAndExecute $file
	    list {}
	
.... Test generated KNOWN error:
    while executing
ptolemy.kernel.util.IllegalActionException: Test fails in iteration 1.
Value was: 1.0. Should have been: 2.0
  in .DirectFeedback.Test
	at ptolemy.actor.lib.Test.fire(Test.java:268)
	at ptolemy.domains.de.kernel.DEDirector._fire(DEDirector.java:1949)
	at ptolemy.domains.de.kernel.DEDirector.fire(DEDirector.java:502)
	at ptolemy.actor.CompositeActor.fire(CompositeActor.java:455)
	at ptolemy.actor.Manager.iterate(Manager.java:851)
	at ptolemy.actor.Manager.execute(Manager.java:369)
	at ptolemy.actor.Manager.run(Manager.java:1263)
	at ptolemy.actor.Manager$PtolemyRunThread.run(Manager.java:1933)

    while executing
ptolemy.kernel.util.IllegalActionException: Test fails in iteration 1.
Value was: 1.0. Should have been: 2.0
  in .DirectFeedback.Test
    while executing
"java::new ptolemy.moml.MoMLSimpleApplication $file
"
    (procedure "createAndExecute" line 2)
    invoked from within
"createAndExecute $file"
    ("uplevel" body line 5)
    invoked from within
"uplevel $contents_of_test"
------------------ testing $PTII/ptolemy/domains/de/test/auto/knownFailedTests/dependencyLoop.xml (Known Failure) 
17 ms. Memory: 129024K Free: 51654K (40%)


==== $PTIIhome/travis/build/icyphy/ptII/ptolemy/domains/de/test/../../../../: Auto Automatic test in file $PTII/ptolemy/domains/de/test/auto/knownFailedTests/dependencyLoop.xml
==== Contents of test case:

	    # FIXME: we should use $relativeFilename here, but it
	    # might have backslashes under Windows, which causes no end
	    # of trouble.
	    createAndExecute $file
	    list {}
	
.... Test generated KNOWN error:
    while executing
ptolemy.kernel.util.IllegalActionException: Found a zero delay loop containing .dependencyLoop.original
  in .dependencyLoop and .dependencyLoop.original
	at ptolemy.actor.util.CausalityInterfaceForComposites._computeOutputPortDepth(CausalityInterfaceForComposites.java:759)
	at ptolemy.actor.util.CausalityInterfaceForComposites._computeInputDepth(CausalityInterfaceForComposites.java:696)
	at ptolemy.actor.util.CausalityInterfaceForComposites._computeOutputPortDepth(CausalityInterfaceForComposites.java:765)
	at ptolemy.actor.util.CausalityInterfaceForComposites._computeInputDepth(CausalityInterfaceForComposites.java:696)
	at ptolemy.actor.util.CausalityInterfaceForComposites._computeOutputPortDepth(CausalityInterfaceForComposites.java:765)
	at ptolemy.actor.util.CausalityInterfaceForComposites._computeInputDepth(CausalityInterfaceForComposites.java:696)
	at ptolemy.actor.util.CausalityInterfaceForComposites._computeActorDepth(CausalityInterfaceForComposites.java:532)
	at ptolemy.actor.util.CausalityInterfaceForComposites.checkForCycles(CausalityInterfaceForComposites.java:96)
	at ptolemy.domains.de.kernel.DEDirector.preinitialize(DEDirector.java:1338)
	at ptolemy.actor.CompositeActor.preinitialize(CompositeActor.java:1828)
	at ptolemy.actor.Manager.preinitializeAndResolveTypes(Manager.java:1040)
	at ptolemy.actor.Manager.initialize(Manager.java:710)
	at ptolemy.actor.Manager.execute(Manager.java:356)
	at ptolemy.actor.Manager.run(Manager.java:1263)
	at ptolemy.actor.Manager$PtolemyRunThread.run(Manager.java:1933)

    while executing
ptolemy.kernel.util.IllegalActionException: Found a zero delay loop containing .dependencyLoop.original
  in .dependencyLoop and .dependencyLoop.original
    while executing
"java::new ptolemy.moml.MoMLSimpleApplication $file
"
    (procedure "createAndExecute" line 2)
    invoked from within
"createAndExecute $file"
    ("uplevel" body line 5)
    invoked from within
"uplevel $contents_of_test"
------------------ testing $PTII/ptolemy/domains/de/test/auto/knownFailedTests/FSMSource.xml (Known Failure) 
45 ms. Memory: 129024K Free: 109609K (85%)
!!!! Auto was marked as failing, but now passes
------------------ testing $PTII/ptolemy/domains/de/test/auto/knownFailedTests/HierarchicalModel.xml (Known Failure) 
5 ms. Memory: 129024K Free: 92543K (72%)


==== $PTIIhome/travis/build/icyphy/ptII/ptolemy/domains/de/test/../../../../: Auto Automatic test in file $PTII/ptolemy/domains/de/test/auto/knownFailedTests/HierarchicalModel.xml
==== Contents of test case:

	    # FIXME: we should use $relativeFilename here, but it
	    # might have backslashes under Windows, which causes no end
	    # of trouble.
	    createAndExecute $file
	    list {}
	
.... Test generated KNOWN error:
    while executing
ptolemy.kernel.util.IllegalActionException: Found a zero delay loop containing .HierarchicalModel.A
  in .HierarchicalModel and .HierarchicalModel.A
	at ptolemy.actor.util.CausalityInterfaceForComposites._computeOutputPortDepth(CausalityInterfaceForComposites.java:759)
	at ptolemy.actor.util.CausalityInterfaceForComposites._computeInputDepth(CausalityInterfaceForComposites.java:696)
	at ptolemy.actor.util.CausalityInterfaceForComposites._computeOutputPortDepth(CausalityInterfaceForComposites.java:765)
	at ptolemy.actor.util.CausalityInterfaceForComposites._computeInputDepth(CausalityInterfaceForComposites.java:696)
	at ptolemy.actor.util.CausalityInterfaceForComposites._computeOutputPortDepth(CausalityInterfaceForComposites.java:765)
	at ptolemy.actor.util.CausalityInterfaceForComposites._computeInputDepth(CausalityInterfaceForComposites.java:696)
	at ptolemy.actor.util.CausalityInterfaceForComposites._computeActorDepth(CausalityInterfaceForComposites.java:532)
	at ptolemy.actor.util.CausalityInterfaceForComposites.checkForCycles(CausalityInterfaceForComposites.java:96)
	at ptolemy.domains.de.kernel.DEDirector.preinitialize(DEDirector.java:1338)
	at ptolemy.actor.CompositeActor.preinitialize(CompositeActor.java:1828)
	at ptolemy.actor.Manager.preinitializeAndResolveTypes(Manager.java:1040)
	at ptolemy.actor.Manager.initialize(Manager.java:710)
	at ptolemy.actor.Manager.execute(Manager.java:356)
	at ptolemy.actor.Manager.run(Manager.java:1263)
	at ptolemy.actor.Manager$PtolemyRunThread.run(Manager.java:1933)

    while executing
ptolemy.kernel.util.IllegalActionException: Found a zero delay loop containing .HierarchicalModel.A
  in .HierarchicalModel and .HierarchicalModel.A
    while executing
"java::new ptolemy.moml.MoMLSimpleApplication $file
"
    (procedure "createAndExecute" line 2)
    invoked from within
"createAndExecute $file"
    ("uplevel" body line 5)
    invoked from within
"uplevel $contents_of_test"
------------------ testing $PTII/ptolemy/domains/de/test/auto/knownFailedTests/dependencyLoop2.xml (Known Failure) 
11 ms. Memory: 129024K Free: 76436K (59%)


==== $PTIIhome/travis/build/icyphy/ptII/ptolemy/domains/de/test/../../../../: Auto Automatic test in file $PTII/ptolemy/domains/de/test/auto/knownFailedTests/dependencyLoop2.xml
==== Contents of test case:

	    # FIXME: we should use $relativeFilename here, but it
	    # might have backslashes under Windows, which causes no end
	    # of trouble.
	    createAndExecute $file
	    list {}
	
.... Test generated KNOWN error:
    while executing
ptolemy.kernel.util.IllegalActionException: Found a zero delay loop containing .dependencyLoop2.original
  in .dependencyLoop2 and .dependencyLoop2.original
	at ptolemy.actor.util.CausalityInterfaceForComposites._computeOutputPortDepth(CausalityInterfaceForComposites.java:759)
	at ptolemy.actor.util.CausalityInterfaceForComposites._computeInputDepth(CausalityInterfaceForComposites.java:696)
	at ptolemy.actor.util.CausalityInterfaceForComposites._computeOutputPortDepth(CausalityInterfaceForComposites.java:765)
	at ptolemy.actor.util.CausalityInterfaceForComposites._computeInputDepth(CausalityInterfaceForComposites.java:696)
	at ptolemy.actor.util.CausalityInterfaceForComposites._computeOutputPortDepth(CausalityInterfaceForComposites.java:765)
	at ptolemy.actor.util.CausalityInterfaceForComposites._computeInputDepth(CausalityInterfaceForComposites.java:696)
	at ptolemy.actor.util.CausalityInterfaceForComposites._computeActorDepth(CausalityInterfaceForComposites.java:532)
	at ptolemy.actor.util.CausalityInterfaceForComposites.checkForCycles(CausalityInterfaceForComposites.java:96)
	at ptolemy.domains.de.kernel.DEDirector.preinitialize(DEDirector.java:1338)
	at ptolemy.actor.CompositeActor.preinitialize(CompositeActor.java:1828)
	at ptolemy.actor.Manager.preinitializeAndResolveTypes(Manager.java:1040)
	at ptolemy.actor.Manager.initialize(Manager.java:710)
	at ptolemy.actor.Manager.execute(Manager.java:356)
	at ptolemy.actor.Manager.run(Manager.java:1263)
	at ptolemy.actor.Manager$PtolemyRunThread.run(Manager.java:1933)

    while executing
ptolemy.kernel.util.IllegalActionException: Found a zero delay loop containing .dependencyLoop2.original
  in .dependencyLoop2 and .dependencyLoop2.original
    while executing
"java::new ptolemy.moml.MoMLSimpleApplication $file
"
    (procedure "createAndExecute" line 2)
    invoked from within
"createAndExecute $file"
    ("uplevel" body line 5)
    invoked from within
"uplevel $contents_of_test"
------------------ testing $PTII/ptolemy/domains/de/test/auto/knownFailedTests/DESDFClockTest.xml (Known Failure) 
2040 ms. Memory: 129024K Free: 105931K (82%)


==== $PTIIhome/travis/build/icyphy/ptII/ptolemy/domains/de/test/../../../../: Auto Automatic test in file $PTII/ptolemy/domains/de/test/auto/knownFailedTests/DESDFClockTest.xml
==== Contents of test case:

	    # FIXME: we should use $relativeFilename here, but it
	    # might have backslashes under Windows, which causes no end
	    # of trouble.
	    createAndExecute $file
	    list {}
	
.... Test generated KNOWN error:
    while executing
ptolemy.kernel.util.IllegalActionException: Actor is not ready to fire.  Perhaps UpSample.prefire() returned false? Try debugging the actor by selecting "Listen to Actor".  Also, for SDF check moml for tokenConsumptionRate on input.
  in .DESDFClockTest.Play Bell.Copy1:SDF Director and .DESDFClockTest.Play Bell.UpSample
	at ptolemy.actor.sched.StaticSchedulingDirector.fire(StaticSchedulingDirector.java:227)
	at ptolemy.domains.sdf.kernel.SDFDirector.fire(SDFDirector.java:500)
	at ptolemy.actor.CompositeActor.fire(CompositeActor.java:455)
	at ptolemy.domains.de.kernel.DEDirector._fire(DEDirector.java:1949)
	at ptolemy.domains.de.kernel.DEDirector.fire(DEDirector.java:502)
	at ptolemy.actor.CompositeActor.fire(CompositeActor.java:455)
	at ptolemy.actor.Manager.iterate(Manager.java:851)
	at ptolemy.actor.Manager.execute(Manager.java:369)
	at ptolemy.actor.Manager.run(Manager.java:1263)
	at ptolemy.actor.Manager$PtolemyRunThread.run(Manager.java:1933)

    while executing
ptolemy.kernel.util.IllegalActionException: Actor is not ready to fire.  Perhaps UpSample.prefire() returned false? Try debugging the actor by selecting "Listen to Actor".  Also, for SDF check moml for tokenConsumptionRate on input.
  in .DESDFClockTest.Play Bell.Copy1:SDF Director and .DESDFClockTest.Play Bell.UpSample
    while executing
"java::new ptolemy.moml.MoMLSimpleApplication $file
"
    (procedure "createAndExecute" line 2)
    invoked from within
"createAndExecute $file"
    ("uplevel" body line 5)
    invoked from within
"uplevel $contents_of_test"
------------------ testing $PTII/ptolemy/domains/de/test/auto/ActorDepthCalculation_actorWithoutPorts.xml
auto.tcl: Setting watchdog for 200 seconds at Thu Aug 20 15:31:00 UTC 2020
3 ms. Memory: 129024K Free: 98235K (76%)
ptolemy.util.test.WatchDog.cancel(): canceling Thu Aug 20 15:31:00 UTC 2020
auto.tcl: Setting watchdog for 200 seconds at Thu Aug 20 15:31:00 UTC 2020
9 ms. Memory: 129024K Free: 96715K (75%)
ptolemy.util.test.WatchDog.cancel(): canceling Thu Aug 20 15:31:00 UTC 2020
------------------ testing $PTII/ptolemy/domains/de/test/auto/AssemblyLine.xml
auto.tcl: Setting watchdog for 200 seconds at Thu Aug 20 15:31:01 UTC 2020
25 ms. Memory: 51200K Free: 27759K (54%)
ptolemy.util.test.WatchDog.cancel(): canceling Thu Aug 20 15:31:01 UTC 2020
auto.tcl: Setting watchdog for 200 seconds at Thu Aug 20 15:31:01 UTC 2020
7 ms. Memory: 51200K Free: 27271K (53%)
ptolemy.util.test.WatchDog.cancel(): canceling Thu Aug 20 15:31:01 UTC 2020
------------------ testing $PTII/ptolemy/domains/de/test/auto/CQBug1.xml
auto.tcl: Setting watchdog for 200 seconds at Thu Aug 20 15:31:01 UTC 2020
5 ms. Memory: 51200K Free: 33218K (65%)
ptolemy.util.test.WatchDog.cancel(): canceling Thu Aug 20 15:31:01 UTC 2020
auto.tcl: Setting watchdog for 200 seconds at Thu Aug 20 15:31:01 UTC 2020
3 ms. Memory: 51200K Free: 33218K (65%)
ptolemy.util.test.WatchDog.cancel(): canceling Thu Aug 20 15:31:01 UTC 2020
------------------ testing $PTII/ptolemy/domains/de/test/auto/CancelFireAt.xml
auto.tcl: Setting watchdog for 200 seconds at Thu Aug 20 15:31:01 UTC 2020
6 ms. Memory: 51200K Free: 34573K (68%)
ptolemy.util.test.WatchDog.cancel(): canceling Thu Aug 20 15:31:01 UTC 2020
auto.tcl: Setting watchdog for 200 seconds at Thu Aug 20 15:31:01 UTC 2020
2 ms. Memory: 51200K Free: 34079K (67%)
ptolemy.util.test.WatchDog.cancel(): canceling Thu Aug 20 15:31:01 UTC 2020
------------------ testing $PTII/ptolemy/domains/de/test/auto/CausalityAndComposabilityAnalysis.xml
auto.tcl: Setting watchdog for 200 seconds at Thu Aug 20 15:31:01 UTC 2020
8 ms. Memory: 51200K Free: 32418K (63%)
ptolemy.util.test.WatchDog.cancel(): canceling Thu Aug 20 15:31:01 UTC 2020
auto.tcl: Setting watchdog for 200 seconds at Thu Aug 20 15:31:01 UTC 2020
11 ms. Memory: 51200K Free: 31965K (62%)
ptolemy.util.test.WatchDog.cancel(): canceling Thu Aug 20 15:31:01 UTC 2020
------------------ testing $PTII/ptolemy/domains/de/test/auto/CausalityInterface1.xml
auto.tcl: Setting watchdog for 200 seconds at Thu Aug 20 15:31:01 UTC 2020
17 ms. Memory: 51200K Free: 31347K (61%)
ptolemy.util.test.WatchDog.cancel(): canceling Thu Aug 20 15:31:01 UTC 2020
auto.tcl: Setting watchdog for 200 seconds at Thu Aug 20 15:31:01 UTC 2020
4 ms. Memory: 51200K Free: 30361K (59%)
ptolemy.util.test.WatchDog.cancel(): canceling Thu Aug 20 15:31:01 UTC 2020
------------------ testing $PTII/ptolemy/domains/de/test/auto/CausalityInterface15.xml
auto.tcl: Setting watchdog for 200 seconds at Thu Aug 20 15:31:01 UTC 2020
8 ms. Memory: 51200K Free: 31528K (62%)
ptolemy.util.test.WatchDog.cancel(): canceling Thu Aug 20 15:31:01 UTC 2020
auto.tcl: Setting watchdog for 200 seconds at Thu Aug 20 15:31:01 UTC 2020
7 ms. Memory: 51200K Free: 30327K (59%)
ptolemy.util.test.WatchDog.cancel(): canceling Thu Aug 20 15:31:01 UTC 2020
------------------ testing $PTII/ptolemy/domains/de/test/auto/CausalityInterface2.xml
auto.tcl: Setting watchdog for 200 seconds at Thu Aug 20 15:31:01 UTC 2020
6 ms. Memory: 51200K Free: 31992K (62%)
ptolemy.util.test.WatchDog.cancel(): canceling Thu Aug 20 15:31:01 UTC 2020
auto.tcl: Setting watchdog for 200 seconds at Thu Aug 20 15:31:01 UTC 2020
4 ms. Memory: 51200K Free: 31339K (61%)
ptolemy.util.test.WatchDog.cancel(): canceling Thu Aug 20 15:31:01 UTC 2020
------------------ testing $PTII/ptolemy/domains/de/test/auto/CausalityInterface3.xml
auto.tcl: Setting watchdog for 200 seconds at Thu Aug 20 15:31:01 UTC 2020
4 ms. Memory: 51200K Free: 31400K (61%)
ptolemy.util.test.WatchDog.cancel(): canceling Thu Aug 20 15:31:01 UTC 2020
auto.tcl: Setting watchdog for 200 seconds at Thu Aug 20 15:31:01 UTC 2020
5 ms. Memory: 51200K Free: 30898K (60%)
ptolemy.util.test.WatchDog.cancel(): canceling Thu Aug 20 15:31:02 UTC 2020
------------------ testing $PTII/ptolemy/domains/de/test/auto/ClockDrift.xml
auto.tcl: Setting watchdog for 200 seconds at Thu Aug 20 15:31:02 UTC 2020
78 ms. Memory: 51200K Free: 23646K (46%)
ptolemy.util.test.WatchDog.cancel(): canceling Thu Aug 20 15:31:02 UTC 2020
auto.tcl: Setting watchdog for 200 seconds at Thu Aug 20 15:31:02 UTC 2020
34 ms. Memory: 51200K Free: 20660K (40%)
ptolemy.util.test.WatchDog.cancel(): canceling Thu Aug 20 15:31:02 UTC 2020
------------------ testing $PTII/ptolemy/domains/de/test/auto/ClockDriftAndValueChange.xml
auto.tcl: Setting watchdog for 200 seconds at Thu Aug 20 15:31:02 UTC 2020
45 ms. Memory: 51200K Free: 23980K (47%)
ptolemy.util.test.WatchDog.cancel(): canceling Thu Aug 20 15:31:02 UTC 2020
auto.tcl: Setting watchdog for 200 seconds at Thu Aug 20 15:31:02 UTC 2020
27 ms. Memory: 51200K Free: 20992K (41%)
ptolemy.util.test.WatchDog.cancel(): canceling Thu Aug 20 15:31:02 UTC 2020
------------------ testing $PTII/ptolemy/domains/de/test/auto/ClockDriftChange.xml
auto.tcl: Setting watchdog for 200 seconds at Thu Aug 20 15:31:02 UTC 2020
20 ms. Memory: 51200K Free: 25997K (51%)
ptolemy.util.test.WatchDog.cancel(): canceling Thu Aug 20 15:31:02 UTC 2020
auto.tcl: Setting watchdog for 200 seconds at Thu Aug 20 15:31:02 UTC 2020
28 ms. Memory: 51200K Free: 23602K (46%)
ptolemy.util.test.WatchDog.cancel(): canceling Thu Aug 20 15:31:02 UTC 2020
------------------ testing $PTII/ptolemy/domains/de/test/auto/ComposableCausalityAnalysis.xml
auto.tcl: Setting watchdog for 200 seconds at Thu Aug 20 15:31:02 UTC 2020
3 ms. Memory: 51200K Free: 30585K (60%)
ptolemy.util.test.WatchDog.cancel(): canceling Thu Aug 20 15:31:02 UTC 2020
auto.tcl: Setting watchdog for 200 seconds at Thu Aug 20 15:31:02 UTC 2020
5 ms. Memory: 51200K Free: 29541K (58%)
ptolemy.util.test.WatchDog.cancel(): canceling Thu Aug 20 15:31:02 UTC 2020
------------------ testing $PTII/ptolemy/domains/de/test/auto/DEFixedPointLimitation.xml
auto.tcl: Setting watchdog for 200 seconds at Thu Aug 20 15:31:02 UTC 2020
2 ms. Memory: 51200K Free: 31986K (62%)
ptolemy.util.test.WatchDog.cancel(): canceling Thu Aug 20 15:31:02 UTC 2020
auto.tcl: Setting watchdog for 200 seconds at Thu Aug 20 15:31:02 UTC 2020
1 ms. Memory: 51200K Free: 31115K (61%)
ptolemy.util.test.WatchDog.cancel(): canceling Thu Aug 20 15:31:02 UTC 2020
------------------ testing $PTII/ptolemy/domains/de/test/auto/DEScheduleTest.xml
auto.tcl: Setting watchdog for 200 seconds at Thu Aug 20 15:31:02 UTC 2020
5 ms. Memory: 51200K Free: 32341K (63%)
ptolemy.util.test.WatchDog.cancel(): canceling Thu Aug 20 15:31:02 UTC 2020
auto.tcl: Setting watchdog for 200 seconds at Thu Aug 20 15:31:02 UTC 2020
3 ms. Memory: 51200K Free: 31586K (62%)
ptolemy.util.test.WatchDog.cancel(): canceling Thu Aug 20 15:31:02 UTC 2020
------------------ testing $PTII/ptolemy/domains/de/test/auto/DEinDEwithStartTimes.xml
auto.tcl: Setting watchdog for 200 seconds at Thu Aug 20 15:31:02 UTC 2020
5 ms. Memory: 51200K Free: 30512K (60%)
ptolemy.util.test.WatchDog.cancel(): canceling Thu Aug 20 15:31:02 UTC 2020
auto.tcl: Setting watchdog for 200 seconds at Thu Aug 20 15:31:02 UTC 2020
3 ms. Memory: 51200K Free: 29556K (58%)
ptolemy.util.test.WatchDog.cancel(): canceling Thu Aug 20 15:31:02 UTC 2020
------------------ testing $PTII/ptolemy/domains/de/test/auto/DEinDEwithStartTimes2.xml
auto.tcl: Setting watchdog for 200 seconds at Thu Aug 20 15:31:02 UTC 2020
7 ms. Memory: 51200K Free: 29606K (58%)
ptolemy.util.test.WatchDog.cancel(): canceling Thu Aug 20 15:31:02 UTC 2020
auto.tcl: Setting watchdog for 200 seconds at Thu Aug 20 15:31:02 UTC 2020
4 ms. Memory: 51200K Free: 28443K (56%)
ptolemy.util.test.WatchDog.cancel(): canceling Thu Aug 20 15:31:02 UTC 2020
------------------ testing $PTII/ptolemy/domains/de/test/auto/DateDemo.xml
auto.tcl: Setting watchdog for 200 seconds at Thu Aug 20 15:31:02 UTC 2020
25 ms. Memory: 51200K Free: 23769K (46%)
ptolemy.util.test.WatchDog.cancel(): canceling Thu Aug 20 15:31:03 UTC 2020
auto.tcl: Setting watchdog for 200 seconds at Thu Aug 20 15:31:03 UTC 2020
20 ms. Memory: 51200K Free: 22344K (44%)
ptolemy.util.test.WatchDog.cancel(): canceling Thu Aug 20 15:31:03 UTC 2020
------------------ testing $PTII/ptolemy/domains/de/test/auto/DateToEvent.xml
auto.tcl: Setting watchdog for 200 seconds at Thu Aug 20 15:31:03 UTC 2020
2010 ms. Memory: 51200K Free: 20006K (39%)
ptolemy.util.test.WatchDog.cancel(): canceling Thu Aug 20 15:31:05 UTC 2020
auto.tcl: Setting watchdog for 200 seconds at Thu Aug 20 15:31:05 UTC 2020
2005 ms. Memory: 51200K Free: 19112K (37%)
ptolemy.util.test.WatchDog.cancel(): canceling Thu Aug 20 15:31:07 UTC 2020
------------------ testing $PTII/ptolemy/domains/de/test/auto/DepthTest1.xml
auto.tcl: Setting watchdog for 200 seconds at Thu Aug 20 15:31:07 UTC 2020
2 ms. Memory: 51200K Free: 33153K (65%)
ptolemy.util.test.WatchDog.cancel(): canceling Thu Aug 20 15:31:07 UTC 2020
auto.tcl: Setting watchdog for 200 seconds at Thu Aug 20 15:31:07 UTC 2020
2 ms. Memory: 51200K Free: 32685K (64%)
ptolemy.util.test.WatchDog.cancel(): canceling Thu Aug 20 15:31:07 UTC 2020
------------------ testing $PTII/ptolemy/domains/de/test/auto/DepthTest2.xml
auto.tcl: Setting watchdog for 200 seconds at Thu Aug 20 15:31:07 UTC 2020
3 ms. Memory: 51200K Free: 29940K (58%)
ptolemy.util.test.WatchDog.cancel(): canceling Thu Aug 20 15:31:07 UTC 2020
auto.tcl: Setting watchdog for 200 seconds at Thu Aug 20 15:31:07 UTC 2020
3 ms. Memory: 51200K Free: 29481K (58%)
ptolemy.util.test.WatchDog.cancel(): canceling Thu Aug 20 15:31:07 UTC 2020
------------------ testing $PTII/ptolemy/domains/de/test/auto/DepthTest3.xml
auto.tcl: Setting watchdog for 200 seconds at Thu Aug 20 15:31:07 UTC 2020
7 ms. Memory: 51200K Free: 33493K (65%)
ptolemy.util.test.WatchDog.cancel(): canceling Thu Aug 20 15:31:07 UTC 2020
auto.tcl: Setting watchdog for 200 seconds at Thu Aug 20 15:31:07 UTC 2020
2 ms. Memory: 51200K Free: 33007K (64%)
ptolemy.util.test.WatchDog.cancel(): canceling Thu Aug 20 15:31:07 UTC 2020
------------------ testing $PTII/ptolemy/domains/de/test/auto/DepthTest4.xml
auto.tcl: Setting watchdog for 200 seconds at Thu Aug 20 15:31:07 UTC 2020
3 ms. Memory: 51200K Free: 31220K (61%)
ptolemy.util.test.WatchDog.cancel(): canceling Thu Aug 20 15:31:07 UTC 2020
auto.tcl: Setting watchdog for 200 seconds at Thu Aug 20 15:31:07 UTC 2020
2 ms. Memory: 51200K Free: 30760K (60%)
ptolemy.util.test.WatchDog.cancel(): canceling Thu Aug 20 15:31:07 UTC 2020
------------------ testing $PTII/ptolemy/domains/de/test/auto/DepthTest5.xml
auto.tcl: Setting watchdog for 200 seconds at Thu Aug 20 15:31:07 UTC 2020
3 ms. Memory: 51200K Free: 31178K (61%)
ptolemy.util.test.WatchDog.cancel(): canceling Thu Aug 20 15:31:07 UTC 2020
auto.tcl: Setting watchdog for 200 seconds at Thu Aug 20 15:31:07 UTC 2020
2 ms. Memory: 51200K Free: 30444K (59%)
ptolemy.util.test.WatchDog.cancel(): canceling Thu Aug 20 15:31:07 UTC 2020
------------------ testing $PTII/ptolemy/domains/de/test/auto/DepthTest6.xml
auto.tcl: Setting watchdog for 200 seconds at Thu Aug 20 15:31:07 UTC 2020
4 ms. Memory: 51200K Free: 30629K (60%)
ptolemy.util.test.WatchDog.cancel(): canceling Thu Aug 20 15:31:07 UTC 2020
auto.tcl: Setting watchdog for 200 seconds at Thu Aug 20 15:31:07 UTC 2020
2 ms. Memory: 51200K Free: 29945K (58%)
ptolemy.util.test.WatchDog.cancel(): canceling Thu Aug 20 15:31:07 UTC 2020
------------------ testing $PTII/ptolemy/domains/de/test/auto/DepthTest7.xml
auto.tcl: Setting watchdog for 200 seconds at Thu Aug 20 15:31:07 UTC 2020
3 ms. Memory: 51200K Free: 31443K (61%)
ptolemy.util.test.WatchDog.cancel(): canceling Thu Aug 20 15:31:07 UTC 2020
auto.tcl: Setting watchdog for 200 seconds at Thu Aug 20 15:31:07 UTC 2020
2 ms. Memory: 51200K Free: 30518K (60%)
ptolemy.util.test.WatchDog.cancel(): canceling Thu Aug 20 15:31:07 UTC 2020
------------------ testing $PTII/ptolemy/domains/de/test/auto/EventToDate.xml
auto.tcl: Setting watchdog for 200 seconds at Thu Aug 20 15:31:07 UTC 2020
3005 ms. Memory: 51200K Free: 22449K (44%)
ptolemy.util.test.WatchDog.cancel(): canceling Thu Aug 20 15:31:10 UTC 2020
auto.tcl: Setting watchdog for 200 seconds at Thu Aug 20 15:31:10 UTC 2020
3004 ms. Memory: 51200K Free: 21801K (43%)
ptolemy.util.test.WatchDog.cancel(): canceling Thu Aug 20 15:31:13 UTC 2020
------------------ testing $PTII/ptolemy/domains/de/test/auto/FSM1.xml
auto.tcl: Setting watchdog for 200 seconds at Thu Aug 20 15:31:13 UTC 2020
18 ms. Memory: 51200K Free: 23123K (45%)
ptolemy.util.test.WatchDog.cancel(): canceling Thu Aug 20 15:31:13 UTC 2020
auto.tcl: Setting watchdog for 200 seconds at Thu Aug 20 15:31:13 UTC 2020
17 ms. Memory: 51200K Free: 19981K (39%)
ptolemy.util.test.WatchDog.cancel(): canceling Thu Aug 20 15:31:13 UTC 2020
------------------ testing $PTII/ptolemy/domains/de/test/auto/FSM7.xml
auto.tcl: Setting watchdog for 200 seconds at Thu Aug 20 15:31:13 UTC 2020
23 ms. Memory: 51200K Free: 23351K (46%)
ptolemy.util.test.WatchDog.cancel(): canceling Thu Aug 20 15:31:14 UTC 2020
auto.tcl: Setting watchdog for 200 seconds at Thu Aug 20 15:31:14 UTC 2020
13 ms. Memory: 51200K Free: 20193K (39%)
ptolemy.util.test.WatchDog.cancel(): canceling Thu Aug 20 15:31:14 UTC 2020
------------------ testing $PTII/ptolemy/domains/de/test/auto/Inspection.xml
auto.tcl: Setting watchdog for 200 seconds at Thu Aug 20 15:31:14 UTC 2020
23 ms. Memory: 51200K Free: 23375K (46%)
ptolemy.util.test.WatchDog.cancel(): canceling Thu Aug 20 15:31:14 UTC 2020
auto.tcl: Setting watchdog for 200 seconds at Thu Aug 20 15:31:14 UTC 2020
16 ms. Memory: 51200K Free: 21692K (42%)
ptolemy.util.test.WatchDog.cancel(): canceling Thu Aug 20 15:31:14 UTC 2020
------------------ testing $PTII/ptolemy/domains/de/test/auto/Iteration.xml
auto.tcl: Setting watchdog for 200 seconds at Thu Aug 20 15:31:14 UTC 2020
7 ms. Memory: 51200K Free: 28943K (57%)
ptolemy.util.test.WatchDog.cancel(): canceling Thu Aug 20 15:31:14 UTC 2020
auto.tcl: Setting watchdog for 200 seconds at Thu Aug 20 15:31:14 UTC 2020
6 ms. Memory: 51200K Free: 27754K (54%)
ptolemy.util.test.WatchDog.cancel(): canceling Thu Aug 20 15:31:14 UTC 2020
------------------ testing $PTII/ptolemy/domains/de/test/auto/LineFault.xml
auto.tcl: Setting watchdog for 200 seconds at Thu Aug 20 15:31:14 UTC 2020
656 ms. Memory: 63488K Free: 30536K (48%)
ptolemy.util.test.WatchDog.cancel(): canceling Thu Aug 20 15:31:15 UTC 2020
auto.tcl: Setting watchdog for 200 seconds at Thu Aug 20 15:31:15 UTC 2020
559 ms. Memory: 63488K Free: 32648K (51%)
ptolemy.util.test.WatchDog.cancel(): canceling Thu Aug 20 15:31:15 UTC 2020
------------------ testing $PTII/ptolemy/domains/de/test/auto/MergeModel1Add.xml
auto.tcl: Setting watchdog for 200 seconds at Thu Aug 20 15:31:15 UTC 2020
38 ms. Memory: 58368K Free: 22333K (38%)
ptolemy.util.test.WatchDog.cancel(): canceling Thu Aug 20 15:31:15 UTC 2020
auto.tcl: Setting watchdog for 200 seconds at Thu Aug 20 15:31:15 UTC 2020
15 ms. Memory: 58368K Free: 20738K (36%)
ptolemy.util.test.WatchDog.cancel(): canceling Thu Aug 20 15:31:16 UTC 2020
------------------ testing $PTII/ptolemy/domains/de/test/auto/MergeModel2Add.xml
auto.tcl: Setting watchdog for 200 seconds at Thu Aug 20 15:31:16 UTC 2020
7 ms. Memory: 55296K Free: 21313K (39%)
ptolemy.util.test.WatchDog.cancel(): canceling Thu Aug 20 15:31:16 UTC 2020
auto.tcl: Setting watchdog for 200 seconds at Thu Aug 20 15:31:16 UTC 2020
8 ms. Memory: 55296K Free: 19371K (35%)
ptolemy.util.test.WatchDog.cancel(): canceling Thu Aug 20 15:31:16 UTC 2020
------------------ testing $PTII/ptolemy/domains/de/test/auto/MergeModel3Add.xml
auto.tcl: Setting watchdog for 200 seconds at Thu Aug 20 15:31:16 UTC 2020
8 ms. Memory: 55296K Free: 21252K (38%)
ptolemy.util.test.WatchDog.cancel(): canceling Thu Aug 20 15:31:16 UTC 2020
auto.tcl: Setting watchdog for 200 seconds at Thu Aug 20 15:31:16 UTC 2020
6 ms. Memory: 55296K Free: 19829K (36%)
ptolemy.util.test.WatchDog.cancel(): canceling Thu Aug 20 15:31:16 UTC 2020
------------------ testing $PTII/ptolemy/domains/de/test/auto/MergeWithoutDiscard.xml
auto.tcl: Setting watchdog for 200 seconds at Thu Aug 20 15:31:16 UTC 2020
3 ms. Memory: 55296K Free: 36211K (65%)
ptolemy.util.test.WatchDog.cancel(): canceling Thu Aug 20 15:31:16 UTC 2020
auto.tcl: Setting watchdog for 200 seconds at Thu Aug 20 15:31:16 UTC 2020
1 ms. Memory: 55296K Free: 35738K (65%)
ptolemy.util.test.WatchDog.cancel(): canceling Thu Aug 20 15:31:16 UTC 2020
------------------ testing $PTII/ptolemy/domains/de/test/auto/Modal1.xml
auto.tcl: Setting watchdog for 200 seconds at Thu Aug 20 15:31:16 UTC 2020
12 ms. Memory: 51200K Free: 23705K (46%)
ptolemy.util.test.WatchDog.cancel(): canceling Thu Aug 20 15:31:16 UTC 2020
auto.tcl: Setting watchdog for 200 seconds at Thu Aug 20 15:31:16 UTC 2020
23 ms. Memory: 51200K Free: 20223K (39%)
ptolemy.util.test.WatchDog.cancel(): canceling Thu Aug 20 15:31:16 UTC 2020
------------------ testing $PTII/ptolemy/domains/de/test/auto/Modal2.xml
auto.tcl: Setting watchdog for 200 seconds at Thu Aug 20 15:31:16 UTC 2020
10 ms. Memory: 51200K Free: 23852K (47%)
ptolemy.util.test.WatchDog.cancel(): canceling Thu Aug 20 15:31:16 UTC 2020
auto.tcl: Setting watchdog for 200 seconds at Thu Aug 20 15:31:16 UTC 2020
15 ms. Memory: 51200K Free: 20604K (40%)
ptolemy.util.test.WatchDog.cancel(): canceling Thu Aug 20 15:31:16 UTC 2020
------------------ testing $PTII/ptolemy/domains/de/test/auto/Modal3.xml
auto.tcl: Setting watchdog for 200 seconds at Thu Aug 20 15:31:16 UTC 2020
13 ms. Memory: 51200K Free: 23811K (47%)
ptolemy.util.test.WatchDog.cancel(): canceling Thu Aug 20 15:31:16 UTC 2020
auto.tcl: Setting watchdog for 200 seconds at Thu Aug 20 15:31:16 UTC 2020
12 ms. Memory: 51200K Free: 20578K (40%)
ptolemy.util.test.WatchDog.cancel(): canceling Thu Aug 20 15:31:16 UTC 2020
------------------ testing $PTII/ptolemy/domains/de/test/auto/Modal4.xml
auto.tcl: Setting watchdog for 200 seconds at Thu Aug 20 15:31:16 UTC 2020
25 ms. Memory: 51200K Free: 22561K (44%)
ptolemy.util.test.WatchDog.cancel(): canceling Thu Aug 20 15:31:16 UTC 2020
auto.tcl: Setting watchdog for 200 seconds at Thu Aug 20 15:31:16 UTC 2020
16 ms. Memory: 51200K Free: 18581K (36%)
ptolemy.util.test.WatchDog.cancel(): canceling Thu Aug 20 15:31:16 UTC 2020
------------------ testing $PTII/ptolemy/domains/de/test/auto/Modal5.xml
auto.tcl: Setting watchdog for 200 seconds at Thu Aug 20 15:31:16 UTC 2020
12 ms. Memory: 51200K Free: 22796K (45%)
ptolemy.util.test.WatchDog.cancel(): canceling Thu Aug 20 15:31:16 UTC 2020
auto.tcl: Setting watchdog for 200 seconds at Thu Aug 20 15:31:16 UTC 2020
22 ms. Memory: 51200K Free: 18972K (37%)
ptolemy.util.test.WatchDog.cancel(): canceling Thu Aug 20 15:31:16 UTC 2020
------------------ testing $PTII/ptolemy/domains/de/test/auto/Modal6.xml
auto.tcl: Setting watchdog for 200 seconds at Thu Aug 20 15:31:16 UTC 2020
17 ms. Memory: 51200K Free: 23066K (45%)
ptolemy.util.test.WatchDog.cancel(): canceling Thu Aug 20 15:31:16 UTC 2020
auto.tcl: Setting watchdog for 200 seconds at Thu Aug 20 15:31:16 UTC 2020
18 ms. Memory: 51200K Free: 19172K (37%)
ptolemy.util.test.WatchDog.cancel(): canceling Thu Aug 20 15:31:16 UTC 2020
------------------ testing $PTII/ptolemy/domains/de/test/auto/Modal7.xml
auto.tcl: Setting watchdog for 200 seconds at Thu Aug 20 15:31:16 UTC 2020
16 ms. Memory: 51200K Free: 22553K (44%)
ptolemy.util.test.WatchDog.cancel(): canceling Thu Aug 20 15:31:17 UTC 2020
auto.tcl: Setting watchdog for 200 seconds at Thu Aug 20 15:31:17 UTC 2020
11 ms. Memory: 51200K Free: 19186K (37%)
ptolemy.util.test.WatchDog.cancel(): canceling Thu Aug 20 15:31:17 UTC 2020
------------------ testing $PTII/ptolemy/domains/de/test/auto/ModalModel.xml
auto.tcl: Setting watchdog for 200 seconds at Thu Aug 20 15:31:17 UTC 2020
206 ms. Memory: 51200K Free: 16997K (33%)
ptolemy.util.test.WatchDog.cancel(): canceling Thu Aug 20 15:31:17 UTC 2020
auto.tcl: Setting watchdog for 200 seconds at Thu Aug 20 15:31:17 UTC 2020
200 ms. Memory: 61440K Free: 24753K (40%)
ptolemy.util.test.WatchDog.cancel(): canceling Thu Aug 20 15:31:17 UTC 2020
------------------ testing $PTII/ptolemy/domains/de/test/auto/ModalSource.xml
auto.tcl: Setting watchdog for 200 seconds at Thu Aug 20 15:31:17 UTC 2020
7 ms. Memory: 55296K Free: 31213K (56%)
ptolemy.util.test.WatchDog.cancel(): canceling Thu Aug 20 15:31:17 UTC 2020
auto.tcl: Setting watchdog for 200 seconds at Thu Aug 20 15:31:17 UTC 2020
6 ms. Memory: 55296K Free: 29227K (53%)
ptolemy.util.test.WatchDog.cancel(): canceling Thu Aug 20 15:31:17 UTC 2020
------------------ testing $PTII/ptolemy/domains/de/test/auto/NonInterruptibleTimerZeroDelay.xml
auto.tcl: Setting watchdog for 200 seconds at Thu Aug 20 15:31:17 UTC 2020
4 ms. Memory: 55296K Free: 36599K (66%)
ptolemy.util.test.WatchDog.cancel(): canceling Thu Aug 20 15:31:17 UTC 2020
auto.tcl: Setting watchdog for 200 seconds at Thu Aug 20 15:31:17 UTC 2020
2 ms. Memory: 55296K Free: 36009K (65%)
ptolemy.util.test.WatchDog.cancel(): canceling Thu Aug 20 15:31:17 UTC 2020
------------------ testing $PTII/ptolemy/domains/de/test/auto/OpenQueueingNetwork.xml
auto.tcl: Setting watchdog for 200 seconds at Thu Aug 20 15:31:17 UTC 2020
2780 ms. Memory: 96256K Free: 35375K (37%)
ptolemy.util.test.WatchDog.cancel(): canceling Thu Aug 20 15:31:20 UTC 2020
auto.tcl: Setting watchdog for 200 seconds at Thu Aug 20 15:31:20 UTC 2020
2381 ms. Memory: 115712K Free: 78220K (68%)
ptolemy.util.test.WatchDog.cancel(): canceling Thu Aug 20 15:31:23 UTC 2020
------------------ testing $PTII/ptolemy/domains/de/test/auto/OpenQueuingNetwork.xml
auto.tcl: Setting watchdog for 200 seconds at Thu Aug 20 15:31:23 UTC 2020
239 ms. Memory: 70656K Free: 44013K (62%)
ptolemy.util.test.WatchDog.cancel(): canceling Thu Aug 20 15:31:23 UTC 2020
auto.tcl: Setting watchdog for 200 seconds at Thu Aug 20 15:31:23 UTC 2020
227 ms. Memory: 70656K Free: 32171K (46%)
ptolemy.util.test.WatchDog.cancel(): canceling Thu Aug 20 15:31:23 UTC 2020
------------------ testing $PTII/ptolemy/domains/de/test/auto/PeriodicSampler.xml
auto.tcl: Setting watchdog for 200 seconds at Thu Aug 20 15:31:23 UTC 2020
3 ms. Memory: 55296K Free: 35878K (65%)
ptolemy.util.test.WatchDog.cancel(): canceling Thu Aug 20 15:31:23 UTC 2020
auto.tcl: Setting watchdog for 200 seconds at Thu Aug 20 15:31:23 UTC 2020
2 ms. Memory: 55296K Free: 35364K (64%)
ptolemy.util.test.WatchDog.cancel(): canceling Thu Aug 20 15:31:23 UTC 2020
------------------ testing $PTII/ptolemy/domains/de/test/auto/PersistentIO.xml
auto.tcl: Setting watchdog for 200 seconds at Thu Aug 20 15:31:23 UTC 2020
18 ms. Memory: 55296K Free: 30802K (56%)
ptolemy.util.test.WatchDog.cancel(): canceling Thu Aug 20 15:31:23 UTC 2020
auto.tcl: Setting watchdog for 200 seconds at Thu Aug 20 15:31:23 UTC 2020
4 ms. Memory: 55296K Free: 29282K (53%)
ptolemy.util.test.WatchDog.cancel(): canceling Thu Aug 20 15:31:23 UTC 2020
------------------ testing $PTII/ptolemy/domains/de/test/auto/PortParameterResetOnInitialize.xml
auto.tcl: Setting watchdog for 200 seconds at Thu Aug 20 15:31:23 UTC 2020
8 ms. Memory: 55296K Free: 35797K (65%)
ptolemy.util.test.WatchDog.cancel(): canceling Thu Aug 20 15:31:23 UTC 2020
auto.tcl: Setting watchdog for 200 seconds at Thu Aug 20 15:31:23 UTC 2020
2 ms. Memory: 55296K Free: 35290K (64%)
ptolemy.util.test.WatchDog.cancel(): canceling Thu Aug 20 15:31:23 UTC 2020
------------------ testing $PTII/ptolemy/domains/de/test/auto/PortParameterUpdates.xml
auto.tcl: Setting watchdog for 200 seconds at Thu Aug 20 15:31:23 UTC 2020
4 ms. Memory: 55296K Free: 34064K (62%)
ptolemy.util.test.WatchDog.cancel(): canceling Thu Aug 20 15:31:23 UTC 2020
auto.tcl: Setting watchdog for 200 seconds at Thu Aug 20 15:31:23 UTC 2020
3 ms. Memory: 55296K Free: 32845K (59%)
ptolemy.util.test.WatchDog.cancel(): canceling Thu Aug 20 15:31:23 UTC 2020
------------------ testing $PTII/ptolemy/domains/de/test/auto/QueueAndServer.xml
auto.tcl: Setting watchdog for 200 seconds at Thu Aug 20 15:31:23 UTC 2020
5 ms. Memory: 55296K Free: 32824K (59%)
ptolemy.util.test.WatchDog.cancel(): canceling Thu Aug 20 15:31:23 UTC 2020
auto.tcl: Setting watchdog for 200 seconds at Thu Aug 20 15:31:23 UTC 2020
6 ms. Memory: 55296K Free: 31290K (57%)
ptolemy.util.test.WatchDog.cancel(): canceling Thu Aug 20 15:31:23 UTC 2020
------------------ testing $PTII/ptolemy/domains/de/test/auto/Records.xml
auto.tcl: Setting watchdog for 200 seconds at Thu Aug 20 15:31:24 UTC 2020
6 ms. Memory: 51200K Free: 30934K (60%)
ptolemy.util.test.WatchDog.cancel(): canceling Thu Aug 20 15:31:24 UTC 2020
auto.tcl: Setting watchdog for 200 seconds at Thu Aug 20 15:31:24 UTC 2020
5 ms. Memory: 51200K Free: 30422K (59%)
ptolemy.util.test.WatchDog.cancel(): canceling Thu Aug 20 15:31:24 UTC 2020
------------------ testing $PTII/ptolemy/domains/de/test/auto/ResetTransitionWithStartTime1.xml
auto.tcl: Setting watchdog for 200 seconds at Thu Aug 20 15:31:24 UTC 2020
14 ms. Memory: 51200K Free: 28191K (55%)
ptolemy.util.test.WatchDog.cancel(): canceling Thu Aug 20 15:31:24 UTC 2020
auto.tcl: Setting watchdog for 200 seconds at Thu Aug 20 15:31:24 UTC 2020
5 ms. Memory: 51200K Free: 26143K (51%)
ptolemy.util.test.WatchDog.cancel(): canceling Thu Aug 20 15:31:24 UTC 2020
------------------ testing $PTII/ptolemy/domains/de/test/auto/ResetTransitionWithStartTime2.xml
auto.tcl: Setting watchdog for 200 seconds at Thu Aug 20 15:31:24 UTC 2020
6 ms. Memory: 51200K Free: 28146K (55%)
ptolemy.util.test.WatchDog.cancel(): canceling Thu Aug 20 15:31:24 UTC 2020
auto.tcl: Setting watchdog for 200 seconds at Thu Aug 20 15:31:24 UTC 2020
6 ms. Memory: 51200K Free: 26098K (51%)
ptolemy.util.test.WatchDog.cancel(): canceling Thu Aug 20 15:31:24 UTC 2020
------------------ testing $PTII/ptolemy/domains/de/test/auto/ResetTransitionWithStartTime3.xml
auto.tcl: Setting watchdog for 200 seconds at Thu Aug 20 15:31:24 UTC 2020
10 ms. Memory: 51200K Free: 28182K (55%)
ptolemy.util.test.WatchDog.cancel(): canceling Thu Aug 20 15:31:24 UTC 2020
auto.tcl: Setting watchdog for 200 seconds at Thu Aug 20 15:31:24 UTC 2020
7 ms. Memory: 51200K Free: 26097K (51%)
ptolemy.util.test.WatchDog.cancel(): canceling Thu Aug 20 15:31:24 UTC 2020
------------------ testing $PTII/ptolemy/domains/de/test/auto/ResetTransitionWithStartTime4.xml
auto.tcl: Setting watchdog for 200 seconds at Thu Aug 20 15:31:24 UTC 2020
10 ms. Memory: 51200K Free: 28592K (56%)
ptolemy.util.test.WatchDog.cancel(): canceling Thu Aug 20 15:31:24 UTC 2020
auto.tcl: Setting watchdog for 200 seconds at Thu Aug 20 15:31:24 UTC 2020
3 ms. Memory: 51200K Free: 27120K (53%)
ptolemy.util.test.WatchDog.cancel(): canceling Thu Aug 20 15:31:24 UTC 2020
------------------ testing $PTII/ptolemy/domains/de/test/auto/ResettableTimer1.xml
auto.tcl: Setting watchdog for 200 seconds at Thu Aug 20 15:31:24 UTC 2020
2 ms. Memory: 51200K Free: 32360K (63%)
ptolemy.util.test.WatchDog.cancel(): canceling Thu Aug 20 15:31:24 UTC 2020
auto.tcl: Setting watchdog for 200 seconds at Thu Aug 20 15:31:24 UTC 2020
2 ms. Memory: 51200K Free: 31679K (62%)
ptolemy.util.test.WatchDog.cancel(): canceling Thu Aug 20 15:31:24 UTC 2020
------------------ testing $PTII/ptolemy/domains/de/test/auto/ResettableTimer2.xml
auto.tcl: Setting watchdog for 200 seconds at Thu Aug 20 15:31:24 UTC 2020
3 ms. Memory: 51200K Free: 32415K (63%)
ptolemy.util.test.WatchDog.cancel(): canceling Thu Aug 20 15:31:24 UTC 2020
auto.tcl: Setting watchdog for 200 seconds at Thu Aug 20 15:31:24 UTC 2020
2 ms. Memory: 51200K Free: 31765K (62%)
ptolemy.util.test.WatchDog.cancel(): canceling Thu Aug 20 15:31:24 UTC 2020
------------------ testing $PTII/ptolemy/domains/de/test/auto/ResettableTimer3.xml
auto.tcl: Setting watchdog for 200 seconds at Thu Aug 20 15:31:24 UTC 2020
1 ms. Memory: 51200K Free: 32277K (63%)
ptolemy.util.test.WatchDog.cancel(): canceling Thu Aug 20 15:31:24 UTC 2020
auto.tcl: Setting watchdog for 200 seconds at Thu Aug 20 15:31:24 UTC 2020
1 ms. Memory: 51200K Free: 32277K (63%)
ptolemy.util.test.WatchDog.cancel(): canceling Thu Aug 20 15:31:24 UTC 2020
------------------ testing $PTII/ptolemy/domains/de/test/auto/ResettableTimer4.xml
auto.tcl: Setting watchdog for 200 seconds at Thu Aug 20 15:31:24 UTC 2020
2 ms. Memory: 51200K Free: 32291K (63%)
ptolemy.util.test.WatchDog.cancel(): canceling Thu Aug 20 15:31:24 UTC 2020
auto.tcl: Setting watchdog for 200 seconds at Thu Aug 20 15:31:24 UTC 2020
1 ms. Memory: 51200K Free: 31778K (62%)
ptolemy.util.test.WatchDog.cancel(): canceling Thu Aug 20 15:31:24 UTC 2020
------------------ testing $PTII/ptolemy/domains/de/test/auto/ResettableTimer5.xml
auto.tcl: Setting watchdog for 200 seconds at Thu Aug 20 15:31:24 UTC 2020
1 ms. Memory: 51200K Free: 31775K (62%)
ptolemy.util.test.WatchDog.cancel(): canceling Thu Aug 20 15:31:24 UTC 2020
auto.tcl: Setting watchdog for 200 seconds at Thu Aug 20 15:31:24 UTC 2020
2 ms. Memory: 51200K Free: 31265K (61%)
ptolemy.util.test.WatchDog.cancel(): canceling Thu Aug 20 15:31:24 UTC 2020
------------------ testing $PTII/ptolemy/domains/de/test/auto/ResettableTimer6.xml
auto.tcl: Setting watchdog for 200 seconds at Thu Aug 20 15:31:24 UTC 2020
1 ms. Memory: 51200K Free: 31765K (62%)
ptolemy.util.test.WatchDog.cancel(): canceling Thu Aug 20 15:31:24 UTC 2020
auto.tcl: Setting watchdog for 200 seconds at Thu Aug 20 15:31:24 UTC 2020
1 ms. Memory: 51200K Free: 31255K (61%)
ptolemy.util.test.WatchDog.cancel(): canceling Thu Aug 20 15:31:24 UTC 2020
------------------ testing $PTII/ptolemy/domains/de/test/auto/ServerZeroDelay.xml
auto.tcl: Setting watchdog for 200 seconds at Thu Aug 20 15:31:24 UTC 2020
5 ms. Memory: 51200K Free: 32271K (63%)
ptolemy.util.test.WatchDog.cancel(): canceling Thu Aug 20 15:31:24 UTC 2020
auto.tcl: Setting watchdog for 200 seconds at Thu Aug 20 15:31:24 UTC 2020
2 ms. Memory: 51200K Free: 31247K (61%)
ptolemy.util.test.WatchDog.cancel(): canceling Thu Aug 20 15:31:24 UTC 2020
------------------ testing $PTII/ptolemy/domains/de/test/auto/SmartSender.xml
auto.tcl: Setting watchdog for 200 seconds at Thu Aug 20 15:31:24 UTC 2020
3001 ms. Memory: 51200K Free: 32265K (63%)
ptolemy.util.test.WatchDog.cancel(): canceling Thu Aug 20 15:31:27 UTC 2020
auto.tcl: Setting watchdog for 200 seconds at Thu Aug 20 15:31:27 UTC 2020
3001 ms. Memory: 51200K Free: 31739K (62%)
ptolemy.util.test.WatchDog.cancel(): canceling Thu Aug 20 15:31:30 UTC 2020
------------------ testing $PTII/ptolemy/domains/de/test/auto/ThreadedComposite.xml
auto.tcl: Setting watchdog for 200 seconds at Thu Aug 20 15:31:30 UTC 2020
278 ms. Memory: 51200K Free: 9237K (18%)
ptolemy.util.test.WatchDog.cancel(): canceling Thu Aug 20 15:31:31 UTC 2020
auto.tcl: Setting watchdog for 200 seconds at Thu Aug 20 15:31:31 UTC 2020
215 ms. Memory: 51200K Free: 20270K (40%)
ptolemy.util.test.WatchDog.cancel(): canceling Thu Aug 20 15:31:31 UTC 2020
------------------ testing $PTII/ptolemy/domains/de/test/auto/Time.xml
auto.tcl: Setting watchdog for 200 seconds at Thu Aug 20 15:31:31 UTC 2020
497 ms. Memory: 51200K Free: 33910K (66%)
ptolemy.util.test.WatchDog.cancel(): canceling Thu Aug 20 15:31:32 UTC 2020
auto.tcl: Setting watchdog for 200 seconds at Thu Aug 20 15:31:32 UTC 2020
494 ms. Memory: 51200K Free: 35120K (69%)
ptolemy.util.test.WatchDog.cancel(): canceling Thu Aug 20 15:31:32 UTC 2020
------------------ testing $PTII/ptolemy/domains/de/test/auto/TimeDelayZeroDelay.xml
auto.tcl: Setting watchdog for 200 seconds at Thu Aug 20 15:31:32 UTC 2020
3 ms. Memory: 51200K Free: 32195K (63%)
ptolemy.util.test.WatchDog.cancel(): canceling Thu Aug 20 15:31:32 UTC 2020
auto.tcl: Setting watchdog for 200 seconds at Thu Aug 20 15:31:32 UTC 2020
3 ms. Memory: 51200K Free: 31344K (61%)
ptolemy.util.test.WatchDog.cancel(): canceling Thu Aug 20 15:31:32 UTC 2020
------------------ testing $PTII/ptolemy/domains/de/test/auto/TimerZeroDelay.xml
auto.tcl: Setting watchdog for 200 seconds at Thu Aug 20 15:31:32 UTC 2020
3 ms. Memory: 51200K Free: 32238K (63%)
ptolemy.util.test.WatchDog.cancel(): canceling Thu Aug 20 15:31:32 UTC 2020
auto.tcl: Setting watchdog for 200 seconds at Thu Aug 20 15:31:32 UTC 2020
2 ms. Memory: 51200K Free: 31797K (62%)
ptolemy.util.test.WatchDog.cancel(): canceling Thu Aug 20 15:31:32 UTC 2020
------------------ testing $PTII/ptolemy/domains/de/test/auto/TimingParadox.xml
auto.tcl: Setting watchdog for 200 seconds at Thu Aug 20 15:31:32 UTC 2020
377 ms. Memory: 51200K Free: 19342K (38%)
ptolemy.util.test.WatchDog.cancel(): canceling Thu Aug 20 15:31:33 UTC 2020
auto.tcl: Setting watchdog for 200 seconds at Thu Aug 20 15:31:33 UTC 2020
348 ms. Memory: 61440K Free: 19750K (32%)
ptolemy.util.test.WatchDog.cancel(): canceling Thu Aug 20 15:31:33 UTC 2020
------------------ testing $PTII/ptolemy/domains/de/test/auto/TransferInputs.xml
auto.tcl: Setting watchdog for 200 seconds at Thu Aug 20 15:31:33 UTC 2020
2 ms. Memory: 58368K Free: 37882K (65%)
ptolemy.util.test.WatchDog.cancel(): canceling Thu Aug 20 15:31:33 UTC 2020
auto.tcl: Setting watchdog for 200 seconds at Thu Aug 20 15:31:33 UTC 2020
2 ms. Memory: 58368K Free: 36944K (63%)
ptolemy.util.test.WatchDog.cancel(): canceling Thu Aug 20 15:31:33 UTC 2020
------------------ testing $PTII/ptolemy/domains/de/test/auto/TransferOutputs2.xml
auto.tcl: Setting watchdog for 200 seconds at Thu Aug 20 15:31:33 UTC 2020
3 ms. Memory: 51200K Free: 28148K (55%)
ptolemy.util.test.WatchDog.cancel(): canceling Thu Aug 20 15:31:33 UTC 2020
auto.tcl: Setting watchdog for 200 seconds at Thu Aug 20 15:31:33 UTC 2020
3 ms. Memory: 51200K Free: 26732K (52%)
ptolemy.util.test.WatchDog.cancel(): canceling Thu Aug 20 15:31:33 UTC 2020
------------------ testing $PTII/ptolemy/domains/de/test/auto/Trilateration.xml
auto.tcl: Setting watchdog for 200 seconds at Thu Aug 20 15:31:33 UTC 2020
12739 ms. Memory: 435200K Free: 369869K (85%)
ptolemy.util.test.WatchDog.cancel(): canceling Thu Aug 20 15:31:47 UTC 2020
auto.tcl: Setting watchdog for 200 seconds at Thu Aug 20 15:31:47 UTC 2020
8980 ms. Memory: 435200K Free: 329814K (76%)
ptolemy.util.test.WatchDog.cancel(): canceling Thu Aug 20 15:31:56 UTC 2020
------------------ testing $PTII/ptolemy/domains/de/test/auto/TwoSigmaDelta.xml
auto.tcl: Setting watchdog for 200 seconds at Thu Aug 20 15:31:56 UTC 2020
2732 ms. Memory: 92160K Free: 19659K (21%)
ptolemy.util.test.WatchDog.cancel(): canceling Thu Aug 20 15:31:59 UTC 2020
auto.tcl: Setting watchdog for 200 seconds at Thu Aug 20 15:31:59 UTC 2020
2117 ms. Memory: 92160K Free: 13494K (15%)
ptolemy.util.test.WatchDog.cancel(): canceling Thu Aug 20 15:32:01 UTC 2020
------------------ testing $PTII/ptolemy/domains/de/test/auto/VariableDelay.xml
auto.tcl: Setting watchdog for 200 seconds at Thu Aug 20 15:32:01 UTC 2020
3 ms. Memory: 55296K Free: 35280K (64%)
ptolemy.util.test.WatchDog.cancel(): canceling Thu Aug 20 15:32:01 UTC 2020
auto.tcl: Setting watchdog for 200 seconds at Thu Aug 20 15:32:01 UTC 2020
2 ms. Memory: 55296K Free: 34286K (62%)
ptolemy.util.test.WatchDog.cancel(): canceling Thu Aug 20 15:32:01 UTC 2020
------------------ testing $PTII/ptolemy/domains/de/test/auto/VariableDelay2.xml
auto.tcl: Setting watchdog for 200 seconds at Thu Aug 20 15:32:01 UTC 2020
2 ms. Memory: 55296K Free: 35889K (65%)
ptolemy.util.test.WatchDog.cancel(): canceling Thu Aug 20 15:32:01 UTC 2020
auto.tcl: Setting watchdog for 200 seconds at Thu Aug 20 15:32:01 UTC 2020
1 ms. Memory: 55296K Free: 35361K (64%)
ptolemy.util.test.WatchDog.cancel(): canceling Thu Aug 20 15:32:01 UTC 2020
------------------ testing $PTII/ptolemy/domains/de/test/auto/VariableDelayZeroDelay.xml
auto.tcl: Setting watchdog for 200 seconds at Thu Aug 20 15:32:01 UTC 2020
2 ms. Memory: 55296K Free: 36222K (66%)
ptolemy.util.test.WatchDog.cancel(): canceling Thu Aug 20 15:32:01 UTC 2020
auto.tcl: Setting watchdog for 200 seconds at Thu Aug 20 15:32:01 UTC 2020
1 ms. Memory: 55296K Free: 35678K (65%)
ptolemy.util.test.WatchDog.cancel(): canceling Thu Aug 20 15:32:01 UTC 2020
------------------ testing $PTII/ptolemy/domains/de/test/auto/VariableDelayZeroDelay2.xml
auto.tcl: Setting watchdog for 200 seconds at Thu Aug 20 15:32:01 UTC 2020
3 ms. Memory: 55296K Free: 36221K (66%)
ptolemy.util.test.WatchDog.cancel(): canceling Thu Aug 20 15:32:01 UTC 2020
auto.tcl: Setting watchdog for 200 seconds at Thu Aug 20 15:32:01 UTC 2020
2 ms. Memory: 55296K Free: 35197K (64%)
ptolemy.util.test.WatchDog.cancel(): canceling Thu Aug 20 15:32:01 UTC 2020
------------------ testing $PTII/ptolemy/domains/de/test/auto/deInCt.xml
auto.tcl: Setting watchdog for 200 seconds at Thu Aug 20 15:32:01 UTC 2020
0
1
1
1
1
0
0
0
1
1
1
1
0
0
0
1
1
1
0
0
0
1
1
1
1
0
0
0
1
1
1
1
1
1
12 ms. Memory: 55296K Free: 35194K (64%)
ptolemy.util.test.WatchDog.cancel(): canceling Thu Aug 20 15:32:01 UTC 2020
auto.tcl: Setting watchdog for 200 seconds at Thu Aug 20 15:32:01 UTC 2020
0
1
1
1
0
0
0
0
0
0
0
0
1
1
0
0
0
0
0
1
1
1
1
1
8 ms. Memory: 55296K Free: 33656K (61%)
ptolemy.util.test.WatchDog.cancel(): canceling Thu Aug 20 15:32:01 UTC 2020
------------------ testing $PTII/ptolemy/domains/de/test/auto/deInCt2.xml
auto.tcl: Setting watchdog for 200 seconds at Thu Aug 20 15:32:01 UTC 2020
0
1
1
1
0
0
1
1
1
0
0
1
1
1
0
0
1
1
1
0
0
1
1
1
0
0
1
1
1
0
0
1
1
1
0
0
1
1
1
0
0
0
10 ms. Memory: 51200K Free: 31100K (61%)
ptolemy.util.test.WatchDog.cancel(): canceling Thu Aug 20 15:32:01 UTC 2020
auto.tcl: Setting watchdog for 200 seconds at Thu Aug 20 15:32:01 UTC 2020
0
1
1
1
0
0
1
1
1
0
0
1
1
1
0
0
1
1
1
0
0
1
1
1
0
0
1
1
1
0
0
1
1
1
0
0
1
1
1
0
0
0
10 ms. Memory: 51200K Free: 29548K (58%)
ptolemy.util.test.WatchDog.cancel(): canceling Thu Aug 20 15:32:01 UTC 2020
------------------ testing $PTII/ptolemy/domains/de/test/auto/dynamicCausalityInterface1.xml
auto.tcl: Setting watchdog for 200 seconds at Thu Aug 20 15:32:01 UTC 2020
2 ms. Memory: 51200K Free: 26999K (53%)
ptolemy.util.test.WatchDog.cancel(): canceling Thu Aug 20 15:32:02 UTC 2020
auto.tcl: Setting watchdog for 200 seconds at Thu Aug 20 15:32:02 UTC 2020
1 ms. Memory: 51200K Free: 26497K (52%)
ptolemy.util.test.WatchDog.cancel(): canceling Thu Aug 20 15:32:02 UTC 2020
------------------ testing $PTII/ptolemy/domains/de/test/auto/fsm_de_test.xml
auto.tcl: Setting watchdog for 200 seconds at Thu Aug 20 15:32:02 UTC 2020
6 ms. Memory: 51200K Free: 26897K (53%)
ptolemy.util.test.WatchDog.cancel(): canceling Thu Aug 20 15:32:02 UTC 2020
auto.tcl: Setting watchdog for 200 seconds at Thu Aug 20 15:32:02 UTC 2020
5 ms. Memory: 51200K Free: 24849K (49%)
ptolemy.util.test.WatchDog.cancel(): canceling Thu Aug 20 15:32:02 UTC 2020
------------------ testing $PTII/ptolemy/domains/de/test/auto/functionDependencyReconstruction.xml
auto.tcl: Setting watchdog for 200 seconds at Thu Aug 20 15:32:02 UTC 2020
2 ms. Memory: 51200K Free: 20743K (41%)
ptolemy.util.test.WatchDog.cancel(): canceling Thu Aug 20 15:32:02 UTC 2020
auto.tcl: Setting watchdog for 200 seconds at Thu Aug 20 15:32:02 UTC 2020
2 ms. Memory: 51200K Free: 18695K (37%)
ptolemy.util.test.WatchDog.cancel(): canceling Thu Aug 20 15:32:02 UTC 2020
------------------ testing $PTII/ptolemy/domains/de/test/auto/multirate.xml
auto.tcl: Setting watchdog for 200 seconds at Thu Aug 20 15:32:02 UTC 2020
3 ms. Memory: 51200K Free: 29522K (58%)
ptolemy.util.test.WatchDog.cancel(): canceling Thu Aug 20 15:32:02 UTC 2020
auto.tcl: Setting watchdog for 200 seconds at Thu Aug 20 15:32:02 UTC 2020
4 ms. Memory: 51200K Free: 27794K (54%)
ptolemy.util.test.WatchDog.cancel(): canceling Thu Aug 20 15:32:02 UTC 2020
------------------ testing $PTII/ptolemy/domains/de/test/auto/multirate2.xml
auto.tcl: Setting watchdog for 200 seconds at Thu Aug 20 15:32:02 UTC 2020
3 ms. Memory: 51200K Free: 29692K (58%)
ptolemy.util.test.WatchDog.cancel(): canceling Thu Aug 20 15:32:02 UTC 2020
auto.tcl: Setting watchdog for 200 seconds at Thu Aug 20 15:32:02 UTC 2020
3 ms. Memory: 51200K Free: 27973K (55%)
ptolemy.util.test.WatchDog.cancel(): canceling Thu Aug 20 15:32:02 UTC 2020
------------------ testing $PTII/ptolemy/domains/de/test/auto/realtime.xml
auto.tcl: Setting watchdog for 200 seconds at Thu Aug 20 15:32:02 UTC 2020
10002 ms. Memory: 51200K Free: 31768K (62%)
ptolemy.util.test.WatchDog.cancel(): canceling Thu Aug 20 15:32:12 UTC 2020
auto.tcl: Setting watchdog for 200 seconds at Thu Aug 20 15:32:12 UTC 2020
10002 ms. Memory: 51200K Free: 31043K (61%)
ptolemy.util.test.WatchDog.cancel(): canceling Thu Aug 20 15:32:22 UTC 2020
------------------ testing $PTII/ptolemy/domains/de/test/auto/relationGroup.xml
auto.tcl: Setting watchdog for 200 seconds at Thu Aug 20 15:32:22 UTC 2020
2 ms. Memory: 51200K Free: 32858K (64%)
ptolemy.util.test.WatchDog.cancel(): canceling Thu Aug 20 15:32:22 UTC 2020
auto.tcl: Setting watchdog for 200 seconds at Thu Aug 20 15:32:22 UTC 2020
2 ms. Memory: 51200K Free: 32123K (63%)
ptolemy.util.test.WatchDog.cancel(): canceling Thu Aug 20 15:32:22 UTC 2020
------------------ testing $PTII/ptolemy/domains/de/test/auto/relationGroup2.xml
auto.tcl: Setting watchdog for 200 seconds at Thu Aug 20 15:32:22 UTC 2020
2 ms. Memory: 51200K Free: 32884K (64%)
ptolemy.util.test.WatchDog.cancel(): canceling Thu Aug 20 15:32:22 UTC 2020
auto.tcl: Setting watchdog for 200 seconds at Thu Aug 20 15:32:22 UTC 2020
1 ms. Memory: 51200K Free: 32380K (63%)
ptolemy.util.test.WatchDog.cancel(): canceling Thu Aug 20 15:32:22 UTC 2020
------------------ testing $PTII/ptolemy/domains/de/test/auto/sortWithOpaquePorts.xml
auto.tcl: Setting watchdog for 200 seconds at Thu Aug 20 15:32:22 UTC 2020
2 ms. Memory: 51200K Free: 31860K (62%)
ptolemy.util.test.WatchDog.cancel(): canceling Thu Aug 20 15:32:22 UTC 2020
auto.tcl: Setting watchdog for 200 seconds at Thu Aug 20 15:32:22 UTC 2020
2 ms. Memory: 51200K Free: 30613K (60%)
ptolemy.util.test.WatchDog.cancel(): canceling Thu Aug 20 15:32:22 UTC 2020
------------------ testing $PTII/ptolemy/domains/de/test/auto/transferInputsandOutputs.xml
auto.tcl: Setting watchdog for 200 seconds at Thu Aug 20 15:32:22 UTC 2020
4 ms. Memory: 51200K Free: 29065K (57%)
ptolemy.util.test.WatchDog.cancel(): canceling Thu Aug 20 15:32:22 UTC 2020
auto.tcl: Setting watchdog for 200 seconds at Thu Aug 20 15:32:22 UTC 2020
2 ms. Memory: 51200K Free: 28056K (55%)
ptolemy.util.test.WatchDog.cancel(): canceling Thu Aug 20 15:32:22 UTC 2020
------------------ testing $PTII/ptolemy/domains/de/test/auto/triggerType.xml
auto.tcl: Setting watchdog for 200 seconds at Thu Aug 20 15:32:22 UTC 2020
2 ms. Memory: 51200K Free: 32090K (63%)
ptolemy.util.test.WatchDog.cancel(): canceling Thu Aug 20 15:32:22 UTC 2020
auto.tcl: Setting watchdog for 200 seconds at Thu Aug 20 15:32:22 UTC 2020
2 ms. Memory: 51200K Free: 31066K (61%)
ptolemy.util.test.WatchDog.cancel(): canceling Thu Aug 20 15:32:22 UTC 2020
08/20/20 03:32:22
Failed: 0  Total Tests: 192  ((Passed: 187, Newly Passed: 1)  Known Failed: 5) /home/travis/build/icyphy/ptII/ptolemy/domains/de/test
08/20/20 03:32:22
Failed: 0  Total Tests: 192  ((Passed: 187, Newly Passed: 1)  Known Failed: 5) /home/travis/build/icyphy/ptII/ptolemy/domains/de/test
----------------- testing (KnownFailure) /home/travis/build/icyphy/ptII/ptolemy/domains/de/test/auto/knownFailedTests/DESDFClockTest.xml
2012 ms. Memory: 51200K Free: 24975K (49%)
Known Failure: java.lang.reflect.InvocationTargetException
----------------- testing (KnownFailure) /home/travis/build/icyphy/ptII/ptolemy/domains/de/test/auto/knownFailedTests/DirectFeedback.xml
2 ms. Memory: 51200K Free: 20879K (41%)
Known Failure: java.lang.reflect.InvocationTargetException
----------------- testing (KnownFailure) /home/travis/build/icyphy/ptII/ptolemy/domains/de/test/auto/knownFailedTests/FSMSource.xml
14 ms. Memory: 51200K Free: 13711K (27%)
----------------- testing (KnownFailure) /home/travis/build/icyphy/ptII/ptolemy/domains/de/test/auto/knownFailedTests/HierarchicalModel.xml
3 ms. Memory: 51200K Free: 26984K (53%)
Known Failure: java.lang.reflect.InvocationTargetException
----------------- testing (KnownFailure) /home/travis/build/icyphy/ptII/ptolemy/domains/de/test/auto/knownFailedTests/dependencyLoop.xml
2 ms. Memory: 51200K Free: 11678K (23%)
Known Failure: java.lang.reflect.InvocationTargetException
----------------- testing (KnownFailure) /home/travis/build/icyphy/ptII/ptolemy/domains/de/test/auto/knownFailedTests/dependencyLoop2.xml
7 ms. Memory: 51200K Free: 25370K (50%)
Known Failure: java.lang.reflect.InvocationTargetException
No auto/linux-amd64/*.xml tests in /home/travis/build/icyphy/ptII/ptolemy/domains/de/test
AutoTests.java: About to close Vertx.
AutoTests.java: Vertx closed.

===========================================================================================
----------------- testing Thu Aug 20 15:32:25 UTC 2020 /home/travis/build/icyphy/ptII/ptolemy/domains/de/test/auto/ActorDepthCalculation_actorWithoutPorts.xml
----------------- Instantiating /home/travis/build/icyphy/ptII/ptolemy/domains/de/test/auto/ActorDepthCalculation_actorWithoutPorts.xml
2 ms. Memory: 51200K Free: 18588K (36%)
----------------- Invoking toplevel() on ptolemy.moml.MoMLSimpleApplication@c570136
----------------- Done invoking toplevel() on ptolemy.moml.MoMLSimpleApplication@c570136
reloadAllAccessors: .ActorDepthCalculation_actorWithoutPorts

===========================================================================================
----------------- testing Thu Aug 20 15:32:25 UTC 2020 /home/travis/build/icyphy/ptII/ptolemy/domains/de/test/auto/AssemblyLine.xml
----------------- Instantiating /home/travis/build/icyphy/ptII/ptolemy/domains/de/test/auto/AssemblyLine.xml
3 ms. Memory: 51200K Free: 11468K (22%)
----------------- Invoking toplevel() on ptolemy.moml.MoMLSimpleApplication@779b0cc0
----------------- Done invoking toplevel() on ptolemy.moml.MoMLSimpleApplication@779b0cc0
reloadAllAccessors: .AssemblyLine

===========================================================================================
----------------- testing Thu Aug 20 15:32:25 UTC 2020 /home/travis/build/icyphy/ptII/ptolemy/domains/de/test/auto/CQBug1.xml
----------------- Instantiating /home/travis/build/icyphy/ptII/ptolemy/domains/de/test/auto/CQBug1.xml
0 ms. Memory: 51200K Free: 8635K (17%)
----------------- Invoking toplevel() on ptolemy.moml.MoMLSimpleApplication@72dc79fb
----------------- Done invoking toplevel() on ptolemy.moml.MoMLSimpleApplication@72dc79fb
reloadAllAccessors: .CQBug1

===========================================================================================
----------------- testing Thu Aug 20 15:32:25 UTC 2020 /home/travis/build/icyphy/ptII/ptolemy/domains/de/test/auto/CancelFireAt.xml
----------------- Instantiating /home/travis/build/icyphy/ptII/ptolemy/domains/de/test/auto/CancelFireAt.xml
1 ms. Memory: 51200K Free: 35151K (69%)
----------------- Invoking toplevel() on ptolemy.moml.MoMLSimpleApplication@2e1bbf46
----------------- Done invoking toplevel() on ptolemy.moml.MoMLSimpleApplication@2e1bbf46
reloadAllAccessors: .CancelFireAt

===========================================================================================
----------------- testing Thu Aug 20 15:32:25 UTC 2020 /home/travis/build/icyphy/ptII/ptolemy/domains/de/test/auto/CausalityAndComposabilityAnalysis.xml
----------------- Instantiating /home/travis/build/icyphy/ptII/ptolemy/domains/de/test/auto/CausalityAndComposabilityAnalysis.xml
2 ms. Memory: 51200K Free: 30816K (60%)
----------------- Invoking toplevel() on ptolemy.moml.MoMLSimpleApplication@47ffb056
----------------- Done invoking toplevel() on ptolemy.moml.MoMLSimpleApplication@47ffb056
reloadAllAccessors: .CausalityAndComposabilityAnalysis

===========================================================================================
----------------- testing Thu Aug 20 15:32:25 UTC 2020 /home/travis/build/icyphy/ptII/ptolemy/domains/de/test/auto/CausalityInterface1.xml
----------------- Instantiating /home/travis/build/icyphy/ptII/ptolemy/domains/de/test/auto/CausalityInterface1.xml
6 ms. Memory: 51200K Free: 25824K (50%)
----------------- Invoking toplevel() on ptolemy.moml.MoMLSimpleApplication@228f539e
----------------- Done invoking toplevel() on ptolemy.moml.MoMLSimpleApplication@228f539e
reloadAllAccessors: .CausalityInterface1

===========================================================================================
----------------- testing Thu Aug 20 15:32:25 UTC 2020 /home/travis/build/icyphy/ptII/ptolemy/domains/de/test/auto/CausalityInterface15.xml
----------------- Instantiating /home/travis/build/icyphy/ptII/ptolemy/domains/de/test/auto/CausalityInterface15.xml
2 ms. Memory: 51200K Free: 20361K (40%)
----------------- Invoking toplevel() on ptolemy.moml.MoMLSimpleApplication@17e55211
----------------- Done invoking toplevel() on ptolemy.moml.MoMLSimpleApplication@17e55211
reloadAllAccessors: .CausalityInterface15

===========================================================================================
----------------- testing Thu Aug 20 15:32:25 UTC 2020 /home/travis/build/icyphy/ptII/ptolemy/domains/de/test/auto/CausalityInterface2.xml
----------------- Instantiating /home/travis/build/icyphy/ptII/ptolemy/domains/de/test/auto/CausalityInterface2.xml
1 ms. Memory: 51200K Free: 15817K (31%)
----------------- Invoking toplevel() on ptolemy.moml.MoMLSimpleApplication@7439f21d
[...]
	at ptolemy.actor.Manager.run(Manager.java:1263)
	at ptolemy.actor.Manager$PtolemyRunThread.run(Manager.java:1933)
java.lang.RuntimeException: Execution failed
	at ptolemy.moml.MoMLSimpleApplication$UnloadThread.run(MoMLSimpleApplication.java:402)
Caused by: ptolemy.kernel.util.IllegalActionException: Actor is not ready to fire.  Perhaps UpSample.prefire() returned false? Try debugging the actor by selecting "Listen to Actor".  Also, for SDF check moml for tokenConsumptionRate on input.
  in .DESDFClockTest.Play Bell.Copy1:SDF Director and .DESDFClockTest.Play Bell.UpSample
	at ptolemy.actor.sched.StaticSchedulingDirector.fire(StaticSchedulingDirector.java:227)
	at ptolemy.domains.sdf.kernel.SDFDirector.fire(SDFDirector.java:500)
	at ptolemy.actor.CompositeActor.fire(CompositeActor.java:455)
	at ptolemy.domains.de.kernel.DEDirector._fire(DEDirector.java:1949)
	at ptolemy.domains.de.kernel.DEDirector.fire(DEDirector.java:502)
	at ptolemy.actor.CompositeActor.fire(CompositeActor.java:455)
	at ptolemy.actor.Manager.iterate(Manager.java:851)
	at ptolemy.actor.Manager.execute(Manager.java:369)
	at ptolemy.actor.Manager.run(Manager.java:1263)
	at ptolemy.actor.Manager$PtolemyRunThread.run(Manager.java:1933)
java.lang.reflect.InvocationTargetException
	at java.base/jdk.internal.reflect.NativeConstructorAccessorImpl.newInstance0(Native Method)
	at java.base/jdk.internal.reflect.NativeConstructorAccessorImpl.newInstance(NativeConstructorAccessorImpl.java:62)
	at java.base/jdk.internal.reflect.DelegatingConstructorAccessorImpl.newInstance(DelegatingConstructorAccessorImpl.java:45)
	at java.base/java.lang.reflect.Constructor.newInstance(Constructor.java:490)
	at ptolemy.util.test.junit.AutoKnownFailedTests.RunModel(AutoKnownFailedTests.java:105)
	at java.base/jdk.internal.reflect.NativeMethodAccessorImpl.invoke0(Native Method)
	at java.base/jdk.internal.reflect.NativeMethodAccessorImpl.invoke(NativeMethodAccessorImpl.java:62)
	at java.base/jdk.internal.reflect.DelegatingMethodAccessorImpl.invoke(DelegatingMethodAccessorImpl.java:43)
	at java.base/java.lang.reflect.Method.invoke(Method.java:566)
	at org.junit.runners.model.FrameworkMethod$1.runReflectiveCall(FrameworkMethod.java:44)
	at org.junit.internal.runners.model.ReflectiveCallable.run(ReflectiveCallable.java:15)
	at org.junit.runners.model.FrameworkMethod.invokeExplosively(FrameworkMethod.java:41)
	at junitparams.internal.InvokeParameterisedMethod.evaluate(InvokeParameterisedMethod.java:102)
	at org.junit.internal.runners.statements.FailOnTimeout$1.run(FailOnTimeout.java:28)
Caused by: ptolemy.kernel.util.IllegalActionException: Actor is not ready to fire.  Perhaps UpSample.prefire() returned false? Try debugging the actor by selecting "Listen to Actor".  Also, for SDF check moml for tokenConsumptionRate on input.
  in .DESDFClockTest.Play Bell.Copy1:SDF Director and .DESDFClockTest.Play Bell.UpSample
	at ptolemy.actor.sched.StaticSchedulingDirector.fire(StaticSchedulingDirector.java:227)
	at ptolemy.domains.sdf.kernel.SDFDirector.fire(SDFDirector.java:500)
	at ptolemy.actor.CompositeActor.fire(CompositeActor.java:455)
	at ptolemy.domains.de.kernel.DEDirector._fire(DEDirector.java:1949)
	at ptolemy.domains.de.kernel.DEDirector.fire(DEDirector.java:502)
	at ptolemy.actor.CompositeActor.fire(CompositeActor.java:455)
	at ptolemy.actor.Manager.iterate(Manager.java:851)
	at ptolemy.actor.Manager.execute(Manager.java:369)
	at ptolemy.actor.Manager.run(Manager.java:1263)
	at ptolemy.actor.Manager$PtolemyRunThread.run(Manager.java:1933)
java.lang.RuntimeException: Execution failed
	at ptolemy.moml.MoMLSimpleApplication$UnloadThread.run(MoMLSimpleApplication.java:402)
Caused by: ptolemy.kernel.util.IllegalActionException: Test fails in iteration 1.
Value was: 1.0. Should have been: 2.0
  in .DirectFeedback.Test
	at ptolemy.actor.lib.Test.fire(Test.java:268)
	at ptolemy.domains.de.kernel.DEDirector._fire(DEDirector.java:1949)
	at ptolemy.domains.de.kernel.DEDirector.fire(DEDirector.java:502)
	at ptolemy.actor.CompositeActor.fire(CompositeActor.java:455)
	at ptolemy.actor.Manager.iterate(Manager.java:851)
	at ptolemy.actor.Manager.execute(Manager.java:369)
	at ptolemy.actor.Manager.run(Manager.java:1263)
	at ptolemy.actor.Manager$PtolemyRunThread.run(Manager.java:1933)
java.lang.reflect.InvocationTargetException
	at java.base/jdk.internal.reflect.NativeConstructorAccessorImpl.newInstance0(Native Method)
	at java.base/jdk.internal.reflect.NativeConstructorAccessorImpl.newInstance(NativeConstructorAccessorImpl.java:62)
	at java.base/jdk.internal.reflect.DelegatingConstructorAccessorImpl.newInstance(DelegatingConstructorAccessorImpl.java:45)
	at java.base/java.lang.reflect.Constructor.newInstance(Constructor.java:490)
	at ptolemy.util.test.junit.AutoKnownFailedTests.RunModel(AutoKnownFailedTests.java:105)
	at java.base/jdk.internal.reflect.NativeMethodAccessorImpl.invoke0(Native Method)
	at java.base/jdk.internal.reflect.NativeMethodAccessorImpl.invoke(NativeMethodAccessorImpl.java:62)
	at java.base/jdk.internal.reflect.DelegatingMethodAccessorImpl.invoke(DelegatingMethodAccessorImpl.java:43)
	at java.base/java.lang.reflect.Method.invoke(Method.java:566)
	at org.junit.runners.model.FrameworkMethod$1.runReflectiveCall(FrameworkMethod.java:44)
	at org.junit.internal.runners.model.ReflectiveCallable.run(ReflectiveCallable.java:15)
	at org.junit.runners.model.FrameworkMethod.invokeExplosively(FrameworkMethod.java:41)
	at junitparams.internal.InvokeParameterisedMethod.evaluate(InvokeParameterisedMethod.java:102)
	at org.junit.internal.runners.statements.FailOnTimeout$1.run(FailOnTimeout.java:28)
Caused by: ptolemy.kernel.util.IllegalActionException: Test fails in iteration 1.
Value was: 1.0. Should have been: 2.0
  in .DirectFeedback.Test
	at ptolemy.actor.lib.Test.fire(Test.java:268)
	at ptolemy.domains.de.kernel.DEDirector._fire(DEDirector.java:1949)
	at ptolemy.domains.de.kernel.DEDirector.fire(DEDirector.java:502)
	at ptolemy.actor.CompositeActor.fire(CompositeActor.java:455)
	at ptolemy.actor.Manager.iterate(Manager.java:851)
	at ptolemy.actor.Manager.execute(Manager.java:369)
	at ptolemy.actor.Manager.run(Manager.java:1263)
	at ptolemy.actor.Manager$PtolemyRunThread.run(Manager.java:1933)
java.lang.RuntimeException: Execution failed
	at ptolemy.moml.MoMLSimpleApplication$UnloadThread.run(MoMLSimpleApplication.java:402)
Caused by: ptolemy.kernel.util.IllegalActionException: Found a zero delay loop containing .HierarchicalModel.A
  in .HierarchicalModel and .HierarchicalModel.A
	at ptolemy.actor.util.CausalityInterfaceForComposites._computeOutputPortDepth(CausalityInterfaceForComposites.java:759)
	at ptolemy.actor.util.CausalityInterfaceForComposites._computeInputDepth(CausalityInterfaceForComposites.java:696)
	at ptolemy.actor.util.CausalityInterfaceForComposites._computeOutputPortDepth(CausalityInterfaceForComposites.java:765)
	at ptolemy.actor.util.CausalityInterfaceForComposites._computeInputDepth(CausalityInterfaceForComposites.java:696)
	at ptolemy.actor.util.CausalityInterfaceForComposites._computeOutputPortDepth(CausalityInterfaceForComposites.java:765)
	at ptolemy.actor.util.CausalityInterfaceForComposites._computeInputDepth(CausalityInterfaceForComposites.java:696)
	at ptolemy.actor.util.CausalityInterfaceForComposites._computeActorDepth(CausalityInterfaceForComposites.java:532)
	at ptolemy.actor.util.CausalityInterfaceForComposites.checkForCycles(CausalityInterfaceForComposites.java:96)
	at ptolemy.domains.de.kernel.DEDirector.preinitialize(DEDirector.java:1338)
	at ptolemy.actor.CompositeActor.preinitialize(CompositeActor.java:1828)
	at ptolemy.actor.Manager.preinitializeAndResolveTypes(Manager.java:1040)
	at ptolemy.actor.Manager.initialize(Manager.java:710)
	at ptolemy.actor.Manager.execute(Manager.java:356)
	at ptolemy.actor.Manager.run(Manager.java:1263)
	at ptolemy.actor.Manager$PtolemyRunThread.run(Manager.java:1933)
java.lang.reflect.InvocationTargetException
	at java.base/jdk.internal.reflect.NativeConstructorAccessorImpl.newInstance0(Native Method)
	at java.base/jdk.internal.reflect.NativeConstructorAccessorImpl.newInstance(NativeConstructorAccessorImpl.java:62)
	at java.base/jdk.internal.reflect.DelegatingConstructorAccessorImpl.newInstance(DelegatingConstructorAccessorImpl.java:45)
	at java.base/java.lang.reflect.Constructor.newInstance(Constructor.java:490)
	at ptolemy.util.test.junit.AutoKnownFailedTests.RunModel(AutoKnownFailedTests.java:105)
	at java.base/jdk.internal.reflect.NativeMethodAccessorImpl.invoke0(Native Method)
	at java.base/jdk.internal.reflect.NativeMethodAccessorImpl.invoke(NativeMethodAccessorImpl.java:62)
	at java.base/jdk.internal.reflect.DelegatingMethodAccessorImpl.invoke(DelegatingMethodAccessorImpl.java:43)
	at java.base/java.lang.reflect.Method.invoke(Method.java:566)
	at org.junit.runners.model.FrameworkMethod$1.runReflectiveCall(FrameworkMethod.java:44)
	at org.junit.internal.runners.model.ReflectiveCallable.run(ReflectiveCallable.java:15)
	at org.junit.runners.model.FrameworkMethod.invokeExplosively(FrameworkMethod.java:41)
	at junitparams.internal.InvokeParameterisedMethod.evaluate(InvokeParameterisedMethod.java:102)
	at org.junit.internal.runners.statements.FailOnTimeout$1.run(FailOnTimeout.java:28)
Caused by: ptolemy.kernel.util.IllegalActionException: Found a zero delay loop containing .HierarchicalModel.A
  in .HierarchicalModel and .HierarchicalModel.A
	at ptolemy.actor.util.CausalityInterfaceForComposites._computeOutputPortDepth(CausalityInterfaceForComposites.java:759)
	at ptolemy.actor.util.CausalityInterfaceForComposites._computeInputDepth(CausalityInterfaceForComposites.java:696)
	at ptolemy.actor.util.CausalityInterfaceForComposites._computeOutputPortDepth(CausalityInterfaceForComposites.java:765)
	at ptolemy.actor.util.CausalityInterfaceForComposites._computeInputDepth(CausalityInterfaceForComposites.java:696)
	at ptolemy.actor.util.CausalityInterfaceForComposites._computeOutputPortDepth(CausalityInterfaceForComposites.java:765)
	at ptolemy.actor.util.CausalityInterfaceForComposites._computeInputDepth(CausalityInterfaceForComposites.java:696)
	at ptolemy.actor.util.CausalityInterfaceForComposites._computeActorDepth(CausalityInterfaceForComposites.java:532)
	at ptolemy.actor.util.CausalityInterfaceForComposites.checkForCycles(CausalityInterfaceForComposites.java:96)
	at ptolemy.domains.de.kernel.DEDirector.preinitialize(DEDirector.java:1338)
	at ptolemy.actor.CompositeActor.preinitialize(CompositeActor.java:1828)
	at ptolemy.actor.Manager.preinitializeAndResolveTypes(Manager.java:1040)
	at ptolemy.actor.Manager.initialize(Manager.java:710)
	at ptolemy.actor.Manager.execute(Manager.java:356)
	at ptolemy.actor.Manager.run(Manager.java:1263)
	at ptolemy.actor.Manager$PtolemyRunThread.run(Manager.java:1933)
java.lang.RuntimeException: Execution failed
	at ptolemy.moml.MoMLSimpleApplication$UnloadThread.run(MoMLSimpleApplication.java:402)
Caused by: ptolemy.kernel.util.IllegalActionException: Found a zero delay loop containing .dependencyLoop.original
  in .dependencyLoop and .dependencyLoop.original
	at ptolemy.actor.util.CausalityInterfaceForComposites._computeOutputPortDepth(CausalityInterfaceForComposites.java:759)
	at ptolemy.actor.util.CausalityInterfaceForComposites._computeInputDepth(CausalityInterfaceForComposites.java:696)
	at ptolemy.actor.util.CausalityInterfaceForComposites._computeOutputPortDepth(CausalityInterfaceForComposites.java:765)
	at ptolemy.actor.util.CausalityInterfaceForComposites._computeInputDepth(CausalityInterfaceForComposites.java:696)
	at ptolemy.actor.util.CausalityInterfaceForComposites._computeOutputPortDepth(CausalityInterfaceForComposites.java:765)
	at ptolemy.actor.util.CausalityInterfaceForComposites._computeInputDepth(CausalityInterfaceForComposites.java:696)
	at ptolemy.actor.util.CausalityInterfaceForComposites._computeActorDepth(CausalityInterfaceForComposites.java:532)
	at ptolemy.actor.util.CausalityInterfaceForComposites.checkForCycles(CausalityInterfaceForComposites.java:96)
	at ptolemy.domains.de.kernel.DEDirector.preinitialize(DEDirector.java:1338)
	at ptolemy.actor.CompositeActor.preinitialize(CompositeActor.java:1828)
	at ptolemy.actor.Manager.preinitializeAndResolveTypes(Manager.java:1040)
	at ptolemy.actor.Manager.initialize(Manager.java:710)
	at ptolemy.actor.Manager.execute(Manager.java:356)
	at ptolemy.actor.Manager.run(Manager.java:1263)
	at ptolemy.actor.Manager$PtolemyRunThread.run(Manager.java:1933)
java.lang.reflect.InvocationTargetException
	at java.base/jdk.internal.reflect.NativeConstructorAccessorImpl.newInstance0(Native Method)
	at java.base/jdk.internal.reflect.NativeConstructorAccessorImpl.newInstance(NativeConstructorAccessorImpl.java:62)
	at java.base/jdk.internal.reflect.DelegatingConstructorAccessorImpl.newInstance(DelegatingConstructorAccessorImpl.java:45)
	at java.base/java.lang.reflect.Constructor.newInstance(Constructor.java:490)
	at ptolemy.util.test.junit.AutoKnownFailedTests.RunModel(AutoKnownFailedTests.java:105)
	at java.base/jdk.internal.reflect.NativeMethodAccessorImpl.invoke0(Native Method)
	at java.base/jdk.internal.reflect.NativeMethodAccessorImpl.invoke(NativeMethodAccessorImpl.java:62)
	at java.base/jdk.internal.reflect.DelegatingMethodAccessorImpl.invoke(DelegatingMethodAccessorImpl.java:43)
	at java.base/java.lang.reflect.Method.invoke(Method.java:566)
	at org.junit.runners.model.FrameworkMethod$1.runReflectiveCall(FrameworkMethod.java:44)
	at org.junit.internal.runners.model.ReflectiveCallable.run(ReflectiveCallable.java:15)
	at org.junit.runners.model.FrameworkMethod.invokeExplosively(FrameworkMethod.java:41)
	at junitparams.internal.InvokeParameterisedMethod.evaluate(InvokeParameterisedMethod.java:102)
	at org.junit.internal.runners.statements.FailOnTimeout$1.run(FailOnTimeout.java:28)
Caused by: ptolemy.kernel.util.IllegalActionException: Found a zero delay loop containing .dependencyLoop.original
  in .dependencyLoop and .dependencyLoop.original
	at ptolemy.actor.util.CausalityInterfaceForComposites._computeOutputPortDepth(CausalityInterfaceForComposites.java:759)
	at ptolemy.actor.util.CausalityInterfaceForComposites._computeInputDepth(CausalityInterfaceForComposites.java:696)
	at ptolemy.actor.util.CausalityInterfaceForComposites._computeOutputPortDepth(CausalityInterfaceForComposites.java:765)
	at ptolemy.actor.util.CausalityInterfaceForComposites._computeInputDepth(CausalityInterfaceForComposites.java:696)
	at ptolemy.actor.util.CausalityInterfaceForComposites._computeOutputPortDepth(CausalityInterfaceForComposites.java:765)
	at ptolemy.actor.util.CausalityInterfaceForComposites._computeInputDepth(CausalityInterfaceForComposites.java:696)
	at ptolemy.actor.util.CausalityInterfaceForComposites._computeActorDepth(CausalityInterfaceForComposites.java:532)
	at ptolemy.actor.util.CausalityInterfaceForComposites.checkForCycles(CausalityInterfaceForComposites.java:96)
	at ptolemy.domains.de.kernel.DEDirector.preinitialize(DEDirector.java:1338)
	at ptolemy.actor.CompositeActor.preinitialize(CompositeActor.java:1828)
	at ptolemy.actor.Manager.preinitializeAndResolveTypes(Manager.java:1040)
	at ptolemy.actor.Manager.initialize(Manager.java:710)
	at ptolemy.actor.Manager.execute(Manager.java:356)
	at ptolemy.actor.Manager.run(Manager.java:1263)
	at ptolemy.actor.Manager$PtolemyRunThread.run(Manager.java:1933)
java.lang.RuntimeException: Execution failed
	at ptolemy.moml.MoMLSimpleApplication$UnloadThread.run(MoMLSimpleApplication.java:402)
Caused by: ptolemy.kernel.util.IllegalActionException: Found a zero delay loop containing .dependencyLoop2.original
  in .dependencyLoop2 and .dependencyLoop2.original
	at ptolemy.actor.util.CausalityInterfaceForComposites._computeOutputPortDepth(CausalityInterfaceForComposites.java:759)
	at ptolemy.actor.util.CausalityInterfaceForComposites._computeInputDepth(CausalityInterfaceForComposites.java:696)
	at ptolemy.actor.util.CausalityInterfaceForComposites._computeOutputPortDepth(CausalityInterfaceForComposites.java:765)
	at ptolemy.actor.util.CausalityInterfaceForComposites._computeInputDepth(CausalityInterfaceForComposites.java:696)
	at ptolemy.actor.util.CausalityInterfaceForComposites._computeOutputPortDepth(CausalityInterfaceForComposites.java:765)
	at ptolemy.actor.util.CausalityInterfaceForComposites._computeInputDepth(CausalityInterfaceForComposites.java:696)
	at ptolemy.actor.util.CausalityInterfaceForComposites._computeActorDepth(CausalityInterfaceForComposites.java:532)
	at ptolemy.actor.util.CausalityInterfaceForComposites.checkForCycles(CausalityInterfaceForComposites.java:96)
	at ptolemy.domains.de.kernel.DEDirector.preinitialize(DEDirector.java:1338)
	at ptolemy.actor.CompositeActor.preinitialize(CompositeActor.java:1828)
	at ptolemy.actor.Manager.preinitializeAndResolveTypes(Manager.java:1040)
	at ptolemy.actor.Manager.initialize(Manager.java:710)
	at ptolemy.actor.Manager.execute(Manager.java:356)
	at ptolemy.actor.Manager.run(Manager.java:1263)
	at ptolemy.actor.Manager$PtolemyRunThread.run(Manager.java:1933)
java.lang.reflect.InvocationTargetException
	at java.base/jdk.internal.reflect.NativeConstructorAccessorImpl.newInstance0(Native Method)
	at java.base/jdk.internal.reflect.NativeConstructorAccessorImpl.newInstance(NativeConstructorAccessorImpl.java:62)
	at java.base/jdk.internal.reflect.DelegatingConstructorAccessorImpl.newInstance(DelegatingConstructorAccessorImpl.java:45)
	at java.base/java.lang.reflect.Constructor.newInstance(Constructor.java:490)
	at ptolemy.util.test.junit.AutoKnownFailedTests.RunModel(AutoKnownFailedTests.java:105)
	at java.base/jdk.internal.reflect.NativeMethodAccessorImpl.invoke0(Native Method)
	at java.base/jdk.internal.reflect.NativeMethodAccessorImpl.invoke(NativeMethodAccessorImpl.java:62)
	at java.base/jdk.internal.reflect.DelegatingMethodAccessorImpl.invoke(DelegatingMethodAccessorImpl.java:43)
	at java.base/java.lang.reflect.Method.invoke(Method.java:566)
	at org.junit.runners.model.FrameworkMethod$1.runReflectiveCall(FrameworkMethod.java:44)
	at org.junit.internal.runners.model.ReflectiveCallable.run(ReflectiveCallable.java:15)
	at org.junit.runners.model.FrameworkMethod.invokeExplosively(FrameworkMethod.java:41)
	at junitparams.internal.InvokeParameterisedMethod.evaluate(InvokeParameterisedMethod.java:102)
	at org.junit.internal.runners.statements.FailOnTimeout$1.run(FailOnTimeout.java:28)
Caused by: ptolemy.kernel.util.IllegalActionException: Found a zero delay loop containing .dependencyLoop2.original
  in .dependencyLoop2 and .dependencyLoop2.original
	at ptolemy.actor.util.CausalityInterfaceForComposites._computeOutputPortDepth(CausalityInterfaceForComposites.java:759)
	at ptolemy.actor.util.CausalityInterfaceForComposites._computeInputDepth(CausalityInterfaceForComposites.java:696)
	at ptolemy.actor.util.CausalityInterfaceForComposites._computeOutputPortDepth(CausalityInterfaceForComposites.java:765)
	at ptolemy.actor.util.CausalityInterfaceForComposites._computeInputDepth(CausalityInterfaceForComposites.java:696)
	at ptolemy.actor.util.CausalityInterfaceForComposites._computeOutputPortDepth(CausalityInterfaceForComposites.java:765)
	at ptolemy.actor.util.CausalityInterfaceForComposites._computeInputDepth(CausalityInterfaceForComposites.java:696)
	at ptolemy.actor.util.CausalityInterfaceForComposites._computeActorDepth(CausalityInterfaceForComposites.java:532)
	at ptolemy.actor.util.CausalityInterfaceForComposites.checkForCycles(CausalityInterfaceForComposites.java:96)
	at ptolemy.domains.de.kernel.DEDirector.preinitialize(DEDirector.java:1338)
	at ptolemy.actor.CompositeActor.preinitialize(CompositeActor.java:1828)
	at ptolemy.actor.Manager.preinitializeAndResolveTypes(Manager.java:1040)
	at ptolemy.actor.Manager.initialize(Manager.java:710)
	at ptolemy.actor.Manager.execute(Manager.java:356)
	at ptolemy.actor.Manager.run(Manager.java:1263)
	at ptolemy.actor.Manager$PtolemyRunThread.run(Manager.java:1933)
]]></system-err>
</testsuite>
