<?xml version="1.0" encoding="UTF-8" ?>
<testsuite errors="0" failures="0" hostname="travis-job-b5dfbb31-3c6b-4e72-ad8a-1c0eb33fb5d2" name="ptolemy.domains.de.test.junit.JUnitTclTest" skipped="0" tests="101" time="135.022" timestamp="2019-07-10T03:09:06">
  <properties>
[...]
</properties>
  <testcase classname="ptolemy.util.test.junit.TclTests" name="[0] /home/travis/build/icyphy/ptII/ptolemy/domains/de/test/DependencyLoop.tcl (RunTclFile)" time="0.912" />
  <testcase classname="ptolemy.util.test.junit.TclTests" name="[1] /home/travis/build/icyphy/ptII/ptolemy/domains/de/test/RunDETestsAsQSS.tcl (RunTclFile)" time="91.682" />
  <testcase classname="ptolemy.util.test.junit.AutoKnownFailedTests" name="[0] /home/travis/build/icyphy/ptII/ptolemy/domains/de/test/auto/knownFailedTests/DESDFClockTest.xml (RunModel)" time="2.077" />
  <testcase classname="ptolemy.util.test.junit.AutoKnownFailedTests" name="[1] /home/travis/build/icyphy/ptII/ptolemy/domains/de/test/auto/knownFailedTests/DirectFeedback.xml (RunModel)" time="0.024" />
  <testcase classname="ptolemy.util.test.junit.AutoKnownFailedTests" name="[2] /home/travis/build/icyphy/ptII/ptolemy/domains/de/test/auto/knownFailedTests/FSMSource.xml (RunModel)" time="0.026" />
  <testcase classname="ptolemy.util.test.junit.AutoKnownFailedTests" name="[3] /home/travis/build/icyphy/ptII/ptolemy/domains/de/test/auto/knownFailedTests/HierarchicalModel.xml (RunModel)" time="0.058" />
  <testcase classname="ptolemy.util.test.junit.AutoKnownFailedTests" name="[4] /home/travis/build/icyphy/ptII/ptolemy/domains/de/test/auto/knownFailedTests/dependencyLoop.xml (RunModel)" time="0.042" />
  <testcase classname="ptolemy.util.test.junit.AutoKnownFailedTests" name="[5] /home/travis/build/icyphy/ptII/ptolemy/domains/de/test/auto/knownFailedTests/dependencyLoop2.xml (RunModel)" time="0.047" />
  <testcase classname="ptolemy.util.test.junit.AutoNameArchTests" name="[0] ThereAreNoAutoArchTests (RunModel)" time="0.001" />
  <testcase classname="ptolemy.util.test.junit.AutoTests" name="[0] /home/travis/build/icyphy/ptII/ptolemy/domains/de/test/auto/ActorDepthCalculation_actorWithoutPorts.xml (RunModel)" time="0.026" />
  <testcase classname="ptolemy.util.test.junit.AutoTests" name="[1] /home/travis/build/icyphy/ptII/ptolemy/domains/de/test/auto/AssemblyLine.xml (RunModel)" time="0.028" />
  <testcase classname="ptolemy.util.test.junit.AutoTests" name="[2] /home/travis/build/icyphy/ptII/ptolemy/domains/de/test/auto/CQBug1.xml (RunModel)" time="0.011" />
  <testcase classname="ptolemy.util.test.junit.AutoTests" name="[3] /home/travis/build/icyphy/ptII/ptolemy/domains/de/test/auto/CancelFireAt.xml (RunModel)" time="0.012" />
  <testcase classname="ptolemy.util.test.junit.AutoTests" name="[4] /home/travis/build/icyphy/ptII/ptolemy/domains/de/test/auto/CausalityAndComposabilityAnalysis.xml (RunModel)" time="0.015" />
  <testcase classname="ptolemy.util.test.junit.AutoTests" name="[5] /home/travis/build/icyphy/ptII/ptolemy/domains/de/test/auto/CausalityInterface1.xml (RunModel)" time="0.024" />
  <testcase classname="ptolemy.util.test.junit.AutoTests" name="[6] /home/travis/build/icyphy/ptII/ptolemy/domains/de/test/auto/CausalityInterface15.xml (RunModel)" time="0.027" />
  <testcase classname="ptolemy.util.test.junit.AutoTests" name="[7] /home/travis/build/icyphy/ptII/ptolemy/domains/de/test/auto/CausalityInterface2.xml (RunModel)" time="0.016" />
  <testcase classname="ptolemy.util.test.junit.AutoTests" name="[8] /home/travis/build/icyphy/ptII/ptolemy/domains/de/test/auto/CausalityInterface3.xml (RunModel)" time="0.02" />
  <testcase classname="ptolemy.util.test.junit.AutoTests" name="[9] /home/travis/build/icyphy/ptII/ptolemy/domains/de/test/auto/ClockDrift.xml (RunModel)" time="0.045" />
  <testcase classname="ptolemy.util.test.junit.AutoTests" name="[10] /home/travis/build/icyphy/ptII/ptolemy/domains/de/test/auto/ClockDriftAndValueChange.xml (RunModel)" time="0.032" />
  <testcase classname="ptolemy.util.test.junit.AutoTests" name="[11] /home/travis/build/icyphy/ptII/ptolemy/domains/de/test/auto/ClockDriftChange.xml (RunModel)" time="0.039" />
  <testcase classname="ptolemy.util.test.junit.AutoTests" name="[12] /home/travis/build/icyphy/ptII/ptolemy/domains/de/test/auto/ComposableCausalityAnalysis.xml (RunModel)" time="0.019" />
  <testcase classname="ptolemy.util.test.junit.AutoTests" name="[13] /home/travis/build/icyphy/ptII/ptolemy/domains/de/test/auto/DEFixedPointLimitation.xml (RunModel)" time="0.014" />
  <testcase classname="ptolemy.util.test.junit.AutoTests" name="[14] /home/travis/build/icyphy/ptII/ptolemy/domains/de/test/auto/DEScheduleTest.xml (RunModel)" time="0.016" />
  <testcase classname="ptolemy.util.test.junit.AutoTests" name="[15] /home/travis/build/icyphy/ptII/ptolemy/domains/de/test/auto/DEinDEwithStartTimes.xml (RunModel)" time="0.022" />
  <testcase classname="ptolemy.util.test.junit.AutoTests" name="[16] /home/travis/build/icyphy/ptII/ptolemy/domains/de/test/auto/DEinDEwithStartTimes2.xml (RunModel)" time="0.023" />
  <testcase classname="ptolemy.util.test.junit.AutoTests" name="[17] /home/travis/build/icyphy/ptII/ptolemy/domains/de/test/auto/DateDemo.xml (RunModel)" time="0.04" />
  <testcase classname="ptolemy.util.test.junit.AutoTests" name="[18] /home/travis/build/icyphy/ptII/ptolemy/domains/de/test/auto/DateToEvent.xml (RunModel)" time="2.05" />
  <testcase classname="ptolemy.util.test.junit.AutoTests" name="[19] /home/travis/build/icyphy/ptII/ptolemy/domains/de/test/auto/DepthTest1.xml (RunModel)" time="0.015" />
  <testcase classname="ptolemy.util.test.junit.AutoTests" name="[20] /home/travis/build/icyphy/ptII/ptolemy/domains/de/test/auto/DepthTest2.xml (RunModel)" time="0.022" />
  <testcase classname="ptolemy.util.test.junit.AutoTests" name="[21] /home/travis/build/icyphy/ptII/ptolemy/domains/de/test/auto/DepthTest3.xml (RunModel)" time="0.009" />
  <testcase classname="ptolemy.util.test.junit.AutoTests" name="[22] /home/travis/build/icyphy/ptII/ptolemy/domains/de/test/auto/DepthTest4.xml (RunModel)" time="0.019" />
  <testcase classname="ptolemy.util.test.junit.AutoTests" name="[23] /home/travis/build/icyphy/ptII/ptolemy/domains/de/test/auto/DepthTest5.xml (RunModel)" time="0.015" />
  <testcase classname="ptolemy.util.test.junit.AutoTests" name="[24] /home/travis/build/icyphy/ptII/ptolemy/domains/de/test/auto/DepthTest6.xml (RunModel)" time="0.014" />
  <testcase classname="ptolemy.util.test.junit.AutoTests" name="[25] /home/travis/build/icyphy/ptII/ptolemy/domains/de/test/auto/DepthTest7.xml (RunModel)" time="0.013" />
  <testcase classname="ptolemy.util.test.junit.AutoTests" name="[26] /home/travis/build/icyphy/ptII/ptolemy/domains/de/test/auto/EventToDate.xml (RunModel)" time="3.055" />
  <testcase classname="ptolemy.util.test.junit.AutoTests" name="[27] /home/travis/build/icyphy/ptII/ptolemy/domains/de/test/auto/FSM1.xml (RunModel)" time="0.043" />
  <testcase classname="ptolemy.util.test.junit.AutoTests" name="[28] /home/travis/build/icyphy/ptII/ptolemy/domains/de/test/auto/FSM7.xml (RunModel)" time="0.051" />
  <testcase classname="ptolemy.util.test.junit.AutoTests" name="[29] /home/travis/build/icyphy/ptII/ptolemy/domains/de/test/auto/Inspection.xml (RunModel)" time="0.042" />
  <testcase classname="ptolemy.util.test.junit.AutoTests" name="[30] /home/travis/build/icyphy/ptII/ptolemy/domains/de/test/auto/Iteration.xml (RunModel)" time="0.027" />
  <testcase classname="ptolemy.util.test.junit.AutoTests" name="[31] /home/travis/build/icyphy/ptII/ptolemy/domains/de/test/auto/LineFault.xml (RunModel)" time="0.659" />
  <testcase classname="ptolemy.util.test.junit.AutoTests" name="[32] /home/travis/build/icyphy/ptII/ptolemy/domains/de/test/auto/MergeModel1Add.xml (RunModel)" time="0.053" />
  <testcase classname="ptolemy.util.test.junit.AutoTests" name="[33] /home/travis/build/icyphy/ptII/ptolemy/domains/de/test/auto/MergeModel2Add.xml (RunModel)" time="0.04" />
  <testcase classname="ptolemy.util.test.junit.AutoTests" name="[34] /home/travis/build/icyphy/ptII/ptolemy/domains/de/test/auto/MergeModel3Add.xml (RunModel)" time="0.044" />
  <testcase classname="ptolemy.util.test.junit.AutoTests" name="[35] /home/travis/build/icyphy/ptII/ptolemy/domains/de/test/auto/MergeWithoutDiscard.xml (RunModel)" time="0.019" />
  <testcase classname="ptolemy.util.test.junit.AutoTests" name="[36] /home/travis/build/icyphy/ptII/ptolemy/domains/de/test/auto/Modal1.xml (RunModel)" time="0.028" />
  <testcase classname="ptolemy.util.test.junit.AutoTests" name="[37] /home/travis/build/icyphy/ptII/ptolemy/domains/de/test/auto/Modal2.xml (RunModel)" time="0.034" />
  <testcase classname="ptolemy.util.test.junit.AutoTests" name="[38] /home/travis/build/icyphy/ptII/ptolemy/domains/de/test/auto/Modal3.xml (RunModel)" time="0.033" />
  <testcase classname="ptolemy.util.test.junit.AutoTests" name="[39] /home/travis/build/icyphy/ptII/ptolemy/domains/de/test/auto/Modal4.xml (RunModel)" time="0.034" />
  <testcase classname="ptolemy.util.test.junit.AutoTests" name="[40] /home/travis/build/icyphy/ptII/ptolemy/domains/de/test/auto/Modal5.xml (RunModel)" time="0.031" />
  <testcase classname="ptolemy.util.test.junit.AutoTests" name="[41] /home/travis/build/icyphy/ptII/ptolemy/domains/de/test/auto/Modal6.xml (RunModel)" time="0.03" />
  <testcase classname="ptolemy.util.test.junit.AutoTests" name="[42] /home/travis/build/icyphy/ptII/ptolemy/domains/de/test/auto/Modal7.xml (RunModel)" time="0.029" />
  <testcase classname="ptolemy.util.test.junit.AutoTests" name="[43] /home/travis/build/icyphy/ptII/ptolemy/domains/de/test/auto/ModalModel.xml (RunModel)" time="0.185" />
  <testcase classname="ptolemy.util.test.junit.AutoTests" name="[44] /home/travis/build/icyphy/ptII/ptolemy/domains/de/test/auto/ModalSource.xml (RunModel)" time="0.018" />
  <testcase classname="ptolemy.util.test.junit.AutoTests" name="[45] /home/travis/build/icyphy/ptII/ptolemy/domains/de/test/auto/NonInterruptibleTimerZeroDelay.xml (RunModel)" time="0.013" />
  <testcase classname="ptolemy.util.test.junit.AutoTests" name="[46] /home/travis/build/icyphy/ptII/ptolemy/domains/de/test/auto/OpenQueueingNetwork.xml (RunModel)" time="2.28" />
  <testcase classname="ptolemy.util.test.junit.AutoTests" name="[47] /home/travis/build/icyphy/ptII/ptolemy/domains/de/test/auto/OpenQueuingNetwork.xml (RunModel)" time="0.271" />
  <testcase classname="ptolemy.util.test.junit.AutoTests" name="[48] /home/travis/build/icyphy/ptII/ptolemy/domains/de/test/auto/PeriodicSampler.xml (RunModel)" time="0.009" />
  <testcase classname="ptolemy.util.test.junit.AutoTests" name="[49] /home/travis/build/icyphy/ptII/ptolemy/domains/de/test/auto/PersistentIO.xml (RunModel)" time="0.023" />
  <testcase classname="ptolemy.util.test.junit.AutoTests" name="[50] /home/travis/build/icyphy/ptII/ptolemy/domains/de/test/auto/PortParameterResetOnInitialize.xml (RunModel)" time="0.011" />
  <testcase classname="ptolemy.util.test.junit.AutoTests" name="[51] /home/travis/build/icyphy/ptII/ptolemy/domains/de/test/auto/PortParameterUpdates.xml (RunModel)" time="0.02" />
  <testcase classname="ptolemy.util.test.junit.AutoTests" name="[52] /home/travis/build/icyphy/ptII/ptolemy/domains/de/test/auto/QueueAndServer.xml (RunModel)" time="0.027" />
  <testcase classname="ptolemy.util.test.junit.AutoTests" name="[53] /home/travis/build/icyphy/ptII/ptolemy/domains/de/test/auto/Records.xml (RunModel)" time="0.015" />
  <testcase classname="ptolemy.util.test.junit.AutoTests" name="[54] /home/travis/build/icyphy/ptII/ptolemy/domains/de/test/auto/ResetTransitionWithStartTime1.xml (RunModel)" time="0.02" />
  <testcase classname="ptolemy.util.test.junit.AutoTests" name="[55] /home/travis/build/icyphy/ptII/ptolemy/domains/de/test/auto/ResetTransitionWithStartTime2.xml (RunModel)" time="0.019" />
  <testcase classname="ptolemy.util.test.junit.AutoTests" name="[56] /home/travis/build/icyphy/ptII/ptolemy/domains/de/test/auto/ResetTransitionWithStartTime3.xml (RunModel)" time="0.02" />
  <testcase classname="ptolemy.util.test.junit.AutoTests" name="[57] /home/travis/build/icyphy/ptII/ptolemy/domains/de/test/auto/ResetTransitionWithStartTime4.xml (RunModel)" time="0.019" />
  <testcase classname="ptolemy.util.test.junit.AutoTests" name="[58] /home/travis/build/icyphy/ptII/ptolemy/domains/de/test/auto/ResettableTimer1.xml (RunModel)" time="0.01" />
  <testcase classname="ptolemy.util.test.junit.AutoTests" name="[59] /home/travis/build/icyphy/ptII/ptolemy/domains/de/test/auto/ResettableTimer2.xml (RunModel)" time="0.01" />
  <testcase classname="ptolemy.util.test.junit.AutoTests" name="[60] /home/travis/build/icyphy/ptII/ptolemy/domains/de/test/auto/ResettableTimer3.xml (RunModel)" time="0.013" />
  <testcase classname="ptolemy.util.test.junit.AutoTests" name="[61] /home/travis/build/icyphy/ptII/ptolemy/domains/de/test/auto/ResettableTimer4.xml (RunModel)" time="0.01" />
  <testcase classname="ptolemy.util.test.junit.AutoTests" name="[62] /home/travis/build/icyphy/ptII/ptolemy/domains/de/test/auto/ResettableTimer5.xml (RunModel)" time="0.011" />
  <testcase classname="ptolemy.util.test.junit.AutoTests" name="[63] /home/travis/build/icyphy/ptII/ptolemy/domains/de/test/auto/ResettableTimer6.xml (RunModel)" time="0.017" />
  <testcase classname="ptolemy.util.test.junit.AutoTests" name="[64] /home/travis/build/icyphy/ptII/ptolemy/domains/de/test/auto/ServerZeroDelay.xml (RunModel)" time="0.01" />
  <testcase classname="ptolemy.util.test.junit.AutoTests" name="[65] /home/travis/build/icyphy/ptII/ptolemy/domains/de/test/auto/SmartSender.xml (RunModel)" time="3.009" />
  <testcase classname="ptolemy.util.test.junit.AutoTests" name="[66] /home/travis/build/icyphy/ptII/ptolemy/domains/de/test/auto/ThreadedComposite.xml (RunModel)" time="0.127" />
  <testcase classname="ptolemy.util.test.junit.AutoTests" name="[67] /home/travis/build/icyphy/ptII/ptolemy/domains/de/test/auto/Time.xml (RunModel)" time="0.46" />
  <testcase classname="ptolemy.util.test.junit.AutoTests" name="[68] /home/travis/build/icyphy/ptII/ptolemy/domains/de/test/auto/TimeDelayZeroDelay.xml (RunModel)" time="0.013" />
  <testcase classname="ptolemy.util.test.junit.AutoTests" name="[69] /home/travis/build/icyphy/ptII/ptolemy/domains/de/test/auto/TimerZeroDelay.xml (RunModel)" time="0.011" />
  <testcase classname="ptolemy.util.test.junit.AutoTests" name="[70] /home/travis/build/icyphy/ptII/ptolemy/domains/de/test/auto/TimingParadox.xml (RunModel)" time="0.384" />
  <testcase classname="ptolemy.util.test.junit.AutoTests" name="[71] /home/travis/build/icyphy/ptII/ptolemy/domains/de/test/auto/TransferInputs.xml (RunModel)" time="0.009" />
  <testcase classname="ptolemy.util.test.junit.AutoTests" name="[72] /home/travis/build/icyphy/ptII/ptolemy/domains/de/test/auto/TransferOutputs2.xml (RunModel)" time="0.014" />
  <testcase classname="ptolemy.util.test.junit.AutoTests" name="[73] /home/travis/build/icyphy/ptII/ptolemy/domains/de/test/auto/Trilateration.xml (RunModel)" time="13.207" />
  <testcase classname="ptolemy.util.test.junit.AutoTests" name="[74] /home/travis/build/icyphy/ptII/ptolemy/domains/de/test/auto/TwoSigmaDelta.xml (RunModel)" time="2.321" />
  <testcase classname="ptolemy.util.test.junit.AutoTests" name="[75] /home/travis/build/icyphy/ptII/ptolemy/domains/de/test/auto/VariableDelay.xml (RunModel)" time="0.024" />
  <testcase classname="ptolemy.util.test.junit.AutoTests" name="[76] /home/travis/build/icyphy/ptII/ptolemy/domains/de/test/auto/VariableDelay2.xml (RunModel)" time="0.02" />
  <testcase classname="ptolemy.util.test.junit.AutoTests" name="[77] /home/travis/build/icyphy/ptII/ptolemy/domains/de/test/auto/VariableDelayZeroDelay.xml (RunModel)" time="0.031" />
  <testcase classname="ptolemy.util.test.junit.AutoTests" name="[78] /home/travis/build/icyphy/ptII/ptolemy/domains/de/test/auto/VariableDelayZeroDelay2.xml (RunModel)" time="0.019" />
  <testcase classname="ptolemy.util.test.junit.AutoTests" name="[79] /home/travis/build/icyphy/ptII/ptolemy/domains/de/test/auto/deInCt.xml (RunModel)" time="0.026" />
  <testcase classname="ptolemy.util.test.junit.AutoTests" name="[80] /home/travis/build/icyphy/ptII/ptolemy/domains/de/test/auto/deInCt2.xml (RunModel)" time="0.014" />
  <testcase classname="ptolemy.util.test.junit.AutoTests" name="[81] /home/travis/build/icyphy/ptII/ptolemy/domains/de/test/auto/dynamicCausalityInterface1.xml (RunModel)" time="0.017" />
  <testcase classname="ptolemy.util.test.junit.AutoTests" name="[82] /home/travis/build/icyphy/ptII/ptolemy/domains/de/test/auto/fsm_de_test.xml (RunModel)" time="0.022" />
  <testcase classname="ptolemy.util.test.junit.AutoTests" name="[83] /home/travis/build/icyphy/ptII/ptolemy/domains/de/test/auto/functionDependencyReconstruction.xml (RunModel)" time="0.031" />
  <testcase classname="ptolemy.util.test.junit.AutoTests" name="[84] /home/travis/build/icyphy/ptII/ptolemy/domains/de/test/auto/multirate.xml (RunModel)" time="0.015" />
  <testcase classname="ptolemy.util.test.junit.AutoTests" name="[85] /home/travis/build/icyphy/ptII/ptolemy/domains/de/test/auto/multirate2.xml (RunModel)" time="0.03" />
  <testcase classname="ptolemy.util.test.junit.AutoTests" name="[86] /home/travis/build/icyphy/ptII/ptolemy/domains/de/test/auto/realtime.xml (RunModel)" time="10.01" />
  <testcase classname="ptolemy.util.test.junit.AutoTests" name="[87] /home/travis/build/icyphy/ptII/ptolemy/domains/de/test/auto/relationGroup.xml (RunModel)" time="0.008" />
  <testcase classname="ptolemy.util.test.junit.AutoTests" name="[88] /home/travis/build/icyphy/ptII/ptolemy/domains/de/test/auto/relationGroup2.xml (RunModel)" time="0.005" />
  <testcase classname="ptolemy.util.test.junit.AutoTests" name="[89] /home/travis/build/icyphy/ptII/ptolemy/domains/de/test/auto/sortWithOpaquePorts.xml (RunModel)" time="0.01" />
  <testcase classname="ptolemy.util.test.junit.AutoTests" name="[90] /home/travis/build/icyphy/ptII/ptolemy/domains/de/test/auto/transferInputsandOutputs.xml (RunModel)" time="0.018" />
  <testcase classname="ptolemy.util.test.junit.AutoTests" name="[91] /home/travis/build/icyphy/ptII/ptolemy/domains/de/test/auto/triggerType.xml (RunModel)" time="0.032" />
  <system-out><![CDATA[/home/travis/build/icyphy/ptII/ptolemy/domains/de/test/DependencyLoop.tcl
testDefs.tcl: setting time out to 9000 seconds at Wed Jul 10 03:09:07 UTC 2019
86 ms. Memory: 120832K Free: 99533K (82%)
21 ms. Memory: 163840K Free: 146479K (89%)
/home/travis/build/icyphy/ptII/ptolemy/domains/de/test/RunDETestsAsQSS.tcl
Run the DE tests using ptolemy.domains.qss.test.QSSDirectorTest, which extends QSSDirector and prints a message in the constructors.
------------------ testing $PTII/ptolemy/domains/de/test/auto/knownFailedTests/DirectFeedback.xml (Known Failure) 
57 ms. Memory: 163840K Free: 141381K (86%)


==== $PTIIhome/travis/build/icyphy/ptII/ptolemy/domains/de/test/../../../../: Auto Automatic test in file $PTII/ptolemy/domains/de/test/auto/knownFailedTests/DirectFeedback.xml
==== Contents of test case:

	    # FIXME: we should use $relativeFilename here, but it
	    # might have backslashes under Windows, which causes no end
	    # of trouble.
	    createAndExecute $file
	    list {}
	
.... Test generated KNOWN error:
    while executing
ptolemy.kernel.util.IllegalActionException: Test fails in iteration 1.
Value was: 1.0. Should have been: 2.0
  in .DirectFeedback.Test
	at ptolemy.actor.lib.Test.fire(Test.java:268)
	at ptolemy.domains.de.kernel.DEDirector._fire(DEDirector.java:1949)
	at ptolemy.domains.de.kernel.DEDirector.fire(DEDirector.java:502)
	at ptolemy.actor.CompositeActor.fire(CompositeActor.java:455)
	at ptolemy.actor.Manager.iterate(Manager.java:851)
	at ptolemy.actor.Manager.execute(Manager.java:369)
	at ptolemy.actor.Manager.run(Manager.java:1263)
	at ptolemy.actor.Manager$PtolemyRunThread.run(Manager.java:1915)

    while executing
ptolemy.kernel.util.IllegalActionException: Test fails in iteration 1.
Value was: 1.0. Should have been: 2.0
  in .DirectFeedback.Test
    while executing
"java::new ptolemy.moml.MoMLSimpleApplication $file
"
    (procedure "createAndExecute" line 2)
    invoked from within
"createAndExecute $file"
    ("uplevel" body line 5)
    invoked from within
"uplevel $contents_of_test"
------------------ testing $PTII/ptolemy/domains/de/test/auto/knownFailedTests/dependencyLoop.xml (Known Failure) 
15 ms. Memory: 163840K Free: 138309K (84%)


==== $PTIIhome/travis/build/icyphy/ptII/ptolemy/domains/de/test/../../../../: Auto Automatic test in file $PTII/ptolemy/domains/de/test/auto/knownFailedTests/dependencyLoop.xml
==== Contents of test case:

	    # FIXME: we should use $relativeFilename here, but it
	    # might have backslashes under Windows, which causes no end
	    # of trouble.
	    createAndExecute $file
	    list {}
	
.... Test generated KNOWN error:
    while executing
ptolemy.kernel.util.IllegalActionException: Found a zero delay loop containing .dependencyLoop.original
  in .dependencyLoop and .dependencyLoop.original
	at ptolemy.actor.util.CausalityInterfaceForComposites._computeOutputPortDepth(CausalityInterfaceForComposites.java:759)
	at ptolemy.actor.util.CausalityInterfaceForComposites._computeInputDepth(CausalityInterfaceForComposites.java:696)
	at ptolemy.actor.util.CausalityInterfaceForComposites._computeOutputPortDepth(CausalityInterfaceForComposites.java:765)
	at ptolemy.actor.util.CausalityInterfaceForComposites._computeInputDepth(CausalityInterfaceForComposites.java:696)
	at ptolemy.actor.util.CausalityInterfaceForComposites._computeOutputPortDepth(CausalityInterfaceForComposites.java:765)
	at ptolemy.actor.util.CausalityInterfaceForComposites._computeInputDepth(CausalityInterfaceForComposites.java:696)
	at ptolemy.actor.util.CausalityInterfaceForComposites._computeActorDepth(CausalityInterfaceForComposites.java:532)
	at ptolemy.actor.util.CausalityInterfaceForComposites.checkForCycles(CausalityInterfaceForComposites.java:96)
	at ptolemy.domains.de.kernel.DEDirector.preinitialize(DEDirector.java:1338)
	at ptolemy.actor.CompositeActor.preinitialize(CompositeActor.java:1828)
	at ptolemy.actor.Manager.preinitializeAndResolveTypes(Manager.java:1040)
	at ptolemy.actor.Manager.initialize(Manager.java:710)
	at ptolemy.actor.Manager.execute(Manager.java:356)
	at ptolemy.actor.Manager.run(Manager.java:1263)
	at ptolemy.actor.Manager$PtolemyRunThread.run(Manager.java:1915)

    while executing
ptolemy.kernel.util.IllegalActionException: Found a zero delay loop containing .dependencyLoop.original
  in .dependencyLoop and .dependencyLoop.original
    while executing
"java::new ptolemy.moml.MoMLSimpleApplication $file
"
    (procedure "createAndExecute" line 2)
    invoked from within
"createAndExecute $file"
    ("uplevel" body line 5)
    invoked from within
"uplevel $contents_of_test"
------------------ testing $PTII/ptolemy/domains/de/test/auto/knownFailedTests/FSMSource.xml (Known Failure) 
93 ms. Memory: 163840K Free: 129422K (79%)
!!!! Auto was marked as failing, but now passes
------------------ testing $PTII/ptolemy/domains/de/test/auto/knownFailedTests/HierarchicalModel.xml (Known Failure) 
11 ms. Memory: 163840K Free: 144490K (88%)


==== $PTIIhome/travis/build/icyphy/ptII/ptolemy/domains/de/test/../../../../: Auto Automatic test in file $PTII/ptolemy/domains/de/test/auto/knownFailedTests/HierarchicalModel.xml
==== Contents of test case:

	    # FIXME: we should use $relativeFilename here, but it
	    # might have backslashes under Windows, which causes no end
	    # of trouble.
	    createAndExecute $file
	    list {}
	
.... Test generated KNOWN error:
    while executing
ptolemy.kernel.util.IllegalActionException: Found a zero delay loop containing .HierarchicalModel.A
  in .HierarchicalModel and .HierarchicalModel.A
	at ptolemy.actor.util.CausalityInterfaceForComposites._computeOutputPortDepth(CausalityInterfaceForComposites.java:759)
	at ptolemy.actor.util.CausalityInterfaceForComposites._computeInputDepth(CausalityInterfaceForComposites.java:696)
	at ptolemy.actor.util.CausalityInterfaceForComposites._computeOutputPortDepth(CausalityInterfaceForComposites.java:765)
	at ptolemy.actor.util.CausalityInterfaceForComposites._computeInputDepth(CausalityInterfaceForComposites.java:696)
	at ptolemy.actor.util.CausalityInterfaceForComposites._computeOutputPortDepth(CausalityInterfaceForComposites.java:765)
	at ptolemy.actor.util.CausalityInterfaceForComposites._computeInputDepth(CausalityInterfaceForComposites.java:696)
	at ptolemy.actor.util.CausalityInterfaceForComposites._computeActorDepth(CausalityInterfaceForComposites.java:532)
	at ptolemy.actor.util.CausalityInterfaceForComposites.checkForCycles(CausalityInterfaceForComposites.java:96)
	at ptolemy.domains.de.kernel.DEDirector.preinitialize(DEDirector.java:1338)
	at ptolemy.actor.CompositeActor.preinitialize(CompositeActor.java:1828)
	at ptolemy.actor.Manager.preinitializeAndResolveTypes(Manager.java:1040)
	at ptolemy.actor.Manager.initialize(Manager.java:710)
	at ptolemy.actor.Manager.execute(Manager.java:356)
	at ptolemy.actor.Manager.run(Manager.java:1263)
	at ptolemy.actor.Manager$PtolemyRunThread.run(Manager.java:1915)

    while executing
ptolemy.kernel.util.IllegalActionException: Found a zero delay loop containing .HierarchicalModel.A
  in .HierarchicalModel and .HierarchicalModel.A
    while executing
"java::new ptolemy.moml.MoMLSimpleApplication $file
"
    (procedure "createAndExecute" line 2)
    invoked from within
"createAndExecute $file"
    ("uplevel" body line 5)
    invoked from within
"uplevel $contents_of_test"
------------------ testing $PTII/ptolemy/domains/de/test/auto/knownFailedTests/dependencyLoop2.xml (Known Failure) 
10 ms. Memory: 163840K Free: 128565K (78%)


==== $PTIIhome/travis/build/icyphy/ptII/ptolemy/domains/de/test/../../../../: Auto Automatic test in file $PTII/ptolemy/domains/de/test/auto/knownFailedTests/dependencyLoop2.xml
==== Contents of test case:

	    # FIXME: we should use $relativeFilename here, but it
	    # might have backslashes under Windows, which causes no end
	    # of trouble.
	    createAndExecute $file
	    list {}
	
.... Test generated KNOWN error:
    while executing
ptolemy.kernel.util.IllegalActionException: Found a zero delay loop containing .dependencyLoop2.original
  in .dependencyLoop2 and .dependencyLoop2.original
	at ptolemy.actor.util.CausalityInterfaceForComposites._computeOutputPortDepth(CausalityInterfaceForComposites.java:759)
	at ptolemy.actor.util.CausalityInterfaceForComposites._computeInputDepth(CausalityInterfaceForComposites.java:696)
	at ptolemy.actor.util.CausalityInterfaceForComposites._computeOutputPortDepth(CausalityInterfaceForComposites.java:765)
	at ptolemy.actor.util.CausalityInterfaceForComposites._computeInputDepth(CausalityInterfaceForComposites.java:696)
	at ptolemy.actor.util.CausalityInterfaceForComposites._computeOutputPortDepth(CausalityInterfaceForComposites.java:765)
	at ptolemy.actor.util.CausalityInterfaceForComposites._computeInputDepth(CausalityInterfaceForComposites.java:696)
	at ptolemy.actor.util.CausalityInterfaceForComposites._computeActorDepth(CausalityInterfaceForComposites.java:532)
	at ptolemy.actor.util.CausalityInterfaceForComposites.checkForCycles(CausalityInterfaceForComposites.java:96)
	at ptolemy.domains.de.kernel.DEDirector.preinitialize(DEDirector.java:1338)
	at ptolemy.actor.CompositeActor.preinitialize(CompositeActor.java:1828)
	at ptolemy.actor.Manager.preinitializeAndResolveTypes(Manager.java:1040)
	at ptolemy.actor.Manager.initialize(Manager.java:710)
	at ptolemy.actor.Manager.execute(Manager.java:356)
	at ptolemy.actor.Manager.run(Manager.java:1263)
	at ptolemy.actor.Manager$PtolemyRunThread.run(Manager.java:1915)

    while executing
ptolemy.kernel.util.IllegalActionException: Found a zero delay loop containing .dependencyLoop2.original
  in .dependencyLoop2 and .dependencyLoop2.original
    while executing
"java::new ptolemy.moml.MoMLSimpleApplication $file
"
    (procedure "createAndExecute" line 2)
    invoked from within
"createAndExecute $file"
    ("uplevel" body line 5)
    invoked from within
"uplevel $contents_of_test"
------------------ testing $PTII/ptolemy/domains/de/test/auto/knownFailedTests/DESDFClockTest.xml (Known Failure) 
2045 ms. Memory: 163840K Free: 115818K (71%)


==== $PTIIhome/travis/build/icyphy/ptII/ptolemy/domains/de/test/../../../../: Auto Automatic test in file $PTII/ptolemy/domains/de/test/auto/knownFailedTests/DESDFClockTest.xml
==== Contents of test case:

	    # FIXME: we should use $relativeFilename here, but it
	    # might have backslashes under Windows, which causes no end
	    # of trouble.
	    createAndExecute $file
	    list {}
	
.... Test generated KNOWN error:
    while executing
ptolemy.kernel.util.IllegalActionException: Actor is not ready to fire.  Perhaps UpSample.prefire() returned false? Try debugging the actor by selecting "Listen to Actor".  Also, for SDF check moml for tokenConsumptionRate on input.
  in .DESDFClockTest.Play Bell.Copy1:SDF Director and .DESDFClockTest.Play Bell.UpSample
	at ptolemy.actor.sched.StaticSchedulingDirector.fire(StaticSchedulingDirector.java:227)
	at ptolemy.domains.sdf.kernel.SDFDirector.fire(SDFDirector.java:500)
	at ptolemy.actor.CompositeActor.fire(CompositeActor.java:455)
	at ptolemy.domains.de.kernel.DEDirector._fire(DEDirector.java:1949)
	at ptolemy.domains.de.kernel.DEDirector.fire(DEDirector.java:502)
	at ptolemy.actor.CompositeActor.fire(CompositeActor.java:455)
	at ptolemy.actor.Manager.iterate(Manager.java:851)
	at ptolemy.actor.Manager.execute(Manager.java:369)
	at ptolemy.actor.Manager.run(Manager.java:1263)
	at ptolemy.actor.Manager$PtolemyRunThread.run(Manager.java:1915)

    while executing
ptolemy.kernel.util.IllegalActionException: Actor is not ready to fire.  Perhaps UpSample.prefire() returned false? Try debugging the actor by selecting "Listen to Actor".  Also, for SDF check moml for tokenConsumptionRate on input.
  in .DESDFClockTest.Play Bell.Copy1:SDF Director and .DESDFClockTest.Play Bell.UpSample
    while executing
"java::new ptolemy.moml.MoMLSimpleApplication $file
"
    (procedure "createAndExecute" line 2)
    invoked from within
"createAndExecute $file"
    ("uplevel" body line 5)
    invoked from within
"uplevel $contents_of_test"
------------------ testing $PTII/ptolemy/domains/de/test/auto/ActorDepthCalculation_actorWithoutPorts.xml
auto.tcl: Setting watchdog for 200 seconds at Wed Jul 10 03:09:10 UTC 2019
11 ms. Memory: 163840K Free: 108591K (66%)
ptolemy.util.test.WatchDog.cancel(): canceling Wed Jul 10 03:09:10 UTC 2019
auto.tcl: Setting watchdog for 200 seconds at Wed Jul 10 03:09:10 UTC 2019
5 ms. Memory: 163840K Free: 107053K (65%)
ptolemy.util.test.WatchDog.cancel(): canceling Wed Jul 10 03:09:10 UTC 2019
------------------ testing $PTII/ptolemy/domains/de/test/auto/AssemblyLine.xml
auto.tcl: Setting watchdog for 200 seconds at Wed Jul 10 03:09:11 UTC 2019
10 ms. Memory: 45056K Free: 24212K (54%)
ptolemy.util.test.WatchDog.cancel(): canceling Wed Jul 10 03:09:11 UTC 2019
auto.tcl: Setting watchdog for 200 seconds at Wed Jul 10 03:09:11 UTC 2019
15 ms. Memory: 45056K Free: 23568K (52%)
ptolemy.util.test.WatchDog.cancel(): canceling Wed Jul 10 03:09:11 UTC 2019
------------------ testing $PTII/ptolemy/domains/de/test/auto/CQBug1.xml
auto.tcl: Setting watchdog for 200 seconds at Wed Jul 10 03:09:11 UTC 2019
2 ms. Memory: 45056K Free: 29122K (65%)
ptolemy.util.test.WatchDog.cancel(): canceling Wed Jul 10 03:09:11 UTC 2019
auto.tcl: Setting watchdog for 200 seconds at Wed Jul 10 03:09:11 UTC 2019
3 ms. Memory: 45056K Free: 28785K (64%)
ptolemy.util.test.WatchDog.cancel(): canceling Wed Jul 10 03:09:11 UTC 2019
------------------ testing $PTII/ptolemy/domains/de/test/auto/CancelFireAt.xml
auto.tcl: Setting watchdog for 200 seconds at Wed Jul 10 03:09:11 UTC 2019
3 ms. Memory: 45056K Free: 30055K (67%)
ptolemy.util.test.WatchDog.cancel(): canceling Wed Jul 10 03:09:11 UTC 2019
auto.tcl: Setting watchdog for 200 seconds at Wed Jul 10 03:09:11 UTC 2019
3 ms. Memory: 45056K Free: 29726K (66%)
ptolemy.util.test.WatchDog.cancel(): canceling Wed Jul 10 03:09:11 UTC 2019
------------------ testing $PTII/ptolemy/domains/de/test/auto/CausalityAndComposabilityAnalysis.xml
auto.tcl: Setting watchdog for 200 seconds at Wed Jul 10 03:09:11 UTC 2019
10 ms. Memory: 45056K Free: 28203K (63%)
ptolemy.util.test.WatchDog.cancel(): canceling Wed Jul 10 03:09:11 UTC 2019
auto.tcl: Setting watchdog for 200 seconds at Wed Jul 10 03:09:11 UTC 2019
5 ms. Memory: 45056K Free: 27561K (61%)
ptolemy.util.test.WatchDog.cancel(): canceling Wed Jul 10 03:09:11 UTC 2019
------------------ testing $PTII/ptolemy/domains/de/test/auto/CausalityInterface1.xml
auto.tcl: Setting watchdog for 200 seconds at Wed Jul 10 03:09:11 UTC 2019
26 ms. Memory: 45056K Free: 26733K (59%)
ptolemy.util.test.WatchDog.cancel(): canceling Wed Jul 10 03:09:12 UTC 2019
auto.tcl: Setting watchdog for 200 seconds at Wed Jul 10 03:09:12 UTC 2019
3 ms. Memory: 45056K Free: 25976K (58%)
ptolemy.util.test.WatchDog.cancel(): canceling Wed Jul 10 03:09:12 UTC 2019
------------------ testing $PTII/ptolemy/domains/de/test/auto/CausalityInterface15.xml
auto.tcl: Setting watchdog for 200 seconds at Wed Jul 10 03:09:12 UTC 2019
11 ms. Memory: 45056K Free: 27082K (60%)
ptolemy.util.test.WatchDog.cancel(): canceling Wed Jul 10 03:09:12 UTC 2019
auto.tcl: Setting watchdog for 200 seconds at Wed Jul 10 03:09:12 UTC 2019
9 ms. Memory: 45056K Free: 25909K (58%)
ptolemy.util.test.WatchDog.cancel(): canceling Wed Jul 10 03:09:12 UTC 2019
------------------ testing $PTII/ptolemy/domains/de/test/auto/CausalityInterface2.xml
auto.tcl: Setting watchdog for 200 seconds at Wed Jul 10 03:09:12 UTC 2019
5 ms. Memory: 45056K Free: 27606K (61%)
ptolemy.util.test.WatchDog.cancel(): canceling Wed Jul 10 03:09:12 UTC 2019
auto.tcl: Setting watchdog for 200 seconds at Wed Jul 10 03:09:12 UTC 2019
3 ms. Memory: 45056K Free: 26952K (60%)
ptolemy.util.test.WatchDog.cancel(): canceling Wed Jul 10 03:09:12 UTC 2019
------------------ testing $PTII/ptolemy/domains/de/test/auto/CausalityInterface3.xml
auto.tcl: Setting watchdog for 200 seconds at Wed Jul 10 03:09:12 UTC 2019
7 ms. Memory: 45056K Free: 27273K (61%)
ptolemy.util.test.WatchDog.cancel(): canceling Wed Jul 10 03:09:12 UTC 2019
auto.tcl: Setting watchdog for 200 seconds at Wed Jul 10 03:09:12 UTC 2019
3 ms. Memory: 45056K Free: 26302K (58%)
ptolemy.util.test.WatchDog.cancel(): canceling Wed Jul 10 03:09:12 UTC 2019
------------------ testing $PTII/ptolemy/domains/de/test/auto/ClockDrift.xml
auto.tcl: Setting watchdog for 200 seconds at Wed Jul 10 03:09:12 UTC 2019
100 ms. Memory: 45056K Free: 19720K (44%)
ptolemy.util.test.WatchDog.cancel(): canceling Wed Jul 10 03:09:12 UTC 2019
auto.tcl: Setting watchdog for 200 seconds at Wed Jul 10 03:09:12 UTC 2019
33 ms. Memory: 45056K Free: 16720K (37%)
ptolemy.util.test.WatchDog.cancel(): canceling Wed Jul 10 03:09:12 UTC 2019
------------------ testing $PTII/ptolemy/domains/de/test/auto/ClockDriftAndValueChange.xml
auto.tcl: Setting watchdog for 200 seconds at Wed Jul 10 03:09:12 UTC 2019
49 ms. Memory: 45056K Free: 20035K (44%)
ptolemy.util.test.WatchDog.cancel(): canceling Wed Jul 10 03:09:12 UTC 2019
auto.tcl: Setting watchdog for 200 seconds at Wed Jul 10 03:09:12 UTC 2019
20 ms. Memory: 45056K Free: 17009K (38%)
ptolemy.util.test.WatchDog.cancel(): canceling Wed Jul 10 03:09:12 UTC 2019
------------------ testing $PTII/ptolemy/domains/de/test/auto/ClockDriftChange.xml
auto.tcl: Setting watchdog for 200 seconds at Wed Jul 10 03:09:12 UTC 2019
21 ms. Memory: 45056K Free: 21797K (48%)
ptolemy.util.test.WatchDog.cancel(): canceling Wed Jul 10 03:09:12 UTC 2019
auto.tcl: Setting watchdog for 200 seconds at Wed Jul 10 03:09:12 UTC 2019
26 ms. Memory: 45056K Free: 19065K (42%)
ptolemy.util.test.WatchDog.cancel(): canceling Wed Jul 10 03:09:12 UTC 2019
------------------ testing $PTII/ptolemy/domains/de/test/auto/ComposableCausalityAnalysis.xml
auto.tcl: Setting watchdog for 200 seconds at Wed Jul 10 03:09:12 UTC 2019
3 ms. Memory: 45056K Free: 26292K (58%)
ptolemy.util.test.WatchDog.cancel(): canceling Wed Jul 10 03:09:12 UTC 2019
auto.tcl: Setting watchdog for 200 seconds at Wed Jul 10 03:09:12 UTC 2019
2 ms. Memory: 45056K Free: 25484K (57%)
ptolemy.util.test.WatchDog.cancel(): canceling Wed Jul 10 03:09:12 UTC 2019
------------------ testing $PTII/ptolemy/domains/de/test/auto/DEFixedPointLimitation.xml
auto.tcl: Setting watchdog for 200 seconds at Wed Jul 10 03:09:12 UTC 2019
2 ms. Memory: 45056K Free: 27855K (62%)
ptolemy.util.test.WatchDog.cancel(): canceling Wed Jul 10 03:09:12 UTC 2019
auto.tcl: Setting watchdog for 200 seconds at Wed Jul 10 03:09:12 UTC 2019
1 ms. Memory: 45056K Free: 26901K (60%)
ptolemy.util.test.WatchDog.cancel(): canceling Wed Jul 10 03:09:12 UTC 2019
------------------ testing $PTII/ptolemy/domains/de/test/auto/DEScheduleTest.xml
auto.tcl: Setting watchdog for 200 seconds at Wed Jul 10 03:09:13 UTC 2019
7 ms. Memory: 45056K Free: 28080K (62%)
ptolemy.util.test.WatchDog.cancel(): canceling Wed Jul 10 03:09:13 UTC 2019
auto.tcl: Setting watchdog for 200 seconds at Wed Jul 10 03:09:13 UTC 2019
3 ms. Memory: 45056K Free: 27256K (60%)
ptolemy.util.test.WatchDog.cancel(): canceling Wed Jul 10 03:09:13 UTC 2019
------------------ testing $PTII/ptolemy/domains/de/test/auto/DEinDEwithStartTimes.xml
auto.tcl: Setting watchdog for 200 seconds at Wed Jul 10 03:09:13 UTC 2019
6 ms. Memory: 45056K Free: 26382K (59%)
ptolemy.util.test.WatchDog.cancel(): canceling Wed Jul 10 03:09:13 UTC 2019
auto.tcl: Setting watchdog for 200 seconds at Wed Jul 10 03:09:13 UTC 2019
3 ms. Memory: 45056K Free: 25275K (56%)
ptolemy.util.test.WatchDog.cancel(): canceling Wed Jul 10 03:09:13 UTC 2019
------------------ testing $PTII/ptolemy/domains/de/test/auto/DEinDEwithStartTimes2.xml
auto.tcl: Setting watchdog for 200 seconds at Wed Jul 10 03:09:13 UTC 2019
4 ms. Memory: 45056K Free: 25756K (57%)
ptolemy.util.test.WatchDog.cancel(): canceling Wed Jul 10 03:09:13 UTC 2019
auto.tcl: Setting watchdog for 200 seconds at Wed Jul 10 03:09:13 UTC 2019
7 ms. Memory: 45056K Free: 24173K (54%)
ptolemy.util.test.WatchDog.cancel(): canceling Wed Jul 10 03:09:13 UTC 2019
------------------ testing $PTII/ptolemy/domains/de/test/auto/DateDemo.xml
auto.tcl: Setting watchdog for 200 seconds at Wed Jul 10 03:09:13 UTC 2019
24 ms. Memory: 45056K Free: 20260K (45%)
ptolemy.util.test.WatchDog.cancel(): canceling Wed Jul 10 03:09:13 UTC 2019
auto.tcl: Setting watchdog for 200 seconds at Wed Jul 10 03:09:13 UTC 2019
12 ms. Memory: 45056K Free: 18663K (41%)
ptolemy.util.test.WatchDog.cancel(): canceling Wed Jul 10 03:09:13 UTC 2019
------------------ testing $PTII/ptolemy/domains/de/test/auto/DateToEvent.xml
auto.tcl: Setting watchdog for 200 seconds at Wed Jul 10 03:09:13 UTC 2019
2015 ms. Memory: 45056K Free: 15675K (35%)
ptolemy.util.test.WatchDog.cancel(): canceling Wed Jul 10 03:09:15 UTC 2019
auto.tcl: Setting watchdog for 200 seconds at Wed Jul 10 03:09:15 UTC 2019
2004 ms. Memory: 45056K Free: 15052K (33%)
ptolemy.util.test.WatchDog.cancel(): canceling Wed Jul 10 03:09:17 UTC 2019
------------------ testing $PTII/ptolemy/domains/de/test/auto/DepthTest1.xml
auto.tcl: Setting watchdog for 200 seconds at Wed Jul 10 03:09:17 UTC 2019
2 ms. Memory: 45056K Free: 28902K (64%)
ptolemy.util.test.WatchDog.cancel(): canceling Wed Jul 10 03:09:17 UTC 2019
auto.tcl: Setting watchdog for 200 seconds at Wed Jul 10 03:09:17 UTC 2019
1 ms. Memory: 45056K Free: 28473K (63%)
ptolemy.util.test.WatchDog.cancel(): canceling Wed Jul 10 03:09:17 UTC 2019
------------------ testing $PTII/ptolemy/domains/de/test/auto/DepthTest2.xml
auto.tcl: Setting watchdog for 200 seconds at Wed Jul 10 03:09:17 UTC 2019
3 ms. Memory: 45056K Free: 25759K (57%)
ptolemy.util.test.WatchDog.cancel(): canceling Wed Jul 10 03:09:17 UTC 2019
auto.tcl: Setting watchdog for 200 seconds at Wed Jul 10 03:09:17 UTC 2019
3 ms. Memory: 45056K Free: 25152K (56%)
ptolemy.util.test.WatchDog.cancel(): canceling Wed Jul 10 03:09:17 UTC 2019
------------------ testing $PTII/ptolemy/domains/de/test/auto/DepthTest3.xml
auto.tcl: Setting watchdog for 200 seconds at Wed Jul 10 03:09:17 UTC 2019
2 ms. Memory: 45056K Free: 29239K (65%)
ptolemy.util.test.WatchDog.cancel(): canceling Wed Jul 10 03:09:17 UTC 2019
auto.tcl: Setting watchdog for 200 seconds at Wed Jul 10 03:09:17 UTC 2019
2 ms. Memory: 45056K Free: 28516K (63%)
ptolemy.util.test.WatchDog.cancel(): canceling Wed Jul 10 03:09:17 UTC 2019
------------------ testing $PTII/ptolemy/domains/de/test/auto/DepthTest4.xml
auto.tcl: Setting watchdog for 200 seconds at Wed Jul 10 03:09:17 UTC 2019
11 ms. Memory: 45056K Free: 27523K (61%)
ptolemy.util.test.WatchDog.cancel(): canceling Wed Jul 10 03:09:17 UTC 2019
auto.tcl: Setting watchdog for 200 seconds at Wed Jul 10 03:09:17 UTC 2019
2 ms. Memory: 45056K Free: 26862K (60%)
ptolemy.util.test.WatchDog.cancel(): canceling Wed Jul 10 03:09:17 UTC 2019
------------------ testing $PTII/ptolemy/domains/de/test/auto/DepthTest5.xml
auto.tcl: Setting watchdog for 200 seconds at Wed Jul 10 03:09:17 UTC 2019
3 ms. Memory: 45056K Free: 26722K (59%)
ptolemy.util.test.WatchDog.cancel(): canceling Wed Jul 10 03:09:17 UTC 2019
auto.tcl: Setting watchdog for 200 seconds at Wed Jul 10 03:09:17 UTC 2019
3 ms. Memory: 45056K Free: 26115K (58%)
ptolemy.util.test.WatchDog.cancel(): canceling Wed Jul 10 03:09:17 UTC 2019
------------------ testing $PTII/ptolemy/domains/de/test/auto/DepthTest6.xml
auto.tcl: Setting watchdog for 200 seconds at Wed Jul 10 03:09:17 UTC 2019
6 ms. Memory: 45056K Free: 26692K (59%)
ptolemy.util.test.WatchDog.cancel(): canceling Wed Jul 10 03:09:17 UTC 2019
auto.tcl: Setting watchdog for 200 seconds at Wed Jul 10 03:09:17 UTC 2019
3 ms. Memory: 45056K Free: 26092K (58%)
ptolemy.util.test.WatchDog.cancel(): canceling Wed Jul 10 03:09:17 UTC 2019
------------------ testing $PTII/ptolemy/domains/de/test/auto/DepthTest7.xml
auto.tcl: Setting watchdog for 200 seconds at Wed Jul 10 03:09:18 UTC 2019
10 ms. Memory: 45056K Free: 27520K (61%)
ptolemy.util.test.WatchDog.cancel(): canceling Wed Jul 10 03:09:18 UTC 2019
auto.tcl: Setting watchdog for 200 seconds at Wed Jul 10 03:09:18 UTC 2019
2 ms. Memory: 45056K Free: 26787K (59%)
ptolemy.util.test.WatchDog.cancel(): canceling Wed Jul 10 03:09:18 UTC 2019
------------------ testing $PTII/ptolemy/domains/de/test/auto/EventToDate.xml
auto.tcl: Setting watchdog for 200 seconds at Wed Jul 10 03:09:18 UTC 2019
3006 ms. Memory: 45056K Free: 18203K (40%)
ptolemy.util.test.WatchDog.cancel(): canceling Wed Jul 10 03:09:21 UTC 2019
auto.tcl: Setting watchdog for 200 seconds at Wed Jul 10 03:09:21 UTC 2019
3004 ms. Memory: 45056K Free: 17605K (39%)
ptolemy.util.test.WatchDog.cancel(): canceling Wed Jul 10 03:09:24 UTC 2019
------------------ testing $PTII/ptolemy/domains/de/test/auto/FSM1.xml
auto.tcl: Setting watchdog for 200 seconds at Wed Jul 10 03:09:24 UTC 2019
41 ms. Memory: 45056K Free: 19457K (43%)
ptolemy.util.test.WatchDog.cancel(): canceling Wed Jul 10 03:09:24 UTC 2019
auto.tcl: Setting watchdog for 200 seconds at Wed Jul 10 03:09:24 UTC 2019
31 ms. Memory: 45056K Free: 16253K (36%)
ptolemy.util.test.WatchDog.cancel(): canceling Wed Jul 10 03:09:24 UTC 2019
------------------ testing $PTII/ptolemy/domains/de/test/auto/FSM7.xml
auto.tcl: Setting watchdog for 200 seconds at Wed Jul 10 03:09:24 UTC 2019
17 ms. Memory: 45056K Free: 19431K (43%)
ptolemy.util.test.WatchDog.cancel(): canceling Wed Jul 10 03:09:24 UTC 2019
auto.tcl: Setting watchdog for 200 seconds at Wed Jul 10 03:09:24 UTC 2019
18 ms. Memory: 45056K Free: 16465K (37%)
ptolemy.util.test.WatchDog.cancel(): canceling Wed Jul 10 03:09:24 UTC 2019
------------------ testing $PTII/ptolemy/domains/de/test/auto/Inspection.xml
auto.tcl: Setting watchdog for 200 seconds at Wed Jul 10 03:09:24 UTC 2019
21 ms. Memory: 45056K Free: 19292K (43%)
ptolemy.util.test.WatchDog.cancel(): canceling Wed Jul 10 03:09:24 UTC 2019
auto.tcl: Setting watchdog for 200 seconds at Wed Jul 10 03:09:24 UTC 2019
24 ms. Memory: 45056K Free: 17501K (39%)
ptolemy.util.test.WatchDog.cancel(): canceling Wed Jul 10 03:09:24 UTC 2019
------------------ testing $PTII/ptolemy/domains/de/test/auto/Iteration.xml
auto.tcl: Setting watchdog for 200 seconds at Wed Jul 10 03:09:24 UTC 2019
8 ms. Memory: 45056K Free: 24937K (55%)
ptolemy.util.test.WatchDog.cancel(): canceling Wed Jul 10 03:09:24 UTC 2019
auto.tcl: Setting watchdog for 200 seconds at Wed Jul 10 03:09:24 UTC 2019
8 ms. Memory: 45056K Free: 23929K (53%)
ptolemy.util.test.WatchDog.cancel(): canceling Wed Jul 10 03:09:24 UTC 2019
------------------ testing $PTII/ptolemy/domains/de/test/auto/LineFault.xml
auto.tcl: Setting watchdog for 200 seconds at Wed Jul 10 03:09:24 UTC 2019
783 ms. Memory: 54272K Free: 35728K (66%)
ptolemy.util.test.WatchDog.cancel(): canceling Wed Jul 10 03:09:25 UTC 2019
auto.tcl: Setting watchdog for 200 seconds at Wed Jul 10 03:09:25 UTC 2019
634 ms. Memory: 54272K Free: 24818K (46%)
ptolemy.util.test.WatchDog.cancel(): canceling Wed Jul 10 03:09:26 UTC 2019
------------------ testing $PTII/ptolemy/domains/de/test/auto/MergeModel1Add.xml
auto.tcl: Setting watchdog for 200 seconds at Wed Jul 10 03:09:26 UTC 2019
39 ms. Memory: 51200K Free: 17585K (34%)
ptolemy.util.test.WatchDog.cancel(): canceling Wed Jul 10 03:09:26 UTC 2019
auto.tcl: Setting watchdog for 200 seconds at Wed Jul 10 03:09:26 UTC 2019
10 ms. Memory: 51200K Free: 15827K (31%)
ptolemy.util.test.WatchDog.cancel(): canceling Wed Jul 10 03:09:26 UTC 2019
------------------ testing $PTII/ptolemy/domains/de/test/auto/MergeModel2Add.xml
auto.tcl: Setting watchdog for 200 seconds at Wed Jul 10 03:09:26 UTC 2019
12 ms. Memory: 45056K Free: 13444K (30%)
ptolemy.util.test.WatchDog.cancel(): canceling Wed Jul 10 03:09:26 UTC 2019
auto.tcl: Setting watchdog for 200 seconds at Wed Jul 10 03:09:26 UTC 2019
12 ms. Memory: 45056K Free: 12023K (27%)
ptolemy.util.test.WatchDog.cancel(): canceling Wed Jul 10 03:09:26 UTC 2019
------------------ testing $PTII/ptolemy/domains/de/test/auto/MergeModel3Add.xml
auto.tcl: Setting watchdog for 200 seconds at Wed Jul 10 03:09:26 UTC 2019
9 ms. Memory: 45056K Free: 13021K (29%)
ptolemy.util.test.WatchDog.cancel(): canceling Wed Jul 10 03:09:26 UTC 2019
auto.tcl: Setting watchdog for 200 seconds at Wed Jul 10 03:09:26 UTC 2019
10 ms. Memory: 45056K Free: 11665K (26%)
ptolemy.util.test.WatchDog.cancel(): canceling Wed Jul 10 03:09:26 UTC 2019
------------------ testing $PTII/ptolemy/domains/de/test/auto/MergeWithoutDiscard.xml
auto.tcl: Setting watchdog for 200 seconds at Wed Jul 10 03:09:26 UTC 2019
2 ms. Memory: 45056K Free: 27500K (61%)
ptolemy.util.test.WatchDog.cancel(): canceling Wed Jul 10 03:09:26 UTC 2019
auto.tcl: Setting watchdog for 200 seconds at Wed Jul 10 03:09:26 UTC 2019
2 ms. Memory: 45056K Free: 27115K (60%)
ptolemy.util.test.WatchDog.cancel(): canceling Wed Jul 10 03:09:26 UTC 2019
------------------ testing $PTII/ptolemy/domains/de/test/auto/Modal1.xml
auto.tcl: Setting watchdog for 200 seconds at Wed Jul 10 03:09:26 UTC 2019
16 ms. Memory: 45056K Free: 19473K (43%)
ptolemy.util.test.WatchDog.cancel(): canceling Wed Jul 10 03:09:26 UTC 2019
auto.tcl: Setting watchdog for 200 seconds at Wed Jul 10 03:09:26 UTC 2019
19 ms. Memory: 45056K Free: 16031K (36%)
ptolemy.util.test.WatchDog.cancel(): canceling Wed Jul 10 03:09:26 UTC 2019
------------------ testing $PTII/ptolemy/domains/de/test/auto/Modal2.xml
auto.tcl: Setting watchdog for 200 seconds at Wed Jul 10 03:09:26 UTC 2019
19 ms. Memory: 45056K Free: 19565K (43%)
ptolemy.util.test.WatchDog.cancel(): canceling Wed Jul 10 03:09:27 UTC 2019
auto.tcl: Setting watchdog for 200 seconds at Wed Jul 10 03:09:27 UTC 2019
13 ms. Memory: 45056K Free: 16305K (36%)
ptolemy.util.test.WatchDog.cancel(): canceling Wed Jul 10 03:09:27 UTC 2019
------------------ testing $PTII/ptolemy/domains/de/test/auto/Modal3.xml
auto.tcl: Setting watchdog for 200 seconds at Wed Jul 10 03:09:27 UTC 2019
19 ms. Memory: 45056K Free: 19564K (43%)
ptolemy.util.test.WatchDog.cancel(): canceling Wed Jul 10 03:09:27 UTC 2019
auto.tcl: Setting watchdog for 200 seconds at Wed Jul 10 03:09:27 UTC 2019
13 ms. Memory: 45056K Free: 16343K (36%)
ptolemy.util.test.WatchDog.cancel(): canceling Wed Jul 10 03:09:27 UTC 2019
------------------ testing $PTII/ptolemy/domains/de/test/auto/Modal4.xml
auto.tcl: Setting watchdog for 200 seconds at Wed Jul 10 03:09:27 UTC 2019
27 ms. Memory: 45056K Free: 18307K (41%)
ptolemy.util.test.WatchDog.cancel(): canceling Wed Jul 10 03:09:27 UTC 2019
auto.tcl: Setting watchdog for 200 seconds at Wed Jul 10 03:09:27 UTC 2019
18 ms. Memory: 45056K Free: 14289K (32%)
ptolemy.util.test.WatchDog.cancel(): canceling Wed Jul 10 03:09:27 UTC 2019
------------------ testing $PTII/ptolemy/domains/de/test/auto/Modal5.xml
auto.tcl: Setting watchdog for 200 seconds at Wed Jul 10 03:09:27 UTC 2019
15 ms. Memory: 45056K Free: 18509K (41%)
ptolemy.util.test.WatchDog.cancel(): canceling Wed Jul 10 03:09:27 UTC 2019
auto.tcl: Setting watchdog for 200 seconds at Wed Jul 10 03:09:27 UTC 2019
15 ms. Memory: 45056K Free: 14644K (33%)
ptolemy.util.test.WatchDog.cancel(): canceling Wed Jul 10 03:09:27 UTC 2019
------------------ testing $PTII/ptolemy/domains/de/test/auto/Modal6.xml
auto.tcl: Setting watchdog for 200 seconds at Wed Jul 10 03:09:27 UTC 2019
19 ms. Memory: 45056K Free: 19330K (43%)
ptolemy.util.test.WatchDog.cancel(): canceling Wed Jul 10 03:09:27 UTC 2019
auto.tcl: Setting watchdog for 200 seconds at Wed Jul 10 03:09:27 UTC 2019
20 ms. Memory: 45056K Free: 15666K (35%)
ptolemy.util.test.WatchDog.cancel(): canceling Wed Jul 10 03:09:27 UTC 2019
------------------ testing $PTII/ptolemy/domains/de/test/auto/Modal7.xml
auto.tcl: Setting watchdog for 200 seconds at Wed Jul 10 03:09:27 UTC 2019
11 ms. Memory: 45056K Free: 18307K (41%)
ptolemy.util.test.WatchDog.cancel(): canceling Wed Jul 10 03:09:27 UTC 2019
auto.tcl: Setting watchdog for 200 seconds at Wed Jul 10 03:09:27 UTC 2019
12 ms. Memory: 45056K Free: 14969K (33%)
ptolemy.util.test.WatchDog.cancel(): canceling Wed Jul 10 03:09:27 UTC 2019
------------------ testing $PTII/ptolemy/domains/de/test/auto/ModalModel.xml
auto.tcl: Setting watchdog for 200 seconds at Wed Jul 10 03:09:27 UTC 2019
223 ms. Memory: 59392K Free: 25326K (43%)
ptolemy.util.test.WatchDog.cancel(): canceling Wed Jul 10 03:09:27 UTC 2019
auto.tcl: Setting watchdog for 200 seconds at Wed Jul 10 03:09:27 UTC 2019
189 ms. Memory: 59392K Free: 25111K (42%)
ptolemy.util.test.WatchDog.cancel(): canceling Wed Jul 10 03:09:28 UTC 2019
------------------ testing $PTII/ptolemy/domains/de/test/auto/ModalSource.xml
auto.tcl: Setting watchdog for 200 seconds at Wed Jul 10 03:09:28 UTC 2019
6 ms. Memory: 48128K Free: 26414K (55%)
ptolemy.util.test.WatchDog.cancel(): canceling Wed Jul 10 03:09:28 UTC 2019
auto.tcl: Setting watchdog for 200 seconds at Wed Jul 10 03:09:28 UTC 2019
6 ms. Memory: 48128K Free: 24495K (51%)
ptolemy.util.test.WatchDog.cancel(): canceling Wed Jul 10 03:09:28 UTC 2019
------------------ testing $PTII/ptolemy/domains/de/test/auto/NonInterruptibleTimerZeroDelay.xml
auto.tcl: Setting watchdog for 200 seconds at Wed Jul 10 03:09:28 UTC 2019
4 ms. Memory: 48128K Free: 31356K (65%)
ptolemy.util.test.WatchDog.cancel(): canceling Wed Jul 10 03:09:28 UTC 2019
auto.tcl: Setting watchdog for 200 seconds at Wed Jul 10 03:09:28 UTC 2019
2 ms. Memory: 48128K Free: 30674K (64%)
ptolemy.util.test.WatchDog.cancel(): canceling Wed Jul 10 03:09:28 UTC 2019
------------------ testing $PTII/ptolemy/domains/de/test/auto/OpenQueueingNetwork.xml
auto.tcl: Setting watchdog for 200 seconds at Wed Jul 10 03:09:28 UTC 2019
2899 ms. Memory: 95232K Free: 26924K (28%)
ptolemy.util.test.WatchDog.cancel(): canceling Wed Jul 10 03:09:31 UTC 2019
auto.tcl: Setting watchdog for 200 seconds at Wed Jul 10 03:09:31 UTC 2019
2598 ms. Memory: 114688K Free: 93447K (81%)
ptolemy.util.test.WatchDog.cancel(): canceling Wed Jul 10 03:09:34 UTC 2019
------------------ testing $PTII/ptolemy/domains/de/test/auto/OpenQueuingNetwork.xml
auto.tcl: Setting watchdog for 200 seconds at Wed Jul 10 03:09:34 UTC 2019
243 ms. Memory: 55296K Free: 24389K (44%)
ptolemy.util.test.WatchDog.cancel(): canceling Wed Jul 10 03:09:34 UTC 2019
auto.tcl: Setting watchdog for 200 seconds at Wed Jul 10 03:09:34 UTC 2019
246 ms. Memory: 55296K Free: 32477K (59%)
ptolemy.util.test.WatchDog.cancel(): canceling Wed Jul 10 03:09:34 UTC 2019
------------------ testing $PTII/ptolemy/domains/de/test/auto/PeriodicSampler.xml
auto.tcl: Setting watchdog for 200 seconds at Wed Jul 10 03:09:34 UTC 2019
2 ms. Memory: 48128K Free: 30524K (63%)
ptolemy.util.test.WatchDog.cancel(): canceling Wed Jul 10 03:09:34 UTC 2019
auto.tcl: Setting watchdog for 200 seconds at Wed Jul 10 03:09:34 UTC 2019
2 ms. Memory: 48128K Free: 30016K (62%)
ptolemy.util.test.WatchDog.cancel(): canceling Wed Jul 10 03:09:34 UTC 2019
------------------ testing $PTII/ptolemy/domains/de/test/auto/PersistentIO.xml
auto.tcl: Setting watchdog for 200 seconds at Wed Jul 10 03:09:34 UTC 2019
5 ms. Memory: 48128K Free: 25448K (53%)
ptolemy.util.test.WatchDog.cancel(): canceling Wed Jul 10 03:09:34 UTC 2019
auto.tcl: Setting watchdog for 200 seconds at Wed Jul 10 03:09:34 UTC 2019
5 ms. Memory: 48128K Free: 23969K (50%)
ptolemy.util.test.WatchDog.cancel(): canceling Wed Jul 10 03:09:34 UTC 2019
------------------ testing $PTII/ptolemy/domains/de/test/auto/PortParameterResetOnInitialize.xml
auto.tcl: Setting watchdog for 200 seconds at Wed Jul 10 03:09:34 UTC 2019
2 ms. Memory: 48128K Free: 30443K (63%)
ptolemy.util.test.WatchDog.cancel(): canceling Wed Jul 10 03:09:34 UTC 2019
auto.tcl: Setting watchdog for 200 seconds at Wed Jul 10 03:09:34 UTC 2019
1 ms. Memory: 48128K Free: 29972K (62%)
ptolemy.util.test.WatchDog.cancel(): canceling Wed Jul 10 03:09:34 UTC 2019
------------------ testing $PTII/ptolemy/domains/de/test/auto/PortParameterUpdates.xml
auto.tcl: Setting watchdog for 200 seconds at Wed Jul 10 03:09:34 UTC 2019
4 ms. Memory: 48128K Free: 28531K (59%)
ptolemy.util.test.WatchDog.cancel(): canceling Wed Jul 10 03:09:34 UTC 2019
auto.tcl: Setting watchdog for 200 seconds at Wed Jul 10 03:09:34 UTC 2019
3 ms. Memory: 48128K Free: 27519K (57%)
ptolemy.util.test.WatchDog.cancel(): canceling Wed Jul 10 03:09:34 UTC 2019
------------------ testing $PTII/ptolemy/domains/de/test/auto/QueueAndServer.xml
auto.tcl: Setting watchdog for 200 seconds at Wed Jul 10 03:09:34 UTC 2019
6 ms. Memory: 48128K Free: 27429K (57%)
ptolemy.util.test.WatchDog.cancel(): canceling Wed Jul 10 03:09:34 UTC 2019
auto.tcl: Setting watchdog for 200 seconds at Wed Jul 10 03:09:34 UTC 2019
6 ms. Memory: 48128K Free: 26009K (54%)
ptolemy.util.test.WatchDog.cancel(): canceling Wed Jul 10 03:09:35 UTC 2019
------------------ testing $PTII/ptolemy/domains/de/test/auto/Records.xml
auto.tcl: Setting watchdog for 200 seconds at Wed Jul 10 03:09:35 UTC 2019
11 ms. Memory: 48128K Free: 29698K (62%)
ptolemy.util.test.WatchDog.cancel(): canceling Wed Jul 10 03:09:35 UTC 2019
auto.tcl: Setting watchdog for 200 seconds at Wed Jul 10 03:09:35 UTC 2019
3 ms. Memory: 48128K Free: 29198K (61%)
ptolemy.util.test.WatchDog.cancel(): canceling Wed Jul 10 03:09:35 UTC 2019
------------------ testing $PTII/ptolemy/domains/de/test/auto/ResetTransitionWithStartTime1.xml
auto.tcl: Setting watchdog for 200 seconds at Wed Jul 10 03:09:35 UTC 2019
10 ms. Memory: 48128K Free: 26770K (56%)
ptolemy.util.test.WatchDog.cancel(): canceling Wed Jul 10 03:09:35 UTC 2019
auto.tcl: Setting watchdog for 200 seconds at Wed Jul 10 03:09:35 UTC 2019
9 ms. Memory: 48128K Free: 24222K (50%)
ptolemy.util.test.WatchDog.cancel(): canceling Wed Jul 10 03:09:35 UTC 2019
------------------ testing $PTII/ptolemy/domains/de/test/auto/ResetTransitionWithStartTime2.xml
auto.tcl: Setting watchdog for 200 seconds at Wed Jul 10 03:09:35 UTC 2019
7 ms. Memory: 45056K Free: 23652K (52%)
ptolemy.util.test.WatchDog.cancel(): canceling Wed Jul 10 03:09:35 UTC 2019
auto.tcl: Setting watchdog for 200 seconds at Wed Jul 10 03:09:35 UTC 2019
5 ms. Memory: 45056K Free: 21139K (47%)
ptolemy.util.test.WatchDog.cancel(): canceling Wed Jul 10 03:09:35 UTC 2019
------------------ testing $PTII/ptolemy/domains/de/test/auto/ResetTransitionWithStartTime3.xml
auto.tcl: Setting watchdog for 200 seconds at Wed Jul 10 03:09:35 UTC 2019
11 ms. Memory: 45056K Free: 23651K (52%)
ptolemy.util.test.WatchDog.cancel(): canceling Wed Jul 10 03:09:35 UTC 2019
auto.tcl: Setting watchdog for 200 seconds at Wed Jul 10 03:09:35 UTC 2019
8 ms. Memory: 45056K Free: 21154K (47%)
ptolemy.util.test.WatchDog.cancel(): canceling Wed Jul 10 03:09:35 UTC 2019
------------------ testing $PTII/ptolemy/domains/de/test/auto/ResetTransitionWithStartTime4.xml
auto.tcl: Setting watchdog for 200 seconds at Wed Jul 10 03:09:35 UTC 2019
16 ms. Memory: 45056K Free: 24179K (54%)
ptolemy.util.test.WatchDog.cancel(): canceling Wed Jul 10 03:09:35 UTC 2019
auto.tcl: Setting watchdog for 200 seconds at Wed Jul 10 03:09:35 UTC 2019
5 ms. Memory: 45056K Free: 22778K (51%)
ptolemy.util.test.WatchDog.cancel(): canceling Wed Jul 10 03:09:35 UTC 2019
------------------ testing $PTII/ptolemy/domains/de/test/auto/ResettableTimer1.xml
auto.tcl: Setting watchdog for 200 seconds at Wed Jul 10 03:09:35 UTC 2019
2 ms. Memory: 45056K Free: 27920K (62%)
ptolemy.util.test.WatchDog.cancel(): canceling Wed Jul 10 03:09:35 UTC 2019
auto.tcl: Setting watchdog for 200 seconds at Wed Jul 10 03:09:35 UTC 2019
3 ms. Memory: 45056K Free: 26860K (60%)
ptolemy.util.test.WatchDog.cancel(): canceling Wed Jul 10 03:09:35 UTC 2019
------------------ testing $PTII/ptolemy/domains/de/test/auto/ResettableTimer2.xml
auto.tcl: Setting watchdog for 200 seconds at Wed Jul 10 03:09:35 UTC 2019
4 ms. Memory: 45056K Free: 27815K (62%)
ptolemy.util.test.WatchDog.cancel(): canceling Wed Jul 10 03:09:35 UTC 2019
auto.tcl: Setting watchdog for 200 seconds at Wed Jul 10 03:09:35 UTC 2019
3 ms. Memory: 45056K Free: 26880K (60%)
ptolemy.util.test.WatchDog.cancel(): canceling Wed Jul 10 03:09:35 UTC 2019
------------------ testing $PTII/ptolemy/domains/de/test/auto/ResettableTimer3.xml
auto.tcl: Setting watchdog for 200 seconds at Wed Jul 10 03:09:35 UTC 2019
1 ms. Memory: 45056K Free: 28314K (63%)
ptolemy.util.test.WatchDog.cancel(): canceling Wed Jul 10 03:09:35 UTC 2019
auto.tcl: Setting watchdog for 200 seconds at Wed Jul 10 03:09:35 UTC 2019
1 ms. Memory: 45056K Free: 27783K (62%)
ptolemy.util.test.WatchDog.cancel(): canceling Wed Jul 10 03:09:35 UTC 2019
------------------ testing $PTII/ptolemy/domains/de/test/auto/ResettableTimer4.xml
auto.tcl: Setting watchdog for 200 seconds at Wed Jul 10 03:09:35 UTC 2019
2 ms. Memory: 45056K Free: 28327K (63%)
ptolemy.util.test.WatchDog.cancel(): canceling Wed Jul 10 03:09:35 UTC 2019
auto.tcl: Setting watchdog for 200 seconds at Wed Jul 10 03:09:35 UTC 2019
1 ms. Memory: 45056K Free: 27796K (62%)
ptolemy.util.test.WatchDog.cancel(): canceling Wed Jul 10 03:09:35 UTC 2019
------------------ testing $PTII/ptolemy/domains/de/test/auto/ResettableTimer5.xml
auto.tcl: Setting watchdog for 200 seconds at Wed Jul 10 03:09:35 UTC 2019
2 ms. Memory: 45056K Free: 27287K (61%)
ptolemy.util.test.WatchDog.cancel(): canceling Wed Jul 10 03:09:35 UTC 2019
auto.tcl: Setting watchdog for 200 seconds at Wed Jul 10 03:09:35 UTC 2019
2 ms. Memory: 45056K Free: 26856K (60%)
ptolemy.util.test.WatchDog.cancel(): canceling Wed Jul 10 03:09:35 UTC 2019
------------------ testing $PTII/ptolemy/domains/de/test/auto/ResettableTimer6.xml
auto.tcl: Setting watchdog for 200 seconds at Wed Jul 10 03:09:35 UTC 2019
1 ms. Memory: 45056K Free: 27292K (61%)
ptolemy.util.test.WatchDog.cancel(): canceling Wed Jul 10 03:09:35 UTC 2019
auto.tcl: Setting watchdog for 200 seconds at Wed Jul 10 03:09:35 UTC 2019
1 ms. Memory: 45056K Free: 26845K (60%)
ptolemy.util.test.WatchDog.cancel(): canceling Wed Jul 10 03:09:35 UTC 2019
------------------ testing $PTII/ptolemy/domains/de/test/auto/ServerZeroDelay.xml
auto.tcl: Setting watchdog for 200 seconds at Wed Jul 10 03:09:35 UTC 2019
5 ms. Memory: 45056K Free: 27816K (62%)
ptolemy.util.test.WatchDog.cancel(): canceling Wed Jul 10 03:09:35 UTC 2019
auto.tcl: Setting watchdog for 200 seconds at Wed Jul 10 03:09:35 UTC 2019
3 ms. Memory: 45056K Free: 26922K (60%)
ptolemy.util.test.WatchDog.cancel(): canceling Wed Jul 10 03:09:35 UTC 2019
------------------ testing $PTII/ptolemy/domains/de/test/auto/SmartSender.xml
auto.tcl: Setting watchdog for 200 seconds at Wed Jul 10 03:09:35 UTC 2019
3002 ms. Memory: 45056K Free: 27771K (62%)
ptolemy.util.test.WatchDog.cancel(): canceling Wed Jul 10 03:09:38 UTC 2019
auto.tcl: Setting watchdog for 200 seconds at Wed Jul 10 03:09:38 UTC 2019
3002 ms. Memory: 45056K Free: 27340K (61%)
ptolemy.util.test.WatchDog.cancel(): canceling Wed Jul 10 03:09:41 UTC 2019
------------------ testing $PTII/ptolemy/domains/de/test/auto/ThreadedComposite.xml
auto.tcl: Setting watchdog for 200 seconds at Wed Jul 10 03:09:41 UTC 2019
233 ms. Memory: 45056K Free: 8368K (19%)
ptolemy.util.test.WatchDog.cancel(): canceling Wed Jul 10 03:09:42 UTC 2019
auto.tcl: Setting watchdog for 200 seconds at Wed Jul 10 03:09:42 UTC 2019
214 ms. Memory: 45056K Free: 16115K (36%)
ptolemy.util.test.WatchDog.cancel(): canceling Wed Jul 10 03:09:42 UTC 2019
------------------ testing $PTII/ptolemy/domains/de/test/auto/Time.xml
auto.tcl: Setting watchdog for 200 seconds at Wed Jul 10 03:09:42 UTC 2019
559 ms. Memory: 45056K Free: 18408K (41%)
ptolemy.util.test.WatchDog.cancel(): canceling Wed Jul 10 03:09:43 UTC 2019
auto.tcl: Setting watchdog for 200 seconds at Wed Jul 10 03:09:43 UTC 2019
532 ms. Memory: 45056K Free: 9344K (21%)
ptolemy.util.test.WatchDog.cancel(): canceling Wed Jul 10 03:09:43 UTC 2019
------------------ testing $PTII/ptolemy/domains/de/test/auto/TimeDelayZeroDelay.xml
auto.tcl: Setting watchdog for 200 seconds at Wed Jul 10 03:09:43 UTC 2019
2 ms. Memory: 45056K Free: 28201K (63%)
ptolemy.util.test.WatchDog.cancel(): canceling Wed Jul 10 03:09:43 UTC 2019
auto.tcl: Setting watchdog for 200 seconds at Wed Jul 10 03:09:43 UTC 2019
2 ms. Memory: 45056K Free: 27298K (61%)
ptolemy.util.test.WatchDog.cancel(): canceling Wed Jul 10 03:09:43 UTC 2019
------------------ testing $PTII/ptolemy/domains/de/test/auto/TimerZeroDelay.xml
auto.tcl: Setting watchdog for 200 seconds at Wed Jul 10 03:09:43 UTC 2019
2 ms. Memory: 45056K Free: 28228K (63%)
ptolemy.util.test.WatchDog.cancel(): canceling Wed Jul 10 03:09:43 UTC 2019
auto.tcl: Setting watchdog for 200 seconds at Wed Jul 10 03:09:43 UTC 2019
2 ms. Memory: 45056K Free: 27370K (61%)
ptolemy.util.test.WatchDog.cancel(): canceling Wed Jul 10 03:09:43 UTC 2019
------------------ testing $PTII/ptolemy/domains/de/test/auto/TimingParadox.xml
auto.tcl: Setting watchdog for 200 seconds at Wed Jul 10 03:09:43 UTC 2019
343 ms. Memory: 54272K Free: 35975K (66%)
ptolemy.util.test.WatchDog.cancel(): canceling Wed Jul 10 03:09:44 UTC 2019
auto.tcl: Setting watchdog for 200 seconds at Wed Jul 10 03:09:44 UTC 2019
330 ms. Memory: 54272K Free: 28103K (52%)
ptolemy.util.test.WatchDog.cancel(): canceling Wed Jul 10 03:09:44 UTC 2019
------------------ testing $PTII/ptolemy/domains/de/test/auto/TransferInputs.xml
auto.tcl: Setting watchdog for 200 seconds at Wed Jul 10 03:09:44 UTC 2019
2 ms. Memory: 51200K Free: 32337K (63%)
ptolemy.util.test.WatchDog.cancel(): canceling Wed Jul 10 03:09:44 UTC 2019
auto.tcl: Setting watchdog for 200 seconds at Wed Jul 10 03:09:44 UTC 2019
1 ms. Memory: 51200K Free: 31390K (61%)
ptolemy.util.test.WatchDog.cancel(): canceling Wed Jul 10 03:09:44 UTC 2019
------------------ testing $PTII/ptolemy/domains/de/test/auto/TransferOutputs2.xml
auto.tcl: Setting watchdog for 200 seconds at Wed Jul 10 03:09:44 UTC 2019
3 ms. Memory: 48128K Free: 26724K (56%)
ptolemy.util.test.WatchDog.cancel(): canceling Wed Jul 10 03:09:44 UTC 2019
auto.tcl: Setting watchdog for 200 seconds at Wed Jul 10 03:09:44 UTC 2019
3 ms. Memory: 48128K Free: 25264K (52%)
ptolemy.util.test.WatchDog.cancel(): canceling Wed Jul 10 03:09:44 UTC 2019
------------------ testing $PTII/ptolemy/domains/de/test/auto/Trilateration.xml
auto.tcl: Setting watchdog for 200 seconds at Wed Jul 10 03:09:44 UTC 2019
15633 ms. Memory: 587776K Free: 483087K (82%)
ptolemy.util.test.WatchDog.cancel(): canceling Wed Jul 10 03:10:01 UTC 2019
auto.tcl: Setting watchdog for 200 seconds at Wed Jul 10 03:10:01 UTC 2019
11465 ms. Memory: 587776K Free: 293531K (50%)
ptolemy.util.test.WatchDog.cancel(): canceling Wed Jul 10 03:10:13 UTC 2019
------------------ testing $PTII/ptolemy/domains/de/test/auto/TwoSigmaDelta.xml
auto.tcl: Setting watchdog for 200 seconds at Wed Jul 10 03:10:13 UTC 2019
2819 ms. Memory: 89088K Free: 14613K (16%)
ptolemy.util.test.WatchDog.cancel(): canceling Wed Jul 10 03:10:16 UTC 2019
auto.tcl: Setting watchdog for 200 seconds at Wed Jul 10 03:10:16 UTC 2019
2149 ms. Memory: 89088K Free: 59693K (67%)
ptolemy.util.test.WatchDog.cancel(): canceling Wed Jul 10 03:10:18 UTC 2019
------------------ testing $PTII/ptolemy/domains/de/test/auto/VariableDelay.xml
auto.tcl: Setting watchdog for 200 seconds at Wed Jul 10 03:10:18 UTC 2019
3 ms. Memory: 51200K Free: 32835K (64%)
ptolemy.util.test.WatchDog.cancel(): canceling Wed Jul 10 03:10:18 UTC 2019
auto.tcl: Setting watchdog for 200 seconds at Wed Jul 10 03:10:18 UTC 2019
1 ms. Memory: 51200K Free: 31811K (62%)
ptolemy.util.test.WatchDog.cancel(): canceling Wed Jul 10 03:10:18 UTC 2019
------------------ testing $PTII/ptolemy/domains/de/test/auto/VariableDelay2.xml
auto.tcl: Setting watchdog for 200 seconds at Wed Jul 10 03:10:18 UTC 2019
3 ms. Memory: 48128K Free: 30192K (63%)
ptolemy.util.test.WatchDog.cancel(): canceling Wed Jul 10 03:10:18 UTC 2019
auto.tcl: Setting watchdog for 200 seconds at Wed Jul 10 03:10:18 UTC 2019
4 ms. Memory: 48128K Free: 29189K (61%)
ptolemy.util.test.WatchDog.cancel(): canceling Wed Jul 10 03:10:18 UTC 2019
------------------ testing $PTII/ptolemy/domains/de/test/auto/VariableDelayZeroDelay.xml
auto.tcl: Setting watchdog for 200 seconds at Wed Jul 10 03:10:18 UTC 2019
2 ms. Memory: 48128K Free: 30705K (64%)
ptolemy.util.test.WatchDog.cancel(): canceling Wed Jul 10 03:10:18 UTC 2019
auto.tcl: Setting watchdog for 200 seconds at Wed Jul 10 03:10:18 UTC 2019
2 ms. Memory: 48128K Free: 30204K (63%)
ptolemy.util.test.WatchDog.cancel(): canceling Wed Jul 10 03:10:18 UTC 2019
------------------ testing $PTII/ptolemy/domains/de/test/auto/VariableDelayZeroDelay2.xml
auto.tcl: Setting watchdog for 200 seconds at Wed Jul 10 03:10:18 UTC 2019
2 ms. Memory: 48128K Free: 30704K (64%)
ptolemy.util.test.WatchDog.cancel(): canceling Wed Jul 10 03:10:18 UTC 2019
auto.tcl: Setting watchdog for 200 seconds at Wed Jul 10 03:10:18 UTC 2019
2 ms. Memory: 48128K Free: 29747K (62%)
ptolemy.util.test.WatchDog.cancel(): canceling Wed Jul 10 03:10:18 UTC 2019
------------------ testing $PTII/ptolemy/domains/de/test/auto/deInCt.xml
auto.tcl: Setting watchdog for 200 seconds at Wed Jul 10 03:10:18 UTC 2019
0
1
1
0
0
0
1
1
1
1
0
0
0
0
0
1
1
1
1
1
0
0
0
1
1
1
1
0
0
0
0
9 ms. Memory: 48128K Free: 29677K (62%)
ptolemy.util.test.WatchDog.cancel(): canceling Wed Jul 10 03:10:18 UTC 2019
auto.tcl: Setting watchdog for 200 seconds at Wed Jul 10 03:10:18 UTC 2019
0
1
1
1
0
0
0
1
1
1
0
0
0
0
1
1
1
1
0
0
0
1
1
1
0
0
0
1
1
1
0
0
0
1
1
1
1
1
12 ms. Memory: 48128K Free: 28160K (59%)
ptolemy.util.test.WatchDog.cancel(): canceling Wed Jul 10 03:10:18 UTC 2019
------------------ testing $PTII/ptolemy/domains/de/test/auto/deInCt2.xml
auto.tcl: Setting watchdog for 200 seconds at Wed Jul 10 03:10:18 UTC 2019
0
1
1
1
0
0
1
1
1
0
0
1
1
1
0
0
1
1
1
0
0
1
1
1
0
0
1
1
1
0
0
1
1
1
0
0
1
1
1
0
0
0
8 ms. Memory: 48128K Free: 29680K (62%)
ptolemy.util.test.WatchDog.cancel(): canceling Wed Jul 10 03:10:18 UTC 2019
auto.tcl: Setting watchdog for 200 seconds at Wed Jul 10 03:10:18 UTC 2019
0
1
1
1
0
0
1
1
1
0
0
1
1
1
0
0
1
1
1
0
0
1
1
1
0
0
1
1
1
0
0
1
1
1
0
0
1
1
1
0
0
0
6 ms. Memory: 48128K Free: 28146K (58%)
ptolemy.util.test.WatchDog.cancel(): canceling Wed Jul 10 03:10:18 UTC 2019
------------------ testing $PTII/ptolemy/domains/de/test/auto/dynamicCausalityInterface1.xml
auto.tcl: Setting watchdog for 200 seconds at Wed Jul 10 03:10:18 UTC 2019
1 ms. Memory: 48128K Free: 25578K (53%)
ptolemy.util.test.WatchDog.cancel(): canceling Wed Jul 10 03:10:18 UTC 2019
auto.tcl: Setting watchdog for 200 seconds at Wed Jul 10 03:10:18 UTC 2019
1 ms. Memory: 48128K Free: 25099K (52%)
ptolemy.util.test.WatchDog.cancel(): canceling Wed Jul 10 03:10:18 UTC 2019
------------------ testing $PTII/ptolemy/domains/de/test/auto/fsm_de_test.xml
auto.tcl: Setting watchdog for 200 seconds at Wed Jul 10 03:10:18 UTC 2019
10 ms. Memory: 48128K Free: 25476K (53%)
ptolemy.util.test.WatchDog.cancel(): canceling Wed Jul 10 03:10:18 UTC 2019
auto.tcl: Setting watchdog for 200 seconds at Wed Jul 10 03:10:18 UTC 2019
8 ms. Memory: 48128K Free: 23474K (49%)
ptolemy.util.test.WatchDog.cancel(): canceling Wed Jul 10 03:10:18 UTC 2019
------------------ testing $PTII/ptolemy/domains/de/test/auto/functionDependencyReconstruction.xml
auto.tcl: Setting watchdog for 200 seconds at Wed Jul 10 03:10:18 UTC 2019
3 ms. Memory: 48128K Free: 19322K (40%)
ptolemy.util.test.WatchDog.cancel(): canceling Wed Jul 10 03:10:19 UTC 2019
auto.tcl: Setting watchdog for 200 seconds at Wed Jul 10 03:10:19 UTC 2019
3 ms. Memory: 48128K Free: 17328K (36%)
ptolemy.util.test.WatchDog.cancel(): canceling Wed Jul 10 03:10:19 UTC 2019
------------------ testing $PTII/ptolemy/domains/de/test/auto/multirate.xml
auto.tcl: Setting watchdog for 200 seconds at Wed Jul 10 03:10:19 UTC 2019
4 ms. Memory: 48128K Free: 28128K (58%)
ptolemy.util.test.WatchDog.cancel(): canceling Wed Jul 10 03:10:19 UTC 2019
auto.tcl: Setting watchdog for 200 seconds at Wed Jul 10 03:10:19 UTC 2019
4 ms. Memory: 48128K Free: 26416K (55%)
ptolemy.util.test.WatchDog.cancel(): canceling Wed Jul 10 03:10:19 UTC 2019
------------------ testing $PTII/ptolemy/domains/de/test/auto/multirate2.xml
auto.tcl: Setting watchdog for 200 seconds at Wed Jul 10 03:10:19 UTC 2019
3 ms. Memory: 48128K Free: 28323K (59%)
ptolemy.util.test.WatchDog.cancel(): canceling Wed Jul 10 03:10:19 UTC 2019
auto.tcl: Setting watchdog for 200 seconds at Wed Jul 10 03:10:19 UTC 2019
3 ms. Memory: 48128K Free: 27063K (56%)
ptolemy.util.test.WatchDog.cancel(): canceling Wed Jul 10 03:10:19 UTC 2019
------------------ testing $PTII/ptolemy/domains/de/test/auto/realtime.xml
auto.tcl: Setting watchdog for 200 seconds at Wed Jul 10 03:10:19 UTC 2019
10001 ms. Memory: 48128K Free: 30331K (63%)
ptolemy.util.test.WatchDog.cancel(): canceling Wed Jul 10 03:10:29 UTC 2019
auto.tcl: Setting watchdog for 200 seconds at Wed Jul 10 03:10:29 UTC 2019
10002 ms. Memory: 48128K Free: 29624K (62%)
ptolemy.util.test.WatchDog.cancel(): canceling Wed Jul 10 03:10:39 UTC 2019
------------------ testing $PTII/ptolemy/domains/de/test/auto/relationGroup.xml
auto.tcl: Setting watchdog for 200 seconds at Wed Jul 10 03:10:39 UTC 2019
2 ms. Memory: 48128K Free: 31420K (65%)
ptolemy.util.test.WatchDog.cancel(): canceling Wed Jul 10 03:10:39 UTC 2019
auto.tcl: Setting watchdog for 200 seconds at Wed Jul 10 03:10:39 UTC 2019
2 ms. Memory: 48128K Free: 30674K (64%)
ptolemy.util.test.WatchDog.cancel(): canceling Wed Jul 10 03:10:39 UTC 2019
------------------ testing $PTII/ptolemy/domains/de/test/auto/relationGroup2.xml
auto.tcl: Setting watchdog for 200 seconds at Wed Jul 10 03:10:39 UTC 2019
1 ms. Memory: 48128K Free: 31416K (65%)
ptolemy.util.test.WatchDog.cancel(): canceling Wed Jul 10 03:10:39 UTC 2019
auto.tcl: Setting watchdog for 200 seconds at Wed Jul 10 03:10:39 UTC 2019
1 ms. Memory: 48128K Free: 30700K (64%)
ptolemy.util.test.WatchDog.cancel(): canceling Wed Jul 10 03:10:39 UTC 2019
------------------ testing $PTII/ptolemy/domains/de/test/auto/sortWithOpaquePorts.xml
auto.tcl: Setting watchdog for 200 seconds at Wed Jul 10 03:10:39 UTC 2019
2 ms. Memory: 48128K Free: 30204K (63%)
ptolemy.util.test.WatchDog.cancel(): canceling Wed Jul 10 03:10:39 UTC 2019
auto.tcl: Setting watchdog for 200 seconds at Wed Jul 10 03:10:39 UTC 2019
2 ms. Memory: 48128K Free: 29217K (61%)
ptolemy.util.test.WatchDog.cancel(): canceling Wed Jul 10 03:10:39 UTC 2019
------------------ testing $PTII/ptolemy/domains/de/test/auto/transferInputsandOutputs.xml
auto.tcl: Setting watchdog for 200 seconds at Wed Jul 10 03:10:39 UTC 2019
3 ms. Memory: 48128K Free: 27646K (57%)
ptolemy.util.test.WatchDog.cancel(): canceling Wed Jul 10 03:10:39 UTC 2019
auto.tcl: Setting watchdog for 200 seconds at Wed Jul 10 03:10:39 UTC 2019
3 ms. Memory: 48128K Free: 26674K (55%)
ptolemy.util.test.WatchDog.cancel(): canceling Wed Jul 10 03:10:39 UTC 2019
------------------ testing $PTII/ptolemy/domains/de/test/auto/triggerType.xml
auto.tcl: Setting watchdog for 200 seconds at Wed Jul 10 03:10:39 UTC 2019
1 ms. Memory: 48128K Free: 30671K (64%)
ptolemy.util.test.WatchDog.cancel(): canceling Wed Jul 10 03:10:39 UTC 2019
auto.tcl: Setting watchdog for 200 seconds at Wed Jul 10 03:10:39 UTC 2019
2 ms. Memory: 48128K Free: 29683K (62%)
ptolemy.util.test.WatchDog.cancel(): canceling Wed Jul 10 03:10:39 UTC 2019
07/10/19 03:10:39
Failed: 0  Total Tests: 192  ((Passed: 187, Newly Passed: 1)  Known Failed: 5) /home/travis/build/icyphy/ptII/ptolemy/domains/de/test
07/10/19 03:10:39
Failed: 0  Total Tests: 192  ((Passed: 187, Newly Passed: 1)  Known Failed: 5) /home/travis/build/icyphy/ptII/ptolemy/domains/de/test
----------------- testing (KnownFailure) /home/travis/build/icyphy/ptII/ptolemy/domains/de/test/auto/knownFailedTests/DESDFClockTest.xml
2013 ms. Memory: 48128K Free: 24066K (50%)
Known Failure: java.lang.reflect.InvocationTargetException
----------------- testing (KnownFailure) /home/travis/build/icyphy/ptII/ptolemy/domains/de/test/auto/knownFailedTests/DirectFeedback.xml
2 ms. Memory: 48128K Free: 20484K (43%)
Known Failure: java.lang.reflect.InvocationTargetException
----------------- testing (KnownFailure) /home/travis/build/icyphy/ptII/ptolemy/domains/de/test/auto/knownFailedTests/FSMSource.xml
14 ms. Memory: 48128K Free: 13316K (28%)
----------------- testing (KnownFailure) /home/travis/build/icyphy/ptII/ptolemy/domains/de/test/auto/knownFailedTests/HierarchicalModel.xml
3 ms. Memory: 48128K Free: 24547K (51%)
Known Failure: java.lang.reflect.InvocationTargetException
----------------- testing (KnownFailure) /home/travis/build/icyphy/ptII/ptolemy/domains/de/test/auto/knownFailedTests/dependencyLoop.xml
2 ms. Memory: 48128K Free: 9526K (20%)
Known Failure: java.lang.reflect.InvocationTargetException
----------------- testing (KnownFailure) /home/travis/build/icyphy/ptII/ptolemy/domains/de/test/auto/knownFailedTests/dependencyLoop2.xml
6 ms. Memory: 48128K Free: 21306K (44%)
Known Failure: java.lang.reflect.InvocationTargetException
No auto/linux-amd64/*.xml tests in /home/travis/build/icyphy/ptII/ptolemy/domains/de/test
AutoTests.java: About to close Vertx.
AutoTests.java: Vertx closed.

===========================================================================================
----------------- testing Wed Jul 10 03:10:41 UTC 2019 /home/travis/build/icyphy/ptII/ptolemy/domains/de/test/auto/ActorDepthCalculation_actorWithoutPorts.xml
----------------- Instantiating /home/travis/build/icyphy/ptII/ptolemy/domains/de/test/auto/ActorDepthCalculation_actorWithoutPorts.xml
2 ms. Memory: 48128K Free: 14742K (31%)
----------------- Invoking toplevel() on ptolemy.moml.MoMLSimpleApplication@33ac69bd
----------------- Done invoking toplevel() on ptolemy.moml.MoMLSimpleApplication@33ac69bd
reloadAllAccessors: .ActorDepthCalculation_actorWithoutPorts

===========================================================================================
----------------- testing Wed Jul 10 03:10:42 UTC 2019 /home/travis/build/icyphy/ptII/ptolemy/domains/de/test/auto/AssemblyLine.xml
----------------- Instantiating /home/travis/build/icyphy/ptII/ptolemy/domains/de/test/auto/AssemblyLine.xml
7 ms. Memory: 48128K Free: 33974K (71%)
----------------- Invoking toplevel() on ptolemy.moml.MoMLSimpleApplication@151de4f2
----------------- Done invoking toplevel() on ptolemy.moml.MoMLSimpleApplication@151de4f2
reloadAllAccessors: .AssemblyLine

===========================================================================================
----------------- testing Wed Jul 10 03:10:42 UTC 2019 /home/travis/build/icyphy/ptII/ptolemy/domains/de/test/auto/CQBug1.xml
----------------- Instantiating /home/travis/build/icyphy/ptII/ptolemy/domains/de/test/auto/CQBug1.xml
3 ms. Memory: 48128K Free: 30741K (64%)
----------------- Invoking toplevel() on ptolemy.moml.MoMLSimpleApplication@a45be85
----------------- Done invoking toplevel() on ptolemy.moml.MoMLSimpleApplication@a45be85
reloadAllAccessors: .CQBug1

===========================================================================================
----------------- testing Wed Jul 10 03:10:42 UTC 2019 /home/travis/build/icyphy/ptII/ptolemy/domains/de/test/auto/CancelFireAt.xml
----------------- Instantiating /home/travis/build/icyphy/ptII/ptolemy/domains/de/test/auto/CancelFireAt.xml
0 ms. Memory: 48128K Free: 28605K (59%)
----------------- Invoking toplevel() on ptolemy.moml.MoMLSimpleApplication@24838f5c
----------------- Done invoking toplevel() on ptolemy.moml.MoMLSimpleApplication@24838f5c
reloadAllAccessors: .CancelFireAt

===========================================================================================
----------------- testing Wed Jul 10 03:10:42 UTC 2019 /home/travis/build/icyphy/ptII/ptolemy/domains/de/test/auto/CausalityAndComposabilityAnalysis.xml
----------------- Instantiating /home/travis/build/icyphy/ptII/ptolemy/domains/de/test/auto/CausalityAndComposabilityAnalysis.xml
2 ms. Memory: 48128K Free: 24371K (51%)
----------------- Invoking toplevel() on ptolemy.moml.MoMLSimpleApplication@5f26ff4d
----------------- Done invoking toplevel() on ptolemy.moml.MoMLSimpleApplication@5f26ff4d
reloadAllAccessors: .CausalityAndComposabilityAnalysis

===========================================================================================
----------------- testing Wed Jul 10 03:10:42 UTC 2019 /home/travis/build/icyphy/ptII/ptolemy/domains/de/test/auto/CausalityInterface1.xml
----------------- Instantiating /home/travis/build/icyphy/ptII/ptolemy/domains/de/test/auto/CausalityInterface1.xml
13 ms. Memory: 48128K Free: 19485K (40%)
----------------- Invoking toplevel() on ptolemy.moml.MoMLSimpleApplication@eb9854d
----------------- Done invoking toplevel() on ptolemy.moml.MoMLSimpleApplication@eb9854d
reloadAllAccessors: .CausalityInterface1

===========================================================================================
----------------- testing Wed Jul 10 03:10:42 UTC 2019 /home/travis/build/icyphy/ptII/ptolemy/domains/de/test/auto/CausalityInterface15.xml
----------------- Instantiating /home/travis/build/icyphy/ptII/ptolemy/domains/de/test/auto/CausalityInterface15.xml
2 ms. Memory: 48128K Free: 14212K (30%)
----------------- Invoking toplevel() on ptolemy.moml.MoMLSimpleApplication@49a641b9
----------------- Done invoking toplevel() on ptolemy.moml.MoMLSimpleApplication@49a641b9
reloadAllAccessors: .CausalityInterface15

===========================================================================================
----------------- testing Wed Jul 10 03:10:42 UTC 2019 /home/travis/build/icyphy/ptII/ptolemy/domains/de/test/auto/CausalityInterface2.xml
----------------- Instantiating /home/travis/build/icyphy/ptII/ptolemy/domains/de/test/auto/CausalityInterface2.xml
1 ms. Memory: 48128K Free: 9600K (20%)
[...]
	at ptolemy.actor.Manager.run(Manager.java:1263)
	at ptolemy.actor.Manager$PtolemyRunThread.run(Manager.java:1915)
java.lang.RuntimeException: Execution failed
	at ptolemy.moml.MoMLSimpleApplication$UnloadThread.run(MoMLSimpleApplication.java:402)
Caused by: ptolemy.kernel.util.IllegalActionException: Actor is not ready to fire.  Perhaps UpSample.prefire() returned false? Try debugging the actor by selecting "Listen to Actor".  Also, for SDF check moml for tokenConsumptionRate on input.
  in .DESDFClockTest.Play Bell.Copy1:SDF Director and .DESDFClockTest.Play Bell.UpSample
	at ptolemy.actor.sched.StaticSchedulingDirector.fire(StaticSchedulingDirector.java:227)
	at ptolemy.domains.sdf.kernel.SDFDirector.fire(SDFDirector.java:500)
	at ptolemy.actor.CompositeActor.fire(CompositeActor.java:455)
	at ptolemy.domains.de.kernel.DEDirector._fire(DEDirector.java:1949)
	at ptolemy.domains.de.kernel.DEDirector.fire(DEDirector.java:502)
	at ptolemy.actor.CompositeActor.fire(CompositeActor.java:455)
	at ptolemy.actor.Manager.iterate(Manager.java:851)
	at ptolemy.actor.Manager.execute(Manager.java:369)
	at ptolemy.actor.Manager.run(Manager.java:1263)
	at ptolemy.actor.Manager$PtolemyRunThread.run(Manager.java:1915)
java.lang.reflect.InvocationTargetException
	at java.base/jdk.internal.reflect.NativeConstructorAccessorImpl.newInstance0(Native Method)
	at java.base/jdk.internal.reflect.NativeConstructorAccessorImpl.newInstance(NativeConstructorAccessorImpl.java:62)
	at java.base/jdk.internal.reflect.DelegatingConstructorAccessorImpl.newInstance(DelegatingConstructorAccessorImpl.java:45)
	at java.base/java.lang.reflect.Constructor.newInstance(Constructor.java:490)
	at ptolemy.util.test.junit.AutoKnownFailedTests.RunModel(AutoKnownFailedTests.java:105)
	at java.base/jdk.internal.reflect.NativeMethodAccessorImpl.invoke0(Native Method)
	at java.base/jdk.internal.reflect.NativeMethodAccessorImpl.invoke(NativeMethodAccessorImpl.java:62)
	at java.base/jdk.internal.reflect.DelegatingMethodAccessorImpl.invoke(DelegatingMethodAccessorImpl.java:43)
	at java.base/java.lang.reflect.Method.invoke(Method.java:566)
	at org.junit.runners.model.FrameworkMethod$1.runReflectiveCall(FrameworkMethod.java:44)
	at org.junit.internal.runners.model.ReflectiveCallable.run(ReflectiveCallable.java:15)
	at org.junit.runners.model.FrameworkMethod.invokeExplosively(FrameworkMethod.java:41)
	at junitparams.internal.InvokeParameterisedMethod.evaluate(InvokeParameterisedMethod.java:102)
	at org.junit.internal.runners.statements.FailOnTimeout$1.run(FailOnTimeout.java:28)
Caused by: ptolemy.kernel.util.IllegalActionException: Actor is not ready to fire.  Perhaps UpSample.prefire() returned false? Try debugging the actor by selecting "Listen to Actor".  Also, for SDF check moml for tokenConsumptionRate on input.
  in .DESDFClockTest.Play Bell.Copy1:SDF Director and .DESDFClockTest.Play Bell.UpSample
	at ptolemy.actor.sched.StaticSchedulingDirector.fire(StaticSchedulingDirector.java:227)
	at ptolemy.domains.sdf.kernel.SDFDirector.fire(SDFDirector.java:500)
	at ptolemy.actor.CompositeActor.fire(CompositeActor.java:455)
	at ptolemy.domains.de.kernel.DEDirector._fire(DEDirector.java:1949)
	at ptolemy.domains.de.kernel.DEDirector.fire(DEDirector.java:502)
	at ptolemy.actor.CompositeActor.fire(CompositeActor.java:455)
	at ptolemy.actor.Manager.iterate(Manager.java:851)
	at ptolemy.actor.Manager.execute(Manager.java:369)
	at ptolemy.actor.Manager.run(Manager.java:1263)
	at ptolemy.actor.Manager$PtolemyRunThread.run(Manager.java:1915)
java.lang.RuntimeException: Execution failed
	at ptolemy.moml.MoMLSimpleApplication$UnloadThread.run(MoMLSimpleApplication.java:402)
Caused by: ptolemy.kernel.util.IllegalActionException: Test fails in iteration 1.
Value was: 1.0. Should have been: 2.0
  in .DirectFeedback.Test
	at ptolemy.actor.lib.Test.fire(Test.java:268)
	at ptolemy.domains.de.kernel.DEDirector._fire(DEDirector.java:1949)
	at ptolemy.domains.de.kernel.DEDirector.fire(DEDirector.java:502)
	at ptolemy.actor.CompositeActor.fire(CompositeActor.java:455)
	at ptolemy.actor.Manager.iterate(Manager.java:851)
	at ptolemy.actor.Manager.execute(Manager.java:369)
	at ptolemy.actor.Manager.run(Manager.java:1263)
	at ptolemy.actor.Manager$PtolemyRunThread.run(Manager.java:1915)
java.lang.reflect.InvocationTargetException
	at java.base/jdk.internal.reflect.NativeConstructorAccessorImpl.newInstance0(Native Method)
	at java.base/jdk.internal.reflect.NativeConstructorAccessorImpl.newInstance(NativeConstructorAccessorImpl.java:62)
	at java.base/jdk.internal.reflect.DelegatingConstructorAccessorImpl.newInstance(DelegatingConstructorAccessorImpl.java:45)
	at java.base/java.lang.reflect.Constructor.newInstance(Constructor.java:490)
	at ptolemy.util.test.junit.AutoKnownFailedTests.RunModel(AutoKnownFailedTests.java:105)
	at java.base/jdk.internal.reflect.NativeMethodAccessorImpl.invoke0(Native Method)
	at java.base/jdk.internal.reflect.NativeMethodAccessorImpl.invoke(NativeMethodAccessorImpl.java:62)
	at java.base/jdk.internal.reflect.DelegatingMethodAccessorImpl.invoke(DelegatingMethodAccessorImpl.java:43)
	at java.base/java.lang.reflect.Method.invoke(Method.java:566)
	at org.junit.runners.model.FrameworkMethod$1.runReflectiveCall(FrameworkMethod.java:44)
	at org.junit.internal.runners.model.ReflectiveCallable.run(ReflectiveCallable.java:15)
	at org.junit.runners.model.FrameworkMethod.invokeExplosively(FrameworkMethod.java:41)
	at junitparams.internal.InvokeParameterisedMethod.evaluate(InvokeParameterisedMethod.java:102)
	at org.junit.internal.runners.statements.FailOnTimeout$1.run(FailOnTimeout.java:28)
Caused by: ptolemy.kernel.util.IllegalActionException: Test fails in iteration 1.
Value was: 1.0. Should have been: 2.0
  in .DirectFeedback.Test
	at ptolemy.actor.lib.Test.fire(Test.java:268)
	at ptolemy.domains.de.kernel.DEDirector._fire(DEDirector.java:1949)
	at ptolemy.domains.de.kernel.DEDirector.fire(DEDirector.java:502)
	at ptolemy.actor.CompositeActor.fire(CompositeActor.java:455)
	at ptolemy.actor.Manager.iterate(Manager.java:851)
	at ptolemy.actor.Manager.execute(Manager.java:369)
	at ptolemy.actor.Manager.run(Manager.java:1263)
	at ptolemy.actor.Manager$PtolemyRunThread.run(Manager.java:1915)
java.lang.RuntimeException: Execution failed
	at ptolemy.moml.MoMLSimpleApplication$UnloadThread.run(MoMLSimpleApplication.java:402)
Caused by: ptolemy.kernel.util.IllegalActionException: Found a zero delay loop containing .HierarchicalModel.A
  in .HierarchicalModel and .HierarchicalModel.A
	at ptolemy.actor.util.CausalityInterfaceForComposites._computeOutputPortDepth(CausalityInterfaceForComposites.java:759)
	at ptolemy.actor.util.CausalityInterfaceForComposites._computeInputDepth(CausalityInterfaceForComposites.java:696)
	at ptolemy.actor.util.CausalityInterfaceForComposites._computeOutputPortDepth(CausalityInterfaceForComposites.java:765)
	at ptolemy.actor.util.CausalityInterfaceForComposites._computeInputDepth(CausalityInterfaceForComposites.java:696)
	at ptolemy.actor.util.CausalityInterfaceForComposites._computeOutputPortDepth(CausalityInterfaceForComposites.java:765)
	at ptolemy.actor.util.CausalityInterfaceForComposites._computeInputDepth(CausalityInterfaceForComposites.java:696)
	at ptolemy.actor.util.CausalityInterfaceForComposites._computeActorDepth(CausalityInterfaceForComposites.java:532)
	at ptolemy.actor.util.CausalityInterfaceForComposites.checkForCycles(CausalityInterfaceForComposites.java:96)
	at ptolemy.domains.de.kernel.DEDirector.preinitialize(DEDirector.java:1338)
	at ptolemy.actor.CompositeActor.preinitialize(CompositeActor.java:1828)
	at ptolemy.actor.Manager.preinitializeAndResolveTypes(Manager.java:1040)
	at ptolemy.actor.Manager.initialize(Manager.java:710)
	at ptolemy.actor.Manager.execute(Manager.java:356)
	at ptolemy.actor.Manager.run(Manager.java:1263)
	at ptolemy.actor.Manager$PtolemyRunThread.run(Manager.java:1915)
java.lang.reflect.InvocationTargetException
	at java.base/jdk.internal.reflect.NativeConstructorAccessorImpl.newInstance0(Native Method)
	at java.base/jdk.internal.reflect.NativeConstructorAccessorImpl.newInstance(NativeConstructorAccessorImpl.java:62)
	at java.base/jdk.internal.reflect.DelegatingConstructorAccessorImpl.newInstance(DelegatingConstructorAccessorImpl.java:45)
	at java.base/java.lang.reflect.Constructor.newInstance(Constructor.java:490)
	at ptolemy.util.test.junit.AutoKnownFailedTests.RunModel(AutoKnownFailedTests.java:105)
	at java.base/jdk.internal.reflect.NativeMethodAccessorImpl.invoke0(Native Method)
	at java.base/jdk.internal.reflect.NativeMethodAccessorImpl.invoke(NativeMethodAccessorImpl.java:62)
	at java.base/jdk.internal.reflect.DelegatingMethodAccessorImpl.invoke(DelegatingMethodAccessorImpl.java:43)
	at java.base/java.lang.reflect.Method.invoke(Method.java:566)
	at org.junit.runners.model.FrameworkMethod$1.runReflectiveCall(FrameworkMethod.java:44)
	at org.junit.internal.runners.model.ReflectiveCallable.run(ReflectiveCallable.java:15)
	at org.junit.runners.model.FrameworkMethod.invokeExplosively(FrameworkMethod.java:41)
	at junitparams.internal.InvokeParameterisedMethod.evaluate(InvokeParameterisedMethod.java:102)
	at org.junit.internal.runners.statements.FailOnTimeout$1.run(FailOnTimeout.java:28)
Caused by: ptolemy.kernel.util.IllegalActionException: Found a zero delay loop containing .HierarchicalModel.A
  in .HierarchicalModel and .HierarchicalModel.A
	at ptolemy.actor.util.CausalityInterfaceForComposites._computeOutputPortDepth(CausalityInterfaceForComposites.java:759)
	at ptolemy.actor.util.CausalityInterfaceForComposites._computeInputDepth(CausalityInterfaceForComposites.java:696)
	at ptolemy.actor.util.CausalityInterfaceForComposites._computeOutputPortDepth(CausalityInterfaceForComposites.java:765)
	at ptolemy.actor.util.CausalityInterfaceForComposites._computeInputDepth(CausalityInterfaceForComposites.java:696)
	at ptolemy.actor.util.CausalityInterfaceForComposites._computeOutputPortDepth(CausalityInterfaceForComposites.java:765)
	at ptolemy.actor.util.CausalityInterfaceForComposites._computeInputDepth(CausalityInterfaceForComposites.java:696)
	at ptolemy.actor.util.CausalityInterfaceForComposites._computeActorDepth(CausalityInterfaceForComposites.java:532)
	at ptolemy.actor.util.CausalityInterfaceForComposites.checkForCycles(CausalityInterfaceForComposites.java:96)
	at ptolemy.domains.de.kernel.DEDirector.preinitialize(DEDirector.java:1338)
	at ptolemy.actor.CompositeActor.preinitialize(CompositeActor.java:1828)
	at ptolemy.actor.Manager.preinitializeAndResolveTypes(Manager.java:1040)
	at ptolemy.actor.Manager.initialize(Manager.java:710)
	at ptolemy.actor.Manager.execute(Manager.java:356)
	at ptolemy.actor.Manager.run(Manager.java:1263)
	at ptolemy.actor.Manager$PtolemyRunThread.run(Manager.java:1915)
java.lang.RuntimeException: Execution failed
	at ptolemy.moml.MoMLSimpleApplication$UnloadThread.run(MoMLSimpleApplication.java:402)
Caused by: ptolemy.kernel.util.IllegalActionException: Found a zero delay loop containing .dependencyLoop.original
  in .dependencyLoop and .dependencyLoop.original
	at ptolemy.actor.util.CausalityInterfaceForComposites._computeOutputPortDepth(CausalityInterfaceForComposites.java:759)
	at ptolemy.actor.util.CausalityInterfaceForComposites._computeInputDepth(CausalityInterfaceForComposites.java:696)
	at ptolemy.actor.util.CausalityInterfaceForComposites._computeOutputPortDepth(CausalityInterfaceForComposites.java:765)
	at ptolemy.actor.util.CausalityInterfaceForComposites._computeInputDepth(CausalityInterfaceForComposites.java:696)
	at ptolemy.actor.util.CausalityInterfaceForComposites._computeOutputPortDepth(CausalityInterfaceForComposites.java:765)
	at ptolemy.actor.util.CausalityInterfaceForComposites._computeInputDepth(CausalityInterfaceForComposites.java:696)
	at ptolemy.actor.util.CausalityInterfaceForComposites._computeActorDepth(CausalityInterfaceForComposites.java:532)
	at ptolemy.actor.util.CausalityInterfaceForComposites.checkForCycles(CausalityInterfaceForComposites.java:96)
	at ptolemy.domains.de.kernel.DEDirector.preinitialize(DEDirector.java:1338)
	at ptolemy.actor.CompositeActor.preinitialize(CompositeActor.java:1828)
	at ptolemy.actor.Manager.preinitializeAndResolveTypes(Manager.java:1040)
	at ptolemy.actor.Manager.initialize(Manager.java:710)
	at ptolemy.actor.Manager.execute(Manager.java:356)
	at ptolemy.actor.Manager.run(Manager.java:1263)
	at ptolemy.actor.Manager$PtolemyRunThread.run(Manager.java:1915)
java.lang.reflect.InvocationTargetException
	at java.base/jdk.internal.reflect.NativeConstructorAccessorImpl.newInstance0(Native Method)
	at java.base/jdk.internal.reflect.NativeConstructorAccessorImpl.newInstance(NativeConstructorAccessorImpl.java:62)
	at java.base/jdk.internal.reflect.DelegatingConstructorAccessorImpl.newInstance(DelegatingConstructorAccessorImpl.java:45)
	at java.base/java.lang.reflect.Constructor.newInstance(Constructor.java:490)
	at ptolemy.util.test.junit.AutoKnownFailedTests.RunModel(AutoKnownFailedTests.java:105)
	at java.base/jdk.internal.reflect.NativeMethodAccessorImpl.invoke0(Native Method)
	at java.base/jdk.internal.reflect.NativeMethodAccessorImpl.invoke(NativeMethodAccessorImpl.java:62)
	at java.base/jdk.internal.reflect.DelegatingMethodAccessorImpl.invoke(DelegatingMethodAccessorImpl.java:43)
	at java.base/java.lang.reflect.Method.invoke(Method.java:566)
	at org.junit.runners.model.FrameworkMethod$1.runReflectiveCall(FrameworkMethod.java:44)
	at org.junit.internal.runners.model.ReflectiveCallable.run(ReflectiveCallable.java:15)
	at org.junit.runners.model.FrameworkMethod.invokeExplosively(FrameworkMethod.java:41)
	at junitparams.internal.InvokeParameterisedMethod.evaluate(InvokeParameterisedMethod.java:102)
	at org.junit.internal.runners.statements.FailOnTimeout$1.run(FailOnTimeout.java:28)
Caused by: ptolemy.kernel.util.IllegalActionException: Found a zero delay loop containing .dependencyLoop.original
  in .dependencyLoop and .dependencyLoop.original
	at ptolemy.actor.util.CausalityInterfaceForComposites._computeOutputPortDepth(CausalityInterfaceForComposites.java:759)
	at ptolemy.actor.util.CausalityInterfaceForComposites._computeInputDepth(CausalityInterfaceForComposites.java:696)
	at ptolemy.actor.util.CausalityInterfaceForComposites._computeOutputPortDepth(CausalityInterfaceForComposites.java:765)
	at ptolemy.actor.util.CausalityInterfaceForComposites._computeInputDepth(CausalityInterfaceForComposites.java:696)
	at ptolemy.actor.util.CausalityInterfaceForComposites._computeOutputPortDepth(CausalityInterfaceForComposites.java:765)
	at ptolemy.actor.util.CausalityInterfaceForComposites._computeInputDepth(CausalityInterfaceForComposites.java:696)
	at ptolemy.actor.util.CausalityInterfaceForComposites._computeActorDepth(CausalityInterfaceForComposites.java:532)
	at ptolemy.actor.util.CausalityInterfaceForComposites.checkForCycles(CausalityInterfaceForComposites.java:96)
	at ptolemy.domains.de.kernel.DEDirector.preinitialize(DEDirector.java:1338)
	at ptolemy.actor.CompositeActor.preinitialize(CompositeActor.java:1828)
	at ptolemy.actor.Manager.preinitializeAndResolveTypes(Manager.java:1040)
	at ptolemy.actor.Manager.initialize(Manager.java:710)
	at ptolemy.actor.Manager.execute(Manager.java:356)
	at ptolemy.actor.Manager.run(Manager.java:1263)
	at ptolemy.actor.Manager$PtolemyRunThread.run(Manager.java:1915)
java.lang.RuntimeException: Execution failed
	at ptolemy.moml.MoMLSimpleApplication$UnloadThread.run(MoMLSimpleApplication.java:402)
Caused by: ptolemy.kernel.util.IllegalActionException: Found a zero delay loop containing .dependencyLoop2.original
  in .dependencyLoop2 and .dependencyLoop2.original
	at ptolemy.actor.util.CausalityInterfaceForComposites._computeOutputPortDepth(CausalityInterfaceForComposites.java:759)
	at ptolemy.actor.util.CausalityInterfaceForComposites._computeInputDepth(CausalityInterfaceForComposites.java:696)
	at ptolemy.actor.util.CausalityInterfaceForComposites._computeOutputPortDepth(CausalityInterfaceForComposites.java:765)
	at ptolemy.actor.util.CausalityInterfaceForComposites._computeInputDepth(CausalityInterfaceForComposites.java:696)
	at ptolemy.actor.util.CausalityInterfaceForComposites._computeOutputPortDepth(CausalityInterfaceForComposites.java:765)
	at ptolemy.actor.util.CausalityInterfaceForComposites._computeInputDepth(CausalityInterfaceForComposites.java:696)
	at ptolemy.actor.util.CausalityInterfaceForComposites._computeActorDepth(CausalityInterfaceForComposites.java:532)
	at ptolemy.actor.util.CausalityInterfaceForComposites.checkForCycles(CausalityInterfaceForComposites.java:96)
	at ptolemy.domains.de.kernel.DEDirector.preinitialize(DEDirector.java:1338)
	at ptolemy.actor.CompositeActor.preinitialize(CompositeActor.java:1828)
	at ptolemy.actor.Manager.preinitializeAndResolveTypes(Manager.java:1040)
	at ptolemy.actor.Manager.initialize(Manager.java:710)
	at ptolemy.actor.Manager.execute(Manager.java:356)
	at ptolemy.actor.Manager.run(Manager.java:1263)
	at ptolemy.actor.Manager$PtolemyRunThread.run(Manager.java:1915)
java.lang.reflect.InvocationTargetException
	at java.base/jdk.internal.reflect.NativeConstructorAccessorImpl.newInstance0(Native Method)
	at java.base/jdk.internal.reflect.NativeConstructorAccessorImpl.newInstance(NativeConstructorAccessorImpl.java:62)
	at java.base/jdk.internal.reflect.DelegatingConstructorAccessorImpl.newInstance(DelegatingConstructorAccessorImpl.java:45)
	at java.base/java.lang.reflect.Constructor.newInstance(Constructor.java:490)
	at ptolemy.util.test.junit.AutoKnownFailedTests.RunModel(AutoKnownFailedTests.java:105)
	at java.base/jdk.internal.reflect.NativeMethodAccessorImpl.invoke0(Native Method)
	at java.base/jdk.internal.reflect.NativeMethodAccessorImpl.invoke(NativeMethodAccessorImpl.java:62)
	at java.base/jdk.internal.reflect.DelegatingMethodAccessorImpl.invoke(DelegatingMethodAccessorImpl.java:43)
	at java.base/java.lang.reflect.Method.invoke(Method.java:566)
	at org.junit.runners.model.FrameworkMethod$1.runReflectiveCall(FrameworkMethod.java:44)
	at org.junit.internal.runners.model.ReflectiveCallable.run(ReflectiveCallable.java:15)
	at org.junit.runners.model.FrameworkMethod.invokeExplosively(FrameworkMethod.java:41)
	at junitparams.internal.InvokeParameterisedMethod.evaluate(InvokeParameterisedMethod.java:102)
	at org.junit.internal.runners.statements.FailOnTimeout$1.run(FailOnTimeout.java:28)
Caused by: ptolemy.kernel.util.IllegalActionException: Found a zero delay loop containing .dependencyLoop2.original
  in .dependencyLoop2 and .dependencyLoop2.original
	at ptolemy.actor.util.CausalityInterfaceForComposites._computeOutputPortDepth(CausalityInterfaceForComposites.java:759)
	at ptolemy.actor.util.CausalityInterfaceForComposites._computeInputDepth(CausalityInterfaceForComposites.java:696)
	at ptolemy.actor.util.CausalityInterfaceForComposites._computeOutputPortDepth(CausalityInterfaceForComposites.java:765)
	at ptolemy.actor.util.CausalityInterfaceForComposites._computeInputDepth(CausalityInterfaceForComposites.java:696)
	at ptolemy.actor.util.CausalityInterfaceForComposites._computeOutputPortDepth(CausalityInterfaceForComposites.java:765)
	at ptolemy.actor.util.CausalityInterfaceForComposites._computeInputDepth(CausalityInterfaceForComposites.java:696)
	at ptolemy.actor.util.CausalityInterfaceForComposites._computeActorDepth(CausalityInterfaceForComposites.java:532)
	at ptolemy.actor.util.CausalityInterfaceForComposites.checkForCycles(CausalityInterfaceForComposites.java:96)
	at ptolemy.domains.de.kernel.DEDirector.preinitialize(DEDirector.java:1338)
	at ptolemy.actor.CompositeActor.preinitialize(CompositeActor.java:1828)
	at ptolemy.actor.Manager.preinitializeAndResolveTypes(Manager.java:1040)
	at ptolemy.actor.Manager.initialize(Manager.java:710)
	at ptolemy.actor.Manager.execute(Manager.java:356)
	at ptolemy.actor.Manager.run(Manager.java:1263)
	at ptolemy.actor.Manager$PtolemyRunThread.run(Manager.java:1915)
]]></system-err>
</testsuite>
