<?xml version="1.0" encoding="UTF-8" ?>
<testsuite errors="0" failures="0" hostname="travis-job-cf175391-775f-43ac-b8c3-357fdf895171" name="ptolemy.domains.de.test.junit.JUnitTclTest" skipped="0" tests="101" time="133.852" timestamp="2019-07-17T04:52:10">
  <properties>
[...]
</properties>
  <testcase classname="ptolemy.util.test.junit.TclTests" name="[0] /home/travis/build/icyphy/ptII/ptolemy/domains/de/test/DependencyLoop.tcl (RunTclFile)" time="1.149" />
  <testcase classname="ptolemy.util.test.junit.TclTests" name="[1] /home/travis/build/icyphy/ptII/ptolemy/domains/de/test/RunDETestsAsQSS.tcl (RunTclFile)" time="90.449" />
  <testcase classname="ptolemy.util.test.junit.AutoKnownFailedTests" name="[0] /home/travis/build/icyphy/ptII/ptolemy/domains/de/test/auto/knownFailedTests/DESDFClockTest.xml (RunModel)" time="2.044" />
  <testcase classname="ptolemy.util.test.junit.AutoKnownFailedTests" name="[1] /home/travis/build/icyphy/ptII/ptolemy/domains/de/test/auto/knownFailedTests/DirectFeedback.xml (RunModel)" time="0.039" />
  <testcase classname="ptolemy.util.test.junit.AutoKnownFailedTests" name="[2] /home/travis/build/icyphy/ptII/ptolemy/domains/de/test/auto/knownFailedTests/FSMSource.xml (RunModel)" time="0.043" />
  <testcase classname="ptolemy.util.test.junit.AutoKnownFailedTests" name="[3] /home/travis/build/icyphy/ptII/ptolemy/domains/de/test/auto/knownFailedTests/HierarchicalModel.xml (RunModel)" time="0.045" />
  <testcase classname="ptolemy.util.test.junit.AutoKnownFailedTests" name="[4] /home/travis/build/icyphy/ptII/ptolemy/domains/de/test/auto/knownFailedTests/dependencyLoop.xml (RunModel)" time="0.041" />
  <testcase classname="ptolemy.util.test.junit.AutoKnownFailedTests" name="[5] /home/travis/build/icyphy/ptII/ptolemy/domains/de/test/auto/knownFailedTests/dependencyLoop2.xml (RunModel)" time="0.043" />
  <testcase classname="ptolemy.util.test.junit.AutoNameArchTests" name="[0] ThereAreNoAutoArchTests (RunModel)" time="0.001" />
  <testcase classname="ptolemy.util.test.junit.AutoTests" name="[0] /home/travis/build/icyphy/ptII/ptolemy/domains/de/test/auto/ActorDepthCalculation_actorWithoutPorts.xml (RunModel)" time="0.024" />
  <testcase classname="ptolemy.util.test.junit.AutoTests" name="[1] /home/travis/build/icyphy/ptII/ptolemy/domains/de/test/auto/AssemblyLine.xml (RunModel)" time="0.031" />
  <testcase classname="ptolemy.util.test.junit.AutoTests" name="[2] /home/travis/build/icyphy/ptII/ptolemy/domains/de/test/auto/CQBug1.xml (RunModel)" time="0.008" />
  <testcase classname="ptolemy.util.test.junit.AutoTests" name="[3] /home/travis/build/icyphy/ptII/ptolemy/domains/de/test/auto/CancelFireAt.xml (RunModel)" time="0.01" />
  <testcase classname="ptolemy.util.test.junit.AutoTests" name="[4] /home/travis/build/icyphy/ptII/ptolemy/domains/de/test/auto/CausalityAndComposabilityAnalysis.xml (RunModel)" time="0.019" />
  <testcase classname="ptolemy.util.test.junit.AutoTests" name="[5] /home/travis/build/icyphy/ptII/ptolemy/domains/de/test/auto/CausalityInterface1.xml (RunModel)" time="0.021" />
  <testcase classname="ptolemy.util.test.junit.AutoTests" name="[6] /home/travis/build/icyphy/ptII/ptolemy/domains/de/test/auto/CausalityInterface15.xml (RunModel)" time="0.021" />
  <testcase classname="ptolemy.util.test.junit.AutoTests" name="[7] /home/travis/build/icyphy/ptII/ptolemy/domains/de/test/auto/CausalityInterface2.xml (RunModel)" time="0.013" />
  <testcase classname="ptolemy.util.test.junit.AutoTests" name="[8] /home/travis/build/icyphy/ptII/ptolemy/domains/de/test/auto/CausalityInterface3.xml (RunModel)" time="0.018" />
  <testcase classname="ptolemy.util.test.junit.AutoTests" name="[9] /home/travis/build/icyphy/ptII/ptolemy/domains/de/test/auto/ClockDrift.xml (RunModel)" time="0.038" />
  <testcase classname="ptolemy.util.test.junit.AutoTests" name="[10] /home/travis/build/icyphy/ptII/ptolemy/domains/de/test/auto/ClockDriftAndValueChange.xml (RunModel)" time="0.033" />
  <testcase classname="ptolemy.util.test.junit.AutoTests" name="[11] /home/travis/build/icyphy/ptII/ptolemy/domains/de/test/auto/ClockDriftChange.xml (RunModel)" time="0.024" />
  <testcase classname="ptolemy.util.test.junit.AutoTests" name="[12] /home/travis/build/icyphy/ptII/ptolemy/domains/de/test/auto/ComposableCausalityAnalysis.xml (RunModel)" time="0.013" />
  <testcase classname="ptolemy.util.test.junit.AutoTests" name="[13] /home/travis/build/icyphy/ptII/ptolemy/domains/de/test/auto/DEFixedPointLimitation.xml (RunModel)" time="0.007" />
  <testcase classname="ptolemy.util.test.junit.AutoTests" name="[14] /home/travis/build/icyphy/ptII/ptolemy/domains/de/test/auto/DEScheduleTest.xml (RunModel)" time="0.01" />
  <testcase classname="ptolemy.util.test.junit.AutoTests" name="[15] /home/travis/build/icyphy/ptII/ptolemy/domains/de/test/auto/DEinDEwithStartTimes.xml (RunModel)" time="0.015" />
  <testcase classname="ptolemy.util.test.junit.AutoTests" name="[16] /home/travis/build/icyphy/ptII/ptolemy/domains/de/test/auto/DEinDEwithStartTimes2.xml (RunModel)" time="0.017" />
  <testcase classname="ptolemy.util.test.junit.AutoTests" name="[17] /home/travis/build/icyphy/ptII/ptolemy/domains/de/test/auto/DateDemo.xml (RunModel)" time="0.023" />
  <testcase classname="ptolemy.util.test.junit.AutoTests" name="[18] /home/travis/build/icyphy/ptII/ptolemy/domains/de/test/auto/DateToEvent.xml (RunModel)" time="2.037" />
  <testcase classname="ptolemy.util.test.junit.AutoTests" name="[19] /home/travis/build/icyphy/ptII/ptolemy/domains/de/test/auto/DepthTest1.xml (RunModel)" time="0.014" />
  <testcase classname="ptolemy.util.test.junit.AutoTests" name="[20] /home/travis/build/icyphy/ptII/ptolemy/domains/de/test/auto/DepthTest2.xml (RunModel)" time="0.017" />
  <testcase classname="ptolemy.util.test.junit.AutoTests" name="[21] /home/travis/build/icyphy/ptII/ptolemy/domains/de/test/auto/DepthTest3.xml (RunModel)" time="0.014" />
  <testcase classname="ptolemy.util.test.junit.AutoTests" name="[22] /home/travis/build/icyphy/ptII/ptolemy/domains/de/test/auto/DepthTest4.xml (RunModel)" time="0.015" />
  <testcase classname="ptolemy.util.test.junit.AutoTests" name="[23] /home/travis/build/icyphy/ptII/ptolemy/domains/de/test/auto/DepthTest5.xml (RunModel)" time="0.017" />
  <testcase classname="ptolemy.util.test.junit.AutoTests" name="[24] /home/travis/build/icyphy/ptII/ptolemy/domains/de/test/auto/DepthTest6.xml (RunModel)" time="0.013" />
  <testcase classname="ptolemy.util.test.junit.AutoTests" name="[25] /home/travis/build/icyphy/ptII/ptolemy/domains/de/test/auto/DepthTest7.xml (RunModel)" time="0.011" />
  <testcase classname="ptolemy.util.test.junit.AutoTests" name="[26] /home/travis/build/icyphy/ptII/ptolemy/domains/de/test/auto/EventToDate.xml (RunModel)" time="3.04" />
  <testcase classname="ptolemy.util.test.junit.AutoTests" name="[27] /home/travis/build/icyphy/ptII/ptolemy/domains/de/test/auto/FSM1.xml (RunModel)" time="0.045" />
  <testcase classname="ptolemy.util.test.junit.AutoTests" name="[28] /home/travis/build/icyphy/ptII/ptolemy/domains/de/test/auto/FSM7.xml (RunModel)" time="0.044" />
  <testcase classname="ptolemy.util.test.junit.AutoTests" name="[29] /home/travis/build/icyphy/ptII/ptolemy/domains/de/test/auto/Inspection.xml (RunModel)" time="0.061" />
  <testcase classname="ptolemy.util.test.junit.AutoTests" name="[30] /home/travis/build/icyphy/ptII/ptolemy/domains/de/test/auto/Iteration.xml (RunModel)" time="0.032" />
  <testcase classname="ptolemy.util.test.junit.AutoTests" name="[31] /home/travis/build/icyphy/ptII/ptolemy/domains/de/test/auto/LineFault.xml (RunModel)" time="0.643" />
  <testcase classname="ptolemy.util.test.junit.AutoTests" name="[32] /home/travis/build/icyphy/ptII/ptolemy/domains/de/test/auto/MergeModel1Add.xml (RunModel)" time="0.059" />
  <testcase classname="ptolemy.util.test.junit.AutoTests" name="[33] /home/travis/build/icyphy/ptII/ptolemy/domains/de/test/auto/MergeModel2Add.xml (RunModel)" time="0.048" />
  <testcase classname="ptolemy.util.test.junit.AutoTests" name="[34] /home/travis/build/icyphy/ptII/ptolemy/domains/de/test/auto/MergeModel3Add.xml (RunModel)" time="0.05" />
  <testcase classname="ptolemy.util.test.junit.AutoTests" name="[35] /home/travis/build/icyphy/ptII/ptolemy/domains/de/test/auto/MergeWithoutDiscard.xml (RunModel)" time="0.015" />
  <testcase classname="ptolemy.util.test.junit.AutoTests" name="[36] /home/travis/build/icyphy/ptII/ptolemy/domains/de/test/auto/Modal1.xml (RunModel)" time="0.034" />
  <testcase classname="ptolemy.util.test.junit.AutoTests" name="[37] /home/travis/build/icyphy/ptII/ptolemy/domains/de/test/auto/Modal2.xml (RunModel)" time="0.032" />
  <testcase classname="ptolemy.util.test.junit.AutoTests" name="[38] /home/travis/build/icyphy/ptII/ptolemy/domains/de/test/auto/Modal3.xml (RunModel)" time="0.031" />
  <testcase classname="ptolemy.util.test.junit.AutoTests" name="[39] /home/travis/build/icyphy/ptII/ptolemy/domains/de/test/auto/Modal4.xml (RunModel)" time="0.036" />
  <testcase classname="ptolemy.util.test.junit.AutoTests" name="[40] /home/travis/build/icyphy/ptII/ptolemy/domains/de/test/auto/Modal5.xml (RunModel)" time="0.034" />
  <testcase classname="ptolemy.util.test.junit.AutoTests" name="[41] /home/travis/build/icyphy/ptII/ptolemy/domains/de/test/auto/Modal6.xml (RunModel)" time="0.025" />
  <testcase classname="ptolemy.util.test.junit.AutoTests" name="[42] /home/travis/build/icyphy/ptII/ptolemy/domains/de/test/auto/Modal7.xml (RunModel)" time="0.034" />
  <testcase classname="ptolemy.util.test.junit.AutoTests" name="[43] /home/travis/build/icyphy/ptII/ptolemy/domains/de/test/auto/ModalModel.xml (RunModel)" time="0.199" />
  <testcase classname="ptolemy.util.test.junit.AutoTests" name="[44] /home/travis/build/icyphy/ptII/ptolemy/domains/de/test/auto/ModalSource.xml (RunModel)" time="0.032" />
  <testcase classname="ptolemy.util.test.junit.AutoTests" name="[45] /home/travis/build/icyphy/ptII/ptolemy/domains/de/test/auto/NonInterruptibleTimerZeroDelay.xml (RunModel)" time="0.01" />
  <testcase classname="ptolemy.util.test.junit.AutoTests" name="[46] /home/travis/build/icyphy/ptII/ptolemy/domains/de/test/auto/OpenQueueingNetwork.xml (RunModel)" time="2.476" />
  <testcase classname="ptolemy.util.test.junit.AutoTests" name="[47] /home/travis/build/icyphy/ptII/ptolemy/domains/de/test/auto/OpenQueuingNetwork.xml (RunModel)" time="0.29" />
  <testcase classname="ptolemy.util.test.junit.AutoTests" name="[48] /home/travis/build/icyphy/ptII/ptolemy/domains/de/test/auto/PeriodicSampler.xml (RunModel)" time="0.009" />
  <testcase classname="ptolemy.util.test.junit.AutoTests" name="[49] /home/travis/build/icyphy/ptII/ptolemy/domains/de/test/auto/PersistentIO.xml (RunModel)" time="0.02" />
  <testcase classname="ptolemy.util.test.junit.AutoTests" name="[50] /home/travis/build/icyphy/ptII/ptolemy/domains/de/test/auto/PortParameterResetOnInitialize.xml (RunModel)" time="0.009" />
  <testcase classname="ptolemy.util.test.junit.AutoTests" name="[51] /home/travis/build/icyphy/ptII/ptolemy/domains/de/test/auto/PortParameterUpdates.xml (RunModel)" time="0.013" />
  <testcase classname="ptolemy.util.test.junit.AutoTests" name="[52] /home/travis/build/icyphy/ptII/ptolemy/domains/de/test/auto/QueueAndServer.xml (RunModel)" time="0.027" />
  <testcase classname="ptolemy.util.test.junit.AutoTests" name="[53] /home/travis/build/icyphy/ptII/ptolemy/domains/de/test/auto/Records.xml (RunModel)" time="0.015" />
  <testcase classname="ptolemy.util.test.junit.AutoTests" name="[54] /home/travis/build/icyphy/ptII/ptolemy/domains/de/test/auto/ResetTransitionWithStartTime1.xml (RunModel)" time="0.021" />
  <testcase classname="ptolemy.util.test.junit.AutoTests" name="[55] /home/travis/build/icyphy/ptII/ptolemy/domains/de/test/auto/ResetTransitionWithStartTime2.xml (RunModel)" time="0.021" />
  <testcase classname="ptolemy.util.test.junit.AutoTests" name="[56] /home/travis/build/icyphy/ptII/ptolemy/domains/de/test/auto/ResetTransitionWithStartTime3.xml (RunModel)" time="0.018" />
  <testcase classname="ptolemy.util.test.junit.AutoTests" name="[57] /home/travis/build/icyphy/ptII/ptolemy/domains/de/test/auto/ResetTransitionWithStartTime4.xml (RunModel)" time="0.017" />
  <testcase classname="ptolemy.util.test.junit.AutoTests" name="[58] /home/travis/build/icyphy/ptII/ptolemy/domains/de/test/auto/ResettableTimer1.xml (RunModel)" time="0.011" />
  <testcase classname="ptolemy.util.test.junit.AutoTests" name="[59] /home/travis/build/icyphy/ptII/ptolemy/domains/de/test/auto/ResettableTimer2.xml (RunModel)" time="0.009" />
  <testcase classname="ptolemy.util.test.junit.AutoTests" name="[60] /home/travis/build/icyphy/ptII/ptolemy/domains/de/test/auto/ResettableTimer3.xml (RunModel)" time="0.008" />
  <testcase classname="ptolemy.util.test.junit.AutoTests" name="[61] /home/travis/build/icyphy/ptII/ptolemy/domains/de/test/auto/ResettableTimer4.xml (RunModel)" time="0.011" />
  <testcase classname="ptolemy.util.test.junit.AutoTests" name="[62] /home/travis/build/icyphy/ptII/ptolemy/domains/de/test/auto/ResettableTimer5.xml (RunModel)" time="0.014" />
  <testcase classname="ptolemy.util.test.junit.AutoTests" name="[63] /home/travis/build/icyphy/ptII/ptolemy/domains/de/test/auto/ResettableTimer6.xml (RunModel)" time="0.016" />
  <testcase classname="ptolemy.util.test.junit.AutoTests" name="[64] /home/travis/build/icyphy/ptII/ptolemy/domains/de/test/auto/ServerZeroDelay.xml (RunModel)" time="0.012" />
  <testcase classname="ptolemy.util.test.junit.AutoTests" name="[65] /home/travis/build/icyphy/ptII/ptolemy/domains/de/test/auto/SmartSender.xml (RunModel)" time="3.01" />
  <testcase classname="ptolemy.util.test.junit.AutoTests" name="[66] /home/travis/build/icyphy/ptII/ptolemy/domains/de/test/auto/ThreadedComposite.xml (RunModel)" time="0.116" />
  <testcase classname="ptolemy.util.test.junit.AutoTests" name="[67] /home/travis/build/icyphy/ptII/ptolemy/domains/de/test/auto/Time.xml (RunModel)" time="0.467" />
  <testcase classname="ptolemy.util.test.junit.AutoTests" name="[68] /home/travis/build/icyphy/ptII/ptolemy/domains/de/test/auto/TimeDelayZeroDelay.xml (RunModel)" time="0.01" />
  <testcase classname="ptolemy.util.test.junit.AutoTests" name="[69] /home/travis/build/icyphy/ptII/ptolemy/domains/de/test/auto/TimerZeroDelay.xml (RunModel)" time="0.008" />
  <testcase classname="ptolemy.util.test.junit.AutoTests" name="[70] /home/travis/build/icyphy/ptII/ptolemy/domains/de/test/auto/TimingParadox.xml (RunModel)" time="0.375" />
  <testcase classname="ptolemy.util.test.junit.AutoTests" name="[71] /home/travis/build/icyphy/ptII/ptolemy/domains/de/test/auto/TransferInputs.xml (RunModel)" time="0.009" />
  <testcase classname="ptolemy.util.test.junit.AutoTests" name="[72] /home/travis/build/icyphy/ptII/ptolemy/domains/de/test/auto/TransferOutputs2.xml (RunModel)" time="0.014" />
  <testcase classname="ptolemy.util.test.junit.AutoTests" name="[73] /home/travis/build/icyphy/ptII/ptolemy/domains/de/test/auto/Trilateration.xml (RunModel)" time="13.109" />
  <testcase classname="ptolemy.util.test.junit.AutoTests" name="[74] /home/travis/build/icyphy/ptII/ptolemy/domains/de/test/auto/TwoSigmaDelta.xml (RunModel)" time="2.227" />
  <testcase classname="ptolemy.util.test.junit.AutoTests" name="[75] /home/travis/build/icyphy/ptII/ptolemy/domains/de/test/auto/VariableDelay.xml (RunModel)" time="0.013" />
  <testcase classname="ptolemy.util.test.junit.AutoTests" name="[76] /home/travis/build/icyphy/ptII/ptolemy/domains/de/test/auto/VariableDelay2.xml (RunModel)" time="0.018" />
  <testcase classname="ptolemy.util.test.junit.AutoTests" name="[77] /home/travis/build/icyphy/ptII/ptolemy/domains/de/test/auto/VariableDelayZeroDelay.xml (RunModel)" time="0.012" />
  <testcase classname="ptolemy.util.test.junit.AutoTests" name="[78] /home/travis/build/icyphy/ptII/ptolemy/domains/de/test/auto/VariableDelayZeroDelay2.xml (RunModel)" time="0.014" />
  <testcase classname="ptolemy.util.test.junit.AutoTests" name="[79] /home/travis/build/icyphy/ptII/ptolemy/domains/de/test/auto/deInCt.xml (RunModel)" time="0.021" />
  <testcase classname="ptolemy.util.test.junit.AutoTests" name="[80] /home/travis/build/icyphy/ptII/ptolemy/domains/de/test/auto/deInCt2.xml (RunModel)" time="0.014" />
  <testcase classname="ptolemy.util.test.junit.AutoTests" name="[81] /home/travis/build/icyphy/ptII/ptolemy/domains/de/test/auto/dynamicCausalityInterface1.xml (RunModel)" time="0.019" />
  <testcase classname="ptolemy.util.test.junit.AutoTests" name="[82] /home/travis/build/icyphy/ptII/ptolemy/domains/de/test/auto/fsm_de_test.xml (RunModel)" time="0.031" />
  <testcase classname="ptolemy.util.test.junit.AutoTests" name="[83] /home/travis/build/icyphy/ptII/ptolemy/domains/de/test/auto/functionDependencyReconstruction.xml (RunModel)" time="0.036" />
  <testcase classname="ptolemy.util.test.junit.AutoTests" name="[84] /home/travis/build/icyphy/ptII/ptolemy/domains/de/test/auto/multirate.xml (RunModel)" time="0.015" />
  <testcase classname="ptolemy.util.test.junit.AutoTests" name="[85] /home/travis/build/icyphy/ptII/ptolemy/domains/de/test/auto/multirate2.xml (RunModel)" time="0.015" />
  <testcase classname="ptolemy.util.test.junit.AutoTests" name="[86] /home/travis/build/icyphy/ptII/ptolemy/domains/de/test/auto/realtime.xml (RunModel)" time="10.01" />
  <testcase classname="ptolemy.util.test.junit.AutoTests" name="[87] /home/travis/build/icyphy/ptII/ptolemy/domains/de/test/auto/relationGroup.xml (RunModel)" time="0.007" />
  <testcase classname="ptolemy.util.test.junit.AutoTests" name="[88] /home/travis/build/icyphy/ptII/ptolemy/domains/de/test/auto/relationGroup2.xml (RunModel)" time="0.012" />
  <testcase classname="ptolemy.util.test.junit.AutoTests" name="[89] /home/travis/build/icyphy/ptII/ptolemy/domains/de/test/auto/sortWithOpaquePorts.xml (RunModel)" time="0.014" />
  <testcase classname="ptolemy.util.test.junit.AutoTests" name="[90] /home/travis/build/icyphy/ptII/ptolemy/domains/de/test/auto/transferInputsandOutputs.xml (RunModel)" time="0.021" />
  <testcase classname="ptolemy.util.test.junit.AutoTests" name="[91] /home/travis/build/icyphy/ptII/ptolemy/domains/de/test/auto/triggerType.xml (RunModel)" time="0.03" />
  <system-out><![CDATA[/home/travis/build/icyphy/ptII/ptolemy/domains/de/test/DependencyLoop.tcl
testDefs.tcl: setting time out to 9000 seconds at Wed Jul 17 04:52:11 UTC 2019
58 ms. Memory: 120832K Free: 71624K (59%)
31 ms. Memory: 120832K Free: 54216K (45%)
/home/travis/build/icyphy/ptII/ptolemy/domains/de/test/RunDETestsAsQSS.tcl
Run the DE tests using ptolemy.domains.qss.test.QSSDirectorTest, which extends QSSDirector and prints a message in the constructors.
------------------ testing $PTII/ptolemy/domains/de/test/auto/knownFailedTests/DirectFeedback.xml (Known Failure) 
63 ms. Memory: 120832K Free: 49096K (41%)


==== $PTIIhome/travis/build/icyphy/ptII/ptolemy/domains/de/test/../../../../: Auto Automatic test in file $PTII/ptolemy/domains/de/test/auto/knownFailedTests/DirectFeedback.xml
==== Contents of test case:

	    # FIXME: we should use $relativeFilename here, but it
	    # might have backslashes under Windows, which causes no end
	    # of trouble.
	    createAndExecute $file
	    list {}
	
.... Test generated KNOWN error:
    while executing
ptolemy.kernel.util.IllegalActionException: Test fails in iteration 1.
Value was: 1.0. Should have been: 2.0
  in .DirectFeedback.Test
	at ptolemy.actor.lib.Test.fire(Test.java:268)
	at ptolemy.domains.de.kernel.DEDirector._fire(DEDirector.java:1949)
	at ptolemy.domains.de.kernel.DEDirector.fire(DEDirector.java:502)
	at ptolemy.actor.CompositeActor.fire(CompositeActor.java:455)
	at ptolemy.actor.Manager.iterate(Manager.java:851)
	at ptolemy.actor.Manager.execute(Manager.java:369)
	at ptolemy.actor.Manager.run(Manager.java:1263)
	at ptolemy.actor.Manager$PtolemyRunThread.run(Manager.java:1933)

    while executing
ptolemy.kernel.util.IllegalActionException: Test fails in iteration 1.
Value was: 1.0. Should have been: 2.0
  in .DirectFeedback.Test
    while executing
"java::new ptolemy.moml.MoMLSimpleApplication $file
"
    (procedure "createAndExecute" line 2)
    invoked from within
"createAndExecute $file"
    ("uplevel" body line 5)
    invoked from within
"uplevel $contents_of_test"
------------------ testing $PTII/ptolemy/domains/de/test/auto/knownFailedTests/dependencyLoop.xml (Known Failure) 
13 ms. Memory: 120832K Free: 46024K (38%)


==== $PTIIhome/travis/build/icyphy/ptII/ptolemy/domains/de/test/../../../../: Auto Automatic test in file $PTII/ptolemy/domains/de/test/auto/knownFailedTests/dependencyLoop.xml
==== Contents of test case:

	    # FIXME: we should use $relativeFilename here, but it
	    # might have backslashes under Windows, which causes no end
	    # of trouble.
	    createAndExecute $file
	    list {}
	
.... Test generated KNOWN error:
    while executing
ptolemy.kernel.util.IllegalActionException: Found a zero delay loop containing .dependencyLoop.original
  in .dependencyLoop and .dependencyLoop.original
	at ptolemy.actor.util.CausalityInterfaceForComposites._computeOutputPortDepth(CausalityInterfaceForComposites.java:759)
	at ptolemy.actor.util.CausalityInterfaceForComposites._computeInputDepth(CausalityInterfaceForComposites.java:696)
	at ptolemy.actor.util.CausalityInterfaceForComposites._computeOutputPortDepth(CausalityInterfaceForComposites.java:765)
	at ptolemy.actor.util.CausalityInterfaceForComposites._computeInputDepth(CausalityInterfaceForComposites.java:696)
	at ptolemy.actor.util.CausalityInterfaceForComposites._computeOutputPortDepth(CausalityInterfaceForComposites.java:765)
	at ptolemy.actor.util.CausalityInterfaceForComposites._computeInputDepth(CausalityInterfaceForComposites.java:696)
	at ptolemy.actor.util.CausalityInterfaceForComposites._computeActorDepth(CausalityInterfaceForComposites.java:532)
	at ptolemy.actor.util.CausalityInterfaceForComposites.checkForCycles(CausalityInterfaceForComposites.java:96)
	at ptolemy.domains.de.kernel.DEDirector.preinitialize(DEDirector.java:1338)
	at ptolemy.actor.CompositeActor.preinitialize(CompositeActor.java:1828)
	at ptolemy.actor.Manager.preinitializeAndResolveTypes(Manager.java:1040)
	at ptolemy.actor.Manager.initialize(Manager.java:710)
	at ptolemy.actor.Manager.execute(Manager.java:356)
	at ptolemy.actor.Manager.run(Manager.java:1263)
	at ptolemy.actor.Manager$PtolemyRunThread.run(Manager.java:1933)

    while executing
ptolemy.kernel.util.IllegalActionException: Found a zero delay loop containing .dependencyLoop.original
  in .dependencyLoop and .dependencyLoop.original
    while executing
"java::new ptolemy.moml.MoMLSimpleApplication $file
"
    (procedure "createAndExecute" line 2)
    invoked from within
"createAndExecute $file"
    ("uplevel" body line 5)
    invoked from within
"uplevel $contents_of_test"
------------------ testing $PTII/ptolemy/domains/de/test/auto/knownFailedTests/FSMSource.xml (Known Failure) 
44 ms. Memory: 120832K Free: 99655K (82%)
!!!! Auto was marked as failing, but now passes
------------------ testing $PTII/ptolemy/domains/de/test/auto/knownFailedTests/HierarchicalModel.xml (Known Failure) 
15 ms. Memory: 120832K Free: 82231K (68%)


==== $PTIIhome/travis/build/icyphy/ptII/ptolemy/domains/de/test/../../../../: Auto Automatic test in file $PTII/ptolemy/domains/de/test/auto/knownFailedTests/HierarchicalModel.xml
==== Contents of test case:

	    # FIXME: we should use $relativeFilename here, but it
	    # might have backslashes under Windows, which causes no end
	    # of trouble.
	    createAndExecute $file
	    list {}
	
.... Test generated KNOWN error:
    while executing
ptolemy.kernel.util.IllegalActionException: Found a zero delay loop containing .HierarchicalModel.A
  in .HierarchicalModel and .HierarchicalModel.A
	at ptolemy.actor.util.CausalityInterfaceForComposites._computeOutputPortDepth(CausalityInterfaceForComposites.java:759)
	at ptolemy.actor.util.CausalityInterfaceForComposites._computeInputDepth(CausalityInterfaceForComposites.java:696)
	at ptolemy.actor.util.CausalityInterfaceForComposites._computeOutputPortDepth(CausalityInterfaceForComposites.java:765)
	at ptolemy.actor.util.CausalityInterfaceForComposites._computeInputDepth(CausalityInterfaceForComposites.java:696)
	at ptolemy.actor.util.CausalityInterfaceForComposites._computeOutputPortDepth(CausalityInterfaceForComposites.java:765)
	at ptolemy.actor.util.CausalityInterfaceForComposites._computeInputDepth(CausalityInterfaceForComposites.java:696)
	at ptolemy.actor.util.CausalityInterfaceForComposites._computeActorDepth(CausalityInterfaceForComposites.java:532)
	at ptolemy.actor.util.CausalityInterfaceForComposites.checkForCycles(CausalityInterfaceForComposites.java:96)
	at ptolemy.domains.de.kernel.DEDirector.preinitialize(DEDirector.java:1338)
	at ptolemy.actor.CompositeActor.preinitialize(CompositeActor.java:1828)
	at ptolemy.actor.Manager.preinitializeAndResolveTypes(Manager.java:1040)
	at ptolemy.actor.Manager.initialize(Manager.java:710)
	at ptolemy.actor.Manager.execute(Manager.java:356)
	at ptolemy.actor.Manager.run(Manager.java:1263)
	at ptolemy.actor.Manager$PtolemyRunThread.run(Manager.java:1933)

    while executing
ptolemy.kernel.util.IllegalActionException: Found a zero delay loop containing .HierarchicalModel.A
  in .HierarchicalModel and .HierarchicalModel.A
    while executing
"java::new ptolemy.moml.MoMLSimpleApplication $file
"
    (procedure "createAndExecute" line 2)
    invoked from within
"createAndExecute $file"
    ("uplevel" body line 5)
    invoked from within
"uplevel $contents_of_test"
------------------ testing $PTII/ptolemy/domains/de/test/auto/knownFailedTests/dependencyLoop2.xml (Known Failure) 
22 ms. Memory: 120832K Free: 105662K (87%)


==== $PTIIhome/travis/build/icyphy/ptII/ptolemy/domains/de/test/../../../../: Auto Automatic test in file $PTII/ptolemy/domains/de/test/auto/knownFailedTests/dependencyLoop2.xml
==== Contents of test case:

	    # FIXME: we should use $relativeFilename here, but it
	    # might have backslashes under Windows, which causes no end
	    # of trouble.
	    createAndExecute $file
	    list {}
	
.... Test generated KNOWN error:
    while executing
ptolemy.kernel.util.IllegalActionException: Found a zero delay loop containing .dependencyLoop2.original
  in .dependencyLoop2 and .dependencyLoop2.original
	at ptolemy.actor.util.CausalityInterfaceForComposites._computeOutputPortDepth(CausalityInterfaceForComposites.java:759)
	at ptolemy.actor.util.CausalityInterfaceForComposites._computeInputDepth(CausalityInterfaceForComposites.java:696)
	at ptolemy.actor.util.CausalityInterfaceForComposites._computeOutputPortDepth(CausalityInterfaceForComposites.java:765)
	at ptolemy.actor.util.CausalityInterfaceForComposites._computeInputDepth(CausalityInterfaceForComposites.java:696)
	at ptolemy.actor.util.CausalityInterfaceForComposites._computeOutputPortDepth(CausalityInterfaceForComposites.java:765)
	at ptolemy.actor.util.CausalityInterfaceForComposites._computeInputDepth(CausalityInterfaceForComposites.java:696)
	at ptolemy.actor.util.CausalityInterfaceForComposites._computeActorDepth(CausalityInterfaceForComposites.java:532)
	at ptolemy.actor.util.CausalityInterfaceForComposites.checkForCycles(CausalityInterfaceForComposites.java:96)
	at ptolemy.domains.de.kernel.DEDirector.preinitialize(DEDirector.java:1338)
	at ptolemy.actor.CompositeActor.preinitialize(CompositeActor.java:1828)
	at ptolemy.actor.Manager.preinitializeAndResolveTypes(Manager.java:1040)
	at ptolemy.actor.Manager.initialize(Manager.java:710)
	at ptolemy.actor.Manager.execute(Manager.java:356)
	at ptolemy.actor.Manager.run(Manager.java:1263)
	at ptolemy.actor.Manager$PtolemyRunThread.run(Manager.java:1933)

    while executing
ptolemy.kernel.util.IllegalActionException: Found a zero delay loop containing .dependencyLoop2.original
  in .dependencyLoop2 and .dependencyLoop2.original
    while executing
"java::new ptolemy.moml.MoMLSimpleApplication $file
"
    (procedure "createAndExecute" line 2)
    invoked from within
"createAndExecute $file"
    ("uplevel" body line 5)
    invoked from within
"uplevel $contents_of_test"
------------------ testing $PTII/ptolemy/domains/de/test/auto/knownFailedTests/DESDFClockTest.xml (Known Failure) 
2064 ms. Memory: 120832K Free: 93559K (77%)


==== $PTIIhome/travis/build/icyphy/ptII/ptolemy/domains/de/test/../../../../: Auto Automatic test in file $PTII/ptolemy/domains/de/test/auto/knownFailedTests/DESDFClockTest.xml
==== Contents of test case:

	    # FIXME: we should use $relativeFilename here, but it
	    # might have backslashes under Windows, which causes no end
	    # of trouble.
	    createAndExecute $file
	    list {}
	
.... Test generated KNOWN error:
    while executing
ptolemy.kernel.util.IllegalActionException: Actor is not ready to fire.  Perhaps UpSample.prefire() returned false? Try debugging the actor by selecting "Listen to Actor".  Also, for SDF check moml for tokenConsumptionRate on input.
  in .DESDFClockTest.Play Bell.Copy1:SDF Director and .DESDFClockTest.Play Bell.UpSample
	at ptolemy.actor.sched.StaticSchedulingDirector.fire(StaticSchedulingDirector.java:227)
	at ptolemy.domains.sdf.kernel.SDFDirector.fire(SDFDirector.java:500)
	at ptolemy.actor.CompositeActor.fire(CompositeActor.java:455)
	at ptolemy.domains.de.kernel.DEDirector._fire(DEDirector.java:1949)
	at ptolemy.domains.de.kernel.DEDirector.fire(DEDirector.java:502)
	at ptolemy.actor.CompositeActor.fire(CompositeActor.java:455)
	at ptolemy.actor.Manager.iterate(Manager.java:851)
	at ptolemy.actor.Manager.execute(Manager.java:369)
	at ptolemy.actor.Manager.run(Manager.java:1263)
	at ptolemy.actor.Manager$PtolemyRunThread.run(Manager.java:1933)

    while executing
ptolemy.kernel.util.IllegalActionException: Actor is not ready to fire.  Perhaps UpSample.prefire() returned false? Try debugging the actor by selecting "Listen to Actor".  Also, for SDF check moml for tokenConsumptionRate on input.
  in .DESDFClockTest.Play Bell.Copy1:SDF Director and .DESDFClockTest.Play Bell.UpSample
    while executing
"java::new ptolemy.moml.MoMLSimpleApplication $file
"
    (procedure "createAndExecute" line 2)
    invoked from within
"createAndExecute $file"
    ("uplevel" body line 5)
    invoked from within
"uplevel $contents_of_test"
------------------ testing $PTII/ptolemy/domains/de/test/auto/ActorDepthCalculation_actorWithoutPorts.xml
auto.tcl: Setting watchdog for 200 seconds at Wed Jul 17 04:52:14 UTC 2019
7 ms. Memory: 120832K Free: 86361K (71%)
ptolemy.util.test.WatchDog.cancel(): canceling Wed Jul 17 04:52:15 UTC 2019
auto.tcl: Setting watchdog for 200 seconds at Wed Jul 17 04:52:15 UTC 2019
8 ms. Memory: 120832K Free: 85218K (71%)
ptolemy.util.test.WatchDog.cancel(): canceling Wed Jul 17 04:52:15 UTC 2019
------------------ testing $PTII/ptolemy/domains/de/test/auto/AssemblyLine.xml
auto.tcl: Setting watchdog for 200 seconds at Wed Jul 17 04:52:15 UTC 2019
9 ms. Memory: 48128K Free: 25806K (54%)
ptolemy.util.test.WatchDog.cancel(): canceling Wed Jul 17 04:52:15 UTC 2019
auto.tcl: Setting watchdog for 200 seconds at Wed Jul 17 04:52:15 UTC 2019
7 ms. Memory: 48128K Free: 25339K (53%)
ptolemy.util.test.WatchDog.cancel(): canceling Wed Jul 17 04:52:15 UTC 2019
------------------ testing $PTII/ptolemy/domains/de/test/auto/CQBug1.xml
auto.tcl: Setting watchdog for 200 seconds at Wed Jul 17 04:52:15 UTC 2019
2 ms. Memory: 45056K Free: 28574K (63%)
ptolemy.util.test.WatchDog.cancel(): canceling Wed Jul 17 04:52:15 UTC 2019
auto.tcl: Setting watchdog for 200 seconds at Wed Jul 17 04:52:15 UTC 2019
3 ms. Memory: 45056K Free: 28142K (62%)
ptolemy.util.test.WatchDog.cancel(): canceling Wed Jul 17 04:52:15 UTC 2019
------------------ testing $PTII/ptolemy/domains/de/test/auto/CancelFireAt.xml
auto.tcl: Setting watchdog for 200 seconds at Wed Jul 17 04:52:15 UTC 2019
8 ms. Memory: 45056K Free: 29747K (66%)
ptolemy.util.test.WatchDog.cancel(): canceling Wed Jul 17 04:52:15 UTC 2019
auto.tcl: Setting watchdog for 200 seconds at Wed Jul 17 04:52:15 UTC 2019
3 ms. Memory: 45056K Free: 29340K (65%)
ptolemy.util.test.WatchDog.cancel(): canceling Wed Jul 17 04:52:15 UTC 2019
------------------ testing $PTII/ptolemy/domains/de/test/auto/CausalityAndComposabilityAnalysis.xml
auto.tcl: Setting watchdog for 200 seconds at Wed Jul 17 04:52:15 UTC 2019
7 ms. Memory: 45056K Free: 27962K (62%)
ptolemy.util.test.WatchDog.cancel(): canceling Wed Jul 17 04:52:15 UTC 2019
auto.tcl: Setting watchdog for 200 seconds at Wed Jul 17 04:52:15 UTC 2019
6 ms. Memory: 45056K Free: 27129K (60%)
ptolemy.util.test.WatchDog.cancel(): canceling Wed Jul 17 04:52:15 UTC 2019
------------------ testing $PTII/ptolemy/domains/de/test/auto/CausalityInterface1.xml
auto.tcl: Setting watchdog for 200 seconds at Wed Jul 17 04:52:16 UTC 2019
39 ms. Memory: 45056K Free: 26405K (59%)
ptolemy.util.test.WatchDog.cancel(): canceling Wed Jul 17 04:52:16 UTC 2019
auto.tcl: Setting watchdog for 200 seconds at Wed Jul 17 04:52:16 UTC 2019
8 ms. Memory: 45056K Free: 25398K (56%)
ptolemy.util.test.WatchDog.cancel(): canceling Wed Jul 17 04:52:16 UTC 2019
------------------ testing $PTII/ptolemy/domains/de/test/auto/CausalityInterface15.xml
auto.tcl: Setting watchdog for 200 seconds at Wed Jul 17 04:52:16 UTC 2019
9 ms. Memory: 45056K Free: 26057K (58%)
ptolemy.util.test.WatchDog.cancel(): canceling Wed Jul 17 04:52:16 UTC 2019
auto.tcl: Setting watchdog for 200 seconds at Wed Jul 17 04:52:16 UTC 2019
4 ms. Memory: 45056K Free: 25355K (56%)
ptolemy.util.test.WatchDog.cancel(): canceling Wed Jul 17 04:52:16 UTC 2019
------------------ testing $PTII/ptolemy/domains/de/test/auto/CausalityInterface2.xml
auto.tcl: Setting watchdog for 200 seconds at Wed Jul 17 04:52:16 UTC 2019
11 ms. Memory: 45056K Free: 27128K (60%)
ptolemy.util.test.WatchDog.cancel(): canceling Wed Jul 17 04:52:16 UTC 2019
auto.tcl: Setting watchdog for 200 seconds at Wed Jul 17 04:52:16 UTC 2019
4 ms. Memory: 45056K Free: 25978K (58%)
ptolemy.util.test.WatchDog.cancel(): canceling Wed Jul 17 04:52:16 UTC 2019
------------------ testing $PTII/ptolemy/domains/de/test/auto/CausalityInterface3.xml
auto.tcl: Setting watchdog for 200 seconds at Wed Jul 17 04:52:16 UTC 2019
4 ms. Memory: 45056K Free: 26596K (59%)
ptolemy.util.test.WatchDog.cancel(): canceling Wed Jul 17 04:52:16 UTC 2019
auto.tcl: Setting watchdog for 200 seconds at Wed Jul 17 04:52:16 UTC 2019
3 ms. Memory: 45056K Free: 25799K (57%)
ptolemy.util.test.WatchDog.cancel(): canceling Wed Jul 17 04:52:16 UTC 2019
------------------ testing $PTII/ptolemy/domains/de/test/auto/ClockDrift.xml
auto.tcl: Setting watchdog for 200 seconds at Wed Jul 17 04:52:16 UTC 2019
63 ms. Memory: 45056K Free: 19190K (43%)
ptolemy.util.test.WatchDog.cancel(): canceling Wed Jul 17 04:52:16 UTC 2019
auto.tcl: Setting watchdog for 200 seconds at Wed Jul 17 04:52:16 UTC 2019
62 ms. Memory: 45056K Free: 16171K (36%)
ptolemy.util.test.WatchDog.cancel(): canceling Wed Jul 17 04:52:16 UTC 2019
------------------ testing $PTII/ptolemy/domains/de/test/auto/ClockDriftAndValueChange.xml
auto.tcl: Setting watchdog for 200 seconds at Wed Jul 17 04:52:16 UTC 2019
26 ms. Memory: 45056K Free: 19259K (43%)
ptolemy.util.test.WatchDog.cancel(): canceling Wed Jul 17 04:52:16 UTC 2019
auto.tcl: Setting watchdog for 200 seconds at Wed Jul 17 04:52:16 UTC 2019
39 ms. Memory: 45056K Free: 16414K (36%)
ptolemy.util.test.WatchDog.cancel(): canceling Wed Jul 17 04:52:16 UTC 2019
------------------ testing $PTII/ptolemy/domains/de/test/auto/ClockDriftChange.xml
auto.tcl: Setting watchdog for 200 seconds at Wed Jul 17 04:52:16 UTC 2019
31 ms. Memory: 45056K Free: 21308K (47%)
ptolemy.util.test.WatchDog.cancel(): canceling Wed Jul 17 04:52:16 UTC 2019
auto.tcl: Setting watchdog for 200 seconds at Wed Jul 17 04:52:16 UTC 2019
29 ms. Memory: 45056K Free: 18749K (42%)
ptolemy.util.test.WatchDog.cancel(): canceling Wed Jul 17 04:52:16 UTC 2019
------------------ testing $PTII/ptolemy/domains/de/test/auto/ComposableCausalityAnalysis.xml
auto.tcl: Setting watchdog for 200 seconds at Wed Jul 17 04:52:16 UTC 2019
3 ms. Memory: 45056K Free: 25922K (58%)
ptolemy.util.test.WatchDog.cancel(): canceling Wed Jul 17 04:52:17 UTC 2019
auto.tcl: Setting watchdog for 200 seconds at Wed Jul 17 04:52:17 UTC 2019
5 ms. Memory: 45056K Free: 24887K (55%)
ptolemy.util.test.WatchDog.cancel(): canceling Wed Jul 17 04:52:17 UTC 2019
------------------ testing $PTII/ptolemy/domains/de/test/auto/DEFixedPointLimitation.xml
auto.tcl: Setting watchdog for 200 seconds at Wed Jul 17 04:52:17 UTC 2019
2 ms. Memory: 45056K Free: 27322K (61%)
ptolemy.util.test.WatchDog.cancel(): canceling Wed Jul 17 04:52:17 UTC 2019
auto.tcl: Setting watchdog for 200 seconds at Wed Jul 17 04:52:17 UTC 2019
2 ms. Memory: 45056K Free: 26386K (59%)
ptolemy.util.test.WatchDog.cancel(): canceling Wed Jul 17 04:52:17 UTC 2019
------------------ testing $PTII/ptolemy/domains/de/test/auto/DEScheduleTest.xml
auto.tcl: Setting watchdog for 200 seconds at Wed Jul 17 04:52:17 UTC 2019
5 ms. Memory: 45056K Free: 27594K (61%)
ptolemy.util.test.WatchDog.cancel(): canceling Wed Jul 17 04:52:17 UTC 2019
auto.tcl: Setting watchdog for 200 seconds at Wed Jul 17 04:52:17 UTC 2019
3 ms. Memory: 45056K Free: 26808K (59%)
ptolemy.util.test.WatchDog.cancel(): canceling Wed Jul 17 04:52:17 UTC 2019
------------------ testing $PTII/ptolemy/domains/de/test/auto/DEinDEwithStartTimes.xml
auto.tcl: Setting watchdog for 200 seconds at Wed Jul 17 04:52:17 UTC 2019
9 ms. Memory: 45056K Free: 25744K (57%)
ptolemy.util.test.WatchDog.cancel(): canceling Wed Jul 17 04:52:17 UTC 2019
auto.tcl: Setting watchdog for 200 seconds at Wed Jul 17 04:52:17 UTC 2019
4 ms. Memory: 45056K Free: 24710K (55%)
ptolemy.util.test.WatchDog.cancel(): canceling Wed Jul 17 04:52:17 UTC 2019
------------------ testing $PTII/ptolemy/domains/de/test/auto/DEinDEwithStartTimes2.xml
auto.tcl: Setting watchdog for 200 seconds at Wed Jul 17 04:52:17 UTC 2019
5 ms. Memory: 45056K Free: 24995K (55%)
ptolemy.util.test.WatchDog.cancel(): canceling Wed Jul 17 04:52:17 UTC 2019
auto.tcl: Setting watchdog for 200 seconds at Wed Jul 17 04:52:17 UTC 2019
4 ms. Memory: 45056K Free: 23665K (53%)
ptolemy.util.test.WatchDog.cancel(): canceling Wed Jul 17 04:52:17 UTC 2019
------------------ testing $PTII/ptolemy/domains/de/test/auto/DateDemo.xml
auto.tcl: Setting watchdog for 200 seconds at Wed Jul 17 04:52:17 UTC 2019
21 ms. Memory: 45056K Free: 19634K (44%)
ptolemy.util.test.WatchDog.cancel(): canceling Wed Jul 17 04:52:17 UTC 2019
auto.tcl: Setting watchdog for 200 seconds at Wed Jul 17 04:52:17 UTC 2019
7 ms. Memory: 45056K Free: 17795K (39%)
ptolemy.util.test.WatchDog.cancel(): canceling Wed Jul 17 04:52:17 UTC 2019
------------------ testing $PTII/ptolemy/domains/de/test/auto/DateToEvent.xml
auto.tcl: Setting watchdog for 200 seconds at Wed Jul 17 04:52:17 UTC 2019
2020 ms. Memory: 45056K Free: 15229K (34%)
ptolemy.util.test.WatchDog.cancel(): canceling Wed Jul 17 04:52:19 UTC 2019
auto.tcl: Setting watchdog for 200 seconds at Wed Jul 17 04:52:19 UTC 2019
2004 ms. Memory: 45056K Free: 14513K (32%)
ptolemy.util.test.WatchDog.cancel(): canceling Wed Jul 17 04:52:21 UTC 2019
------------------ testing $PTII/ptolemy/domains/de/test/auto/DepthTest1.xml
auto.tcl: Setting watchdog for 200 seconds at Wed Jul 17 04:52:21 UTC 2019
10 ms. Memory: 45056K Free: 28113K (62%)
ptolemy.util.test.WatchDog.cancel(): canceling Wed Jul 17 04:52:21 UTC 2019
auto.tcl: Setting watchdog for 200 seconds at Wed Jul 17 04:52:21 UTC 2019
2 ms. Memory: 45056K Free: 27721K (62%)
ptolemy.util.test.WatchDog.cancel(): canceling Wed Jul 17 04:52:21 UTC 2019
------------------ testing $PTII/ptolemy/domains/de/test/auto/DepthTest2.xml
auto.tcl: Setting watchdog for 200 seconds at Wed Jul 17 04:52:21 UTC 2019
4 ms. Memory: 45056K Free: 25216K (56%)
ptolemy.util.test.WatchDog.cancel(): canceling Wed Jul 17 04:52:21 UTC 2019
auto.tcl: Setting watchdog for 200 seconds at Wed Jul 17 04:52:21 UTC 2019
3 ms. Memory: 45056K Free: 24797K (55%)
ptolemy.util.test.WatchDog.cancel(): canceling Wed Jul 17 04:52:21 UTC 2019
------------------ testing $PTII/ptolemy/domains/de/test/auto/DepthTest3.xml
auto.tcl: Setting watchdog for 200 seconds at Wed Jul 17 04:52:21 UTC 2019
2 ms. Memory: 45056K Free: 28705K (64%)
ptolemy.util.test.WatchDog.cancel(): canceling Wed Jul 17 04:52:21 UTC 2019
auto.tcl: Setting watchdog for 200 seconds at Wed Jul 17 04:52:21 UTC 2019
1 ms. Memory: 45056K Free: 28287K (63%)
ptolemy.util.test.WatchDog.cancel(): canceling Wed Jul 17 04:52:21 UTC 2019
------------------ testing $PTII/ptolemy/domains/de/test/auto/DepthTest4.xml
auto.tcl: Setting watchdog for 200 seconds at Wed Jul 17 04:52:21 UTC 2019
5 ms. Memory: 45056K Free: 27062K (60%)
ptolemy.util.test.WatchDog.cancel(): canceling Wed Jul 17 04:52:21 UTC 2019
auto.tcl: Setting watchdog for 200 seconds at Wed Jul 17 04:52:21 UTC 2019
2 ms. Memory: 45056K Free: 26336K (58%)
ptolemy.util.test.WatchDog.cancel(): canceling Wed Jul 17 04:52:21 UTC 2019
------------------ testing $PTII/ptolemy/domains/de/test/auto/DepthTest5.xml
auto.tcl: Setting watchdog for 200 seconds at Wed Jul 17 04:52:21 UTC 2019
5 ms. Memory: 45056K Free: 26224K (58%)
ptolemy.util.test.WatchDog.cancel(): canceling Wed Jul 17 04:52:22 UTC 2019
auto.tcl: Setting watchdog for 200 seconds at Wed Jul 17 04:52:22 UTC 2019
8 ms. Memory: 45056K Free: 25798K (57%)
ptolemy.util.test.WatchDog.cancel(): canceling Wed Jul 17 04:52:22 UTC 2019
------------------ testing $PTII/ptolemy/domains/de/test/auto/DepthTest6.xml
auto.tcl: Setting watchdog for 200 seconds at Wed Jul 17 04:52:22 UTC 2019
10 ms. Memory: 45056K Free: 26194K (58%)
ptolemy.util.test.WatchDog.cancel(): canceling Wed Jul 17 04:52:22 UTC 2019
auto.tcl: Setting watchdog for 200 seconds at Wed Jul 17 04:52:22 UTC 2019
3 ms. Memory: 45056K Free: 25776K (57%)
ptolemy.util.test.WatchDog.cancel(): canceling Wed Jul 17 04:52:22 UTC 2019
------------------ testing $PTII/ptolemy/domains/de/test/auto/DepthTest7.xml
auto.tcl: Setting watchdog for 200 seconds at Wed Jul 17 04:52:22 UTC 2019
9 ms. Memory: 45056K Free: 26666K (59%)
ptolemy.util.test.WatchDog.cancel(): canceling Wed Jul 17 04:52:22 UTC 2019
auto.tcl: Setting watchdog for 200 seconds at Wed Jul 17 04:52:22 UTC 2019
2 ms. Memory: 45056K Free: 26265K (58%)
ptolemy.util.test.WatchDog.cancel(): canceling Wed Jul 17 04:52:22 UTC 2019
------------------ testing $PTII/ptolemy/domains/de/test/auto/EventToDate.xml
auto.tcl: Setting watchdog for 200 seconds at Wed Jul 17 04:52:22 UTC 2019
3006 ms. Memory: 45056K Free: 17802K (40%)
ptolemy.util.test.WatchDog.cancel(): canceling Wed Jul 17 04:52:25 UTC 2019
auto.tcl: Setting watchdog for 200 seconds at Wed Jul 17 04:52:25 UTC 2019
3004 ms. Memory: 45056K Free: 17083K (38%)
ptolemy.util.test.WatchDog.cancel(): canceling Wed Jul 17 04:52:28 UTC 2019
------------------ testing $PTII/ptolemy/domains/de/test/auto/FSM1.xml
auto.tcl: Setting watchdog for 200 seconds at Wed Jul 17 04:52:28 UTC 2019
33 ms. Memory: 45056K Free: 18992K (42%)
ptolemy.util.test.WatchDog.cancel(): canceling Wed Jul 17 04:52:28 UTC 2019
auto.tcl: Setting watchdog for 200 seconds at Wed Jul 17 04:52:28 UTC 2019
25 ms. Memory: 45056K Free: 15738K (35%)
ptolemy.util.test.WatchDog.cancel(): canceling Wed Jul 17 04:52:28 UTC 2019
------------------ testing $PTII/ptolemy/domains/de/test/auto/FSM7.xml
auto.tcl: Setting watchdog for 200 seconds at Wed Jul 17 04:52:28 UTC 2019
15 ms. Memory: 45056K Free: 18687K (41%)
ptolemy.util.test.WatchDog.cancel(): canceling Wed Jul 17 04:52:28 UTC 2019
auto.tcl: Setting watchdog for 200 seconds at Wed Jul 17 04:52:28 UTC 2019
19 ms. Memory: 45056K Free: 15540K (34%)
ptolemy.util.test.WatchDog.cancel(): canceling Wed Jul 17 04:52:28 UTC 2019
------------------ testing $PTII/ptolemy/domains/de/test/auto/Inspection.xml
auto.tcl: Setting watchdog for 200 seconds at Wed Jul 17 04:52:28 UTC 2019
29 ms. Memory: 45056K Free: 18751K (42%)
ptolemy.util.test.WatchDog.cancel(): canceling Wed Jul 17 04:52:28 UTC 2019
auto.tcl: Setting watchdog for 200 seconds at Wed Jul 17 04:52:28 UTC 2019
31 ms. Memory: 45056K Free: 17002K (38%)
ptolemy.util.test.WatchDog.cancel(): canceling Wed Jul 17 04:52:28 UTC 2019
------------------ testing $PTII/ptolemy/domains/de/test/auto/Iteration.xml
auto.tcl: Setting watchdog for 200 seconds at Wed Jul 17 04:52:28 UTC 2019
7 ms. Memory: 45056K Free: 24484K (54%)
ptolemy.util.test.WatchDog.cancel(): canceling Wed Jul 17 04:52:28 UTC 2019
auto.tcl: Setting watchdog for 200 seconds at Wed Jul 17 04:52:28 UTC 2019
6 ms. Memory: 45056K Free: 23409K (52%)
ptolemy.util.test.WatchDog.cancel(): canceling Wed Jul 17 04:52:28 UTC 2019
------------------ testing $PTII/ptolemy/domains/de/test/auto/LineFault.xml
auto.tcl: Setting watchdog for 200 seconds at Wed Jul 17 04:52:28 UTC 2019
695 ms. Memory: 54272K Free: 22729K (42%)
ptolemy.util.test.WatchDog.cancel(): canceling Wed Jul 17 04:52:29 UTC 2019
auto.tcl: Setting watchdog for 200 seconds at Wed Jul 17 04:52:29 UTC 2019
566 ms. Memory: 54272K Free: 38196K (70%)
ptolemy.util.test.WatchDog.cancel(): canceling Wed Jul 17 04:52:30 UTC 2019
------------------ testing $PTII/ptolemy/domains/de/test/auto/MergeModel1Add.xml
auto.tcl: Setting watchdog for 200 seconds at Wed Jul 17 04:52:30 UTC 2019
32 ms. Memory: 54272K Free: 19101K (35%)
ptolemy.util.test.WatchDog.cancel(): canceling Wed Jul 17 04:52:30 UTC 2019
auto.tcl: Setting watchdog for 200 seconds at Wed Jul 17 04:52:30 UTC 2019
12 ms. Memory: 54272K Free: 17396K (32%)
ptolemy.util.test.WatchDog.cancel(): canceling Wed Jul 17 04:52:30 UTC 2019
------------------ testing $PTII/ptolemy/domains/de/test/auto/MergeModel2Add.xml
auto.tcl: Setting watchdog for 200 seconds at Wed Jul 17 04:52:30 UTC 2019
11 ms. Memory: 51200K Free: 18892K (37%)
ptolemy.util.test.WatchDog.cancel(): canceling Wed Jul 17 04:52:30 UTC 2019
auto.tcl: Setting watchdog for 200 seconds at Wed Jul 17 04:52:30 UTC 2019
11 ms. Memory: 51200K Free: 17253K (34%)
ptolemy.util.test.WatchDog.cancel(): canceling Wed Jul 17 04:52:30 UTC 2019
------------------ testing $PTII/ptolemy/domains/de/test/auto/MergeModel3Add.xml
auto.tcl: Setting watchdog for 200 seconds at Wed Jul 17 04:52:30 UTC 2019
11 ms. Memory: 48128K Free: 16392K (34%)
ptolemy.util.test.WatchDog.cancel(): canceling Wed Jul 17 04:52:30 UTC 2019
auto.tcl: Setting watchdog for 200 seconds at Wed Jul 17 04:52:30 UTC 2019
10 ms. Memory: 48128K Free: 14631K (30%)
ptolemy.util.test.WatchDog.cancel(): canceling Wed Jul 17 04:52:30 UTC 2019
------------------ testing $PTII/ptolemy/domains/de/test/auto/MergeWithoutDiscard.xml
auto.tcl: Setting watchdog for 200 seconds at Wed Jul 17 04:52:30 UTC 2019
1 ms. Memory: 48128K Free: 30112K (63%)
ptolemy.util.test.WatchDog.cancel(): canceling Wed Jul 17 04:52:30 UTC 2019
auto.tcl: Setting watchdog for 200 seconds at Wed Jul 17 04:52:30 UTC 2019
1 ms. Memory: 48128K Free: 29676K (62%)
ptolemy.util.test.WatchDog.cancel(): canceling Wed Jul 17 04:52:30 UTC 2019
------------------ testing $PTII/ptolemy/domains/de/test/auto/Modal1.xml
auto.tcl: Setting watchdog for 200 seconds at Wed Jul 17 04:52:30 UTC 2019
16 ms. Memory: 48128K Free: 22291K (46%)
ptolemy.util.test.WatchDog.cancel(): canceling Wed Jul 17 04:52:30 UTC 2019
auto.tcl: Setting watchdog for 200 seconds at Wed Jul 17 04:52:30 UTC 2019
26 ms. Memory: 48128K Free: 19014K (40%)
ptolemy.util.test.WatchDog.cancel(): canceling Wed Jul 17 04:52:31 UTC 2019
------------------ testing $PTII/ptolemy/domains/de/test/auto/Modal2.xml
auto.tcl: Setting watchdog for 200 seconds at Wed Jul 17 04:52:31 UTC 2019
21 ms. Memory: 48128K Free: 22155K (46%)
ptolemy.util.test.WatchDog.cancel(): canceling Wed Jul 17 04:52:31 UTC 2019
auto.tcl: Setting watchdog for 200 seconds at Wed Jul 17 04:52:31 UTC 2019
15 ms. Memory: 48128K Free: 18932K (39%)
ptolemy.util.test.WatchDog.cancel(): canceling Wed Jul 17 04:52:31 UTC 2019
------------------ testing $PTII/ptolemy/domains/de/test/auto/Modal3.xml
auto.tcl: Setting watchdog for 200 seconds at Wed Jul 17 04:52:31 UTC 2019
14 ms. Memory: 48128K Free: 21680K (45%)
ptolemy.util.test.WatchDog.cancel(): canceling Wed Jul 17 04:52:31 UTC 2019
auto.tcl: Setting watchdog for 200 seconds at Wed Jul 17 04:52:31 UTC 2019
14 ms. Memory: 48128K Free: 18543K (39%)
ptolemy.util.test.WatchDog.cancel(): canceling Wed Jul 17 04:52:31 UTC 2019
------------------ testing $PTII/ptolemy/domains/de/test/auto/Modal4.xml
auto.tcl: Setting watchdog for 200 seconds at Wed Jul 17 04:52:31 UTC 2019
20 ms. Memory: 48128K Free: 21140K (44%)
ptolemy.util.test.WatchDog.cancel(): canceling Wed Jul 17 04:52:31 UTC 2019
auto.tcl: Setting watchdog for 200 seconds at Wed Jul 17 04:52:31 UTC 2019
15 ms. Memory: 48128K Free: 17282K (36%)
ptolemy.util.test.WatchDog.cancel(): canceling Wed Jul 17 04:52:31 UTC 2019
------------------ testing $PTII/ptolemy/domains/de/test/auto/Modal5.xml
auto.tcl: Setting watchdog for 200 seconds at Wed Jul 17 04:52:31 UTC 2019
12 ms. Memory: 48128K Free: 21127K (44%)
ptolemy.util.test.WatchDog.cancel(): canceling Wed Jul 17 04:52:31 UTC 2019
auto.tcl: Setting watchdog for 200 seconds at Wed Jul 17 04:52:31 UTC 2019
13 ms. Memory: 48128K Free: 17268K (36%)
ptolemy.util.test.WatchDog.cancel(): canceling Wed Jul 17 04:52:31 UTC 2019
------------------ testing $PTII/ptolemy/domains/de/test/auto/Modal6.xml
auto.tcl: Setting watchdog for 200 seconds at Wed Jul 17 04:52:31 UTC 2019
12 ms. Memory: 48128K Free: 21883K (45%)
ptolemy.util.test.WatchDog.cancel(): canceling Wed Jul 17 04:52:31 UTC 2019
auto.tcl: Setting watchdog for 200 seconds at Wed Jul 17 04:52:31 UTC 2019
15 ms. Memory: 48128K Free: 17887K (37%)
ptolemy.util.test.WatchDog.cancel(): canceling Wed Jul 17 04:52:31 UTC 2019
------------------ testing $PTII/ptolemy/domains/de/test/auto/Modal7.xml
auto.tcl: Setting watchdog for 200 seconds at Wed Jul 17 04:52:31 UTC 2019
9 ms. Memory: 48128K Free: 21072K (44%)
ptolemy.util.test.WatchDog.cancel(): canceling Wed Jul 17 04:52:31 UTC 2019
auto.tcl: Setting watchdog for 200 seconds at Wed Jul 17 04:52:31 UTC 2019
9 ms. Memory: 48128K Free: 17539K (36%)
ptolemy.util.test.WatchDog.cancel(): canceling Wed Jul 17 04:52:31 UTC 2019
------------------ testing $PTII/ptolemy/domains/de/test/auto/ModalModel.xml
auto.tcl: Setting watchdog for 200 seconds at Wed Jul 17 04:52:31 UTC 2019
195 ms. Memory: 65536K Free: 28316K (43%)
ptolemy.util.test.WatchDog.cancel(): canceling Wed Jul 17 04:52:31 UTC 2019
auto.tcl: Setting watchdog for 200 seconds at Wed Jul 17 04:52:31 UTC 2019
187 ms. Memory: 65536K Free: 30813K (47%)
ptolemy.util.test.WatchDog.cancel(): canceling Wed Jul 17 04:52:32 UTC 2019
------------------ testing $PTII/ptolemy/domains/de/test/auto/ModalSource.xml
auto.tcl: Setting watchdog for 200 seconds at Wed Jul 17 04:52:32 UTC 2019
6 ms. Memory: 48128K Free: 25942K (54%)
ptolemy.util.test.WatchDog.cancel(): canceling Wed Jul 17 04:52:32 UTC 2019
auto.tcl: Setting watchdog for 200 seconds at Wed Jul 17 04:52:32 UTC 2019
5 ms. Memory: 48128K Free: 23893K (50%)
ptolemy.util.test.WatchDog.cancel(): canceling Wed Jul 17 04:52:32 UTC 2019
------------------ testing $PTII/ptolemy/domains/de/test/auto/NonInterruptibleTimerZeroDelay.xml
auto.tcl: Setting watchdog for 200 seconds at Wed Jul 17 04:52:32 UTC 2019
3 ms. Memory: 48128K Free: 30937K (64%)
ptolemy.util.test.WatchDog.cancel(): canceling Wed Jul 17 04:52:32 UTC 2019
auto.tcl: Setting watchdog for 200 seconds at Wed Jul 17 04:52:32 UTC 2019
2 ms. Memory: 48128K Free: 30253K (63%)
ptolemy.util.test.WatchDog.cancel(): canceling Wed Jul 17 04:52:32 UTC 2019
------------------ testing $PTII/ptolemy/domains/de/test/auto/OpenQueueingNetwork.xml
auto.tcl: Setting watchdog for 200 seconds at Wed Jul 17 04:52:32 UTC 2019
2902 ms. Memory: 116736K Free: 99182K (85%)
ptolemy.util.test.WatchDog.cancel(): canceling Wed Jul 17 04:52:35 UTC 2019
auto.tcl: Setting watchdog for 200 seconds at Wed Jul 17 04:52:35 UTC 2019
2786 ms. Memory: 116736K Free: 92477K (79%)
ptolemy.util.test.WatchDog.cancel(): canceling Wed Jul 17 04:52:38 UTC 2019
------------------ testing $PTII/ptolemy/domains/de/test/auto/OpenQueuingNetwork.xml
auto.tcl: Setting watchdog for 200 seconds at Wed Jul 17 04:52:38 UTC 2019
268 ms. Memory: 55296K Free: 23317K (42%)
ptolemy.util.test.WatchDog.cancel(): canceling Wed Jul 17 04:52:38 UTC 2019
auto.tcl: Setting watchdog for 200 seconds at Wed Jul 17 04:52:38 UTC 2019
254 ms. Memory: 66560K Free: 43804K (66%)
ptolemy.util.test.WatchDog.cancel(): canceling Wed Jul 17 04:52:38 UTC 2019
------------------ testing $PTII/ptolemy/domains/de/test/auto/PeriodicSampler.xml
auto.tcl: Setting watchdog for 200 seconds at Wed Jul 17 04:52:38 UTC 2019
2 ms. Memory: 51200K Free: 33146K (65%)
ptolemy.util.test.WatchDog.cancel(): canceling Wed Jul 17 04:52:38 UTC 2019
auto.tcl: Setting watchdog for 200 seconds at Wed Jul 17 04:52:38 UTC 2019
2 ms. Memory: 51200K Free: 32170K (63%)
ptolemy.util.test.WatchDog.cancel(): canceling Wed Jul 17 04:52:38 UTC 2019
------------------ testing $PTII/ptolemy/domains/de/test/auto/PersistentIO.xml
auto.tcl: Setting watchdog for 200 seconds at Wed Jul 17 04:52:38 UTC 2019
5 ms. Memory: 51200K Free: 28071K (55%)
ptolemy.util.test.WatchDog.cancel(): canceling Wed Jul 17 04:52:39 UTC 2019
auto.tcl: Setting watchdog for 200 seconds at Wed Jul 17 04:52:39 UTC 2019
3 ms. Memory: 51200K Free: 26570K (52%)
ptolemy.util.test.WatchDog.cancel(): canceling Wed Jul 17 04:52:39 UTC 2019
------------------ testing $PTII/ptolemy/domains/de/test/auto/PortParameterResetOnInitialize.xml
auto.tcl: Setting watchdog for 200 seconds at Wed Jul 17 04:52:39 UTC 2019
2 ms. Memory: 51200K Free: 33039K (65%)
ptolemy.util.test.WatchDog.cancel(): canceling Wed Jul 17 04:52:39 UTC 2019
auto.tcl: Setting watchdog for 200 seconds at Wed Jul 17 04:52:39 UTC 2019
2 ms. Memory: 51200K Free: 32559K (64%)
ptolemy.util.test.WatchDog.cancel(): canceling Wed Jul 17 04:52:39 UTC 2019
------------------ testing $PTII/ptolemy/domains/de/test/auto/PortParameterUpdates.xml
auto.tcl: Setting watchdog for 200 seconds at Wed Jul 17 04:52:39 UTC 2019
3 ms. Memory: 51200K Free: 31153K (61%)
ptolemy.util.test.WatchDog.cancel(): canceling Wed Jul 17 04:52:39 UTC 2019
auto.tcl: Setting watchdog for 200 seconds at Wed Jul 17 04:52:39 UTC 2019
4 ms. Memory: 51200K Free: 30116K (59%)
ptolemy.util.test.WatchDog.cancel(): canceling Wed Jul 17 04:52:39 UTC 2019
------------------ testing $PTII/ptolemy/domains/de/test/auto/QueueAndServer.xml
auto.tcl: Setting watchdog for 200 seconds at Wed Jul 17 04:52:39 UTC 2019
19 ms. Memory: 51200K Free: 30093K (59%)
ptolemy.util.test.WatchDog.cancel(): canceling Wed Jul 17 04:52:39 UTC 2019
auto.tcl: Setting watchdog for 200 seconds at Wed Jul 17 04:52:39 UTC 2019
7 ms. Memory: 51200K Free: 28577K (56%)
ptolemy.util.test.WatchDog.cancel(): canceling Wed Jul 17 04:52:39 UTC 2019
------------------ testing $PTII/ptolemy/domains/de/test/auto/Records.xml
auto.tcl: Setting watchdog for 200 seconds at Wed Jul 17 04:52:39 UTC 2019
9 ms. Memory: 51200K Free: 32597K (64%)
ptolemy.util.test.WatchDog.cancel(): canceling Wed Jul 17 04:52:39 UTC 2019
auto.tcl: Setting watchdog for 200 seconds at Wed Jul 17 04:52:39 UTC 2019
2 ms. Memory: 51200K Free: 32087K (63%)
ptolemy.util.test.WatchDog.cancel(): canceling Wed Jul 17 04:52:39 UTC 2019
------------------ testing $PTII/ptolemy/domains/de/test/auto/ResetTransitionWithStartTime1.xml
auto.tcl: Setting watchdog for 200 seconds at Wed Jul 17 04:52:39 UTC 2019
10 ms. Memory: 48128K Free: 26482K (55%)
ptolemy.util.test.WatchDog.cancel(): canceling Wed Jul 17 04:52:39 UTC 2019
auto.tcl: Setting watchdog for 200 seconds at Wed Jul 17 04:52:39 UTC 2019
7 ms. Memory: 48128K Free: 23949K (50%)
ptolemy.util.test.WatchDog.cancel(): canceling Wed Jul 17 04:52:39 UTC 2019
------------------ testing $PTII/ptolemy/domains/de/test/auto/ResetTransitionWithStartTime2.xml
auto.tcl: Setting watchdog for 200 seconds at Wed Jul 17 04:52:39 UTC 2019
5 ms. Memory: 48128K Free: 26437K (55%)
ptolemy.util.test.WatchDog.cancel(): canceling Wed Jul 17 04:52:39 UTC 2019
auto.tcl: Setting watchdog for 200 seconds at Wed Jul 17 04:52:39 UTC 2019
6 ms. Memory: 48128K Free: 23918K (50%)
ptolemy.util.test.WatchDog.cancel(): canceling Wed Jul 17 04:52:39 UTC 2019
------------------ testing $PTII/ptolemy/domains/de/test/auto/ResetTransitionWithStartTime3.xml
auto.tcl: Setting watchdog for 200 seconds at Wed Jul 17 04:52:39 UTC 2019
11 ms. Memory: 48128K Free: 26436K (55%)
ptolemy.util.test.WatchDog.cancel(): canceling Wed Jul 17 04:52:39 UTC 2019
auto.tcl: Setting watchdog for 200 seconds at Wed Jul 17 04:52:39 UTC 2019
6 ms. Memory: 48128K Free: 23917K (50%)
ptolemy.util.test.WatchDog.cancel(): canceling Wed Jul 17 04:52:39 UTC 2019
------------------ testing $PTII/ptolemy/domains/de/test/auto/ResetTransitionWithStartTime4.xml
auto.tcl: Setting watchdog for 200 seconds at Wed Jul 17 04:52:39 UTC 2019
10 ms. Memory: 48128K Free: 26904K (56%)
ptolemy.util.test.WatchDog.cancel(): canceling Wed Jul 17 04:52:39 UTC 2019
auto.tcl: Setting watchdog for 200 seconds at Wed Jul 17 04:52:39 UTC 2019
4 ms. Memory: 48128K Free: 25464K (53%)
ptolemy.util.test.WatchDog.cancel(): canceling Wed Jul 17 04:52:39 UTC 2019
------------------ testing $PTII/ptolemy/domains/de/test/auto/ResettableTimer1.xml
auto.tcl: Setting watchdog for 200 seconds at Wed Jul 17 04:52:39 UTC 2019
3 ms. Memory: 48128K Free: 30938K (64%)
ptolemy.util.test.WatchDog.cancel(): canceling Wed Jul 17 04:52:39 UTC 2019
auto.tcl: Setting watchdog for 200 seconds at Wed Jul 17 04:52:39 UTC 2019
2 ms. Memory: 48128K Free: 30043K (62%)
ptolemy.util.test.WatchDog.cancel(): canceling Wed Jul 17 04:52:39 UTC 2019
------------------ testing $PTII/ptolemy/domains/de/test/auto/ResettableTimer2.xml
auto.tcl: Setting watchdog for 200 seconds at Wed Jul 17 04:52:39 UTC 2019
2 ms. Memory: 48128K Free: 30701K (64%)
ptolemy.util.test.WatchDog.cancel(): canceling Wed Jul 17 04:52:39 UTC 2019
auto.tcl: Setting watchdog for 200 seconds at Wed Jul 17 04:52:39 UTC 2019
2 ms. Memory: 48128K Free: 29629K (62%)
ptolemy.util.test.WatchDog.cancel(): canceling Wed Jul 17 04:52:39 UTC 2019
------------------ testing $PTII/ptolemy/domains/de/test/auto/ResettableTimer3.xml
auto.tcl: Setting watchdog for 200 seconds at Wed Jul 17 04:52:39 UTC 2019
2 ms. Memory: 48128K Free: 31049K (65%)
ptolemy.util.test.WatchDog.cancel(): canceling Wed Jul 17 04:52:39 UTC 2019
auto.tcl: Setting watchdog for 200 seconds at Wed Jul 17 04:52:39 UTC 2019
1 ms. Memory: 48128K Free: 30569K (64%)
ptolemy.util.test.WatchDog.cancel(): canceling Wed Jul 17 04:52:39 UTC 2019
------------------ testing $PTII/ptolemy/domains/de/test/auto/ResettableTimer4.xml
auto.tcl: Setting watchdog for 200 seconds at Wed Jul 17 04:52:39 UTC 2019
2 ms. Memory: 48128K Free: 30582K (64%)
ptolemy.util.test.WatchDog.cancel(): canceling Wed Jul 17 04:52:39 UTC 2019
auto.tcl: Setting watchdog for 200 seconds at Wed Jul 17 04:52:39 UTC 2019
1 ms. Memory: 48128K Free: 30111K (63%)
ptolemy.util.test.WatchDog.cancel(): canceling Wed Jul 17 04:52:39 UTC 2019
------------------ testing $PTII/ptolemy/domains/de/test/auto/ResettableTimer5.xml
auto.tcl: Setting watchdog for 200 seconds at Wed Jul 17 04:52:40 UTC 2019
1 ms. Memory: 48128K Free: 30053K (62%)
ptolemy.util.test.WatchDog.cancel(): canceling Wed Jul 17 04:52:40 UTC 2019
auto.tcl: Setting watchdog for 200 seconds at Wed Jul 17 04:52:40 UTC 2019
1 ms. Memory: 48128K Free: 29583K (61%)
ptolemy.util.test.WatchDog.cancel(): canceling Wed Jul 17 04:52:40 UTC 2019
------------------ testing $PTII/ptolemy/domains/de/test/auto/ResettableTimer6.xml
auto.tcl: Setting watchdog for 200 seconds at Wed Jul 17 04:52:40 UTC 2019
2 ms. Memory: 48128K Free: 30051K (62%)
ptolemy.util.test.WatchDog.cancel(): canceling Wed Jul 17 04:52:40 UTC 2019
auto.tcl: Setting watchdog for 200 seconds at Wed Jul 17 04:52:40 UTC 2019
1 ms. Memory: 48128K Free: 29582K (61%)
ptolemy.util.test.WatchDog.cancel(): canceling Wed Jul 17 04:52:40 UTC 2019
------------------ testing $PTII/ptolemy/domains/de/test/auto/ServerZeroDelay.xml
auto.tcl: Setting watchdog for 200 seconds at Wed Jul 17 04:52:40 UTC 2019
2 ms. Memory: 48128K Free: 30653K (64%)
ptolemy.util.test.WatchDog.cancel(): canceling Wed Jul 17 04:52:40 UTC 2019
auto.tcl: Setting watchdog for 200 seconds at Wed Jul 17 04:52:40 UTC 2019
2 ms. Memory: 48128K Free: 29584K (61%)
ptolemy.util.test.WatchDog.cancel(): canceling Wed Jul 17 04:52:40 UTC 2019
------------------ testing $PTII/ptolemy/domains/de/test/auto/SmartSender.xml
auto.tcl: Setting watchdog for 200 seconds at Wed Jul 17 04:52:40 UTC 2019
3002 ms. Memory: 48128K Free: 30567K (64%)
ptolemy.util.test.WatchDog.cancel(): canceling Wed Jul 17 04:52:43 UTC 2019
auto.tcl: Setting watchdog for 200 seconds at Wed Jul 17 04:52:43 UTC 2019
3002 ms. Memory: 48128K Free: 30055K (62%)
ptolemy.util.test.WatchDog.cancel(): canceling Wed Jul 17 04:52:46 UTC 2019
------------------ testing $PTII/ptolemy/domains/de/test/auto/ThreadedComposite.xml
auto.tcl: Setting watchdog for 200 seconds at Wed Jul 17 04:52:46 UTC 2019
223 ms. Memory: 48128K Free: 11115K (23%)
ptolemy.util.test.WatchDog.cancel(): canceling Wed Jul 17 04:52:46 UTC 2019
auto.tcl: Setting watchdog for 200 seconds at Wed Jul 17 04:52:46 UTC 2019
122 ms. Memory: 48128K Free: 23954K (50%)
ptolemy.util.test.WatchDog.cancel(): canceling Wed Jul 17 04:52:46 UTC 2019
------------------ testing $PTII/ptolemy/domains/de/test/auto/Time.xml
auto.tcl: Setting watchdog for 200 seconds at Wed Jul 17 04:52:46 UTC 2019
586 ms. Memory: 48128K Free: 31352K (65%)
ptolemy.util.test.WatchDog.cancel(): canceling Wed Jul 17 04:52:47 UTC 2019
auto.tcl: Setting watchdog for 200 seconds at Wed Jul 17 04:52:47 UTC 2019
532 ms. Memory: 48128K Free: 31371K (65%)
ptolemy.util.test.WatchDog.cancel(): canceling Wed Jul 17 04:52:47 UTC 2019
------------------ testing $PTII/ptolemy/domains/de/test/auto/TimeDelayZeroDelay.xml
auto.tcl: Setting watchdog for 200 seconds at Wed Jul 17 04:52:48 UTC 2019
2 ms. Memory: 48128K Free: 30488K (63%)
ptolemy.util.test.WatchDog.cancel(): canceling Wed Jul 17 04:52:48 UTC 2019
auto.tcl: Setting watchdog for 200 seconds at Wed Jul 17 04:52:48 UTC 2019
2 ms. Memory: 48128K Free: 29633K (62%)
ptolemy.util.test.WatchDog.cancel(): canceling Wed Jul 17 04:52:48 UTC 2019
------------------ testing $PTII/ptolemy/domains/de/test/auto/TimerZeroDelay.xml
auto.tcl: Setting watchdog for 200 seconds at Wed Jul 17 04:52:48 UTC 2019
2 ms. Memory: 48128K Free: 30531K (63%)
ptolemy.util.test.WatchDog.cancel(): canceling Wed Jul 17 04:52:48 UTC 2019
auto.tcl: Setting watchdog for 200 seconds at Wed Jul 17 04:52:48 UTC 2019
2 ms. Memory: 48128K Free: 29677K (62%)
ptolemy.util.test.WatchDog.cancel(): canceling Wed Jul 17 04:52:48 UTC 2019
------------------ testing $PTII/ptolemy/domains/de/test/auto/TimingParadox.xml
auto.tcl: Setting watchdog for 200 seconds at Wed Jul 17 04:52:48 UTC 2019
368 ms. Memory: 48128K Free: 11520K (24%)
ptolemy.util.test.WatchDog.cancel(): canceling Wed Jul 17 04:52:48 UTC 2019
auto.tcl: Setting watchdog for 200 seconds at Wed Jul 17 04:52:48 UTC 2019
354 ms. Memory: 58368K Free: 31341K (54%)
ptolemy.util.test.WatchDog.cancel(): canceling Wed Jul 17 04:52:48 UTC 2019
------------------ testing $PTII/ptolemy/domains/de/test/auto/TransferInputs.xml
auto.tcl: Setting watchdog for 200 seconds at Wed Jul 17 04:52:49 UTC 2019
2 ms. Memory: 51200K Free: 32070K (63%)
ptolemy.util.test.WatchDog.cancel(): canceling Wed Jul 17 04:52:49 UTC 2019
auto.tcl: Setting watchdog for 200 seconds at Wed Jul 17 04:52:49 UTC 2019
2 ms. Memory: 51200K Free: 31213K (61%)
ptolemy.util.test.WatchDog.cancel(): canceling Wed Jul 17 04:52:49 UTC 2019
------------------ testing $PTII/ptolemy/domains/de/test/auto/TransferOutputs2.xml
auto.tcl: Setting watchdog for 200 seconds at Wed Jul 17 04:52:49 UTC 2019
10 ms. Memory: 48128K Free: 26442K (55%)
ptolemy.util.test.WatchDog.cancel(): canceling Wed Jul 17 04:52:49 UTC 2019
auto.tcl: Setting watchdog for 200 seconds at Wed Jul 17 04:52:49 UTC 2019
3 ms. Memory: 48128K Free: 25084K (52%)
ptolemy.util.test.WatchDog.cancel(): canceling Wed Jul 17 04:52:49 UTC 2019
------------------ testing $PTII/ptolemy/domains/de/test/auto/Trilateration.xml
auto.tcl: Setting watchdog for 200 seconds at Wed Jul 17 04:52:49 UTC 2019
14597 ms. Memory: 580608K Free: 505796K (87%)
ptolemy.util.test.WatchDog.cancel(): canceling Wed Jul 17 04:53:04 UTC 2019
auto.tcl: Setting watchdog for 200 seconds at Wed Jul 17 04:53:04 UTC 2019
11076 ms. Memory: 580608K Free: 257146K (44%)
ptolemy.util.test.WatchDog.cancel(): canceling Wed Jul 17 04:53:16 UTC 2019
------------------ testing $PTII/ptolemy/domains/de/test/auto/TwoSigmaDelta.xml
auto.tcl: Setting watchdog for 200 seconds at Wed Jul 17 04:53:16 UTC 2019
2882 ms. Memory: 107520K Free: 45597K (42%)
ptolemy.util.test.WatchDog.cancel(): canceling Wed Jul 17 04:53:19 UTC 2019
auto.tcl: Setting watchdog for 200 seconds at Wed Jul 17 04:53:19 UTC 2019
2147 ms. Memory: 107520K Free: 75781K (70%)
ptolemy.util.test.WatchDog.cancel(): canceling Wed Jul 17 04:53:21 UTC 2019
------------------ testing $PTII/ptolemy/domains/de/test/auto/VariableDelay.xml
auto.tcl: Setting watchdog for 200 seconds at Wed Jul 17 04:53:21 UTC 2019
8 ms. Memory: 51200K Free: 32545K (64%)
ptolemy.util.test.WatchDog.cancel(): canceling Wed Jul 17 04:53:21 UTC 2019
auto.tcl: Setting watchdog for 200 seconds at Wed Jul 17 04:53:21 UTC 2019
2 ms. Memory: 51200K Free: 31558K (62%)
ptolemy.util.test.WatchDog.cancel(): canceling Wed Jul 17 04:53:21 UTC 2019
------------------ testing $PTII/ptolemy/domains/de/test/auto/VariableDelay2.xml
auto.tcl: Setting watchdog for 200 seconds at Wed Jul 17 04:53:21 UTC 2019
3 ms. Memory: 51200K Free: 32944K (64%)
ptolemy.util.test.WatchDog.cancel(): canceling Wed Jul 17 04:53:21 UTC 2019
auto.tcl: Setting watchdog for 200 seconds at Wed Jul 17 04:53:21 UTC 2019
2 ms. Memory: 51200K Free: 31936K (62%)
ptolemy.util.test.WatchDog.cancel(): canceling Wed Jul 17 04:53:21 UTC 2019
------------------ testing $PTII/ptolemy/domains/de/test/auto/VariableDelayZeroDelay.xml
auto.tcl: Setting watchdog for 200 seconds at Wed Jul 17 04:53:21 UTC 2019
2 ms. Memory: 51200K Free: 33486K (65%)
ptolemy.util.test.WatchDog.cancel(): canceling Wed Jul 17 04:53:21 UTC 2019
auto.tcl: Setting watchdog for 200 seconds at Wed Jul 17 04:53:21 UTC 2019
2 ms. Memory: 51200K Free: 32966K (64%)
ptolemy.util.test.WatchDog.cancel(): canceling Wed Jul 17 04:53:21 UTC 2019
------------------ testing $PTII/ptolemy/domains/de/test/auto/VariableDelayZeroDelay2.xml
auto.tcl: Setting watchdog for 200 seconds at Wed Jul 17 04:53:21 UTC 2019
2 ms. Memory: 48128K Free: 30414K (63%)
ptolemy.util.test.WatchDog.cancel(): canceling Wed Jul 17 04:53:21 UTC 2019
auto.tcl: Setting watchdog for 200 seconds at Wed Jul 17 04:53:21 UTC 2019
2 ms. Memory: 48128K Free: 29456K (61%)
ptolemy.util.test.WatchDog.cancel(): canceling Wed Jul 17 04:53:21 UTC 2019
------------------ testing $PTII/ptolemy/domains/de/test/auto/deInCt.xml
auto.tcl: Setting watchdog for 200 seconds at Wed Jul 17 04:53:21 UTC 2019
0
1
1
1
0
0
0
1
1
1
0
0
0
0
1
1
1
1
0
0
0
1
1
1
0
0
1
1
1
0
0
0
0
1
1
1
0
0
0
1
1
1
1
1
16 ms. Memory: 48128K Free: 29398K (61%)
ptolemy.util.test.WatchDog.cancel(): canceling Wed Jul 17 04:53:21 UTC 2019
auto.tcl: Setting watchdog for 200 seconds at Wed Jul 17 04:53:21 UTC 2019
0
1
1
1
0
0
0
1
1
0
0
0
1
1
1
0
0
0
1
1
1
0
0
0
1
1
1
0
0
0
1
1
1
0
0
0
1
1
1
1
0
0
0
0
1
1
1
1
0
0
1
1
1
0
0
0
13 ms. Memory: 48128K Free: 27908K (58%)
ptolemy.util.test.WatchDog.cancel(): canceling Wed Jul 17 04:53:21 UTC 2019
------------------ testing $PTII/ptolemy/domains/de/test/auto/deInCt2.xml
auto.tcl: Setting watchdog for 200 seconds at Wed Jul 17 04:53:21 UTC 2019
0
1
1
1
0
0
1
1
1
0
0
1
1
1
0
0
1
1
1
0
0
1
1
1
0
0
1
1
1
0
0
1
1
1
0
0
1
1
1
0
0
0
10 ms. Memory: 48128K Free: 29389K (61%)
ptolemy.util.test.WatchDog.cancel(): canceling Wed Jul 17 04:53:21 UTC 2019
auto.tcl: Setting watchdog for 200 seconds at Wed Jul 17 04:53:21 UTC 2019
0
1
1
1
0
0
1
1
1
0
0
1
1
1
0
0
1
1
1
0
0
1
1
1
0
0
1
1
1
0
0
1
1
1
0
0
1
1
1
0
0
0
4 ms. Memory: 48128K Free: 27903K (58%)
ptolemy.util.test.WatchDog.cancel(): canceling Wed Jul 17 04:53:21 UTC 2019
------------------ testing $PTII/ptolemy/domains/de/test/auto/dynamicCausalityInterface1.xml
auto.tcl: Setting watchdog for 200 seconds at Wed Jul 17 04:53:21 UTC 2019
2 ms. Memory: 48128K Free: 24759K (51%)
ptolemy.util.test.WatchDog.cancel(): canceling Wed Jul 17 04:53:21 UTC 2019
auto.tcl: Setting watchdog for 200 seconds at Wed Jul 17 04:53:21 UTC 2019
1 ms. Memory: 48128K Free: 24291K (50%)
ptolemy.util.test.WatchDog.cancel(): canceling Wed Jul 17 04:53:21 UTC 2019
------------------ testing $PTII/ptolemy/domains/de/test/auto/fsm_de_test.xml
auto.tcl: Setting watchdog for 200 seconds at Wed Jul 17 04:53:21 UTC 2019
14 ms. Memory: 48128K Free: 25186K (52%)
ptolemy.util.test.WatchDog.cancel(): canceling Wed Jul 17 04:53:21 UTC 2019
auto.tcl: Setting watchdog for 200 seconds at Wed Jul 17 04:53:21 UTC 2019
10 ms. Memory: 48128K Free: 23138K (48%)
ptolemy.util.test.WatchDog.cancel(): canceling Wed Jul 17 04:53:21 UTC 2019
------------------ testing $PTII/ptolemy/domains/de/test/auto/functionDependencyReconstruction.xml
auto.tcl: Setting watchdog for 200 seconds at Wed Jul 17 04:53:21 UTC 2019
8 ms. Memory: 48128K Free: 19032K (40%)
ptolemy.util.test.WatchDog.cancel(): canceling Wed Jul 17 04:53:21 UTC 2019
auto.tcl: Setting watchdog for 200 seconds at Wed Jul 17 04:53:21 UTC 2019
3 ms. Memory: 48128K Free: 17047K (35%)
ptolemy.util.test.WatchDog.cancel(): canceling Wed Jul 17 04:53:22 UTC 2019
------------------ testing $PTII/ptolemy/domains/de/test/auto/multirate.xml
auto.tcl: Setting watchdog for 200 seconds at Wed Jul 17 04:53:22 UTC 2019
4 ms. Memory: 48128K Free: 27847K (58%)
ptolemy.util.test.WatchDog.cancel(): canceling Wed Jul 17 04:53:22 UTC 2019
auto.tcl: Setting watchdog for 200 seconds at Wed Jul 17 04:53:22 UTC 2019
4 ms. Memory: 48128K Free: 26184K (54%)
ptolemy.util.test.WatchDog.cancel(): canceling Wed Jul 17 04:53:22 UTC 2019
------------------ testing $PTII/ptolemy/domains/de/test/auto/multirate2.xml
auto.tcl: Setting watchdog for 200 seconds at Wed Jul 17 04:53:22 UTC 2019
3 ms. Memory: 48128K Free: 28013K (58%)
ptolemy.util.test.WatchDog.cancel(): canceling Wed Jul 17 04:53:22 UTC 2019
auto.tcl: Setting watchdog for 200 seconds at Wed Jul 17 04:53:22 UTC 2019
4 ms. Memory: 48128K Free: 26359K (55%)
ptolemy.util.test.WatchDog.cancel(): canceling Wed Jul 17 04:53:22 UTC 2019
------------------ testing $PTII/ptolemy/domains/de/test/auto/realtime.xml
auto.tcl: Setting watchdog for 200 seconds at Wed Jul 17 04:53:22 UTC 2019
10002 ms. Memory: 48128K Free: 30089K (63%)
ptolemy.util.test.WatchDog.cancel(): canceling Wed Jul 17 04:53:32 UTC 2019
auto.tcl: Setting watchdog for 200 seconds at Wed Jul 17 04:53:32 UTC 2019
10003 ms. Memory: 48128K Free: 29333K (61%)
ptolemy.util.test.WatchDog.cancel(): canceling Wed Jul 17 04:53:42 UTC 2019
------------------ testing $PTII/ptolemy/domains/de/test/auto/relationGroup.xml
auto.tcl: Setting watchdog for 200 seconds at Wed Jul 17 04:53:42 UTC 2019
2 ms. Memory: 48128K Free: 31140K (65%)
ptolemy.util.test.WatchDog.cancel(): canceling Wed Jul 17 04:53:42 UTC 2019
auto.tcl: Setting watchdog for 200 seconds at Wed Jul 17 04:53:42 UTC 2019
1 ms. Memory: 48128K Free: 30422K (63%)
ptolemy.util.test.WatchDog.cancel(): canceling Wed Jul 17 04:53:42 UTC 2019
------------------ testing $PTII/ptolemy/domains/de/test/auto/relationGroup2.xml
auto.tcl: Setting watchdog for 200 seconds at Wed Jul 17 04:53:42 UTC 2019
1 ms. Memory: 48128K Free: 31166K (65%)
ptolemy.util.test.WatchDog.cancel(): canceling Wed Jul 17 04:53:42 UTC 2019
auto.tcl: Setting watchdog for 200 seconds at Wed Jul 17 04:53:42 UTC 2019
1 ms. Memory: 48128K Free: 30441K (63%)
ptolemy.util.test.WatchDog.cancel(): canceling Wed Jul 17 04:53:42 UTC 2019
------------------ testing $PTII/ptolemy/domains/de/test/auto/sortWithOpaquePorts.xml
auto.tcl: Setting watchdog for 200 seconds at Wed Jul 17 04:53:42 UTC 2019
1 ms. Memory: 48128K Free: 29914K (62%)
ptolemy.util.test.WatchDog.cancel(): canceling Wed Jul 17 04:53:42 UTC 2019
auto.tcl: Setting watchdog for 200 seconds at Wed Jul 17 04:53:42 UTC 2019
2 ms. Memory: 48128K Free: 28946K (60%)
ptolemy.util.test.WatchDog.cancel(): canceling Wed Jul 17 04:53:42 UTC 2019
------------------ testing $PTII/ptolemy/domains/de/test/auto/transferInputsandOutputs.xml
auto.tcl: Setting watchdog for 200 seconds at Wed Jul 17 04:53:42 UTC 2019
1 ms. Memory: 48128K Free: 27357K (57%)
ptolemy.util.test.WatchDog.cancel(): canceling Wed Jul 17 04:53:42 UTC 2019
auto.tcl: Setting watchdog for 200 seconds at Wed Jul 17 04:53:42 UTC 2019
2 ms. Memory: 48128K Free: 26386K (55%)
ptolemy.util.test.WatchDog.cancel(): canceling Wed Jul 17 04:53:42 UTC 2019
------------------ testing $PTII/ptolemy/domains/de/test/auto/triggerType.xml
auto.tcl: Setting watchdog for 200 seconds at Wed Jul 17 04:53:42 UTC 2019
2 ms. Memory: 48128K Free: 30382K (63%)
ptolemy.util.test.WatchDog.cancel(): canceling Wed Jul 17 04:53:42 UTC 2019
auto.tcl: Setting watchdog for 200 seconds at Wed Jul 17 04:53:42 UTC 2019
1 ms. Memory: 48128K Free: 29430K (61%)
ptolemy.util.test.WatchDog.cancel(): canceling Wed Jul 17 04:53:42 UTC 2019
07/17/19 04:53:42
Failed: 0  Total Tests: 192  ((Passed: 187, Newly Passed: 1)  Known Failed: 5) /home/travis/build/icyphy/ptII/ptolemy/domains/de/test
07/17/19 04:53:42
Failed: 0  Total Tests: 192  ((Passed: 187, Newly Passed: 1)  Known Failed: 5) /home/travis/build/icyphy/ptII/ptolemy/domains/de/test
----------------- testing (KnownFailure) /home/travis/build/icyphy/ptII/ptolemy/domains/de/test/auto/knownFailedTests/DESDFClockTest.xml
2011 ms. Memory: 48128K Free: 23777K (49%)
Known Failure: java.lang.reflect.InvocationTargetException
----------------- testing (KnownFailure) /home/travis/build/icyphy/ptII/ptolemy/domains/de/test/auto/knownFailedTests/DirectFeedback.xml
2 ms. Memory: 48128K Free: 20195K (42%)
Known Failure: java.lang.reflect.InvocationTargetException
----------------- testing (KnownFailure) /home/travis/build/icyphy/ptII/ptolemy/domains/de/test/auto/knownFailedTests/FSMSource.xml
18 ms. Memory: 48128K Free: 13027K (27%)
----------------- testing (KnownFailure) /home/travis/build/icyphy/ptII/ptolemy/domains/de/test/auto/knownFailedTests/HierarchicalModel.xml
4 ms. Memory: 48128K Free: 24283K (50%)
Known Failure: java.lang.reflect.InvocationTargetException
----------------- testing (KnownFailure) /home/travis/build/icyphy/ptII/ptolemy/domains/de/test/auto/knownFailedTests/dependencyLoop.xml
2 ms. Memory: 48128K Free: 9252K (19%)
Known Failure: java.lang.reflect.InvocationTargetException
----------------- testing (KnownFailure) /home/travis/build/icyphy/ptII/ptolemy/domains/de/test/auto/knownFailedTests/dependencyLoop2.xml
7 ms. Memory: 48128K Free: 20895K (43%)
Known Failure: java.lang.reflect.InvocationTargetException
No auto/linux-amd64/*.xml tests in /home/travis/build/icyphy/ptII/ptolemy/domains/de/test
AutoTests.java: About to close Vertx.
AutoTests.java: Vertx closed.

===========================================================================================
----------------- testing Wed Jul 17 04:53:44 UTC 2019 /home/travis/build/icyphy/ptII/ptolemy/domains/de/test/auto/ActorDepthCalculation_actorWithoutPorts.xml
----------------- Instantiating /home/travis/build/icyphy/ptII/ptolemy/domains/de/test/auto/ActorDepthCalculation_actorWithoutPorts.xml
2 ms. Memory: 48128K Free: 14469K (30%)
----------------- Invoking toplevel() on ptolemy.moml.MoMLSimpleApplication@2d66b587
----------------- Done invoking toplevel() on ptolemy.moml.MoMLSimpleApplication@2d66b587
reloadAllAccessors: .ActorDepthCalculation_actorWithoutPorts

===========================================================================================
----------------- testing Wed Jul 17 04:53:44 UTC 2019 /home/travis/build/icyphy/ptII/ptolemy/domains/de/test/auto/AssemblyLine.xml
----------------- Instantiating /home/travis/build/icyphy/ptII/ptolemy/domains/de/test/auto/AssemblyLine.xml
6 ms. Memory: 48128K Free: 33675K (70%)
----------------- Invoking toplevel() on ptolemy.moml.MoMLSimpleApplication@3e810b4d
----------------- Done invoking toplevel() on ptolemy.moml.MoMLSimpleApplication@3e810b4d
reloadAllAccessors: .AssemblyLine

===========================================================================================
----------------- testing Wed Jul 17 04:53:44 UTC 2019 /home/travis/build/icyphy/ptII/ptolemy/domains/de/test/auto/CQBug1.xml
----------------- Instantiating /home/travis/build/icyphy/ptII/ptolemy/domains/de/test/auto/CQBug1.xml
1 ms. Memory: 48128K Free: 30440K (63%)
----------------- Invoking toplevel() on ptolemy.moml.MoMLSimpleApplication@5af4269d
----------------- Done invoking toplevel() on ptolemy.moml.MoMLSimpleApplication@5af4269d
reloadAllAccessors: .CQBug1

===========================================================================================
----------------- testing Wed Jul 17 04:53:44 UTC 2019 /home/travis/build/icyphy/ptII/ptolemy/domains/de/test/auto/CancelFireAt.xml
----------------- Instantiating /home/travis/build/icyphy/ptII/ptolemy/domains/de/test/auto/CancelFireAt.xml
1 ms. Memory: 48128K Free: 28120K (58%)
----------------- Invoking toplevel() on ptolemy.moml.MoMLSimpleApplication@6bade3cb
----------------- Done invoking toplevel() on ptolemy.moml.MoMLSimpleApplication@6bade3cb
reloadAllAccessors: .CancelFireAt

===========================================================================================
----------------- testing Wed Jul 17 04:53:44 UTC 2019 /home/travis/build/icyphy/ptII/ptolemy/domains/de/test/auto/CausalityAndComposabilityAnalysis.xml
----------------- Instantiating /home/travis/build/icyphy/ptII/ptolemy/domains/de/test/auto/CausalityAndComposabilityAnalysis.xml
9 ms. Memory: 48128K Free: 23836K (50%)
----------------- Invoking toplevel() on ptolemy.moml.MoMLSimpleApplication@5dfdbcd9
----------------- Done invoking toplevel() on ptolemy.moml.MoMLSimpleApplication@5dfdbcd9
reloadAllAccessors: .CausalityAndComposabilityAnalysis

===========================================================================================
----------------- testing Wed Jul 17 04:53:44 UTC 2019 /home/travis/build/icyphy/ptII/ptolemy/domains/de/test/auto/CausalityInterface1.xml
----------------- Instantiating /home/travis/build/icyphy/ptII/ptolemy/domains/de/test/auto/CausalityInterface1.xml
4 ms. Memory: 48128K Free: 18904K (39%)
----------------- Invoking toplevel() on ptolemy.moml.MoMLSimpleApplication@15db2bbd
----------------- Done invoking toplevel() on ptolemy.moml.MoMLSimpleApplication@15db2bbd
reloadAllAccessors: .CausalityInterface1

===========================================================================================
----------------- testing Wed Jul 17 04:53:44 UTC 2019 /home/travis/build/icyphy/ptII/ptolemy/domains/de/test/auto/CausalityInterface15.xml
----------------- Instantiating /home/travis/build/icyphy/ptII/ptolemy/domains/de/test/auto/CausalityInterface15.xml
2 ms. Memory: 48128K Free: 13566K (28%)
----------------- Invoking toplevel() on ptolemy.moml.MoMLSimpleApplication@71874c52
----------------- Done invoking toplevel() on ptolemy.moml.MoMLSimpleApplication@71874c52
reloadAllAccessors: .CausalityInterface15

===========================================================================================
----------------- testing Wed Jul 17 04:53:45 UTC 2019 /home/travis/build/icyphy/ptII/ptolemy/domains/de/test/auto/CausalityInterface2.xml
----------------- Instantiating /home/travis/build/icyphy/ptII/ptolemy/domains/de/test/auto/CausalityInterface2.xml
[...]
	at ptolemy.actor.Manager.run(Manager.java:1263)
	at ptolemy.actor.Manager$PtolemyRunThread.run(Manager.java:1933)
java.lang.RuntimeException: Execution failed
	at ptolemy.moml.MoMLSimpleApplication$UnloadThread.run(MoMLSimpleApplication.java:402)
Caused by: ptolemy.kernel.util.IllegalActionException: Actor is not ready to fire.  Perhaps UpSample.prefire() returned false? Try debugging the actor by selecting "Listen to Actor".  Also, for SDF check moml for tokenConsumptionRate on input.
  in .DESDFClockTest.Play Bell.Copy1:SDF Director and .DESDFClockTest.Play Bell.UpSample
	at ptolemy.actor.sched.StaticSchedulingDirector.fire(StaticSchedulingDirector.java:227)
	at ptolemy.domains.sdf.kernel.SDFDirector.fire(SDFDirector.java:500)
	at ptolemy.actor.CompositeActor.fire(CompositeActor.java:455)
	at ptolemy.domains.de.kernel.DEDirector._fire(DEDirector.java:1949)
	at ptolemy.domains.de.kernel.DEDirector.fire(DEDirector.java:502)
	at ptolemy.actor.CompositeActor.fire(CompositeActor.java:455)
	at ptolemy.actor.Manager.iterate(Manager.java:851)
	at ptolemy.actor.Manager.execute(Manager.java:369)
	at ptolemy.actor.Manager.run(Manager.java:1263)
	at ptolemy.actor.Manager$PtolemyRunThread.run(Manager.java:1933)
java.lang.reflect.InvocationTargetException
	at java.base/jdk.internal.reflect.NativeConstructorAccessorImpl.newInstance0(Native Method)
	at java.base/jdk.internal.reflect.NativeConstructorAccessorImpl.newInstance(NativeConstructorAccessorImpl.java:62)
	at java.base/jdk.internal.reflect.DelegatingConstructorAccessorImpl.newInstance(DelegatingConstructorAccessorImpl.java:45)
	at java.base/java.lang.reflect.Constructor.newInstance(Constructor.java:490)
	at ptolemy.util.test.junit.AutoKnownFailedTests.RunModel(AutoKnownFailedTests.java:105)
	at java.base/jdk.internal.reflect.NativeMethodAccessorImpl.invoke0(Native Method)
	at java.base/jdk.internal.reflect.NativeMethodAccessorImpl.invoke(NativeMethodAccessorImpl.java:62)
	at java.base/jdk.internal.reflect.DelegatingMethodAccessorImpl.invoke(DelegatingMethodAccessorImpl.java:43)
	at java.base/java.lang.reflect.Method.invoke(Method.java:566)
	at org.junit.runners.model.FrameworkMethod$1.runReflectiveCall(FrameworkMethod.java:44)
	at org.junit.internal.runners.model.ReflectiveCallable.run(ReflectiveCallable.java:15)
	at org.junit.runners.model.FrameworkMethod.invokeExplosively(FrameworkMethod.java:41)
	at junitparams.internal.InvokeParameterisedMethod.evaluate(InvokeParameterisedMethod.java:102)
	at org.junit.internal.runners.statements.FailOnTimeout$1.run(FailOnTimeout.java:28)
Caused by: ptolemy.kernel.util.IllegalActionException: Actor is not ready to fire.  Perhaps UpSample.prefire() returned false? Try debugging the actor by selecting "Listen to Actor".  Also, for SDF check moml for tokenConsumptionRate on input.
  in .DESDFClockTest.Play Bell.Copy1:SDF Director and .DESDFClockTest.Play Bell.UpSample
	at ptolemy.actor.sched.StaticSchedulingDirector.fire(StaticSchedulingDirector.java:227)
	at ptolemy.domains.sdf.kernel.SDFDirector.fire(SDFDirector.java:500)
	at ptolemy.actor.CompositeActor.fire(CompositeActor.java:455)
	at ptolemy.domains.de.kernel.DEDirector._fire(DEDirector.java:1949)
	at ptolemy.domains.de.kernel.DEDirector.fire(DEDirector.java:502)
	at ptolemy.actor.CompositeActor.fire(CompositeActor.java:455)
	at ptolemy.actor.Manager.iterate(Manager.java:851)
	at ptolemy.actor.Manager.execute(Manager.java:369)
	at ptolemy.actor.Manager.run(Manager.java:1263)
	at ptolemy.actor.Manager$PtolemyRunThread.run(Manager.java:1933)
java.lang.RuntimeException: Execution failed
	at ptolemy.moml.MoMLSimpleApplication$UnloadThread.run(MoMLSimpleApplication.java:402)
Caused by: ptolemy.kernel.util.IllegalActionException: Test fails in iteration 1.
Value was: 1.0. Should have been: 2.0
  in .DirectFeedback.Test
	at ptolemy.actor.lib.Test.fire(Test.java:268)
	at ptolemy.domains.de.kernel.DEDirector._fire(DEDirector.java:1949)
	at ptolemy.domains.de.kernel.DEDirector.fire(DEDirector.java:502)
	at ptolemy.actor.CompositeActor.fire(CompositeActor.java:455)
	at ptolemy.actor.Manager.iterate(Manager.java:851)
	at ptolemy.actor.Manager.execute(Manager.java:369)
	at ptolemy.actor.Manager.run(Manager.java:1263)
	at ptolemy.actor.Manager$PtolemyRunThread.run(Manager.java:1933)
java.lang.reflect.InvocationTargetException
	at java.base/jdk.internal.reflect.NativeConstructorAccessorImpl.newInstance0(Native Method)
	at java.base/jdk.internal.reflect.NativeConstructorAccessorImpl.newInstance(NativeConstructorAccessorImpl.java:62)
	at java.base/jdk.internal.reflect.DelegatingConstructorAccessorImpl.newInstance(DelegatingConstructorAccessorImpl.java:45)
	at java.base/java.lang.reflect.Constructor.newInstance(Constructor.java:490)
	at ptolemy.util.test.junit.AutoKnownFailedTests.RunModel(AutoKnownFailedTests.java:105)
	at java.base/jdk.internal.reflect.NativeMethodAccessorImpl.invoke0(Native Method)
	at java.base/jdk.internal.reflect.NativeMethodAccessorImpl.invoke(NativeMethodAccessorImpl.java:62)
	at java.base/jdk.internal.reflect.DelegatingMethodAccessorImpl.invoke(DelegatingMethodAccessorImpl.java:43)
	at java.base/java.lang.reflect.Method.invoke(Method.java:566)
	at org.junit.runners.model.FrameworkMethod$1.runReflectiveCall(FrameworkMethod.java:44)
	at org.junit.internal.runners.model.ReflectiveCallable.run(ReflectiveCallable.java:15)
	at org.junit.runners.model.FrameworkMethod.invokeExplosively(FrameworkMethod.java:41)
	at junitparams.internal.InvokeParameterisedMethod.evaluate(InvokeParameterisedMethod.java:102)
	at org.junit.internal.runners.statements.FailOnTimeout$1.run(FailOnTimeout.java:28)
Caused by: ptolemy.kernel.util.IllegalActionException: Test fails in iteration 1.
Value was: 1.0. Should have been: 2.0
  in .DirectFeedback.Test
	at ptolemy.actor.lib.Test.fire(Test.java:268)
	at ptolemy.domains.de.kernel.DEDirector._fire(DEDirector.java:1949)
	at ptolemy.domains.de.kernel.DEDirector.fire(DEDirector.java:502)
	at ptolemy.actor.CompositeActor.fire(CompositeActor.java:455)
	at ptolemy.actor.Manager.iterate(Manager.java:851)
	at ptolemy.actor.Manager.execute(Manager.java:369)
	at ptolemy.actor.Manager.run(Manager.java:1263)
	at ptolemy.actor.Manager$PtolemyRunThread.run(Manager.java:1933)
java.lang.RuntimeException: Execution failed
	at ptolemy.moml.MoMLSimpleApplication$UnloadThread.run(MoMLSimpleApplication.java:402)
Caused by: ptolemy.kernel.util.IllegalActionException: Found a zero delay loop containing .HierarchicalModel.A
  in .HierarchicalModel and .HierarchicalModel.A
	at ptolemy.actor.util.CausalityInterfaceForComposites._computeOutputPortDepth(CausalityInterfaceForComposites.java:759)
	at ptolemy.actor.util.CausalityInterfaceForComposites._computeInputDepth(CausalityInterfaceForComposites.java:696)
	at ptolemy.actor.util.CausalityInterfaceForComposites._computeOutputPortDepth(CausalityInterfaceForComposites.java:765)
	at ptolemy.actor.util.CausalityInterfaceForComposites._computeInputDepth(CausalityInterfaceForComposites.java:696)
	at ptolemy.actor.util.CausalityInterfaceForComposites._computeOutputPortDepth(CausalityInterfaceForComposites.java:765)
	at ptolemy.actor.util.CausalityInterfaceForComposites._computeInputDepth(CausalityInterfaceForComposites.java:696)
	at ptolemy.actor.util.CausalityInterfaceForComposites._computeActorDepth(CausalityInterfaceForComposites.java:532)
	at ptolemy.actor.util.CausalityInterfaceForComposites.checkForCycles(CausalityInterfaceForComposites.java:96)
	at ptolemy.domains.de.kernel.DEDirector.preinitialize(DEDirector.java:1338)
	at ptolemy.actor.CompositeActor.preinitialize(CompositeActor.java:1828)
	at ptolemy.actor.Manager.preinitializeAndResolveTypes(Manager.java:1040)
	at ptolemy.actor.Manager.initialize(Manager.java:710)
	at ptolemy.actor.Manager.execute(Manager.java:356)
	at ptolemy.actor.Manager.run(Manager.java:1263)
	at ptolemy.actor.Manager$PtolemyRunThread.run(Manager.java:1933)
java.lang.reflect.InvocationTargetException
	at java.base/jdk.internal.reflect.NativeConstructorAccessorImpl.newInstance0(Native Method)
	at java.base/jdk.internal.reflect.NativeConstructorAccessorImpl.newInstance(NativeConstructorAccessorImpl.java:62)
	at java.base/jdk.internal.reflect.DelegatingConstructorAccessorImpl.newInstance(DelegatingConstructorAccessorImpl.java:45)
	at java.base/java.lang.reflect.Constructor.newInstance(Constructor.java:490)
	at ptolemy.util.test.junit.AutoKnownFailedTests.RunModel(AutoKnownFailedTests.java:105)
	at java.base/jdk.internal.reflect.NativeMethodAccessorImpl.invoke0(Native Method)
	at java.base/jdk.internal.reflect.NativeMethodAccessorImpl.invoke(NativeMethodAccessorImpl.java:62)
	at java.base/jdk.internal.reflect.DelegatingMethodAccessorImpl.invoke(DelegatingMethodAccessorImpl.java:43)
	at java.base/java.lang.reflect.Method.invoke(Method.java:566)
	at org.junit.runners.model.FrameworkMethod$1.runReflectiveCall(FrameworkMethod.java:44)
	at org.junit.internal.runners.model.ReflectiveCallable.run(ReflectiveCallable.java:15)
	at org.junit.runners.model.FrameworkMethod.invokeExplosively(FrameworkMethod.java:41)
	at junitparams.internal.InvokeParameterisedMethod.evaluate(InvokeParameterisedMethod.java:102)
	at org.junit.internal.runners.statements.FailOnTimeout$1.run(FailOnTimeout.java:28)
Caused by: ptolemy.kernel.util.IllegalActionException: Found a zero delay loop containing .HierarchicalModel.A
  in .HierarchicalModel and .HierarchicalModel.A
	at ptolemy.actor.util.CausalityInterfaceForComposites._computeOutputPortDepth(CausalityInterfaceForComposites.java:759)
	at ptolemy.actor.util.CausalityInterfaceForComposites._computeInputDepth(CausalityInterfaceForComposites.java:696)
	at ptolemy.actor.util.CausalityInterfaceForComposites._computeOutputPortDepth(CausalityInterfaceForComposites.java:765)
	at ptolemy.actor.util.CausalityInterfaceForComposites._computeInputDepth(CausalityInterfaceForComposites.java:696)
	at ptolemy.actor.util.CausalityInterfaceForComposites._computeOutputPortDepth(CausalityInterfaceForComposites.java:765)
	at ptolemy.actor.util.CausalityInterfaceForComposites._computeInputDepth(CausalityInterfaceForComposites.java:696)
	at ptolemy.actor.util.CausalityInterfaceForComposites._computeActorDepth(CausalityInterfaceForComposites.java:532)
	at ptolemy.actor.util.CausalityInterfaceForComposites.checkForCycles(CausalityInterfaceForComposites.java:96)
	at ptolemy.domains.de.kernel.DEDirector.preinitialize(DEDirector.java:1338)
	at ptolemy.actor.CompositeActor.preinitialize(CompositeActor.java:1828)
	at ptolemy.actor.Manager.preinitializeAndResolveTypes(Manager.java:1040)
	at ptolemy.actor.Manager.initialize(Manager.java:710)
	at ptolemy.actor.Manager.execute(Manager.java:356)
	at ptolemy.actor.Manager.run(Manager.java:1263)
	at ptolemy.actor.Manager$PtolemyRunThread.run(Manager.java:1933)
java.lang.RuntimeException: Execution failed
	at ptolemy.moml.MoMLSimpleApplication$UnloadThread.run(MoMLSimpleApplication.java:402)
Caused by: ptolemy.kernel.util.IllegalActionException: Found a zero delay loop containing .dependencyLoop.original
  in .dependencyLoop and .dependencyLoop.original
	at ptolemy.actor.util.CausalityInterfaceForComposites._computeOutputPortDepth(CausalityInterfaceForComposites.java:759)
	at ptolemy.actor.util.CausalityInterfaceForComposites._computeInputDepth(CausalityInterfaceForComposites.java:696)
	at ptolemy.actor.util.CausalityInterfaceForComposites._computeOutputPortDepth(CausalityInterfaceForComposites.java:765)
	at ptolemy.actor.util.CausalityInterfaceForComposites._computeInputDepth(CausalityInterfaceForComposites.java:696)
	at ptolemy.actor.util.CausalityInterfaceForComposites._computeOutputPortDepth(CausalityInterfaceForComposites.java:765)
	at ptolemy.actor.util.CausalityInterfaceForComposites._computeInputDepth(CausalityInterfaceForComposites.java:696)
	at ptolemy.actor.util.CausalityInterfaceForComposites._computeActorDepth(CausalityInterfaceForComposites.java:532)
	at ptolemy.actor.util.CausalityInterfaceForComposites.checkForCycles(CausalityInterfaceForComposites.java:96)
	at ptolemy.domains.de.kernel.DEDirector.preinitialize(DEDirector.java:1338)
	at ptolemy.actor.CompositeActor.preinitialize(CompositeActor.java:1828)
	at ptolemy.actor.Manager.preinitializeAndResolveTypes(Manager.java:1040)
	at ptolemy.actor.Manager.initialize(Manager.java:710)
	at ptolemy.actor.Manager.execute(Manager.java:356)
	at ptolemy.actor.Manager.run(Manager.java:1263)
	at ptolemy.actor.Manager$PtolemyRunThread.run(Manager.java:1933)
java.lang.reflect.InvocationTargetException
	at java.base/jdk.internal.reflect.NativeConstructorAccessorImpl.newInstance0(Native Method)
	at java.base/jdk.internal.reflect.NativeConstructorAccessorImpl.newInstance(NativeConstructorAccessorImpl.java:62)
	at java.base/jdk.internal.reflect.DelegatingConstructorAccessorImpl.newInstance(DelegatingConstructorAccessorImpl.java:45)
	at java.base/java.lang.reflect.Constructor.newInstance(Constructor.java:490)
	at ptolemy.util.test.junit.AutoKnownFailedTests.RunModel(AutoKnownFailedTests.java:105)
	at java.base/jdk.internal.reflect.NativeMethodAccessorImpl.invoke0(Native Method)
	at java.base/jdk.internal.reflect.NativeMethodAccessorImpl.invoke(NativeMethodAccessorImpl.java:62)
	at java.base/jdk.internal.reflect.DelegatingMethodAccessorImpl.invoke(DelegatingMethodAccessorImpl.java:43)
	at java.base/java.lang.reflect.Method.invoke(Method.java:566)
	at org.junit.runners.model.FrameworkMethod$1.runReflectiveCall(FrameworkMethod.java:44)
	at org.junit.internal.runners.model.ReflectiveCallable.run(ReflectiveCallable.java:15)
	at org.junit.runners.model.FrameworkMethod.invokeExplosively(FrameworkMethod.java:41)
	at junitparams.internal.InvokeParameterisedMethod.evaluate(InvokeParameterisedMethod.java:102)
	at org.junit.internal.runners.statements.FailOnTimeout$1.run(FailOnTimeout.java:28)
Caused by: ptolemy.kernel.util.IllegalActionException: Found a zero delay loop containing .dependencyLoop.original
  in .dependencyLoop and .dependencyLoop.original
	at ptolemy.actor.util.CausalityInterfaceForComposites._computeOutputPortDepth(CausalityInterfaceForComposites.java:759)
	at ptolemy.actor.util.CausalityInterfaceForComposites._computeInputDepth(CausalityInterfaceForComposites.java:696)
	at ptolemy.actor.util.CausalityInterfaceForComposites._computeOutputPortDepth(CausalityInterfaceForComposites.java:765)
	at ptolemy.actor.util.CausalityInterfaceForComposites._computeInputDepth(CausalityInterfaceForComposites.java:696)
	at ptolemy.actor.util.CausalityInterfaceForComposites._computeOutputPortDepth(CausalityInterfaceForComposites.java:765)
	at ptolemy.actor.util.CausalityInterfaceForComposites._computeInputDepth(CausalityInterfaceForComposites.java:696)
	at ptolemy.actor.util.CausalityInterfaceForComposites._computeActorDepth(CausalityInterfaceForComposites.java:532)
	at ptolemy.actor.util.CausalityInterfaceForComposites.checkForCycles(CausalityInterfaceForComposites.java:96)
	at ptolemy.domains.de.kernel.DEDirector.preinitialize(DEDirector.java:1338)
	at ptolemy.actor.CompositeActor.preinitialize(CompositeActor.java:1828)
	at ptolemy.actor.Manager.preinitializeAndResolveTypes(Manager.java:1040)
	at ptolemy.actor.Manager.initialize(Manager.java:710)
	at ptolemy.actor.Manager.execute(Manager.java:356)
	at ptolemy.actor.Manager.run(Manager.java:1263)
	at ptolemy.actor.Manager$PtolemyRunThread.run(Manager.java:1933)
java.lang.RuntimeException: Execution failed
	at ptolemy.moml.MoMLSimpleApplication$UnloadThread.run(MoMLSimpleApplication.java:402)
Caused by: ptolemy.kernel.util.IllegalActionException: Found a zero delay loop containing .dependencyLoop2.original
  in .dependencyLoop2 and .dependencyLoop2.original
	at ptolemy.actor.util.CausalityInterfaceForComposites._computeOutputPortDepth(CausalityInterfaceForComposites.java:759)
	at ptolemy.actor.util.CausalityInterfaceForComposites._computeInputDepth(CausalityInterfaceForComposites.java:696)
	at ptolemy.actor.util.CausalityInterfaceForComposites._computeOutputPortDepth(CausalityInterfaceForComposites.java:765)
	at ptolemy.actor.util.CausalityInterfaceForComposites._computeInputDepth(CausalityInterfaceForComposites.java:696)
	at ptolemy.actor.util.CausalityInterfaceForComposites._computeOutputPortDepth(CausalityInterfaceForComposites.java:765)
	at ptolemy.actor.util.CausalityInterfaceForComposites._computeInputDepth(CausalityInterfaceForComposites.java:696)
	at ptolemy.actor.util.CausalityInterfaceForComposites._computeActorDepth(CausalityInterfaceForComposites.java:532)
	at ptolemy.actor.util.CausalityInterfaceForComposites.checkForCycles(CausalityInterfaceForComposites.java:96)
	at ptolemy.domains.de.kernel.DEDirector.preinitialize(DEDirector.java:1338)
	at ptolemy.actor.CompositeActor.preinitialize(CompositeActor.java:1828)
	at ptolemy.actor.Manager.preinitializeAndResolveTypes(Manager.java:1040)
	at ptolemy.actor.Manager.initialize(Manager.java:710)
	at ptolemy.actor.Manager.execute(Manager.java:356)
	at ptolemy.actor.Manager.run(Manager.java:1263)
	at ptolemy.actor.Manager$PtolemyRunThread.run(Manager.java:1933)
java.lang.reflect.InvocationTargetException
	at java.base/jdk.internal.reflect.NativeConstructorAccessorImpl.newInstance0(Native Method)
	at java.base/jdk.internal.reflect.NativeConstructorAccessorImpl.newInstance(NativeConstructorAccessorImpl.java:62)
	at java.base/jdk.internal.reflect.DelegatingConstructorAccessorImpl.newInstance(DelegatingConstructorAccessorImpl.java:45)
	at java.base/java.lang.reflect.Constructor.newInstance(Constructor.java:490)
	at ptolemy.util.test.junit.AutoKnownFailedTests.RunModel(AutoKnownFailedTests.java:105)
	at java.base/jdk.internal.reflect.NativeMethodAccessorImpl.invoke0(Native Method)
	at java.base/jdk.internal.reflect.NativeMethodAccessorImpl.invoke(NativeMethodAccessorImpl.java:62)
	at java.base/jdk.internal.reflect.DelegatingMethodAccessorImpl.invoke(DelegatingMethodAccessorImpl.java:43)
	at java.base/java.lang.reflect.Method.invoke(Method.java:566)
	at org.junit.runners.model.FrameworkMethod$1.runReflectiveCall(FrameworkMethod.java:44)
	at org.junit.internal.runners.model.ReflectiveCallable.run(ReflectiveCallable.java:15)
	at org.junit.runners.model.FrameworkMethod.invokeExplosively(FrameworkMethod.java:41)
	at junitparams.internal.InvokeParameterisedMethod.evaluate(InvokeParameterisedMethod.java:102)
	at org.junit.internal.runners.statements.FailOnTimeout$1.run(FailOnTimeout.java:28)
Caused by: ptolemy.kernel.util.IllegalActionException: Found a zero delay loop containing .dependencyLoop2.original
  in .dependencyLoop2 and .dependencyLoop2.original
	at ptolemy.actor.util.CausalityInterfaceForComposites._computeOutputPortDepth(CausalityInterfaceForComposites.java:759)
	at ptolemy.actor.util.CausalityInterfaceForComposites._computeInputDepth(CausalityInterfaceForComposites.java:696)
	at ptolemy.actor.util.CausalityInterfaceForComposites._computeOutputPortDepth(CausalityInterfaceForComposites.java:765)
	at ptolemy.actor.util.CausalityInterfaceForComposites._computeInputDepth(CausalityInterfaceForComposites.java:696)
	at ptolemy.actor.util.CausalityInterfaceForComposites._computeOutputPortDepth(CausalityInterfaceForComposites.java:765)
	at ptolemy.actor.util.CausalityInterfaceForComposites._computeInputDepth(CausalityInterfaceForComposites.java:696)
	at ptolemy.actor.util.CausalityInterfaceForComposites._computeActorDepth(CausalityInterfaceForComposites.java:532)
	at ptolemy.actor.util.CausalityInterfaceForComposites.checkForCycles(CausalityInterfaceForComposites.java:96)
	at ptolemy.domains.de.kernel.DEDirector.preinitialize(DEDirector.java:1338)
	at ptolemy.actor.CompositeActor.preinitialize(CompositeActor.java:1828)
	at ptolemy.actor.Manager.preinitializeAndResolveTypes(Manager.java:1040)
	at ptolemy.actor.Manager.initialize(Manager.java:710)
	at ptolemy.actor.Manager.execute(Manager.java:356)
	at ptolemy.actor.Manager.run(Manager.java:1263)
	at ptolemy.actor.Manager$PtolemyRunThread.run(Manager.java:1933)
]]></system-err>
</testsuite>
