<?xml version="1.0" encoding="UTF-8" ?>
<testsuite errors="0" failures="0" hostname="travis-job-fa49825f-c16c-4304-a1f3-ea0fa14b7403" name="ptolemy.domains.sdf.lib.test.junit.JUnitTclTest" skipped="0" tests="82" time="8.175" timestamp="2020-05-15T14:53:20">
  <properties>
[...]
</properties>
  <testcase classname="ptolemy.util.test.junit.TclTests" name="[0] /home/travis/build/icyphy/ptII/ptolemy/domains/sdf/lib/test/ArrayToSequence.tcl (RunTclFile)" time="0.534" />
  <testcase classname="ptolemy.util.test.junit.TclTests" name="[1] /home/travis/build/icyphy/ptII/ptolemy/domains/sdf/lib/test/BitsToInt.tcl (RunTclFile)" time="0.036" />
  <testcase classname="ptolemy.util.test.junit.TclTests" name="[2] /home/travis/build/icyphy/ptII/ptolemy/domains/sdf/lib/test/DelayLine.tcl (RunTclFile)" time="0.026" />
  <testcase classname="ptolemy.util.test.junit.TclTests" name="[3] /home/travis/build/icyphy/ptII/ptolemy/domains/sdf/lib/test/FFT.tcl (RunTclFile)" time="0.042" />
  <testcase classname="ptolemy.util.test.junit.TclTests" name="[4] /home/travis/build/icyphy/ptII/ptolemy/domains/sdf/lib/test/FIR.tcl (RunTclFile)" time="0.15" />
  <testcase classname="ptolemy.util.test.junit.TclTests" name="[5] /home/travis/build/icyphy/ptII/ptolemy/domains/sdf/lib/test/IntToBits.tcl (RunTclFile)" time="0.029" />
  <testcase classname="ptolemy.util.test.junit.TclTests" name="[6] /home/travis/build/icyphy/ptII/ptolemy/domains/sdf/lib/test/MaximumEntropySpectrum.tcl (RunTclFile)" time="0.243" />
  <testcase classname="ptolemy.util.test.junit.TclTests" name="[7] /home/travis/build/icyphy/ptII/ptolemy/domains/sdf/lib/test/Repeat.tcl (RunTclFile)" time="0.037" />
  <testcase classname="ptolemy.util.test.junit.TclTests" name="[8] /home/travis/build/icyphy/ptII/ptolemy/domains/sdf/lib/test/SampleDelay.tcl (RunTclFile)" time="0.074" />
  <testcase classname="ptolemy.util.test.junit.TclTests" name="[9] /home/travis/build/icyphy/ptII/ptolemy/domains/sdf/lib/test/SequenceToArray.tcl (RunTclFile)" time="0.068" />
  <testcase classname="ptolemy.util.test.junit.AutoKnownFailedTests" name="[0] ThereAreNoKnowFailedTests (RunModel)" time="0.005" />
  <testcase classname="ptolemy.util.test.junit.AutoNameArchTests" name="[0] ThereAreNoAutoArchTests (RunModel)" time="0.003" />
  <testcase classname="ptolemy.util.test.junit.AutoTests" name="[0] /home/travis/build/icyphy/ptII/ptolemy/domains/sdf/lib/test/auto/ArrayToSequence.xml (RunModel)" time="0.269" />
  <testcase classname="ptolemy.util.test.junit.AutoTests" name="[1] /home/travis/build/icyphy/ptII/ptolemy/domains/sdf/lib/test/auto/ArrayToSequenceTest.xml (RunModel)" time="0.1" />
  <testcase classname="ptolemy.util.test.junit.AutoTests" name="[2] /home/travis/build/icyphy/ptII/ptolemy/domains/sdf/lib/test/auto/Autocorrelation.xml (RunModel)" time="0.059" />
  <testcase classname="ptolemy.util.test.junit.AutoTests" name="[3] /home/travis/build/icyphy/ptII/ptolemy/domains/sdf/lib/test/auto/Autocorrelation2.xml (RunModel)" time="0.059" />
  <testcase classname="ptolemy.util.test.junit.AutoTests" name="[4] /home/travis/build/icyphy/ptII/ptolemy/domains/sdf/lib/test/auto/Autocorrelation3.xml (RunModel)" time="0.03" />
  <testcase classname="ptolemy.util.test.junit.AutoTests" name="[5] /home/travis/build/icyphy/ptII/ptolemy/domains/sdf/lib/test/auto/Autocorrelation4.xml (RunModel)" time="0.043" />
  <testcase classname="ptolemy.util.test.junit.AutoTests" name="[6] /home/travis/build/icyphy/ptII/ptolemy/domains/sdf/lib/test/auto/Autocorrelation5.xml (RunModel)" time="0.114" />
  <testcase classname="ptolemy.util.test.junit.AutoTests" name="[7] /home/travis/build/icyphy/ptII/ptolemy/domains/sdf/lib/test/auto/BitsToInt.xml (RunModel)" time="0.026" />
  <testcase classname="ptolemy.util.test.junit.AutoTests" name="[8] /home/travis/build/icyphy/ptII/ptolemy/domains/sdf/lib/test/auto/BooleanJoin.xml (RunModel)" time="0.038" />
  <testcase classname="ptolemy.util.test.junit.AutoTests" name="[9] /home/travis/build/icyphy/ptII/ptolemy/domains/sdf/lib/test/auto/BootstrapSampleDelay.xml (RunModel)" time="0.062" />
  <testcase classname="ptolemy.util.test.junit.AutoTests" name="[10] /home/travis/build/icyphy/ptII/ptolemy/domains/sdf/lib/test/auto/Chop.xml (RunModel)" time="0.062" />
  <testcase classname="ptolemy.util.test.junit.AutoTests" name="[11] /home/travis/build/icyphy/ptII/ptolemy/domains/sdf/lib/test/auto/Chop2.xml (RunModel)" time="0.049" />
  <testcase classname="ptolemy.util.test.junit.AutoTests" name="[12] /home/travis/build/icyphy/ptII/ptolemy/domains/sdf/lib/test/auto/ComplexJoin.xml (RunModel)" time="0.063" />
  <testcase classname="ptolemy.util.test.junit.AutoTests" name="[13] /home/travis/build/icyphy/ptII/ptolemy/domains/sdf/lib/test/auto/CountTrues.xml (RunModel)" time="0.017" />
  <testcase classname="ptolemy.util.test.junit.AutoTests" name="[14] /home/travis/build/icyphy/ptII/ptolemy/domains/sdf/lib/test/auto/DelayLine.xml (RunModel)" time="0.047" />
  <testcase classname="ptolemy.util.test.junit.AutoTests" name="[15] /home/travis/build/icyphy/ptII/ptolemy/domains/sdf/lib/test/auto/DotProduct.xml (RunModel)" time="0.022" />
  <testcase classname="ptolemy.util.test.junit.AutoTests" name="[16] /home/travis/build/icyphy/ptII/ptolemy/domains/sdf/lib/test/auto/DotProductMatrix.xml (RunModel)" time="0.018" />
  <testcase classname="ptolemy.util.test.junit.AutoTests" name="[17] /home/travis/build/icyphy/ptII/ptolemy/domains/sdf/lib/test/auto/DownSample1.xml (RunModel)" time="0.026" />
  <testcase classname="ptolemy.util.test.junit.AutoTests" name="[18] /home/travis/build/icyphy/ptII/ptolemy/domains/sdf/lib/test/auto/DynamicRateChange.xml (RunModel)" time="0.038" />
  <testcase classname="ptolemy.util.test.junit.AutoTests" name="[19] /home/travis/build/icyphy/ptII/ptolemy/domains/sdf/lib/test/auto/DynamicRates.xml (RunModel)" time="0.036" />
  <testcase classname="ptolemy.util.test.junit.AutoTests" name="[20] /home/travis/build/icyphy/ptII/ptolemy/domains/sdf/lib/test/auto/FFT1.xml (RunModel)" time="0.034" />
  <testcase classname="ptolemy.util.test.junit.AutoTests" name="[21] /home/travis/build/icyphy/ptII/ptolemy/domains/sdf/lib/test/auto/FIR1.xml (RunModel)" time="0.058" />
  <testcase classname="ptolemy.util.test.junit.AutoTests" name="[22] /home/travis/build/icyphy/ptII/ptolemy/domains/sdf/lib/test/auto/FIR2.xml (RunModel)" time="0.018" />
  <testcase classname="ptolemy.util.test.junit.AutoTests" name="[23] /home/travis/build/icyphy/ptII/ptolemy/domains/sdf/lib/test/auto/FIR4.xml (RunModel)" time="0.038" />
  <testcase classname="ptolemy.util.test.junit.AutoTests" name="[24] /home/travis/build/icyphy/ptII/ptolemy/domains/sdf/lib/test/auto/FixJoin.xml (RunModel)" time="0.049" />
  <testcase classname="ptolemy.util.test.junit.AutoTests" name="[25] /home/travis/build/icyphy/ptII/ptolemy/domains/sdf/lib/test/auto/IntJoin1.xml (RunModel)" time="0.028" />
  <testcase classname="ptolemy.util.test.junit.AutoTests" name="[26] /home/travis/build/icyphy/ptII/ptolemy/domains/sdf/lib/test/auto/IntJoin2.xml (RunModel)" time="0.025" />
  <testcase classname="ptolemy.util.test.junit.AutoTests" name="[27] /home/travis/build/icyphy/ptII/ptolemy/domains/sdf/lib/test/auto/IntJoin3.xml (RunModel)" time="0.027" />
  <testcase classname="ptolemy.util.test.junit.AutoTests" name="[28] /home/travis/build/icyphy/ptII/ptolemy/domains/sdf/lib/test/auto/IntJoin4.xml (RunModel)" time="0.025" />
  <testcase classname="ptolemy.util.test.junit.AutoTests" name="[29] /home/travis/build/icyphy/ptII/ptolemy/domains/sdf/lib/test/auto/IntJoin5.xml (RunModel)" time="0.027" />
  <testcase classname="ptolemy.util.test.junit.AutoTests" name="[30] /home/travis/build/icyphy/ptII/ptolemy/domains/sdf/lib/test/auto/IntToBits.xml (RunModel)" time="0.024" />
  <testcase classname="ptolemy.util.test.junit.AutoTests" name="[31] /home/travis/build/icyphy/ptII/ptolemy/domains/sdf/lib/test/auto/LMSAdaptive.xml (RunModel)" time="0.056" />
  <testcase classname="ptolemy.util.test.junit.AutoTests" name="[32] /home/travis/build/icyphy/ptII/ptolemy/domains/sdf/lib/test/auto/LMSAdaptiveFIR.xml (RunModel)" time="0.288" />
  <testcase classname="ptolemy.util.test.junit.AutoTests" name="[33] /home/travis/build/icyphy/ptII/ptolemy/domains/sdf/lib/test/auto/LMSAdaptiveFIR2.xml (RunModel)" time="0.428" />
  <testcase classname="ptolemy.util.test.junit.AutoTests" name="[34] /home/travis/build/icyphy/ptII/ptolemy/domains/sdf/lib/test/auto/LongJoin.xml (RunModel)" time="0.021" />
  <testcase classname="ptolemy.util.test.junit.AutoTests" name="[35] /home/travis/build/icyphy/ptII/ptolemy/domains/sdf/lib/test/auto/Matrix1.xml (RunModel)" time="0.021" />
  <testcase classname="ptolemy.util.test.junit.AutoTests" name="[36] /home/travis/build/icyphy/ptII/ptolemy/domains/sdf/lib/test/auto/Matrix2.xml (RunModel)" time="0.036" />
  <testcase classname="ptolemy.util.test.junit.AutoTests" name="[37] /home/travis/build/icyphy/ptII/ptolemy/domains/sdf/lib/test/auto/MatrixJoin1.xml (RunModel)" time="0.032" />
  <testcase classname="ptolemy.util.test.junit.AutoTests" name="[38] /home/travis/build/icyphy/ptII/ptolemy/domains/sdf/lib/test/auto/MatrixJoin2.xml (RunModel)" time="0.022" />
  <testcase classname="ptolemy.util.test.junit.AutoTests" name="[39] /home/travis/build/icyphy/ptII/ptolemy/domains/sdf/lib/test/auto/MatrixJoin3.xml (RunModel)" time="0.021" />
  <testcase classname="ptolemy.util.test.junit.AutoTests" name="[40] /home/travis/build/icyphy/ptII/ptolemy/domains/sdf/lib/test/auto/MatrixJoin4.xml (RunModel)" time="0.014" />
  <testcase classname="ptolemy.util.test.junit.AutoTests" name="[41] /home/travis/build/icyphy/ptII/ptolemy/domains/sdf/lib/test/auto/MatrixJoin5.xml (RunModel)" time="0.016" />
  <testcase classname="ptolemy.util.test.junit.AutoTests" name="[42] /home/travis/build/icyphy/ptII/ptolemy/domains/sdf/lib/test/auto/MatrixSplit1.xml (RunModel)" time="0.018" />
  <testcase classname="ptolemy.util.test.junit.AutoTests" name="[43] /home/travis/build/icyphy/ptII/ptolemy/domains/sdf/lib/test/auto/MatrixSplit10.xml (RunModel)" time="0.013" />
  <testcase classname="ptolemy.util.test.junit.AutoTests" name="[44] /home/travis/build/icyphy/ptII/ptolemy/domains/sdf/lib/test/auto/MatrixSplit11.xml (RunModel)" time="0.011" />
  <testcase classname="ptolemy.util.test.junit.AutoTests" name="[45] /home/travis/build/icyphy/ptII/ptolemy/domains/sdf/lib/test/auto/MatrixSplit12.xml (RunModel)" time="0.025" />
  <testcase classname="ptolemy.util.test.junit.AutoTests" name="[46] /home/travis/build/icyphy/ptII/ptolemy/domains/sdf/lib/test/auto/MatrixSplit13.xml (RunModel)" time="0.026" />
  <testcase classname="ptolemy.util.test.junit.AutoTests" name="[47] /home/travis/build/icyphy/ptII/ptolemy/domains/sdf/lib/test/auto/MatrixSplit14.xml (RunModel)" time="0.013" />
  <testcase classname="ptolemy.util.test.junit.AutoTests" name="[48] /home/travis/build/icyphy/ptII/ptolemy/domains/sdf/lib/test/auto/MatrixSplit2.xml (RunModel)" time="0.012" />
  <testcase classname="ptolemy.util.test.junit.AutoTests" name="[49] /home/travis/build/icyphy/ptII/ptolemy/domains/sdf/lib/test/auto/MatrixSplit3.xml (RunModel)" time="0.013" />
  <testcase classname="ptolemy.util.test.junit.AutoTests" name="[50] /home/travis/build/icyphy/ptII/ptolemy/domains/sdf/lib/test/auto/MatrixSplit4.xml (RunModel)" time="0.017" />
  <testcase classname="ptolemy.util.test.junit.AutoTests" name="[51] /home/travis/build/icyphy/ptII/ptolemy/domains/sdf/lib/test/auto/MatrixSplit5.xml (RunModel)" time="0.019" />
  <testcase classname="ptolemy.util.test.junit.AutoTests" name="[52] /home/travis/build/icyphy/ptII/ptolemy/domains/sdf/lib/test/auto/MatrixSplit6.xml (RunModel)" time="0.015" />
  <testcase classname="ptolemy.util.test.junit.AutoTests" name="[53] /home/travis/build/icyphy/ptII/ptolemy/domains/sdf/lib/test/auto/MatrixSplit7.xml (RunModel)" time="0.012" />
  <testcase classname="ptolemy.util.test.junit.AutoTests" name="[54] /home/travis/build/icyphy/ptII/ptolemy/domains/sdf/lib/test/auto/MatrixSplit8.xml (RunModel)" time="0.013" />
  <testcase classname="ptolemy.util.test.junit.AutoTests" name="[55] /home/travis/build/icyphy/ptII/ptolemy/domains/sdf/lib/test/auto/MatrixSplit9.xml (RunModel)" time="0.023" />
  <testcase classname="ptolemy.util.test.junit.AutoTests" name="[56] /home/travis/build/icyphy/ptII/ptolemy/domains/sdf/lib/test/auto/MatrixToSequence.xml (RunModel)" time="0.039" />
  <testcase classname="ptolemy.util.test.junit.AutoTests" name="[57] /home/travis/build/icyphy/ptII/ptolemy/domains/sdf/lib/test/auto/MaximumEntropySpectrum.xml (RunModel)" time="0.075" />
  <testcase classname="ptolemy.util.test.junit.AutoTests" name="[58] /home/travis/build/icyphy/ptII/ptolemy/domains/sdf/lib/test/auto/SampleDelayConversion.xml (RunModel)" time="0.017" />
  <testcase classname="ptolemy.util.test.junit.AutoTests" name="[59] /home/travis/build/icyphy/ptII/ptolemy/domains/sdf/lib/test/auto/SequenceToArray.xml (RunModel)" time="0.039" />
  <testcase classname="ptolemy.util.test.junit.AutoTests" name="[60] /home/travis/build/icyphy/ptII/ptolemy/domains/sdf/lib/test/auto/SequenceToMatrix.xml (RunModel)" time="3.185" />
  <testcase classname="ptolemy.util.test.junit.AutoTests" name="[61] /home/travis/build/icyphy/ptII/ptolemy/domains/sdf/lib/test/auto/SmoothedPeriodogram.xml (RunModel)" time="0.05" />
  <testcase classname="ptolemy.util.test.junit.AutoTests" name="[62] /home/travis/build/icyphy/ptII/ptolemy/domains/sdf/lib/test/auto/UpDownSample1.xml (RunModel)" time="0.013" />
  <testcase classname="ptolemy.util.test.junit.AutoTests" name="[63] /home/travis/build/icyphy/ptII/ptolemy/domains/sdf/lib/test/auto/UpSample1.xml (RunModel)" time="0.018" />
  <testcase classname="ptolemy.util.test.junit.AutoTests" name="[64] /home/travis/build/icyphy/ptII/ptolemy/domains/sdf/lib/test/auto/VariableFIR.xml (RunModel)" time="0.023" />
  <testcase classname="ptolemy.util.test.junit.AutoTests" name="[65] /home/travis/build/icyphy/ptII/ptolemy/domains/sdf/lib/test/auto/VariableFIR2.xml (RunModel)" time="0.024" />
  <testcase classname="ptolemy.util.test.junit.AutoTests" name="[66] /home/travis/build/icyphy/ptII/ptolemy/domains/sdf/lib/test/auto/VariableLattice.xml (RunModel)" time="0.04" />
  <testcase classname="ptolemy.util.test.junit.AutoTests" name="[67] /home/travis/build/icyphy/ptII/ptolemy/domains/sdf/lib/test/auto/VariableLattice2.xml (RunModel)" time="0.022" />
  <testcase classname="ptolemy.util.test.junit.AutoTests" name="[68] /home/travis/build/icyphy/ptII/ptolemy/domains/sdf/lib/test/auto/VariableRecursiveLattice.xml (RunModel)" time="0.017" />
  <testcase classname="ptolemy.util.test.junit.AutoTests" name="[69] /home/travis/build/icyphy/ptII/ptolemy/domains/sdf/lib/test/auto/VariableRecursiveLattice2.xml (RunModel)" time="0.014" />
  <system-out><![CDATA[/home/travis/build/icyphy/ptII/ptolemy/domains/sdf/lib/test/ArrayToSequence.tcl
testDefs.tcl: setting time out to 9000 seconds at Fri May 15 14:53:20 UTC 2020
72 ms. Memory: 129024K Free: 94152K (73%)
19 ms. Memory: 129024K Free: 92104K (71%)
11 ms. Memory: 129024K Free: 90056K (70%)
11 ms. Memory: 129024K Free: 88518K (69%)
/home/travis/build/icyphy/ptII/ptolemy/domains/sdf/lib/test/BitsToInt.tcl
10 ms. Memory: 129024K Free: 86984K (67%)
8 ms. Memory: 129024K Free: 84936K (66%)
/home/travis/build/icyphy/ptII/ptolemy/domains/sdf/lib/test/DelayLine.tcl
7 ms. Memory: 129024K Free: 83383K (65%)
/home/travis/build/icyphy/ptII/ptolemy/domains/sdf/lib/test/FFT.tcl
9 ms. Memory: 129024K Free: 81350K (63%)
/home/travis/build/icyphy/ptII/ptolemy/domains/sdf/lib/test/FIR.tcl
11 ms. Memory: 129024K Free: 79816K (62%)
55 ms. Memory: 129024K Free: 75720K (59%)
ptolemy.kernel.util.IllegalActionException: multiplyReverse method not supported between ptolemy.data.FixToken 'fix(-0.0625,6,2)' and ptolemy.data.IntToken '1' because the types are incomparable.
  in .top.FIRclone
Because:
multiplyReverse method not supported between ptolemy.data.FixToken 'fix(-0.0625,6,2)' and ptolemy.data.IntToken '1' because the types are incomparable.
24 ms. Memory: 129024K Free: 73158K (57%)
/home/travis/build/icyphy/ptII/ptolemy/domains/sdf/lib/test/IntToBits.tcl
5 ms. Memory: 129024K Free: 71624K (56%)
5 ms. Memory: 129024K Free: 70086K (54%)
/home/travis/build/icyphy/ptII/ptolemy/domains/sdf/lib/test/MaximumEntropySpectrum.tcl
/home/travis/build/icyphy/ptII/ptolemy/domains/sdf/lib/test/Repeat.tcl
10 ms. Memory: 129024K Free: 48567K (38%)
/home/travis/build/icyphy/ptII/ptolemy/domains/sdf/lib/test/SampleDelay.tcl
4 ms. Memory: 129024K Free: 113116K (88%)
3 ms. Memory: 129024K Free: 112062K (87%)
3 ms. Memory: 129024K Free: 111076K (86%)
3 ms. Memory: 129024K Free: 110579K (86%)
3 ms. Memory: 129024K Free: 110038K (85%)
1 ms. Memory: 129024K Free: 109541K (85%)
/home/travis/build/icyphy/ptII/ptolemy/domains/sdf/lib/test/SequenceToArray.tcl
5 ms. Memory: 129024K Free: 107990K (84%)
5 ms. Memory: 129024K Free: 106980K (83%)
6 ms. Memory: 129024K Free: 105445K (82%)
10 ms. Memory: 129024K Free: 104413K (81%)
05/15/20 02:53:21
Failed: 0  Total Tests: 41  ((Passed: 41, Newly Passed: 0)  Known Failed: 0) /home/travis/build/icyphy/ptII/ptolemy/domains/sdf/lib/test
No auto/knownFailedTests/*.xml tests in /home/travis/build/icyphy/ptII/ptolemy/domains/sdf/lib/test
No auto/linux-amd64/*.xml tests in /home/travis/build/icyphy/ptII/ptolemy/domains/sdf/lib/test
AutoTests.java: About to close Vertx.
AutoTests.java: Vertx closed.

===========================================================================================
----------------- testing Fri May 15 14:53:21 UTC 2020 /home/travis/build/icyphy/ptII/ptolemy/domains/sdf/lib/test/auto/ArrayToSequence.xml
----------------- Instantiating /home/travis/build/icyphy/ptII/ptolemy/domains/sdf/lib/test/auto/ArrayToSequence.xml
62 ms. Memory: 129024K Free: 92258K (72%)
----------------- Invoking toplevel() on ptolemy.moml.MoMLSimpleApplication@3b4086c0
----------------- Done invoking toplevel() on ptolemy.moml.MoMLSimpleApplication@3b4086c0
reloadAllAccessors: .ArrayToSequence

===========================================================================================
----------------- testing Fri May 15 14:53:22 UTC 2020 /home/travis/build/icyphy/ptII/ptolemy/domains/sdf/lib/test/auto/ArrayToSequenceTest.xml
----------------- Instantiating /home/travis/build/icyphy/ptII/ptolemy/domains/sdf/lib/test/auto/ArrayToSequenceTest.xml
33 ms. Memory: 129024K Free: 85696K (66%)
----------------- Invoking toplevel() on ptolemy.moml.MoMLSimpleApplication@568852d1
----------------- Done invoking toplevel() on ptolemy.moml.MoMLSimpleApplication@568852d1
reloadAllAccessors: .ArrayToSequenceTest

===========================================================================================
----------------- testing Fri May 15 14:53:22 UTC 2020 /home/travis/build/icyphy/ptII/ptolemy/domains/sdf/lib/test/auto/Autocorrelation.xml
----------------- Instantiating /home/travis/build/icyphy/ptII/ptolemy/domains/sdf/lib/test/auto/Autocorrelation.xml
5 ms. Memory: 129024K Free: 109796K (85%)
----------------- Invoking toplevel() on ptolemy.moml.MoMLSimpleApplication@1318a4bb
----------------- Done invoking toplevel() on ptolemy.moml.MoMLSimpleApplication@1318a4bb
reloadAllAccessors: .Autocorrelation

===========================================================================================
----------------- testing Fri May 15 14:53:22 UTC 2020 /home/travis/build/icyphy/ptII/ptolemy/domains/sdf/lib/test/auto/Autocorrelation2.xml
----------------- Instantiating /home/travis/build/icyphy/ptII/ptolemy/domains/sdf/lib/test/auto/Autocorrelation2.xml
7 ms. Memory: 129024K Free: 105146K (81%)
----------------- Invoking toplevel() on ptolemy.moml.MoMLSimpleApplication@1bef1ec8
----------------- Done invoking toplevel() on ptolemy.moml.MoMLSimpleApplication@1bef1ec8
reloadAllAccessors: .Autocorrelation2

===========================================================================================
----------------- testing Fri May 15 14:53:22 UTC 2020 /home/travis/build/icyphy/ptII/ptolemy/domains/sdf/lib/test/auto/Autocorrelation3.xml
----------------- Instantiating /home/travis/build/icyphy/ptII/ptolemy/domains/sdf/lib/test/auto/Autocorrelation3.xml
3 ms. Memory: 129024K Free: 101634K (79%)
----------------- Invoking toplevel() on ptolemy.moml.MoMLSimpleApplication@3c2ae879
----------------- Done invoking toplevel() on ptolemy.moml.MoMLSimpleApplication@3c2ae879
reloadAllAccessors: .Autocorrelation3

===========================================================================================
----------------- testing Fri May 15 14:53:22 UTC 2020 /home/travis/build/icyphy/ptII/ptolemy/domains/sdf/lib/test/auto/Autocorrelation4.xml
----------------- Instantiating /home/travis/build/icyphy/ptII/ptolemy/domains/sdf/lib/test/auto/Autocorrelation4.xml
3 ms. Memory: 129024K Free: 97241K (75%)
----------------- Invoking toplevel() on ptolemy.moml.MoMLSimpleApplication@1bc01af3
----------------- Done invoking toplevel() on ptolemy.moml.MoMLSimpleApplication@1bc01af3
reloadAllAccessors: .Autocorrelation4

===========================================================================================
----------------- testing Fri May 15 14:53:22 UTC 2020 /home/travis/build/icyphy/ptII/ptolemy/domains/sdf/lib/test/auto/Autocorrelation5.xml
----------------- Instantiating /home/travis/build/icyphy/ptII/ptolemy/domains/sdf/lib/test/auto/Autocorrelation5.xml
48 ms. Memory: 129024K Free: 90646K (70%)
----------------- Invoking toplevel() on ptolemy.moml.MoMLSimpleApplication@134dcadc
----------------- Done invoking toplevel() on ptolemy.moml.MoMLSimpleApplication@134dcadc
reloadAllAccessors: .Autocorrelation5

===========================================================================================
----------------- testing Fri May 15 14:53:22 UTC 2020 /home/travis/build/icyphy/ptII/ptolemy/domains/sdf/lib/test/auto/BitsToInt.xml
----------------- Instantiating /home/travis/build/icyphy/ptII/ptolemy/domains/sdf/lib/test/auto/BitsToInt.xml
2 ms. Memory: 129024K Free: 87259K (68%)
----------------- Invoking toplevel() on ptolemy.moml.MoMLSimpleApplication@871167b
----------------- Done invoking toplevel() on ptolemy.moml.MoMLSimpleApplication@871167b
reloadAllAccessors: .BitsToInt

===========================================================================================
----------------- testing Fri May 15 14:53:22 UTC 2020 /home/travis/build/icyphy/ptII/ptolemy/domains/sdf/lib/test/auto/BooleanJoin.xml
----------------- Instantiating /home/travis/build/icyphy/ptII/ptolemy/domains/sdf/lib/test/auto/BooleanJoin.xml
6 ms. Memory: 129024K Free: 83163K (64%)
----------------- Invoking toplevel() on ptolemy.moml.MoMLSimpleApplication@7a00facd
----------------- Done invoking toplevel() on ptolemy.moml.MoMLSimpleApplication@7a00facd
reloadAllAccessors: .BooleanJoin

===========================================================================================
----------------- testing Fri May 15 14:53:22 UTC 2020 /home/travis/build/icyphy/ptII/ptolemy/domains/sdf/lib/test/auto/BootstrapSampleDelay.xml
----------------- Instantiating /home/travis/build/icyphy/ptII/ptolemy/domains/sdf/lib/test/auto/BootstrapSampleDelay.xml
22 ms. Memory: 129024K Free: 79588K (62%)
----------------- Invoking toplevel() on ptolemy.moml.MoMLSimpleApplication@4a9b96aa
----------------- Done invoking toplevel() on ptolemy.moml.MoMLSimpleApplication@4a9b96aa
reloadAllAccessors: .BootstrapSampleDelay

===========================================================================================
----------------- testing Fri May 15 14:53:22 UTC 2020 /home/travis/build/icyphy/ptII/ptolemy/domains/sdf/lib/test/auto/Chop.xml
----------------- Instantiating /home/travis/build/icyphy/ptII/ptolemy/domains/sdf/lib/test/auto/Chop.xml
9 ms. Memory: 174080K Free: 157393K (90%)
----------------- Invoking toplevel() on ptolemy.moml.MoMLSimpleApplication@4922cc6f
----------------- Done invoking toplevel() on ptolemy.moml.MoMLSimpleApplication@4922cc6f
reloadAllAccessors: .Chop

===========================================================================================
----------------- testing Fri May 15 14:53:22 UTC 2020 /home/travis/build/icyphy/ptII/ptolemy/domains/sdf/lib/test/auto/Chop2.xml
----------------- Instantiating /home/travis/build/icyphy/ptII/ptolemy/domains/sdf/lib/test/auto/Chop2.xml
4 ms. Memory: 174080K Free: 150227K (86%)
----------------- Invoking toplevel() on ptolemy.moml.MoMLSimpleApplication@43e4da5e
----------------- Done invoking toplevel() on ptolemy.moml.MoMLSimpleApplication@43e4da5e
reloadAllAccessors: .Chop2

===========================================================================================
----------------- testing Fri May 15 14:53:22 UTC 2020 /home/travis/build/icyphy/ptII/ptolemy/domains/sdf/lib/test/auto/ComplexJoin.xml
----------------- Instantiating /home/travis/build/icyphy/ptII/ptolemy/domains/sdf/lib/test/auto/ComplexJoin.xml
3 ms. Memory: 174080K Free: 145895K (84%)
----------------- Invoking toplevel() on ptolemy.moml.MoMLSimpleApplication@6265ca77
----------------- Done invoking toplevel() on ptolemy.moml.MoMLSimpleApplication@6265ca77
reloadAllAccessors: .ComplexJoin

===========================================================================================
----------------- testing Fri May 15 14:53:22 UTC 2020 /home/travis/build/icyphy/ptII/ptolemy/domains/sdf/lib/test/auto/CountTrues.xml
----------------- Instantiating /home/travis/build/icyphy/ptII/ptolemy/domains/sdf/lib/test/auto/CountTrues.xml
4 ms. Memory: 174080K Free: 142431K (82%)
----------------- Invoking toplevel() on ptolemy.moml.MoMLSimpleApplication@7f6560f1
----------------- Done invoking toplevel() on ptolemy.moml.MoMLSimpleApplication@7f6560f1
reloadAllAccessors: .CountTrues

===========================================================================================
----------------- testing Fri May 15 14:53:22 UTC 2020 /home/travis/build/icyphy/ptII/ptolemy/domains/sdf/lib/test/auto/DelayLine.xml
----------------- Instantiating /home/travis/build/icyphy/ptII/ptolemy/domains/sdf/lib/test/auto/DelayLine.xml
9 ms. Memory: 174080K Free: 137319K (79%)
----------------- Invoking toplevel() on ptolemy.moml.MoMLSimpleApplication@4af78050
----------------- Done invoking toplevel() on ptolemy.moml.MoMLSimpleApplication@4af78050
reloadAllAccessors: .DelayLine

===========================================================================================
----------------- testing Fri May 15 14:53:22 UTC 2020 /home/travis/build/icyphy/ptII/ptolemy/domains/sdf/lib/test/auto/DotProduct.xml
----------------- Instantiating /home/travis/build/icyphy/ptII/ptolemy/domains/sdf/lib/test/auto/DotProduct.xml
2 ms. Memory: 174080K Free: 133865K (77%)
----------------- Invoking toplevel() on ptolemy.moml.MoMLSimpleApplication@87e3671
----------------- Done invoking toplevel() on ptolemy.moml.MoMLSimpleApplication@87e3671
reloadAllAccessors: .DotProduct

===========================================================================================
----------------- testing Fri May 15 14:53:22 UTC 2020 /home/travis/build/icyphy/ptII/ptolemy/domains/sdf/lib/test/auto/DotProductMatrix.xml
----------------- Instantiating /home/travis/build/icyphy/ptII/ptolemy/domains/sdf/lib/test/auto/DotProductMatrix.xml
2 ms. Memory: 174080K Free: 131153K (75%)
----------------- Invoking toplevel() on ptolemy.moml.MoMLSimpleApplication@78f30d5b
----------------- Done invoking toplevel() on ptolemy.moml.MoMLSimpleApplication@78f30d5b
reloadAllAccessors: .DotProductMatrix

===========================================================================================
----------------- testing Fri May 15 14:53:22 UTC 2020 /home/travis/build/icyphy/ptII/ptolemy/domains/sdf/lib/test/auto/DownSample1.xml
----------------- Instantiating /home/travis/build/icyphy/ptII/ptolemy/domains/sdf/lib/test/auto/DownSample1.xml
4 ms. Memory: 174080K Free: 128089K (74%)
----------------- Invoking toplevel() on ptolemy.moml.MoMLSimpleApplication@65f3c1ff
----------------- Done invoking toplevel() on ptolemy.moml.MoMLSimpleApplication@65f3c1ff
reloadAllAccessors: .DownSample1

===========================================================================================
----------------- testing Fri May 15 14:53:22 UTC 2020 /home/travis/build/icyphy/ptII/ptolemy/domains/sdf/lib/test/auto/DynamicRateChange.xml
----------------- Instantiating /home/travis/build/icyphy/ptII/ptolemy/domains/sdf/lib/test/auto/DynamicRateChange.xml
14 ms. Memory: 174080K Free: 121959K (70%)
----------------- Invoking toplevel() on ptolemy.moml.MoMLSimpleApplication@2d645124
----------------- Done invoking toplevel() on ptolemy.moml.MoMLSimpleApplication@2d645124
reloadAllAccessors: .DynamicRateChange

===========================================================================================
----------------- testing Fri May 15 14:53:22 UTC 2020 /home/travis/build/icyphy/ptII/ptolemy/domains/sdf/lib/test/auto/DynamicRates.xml
----------------- Instantiating /home/travis/build/icyphy/ptII/ptolemy/domains/sdf/lib/test/auto/DynamicRates.xml
11 ms. Memory: 174080K Free: 117456K (67%)
----------------- Invoking toplevel() on ptolemy.moml.MoMLSimpleApplication@198d80b7
----------------- Done invoking toplevel() on ptolemy.moml.MoMLSimpleApplication@198d80b7
reloadAllAccessors: .DynamicRates

===========================================================================================
----------------- testing Fri May 15 14:53:23 UTC 2020 /home/travis/build/icyphy/ptII/ptolemy/domains/sdf/lib/test/auto/FFT1.xml
----------------- Instantiating /home/travis/build/icyphy/ptII/ptolemy/domains/sdf/lib/test/auto/FFT1.xml
11 ms. Memory: 174080K Free: 113127K (65%)
----------------- Invoking toplevel() on ptolemy.moml.MoMLSimpleApplication@60ac3757
----------------- Done invoking toplevel() on ptolemy.moml.MoMLSimpleApplication@60ac3757
reloadAllAccessors: .FFT1

===========================================================================================
----------------- testing Fri May 15 14:53:23 UTC 2020 /home/travis/build/icyphy/ptII/ptolemy/domains/sdf/lib/test/auto/FIR1.xml
----------------- Instantiating /home/travis/build/icyphy/ptII/ptolemy/domains/sdf/lib/test/auto/FIR1.xml
21 ms. Memory: 174080K Free: 106230K (61%)
----------------- Invoking toplevel() on ptolemy.moml.MoMLSimpleApplication@613b72a8
----------------- Done invoking toplevel() on ptolemy.moml.MoMLSimpleApplication@613b72a8
reloadAllAccessors: .FIR1

===========================================================================================
----------------- testing Fri May 15 14:53:23 UTC 2020 /home/travis/build/icyphy/ptII/ptolemy/domains/sdf/lib/test/auto/FIR2.xml
----------------- Instantiating /home/travis/build/icyphy/ptII/ptolemy/domains/sdf/lib/test/auto/FIR2.xml
2 ms. Memory: 174080K Free: 102887K (59%)
----------------- Invoking toplevel() on ptolemy.moml.MoMLSimpleApplication@5a13e13b
----------------- Done invoking toplevel() on ptolemy.moml.MoMLSimpleApplication@5a13e13b
reloadAllAccessors: .FIR2

===========================================================================================
----------------- testing Fri May 15 14:53:23 UTC 2020 /home/travis/build/icyphy/ptII/ptolemy/domains/sdf/lib/test/auto/FIR4.xml
----------------- Instantiating /home/travis/build/icyphy/ptII/ptolemy/domains/sdf/lib/test/auto/FIR4.xml
4 ms. Memory: 174080K Free: 151840K (87%)
----------------- Invoking toplevel() on ptolemy.moml.MoMLSimpleApplication@4e1a7adc
----------------- Done invoking toplevel() on ptolemy.moml.MoMLSimpleApplication@4e1a7adc
reloadAllAccessors: .FIR4

===========================================================================================
----------------- testing Fri May 15 14:53:23 UTC 2020 /home/travis/build/icyphy/ptII/ptolemy/domains/sdf/lib/test/auto/FixJoin.xml
----------------- Instantiating /home/travis/build/icyphy/ptII/ptolemy/domains/sdf/lib/test/auto/FixJoin.xml
9 ms. Memory: 174080K Free: 146729K (84%)
----------------- Invoking toplevel() on ptolemy.moml.MoMLSimpleApplication@58af79de
----------------- Done invoking toplevel() on ptolemy.moml.MoMLSimpleApplication@58af79de
reloadAllAccessors: .FixJoin

===========================================================================================
----------------- testing Fri May 15 14:53:23 UTC 2020 /home/travis/build/icyphy/ptII/ptolemy/domains/sdf/lib/test/auto/IntJoin1.xml
----------------- Instantiating /home/travis/build/icyphy/ptII/ptolemy/domains/sdf/lib/test/auto/IntJoin1.xml
3 ms. Memory: 174080K Free: 142649K (82%)
----------------- Invoking toplevel() on ptolemy.moml.MoMLSimpleApplication@77eac668
----------------- Done invoking toplevel() on ptolemy.moml.MoMLSimpleApplication@77eac668
reloadAllAccessors: .IntJoin1

===========================================================================================
----------------- testing Fri May 15 14:53:23 UTC 2020 /home/travis/build/icyphy/ptII/ptolemy/domains/sdf/lib/test/auto/IntJoin2.xml
----------------- Instantiating /home/travis/build/icyphy/ptII/ptolemy/domains/sdf/lib/test/auto/IntJoin2.xml
5 ms. Memory: 174080K Free: 138013K (79%)
----------------- Invoking toplevel() on ptolemy.moml.MoMLSimpleApplication@2bb41c9d
----------------- Done invoking toplevel() on ptolemy.moml.MoMLSimpleApplication@2bb41c9d
reloadAllAccessors: .IntJoin2

===========================================================================================
----------------- testing Fri May 15 14:53:23 UTC 2020 /home/travis/build/icyphy/ptII/ptolemy/domains/sdf/lib/test/auto/IntJoin3.xml
----------------- Instantiating /home/travis/build/icyphy/ptII/ptolemy/domains/sdf/lib/test/auto/IntJoin3.xml
6 ms. Memory: 174080K Free: 133938K (77%)
----------------- Invoking toplevel() on ptolemy.moml.MoMLSimpleApplication@6a4636bf
----------------- Done invoking toplevel() on ptolemy.moml.MoMLSimpleApplication@6a4636bf
reloadAllAccessors: .IntJoin3

===========================================================================================
----------------- testing Fri May 15 14:53:23 UTC 2020 /home/travis/build/icyphy/ptII/ptolemy/domains/sdf/lib/test/auto/IntJoin4.xml
----------------- Instantiating /home/travis/build/icyphy/ptII/ptolemy/domains/sdf/lib/test/auto/IntJoin4.xml
2 ms. Memory: 174080K Free: 129329K (74%)
----------------- Invoking toplevel() on ptolemy.moml.MoMLSimpleApplication@e5d9d5b
----------------- Done invoking toplevel() on ptolemy.moml.MoMLSimpleApplication@e5d9d5b
reloadAllAccessors: .IntJoin4

===========================================================================================
----------------- testing Fri May 15 14:53:23 UTC 2020 /home/travis/build/icyphy/ptII/ptolemy/domains/sdf/lib/test/auto/IntJoin5.xml
----------------- Instantiating /home/travis/build/icyphy/ptII/ptolemy/domains/sdf/lib/test/auto/IntJoin5.xml
4 ms. Memory: 174080K Free: 125233K (72%)
----------------- Invoking toplevel() on ptolemy.moml.MoMLSimpleApplication@318ec7d9
----------------- Done invoking toplevel() on ptolemy.moml.MoMLSimpleApplication@318ec7d9
reloadAllAccessors: .IntJoin5

===========================================================================================
----------------- testing Fri May 15 14:53:23 UTC 2020 /home/travis/build/icyphy/ptII/ptolemy/domains/sdf/lib/test/auto/IntToBits.xml
----------------- Instantiating /home/travis/build/icyphy/ptII/ptolemy/domains/sdf/lib/test/auto/IntToBits.xml
2 ms. Memory: 174080K Free: 122144K (70%)
----------------- Invoking toplevel() on ptolemy.moml.MoMLSimpleApplication@14fb25c0
----------------- Done invoking toplevel() on ptolemy.moml.MoMLSimpleApplication@14fb25c0
reloadAllAccessors: .IntToBits

===========================================================================================
----------------- testing Fri May 15 14:53:23 UTC 2020 /home/travis/build/icyphy/ptII/ptolemy/domains/sdf/lib/test/auto/LMSAdaptive.xml
----------------- Instantiating /home/travis/build/icyphy/ptII/ptolemy/domains/sdf/lib/test/auto/LMSAdaptive.xml
6 ms. Memory: 174080K Free: 113983K (65%)
----------------- Invoking toplevel() on ptolemy.moml.MoMLSimpleApplication@690829c3
----------------- Done invoking toplevel() on ptolemy.moml.MoMLSimpleApplication@690829c3
reloadAllAccessors: .LMSAdaptive

===========================================================================================
----------------- testing Fri May 15 14:53:23 UTC 2020 /home/travis/build/icyphy/ptII/ptolemy/domains/sdf/lib/test/auto/LMSAdaptiveFIR.xml
----------------- Instantiating /home/travis/build/icyphy/ptII/ptolemy/domains/sdf/lib/test/auto/LMSAdaptiveFIR.xml
225 ms. Memory: 174080K Free: 151986K (87%)
----------------- Invoking toplevel() on ptolemy.moml.MoMLSimpleApplication@625b8e16
----------------- Done invoking toplevel() on ptolemy.moml.MoMLSimpleApplication@625b8e16
reloadAllAccessors: .LMSAdaptiveFIR

===========================================================================================
----------------- testing Fri May 15 14:53:23 UTC 2020 /home/travis/build/icyphy/ptII/ptolemy/domains/sdf/lib/test/auto/LMSAdaptiveFIR2.xml
----------------- Instantiating /home/travis/build/icyphy/ptII/ptolemy/domains/sdf/lib/test/auto/LMSAdaptiveFIR2.xml
341 ms. Memory: 174080K Free: 93575K (54%)
----------------- Invoking toplevel() on ptolemy.moml.MoMLSimpleApplication@14fc953e
----------------- Done invoking toplevel() on ptolemy.moml.MoMLSimpleApplication@14fc953e
reloadAllAccessors: .LMSAdaptiveFIR2

===========================================================================================
----------------- testing Fri May 15 14:53:24 UTC 2020 /home/travis/build/icyphy/ptII/ptolemy/domains/sdf/lib/test/auto/LongJoin.xml
----------------- Instantiating /home/travis/build/icyphy/ptII/ptolemy/domains/sdf/lib/test/auto/LongJoin.xml
3 ms. Memory: 174080K Free: 88965K (51%)
----------------- Invoking toplevel() on ptolemy.moml.MoMLSimpleApplication@41a672fb
----------------- Done invoking toplevel() on ptolemy.moml.MoMLSimpleApplication@41a672fb
reloadAllAccessors: .LongJoin

===========================================================================================
----------------- testing Fri May 15 14:53:24 UTC 2020 /home/travis/build/icyphy/ptII/ptolemy/domains/sdf/lib/test/auto/Matrix1.xml
----------------- Instantiating /home/travis/build/icyphy/ptII/ptolemy/domains/sdf/lib/test/auto/Matrix1.xml
8 ms. Memory: 174080K Free: 85383K (49%)
----------------- Invoking toplevel() on ptolemy.moml.MoMLSimpleApplication@2caddd9d
----------------- Done invoking toplevel() on ptolemy.moml.MoMLSimpleApplication@2caddd9d
reloadAllAccessors: .Matrix1

===========================================================================================
----------------- testing Fri May 15 14:53:24 UTC 2020 /home/travis/build/icyphy/ptII/ptolemy/domains/sdf/lib/test/auto/Matrix2.xml
----------------- Instantiating /home/travis/build/icyphy/ptII/ptolemy/domains/sdf/lib/test/auto/Matrix2.xml
9 ms. Memory: 174080K Free: 81287K (47%)
----------------- Invoking toplevel() on ptolemy.moml.MoMLSimpleApplication@7a579ab8
----------------- Done invoking toplevel() on ptolemy.moml.MoMLSimpleApplication@7a579ab8
reloadAllAccessors: .Matrix2

===========================================================================================
----------------- testing Fri May 15 14:53:24 UTC 2020 /home/travis/build/icyphy/ptII/ptolemy/domains/sdf/lib/test/auto/MatrixJoin1.xml
----------------- Instantiating /home/travis/build/icyphy/ptII/ptolemy/domains/sdf/lib/test/auto/MatrixJoin1.xml
2 ms. Memory: 174080K Free: 76677K (44%)
----------------- Invoking toplevel() on ptolemy.moml.MoMLSimpleApplication@35d90939
----------------- Done invoking toplevel() on ptolemy.moml.MoMLSimpleApplication@35d90939
reloadAllAccessors: .MatrixJoin1

===========================================================================================
----------------- testing Fri May 15 14:53:24 UTC 2020 /home/travis/build/icyphy/ptII/ptolemy/domains/sdf/lib/test/auto/MatrixJoin2.xml
----------------- Instantiating /home/travis/build/icyphy/ptII/ptolemy/domains/sdf/lib/test/auto/MatrixJoin2.xml
3 ms. Memory: 174080K Free: 72581K (42%)
----------------- Invoking toplevel() on ptolemy.moml.MoMLSimpleApplication@538c72a
----------------- Done invoking toplevel() on ptolemy.moml.MoMLSimpleApplication@538c72a
reloadAllAccessors: .MatrixJoin2

===========================================================================================
----------------- testing Fri May 15 14:53:24 UTC 2020 /home/travis/build/icyphy/ptII/ptolemy/domains/sdf/lib/test/auto/MatrixJoin3.xml
----------------- Instantiating /home/travis/build/icyphy/ptII/ptolemy/domains/sdf/lib/test/auto/MatrixJoin3.xml
4 ms. Memory: 174080K Free: 154946K (89%)
----------------- Invoking toplevel() on ptolemy.moml.MoMLSimpleApplication@1b4ae23a
----------------- Done invoking toplevel() on ptolemy.moml.MoMLSimpleApplication@1b4ae23a
reloadAllAccessors: .MatrixJoin3

===========================================================================================
----------------- testing Fri May 15 14:53:24 UTC 2020 /home/travis/build/icyphy/ptII/ptolemy/domains/sdf/lib/test/auto/MatrixJoin4.xml
----------------- Instantiating /home/travis/build/icyphy/ptII/ptolemy/domains/sdf/lib/test/auto/MatrixJoin4.xml
2 ms. Memory: 174080K Free: 150644K (87%)
----------------- Invoking toplevel() on ptolemy.moml.MoMLSimpleApplication@685551c1
----------------- Done invoking toplevel() on ptolemy.moml.MoMLSimpleApplication@685551c1
reloadAllAccessors: .MatrixJoin4

===========================================================================================
----------------- testing Fri May 15 14:53:24 UTC 2020 /home/travis/build/icyphy/ptII/ptolemy/domains/sdf/lib/test/auto/MatrixJoin5.xml
----------------- Instantiating /home/travis/build/icyphy/ptII/ptolemy/domains/sdf/lib/test/auto/MatrixJoin5.xml
2 ms. Memory: 174080K Free: 146548K (84%)
----------------- Invoking toplevel() on ptolemy.moml.MoMLSimpleApplication@2998fd2d
----------------- Done invoking toplevel() on ptolemy.moml.MoMLSimpleApplication@2998fd2d
reloadAllAccessors: .MatrixJoin5

===========================================================================================
----------------- testing Fri May 15 14:53:24 UTC 2020 /home/travis/build/icyphy/ptII/ptolemy/domains/sdf/lib/test/auto/MatrixSplit1.xml
----------------- Instantiating /home/travis/build/icyphy/ptII/ptolemy/domains/sdf/lib/test/auto/MatrixSplit1.xml
2 ms. Memory: 174080K Free: 141938K (82%)
----------------- Invoking toplevel() on ptolemy.moml.MoMLSimpleApplication@36ee2a36
----------------- Done invoking toplevel() on ptolemy.moml.MoMLSimpleApplication@36ee2a36
reloadAllAccessors: .MatrixSplit1

===========================================================================================
----------------- testing Fri May 15 14:53:24 UTC 2020 /home/travis/build/icyphy/ptII/ptolemy/domains/sdf/lib/test/auto/MatrixSplit10.xml
----------------- Instantiating /home/travis/build/icyphy/ptII/ptolemy/domains/sdf/lib/test/auto/MatrixSplit10.xml
1 ms. Memory: 174080K Free: 138356K (79%)
----------------- Invoking toplevel() on ptolemy.moml.MoMLSimpleApplication@232c2890
----------------- Done invoking toplevel() on ptolemy.moml.MoMLSimpleApplication@232c2890
reloadAllAccessors: .MatrixSplit10

===========================================================================================
----------------- testing Fri May 15 14:53:24 UTC 2020 /home/travis/build/icyphy/ptII/ptolemy/domains/sdf/lib/test/auto/MatrixSplit11.xml
----------------- Instantiating /home/travis/build/icyphy/ptII/ptolemy/domains/sdf/lib/test/auto/MatrixSplit11.xml
2 ms. Memory: 174080K Free: 134770K (77%)
----------------- Invoking toplevel() on ptolemy.moml.MoMLSimpleApplication@6d65a2c3
----------------- Done invoking toplevel() on ptolemy.moml.MoMLSimpleApplication@6d65a2c3
reloadAllAccessors: .MatrixSplit11

===========================================================================================
----------------- testing Fri May 15 14:53:24 UTC 2020 /home/travis/build/icyphy/ptII/ptolemy/domains/sdf/lib/test/auto/MatrixSplit12.xml
----------------- Instantiating /home/travis/build/icyphy/ptII/ptolemy/domains/sdf/lib/test/auto/MatrixSplit12.xml
2 ms. Memory: 174080K Free: 131188K (75%)
----------------- Invoking toplevel() on ptolemy.moml.MoMLSimpleApplication@75bd5b66
----------------- Done invoking toplevel() on ptolemy.moml.MoMLSimpleApplication@75bd5b66
reloadAllAccessors: .MatrixSplit12

===========================================================================================
----------------- testing Fri May 15 14:53:24 UTC 2020 /home/travis/build/icyphy/ptII/ptolemy/domains/sdf/lib/test/auto/MatrixSplit13.xml
----------------- Instantiating /home/travis/build/icyphy/ptII/ptolemy/domains/sdf/lib/test/auto/MatrixSplit13.xml
5 ms. Memory: 174080K Free: 127602K (73%)
----------------- Invoking toplevel() on ptolemy.moml.MoMLSimpleApplication@69bd9175
----------------- Done invoking toplevel() on ptolemy.moml.MoMLSimpleApplication@69bd9175
reloadAllAccessors: .MatrixSplit13

===========================================================================================
----------------- testing Fri May 15 14:53:24 UTC 2020 /home/travis/build/icyphy/ptII/ptolemy/domains/sdf/lib/test/auto/MatrixSplit14.xml
----------------- Instantiating /home/travis/build/icyphy/ptII/ptolemy/domains/sdf/lib/test/auto/MatrixSplit14.xml
2 ms. Memory: 174080K Free: 124020K (71%)
----------------- Invoking toplevel() on ptolemy.moml.MoMLSimpleApplication@75b0dcb1
----------------- Done invoking toplevel() on ptolemy.moml.MoMLSimpleApplication@75b0dcb1
reloadAllAccessors: .MatrixSplit14

===========================================================================================
----------------- testing Fri May 15 14:53:24 UTC 2020 /home/travis/build/icyphy/ptII/ptolemy/domains/sdf/lib/test/auto/MatrixSplit2.xml
----------------- Instantiating /home/travis/build/icyphy/ptII/ptolemy/domains/sdf/lib/test/auto/MatrixSplit2.xml
2 ms. Memory: 174080K Free: 120434K (69%)
----------------- Invoking toplevel() on ptolemy.moml.MoMLSimpleApplication@3c2b55f
----------------- Done invoking toplevel() on ptolemy.moml.MoMLSimpleApplication@3c2b55f
reloadAllAccessors: .MatrixSplit2

===========================================================================================
----------------- testing Fri May 15 14:53:24 UTC 2020 /home/travis/build/icyphy/ptII/ptolemy/domains/sdf/lib/test/auto/MatrixSplit3.xml
----------------- Instantiating /home/travis/build/icyphy/ptII/ptolemy/domains/sdf/lib/test/auto/MatrixSplit3.xml
2 ms. Memory: 174080K Free: 116852K (67%)
----------------- Invoking toplevel() on ptolemy.moml.MoMLSimpleApplication@2cf98444
----------------- Done invoking toplevel() on ptolemy.moml.MoMLSimpleApplication@2cf98444
reloadAllAccessors: .MatrixSplit3

===========================================================================================
----------------- testing Fri May 15 14:53:24 UTC 2020 /home/travis/build/icyphy/ptII/ptolemy/domains/sdf/lib/test/auto/MatrixSplit4.xml
----------------- Instantiating /home/travis/build/icyphy/ptII/ptolemy/domains/sdf/lib/test/auto/MatrixSplit4.xml
3 ms. Memory: 174080K Free: 113266K (65%)
----------------- Invoking toplevel() on ptolemy.moml.MoMLSimpleApplication@1f0da6bd
----------------- Done invoking toplevel() on ptolemy.moml.MoMLSimpleApplication@1f0da6bd
reloadAllAccessors: .MatrixSplit4

===========================================================================================
----------------- testing Fri May 15 14:53:24 UTC 2020 /home/travis/build/icyphy/ptII/ptolemy/domains/sdf/lib/test/auto/MatrixSplit5.xml
----------------- Instantiating /home/travis/build/icyphy/ptII/ptolemy/domains/sdf/lib/test/auto/MatrixSplit5.xml
7 ms. Memory: 174080K Free: 109684K (63%)
----------------- Invoking toplevel() on ptolemy.moml.MoMLSimpleApplication@4244de6e
----------------- Done invoking toplevel() on ptolemy.moml.MoMLSimpleApplication@4244de6e
reloadAllAccessors: .MatrixSplit5

===========================================================================================
----------------- testing Fri May 15 14:53:24 UTC 2020 /home/travis/build/icyphy/ptII/ptolemy/domains/sdf/lib/test/auto/MatrixSplit6.xml
----------------- Instantiating /home/travis/build/icyphy/ptII/ptolemy/domains/sdf/lib/test/auto/MatrixSplit6.xml
2 ms. Memory: 174080K Free: 106098K (61%)
----------------- Invoking toplevel() on ptolemy.moml.MoMLSimpleApplication@55429498
----------------- Done invoking toplevel() on ptolemy.moml.MoMLSimpleApplication@55429498
reloadAllAccessors: .MatrixSplit6

===========================================================================================
----------------- testing Fri May 15 14:53:24 UTC 2020 /home/travis/build/icyphy/ptII/ptolemy/domains/sdf/lib/test/auto/MatrixSplit7.xml
----------------- Instantiating /home/travis/build/icyphy/ptII/ptolemy/domains/sdf/lib/test/auto/MatrixSplit7.xml
2 ms. Memory: 174080K Free: 102516K (59%)
----------------- Invoking toplevel() on ptolemy.moml.MoMLSimpleApplication@59638282
----------------- Done invoking toplevel() on ptolemy.moml.MoMLSimpleApplication@59638282
reloadAllAccessors: .MatrixSplit7

===========================================================================================
----------------- testing Fri May 15 14:53:24 UTC 2020 /home/travis/build/icyphy/ptII/ptolemy/domains/sdf/lib/test/auto/MatrixSplit8.xml
----------------- Instantiating /home/travis/build/icyphy/ptII/ptolemy/domains/sdf/lib/test/auto/MatrixSplit8.xml
2 ms. Memory: 174080K Free: 98930K (57%)
----------------- Invoking toplevel() on ptolemy.moml.MoMLSimpleApplication@418cfd55
----------------- Done invoking toplevel() on ptolemy.moml.MoMLSimpleApplication@418cfd55
reloadAllAccessors: .MatrixSplit8

===========================================================================================
----------------- testing Fri May 15 14:53:24 UTC 2020 /home/travis/build/icyphy/ptII/ptolemy/domains/sdf/lib/test/auto/MatrixSplit9.xml
----------------- Instantiating /home/travis/build/icyphy/ptII/ptolemy/domains/sdf/lib/test/auto/MatrixSplit9.xml
2 ms. Memory: 174080K Free: 95348K (55%)
----------------- Invoking toplevel() on ptolemy.moml.MoMLSimpleApplication@44ad911f
----------------- Done invoking toplevel() on ptolemy.moml.MoMLSimpleApplication@44ad911f
reloadAllAccessors: .MatrixSplit9

===========================================================================================
----------------- testing Fri May 15 14:53:24 UTC 2020 /home/travis/build/icyphy/ptII/ptolemy/domains/sdf/lib/test/auto/MatrixToSequence.xml
----------------- Instantiating /home/travis/build/icyphy/ptII/ptolemy/domains/sdf/lib/test/auto/MatrixToSequence.xml
10 ms. Memory: 174080K Free: 85572K (49%)
----------------- Invoking toplevel() on ptolemy.moml.MoMLSimpleApplication@52d4660
----------------- Done invoking toplevel() on ptolemy.moml.MoMLSimpleApplication@52d4660
reloadAllAccessors: .MatrixToSequence

===========================================================================================
----------------- testing Fri May 15 14:53:24 UTC 2020 /home/travis/build/icyphy/ptII/ptolemy/domains/sdf/lib/test/auto/MaximumEntropySpectrum.xml
----------------- Instantiating /home/travis/build/icyphy/ptII/ptolemy/domains/sdf/lib/test/auto/MaximumEntropySpectrum.xml
17 ms. Memory: 174080K Free: 64628K (37%)
----------------- Invoking toplevel() on ptolemy.moml.MoMLSimpleApplication@580d595a
----------------- Done invoking toplevel() on ptolemy.moml.MoMLSimpleApplication@580d595a
reloadAllAccessors: .MaximumEntropySpectrum

===========================================================================================
----------------- testing Fri May 15 14:53:24 UTC 2020 /home/travis/build/icyphy/ptII/ptolemy/domains/sdf/lib/test/auto/SampleDelayConversion.xml
----------------- Instantiating /home/travis/build/icyphy/ptII/ptolemy/domains/sdf/lib/test/auto/SampleDelayConversion.xml
2 ms. Memory: 174080K Free: 153884K (88%)
----------------- Invoking toplevel() on ptolemy.moml.MoMLSimpleApplication@2eb8b757
----------------- Done invoking toplevel() on ptolemy.moml.MoMLSimpleApplication@2eb8b757
reloadAllAccessors: .SampleDelayConversion

===========================================================================================
----------------- testing Fri May 15 14:53:24 UTC 2020 /home/travis/build/icyphy/ptII/ptolemy/domains/sdf/lib/test/auto/SequenceToArray.xml
----------------- Instantiating /home/travis/build/icyphy/ptII/ptolemy/domains/sdf/lib/test/auto/SequenceToArray.xml
10 ms. Memory: 174080K Free: 142620K (82%)
----------------- Invoking toplevel() on ptolemy.moml.MoMLSimpleApplication@53a0ec13
----------------- Done invoking toplevel() on ptolemy.moml.MoMLSimpleApplication@53a0ec13
reloadAllAccessors: .SequenceToArray

===========================================================================================
----------------- testing Fri May 15 14:53:24 UTC 2020 /home/travis/build/icyphy/ptII/ptolemy/domains/sdf/lib/test/auto/SequenceToMatrix.xml
----------------- Instantiating /home/travis/build/icyphy/ptII/ptolemy/domains/sdf/lib/test/auto/SequenceToMatrix.xml
3163 ms. Memory: 174080K Free: 94191K (54%)
----------------- Invoking toplevel() on ptolemy.moml.MoMLSimpleApplication@cabea32
----------------- Done invoking toplevel() on ptolemy.moml.MoMLSimpleApplication@cabea32
reloadAllAccessors: .SequenceToMatrix

===========================================================================================
----------------- testing Fri May 15 14:53:27 UTC 2020 /home/travis/build/icyphy/ptII/ptolemy/domains/sdf/lib/test/auto/SmoothedPeriodogram.xml
----------------- Instantiating /home/travis/build/icyphy/ptII/ptolemy/domains/sdf/lib/test/auto/SmoothedPeriodogram.xml
9 ms. Memory: 174080K Free: 78831K (45%)
----------------- Invoking toplevel() on ptolemy.moml.MoMLSimpleApplication@1c36c8fe
----------------- Done invoking toplevel() on ptolemy.moml.MoMLSimpleApplication@1c36c8fe
reloadAllAccessors: .SmoothedPeriodogram

===========================================================================================
----------------- testing Fri May 15 14:53:28 UTC 2020 /home/travis/build/icyphy/ptII/ptolemy/domains/sdf/lib/test/auto/UpDownSample1.xml
----------------- Instantiating /home/travis/build/icyphy/ptII/ptolemy/domains/sdf/lib/test/auto/UpDownSample1.xml
3 ms. Memory: 174080K Free: 74735K (43%)
----------------- Invoking toplevel() on ptolemy.moml.MoMLSimpleApplication@36f9afbb
----------------- Done invoking toplevel() on ptolemy.moml.MoMLSimpleApplication@36f9afbb
reloadAllAccessors: .UpDownSample1

===========================================================================================
----------------- testing Fri May 15 14:53:28 UTC 2020 /home/travis/build/icyphy/ptII/ptolemy/domains/sdf/lib/test/auto/UpSample1.xml
----------------- Instantiating /home/travis/build/icyphy/ptII/ptolemy/domains/sdf/lib/test/auto/UpSample1.xml
2 ms. Memory: 174080K Free: 71149K (41%)
----------------- Invoking toplevel() on ptolemy.moml.MoMLSimpleApplication@25de5047
----------------- Done invoking toplevel() on ptolemy.moml.MoMLSimpleApplication@25de5047
reloadAllAccessors: .UpSample1

===========================================================================================
----------------- testing Fri May 15 14:53:28 UTC 2020 /home/travis/build/icyphy/ptII/ptolemy/domains/sdf/lib/test/auto/VariableFIR.xml
----------------- Instantiating /home/travis/build/icyphy/ptII/ptolemy/domains/sdf/lib/test/auto/VariableFIR.xml
4 ms. Memory: 174080K Free: 66029K (38%)
----------------- Invoking toplevel() on ptolemy.moml.MoMLSimpleApplication@7fb6cc56
----------------- Done invoking toplevel() on ptolemy.moml.MoMLSimpleApplication@7fb6cc56
reloadAllAccessors: .VariableFIR

===========================================================================================
----------------- testing Fri May 15 14:53:28 UTC 2020 /home/travis/build/icyphy/ptII/ptolemy/domains/sdf/lib/test/auto/VariableFIR2.xml
----------------- Instantiating /home/travis/build/icyphy/ptII/ptolemy/domains/sdf/lib/test/auto/VariableFIR2.xml
8 ms. Memory: 174080K Free: 60895K (35%)
----------------- Invoking toplevel() on ptolemy.moml.MoMLSimpleApplication@75c4be9b
----------------- Done invoking toplevel() on ptolemy.moml.MoMLSimpleApplication@75c4be9b
reloadAllAccessors: .VariableFIR2

===========================================================================================
----------------- testing Fri May 15 14:53:28 UTC 2020 /home/travis/build/icyphy/ptII/ptolemy/domains/sdf/lib/test/auto/VariableLattice.xml
----------------- Instantiating /home/travis/build/icyphy/ptII/ptolemy/domains/sdf/lib/test/auto/VariableLattice.xml
15 ms. Memory: 174080K Free: 157480K (90%)
----------------- Invoking toplevel() on ptolemy.moml.MoMLSimpleApplication@54d39893
----------------- Done invoking toplevel() on ptolemy.moml.MoMLSimpleApplication@54d39893
reloadAllAccessors: .VariableLattice

===========================================================================================
----------------- testing Fri May 15 14:53:28 UTC 2020 /home/travis/build/icyphy/ptII/ptolemy/domains/sdf/lib/test/auto/VariableLattice2.xml
----------------- Instantiating /home/travis/build/icyphy/ptII/ptolemy/domains/sdf/lib/test/auto/VariableLattice2.xml
1.0
-1.999999602036
1.9099998677481
-0.9099996420674
0.205
0.0
0.0
1.0
-0.25
-0.5
0.0
0.0
0.0
0.0
7 ms. Memory: 174080K Free: 152623K (88%)
----------------- Invoking toplevel() on ptolemy.moml.MoMLSimpleApplication@77096f1a
----------------- Done invoking toplevel() on ptolemy.moml.MoMLSimpleApplication@77096f1a
reloadAllAccessors: .VariableLattice2

===========================================================================================
----------------- testing Fri May 15 14:53:28 UTC 2020 /home/travis/build/icyphy/ptII/ptolemy/domains/sdf/lib/test/auto/VariableRecursiveLattice.xml
----------------- Instantiating /home/travis/build/icyphy/ptII/ptolemy/domains/sdf/lib/test/auto/VariableRecursiveLattice.xml
3 ms. Memory: 174080K Free: 148013K (85%)
----------------- Invoking toplevel() on ptolemy.moml.MoMLSimpleApplication@5f8ce203
----------------- Done invoking toplevel() on ptolemy.moml.MoMLSimpleApplication@5f8ce203
reloadAllAccessors: .VariableRecursiveLattice

===========================================================================================
----------------- testing Fri May 15 14:53:28 UTC 2020 /home/travis/build/icyphy/ptII/ptolemy/domains/sdf/lib/test/auto/VariableRecursiveLattice2.xml
----------------- Instantiating /home/travis/build/icyphy/ptII/ptolemy/domains/sdf/lib/test/auto/VariableRecursiveLattice2.xml
2 ms. Memory: 174080K Free: 143917K (83%)
----------------- Invoking toplevel() on ptolemy.moml.MoMLSimpleApplication@6af0fc60
----------------- Done invoking toplevel() on ptolemy.moml.MoMLSimpleApplication@6af0fc60
reloadAllAccessors: .VariableRecursiveLattice2
AutoTests.java: About to close Vertx.
AutoTests.java: Vertx closed.
]]></system-out>
  <system-err><![CDATA[]]></system-err>
</testsuite>
