<?xml version="1.0" encoding="UTF-8" ?>
<testsuite errors="0" failures="0" hostname="travis-job-5b6379cf-e597-4e39-a791-81732d11da28" name="ptolemy.domains.continuous.test.junit.JUnitTclTest" skipped="0" tests="156" time="68.222" timestamp="2020-09-10T15:37:49">
  <properties>
[...]
</properties>
  <testcase classname="ptolemy.util.test.junit.TclTests" name="[0] ThereAreNoTclTests (RunTclFile)" time="0.007" />
  <testcase classname="ptolemy.util.test.junit.AutoKnownFailedTests" name="[0] ThereAreNoKnowFailedTests (RunModel)" time="0.001" />
  <testcase classname="ptolemy.util.test.junit.AutoNameArchTests" name="[0] ThereAreNoAutoArchTests (RunModel)" time="0.009" />
  <testcase classname="ptolemy.util.test.junit.AutoTests" name="[0] /home/travis/build/icyphy/ptII/ptolemy/domains/continuous/test/auto/BouncingBall.xml (RunModel)" time="2.999" />
  <testcase classname="ptolemy.util.test.junit.AutoTests" name="[1] /home/travis/build/icyphy/ptII/ptolemy/domains/continuous/test/auto/BouncingBallWithoutGR.xml (RunModel)" time="1.074" />
  <testcase classname="ptolemy.util.test.junit.AutoTests" name="[2] /home/travis/build/icyphy/ptII/ptolemy/domains/continuous/test/auto/Brownian.xml (RunModel)" time="0.061" />
  <testcase classname="ptolemy.util.test.junit.AutoTests" name="[3] /home/travis/build/icyphy/ptII/ptolemy/domains/continuous/test/auto/CarTracking.xml (RunModel)" time="3.805" />
  <testcase classname="ptolemy.util.test.junit.AutoTests" name="[4] /home/travis/build/icyphy/ptII/ptolemy/domains/continuous/test/auto/CartPendulum.xml (RunModel)" time="0.408" />
  <testcase classname="ptolemy.util.test.junit.AutoTests" name="[5] /home/travis/build/icyphy/ptII/ptolemy/domains/continuous/test/auto/CausalityInterface10.xml (RunModel)" time="0.058" />
  <testcase classname="ptolemy.util.test.junit.AutoTests" name="[6] /home/travis/build/icyphy/ptII/ptolemy/domains/continuous/test/auto/CausalityInterface11.xml (RunModel)" time="0.04" />
  <testcase classname="ptolemy.util.test.junit.AutoTests" name="[7] /home/travis/build/icyphy/ptII/ptolemy/domains/continuous/test/auto/CausalityInterface12.xml (RunModel)" time="0.054" />
  <testcase classname="ptolemy.util.test.junit.AutoTests" name="[8] /home/travis/build/icyphy/ptII/ptolemy/domains/continuous/test/auto/CausalityInterface13.xml (RunModel)" time="0.032" />
  <testcase classname="ptolemy.util.test.junit.AutoTests" name="[9] /home/travis/build/icyphy/ptII/ptolemy/domains/continuous/test/auto/CausalityInterface14.xml (RunModel)" time="0.024" />
  <testcase classname="ptolemy.util.test.junit.AutoTests" name="[10] /home/travis/build/icyphy/ptII/ptolemy/domains/continuous/test/auto/CausalityInterface4.xml (RunModel)" time="0.027" />
  <testcase classname="ptolemy.util.test.junit.AutoTests" name="[11] /home/travis/build/icyphy/ptII/ptolemy/domains/continuous/test/auto/CausalityInterface5.xml (RunModel)" time="0.038" />
  <testcase classname="ptolemy.util.test.junit.AutoTests" name="[12] /home/travis/build/icyphy/ptII/ptolemy/domains/continuous/test/auto/CausalityInterface6.xml (RunModel)" time="0.023" />
  <testcase classname="ptolemy.util.test.junit.AutoTests" name="[13] /home/travis/build/icyphy/ptII/ptolemy/domains/continuous/test/auto/CausalityInterface7.xml (RunModel)" time="0.055" />
  <testcase classname="ptolemy.util.test.junit.AutoTests" name="[14] /home/travis/build/icyphy/ptII/ptolemy/domains/continuous/test/auto/CausalityInterface8.xml (RunModel)" time="0.04" />
  <testcase classname="ptolemy.util.test.junit.AutoTests" name="[15] /home/travis/build/icyphy/ptII/ptolemy/domains/continuous/test/auto/CausalityInterface9.xml (RunModel)" time="0.044" />
  <testcase classname="ptolemy.util.test.junit.AutoTests" name="[16] /home/travis/build/icyphy/ptII/ptolemy/domains/continuous/test/auto/CausalityInterfaceFeedback1.xml (RunModel)" time="0.023" />
  <testcase classname="ptolemy.util.test.junit.AutoTests" name="[17] /home/travis/build/icyphy/ptII/ptolemy/domains/continuous/test/auto/CausalityInterfaceFeedback2.xml (RunModel)" time="0.023" />
  <testcase classname="ptolemy.util.test.junit.AutoTests" name="[18] /home/travis/build/icyphy/ptII/ptolemy/domains/continuous/test/auto/CompareWithCurrentTime.xml (RunModel)" time="0.017" />
  <testcase classname="ptolemy.util.test.junit.AutoTests" name="[19] /home/travis/build/icyphy/ptII/ptolemy/domains/continuous/test/auto/ComparedClocks.xml (RunModel)" time="0.071" />
  <testcase classname="ptolemy.util.test.junit.AutoTests" name="[20] /home/travis/build/icyphy/ptII/ptolemy/domains/continuous/test/auto/ContinuousAOCClone.xml (RunModel)" time="2.389" />
  <testcase classname="ptolemy.util.test.junit.AutoTests" name="[21] /home/travis/build/icyphy/ptII/ptolemy/domains/continuous/test/auto/ContinuousClock.xml (RunModel)" time="0.085" />
  <testcase classname="ptolemy.util.test.junit.AutoTests" name="[22] /home/travis/build/icyphy/ptII/ptolemy/domains/continuous/test/auto/ContinuousInContinuous.xml (RunModel)" time="0.093" />
  <testcase classname="ptolemy.util.test.junit.AutoTests" name="[23] /home/travis/build/icyphy/ptII/ptolemy/domains/continuous/test/auto/ContinuousInContinuousInContinuous.xml (RunModel)" time="0.032" />
  <testcase classname="ptolemy.util.test.junit.AutoTests" name="[24] /home/travis/build/icyphy/ptII/ptolemy/domains/continuous/test/auto/ContinuousInDE.xml (RunModel)" time="0.094" />
  <testcase classname="ptolemy.util.test.junit.AutoTests" name="[25] /home/travis/build/icyphy/ptII/ptolemy/domains/continuous/test/auto/ContinuousInDE2.xml (RunModel)" time="0.058" />
  <testcase classname="ptolemy.util.test.junit.AutoTests" name="[26] /home/travis/build/icyphy/ptII/ptolemy/domains/continuous/test/auto/ContinuousInDE3.xml (RunModel)" time="0.053" />
  <testcase classname="ptolemy.util.test.junit.AutoTests" name="[27] /home/travis/build/icyphy/ptII/ptolemy/domains/continuous/test/auto/ContinuousInDE4.xml (RunModel)" time="0.033" />
  <testcase classname="ptolemy.util.test.junit.AutoTests" name="[28] /home/travis/build/icyphy/ptII/ptolemy/domains/continuous/test/auto/ContinuousInDEDifferentRefinements.xml (RunModel)" time="0.092" />
  <testcase classname="ptolemy.util.test.junit.AutoTests" name="[29] /home/travis/build/icyphy/ptII/ptolemy/domains/continuous/test/auto/ContinuousInDEDifferentRefinementsPreemptive.xml (RunModel)" time="0.101" />
  <testcase classname="ptolemy.util.test.junit.AutoTests" name="[30] /home/travis/build/icyphy/ptII/ptolemy/domains/continuous/test/auto/ContinuousInDEInContinuous2.xml (RunModel)" time="0.058" />
  <testcase classname="ptolemy.util.test.junit.AutoTests" name="[31] /home/travis/build/icyphy/ptII/ptolemy/domains/continuous/test/auto/ContinuousInDEInContinuous3.xml (RunModel)" time="0.057" />
  <testcase classname="ptolemy.util.test.junit.AutoTests" name="[32] /home/travis/build/icyphy/ptII/ptolemy/domains/continuous/test/auto/ContinuousInDEInput.xml (RunModel)" time="0.032" />
  <testcase classname="ptolemy.util.test.junit.AutoTests" name="[33] /home/travis/build/icyphy/ptII/ptolemy/domains/continuous/test/auto/ContinuousInDEInput2.xml (RunModel)" time="0.035" />
  <testcase classname="ptolemy.util.test.junit.AutoTests" name="[34] /home/travis/build/icyphy/ptII/ptolemy/domains/continuous/test/auto/ContinuousInDEInput3.xml (RunModel)" time="0.039" />
  <testcase classname="ptolemy.util.test.junit.AutoTests" name="[35] /home/travis/build/icyphy/ptII/ptolemy/domains/continuous/test/auto/ContinuousInDESharingRefinement.xml (RunModel)" time="0.163" />
  <testcase classname="ptolemy.util.test.junit.AutoTests" name="[36] /home/travis/build/icyphy/ptII/ptolemy/domains/continuous/test/auto/ContinuousInDEwithNoPorts.xml (RunModel)" time="0.022" />
  <testcase classname="ptolemy.util.test.junit.AutoTests" name="[37] /home/travis/build/icyphy/ptII/ptolemy/domains/continuous/test/auto/ContinuousInsideDE.xml (RunModel)" time="0.083" />
  <testcase classname="ptolemy.util.test.junit.AutoTests" name="[38] /home/travis/build/icyphy/ptII/ptolemy/domains/continuous/test/auto/ContinuousMerge1.xml (RunModel)" time="0.021" />
  <testcase classname="ptolemy.util.test.junit.AutoTests" name="[39] /home/travis/build/icyphy/ptII/ptolemy/domains/continuous/test/auto/ContinuousMerge2.xml (RunModel)" time="0.046" />
  <testcase classname="ptolemy.util.test.junit.AutoTests" name="[40] /home/travis/build/icyphy/ptII/ptolemy/domains/continuous/test/auto/ContinuousMerge3.xml (RunModel)" time="0.066" />
  <testcase classname="ptolemy.util.test.junit.AutoTests" name="[41] /home/travis/build/icyphy/ptII/ptolemy/domains/continuous/test/auto/ContinuousWithinContinuous.xml (RunModel)" time="0.05" />
  <testcase classname="ptolemy.util.test.junit.AutoTests" name="[42] /home/travis/build/icyphy/ptII/ptolemy/domains/continuous/test/auto/ContinuousWithinContinuous2.xml (RunModel)" time="0.077" />
  <testcase classname="ptolemy.util.test.junit.AutoTests" name="[43] /home/travis/build/icyphy/ptII/ptolemy/domains/continuous/test/auto/ContinuousWithinContinuous3.xml (RunModel)" time="0.028" />
  <testcase classname="ptolemy.util.test.junit.AutoTests" name="[44] /home/travis/build/icyphy/ptII/ptolemy/domains/continuous/test/auto/ContinuousWithinContinuous4.xml (RunModel)" time="0.066" />
  <testcase classname="ptolemy.util.test.junit.AutoTests" name="[45] /home/travis/build/icyphy/ptII/ptolemy/domains/continuous/test/auto/ContinuousWithinContinuous5.xml (RunModel)" time="0.027" />
  <testcase classname="ptolemy.util.test.junit.AutoTests" name="[46] /home/travis/build/icyphy/ptII/ptolemy/domains/continuous/test/auto/ContinuousWithinContinuous6.xml (RunModel)" time="0.023" />
  <testcase classname="ptolemy.util.test.junit.AutoTests" name="[47] /home/travis/build/icyphy/ptII/ptolemy/domains/continuous/test/auto/ContinuousWithinContinuous7.xml (RunModel)" time="0.056" />
  <testcase classname="ptolemy.util.test.junit.AutoTests" name="[48] /home/travis/build/icyphy/ptII/ptolemy/domains/continuous/test/auto/DCMotor.xml (RunModel)" time="12.062" />
  <testcase classname="ptolemy.util.test.junit.AutoTests" name="[49] /home/travis/build/icyphy/ptII/ptolemy/domains/continuous/test/auto/DEInContinuous.xml (RunModel)" time="0.03" />
  <testcase classname="ptolemy.util.test.junit.AutoTests" name="[50] /home/travis/build/icyphy/ptII/ptolemy/domains/continuous/test/auto/DEinContinuous2.xml (RunModel)" time="0.033" />
  <testcase classname="ptolemy.util.test.junit.AutoTests" name="[51] /home/travis/build/icyphy/ptII/ptolemy/domains/continuous/test/auto/Derivative.xml (RunModel)" time="0.162" />
  <testcase classname="ptolemy.util.test.junit.AutoTests" name="[52] /home/travis/build/icyphy/ptII/ptolemy/domains/continuous/test/auto/Derivative1.xml (RunModel)" time="0.046" />
  <testcase classname="ptolemy.util.test.junit.AutoTests" name="[53] /home/travis/build/icyphy/ptII/ptolemy/domains/continuous/test/auto/DiscreteClock.xml (RunModel)" time="0.015" />
  <testcase classname="ptolemy.util.test.junit.AutoTests" name="[54] /home/travis/build/icyphy/ptII/ptolemy/domains/continuous/test/auto/EfficiencyCurve.xml (RunModel)" time="0.101" />
  <testcase classname="ptolemy.util.test.junit.AutoTests" name="[55] /home/travis/build/icyphy/ptII/ptolemy/domains/continuous/test/auto/ExponentialResponse.xml (RunModel)" time="0.097" />
  <testcase classname="ptolemy.util.test.junit.AutoTests" name="[56] /home/travis/build/icyphy/ptII/ptolemy/domains/continuous/test/auto/ExponentialResponseRK45.xml (RunModel)" time="0.029" />
  <testcase classname="ptolemy.util.test.junit.AutoTests" name="[57] /home/travis/build/icyphy/ptII/ptolemy/domains/continuous/test/auto/Friction.xml (RunModel)" time="1.495" />
  <testcase classname="ptolemy.util.test.junit.AutoTests" name="[58] /home/travis/build/icyphy/ptII/ptolemy/domains/continuous/test/auto/FurutaPendulum.xml (RunModel)" time="3.071" />
  <testcase classname="ptolemy.util.test.junit.AutoTests" name="[59] /home/travis/build/icyphy/ptII/ptolemy/domains/continuous/test/auto/HierarchicalExecution.xml (RunModel)" time="2.11" />
  <testcase classname="ptolemy.util.test.junit.AutoTests" name="[60] /home/travis/build/icyphy/ptII/ptolemy/domains/continuous/test/auto/HybridPlant.xml (RunModel)" time="0.539" />
  <testcase classname="ptolemy.util.test.junit.AutoTests" name="[61] /home/travis/build/icyphy/ptII/ptolemy/domains/continuous/test/auto/Hysteresis.xml (RunModel)" time="0.167" />
  <testcase classname="ptolemy.util.test.junit.AutoTests" name="[62] /home/travis/build/icyphy/ptII/ptolemy/domains/continuous/test/auto/HysteresisWithRandomDelay.xml (RunModel)" time="0.202" />
  <testcase classname="ptolemy.util.test.junit.AutoTests" name="[63] /home/travis/build/icyphy/ptII/ptolemy/domains/continuous/test/auto/HysteresisWithRandomLosses.xml (RunModel)" time="2.159" />
  <testcase classname="ptolemy.util.test.junit.AutoTests" name="[64] /home/travis/build/icyphy/ptII/ptolemy/domains/continuous/test/auto/ImmediateTransitions.xml (RunModel)" time="0.047" />
  <testcase classname="ptolemy.util.test.junit.AutoTests" name="[65] /home/travis/build/icyphy/ptII/ptolemy/domains/continuous/test/auto/ImpulseFeedback.xml (RunModel)" time="0.023" />
  <testcase classname="ptolemy.util.test.junit.AutoTests" name="[66] /home/travis/build/icyphy/ptII/ptolemy/domains/continuous/test/auto/ImpulseFeedback2.xml (RunModel)" time="0.022" />
  <testcase classname="ptolemy.util.test.junit.AutoTests" name="[67] /home/travis/build/icyphy/ptII/ptolemy/domains/continuous/test/auto/IncreasingRatePoisson.xml (RunModel)" time="0.677" />
  <testcase classname="ptolemy.util.test.junit.AutoTests" name="[68] /home/travis/build/icyphy/ptII/ptolemy/domains/continuous/test/auto/InitialStateFeedback.xml (RunModel)" time="0.01" />
  <testcase classname="ptolemy.util.test.junit.AutoTests" name="[69] /home/travis/build/icyphy/ptII/ptolemy/domains/continuous/test/auto/Integration.xml (RunModel)" time="0.009" />
  <testcase classname="ptolemy.util.test.junit.AutoTests" name="[70] /home/travis/build/icyphy/ptII/ptolemy/domains/continuous/test/auto/Integration2.xml (RunModel)" time="0.074" />
  <testcase classname="ptolemy.util.test.junit.AutoTests" name="[71] /home/travis/build/icyphy/ptII/ptolemy/domains/continuous/test/auto/Integration3.xml (RunModel)" time="0.013" />
  <testcase classname="ptolemy.util.test.junit.AutoTests" name="[72] /home/travis/build/icyphy/ptII/ptolemy/domains/continuous/test/auto/Integration5.xml (RunModel)" time="0.009" />
  <testcase classname="ptolemy.util.test.junit.AutoTests" name="[73] /home/travis/build/icyphy/ptII/ptolemy/domains/continuous/test/auto/IntegratorImpulse.xml (RunModel)" time="0.008" />
  <testcase classname="ptolemy.util.test.junit.AutoTests" name="[74] /home/travis/build/icyphy/ptII/ptolemy/domains/continuous/test/auto/IntegratorImpulse2.xml (RunModel)" time="0.011" />
  <testcase classname="ptolemy.util.test.junit.AutoTests" name="[75] /home/travis/build/icyphy/ptII/ptolemy/domains/continuous/test/auto/LevelCrossing1.xml (RunModel)" time="0.011" />
  <testcase classname="ptolemy.util.test.junit.AutoTests" name="[76] /home/travis/build/icyphy/ptII/ptolemy/domains/continuous/test/auto/LevelCrossing2.xml (RunModel)" time="0.016" />
  <testcase classname="ptolemy.util.test.junit.AutoTests" name="[77] /home/travis/build/icyphy/ptII/ptolemy/domains/continuous/test/auto/LevelCrossing3.xml (RunModel)" time="0.013" />
  <testcase classname="ptolemy.util.test.junit.AutoTests" name="[78] /home/travis/build/icyphy/ptII/ptolemy/domains/continuous/test/auto/LevelCrossing4.xml (RunModel)" time="0.011" />
  <testcase classname="ptolemy.util.test.junit.AutoTests" name="[79] /home/travis/build/icyphy/ptII/ptolemy/domains/continuous/test/auto/LevelCrossing5.xml (RunModel)" time="0.015" />
  <testcase classname="ptolemy.util.test.junit.AutoTests" name="[80] /home/travis/build/icyphy/ptII/ptolemy/domains/continuous/test/auto/LevelCrossing6.xml (RunModel)" time="0.012" />
  <testcase classname="ptolemy.util.test.junit.AutoTests" name="[81] /home/travis/build/icyphy/ptII/ptolemy/domains/continuous/test/auto/LevelCrossingDetector.xml (RunModel)" time="0.031" />
  <testcase classname="ptolemy.util.test.junit.AutoTests" name="[82] /home/travis/build/icyphy/ptII/ptolemy/domains/continuous/test/auto/LevelCrossingDetectorDetectingDirections.xml (RunModel)" time="0.081" />
  <testcase classname="ptolemy.util.test.junit.AutoTests" name="[83] /home/travis/build/icyphy/ptII/ptolemy/domains/continuous/test/auto/LevelCrossingDetectorDetectsGlitches.xml (RunModel)" time="0.058" />
  <testcase classname="ptolemy.util.test.junit.AutoTests" name="[84] /home/travis/build/icyphy/ptII/ptolemy/domains/continuous/test/auto/LevelCrossingNoInitialOuput.xml (RunModel)" time="0.013" />
  <testcase classname="ptolemy.util.test.junit.AutoTests" name="[85] /home/travis/build/icyphy/ptII/ptolemy/domains/continuous/test/auto/LinearStateSpaceExample.xml (RunModel)" time="0.06" />
  <testcase classname="ptolemy.util.test.junit.AutoTests" name="[86] /home/travis/build/icyphy/ptII/ptolemy/domains/continuous/test/auto/Lorenz.xml (RunModel)" time="3.43" />
  <testcase classname="ptolemy.util.test.junit.AutoTests" name="[87] /home/travis/build/icyphy/ptII/ptolemy/domains/continuous/test/auto/LorenzDifferentialSystem.xml (RunModel)" time="1.031" />
  <testcase classname="ptolemy.util.test.junit.AutoTests" name="[88] /home/travis/build/icyphy/ptII/ptolemy/domains/continuous/test/auto/LorenzDifferentialSystemWithInput.xml (RunModel)" time="1.419" />
  <testcase classname="ptolemy.util.test.junit.AutoTests" name="[89] /home/travis/build/icyphy/ptII/ptolemy/domains/continuous/test/auto/LorenzDifferentialSystemWithTime.xml (RunModel)" time="0.647" />
  <testcase classname="ptolemy.util.test.junit.AutoTests" name="[90] /home/travis/build/icyphy/ptII/ptolemy/domains/continuous/test/auto/Microsteps.xml (RunModel)" time="0.031" />
  <testcase classname="ptolemy.util.test.junit.AutoTests" name="[91] /home/travis/build/icyphy/ptII/ptolemy/domains/continuous/test/auto/Modal1.xml (RunModel)" time="0.036" />
  <testcase classname="ptolemy.util.test.junit.AutoTests" name="[92] /home/travis/build/icyphy/ptII/ptolemy/domains/continuous/test/auto/Modal2.xml (RunModel)" time="0.053" />
  <testcase classname="ptolemy.util.test.junit.AutoTests" name="[93] /home/travis/build/icyphy/ptII/ptolemy/domains/continuous/test/auto/ModalTransitionGuardWithReset.xml (RunModel)" time="0.026" />
  <testcase classname="ptolemy.util.test.junit.AutoTests" name="[94] /home/travis/build/icyphy/ptII/ptolemy/domains/continuous/test/auto/ModalTransitionGuardWithResetUsingPreemptiveTransition.xml (RunModel)" time="0.024" />
  <testcase classname="ptolemy.util.test.junit.AutoTests" name="[95] /home/travis/build/icyphy/ptII/ptolemy/domains/continuous/test/auto/ModalTransitionGuardWithResetUsingPreemptiveTransition2.xml (RunModel)" time="0.029" />
  <testcase classname="ptolemy.util.test.junit.AutoTests" name="[96] /home/travis/build/icyphy/ptII/ptolemy/domains/continuous/test/auto/ModalTransitionGuardWithResetUsingPreemptiveTransition3.xml (RunModel)" time="0.025" />
  <testcase classname="ptolemy.util.test.junit.AutoTests" name="[97] /home/travis/build/icyphy/ptII/ptolemy/domains/continuous/test/auto/NewtonsCradle.xml (RunModel)" time="0.744" />
  <testcase classname="ptolemy.util.test.junit.AutoTests" name="[98] /home/travis/build/icyphy/ptII/ptolemy/domains/continuous/test/auto/NewtonsCradleAnimated.xml (RunModel)" time="1.21" />
  <testcase classname="ptolemy.util.test.junit.AutoTests" name="[99] /home/travis/build/icyphy/ptII/ptolemy/domains/continuous/test/auto/NewtonsCradleComplicated.xml (RunModel)" time="0.944" />
  <testcase classname="ptolemy.util.test.junit.AutoTests" name="[100] /home/travis/build/icyphy/ptII/ptolemy/domains/continuous/test/auto/NewtonsCradleNondeterministic.xml (RunModel)" time="0.715" />
  <testcase classname="ptolemy.util.test.junit.AutoTests" name="[101] /home/travis/build/icyphy/ptII/ptolemy/domains/continuous/test/auto/NewtonsCradlePerfectlyInelastic1.xml (RunModel)" time="1.219" />
  <testcase classname="ptolemy.util.test.junit.AutoTests" name="[102] /home/travis/build/icyphy/ptII/ptolemy/domains/continuous/test/auto/Noise.xml (RunModel)" time="0.157" />
  <testcase classname="ptolemy.util.test.junit.AutoTests" name="[103] /home/travis/build/icyphy/ptII/ptolemy/domains/continuous/test/auto/NoiseSpectrum.xml (RunModel)" time="0.726" />
  <testcase classname="ptolemy.util.test.junit.AutoTests" name="[104] /home/travis/build/icyphy/ptII/ptolemy/domains/continuous/test/auto/ParameterizedNewtonsCradleAnimated.xml (RunModel)" time="0.319" />
  <testcase classname="ptolemy.util.test.junit.AutoTests" name="[105] /home/travis/build/icyphy/ptII/ptolemy/domains/continuous/test/auto/ParameterizedNewtonsCradleAnimatedNondeterministic.xml (RunModel)" time="1.088" />
  <testcase classname="ptolemy.util.test.junit.AutoTests" name="[106] /home/travis/build/icyphy/ptII/ptolemy/domains/continuous/test/auto/Pendulum3D.xml (RunModel)" time="0.159" />
  <testcase classname="ptolemy.util.test.junit.AutoTests" name="[107] /home/travis/build/icyphy/ptII/ptolemy/domains/continuous/test/auto/PeriodicSampler.xml (RunModel)" time="0.009" />
  <testcase classname="ptolemy.util.test.junit.AutoTests" name="[108] /home/travis/build/icyphy/ptII/ptolemy/domains/continuous/test/auto/PeriodicSampler1.xml (RunModel)" time="0.049" />
  <testcase classname="ptolemy.util.test.junit.AutoTests" name="[109] /home/travis/build/icyphy/ptII/ptolemy/domains/continuous/test/auto/PeriodicSampler2.xml (RunModel)" time="0.073" />
  <testcase classname="ptolemy.util.test.junit.AutoTests" name="[110] /home/travis/build/icyphy/ptII/ptolemy/domains/continuous/test/auto/Poisson.xml (RunModel)" time="0.457" />
  <testcase classname="ptolemy.util.test.junit.AutoTests" name="[111] /home/travis/build/icyphy/ptII/ptolemy/domains/continuous/test/auto/PoissonClock.xml (RunModel)" time="0.016" />
  <testcase classname="ptolemy.util.test.junit.AutoTests" name="[112] /home/travis/build/icyphy/ptII/ptolemy/domains/continuous/test/auto/PoissonClock2.xml (RunModel)" time="0.012" />
  <testcase classname="ptolemy.util.test.junit.AutoTests" name="[113] /home/travis/build/icyphy/ptII/ptolemy/domains/continuous/test/auto/PortParameterHierarchy.xml (RunModel)" time="0.021" />
  <testcase classname="ptolemy.util.test.junit.AutoTests" name="[114] /home/travis/build/icyphy/ptII/ptolemy/domains/continuous/test/auto/RandomHybridPlant.xml (RunModel)" time="0.522" />
  <testcase classname="ptolemy.util.test.junit.AutoTests" name="[115] /home/travis/build/icyphy/ptII/ptolemy/domains/continuous/test/auto/ResetTransitionWithStartTime1.xml (RunModel)" time="0.034" />
  <testcase classname="ptolemy.util.test.junit.AutoTests" name="[116] /home/travis/build/icyphy/ptII/ptolemy/domains/continuous/test/auto/ResetTransitionWithStartTime2.xml (RunModel)" time="0.035" />
  <testcase classname="ptolemy.util.test.junit.AutoTests" name="[117] /home/travis/build/icyphy/ptII/ptolemy/domains/continuous/test/auto/ResetTransitionWithStartTime3.xml (RunModel)" time="0.039" />
  <testcase classname="ptolemy.util.test.junit.AutoTests" name="[118] /home/travis/build/icyphy/ptII/ptolemy/domains/continuous/test/auto/ResetTransitionWithStartTime4.xml (RunModel)" time="0.023" />
  <testcase classname="ptolemy.util.test.junit.AutoTests" name="[119] /home/travis/build/icyphy/ptII/ptolemy/domains/continuous/test/auto/ResetTransitionWithStartTime5.xml (RunModel)" time="0.029" />
  <testcase classname="ptolemy.util.test.junit.AutoTests" name="[120] /home/travis/build/icyphy/ptII/ptolemy/domains/continuous/test/auto/ResetTransitionWithStartTime6.xml (RunModel)" time="0.024" />
  <testcase classname="ptolemy.util.test.junit.AutoTests" name="[121] /home/travis/build/icyphy/ptII/ptolemy/domains/continuous/test/auto/SRinContinuous.xml (RunModel)" time="0.02" />
  <testcase classname="ptolemy.util.test.junit.AutoTests" name="[122] /home/travis/build/icyphy/ptII/ptolemy/domains/continuous/test/auto/SampledClocks.xml (RunModel)" time="0.039" />
  <testcase classname="ptolemy.util.test.junit.AutoTests" name="[123] /home/travis/build/icyphy/ptII/ptolemy/domains/continuous/test/auto/Satellite.xml (RunModel)" time="0.715" />
  <testcase classname="ptolemy.util.test.junit.AutoTests" name="[124] /home/travis/build/icyphy/ptII/ptolemy/domains/continuous/test/auto/SigmaDelta.xml (RunModel)" time="1.861" />
  <testcase classname="ptolemy.util.test.junit.AutoTests" name="[125] /home/travis/build/icyphy/ptII/ptolemy/domains/continuous/test/auto/SingleRefinement.xml (RunModel)" time="0.435" />
  <testcase classname="ptolemy.util.test.junit.AutoTests" name="[126] /home/travis/build/icyphy/ptII/ptolemy/domains/continuous/test/auto/SinuBouncingBall.xml (RunModel)" time="0.794" />
  <testcase classname="ptolemy.util.test.junit.AutoTests" name="[127] /home/travis/build/icyphy/ptII/ptolemy/domains/continuous/test/auto/Sinusoid.xml (RunModel)" time="0.019" />
  <testcase classname="ptolemy.util.test.junit.AutoTests" name="[128] /home/travis/build/icyphy/ptII/ptolemy/domains/continuous/test/auto/SinusoidInNoise.xml (RunModel)" time="0.8" />
  <testcase classname="ptolemy.util.test.junit.AutoTests" name="[129] /home/travis/build/icyphy/ptII/ptolemy/domains/continuous/test/auto/SinusoidRK45.xml (RunModel)" time="0.015" />
  <testcase classname="ptolemy.util.test.junit.AutoTests" name="[130] /home/travis/build/icyphy/ptII/ptolemy/domains/continuous/test/auto/SinusoidWithMultipleImpulses.xml (RunModel)" time="0.01" />
  <testcase classname="ptolemy.util.test.junit.AutoTests" name="[131] /home/travis/build/icyphy/ptII/ptolemy/domains/continuous/test/auto/SquareWave.xml (RunModel)" time="0.166" />
  <testcase classname="ptolemy.util.test.junit.AutoTests" name="[132] /home/travis/build/icyphy/ptII/ptolemy/domains/continuous/test/auto/Starmac.xml (RunModel)" time="3.508" />
  <testcase classname="ptolemy.util.test.junit.AutoTests" name="[133] /home/travis/build/icyphy/ptII/ptolemy/domains/continuous/test/auto/StaticUnits.xml (RunModel)" time="2.297" />
  <testcase classname="ptolemy.util.test.junit.AutoTests" name="[134] /home/travis/build/icyphy/ptII/ptolemy/domains/continuous/test/auto/StickyMasses.xml (RunModel)" time="0.184" />
  <testcase classname="ptolemy.util.test.junit.AutoTests" name="[135] /home/travis/build/icyphy/ptII/ptolemy/domains/continuous/test/auto/StopTime.xml (RunModel)" time="0.059" />
  <testcase classname="ptolemy.util.test.junit.AutoTests" name="[136] /home/travis/build/icyphy/ptII/ptolemy/domains/continuous/test/auto/StopTime2.xml (RunModel)" time="0.049" />
  <testcase classname="ptolemy.util.test.junit.AutoTests" name="[137] /home/travis/build/icyphy/ptII/ptolemy/domains/continuous/test/auto/Switch.xml (RunModel)" time="0.062" />
  <testcase classname="ptolemy.util.test.junit.AutoTests" name="[138] /home/travis/build/icyphy/ptII/ptolemy/domains/continuous/test/auto/Thermostat.xml (RunModel)" time="0.206" />
  <testcase classname="ptolemy.util.test.junit.AutoTests" name="[139] /home/travis/build/icyphy/ptII/ptolemy/domains/continuous/test/auto/TimeDelay.xml (RunModel)" time="0.014" />
  <testcase classname="ptolemy.util.test.junit.AutoTests" name="[140] /home/travis/build/icyphy/ptII/ptolemy/domains/continuous/test/auto/TimeDelay2.xml (RunModel)" time="0.028" />
  <testcase classname="ptolemy.util.test.junit.AutoTests" name="[141] /home/travis/build/icyphy/ptII/ptolemy/domains/continuous/test/auto/TimeDelay3.xml (RunModel)" time="0.01" />
  <testcase classname="ptolemy.util.test.junit.AutoTests" name="[142] /home/travis/build/icyphy/ptII/ptolemy/domains/continuous/test/auto/TransferAbsentToInside.xml (RunModel)" time="0.102" />
  <testcase classname="ptolemy.util.test.junit.AutoTests" name="[143] /home/travis/build/icyphy/ptII/ptolemy/domains/continuous/test/auto/Transmission.xml (RunModel)" time="0.737" />
  <testcase classname="ptolemy.util.test.junit.AutoTests" name="[144] /home/travis/build/icyphy/ptII/ptolemy/domains/continuous/test/auto/TriggeredContinuousClock.xml (RunModel)" time="0.085" />
  <testcase classname="ptolemy.util.test.junit.AutoTests" name="[145] /home/travis/build/icyphy/ptII/ptolemy/domains/continuous/test/auto/TwoMachineInfiniteBusControl.xml (RunModel)" time="2.297" />
  <testcase classname="ptolemy.util.test.junit.AutoTests" name="[146] /home/travis/build/icyphy/ptII/ptolemy/domains/continuous/test/auto/V2V.xml (RunModel)" time="0.767" />
  <testcase classname="ptolemy.util.test.junit.AutoTests" name="[147] /home/travis/build/icyphy/ptII/ptolemy/domains/continuous/test/auto/hierarchicalModalModel.xml (RunModel)" time="0.033" />
  <testcase classname="ptolemy.util.test.junit.AutoTests" name="[148] /home/travis/build/icyphy/ptII/ptolemy/domains/continuous/test/auto/hierarchicalModalModel1.xml (RunModel)" time="0.028" />
  <testcase classname="ptolemy.util.test.junit.AutoTests" name="[149] /home/travis/build/icyphy/ptII/ptolemy/domains/continuous/test/auto/hierarchicalModalModel2.xml (RunModel)" time="0.026" />
  <testcase classname="ptolemy.util.test.junit.AutoTests" name="[150] /home/travis/build/icyphy/ptII/ptolemy/domains/continuous/test/auto/hierarchicalModalModel3.xml (RunModel)" time="0.026" />
  <testcase classname="ptolemy.util.test.junit.AutoTests" name="[151] /home/travis/build/icyphy/ptII/ptolemy/domains/continuous/test/auto/hierarchicalModalModel4.xml (RunModel)" time="0.028" />
  <testcase classname="ptolemy.util.test.junit.AutoTests" name="[152] /home/travis/build/icyphy/ptII/ptolemy/domains/continuous/test/auto/junk.xml (RunModel)" time="0.121" />
  <system-out><![CDATA[No tcl tests in /home/travis/build/icyphy/ptII/ptolemy/domains/continuous/test
No auto/knownFailedTests/*.xml tests in /home/travis/build/icyphy/ptII/ptolemy/domains/continuous/test
No auto/linux-amd64/*.xml tests in /home/travis/build/icyphy/ptII/ptolemy/domains/continuous/test
AutoTests.java: About to close Vertx.
AutoTests.java: Vertx closed.

===========================================================================================
----------------- testing Thu Sep 10 15:37:50 UTC 2020 /home/travis/build/icyphy/ptII/ptolemy/domains/continuous/test/auto/BouncingBall.xml
----------------- Instantiating /home/travis/build/icyphy/ptII/ptolemy/domains/continuous/test/auto/BouncingBall.xml
2327 ms. Memory: 158720K Free: 123598K (78%)
----------------- Invoking toplevel() on ptolemy.moml.MoMLSimpleApplication@307d22a6
----------------- Done invoking toplevel() on ptolemy.moml.MoMLSimpleApplication@307d22a6
reloadAllAccessors: .BouncingBall

===========================================================================================
----------------- testing Thu Sep 10 15:37:52 UTC 2020 /home/travis/build/icyphy/ptII/ptolemy/domains/continuous/test/auto/BouncingBallWithoutGR.xml
----------------- Instantiating /home/travis/build/icyphy/ptII/ptolemy/domains/continuous/test/auto/BouncingBallWithoutGR.xml
913 ms. Memory: 158720K Free: 131269K (83%)
----------------- Invoking toplevel() on ptolemy.moml.MoMLSimpleApplication@5dffb010
----------------- Done invoking toplevel() on ptolemy.moml.MoMLSimpleApplication@5dffb010
reloadAllAccessors: .BouncingBallWithoutGR

===========================================================================================
----------------- testing Thu Sep 10 15:37:54 UTC 2020 /home/travis/build/icyphy/ptII/ptolemy/domains/continuous/test/auto/Brownian.xml
----------------- Instantiating /home/travis/build/icyphy/ptII/ptolemy/domains/continuous/test/auto/Brownian.xml
20 ms. Memory: 158720K Free: 122053K (77%)
----------------- Invoking toplevel() on ptolemy.moml.MoMLSimpleApplication@6b59a65e
----------------- Done invoking toplevel() on ptolemy.moml.MoMLSimpleApplication@6b59a65e
reloadAllAccessors: .Brownian

===========================================================================================
----------------- testing Thu Sep 10 15:37:54 UTC 2020 /home/travis/build/icyphy/ptII/ptolemy/domains/continuous/test/auto/CarTracking.xml
----------------- Instantiating /home/travis/build/icyphy/ptII/ptolemy/domains/continuous/test/auto/CarTracking.xml
3388 ms. Memory: 229376K Free: 96866K (42%)
----------------- Invoking toplevel() on ptolemy.moml.MoMLSimpleApplication@25d1c54c
----------------- Done invoking toplevel() on ptolemy.moml.MoMLSimpleApplication@25d1c54c
reloadAllAccessors: .CarTracking

===========================================================================================
----------------- testing Thu Sep 10 15:37:57 UTC 2020 /home/travis/build/icyphy/ptII/ptolemy/domains/continuous/test/auto/CartPendulum.xml
----------------- Instantiating /home/travis/build/icyphy/ptII/ptolemy/domains/continuous/test/auto/CartPendulum.xml
294 ms. Memory: 229376K Free: 139869K (61%)
----------------- Invoking toplevel() on ptolemy.moml.MoMLSimpleApplication@40b26365
----------------- Done invoking toplevel() on ptolemy.moml.MoMLSimpleApplication@40b26365
reloadAllAccessors: .CartPendulum

===========================================================================================
----------------- testing Thu Sep 10 15:37:58 UTC 2020 /home/travis/build/icyphy/ptII/ptolemy/domains/continuous/test/auto/CausalityInterface10.xml
----------------- Instantiating /home/travis/build/icyphy/ptII/ptolemy/domains/continuous/test/auto/CausalityInterface10.xml
13 ms. Memory: 229376K Free: 129643K (57%)
----------------- Invoking toplevel() on ptolemy.moml.MoMLSimpleApplication@3a6970d3
----------------- Done invoking toplevel() on ptolemy.moml.MoMLSimpleApplication@3a6970d3
reloadAllAccessors: .CausalityInterface10

===========================================================================================
----------------- testing Thu Sep 10 15:37:58 UTC 2020 /home/travis/build/icyphy/ptII/ptolemy/domains/continuous/test/auto/CausalityInterface11.xml
----------------- Instantiating /home/travis/build/icyphy/ptII/ptolemy/domains/continuous/test/auto/CausalityInterface11.xml
8 ms. Memory: 229376K Free: 123469K (54%)
----------------- Invoking toplevel() on ptolemy.moml.MoMLSimpleApplication@110ac5d9
----------------- Done invoking toplevel() on ptolemy.moml.MoMLSimpleApplication@110ac5d9
reloadAllAccessors: .CausalityInterface11

===========================================================================================
----------------- testing Thu Sep 10 15:37:58 UTC 2020 /home/travis/build/icyphy/ptII/ptolemy/domains/continuous/test/auto/CausalityInterface12.xml
----------------- Instantiating /home/travis/build/icyphy/ptII/ptolemy/domains/continuous/test/auto/CausalityInterface12.xml
10 ms. Memory: 229376K Free: 117341K (51%)
----------------- Invoking toplevel() on ptolemy.moml.MoMLSimpleApplication@5ece1567
----------------- Done invoking toplevel() on ptolemy.moml.MoMLSimpleApplication@5ece1567
reloadAllAccessors: .CausalityInterface12

===========================================================================================
----------------- testing Thu Sep 10 15:37:58 UTC 2020 /home/travis/build/icyphy/ptII/ptolemy/domains/continuous/test/auto/CausalityInterface13.xml
----------------- Instantiating /home/travis/build/icyphy/ptII/ptolemy/domains/continuous/test/auto/CausalityInterface13.xml
6 ms. Memory: 229376K Free: 111211K (48%)
----------------- Invoking toplevel() on ptolemy.moml.MoMLSimpleApplication@14cb437
----------------- Done invoking toplevel() on ptolemy.moml.MoMLSimpleApplication@14cb437
reloadAllAccessors: .CausalityInterface13

===========================================================================================
----------------- testing Thu Sep 10 15:37:58 UTC 2020 /home/travis/build/icyphy/ptII/ptolemy/domains/continuous/test/auto/CausalityInterface14.xml
----------------- Instantiating /home/travis/build/icyphy/ptII/ptolemy/domains/continuous/test/auto/CausalityInterface14.xml
4 ms. Memory: 229376K Free: 105581K (46%)
----------------- Invoking toplevel() on ptolemy.moml.MoMLSimpleApplication@c987879
----------------- Done invoking toplevel() on ptolemy.moml.MoMLSimpleApplication@c987879
reloadAllAccessors: .CausalityInterface14

===========================================================================================
----------------- testing Thu Sep 10 15:37:58 UTC 2020 /home/travis/build/icyphy/ptII/ptolemy/domains/continuous/test/auto/CausalityInterface4.xml
----------------- Instantiating /home/travis/build/icyphy/ptII/ptolemy/domains/continuous/test/auto/CausalityInterface4.xml
7 ms. Memory: 229376K Free: 98413K (43%)
----------------- Invoking toplevel() on ptolemy.moml.MoMLSimpleApplication@551f46c1
----------------- Done invoking toplevel() on ptolemy.moml.MoMLSimpleApplication@551f46c1
reloadAllAccessors: .CausalityInterface4

===========================================================================================
----------------- testing Thu Sep 10 15:37:58 UTC 2020 /home/travis/build/icyphy/ptII/ptolemy/domains/continuous/test/auto/CausalityInterface5.xml
----------------- Instantiating /home/travis/build/icyphy/ptII/ptolemy/domains/continuous/test/auto/CausalityInterface5.xml
9 ms. Memory: 229376K Free: 90221K (39%)
----------------- Invoking toplevel() on ptolemy.moml.MoMLSimpleApplication@61c7a8fa
----------------- Done invoking toplevel() on ptolemy.moml.MoMLSimpleApplication@61c7a8fa
reloadAllAccessors: .CausalityInterface5

===========================================================================================
----------------- testing Thu Sep 10 15:37:58 UTC 2020 /home/travis/build/icyphy/ptII/ptolemy/domains/continuous/test/auto/CausalityInterface6.xml
----------------- Instantiating /home/travis/build/icyphy/ptII/ptolemy/domains/continuous/test/auto/CausalityInterface6.xml
4 ms. Memory: 229376K Free: 84573K (37%)
----------------- Invoking toplevel() on ptolemy.moml.MoMLSimpleApplication@124166a1
----------------- Done invoking toplevel() on ptolemy.moml.MoMLSimpleApplication@124166a1
reloadAllAccessors: .CausalityInterface6

===========================================================================================
----------------- testing Thu Sep 10 15:37:58 UTC 2020 /home/travis/build/icyphy/ptII/ptolemy/domains/continuous/test/auto/CausalityInterface7.xml
----------------- Instantiating /home/travis/build/icyphy/ptII/ptolemy/domains/continuous/test/auto/CausalityInterface7.xml
11 ms. Memory: 229376K Free: 211887K (92%)
----------------- Invoking toplevel() on ptolemy.moml.MoMLSimpleApplication@2a121e0
----------------- Done invoking toplevel() on ptolemy.moml.MoMLSimpleApplication@2a121e0
reloadAllAccessors: .CausalityInterface7

===========================================================================================
----------------- testing Thu Sep 10 15:37:58 UTC 2020 /home/travis/build/icyphy/ptII/ptolemy/domains/continuous/test/auto/CausalityInterface8.xml
----------------- Instantiating /home/travis/build/icyphy/ptII/ptolemy/domains/continuous/test/auto/CausalityInterface8.xml
6 ms. Memory: 229376K Free: 202671K (88%)
----------------- Invoking toplevel() on ptolemy.moml.MoMLSimpleApplication@26da5060
----------------- Done invoking toplevel() on ptolemy.moml.MoMLSimpleApplication@26da5060
reloadAllAccessors: .CausalityInterface8

===========================================================================================
----------------- testing Thu Sep 10 15:37:58 UTC 2020 /home/travis/build/icyphy/ptII/ptolemy/domains/continuous/test/auto/CausalityInterface9.xml
----------------- Instantiating /home/travis/build/icyphy/ptII/ptolemy/domains/continuous/test/auto/CausalityInterface9.xml
8 ms. Memory: 229376K Free: 191921K (84%)
----------------- Invoking toplevel() on ptolemy.moml.MoMLSimpleApplication@b3a5a0e
----------------- Done invoking toplevel() on ptolemy.moml.MoMLSimpleApplication@b3a5a0e
reloadAllAccessors: .CausalityInterface9

===========================================================================================
----------------- testing Thu Sep 10 15:37:58 UTC 2020 /home/travis/build/icyphy/ptII/ptolemy/domains/continuous/test/auto/CausalityInterfaceFeedback1.xml
----------------- Instantiating /home/travis/build/icyphy/ptII/ptolemy/domains/continuous/test/auto/CausalityInterfaceFeedback1.xml
3 ms. Memory: 229376K Free: 185249K (81%)
----------------- Invoking toplevel() on ptolemy.moml.MoMLSimpleApplication@707f26b6
----------------- Done invoking toplevel() on ptolemy.moml.MoMLSimpleApplication@707f26b6
reloadAllAccessors: .CausalityInterfaceFeedback1

===========================================================================================
----------------- testing Thu Sep 10 15:37:58 UTC 2020 /home/travis/build/icyphy/ptII/ptolemy/domains/continuous/test/auto/CausalityInterfaceFeedback2.xml
----------------- Instantiating /home/travis/build/icyphy/ptII/ptolemy/domains/continuous/test/auto/CausalityInterfaceFeedback2.xml
5 ms. Memory: 229376K Free: 178609K (78%)
----------------- Invoking toplevel() on ptolemy.moml.MoMLSimpleApplication@53dc5d84
----------------- Done invoking toplevel() on ptolemy.moml.MoMLSimpleApplication@53dc5d84
reloadAllAccessors: .CausalityInterfaceFeedback2

===========================================================================================
----------------- testing Thu Sep 10 15:37:58 UTC 2020 /home/travis/build/icyphy/ptII/ptolemy/domains/continuous/test/auto/CompareWithCurrentTime.xml
----------------- Instantiating /home/travis/build/icyphy/ptII/ptolemy/domains/continuous/test/auto/CompareWithCurrentTime.xml
6 ms. Memory: 229376K Free: 174513K (76%)
----------------- Invoking toplevel() on ptolemy.moml.MoMLSimpleApplication@4c9e4085
----------------- Done invoking toplevel() on ptolemy.moml.MoMLSimpleApplication@4c9e4085
reloadAllAccessors: .CompareWithCurrentTime

===========================================================================================
----------------- testing Thu Sep 10 15:37:58 UTC 2020 /home/travis/build/icyphy/ptII/ptolemy/domains/continuous/test/auto/ComparedClocks.xml
----------------- Instantiating /home/travis/build/icyphy/ptII/ptolemy/domains/continuous/test/auto/ComparedClocks.xml
5 ms. Memory: 229376K Free: 159153K (69%)
----------------- Invoking toplevel() on ptolemy.moml.MoMLSimpleApplication@1f3eb6fa
----------------- Done invoking toplevel() on ptolemy.moml.MoMLSimpleApplication@1f3eb6fa
reloadAllAccessors: .ComparedClocks

===========================================================================================
----------------- testing Thu Sep 10 15:37:58 UTC 2020 /home/travis/build/icyphy/ptII/ptolemy/domains/continuous/test/auto/ContinuousAOCClone.xml
----------------- Instantiating /home/travis/build/icyphy/ptII/ptolemy/domains/continuous/test/auto/ContinuousAOCClone.xml
2196 ms. Memory: 275456K Free: 128271K (47%)
----------------- Invoking toplevel() on ptolemy.moml.MoMLSimpleApplication@6967059c
----------------- Done invoking toplevel() on ptolemy.moml.MoMLSimpleApplication@6967059c
reloadAllAccessors: .ContinuousAOCClone

===========================================================================================
----------------- testing Thu Sep 10 15:38:01 UTC 2020 /home/travis/build/icyphy/ptII/ptolemy/domains/continuous/test/auto/ContinuousClock.xml
----------------- Instantiating /home/travis/build/icyphy/ptII/ptolemy/domains/continuous/test/auto/ContinuousClock.xml
28 ms. Memory: 275456K Free: 106253K (39%)
----------------- Invoking toplevel() on ptolemy.moml.MoMLSimpleApplication@682acd16
----------------- Done invoking toplevel() on ptolemy.moml.MoMLSimpleApplication@682acd16
reloadAllAccessors: .ContinuousClock

===========================================================================================
----------------- testing Thu Sep 10 15:38:01 UTC 2020 /home/travis/build/icyphy/ptII/ptolemy/domains/continuous/test/auto/ContinuousInContinuous.xml
----------------- Instantiating /home/travis/build/icyphy/ptII/ptolemy/domains/continuous/test/auto/ContinuousInContinuous.xml
40 ms. Memory: 275456K Free: 246495K (89%)
----------------- Invoking toplevel() on ptolemy.moml.MoMLSimpleApplication@9bfe8e7
----------------- Done invoking toplevel() on ptolemy.moml.MoMLSimpleApplication@9bfe8e7
reloadAllAccessors: .ContinuousInContinuous

===========================================================================================
----------------- testing Thu Sep 10 15:38:01 UTC 2020 /home/travis/build/icyphy/ptII/ptolemy/domains/continuous/test/auto/ContinuousInContinuousInContinuous.xml
----------------- Instantiating /home/travis/build/icyphy/ptII/ptolemy/domains/continuous/test/auto/ContinuousInContinuousInContinuous.xml
9 ms. Memory: 275456K Free: 238831K (87%)
----------------- Invoking toplevel() on ptolemy.moml.MoMLSimpleApplication@17a898da
----------------- Done invoking toplevel() on ptolemy.moml.MoMLSimpleApplication@17a898da
reloadAllAccessors: .ContinuousInContinuousInContinuous

===========================================================================================
----------------- testing Thu Sep 10 15:38:01 UTC 2020 /home/travis/build/icyphy/ptII/ptolemy/domains/continuous/test/auto/ContinuousInDE.xml
----------------- Instantiating /home/travis/build/icyphy/ptII/ptolemy/domains/continuous/test/auto/ContinuousInDE.xml
62 ms. Memory: 275456K Free: 228077K (83%)
----------------- Invoking toplevel() on ptolemy.moml.MoMLSimpleApplication@12068448
----------------- Done invoking toplevel() on ptolemy.moml.MoMLSimpleApplication@12068448
reloadAllAccessors: .ContinuousInDE

===========================================================================================
----------------- testing Thu Sep 10 15:38:01 UTC 2020 /home/travis/build/icyphy/ptII/ptolemy/domains/continuous/test/auto/ContinuousInDE2.xml
----------------- Instantiating /home/travis/build/icyphy/ptII/ptolemy/domains/continuous/test/auto/ContinuousInDE2.xml
44 ms. Memory: 275456K Free: 218351K (79%)
----------------- Invoking toplevel() on ptolemy.moml.MoMLSimpleApplication@616fb59
----------------- Done invoking toplevel() on ptolemy.moml.MoMLSimpleApplication@616fb59
reloadAllAccessors: .ContinuousInDE2

===========================================================================================
----------------- testing Thu Sep 10 15:38:01 UTC 2020 /home/travis/build/icyphy/ptII/ptolemy/domains/continuous/test/auto/ContinuousInDE3.xml
----------------- Instantiating /home/travis/build/icyphy/ptII/ptolemy/domains/continuous/test/auto/ContinuousInDE3.xml
32 ms. Memory: 275456K Free: 208621K (76%)
----------------- Invoking toplevel() on ptolemy.moml.MoMLSimpleApplication@12e2c4a5
----------------- Done invoking toplevel() on ptolemy.moml.MoMLSimpleApplication@12e2c4a5
reloadAllAccessors: .ContinuousInDE3

===========================================================================================
----------------- testing Thu Sep 10 15:38:01 UTC 2020 /home/travis/build/icyphy/ptII/ptolemy/domains/continuous/test/auto/ContinuousInDE4.xml
----------------- Instantiating /home/travis/build/icyphy/ptII/ptolemy/domains/continuous/test/auto/ContinuousInDE4.xml
12 ms. Memory: 275456K Free: 202477K (74%)
----------------- Invoking toplevel() on ptolemy.moml.MoMLSimpleApplication@30787e7f
----------------- Done invoking toplevel() on ptolemy.moml.MoMLSimpleApplication@30787e7f
reloadAllAccessors: .ContinuousInDE4

===========================================================================================
----------------- testing Thu Sep 10 15:38:01 UTC 2020 /home/travis/build/icyphy/ptII/ptolemy/domains/continuous/test/auto/ContinuousInDEDifferentRefinements.xml
----------------- Instantiating /home/travis/build/icyphy/ptII/ptolemy/domains/continuous/test/auto/ContinuousInDEDifferentRefinements.xml
42 ms. Memory: 275456K Free: 171743K (62%)
----------------- Invoking toplevel() on ptolemy.moml.MoMLSimpleApplication@18f04d5b
----------------- Done invoking toplevel() on ptolemy.moml.MoMLSimpleApplication@18f04d5b
reloadAllAccessors: .ContinuousInDEDifferentRefinements

===========================================================================================
----------------- testing Thu Sep 10 15:38:01 UTC 2020 /home/travis/build/icyphy/ptII/ptolemy/domains/continuous/test/auto/ContinuousInDEDifferentRefinementsPreemptive.xml
----------------- Instantiating /home/travis/build/icyphy/ptII/ptolemy/domains/continuous/test/auto/ContinuousInDEDifferentRefinementsPreemptive.xml
59 ms. Memory: 275456K Free: 141007K (51%)
----------------- Invoking toplevel() on ptolemy.moml.MoMLSimpleApplication@3793a7e8
----------------- Done invoking toplevel() on ptolemy.moml.MoMLSimpleApplication@3793a7e8
reloadAllAccessors: .ContinuousInDEDifferentRefinementsPreemptive

===========================================================================================
----------------- testing Thu Sep 10 15:38:01 UTC 2020 /home/travis/build/icyphy/ptII/ptolemy/domains/continuous/test/auto/ContinuousInDEInContinuous2.xml
----------------- Instantiating /home/travis/build/icyphy/ptII/ptolemy/domains/continuous/test/auto/ContinuousInDEInContinuous2.xml
37 ms. Memory: 275456K Free: 129773K (47%)
----------------- Invoking toplevel() on ptolemy.moml.MoMLSimpleApplication@5ccdb183
----------------- Done invoking toplevel() on ptolemy.moml.MoMLSimpleApplication@5ccdb183
reloadAllAccessors: .ContinuousInDEInContinuous2

===========================================================================================
----------------- testing Thu Sep 10 15:38:02 UTC 2020 /home/travis/build/icyphy/ptII/ptolemy/domains/continuous/test/auto/ContinuousInDEInContinuous3.xml
----------------- Instantiating /home/travis/build/icyphy/ptII/ptolemy/domains/continuous/test/auto/ContinuousInDEInContinuous3.xml
35 ms. Memory: 275456K Free: 117485K (43%)
----------------- Invoking toplevel() on ptolemy.moml.MoMLSimpleApplication@50fd25ce
----------------- Done invoking toplevel() on ptolemy.moml.MoMLSimpleApplication@50fd25ce
reloadAllAccessors: .ContinuousInDEInContinuous3

===========================================================================================
----------------- testing Thu Sep 10 15:38:02 UTC 2020 /home/travis/build/icyphy/ptII/ptolemy/domains/continuous/test/auto/ContinuousInDEInput.xml
----------------- Instantiating /home/travis/build/icyphy/ptII/ptolemy/domains/continuous/test/auto/ContinuousInDEInput.xml
15 ms. Memory: 275456K Free: 110317K (40%)
----------------- Invoking toplevel() on ptolemy.moml.MoMLSimpleApplication@61fe5df6
----------------- Done invoking toplevel() on ptolemy.moml.MoMLSimpleApplication@61fe5df6
reloadAllAccessors: .ContinuousInDEInput

===========================================================================================
----------------- testing Thu Sep 10 15:38:02 UTC 2020 /home/travis/build/icyphy/ptII/ptolemy/domains/continuous/test/auto/ContinuousInDEInput2.xml
----------------- Instantiating /home/travis/build/icyphy/ptII/ptolemy/domains/continuous/test/auto/ContinuousInDEInput2.xml
14 ms. Memory: 275456K Free: 103149K (37%)
----------------- Invoking toplevel() on ptolemy.moml.MoMLSimpleApplication@48919665
----------------- Done invoking toplevel() on ptolemy.moml.MoMLSimpleApplication@48919665
reloadAllAccessors: .ContinuousInDEInput2

===========================================================================================
----------------- testing Thu Sep 10 15:38:02 UTC 2020 /home/travis/build/icyphy/ptII/ptolemy/domains/continuous/test/auto/ContinuousInDEInput3.xml
----------------- Instantiating /home/travis/build/icyphy/ptII/ptolemy/domains/continuous/test/auto/ContinuousInDEInput3.xml
16 ms. Memory: 275456K Free: 260300K (94%)
----------------- Invoking toplevel() on ptolemy.moml.MoMLSimpleApplication@ccdbfc
----------------- Done invoking toplevel() on ptolemy.moml.MoMLSimpleApplication@ccdbfc
reloadAllAccessors: .ContinuousInDEInput3

===========================================================================================
----------------- testing Thu Sep 10 15:38:02 UTC 2020 /home/travis/build/icyphy/ptII/ptolemy/domains/continuous/test/auto/ContinuousInDESharingRefinement.xml
----------------- Instantiating /home/travis/build/icyphy/ptII/ptolemy/domains/continuous/test/auto/ContinuousInDESharingRefinement.xml
133 ms. Memory: 275456K Free: 165837K (60%)
----------------- Invoking toplevel() on ptolemy.moml.MoMLSimpleApplication@602676c
----------------- Done invoking toplevel() on ptolemy.moml.MoMLSimpleApplication@602676c
reloadAllAccessors: .ContinuousInDESharingRefinement

===========================================================================================
----------------- testing Thu Sep 10 15:38:02 UTC 2020 /home/travis/build/icyphy/ptII/ptolemy/domains/continuous/test/auto/ContinuousInDEwithNoPorts.xml
----------------- Instantiating /home/travis/build/icyphy/ptII/ptolemy/domains/continuous/test/auto/ContinuousInDEwithNoPorts.xml
7 ms. Memory: 275456K Free: 161749K (59%)
----------------- Invoking toplevel() on ptolemy.moml.MoMLSimpleApplication@15fa005a
----------------- Done invoking toplevel() on ptolemy.moml.MoMLSimpleApplication@15fa005a
reloadAllAccessors: .ContinuousInDEwithNoPorts

===========================================================================================
----------------- testing Thu Sep 10 15:38:02 UTC 2020 /home/travis/build/icyphy/ptII/ptolemy/domains/continuous/test/auto/ContinuousInsideDE.xml
----------------- Instantiating /home/travis/build/icyphy/ptII/ptolemy/domains/continuous/test/auto/ContinuousInsideDE.xml
32 ms. Memory: 275456K Free: 150491K (55%)
----------------- Invoking toplevel() on ptolemy.moml.MoMLSimpleApplication@2e16bc17
----------------- Done invoking toplevel() on ptolemy.moml.MoMLSimpleApplication@2e16bc17
reloadAllAccessors: .ContinuousInsideDE

===========================================================================================
----------------- testing Thu Sep 10 15:38:02 UTC 2020 /home/travis/build/icyphy/ptII/ptolemy/domains/continuous/test/auto/ContinuousMerge1.xml
----------------- Instantiating /home/travis/build/icyphy/ptII/ptolemy/domains/continuous/test/auto/ContinuousMerge1.xml
4 ms. Memory: 275456K Free: 145885K (53%)
----------------- Invoking toplevel() on ptolemy.moml.MoMLSimpleApplication@43f4f133
----------------- Done invoking toplevel() on ptolemy.moml.MoMLSimpleApplication@43f4f133
reloadAllAccessors: .ContinuousMerge1

===========================================================================================
----------------- testing Thu Sep 10 15:38:02 UTC 2020 /home/travis/build/icyphy/ptII/ptolemy/domains/continuous/test/auto/ContinuousMerge2.xml
----------------- Instantiating /home/travis/build/icyphy/ptII/ptolemy/domains/continuous/test/auto/ContinuousMerge2.xml
15 ms. Memory: 275456K Free: 135645K (49%)
----------------- Invoking toplevel() on ptolemy.moml.MoMLSimpleApplication@2889bf3d
----------------- Done invoking toplevel() on ptolemy.moml.MoMLSimpleApplication@2889bf3d
reloadAllAccessors: .ContinuousMerge2

===========================================================================================
----------------- testing Thu Sep 10 15:38:02 UTC 2020 /home/travis/build/icyphy/ptII/ptolemy/domains/continuous/test/auto/ContinuousMerge3.xml
----------------- Instantiating /home/travis/build/icyphy/ptII/ptolemy/domains/continuous/test/auto/ContinuousMerge3.xml
40 ms. Memory: 275456K Free: 124891K (45%)
----------------- Invoking toplevel() on ptolemy.moml.MoMLSimpleApplication@5a6158b0
----------------- Done invoking toplevel() on ptolemy.moml.MoMLSimpleApplication@5a6158b0
reloadAllAccessors: .ContinuousMerge3

===========================================================================================
----------------- testing Thu Sep 10 15:38:02 UTC 2020 /home/travis/build/icyphy/ptII/ptolemy/domains/continuous/test/auto/ContinuousWithinContinuous.xml
----------------- Instantiating /home/travis/build/icyphy/ptII/ptolemy/domains/continuous/test/auto/ContinuousWithinContinuous.xml
32 ms. Memory: 275456K Free: 115675K (42%)
----------------- Invoking toplevel() on ptolemy.moml.MoMLSimpleApplication@505dc19a
----------------- Done invoking toplevel() on ptolemy.moml.MoMLSimpleApplication@505dc19a
reloadAllAccessors: .ContinuousWithinContinuous

===========================================================================================
----------------- testing Thu Sep 10 15:38:02 UTC 2020 /home/travis/build/icyphy/ptII/ptolemy/domains/continuous/test/auto/ContinuousWithinContinuous2.xml
----------------- Instantiating /home/travis/build/icyphy/ptII/ptolemy/domains/continuous/test/auto/ContinuousWithinContinuous2.xml
61 ms. Memory: 275456K Free: 104411K (38%)
----------------- Invoking toplevel() on ptolemy.moml.MoMLSimpleApplication@57156ff8
----------------- Done invoking toplevel() on ptolemy.moml.MoMLSimpleApplication@57156ff8
reloadAllAccessors: .ContinuousWithinContinuous2

===========================================================================================
----------------- testing Thu Sep 10 15:38:02 UTC 2020 /home/travis/build/icyphy/ptII/ptolemy/domains/continuous/test/auto/ContinuousWithinContinuous3.xml
----------------- Instantiating /home/travis/build/icyphy/ptII/ptolemy/domains/continuous/test/auto/ContinuousWithinContinuous3.xml
9 ms. Memory: 275456K Free: 97243K (35%)
----------------- Invoking toplevel() on ptolemy.moml.MoMLSimpleApplication@619f63d3
----------------- Done invoking toplevel() on ptolemy.moml.MoMLSimpleApplication@619f63d3
reloadAllAccessors: .ContinuousWithinContinuous3

===========================================================================================
----------------- testing Thu Sep 10 15:38:02 UTC 2020 /home/travis/build/icyphy/ptII/ptolemy/domains/continuous/test/auto/ContinuousWithinContinuous4.xml
----------------- Instantiating /home/travis/build/icyphy/ptII/ptolemy/domains/continuous/test/auto/ContinuousWithinContinuous4.xml
51 ms. Memory: 275456K Free: 248966K (90%)
----------------- Invoking toplevel() on ptolemy.moml.MoMLSimpleApplication@5ed50183
----------------- Done invoking toplevel() on ptolemy.moml.MoMLSimpleApplication@5ed50183
reloadAllAccessors: .ContinuousWithinContinuous4

===========================================================================================
----------------- testing Thu Sep 10 15:38:02 UTC 2020 /home/travis/build/icyphy/ptII/ptolemy/domains/continuous/test/auto/ContinuousWithinContinuous5.xml
----------------- Instantiating /home/travis/build/icyphy/ptII/ptolemy/domains/continuous/test/auto/ContinuousWithinContinuous5.xml
9 ms. Memory: 275456K Free: 241798K (88%)
----------------- Invoking toplevel() on ptolemy.moml.MoMLSimpleApplication@21fe2251
----------------- Done invoking toplevel() on ptolemy.moml.MoMLSimpleApplication@21fe2251
reloadAllAccessors: .ContinuousWithinContinuous5

===========================================================================================
----------------- testing Thu Sep 10 15:38:02 UTC 2020 /home/travis/build/icyphy/ptII/ptolemy/domains/continuous/test/auto/ContinuousWithinContinuous6.xml
----------------- Instantiating /home/travis/build/icyphy/ptII/ptolemy/domains/continuous/test/auto/ContinuousWithinContinuous6.xml
10 ms. Memory: 275456K Free: 234630K (85%)
----------------- Invoking toplevel() on ptolemy.moml.MoMLSimpleApplication@58d74f2f
----------------- Done invoking toplevel() on ptolemy.moml.MoMLSimpleApplication@58d74f2f
reloadAllAccessors: .ContinuousWithinContinuous6

===========================================================================================
----------------- testing Thu Sep 10 15:38:02 UTC 2020 /home/travis/build/icyphy/ptII/ptolemy/domains/continuous/test/auto/ContinuousWithinContinuous7.xml
----------------- Instantiating /home/travis/build/icyphy/ptII/ptolemy/domains/continuous/test/auto/ContinuousWithinContinuous7.xml
46 ms. Memory: 275456K Free: 223366K (81%)
----------------- Invoking toplevel() on ptolemy.moml.MoMLSimpleApplication@71485b6a
----------------- Done invoking toplevel() on ptolemy.moml.MoMLSimpleApplication@71485b6a
reloadAllAccessors: .ContinuousWithinContinuous7

===========================================================================================
----------------- testing Thu Sep 10 15:38:02 UTC 2020 /home/travis/build/icyphy/ptII/ptolemy/domains/continuous/test/auto/DCMotor.xml
----------------- Instantiating /home/travis/build/icyphy/ptII/ptolemy/domains/continuous/test/auto/DCMotor.xml
11989 ms. Memory: 275456K Free: 96069K (35%)
----------------- Invoking toplevel() on ptolemy.moml.MoMLSimpleApplication@ede1157
----------------- Done invoking toplevel() on ptolemy.moml.MoMLSimpleApplication@ede1157
reloadAllAccessors: .DCMotor

===========================================================================================
----------------- testing Thu Sep 10 15:38:15 UTC 2020 /home/travis/build/icyphy/ptII/ptolemy/domains/continuous/test/auto/DEInContinuous.xml
----------------- Instantiating /home/travis/build/icyphy/ptII/ptolemy/domains/continuous/test/auto/DEInContinuous.xml
13 ms. Memory: 275456K Free: 253810K (92%)
----------------- Invoking toplevel() on ptolemy.moml.MoMLSimpleApplication@7834d602
----------------- Done invoking toplevel() on ptolemy.moml.MoMLSimpleApplication@7834d602
reloadAllAccessors: .DEInContinuous

===========================================================================================
----------------- testing Thu Sep 10 15:38:15 UTC 2020 /home/travis/build/icyphy/ptII/ptolemy/domains/continuous/test/auto/DEinContinuous2.xml
----------------- Instantiating /home/travis/build/icyphy/ptII/ptolemy/domains/continuous/test/auto/DEinContinuous2.xml
10 ms. Memory: 275456K Free: 245618K (89%)
----------------- Invoking toplevel() on ptolemy.moml.MoMLSimpleApplication@96c93b2
----------------- Done invoking toplevel() on ptolemy.moml.MoMLSimpleApplication@96c93b2
reloadAllAccessors: .DEinContinuous2

===========================================================================================
----------------- testing Thu Sep 10 15:38:15 UTC 2020 /home/travis/build/icyphy/ptII/ptolemy/domains/continuous/test/auto/Derivative.xml
----------------- Instantiating /home/travis/build/icyphy/ptII/ptolemy/domains/continuous/test/auto/Derivative.xml
119 ms. Memory: 275456K Free: 215922K (78%)
----------------- Invoking toplevel() on ptolemy.moml.MoMLSimpleApplication@7374e0c8
----------------- Done invoking toplevel() on ptolemy.moml.MoMLSimpleApplication@7374e0c8
reloadAllAccessors: .Derivative2

===========================================================================================
----------------- testing Thu Sep 10 15:38:15 UTC 2020 /home/travis/build/icyphy/ptII/ptolemy/domains/continuous/test/auto/Derivative1.xml
----------------- Instantiating /home/travis/build/icyphy/ptII/ptolemy/domains/continuous/test/auto/Derivative1.xml
18 ms. Memory: 275456K Free: 201586K (73%)
----------------- Invoking toplevel() on ptolemy.moml.MoMLSimpleApplication@bf44d98
----------------- Done invoking toplevel() on ptolemy.moml.MoMLSimpleApplication@bf44d98
reloadAllAccessors: .Derivative1

===========================================================================================
----------------- testing Thu Sep 10 15:38:15 UTC 2020 /home/travis/build/icyphy/ptII/ptolemy/domains/continuous/test/auto/DiscreteClock.xml
----------------- Instantiating /home/travis/build/icyphy/ptII/ptolemy/domains/continuous/test/auto/DiscreteClock.xml
5 ms. Memory: 275456K Free: 196466K (71%)
----------------- Invoking toplevel() on ptolemy.moml.MoMLSimpleApplication@2e6a69cd
----------------- Done invoking toplevel() on ptolemy.moml.MoMLSimpleApplication@2e6a69cd
reloadAllAccessors: .DiscreteClock

===========================================================================================
----------------- testing Thu Sep 10 15:38:15 UTC 2020 /home/travis/build/icyphy/ptII/ptolemy/domains/continuous/test/auto/EfficiencyCurve.xml
----------------- Instantiating /home/travis/build/icyphy/ptII/ptolemy/domains/continuous/test/auto/EfficiencyCurve.xml
80 ms. Memory: 275456K Free: 187760K (68%)
----------------- Invoking toplevel() on ptolemy.moml.MoMLSimpleApplication@75216eb3
----------------- Done invoking toplevel() on ptolemy.moml.MoMLSimpleApplication@75216eb3
reloadAllAccessors: .EfficiencyCurve

===========================================================================================
----------------- testing Thu Sep 10 15:38:15 UTC 2020 /home/travis/build/icyphy/ptII/ptolemy/domains/continuous/test/auto/ExponentialResponse.xml
----------------- Instantiating /home/travis/build/icyphy/ptII/ptolemy/domains/continuous/test/auto/ExponentialResponse.xml
82 ms. Memory: 275456K Free: 172400K (63%)
----------------- Invoking toplevel() on ptolemy.moml.MoMLSimpleApplication@21f9f8a7
----------------- Done invoking toplevel() on ptolemy.moml.MoMLSimpleApplication@21f9f8a7
reloadAllAccessors: .ExponentialResponse

===========================================================================================
----------------- testing Thu Sep 10 15:38:15 UTC 2020 /home/travis/build/icyphy/ptII/ptolemy/domains/continuous/test/auto/ExponentialResponseRK45.xml
----------------- Instantiating /home/travis/build/icyphy/ptII/ptolemy/domains/continuous/test/auto/ExponentialResponseRK45.xml
20 ms. Memory: 275456K Free: 165746K (60%)
----------------- Invoking toplevel() on ptolemy.moml.MoMLSimpleApplication@5bef1d8d
----------------- Done invoking toplevel() on ptolemy.moml.MoMLSimpleApplication@5bef1d8d
reloadAllAccessors: .ExponentialResponseRK45

===========================================================================================
----------------- testing Thu Sep 10 15:38:15 UTC 2020 /home/travis/build/icyphy/ptII/ptolemy/domains/continuous/test/auto/Friction.xml
----------------- Instantiating /home/travis/build/icyphy/ptII/ptolemy/domains/continuous/test/auto/Friction.xml
1374 ms. Memory: 275456K Free: 232093K (84%)
----------------- Invoking toplevel() on ptolemy.moml.MoMLSimpleApplication@37bec0b5
----------------- Done invoking toplevel() on ptolemy.moml.MoMLSimpleApplication@37bec0b5
reloadAllAccessors: .Friction

===========================================================================================
----------------- testing Thu Sep 10 15:38:17 UTC 2020 /home/travis/build/icyphy/ptII/ptolemy/domains/continuous/test/auto/FurutaPendulum.xml
----------------- Instantiating /home/travis/build/icyphy/ptII/ptolemy/domains/continuous/test/auto/FurutaPendulum.xml
2929 ms. Memory: 330752K Free: 280300K (85%)
----------------- Invoking toplevel() on ptolemy.moml.MoMLSimpleApplication@1d04305a
----------------- Done invoking toplevel() on ptolemy.moml.MoMLSimpleApplication@1d04305a
reloadAllAccessors: .FurutaPendulum

===========================================================================================
----------------- testing Thu Sep 10 15:38:20 UTC 2020 /home/travis/build/icyphy/ptII/ptolemy/domains/continuous/test/auto/HierarchicalExecution.xml
----------------- Instantiating /home/travis/build/icyphy/ptII/ptolemy/domains/continuous/test/auto/HierarchicalExecution.xml
1498 ms. Memory: 330752K Free: 200409K (61%)
----------------- Invoking toplevel() on ptolemy.moml.MoMLSimpleApplication@3622db48
----------------- Done invoking toplevel() on ptolemy.moml.MoMLSimpleApplication@3622db48
reloadAllAccessors: .HierarchicalExecution

===========================================================================================
----------------- testing Thu Sep 10 15:38:22 UTC 2020 /home/travis/build/icyphy/ptII/ptolemy/domains/continuous/test/auto/HybridPlant.xml
----------------- Instantiating /home/travis/build/icyphy/ptII/ptolemy/domains/continuous/test/auto/HybridPlant.xml
480 ms. Memory: 330752K Free: 132462K (40%)
----------------- Invoking toplevel() on ptolemy.moml.MoMLSimpleApplication@7456f15a
----------------- Done invoking toplevel() on ptolemy.moml.MoMLSimpleApplication@7456f15a
reloadAllAccessors: .HybridPlant

===========================================================================================
----------------- testing Thu Sep 10 15:38:22 UTC 2020 /home/travis/build/icyphy/ptII/ptolemy/domains/continuous/test/auto/Hysteresis.xml
----------------- Instantiating /home/travis/build/icyphy/ptII/ptolemy/domains/continuous/test/auto/Hysteresis.xml
121 ms. Memory: 330752K Free: 266120K (80%)
----------------- Invoking toplevel() on ptolemy.moml.MoMLSimpleApplication@24e68e9a
----------------- Done invoking toplevel() on ptolemy.moml.MoMLSimpleApplication@24e68e9a
reloadAllAccessors: .Hysteresis

===========================================================================================
----------------- testing Thu Sep 10 15:38:22 UTC 2020 /home/travis/build/icyphy/ptII/ptolemy/domains/continuous/test/auto/HysteresisWithRandomDelay.xml
----------------- Instantiating /home/travis/build/icyphy/ptII/ptolemy/domains/continuous/test/auto/HysteresisWithRandomDelay.xml
156 ms. Memory: 330752K Free: 194950K (59%)
----------------- Invoking toplevel() on ptolemy.moml.MoMLSimpleApplication@79998fcc
----------------- Done invoking toplevel() on ptolemy.moml.MoMLSimpleApplication@79998fcc
reloadAllAccessors: .HysteresisWithRandomDelay

===========================================================================================
----------------- testing Thu Sep 10 15:38:23 UTC 2020 /home/travis/build/icyphy/ptII/ptolemy/domains/continuous/test/auto/HysteresisWithRandomLosses.xml
----------------- Instantiating /home/travis/build/icyphy/ptII/ptolemy/domains/continuous/test/auto/HysteresisWithRandomLosses.xml
2092 ms. Memory: 330752K Free: 242184K (73%)
----------------- Invoking toplevel() on ptolemy.moml.MoMLSimpleApplication@66e68be7
----------------- Done invoking toplevel() on ptolemy.moml.MoMLSimpleApplication@66e68be7
reloadAllAccessors: .HysteresisWithRandomLosses

===========================================================================================
----------------- testing Thu Sep 10 15:38:25 UTC 2020 /home/travis/build/icyphy/ptII/ptolemy/domains/continuous/test/auto/ImmediateTransitions.xml
----------------- Instantiating /home/travis/build/icyphy/ptII/ptolemy/domains/continuous/test/auto/ImmediateTransitions.xml
15 ms. Memory: 330752K Free: 231462K (70%)
----------------- Invoking toplevel() on ptolemy.moml.MoMLSimpleApplication@36624a9a
----------------- Done invoking toplevel() on ptolemy.moml.MoMLSimpleApplication@36624a9a
reloadAllAccessors: .ImmediateTransitions

===========================================================================================
----------------- testing Thu Sep 10 15:38:25 UTC 2020 /home/travis/build/icyphy/ptII/ptolemy/domains/continuous/test/auto/ImpulseFeedback.xml
----------------- Instantiating /home/travis/build/icyphy/ptII/ptolemy/domains/continuous/test/auto/ImpulseFeedback.xml
10 ms. Memory: 330752K Free: 225318K (68%)
----------------- Invoking toplevel() on ptolemy.moml.MoMLSimpleApplication@10628619
----------------- Done invoking toplevel() on ptolemy.moml.MoMLSimpleApplication@10628619
reloadAllAccessors: .ImpulseFeedback

===========================================================================================
----------------- testing Thu Sep 10 15:38:25 UTC 2020 /home/travis/build/icyphy/ptII/ptolemy/domains/continuous/test/auto/ImpulseFeedback2.xml
----------------- Instantiating /home/travis/build/icyphy/ptII/ptolemy/domains/continuous/test/auto/ImpulseFeedback2.xml
6 ms. Memory: 330752K Free: 219688K (66%)
----------------- Invoking toplevel() on ptolemy.moml.MoMLSimpleApplication@4e5b2d83
----------------- Done invoking toplevel() on ptolemy.moml.MoMLSimpleApplication@4e5b2d83
reloadAllAccessors: .ImpulseFeedback2

===========================================================================================
----------------- testing Thu Sep 10 15:38:25 UTC 2020 /home/travis/build/icyphy/ptII/ptolemy/domains/continuous/test/auto/IncreasingRatePoisson.xml
----------------- Instantiating /home/travis/build/icyphy/ptII/ptolemy/domains/continuous/test/auto/IncreasingRatePoisson.xml
656 ms. Memory: 330752K Free: 304300K (92%)
----------------- Invoking toplevel() on ptolemy.moml.MoMLSimpleApplication@3f318d55
----------------- Done invoking toplevel() on ptolemy.moml.MoMLSimpleApplication@3f318d55
reloadAllAccessors: .IncreasingRatePoisson

===========================================================================================
----------------- testing Thu Sep 10 15:38:26 UTC 2020 /home/travis/build/icyphy/ptII/ptolemy/domains/continuous/test/auto/InitialStateFeedback.xml
----------------- Instantiating /home/travis/build/icyphy/ptII/ptolemy/domains/continuous/test/auto/InitialStateFeedback.xml
3 ms. Memory: 330752K Free: 299690K (91%)
----------------- Invoking toplevel() on ptolemy.moml.MoMLSimpleApplication@2375a574
----------------- Done invoking toplevel() on ptolemy.moml.MoMLSimpleApplication@2375a574
reloadAllAccessors: .InitialStateFeedback

===========================================================================================
----------------- testing Thu Sep 10 15:38:26 UTC 2020 /home/travis/build/icyphy/ptII/ptolemy/domains/continuous/test/auto/Integration.xml
----------------- Instantiating /home/travis/build/icyphy/ptII/ptolemy/domains/continuous/test/auto/Integration.xml
2 ms. Memory: 330752K Free: 295594K (89%)
----------------- Invoking toplevel() on ptolemy.moml.MoMLSimpleApplication@42bf00d4
----------------- Done invoking toplevel() on ptolemy.moml.MoMLSimpleApplication@42bf00d4
reloadAllAccessors: .Integration

===========================================================================================
----------------- testing Thu Sep 10 15:38:26 UTC 2020 /home/travis/build/icyphy/ptII/ptolemy/domains/continuous/test/auto/Integration2.xml
----------------- Instantiating /home/travis/build/icyphy/ptII/ptolemy/domains/continuous/test/auto/Integration2.xml
67 ms. Memory: 330752K Free: 281772K (85%)
----------------- Invoking toplevel() on ptolemy.moml.MoMLSimpleApplication@3b383801
----------------- Done invoking toplevel() on ptolemy.moml.MoMLSimpleApplication@3b383801
reloadAllAccessors: .Integration2

===========================================================================================
----------------- testing Thu Sep 10 15:38:26 UTC 2020 /home/travis/build/icyphy/ptII/ptolemy/domains/continuous/test/auto/Integration3.xml
----------------- Instantiating /home/travis/build/icyphy/ptII/ptolemy/domains/continuous/test/auto/Integration3.xml
2 ms. Memory: 330752K Free: 277148K (84%)
----------------- Invoking toplevel() on ptolemy.moml.MoMLSimpleApplication@7d9b1630
----------------- Done invoking toplevel() on ptolemy.moml.MoMLSimpleApplication@7d9b1630
reloadAllAccessors: .Integration3

===========================================================================================
----------------- testing Thu Sep 10 15:38:26 UTC 2020 /home/travis/build/icyphy/ptII/ptolemy/domains/continuous/test/auto/Integration5.xml
----------------- Instantiating /home/travis/build/icyphy/ptII/ptolemy/domains/continuous/test/auto/Integration5.xml
2 ms. Memory: 330752K Free: 273066K (83%)
----------------- Invoking toplevel() on ptolemy.moml.MoMLSimpleApplication@7a7b9c4d
----------------- Done invoking toplevel() on ptolemy.moml.MoMLSimpleApplication@7a7b9c4d
reloadAllAccessors: .Integration5

===========================================================================================
----------------- testing Thu Sep 10 15:38:26 UTC 2020 /home/travis/build/icyphy/ptII/ptolemy/domains/continuous/test/auto/IntegratorImpulse.xml
----------------- Instantiating /home/travis/build/icyphy/ptII/ptolemy/domains/continuous/test/auto/IntegratorImpulse.xml
2 ms. Memory: 330752K Free: 268970K (81%)
----------------- Invoking toplevel() on ptolemy.moml.MoMLSimpleApplication@6f3a73e8
----------------- Done invoking toplevel() on ptolemy.moml.MoMLSimpleApplication@6f3a73e8
reloadAllAccessors: .IntegratorImpulse

===========================================================================================
----------------- testing Thu Sep 10 15:38:26 UTC 2020 /home/travis/build/icyphy/ptII/ptolemy/domains/continuous/test/auto/IntegratorImpulse2.xml
----------------- Instantiating /home/travis/build/icyphy/ptII/ptolemy/domains/continuous/test/auto/IntegratorImpulse2.xml
3 ms. Memory: 330752K Free: 264364K (80%)
----------------- Invoking toplevel() on ptolemy.moml.MoMLSimpleApplication@225fb4fb
----------------- Done invoking toplevel() on ptolemy.moml.MoMLSimpleApplication@225fb4fb
reloadAllAccessors: .IntegratorImpulse2

===========================================================================================
----------------- testing Thu Sep 10 15:38:26 UTC 2020 /home/travis/build/icyphy/ptII/ptolemy/domains/continuous/test/auto/LevelCrossing1.xml
----------------- Instantiating /home/travis/build/icyphy/ptII/ptolemy/domains/continuous/test/auto/LevelCrossing1.xml
2 ms. Memory: 330752K Free: 259244K (78%)
----------------- Invoking toplevel() on ptolemy.moml.MoMLSimpleApplication@62266e70
----------------- Done invoking toplevel() on ptolemy.moml.MoMLSimpleApplication@62266e70
reloadAllAccessors: .LevelCrossing1

===========================================================================================
----------------- testing Thu Sep 10 15:38:26 UTC 2020 /home/travis/build/icyphy/ptII/ptolemy/domains/continuous/test/auto/LevelCrossing2.xml
----------------- Instantiating /home/travis/build/icyphy/ptII/ptolemy/domains/continuous/test/auto/LevelCrossing2.xml
7 ms. Memory: 330752K Free: 254124K (77%)
----------------- Invoking toplevel() on ptolemy.moml.MoMLSimpleApplication@3f435272
----------------- Done invoking toplevel() on ptolemy.moml.MoMLSimpleApplication@3f435272
reloadAllAccessors: .LevelCrossing2

===========================================================================================
----------------- testing Thu Sep 10 15:38:26 UTC 2020 /home/travis/build/icyphy/ptII/ptolemy/domains/continuous/test/auto/LevelCrossing3.xml
----------------- Instantiating /home/travis/build/icyphy/ptII/ptolemy/domains/continuous/test/auto/LevelCrossing3.xml
2 ms. Memory: 330752K Free: 249004K (75%)
----------------- Invoking toplevel() on ptolemy.moml.MoMLSimpleApplication@1c21c26f
----------------- Done invoking toplevel() on ptolemy.moml.MoMLSimpleApplication@1c21c26f
reloadAllAccessors: .LevelCrossing3

===========================================================================================
----------------- testing Thu Sep 10 15:38:26 UTC 2020 /home/travis/build/icyphy/ptII/ptolemy/domains/continuous/test/auto/LevelCrossing4.xml
----------------- Instantiating /home/travis/build/icyphy/ptII/ptolemy/domains/continuous/test/auto/LevelCrossing4.xml
4 ms. Memory: 330752K Free: 243884K (74%)
----------------- Invoking toplevel() on ptolemy.moml.MoMLSimpleApplication@792e19c
----------------- Done invoking toplevel() on ptolemy.moml.MoMLSimpleApplication@792e19c
reloadAllAccessors: .LevelCrossing4

===========================================================================================
----------------- testing Thu Sep 10 15:38:26 UTC 2020 /home/travis/build/icyphy/ptII/ptolemy/domains/continuous/test/auto/LevelCrossing5.xml
----------------- Instantiating /home/travis/build/icyphy/ptII/ptolemy/domains/continuous/test/auto/LevelCrossing5.xml
3 ms. Memory: 330752K Free: 238764K (72%)
----------------- Invoking toplevel() on ptolemy.moml.MoMLSimpleApplication@4c00234f
----------------- Done invoking toplevel() on ptolemy.moml.MoMLSimpleApplication@4c00234f
reloadAllAccessors: .LevelCrossing5

===========================================================================================
[...]
----------------- testing Thu Sep 10 15:38:42 UTC 2020 /home/travis/build/icyphy/ptII/ptolemy/domains/continuous/test/auto/SRinContinuous.xml
----------------- Instantiating /home/travis/build/icyphy/ptII/ptolemy/domains/continuous/test/auto/SRinContinuous.xml
3 ms. Memory: 330752K Free: 265484K (80%)
----------------- Invoking toplevel() on ptolemy.moml.MoMLSimpleApplication@86c81b8
----------------- Done invoking toplevel() on ptolemy.moml.MoMLSimpleApplication@86c81b8
reloadAllAccessors: .SRinContinuous

===========================================================================================
----------------- testing Thu Sep 10 15:38:42 UTC 2020 /home/travis/build/icyphy/ptII/ptolemy/domains/continuous/test/auto/SampledClocks.xml
----------------- Instantiating /home/travis/build/icyphy/ptII/ptolemy/domains/continuous/test/auto/SampledClocks.xml
12 ms. Memory: 330752K Free: 252686K (76%)
----------------- Invoking toplevel() on ptolemy.moml.MoMLSimpleApplication@10efe2e5
----------------- Done invoking toplevel() on ptolemy.moml.MoMLSimpleApplication@10efe2e5
reloadAllAccessors: .SampledClocks

===========================================================================================
----------------- testing Thu Sep 10 15:38:42 UTC 2020 /home/travis/build/icyphy/ptII/ptolemy/domains/continuous/test/auto/Satellite.xml
----------------- Instantiating /home/travis/build/icyphy/ptII/ptolemy/domains/continuous/test/auto/Satellite.xml
699 ms. Memory: 330752K Free: 256043K (77%)
----------------- Invoking toplevel() on ptolemy.moml.MoMLSimpleApplication@293440e3
----------------- Done invoking toplevel() on ptolemy.moml.MoMLSimpleApplication@293440e3
reloadAllAccessors: .Satellite

===========================================================================================
----------------- testing Thu Sep 10 15:38:42 UTC 2020 /home/travis/build/icyphy/ptII/ptolemy/domains/continuous/test/auto/SigmaDelta.xml
----------------- Instantiating /home/travis/build/icyphy/ptII/ptolemy/domains/continuous/test/auto/SigmaDelta.xml
1744 ms. Memory: 330752K Free: 190692K (58%)
----------------- Invoking toplevel() on ptolemy.moml.MoMLSimpleApplication@2d614dee
----------------- Done invoking toplevel() on ptolemy.moml.MoMLSimpleApplication@2d614dee
reloadAllAccessors: .SigmaDelta

===========================================================================================
----------------- testing Thu Sep 10 15:38:44 UTC 2020 /home/travis/build/icyphy/ptII/ptolemy/domains/continuous/test/auto/SingleRefinement.xml
----------------- Instantiating /home/travis/build/icyphy/ptII/ptolemy/domains/continuous/test/auto/SingleRefinement.xml
327 ms. Memory: 330752K Free: 202981K (61%)
----------------- Invoking toplevel() on ptolemy.moml.MoMLSimpleApplication@3f1044c7
----------------- Done invoking toplevel() on ptolemy.moml.MoMLSimpleApplication@3f1044c7
reloadAllAccessors: .SingleRefinement

===========================================================================================
----------------- testing Thu Sep 10 15:38:45 UTC 2020 /home/travis/build/icyphy/ptII/ptolemy/domains/continuous/test/auto/SinuBouncingBall.xml
----------------- Instantiating /home/travis/build/icyphy/ptII/ptolemy/domains/continuous/test/auto/SinuBouncingBall.xml
724 ms. Memory: 330752K Free: 184652K (56%)
----------------- Invoking toplevel() on ptolemy.moml.MoMLSimpleApplication@3bd7e16e
----------------- Done invoking toplevel() on ptolemy.moml.MoMLSimpleApplication@3bd7e16e
reloadAllAccessors: .SinuBouncingBall

===========================================================================================
----------------- testing Thu Sep 10 15:38:45 UTC 2020 /home/travis/build/icyphy/ptII/ptolemy/domains/continuous/test/auto/Sinusoid.xml
----------------- Instantiating /home/travis/build/icyphy/ptII/ptolemy/domains/continuous/test/auto/Sinusoid.xml
4 ms. Memory: 330752K Free: 180028K (54%)
----------------- Invoking toplevel() on ptolemy.moml.MoMLSimpleApplication@5480cd8d
----------------- Done invoking toplevel() on ptolemy.moml.MoMLSimpleApplication@5480cd8d
reloadAllAccessors: .Sinusoid

===========================================================================================
----------------- testing Thu Sep 10 15:38:45 UTC 2020 /home/travis/build/icyphy/ptII/ptolemy/domains/continuous/test/auto/SinusoidInNoise.xml
----------------- Instantiating /home/travis/build/icyphy/ptII/ptolemy/domains/continuous/test/auto/SinusoidInNoise.xml
757 ms. Memory: 330752K Free: 241879K (73%)
----------------- Invoking toplevel() on ptolemy.moml.MoMLSimpleApplication@4a83a611
----------------- Done invoking toplevel() on ptolemy.moml.MoMLSimpleApplication@4a83a611
reloadAllAccessors: .SinusoidInNoise

===========================================================================================
----------------- testing Thu Sep 10 15:38:46 UTC 2020 /home/travis/build/icyphy/ptII/ptolemy/domains/continuous/test/auto/SinusoidRK45.xml
----------------- Instantiating /home/travis/build/icyphy/ptII/ptolemy/domains/continuous/test/auto/SinusoidRK45.xml
2 ms. Memory: 330752K Free: 237254K (72%)
----------------- Invoking toplevel() on ptolemy.moml.MoMLSimpleApplication@6d5f0c3f
----------------- Done invoking toplevel() on ptolemy.moml.MoMLSimpleApplication@6d5f0c3f
reloadAllAccessors: .SinusoidRK45

===========================================================================================
----------------- testing Thu Sep 10 15:38:46 UTC 2020 /home/travis/build/icyphy/ptII/ptolemy/domains/continuous/test/auto/SinusoidWithMultipleImpulses.xml
----------------- Instantiating /home/travis/build/icyphy/ptII/ptolemy/domains/continuous/test/auto/SinusoidWithMultipleImpulses.xml
2 ms. Memory: 330752K Free: 232663K (70%)
----------------- Invoking toplevel() on ptolemy.moml.MoMLSimpleApplication@6ef07402
----------------- Done invoking toplevel() on ptolemy.moml.MoMLSimpleApplication@6ef07402
reloadAllAccessors: .SinusoidWithMultipleImpulses

===========================================================================================
----------------- testing Thu Sep 10 15:38:46 UTC 2020 /home/travis/build/icyphy/ptII/ptolemy/domains/continuous/test/auto/SquareWave.xml
----------------- Instantiating /home/travis/build/icyphy/ptII/ptolemy/domains/continuous/test/auto/SquareWave.xml
136 ms. Memory: 330752K Free: 205015K (62%)
----------------- Invoking toplevel() on ptolemy.moml.MoMLSimpleApplication@2848304b
----------------- Done invoking toplevel() on ptolemy.moml.MoMLSimpleApplication@2848304b
reloadAllAccessors: .SquareWave

===========================================================================================
----------------- testing Thu Sep 10 15:38:46 UTC 2020 /home/travis/build/icyphy/ptII/ptolemy/domains/continuous/test/auto/Starmac.xml
----------------- Instantiating /home/travis/build/icyphy/ptII/ptolemy/domains/continuous/test/auto/Starmac.xml
3080 ms. Memory: 330752K Free: 286928K (87%)
----------------- Invoking toplevel() on ptolemy.moml.MoMLSimpleApplication@5f75138b
----------------- Done invoking toplevel() on ptolemy.moml.MoMLSimpleApplication@5f75138b
reloadAllAccessors: .Starmac

===========================================================================================
----------------- testing Thu Sep 10 15:38:50 UTC 2020 /home/travis/build/icyphy/ptII/ptolemy/domains/continuous/test/auto/StaticUnits.xml
----------------- Instantiating /home/travis/build/icyphy/ptII/ptolemy/domains/continuous/test/auto/StaticUnits.xml
1811 ms. Memory: 330752K Free: 230073K (70%)
----------------- Invoking toplevel() on ptolemy.moml.MoMLSimpleApplication@30bf2e8a
----------------- Done invoking toplevel() on ptolemy.moml.MoMLSimpleApplication@30bf2e8a
reloadAllAccessors: .StaticUnits

===========================================================================================
----------------- testing Thu Sep 10 15:38:52 UTC 2020 /home/travis/build/icyphy/ptII/ptolemy/domains/continuous/test/auto/StickyMasses.xml
----------------- Instantiating /home/travis/build/icyphy/ptII/ptolemy/domains/continuous/test/auto/StickyMasses.xml
136 ms. Memory: 330752K Free: 180407K (55%)
----------------- Invoking toplevel() on ptolemy.moml.MoMLSimpleApplication@2df28527
----------------- Done invoking toplevel() on ptolemy.moml.MoMLSimpleApplication@2df28527
reloadAllAccessors: .StickyMasses

===========================================================================================
----------------- testing Thu Sep 10 15:38:52 UTC 2020 /home/travis/build/icyphy/ptII/ptolemy/domains/continuous/test/auto/StopTime.xml
----------------- Instantiating /home/travis/build/icyphy/ptII/ptolemy/domains/continuous/test/auto/StopTime.xml
40 ms. Memory: 330752K Free: 155816K (47%)
----------------- Invoking toplevel() on ptolemy.moml.MoMLSimpleApplication@5e532a34
----------------- Done invoking toplevel() on ptolemy.moml.MoMLSimpleApplication@5e532a34
reloadAllAccessors: .StopTime

===========================================================================================
----------------- testing Thu Sep 10 15:38:52 UTC 2020 /home/travis/build/icyphy/ptII/ptolemy/domains/continuous/test/auto/StopTime2.xml
----------------- Instantiating /home/travis/build/icyphy/ptII/ptolemy/domains/continuous/test/auto/StopTime2.xml
29 ms. Memory: 330752K Free: 133817K (40%)
----------------- Invoking toplevel() on ptolemy.moml.MoMLSimpleApplication@9d4acca
----------------- Done invoking toplevel() on ptolemy.moml.MoMLSimpleApplication@9d4acca
reloadAllAccessors: .StopTime2

===========================================================================================
----------------- testing Thu Sep 10 15:38:53 UTC 2020 /home/travis/build/icyphy/ptII/ptolemy/domains/continuous/test/auto/Switch.xml
----------------- Instantiating /home/travis/build/icyphy/ptII/ptolemy/domains/continuous/test/auto/Switch.xml
43 ms. Memory: 330752K Free: 300971K (91%)
----------------- Invoking toplevel() on ptolemy.moml.MoMLSimpleApplication@34d5c438
----------------- Done invoking toplevel() on ptolemy.moml.MoMLSimpleApplication@34d5c438
reloadAllAccessors: .Switch

===========================================================================================
----------------- testing Thu Sep 10 15:38:53 UTC 2020 /home/travis/build/icyphy/ptII/ptolemy/domains/continuous/test/auto/Thermostat.xml
----------------- Instantiating /home/travis/build/icyphy/ptII/ptolemy/domains/continuous/test/auto/Thermostat.xml
184 ms. Memory: 330752K Free: 228437K (69%)
----------------- Invoking toplevel() on ptolemy.moml.MoMLSimpleApplication@62f381d
----------------- Done invoking toplevel() on ptolemy.moml.MoMLSimpleApplication@62f381d
reloadAllAccessors: .Thermostat

===========================================================================================
----------------- testing Thu Sep 10 15:38:53 UTC 2020 /home/travis/build/icyphy/ptII/ptolemy/domains/continuous/test/auto/TimeDelay.xml
----------------- Instantiating /home/travis/build/icyphy/ptII/ptolemy/domains/continuous/test/auto/TimeDelay.xml
5 ms. Memory: 330752K Free: 223862K (68%)
----------------- Invoking toplevel() on ptolemy.moml.MoMLSimpleApplication@4a6e2514
----------------- Done invoking toplevel() on ptolemy.moml.MoMLSimpleApplication@4a6e2514
reloadAllAccessors: .TimeDelay

===========================================================================================
----------------- testing Thu Sep 10 15:38:53 UTC 2020 /home/travis/build/icyphy/ptII/ptolemy/domains/continuous/test/auto/TimeDelay2.xml
----------------- Instantiating /home/travis/build/icyphy/ptII/ptolemy/domains/continuous/test/auto/TimeDelay2.xml
7 ms. Memory: 330752K Free: 214132K (65%)
----------------- Invoking toplevel() on ptolemy.moml.MoMLSimpleApplication@b2776b2
----------------- Done invoking toplevel() on ptolemy.moml.MoMLSimpleApplication@b2776b2
reloadAllAccessors: .TimeDelay2

===========================================================================================
----------------- testing Thu Sep 10 15:38:53 UTC 2020 /home/travis/build/icyphy/ptII/ptolemy/domains/continuous/test/auto/TimeDelay3.xml
----------------- Instantiating /home/travis/build/icyphy/ptII/ptolemy/domains/continuous/test/auto/TimeDelay3.xml
2 ms. Memory: 330752K Free: 209526K (63%)
----------------- Invoking toplevel() on ptolemy.moml.MoMLSimpleApplication@32c834ff
----------------- Done invoking toplevel() on ptolemy.moml.MoMLSimpleApplication@32c834ff
reloadAllAccessors: .TimeDelay3

===========================================================================================
----------------- testing Thu Sep 10 15:38:53 UTC 2020 /home/travis/build/icyphy/ptII/ptolemy/domains/continuous/test/auto/TransferAbsentToInside.xml
----------------- Instantiating /home/travis/build/icyphy/ptII/ptolemy/domains/continuous/test/auto/TransferAbsentToInside.xml
29 ms. Memory: 330752K Free: 157302K (48%)
----------------- Invoking toplevel() on ptolemy.moml.MoMLSimpleApplication@1cad3d8f
----------------- Done invoking toplevel() on ptolemy.moml.MoMLSimpleApplication@1cad3d8f
reloadAllAccessors: .TransferAbsentToInside

===========================================================================================
----------------- testing Thu Sep 10 15:38:53 UTC 2020 /home/travis/build/icyphy/ptII/ptolemy/domains/continuous/test/auto/Transmission.xml
----------------- Instantiating /home/travis/build/icyphy/ptII/ptolemy/domains/continuous/test/auto/Transmission.xml
707 ms. Memory: 330752K Free: 118351K (36%)
----------------- Invoking toplevel() on ptolemy.moml.MoMLSimpleApplication@7ab83055
----------------- Done invoking toplevel() on ptolemy.moml.MoMLSimpleApplication@7ab83055
reloadAllAccessors: .Transmission

===========================================================================================
----------------- testing Thu Sep 10 15:38:54 UTC 2020 /home/travis/build/icyphy/ptII/ptolemy/domains/continuous/test/auto/TriggeredContinuousClock.xml
----------------- Instantiating /home/travis/build/icyphy/ptII/ptolemy/domains/continuous/test/auto/TriggeredContinuousClock.xml
35 ms. Memory: 330752K Free: 281185K (85%)
----------------- Invoking toplevel() on ptolemy.moml.MoMLSimpleApplication@52e2c4e5
----------------- Done invoking toplevel() on ptolemy.moml.MoMLSimpleApplication@52e2c4e5
reloadAllAccessors: .TriggeredContinuousClock

===========================================================================================
----------------- testing Thu Sep 10 15:38:54 UTC 2020 /home/travis/build/icyphy/ptII/ptolemy/domains/continuous/test/auto/TwoMachineInfiniteBusControl.xml
----------------- Instantiating /home/travis/build/icyphy/ptII/ptolemy/domains/continuous/test/auto/TwoMachineInfiniteBusControl.xml
2175 ms. Memory: 330752K Free: 283713K (86%)
----------------- Invoking toplevel() on ptolemy.moml.MoMLSimpleApplication@144c78ee
----------------- Done invoking toplevel() on ptolemy.moml.MoMLSimpleApplication@144c78ee
reloadAllAccessors: .TwoMachineInfiniteBusControl

===========================================================================================
----------------- testing Thu Sep 10 15:38:56 UTC 2020 /home/travis/build/icyphy/ptII/ptolemy/domains/continuous/test/auto/V2V.xml
----------------- Instantiating /home/travis/build/icyphy/ptII/ptolemy/domains/continuous/test/auto/V2V.xml
684 ms. Memory: 330752K Free: 287768K (87%)
----------------- Invoking toplevel() on ptolemy.moml.MoMLSimpleApplication@49eb73aa
----------------- Done invoking toplevel() on ptolemy.moml.MoMLSimpleApplication@49eb73aa
reloadAllAccessors: .V2V

===========================================================================================
----------------- testing Thu Sep 10 15:38:57 UTC 2020 /home/travis/build/icyphy/ptII/ptolemy/domains/continuous/test/auto/hierarchicalModalModel.xml
----------------- Instantiating /home/travis/build/icyphy/ptII/ptolemy/domains/continuous/test/auto/hierarchicalModalModel.xml
8 ms. Memory: 330752K Free: 272936K (83%)
----------------- Invoking toplevel() on ptolemy.moml.MoMLSimpleApplication@38741019
----------------- Done invoking toplevel() on ptolemy.moml.MoMLSimpleApplication@38741019
reloadAllAccessors: .hierarchicalModalModel

===========================================================================================
----------------- testing Thu Sep 10 15:38:57 UTC 2020 /home/travis/build/icyphy/ptII/ptolemy/domains/continuous/test/auto/hierarchicalModalModel1.xml
----------------- Instantiating /home/travis/build/icyphy/ptII/ptolemy/domains/continuous/test/auto/hierarchicalModalModel1.xml
8 ms. Memory: 330752K Free: 258600K (78%)
----------------- Invoking toplevel() on ptolemy.moml.MoMLSimpleApplication@1dcf7168
----------------- Done invoking toplevel() on ptolemy.moml.MoMLSimpleApplication@1dcf7168
reloadAllAccessors: .hierarchicalModalModel1

===========================================================================================
----------------- testing Thu Sep 10 15:38:57 UTC 2020 /home/travis/build/icyphy/ptII/ptolemy/domains/continuous/test/auto/hierarchicalModalModel2.xml
----------------- Instantiating /home/travis/build/icyphy/ptII/ptolemy/domains/continuous/test/auto/hierarchicalModalModel2.xml
6 ms. Memory: 330752K Free: 246312K (74%)
----------------- Invoking toplevel() on ptolemy.moml.MoMLSimpleApplication@420e166a
----------------- Done invoking toplevel() on ptolemy.moml.MoMLSimpleApplication@420e166a
reloadAllAccessors: .hierarchicalModalModel2

===========================================================================================
----------------- testing Thu Sep 10 15:38:57 UTC 2020 /home/travis/build/icyphy/ptII/ptolemy/domains/continuous/test/auto/hierarchicalModalModel3.xml
----------------- Instantiating /home/travis/build/icyphy/ptII/ptolemy/domains/continuous/test/auto/hierarchicalModalModel3.xml
9 ms. Memory: 330752K Free: 235558K (71%)
----------------- Invoking toplevel() on ptolemy.moml.MoMLSimpleApplication@465710c5
----------------- Done invoking toplevel() on ptolemy.moml.MoMLSimpleApplication@465710c5
reloadAllAccessors: .hierarchicalModalModel3

===========================================================================================
----------------- testing Thu Sep 10 15:38:57 UTC 2020 /home/travis/build/icyphy/ptII/ptolemy/domains/continuous/test/auto/hierarchicalModalModel4.xml
----------------- Instantiating /home/travis/build/icyphy/ptII/ptolemy/domains/continuous/test/auto/hierarchicalModalModel4.xml
6 ms. Memory: 330752K Free: 223784K (68%)
----------------- Invoking toplevel() on ptolemy.moml.MoMLSimpleApplication@46a296f6
----------------- Done invoking toplevel() on ptolemy.moml.MoMLSimpleApplication@46a296f6
reloadAllAccessors: .hierarchicalModalModel4

===========================================================================================
----------------- testing Thu Sep 10 15:38:57 UTC 2020 /home/travis/build/icyphy/ptII/ptolemy/domains/continuous/test/auto/junk.xml
----------------- Instantiating /home/travis/build/icyphy/ptII/ptolemy/domains/continuous/test/auto/junk.xml
104 ms. Memory: 330752K Free: 198694K (60%)
----------------- Invoking toplevel() on ptolemy.moml.MoMLSimpleApplication@747de65d
----------------- Done invoking toplevel() on ptolemy.moml.MoMLSimpleApplication@747de65d
reloadAllAccessors: .junk
AutoTests.java: About to close Vertx.
AutoTests.java: Vertx closed.
]]></system-out>
  <system-err><![CDATA[Warning: '.HysteresisWithRandomDelay.NonStrictTest3' The test produced only 19 tokens, yet the correctValues parameter was expecting 30 tokens.
Warning: '.IncreasingRatePoisson.NonStrictTest' The test produced only 400 tokens, yet the correctValues parameter was expecting 402 tokens.
Warning: '.Poisson.NonStrictTest' The test produced only 413 tokens, yet the correctValues parameter was expecting 430 tokens.
]]></system-err>
</testsuite>
