<?xml version="1.0" encoding="UTF-8" ?>
<testsuite errors="0" failures="0" hostname="travis-job-3c37eeb2-664c-4761-9330-10f4d8c8c76c" name="ptolemy.domains.continuous.test.junit.JUnitTclTest" skipped="0" tests="155" time="73.543" timestamp="2018-06-09T15:22:20">
  <properties>
[...]
</properties>
  <testcase classname="ptolemy.util.test.junit.TclTests" name="[0] ThereAreNoTclTests (RunTclFile)" time="0.001" />
  <testcase classname="ptolemy.util.test.junit.AutoKnownFailedTests" name="[0] ThereAreNoKnowFailedTests (RunModel)" time="0.001" />
  <testcase classname="ptolemy.util.test.junit.AutoNameArchTests" name="[0] ThereAreNoAutoArchTests (RunModel)" time="0.0" />
  <testcase classname="ptolemy.util.test.junit.AutoTests" name="[0] /home/travis/build/icyphy/ptII/ptolemy/domains/continuous/test/auto/BouncingBall.xml (RunModel)" time="3.137" />
  <testcase classname="ptolemy.util.test.junit.AutoTests" name="[1] /home/travis/build/icyphy/ptII/ptolemy/domains/continuous/test/auto/BouncingBallWithoutGR.xml (RunModel)" time="0.997" />
  <testcase classname="ptolemy.util.test.junit.AutoTests" name="[2] /home/travis/build/icyphy/ptII/ptolemy/domains/continuous/test/auto/Brownian.xml (RunModel)" time="0.105" />
  <testcase classname="ptolemy.util.test.junit.AutoTests" name="[3] /home/travis/build/icyphy/ptII/ptolemy/domains/continuous/test/auto/CarTracking.xml (RunModel)" time="4.015" />
  <testcase classname="ptolemy.util.test.junit.AutoTests" name="[4] /home/travis/build/icyphy/ptII/ptolemy/domains/continuous/test/auto/CartPendulum.xml (RunModel)" time="0.551" />
  <testcase classname="ptolemy.util.test.junit.AutoTests" name="[5] /home/travis/build/icyphy/ptII/ptolemy/domains/continuous/test/auto/CausalityInterface10.xml (RunModel)" time="0.058" />
  <testcase classname="ptolemy.util.test.junit.AutoTests" name="[6] /home/travis/build/icyphy/ptII/ptolemy/domains/continuous/test/auto/CausalityInterface11.xml (RunModel)" time="0.039" />
  <testcase classname="ptolemy.util.test.junit.AutoTests" name="[7] /home/travis/build/icyphy/ptII/ptolemy/domains/continuous/test/auto/CausalityInterface12.xml (RunModel)" time="0.042" />
  <testcase classname="ptolemy.util.test.junit.AutoTests" name="[8] /home/travis/build/icyphy/ptII/ptolemy/domains/continuous/test/auto/CausalityInterface13.xml (RunModel)" time="0.037" />
  <testcase classname="ptolemy.util.test.junit.AutoTests" name="[9] /home/travis/build/icyphy/ptII/ptolemy/domains/continuous/test/auto/CausalityInterface14.xml (RunModel)" time="0.025" />
  <testcase classname="ptolemy.util.test.junit.AutoTests" name="[10] /home/travis/build/icyphy/ptII/ptolemy/domains/continuous/test/auto/CausalityInterface4.xml (RunModel)" time="0.04" />
  <testcase classname="ptolemy.util.test.junit.AutoTests" name="[11] /home/travis/build/icyphy/ptII/ptolemy/domains/continuous/test/auto/CausalityInterface5.xml (RunModel)" time="0.04" />
  <testcase classname="ptolemy.util.test.junit.AutoTests" name="[12] /home/travis/build/icyphy/ptII/ptolemy/domains/continuous/test/auto/CausalityInterface6.xml (RunModel)" time="0.029" />
  <testcase classname="ptolemy.util.test.junit.AutoTests" name="[13] /home/travis/build/icyphy/ptII/ptolemy/domains/continuous/test/auto/CausalityInterface7.xml (RunModel)" time="0.053" />
  <testcase classname="ptolemy.util.test.junit.AutoTests" name="[14] /home/travis/build/icyphy/ptII/ptolemy/domains/continuous/test/auto/CausalityInterface8.xml (RunModel)" time="0.039" />
  <testcase classname="ptolemy.util.test.junit.AutoTests" name="[15] /home/travis/build/icyphy/ptII/ptolemy/domains/continuous/test/auto/CausalityInterface9.xml (RunModel)" time="0.054" />
  <testcase classname="ptolemy.util.test.junit.AutoTests" name="[16] /home/travis/build/icyphy/ptII/ptolemy/domains/continuous/test/auto/CausalityInterfaceFeedback1.xml (RunModel)" time="0.041" />
  <testcase classname="ptolemy.util.test.junit.AutoTests" name="[17] /home/travis/build/icyphy/ptII/ptolemy/domains/continuous/test/auto/CausalityInterfaceFeedback2.xml (RunModel)" time="0.037" />
  <testcase classname="ptolemy.util.test.junit.AutoTests" name="[18] /home/travis/build/icyphy/ptII/ptolemy/domains/continuous/test/auto/CompareWithCurrentTime.xml (RunModel)" time="0.017" />
  <testcase classname="ptolemy.util.test.junit.AutoTests" name="[19] /home/travis/build/icyphy/ptII/ptolemy/domains/continuous/test/auto/ComparedClocks.xml (RunModel)" time="0.063" />
  <testcase classname="ptolemy.util.test.junit.AutoTests" name="[20] /home/travis/build/icyphy/ptII/ptolemy/domains/continuous/test/auto/ContinuousAOCClone.xml (RunModel)" time="2.728" />
  <testcase classname="ptolemy.util.test.junit.AutoTests" name="[21] /home/travis/build/icyphy/ptII/ptolemy/domains/continuous/test/auto/ContinuousClock.xml (RunModel)" time="0.108" />
  <testcase classname="ptolemy.util.test.junit.AutoTests" name="[22] /home/travis/build/icyphy/ptII/ptolemy/domains/continuous/test/auto/ContinuousInContinuous.xml (RunModel)" time="0.109" />
  <testcase classname="ptolemy.util.test.junit.AutoTests" name="[23] /home/travis/build/icyphy/ptII/ptolemy/domains/continuous/test/auto/ContinuousInContinuousInContinuous.xml (RunModel)" time="0.021" />
  <testcase classname="ptolemy.util.test.junit.AutoTests" name="[24] /home/travis/build/icyphy/ptII/ptolemy/domains/continuous/test/auto/ContinuousInDE.xml (RunModel)" time="0.152" />
  <testcase classname="ptolemy.util.test.junit.AutoTests" name="[25] /home/travis/build/icyphy/ptII/ptolemy/domains/continuous/test/auto/ContinuousInDE2.xml (RunModel)" time="0.067" />
  <testcase classname="ptolemy.util.test.junit.AutoTests" name="[26] /home/travis/build/icyphy/ptII/ptolemy/domains/continuous/test/auto/ContinuousInDE3.xml (RunModel)" time="0.052" />
  <testcase classname="ptolemy.util.test.junit.AutoTests" name="[27] /home/travis/build/icyphy/ptII/ptolemy/domains/continuous/test/auto/ContinuousInDE4.xml (RunModel)" time="0.03" />
  <testcase classname="ptolemy.util.test.junit.AutoTests" name="[28] /home/travis/build/icyphy/ptII/ptolemy/domains/continuous/test/auto/ContinuousInDEDifferentRefinements.xml (RunModel)" time="0.116" />
  <testcase classname="ptolemy.util.test.junit.AutoTests" name="[29] /home/travis/build/icyphy/ptII/ptolemy/domains/continuous/test/auto/ContinuousInDEDifferentRefinementsPreemptive.xml (RunModel)" time="0.106" />
  <testcase classname="ptolemy.util.test.junit.AutoTests" name="[30] /home/travis/build/icyphy/ptII/ptolemy/domains/continuous/test/auto/ContinuousInDEInContinuous2.xml (RunModel)" time="0.072" />
  <testcase classname="ptolemy.util.test.junit.AutoTests" name="[31] /home/travis/build/icyphy/ptII/ptolemy/domains/continuous/test/auto/ContinuousInDEInContinuous3.xml (RunModel)" time="0.07" />
  <testcase classname="ptolemy.util.test.junit.AutoTests" name="[32] /home/travis/build/icyphy/ptII/ptolemy/domains/continuous/test/auto/ContinuousInDEInput.xml (RunModel)" time="0.036" />
  <testcase classname="ptolemy.util.test.junit.AutoTests" name="[33] /home/travis/build/icyphy/ptII/ptolemy/domains/continuous/test/auto/ContinuousInDEInput2.xml (RunModel)" time="0.036" />
  <testcase classname="ptolemy.util.test.junit.AutoTests" name="[34] /home/travis/build/icyphy/ptII/ptolemy/domains/continuous/test/auto/ContinuousInDEInput3.xml (RunModel)" time="0.034" />
  <testcase classname="ptolemy.util.test.junit.AutoTests" name="[35] /home/travis/build/icyphy/ptII/ptolemy/domains/continuous/test/auto/ContinuousInDESharingRefinement.xml (RunModel)" time="0.199" />
  <testcase classname="ptolemy.util.test.junit.AutoTests" name="[36] /home/travis/build/icyphy/ptII/ptolemy/domains/continuous/test/auto/ContinuousInDEwithNoPorts.xml (RunModel)" time="0.021" />
  <testcase classname="ptolemy.util.test.junit.AutoTests" name="[37] /home/travis/build/icyphy/ptII/ptolemy/domains/continuous/test/auto/ContinuousInsideDE.xml (RunModel)" time="0.085" />
  <testcase classname="ptolemy.util.test.junit.AutoTests" name="[38] /home/travis/build/icyphy/ptII/ptolemy/domains/continuous/test/auto/ContinuousMerge1.xml (RunModel)" time="0.018" />
  <testcase classname="ptolemy.util.test.junit.AutoTests" name="[39] /home/travis/build/icyphy/ptII/ptolemy/domains/continuous/test/auto/ContinuousMerge2.xml (RunModel)" time="0.062" />
  <testcase classname="ptolemy.util.test.junit.AutoTests" name="[40] /home/travis/build/icyphy/ptII/ptolemy/domains/continuous/test/auto/ContinuousMerge3.xml (RunModel)" time="0.074" />
  <testcase classname="ptolemy.util.test.junit.AutoTests" name="[41] /home/travis/build/icyphy/ptII/ptolemy/domains/continuous/test/auto/ContinuousWithinContinuous.xml (RunModel)" time="0.058" />
  <testcase classname="ptolemy.util.test.junit.AutoTests" name="[42] /home/travis/build/icyphy/ptII/ptolemy/domains/continuous/test/auto/ContinuousWithinContinuous2.xml (RunModel)" time="0.095" />
  <testcase classname="ptolemy.util.test.junit.AutoTests" name="[43] /home/travis/build/icyphy/ptII/ptolemy/domains/continuous/test/auto/ContinuousWithinContinuous3.xml (RunModel)" time="0.033" />
  <testcase classname="ptolemy.util.test.junit.AutoTests" name="[44] /home/travis/build/icyphy/ptII/ptolemy/domains/continuous/test/auto/ContinuousWithinContinuous4.xml (RunModel)" time="0.089" />
  <testcase classname="ptolemy.util.test.junit.AutoTests" name="[45] /home/travis/build/icyphy/ptII/ptolemy/domains/continuous/test/auto/ContinuousWithinContinuous5.xml (RunModel)" time="0.03" />
  <testcase classname="ptolemy.util.test.junit.AutoTests" name="[46] /home/travis/build/icyphy/ptII/ptolemy/domains/continuous/test/auto/ContinuousWithinContinuous6.xml (RunModel)" time="0.031" />
  <testcase classname="ptolemy.util.test.junit.AutoTests" name="[47] /home/travis/build/icyphy/ptII/ptolemy/domains/continuous/test/auto/ContinuousWithinContinuous7.xml (RunModel)" time="0.074" />
  <testcase classname="ptolemy.util.test.junit.AutoTests" name="[48] /home/travis/build/icyphy/ptII/ptolemy/domains/continuous/test/auto/DCMotor.xml (RunModel)" time="13.854" />
  <testcase classname="ptolemy.util.test.junit.AutoTests" name="[49] /home/travis/build/icyphy/ptII/ptolemy/domains/continuous/test/auto/DEInContinuous.xml (RunModel)" time="0.021" />
  <testcase classname="ptolemy.util.test.junit.AutoTests" name="[50] /home/travis/build/icyphy/ptII/ptolemy/domains/continuous/test/auto/DEinContinuous2.xml (RunModel)" time="0.03" />
  <testcase classname="ptolemy.util.test.junit.AutoTests" name="[51] /home/travis/build/icyphy/ptII/ptolemy/domains/continuous/test/auto/Derivative.xml (RunModel)" time="0.22" />
  <testcase classname="ptolemy.util.test.junit.AutoTests" name="[52] /home/travis/build/icyphy/ptII/ptolemy/domains/continuous/test/auto/Derivative1.xml (RunModel)" time="0.046" />
  <testcase classname="ptolemy.util.test.junit.AutoTests" name="[53] /home/travis/build/icyphy/ptII/ptolemy/domains/continuous/test/auto/DiscreteClock.xml (RunModel)" time="0.024" />
  <testcase classname="ptolemy.util.test.junit.AutoTests" name="[54] /home/travis/build/icyphy/ptII/ptolemy/domains/continuous/test/auto/EfficiencyCurve.xml (RunModel)" time="0.12" />
  <testcase classname="ptolemy.util.test.junit.AutoTests" name="[55] /home/travis/build/icyphy/ptII/ptolemy/domains/continuous/test/auto/ExponentialResponse.xml (RunModel)" time="0.153" />
  <testcase classname="ptolemy.util.test.junit.AutoTests" name="[56] /home/travis/build/icyphy/ptII/ptolemy/domains/continuous/test/auto/ExponentialResponseRK45.xml (RunModel)" time="0.039" />
  <testcase classname="ptolemy.util.test.junit.AutoTests" name="[57] /home/travis/build/icyphy/ptII/ptolemy/domains/continuous/test/auto/Friction.xml (RunModel)" time="1.457" />
  <testcase classname="ptolemy.util.test.junit.AutoTests" name="[58] /home/travis/build/icyphy/ptII/ptolemy/domains/continuous/test/auto/FurutaPendulum.xml (RunModel)" time="2.908" />
  <testcase classname="ptolemy.util.test.junit.AutoTests" name="[59] /home/travis/build/icyphy/ptII/ptolemy/domains/continuous/test/auto/HierarchicalExecution.xml (RunModel)" time="2.387" />
  <testcase classname="ptolemy.util.test.junit.AutoTests" name="[60] /home/travis/build/icyphy/ptII/ptolemy/domains/continuous/test/auto/HybridPlant.xml (RunModel)" time="0.635" />
  <testcase classname="ptolemy.util.test.junit.AutoTests" name="[61] /home/travis/build/icyphy/ptII/ptolemy/domains/continuous/test/auto/Hysteresis.xml (RunModel)" time="0.187" />
  <testcase classname="ptolemy.util.test.junit.AutoTests" name="[62] /home/travis/build/icyphy/ptII/ptolemy/domains/continuous/test/auto/HysteresisWithRandomDelay.xml (RunModel)" time="0.238" />
  <testcase classname="ptolemy.util.test.junit.AutoTests" name="[63] /home/travis/build/icyphy/ptII/ptolemy/domains/continuous/test/auto/HysteresisWithRandomLosses.xml (RunModel)" time="2.39" />
  <testcase classname="ptolemy.util.test.junit.AutoTests" name="[64] /home/travis/build/icyphy/ptII/ptolemy/domains/continuous/test/auto/ImmediateTransitions.xml (RunModel)" time="0.039" />
  <testcase classname="ptolemy.util.test.junit.AutoTests" name="[65] /home/travis/build/icyphy/ptII/ptolemy/domains/continuous/test/auto/ImpulseFeedback.xml (RunModel)" time="0.022" />
  <testcase classname="ptolemy.util.test.junit.AutoTests" name="[66] /home/travis/build/icyphy/ptII/ptolemy/domains/continuous/test/auto/ImpulseFeedback2.xml (RunModel)" time="0.018" />
  <testcase classname="ptolemy.util.test.junit.AutoTests" name="[67] /home/travis/build/icyphy/ptII/ptolemy/domains/continuous/test/auto/IncreasingRatePoisson.xml (RunModel)" time="0.755" />
  <testcase classname="ptolemy.util.test.junit.AutoTests" name="[68] /home/travis/build/icyphy/ptII/ptolemy/domains/continuous/test/auto/InitialStateFeedback.xml (RunModel)" time="0.027" />
  <testcase classname="ptolemy.util.test.junit.AutoTests" name="[69] /home/travis/build/icyphy/ptII/ptolemy/domains/continuous/test/auto/Integration.xml (RunModel)" time="0.016" />
  <testcase classname="ptolemy.util.test.junit.AutoTests" name="[70] /home/travis/build/icyphy/ptII/ptolemy/domains/continuous/test/auto/Integration2.xml (RunModel)" time="0.101" />
  <testcase classname="ptolemy.util.test.junit.AutoTests" name="[71] /home/travis/build/icyphy/ptII/ptolemy/domains/continuous/test/auto/Integration3.xml (RunModel)" time="0.013" />
  <testcase classname="ptolemy.util.test.junit.AutoTests" name="[72] /home/travis/build/icyphy/ptII/ptolemy/domains/continuous/test/auto/Integration5.xml (RunModel)" time="0.02" />
  <testcase classname="ptolemy.util.test.junit.AutoTests" name="[73] /home/travis/build/icyphy/ptII/ptolemy/domains/continuous/test/auto/IntegratorImpulse.xml (RunModel)" time="0.01" />
  <testcase classname="ptolemy.util.test.junit.AutoTests" name="[74] /home/travis/build/icyphy/ptII/ptolemy/domains/continuous/test/auto/IntegratorImpulse2.xml (RunModel)" time="0.012" />
  <testcase classname="ptolemy.util.test.junit.AutoTests" name="[75] /home/travis/build/icyphy/ptII/ptolemy/domains/continuous/test/auto/LevelCrossing1.xml (RunModel)" time="0.011" />
  <testcase classname="ptolemy.util.test.junit.AutoTests" name="[76] /home/travis/build/icyphy/ptII/ptolemy/domains/continuous/test/auto/LevelCrossing2.xml (RunModel)" time="0.013" />
  <testcase classname="ptolemy.util.test.junit.AutoTests" name="[77] /home/travis/build/icyphy/ptII/ptolemy/domains/continuous/test/auto/LevelCrossing3.xml (RunModel)" time="0.011" />
  <testcase classname="ptolemy.util.test.junit.AutoTests" name="[78] /home/travis/build/icyphy/ptII/ptolemy/domains/continuous/test/auto/LevelCrossing4.xml (RunModel)" time="0.013" />
  <testcase classname="ptolemy.util.test.junit.AutoTests" name="[79] /home/travis/build/icyphy/ptII/ptolemy/domains/continuous/test/auto/LevelCrossing5.xml (RunModel)" time="0.013" />
  <testcase classname="ptolemy.util.test.junit.AutoTests" name="[80] /home/travis/build/icyphy/ptII/ptolemy/domains/continuous/test/auto/LevelCrossing6.xml (RunModel)" time="0.015" />
  <testcase classname="ptolemy.util.test.junit.AutoTests" name="[81] /home/travis/build/icyphy/ptII/ptolemy/domains/continuous/test/auto/LevelCrossingDetector.xml (RunModel)" time="0.073" />
  <testcase classname="ptolemy.util.test.junit.AutoTests" name="[82] /home/travis/build/icyphy/ptII/ptolemy/domains/continuous/test/auto/LevelCrossingDetectorDetectingDirections.xml (RunModel)" time="0.099" />
  <testcase classname="ptolemy.util.test.junit.AutoTests" name="[83] /home/travis/build/icyphy/ptII/ptolemy/domains/continuous/test/auto/LevelCrossingDetectorDetectsGlitches.xml (RunModel)" time="0.064" />
  <testcase classname="ptolemy.util.test.junit.AutoTests" name="[84] /home/travis/build/icyphy/ptII/ptolemy/domains/continuous/test/auto/LevelCrossingNoInitialOuput.xml (RunModel)" time="0.012" />
  <testcase classname="ptolemy.util.test.junit.AutoTests" name="[85] /home/travis/build/icyphy/ptII/ptolemy/domains/continuous/test/auto/LinearStateSpaceExample.xml (RunModel)" time="0.048" />
  <testcase classname="ptolemy.util.test.junit.AutoTests" name="[86] /home/travis/build/icyphy/ptII/ptolemy/domains/continuous/test/auto/Lorenz.xml (RunModel)" time="3.764" />
  <testcase classname="ptolemy.util.test.junit.AutoTests" name="[87] /home/travis/build/icyphy/ptII/ptolemy/domains/continuous/test/auto/LorenzDifferentialSystem.xml (RunModel)" time="1.051" />
  <testcase classname="ptolemy.util.test.junit.AutoTests" name="[88] /home/travis/build/icyphy/ptII/ptolemy/domains/continuous/test/auto/LorenzDifferentialSystemWithInput.xml (RunModel)" time="1.398" />
  <testcase classname="ptolemy.util.test.junit.AutoTests" name="[89] /home/travis/build/icyphy/ptII/ptolemy/domains/continuous/test/auto/LorenzDifferentialSystemWithTime.xml (RunModel)" time="0.655" />
  <testcase classname="ptolemy.util.test.junit.AutoTests" name="[90] /home/travis/build/icyphy/ptII/ptolemy/domains/continuous/test/auto/Microsteps.xml (RunModel)" time="0.031" />
  <testcase classname="ptolemy.util.test.junit.AutoTests" name="[91] /home/travis/build/icyphy/ptII/ptolemy/domains/continuous/test/auto/Modal1.xml (RunModel)" time="0.036" />
  <testcase classname="ptolemy.util.test.junit.AutoTests" name="[92] /home/travis/build/icyphy/ptII/ptolemy/domains/continuous/test/auto/Modal2.xml (RunModel)" time="0.054" />
  <testcase classname="ptolemy.util.test.junit.AutoTests" name="[93] /home/travis/build/icyphy/ptII/ptolemy/domains/continuous/test/auto/ModalTransitionGuardWithReset.xml (RunModel)" time="0.027" />
  <testcase classname="ptolemy.util.test.junit.AutoTests" name="[94] /home/travis/build/icyphy/ptII/ptolemy/domains/continuous/test/auto/ModalTransitionGuardWithResetUsingPreemptiveTransition.xml (RunModel)" time="0.027" />
  <testcase classname="ptolemy.util.test.junit.AutoTests" name="[95] /home/travis/build/icyphy/ptII/ptolemy/domains/continuous/test/auto/ModalTransitionGuardWithResetUsingPreemptiveTransition2.xml (RunModel)" time="0.027" />
  <testcase classname="ptolemy.util.test.junit.AutoTests" name="[96] /home/travis/build/icyphy/ptII/ptolemy/domains/continuous/test/auto/ModalTransitionGuardWithResetUsingPreemptiveTransition3.xml (RunModel)" time="0.041" />
  <testcase classname="ptolemy.util.test.junit.AutoTests" name="[97] /home/travis/build/icyphy/ptII/ptolemy/domains/continuous/test/auto/NewtonsCradle.xml (RunModel)" time="0.829" />
  <testcase classname="ptolemy.util.test.junit.AutoTests" name="[98] /home/travis/build/icyphy/ptII/ptolemy/domains/continuous/test/auto/NewtonsCradleAnimated.xml (RunModel)" time="1.142" />
  <testcase classname="ptolemy.util.test.junit.AutoTests" name="[99] /home/travis/build/icyphy/ptII/ptolemy/domains/continuous/test/auto/NewtonsCradleComplicated.xml (RunModel)" time="1.048" />
  <testcase classname="ptolemy.util.test.junit.AutoTests" name="[100] /home/travis/build/icyphy/ptII/ptolemy/domains/continuous/test/auto/NewtonsCradleNondeterministic.xml (RunModel)" time="0.695" />
  <testcase classname="ptolemy.util.test.junit.AutoTests" name="[101] /home/travis/build/icyphy/ptII/ptolemy/domains/continuous/test/auto/NewtonsCradlePerfectlyInelastic1.xml (RunModel)" time="1.162" />
  <testcase classname="ptolemy.util.test.junit.AutoTests" name="[102] /home/travis/build/icyphy/ptII/ptolemy/domains/continuous/test/auto/Noise.xml (RunModel)" time="0.151" />
  <testcase classname="ptolemy.util.test.junit.AutoTests" name="[103] /home/travis/build/icyphy/ptII/ptolemy/domains/continuous/test/auto/NoiseSpectrum.xml (RunModel)" time="0.765" />
  <testcase classname="ptolemy.util.test.junit.AutoTests" name="[104] /home/travis/build/icyphy/ptII/ptolemy/domains/continuous/test/auto/ParameterizedNewtonsCradleAnimated.xml (RunModel)" time="0.342" />
  <testcase classname="ptolemy.util.test.junit.AutoTests" name="[105] /home/travis/build/icyphy/ptII/ptolemy/domains/continuous/test/auto/ParameterizedNewtonsCradleAnimatedNondeterministic.xml (RunModel)" time="1.153" />
  <testcase classname="ptolemy.util.test.junit.AutoTests" name="[106] /home/travis/build/icyphy/ptII/ptolemy/domains/continuous/test/auto/Pendulum3D.xml (RunModel)" time="0.186" />
  <testcase classname="ptolemy.util.test.junit.AutoTests" name="[107] /home/travis/build/icyphy/ptII/ptolemy/domains/continuous/test/auto/PeriodicSampler.xml (RunModel)" time="0.012" />
  <testcase classname="ptolemy.util.test.junit.AutoTests" name="[108] /home/travis/build/icyphy/ptII/ptolemy/domains/continuous/test/auto/PeriodicSampler1.xml (RunModel)" time="0.051" />
  <testcase classname="ptolemy.util.test.junit.AutoTests" name="[109] /home/travis/build/icyphy/ptII/ptolemy/domains/continuous/test/auto/PeriodicSampler2.xml (RunModel)" time="0.082" />
  <testcase classname="ptolemy.util.test.junit.AutoTests" name="[110] /home/travis/build/icyphy/ptII/ptolemy/domains/continuous/test/auto/Poisson.xml (RunModel)" time="0.519" />
  <testcase classname="ptolemy.util.test.junit.AutoTests" name="[111] /home/travis/build/icyphy/ptII/ptolemy/domains/continuous/test/auto/PoissonClock.xml (RunModel)" time="0.012" />
  <testcase classname="ptolemy.util.test.junit.AutoTests" name="[112] /home/travis/build/icyphy/ptII/ptolemy/domains/continuous/test/auto/PoissonClock2.xml (RunModel)" time="0.015" />
  <testcase classname="ptolemy.util.test.junit.AutoTests" name="[113] /home/travis/build/icyphy/ptII/ptolemy/domains/continuous/test/auto/PortParameterHierarchy.xml (RunModel)" time="0.017" />
  <testcase classname="ptolemy.util.test.junit.AutoTests" name="[114] /home/travis/build/icyphy/ptII/ptolemy/domains/continuous/test/auto/RandomHybridPlant.xml (RunModel)" time="0.586" />
  <testcase classname="ptolemy.util.test.junit.AutoTests" name="[115] /home/travis/build/icyphy/ptII/ptolemy/domains/continuous/test/auto/ResetTransitionWithStartTime1.xml (RunModel)" time="0.031" />
  <testcase classname="ptolemy.util.test.junit.AutoTests" name="[116] /home/travis/build/icyphy/ptII/ptolemy/domains/continuous/test/auto/ResetTransitionWithStartTime2.xml (RunModel)" time="0.048" />
  <testcase classname="ptolemy.util.test.junit.AutoTests" name="[117] /home/travis/build/icyphy/ptII/ptolemy/domains/continuous/test/auto/ResetTransitionWithStartTime3.xml (RunModel)" time="0.057" />
  <testcase classname="ptolemy.util.test.junit.AutoTests" name="[118] /home/travis/build/icyphy/ptII/ptolemy/domains/continuous/test/auto/ResetTransitionWithStartTime4.xml (RunModel)" time="0.026" />
  <testcase classname="ptolemy.util.test.junit.AutoTests" name="[119] /home/travis/build/icyphy/ptII/ptolemy/domains/continuous/test/auto/ResetTransitionWithStartTime5.xml (RunModel)" time="0.043" />
  <testcase classname="ptolemy.util.test.junit.AutoTests" name="[120] /home/travis/build/icyphy/ptII/ptolemy/domains/continuous/test/auto/ResetTransitionWithStartTime6.xml (RunModel)" time="0.036" />
  <testcase classname="ptolemy.util.test.junit.AutoTests" name="[121] /home/travis/build/icyphy/ptII/ptolemy/domains/continuous/test/auto/SRinContinuous.xml (RunModel)" time="0.032" />
  <testcase classname="ptolemy.util.test.junit.AutoTests" name="[122] /home/travis/build/icyphy/ptII/ptolemy/domains/continuous/test/auto/SampledClocks.xml (RunModel)" time="0.03" />
  <testcase classname="ptolemy.util.test.junit.AutoTests" name="[123] /home/travis/build/icyphy/ptII/ptolemy/domains/continuous/test/auto/Satellite.xml (RunModel)" time="0.846" />
  <testcase classname="ptolemy.util.test.junit.AutoTests" name="[124] /home/travis/build/icyphy/ptII/ptolemy/domains/continuous/test/auto/SigmaDelta.xml (RunModel)" time="2.276" />
  <testcase classname="ptolemy.util.test.junit.AutoTests" name="[125] /home/travis/build/icyphy/ptII/ptolemy/domains/continuous/test/auto/SinuBouncingBall.xml (RunModel)" time="0.778" />
  <testcase classname="ptolemy.util.test.junit.AutoTests" name="[126] /home/travis/build/icyphy/ptII/ptolemy/domains/continuous/test/auto/Sinusoid.xml (RunModel)" time="0.015" />
  <testcase classname="ptolemy.util.test.junit.AutoTests" name="[127] /home/travis/build/icyphy/ptII/ptolemy/domains/continuous/test/auto/SinusoidInNoise.xml (RunModel)" time="0.903" />
  <testcase classname="ptolemy.util.test.junit.AutoTests" name="[128] /home/travis/build/icyphy/ptII/ptolemy/domains/continuous/test/auto/SinusoidRK45.xml (RunModel)" time="0.01" />
  <testcase classname="ptolemy.util.test.junit.AutoTests" name="[129] /home/travis/build/icyphy/ptII/ptolemy/domains/continuous/test/auto/SinusoidWithMultipleImpulses.xml (RunModel)" time="0.013" />
  <testcase classname="ptolemy.util.test.junit.AutoTests" name="[130] /home/travis/build/icyphy/ptII/ptolemy/domains/continuous/test/auto/SquareWave.xml (RunModel)" time="0.2" />
  <testcase classname="ptolemy.util.test.junit.AutoTests" name="[131] /home/travis/build/icyphy/ptII/ptolemy/domains/continuous/test/auto/Starmac.xml (RunModel)" time="3.443" />
  <testcase classname="ptolemy.util.test.junit.AutoTests" name="[132] /home/travis/build/icyphy/ptII/ptolemy/domains/continuous/test/auto/StaticUnits.xml (RunModel)" time="2.455" />
  <testcase classname="ptolemy.util.test.junit.AutoTests" name="[133] /home/travis/build/icyphy/ptII/ptolemy/domains/continuous/test/auto/StickyMasses.xml (RunModel)" time="0.189" />
  <testcase classname="ptolemy.util.test.junit.AutoTests" name="[134] /home/travis/build/icyphy/ptII/ptolemy/domains/continuous/test/auto/StopTime.xml (RunModel)" time="0.067" />
  <testcase classname="ptolemy.util.test.junit.AutoTests" name="[135] /home/travis/build/icyphy/ptII/ptolemy/domains/continuous/test/auto/StopTime2.xml (RunModel)" time="0.086" />
  <testcase classname="ptolemy.util.test.junit.AutoTests" name="[136] /home/travis/build/icyphy/ptII/ptolemy/domains/continuous/test/auto/Switch.xml (RunModel)" time="0.088" />
  <testcase classname="ptolemy.util.test.junit.AutoTests" name="[137] /home/travis/build/icyphy/ptII/ptolemy/domains/continuous/test/auto/Thermostat.xml (RunModel)" time="0.256" />
  <testcase classname="ptolemy.util.test.junit.AutoTests" name="[138] /home/travis/build/icyphy/ptII/ptolemy/domains/continuous/test/auto/TimeDelay.xml (RunModel)" time="0.018" />
  <testcase classname="ptolemy.util.test.junit.AutoTests" name="[139] /home/travis/build/icyphy/ptII/ptolemy/domains/continuous/test/auto/TimeDelay2.xml (RunModel)" time="0.019" />
  <testcase classname="ptolemy.util.test.junit.AutoTests" name="[140] /home/travis/build/icyphy/ptII/ptolemy/domains/continuous/test/auto/TimeDelay3.xml (RunModel)" time="0.014" />
  <testcase classname="ptolemy.util.test.junit.AutoTests" name="[141] /home/travis/build/icyphy/ptII/ptolemy/domains/continuous/test/auto/TransferAbsentToInside.xml (RunModel)" time="0.193" />
  <testcase classname="ptolemy.util.test.junit.AutoTests" name="[142] /home/travis/build/icyphy/ptII/ptolemy/domains/continuous/test/auto/Transmission.xml (RunModel)" time="0.877" />
  <testcase classname="ptolemy.util.test.junit.AutoTests" name="[143] /home/travis/build/icyphy/ptII/ptolemy/domains/continuous/test/auto/TriggeredContinuousClock.xml (RunModel)" time="0.074" />
  <testcase classname="ptolemy.util.test.junit.AutoTests" name="[144] /home/travis/build/icyphy/ptII/ptolemy/domains/continuous/test/auto/TwoMachineInfiniteBusControl.xml (RunModel)" time="2.468" />
  <testcase classname="ptolemy.util.test.junit.AutoTests" name="[145] /home/travis/build/icyphy/ptII/ptolemy/domains/continuous/test/auto/V2V.xml (RunModel)" time="0.721" />
  <testcase classname="ptolemy.util.test.junit.AutoTests" name="[146] /home/travis/build/icyphy/ptII/ptolemy/domains/continuous/test/auto/hierarchicalModalModel.xml (RunModel)" time="0.034" />
  <testcase classname="ptolemy.util.test.junit.AutoTests" name="[147] /home/travis/build/icyphy/ptII/ptolemy/domains/continuous/test/auto/hierarchicalModalModel1.xml (RunModel)" time="0.038" />
  <testcase classname="ptolemy.util.test.junit.AutoTests" name="[148] /home/travis/build/icyphy/ptII/ptolemy/domains/continuous/test/auto/hierarchicalModalModel2.xml (RunModel)" time="0.032" />
  <testcase classname="ptolemy.util.test.junit.AutoTests" name="[149] /home/travis/build/icyphy/ptII/ptolemy/domains/continuous/test/auto/hierarchicalModalModel3.xml (RunModel)" time="0.024" />
  <testcase classname="ptolemy.util.test.junit.AutoTests" name="[150] /home/travis/build/icyphy/ptII/ptolemy/domains/continuous/test/auto/hierarchicalModalModel4.xml (RunModel)" time="0.041" />
  <testcase classname="ptolemy.util.test.junit.AutoTests" name="[151] /home/travis/build/icyphy/ptII/ptolemy/domains/continuous/test/auto/junk.xml (RunModel)" time="0.167" />
  <system-out><![CDATA[No tcl tests in /home/travis/build/icyphy/ptII/ptolemy/domains/continuous/test
No auto/knownFailedTests/*.xml tests in /home/travis/build/icyphy/ptII/ptolemy/domains/continuous/test
No auto/linux-amd64/*.xml tests in /home/travis/build/icyphy/ptII/ptolemy/domains/continuous/test
AutoTests.java: About to close Vertx.
AutoTests.java: Vertx closed.

===========================================================================================
----------------- testing Sat Jun 09 15:22:20 UTC 2018 /home/travis/build/icyphy/ptII/ptolemy/domains/continuous/test/auto/BouncingBall.xml
----------------- Instantiating /home/travis/build/icyphy/ptII/ptolemy/domains/continuous/test/auto/BouncingBall.xml
2635 ms. Memory: 209408K Free: 82403K (39%)
----------------- Invoking toplevel() on ptolemy.moml.MoMLSimpleApplication@53194860
----------------- Done invoking toplevel() on ptolemy.moml.MoMLSimpleApplication@53194860
reloadAllAccessors: .BouncingBall

===========================================================================================
----------------- testing Sat Jun 09 15:22:23 UTC 2018 /home/travis/build/icyphy/ptII/ptolemy/domains/continuous/test/auto/BouncingBallWithoutGR.xml
----------------- Instantiating /home/travis/build/icyphy/ptII/ptolemy/domains/continuous/test/auto/BouncingBallWithoutGR.xml
864 ms. Memory: 332288K Free: 139499K (42%)
----------------- Invoking toplevel() on ptolemy.moml.MoMLSimpleApplication@1a0bd41d
----------------- Done invoking toplevel() on ptolemy.moml.MoMLSimpleApplication@1a0bd41d
reloadAllAccessors: .BouncingBallWithoutGR

===========================================================================================
----------------- testing Sat Jun 09 15:22:24 UTC 2018 /home/travis/build/icyphy/ptII/ptolemy/domains/continuous/test/auto/Brownian.xml
----------------- Instantiating /home/travis/build/icyphy/ptII/ptolemy/domains/continuous/test/auto/Brownian.xml
40 ms. Memory: 332288K Free: 127236K (38%)
----------------- Invoking toplevel() on ptolemy.moml.MoMLSimpleApplication@2de8e911
----------------- Done invoking toplevel() on ptolemy.moml.MoMLSimpleApplication@2de8e911
reloadAllAccessors: .Brownian

===========================================================================================
----------------- testing Sat Jun 09 15:22:24 UTC 2018 /home/travis/build/icyphy/ptII/ptolemy/domains/continuous/test/auto/CarTracking.xml
----------------- Instantiating /home/travis/build/icyphy/ptII/ptolemy/domains/continuous/test/auto/CarTracking.xml
3588 ms. Memory: 480256K Free: 340591K (71%)
----------------- Invoking toplevel() on ptolemy.moml.MoMLSimpleApplication@16bdc1f9
----------------- Done invoking toplevel() on ptolemy.moml.MoMLSimpleApplication@16bdc1f9
reloadAllAccessors: .CarTracking

===========================================================================================
----------------- testing Sat Jun 09 15:22:28 UTC 2018 /home/travis/build/icyphy/ptII/ptolemy/domains/continuous/test/auto/CartPendulum.xml
----------------- Instantiating /home/travis/build/icyphy/ptII/ptolemy/domains/continuous/test/auto/CartPendulum.xml
387 ms. Memory: 480256K Free: 236480K (49%)
----------------- Invoking toplevel() on ptolemy.moml.MoMLSimpleApplication@46b5478a
----------------- Done invoking toplevel() on ptolemy.moml.MoMLSimpleApplication@46b5478a
reloadAllAccessors: .CartPendulum

===========================================================================================
----------------- testing Sat Jun 09 15:22:29 UTC 2018 /home/travis/build/icyphy/ptII/ptolemy/domains/continuous/test/auto/CausalityInterface10.xml
----------------- Instantiating /home/travis/build/icyphy/ptII/ptolemy/domains/continuous/test/auto/CausalityInterface10.xml
13 ms. Memory: 480256K Free: 220764K (46%)
----------------- Invoking toplevel() on ptolemy.moml.MoMLSimpleApplication@35c6b96d
----------------- Done invoking toplevel() on ptolemy.moml.MoMLSimpleApplication@35c6b96d
reloadAllAccessors: .CausalityInterface10

===========================================================================================
----------------- testing Sat Jun 09 15:22:29 UTC 2018 /home/travis/build/icyphy/ptII/ptolemy/domains/continuous/test/auto/CausalityInterface11.xml
----------------- Instantiating /home/travis/build/icyphy/ptII/ptolemy/domains/continuous/test/auto/CausalityInterface11.xml
10 ms. Memory: 480256K Free: 208967K (44%)
----------------- Invoking toplevel() on ptolemy.moml.MoMLSimpleApplication@7433b5c5
----------------- Done invoking toplevel() on ptolemy.moml.MoMLSimpleApplication@7433b5c5
reloadAllAccessors: .CausalityInterface11

===========================================================================================
----------------- testing Sat Jun 09 15:22:29 UTC 2018 /home/travis/build/icyphy/ptII/ptolemy/domains/continuous/test/auto/CausalityInterface12.xml
----------------- Instantiating /home/travis/build/icyphy/ptII/ptolemy/domains/continuous/test/auto/CausalityInterface12.xml
10 ms. Memory: 480256K Free: 197170K (41%)
----------------- Invoking toplevel() on ptolemy.moml.MoMLSimpleApplication@7bb2aa67
----------------- Done invoking toplevel() on ptolemy.moml.MoMLSimpleApplication@7bb2aa67
reloadAllAccessors: .CausalityInterface12

===========================================================================================
----------------- testing Sat Jun 09 15:22:29 UTC 2018 /home/travis/build/icyphy/ptII/ptolemy/domains/continuous/test/auto/CausalityInterface13.xml
----------------- Instantiating /home/travis/build/icyphy/ptII/ptolemy/domains/continuous/test/auto/CausalityInterface13.xml
7 ms. Memory: 480256K Free: 181558K (38%)
----------------- Invoking toplevel() on ptolemy.moml.MoMLSimpleApplication@2bdaa35e
----------------- Done invoking toplevel() on ptolemy.moml.MoMLSimpleApplication@2bdaa35e
reloadAllAccessors: .CausalityInterface13

===========================================================================================
----------------- testing Sat Jun 09 15:22:29 UTC 2018 /home/travis/build/icyphy/ptII/ptolemy/domains/continuous/test/auto/CausalityInterface14.xml
----------------- Instantiating /home/travis/build/icyphy/ptII/ptolemy/domains/continuous/test/auto/CausalityInterface14.xml
4 ms. Memory: 480256K Free: 169760K (35%)
----------------- Invoking toplevel() on ptolemy.moml.MoMLSimpleApplication@36a07072
----------------- Done invoking toplevel() on ptolemy.moml.MoMLSimpleApplication@36a07072
reloadAllAccessors: .CausalityInterface14

===========================================================================================
----------------- testing Sat Jun 09 15:22:29 UTC 2018 /home/travis/build/icyphy/ptII/ptolemy/domains/continuous/test/auto/CausalityInterface4.xml
----------------- Instantiating /home/travis/build/icyphy/ptII/ptolemy/domains/continuous/test/auto/CausalityInterface4.xml
6 ms. Memory: 480256K Free: 157971K (33%)
----------------- Invoking toplevel() on ptolemy.moml.MoMLSimpleApplication@1efb7407
----------------- Done invoking toplevel() on ptolemy.moml.MoMLSimpleApplication@1efb7407
reloadAllAccessors: .CausalityInterface4

===========================================================================================
----------------- testing Sat Jun 09 15:22:29 UTC 2018 /home/travis/build/icyphy/ptII/ptolemy/domains/continuous/test/auto/CausalityInterface5.xml
----------------- Instantiating /home/travis/build/icyphy/ptII/ptolemy/domains/continuous/test/auto/CausalityInterface5.xml
4 ms. Memory: 480256K Free: 146190K (30%)
----------------- Invoking toplevel() on ptolemy.moml.MoMLSimpleApplication@7ff8659a
----------------- Done invoking toplevel() on ptolemy.moml.MoMLSimpleApplication@7ff8659a
reloadAllAccessors: .CausalityInterface5

===========================================================================================
----------------- testing Sat Jun 09 15:22:29 UTC 2018 /home/travis/build/icyphy/ptII/ptolemy/domains/continuous/test/auto/CausalityInterface6.xml
----------------- Instantiating /home/travis/build/icyphy/ptII/ptolemy/domains/continuous/test/auto/CausalityInterface6.xml
6 ms. Memory: 480256K Free: 134409K (28%)
----------------- Invoking toplevel() on ptolemy.moml.MoMLSimpleApplication@130dc065
----------------- Done invoking toplevel() on ptolemy.moml.MoMLSimpleApplication@130dc065
reloadAllAccessors: .CausalityInterface6

===========================================================================================
----------------- testing Sat Jun 09 15:22:29 UTC 2018 /home/travis/build/icyphy/ptII/ptolemy/domains/continuous/test/auto/CausalityInterface7.xml
----------------- Instantiating /home/travis/build/icyphy/ptII/ptolemy/domains/continuous/test/auto/CausalityInterface7.xml
14 ms. Memory: 480256K Free: 114878K (24%)
----------------- Invoking toplevel() on ptolemy.moml.MoMLSimpleApplication@b98a0fe
----------------- Done invoking toplevel() on ptolemy.moml.MoMLSimpleApplication@b98a0fe
reloadAllAccessors: .CausalityInterface7

===========================================================================================
----------------- testing Sat Jun 09 15:22:29 UTC 2018 /home/travis/build/icyphy/ptII/ptolemy/domains/continuous/test/auto/CausalityInterface8.xml
----------------- Instantiating /home/travis/build/icyphy/ptII/ptolemy/domains/continuous/test/auto/CausalityInterface8.xml
5 ms. Memory: 480256K Free: 99153K (21%)
----------------- Invoking toplevel() on ptolemy.moml.MoMLSimpleApplication@7c7ca355
----------------- Done invoking toplevel() on ptolemy.moml.MoMLSimpleApplication@7c7ca355
reloadAllAccessors: .CausalityInterface8

===========================================================================================
----------------- testing Sat Jun 09 15:22:29 UTC 2018 /home/travis/build/icyphy/ptII/ptolemy/domains/continuous/test/auto/CausalityInterface9.xml
----------------- Instantiating /home/travis/build/icyphy/ptII/ptolemy/domains/continuous/test/auto/CausalityInterface9.xml
10 ms. Memory: 480256K Free: 83445K (17%)
----------------- Invoking toplevel() on ptolemy.moml.MoMLSimpleApplication@69e5234f
----------------- Done invoking toplevel() on ptolemy.moml.MoMLSimpleApplication@69e5234f
reloadAllAccessors: .CausalityInterface9

===========================================================================================
----------------- testing Sat Jun 09 15:22:29 UTC 2018 /home/travis/build/icyphy/ptII/ptolemy/domains/continuous/test/auto/CausalityInterfaceFeedback1.xml
----------------- Instantiating /home/travis/build/icyphy/ptII/ptolemy/domains/continuous/test/auto/CausalityInterfaceFeedback1.xml
6 ms. Memory: 716288K Free: 701044K (98%)
----------------- Invoking toplevel() on ptolemy.moml.MoMLSimpleApplication@4c99c25a
----------------- Done invoking toplevel() on ptolemy.moml.MoMLSimpleApplication@4c99c25a
reloadAllAccessors: .CausalityInterfaceFeedback1

===========================================================================================
----------------- testing Sat Jun 09 15:22:29 UTC 2018 /home/travis/build/icyphy/ptII/ptolemy/domains/continuous/test/auto/CausalityInterfaceFeedback2.xml
----------------- Instantiating /home/travis/build/icyphy/ptII/ptolemy/domains/continuous/test/auto/CausalityInterfaceFeedback2.xml
5 ms. Memory: 716288K Free: 684321K (96%)
----------------- Invoking toplevel() on ptolemy.moml.MoMLSimpleApplication@11aed8c7
----------------- Done invoking toplevel() on ptolemy.moml.MoMLSimpleApplication@11aed8c7
reloadAllAccessors: .CausalityInterfaceFeedback2

===========================================================================================
----------------- testing Sat Jun 09 15:22:29 UTC 2018 /home/travis/build/icyphy/ptII/ptolemy/domains/continuous/test/auto/CompareWithCurrentTime.xml
----------------- Instantiating /home/travis/build/icyphy/ptII/ptolemy/domains/continuous/test/auto/CompareWithCurrentTime.xml
2 ms. Memory: 716288K Free: 675938K (94%)
----------------- Invoking toplevel() on ptolemy.moml.MoMLSimpleApplication@7c8209d3
----------------- Done invoking toplevel() on ptolemy.moml.MoMLSimpleApplication@7c8209d3
reloadAllAccessors: .CompareWithCurrentTime

===========================================================================================
----------------- testing Sat Jun 09 15:22:29 UTC 2018 /home/travis/build/icyphy/ptII/ptolemy/domains/continuous/test/auto/ComparedClocks.xml
----------------- Instantiating /home/travis/build/icyphy/ptII/ptolemy/domains/continuous/test/auto/ComparedClocks.xml
11 ms. Memory: 716288K Free: 654963K (91%)
----------------- Invoking toplevel() on ptolemy.moml.MoMLSimpleApplication@68167d48
----------------- Done invoking toplevel() on ptolemy.moml.MoMLSimpleApplication@68167d48
reloadAllAccessors: .ComparedClocks

===========================================================================================
----------------- testing Sat Jun 09 15:22:30 UTC 2018 /home/travis/build/icyphy/ptII/ptolemy/domains/continuous/test/auto/ContinuousAOCClone.xml
----------------- Instantiating /home/travis/build/icyphy/ptII/ptolemy/domains/continuous/test/auto/ContinuousAOCClone.xml
2505 ms. Memory: 716288K Free: 115829K (16%)
----------------- Invoking toplevel() on ptolemy.moml.MoMLSimpleApplication@6e40c1b6
----------------- Done invoking toplevel() on ptolemy.moml.MoMLSimpleApplication@6e40c1b6
reloadAllAccessors: .ContinuousAOCClone

===========================================================================================
----------------- testing Sat Jun 09 15:22:32 UTC 2018 /home/travis/build/icyphy/ptII/ptolemy/domains/continuous/test/auto/ContinuousClock.xml
----------------- Instantiating /home/travis/build/icyphy/ptII/ptolemy/domains/continuous/test/auto/ContinuousClock.xml
31 ms. Memory: 716288K Free: 86424K (12%)
----------------- Invoking toplevel() on ptolemy.moml.MoMLSimpleApplication@7c7aaab8
----------------- Done invoking toplevel() on ptolemy.moml.MoMLSimpleApplication@7c7aaab8
reloadAllAccessors: .ContinuousClock

===========================================================================================
----------------- testing Sat Jun 09 15:22:32 UTC 2018 /home/travis/build/icyphy/ptII/ptolemy/domains/continuous/test/auto/ContinuousInContinuous.xml
----------------- Instantiating /home/travis/build/icyphy/ptII/ptolemy/domains/continuous/test/auto/ContinuousInContinuous.xml
46 ms. Memory: 680960K Free: 648595K (95%)
----------------- Invoking toplevel() on ptolemy.moml.MoMLSimpleApplication@7560720e
----------------- Done invoking toplevel() on ptolemy.moml.MoMLSimpleApplication@7560720e
reloadAllAccessors: .ContinuousInContinuous

===========================================================================================
----------------- testing Sat Jun 09 15:22:33 UTC 2018 /home/travis/build/icyphy/ptII/ptolemy/domains/continuous/test/auto/ContinuousInContinuousInContinuous.xml
----------------- Instantiating /home/travis/build/icyphy/ptII/ptolemy/domains/continuous/test/auto/ContinuousInContinuousInContinuous.xml
4 ms. Memory: 680960K Free: 634049K (93%)
----------------- Invoking toplevel() on ptolemy.moml.MoMLSimpleApplication@1194d96f
----------------- Done invoking toplevel() on ptolemy.moml.MoMLSimpleApplication@1194d96f
reloadAllAccessors: .ContinuousInContinuousInContinuous

===========================================================================================
----------------- testing Sat Jun 09 15:22:33 UTC 2018 /home/travis/build/icyphy/ptII/ptolemy/domains/continuous/test/auto/ContinuousInDE.xml
----------------- Instantiating /home/travis/build/icyphy/ptII/ptolemy/domains/continuous/test/auto/ContinuousInDE.xml
130 ms. Memory: 680960K Free: 618074K (91%)
----------------- Invoking toplevel() on ptolemy.moml.MoMLSimpleApplication@650725d5
----------------- Done invoking toplevel() on ptolemy.moml.MoMLSimpleApplication@650725d5
reloadAllAccessors: .ContinuousInDE

===========================================================================================
----------------- testing Sat Jun 09 15:22:33 UTC 2018 /home/travis/build/icyphy/ptII/ptolemy/domains/continuous/test/auto/ContinuousInDE2.xml
----------------- Instantiating /home/travis/build/icyphy/ptII/ptolemy/domains/continuous/test/auto/ContinuousInDE2.xml
48 ms. Memory: 680960K Free: 602084K (88%)
----------------- Invoking toplevel() on ptolemy.moml.MoMLSimpleApplication@7a3b003b
----------------- Done invoking toplevel() on ptolemy.moml.MoMLSimpleApplication@7a3b003b
reloadAllAccessors: .ContinuousInDE2

===========================================================================================
----------------- testing Sat Jun 09 15:22:33 UTC 2018 /home/travis/build/icyphy/ptII/ptolemy/domains/continuous/test/auto/ContinuousInDE3.xml
----------------- Instantiating /home/travis/build/icyphy/ptII/ptolemy/domains/continuous/test/auto/ContinuousInDE3.xml
39 ms. Memory: 680960K Free: 583544K (86%)
----------------- Invoking toplevel() on ptolemy.moml.MoMLSimpleApplication@77b1ba28
----------------- Done invoking toplevel() on ptolemy.moml.MoMLSimpleApplication@77b1ba28
reloadAllAccessors: .ContinuousInDE3

===========================================================================================
----------------- testing Sat Jun 09 15:22:33 UTC 2018 /home/travis/build/icyphy/ptII/ptolemy/domains/continuous/test/auto/ContinuousInDE4.xml
----------------- Instantiating /home/travis/build/icyphy/ptII/ptolemy/domains/continuous/test/auto/ContinuousInDE4.xml
11 ms. Memory: 680960K Free: 571547K (84%)
----------------- Invoking toplevel() on ptolemy.moml.MoMLSimpleApplication@a974b3b
----------------- Done invoking toplevel() on ptolemy.moml.MoMLSimpleApplication@a974b3b
reloadAllAccessors: .ContinuousInDE4

===========================================================================================
----------------- testing Sat Jun 09 15:22:33 UTC 2018 /home/travis/build/icyphy/ptII/ptolemy/domains/continuous/test/auto/ContinuousInDEDifferentRefinements.xml
----------------- Instantiating /home/travis/build/icyphy/ptII/ptolemy/domains/continuous/test/auto/ContinuousInDEDifferentRefinements.xml
63 ms. Memory: 680960K Free: 535540K (79%)
----------------- Invoking toplevel() on ptolemy.moml.MoMLSimpleApplication@6fb8c7ce
----------------- Done invoking toplevel() on ptolemy.moml.MoMLSimpleApplication@6fb8c7ce
reloadAllAccessors: .ContinuousInDEDifferentRefinements

===========================================================================================
----------------- testing Sat Jun 09 15:22:33 UTC 2018 /home/travis/build/icyphy/ptII/ptolemy/domains/continuous/test/auto/ContinuousInDEDifferentRefinementsPreemptive.xml
----------------- Instantiating /home/travis/build/icyphy/ptII/ptolemy/domains/continuous/test/auto/ContinuousInDEDifferentRefinementsPreemptive.xml
55 ms. Memory: 680960K Free: 496976K (73%)
----------------- Invoking toplevel() on ptolemy.moml.MoMLSimpleApplication@1ee9fc27
----------------- Done invoking toplevel() on ptolemy.moml.MoMLSimpleApplication@1ee9fc27
reloadAllAccessors: .ContinuousInDEDifferentRefinementsPreemptive

===========================================================================================
----------------- testing Sat Jun 09 15:22:33 UTC 2018 /home/travis/build/icyphy/ptII/ptolemy/domains/continuous/test/auto/ContinuousInDEInContinuous2.xml
----------------- Instantiating /home/travis/build/icyphy/ptII/ptolemy/domains/continuous/test/auto/ContinuousInDEInContinuous2.xml
47 ms. Memory: 680960K Free: 476992K (70%)
----------------- Invoking toplevel() on ptolemy.moml.MoMLSimpleApplication@74bd0498
----------------- Done invoking toplevel() on ptolemy.moml.MoMLSimpleApplication@74bd0498
reloadAllAccessors: .ContinuousInDEInContinuous2

===========================================================================================
----------------- testing Sat Jun 09 15:22:33 UTC 2018 /home/travis/build/icyphy/ptII/ptolemy/domains/continuous/test/auto/ContinuousInDEInContinuous3.xml
----------------- Instantiating /home/travis/build/icyphy/ptII/ptolemy/domains/continuous/test/auto/ContinuousInDEInContinuous3.xml
30 ms. Memory: 680960K Free: 456999K (67%)
----------------- Invoking toplevel() on ptolemy.moml.MoMLSimpleApplication@d0e1087
----------------- Done invoking toplevel() on ptolemy.moml.MoMLSimpleApplication@d0e1087
reloadAllAccessors: .ContinuousInDEInContinuous3

===========================================================================================
----------------- testing Sat Jun 09 15:22:33 UTC 2018 /home/travis/build/icyphy/ptII/ptolemy/domains/continuous/test/auto/ContinuousInDEInput.xml
----------------- Instantiating /home/travis/build/icyphy/ptII/ptolemy/domains/continuous/test/auto/ContinuousInDEInput.xml
16 ms. Memory: 680960K Free: 442453K (65%)
----------------- Invoking toplevel() on ptolemy.moml.MoMLSimpleApplication@41a1ce85
----------------- Done invoking toplevel() on ptolemy.moml.MoMLSimpleApplication@41a1ce85
reloadAllAccessors: .ContinuousInDEInput

===========================================================================================
----------------- testing Sat Jun 09 15:22:33 UTC 2018 /home/travis/build/icyphy/ptII/ptolemy/domains/continuous/test/auto/ContinuousInDEInput2.xml
----------------- Instantiating /home/travis/build/icyphy/ptII/ptolemy/domains/continuous/test/auto/ContinuousInDEInput2.xml
22 ms. Memory: 680960K Free: 430456K (63%)
----------------- Invoking toplevel() on ptolemy.moml.MoMLSimpleApplication@59bf89f7
----------------- Done invoking toplevel() on ptolemy.moml.MoMLSimpleApplication@59bf89f7
reloadAllAccessors: .ContinuousInDEInput2

===========================================================================================
----------------- testing Sat Jun 09 15:22:33 UTC 2018 /home/travis/build/icyphy/ptII/ptolemy/domains/continuous/test/auto/ContinuousInDEInput3.xml
----------------- Instantiating /home/travis/build/icyphy/ptII/ptolemy/domains/continuous/test/auto/ContinuousInDEInput3.xml
16 ms. Memory: 680960K Free: 418459K (61%)
----------------- Invoking toplevel() on ptolemy.moml.MoMLSimpleApplication@15d45591
----------------- Done invoking toplevel() on ptolemy.moml.MoMLSimpleApplication@15d45591
reloadAllAccessors: .ContinuousInDEInput3

===========================================================================================
----------------- testing Sat Jun 09 15:22:33 UTC 2018 /home/travis/build/icyphy/ptII/ptolemy/domains/continuous/test/auto/ContinuousInDESharingRefinement.xml
----------------- Instantiating /home/travis/build/icyphy/ptII/ptolemy/domains/continuous/test/auto/ContinuousInDESharingRefinement.xml
167 ms. Memory: 680960K Free: 315821K (46%)
----------------- Invoking toplevel() on ptolemy.moml.MoMLSimpleApplication@7bfe2978
----------------- Done invoking toplevel() on ptolemy.moml.MoMLSimpleApplication@7bfe2978
reloadAllAccessors: .ContinuousInDESharingRefinement

===========================================================================================
----------------- testing Sat Jun 09 15:22:34 UTC 2018 /home/travis/build/icyphy/ptII/ptolemy/domains/continuous/test/auto/ContinuousInDEwithNoPorts.xml
----------------- Instantiating /home/travis/build/icyphy/ptII/ptolemy/domains/continuous/test/auto/ContinuousInDEwithNoPorts.xml
6 ms. Memory: 680960K Free: 307834K (45%)
----------------- Invoking toplevel() on ptolemy.moml.MoMLSimpleApplication@323e8e46
----------------- Done invoking toplevel() on ptolemy.moml.MoMLSimpleApplication@323e8e46
reloadAllAccessors: .ContinuousInDEwithNoPorts

===========================================================================================
----------------- testing Sat Jun 09 15:22:34 UTC 2018 /home/travis/build/icyphy/ptII/ptolemy/domains/continuous/test/auto/ContinuousInsideDE.xml
----------------- Instantiating /home/travis/build/icyphy/ptII/ptolemy/domains/continuous/test/auto/ContinuousInsideDE.xml
47 ms. Memory: 680960K Free: 287842K (42%)
----------------- Invoking toplevel() on ptolemy.moml.MoMLSimpleApplication@4e03b79e
----------------- Done invoking toplevel() on ptolemy.moml.MoMLSimpleApplication@4e03b79e
reloadAllAccessors: .ContinuousInsideDE

===========================================================================================
----------------- testing Sat Jun 09 15:22:34 UTC 2018 /home/travis/build/icyphy/ptII/ptolemy/domains/continuous/test/auto/ContinuousMerge1.xml
----------------- Instantiating /home/travis/build/icyphy/ptII/ptolemy/domains/continuous/test/auto/ContinuousMerge1.xml
3 ms. Memory: 680960K Free: 277305K (41%)
----------------- Invoking toplevel() on ptolemy.moml.MoMLSimpleApplication@7a324fa3
----------------- Done invoking toplevel() on ptolemy.moml.MoMLSimpleApplication@7a324fa3
reloadAllAccessors: .ContinuousMerge1

===========================================================================================
----------------- testing Sat Jun 09 15:22:34 UTC 2018 /home/travis/build/icyphy/ptII/ptolemy/domains/continuous/test/auto/ContinuousMerge2.xml
----------------- Instantiating /home/travis/build/icyphy/ptII/ptolemy/domains/continuous/test/auto/ContinuousMerge2.xml
21 ms. Memory: 680960K Free: 261307K (38%)
----------------- Invoking toplevel() on ptolemy.moml.MoMLSimpleApplication@a3f9d74
----------------- Done invoking toplevel() on ptolemy.moml.MoMLSimpleApplication@a3f9d74
reloadAllAccessors: .ContinuousMerge2

===========================================================================================
----------------- testing Sat Jun 09 15:22:34 UTC 2018 /home/travis/build/icyphy/ptII/ptolemy/domains/continuous/test/auto/ContinuousMerge3.xml
----------------- Instantiating /home/travis/build/icyphy/ptII/ptolemy/domains/continuous/test/auto/ContinuousMerge3.xml
50 ms. Memory: 680960K Free: 245316K (36%)
----------------- Invoking toplevel() on ptolemy.moml.MoMLSimpleApplication@268df8b7
----------------- Done invoking toplevel() on ptolemy.moml.MoMLSimpleApplication@268df8b7
reloadAllAccessors: .ContinuousMerge3

===========================================================================================
----------------- testing Sat Jun 09 15:22:34 UTC 2018 /home/travis/build/icyphy/ptII/ptolemy/domains/continuous/test/auto/ContinuousWithinContinuous.xml
----------------- Instantiating /home/travis/build/icyphy/ptII/ptolemy/domains/continuous/test/auto/ContinuousWithinContinuous.xml
41 ms. Memory: 680960K Free: 229326K (34%)
----------------- Invoking toplevel() on ptolemy.moml.MoMLSimpleApplication@1ea93abe
----------------- Done invoking toplevel() on ptolemy.moml.MoMLSimpleApplication@1ea93abe
reloadAllAccessors: .ContinuousWithinContinuous

===========================================================================================
----------------- testing Sat Jun 09 15:22:34 UTC 2018 /home/travis/build/icyphy/ptII/ptolemy/domains/continuous/test/auto/ContinuousWithinContinuous2.xml
----------------- Instantiating /home/travis/build/icyphy/ptII/ptolemy/domains/continuous/test/auto/ContinuousWithinContinuous2.xml
76 ms. Memory: 680960K Free: 214796K (32%)
----------------- Invoking toplevel() on ptolemy.moml.MoMLSimpleApplication@f3fb4eb
----------------- Done invoking toplevel() on ptolemy.moml.MoMLSimpleApplication@f3fb4eb
reloadAllAccessors: .ContinuousWithinContinuous2

===========================================================================================
----------------- testing Sat Jun 09 15:22:34 UTC 2018 /home/travis/build/icyphy/ptII/ptolemy/domains/continuous/test/auto/ContinuousWithinContinuous3.xml
----------------- Instantiating /home/travis/build/icyphy/ptII/ptolemy/domains/continuous/test/auto/ContinuousWithinContinuous3.xml
12 ms. Memory: 680960K Free: 202799K (30%)
----------------- Invoking toplevel() on ptolemy.moml.MoMLSimpleApplication@1e27b548
----------------- Done invoking toplevel() on ptolemy.moml.MoMLSimpleApplication@1e27b548
reloadAllAccessors: .ContinuousWithinContinuous3

===========================================================================================
----------------- testing Sat Jun 09 15:22:34 UTC 2018 /home/travis/build/icyphy/ptII/ptolemy/domains/continuous/test/auto/ContinuousWithinContinuous4.xml
----------------- Instantiating /home/travis/build/icyphy/ptII/ptolemy/domains/continuous/test/auto/ContinuousWithinContinuous4.xml
71 ms. Memory: 680960K Free: 182831K (27%)
----------------- Invoking toplevel() on ptolemy.moml.MoMLSimpleApplication@5d6c402a
----------------- Done invoking toplevel() on ptolemy.moml.MoMLSimpleApplication@5d6c402a
reloadAllAccessors: .ContinuousWithinContinuous4

===========================================================================================
----------------- testing Sat Jun 09 15:22:34 UTC 2018 /home/travis/build/icyphy/ptII/ptolemy/domains/continuous/test/auto/ContinuousWithinContinuous5.xml
----------------- Instantiating /home/travis/build/icyphy/ptII/ptolemy/domains/continuous/test/auto/ContinuousWithinContinuous5.xml
13 ms. Memory: 680960K Free: 168284K (25%)
----------------- Invoking toplevel() on ptolemy.moml.MoMLSimpleApplication@26ba826a
----------------- Done invoking toplevel() on ptolemy.moml.MoMLSimpleApplication@26ba826a
reloadAllAccessors: .ContinuousWithinContinuous5

===========================================================================================
----------------- testing Sat Jun 09 15:22:34 UTC 2018 /home/travis/build/icyphy/ptII/ptolemy/domains/continuous/test/auto/ContinuousWithinContinuous6.xml
----------------- Instantiating /home/travis/build/icyphy/ptII/ptolemy/domains/continuous/test/auto/ContinuousWithinContinuous6.xml
13 ms. Memory: 680960K Free: 156287K (23%)
----------------- Invoking toplevel() on ptolemy.moml.MoMLSimpleApplication@107a07c8
----------------- Done invoking toplevel() on ptolemy.moml.MoMLSimpleApplication@107a07c8
reloadAllAccessors: .ContinuousWithinContinuous6

===========================================================================================
----------------- testing Sat Jun 09 15:22:34 UTC 2018 /home/travis/build/icyphy/ptII/ptolemy/domains/continuous/test/auto/ContinuousWithinContinuous7.xml
----------------- Instantiating /home/travis/build/icyphy/ptII/ptolemy/domains/continuous/test/auto/ContinuousWithinContinuous7.xml
61 ms. Memory: 680960K Free: 144307K (21%)
----------------- Invoking toplevel() on ptolemy.moml.MoMLSimpleApplication@6657cbfd
----------------- Done invoking toplevel() on ptolemy.moml.MoMLSimpleApplication@6657cbfd
reloadAllAccessors: .ContinuousWithinContinuous7

===========================================================================================
----------------- testing Sat Jun 09 15:22:34 UTC 2018 /home/travis/build/icyphy/ptII/ptolemy/domains/continuous/test/auto/DCMotor.xml
----------------- Instantiating /home/travis/build/icyphy/ptII/ptolemy/domains/continuous/test/auto/DCMotor.xml
13747 ms. Memory: 509952K Free: 347983K (68%)
----------------- Invoking toplevel() on ptolemy.moml.MoMLSimpleApplication@75750490
----------------- Done invoking toplevel() on ptolemy.moml.MoMLSimpleApplication@75750490
reloadAllAccessors: .DCMotor

===========================================================================================
----------------- testing Sat Jun 09 15:22:48 UTC 2018 /home/travis/build/icyphy/ptII/ptolemy/domains/continuous/test/auto/DEInContinuous.xml
----------------- Instantiating /home/travis/build/icyphy/ptII/ptolemy/domains/continuous/test/auto/DEInContinuous.xml
9 ms. Memory: 509952K Free: 327922K (64%)
----------------- Invoking toplevel() on ptolemy.moml.MoMLSimpleApplication@56c6d04e
----------------- Done invoking toplevel() on ptolemy.moml.MoMLSimpleApplication@56c6d04e
reloadAllAccessors: .DEInContinuous

===========================================================================================
----------------- testing Sat Jun 09 15:22:48 UTC 2018 /home/travis/build/icyphy/ptII/ptolemy/domains/continuous/test/auto/DEinContinuous2.xml
----------------- Instantiating /home/travis/build/icyphy/ptII/ptolemy/domains/continuous/test/auto/DEinContinuous2.xml
7 ms. Memory: 509952K Free: 309489K (61%)
----------------- Invoking toplevel() on ptolemy.moml.MoMLSimpleApplication@2788c00b
----------------- Done invoking toplevel() on ptolemy.moml.MoMLSimpleApplication@2788c00b
reloadAllAccessors: .DEinContinuous2

===========================================================================================
----------------- testing Sat Jun 09 15:22:48 UTC 2018 /home/travis/build/icyphy/ptII/ptolemy/domains/continuous/test/auto/Derivative.xml
----------------- Instantiating /home/travis/build/icyphy/ptII/ptolemy/domains/continuous/test/auto/Derivative.xml
166 ms. Memory: 509952K Free: 266603K (52%)
----------------- Invoking toplevel() on ptolemy.moml.MoMLSimpleApplication@2aaffd36
----------------- Done invoking toplevel() on ptolemy.moml.MoMLSimpleApplication@2aaffd36
reloadAllAccessors: .Derivative2

===========================================================================================
----------------- testing Sat Jun 09 15:22:48 UTC 2018 /home/travis/build/icyphy/ptII/ptolemy/domains/continuous/test/auto/Derivative1.xml
----------------- Instantiating /home/travis/build/icyphy/ptII/ptolemy/domains/continuous/test/auto/Derivative1.xml
19 ms. Memory: 509952K Free: 239583K (47%)
----------------- Invoking toplevel() on ptolemy.moml.MoMLSimpleApplication@2bfd8994
----------------- Done invoking toplevel() on ptolemy.moml.MoMLSimpleApplication@2bfd8994
reloadAllAccessors: .Derivative1

===========================================================================================
----------------- testing Sat Jun 09 15:22:48 UTC 2018 /home/travis/build/icyphy/ptII/ptolemy/domains/continuous/test/auto/DiscreteClock.xml
----------------- Instantiating /home/travis/build/icyphy/ptII/ptolemy/domains/continuous/test/auto/DiscreteClock.xml
7 ms. Memory: 509952K Free: 221150K (43%)
----------------- Invoking toplevel() on ptolemy.moml.MoMLSimpleApplication@26f722c9
----------------- Done invoking toplevel() on ptolemy.moml.MoMLSimpleApplication@26f722c9
reloadAllAccessors: .DiscreteClock

===========================================================================================
----------------- testing Sat Jun 09 15:22:48 UTC 2018 /home/travis/build/icyphy/ptII/ptolemy/domains/continuous/test/auto/EfficiencyCurve.xml
----------------- Instantiating /home/travis/build/icyphy/ptII/ptolemy/domains/continuous/test/auto/EfficiencyCurve.xml
95 ms. Memory: 509952K Free: 204009K (40%)
----------------- Invoking toplevel() on ptolemy.moml.MoMLSimpleApplication@3e3c4eee
----------------- Done invoking toplevel() on ptolemy.moml.MoMLSimpleApplication@3e3c4eee
reloadAllAccessors: .EfficiencyCurve

===========================================================================================
----------------- testing Sat Jun 09 15:22:49 UTC 2018 /home/travis/build/icyphy/ptII/ptolemy/domains/continuous/test/auto/ExponentialResponse.xml
----------------- Instantiating /home/travis/build/icyphy/ptII/ptolemy/domains/continuous/test/auto/ExponentialResponse.xml
136 ms. Memory: 509952K Free: 174219K (34%)
----------------- Invoking toplevel() on ptolemy.moml.MoMLSimpleApplication@1a9030d6
----------------- Done invoking toplevel() on ptolemy.moml.MoMLSimpleApplication@1a9030d6
reloadAllAccessors: .ExponentialResponse

===========================================================================================
----------------- testing Sat Jun 09 15:22:49 UTC 2018 /home/travis/build/icyphy/ptII/ptolemy/domains/continuous/test/auto/ExponentialResponseRK45.xml
----------------- Instantiating /home/travis/build/icyphy/ptII/ptolemy/domains/continuous/test/auto/ExponentialResponseRK45.xml
27 ms. Memory: 509952K Free: 155787K (31%)
----------------- Invoking toplevel() on ptolemy.moml.MoMLSimpleApplication@e8ca176
----------------- Done invoking toplevel() on ptolemy.moml.MoMLSimpleApplication@e8ca176
reloadAllAccessors: .ExponentialResponseRK45

===========================================================================================
----------------- testing Sat Jun 09 15:22:49 UTC 2018 /home/travis/build/icyphy/ptII/ptolemy/domains/continuous/test/auto/Friction.xml
----------------- Instantiating /home/travis/build/icyphy/ptII/ptolemy/domains/continuous/test/auto/Friction.xml
1338 ms. Memory: 495104K Free: 133824K (27%)
----------------- Invoking toplevel() on ptolemy.moml.MoMLSimpleApplication@10bc053
----------------- Done invoking toplevel() on ptolemy.moml.MoMLSimpleApplication@10bc053
reloadAllAccessors: .Friction

===========================================================================================
----------------- testing Sat Jun 09 15:22:50 UTC 2018 /home/travis/build/icyphy/ptII/ptolemy/domains/continuous/test/auto/FurutaPendulum.xml
----------------- Instantiating /home/travis/build/icyphy/ptII/ptolemy/domains/continuous/test/auto/FurutaPendulum.xml
2726 ms. Memory: 454656K Free: 397104K (87%)
----------------- Invoking toplevel() on ptolemy.moml.MoMLSimpleApplication@131c94ce
----------------- Done invoking toplevel() on ptolemy.moml.MoMLSimpleApplication@131c94ce
reloadAllAccessors: .FurutaPendulum

===========================================================================================
----------------- testing Sat Jun 09 15:22:53 UTC 2018 /home/travis/build/icyphy/ptII/ptolemy/domains/continuous/test/auto/HierarchicalExecution.xml
----------------- Instantiating /home/travis/build/icyphy/ptII/ptolemy/domains/continuous/test/auto/HierarchicalExecution.xml
2138 ms. Memory: 454656K Free: 94786K (21%)
----------------- Invoking toplevel() on ptolemy.moml.MoMLSimpleApplication@4d9de77a
----------------- Done invoking toplevel() on ptolemy.moml.MoMLSimpleApplication@4d9de77a
reloadAllAccessors: .HierarchicalExecution

===========================================================================================
----------------- testing Sat Jun 09 15:22:56 UTC 2018 /home/travis/build/icyphy/ptII/ptolemy/domains/continuous/test/auto/HybridPlant.xml
----------------- Instantiating /home/travis/build/icyphy/ptII/ptolemy/domains/continuous/test/auto/HybridPlant.xml
560 ms. Memory: 436736K Free: 173538K (40%)
----------------- Invoking toplevel() on ptolemy.moml.MoMLSimpleApplication@711175c7
----------------- Done invoking toplevel() on ptolemy.moml.MoMLSimpleApplication@711175c7
reloadAllAccessors: .HybridPlant

===========================================================================================
----------------- testing Sat Jun 09 15:22:56 UTC 2018 /home/travis/build/icyphy/ptII/ptolemy/domains/continuous/test/auto/Hysteresis.xml
----------------- Instantiating /home/travis/build/icyphy/ptII/ptolemy/domains/continuous/test/auto/Hysteresis.xml
152 ms. Memory: 436736K Free: 108468K (25%)
----------------- Invoking toplevel() on ptolemy.moml.MoMLSimpleApplication@4320eab1
----------------- Done invoking toplevel() on ptolemy.moml.MoMLSimpleApplication@4320eab1
reloadAllAccessors: .Hysteresis

===========================================================================================
----------------- testing Sat Jun 09 15:22:56 UTC 2018 /home/travis/build/icyphy/ptII/ptolemy/domains/continuous/test/auto/HysteresisWithRandomDelay.xml
----------------- Instantiating /home/travis/build/icyphy/ptII/ptolemy/domains/continuous/test/auto/HysteresisWithRandomDelay.xml
178 ms. Memory: 420864K Free: 371290K (88%)
----------------- Invoking toplevel() on ptolemy.moml.MoMLSimpleApplication@4134aa3f
----------------- Done invoking toplevel() on ptolemy.moml.MoMLSimpleApplication@4134aa3f
reloadAllAccessors: .HysteresisWithRandomDelay

===========================================================================================
----------------- testing Sat Jun 09 15:22:57 UTC 2018 /home/travis/build/icyphy/ptII/ptolemy/domains/continuous/test/auto/HysteresisWithRandomLosses.xml
----------------- Instantiating /home/travis/build/icyphy/ptII/ptolemy/domains/continuous/test/auto/HysteresisWithRandomLosses.xml
2306 ms. Memory: 390656K Free: 243123K (62%)
----------------- Invoking toplevel() on ptolemy.moml.MoMLSimpleApplication@4218175
----------------- Done invoking toplevel() on ptolemy.moml.MoMLSimpleApplication@4218175
reloadAllAccessors: .HysteresisWithRandomLosses

===========================================================================================
----------------- testing Sat Jun 09 15:22:59 UTC 2018 /home/travis/build/icyphy/ptII/ptolemy/domains/continuous/test/auto/ImmediateTransitions.xml
----------------- Instantiating /home/travis/build/icyphy/ptII/ptolemy/domains/continuous/test/auto/ImmediateTransitions.xml
18 ms. Memory: 390656K Free: 225488K (58%)
----------------- Invoking toplevel() on ptolemy.moml.MoMLSimpleApplication@17434161
----------------- Done invoking toplevel() on ptolemy.moml.MoMLSimpleApplication@17434161
reloadAllAccessors: .ImmediateTransitions

===========================================================================================
----------------- testing Sat Jun 09 15:22:59 UTC 2018 /home/travis/build/icyphy/ptII/ptolemy/domains/continuous/test/auto/ImpulseFeedback.xml
----------------- Instantiating /home/travis/build/icyphy/ptII/ptolemy/domains/continuous/test/auto/ImpulseFeedback.xml
8 ms. Memory: 390656K Free: 215407K (55%)
----------------- Invoking toplevel() on ptolemy.moml.MoMLSimpleApplication@740e21c9
----------------- Done invoking toplevel() on ptolemy.moml.MoMLSimpleApplication@740e21c9
reloadAllAccessors: .ImpulseFeedback

===========================================================================================
----------------- testing Sat Jun 09 15:22:59 UTC 2018 /home/travis/build/icyphy/ptII/ptolemy/domains/continuous/test/auto/ImpulseFeedback2.xml
----------------- Instantiating /home/travis/build/icyphy/ptII/ptolemy/domains/continuous/test/auto/ImpulseFeedback2.xml
7 ms. Memory: 390656K Free: 205199K (53%)
----------------- Invoking toplevel() on ptolemy.moml.MoMLSimpleApplication@53389c47
----------------- Done invoking toplevel() on ptolemy.moml.MoMLSimpleApplication@53389c47
reloadAllAccessors: .ImpulseFeedback2

===========================================================================================
----------------- testing Sat Jun 09 15:22:59 UTC 2018 /home/travis/build/icyphy/ptII/ptolemy/domains/continuous/test/auto/IncreasingRatePoisson.xml
----------------- Instantiating /home/travis/build/icyphy/ptII/ptolemy/domains/continuous/test/auto/IncreasingRatePoisson.xml
726 ms. Memory: 376832K Free: 190318K (51%)
----------------- Invoking toplevel() on ptolemy.moml.MoMLSimpleApplication@2d29ab59
----------------- Done invoking toplevel() on ptolemy.moml.MoMLSimpleApplication@2d29ab59
reloadAllAccessors: .IncreasingRatePoisson

===========================================================================================
----------------- testing Sat Jun 09 15:23:00 UTC 2018 /home/travis/build/icyphy/ptII/ptolemy/domains/continuous/test/auto/InitialStateFeedback.xml
----------------- Instantiating /home/travis/build/icyphy/ptII/ptolemy/domains/continuous/test/auto/InitialStateFeedback.xml
5 ms. Memory: 376832K Free: 181913K (48%)
----------------- Invoking toplevel() on ptolemy.moml.MoMLSimpleApplication@2e4052e0
----------------- Done invoking toplevel() on ptolemy.moml.MoMLSimpleApplication@2e4052e0
reloadAllAccessors: .InitialStateFeedback

===========================================================================================
----------------- testing Sat Jun 09 15:23:00 UTC 2018 /home/travis/build/icyphy/ptII/ptolemy/domains/continuous/test/auto/Integration.xml
----------------- Instantiating /home/travis/build/icyphy/ptII/ptolemy/domains/continuous/test/auto/Integration.xml
4 ms. Memory: 376832K Free: 175165K (46%)
----------------- Invoking toplevel() on ptolemy.moml.MoMLSimpleApplication@74714aaf
----------------- Done invoking toplevel() on ptolemy.moml.MoMLSimpleApplication@74714aaf
reloadAllAccessors: .Integration

===========================================================================================
----------------- testing Sat Jun 09 15:23:00 UTC 2018 /home/travis/build/icyphy/ptII/ptolemy/domains/continuous/test/auto/Integration2.xml
----------------- Instantiating /home/travis/build/icyphy/ptII/ptolemy/domains/continuous/test/auto/Integration2.xml
86 ms. Memory: 376832K Free: 158568K (42%)
----------------- Invoking toplevel() on ptolemy.moml.MoMLSimpleApplication@678a478d
----------------- Done invoking toplevel() on ptolemy.moml.MoMLSimpleApplication@678a478d
reloadAllAccessors: .Integration2

===========================================================================================
----------------- testing Sat Jun 09 15:23:00 UTC 2018 /home/travis/build/icyphy/ptII/ptolemy/domains/continuous/test/auto/Integration3.xml
----------------- Instantiating /home/travis/build/icyphy/ptII/ptolemy/domains/continuous/test/auto/Integration3.xml
2 ms. Memory: 376832K Free: 151819K (40%)
----------------- Invoking toplevel() on ptolemy.moml.MoMLSimpleApplication@3c7d91fd
----------------- Done invoking toplevel() on ptolemy.moml.MoMLSimpleApplication@3c7d91fd
reloadAllAccessors: .Integration3

===========================================================================================
----------------- testing Sat Jun 09 15:23:00 UTC 2018 /home/travis/build/icyphy/ptII/ptolemy/domains/continuous/test/auto/Integration5.xml
----------------- Instantiating /home/travis/build/icyphy/ptII/ptolemy/domains/continuous/test/auto/Integration5.xml
2 ms. Memory: 376832K Free: 144967K (38%)
----------------- Invoking toplevel() on ptolemy.moml.MoMLSimpleApplication@526f9417
----------------- Done invoking toplevel() on ptolemy.moml.MoMLSimpleApplication@526f9417
reloadAllAccessors: .Integration5

===========================================================================================
----------------- testing Sat Jun 09 15:23:00 UTC 2018 /home/travis/build/icyphy/ptII/ptolemy/domains/continuous/test/auto/IntegratorImpulse.xml
----------------- Instantiating /home/travis/build/icyphy/ptII/ptolemy/domains/continuous/test/auto/IntegratorImpulse.xml
2 ms. Memory: 376832K Free: 138218K (37%)
----------------- Invoking toplevel() on ptolemy.moml.MoMLSimpleApplication@19ed107
----------------- Done invoking toplevel() on ptolemy.moml.MoMLSimpleApplication@19ed107
reloadAllAccessors: .IntegratorImpulse

===========================================================================================
----------------- testing Sat Jun 09 15:23:00 UTC 2018 /home/travis/build/icyphy/ptII/ptolemy/domains/continuous/test/auto/IntegratorImpulse2.xml
----------------- Instantiating /home/travis/build/icyphy/ptII/ptolemy/domains/continuous/test/auto/IntegratorImpulse2.xml
4 ms. Memory: 376832K Free: 131485K (35%)
----------------- Invoking toplevel() on ptolemy.moml.MoMLSimpleApplication@7d076e6b
----------------- Done invoking toplevel() on ptolemy.moml.MoMLSimpleApplication@7d076e6b
reloadAllAccessors: .IntegratorImpulse2

===========================================================================================
----------------- testing Sat Jun 09 15:23:00 UTC 2018 /home/travis/build/icyphy/ptII/ptolemy/domains/continuous/test/auto/LevelCrossing1.xml
----------------- Instantiating /home/travis/build/icyphy/ptII/ptolemy/domains/continuous/test/auto/LevelCrossing1.xml
2 ms. Memory: 376832K Free: 124642K (33%)
----------------- Invoking toplevel() on ptolemy.moml.MoMLSimpleApplication@3da93031
----------------- Done invoking toplevel() on ptolemy.moml.MoMLSimpleApplication@3da93031
reloadAllAccessors: .LevelCrossing1

===========================================================================================
----------------- testing Sat Jun 09 15:23:00 UTC 2018 /home/travis/build/icyphy/ptII/ptolemy/domains/continuous/test/auto/LevelCrossing2.xml
----------------- Instantiating /home/travis/build/icyphy/ptII/ptolemy/domains/continuous/test/auto/LevelCrossing2.xml
3 ms. Memory: 376832K Free: 117909K (31%)
----------------- Invoking toplevel() on ptolemy.moml.MoMLSimpleApplication@3f98716c
----------------- Done invoking toplevel() on ptolemy.moml.MoMLSimpleApplication@3f98716c
reloadAllAccessors: .LevelCrossing2

===========================================================================================
----------------- testing Sat Jun 09 15:23:00 UTC 2018 /home/travis/build/icyphy/ptII/ptolemy/domains/continuous/test/auto/LevelCrossing3.xml
----------------- Instantiating /home/travis/build/icyphy/ptII/ptolemy/domains/continuous/test/auto/LevelCrossing3.xml
2 ms. Memory: 376832K Free: 111168K (30%)
----------------- Invoking toplevel() on ptolemy.moml.MoMLSimpleApplication@692f3398
----------------- Done invoking toplevel() on ptolemy.moml.MoMLSimpleApplication@692f3398
reloadAllAccessors: .LevelCrossing3

===========================================================================================
----------------- testing Sat Jun 09 15:23:00 UTC 2018 /home/travis/build/icyphy/ptII/ptolemy/domains/continuous/test/auto/LevelCrossing4.xml
----------------- Instantiating /home/travis/build/icyphy/ptII/ptolemy/domains/continuous/test/auto/LevelCrossing4.xml
3 ms. Memory: 376832K Free: 104316K (28%)
----------------- Invoking toplevel() on ptolemy.moml.MoMLSimpleApplication@1b03148e
----------------- Done invoking toplevel() on ptolemy.moml.MoMLSimpleApplication@1b03148e
reloadAllAccessors: .LevelCrossing4

===========================================================================================
----------------- testing Sat Jun 09 15:23:00 UTC 2018 /home/travis/build/icyphy/ptII/ptolemy/domains/continuous/test/auto/LevelCrossing5.xml
----------------- Instantiating /home/travis/build/icyphy/ptII/ptolemy/domains/continuous/test/auto/LevelCrossing5.xml
3 ms. Memory: 376832K Free: 97583K (26%)
----------------- Invoking toplevel() on ptolemy.moml.MoMLSimpleApplication@7b8c679b
----------------- Done invoking toplevel() on ptolemy.moml.MoMLSimpleApplication@7b8c679b
reloadAllAccessors: .LevelCrossing5

===========================================================================================
----------------- testing Sat Jun 09 15:23:00 UTC 2018 /home/travis/build/icyphy/ptII/ptolemy/domains/continuous/test/auto/LevelCrossing6.xml
----------------- Instantiating /home/travis/build/icyphy/ptII/ptolemy/domains/continuous/test/auto/LevelCrossing6.xml
[...]
13 ms. Memory: 440320K Free: 85861K (19%)
----------------- Invoking toplevel() on ptolemy.moml.MoMLSimpleApplication@35d022b
----------------- Done invoking toplevel() on ptolemy.moml.MoMLSimpleApplication@35d022b
reloadAllAccessors: .ResetTransitionWithStartTime6

===========================================================================================
----------------- testing Sat Jun 09 15:23:17 UTC 2018 /home/travis/build/icyphy/ptII/ptolemy/domains/continuous/test/auto/SRinContinuous.xml
----------------- Instantiating /home/travis/build/icyphy/ptII/ptolemy/domains/continuous/test/auto/SRinContinuous.xml
8 ms. Memory: 440320K Free: 75379K (17%)
----------------- Invoking toplevel() on ptolemy.moml.MoMLSimpleApplication@6453c16b
----------------- Done invoking toplevel() on ptolemy.moml.MoMLSimpleApplication@6453c16b
reloadAllAccessors: .SRinContinuous

===========================================================================================
----------------- testing Sat Jun 09 15:23:17 UTC 2018 /home/travis/build/icyphy/ptII/ptolemy/domains/continuous/test/auto/SampledClocks.xml
----------------- Instantiating /home/travis/build/icyphy/ptII/ptolemy/domains/continuous/test/auto/SampledClocks.xml
8 ms. Memory: 440320K Free: 62402K (14%)
----------------- Invoking toplevel() on ptolemy.moml.MoMLSimpleApplication@4f996319
----------------- Done invoking toplevel() on ptolemy.moml.MoMLSimpleApplication@4f996319
reloadAllAccessors: .SampledClocks

===========================================================================================
----------------- testing Sat Jun 09 15:23:17 UTC 2018 /home/travis/build/icyphy/ptII/ptolemy/domains/continuous/test/auto/Satellite.xml
----------------- Instantiating /home/travis/build/icyphy/ptII/ptolemy/domains/continuous/test/auto/Satellite.xml
820 ms. Memory: 428544K Free: 227315K (53%)
----------------- Invoking toplevel() on ptolemy.moml.MoMLSimpleApplication@2a86f1f2
----------------- Done invoking toplevel() on ptolemy.moml.MoMLSimpleApplication@2a86f1f2
reloadAllAccessors: .Satellite

===========================================================================================
----------------- testing Sat Jun 09 15:23:18 UTC 2018 /home/travis/build/icyphy/ptII/ptolemy/domains/continuous/test/auto/SigmaDelta.xml
----------------- Instantiating /home/travis/build/icyphy/ptII/ptolemy/domains/continuous/test/auto/SigmaDelta.xml
2189 ms. Memory: 412672K Free: 175018K (42%)
----------------- Invoking toplevel() on ptolemy.moml.MoMLSimpleApplication@1d6fab17
----------------- Done invoking toplevel() on ptolemy.moml.MoMLSimpleApplication@1d6fab17
reloadAllAccessors: .SigmaDelta

===========================================================================================
----------------- testing Sat Jun 09 15:23:20 UTC 2018 /home/travis/build/icyphy/ptII/ptolemy/domains/continuous/test/auto/SinuBouncingBall.xml
----------------- Instantiating /home/travis/build/icyphy/ptII/ptolemy/domains/continuous/test/auto/SinuBouncingBall.xml
690 ms. Memory: 394752K Free: 259262K (66%)
----------------- Invoking toplevel() on ptolemy.moml.MoMLSimpleApplication@523f3489
----------------- Done invoking toplevel() on ptolemy.moml.MoMLSimpleApplication@523f3489
reloadAllAccessors: .SinuBouncingBall

===========================================================================================
----------------- testing Sat Jun 09 15:23:21 UTC 2018 /home/travis/build/icyphy/ptII/ptolemy/domains/continuous/test/auto/Sinusoid.xml
----------------- Instantiating /home/travis/build/icyphy/ptII/ptolemy/domains/continuous/test/auto/Sinusoid.xml
6 ms. Memory: 394752K Free: 250913K (64%)
----------------- Invoking toplevel() on ptolemy.moml.MoMLSimpleApplication@3b6f05ba
----------------- Done invoking toplevel() on ptolemy.moml.MoMLSimpleApplication@3b6f05ba
reloadAllAccessors: .Sinusoid

===========================================================================================
----------------- testing Sat Jun 09 15:23:21 UTC 2018 /home/travis/build/icyphy/ptII/ptolemy/domains/continuous/test/auto/SinusoidInNoise.xml
----------------- Instantiating /home/travis/build/icyphy/ptII/ptolemy/domains/continuous/test/auto/SinusoidInNoise.xml
861 ms. Memory: 394752K Free: 52470K (13%)
----------------- Invoking toplevel() on ptolemy.moml.MoMLSimpleApplication@3635e954
----------------- Done invoking toplevel() on ptolemy.moml.MoMLSimpleApplication@3635e954
reloadAllAccessors: .SinusoidInNoise

===========================================================================================
----------------- testing Sat Jun 09 15:23:22 UTC 2018 /home/travis/build/icyphy/ptII/ptolemy/domains/continuous/test/auto/SinusoidRK45.xml
----------------- Instantiating /home/travis/build/icyphy/ptII/ptolemy/domains/continuous/test/auto/SinusoidRK45.xml
2 ms. Memory: 394752K Free: 45319K (11%)
----------------- Invoking toplevel() on ptolemy.moml.MoMLSimpleApplication@35702618
----------------- Done invoking toplevel() on ptolemy.moml.MoMLSimpleApplication@35702618
reloadAllAccessors: .SinusoidRK45

===========================================================================================
----------------- testing Sat Jun 09 15:23:22 UTC 2018 /home/travis/build/icyphy/ptII/ptolemy/domains/continuous/test/auto/SinusoidWithMultipleImpulses.xml
----------------- Instantiating /home/travis/build/icyphy/ptII/ptolemy/domains/continuous/test/auto/SinusoidWithMultipleImpulses.xml
4 ms. Memory: 394752K Free: 38152K (10%)
----------------- Invoking toplevel() on ptolemy.moml.MoMLSimpleApplication@2362c1bb
----------------- Done invoking toplevel() on ptolemy.moml.MoMLSimpleApplication@2362c1bb
reloadAllAccessors: .SinusoidWithMultipleImpulses

===========================================================================================
----------------- testing Sat Jun 09 15:23:22 UTC 2018 /home/travis/build/icyphy/ptII/ptolemy/domains/continuous/test/auto/SquareWave.xml
----------------- Instantiating /home/travis/build/icyphy/ptII/ptolemy/domains/continuous/test/auto/SquareWave.xml
172 ms. Memory: 379904K Free: 305769K (80%)
----------------- Invoking toplevel() on ptolemy.moml.MoMLSimpleApplication@1b807b7a
----------------- Done invoking toplevel() on ptolemy.moml.MoMLSimpleApplication@1b807b7a
reloadAllAccessors: .SquareWave

===========================================================================================
----------------- testing Sat Jun 09 15:23:22 UTC 2018 /home/travis/build/icyphy/ptII/ptolemy/domains/continuous/test/auto/Starmac.xml
----------------- Instantiating /home/travis/build/icyphy/ptII/ptolemy/domains/continuous/test/auto/Starmac.xml
3069 ms. Memory: 370688K Free: 218213K (59%)
----------------- Invoking toplevel() on ptolemy.moml.MoMLSimpleApplication@3233cf52
----------------- Done invoking toplevel() on ptolemy.moml.MoMLSimpleApplication@3233cf52
reloadAllAccessors: .Starmac

===========================================================================================
----------------- testing Sat Jun 09 15:23:25 UTC 2018 /home/travis/build/icyphy/ptII/ptolemy/domains/continuous/test/auto/StaticUnits.xml
----------------- Instantiating /home/travis/build/icyphy/ptII/ptolemy/domains/continuous/test/auto/StaticUnits.xml
2045 ms. Memory: 357888K Free: 18050K (5%)
----------------- Invoking toplevel() on ptolemy.moml.MoMLSimpleApplication@1d552265
----------------- Done invoking toplevel() on ptolemy.moml.MoMLSimpleApplication@1d552265
reloadAllAccessors: .StaticUnits

===========================================================================================
----------------- testing Sat Jun 09 15:23:28 UTC 2018 /home/travis/build/icyphy/ptII/ptolemy/domains/continuous/test/auto/StickyMasses.xml
----------------- Instantiating /home/travis/build/icyphy/ptII/ptolemy/domains/continuous/test/auto/StickyMasses.xml
114 ms. Memory: 341504K Free: 216120K (63%)
----------------- Invoking toplevel() on ptolemy.moml.MoMLSimpleApplication@69c1aea8
----------------- Done invoking toplevel() on ptolemy.moml.MoMLSimpleApplication@69c1aea8
reloadAllAccessors: .StickyMasses

===========================================================================================
----------------- testing Sat Jun 09 15:23:28 UTC 2018 /home/travis/build/icyphy/ptII/ptolemy/domains/continuous/test/auto/StopTime.xml
----------------- Instantiating /home/travis/build/icyphy/ptII/ptolemy/domains/continuous/test/auto/StopTime.xml
43 ms. Memory: 341504K Free: 189041K (55%)
----------------- Invoking toplevel() on ptolemy.moml.MoMLSimpleApplication@5a5cee8
----------------- Done invoking toplevel() on ptolemy.moml.MoMLSimpleApplication@5a5cee8
reloadAllAccessors: .StopTime

===========================================================================================
----------------- testing Sat Jun 09 15:23:28 UTC 2018 /home/travis/build/icyphy/ptII/ptolemy/domains/continuous/test/auto/StopTime2.xml
----------------- Instantiating /home/travis/build/icyphy/ptII/ptolemy/domains/continuous/test/auto/StopTime2.xml
46 ms. Memory: 341504K Free: 163710K (48%)
----------------- Invoking toplevel() on ptolemy.moml.MoMLSimpleApplication@3f30f627
----------------- Done invoking toplevel() on ptolemy.moml.MoMLSimpleApplication@3f30f627
reloadAllAccessors: .StopTime2

===========================================================================================
----------------- testing Sat Jun 09 15:23:28 UTC 2018 /home/travis/build/icyphy/ptII/ptolemy/domains/continuous/test/auto/Switch.xml
----------------- Instantiating /home/travis/build/icyphy/ptII/ptolemy/domains/continuous/test/auto/Switch.xml
56 ms. Memory: 341504K Free: 134943K (40%)
----------------- Invoking toplevel() on ptolemy.moml.MoMLSimpleApplication@c952d86
----------------- Done invoking toplevel() on ptolemy.moml.MoMLSimpleApplication@c952d86
reloadAllAccessors: .Switch

===========================================================================================
----------------- testing Sat Jun 09 15:23:28 UTC 2018 /home/travis/build/icyphy/ptII/ptolemy/domains/continuous/test/auto/Thermostat.xml
----------------- Instantiating /home/travis/build/icyphy/ptII/ptolemy/domains/continuous/test/auto/Thermostat.xml
222 ms. Memory: 341504K Free: 59032K (17%)
----------------- Invoking toplevel() on ptolemy.moml.MoMLSimpleApplication@688a9c00
----------------- Done invoking toplevel() on ptolemy.moml.MoMLSimpleApplication@688a9c00
reloadAllAccessors: .Thermostat

===========================================================================================
----------------- testing Sat Jun 09 15:23:28 UTC 2018 /home/travis/build/icyphy/ptII/ptolemy/domains/continuous/test/auto/TimeDelay.xml
----------------- Instantiating /home/travis/build/icyphy/ptII/ptolemy/domains/continuous/test/auto/TimeDelay.xml
6 ms. Memory: 341504K Free: 52873K (15%)
----------------- Invoking toplevel() on ptolemy.moml.MoMLSimpleApplication@160ae25e
----------------- Done invoking toplevel() on ptolemy.moml.MoMLSimpleApplication@160ae25e
reloadAllAccessors: .TimeDelay

===========================================================================================
----------------- testing Sat Jun 09 15:23:28 UTC 2018 /home/travis/build/icyphy/ptII/ptolemy/domains/continuous/test/auto/TimeDelay2.xml
----------------- Instantiating /home/travis/build/icyphy/ptII/ptolemy/domains/continuous/test/auto/TimeDelay2.xml
8 ms. Memory: 341504K Free: 43237K (13%)
----------------- Invoking toplevel() on ptolemy.moml.MoMLSimpleApplication@3cc23385
----------------- Done invoking toplevel() on ptolemy.moml.MoMLSimpleApplication@3cc23385
reloadAllAccessors: .TimeDelay2

===========================================================================================
----------------- testing Sat Jun 09 15:23:28 UTC 2018 /home/travis/build/icyphy/ptII/ptolemy/domains/continuous/test/auto/TimeDelay3.xml
----------------- Instantiating /home/travis/build/icyphy/ptII/ptolemy/domains/continuous/test/auto/TimeDelay3.xml
7 ms. Memory: 341504K Free: 37096K (11%)
----------------- Invoking toplevel() on ptolemy.moml.MoMLSimpleApplication@4f98d017
----------------- Done invoking toplevel() on ptolemy.moml.MoMLSimpleApplication@4f98d017
reloadAllAccessors: .TimeDelay3

===========================================================================================
----------------- testing Sat Jun 09 15:23:28 UTC 2018 /home/travis/build/icyphy/ptII/ptolemy/domains/continuous/test/auto/TransferAbsentToInside.xml
----------------- Instantiating /home/travis/build/icyphy/ptII/ptolemy/domains/continuous/test/auto/TransferAbsentToInside.xml
55 ms. Memory: 331776K Free: 228039K (69%)
----------------- Invoking toplevel() on ptolemy.moml.MoMLSimpleApplication@1b4eb584
----------------- Done invoking toplevel() on ptolemy.moml.MoMLSimpleApplication@1b4eb584
reloadAllAccessors: .TransferAbsentToInside

===========================================================================================
----------------- testing Sat Jun 09 15:23:29 UTC 2018 /home/travis/build/icyphy/ptII/ptolemy/domains/continuous/test/auto/Transmission.xml
----------------- Instantiating /home/travis/build/icyphy/ptII/ptolemy/domains/continuous/test/auto/Transmission.xml
799 ms. Memory: 320000K Free: 225238K (70%)
----------------- Invoking toplevel() on ptolemy.moml.MoMLSimpleApplication@68c8d507
----------------- Done invoking toplevel() on ptolemy.moml.MoMLSimpleApplication@68c8d507
reloadAllAccessors: .Transmission

===========================================================================================
----------------- testing Sat Jun 09 15:23:29 UTC 2018 /home/travis/build/icyphy/ptII/ptolemy/domains/continuous/test/auto/TriggeredContinuousClock.xml
----------------- Instantiating /home/travis/build/icyphy/ptII/ptolemy/domains/continuous/test/auto/TriggeredContinuousClock.xml
37 ms. Memory: 320000K Free: 189880K (59%)
----------------- Invoking toplevel() on ptolemy.moml.MoMLSimpleApplication@259594f5
----------------- Done invoking toplevel() on ptolemy.moml.MoMLSimpleApplication@259594f5
reloadAllAccessors: .TriggeredContinuousClock

===========================================================================================
----------------- testing Sat Jun 09 15:23:30 UTC 2018 /home/travis/build/icyphy/ptII/ptolemy/domains/continuous/test/auto/TwoMachineInfiniteBusControl.xml
----------------- Instantiating /home/travis/build/icyphy/ptII/ptolemy/domains/continuous/test/auto/TwoMachineInfiniteBusControl.xml
2320 ms. Memory: 299520K Free: 61551K (21%)
----------------- Invoking toplevel() on ptolemy.moml.MoMLSimpleApplication@1d0b371e
----------------- Done invoking toplevel() on ptolemy.moml.MoMLSimpleApplication@1d0b371e
reloadAllAccessors: .TwoMachineInfiniteBusControl

===========================================================================================
----------------- testing Sat Jun 09 15:23:32 UTC 2018 /home/travis/build/icyphy/ptII/ptolemy/domains/continuous/test/auto/V2V.xml
----------------- Instantiating /home/travis/build/icyphy/ptII/ptolemy/domains/continuous/test/auto/V2V.xml
627 ms. Memory: 290816K Free: 75554K (26%)
----------------- Invoking toplevel() on ptolemy.moml.MoMLSimpleApplication@174d7072
----------------- Done invoking toplevel() on ptolemy.moml.MoMLSimpleApplication@174d7072
reloadAllAccessors: .V2V

===========================================================================================
----------------- testing Sat Jun 09 15:23:33 UTC 2018 /home/travis/build/icyphy/ptII/ptolemy/domains/continuous/test/auto/hierarchicalModalModel.xml
----------------- Instantiating /home/travis/build/icyphy/ptII/ptolemy/domains/continuous/test/auto/hierarchicalModalModel.xml
10 ms. Memory: 290816K Free: 56817K (20%)
----------------- Invoking toplevel() on ptolemy.moml.MoMLSimpleApplication@36fc055a
----------------- Done invoking toplevel() on ptolemy.moml.MoMLSimpleApplication@36fc055a
reloadAllAccessors: .hierarchicalModalModel

===========================================================================================
----------------- testing Sat Jun 09 15:23:33 UTC 2018 /home/travis/build/icyphy/ptII/ptolemy/domains/continuous/test/auto/hierarchicalModalModel1.xml
----------------- Instantiating /home/travis/build/icyphy/ptII/ptolemy/domains/continuous/test/auto/hierarchicalModalModel1.xml
9 ms. Memory: 290816K Free: 39041K (13%)
----------------- Invoking toplevel() on ptolemy.moml.MoMLSimpleApplication@2e8321b8
----------------- Done invoking toplevel() on ptolemy.moml.MoMLSimpleApplication@2e8321b8
reloadAllAccessors: .hierarchicalModalModel1

===========================================================================================
----------------- testing Sat Jun 09 15:23:33 UTC 2018 /home/travis/build/icyphy/ptII/ptolemy/domains/continuous/test/auto/hierarchicalModalModel2.xml
----------------- Instantiating /home/travis/build/icyphy/ptII/ptolemy/domains/continuous/test/auto/hierarchicalModalModel2.xml
6 ms. Memory: 290816K Free: 24155K (8%)
----------------- Invoking toplevel() on ptolemy.moml.MoMLSimpleApplication@1fea7c8e
----------------- Done invoking toplevel() on ptolemy.moml.MoMLSimpleApplication@1fea7c8e
reloadAllAccessors: .hierarchicalModalModel2

===========================================================================================
----------------- testing Sat Jun 09 15:23:33 UTC 2018 /home/travis/build/icyphy/ptII/ptolemy/domains/continuous/test/auto/hierarchicalModalModel3.xml
----------------- Instantiating /home/travis/build/icyphy/ptII/ptolemy/domains/continuous/test/auto/hierarchicalModalModel3.xml
6 ms. Memory: 290816K Free: 10590K (4%)
----------------- Invoking toplevel() on ptolemy.moml.MoMLSimpleApplication@68ccaa59
----------------- Done invoking toplevel() on ptolemy.moml.MoMLSimpleApplication@68ccaa59
reloadAllAccessors: .hierarchicalModalModel3

===========================================================================================
----------------- testing Sat Jun 09 15:23:33 UTC 2018 /home/travis/build/icyphy/ptII/ptolemy/domains/continuous/test/auto/hierarchicalModalModel4.xml
----------------- Instantiating /home/travis/build/icyphy/ptII/ptolemy/domains/continuous/test/auto/hierarchicalModalModel4.xml
7 ms. Memory: 281600K Free: 196054K (70%)
----------------- Invoking toplevel() on ptolemy.moml.MoMLSimpleApplication@71686a20
----------------- Done invoking toplevel() on ptolemy.moml.MoMLSimpleApplication@71686a20
reloadAllAccessors: .hierarchicalModalModel4

===========================================================================================
----------------- testing Sat Jun 09 15:23:33 UTC 2018 /home/travis/build/icyphy/ptII/ptolemy/domains/continuous/test/auto/junk.xml
----------------- Instantiating /home/travis/build/icyphy/ptII/ptolemy/domains/continuous/test/auto/junk.xml
149 ms. Memory: 281600K Free: 163998K (58%)
----------------- Invoking toplevel() on ptolemy.moml.MoMLSimpleApplication@448751a1
----------------- Done invoking toplevel() on ptolemy.moml.MoMLSimpleApplication@448751a1
reloadAllAccessors: .junk
AutoTests.java: About to close Vertx.
AutoTests.java: Vertx closed.
]]></system-out>
  <system-err><![CDATA[Warning: '.HysteresisWithRandomDelay.NonStrictTest' The test produced only 221 tokens, yet the correctValues parameter was expecting 222 tokens.
Warning: '.HysteresisWithRandomDelay.NonStrictTest2' The test produced only 220 tokens, yet the correctValues parameter was expecting 221 tokens.
Warning: '.HysteresisWithRandomDelay.NonStrictTest3' The test produced only 17 tokens, yet the correctValues parameter was expecting 30 tokens.
Warning: '.IncreasingRatePoisson.NonStrictTest' The test produced only 376 tokens, yet the correctValues parameter was expecting 402 tokens.
Warning: '.Poisson.NonStrictTest' The test produced only 401 tokens, yet the correctValues parameter was expecting 430 tokens.
]]></system-err>
</testsuite>
