<?xml version="1.0" encoding="UTF-8" ?>
<testsuite errors="0" failures="0" hostname="travis-job-14192e78-96c8-441a-8fb0-54024e832f47" name="ptolemy.domains.de.test.junit.JUnitTclTest" skipped="0" tests="101" time="127.365" timestamp="2018-06-10T21:12:27">
  <properties>
[...]
</properties>
  <testcase classname="ptolemy.util.test.junit.TclTests" name="[0] /home/travis/build/icyphy/ptII/ptolemy/domains/de/test/DependencyLoop.tcl (RunTclFile)" time="0.727" />
  <testcase classname="ptolemy.util.test.junit.TclTests" name="[1] /home/travis/build/icyphy/ptII/ptolemy/domains/de/test/RunDETestsAsQSS.tcl (RunTclFile)" time="87.272" />
  <testcase classname="ptolemy.util.test.junit.AutoKnownFailedTests" name="[0] /home/travis/build/icyphy/ptII/ptolemy/domains/de/test/auto/knownFailedTests/DESDFClockTest.xml (RunModel)" time="2.03" />
  <testcase classname="ptolemy.util.test.junit.AutoKnownFailedTests" name="[1] /home/travis/build/icyphy/ptII/ptolemy/domains/de/test/auto/knownFailedTests/DirectFeedback.xml (RunModel)" time="0.008" />
  <testcase classname="ptolemy.util.test.junit.AutoKnownFailedTests" name="[2] /home/travis/build/icyphy/ptII/ptolemy/domains/de/test/auto/knownFailedTests/FSMSource.xml (RunModel)" time="0.011" />
  <testcase classname="ptolemy.util.test.junit.AutoKnownFailedTests" name="[3] /home/travis/build/icyphy/ptII/ptolemy/domains/de/test/auto/knownFailedTests/HierarchicalModel.xml (RunModel)" time="0.025" />
  <testcase classname="ptolemy.util.test.junit.AutoKnownFailedTests" name="[4] /home/travis/build/icyphy/ptII/ptolemy/domains/de/test/auto/knownFailedTests/dependencyLoop.xml (RunModel)" time="0.028" />
  <testcase classname="ptolemy.util.test.junit.AutoKnownFailedTests" name="[5] /home/travis/build/icyphy/ptII/ptolemy/domains/de/test/auto/knownFailedTests/dependencyLoop2.xml (RunModel)" time="0.025" />
  <testcase classname="ptolemy.util.test.junit.AutoNameArchTests" name="[0] ThereAreNoAutoArchTests (RunModel)" time="0.001" />
  <testcase classname="ptolemy.util.test.junit.AutoTests" name="[0] /home/travis/build/icyphy/ptII/ptolemy/domains/de/test/auto/ActorDepthCalculation_actorWithoutPorts.xml (RunModel)" time="0.014" />
  <testcase classname="ptolemy.util.test.junit.AutoTests" name="[1] /home/travis/build/icyphy/ptII/ptolemy/domains/de/test/auto/AssemblyLine.xml (RunModel)" time="0.011" />
  <testcase classname="ptolemy.util.test.junit.AutoTests" name="[2] /home/travis/build/icyphy/ptII/ptolemy/domains/de/test/auto/CQBug1.xml (RunModel)" time="0.005" />
  <testcase classname="ptolemy.util.test.junit.AutoTests" name="[3] /home/travis/build/icyphy/ptII/ptolemy/domains/de/test/auto/CancelFireAt.xml (RunModel)" time="0.004" />
  <testcase classname="ptolemy.util.test.junit.AutoTests" name="[4] /home/travis/build/icyphy/ptII/ptolemy/domains/de/test/auto/CausalityAndComposabilityAnalysis.xml (RunModel)" time="0.009" />
  <testcase classname="ptolemy.util.test.junit.AutoTests" name="[5] /home/travis/build/icyphy/ptII/ptolemy/domains/de/test/auto/CausalityInterface1.xml (RunModel)" time="0.009" />
  <testcase classname="ptolemy.util.test.junit.AutoTests" name="[6] /home/travis/build/icyphy/ptII/ptolemy/domains/de/test/auto/CausalityInterface15.xml (RunModel)" time="0.009" />
  <testcase classname="ptolemy.util.test.junit.AutoTests" name="[7] /home/travis/build/icyphy/ptII/ptolemy/domains/de/test/auto/CausalityInterface2.xml (RunModel)" time="0.008" />
  <testcase classname="ptolemy.util.test.junit.AutoTests" name="[8] /home/travis/build/icyphy/ptII/ptolemy/domains/de/test/auto/CausalityInterface3.xml (RunModel)" time="0.008" />
  <testcase classname="ptolemy.util.test.junit.AutoTests" name="[9] /home/travis/build/icyphy/ptII/ptolemy/domains/de/test/auto/ClockDrift.xml (RunModel)" time="0.026" />
  <testcase classname="ptolemy.util.test.junit.AutoTests" name="[10] /home/travis/build/icyphy/ptII/ptolemy/domains/de/test/auto/ClockDriftAndValueChange.xml (RunModel)" time="0.023" />
  <testcase classname="ptolemy.util.test.junit.AutoTests" name="[11] /home/travis/build/icyphy/ptII/ptolemy/domains/de/test/auto/ClockDriftChange.xml (RunModel)" time="0.019" />
  <testcase classname="ptolemy.util.test.junit.AutoTests" name="[12] /home/travis/build/icyphy/ptII/ptolemy/domains/de/test/auto/ComposableCausalityAnalysis.xml (RunModel)" time="0.014" />
  <testcase classname="ptolemy.util.test.junit.AutoTests" name="[13] /home/travis/build/icyphy/ptII/ptolemy/domains/de/test/auto/DEFixedPointLimitation.xml (RunModel)" time="0.007" />
  <testcase classname="ptolemy.util.test.junit.AutoTests" name="[14] /home/travis/build/icyphy/ptII/ptolemy/domains/de/test/auto/DEScheduleTest.xml (RunModel)" time="0.008" />
  <testcase classname="ptolemy.util.test.junit.AutoTests" name="[15] /home/travis/build/icyphy/ptII/ptolemy/domains/de/test/auto/DEinDEwithStartTimes.xml (RunModel)" time="0.009" />
  <testcase classname="ptolemy.util.test.junit.AutoTests" name="[16] /home/travis/build/icyphy/ptII/ptolemy/domains/de/test/auto/DEinDEwithStartTimes2.xml (RunModel)" time="0.01" />
  <testcase classname="ptolemy.util.test.junit.AutoTests" name="[17] /home/travis/build/icyphy/ptII/ptolemy/domains/de/test/auto/DateDemo.xml (RunModel)" time="0.02" />
  <testcase classname="ptolemy.util.test.junit.AutoTests" name="[18] /home/travis/build/icyphy/ptII/ptolemy/domains/de/test/auto/DateToEvent.xml (RunModel)" time="2.039" />
  <testcase classname="ptolemy.util.test.junit.AutoTests" name="[19] /home/travis/build/icyphy/ptII/ptolemy/domains/de/test/auto/DepthTest1.xml (RunModel)" time="0.01" />
  <testcase classname="ptolemy.util.test.junit.AutoTests" name="[20] /home/travis/build/icyphy/ptII/ptolemy/domains/de/test/auto/DepthTest2.xml (RunModel)" time="0.01" />
  <testcase classname="ptolemy.util.test.junit.AutoTests" name="[21] /home/travis/build/icyphy/ptII/ptolemy/domains/de/test/auto/DepthTest3.xml (RunModel)" time="0.005" />
  <testcase classname="ptolemy.util.test.junit.AutoTests" name="[22] /home/travis/build/icyphy/ptII/ptolemy/domains/de/test/auto/DepthTest4.xml (RunModel)" time="0.008" />
  <testcase classname="ptolemy.util.test.junit.AutoTests" name="[23] /home/travis/build/icyphy/ptII/ptolemy/domains/de/test/auto/DepthTest5.xml (RunModel)" time="0.009" />
  <testcase classname="ptolemy.util.test.junit.AutoTests" name="[24] /home/travis/build/icyphy/ptII/ptolemy/domains/de/test/auto/DepthTest6.xml (RunModel)" time="0.01" />
  <testcase classname="ptolemy.util.test.junit.AutoTests" name="[25] /home/travis/build/icyphy/ptII/ptolemy/domains/de/test/auto/DepthTest7.xml (RunModel)" time="0.008" />
  <testcase classname="ptolemy.util.test.junit.AutoTests" name="[26] /home/travis/build/icyphy/ptII/ptolemy/domains/de/test/auto/EventToDate.xml (RunModel)" time="3.024" />
  <testcase classname="ptolemy.util.test.junit.AutoTests" name="[27] /home/travis/build/icyphy/ptII/ptolemy/domains/de/test/auto/FSM1.xml (RunModel)" time="0.033" />
  <testcase classname="ptolemy.util.test.junit.AutoTests" name="[28] /home/travis/build/icyphy/ptII/ptolemy/domains/de/test/auto/FSM7.xml (RunModel)" time="0.033" />
  <testcase classname="ptolemy.util.test.junit.AutoTests" name="[29] /home/travis/build/icyphy/ptII/ptolemy/domains/de/test/auto/Inspection.xml (RunModel)" time="0.027" />
  <testcase classname="ptolemy.util.test.junit.AutoTests" name="[30] /home/travis/build/icyphy/ptII/ptolemy/domains/de/test/auto/Iteration.xml (RunModel)" time="0.013" />
  <testcase classname="ptolemy.util.test.junit.AutoTests" name="[31] /home/travis/build/icyphy/ptII/ptolemy/domains/de/test/auto/LineFault.xml (RunModel)" time="0.393" />
  <testcase classname="ptolemy.util.test.junit.AutoTests" name="[32] /home/travis/build/icyphy/ptII/ptolemy/domains/de/test/auto/MergeModel1Add.xml (RunModel)" time="0.033" />
  <testcase classname="ptolemy.util.test.junit.AutoTests" name="[33] /home/travis/build/icyphy/ptII/ptolemy/domains/de/test/auto/MergeModel2Add.xml (RunModel)" time="0.027" />
  <testcase classname="ptolemy.util.test.junit.AutoTests" name="[34] /home/travis/build/icyphy/ptII/ptolemy/domains/de/test/auto/MergeModel3Add.xml (RunModel)" time="0.032" />
  <testcase classname="ptolemy.util.test.junit.AutoTests" name="[35] /home/travis/build/icyphy/ptII/ptolemy/domains/de/test/auto/MergeWithoutDiscard.xml (RunModel)" time="0.008" />
  <testcase classname="ptolemy.util.test.junit.AutoTests" name="[36] /home/travis/build/icyphy/ptII/ptolemy/domains/de/test/auto/Modal1.xml (RunModel)" time="0.026" />
  <testcase classname="ptolemy.util.test.junit.AutoTests" name="[37] /home/travis/build/icyphy/ptII/ptolemy/domains/de/test/auto/Modal2.xml (RunModel)" time="0.023" />
  <testcase classname="ptolemy.util.test.junit.AutoTests" name="[38] /home/travis/build/icyphy/ptII/ptolemy/domains/de/test/auto/Modal3.xml (RunModel)" time="0.024" />
  <testcase classname="ptolemy.util.test.junit.AutoTests" name="[39] /home/travis/build/icyphy/ptII/ptolemy/domains/de/test/auto/Modal4.xml (RunModel)" time="0.024" />
  <testcase classname="ptolemy.util.test.junit.AutoTests" name="[40] /home/travis/build/icyphy/ptII/ptolemy/domains/de/test/auto/Modal5.xml (RunModel)" time="0.021" />
  <testcase classname="ptolemy.util.test.junit.AutoTests" name="[41] /home/travis/build/icyphy/ptII/ptolemy/domains/de/test/auto/Modal6.xml (RunModel)" time="0.019" />
  <testcase classname="ptolemy.util.test.junit.AutoTests" name="[42] /home/travis/build/icyphy/ptII/ptolemy/domains/de/test/auto/Modal7.xml (RunModel)" time="0.021" />
  <testcase classname="ptolemy.util.test.junit.AutoTests" name="[43] /home/travis/build/icyphy/ptII/ptolemy/domains/de/test/auto/ModalModel.xml (RunModel)" time="0.118" />
  <testcase classname="ptolemy.util.test.junit.AutoTests" name="[44] /home/travis/build/icyphy/ptII/ptolemy/domains/de/test/auto/ModalSource.xml (RunModel)" time="0.015" />
  <testcase classname="ptolemy.util.test.junit.AutoTests" name="[45] /home/travis/build/icyphy/ptII/ptolemy/domains/de/test/auto/NonInterruptibleTimerZeroDelay.xml (RunModel)" time="0.009" />
  <testcase classname="ptolemy.util.test.junit.AutoTests" name="[46] /home/travis/build/icyphy/ptII/ptolemy/domains/de/test/auto/OpenQueueingNetwork.xml (RunModel)" time="1.85" />
  <testcase classname="ptolemy.util.test.junit.AutoTests" name="[47] /home/travis/build/icyphy/ptII/ptolemy/domains/de/test/auto/OpenQueuingNetwork.xml (RunModel)" time="0.259" />
  <testcase classname="ptolemy.util.test.junit.AutoTests" name="[48] /home/travis/build/icyphy/ptII/ptolemy/domains/de/test/auto/PeriodicSampler.xml (RunModel)" time="0.008" />
  <testcase classname="ptolemy.util.test.junit.AutoTests" name="[49] /home/travis/build/icyphy/ptII/ptolemy/domains/de/test/auto/PersistentIO.xml (RunModel)" time="0.018" />
  <testcase classname="ptolemy.util.test.junit.AutoTests" name="[50] /home/travis/build/icyphy/ptII/ptolemy/domains/de/test/auto/PortParameterResetOnInitialize.xml (RunModel)" time="0.009" />
  <testcase classname="ptolemy.util.test.junit.AutoTests" name="[51] /home/travis/build/icyphy/ptII/ptolemy/domains/de/test/auto/PortParameterUpdates.xml (RunModel)" time="0.017" />
  <testcase classname="ptolemy.util.test.junit.AutoTests" name="[52] /home/travis/build/icyphy/ptII/ptolemy/domains/de/test/auto/QueueAndServer.xml (RunModel)" time="0.023" />
  <testcase classname="ptolemy.util.test.junit.AutoTests" name="[53] /home/travis/build/icyphy/ptII/ptolemy/domains/de/test/auto/Records.xml (RunModel)" time="0.016" />
  <testcase classname="ptolemy.util.test.junit.AutoTests" name="[54] /home/travis/build/icyphy/ptII/ptolemy/domains/de/test/auto/ResetTransitionWithStartTime1.xml (RunModel)" time="0.017" />
  <testcase classname="ptolemy.util.test.junit.AutoTests" name="[55] /home/travis/build/icyphy/ptII/ptolemy/domains/de/test/auto/ResetTransitionWithStartTime2.xml (RunModel)" time="0.019" />
  <testcase classname="ptolemy.util.test.junit.AutoTests" name="[56] /home/travis/build/icyphy/ptII/ptolemy/domains/de/test/auto/ResetTransitionWithStartTime3.xml (RunModel)" time="0.017" />
  <testcase classname="ptolemy.util.test.junit.AutoTests" name="[57] /home/travis/build/icyphy/ptII/ptolemy/domains/de/test/auto/ResetTransitionWithStartTime4.xml (RunModel)" time="0.021" />
  <testcase classname="ptolemy.util.test.junit.AutoTests" name="[58] /home/travis/build/icyphy/ptII/ptolemy/domains/de/test/auto/ResettableTimer1.xml (RunModel)" time="0.01" />
  <testcase classname="ptolemy.util.test.junit.AutoTests" name="[59] /home/travis/build/icyphy/ptII/ptolemy/domains/de/test/auto/ResettableTimer2.xml (RunModel)" time="0.011" />
  <testcase classname="ptolemy.util.test.junit.AutoTests" name="[60] /home/travis/build/icyphy/ptII/ptolemy/domains/de/test/auto/ResettableTimer3.xml (RunModel)" time="0.009" />
  <testcase classname="ptolemy.util.test.junit.AutoTests" name="[61] /home/travis/build/icyphy/ptII/ptolemy/domains/de/test/auto/ResettableTimer4.xml (RunModel)" time="0.011" />
  <testcase classname="ptolemy.util.test.junit.AutoTests" name="[62] /home/travis/build/icyphy/ptII/ptolemy/domains/de/test/auto/ResettableTimer5.xml (RunModel)" time="0.01" />
  <testcase classname="ptolemy.util.test.junit.AutoTests" name="[63] /home/travis/build/icyphy/ptII/ptolemy/domains/de/test/auto/ResettableTimer6.xml (RunModel)" time="0.019" />
  <testcase classname="ptolemy.util.test.junit.AutoTests" name="[64] /home/travis/build/icyphy/ptII/ptolemy/domains/de/test/auto/ServerZeroDelay.xml (RunModel)" time="0.012" />
  <testcase classname="ptolemy.util.test.junit.AutoTests" name="[65] /home/travis/build/icyphy/ptII/ptolemy/domains/de/test/auto/SmartSender.xml (RunModel)" time="3.011" />
  <testcase classname="ptolemy.util.test.junit.AutoTests" name="[66] /home/travis/build/icyphy/ptII/ptolemy/domains/de/test/auto/ThreadedComposite.xml (RunModel)" time="0.124" />
  <testcase classname="ptolemy.util.test.junit.AutoTests" name="[67] /home/travis/build/icyphy/ptII/ptolemy/domains/de/test/auto/Time.xml (RunModel)" time="0.418" />
  <testcase classname="ptolemy.util.test.junit.AutoTests" name="[68] /home/travis/build/icyphy/ptII/ptolemy/domains/de/test/auto/TimeDelayZeroDelay.xml (RunModel)" time="0.014" />
  <testcase classname="ptolemy.util.test.junit.AutoTests" name="[69] /home/travis/build/icyphy/ptII/ptolemy/domains/de/test/auto/TimerZeroDelay.xml (RunModel)" time="0.009" />
  <testcase classname="ptolemy.util.test.junit.AutoTests" name="[70] /home/travis/build/icyphy/ptII/ptolemy/domains/de/test/auto/TimingParadox.xml (RunModel)" time="0.33" />
  <testcase classname="ptolemy.util.test.junit.AutoTests" name="[71] /home/travis/build/icyphy/ptII/ptolemy/domains/de/test/auto/TransferInputs.xml (RunModel)" time="0.012" />
  <testcase classname="ptolemy.util.test.junit.AutoTests" name="[72] /home/travis/build/icyphy/ptII/ptolemy/domains/de/test/auto/TransferOutputs2.xml (RunModel)" time="0.015" />
  <testcase classname="ptolemy.util.test.junit.AutoTests" name="[73] /home/travis/build/icyphy/ptII/ptolemy/domains/de/test/auto/Trilateration.xml (RunModel)" time="12.127" />
  <testcase classname="ptolemy.util.test.junit.AutoTests" name="[74] /home/travis/build/icyphy/ptII/ptolemy/domains/de/test/auto/TwoSigmaDelta.xml (RunModel)" time="2.141" />
  <testcase classname="ptolemy.util.test.junit.AutoTests" name="[75] /home/travis/build/icyphy/ptII/ptolemy/domains/de/test/auto/VariableDelay.xml (RunModel)" time="0.01" />
  <testcase classname="ptolemy.util.test.junit.AutoTests" name="[76] /home/travis/build/icyphy/ptII/ptolemy/domains/de/test/auto/VariableDelay2.xml (RunModel)" time="0.009" />
  <testcase classname="ptolemy.util.test.junit.AutoTests" name="[77] /home/travis/build/icyphy/ptII/ptolemy/domains/de/test/auto/VariableDelayZeroDelay.xml (RunModel)" time="0.009" />
  <testcase classname="ptolemy.util.test.junit.AutoTests" name="[78] /home/travis/build/icyphy/ptII/ptolemy/domains/de/test/auto/VariableDelayZeroDelay2.xml (RunModel)" time="0.009" />
  <testcase classname="ptolemy.util.test.junit.AutoTests" name="[79] /home/travis/build/icyphy/ptII/ptolemy/domains/de/test/auto/deInCt.xml (RunModel)" time="0.013" />
  <testcase classname="ptolemy.util.test.junit.AutoTests" name="[80] /home/travis/build/icyphy/ptII/ptolemy/domains/de/test/auto/deInCt2.xml (RunModel)" time="0.013" />
  <testcase classname="ptolemy.util.test.junit.AutoTests" name="[81] /home/travis/build/icyphy/ptII/ptolemy/domains/de/test/auto/dynamicCausalityInterface1.xml (RunModel)" time="0.02" />
  <testcase classname="ptolemy.util.test.junit.AutoTests" name="[82] /home/travis/build/icyphy/ptII/ptolemy/domains/de/test/auto/fsm_de_test.xml (RunModel)" time="0.022" />
  <testcase classname="ptolemy.util.test.junit.AutoTests" name="[83] /home/travis/build/icyphy/ptII/ptolemy/domains/de/test/auto/functionDependencyReconstruction.xml (RunModel)" time="0.03" />
  <testcase classname="ptolemy.util.test.junit.AutoTests" name="[84] /home/travis/build/icyphy/ptII/ptolemy/domains/de/test/auto/multirate.xml (RunModel)" time="0.015" />
  <testcase classname="ptolemy.util.test.junit.AutoTests" name="[85] /home/travis/build/icyphy/ptII/ptolemy/domains/de/test/auto/multirate2.xml (RunModel)" time="0.014" />
  <testcase classname="ptolemy.util.test.junit.AutoTests" name="[86] /home/travis/build/icyphy/ptII/ptolemy/domains/de/test/auto/realtime.xml (RunModel)" time="10.011" />
  <testcase classname="ptolemy.util.test.junit.AutoTests" name="[87] /home/travis/build/icyphy/ptII/ptolemy/domains/de/test/auto/relationGroup.xml (RunModel)" time="0.013" />
  <testcase classname="ptolemy.util.test.junit.AutoTests" name="[88] /home/travis/build/icyphy/ptII/ptolemy/domains/de/test/auto/relationGroup2.xml (RunModel)" time="0.006" />
  <testcase classname="ptolemy.util.test.junit.AutoTests" name="[89] /home/travis/build/icyphy/ptII/ptolemy/domains/de/test/auto/sortWithOpaquePorts.xml (RunModel)" time="0.008" />
  <testcase classname="ptolemy.util.test.junit.AutoTests" name="[90] /home/travis/build/icyphy/ptII/ptolemy/domains/de/test/auto/transferInputsandOutputs.xml (RunModel)" time="0.015" />
  <testcase classname="ptolemy.util.test.junit.AutoTests" name="[91] /home/travis/build/icyphy/ptII/ptolemy/domains/de/test/auto/triggerType.xml (RunModel)" time="0.008" />
  <system-out><![CDATA[/home/travis/build/icyphy/ptII/ptolemy/domains/de/test/DependencyLoop.tcl
testDefs.tcl: setting time out to 9000 seconds at Sun Jun 10 21:12:27 UTC 2018
19 ms. Memory: 116224K Free: 95072K (82%)
6 ms. Memory: 146944K Free: 137776K (94%)
/home/travis/build/icyphy/ptII/ptolemy/domains/de/test/RunDETestsAsQSS.tcl
Run the DE tests using ptolemy.domains.qss.test.QSSDirectorTest, which extends QSSDirector and prints a message in the constructors.
------------------ testing $PTII/ptolemy/domains/de/test/auto/knownFailedTests/dependencyLoop.xml (Known Failure) 
5 ms. Memory: 146944K Free: 133501K (91%)


==== $PTIIhome/travis/build/icyphy/ptII/ptolemy/domains/de/test/../../../../: Auto Automatic test in file $PTII/ptolemy/domains/de/test/auto/knownFailedTests/dependencyLoop.xml
==== Contents of test case:

	    # FIXME: we should use $relativeFilename here, but it
	    # might have backslashes under Windows, which causes no end
	    # of trouble.
	    createAndExecute $file
	    list {}
	
.... Test generated KNOWN error:
    while executing
ptolemy.kernel.util.IllegalActionException: Found a zero delay loop containing .dependencyLoop.original
  in .dependencyLoop and .dependencyLoop.original
	at ptolemy.actor.util.CausalityInterfaceForComposites._computeOutputPortDepth(CausalityInterfaceForComposites.java:759)
	at ptolemy.actor.util.CausalityInterfaceForComposites._computeInputDepth(CausalityInterfaceForComposites.java:696)
	at ptolemy.actor.util.CausalityInterfaceForComposites._computeOutputPortDepth(CausalityInterfaceForComposites.java:765)
	at ptolemy.actor.util.CausalityInterfaceForComposites._computeInputDepth(CausalityInterfaceForComposites.java:696)
	at ptolemy.actor.util.CausalityInterfaceForComposites._computeOutputPortDepth(CausalityInterfaceForComposites.java:765)
	at ptolemy.actor.util.CausalityInterfaceForComposites._computeInputDepth(CausalityInterfaceForComposites.java:696)
	at ptolemy.actor.util.CausalityInterfaceForComposites._computeActorDepth(CausalityInterfaceForComposites.java:532)
	at ptolemy.actor.util.CausalityInterfaceForComposites.checkForCycles(CausalityInterfaceForComposites.java:96)
	at ptolemy.domains.de.kernel.DEDirector.preinitialize(DEDirector.java:1338)
	at ptolemy.actor.CompositeActor.preinitialize(CompositeActor.java:1828)
	at ptolemy.actor.Manager.preinitializeAndResolveTypes(Manager.java:1040)
	at ptolemy.actor.Manager.initialize(Manager.java:710)
	at ptolemy.actor.Manager.execute(Manager.java:356)
	at ptolemy.actor.Manager.run(Manager.java:1263)
	at ptolemy.actor.Manager$PtolemyRunThread.run(Manager.java:1915)

    while executing
ptolemy.kernel.util.IllegalActionException: Found a zero delay loop containing .dependencyLoop.original
  in .dependencyLoop and .dependencyLoop.original
    while executing
"java::new ptolemy.moml.MoMLSimpleApplication $file
"
    (procedure "createAndExecute" line 2)
    invoked from within
"createAndExecute $file"
    ("uplevel" body line 5)
    invoked from within
"uplevel $contents_of_test"
------------------ testing $PTII/ptolemy/domains/de/test/auto/knownFailedTests/DESDFClockTest.xml (Known Failure) 
2091 ms. Memory: 146944K Free: 117682K (80%)


==== $PTIIhome/travis/build/icyphy/ptII/ptolemy/domains/de/test/../../../../: Auto Automatic test in file $PTII/ptolemy/domains/de/test/auto/knownFailedTests/DESDFClockTest.xml
==== Contents of test case:

	    # FIXME: we should use $relativeFilename here, but it
	    # might have backslashes under Windows, which causes no end
	    # of trouble.
	    createAndExecute $file
	    list {}
	
.... Test generated KNOWN error:
    while executing
ptolemy.kernel.util.IllegalActionException: Actor is not ready to fire.  Perhaps UpSample.prefire() returned false? Try debugging the actor by selecting "Listen to Actor".  Also, for SDF check moml for tokenConsumptionRate on input.
  in .DESDFClockTest.Play Bell.Copy1:SDF Director and .DESDFClockTest.Play Bell.UpSample
	at ptolemy.actor.sched.StaticSchedulingDirector.fire(StaticSchedulingDirector.java:227)
	at ptolemy.domains.sdf.kernel.SDFDirector.fire(SDFDirector.java:500)
	at ptolemy.actor.CompositeActor.fire(CompositeActor.java:455)
	at ptolemy.domains.de.kernel.DEDirector._fire(DEDirector.java:1949)
	at ptolemy.domains.de.kernel.DEDirector.fire(DEDirector.java:502)
	at ptolemy.actor.CompositeActor.fire(CompositeActor.java:455)
	at ptolemy.actor.Manager.iterate(Manager.java:851)
	at ptolemy.actor.Manager.execute(Manager.java:369)
	at ptolemy.actor.Manager.run(Manager.java:1263)
	at ptolemy.actor.Manager$PtolemyRunThread.run(Manager.java:1915)

    while executing
ptolemy.kernel.util.IllegalActionException: Actor is not ready to fire.  Perhaps UpSample.prefire() returned false? Try debugging the actor by selecting "Listen to Actor".  Also, for SDF check moml for tokenConsumptionRate on input.
  in .DESDFClockTest.Play Bell.Copy1:SDF Director and .DESDFClockTest.Play Bell.UpSample
    while executing
"java::new ptolemy.moml.MoMLSimpleApplication $file
"
    (procedure "createAndExecute" line 2)
    invoked from within
"createAndExecute $file"
    ("uplevel" body line 5)
    invoked from within
"uplevel $contents_of_test"
------------------ testing $PTII/ptolemy/domains/de/test/auto/knownFailedTests/FSMSource.xml (Known Failure) 
36 ms. Memory: 146944K Free: 108696K (74%)
!!!! Auto was marked as failing, but now passes
------------------ testing $PTII/ptolemy/domains/de/test/auto/knownFailedTests/dependencyLoop2.xml (Known Failure) 
7 ms. Memory: 146944K Free: 106813K (73%)


==== $PTIIhome/travis/build/icyphy/ptII/ptolemy/domains/de/test/../../../../: Auto Automatic test in file $PTII/ptolemy/domains/de/test/auto/knownFailedTests/dependencyLoop2.xml
==== Contents of test case:

	    # FIXME: we should use $relativeFilename here, but it
	    # might have backslashes under Windows, which causes no end
	    # of trouble.
	    createAndExecute $file
	    list {}
	
.... Test generated KNOWN error:
    while executing
ptolemy.kernel.util.IllegalActionException: Found a zero delay loop containing .dependencyLoop2.original
  in .dependencyLoop2 and .dependencyLoop2.original
	at ptolemy.actor.util.CausalityInterfaceForComposites._computeOutputPortDepth(CausalityInterfaceForComposites.java:759)
	at ptolemy.actor.util.CausalityInterfaceForComposites._computeInputDepth(CausalityInterfaceForComposites.java:696)
	at ptolemy.actor.util.CausalityInterfaceForComposites._computeOutputPortDepth(CausalityInterfaceForComposites.java:765)
	at ptolemy.actor.util.CausalityInterfaceForComposites._computeInputDepth(CausalityInterfaceForComposites.java:696)
	at ptolemy.actor.util.CausalityInterfaceForComposites._computeOutputPortDepth(CausalityInterfaceForComposites.java:765)
	at ptolemy.actor.util.CausalityInterfaceForComposites._computeInputDepth(CausalityInterfaceForComposites.java:696)
	at ptolemy.actor.util.CausalityInterfaceForComposites._computeActorDepth(CausalityInterfaceForComposites.java:532)
	at ptolemy.actor.util.CausalityInterfaceForComposites.checkForCycles(CausalityInterfaceForComposites.java:96)
	at ptolemy.domains.de.kernel.DEDirector.preinitialize(DEDirector.java:1338)
	at ptolemy.actor.CompositeActor.preinitialize(CompositeActor.java:1828)
	at ptolemy.actor.Manager.preinitializeAndResolveTypes(Manager.java:1040)
	at ptolemy.actor.Manager.initialize(Manager.java:710)
	at ptolemy.actor.Manager.execute(Manager.java:356)
	at ptolemy.actor.Manager.run(Manager.java:1263)
	at ptolemy.actor.Manager$PtolemyRunThread.run(Manager.java:1915)

    while executing
ptolemy.kernel.util.IllegalActionException: Found a zero delay loop containing .dependencyLoop2.original
  in .dependencyLoop2 and .dependencyLoop2.original
    while executing
"java::new ptolemy.moml.MoMLSimpleApplication $file
"
    (procedure "createAndExecute" line 2)
    invoked from within
"createAndExecute $file"
    ("uplevel" body line 5)
    invoked from within
"uplevel $contents_of_test"
------------------ testing $PTII/ptolemy/domains/de/test/auto/knownFailedTests/HierarchicalModel.xml (Known Failure) 
5 ms. Memory: 146944K Free: 86240K (59%)


==== $PTIIhome/travis/build/icyphy/ptII/ptolemy/domains/de/test/../../../../: Auto Automatic test in file $PTII/ptolemy/domains/de/test/auto/knownFailedTests/HierarchicalModel.xml
==== Contents of test case:

	    # FIXME: we should use $relativeFilename here, but it
	    # might have backslashes under Windows, which causes no end
	    # of trouble.
	    createAndExecute $file
	    list {}
	
.... Test generated KNOWN error:
    while executing
ptolemy.kernel.util.IllegalActionException: Found a zero delay loop containing .HierarchicalModel.A
  in .HierarchicalModel and .HierarchicalModel.A
	at ptolemy.actor.util.CausalityInterfaceForComposites._computeOutputPortDepth(CausalityInterfaceForComposites.java:759)
	at ptolemy.actor.util.CausalityInterfaceForComposites._computeInputDepth(CausalityInterfaceForComposites.java:696)
	at ptolemy.actor.util.CausalityInterfaceForComposites._computeOutputPortDepth(CausalityInterfaceForComposites.java:765)
	at ptolemy.actor.util.CausalityInterfaceForComposites._computeInputDepth(CausalityInterfaceForComposites.java:696)
	at ptolemy.actor.util.CausalityInterfaceForComposites._computeOutputPortDepth(CausalityInterfaceForComposites.java:765)
	at ptolemy.actor.util.CausalityInterfaceForComposites._computeInputDepth(CausalityInterfaceForComposites.java:696)
	at ptolemy.actor.util.CausalityInterfaceForComposites._computeActorDepth(CausalityInterfaceForComposites.java:532)
	at ptolemy.actor.util.CausalityInterfaceForComposites.checkForCycles(CausalityInterfaceForComposites.java:96)
	at ptolemy.domains.de.kernel.DEDirector.preinitialize(DEDirector.java:1338)
	at ptolemy.actor.CompositeActor.preinitialize(CompositeActor.java:1828)
	at ptolemy.actor.Manager.preinitializeAndResolveTypes(Manager.java:1040)
	at ptolemy.actor.Manager.initialize(Manager.java:710)
	at ptolemy.actor.Manager.execute(Manager.java:356)
	at ptolemy.actor.Manager.run(Manager.java:1263)
	at ptolemy.actor.Manager$PtolemyRunThread.run(Manager.java:1915)

    while executing
ptolemy.kernel.util.IllegalActionException: Found a zero delay loop containing .HierarchicalModel.A
  in .HierarchicalModel and .HierarchicalModel.A
    while executing
"java::new ptolemy.moml.MoMLSimpleApplication $file
"
    (procedure "createAndExecute" line 2)
    invoked from within
"createAndExecute $file"
    ("uplevel" body line 5)
    invoked from within
"uplevel $contents_of_test"
------------------ testing $PTII/ptolemy/domains/de/test/auto/knownFailedTests/DirectFeedback.xml (Known Failure) 
17 ms. Memory: 146944K Free: 142572K (97%)


==== $PTIIhome/travis/build/icyphy/ptII/ptolemy/domains/de/test/../../../../: Auto Automatic test in file $PTII/ptolemy/domains/de/test/auto/knownFailedTests/DirectFeedback.xml
==== Contents of test case:

	    # FIXME: we should use $relativeFilename here, but it
	    # might have backslashes under Windows, which causes no end
	    # of trouble.
	    createAndExecute $file
	    list {}
	
.... Test generated KNOWN error:
    while executing
ptolemy.kernel.util.IllegalActionException: Test fails in iteration 1.
Value was: 1.0. Should have been: 2.0
  in .DirectFeedback.Test
	at ptolemy.actor.lib.Test.fire(Test.java:268)
	at ptolemy.domains.de.kernel.DEDirector._fire(DEDirector.java:1949)
	at ptolemy.domains.de.kernel.DEDirector.fire(DEDirector.java:502)
	at ptolemy.actor.CompositeActor.fire(CompositeActor.java:455)
	at ptolemy.actor.Manager.iterate(Manager.java:851)
	at ptolemy.actor.Manager.execute(Manager.java:369)
	at ptolemy.actor.Manager.run(Manager.java:1263)
	at ptolemy.actor.Manager$PtolemyRunThread.run(Manager.java:1915)

    while executing
ptolemy.kernel.util.IllegalActionException: Test fails in iteration 1.
Value was: 1.0. Should have been: 2.0
  in .DirectFeedback.Test
    while executing
"java::new ptolemy.moml.MoMLSimpleApplication $file
"
    (procedure "createAndExecute" line 2)
    invoked from within
"createAndExecute $file"
    ("uplevel" body line 5)
    invoked from within
"uplevel $contents_of_test"
------------------ testing $PTII/ptolemy/domains/de/test/auto/ActorDepthCalculation_actorWithoutPorts.xml
auto.tcl: Setting watchdog for 200 seconds at Sun Jun 10 21:12:30 UTC 2018
4 ms. Memory: 146944K Free: 133590K (91%)
ptolemy.util.test.WatchDog.cancel(): canceling Sun Jun 10 21:12:30 UTC 2018
auto.tcl: Setting watchdog for 200 seconds at Sun Jun 10 21:12:30 UTC 2018
3 ms. Memory: 146944K Free: 132549K (90%)
ptolemy.util.test.WatchDog.cancel(): canceling Sun Jun 10 21:12:30 UTC 2018
------------------ testing $PTII/ptolemy/domains/de/test/auto/AssemblyLine.xml
auto.tcl: Setting watchdog for 200 seconds at Sun Jun 10 21:12:31 UTC 2018
13 ms. Memory: 208384K Free: 186357K (89%)
ptolemy.util.test.WatchDog.cancel(): canceling Sun Jun 10 21:12:31 UTC 2018
auto.tcl: Setting watchdog for 200 seconds at Sun Jun 10 21:12:31 UTC 2018
11 ms. Memory: 208384K Free: 186357K (89%)
ptolemy.util.test.WatchDog.cancel(): canceling Sun Jun 10 21:12:31 UTC 2018
------------------ testing $PTII/ptolemy/domains/de/test/auto/CQBug1.xml
auto.tcl: Setting watchdog for 200 seconds at Sun Jun 10 21:12:31 UTC 2018
7 ms. Memory: 208384K Free: 197735K (95%)
ptolemy.util.test.WatchDog.cancel(): canceling Sun Jun 10 21:12:31 UTC 2018
auto.tcl: Setting watchdog for 200 seconds at Sun Jun 10 21:12:31 UTC 2018
1 ms. Memory: 208384K Free: 197735K (95%)
ptolemy.util.test.WatchDog.cancel(): canceling Sun Jun 10 21:12:31 UTC 2018
------------------ testing $PTII/ptolemy/domains/de/test/auto/CancelFireAt.xml
auto.tcl: Setting watchdog for 200 seconds at Sun Jun 10 21:12:31 UTC 2018
4 ms. Memory: 208384K Free: 201449K (97%)
ptolemy.util.test.WatchDog.cancel(): canceling Sun Jun 10 21:12:31 UTC 2018
auto.tcl: Setting watchdog for 200 seconds at Sun Jun 10 21:12:31 UTC 2018
2 ms. Memory: 208384K Free: 199355K (96%)
ptolemy.util.test.WatchDog.cancel(): canceling Sun Jun 10 21:12:31 UTC 2018
------------------ testing $PTII/ptolemy/domains/de/test/auto/CausalityAndComposabilityAnalysis.xml
auto.tcl: Setting watchdog for 200 seconds at Sun Jun 10 21:12:31 UTC 2018
7 ms. Memory: 208384K Free: 196860K (94%)
ptolemy.util.test.WatchDog.cancel(): canceling Sun Jun 10 21:12:31 UTC 2018
auto.tcl: Setting watchdog for 200 seconds at Sun Jun 10 21:12:31 UTC 2018
9 ms. Memory: 208384K Free: 196860K (94%)
ptolemy.util.test.WatchDog.cancel(): canceling Sun Jun 10 21:12:31 UTC 2018
------------------ testing $PTII/ptolemy/domains/de/test/auto/CausalityInterface1.xml
auto.tcl: Setting watchdog for 200 seconds at Sun Jun 10 21:12:31 UTC 2018
21 ms. Memory: 208384K Free: 196797K (94%)
ptolemy.util.test.WatchDog.cancel(): canceling Sun Jun 10 21:12:31 UTC 2018
auto.tcl: Setting watchdog for 200 seconds at Sun Jun 10 21:12:31 UTC 2018
4 ms. Memory: 208384K Free: 196797K (94%)
ptolemy.util.test.WatchDog.cancel(): canceling Sun Jun 10 21:12:31 UTC 2018
------------------ testing $PTII/ptolemy/domains/de/test/auto/CausalityInterface15.xml
auto.tcl: Setting watchdog for 200 seconds at Sun Jun 10 21:12:31 UTC 2018
21 ms. Memory: 208384K Free: 195221K (94%)
ptolemy.util.test.WatchDog.cancel(): canceling Sun Jun 10 21:12:31 UTC 2018
auto.tcl: Setting watchdog for 200 seconds at Sun Jun 10 21:12:31 UTC 2018
4 ms. Memory: 208384K Free: 193128K (93%)
ptolemy.util.test.WatchDog.cancel(): canceling Sun Jun 10 21:12:31 UTC 2018
------------------ testing $PTII/ptolemy/domains/de/test/auto/CausalityInterface2.xml
auto.tcl: Setting watchdog for 200 seconds at Sun Jun 10 21:12:31 UTC 2018
4 ms. Memory: 208384K Free: 196333K (94%)
ptolemy.util.test.WatchDog.cancel(): canceling Sun Jun 10 21:12:31 UTC 2018
auto.tcl: Setting watchdog for 200 seconds at Sun Jun 10 21:12:31 UTC 2018
2 ms. Memory: 208384K Free: 196333K (94%)
ptolemy.util.test.WatchDog.cancel(): canceling Sun Jun 10 21:12:31 UTC 2018
------------------ testing $PTII/ptolemy/domains/de/test/auto/CausalityInterface3.xml
auto.tcl: Setting watchdog for 200 seconds at Sun Jun 10 21:12:31 UTC 2018
4 ms. Memory: 208384K Free: 196344K (94%)
ptolemy.util.test.WatchDog.cancel(): canceling Sun Jun 10 21:12:31 UTC 2018
auto.tcl: Setting watchdog for 200 seconds at Sun Jun 10 21:12:31 UTC 2018
6 ms. Memory: 208384K Free: 196344K (94%)
ptolemy.util.test.WatchDog.cancel(): canceling Sun Jun 10 21:12:31 UTC 2018
------------------ testing $PTII/ptolemy/domains/de/test/auto/ClockDrift.xml
auto.tcl: Setting watchdog for 200 seconds at Sun Jun 10 21:12:31 UTC 2018
95 ms. Memory: 208384K Free: 187597K (90%)
ptolemy.util.test.WatchDog.cancel(): canceling Sun Jun 10 21:12:32 UTC 2018
auto.tcl: Setting watchdog for 200 seconds at Sun Jun 10 21:12:32 UTC 2018
68 ms. Memory: 208384K Free: 185504K (89%)
ptolemy.util.test.WatchDog.cancel(): canceling Sun Jun 10 21:12:32 UTC 2018
------------------ testing $PTII/ptolemy/domains/de/test/auto/ClockDriftAndValueChange.xml
auto.tcl: Setting watchdog for 200 seconds at Sun Jun 10 21:12:32 UTC 2018
48 ms. Memory: 208384K Free: 187429K (90%)
ptolemy.util.test.WatchDog.cancel(): canceling Sun Jun 10 21:12:32 UTC 2018
auto.tcl: Setting watchdog for 200 seconds at Sun Jun 10 21:12:32 UTC 2018
31 ms. Memory: 208384K Free: 185336K (89%)
ptolemy.util.test.WatchDog.cancel(): canceling Sun Jun 10 21:12:32 UTC 2018
------------------ testing $PTII/ptolemy/domains/de/test/auto/ClockDriftChange.xml
auto.tcl: Setting watchdog for 200 seconds at Sun Jun 10 21:12:32 UTC 2018
35 ms. Memory: 208384K Free: 190744K (92%)
ptolemy.util.test.WatchDog.cancel(): canceling Sun Jun 10 21:12:32 UTC 2018
auto.tcl: Setting watchdog for 200 seconds at Sun Jun 10 21:12:32 UTC 2018
26 ms. Memory: 208384K Free: 188651K (91%)
ptolemy.util.test.WatchDog.cancel(): canceling Sun Jun 10 21:12:32 UTC 2018
------------------ testing $PTII/ptolemy/domains/de/test/auto/ComposableCausalityAnalysis.xml
auto.tcl: Setting watchdog for 200 seconds at Sun Jun 10 21:12:32 UTC 2018
2 ms. Memory: 208384K Free: 196536K (94%)
ptolemy.util.test.WatchDog.cancel(): canceling Sun Jun 10 21:12:32 UTC 2018
auto.tcl: Setting watchdog for 200 seconds at Sun Jun 10 21:12:32 UTC 2018
5 ms. Memory: 208384K Free: 194443K (93%)
ptolemy.util.test.WatchDog.cancel(): canceling Sun Jun 10 21:12:32 UTC 2018
------------------ testing $PTII/ptolemy/domains/de/test/auto/DEFixedPointLimitation.xml
auto.tcl: Setting watchdog for 200 seconds at Sun Jun 10 21:12:32 UTC 2018
2 ms. Memory: 208384K Free: 196279K (94%)
ptolemy.util.test.WatchDog.cancel(): canceling Sun Jun 10 21:12:32 UTC 2018
auto.tcl: Setting watchdog for 200 seconds at Sun Jun 10 21:12:32 UTC 2018
1 ms. Memory: 208384K Free: 196279K (94%)
ptolemy.util.test.WatchDog.cancel(): canceling Sun Jun 10 21:12:32 UTC 2018
------------------ testing $PTII/ptolemy/domains/de/test/auto/DEScheduleTest.xml
auto.tcl: Setting watchdog for 200 seconds at Sun Jun 10 21:12:32 UTC 2018
6 ms. Memory: 208384K Free: 198408K (95%)
ptolemy.util.test.WatchDog.cancel(): canceling Sun Jun 10 21:12:32 UTC 2018
auto.tcl: Setting watchdog for 200 seconds at Sun Jun 10 21:12:32 UTC 2018
4 ms. Memory: 208384K Free: 196315K (94%)
ptolemy.util.test.WatchDog.cancel(): canceling Sun Jun 10 21:12:32 UTC 2018
------------------ testing $PTII/ptolemy/domains/de/test/auto/DEinDEwithStartTimes.xml
auto.tcl: Setting watchdog for 200 seconds at Sun Jun 10 21:12:32 UTC 2018
5 ms. Memory: 208384K Free: 196284K (94%)
ptolemy.util.test.WatchDog.cancel(): canceling Sun Jun 10 21:12:32 UTC 2018
auto.tcl: Setting watchdog for 200 seconds at Sun Jun 10 21:12:32 UTC 2018
3 ms. Memory: 208384K Free: 194191K (93%)
ptolemy.util.test.WatchDog.cancel(): canceling Sun Jun 10 21:12:32 UTC 2018
------------------ testing $PTII/ptolemy/domains/de/test/auto/DEinDEwithStartTimes2.xml
auto.tcl: Setting watchdog for 200 seconds at Sun Jun 10 21:12:32 UTC 2018
4 ms. Memory: 208384K Free: 196601K (94%)
ptolemy.util.test.WatchDog.cancel(): canceling Sun Jun 10 21:12:32 UTC 2018
auto.tcl: Setting watchdog for 200 seconds at Sun Jun 10 21:12:32 UTC 2018
4 ms. Memory: 208384K Free: 194170K (93%)
ptolemy.util.test.WatchDog.cancel(): canceling Sun Jun 10 21:12:32 UTC 2018
------------------ testing $PTII/ptolemy/domains/de/test/auto/DateDemo.xml
auto.tcl: Setting watchdog for 200 seconds at Sun Jun 10 21:12:32 UTC 2018
8 ms. Memory: 208384K Free: 188729K (91%)
ptolemy.util.test.WatchDog.cancel(): canceling Sun Jun 10 21:12:33 UTC 2018
auto.tcl: Setting watchdog for 200 seconds at Sun Jun 10 21:12:33 UTC 2018
6 ms. Memory: 208384K Free: 186636K (90%)
ptolemy.util.test.WatchDog.cancel(): canceling Sun Jun 10 21:12:33 UTC 2018
------------------ testing $PTII/ptolemy/domains/de/test/auto/DateToEvent.xml
auto.tcl: Setting watchdog for 200 seconds at Sun Jun 10 21:12:33 UTC 2018
2010 ms. Memory: 208384K Free: 183457K (88%)
ptolemy.util.test.WatchDog.cancel(): canceling Sun Jun 10 21:12:35 UTC 2018
auto.tcl: Setting watchdog for 200 seconds at Sun Jun 10 21:12:35 UTC 2018
2008 ms. Memory: 208384K Free: 183457K (88%)
ptolemy.util.test.WatchDog.cancel(): canceling Sun Jun 10 21:12:37 UTC 2018
------------------ testing $PTII/ptolemy/domains/de/test/auto/DepthTest1.xml
auto.tcl: Setting watchdog for 200 seconds at Sun Jun 10 21:12:37 UTC 2018
6 ms. Memory: 208384K Free: 198272K (95%)
ptolemy.util.test.WatchDog.cancel(): canceling Sun Jun 10 21:12:37 UTC 2018
auto.tcl: Setting watchdog for 200 seconds at Sun Jun 10 21:12:37 UTC 2018
2 ms. Memory: 208384K Free: 198272K (95%)
ptolemy.util.test.WatchDog.cancel(): canceling Sun Jun 10 21:12:37 UTC 2018
------------------ testing $PTII/ptolemy/domains/de/test/auto/DepthTest2.xml
auto.tcl: Setting watchdog for 200 seconds at Sun Jun 10 21:12:37 UTC 2018
8 ms. Memory: 208384K Free: 194150K (93%)
ptolemy.util.test.WatchDog.cancel(): canceling Sun Jun 10 21:12:37 UTC 2018
auto.tcl: Setting watchdog for 200 seconds at Sun Jun 10 21:12:37 UTC 2018
2 ms. Memory: 208384K Free: 194150K (93%)
ptolemy.util.test.WatchDog.cancel(): canceling Sun Jun 10 21:12:37 UTC 2018
------------------ testing $PTII/ptolemy/domains/de/test/auto/DepthTest3.xml
auto.tcl: Setting watchdog for 200 seconds at Sun Jun 10 21:12:37 UTC 2018
8 ms. Memory: 208384K Free: 198270K (95%)
ptolemy.util.test.WatchDog.cancel(): canceling Sun Jun 10 21:12:37 UTC 2018
auto.tcl: Setting watchdog for 200 seconds at Sun Jun 10 21:12:37 UTC 2018
2 ms. Memory: 208384K Free: 198270K (95%)
ptolemy.util.test.WatchDog.cancel(): canceling Sun Jun 10 21:12:37 UTC 2018
------------------ testing $PTII/ptolemy/domains/de/test/auto/DepthTest4.xml
auto.tcl: Setting watchdog for 200 seconds at Sun Jun 10 21:12:37 UTC 2018
6 ms. Memory: 208384K Free: 196264K (94%)
ptolemy.util.test.WatchDog.cancel(): canceling Sun Jun 10 21:12:37 UTC 2018
auto.tcl: Setting watchdog for 200 seconds at Sun Jun 10 21:12:37 UTC 2018
2 ms. Memory: 208384K Free: 196264K (94%)
ptolemy.util.test.WatchDog.cancel(): canceling Sun Jun 10 21:12:37 UTC 2018
------------------ testing $PTII/ptolemy/domains/de/test/auto/DepthTest5.xml
auto.tcl: Setting watchdog for 200 seconds at Sun Jun 10 21:12:37 UTC 2018
5 ms. Memory: 208384K Free: 196550K (94%)
ptolemy.util.test.WatchDog.cancel(): canceling Sun Jun 10 21:12:37 UTC 2018
auto.tcl: Setting watchdog for 200 seconds at Sun Jun 10 21:12:37 UTC 2018
2 ms. Memory: 208384K Free: 196550K (94%)
ptolemy.util.test.WatchDog.cancel(): canceling Sun Jun 10 21:12:37 UTC 2018
------------------ testing $PTII/ptolemy/domains/de/test/auto/DepthTest6.xml
auto.tcl: Setting watchdog for 200 seconds at Sun Jun 10 21:12:37 UTC 2018
6 ms. Memory: 208384K Free: 196526K (94%)
ptolemy.util.test.WatchDog.cancel(): canceling Sun Jun 10 21:12:37 UTC 2018
auto.tcl: Setting watchdog for 200 seconds at Sun Jun 10 21:12:37 UTC 2018
2 ms. Memory: 208384K Free: 196526K (94%)
ptolemy.util.test.WatchDog.cancel(): canceling Sun Jun 10 21:12:37 UTC 2018
------------------ testing $PTII/ptolemy/domains/de/test/auto/DepthTest7.xml
auto.tcl: Setting watchdog for 200 seconds at Sun Jun 10 21:12:37 UTC 2018
2 ms. Memory: 208384K Free: 196169K (94%)
ptolemy.util.test.WatchDog.cancel(): canceling Sun Jun 10 21:12:37 UTC 2018
auto.tcl: Setting watchdog for 200 seconds at Sun Jun 10 21:12:37 UTC 2018
2 ms. Memory: 208384K Free: 196169K (94%)
ptolemy.util.test.WatchDog.cancel(): canceling Sun Jun 10 21:12:37 UTC 2018
------------------ testing $PTII/ptolemy/domains/de/test/auto/EventToDate.xml
auto.tcl: Setting watchdog for 200 seconds at Sun Jun 10 21:12:37 UTC 2018
3009 ms. Memory: 208384K Free: 185725K (89%)
ptolemy.util.test.WatchDog.cancel(): canceling Sun Jun 10 21:12:40 UTC 2018
auto.tcl: Setting watchdog for 200 seconds at Sun Jun 10 21:12:40 UTC 2018
3004 ms. Memory: 208384K Free: 185725K (89%)
ptolemy.util.test.WatchDog.cancel(): canceling Sun Jun 10 21:12:43 UTC 2018
------------------ testing $PTII/ptolemy/domains/de/test/auto/FSM1.xml
auto.tcl: Setting watchdog for 200 seconds at Sun Jun 10 21:12:43 UTC 2018
21 ms. Memory: 208384K Free: 187141K (90%)
ptolemy.util.test.WatchDog.cancel(): canceling Sun Jun 10 21:12:43 UTC 2018
auto.tcl: Setting watchdog for 200 seconds at Sun Jun 10 21:12:43 UTC 2018
14 ms. Memory: 208384K Free: 185048K (89%)
ptolemy.util.test.WatchDog.cancel(): canceling Sun Jun 10 21:12:43 UTC 2018
------------------ testing $PTII/ptolemy/domains/de/test/auto/FSM7.xml
auto.tcl: Setting watchdog for 200 seconds at Sun Jun 10 21:12:43 UTC 2018
21 ms. Memory: 208384K Free: 187344K (90%)
ptolemy.util.test.WatchDog.cancel(): canceling Sun Jun 10 21:12:43 UTC 2018
auto.tcl: Setting watchdog for 200 seconds at Sun Jun 10 21:12:43 UTC 2018
18 ms. Memory: 208384K Free: 185251K (89%)
ptolemy.util.test.WatchDog.cancel(): canceling Sun Jun 10 21:12:44 UTC 2018
------------------ testing $PTII/ptolemy/domains/de/test/auto/Inspection.xml
auto.tcl: Setting watchdog for 200 seconds at Sun Jun 10 21:12:44 UTC 2018
36 ms. Memory: 208384K Free: 188895K (91%)
ptolemy.util.test.WatchDog.cancel(): canceling Sun Jun 10 21:12:44 UTC 2018
auto.tcl: Setting watchdog for 200 seconds at Sun Jun 10 21:12:44 UTC 2018
26 ms. Memory: 208384K Free: 186802K (90%)
ptolemy.util.test.WatchDog.cancel(): canceling Sun Jun 10 21:12:44 UTC 2018
------------------ testing $PTII/ptolemy/domains/de/test/auto/Iteration.xml
auto.tcl: Setting watchdog for 200 seconds at Sun Jun 10 21:12:44 UTC 2018
7 ms. Memory: 208384K Free: 194219K (93%)
ptolemy.util.test.WatchDog.cancel(): canceling Sun Jun 10 21:12:44 UTC 2018
auto.tcl: Setting watchdog for 200 seconds at Sun Jun 10 21:12:44 UTC 2018
8 ms. Memory: 208384K Free: 193881K (93%)
ptolemy.util.test.WatchDog.cancel(): canceling Sun Jun 10 21:12:44 UTC 2018
------------------ testing $PTII/ptolemy/domains/de/test/auto/LineFault.xml
auto.tcl: Setting watchdog for 200 seconds at Sun Jun 10 21:12:44 UTC 2018
624 ms. Memory: 208384K Free: 196121K (94%)
ptolemy.util.test.WatchDog.cancel(): canceling Sun Jun 10 21:12:45 UTC 2018
auto.tcl: Setting watchdog for 200 seconds at Sun Jun 10 21:12:45 UTC 2018
583 ms. Memory: 208384K Free: 138972K (67%)
ptolemy.util.test.WatchDog.cancel(): canceling Sun Jun 10 21:12:45 UTC 2018
------------------ testing $PTII/ptolemy/domains/de/test/auto/MergeModel1Add.xml
auto.tcl: Setting watchdog for 200 seconds at Sun Jun 10 21:12:45 UTC 2018
16 ms. Memory: 331264K Free: 302656K (91%)
ptolemy.util.test.WatchDog.cancel(): canceling Sun Jun 10 21:12:45 UTC 2018
auto.tcl: Setting watchdog for 200 seconds at Sun Jun 10 21:12:45 UTC 2018
15 ms. Memory: 331264K Free: 298696K (90%)
ptolemy.util.test.WatchDog.cancel(): canceling Sun Jun 10 21:12:45 UTC 2018
------------------ testing $PTII/ptolemy/domains/de/test/auto/MergeModel2Add.xml
auto.tcl: Setting watchdog for 200 seconds at Sun Jun 10 21:12:45 UTC 2018
20 ms. Memory: 331264K Free: 303994K (92%)
ptolemy.util.test.WatchDog.cancel(): canceling Sun Jun 10 21:12:46 UTC 2018
auto.tcl: Setting watchdog for 200 seconds at Sun Jun 10 21:12:46 UTC 2018
11 ms. Memory: 331264K Free: 300035K (91%)
ptolemy.util.test.WatchDog.cancel(): canceling Sun Jun 10 21:12:46 UTC 2018
------------------ testing $PTII/ptolemy/domains/de/test/auto/MergeModel3Add.xml
auto.tcl: Setting watchdog for 200 seconds at Sun Jun 10 21:12:46 UTC 2018
14 ms. Memory: 331264K Free: 304005K (92%)
ptolemy.util.test.WatchDog.cancel(): canceling Sun Jun 10 21:12:46 UTC 2018
auto.tcl: Setting watchdog for 200 seconds at Sun Jun 10 21:12:46 UTC 2018
9 ms. Memory: 331264K Free: 300045K (91%)
ptolemy.util.test.WatchDog.cancel(): canceling Sun Jun 10 21:12:46 UTC 2018
------------------ testing $PTII/ptolemy/domains/de/test/auto/MergeWithoutDiscard.xml
auto.tcl: Setting watchdog for 200 seconds at Sun Jun 10 21:12:46 UTC 2018
4 ms. Memory: 331264K Free: 319840K (97%)
ptolemy.util.test.WatchDog.cancel(): canceling Sun Jun 10 21:12:46 UTC 2018
auto.tcl: Setting watchdog for 200 seconds at Sun Jun 10 21:12:46 UTC 2018
1 ms. Memory: 331264K Free: 315880K (95%)
ptolemy.util.test.WatchDog.cancel(): canceling Sun Jun 10 21:12:46 UTC 2018
------------------ testing $PTII/ptolemy/domains/de/test/auto/Modal1.xml
auto.tcl: Setting watchdog for 200 seconds at Sun Jun 10 21:12:46 UTC 2018
10 ms. Memory: 331264K Free: 309761K (94%)
ptolemy.util.test.WatchDog.cancel(): canceling Sun Jun 10 21:12:46 UTC 2018
auto.tcl: Setting watchdog for 200 seconds at Sun Jun 10 21:12:46 UTC 2018
11 ms. Memory: 331264K Free: 305802K (92%)
ptolemy.util.test.WatchDog.cancel(): canceling Sun Jun 10 21:12:46 UTC 2018
------------------ testing $PTII/ptolemy/domains/de/test/auto/Modal2.xml
auto.tcl: Setting watchdog for 200 seconds at Sun Jun 10 21:12:46 UTC 2018
14 ms. Memory: 331264K Free: 309635K (93%)
ptolemy.util.test.WatchDog.cancel(): canceling Sun Jun 10 21:12:46 UTC 2018
auto.tcl: Setting watchdog for 200 seconds at Sun Jun 10 21:12:46 UTC 2018
10 ms. Memory: 331264K Free: 305675K (92%)
ptolemy.util.test.WatchDog.cancel(): canceling Sun Jun 10 21:12:46 UTC 2018
------------------ testing $PTII/ptolemy/domains/de/test/auto/Modal3.xml
auto.tcl: Setting watchdog for 200 seconds at Sun Jun 10 21:12:46 UTC 2018
10 ms. Memory: 331264K Free: 309633K (93%)
ptolemy.util.test.WatchDog.cancel(): canceling Sun Jun 10 21:12:46 UTC 2018
auto.tcl: Setting watchdog for 200 seconds at Sun Jun 10 21:12:46 UTC 2018
9 ms. Memory: 331264K Free: 305674K (92%)
ptolemy.util.test.WatchDog.cancel(): canceling Sun Jun 10 21:12:46 UTC 2018
------------------ testing $PTII/ptolemy/domains/de/test/auto/Modal4.xml
auto.tcl: Setting watchdog for 200 seconds at Sun Jun 10 21:12:46 UTC 2018
26 ms. Memory: 331264K Free: 309647K (93%)
ptolemy.util.test.WatchDog.cancel(): canceling Sun Jun 10 21:12:46 UTC 2018
auto.tcl: Setting watchdog for 200 seconds at Sun Jun 10 21:12:46 UTC 2018
14 ms. Memory: 331264K Free: 305687K (92%)
ptolemy.util.test.WatchDog.cancel(): canceling Sun Jun 10 21:12:46 UTC 2018
------------------ testing $PTII/ptolemy/domains/de/test/auto/Modal5.xml
auto.tcl: Setting watchdog for 200 seconds at Sun Jun 10 21:12:46 UTC 2018
14 ms. Memory: 331264K Free: 309634K (93%)
ptolemy.util.test.WatchDog.cancel(): canceling Sun Jun 10 21:12:46 UTC 2018
auto.tcl: Setting watchdog for 200 seconds at Sun Jun 10 21:12:46 UTC 2018
11 ms. Memory: 331264K Free: 305674K (92%)
ptolemy.util.test.WatchDog.cancel(): canceling Sun Jun 10 21:12:46 UTC 2018
------------------ testing $PTII/ptolemy/domains/de/test/auto/Modal6.xml
auto.tcl: Setting watchdog for 200 seconds at Sun Jun 10 21:12:46 UTC 2018
14 ms. Memory: 331264K Free: 309631K (93%)
ptolemy.util.test.WatchDog.cancel(): canceling Sun Jun 10 21:12:46 UTC 2018
auto.tcl: Setting watchdog for 200 seconds at Sun Jun 10 21:12:46 UTC 2018
13 ms. Memory: 331264K Free: 305671K (92%)
ptolemy.util.test.WatchDog.cancel(): canceling Sun Jun 10 21:12:46 UTC 2018
------------------ testing $PTII/ptolemy/domains/de/test/auto/Modal7.xml
auto.tcl: Setting watchdog for 200 seconds at Sun Jun 10 21:12:46 UTC 2018
18 ms. Memory: 331264K Free: 309631K (93%)
ptolemy.util.test.WatchDog.cancel(): canceling Sun Jun 10 21:12:46 UTC 2018
auto.tcl: Setting watchdog for 200 seconds at Sun Jun 10 21:12:46 UTC 2018
11 ms. Memory: 331264K Free: 305671K (92%)
ptolemy.util.test.WatchDog.cancel(): canceling Sun Jun 10 21:12:46 UTC 2018
------------------ testing $PTII/ptolemy/domains/de/test/auto/ModalModel.xml
auto.tcl: Setting watchdog for 200 seconds at Sun Jun 10 21:12:47 UTC 2018
154 ms. Memory: 331264K Free: 246110K (74%)
ptolemy.util.test.WatchDog.cancel(): canceling Sun Jun 10 21:12:47 UTC 2018
auto.tcl: Setting watchdog for 200 seconds at Sun Jun 10 21:12:47 UTC 2018
171 ms. Memory: 331264K Free: 190676K (58%)
ptolemy.util.test.WatchDog.cancel(): canceling Sun Jun 10 21:12:47 UTC 2018
------------------ testing $PTII/ptolemy/domains/de/test/auto/ModalSource.xml
auto.tcl: Setting watchdog for 200 seconds at Sun Jun 10 21:12:47 UTC 2018
9 ms. Memory: 331264K Free: 316434K (96%)
ptolemy.util.test.WatchDog.cancel(): canceling Sun Jun 10 21:12:47 UTC 2018
auto.tcl: Setting watchdog for 200 seconds at Sun Jun 10 21:12:47 UTC 2018
5 ms. Memory: 331264K Free: 312909K (94%)
ptolemy.util.test.WatchDog.cancel(): canceling Sun Jun 10 21:12:47 UTC 2018
------------------ testing $PTII/ptolemy/domains/de/test/auto/NonInterruptibleTimerZeroDelay.xml
auto.tcl: Setting watchdog for 200 seconds at Sun Jun 10 21:12:47 UTC 2018
4 ms. Memory: 331264K Free: 320796K (97%)
ptolemy.util.test.WatchDog.cancel(): canceling Sun Jun 10 21:12:47 UTC 2018
auto.tcl: Setting watchdog for 200 seconds at Sun Jun 10 21:12:47 UTC 2018
2 ms. Memory: 331264K Free: 317272K (96%)
ptolemy.util.test.WatchDog.cancel(): canceling Sun Jun 10 21:12:47 UTC 2018
------------------ testing $PTII/ptolemy/domains/de/test/auto/OpenQueueingNetwork.xml
auto.tcl: Setting watchdog for 200 seconds at Sun Jun 10 21:12:47 UTC 2018
2912 ms. Memory: 307712K Free: 114759K (37%)
ptolemy.util.test.WatchDog.cancel(): canceling Sun Jun 10 21:12:50 UTC 2018
auto.tcl: Setting watchdog for 200 seconds at Sun Jun 10 21:12:50 UTC 2018
2295 ms. Memory: 278528K Free: 151652K (54%)
ptolemy.util.test.WatchDog.cancel(): canceling Sun Jun 10 21:12:52 UTC 2018
------------------ testing $PTII/ptolemy/domains/de/test/auto/OpenQueuingNetwork.xml
auto.tcl: Setting watchdog for 200 seconds at Sun Jun 10 21:12:53 UTC 2018
242 ms. Memory: 278528K Free: 179983K (65%)
ptolemy.util.test.WatchDog.cancel(): canceling Sun Jun 10 21:12:53 UTC 2018
auto.tcl: Setting watchdog for 200 seconds at Sun Jun 10 21:12:53 UTC 2018
253 ms. Memory: 278528K Free: 118092K (42%)
ptolemy.util.test.WatchDog.cancel(): canceling Sun Jun 10 21:12:53 UTC 2018
------------------ testing $PTII/ptolemy/domains/de/test/auto/PeriodicSampler.xml
auto.tcl: Setting watchdog for 200 seconds at Sun Jun 10 21:12:53 UTC 2018
3 ms. Memory: 281088K Free: 266147K (95%)
ptolemy.util.test.WatchDog.cancel(): canceling Sun Jun 10 21:12:53 UTC 2018
auto.tcl: Setting watchdog for 200 seconds at Sun Jun 10 21:12:53 UTC 2018
2 ms. Memory: 281088K Free: 266147K (95%)
ptolemy.util.test.WatchDog.cancel(): canceling Sun Jun 10 21:12:53 UTC 2018
------------------ testing $PTII/ptolemy/domains/de/test/auto/PersistentIO.xml
auto.tcl: Setting watchdog for 200 seconds at Sun Jun 10 21:12:53 UTC 2018
6 ms. Memory: 278528K Free: 258476K (93%)
ptolemy.util.test.WatchDog.cancel(): canceling Sun Jun 10 21:12:53 UTC 2018
auto.tcl: Setting watchdog for 200 seconds at Sun Jun 10 21:12:53 UTC 2018
3 ms. Memory: 278528K Free: 258476K (93%)
ptolemy.util.test.WatchDog.cancel(): canceling Sun Jun 10 21:12:53 UTC 2018
------------------ testing $PTII/ptolemy/domains/de/test/auto/PortParameterResetOnInitialize.xml
auto.tcl: Setting watchdog for 200 seconds at Sun Jun 10 21:12:53 UTC 2018
2 ms. Memory: 280576K Free: 268066K (96%)
ptolemy.util.test.WatchDog.cancel(): canceling Sun Jun 10 21:12:53 UTC 2018
auto.tcl: Setting watchdog for 200 seconds at Sun Jun 10 21:12:53 UTC 2018
2 ms. Memory: 280576K Free: 268066K (96%)
ptolemy.util.test.WatchDog.cancel(): canceling Sun Jun 10 21:12:53 UTC 2018
------------------ testing $PTII/ptolemy/domains/de/test/auto/PortParameterUpdates.xml
auto.tcl: Setting watchdog for 200 seconds at Sun Jun 10 21:12:53 UTC 2018
3 ms. Memory: 278528K Free: 266248K (96%)
ptolemy.util.test.WatchDog.cancel(): canceling Sun Jun 10 21:12:53 UTC 2018
auto.tcl: Setting watchdog for 200 seconds at Sun Jun 10 21:12:53 UTC 2018
4 ms. Memory: 278528K Free: 263345K (95%)
ptolemy.util.test.WatchDog.cancel(): canceling Sun Jun 10 21:12:53 UTC 2018
------------------ testing $PTII/ptolemy/domains/de/test/auto/QueueAndServer.xml
auto.tcl: Setting watchdog for 200 seconds at Sun Jun 10 21:12:53 UTC 2018
9 ms. Memory: 280576K Free: 265259K (95%)
ptolemy.util.test.WatchDog.cancel(): canceling Sun Jun 10 21:12:53 UTC 2018
auto.tcl: Setting watchdog for 200 seconds at Sun Jun 10 21:12:53 UTC 2018
6 ms. Memory: 280576K Free: 265259K (95%)
ptolemy.util.test.WatchDog.cancel(): canceling Sun Jun 10 21:12:53 UTC 2018
------------------ testing $PTII/ptolemy/domains/de/test/auto/Records.xml
auto.tcl: Setting watchdog for 200 seconds at Sun Jun 10 21:12:53 UTC 2018
12 ms. Memory: 278528K Free: 266055K (96%)
ptolemy.util.test.WatchDog.cancel(): canceling Sun Jun 10 21:12:54 UTC 2018
auto.tcl: Setting watchdog for 200 seconds at Sun Jun 10 21:12:54 UTC 2018
1 ms. Memory: 278528K Free: 266055K (96%)
ptolemy.util.test.WatchDog.cancel(): canceling Sun Jun 10 21:12:54 UTC 2018
------------------ testing $PTII/ptolemy/domains/de/test/auto/ResetTransitionWithStartTime1.xml
auto.tcl: Setting watchdog for 200 seconds at Sun Jun 10 21:12:54 UTC 2018
10 ms. Memory: 280064K Free: 262741K (94%)
ptolemy.util.test.WatchDog.cancel(): canceling Sun Jun 10 21:12:54 UTC 2018
auto.tcl: Setting watchdog for 200 seconds at Sun Jun 10 21:12:54 UTC 2018
5 ms. Memory: 280064K Free: 259838K (93%)
ptolemy.util.test.WatchDog.cancel(): canceling Sun Jun 10 21:12:54 UTC 2018
------------------ testing $PTII/ptolemy/domains/de/test/auto/ResetTransitionWithStartTime2.xml
auto.tcl: Setting watchdog for 200 seconds at Sun Jun 10 21:12:54 UTC 2018
4 ms. Memory: 278528K Free: 261197K (94%)
ptolemy.util.test.WatchDog.cancel(): canceling Sun Jun 10 21:12:54 UTC 2018
auto.tcl: Setting watchdog for 200 seconds at Sun Jun 10 21:12:54 UTC 2018
6 ms. Memory: 278528K Free: 258293K (93%)
ptolemy.util.test.WatchDog.cancel(): canceling Sun Jun 10 21:12:54 UTC 2018
------------------ testing $PTII/ptolemy/domains/de/test/auto/ResetTransitionWithStartTime3.xml
auto.tcl: Setting watchdog for 200 seconds at Sun Jun 10 21:12:54 UTC 2018
6 ms. Memory: 280064K Free: 262731K (94%)
ptolemy.util.test.WatchDog.cancel(): canceling Sun Jun 10 21:12:54 UTC 2018
auto.tcl: Setting watchdog for 200 seconds at Sun Jun 10 21:12:54 UTC 2018
4 ms. Memory: 280064K Free: 259828K (93%)
ptolemy.util.test.WatchDog.cancel(): canceling Sun Jun 10 21:12:54 UTC 2018
------------------ testing $PTII/ptolemy/domains/de/test/auto/ResetTransitionWithStartTime4.xml
auto.tcl: Setting watchdog for 200 seconds at Sun Jun 10 21:12:54 UTC 2018
4 ms. Memory: 278528K Free: 263165K (94%)
ptolemy.util.test.WatchDog.cancel(): canceling Sun Jun 10 21:12:54 UTC 2018
auto.tcl: Setting watchdog for 200 seconds at Sun Jun 10 21:12:54 UTC 2018
3 ms. Memory: 278528K Free: 263165K (94%)
ptolemy.util.test.WatchDog.cancel(): canceling Sun Jun 10 21:12:54 UTC 2018
------------------ testing $PTII/ptolemy/domains/de/test/auto/ResettableTimer1.xml
auto.tcl: Setting watchdog for 200 seconds at Sun Jun 10 21:12:54 UTC 2018
3 ms. Memory: 280064K Free: 267600K (96%)
ptolemy.util.test.WatchDog.cancel(): canceling Sun Jun 10 21:12:54 UTC 2018
auto.tcl: Setting watchdog for 200 seconds at Sun Jun 10 21:12:54 UTC 2018
2 ms. Memory: 280064K Free: 267600K (96%)
ptolemy.util.test.WatchDog.cancel(): canceling Sun Jun 10 21:12:54 UTC 2018
------------------ testing $PTII/ptolemy/domains/de/test/auto/ResettableTimer2.xml
auto.tcl: Setting watchdog for 200 seconds at Sun Jun 10 21:12:54 UTC 2018
3 ms. Memory: 278528K Free: 266219K (96%)
ptolemy.util.test.WatchDog.cancel(): canceling Sun Jun 10 21:12:54 UTC 2018
auto.tcl: Setting watchdog for 200 seconds at Sun Jun 10 21:12:54 UTC 2018
2 ms. Memory: 278528K Free: 266219K (96%)
ptolemy.util.test.WatchDog.cancel(): canceling Sun Jun 10 21:12:54 UTC 2018
------------------ testing $PTII/ptolemy/domains/de/test/auto/ResettableTimer3.xml
auto.tcl: Setting watchdog for 200 seconds at Sun Jun 10 21:12:54 UTC 2018
1 ms. Memory: 279552K Free: 267146K (96%)
ptolemy.util.test.WatchDog.cancel(): canceling Sun Jun 10 21:12:54 UTC 2018
auto.tcl: Setting watchdog for 200 seconds at Sun Jun 10 21:12:54 UTC 2018
1 ms. Memory: 279552K Free: 267146K (96%)
ptolemy.util.test.WatchDog.cancel(): canceling Sun Jun 10 21:12:54 UTC 2018
------------------ testing $PTII/ptolemy/domains/de/test/auto/ResettableTimer4.xml
auto.tcl: Setting watchdog for 200 seconds at Sun Jun 10 21:12:54 UTC 2018
1 ms. Memory: 278528K Free: 266232K (96%)
ptolemy.util.test.WatchDog.cancel(): canceling Sun Jun 10 21:12:54 UTC 2018
auto.tcl: Setting watchdog for 200 seconds at Sun Jun 10 21:12:54 UTC 2018
1 ms. Memory: 278528K Free: 266232K (96%)
ptolemy.util.test.WatchDog.cancel(): canceling Sun Jun 10 21:12:54 UTC 2018
------------------ testing $PTII/ptolemy/domains/de/test/auto/ResettableTimer5.xml
auto.tcl: Setting watchdog for 200 seconds at Sun Jun 10 21:12:54 UTC 2018
2 ms. Memory: 279552K Free: 265283K (95%)
ptolemy.util.test.WatchDog.cancel(): canceling Sun Jun 10 21:12:54 UTC 2018
auto.tcl: Setting watchdog for 200 seconds at Sun Jun 10 21:12:54 UTC 2018
1 ms. Memory: 279552K Free: 265283K (95%)
ptolemy.util.test.WatchDog.cancel(): canceling Sun Jun 10 21:12:54 UTC 2018
------------------ testing $PTII/ptolemy/domains/de/test/auto/ResettableTimer6.xml
auto.tcl: Setting watchdog for 200 seconds at Sun Jun 10 21:12:54 UTC 2018
2 ms. Memory: 278528K Free: 264111K (95%)
ptolemy.util.test.WatchDog.cancel(): canceling Sun Jun 10 21:12:54 UTC 2018
auto.tcl: Setting watchdog for 200 seconds at Sun Jun 10 21:12:54 UTC 2018
1 ms. Memory: 278528K Free: 264111K (95%)
ptolemy.util.test.WatchDog.cancel(): canceling Sun Jun 10 21:12:54 UTC 2018
------------------ testing $PTII/ptolemy/domains/de/test/auto/ServerZeroDelay.xml
auto.tcl: Setting watchdog for 200 seconds at Sun Jun 10 21:12:54 UTC 2018
2 ms. Memory: 279552K Free: 267194K (96%)
ptolemy.util.test.WatchDog.cancel(): canceling Sun Jun 10 21:12:54 UTC 2018
auto.tcl: Setting watchdog for 200 seconds at Sun Jun 10 21:12:54 UTC 2018
2 ms. Memory: 279552K Free: 267194K (96%)
ptolemy.util.test.WatchDog.cancel(): canceling Sun Jun 10 21:12:54 UTC 2018
------------------ testing $PTII/ptolemy/domains/de/test/auto/SmartSender.xml
auto.tcl: Setting watchdog for 200 seconds at Sun Jun 10 21:12:54 UTC 2018
3001 ms. Memory: 278528K Free: 264194K (95%)
ptolemy.util.test.WatchDog.cancel(): canceling Sun Jun 10 21:12:57 UTC 2018
auto.tcl: Setting watchdog for 200 seconds at Sun Jun 10 21:12:57 UTC 2018
3002 ms. Memory: 278528K Free: 264194K (95%)
ptolemy.util.test.WatchDog.cancel(): canceling Sun Jun 10 21:13:00 UTC 2018
------------------ testing $PTII/ptolemy/domains/de/test/auto/ThreadedComposite.xml
auto.tcl: Setting watchdog for 200 seconds at Sun Jun 10 21:13:00 UTC 2018
221 ms. Memory: 279552K Free: 244581K (87%)
ptolemy.util.test.WatchDog.cancel(): canceling Sun Jun 10 21:13:01 UTC 2018
auto.tcl: Setting watchdog for 200 seconds at Sun Jun 10 21:13:01 UTC 2018
141 ms. Memory: 279552K Free: 226946K (81%)
ptolemy.util.test.WatchDog.cancel(): canceling Sun Jun 10 21:13:01 UTC 2018
------------------ testing $PTII/ptolemy/domains/de/test/auto/Time.xml
auto.tcl: Setting watchdog for 200 seconds at Sun Jun 10 21:13:01 UTC 2018
548 ms. Memory: 278528K Free: 208627K (75%)
ptolemy.util.test.WatchDog.cancel(): canceling Sun Jun 10 21:13:01 UTC 2018
auto.tcl: Setting watchdog for 200 seconds at Sun Jun 10 21:13:01 UTC 2018
543 ms. Memory: 278528K Free: 146615K (53%)
ptolemy.util.test.WatchDog.cancel(): canceling Sun Jun 10 21:13:02 UTC 2018
------------------ testing $PTII/ptolemy/domains/de/test/auto/TimeDelayZeroDelay.xml
auto.tcl: Setting watchdog for 200 seconds at Sun Jun 10 21:13:02 UTC 2018
2 ms. Memory: 279040K Free: 267228K (96%)
ptolemy.util.test.WatchDog.cancel(): canceling Sun Jun 10 21:13:02 UTC 2018
auto.tcl: Setting watchdog for 200 seconds at Sun Jun 10 21:13:02 UTC 2018
2 ms. Memory: 279040K Free: 267228K (96%)
ptolemy.util.test.WatchDog.cancel(): canceling Sun Jun 10 21:13:02 UTC 2018
------------------ testing $PTII/ptolemy/domains/de/test/auto/TimerZeroDelay.xml
auto.tcl: Setting watchdog for 200 seconds at Sun Jun 10 21:13:02 UTC 2018
2 ms. Memory: 278528K Free: 266823K (96%)
ptolemy.util.test.WatchDog.cancel(): canceling Sun Jun 10 21:13:02 UTC 2018
auto.tcl: Setting watchdog for 200 seconds at Sun Jun 10 21:13:02 UTC 2018
1 ms. Memory: 278528K Free: 266823K (96%)
ptolemy.util.test.WatchDog.cancel(): canceling Sun Jun 10 21:13:02 UTC 2018
------------------ testing $PTII/ptolemy/domains/de/test/auto/TimingParadox.xml
auto.tcl: Setting watchdog for 200 seconds at Sun Jun 10 21:13:02 UTC 2018
362 ms. Memory: 279040K Free: 199184K (71%)
ptolemy.util.test.WatchDog.cancel(): canceling Sun Jun 10 21:13:03 UTC 2018
auto.tcl: Setting watchdog for 200 seconds at Sun Jun 10 21:13:03 UTC 2018
338 ms. Memory: 279040K Free: 160942K (58%)
ptolemy.util.test.WatchDog.cancel(): canceling Sun Jun 10 21:13:03 UTC 2018
------------------ testing $PTII/ptolemy/domains/de/test/auto/TransferInputs.xml
auto.tcl: Setting watchdog for 200 seconds at Sun Jun 10 21:13:03 UTC 2018
2 ms. Memory: 279040K Free: 266287K (95%)
ptolemy.util.test.WatchDog.cancel(): canceling Sun Jun 10 21:13:03 UTC 2018
auto.tcl: Setting watchdog for 200 seconds at Sun Jun 10 21:13:03 UTC 2018
2 ms. Memory: 279040K Free: 266287K (95%)
ptolemy.util.test.WatchDog.cancel(): canceling Sun Jun 10 21:13:03 UTC 2018
------------------ testing $PTII/ptolemy/domains/de/test/auto/TransferOutputs2.xml
auto.tcl: Setting watchdog for 200 seconds at Sun Jun 10 21:13:03 UTC 2018
3 ms. Memory: 278528K Free: 264359K (95%)
ptolemy.util.test.WatchDog.cancel(): canceling Sun Jun 10 21:13:03 UTC 2018
auto.tcl: Setting watchdog for 200 seconds at Sun Jun 10 21:13:03 UTC 2018
3 ms. Memory: 278528K Free: 261817K (94%)
ptolemy.util.test.WatchDog.cancel(): canceling Sun Jun 10 21:13:03 UTC 2018
------------------ testing $PTII/ptolemy/domains/de/test/auto/Trilateration.xml
auto.tcl: Setting watchdog for 200 seconds at Sun Jun 10 21:13:03 UTC 2018
13437 ms. Memory: 542208K Free: 68619K (13%)
ptolemy.util.test.WatchDog.cancel(): canceling Sun Jun 10 21:13:17 UTC 2018
auto.tcl: Setting watchdog for 200 seconds at Sun Jun 10 21:13:17 UTC 2018
11290 ms. Memory: 410624K Free: 119992K (29%)
ptolemy.util.test.WatchDog.cancel(): canceling Sun Jun 10 21:13:29 UTC 2018
------------------ testing $PTII/ptolemy/domains/de/test/auto/TwoSigmaDelta.xml
auto.tcl: Setting watchdog for 200 seconds at Sun Jun 10 21:13:29 UTC 2018
2614 ms. Memory: 413696K Free: 114798K (28%)
ptolemy.util.test.WatchDog.cancel(): canceling Sun Jun 10 21:13:32 UTC 2018
auto.tcl: Setting watchdog for 200 seconds at Sun Jun 10 21:13:32 UTC 2018
1902 ms. Memory: 396288K Free: 193234K (49%)
ptolemy.util.test.WatchDog.cancel(): canceling Sun Jun 10 21:13:34 UTC 2018
------------------ testing $PTII/ptolemy/domains/de/test/auto/VariableDelay.xml
auto.tcl: Setting watchdog for 200 seconds at Sun Jun 10 21:13:34 UTC 2018
2 ms. Memory: 395776K Free: 379296K (96%)
ptolemy.util.test.WatchDog.cancel(): canceling Sun Jun 10 21:13:34 UTC 2018
auto.tcl: Setting watchdog for 200 seconds at Sun Jun 10 21:13:34 UTC 2018
1 ms. Memory: 395776K Free: 379296K (96%)
ptolemy.util.test.WatchDog.cancel(): canceling Sun Jun 10 21:13:34 UTC 2018
------------------ testing $PTII/ptolemy/domains/de/test/auto/VariableDelay2.xml
auto.tcl: Setting watchdog for 200 seconds at Sun Jun 10 21:13:34 UTC 2018
2 ms. Memory: 395776K Free: 382850K (97%)
ptolemy.util.test.WatchDog.cancel(): canceling Sun Jun 10 21:13:34 UTC 2018
auto.tcl: Setting watchdog for 200 seconds at Sun Jun 10 21:13:34 UTC 2018
1 ms. Memory: 395776K Free: 382850K (97%)
ptolemy.util.test.WatchDog.cancel(): canceling Sun Jun 10 21:13:34 UTC 2018
------------------ testing $PTII/ptolemy/domains/de/test/auto/VariableDelayZeroDelay.xml
auto.tcl: Setting watchdog for 200 seconds at Sun Jun 10 21:13:34 UTC 2018
3 ms. Memory: 397824K Free: 381753K (96%)
ptolemy.util.test.WatchDog.cancel(): canceling Sun Jun 10 21:13:34 UTC 2018
auto.tcl: Setting watchdog for 200 seconds at Sun Jun 10 21:13:34 UTC 2018
1 ms. Memory: 397824K Free: 381753K (96%)
ptolemy.util.test.WatchDog.cancel(): canceling Sun Jun 10 21:13:34 UTC 2018
------------------ testing $PTII/ptolemy/domains/de/test/auto/VariableDelayZeroDelay2.xml
auto.tcl: Setting watchdog for 200 seconds at Sun Jun 10 21:13:34 UTC 2018
2 ms. Memory: 395776K Free: 379703K (96%)
ptolemy.util.test.WatchDog.cancel(): canceling Sun Jun 10 21:13:34 UTC 2018
auto.tcl: Setting watchdog for 200 seconds at Sun Jun 10 21:13:34 UTC 2018
2 ms. Memory: 395776K Free: 379703K (96%)
ptolemy.util.test.WatchDog.cancel(): canceling Sun Jun 10 21:13:34 UTC 2018
------------------ testing $PTII/ptolemy/domains/de/test/auto/deInCt.xml
auto.tcl: Setting watchdog for 200 seconds at Sun Jun 10 21:13:34 UTC 2018
0
1
1
1
1
1
0
0
0
1
1
1
0
0
0
1
1
1
0
0
0
1
1
1
1
0
0
0
1
1
1
1
0
0
0
0
20 ms. Memory: 397824K Free: 381744K (96%)
ptolemy.util.test.WatchDog.cancel(): canceling Sun Jun 10 21:13:34 UTC 2018
auto.tcl: Setting watchdog for 200 seconds at Sun Jun 10 21:13:34 UTC 2018
0
1
1
1
1
1
0
0
1
1
1
1
1
1
1
1
0
0
0
1
1
1
0
0
0
0
6 ms. Memory: 397824K Free: 376704K (95%)
ptolemy.util.test.WatchDog.cancel(): canceling Sun Jun 10 21:13:34 UTC 2018
------------------ testing $PTII/ptolemy/domains/de/test/auto/deInCt2.xml
auto.tcl: Setting watchdog for 200 seconds at Sun Jun 10 21:13:34 UTC 2018
0
1
1
1
0
0
1
1
1
0
0
1
1
1
0
0
1
1
1
0
0
1
1
1
0
0
1
1
1
0
0
1
1
1
0
0
1
1
1
0
0
0
7 ms. Memory: 395776K Free: 379695K (96%)
ptolemy.util.test.WatchDog.cancel(): canceling Sun Jun 10 21:13:34 UTC 2018
auto.tcl: Setting watchdog for 200 seconds at Sun Jun 10 21:13:34 UTC 2018
0
1
1
1
0
0
1
1
1
0
0
1
1
1
0
0
1
1
1
0
0
1
1
1
0
0
1
1
1
0
0
1
1
1
0
0
1
1
1
0
0
0
6 ms. Memory: 395776K Free: 374656K (95%)
ptolemy.util.test.WatchDog.cancel(): canceling Sun Jun 10 21:13:34 UTC 2018
------------------ testing $PTII/ptolemy/domains/de/test/auto/dynamicCausalityInterface1.xml
auto.tcl: Setting watchdog for 200 seconds at Sun Jun 10 21:13:34 UTC 2018
1 ms. Memory: 397312K Free: 379336K (95%)
ptolemy.util.test.WatchDog.cancel(): canceling Sun Jun 10 21:13:34 UTC 2018
auto.tcl: Setting watchdog for 200 seconds at Sun Jun 10 21:13:34 UTC 2018
0 ms. Memory: 397312K Free: 379336K (95%)
ptolemy.util.test.WatchDog.cancel(): canceling Sun Jun 10 21:13:34 UTC 2018
------------------ testing $PTII/ptolemy/domains/de/test/auto/fsm_de_test.xml
auto.tcl: Setting watchdog for 200 seconds at Sun Jun 10 21:13:34 UTC 2018
12 ms. Memory: 395776K Free: 374559K (95%)
ptolemy.util.test.WatchDog.cancel(): canceling Sun Jun 10 21:13:34 UTC 2018
auto.tcl: Setting watchdog for 200 seconds at Sun Jun 10 21:13:34 UTC 2018
5 ms. Memory: 395776K Free: 374559K (95%)
ptolemy.util.test.WatchDog.cancel(): canceling Sun Jun 10 21:13:34 UTC 2018
------------------ testing $PTII/ptolemy/domains/de/test/auto/functionDependencyReconstruction.xml
auto.tcl: Setting watchdog for 200 seconds at Sun Jun 10 21:13:34 UTC 2018
3 ms. Memory: 397312K Free: 366016K (92%)
ptolemy.util.test.WatchDog.cancel(): canceling Sun Jun 10 21:13:34 UTC 2018
auto.tcl: Setting watchdog for 200 seconds at Sun Jun 10 21:13:34 UTC 2018
2 ms. Memory: 397312K Free: 366016K (92%)
ptolemy.util.test.WatchDog.cancel(): canceling Sun Jun 10 21:13:34 UTC 2018
------------------ testing $PTII/ptolemy/domains/de/test/auto/multirate.xml
auto.tcl: Setting watchdog for 200 seconds at Sun Jun 10 21:13:34 UTC 2018
7 ms. Memory: 395776K Free: 374419K (95%)
ptolemy.util.test.WatchDog.cancel(): canceling Sun Jun 10 21:13:34 UTC 2018
auto.tcl: Setting watchdog for 200 seconds at Sun Jun 10 21:13:34 UTC 2018
2 ms. Memory: 395776K Free: 374419K (95%)
ptolemy.util.test.WatchDog.cancel(): canceling Sun Jun 10 21:13:34 UTC 2018
------------------ testing $PTII/ptolemy/domains/de/test/auto/multirate2.xml
auto.tcl: Setting watchdog for 200 seconds at Sun Jun 10 21:13:34 UTC 2018
6 ms. Memory: 396800K Free: 375631K (95%)
ptolemy.util.test.WatchDog.cancel(): canceling Sun Jun 10 21:13:34 UTC 2018
auto.tcl: Setting watchdog for 200 seconds at Sun Jun 10 21:13:34 UTC 2018
3 ms. Memory: 396800K Free: 375631K (95%)
ptolemy.util.test.WatchDog.cancel(): canceling Sun Jun 10 21:13:34 UTC 2018
------------------ testing $PTII/ptolemy/domains/de/test/auto/realtime.xml
auto.tcl: Setting watchdog for 200 seconds at Sun Jun 10 21:13:34 UTC 2018
10001 ms. Memory: 395776K Free: 379640K (96%)
ptolemy.util.test.WatchDog.cancel(): canceling Sun Jun 10 21:13:44 UTC 2018
auto.tcl: Setting watchdog for 200 seconds at Sun Jun 10 21:13:44 UTC 2018
10002 ms. Memory: 395776K Free: 379640K (96%)
ptolemy.util.test.WatchDog.cancel(): canceling Sun Jun 10 21:13:54 UTC 2018
------------------ testing $PTII/ptolemy/domains/de/test/auto/relationGroup.xml
auto.tcl: Setting watchdog for 200 seconds at Sun Jun 10 21:13:54 UTC 2018
9 ms. Memory: 396800K Free: 380695K (96%)
ptolemy.util.test.WatchDog.cancel(): canceling Sun Jun 10 21:13:55 UTC 2018
auto.tcl: Setting watchdog for 200 seconds at Sun Jun 10 21:13:55 UTC 2018
1 ms. Memory: 396800K Free: 380695K (96%)
ptolemy.util.test.WatchDog.cancel(): canceling Sun Jun 10 21:13:55 UTC 2018
------------------ testing $PTII/ptolemy/domains/de/test/auto/relationGroup2.xml
auto.tcl: Setting watchdog for 200 seconds at Sun Jun 10 21:13:55 UTC 2018
1 ms. Memory: 395776K Free: 379698K (96%)
ptolemy.util.test.WatchDog.cancel(): canceling Sun Jun 10 21:13:55 UTC 2018
auto.tcl: Setting watchdog for 200 seconds at Sun Jun 10 21:13:55 UTC 2018
1 ms. Memory: 395776K Free: 379698K (96%)
ptolemy.util.test.WatchDog.cancel(): canceling Sun Jun 10 21:13:55 UTC 2018
------------------ testing $PTII/ptolemy/domains/de/test/auto/sortWithOpaquePorts.xml
auto.tcl: Setting watchdog for 200 seconds at Sun Jun 10 21:13:55 UTC 2018
1 ms. Memory: 396800K Free: 380723K (96%)
ptolemy.util.test.WatchDog.cancel(): canceling Sun Jun 10 21:13:55 UTC 2018
auto.tcl: Setting watchdog for 200 seconds at Sun Jun 10 21:13:55 UTC 2018
2 ms. Memory: 396800K Free: 380723K (96%)
ptolemy.util.test.WatchDog.cancel(): canceling Sun Jun 10 21:13:55 UTC 2018
------------------ testing $PTII/ptolemy/domains/de/test/auto/transferInputsandOutputs.xml
auto.tcl: Setting watchdog for 200 seconds at Sun Jun 10 21:13:55 UTC 2018
3 ms. Memory: 395776K Free: 374662K (95%)
ptolemy.util.test.WatchDog.cancel(): canceling Sun Jun 10 21:13:55 UTC 2018
auto.tcl: Setting watchdog for 200 seconds at Sun Jun 10 21:13:55 UTC 2018
1 ms. Memory: 395776K Free: 374662K (95%)
ptolemy.util.test.WatchDog.cancel(): canceling Sun Jun 10 21:13:55 UTC 2018
------------------ testing $PTII/ptolemy/domains/de/test/auto/triggerType.xml
auto.tcl: Setting watchdog for 200 seconds at Sun Jun 10 21:13:55 UTC 2018
1 ms. Memory: 396288K Free: 380148K (96%)
ptolemy.util.test.WatchDog.cancel(): canceling Sun Jun 10 21:13:55 UTC 2018
auto.tcl: Setting watchdog for 200 seconds at Sun Jun 10 21:13:55 UTC 2018
1 ms. Memory: 396288K Free: 380148K (96%)
ptolemy.util.test.WatchDog.cancel(): canceling Sun Jun 10 21:13:55 UTC 2018
06/10/18 09:13:55
Failed: 0  Total Tests: 192  ((Passed: 187, Newly Passed: 1)  Known Failed: 5) /home/travis/build/icyphy/ptII/ptolemy/domains/de/test
06/10/18 09:13:55
Failed: 0  Total Tests: 192  ((Passed: 187, Newly Passed: 1)  Known Failed: 5) /home/travis/build/icyphy/ptII/ptolemy/domains/de/test
----------------- testing (KnownFailure) /home/travis/build/icyphy/ptII/ptolemy/domains/de/test/auto/knownFailedTests/DESDFClockTest.xml
2013 ms. Memory: 395776K Free: 367094K (93%)
Known Failure: java.lang.reflect.InvocationTargetException
----------------- testing (KnownFailure) /home/travis/build/icyphy/ptII/ptolemy/domains/de/test/auto/knownFailedTests/DirectFeedback.xml
1 ms. Memory: 395776K Free: 341944K (86%)
Known Failure: java.lang.reflect.InvocationTargetException
----------------- testing (KnownFailure) /home/travis/build/icyphy/ptII/ptolemy/domains/de/test/auto/knownFailedTests/FSMSource.xml
4 ms. Memory: 395776K Free: 316795K (80%)
----------------- testing (KnownFailure) /home/travis/build/icyphy/ptII/ptolemy/domains/de/test/auto/knownFailedTests/HierarchicalModel.xml
2 ms. Memory: 395776K Free: 291629K (74%)
Known Failure: java.lang.reflect.InvocationTargetException
----------------- testing (KnownFailure) /home/travis/build/icyphy/ptII/ptolemy/domains/de/test/auto/knownFailedTests/dependencyLoop.xml
2 ms. Memory: 395776K Free: 253896K (64%)
Known Failure: java.lang.reflect.InvocationTargetException
----------------- testing (KnownFailure) /home/travis/build/icyphy/ptII/ptolemy/domains/de/test/auto/knownFailedTests/dependencyLoop2.xml
2 ms. Memory: 395776K Free: 216156K (55%)
Known Failure: java.lang.reflect.InvocationTargetException
No auto/linux-amd64/*.xml tests in /home/travis/build/icyphy/ptII/ptolemy/domains/de/test
AutoTests.java: About to close Vertx.
AutoTests.java: Vertx closed.

===========================================================================================
----------------- testing Sun Jun 10 21:13:57 UTC 2018 /home/travis/build/icyphy/ptII/ptolemy/domains/de/test/auto/ActorDepthCalculation_actorWithoutPorts.xml
----------------- Instantiating /home/travis/build/icyphy/ptII/ptolemy/domains/de/test/auto/ActorDepthCalculation_actorWithoutPorts.xml
1 ms. Memory: 395776K Free: 184719K (47%)
----------------- Invoking toplevel() on ptolemy.moml.MoMLSimpleApplication@71ba1ac1
----------------- Done invoking toplevel() on ptolemy.moml.MoMLSimpleApplication@71ba1ac1
reloadAllAccessors: .ActorDepthCalculation_actorWithoutPorts

===========================================================================================
----------------- testing Sun Jun 10 21:13:57 UTC 2018 /home/travis/build/icyphy/ptII/ptolemy/domains/de/test/auto/AssemblyLine.xml
----------------- Instantiating /home/travis/build/icyphy/ptII/ptolemy/domains/de/test/auto/AssemblyLine.xml
1 ms. Memory: 395776K Free: 165841K (42%)
----------------- Invoking toplevel() on ptolemy.moml.MoMLSimpleApplication@2c4e55b6
----------------- Done invoking toplevel() on ptolemy.moml.MoMLSimpleApplication@2c4e55b6
reloadAllAccessors: .AssemblyLine

===========================================================================================
----------------- testing Sun Jun 10 21:13:57 UTC 2018 /home/travis/build/icyphy/ptII/ptolemy/domains/de/test/auto/CQBug1.xml
----------------- Instantiating /home/travis/build/icyphy/ptII/ptolemy/domains/de/test/auto/CQBug1.xml
0 ms. Memory: 395776K Free: 153266K (39%)
----------------- Invoking toplevel() on ptolemy.moml.MoMLSimpleApplication@1d734e6e
----------------- Done invoking toplevel() on ptolemy.moml.MoMLSimpleApplication@1d734e6e
reloadAllAccessors: .CQBug1

===========================================================================================
----------------- testing Sun Jun 10 21:13:57 UTC 2018 /home/travis/build/icyphy/ptII/ptolemy/domains/de/test/auto/CancelFireAt.xml
----------------- Instantiating /home/travis/build/icyphy/ptII/ptolemy/domains/de/test/auto/CancelFireAt.xml
1 ms. Memory: 395776K Free: 140691K (36%)
----------------- Invoking toplevel() on ptolemy.moml.MoMLSimpleApplication@45d2bbb
----------------- Done invoking toplevel() on ptolemy.moml.MoMLSimpleApplication@45d2bbb
reloadAllAccessors: .CancelFireAt

===========================================================================================
----------------- testing Sun Jun 10 21:13:57 UTC 2018 /home/travis/build/icyphy/ptII/ptolemy/domains/de/test/auto/CausalityAndComposabilityAnalysis.xml
----------------- Instantiating /home/travis/build/icyphy/ptII/ptolemy/domains/de/test/auto/CausalityAndComposabilityAnalysis.xml
1 ms. Memory: 395776K Free: 128116K (32%)
----------------- Invoking toplevel() on ptolemy.moml.MoMLSimpleApplication@69c215f0
----------------- Done invoking toplevel() on ptolemy.moml.MoMLSimpleApplication@69c215f0
reloadAllAccessors: .CausalityAndComposabilityAnalysis

===========================================================================================
----------------- testing Sun Jun 10 21:13:57 UTC 2018 /home/travis/build/icyphy/ptII/ptolemy/domains/de/test/auto/CausalityInterface1.xml
----------------- Instantiating /home/travis/build/icyphy/ptII/ptolemy/domains/de/test/auto/CausalityInterface1.xml
3 ms. Memory: 395776K Free: 115541K (29%)
----------------- Invoking toplevel() on ptolemy.moml.MoMLSimpleApplication@166edacb
----------------- Done invoking toplevel() on ptolemy.moml.MoMLSimpleApplication@166edacb
reloadAllAccessors: .CausalityInterface1

===========================================================================================
----------------- testing Sun Jun 10 21:13:57 UTC 2018 /home/travis/build/icyphy/ptII/ptolemy/domains/de/test/auto/CausalityInterface15.xml
----------------- Instantiating /home/travis/build/icyphy/ptII/ptolemy/domains/de/test/auto/CausalityInterface15.xml
2 ms. Memory: 395776K Free: 102967K (26%)
----------------- Invoking toplevel() on ptolemy.moml.MoMLSimpleApplication@181320ca
----------------- Done invoking toplevel() on ptolemy.moml.MoMLSimpleApplication@181320ca
reloadAllAccessors: .CausalityInterface15

[...]
java.lang.RuntimeException: Execution failed
	at ptolemy.moml.MoMLSimpleApplication$UnloadThread.run(MoMLSimpleApplication.java:402)
Caused by: ptolemy.kernel.util.IllegalActionException: Test fails in iteration 1.
Value was: 1.0. Should have been: 2.0
  in .DirectFeedback.Test
	at ptolemy.actor.lib.Test.fire(Test.java:268)
	at ptolemy.domains.de.kernel.DEDirector._fire(DEDirector.java:1949)
	at ptolemy.domains.de.kernel.DEDirector.fire(DEDirector.java:502)
	at ptolemy.actor.CompositeActor.fire(CompositeActor.java:455)
	at ptolemy.actor.Manager.iterate(Manager.java:851)
	at ptolemy.actor.Manager.execute(Manager.java:369)
	at ptolemy.actor.Manager.run(Manager.java:1263)
	at ptolemy.actor.Manager$PtolemyRunThread.run(Manager.java:1915)
java.lang.RuntimeException: Execution failed
	at ptolemy.moml.MoMLSimpleApplication$UnloadThread.run(MoMLSimpleApplication.java:402)
Caused by: ptolemy.kernel.util.IllegalActionException: Actor is not ready to fire.  Perhaps UpSample.prefire() returned false? Try debugging the actor by selecting "Listen to Actor".  Also, for SDF check moml for tokenConsumptionRate on input.
  in .DESDFClockTest.Play Bell.Copy1:SDF Director and .DESDFClockTest.Play Bell.UpSample
	at ptolemy.actor.sched.StaticSchedulingDirector.fire(StaticSchedulingDirector.java:227)
	at ptolemy.domains.sdf.kernel.SDFDirector.fire(SDFDirector.java:500)
	at ptolemy.actor.CompositeActor.fire(CompositeActor.java:455)
	at ptolemy.domains.de.kernel.DEDirector._fire(DEDirector.java:1949)
	at ptolemy.domains.de.kernel.DEDirector.fire(DEDirector.java:502)
	at ptolemy.actor.CompositeActor.fire(CompositeActor.java:455)
	at ptolemy.actor.Manager.iterate(Manager.java:851)
	at ptolemy.actor.Manager.execute(Manager.java:369)
	at ptolemy.actor.Manager.run(Manager.java:1263)
	at ptolemy.actor.Manager$PtolemyRunThread.run(Manager.java:1915)
java.lang.reflect.InvocationTargetException
	at sun.reflect.NativeConstructorAccessorImpl.newInstance0(Native Method)
	at sun.reflect.NativeConstructorAccessorImpl.newInstance(NativeConstructorAccessorImpl.java:62)
	at sun.reflect.DelegatingConstructorAccessorImpl.newInstance(DelegatingConstructorAccessorImpl.java:45)
	at java.lang.reflect.Constructor.newInstance(Constructor.java:423)
	at ptolemy.util.test.junit.AutoKnownFailedTests.RunModel(AutoKnownFailedTests.java:107)
	at sun.reflect.NativeMethodAccessorImpl.invoke0(Native Method)
	at sun.reflect.NativeMethodAccessorImpl.invoke(NativeMethodAccessorImpl.java:62)
	at sun.reflect.DelegatingMethodAccessorImpl.invoke(DelegatingMethodAccessorImpl.java:43)
	at java.lang.reflect.Method.invoke(Method.java:498)
	at org.junit.runners.model.FrameworkMethod$1.runReflectiveCall(FrameworkMethod.java:44)
	at org.junit.internal.runners.model.ReflectiveCallable.run(ReflectiveCallable.java:15)
	at org.junit.runners.model.FrameworkMethod.invokeExplosively(FrameworkMethod.java:41)
	at junitparams.internal.InvokeParameterisedMethod.evaluate(InvokeParameterisedMethod.java:102)
	at org.junit.internal.runners.statements.FailOnTimeout$1.run(FailOnTimeout.java:28)
Caused by: ptolemy.kernel.util.IllegalActionException: Actor is not ready to fire.  Perhaps UpSample.prefire() returned false? Try debugging the actor by selecting "Listen to Actor".  Also, for SDF check moml for tokenConsumptionRate on input.
  in .DESDFClockTest.Play Bell.Copy1:SDF Director and .DESDFClockTest.Play Bell.UpSample
	at ptolemy.actor.sched.StaticSchedulingDirector.fire(StaticSchedulingDirector.java:227)
	at ptolemy.domains.sdf.kernel.SDFDirector.fire(SDFDirector.java:500)
	at ptolemy.actor.CompositeActor.fire(CompositeActor.java:455)
	at ptolemy.domains.de.kernel.DEDirector._fire(DEDirector.java:1949)
	at ptolemy.domains.de.kernel.DEDirector.fire(DEDirector.java:502)
	at ptolemy.actor.CompositeActor.fire(CompositeActor.java:455)
	at ptolemy.actor.Manager.iterate(Manager.java:851)
	at ptolemy.actor.Manager.execute(Manager.java:369)
	at ptolemy.actor.Manager.run(Manager.java:1263)
	at ptolemy.actor.Manager$PtolemyRunThread.run(Manager.java:1915)
java.lang.RuntimeException: Execution failed
	at ptolemy.moml.MoMLSimpleApplication$UnloadThread.run(MoMLSimpleApplication.java:402)
Caused by: ptolemy.kernel.util.IllegalActionException: Test fails in iteration 1.
Value was: 1.0. Should have been: 2.0
  in .DirectFeedback.Test
	at ptolemy.actor.lib.Test.fire(Test.java:268)
	at ptolemy.domains.de.kernel.DEDirector._fire(DEDirector.java:1949)
	at ptolemy.domains.de.kernel.DEDirector.fire(DEDirector.java:502)
	at ptolemy.actor.CompositeActor.fire(CompositeActor.java:455)
	at ptolemy.actor.Manager.iterate(Manager.java:851)
	at ptolemy.actor.Manager.execute(Manager.java:369)
	at ptolemy.actor.Manager.run(Manager.java:1263)
	at ptolemy.actor.Manager$PtolemyRunThread.run(Manager.java:1915)
java.lang.reflect.InvocationTargetException
	at sun.reflect.NativeConstructorAccessorImpl.newInstance0(Native Method)
	at sun.reflect.NativeConstructorAccessorImpl.newInstance(NativeConstructorAccessorImpl.java:62)
	at sun.reflect.DelegatingConstructorAccessorImpl.newInstance(DelegatingConstructorAccessorImpl.java:45)
	at java.lang.reflect.Constructor.newInstance(Constructor.java:423)
	at ptolemy.util.test.junit.AutoKnownFailedTests.RunModel(AutoKnownFailedTests.java:107)
	at sun.reflect.NativeMethodAccessorImpl.invoke0(Native Method)
	at sun.reflect.NativeMethodAccessorImpl.invoke(NativeMethodAccessorImpl.java:62)
	at sun.reflect.DelegatingMethodAccessorImpl.invoke(DelegatingMethodAccessorImpl.java:43)
	at java.lang.reflect.Method.invoke(Method.java:498)
	at org.junit.runners.model.FrameworkMethod$1.runReflectiveCall(FrameworkMethod.java:44)
	at org.junit.internal.runners.model.ReflectiveCallable.run(ReflectiveCallable.java:15)
	at org.junit.runners.model.FrameworkMethod.invokeExplosively(FrameworkMethod.java:41)
	at junitparams.internal.InvokeParameterisedMethod.evaluate(InvokeParameterisedMethod.java:102)
	at org.junit.internal.runners.statements.FailOnTimeout$1.run(FailOnTimeout.java:28)
Caused by: ptolemy.kernel.util.IllegalActionException: Test fails in iteration 1.
Value was: 1.0. Should have been: 2.0
  in .DirectFeedback.Test
	at ptolemy.actor.lib.Test.fire(Test.java:268)
	at ptolemy.domains.de.kernel.DEDirector._fire(DEDirector.java:1949)
	at ptolemy.domains.de.kernel.DEDirector.fire(DEDirector.java:502)
	at ptolemy.actor.CompositeActor.fire(CompositeActor.java:455)
	at ptolemy.actor.Manager.iterate(Manager.java:851)
	at ptolemy.actor.Manager.execute(Manager.java:369)
	at ptolemy.actor.Manager.run(Manager.java:1263)
	at ptolemy.actor.Manager$PtolemyRunThread.run(Manager.java:1915)
java.lang.RuntimeException: Execution failed
	at ptolemy.moml.MoMLSimpleApplication$UnloadThread.run(MoMLSimpleApplication.java:402)
Caused by: ptolemy.kernel.util.IllegalActionException: Found a zero delay loop containing .HierarchicalModel.A
  in .HierarchicalModel and .HierarchicalModel.A
	at ptolemy.actor.util.CausalityInterfaceForComposites._computeOutputPortDepth(CausalityInterfaceForComposites.java:759)
	at ptolemy.actor.util.CausalityInterfaceForComposites._computeInputDepth(CausalityInterfaceForComposites.java:696)
	at ptolemy.actor.util.CausalityInterfaceForComposites._computeOutputPortDepth(CausalityInterfaceForComposites.java:765)
	at ptolemy.actor.util.CausalityInterfaceForComposites._computeInputDepth(CausalityInterfaceForComposites.java:696)
	at ptolemy.actor.util.CausalityInterfaceForComposites._computeOutputPortDepth(CausalityInterfaceForComposites.java:765)
	at ptolemy.actor.util.CausalityInterfaceForComposites._computeInputDepth(CausalityInterfaceForComposites.java:696)
	at ptolemy.actor.util.CausalityInterfaceForComposites._computeActorDepth(CausalityInterfaceForComposites.java:532)
	at ptolemy.actor.util.CausalityInterfaceForComposites.checkForCycles(CausalityInterfaceForComposites.java:96)
	at ptolemy.domains.de.kernel.DEDirector.preinitialize(DEDirector.java:1338)
	at ptolemy.actor.CompositeActor.preinitialize(CompositeActor.java:1828)
	at ptolemy.actor.Manager.preinitializeAndResolveTypes(Manager.java:1040)
	at ptolemy.actor.Manager.initialize(Manager.java:710)
	at ptolemy.actor.Manager.execute(Manager.java:356)
	at ptolemy.actor.Manager.run(Manager.java:1263)
	at ptolemy.actor.Manager$PtolemyRunThread.run(Manager.java:1915)
java.lang.reflect.InvocationTargetException
	at sun.reflect.NativeConstructorAccessorImpl.newInstance0(Native Method)
	at sun.reflect.NativeConstructorAccessorImpl.newInstance(NativeConstructorAccessorImpl.java:62)
	at sun.reflect.DelegatingConstructorAccessorImpl.newInstance(DelegatingConstructorAccessorImpl.java:45)
	at java.lang.reflect.Constructor.newInstance(Constructor.java:423)
	at ptolemy.util.test.junit.AutoKnownFailedTests.RunModel(AutoKnownFailedTests.java:107)
	at sun.reflect.NativeMethodAccessorImpl.invoke0(Native Method)
	at sun.reflect.NativeMethodAccessorImpl.invoke(NativeMethodAccessorImpl.java:62)
	at sun.reflect.DelegatingMethodAccessorImpl.invoke(DelegatingMethodAccessorImpl.java:43)
	at java.lang.reflect.Method.invoke(Method.java:498)
	at org.junit.runners.model.FrameworkMethod$1.runReflectiveCall(FrameworkMethod.java:44)
	at org.junit.internal.runners.model.ReflectiveCallable.run(ReflectiveCallable.java:15)
	at org.junit.runners.model.FrameworkMethod.invokeExplosively(FrameworkMethod.java:41)
	at junitparams.internal.InvokeParameterisedMethod.evaluate(InvokeParameterisedMethod.java:102)
	at org.junit.internal.runners.statements.FailOnTimeout$1.run(FailOnTimeout.java:28)
Caused by: ptolemy.kernel.util.IllegalActionException: Found a zero delay loop containing .HierarchicalModel.A
  in .HierarchicalModel and .HierarchicalModel.A
	at ptolemy.actor.util.CausalityInterfaceForComposites._computeOutputPortDepth(CausalityInterfaceForComposites.java:759)
	at ptolemy.actor.util.CausalityInterfaceForComposites._computeInputDepth(CausalityInterfaceForComposites.java:696)
	at ptolemy.actor.util.CausalityInterfaceForComposites._computeOutputPortDepth(CausalityInterfaceForComposites.java:765)
	at ptolemy.actor.util.CausalityInterfaceForComposites._computeInputDepth(CausalityInterfaceForComposites.java:696)
	at ptolemy.actor.util.CausalityInterfaceForComposites._computeOutputPortDepth(CausalityInterfaceForComposites.java:765)
	at ptolemy.actor.util.CausalityInterfaceForComposites._computeInputDepth(CausalityInterfaceForComposites.java:696)
	at ptolemy.actor.util.CausalityInterfaceForComposites._computeActorDepth(CausalityInterfaceForComposites.java:532)
	at ptolemy.actor.util.CausalityInterfaceForComposites.checkForCycles(CausalityInterfaceForComposites.java:96)
	at ptolemy.domains.de.kernel.DEDirector.preinitialize(DEDirector.java:1338)
	at ptolemy.actor.CompositeActor.preinitialize(CompositeActor.java:1828)
	at ptolemy.actor.Manager.preinitializeAndResolveTypes(Manager.java:1040)
	at ptolemy.actor.Manager.initialize(Manager.java:710)
	at ptolemy.actor.Manager.execute(Manager.java:356)
	at ptolemy.actor.Manager.run(Manager.java:1263)
	at ptolemy.actor.Manager$PtolemyRunThread.run(Manager.java:1915)
java.lang.RuntimeException: Execution failed
	at ptolemy.moml.MoMLSimpleApplication$UnloadThread.run(MoMLSimpleApplication.java:402)
Caused by: ptolemy.kernel.util.IllegalActionException: Found a zero delay loop containing .dependencyLoop.original
  in .dependencyLoop and .dependencyLoop.original
	at ptolemy.actor.util.CausalityInterfaceForComposites._computeOutputPortDepth(CausalityInterfaceForComposites.java:759)
	at ptolemy.actor.util.CausalityInterfaceForComposites._computeInputDepth(CausalityInterfaceForComposites.java:696)
	at ptolemy.actor.util.CausalityInterfaceForComposites._computeOutputPortDepth(CausalityInterfaceForComposites.java:765)
	at ptolemy.actor.util.CausalityInterfaceForComposites._computeInputDepth(CausalityInterfaceForComposites.java:696)
	at ptolemy.actor.util.CausalityInterfaceForComposites._computeOutputPortDepth(CausalityInterfaceForComposites.java:765)
	at ptolemy.actor.util.CausalityInterfaceForComposites._computeInputDepth(CausalityInterfaceForComposites.java:696)
	at ptolemy.actor.util.CausalityInterfaceForComposites._computeActorDepth(CausalityInterfaceForComposites.java:532)
	at ptolemy.actor.util.CausalityInterfaceForComposites.checkForCycles(CausalityInterfaceForComposites.java:96)
	at ptolemy.domains.de.kernel.DEDirector.preinitialize(DEDirector.java:1338)
	at ptolemy.actor.CompositeActor.preinitialize(CompositeActor.java:1828)
	at ptolemy.actor.Manager.preinitializeAndResolveTypes(Manager.java:1040)
	at ptolemy.actor.Manager.initialize(Manager.java:710)
	at ptolemy.actor.Manager.execute(Manager.java:356)
	at ptolemy.actor.Manager.run(Manager.java:1263)
	at ptolemy.actor.Manager$PtolemyRunThread.run(Manager.java:1915)
java.lang.reflect.InvocationTargetException
	at sun.reflect.NativeConstructorAccessorImpl.newInstance0(Native Method)
	at sun.reflect.NativeConstructorAccessorImpl.newInstance(NativeConstructorAccessorImpl.java:62)
	at sun.reflect.DelegatingConstructorAccessorImpl.newInstance(DelegatingConstructorAccessorImpl.java:45)
	at java.lang.reflect.Constructor.newInstance(Constructor.java:423)
	at ptolemy.util.test.junit.AutoKnownFailedTests.RunModel(AutoKnownFailedTests.java:107)
	at sun.reflect.NativeMethodAccessorImpl.invoke0(Native Method)
	at sun.reflect.NativeMethodAccessorImpl.invoke(NativeMethodAccessorImpl.java:62)
	at sun.reflect.DelegatingMethodAccessorImpl.invoke(DelegatingMethodAccessorImpl.java:43)
	at java.lang.reflect.Method.invoke(Method.java:498)
	at org.junit.runners.model.FrameworkMethod$1.runReflectiveCall(FrameworkMethod.java:44)
	at org.junit.internal.runners.model.ReflectiveCallable.run(ReflectiveCallable.java:15)
	at org.junit.runners.model.FrameworkMethod.invokeExplosively(FrameworkMethod.java:41)
	at junitparams.internal.InvokeParameterisedMethod.evaluate(InvokeParameterisedMethod.java:102)
	at org.junit.internal.runners.statements.FailOnTimeout$1.run(FailOnTimeout.java:28)
Caused by: ptolemy.kernel.util.IllegalActionException: Found a zero delay loop containing .dependencyLoop.original
  in .dependencyLoop and .dependencyLoop.original
	at ptolemy.actor.util.CausalityInterfaceForComposites._computeOutputPortDepth(CausalityInterfaceForComposites.java:759)
	at ptolemy.actor.util.CausalityInterfaceForComposites._computeInputDepth(CausalityInterfaceForComposites.java:696)
	at ptolemy.actor.util.CausalityInterfaceForComposites._computeOutputPortDepth(CausalityInterfaceForComposites.java:765)
	at ptolemy.actor.util.CausalityInterfaceForComposites._computeInputDepth(CausalityInterfaceForComposites.java:696)
	at ptolemy.actor.util.CausalityInterfaceForComposites._computeOutputPortDepth(CausalityInterfaceForComposites.java:765)
	at ptolemy.actor.util.CausalityInterfaceForComposites._computeInputDepth(CausalityInterfaceForComposites.java:696)
	at ptolemy.actor.util.CausalityInterfaceForComposites._computeActorDepth(CausalityInterfaceForComposites.java:532)
	at ptolemy.actor.util.CausalityInterfaceForComposites.checkForCycles(CausalityInterfaceForComposites.java:96)
	at ptolemy.domains.de.kernel.DEDirector.preinitialize(DEDirector.java:1338)
	at ptolemy.actor.CompositeActor.preinitialize(CompositeActor.java:1828)
	at ptolemy.actor.Manager.preinitializeAndResolveTypes(Manager.java:1040)
	at ptolemy.actor.Manager.initialize(Manager.java:710)
	at ptolemy.actor.Manager.execute(Manager.java:356)
	at ptolemy.actor.Manager.run(Manager.java:1263)
	at ptolemy.actor.Manager$PtolemyRunThread.run(Manager.java:1915)
java.lang.RuntimeException: Execution failed
	at ptolemy.moml.MoMLSimpleApplication$UnloadThread.run(MoMLSimpleApplication.java:402)
Caused by: ptolemy.kernel.util.IllegalActionException: Found a zero delay loop containing .dependencyLoop2.original
  in .dependencyLoop2 and .dependencyLoop2.original
	at ptolemy.actor.util.CausalityInterfaceForComposites._computeOutputPortDepth(CausalityInterfaceForComposites.java:759)
	at ptolemy.actor.util.CausalityInterfaceForComposites._computeInputDepth(CausalityInterfaceForComposites.java:696)
	at ptolemy.actor.util.CausalityInterfaceForComposites._computeOutputPortDepth(CausalityInterfaceForComposites.java:765)
	at ptolemy.actor.util.CausalityInterfaceForComposites._computeInputDepth(CausalityInterfaceForComposites.java:696)
	at ptolemy.actor.util.CausalityInterfaceForComposites._computeOutputPortDepth(CausalityInterfaceForComposites.java:765)
	at ptolemy.actor.util.CausalityInterfaceForComposites._computeInputDepth(CausalityInterfaceForComposites.java:696)
	at ptolemy.actor.util.CausalityInterfaceForComposites._computeActorDepth(CausalityInterfaceForComposites.java:532)
	at ptolemy.actor.util.CausalityInterfaceForComposites.checkForCycles(CausalityInterfaceForComposites.java:96)
	at ptolemy.domains.de.kernel.DEDirector.preinitialize(DEDirector.java:1338)
	at ptolemy.actor.CompositeActor.preinitialize(CompositeActor.java:1828)
	at ptolemy.actor.Manager.preinitializeAndResolveTypes(Manager.java:1040)
	at ptolemy.actor.Manager.initialize(Manager.java:710)
	at ptolemy.actor.Manager.execute(Manager.java:356)
	at ptolemy.actor.Manager.run(Manager.java:1263)
	at ptolemy.actor.Manager$PtolemyRunThread.run(Manager.java:1915)
java.lang.reflect.InvocationTargetException
	at sun.reflect.NativeConstructorAccessorImpl.newInstance0(Native Method)
	at sun.reflect.NativeConstructorAccessorImpl.newInstance(NativeConstructorAccessorImpl.java:62)
	at sun.reflect.DelegatingConstructorAccessorImpl.newInstance(DelegatingConstructorAccessorImpl.java:45)
	at java.lang.reflect.Constructor.newInstance(Constructor.java:423)
	at ptolemy.util.test.junit.AutoKnownFailedTests.RunModel(AutoKnownFailedTests.java:107)
	at sun.reflect.NativeMethodAccessorImpl.invoke0(Native Method)
	at sun.reflect.NativeMethodAccessorImpl.invoke(NativeMethodAccessorImpl.java:62)
	at sun.reflect.DelegatingMethodAccessorImpl.invoke(DelegatingMethodAccessorImpl.java:43)
	at java.lang.reflect.Method.invoke(Method.java:498)
	at org.junit.runners.model.FrameworkMethod$1.runReflectiveCall(FrameworkMethod.java:44)
	at org.junit.internal.runners.model.ReflectiveCallable.run(ReflectiveCallable.java:15)
	at org.junit.runners.model.FrameworkMethod.invokeExplosively(FrameworkMethod.java:41)
	at junitparams.internal.InvokeParameterisedMethod.evaluate(InvokeParameterisedMethod.java:102)
	at org.junit.internal.runners.statements.FailOnTimeout$1.run(FailOnTimeout.java:28)
Caused by: ptolemy.kernel.util.IllegalActionException: Found a zero delay loop containing .dependencyLoop2.original
  in .dependencyLoop2 and .dependencyLoop2.original
	at ptolemy.actor.util.CausalityInterfaceForComposites._computeOutputPortDepth(CausalityInterfaceForComposites.java:759)
	at ptolemy.actor.util.CausalityInterfaceForComposites._computeInputDepth(CausalityInterfaceForComposites.java:696)
	at ptolemy.actor.util.CausalityInterfaceForComposites._computeOutputPortDepth(CausalityInterfaceForComposites.java:765)
	at ptolemy.actor.util.CausalityInterfaceForComposites._computeInputDepth(CausalityInterfaceForComposites.java:696)
	at ptolemy.actor.util.CausalityInterfaceForComposites._computeOutputPortDepth(CausalityInterfaceForComposites.java:765)
	at ptolemy.actor.util.CausalityInterfaceForComposites._computeInputDepth(CausalityInterfaceForComposites.java:696)
	at ptolemy.actor.util.CausalityInterfaceForComposites._computeActorDepth(CausalityInterfaceForComposites.java:532)
	at ptolemy.actor.util.CausalityInterfaceForComposites.checkForCycles(CausalityInterfaceForComposites.java:96)
	at ptolemy.domains.de.kernel.DEDirector.preinitialize(DEDirector.java:1338)
	at ptolemy.actor.CompositeActor.preinitialize(CompositeActor.java:1828)
	at ptolemy.actor.Manager.preinitializeAndResolveTypes(Manager.java:1040)
	at ptolemy.actor.Manager.initialize(Manager.java:710)
	at ptolemy.actor.Manager.execute(Manager.java:356)
	at ptolemy.actor.Manager.run(Manager.java:1263)
	at ptolemy.actor.Manager$PtolemyRunThread.run(Manager.java:1915)
]]></system-err>
</testsuite>
