<?xml version="1.0" encoding="UTF-8" ?>
<testsuite errors="0" failures="0" hostname="travis-job-d7c6a23c-a6d8-4867-b75e-6a5a88ef8500" name="ptolemy.domains.de.test.junit.JUnitTclTest" skipped="0" tests="101" time="123.9" timestamp="2020-09-24T16:10:21">
  <properties>
[...]
</properties>
  <testcase classname="ptolemy.util.test.junit.TclTests" name="[0] /home/travis/build/icyphy/ptII/ptolemy/domains/de/test/DependencyLoop.tcl (RunTclFile)" time="1.0" />
  <testcase classname="ptolemy.util.test.junit.TclTests" name="[1] /home/travis/build/icyphy/ptII/ptolemy/domains/de/test/RunDETestsAsQSS.tcl (RunTclFile)" time="83.465" />
  <testcase classname="ptolemy.util.test.junit.AutoKnownFailedTests" name="[0] /home/travis/build/icyphy/ptII/ptolemy/domains/de/test/auto/knownFailedTests/DESDFClockTest.xml (RunModel)" time="2.032" />
  <testcase classname="ptolemy.util.test.junit.AutoKnownFailedTests" name="[1] /home/travis/build/icyphy/ptII/ptolemy/domains/de/test/auto/knownFailedTests/DirectFeedback.xml (RunModel)" time="0.018" />
  <testcase classname="ptolemy.util.test.junit.AutoKnownFailedTests" name="[2] /home/travis/build/icyphy/ptII/ptolemy/domains/de/test/auto/knownFailedTests/FSMSource.xml (RunModel)" time="0.036" />
  <testcase classname="ptolemy.util.test.junit.AutoKnownFailedTests" name="[3] /home/travis/build/icyphy/ptII/ptolemy/domains/de/test/auto/knownFailedTests/HierarchicalModel.xml (RunModel)" time="0.038" />
  <testcase classname="ptolemy.util.test.junit.AutoKnownFailedTests" name="[4] /home/travis/build/icyphy/ptII/ptolemy/domains/de/test/auto/knownFailedTests/dependencyLoop.xml (RunModel)" time="0.04" />
  <testcase classname="ptolemy.util.test.junit.AutoKnownFailedTests" name="[5] /home/travis/build/icyphy/ptII/ptolemy/domains/de/test/auto/knownFailedTests/dependencyLoop2.xml (RunModel)" time="0.048" />
  <testcase classname="ptolemy.util.test.junit.AutoNameArchTests" name="[0] ThereAreNoAutoArchTests (RunModel)" time="0.001" />
  <testcase classname="ptolemy.util.test.junit.AutoTests" name="[0] /home/travis/build/icyphy/ptII/ptolemy/domains/de/test/auto/ActorDepthCalculation_actorWithoutPorts.xml (RunModel)" time="0.02" />
  <testcase classname="ptolemy.util.test.junit.AutoTests" name="[1] /home/travis/build/icyphy/ptII/ptolemy/domains/de/test/auto/AssemblyLine.xml (RunModel)" time="0.022" />
  <testcase classname="ptolemy.util.test.junit.AutoTests" name="[2] /home/travis/build/icyphy/ptII/ptolemy/domains/de/test/auto/CQBug1.xml (RunModel)" time="0.007" />
  <testcase classname="ptolemy.util.test.junit.AutoTests" name="[3] /home/travis/build/icyphy/ptII/ptolemy/domains/de/test/auto/CancelFireAt.xml (RunModel)" time="0.025" />
  <testcase classname="ptolemy.util.test.junit.AutoTests" name="[4] /home/travis/build/icyphy/ptII/ptolemy/domains/de/test/auto/CausalityAndComposabilityAnalysis.xml (RunModel)" time="0.018" />
  <testcase classname="ptolemy.util.test.junit.AutoTests" name="[5] /home/travis/build/icyphy/ptII/ptolemy/domains/de/test/auto/CausalityInterface1.xml (RunModel)" time="0.017" />
  <testcase classname="ptolemy.util.test.junit.AutoTests" name="[6] /home/travis/build/icyphy/ptII/ptolemy/domains/de/test/auto/CausalityInterface15.xml (RunModel)" time="0.016" />
  <testcase classname="ptolemy.util.test.junit.AutoTests" name="[7] /home/travis/build/icyphy/ptII/ptolemy/domains/de/test/auto/CausalityInterface2.xml (RunModel)" time="0.016" />
  <testcase classname="ptolemy.util.test.junit.AutoTests" name="[8] /home/travis/build/icyphy/ptII/ptolemy/domains/de/test/auto/CausalityInterface3.xml (RunModel)" time="0.013" />
  <testcase classname="ptolemy.util.test.junit.AutoTests" name="[9] /home/travis/build/icyphy/ptII/ptolemy/domains/de/test/auto/ClockDrift.xml (RunModel)" time="0.038" />
  <testcase classname="ptolemy.util.test.junit.AutoTests" name="[10] /home/travis/build/icyphy/ptII/ptolemy/domains/de/test/auto/ClockDriftAndValueChange.xml (RunModel)" time="0.033" />
  <testcase classname="ptolemy.util.test.junit.AutoTests" name="[11] /home/travis/build/icyphy/ptII/ptolemy/domains/de/test/auto/ClockDriftChange.xml (RunModel)" time="0.031" />
  <testcase classname="ptolemy.util.test.junit.AutoTests" name="[12] /home/travis/build/icyphy/ptII/ptolemy/domains/de/test/auto/ComposableCausalityAnalysis.xml (RunModel)" time="0.015" />
  <testcase classname="ptolemy.util.test.junit.AutoTests" name="[13] /home/travis/build/icyphy/ptII/ptolemy/domains/de/test/auto/DEFixedPointLimitation.xml (RunModel)" time="0.013" />
  <testcase classname="ptolemy.util.test.junit.AutoTests" name="[14] /home/travis/build/icyphy/ptII/ptolemy/domains/de/test/auto/DEScheduleTest.xml (RunModel)" time="0.014" />
  <testcase classname="ptolemy.util.test.junit.AutoTests" name="[15] /home/travis/build/icyphy/ptII/ptolemy/domains/de/test/auto/DEinDEwithStartTimes.xml (RunModel)" time="0.015" />
  <testcase classname="ptolemy.util.test.junit.AutoTests" name="[16] /home/travis/build/icyphy/ptII/ptolemy/domains/de/test/auto/DEinDEwithStartTimes2.xml (RunModel)" time="0.018" />
  <testcase classname="ptolemy.util.test.junit.AutoTests" name="[17] /home/travis/build/icyphy/ptII/ptolemy/domains/de/test/auto/DateDemo.xml (RunModel)" time="0.037" />
  <testcase classname="ptolemy.util.test.junit.AutoTests" name="[18] /home/travis/build/icyphy/ptII/ptolemy/domains/de/test/auto/DateToEvent.xml (RunModel)" time="2.045" />
  <testcase classname="ptolemy.util.test.junit.AutoTests" name="[19] /home/travis/build/icyphy/ptII/ptolemy/domains/de/test/auto/DepthTest1.xml (RunModel)" time="0.01" />
  <testcase classname="ptolemy.util.test.junit.AutoTests" name="[20] /home/travis/build/icyphy/ptII/ptolemy/domains/de/test/auto/DepthTest2.xml (RunModel)" time="0.019" />
  <testcase classname="ptolemy.util.test.junit.AutoTests" name="[21] /home/travis/build/icyphy/ptII/ptolemy/domains/de/test/auto/DepthTest3.xml (RunModel)" time="0.009" />
  <testcase classname="ptolemy.util.test.junit.AutoTests" name="[22] /home/travis/build/icyphy/ptII/ptolemy/domains/de/test/auto/DepthTest4.xml (RunModel)" time="0.013" />
  <testcase classname="ptolemy.util.test.junit.AutoTests" name="[23] /home/travis/build/icyphy/ptII/ptolemy/domains/de/test/auto/DepthTest5.xml (RunModel)" time="0.013" />
  <testcase classname="ptolemy.util.test.junit.AutoTests" name="[24] /home/travis/build/icyphy/ptII/ptolemy/domains/de/test/auto/DepthTest6.xml (RunModel)" time="0.012" />
  <testcase classname="ptolemy.util.test.junit.AutoTests" name="[25] /home/travis/build/icyphy/ptII/ptolemy/domains/de/test/auto/DepthTest7.xml (RunModel)" time="0.014" />
  <testcase classname="ptolemy.util.test.junit.AutoTests" name="[26] /home/travis/build/icyphy/ptII/ptolemy/domains/de/test/auto/EventToDate.xml (RunModel)" time="3.053" />
  <testcase classname="ptolemy.util.test.junit.AutoTests" name="[27] /home/travis/build/icyphy/ptII/ptolemy/domains/de/test/auto/FSM1.xml (RunModel)" time="0.051" />
  <testcase classname="ptolemy.util.test.junit.AutoTests" name="[28] /home/travis/build/icyphy/ptII/ptolemy/domains/de/test/auto/FSM7.xml (RunModel)" time="0.04" />
  <testcase classname="ptolemy.util.test.junit.AutoTests" name="[29] /home/travis/build/icyphy/ptII/ptolemy/domains/de/test/auto/Inspection.xml (RunModel)" time="0.042" />
  <testcase classname="ptolemy.util.test.junit.AutoTests" name="[30] /home/travis/build/icyphy/ptII/ptolemy/domains/de/test/auto/Iteration.xml (RunModel)" time="0.025" />
  <testcase classname="ptolemy.util.test.junit.AutoTests" name="[31] /home/travis/build/icyphy/ptII/ptolemy/domains/de/test/auto/LineFault.xml (RunModel)" time="0.55" />
  <testcase classname="ptolemy.util.test.junit.AutoTests" name="[32] /home/travis/build/icyphy/ptII/ptolemy/domains/de/test/auto/MergeModel1Add.xml (RunModel)" time="0.038" />
  <testcase classname="ptolemy.util.test.junit.AutoTests" name="[33] /home/travis/build/icyphy/ptII/ptolemy/domains/de/test/auto/MergeModel2Add.xml (RunModel)" time="0.032" />
  <testcase classname="ptolemy.util.test.junit.AutoTests" name="[34] /home/travis/build/icyphy/ptII/ptolemy/domains/de/test/auto/MergeModel3Add.xml (RunModel)" time="0.045" />
  <testcase classname="ptolemy.util.test.junit.AutoTests" name="[35] /home/travis/build/icyphy/ptII/ptolemy/domains/de/test/auto/MergeWithoutDiscard.xml (RunModel)" time="0.011" />
  <testcase classname="ptolemy.util.test.junit.AutoTests" name="[36] /home/travis/build/icyphy/ptII/ptolemy/domains/de/test/auto/Modal1.xml (RunModel)" time="0.031" />
  <testcase classname="ptolemy.util.test.junit.AutoTests" name="[37] /home/travis/build/icyphy/ptII/ptolemy/domains/de/test/auto/Modal2.xml (RunModel)" time="0.029" />
  <testcase classname="ptolemy.util.test.junit.AutoTests" name="[38] /home/travis/build/icyphy/ptII/ptolemy/domains/de/test/auto/Modal3.xml (RunModel)" time="0.035" />
  <testcase classname="ptolemy.util.test.junit.AutoTests" name="[39] /home/travis/build/icyphy/ptII/ptolemy/domains/de/test/auto/Modal4.xml (RunModel)" time="0.034" />
  <testcase classname="ptolemy.util.test.junit.AutoTests" name="[40] /home/travis/build/icyphy/ptII/ptolemy/domains/de/test/auto/Modal5.xml (RunModel)" time="0.028" />
  <testcase classname="ptolemy.util.test.junit.AutoTests" name="[41] /home/travis/build/icyphy/ptII/ptolemy/domains/de/test/auto/Modal6.xml (RunModel)" time="0.029" />
  <testcase classname="ptolemy.util.test.junit.AutoTests" name="[42] /home/travis/build/icyphy/ptII/ptolemy/domains/de/test/auto/Modal7.xml (RunModel)" time="0.03" />
  <testcase classname="ptolemy.util.test.junit.AutoTests" name="[43] /home/travis/build/icyphy/ptII/ptolemy/domains/de/test/auto/ModalModel.xml (RunModel)" time="0.16" />
  <testcase classname="ptolemy.util.test.junit.AutoTests" name="[44] /home/travis/build/icyphy/ptII/ptolemy/domains/de/test/auto/ModalSource.xml (RunModel)" time="0.022" />
  <testcase classname="ptolemy.util.test.junit.AutoTests" name="[45] /home/travis/build/icyphy/ptII/ptolemy/domains/de/test/auto/NonInterruptibleTimerZeroDelay.xml (RunModel)" time="0.009" />
  <testcase classname="ptolemy.util.test.junit.AutoTests" name="[46] /home/travis/build/icyphy/ptII/ptolemy/domains/de/test/auto/OpenQueueingNetwork.xml (RunModel)" time="2.425" />
  <testcase classname="ptolemy.util.test.junit.AutoTests" name="[47] /home/travis/build/icyphy/ptII/ptolemy/domains/de/test/auto/OpenQueuingNetwork.xml (RunModel)" time="0.303" />
  <testcase classname="ptolemy.util.test.junit.AutoTests" name="[48] /home/travis/build/icyphy/ptII/ptolemy/domains/de/test/auto/PeriodicSampler.xml (RunModel)" time="0.01" />
  <testcase classname="ptolemy.util.test.junit.AutoTests" name="[49] /home/travis/build/icyphy/ptII/ptolemy/domains/de/test/auto/PersistentIO.xml (RunModel)" time="0.024" />
  <testcase classname="ptolemy.util.test.junit.AutoTests" name="[50] /home/travis/build/icyphy/ptII/ptolemy/domains/de/test/auto/PortParameterResetOnInitialize.xml (RunModel)" time="0.01" />
  <testcase classname="ptolemy.util.test.junit.AutoTests" name="[51] /home/travis/build/icyphy/ptII/ptolemy/domains/de/test/auto/PortParameterUpdates.xml (RunModel)" time="0.016" />
  <testcase classname="ptolemy.util.test.junit.AutoTests" name="[52] /home/travis/build/icyphy/ptII/ptolemy/domains/de/test/auto/QueueAndServer.xml (RunModel)" time="0.031" />
  <testcase classname="ptolemy.util.test.junit.AutoTests" name="[53] /home/travis/build/icyphy/ptII/ptolemy/domains/de/test/auto/Records.xml (RunModel)" time="0.034" />
  <testcase classname="ptolemy.util.test.junit.AutoTests" name="[54] /home/travis/build/icyphy/ptII/ptolemy/domains/de/test/auto/ResetTransitionWithStartTime1.xml (RunModel)" time="0.028" />
  <testcase classname="ptolemy.util.test.junit.AutoTests" name="[55] /home/travis/build/icyphy/ptII/ptolemy/domains/de/test/auto/ResetTransitionWithStartTime2.xml (RunModel)" time="0.051" />
  <testcase classname="ptolemy.util.test.junit.AutoTests" name="[56] /home/travis/build/icyphy/ptII/ptolemy/domains/de/test/auto/ResetTransitionWithStartTime3.xml (RunModel)" time="0.05" />
  <testcase classname="ptolemy.util.test.junit.AutoTests" name="[57] /home/travis/build/icyphy/ptII/ptolemy/domains/de/test/auto/ResetTransitionWithStartTime4.xml (RunModel)" time="0.051" />
  <testcase classname="ptolemy.util.test.junit.AutoTests" name="[58] /home/travis/build/icyphy/ptII/ptolemy/domains/de/test/auto/ResettableTimer1.xml (RunModel)" time="0.03" />
  <testcase classname="ptolemy.util.test.junit.AutoTests" name="[59] /home/travis/build/icyphy/ptII/ptolemy/domains/de/test/auto/ResettableTimer2.xml (RunModel)" time="0.033" />
  <testcase classname="ptolemy.util.test.junit.AutoTests" name="[60] /home/travis/build/icyphy/ptII/ptolemy/domains/de/test/auto/ResettableTimer3.xml (RunModel)" time="0.028" />
  <testcase classname="ptolemy.util.test.junit.AutoTests" name="[61] /home/travis/build/icyphy/ptII/ptolemy/domains/de/test/auto/ResettableTimer4.xml (RunModel)" time="0.031" />
  <testcase classname="ptolemy.util.test.junit.AutoTests" name="[62] /home/travis/build/icyphy/ptII/ptolemy/domains/de/test/auto/ResettableTimer5.xml (RunModel)" time="0.019" />
  <testcase classname="ptolemy.util.test.junit.AutoTests" name="[63] /home/travis/build/icyphy/ptII/ptolemy/domains/de/test/auto/ResettableTimer6.xml (RunModel)" time="0.014" />
  <testcase classname="ptolemy.util.test.junit.AutoTests" name="[64] /home/travis/build/icyphy/ptII/ptolemy/domains/de/test/auto/ServerZeroDelay.xml (RunModel)" time="0.013" />
  <testcase classname="ptolemy.util.test.junit.AutoTests" name="[65] /home/travis/build/icyphy/ptII/ptolemy/domains/de/test/auto/SmartSender.xml (RunModel)" time="3.008" />
  <testcase classname="ptolemy.util.test.junit.AutoTests" name="[66] /home/travis/build/icyphy/ptII/ptolemy/domains/de/test/auto/ThreadedComposite.xml (RunModel)" time="0.226" />
  <testcase classname="ptolemy.util.test.junit.AutoTests" name="[67] /home/travis/build/icyphy/ptII/ptolemy/domains/de/test/auto/Time.xml (RunModel)" time="0.349" />
  <testcase classname="ptolemy.util.test.junit.AutoTests" name="[68] /home/travis/build/icyphy/ptII/ptolemy/domains/de/test/auto/TimeDelayZeroDelay.xml (RunModel)" time="0.011" />
  <testcase classname="ptolemy.util.test.junit.AutoTests" name="[69] /home/travis/build/icyphy/ptII/ptolemy/domains/de/test/auto/TimerZeroDelay.xml (RunModel)" time="0.008" />
  <testcase classname="ptolemy.util.test.junit.AutoTests" name="[70] /home/travis/build/icyphy/ptII/ptolemy/domains/de/test/auto/TimingParadox.xml (RunModel)" time="0.299" />
  <testcase classname="ptolemy.util.test.junit.AutoTests" name="[71] /home/travis/build/icyphy/ptII/ptolemy/domains/de/test/auto/TransferInputs.xml (RunModel)" time="0.032" />
  <testcase classname="ptolemy.util.test.junit.AutoTests" name="[72] /home/travis/build/icyphy/ptII/ptolemy/domains/de/test/auto/TransferOutputs2.xml (RunModel)" time="0.018" />
  <testcase classname="ptolemy.util.test.junit.AutoTests" name="[73] /home/travis/build/icyphy/ptII/ptolemy/domains/de/test/auto/Trilateration.xml (RunModel)" time="10.937" />
  <testcase classname="ptolemy.util.test.junit.AutoTests" name="[74] /home/travis/build/icyphy/ptII/ptolemy/domains/de/test/auto/TwoSigmaDelta.xml (RunModel)" time="1.714" />
  <testcase classname="ptolemy.util.test.junit.AutoTests" name="[75] /home/travis/build/icyphy/ptII/ptolemy/domains/de/test/auto/VariableDelay.xml (RunModel)" time="0.016" />
  <testcase classname="ptolemy.util.test.junit.AutoTests" name="[76] /home/travis/build/icyphy/ptII/ptolemy/domains/de/test/auto/VariableDelay2.xml (RunModel)" time="0.014" />
  <testcase classname="ptolemy.util.test.junit.AutoTests" name="[77] /home/travis/build/icyphy/ptII/ptolemy/domains/de/test/auto/VariableDelayZeroDelay.xml (RunModel)" time="0.011" />
  <testcase classname="ptolemy.util.test.junit.AutoTests" name="[78] /home/travis/build/icyphy/ptII/ptolemy/domains/de/test/auto/VariableDelayZeroDelay2.xml (RunModel)" time="0.015" />
  <testcase classname="ptolemy.util.test.junit.AutoTests" name="[79] /home/travis/build/icyphy/ptII/ptolemy/domains/de/test/auto/deInCt.xml (RunModel)" time="0.014" />
  <testcase classname="ptolemy.util.test.junit.AutoTests" name="[80] /home/travis/build/icyphy/ptII/ptolemy/domains/de/test/auto/deInCt2.xml (RunModel)" time="0.012" />
  <testcase classname="ptolemy.util.test.junit.AutoTests" name="[81] /home/travis/build/icyphy/ptII/ptolemy/domains/de/test/auto/dynamicCausalityInterface1.xml (RunModel)" time="0.021" />
  <testcase classname="ptolemy.util.test.junit.AutoTests" name="[82] /home/travis/build/icyphy/ptII/ptolemy/domains/de/test/auto/fsm_de_test.xml (RunModel)" time="0.025" />
  <testcase classname="ptolemy.util.test.junit.AutoTests" name="[83] /home/travis/build/icyphy/ptII/ptolemy/domains/de/test/auto/functionDependencyReconstruction.xml (RunModel)" time="0.024" />
  <testcase classname="ptolemy.util.test.junit.AutoTests" name="[84] /home/travis/build/icyphy/ptII/ptolemy/domains/de/test/auto/multirate.xml (RunModel)" time="0.016" />
  <testcase classname="ptolemy.util.test.junit.AutoTests" name="[85] /home/travis/build/icyphy/ptII/ptolemy/domains/de/test/auto/multirate2.xml (RunModel)" time="0.022" />
  <testcase classname="ptolemy.util.test.junit.AutoTests" name="[86] /home/travis/build/icyphy/ptII/ptolemy/domains/de/test/auto/realtime.xml (RunModel)" time="10.009" />
  <testcase classname="ptolemy.util.test.junit.AutoTests" name="[87] /home/travis/build/icyphy/ptII/ptolemy/domains/de/test/auto/relationGroup.xml (RunModel)" time="0.014" />
  <testcase classname="ptolemy.util.test.junit.AutoTests" name="[88] /home/travis/build/icyphy/ptII/ptolemy/domains/de/test/auto/relationGroup2.xml (RunModel)" time="0.01" />
  <testcase classname="ptolemy.util.test.junit.AutoTests" name="[89] /home/travis/build/icyphy/ptII/ptolemy/domains/de/test/auto/sortWithOpaquePorts.xml (RunModel)" time="0.013" />
  <testcase classname="ptolemy.util.test.junit.AutoTests" name="[90] /home/travis/build/icyphy/ptII/ptolemy/domains/de/test/auto/transferInputsandOutputs.xml (RunModel)" time="0.018" />
  <testcase classname="ptolemy.util.test.junit.AutoTests" name="[91] /home/travis/build/icyphy/ptII/ptolemy/domains/de/test/auto/triggerType.xml (RunModel)" time="0.008" />
  <system-out><![CDATA[/home/travis/build/icyphy/ptII/ptolemy/domains/de/test/DependencyLoop.tcl
testDefs.tcl: setting time out to 9000 seconds at Thu Sep 24 16:10:21 UTC 2020
68 ms. Memory: 129024K Free: 78281K (61%)
30 ms. Memory: 129024K Free: 60867K (47%)
/home/travis/build/icyphy/ptII/ptolemy/domains/de/test/RunDETestsAsQSS.tcl
Run the DE tests using ptolemy.domains.qss.test.QSSDirectorTest, which extends QSSDirector and prints a message in the constructors.
------------------ testing $PTII/ptolemy/domains/de/test/auto/knownFailedTests/DirectFeedback.xml (Known Failure) 
50 ms. Memory: 129024K Free: 55243K (43%)


==== $PTIIhome/travis/build/icyphy/ptII/ptolemy/domains/de/test/../../../../: Auto Automatic test in file $PTII/ptolemy/domains/de/test/auto/knownFailedTests/DirectFeedback.xml
==== Contents of test case:

	    # FIXME: we should use $relativeFilename here, but it
	    # might have backslashes under Windows, which causes no end
	    # of trouble.
	    createAndExecute $file
	    list {}
	
.... Test generated KNOWN error:
    while executing
ptolemy.kernel.util.IllegalActionException: Test fails in iteration 1.
Value was: 1.0. Should have been: 2.0
  in .DirectFeedback.Test
	at ptolemy.actor.lib.Test.fire(Test.java:268)
	at ptolemy.domains.de.kernel.DEDirector._fire(DEDirector.java:1949)
	at ptolemy.domains.de.kernel.DEDirector.fire(DEDirector.java:502)
	at ptolemy.actor.CompositeActor.fire(CompositeActor.java:455)
	at ptolemy.actor.Manager.iterate(Manager.java:851)
	at ptolemy.actor.Manager.execute(Manager.java:369)
	at ptolemy.actor.Manager.run(Manager.java:1263)
	at ptolemy.actor.Manager$PtolemyRunThread.run(Manager.java:1933)

    while executing
ptolemy.kernel.util.IllegalActionException: Test fails in iteration 1.
Value was: 1.0. Should have been: 2.0
  in .DirectFeedback.Test
    while executing
"java::new ptolemy.moml.MoMLSimpleApplication $file
"
    (procedure "createAndExecute" line 2)
    invoked from within
"createAndExecute $file"
    ("uplevel" body line 5)
    invoked from within
"uplevel $contents_of_test"
------------------ testing $PTII/ptolemy/domains/de/test/auto/knownFailedTests/dependencyLoop.xml (Known Failure) 
17 ms. Memory: 129024K Free: 52171K (40%)


==== $PTIIhome/travis/build/icyphy/ptII/ptolemy/domains/de/test/../../../../: Auto Automatic test in file $PTII/ptolemy/domains/de/test/auto/knownFailedTests/dependencyLoop.xml
==== Contents of test case:

	    # FIXME: we should use $relativeFilename here, but it
	    # might have backslashes under Windows, which causes no end
	    # of trouble.
	    createAndExecute $file
	    list {}
	
.... Test generated KNOWN error:
    while executing
ptolemy.kernel.util.IllegalActionException: Found a zero delay loop containing .dependencyLoop.original
  in .dependencyLoop and .dependencyLoop.original
	at ptolemy.actor.util.CausalityInterfaceForComposites._computeOutputPortDepth(CausalityInterfaceForComposites.java:759)
	at ptolemy.actor.util.CausalityInterfaceForComposites._computeInputDepth(CausalityInterfaceForComposites.java:696)
	at ptolemy.actor.util.CausalityInterfaceForComposites._computeOutputPortDepth(CausalityInterfaceForComposites.java:765)
	at ptolemy.actor.util.CausalityInterfaceForComposites._computeInputDepth(CausalityInterfaceForComposites.java:696)
	at ptolemy.actor.util.CausalityInterfaceForComposites._computeOutputPortDepth(CausalityInterfaceForComposites.java:765)
	at ptolemy.actor.util.CausalityInterfaceForComposites._computeInputDepth(CausalityInterfaceForComposites.java:696)
	at ptolemy.actor.util.CausalityInterfaceForComposites._computeActorDepth(CausalityInterfaceForComposites.java:532)
	at ptolemy.actor.util.CausalityInterfaceForComposites.checkForCycles(CausalityInterfaceForComposites.java:96)
	at ptolemy.domains.de.kernel.DEDirector.preinitialize(DEDirector.java:1338)
	at ptolemy.actor.CompositeActor.preinitialize(CompositeActor.java:1828)
	at ptolemy.actor.Manager.preinitializeAndResolveTypes(Manager.java:1040)
	at ptolemy.actor.Manager.initialize(Manager.java:710)
	at ptolemy.actor.Manager.execute(Manager.java:356)
	at ptolemy.actor.Manager.run(Manager.java:1263)
	at ptolemy.actor.Manager$PtolemyRunThread.run(Manager.java:1933)

    while executing
ptolemy.kernel.util.IllegalActionException: Found a zero delay loop containing .dependencyLoop.original
  in .dependencyLoop and .dependencyLoop.original
    while executing
"java::new ptolemy.moml.MoMLSimpleApplication $file
"
    (procedure "createAndExecute" line 2)
    invoked from within
"createAndExecute $file"
    ("uplevel" body line 5)
    invoked from within
"uplevel $contents_of_test"
------------------ testing $PTII/ptolemy/domains/de/test/auto/knownFailedTests/FSMSource.xml (Known Failure) 
63 ms. Memory: 129024K Free: 110775K (86%)
!!!! Auto was marked as failing, but now passes
------------------ testing $PTII/ptolemy/domains/de/test/auto/knownFailedTests/HierarchicalModel.xml (Known Failure) 
9 ms. Memory: 129024K Free: 93304K (72%)


==== $PTIIhome/travis/build/icyphy/ptII/ptolemy/domains/de/test/../../../../: Auto Automatic test in file $PTII/ptolemy/domains/de/test/auto/knownFailedTests/HierarchicalModel.xml
==== Contents of test case:

	    # FIXME: we should use $relativeFilename here, but it
	    # might have backslashes under Windows, which causes no end
	    # of trouble.
	    createAndExecute $file
	    list {}
	
.... Test generated KNOWN error:
    while executing
ptolemy.kernel.util.IllegalActionException: Found a zero delay loop containing .HierarchicalModel.A
  in .HierarchicalModel and .HierarchicalModel.A
	at ptolemy.actor.util.CausalityInterfaceForComposites._computeOutputPortDepth(CausalityInterfaceForComposites.java:759)
	at ptolemy.actor.util.CausalityInterfaceForComposites._computeInputDepth(CausalityInterfaceForComposites.java:696)
	at ptolemy.actor.util.CausalityInterfaceForComposites._computeOutputPortDepth(CausalityInterfaceForComposites.java:765)
	at ptolemy.actor.util.CausalityInterfaceForComposites._computeInputDepth(CausalityInterfaceForComposites.java:696)
	at ptolemy.actor.util.CausalityInterfaceForComposites._computeOutputPortDepth(CausalityInterfaceForComposites.java:765)
	at ptolemy.actor.util.CausalityInterfaceForComposites._computeInputDepth(CausalityInterfaceForComposites.java:696)
	at ptolemy.actor.util.CausalityInterfaceForComposites._computeActorDepth(CausalityInterfaceForComposites.java:532)
	at ptolemy.actor.util.CausalityInterfaceForComposites.checkForCycles(CausalityInterfaceForComposites.java:96)
	at ptolemy.domains.de.kernel.DEDirector.preinitialize(DEDirector.java:1338)
	at ptolemy.actor.CompositeActor.preinitialize(CompositeActor.java:1828)
	at ptolemy.actor.Manager.preinitializeAndResolveTypes(Manager.java:1040)
	at ptolemy.actor.Manager.initialize(Manager.java:710)
	at ptolemy.actor.Manager.execute(Manager.java:356)
	at ptolemy.actor.Manager.run(Manager.java:1263)
	at ptolemy.actor.Manager$PtolemyRunThread.run(Manager.java:1933)

    while executing
ptolemy.kernel.util.IllegalActionException: Found a zero delay loop containing .HierarchicalModel.A
  in .HierarchicalModel and .HierarchicalModel.A
    while executing
"java::new ptolemy.moml.MoMLSimpleApplication $file
"
    (procedure "createAndExecute" line 2)
    invoked from within
"createAndExecute $file"
    ("uplevel" body line 5)
    invoked from within
"uplevel $contents_of_test"
------------------ testing $PTII/ptolemy/domains/de/test/auto/knownFailedTests/dependencyLoop2.xml (Known Failure) 
6 ms. Memory: 129024K Free: 77252K (60%)


==== $PTIIhome/travis/build/icyphy/ptII/ptolemy/domains/de/test/../../../../: Auto Automatic test in file $PTII/ptolemy/domains/de/test/auto/knownFailedTests/dependencyLoop2.xml
==== Contents of test case:

	    # FIXME: we should use $relativeFilename here, but it
	    # might have backslashes under Windows, which causes no end
	    # of trouble.
	    createAndExecute $file
	    list {}
	
.... Test generated KNOWN error:
    while executing
ptolemy.kernel.util.IllegalActionException: Found a zero delay loop containing .dependencyLoop2.original
  in .dependencyLoop2 and .dependencyLoop2.original
	at ptolemy.actor.util.CausalityInterfaceForComposites._computeOutputPortDepth(CausalityInterfaceForComposites.java:759)
	at ptolemy.actor.util.CausalityInterfaceForComposites._computeInputDepth(CausalityInterfaceForComposites.java:696)
	at ptolemy.actor.util.CausalityInterfaceForComposites._computeOutputPortDepth(CausalityInterfaceForComposites.java:765)
	at ptolemy.actor.util.CausalityInterfaceForComposites._computeInputDepth(CausalityInterfaceForComposites.java:696)
	at ptolemy.actor.util.CausalityInterfaceForComposites._computeOutputPortDepth(CausalityInterfaceForComposites.java:765)
	at ptolemy.actor.util.CausalityInterfaceForComposites._computeInputDepth(CausalityInterfaceForComposites.java:696)
	at ptolemy.actor.util.CausalityInterfaceForComposites._computeActorDepth(CausalityInterfaceForComposites.java:532)
	at ptolemy.actor.util.CausalityInterfaceForComposites.checkForCycles(CausalityInterfaceForComposites.java:96)
	at ptolemy.domains.de.kernel.DEDirector.preinitialize(DEDirector.java:1338)
	at ptolemy.actor.CompositeActor.preinitialize(CompositeActor.java:1828)
	at ptolemy.actor.Manager.preinitializeAndResolveTypes(Manager.java:1040)
	at ptolemy.actor.Manager.initialize(Manager.java:710)
	at ptolemy.actor.Manager.execute(Manager.java:356)
	at ptolemy.actor.Manager.run(Manager.java:1263)
	at ptolemy.actor.Manager$PtolemyRunThread.run(Manager.java:1933)

    while executing
ptolemy.kernel.util.IllegalActionException: Found a zero delay loop containing .dependencyLoop2.original
  in .dependencyLoop2 and .dependencyLoop2.original
    while executing
"java::new ptolemy.moml.MoMLSimpleApplication $file
"
    (procedure "createAndExecute" line 2)
    invoked from within
"createAndExecute $file"
    ("uplevel" body line 5)
    invoked from within
"uplevel $contents_of_test"
------------------ testing $PTII/ptolemy/domains/de/test/auto/knownFailedTests/DESDFClockTest.xml (Known Failure) 
2049 ms. Memory: 129024K Free: 107044K (83%)


==== $PTIIhome/travis/build/icyphy/ptII/ptolemy/domains/de/test/../../../../: Auto Automatic test in file $PTII/ptolemy/domains/de/test/auto/knownFailedTests/DESDFClockTest.xml
==== Contents of test case:

	    # FIXME: we should use $relativeFilename here, but it
	    # might have backslashes under Windows, which causes no end
	    # of trouble.
	    createAndExecute $file
	    list {}
	
.... Test generated KNOWN error:
    while executing
ptolemy.kernel.util.IllegalActionException: Actor is not ready to fire.  Perhaps UpSample.prefire() returned false? Try debugging the actor by selecting "Listen to Actor".  Also, for SDF check moml for tokenConsumptionRate on input.
  in .DESDFClockTest.Play Bell.Copy1:SDF Director and .DESDFClockTest.Play Bell.UpSample
	at ptolemy.actor.sched.StaticSchedulingDirector.fire(StaticSchedulingDirector.java:227)
	at ptolemy.domains.sdf.kernel.SDFDirector.fire(SDFDirector.java:500)
	at ptolemy.actor.CompositeActor.fire(CompositeActor.java:455)
	at ptolemy.domains.de.kernel.DEDirector._fire(DEDirector.java:1949)
	at ptolemy.domains.de.kernel.DEDirector.fire(DEDirector.java:502)
	at ptolemy.actor.CompositeActor.fire(CompositeActor.java:455)
	at ptolemy.actor.Manager.iterate(Manager.java:851)
	at ptolemy.actor.Manager.execute(Manager.java:369)
	at ptolemy.actor.Manager.run(Manager.java:1263)
	at ptolemy.actor.Manager$PtolemyRunThread.run(Manager.java:1933)

    while executing
ptolemy.kernel.util.IllegalActionException: Actor is not ready to fire.  Perhaps UpSample.prefire() returned false? Try debugging the actor by selecting "Listen to Actor".  Also, for SDF check moml for tokenConsumptionRate on input.
  in .DESDFClockTest.Play Bell.Copy1:SDF Director and .DESDFClockTest.Play Bell.UpSample
    while executing
"java::new ptolemy.moml.MoMLSimpleApplication $file
"
    (procedure "createAndExecute" line 2)
    invoked from within
"createAndExecute $file"
    ("uplevel" body line 5)
    invoked from within
"uplevel $contents_of_test"
------------------ testing $PTII/ptolemy/domains/de/test/auto/ActorDepthCalculation_actorWithoutPorts.xml
auto.tcl: Setting watchdog for 200 seconds at Thu Sep 24 16:10:25 UTC 2020
8 ms. Memory: 129024K Free: 99348K (77%)
ptolemy.util.test.WatchDog.cancel(): canceling Thu Sep 24 16:10:25 UTC 2020
auto.tcl: Setting watchdog for 200 seconds at Thu Sep 24 16:10:25 UTC 2020
10 ms. Memory: 129024K Free: 97828K (76%)
ptolemy.util.test.WatchDog.cancel(): canceling Thu Sep 24 16:10:25 UTC 2020
------------------ testing $PTII/ptolemy/domains/de/test/auto/AssemblyLine.xml
auto.tcl: Setting watchdog for 200 seconds at Thu Sep 24 16:10:26 UTC 2020
16 ms. Memory: 51200K Free: 27485K (54%)
ptolemy.util.test.WatchDog.cancel(): canceling Thu Sep 24 16:10:26 UTC 2020
auto.tcl: Setting watchdog for 200 seconds at Thu Sep 24 16:10:26 UTC 2020
6 ms. Memory: 51200K Free: 26975K (53%)
ptolemy.util.test.WatchDog.cancel(): canceling Thu Sep 24 16:10:26 UTC 2020
------------------ testing $PTII/ptolemy/domains/de/test/auto/CQBug1.xml
auto.tcl: Setting watchdog for 200 seconds at Thu Sep 24 16:10:26 UTC 2020
4 ms. Memory: 51200K Free: 33226K (65%)
ptolemy.util.test.WatchDog.cancel(): canceling Thu Sep 24 16:10:26 UTC 2020
auto.tcl: Setting watchdog for 200 seconds at Thu Sep 24 16:10:26 UTC 2020
2 ms. Memory: 51200K Free: 32799K (64%)
ptolemy.util.test.WatchDog.cancel(): canceling Thu Sep 24 16:10:26 UTC 2020
------------------ testing $PTII/ptolemy/domains/de/test/auto/CancelFireAt.xml
auto.tcl: Setting watchdog for 200 seconds at Thu Sep 24 16:10:26 UTC 2020
3 ms. Memory: 51200K Free: 34742K (68%)
ptolemy.util.test.WatchDog.cancel(): canceling Thu Sep 24 16:10:26 UTC 2020
auto.tcl: Setting watchdog for 200 seconds at Thu Sep 24 16:10:26 UTC 2020
2 ms. Memory: 51200K Free: 34274K (67%)
ptolemy.util.test.WatchDog.cancel(): canceling Thu Sep 24 16:10:26 UTC 2020
------------------ testing $PTII/ptolemy/domains/de/test/auto/CausalityAndComposabilityAnalysis.xml
auto.tcl: Setting watchdog for 200 seconds at Thu Sep 24 16:10:26 UTC 2020
5 ms. Memory: 51200K Free: 32445K (63%)
ptolemy.util.test.WatchDog.cancel(): canceling Thu Sep 24 16:10:26 UTC 2020
auto.tcl: Setting watchdog for 200 seconds at Thu Sep 24 16:10:26 UTC 2020
5 ms. Memory: 51200K Free: 31977K (62%)
ptolemy.util.test.WatchDog.cancel(): canceling Thu Sep 24 16:10:26 UTC 2020
------------------ testing $PTII/ptolemy/domains/de/test/auto/CausalityInterface1.xml
auto.tcl: Setting watchdog for 200 seconds at Thu Sep 24 16:10:26 UTC 2020
38 ms. Memory: 51200K Free: 31381K (61%)
ptolemy.util.test.WatchDog.cancel(): canceling Thu Sep 24 16:10:26 UTC 2020
auto.tcl: Setting watchdog for 200 seconds at Thu Sep 24 16:10:26 UTC 2020
5 ms. Memory: 51200K Free: 30417K (59%)
ptolemy.util.test.WatchDog.cancel(): canceling Thu Sep 24 16:10:26 UTC 2020
------------------ testing $PTII/ptolemy/domains/de/test/auto/CausalityInterface15.xml
auto.tcl: Setting watchdog for 200 seconds at Thu Sep 24 16:10:26 UTC 2020
4 ms. Memory: 51200K Free: 31530K (62%)
ptolemy.util.test.WatchDog.cancel(): canceling Thu Sep 24 16:10:26 UTC 2020
auto.tcl: Setting watchdog for 200 seconds at Thu Sep 24 16:10:26 UTC 2020
6 ms. Memory: 51200K Free: 30348K (59%)
ptolemy.util.test.WatchDog.cancel(): canceling Thu Sep 24 16:10:26 UTC 2020
------------------ testing $PTII/ptolemy/domains/de/test/auto/CausalityInterface2.xml
auto.tcl: Setting watchdog for 200 seconds at Thu Sep 24 16:10:26 UTC 2020
5 ms. Memory: 51200K Free: 31911K (62%)
ptolemy.util.test.WatchDog.cancel(): canceling Thu Sep 24 16:10:26 UTC 2020
auto.tcl: Setting watchdog for 200 seconds at Thu Sep 24 16:10:26 UTC 2020
7 ms. Memory: 51200K Free: 31358K (61%)
ptolemy.util.test.WatchDog.cancel(): canceling Thu Sep 24 16:10:26 UTC 2020
------------------ testing $PTII/ptolemy/domains/de/test/auto/CausalityInterface3.xml
auto.tcl: Setting watchdog for 200 seconds at Thu Sep 24 16:10:26 UTC 2020
8 ms. Memory: 51200K Free: 31569K (62%)
ptolemy.util.test.WatchDog.cancel(): canceling Thu Sep 24 16:10:26 UTC 2020
auto.tcl: Setting watchdog for 200 seconds at Thu Sep 24 16:10:26 UTC 2020
3 ms. Memory: 51200K Free: 31085K (61%)
ptolemy.util.test.WatchDog.cancel(): canceling Thu Sep 24 16:10:26 UTC 2020
------------------ testing $PTII/ptolemy/domains/de/test/auto/ClockDrift.xml
auto.tcl: Setting watchdog for 200 seconds at Thu Sep 24 16:10:26 UTC 2020
45 ms. Memory: 51200K Free: 23637K (46%)
ptolemy.util.test.WatchDog.cancel(): canceling Thu Sep 24 16:10:27 UTC 2020
auto.tcl: Setting watchdog for 200 seconds at Thu Sep 24 16:10:27 UTC 2020
58 ms. Memory: 51200K Free: 20646K (40%)
ptolemy.util.test.WatchDog.cancel(): canceling Thu Sep 24 16:10:27 UTC 2020
------------------ testing $PTII/ptolemy/domains/de/test/auto/ClockDriftAndValueChange.xml
auto.tcl: Setting watchdog for 200 seconds at Thu Sep 24 16:10:27 UTC 2020
26 ms. Memory: 51200K Free: 23970K (47%)
ptolemy.util.test.WatchDog.cancel(): canceling Thu Sep 24 16:10:27 UTC 2020
auto.tcl: Setting watchdog for 200 seconds at Thu Sep 24 16:10:27 UTC 2020
23 ms. Memory: 51200K Free: 20983K (41%)
ptolemy.util.test.WatchDog.cancel(): canceling Thu Sep 24 16:10:27 UTC 2020
------------------ testing $PTII/ptolemy/domains/de/test/auto/ClockDriftChange.xml
auto.tcl: Setting watchdog for 200 seconds at Thu Sep 24 16:10:27 UTC 2020
21 ms. Memory: 51200K Free: 26039K (51%)
ptolemy.util.test.WatchDog.cancel(): canceling Thu Sep 24 16:10:27 UTC 2020
auto.tcl: Setting watchdog for 200 seconds at Thu Sep 24 16:10:27 UTC 2020
22 ms. Memory: 51200K Free: 23481K (46%)
ptolemy.util.test.WatchDog.cancel(): canceling Thu Sep 24 16:10:27 UTC 2020
------------------ testing $PTII/ptolemy/domains/de/test/auto/ComposableCausalityAnalysis.xml
auto.tcl: Setting watchdog for 200 seconds at Thu Sep 24 16:10:27 UTC 2020
2 ms. Memory: 51200K Free: 30825K (60%)
ptolemy.util.test.WatchDog.cancel(): canceling Thu Sep 24 16:10:27 UTC 2020
auto.tcl: Setting watchdog for 200 seconds at Thu Sep 24 16:10:27 UTC 2020
5 ms. Memory: 51200K Free: 29813K (58%)
ptolemy.util.test.WatchDog.cancel(): canceling Thu Sep 24 16:10:27 UTC 2020
------------------ testing $PTII/ptolemy/domains/de/test/auto/DEFixedPointLimitation.xml
auto.tcl: Setting watchdog for 200 seconds at Thu Sep 24 16:10:27 UTC 2020
3 ms. Memory: 51200K Free: 31984K (62%)
ptolemy.util.test.WatchDog.cancel(): canceling Thu Sep 24 16:10:27 UTC 2020
auto.tcl: Setting watchdog for 200 seconds at Thu Sep 24 16:10:27 UTC 2020
2 ms. Memory: 51200K Free: 31354K (61%)
ptolemy.util.test.WatchDog.cancel(): canceling Thu Sep 24 16:10:27 UTC 2020
------------------ testing $PTII/ptolemy/domains/de/test/auto/DEScheduleTest.xml
auto.tcl: Setting watchdog for 200 seconds at Thu Sep 24 16:10:27 UTC 2020
8 ms. Memory: 51200K Free: 32592K (64%)
ptolemy.util.test.WatchDog.cancel(): canceling Thu Sep 24 16:10:27 UTC 2020
auto.tcl: Setting watchdog for 200 seconds at Thu Sep 24 16:10:27 UTC 2020
4 ms. Memory: 51200K Free: 31826K (62%)
ptolemy.util.test.WatchDog.cancel(): canceling Thu Sep 24 16:10:27 UTC 2020
------------------ testing $PTII/ptolemy/domains/de/test/auto/DEinDEwithStartTimes.xml
auto.tcl: Setting watchdog for 200 seconds at Thu Sep 24 16:10:27 UTC 2020
4 ms. Memory: 51200K Free: 30753K (60%)
ptolemy.util.test.WatchDog.cancel(): canceling Thu Sep 24 16:10:27 UTC 2020
auto.tcl: Setting watchdog for 200 seconds at Thu Sep 24 16:10:27 UTC 2020
3 ms. Memory: 51200K Free: 29729K (58%)
ptolemy.util.test.WatchDog.cancel(): canceling Thu Sep 24 16:10:27 UTC 2020
------------------ testing $PTII/ptolemy/domains/de/test/auto/DEinDEwithStartTimes2.xml
auto.tcl: Setting watchdog for 200 seconds at Thu Sep 24 16:10:27 UTC 2020
4 ms. Memory: 51200K Free: 29861K (58%)
ptolemy.util.test.WatchDog.cancel(): canceling Thu Sep 24 16:10:27 UTC 2020
auto.tcl: Setting watchdog for 200 seconds at Thu Sep 24 16:10:27 UTC 2020
3 ms. Memory: 51200K Free: 28684K (56%)
ptolemy.util.test.WatchDog.cancel(): canceling Thu Sep 24 16:10:27 UTC 2020
------------------ testing $PTII/ptolemy/domains/de/test/auto/DateDemo.xml
auto.tcl: Setting watchdog for 200 seconds at Thu Sep 24 16:10:27 UTC 2020
16 ms. Memory: 51200K Free: 24306K (47%)
ptolemy.util.test.WatchDog.cancel(): canceling Thu Sep 24 16:10:27 UTC 2020
auto.tcl: Setting watchdog for 200 seconds at Thu Sep 24 16:10:27 UTC 2020
6 ms. Memory: 51200K Free: 22681K (44%)
ptolemy.util.test.WatchDog.cancel(): canceling Thu Sep 24 16:10:27 UTC 2020
------------------ testing $PTII/ptolemy/domains/de/test/auto/DateToEvent.xml
auto.tcl: Setting watchdog for 200 seconds at Thu Sep 24 16:10:27 UTC 2020
2010 ms. Memory: 51200K Free: 20246K (40%)
ptolemy.util.test.WatchDog.cancel(): canceling Thu Sep 24 16:10:30 UTC 2020
auto.tcl: Setting watchdog for 200 seconds at Thu Sep 24 16:10:30 UTC 2020
2006 ms. Memory: 51200K Free: 19424K (38%)
ptolemy.util.test.WatchDog.cancel(): canceling Thu Sep 24 16:10:32 UTC 2020
------------------ testing $PTII/ptolemy/domains/de/test/auto/DepthTest1.xml
auto.tcl: Setting watchdog for 200 seconds at Thu Sep 24 16:10:32 UTC 2020
4 ms. Memory: 51200K Free: 33420K (65%)
ptolemy.util.test.WatchDog.cancel(): canceling Thu Sep 24 16:10:32 UTC 2020
auto.tcl: Setting watchdog for 200 seconds at Thu Sep 24 16:10:32 UTC 2020
1 ms. Memory: 51200K Free: 32948K (64%)
ptolemy.util.test.WatchDog.cancel(): canceling Thu Sep 24 16:10:32 UTC 2020
------------------ testing $PTII/ptolemy/domains/de/test/auto/DepthTest2.xml
auto.tcl: Setting watchdog for 200 seconds at Thu Sep 24 16:10:32 UTC 2020
4 ms. Memory: 51200K Free: 30230K (59%)
ptolemy.util.test.WatchDog.cancel(): canceling Thu Sep 24 16:10:32 UTC 2020
auto.tcl: Setting watchdog for 200 seconds at Thu Sep 24 16:10:32 UTC 2020
3 ms. Memory: 51200K Free: 29793K (58%)
ptolemy.util.test.WatchDog.cancel(): canceling Thu Sep 24 16:10:32 UTC 2020
------------------ testing $PTII/ptolemy/domains/de/test/auto/DepthTest3.xml
auto.tcl: Setting watchdog for 200 seconds at Thu Sep 24 16:10:32 UTC 2020
1 ms. Memory: 51200K Free: 33749K (66%)
ptolemy.util.test.WatchDog.cancel(): canceling Thu Sep 24 16:10:32 UTC 2020
auto.tcl: Setting watchdog for 200 seconds at Thu Sep 24 16:10:32 UTC 2020
2 ms. Memory: 51200K Free: 33261K (65%)
ptolemy.util.test.WatchDog.cancel(): canceling Thu Sep 24 16:10:32 UTC 2020
------------------ testing $PTII/ptolemy/domains/de/test/auto/DepthTest4.xml
auto.tcl: Setting watchdog for 200 seconds at Thu Sep 24 16:10:32 UTC 2020
7 ms. Memory: 51200K Free: 31971K (62%)
ptolemy.util.test.WatchDog.cancel(): canceling Thu Sep 24 16:10:32 UTC 2020
auto.tcl: Setting watchdog for 200 seconds at Thu Sep 24 16:10:32 UTC 2020
3 ms. Memory: 51200K Free: 30889K (60%)
ptolemy.util.test.WatchDog.cancel(): canceling Thu Sep 24 16:10:32 UTC 2020
------------------ testing $PTII/ptolemy/domains/de/test/auto/DepthTest5.xml
auto.tcl: Setting watchdog for 200 seconds at Thu Sep 24 16:10:32 UTC 2020
4 ms. Memory: 51200K Free: 31156K (61%)
ptolemy.util.test.WatchDog.cancel(): canceling Thu Sep 24 16:10:32 UTC 2020
auto.tcl: Setting watchdog for 200 seconds at Thu Sep 24 16:10:32 UTC 2020
2 ms. Memory: 51200K Free: 30726K (60%)
ptolemy.util.test.WatchDog.cancel(): canceling Thu Sep 24 16:10:32 UTC 2020
------------------ testing $PTII/ptolemy/domains/de/test/auto/DepthTest6.xml
auto.tcl: Setting watchdog for 200 seconds at Thu Sep 24 16:10:32 UTC 2020
5 ms. Memory: 51200K Free: 30863K (60%)
ptolemy.util.test.WatchDog.cancel(): canceling Thu Sep 24 16:10:32 UTC 2020
auto.tcl: Setting watchdog for 200 seconds at Thu Sep 24 16:10:32 UTC 2020
2 ms. Memory: 51200K Free: 30213K (59%)
ptolemy.util.test.WatchDog.cancel(): canceling Thu Sep 24 16:10:32 UTC 2020
------------------ testing $PTII/ptolemy/domains/de/test/auto/DepthTest7.xml
auto.tcl: Setting watchdog for 200 seconds at Thu Sep 24 16:10:32 UTC 2020
3 ms. Memory: 51200K Free: 31897K (62%)
ptolemy.util.test.WatchDog.cancel(): canceling Thu Sep 24 16:10:32 UTC 2020
auto.tcl: Setting watchdog for 200 seconds at Thu Sep 24 16:10:32 UTC 2020
2 ms. Memory: 51200K Free: 31244K (61%)
ptolemy.util.test.WatchDog.cancel(): canceling Thu Sep 24 16:10:32 UTC 2020
------------------ testing $PTII/ptolemy/domains/de/test/auto/EventToDate.xml
auto.tcl: Setting watchdog for 200 seconds at Thu Sep 24 16:10:32 UTC 2020
3011 ms. Memory: 51200K Free: 22702K (44%)
ptolemy.util.test.WatchDog.cancel(): canceling Thu Sep 24 16:10:35 UTC 2020
auto.tcl: Setting watchdog for 200 seconds at Thu Sep 24 16:10:35 UTC 2020
3004 ms. Memory: 51200K Free: 22039K (43%)
ptolemy.util.test.WatchDog.cancel(): canceling Thu Sep 24 16:10:38 UTC 2020
------------------ testing $PTII/ptolemy/domains/de/test/auto/FSM1.xml
auto.tcl: Setting watchdog for 200 seconds at Thu Sep 24 16:10:38 UTC 2020
27 ms. Memory: 51200K Free: 23643K (46%)
ptolemy.util.test.WatchDog.cancel(): canceling Thu Sep 24 16:10:38 UTC 2020
auto.tcl: Setting watchdog for 200 seconds at Thu Sep 24 16:10:38 UTC 2020
15 ms. Memory: 51200K Free: 20698K (40%)
ptolemy.util.test.WatchDog.cancel(): canceling Thu Sep 24 16:10:38 UTC 2020
------------------ testing $PTII/ptolemy/domains/de/test/auto/FSM7.xml
auto.tcl: Setting watchdog for 200 seconds at Thu Sep 24 16:10:38 UTC 2020
13 ms. Memory: 51200K Free: 23591K (46%)
ptolemy.util.test.WatchDog.cancel(): canceling Thu Sep 24 16:10:38 UTC 2020
auto.tcl: Setting watchdog for 200 seconds at Thu Sep 24 16:10:38 UTC 2020
15 ms. Memory: 51200K Free: 20413K (40%)
ptolemy.util.test.WatchDog.cancel(): canceling Thu Sep 24 16:10:38 UTC 2020
------------------ testing $PTII/ptolemy/domains/de/test/auto/Inspection.xml
auto.tcl: Setting watchdog for 200 seconds at Thu Sep 24 16:10:38 UTC 2020
25 ms. Memory: 51200K Free: 23646K (46%)
ptolemy.util.test.WatchDog.cancel(): canceling Thu Sep 24 16:10:38 UTC 2020
auto.tcl: Setting watchdog for 200 seconds at Thu Sep 24 16:10:38 UTC 2020
18 ms. Memory: 51200K Free: 21955K (43%)
ptolemy.util.test.WatchDog.cancel(): canceling Thu Sep 24 16:10:38 UTC 2020
------------------ testing $PTII/ptolemy/domains/de/test/auto/Iteration.xml
auto.tcl: Setting watchdog for 200 seconds at Thu Sep 24 16:10:39 UTC 2020
7 ms. Memory: 51200K Free: 29182K (57%)
ptolemy.util.test.WatchDog.cancel(): canceling Thu Sep 24 16:10:39 UTC 2020
auto.tcl: Setting watchdog for 200 seconds at Thu Sep 24 16:10:39 UTC 2020
8 ms. Memory: 51200K Free: 27992K (55%)
ptolemy.util.test.WatchDog.cancel(): canceling Thu Sep 24 16:10:39 UTC 2020
------------------ testing $PTII/ptolemy/domains/de/test/auto/LineFault.xml
auto.tcl: Setting watchdog for 200 seconds at Thu Sep 24 16:10:39 UTC 2020
580 ms. Memory: 51200K Free: 13264K (26%)
ptolemy.util.test.WatchDog.cancel(): canceling Thu Sep 24 16:10:39 UTC 2020
auto.tcl: Setting watchdog for 200 seconds at Thu Sep 24 16:10:39 UTC 2020
524 ms. Memory: 61440K Free: 41113K (67%)
ptolemy.util.test.WatchDog.cancel(): canceling Thu Sep 24 16:10:40 UTC 2020
------------------ testing $PTII/ptolemy/domains/de/test/auto/MergeModel1Add.xml
auto.tcl: Setting watchdog for 200 seconds at Thu Sep 24 16:10:40 UTC 2020
33 ms. Memory: 58368K Free: 22594K (39%)
ptolemy.util.test.WatchDog.cancel(): canceling Thu Sep 24 16:10:40 UTC 2020
auto.tcl: Setting watchdog for 200 seconds at Thu Sep 24 16:10:40 UTC 2020
10 ms. Memory: 58368K Free: 20988K (36%)
ptolemy.util.test.WatchDog.cancel(): canceling Thu Sep 24 16:10:40 UTC 2020
------------------ testing $PTII/ptolemy/domains/de/test/auto/MergeModel2Add.xml
auto.tcl: Setting watchdog for 200 seconds at Thu Sep 24 16:10:40 UTC 2020
7 ms. Memory: 51200K Free: 17242K (34%)
ptolemy.util.test.WatchDog.cancel(): canceling Thu Sep 24 16:10:40 UTC 2020
auto.tcl: Setting watchdog for 200 seconds at Thu Sep 24 16:10:40 UTC 2020
7 ms. Memory: 51200K Free: 15532K (30%)
ptolemy.util.test.WatchDog.cancel(): canceling Thu Sep 24 16:10:40 UTC 2020
------------------ testing $PTII/ptolemy/domains/de/test/auto/MergeModel3Add.xml
auto.tcl: Setting watchdog for 200 seconds at Thu Sep 24 16:10:40 UTC 2020
7 ms. Memory: 51200K Free: 17507K (34%)
ptolemy.util.test.WatchDog.cancel(): canceling Thu Sep 24 16:10:40 UTC 2020
auto.tcl: Setting watchdog for 200 seconds at Thu Sep 24 16:10:40 UTC 2020
6 ms. Memory: 51200K Free: 15973K (31%)
ptolemy.util.test.WatchDog.cancel(): canceling Thu Sep 24 16:10:40 UTC 2020
------------------ testing $PTII/ptolemy/domains/de/test/auto/MergeWithoutDiscard.xml
auto.tcl: Setting watchdog for 200 seconds at Thu Sep 24 16:10:40 UTC 2020
3 ms. Memory: 51200K Free: 31861K (62%)
ptolemy.util.test.WatchDog.cancel(): canceling Thu Sep 24 16:10:40 UTC 2020
auto.tcl: Setting watchdog for 200 seconds at Thu Sep 24 16:10:40 UTC 2020
1 ms. Memory: 51200K Free: 31421K (61%)
ptolemy.util.test.WatchDog.cancel(): canceling Thu Sep 24 16:10:40 UTC 2020
------------------ testing $PTII/ptolemy/domains/de/test/auto/Modal1.xml
auto.tcl: Setting watchdog for 200 seconds at Thu Sep 24 16:10:40 UTC 2020
11 ms. Memory: 51200K Free: 23965K (47%)
ptolemy.util.test.WatchDog.cancel(): canceling Thu Sep 24 16:10:41 UTC 2020
auto.tcl: Setting watchdog for 200 seconds at Thu Sep 24 16:10:41 UTC 2020
17 ms. Memory: 51200K Free: 20534K (40%)
ptolemy.util.test.WatchDog.cancel(): canceling Thu Sep 24 16:10:41 UTC 2020
------------------ testing $PTII/ptolemy/domains/de/test/auto/Modal2.xml
auto.tcl: Setting watchdog for 200 seconds at Thu Sep 24 16:10:41 UTC 2020
17 ms. Memory: 51200K Free: 24092K (47%)
ptolemy.util.test.WatchDog.cancel(): canceling Thu Sep 24 16:10:41 UTC 2020
auto.tcl: Setting watchdog for 200 seconds at Thu Sep 24 16:10:41 UTC 2020
15 ms. Memory: 51200K Free: 20854K (41%)
ptolemy.util.test.WatchDog.cancel(): canceling Thu Sep 24 16:10:41 UTC 2020
------------------ testing $PTII/ptolemy/domains/de/test/auto/Modal3.xml
auto.tcl: Setting watchdog for 200 seconds at Thu Sep 24 16:10:41 UTC 2020
16 ms. Memory: 51200K Free: 23797K (46%)
ptolemy.util.test.WatchDog.cancel(): canceling Thu Sep 24 16:10:41 UTC 2020
auto.tcl: Setting watchdog for 200 seconds at Thu Sep 24 16:10:41 UTC 2020
14 ms. Memory: 51200K Free: 20848K (41%)
ptolemy.util.test.WatchDog.cancel(): canceling Thu Sep 24 16:10:41 UTC 2020
------------------ testing $PTII/ptolemy/domains/de/test/auto/Modal4.xml
auto.tcl: Setting watchdog for 200 seconds at Thu Sep 24 16:10:41 UTC 2020
12 ms. Memory: 51200K Free: 23042K (45%)
ptolemy.util.test.WatchDog.cancel(): canceling Thu Sep 24 16:10:41 UTC 2020
auto.tcl: Setting watchdog for 200 seconds at Thu Sep 24 16:10:41 UTC 2020
13 ms. Memory: 51200K Free: 19226K (38%)
ptolemy.util.test.WatchDog.cancel(): canceling Thu Sep 24 16:10:41 UTC 2020
------------------ testing $PTII/ptolemy/domains/de/test/auto/Modal5.xml
auto.tcl: Setting watchdog for 200 seconds at Thu Sep 24 16:10:41 UTC 2020
14 ms. Memory: 51200K Free: 23060K (45%)
ptolemy.util.test.WatchDog.cancel(): canceling Thu Sep 24 16:10:41 UTC 2020
auto.tcl: Setting watchdog for 200 seconds at Thu Sep 24 16:10:41 UTC 2020
11 ms. Memory: 51200K Free: 19212K (38%)
ptolemy.util.test.WatchDog.cancel(): canceling Thu Sep 24 16:10:41 UTC 2020
------------------ testing $PTII/ptolemy/domains/de/test/auto/Modal6.xml
auto.tcl: Setting watchdog for 200 seconds at Thu Sep 24 16:10:41 UTC 2020
20 ms. Memory: 51200K Free: 23822K (47%)
ptolemy.util.test.WatchDog.cancel(): canceling Thu Sep 24 16:10:41 UTC 2020
auto.tcl: Setting watchdog for 200 seconds at Thu Sep 24 16:10:41 UTC 2020
13 ms. Memory: 51200K Free: 19822K (39%)
ptolemy.util.test.WatchDog.cancel(): canceling Thu Sep 24 16:10:41 UTC 2020
------------------ testing $PTII/ptolemy/domains/de/test/auto/Modal7.xml
auto.tcl: Setting watchdog for 200 seconds at Thu Sep 24 16:10:41 UTC 2020
14 ms. Memory: 51200K Free: 22776K (44%)
ptolemy.util.test.WatchDog.cancel(): canceling Thu Sep 24 16:10:41 UTC 2020
auto.tcl: Setting watchdog for 200 seconds at Thu Sep 24 16:10:41 UTC 2020
11 ms. Memory: 51200K Free: 19211K (38%)
ptolemy.util.test.WatchDog.cancel(): canceling Thu Sep 24 16:10:41 UTC 2020
------------------ testing $PTII/ptolemy/domains/de/test/auto/ModalModel.xml
auto.tcl: Setting watchdog for 200 seconds at Thu Sep 24 16:10:41 UTC 2020
171 ms. Memory: 51200K Free: 16165K (32%)
ptolemy.util.test.WatchDog.cancel(): canceling Thu Sep 24 16:10:41 UTC 2020
auto.tcl: Setting watchdog for 200 seconds at Thu Sep 24 16:10:41 UTC 2020
181 ms. Memory: 63488K Free: 24422K (38%)
ptolemy.util.test.WatchDog.cancel(): canceling Thu Sep 24 16:10:42 UTC 2020
------------------ testing $PTII/ptolemy/domains/de/test/auto/ModalSource.xml
auto.tcl: Setting watchdog for 200 seconds at Thu Sep 24 16:10:42 UTC 2020
5 ms. Memory: 55296K Free: 31981K (58%)
ptolemy.util.test.WatchDog.cancel(): canceling Thu Sep 24 16:10:42 UTC 2020
auto.tcl: Setting watchdog for 200 seconds at Thu Sep 24 16:10:42 UTC 2020
5 ms. Memory: 55296K Free: 29933K (54%)
ptolemy.util.test.WatchDog.cancel(): canceling Thu Sep 24 16:10:42 UTC 2020
------------------ testing $PTII/ptolemy/domains/de/test/auto/NonInterruptibleTimerZeroDelay.xml
auto.tcl: Setting watchdog for 200 seconds at Thu Sep 24 16:10:42 UTC 2020
3 ms. Memory: 51200K Free: 32851K (64%)
ptolemy.util.test.WatchDog.cancel(): canceling Thu Sep 24 16:10:42 UTC 2020
auto.tcl: Setting watchdog for 200 seconds at Thu Sep 24 16:10:42 UTC 2020
2 ms. Memory: 51200K Free: 32152K (63%)
ptolemy.util.test.WatchDog.cancel(): canceling Thu Sep 24 16:10:42 UTC 2020
------------------ testing $PTII/ptolemy/domains/de/test/auto/OpenQueueingNetwork.xml
auto.tcl: Setting watchdog for 200 seconds at Thu Sep 24 16:10:42 UTC 2020
2784 ms. Memory: 121856K Free: 52789K (43%)
ptolemy.util.test.WatchDog.cancel(): canceling Thu Sep 24 16:10:45 UTC 2020
auto.tcl: Setting watchdog for 200 seconds at Thu Sep 24 16:10:45 UTC 2020
2357 ms. Memory: 146432K Free: 48826K (33%)
ptolemy.util.test.WatchDog.cancel(): canceling Thu Sep 24 16:10:47 UTC 2020
------------------ testing $PTII/ptolemy/domains/de/test/auto/OpenQueuingNetwork.xml
auto.tcl: Setting watchdog for 200 seconds at Thu Sep 24 16:10:47 UTC 2020
221 ms. Memory: 55296K Free: 24483K (44%)
ptolemy.util.test.WatchDog.cancel(): canceling Thu Sep 24 16:10:47 UTC 2020
auto.tcl: Setting watchdog for 200 seconds at Thu Sep 24 16:10:47 UTC 2020
209 ms. Memory: 55296K Free: 32950K (60%)
ptolemy.util.test.WatchDog.cancel(): canceling Thu Sep 24 16:10:48 UTC 2020
------------------ testing $PTII/ptolemy/domains/de/test/auto/PeriodicSampler.xml
auto.tcl: Setting watchdog for 200 seconds at Thu Sep 24 16:10:48 UTC 2020
3 ms. Memory: 55296K Free: 36117K (65%)
ptolemy.util.test.WatchDog.cancel(): canceling Thu Sep 24 16:10:48 UTC 2020
auto.tcl: Setting watchdog for 200 seconds at Thu Sep 24 16:10:48 UTC 2020
2 ms. Memory: 55296K Free: 35597K (64%)
ptolemy.util.test.WatchDog.cancel(): canceling Thu Sep 24 16:10:48 UTC 2020
------------------ testing $PTII/ptolemy/domains/de/test/auto/PersistentIO.xml
auto.tcl: Setting watchdog for 200 seconds at Thu Sep 24 16:10:48 UTC 2020
4 ms. Memory: 55296K Free: 31042K (56%)
ptolemy.util.test.WatchDog.cancel(): canceling Thu Sep 24 16:10:48 UTC 2020
auto.tcl: Setting watchdog for 200 seconds at Thu Sep 24 16:10:48 UTC 2020
3 ms. Memory: 55296K Free: 29522K (53%)
ptolemy.util.test.WatchDog.cancel(): canceling Thu Sep 24 16:10:48 UTC 2020
------------------ testing $PTII/ptolemy/domains/de/test/auto/PortParameterResetOnInitialize.xml
auto.tcl: Setting watchdog for 200 seconds at Thu Sep 24 16:10:48 UTC 2020
2 ms. Memory: 51200K Free: 31913K (62%)
ptolemy.util.test.WatchDog.cancel(): canceling Thu Sep 24 16:10:48 UTC 2020
auto.tcl: Setting watchdog for 200 seconds at Thu Sep 24 16:10:48 UTC 2020
2 ms. Memory: 51200K Free: 31433K (61%)
ptolemy.util.test.WatchDog.cancel(): canceling Thu Sep 24 16:10:48 UTC 2020
------------------ testing $PTII/ptolemy/domains/de/test/auto/PortParameterUpdates.xml
auto.tcl: Setting watchdog for 200 seconds at Thu Sep 24 16:10:48 UTC 2020
4 ms. Memory: 51200K Free: 30253K (59%)
ptolemy.util.test.WatchDog.cancel(): canceling Thu Sep 24 16:10:48 UTC 2020
auto.tcl: Setting watchdog for 200 seconds at Thu Sep 24 16:10:48 UTC 2020
5 ms. Memory: 51200K Free: 29004K (57%)
ptolemy.util.test.WatchDog.cancel(): canceling Thu Sep 24 16:10:48 UTC 2020
------------------ testing $PTII/ptolemy/domains/de/test/auto/QueueAndServer.xml
auto.tcl: Setting watchdog for 200 seconds at Thu Sep 24 16:10:48 UTC 2020
5 ms. Memory: 51200K Free: 28905K (56%)
ptolemy.util.test.WatchDog.cancel(): canceling Thu Sep 24 16:10:48 UTC 2020
auto.tcl: Setting watchdog for 200 seconds at Thu Sep 24 16:10:48 UTC 2020
5 ms. Memory: 51200K Free: 27433K (54%)
ptolemy.util.test.WatchDog.cancel(): canceling Thu Sep 24 16:10:48 UTC 2020
------------------ testing $PTII/ptolemy/domains/de/test/auto/Records.xml
auto.tcl: Setting watchdog for 200 seconds at Thu Sep 24 16:10:48 UTC 2020
5 ms. Memory: 51200K Free: 31474K (61%)
ptolemy.util.test.WatchDog.cancel(): canceling Thu Sep 24 16:10:48 UTC 2020
auto.tcl: Setting watchdog for 200 seconds at Thu Sep 24 16:10:48 UTC 2020
2 ms. Memory: 51200K Free: 30963K (60%)
ptolemy.util.test.WatchDog.cancel(): canceling Thu Sep 24 16:10:48 UTC 2020
------------------ testing $PTII/ptolemy/domains/de/test/auto/ResetTransitionWithStartTime1.xml
auto.tcl: Setting watchdog for 200 seconds at Thu Sep 24 16:10:48 UTC 2020
11 ms. Memory: 51200K Free: 28430K (56%)
ptolemy.util.test.WatchDog.cancel(): canceling Thu Sep 24 16:10:48 UTC 2020
auto.tcl: Setting watchdog for 200 seconds at Thu Sep 24 16:10:48 UTC 2020
3 ms. Memory: 51200K Free: 26408K (52%)
ptolemy.util.test.WatchDog.cancel(): canceling Thu Sep 24 16:10:48 UTC 2020
------------------ testing $PTII/ptolemy/domains/de/test/auto/ResetTransitionWithStartTime2.xml
auto.tcl: Setting watchdog for 200 seconds at Thu Sep 24 16:10:48 UTC 2020
5 ms. Memory: 51200K Free: 28385K (55%)
ptolemy.util.test.WatchDog.cancel(): canceling Thu Sep 24 16:10:48 UTC 2020
auto.tcl: Setting watchdog for 200 seconds at Thu Sep 24 16:10:48 UTC 2020
6 ms. Memory: 51200K Free: 26337K (51%)
ptolemy.util.test.WatchDog.cancel(): canceling Thu Sep 24 16:10:48 UTC 2020
------------------ testing $PTII/ptolemy/domains/de/test/auto/ResetTransitionWithStartTime3.xml
auto.tcl: Setting watchdog for 200 seconds at Thu Sep 24 16:10:48 UTC 2020
6 ms. Memory: 51200K Free: 28465K (56%)
ptolemy.util.test.WatchDog.cancel(): canceling Thu Sep 24 16:10:48 UTC 2020
auto.tcl: Setting watchdog for 200 seconds at Thu Sep 24 16:10:48 UTC 2020
6 ms. Memory: 51200K Free: 26383K (52%)
ptolemy.util.test.WatchDog.cancel(): canceling Thu Sep 24 16:10:48 UTC 2020
------------------ testing $PTII/ptolemy/domains/de/test/auto/ResetTransitionWithStartTime4.xml
auto.tcl: Setting watchdog for 200 seconds at Thu Sep 24 16:10:48 UTC 2020
7 ms. Memory: 51200K Free: 28801K (56%)
ptolemy.util.test.WatchDog.cancel(): canceling Thu Sep 24 16:10:48 UTC 2020
auto.tcl: Setting watchdog for 200 seconds at Thu Sep 24 16:10:48 UTC 2020
3 ms. Memory: 51200K Free: 27392K (54%)
ptolemy.util.test.WatchDog.cancel(): canceling Thu Sep 24 16:10:48 UTC 2020
------------------ testing $PTII/ptolemy/domains/de/test/auto/ResettableTimer1.xml
auto.tcl: Setting watchdog for 200 seconds at Thu Sep 24 16:10:48 UTC 2020
3 ms. Memory: 51200K Free: 32598K (64%)
ptolemy.util.test.WatchDog.cancel(): canceling Thu Sep 24 16:10:48 UTC 2020
auto.tcl: Setting watchdog for 200 seconds at Thu Sep 24 16:10:48 UTC 2020
2 ms. Memory: 51200K Free: 31941K (62%)
ptolemy.util.test.WatchDog.cancel(): canceling Thu Sep 24 16:10:48 UTC 2020
------------------ testing $PTII/ptolemy/domains/de/test/auto/ResettableTimer2.xml
auto.tcl: Setting watchdog for 200 seconds at Thu Sep 24 16:10:48 UTC 2020
3 ms. Memory: 51200K Free: 32616K (64%)
ptolemy.util.test.WatchDog.cancel(): canceling Thu Sep 24 16:10:48 UTC 2020
auto.tcl: Setting watchdog for 200 seconds at Thu Sep 24 16:10:48 UTC 2020
2 ms. Memory: 51200K Free: 31540K (62%)
ptolemy.util.test.WatchDog.cancel(): canceling Thu Sep 24 16:10:48 UTC 2020
------------------ testing $PTII/ptolemy/domains/de/test/auto/ResettableTimer3.xml
auto.tcl: Setting watchdog for 200 seconds at Thu Sep 24 16:10:48 UTC 2020
1 ms. Memory: 51200K Free: 32524K (64%)
ptolemy.util.test.WatchDog.cancel(): canceling Thu Sep 24 16:10:48 UTC 2020
auto.tcl: Setting watchdog for 200 seconds at Thu Sep 24 16:10:48 UTC 2020
1 ms. Memory: 51200K Free: 32515K (64%)
ptolemy.util.test.WatchDog.cancel(): canceling Thu Sep 24 16:10:48 UTC 2020
------------------ testing $PTII/ptolemy/domains/de/test/auto/ResettableTimer4.xml
auto.tcl: Setting watchdog for 200 seconds at Thu Sep 24 16:10:49 UTC 2020
1 ms. Memory: 51200K Free: 32552K (64%)
ptolemy.util.test.WatchDog.cancel(): canceling Thu Sep 24 16:10:49 UTC 2020
auto.tcl: Setting watchdog for 200 seconds at Thu Sep 24 16:10:49 UTC 2020
1 ms. Memory: 51200K Free: 32040K (63%)
ptolemy.util.test.WatchDog.cancel(): canceling Thu Sep 24 16:10:49 UTC 2020
------------------ testing $PTII/ptolemy/domains/de/test/auto/ResettableTimer5.xml
auto.tcl: Setting watchdog for 200 seconds at Thu Sep 24 16:10:49 UTC 2020
2 ms. Memory: 51200K Free: 31999K (62%)
ptolemy.util.test.WatchDog.cancel(): canceling Thu Sep 24 16:10:49 UTC 2020
auto.tcl: Setting watchdog for 200 seconds at Thu Sep 24 16:10:49 UTC 2020
1 ms. Memory: 51200K Free: 31512K (62%)
ptolemy.util.test.WatchDog.cancel(): canceling Thu Sep 24 16:10:49 UTC 2020
------------------ testing $PTII/ptolemy/domains/de/test/auto/ResettableTimer6.xml
auto.tcl: Setting watchdog for 200 seconds at Thu Sep 24 16:10:49 UTC 2020
2 ms. Memory: 51200K Free: 31990K (62%)
ptolemy.util.test.WatchDog.cancel(): canceling Thu Sep 24 16:10:49 UTC 2020
auto.tcl: Setting watchdog for 200 seconds at Thu Sep 24 16:10:49 UTC 2020
2 ms. Memory: 51200K Free: 31494K (62%)
ptolemy.util.test.WatchDog.cancel(): canceling Thu Sep 24 16:10:49 UTC 2020
------------------ testing $PTII/ptolemy/domains/de/test/auto/ServerZeroDelay.xml
auto.tcl: Setting watchdog for 200 seconds at Thu Sep 24 16:10:49 UTC 2020
2 ms. Memory: 51200K Free: 32509K (63%)
ptolemy.util.test.WatchDog.cancel(): canceling Thu Sep 24 16:10:49 UTC 2020
auto.tcl: Setting watchdog for 200 seconds at Thu Sep 24 16:10:49 UTC 2020
2 ms. Memory: 51200K Free: 31493K (62%)
ptolemy.util.test.WatchDog.cancel(): canceling Thu Sep 24 16:10:49 UTC 2020
------------------ testing $PTII/ptolemy/domains/de/test/auto/SmartSender.xml
auto.tcl: Setting watchdog for 200 seconds at Thu Sep 24 16:10:49 UTC 2020
3001 ms. Memory: 51200K Free: 32504K (63%)
ptolemy.util.test.WatchDog.cancel(): canceling Thu Sep 24 16:10:52 UTC 2020
auto.tcl: Setting watchdog for 200 seconds at Thu Sep 24 16:10:52 UTC 2020
3001 ms. Memory: 51200K Free: 32000K (63%)
ptolemy.util.test.WatchDog.cancel(): canceling Thu Sep 24 16:10:55 UTC 2020
------------------ testing $PTII/ptolemy/domains/de/test/auto/ThreadedComposite.xml
auto.tcl: Setting watchdog for 200 seconds at Thu Sep 24 16:10:55 UTC 2020
188 ms. Memory: 51200K Free: 13572K (27%)
ptolemy.util.test.WatchDog.cancel(): canceling Thu Sep 24 16:10:55 UTC 2020
auto.tcl: Setting watchdog for 200 seconds at Thu Sep 24 16:10:55 UTC 2020
153 ms. Memory: 51200K Free: 29048K (57%)
ptolemy.util.test.WatchDog.cancel(): canceling Thu Sep 24 16:10:55 UTC 2020
------------------ testing $PTII/ptolemy/domains/de/test/auto/Time.xml
auto.tcl: Setting watchdog for 200 seconds at Thu Sep 24 16:10:55 UTC 2020
407 ms. Memory: 51200K Free: 33662K (66%)
ptolemy.util.test.WatchDog.cancel(): canceling Thu Sep 24 16:10:56 UTC 2020
auto.tcl: Setting watchdog for 200 seconds at Thu Sep 24 16:10:56 UTC 2020
406 ms. Memory: 67584K Free: 23391K (35%)
ptolemy.util.test.WatchDog.cancel(): canceling Thu Sep 24 16:10:56 UTC 2020
------------------ testing $PTII/ptolemy/domains/de/test/auto/TimeDelayZeroDelay.xml
auto.tcl: Setting watchdog for 200 seconds at Thu Sep 24 16:10:56 UTC 2020
4 ms. Memory: 55296K Free: 36529K (66%)
ptolemy.util.test.WatchDog.cancel(): canceling Thu Sep 24 16:10:56 UTC 2020
auto.tcl: Setting watchdog for 200 seconds at Thu Sep 24 16:10:56 UTC 2020
2 ms. Memory: 55296K Free: 36045K (65%)
ptolemy.util.test.WatchDog.cancel(): canceling Thu Sep 24 16:10:56 UTC 2020
------------------ testing $PTII/ptolemy/domains/de/test/auto/TimerZeroDelay.xml
auto.tcl: Setting watchdog for 200 seconds at Thu Sep 24 16:10:56 UTC 2020
4 ms. Memory: 51200K Free: 32894K (64%)
ptolemy.util.test.WatchDog.cancel(): canceling Thu Sep 24 16:10:56 UTC 2020
auto.tcl: Setting watchdog for 200 seconds at Thu Sep 24 16:10:56 UTC 2020
2 ms. Memory: 51200K Free: 32476K (63%)
ptolemy.util.test.WatchDog.cancel(): canceling Thu Sep 24 16:10:56 UTC 2020
------------------ testing $PTII/ptolemy/domains/de/test/auto/TimingParadox.xml
auto.tcl: Setting watchdog for 200 seconds at Thu Sep 24 16:10:56 UTC 2020
332 ms. Memory: 51200K Free: 18545K (36%)
ptolemy.util.test.WatchDog.cancel(): canceling Thu Sep 24 16:10:57 UTC 2020
auto.tcl: Setting watchdog for 200 seconds at Thu Sep 24 16:10:57 UTC 2020
297 ms. Memory: 51200K Free: 33938K (66%)
ptolemy.util.test.WatchDog.cancel(): canceling Thu Sep 24 16:10:57 UTC 2020
------------------ testing $PTII/ptolemy/domains/de/test/auto/TransferInputs.xml
auto.tcl: Setting watchdog for 200 seconds at Thu Sep 24 16:10:57 UTC 2020
2 ms. Memory: 51200K Free: 30958K (60%)
ptolemy.util.test.WatchDog.cancel(): canceling Thu Sep 24 16:10:57 UTC 2020
auto.tcl: Setting watchdog for 200 seconds at Thu Sep 24 16:10:57 UTC 2020
2 ms. Memory: 51200K Free: 30048K (59%)
ptolemy.util.test.WatchDog.cancel(): canceling Thu Sep 24 16:10:57 UTC 2020
------------------ testing $PTII/ptolemy/domains/de/test/auto/TransferOutputs2.xml
auto.tcl: Setting watchdog for 200 seconds at Thu Sep 24 16:10:57 UTC 2020
3 ms. Memory: 51200K Free: 28386K (55%)
ptolemy.util.test.WatchDog.cancel(): canceling Thu Sep 24 16:10:57 UTC 2020
auto.tcl: Setting watchdog for 200 seconds at Thu Sep 24 16:10:57 UTC 2020
3 ms. Memory: 51200K Free: 26963K (53%)
ptolemy.util.test.WatchDog.cancel(): canceling Thu Sep 24 16:10:57 UTC 2020
------------------ testing $PTII/ptolemy/domains/de/test/auto/Trilateration.xml
auto.tcl: Setting watchdog for 200 seconds at Thu Sep 24 16:10:57 UTC 2020
12813 ms. Memory: 521216K Free: 442369K (85%)
ptolemy.util.test.WatchDog.cancel(): canceling Thu Sep 24 16:11:11 UTC 2020
auto.tcl: Setting watchdog for 200 seconds at Thu Sep 24 16:11:11 UTC 2020
9250 ms. Memory: 521216K Free: 254594K (49%)
ptolemy.util.test.WatchDog.cancel(): canceling Thu Sep 24 16:11:20 UTC 2020
------------------ testing $PTII/ptolemy/domains/de/test/auto/TwoSigmaDelta.xml
auto.tcl: Setting watchdog for 200 seconds at Thu Sep 24 16:11:20 UTC 2020
2258 ms. Memory: 92160K Free: 26556K (29%)
ptolemy.util.test.WatchDog.cancel(): canceling Thu Sep 24 16:11:23 UTC 2020
auto.tcl: Setting watchdog for 200 seconds at Thu Sep 24 16:11:23 UTC 2020
1746 ms. Memory: 92160K Free: 30632K (33%)
ptolemy.util.test.WatchDog.cancel(): canceling Thu Sep 24 16:11:25 UTC 2020
------------------ testing $PTII/ptolemy/domains/de/test/auto/VariableDelay.xml
auto.tcl: Setting watchdog for 200 seconds at Thu Sep 24 16:11:25 UTC 2020
6 ms. Memory: 55296K Free: 35519K (64%)
ptolemy.util.test.WatchDog.cancel(): canceling Thu Sep 24 16:11:25 UTC 2020
auto.tcl: Setting watchdog for 200 seconds at Thu Sep 24 16:11:25 UTC 2020
2 ms. Memory: 55296K Free: 34525K (62%)
ptolemy.util.test.WatchDog.cancel(): canceling Thu Sep 24 16:11:25 UTC 2020
------------------ testing $PTII/ptolemy/domains/de/test/auto/VariableDelay2.xml
auto.tcl: Setting watchdog for 200 seconds at Thu Sep 24 16:11:25 UTC 2020
3 ms. Memory: 55296K Free: 36128K (65%)
ptolemy.util.test.WatchDog.cancel(): canceling Thu Sep 24 16:11:25 UTC 2020
auto.tcl: Setting watchdog for 200 seconds at Thu Sep 24 16:11:25 UTC 2020
1 ms. Memory: 55296K Free: 35600K (64%)
ptolemy.util.test.WatchDog.cancel(): canceling Thu Sep 24 16:11:25 UTC 2020
------------------ testing $PTII/ptolemy/domains/de/test/auto/VariableDelayZeroDelay.xml
auto.tcl: Setting watchdog for 200 seconds at Thu Sep 24 16:11:25 UTC 2020
2 ms. Memory: 55296K Free: 36462K (66%)
ptolemy.util.test.WatchDog.cancel(): canceling Thu Sep 24 16:11:25 UTC 2020
auto.tcl: Setting watchdog for 200 seconds at Thu Sep 24 16:11:25 UTC 2020
2 ms. Memory: 55296K Free: 35918K (65%)
ptolemy.util.test.WatchDog.cancel(): canceling Thu Sep 24 16:11:25 UTC 2020
------------------ testing $PTII/ptolemy/domains/de/test/auto/VariableDelayZeroDelay2.xml
auto.tcl: Setting watchdog for 200 seconds at Thu Sep 24 16:11:25 UTC 2020
2 ms. Memory: 55296K Free: 36460K (66%)
ptolemy.util.test.WatchDog.cancel(): canceling Thu Sep 24 16:11:25 UTC 2020
auto.tcl: Setting watchdog for 200 seconds at Thu Sep 24 16:11:25 UTC 2020
2 ms. Memory: 55296K Free: 35436K (64%)
ptolemy.util.test.WatchDog.cancel(): canceling Thu Sep 24 16:11:25 UTC 2020
------------------ testing $PTII/ptolemy/domains/de/test/auto/deInCt.xml
auto.tcl: Setting watchdog for 200 seconds at Thu Sep 24 16:11:25 UTC 2020
0
1
1
1
0
0
0
1
1
1
1
0
0
0
1
1
1
1
1
0
0
0
1
1
1
0
0
0
1
1
1
0
0
0
1
1
0
0
0
1
1
1
1
1
17 ms. Memory: 55296K Free: 35433K (64%)
ptolemy.util.test.WatchDog.cancel(): canceling Thu Sep 24 16:11:25 UTC 2020
auto.tcl: Setting watchdog for 200 seconds at Thu Sep 24 16:11:25 UTC 2020
0
1
1
1
1
0
0
0
0
1
1
1
0
0
0
1
1
0
0
0
1
1
1
1
1
0
0
0
1
1
0
0
0
0
0
7 ms. Memory: 55296K Free: 33895K (61%)
ptolemy.util.test.WatchDog.cancel(): canceling Thu Sep 24 16:11:25 UTC 2020
------------------ testing $PTII/ptolemy/domains/de/test/auto/deInCt2.xml
auto.tcl: Setting watchdog for 200 seconds at Thu Sep 24 16:11:25 UTC 2020
0
1
1
1
0
0
1
1
1
0
0
1
1
1
0
0
1
1
1
0
0
1
1
1
0
0
1
1
1
0
0
1
1
1
0
0
1
1
1
0
0
0
7 ms. Memory: 55296K Free: 35434K (64%)
ptolemy.util.test.WatchDog.cancel(): canceling Thu Sep 24 16:11:25 UTC 2020
auto.tcl: Setting watchdog for 200 seconds at Thu Sep 24 16:11:25 UTC 2020
0
1
1
1
0
0
1
1
1
0
0
1
1
1
0
0
1
1
1
0
0
1
1
1
0
0
1
1
1
0
0
1
1
1
0
0
1
1
1
0
0
0
5 ms. Memory: 55296K Free: 33882K (61%)
ptolemy.util.test.WatchDog.cancel(): canceling Thu Sep 24 16:11:25 UTC 2020
------------------ testing $PTII/ptolemy/domains/de/test/auto/dynamicCausalityInterface1.xml
auto.tcl: Setting watchdog for 200 seconds at Thu Sep 24 16:11:25 UTC 2020
2 ms. Memory: 55296K Free: 31332K (57%)
ptolemy.util.test.WatchDog.cancel(): canceling Thu Sep 24 16:11:25 UTC 2020
auto.tcl: Setting watchdog for 200 seconds at Thu Sep 24 16:11:25 UTC 2020
1 ms. Memory: 55296K Free: 30818K (56%)
ptolemy.util.test.WatchDog.cancel(): canceling Thu Sep 24 16:11:25 UTC 2020
------------------ testing $PTII/ptolemy/domains/de/test/auto/fsm_de_test.xml
auto.tcl: Setting watchdog for 200 seconds at Thu Sep 24 16:11:25 UTC 2020
7 ms. Memory: 55296K Free: 31231K (56%)
ptolemy.util.test.WatchDog.cancel(): canceling Thu Sep 24 16:11:25 UTC 2020
auto.tcl: Setting watchdog for 200 seconds at Thu Sep 24 16:11:25 UTC 2020
5 ms. Memory: 55296K Free: 29183K (53%)
ptolemy.util.test.WatchDog.cancel(): canceling Thu Sep 24 16:11:25 UTC 2020
------------------ testing $PTII/ptolemy/domains/de/test/auto/functionDependencyReconstruction.xml
auto.tcl: Setting watchdog for 200 seconds at Thu Sep 24 16:11:25 UTC 2020
3 ms. Memory: 55296K Free: 25077K (45%)
ptolemy.util.test.WatchDog.cancel(): canceling Thu Sep 24 16:11:25 UTC 2020
auto.tcl: Setting watchdog for 200 seconds at Thu Sep 24 16:11:25 UTC 2020
3 ms. Memory: 55296K Free: 23029K (42%)
ptolemy.util.test.WatchDog.cancel(): canceling Thu Sep 24 16:11:25 UTC 2020
------------------ testing $PTII/ptolemy/domains/de/test/auto/multirate.xml
auto.tcl: Setting watchdog for 200 seconds at Thu Sep 24 16:11:25 UTC 2020
3 ms. Memory: 55296K Free: 33841K (61%)
ptolemy.util.test.WatchDog.cancel(): canceling Thu Sep 24 16:11:25 UTC 2020
auto.tcl: Setting watchdog for 200 seconds at Thu Sep 24 16:11:25 UTC 2020
3 ms. Memory: 55296K Free: 32127K (58%)
ptolemy.util.test.WatchDog.cancel(): canceling Thu Sep 24 16:11:25 UTC 2020
------------------ testing $PTII/ptolemy/domains/de/test/auto/multirate2.xml
auto.tcl: Setting watchdog for 200 seconds at Thu Sep 24 16:11:25 UTC 2020
2 ms. Memory: 55296K Free: 34011K (62%)
ptolemy.util.test.WatchDog.cancel(): canceling Thu Sep 24 16:11:25 UTC 2020
auto.tcl: Setting watchdog for 200 seconds at Thu Sep 24 16:11:25 UTC 2020
3 ms. Memory: 55296K Free: 32307K (58%)
ptolemy.util.test.WatchDog.cancel(): canceling Thu Sep 24 16:11:25 UTC 2020
------------------ testing $PTII/ptolemy/domains/de/test/auto/realtime.xml
auto.tcl: Setting watchdog for 200 seconds at Thu Sep 24 16:11:25 UTC 2020
10002 ms. Memory: 55296K Free: 36082K (65%)
ptolemy.util.test.WatchDog.cancel(): canceling Thu Sep 24 16:11:35 UTC 2020
auto.tcl: Setting watchdog for 200 seconds at Thu Sep 24 16:11:35 UTC 2020
10002 ms. Memory: 55296K Free: 35378K (64%)
ptolemy.util.test.WatchDog.cancel(): canceling Thu Sep 24 16:11:45 UTC 2020
------------------ testing $PTII/ptolemy/domains/de/test/auto/relationGroup.xml
auto.tcl: Setting watchdog for 200 seconds at Thu Sep 24 16:11:45 UTC 2020
2 ms. Memory: 55296K Free: 37162K (67%)
ptolemy.util.test.WatchDog.cancel(): canceling Thu Sep 24 16:11:45 UTC 2020
auto.tcl: Setting watchdog for 200 seconds at Thu Sep 24 16:11:45 UTC 2020
1 ms. Memory: 55296K Free: 36650K (66%)
ptolemy.util.test.WatchDog.cancel(): canceling Thu Sep 24 16:11:45 UTC 2020
------------------ testing $PTII/ptolemy/domains/de/test/auto/relationGroup2.xml
auto.tcl: Setting watchdog for 200 seconds at Thu Sep 24 16:11:46 UTC 2020
1 ms. Memory: 55296K Free: 37186K (67%)
ptolemy.util.test.WatchDog.cancel(): canceling Thu Sep 24 16:11:46 UTC 2020
auto.tcl: Setting watchdog for 200 seconds at Thu Sep 24 16:11:46 UTC 2020
1 ms. Memory: 55296K Free: 36642K (66%)
ptolemy.util.test.WatchDog.cancel(): canceling Thu Sep 24 16:11:46 UTC 2020
------------------ testing $PTII/ptolemy/domains/de/test/auto/sortWithOpaquePorts.xml
auto.tcl: Setting watchdog for 200 seconds at Thu Sep 24 16:11:46 UTC 2020
2 ms. Memory: 55296K Free: 35955K (65%)
ptolemy.util.test.WatchDog.cancel(): canceling Thu Sep 24 16:11:46 UTC 2020
auto.tcl: Setting watchdog for 200 seconds at Thu Sep 24 16:11:46 UTC 2020
2 ms. Memory: 55296K Free: 34931K (63%)
ptolemy.util.test.WatchDog.cancel(): canceling Thu Sep 24 16:11:46 UTC 2020
------------------ testing $PTII/ptolemy/domains/de/test/auto/transferInputsandOutputs.xml
auto.tcl: Setting watchdog for 200 seconds at Thu Sep 24 16:11:46 UTC 2020
2 ms. Memory: 55296K Free: 33398K (60%)
ptolemy.util.test.WatchDog.cancel(): canceling Thu Sep 24 16:11:46 UTC 2020
auto.tcl: Setting watchdog for 200 seconds at Thu Sep 24 16:11:46 UTC 2020
3 ms. Memory: 55296K Free: 32374K (59%)
ptolemy.util.test.WatchDog.cancel(): canceling Thu Sep 24 16:11:46 UTC 2020
------------------ testing $PTII/ptolemy/domains/de/test/auto/triggerType.xml
auto.tcl: Setting watchdog for 200 seconds at Thu Sep 24 16:11:46 UTC 2020
1 ms. Memory: 55296K Free: 36423K (66%)
ptolemy.util.test.WatchDog.cancel(): canceling Thu Sep 24 16:11:46 UTC 2020
auto.tcl: Setting watchdog for 200 seconds at Thu Sep 24 16:11:46 UTC 2020
2 ms. Memory: 55296K Free: 35399K (64%)
ptolemy.util.test.WatchDog.cancel(): canceling Thu Sep 24 16:11:46 UTC 2020
09/24/20 04:11:46
Failed: 0  Total Tests: 192  ((Passed: 187, Newly Passed: 1)  Known Failed: 5) /home/travis/build/icyphy/ptII/ptolemy/domains/de/test
09/24/20 04:11:46
Failed: 0  Total Tests: 192  ((Passed: 187, Newly Passed: 1)  Known Failed: 5) /home/travis/build/icyphy/ptII/ptolemy/domains/de/test
----------------- testing (KnownFailure) /home/travis/build/icyphy/ptII/ptolemy/domains/de/test/auto/knownFailedTests/DESDFClockTest.xml
2010 ms. Memory: 55296K Free: 29309K (53%)
Known Failure: java.lang.reflect.InvocationTargetException
----------------- testing (KnownFailure) /home/travis/build/icyphy/ptII/ptolemy/domains/de/test/auto/knownFailedTests/DirectFeedback.xml
2 ms. Memory: 55296K Free: 25213K (46%)
Known Failure: java.lang.reflect.InvocationTargetException
----------------- testing (KnownFailure) /home/travis/build/icyphy/ptII/ptolemy/domains/de/test/auto/knownFailedTests/FSMSource.xml
9 ms. Memory: 55296K Free: 18045K (33%)
----------------- testing (KnownFailure) /home/travis/build/icyphy/ptII/ptolemy/domains/de/test/auto/knownFailedTests/HierarchicalModel.xml
3 ms. Memory: 55296K Free: 33218K (60%)
Known Failure: java.lang.reflect.InvocationTargetException
----------------- testing (KnownFailure) /home/travis/build/icyphy/ptII/ptolemy/domains/de/test/auto/knownFailedTests/dependencyLoop.xml
3 ms. Memory: 55296K Free: 17882K (32%)
Known Failure: java.lang.reflect.InvocationTargetException
----------------- testing (KnownFailure) /home/travis/build/icyphy/ptII/ptolemy/domains/de/test/auto/knownFailedTests/dependencyLoop2.xml
6 ms. Memory: 55296K Free: 33594K (61%)
Known Failure: java.lang.reflect.InvocationTargetException
No auto/linux-amd64/*.xml tests in /home/travis/build/icyphy/ptII/ptolemy/domains/de/test
AutoTests.java: About to close Vertx.
AutoTests.java: Vertx closed.

===========================================================================================
----------------- testing Thu Sep 24 16:11:48 UTC 2020 /home/travis/build/icyphy/ptII/ptolemy/domains/de/test/auto/ActorDepthCalculation_actorWithoutPorts.xml
----------------- Instantiating /home/travis/build/icyphy/ptII/ptolemy/domains/de/test/auto/ActorDepthCalculation_actorWithoutPorts.xml
3 ms. Memory: 55296K Free: 26790K (48%)
----------------- Invoking toplevel() on ptolemy.moml.MoMLSimpleApplication@7378ea47
----------------- Done invoking toplevel() on ptolemy.moml.MoMLSimpleApplication@7378ea47
reloadAllAccessors: .ActorDepthCalculation_actorWithoutPorts

===========================================================================================
----------------- testing Thu Sep 24 16:11:48 UTC 2020 /home/travis/build/icyphy/ptII/ptolemy/domains/de/test/auto/AssemblyLine.xml
----------------- Instantiating /home/travis/build/icyphy/ptII/ptolemy/domains/de/test/auto/AssemblyLine.xml
3 ms. Memory: 55296K Free: 19628K (35%)
----------------- Invoking toplevel() on ptolemy.moml.MoMLSimpleApplication@f335d6e
----------------- Done invoking toplevel() on ptolemy.moml.MoMLSimpleApplication@f335d6e
reloadAllAccessors: .AssemblyLine

===========================================================================================
----------------- testing Thu Sep 24 16:11:48 UTC 2020 /home/travis/build/icyphy/ptII/ptolemy/domains/de/test/auto/CQBug1.xml
----------------- Instantiating /home/travis/build/icyphy/ptII/ptolemy/domains/de/test/auto/CQBug1.xml
1 ms. Memory: 55296K Free: 16550K (30%)
----------------- Invoking toplevel() on ptolemy.moml.MoMLSimpleApplication@cc9b475
----------------- Done invoking toplevel() on ptolemy.moml.MoMLSimpleApplication@cc9b475
reloadAllAccessors: .CQBug1

===========================================================================================
----------------- testing Thu Sep 24 16:11:48 UTC 2020 /home/travis/build/icyphy/ptII/ptolemy/domains/de/test/auto/CancelFireAt.xml
----------------- Instantiating /home/travis/build/icyphy/ptII/ptolemy/domains/de/test/auto/CancelFireAt.xml
10 ms. Memory: 55296K Free: 14116K (26%)
----------------- Invoking toplevel() on ptolemy.moml.MoMLSimpleApplication@7a5c0c3
----------------- Done invoking toplevel() on ptolemy.moml.MoMLSimpleApplication@7a5c0c3
reloadAllAccessors: .CancelFireAt

===========================================================================================
----------------- testing Thu Sep 24 16:11:48 UTC 2020 /home/travis/build/icyphy/ptII/ptolemy/domains/de/test/auto/CausalityAndComposabilityAnalysis.xml
----------------- Instantiating /home/travis/build/icyphy/ptII/ptolemy/domains/de/test/auto/CausalityAndComposabilityAnalysis.xml
2 ms. Memory: 55296K Free: 9705K (18%)
----------------- Invoking toplevel() on ptolemy.moml.MoMLSimpleApplication@655b6e85
----------------- Done invoking toplevel() on ptolemy.moml.MoMLSimpleApplication@655b6e85
reloadAllAccessors: .CausalityAndComposabilityAnalysis

===========================================================================================
----------------- testing Thu Sep 24 16:11:48 UTC 2020 /home/travis/build/icyphy/ptII/ptolemy/domains/de/test/auto/CausalityInterface1.xml
----------------- Instantiating /home/travis/build/icyphy/ptII/ptolemy/domains/de/test/auto/CausalityInterface1.xml
5 ms. Memory: 55296K Free: 35568K (64%)
----------------- Invoking toplevel() on ptolemy.moml.MoMLSimpleApplication@3f6953e8
----------------- Done invoking toplevel() on ptolemy.moml.MoMLSimpleApplication@3f6953e8
reloadAllAccessors: .CausalityInterface1

===========================================================================================
----------------- testing Thu Sep 24 16:11:48 UTC 2020 /home/travis/build/icyphy/ptII/ptolemy/domains/de/test/auto/CausalityInterface15.xml
----------------- Instantiating /home/travis/build/icyphy/ptII/ptolemy/domains/de/test/auto/CausalityInterface15.xml
2 ms. Memory: 55296K Free: 30101K (54%)
----------------- Invoking toplevel() on ptolemy.moml.MoMLSimpleApplication@de3f23d
----------------- Done invoking toplevel() on ptolemy.moml.MoMLSimpleApplication@de3f23d
reloadAllAccessors: .CausalityInterface15

===========================================================================================
----------------- testing Thu Sep 24 16:11:48 UTC 2020 /home/travis/build/icyphy/ptII/ptolemy/domains/de/test/auto/CausalityInterface2.xml
----------------- Instantiating /home/travis/build/icyphy/ptII/ptolemy/domains/de/test/auto/CausalityInterface2.xml
1 ms. Memory: 55296K Free: 25614K (46%)
[...]
	at ptolemy.actor.Manager.run(Manager.java:1263)
	at ptolemy.actor.Manager$PtolemyRunThread.run(Manager.java:1933)
java.lang.RuntimeException: Execution failed
	at ptolemy.moml.MoMLSimpleApplication$UnloadThread.run(MoMLSimpleApplication.java:402)
Caused by: ptolemy.kernel.util.IllegalActionException: Actor is not ready to fire.  Perhaps UpSample.prefire() returned false? Try debugging the actor by selecting "Listen to Actor".  Also, for SDF check moml for tokenConsumptionRate on input.
  in .DESDFClockTest.Play Bell.Copy1:SDF Director and .DESDFClockTest.Play Bell.UpSample
	at ptolemy.actor.sched.StaticSchedulingDirector.fire(StaticSchedulingDirector.java:227)
	at ptolemy.domains.sdf.kernel.SDFDirector.fire(SDFDirector.java:500)
	at ptolemy.actor.CompositeActor.fire(CompositeActor.java:455)
	at ptolemy.domains.de.kernel.DEDirector._fire(DEDirector.java:1949)
	at ptolemy.domains.de.kernel.DEDirector.fire(DEDirector.java:502)
	at ptolemy.actor.CompositeActor.fire(CompositeActor.java:455)
	at ptolemy.actor.Manager.iterate(Manager.java:851)
	at ptolemy.actor.Manager.execute(Manager.java:369)
	at ptolemy.actor.Manager.run(Manager.java:1263)
	at ptolemy.actor.Manager$PtolemyRunThread.run(Manager.java:1933)
java.lang.reflect.InvocationTargetException
	at java.base/jdk.internal.reflect.NativeConstructorAccessorImpl.newInstance0(Native Method)
	at java.base/jdk.internal.reflect.NativeConstructorAccessorImpl.newInstance(NativeConstructorAccessorImpl.java:62)
	at java.base/jdk.internal.reflect.DelegatingConstructorAccessorImpl.newInstance(DelegatingConstructorAccessorImpl.java:45)
	at java.base/java.lang.reflect.Constructor.newInstance(Constructor.java:490)
	at ptolemy.util.test.junit.AutoKnownFailedTests.RunModel(AutoKnownFailedTests.java:105)
	at java.base/jdk.internal.reflect.NativeMethodAccessorImpl.invoke0(Native Method)
	at java.base/jdk.internal.reflect.NativeMethodAccessorImpl.invoke(NativeMethodAccessorImpl.java:62)
	at java.base/jdk.internal.reflect.DelegatingMethodAccessorImpl.invoke(DelegatingMethodAccessorImpl.java:43)
	at java.base/java.lang.reflect.Method.invoke(Method.java:566)
	at org.junit.runners.model.FrameworkMethod$1.runReflectiveCall(FrameworkMethod.java:44)
	at org.junit.internal.runners.model.ReflectiveCallable.run(ReflectiveCallable.java:15)
	at org.junit.runners.model.FrameworkMethod.invokeExplosively(FrameworkMethod.java:41)
	at junitparams.internal.InvokeParameterisedMethod.evaluate(InvokeParameterisedMethod.java:102)
	at org.junit.internal.runners.statements.FailOnTimeout$1.run(FailOnTimeout.java:28)
Caused by: ptolemy.kernel.util.IllegalActionException: Actor is not ready to fire.  Perhaps UpSample.prefire() returned false? Try debugging the actor by selecting "Listen to Actor".  Also, for SDF check moml for tokenConsumptionRate on input.
  in .DESDFClockTest.Play Bell.Copy1:SDF Director and .DESDFClockTest.Play Bell.UpSample
	at ptolemy.actor.sched.StaticSchedulingDirector.fire(StaticSchedulingDirector.java:227)
	at ptolemy.domains.sdf.kernel.SDFDirector.fire(SDFDirector.java:500)
	at ptolemy.actor.CompositeActor.fire(CompositeActor.java:455)
	at ptolemy.domains.de.kernel.DEDirector._fire(DEDirector.java:1949)
	at ptolemy.domains.de.kernel.DEDirector.fire(DEDirector.java:502)
	at ptolemy.actor.CompositeActor.fire(CompositeActor.java:455)
	at ptolemy.actor.Manager.iterate(Manager.java:851)
	at ptolemy.actor.Manager.execute(Manager.java:369)
	at ptolemy.actor.Manager.run(Manager.java:1263)
	at ptolemy.actor.Manager$PtolemyRunThread.run(Manager.java:1933)
java.lang.RuntimeException: Execution failed
	at ptolemy.moml.MoMLSimpleApplication$UnloadThread.run(MoMLSimpleApplication.java:402)
Caused by: ptolemy.kernel.util.IllegalActionException: Test fails in iteration 1.
Value was: 1.0. Should have been: 2.0
  in .DirectFeedback.Test
	at ptolemy.actor.lib.Test.fire(Test.java:268)
	at ptolemy.domains.de.kernel.DEDirector._fire(DEDirector.java:1949)
	at ptolemy.domains.de.kernel.DEDirector.fire(DEDirector.java:502)
	at ptolemy.actor.CompositeActor.fire(CompositeActor.java:455)
	at ptolemy.actor.Manager.iterate(Manager.java:851)
	at ptolemy.actor.Manager.execute(Manager.java:369)
	at ptolemy.actor.Manager.run(Manager.java:1263)
	at ptolemy.actor.Manager$PtolemyRunThread.run(Manager.java:1933)
java.lang.reflect.InvocationTargetException
	at java.base/jdk.internal.reflect.NativeConstructorAccessorImpl.newInstance0(Native Method)
	at java.base/jdk.internal.reflect.NativeConstructorAccessorImpl.newInstance(NativeConstructorAccessorImpl.java:62)
	at java.base/jdk.internal.reflect.DelegatingConstructorAccessorImpl.newInstance(DelegatingConstructorAccessorImpl.java:45)
	at java.base/java.lang.reflect.Constructor.newInstance(Constructor.java:490)
	at ptolemy.util.test.junit.AutoKnownFailedTests.RunModel(AutoKnownFailedTests.java:105)
	at java.base/jdk.internal.reflect.NativeMethodAccessorImpl.invoke0(Native Method)
	at java.base/jdk.internal.reflect.NativeMethodAccessorImpl.invoke(NativeMethodAccessorImpl.java:62)
	at java.base/jdk.internal.reflect.DelegatingMethodAccessorImpl.invoke(DelegatingMethodAccessorImpl.java:43)
	at java.base/java.lang.reflect.Method.invoke(Method.java:566)
	at org.junit.runners.model.FrameworkMethod$1.runReflectiveCall(FrameworkMethod.java:44)
	at org.junit.internal.runners.model.ReflectiveCallable.run(ReflectiveCallable.java:15)
	at org.junit.runners.model.FrameworkMethod.invokeExplosively(FrameworkMethod.java:41)
	at junitparams.internal.InvokeParameterisedMethod.evaluate(InvokeParameterisedMethod.java:102)
	at org.junit.internal.runners.statements.FailOnTimeout$1.run(FailOnTimeout.java:28)
Caused by: ptolemy.kernel.util.IllegalActionException: Test fails in iteration 1.
Value was: 1.0. Should have been: 2.0
  in .DirectFeedback.Test
	at ptolemy.actor.lib.Test.fire(Test.java:268)
	at ptolemy.domains.de.kernel.DEDirector._fire(DEDirector.java:1949)
	at ptolemy.domains.de.kernel.DEDirector.fire(DEDirector.java:502)
	at ptolemy.actor.CompositeActor.fire(CompositeActor.java:455)
	at ptolemy.actor.Manager.iterate(Manager.java:851)
	at ptolemy.actor.Manager.execute(Manager.java:369)
	at ptolemy.actor.Manager.run(Manager.java:1263)
	at ptolemy.actor.Manager$PtolemyRunThread.run(Manager.java:1933)
java.lang.RuntimeException: Execution failed
	at ptolemy.moml.MoMLSimpleApplication$UnloadThread.run(MoMLSimpleApplication.java:402)
Caused by: ptolemy.kernel.util.IllegalActionException: Found a zero delay loop containing .HierarchicalModel.A
  in .HierarchicalModel and .HierarchicalModel.A
	at ptolemy.actor.util.CausalityInterfaceForComposites._computeOutputPortDepth(CausalityInterfaceForComposites.java:759)
	at ptolemy.actor.util.CausalityInterfaceForComposites._computeInputDepth(CausalityInterfaceForComposites.java:696)
	at ptolemy.actor.util.CausalityInterfaceForComposites._computeOutputPortDepth(CausalityInterfaceForComposites.java:765)
	at ptolemy.actor.util.CausalityInterfaceForComposites._computeInputDepth(CausalityInterfaceForComposites.java:696)
	at ptolemy.actor.util.CausalityInterfaceForComposites._computeOutputPortDepth(CausalityInterfaceForComposites.java:765)
	at ptolemy.actor.util.CausalityInterfaceForComposites._computeInputDepth(CausalityInterfaceForComposites.java:696)
	at ptolemy.actor.util.CausalityInterfaceForComposites._computeActorDepth(CausalityInterfaceForComposites.java:532)
	at ptolemy.actor.util.CausalityInterfaceForComposites.checkForCycles(CausalityInterfaceForComposites.java:96)
	at ptolemy.domains.de.kernel.DEDirector.preinitialize(DEDirector.java:1338)
	at ptolemy.actor.CompositeActor.preinitialize(CompositeActor.java:1828)
	at ptolemy.actor.Manager.preinitializeAndResolveTypes(Manager.java:1040)
	at ptolemy.actor.Manager.initialize(Manager.java:710)
	at ptolemy.actor.Manager.execute(Manager.java:356)
	at ptolemy.actor.Manager.run(Manager.java:1263)
	at ptolemy.actor.Manager$PtolemyRunThread.run(Manager.java:1933)
java.lang.reflect.InvocationTargetException
	at java.base/jdk.internal.reflect.NativeConstructorAccessorImpl.newInstance0(Native Method)
	at java.base/jdk.internal.reflect.NativeConstructorAccessorImpl.newInstance(NativeConstructorAccessorImpl.java:62)
	at java.base/jdk.internal.reflect.DelegatingConstructorAccessorImpl.newInstance(DelegatingConstructorAccessorImpl.java:45)
	at java.base/java.lang.reflect.Constructor.newInstance(Constructor.java:490)
	at ptolemy.util.test.junit.AutoKnownFailedTests.RunModel(AutoKnownFailedTests.java:105)
	at java.base/jdk.internal.reflect.NativeMethodAccessorImpl.invoke0(Native Method)
	at java.base/jdk.internal.reflect.NativeMethodAccessorImpl.invoke(NativeMethodAccessorImpl.java:62)
	at java.base/jdk.internal.reflect.DelegatingMethodAccessorImpl.invoke(DelegatingMethodAccessorImpl.java:43)
	at java.base/java.lang.reflect.Method.invoke(Method.java:566)
	at org.junit.runners.model.FrameworkMethod$1.runReflectiveCall(FrameworkMethod.java:44)
	at org.junit.internal.runners.model.ReflectiveCallable.run(ReflectiveCallable.java:15)
	at org.junit.runners.model.FrameworkMethod.invokeExplosively(FrameworkMethod.java:41)
	at junitparams.internal.InvokeParameterisedMethod.evaluate(InvokeParameterisedMethod.java:102)
	at org.junit.internal.runners.statements.FailOnTimeout$1.run(FailOnTimeout.java:28)
Caused by: ptolemy.kernel.util.IllegalActionException: Found a zero delay loop containing .HierarchicalModel.A
  in .HierarchicalModel and .HierarchicalModel.A
	at ptolemy.actor.util.CausalityInterfaceForComposites._computeOutputPortDepth(CausalityInterfaceForComposites.java:759)
	at ptolemy.actor.util.CausalityInterfaceForComposites._computeInputDepth(CausalityInterfaceForComposites.java:696)
	at ptolemy.actor.util.CausalityInterfaceForComposites._computeOutputPortDepth(CausalityInterfaceForComposites.java:765)
	at ptolemy.actor.util.CausalityInterfaceForComposites._computeInputDepth(CausalityInterfaceForComposites.java:696)
	at ptolemy.actor.util.CausalityInterfaceForComposites._computeOutputPortDepth(CausalityInterfaceForComposites.java:765)
	at ptolemy.actor.util.CausalityInterfaceForComposites._computeInputDepth(CausalityInterfaceForComposites.java:696)
	at ptolemy.actor.util.CausalityInterfaceForComposites._computeActorDepth(CausalityInterfaceForComposites.java:532)
	at ptolemy.actor.util.CausalityInterfaceForComposites.checkForCycles(CausalityInterfaceForComposites.java:96)
	at ptolemy.domains.de.kernel.DEDirector.preinitialize(DEDirector.java:1338)
	at ptolemy.actor.CompositeActor.preinitialize(CompositeActor.java:1828)
	at ptolemy.actor.Manager.preinitializeAndResolveTypes(Manager.java:1040)
	at ptolemy.actor.Manager.initialize(Manager.java:710)
	at ptolemy.actor.Manager.execute(Manager.java:356)
	at ptolemy.actor.Manager.run(Manager.java:1263)
	at ptolemy.actor.Manager$PtolemyRunThread.run(Manager.java:1933)
java.lang.RuntimeException: Execution failed
	at ptolemy.moml.MoMLSimpleApplication$UnloadThread.run(MoMLSimpleApplication.java:402)
Caused by: ptolemy.kernel.util.IllegalActionException: Found a zero delay loop containing .dependencyLoop.original
  in .dependencyLoop and .dependencyLoop.original
	at ptolemy.actor.util.CausalityInterfaceForComposites._computeOutputPortDepth(CausalityInterfaceForComposites.java:759)
	at ptolemy.actor.util.CausalityInterfaceForComposites._computeInputDepth(CausalityInterfaceForComposites.java:696)
	at ptolemy.actor.util.CausalityInterfaceForComposites._computeOutputPortDepth(CausalityInterfaceForComposites.java:765)
	at ptolemy.actor.util.CausalityInterfaceForComposites._computeInputDepth(CausalityInterfaceForComposites.java:696)
	at ptolemy.actor.util.CausalityInterfaceForComposites._computeOutputPortDepth(CausalityInterfaceForComposites.java:765)
	at ptolemy.actor.util.CausalityInterfaceForComposites._computeInputDepth(CausalityInterfaceForComposites.java:696)
	at ptolemy.actor.util.CausalityInterfaceForComposites._computeActorDepth(CausalityInterfaceForComposites.java:532)
	at ptolemy.actor.util.CausalityInterfaceForComposites.checkForCycles(CausalityInterfaceForComposites.java:96)
	at ptolemy.domains.de.kernel.DEDirector.preinitialize(DEDirector.java:1338)
	at ptolemy.actor.CompositeActor.preinitialize(CompositeActor.java:1828)
	at ptolemy.actor.Manager.preinitializeAndResolveTypes(Manager.java:1040)
	at ptolemy.actor.Manager.initialize(Manager.java:710)
	at ptolemy.actor.Manager.execute(Manager.java:356)
	at ptolemy.actor.Manager.run(Manager.java:1263)
	at ptolemy.actor.Manager$PtolemyRunThread.run(Manager.java:1933)
java.lang.reflect.InvocationTargetException
	at java.base/jdk.internal.reflect.NativeConstructorAccessorImpl.newInstance0(Native Method)
	at java.base/jdk.internal.reflect.NativeConstructorAccessorImpl.newInstance(NativeConstructorAccessorImpl.java:62)
	at java.base/jdk.internal.reflect.DelegatingConstructorAccessorImpl.newInstance(DelegatingConstructorAccessorImpl.java:45)
	at java.base/java.lang.reflect.Constructor.newInstance(Constructor.java:490)
	at ptolemy.util.test.junit.AutoKnownFailedTests.RunModel(AutoKnownFailedTests.java:105)
	at java.base/jdk.internal.reflect.NativeMethodAccessorImpl.invoke0(Native Method)
	at java.base/jdk.internal.reflect.NativeMethodAccessorImpl.invoke(NativeMethodAccessorImpl.java:62)
	at java.base/jdk.internal.reflect.DelegatingMethodAccessorImpl.invoke(DelegatingMethodAccessorImpl.java:43)
	at java.base/java.lang.reflect.Method.invoke(Method.java:566)
	at org.junit.runners.model.FrameworkMethod$1.runReflectiveCall(FrameworkMethod.java:44)
	at org.junit.internal.runners.model.ReflectiveCallable.run(ReflectiveCallable.java:15)
	at org.junit.runners.model.FrameworkMethod.invokeExplosively(FrameworkMethod.java:41)
	at junitparams.internal.InvokeParameterisedMethod.evaluate(InvokeParameterisedMethod.java:102)
	at org.junit.internal.runners.statements.FailOnTimeout$1.run(FailOnTimeout.java:28)
Caused by: ptolemy.kernel.util.IllegalActionException: Found a zero delay loop containing .dependencyLoop.original
  in .dependencyLoop and .dependencyLoop.original
	at ptolemy.actor.util.CausalityInterfaceForComposites._computeOutputPortDepth(CausalityInterfaceForComposites.java:759)
	at ptolemy.actor.util.CausalityInterfaceForComposites._computeInputDepth(CausalityInterfaceForComposites.java:696)
	at ptolemy.actor.util.CausalityInterfaceForComposites._computeOutputPortDepth(CausalityInterfaceForComposites.java:765)
	at ptolemy.actor.util.CausalityInterfaceForComposites._computeInputDepth(CausalityInterfaceForComposites.java:696)
	at ptolemy.actor.util.CausalityInterfaceForComposites._computeOutputPortDepth(CausalityInterfaceForComposites.java:765)
	at ptolemy.actor.util.CausalityInterfaceForComposites._computeInputDepth(CausalityInterfaceForComposites.java:696)
	at ptolemy.actor.util.CausalityInterfaceForComposites._computeActorDepth(CausalityInterfaceForComposites.java:532)
	at ptolemy.actor.util.CausalityInterfaceForComposites.checkForCycles(CausalityInterfaceForComposites.java:96)
	at ptolemy.domains.de.kernel.DEDirector.preinitialize(DEDirector.java:1338)
	at ptolemy.actor.CompositeActor.preinitialize(CompositeActor.java:1828)
	at ptolemy.actor.Manager.preinitializeAndResolveTypes(Manager.java:1040)
	at ptolemy.actor.Manager.initialize(Manager.java:710)
	at ptolemy.actor.Manager.execute(Manager.java:356)
	at ptolemy.actor.Manager.run(Manager.java:1263)
	at ptolemy.actor.Manager$PtolemyRunThread.run(Manager.java:1933)
java.lang.RuntimeException: Execution failed
	at ptolemy.moml.MoMLSimpleApplication$UnloadThread.run(MoMLSimpleApplication.java:402)
Caused by: ptolemy.kernel.util.IllegalActionException: Found a zero delay loop containing .dependencyLoop2.original
  in .dependencyLoop2 and .dependencyLoop2.original
	at ptolemy.actor.util.CausalityInterfaceForComposites._computeOutputPortDepth(CausalityInterfaceForComposites.java:759)
	at ptolemy.actor.util.CausalityInterfaceForComposites._computeInputDepth(CausalityInterfaceForComposites.java:696)
	at ptolemy.actor.util.CausalityInterfaceForComposites._computeOutputPortDepth(CausalityInterfaceForComposites.java:765)
	at ptolemy.actor.util.CausalityInterfaceForComposites._computeInputDepth(CausalityInterfaceForComposites.java:696)
	at ptolemy.actor.util.CausalityInterfaceForComposites._computeOutputPortDepth(CausalityInterfaceForComposites.java:765)
	at ptolemy.actor.util.CausalityInterfaceForComposites._computeInputDepth(CausalityInterfaceForComposites.java:696)
	at ptolemy.actor.util.CausalityInterfaceForComposites._computeActorDepth(CausalityInterfaceForComposites.java:532)
	at ptolemy.actor.util.CausalityInterfaceForComposites.checkForCycles(CausalityInterfaceForComposites.java:96)
	at ptolemy.domains.de.kernel.DEDirector.preinitialize(DEDirector.java:1338)
	at ptolemy.actor.CompositeActor.preinitialize(CompositeActor.java:1828)
	at ptolemy.actor.Manager.preinitializeAndResolveTypes(Manager.java:1040)
	at ptolemy.actor.Manager.initialize(Manager.java:710)
	at ptolemy.actor.Manager.execute(Manager.java:356)
	at ptolemy.actor.Manager.run(Manager.java:1263)
	at ptolemy.actor.Manager$PtolemyRunThread.run(Manager.java:1933)
java.lang.reflect.InvocationTargetException
	at java.base/jdk.internal.reflect.NativeConstructorAccessorImpl.newInstance0(Native Method)
	at java.base/jdk.internal.reflect.NativeConstructorAccessorImpl.newInstance(NativeConstructorAccessorImpl.java:62)
	at java.base/jdk.internal.reflect.DelegatingConstructorAccessorImpl.newInstance(DelegatingConstructorAccessorImpl.java:45)
	at java.base/java.lang.reflect.Constructor.newInstance(Constructor.java:490)
	at ptolemy.util.test.junit.AutoKnownFailedTests.RunModel(AutoKnownFailedTests.java:105)
	at java.base/jdk.internal.reflect.NativeMethodAccessorImpl.invoke0(Native Method)
	at java.base/jdk.internal.reflect.NativeMethodAccessorImpl.invoke(NativeMethodAccessorImpl.java:62)
	at java.base/jdk.internal.reflect.DelegatingMethodAccessorImpl.invoke(DelegatingMethodAccessorImpl.java:43)
	at java.base/java.lang.reflect.Method.invoke(Method.java:566)
	at org.junit.runners.model.FrameworkMethod$1.runReflectiveCall(FrameworkMethod.java:44)
	at org.junit.internal.runners.model.ReflectiveCallable.run(ReflectiveCallable.java:15)
	at org.junit.runners.model.FrameworkMethod.invokeExplosively(FrameworkMethod.java:41)
	at junitparams.internal.InvokeParameterisedMethod.evaluate(InvokeParameterisedMethod.java:102)
	at org.junit.internal.runners.statements.FailOnTimeout$1.run(FailOnTimeout.java:28)
Caused by: ptolemy.kernel.util.IllegalActionException: Found a zero delay loop containing .dependencyLoop2.original
  in .dependencyLoop2 and .dependencyLoop2.original
	at ptolemy.actor.util.CausalityInterfaceForComposites._computeOutputPortDepth(CausalityInterfaceForComposites.java:759)
	at ptolemy.actor.util.CausalityInterfaceForComposites._computeInputDepth(CausalityInterfaceForComposites.java:696)
	at ptolemy.actor.util.CausalityInterfaceForComposites._computeOutputPortDepth(CausalityInterfaceForComposites.java:765)
	at ptolemy.actor.util.CausalityInterfaceForComposites._computeInputDepth(CausalityInterfaceForComposites.java:696)
	at ptolemy.actor.util.CausalityInterfaceForComposites._computeOutputPortDepth(CausalityInterfaceForComposites.java:765)
	at ptolemy.actor.util.CausalityInterfaceForComposites._computeInputDepth(CausalityInterfaceForComposites.java:696)
	at ptolemy.actor.util.CausalityInterfaceForComposites._computeActorDepth(CausalityInterfaceForComposites.java:532)
	at ptolemy.actor.util.CausalityInterfaceForComposites.checkForCycles(CausalityInterfaceForComposites.java:96)
	at ptolemy.domains.de.kernel.DEDirector.preinitialize(DEDirector.java:1338)
	at ptolemy.actor.CompositeActor.preinitialize(CompositeActor.java:1828)
	at ptolemy.actor.Manager.preinitializeAndResolveTypes(Manager.java:1040)
	at ptolemy.actor.Manager.initialize(Manager.java:710)
	at ptolemy.actor.Manager.execute(Manager.java:356)
	at ptolemy.actor.Manager.run(Manager.java:1263)
	at ptolemy.actor.Manager$PtolemyRunThread.run(Manager.java:1933)
]]></system-err>
</testsuite>
