<?xml version="1.0" encoding="UTF-8" ?>
<testsuite errors="0" failures="0" hostname="travis-job-a80ced7b-f350-46b9-9322-6851112ec63e" name="ptolemy.domains.continuous.test.junit.JUnitTclTest" skipped="0" tests="156" time="68.417" timestamp="2020-07-03T14:54:24">
  <properties>
[...]
</properties>
  <testcase classname="ptolemy.util.test.junit.TclTests" name="[0] ThereAreNoTclTests (RunTclFile)" time="0.008" />
  <testcase classname="ptolemy.util.test.junit.AutoKnownFailedTests" name="[0] ThereAreNoKnowFailedTests (RunModel)" time="0.001" />
  <testcase classname="ptolemy.util.test.junit.AutoNameArchTests" name="[0] ThereAreNoAutoArchTests (RunModel)" time="0.008" />
  <testcase classname="ptolemy.util.test.junit.AutoTests" name="[0] /home/travis/build/icyphy/ptII/ptolemy/domains/continuous/test/auto/BouncingBall.xml (RunModel)" time="2.882" />
  <testcase classname="ptolemy.util.test.junit.AutoTests" name="[1] /home/travis/build/icyphy/ptII/ptolemy/domains/continuous/test/auto/BouncingBallWithoutGR.xml (RunModel)" time="0.869" />
  <testcase classname="ptolemy.util.test.junit.AutoTests" name="[2] /home/travis/build/icyphy/ptII/ptolemy/domains/continuous/test/auto/Brownian.xml (RunModel)" time="0.089" />
  <testcase classname="ptolemy.util.test.junit.AutoTests" name="[3] /home/travis/build/icyphy/ptII/ptolemy/domains/continuous/test/auto/CarTracking.xml (RunModel)" time="3.65" />
  <testcase classname="ptolemy.util.test.junit.AutoTests" name="[4] /home/travis/build/icyphy/ptII/ptolemy/domains/continuous/test/auto/CartPendulum.xml (RunModel)" time="0.403" />
  <testcase classname="ptolemy.util.test.junit.AutoTests" name="[5] /home/travis/build/icyphy/ptII/ptolemy/domains/continuous/test/auto/CausalityInterface10.xml (RunModel)" time="0.037" />
  <testcase classname="ptolemy.util.test.junit.AutoTests" name="[6] /home/travis/build/icyphy/ptII/ptolemy/domains/continuous/test/auto/CausalityInterface11.xml (RunModel)" time="0.023" />
  <testcase classname="ptolemy.util.test.junit.AutoTests" name="[7] /home/travis/build/icyphy/ptII/ptolemy/domains/continuous/test/auto/CausalityInterface12.xml (RunModel)" time="0.022" />
  <testcase classname="ptolemy.util.test.junit.AutoTests" name="[8] /home/travis/build/icyphy/ptII/ptolemy/domains/continuous/test/auto/CausalityInterface13.xml (RunModel)" time="0.04" />
  <testcase classname="ptolemy.util.test.junit.AutoTests" name="[9] /home/travis/build/icyphy/ptII/ptolemy/domains/continuous/test/auto/CausalityInterface14.xml (RunModel)" time="0.016" />
  <testcase classname="ptolemy.util.test.junit.AutoTests" name="[10] /home/travis/build/icyphy/ptII/ptolemy/domains/continuous/test/auto/CausalityInterface4.xml (RunModel)" time="0.02" />
  <testcase classname="ptolemy.util.test.junit.AutoTests" name="[11] /home/travis/build/icyphy/ptII/ptolemy/domains/continuous/test/auto/CausalityInterface5.xml (RunModel)" time="0.027" />
  <testcase classname="ptolemy.util.test.junit.AutoTests" name="[12] /home/travis/build/icyphy/ptII/ptolemy/domains/continuous/test/auto/CausalityInterface6.xml (RunModel)" time="0.019" />
  <testcase classname="ptolemy.util.test.junit.AutoTests" name="[13] /home/travis/build/icyphy/ptII/ptolemy/domains/continuous/test/auto/CausalityInterface7.xml (RunModel)" time="0.034" />
  <testcase classname="ptolemy.util.test.junit.AutoTests" name="[14] /home/travis/build/icyphy/ptII/ptolemy/domains/continuous/test/auto/CausalityInterface8.xml (RunModel)" time="0.035" />
  <testcase classname="ptolemy.util.test.junit.AutoTests" name="[15] /home/travis/build/icyphy/ptII/ptolemy/domains/continuous/test/auto/CausalityInterface9.xml (RunModel)" time="0.037" />
  <testcase classname="ptolemy.util.test.junit.AutoTests" name="[16] /home/travis/build/icyphy/ptII/ptolemy/domains/continuous/test/auto/CausalityInterfaceFeedback1.xml (RunModel)" time="0.025" />
  <testcase classname="ptolemy.util.test.junit.AutoTests" name="[17] /home/travis/build/icyphy/ptII/ptolemy/domains/continuous/test/auto/CausalityInterfaceFeedback2.xml (RunModel)" time="0.031" />
  <testcase classname="ptolemy.util.test.junit.AutoTests" name="[18] /home/travis/build/icyphy/ptII/ptolemy/domains/continuous/test/auto/CompareWithCurrentTime.xml (RunModel)" time="0.021" />
  <testcase classname="ptolemy.util.test.junit.AutoTests" name="[19] /home/travis/build/icyphy/ptII/ptolemy/domains/continuous/test/auto/ComparedClocks.xml (RunModel)" time="0.065" />
  <testcase classname="ptolemy.util.test.junit.AutoTests" name="[20] /home/travis/build/icyphy/ptII/ptolemy/domains/continuous/test/auto/ContinuousAOCClone.xml (RunModel)" time="2.379" />
  <testcase classname="ptolemy.util.test.junit.AutoTests" name="[21] /home/travis/build/icyphy/ptII/ptolemy/domains/continuous/test/auto/ContinuousClock.xml (RunModel)" time="0.077" />
  <testcase classname="ptolemy.util.test.junit.AutoTests" name="[22] /home/travis/build/icyphy/ptII/ptolemy/domains/continuous/test/auto/ContinuousInContinuous.xml (RunModel)" time="0.09" />
  <testcase classname="ptolemy.util.test.junit.AutoTests" name="[23] /home/travis/build/icyphy/ptII/ptolemy/domains/continuous/test/auto/ContinuousInContinuousInContinuous.xml (RunModel)" time="0.026" />
  <testcase classname="ptolemy.util.test.junit.AutoTests" name="[24] /home/travis/build/icyphy/ptII/ptolemy/domains/continuous/test/auto/ContinuousInDE.xml (RunModel)" time="0.136" />
  <testcase classname="ptolemy.util.test.junit.AutoTests" name="[25] /home/travis/build/icyphy/ptII/ptolemy/domains/continuous/test/auto/ContinuousInDE2.xml (RunModel)" time="0.052" />
  <testcase classname="ptolemy.util.test.junit.AutoTests" name="[26] /home/travis/build/icyphy/ptII/ptolemy/domains/continuous/test/auto/ContinuousInDE3.xml (RunModel)" time="0.06" />
  <testcase classname="ptolemy.util.test.junit.AutoTests" name="[27] /home/travis/build/icyphy/ptII/ptolemy/domains/continuous/test/auto/ContinuousInDE4.xml (RunModel)" time="0.034" />
  <testcase classname="ptolemy.util.test.junit.AutoTests" name="[28] /home/travis/build/icyphy/ptII/ptolemy/domains/continuous/test/auto/ContinuousInDEDifferentRefinements.xml (RunModel)" time="0.116" />
  <testcase classname="ptolemy.util.test.junit.AutoTests" name="[29] /home/travis/build/icyphy/ptII/ptolemy/domains/continuous/test/auto/ContinuousInDEDifferentRefinementsPreemptive.xml (RunModel)" time="0.095" />
  <testcase classname="ptolemy.util.test.junit.AutoTests" name="[30] /home/travis/build/icyphy/ptII/ptolemy/domains/continuous/test/auto/ContinuousInDEInContinuous2.xml (RunModel)" time="0.064" />
  <testcase classname="ptolemy.util.test.junit.AutoTests" name="[31] /home/travis/build/icyphy/ptII/ptolemy/domains/continuous/test/auto/ContinuousInDEInContinuous3.xml (RunModel)" time="0.068" />
  <testcase classname="ptolemy.util.test.junit.AutoTests" name="[32] /home/travis/build/icyphy/ptII/ptolemy/domains/continuous/test/auto/ContinuousInDEInput.xml (RunModel)" time="0.033" />
  <testcase classname="ptolemy.util.test.junit.AutoTests" name="[33] /home/travis/build/icyphy/ptII/ptolemy/domains/continuous/test/auto/ContinuousInDEInput2.xml (RunModel)" time="0.03" />
  <testcase classname="ptolemy.util.test.junit.AutoTests" name="[34] /home/travis/build/icyphy/ptII/ptolemy/domains/continuous/test/auto/ContinuousInDEInput3.xml (RunModel)" time="0.025" />
  <testcase classname="ptolemy.util.test.junit.AutoTests" name="[35] /home/travis/build/icyphy/ptII/ptolemy/domains/continuous/test/auto/ContinuousInDESharingRefinement.xml (RunModel)" time="0.156" />
  <testcase classname="ptolemy.util.test.junit.AutoTests" name="[36] /home/travis/build/icyphy/ptII/ptolemy/domains/continuous/test/auto/ContinuousInDEwithNoPorts.xml (RunModel)" time="0.016" />
  <testcase classname="ptolemy.util.test.junit.AutoTests" name="[37] /home/travis/build/icyphy/ptII/ptolemy/domains/continuous/test/auto/ContinuousInsideDE.xml (RunModel)" time="0.085" />
  <testcase classname="ptolemy.util.test.junit.AutoTests" name="[38] /home/travis/build/icyphy/ptII/ptolemy/domains/continuous/test/auto/ContinuousMerge1.xml (RunModel)" time="0.022" />
  <testcase classname="ptolemy.util.test.junit.AutoTests" name="[39] /home/travis/build/icyphy/ptII/ptolemy/domains/continuous/test/auto/ContinuousMerge2.xml (RunModel)" time="0.041" />
  <testcase classname="ptolemy.util.test.junit.AutoTests" name="[40] /home/travis/build/icyphy/ptII/ptolemy/domains/continuous/test/auto/ContinuousMerge3.xml (RunModel)" time="0.065" />
  <testcase classname="ptolemy.util.test.junit.AutoTests" name="[41] /home/travis/build/icyphy/ptII/ptolemy/domains/continuous/test/auto/ContinuousWithinContinuous.xml (RunModel)" time="0.051" />
  <testcase classname="ptolemy.util.test.junit.AutoTests" name="[42] /home/travis/build/icyphy/ptII/ptolemy/domains/continuous/test/auto/ContinuousWithinContinuous2.xml (RunModel)" time="0.066" />
  <testcase classname="ptolemy.util.test.junit.AutoTests" name="[43] /home/travis/build/icyphy/ptII/ptolemy/domains/continuous/test/auto/ContinuousWithinContinuous3.xml (RunModel)" time="0.026" />
  <testcase classname="ptolemy.util.test.junit.AutoTests" name="[44] /home/travis/build/icyphy/ptII/ptolemy/domains/continuous/test/auto/ContinuousWithinContinuous4.xml (RunModel)" time="0.071" />
  <testcase classname="ptolemy.util.test.junit.AutoTests" name="[45] /home/travis/build/icyphy/ptII/ptolemy/domains/continuous/test/auto/ContinuousWithinContinuous5.xml (RunModel)" time="0.025" />
  <testcase classname="ptolemy.util.test.junit.AutoTests" name="[46] /home/travis/build/icyphy/ptII/ptolemy/domains/continuous/test/auto/ContinuousWithinContinuous6.xml (RunModel)" time="0.032" />
  <testcase classname="ptolemy.util.test.junit.AutoTests" name="[47] /home/travis/build/icyphy/ptII/ptolemy/domains/continuous/test/auto/ContinuousWithinContinuous7.xml (RunModel)" time="0.062" />
  <testcase classname="ptolemy.util.test.junit.AutoTests" name="[48] /home/travis/build/icyphy/ptII/ptolemy/domains/continuous/test/auto/DCMotor.xml (RunModel)" time="13.201" />
  <testcase classname="ptolemy.util.test.junit.AutoTests" name="[49] /home/travis/build/icyphy/ptII/ptolemy/domains/continuous/test/auto/DEInContinuous.xml (RunModel)" time="0.028" />
  <testcase classname="ptolemy.util.test.junit.AutoTests" name="[50] /home/travis/build/icyphy/ptII/ptolemy/domains/continuous/test/auto/DEinContinuous2.xml (RunModel)" time="0.021" />
  <testcase classname="ptolemy.util.test.junit.AutoTests" name="[51] /home/travis/build/icyphy/ptII/ptolemy/domains/continuous/test/auto/Derivative.xml (RunModel)" time="0.172" />
  <testcase classname="ptolemy.util.test.junit.AutoTests" name="[52] /home/travis/build/icyphy/ptII/ptolemy/domains/continuous/test/auto/Derivative1.xml (RunModel)" time="0.055" />
  <testcase classname="ptolemy.util.test.junit.AutoTests" name="[53] /home/travis/build/icyphy/ptII/ptolemy/domains/continuous/test/auto/DiscreteClock.xml (RunModel)" time="0.012" />
  <testcase classname="ptolemy.util.test.junit.AutoTests" name="[54] /home/travis/build/icyphy/ptII/ptolemy/domains/continuous/test/auto/EfficiencyCurve.xml (RunModel)" time="0.07" />
  <testcase classname="ptolemy.util.test.junit.AutoTests" name="[55] /home/travis/build/icyphy/ptII/ptolemy/domains/continuous/test/auto/ExponentialResponse.xml (RunModel)" time="0.107" />
  <testcase classname="ptolemy.util.test.junit.AutoTests" name="[56] /home/travis/build/icyphy/ptII/ptolemy/domains/continuous/test/auto/ExponentialResponseRK45.xml (RunModel)" time="0.029" />
  <testcase classname="ptolemy.util.test.junit.AutoTests" name="[57] /home/travis/build/icyphy/ptII/ptolemy/domains/continuous/test/auto/Friction.xml (RunModel)" time="1.515" />
  <testcase classname="ptolemy.util.test.junit.AutoTests" name="[58] /home/travis/build/icyphy/ptII/ptolemy/domains/continuous/test/auto/FurutaPendulum.xml (RunModel)" time="2.948" />
  <testcase classname="ptolemy.util.test.junit.AutoTests" name="[59] /home/travis/build/icyphy/ptII/ptolemy/domains/continuous/test/auto/HierarchicalExecution.xml (RunModel)" time="1.825" />
  <testcase classname="ptolemy.util.test.junit.AutoTests" name="[60] /home/travis/build/icyphy/ptII/ptolemy/domains/continuous/test/auto/HybridPlant.xml (RunModel)" time="0.551" />
  <testcase classname="ptolemy.util.test.junit.AutoTests" name="[61] /home/travis/build/icyphy/ptII/ptolemy/domains/continuous/test/auto/Hysteresis.xml (RunModel)" time="0.18" />
  <testcase classname="ptolemy.util.test.junit.AutoTests" name="[62] /home/travis/build/icyphy/ptII/ptolemy/domains/continuous/test/auto/HysteresisWithRandomDelay.xml (RunModel)" time="0.222" />
  <testcase classname="ptolemy.util.test.junit.AutoTests" name="[63] /home/travis/build/icyphy/ptII/ptolemy/domains/continuous/test/auto/HysteresisWithRandomLosses.xml (RunModel)" time="2.267" />
  <testcase classname="ptolemy.util.test.junit.AutoTests" name="[64] /home/travis/build/icyphy/ptII/ptolemy/domains/continuous/test/auto/ImmediateTransitions.xml (RunModel)" time="0.033" />
  <testcase classname="ptolemy.util.test.junit.AutoTests" name="[65] /home/travis/build/icyphy/ptII/ptolemy/domains/continuous/test/auto/ImpulseFeedback.xml (RunModel)" time="0.019" />
  <testcase classname="ptolemy.util.test.junit.AutoTests" name="[66] /home/travis/build/icyphy/ptII/ptolemy/domains/continuous/test/auto/ImpulseFeedback2.xml (RunModel)" time="0.016" />
  <testcase classname="ptolemy.util.test.junit.AutoTests" name="[67] /home/travis/build/icyphy/ptII/ptolemy/domains/continuous/test/auto/IncreasingRatePoisson.xml (RunModel)" time="0.643" />
  <testcase classname="ptolemy.util.test.junit.AutoTests" name="[68] /home/travis/build/icyphy/ptII/ptolemy/domains/continuous/test/auto/InitialStateFeedback.xml (RunModel)" time="0.023" />
  <testcase classname="ptolemy.util.test.junit.AutoTests" name="[69] /home/travis/build/icyphy/ptII/ptolemy/domains/continuous/test/auto/Integration.xml (RunModel)" time="0.01" />
  <testcase classname="ptolemy.util.test.junit.AutoTests" name="[70] /home/travis/build/icyphy/ptII/ptolemy/domains/continuous/test/auto/Integration2.xml (RunModel)" time="0.084" />
  <testcase classname="ptolemy.util.test.junit.AutoTests" name="[71] /home/travis/build/icyphy/ptII/ptolemy/domains/continuous/test/auto/Integration3.xml (RunModel)" time="0.01" />
  <testcase classname="ptolemy.util.test.junit.AutoTests" name="[72] /home/travis/build/icyphy/ptII/ptolemy/domains/continuous/test/auto/Integration5.xml (RunModel)" time="0.008" />
  <testcase classname="ptolemy.util.test.junit.AutoTests" name="[73] /home/travis/build/icyphy/ptII/ptolemy/domains/continuous/test/auto/IntegratorImpulse.xml (RunModel)" time="0.007" />
  <testcase classname="ptolemy.util.test.junit.AutoTests" name="[74] /home/travis/build/icyphy/ptII/ptolemy/domains/continuous/test/auto/IntegratorImpulse2.xml (RunModel)" time="0.009" />
  <testcase classname="ptolemy.util.test.junit.AutoTests" name="[75] /home/travis/build/icyphy/ptII/ptolemy/domains/continuous/test/auto/LevelCrossing1.xml (RunModel)" time="0.01" />
  <testcase classname="ptolemy.util.test.junit.AutoTests" name="[76] /home/travis/build/icyphy/ptII/ptolemy/domains/continuous/test/auto/LevelCrossing2.xml (RunModel)" time="0.013" />
  <testcase classname="ptolemy.util.test.junit.AutoTests" name="[77] /home/travis/build/icyphy/ptII/ptolemy/domains/continuous/test/auto/LevelCrossing3.xml (RunModel)" time="0.01" />
  <testcase classname="ptolemy.util.test.junit.AutoTests" name="[78] /home/travis/build/icyphy/ptII/ptolemy/domains/continuous/test/auto/LevelCrossing4.xml (RunModel)" time="0.011" />
  <testcase classname="ptolemy.util.test.junit.AutoTests" name="[79] /home/travis/build/icyphy/ptII/ptolemy/domains/continuous/test/auto/LevelCrossing5.xml (RunModel)" time="0.013" />
  <testcase classname="ptolemy.util.test.junit.AutoTests" name="[80] /home/travis/build/icyphy/ptII/ptolemy/domains/continuous/test/auto/LevelCrossing6.xml (RunModel)" time="0.01" />
  <testcase classname="ptolemy.util.test.junit.AutoTests" name="[81] /home/travis/build/icyphy/ptII/ptolemy/domains/continuous/test/auto/LevelCrossingDetector.xml (RunModel)" time="0.029" />
  <testcase classname="ptolemy.util.test.junit.AutoTests" name="[82] /home/travis/build/icyphy/ptII/ptolemy/domains/continuous/test/auto/LevelCrossingDetectorDetectingDirections.xml (RunModel)" time="0.076" />
  <testcase classname="ptolemy.util.test.junit.AutoTests" name="[83] /home/travis/build/icyphy/ptII/ptolemy/domains/continuous/test/auto/LevelCrossingDetectorDetectsGlitches.xml (RunModel)" time="0.055" />
  <testcase classname="ptolemy.util.test.junit.AutoTests" name="[84] /home/travis/build/icyphy/ptII/ptolemy/domains/continuous/test/auto/LevelCrossingNoInitialOuput.xml (RunModel)" time="0.015" />
  <testcase classname="ptolemy.util.test.junit.AutoTests" name="[85] /home/travis/build/icyphy/ptII/ptolemy/domains/continuous/test/auto/LinearStateSpaceExample.xml (RunModel)" time="0.054" />
  <testcase classname="ptolemy.util.test.junit.AutoTests" name="[86] /home/travis/build/icyphy/ptII/ptolemy/domains/continuous/test/auto/Lorenz.xml (RunModel)" time="3.235" />
  <testcase classname="ptolemy.util.test.junit.AutoTests" name="[87] /home/travis/build/icyphy/ptII/ptolemy/domains/continuous/test/auto/LorenzDifferentialSystem.xml (RunModel)" time="0.872" />
  <testcase classname="ptolemy.util.test.junit.AutoTests" name="[88] /home/travis/build/icyphy/ptII/ptolemy/domains/continuous/test/auto/LorenzDifferentialSystemWithInput.xml (RunModel)" time="1.354" />
  <testcase classname="ptolemy.util.test.junit.AutoTests" name="[89] /home/travis/build/icyphy/ptII/ptolemy/domains/continuous/test/auto/LorenzDifferentialSystemWithTime.xml (RunModel)" time="0.707" />
  <testcase classname="ptolemy.util.test.junit.AutoTests" name="[90] /home/travis/build/icyphy/ptII/ptolemy/domains/continuous/test/auto/Microsteps.xml (RunModel)" time="0.029" />
  <testcase classname="ptolemy.util.test.junit.AutoTests" name="[91] /home/travis/build/icyphy/ptII/ptolemy/domains/continuous/test/auto/Modal1.xml (RunModel)" time="0.036" />
  <testcase classname="ptolemy.util.test.junit.AutoTests" name="[92] /home/travis/build/icyphy/ptII/ptolemy/domains/continuous/test/auto/Modal2.xml (RunModel)" time="0.046" />
  <testcase classname="ptolemy.util.test.junit.AutoTests" name="[93] /home/travis/build/icyphy/ptII/ptolemy/domains/continuous/test/auto/ModalTransitionGuardWithReset.xml (RunModel)" time="0.027" />
  <testcase classname="ptolemy.util.test.junit.AutoTests" name="[94] /home/travis/build/icyphy/ptII/ptolemy/domains/continuous/test/auto/ModalTransitionGuardWithResetUsingPreemptiveTransition.xml (RunModel)" time="0.03" />
  <testcase classname="ptolemy.util.test.junit.AutoTests" name="[95] /home/travis/build/icyphy/ptII/ptolemy/domains/continuous/test/auto/ModalTransitionGuardWithResetUsingPreemptiveTransition2.xml (RunModel)" time="0.026" />
  <testcase classname="ptolemy.util.test.junit.AutoTests" name="[96] /home/travis/build/icyphy/ptII/ptolemy/domains/continuous/test/auto/ModalTransitionGuardWithResetUsingPreemptiveTransition3.xml (RunModel)" time="0.024" />
  <testcase classname="ptolemy.util.test.junit.AutoTests" name="[97] /home/travis/build/icyphy/ptII/ptolemy/domains/continuous/test/auto/NewtonsCradle.xml (RunModel)" time="0.763" />
  <testcase classname="ptolemy.util.test.junit.AutoTests" name="[98] /home/travis/build/icyphy/ptII/ptolemy/domains/continuous/test/auto/NewtonsCradleAnimated.xml (RunModel)" time="1.202" />
  <testcase classname="ptolemy.util.test.junit.AutoTests" name="[99] /home/travis/build/icyphy/ptII/ptolemy/domains/continuous/test/auto/NewtonsCradleComplicated.xml (RunModel)" time="0.939" />
  <testcase classname="ptolemy.util.test.junit.AutoTests" name="[100] /home/travis/build/icyphy/ptII/ptolemy/domains/continuous/test/auto/NewtonsCradleNondeterministic.xml (RunModel)" time="0.625" />
  <testcase classname="ptolemy.util.test.junit.AutoTests" name="[101] /home/travis/build/icyphy/ptII/ptolemy/domains/continuous/test/auto/NewtonsCradlePerfectlyInelastic1.xml (RunModel)" time="1.254" />
  <testcase classname="ptolemy.util.test.junit.AutoTests" name="[102] /home/travis/build/icyphy/ptII/ptolemy/domains/continuous/test/auto/Noise.xml (RunModel)" time="0.192" />
  <testcase classname="ptolemy.util.test.junit.AutoTests" name="[103] /home/travis/build/icyphy/ptII/ptolemy/domains/continuous/test/auto/NoiseSpectrum.xml (RunModel)" time="0.633" />
  <testcase classname="ptolemy.util.test.junit.AutoTests" name="[104] /home/travis/build/icyphy/ptII/ptolemy/domains/continuous/test/auto/ParameterizedNewtonsCradleAnimated.xml (RunModel)" time="0.306" />
  <testcase classname="ptolemy.util.test.junit.AutoTests" name="[105] /home/travis/build/icyphy/ptII/ptolemy/domains/continuous/test/auto/ParameterizedNewtonsCradleAnimatedNondeterministic.xml (RunModel)" time="1.12" />
  <testcase classname="ptolemy.util.test.junit.AutoTests" name="[106] /home/travis/build/icyphy/ptII/ptolemy/domains/continuous/test/auto/Pendulum3D.xml (RunModel)" time="0.165" />
  <testcase classname="ptolemy.util.test.junit.AutoTests" name="[107] /home/travis/build/icyphy/ptII/ptolemy/domains/continuous/test/auto/PeriodicSampler.xml (RunModel)" time="0.01" />
  <testcase classname="ptolemy.util.test.junit.AutoTests" name="[108] /home/travis/build/icyphy/ptII/ptolemy/domains/continuous/test/auto/PeriodicSampler1.xml (RunModel)" time="0.038" />
  <testcase classname="ptolemy.util.test.junit.AutoTests" name="[109] /home/travis/build/icyphy/ptII/ptolemy/domains/continuous/test/auto/PeriodicSampler2.xml (RunModel)" time="0.077" />
  <testcase classname="ptolemy.util.test.junit.AutoTests" name="[110] /home/travis/build/icyphy/ptII/ptolemy/domains/continuous/test/auto/Poisson.xml (RunModel)" time="0.447" />
  <testcase classname="ptolemy.util.test.junit.AutoTests" name="[111] /home/travis/build/icyphy/ptII/ptolemy/domains/continuous/test/auto/PoissonClock.xml (RunModel)" time="0.012" />
  <testcase classname="ptolemy.util.test.junit.AutoTests" name="[112] /home/travis/build/icyphy/ptII/ptolemy/domains/continuous/test/auto/PoissonClock2.xml (RunModel)" time="0.011" />
  <testcase classname="ptolemy.util.test.junit.AutoTests" name="[113] /home/travis/build/icyphy/ptII/ptolemy/domains/continuous/test/auto/PortParameterHierarchy.xml (RunModel)" time="0.024" />
  <testcase classname="ptolemy.util.test.junit.AutoTests" name="[114] /home/travis/build/icyphy/ptII/ptolemy/domains/continuous/test/auto/RandomHybridPlant.xml (RunModel)" time="0.536" />
  <testcase classname="ptolemy.util.test.junit.AutoTests" name="[115] /home/travis/build/icyphy/ptII/ptolemy/domains/continuous/test/auto/ResetTransitionWithStartTime1.xml (RunModel)" time="0.028" />
  <testcase classname="ptolemy.util.test.junit.AutoTests" name="[116] /home/travis/build/icyphy/ptII/ptolemy/domains/continuous/test/auto/ResetTransitionWithStartTime2.xml (RunModel)" time="0.032" />
  <testcase classname="ptolemy.util.test.junit.AutoTests" name="[117] /home/travis/build/icyphy/ptII/ptolemy/domains/continuous/test/auto/ResetTransitionWithStartTime3.xml (RunModel)" time="0.04" />
  <testcase classname="ptolemy.util.test.junit.AutoTests" name="[118] /home/travis/build/icyphy/ptII/ptolemy/domains/continuous/test/auto/ResetTransitionWithStartTime4.xml (RunModel)" time="0.023" />
  <testcase classname="ptolemy.util.test.junit.AutoTests" name="[119] /home/travis/build/icyphy/ptII/ptolemy/domains/continuous/test/auto/ResetTransitionWithStartTime5.xml (RunModel)" time="0.029" />
  <testcase classname="ptolemy.util.test.junit.AutoTests" name="[120] /home/travis/build/icyphy/ptII/ptolemy/domains/continuous/test/auto/ResetTransitionWithStartTime6.xml (RunModel)" time="0.027" />
  <testcase classname="ptolemy.util.test.junit.AutoTests" name="[121] /home/travis/build/icyphy/ptII/ptolemy/domains/continuous/test/auto/SRinContinuous.xml (RunModel)" time="0.02" />
  <testcase classname="ptolemy.util.test.junit.AutoTests" name="[122] /home/travis/build/icyphy/ptII/ptolemy/domains/continuous/test/auto/SampledClocks.xml (RunModel)" time="0.032" />
  <testcase classname="ptolemy.util.test.junit.AutoTests" name="[123] /home/travis/build/icyphy/ptII/ptolemy/domains/continuous/test/auto/Satellite.xml (RunModel)" time="0.673" />
  <testcase classname="ptolemy.util.test.junit.AutoTests" name="[124] /home/travis/build/icyphy/ptII/ptolemy/domains/continuous/test/auto/SigmaDelta.xml (RunModel)" time="1.918" />
  <testcase classname="ptolemy.util.test.junit.AutoTests" name="[125] /home/travis/build/icyphy/ptII/ptolemy/domains/continuous/test/auto/SingleRefinement.xml (RunModel)" time="0.428" />
  <testcase classname="ptolemy.util.test.junit.AutoTests" name="[126] /home/travis/build/icyphy/ptII/ptolemy/domains/continuous/test/auto/SinuBouncingBall.xml (RunModel)" time="0.981" />
  <testcase classname="ptolemy.util.test.junit.AutoTests" name="[127] /home/travis/build/icyphy/ptII/ptolemy/domains/continuous/test/auto/Sinusoid.xml (RunModel)" time="0.018" />
  <testcase classname="ptolemy.util.test.junit.AutoTests" name="[128] /home/travis/build/icyphy/ptII/ptolemy/domains/continuous/test/auto/SinusoidInNoise.xml (RunModel)" time="0.859" />
  <testcase classname="ptolemy.util.test.junit.AutoTests" name="[129] /home/travis/build/icyphy/ptII/ptolemy/domains/continuous/test/auto/SinusoidRK45.xml (RunModel)" time="0.01" />
  <testcase classname="ptolemy.util.test.junit.AutoTests" name="[130] /home/travis/build/icyphy/ptII/ptolemy/domains/continuous/test/auto/SinusoidWithMultipleImpulses.xml (RunModel)" time="0.008" />
  <testcase classname="ptolemy.util.test.junit.AutoTests" name="[131] /home/travis/build/icyphy/ptII/ptolemy/domains/continuous/test/auto/SquareWave.xml (RunModel)" time="0.165" />
  <testcase classname="ptolemy.util.test.junit.AutoTests" name="[132] /home/travis/build/icyphy/ptII/ptolemy/domains/continuous/test/auto/Starmac.xml (RunModel)" time="3.351" />
  <testcase classname="ptolemy.util.test.junit.AutoTests" name="[133] /home/travis/build/icyphy/ptII/ptolemy/domains/continuous/test/auto/StaticUnits.xml (RunModel)" time="2.181" />
  <testcase classname="ptolemy.util.test.junit.AutoTests" name="[134] /home/travis/build/icyphy/ptII/ptolemy/domains/continuous/test/auto/StickyMasses.xml (RunModel)" time="0.195" />
  <testcase classname="ptolemy.util.test.junit.AutoTests" name="[135] /home/travis/build/icyphy/ptII/ptolemy/domains/continuous/test/auto/StopTime.xml (RunModel)" time="0.055" />
  <testcase classname="ptolemy.util.test.junit.AutoTests" name="[136] /home/travis/build/icyphy/ptII/ptolemy/domains/continuous/test/auto/StopTime2.xml (RunModel)" time="0.048" />
  <testcase classname="ptolemy.util.test.junit.AutoTests" name="[137] /home/travis/build/icyphy/ptII/ptolemy/domains/continuous/test/auto/Switch.xml (RunModel)" time="0.055" />
  <testcase classname="ptolemy.util.test.junit.AutoTests" name="[138] /home/travis/build/icyphy/ptII/ptolemy/domains/continuous/test/auto/Thermostat.xml (RunModel)" time="0.188" />
  <testcase classname="ptolemy.util.test.junit.AutoTests" name="[139] /home/travis/build/icyphy/ptII/ptolemy/domains/continuous/test/auto/TimeDelay.xml (RunModel)" time="0.013" />
  <testcase classname="ptolemy.util.test.junit.AutoTests" name="[140] /home/travis/build/icyphy/ptII/ptolemy/domains/continuous/test/auto/TimeDelay2.xml (RunModel)" time="0.022" />
  <testcase classname="ptolemy.util.test.junit.AutoTests" name="[141] /home/travis/build/icyphy/ptII/ptolemy/domains/continuous/test/auto/TimeDelay3.xml (RunModel)" time="0.008" />
  <testcase classname="ptolemy.util.test.junit.AutoTests" name="[142] /home/travis/build/icyphy/ptII/ptolemy/domains/continuous/test/auto/TransferAbsentToInside.xml (RunModel)" time="0.088" />
  <testcase classname="ptolemy.util.test.junit.AutoTests" name="[143] /home/travis/build/icyphy/ptII/ptolemy/domains/continuous/test/auto/Transmission.xml (RunModel)" time="0.757" />
  <testcase classname="ptolemy.util.test.junit.AutoTests" name="[144] /home/travis/build/icyphy/ptII/ptolemy/domains/continuous/test/auto/TriggeredContinuousClock.xml (RunModel)" time="0.077" />
  <testcase classname="ptolemy.util.test.junit.AutoTests" name="[145] /home/travis/build/icyphy/ptII/ptolemy/domains/continuous/test/auto/TwoMachineInfiniteBusControl.xml (RunModel)" time="2.609" />
  <testcase classname="ptolemy.util.test.junit.AutoTests" name="[146] /home/travis/build/icyphy/ptII/ptolemy/domains/continuous/test/auto/V2V.xml (RunModel)" time="0.821" />
  <testcase classname="ptolemy.util.test.junit.AutoTests" name="[147] /home/travis/build/icyphy/ptII/ptolemy/domains/continuous/test/auto/hierarchicalModalModel.xml (RunModel)" time="0.04" />
  <testcase classname="ptolemy.util.test.junit.AutoTests" name="[148] /home/travis/build/icyphy/ptII/ptolemy/domains/continuous/test/auto/hierarchicalModalModel1.xml (RunModel)" time="0.026" />
  <testcase classname="ptolemy.util.test.junit.AutoTests" name="[149] /home/travis/build/icyphy/ptII/ptolemy/domains/continuous/test/auto/hierarchicalModalModel2.xml (RunModel)" time="0.026" />
  <testcase classname="ptolemy.util.test.junit.AutoTests" name="[150] /home/travis/build/icyphy/ptII/ptolemy/domains/continuous/test/auto/hierarchicalModalModel3.xml (RunModel)" time="0.022" />
  <testcase classname="ptolemy.util.test.junit.AutoTests" name="[151] /home/travis/build/icyphy/ptII/ptolemy/domains/continuous/test/auto/hierarchicalModalModel4.xml (RunModel)" time="0.024" />
  <testcase classname="ptolemy.util.test.junit.AutoTests" name="[152] /home/travis/build/icyphy/ptII/ptolemy/domains/continuous/test/auto/junk.xml (RunModel)" time="0.137" />
  <system-out><![CDATA[No tcl tests in /home/travis/build/icyphy/ptII/ptolemy/domains/continuous/test
No auto/knownFailedTests/*.xml tests in /home/travis/build/icyphy/ptII/ptolemy/domains/continuous/test
No auto/linux-amd64/*.xml tests in /home/travis/build/icyphy/ptII/ptolemy/domains/continuous/test
AutoTests.java: About to close Vertx.
AutoTests.java: Vertx closed.

===========================================================================================
----------------- testing Fri Jul 03 14:54:24 UTC 2020 /home/travis/build/icyphy/ptII/ptolemy/domains/continuous/test/auto/BouncingBall.xml
----------------- Instantiating /home/travis/build/icyphy/ptII/ptolemy/domains/continuous/test/auto/BouncingBall.xml
2299 ms. Memory: 160768K Free: 94407K (59%)
----------------- Invoking toplevel() on ptolemy.moml.MoMLSimpleApplication@34cb5e90
----------------- Done invoking toplevel() on ptolemy.moml.MoMLSimpleApplication@34cb5e90
reloadAllAccessors: .BouncingBall

===========================================================================================
----------------- testing Fri Jul 03 14:54:27 UTC 2020 /home/travis/build/icyphy/ptII/ptolemy/domains/continuous/test/auto/BouncingBallWithoutGR.xml
----------------- Instantiating /home/travis/build/icyphy/ptII/ptolemy/domains/continuous/test/auto/BouncingBallWithoutGR.xml
731 ms. Memory: 160768K Free: 104618K (65%)
----------------- Invoking toplevel() on ptolemy.moml.MoMLSimpleApplication@5c1e324d
----------------- Done invoking toplevel() on ptolemy.moml.MoMLSimpleApplication@5c1e324d
reloadAllAccessors: .BouncingBallWithoutGR

===========================================================================================
----------------- testing Fri Jul 03 14:54:28 UTC 2020 /home/travis/build/icyphy/ptII/ptolemy/domains/continuous/test/auto/Brownian.xml
----------------- Instantiating /home/travis/build/icyphy/ptII/ptolemy/domains/continuous/test/auto/Brownian.xml
24 ms. Memory: 160768K Free: 95916K (60%)
----------------- Invoking toplevel() on ptolemy.moml.MoMLSimpleApplication@4237c2d6
----------------- Done invoking toplevel() on ptolemy.moml.MoMLSimpleApplication@4237c2d6
reloadAllAccessors: .Brownian

===========================================================================================
----------------- testing Fri Jul 03 14:54:28 UTC 2020 /home/travis/build/icyphy/ptII/ptolemy/domains/continuous/test/auto/CarTracking.xml
----------------- Instantiating /home/travis/build/icyphy/ptII/ptolemy/domains/continuous/test/auto/CarTracking.xml
3188 ms. Memory: 232448K Free: 214311K (92%)
----------------- Invoking toplevel() on ptolemy.moml.MoMLSimpleApplication@6350c749
----------------- Done invoking toplevel() on ptolemy.moml.MoMLSimpleApplication@6350c749
reloadAllAccessors: .CarTracking

===========================================================================================
----------------- testing Fri Jul 03 14:54:32 UTC 2020 /home/travis/build/icyphy/ptII/ptolemy/domains/continuous/test/auto/CartPendulum.xml
----------------- Instantiating /home/travis/build/icyphy/ptII/ptolemy/domains/continuous/test/auto/CartPendulum.xml
321 ms. Memory: 232448K Free: 122165K (53%)
----------------- Invoking toplevel() on ptolemy.moml.MoMLSimpleApplication@19413fd4
----------------- Done invoking toplevel() on ptolemy.moml.MoMLSimpleApplication@19413fd4
reloadAllAccessors: .CartPendulum

===========================================================================================
----------------- testing Fri Jul 03 14:54:32 UTC 2020 /home/travis/build/icyphy/ptII/ptolemy/domains/continuous/test/auto/CausalityInterface10.xml
----------------- Instantiating /home/travis/build/icyphy/ptII/ptolemy/domains/continuous/test/auto/CausalityInterface10.xml
8 ms. Memory: 232448K Free: 111925K (48%)
----------------- Invoking toplevel() on ptolemy.moml.MoMLSimpleApplication@1b84e73
----------------- Done invoking toplevel() on ptolemy.moml.MoMLSimpleApplication@1b84e73
reloadAllAccessors: .CausalityInterface10

===========================================================================================
----------------- testing Fri Jul 03 14:54:32 UTC 2020 /home/travis/build/icyphy/ptII/ptolemy/domains/continuous/test/auto/CausalityInterface11.xml
----------------- Instantiating /home/travis/build/icyphy/ptII/ptolemy/domains/continuous/test/auto/CausalityInterface11.xml
3 ms. Memory: 232448K Free: 105767K (46%)
----------------- Invoking toplevel() on ptolemy.moml.MoMLSimpleApplication@5f546598
----------------- Done invoking toplevel() on ptolemy.moml.MoMLSimpleApplication@5f546598
reloadAllAccessors: .CausalityInterface11

===========================================================================================
----------------- testing Fri Jul 03 14:54:32 UTC 2020 /home/travis/build/icyphy/ptII/ptolemy/domains/continuous/test/auto/CausalityInterface12.xml
----------------- Instantiating /home/travis/build/icyphy/ptII/ptolemy/domains/continuous/test/auto/CausalityInterface12.xml
4 ms. Memory: 232448K Free: 99623K (43%)
----------------- Invoking toplevel() on ptolemy.moml.MoMLSimpleApplication@77b78468
----------------- Done invoking toplevel() on ptolemy.moml.MoMLSimpleApplication@77b78468
reloadAllAccessors: .CausalityInterface12

===========================================================================================
----------------- testing Fri Jul 03 14:54:32 UTC 2020 /home/travis/build/icyphy/ptII/ptolemy/domains/continuous/test/auto/CausalityInterface13.xml
----------------- Instantiating /home/travis/build/icyphy/ptII/ptolemy/domains/continuous/test/auto/CausalityInterface13.xml
11 ms. Memory: 232448K Free: 93479K (40%)
----------------- Invoking toplevel() on ptolemy.moml.MoMLSimpleApplication@29b055b6
----------------- Done invoking toplevel() on ptolemy.moml.MoMLSimpleApplication@29b055b6
reloadAllAccessors: .CausalityInterface13

===========================================================================================
----------------- testing Fri Jul 03 14:54:32 UTC 2020 /home/travis/build/icyphy/ptII/ptolemy/domains/continuous/test/auto/CausalityInterface14.xml
----------------- Instantiating /home/travis/build/icyphy/ptII/ptolemy/domains/continuous/test/auto/CausalityInterface14.xml
2 ms. Memory: 232448K Free: 87863K (38%)
----------------- Invoking toplevel() on ptolemy.moml.MoMLSimpleApplication@3166c727
----------------- Done invoking toplevel() on ptolemy.moml.MoMLSimpleApplication@3166c727
reloadAllAccessors: .CausalityInterface14

===========================================================================================
----------------- testing Fri Jul 03 14:54:32 UTC 2020 /home/travis/build/icyphy/ptII/ptolemy/domains/continuous/test/auto/CausalityInterface4.xml
----------------- Instantiating /home/travis/build/icyphy/ptII/ptolemy/domains/continuous/test/auto/CausalityInterface4.xml
4 ms. Memory: 232448K Free: 80695K (35%)
----------------- Invoking toplevel() on ptolemy.moml.MoMLSimpleApplication@1808ec28
----------------- Done invoking toplevel() on ptolemy.moml.MoMLSimpleApplication@1808ec28
reloadAllAccessors: .CausalityInterface4

===========================================================================================
----------------- testing Fri Jul 03 14:54:32 UTC 2020 /home/travis/build/icyphy/ptII/ptolemy/domains/continuous/test/auto/CausalityInterface5.xml
----------------- Instantiating /home/travis/build/icyphy/ptII/ptolemy/domains/continuous/test/auto/CausalityInterface5.xml
4 ms. Memory: 232448K Free: 210907K (91%)
----------------- Invoking toplevel() on ptolemy.moml.MoMLSimpleApplication@7eb3afc8
----------------- Done invoking toplevel() on ptolemy.moml.MoMLSimpleApplication@7eb3afc8
reloadAllAccessors: .CausalityInterface5

===========================================================================================
----------------- testing Fri Jul 03 14:54:32 UTC 2020 /home/travis/build/icyphy/ptII/ptolemy/domains/continuous/test/auto/CausalityInterface6.xml
----------------- Instantiating /home/travis/build/icyphy/ptII/ptolemy/domains/continuous/test/auto/CausalityInterface6.xml
3 ms. Memory: 232448K Free: 205277K (88%)
----------------- Invoking toplevel() on ptolemy.moml.MoMLSimpleApplication@528f18e2
----------------- Done invoking toplevel() on ptolemy.moml.MoMLSimpleApplication@528f18e2
reloadAllAccessors: .CausalityInterface6

===========================================================================================
----------------- testing Fri Jul 03 14:54:32 UTC 2020 /home/travis/build/icyphy/ptII/ptolemy/domains/continuous/test/auto/CausalityInterface7.xml
----------------- Instantiating /home/travis/build/icyphy/ptII/ptolemy/domains/continuous/test/auto/CausalityInterface7.xml
11 ms. Memory: 232448K Free: 196571K (85%)
----------------- Invoking toplevel() on ptolemy.moml.MoMLSimpleApplication@10b9d3cc
----------------- Done invoking toplevel() on ptolemy.moml.MoMLSimpleApplication@10b9d3cc
reloadAllAccessors: .CausalityInterface7

===========================================================================================
----------------- testing Fri Jul 03 14:54:32 UTC 2020 /home/travis/build/icyphy/ptII/ptolemy/domains/continuous/test/auto/CausalityInterface8.xml
----------------- Instantiating /home/travis/build/icyphy/ptII/ptolemy/domains/continuous/test/auto/CausalityInterface8.xml
6 ms. Memory: 232448K Free: 187355K (81%)
----------------- Invoking toplevel() on ptolemy.moml.MoMLSimpleApplication@529d15b8
----------------- Done invoking toplevel() on ptolemy.moml.MoMLSimpleApplication@529d15b8
reloadAllAccessors: .CausalityInterface8

===========================================================================================
----------------- testing Fri Jul 03 14:54:33 UTC 2020 /home/travis/build/icyphy/ptII/ptolemy/domains/continuous/test/auto/CausalityInterface9.xml
----------------- Instantiating /home/travis/build/icyphy/ptII/ptolemy/domains/continuous/test/auto/CausalityInterface9.xml
4 ms. Memory: 232448K Free: 176605K (76%)
----------------- Invoking toplevel() on ptolemy.moml.MoMLSimpleApplication@40146422
----------------- Done invoking toplevel() on ptolemy.moml.MoMLSimpleApplication@40146422
reloadAllAccessors: .CausalityInterface9

===========================================================================================
----------------- testing Fri Jul 03 14:54:33 UTC 2020 /home/travis/build/icyphy/ptII/ptolemy/domains/continuous/test/auto/CausalityInterfaceFeedback1.xml
----------------- Instantiating /home/travis/build/icyphy/ptII/ptolemy/domains/continuous/test/auto/CausalityInterfaceFeedback1.xml
7 ms. Memory: 232448K Free: 169933K (73%)
----------------- Invoking toplevel() on ptolemy.moml.MoMLSimpleApplication@2e019c55
----------------- Done invoking toplevel() on ptolemy.moml.MoMLSimpleApplication@2e019c55
reloadAllAccessors: .CausalityInterfaceFeedback1

===========================================================================================
----------------- testing Fri Jul 03 14:54:33 UTC 2020 /home/travis/build/icyphy/ptII/ptolemy/domains/continuous/test/auto/CausalityInterfaceFeedback2.xml
----------------- Instantiating /home/travis/build/icyphy/ptII/ptolemy/domains/continuous/test/auto/CausalityInterfaceFeedback2.xml
4 ms. Memory: 232448K Free: 163293K (70%)
----------------- Invoking toplevel() on ptolemy.moml.MoMLSimpleApplication@521d114d
----------------- Done invoking toplevel() on ptolemy.moml.MoMLSimpleApplication@521d114d
reloadAllAccessors: .CausalityInterfaceFeedback2

===========================================================================================
----------------- testing Fri Jul 03 14:54:33 UTC 2020 /home/travis/build/icyphy/ptII/ptolemy/domains/continuous/test/auto/CompareWithCurrentTime.xml
----------------- Instantiating /home/travis/build/icyphy/ptII/ptolemy/domains/continuous/test/auto/CompareWithCurrentTime.xml
4 ms. Memory: 232448K Free: 159197K (68%)
----------------- Invoking toplevel() on ptolemy.moml.MoMLSimpleApplication@2719ff18
----------------- Done invoking toplevel() on ptolemy.moml.MoMLSimpleApplication@2719ff18
reloadAllAccessors: .CompareWithCurrentTime

===========================================================================================
----------------- testing Fri Jul 03 14:54:33 UTC 2020 /home/travis/build/icyphy/ptII/ptolemy/domains/continuous/test/auto/ComparedClocks.xml
----------------- Instantiating /home/travis/build/icyphy/ptII/ptolemy/domains/continuous/test/auto/ComparedClocks.xml
7 ms. Memory: 232448K Free: 143837K (62%)
----------------- Invoking toplevel() on ptolemy.moml.MoMLSimpleApplication@265ee0ed
----------------- Done invoking toplevel() on ptolemy.moml.MoMLSimpleApplication@265ee0ed
reloadAllAccessors: .ComparedClocks

===========================================================================================
----------------- testing Fri Jul 03 14:54:33 UTC 2020 /home/travis/build/icyphy/ptII/ptolemy/domains/continuous/test/auto/ContinuousAOCClone.xml
----------------- Instantiating /home/travis/build/icyphy/ptII/ptolemy/domains/continuous/test/auto/ContinuousAOCClone.xml
2181 ms. Memory: 279552K Free: 238806K (85%)
----------------- Invoking toplevel() on ptolemy.moml.MoMLSimpleApplication@24e12641
----------------- Done invoking toplevel() on ptolemy.moml.MoMLSimpleApplication@24e12641
reloadAllAccessors: .ContinuousAOCClone

===========================================================================================
----------------- testing Fri Jul 03 14:54:35 UTC 2020 /home/travis/build/icyphy/ptII/ptolemy/domains/continuous/test/auto/ContinuousClock.xml
----------------- Instantiating /home/travis/build/icyphy/ptII/ptolemy/domains/continuous/test/auto/ContinuousClock.xml
30 ms. Memory: 279552K Free: 216792K (78%)
----------------- Invoking toplevel() on ptolemy.moml.MoMLSimpleApplication@74d0a87c
----------------- Done invoking toplevel() on ptolemy.moml.MoMLSimpleApplication@74d0a87c
reloadAllAccessors: .ContinuousClock

===========================================================================================
----------------- testing Fri Jul 03 14:54:35 UTC 2020 /home/travis/build/icyphy/ptII/ptolemy/domains/continuous/test/auto/ContinuousInContinuous.xml
----------------- Instantiating /home/travis/build/icyphy/ptII/ptolemy/domains/continuous/test/auto/ContinuousInContinuous.xml
47 ms. Memory: 279552K Free: 193240K (69%)
----------------- Invoking toplevel() on ptolemy.moml.MoMLSimpleApplication@52a1831f
----------------- Done invoking toplevel() on ptolemy.moml.MoMLSimpleApplication@52a1831f
reloadAllAccessors: .ContinuousInContinuous

===========================================================================================
----------------- testing Fri Jul 03 14:54:35 UTC 2020 /home/travis/build/icyphy/ptII/ptolemy/domains/continuous/test/auto/ContinuousInContinuousInContinuous.xml
----------------- Instantiating /home/travis/build/icyphy/ptII/ptolemy/domains/continuous/test/auto/ContinuousInContinuousInContinuous.xml
7 ms. Memory: 279552K Free: 185558K (66%)
----------------- Invoking toplevel() on ptolemy.moml.MoMLSimpleApplication@5694cf26
----------------- Done invoking toplevel() on ptolemy.moml.MoMLSimpleApplication@5694cf26
reloadAllAccessors: .ContinuousInContinuousInContinuous

===========================================================================================
----------------- testing Fri Jul 03 14:54:35 UTC 2020 /home/travis/build/icyphy/ptII/ptolemy/domains/continuous/test/auto/ContinuousInDE.xml
----------------- Instantiating /home/travis/build/icyphy/ptII/ptolemy/domains/continuous/test/auto/ContinuousInDE.xml
110 ms. Memory: 279552K Free: 174808K (63%)
----------------- Invoking toplevel() on ptolemy.moml.MoMLSimpleApplication@1d701827
----------------- Done invoking toplevel() on ptolemy.moml.MoMLSimpleApplication@1d701827
reloadAllAccessors: .ContinuousInDE

===========================================================================================
----------------- testing Fri Jul 03 14:54:35 UTC 2020 /home/travis/build/icyphy/ptII/ptolemy/domains/continuous/test/auto/ContinuousInDE2.xml
----------------- Instantiating /home/travis/build/icyphy/ptII/ptolemy/domains/continuous/test/auto/ContinuousInDE2.xml
39 ms. Memory: 279552K Free: 165078K (59%)
----------------- Invoking toplevel() on ptolemy.moml.MoMLSimpleApplication@7fbb90be
----------------- Done invoking toplevel() on ptolemy.moml.MoMLSimpleApplication@7fbb90be
reloadAllAccessors: .ContinuousInDE2

===========================================================================================
----------------- testing Fri Jul 03 14:54:36 UTC 2020 /home/travis/build/icyphy/ptII/ptolemy/domains/continuous/test/auto/ContinuousInDE3.xml
----------------- Instantiating /home/travis/build/icyphy/ptII/ptolemy/domains/continuous/test/auto/ContinuousInDE3.xml
39 ms. Memory: 279552K Free: 155352K (56%)
----------------- Invoking toplevel() on ptolemy.moml.MoMLSimpleApplication@6a2ffce0
----------------- Done invoking toplevel() on ptolemy.moml.MoMLSimpleApplication@6a2ffce0
reloadAllAccessors: .ContinuousInDE3

===========================================================================================
----------------- testing Fri Jul 03 14:54:36 UTC 2020 /home/travis/build/icyphy/ptII/ptolemy/domains/continuous/test/auto/ContinuousInDE4.xml
----------------- Instantiating /home/travis/build/icyphy/ptII/ptolemy/domains/continuous/test/auto/ContinuousInDE4.xml
14 ms. Memory: 279552K Free: 149208K (53%)
----------------- Invoking toplevel() on ptolemy.moml.MoMLSimpleApplication@7ee832c4
----------------- Done invoking toplevel() on ptolemy.moml.MoMLSimpleApplication@7ee832c4
reloadAllAccessors: .ContinuousInDE4

===========================================================================================
----------------- testing Fri Jul 03 14:54:36 UTC 2020 /home/travis/build/icyphy/ptII/ptolemy/domains/continuous/test/auto/ContinuousInDEDifferentRefinements.xml
----------------- Instantiating /home/travis/build/icyphy/ptII/ptolemy/domains/continuous/test/auto/ContinuousInDEDifferentRefinements.xml
69 ms. Memory: 279552K Free: 117944K (42%)
----------------- Invoking toplevel() on ptolemy.moml.MoMLSimpleApplication@e174410
----------------- Done invoking toplevel() on ptolemy.moml.MoMLSimpleApplication@e174410
reloadAllAccessors: .ContinuousInDEDifferentRefinements

===========================================================================================
----------------- testing Fri Jul 03 14:54:36 UTC 2020 /home/travis/build/icyphy/ptII/ptolemy/domains/continuous/test/auto/ContinuousInDEDifferentRefinementsPreemptive.xml
----------------- Instantiating /home/travis/build/icyphy/ptII/ptolemy/domains/continuous/test/auto/ContinuousInDEDifferentRefinementsPreemptive.xml
54 ms. Memory: 279552K Free: 252300K (90%)
----------------- Invoking toplevel() on ptolemy.moml.MoMLSimpleApplication@70d26609
----------------- Done invoking toplevel() on ptolemy.moml.MoMLSimpleApplication@70d26609
reloadAllAccessors: .ContinuousInDEDifferentRefinementsPreemptive

===========================================================================================
----------------- testing Fri Jul 03 14:54:36 UTC 2020 /home/travis/build/icyphy/ptII/ptolemy/domains/continuous/test/auto/ContinuousInDEInContinuous2.xml
----------------- Instantiating /home/travis/build/icyphy/ptII/ptolemy/domains/continuous/test/auto/ContinuousInDEInContinuous2.xml
40 ms. Memory: 279552K Free: 240342K (86%)
----------------- Invoking toplevel() on ptolemy.moml.MoMLSimpleApplication@68ed7efc
----------------- Done invoking toplevel() on ptolemy.moml.MoMLSimpleApplication@68ed7efc
reloadAllAccessors: .ContinuousInDEInContinuous2

===========================================================================================
----------------- testing Fri Jul 03 14:54:36 UTC 2020 /home/travis/build/icyphy/ptII/ptolemy/domains/continuous/test/auto/ContinuousInDEInContinuous3.xml
----------------- Instantiating /home/travis/build/icyphy/ptII/ptolemy/domains/continuous/test/auto/ContinuousInDEInContinuous3.xml
40 ms. Memory: 279552K Free: 228054K (82%)
----------------- Invoking toplevel() on ptolemy.moml.MoMLSimpleApplication@42982be3
----------------- Done invoking toplevel() on ptolemy.moml.MoMLSimpleApplication@42982be3
reloadAllAccessors: .ContinuousInDEInContinuous3

===========================================================================================
----------------- testing Fri Jul 03 14:54:36 UTC 2020 /home/travis/build/icyphy/ptII/ptolemy/domains/continuous/test/auto/ContinuousInDEInput.xml
----------------- Instantiating /home/travis/build/icyphy/ptII/ptolemy/domains/continuous/test/auto/ContinuousInDEInput.xml
12 ms. Memory: 279552K Free: 220886K (79%)
----------------- Invoking toplevel() on ptolemy.moml.MoMLSimpleApplication@27e38dcf
----------------- Done invoking toplevel() on ptolemy.moml.MoMLSimpleApplication@27e38dcf
reloadAllAccessors: .ContinuousInDEInput

===========================================================================================
----------------- testing Fri Jul 03 14:54:36 UTC 2020 /home/travis/build/icyphy/ptII/ptolemy/domains/continuous/test/auto/ContinuousInDEInput2.xml
----------------- Instantiating /home/travis/build/icyphy/ptII/ptolemy/domains/continuous/test/auto/ContinuousInDEInput2.xml
9 ms. Memory: 279552K Free: 213718K (76%)
----------------- Invoking toplevel() on ptolemy.moml.MoMLSimpleApplication@26cba853
----------------- Done invoking toplevel() on ptolemy.moml.MoMLSimpleApplication@26cba853
reloadAllAccessors: .ContinuousInDEInput2

===========================================================================================
----------------- testing Fri Jul 03 14:54:36 UTC 2020 /home/travis/build/icyphy/ptII/ptolemy/domains/continuous/test/auto/ContinuousInDEInput3.xml
----------------- Instantiating /home/travis/build/icyphy/ptII/ptolemy/domains/continuous/test/auto/ContinuousInDEInput3.xml
9 ms. Memory: 279552K Free: 206036K (74%)
----------------- Invoking toplevel() on ptolemy.moml.MoMLSimpleApplication@21eb4046
----------------- Done invoking toplevel() on ptolemy.moml.MoMLSimpleApplication@21eb4046
reloadAllAccessors: .ContinuousInDEInput3

===========================================================================================
----------------- testing Fri Jul 03 14:54:36 UTC 2020 /home/travis/build/icyphy/ptII/ptolemy/domains/continuous/test/auto/ContinuousInDESharingRefinement.xml
----------------- Instantiating /home/travis/build/icyphy/ptII/ptolemy/domains/continuous/test/auto/ContinuousInDESharingRefinement.xml
130 ms. Memory: 279552K Free: 111828K (40%)
----------------- Invoking toplevel() on ptolemy.moml.MoMLSimpleApplication@617cb8a2
----------------- Done invoking toplevel() on ptolemy.moml.MoMLSimpleApplication@617cb8a2
reloadAllAccessors: .ContinuousInDESharingRefinement

===========================================================================================
----------------- testing Fri Jul 03 14:54:36 UTC 2020 /home/travis/build/icyphy/ptII/ptolemy/domains/continuous/test/auto/ContinuousInDEwithNoPorts.xml
----------------- Instantiating /home/travis/build/icyphy/ptII/ptolemy/domains/continuous/test/auto/ContinuousInDEwithNoPorts.xml
4 ms. Memory: 279552K Free: 107717K (39%)
----------------- Invoking toplevel() on ptolemy.moml.MoMLSimpleApplication@668b9227
----------------- Done invoking toplevel() on ptolemy.moml.MoMLSimpleApplication@668b9227
reloadAllAccessors: .ContinuousInDEwithNoPorts

===========================================================================================
----------------- testing Fri Jul 03 14:54:36 UTC 2020 /home/travis/build/icyphy/ptII/ptolemy/domains/continuous/test/auto/ContinuousInsideDE.xml
----------------- Instantiating /home/travis/build/icyphy/ptII/ptolemy/domains/continuous/test/auto/ContinuousInsideDE.xml
33 ms. Memory: 279552K Free: 261769K (94%)
----------------- Invoking toplevel() on ptolemy.moml.MoMLSimpleApplication@72952b5f
----------------- Done invoking toplevel() on ptolemy.moml.MoMLSimpleApplication@72952b5f
reloadAllAccessors: .ContinuousInsideDE

===========================================================================================
----------------- testing Fri Jul 03 14:54:36 UTC 2020 /home/travis/build/icyphy/ptII/ptolemy/domains/continuous/test/auto/ContinuousMerge1.xml
----------------- Instantiating /home/travis/build/icyphy/ptII/ptolemy/domains/continuous/test/auto/ContinuousMerge1.xml
2 ms. Memory: 279552K Free: 256649K (92%)
----------------- Invoking toplevel() on ptolemy.moml.MoMLSimpleApplication@569857e3
----------------- Done invoking toplevel() on ptolemy.moml.MoMLSimpleApplication@569857e3
reloadAllAccessors: .ContinuousMerge1

===========================================================================================
----------------- testing Fri Jul 03 14:54:36 UTC 2020 /home/travis/build/icyphy/ptII/ptolemy/domains/continuous/test/auto/ContinuousMerge2.xml
----------------- Instantiating /home/travis/build/icyphy/ptII/ptolemy/domains/continuous/test/auto/ContinuousMerge2.xml
10 ms. Memory: 279552K Free: 246423K (88%)
----------------- Invoking toplevel() on ptolemy.moml.MoMLSimpleApplication@22f78fbb
----------------- Done invoking toplevel() on ptolemy.moml.MoMLSimpleApplication@22f78fbb
reloadAllAccessors: .ContinuousMerge2

===========================================================================================
----------------- testing Fri Jul 03 14:54:36 UTC 2020 /home/travis/build/icyphy/ptII/ptolemy/domains/continuous/test/auto/ContinuousMerge3.xml
----------------- Instantiating /home/travis/build/icyphy/ptII/ptolemy/domains/continuous/test/auto/ContinuousMerge3.xml
43 ms. Memory: 279552K Free: 235673K (84%)
----------------- Invoking toplevel() on ptolemy.moml.MoMLSimpleApplication@1e5d8f14
----------------- Done invoking toplevel() on ptolemy.moml.MoMLSimpleApplication@1e5d8f14
reloadAllAccessors: .ContinuousMerge3

===========================================================================================
----------------- testing Fri Jul 03 14:54:36 UTC 2020 /home/travis/build/icyphy/ptII/ptolemy/domains/continuous/test/auto/ContinuousWithinContinuous.xml
----------------- Instantiating /home/travis/build/icyphy/ptII/ptolemy/domains/continuous/test/auto/ContinuousWithinContinuous.xml
30 ms. Memory: 279552K Free: 225943K (81%)
----------------- Invoking toplevel() on ptolemy.moml.MoMLSimpleApplication@3c839b4e
----------------- Done invoking toplevel() on ptolemy.moml.MoMLSimpleApplication@3c839b4e
reloadAllAccessors: .ContinuousWithinContinuous

===========================================================================================
----------------- testing Fri Jul 03 14:54:37 UTC 2020 /home/travis/build/icyphy/ptII/ptolemy/domains/continuous/test/auto/ContinuousWithinContinuous2.xml
----------------- Instantiating /home/travis/build/icyphy/ptII/ptolemy/domains/continuous/test/auto/ContinuousWithinContinuous2.xml
57 ms. Memory: 279552K Free: 215193K (77%)
----------------- Invoking toplevel() on ptolemy.moml.MoMLSimpleApplication@7ae1f083
----------------- Done invoking toplevel() on ptolemy.moml.MoMLSimpleApplication@7ae1f083
reloadAllAccessors: .ContinuousWithinContinuous2

===========================================================================================
----------------- testing Fri Jul 03 14:54:37 UTC 2020 /home/travis/build/icyphy/ptII/ptolemy/domains/continuous/test/auto/ContinuousWithinContinuous3.xml
----------------- Instantiating /home/travis/build/icyphy/ptII/ptolemy/domains/continuous/test/auto/ContinuousWithinContinuous3.xml
10 ms. Memory: 279552K Free: 208025K (74%)
----------------- Invoking toplevel() on ptolemy.moml.MoMLSimpleApplication@23c98cfa
----------------- Done invoking toplevel() on ptolemy.moml.MoMLSimpleApplication@23c98cfa
reloadAllAccessors: .ContinuousWithinContinuous3

===========================================================================================
----------------- testing Fri Jul 03 14:54:37 UTC 2020 /home/travis/build/icyphy/ptII/ptolemy/domains/continuous/test/auto/ContinuousWithinContinuous4.xml
----------------- Instantiating /home/travis/build/icyphy/ptII/ptolemy/domains/continuous/test/auto/ContinuousWithinContinuous4.xml
54 ms. Memory: 279552K Free: 195737K (70%)
----------------- Invoking toplevel() on ptolemy.moml.MoMLSimpleApplication@2d0ee6d8
----------------- Done invoking toplevel() on ptolemy.moml.MoMLSimpleApplication@2d0ee6d8
reloadAllAccessors: .ContinuousWithinContinuous4

===========================================================================================
----------------- testing Fri Jul 03 14:54:37 UTC 2020 /home/travis/build/icyphy/ptII/ptolemy/domains/continuous/test/auto/ContinuousWithinContinuous5.xml
----------------- Instantiating /home/travis/build/icyphy/ptII/ptolemy/domains/continuous/test/auto/ContinuousWithinContinuous5.xml
10 ms. Memory: 279552K Free: 188569K (67%)
----------------- Invoking toplevel() on ptolemy.moml.MoMLSimpleApplication@6804e01d
----------------- Done invoking toplevel() on ptolemy.moml.MoMLSimpleApplication@6804e01d
reloadAllAccessors: .ContinuousWithinContinuous5

===========================================================================================
----------------- testing Fri Jul 03 14:54:37 UTC 2020 /home/travis/build/icyphy/ptII/ptolemy/domains/continuous/test/auto/ContinuousWithinContinuous6.xml
----------------- Instantiating /home/travis/build/icyphy/ptII/ptolemy/domains/continuous/test/auto/ContinuousWithinContinuous6.xml
16 ms. Memory: 279552K Free: 181401K (65%)
----------------- Invoking toplevel() on ptolemy.moml.MoMLSimpleApplication@52d9196c
----------------- Done invoking toplevel() on ptolemy.moml.MoMLSimpleApplication@52d9196c
reloadAllAccessors: .ContinuousWithinContinuous6

===========================================================================================
----------------- testing Fri Jul 03 14:54:37 UTC 2020 /home/travis/build/icyphy/ptII/ptolemy/domains/continuous/test/auto/ContinuousWithinContinuous7.xml
----------------- Instantiating /home/travis/build/icyphy/ptII/ptolemy/domains/continuous/test/auto/ContinuousWithinContinuous7.xml
49 ms. Memory: 279552K Free: 170647K (61%)
----------------- Invoking toplevel() on ptolemy.moml.MoMLSimpleApplication@354b94fc
----------------- Done invoking toplevel() on ptolemy.moml.MoMLSimpleApplication@354b94fc
reloadAllAccessors: .ContinuousWithinContinuous7

===========================================================================================
----------------- testing Fri Jul 03 14:54:37 UTC 2020 /home/travis/build/icyphy/ptII/ptolemy/domains/continuous/test/auto/DCMotor.xml
----------------- Instantiating /home/travis/build/icyphy/ptII/ptolemy/domains/continuous/test/auto/DCMotor.xml
13138 ms. Memory: 279552K Free: 224105K (80%)
----------------- Invoking toplevel() on ptolemy.moml.MoMLSimpleApplication@595f0c49
----------------- Done invoking toplevel() on ptolemy.moml.MoMLSimpleApplication@595f0c49
reloadAllAccessors: .DCMotor

===========================================================================================
----------------- testing Fri Jul 03 14:54:50 UTC 2020 /home/travis/build/icyphy/ptII/ptolemy/domains/continuous/test/auto/DEInContinuous.xml
----------------- Instantiating /home/travis/build/icyphy/ptII/ptolemy/domains/continuous/test/auto/DEInContinuous.xml
8 ms. Memory: 279552K Free: 217961K (78%)
----------------- Invoking toplevel() on ptolemy.moml.MoMLSimpleApplication@4d6b99d5
----------------- Done invoking toplevel() on ptolemy.moml.MoMLSimpleApplication@4d6b99d5
reloadAllAccessors: .DEInContinuous

===========================================================================================
----------------- testing Fri Jul 03 14:54:50 UTC 2020 /home/travis/build/icyphy/ptII/ptolemy/domains/continuous/test/auto/DEinContinuous2.xml
----------------- Instantiating /home/travis/build/icyphy/ptII/ptolemy/domains/continuous/test/auto/DEinContinuous2.xml
5 ms. Memory: 279552K Free: 209769K (75%)
----------------- Invoking toplevel() on ptolemy.moml.MoMLSimpleApplication@9aa1445
----------------- Done invoking toplevel() on ptolemy.moml.MoMLSimpleApplication@9aa1445
reloadAllAccessors: .DEinContinuous2

===========================================================================================
----------------- testing Fri Jul 03 14:54:50 UTC 2020 /home/travis/build/icyphy/ptII/ptolemy/domains/continuous/test/auto/Derivative.xml
----------------- Instantiating /home/travis/build/icyphy/ptII/ptolemy/domains/continuous/test/auto/Derivative.xml
135 ms. Memory: 279552K Free: 180583K (65%)
----------------- Invoking toplevel() on ptolemy.moml.MoMLSimpleApplication@8454b83
----------------- Done invoking toplevel() on ptolemy.moml.MoMLSimpleApplication@8454b83
reloadAllAccessors: .Derivative2

===========================================================================================
----------------- testing Fri Jul 03 14:54:50 UTC 2020 /home/travis/build/icyphy/ptII/ptolemy/domains/continuous/test/auto/Derivative1.xml
----------------- Instantiating /home/travis/build/icyphy/ptII/ptolemy/domains/continuous/test/auto/Derivative1.xml
29 ms. Memory: 279552K Free: 166247K (59%)
----------------- Invoking toplevel() on ptolemy.moml.MoMLSimpleApplication@71c4cc1b
----------------- Done invoking toplevel() on ptolemy.moml.MoMLSimpleApplication@71c4cc1b
reloadAllAccessors: .Derivative1

===========================================================================================
----------------- testing Fri Jul 03 14:54:50 UTC 2020 /home/travis/build/icyphy/ptII/ptolemy/domains/continuous/test/auto/DiscreteClock.xml
----------------- Instantiating /home/travis/build/icyphy/ptII/ptolemy/domains/continuous/test/auto/DiscreteClock.xml
4 ms. Memory: 279552K Free: 161127K (58%)
----------------- Invoking toplevel() on ptolemy.moml.MoMLSimpleApplication@6bc3d497
----------------- Done invoking toplevel() on ptolemy.moml.MoMLSimpleApplication@6bc3d497
reloadAllAccessors: .DiscreteClock

===========================================================================================
----------------- testing Fri Jul 03 14:54:50 UTC 2020 /home/travis/build/icyphy/ptII/ptolemy/domains/continuous/test/auto/EfficiencyCurve.xml
----------------- Instantiating /home/travis/build/icyphy/ptII/ptolemy/domains/continuous/test/auto/EfficiencyCurve.xml
50 ms. Memory: 279552K Free: 151401K (54%)
----------------- Invoking toplevel() on ptolemy.moml.MoMLSimpleApplication@6765e2d7
----------------- Done invoking toplevel() on ptolemy.moml.MoMLSimpleApplication@6765e2d7
reloadAllAccessors: .EfficiencyCurve

===========================================================================================
----------------- testing Fri Jul 03 14:54:50 UTC 2020 /home/travis/build/icyphy/ptII/ptolemy/domains/continuous/test/auto/ExponentialResponse.xml
----------------- Instantiating /home/travis/build/icyphy/ptII/ptolemy/domains/continuous/test/auto/ExponentialResponse.xml
84 ms. Memory: 279552K Free: 135527K (48%)
----------------- Invoking toplevel() on ptolemy.moml.MoMLSimpleApplication@af5c07
----------------- Done invoking toplevel() on ptolemy.moml.MoMLSimpleApplication@af5c07
reloadAllAccessors: .ExponentialResponse

===========================================================================================
----------------- testing Fri Jul 03 14:54:51 UTC 2020 /home/travis/build/icyphy/ptII/ptolemy/domains/continuous/test/auto/ExponentialResponseRK45.xml
----------------- Instantiating /home/travis/build/icyphy/ptII/ptolemy/domains/continuous/test/auto/ExponentialResponseRK45.xml
20 ms. Memory: 279552K Free: 128873K (46%)
----------------- Invoking toplevel() on ptolemy.moml.MoMLSimpleApplication@1358c32
----------------- Done invoking toplevel() on ptolemy.moml.MoMLSimpleApplication@1358c32
reloadAllAccessors: .ExponentialResponseRK45

===========================================================================================
----------------- testing Fri Jul 03 14:54:51 UTC 2020 /home/travis/build/icyphy/ptII/ptolemy/domains/continuous/test/auto/Friction.xml
----------------- Instantiating /home/travis/build/icyphy/ptII/ptolemy/domains/continuous/test/auto/Friction.xml
1401 ms. Memory: 279552K Free: 200501K (72%)
----------------- Invoking toplevel() on ptolemy.moml.MoMLSimpleApplication@d642ab6
----------------- Done invoking toplevel() on ptolemy.moml.MoMLSimpleApplication@d642ab6
reloadAllAccessors: .Friction

===========================================================================================
----------------- testing Fri Jul 03 14:54:52 UTC 2020 /home/travis/build/icyphy/ptII/ptolemy/domains/continuous/test/auto/FurutaPendulum.xml
----------------- Instantiating /home/travis/build/icyphy/ptII/ptolemy/domains/continuous/test/auto/FurutaPendulum.xml
2806 ms. Memory: 279552K Free: 187113K (67%)
----------------- Invoking toplevel() on ptolemy.moml.MoMLSimpleApplication@4609ec03
----------------- Done invoking toplevel() on ptolemy.moml.MoMLSimpleApplication@4609ec03
reloadAllAccessors: .FurutaPendulum

===========================================================================================
----------------- testing Fri Jul 03 14:54:55 UTC 2020 /home/travis/build/icyphy/ptII/ptolemy/domains/continuous/test/auto/HierarchicalExecution.xml
----------------- Instantiating /home/travis/build/icyphy/ptII/ptolemy/domains/continuous/test/auto/HierarchicalExecution.xml
1573 ms. Memory: 335872K Free: 285637K (85%)
----------------- Invoking toplevel() on ptolemy.moml.MoMLSimpleApplication@b3d4bda
----------------- Done invoking toplevel() on ptolemy.moml.MoMLSimpleApplication@b3d4bda
reloadAllAccessors: .HierarchicalExecution

===========================================================================================
----------------- testing Fri Jul 03 14:54:57 UTC 2020 /home/travis/build/icyphy/ptII/ptolemy/domains/continuous/test/auto/HybridPlant.xml
----------------- Instantiating /home/travis/build/icyphy/ptII/ptolemy/domains/continuous/test/auto/HybridPlant.xml
474 ms. Memory: 335872K Free: 221538K (66%)
----------------- Invoking toplevel() on ptolemy.moml.MoMLSimpleApplication@565b5738
----------------- Done invoking toplevel() on ptolemy.moml.MoMLSimpleApplication@565b5738
reloadAllAccessors: .HybridPlant

===========================================================================================
----------------- testing Fri Jul 03 14:54:57 UTC 2020 /home/travis/build/icyphy/ptII/ptolemy/domains/continuous/test/auto/Hysteresis.xml
----------------- Instantiating /home/travis/build/icyphy/ptII/ptolemy/domains/continuous/test/auto/Hysteresis.xml
138 ms. Memory: 335872K Free: 159059K (47%)
----------------- Invoking toplevel() on ptolemy.moml.MoMLSimpleApplication@7cbd2af5
----------------- Done invoking toplevel() on ptolemy.moml.MoMLSimpleApplication@7cbd2af5
reloadAllAccessors: .Hysteresis

===========================================================================================
----------------- testing Fri Jul 03 14:54:58 UTC 2020 /home/travis/build/icyphy/ptII/ptolemy/domains/continuous/test/auto/HysteresisWithRandomDelay.xml
----------------- Instantiating /home/travis/build/icyphy/ptII/ptolemy/domains/continuous/test/auto/HysteresisWithRandomDelay.xml
177 ms. Memory: 335872K Free: 287065K (85%)
----------------- Invoking toplevel() on ptolemy.moml.MoMLSimpleApplication@105f3d98
----------------- Done invoking toplevel() on ptolemy.moml.MoMLSimpleApplication@105f3d98
reloadAllAccessors: .HysteresisWithRandomDelay

===========================================================================================
----------------- testing Fri Jul 03 14:54:58 UTC 2020 /home/travis/build/icyphy/ptII/ptolemy/domains/continuous/test/auto/HysteresisWithRandomLosses.xml
----------------- Instantiating /home/travis/build/icyphy/ptII/ptolemy/domains/continuous/test/auto/HysteresisWithRandomLosses.xml
2195 ms. Memory: 335872K Free: 148511K (44%)
----------------- Invoking toplevel() on ptolemy.moml.MoMLSimpleApplication@67536bb8
----------------- Done invoking toplevel() on ptolemy.moml.MoMLSimpleApplication@67536bb8
reloadAllAccessors: .HysteresisWithRandomLosses

===========================================================================================
----------------- testing Fri Jul 03 14:55:00 UTC 2020 /home/travis/build/icyphy/ptII/ptolemy/domains/continuous/test/auto/ImmediateTransitions.xml
----------------- Instantiating /home/travis/build/icyphy/ptII/ptolemy/domains/continuous/test/auto/ImmediateTransitions.xml
10 ms. Memory: 335872K Free: 137239K (41%)
----------------- Invoking toplevel() on ptolemy.moml.MoMLSimpleApplication@7d9f8026
----------------- Done invoking toplevel() on ptolemy.moml.MoMLSimpleApplication@7d9f8026
reloadAllAccessors: .ImmediateTransitions

===========================================================================================
----------------- testing Fri Jul 03 14:55:00 UTC 2020 /home/travis/build/icyphy/ptII/ptolemy/domains/continuous/test/auto/ImpulseFeedback.xml
----------------- Instantiating /home/travis/build/icyphy/ptII/ptolemy/domains/continuous/test/auto/ImpulseFeedback.xml
7 ms. Memory: 335872K Free: 131623K (39%)
----------------- Invoking toplevel() on ptolemy.moml.MoMLSimpleApplication@c13b93e
----------------- Done invoking toplevel() on ptolemy.moml.MoMLSimpleApplication@c13b93e
reloadAllAccessors: .ImpulseFeedback

===========================================================================================
----------------- testing Fri Jul 03 14:55:00 UTC 2020 /home/travis/build/icyphy/ptII/ptolemy/domains/continuous/test/auto/ImpulseFeedback2.xml
----------------- Instantiating /home/travis/build/icyphy/ptII/ptolemy/domains/continuous/test/auto/ImpulseFeedback2.xml
5 ms. Memory: 335872K Free: 125989K (38%)
----------------- Invoking toplevel() on ptolemy.moml.MoMLSimpleApplication@6f5d2b8
----------------- Done invoking toplevel() on ptolemy.moml.MoMLSimpleApplication@6f5d2b8
reloadAllAccessors: .ImpulseFeedback2

===========================================================================================
----------------- testing Fri Jul 03 14:55:00 UTC 2020 /home/travis/build/icyphy/ptII/ptolemy/domains/continuous/test/auto/IncreasingRatePoisson.xml
----------------- Instantiating /home/travis/build/icyphy/ptII/ptolemy/domains/continuous/test/auto/IncreasingRatePoisson.xml
620 ms. Memory: 335872K Free: 228969K (68%)
----------------- Invoking toplevel() on ptolemy.moml.MoMLSimpleApplication@7d867c9
----------------- Done invoking toplevel() on ptolemy.moml.MoMLSimpleApplication@7d867c9
reloadAllAccessors: .IncreasingRatePoisson

===========================================================================================
----------------- testing Fri Jul 03 14:55:01 UTC 2020 /home/travis/build/icyphy/ptII/ptolemy/domains/continuous/test/auto/InitialStateFeedback.xml
----------------- Instantiating /home/travis/build/icyphy/ptII/ptolemy/domains/continuous/test/auto/InitialStateFeedback.xml
3 ms. Memory: 335872K Free: 224393K (67%)
----------------- Invoking toplevel() on ptolemy.moml.MoMLSimpleApplication@5c906273
----------------- Done invoking toplevel() on ptolemy.moml.MoMLSimpleApplication@5c906273
reloadAllAccessors: .InitialStateFeedback

===========================================================================================
----------------- testing Fri Jul 03 14:55:01 UTC 2020 /home/travis/build/icyphy/ptII/ptolemy/domains/continuous/test/auto/Integration.xml
----------------- Instantiating /home/travis/build/icyphy/ptII/ptolemy/domains/continuous/test/auto/Integration.xml
4 ms. Memory: 335872K Free: 220297K (66%)
----------------- Invoking toplevel() on ptolemy.moml.MoMLSimpleApplication@6b6c1aba
----------------- Done invoking toplevel() on ptolemy.moml.MoMLSimpleApplication@6b6c1aba
reloadAllAccessors: .Integration

===========================================================================================
----------------- testing Fri Jul 03 14:55:01 UTC 2020 /home/travis/build/icyphy/ptII/ptolemy/domains/continuous/test/auto/Integration2.xml
----------------- Instantiating /home/travis/build/icyphy/ptII/ptolemy/domains/continuous/test/auto/Integration2.xml
74 ms. Memory: 335872K Free: 205961K (61%)
----------------- Invoking toplevel() on ptolemy.moml.MoMLSimpleApplication@fd555e2
----------------- Done invoking toplevel() on ptolemy.moml.MoMLSimpleApplication@fd555e2
reloadAllAccessors: .Integration2

===========================================================================================
----------------- testing Fri Jul 03 14:55:01 UTC 2020 /home/travis/build/icyphy/ptII/ptolemy/domains/continuous/test/auto/Integration3.xml
----------------- Instantiating /home/travis/build/icyphy/ptII/ptolemy/domains/continuous/test/auto/Integration3.xml
2 ms. Memory: 335872K Free: 201351K (60%)
----------------- Invoking toplevel() on ptolemy.moml.MoMLSimpleApplication@1773b33b
----------------- Done invoking toplevel() on ptolemy.moml.MoMLSimpleApplication@1773b33b
reloadAllAccessors: .Integration3

===========================================================================================
----------------- testing Fri Jul 03 14:55:01 UTC 2020 /home/travis/build/icyphy/ptII/ptolemy/domains/continuous/test/auto/Integration5.xml
----------------- Instantiating /home/travis/build/icyphy/ptII/ptolemy/domains/continuous/test/auto/Integration5.xml
2 ms. Memory: 335872K Free: 197255K (59%)
----------------- Invoking toplevel() on ptolemy.moml.MoMLSimpleApplication@497d5db2
----------------- Done invoking toplevel() on ptolemy.moml.MoMLSimpleApplication@497d5db2
reloadAllAccessors: .Integration5

===========================================================================================
----------------- testing Fri Jul 03 14:55:01 UTC 2020 /home/travis/build/icyphy/ptII/ptolemy/domains/continuous/test/auto/IntegratorImpulse.xml
----------------- Instantiating /home/travis/build/icyphy/ptII/ptolemy/domains/continuous/test/auto/IntegratorImpulse.xml
2 ms. Memory: 335872K Free: 193145K (58%)
----------------- Invoking toplevel() on ptolemy.moml.MoMLSimpleApplication@7cc625a3
----------------- Done invoking toplevel() on ptolemy.moml.MoMLSimpleApplication@7cc625a3
reloadAllAccessors: .IntegratorImpulse

===========================================================================================
----------------- testing Fri Jul 03 14:55:01 UTC 2020 /home/travis/build/icyphy/ptII/ptolemy/domains/continuous/test/auto/IntegratorImpulse2.xml
----------------- Instantiating /home/travis/build/icyphy/ptII/ptolemy/domains/continuous/test/auto/IntegratorImpulse2.xml
3 ms. Memory: 335872K Free: 188553K (56%)
----------------- Invoking toplevel() on ptolemy.moml.MoMLSimpleApplication@40b6a75
----------------- Done invoking toplevel() on ptolemy.moml.MoMLSimpleApplication@40b6a75
reloadAllAccessors: .IntegratorImpulse2

===========================================================================================
----------------- testing Fri Jul 03 14:55:01 UTC 2020 /home/travis/build/icyphy/ptII/ptolemy/domains/continuous/test/auto/LevelCrossing1.xml
----------------- Instantiating /home/travis/build/icyphy/ptII/ptolemy/domains/continuous/test/auto/LevelCrossing1.xml
2 ms. Memory: 335872K Free: 183433K (55%)
----------------- Invoking toplevel() on ptolemy.moml.MoMLSimpleApplication@2b594a6a
----------------- Done invoking toplevel() on ptolemy.moml.MoMLSimpleApplication@2b594a6a
reloadAllAccessors: .LevelCrossing1

===========================================================================================
----------------- testing Fri Jul 03 14:55:01 UTC 2020 /home/travis/build/icyphy/ptII/ptolemy/domains/continuous/test/auto/LevelCrossing2.xml
----------------- Instantiating /home/travis/build/icyphy/ptII/ptolemy/domains/continuous/test/auto/LevelCrossing2.xml
3 ms. Memory: 335872K Free: 178313K (53%)
----------------- Invoking toplevel() on ptolemy.moml.MoMLSimpleApplication@21539cbd
----------------- Done invoking toplevel() on ptolemy.moml.MoMLSimpleApplication@21539cbd
reloadAllAccessors: .LevelCrossing2

===========================================================================================
----------------- testing Fri Jul 03 14:55:01 UTC 2020 /home/travis/build/icyphy/ptII/ptolemy/domains/continuous/test/auto/LevelCrossing3.xml
----------------- Instantiating /home/travis/build/icyphy/ptII/ptolemy/domains/continuous/test/auto/LevelCrossing3.xml
3 ms. Memory: 335872K Free: 173193K (52%)
----------------- Invoking toplevel() on ptolemy.moml.MoMLSimpleApplication@2246e0b1
----------------- Done invoking toplevel() on ptolemy.moml.MoMLSimpleApplication@2246e0b1
reloadAllAccessors: .LevelCrossing3

===========================================================================================
----------------- testing Fri Jul 03 14:55:01 UTC 2020 /home/travis/build/icyphy/ptII/ptolemy/domains/continuous/test/auto/LevelCrossing4.xml
----------------- Instantiating /home/travis/build/icyphy/ptII/ptolemy/domains/continuous/test/auto/LevelCrossing4.xml
3 ms. Memory: 335872K Free: 168073K (50%)
----------------- Invoking toplevel() on ptolemy.moml.MoMLSimpleApplication@1268ff2c
----------------- Done invoking toplevel() on ptolemy.moml.MoMLSimpleApplication@1268ff2c
reloadAllAccessors: .LevelCrossing4

===========================================================================================
----------------- testing Fri Jul 03 14:55:01 UTC 2020 /home/travis/build/icyphy/ptII/ptolemy/domains/continuous/test/auto/LevelCrossing5.xml
----------------- Instantiating /home/travis/build/icyphy/ptII/ptolemy/domains/continuous/test/auto/LevelCrossing5.xml
3 ms. Memory: 335872K Free: 162953K (49%)
----------------- Invoking toplevel() on ptolemy.moml.MoMLSimpleApplication@45337af5
----------------- Done invoking toplevel() on ptolemy.moml.MoMLSimpleApplication@45337af5
reloadAllAccessors: .LevelCrossing5

===========================================================================================
[...]
3 ms. Memory: 439296K Free: 170916K (39%)
----------------- Invoking toplevel() on ptolemy.moml.MoMLSimpleApplication@7355dcee
----------------- Done invoking toplevel() on ptolemy.moml.MoMLSimpleApplication@7355dcee
reloadAllAccessors: .SRinContinuous

===========================================================================================
----------------- testing Fri Jul 03 14:55:16 UTC 2020 /home/travis/build/icyphy/ptII/ptolemy/domains/continuous/test/auto/SampledClocks.xml
----------------- Instantiating /home/travis/build/icyphy/ptII/ptolemy/domains/continuous/test/auto/SampledClocks.xml
5 ms. Memory: 439296K Free: 420406K (96%)
----------------- Invoking toplevel() on ptolemy.moml.MoMLSimpleApplication@6fcb5c
----------------- Done invoking toplevel() on ptolemy.moml.MoMLSimpleApplication@6fcb5c
reloadAllAccessors: .SampledClocks

===========================================================================================
----------------- testing Fri Jul 03 14:55:16 UTC 2020 /home/travis/build/icyphy/ptII/ptolemy/domains/continuous/test/auto/Satellite.xml
----------------- Instantiating /home/travis/build/icyphy/ptII/ptolemy/domains/continuous/test/auto/Satellite.xml
655 ms. Memory: 439296K Free: 219188K (50%)
----------------- Invoking toplevel() on ptolemy.moml.MoMLSimpleApplication@499675b3
----------------- Done invoking toplevel() on ptolemy.moml.MoMLSimpleApplication@499675b3
reloadAllAccessors: .Satellite

===========================================================================================
----------------- testing Fri Jul 03 14:55:17 UTC 2020 /home/travis/build/icyphy/ptII/ptolemy/domains/continuous/test/auto/SigmaDelta.xml
----------------- Instantiating /home/travis/build/icyphy/ptII/ptolemy/domains/continuous/test/auto/SigmaDelta.xml
1803 ms. Memory: 439296K Free: 219562K (50%)
----------------- Invoking toplevel() on ptolemy.moml.MoMLSimpleApplication@4f5068ec
----------------- Done invoking toplevel() on ptolemy.moml.MoMLSimpleApplication@4f5068ec
reloadAllAccessors: .SigmaDelta

===========================================================================================
----------------- testing Fri Jul 03 14:55:19 UTC 2020 /home/travis/build/icyphy/ptII/ptolemy/domains/continuous/test/auto/SingleRefinement.xml
----------------- Instantiating /home/travis/build/icyphy/ptII/ptolemy/domains/continuous/test/auto/SingleRefinement.xml
304 ms. Memory: 439296K Free: 296137K (67%)
----------------- Invoking toplevel() on ptolemy.moml.MoMLSimpleApplication@65961b80
----------------- Done invoking toplevel() on ptolemy.moml.MoMLSimpleApplication@65961b80
reloadAllAccessors: .SingleRefinement

===========================================================================================
----------------- testing Fri Jul 03 14:55:19 UTC 2020 /home/travis/build/icyphy/ptII/ptolemy/domains/continuous/test/auto/SinuBouncingBall.xml
----------------- Instantiating /home/travis/build/icyphy/ptII/ptolemy/domains/continuous/test/auto/SinuBouncingBall.xml
900 ms. Memory: 439296K Free: 341794K (78%)
----------------- Invoking toplevel() on ptolemy.moml.MoMLSimpleApplication@3b999b22
----------------- Done invoking toplevel() on ptolemy.moml.MoMLSimpleApplication@3b999b22
reloadAllAccessors: .SinuBouncingBall

===========================================================================================
----------------- testing Fri Jul 03 14:55:20 UTC 2020 /home/travis/build/icyphy/ptII/ptolemy/domains/continuous/test/auto/Sinusoid.xml
----------------- Instantiating /home/travis/build/icyphy/ptII/ptolemy/domains/continuous/test/auto/Sinusoid.xml
6 ms. Memory: 439296K Free: 337202K (77%)
----------------- Invoking toplevel() on ptolemy.moml.MoMLSimpleApplication@32f438b8
----------------- Done invoking toplevel() on ptolemy.moml.MoMLSimpleApplication@32f438b8
reloadAllAccessors: .Sinusoid

===========================================================================================
----------------- testing Fri Jul 03 14:55:20 UTC 2020 /home/travis/build/icyphy/ptII/ptolemy/domains/continuous/test/auto/SinusoidInNoise.xml
----------------- Instantiating /home/travis/build/icyphy/ptII/ptolemy/domains/continuous/test/auto/SinusoidInNoise.xml
824 ms. Memory: 439296K Free: 203058K (46%)
----------------- Invoking toplevel() on ptolemy.moml.MoMLSimpleApplication@3552a7a6
----------------- Done invoking toplevel() on ptolemy.moml.MoMLSimpleApplication@3552a7a6
reloadAllAccessors: .SinusoidInNoise

===========================================================================================
----------------- testing Fri Jul 03 14:55:21 UTC 2020 /home/travis/build/icyphy/ptII/ptolemy/domains/continuous/test/auto/SinusoidRK45.xml
----------------- Instantiating /home/travis/build/icyphy/ptII/ptolemy/domains/continuous/test/auto/SinusoidRK45.xml
3 ms. Memory: 439296K Free: 198962K (45%)
----------------- Invoking toplevel() on ptolemy.moml.MoMLSimpleApplication@5d85b4b4
----------------- Done invoking toplevel() on ptolemy.moml.MoMLSimpleApplication@5d85b4b4
reloadAllAccessors: .SinusoidRK45

===========================================================================================
----------------- testing Fri Jul 03 14:55:21 UTC 2020 /home/travis/build/icyphy/ptII/ptolemy/domains/continuous/test/auto/SinusoidWithMultipleImpulses.xml
----------------- Instantiating /home/travis/build/icyphy/ptII/ptolemy/domains/continuous/test/auto/SinusoidWithMultipleImpulses.xml
2 ms. Memory: 439296K Free: 194352K (44%)
----------------- Invoking toplevel() on ptolemy.moml.MoMLSimpleApplication@82bb0a5
----------------- Done invoking toplevel() on ptolemy.moml.MoMLSimpleApplication@82bb0a5
reloadAllAccessors: .SinusoidWithMultipleImpulses

===========================================================================================
----------------- testing Fri Jul 03 14:55:21 UTC 2020 /home/travis/build/icyphy/ptII/ptolemy/domains/continuous/test/auto/SquareWave.xml
----------------- Instantiating /home/travis/build/icyphy/ptII/ptolemy/domains/continuous/test/auto/SquareWave.xml
136 ms. Memory: 439296K Free: 166704K (38%)
----------------- Invoking toplevel() on ptolemy.moml.MoMLSimpleApplication@16a42ff9
----------------- Done invoking toplevel() on ptolemy.moml.MoMLSimpleApplication@16a42ff9
reloadAllAccessors: .SquareWave

===========================================================================================
----------------- testing Fri Jul 03 14:55:21 UTC 2020 /home/travis/build/icyphy/ptII/ptolemy/domains/continuous/test/auto/Starmac.xml
----------------- Instantiating /home/travis/build/icyphy/ptII/ptolemy/domains/continuous/test/auto/Starmac.xml
3079 ms. Memory: 439296K Free: 378185K (86%)
----------------- Invoking toplevel() on ptolemy.moml.MoMLSimpleApplication@6ab789ef
----------------- Done invoking toplevel() on ptolemy.moml.MoMLSimpleApplication@6ab789ef
reloadAllAccessors: .Starmac

===========================================================================================
----------------- testing Fri Jul 03 14:55:25 UTC 2020 /home/travis/build/icyphy/ptII/ptolemy/domains/continuous/test/auto/StaticUnits.xml
----------------- Instantiating /home/travis/build/icyphy/ptII/ptolemy/domains/continuous/test/auto/StaticUnits.xml
1610 ms. Memory: 439296K Free: 184514K (42%)
----------------- Invoking toplevel() on ptolemy.moml.MoMLSimpleApplication@5671412f
----------------- Done invoking toplevel() on ptolemy.moml.MoMLSimpleApplication@5671412f
reloadAllAccessors: .StaticUnits

===========================================================================================
----------------- testing Fri Jul 03 14:55:27 UTC 2020 /home/travis/build/icyphy/ptII/ptolemy/domains/continuous/test/auto/StickyMasses.xml
----------------- Instantiating /home/travis/build/icyphy/ptII/ptolemy/domains/continuous/test/auto/StickyMasses.xml
141 ms. Memory: 439296K Free: 392973K (89%)
----------------- Invoking toplevel() on ptolemy.moml.MoMLSimpleApplication@577763ac
----------------- Done invoking toplevel() on ptolemy.moml.MoMLSimpleApplication@577763ac
reloadAllAccessors: .StickyMasses

===========================================================================================
----------------- testing Fri Jul 03 14:55:27 UTC 2020 /home/travis/build/icyphy/ptII/ptolemy/domains/continuous/test/auto/StopTime.xml
----------------- Instantiating /home/travis/build/icyphy/ptII/ptolemy/domains/continuous/test/auto/StopTime.xml
35 ms. Memory: 439296K Free: 367787K (84%)
----------------- Invoking toplevel() on ptolemy.moml.MoMLSimpleApplication@44556628
----------------- Done invoking toplevel() on ptolemy.moml.MoMLSimpleApplication@44556628
reloadAllAccessors: .StopTime

===========================================================================================
----------------- testing Fri Jul 03 14:55:27 UTC 2020 /home/travis/build/icyphy/ptII/ptolemy/domains/continuous/test/auto/StopTime2.xml
----------------- Instantiating /home/travis/build/icyphy/ptII/ptolemy/domains/continuous/test/auto/StopTime2.xml
31 ms. Memory: 439296K Free: 345267K (79%)
----------------- Invoking toplevel() on ptolemy.moml.MoMLSimpleApplication@43c2bd8
----------------- Done invoking toplevel() on ptolemy.moml.MoMLSimpleApplication@43c2bd8
reloadAllAccessors: .StopTime2

===========================================================================================
----------------- testing Fri Jul 03 14:55:27 UTC 2020 /home/travis/build/icyphy/ptII/ptolemy/domains/continuous/test/auto/Switch.xml
----------------- Instantiating /home/travis/build/icyphy/ptII/ptolemy/domains/continuous/test/auto/Switch.xml
37 ms. Memory: 439296K Free: 320683K (73%)
----------------- Invoking toplevel() on ptolemy.moml.MoMLSimpleApplication@6d1ac803
----------------- Done invoking toplevel() on ptolemy.moml.MoMLSimpleApplication@6d1ac803
reloadAllAccessors: .Switch

===========================================================================================
----------------- testing Fri Jul 03 14:55:27 UTC 2020 /home/travis/build/icyphy/ptII/ptolemy/domains/continuous/test/auto/Thermostat.xml
----------------- Instantiating /home/travis/build/icyphy/ptII/ptolemy/domains/continuous/test/auto/Thermostat.xml
165 ms. Memory: 439296K Free: 248508K (57%)
----------------- Invoking toplevel() on ptolemy.moml.MoMLSimpleApplication@243239eb
----------------- Done invoking toplevel() on ptolemy.moml.MoMLSimpleApplication@243239eb
reloadAllAccessors: .Thermostat

===========================================================================================
----------------- testing Fri Jul 03 14:55:27 UTC 2020 /home/travis/build/icyphy/ptII/ptolemy/domains/continuous/test/auto/TimeDelay.xml
----------------- Instantiating /home/travis/build/icyphy/ptII/ptolemy/domains/continuous/test/auto/TimeDelay.xml
4 ms. Memory: 439296K Free: 243891K (56%)
----------------- Invoking toplevel() on ptolemy.moml.MoMLSimpleApplication@b1dcf80
----------------- Done invoking toplevel() on ptolemy.moml.MoMLSimpleApplication@b1dcf80
reloadAllAccessors: .TimeDelay

===========================================================================================
----------------- testing Fri Jul 03 14:55:27 UTC 2020 /home/travis/build/icyphy/ptII/ptolemy/domains/continuous/test/auto/TimeDelay2.xml
----------------- Instantiating /home/travis/build/icyphy/ptII/ptolemy/domains/continuous/test/auto/TimeDelay2.xml
6 ms. Memory: 439296K Free: 233658K (53%)
----------------- Invoking toplevel() on ptolemy.moml.MoMLSimpleApplication@1cf22f57
----------------- Done invoking toplevel() on ptolemy.moml.MoMLSimpleApplication@1cf22f57
reloadAllAccessors: .TimeDelay2

===========================================================================================
----------------- testing Fri Jul 03 14:55:27 UTC 2020 /home/travis/build/icyphy/ptII/ptolemy/domains/continuous/test/auto/TimeDelay3.xml
----------------- Instantiating /home/travis/build/icyphy/ptII/ptolemy/domains/continuous/test/auto/TimeDelay3.xml
2 ms. Memory: 439296K Free: 229052K (52%)
----------------- Invoking toplevel() on ptolemy.moml.MoMLSimpleApplication@a042632
----------------- Done invoking toplevel() on ptolemy.moml.MoMLSimpleApplication@a042632
reloadAllAccessors: .TimeDelay3

===========================================================================================
----------------- testing Fri Jul 03 14:55:28 UTC 2020 /home/travis/build/icyphy/ptII/ptolemy/domains/continuous/test/auto/TransferAbsentToInside.xml
----------------- Instantiating /home/travis/build/icyphy/ptII/ptolemy/domains/continuous/test/auto/TransferAbsentToInside.xml
26 ms. Memory: 439296K Free: 176307K (40%)
----------------- Invoking toplevel() on ptolemy.moml.MoMLSimpleApplication@4299b81f
----------------- Done invoking toplevel() on ptolemy.moml.MoMLSimpleApplication@4299b81f
reloadAllAccessors: .TransferAbsentToInside

===========================================================================================
----------------- testing Fri Jul 03 14:55:28 UTC 2020 /home/travis/build/icyphy/ptII/ptolemy/domains/continuous/test/auto/Transmission.xml
----------------- Instantiating /home/travis/build/icyphy/ptII/ptolemy/domains/continuous/test/auto/Transmission.xml
730 ms. Memory: 439296K Free: 204075K (46%)
----------------- Invoking toplevel() on ptolemy.moml.MoMLSimpleApplication@33115435
----------------- Done invoking toplevel() on ptolemy.moml.MoMLSimpleApplication@33115435
reloadAllAccessors: .Transmission

===========================================================================================
----------------- testing Fri Jul 03 14:55:28 UTC 2020 /home/travis/build/icyphy/ptII/ptolemy/domains/continuous/test/auto/TriggeredContinuousClock.xml
----------------- Instantiating /home/travis/build/icyphy/ptII/ptolemy/domains/continuous/test/auto/TriggeredContinuousClock.xml
42 ms. Memory: 439296K Free: 174745K (40%)
----------------- Invoking toplevel() on ptolemy.moml.MoMLSimpleApplication@ece2cdd
----------------- Done invoking toplevel() on ptolemy.moml.MoMLSimpleApplication@ece2cdd
reloadAllAccessors: .TriggeredContinuousClock

===========================================================================================
----------------- testing Fri Jul 03 14:55:28 UTC 2020 /home/travis/build/icyphy/ptII/ptolemy/domains/continuous/test/auto/TwoMachineInfiniteBusControl.xml
----------------- Instantiating /home/travis/build/icyphy/ptII/ptolemy/domains/continuous/test/auto/TwoMachineInfiniteBusControl.xml
2484 ms. Memory: 439296K Free: 361558K (82%)
----------------- Invoking toplevel() on ptolemy.moml.MoMLSimpleApplication@54635404
----------------- Done invoking toplevel() on ptolemy.moml.MoMLSimpleApplication@54635404
reloadAllAccessors: .TwoMachineInfiniteBusControl

===========================================================================================
----------------- testing Fri Jul 03 14:55:31 UTC 2020 /home/travis/build/icyphy/ptII/ptolemy/domains/continuous/test/auto/V2V.xml
----------------- Instantiating /home/travis/build/icyphy/ptII/ptolemy/domains/continuous/test/auto/V2V.xml
751 ms. Memory: 439296K Free: 173637K (40%)
----------------- Invoking toplevel() on ptolemy.moml.MoMLSimpleApplication@60813f00
----------------- Done invoking toplevel() on ptolemy.moml.MoMLSimpleApplication@60813f00
reloadAllAccessors: .V2V

===========================================================================================
----------------- testing Fri Jul 03 14:55:32 UTC 2020 /home/travis/build/icyphy/ptII/ptolemy/domains/continuous/test/auto/hierarchicalModalModel.xml
----------------- Instantiating /home/travis/build/icyphy/ptII/ptolemy/domains/continuous/test/auto/hierarchicalModalModel.xml
7 ms. Memory: 439296K Free: 159830K (36%)
----------------- Invoking toplevel() on ptolemy.moml.MoMLSimpleApplication@4955d229
----------------- Done invoking toplevel() on ptolemy.moml.MoMLSimpleApplication@4955d229
reloadAllAccessors: .hierarchicalModalModel

===========================================================================================
----------------- testing Fri Jul 03 14:55:32 UTC 2020 /home/travis/build/icyphy/ptII/ptolemy/domains/continuous/test/auto/hierarchicalModalModel1.xml
----------------- Instantiating /home/travis/build/icyphy/ptII/ptolemy/domains/continuous/test/auto/hierarchicalModalModel1.xml
8 ms. Memory: 439296K Free: 402510K (92%)
----------------- Invoking toplevel() on ptolemy.moml.MoMLSimpleApplication@4fddd156
----------------- Done invoking toplevel() on ptolemy.moml.MoMLSimpleApplication@4fddd156
reloadAllAccessors: .hierarchicalModalModel1

===========================================================================================
----------------- testing Fri Jul 03 14:55:32 UTC 2020 /home/travis/build/icyphy/ptII/ptolemy/domains/continuous/test/auto/hierarchicalModalModel2.xml
----------------- Instantiating /home/travis/build/icyphy/ptII/ptolemy/domains/continuous/test/auto/hierarchicalModalModel2.xml
5 ms. Memory: 439296K Free: 390207K (89%)
----------------- Invoking toplevel() on ptolemy.moml.MoMLSimpleApplication@62cef577
----------------- Done invoking toplevel() on ptolemy.moml.MoMLSimpleApplication@62cef577
reloadAllAccessors: .hierarchicalModalModel2

===========================================================================================
----------------- testing Fri Jul 03 14:55:32 UTC 2020 /home/travis/build/icyphy/ptII/ptolemy/domains/continuous/test/auto/hierarchicalModalModel3.xml
----------------- Instantiating /home/travis/build/icyphy/ptII/ptolemy/domains/continuous/test/auto/hierarchicalModalModel3.xml
6 ms. Memory: 439296K Free: 379472K (86%)
----------------- Invoking toplevel() on ptolemy.moml.MoMLSimpleApplication@7628a384
----------------- Done invoking toplevel() on ptolemy.moml.MoMLSimpleApplication@7628a384
reloadAllAccessors: .hierarchicalModalModel3

===========================================================================================
----------------- testing Fri Jul 03 14:55:32 UTC 2020 /home/travis/build/icyphy/ptII/ptolemy/domains/continuous/test/auto/hierarchicalModalModel4.xml
----------------- Instantiating /home/travis/build/icyphy/ptII/ptolemy/domains/continuous/test/auto/hierarchicalModalModel4.xml
5 ms. Memory: 439296K Free: 367694K (84%)
----------------- Invoking toplevel() on ptolemy.moml.MoMLSimpleApplication@f2a21e6
----------------- Done invoking toplevel() on ptolemy.moml.MoMLSimpleApplication@f2a21e6
reloadAllAccessors: .hierarchicalModalModel4

===========================================================================================
----------------- testing Fri Jul 03 14:55:32 UTC 2020 /home/travis/build/icyphy/ptII/ptolemy/domains/continuous/test/auto/junk.xml
----------------- Instantiating /home/travis/build/icyphy/ptII/ptolemy/domains/continuous/test/auto/junk.xml
116 ms. Memory: 439296K Free: 340046K (77%)
----------------- Invoking toplevel() on ptolemy.moml.MoMLSimpleApplication@6307e4e6
----------------- Done invoking toplevel() on ptolemy.moml.MoMLSimpleApplication@6307e4e6
reloadAllAccessors: .junk
AutoTests.java: About to close Vertx.
AutoTests.java: Vertx closed.
]]></system-out>
  <system-err><![CDATA[Warning: '.HysteresisWithRandomDelay.NonStrictTest' The test produced only 221 tokens, yet the correctValues parameter was expecting 222 tokens.
Warning: '.HysteresisWithRandomDelay.NonStrictTest2' The test produced only 220 tokens, yet the correctValues parameter was expecting 221 tokens.
Warning: '.HysteresisWithRandomDelay.NonStrictTest3' The test produced only 17 tokens, yet the correctValues parameter was expecting 30 tokens.
Warning: '.IncreasingRatePoisson.NonStrictTest' The test produced only 380 tokens, yet the correctValues parameter was expecting 402 tokens.
Warning: '.Poisson.NonStrictTest' The test produced only 395 tokens, yet the correctValues parameter was expecting 430 tokens.
]]></system-err>
</testsuite>
