<?xml version="1.0" encoding="UTF-8" ?>
<testsuite errors="0" failures="0" hostname="travis-job-5cf57056-98f1-46b1-b0d0-def70579b3e5" name="ptolemy.domains.hdf.kernel.test.junit.JUnitTclTest" skipped="0" tests="39" time="6.553" timestamp="2019-08-30T05:31:57">
  <properties>
[...]
</properties>
  <testcase classname="ptolemy.util.test.junit.TclTests" name="[0] /home/travis/build/icyphy/ptII/ptolemy/domains/hdf/kernel/test/RateErrorChecking.tcl (RunTclFile)" time="0.215" />
  <testcase classname="ptolemy.util.test.junit.AutoKnownFailedTests" name="[0] /home/travis/build/icyphy/ptII/ptolemy/domains/hdf/kernel/test/auto/knownFailedTests/badFSMRateChanges.xml (RunModel)" time="0.745" />
  <testcase classname="ptolemy.util.test.junit.AutoNameArchTests" name="[0] ThereAreNoAutoArchTests (RunModel)" time="0.001" />
  <testcase classname="ptolemy.util.test.junit.AutoTests" name="[0] /home/travis/build/icyphy/ptII/ptolemy/domains/hdf/kernel/test/auto/ConstVariableRateTest.xml (RunModel)" time="0.321" />
  <testcase classname="ptolemy.util.test.junit.AutoTests" name="[1] /home/travis/build/icyphy/ptII/ptolemy/domains/hdf/kernel/test/auto/DifferentRefinedRates.xml (RunModel)" time="0.147" />
  <testcase classname="ptolemy.util.test.junit.AutoTests" name="[2] /home/travis/build/icyphy/ptII/ptolemy/domains/hdf/kernel/test/auto/DifferentRefinedRates2.xml (RunModel)" time="0.215" />
  <testcase classname="ptolemy.util.test.junit.AutoTests" name="[3] /home/travis/build/icyphy/ptII/ptolemy/domains/hdf/kernel/test/auto/DifferentRefinedRates3.xml (RunModel)" time="0.155" />
  <testcase classname="ptolemy.util.test.junit.AutoTests" name="[4] /home/travis/build/icyphy/ptII/ptolemy/domains/hdf/kernel/test/auto/DifferentRefinedRates4.xml (RunModel)" time="0.176" />
  <testcase classname="ptolemy.util.test.junit.AutoTests" name="[5] /home/travis/build/icyphy/ptII/ptolemy/domains/hdf/kernel/test/auto/DifferentRefinedRates5.xml (RunModel)" time="0.141" />
  <testcase classname="ptolemy.util.test.junit.AutoTests" name="[6] /home/travis/build/icyphy/ptII/ptolemy/domains/hdf/kernel/test/auto/DifferentRefinedRates6.xml (RunModel)" time="0.104" />
  <testcase classname="ptolemy.util.test.junit.AutoTests" name="[7] /home/travis/build/icyphy/ptII/ptolemy/domains/hdf/kernel/test/auto/DownSample_PowerOfTwo.xml (RunModel)" time="0.266" />
  <testcase classname="ptolemy.util.test.junit.AutoTests" name="[8] /home/travis/build/icyphy/ptII/ptolemy/domains/hdf/kernel/test/auto/FibonacciWithNullInitial.xml (RunModel)" time="0.159" />
  <testcase classname="ptolemy.util.test.junit.AutoTests" name="[9] /home/travis/build/icyphy/ptII/ptolemy/domains/hdf/kernel/test/auto/FibonacciWithNullInitial1.xml (RunModel)" time="0.243" />
  <testcase classname="ptolemy.util.test.junit.AutoTests" name="[10] /home/travis/build/icyphy/ptII/ptolemy/domains/hdf/kernel/test/auto/FibonacciWithTransientStates.xml (RunModel)" time="0.21" />
  <testcase classname="ptolemy.util.test.junit.AutoTests" name="[11] /home/travis/build/icyphy/ptII/ptolemy/domains/hdf/kernel/test/auto/FibonacciWithTransientStates2.xml (RunModel)" time="0.134" />
  <testcase classname="ptolemy.util.test.junit.AutoTests" name="[12] /home/travis/build/icyphy/ptII/ptolemy/domains/hdf/kernel/test/auto/FibonacciWithoutHistoryInitial.xml (RunModel)" time="0.191" />
  <testcase classname="ptolemy.util.test.junit.AutoTests" name="[13] /home/travis/build/icyphy/ptII/ptolemy/domains/hdf/kernel/test/auto/GuardUsingPastTokens.xml (RunModel)" time="0.101" />
  <testcase classname="ptolemy.util.test.junit.AutoTests" name="[14] /home/travis/build/icyphy/ptII/ptolemy/domains/hdf/kernel/test/auto/GuardWithResets.xml (RunModel)" time="0.125" />
  <testcase classname="ptolemy.util.test.junit.AutoTests" name="[15] /home/travis/build/icyphy/ptII/ptolemy/domains/hdf/kernel/test/auto/Hierarchy_2Level_Test1.xml (RunModel)" time="0.088" />
  <testcase classname="ptolemy.util.test.junit.AutoTests" name="[16] /home/travis/build/icyphy/ptII/ptolemy/domains/hdf/kernel/test/auto/Hierarchy_2Level_Test2.xml (RunModel)" time="0.098" />
  <testcase classname="ptolemy.util.test.junit.AutoTests" name="[17] /home/travis/build/icyphy/ptII/ptolemy/domains/hdf/kernel/test/auto/Hysteresis.xml (RunModel)" time="0.077" />
  <testcase classname="ptolemy.util.test.junit.AutoTests" name="[18] /home/travis/build/icyphy/ptII/ptolemy/domains/hdf/kernel/test/auto/InitTransient.xml (RunModel)" time="0.125" />
  <testcase classname="ptolemy.util.test.junit.AutoTests" name="[19] /home/travis/build/icyphy/ptII/ptolemy/domains/hdf/kernel/test/auto/Merge.xml (RunModel)" time="0.101" />
  <testcase classname="ptolemy.util.test.junit.AutoTests" name="[20] /home/travis/build/icyphy/ptII/ptolemy/domains/hdf/kernel/test/auto/ModalModelBooleanSwitch.xml (RunModel)" time="0.076" />
  <testcase classname="ptolemy.util.test.junit.AutoTests" name="[21] /home/travis/build/icyphy/ptII/ptolemy/domains/hdf/kernel/test/auto/SameRates.xml (RunModel)" time="0.042" />
  <testcase classname="ptolemy.util.test.junit.AutoTests" name="[22] /home/travis/build/icyphy/ptII/ptolemy/domains/hdf/kernel/test/auto/SameRefinedRates.xml (RunModel)" time="0.046" />
  <testcase classname="ptolemy.util.test.junit.AutoTests" name="[23] /home/travis/build/icyphy/ptII/ptolemy/domains/hdf/kernel/test/auto/SameRefinedRates2.xml (RunModel)" time="0.054" />
  <testcase classname="ptolemy.util.test.junit.AutoTests" name="[24] /home/travis/build/icyphy/ptII/ptolemy/domains/hdf/kernel/test/auto/TransientStates.xml (RunModel)" time="0.079" />
  <testcase classname="ptolemy.util.test.junit.AutoTests" name="[25] /home/travis/build/icyphy/ptII/ptolemy/domains/hdf/kernel/test/auto/TwoHammingCodec.xml (RunModel)" time="0.092" />
  <testcase classname="ptolemy.util.test.junit.AutoTests" name="[26] /home/travis/build/icyphy/ptII/ptolemy/domains/hdf/kernel/test/auto/TwoHammingCodec1.xml (RunModel)" time="0.096" />
  <testcase classname="ptolemy.util.test.junit.AutoTests" name="[27] /home/travis/build/icyphy/ptII/ptolemy/domains/hdf/kernel/test/auto/TwoLevelHierarchy.xml (RunModel)" time="0.155" />
  <testcase classname="ptolemy.util.test.junit.AutoTests" name="[28] /home/travis/build/icyphy/ptII/ptolemy/domains/hdf/kernel/test/auto/TwoLevelHierarchy1.xml (RunModel)" time="0.138" />
  <testcase classname="ptolemy.util.test.junit.AutoTests" name="[29] /home/travis/build/icyphy/ptII/ptolemy/domains/hdf/kernel/test/auto/TwoLevelHierarchy2.xml (RunModel)" time="0.119" />
  <testcase classname="ptolemy.util.test.junit.AutoTests" name="[30] /home/travis/build/icyphy/ptII/ptolemy/domains/hdf/kernel/test/auto/TwoLevelHierarchyNullStates.xml (RunModel)" time="0.139" />
  <testcase classname="ptolemy.util.test.junit.AutoTests" name="[31] /home/travis/build/icyphy/ptII/ptolemy/domains/hdf/kernel/test/auto/TwoLevelHierarchyWithResets.xml (RunModel)" time="0.184" />
  <testcase classname="ptolemy.util.test.junit.AutoTests" name="[32] /home/travis/build/icyphy/ptII/ptolemy/domains/hdf/kernel/test/auto/TwoLevelHierarchyWithResetsNullStates.xml (RunModel)" time="0.211" />
  <testcase classname="ptolemy.util.test.junit.AutoTests" name="[33] /home/travis/build/icyphy/ptII/ptolemy/domains/hdf/kernel/test/auto/WaterTank_HDF.xml (RunModel)" time="0.128" />
  <testcase classname="ptolemy.util.test.junit.AutoTests" name="[34] /home/travis/build/icyphy/ptII/ptolemy/domains/hdf/kernel/test/auto/WaterTank_HDF2.xml (RunModel)" time="0.141" />
  <testcase classname="ptolemy.util.test.junit.AutoTests" name="[35] /home/travis/build/icyphy/ptII/ptolemy/domains/hdf/kernel/test/auto/badFSMRateChanges.xml (RunModel)" time="0.048" />
  <system-out><![CDATA[/home/travis/build/icyphy/ptII/ptolemy/domains/hdf/kernel/test/RateErrorChecking.tcl
testDefs.tcl: setting time out to 9000 seconds at Fri Aug 30 05:31:57 UTC 2019


==== $PTII/ptolemy/domains/hdf/kernel/test/RateErrorChecking.tcl: RateErrorChecking-1.0 
==== Contents of test case:

    catch {createAndExecute "badFSMRateChanges.xml"} foo
    list $foo

==== Result was:
{java.io.FileNotFoundException: /home/travis/build/icyphy/ptII/ptolemy/domains/hdf/kernel/test/badFSMRateChanges.xml (No such file or directory)}
---- KNOWN Failure, Result should have been:
{ptolemy.kernel.util.IllegalActionException: Failed to compute schedule:
  in .badFSMRateChanges.SDF Director
Because:
The SDF rate parameter may change. This is not allowed in SDF models that will be run through the code generator.  If you don't care about code generation, then you might consider setting the allowRateChanges parameter of the SDF director to false.
    in .badFSMRateChanges.typed composite actor.output.tokenProductionRate}
---- RateErrorChecking-1.0 Failed, but this is a KNOWN failure
08/30/19 05:31:57
Failed: 0  Total Tests: 1  ((Passed: 0, Newly Passed: 0)  Known Failed: 1) /home/travis/build/icyphy/ptII/ptolemy/domains/hdf/kernel/test
----------------- testing (KnownFailure) /home/travis/build/icyphy/ptII/ptolemy/domains/hdf/kernel/test/auto/knownFailedTests/badFSMRateChanges.xml
235 ms. Memory: 120832K Free: 70599K (58%)
No auto/linux-amd64/*.xml tests in /home/travis/build/icyphy/ptII/ptolemy/domains/hdf/kernel/test
AutoTests.java: About to close Vertx.
AutoTests.java: Vertx closed.

===========================================================================================
----------------- testing Fri Aug 30 05:31:59 UTC 2019 /home/travis/build/icyphy/ptII/ptolemy/domains/hdf/kernel/test/auto/ConstVariableRateTest.xml
----------------- Instantiating /home/travis/build/icyphy/ptII/ptolemy/domains/hdf/kernel/test/auto/ConstVariableRateTest.xml
78 ms. Memory: 120832K Free: 85549K (71%)
----------------- Invoking toplevel() on ptolemy.moml.MoMLSimpleApplication@573ba771
----------------- Done invoking toplevel() on ptolemy.moml.MoMLSimpleApplication@573ba771
reloadAllAccessors: .ConstVariableRateTest

===========================================================================================
----------------- testing Fri Aug 30 05:31:59 UTC 2019 /home/travis/build/icyphy/ptII/ptolemy/domains/hdf/kernel/test/auto/DifferentRefinedRates.xml
----------------- Instantiating /home/travis/build/icyphy/ptII/ptolemy/domains/hdf/kernel/test/auto/DifferentRefinedRates.xml
40 ms. Memory: 120832K Free: 98055K (81%)
----------------- Invoking toplevel() on ptolemy.moml.MoMLSimpleApplication@3dc1ecc1
----------------- Done invoking toplevel() on ptolemy.moml.MoMLSimpleApplication@3dc1ecc1
reloadAllAccessors: .DifferentRefinedRates

===========================================================================================
----------------- testing Fri Aug 30 05:31:59 UTC 2019 /home/travis/build/icyphy/ptII/ptolemy/domains/hdf/kernel/test/auto/DifferentRefinedRates2.xml
----------------- Instantiating /home/travis/build/icyphy/ptII/ptolemy/domains/hdf/kernel/test/auto/DifferentRefinedRates2.xml
76 ms. Memory: 120832K Free: 84019K (70%)
----------------- Invoking toplevel() on ptolemy.moml.MoMLSimpleApplication@9511b11
----------------- Done invoking toplevel() on ptolemy.moml.MoMLSimpleApplication@9511b11
reloadAllAccessors: .DifferentRefinedRates2

===========================================================================================
----------------- testing Fri Aug 30 05:31:59 UTC 2019 /home/travis/build/icyphy/ptII/ptolemy/domains/hdf/kernel/test/auto/DifferentRefinedRates3.xml
----------------- Instantiating /home/travis/build/icyphy/ptII/ptolemy/domains/hdf/kernel/test/auto/DifferentRefinedRates3.xml
60 ms. Memory: 120832K Free: 73478K (61%)
----------------- Invoking toplevel() on ptolemy.moml.MoMLSimpleApplication@298b3a02
----------------- Done invoking toplevel() on ptolemy.moml.MoMLSimpleApplication@298b3a02
reloadAllAccessors: .DifferentRefinedRates3

===========================================================================================
----------------- testing Fri Aug 30 05:31:59 UTC 2019 /home/travis/build/icyphy/ptII/ptolemy/domains/hdf/kernel/test/auto/DifferentRefinedRates4.xml
----------------- Instantiating /home/travis/build/icyphy/ptII/ptolemy/domains/hdf/kernel/test/auto/DifferentRefinedRates4.xml
80 ms. Memory: 120832K Free: 100988K (84%)
----------------- Invoking toplevel() on ptolemy.moml.MoMLSimpleApplication@562827d2
----------------- Done invoking toplevel() on ptolemy.moml.MoMLSimpleApplication@562827d2
reloadAllAccessors: .NewHDFtest1

===========================================================================================
----------------- testing Fri Aug 30 05:32:00 UTC 2019 /home/travis/build/icyphy/ptII/ptolemy/domains/hdf/kernel/test/auto/DifferentRefinedRates5.xml
----------------- Instantiating /home/travis/build/icyphy/ptII/ptolemy/domains/hdf/kernel/test/auto/DifferentRefinedRates5.xml
59 ms. Memory: 120832K Free: 85590K (71%)
----------------- Invoking toplevel() on ptolemy.moml.MoMLSimpleApplication@7876e7c8
----------------- Done invoking toplevel() on ptolemy.moml.MoMLSimpleApplication@7876e7c8
reloadAllAccessors: .NewHDFtest2

===========================================================================================
----------------- testing Fri Aug 30 05:32:00 UTC 2019 /home/travis/build/icyphy/ptII/ptolemy/domains/hdf/kernel/test/auto/DifferentRefinedRates6.xml
----------------- Instantiating /home/travis/build/icyphy/ptII/ptolemy/domains/hdf/kernel/test/auto/DifferentRefinedRates6.xml
47 ms. Memory: 120832K Free: 72665K (60%)
----------------- Invoking toplevel() on ptolemy.moml.MoMLSimpleApplication@1cf72980
----------------- Done invoking toplevel() on ptolemy.moml.MoMLSimpleApplication@1cf72980
reloadAllAccessors: .DifferentRefinedRates6

===========================================================================================
----------------- testing Fri Aug 30 05:32:00 UTC 2019 /home/travis/build/icyphy/ptII/ptolemy/domains/hdf/kernel/test/auto/DownSample_PowerOfTwo.xml
----------------- Instantiating /home/travis/build/icyphy/ptII/ptolemy/domains/hdf/kernel/test/auto/DownSample_PowerOfTwo.xml
206 ms. Memory: 120832K Free: 98657K (82%)
----------------- Invoking toplevel() on ptolemy.moml.MoMLSimpleApplication@3f9b6307
----------------- Done invoking toplevel() on ptolemy.moml.MoMLSimpleApplication@3f9b6307
reloadAllAccessors: .SDFDownSample

===========================================================================================
----------------- testing Fri Aug 30 05:32:00 UTC 2019 /home/travis/build/icyphy/ptII/ptolemy/domains/hdf/kernel/test/auto/FibonacciWithNullInitial.xml
----------------- Instantiating /home/travis/build/icyphy/ptII/ptolemy/domains/hdf/kernel/test/auto/FibonacciWithNullInitial.xml
110 ms. Memory: 120832K Free: 73864K (61%)
----------------- Invoking toplevel() on ptolemy.moml.MoMLSimpleApplication@270efdab
----------------- Done invoking toplevel() on ptolemy.moml.MoMLSimpleApplication@270efdab
reloadAllAccessors: .FibonacciWithNullInitial

===========================================================================================
----------------- testing Fri Aug 30 05:32:00 UTC 2019 /home/travis/build/icyphy/ptII/ptolemy/domains/hdf/kernel/test/auto/FibonacciWithNullInitial1.xml
----------------- Instantiating /home/travis/build/icyphy/ptII/ptolemy/domains/hdf/kernel/test/auto/FibonacciWithNullInitial1.xml
192 ms. Memory: 120832K Free: 50312K (42%)
----------------- Invoking toplevel() on ptolemy.moml.MoMLSimpleApplication@534b5c64
----------------- Done invoking toplevel() on ptolemy.moml.MoMLSimpleApplication@534b5c64
reloadAllAccessors: .FibonacciWithNullInitial1

===========================================================================================
----------------- testing Fri Aug 30 05:32:01 UTC 2019 /home/travis/build/icyphy/ptII/ptolemy/domains/hdf/kernel/test/auto/FibonacciWithTransientStates.xml
----------------- Instantiating /home/travis/build/icyphy/ptII/ptolemy/domains/hdf/kernel/test/auto/FibonacciWithTransientStates.xml
151 ms. Memory: 120832K Free: 81801K (68%)
----------------- Invoking toplevel() on ptolemy.moml.MoMLSimpleApplication@51140fd6
----------------- Done invoking toplevel() on ptolemy.moml.MoMLSimpleApplication@51140fd6
reloadAllAccessors: .FibonacciWithTransientStates

===========================================================================================
----------------- testing Fri Aug 30 05:32:01 UTC 2019 /home/travis/build/icyphy/ptII/ptolemy/domains/hdf/kernel/test/auto/FibonacciWithTransientStates2.xml
----------------- Instantiating /home/travis/build/icyphy/ptII/ptolemy/domains/hdf/kernel/test/auto/FibonacciWithTransientStates2.xml
59 ms. Memory: 120832K Free: 60297K (50%)
----------------- Invoking toplevel() on ptolemy.moml.MoMLSimpleApplication@65bf8b0e
----------------- Done invoking toplevel() on ptolemy.moml.MoMLSimpleApplication@65bf8b0e
reloadAllAccessors: .FibonacciWithTransientStates2

===========================================================================================
----------------- testing Fri Aug 30 05:32:01 UTC 2019 /home/travis/build/icyphy/ptII/ptolemy/domains/hdf/kernel/test/auto/FibonacciWithoutHistoryInitial.xml
----------------- Instantiating /home/travis/build/icyphy/ptII/ptolemy/domains/hdf/kernel/test/auto/FibonacciWithoutHistoryInitial.xml
137 ms. Memory: 120832K Free: 40342K (33%)
----------------- Invoking toplevel() on ptolemy.moml.MoMLSimpleApplication@29acf718
----------------- Done invoking toplevel() on ptolemy.moml.MoMLSimpleApplication@29acf718
reloadAllAccessors: .FibonacciWithoutHistoryInitial

===========================================================================================
----------------- testing Fri Aug 30 05:32:01 UTC 2019 /home/travis/build/icyphy/ptII/ptolemy/domains/hdf/kernel/test/auto/GuardUsingPastTokens.xml
----------------- Instantiating /home/travis/build/icyphy/ptII/ptolemy/domains/hdf/kernel/test/auto/GuardUsingPastTokens.xml
30 ms. Memory: 120832K Free: 94596K (78%)
----------------- Invoking toplevel() on ptolemy.moml.MoMLSimpleApplication@753d3fab
----------------- Done invoking toplevel() on ptolemy.moml.MoMLSimpleApplication@753d3fab
reloadAllAccessors: .GuardUsingPastTokens

===========================================================================================
----------------- testing Fri Aug 30 05:32:01 UTC 2019 /home/travis/build/icyphy/ptII/ptolemy/domains/hdf/kernel/test/auto/GuardWithResets.xml
----------------- Instantiating /home/travis/build/icyphy/ptII/ptolemy/domains/hdf/kernel/test/auto/GuardWithResets.xml
57 ms. Memory: 120832K Free: 77190K (64%)
----------------- Invoking toplevel() on ptolemy.moml.MoMLSimpleApplication@46e79da8
----------------- Done invoking toplevel() on ptolemy.moml.MoMLSimpleApplication@46e79da8
reloadAllAccessors: .GuardWithResets

===========================================================================================
----------------- testing Fri Aug 30 05:32:01 UTC 2019 /home/travis/build/icyphy/ptII/ptolemy/domains/hdf/kernel/test/auto/Hierarchy_2Level_Test1.xml
----------------- Instantiating /home/travis/build/icyphy/ptII/ptolemy/domains/hdf/kernel/test/auto/Hierarchy_2Level_Test1.xml
29 ms. Memory: 120832K Free: 59742K (49%)
----------------- Invoking toplevel() on ptolemy.moml.MoMLSimpleApplication@a937e16
----------------- Done invoking toplevel() on ptolemy.moml.MoMLSimpleApplication@a937e16
reloadAllAccessors: .Hierarchy_2Level_Test1

===========================================================================================
----------------- testing Fri Aug 30 05:32:01 UTC 2019 /home/travis/build/icyphy/ptII/ptolemy/domains/hdf/kernel/test/auto/Hierarchy_2Level_Test2.xml
----------------- Instantiating /home/travis/build/icyphy/ptII/ptolemy/domains/hdf/kernel/test/auto/Hierarchy_2Level_Test2.xml
35 ms. Memory: 120832K Free: 41851K (35%)
----------------- Invoking toplevel() on ptolemy.moml.MoMLSimpleApplication@7de14d4
----------------- Done invoking toplevel() on ptolemy.moml.MoMLSimpleApplication@7de14d4
reloadAllAccessors: .Hierarchy_4Level_Test2

===========================================================================================
----------------- testing Fri Aug 30 05:32:02 UTC 2019 /home/travis/build/icyphy/ptII/ptolemy/domains/hdf/kernel/test/auto/Hysteresis.xml
----------------- Instantiating /home/travis/build/icyphy/ptII/ptolemy/domains/hdf/kernel/test/auto/Hysteresis.xml
27 ms. Memory: 145408K Free: 126116K (87%)
----------------- Invoking toplevel() on ptolemy.moml.MoMLSimpleApplication@6c2a5e64
----------------- Done invoking toplevel() on ptolemy.moml.MoMLSimpleApplication@6c2a5e64
reloadAllAccessors: .Hysteresis

===========================================================================================
----------------- testing Fri Aug 30 05:32:02 UTC 2019 /home/travis/build/icyphy/ptII/ptolemy/domains/hdf/kernel/test/auto/InitTransient.xml
----------------- Instantiating /home/travis/build/icyphy/ptII/ptolemy/domains/hdf/kernel/test/auto/InitTransient.xml
34 ms. Memory: 145408K Free: 107170K (74%)
----------------- Invoking toplevel() on ptolemy.moml.MoMLSimpleApplication@7f9c3ba6
----------------- Done invoking toplevel() on ptolemy.moml.MoMLSimpleApplication@7f9c3ba6
reloadAllAccessors: .InitTransient

===========================================================================================
----------------- testing Fri Aug 30 05:32:02 UTC 2019 /home/travis/build/icyphy/ptII/ptolemy/domains/hdf/kernel/test/auto/Merge.xml
----------------- Instantiating /home/travis/build/icyphy/ptII/ptolemy/domains/hdf/kernel/test/auto/Merge.xml
47 ms. Memory: 145408K Free: 89762K (62%)
----------------- Invoking toplevel() on ptolemy.moml.MoMLSimpleApplication@6043e148
----------------- Done invoking toplevel() on ptolemy.moml.MoMLSimpleApplication@6043e148
reloadAllAccessors: .Merge

===========================================================================================
----------------- testing Fri Aug 30 05:32:02 UTC 2019 /home/travis/build/icyphy/ptII/ptolemy/domains/hdf/kernel/test/auto/ModalModelBooleanSwitch.xml
----------------- Instantiating /home/travis/build/icyphy/ptII/ptolemy/domains/hdf/kernel/test/auto/ModalModelBooleanSwitch.xml
27 ms. Memory: 145408K Free: 70306K (48%)
----------------- Invoking toplevel() on ptolemy.moml.MoMLSimpleApplication@71fc00e5
----------------- Done invoking toplevel() on ptolemy.moml.MoMLSimpleApplication@71fc00e5
reloadAllAccessors: .BooleanSwitchWithModel

===========================================================================================
----------------- testing Fri Aug 30 05:32:02 UTC 2019 /home/travis/build/icyphy/ptII/ptolemy/domains/hdf/kernel/test/auto/SameRates.xml
----------------- Instantiating /home/travis/build/icyphy/ptII/ptolemy/domains/hdf/kernel/test/auto/SameRates.xml
11 ms. Memory: 145408K Free: 57508K (40%)
----------------- Invoking toplevel() on ptolemy.moml.MoMLSimpleApplication@77148e15
----------------- Done invoking toplevel() on ptolemy.moml.MoMLSimpleApplication@77148e15
reloadAllAccessors: .SameRates

===========================================================================================
----------------- testing Fri Aug 30 05:32:02 UTC 2019 /home/travis/build/icyphy/ptII/ptolemy/domains/hdf/kernel/test/auto/SameRefinedRates.xml
----------------- Instantiating /home/travis/build/icyphy/ptII/ptolemy/domains/hdf/kernel/test/auto/SameRefinedRates.xml
13 ms. Memory: 145408K Free: 123421K (85%)
----------------- Invoking toplevel() on ptolemy.moml.MoMLSimpleApplication@7173b1a4
----------------- Done invoking toplevel() on ptolemy.moml.MoMLSimpleApplication@7173b1a4
reloadAllAccessors: .SameRefinedRates

===========================================================================================
----------------- testing Fri Aug 30 05:32:02 UTC 2019 /home/travis/build/icyphy/ptII/ptolemy/domains/hdf/kernel/test/auto/SameRefinedRates2.xml
----------------- Instantiating /home/travis/build/icyphy/ptII/ptolemy/domains/hdf/kernel/test/auto/SameRefinedRates2.xml
20 ms. Memory: 145408K Free: 109055K (75%)
----------------- Invoking toplevel() on ptolemy.moml.MoMLSimpleApplication@24a4d1be
----------------- Done invoking toplevel() on ptolemy.moml.MoMLSimpleApplication@24a4d1be
reloadAllAccessors: .SameRefinedRates2

===========================================================================================
----------------- testing Fri Aug 30 05:32:02 UTC 2019 /home/travis/build/icyphy/ptII/ptolemy/domains/hdf/kernel/test/auto/TransientStates.xml
----------------- Instantiating /home/travis/build/icyphy/ptII/ptolemy/domains/hdf/kernel/test/auto/TransientStates.xml
35 ms. Memory: 145408K Free: 90143K (62%)
----------------- Invoking toplevel() on ptolemy.moml.MoMLSimpleApplication@55f554b1
----------------- Done invoking toplevel() on ptolemy.moml.MoMLSimpleApplication@55f554b1
reloadAllAccessors: .TransientStates

===========================================================================================
----------------- testing Fri Aug 30 05:32:02 UTC 2019 /home/travis/build/icyphy/ptII/ptolemy/domains/hdf/kernel/test/auto/TwoHammingCodec.xml
----------------- Instantiating /home/travis/build/icyphy/ptII/ptolemy/domains/hdf/kernel/test/auto/TwoHammingCodec.xml
41 ms. Memory: 145408K Free: 70687K (49%)
----------------- Invoking toplevel() on ptolemy.moml.MoMLSimpleApplication@34ed9a70
----------------- Done invoking toplevel() on ptolemy.moml.MoMLSimpleApplication@34ed9a70
reloadAllAccessors: .TwoHammingCodec

===========================================================================================
----------------- testing Fri Aug 30 05:32:02 UTC 2019 /home/travis/build/icyphy/ptII/ptolemy/domains/hdf/kernel/test/auto/TwoHammingCodec1.xml
----------------- Instantiating /home/travis/build/icyphy/ptII/ptolemy/domains/hdf/kernel/test/auto/TwoHammingCodec1.xml
46 ms. Memory: 145408K Free: 47135K (32%)
----------------- Invoking toplevel() on ptolemy.moml.MoMLSimpleApplication@366b0fe5
----------------- Done invoking toplevel() on ptolemy.moml.MoMLSimpleApplication@366b0fe5
reloadAllAccessors: .twoHammingCodec1

===========================================================================================
----------------- testing Fri Aug 30 05:32:02 UTC 2019 /home/travis/build/icyphy/ptII/ptolemy/domains/hdf/kernel/test/auto/TwoLevelHierarchy.xml
----------------- Instantiating /home/travis/build/icyphy/ptII/ptolemy/domains/hdf/kernel/test/auto/TwoLevelHierarchy.xml
47 ms. Memory: 145408K Free: 89994K (62%)
----------------- Invoking toplevel() on ptolemy.moml.MoMLSimpleApplication@67c0f7aa
----------------- Done invoking toplevel() on ptolemy.moml.MoMLSimpleApplication@67c0f7aa
reloadAllAccessors: .TwoLevelHierarchy

===========================================================================================
----------------- testing Fri Aug 30 05:32:02 UTC 2019 /home/travis/build/icyphy/ptII/ptolemy/domains/hdf/kernel/test/auto/TwoLevelHierarchy1.xml
----------------- Instantiating /home/travis/build/icyphy/ptII/ptolemy/domains/hdf/kernel/test/auto/TwoLevelHierarchy1.xml
47 ms. Memory: 145408K Free: 47466K (33%)
----------------- Invoking toplevel() on ptolemy.moml.MoMLSimpleApplication@4e6e9439
----------------- Done invoking toplevel() on ptolemy.moml.MoMLSimpleApplication@4e6e9439
reloadAllAccessors: .TwoLevelHierarchy1

===========================================================================================
----------------- testing Fri Aug 30 05:32:03 UTC 2019 /home/travis/build/icyphy/ptII/ptolemy/domains/hdf/kernel/test/auto/TwoLevelHierarchy2.xml
----------------- Instantiating /home/travis/build/icyphy/ptII/ptolemy/domains/hdf/kernel/test/auto/TwoLevelHierarchy2.xml
39 ms. Memory: 145408K Free: 98510K (68%)
----------------- Invoking toplevel() on ptolemy.moml.MoMLSimpleApplication@11cc1cf5
----------------- Done invoking toplevel() on ptolemy.moml.MoMLSimpleApplication@11cc1cf5
reloadAllAccessors: .TwoLevelHierarchy2

===========================================================================================
----------------- testing Fri Aug 30 05:32:03 UTC 2019 /home/travis/build/icyphy/ptII/ptolemy/domains/hdf/kernel/test/auto/TwoLevelHierarchyNullStates.xml
----------------- Instantiating /home/travis/build/icyphy/ptII/ptolemy/domains/hdf/kernel/test/auto/TwoLevelHierarchyNullStates.xml
40 ms. Memory: 145408K Free: 48844K (34%)
----------------- Invoking toplevel() on ptolemy.moml.MoMLSimpleApplication@1d28b438
----------------- Done invoking toplevel() on ptolemy.moml.MoMLSimpleApplication@1d28b438
reloadAllAccessors: .TwoLevelHierarchyNullStates

===========================================================================================
----------------- testing Fri Aug 30 05:32:03 UTC 2019 /home/travis/build/icyphy/ptII/ptolemy/domains/hdf/kernel/test/auto/TwoLevelHierarchyWithResets.xml
----------------- Instantiating /home/travis/build/icyphy/ptII/ptolemy/domains/hdf/kernel/test/auto/TwoLevelHierarchyWithResets.xml
71 ms. Memory: 145408K Free: 89089K (61%)
----------------- Invoking toplevel() on ptolemy.moml.MoMLSimpleApplication@557757f1
----------------- Done invoking toplevel() on ptolemy.moml.MoMLSimpleApplication@557757f1
reloadAllAccessors: .TwoLevelHierarchy1

===========================================================================================
----------------- testing Fri Aug 30 05:32:03 UTC 2019 /home/travis/build/icyphy/ptII/ptolemy/domains/hdf/kernel/test/auto/TwoLevelHierarchyWithResetsNullStates.xml
----------------- Instantiating /home/travis/build/icyphy/ptII/ptolemy/domains/hdf/kernel/test/auto/TwoLevelHierarchyWithResetsNullStates.xml
102 ms. Memory: 175104K Free: 143889K (82%)
----------------- Invoking toplevel() on ptolemy.moml.MoMLSimpleApplication@258bd8bf
----------------- Done invoking toplevel() on ptolemy.moml.MoMLSimpleApplication@258bd8bf
reloadAllAccessors: .TwoLevelHierarchyWithResetsNullStates

===========================================================================================
----------------- testing Fri Aug 30 05:32:03 UTC 2019 /home/travis/build/icyphy/ptII/ptolemy/domains/hdf/kernel/test/auto/WaterTank_HDF.xml
----------------- Instantiating /home/travis/build/icyphy/ptII/ptolemy/domains/hdf/kernel/test/auto/WaterTank_HDF.xml
55 ms. Memory: 175104K Free: 114912K (66%)
----------------- Invoking toplevel() on ptolemy.moml.MoMLSimpleApplication@68eb4b81
----------------- Done invoking toplevel() on ptolemy.moml.MoMLSimpleApplication@68eb4b81
reloadAllAccessors: .WaterTank_HDF

===========================================================================================
----------------- testing Fri Aug 30 05:32:03 UTC 2019 /home/travis/build/icyphy/ptII/ptolemy/domains/hdf/kernel/test/auto/WaterTank_HDF2.xml
----------------- Instantiating /home/travis/build/icyphy/ptII/ptolemy/domains/hdf/kernel/test/auto/WaterTank_HDF2.xml
47 ms. Memory: 175104K Free: 82654K (47%)
----------------- Invoking toplevel() on ptolemy.moml.MoMLSimpleApplication@3b828a0c
----------------- Done invoking toplevel() on ptolemy.moml.MoMLSimpleApplication@3b828a0c
reloadAllAccessors: .WaterTank_HDF2

===========================================================================================
----------------- testing Fri Aug 30 05:32:04 UTC 2019 /home/travis/build/icyphy/ptII/ptolemy/domains/hdf/kernel/test/auto/badFSMRateChanges.xml
----------------- Instantiating /home/travis/build/icyphy/ptII/ptolemy/domains/hdf/kernel/test/auto/badFSMRateChanges.xml
13 ms. Memory: 175104K Free: 68288K (39%)
----------------- Invoking toplevel() on ptolemy.moml.MoMLSimpleApplication@14ec41d4
----------------- Done invoking toplevel() on ptolemy.moml.MoMLSimpleApplication@14ec41d4
reloadAllAccessors: .badFSMRateChanges
AutoTests.java: About to close Vertx.
AutoTests.java: Vertx closed.
]]></system-out>
  <system-err><![CDATA[]]></system-err>
</testsuite>
