<?xml version="1.0" encoding="UTF-8" ?>
<testsuite errors="0" failures="0" hostname="travis-job-d127946c-d8cf-40aa-a51c-24b2e2176073" name="ptolemy.actor.lib.hoc.test.junit.JUnitTclTest" skipped="0" tests="58" time="31.229" timestamp="2020-02-03T19:23:55">
  <properties>
[...]
</properties>
  <testcase classname="ptolemy.util.test.junit.TclTests" name="[0] /home/travis/build/icyphy/ptII/ptolemy/actor/lib/hoc/test/IterateOverArray.tcl (RunTclFile)" time="0.251" />
  <testcase classname="ptolemy.util.test.junit.AutoKnownFailedTests" name="[0] /home/travis/build/icyphy/ptII/ptolemy/actor/lib/hoc/test/auto/knownFailedTests/PreinitializeMustBeInvokedRunComposite.xml (RunModel)" time="0.405" />
  <testcase classname="ptolemy.util.test.junit.AutoNameArchTests" name="[0] ThereAreNoAutoArchTests (RunModel)" time="0.006" />
  <testcase classname="ptolemy.util.test.junit.AutoTests" name="[0] /home/travis/build/icyphy/ptII/ptolemy/actor/lib/hoc/test/auto/AllToAllMultiInstanceComposite.xml (RunModel)" time="0.422" />
  <testcase classname="ptolemy.util.test.junit.AutoTests" name="[1] /home/travis/build/icyphy/ptII/ptolemy/actor/lib/hoc/test/auto/ApplyFFTTest.xml (RunModel)" time="0.328" />
  <testcase classname="ptolemy.util.test.junit.AutoTests" name="[2] /home/travis/build/icyphy/ptII/ptolemy/actor/lib/hoc/test/auto/ApplyFunction.xml (RunModel)" time="0.035" />
  <testcase classname="ptolemy.util.test.junit.AutoTests" name="[3] /home/travis/build/icyphy/ptII/ptolemy/actor/lib/hoc/test/auto/BackgroundExecution.xml (RunModel)" time="0.713" />
  <testcase classname="ptolemy.util.test.junit.AutoTests" name="[4] /home/travis/build/icyphy/ptII/ptolemy/actor/lib/hoc/test/auto/Case.xml (RunModel)" time="0.047" />
  <testcase classname="ptolemy.util.test.junit.AutoTests" name="[5] /home/travis/build/icyphy/ptII/ptolemy/actor/lib/hoc/test/auto/Case1.xml (RunModel)" time="0.066" />
  <testcase classname="ptolemy.util.test.junit.AutoTests" name="[6] /home/travis/build/icyphy/ptII/ptolemy/actor/lib/hoc/test/auto/Case2.xml (RunModel)" time="0.084" />
  <testcase classname="ptolemy.util.test.junit.AutoTests" name="[7] /home/travis/build/icyphy/ptII/ptolemy/actor/lib/hoc/test/auto/Case3.xml (RunModel)" time="0.061" />
  <testcase classname="ptolemy.util.test.junit.AutoTests" name="[8] /home/travis/build/icyphy/ptII/ptolemy/actor/lib/hoc/test/auto/Case4.xml (RunModel)" time="0.06" />
  <testcase classname="ptolemy.util.test.junit.AutoTests" name="[9] /home/travis/build/icyphy/ptII/ptolemy/actor/lib/hoc/test/auto/Case5.xml (RunModel)" time="0.088" />
  <testcase classname="ptolemy.util.test.junit.AutoTests" name="[10] /home/travis/build/icyphy/ptII/ptolemy/actor/lib/hoc/test/auto/Case6.xml (RunModel)" time="0.084" />
  <testcase classname="ptolemy.util.test.junit.AutoTests" name="[11] /home/travis/build/icyphy/ptII/ptolemy/actor/lib/hoc/test/auto/CaseString2.xml (RunModel)" time="0.037" />
  <testcase classname="ptolemy.util.test.junit.AutoTests" name="[12] /home/travis/build/icyphy/ptII/ptolemy/actor/lib/hoc/test/auto/CatchUpComposite1.xml (RunModel)" time="0.071" />
  <testcase classname="ptolemy.util.test.junit.AutoTests" name="[13] /home/travis/build/icyphy/ptII/ptolemy/actor/lib/hoc/test/auto/CatchUpComposite2.xml (RunModel)" time="0.059" />
  <testcase classname="ptolemy.util.test.junit.AutoTests" name="[14] /home/travis/build/icyphy/ptII/ptolemy/actor/lib/hoc/test/auto/CatchUpComposite3.xml (RunModel)" time="0.062" />
  <testcase classname="ptolemy.util.test.junit.AutoTests" name="[15] /home/travis/build/icyphy/ptII/ptolemy/actor/lib/hoc/test/auto/CatchUpComposite4.xml (RunModel)" time="0.059" />
  <testcase classname="ptolemy.util.test.junit.AutoTests" name="[16] /home/travis/build/icyphy/ptII/ptolemy/actor/lib/hoc/test/auto/CatchUpComposite5.xml (RunModel)" time="0.032" />
  <testcase classname="ptolemy.util.test.junit.AutoTests" name="[17] /home/travis/build/icyphy/ptII/ptolemy/actor/lib/hoc/test/auto/CatchUpComposite6.xml (RunModel)" time="0.154" />
  <testcase classname="ptolemy.util.test.junit.AutoTests" name="[18] /home/travis/build/icyphy/ptII/ptolemy/actor/lib/hoc/test/auto/CatchUpComposite7.xml (RunModel)" time="0.103" />
  <testcase classname="ptolemy.util.test.junit.AutoTests" name="[19] /home/travis/build/icyphy/ptII/ptolemy/actor/lib/hoc/test/auto/ConcurrentExecutionTimeSDF.xml (RunModel)" time="1.544" />
  <testcase classname="ptolemy.util.test.junit.AutoTests" name="[20] /home/travis/build/icyphy/ptII/ptolemy/actor/lib/hoc/test/auto/ConcurrentSleep.xml (RunModel)" time="0.761" />
  <testcase classname="ptolemy.util.test.junit.AutoTests" name="[21] /home/travis/build/icyphy/ptII/ptolemy/actor/lib/hoc/test/auto/DEInPNInRunCompositeActor.xml (RunModel)" time="0.053" />
  <testcase classname="ptolemy.util.test.junit.AutoTests" name="[22] /home/travis/build/icyphy/ptII/ptolemy/actor/lib/hoc/test/auto/DFTSubSetTest.xml (RunModel)" time="0.302" />
  <testcase classname="ptolemy.util.test.junit.AutoTests" name="[23] /home/travis/build/icyphy/ptII/ptolemy/actor/lib/hoc/test/auto/HocDE.xml (RunModel)" time="0.163" />
  <testcase classname="ptolemy.util.test.junit.AutoTests" name="[24] /home/travis/build/icyphy/ptII/ptolemy/actor/lib/hoc/test/auto/IterateOverArray.xml (RunModel)" time="0.037" />
  <testcase classname="ptolemy.util.test.junit.AutoTests" name="[25] /home/travis/build/icyphy/ptII/ptolemy/actor/lib/hoc/test/auto/IterateOverArray10.xml (RunModel)" time="0.02" />
  <testcase classname="ptolemy.util.test.junit.AutoTests" name="[26] /home/travis/build/icyphy/ptII/ptolemy/actor/lib/hoc/test/auto/IterateOverArray11.xml (RunModel)" time="0.033" />
  <testcase classname="ptolemy.util.test.junit.AutoTests" name="[27] /home/travis/build/icyphy/ptII/ptolemy/actor/lib/hoc/test/auto/IterateOverArray12.xml (RunModel)" time="0.037" />
  <testcase classname="ptolemy.util.test.junit.AutoTests" name="[28] /home/travis/build/icyphy/ptII/ptolemy/actor/lib/hoc/test/auto/IterateOverArray13.xml (RunModel)" time="0.157" />
  <testcase classname="ptolemy.util.test.junit.AutoTests" name="[29] /home/travis/build/icyphy/ptII/ptolemy/actor/lib/hoc/test/auto/IterateOverArray14.xml (RunModel)" time="0.148" />
  <testcase classname="ptolemy.util.test.junit.AutoTests" name="[30] /home/travis/build/icyphy/ptII/ptolemy/actor/lib/hoc/test/auto/IterateOverArray2.xml (RunModel)" time="0.027" />
  <testcase classname="ptolemy.util.test.junit.AutoTests" name="[31] /home/travis/build/icyphy/ptII/ptolemy/actor/lib/hoc/test/auto/IterateOverArray3.xml (RunModel)" time="0.039" />
  <testcase classname="ptolemy.util.test.junit.AutoTests" name="[32] /home/travis/build/icyphy/ptII/ptolemy/actor/lib/hoc/test/auto/IterateOverArray4.xml (RunModel)" time="0.024" />
  <testcase classname="ptolemy.util.test.junit.AutoTests" name="[33] /home/travis/build/icyphy/ptII/ptolemy/actor/lib/hoc/test/auto/IterateOverArray5.xml (RunModel)" time="0.023" />
  <testcase classname="ptolemy.util.test.junit.AutoTests" name="[34] /home/travis/build/icyphy/ptII/ptolemy/actor/lib/hoc/test/auto/IterateOverArray6.xml (RunModel)" time="0.014" />
  <testcase classname="ptolemy.util.test.junit.AutoTests" name="[35] /home/travis/build/icyphy/ptII/ptolemy/actor/lib/hoc/test/auto/IterateOverArray7.xml (RunModel)" time="0.021" />
  <testcase classname="ptolemy.util.test.junit.AutoTests" name="[36] /home/travis/build/icyphy/ptII/ptolemy/actor/lib/hoc/test/auto/IterateOverArray8.xml (RunModel)" time="0.018" />
  <testcase classname="ptolemy.util.test.junit.AutoTests" name="[37] /home/travis/build/icyphy/ptII/ptolemy/actor/lib/hoc/test/auto/IterateOverArray9.xml (RunModel)" time="0.018" />
  <testcase classname="ptolemy.util.test.junit.AutoTests" name="[38] /home/travis/build/icyphy/ptII/ptolemy/actor/lib/hoc/test/auto/IterateOverArrayCoercedOutputType.xml (RunModel)" time="0.039" />
  <testcase classname="ptolemy.util.test.junit.AutoTests" name="[39] /home/travis/build/icyphy/ptII/ptolemy/actor/lib/hoc/test/auto/IterateOverArrayInferredOutputType.xml (RunModel)" time="0.029" />
  <testcase classname="ptolemy.util.test.junit.AutoTests" name="[40] /home/travis/build/icyphy/ptII/ptolemy/actor/lib/hoc/test/auto/MobileFunctionTest.xml (RunModel)" time="0.027" />
  <testcase classname="ptolemy.util.test.junit.AutoTests" name="[41] /home/travis/build/icyphy/ptII/ptolemy/actor/lib/hoc/test/auto/MobileModelTest.xml (RunModel)" time="0.161" />
  <testcase classname="ptolemy.util.test.junit.AutoTests" name="[42] /home/travis/build/icyphy/ptII/ptolemy/actor/lib/hoc/test/auto/ModelReference.xml (RunModel)" time="0.06" />
  <testcase classname="ptolemy.util.test.junit.AutoTests" name="[43] /home/travis/build/icyphy/ptII/ptolemy/actor/lib/hoc/test/auto/ModelReference3.xml (RunModel)" time="0.065" />
  <testcase classname="ptolemy.util.test.junit.AutoTests" name="[44] /home/travis/build/icyphy/ptII/ptolemy/actor/lib/hoc/test/auto/ModelReference4.xml (RunModel)" time="10.036" />
  <testcase classname="ptolemy.util.test.junit.AutoTests" name="[45] /home/travis/build/icyphy/ptII/ptolemy/actor/lib/hoc/test/auto/MultiInstanceComposite.xml (RunModel)" time="0.051" />
  <testcase classname="ptolemy.util.test.junit.AutoTests" name="[46] /home/travis/build/icyphy/ptII/ptolemy/actor/lib/hoc/test/auto/MultiInstanceComposite2.xml (RunModel)" time="0.031" />
  <testcase classname="ptolemy.util.test.junit.AutoTests" name="[47] /home/travis/build/icyphy/ptII/ptolemy/actor/lib/hoc/test/auto/MulticoreExecution.xml (RunModel)" time="1.072" />
  <testcase classname="ptolemy.util.test.junit.AutoTests" name="[48] /home/travis/build/icyphy/ptII/ptolemy/actor/lib/hoc/test/auto/ParallelExecution.xml (RunModel)" time="0.93" />
  <testcase classname="ptolemy.util.test.junit.AutoTests" name="[49] /home/travis/build/icyphy/ptII/ptolemy/actor/lib/hoc/test/auto/RunCompositeActor.xml (RunModel)" time="0.021" />
  <testcase classname="ptolemy.util.test.junit.AutoTests" name="[50] /home/travis/build/icyphy/ptII/ptolemy/actor/lib/hoc/test/auto/RunCompositeActor2.xml (RunModel)" time="0.02" />
  <testcase classname="ptolemy.util.test.junit.AutoTests" name="[51] /home/travis/build/icyphy/ptII/ptolemy/actor/lib/hoc/test/auto/RunCompositeActor3.xml (RunModel)" time="0.016" />
  <testcase classname="ptolemy.util.test.junit.AutoTests" name="[52] /home/travis/build/icyphy/ptII/ptolemy/actor/lib/hoc/test/auto/RunCompositeActor4.xml (RunModel)" time="0.022" />
  <testcase classname="ptolemy.util.test.junit.AutoTests" name="[53] /home/travis/build/icyphy/ptII/ptolemy/actor/lib/hoc/test/auto/RunCompositeIterateOverArray.xml (RunModel)" time="0.024" />
  <testcase classname="ptolemy.util.test.junit.AutoTests" name="[54] /home/travis/build/icyphy/ptII/ptolemy/actor/lib/hoc/test/auto/ThreadedJS.xml (RunModel)" time="11.409" />
  <system-out><![CDATA[/home/travis/build/icyphy/ptII/ptolemy/actor/lib/hoc/test/IterateOverArray.tcl
testDefs.tcl: setting time out to 9000 seconds at Mon Feb 03 19:23:55 UTC 2020
02/03/20 07:23:55
Failed: 0  Total Tests: 2  ((Passed: 2, Newly Passed: 0)  Known Failed: 0) /home/travis/build/icyphy/ptII/ptolemy/actor/lib/hoc/test
----------------- testing (KnownFailure) /home/travis/build/icyphy/ptII/ptolemy/actor/lib/hoc/test/auto/knownFailedTests/PreinitializeMustBeInvokedRunComposite.xml
119 ms. Memory: 129024K Free: 86470K (67%)
Known Failure: java.lang.reflect.InvocationTargetException
No auto/linux-amd64/*.xml tests in /home/travis/build/icyphy/ptII/ptolemy/actor/lib/hoc/test
AutoTests.java: About to close Vertx.
AutoTests.java: Vertx closed.

===========================================================================================
----------------- testing Mon Feb 03 19:23:56 UTC 2020 /home/travis/build/icyphy/ptII/ptolemy/actor/lib/hoc/test/auto/AllToAllMultiInstanceComposite.xml
----------------- Instantiating /home/travis/build/icyphy/ptII/ptolemy/actor/lib/hoc/test/auto/AllToAllMultiInstanceComposite.xml
179 ms. Memory: 129024K Free: 101635K (79%)
----------------- Invoking toplevel() on ptolemy.moml.MoMLSimpleApplication@923b5bd
----------------- Done invoking toplevel() on ptolemy.moml.MoMLSimpleApplication@923b5bd
reloadAllAccessors: .AllToAllMultiInstanceComposite

===========================================================================================
----------------- testing Mon Feb 03 19:23:57 UTC 2020 /home/travis/build/icyphy/ptII/ptolemy/actor/lib/hoc/test/auto/ApplyFFTTest.xml
----------------- Instantiating /home/travis/build/icyphy/ptII/ptolemy/actor/lib/hoc/test/auto/ApplyFFTTest.xml
132 ms. Memory: 129024K Free: 82955K (64%)
----------------- Invoking toplevel() on ptolemy.moml.MoMLSimpleApplication@2390a7a3
----------------- Done invoking toplevel() on ptolemy.moml.MoMLSimpleApplication@2390a7a3
reloadAllAccessors: .ApplyFFTTest

===========================================================================================
----------------- testing Mon Feb 03 19:23:57 UTC 2020 /home/travis/build/icyphy/ptII/ptolemy/actor/lib/hoc/test/auto/ApplyFunction.xml
----------------- Instantiating /home/travis/build/icyphy/ptII/ptolemy/actor/lib/hoc/test/auto/ApplyFunction.xml
11 ms. Memory: 129024K Free: 79890K (62%)
----------------- Invoking toplevel() on ptolemy.moml.MoMLSimpleApplication@50e09917
----------------- Done invoking toplevel() on ptolemy.moml.MoMLSimpleApplication@50e09917
reloadAllAccessors: .ApplyFunction

===========================================================================================
----------------- testing Mon Feb 03 19:23:57 UTC 2020 /home/travis/build/icyphy/ptII/ptolemy/actor/lib/hoc/test/auto/BackgroundExecution.xml
----------------- Instantiating /home/travis/build/icyphy/ptII/ptolemy/actor/lib/hoc/test/auto/BackgroundExecution.xml
619 ms. Memory: 129024K Free: 107857K (84%)
----------------- Invoking toplevel() on ptolemy.moml.MoMLSimpleApplication@54fb006e
----------------- Done invoking toplevel() on ptolemy.moml.MoMLSimpleApplication@54fb006e
reloadAllAccessors: .BackgroundExecution

===========================================================================================
----------------- testing Mon Feb 03 19:23:58 UTC 2020 /home/travis/build/icyphy/ptII/ptolemy/actor/lib/hoc/test/auto/Case.xml
----------------- Instantiating /home/travis/build/icyphy/ptII/ptolemy/actor/lib/hoc/test/auto/Case.xml
13 ms. Memory: 129024K Free: 100360K (78%)
----------------- Invoking toplevel() on ptolemy.moml.MoMLSimpleApplication@28054df5
----------------- Done invoking toplevel() on ptolemy.moml.MoMLSimpleApplication@28054df5
reloadAllAccessors: .Case

===========================================================================================
----------------- testing Mon Feb 03 19:23:58 UTC 2020 /home/travis/build/icyphy/ptII/ptolemy/actor/lib/hoc/test/auto/Case1.xml
----------------- Instantiating /home/travis/build/icyphy/ptII/ptolemy/actor/lib/hoc/test/auto/Case1.xml
20 ms. Memory: 129024K Free: 94192K (73%)
----------------- Invoking toplevel() on ptolemy.moml.MoMLSimpleApplication@b74da50
----------------- Done invoking toplevel() on ptolemy.moml.MoMLSimpleApplication@b74da50
reloadAllAccessors: .Case1

===========================================================================================
----------------- testing Mon Feb 03 19:23:58 UTC 2020 /home/travis/build/icyphy/ptII/ptolemy/actor/lib/hoc/test/auto/Case2.xml
----------------- Instantiating /home/travis/build/icyphy/ptII/ptolemy/actor/lib/hoc/test/auto/Case2.xml
31 ms. Memory: 129024K Free: 83952K (65%)
----------------- Invoking toplevel() on ptolemy.moml.MoMLSimpleApplication@5035df9f
----------------- Done invoking toplevel() on ptolemy.moml.MoMLSimpleApplication@5035df9f
reloadAllAccessors: .Case2

===========================================================================================
----------------- testing Mon Feb 03 19:23:58 UTC 2020 /home/travis/build/icyphy/ptII/ptolemy/actor/lib/hoc/test/auto/Case3.xml
----------------- Instantiating /home/travis/build/icyphy/ptII/ptolemy/actor/lib/hoc/test/auto/Case3.xml
17 ms. Memory: 129024K Free: 77822K (60%)
----------------- Invoking toplevel() on ptolemy.moml.MoMLSimpleApplication@63e82f4c
----------------- Done invoking toplevel() on ptolemy.moml.MoMLSimpleApplication@63e82f4c
reloadAllAccessors: .Case3

===========================================================================================
----------------- testing Mon Feb 03 19:23:58 UTC 2020 /home/travis/build/icyphy/ptII/ptolemy/actor/lib/hoc/test/auto/Case4.xml
----------------- Instantiating /home/travis/build/icyphy/ptII/ptolemy/actor/lib/hoc/test/auto/Case4.xml
18 ms. Memory: 129024K Free: 69969K (54%)
----------------- Invoking toplevel() on ptolemy.moml.MoMLSimpleApplication@2de63bc4
----------------- Done invoking toplevel() on ptolemy.moml.MoMLSimpleApplication@2de63bc4
reloadAllAccessors: .Case4

===========================================================================================
----------------- testing Mon Feb 03 19:23:58 UTC 2020 /home/travis/build/icyphy/ptII/ptolemy/actor/lib/hoc/test/auto/Case5.xml
----------------- Instantiating /home/travis/build/icyphy/ptII/ptolemy/actor/lib/hoc/test/auto/Case5.xml
47 ms. Memory: 129024K Free: 109736K (85%)
----------------- Invoking toplevel() on ptolemy.moml.MoMLSimpleApplication@7f35c46
----------------- Done invoking toplevel() on ptolemy.moml.MoMLSimpleApplication@7f35c46
reloadAllAccessors: .junk

===========================================================================================
----------------- testing Mon Feb 03 19:23:58 UTC 2020 /home/travis/build/icyphy/ptII/ptolemy/actor/lib/hoc/test/auto/Case6.xml
----------------- Instantiating /home/travis/build/icyphy/ptII/ptolemy/actor/lib/hoc/test/auto/Case6.xml
32 ms. Memory: 129024K Free: 97832K (76%)
----------------- Invoking toplevel() on ptolemy.moml.MoMLSimpleApplication@69143b65
----------------- Done invoking toplevel() on ptolemy.moml.MoMLSimpleApplication@69143b65
reloadAllAccessors: .Case6

===========================================================================================
----------------- testing Mon Feb 03 19:23:58 UTC 2020 /home/travis/build/icyphy/ptII/ptolemy/actor/lib/hoc/test/auto/CaseString2.xml
----------------- Instantiating /home/travis/build/icyphy/ptII/ptolemy/actor/lib/hoc/test/auto/CaseString2.xml
8 ms. Memory: 129024K Free: 90242K (70%)
----------------- Invoking toplevel() on ptolemy.moml.MoMLSimpleApplication@619989bb
----------------- Done invoking toplevel() on ptolemy.moml.MoMLSimpleApplication@619989bb
reloadAllAccessors: .CaseString2

===========================================================================================
----------------- testing Mon Feb 03 19:23:58 UTC 2020 /home/travis/build/icyphy/ptII/ptolemy/actor/lib/hoc/test/auto/CatchUpComposite1.xml
----------------- Instantiating /home/travis/build/icyphy/ptII/ptolemy/actor/lib/hoc/test/auto/CatchUpComposite1.xml
25 ms. Memory: 129024K Free: 81064K (63%)
----------------- Invoking toplevel() on ptolemy.moml.MoMLSimpleApplication@53ed60f4
----------------- Done invoking toplevel() on ptolemy.moml.MoMLSimpleApplication@53ed60f4
reloadAllAccessors: .CatchUpComposite1

===========================================================================================
----------------- testing Mon Feb 03 19:23:58 UTC 2020 /home/travis/build/icyphy/ptII/ptolemy/actor/lib/hoc/test/auto/CatchUpComposite2.xml
----------------- Instantiating /home/travis/build/icyphy/ptII/ptolemy/actor/lib/hoc/test/auto/CatchUpComposite2.xml
15 ms. Memory: 129024K Free: 72842K (56%)
----------------- Invoking toplevel() on ptolemy.moml.MoMLSimpleApplication@3b188e09
----------------- Done invoking toplevel() on ptolemy.moml.MoMLSimpleApplication@3b188e09
reloadAllAccessors: .CatchUpComposite2

===========================================================================================
----------------- testing Mon Feb 03 19:23:58 UTC 2020 /home/travis/build/icyphy/ptII/ptolemy/actor/lib/hoc/test/auto/CatchUpComposite3.xml
----------------- Instantiating /home/travis/build/icyphy/ptII/ptolemy/actor/lib/hoc/test/auto/CatchUpComposite3.xml
23 ms. Memory: 129024K Free: 64686K (50%)
----------------- Invoking toplevel() on ptolemy.moml.MoMLSimpleApplication@292359dd
----------------- Done invoking toplevel() on ptolemy.moml.MoMLSimpleApplication@292359dd
reloadAllAccessors: .CatchUpComposite3

===========================================================================================
----------------- testing Mon Feb 03 19:23:58 UTC 2020 /home/travis/build/icyphy/ptII/ptolemy/actor/lib/hoc/test/auto/CatchUpComposite4.xml
----------------- Instantiating /home/travis/build/icyphy/ptII/ptolemy/actor/lib/hoc/test/auto/CatchUpComposite4.xml
15 ms. Memory: 129024K Free: 112949K (88%)
----------------- Invoking toplevel() on ptolemy.moml.MoMLSimpleApplication@1ac1a62f
----------------- Done invoking toplevel() on ptolemy.moml.MoMLSimpleApplication@1ac1a62f
reloadAllAccessors: .CatchUpComposite4

===========================================================================================
----------------- testing Mon Feb 03 19:23:59 UTC 2020 /home/travis/build/icyphy/ptII/ptolemy/actor/lib/hoc/test/auto/CatchUpComposite5.xml
----------------- Instantiating /home/travis/build/icyphy/ptII/ptolemy/actor/lib/hoc/test/auto/CatchUpComposite5.xml
8 ms. Memory: 129024K Free: 104986K (81%)
----------------- Invoking toplevel() on ptolemy.moml.MoMLSimpleApplication@2ba8aaed
----------------- Done invoking toplevel() on ptolemy.moml.MoMLSimpleApplication@2ba8aaed
reloadAllAccessors: .CatchUpComposite5

===========================================================================================
----------------- testing Mon Feb 03 19:23:59 UTC 2020 /home/travis/build/icyphy/ptII/ptolemy/actor/lib/hoc/test/auto/CatchUpComposite6.xml
----------------- Instantiating /home/travis/build/icyphy/ptII/ptolemy/actor/lib/hoc/test/auto/CatchUpComposite6.xml
WARNING: The execution aspects in this model can influence the timing of actors by delaying the 
execution, potentially changing the behavior. There is no guarantee that actors fire at the 
time they request to be fired. 
Use Ptides for deterministic DE behavior that is not influenced by execution aspects. 

82 ms. Memory: 129024K Free: 90311K (70%)
----------------- Invoking toplevel() on ptolemy.moml.MoMLSimpleApplication@4209f3f6
----------------- Done invoking toplevel() on ptolemy.moml.MoMLSimpleApplication@4209f3f6
reloadAllAccessors: .CatchUpComposite6

===========================================================================================
----------------- testing Mon Feb 03 19:23:59 UTC 2020 /home/travis/build/icyphy/ptII/ptolemy/actor/lib/hoc/test/auto/CatchUpComposite7.xml
----------------- Instantiating /home/travis/build/icyphy/ptII/ptolemy/actor/lib/hoc/test/auto/CatchUpComposite7.xml
WARNING: The execution aspects in this model can influence the timing of actors by delaying the 
execution, potentially changing the behavior. There is no guarantee that actors fire at the 
time they request to be fired. 
Use Ptides for deterministic DE behavior that is not influenced by execution aspects. 

37 ms. Memory: 129024K Free: 76672K (59%)
----------------- Invoking toplevel() on ptolemy.moml.MoMLSimpleApplication@5e5f0a73
----------------- Done invoking toplevel() on ptolemy.moml.MoMLSimpleApplication@5e5f0a73
reloadAllAccessors: .CatchUpComposite7

===========================================================================================
----------------- testing Mon Feb 03 19:23:59 UTC 2020 /home/travis/build/icyphy/ptII/ptolemy/actor/lib/hoc/test/auto/ConcurrentExecutionTimeSDF.xml
----------------- Instantiating /home/travis/build/icyphy/ptII/ptolemy/actor/lib/hoc/test/auto/ConcurrentExecutionTimeSDF.xml
Fired ExecutionTime: 40400000
Fired ExecutionTime: 40400000
Fired ExecutionTime: 40400000
Fired ExecutionTime: 40400000
Fired ExecutionTime: 40400000
Fired ExecutionTime: 40400000
Fired ExecutionTime: 40400000
Fired ExecutionTime: 40400000
Fired ExecutionTime: 40400000
Fired ExecutionTime: 40400000
Fired ExecutionTime: 40400000
Fired ExecutionTime: 40400000
Fired ExecutionTime: 40400000
Fired ExecutionTime: 40400000
Fired ExecutionTime: 40400000
Fired ExecutionTime: 40400000
Fired ExecutionTime: 40400000
Fired ExecutionTime: 40400000
Fired ExecutionTime: 40400000
Fired ExecutionTime: 40400000
1520 ms. Memory: 129024K Free: 70161K (54%)
----------------- Invoking toplevel() on ptolemy.moml.MoMLSimpleApplication@1d26cd23
----------------- Done invoking toplevel() on ptolemy.moml.MoMLSimpleApplication@1d26cd23
reloadAllAccessors: .ConcurrentExecutionTimeSDF

===========================================================================================
----------------- testing Mon Feb 03 19:24:00 UTC 2020 /home/travis/build/icyphy/ptII/ptolemy/actor/lib/hoc/test/auto/ConcurrentSleep.xml
----------------- Instantiating /home/travis/build/icyphy/ptII/ptolemy/actor/lib/hoc/test/auto/ConcurrentSleep.xml
728 ms. Memory: 129024K Free: 59921K (46%)
----------------- Invoking toplevel() on ptolemy.moml.MoMLSimpleApplication@395b30db
----------------- Done invoking toplevel() on ptolemy.moml.MoMLSimpleApplication@395b30db
reloadAllAccessors: .ConcurrentSleep

===========================================================================================
----------------- testing Mon Feb 03 19:24:01 UTC 2020 /home/travis/build/icyphy/ptII/ptolemy/actor/lib/hoc/test/auto/DEInPNInRunCompositeActor.xml
----------------- Instantiating /home/travis/build/icyphy/ptII/ptolemy/actor/lib/hoc/test/auto/DEInPNInRunCompositeActor.xml
15 ms. Memory: 129024K Free: 54471K (42%)
----------------- Invoking toplevel() on ptolemy.moml.MoMLSimpleApplication@40fc7696
----------------- Done invoking toplevel() on ptolemy.moml.MoMLSimpleApplication@40fc7696
reloadAllAccessors: .DEInPNInRunCompositeActor

===========================================================================================
----------------- testing Mon Feb 03 19:24:01 UTC 2020 /home/travis/build/icyphy/ptII/ptolemy/actor/lib/hoc/test/auto/DFTSubSetTest.xml
----------------- Instantiating /home/travis/build/icyphy/ptII/ptolemy/actor/lib/hoc/test/auto/DFTSubSetTest.xml
161 ms. Memory: 129024K Free: 77437K (60%)
----------------- Invoking toplevel() on ptolemy.moml.MoMLSimpleApplication@72d9b8b2
----------------- Done invoking toplevel() on ptolemy.moml.MoMLSimpleApplication@72d9b8b2
reloadAllAccessors: .DFTSubSetTest

===========================================================================================
----------------- testing Mon Feb 03 19:24:01 UTC 2020 /home/travis/build/icyphy/ptII/ptolemy/actor/lib/hoc/test/auto/HocDE.xml
----------------- Instantiating /home/travis/build/icyphy/ptII/ptolemy/actor/lib/hoc/test/auto/HocDE.xml
118 ms. Memory: 129024K Free: 52303K (41%)
----------------- Invoking toplevel() on ptolemy.moml.MoMLSimpleApplication@1d34a0de
----------------- Done invoking toplevel() on ptolemy.moml.MoMLSimpleApplication@1d34a0de
reloadAllAccessors: .HocDE

===========================================================================================
----------------- testing Mon Feb 03 19:24:02 UTC 2020 /home/travis/build/icyphy/ptII/ptolemy/actor/lib/hoc/test/auto/IterateOverArray.xml
----------------- Instantiating /home/travis/build/icyphy/ptII/ptolemy/actor/lib/hoc/test/auto/IterateOverArray.xml
5 ms. Memory: 129024K Free: 47741K (37%)
----------------- Invoking toplevel() on ptolemy.moml.MoMLSimpleApplication@6c885c54
----------------- Done invoking toplevel() on ptolemy.moml.MoMLSimpleApplication@6c885c54
reloadAllAccessors: .IterateOverArray

===========================================================================================
----------------- testing Mon Feb 03 19:24:02 UTC 2020 /home/travis/build/icyphy/ptII/ptolemy/actor/lib/hoc/test/auto/IterateOverArray10.xml
----------------- Instantiating /home/travis/build/icyphy/ptII/ptolemy/actor/lib/hoc/test/auto/IterateOverArray10.xml
3 ms. Memory: 129024K Free: 44669K (35%)
----------------- Invoking toplevel() on ptolemy.moml.MoMLSimpleApplication@118b31f2
----------------- Done invoking toplevel() on ptolemy.moml.MoMLSimpleApplication@118b31f2
reloadAllAccessors: .IterateOverArray10

===========================================================================================
----------------- testing Mon Feb 03 19:24:02 UTC 2020 /home/travis/build/icyphy/ptII/ptolemy/actor/lib/hoc/test/auto/IterateOverArray11.xml
----------------- Instantiating /home/travis/build/icyphy/ptII/ptolemy/actor/lib/hoc/test/auto/IterateOverArray11.xml
5 ms. Memory: 160768K Free: 142179K (88%)
----------------- Invoking toplevel() on ptolemy.moml.MoMLSimpleApplication@5537122c
----------------- Done invoking toplevel() on ptolemy.moml.MoMLSimpleApplication@5537122c
reloadAllAccessors: .IterateOverArray11

===========================================================================================
----------------- testing Mon Feb 03 19:24:02 UTC 2020 /home/travis/build/icyphy/ptII/ptolemy/actor/lib/hoc/test/auto/IterateOverArray12.xml
----------------- Instantiating /home/travis/build/icyphy/ptII/ptolemy/actor/lib/hoc/test/auto/IterateOverArray12.xml
17 ms. Memory: 160768K Free: 136049K (85%)
----------------- Invoking toplevel() on ptolemy.moml.MoMLSimpleApplication@6c3b85f7
----------------- Done invoking toplevel() on ptolemy.moml.MoMLSimpleApplication@6c3b85f7
reloadAllAccessors: .IterateOverArray12

===========================================================================================
----------------- testing Mon Feb 03 19:24:02 UTC 2020 /home/travis/build/icyphy/ptII/ptolemy/actor/lib/hoc/test/auto/IterateOverArray13.xml
----------------- Instantiating /home/travis/build/icyphy/ptII/ptolemy/actor/lib/hoc/test/auto/IterateOverArray13.xml
77 ms. Memory: 160768K Free: 106867K (66%)
----------------- Invoking toplevel() on ptolemy.moml.MoMLSimpleApplication@3f7fd19b
----------------- Done invoking toplevel() on ptolemy.moml.MoMLSimpleApplication@3f7fd19b
reloadAllAccessors: .IterateOverArray13

===========================================================================================
----------------- testing Mon Feb 03 19:24:02 UTC 2020 /home/travis/build/icyphy/ptII/ptolemy/actor/lib/hoc/test/auto/IterateOverArray14.xml
----------------- Instantiating /home/travis/build/icyphy/ptII/ptolemy/actor/lib/hoc/test/auto/IterateOverArray14.xml
70 ms. Memory: 160768K Free: 74609K (46%)
----------------- Invoking toplevel() on ptolemy.moml.MoMLSimpleApplication@4a20234c
----------------- Done invoking toplevel() on ptolemy.moml.MoMLSimpleApplication@4a20234c
reloadAllAccessors: .IterateOverArray14

===========================================================================================
----------------- testing Mon Feb 03 19:24:02 UTC 2020 /home/travis/build/icyphy/ptII/ptolemy/actor/lib/hoc/test/auto/IterateOverArray2.xml
----------------- Instantiating /home/travis/build/icyphy/ptII/ptolemy/actor/lib/hoc/test/auto/IterateOverArray2.xml
7 ms. Memory: 160768K Free: 70003K (44%)
----------------- Invoking toplevel() on ptolemy.moml.MoMLSimpleApplication@5111ce67
----------------- Done invoking toplevel() on ptolemy.moml.MoMLSimpleApplication@5111ce67
reloadAllAccessors: .IterateOverArray2

===========================================================================================
----------------- testing Mon Feb 03 19:24:02 UTC 2020 /home/travis/build/icyphy/ptII/ptolemy/actor/lib/hoc/test/auto/IterateOverArray3.xml
----------------- Instantiating /home/travis/build/icyphy/ptII/ptolemy/actor/lib/hoc/test/auto/IterateOverArray3.xml
8 ms. Memory: 160768K Free: 63859K (40%)
----------------- Invoking toplevel() on ptolemy.moml.MoMLSimpleApplication@1d0ad61
----------------- Done invoking toplevel() on ptolemy.moml.MoMLSimpleApplication@1d0ad61
reloadAllAccessors: .IterateOverArray3

===========================================================================================
----------------- testing Mon Feb 03 19:24:02 UTC 2020 /home/travis/build/icyphy/ptII/ptolemy/actor/lib/hoc/test/auto/IterateOverArray4.xml
----------------- Instantiating /home/travis/build/icyphy/ptII/ptolemy/actor/lib/hoc/test/auto/IterateOverArray4.xml
4 ms. Memory: 160768K Free: 142427K (89%)
----------------- Invoking toplevel() on ptolemy.moml.MoMLSimpleApplication@ed3d3ca
----------------- Done invoking toplevel() on ptolemy.moml.MoMLSimpleApplication@ed3d3ca
reloadAllAccessors: .IterateOverArray4

===========================================================================================
----------------- testing Mon Feb 03 19:24:02 UTC 2020 /home/travis/build/icyphy/ptII/ptolemy/actor/lib/hoc/test/auto/IterateOverArray5.xml
----------------- Instantiating /home/travis/build/icyphy/ptII/ptolemy/actor/lib/hoc/test/auto/IterateOverArray5.xml
3 ms. Memory: 160768K Free: 138331K (86%)
----------------- Invoking toplevel() on ptolemy.moml.MoMLSimpleApplication@455c0193
----------------- Done invoking toplevel() on ptolemy.moml.MoMLSimpleApplication@455c0193
reloadAllAccessors: .IterateOverArray5

===========================================================================================
----------------- testing Mon Feb 03 19:24:02 UTC 2020 /home/travis/build/icyphy/ptII/ptolemy/actor/lib/hoc/test/auto/IterateOverArray6.xml
----------------- Instantiating /home/travis/build/icyphy/ptII/ptolemy/actor/lib/hoc/test/auto/IterateOverArray6.xml
2 ms. Memory: 160768K Free: 134745K (84%)
----------------- Invoking toplevel() on ptolemy.moml.MoMLSimpleApplication@43ec69c9
----------------- Done invoking toplevel() on ptolemy.moml.MoMLSimpleApplication@43ec69c9
reloadAllAccessors: .IterateOverArray6

===========================================================================================
----------------- testing Mon Feb 03 19:24:02 UTC 2020 /home/travis/build/icyphy/ptII/ptolemy/actor/lib/hoc/test/auto/IterateOverArray7.xml
----------------- Instantiating /home/travis/build/icyphy/ptII/ptolemy/actor/lib/hoc/test/auto/IterateOverArray7.xml
4 ms. Memory: 160768K Free: 130139K (81%)
----------------- Invoking toplevel() on ptolemy.moml.MoMLSimpleApplication@3e842583
----------------- Done invoking toplevel() on ptolemy.moml.MoMLSimpleApplication@3e842583
reloadAllAccessors: .IterateOverArray7

===========================================================================================
----------------- testing Mon Feb 03 19:24:02 UTC 2020 /home/travis/build/icyphy/ptII/ptolemy/actor/lib/hoc/test/auto/IterateOverArray8.xml
----------------- Instantiating /home/travis/build/icyphy/ptII/ptolemy/actor/lib/hoc/test/auto/IterateOverArray8.xml
4 ms. Memory: 160768K Free: 126043K (78%)
----------------- Invoking toplevel() on ptolemy.moml.MoMLSimpleApplication@33192a93
----------------- Done invoking toplevel() on ptolemy.moml.MoMLSimpleApplication@33192a93
reloadAllAccessors: .IterateOverArray8

===========================================================================================
----------------- testing Mon Feb 03 19:24:02 UTC 2020 /home/travis/build/icyphy/ptII/ptolemy/actor/lib/hoc/test/auto/IterateOverArray9.xml
----------------- Instantiating /home/travis/build/icyphy/ptII/ptolemy/actor/lib/hoc/test/auto/IterateOverArray9.xml
3 ms. Memory: 160768K Free: 121947K (76%)
----------------- Invoking toplevel() on ptolemy.moml.MoMLSimpleApplication@3930271d
----------------- Done invoking toplevel() on ptolemy.moml.MoMLSimpleApplication@3930271d
reloadAllAccessors: .IterateOverArray9

===========================================================================================
----------------- testing Mon Feb 03 19:24:02 UTC 2020 /home/travis/build/icyphy/ptII/ptolemy/actor/lib/hoc/test/auto/IterateOverArrayCoercedOutputType.xml
----------------- Instantiating /home/travis/build/icyphy/ptII/ptolemy/actor/lib/hoc/test/auto/IterateOverArrayCoercedOutputType.xml
9 ms. Memory: 160768K Free: 116827K (73%)
----------------- Invoking toplevel() on ptolemy.moml.MoMLSimpleApplication@320ae5f3
----------------- Done invoking toplevel() on ptolemy.moml.MoMLSimpleApplication@320ae5f3
reloadAllAccessors: .IterateOverArrayCoercedOutputType

===========================================================================================
----------------- testing Mon Feb 03 19:24:02 UTC 2020 /home/travis/build/icyphy/ptII/ptolemy/actor/lib/hoc/test/auto/IterateOverArrayInferredOutputType.xml
----------------- Instantiating /home/travis/build/icyphy/ptII/ptolemy/actor/lib/hoc/test/auto/IterateOverArrayInferredOutputType.xml
11 ms. Memory: 160768K Free: 112217K (70%)
----------------- Invoking toplevel() on ptolemy.moml.MoMLSimpleApplication@3aee7b26
----------------- Done invoking toplevel() on ptolemy.moml.MoMLSimpleApplication@3aee7b26
reloadAllAccessors: .IterateOverArrayInferredOutputType

===========================================================================================
----------------- testing Mon Feb 03 19:24:02 UTC 2020 /home/travis/build/icyphy/ptII/ptolemy/actor/lib/hoc/test/auto/MobileFunctionTest.xml
----------------- Instantiating /home/travis/build/icyphy/ptII/ptolemy/actor/lib/hoc/test/auto/MobileFunctionTest.xml
4 ms. Memory: 160768K Free: 108091K (67%)
----------------- Invoking toplevel() on ptolemy.moml.MoMLSimpleApplication@456d8aab
----------------- Done invoking toplevel() on ptolemy.moml.MoMLSimpleApplication@456d8aab
reloadAllAccessors: .MobileFunctionTest

===========================================================================================
----------------- testing Mon Feb 03 19:24:02 UTC 2020 /home/travis/build/icyphy/ptII/ptolemy/actor/lib/hoc/test/auto/MobileModelTest.xml
----------------- Instantiating /home/travis/build/icyphy/ptII/ptolemy/actor/lib/hoc/test/auto/MobileModelTest.xml
138 ms. Memory: 160768K Free: 87131K (54%)
----------------- Invoking toplevel() on ptolemy.moml.MoMLSimpleApplication@25f1f9d2
----------------- Done invoking toplevel() on ptolemy.moml.MoMLSimpleApplication@25f1f9d2
reloadAllAccessors: .MobileModelTest

===========================================================================================
----------------- testing Mon Feb 03 19:24:03 UTC 2020 /home/travis/build/icyphy/ptII/ptolemy/actor/lib/hoc/test/auto/ModelReference.xml
----------------- Instantiating /home/travis/build/icyphy/ptII/ptolemy/actor/lib/hoc/test/auto/ModelReference.xml
3 ms. Memory: 160768K Free: 80473K (50%)
2 ms. Memory: 160768K Free: 79963K (50%)
2 ms. Memory: 160768K Free: 78939K (49%)
5 ms. Memory: 160768K Free: 77915K (48%)
2 ms. Memory: 160768K Free: 77387K (48%)
4 ms. Memory: 160768K Free: 76377K (48%)
1 ms. Memory: 160768K Free: 75867K (47%)
1 ms. Memory: 160768K Free: 74843K (47%)
2 ms. Memory: 160768K Free: 73819K (46%)
1 ms. Memory: 160768K Free: 73291K (46%)
32 ms. Memory: 160768K Free: 73291K (46%)
----------------- Invoking toplevel() on ptolemy.moml.MoMLSimpleApplication@4d819e47
----------------- Done invoking toplevel() on ptolemy.moml.MoMLSimpleApplication@4d819e47
reloadAllAccessors: .ModelReference

===========================================================================================
----------------- testing Mon Feb 03 19:24:03 UTC 2020 /home/travis/build/icyphy/ptII/ptolemy/actor/lib/hoc/test/auto/ModelReference3.xml
----------------- Instantiating /home/travis/build/icyphy/ptII/ptolemy/actor/lib/hoc/test/auto/ModelReference3.xml
2 ms. Memory: 160768K Free: 68171K (42%)
4 ms. Memory: 160768K Free: 67675K (42%)
2 ms. Memory: 160768K Free: 66651K (41%)
4 ms. Memory: 160768K Free: 66131K (41%)
2 ms. Memory: 160768K Free: 65083K (40%)
2 ms. Memory: 160768K Free: 64059K (40%)
2 ms. Memory: 160768K Free: 63579K (40%)
2 ms. Memory: 160768K Free: 62555K (39%)
2 ms. Memory: 160768K Free: 62011K (39%)
3 ms. Memory: 160768K Free: 61003K (38%)
31 ms. Memory: 160768K Free: 61003K (38%)
----------------- Invoking toplevel() on ptolemy.moml.MoMLSimpleApplication@417592a
----------------- Done invoking toplevel() on ptolemy.moml.MoMLSimpleApplication@417592a
reloadAllAccessors: .ModelReference3

===========================================================================================
----------------- testing Mon Feb 03 19:24:03 UTC 2020 /home/travis/build/icyphy/ptII/ptolemy/actor/lib/hoc/test/auto/ModelReference4.xml
----------------- Instantiating /home/travis/build/icyphy/ptII/ptolemy/actor/lib/hoc/test/auto/ModelReference4.xml
2 ms. Memory: 160768K Free: 56411K (35%)
3 ms. Memory: 160768K Free: 54867K (34%)
2 ms. Memory: 160768K Free: 53835K (33%)
2 ms. Memory: 160768K Free: 144463K (90%)
3 ms. Memory: 160768K Free: 143519K (89%)
2 ms. Memory: 160768K Free: 142415K (89%)
2 ms. Memory: 160768K Free: 141471K (88%)
2 ms. Memory: 160768K Free: 140367K (87%)
2 ms. Memory: 160768K Free: 139385K (87%)
5 ms. Memory: 160768K Free: 138319K (86%)
10022 ms. Memory: 160768K Free: 138319K (86%)
----------------- Invoking toplevel() on ptolemy.moml.MoMLSimpleApplication@51b94d66
----------------- Done invoking toplevel() on ptolemy.moml.MoMLSimpleApplication@51b94d66
reloadAllAccessors: .ModelReference4

===========================================================================================
----------------- testing Mon Feb 03 19:24:13 UTC 2020 /home/travis/build/icyphy/ptII/ptolemy/actor/lib/hoc/test/auto/MultiInstanceComposite.xml
----------------- Instantiating /home/travis/build/icyphy/ptII/ptolemy/actor/lib/hoc/test/auto/MultiInstanceComposite.xml
25 ms. Memory: 160768K Free: 118913K (74%)
----------------- Invoking toplevel() on ptolemy.moml.MoMLSimpleApplication@7d771b4f
----------------- Done invoking toplevel() on ptolemy.moml.MoMLSimpleApplication@7d771b4f
reloadAllAccessors: .MultiInstanceComposite

===========================================================================================
----------------- testing Mon Feb 03 19:24:13 UTC 2020 /home/travis/build/icyphy/ptII/ptolemy/actor/lib/hoc/test/auto/MultiInstanceComposite2.xml
----------------- Instantiating /home/travis/build/icyphy/ptII/ptolemy/actor/lib/hoc/test/auto/MultiInstanceComposite2.xml
15 ms. Memory: 160768K Free: 107679K (67%)
----------------- Invoking toplevel() on ptolemy.moml.MoMLSimpleApplication@15f44cff
----------------- Done invoking toplevel() on ptolemy.moml.MoMLSimpleApplication@15f44cff
reloadAllAccessors: .MultiInstanceComposite2

===========================================================================================
----------------- testing Mon Feb 03 19:24:13 UTC 2020 /home/travis/build/icyphy/ptII/ptolemy/actor/lib/hoc/test/auto/MulticoreExecution.xml
----------------- Instantiating /home/travis/build/icyphy/ptII/ptolemy/actor/lib/hoc/test/auto/MulticoreExecution.xml
Fired ExecutionTime: 4000000
Fired ExecutionTime: 2800000
Fired ExecutionTime: 92400000
Fired ExecutionTime: 96000000
Fired ExecutionTime: 113200000
Fired ExecutionTime: 111600000
Fired ExecutionTime: 112800000
Fired ExecutionTime: 111600000
Fired ExecutionTime: 109200000
Fired ExecutionTime: 109200000
Fired ExecutionTime: 108400000
Fired ExecutionTime: 109200000
Fired ExecutionTime: 109600000
Fired ExecutionTime: 102400000
Fired ExecutionTime: 109200000
Fired ExecutionTime: 110400000
Fired ExecutionTime: 108000000
Fired ExecutionTime: 110000000
Fired ExecutionTime: 107600000
Fired ExecutionTime: 112000000
1056 ms. Memory: 160768K Free: 98421K (61%)
----------------- Invoking toplevel() on ptolemy.moml.MoMLSimpleApplication@39c7d726
----------------- Done invoking toplevel() on ptolemy.moml.MoMLSimpleApplication@39c7d726
reloadAllAccessors: .MulticoreExecution

===========================================================================================
----------------- testing Mon Feb 03 19:24:14 UTC 2020 /home/travis/build/icyphy/ptII/ptolemy/actor/lib/hoc/test/auto/ParallelExecution.xml
----------------- Instantiating /home/travis/build/icyphy/ptII/ptolemy/actor/lib/hoc/test/auto/ParallelExecution.xml
915 ms. Memory: 160768K Free: 91215K (57%)
----------------- Invoking toplevel() on ptolemy.moml.MoMLSimpleApplication@57ea1850
----------------- Done invoking toplevel() on ptolemy.moml.MoMLSimpleApplication@57ea1850
reloadAllAccessors: .ParallelExecution

===========================================================================================
----------------- testing Mon Feb 03 19:24:15 UTC 2020 /home/travis/build/icyphy/ptII/ptolemy/actor/lib/hoc/test/auto/RunCompositeActor.xml
----------------- Instantiating /home/travis/build/icyphy/ptII/ptolemy/actor/lib/hoc/test/auto/RunCompositeActor.xml
7 ms. Memory: 160768K Free: 84105K (52%)
----------------- Invoking toplevel() on ptolemy.moml.MoMLSimpleApplication@77adec13
----------------- Done invoking toplevel() on ptolemy.moml.MoMLSimpleApplication@77adec13
reloadAllAccessors: .RunCompositeActor

===========================================================================================
----------------- testing Mon Feb 03 19:24:15 UTC 2020 /home/travis/build/icyphy/ptII/ptolemy/actor/lib/hoc/test/auto/RunCompositeActor2.xml
----------------- Instantiating /home/travis/build/icyphy/ptII/ptolemy/actor/lib/hoc/test/auto/RunCompositeActor2.xml
4 ms. Memory: 160768K Free: 77929K (48%)
----------------- Invoking toplevel() on ptolemy.moml.MoMLSimpleApplication@b38cc17
----------------- Done invoking toplevel() on ptolemy.moml.MoMLSimpleApplication@b38cc17
reloadAllAccessors: .RunCompositeActor2

===========================================================================================
----------------- testing Mon Feb 03 19:24:15 UTC 2020 /home/travis/build/icyphy/ptII/ptolemy/actor/lib/hoc/test/auto/RunCompositeActor3.xml
----------------- Instantiating /home/travis/build/icyphy/ptII/ptolemy/actor/lib/hoc/test/auto/RunCompositeActor3.xml
3 ms. Memory: 160768K Free: 72310K (45%)
----------------- Invoking toplevel() on ptolemy.moml.MoMLSimpleApplication@814e958
----------------- Done invoking toplevel() on ptolemy.moml.MoMLSimpleApplication@814e958
reloadAllAccessors: .RunCompositeActor3

===========================================================================================
----------------- testing Mon Feb 03 19:24:15 UTC 2020 /home/travis/build/icyphy/ptII/ptolemy/actor/lib/hoc/test/auto/RunCompositeActor4.xml
----------------- Instantiating /home/travis/build/icyphy/ptII/ptolemy/actor/lib/hoc/test/auto/RunCompositeActor4.xml
11 ms. Memory: 160768K Free: 64088K (40%)
----------------- Invoking toplevel() on ptolemy.moml.MoMLSimpleApplication@ef109c7
----------------- Done invoking toplevel() on ptolemy.moml.MoMLSimpleApplication@ef109c7
reloadAllAccessors: .RunCompositeActor4

===========================================================================================
----------------- testing Mon Feb 03 19:24:15 UTC 2020 /home/travis/build/icyphy/ptII/ptolemy/actor/lib/hoc/test/auto/RunCompositeIterateOverArray.xml
----------------- Instantiating /home/travis/build/icyphy/ptII/ptolemy/actor/lib/hoc/test/auto/RunCompositeIterateOverArray.xml
8 ms. Memory: 160768K Free: 58457K (36%)
----------------- Invoking toplevel() on ptolemy.moml.MoMLSimpleApplication@6ecd22c1
----------------- Done invoking toplevel() on ptolemy.moml.MoMLSimpleApplication@6ecd22c1
reloadAllAccessors: .RunCompositeIterateOverArray

===========================================================================================
----------------- testing Mon Feb 03 19:24:15 UTC 2020 /home/travis/build/icyphy/ptII/ptolemy/actor/lib/hoc/test/auto/ThreadedJS.xml
----------------- Instantiating /home/travis/build/icyphy/ptII/ptolemy/actor/lib/hoc/test/auto/ThreadedJS.xml
5118 ms. Memory: 234496K Free: 118985K (51%)
----------------- Invoking toplevel() on ptolemy.moml.MoMLSimpleApplication@36a9fb58
----------------- Done invoking toplevel() on ptolemy.moml.MoMLSimpleApplication@36a9fb58
reloadAllAccessors: .ThreadedJS
AutoTests.java: About to close Vertx.
AutoTests.java: Vertx closed.
]]></system-out>
  <system-err><![CDATA[java.lang.RuntimeException: Execution failed
	at ptolemy.moml.MoMLSimpleApplication$UnloadThread.run(MoMLSimpleApplication.java:402)
Caused by: ptolemy.kernel.util.IllegalActionException: initialize() was called after wrapup() was called but preinitialize() was not called after wrapup().
	at ptolemy.actor.lib.hoc.test.PreinitializeMustBeInvoked.initialize(PreinitializeMustBeInvoked.java:78)
	at ptolemy.actor.Director.initialize(Director.java:938)
	at ptolemy.actor.Director.initialize(Director.java:907)
	at ptolemy.actor.sched.StaticSchedulingDirector.initialize(StaticSchedulingDirector.java:159)
	at ptolemy.domains.sdf.kernel.SDFDirector.initialize(SDFDirector.java:544)
	at ptolemy.actor.CompositeActor.initialize(CompositeActor.java:935)
	at ptolemy.actor.lib.hoc.LifeCycleManager._executeInsideModel(LifeCycleManager.java:339)
	at ptolemy.actor.lib.hoc.RunCompositeActor.fire(RunCompositeActor.java:205)
	at ptolemy.actor.CompositeActor.iterate(CompositeActor.java:1146)
	at ptolemy.actor.sched.StaticSchedulingDirector.fire(StaticSchedulingDirector.java:216)
	at ptolemy.domains.sdf.kernel.SDFDirector.fire(SDFDirector.java:500)
	at ptolemy.actor.CompositeActor.fire(CompositeActor.java:455)
	at ptolemy.actor.Manager.iterate(Manager.java:851)
	at ptolemy.actor.Manager.execute(Manager.java:369)
	at ptolemy.actor.Manager.run(Manager.java:1263)
	at ptolemy.actor.Manager$PtolemyRunThread.run(Manager.java:1933)
java.lang.reflect.InvocationTargetException
	at java.base/jdk.internal.reflect.NativeConstructorAccessorImpl.newInstance0(Native Method)
	at java.base/jdk.internal.reflect.NativeConstructorAccessorImpl.newInstance(NativeConstructorAccessorImpl.java:62)
	at java.base/jdk.internal.reflect.DelegatingConstructorAccessorImpl.newInstance(DelegatingConstructorAccessorImpl.java:45)
	at java.base/java.lang.reflect.Constructor.newInstance(Constructor.java:490)
	at ptolemy.util.test.junit.AutoKnownFailedTests.RunModel(AutoKnownFailedTests.java:105)
	at java.base/jdk.internal.reflect.NativeMethodAccessorImpl.invoke0(Native Method)
	at java.base/jdk.internal.reflect.NativeMethodAccessorImpl.invoke(NativeMethodAccessorImpl.java:62)
	at java.base/jdk.internal.reflect.DelegatingMethodAccessorImpl.invoke(DelegatingMethodAccessorImpl.java:43)
	at java.base/java.lang.reflect.Method.invoke(Method.java:566)
	at org.junit.runners.model.FrameworkMethod$1.runReflectiveCall(FrameworkMethod.java:44)
	at org.junit.internal.runners.model.ReflectiveCallable.run(ReflectiveCallable.java:15)
	at org.junit.runners.model.FrameworkMethod.invokeExplosively(FrameworkMethod.java:41)
	at junitparams.internal.InvokeParameterisedMethod.evaluate(InvokeParameterisedMethod.java:102)
	at org.junit.internal.runners.statements.FailOnTimeout$1.run(FailOnTimeout.java:28)
Caused by: ptolemy.kernel.util.IllegalActionException: initialize() was called after wrapup() was called but preinitialize() was not called after wrapup().
	at ptolemy.actor.lib.hoc.test.PreinitializeMustBeInvoked.initialize(PreinitializeMustBeInvoked.java:78)
	at ptolemy.actor.Director.initialize(Director.java:938)
	at ptolemy.actor.Director.initialize(Director.java:907)
	at ptolemy.actor.sched.StaticSchedulingDirector.initialize(StaticSchedulingDirector.java:159)
	at ptolemy.domains.sdf.kernel.SDFDirector.initialize(SDFDirector.java:544)
	at ptolemy.actor.CompositeActor.initialize(CompositeActor.java:935)
	at ptolemy.actor.lib.hoc.LifeCycleManager._executeInsideModel(LifeCycleManager.java:339)
	at ptolemy.actor.lib.hoc.RunCompositeActor.fire(RunCompositeActor.java:205)
	at ptolemy.actor.CompositeActor.iterate(CompositeActor.java:1146)
	at ptolemy.actor.sched.StaticSchedulingDirector.fire(StaticSchedulingDirector.java:216)
	at ptolemy.domains.sdf.kernel.SDFDirector.fire(SDFDirector.java:500)
	at ptolemy.actor.CompositeActor.fire(CompositeActor.java:455)
	at ptolemy.actor.Manager.iterate(Manager.java:851)
	at ptolemy.actor.Manager.execute(Manager.java:369)
	at ptolemy.actor.Manager.run(Manager.java:1263)
	at ptolemy.actor.Manager$PtolemyRunThread.run(Manager.java:1933)
Warning: Nashorn engine is planned to be removed from a future JDK release
Warning: Nashorn engine is planned to be removed from a future JDK release
Warning: Nashorn engine is planned to be removed from a future JDK release
Warning: Nashorn engine is planned to be removed from a future JDK release
Warning: Nashorn engine is planned to be removed from a future JDK release
Warning: Nashorn engine is planned to be removed from a future JDK release
Warning: Nashorn engine is planned to be removed from a future JDK release
Warning: Nashorn engine is planned to be removed from a future JDK release
]]></system-err>
</testsuite>
